C51 COMPILER V9.02   LED                                                                   01/26/2022 14:52:02 PAGE 1   


C51 COMPILER V9.02, COMPILATION OF MODULE LED
OBJECT MODULE PLACED IN LED.OBJ
COMPILER INVOKED BY: C:\Keil\C51\BIN\C51.EXE LED.C BROWSE DEBUG OBJECTEXTEND

line level    source

   1          #include <reg52.h>                                                                              
   2          
   3          
   4          sbit LED = P0 ^ 0;
   5          sbit ADDR0 = P1 ^ 0;
   6          sbit ADDR1 = P1 ^ 1;
   7          sbit ADDR2 = P1 ^ 2;
   8          sbit ADDR3 = P1 ^ 3;
   9          sbit ENLED = P1 ^ 4;
  10          
  11          void main()
  12          {
  13   1              ENLED = 0;
  14   1              ADDR3 = 1;
  15   1              ADDR2 = 1;
  16   1              ADDR1 = 1;
  17   1              ADDR0 = 0;
  18   1      
  19   1              LED = 0;
  20   1              while(1);
  21   1      }                                                                                                                                         


MODULE INFORMATION:   STATIC OVERLAYABLE
   CODE SIZE        =     14    ----
   CONSTANT SIZE    =   ----    ----
   XDATA SIZE       =   ----    ----
   PDATA SIZE       =   ----    ----
   DATA SIZE        =   ----    ----
   IDATA SIZE       =   ----    ----
   BIT SIZE         =   ----    ----
END OF MODULE INFORMATION.


C51 COMPILATION COMPLETE.  0 WARNING(S),  0 ERROR(S)
