授業が終り、休み時間に入る。%K%P
授業が終り、休み時間に入る。%K%P
綾香さんと、お喋りに花を咲かせる――僕もすっかり馴染んでしまってるなぁ。%K%P
綾香さんと、お喋りに花を咲かせる――僕もすっかり馴染んでしまってるなぁ。%K%P
世間話から始まり、話題は昨晩のＴＶドラマへと移り、やがて深皇祭の事へとテーマが変る。%K%P
世間話から始まり、話題は昨晩のＴＶドラマへと移り、やがて深皇祭の事へとテーマが変る。%K%P
「なるほど……それじゃ三人の{騎士:ワルキュリア}の中から一人、リーダーを選ばないといけないんだ。やっぱり上級生の方がいいのかな？」%K%P
「なるほど……それじゃ三人の{騎士:ワルキュリア}の中から一人、リーダーを選ばないといけないんだ。やっぱり上級生の方がいいのかな？」%K%P
「特にそういった決まりはないわね。けれど、大体二年生が担うことが多いかしら」%K%P
「特にそういった決まりはないわね。けれど、大体二年生が担うことが多いかしら」%K%P
深皇祭について、一通りの説明は受けているものの、覚えることは幾らでもある。%K%P
深皇祭について、一通りの説明は受けているものの、覚えることは幾らでもある。%K%P
僕は、こういった細切れの時間にも教わるようにしていた。%K%P
僕は、こういった細切れの時間にも教わるようにしていた。%K%P
「あぅ…………」%K%P
「あぅ…………」%K%P
んん？　なんか、視線を感じるような……気のせいかな。%K%P
んん？　なんか、視線を感じるような……気のせいかな。%K%P
「能力や人徳があれば、一年生でも良いと思うの。以前そんな事例もあったし」%K%P
「能力や人徳があれば、一年生でも良いと思うの。以前そんな事例もあったし」%K%P
「あ、そうなの……うーん、{歌姫:ディーバ}が選ぶのか。これはしっかり考えないと」%K%P
「あ、そうなの……うーん、{歌姫:ディーバ}が選ぶのか。これはしっかり考えないと」%K%P
「人選が勝敗に影響を及ぼすかもしれないし……うーん、プレッシャー感じちゃうなぁ」%K%P
「人選が勝敗に影響を及ぼすかもしれないし……うーん、プレッシャー感じちゃうなぁ」%K%P
「そうよ、{歌姫:ディーバ}の責任は重大なんだから」%K%P
「そうよ、{歌姫:ディーバ}の責任は重大なんだから」%K%P
うう、笑顔でそんなに脅かさないで欲しいなぁ。%K%P
うう、笑顔でそんなに脅かさないで欲しいなぁ。%K%P
「でもきっと大丈夫。ここに来るまで乗り越えてこられたじゃない、{色々なこと:・・・・・}をね」%K%P
「でもきっと大丈夫。ここに来るまで乗り越えてこられたじゃない、{色々なこと:・・・・・}をね」%K%P
「あ、うん、そうだよね……ありがとう、綾香さん」%K%P
「あ、うん、そうだよね……ありがとう、綾香さん」%K%P
綾香さんが僕の手を握る。その暖かさが、僕の気負いを解してくれる。%K%P
綾香さんが僕の手を握る。その暖かさが、僕の気負いを解してくれる。%K%P
その責の重大さを教えてくれつつも、フォローまで欠かさない。さすが綾香さんだな。%K%P
その責の重大さを教えてくれつつも、フォローまで欠かさない。さすが綾香さんだな。%K%P
「……あっ……うぅ……」%K%P
「……あっ……うぅ……」%K%P
「……んん？　やっぱり気のせいじゃない」%K%P
「……んん？　やっぱり気のせいじゃない」%K%P
「キョロキョロしてどうしたの、いずみさん」%K%P
「キョロキョロしてどうしたの、いずみさん」%K%P
「いえ、誰かに見られているような気がして……って、ことりちゃん？　どうしたの、そんなところで」%K%P
「いえ、誰かに見られているような気がして……って、ことりちゃん？　どうしたの、そんなところで」%K%P
廊下の曲がり角に、ことりちゃんが立っている。そうか、彼女が見てたんだ。%K%P
廊下の曲がり角に、ことりちゃんが立っている。そうか、彼女が見てたんだ。%K%P
「ぐ、偶然通りかかっただけです、なんでも無いんです」%K%P
「ぐ、偶然通りかかっただけです、なんでも無いんです」%K%P
「そうじゃないでしょ、わざわざ来たんでしょ。もー、ことりんったら意地張って～」%K%P
「そうじゃないでしょ、わざわざ来たんでしょ。もー、ことりんったら意地張って～」%K%P
「あのですね、ことりんは、いずみ様が綾香様と仲良くしてるから、妬いちゃってるんです」%K%P
「あのですね、ことりんは、いずみ様が綾香様と仲良くしてるから、妬いちゃってるんです」%K%P
「ち、違うよ、夕ちゃん！」%K%P
「ち、違うよ、夕ちゃん！」%K%P
「え、そうなの？　本当？」%K%P
「え、そうなの？　本当？」%K%P
「本当だもん、違うもん」%K%P
「本当だもん、違うもん」%K%P
……本当なのか、違うのか、分かりにくいね。%K%P
……本当なのか、違うのか、分かりにくいね。%K%P
「ふーん、そうなんだ……じゃあ、わたしは妬いちゃってました。寂しかったです、いずみ様！」%K%P
「ふーん、そうなんだ……じゃあ、わたしは妬いちゃってました。寂しかったです、いずみ様！」%K%P
「ゆ、夕ちゃん！？」%K%P
「ゆ、夕ちゃん！？」%K%P
「ああ、ゆ、夕陽ちゃん。廊下で、恥ずかしいよ、みんな見てるって」%K%P
「ああ、ゆ、夕陽ちゃん。廊下で、恥ずかしいよ、みんな見てるって」%K%P
夕陽ちゃんが僕の腕にしっかりと掴まる。ああ、そんなに腕を抱え込んだら……その、谷間に、すっぽりと……これ、気持ちいいかも……%K%P
夕陽ちゃんが僕の腕にしっかりと掴まる。ああ、そんなに腕を抱え込んだら……その、谷間に、すっぽりと……これ、気持ちいいかも……%K%P
「いいんですよ、見せつけちゃいます。あ、それとも、わたしとくっついてることが恥ずかしいですか？」%K%P
「いいんですよ、見せつけちゃいます。あ、それとも、わたしとくっついてることが恥ずかしいですか？」%K%P
「あの、嫌だったら遠慮無く言ってくださいね？」%K%P
「あの、嫌だったら遠慮無く言ってくださいね？」%K%P
と言いながらも、ぐいぐいと体を寄せてくる夕陽ちゃん。髪が香り、鼻孔をくすぐる。%K%P
と言いながらも、ぐいぐいと体を寄せてくる夕陽ちゃん。髪が香り、鼻孔をくすぐる。%K%P
なんで女の子はこんなに良い匂いがするんだろう。%K%P
なんで女の子はこんなに良い匂いがするんだろう。%K%P
「ああん、恥ずかしくないから、嫌いじゃないけど……ちょっと離れて貰えると……」%K%P
「ああん、恥ずかしくないから、嫌いじゃないけど……ちょっと離れて貰えると……」%K%P
「もう、駄目、いずみ様から離れて、夕ちゃん！　い、いずみ様もそんなに嬉しそうなお顔しないでくださいっ」%K%P
「もう、駄目、いずみ様から離れて、夕ちゃん！　い、いずみ様もそんなに嬉しそうなお顔しないでくださいっ」%K%P
「わ、私はそんな嬉しそうな顔なんてしてないよ。ああ、ことりちゃんまで……」%K%P
「わ、私はそんな嬉しそうな顔なんてしてないよ。ああ、ことりちゃんまで……」%K%P
反対側からことりちゃんがくっついてくる。うぅ、なんか、こんな事、前もあったような……%K%P
反対側からことりちゃんがくっついてくる。うぅ、なんか、こんな事、前もあったような……%K%P
駄目だって、私は、僕なんだからー%K%P
駄目だって、私は、僕なんだからー%K%P
「ふぅ、大人気ね、いずみさん。両手に花ね」%K%P
「ふぅ、大人気ね、いずみさん。両手に花ね」%K%P
「そんなこと言ってないで、助けてよ、綾香さんっ。ああん、もうっ」%K%P
「そんなこと言ってないで、助けてよ、綾香さんっ。ああん、もうっ」%K%P
両側から挟まれて、サンドイッチの具になった気分。%K%P
両側から挟まれて、サンドイッチの具になった気分。%K%P
やわらかいし、気持ち良いし……うぅ、このままじゃ自制心が保てそうにないよ……%K%P
やわらかいし、気持ち良いし……うぅ、このままじゃ自制心が保てそうにないよ……%K%P
ようやくサンドイッチ地獄（天国？）から解放された僕……もう、綾香さん、他人事だからって笑いすぎだよ。%K%P
ようやくサンドイッチ地獄（天国？）から解放された僕……もう、綾香さん、他人事だからって笑いすぎだよ。%K%P
「うふっ、アリアのね、わからないことを補足してたのよ。結構覚えること、あるからね」%K%P
「うふっ、アリアのね、わからないことを補足してたのよ。結構覚えること、あるからね」%K%P
「そう、だったんですね。ごめんなさい、いずみ様」%K%P
「そう、だったんですね。ごめんなさい、いずみ様」%K%P
「そうそう、ことりんってば、早とちりして」%K%P
「そうそう、ことりんってば、早とちりして」%K%P
「あ、あう……だって……」%K%P
「あ、あう……だって……」%K%P
「いや、それはいいんだけど……ことりちゃん？」%K%P
「いや、それはいいんだけど……ことりちゃん？」%K%P
微かに感じる重み……ことりちゃんの指が、僕のスカートの裾を軽く摘んでいる。%K%P
微かに感じる重み……ことりちゃんの指が、僕のスカートの裾を軽く摘んでいる。%K%P
「あの、これくらいならって思って……いけませんか？　いずみ様」%K%P
「あの、これくらいならって思って……いけませんか？　いずみ様」%K%P
ああ、うるうるしてるし……これで駄目なんて言ったら、人でなしじゃないか。%K%P
ああ、うるうるしてるし……これで駄目なんて言ったら、人でなしじゃないか。%K%P
「いいじゃないの、いずみさん。深皇学園って、女子学園でしょう？　上級生を慕う下級生というのは、おかしなことではないの」%K%P
「いいじゃないの、いずみさん。深皇学園って、女子学園でしょう？　上級生を慕う下級生というのは、おかしなことではないの」%K%P
「わたしの友人達にも、三年の先輩方をお慕いしている子や、一年の子と仲むつまじくしている人もいるもの」%K%P
「わたしの友人達にも、三年の先輩方をお慕いしている子や、一年の子と仲むつまじくしている人もいるもの」%K%P
うーん、さすが女学園。共学では考えられないことだよね。%K%P
うーん、さすが女学園。共学では考えられないことだよね。%K%P
「わたしのお友達にもいますよ、いずみ様。とは言っても……まさかことりんがだなんて、びっくりです」%K%P
「わたしのお友達にもいますよ、いずみ様。とは言っても……まさかことりんがだなんて、びっくりです」%K%P
「こんな風に、はっきりとだなんて……最近ちょっと変わってきたし、ね、ことりん」%K%P
「こんな風に、はっきりとだなんて……最近ちょっと変わってきたし、ね、ことりん」%K%P
「そ、そうかな？　えへへ……自分では気がつかなかったかも」%K%P
「そ、そうかな？　えへへ……自分では気がつかなかったかも」%K%P
はにかむことりちゃん。%K%P
はにかむことりちゃん。%K%P
恥ずかしそうにしていながらも、僕のスカートの裾はしっかりと摘んだままだった。%K%P
恥ずかしそうにしていながらも、僕のスカートの裾はしっかりと摘んだままだった。%K%P
