僕とことりちゃんは公園の裏手にある森に移動してきた。%K%P
僕とことりちゃんは公園の裏手にある森に移動してきた。%K%P
街中にあるとは思えない程木々は多く、また、日が落ち始めているせいもあって、人の姿は見えない。%K%P
街中にあるとは思えない程木々は多く、また、日が落ち始めているせいもあって、人の姿は見えない。%K%P
「……んんぅ……兄様、全部脱ぐのは……恥ずかしいかも、です」%K%P
「……んんぅ……兄様、全部脱ぐのは……恥ずかしいかも、です」%K%P
「ん、このぐらいにしておくね……んん、ことりちゃん……体勢、きつくない？」%K%P
「ん、このぐらいにしておくね……んん、ことりちゃん……体勢、きつくない？」%K%P
「大丈夫です……はぁはぁ……この格好、なんだか、凄くドキドキします」%K%P
「大丈夫です……はぁはぁ……この格好、なんだか、凄くドキドキします」%K%P
「イケナイことをしているような……んぅんっ、兄様、触れてる……あぅ……んくぅん」%K%P
「イケナイことをしているような……んぅんっ、兄様、触れてる……あぅ……んくぅん」%K%P
白く滑らかな肌に指を滑らせる。ことりちゃんの甘く、かすれた声に、僕のモノは既に硬くなっていた。%K%P
白く滑らかな肌に指を滑らせる。ことりちゃんの甘く、かすれた声に、僕のモノは既に硬くなっていた。%K%P
「はぁ、はぁ、はぁ……今日は、遠慮とか、しないでくださいね……兄様の……全部、欲しいから……んぅん」%K%P
「はぁ、はぁ、はぁ……今日は、遠慮とか、しないでくださいね……兄様の……全部、欲しいから……んぅん」%K%P
「うん……でも、無理はしないでね……」%K%P
「うん……でも、無理はしないでね……」%K%P
青々とした草木とことりちゃんの匂いが混じり合う。%K%P
青々とした草木とことりちゃんの匂いが混じり合う。%K%P
うっすらと汗が浮かぶ肌に、指を這わせる。%K%P
うっすらと汗が浮かぶ肌に、指を這わせる。%K%P
「くひぅっ……おしり、さわさわ、されて……やぅ……優しいよぉ……」%K%P
「くひぅっ……おしり、さわさわ、されて……やぅ……優しいよぉ……」%K%P
「はぁはぁ……撫で撫でしてる……兄様、おしり、すきなんです、か？」%K%P
「はぁはぁ……撫で撫でしてる……兄様、おしり、すきなんです、か？」%K%P
「うん。ことりちゃんの体なら、どこもかしこも好きだよ……こんなにも柔らかくて……気持ち良いし」%K%P
「うん。ことりちゃんの体なら、どこもかしこも好きだよ……こんなにも柔らかくて……気持ち良いし」%K%P
小さくて形のいいお尻を撫でる。アーチェリーで鍛えられた肌は、絶妙な弾力性を持っていた。%K%P
小さくて形のいいお尻を撫でる。アーチェリーで鍛えられた肌は、絶妙な弾力性を持っていた。%K%P
「ことりちゃんの大事な所、触れるからね……」%K%P
「ことりちゃんの大事な所、触れるからね……」%K%P
「はいっ……んきゅうぅん！　んぅ……指、なぞってる……んぅ……やぁう、音出ちゃう……んんぅ」%K%P
「はいっ……んきゅうぅん！　んぅ……指、なぞってる……んぅ……やぁう、音出ちゃう……んんぅ」%K%P
ことりちゃんの粘膜を傷つけないように指の腹で擦る。%K%P
ことりちゃんの粘膜を傷つけないように指の腹で擦る。%K%P
くちゅ、くちゅっと粘りつくような水音がする……すごい、こんなにもびちょびちょだ……%K%P
くちゅ、くちゅっと粘りつくような水音がする……すごい、こんなにもびちょびちょだ……%K%P
薄く開閉を繰り返す割れ目からあふれる液体……細い太ももを濡らしている。%K%P
薄く開閉を繰り返す割れ目からあふれる液体……細い太ももを濡らしている。%K%P
扇情的な光景に、鼓動は早くなり、僕の男性の部分が切なくなっていく。%K%P
扇情的な光景に、鼓動は早くなり、僕の男性の部分が切なくなっていく。%K%P
「はずかしい……はずかしいよぉ……兄様に、ことりの音、聞かれてる……んぅううんっ」%K%P
「はずかしい……はずかしいよぉ……兄様に、ことりの音、聞かれてる……んぅううんっ」%K%P
「はぁはぁ……やぅ……兄様、忘れないで、ことりの……んぅんんんっ」%K%P
「はぁはぁ……やぅ……兄様、忘れないで、ことりの……んぅんんんっ」%K%P
「忘れないよ……忘れるもんか」%K%P
「忘れないよ……忘れるもんか」%K%P
全部、なにもかも覚えていたい。こんなにも愛おしい人の事だから。%K%P
全部、なにもかも覚えていたい。こんなにも愛おしい人の事だから。%K%P
「ことりちゃん、ごめん、もう……中に入ってもいい？」%K%P
「ことりちゃん、ごめん、もう……中に入ってもいい？」%K%P
「はぁはぁはぁ……どうぞ……ことりも、兄様と一緒になりたいです」%K%P
「はぁはぁはぁ……どうぞ……ことりも、兄様と一緒になりたいです」%K%P
熱に浮かされたような瞳で、僕を見返すことりちゃん。%K%P
熱に浮かされたような瞳で、僕を見返すことりちゃん。%K%P
どちらかと言えば幼い容姿の彼女だったが、今は色を感じた。%K%P
どちらかと言えば幼い容姿の彼女だったが、今は色を感じた。%K%P
硬く屹立した僕のモノを、ことりちゃんに押し当てる……熱く濡れそぼった割れ目に、ずぶずぶとめり込んでいく。%K%P
硬く屹立した僕のモノを、ことりちゃんに押し当てる……熱く濡れそぼった割れ目に、ずぶずぶとめり込んでいく。%K%P
「くひぅううううん！　にぃ、さまの……来てます……んぅぅん」%K%P
「くひぅううううん！　にぃ、さまの……来てます……んぅぅん」%K%P
「はぁはぁ……入るから…………ねっ」%K%P
「はぁはぁ……入るから…………ねっ」%K%P
地面を足の指で掻くように踏ん張る。思いも掛けず、すんなりと入り込んだ。%K%P
地面を足の指で掻くように踏ん張る。思いも掛けず、すんなりと入り込んだ。%K%P
「んっきゅぅううううううん！」%K%P
「んっきゅぅううううううん！」%K%P
「くはっ！　くぅう！」%K%P
「くはっ！　くぅう！」%K%P
ぎゅうっと締め付けられる。まるで両手で握られたような感触。%K%P
ぎゅうっと締め付けられる。まるで両手で握られたような感触。%K%P
思わず情けない声を上げてしまう。%K%P
思わず情けない声を上げてしまう。%K%P
「きゅぅうんっ！　んぅう、んあぅうん！　に、にいさま、だ、だいじょうぶ、ですか？」%K%P
「きゅぅうんっ！　んぅう、んあぅうん！　に、にいさま、だ、だいじょうぶ、ですか？」%K%P
「くぅうん、い、痛いですか？　んんぅう、はぁはぁ……んくぅううん」%K%P
「くぅうん、い、痛いですか？　んんぅう、はぁはぁ……んくぅううん」%K%P
「へ、平気……凄く締め付けられて……声、出ちゃったんだ」%K%P
「へ、平気……凄く締め付けられて……声、出ちゃったんだ」%K%P
僕のモノがピッチリと隙間無く包み込まれているような感覚……快感と痛みがせめぎ合う。%K%P
僕のモノがピッチリと隙間無く包み込まれているような感覚……快感と痛みがせめぎ合う。%K%P
「よ、良かったです……んぅ……あのね、兄様……もう、動いて欲しいです……」%K%P
「よ、良かったです……んぅ……あのね、兄様……もう、動いて欲しいです……」%K%P
「はぁはぁ……じっとしてられない、んです……腰が、勝手に、動いて……んきゅぅんっ」%K%P
「はぁはぁ……じっとしてられない、んです……腰が、勝手に、動いて……んきゅぅんっ」%K%P
耐え切れないといったように、身じろぎをすることりちゃん。%K%P
耐え切れないといったように、身じろぎをすることりちゃん。%K%P
丸いお尻が、僕の下腹部に押しつけられる。%K%P
丸いお尻が、僕の下腹部に押しつけられる。%K%P
「分った……んぅ、んん」%K%P
「分った……んぅ、んん」%K%P
「んっきゃ、んんきゃん……んきゃあぁあんっ！」%K%P
「んっきゃ、んんきゃん……んきゃあぁあんっ！」%K%P
「にゅ、にゅるにゅるしてるよぉ……んぅうう、ことりのなかで、兄様の……がっ……んきゅぅうううん」%K%P
「にゅ、にゅるにゅるしてるよぉ……んぅうう、ことりのなかで、兄様の……がっ……んきゅぅうううん」%K%P
髪を振り乱してことりちゃんが悶える。%K%P
髪を振り乱してことりちゃんが悶える。%K%P
細い背中が弓のようにしなる。%K%P
細い背中が弓のようにしなる。%K%P
「んぅ、ことりちゃん、そんなに、暴れない、でっ」%K%P
「んぅ、ことりちゃん、そんなに、暴れない、でっ」%K%P
「あぁん、んあぁああん、だ、だって、熱いのが、ずん、ずって来たら……んくぅううう、じっとしてられないっ」%K%P
「あぁん、んあぁああん、だ、だって、熱いのが、ずん、ずって来たら……んくぅううう、じっとしてられないっ」%K%P
「やぁうう、しらない、こんなの、しらないよぉっ……んんぅう」%K%P
「やぁうう、しらない、こんなの、しらないよぉっ……んんぅう」%K%P
「後ろから、されるのって、んっくぅううんっ！　いいよぉっ」%K%P
「後ろから、されるのって、んっくぅううんっ！　いいよぉっ」%K%P
腰を打ち付ける度に、甘く痺れるような快感が走る。%K%P
腰を打ち付ける度に、甘く痺れるような快感が走る。%K%P
二人の繋ぎ目から、僕らの液がこぼれ落ちる。%K%P
二人の繋ぎ目から、僕らの液がこぼれ落ちる。%K%P
「んぅ、んんぅ、んんぅううんっ、兄様、強くしてっ、速くしてっ」%K%P
「んぅ、んんぅ、んんぅううんっ、兄様、強くしてっ、速くしてっ」%K%P
「ことりの体に……んぅくぅう、兄様の跡を、残して……くださいっ」%K%P
「ことりの体に……んぅくぅう、兄様の跡を、残して……くださいっ」%K%P
「はぁはぁはぁ……ことりちゃん……強くするよ？」%K%P
「はぁはぁはぁ……ことりちゃん……強くするよ？」%K%P
ことりちゃんの体をしっかりと掴み、足腰に力を入れる。一回、一回の出し入れに力をこめる。%K%P
ことりちゃんの体をしっかりと掴み、足腰に力を入れる。一回、一回の出し入れに力をこめる。%K%P
「んきゃあん、んんきゃあん！　こ、こすれて……んぅくうう、ことりのが……とけちゃうぅうう」%K%P
「んきゃあん、んんきゃあん！　こ、こすれて……んぅくうう、ことりのが……とけちゃうぅうう」%K%P
「んぅうう、おなか、くちゅくちゅされて……やぅううう、きちゃうよぉお、にいさまあぁあっ」%K%P
「んぅうう、おなか、くちゅくちゅされて……やぅううう、きちゃうよぉお、にいさまあぁあっ」%K%P
「はぁはぁはぁ、僕も……んぅう、もお、いっちゃいそう」%K%P
「はぁはぁはぁ、僕も……んぅう、もお、いっちゃいそう」%K%P
体の中から、熱い物が沸き上がってくる。それは恐ろしい勢いで僕のモノへと集まってくる。%K%P
体の中から、熱い物が沸き上がってくる。それは恐ろしい勢いで僕のモノへと集まってくる。%K%P
「んきゃ、んんきゃ、んんきゃああんっ！　あふれちゃう、ことり、あふれちゃいますっ」%K%P
「んきゃ、んんきゃ、んんきゃああんっ！　あふれちゃう、ことり、あふれちゃいますっ」%K%P
「んぅう、根本まで……しめられて…………んくぅうううっ」%K%P
「んぅう、根本まで……しめられて…………んくぅうううっ」%K%P
「きゃぁあぅううううううううううう～～～～～～～～んっ」%K%P
「きゃぁあぅううううううううううう～～～～～～～～んっ」%K%P
「うっくぅううっ」%K%P
「うっくぅううっ」%K%P
ことりちゃんの一番深いところで、放ってしまう。%K%P
ことりちゃんの一番深いところで、放ってしまう。%K%P
熱い迸りが、ことりちゃんの中を満たしていく。%K%P
熱い迸りが、ことりちゃんの中を満たしていく。%K%P
「やあぅうううううんっ、や、ヤケドしちゃうよぉおおおおおおっ」%K%P
「やあぅうううううんっ、や、ヤケドしちゃうよぉおおおおおおっ」%K%P
「んくぅううう…………んんあぅ……にいさまの……溜ってるよぉ……」%K%P
「んくぅううう…………んんあぅ……にいさまの……溜ってるよぉ……」%K%P
ヒクヒクと女の子の部分が蠢き、僕の液を飲み干していく。%K%P
ヒクヒクと女の子の部分が蠢き、僕の液を飲み干していく。%K%P
愛くるしいことりちゃんとのギャップが、僕のモノを再び硬くさせていく。%K%P
愛くるしいことりちゃんとのギャップが、僕のモノを再び硬くさせていく。%K%P
「はぁはぁ……兄様、もっとです……もっとことりを、はぁはぁ……愛して、ください」%K%P
「はぁはぁ……兄様、もっとです……もっとことりを、はぁはぁ……愛して、ください」%K%P
レジャーシートの上に横になった僕ら。%K%P
レジャーシートの上に横になった僕ら。%K%P
荒い呼吸を静める間もなく、体を重ね合う。%K%P
荒い呼吸を静める間もなく、体を重ね合う。%K%P
「はぁはぁ……もう、こんなになっていますよ、兄様の……ほんとうに、エッチなんですね、ふふ」%K%P
「はぁはぁ……もう、こんなになっていますよ、兄様の……ほんとうに、エッチなんですね、ふふ」%K%P
「はぁ、はぁ……ことりちゃんがエッチだからだよ。君が僕をおかしくさせるんだ」%K%P
「はぁ、はぁ……ことりちゃんがエッチだからだよ。君が僕をおかしくさせるんだ」%K%P
「あー、私のせいだけに……はぁはぁ……しないでください……兄様の……カチカチ……んちゅ」%K%P
「あー、私のせいだけに……はぁはぁ……しないでください……兄様の……カチカチ……んちゅ」%K%P
ことりちゃんの小さな舌が、僕のモノに這わされる。%K%P
ことりちゃんの小さな舌が、僕のモノに這わされる。%K%P
まるでアイスキャンディを舐めるみたいに、丁寧に、そして、執拗に……%K%P
まるでアイスキャンディを舐めるみたいに、丁寧に、そして、執拗に……%K%P
「んくぅっ……ことりちゃんが、僕のをなんて……少し、ショックかも」%K%P
「んくぅっ……ことりちゃんが、僕のをなんて……少し、ショックかも」%K%P
「んん、んちゅ……んぅ……兄様がエッチだからです。つ、司さんが、私をおかしくさせるんです……んちゅ」%K%P
「んん、んちゅ……んぅ……兄様がエッチだからです。つ、司さんが、私をおかしくさせるんです……んちゅ」%K%P
僕の言葉をまねることりちゃん。%K%P
僕の言葉をまねることりちゃん。%K%P
目の前に拡がる、彼女の大事な部分――{牡丹色:ぼたんいろ}のソコからは、甘く酸味掛った香りが漂ってくる。%K%P
目の前に拡がる、彼女の大事な部分――{牡丹色:ぼたんいろ}のソコからは、甘く酸味掛った香りが漂ってくる。%K%P
僕は本能にしたがって、滴る果汁をすくうように舌を動かした。%K%P
僕は本能にしたがって、滴る果汁をすくうように舌を動かした。%K%P
「ひぅっ！　やぁううんっ、なめ、られて、ますっ……んぅうう、やあああん」%K%P
「ひぅっ！　やぁううんっ、なめ、られて、ますっ……んぅうう、やあああん」%K%P
「やだ、兄様、はずかしいよぉ……んぅう……んちゅぅ、ちゅぅ……んぅ」%K%P
「やだ、兄様、はずかしいよぉ……んぅう……んちゅぅ、ちゅぅ……んぅ」%K%P
「そんなとこ、き、汚い……よぉ……はぁはぁ……私の……液……だめえっ」%K%P
「そんなとこ、き、汚い……よぉ……はぁはぁ……私の……液……だめえっ」%K%P
僕の舌から逃れるように、体を動かすことりちゃん。%K%P
僕の舌から逃れるように、体を動かすことりちゃん。%K%P
その度に、女の子の部分が、にちゃにちゃとエッチな音を立てる。%K%P
その度に、女の子の部分が、にちゃにちゃとエッチな音を立てる。%K%P
「はぁはぁ……汚くなんて、ないよ……んちゅ」%K%P
「はぁはぁ……汚くなんて、ないよ……んちゅ」%K%P
「ひぅううんっ！　ぺろぺろ、やぁ……んぅ……もぅ……んちゅ、ちゅぅ……ちゅぅ、ちゅ」%K%P
「ひぅううんっ！　ぺろぺろ、やぁ……んぅ……もぅ……んちゅ、ちゅぅ……ちゅぅ、ちゅ」%K%P
「兄様の、熱いよぉ……熱くて、硬いです……んぅ」%K%P
「兄様の、熱いよぉ……熱くて、硬いです……んぅ」%K%P
ことりちゃんの吐息がかかる。鳥の羽でこすられるような、絶妙な感覚。%K%P
ことりちゃんの吐息がかかる。鳥の羽でこすられるような、絶妙な感覚。%K%P
知らず、僕の舌の動きも速くなる。%K%P
知らず、僕の舌の動きも速くなる。%K%P
「ひぅっ！　先、入ってます……やぁう、かき、わけないで……んぅううう、やあああん」%K%P
「ひぅっ！　先、入ってます……やぁう、かき、わけないで……んぅううう、やあああん」%K%P
「んん……なにか、あふれてくるよ？　……あ、これって……」%K%P
「んん……なにか、あふれてくるよ？　……あ、これって……」%K%P
「やぁああああっ、みちゃだめえええっ、だって、兄様、奥でするから……んぅうう、こぼれてきちゃうのっ」%K%P
「やぁああああっ、みちゃだめえええっ、だって、兄様、奥でするから……んぅうう、こぼれてきちゃうのっ」%K%P
パクパクと呼吸をするように、ことりちゃんの大事な部分が開閉している。%K%P
パクパクと呼吸をするように、ことりちゃんの大事な部分が開閉している。%K%P
その度に、白く濁った液体がこぼれだしてくる。%K%P
その度に、白く濁った液体がこぼれだしてくる。%K%P
「んん、すごい……ことりちゃん、いっぱい出てくるよ」%K%P
「んん、すごい……ことりちゃん、いっぱい出てくるよ」%K%P
「やぅう！　みないで、やだよぉお！　ことり、はずかしくて、しんじゃうよぉ」%K%P
「やぅう！　みないで、やだよぉお！　ことり、はずかしくて、しんじゃうよぉ」%K%P
「きゅぅん！？　ゆびぃ、だめっ……んうぅうううう、そこ、まだ、ひりひりだか、らぁ～～～～」%K%P
「きゅぅん！？　ゆびぃ、だめっ……んうぅうううう、そこ、まだ、ひりひりだか、らぁ～～～～」%K%P
「くちゅくちゅ、されると、すぐに……いっちゃうからぁ！　んんぅううん」%K%P
「くちゅくちゅ、されると、すぐに……いっちゃうからぁ！　んんぅううん」%K%P
苦しい体勢で体を動かすせいか、ことりちゃんの呼吸が乱れている。%K%P
苦しい体勢で体を動かすせいか、ことりちゃんの呼吸が乱れている。%K%P
衣服を通して、激しく波打つ鼓動が伝わってくる。%K%P
衣服を通して、激しく波打つ鼓動が伝わってくる。%K%P
「はぁはぁはぁ……んぅ、んもぉ……兄さまのも……しちゃうんだから……んぅ、ちゅぅ、ちゅぅう」%K%P
「はぁはぁはぁ……んぅ、んもぉ……兄さまのも……しちゃうんだから……んぅ、ちゅぅ、ちゅぅう」%K%P
「くぅっ！　吸われてるっ……んぅ、くちびる、気持ち良い」%K%P
「くぅっ！　吸われてるっ……んぅ、くちびる、気持ち良い」%K%P
「んぅ、んちゅ、ちゅ……にいさまと私ので、どろどろ……んちゅ、ちゅ……」%K%P
「んぅ、んちゅ、ちゅ……にいさまと私ので、どろどろ……んちゅ、ちゅ……」%K%P
「なめても、なめても……はぁはぁはぁ……ぬれてるよぉ……にいさま、液、いっぱい出てきます……んちゅ」%K%P
「なめても、なめても……はぁはぁはぁ……ぬれてるよぉ……にいさま、液、いっぱい出てきます……んちゅ」%K%P
僕のモノを夢中になってむしゃぶりつくことりちゃん。%K%P
僕のモノを夢中になってむしゃぶりつくことりちゃん。%K%P
マシュマロみたいに柔らかな舌が、根本から先端まで這い回る。%K%P
マシュマロみたいに柔らかな舌が、根本から先端まで這い回る。%K%P
「くぅっ、こ、ことりちゃん、はげしいよっ」%K%P
「くぅっ、こ、ことりちゃん、はげしいよっ」%K%P
「んちゅ、ちゅ……きもちいいですか、んん、せつないですか？」%K%P
「んちゅ、ちゅ……きもちいいですか、んん、せつないですか？」%K%P
「かんじちゃってますよね……んぅ、んちゅ、ちゅ……もっとよくなって、ください……ちゅ、ちゅ、ことりの、体で」%K%P
「かんじちゃってますよね……んぅ、んちゅ、ちゅ……もっとよくなって、ください……ちゅ、ちゅ、ことりの、体で」%K%P
「ずっと、んん、わすれられないように……ちゅ、ちゅ……ずっと、おぼえてられるように……んちゅ、ちゅ」%K%P
「ずっと、んん、わすれられないように……ちゅ、ちゅ……ずっと、おぼえてられるように……んちゅ、ちゅ」%K%P
ことりちゃんの熱い吐息が、僕のモノに吹きかけられる。%K%P
ことりちゃんの熱い吐息が、僕のモノに吹きかけられる。%K%P
こんなことされたら、絶対に忘れられないよ……%K%P
こんなことされたら、絶対に忘れられないよ……%K%P
「んん、ことり、今だけ……えっちな子になります……にいさまの……こちょこちょ、しちゃいますから」%K%P
「んん、ことり、今だけ……えっちな子になります……にいさまの……こちょこちょ、しちゃいますから」%K%P
「くぅっ！？　そんな、ゆびで、んぅうう、擦られたら……」%K%P
「くぅっ！？　そんな、ゆびで、んぅうう、擦られたら……」%K%P
棒状の部分をことりちゃんの指が這い回る。%K%P
棒状の部分をことりちゃんの指が這い回る。%K%P
僕のスカートを摘んでいたソレが、敏感なところを刺激している。%K%P
僕のスカートを摘んでいたソレが、敏感なところを刺激している。%K%P
「ど、どんどん、硬く……んん、んちゅ……なってます……んんぅ」%K%P
「ど、どんどん、硬く……んん、んちゅ……なってます……んんぅ」%K%P
「んん、んん、んん……それに……大きくなってる…………ぴくぴくして、かわいいです……きす、しちゃいます……んちゅっ」%K%P
「んん、んん、んん……それに……大きくなってる…………ぴくぴくして、かわいいです……きす、しちゃいます……んちゅっ」%K%P
「くぅううっつ！」%K%P
「くぅううっつ！」%K%P
根本の部分に口づけをすることりちゃん。%K%P
根本の部分に口づけをすることりちゃん。%K%P
そわっと寒気がするような快感が全身に走る。%K%P
そわっと寒気がするような快感が全身に走る。%K%P
「んぅん！　にいさまの声、気持ち良いよぉ……もっと、聞きたいです……こっちも、はぁはぁ……します」%K%P
「んぅん！　にいさまの声、気持ち良いよぉ……もっと、聞きたいです……こっちも、はぁはぁ……します」%K%P
「んんっ、りょ、両手で、なんて……くぅう」%K%P
「んんっ、りょ、両手で、なんて……くぅう」%K%P
「はぁはぁ、ここ、こりこりしてます……こっちも、きす……んちゅぅ」%K%P
「はぁはぁ、ここ、こりこりしてます……こっちも、きす……んちゅぅ」%K%P
ことりちゃんが袋の部分に手を添えて、揉みしだく。%K%P
ことりちゃんが袋の部分に手を添えて、揉みしだく。%K%P
意識が遠くなる、このまま身を委ねていたい……でも、一方的にされるのも……なんだかくやしい。%K%P
意識が遠くなる、このまま身を委ねていたい……でも、一方的にされるのも……なんだかくやしい。%K%P
「んん、んん、んん……にいさま、また、恥ずかしい声聞かせて…………んぅ！？　やぅうう、吸ってますっ」%K%P
「んん、んん、んん……にいさま、また、恥ずかしい声聞かせて…………んぅ！？　やぅうう、吸ってますっ」%K%P
「んぅ、さ、されてばかりじゃね……んちゅ」%K%P
「んぅ、さ、されてばかりじゃね……んちゅ」%K%P
「やぁ、私が、するのっ……んぅう、だめえ、にいさま、じっとして……んきゅぅううん！」%K%P
「やぁ、私が、するのっ……んぅう、だめえ、にいさま、じっとして……んきゅぅううん！」%K%P
「あぅううん！　きゃぅ！　に、二本も、だめっ……んくぅう、ことりの、いっぱいに、なっちゃうぅうううう」%K%P
「あぅううん！　きゃぅ！　に、二本も、だめっ……んくぅう、ことりの、いっぱいに、なっちゃうぅうううう」%K%P
人差し指と中指を割れ目に沈み込ませる。%K%P
人差し指と中指を割れ目に沈み込ませる。%K%P
柔らかくうねるソコは、楽々と僕の指を受け入れる。濡れた粘膜が、傾き掛けた日差しを受けて、鈍く光る。%K%P
柔らかくうねるソコは、楽々と僕の指を受け入れる。濡れた粘膜が、傾き掛けた日差しを受けて、鈍く光る。%K%P
「やぁあ、き、きもちよくて、にいさまの、ぺろぺろ出来ない……んぅうう」%K%P
「やぁあ、き、きもちよくて、にいさまの、ぺろぺろ出来ない……んぅうう」%K%P
「かきまわさないで……そんなことされたら、また、ことり……んきゅぅうううん、いっちゃうからっ」%K%P
「かきまわさないで……そんなことされたら、また、ことり……んきゅぅうううん、いっちゃうからっ」%K%P
「はぁはぁ……いいよ、ことりちゃん、逆らわないで……気持ち良くなりなよ」%K%P
「はぁはぁ……いいよ、ことりちゃん、逆らわないで……気持ち良くなりなよ」%K%P
「んぅ、んくぅううううう、はぁはぁ、だって、また、いっちゃったら……んぅうん」%K%P
「んぅ、んくぅううううう、はぁはぁ、だって、また、いっちゃったら……んぅうん」%K%P
ことりちゃんの女の子の部分に入れた指を、前後に動かす。%K%P
ことりちゃんの女の子の部分に入れた指を、前後に動かす。%K%P
これでいいのか分からないけど、僕は動かしながら、指を回し、広げる。%K%P
これでいいのか分からないけど、僕は動かしながら、指を回し、広げる。%K%P
「きひぃいいううううん！　やぁあああ、と、とめられないよぉお」%K%P
「きひぃいいううううん！　やぁあああ、と、とめられないよぉお」%K%P
「はぁぁはぁ、あついの、ぞくぞくするの、来てるからぁ」%K%P
「はぁぁはぁ、あついの、ぞくぞくするの、来てるからぁ」%K%P
{譫言:うわごと}のようにことりちゃんが声を出し続ける。%K%P
{譫言:うわごと}のようにことりちゃんが声を出し続ける。%K%P
大事な部分からの香りが強くなっていく。僕は中に入れた指を曲げて、捻る。%K%P
大事な部分からの香りが強くなっていく。僕は中に入れた指を曲げて、捻る。%K%P
「んきゃああああん！　だめだめだめえええ～～～～～～～～ん」%K%P
「んきゃああああん！　だめだめだめえええ～～～～～～～～ん」%K%P
「やあああぅ、きゅぅうううって、きちゃうぅ、ことり、また、いっちゃぅうううう！」%K%P
「やあああぅ、きゅぅうううって、きちゃうぅ、ことり、また、いっちゃぅうううう！」%K%P
「んっ…………っきゅぅううううううううん」%K%P
「んっ…………っきゅぅううううううううん」%K%P
ことりちゃんの甲高い声が木立に吸い込まれていく。%K%P
ことりちゃんの甲高い声が木立に吸い込まれていく。%K%P
僕の顔に熱く、粘りけのある液体が降り注いだ。%K%P
僕の顔に熱く、粘りけのある液体が降り注いだ。%K%P
「んくぅぅううううううん！　ああぅう……ぅうううん……」%K%P
「んくぅぅううううううん！　ああぅう……ぅうううん……」%K%P
「んっは、んんはぁ、んんんはぁ……んぅ……にいさま、ごめんなさい……んぅ、ことり……いっちゃいました……」%K%P
「んっは、んんはぁ、んんんはぁ……んぅ……にいさま、ごめんなさい……んぅ、ことり……いっちゃいました……」%K%P
「……やぅ、ことりが、いっちゃ、だめなのにぃ……にいさまを、きもちよく……はぁはぁ……したいのに」%K%P
「……やぅ、ことりが、いっちゃ、だめなのにぃ……にいさまを、きもちよく……はぁはぁ……したいのに」%K%P
弛緩した体を僕に預ける。まるで大きなカイロを抱いているかのように、温かい。%K%P
弛緩した体を僕に預ける。まるで大きなカイロを抱いているかのように、温かい。%K%P
「ふぅ……ことりちゃんの、その気持ちだけで、じゅうぶんだから」%K%P
「ふぅ……ことりちゃんの、その気持ちだけで、じゅうぶんだから」%K%P
「はぁはぁ……うぅ、もう、にいさま、ことりに優しすぎです……あぅ」%K%P
「はぁはぁ……うぅ、もう、にいさま、ことりに優しすぎです……あぅ」%K%P
「んぅううううぅ～～～～～～ん……はぁはぁ……にいさま、ぜんぶ……はいったかもです……んぅ」%K%P
「んぅううううぅ～～～～～～ん……はぁはぁ……にいさま、ぜんぶ……はいったかもです……んぅ」%K%P
「うん……そうだね。きつくない？」%K%P
「うん……そうだね。きつくない？」%K%P
「ひぅっ！　た、体重がかかると……きゅんってなります……」%K%P
「ひぅっ！　た、体重がかかると……きゅんってなります……」%K%P
「僕の肩に手を回して……少しは楽になるかも」%K%P
「僕の肩に手を回して……少しは楽になるかも」%K%P
「んぅ……はぁはぁはぁ……はい、これなら、だいじょうぶかも……んぅ」%K%P
「んぅ……はぁはぁはぁ……はい、これなら、だいじょうぶかも……んぅ」%K%P
「え、えへへ……やっと兄様のお顔が……んぅ……見れました……さっきのとかも、その……きゅんってなっていいんですけど」%K%P
「え、えへへ……やっと兄様のお顔が……んぅ……見れました……さっきのとかも、その……きゅんってなっていいんですけど」%K%P
「お顔が見れないのは、寂しいから……はぁはぁ……兄様は、どうですか？　見えた方がいい？」%K%P
「お顔が見れないのは、寂しいから……はぁはぁ……兄様は、どうですか？　見えた方がいい？」%K%P
「うん。こっちのほうがいいかも。だって、ことりちゃんのエッチな顔見れるし」%K%P
「うん。こっちのほうがいいかも。だって、ことりちゃんのエッチな顔見れるし」%K%P
「や、やあ！　んくっ！　も、もう、変なこと……言わないで……ください……にいさま、へんたいです」%K%P
「や、やあ！　んくっ！　も、もう、変なこと……言わないで……ください……にいさま、へんたいです」%K%P
「あは、ごめんごめん。ことりちゃんの……僕の大切な彼女の顔が見れる方がいいよ」%K%P
「あは、ごめんごめん。ことりちゃんの……僕の大切な彼女の顔が見れる方がいいよ」%K%P
「あぅっ、大切な、彼女……だなんて……ことり、すごく……んんぅ……嬉しいです」%K%P
「あぅっ、大切な、彼女……だなんて……ことり、すごく……んんぅ……嬉しいです」%K%P
僕の肩に回された手に、力がこめられる。%K%P
僕の肩に回された手に、力がこめられる。%K%P
剥き出しの乳房が密着して、くにゃりと形を変えた。%K%P
剥き出しの乳房が密着して、くにゃりと形を変えた。%K%P
「ことりちゃん、すごくドキドキしてる」%K%P
「ことりちゃん、すごくドキドキしてる」%K%P
「はぁはぁ……してますよ。だって、にいさまと、くっついてるんですもの……んん……」%K%P
「はぁはぁ……してますよ。だって、にいさまと、くっついてるんですもの……んん……」%K%P
「にいさまも、ドキドキしてます、ね……やぅ……私の胸に……伝わってきます……」%K%P
「にいさまも、ドキドキしてます、ね……やぅ……私の胸に……伝わってきます……」%K%P
「あぁんっ、いま、ぴくってしましたよ？　はぁはぁ……動かすときは、言ってくれないと……や、です」%K%P
「あぁんっ、いま、ぴくってしましたよ？　はぁはぁ……動かすときは、言ってくれないと……や、です」%K%P
「ごめん……けど、こればかりは……んくっ、ことりちゃん、ぎゅってしてるよ」%K%P
「ごめん……けど、こればかりは……んくっ、ことりちゃん、ぎゅってしてるよ」%K%P
「んぅ……お、おかえし、です……えへへ……にいさまの気持ち良いときのお顔、はぁはぁ……可愛い」%K%P
「んぅ……お、おかえし、です……えへへ……にいさまの気持ち良いときのお顔、はぁはぁ……可愛い」%K%P
ことりちゃんの吐息が、首筋をくすぐる。%K%P
ことりちゃんの吐息が、首筋をくすぐる。%K%P
甘い、{噎:む}せるような女の子の香りが、僕を包む。%K%P
甘い、{噎:む}せるような女の子の香りが、僕を包む。%K%P
「あん……あのね、ことり、んっしょ、んっしょってする……その、えっちなのも好きですけど、こうやってだっこされてるのも……好きです」%K%P
「あん……あのね、ことり、んっしょ、んっしょってする……その、えっちなのも好きですけど、こうやってだっこされてるのも……好きです」%K%P
「にいさまをね……すごく、近くに……感じられるんです……んぅ……ただくっついてるだけじゃなくて……私の中に、入ってもらってるから……」%K%P
「にいさまをね……すごく、近くに……感じられるんです……んぅ……ただくっついてるだけじゃなくて……私の中に、入ってもらってるから……」%K%P
ことりちゃんの甘えたような声音。%K%P
ことりちゃんの甘えたような声音。%K%P
リーダーをしているときや、弓を引いている時のような凛々しさは無く、安心しきっている、小さな女の子のような姿。%K%P
リーダーをしているときや、弓を引いている時のような凛々しさは無く、安心しきっている、小さな女の子のような姿。%K%P
「ギュってしてください……もっと深く、もっと近く、もっと強く……一緒になりたいから」%K%P
「ギュってしてください……もっと深く、もっと近く、もっと強く……一緒になりたいから」%K%P
「うん……これで、いい？」%K%P
「うん……これで、いい？」%K%P
「んぅううん！　奥に……にいさまの……んくぅうううううん！」%K%P
「んぅううん！　奥に……にいさまの……んくぅうううううん！」%K%P
僕のモノの先端が、ことりちゃんのみっしりとした部分を押し分けていく。%K%P
僕のモノの先端が、ことりちゃんのみっしりとした部分を押し分けていく。%K%P
粘膜と粘膜が擦れ、甘美な快感が伝わってくる。%K%P
粘膜と粘膜が擦れ、甘美な快感が伝わってくる。%K%P
「はぁはぁはぁ……は、はい……伝わってきます……にいさまの形や、大きさや、熱さが……んぅ」%K%P
「はぁはぁはぁ……は、はい……伝わってきます……にいさまの形や、大きさや、熱さが……んぅ」%K%P
「これなら、忘れませんね……えへへ……んぅ」%K%P
「これなら、忘れませんね……えへへ……んぅ」%K%P
泣き笑いのような表情で僕を見上げる。%K%P
泣き笑いのような表情で僕を見上げる。%K%P
公園で聞いた、彼女の叫びを思い出す――胸を引き裂くような悲痛な声だった。%K%P
公園で聞いた、彼女の叫びを思い出す――胸を引き裂くような悲痛な声だった。%K%P
「……んぅ……そんな寂しそうなお顔、いやです……」%K%P
「……んぅ……そんな寂しそうなお顔、いやです……」%K%P
「私の中では、にいさまはいつも笑っていて欲しいんです……」%K%P
「私の中では、にいさまはいつも笑っていて欲しいんです……」%K%P
「にいさまの思い出……はぁはぁ……楽しいこと、嬉しいことでいっぱいにしたいんです」%K%P
「にいさまの思い出……はぁはぁ……楽しいこと、嬉しいことでいっぱいにしたいんです」%K%P
「うん……やっぱりことりちゃんは強くなったよ……僕、教えられてばかりだ」%K%P
「うん……やっぱりことりちゃんは強くなったよ……僕、教えられてばかりだ」%K%P
「んふっ……そうですか……恋をすると、んぅ……女の子は強くなるのかもです……」%K%P
「んふっ……そうですか……恋をすると、んぅ……女の子は強くなるのかもです……」%K%P
濡れた額に張り付く前髪……その下から覗く瞳には、しっかりとした意志の光が見える。%K%P
濡れた額に張り付く前髪……その下から覗く瞳には、しっかりとした意志の光が見える。%K%P
「にいさま、キス……欲しいです」%K%P
「にいさま、キス……欲しいです」%K%P
「うん……僕もしたいって思ってた」%K%P
「うん……僕もしたいって思ってた」%K%P
「えへ、そうだったんですね……気が合いますね」%K%P
「えへ、そうだったんですね……気が合いますね」%K%P
「そうだね、気が合うね…………んん」%K%P
「そうだね、気が合うね…………んん」%K%P
「んぷっ……ちゅ……ぷっ……ちゅ、ちゅぅ」%K%P
「んぷっ……ちゅ……ぷっ……ちゅ、ちゅぅ」%K%P
「んぅはぅっ……んぅ……くちびる……やわらかいよぉ……んちゅぅ……ぷぅっ」%K%P
「んぅはぅっ……んぅ……くちびる……やわらかいよぉ……んちゅぅ……ぷぅっ」%K%P
ぷるんとしたゼリーのようなことりちゃんの唇……僕のソレではさみ込む。%K%P
ぷるんとしたゼリーのようなことりちゃんの唇……僕のソレではさみ込む。%K%P
「んちゅ……ちゅ……んふ……あふっ……はさまれ、うぅ……んむっ」%K%P
「んちゅ……ちゅ……んふ……あふっ……はさまれ、うぅ……んむっ」%K%P
「んふ、んちゅちゅ……んっぷぅ……はぁはぁはぁ……いき、止まっちゃう……にいさま、吸い過ぎ、です……んぅ」%K%P
「んふ、んちゅちゅ……んっぷぅ……はぁはぁはぁ……いき、止まっちゃう……にいさま、吸い過ぎ、です……んぅ」%K%P
「んぅ……んぷっ……ごめん」%K%P
「んぅ……んぷっ……ごめん」%K%P
激しい呼吸と、湿った音だけが耳に届く。%K%P
激しい呼吸と、湿った音だけが耳に届く。%K%P
遠い街のざわめきや、草木がそよぐ音、虫の声さえ、今は聞こえない。%K%P
遠い街のざわめきや、草木がそよぐ音、虫の声さえ、今は聞こえない。%K%P
「舌……やぅ……重なってる……んぅ……ぷぅ……ちゅ……」%K%P
「舌……やぅ……重なってる……んぅ……ぷぅ……ちゅ……」%K%P
「にいさまの、綺麗な、お声が……ここから……んぅ……」%K%P
「にいさまの、綺麗な、お声が……ここから……んぅ……」%K%P
「あぅ……こ、ことりちゃん……はいり、すぎ……んぅ」%K%P
「あぅ……こ、ことりちゃん……はいり、すぎ……んぅ」%K%P
吸い合う度に、体が揺れ、繋がっている部分が軋む。%K%P
吸い合う度に、体が揺れ、繋がっている部分が軋む。%K%P
二人の愛し合った証しが、体を濡らしていく。%K%P
二人の愛し合った証しが、体を濡らしていく。%K%P
「んぅううん！　やぅっ！　また、入って……んぅんぷぅうううううん」%K%P
「んぅううん！　やぅっ！　また、入って……んぅんぷぅうううううん」%K%P
「んぅ、んぅう……うごく、よ？」%K%P
「んぅ、んぅう……うごく、よ？」%K%P
「んぅっ！　んぅ、ちゅぅう、んふぅうん……やらぁ、んんぅう、うえも、したも……んぅう、きてますぅううううん」%K%P
「んぅっ！　んぅ、ちゅぅう、んふぅうん……やらぁ、んんぅう、うえも、したも……んぅう、きてますぅううううん」%K%P
僕の首に回された手に力が籠められる。%K%P
僕の首に回された手に力が籠められる。%K%P
その吸い付くような肌は熱で火照り、しっとりと濡れている。%K%P
その吸い付くような肌は熱で火照り、しっとりと濡れている。%K%P
背筋に震えが走る……熱い塊が、腰の辺りに集まってくる。%K%P
背筋に震えが走る……熱い塊が、腰の辺りに集まってくる。%K%P
「んちゅぅ、んんぅうう、やぅううん……んっぱぁあっ……はあはあはあ、にいさま、また、またきちゃうよぉお」%K%P
「んちゅぅ、んんぅうう、やぅううん……んっぱぁあっ……はあはあはあ、にいさま、また、またきちゃうよぉお」%K%P
「お口吸われて、くちゅくちゅされてたら……んぅうう、きゅんってなっちゃうよぉっ」%K%P
「お口吸われて、くちゅくちゅされてたら……んぅうう、きゅんってなっちゃうよぉっ」%K%P
「んぅ、んぅう……はぁはぁ、僕も、んぅ……もう」%K%P
「んぅ、んぅう……はぁはぁ、僕も、んぅ……もう」%K%P
「このまま、にいさま……ことりに……んんぅ、んぅう、んぅううんっ」%K%P
「このまま、にいさま……ことりに……んんぅ、んぅう、んぅううんっ」%K%P
耐えきれないように、体を上下させることりちゃん。%K%P
耐えきれないように、体を上下させることりちゃん。%K%P
腰に回された足が、僕を締め付ける……そんな事、されたら……もう、ガマン出来ない。%K%P
腰に回された足が、僕を締め付ける……そんな事、されたら……もう、ガマン出来ない。%K%P
「んんぅ、んんぅう、んんぅうううっ……やぅうううう、ことりぃい、きゅんってなるぅうう、いっちゃうぅううううん」%K%P
「んんぅ、んんぅう、んんぅうううっ……やぅうううう、ことりぃい、きゅんってなるぅうう、いっちゃうぅううううん」%K%P
「んちゅ、んぅう……ことりちゃん、出すから……んっくぅう」%K%P
「んちゅ、んぅう……ことりちゃん、出すから……んっくぅう」%K%P
「あぁうううんっ！　はぃ、にいさまぁ、ことりの、中にぃ～～～～…………んきゅ！？」%K%P
「あぁうううんっ！　はぃ、にいさまぁ、ことりの、中にぃ～～～～…………んきゅ！？」%K%P
「んっきゃあぁあああああ～～～～～～～～～～～～～ん」%K%P
「んっきゃあぁあああああ～～～～～～～～～～～～～ん」%K%P
「くぅうううううっ！」%K%P
「くぅうううううっ！」%K%P
ことりちゃんのアソコが僕を締め付け、もみ上げる……かつて無いほどの快感が伝わってくる。%K%P
ことりちゃんのアソコが僕を締め付け、もみ上げる……かつて無いほどの快感が伝わってくる。%K%P
「くぅううううん、あつぃいいいいっ！　にいさまのっ……あっつぅうううういっ！」%K%P
「くぅううううん、あつぃいいいいっ！　にいさまのっ……あっつぅうううういっ！」%K%P
「んんはぁ、んんんはぁあ、んんはぁああん…………あぅうう、おなか、ぽかぽかしちゃう……よぉ」%K%P
「んんはぁ、んんんはぁあ、んんはぁああん…………あぅうう、おなか、ぽかぽかしちゃう……よぉ」%K%P
永遠に続くような放出感。%K%P
永遠に続くような放出感。%K%P
僕の出したモノが、ことりちゃんの中に飲み込まれていく。%K%P
僕の出したモノが、ことりちゃんの中に飲み込まれていく。%K%P
「はぁ、はぁ、はぁ……にいさま、凄い量、ですね……んぅ……さっきも、出したのに……んあっ、まだ、出てる」%K%P
「はぁ、はぁ、はぁ……にいさま、凄い量、ですね……んぅ……さっきも、出したのに……んあっ、まだ、出てる」%K%P
「はぁはぁ……んん、ごめん。ことりちゃんの中が、気持ち良すぎて…………もう、抜くね？」%K%P
「はぁはぁ……んん、ごめん。ことりちゃんの中が、気持ち良すぎて…………もう、抜くね？」%K%P
「やぁん！　だめです……はぁはぁ……もっと、いて下さい……」%K%P
「やぁん！　だめです……はぁはぁ……もっと、いて下さい……」%K%P
「んぅ……にいさまの……感じていたいんです……あと、少しだけ……いいですよね」%K%P
「んぅ……にいさまの……感じていたいんです……あと、少しだけ……いいですよね」%K%P
紅潮した顔で、僕に微笑み掛けることりちゃん。%K%P
紅潮した顔で、僕に微笑み掛けることりちゃん。%K%P
ふっくらとした頬が光る……その涙を見て、とても美しいと感じた。%K%P
ふっくらとした頬が光る……その涙を見て、とても美しいと感じた。%K%P
