一晩過ごしたネットカフェを出て、駅前に向かう。%K%P
一晩過ごしたネットカフェを出て、駅前に向かう。%K%P
なんだかんだで疲れてたのか、昨日はシャワーを浴びた後、すぐに眠ってしまったらしい。%K%P
なんだかんだで疲れてたのか、昨日はシャワーを浴びた後、すぐに眠ってしまったらしい。%K%P
「ふぅ……」%K%P
「ふぅ……」%K%P
連日大きなキャリーバッグを持ち歩くわけにもいかないので、いくつかの手荷物を残し、残りはコインロッカーに預ける。%K%P
連日大きなキャリーバッグを持ち歩くわけにもいかないので、いくつかの手荷物を残し、残りはコインロッカーに預ける。%K%P
ロッカーの利用料も、昨日、帽子の中に入れてもらったお金から支払った。%K%P
ロッカーの利用料も、昨日、帽子の中に入れてもらったお金から支払った。%K%P
さすがにネットカフェの利用料全額は無理だったけど、それでも、充分助けになっている。%K%P
さすがにネットカフェの利用料全額は無理だったけど、それでも、充分助けになっている。%K%P
「歌えそうな場所、他にもないか見て回ろう」%K%P
「歌えそうな場所、他にもないか見て回ろう」%K%P
あの公園がいつも使えるとは限らない。%K%P
あの公園がいつも使えるとは限らない。%K%P
それに、人が行き交う場所に多少のスペースがあれば、そこをステージに出来る。%K%P
それに、人が行き交う場所に多少のスペースがあれば、そこをステージに出来る。%K%P
僕が紡ぐのは、他でもない歌声なんだから。%K%P
僕が紡ぐのは、他でもない歌声なんだから。%K%P
あっ、でも許可はもらわないと。%K%P
あっ、でも許可はもらわないと。%K%P
色々と気を配るべきことも多いけど、でも、やってやれないことはないだろう。%K%P
色々と気を配るべきことも多いけど、でも、やってやれないことはないだろう。%K%P
やる前からあきらめたら、何も変わらない。%K%P
やる前からあきらめたら、何も変わらない。%K%P
「あとは、一応バイト探しもね」%K%P
「あとは、一応バイト探しもね」%K%P
歌による収入だけで暮らす、というのが無茶だってことはわかっているし、保険はかけておかないと。%K%P
歌による収入だけで暮らす、というのが無茶だってことはわかっているし、保険はかけておかないと。%K%P
……なんだか、留学したばかりの頃を思い出す。%K%P
……なんだか、留学したばかりの頃を思い出す。%K%P
この、なんともいえない気持ち。%K%P
この、なんともいえない気持ち。%K%P
不安や期待が入り交じった、妙なテンション。%K%P
不安や期待が入り交じった、妙なテンション。%K%P
「……うん。まずは駅前を回ってみよう」%K%P
「……うん。まずは駅前を回ってみよう」%K%P
駅前やその周辺を一通り見て回った後、足は自然と昨日の公園に向かっていた。%K%P
駅前やその周辺を一通り見て回った後、足は自然と昨日の公園に向かっていた。%K%P
「結局、なにもなかったなぁ……」%K%P
「結局、なにもなかったなぁ……」%K%P
人の集まる広場や、大きめのフリースペースはあったけど、どちらも許可は貰えなかった。%K%P
人の集まる広場や、大きめのフリースペースはあったけど、どちらも許可は貰えなかった。%K%P
コネもツテもないし、当然といえば当然だから、そこまで落胆はしてない。%K%P
コネもツテもないし、当然といえば当然だから、そこまで落胆はしてない。%K%P
バイト募集も、これといって良さそうなのは見つからなかった。%K%P
バイト募集も、これといって良さそうなのは見つからなかった。%K%P
雰囲気の良い喫茶店がホール係を募集していたけど、募集が女性だけだったので諦めた。%K%P
雰囲気の良い喫茶店がホール係を募集していたけど、募集が女性だけだったので諦めた。%K%P
まかないもついていたから、今の僕にはかなり良さそうだったんだけど。%K%P
まかないもついていたから、今の僕にはかなり良さそうだったんだけど。%K%P
「結局、昨日の公園へ戻ってきちゃったな……」%K%P
「結局、昨日の公園へ戻ってきちゃったな……」%K%P
朝から何も食べずに歩き回ってお腹も空いているし、何曲か歌ってお昼代の足しにしたい。%K%P
朝から何も食べずに歩き回ってお腹も空いているし、何曲か歌ってお昼代の足しにしたい。%K%P
……あわよくば、晩ご飯も。%K%P
……あわよくば、晩ご飯も。%K%P
昨日に比べて人が少ないけど、これは仕方ない。%K%P
昨日に比べて人が少ないけど、これは仕方ない。%K%P
昨夜は、伴奏をしてくれた人たちの演奏を聴いていたお客さんがいて、僕はそれを引き継ぐ形になった。%K%P
昨夜は、伴奏をしてくれた人たちの演奏を聴いていたお客さんがいて、僕はそれを引き継ぐ形になった。%K%P
人を集めるだけで大変なことだから、思えば、あれはかなりラッキーなことだった。%K%P
人を集めるだけで大変なことだから、思えば、あれはかなりラッキーなことだった。%K%P
「歌ってるうちに、集まるといいな」%K%P
「歌ってるうちに、集まるといいな」%K%P
いや、むしろ集めてやる！　ぐらいの気概で。%K%P
いや、むしろ集めてやる！　ぐらいの気概で。%K%P
「っと、帽子、帽子……」%K%P
「っと、帽子、帽子……」%K%P
変装の意味もあるけど、昨日の幸運にあやかりたいのと、歌い終わった後でお金を入れてもらうために。%K%P
変装の意味もあるけど、昨日の幸運にあやかりたいのと、歌い終わった後でお金を入れてもらうために。%K%P
……これで、よし。%K%P
……これで、よし。%K%P
昨日は伴奏があったけど、今日は声だけ。%K%P
昨日は伴奏があったけど、今日は声だけ。%K%P
僕一人の声だけで、歌を紡ぎ、形にしていく。%K%P
僕一人の声だけで、歌を紡ぎ、形にしていく。%K%P
人前で歌うときは、恥じらうことのないように。%K%P
人前で歌うときは、恥じらうことのないように。%K%P
――――堂々として。やるほうが恥じらうと、見るほうも恥ずかしくなってしまうでしょう？%K%P
――――堂々として。やるほうが恥じらうと、見るほうも恥ずかしくなってしまうでしょう？%K%P
それは子供の頃に教わった、忘れられない言葉だ。%K%P
それは子供の頃に教わった、忘れられない言葉だ。%K%P
僕は、小さな頃から歌うのが好きだった。%K%P
僕は、小さな頃から歌うのが好きだった。%K%P
だけど同時に、その頃の僕は少しあがり症で、人の前でなにかを発表したりするのが苦手だった。%K%P
だけど同時に、その頃の僕は少しあがり症で、人の前でなにかを発表したりするのが苦手だった。%K%P
授業参観なんて、みんなが手をあげる中、一人だけ手をあげられなくて、うつむいて。%K%P
授業参観なんて、みんなが手をあげる中、一人だけ手をあげられなくて、うつむいて。%K%P
そんな僕を見たお祖母ちゃんが、教えてくれた。%K%P
そんな僕を見たお祖母ちゃんが、教えてくれた。%K%P
下ばかり見ては空も見えなくなってしまう、って。%K%P
下ばかり見ては空も見えなくなってしまう、って。%K%P
それから僕は、ちょっとずつだけれどうつむくのをやめて、胸を張って歌うようになった。%K%P
それから僕は、ちょっとずつだけれどうつむくのをやめて、胸を張って歌うようになった。%K%P
あの一言がなければ、僕はいまも、うつむいたままだったかもしれない。%K%P
あの一言がなければ、僕はいまも、うつむいたままだったかもしれない。%K%P
この、空の青さや広さも知らず――――って、%K%P
この、空の青さや広さも知らず――――って、%K%P
あれ……？　なんか、曇ってる……？%K%P
あれ……？　なんか、曇ってる……？%K%P
「……あっ」%K%P
「……あっ」%K%P
ぽつぽつと濡れたかと思ったら、間を置かず、雨がぱらぱらと降り始めた。%K%P
ぽつぽつと濡れたかと思ったら、間を置かず、雨がぱらぱらと降り始めた。%K%P
歌を中断し、慌てて近くの樹の下に避難する。%K%P
歌を中断し、慌てて近くの樹の下に避難する。%K%P
「それで人通りが少なかったのかな……」%K%P
「それで人通りが少なかったのかな……」%K%P
思えば、駅前ですれ違った人の中に傘を持っていた人が何人もいたような気がする。%K%P
思えば、駅前ですれ違った人の中に傘を持っていた人が何人もいたような気がする。%K%P
「うぅ……これからはちゃんと天気予報もチェックしないと」%K%P
「うぅ……これからはちゃんと天気予報もチェックしないと」%K%P
いまのところ唯一歌えるこの公園には屋根がないし、天気を知っておくのも大切だ。%K%P
いまのところ唯一歌えるこの公園には屋根がないし、天気を知っておくのも大切だ。%K%P
「やみそうだけど、どうかな……」%K%P
「やみそうだけど、どうかな……」%K%P
今はまだ樹の下でしのげる程度にしか降っていないけど、本降りになられたら厄介だ。%K%P
今はまだ樹の下でしのげる程度にしか降っていないけど、本降りになられたら厄介だ。%K%P
雨でも歌えるけど、聞いてくれる人は少なくなるし、なにより風邪でもひいたら元も子もない。%K%P
雨でも歌えるけど、聞いてくれる人は少なくなるし、なにより風邪でもひいたら元も子もない。%K%P
「うぅん……」%K%P
「うぅん……」%K%P
どうしよう。無理せず、今日は宿を決めるために駅前に戻った方がいいかな……。%K%P
どうしよう。無理せず、今日は宿を決めるために駅前に戻った方がいいかな……。%K%P
「あの、すみません」%K%P
「あの、すみません」%K%P
「えっ？」%K%P
「えっ？」%K%P
いきなりの声に驚き振り向くと、そこには女の子が立っていた。%K%P
いきなりの声に驚き振り向くと、そこには女の子が立っていた。%K%P
「さきほどは、とても素敵な歌をありがとうございました」%K%P
「さきほどは、とても素敵な歌をありがとうございました」%K%P
「あ、いえ、そんなっ……」%K%P
「あ、いえ、そんなっ……」%K%P
微笑まれ、思わずドキッとしてしまう。%K%P
微笑まれ、思わずドキッとしてしまう。%K%P
「今日はもう歌わないんですか？」%K%P
「今日はもう歌わないんですか？」%K%P
「ええっと――」%K%P
「ええっと――」%K%P
雨宿りの樹の下、相手との距離が近いせいか、思わずどぎまぎしてしまう。%K%P
雨宿りの樹の下、相手との距離が近いせいか、思わずどぎまぎしてしまう。%K%P
この子は、確か……僕が歌ってるとき、少し離れた場所から、こちらをじっと見ていた気がする。%K%P
この子は、確か……僕が歌ってるとき、少し離れた場所から、こちらをじっと見ていた気がする。%K%P
「雨がやめば……って思ってるんですけど」%K%P
「雨がやめば……って思ってるんですけど」%K%P
「そうですか……」%K%P
「そうですか……」%K%P
「やむかどうか、知ってる……わけないですよね」%K%P
「やむかどうか、知ってる……わけないですよね」%K%P
「今日は所により天気が崩れると言ってました。通り雨のようだし、じきやむとは思いますけど……」%K%P
「今日は所により天気が崩れると言ってました。通り雨のようだし、じきやむとは思いますけど……」%K%P
ここで待つ、というのも手だけど、もし本降りになって濡れちゃったら、その後が大変だ。%K%P
ここで待つ、というのも手だけど、もし本降りになって濡れちゃったら、その後が大変だ。%K%P
「あの、以前からここで歌を？」%K%P
「あの、以前からここで歌を？」%K%P
「いえ、まだ２回目です。この場所も、昨日知ったばかりで」%K%P
「いえ、まだ２回目です。この場所も、昨日知ったばかりで」%K%P
「いまは留学の合間を縫って里帰り、というか」%K%P
「いまは留学の合間を縫って里帰り、というか」%K%P
「里帰りということは、しばらくはこちらに滞在される予定なんですか？」%K%P
「里帰りということは、しばらくはこちらに滞在される予定なんですか？」%K%P
「ええ、１ヶ月ぐらい」%K%P
「ええ、１ヶ月ぐらい」%K%P
「１ヶ月……」%K%P
「１ヶ月……」%K%P
なにやら考え込むように、女の子が目を伏せる。%K%P
なにやら考え込むように、女の子が目を伏せる。%K%P
「あの、それがなにか……？」%K%P
「あの、それがなにか……？」%K%P
「すみません、申し遅れました。わたしは深皇学園２年、西條綾香といいます」%K%P
「すみません、申し遅れました。わたしは深皇学園２年、西條綾香といいます」%K%P
「失礼ですが、お名前を伺ってもいいですか？」%K%P
「失礼ですが、お名前を伺ってもいいですか？」%K%P
「えっと――」%K%P
「えっと――」%K%P
「あっ……」%K%P
「あっ……」%K%P
「あの、いまのは……」%K%P
「あの、いまのは……」%K%P
「あ、あはは……そ、その、ちょっとしつけがなってなかったみたいで」%K%P
「あ、あはは……そ、その、ちょっとしつけがなってなかったみたいで」%K%P
雨音に負けないぐらいの大きさで鳴ったお腹を押さえつつ、思わず苦笑する。%K%P
雨音に負けないぐらいの大きさで鳴ったお腹を押さえつつ、思わず苦笑する。%K%P
うぅ、恥ずかしい。朝から歩き回った上、なにも食べてなかったもんなぁ……。%K%P
うぅ、恥ずかしい。朝から歩き回った上、なにも食べてなかったもんなぁ……。%K%P
「でしたら、これからご飯を一緒にどうですか？」%K%P
「でしたら、これからご飯を一緒にどうですか？」%K%P
「いや、会ったばかりの人に、そんな……」%K%P
「いや、会ったばかりの人に、そんな……」%K%P
「どうか遠慮せずに。素敵な歌のお礼です」%K%P
「どうか遠慮せずに。素敵な歌のお礼です」%K%P
「でも……」%K%P
「でも……」%K%P
思いがけない誘いに、ますます加速する空腹を必死に堪える。%K%P
思いがけない誘いに、ますます加速する空腹を必死に堪える。%K%P
「でしたら、謝礼ということでいかがですか？」%K%P
「でしたら、謝礼ということでいかがですか？」%K%P
「謝礼？」%K%P
「謝礼？」%K%P
「急な話ですが、実はあなたにひとつ、お願いしたいことがあるんです」%K%P
「急な話ですが、実はあなたにひとつ、お願いしたいことがあるんです」%K%P
「その話を聞いて頂く時間を割いてもらう謝礼を兼ねて、ランチを御馳走する――」%K%P
「その話を聞いて頂く時間を割いてもらう謝礼を兼ねて、ランチを御馳走する――」%K%P
「ね？　これならどうでしょう？」%K%P
「ね？　これならどうでしょう？」%K%P
「えっと……」%K%P
「えっと……」%K%P
――――なんだか妙な展開になってしまった。%K%P
――――なんだか妙な展開になってしまった。%K%P
会ったばかりの相手をご飯に誘うなんて、よほどの事情があるか、あるいは裏があるとしか。%K%P
会ったばかりの相手をご飯に誘うなんて、よほどの事情があるか、あるいは裏があるとしか。%K%P
……でも、お昼ご飯は魅力的だし、なにより彼女が悪い人には見えない。%K%P
……でも、お昼ご飯は魅力的だし、なにより彼女が悪い人には見えない。%K%P
「……話を聞くだけでもいいんですよね？」%K%P
「……話を聞くだけでもいいんですよね？」%K%P
「はい」%K%P
「はい」%K%P
「引き受けなかったら、いきなり黒服の男が現れて連れ去られたりとか……しませんよね？」%K%P
「引き受けなかったら、いきなり黒服の男が現れて連れ去られたりとか……しませんよね？」%K%P
「ふふっ、そんなことはしません。姫に誓って」%K%P
「ふふっ、そんなことはしません。姫に誓って」%K%P
言って、彼女は胸元に手をあてた。%K%P
言って、彼女は胸元に手をあてた。%K%P
姫、ってなんだろう……？　この子にとっての神さまとか仏さま、みたいなものかな……？%K%P
姫、ってなんだろう……？　この子にとっての神さまとか仏さま、みたいなものかな……？%K%P
「……じゃあ、とりあえずお話だけ」%K%P
「……じゃあ、とりあえずお話だけ」%K%P
我ながら軽率かな、とも思う。%K%P
我ながら軽率かな、とも思う。%K%P
久しぶりの日本で、ちょっと平和ボケというか、気が緩んでいるのかも知れない。%K%P
久しぶりの日本で、ちょっと平和ボケというか、気が緩んでいるのかも知れない。%K%P
けど、なんだか心惹かれるものがあって、わくわくする気持ちを抑えきれず、僕はその誘いを受けた。%K%P
けど、なんだか心惹かれるものがあって、わくわくする気持ちを抑えきれず、僕はその誘いを受けた。%K%P
「では、一緒に行きましょう？　相合い傘でも構いませんよね？」%K%P
「では、一緒に行きましょう？　相合い傘でも構いませんよね？」%K%P
「あっ、は、はい」%K%P
「あっ、は、はい」%K%P
思いがけず、女の子との相合い傘。%K%P
思いがけず、女の子との相合い傘。%K%P
濡れないようにという気遣いからか、自然と距離は近づいて、僕の頭は緊張で真っ白になっていた。%K%P
濡れないようにという気遣いからか、自然と距離は近づいて、僕の頭は緊張で真っ白になっていた。%K%P
「あ、あの、な、なに、ここ……？」%K%P
「あ、あの、な、なに、ここ……？」%K%P
「なに、というと？」%K%P
「なに、というと？」%K%P
「いや、てっきりファミレスとか、そういうところで話をするんじゃないかな、と……」%K%P
「いや、てっきりファミレスとか、そういうところで話をするんじゃないかな、と……」%K%P
「そんなことはできないわ。この食事は、あなたの歌に対する感謝も兼ねているんだもの」%K%P
「そんなことはできないわ。この食事は、あなたの歌に対する感謝も兼ねているんだもの」%K%P
「あなたの歌には、それだけの価値があるの」%K%P
「あなたの歌には、それだけの価値があるの」%K%P
「そ、そうなんだ……」%K%P
「そ、そうなんだ……」%K%P
思いの外きっぱりと言い切られて、思わずたじろいでしまう。%K%P
思いの外きっぱりと言い切られて、思わずたじろいでしまう。%K%P
強引とはまた少し違うけど、押しが強いというか、積極的というか。%K%P
強引とはまた少し違うけど、押しが強いというか、積極的というか。%K%P
「実はその、テーブルマナーとか、よくわからないんだけど……」%K%P
「実はその、テーブルマナーとか、よくわからないんだけど……」%K%P
「大丈夫よ、和泉さん。ここは個室だから、あまり気にしないでも」%K%P
「大丈夫よ、和泉さん。ここは個室だから、あまり気にしないでも」%K%P
「マナーも確かに大切だけど、なによりもまず、美味しく食べることが一番でしょ？」%K%P
「マナーも確かに大切だけど、なによりもまず、美味しく食べることが一番でしょ？」%K%P
「う、うん。ありがとう」%K%P
「う、うん。ありがとう」%K%P
なんともいたれりつくせり、って――――、%K%P
なんともいたれりつくせり、って――――、%K%P
「……あの、自己紹介、した？」%K%P
「……あの、自己紹介、した？」%K%P
「ええ。ここへ向かう途中で」%K%P
「ええ。ここへ向かう途中で」%K%P
「あ、そ、そう……？」%K%P
「あ、そ、そう……？」%K%P
相合い傘なんてイベントで緊張したせいか、ここへ向かう道中の会話をあんまり覚えてない。%K%P
相合い傘なんてイベントで緊張したせいか、ここへ向かう道中の会話をあんまり覚えてない。%K%P
さっきより口調が少し親しくなっているのも、おそらくはその道中の影響に違いない。%K%P
さっきより口調が少し親しくなっているのも、おそらくはその道中の影響に違いない。%K%P
……余計なこと、言ってないといいけど。%K%P
……余計なこと、言ってないといいけど。%K%P
やがて運ばれてきた料理は、味はもちろん見映えや彩りも店内の雰囲気に相応しいグレードだった。%K%P
やがて運ばれてきた料理は、味はもちろん見映えや彩りも店内の雰囲気に相応しいグレードだった。%K%P
最初は少し遠慮していた僕も、空腹だったことも手伝い、次第に料理に夢中になっていって。%K%P
最初は少し遠慮していた僕も、空腹だったことも手伝い、次第に料理に夢中になっていって。%K%P
食べながら話すうち緊張もほぐれて、西條さんと僕は少しずつ打ち解けていった。%K%P
食べながら話すうち緊張もほぐれて、西條さんと僕は少しずつ打ち解けていった。%K%P
「あの……それで、お願いっていうのは？」%K%P
「あの……それで、お願いっていうのは？」%K%P
「その前にひとつ教えて。和泉さんはどうしてあの広場で歌っていたの？」%K%P
「その前にひとつ教えて。和泉さんはどうしてあの広場で歌っていたの？」%K%P
「それは、ええと……」%K%P
「それは、ええと……」%K%P
困った。どう説明するのがいいんだろう。%K%P
困った。どう説明するのがいいんだろう。%K%P
これだけ御馳走してもらったし、隠すつもりもないけれど……あんな話、信じてもらえるだろうか。%K%P
これだけ御馳走してもらったし、隠すつもりもないけれど……あんな話、信じてもらえるだろうか。%K%P
「……和泉さん？」%K%P
「……和泉さん？」%K%P
「あ、ごめん。どう話していいものか、少し考えていて」%K%P
「あ、ごめん。どう話していいものか、少し考えていて」%K%P
……こればかりは仕方ない、素直に話そう。%K%P
……こればかりは仕方ない、素直に話そう。%K%P
「嘘っぽく聞こえるかもしれないけど、生活費を稼ぐために歌っていたんだ」%K%P
「嘘っぽく聞こえるかもしれないけど、生活費を稼ぐために歌っていたんだ」%K%P
「生活費……？」%K%P
「生活費……？」%K%P
「実は――――」%K%P
「実は――――」%K%P
それから僕は、西條さんに昨日からの出来事を順を追って説明した。%K%P
それから僕は、西條さんに昨日からの出来事を順を追って説明した。%K%P
「連絡の行き違いで、泊まるところがない……」%K%P
「連絡の行き違いで、泊まるところがない……」%K%P
「うん。なんとも恥ずかしい話なんだけど……」%K%P
「うん。なんとも恥ずかしい話なんだけど……」%K%P
「なるほど、それで歌を……」%K%P
「なるほど、それで歌を……」%K%P
西條さんの顔が、わずかに神妙になる。%K%P
西條さんの顔が、わずかに神妙になる。%K%P
当事者である僕が言えたことじゃないけど、なんとも無茶というか、無鉄砲というか。%K%P
当事者である僕が言えたことじゃないけど、なんとも無茶というか、無鉄砲というか。%K%P
こんなの、呆れられたとしても無理はない。%K%P
こんなの、呆れられたとしても無理はない。%K%P
「でも、危なくはないの？」%K%P
「でも、危なくはないの？」%K%P
「諸外国に比べれば日本の治安は良い方かと思うけど、あなたのような子が、そんな暮らしは……」%K%P
「諸外国に比べれば日本の治安は良い方かと思うけど、あなたのような子が、そんな暮らしは……」%K%P
「さすがに野宿が視野に入るようなら、素直に親に連絡するつもりだから」%K%P
「さすがに野宿が視野に入るようなら、素直に親に連絡するつもりだから」%K%P
「ただ、こういう経験が、自分にとってプラスになるような気もしてて」%K%P
「ただ、こういう経験が、自分にとってプラスになるような気もしてて」%K%P
「ほら、若いうちの苦労は、買ってでも……なんて言うでしょ？　あれと似てるかも」%K%P
「ほら、若いうちの苦労は、買ってでも……なんて言うでしょ？　あれと似てるかも」%K%P
「色々と経験しておけば、将来苦しかったとき、あの時と比べればまだまだ、なんて支えになるかと思って」%K%P
「色々と経験しておけば、将来苦しかったとき、あの時と比べればまだまだ、なんて支えになるかと思って」%K%P
「そう……」%K%P
「そう……」%K%P
僕の話を聞き終えて、西條さんは微かに笑った。%K%P
僕の話を聞き終えて、西條さんは微かに笑った。%K%P
嘲笑ではなく、どちらかというとホッとしたような、安堵したときに浮かべる、そんな笑みだ。%K%P
嘲笑ではなく、どちらかというとホッとしたような、安堵したときに浮かべる、そんな笑みだ。%K%P
「……実をいうと、和泉さんのことは姉から教えてもらったの」%K%P
「……実をいうと、和泉さんのことは姉から教えてもらったの」%K%P
「お姉さん？」%K%P
「お姉さん？」%K%P
「ええ。昨日あの公園で、とても心に響く歌を聞いた、って」%K%P
「ええ。昨日あの公園で、とても心に響く歌を聞いた、って」%K%P
「だからわたしは今日、公園に足を運んだの。その歌を、この耳で確かめたくて」%K%P
「だからわたしは今日、公園に足を運んだの。その歌を、この耳で確かめたくて」%K%P
「昨日いたからって、今日もいるかどうかもわからないのに？」%K%P
「昨日いたからって、今日もいるかどうかもわからないのに？」%K%P
「いなければ、毎日通うつもりだったから」%K%P
「いなければ、毎日通うつもりだったから」%K%P
「……」%K%P
「……」%K%P
あっさり言い切られて、言葉に詰まる。%K%P
あっさり言い切られて、言葉に詰まる。%K%P
「だけど、こうして会えたでしょ？」%K%P
「だけど、こうして会えたでしょ？」%K%P
「そして短い時間だけど、あなたの歌を聴いて、わたしは和泉さんが相応しいと確信したわ」%K%P
「そして短い時間だけど、あなたの歌を聴いて、わたしは和泉さんが相応しいと確信したわ」%K%P
「ふさわしい、って……なんのこと？」%K%P
「ふさわしい、って……なんのこと？」%K%P
「あっ、ごめんなさい。話す順番があべこべになってしまったわね」%K%P
「あっ、ごめんなさい。話す順番があべこべになってしまったわね」%K%P
「わたしはずっと歌手を探していたの」%K%P
「わたしはずっと歌手を探していたの」%K%P
「歌手？」%K%P
「歌手？」%K%P
「うん。わたしの通っている深皇学園では、１ヶ月後に深皇祭というイベントが開催されるの」%K%P
「うん。わたしの通っている深皇学園では、１ヶ月後に深皇祭というイベントが開催されるの」%K%P
「深皇祭では歌の上手い学生が２人必要なんだけど、そのうち１人が辞退してしまって……」%K%P
「深皇祭では歌の上手い学生が２人必要なんだけど、そのうち１人が辞退してしまって……」%K%P
「もちろん、すぐに学内から代役を募集したんだけど、候補は見つからなかったの」%K%P
「もちろん、すぐに学内から代役を募集したんだけど、候補は見つからなかったの」%K%P
「このままだと、深皇祭をきちんとした形で開催することができなくなってしまうかもしれない……」%K%P
「このままだと、深皇祭をきちんとした形で開催することができなくなってしまうかもしれない……」%K%P
「つまり、その役に――」%K%P
「つまり、その役に――」%K%P
「ええ」%K%P
「ええ」%K%P
自分を指さしつつ問い掛けると、西條さんが頷く。%K%P
自分を指さしつつ問い掛けると、西條さんが頷く。%K%P
「……ダメ、かしら？」%K%P
「……ダメ、かしら？」%K%P
「いや、いきなり言われても……」%K%P
「いや、いきなり言われても……」%K%P
お願いと言われたとき、歌唱依頼の可能性も考えてはいたけど、思ったより事情がありそうだ。%K%P
お願いと言われたとき、歌唱依頼の可能性も考えてはいたけど、思ったより事情がありそうだ。%K%P
「そのイベントって、学園祭みたいなもの？」%K%P
「そのイベントって、学園祭みたいなもの？」%K%P
「ええ、だいたいは」%K%P
「ええ、だいたいは」%K%P
「歌う人は在学生じゃなくてもいいの？」%K%P
「歌う人は在学生じゃなくてもいいの？」%K%P
「それは、その……」%K%P
「それは、その……」%K%P
「その点については、これから学園側と交渉できればと考えていて……」%K%P
「その点については、これから学園側と交渉できればと考えていて……」%K%P
「まだ許可はとれてない、ってこと？」%K%P
「まだ許可はとれてない、ってこと？」%K%P
「うん。……学外からでも探そうって思ったのは、ついこの間のことだから」%K%P
「うん。……学外からでも探そうって思ったのは、ついこの間のことだから」%K%P
今まで凛とした態度で話していた西條さんが、なんとも小さな声で呟く。%K%P
今まで凛とした態度で話していた西條さんが、なんとも小さな声で呟く。%K%P
しっかりものな感じがしたけれど、でも、そればっかりってわけでもなさそうだ。%K%P
しっかりものな感じがしたけれど、でも、そればっかりってわけでもなさそうだ。%K%P
「つまり、引き受けた場合はゲストみたいな扱いになるってことかな？」%K%P
「つまり、引き受けた場合はゲストみたいな扱いになるってことかな？」%K%P
「おそらくは」%K%P
「おそらくは」%K%P
「無理なお願いだというのは承知しているわ」%K%P
「無理なお願いだというのは承知しているわ」%K%P
「でも、わたしはあなたに歌姫になってほしい」%K%P
「でも、わたしはあなたに歌姫になってほしい」%K%P
「……え？」%K%P
「……え？」%K%P
いま、確かに『歌姫』っていったよね……？%K%P
いま、確かに『歌姫』っていったよね……？%K%P
姫、ってことは、つまり――――、%K%P
姫、ってことは、つまり――――、%K%P
「……その歌手って、女性が務めるの？」%K%P
「……その歌手って、女性が務めるの？」%K%P
「そうだけど……？」%K%P
「そうだけど……？」%K%P
きょとん、と綾香さんが僕を見つめる。%K%P
きょとん、と綾香さんが僕を見つめる。%K%P
……まさか、とは思うけど。%K%P
……まさか、とは思うけど。%K%P
「あの、西條さん。僕、男なんだけど……」%K%P
「あの、西條さん。僕、男なんだけど……」%K%P
「え……？」%K%P
「え……？」%K%P
さっきよりも不思議そうな顔で首を傾げる。%K%P
さっきよりも不思議そうな顔で首を傾げる。%K%P
どうやら西條さんは、僕が何を言っているのか、本気でわかっていない様子だった。%K%P
どうやら西條さんは、僕が何を言っているのか、本気でわかっていない様子だった。%K%P
「ごめんね、僕、男なんだ。なんだったら、パスポートを見せてもいいけど……」%K%P
「ごめんね、僕、男なんだ。なんだったら、パスポートを見せてもいいけど……」%K%P
「で、でででも、あんなに高い声で、歌を――」%K%P
「で、でででも、あんなに高い声で、歌を――」%K%P
「そういう歌唱法があるんだ。テノールとか、カウンターテナーって聞いたことない？」%K%P
「そういう歌唱法があるんだ。テノールとか、カウンターテナーって聞いたことない？」%K%P
「あっ……それなら、なんとなく……」%K%P
「あっ……それなら、なんとなく……」%K%P
「僕はそのなかでも高い音域を出せる、ソプラニスタなんだよ」%K%P
「僕はそのなかでも高い音域を出せる、ソプラニスタなんだよ」%K%P
「……といっても、まだまだ勉強中なんだけど」%K%P
「……といっても、まだまだ勉強中なんだけど」%K%P
「つまり、和泉さんは本当に……？」%K%P
「つまり、和泉さんは本当に……？」%K%P
「うん。正真正銘、男です」%K%P
「うん。正真正銘、男です」%K%P
なんだか申し訳ない気持ちになりつつ、頷く。%K%P
なんだか申し訳ない気持ちになりつつ、頷く。%K%P
「あっ……あ、ごっ、ごめんなさいっ。わたしったら、なんていう思い違いをっ……」%K%P
「あっ……あ、ごっ、ごめんなさいっ。わたしったら、なんていう思い違いをっ……」%K%P
西條さんの顔がみるみる真っ赤になっていく。%K%P
西條さんの顔がみるみる真っ赤になっていく。%K%P
「西條さん、僕をずっと女の子だと思ってた？」%K%P
「西條さん、僕をずっと女の子だと思ってた？」%K%P
「ん……」%K%P
「ん……」%K%P
伏し目がちに、だけど小さく頷く西條さん。%K%P
伏し目がちに、だけど小さく頷く西條さん。%K%P
「わたし、和泉さんの歌声を聞いた瞬間、この人しかいないって思い込んでしまって……」%K%P
「わたし、和泉さんの歌声を聞いた瞬間、この人しかいないって思い込んでしまって……」%K%P
「いや、こんなふうに間違えられるのは今回がはじめてじゃないから、僕も慣れてるというか……」%K%P
「いや、こんなふうに間違えられるのは今回がはじめてじゃないから、僕も慣れてるというか……」%K%P
「だから、そんなに気にせずに……ね？」%K%P
「だから、そんなに気にせずに……ね？」%K%P
変な弁解をしてるとは思うけど、顔を真っ赤に染めた西條さんを責める気にもなれない。%K%P
変な弁解をしてるとは思うけど、顔を真っ赤に染めた西條さんを責める気にもなれない。%K%P
「……だけど、そうなると、さっきの話は引き受けられそうにないね」%K%P
「……だけど、そうなると、さっきの話は引き受けられそうにないね」%K%P
「探しているのが女の子である以上、僕じゃ条件には合わないだろうし」%K%P
「探しているのが女の子である以上、僕じゃ条件には合わないだろうし」%K%P
歌の上手い女の子の知り合いがいれば紹介することもできたけど、残念ながら心当たりはない。%K%P
歌の上手い女の子の知り合いがいれば紹介することもできたけど、残念ながら心当たりはない。%K%P
「でも、僕に出来ることがあれば何でも言って。このランチのお礼はしたいから」%K%P
「でも、僕に出来ることがあれば何でも言って。このランチのお礼はしたいから」%K%P
「お礼なんてとんでもないわ。わたしのほうこそ、勝手な勘違いで和泉さんを振り回して……」%K%P
「お礼なんてとんでもないわ。わたしのほうこそ、勝手な勘違いで和泉さんを振り回して……」%K%P
「でも、悪気があったわけじゃないでしょ？　僕なら気にしてないから、西條さんも気にしないで」%K%P
「でも、悪気があったわけじゃないでしょ？　僕なら気にしてないから、西條さんも気にしないで」%K%P
「……ありがとう、和泉さん」%K%P
「……ありがとう、和泉さん」%K%P
ほっとした様子で、西條さんが微笑む。%K%P
ほっとした様子で、西條さんが微笑む。%K%P
「それなら、また歌を聞かせてくれる？　今度はできれば、ゆっくりと」%K%P
「それなら、また歌を聞かせてくれる？　今度はできれば、ゆっくりと」%K%P
「うん。それなら、僕の連絡先を教えるから――」%K%P
「うん。それなら、僕の連絡先を教えるから――」%K%P
携帯を取り出すと、タイミング良く電子音が鳴り出した。%K%P
携帯を取り出すと、タイミング良く電子音が鳴り出した。%K%P
けど、それは僕ではなく西條さんのものだ。%K%P
けど、それは僕ではなく西條さんのものだ。%K%P
「ごめんなさい。少し、席を外しても」%K%P
「ごめんなさい。少し、席を外しても」%K%P
「うん」%K%P
「うん」%K%P
携帯の画面を見た西條さんは、僕に頭を下げると個室から出て行った。%K%P
携帯の画面を見た西條さんは、僕に頭を下げると個室から出て行った。%K%P
「んー……」%K%P
「んー……」%K%P
一人になり、思わず腕を組んでしまう。%K%P
一人になり、思わず腕を組んでしまう。%K%P
さっきの話、断ることにはなってしまったけど、どうしても気になる。%K%P
さっきの話、断ることにはなってしまったけど、どうしても気になる。%K%P
なにより、僕の歌を気に入ってくれた西條さんのためにも依頼を引き受けてあげたいけど、彼女が探しているのは歌姫――――女の子だ。%K%P
なにより、僕の歌を気に入ってくれた西條さんのためにも依頼を引き受けてあげたいけど、彼女が探しているのは歌姫――――女の子だ。%K%P
僕はソプラニスタだし、歌声だけで考えれば何とかなりそうな気もするけど、性別は変えようがない。%K%P
僕はソプラニスタだし、歌声だけで考えれば何とかなりそうな気もするけど、性別は変えようがない。%K%P
「うぅ、なんだかこんなのばっかりかも……」%K%P
「うぅ、なんだかこんなのばっかりかも……」%K%P
今朝見つけたアルバイト募集も、条件が女性のみだったせいで諦めるしかなかった。%K%P
今朝見つけたアルバイト募集も、条件が女性のみだったせいで諦めるしかなかった。%K%P
いっそ僕が女の子だったら、どれだけ――――、%K%P
いっそ僕が女の子だったら、どれだけ――――、%K%P
「ごめんなさい、待たせしてしまって」%K%P
「ごめんなさい、待たせしてしまって」%K%P
「平気だよ。それより電話は大丈夫だった？」%K%P
「平気だよ。それより電話は大丈夫だった？」%K%P
「その事なんだけど、いまの電話、学園長からだったの」%K%P
「その事なんだけど、いまの電話、学園長からだったの」%K%P
「学園長って……西條さんの通う学園の？」%K%P
「学園長って……西條さんの通う学園の？」%K%P
「学園長が、直接電話を……？」%K%P
「学園長が、直接電話を……？」%K%P
「そうよ？」%K%P
「そうよ？」%K%P
当たり前のように頷く西條さん。%K%P
当たり前のように頷く西條さん。%K%P
学園長が学生の携帯に直接電話をかけてくるなんて、あんまり聞いたことがないんだけど……。%K%P
学園長が学生の携帯に直接電話をかけてくるなんて、あんまり聞いたことがないんだけど……。%K%P
「それで、和泉さんにお願いがあるの」%K%P
「それで、和泉さんにお願いがあるの」%K%P
「急な話で申し訳ないんだけど、いまからわたしと学園に来てもらうことはできないかしら？」%K%P
「急な話で申し訳ないんだけど、いまからわたしと学園に来てもらうことはできないかしら？」%K%P
「でも、さっき僕は男だって――」%K%P
「でも、さっき僕は男だって――」%K%P
「わかってるわ。その上で、学園長が和泉さんに会いたい、って」%K%P
「わかってるわ。その上で、学園長が和泉さんに会いたい、って」%K%P
「……いいの？」%K%P
「……いいの？」%K%P
「ええ。わたしも驚いたんだけど……」%K%P
「ええ。わたしも驚いたんだけど……」%K%P
男と知っていて会いたいってことは、僕でも依頼を受けられる可能性がある、ってことなのかな……？%K%P
男と知っていて会いたいってことは、僕でも依頼を受けられる可能性がある、ってことなのかな……？%K%P
だとしたら、行ってみる価値はあるかもしれない。%K%P
だとしたら、行ってみる価値はあるかもしれない。%K%P
「もちろん無理強いはしないし、和泉さんの都合が悪いなら、日を改めて――」%K%P
「もちろん無理強いはしないし、和泉さんの都合が悪いなら、日を改めて――」%K%P
「大丈夫、べつに予定はないから」%K%P
「大丈夫、べつに予定はないから」%K%P
明日の予定どころか、今夜の宿すら決まってない僕に、悪い都合があるはずもない。%K%P
明日の予定どころか、今夜の宿すら決まってない僕に、悪い都合があるはずもない。%K%P
「じゃあ、案内してもらってもいいかな？」%K%P
「じゃあ、案内してもらってもいいかな？」%K%P
「うん。ありがとう、和泉さん」%K%P
「うん。ありがとう、和泉さん」%K%P
胸を撫で下ろす西條さんに、僕までホッとする。%K%P
胸を撫で下ろす西條さんに、僕までホッとする。%K%P
初対面の相手を信用しすぎな気もするけど、こんな食事を御馳走になって、ただ帰るのも忍びない。%K%P
初対面の相手を信用しすぎな気もするけど、こんな食事を御馳走になって、ただ帰るのも忍びない。%K%P
それに、西條さんのような女の子が通っている学園に、興味もあるしね。%K%P
それに、西條さんのような女の子が通っている学園に、興味もあるしね。%K%P
「うわ、すごい……」%K%P
「うわ、すごい……」%K%P
一言で表すなら、きっと荘厳。%K%P
一言で表すなら、きっと荘厳。%K%P
さっきのレストランのグレードや、そこでの振る舞いを見て、彼女はお嬢様に違いないと思っていた。%K%P
さっきのレストランのグレードや、そこでの振る舞いを見て、彼女はお嬢様に違いないと思っていた。%K%P
だから通っている学園も、きっとすごいところなんだろうとは思っていたけど……。%K%P
だから通っている学園も、きっとすごいところなんだろうとは思っていたけど……。%K%P
「ふふっ、素敵な建物でしょ？」%K%P
「ふふっ、素敵な建物でしょ？」%K%P
どこか嬉しそうに西條さんが微笑む。%K%P
どこか嬉しそうに西條さんが微笑む。%K%P
「うん。これはすごい……」%K%P
「うん。これはすごい……」%K%P
近代洋風建築の校舎をもつ学園は少なくないけれど、こんなに立派なものはなかなかないだろう。%K%P
近代洋風建築の校舎をもつ学園は少なくないけれど、こんなに立派なものはなかなかないだろう。%K%P
「……なんだか留学先に戻ってきたみたい」%K%P
「……なんだか留学先に戻ってきたみたい」%K%P
「和泉さんの留学先ってヨーロッパなの？」%K%P
「和泉さんの留学先ってヨーロッパなの？」%K%P
「そうだけど……もしかして、この建物は西欧建築の影響を受けてるとか？」%K%P
「そうだけど……もしかして、この建物は西欧建築の影響を受けてるとか？」%K%P
「建物というより、学園そのものよ。深皇はヨーロッパの、とある女学院をお手本にして設立されたの」%K%P
「建物というより、学園そのものよ。深皇はヨーロッパの、とある女学院をお手本にして設立されたの」%K%P
「ちなみに、お手本にしたアリアンロッド女学院とは、姉妹校として親交もあるのよ」%K%P
「ちなみに、お手本にしたアリアンロッド女学院とは、姉妹校として親交もあるのよ」%K%P
「そっか、それで……」%K%P
「そっか、それで……」%K%P
初めてくるはずなのに妙な懐かしさを感じてしまったのは、その雰囲気に親近感があるからなんだ。%K%P
初めてくるはずなのに妙な懐かしさを感じてしまったのは、その雰囲気に親近感があるからなんだ。%K%P
「行きましょう、和泉さん。案内するわ」%K%P
「行きましょう、和泉さん。案内するわ」%K%P
「でも、ずいぶんと静かなんだね」%K%P
「でも、ずいぶんと静かなんだね」%K%P
「今日は日曜だもの」%K%P
「今日は日曜だもの」%K%P
「あっ、そうか……」%K%P
「あっ、そうか……」%K%P
帰国してからずっとバタバタしていたせいで、曜日感覚がすっかり抜け落ちている。%K%P
帰国してからずっとバタバタしていたせいで、曜日感覚がすっかり抜け落ちている。%K%P
でも、平日なら学生である綾香さんが昼間から出歩いているわけがないか。%K%P
でも、平日なら学生である綾香さんが昼間から出歩いているわけがないか。%K%P
「けど、学園に来ている子もいるわよ。外から声が聞こえるでしょ？」%K%P
「けど、学園に来ている子もいるわよ。外から声が聞こえるでしょ？」%K%P
言われて窓の外を見ると、数人の女の子が見えた。%K%P
言われて窓の外を見ると、数人の女の子が見えた。%K%P
なんだか見た事のない格好をしているけど、あのプロテクターみたいなのはなんだろう。%K%P
なんだか見た事のない格好をしているけど、あのプロテクターみたいなのはなんだろう。%K%P
なにかのスポーツ、かな……？%K%P
なにかのスポーツ、かな……？%K%P
「ついたわ。ここよ、和泉さん」%K%P
「ついたわ。ここよ、和泉さん」%K%P
「あ、うん」%K%P
「あ、うん」%K%P
「って、音楽室……？」%K%P
「って、音楽室……？」%K%P
ドアの上のプレートには、そう書かれている。%K%P
ドアの上のプレートには、そう書かれている。%K%P
「学園長室とかじゃないの？」%K%P
「学園長室とかじゃないの？」%K%P
「ここのほうが人が来ないからいいだろう、って」%K%P
「ここのほうが人が来ないからいいだろう、って」%K%P
「さあ、入って」%K%P
「さあ、入って」%K%P
ノックした後、西條さんがドアを開ける。%K%P
ノックした後、西條さんがドアを開ける。%K%P
室内に入ると、女性がひとり立っていた。%K%P
室内に入ると、女性がひとり立っていた。%K%P
学園長というからには、それなりに高齢かと思っていたけど……想像よりも全然若い。%K%P
学園長というからには、それなりに高齢かと思っていたけど……想像よりも全然若い。%K%P
「やっぱり、あなたでしたね」%K%P
「やっぱり、あなたでしたね」%K%P
入ってきた僕を見るなり、学園長と思われる女性がにっこりと微笑む。%K%P
入ってきた僕を見るなり、学園長と思われる女性がにっこりと微笑む。%K%P
「あの、どこかで……？」%K%P
「あの、どこかで……？」%K%P
「覚えていませんか？　昨日、公園で歌っていたあなたの帽子に、こうしてお金を――」%K%P
「覚えていませんか？　昨日、公園で歌っていたあなたの帽子に、こうしてお金を――」%K%P
「あっ……あ、ああっ……！？」%K%P
「あっ……あ、ああっ……！？」%K%P
そうだ。この人、僕の帽子にお札を――――、%K%P
そうだ。この人、僕の帽子にお札を――――、%K%P
「ふふっ、良かった。覚えていて貰えて」%K%P
「ふふっ、良かった。覚えていて貰えて」%K%P
「初めまして。私は深皇学園、学園長代理をしています、西條法子と申します」%K%P
「初めまして。私は深皇学園、学園長代理をしています、西條法子と申します」%K%P
「えっ？　西條ってことは、もしかして」%K%P
「えっ？　西條ってことは、もしかして」%K%P
「妹がご迷惑をかけませんでしたか？」%K%P
「妹がご迷惑をかけませんでしたか？」%K%P
「ね、姉さんっ。わたしはちゃんと失礼のないようにしました」%K%P
「ね、姉さんっ。わたしはちゃんと失礼のないようにしました」%K%P
「もう、綾香ちゃん。学内でその呼び方はやめなさいと言っているでしょう？」%K%P
「もう、綾香ちゃん。学内でその呼び方はやめなさいと言っているでしょう？」%K%P
そのやりとりを聞き、胸のつかえがひとつとれた。%K%P
そのやりとりを聞き、胸のつかえがひとつとれた。%K%P
一般学生に学園長が電話をかけるなんておかしいと思ったけど、姉妹となれば話は別だ。%K%P
一般学生に学園長が電話をかけるなんておかしいと思ったけど、姉妹となれば話は別だ。%K%P
「あっ、自己紹介が遅れました。僕は――」%K%P
「あっ、自己紹介が遅れました。僕は――」%K%P
「存じています。和泉司さん、ですよね？」%K%P
「存じています。和泉司さん、ですよね？」%K%P
あれ？　なんで名前を――――、%K%P
あれ？　なんで名前を――――、%K%P
「……あっ、そっか。電話で西條さんから僕の名前を聞いていて、それで」%K%P
「……あっ、そっか。電話で西條さんから僕の名前を聞いていて、それで」%K%P
「いえ。あの子からは、なにも」%K%P
「いえ。あの子からは、なにも」%K%P
「でも、昨日の今日であの子が連れてくる男の子といえば、心当たりはそれしかありませんでしたから」%K%P
「でも、昨日の今日であの子が連れてくる男の子といえば、心当たりはそれしかありませんでしたから」%K%P
そういえばさっき、第一声がやっぱり、って……。%K%P
そういえばさっき、第一声がやっぱり、って……。%K%P
「でも、それならどうして僕の名前まで？」%K%P
「でも、それならどうして僕の名前まで？」%K%P
「実は、昨日の歌声があまりにも素敵だったもので、気になって今朝から少し調べてみたんです」%K%P
「実は、昨日の歌声があまりにも素敵だったもので、気になって今朝から少し調べてみたんです」%K%P
「あれほどの歌唱力ならば、プロか、あるいはそれに近い立場の人ではないかと」%K%P
「あれほどの歌唱力ならば、プロか、あるいはそれに近い立場の人ではないかと」%K%P
「そうしたら、ある音楽雑誌のインタビュー記事に、和泉さんが載っているのを見つけました」%K%P
「そうしたら、ある音楽雑誌のインタビュー記事に、和泉さんが載っているのを見つけました」%K%P
「容姿、歌声ともに中性的な、稀代のソプラニスタになる可能性を秘めた青年がいる、と」%K%P
「容姿、歌声ともに中性的な、稀代のソプラニスタになる可能性を秘めた青年がいる、と」%K%P
「うわ、あれか……」%K%P
「うわ、あれか……」%K%P
学園長の言う雑誌は、すぐに思いあたった。%K%P
学園長の言う雑誌は、すぐに思いあたった。%K%P
留学前に１度だけ、どうしてもと頼まれて雑誌の取材を受けたことがある。%K%P
留学前に１度だけ、どうしてもと頼まれて雑誌の取材を受けたことがある。%K%P
僕の留学先が日本人ソプラニスタを受け入れるのは初めてってことで、ちょっと注目を浴びたんだ。%K%P
僕の留学先が日本人ソプラニスタを受け入れるのは初めてってことで、ちょっと注目を浴びたんだ。%K%P
「雑誌の取材、って……和泉さん、そんなにすごい人なの？」%K%P
「雑誌の取材、って……和泉さん、そんなにすごい人なの？」%K%P
「そうよ。和泉さんは全日本コンクールに出場されて、声楽部門で賞をとられたこともあるんだから」%K%P
「そうよ。和泉さんは全日本コンクールに出場されて、声楽部門で賞をとられたこともあるんだから」%K%P
「ま、まあ……はい」%K%P
「ま、まあ……はい」%K%P
「全日本コンクールで入賞……」%K%P
「全日本コンクールで入賞……」%K%P
僕をじっと見つめ、西條さんが息を漏らす。%K%P
僕をじっと見つめ、西條さんが息を漏らす。%K%P
まさか自分の来歴を語られるなんて思っていなかったから、恥ずかしいやら恐縮するやら。%K%P
まさか自分の来歴を語られるなんて思っていなかったから、恥ずかしいやら恐縮するやら。%K%P
「実は私、昨夜の歌ですっかり和泉さんのファンになってしまったんです」%K%P
「実は私、昨夜の歌ですっかり和泉さんのファンになってしまったんです」%K%P
「それで、よろしければ改めて歌を聴く機会を設けさせていただくことはできないかと思って」%K%P
「それで、よろしければ改めて歌を聴く機会を設けさせていただくことはできないかと思って」%K%P
「つまり、歌唱依頼をしたい、と……？」%K%P
「つまり、歌唱依頼をしたい、と……？」%K%P
「はい。といっても、これは私個人のお願いであって、学園長という立場とはなんの関係もありません」%K%P
「はい。といっても、これは私個人のお願いであって、学園長という立場とはなんの関係もありません」%K%P
「ですから、日を改めて――」%K%P
「ですから、日を改めて――」%K%P
「姉さ……学園長。そういうことなら、和泉さんにはぜひ、深皇祭で歌ってもらいましょう？」%K%P
「姉さ……学園長。そういうことなら、和泉さんにはぜひ、深皇祭で歌ってもらいましょう？」%K%P
「和泉さんほどの人なら歌姫として申し分ないわ」%K%P
「和泉さんほどの人なら歌姫として申し分ないわ」%K%P
……えっ？%K%P
……えっ？%K%P
「申し分ない、って……」%K%P
「申し分ない、って……」%K%P
「綾香ちゃん。あなた、自分が言ってることの意味がわかっているの？」%K%P
「綾香ちゃん。あなた、自分が言ってることの意味がわかっているの？」%K%P
「だけど、新たな歌姫の候補は見つからないままだし、深皇祭までの時間もあまり残っていないわ」%K%P
「だけど、新たな歌姫の候補は見つからないままだし、深皇祭までの時間もあまり残っていないわ」%K%P
「これから先、和泉さん以上の人を見つけられる保証もないでしょう？」%K%P
「これから先、和泉さん以上の人を見つけられる保証もないでしょう？」%K%P
「それは――」%K%P
「それは――」%K%P
「……確かに、私もこの学園で和泉さんが歌うところは見てみたいけれど……」%K%P
「……確かに、私もこの学園で和泉さんが歌うところは見てみたいけれど……」%K%P
「なら」%K%P
「なら」%K%P
それきり二人とも黙り込んでしまう。%K%P
それきり二人とも黙り込んでしまう。%K%P
「あっ、あの、ちょっといいですか？」%K%P
「あっ、あの、ちょっといいですか？」%K%P
「歌姫を探しているという話は、僕も西條さんからさっき聞きました」%K%P
「歌姫を探しているという話は、僕も西條さんからさっき聞きました」%K%P
「でも、そもそも男の僕が引き受けても平気なんですか？　探しているのは歌姫、なんですよね？」%K%P
「でも、そもそも男の僕が引き受けても平気なんですか？　探しているのは歌姫、なんですよね？」%K%P
「もちろん、女性でなくてはなりません」%K%P
「もちろん、女性でなくてはなりません」%K%P
「……ですが、和泉さんは歌声も容姿も、女の子として充分通用するだけのものをもっていますから」%K%P
「……ですが、和泉さんは歌声も容姿も、女の子として充分通用するだけのものをもっていますから」%K%P
「あ、う、うぅ……」%K%P
「あ、う、うぅ……」%K%P
思いがけない切り返しに、言葉が詰まる。%K%P
思いがけない切り返しに、言葉が詰まる。%K%P
「なら、たとえば僕が男として歌うのは駄目なんでしょうか？　姫ではなく、王子というか……」%K%P
「なら、たとえば僕が男として歌うのは駄目なんでしょうか？　姫ではなく、王子というか……」%K%P
自分で提案しておきながら、王子を自称したみたいでめちゃくちゃ恥ずかしくなってしまう。%K%P
自分で提案しておきながら、王子を自称したみたいでめちゃくちゃ恥ずかしくなってしまう。%K%P
「あいにく、それでは駄目なんです」%K%P
「あいにく、それでは駄目なんです」%K%P
「深皇にとって歌姫――――ディーバは、なくてはならない存在ですから」%K%P
「深皇にとって歌姫――――ディーバは、なくてはならない存在ですから」%K%P
「ディーバ……？」%K%P
「ディーバ……？」%K%P
「深皇祭のために選ばれた歌姫のことです。学園では敬愛の念をこめ、ディーバと呼んでいます」%K%P
「深皇祭のために選ばれた歌姫のことです。学園では敬愛の念をこめ、ディーバと呼んでいます」%K%P
「{歌姫:ディーバ}……」%K%P
「{歌姫:ディーバ}……」%K%P
その響きに、なぜだか心が強く惹かれた。%K%P
その響きに、なぜだか心が強く惹かれた。%K%P
「あの、学園長。そもそも、ここはどういう学園なんですか？　声楽や演劇を教えている、とか？」%K%P
「あの、学園長。そもそも、ここはどういう学園なんですか？　声楽や演劇を教えている、とか？」%K%P
「いいえ。深皇で教えているのは、騎士の志です」%K%P
「いいえ。深皇で教えているのは、騎士の志です」%K%P
「騎士って……あの、騎士ですか？　剣とか槍とかを持って戦う――」%K%P
「騎士って……あの、騎士ですか？　剣とか槍とかを持って戦う――」%K%P
「はい。といっても、本物の騎士を育てているわけではありません。あくまで志です」%K%P
「はい。といっても、本物の騎士を育てているわけではありません。あくまで志です」%K%P
「騎士のように、人を守る強さをもった人材を育てよう、というのが、この深皇学園の理念ですから」%K%P
「騎士のように、人を守る強さをもった人材を育てよう、というのが、この深皇学園の理念ですから」%K%P
「は、はぁ……」%K%P
「は、はぁ……」%K%P
思いがけない言葉を聞いて、曖昧に頷く。%K%P
思いがけない言葉を聞いて、曖昧に頷く。%K%P
敷地に足を踏み入れたときから厳かな雰囲気だとは思ったけど、まさか、そんな学園だったなんて。%K%P
敷地に足を踏み入れたときから厳かな雰囲気だとは思ったけど、まさか、そんな学園だったなんて。%K%P
「……あっ、じゃあ、さっき見かけた鎧みたいなのを着込んだ女の子は、もしかして」%K%P
「……あっ、じゃあ、さっき見かけた鎧みたいなのを着込んだ女の子は、もしかして」%K%P
「その子はおそらく{騎士:ワルキュリア}候補生だと思います」%K%P
「その子はおそらく{騎士:ワルキュリア}候補生だと思います」%K%P
「ワルキュリア、こうほせい……？」%K%P
「ワルキュリア、こうほせい……？」%K%P
「正式には、{La Valchiria:ラ・ヴァルキーリア}。\n優秀な学生に対する尊称のようなものです」%K%P
「正式には、{La Valchiria:ラ・ヴァルキーリア}。\n優秀な学生に対する尊称のようなものです」%K%P
「当学園では、深皇祭で剣舞や馬術を披露するために選ばれた１２人の学生を、そう呼んでいます」%K%P
「当学園では、深皇祭で剣舞や馬術を披露するために選ばれた１２人の学生を、そう呼んでいます」%K%P
「そして{歌姫:ディーバ}も、候補生と同じく毎年深皇祭にあわせて学生の中から２名選ばれます」%K%P
「そして{歌姫:ディーバ}も、候補生と同じく毎年深皇祭にあわせて学生の中から２名選ばれます」%K%P
「どうしてただの姫じゃなく、歌姫なんですか？」%K%P
「どうしてただの姫じゃなく、歌姫なんですか？」%K%P
「深皇設立の切っ掛けでもある姉妹校、ヨーロッパにあるアリアンロッド女学院に、歌姫が登場する伝承が残されているからです」%K%P
「深皇設立の切っ掛けでもある姉妹校、ヨーロッパにあるアリアンロッド女学院に、歌姫が登場する伝承が残されているからです」%K%P
「深き森に囚われた姫は、歌により騎士を導き、騎士は剣によって姫を救った、と」%K%P
「深き森に囚われた姫は、歌により騎士を導き、騎士は剣によって姫を救った、と」%K%P
「姫に、騎士……」%K%P
「姫に、騎士……」%K%P
思いがけない言葉の連続に、胸が騒ぐ。%K%P
思いがけない言葉の連続に、胸が騒ぐ。%K%P
物語や映画の中で、よく目にするその姿。%K%P
物語や映画の中で、よく目にするその姿。%K%P
僕が好きな歌の歌詞にも、姫や騎士、といった言葉が登場するものはいくつもある。%K%P
僕が好きな歌の歌詞にも、姫や騎士、といった言葉が登場するものはいくつもある。%K%P
「深皇祭のメインイベントの名は、{歌姫救出譚:プリンチペッサ・プレギエーラ}。伝承をモチーフにして考えられた、{歌姫:ディーバ}を助ける競技です」%K%P
「深皇祭のメインイベントの名は、{歌姫救出譚:プリンチペッサ・プレギエーラ}。伝承をモチーフにして考えられた、{歌姫:ディーバ}を助ける競技です」%K%P
「ですから、王子ではダメなんです。{歌姫:ディーバ}でなくてはなりません」%K%P
「ですから、王子ではダメなんです。{歌姫:ディーバ}でなくてはなりません」%K%P
「なるほど……」%K%P
「なるほど……」%K%P
「あとは、わたしが和泉さんに説明した通りよ」%K%P
「あとは、わたしが和泉さんに説明した通りよ」%K%P
「学内に{歌姫:ディーバ}の候補がいないのなら、あとは学外から探してくるしかないと思ったの」%K%P
「学内に{歌姫:ディーバ}の候補がいないのなら、あとは学外から探してくるしかないと思ったの」%K%P
「本当にとんでもないことを思いつくんだから」%K%P
「本当にとんでもないことを思いつくんだから」%K%P
「だけど、このままだと深皇祭がきちんとした形で開催できなくなってしまうかもしれないのよ？」%K%P
「だけど、このままだと深皇祭がきちんとした形で開催できなくなってしまうかもしれないのよ？」%K%P
「そんなことになったら、希実だって……」%K%P
「そんなことになったら、希実だって……」%K%P
言って、西條さんはわずかに顔を伏せた。%K%P
言って、西條さんはわずかに顔を伏せた。%K%P
どうやら色々と事情があるのは間違いなさそうだ。%K%P
どうやら色々と事情があるのは間違いなさそうだ。%K%P
ここで僕が{歌姫:ディーバ}役を引き受ければ、深皇祭は無事に開催できるかもしれない。%K%P
ここで僕が{歌姫:ディーバ}役を引き受ければ、深皇祭は無事に開催できるかもしれない。%K%P
――――正直、引き受けてあげたい。%K%P
――――正直、引き受けてあげたい。%K%P
でも、僕は男で、男である限り姫にはなれない。%K%P
でも、僕は男で、男である限り姫にはなれない。%K%P
「……ごめんね、西條さん。僕が女の子なら良かったんだけど」%K%P
「……ごめんね、西條さん。僕が女の子なら良かったんだけど」%K%P
「ううん。そう言ってくれるだけでも嬉しい」%K%P
「ううん。そう言ってくれるだけでも嬉しい」%K%P
「でも、残念だわ。和泉さんが女の子なら、きっと素敵な{歌姫:ディーバ}になれたと思うのに……」%K%P
「でも、残念だわ。和泉さんが女の子なら、きっと素敵な{歌姫:ディーバ}になれたと思うのに……」%K%P
「いや、それはさすがにないと思うけど……」%K%P
「いや、それはさすがにないと思うけど……」%K%P
「……和泉さんが、女の子だったら……」%K%P
「……和泉さんが、女の子だったら……」%K%P
「あの、どうかしたんですか？」%K%P
「あの、どうかしたんですか？」%K%P
「……和泉さん、女の子になってみる気はありませんか？」%K%P
「……和泉さん、女の子になってみる気はありませんか？」%K%P
「……へ？」%K%P
「……へ？」%K%P
「和泉さんは、容姿も声も中性的です。きちんと女性の装いをすれば、誰も男性だと気付かないかもしれません」%K%P
「和泉さんは、容姿も声も中性的です。きちんと女性の装いをすれば、誰も男性だと気付かないかもしれません」%K%P
「なっ――――」%K%P
「なっ――――」%K%P
「ままま待って待って待ってくださいっ……！！」%K%P
「ままま待って待って待ってくださいっ……！！」%K%P
「そっ、それってつまり、女の子のふりをして歌う、ってことですか？」%K%P
「そっ、それってつまり、女の子のふりをして歌う、ってことですか？」%K%P
は、はいっ？！%K%P
は、はいっ？！%K%P
「だ、だけど、イベントってことは、たくさんの人が見てるところで歌うってことですよね？　いくらなんでもバレちゃいますよっ！」%K%P
「だ、だけど、イベントってことは、たくさんの人が見てるところで歌うってことですよね？　いくらなんでもバレちゃいますよっ！」%K%P
「だいたい僕が女装したところで、女の子に見えるわけがないし……」%K%P
「だいたい僕が女装したところで、女の子に見えるわけがないし……」%K%P
それは、たまに間違えられる事もあるけど……でも、衆目の中で完全にバレないなんて無理だ。%K%P
それは、たまに間違えられる事もあるけど……でも、衆目の中で完全にバレないなんて無理だ。%K%P
「ね？　西條さんも、そう思うよね？」%K%P
「ね？　西條さんも、そう思うよね？」%K%P
「確かに……」%K%P
「確かに……」%K%P
「ほら、やっぱり――」%K%P
「ほら、やっぱり――」%K%P
「確かに和泉さんなら、ちゃんと女の子の装いをすれば、大丈夫かも」%K%P
「確かに和泉さんなら、ちゃんと女の子の装いをすれば、大丈夫かも」%K%P
なっ――――、%K%P
なっ――――、%K%P
「まっじでっ？！」%K%P
「まっじでっ？！」%K%P
まさかの同意？！　同意しちゃった？！%K%P
まさかの同意？！　同意しちゃった？！%K%P
「お、落ち着いて！　僕が女の子に見えるなんて、そんなことないよね？！」%K%P
「お、落ち着いて！　僕が女の子に見えるなんて、そんなことないよね？！」%K%P
「第一、ちゃんと女装をしたところで男なんだよ？　そんなの絶対にバレちゃうってば！」%K%P
「第一、ちゃんと女装をしたところで男なんだよ？　そんなの絶対にバレちゃうってば！」%K%P
「つまり、バレないぐらい女の子に見えるなら、{歌姫:ディーバ}を引き受けてもらえる、ということでいいの？」%K%P
「つまり、バレないぐらい女の子に見えるなら、{歌姫:ディーバ}を引き受けてもらえる、ということでいいの？」%K%P
「い、いや、今のは言葉のあやというかっ……！」%K%P
「い、いや、今のは言葉のあやというかっ……！」%K%P
「でも、わたしは和泉さんに言われるまで、あなたの事を女性だと信じて疑わなかったわ」%K%P
「でも、わたしは和泉さんに言われるまで、あなたの事を女性だと信じて疑わなかったわ」%K%P
「実は私も、昨晩の時点では女の子だと思っていたんですよ？」%K%P
「実は私も、昨晩の時点では女の子だと思っていたんですよ？」%K%P
「ほら」%K%P
「ほら」%K%P
「いや、ほらじゃないってば？！」%K%P
「いや、ほらじゃないってば？！」%K%P
「いまの格好でも女の子に見えるんです。きちんと用意をすれば、きっと」%K%P
「いまの格好でも女の子に見えるんです。きちんと用意をすれば、きっと」%K%P
「ないない、ないです！　そういうのないです！」%K%P
「ないない、ないです！　そういうのないです！」%K%P
「それなら和泉さん、試してみますか？」%K%P
「それなら和泉さん、試してみますか？」%K%P
「えっ？　た、試すって、なにを――」%K%P
「えっ？　た、試すって、なにを――」%K%P
「いまから深皇の制服を用意します。それを着た和泉さんの姿を見て、私たちがどう思うか」%K%P
「いまから深皇の制服を用意します。それを着た和泉さんの姿を見て、私たちがどう思うか」%K%P
「いきなりそんなこと言われても……！」%K%P
「いきなりそんなこと言われても……！」%K%P
「和泉さんの意見はもっともです。すぐに男性だとバレるようでは、{歌姫:ディーバ}を務められません」%K%P
「和泉さんの意見はもっともです。すぐに男性だとバレるようでは、{歌姫:ディーバ}を務められません」%K%P
「ですが、和泉さんを男性だと知っている私たちが納得してしまうほど、女の子になりきれたら……」%K%P
「ですが、和泉さんを男性だと知っている私たちが納得してしまうほど、女の子になりきれたら……」%K%P
「でっ、でもっ」%K%P
「でっ、でもっ」%K%P
「よければ私が着替えをお手伝いしますよ？」%K%P
「よければ私が着替えをお手伝いしますよ？」%K%P
「いいえ、わたしがやるわ。そもそも和泉さんにお願いしたのはわたしなんだから、わたしが――」%K%P
「いいえ、わたしがやるわ。そもそも和泉さんにお願いしたのはわたしなんだから、わたしが――」%K%P
「じじじじ自分でやりますっ！」%K%P
「じじじじ自分でやりますっ！」%K%P
「うぅ……」%K%P
「うぅ……」%K%P
その後、学園長が用意してくれた制服を眺めて、思わず頭を抱えてしまう。%K%P
その後、学園長が用意してくれた制服を眺めて、思わず頭を抱えてしまう。%K%P
まさか、こんな展開になるなんて……。%K%P
まさか、こんな展開になるなんて……。%K%P
でも、さすがにこの可愛い制服がばっちり似合う！　なんてことはないだろうし……。%K%P
でも、さすがにこの可愛い制服がばっちり似合う！　なんてことはないだろうし……。%K%P
とりあえず、ウィッグと上着だけでもいい、って言われたし、スカートは後回しで……。%K%P
とりあえず、ウィッグと上着だけでもいい、って言われたし、スカートは後回しで……。%K%P
っと、これ、上着は、これ……うわ、作りが結構複雑で、どうすれば、いいのかな……。%K%P
っと、これ、上着は、これ……うわ、作りが結構複雑で、どうすれば、いいのかな……。%K%P
……あれ？　これどっちから着ればいいのかな？%K%P
……あれ？　これどっちから着ればいいのかな？%K%P
……うん、たぶん、これで……。%K%P
……うん、たぶん、これで……。%K%P
あとは、ウィッグを、えっと、こうして……。%K%P
あとは、ウィッグを、えっと、こうして……。%K%P
……はぅ、なんでこんなことに……。%K%P
……はぅ、なんでこんなことに……。%K%P
二人に退出してもらい、生まれて初めて女性の衣服に悪戦苦闘しつつも着替えること、十数分。%K%P
二人に退出してもらい、生まれて初めて女性の衣服に悪戦苦闘しつつも着替えること、十数分。%K%P
「……あの、出来ました」%K%P
「……あの、出来ました」%K%P
廊下に向けて呼びかけると、ドアが開いた。%K%P
廊下に向けて呼びかけると、ドアが開いた。%K%P
「あ……」%K%P
「あ……」%K%P
「まぁ……」%K%P
「まぁ……」%K%P
「やっぱりこれ、変ですよね……！？」%K%P
「やっぱりこれ、変ですよね……！？」%K%P
「いえ、そんなことないわ」%K%P
「いえ、そんなことないわ」%K%P
「ええ。これは思っていた以上に……」%K%P
「ええ。これは思っていた以上に……」%K%P
願望混じりに宣言した言葉は、なんともあっさり否定されてしまった。%K%P
願望混じりに宣言した言葉は、なんともあっさり否定されてしまった。%K%P
「和泉さん、ウィッグが少しズレてるわ。直してもいい？」%K%P
「和泉さん、ウィッグが少しズレてるわ。直してもいい？」%K%P
「う、うん」%K%P
「う、うん」%K%P
西條さんの申し出を断り切れず、頷く。%K%P
西條さんの申し出を断り切れず、頷く。%K%P
恥ずかしさもあって鏡を見てやらなかったから、ズレていてもおかしくない。%K%P
恥ずかしさもあって鏡を見てやらなかったから、ズレていてもおかしくない。%K%P
「こうして近くで見ると、和泉さんの髪、とても綺麗ね。……ウィッグで隠すのがもったいないわ」%K%P
「こうして近くで見ると、和泉さんの髪、とても綺麗ね。……ウィッグで隠すのがもったいないわ」%K%P
「あっ、ありがとう……」%K%P
「あっ、ありがとう……」%K%P
こんなに間近で女性に髪をいじられるなんて、それだけで緊張してしまう。%K%P
こんなに間近で女性に髪をいじられるなんて、それだけで緊張してしまう。%K%P
「……さあ、出来た」%K%P
「……さあ、出来た」%K%P
「あらあら、これは……」%K%P
「あらあら、これは……」%K%P
「ええ。……和泉さん、すごく綺麗よ」%K%P
「ええ。……和泉さん、すごく綺麗よ」%K%P
「いやいやいやいや、まさかそんな」%K%P
「いやいやいやいや、まさかそんな」%K%P
「そう言わずに。ほら、こちらに来て」%K%P
「そう言わずに。ほら、こちらに来て」%K%P
言って、西條さんが僕を鏡の前まで連れて行く。%K%P
言って、西條さんが僕を鏡の前まで連れて行く。%K%P
いくらなんでも、僕に女の子の服が似合うなんてこと、あるわけが――――、%K%P
いくらなんでも、僕に女の子の服が似合うなんてこと、あるわけが――――、%K%P
これが、僕……。%K%P
これが、僕……。%K%P
ウィッグと服装だけで、こんなに……。%K%P
ウィッグと服装だけで、こんなに……。%K%P
「これなら、なんの問題もないわね」%K%P
「これなら、なんの問題もないわね」%K%P
「うん。制服、とってもよく似合ってる」%K%P
「うん。制服、とってもよく似合ってる」%K%P
鏡越しに二人と目が合い、無性に恥ずかしくなる。%K%P
鏡越しに二人と目が合い、無性に恥ずかしくなる。%K%P
鏡の中にいる自分は、自分のようであって自分ではない、なんとも不思議な存在だった。%K%P
鏡の中にいる自分は、自分のようであって自分ではない、なんとも不思議な存在だった。%K%P
２人の言葉を聞き、鏡を見つめて、確かにこれならと――――僕自身、一瞬でもそう思ってしまった。%K%P
２人の言葉を聞き、鏡を見つめて、確かにこれならと――――僕自身、一瞬でもそう思ってしまった。%K%P
その時点で、僕の負けだったのかもしれない。%K%P
その時点で、僕の負けだったのかもしれない。%K%P
「……和泉さん。これでもまだ、ダメ？」%K%P
「……和泉さん。これでもまだ、ダメ？」%K%P
鏡の中の自分を見つめつつ、必死に考える。%K%P
鏡の中の自分を見つめつつ、必死に考える。%K%P
話を聞いた感じ、深皇祭は一日だけのはず。%K%P
話を聞いた感じ、深皇祭は一日だけのはず。%K%P
その日だけ女装するのなら。特殊な衣装だとか、{歌姫:ディーバ}という役柄を演じる舞台だと思えば。%K%P
その日だけ女装するのなら。特殊な衣装だとか、{歌姫:ディーバ}という役柄を演じる舞台だと思えば。%K%P
なによりも、僕の歌を気に入ってくれた西條さんの気持ちに応えてあげるためだと思えば――――、%K%P
なによりも、僕の歌を気に入ってくれた西條さんの気持ちに応えてあげるためだと思えば――――、%K%P
「……わ、わかり、ました」%K%P
「……わ、わかり、ました」%K%P
「では――」%K%P
「では――」%K%P
「……はい。{歌姫:ディーバ}役、お引き受けします」%K%P
「……はい。{歌姫:ディーバ}役、お引き受けします」%K%P
口に出した途端、全身から力がどっと抜けていく。%K%P
口に出した途端、全身から力がどっと抜けていく。%K%P
……あぁ、言っちゃった……。%K%P
……あぁ、言っちゃった……。%K%P
「ありがとう、和泉さん」%K%P
「ありがとう、和泉さん」%K%P
「でも、本当に僕でいいの……？」%K%P
「でも、本当に僕でいいの……？」%K%P
「大丈夫よ。和泉さんの歌を聴いて感動しないなんて、そんなこと、絶対にないわ」%K%P
「大丈夫よ。和泉さんの歌を聴いて感動しないなんて、そんなこと、絶対にないわ」%K%P
「ん……ありがとう」%K%P
「ん……ありがとう」%K%P
まっすぐに褒められると照れくさいけれど、でも、やっぱり嬉しい。%K%P
まっすぐに褒められると照れくさいけれど、でも、やっぱり嬉しい。%K%P
「では、和泉さん。明日から編入、ということでよろしいですか？」%K%P
「では、和泉さん。明日から編入、ということでよろしいですか？」%K%P
「えっ？　あ、あの……編入って？」%K%P
「えっ？　あ、あの……編入って？」%K%P
「さきほど説明したような事情もあり、{歌姫:ディーバ}役として外部の方を招く、というのは難しいんです」%K%P
「さきほど説明したような事情もあり、{歌姫:ディーバ}役として外部の方を招く、というのは難しいんです」%K%P
「ですので、出来れば深皇祭までの１ヶ月、和泉さんには当学園に通学していただきたいんです」%K%P
「ですので、出来れば深皇祭までの１ヶ月、和泉さんには当学園に通学していただきたいんです」%K%P
「でも、僕はいま留学中で……」%K%P
「でも、僕はいま留学中で……」%K%P
「正式に在席する必要はありません。書面上の手続きは、私が責任を持ってなんとかします」%K%P
「正式に在席する必要はありません。書面上の手続きは、私が責任を持ってなんとかします」%K%P
なんとか、って……さすが学園長、できちゃうんだ……。%K%P
なんとか、って……さすが学園長、できちゃうんだ……。%K%P
「和泉さんは、いまどちらにお住まいですか？」%K%P
「和泉さんは、いまどちらにお住まいですか？」%K%P
「それが、えっと――」%K%P
「それが、えっと――」%K%P
そうして西條さんに伝えた僕の事情を、学園長にも再び説明する。%K%P
そうして西條さんに伝えた僕の事情を、学園長にも再び説明する。%K%P
昨日僕が歌っているところを見ていたせいか、学園長は、その話をあっさりと信じてくれた。%K%P
昨日僕が歌っているところを見ていたせいか、学園長は、その話をあっさりと信じてくれた。%K%P
「そういうことでしたら、滞在中の宿についてはこちらで用意させてください」%K%P
「そういうことでしたら、滞在中の宿についてはこちらで用意させてください」%K%P
「でも、そこまでしてもらうわけには」%K%P
「でも、そこまでしてもらうわけには」%K%P
「和泉さんは、自分の歌によって生活ができればと考えていたのでしょう？」%K%P
「和泉さんは、自分の歌によって生活ができればと考えていたのでしょう？」%K%P
「それなら、宿については{歌姫:ディーバ}を引き受けてくださった謝礼だと思ってください」%K%P
「それなら、宿については{歌姫:ディーバ}を引き受けてくださった謝礼だと思ってください」%K%P
「それなら姉さん、和泉さんには学園の寮を使ってもらうというのはどう？」%K%P
「それなら姉さん、和泉さんには学園の寮を使ってもらうというのはどう？」%K%P
「でも、いま寮には空きがないでしょう？」%K%P
「でも、いま寮には空きがないでしょう？」%K%P
「あるわ。ほら、ひとつだけ」%K%P
「あるわ。ほら、ひとつだけ」%K%P
「あっ……でも、それは」%K%P
「あっ……でも、それは」%K%P
「いいの。ここまで無理をお願いしているのだし、その方がわたしも色々とフォローができるもの」%K%P
「いいの。ここまで無理をお願いしているのだし、その方がわたしも色々とフォローができるもの」%K%P
「お願い、姉さん。そうさせて」%K%P
「お願い、姉さん。そうさせて」%K%P
「……仕方ないわね。そこまで言うなら」%K%P
「……仕方ないわね。そこまで言うなら」%K%P
「あっ、あの、寮っていうのは？」%K%P
「あっ、あの、寮っていうのは？」%K%P
いきなりの急展開もさることながら、様々な事が勝手に決まってしまい見事に置いてけぼりだ。%K%P
いきなりの急展開もさることながら、様々な事が勝手に決まってしまい見事に置いてけぼりだ。%K%P
「あ、すみません。話を勝手に進めてしまって」%K%P
「あ、すみません。話を勝手に進めてしまって」%K%P
「この学園は全寮制ではありませんが、敷地内に学生寮があるんです」%K%P
「この学園は全寮制ではありませんが、敷地内に学生寮があるんです」%K%P
「深皇祭までは、宿泊施設はこの学生寮を使って頂く、ということで問題ないですか？」%K%P
「深皇祭までは、宿泊施設はこの学生寮を使って頂く、ということで問題ないですか？」%K%P
「それは、宿を用意してもらえるだけでありがたいことですけど……」%K%P
「それは、宿を用意してもらえるだけでありがたいことですけど……」%K%P
これだけ立派な学園なら、寮だってかなりのものだと容易に想像がつく。%K%P
これだけ立派な学園なら、寮だってかなりのものだと容易に想像がつく。%K%P
「良かった。……では、最後にもうひとつ」%K%P
「良かった。……では、最後にもうひとつ」%K%P
「経緯上、編入するにあたって、和泉司という名前をそのまま使うわけにはいきません」%K%P
「経緯上、編入するにあたって、和泉司という名前をそのまま使うわけにはいきません」%K%P
「そこで、名前を考えていただきたいんです」%K%P
「そこで、名前を考えていただきたいんです」%K%P
「偽名ということですか？」%K%P
「偽名ということですか？」%K%P
「ええ。和泉さんも、女装をして女子学園に通うことが他人に知られては困ると思いますから」%K%P
「ええ。和泉さんも、女装をして女子学園に通うことが他人に知られては困ると思いますから」%K%P
「それはもちろん――――」%K%P
「それはもちろん――――」%K%P
……ん？　あれ？　いま、なんて――――、%K%P
……ん？　あれ？　いま、なんて――――、%K%P
「あっ、あの、今さらなんですが……」%K%P
「あっ、あの、今さらなんですが……」%K%P
「ここって、女子学園だったり、とか……？」%K%P
「ここって、女子学園だったり、とか……？」%K%P
「はい。そうですが……？」%K%P
「はい。そうですが……？」%K%P
頷きながらも、きょとんとしている学園長。%K%P
頷きながらも、きょとんとしている学園長。%K%P
うわ、しまった。騎士という言葉のイメージで、てっきり共学なんだと思い込んでた……。%K%P
うわ、しまった。騎士という言葉のイメージで、てっきり共学なんだと思い込んでた……。%K%P
……ん、待てよ？　じゃあ――――、%K%P
……ん、待てよ？　じゃあ――――、%K%P
「ということは学生寮も」%K%P
「ということは学生寮も」%K%P
「もちろん女子寮になります」%K%P
「もちろん女子寮になります」%K%P
「いっ――」%K%P
「いっ――」%K%P
「いいいいんですかっ？　僕がそんなところで寝泊まりをしてもっ……？！」%K%P
「いいいいんですかっ？　僕がそんなところで寝泊まりをしてもっ……？！」%K%P
「構いません。むしろ寮で寝食まで共にしている相手が男性だとは、誰も思わないでしょう？」%K%P
「構いません。むしろ寮で寝食まで共にしている相手が男性だとは、誰も思わないでしょう？」%K%P
「それは……」%K%P
「それは……」%K%P
さすが女装を提案しただけのことはあるというべきか、大胆過ぎる発想に圧倒されっぱなしだ。%K%P
さすが女装を提案しただけのことはあるというべきか、大胆過ぎる発想に圧倒されっぱなしだ。%K%P
「あの、和泉さん……？　顔色が優れないようだけど、大丈夫？」%K%P
「あの、和泉さん……？　顔色が優れないようだけど、大丈夫？」%K%P
「あ、いや、あはは……」%K%P
「あ、いや、あはは……」%K%P
なんか、えらいことになってしまった。%K%P
なんか、えらいことになってしまった。%K%P
一日だけだし、なんて勝手に思い込んで、頷いた結果、女子寮で生活することになるなんて。%K%P
一日だけだし、なんて勝手に思い込んで、頷いた結果、女子寮で生活することになるなんて。%K%P
これじゃ僕を女の子だと早とちりした西條さんをまるで笑えない。%K%P
これじゃ僕を女の子だと早とちりした西條さんをまるで笑えない。%K%P
（どうしよう……）%K%P
（どうしよう……）%K%P
……最初に思っていた状況と、色々違う。%K%P
……最初に思っていた状況と、色々違う。%K%P
けど、いまさら断れるような空気じゃない。%K%P
けど、いまさら断れるような空気じゃない。%K%P
なにより、１度承諾してしまったんだ。ここで断ったら、西條さんを余計に悲しませることになる。%K%P
なにより、１度承諾してしまったんだ。ここで断ったら、西條さんを余計に悲しませることになる。%K%P
「それで、お名前のほうはどうしますか？」%K%P
「それで、お名前のほうはどうしますか？」%K%P
「そ、それじゃ、ええと……」%K%P
「そ、それじゃ、ええと……」%K%P
１ヶ月という期間が長いのか短いのか、今の僕にはまったく想像もつかない。%K%P
１ヶ月という期間が長いのか短いのか、今の僕にはまったく想像もつかない。%K%P
でも、その間ずっと呼ばれ続けるだろうから、なるべく違和感のない名前を考えないと――――。%K%P
でも、その間ずっと呼ばれ続けるだろうから、なるべく違和感のない名前を考えないと――――。%K%P
編入手続きをしておくという学園長と別れて、僕は西條さんに寮へと案内してもらった。%K%P
編入手続きをしておくという学園長と別れて、僕は西條さんに寮へと案内してもらった。%K%P
外観も内装も校舎とは少し違う瀟洒な雰囲気で、品の良さが滲み出ている。%K%P
外観も内装も校舎とは少し違う瀟洒な雰囲気で、品の良さが滲み出ている。%K%P
「ここがラウンジよ。寮生はここで食事をするの」%K%P
「ここがラウンジよ。寮生はここで食事をするの」%K%P
「今日は日曜ということもあって誰もいないけど、空いている時間をここで過ごす寮生も多いわ」%K%P
「今日は日曜ということもあって誰もいないけど、空いている時間をここで過ごす寮生も多いわ」%K%P
「あなたの部屋はこっちよ、いずみさん」%K%P
「あなたの部屋はこっちよ、いずみさん」%K%P
「あ、う、うん」%K%P
「あ、う、うん」%K%P
学園長や西條さんとも話し合って、この学園で過ごす間の名前は、塚原いずみに決まった。%K%P
学園長や西條さんとも話し合って、この学園で過ごす間の名前は、塚原いずみに決まった。%K%P
呼ばれても反応しやすいように、元の名前と似た響きにしよう、というのが名付けの決め手だった。%K%P
呼ばれても反応しやすいように、元の名前と似た響きにしよう、というのが名付けの決め手だった。%K%P
あと、寮にくる前にスカートも履いて完全に女装をしてみたんだけど、スカートって落ち着かない。%K%P
あと、寮にくる前にスカートも履いて完全に女装をしてみたんだけど、スカートって落ち着かない。%K%P
股下がすっごくすーすーするんだけど……女の子って、こんなのをいつも穿いてるんだなぁ……。%K%P
股下がすっごくすーすーするんだけど……女の子って、こんなのをいつも穿いてるんだなぁ……。%K%P
「ここがいずみさんの部屋よ」%K%P
「ここがいずみさんの部屋よ」%K%P
「必要最低限のものは揃っているけど、不足している物があれば遠慮無く言って。用意するわ」%K%P
「必要最低限のものは揃っているけど、不足している物があれば遠慮無く言って。用意するわ」%K%P
通された部屋は、想像していたよりも広かった。%K%P
通された部屋は、想像していたよりも広かった。%K%P
それもそのはず。ベッドが２つもある。%K%P
それもそのはず。ベッドが２つもある。%K%P
「あの、西條さん」%K%P
「あの、西條さん」%K%P
「できれば綾香と呼んで。学生同士は基本的に、名前で呼び合うことになっているの」%K%P
「できれば綾香と呼んで。学生同士は基本的に、名前で呼び合うことになっているの」%K%P
「あと、上級生には敬称として様をつけるわ。もちろん、家族や友人の場合には例外もあるけれど」%K%P
「あと、上級生には敬称として様をつけるわ。もちろん、家族や友人の場合には例外もあるけれど」%K%P
「じゃ、じゃあ……綾香さん。質問していい？」%K%P
「じゃ、じゃあ……綾香さん。質問していい？」%K%P
「ええ、どうぞ」%K%P
「ええ、どうぞ」%K%P
「ベッドが２つあるんだけど……どうして？」%K%P
「ベッドが２つあるんだけど……どうして？」%K%P
「寮は基本的にすべて相部屋だからよ」%K%P
「寮は基本的にすべて相部屋だからよ」%K%P
「でも、さっきは空き部屋がある、って」%K%P
「でも、さっきは空き部屋がある、って」%K%P
「この部屋では、いま１人しか暮らしてないの。そういう意味では空きがある、ということでしょ？」%K%P
「この部屋では、いま１人しか暮らしてないの。そういう意味では空きがある、ということでしょ？」%K%P
「いや、だけど」%K%P
「いや、だけど」%K%P
「安心して、いずみさん。ここで暮らしているもう１人というのは、他でもないわたしだから」%K%P
「安心して、いずみさん。ここで暮らしているもう１人というのは、他でもないわたしだから」%K%P
「これからの１ヶ月、いずみさんの生活に不便がないように、わたしがしっかりとフォローするわ」%K%P
「これからの１ヶ月、いずみさんの生活に不便がないように、わたしがしっかりとフォローするわ」%K%P
そう言って、にこっと微笑む西條――綾香さん。%K%P
そう言って、にこっと微笑む西條――綾香さん。%K%P
けど、僕が指摘したいのはそういう事じゃなくて。%K%P
けど、僕が指摘したいのはそういう事じゃなくて。%K%P
「綾香さんは、それで大丈夫なの？」%K%P
「綾香さんは、それで大丈夫なの？」%K%P
「と、いうと？」%K%P
「と、いうと？」%K%P
「だって、知り合ったばかりなのに……よく知らない相手を、こんなに簡単に信用して」%K%P
「だって、知り合ったばかりなのに……よく知らない相手を、こんなに簡単に信用して」%K%P
昼過ぎ、綾香さんに誘われるまま食事を御馳走になった僕が言えたことではないけど。%K%P
昼過ぎ、綾香さんに誘われるまま食事を御馳走になった僕が言えたことではないけど。%K%P
「だからこそ、でしょ？」%K%P
「だからこそ、でしょ？」%K%P
「あんな無理なお願いを聞いてくれる人が、悪い人のわけがないわ」%K%P
「あんな無理なお願いを聞いてくれる人が、悪い人のわけがないわ」%K%P
「いや、僕が言いたいのはそうじゃなくて――」%K%P
「いや、僕が言いたいのはそうじゃなくて――」%K%P
「ん……？」%K%P
「ん……？」%K%P
きょとん、と首を傾げる綾香さん。%K%P
きょとん、と首を傾げる綾香さん。%K%P
……困った。本気で気付いてないらしい。%K%P
……困った。本気で気付いてないらしい。%K%P
「……あの、はっきり聞くね？」%K%P
「……あの、はっきり聞くね？」%K%P
「綾香さんは、同じ部屋で男の人が寝泊まりしても平気なの？」%K%P
「綾香さんは、同じ部屋で男の人が寝泊まりしても平気なの？」%K%P
「こんな格好をしているけど、僕だって男なわけだし、身の危険を感じたりしないのか、ってこと」%K%P
「こんな格好をしているけど、僕だって男なわけだし、身の危険を感じたりしないのか、ってこと」%K%P
「あ、そ、そうね、それは、ええと……」%K%P
「あ、そ、そうね、それは、ええと……」%K%P
「あぁ……わたしったら、完全に失念していたみたい」%K%P
「あぁ……わたしったら、完全に失念していたみたい」%K%P
「失念、って……こんな大事なことを？」%K%P
「失念、って……こんな大事なことを？」%K%P
「だって、{歌姫:ディーバ}を引き受けて貰えたことが本当に嬉しくて……」%K%P
「だって、{歌姫:ディーバ}を引き受けて貰えたことが本当に嬉しくて……」%K%P
「さっきも言ったように、無理を聞き入れて貰った以上、自分に出来る事は何でもしようと思ったの」%K%P
「さっきも言ったように、無理を聞き入れて貰った以上、自分に出来る事は何でもしようと思ったの」%K%P
「ほら、同じ部屋で暮らせば、なにか困ったことがあってもすぐに力になれるでしょう？」%K%P
「ほら、同じ部屋で暮らせば、なにか困ったことがあってもすぐに力になれるでしょう？」%K%P
「それはそうかもしれないけど……」%K%P
「それはそうかもしれないけど……」%K%P
「あぁ……でも、わたしったらいずみさんに言われるまで全然気付かないだなんて……」%K%P
「あぁ……でも、わたしったらいずみさんに言われるまで全然気付かないだなんて……」%K%P
頬を真っ赤にしながら綾香さんが狼狽える。%K%P
頬を真っ赤にしながら綾香さんが狼狽える。%K%P
そのおろおろとした様子があまりにも可愛らしくて、だから、自然と――――、%K%P
そのおろおろとした様子があまりにも可愛らしくて、だから、自然と――――、%K%P
「……ふっ、ふふっ、あは、はははっ」%K%P
「……ふっ、ふふっ、あは、はははっ」%K%P
「い、いずみさん……？！」%K%P
「い、いずみさん……？！」%K%P
「あっ……ご、ごめん。思わず」%K%P
「あっ……ご、ごめん。思わず」%K%P
「綾香さんって、すごくしっかりしていると思っていたけど、実はそうでもないんだね」%K%P
「綾香さんって、すごくしっかりしていると思っていたけど、実はそうでもないんだね」%K%P
「そっ、それはっ……」%K%P
「そっ、それはっ……」%K%P
「わたしはいずみさんの役に立ちたくて、それで、だから、えっと」%K%P
「わたしはいずみさんの役に立ちたくて、それで、だから、えっと」%K%P
「うん。綾香さんが本気だって気持ちは、すごくよくわかったよ」%K%P
「うん。綾香さんが本気だって気持ちは、すごくよくわかったよ」%K%P
「そ、そう……？」%K%P
「そ、そう……？」%K%P
「とっても」%K%P
「とっても」%K%P
「そっ、それなら、いいけれど……」%K%P
「そっ、それなら、いいけれど……」%K%P
照れた顔を隠すように、綾香さんがうつむく。%K%P
照れた顔を隠すように、綾香さんがうつむく。%K%P
きっと綾香さんって、何かに集中するとまわりが見えなくなっちゃうタイプなんだろうな。%K%P
きっと綾香さんって、何かに集中するとまわりが見えなくなっちゃうタイプなんだろうな。%K%P
「念のため聞くけど、寮の部屋って、他には空いてないんだよね？」%K%P
「念のため聞くけど、寮の部屋って、他には空いてないんだよね？」%K%P
「ええ。この部屋以外は、すべて相部屋として埋まっているわ」%K%P
「ええ。この部屋以外は、すべて相部屋として埋まっているわ」%K%P
「なら、ここでいいよ」%K%P
「なら、ここでいいよ」%K%P
「でも……本当に、いいの？」%K%P
「でも……本当に、いいの？」%K%P
「それはむしろこっちの台詞。改めて聞くけど、綾香さんは僕と一緒でも構わないの？」%K%P
「それはむしろこっちの台詞。改めて聞くけど、綾香さんは僕と一緒でも構わないの？」%K%P
「僕なら寮でなくとも、どこか別のところから、この学園に通っても構わないんだよ？」%K%P
「僕なら寮でなくとも、どこか別のところから、この学園に通っても構わないんだよ？」%K%P
僕、というのを少し強調してみる。%K%P
僕、というのを少し強調してみる。%K%P
「……ここで暮らして。そう提案したのは、他でもない、わたしだもの」%K%P
「……ここで暮らして。そう提案したのは、他でもない、わたしだもの」%K%P
頬を赤らめていた綾香さんは、最後にはそう言って、僕を見つめながらしっかりと頷いた。%K%P
頬を赤らめていた綾香さんは、最後にはそう言って、僕を見つめながらしっかりと頷いた。%K%P
「あぁ、足が伸ばせるって幸せ……」%K%P
「あぁ、足が伸ばせるって幸せ……」%K%P
夜遅く、静まり返った寮内をこっそりと案内されて、僕はお風呂へとやってきた。%K%P
夜遅く、静まり返った寮内をこっそりと案内されて、僕はお風呂へとやってきた。%K%P
もちろん無断ではなく、綾香さんの計らいだ。%K%P
もちろん無断ではなく、綾香さんの計らいだ。%K%P
寮のお風呂は通常、夜の１１時までらしいんだけど、今は夜中の１２時。%K%P
寮のお風呂は通常、夜の１１時までらしいんだけど、今は夜中の１２時。%K%P
綾香さんが寮母さんに許可をもらい、僕１人が入浴出来るようにしてもらった、というわけだ。%K%P
綾香さんが寮母さんに許可をもらい、僕１人が入浴出来るようにしてもらった、というわけだ。%K%P
ただ、１人きりの入浴といっても万一があっては困るから、ここでもウィッグは外せない。%K%P
ただ、１人きりの入浴といっても万一があっては困るから、ここでもウィッグは外せない。%K%P
「そういえば寮母さん、どんな人なのかな……」%K%P
「そういえば寮母さん、どんな人なのかな……」%K%P
僕はまだ寮母さんや寮生に挨拶をしていない。%K%P
僕はまだ寮母さんや寮生に挨拶をしていない。%K%P
寮生の口から「{歌姫:ディーバ}役の編入生がやってきた」といった噂が流れて、それが変な先入観を与えては困るから、という配慮だそうだ。%K%P
寮生の口から「{歌姫:ディーバ}役の編入生がやってきた」といった噂が流れて、それが変な先入観を与えては困るから、という配慮だそうだ。%K%P
そのため、今日の夕ご飯も、綾香さんに部屋まで運んでもらって、こっそりと食べたぐらいだし。%K%P
そのため、今日の夕ご飯も、綾香さんに部屋まで運んでもらって、こっそりと食べたぐらいだし。%K%P
「なんだか随分と大事になっちゃったな……」%K%P
「なんだか随分と大事になっちゃったな……」%K%P
昨日の夜なんて、ネットカフェのシャワーで身体を洗って、そのまま個室で寝ちゃってたのに。%K%P
昨日の夜なんて、ネットカフェのシャワーで身体を洗って、そのまま個室で寝ちゃってたのに。%K%P
「……あっ、そうだ。駅前のロッカーに預けっぱなしの荷物もとりにいかなくちゃ」%K%P
「……あっ、そうだ。駅前のロッカーに預けっぱなしの荷物もとりにいかなくちゃ」%K%P
「あとは、父さんたちにも連絡しないと……」%K%P
「あとは、父さんたちにも連絡しないと……」%K%P
これに関しては、法子さんが住み込みバイトの下宿先の大家、という形で連絡先を引き受けてくれた。%K%P
これに関しては、法子さんが住み込みバイトの下宿先の大家、という形で連絡先を引き受けてくれた。%K%P
女装して女子学園のお世話になります、なんて親には言えないし、この配慮は本当にありがたい。%K%P
女装して女子学園のお世話になります、なんて親には言えないし、この配慮は本当にありがたい。%K%P
いきなりの事で着替えのなかった僕に綾香さんが用意してくれたパジャマは、当然だけど女物だった。%K%P
いきなりの事で着替えのなかった僕に綾香さんが用意してくれたパジャマは、当然だけど女物だった。%K%P
ちょうどおろそうと思っていた新品だそうで、肌触りとか、信じられないぐらい心地良い。%K%P
ちょうどおろそうと思っていた新品だそうで、肌触りとか、信じられないぐらい心地良い。%K%P
横になったベッドも実に質の良い作りで、これならぐっすりと眠れそうだ。%K%P
横になったベッドも実に質の良い作りで、これならぐっすりと眠れそうだ。%K%P
「っと、その前に……」%K%P
「っと、その前に……」%K%P
一冊のパンフレットを取り出し、それをめくる。%K%P
一冊のパンフレットを取り出し、それをめくる。%K%P
夕食後、参考になればと綾香さんが渡してくれたもので、深皇学園が案内用に配布しているものだ。%K%P
夕食後、参考になればと綾香さんが渡してくれたもので、深皇学園が案内用に配布しているものだ。%K%P
最初のページに騎士という言葉がしっかりと記載されていて、昼に聞いた法子さんの話を思い出す。%K%P
最初のページに騎士という言葉がしっかりと記載されていて、昼に聞いた法子さんの話を思い出す。%K%P
ただ、騎士という部分を除けば、あとは西欧の気風を取り入れた普通の女子学園という感じだ。%K%P
ただ、騎士という部分を除けば、あとは西欧の気風を取り入れた普通の女子学園という感じだ。%K%P
だけど、それこそが最大の難関。%K%P
だけど、それこそが最大の難関。%K%P
明日から通学することになるのは、間違いなく女の子しか通っていない女子学園なんだ。%K%P
明日から通学することになるのは、間違いなく女の子しか通っていない女子学園なんだ。%K%P
深皇祭が開かれる１ヶ月後まで、僕は自分の女装がバレないように通い続けなくちゃいけない。%K%P
深皇祭が開かれる１ヶ月後まで、僕は自分の女装がバレないように通い続けなくちゃいけない。%K%P
この事実を知っているのは、学園長の法子さんと、ルームメイトである綾香さんだけ。%K%P
この事実を知っているのは、学園長の法子さんと、ルームメイトである綾香さんだけ。%K%P
こんなことが、もしバレたら――――って、そんな後ろ向きじゃよくないか。%K%P
こんなことが、もしバレたら――――って、そんな後ろ向きじゃよくないか。%K%P
やると決めた以上、しっかりしなくっちゃ。%K%P
やると決めた以上、しっかりしなくっちゃ。%K%P
「ん、ふぁ……今日は疲れちゃったなぁ」%K%P
「ん、ふぁ……今日は疲れちゃったなぁ」%K%P
気を抜くと、ついついあくびが漏れる。%K%P
気を抜くと、ついついあくびが漏れる。%K%P
まだまだパンフレットに目を通したいけど、寝不足でミスったら取り返しがつかない。%K%P
まだまだパンフレットに目を通したいけど、寝不足でミスったら取り返しがつかない。%K%P
寝て起きたら、すべて夢――――なんて事になってもおかしくないぐらい、今日は色々な事が起きた。%K%P
寝て起きたら、すべて夢――――なんて事になってもおかしくないぐらい、今日は色々な事が起きた。%K%P
明日からはもっと色々な事が待っているはずなんだから、今日はしっかりと寝ておこう。%K%P
明日からはもっと色々な事が待っているはずなんだから、今日はしっかりと寝ておこう。%K%P
