「ふぅ……トイレは未だに慣れないなぁ」%K%P
「ふぅ……トイレは未だに慣れないなぁ」%K%P
休み時間にトイレに行ったのはいいのだけど……あの個室だらけの空間というのはどこか異様な物を感じる。%K%P
休み時間にトイレに行ったのはいいのだけど……あの個室だらけの空間というのはどこか異様な物を感じる。%K%P
なんていうか、小の方も無いと、落ち着かないというか……%K%P
なんていうか、小の方も無いと、落ち着かないというか……%K%P
「なにか考えごとですか、いずみ様」%K%P
「なにか考えごとですか、いずみ様」%K%P
「あ、うん、やっぱり小のが無いと、違和感があるっていうか……」%K%P
「あ、うん、やっぱり小のが無いと、違和感があるっていうか……」%K%P
聞かれたことに反射的に答えてしまう。%K%P
聞かれたことに反射的に答えてしまう。%K%P
あれ、どこかで聞いた覚えのある声……僕は声のする方に体を向けた。%K%P
あれ、どこかで聞いた覚えのある声……僕は声のする方に体を向けた。%K%P
「小、なんの話でしょうか？」%K%P
「小、なんの話でしょうか？」%K%P
「わぁ、の、希実ちゃん？」%K%P
「わぁ、の、希実ちゃん？」%K%P
「はい、私ですが。それで、いずみ様……」%K%P
「はい、私ですが。それで、いずみ様……」%K%P
「な、なんでも無いの。あ、ことりちゃんに、夕陽ちゃん」%K%P
「な、なんでも無いの。あ、ことりちゃんに、夕陽ちゃん」%K%P
い、言えないよ、そんなこと。%K%P
い、言えないよ、そんなこと。%K%P
僕は希実ちゃんの背後にいた、ことりちゃん達に声を掛ける。%K%P
僕は希実ちゃんの背後にいた、ことりちゃん達に声を掛ける。%K%P
「いずみ様、ごきげんようです」%K%P
「いずみ様、ごきげんようです」%K%P
「……あの、ごきげんよう、いずみ様」%K%P
「……あの、ごきげんよう、いずみ様」%K%P
「はい、ことりちゃん。相変らず元気だね、夕陽ちゃん」%K%P
「はい、ことりちゃん。相変らず元気だね、夕陽ちゃん」%K%P
「はい！　今日も元気です。いずみ様、希実さんとなにをお話ししてたんですか？」%K%P
「はい！　今日も元気です。いずみ様、希実さんとなにをお話ししてたんですか？」%K%P
「いずみ様と小のことについて、話してたのよ」%K%P
「いずみ様と小のことについて、話してたのよ」%K%P
「しょお？　しょおって、なんでしょうか……うーん、分かりません」%K%P
「しょお？　しょおって、なんでしょうか……うーん、分かりません」%K%P
「ちょ、もうそれは良いじゃない、希実ちゃんっ」%K%P
「ちょ、もうそれは良いじゃない、希実ちゃんっ」%K%P
うう、しっかり覚えていたか。上手く？　誤魔化せたつもりだったのに。%K%P
うう、しっかり覚えていたか。上手く？　誤魔化せたつもりだったのに。%K%P
「ふふ、ごめんなさい。いずみ様って年上の方なのに、どこか可愛らしい所があって、つい」%K%P
「ふふ、ごめんなさい。いずみ様って年上の方なのに、どこか可愛らしい所があって、つい」%K%P
「あ、あはは……それはどうも」%K%P
「あ、あはは……それはどうも」%K%P
希実ちゃんは年下なのに、なんだか圧倒されてしまうなあ。%K%P
希実ちゃんは年下なのに、なんだか圧倒されてしまうなあ。%K%P
「時に、いずみ様はお姉ちゃん……綾香お姉ちゃんと同じ部屋ですよね」%K%P
「時に、いずみ様はお姉ちゃん……綾香お姉ちゃんと同じ部屋ですよね」%K%P
「うん、そうだよ。私が転入したときは、あの部屋しか開いてないって言われたから」%K%P
「うん、そうだよ。私が転入したときは、あの部屋しか開いてないって言われたから」%K%P
「なにか、その、気がかりな所とか、困ったことなんかは、ありませんか？」%K%P
「なにか、その、気がかりな所とか、困ったことなんかは、ありませんか？」%K%P
……年頃の女の子と同室というのは、なにかと刺激が強くて困っています、なんてね。%K%P
……年頃の女の子と同室というのは、なにかと刺激が強くて困っています、なんてね。%K%P
「ううん、特に。逆に、寮生活に慣れない私をサポートしてくれて、助かってる」%K%P
「ううん、特に。逆に、寮生活に慣れない私をサポートしてくれて、助かってる」%K%P
「そうですか……いずみ様、ご存じですか？　お姉ちゃんの困った癖なんですけど」%K%P
「そうですか……いずみ様、ご存じですか？　お姉ちゃんの困った癖なんですけど」%K%P
困った癖？　それって一体……。%K%P
困った癖？　それって一体……。%K%P
「実は、お姉ちゃんって、ああ見えて寝ぼける所があって。まあ滅多にあることでは無いんですけど」%K%P
「実は、お姉ちゃんって、ああ見えて寝ぼける所があって。まあ滅多にあることでは無いんですけど」%K%P
「へぇー、あの綾香様がね、とても見えないよね」%K%P
「へぇー、あの綾香様がね、とても見えないよね」%K%P
「私の口から言うのもなんだけど、お姉ちゃん、優秀な学生だからね。見た目もそこそこ良いし」%K%P
「私の口から言うのもなんだけど、お姉ちゃん、優秀な学生だからね。見た目もそこそこ良いし」%K%P
「綾香様って、お勉強も出来るし、運動も得意ですよね。それなのに、親しみやすいですし……まるで、夕ちゃんみたい」%K%P
「綾香様って、お勉強も出来るし、運動も得意ですよね。それなのに、親しみやすいですし……まるで、夕ちゃんみたい」%K%P
「えへへ、そう？　照れちゃうなぁ」%K%P
「えへへ、そう？　照れちゃうなぁ」%K%P
似ているか……確かに前向きで、他人のことに一生懸命な所は、二人とも共通しているのかも。%K%P
似ているか……確かに前向きで、他人のことに一生懸命な所は、二人とも共通しているのかも。%K%P
「そのちょっと天然な所もよく似ているかも……で、優秀でねぼけちゃう綾香様なんですけど」%K%P
「そのちょっと天然な所もよく似ているかも……で、優秀でねぼけちゃう綾香様なんですけど」%K%P
「昔間違えて私のベッドに入ってきたことがあって……それだけならまだしも、抱きついてきたり、足を絡めてきたりで……」%K%P
「昔間違えて私のベッドに入ってきたことがあって……それだけならまだしも、抱きついてきたり、足を絡めてきたりで……」%K%P
「きゃー、えっちぃ」%K%P
「きゃー、えっちぃ」%K%P
綾香さんが、ベッドに入り込んできて、抱きついたり、足を絡めたり？　うぅ、それ、凄いな……。%K%P
綾香さんが、ベッドに入り込んできて、抱きついたり、足を絡めたり？　うぅ、それ、凄いな……。%K%P
「そのうえ、私のパジャマのボタンに手を掛けて、前をはだけさせて……」%K%P
「そのうえ、私のパジャマのボタンに手を掛けて、前をはだけさせて……」%K%P
「や、やだ、もぅ、希実さん、その辺りで……」%K%P
「や、やだ、もぅ、希実さん、その辺りで……」%K%P
と言いつつも、身を乗り出して耳をそばだててることりちゃん。%K%P
と言いつつも、身を乗り出して耳をそばだててることりちゃん。%K%P
控えめに見えても、そういったことに興味のあるお年頃なんだな。%K%P
控えめに見えても、そういったことに興味のあるお年頃なんだな。%K%P
「そして、自分もパジャマを脱ぐと……」%K%P
「そして、自分もパジャマを脱ぐと……」%K%P
「脱ぐと！？」%K%P
「脱ぐと！？」%K%P
うぅ、き、禁断の姉妹愛？　聞きたいような、聞きたくないような……でもやっぱり聞きたい。%K%P
うぅ、き、禁断の姉妹愛？　聞きたいような、聞きたくないような……でもやっぱり聞きたい。%K%P
「……そのまま寝てしまいました。お陰で私は冷えて風邪を引いてしまいました。お姉ちゃんはぴんぴんしてたのに」%K%P
「……そのまま寝てしまいました。お陰で私は冷えて風邪を引いてしまいました。お姉ちゃんはぴんぴんしてたのに」%K%P
「あ、そう、そうなんだ……あはは」%K%P
「あ、そう、そうなんだ……あはは」%K%P
がっくしだよ……って、いやいや、その程度で良かったんじゃないかな、あはは……はは……。%K%P
がっくしだよ……って、いやいや、その程度で良かったんじゃないかな、あはは……はは……。%K%P
「とまあ、これは極端な例ですけど。色々とご迷惑を掛けているかもしれませんが、姉のこと、よろしくお願いします」%K%P
「とまあ、これは極端な例ですけど。色々とご迷惑を掛けているかもしれませんが、姉のこと、よろしくお願いします」%K%P
「そんなそんな、綾香さんには凄いお世話になってるし。お陰で、学園生活にも慣れてきたしね」%K%P
「そんなそんな、綾香さんには凄いお世話になってるし。お陰で、学園生活にも慣れてきたしね」%K%P
「あー、いずみ様、わたし達にもお世話になってるでしょ？」%K%P
「あー、いずみ様、わたし達にもお世話になってるでしょ？」%K%P
「あはは、そうだね、なってるね。ありがとう、夕陽ちゃん、ことりちゃん」%K%P
「あはは、そうだね、なってるね。ありがとう、夕陽ちゃん、ことりちゃん」%K%P
「もう、夕ちゃんたら……でも、嬉しいかもです、えへへ」%K%P
「もう、夕ちゃんたら……でも、嬉しいかもです、えへへ」%K%P
はにかむように笑うことりちゃん。%K%P
はにかむように笑うことりちゃん。%K%P
希実ちゃんや夕陽ちゃんが元気すぎるのかもしれないけど、ことりちゃんは、同級生の中にいても、控えめなんだなぁ。%K%P
希実ちゃんや夕陽ちゃんが元気すぎるのかもしれないけど、ことりちゃんは、同級生の中にいても、控えめなんだなぁ。%K%P
「お世話といえば、ことりちゃんも、いずみ様にお勉強を見てもらってるのでしょう？」%K%P
「お世話といえば、ことりちゃんも、いずみ様にお勉強を見てもらってるのでしょう？」%K%P
「そうそう、ことりんったら、最近急に語学の成績が上がってきたんですよ！　これも寮でのお勉強のお陰ですねっ」%K%P
「そうそう、ことりんったら、最近急に語学の成績が上がってきたんですよ！　これも寮でのお勉強のお陰ですねっ」%K%P
夕陽ちゃんの言ったように、夕食後、寮でことりちゃんの勉強を見ることが多い。%K%P
夕陽ちゃんの言ったように、夕食後、寮でことりちゃんの勉強を見ることが多い。%K%P
でも普段慣れ親しんでいる語学で良かった……これが社会分野や、古典とかだったら、僕が教わらなきゃいけないとこだった。%K%P
でも普段慣れ親しんでいる語学で良かった……これが社会分野や、古典とかだったら、僕が教わらなきゃいけないとこだった。%K%P
「そう、ことりちゃんの成績ＵＰに、少しでも力に成れたのなら、嬉しいよ」%K%P
「そう、ことりちゃんの成績ＵＰに、少しでも力に成れたのなら、嬉しいよ」%K%P
「す、少しじゃないです。とってもです、いっぱいです」%K%P
「す、少しじゃないです。とってもです、いっぱいです」%K%P
「あは、ことりん、言葉使い変。今度は国語を教わらなきゃね」%K%P
「あは、ことりん、言葉使い変。今度は国語を教わらなきゃね」%K%P
「いずみ様、これからも、ことりんのこと、よろしくお願いしますね」%K%P
「いずみ様、これからも、ことりんのこと、よろしくお願いしますね」%K%P
夕陽ちゃんがぺこりと頭を下げる。ほんと、ことりちゃんの事になると一生懸命だよね。%K%P
夕陽ちゃんがぺこりと頭を下げる。ほんと、ことりちゃんの事になると一生懸命だよね。%K%P
「うん。さ、みんな教室に戻ろう、授業が始まるよ」%K%P
「うん。さ、みんな教室に戻ろう、授業が始まるよ」%K%P
僕はみんなを促し、教室に足を向けた。%K%P
僕はみんなを促し、教室に足を向けた。%K%P
うーん、無意識なのかも知れないけど……希実ちゃんって、結構鋭い所があるかも。%K%P
うーん、無意識なのかも知れないけど……希実ちゃんって、結構鋭い所があるかも。%K%P
