「はぁ、はぁ、はぁ……楓……」%K%P
「はぁ、はぁ、はぁ……楓……」%K%P
足早に学園内を移動し、教室に戻ってきた。%K%P
足早に学園内を移動し、教室に戻ってきた。%K%P
残りの数十メーターは駆けてしまった。%K%P
残りの数十メーターは駆けてしまった。%K%P
淑女としては少々はしたなかったけれど、最初で最後だから、大目に見てもらいたい。%K%P
淑女としては少々はしたなかったけれど、最初で最後だから、大目に見てもらいたい。%K%P
扉に手を掛け、開ける――中には愛しい人の姿があった。%K%P
扉に手を掛け、開ける――中には愛しい人の姿があった。%K%P
教室の中には、楓が一人、ぽつんと立っている。%K%P
教室の中には、楓が一人、ぽつんと立っている。%K%P
窓から差し込む、オレンジの光が、彼女を照らす。%K%P
窓から差し込む、オレンジの光が、彼女を照らす。%K%P
僕は眼を細め、彼女を見つめた。%K%P
僕は眼を細め、彼女を見つめた。%K%P
「ああ、いずみさん……来てくれたんだ」%K%P
「ああ、いずみさん……来てくれたんだ」%K%P
「うん。その、佳様に聞いて。行き違いになっちゃったね」%K%P
「うん。その、佳様に聞いて。行き違いになっちゃったね」%K%P
「ふふ、そうみたい。その……どうしてもあなたに会いたくて」%K%P
「ふふ、そうみたい。その……どうしてもあなたに会いたくて」%K%P
「あは、奇遇だね。私もすっごく会いたかったんだ」%K%P
「あは、奇遇だね。私もすっごく会いたかったんだ」%K%P
僕の言葉に微笑む楓。どこか、儚げなものを感じた。%K%P
僕の言葉に微笑む楓。どこか、儚げなものを感じた。%K%P
「今、結果を待ってるんだけど……一人だと少し、辛くて」%K%P
「今、結果を待ってるんだけど……一人だと少し、辛くて」%K%P
「結果を待ってる？」%K%P
「結果を待ってる？」%K%P
「ん……{最優秀騎士:ブリランテ}の権利で留学を希望したの、覚えてる？」%K%P
「ん……{最優秀騎士:ブリランテ}の権利で留学を希望したの、覚えてる？」%K%P
「うん。来年の春から一年間……私の留学先の側に、だったよね」%K%P
「うん。来年の春から一年間……私の留学先の側に、だったよね」%K%P
アリアで{最優秀騎士:ブリランテ}に選ばれた学生には、希望する行為を行使する権利が授けられる。%K%P
アリアで{最優秀騎士:ブリランテ}に選ばれた学生には、希望する行為を行使する権利が授けられる。%K%P
よほどの無理難題でもない限り、叶えられるって綾香さんが言っていたけど。%K%P
よほどの無理難題でもない限り、叶えられるって綾香さんが言っていたけど。%K%P
「うん。今、審議会で話し合いをしているんだけど……結果が出るのが、今日なんだ」%K%P
「うん。今、審議会で話し合いをしているんだけど……結果が出るのが、今日なんだ」%K%P
「……そうだったんだね。でも形式的な物なんでしょ？　過去にも留学を希望した学生がいたって聞いたし」%K%P
「……そうだったんだね。でも形式的な物なんでしょ？　過去にも留学を希望した学生がいたって聞いたし」%K%P
「うん。この学園は学生の素養を発掘して、持っている能力を伸ばす、という方針で運営されている」%K%P
「うん。この学園は学生の素養を発掘して、持っている能力を伸ばす、という方針で運営されている」%K%P
「財源も豊富らしいし、各界にもパイプを持ってるみたいだから……大抵の希望は叶うんだ」%K%P
「財源も豊富らしいし、各界にもパイプを持ってるみたいだから……大抵の希望は叶うんだ」%K%P
確かに、通っている子達も上流階級の出身者が多いし、理事にも著名人が名を連ねてるみたいだし。%K%P
確かに、通っている子達も上流階級の出身者が多いし、理事にも著名人が名を連ねてるみたいだし。%K%P
「やっぱり、深皇学園は凄いんだなぁ……じゃあさ、楓さんの留学も決まったようなもんだね」%K%P
「やっぱり、深皇学園は凄いんだなぁ……じゃあさ、楓さんの留学も決まったようなもんだね」%K%P
「……普通ならね」%K%P
「……普通ならね」%K%P
「普通なら？　それって……」%K%P
「普通なら？　それって……」%K%P
楓の表情に陰りが差す。唇を引き結んだあと、つぶやく。%K%P
楓の表情に陰りが差す。唇を引き結んだあと、つぶやく。%K%P
「あなたも知ってるだろうけど……私は留学が二度目なんだ」%K%P
「あなたも知ってるだろうけど……私は留学が二度目なんだ」%K%P
「あっ……そうだったね」%K%P
「あっ……そうだったね」%K%P
そうだ、楓は一度留学をしていて、そして……%K%P
そうだ、楓は一度留学をしていて、そして……%K%P
「うん。ただ二度目って事なら、まだいいのだろうけど……途中で逃げ帰るような形になってしまったから」%K%P
「うん。ただ二度目って事なら、まだいいのだろうけど……途中で逃げ帰るような形になってしまったから」%K%P
「直接の原因じゃ無いかも知れないけど、留年もしてしまっているし。学園側も慎重になっているみたい」%K%P
「直接の原因じゃ無いかも知れないけど、留年もしてしまっているし。学園側も慎重になっているみたい」%K%P
どこか窓が僅かに開いているのか。笛のように甲高い音が聞こえてくる。%K%P
どこか窓が僅かに開いているのか。笛のように甲高い音が聞こえてくる。%K%P
まるで泣いているみたいだ。%K%P
まるで泣いているみたいだ。%K%P
「この頃嫌な夢ばかり見る……留学が叶わない、そんな夢」%K%P
「この頃嫌な夢ばかり見る……留学が叶わない、そんな夢」%K%P
「楓……」%K%P
「楓……」%K%P
僕ら以外誰もいない教室。遠くのざわめきが微かに聞こえるだけだ。%K%P
僕ら以外誰もいない教室。遠くのざわめきが微かに聞こえるだけだ。%K%P
「司は外国に戻り、私は希望が叶えられず、日本に残る……そんな想像ばかり、頭をよぎる」%K%P
「司は外国に戻り、私は希望が叶えられず、日本に残る……そんな想像ばかり、頭をよぎる」%K%P
「想像じゃなくて、現実になってしまう……そんな気がする」%K%P
「想像じゃなくて、現実になってしまう……そんな気がする」%K%P
楓がうつむく。元より華奢な体が、尚更小さく見える。%K%P
楓がうつむく。元より華奢な体が、尚更小さく見える。%K%P
輝堂流の使い手でも、{最優秀騎士:ブリランテ}を取った{騎士:ワルキュリア}でもない。傷つきやすい少女の姿が、そこにはあった。%K%P
輝堂流の使い手でも、{最優秀騎士:ブリランテ}を取った{騎士:ワルキュリア}でもない。傷つきやすい少女の姿が、そこにはあった。%K%P
「もし……もし、行けなかったら、どうしよう……司」%K%P
「もし……もし、行けなかったら、どうしよう……司」%K%P
「私、あなたがいない日々なんて……考えられない」%K%P
「私、あなたがいない日々なんて……考えられない」%K%P
楓の声が震えている。僕を見上げる瞳に、涙の予感が見える。%K%P
楓の声が震えている。僕を見上げる瞳に、涙の予感が見える。%K%P
「行けなかったら……もう会えなくなったらどうしよう」%K%P
「行けなかったら……もう会えなくなったらどうしよう」%K%P
「時間が過ぎて……私の事なんて、忘れてしまって……」%K%P
「時間が過ぎて……私の事なんて、忘れてしまって……」%K%P
僕の腕を掴む指……その強さが切ない。%K%P
僕の腕を掴む指……その強さが切ない。%K%P
「そんなの嫌だ……嫌だよぉ、司ぁ……んぅ」%K%P
「そんなの嫌だ……嫌だよぉ、司ぁ……んぅ」%K%P
「楓……一人で苦しんでたんだね……分ってあげられなくて、ゴメン」%K%P
「楓……一人で苦しんでたんだね……分ってあげられなくて、ゴメン」%K%P
「ん……ひぐ……んぐ……つ、司？」%K%P
「ん……ひぐ……んぐ……つ、司？」%K%P
「楓……そんな、悲しい事、言わないで」%K%P
「楓……そんな、悲しい事、言わないで」%K%P
楓を抱き寄せる。サラサラの髪が手の甲をくすぐる。%K%P
楓を抱き寄せる。サラサラの髪が手の甲をくすぐる。%K%P
細い背中、柔らかな体、鼻をくすぐる甘い匂い……楓の全てが愛おしい。%K%P
細い背中、柔らかな体、鼻をくすぐる甘い匂い……楓の全てが愛おしい。%K%P
「きっと大丈夫。キミの頑張りはみんなが知っている」%K%P
「きっと大丈夫。キミの頑張りはみんなが知っている」%K%P
「昔のままじゃない、成長した姿を、見てもらっただろう？」%K%P
「昔のままじゃない、成長した姿を、見てもらっただろう？」%K%P
「うぐ……んぅ……わ、私、成長、してる？」%K%P
「うぐ……んぅ……わ、私、成長、してる？」%K%P
泣きじゃくりながら、僕に尋ねる楓。まるで、幼子のようだ。%K%P
泣きじゃくりながら、僕に尋ねる楓。まるで、幼子のようだ。%K%P
「もちろん。リーダーとして、アリアを立派に戦い抜き、勝利して、{最優秀騎士:ブリランテ}を取ったろう？」%K%P
「もちろん。リーダーとして、アリアを立派に戦い抜き、勝利して、{最優秀騎士:ブリランテ}を取ったろう？」%K%P
「あの佳さんに勝ったんだよ？　もっと自信を持ちなよ」%K%P
「あの佳さんに勝ったんだよ？　もっと自信を持ちなよ」%K%P
「うん……そうだよね」%K%P
「うん……そうだよね」%K%P
湿り気を帯びていた声に、明るさが戻ってくる。%K%P
湿り気を帯びていた声に、明るさが戻ってくる。%K%P
やっぱり、楓には泣き顔は似合わない。%K%P
やっぱり、楓には泣き顔は似合わない。%K%P
「頭……なでて、司」%K%P
「頭……なでて、司」%K%P
「あはは、楓ったら、この前のが癖になっちゃったのかな？　もう、僕よりお姉さんの筈なのに」%K%P
「あはは、楓ったら、この前のが癖になっちゃったのかな？　もう、僕よりお姉さんの筈なのに」%K%P
「んぐっ……お、お姉さんだって……時には、甘えたい……いいでしょ、早く」%K%P
「んぐっ……お、お姉さんだって……時には、甘えたい……いいでしょ、早く」%K%P
「ふふ、わかったよ……ん、楓はいい子だね。ふふふ」%K%P
「ふふ、わかったよ……ん、楓はいい子だね。ふふふ」%K%P
艶々の髪は指通りも良くて……僕も、撫でるのが好きなのかもしれない。%K%P
艶々の髪は指通りも良くて……僕も、撫でるのが好きなのかもしれない。%K%P
楓のため息が、衣服を伝わり、僕の胸を撫でる。これが子猫なら、喉を鳴らしていそうだ。%K%P
楓のため息が、衣服を伝わり、僕の胸を撫でる。これが子猫なら、喉を鳴らしていそうだ。%K%P
「……ずっと、こうしてたい……これからも、ずっと」%K%P
「……ずっと、こうしてたい……これからも、ずっと」%K%P
「ずっとしてられるさ……キミが望む限り、僕は側にいるから」%K%P
「ずっとしてられるさ……キミが望む限り、僕は側にいるから」%K%P
「……嬉しい。思えば……初めて会ったときから、あなたの虜になっていたのかもしれない」%K%P
「……嬉しい。思えば……初めて会ったときから、あなたの虜になっていたのかもしれない」%K%P
「初めて？　……あっと、和菓子屋さんでのだね」%K%P
「初めて？　……あっと、和菓子屋さんでのだね」%K%P
ほんの数週間前の事なのに、今となっては、何年も前の事のような気がする。%K%P
ほんの数週間前の事なのに、今となっては、何年も前の事のような気がする。%K%P
遙か昔から、楓とは知り合っていたような感覚。%K%P
遙か昔から、楓とは知り合っていたような感覚。%K%P
「さりげなく、自然体で間合いに入ってきて……いつの間にか、私の掛けがえのない人になっていた」%K%P
「さりげなく、自然体で間合いに入ってきて……いつの間にか、私の掛けがえのない人になっていた」%K%P
「…………司……大好き」%K%P
「…………司……大好き」%K%P
「僕も、大好き」%K%P
「僕も、大好き」%K%P
楓の鼓動が伝わってくる。%K%P
楓の鼓動が伝わってくる。%K%P
僕は、そっと撫で続ける。%K%P
僕は、そっと撫で続ける。%K%P
日が沈んでいく。橙の光が、藍色へと染まっていく。%K%P
日が沈んでいく。橙の光が、藍色へと染まっていく。%K%P
「お呼び出しを致します。輝堂楓さん、お伝えしたいことがありますので、学園長室までお越しください。繰り返します、輝堂楓さん――」%K%P
「お呼び出しを致します。輝堂楓さん、お伝えしたいことがありますので、学園長室までお越しください。繰り返します、輝堂楓さん――」%K%P
「……行ってこないと……」%K%P
「……行ってこないと……」%K%P
楓がそっと体を離す。名残惜しい気持ちを表すように、髪が僕の手を撫で、こぼれ落ちていく。%K%P
楓がそっと体を離す。名残惜しい気持ちを表すように、髪が僕の手を撫で、こぼれ落ちていく。%K%P
「うん。楓、一緒に行こうか？」%K%P
「うん。楓、一緒に行こうか？」%K%P
「大丈夫、あなたの声が、言葉が、そして想いが……」%K%P
「大丈夫、あなたの声が、言葉が、そして想いが……」%K%P
「私に力を、勇気をくれたから」%K%P
「私に力を、勇気をくれたから」%K%P
腫れたまぶたの下、僕を見つめる瞳には輝きが戻っていた。%K%P
腫れたまぶたの下、僕を見つめる瞳には輝きが戻っていた。%K%P
「そっか。あ、そうだ、この後、寮の子達が僕の送別会をしてくれるんだ。楓も来てよ」%K%P
「そっか。あ、そうだ、この後、寮の子達が僕の送別会をしてくれるんだ。楓も来てよ」%K%P
「え、私もいいのかな？　寮生じゃないんだけど」%K%P
「え、私もいいのかな？　寮生じゃないんだけど」%K%P
「構わないと思うよ、楓も誘ってって言われたし。賑やかに見送ってよ」%K%P
「構わないと思うよ、楓も誘ってって言われたし。賑やかに見送ってよ」%K%P
「あは、分った。確かに湿っぽいのよりいいよね。楽しくやろう」%K%P
「あは、分った。確かに湿っぽいのよりいいよね。楽しくやろう」%K%P
白い歯を見せて、楓が微笑む。%K%P
白い歯を見せて、楓が微笑む。%K%P
きっと彼女の……ううん、僕達の希望は叶う、そんな気がした。%K%P
きっと彼女の……ううん、僕達の希望は叶う、そんな気がした。%K%P
「それじゃ、行ってきます」%K%P
「それじゃ、行ってきます」%K%P
「うん、いってらっしゃい」%K%P
「うん、いってらっしゃい」%K%P
手を振り合う。%K%P
手を振り合う。%K%P
僅かに残った陽光が、僕らを照らしていた。%K%P
僅かに残った陽光が、僕らを照らしていた。%K%P
