いつもの三人で教室移動のため廊下を歩いていると、担任の先生から声を掛けられる。%K%P
いつもの三人で教室移動のため廊下を歩いていると、担任の先生から声を掛けられる。%K%P
「西條さん、ちょっといいですか」%K%P
「西條さん、ちょっといいですか」%K%P
「はい。なんでしょう」%K%P
「はい。なんでしょう」%K%P
「放課後にまた手伝って欲しい仕事があるのですが」%K%P
「放課後にまた手伝って欲しい仕事があるのですが」%K%P
「この前の続きですか？」%K%P
「この前の続きですか？」%K%P
「いえ、別の作業ですけど、西条さんは手際が良くて頼りになるので是非お願いしたいなと」%K%P
「いえ、別の作業ですけど、西条さんは手際が良くて頼りになるので是非お願いしたいなと」%K%P
綾香さんはよっぽど先生からの信任が厚いんだなぁ。%K%P
綾香さんはよっぽど先生からの信任が厚いんだなぁ。%K%P
いつも世話になりっぱなしの僕から見ても責任感が強いし周りの人も頼りたくなるのはよく分かる。%K%P
いつも世話になりっぱなしの僕から見ても責任感が強いし周りの人も頼りたくなるのはよく分かる。%K%P
ただ、当の本人はちょっと困り顔だ。%K%P
ただ、当の本人はちょっと困り顔だ。%K%P
「えっと、そうですね……」%K%P
「えっと、そうですね……」%K%P
チラリと、僕の方を見る。%K%P
チラリと、僕の方を見る。%K%P
その仕草に美琴さんがピンと来たようだ。%K%P
その仕草に美琴さんがピンと来たようだ。%K%P
「ああ、また差し入れしようと思ってた？」%K%P
「ああ、また差し入れしようと思ってた？」%K%P
「うん、実は……」%K%P
「うん、実は……」%K%P
「それなら私の方は気にしないで。別に義務じゃないんだし」%K%P
「それなら私の方は気にしないで。別に義務じゃないんだし」%K%P
差し入れ……というか応援は確かに励みになるけど、無理をしてまで僕に時間を割いて貰うのは心苦しいものがある。%K%P
差し入れ……というか応援は確かに励みになるけど、無理をしてまで僕に時間を割いて貰うのは心苦しいものがある。%K%P
あくまで善意の範囲で充分だ。%K%P
あくまで善意の範囲で充分だ。%K%P
と、美琴さんが手を打つ。%K%P
と、美琴さんが手を打つ。%K%P
「だったらまたあたしが代わりに行ってあげようか？　手は空いているし」%K%P
「だったらまたあたしが代わりに行ってあげようか？　手は空いているし」%K%P
「え、ホント？　うれしいな。お願いできる？」%K%P
「え、ホント？　うれしいな。お願いできる？」%K%P
「任せて」%K%P
「任せて」%K%P
「いずみさんもいいかな」%K%P
「いずみさんもいいかな」%K%P
「もちろん」%K%P
「もちろん」%K%P
美琴さんの負担じゃないなら、遠慮する理由はない。%K%P
美琴さんの負担じゃないなら、遠慮する理由はない。%K%P
普通にありがたい話だしね。%K%P
普通にありがたい話だしね。%K%P
こうしてまた美琴さんが差し入れしに来てくれることになった。%K%P
こうしてまた美琴さんが差し入れしに来てくれることになった。%K%P
「それでは放課後は先生のお手伝いをしますね」%K%P
「それでは放課後は先生のお手伝いをしますね」%K%P
「ありがとう、助かります。いずみさんたちも練習がんばってください」%K%P
「ありがとう、助かります。いずみさんたちも練習がんばってください」%K%P
「はい、ありがとうございます」%K%P
「はい、ありがとうございます」%K%P
「じゃあ今日も授業が終わったら、早めに寮に戻るとして……」%K%P
「じゃあ今日も授業が終わったら、早めに寮に戻るとして……」%K%P
なんだか美琴さんがウキウキしてるようだった。%K%P
なんだか美琴さんがウキウキしてるようだった。%K%P
放課後。%K%P
放課後。%K%P
約束通りに美琴さんがステンレスボトルを手にきてくれた。%K%P
約束通りに美琴さんがステンレスボトルを手にきてくれた。%K%P
「差し入れ持ってきたよ。待たせたかな」%K%P
「差し入れ持ってきたよ。待たせたかな」%K%P
「ありがとう。ついさっき休憩に入ったところ。丁度いいタイミングだよ」%K%P
「ありがとう。ついさっき休憩に入ったところ。丁度いいタイミングだよ」%K%P
「それはよかったわ」%K%P
「それはよかったわ」%K%P
柔らかで自然な笑みだった。%K%P
柔らかで自然な笑みだった。%K%P
女の子の優しい笑顔って魅力的だよね。自然にうれしい気持ちになるのは僕が男だからかな。%K%P
女の子の優しい笑顔って魅力的だよね。自然にうれしい気持ちになるのは僕が男だからかな。%K%P
「それはそうと……ギャラリーが増えたね」%K%P
「それはそうと……ギャラリーが増えたね」%K%P
「ははは……」%K%P
「ははは……」%K%P
この前は三人だった見学者が今日は十人に膨れあがっていた。%K%P
この前は三人だった見学者が今日は十人に膨れあがっていた。%K%P
みんな口コミで僕の練習風景を耳にして集まってきた学生ばかりだ。%K%P
みんな口コミで僕の練習風景を耳にして集まってきた学生ばかりだ。%K%P
キラキラした目でうっとりと耳を傾けている姿からは崇拝に似た何かを感じる。%K%P
キラキラした目でうっとりと耳を傾けている姿からは崇拝に似た何かを感じる。%K%P
ちょっと大げさな気がして、照れくさい。%K%P
ちょっと大げさな気がして、照れくさい。%K%P
「いずみさんの歌は凄いわね。やっぱり本物は違うってことかな」%K%P
「いずみさんの歌は凄いわね。やっぱり本物は違うってことかな」%K%P
「わざわざ聴きに来てくれるのはありがたい限りだよ」%K%P
「わざわざ聴きに来てくれるのはありがたい限りだよ」%K%P
僕としてもみんなに喜んでもらえているのが分かるので歌い甲斐がある。%K%P
僕としてもみんなに喜んでもらえているのが分かるので歌い甲斐がある。%K%P
ただ注目されすぎると、例のごとく女装バレの危険性が出てくるのが困りものなんだけど……。%K%P
ただ注目されすぎると、例のごとく女装バレの危険性が出てくるのが困りものなんだけど……。%K%P
「この調子だと深皇祭まで人数は増えていく一方なんじゃ……」%K%P
「この調子だと深皇祭まで人数は増えていく一方なんじゃ……」%K%P
「そ、そうかな？」%K%P
「そ、そうかな？」%K%P
「それだけ人気があるってことよ。特にいずみさんは突如現れたすごい{歌姫:ディーバ}ってことで話題性もあるし……」%K%P
「それだけ人気があるってことよ。特にいずみさんは突如現れたすごい{歌姫:ディーバ}ってことで話題性もあるし……」%K%P
う～ん、これ以上増えたらまずいかもしれない。%K%P
う～ん、これ以上増えたらまずいかもしれない。%K%P
一応、今のところはみんな遠巻きに大人しく見学していて練習中は必要以上に話しかけて来ない。%K%P
一応、今のところはみんな遠巻きに大人しく見学していて練習中は必要以上に話しかけて来ない。%K%P
でも、音楽室の半分近くをギャラリーに埋め尽くされるようになったら、さすがに練習にも支障をきたすかもしれないなぁ……。%K%P
でも、音楽室の半分近くをギャラリーに埋め尽くされるようになったら、さすがに練習にも支障をきたすかもしれないなぁ……。%K%P
「美琴さんの予想通りになったら、ちょっと困ったことになりそう」%K%P
「美琴さんの予想通りになったら、ちょっと困ったことになりそう」%K%P
「だったら早めに手を打っておいた方がいいわね。あたしに任せてちょうだい」%K%P
「だったら早めに手を打っておいた方がいいわね。あたしに任せてちょうだい」%K%P
なんとも頼もしい限りだ。%K%P
なんとも頼もしい限りだ。%K%P
本来なら僕からみんなにお願いするべきなんだろうけど、女装の件があるためさじ加減が難しい。%K%P
本来なら僕からみんなにお願いするべきなんだろうけど、女装の件があるためさじ加減が難しい。%K%P
ここは素直に美琴さんに甘えさせて貰おう。%K%P
ここは素直に美琴さんに甘えさせて貰おう。%K%P
美琴さんが集まっているギャラリーの所に足を運ぶ。%K%P
美琴さんが集まっているギャラリーの所に足を運ぶ。%K%P
僕が休憩に入ったのでそれぞれ自由におしゃべりしていたみんなは、近づいてくる美琴さんに気付くと軽く会釈した。%K%P
僕が休憩に入ったのでそれぞれ自由におしゃべりしていたみんなは、近づいてくる美琴さんに気付くと軽く会釈した。%K%P
「美琴様も見学ですか？」%K%P
「美琴様も見学ですか？」%K%P
「いずみ様への差し入れですよね。お疲れ様です」%K%P
「いずみ様への差し入れですよね。お疲れ様です」%K%P
「ええ、そのつもりで来たんだけど……」%K%P
「ええ、そのつもりで来たんだけど……」%K%P
「ねえ、みんな聞いて。せっかく楽しく見学しているところ悪いけど、このままじゃ少し問題があると思うの」%K%P
「ねえ、みんな聞いて。せっかく楽しく見学しているところ悪いけど、このままじゃ少し問題があると思うの」%K%P
「この先、どんどん見学が増えていったらきっといずみさんの練習の邪魔になるでしょうね」%K%P
「この先、どんどん見学が増えていったらきっといずみさんの練習の邪魔になるでしょうね」%K%P
「それは……あの、大人しく耳を傾けているだけでもダメですか？」%K%P
「それは……あの、大人しく耳を傾けているだけでもダメですか？」%K%P
「人数が少ないうちはいいのでしょうけど……」%K%P
「人数が少ないうちはいいのでしょうけど……」%K%P
美琴さんが自分の頬に手を当てる。%K%P
美琴さんが自分の頬に手を当てる。%K%P
「いずみさんの歌を聴きたがる人は増えていく一方でしょうし、いずれ音楽室に入り切らなくなると思わない？」%K%P
「いずみさんの歌を聴きたがる人は増えていく一方でしょうし、いずれ音楽室に入り切らなくなると思わない？」%K%P
「確かに……」%K%P
「確かに……」%K%P
「現にこうして増えてますもんね」%K%P
「現にこうして増えてますもんね」%K%P
「もちろん、あたしたちが頼めばいずみさんは快く見学させてくれるでしょう」%K%P
「もちろん、あたしたちが頼めばいずみさんは快く見学させてくれるでしょう」%K%P
「でも、一番大事なことを忘れてはいけないわ」%K%P
「でも、一番大事なことを忘れてはいけないわ」%K%P
「重要なのは、いずみさんにとってもあたしたちにとっても深皇祭を成功させることよ」%K%P
「重要なのは、いずみさんにとってもあたしたちにとっても深皇祭を成功させることよ」%K%P
「だからあたしたちは深皇祭に向けてがんばっているいずみさんの足を引っ張るようなことは極力慎むべきでしょ」%K%P
「だからあたしたちは深皇祭に向けてがんばっているいずみさんの足を引っ張るようなことは極力慎むべきでしょ」%K%P
美琴さんの話に耳を傾けていたみんなは納得した面持ちで頷いた。%K%P
美琴さんの話に耳を傾けていたみんなは納得した面持ちで頷いた。%K%P
「美琴様の仰るとおりですね」%K%P
「美琴様の仰るとおりですね」%K%P
「私たちのせいで練習の邪魔になっては元も子もないですし……」%K%P
「私たちのせいで練習の邪魔になっては元も子もないですし……」%K%P
「練習を見学できないのは残念ですがここは大人しく引き上げます」%K%P
「練習を見学できないのは残念ですがここは大人しく引き上げます」%K%P
「いずみ様、深皇祭楽しみにしてます。がんばってくださいね」%K%P
「いずみ様、深皇祭楽しみにしてます。がんばってくださいね」%K%P
他の学生たちも口々に僕への声援を投げかけながら音楽室を後にしていった。%K%P
他の学生たちも口々に僕への声援を投げかけながら音楽室を後にしていった。%K%P
せっかく応援してくれているのにみんなには申し訳ない、そう思う反面、女装がバレる危険性が下がってホットする気持ちもある。%K%P
せっかく応援してくれているのにみんなには申し訳ない、そう思う反面、女装がバレる危険性が下がってホットする気持ちもある。%K%P
こういうのってなかなか割り切れないものがあるね。%K%P
こういうのってなかなか割り切れないものがあるね。%K%P
「ありがとう、美琴さん。面倒な役をして貰っちゃったね」%K%P
「ありがとう、美琴さん。面倒な役をして貰っちゃったね」%K%P
「いいの。そんなことないって」%K%P
「いいの。そんなことないって」%K%P
「それじゃあたしも引き上げるから。下級生を下がらせておいて自分だけ残ってたら示しが付かないもの」%K%P
「それじゃあたしも引き上げるから。下級生を下がらせておいて自分だけ残ってたら示しが付かないもの」%K%P
差し入れのステンレスボトルを置いて出ていこうとした。%K%P
差し入れのステンレスボトルを置いて出ていこうとした。%K%P
慌てて呼び止める。%K%P
慌てて呼び止める。%K%P
「待って。来てすぐじゃない。せめて少しは私の歌を聴いていってよ」%K%P
「待って。来てすぐじゃない。せめて少しは私の歌を聴いていってよ」%K%P
「差し入れのお礼をさせてちょうだい」%K%P
「差し入れのお礼をさせてちょうだい」%K%P
「でも……」%K%P
「でも……」%K%P
美琴さんは及び腰だ。%K%P
美琴さんは及び腰だ。%K%P
自分でも言ってたけど他の学生の手前、気が引けるみたいだ。%K%P
自分でも言ってたけど他の学生の手前、気が引けるみたいだ。%K%P
だけど、僕にしてみれば助けて貰ったのは確かだし、少しくらいなら美琴さんを贔屓しても罰は当たらないと思う。%K%P
だけど、僕にしてみれば助けて貰ったのは確かだし、少しくらいなら美琴さんを贔屓しても罰は当たらないと思う。%K%P
よし、普通に誘っても遠慮するだけだろうし、ここは言い回しを工夫してみよう。%K%P
よし、普通に誘っても遠慮するだけだろうし、ここは言い回しを工夫してみよう。%K%P
「美琴さんがいてくれた方が逆に集中できて練習が捗るかも」%K%P
「美琴さんがいてくれた方が逆に集中できて練習が捗るかも」%K%P
「え」%K%P
「え」%K%P
「そうだなぁ。マネージャーみたいな感じかな。甘えてるみたいで悪いけど」%K%P
「そうだなぁ。マネージャーみたいな感じかな。甘えてるみたいで悪いけど」%K%P
「甘えてるなんて別に……え、でも、そ、そう？」%K%P
「甘えてるなんて別に……え、でも、そ、そう？」%K%P
「うん、歌になにか問題がないか、確認して貰う意味も兼ねてってことでどう？」%K%P
「うん、歌になにか問題がないか、確認して貰う意味も兼ねてってことでどう？」%K%P
「まあ、いずみさんがそれでいいなら」%K%P
「まあ、いずみさんがそれでいいなら」%K%P
ちょっとはにかみつつ、美琴さんは頷いてくれた。%K%P
ちょっとはにかみつつ、美琴さんは頷いてくれた。%K%P
ご飯も済んでお風呂も済んで、今は自由時間。%K%P
ご飯も済んでお風呂も済んで、今は自由時間。%K%P
寮の自室で机に向かって自習しているけど、ふと気付くと手が止まっていたりする。%K%P
寮の自室で机に向かって自習しているけど、ふと気付くと手が止まっていたりする。%K%P
昼間のいずみさんの練習風景が自然に脳裏に甦ってしまうからだ。%K%P
昼間のいずみさんの練習風景が自然に脳裏に甦ってしまうからだ。%K%P
「またいずみさんの歌、聴きたいな……」%K%P
「またいずみさんの歌、聴きたいな……」%K%P
全身の皮膚で音の塊を感じとれるような空間とでも言うのか、\n澄んだ声に身体中を抱きしめられているような感覚とでも言うのか……。%K%P
全身の皮膚で音の塊を感じとれるような空間とでも言うのか、\n澄んだ声に身体中を抱きしめられているような感覚とでも言うのか……。%K%P
正直、あの歌声の虜になってしまった自覚はある。%K%P
正直、あの歌声の虜になってしまった自覚はある。%K%P
いずみさんと同部屋の綾香は、いつもあんな素敵な歌を聴かせて貰っているのかな？%K%P
いずみさんと同部屋の綾香は、いつもあんな素敵な歌を聴かせて貰っているのかな？%K%P
料理の準備をしているときも自然に鼻歌を口ずさんでいたし、\n部屋でリラックスしていたら普通にハミングしていることも多いのではないだろうか。%K%P
料理の準備をしているときも自然に鼻歌を口ずさんでいたし、\n部屋でリラックスしていたら普通にハミングしていることも多いのではないだろうか。%K%P
「お風呂でもなにか気持ちよさそうに歌ってるイメージあるし……」%K%P
「お風呂でもなにか気持ちよさそうに歌ってるイメージあるし……」%K%P
そういえば、いずみさんとお風呂が重なったことってないな。まあ、たまたまなんだろうけど。%K%P
そういえば、いずみさんとお風呂が重なったことってないな。まあ、たまたまなんだろうけど。%K%P
「はぁ、ちょっと綾香が羨ましくなっちゃうなぁ……」%K%P
「はぁ、ちょっと綾香が羨ましくなっちゃうなぁ……」%K%P
昼間の、あたしがいてくれた方が助かると言ってくれた時の笑顔を思い出すとなぜだかドキドキしてしまう。%K%P
昼間の、あたしがいてくれた方が助かると言ってくれた時の笑顔を思い出すとなぜだかドキドキしてしまう。%K%P
あの時、単純に照れくさかったのもあるけど、甘くてジンと痺れるような喜びが胸中に沸き起こっていた。%K%P
あの時、単純に照れくさかったのもあるけど、甘くてジンと痺れるような喜びが胸中に沸き起こっていた。%K%P
今まで家族や友人には抱いたことがない初めての感覚……。%K%P
今まで家族や友人には抱いたことがない初めての感覚……。%K%P
「あたしったら……相手は同じ女の子なのに」%K%P
「あたしったら……相手は同じ女の子なのに」%K%P
一人で勝手に恥ずかしくなってしまい、思わず机に突っ伏した。%K%P
一人で勝手に恥ずかしくなってしまい、思わず机に突っ伏した。%K%P
顔が火照っているのが分かる。%K%P
顔が火照っているのが分かる。%K%P
すぐ隣が綾香の部屋だし今の時間ならいずみさんもいるはずだから特に用事はないけど会いに行ってみようかな……？%K%P
すぐ隣が綾香の部屋だし今の時間ならいずみさんもいるはずだから特に用事はないけど会いに行ってみようかな……？%K%P
でも、今いずみさんの顔を見たら、変に意識してギクシャクしてしまうかもしれない。%K%P
でも、今いずみさんの顔を見たら、変に意識してギクシャクしてしまうかもしれない。%K%P
「はぁ……これじゃとても千影さんがやろうとしていることに反対だなんて言えないなぁ……」%K%P
「はぁ……これじゃとても千影さんがやろうとしていることに反対だなんて言えないなぁ……」%K%P
色々とモヤモヤした思いを持てあまして思わず頭を抱えてしまった。%K%P
色々とモヤモヤした思いを持てあまして思わず頭を抱えてしまった。%K%P
