チャイムの音が鳴り響き、授業が終わる。%K%P
チャイムの音が鳴り響き、授業が終わる。%K%P
午前中の授業も後一つ――今日のお昼休みは……会えないのかな。%K%P
午前中の授業も後一つ――今日のお昼休みは……会えないのかな。%K%P
「いずみさん、ちょっといいかしら。深皇祭のことについて、昨日決まったことをお知らせしたいのだけど」%K%P
「いずみさん、ちょっといいかしら。深皇祭のことについて、昨日決まったことをお知らせしたいのだけど」%K%P
「……うん……」%K%P
「……うん……」%K%P
「毎年結構タイトなスケジューリングなのだけど、今年は特に詰まっているの。転入したてのいずみさんには、ちょっと酷だけどね」%K%P
「毎年結構タイトなスケジューリングなのだけど、今年は特に詰まっているの。転入したてのいずみさんには、ちょっと酷だけどね」%K%P
「なんといっても、{歌姫:ディーバ}は深皇祭の、アリアの主役だから。どうしても負担が大きいのよね」%K%P
「なんといっても、{歌姫:ディーバ}は深皇祭の、アリアの主役だから。どうしても負担が大きいのよね」%K%P
ディーバ……歌姫か。奏さんの声、{歌姫:ディーバ}だけあって、心に響いたよね。%K%P
ディーバ……歌姫か。奏さんの声、{歌姫:ディーバ}だけあって、心に響いたよね。%K%P
ガラスのように透き通っていて、それでいて温かみがあって……ずっと聞いていたいな。%K%P
ガラスのように透き通っていて、それでいて温かみがあって……ずっと聞いていたいな。%K%P
脳裏に奏さんの笑顔が浮かんだ。%K%P
脳裏に奏さんの笑顔が浮かんだ。%K%P
「――それで、深皇祭の開会の際には{歌姫:ディーバ}や{騎士:ワルキュリア}達が揃って……って、いずみさん、どうかした？」%K%P
「――それで、深皇祭の開会の際には{歌姫:ディーバ}や{騎士:ワルキュリア}達が揃って……って、いずみさん、どうかした？」%K%P
「……んえ？　なにが、どうかしたの？」%K%P
「……んえ？　なにが、どうかしたの？」%K%P
「んもう、ぼおっとして。わたしの話、聞いてた？」%K%P
「んもう、ぼおっとして。わたしの話、聞いてた？」%K%P
「話……あ、ご、ごめんなさい、聞いてなかったかも」%K%P
「話……あ、ご、ごめんなさい、聞いてなかったかも」%K%P
「あらまあ……ん……おやおや？」%K%P
「あらまあ……ん……おやおや？」%K%P
いけない、綾香さん達が折角説明してくれていたのに。つい……%K%P
いけない、綾香さん達が折角説明してくれていたのに。つい……%K%P
「いずみさん、もしかして、どこか体調が悪いの？　生活環境も急に変ったし、ここの所忙しかったから……わたし、同室なのに気がつかなくて……」%K%P
「いずみさん、もしかして、どこか体調が悪いの？　生活環境も急に変ったし、ここの所忙しかったから……わたし、同室なのに気がつかなくて……」%K%P
「体が辛いようなら、又にしましょうか？　保健室に行って休んだ方がいいかも。少し顔も赤くなってるから、熱があるのかもしれないし」%K%P
「体が辛いようなら、又にしましょうか？　保健室に行って休んだ方がいいかも。少し顔も赤くなってるから、熱があるのかもしれないし」%K%P
「あ、う、ううん、全然平気。留学先でも、かなりあちこち移動してたし。こう見えても体力には自信があるから」%K%P
「あ、う、ううん、全然平気。留学先でも、かなりあちこち移動してたし。こう見えても体力には自信があるから」%K%P
あちらは陸続きな分、国をまたいで移動するなんてこと、しょっちゅうあったし。それに、僕は男性だからね。%K%P
あちらは陸続きな分、国をまたいで移動するなんてこと、しょっちゅうあったし。それに、僕は男性だからね。%K%P
「そう。ならいいけれど……ほんと、辛かったら言ってね？」%K%P
「そう。ならいいけれど……ほんと、辛かったら言ってね？」%K%P
「うん、ありがとう。綾香さんには充分お世話になってるから。って、美琴さん、なにその笑顔」%K%P
「うん、ありがとう。綾香さんには充分お世話になってるから。って、美琴さん、なにその笑顔」%K%P
「そのね、いずみさんたら少し頬を染めて、ため息なんてついてたから……まるで」%K%P
「そのね、いずみさんたら少し頬を染めて、ため息なんてついてたから……まるで」%K%P
言葉を切って、クスクスと笑う美琴さん。%K%P
言葉を切って、クスクスと笑う美琴さん。%K%P
「恋する女の子みたいだなって……ふふ、さっきのいずみさん、写真に取っておきたくなるほどの乙女だったわよ」%K%P
「恋する女の子みたいだなって……ふふ、さっきのいずみさん、写真に取っておきたくなるほどの乙女だったわよ」%K%P
「ええ！？　こ、恋する女の子？」%K%P
「ええ！？　こ、恋する女の子？」%K%P
「ええ。遠くに向けられた視線は、会えないあの人を思って……って感じかしら、ふふふ」%K%P
「ええ。遠くに向けられた視線は、会えないあの人を思って……って感じかしら、ふふふ」%K%P
「あ、あはは……そ、それは無いんじゃ……」%K%P
「あ、あはは……そ、それは無いんじゃ……」%K%P
「どうして？　いずみさんって女のあたしから見ても、どこか男性的な凛々しさも感じるし、女性的な可愛らしさも持ち合わせているし……とっても魅力的よ？」%K%P
「どうして？　いずみさんって女のあたしから見ても、どこか男性的な凛々しさも感じるし、女性的な可愛らしさも持ち合わせているし……とっても魅力的よ？」%K%P
「う～ん、あたしが男の子だったら、すごく気になっちゃうかも」%K%P
「う～ん、あたしが男の子だったら、すごく気になっちゃうかも」%K%P
「えっと……ありがとうなのかな、あはは」%K%P
「えっと……ありがとうなのかな、あはは」%K%P
「も、もう、美琴ったら変なこと言わないの。時間も限られているから、説明、続けるわよ？」%K%P
「も、もう、美琴ったら変なこと言わないの。時間も限られているから、説明、続けるわよ？」%K%P
ふう……綾香さんありがとう。%K%P
ふう……綾香さんありがとう。%K%P
それにしても……恋する女の子か――僕、そんな風に見えるほどだったんだな。%K%P
それにしても……恋する女の子か――僕、そんな風に見えるほどだったんだな。%K%P
お昼前、最後の授業が始まる。静まりかえった教室には、教師の声だけが響く。%K%P
お昼前、最後の授業が始まる。静まりかえった教室には、教師の声だけが響く。%K%P
さすがお嬢様が通う学園だけあって私語を交わすような子はいない。%K%P
さすがお嬢様が通う学園だけあって私語を交わすような子はいない。%K%P
教科書に目を落とす――それ程難しい内容じゃないのに……駄目だ、頭に入らない。%K%P
教科書に目を落とす――それ程難しい内容じゃないのに……駄目だ、頭に入らない。%K%P
『恋する女の子』……か。さっきの美琴さんの言葉がよみがえってくる。%K%P
『恋する女の子』……か。さっきの美琴さんの言葉がよみがえってくる。%K%P
僕は奏さんを意識してるのかな？　そもそも奏さんはなんであんな事をしたんだろう。%K%P
僕は奏さんを意識してるのかな？　そもそも奏さんはなんであんな事をしたんだろう。%K%P
僕は彼女のしっとりとした唇と舌の名残を確かめるように、頬に触れる。%K%P
僕は彼女のしっとりとした唇と舌の名残を確かめるように、頬に触れる。%K%P
奏さんは僕を女性だと思っているはず。だとしたら……以前に言っていた、同性愛の話が関係しているのかな？%K%P
奏さんは僕を女性だと思っているはず。だとしたら……以前に言っていた、同性愛の話が関係しているのかな？%K%P
考えれば考えるほど、胸は苦しくなって、思考が鈍くなってくる。%K%P
考えれば考えるほど、胸は苦しくなって、思考が鈍くなってくる。%K%P
直接会って確かめたい……ううん、確かめなくてもいい、会うだけでいい。%K%P
直接会って確かめたい……ううん、確かめなくてもいい、会うだけでいい。%K%P
時計の針は、一向に進んでいるように思えない。%K%P
時計の針は、一向に進んでいるように思えない。%K%P
僕はまた、頬に指先を置いた。%K%P
僕はまた、頬に指先を置いた。%K%P
