見上げた空は、どうしようもなく広い。%K%P
見上げた空は、どうしようもなく広い。%K%P
その広さが、僕を少しだけ不安にさせた。%K%P
その広さが、僕を少しだけ不安にさせた。%K%P
「どうしたもんかなぁ……」%K%P
「どうしたもんかなぁ……」%K%P
ついさっきまでは、日本の空の青さに懐かしさすら感じていたっていうのに。%K%P
ついさっきまでは、日本の空の青さに懐かしさすら感じていたっていうのに。%K%P
って、どこの国で見ても、空の青さはそれほど変わらないだろうけど。%K%P
って、どこの国で見ても、空の青さはそれほど変わらないだろうけど。%K%P
……うん。留学先の空も、こんな色だったかな。%K%P
……うん。留学先の空も、こんな色だったかな。%K%P
「……よしっ。とりあえず駅前に出よう」%K%P
「……よしっ。とりあえず駅前に出よう」%K%P
それで、どこかでご飯を食べよう。%K%P
それで、どこかでご飯を食べよう。%K%P
無駄使い出来る状況でもないけど、帰国初日にコンビニのおにぎり、というのも味気ない。%K%P
無駄使い出来る状況でもないけど、帰国初日にコンビニのおにぎり、というのも味気ない。%K%P
今日のお昼ぐらいなら、贅沢してもいいよね。%K%P
今日のお昼ぐらいなら、贅沢してもいいよね。%K%P
短期限定家なき子――――その初日ぐらいは。%K%P
短期限定家なき子――――その初日ぐらいは。%K%P
「なんだこれ……」%K%P
「なんだこれ……」%K%P
想像していたものと違う光景が待ち受けていたら、人はどうしたって驚く。%K%P
想像していたものと違う光景が待ち受けていたら、人はどうしたって驚く。%K%P
留学先から一時帰国し、空港から真っ直ぐ向かった懐かしの我が家はブルーシートに覆われていた。%K%P
留学先から一時帰国し、空港から真っ直ぐ向かった懐かしの我が家はブルーシートに覆われていた。%K%P
面食らいながらも携帯電話を取りだし、父さんの番号を選ぶ。%K%P
面食らいながらも携帯電話を取りだし、父さんの番号を選ぶ。%K%P
幸い、それはすぐに繋がった。%K%P
幸い、それはすぐに繋がった。%K%P
「もしもし？　父さん？」%K%P
「もしもし？　父さん？」%K%P
「お、司か。どうした？」%K%P
「お、司か。どうした？」%K%P
「父さん、いまどこに居るの？」%K%P
「父さん、いまどこに居るの？」%K%P
「どこ、って……いや、海外に、ちょっと」%K%P
「どこ、って……いや、海外に、ちょっと」%K%P
「海外ってことは、旅行かなにか？」%K%P
「海外ってことは、旅行かなにか？」%K%P
「まあ、そんなところだ」%K%P
「まあ、そんなところだ」%K%P
「それよりどうした？　なにか用事か？」%K%P
「それよりどうした？　なにか用事か？」%K%P
「家が工事してるみたいなんだけど……これ、どういうこと？」%K%P
「家が工事してるみたいなんだけど……これ、どういうこと？」%K%P
「工事、って……司、もしかしておまえ、日本に帰ってきてるのか？」%K%P
「工事、って……司、もしかしておまえ、日本に帰ってきてるのか？」%K%P
「うん。実は、ついさっき」%K%P
「うん。実は、ついさっき」%K%P
「待て待て。帰国は来月のはずだろう？」%K%P
「待て待て。帰国は来月のはずだろう？」%K%P
「長期の休みがとれたんだ。だから、驚かせようと思って内緒で帰ってきたんだけど……」%K%P
「長期の休みがとれたんだ。だから、驚かせようと思って内緒で帰ってきたんだけど……」%K%P
「そ、そうか……」%K%P
「そ、そうか……」%K%P
「……すまん。帰国は来月だと思っていたから、それに合わせて家をリフォームすることにしたんだ」%K%P
「……すまん。帰国は来月だと思っていたから、それに合わせて家をリフォームすることにしたんだ」%K%P
「司が帰ってきたとき驚くだろうと思ってな」%K%P
「司が帰ってきたとき驚くだろうと思ってな」%K%P
「うん。ブルーシートに覆われてる家って、かなりインパクトがあったよ」%K%P
「うん。ブルーシートに覆われてる家って、かなりインパクトがあったよ」%K%P
「そ、そうか」%K%P
「そ、そうか」%K%P
「ってことは、父さん達はいま仮住まい？」%K%P
「ってことは、父さん達はいま仮住まい？」%K%P
「いや、父さんも仕事で長期休暇がとれたもんでな、良い機会だと思って母さんと旅行中なんだ」%K%P
「いや、父さんも仕事で長期休暇がとれたもんでな、良い機会だと思って母さんと旅行中なんだ」%K%P
「ああ、それで海外なんだ。母さん、旅行したいってずっと言ってたもんね」%K%P
「ああ、それで海外なんだ。母さん、旅行したいってずっと言ってたもんね」%K%P
「どこ？　ドイツ？　フランス？」%K%P
「どこ？　ドイツ？　フランス？」%K%P
「そのへん全部だ」%K%P
「そのへん全部だ」%K%P
「えっ？」%K%P
「えっ？」%K%P
「リフォームしている間、諸国漫遊しよう、という話になってな」%K%P
「リフォームしている間、諸国漫遊しよう、という話になってな」%K%P
「あわよくば、こっそり留学先の司に会いに行って驚かせようとも考えていたんだが……」%K%P
「あわよくば、こっそり留学先の司に会いに行って驚かせようとも考えていたんだが……」%K%P
「……似たもの親子だね、僕たち」%K%P
「……似たもの親子だね、僕たち」%K%P
「はは、まったくだな」%K%P
「はは、まったくだな」%K%P
「あはは、ホントホント」%K%P
「あはは、ホントホント」%K%P
「しかし、笑ってばかりもいられないな。そういう事情なら急いで帰国するとしよう」%K%P
「しかし、笑ってばかりもいられないな。そういう事情なら急いで帰国するとしよう」%K%P
「いいよ。せっかく旅行中なんでしょ？」%K%P
「いいよ。せっかく旅行中なんでしょ？」%K%P
「なら、こっちはこっちでどうにかしてみるよ。お金もないわけじゃないから」%K%P
「なら、こっちはこっちでどうにかしてみるよ。お金もないわけじゃないから」%K%P
「いや、しかし――」%K%P
「いや、しかし――」%K%P
「貯金が尽きたりとか、どうしても困ったら、そのときは改めて相談するし」%K%P
「貯金が尽きたりとか、どうしても困ったら、そのときは改めて相談するし」%K%P
「可愛い子には旅をさせろ。……そう言って、なんだかんだ僕の留学を許してくれたでしょ？」%K%P
「可愛い子には旅をさせろ。……そう言って、なんだかんだ僕の留学を許してくれたでしょ？」%K%P
「だから気にしないで。今度は僕が、可愛い両親に旅をしてもらう番だと思うから」%K%P
「だから気にしないで。今度は僕が、可愛い両親に旅をしてもらう番だと思うから」%K%P
「……なんだか、たくましくなったな」%K%P
「……なんだか、たくましくなったな」%K%P
「まあ、いろいろとね」%K%P
「まあ、いろいろとね」%K%P
「わかった。ただし、なにかあったら必ず連絡をすること。いいな？」%K%P
「わかった。ただし、なにかあったら必ず連絡をすること。いいな？」%K%P
「もちろん。でも、できる限りはやってみるよ」%K%P
「もちろん。でも、できる限りはやってみるよ」%K%P
「電話、母さんに代わるか？」%K%P
「電話、母さんに代わるか？」%K%P
「大丈夫。落ち着いたらこっちから電話する」%K%P
「大丈夫。落ち着いたらこっちから電話する」%K%P
「そうか。家財を預けている倉庫の連絡先は、あとでメールしておく」%K%P
「そうか。家財を預けている倉庫の連絡先は、あとでメールしておく」%K%P
「うん。それで充分だよ」%K%P
「うん。それで充分だよ」%K%P
――そんな会話をしたのが、ほんの１時間前。%K%P
――そんな会話をしたのが、ほんの１時間前。%K%P
もとはといえば僕がいけないのかもしれない。%K%P
もとはといえば僕がいけないのかもしれない。%K%P
両親の驚く顔が見られるかも、なんて考えて、留学先から何も言わず帰って来ちゃったんだから。%K%P
両親の驚く顔が見られるかも、なんて考えて、留学先から何も言わず帰って来ちゃったんだから。%K%P
海外留学の目的は、音楽の勉強。%K%P
海外留学の目的は、音楽の勉強。%K%P
１年前、ソプラニスタの才があると勧められた僕は、それを本格的に学ぶために海を渡った。%K%P
１年前、ソプラニスタの才があると勧められた僕は、それを本格的に学ぶために海を渡った。%K%P
ソプラニスタというのは、簡単に言えば声変わりを過ぎても女性のような高音を出せる男性歌手のこと。%K%P
ソプラニスタというのは、簡単に言えば声変わりを過ぎても女性のような高音を出せる男性歌手のこと。%K%P
裏声や頭声で歌唱する男性としては、カウンターテナーという呼称があるけれど、その中でもとくに高い音域を出すことができるのがソプラニスタだ。%K%P
裏声や頭声で歌唱する男性としては、カウンターテナーという呼称があるけれど、その中でもとくに高い音域を出すことができるのがソプラニスタだ。%K%P
といっても、僕はまだまだ未熟で、未熟だからこそ、留学して学ぶことを決めた。%K%P
といっても、僕はまだまだ未熟で、未熟だからこそ、留学して学ぶことを決めた。%K%P
音楽の世界は広く深く、覚えることも多いけれど、歌うことは本当に好きだから、毎日が楽しい。%K%P
音楽の世界は広く深く、覚えることも多いけれど、歌うことは本当に好きだから、毎日が楽しい。%K%P
で、そんな留学先から帰国する段になり、予定より長い休みがとれた――――までは良かったんだけど。%K%P
で、そんな留学先から帰国する段になり、予定より長い休みがとれた――――までは良かったんだけど。%K%P
「まさかこんなことになるなんて……」%K%P
「まさかこんなことになるなんて……」%K%P
あのあと父さんから送られてきたメールによれば、家のリフォームが終わるのは１ヶ月ほど先らしい。%K%P
あのあと父さんから送られてきたメールによれば、家のリフォームが終わるのは１ヶ月ほど先らしい。%K%P
つまりそれまで僕は家なき子、というわけだ。%K%P
つまりそれまで僕は家なき子、というわけだ。%K%P
駅前のファミリーレストランでお腹を満たすと、漠然とした不安は少し収まった。%K%P
駅前のファミリーレストランでお腹を満たすと、漠然とした不安は少し収まった。%K%P
腹が減ってはなんとやら。やっぱり、人はお腹が減ると考えも落ち込むらしい。%K%P
腹が減ってはなんとやら。やっぱり、人はお腹が減ると考えも落ち込むらしい。%K%P
「けど、しばらくはこういう食事も我慢だよね」%K%P
「けど、しばらくはこういう食事も我慢だよね」%K%P
贅沢は敵、とまではいかないけど、節約できるところは節約していかないといけない。%K%P
贅沢は敵、とまではいかないけど、節約できるところは節約していかないといけない。%K%P
「あとは寝るところも確保しないと……」%K%P
「あとは寝るところも確保しないと……」%K%P
日本の知り合いに連絡をとって泊めて貰うのが早いだろうけど、さすがに居候は迷惑だろうし。%K%P
日本の知り合いに連絡をとって泊めて貰うのが早いだろうけど、さすがに居候は迷惑だろうし。%K%P
となると、一泊ずつ渡り歩く、とか……？%K%P
となると、一泊ずつ渡り歩く、とか……？%K%P
「でも、泊めてくれそうな心当たりも――」%K%P
「でも、泊めてくれそうな心当たりも――」%K%P
そこまで友達が多い方でもないし、仲がいい友人の何人かは寮のある男子校に進学してしまった。%K%P
そこまで友達が多い方でもないし、仲がいい友人の何人かは寮のある男子校に進学してしまった。%K%P
それに、再会するなり泊めてくれ、というのも申し訳ない気がする。%K%P
それに、再会するなり泊めてくれ、というのも申し訳ない気がする。%K%P
「……とりあえず、今日はネカフェでいいか」%K%P
「……とりあえず、今日はネカフェでいいか」%K%P
泊めて貰えそうな可能性がある友人には、あとでメールで打診しておこう。%K%P
泊めて貰えそうな可能性がある友人には、あとでメールで打診しておこう。%K%P
「ホテルでもいいけど、節約しないと」%K%P
「ホテルでもいいけど、節約しないと」%K%P
電話で父さんにも伝えたけど、僕もまったくの無一文というわけじゃない。%K%P
電話で父さんにも伝えたけど、僕もまったくの無一文というわけじゃない。%K%P
けど、毎日それなりの食事をしながら普通のホテルに泊まっていたら、１ヶ月を過ごすのは厳しい。%K%P
けど、毎日それなりの食事をしながら普通のホテルに泊まっていたら、１ヶ月を過ごすのは厳しい。%K%P
裏を返せば、贅沢をしなければなんとかなる。%K%P
裏を返せば、贅沢をしなければなんとかなる。%K%P
一応、今から海外にトンボ帰り、という方法もなくはないけど、それは飛行機代がもったいないし。%K%P
一応、今から海外にトンボ帰り、という方法もなくはないけど、それは飛行機代がもったいないし。%K%P
なにより、久しぶりの日本なんだ。このままさよならするのは、やっぱり寂しい。%K%P
なにより、久しぶりの日本なんだ。このままさよならするのは、やっぱり寂しい。%K%P
「そうと決まれば、宿探し、ってね」%K%P
「そうと決まれば、宿探し、ってね」%K%P
幸い、駅前はそこそこ賑わっているし、ネットカフェだって数軒あったはずだ。%K%P
幸い、駅前はそこそこ賑わっているし、ネットカフェだって数軒あったはずだ。%K%P
あとは、短期雇いの仕事とかあればいいんだけど。%K%P
あとは、短期雇いの仕事とかあればいいんだけど。%K%P
出来れば住み込み、まかないがついていれば完璧……って、そうそう都合良くはいかないか。%K%P
出来れば住み込み、まかないがついていれば完璧……って、そうそう都合良くはいかないか。%K%P
「へぇ、こんな場所が出来たんだ……」%K%P
「へぇ、こんな場所が出来たんだ……」%K%P
無事にシャワーつきのネットカフェを見つけたので、探索とバイト探しがてら郊外まで足を伸ばしたら、見覚えのない公園を見つけた。%K%P
無事にシャワーつきのネットカフェを見つけたので、探索とバイト探しがてら郊外まで足を伸ばしたら、見覚えのない公園を見つけた。%K%P
そういえば留学前、この辺は工事してたような気がするけど……あれが完成したってことかな。%K%P
そういえば留学前、この辺は工事してたような気がするけど……あれが完成したってことかな。%K%P
「ん……？　なんか、聞こえる……？」%K%P
「ん……？　なんか、聞こえる……？」%K%P
耳を澄ますと、何かを演奏している音がする。%K%P
耳を澄ますと、何かを演奏している音がする。%K%P
「……行ってみよう」%K%P
「……行ってみよう」%K%P
やっぱりというか、音楽ってなると興味が湧いてしまうもので、足は自然とそちらへ向いた。%K%P
やっぱりというか、音楽ってなると興味が湧いてしまうもので、足は自然とそちらへ向いた。%K%P
「わはっ、すごいすごい……っ」%K%P
「わはっ、すごいすごい……っ」%K%P
終わった演奏に、歓声と拍手を惜しまない。%K%P
終わった演奏に、歓声と拍手を惜しまない。%K%P
公園内の広場では、ギターにコントラバス、そしてフルートという、一風変わった構成のバンドが演奏をしていた。%K%P
公園内の広場では、ギターにコントラバス、そしてフルートという、一風変わった構成のバンドが演奏をしていた。%K%P
興味なく通り過ぎる人もいたけれど、僕みたいに聞き入る人も多くて、なかなか盛況だった。%K%P
興味なく通り過ぎる人もいたけれど、僕みたいに聞き入る人も多くて、なかなか盛況だった。%K%P
聞き終わった人たちが、開けて置いてあるギターケースにお金を投げ込んでいく。%K%P
聞き終わった人たちが、開けて置いてあるギターケースにお金を投げ込んでいく。%K%P
そういえば、こうして路上でパフォーマンスしてお金を稼いでる人たち、海外でも見かけたっけ。%K%P
そういえば、こうして路上でパフォーマンスしてお金を稼いでる人たち、海外でも見かけたっけ。%K%P
「……っとと、僕も」%K%P
「……っとと、僕も」%K%P
良い演奏だと思ったら、対価は払わないと。%K%P
良い演奏だと思ったら、対価は払わないと。%K%P
贅沢は敵、無駄使いは禁物だと言っても、こればっかりはしっかりとね。%K%P
贅沢は敵、無駄使いは禁物だと言っても、こればっかりはしっかりとね。%K%P
「演奏、楽しんでもらえた？」%K%P
「演奏、楽しんでもらえた？」%K%P
「あっ、はい。とっても」%K%P
「あっ、はい。とっても」%K%P
「良かった。熱心に拍手してもらっちゃったから嬉しくて、つい声かけちゃったよ」%K%P
「良かった。熱心に拍手してもらっちゃったから嬉しくて、つい声かけちゃったよ」%K%P
「いつもここで演奏してるんですか？」%K%P
「いつもここで演奏してるんですか？」%K%P
「たまにね。この公園は、日が落ちる前なら許可がなくても演奏していいんだ」%K%P
「たまにね。この公園は、日が落ちる前なら許可がなくても演奏していいんだ」%K%P
「へえー……」%K%P
「へえー……」%K%P
ということは、つまり。%K%P
ということは、つまり。%K%P
「あの、僕が歌っても平気なんですか？」%K%P
「あの、僕が歌っても平気なんですか？」%K%P
「もちろん」%K%P
「もちろん」%K%P
「興味があるなら歌っていくかい？　よければ僕たちが伴奏するよ」%K%P
「興味があるなら歌っていくかい？　よければ僕たちが伴奏するよ」%K%P
「えっ？　あ、えっと……」%K%P
「えっ？　あ、えっと……」%K%P
あまりにも急な展開に、ちょっと戸惑う。%K%P
あまりにも急な展開に、ちょっと戸惑う。%K%P
どうしよう。郊外とは言え地元だし、万が一にも知ってる人に見られたら、それはそれで気まずい。%K%P
どうしよう。郊外とは言え地元だし、万が一にも知ってる人に見られたら、それはそれで気まずい。%K%P
でも、わずかでも路銀が稼げるとしたら、それは魅力的だし――――、%K%P
でも、わずかでも路銀が稼げるとしたら、それは魅力的だし――――、%K%P
「ちょっと待ってもらっても良いですか？」%K%P
「ちょっと待ってもらっても良いですか？」%K%P
言ってキャリーバッグを開けると、中から帽子を取り出した。%K%P
言ってキャリーバッグを開けると、中から帽子を取り出した。%K%P
これを少し目深に被れば、遠目から見るぐらいなら、僕だってわかる人もいないだろう。%K%P
これを少し目深に被れば、遠目から見るぐらいなら、僕だってわかる人もいないだろう。%K%P
「すみません、お待たせしました」%K%P
「すみません、お待たせしました」%K%P
「おお、いいね。なんだか中性的だよ」%K%P
「おお、いいね。なんだか中性的だよ」%K%P
「中性的、って……いやいや、そんな」%K%P
「中性的、って……いやいや、そんな」%K%P
確かに、留学先でもたまに女の子に間違えられることはあったけど……。%K%P
確かに、留学先でもたまに女の子に間違えられることはあったけど……。%K%P
「それで、なにかリクエストはある？　有名な曲だったら演奏できると思うよ」%K%P
「それで、なにかリクエストはある？　有名な曲だったら演奏できると思うよ」%K%P
「じゃあ、えっと……」%K%P
「じゃあ、えっと……」%K%P
いま日本で流行っている曲なんてわからないし、そもそも歌える自信もない。%K%P
いま日本で流行っている曲なんてわからないし、そもそも歌える自信もない。%K%P
誰もが知っていそうな曲、かぁ……。%K%P
誰もが知っていそうな曲、かぁ……。%K%P
「……それなら、アメイジング・グレイスを」%K%P
「……それなら、アメイジング・グレイスを」%K%P
胸を張り声を張ると、とても心地が良い。%K%P
胸を張り声を張ると、とても心地が良い。%K%P
歌詞に込められた想い、その言葉が伝えたい情景を織るように声を紡ぐと、歌に彩色が施されていく。%K%P
歌詞に込められた想い、その言葉が伝えたい情景を織るように声を紡ぐと、歌に彩色が施されていく。%K%P
見えないものに色だなんておかしいけれど、でも、僕はそれを少しでも鮮やかにしたい。%K%P
見えないものに色だなんておかしいけれど、でも、僕はそれを少しでも鮮やかにしたい。%K%P
明るい歌、静かな歌、激しい歌、暗い歌。%K%P
明るい歌、静かな歌、激しい歌、暗い歌。%K%P
世界には様々な歌があり、僕はきっと、まだそのほんの一握りしかしらない。%K%P
世界には様々な歌があり、僕はきっと、まだそのほんの一握りしかしらない。%K%P
だからこそ、聞いている人たちに届けたい。%K%P
だからこそ、聞いている人たちに届けたい。%K%P
僕がいま想い描くものと違ってもいい。%K%P
僕がいま想い描くものと違ってもいい。%K%P
それぞれの人に、それぞれの情景。%K%P
それぞれの人に、それぞれの情景。%K%P
記憶や思い出、展望や理想。%K%P
記憶や思い出、展望や理想。%K%P
僕の歌声が、それらを感じ取れるためのきざはしとなれば、なによりも嬉しいから――――。%K%P
僕の歌声が、それらを感じ取れるためのきざはしとなれば、なによりも嬉しいから――――。%K%P
「……ふぅ」%K%P
「……ふぅ」%K%P
歌い終わり、ほっとして息を吐くと、ぱちぱちと拍手が鳴った。%K%P
歌い終わり、ほっとして息を吐くと、ぱちぱちと拍手が鳴った。%K%P
けして多くはないけれど、でも、心のこもった、温かな拍手だった。%K%P
けして多くはないけれど、でも、心のこもった、温かな拍手だった。%K%P
「……すごいな、キミ」%K%P
「……すごいな、キミ」%K%P
歌わないかと誘ってくれた男の人が、口笛でも吹きそうな顔で、にこっと笑う。%K%P
歌わないかと誘ってくれた男の人が、口笛でも吹きそうな顔で、にこっと笑う。%K%P
「いえ、そんなことありません」%K%P
「いえ、そんなことありません」%K%P
謙遜でもなく、真実、そう思う。%K%P
謙遜でもなく、真実、そう思う。%K%P
僕はまだまだ未熟で、未熟であることが嬉しい。%K%P
僕はまだまだ未熟で、未熟であることが嬉しい。%K%P
まだまだ覚えたいことがたくさんある。%K%P
まだまだ覚えたいことがたくさんある。%K%P
「いや、本当にすごいよ。高く透き通っているのに、それでいて、心に響くような力強さもあって」%K%P
「いや、本当にすごいよ。高く透き通っているのに、それでいて、心に響くような力強さもあって」%K%P
「……実は、本当は女の子だったりしないよね？」%K%P
「……実は、本当は女の子だったりしないよね？」%K%P
「もう、違いますってば。歌うときは、裏声を使うんです。そういう歌唱法があって」%K%P
「もう、違いますってば。歌うときは、裏声を使うんです。そういう歌唱法があって」%K%P
「ああ！　確か、えっと……」%K%P
「ああ！　確か、えっと……」%K%P
「そうそう、カウンターテナー、ってやつだ」%K%P
「そうそう、カウンターテナー、ってやつだ」%K%P
「はい」%K%P
「はい」%K%P
ぱっとカウンターテナーという単語が出て、ちょっと嬉しくなる。%K%P
ぱっとカウンターテナーという単語が出て、ちょっと嬉しくなる。%K%P
たぶん、あまり馴染みない言葉だもんね。%K%P
たぶん、あまり馴染みない言葉だもんね。%K%P
ボーイソプラノなら聞く機会も多いけど、あれは声変わり前の歌声だから、厳密には違うものだし。%K%P
ボーイソプラノなら聞く機会も多いけど、あれは声変わり前の歌声だから、厳密には違うものだし。%K%P
「おっと。ほら、お代をもらっておいで」%K%P
「おっと。ほら、お代をもらっておいで」%K%P
「あっ、えっと、でも……」%K%P
「あっ、えっと、でも……」%K%P
しまった。お金を入れてもらえる入れ物がない。%K%P
しまった。お金を入れてもらえる入れ物がない。%K%P
「その帽子は？」%K%P
「その帽子は？」%K%P
「あっ、そうですね」%K%P
「あっ、そうですね」%K%P
変装の目的もあったんだけど、そんなことを言ってる場合でもないか。%K%P
変装の目的もあったんだけど、そんなことを言ってる場合でもないか。%K%P
「ありがとうございます」%K%P
「ありがとうございます」%K%P
脱いだ帽子をひっくり返すと、さっそく、そこにお金を入れてくれる人がいた。%K%P
脱いだ帽子をひっくり返すと、さっそく、そこにお金を入れてくれる人がいた。%K%P
しかも、中には驚いた事にお札まで……って、%K%P
しかも、中には驚いた事にお札まで……って、%K%P
「さ、さすがにこんなには……！」%K%P
「さ、さすがにこんなには……！」%K%P
思わず呼び止めると、お札を入れてくれた女性は、上品に微笑んだ。%K%P
思わず呼び止めると、お札を入れてくれた女性は、上品に微笑んだ。%K%P
「いいの。それだけの価値がある歌声だと、私が思っただけだもの」%K%P
「いいの。それだけの価値がある歌声だと、私が思っただけだもの」%K%P
「あっ……ありがとうございますっ」%K%P
「あっ……ありがとうございますっ」%K%P
去って行く女性に頭を下げると、その後も、その場に居た人たちが僕の帽子にお金を入れてくれた。%K%P
去って行く女性に頭を下げると、その後も、その場に居た人たちが僕の帽子にお金を入れてくれた。%K%P
「こういうことって、やったことあるの？」%K%P
「こういうことって、やったことあるの？」%K%P
「いえ、路上とか街角で歌うのは、今日が初めてだったんですけど……」%K%P
「いえ、路上とか街角で歌うのは、今日が初めてだったんですけど……」%K%P
手にした帽子が、しっかりと重たい。%K%P
手にした帽子が、しっかりと重たい。%K%P
小銭も多いから正確な金額はわからないけれど、それでも、今日の晩ご飯はこれで充分足りそうだ。%K%P
小銭も多いから正確な金額はわからないけれど、それでも、今日の晩ご飯はこれで充分足りそうだ。%K%P
「にしては、なかなか堂々としたもんだったよ」%K%P
「にしては、なかなか堂々としたもんだったよ」%K%P
「あはは……」%K%P
「あはは……」%K%P
大きなコンクールだと大勢を前に歌唱することもあるし、そういう意味では慣れているのかもしれない。%K%P
大きなコンクールだと大勢を前に歌唱することもあるし、そういう意味では慣れているのかもしれない。%K%P
けど、こういう場所で歌うのも、独特の空気というか、心地良い緊張感があった。%K%P
けど、こういう場所で歌うのも、独特の空気というか、心地良い緊張感があった。%K%P
ちょっと、癖になりそうな感じ。%K%P
ちょっと、癖になりそうな感じ。%K%P
「僕たちはいつもここでやってるわけじゃないけど、もしまた会えたら、一緒にやろう」%K%P
「僕たちはいつもここでやってるわけじゃないけど、もしまた会えたら、一緒にやろう」%K%P
「はい。あの、このお金、少し――」%K%P
「はい。あの、このお金、少し――」%K%P
「いいよ。あの伴奏のお礼なら、素敵な歌を聴かせてもらったからトントンさ」%K%P
「いいよ。あの伴奏のお礼なら、素敵な歌を聴かせてもらったからトントンさ」%K%P
「じゃあ、機会があったらまた」%K%P
「じゃあ、機会があったらまた」%K%P
「あっ」%K%P
「あっ」%K%P
伴奏してくれた人たちは、それぞれ会釈して楽器が入ったケースを手に去って行く。%K%P
伴奏してくれた人たちは、それぞれ会釈して楽器が入ったケースを手に去って行く。%K%P
「今日は、本当にありがとうございました！」%K%P
「今日は、本当にありがとうございました！」%K%P
その背に、僕は深々と頭を下げた。%K%P
その背に、僕は深々と頭を下げた。%K%P
「ふぅ、美味しかった……」%K%P
「ふぅ、美味しかった……」%K%P
思いがけない臨時収入もあったけど、節約第一、ということで、晩ご飯はお弁当と水を買った。%K%P
思いがけない臨時収入もあったけど、節約第一、ということで、晩ご飯はお弁当と水を買った。%K%P
それを駅前のベンチで食べていると、なんともいえない、気分の高揚を感じる。%K%P
それを駅前のベンチで食べていると、なんともいえない、気分の高揚を感じる。%K%P
「まったく、こんな状況だっていうのに……」%K%P
「まったく、こんな状況だっていうのに……」%K%P
――――いや、こんな状況だからこそ、かも。%K%P
――――いや、こんな状況だからこそ、かも。%K%P
貯金もあるし、両親と連絡もつく。サバイバルって呼べるほど、事態は逼迫しているわけじゃない。%K%P
貯金もあるし、両親と連絡もつく。サバイバルって呼べるほど、事態は逼迫しているわけじゃない。%K%P
それでも、一人で暮らしてみようと思っていた僕にとって、今日の出来事は光明だ。%K%P
それでも、一人で暮らしてみようと思っていた僕にとって、今日の出来事は光明だ。%K%P
家のリフォームが終わるまで、あそこで歌って収入を得る、っていうのも悪くないかもしれない。%K%P
家のリフォームが終わるまで、あそこで歌って収入を得る、っていうのも悪くないかもしれない。%K%P
「……いや。それなら、いっそ――――」%K%P
「……いや。それなら、いっそ――――」%K%P
歌うことによって収入を得て、これから１ヶ月の生活の足しにすることは出来ないかな。%K%P
歌うことによって収入を得て、これから１ヶ月の生活の足しにすることは出来ないかな。%K%P
両親との連絡の行き違いから家なき子になってしまったのは、これはもう仕方がないとして。%K%P
両親との連絡の行き違いから家なき子になってしまったのは、これはもう仕方がないとして。%K%P
なら、この状況をいっそ楽しむぐらいの気持ちで過ごした方が前向きだし、ずっといいだろう。%K%P
なら、この状況をいっそ楽しむぐらいの気持ちで過ごした方が前向きだし、ずっといいだろう。%K%P
「……うん。良い経験になるかもしれない」%K%P
「……うん。良い経験になるかもしれない」%K%P
食べ終わったお弁当とお茶の容器をゴミ箱に捨てた後、ぐっと背伸びをする。%K%P
食べ終わったお弁当とお茶の容器をゴミ箱に捨てた後、ぐっと背伸びをする。%K%P
自分の歌で得たお金で買ったご飯というのは、たとえコンビニのお弁当でも、美味しく感じた。%K%P
自分の歌で得たお金で買ったご飯というのは、たとえコンビニのお弁当でも、美味しく感じた。%K%P
なら、明日もこんなご飯を食べてみたい。%K%P
なら、明日もこんなご飯を食べてみたい。%K%P
「よしっ」%K%P
「よしっ」%K%P
昼過ぎに胸を過ぎった不安は、もうない。%K%P
昼過ぎに胸を過ぎった不安は、もうない。%K%P
覚悟は決まった。なら、後はやってみるだけだ。%K%P
覚悟は決まった。なら、後はやってみるだけだ。%K%P
