「そ、それでは今日のチーム練習を始めます！　最初は……えっと、準備体操からです」%K%P
「そ、それでは今日のチーム練習を始めます！　最初は……えっと、準備体操からです」%K%P
野外フィールドに、ことりちゃんの声が響く。%K%P
野外フィールドに、ことりちゃんの声が響く。%K%P
相変らず顔は緊張に引きつっているけど、最初の頃よりは声も大きくて、しっかりしている。%K%P
相変らず顔は緊張に引きつっているけど、最初の頃よりは声も大きくて、しっかりしている。%K%P
二人一組になって、ストレッチをする。僕は美琴さんと組んでいた。%K%P
二人一組になって、ストレッチをする。僕は美琴さんと組んでいた。%K%P
とは言っても僕は主にサポートする側だ。体に触れられるのは、さすがにマズイから。%K%P
とは言っても僕は主にサポートする側だ。体に触れられるのは、さすがにマズイから。%K%P
「ふふ、ことりちゃん、少しは慣れたみたいね。うーん……しょっと……荒療治が効いたのかしら」%K%P
「ふふ、ことりちゃん、少しは慣れたみたいね。うーん……しょっと……荒療治が効いたのかしら」%K%P
「うん、美琴さんや綾香さんのお陰だね」%K%P
「うん、美琴さんや綾香さんのお陰だね」%K%P
女学園での生活も慣れてきたといえ、女の子とストレッチするというのは……なかなか刺激的だ。%K%P
女学園での生活も慣れてきたといえ、女の子とストレッチするというのは……なかなか刺激的だ。%K%P
鎧があるから直接は触れないけれど、完全に肌が隠れているわけでもなく……うう、なるべく肌を避けてと。%K%P
鎧があるから直接は触れないけれど、完全に肌が隠れているわけでもなく……うう、なるべく肌を避けてと。%K%P
「そうじゃないでしょ……んんぅん……いずみ姉様のお陰でしょ？　んん……ほら、おあずけされてるワンちゃんみたいに、こっち見てるわよ？　ふふ」%K%P
「そうじゃないでしょ……んんぅん……いずみ姉様のお陰でしょ？　んん……ほら、おあずけされてるワンちゃんみたいに、こっち見てるわよ？　ふふ」%K%P
美琴さんの言葉に視線を巡らす。%K%P
美琴さんの言葉に視線を巡らす。%K%P
綾香さんの背中を押している、ことりちゃんと目が合う……あ、笑った。%K%P
綾香さんの背中を押している、ことりちゃんと目が合う……あ、笑った。%K%P
「ふふ、大事なお姉様をとってしまって……んしょっと……恨まれちゃうかな？」%K%P
「ふふ、大事なお姉様をとってしまって……んしょっと……恨まれちゃうかな？」%K%P
「しょうがないでしょ。さすがに私と、ことりちゃんじゃ、体格違うもの」%K%P
「しょうがないでしょ。さすがに私と、ことりちゃんじゃ、体格違うもの」%K%P
チームで一番背が高い僕と、一番小さいことりちゃんじゃ、バランス取れないからね。%K%P
チームで一番背が高い僕と、一番小さいことりちゃんじゃ、バランス取れないからね。%K%P
「ふぅ、こんなものかしら。どう、いずみさんも体ほぐさない？」%K%P
「ふぅ、こんなものかしら。どう、いずみさんも体ほぐさない？」%K%P
「あ、私は{騎士:ワルキュリア}と違って、それ程動かないし。発声練習を兼ねてするから」%K%P
「あ、私は{騎士:ワルキュリア}と違って、それ程動かないし。発声練習を兼ねてするから」%K%P
ふぅ、危ない、危ない。%K%P
ふぅ、危ない、危ない。%K%P
でも、ことりちゃん本当に慣れてきたのかな……今日のお昼も残したんだよね。%K%P
でも、ことりちゃん本当に慣れてきたのかな……今日のお昼も残したんだよね。%K%P
準備運動を終えた後は、団体練習に移る。%K%P
準備運動を終えた後は、団体練習に移る。%K%P
今日の練習は、綾香さんを相手チームの{騎士:ワルキュリア}と想定して、美琴さんとことりちゃんが連携して迎え撃つ、という内容だ。%K%P
今日の練習は、綾香さんを相手チームの{騎士:ワルキュリア}と想定して、美琴さんとことりちゃんが連携して迎え撃つ、という内容だ。%K%P
「やぁあああ！」%K%P
「やぁあああ！」%K%P
僕は{歌姫:ディーバ}として歌唱し、メンバーを鼓舞する。%K%P
僕は{歌姫:ディーバ}として歌唱し、メンバーを鼓舞する。%K%P
彼女達を客観的に見て、戦況に応じた歌唱をするのだ。%K%P
彼女達を客観的に見て、戦況に応じた歌唱をするのだ。%K%P
「ここは通さないわよっ！　そらっ」%K%P
「ここは通さないわよっ！　そらっ」%K%P
「はぁはぁはぁ……うぅ」%K%P
「はぁはぁはぁ……うぅ」%K%P
綾香さんの剣が閃き、防御側の二人に迫る。%K%P
綾香さんの剣が閃き、防御側の二人に迫る。%K%P
美琴さんが槍を繰り出し、剣を受ける。%K%P
美琴さんが槍を繰り出し、剣を受ける。%K%P
ことりちゃんは攻撃に最適なポジションを探すために、走る。%K%P
ことりちゃんは攻撃に最適なポジションを探すために、走る。%K%P
美琴さんが槍で牽制し、ことりちゃんの矢で射止めるという作戦だ。%K%P
美琴さんが槍で牽制し、ことりちゃんの矢で射止めるという作戦だ。%K%P
「そんな動きでは、わたしを止められないわよ？　ほら、美琴どうしたの？」%K%P
「そんな動きでは、わたしを止められないわよ？　ほら、美琴どうしたの？」%K%P
「あ、相変らず素早いっ！　けれど、あなたの動きは……全部知ってるわっ」%K%P
「あ、相変らず素早いっ！　けれど、あなたの動きは……全部知ってるわっ」%K%P
次々に繰り出される綾香さんの攻撃。%K%P
次々に繰り出される綾香さんの攻撃。%K%P
それを何とか凌いだ美琴さんの穂先が、剣の峯を抑え、動きを止める。%K%P
それを何とか凌いだ美琴さんの穂先が、剣の峯を抑え、動きを止める。%K%P
「くっ！　し、しまった」%K%P
「くっ！　し、しまった」%K%P
「ことりちゃん！　今っ」%K%P
「ことりちゃん！　今っ」%K%P
「はぁはぁはぁ…………え、ええぃ！」%K%P
「はぁはぁはぁ…………え、ええぃ！」%K%P
綾香さんを捉えるはずの矢は、見当違いの方向に飛んでいく。%K%P
綾香さんを捉えるはずの矢は、見当違いの方向に飛んでいく。%K%P
「あぁ！？」%K%P
「あぁ！？」%K%P
「もらったぁ」%K%P
「もらったぁ」%K%P
「えっ！？　きゃ、きゃあ」%K%P
「えっ！？　きゃ、きゃあ」%K%P
槍の穂先から逃れた剣が、美琴さんの得物を叩き落とす。%K%P
槍の穂先から逃れた剣が、美琴さんの得物を叩き落とす。%K%P
そのままことりちゃんに向って疾走する綾香さん。%K%P
そのままことりちゃんに向って疾走する綾香さん。%K%P
剣がことりちゃんに突き出される。%K%P
剣がことりちゃんに突き出される。%K%P
ことりちゃんが咄嗟にしゃがみ込む。%K%P
ことりちゃんが咄嗟にしゃがみ込む。%K%P
「たあぁあああ！」%K%P
「たあぁあああ！」%K%P
「きゃあああ！！」%K%P
「きゃあああ！！」%K%P
串刺しにせんばかりに突き出された剣は、ことりちゃんの眼前でピタリと止められる。%K%P
串刺しにせんばかりに突き出された剣は、ことりちゃんの眼前でピタリと止められる。%K%P
「ふふ…………突破成功と言ったところね」%K%P
「ふふ…………突破成功と言ったところね」%K%P
「ふう……ビックリしたよ。そのまま止まらないかと思ったもん」%K%P
「ふう……ビックリしたよ。そのまま止まらないかと思ったもん」%K%P
「そんなわけ無いでしょう？　あくまでも競技ですもの」%K%P
「そんなわけ無いでしょう？　あくまでも競技ですもの」%K%P
さっきの彼女はそれ程の気迫だった。%K%P
さっきの彼女はそれ程の気迫だった。%K%P
普段の明るく世話焼きなソレではなく、{騎士:ワルキュリア}候補生の中から選び抜かれた一流の{騎士:ワルキュリア}の顔を見せていた。%K%P
普段の明るく世話焼きなソレではなく、{騎士:ワルキュリア}候補生の中から選び抜かれた一流の{騎士:ワルキュリア}の顔を見せていた。%K%P
「ふぅ……さすがね、綾香。あなたが味方で良かったわ」%K%P
「ふぅ……さすがね、綾香。あなたが味方で良かったわ」%K%P
「それにしても、ことりちゃん、どうしたの？　あなたの腕なら、レイピアに当てることは出来なくても、鎧になら的中出来たでしょう？」%K%P
「それにしても、ことりちゃん、どうしたの？　あなたの腕なら、レイピアに当てることは出来なくても、鎧になら的中出来たでしょう？」%K%P
「す、すみません……」%K%P
「す、すみません……」%K%P
ペコペコと頭を下げることりちゃん。%K%P
ペコペコと頭を下げることりちゃん。%K%P
確かに彼女は射る事に対しては人並み外れた物を持っている筈。%K%P
確かに彼女は射る事に対しては人並み外れた物を持っている筈。%K%P
でも、今日の精度は……酷い物だった。%K%P
でも、今日の精度は……酷い物だった。%K%P
「とりあえず、立って。鎧汚れちゃうし」%K%P
「とりあえず、立って。鎧汚れちゃうし」%K%P
「は、はい…………ん、んんぅ……」%K%P
「は、はい…………ん、んんぅ……」%K%P
立とうとすることりちゃんだけど……どうにも上手く行かない。%K%P
立とうとすることりちゃんだけど……どうにも上手く行かない。%K%P
「さ、手を、出して…………よいしょっと」%K%P
「さ、手を、出して…………よいしょっと」%K%P
「あ、ありがとうございます。はぁはぁ……んぅ」%K%P
「あ、ありがとうございます。はぁはぁ……んぅ」%K%P
僕の手を握ったままふらつく。%K%P
僕の手を握ったままふらつく。%K%P
呼吸が荒い……白い額から汗が滲み出て、ふっくらとした頬を伝わり地面に落ちた。%K%P
呼吸が荒い……白い額から汗が滲み出て、ふっくらとした頬を伝わり地面に落ちた。%K%P
「ことりちゃん、ちょっと休んだ方がいいわね」%K%P
「ことりちゃん、ちょっと休んだ方がいいわね」%K%P
「そ、そんな、大丈夫です！　り、リーダーですから、このぐらい平気ですからっ」%K%P
「そ、そんな、大丈夫です！　り、リーダーですから、このぐらい平気ですからっ」%K%P
「だったら、座って戦い方とか考えていて貰えると助かるわ。体だけじゃなくて、頭を使うこともリーダーの役目よ」%K%P
「だったら、座って戦い方とか考えていて貰えると助かるわ。体だけじゃなくて、頭を使うこともリーダーの役目よ」%K%P
「あっ…………は、はい、そうですね。分かりました」%K%P
「あっ…………は、はい、そうですね。分かりました」%K%P
美琴さんの言葉に頷くことりちゃん。さり気ない優しさに、僕は感謝をする。%K%P
美琴さんの言葉に頷くことりちゃん。さり気ない優しさに、僕は感謝をする。%K%P
「うん、それでは、今度は歌を頼りに、{歌姫:ディーバ}を探すというのはどうかしら？」%K%P
「うん、それでは、今度は歌を頼りに、{歌姫:ディーバ}を探すというのはどうかしら？」%K%P
「それいいね。私、適当な所に隠れるから……しばらくしたら探し始めて」%K%P
「それいいね。私、適当な所に隠れるから……しばらくしたら探し始めて」%K%P
「分かったわ。それじゃあたしは西、綾香、あなたは東ね」%K%P
「分かったわ。それじゃあたしは西、綾香、あなたは東ね」%K%P
二人は簡単な打ち合わせをすると、小走りでその場を後にした。%K%P
二人は簡単な打ち合わせをすると、小走りでその場を後にした。%K%P
普段から学園で役職をこなしているだけ有って、判断が素早くて、的確だ。%K%P
普段から学園で役職をこなしているだけ有って、判断が素早くて、的確だ。%K%P
「ね、姉様……私、足を引っ張ってばかりで……」%K%P
「ね、姉様……私、足を引っ張ってばかりで……」%K%P
「ことりちゃん……」%K%P
「ことりちゃん……」%K%P
うつむき加減で呟く。%K%P
うつむき加減で呟く。%K%P
僕は彼女の頭を撫でようと手を伸すが……ことりちゃんは逃れるかのように、身じろぎをした。%K%P
僕は彼女の頭を撫でようと手を伸すが……ことりちゃんは逃れるかのように、身じろぎをした。%K%P
「あ、すみません、えへへ、変なこと言ってしまいましたね……あの、私ここで戦い方とかどうすればいいか考えていますから」%K%P
「あ、すみません、えへへ、変なこと言ってしまいましたね……あの、私ここで戦い方とかどうすればいいか考えていますから」%K%P
「お二人も待ってますから、行って下さい」%K%P
「お二人も待ってますから、行って下さい」%K%P
白い歯を見せる……けどそれは、見ていてこちらが辛くなるような、笑顔だった。%K%P
白い歯を見せる……けどそれは、見ていてこちらが辛くなるような、笑顔だった。%K%P
僕は彼女に手を振ると、森の中へと足を向けた。%K%P
僕は彼女に手を振ると、森の中へと足を向けた。%K%P
「甘えてばっかりじゃ、いけないよね……もっと、うんと、頑張らないと……」%K%P
「甘えてばっかりじゃ、いけないよね……もっと、うんと、頑張らないと……」%K%P
