朝、目覚めて時計を見ると思った以上に早い時間で、起きるには中途半端だった。%K%P
朝、目覚めて時計を見ると思った以上に早い時間で、起きるには中途半端だった。%K%P
綾香さんも目覚めている気配はないし、二度寝しちゃうのも手なんだけど……。%K
綾香さんも目覚めている気配はないし、二度寝しちゃうのも手なんだけど……。%K
……うん、起きよう。%K%P
……うん、起きよう。%K%P
着替えて身体を動かしていれば、目だって覚めるかもしれない。%K%P
着替えて身体を動かしていれば、目だって覚めるかもしれない。%K%P
とりあえず、綾香さんを起こさないように、そーっとそーっと制服に着替えて……っと。%K%P
とりあえず、綾香さんを起こさないように、そーっとそーっと制服に着替えて……っと。%K%P
ラウンジに行くと、今朝も法子さんが朝食の準備に追われていた。%K%P
ラウンジに行くと、今朝も法子さんが朝食の準備に追われていた。%K%P
「おはようございます。なにか手伝います」%K%P
「おはようございます。なにか手伝います」%K%P
「あら。じゃあ、お願い出来ますか？」%K%P
「あら。じゃあ、お願い出来ますか？」%K%P
にこっと微笑んだ法子さんから、この前と同じく指示をもらって、朝食の支度を手伝う。%K%P
にこっと微笑んだ法子さんから、この前と同じく指示をもらって、朝食の支度を手伝う。%K%P
「あっ、そうだ、いずみさん。今日の放課後にでも、学園長室に来て貰えますか？」%K%P
「あっ、そうだ、いずみさん。今日の放課後にでも、学園長室に来て貰えますか？」%K%P
「かまいませんけど……なにか用ですか？」%K%P
「かまいませんけど……なにか用ですか？」%K%P
「ええ。ちょっと手続き関連で、いずみさんに確認していただきたい資料があって」%K%P
「ええ。ちょっと手続き関連で、いずみさんに確認していただきたい資料があって」%K%P
「お手間はとらせませんし、用があるなら後日でもかまいませんから」%K%P
「お手間はとらせませんし、用があるなら後日でもかまいませんから」%K%P
「わかりました」%K%P
「わかりました」%K%P
寝ぼけて些細なミスをするもの怖いし、着替えの物音で綾香さんが起きてしまうかもしれない。%K%P
寝ぼけて些細なミスをするもの怖いし、着替えの物音で綾香さんが起きてしまうかもしれない。%K%P
まだまだ眠いし、目を閉じて、このままもう１度、夢の中に――――。%K%P
まだまだ眠いし、目を閉じて、このままもう１度、夢の中に――――。%K%P
朝の二度寝のおかげか、朝から頭がすっきりしていて、授業の内容もすらすら頭に入った。%K%P
朝の二度寝のおかげか、朝から頭がすっきりしていて、授業の内容もすらすら頭に入った。%K%P
編入して数日、初めて受ける授業というのも減ってきて、先生の顔や名前も覚えてきた。%K%P
編入して数日、初めて受ける授業というのも減ってきて、先生の顔や名前も覚えてきた。%K%P
「っと……今日はお昼、どうしようかな」%K%P
「っと……今日はお昼、どうしようかな」%K%P
昼休み、綾香さんを誘おうと思ったけど、クラスメイトに囲まれてなにやら話し込んでいた。%K%P
昼休み、綾香さんを誘おうと思ったけど、クラスメイトに囲まれてなにやら話し込んでいた。%K%P
盛り上がっているようだし、そこに割り込んで連れ出す、というのも気が引ける。%K
盛り上がっているようだし、そこに割り込んで連れ出す、というのも気が引ける。%K
さすがにお昼休みの間ずっと教室で話す、ってことはないだろうし、ゆっくり待とう。%K%P
さすがにお昼休みの間ずっと教室で話す、ってことはないだろうし、ゆっくり待とう。%K%P
焦らなくても、じきに――――、%K%P
焦らなくても、じきに――――、%K%P
「いずみさん、お待たせ」%K%P
「いずみさん、お待たせ」%K%P
席で少し待っていると綾香さんがやってきて、いつものように声をかけてくれた。%K%P
席で少し待っていると綾香さんがやってきて、いつものように声をかけてくれた。%K%P
いつまでも綾香さんに面倒をかけるわけにはいかないし、たまには１人でお昼を食べよう。%K%P
いつまでも綾香さんに面倒をかけるわけにはいかないし、たまには１人でお昼を食べよう。%K%P
窓の外に見える空は真っ青で気持ち良い。%K%P
窓の外に見える空は真っ青で気持ち良い。%K%P
あっ、そうだ。今日は天気も良いから、外で食べるっていうのもいいかもしれない。%K
あっ、そうだ。今日は天気も良いから、外で食べるっていうのもいいかもしれない。%K
あの開放的な庭園は魅力的だし、今日は庭園で食べることにしようっと。%K%P
あの開放的な庭園は魅力的だし、今日は庭園で食べることにしようっと。%K%P
「ふぅ……」%K%P
「ふぅ……」%K%P
食堂で買ってきたサンドイッチを食べ終えると、お腹がちょうどいい具合に膨らんだ。%K%P
食堂で買ってきたサンドイッチを食べ終えると、お腹がちょうどいい具合に膨らんだ。%K%P
女の子の姿で過ごす間は、食事もお淑やかに食べるようになったせいか、少しの量でも満腹感が得られるようになった気がする。%K%P
女の子の姿で過ごす間は、食事もお淑やかに食べるようになったせいか、少しの量でも満腹感が得られるようになった気がする。%K%P
あとはゆっくりと、午後の授業が始まるまでここで過ごして――――そしたら、今日の放課後はどうしよう。%K
あとはゆっくりと、午後の授業が始まるまでここで過ごして――――そしたら、今日の放課後はどうしよう。%K
