――朝。%K%P
――朝。%K%P
「あ、いずみさん、おはよう」%K%P
「あ、いずみさん、おはよう」%K%P
制服に着替え、ラウンジを通りかかると、綾香さんたちが集まっていた。%K%P
制服に着替え、ラウンジを通りかかると、綾香さんたちが集まっていた。%K%P
「おはよう綾香さん、それに美琴さん、ことりちゃんも」%K%P
「おはよう綾香さん、それに美琴さん、ことりちゃんも」%K%P
「おはよう」%K%P
「おはよう」%K%P
「いずみ様、おはようございますっ」%K%P
「いずみ様、おはようございますっ」%K%P
「みんなで朝から何をしているの？」%K%P
「みんなで朝から何をしているの？」%K%P
「ほら、そろそろ深皇祭が近いじゃない？　ちょっとした打ち合わせよ」%K%P
「ほら、そろそろ深皇祭が近いじゃない？　ちょっとした打ち合わせよ」%K%P
「せっかくみんな同じチーム、同じ寮なので、集まったんです」%K%P
「せっかくみんな同じチーム、同じ寮なので、集まったんです」%K%P
確かによく考えると、この場にいるのは奏さんチームの{騎士:ワルキュリア}たちだ。%K%P
確かによく考えると、この場にいるのは奏さんチームの{騎士:ワルキュリア}たちだ。%K%P
「といっても、まだ集合したばかりで何も決めてないけどね」%K%P
「といっても、まだ集合したばかりで何も決めてないけどね」%K%P
「もし良ければお茶をご一緒にどうですか？」%K%P
「もし良ければお茶をご一緒にどうですか？」%K%P
「いや、相手チームの会議に参加しちゃダメでしょ」%K%P
「いや、相手チームの会議に参加しちゃダメでしょ」%K%P
「……それもそうですね」%K%P
「……それもそうですね」%K%P
「いずみさんのチームは、作戦会議とかはあったの？」%K%P
「いずみさんのチームは、作戦会議とかはあったの？」%K%P
「私は参加してないけど何度かしてるみたいだよ」%K%P
「私は参加してないけど何度かしてるみたいだよ」%K%P
「いくら敵チームとはいえ、{歌姫:ディーバ}を交えなくて大丈夫なの？」%K%P
「いくら敵チームとはいえ、{歌姫:ディーバ}を交えなくて大丈夫なの？」%K%P
うーん……あまり良くはない気がする。%K%P
うーん……あまり良くはない気がする。%K%P
「後で千影さんに相談してみるよ」%K%P
「後で千影さんに相談してみるよ」%K%P
「それがいいと思うわ」%K%P
「それがいいと思うわ」%K%P
「邪魔になると悪いから、私は先に行くね」%K%P
「邪魔になると悪いから、私は先に行くね」%K%P
「うん。また後でね」%K%P
「うん。また後でね」%K%P
寮を出ると、僕は教室ではなく正門へと向かった。%K%P
寮を出ると、僕は教室ではなく正門へと向かった。%K%P
……この時間なら、千影が来るかもしれない。%K%P
……この時間なら、千影が来るかもしれない。%K%P
もう深皇祭も目前に迫っている。%K%P
もう深皇祭も目前に迫っている。%K%P
僕の前を横切っていくみんなも、なんとなくテンションが高いように感じられた。%K%P
僕の前を横切っていくみんなも、なんとなくテンションが高いように感じられた。%K%P
たった１ヶ月だけど、この登校風景もすっかり慣れてしまった自分がいる。%K%P
たった１ヶ月だけど、この登校風景もすっかり慣れてしまった自分がいる。%K%P
ほんと、あっという間だなぁ。%K%P
ほんと、あっという間だなぁ。%K%P
「あら……おはよう、いずみさん」%K%P
「あら……おはよう、いずみさん」%K%P
「――えっ、あ、おはよ！」%K%P
「――えっ、あ、おはよ！」%K%P
突然声をかけられて、僕は飛び上がるように返事を返す。%K%P
突然声をかけられて、僕は飛び上がるように返事を返す。%K%P
千影が来たことに気付かなかったとは……不覚。%K%P
千影が来たことに気付かなかったとは……不覚。%K%P
「何か考え事？」%K%P
「何か考え事？」%K%P
「うん。深皇祭の事なんだけど、作戦会議とかしないのかなって」%K%P
「うん。深皇祭の事なんだけど、作戦会議とかしないのかなって」%K%P
「今朝、寮のラウンジで綾香さんたちが集まってたんだ」%K%P
「今朝、寮のラウンジで綾香さんたちが集まってたんだ」%K%P
「そうね。ちょうど私も集まりたいな、とは思っていたの」%K%P
「そうね。ちょうど私も集まりたいな、とは思っていたの」%K%P
「いずみさんは今日の放課後は平気？」%K%P
「いずみさんは今日の放課後は平気？」%K%P
「問題ないよ」%K%P
「問題ないよ」%K%P
「なら私から楓さんと夕陽ちゃんには伝えておくから、森の前に集まりましょう」%K%P
「なら私から楓さんと夕陽ちゃんには伝えておくから、森の前に集まりましょう」%K%P
「うん、分かったよ」%K%P
「うん、分かったよ」%K%P
「それで……その……」%K%P
「それで……その……」%K%P
「ん……？」%K%P
「ん……？」%K%P
いきなり千影が言葉を詰まらせる。%K%P
いきなり千影が言葉を詰まらせる。%K%P
「どうかしたの？」%K%P
「どうかしたの？」%K%P
「……おはようの、キス」%K%P
「……おはようの、キス」%K%P
耳元で、そっと囁いてくる。%K%P
耳元で、そっと囁いてくる。%K%P
「今日も、したいの……」%K%P
「今日も、したいの……」%K%P
「えっと、それは……私もしたいけど……」%K%P
「えっと、それは……私もしたいけど……」%K%P
僕は周囲を見回す。%K%P
僕は周囲を見回す。%K%P
もうすぐ予鈴が鳴る頃で、先ほどよりも多くの学生達が僕たちの横を通っていく。%K%P
もうすぐ予鈴が鳴る頃で、先ほどよりも多くの学生達が僕たちの横を通っていく。%K%P
「……こっち」%K%P
「……こっち」%K%P
「司ぁ……んっ」%K%P
「司ぁ……んっ」%K%P
千影に手を引かれ、僕は茂みの奥へ。%K%P
千影に手を引かれ、僕は茂みの奥へ。%K%P
息を整える間もなく、千影の唇が僕に押し当てられた。%K%P
息を整える間もなく、千影の唇が僕に押し当てられた。%K%P
「んちゅ……ちゅっ、れちゅ、ん、はむぅ……ちゅ」%K%P
「んちゅ……ちゅっ、れちゅ、ん、はむぅ……ちゅ」%K%P
躊躇することなく僕の口内に舌を差し込むと、チロチロと動かしてくる。%K%P
躊躇することなく僕の口内に舌を差し込むと、チロチロと動かしてくる。%K%P
それに対し、僕も負けじと舌を動かして、唾液を積極的に絡ませた。%K%P
それに対し、僕も負けじと舌を動かして、唾液を積極的に絡ませた。%K%P
「れるぅ、ちゅぷ、んちゅ、ちゅうぅ、んちゅぅ……」%K%P
「れるぅ、ちゅぷ、んちゅ、ちゅうぅ、んちゅぅ……」%K%P
千影を強く抱き、少しでも体温をたくさん感じようと身体を密着させた。%K%P
千影を強く抱き、少しでも体温をたくさん感じようと身体を密着させた。%K%P
朝の生理現象か、千影のせいかは分からないけど、僕のモノはすっかり元気になってしまっている。%K%P
朝の生理現象か、千影のせいかは分からないけど、僕のモノはすっかり元気になってしまっている。%K%P
「んちゅぱ……ぷはぁ……はぁ、司の……お腹に当たってる」%K%P
「んちゅぱ……ぷはぁ……はぁ、司の……お腹に当たってる」%K%P
「う……」%K%P
「う……」%K%P
「……ここで、してしまう？」%K%P
「……ここで、してしまう？」%K%P
それは……魅力的だけど……。%K%P
それは……魅力的だけど……。%K%P
「ホームルーム、始まっちゃうから……」%K%P
「ホームルーム、始まっちゃうから……」%K%P
なんとか理性が打ち勝つ。%K%P
なんとか理性が打ち勝つ。%K%P
「でも大丈夫なの？　スカートが不自然に膨らんでしまっているけれど」%K%P
「でも大丈夫なの？　スカートが不自然に膨らんでしまっているけれど」%K%P
「少し待てば元に戻るよ。平気平気」%K%P
「少し待てば元に戻るよ。平気平気」%K%P
「そう……もし、したくなったら言って」%K%P
「そう……もし、したくなったら言って」%K%P
「ありがとう。その時は改めてお願いするよ」%K%P
「ありがとう。その時は改めてお願いするよ」%K%P
その後、千影は僕のモノが元に戻るまで待ってくれて、ふたりで校舎へと入っていくのであった。%K%P
その後、千影は僕のモノが元に戻るまで待ってくれて、ふたりで校舎へと入っていくのであった。%K%P
「……ここでいいかしら」%K%P
「……ここでいいかしら」%K%P
森の手前まで歩いて行くと、千影が立ち止まった。%K%P
森の手前まで歩いて行くと、千影が立ち止まった。%K%P
「千影様、どうして森まで来たのですか？」%K%P
「千影様、どうして森まで来たのですか？」%K%P
「本番はここで開催されるから、気が引き締まるかと思って」%K%P
「本番はここで開催されるから、気が引き締まるかと思って」%K%P
「ん、なるほど」%K%P
「ん、なるほど」%K%P
「確認になるけど、本番前に決めておきたいのは、競技開始時の{騎士:ワルキュリア}の動き方ね」%K%P
「確認になるけど、本番前に決めておきたいのは、競技開始時の{騎士:ワルキュリア}の動き方ね」%K%P
「急なルール変更がない限り、私たち{騎士:ワルキュリア}はこの森にランダムで配置される」%K%P
「急なルール変更がない限り、私たち{騎士:ワルキュリア}はこの森にランダムで配置される」%K%P
「そうしたら開始。皆でいずみさんを探して動き回る」%K%P
「そうしたら開始。皆でいずみさんを探して動き回る」%K%P
「相手の{騎士:ワルキュリア}と遭遇したら戦いになる場合もある……」%K%P
「相手の{騎士:ワルキュリア}と遭遇したら戦いになる場合もある……」%K%P
「でしょうね。仮に、{騎士:ワルキュリア}個人が負けてもチームの敗北ではないから、臆する必要はないわ」%K%P
「でしょうね。仮に、{騎士:ワルキュリア}個人が負けてもチームの敗北ではないから、臆する必要はないわ」%K%P
ルールでは、アリアの勝敗は{騎士:ワルキュリア}同士の戦闘結果ではない。%K%P
ルールでは、アリアの勝敗は{騎士:ワルキュリア}同士の戦闘結果ではない。%K%P
あくまで{騎士:ワルキュリア}に１本づつ渡された鍵を使って、{歌姫:ディーバ}に掛けられた錠を解除することによって勝利となる。%K%P
あくまで{騎士:ワルキュリア}に１本づつ渡された鍵を使って、{歌姫:ディーバ}に掛けられた錠を解除することによって勝利となる。%K%P
「去年の千影様はどんな感じだったんですか？」%K%P
「去年の千影様はどんな感じだったんですか？」%K%P
「去年は、こちらも相手もバラバラになって{歌姫:ディーバ}を探したの」%K%P
「去年は、こちらも相手もバラバラになって{歌姫:ディーバ}を探したの」%K%P
「途中で相手の{騎士:ワルキュリア}と鉢合わせたりしたけど、終了までに時間はかからなかったわ」%K%P
「途中で相手の{騎士:ワルキュリア}と鉢合わせたりしたけど、終了までに時間はかからなかったわ」%K%P
「確か……佳様が二人同時に倒してるんだよね」%K%P
「確か……佳様が二人同時に倒してるんだよね」%K%P
「ええ。私は佳様とは直接相対していないけど、二対一で負けちゃった」%K%P
「ええ。私は佳様とは直接相対していないけど、二対一で負けちゃった」%K%P
「佳は例外として、人数を集められたほうが有利なのは必然、か」%K%P
「佳は例外として、人数を集められたほうが有利なのは必然、か」%K%P
なるほど……ならわざわざひとりで行動するのは良くないのかも。%K%P
なるほど……ならわざわざひとりで行動するのは良くないのかも。%K%P
「……なら、合流する？」%K%P
「……なら、合流する？」%K%P
「私の中では一番それがいい案だと思う」%K%P
「私の中では一番それがいい案だと思う」%K%P
「でも、そんなに上手く合流できるんですか？」%K%P
「でも、そんなに上手く合流できるんですか？」%K%P
森の中でランダム配置されて、全員で合流。%K%P
森の中でランダム配置されて、全員で合流。%K%P
成功すれば優位に立てるし、僕を発見できれば勝利確定だ。%K%P
成功すれば優位に立てるし、僕を発見できれば勝利確定だ。%K%P
でも夕陽ちゃんの言う通り、そう上手く集まれるものだろうか。%K%P
でも夕陽ちゃんの言う通り、そう上手く集まれるものだろうか。%K%P
「この森、みんなが思っているほどは広くないの」%K%P
「この森、みんなが思っているほどは広くないの」%K%P
「まず、森をいくつかのエリアに分ける」%K%P
「まず、森をいくつかのエリアに分ける」%K%P
「入口付近のエリア、木の多いエリア、倒木のあるエリア……みたいに」%K%P
「入口付近のエリア、木の多いエリア、倒木のあるエリア……みたいに」%K%P
「ざっくりなら、それぞれのエリアの特徴を覚えられるはず」%K%P
「ざっくりなら、それぞれのエリアの特徴を覚えられるはず」%K%P
「まぁ……それくらいなら、できるかも？」%K%P
「まぁ……それくらいなら、できるかも？」%K%P
「そして集合場所を決めておき、本番開始と同時にそのエリアまで移動する」%K%P
「そして集合場所を決めておき、本番開始と同時にそのエリアまで移動する」%K%P
「うん、いいんじゃない……」%K%P
「うん、いいんじゃない……」%K%P
「ただ闇雲に仲間を探すよりは、全然いいですね」%K%P
「ただ闇雲に仲間を探すよりは、全然いいですね」%K%P
「いずみさんはどう思う？ {歌姫:ディーバ}は味方が来るまで動けないわけだけど」%K%P
「いずみさんはどう思う？ {歌姫:ディーバ}は味方が来るまで動けないわけだけど」%K%P
「私もいいと思うな。バラバラで動くよりはいいんじゃないかな」%K%P
「私もいいと思うな。バラバラで動くよりはいいんじゃないかな」%K%P
去年も参加して、そこから出てきた案なのだから、試してみる価値はあると思う。%K%P
去年も参加して、そこから出てきた案なのだから、試してみる価値はあると思う。%K%P
「では決定ね。日没まで時間はあるから、森の中を少し回っておきましょう」%K%P
「では決定ね。日没まで時間はあるから、森の中を少し回っておきましょう」%K%P
それから４人で森を探索し、ぐるりと一周した。%K%P
それから４人で森を探索し、ぐるりと一周した。%K%P
「……この辺りが森の中央ね」%K%P
「……この辺りが森の中央ね」%K%P
「これで大体のエリアは見たことになるのかな？」%K%P
「これで大体のエリアは見たことになるのかな？」%K%P
「ええ」%K%P
「ええ」%K%P
「そうですね。校舎が見える場所もあったりして、思ったより覚えられちゃいました！」%K%P
「そうですね。校舎が見える場所もあったりして、思ったより覚えられちゃいました！」%K%P
「目立った木や花、周囲に見えるもので記憶するのか……」%K%P
「目立った木や花、周囲に見えるもので記憶するのか……」%K%P
「ふふ……意外と覚えられるものでしょう？」%K%P
「ふふ……意外と覚えられるものでしょう？」%K%P
さすが千影だ。去年の参加者だけあって、地形を見分けるコツとかも心得ている。%K%P
さすが千影だ。去年の参加者だけあって、地形を見分けるコツとかも心得ている。%K%P
「あとは当日の天候によるけれど、中央に合流するまでにいずみさんの歌が聞こえる可能性があるわ」%K%P
「あとは当日の天候によるけれど、中央に合流するまでにいずみさんの歌が聞こえる可能性があるわ」%K%P
「それはひとまず覚えておいて、合流したら向かう感じですか？」%K%P
「それはひとまず覚えておいて、合流したら向かう感じですか？」%K%P
「そうね。この作戦は集まることに意味があるから」%K%P
「そうね。この作戦は集まることに意味があるから」%K%P
「分かりました！」%K%P
「分かりました！」%K%P
「……他に何か聞きたいことはある？」%K%P
「……他に何か聞きたいことはある？」%K%P
「今のところはないな」%K%P
「今のところはないな」%K%P
「同じくです」%K%P
「同じくです」%K%P
「私も特には」%K%P
「私も特には」%K%P
「……もう暗くなってしまったし、ミーティングは終わりにしましょう」%K%P
「……もう暗くなってしまったし、ミーティングは終わりにしましょう」%K%P
森を見回っている間に日が沈み、辺りは薄暗くなっていた。%K%P
森を見回っている間に日が沈み、辺りは薄暗くなっていた。%K%P
これ以上、森の散策をするのは難しそうだ。%K%P
これ以上、森の散策をするのは難しそうだ。%K%P
「そうだな。着替えもあるから、先に帰らせてもらう」%K%P
「そうだな。着替えもあるから、先に帰らせてもらう」%K%P
「お疲れ様。また学園で」%K%P
「お疲れ様。また学園で」%K%P
「うん」%K%P
「うん」%K%P
「いずみ様、一緒に寮に帰りましょう？　お腹ペコペコで……」%K%P
「いずみ様、一緒に寮に帰りましょう？　お腹ペコペコで……」%K%P
「あ……ごめん、千影さんとちょっと話があるからさ、先に行ってて」%K%P
「あ……ごめん、千影さんとちょっと話があるからさ、先に行ってて」%K%P
『送っていく』って言うと、男の人みたいって言われるかもしれないので、言い方を変える。%K%P
『送っていく』って言うと、男の人みたいって言われるかもしれないので、言い方を変える。%K%P
「そうなんですか、じゃあお先に！」%K%P
「そうなんですか、じゃあお先に！」%K%P
ぺこり、と一礼してから、夕陽ちゃんはこの場を去って行く。%K%P
ぺこり、と一礼してから、夕陽ちゃんはこの場を去って行く。%K%P
「……僕たちも行こうか？」%K%P
「……僕たちも行こうか？」%K%P
特にこれと言った会話もなく、ただふたりで歩いていた。%K%P
特にこれと言った会話もなく、ただふたりで歩いていた。%K%P
そして、自然とその足が止まる。%K%P
そして、自然とその足が止まる。%K%P
「いよいよ、アリアが目前に迫ってきたね」%K%P
「いよいよ、アリアが目前に迫ってきたね」%K%P
「えぇ、楽しみ」%K%P
「えぇ、楽しみ」%K%P
「僕もだよ」%K%P
「僕もだよ」%K%P
「緊張してないの？」%K%P
「緊張してないの？」%K%P
「最高の{騎士:ワルキュリア}と一緒だからね。リラックスできてるよ」%K%P
「最高の{騎士:ワルキュリア}と一緒だからね。リラックスできてるよ」%K%P
「あら、上手なんだから」%K%P
「あら、上手なんだから」%K%P
「事実を言ったまでだよ」%K%P
「事実を言ったまでだよ」%K%P
「司……」%K%P
「司……」%K%P
「千影……」%K%P
「千影……」%K%P
自然と僕らの距離がゼロになる。%K%P
自然と僕らの距離がゼロになる。%K%P
「ん……」%K%P
「ん……」%K%P
触れるだけの優しいキス。%K%P
触れるだけの優しいキス。%K%P
千影の温もりを感じる。%K%P
千影の温もりを感じる。%K%P
「なに？」%K%P
「なに？」%K%P
「大事な日を控えているのに……いけないことをしたくなっちゃった……」%K%P
「大事な日を控えているのに……いけないことをしたくなっちゃった……」%K%P
「奇遇だね」%K%P
「奇遇だね」%K%P
「え？」%K%P
「え？」%K%P
「僕も同じことを考えてた」%K%P
「僕も同じことを考えてた」%K%P
「千影……しようか」%K%P
「千影……しようか」%K%P
「うん……でも、最初は私がしたい……」%K%P
「うん……でも、最初は私がしたい……」%K%P
「千影が？」%K%P
「千影が？」%K%P
「えぇ」%K%P
「えぇ」%K%P
そう言うと千影はゆっくりとしゃがみ、滑らかな手つきで僕のあそこを剥き出しにした。%K%P
そう言うと千影はゆっくりとしゃがみ、滑らかな手つきで僕のあそこを剥き出しにした。%K%P
そして……。%K%P
そして……。%K%P
「あむっ」%K%P
「あむっ」%K%P
「んっ！？」%K%P
「んっ！？」%K%P
「んん……んちゅ……ちゅ……ちゅう……」%K%P
「んん……んちゅ……ちゅ……ちゅう……」%K%P
「ちょ、ちょっと……千影……」%K%P
「ちょ、ちょっと……千影……」%K%P
「ぷはっ……なに？」%K%P
「ぷはっ……なに？」%K%P
「な、なにじゃないよ！？　ど、どうしてこんな！？」%K%P
「な、なにじゃないよ！？　ど、どうしてこんな！？」%K%P
「あなたを気持ち良くさせたいからに決まってるじゃない……」%K%P
「あなたを気持ち良くさせたいからに決まってるじゃない……」%K%P
「だ、だからって……」%K%P
「だ、だからって……」%K%P
「いいからじっとしてて」%K%P
「いいからじっとしてて」%K%P
そう言って千影は行為を再開した。%K%P
そう言って千影は行為を再開した。%K%P
「んちゅ……ちゅ、ちゅう……ちゅ、ちゅう……ちゅ、ちゅ、ちゅ……」%K%P
「んちゅ……ちゅ、ちゅう……ちゅ、ちゅう……ちゅ、ちゅ、ちゅ……」%K%P
や、やば……いきなり咥えられると刺激量が半端ない……。%K%P
や、やば……いきなり咥えられると刺激量が半端ない……。%K%P
「ちゅ……んん……ちゅ、ちゅ……んちゅ……」%K%P
「ちゅ……んん……ちゅ、ちゅ……んちゅ……」%K%P
千影はアイスキャンディーを舐める時のように、僕のあそこを咥え、舐め始めた。%K%P
千影はアイスキャンディーを舐める時のように、僕のあそこを咥え、舐め始めた。%K%P
凄く気持ちいい……。%K%P
凄く気持ちいい……。%K%P
「んちゅ……ちゅうっ……んちゅ……ちゅ、ちゅう……ちゅ、ちゅう……」%K%P
「んちゅ……ちゅうっ……んちゅ……ちゅ、ちゅう……ちゅ、ちゅう……」%K%P
「くっ……んあっ……くっ……」%K%P
「くっ……んあっ……くっ……」%K%P
「ぷはっ……ど、どう？　気持ちいい？」%K%P
「ぷはっ……ど、どう？　気持ちいい？」%K%P
「う、うん……気持ちいいよ……」%K%P
「う、うん……気持ちいいよ……」%K%P
「嬉しい……何かあったら言ってね」%K%P
「嬉しい……何かあったら言ってね」%K%P
「うん……」%K%P
「うん……」%K%P
「あむっ……ちゅう……ちゅ、ちゅう……ちゅ……ちゅ……」%K%P
「あむっ……ちゅう……ちゅ、ちゅう……ちゅ……ちゅ……」%K%P
「す、すごく……気持ちいいよ……」%K%P
「す、すごく……気持ちいいよ……」%K%P
本当に何かあったら言おうと思ったけど、そんなものはなかった。%K%P
本当に何かあったら言おうと思ったけど、そんなものはなかった。%K%P
しゃべることすら辛い……。%K%P
しゃべることすら辛い……。%K%P
「んふ……」%K%P
「んふ……」%K%P
千影の動きが滑らかになる。%K%P
千影の動きが滑らかになる。%K%P
これは本当にヤバイ……。%K%P
これは本当にヤバイ……。%K%P
「ちゅ、ちゅ、ちゅ……んちゅうっ……ちゅ……ちゅう……」%K%P
「ちゅ、ちゅ、ちゅ……んちゅうっ……ちゅ……ちゅう……」%K%P
千影の口内に唾液がたまり、僕のあそこを生温かく包み込む。%K%P
千影の口内に唾液がたまり、僕のあそこを生温かく包み込む。%K%P
唾液特有のぬめりが僕に快楽を届けていた。%K%P
唾液特有のぬめりが僕に快楽を届けていた。%K%P
「ちゅうっ、ちゅ、れろ……ちゅぴっ……ちゅぱっ……んちゅ……」%K%P
「ちゅうっ、ちゅ、れろ……ちゅぴっ……ちゅぱっ……んちゅ……」%K%P
普段の千影からは想像できない行為に、僕は酔いしれていた。%K%P
普段の千影からは想像できない行為に、僕は酔いしれていた。%K%P
寒さなど微塵も感じない。%K%P
寒さなど微塵も感じない。%K%P
むしろ身体中が火照っていた。%K%P
むしろ身体中が火照っていた。%K%P
「ちゅ、ちゅう……んちゅ、ちゅう……ちゅ、ちゅっ……」%K%P
「ちゅ、ちゅう……んちゅ、ちゅう……ちゅ、ちゅっ……」%K%P
千影が舌を動かし、僕の裏側をなぞる。%K%P
千影が舌を動かし、僕の裏側をなぞる。%K%P
まるで枝を這うヘビのようだ……。%K%P
まるで枝を這うヘビのようだ……。%K%P
「んはっ……」%K%P
「んはっ……」%K%P
その刺激にたまらず声が漏れてしまう。%K%P
その刺激にたまらず声が漏れてしまう。%K%P
「ほへはひほひいいふぉ？」%K%P
「ほへはひほひいいふぉ？」%K%P
これが気持ちいいの？　って言ったのかな？%K%P
これが気持ちいいの？　って言ったのかな？%K%P
「すごく……気持ちいいよ……」%K%P
「すごく……気持ちいいよ……」%K%P
「あひはほ……ちゅ、ちゅう……ちゅ……んちゅ……んちゅ……ちゅ……ちゅ……」%K%P
「あひはほ……ちゅ、ちゅう……ちゅ……んちゅ……んちゅ……ちゅ……ちゅ……」%K%P
まさか千影がここまでエッチになるなんて……。%K%P
まさか千影がここまでエッチになるなんて……。%K%P
これからどうなっていくんだろう……。%K%P
これからどうなっていくんだろう……。%K%P
「んちゅうっ……ちゅ……ちゅ、ちゅう……ちゅう……ちゅぴっ……」%K%P
「んちゅうっ……ちゅ……ちゅ、ちゅう……ちゅう……ちゅぴっ……」%K%P
千影は夢中になってしゃぶりついている。%K%P
千影は夢中になってしゃぶりついている。%K%P
僕のあそこは既に感覚が麻痺してきた……。%K%P
僕のあそこは既に感覚が麻痺してきた……。%K%P
気持ち良すぎる……。%K%P
気持ち良すぎる……。%K%P
「んちゅうぅぅぅぅ……んんんっ……んんんっ……んちゅうっ……ちゅ、ちゅうっ……」%K%P
「んちゅうぅぅぅぅ……んんんっ……んんんっ……んちゅうっ……ちゅ、ちゅうっ……」%K%P
大きく奥まで咥えて……。%K%P
大きく奥まで咥えて……。%K%P
「ちゅううぅっ……ん……んちゅ……ちゅう……ちゅ……」%K%P
「ちゅううぅっ……ん……んちゅ……ちゅう……ちゅ……」%K%P
ゆっくりと引き抜いて行く。%K%P
ゆっくりと引き抜いて行く。%K%P
「んくっ……」%K%P
「んくっ……」%K%P
我慢しろというのが無理な刺激だ。%K%P
我慢しろというのが無理な刺激だ。%K%P
声なんて自然ともれてしまう。%K%P
声なんて自然ともれてしまう。%K%P
「……ちゅう……ちゅ、ちゅう……ふほふははい……」%K%P
「……ちゅう……ちゅ、ちゅう……ふほふははい……」%K%P
「き、きもちいいから……」%K%P
「き、きもちいいから……」%K%P
「ほうはんふぁ……んっ……ちゅ、ちゅう……んちゅ、ちゅう……」%K%P
「ほうはんふぁ……んっ……ちゅ、ちゅう……んちゅ、ちゅう……」%K%P
アイスを与えられた子供のように、夢中でしゃぶりつく千影。%K%P
アイスを与えられた子供のように、夢中でしゃぶりつく千影。%K%P
美味しいのか？%K%P
美味しいのか？%K%P
とてもそうには思えないけど……。%K%P
とてもそうには思えないけど……。%K%P
でも……。%K%P
でも……。%K%P
「……ちゅ、ちゅう……ちゅ、ちゅうっ……ちゅ、ちゅう……んちゅ……」%K%P
「……ちゅ、ちゅう……ちゅ、ちゅうっ……ちゅ、ちゅう……んちゅ……」%K%P
千影のこの姿を見ていると、本当に美味しいのではないかと思ってしまう。%K%P
千影のこの姿を見ていると、本当に美味しいのではないかと思ってしまう。%K%P
こんな夢中になれるものなのかな……。%K%P
こんな夢中になれるものなのかな……。%K%P
千影は頬を染めながら舐めている。%K%P
千影は頬を染めながら舐めている。%K%P
その姿を見ているだけで気持ち良くなってしまう。%K%P
その姿を見ているだけで気持ち良くなってしまう。%K%P
千影の乱れた姿が、僕を興奮させていた。%K%P
千影の乱れた姿が、僕を興奮させていた。%K%P
「んちゅ、ちゅう……んちゅ……ちゅ、ちゅ……ちゅぱ……ちゅ、ちゅう……ちゅぴ……」%K%P
「んちゅ、ちゅう……んちゅ……ちゅ、ちゅ……ちゅぱ……ちゅ、ちゅう……ちゅぴ……」%K%P
「んっ……あぁ……くっ……」%K%P
「んっ……あぁ……くっ……」%K%P
舌先で先端部分を丹念に舐め回してくる。%K%P
舌先で先端部分を丹念に舐め回してくる。%K%P
その刺激に慣れてきた矢先、吸盤のように吸い付いてきて新たな刺激を届けてきた。%K%P
その刺激に慣れてきた矢先、吸盤のように吸い付いてきて新たな刺激を届けてきた。%K%P
千影は、そこまで激しく動いているわけじゃない。%K%P
千影は、そこまで激しく動いているわけじゃない。%K%P
なのに……なんでこんな気持ちいいんだろう……。%K%P
なのに……なんでこんな気持ちいいんだろう……。%K%P
「んちゅ……ちゅ、ちゅう……んちゅ、ちゅう……ちゅう……」%K%P
「んちゅ……ちゅ、ちゅう……んちゅ、ちゅう……ちゅう……」%K%P
僕はただじっと……静かに千影の行為を感じていた……。%K%P
僕はただじっと……静かに千影の行為を感じていた……。%K%P
余計なことなどしない。%K%P
余計なことなどしない。%K%P
快楽を感じることだけに、意識を集中させていた……。%K%P
快楽を感じることだけに、意識を集中させていた……。%K%P
「……ちゅ……ちゅうっ……ちゅぴ……ちゅぱ……ちゅ、ちゅう……」%K%P
「……ちゅ……ちゅうっ……ちゅぴ……ちゅぱ……ちゅ、ちゅう……」%K%P
「くっ……あっ……」%K%P
「くっ……あっ……」%K%P
ゆっくりと顔を前後に動かし、舌も上手く絡めてくる。%K%P
ゆっくりと顔を前後に動かし、舌も上手く絡めてくる。%K%P
特に舌の絡まり具合がヤバかった。%K%P
特に舌の絡まり具合がヤバかった。%K%P
ヘビが獲物を締め付けるかのように、絡み付いてきている。%K%P
ヘビが獲物を締め付けるかのように、絡み付いてきている。%K%P
「……んちゅ、ちゅう……ちゅぅ……ちゅ、ちゅ……ちゅぱ……ちゅう……ちゅ、ちゅう……」%K%P
「……んちゅ、ちゅう……ちゅぅ……ちゅ、ちゅ……ちゅぱ……ちゅう……ちゅ、ちゅう……」%K%P
千影の舌先が僕の先端を重点的に舐めてくる。%K%P
千影の舌先が僕の先端を重点的に舐めてくる。%K%P
根元も良かったけど、先端を刺激されるのも気持ちいい。%K%P
根元も良かったけど、先端を刺激されるのも気持ちいい。%K%P
というより、先端部分を重点的に舐められた方が気持ちいいかも……。%K%P
というより、先端部分を重点的に舐められた方が気持ちいいかも……。%K%P
「ちゅうっ……んちゅ……ちゅう……ちゅ……はみゅ……んぁ……ちゅ……ちゅく……」%K%P
「ちゅうっ……んちゅ……ちゅう……ちゅ……はみゅ……んぁ……ちゅ……ちゅく……」%K%P
「んくっ……あぁ……」%K%P
「んくっ……あぁ……」%K%P
とっくに我慢は限界を迎えていて、僕は込み上げてくる射精感を必死になって抑えていた。%K%P
とっくに我慢は限界を迎えていて、僕は込み上げてくる射精感を必死になって抑えていた。%K%P
「んちゅ……ちゅっ……ちゅ、ちゅ、ちゅ、んちゅうっ……」%K%P
「んちゅ……ちゅっ……ちゅ、ちゅ、ちゅ、んちゅうっ……」%K%P
そんな僕を嘲笑うかのように、千影は大きく吸い込んできた。%K%P
そんな僕を嘲笑うかのように、千影は大きく吸い込んできた。%K%P
「んっ……あっ、ち、千影……も、もう……」%K%P
「んっ……あっ、ち、千影……も、もう……」%K%P
僕の言葉を聞くと千影の速度が一気に上がる。%K%P
僕の言葉を聞くと千影の速度が一気に上がる。%K%P
「んっ！　んちゅ、ちゅ、ちゅっ、んっ、んんっ！」%K%P
「んっ！　んちゅ、ちゅ、ちゅっ、んっ、んんっ！」%K%P
「も、もう……くっ」%K%P
「も、もう……くっ」%K%P
「んちゅ、ちゅ、ちゅうっっ……じゅ、じゅるううっ！」%K%P
「んちゅ、ちゅ、ちゅうっっ……じゅ、じゅるううっ！」%K%P
イクと思った時に来た、全てを吸い尽くすような吸引。%K%P
イクと思った時に来た、全てを吸い尽くすような吸引。%K%P
その刺激で僕のアレは一気に解放された。%K%P
その刺激で僕のアレは一気に解放された。%K%P
「くあっ！」%K%P
「くあっ！」%K%P
「んん～～～～～～っ！」%K%P
「んん～～～～～～っ！」%K%P
僕の精子が勢い良く噴射する。%K%P
僕の精子が勢い良く噴射する。%K%P
その全てを千影は受け止めていた。%K%P
その全てを千影は受け止めていた。%K%P
「……んく……んく……ぷはっ……」%K%P
「……んく……んく……ぷはっ……」%K%P
飲み干すと、ごちそうさまと言うかのように先端にキスをしてくれる。%K%P
飲み干すと、ごちそうさまと言うかのように先端にキスをしてくれる。%K%P
「はぁ……はぁ……くっ……」%K%P
「はぁ……はぁ……くっ……」%K%P
「はぁ……これで、満足してくれた」%K%P
「はぁ……これで、満足してくれた」%K%P
これでおしまい……？%K%P
これでおしまい……？%K%P
朦朧とした意識の中で呟く。%K%P
朦朧とした意識の中で呟く。%K%P
嫌だ。%K%P
嫌だ。%K%P
まだ終わりたくない。%K%P
まだ終わりたくない。%K%P
僕は無意識のうちに千影を立たせる。%K%P
僕は無意識のうちに千影を立たせる。%K%P
「え……？」%K%P
「え……？」%K%P
「千影も気持ち良くさせたい……」%K%P
「千影も気持ち良くさせたい……」%K%P
「で、でも……」%K%P
「で、でも……」%K%P
僕は千影にそれ以上なにも言わせることなく、行為に及んだのだった。%K%P
僕は千影にそれ以上なにも言わせることなく、行為に及んだのだった。%K%P
「んくぅ～～～っ！！」%K%P
「んくぅ～～～っ！！」%K%P
「くっ……」%K%P
「くっ……」%K%P
「んあぁ……あっ……あぁ……んあぁ……」%K%P
「んあぁ……あっ……あぁ……んあぁ……」%K%P
千影の中は既にびしょびしょでとろとろだった。%K%P
千影の中は既にびしょびしょでとろとろだった。%K%P
「凄い……ちゃんと準備ができてる……」%K%P
「凄い……ちゃんと準備ができてる……」%K%P
「そ、それは……んくぅ……んっ……あぁ……あぁ……」%K%P
「そ、それは……んくぅ……んっ……あぁ……あぁ……」%K%P
「舐めてるだけで興奮しちゃったんだ」%K%P
「舐めてるだけで興奮しちゃったんだ」%K%P
「う、うん……ん、んんっ……興奮しちゃった……あぁ……あぁ……」%K%P
「う、うん……ん、んんっ……興奮しちゃった……あぁ……あぁ……」%K%P
「千影も興奮してくれて嬉しいよ」%K%P
「千影も興奮してくれて嬉しいよ」%K%P
「んん……あぁ……んん……で、でも……んあぁ……ここでやるのは……」%K%P
「んん……あぁ……んん……で、でも……んあぁ……ここでやるのは……」%K%P
ここで先にフェラをしたのは千影なのに。%K%P
ここで先にフェラをしたのは千影なのに。%K%P
自分でやるのはいいけど、やられるのは恥ずかしいのかな？%K%P
自分でやるのはいいけど、やられるのは恥ずかしいのかな？%K%P
「うん、すぐにやめるよ。千影をイカせたらね」%K%P
「うん、すぐにやめるよ。千影をイカせたらね」%K%P
「そ、そんな……んあ……んんっ……んくぅ……あんっ……んはぁ……」%K%P
「そ、そんな……んあ……んんっ……んくぅ……あんっ……んはぁ……」%K%P
「千影はじっとしているだけでいいからね……」%K%P
「千影はじっとしているだけでいいからね……」%K%P
「じ、じっとしているだけでも……んあ……辛いわ……あっ……んんっ……」%K%P
「じ、じっとしているだけでも……んあ……辛いわ……あっ……んんっ……」%K%P
「つらいの？」%K%P
「つらいの？」%K%P
「ただ入れられているだけで……んんっ……気持ちいいから……」%K%P
「ただ入れられているだけで……んんっ……気持ちいいから……」%K%P
「千影……もっと気持ちよくさせてあげるよ……」%K%P
「千影……もっと気持ちよくさせてあげるよ……」%K%P
僕はゆっくりと腰を前に動かした。%K%P
僕はゆっくりと腰を前に動かした。%K%P
「あっ、あっ！　んくぅっ……あぁっ、あっ……うっ……んんっ……んはっ……」%K%P
「あっ、あっ！　んくぅっ……あぁっ、あっ……うっ……んんっ……んはっ……」%K%P
ゆっくり前に動いただけなのにこの反応。%K%P
ゆっくり前に動いただけなのにこの反応。%K%P
相当、興奮しているんだろうな。%K%P
相当、興奮しているんだろうな。%K%P
「んあぁぁ……んくぅぅっ……んっ……んはぁぁ……」%K%P
「んあぁぁ……んくぅぅっ……んっ……んはぁぁ……」%K%P
「どう？　気持ちいい？」%K%P
「どう？　気持ちいい？」%K%P
「う、うん……よ、よすぎる……んあ、あぁ……」%K%P
「う、うん……よ、よすぎる……んあ、あぁ……」%K%P
僕はとろけそうな千影の表情を見つめながら、さっきよりも少しだけ速く動いてみた。%K%P
僕はとろけそうな千影の表情を見つめながら、さっきよりも少しだけ速く動いてみた。%K%P
「んあぁぁっ！　あっ……んはっ……んんっ……んっ、んっ……」%K%P
「んあぁぁっ！　あっ……んはっ……んんっ……んっ、んっ……」%K%P
大きく喘ぐ千影。とても感じてくれているようだ。%K%P
大きく喘ぐ千影。とても感じてくれているようだ。%K%P
「き、気持ちいい……あっ、んあ、あんっ……んはぁ……あっ……」%K%P
「き、気持ちいい……あっ、んあ、あんっ……んはぁ……あっ……」%K%P
「僕も気持ちいいよ……」%K%P
「僕も気持ちいいよ……」%K%P
「ふわぁぁ……ん、んんっ……ん……あ、あっ……」%K%P
「ふわぁぁ……ん、んんっ……ん……あ、あっ……」%K%P
頑張って奥を刺激する。%K%P
頑張って奥を刺激する。%K%P
「んあっ！　あ、あぁっ……」%K%P
「んあっ！　あ、あぁっ……」%K%P
千影が過敏に反応する。%K%P
千影が過敏に反応する。%K%P
敏感な場所を刺激できたみたいだ。%K%P
敏感な場所を刺激できたみたいだ。%K%P
「奥が感じる？」%K%P
「奥が感じる？」%K%P
「そ、そんなこと……ない……んあぁっ……ふあぁぁっ……」%K%P
「そ、そんなこと……ない……んあぁっ……ふあぁぁっ……」%K%P
僕は試しに再び奥を刺激してみる。%K%P
僕は試しに再び奥を刺激してみる。%K%P
「あぁぁぁんっ……ん、んんんっ……あっ……あぁぁぁぁっ……」%K%P
「あぁぁぁんっ……ん、んんんっ……あっ……あぁぁぁぁっ……」%K%P
「そんなことないんだよね？」%K%P
「そんなことないんだよね？」%K%P
「い、いじわる……んあぁ……んくぅぅっ……んはっ……んあっ……んんっ……」%K%P
「い、いじわる……んあぁ……んくぅぅっ……んはっ……んあっ……んんっ……」%K%P
僕はこれ以上いじめるのは止めて、行為に集中することにした。%K%P
僕はこれ以上いじめるのは止めて、行為に集中することにした。%K%P
しっかりと身体を固定して身体を上下に動かす。%K%P
しっかりと身体を固定して身体を上下に動かす。%K%P
「ふわぁぁぁ……あん、んあ、あんっ……だ、だめ……あ、あっ……」%K%P
「ふわぁぁぁ……あん、んあ、あんっ……だ、だめ……あ、あっ……」%K%P
だめと言われたけど、止まることなどできない。%K%P
だめと言われたけど、止まることなどできない。%K%P
もっともっと感じさせたい。%K%P
もっともっと感じさせたい。%K%P
僕は行為を続けた。%K%P
僕は行為を続けた。%K%P
「あんっ！　あぁっ……あっ……んあ、あっ、あっ……んんんんっ……」%K%P
「あんっ！　あぁっ……あっ……んあ、あっ、あっ……んんんんっ……」%K%P
「凄い……千影の中……凄く濡れてる……」%K%P
「凄い……千影の中……凄く濡れてる……」%K%P
「だ、だって……んんっ……気持ちいいから……あっ、あっ……んはぁぁっ……あ、あ、あっ……」%K%P
「だ、だって……んんっ……気持ちいいから……あっ、あっ……んはぁぁっ……あ、あ、あっ……」%K%P
「もっと気持ちよくなろうね」%K%P
「もっと気持ちよくなろうね」%K%P
僕は力を込めて千影の奥を突いた。%K%P
僕は力を込めて千影の奥を突いた。%K%P
「んあぁぁっ！　あぁぁっ……だ、だめぇ……んはぁぁっ……」%K%P
「んあぁぁっ！　あぁぁっ……だ、だめぇ……んはぁぁっ……」%K%P
「うわ……すごく締まる……くっ……」%K%P
「うわ……すごく締まる……くっ……」%K%P
「んっ、んっ、んんっ……あん、んあ、あぁっ……う、うん……ん、ん、んんっ……んはぁぁっ……」%K%P
「んっ、んっ、んんっ……あん、んあ、あぁっ……う、うん……ん、ん、んんっ……んはぁぁっ……」%K%P
気持ち良さが尋常じゃない……。%K%P
気持ち良さが尋常じゃない……。%K%P
僕はひたすらに快楽を求めて動いた。%K%P
僕はひたすらに快楽を求めて動いた。%K%P
「す、すごい……んくぅぅぅぅっ……す、すごく……感じる……あぁぁぁっ……」%K%P
「す、すごい……んくぅぅぅぅっ……す、すごく……感じる……あぁぁぁっ……」%K%P
千影が一気に乱れた。%K%P
千影が一気に乱れた。%K%P
さっきまで嫌がっていたのが嘘のように、僕の全てを受け入れてくれている……。%K%P
さっきまで嫌がっていたのが嘘のように、僕の全てを受け入れてくれている……。%K%P
「んはぁぁっ！　す、すごい……んはぁぁ……気持ちいい……んあぁぁ……」%K%P
「んはぁぁっ！　す、すごい……んはぁぁ……気持ちいい……んあぁぁ……」%K%P
もう何度、千影の口から気持ちいいという言葉が出ただろうか？%K%P
もう何度、千影の口から気持ちいいという言葉が出ただろうか？%K%P
「僕も……気持ちいいよ……」%K%P
「僕も……気持ちいいよ……」%K%P
それは僕も同じことか。%K%P
それは僕も同じことか。%K%P
「わ、私も……あっ、んあっ、あぁっ……わ、私も……んあぁぁっ……んくぅぅっ……」%K%P
「わ、私も……あっ、んあっ、あぁっ……わ、私も……んあぁぁっ……んくぅぅっ……」%K%P
「もっとゆっくり動こうか……？」%K%P
「もっとゆっくり動こうか……？」%K%P
「だ、だめぇ……んあぁぁっ……もっと……んっ……速く動いてぇ……んっ、んあっ、あっ……あ、あ、あっ！」%K%P
「だ、だめぇ……んあぁぁっ……もっと……んっ……速く動いてぇ……んっ、んあっ、あっ……あ、あ、あっ！」%K%P
さっきまでやめてって言ってたのに。%K%P
さっきまでやめてって言ってたのに。%K%P
僕の方がもたないかもしれないけど、断れる雰囲気じゃなかった。%K%P
僕の方がもたないかもしれないけど、断れる雰囲気じゃなかった。%K%P
「わかった……」%K%P
「わかった……」%K%P
僕は千影の望みに応え、さらにスピードをあげる。%K%P
僕は千影の望みに応え、さらにスピードをあげる。%K%P
「んっ、んあっ！　んっ、んんっ……んあっ……あくっ、あっ……ふぁっ……んくっ、くっ……ん、あっ……」%K%P
「んっ、んあっ！　んっ、んんっ……んあっ……あくっ、あっ……ふぁっ……んくっ、くっ……ん、あっ……」%K%P
あそこが痺れてきた……。%K%P
あそこが痺れてきた……。%K%P
やっぱり速ければ快楽も増す……。%K%P
やっぱり速ければ快楽も増す……。%K%P
「あぁっ、あくっ、んあっ……んはっ……んくぅ……はっ、くっ……」%K%P
「あぁっ、あくっ、んあっ……んはっ……んくぅ……はっ、くっ……」%K%P
深く強く腰を打ちつける。%K%P
深く強く腰を打ちつける。%K%P
結合部からは肉と肉がぶつかり合う音が聞こえてきた。%K%P
結合部からは肉と肉がぶつかり合う音が聞こえてきた。%K%P
「んあぁぁっ……んくっ、くっ……あんっ……んくっ、んんっ、あっ……」%K%P
「んあぁぁっ……んくっ、くっ……あんっ……んくっ、んんっ、あっ……」%K%P
喘ぎ声。%K%P
喘ぎ声。%K%P
あの千影が喘いでる……冷静に考えればそれだけで果ててもおかしくない……。%K%P
あの千影が喘いでる……冷静に考えればそれだけで果ててもおかしくない……。%K%P
「あぁっ……んくっ、あん、あくっ……あ、あ、あっ……あぁぁぁっ……」%K%P
「あぁっ……んくっ、あん、あくっ……あ、あ、あっ……あぁぁぁっ……」%K%P
射精感を必死に堪えながら、千影の中を往復する。%K%P
射精感を必死に堪えながら、千影の中を往復する。%K%P
まだ……もう少しだけ……我慢できそうだった。%K%P
まだ……もう少しだけ……我慢できそうだった。%K%P
「あっ、あっ、あんっ、あんっ……あぁぁっ……んぁぁっ……あんっ、あんっ……んはっ……」%K%P
「あっ、あっ、あんっ、あんっ……あぁぁっ……んぁぁっ……あんっ、あんっ……んはっ……」%K%P
「ち、千影……」%K%P
「ち、千影……」%K%P
「んはぁぁっ……も、もっと……もっと突いて……んぁぁぁぁっ……もっと……くぅぅっ……」%K%P
「んはぁぁっ……も、もっと……もっと突いて……んぁぁぁぁっ……もっと……くぅぅっ……」%K%P
「う、うん……」%K%P
「う、うん……」%K%P
「んんっ！　あっ、あくっ、んあっ！　も、もっと……もっともっと！　んあぁぁぁっ！」%K%P
「んんっ！　あっ、あくっ、んあっ！　も、もっと……もっともっと！　んあぁぁぁっ！」%K%P
千影の要求がどんどんエスカレートしていく。%K%P
千影の要求がどんどんエスカレートしていく。%K%P
「あ、あっ、あくっ……あぁぁっ……んぁぁぁっ……あくっ、あっ、あっ……んっ、んっ、んっ、んんんっ……」%K%P
「あ、あっ、あくっ……あぁぁっ……んぁぁぁっ……あくっ、あっ、あっ……んっ、んっ、んっ、んんんっ……」%K%P
僕の身体も芯から熱くなってきた。%K%P
僕の身体も芯から熱くなってきた。%K%P
溶けてしまいそうだ。%K%P
溶けてしまいそうだ。%K%P
「んくっ、あっ、んんんっ……んぁぁっ……あ、あ、あっ……あ、あぁ、あっ……」%K%P
「んくっ、あっ、んんんっ……んぁぁっ……あ、あ、あっ……あ、あぁ、あっ……」%K%P
頭に血がのぼっているからか、視界がぼやけてきた。%K%P
頭に血がのぼっているからか、視界がぼやけてきた。%K%P
だとしたら千影も……。%K%P
だとしたら千影も……。%K%P
「んくぅっ！　き、気持ちいい……あぁぁぁっ……気持ちいいの……んあぁぁっ……あっ……あぁぁぁっ……」%K%P
「んくぅっ！　き、気持ちいい……あぁぁぁっ……気持ちいいの……んあぁぁっ……あっ……あぁぁぁっ……」%K%P
「や、やっぱり……千影は凄いよ……」%K%P
「や、やっぱり……千影は凄いよ……」%K%P
「んはっ……あ、あなただって……んあっ、あんっ……くぅぅぅっ……ん、ん、んっ、んんんっ……んぁぁぁぁぁっ……」%K%P
「んはっ……あ、あなただって……んあっ、あんっ……くぅぅぅっ……ん、ん、んっ、んんんっ……んぁぁぁぁぁっ……」%K%P
とりあえず果てそうになったけど、まだ我慢できる。%K%P
とりあえず果てそうになったけど、まだ我慢できる。%K%P
もっと千影を気持ち良くしたい。%K%P
もっと千影を気持ち良くしたい。%K%P
「あぁぁぁぁ！　んあぁぁぁっ……あっ、あっ……ふぁぁぁっ……あんっ、あんっ、あんっ……」%K%P
「あぁぁぁぁ！　んあぁぁぁっ……あっ、あっ……ふぁぁぁっ……あんっ、あんっ、あんっ……」%K%P
もっと喘ぐ千影を見ていたかった。%K%P
もっと喘ぐ千影を見ていたかった。%K%P
でも、さすがにもう我慢できそうにない……。%K%P
でも、さすがにもう我慢できそうにない……。%K%P
「んくぅっ……く、くる……んあ、んくっ……な、なにかが……あぁぁぁぁっ……んあっ……あ、あっ……」%K%P
「んくぅっ……く、くる……んあ、んくっ……な、なにかが……あぁぁぁぁっ……んあっ……あ、あっ……」%K%P
「ち、千影……僕も……もう……」%K%P
「ち、千影……僕も……もう……」%K%P
限界だ……。%K%P
限界だ……。%K%P
「ふぁぁぁっ！　んくぅぅっ……ん、ん、んんんっ……あ、あっ！　あ、あ、あぁぁっ！」%K%P
「ふぁぁぁっ！　んくぅぅっ……ん、ん、んんんっ……あ、あっ！　あ、あ、あぁぁっ！」%K%P
中が更に強く締まる。%K%P
中が更に強く締まる。%K%P
その変化が新たな快感を僕に届けた。%K%P
その変化が新たな快感を僕に届けた。%K%P
もうだめだ……。%K%P
もうだめだ……。%K%P
「あんっ、んあっ、あくっ、あんっ……あぁぁぁぁっ！　んはぁぁぁっ！　も、もう……もう……んぁぁぁぁっ！」%K%P
「あんっ、んあっ、あくっ、あんっ……あぁぁぁぁっ！　んはぁぁぁっ！　も、もう……もう……んぁぁぁぁっ！」%K%P
「くっ……ぼ、僕も……」%K%P
「くっ……ぼ、僕も……」%K%P
「あっ、んあっ、あくっ……イ、イクッ……んあぁぁっ！　も、もう……だめぇぇっ！」%K%P
「あっ、んあっ、あくっ……イ、イクッ……んあぁぁっ！　も、もう……だめぇぇっ！」%K%P
「くっ！」%K%P
「くっ！」%K%P
「んんんんっ！」%K%P
「んんんんっ！」%K%P
ほぼ同時に僕たちはイクことができた。%K%P
ほぼ同時に僕たちはイクことができた。%K%P
千影の中にたっぷりと精を注ぐ。%K%P
千影の中にたっぷりと精を注ぐ。%K%P
「はぁ……はぁ……はぁ……はぁ……」%K%P
「はぁ……はぁ……はぁ……はぁ……」%K%P
「だ、大丈夫……？」%K%P
「だ、大丈夫……？」%K%P
「う、うん……で、でも……」%K%P
「う、うん……で、でも……」%K%P
「でも……」%K%P
「でも……」%K%P
「もう少し……このままでいたい……」%K%P
「もう少し……このままでいたい……」%K%P
「もちろん……」%K%P
「もちろん……」%K%P
「大好き……」%K%P
「大好き……」%K%P
「僕も大好きだよ」%K%P
「僕も大好きだよ」%K%P
誰もいないこの場所で、僕たちはしばらく余韻にひたっていたのだった。%K%P
誰もいないこの場所で、僕たちはしばらく余韻にひたっていたのだった。%K%P
