「ごちそう様。今日も美味しかったです、法子さん」%K%P
「ごちそう様。今日も美味しかったです、法子さん」%K%P
「はい、お粗末さまでした」%K%P
「はい、お粗末さまでした」%K%P
ラウンジで夕食を終え、食後のお茶を飲んでいた僕。%K%P
ラウンジで夕食を終え、食後のお茶を飲んでいた僕。%K%P
キッチンから顔を出した法子さんにお礼の言葉を告げる。%K%P
キッチンから顔を出した法子さんにお礼の言葉を告げる。%K%P
「ふふ、姉さんにとっては、美味しかった、が一番の褒め言葉よね」%K%P
「ふふ、姉さんにとっては、美味しかった、が一番の褒め言葉よね」%K%P
「そうよ。私の大切な人達が、自分の作った料理で喜んでくれるのよ？　こんなに素敵なことって他に無いじゃない」%K%P
「そうよ。私の大切な人達が、自分の作った料理で喜んでくれるのよ？　こんなに素敵なことって他に無いじゃない」%K%P
「法子さんて、寮母さんの仕事が大好きなんですね」%K%P
「法子さんて、寮母さんの仕事が大好きなんですね」%K%P
「ええ。どんなに疲れていても、お掃除をしたり、料理を作ったりしていると、気が休まるもの。きっと天職なのね」%K%P
「ええ。どんなに疲れていても、お掃除をしたり、料理を作ったりしていると、気が休まるもの。きっと天職なのね」%K%P
考えてみれば、学園では学園長代理の仕事をして、寮では寮母の仕事をしているんだものね。大変だよね。%K%P
考えてみれば、学園では学園長代理の仕事をして、寮では寮母の仕事をしているんだものね。大変だよね。%K%P
「ふふっ、学園長代理のお仕事も、その位楽しんで出来れば楽なのにね」%K%P
「ふふっ、学園長代理のお仕事も、その位楽しんで出来れば楽なのにね」%K%P
「ふぅ、綾香ちゃんそれは言わないで……あのね、そもそも姉さん、学園長代理なんて柄じゃないと思うの」%K%P
「ふぅ、綾香ちゃんそれは言わないで……あのね、そもそも姉さん、学園長代理なんて柄じゃないと思うの」%K%P
「いまだに、先生方や理事の方々とお話しすると気疲れしてしまうし、外部の方となんて……ふぅ～」%K%P
「いまだに、先生方や理事の方々とお話しすると気疲れしてしまうし、外部の方となんて……ふぅ～」%K%P
「はぁ、どっちかと言えば、綾香ちゃんか、希実ちゃんの方が向いているんじゃ無いかしら？　ねえ、いずみさんもそう思わない？」%K%P
「はぁ、どっちかと言えば、綾香ちゃんか、希実ちゃんの方が向いているんじゃ無いかしら？　ねえ、いずみさんもそう思わない？」%K%P
うわぁ、これは、色々と溜ってそうだ……。%K%P
うわぁ、これは、色々と溜ってそうだ……。%K%P
まあ確かに、綾香さんや、希実ちゃんはバリバリこなしそうだけどね。%K%P
まあ確かに、綾香さんや、希実ちゃんはバリバリこなしそうだけどね。%K%P
「ま、まあ……あの、なにか力になれることがあったら言って下さい。私、なんでもお手伝いしますから」%K%P
「ま、まあ……あの、なにか力になれることがあったら言って下さい。私、なんでもお手伝いしますから」%K%P
「いずみさんには、充分お手伝いしてもらってるわ。姉さん、ずっとというわけじゃないわ。母さんが復帰するまでの辛抱だから」%K%P
「いずみさんには、充分お手伝いしてもらってるわ。姉さん、ずっとというわけじゃないわ。母さんが復帰するまでの辛抱だから」%K%P
「姉さんならきっと出来るって。アリアだって、無事開けそうじゃない。わたしも希実も全力でサポートするし」%K%P
「姉さんならきっと出来るって。アリアだって、無事開けそうじゃない。わたしも希実も全力でサポートするし」%K%P
綾香さんの言葉を聞いていると、こちらまでその気になってしまう。%K%P
綾香さんの言葉を聞いていると、こちらまでその気になってしまう。%K%P
人を勇気づける事の出来る人、それが綾香さんなのだろう。%K%P
人を勇気づける事の出来る人、それが綾香さんなのだろう。%K%P
「そう、そうね。母さんが復帰したら寮母さんのお仕事に専念できるわね。ふふ、楽しみだわ」%K%P
「そう、そうね。母さんが復帰したら寮母さんのお仕事に専念できるわね。ふふ、楽しみだわ」%K%P
「お話ししてたら、なんだかすっきりしちゃった。さて、お片付けしちゃわないとね。二人とも、ごゆっくり」%K%P
「お話ししてたら、なんだかすっきりしちゃった。さて、お片付けしちゃわないとね。二人とも、ごゆっくり」%K%P
「ふふ、法子さん、元気が出たみたいで良かった。さすが綾香さんだね」%K%P
「ふふ、法子さん、元気が出たみたいで良かった。さすが綾香さんだね」%K%P
「え？　わたしは何もしてないわよ。正直な気持ちを言っただけだもの」%K%P
「え？　わたしは何もしてないわよ。正直な気持ちを言っただけだもの」%K%P
ふふ、無自覚なんだな。まあ意識して身につけようとしても、無理だろうしね。%K%P
ふふ、無自覚なんだな。まあ意識して身につけようとしても、無理だろうしね。%K%P
「いずみ様、綾香様、お話し中のところ、すみませんが、ちょっといいですか？」%K%P
「いずみ様、綾香様、お話し中のところ、すみませんが、ちょっといいですか？」%K%P
「ああ、夕陽ちゃんに、ことりちゃんじゃない。どうかした」%K%P
「ああ、夕陽ちゃんに、ことりちゃんじゃない。どうかした」%K%P
「あ、い、いいよ、夕ちゃん」%K%P
「あ、い、いいよ、夕ちゃん」%K%P
「いいから、ね……あの、またお暇でしたら、ことりんのお勉強、見てもらえれば嬉しいかも、なんて思っちゃいまして」%K%P
「いいから、ね……あの、またお暇でしたら、ことりんのお勉強、見てもらえれば嬉しいかも、なんて思っちゃいまして」%K%P
「あ……」%K%P
「あ……」%K%P
右手を伸しかけて、そのまま力なく降ろすことりちゃん。細い眉がハの字になっていた。%K%P
右手を伸しかけて、そのまま力なく降ろすことりちゃん。細い眉がハの字になっていた。%K%P
そんなに遠慮すること、無いのに……それとも……なにか他にあるのかな？%K%P
そんなに遠慮すること、無いのに……それとも……なにか他にあるのかな？%K%P
「ですって、いずみさん」%K%P
「ですって、いずみさん」%K%P
「うん、もちろんいいよ。場所はここで良いかな？」%K%P
「うん、もちろんいいよ。場所はここで良いかな？」%K%P
「いずみ様達のお部屋は、駄目でしょうか？　ことりんが、どんなお部屋なんだろうなって、ね？」%K%P
「いずみ様達のお部屋は、駄目でしょうか？　ことりんが、どんなお部屋なんだろうなって、ね？」%K%P
「あっ、ち、違うの、夕ちゃんっ」%K%P
「あっ、ち、違うの、夕ちゃんっ」%K%P
「わたし達の部屋に？　そ、そうね……」%K%P
「わたし達の部屋に？　そ、そうね……」%K%P
あれ、綾香さんなら二つ返事でＯＫしそうだけれど……\nチラリと僕に視線を送ってくる――あ、もしかして、僕に気を使ってくれてるのかな。%K%P
あれ、綾香さんなら二つ返事でＯＫしそうだけれど……\nチラリと僕に視線を送ってくる――あ、もしかして、僕に気を使ってくれてるのかな。%K%P
僕は綾香さんの身を寄せると、彼女にだけ聞こえるように囁く。%K%P
僕は綾香さんの身を寄せると、彼女にだけ聞こえるように囁く。%K%P
「多分、大丈夫だと思う。荷物もあまりないから」%K%P
「多分、大丈夫だと思う。荷物もあまりないから」%K%P
「そう、だったら、折角だし、来てもらいましょうか」%K%P
「そう、だったら、折角だし、来てもらいましょうか」%K%P
「夕ちゃん、止めておこうよ。あの、ごめんなさい、綾香様、いずみ様」%K%P
「夕ちゃん、止めておこうよ。あの、ごめんなさい、綾香様、いずみ様」%K%P
「あ、ごめんなさい、ご迷惑でしたでしょうか？」%K%P
「あ、ごめんなさい、ご迷惑でしたでしょうか？」%K%P
「全然大丈夫。ちょっと散らかってたかなって、ね、綾香さん」%K%P
「全然大丈夫。ちょっと散らかってたかなって、ね、綾香さん」%K%P
「そうそう。綺麗にしておかないと、示しがつかないから、ふふふ」%K%P
「そうそう。綺麗にしておかないと、示しがつかないから、ふふふ」%K%P
「夕陽ちゃん、迷惑なわけじゃないの。同じ深皇学園の学生で、同じ寮生だもの。わたしも手伝うわ、その方が効率的でしょ？」%K%P
「夕陽ちゃん、迷惑なわけじゃないの。同じ深皇学園の学生で、同じ寮生だもの。わたしも手伝うわ、その方が効率的でしょ？」%K%P
「わぁ、綾香様、ありがとうございます！　それじゃ、ことりん、お邪魔させてもらいなよ」%K%P
「わぁ、綾香様、ありがとうございます！　それじゃ、ことりん、お邪魔させてもらいなよ」%K%P
「ねえ、夕陽ちゃんも一緒にどう？　教える人が二人もいるんだから、ね？」%K%P
「ねえ、夕陽ちゃんも一緒にどう？　教える人が二人もいるんだから、ね？」%K%P
僕に視線を送ってくる綾香さん――あ、あはは、僕は語学ぐらいしか教えられないけどね。%K%P
僕に視線を送ってくる綾香さん――あ、あはは、僕は語学ぐらいしか教えられないけどね。%K%P
「いいんですか？　学年トップクラスの綾香様に教わるなんて、大チャンスです！　それじゃ、お邪魔しちゃいますよ」%K%P
「いいんですか？　学年トップクラスの綾香様に教わるなんて、大チャンスです！　それじゃ、お邪魔しちゃいますよ」%K%P
「ふふ、もう、あなたなんて学年一位でしょう？　さ、ここを片付けて、部屋に移動しましょう」%K%P
「ふふ、もう、あなたなんて学年一位でしょう？　さ、ここを片付けて、部屋に移動しましょう」%K%P
勉強道具を持って、僕らの部屋に来た二人。%K%P
勉強道具を持って、僕らの部屋に来た二人。%K%P
僕がことりちゃんを、綾香さんが夕陽ちゃんを教えることになった。%K%P
僕がことりちゃんを、綾香さんが夕陽ちゃんを教えることになった。%K%P
そして勉強を教え始めてしばらく経過し、目処のほうもついた頃。%K%P
そして勉強を教え始めてしばらく経過し、目処のほうもついた頃。%K%P
「……というわけ。どう、こんな感じで大丈夫かな？」%K%P
「……というわけ。どう、こんな感じで大丈夫かな？」%K%P
「は、はい。大丈夫です。あの、いずみ様の教え方って、とっても丁寧だから、すごく分かりやすいです」%K%P
「は、はい。大丈夫です。あの、いずみ様の教え方って、とっても丁寧だから、すごく分かりやすいです」%K%P
「ありがとう。でも、それを言ったら、ことりちゃんだって」%K%P
「ありがとう。でも、それを言ったら、ことりちゃんだって」%K%P
「え、私、ですか？　なにかいずみ様にお教えしましたっけ？」%K%P
「え、私、ですか？　なにかいずみ様にお教えしましたっけ？」%K%P
「アーチェリーを指導してもらったでしょ？　あれだってことりちゃんの教え方が上手かったから、的に当たったんだし」%K%P
「アーチェリーを指導してもらったでしょ？　あれだってことりちゃんの教え方が上手かったから、的に当たったんだし」%K%P
考えてみれば、全くの初心者が的中させることが出来たんだ、僕より、ずっと凄いのかも。%K%P
考えてみれば、全くの初心者が的中させることが出来たんだ、僕より、ずっと凄いのかも。%K%P
「あ、あれは、いずみ様にセンスがあったからです」%K%P
「あ、あれは、いずみ様にセンスがあったからです」%K%P
また、だ。奥ゆかしいところは、ことりちゃんの良い点でもあるけど、過ぎるのは良くないと思う。%K%P
また、だ。奥ゆかしいところは、ことりちゃんの良い点でもあるけど、過ぎるのは良くないと思う。%K%P
「そんなこと無いよ。ことりちゃんは、{騎士:ワルキュリア}に選ばれる程なんだもの、もっと自信を持っても良いと思う」%K%P
「そんなこと無いよ。ことりちゃんは、{騎士:ワルキュリア}に選ばれる程なんだもの、もっと自信を持っても良いと思う」%K%P
「あっ…………そ、そうですか……」%K%P
「あっ…………そ、そうですか……」%K%P
「そうだよ。あんなに一生懸命練習しているんだから。努力は結果を裏切らないって言うじゃない」%K%P
「そうだよ。あんなに一生懸命練習しているんだから。努力は結果を裏切らないって言うじゃない」%K%P
「は、はい…………え、えへへ……なんか自信持っちゃいそうです」%K%P
「は、はい…………え、えへへ……なんか自信持っちゃいそうです」%K%P
僕を見つめることりちゃんの瞳が潤む……長いまつげ、つぶらな瞳。%K%P
僕を見つめることりちゃんの瞳が潤む……長いまつげ、つぶらな瞳。%K%P
普段控え目にしているから目立たないけれど、ことりちゃんはかなりの美少女だと思う。%K%P
普段控え目にしているから目立たないけれど、ことりちゃんはかなりの美少女だと思う。%K%P
「ちょっと二人きりの世界に浸り過ぎじゃありませんか？　ねえ夕陽ちゃん」%K%P
「ちょっと二人きりの世界に浸り過ぎじゃありませんか？　ねえ夕陽ちゃん」%K%P
「浸っちゃってますね、綾香様！　ほら、しっかり手なんて握っちゃってますよ？」%K%P
「浸っちゃってますね、綾香様！　ほら、しっかり手なんて握っちゃってますよ？」%K%P
「え！　あ、い、いつの間に」%K%P
「え！　あ、い、いつの間に」%K%P
しまった、つい、夢中になって……。%K%P
しまった、つい、夢中になって……。%K%P
「お熱いことですわね、若いってのは羨ましいですわ」%K%P
「お熱いことですわね、若いってのは羨ましいですわ」%K%P
「ですわね、おほほほほ」%K%P
「ですわね、おほほほほ」%K%P
うう、二人とも悪のりしすぎ。もう、綾香さんってそんなキャラだっけ？%K%P
うう、二人とも悪のりしすぎ。もう、綾香さんってそんなキャラだっけ？%K%P
「い、いいんです！　わ、私達はお熱いんですから！」%K%P
「い、いいんです！　わ、私達はお熱いんですから！」%K%P
「ええ！？」%K%P
「ええ！？」%K%P
「こ、ことりちゃん……」%K%P
「こ、ことりちゃん……」%K%P
鼓動が跳ね上がる。全身が熱くなって、まるで燃えているみたいだ……僕、どうしちゃったのかな。%K%P
鼓動が跳ね上がる。全身が熱くなって、まるで燃えているみたいだ……僕、どうしちゃったのかな。%K%P
「あぅ！？　も、もう、やだ……」%K%P
「あぅ！？　も、もう、やだ……」%K%P
法子さんに入れてもらったハーブティで、一休みする僕達。%K%P
法子さんに入れてもらったハーブティで、一休みする僕達。%K%P
部屋にはカモミールの香りが、ふわりと漂っている――確か鎮静効果があるんだっけ？%K%P
部屋にはカモミールの香りが、ふわりと漂っている――確か鎮静効果があるんだっけ？%K%P
未だ火照っている体を静めるために、カップを口に運ぶ。%K%P
未だ火照っている体を静めるために、カップを口に運ぶ。%K%P
「はぁーさっきのは驚いたわ……あれ、聞きようによっては、のろけよね」%K%P
「はぁーさっきのは驚いたわ……あれ、聞きようによっては、のろけよね」%K%P
「あ、綾香様、もう許して下さい……うぅ、恥ずかしい」%K%P
「あ、綾香様、もう許して下さい……うぅ、恥ずかしい」%K%P
「まあまあ、綾香様、女の子同士なんですから、いいじゃないですか」%K%P
「まあまあ、綾香様、女の子同士なんですから、いいじゃないですか」%K%P
「そうね……女の子同士なら構わないわよね、{女の子同士:・・・・・}ならね」%K%P
「そうね……女の子同士なら構わないわよね、{女の子同士:・・・・・}ならね」%K%P
綾香さん、その視線止めてよ……。%K%P
綾香さん、その視線止めてよ……。%K%P
そんな僕を見かねて、ことりちゃんが助け船を出してくれた。%K%P
そんな僕を見かねて、ことりちゃんが助け船を出してくれた。%K%P
「あ、あの、いずみ様のスペースって、どっち側ですか？」%K%P
「あ、あの、いずみ様のスペースって、どっち側ですか？」%K%P
「うん？　私はこっち側だよ。向こうが綾香さん」%K%P
「うん？　私はこっち側だよ。向こうが綾香さん」%K%P
「あ、やっぱり！　なんとなく、そうかなって思ってました」%K%P
「あ、やっぱり！　なんとなく、そうかなって思ってました」%K%P
「ひゅーひゅー、んもう、お熱いんだから。そっか、こちらがいずみ様なんですね……ちょっと見てもいいですか？」%K%P
「ひゅーひゅー、んもう、お熱いんだから。そっか、こちらがいずみ様なんですね……ちょっと見てもいいですか？」%K%P
「うん、いいよ。と言っても、大して面白くはないとは思うけどね」%K%P
「うん、いいよ。と言っても、大して面白くはないとは思うけどね」%K%P
元々長期滞在するつもりではなかったから、私物といっても着替えと身の回りの物ぐらいだし。%K%P
元々長期滞在するつもりではなかったから、私物といっても着替えと身の回りの物ぐらいだし。%K%P
その着替えも、法子さんに預かってもらっている――男物があったらマズイものね。%K%P
その着替えも、法子さんに預かってもらっている――男物があったらマズイものね。%K%P
「やたっ。ことりん、一緒に探検しよ？　うふふ、いずみ様の秘密、暴いちゃいますよ」%K%P
「やたっ。ことりん、一緒に探検しよ？　うふふ、いずみ様の秘密、暴いちゃいますよ」%K%P
「いずみ様の、秘密…………う、うん、行くね」%K%P
「いずみ様の、秘密…………う、うん、行くね」%K%P
「さすがに四人も集まると、少し窮屈だね。ごめんね、綾香さん」%K%P
「さすがに四人も集まると、少し窮屈だね。ごめんね、綾香さん」%K%P
「だから、気にしないでって。わたしんちって三人姉妹じゃない？　実家にいた頃は、それは賑やかだったの」%K%P
「だから、気にしないでって。わたしんちって三人姉妹じゃない？　実家にいた頃は、それは賑やかだったの」%K%P
「おまけに母さんもお喋りな{方:ほう}だから。だからこういった雰囲気って大好きなのよ」%K%P
「おまけに母さんもお喋りな{方:ほう}だから。だからこういった雰囲気って大好きなのよ」%K%P
そうなんだ……あ、でもお父さんは大変かもね。%K%P
そうなんだ……あ、でもお父さんは大変かもね。%K%P
「いずみ様ー、この腕時計、手にとっちゃってもいいですか？」%K%P
「いずみ様ー、この腕時計、手にとっちゃってもいいですか？」%K%P
「うん、いいよ」%K%P
「うん、いいよ」%K%P
ことりちゃんと夕陽ちゃんが、僕の机に置いてある腕時計をしげしげと見ている。%K%P
ことりちゃんと夕陽ちゃんが、僕の机に置いてある腕時計をしげしげと見ている。%K%P
そんなに珍しい物でもないのに……どうしたんだろう。%K%P
そんなに珍しい物でもないのに……どうしたんだろう。%K%P
「いずみ様、この時計って、どなたかからの贈り物ですか？」%K%P
「いずみ様、この時計って、どなたかからの贈り物ですか？」%K%P
「え？　よく分かったね、そうだよ。譲ってもらったんだ」%K%P
「え？　よく分かったね、そうだよ。譲ってもらったんだ」%K%P
ちゃんとした時計の一つも必要だろうと言って、父さんがくれたんだっけ。%K%P
ちゃんとした時計の一つも必要だろうと言って、父さんがくれたんだっけ。%K%P
「それは、何かの記念とか、いわれがあるんですか？」%K%P
「それは、何かの記念とか、いわれがあるんですか？」%K%P
「あ、うん。留学するときにもらったんだけど……側にいられないけど、いつでも見守ってるって言われて。その人が使っていた物をね」%K%P
「あ、うん。留学するときにもらったんだけど……側にいられないけど、いつでも見守ってるって言われて。その人が使っていた物をね」%K%P
日本と西欧で距離は離れているけど、家族だからなってね――ふふ、父さんらしいや。%K%P
日本と西欧で距離は離れているけど、家族だからなってね――ふふ、父さんらしいや。%K%P
「えっ、それって…………あの、贈ってくれた人は……もしかして男の人ですか？」%K%P
「えっ、それって…………あの、贈ってくれた人は……もしかして男の人ですか？」%K%P
「うん、そうだけど……それがどうかした？」%K%P
「うん、そうだけど……それがどうかした？」%K%P
「男性、いつも見守っている、男物の時計……これは……ズバリ！　彼氏からの贈り物ですね！」%K%P
「男性、いつも見守っている、男物の時計……これは……ズバリ！　彼氏からの贈り物ですね！」%K%P
「ええ！？　か、彼氏ぃ！？」%K%P
「ええ！？　か、彼氏ぃ！？」%K%P
「うぅ、ことり、ショックです……」%K%P
「うぅ、ことり、ショックです……」%K%P
「きゃ、彼氏！？　いずみさんたら、そんな方がいらっしゃったのね」%K%P
「きゃ、彼氏！？　いずみさんたら、そんな方がいらっしゃったのね」%K%P
うう、夕陽ちゃんははしゃいでるし、ことりちゃんは泣きそうだし、綾香さんは{囃:はや}し立てるし……もう、綾香さんは分かって言ってるでしょ？%K%P
うう、夕陽ちゃんははしゃいでるし、ことりちゃんは泣きそうだし、綾香さんは{囃:はや}し立てるし……もう、綾香さんは分かって言ってるでしょ？%K%P
「いずみさまぁ、その方とはお付き合い長いんですか？　親しい間柄ですか？」%K%P
「いずみさまぁ、その方とはお付き合い長いんですか？　親しい間柄ですか？」%K%P
「あ、いや、それは長いといえば長いし……親しいといえば親しいけど」%K%P
「あ、いや、それは長いといえば長いし……親しいといえば親しいけど」%K%P
「し、親しいんですね、な、長いんですね……彼氏さんと……うぅ、ぐすん」%K%P
「し、親しいんですね、な、長いんですね……彼氏さんと……うぅ、ぐすん」%K%P
「おぉ、これは相当仲が進んでますね？　いずれは婚約、そして、結婚ですね？」%K%P
「おぉ、これは相当仲が進んでますね？　いずれは婚約、そして、結婚ですね？」%K%P
「け、結婚！？　い、いやです、いずみ様、結婚なんてしないでください」%K%P
「け、結婚！？　い、いやです、いずみ様、結婚なんてしないでください」%K%P
「いやん、結婚、結婚」%K%P
「いやん、結婚、結婚」%K%P
うぅ、お、女の子ってほんと、恋バナ好きだよね……%K%P
うぅ、お、女の子ってほんと、恋バナ好きだよね……%K%P
「ね、みんなとりあえず落ち着いて、私の話を聞いて」%K%P
「ね、みんなとりあえず落ち着いて、私の話を聞いて」%K%P
「……というわけで、お父さんからもらったんだよ」%K%P
「……というわけで、お父さんからもらったんだよ」%K%P
「あ、お父様だったんですね！　あはは、そうでしたかぁ～」%K%P
「あ、お父様だったんですね！　あはは、そうでしたかぁ～」%K%P
長々と説明して、どうやら誤解は解けたようだけど……あーなんか、すっごく疲れた。%K%P
長々と説明して、どうやら誤解は解けたようだけど……あーなんか、すっごく疲れた。%K%P
「ふふ、ま、わたしはそんなところだろうと思ったわ」%K%P
「ふふ、ま、わたしはそんなところだろうと思ったわ」%K%P
「……そのワリには一番、ノリノリだったように思うけど？」%K%P
「……そのワリには一番、ノリノリだったように思うけど？」%K%P
もう、綾香さんは僕が男性って分かってるのに。結構、お茶目な所があるというか、悪乗りが過ぎるというか……%K%P
もう、綾香さんは僕が男性って分かってるのに。結構、お茶目な所があるというか、悪乗りが過ぎるというか……%K%P
「やだわ、いずみさん。ちょっとおふざけしただけじゃない、ねー、ことりちゃん」%K%P
「やだわ、いずみさん。ちょっとおふざけしただけじゃない、ねー、ことりちゃん」%K%P
「ぐす……は、はい。良かったです……でも、ことり、いずみ様に彼氏さんがいると思ったら……なんだか泣いてしまいました」%K%P
「ぐす……は、はい。良かったです……でも、ことり、いずみ様に彼氏さんがいると思ったら……なんだか泣いてしまいました」%K%P
「いないから、彼氏なんていないから、ね？」%K%P
「いないから、彼氏なんていないから、ね？」%K%P
いたら色々と大変だよ……ねえ。%K%P
いたら色々と大変だよ……ねえ。%K%P
僕の言葉にコクコクと頷いていることりちゃん。泣くほど驚いちゃったんだね。%K%P
僕の言葉にコクコクと頷いていることりちゃん。泣くほど驚いちゃったんだね。%K%P
「でもことりんホントに驚いちゃったんだね。自分のこと、『ことり』って言い方に戻っちゃってる」%K%P
「でもことりんホントに驚いちゃったんだね。自分のこと、『ことり』って言い方に戻っちゃってる」%K%P
「あぅ、だって……」%K%P
「あぅ、だって……」%K%P
「小さい頃、『ことり』って言ってたんですけど、今でもショックなことがあると、この言い方になっちゃうんですよ」%K%P
「小さい頃、『ことり』って言ってたんですけど、今でもショックなことがあると、この言い方になっちゃうんですよ」%K%P
「あら、そうなのね。その言い方も可愛くて、良いと思うけど」%K%P
「あら、そうなのね。その言い方も可愛くて、良いと思うけど」%K%P
「あ、ありがとうございます、綾香様。その、子供っぽいかなって思ってて……えへへ」%K%P
「あ、ありがとうございます、綾香様。その、子供っぽいかなって思ってて……えへへ」%K%P
「わたしもちょっとはしゃぎ過ぎちゃいました。ごめんなさい、いずみ様」%K%P
「わたしもちょっとはしゃぎ過ぎちゃいました。ごめんなさい、いずみ様」%K%P
「いいってば。私もちょっと驚いちゃったけど。たまにはこういう賑やかなのもありかもね」%K%P
「いいってば。私もちょっと驚いちゃったけど。たまにはこういう賑やかなのもありかもね」%K%P
といっても、何時もはカンベンだけどね、ふふふ。%K%P
といっても、何時もはカンベンだけどね、ふふふ。%K%P
「それにしても、夕陽ちゃんって、ことりちゃんのこと、良く知ってるのね」%K%P
「それにしても、夕陽ちゃんって、ことりちゃんのこと、良く知ってるのね」%K%P
「はい！　小さい頃からずっと一緒ですから。なんたって、産まれた病院まで同じなんですよっ」%K%P
「はい！　小さい頃からずっと一緒ですから。なんたって、産まれた病院まで同じなんですよっ」%K%P
へえ、そうだったんだ。それだけ一緒にいれば、仲良くもなるか。%K%P
へえ、そうだったんだ。それだけ一緒にいれば、仲良くもなるか。%K%P
「あらあら、それは筋金入りね。ふふ、まるで姉妹みたい」%K%P
「あらあら、それは筋金入りね。ふふ、まるで姉妹みたい」%K%P
「よく言われます。そうですね、希実さんと綾香様の関係でしょうか。まあ、希実さん程ことりんは強くないですけど」%K%P
「よく言われます。そうですね、希実さんと綾香様の関係でしょうか。まあ、希実さん程ことりんは強くないですけど」%K%P
「それ、実の姉の前で言うの？　ふふ。もっとも、全然否定できないけれど」%K%P
「それ、実の姉の前で言うの？　ふふ。もっとも、全然否定できないけれど」%K%P
「もう、夕ちゃんたら、失礼だよ、ゴメンなさい、綾香様」%K%P
「もう、夕ちゃんたら、失礼だよ、ゴメンなさい、綾香様」%K%P
「いいの、いいの。あの子のことは一番良く知ってるし」%K%P
「いいの、いいの。あの子のことは一番良く知ってるし」%K%P
「うーん、だったら、ことりちゃんが、夕陽ちゃんべったりな理由も分かるかな」%K%P
「うーん、だったら、ことりちゃんが、夕陽ちゃんべったりな理由も分かるかな」%K%P
「え、綾香様、そ、そんな風に見えますか？」%K%P
「え、綾香様、そ、そんな風に見えますか？」%K%P
「ん？　あ、深い意味は無いのよ？　ことりちゃんが夕陽ちゃんを頼りにしてるってぐらいかな」%K%P
「ん？　あ、深い意味は無いのよ？　ことりちゃんが夕陽ちゃんを頼りにしてるってぐらいかな」%K%P
「……そう、ですか」%K%P
「……そう、ですか」%K%P
「確かに普通の友人関係ってより、濃い感じがするものね。いつも一緒にいるってのも、その辺が理由なんだろうね」%K%P
「確かに普通の友人関係ってより、濃い感じがするものね。いつも一緒にいるってのも、その辺が理由なんだろうね」%K%P
「……いずみ様も……」%K%P
「……いずみ様も……」%K%P
「ことりん、そんなに気にしないの。綾香様も深い意味は無いっておっしゃったでしょう？」%K%P
「ことりん、そんなに気にしないの。綾香様も深い意味は無いっておっしゃったでしょう？」%K%P
夕陽ちゃんがことりちゃんに声を掛ける。ホントことりちゃんの事、大切に思っているんだな。%K%P
夕陽ちゃんがことりちゃんに声を掛ける。ホントことりちゃんの事、大切に思っているんだな。%K%P
「あ、そうだ、希実さんと言えば……綾香様、ちょっと小耳にはさんだんですけど……寝ぼける癖があるって本当ですか？」%K%P
「あ、そうだ、希実さんと言えば……綾香様、ちょっと小耳にはさんだんですけど……寝ぼける癖があるって本当ですか？」%K%P
「えー、希実ったらそんなこと言ってたの！？　やだ、それは、たまたまなの」%K%P
「えー、希実ったらそんなこと言ってたの！？　やだ、それは、たまたまなの」%K%P
「どうなんですか、綾香様？　ねえ？　パジャマの……」%K%P
「どうなんですか、綾香様？　ねえ？　パジャマの……」%K%P
「きゃぁ！　やだぁ！」%K%P
「きゃぁ！　やだぁ！」%K%P
夕陽ちゃんが何か言う度に、綾香さんが顔を赤くしたり、パタパタとクッションを叩いたり……ふふ、賑やかだな。%K%P
夕陽ちゃんが何か言う度に、綾香さんが顔を赤くしたり、パタパタとクッションを叩いたり……ふふ、賑やかだな。%K%P
「もう、夕陽ちゃんたら、わざわざ聞かなくてもねー？　って、ことりちゃん、どうかした？」%K%P
「もう、夕陽ちゃんたら、わざわざ聞かなくてもねー？　って、ことりちゃん、どうかした？」%K%P
どこか元気が無いようにみえる。勉強とか、さっきの騒ぎで疲れちゃったのかな。%K%P
どこか元気が無いようにみえる。勉強とか、さっきの騒ぎで疲れちゃったのかな。%K%P
「い、いえ、何でも無いです。あの、いずみ様、綾香様が大変なことになってます」%K%P
「い、いえ、何でも無いです。あの、いずみ様、綾香様が大変なことになってます」%K%P
恥ずかしさのせいか、ぷるぷる震えながら上半身だけお布団にもぐりこんでいる綾香さん。%K%P
恥ずかしさのせいか、ぷるぷる震えながら上半身だけお布団にもぐりこんでいる綾香さん。%K%P
……あの、スカートの裾とか、気にした方がいいよ？%K%P
……あの、スカートの裾とか、気にした方がいいよ？%K%P
「もう、やめてぇーうぅ、恥ずかしい……」%K%P
「もう、やめてぇーうぅ、恥ずかしい……」%K%P
「ほら、夕陽ちゃん、その辺りで」%K%P
「ほら、夕陽ちゃん、その辺りで」%K%P
もっと聞いていたい様な気がするけど、綾香さんのイメージが崩れるのも困りものだ。%K%P
もっと聞いていたい様な気がするけど、綾香さんのイメージが崩れるのも困りものだ。%K%P
「……夕ちゃんにべったり……私、そうなんだ……」%K%P
「……夕ちゃんにべったり……私、そうなんだ……」%K%P
