「う～ん、やっと、着いたぁ」%K%P
「う～ん、やっと、着いたぁ」%K%P
電車を降り、改札を抜けて、駅前の広場にたどり着く。%K%P
電車を降り、改札を抜けて、駅前の広場にたどり着く。%K%P
傍らに荷物を置いて、大きく背伸びをする。%K%P
傍らに荷物を置いて、大きく背伸びをする。%K%P
長旅のせいか、体がカチコチに固まってる……さすがに留学先から直行は無茶だったかな。%K%P
長旅のせいか、体がカチコチに固まってる……さすがに留学先から直行は無茶だったかな。%K%P
日本に到着した後、一泊ぐらいすれば良かったかも。%K%P
日本に到着した後、一泊ぐらいすれば良かったかも。%K%P
「いや、多分無理……同じ国にいるのに、じっとしてるなんて、出来ないよ」%K%P
「いや、多分無理……同じ国にいるのに、じっとしてるなんて、出来ないよ」%K%P
この空の下、地続きの所に彼女がいる。%K%P
この空の下、地続きの所に彼女がいる。%K%P
僕はタラップを降りたときから、駆け出したい衝動に耐え続けてきた。%K%P
僕はタラップを降りたときから、駆け出したい衝動に耐え続けてきた。%K%P
自然と早足になる自分に、苦笑いをする――ここまで来たんだから落ち着けよ、と。%K%P
自然と早足になる自分に、苦笑いをする――ここまで来たんだから落ち着けよ、と。%K%P
「あっ、あのご当地グルメのお店、まだやってるんだ……うう、相変らず、いい匂いだな」%K%P
「あっ、あのご当地グルメのお店、まだやってるんだ……うう、相変らず、いい匂いだな」%K%P
思わず引き込まれそうになるけど……ここで食べて行ったら、ことりちゃんに叱られちゃうかな。%K%P
思わず引き込まれそうになるけど……ここで食べて行ったら、ことりちゃんに叱られちゃうかな。%K%P
街のそこ、ここに残っている、二人の思い出を目にする度に、一人、笑ってしまう。%K%P
街のそこ、ここに残っている、二人の思い出を目にする度に、一人、笑ってしまう。%K%P
他の人から見たら、変なヤツだと思われちゃうかな。%K%P
他の人から見たら、変なヤツだと思われちゃうかな。%K%P
二人で写真を撮ったゲームセンターを通り過ぎる。%K%P
二人で写真を撮ったゲームセンターを通り過ぎる。%K%P
顔を寄せてとった物は、練習用の譜面台に、頬ずりのは筆箱の内側に貼り付けた。%K%P
顔を寄せてとった物は、練習用の譜面台に、頬ずりのは筆箱の内側に貼り付けた。%K%P
一度筆箱の中身を学友に見られて、さんざんからかわれたっけ……あの時は照れくさかったなぁ。%K%P
一度筆箱の中身を学友に見られて、さんざんからかわれたっけ……あの時は照れくさかったなぁ。%K%P
「……まあ、キスしてる写真じゃなくて、良かったけどね」%K%P
「……まあ、キスしてる写真じゃなくて、良かったけどね」%K%P
さすがにアレは人には見せられ無いし……下宿の机の引き出しに、しっかりとしまってある。%K%P
さすがにアレは人には見せられ無いし……下宿の机の引き出しに、しっかりとしまってある。%K%P
毎週のように届く、彼女からの手紙を読みながら、眺めたりする。%K%P
毎週のように届く、彼女からの手紙を読みながら、眺めたりする。%K%P
ことりちゃんからの手紙は、学園生活での出来事や、アーチェリーの事、実家で飼っている猫の事まで、事細かに書かれている。%K%P
ことりちゃんからの手紙は、学園生活での出来事や、アーチェリーの事、実家で飼っている猫の事まで、事細かに書かれている。%K%P
中でも、僕と関わりのあった人……夕陽ちゃんはもちろん、綾香さんや美琴さんも毎回登場している。%K%P
中でも、僕と関わりのあった人……夕陽ちゃんはもちろん、綾香さんや美琴さんも毎回登場している。%K%P
アリアでチームを組んだ事が切っ掛けとなって、二人と良くお付き合いしているらしい。%K%P
アリアでチームを組んだ事が切っ掛けとなって、二人と良くお付き合いしているらしい。%K%P
四人で勝利を目指して練習にはげんだ記憶がよみがえる……ふふ、色々あったけど、楽しかったな。%K%P
四人で勝利を目指して練習にはげんだ記憶がよみがえる……ふふ、色々あったけど、楽しかったな。%K%P
交差点に差し掛かり、足を止める。%K%P
交差点に差し掛かり、足を止める。%K%P
信号待ちをしている女の子達がいる――見覚えのある制服……あれは、深皇学園の……%K%P
信号待ちをしている女の子達がいる――見覚えのある制服……あれは、深皇学園の……%K%P
「――ねえ、聞きました？　今年の、{騎士:ワルキュリア}のリーダー」%K%P
「――ねえ、聞きました？　今年の、{騎士:ワルキュリア}のリーダー」%K%P
「ええ、ことりさんと夕陽さんが最有力みたいですわね。お二人ともリーダーとして前回も参加されましたし、決まりでしょうか」%K%P
「ええ、ことりさんと夕陽さんが最有力みたいですわね。お二人ともリーダーとして前回も参加されましたし、決まりでしょうか」%K%P
お、ことりちゃん達の話題なんだ……ふふ、彼女達もすっかり有名人だな。%K%P
お、ことりちゃん達の話題なんだ……ふふ、彼女達もすっかり有名人だな。%K%P
「そうそう、特に夕陽さんは去年、一年生にして{最優秀騎士:ブリランテ}を取られましたものね」%K%P
「そうそう、特に夕陽さんは去年、一年生にして{最優秀騎士:ブリランテ}を取られましたものね」%K%P
「今年も連覇されるのかしら……二回{最優秀騎士:ブリランテ}を取られた方って、深皇学園の歴史でも、殆どいらっしゃらないらしいわよ？」%K%P
「今年も連覇されるのかしら……二回{最優秀騎士:ブリランテ}を取られた方って、深皇学園の歴史でも、殆どいらっしゃらないらしいわよ？」%K%P
「そうでしたね。でもことりさんもメキメキ腕を上げてらっしゃるから……ふふ、分りませんわよ？」%K%P
「そうでしたね。でもことりさんもメキメキ腕を上げてらっしゃるから……ふふ、分りませんわよ？」%K%P
「それにしても、今年も、お一人{歌姫:ディーバ}様がいらっしゃらないのよね……どんな方かしら」%K%P
「それにしても、今年も、お一人{歌姫:ディーバ}様がいらっしゃらないのよね……どんな方かしら」%K%P
「ええ……近いうちに綾香様が発表なされるとの噂ですけど…………ああ、信号が変りましたわ、参りましょう」%K%P
「ええ……近いうちに綾香様が発表なされるとの噂ですけど…………ああ、信号が変りましたわ、参りましょう」%K%P
信号が青にかわり、横断歩道を渡る。学園の方に歩いていく彼女達と分かれ、僕は商業施設に足を踏み入れた。%K%P
信号が青にかわり、横断歩道を渡る。学園の方に歩いていく彼女達と分かれ、僕は商業施設に足を踏み入れた。%K%P
「……んん、えっとウイッグは……うん、大丈夫。ん、リボンタイが曲がってるかな…………よし、こんなものかな」%K%P
「……んん、えっとウイッグは……うん、大丈夫。ん、リボンタイが曲がってるかな…………よし、こんなものかな」%K%P
「……ふぅ……久しぶりにこの格好をしたけど……やっぱり気恥ずかしいな」%K%P
「……ふぅ……久しぶりにこの格好をしたけど……やっぱり気恥ずかしいな」%K%P
鏡に映る、深皇学園の制服に身を包んだ女の子。%K%P
鏡に映る、深皇学園の制服に身を包んだ女の子。%K%P
前髪を整え、衣服をチェックして……僕は荷物を持って、表に出た。%K%P
前髪を整え、衣服をチェックして……僕は荷物を持って、表に出た。%K%P
「やっぱり足元がスースーして、落ち着かないな……こればっかりは慣れないや」%K%P
「やっぱり足元がスースーして、落ち着かないな……こればっかりは慣れないや」%K%P
スカートの裾を気にしながら歩く。女装も久しぶりだから、特に注意しないとね。%K%P
スカートの裾を気にしながら歩く。女装も久しぶりだから、特に注意しないとね。%K%P
「それにしても……もう一人の{歌姫:ディーバ}、か……ふふ、さっきの子達、まさかすぐ側にいたなんて……思わなかったろうね」%K%P
「それにしても……もう一人の{歌姫:ディーバ}、か……ふふ、さっきの子達、まさかすぐ側にいたなんて……思わなかったろうね」%K%P
先日届いた普段より厚いことりちゃんからの手紙には、一通の封書が添付されていた。%K%P
先日届いた普段より厚いことりちゃんからの手紙には、一通の封書が添付されていた。%K%P
それは日本までの往復航空券と一枚の書類だった。%K%P
それは日本までの往復航空券と一枚の書類だった。%K%P
『昨年度{歌姫救出譚:プリンチペッサ・プレギエーラ}の{最優秀騎士:ブリランテ}、如月夕陽の希望により、%K%P
『昨年度{歌姫救出譚:プリンチペッサ・プレギエーラ}の{最優秀騎士:ブリランテ}、如月夕陽の希望により、%K%P
塚原いずみ様を{歌姫:ディーバ}として{招聘:しょうへい}させて頂くことになりました』との一文があった。%K%P
塚原いずみ様を{歌姫:ディーバ}として{招聘:しょうへい}させて頂くことになりました』との一文があった。%K%P
そして、ことりちゃんの手紙には、『必ず来て下さいね。じゃないと、ことり、とりかえしちゃいます』という夕陽ちゃんの文字も。%K%P
そして、ことりちゃんの手紙には、『必ず来て下さいね。じゃないと、ことり、とりかえしちゃいます』という夕陽ちゃんの文字も。%K%P
「まったく、夕陽ちゃんたら……あれじゃ来ないわけにいかないじゃない……ふふ」%K%P
「まったく、夕陽ちゃんたら……あれじゃ来ないわけにいかないじゃない……ふふ」%K%P
彼女らしいお誘いに、僕は口元をほころばせた。%K%P
彼女らしいお誘いに、僕は口元をほころばせた。%K%P
相変らず夕陽ちゃんは元気なようで、ことりちゃん共々アーチェリーの練習や学園生活を謳歌しているみたいだ。%K%P
相変らず夕陽ちゃんは元気なようで、ことりちゃん共々アーチェリーの練習や学園生活を謳歌しているみたいだ。%K%P
「ふぅ、楽しみだな。夕陽ちゃんや、綾香さん、美琴さん……それに……ことりちゃん」%K%P
「ふぅ、楽しみだな。夕陽ちゃんや、綾香さん、美琴さん……それに……ことりちゃん」%K%P
深皇学園行きのバス停の前で足を止める。%K%P
深皇学園行きのバス停の前で足を止める。%K%P
ガラガラとエンジン音をさせてバスが近づいてきた。%K%P
ガラガラとエンジン音をさせてバスが近づいてきた。%K%P
