その日は、気付けば綾香さんにばかり視線を向けていた。%K%P
その日は、気付けば綾香さんにばかり視線を向けていた。%K%P
たぶん、昨日の会話のせいだろう。%K%P
たぶん、昨日の会話のせいだろう。%K%P
綾香さんがそうしてくれたように、僕も綾香さんをフォローできれば――――そんな意識が、昨日を切っ掛けに強くなった。%K%P
綾香さんがそうしてくれたように、僕も綾香さんをフォローできれば――――そんな意識が、昨日を切っ掛けに強くなった。%K%P
それにしても、改めて注意深く眺めてみると、綾香さんは本当にソツがない。%K%P
それにしても、改めて注意深く眺めてみると、綾香さんは本当にソツがない。%K%P
授業態度は真面目そのものだし、先生にいきなり指名されて困る、ということもない。%K%P
授業態度は真面目そのものだし、先生にいきなり指名されて困る、ということもない。%K%P
休み時間にはクラスメイトから勉強の質問を受けたり、次の教科のおさらいをしていたり。%K%P
休み時間にはクラスメイトから勉強の質問を受けたり、次の教科のおさらいをしていたり。%K%P
そういう細かな積み重ねが、成績や、まわりからの信頼という形になって表れているに違いない。%K%P
そういう細かな積み重ねが、成績や、まわりからの信頼という形になって表れているに違いない。%K%P
ただ、だからこそ、疲れないのかな……なんて思ってしまうわけだけど。%K%P
ただ、だからこそ、疲れないのかな……なんて思ってしまうわけだけど。%K%P
そうして綾香さんを眺めていたら、その日の授業はいつの間にか終わってしまった。%K%P
そうして綾香さんを眺めていたら、その日の授業はいつの間にか終わってしまった。%K%P
いつもならこのまま音楽室に寄って練習をしていくところなんだけど……今日は先手を打ってみよう。%K%P
いつもならこのまま音楽室に寄って練習をしていくところなんだけど……今日は先手を打ってみよう。%K%P
「綾香さん、一緒に帰らない？」%K%P
「綾香さん、一緒に帰らない？」%K%P
「ん……」%K%P
「ん……」%K%P
僕の言葉に、綾香さんがちょっと困った顔をする。%K%P
僕の言葉に、綾香さんがちょっと困った顔をする。%K%P
「もしかして、なにか用があった？」%K%P
「もしかして、なにか用があった？」%K%P
「……実は、このあと美琴と手合わせをしよう、って約束しているの」%K%P
「……実は、このあと美琴と手合わせをしよう、って約束しているの」%K%P
「手合わせ、って……{騎士:ワルキュリア}の？」%K%P
「手合わせ、って……{騎士:ワルキュリア}の？」%K%P
「そう。美琴が色々と試したい、っていうから。わたしも美琴と練習したいと思っていたし」%K%P
「そう。美琴が色々と試したい、っていうから。わたしも美琴と練習したいと思っていたし」%K%P
「そっかぁ……」%K%P
「そっかぁ……」%K%P
先約があるというのなら、無理強いはできない。%K%P
先約があるというのなら、無理強いはできない。%K%P
「いずみさんは？　今日は練習しないの？」%K%P
「いずみさんは？　今日は練習しないの？」%K%P
「うん。たまには咽を休めようかな、って」%K%P
「うん。たまには咽を休めようかな、って」%K%P
ちょっと方便になっちゃうけど、こう言った方が綾香さんも気をつかわないだろうし。%K%P
ちょっと方便になっちゃうけど、こう言った方が綾香さんも気をつかわないだろうし。%K%P
「なら、今日は美琴との手合わせだけして、軽く汗を流したらいずみさんと一緒に帰ることにするわ」%K%P
「なら、今日は美琴との手合わせだけして、軽く汗を流したらいずみさんと一緒に帰ることにするわ」%K%P
「その練習、見学しに行ってもいい？」%K%P
「その練習、見学しに行ってもいい？」%K%P
「ええ、もちろん。{歌姫:ディーバ}に見られているとなったら、わたしも気合いを入れないと」%K%P
「ええ、もちろん。{歌姫:ディーバ}に見られているとなったら、わたしも気合いを入れないと」%K%P
教室で美琴さんに声を掛けて経緯を伝えたあと、そのまま３人で修練所へ。%K%P
教室で美琴さんに声を掛けて経緯を伝えたあと、そのまま３人で修練所へ。%K%P
鎧を着込んで軽くウォーミングアップすると、綾香さんと美琴さんが向き合って位置についた。%K%P
鎧を着込んで軽くウォーミングアップすると、綾香さんと美琴さんが向き合って位置についた。%K%P
「負けないからね」%K%P
「負けないからね」%K%P
「こっちこそ」%K%P
「こっちこそ」%K%P
綾香さんと美琴さん――――候補生でなく、{騎士:ワルキュリア}同士の対決を見るのはこれが初めてだ。%K%P
綾香さんと美琴さん――――候補生でなく、{騎士:ワルキュリア}同士の対決を見るのはこれが初めてだ。%K%P
ちなみに、修練所へくる途中に聞いた話だと、綾香さんと美琴さんの対戦成績は綾香さんの勝ち越し。%K%P
ちなみに、修練所へくる途中に聞いた話だと、綾香さんと美琴さんの対戦成績は綾香さんの勝ち越し。%K%P
初めて練習風景を見たときの感想通り、綾香さんは{騎士:ワルキュリア}の中でもかなり強いらしい。%K%P
初めて練習風景を見たときの感想通り、綾香さんは{騎士:ワルキュリア}の中でもかなり強いらしい。%K%P
「いずみさん、開始の合図を頼んでもいい？」%K%P
「いずみさん、開始の合図を頼んでもいい？」%K%P
「あ、うん。じゃあ――」%K%P
「あ、うん。じゃあ――」%K%P
「はじめっ」%K%P
「はじめっ」%K%P
いきなりの頼みに戸惑いつつ、とりあえずそれっぽい声をあげると、すぐさま綾香さんが動く。%K%P
いきなりの頼みに戸惑いつつ、とりあえずそれっぽい声をあげると、すぐさま綾香さんが動く。%K%P
着ている鎧が軽い素材だとわかっていても、見惚れてしまうほど軽快なステップだ。%K%P
着ている鎧が軽い素材だとわかっていても、見惚れてしまうほど軽快なステップだ。%K%P
対して美琴さんはほとんど動かず、しっかりと槍を構えて綾香さんを迎え撃つ。%K%P
対して美琴さんはほとんど動かず、しっかりと槍を構えて綾香さんを迎え撃つ。%K%P
「ふッ……！」%K%P
「ふッ……！」%K%P
自らの間合いに踏み込もうとする綾香さんを、美琴さんの槍がきっちりと牽制していく。%K%P
自らの間合いに踏み込もうとする綾香さんを、美琴さんの槍がきっちりと牽制していく。%K%P
突きと払いのコンビネーションを繰り出す美琴さんの槍が、リーチを活かして綾香さんを近寄せない。%K%P
突きと払いのコンビネーションを繰り出す美琴さんの槍が、リーチを活かして綾香さんを近寄せない。%K%P
後手に回った綾香さんは無理をせず、その槍を剣で払い、ときに身体をそらして避けていく。%K%P
後手に回った綾香さんは無理をせず、その槍を剣で払い、ときに身体をそらして避けていく。%K%P
２人の呼吸がなせる技なのか、一進一退の攻防は、まるで演舞のように華麗だ。%K%P
２人の呼吸がなせる技なのか、一進一退の攻防は、まるで演舞のように華麗だ。%K%P
「ここッ……！」%K%P
「ここッ……！」%K%P
「あっ……！？」%K%P
「あっ……！？」%K%P
少し大ぶりになった美琴さんの薙ぎ払いを、その勢いも利用して綾香さんが弾く。%K%P
少し大ぶりになった美琴さんの薙ぎ払いを、その勢いも利用して綾香さんが弾く。%K%P
直後、美琴さんが槍を戻すタイミングに合わせて、綾香さんが力強く剣を振るった。%K%P
直後、美琴さんが槍を戻すタイミングに合わせて、綾香さんが力強く剣を振るった。%K%P
「はあッ……！」%K%P
「はあッ……！」%K%P
気合いとともに攻撃に転じた綾香さんの剣が、ぐっと伸びて美琴さんの槍を捉える。%K%P
気合いとともに攻撃に転じた綾香さんの剣が、ぐっと伸びて美琴さんの槍を捉える。%K%P
「くうっ……！！」%K%P
「くうっ……！！」%K%P
「うわっ、しのいだ……？！」%K%P
「うわっ、しのいだ……？！」%K%P
攻撃が当たる寸前、素早く槍を構え直した美琴さんは、綾香さんの剣を受け止める。%K%P
攻撃が当たる寸前、素早く槍を構え直した美琴さんは、綾香さんの剣を受け止める。%K%P
それだけに留まらず、美琴さんはそのまま槍を器用に操ると綾香さんの剣を振り払った。%K%P
それだけに留まらず、美琴さんはそのまま槍を器用に操ると綾香さんの剣を振り払った。%K%P
「あっ……？！」%K%P
「あっ……？！」%K%P
勢いのついていた綾香さんの身体が、槍にいなされるようにして横に崩れる。%K%P
勢いのついていた綾香さんの身体が、槍にいなされるようにして横に崩れる。%K%P
どうにか剣は手放さなかったものの、体勢を崩した綾香さんは踏ん張るのが精一杯だ。%K%P
どうにか剣は手放さなかったものの、体勢を崩した綾香さんは踏ん張るのが精一杯だ。%K%P
そして、その隙を美琴さんは逃さない。%K%P
そして、その隙を美琴さんは逃さない。%K%P
「間合い、ベストっ……！」%K%P
「間合い、ベストっ……！」%K%P
剣を払った動作の勢いを活かし、身体を回転させた美琴さんの槍が綾香さんに迫る。%K%P
剣を払った動作の勢いを活かし、身体を回転させた美琴さんの槍が綾香さんに迫る。%K%P
「うわ、はやいッ……！」%K%P
「うわ、はやいッ……！」%K%P
「ぐッ……！」%K%P
「ぐッ……！」%K%P
迫る穂先に剣を立て、綾香さんがそれを受ける。%K%P
迫る穂先に剣を立て、綾香さんがそれを受ける。%K%P
けど、満足な状態で受けきれなかったせいか、綾香さんの動きが完全にとまってしまった。%K%P
けど、満足な状態で受けきれなかったせいか、綾香さんの動きが完全にとまってしまった。%K%P
「このままっ……！」%K%P
「このままっ……！」%K%P
開始からずっと動かなかった美琴さんが、気合いと共に踏み込み、槍を打ち出す。%K%P
開始からずっと動かなかった美琴さんが、気合いと共に踏み込み、槍を打ち出す。%K%P
連続で繰り出される攻撃に押されて、綾香さんはじりじりと後退していった。%K%P
連続で繰り出される攻撃に押されて、綾香さんはじりじりと後退していった。%K%P
「わ、わわっ……」%K%P
「わ、わわっ……」%K%P
綾香さんのピンチを目の当たりにして、気付けば、自然と声が漏れていた。%K%P
綾香さんのピンチを目の当たりにして、気付けば、自然と声が漏れていた。%K%P
「これで決めるッ……！」%K%P
「これで決めるッ……！」%K%P
鋭く突き出された槍が、綾香さんの鎧を狙う。%K%P
鋭く突き出された槍が、綾香さんの鎧を狙う。%K%P
「ああっ……」%K%P
「ああっ……」%K%P
「ッ……！」%K%P
「ッ……！」%K%P
「なっ？！」%K%P
「なっ？！」%K%P
僕がダメだと思った瞬間――――槍の切っ先が鎧に当たる直前、綾香さんはそれを剣で払いのけた。%K%P
僕がダメだと思った瞬間――――槍の切っ先が鎧に当たる直前、綾香さんはそれを剣で払いのけた。%K%P
「うそっ……！？」%K%P
「うそっ……！？」%K%P
決めにいった攻撃だけに勢いがついていたのか、槍を弾かれて美琴さんの体勢が崩れる。%K%P
決めにいった攻撃だけに勢いがついていたのか、槍を弾かれて美琴さんの体勢が崩れる。%K%P
そのわずかな隙を逃さず、綾香さんが一気に間合いを詰めて――――、%K%P
そのわずかな隙を逃さず、綾香さんが一気に間合いを詰めて――――、%K%P
「……えっ？」%K%P
「……えっ？」%K%P
踏み込んだ次の瞬間、綾香さんはバランスを崩し、その間に美琴さんが体勢を立て直してしまった。%K%P
踏み込んだ次の瞬間、綾香さんはバランスを崩し、その間に美琴さんが体勢を立て直してしまった。%K%P
寸前の激しい応酬が嘘のように、あっけない決着。%K%P
寸前の激しい応酬が嘘のように、あっけない決着。%K%P
美琴さんの槍が、動きの止まった綾香さんの剣を弾き飛ばし、それで勝負がついていた。%K%P
美琴さんの槍が、動きの止まった綾香さんの剣を弾き飛ばし、それで勝負がついていた。%K%P
「うぅ、負けちゃった……」%K%P
「うぅ、負けちゃった……」%K%P
「負けちゃった、じゃないでしょ？　いまの、明らかに綾香が勝っていた勝負じゃない」%K%P
「負けちゃった、じゃないでしょ？　いまの、明らかに綾香が勝っていた勝負じゃない」%K%P
「もう、らしくないんだから。あそこで踏み込みをミスって体勢を崩すなんて」%K%P
「もう、らしくないんだから。あそこで踏み込みをミスって体勢を崩すなんて」%K%P
「美琴がいい動きをしてたから、早く間合いの内側に入らなきゃって、焦っちゃって……」%K%P
「美琴がいい動きをしてたから、早く間合いの内側に入らなきゃって、焦っちゃって……」%K%P
「美琴、前の練習よりも動きがすごく良くなっているんだもの」%K%P
「美琴、前の練習よりも動きがすごく良くなっているんだもの」%K%P
「そう言ってくれるのは嬉しいけど……」%K%P
「そう言ってくれるのは嬉しいけど……」%K%P
「でも、今のはあたしが良くなったっていうより、綾香が鈍ってる気がしたんだけど」%K%P
「でも、今のはあたしが良くなったっていうより、綾香が鈍ってる気がしたんだけど」%K%P
「そんなことないわ。美琴の動きの良さが、わたしのミスを誘ったんだもの」%K%P
「そんなことないわ。美琴の動きの良さが、わたしのミスを誘ったんだもの」%K%P
「美琴だって、日々練習しているんでしょ？」%K%P
「美琴だって、日々練習しているんでしょ？」%K%P
「それはそうだけど……」%K%P
「それはそうだけど……」%K%P
「わたしもまだまだ、ってこと。チャンスのときこそ、慌てず落ち着いて決めないと」%K%P
「わたしもまだまだ、ってこと。チャンスのときこそ、慌てず落ち着いて決めないと」%K%P
落ちてしまった剣を拾い、綾香さんが息を吐く。%K%P
落ちてしまった剣を拾い、綾香さんが息を吐く。%K%P
「美琴。もう１回、お願い」%K%P
「美琴。もう１回、お願い」%K%P
「今度はあんなミスしないでよ？」%K%P
「今度はあんなミスしないでよ？」%K%P
「うん」%K%P
「うん」%K%P
「いずみさん、また合図をお願いできる？」%K%P
「いずみさん、また合図をお願いできる？」%K%P
「任せて」%K%P
「任せて」%K%P
それから３試合、初戦もいれるとトータルで４試合したけど、結果は美琴さんの３勝１敗だった。%K%P
それから３試合、初戦もいれるとトータルで４試合したけど、結果は美琴さんの３勝１敗だった。%K%P
「綾香、今日はここまでにしておきましょ？」%K%P
「綾香、今日はここまでにしておきましょ？」%K%P
「じゃあ、はい。２人とも」%K%P
「じゃあ、はい。２人とも」%K%P
「あっ、ありがとう、いずみさん」%K%P
「あっ、ありがとう、いずみさん」%K%P
２人が用意していたタオルをそれぞれに差し出すと、綾香さんも美琴さんも、気持ち良さそうに汗を拭った。%K%P
２人が用意していたタオルをそれぞれに差し出すと、綾香さんも美琴さんも、気持ち良さそうに汗を拭った。%K%P
「でも、せっかくいずみさんが見ていたのに……なんとも情けない結果になっちゃったわね」%K%P
「でも、せっかくいずみさんが見ていたのに……なんとも情けない結果になっちゃったわね」%K%P
「ううん、そんなことないよ」%K%P
「ううん、そんなことないよ」%K%P
勝敗だけ見れば美琴さんが優勢だけど、それで綾香さんのすごさが変わるわけじゃない。%K%P
勝敗だけ見れば美琴さんが優勢だけど、それで綾香さんのすごさが変わるわけじゃない。%K%P
「今日わかったのは、綾香さんも美琴さんもすごい、ってこと」%K%P
「今日わかったのは、綾香さんも美琴さんもすごい、ってこと」%K%P
「くすっ。ありがとう、いずみさん。あたしも、今日は調子良かったみたい」%K%P
「くすっ。ありがとう、いずみさん。あたしも、今日は調子良かったみたい」%K%P
「ただ、綾香らしくないミスが多かったのも事実だけどね」%K%P
「ただ、綾香らしくないミスが多かったのも事実だけどね」%K%P
「そうね。本番では今日みたいなことがないように、しっかり練習しておかないと」%K%P
「そうね。本番では今日みたいなことがないように、しっかり練習しておかないと」%K%P
「練習もいいけど、それはまた今度ね。今日は手合わせだけ、って話だったでしょ？」%K%P
「練習もいいけど、それはまた今度ね。今日は手合わせだけ、って話だったでしょ？」%K%P
「……うん、そうね」%K%P
「……うん、そうね」%K%P
少し迷ったあと、綾香さんが頷く。%K%P
少し迷ったあと、綾香さんが頷く。%K%P
前もって僕が帰ろうと誘っていなければ、このまま練習をしていたに違いない。%K%P
前もって僕が帰ろうと誘っていなければ、このまま練習をしていたに違いない。%K%P
「じゃあ、シャワーを……っと、そうだ。今日は寮に帰って、ゆっくりとお風呂に入らない？」%K%P
「じゃあ、シャワーを……っと、そうだ。今日は寮に帰って、ゆっくりとお風呂に入らない？」%K%P
「ね？　よければいずみさんも一緒にどう？」%K%P
「ね？　よければいずみさんも一緒にどう？」%K%P
「わ、私は大丈夫っ。ほら、見学してただけで汗もかいてないから」%K%P
「わ、私は大丈夫っ。ほら、見学してただけで汗もかいてないから」%K%P
むしろ冷や汗をかきそうになりながら、僕は美琴さんの提案に対して首を振った。%K%P
むしろ冷や汗をかきそうになりながら、僕は美琴さんの提案に対して首を振った。%K%P
寮に戻ると、綾香さんたちはすぐお風呂に入った。%K%P
寮に戻ると、綾香さんたちはすぐお風呂に入った。%K%P
そうなると部屋には僕１人なので、深皇祭で歌う曲の楽譜を見返したり、出された宿題をこなしたり。%K%P
そうなると部屋には僕１人なので、深皇祭で歌う曲の楽譜を見返したり、出された宿題をこなしたり。%K%P
「いずみさん、ちょっといい？」%K%P
「いずみさん、ちょっといい？」%K%P
「あっ、どうぞ」%K%P
「あっ、どうぞ」%K%P
「どうしたの？　綾香さん、まだお風呂？」%K%P
「どうしたの？　綾香さん、まだお風呂？」%K%P
「うん。長湯をして、よーく疲れをとりなさい、って言っておいたの」%K%P
「うん。長湯をして、よーく疲れをとりなさい、って言っておいたの」%K%P
「ってことは……私に、なにか用？」%K%P
「ってことは……私に、なにか用？」%K%P
「そう。……ねえ、いずみさん。最近、綾香の様子でなにか変わった事はない？」%K%P
「そう。……ねえ、いずみさん。最近、綾香の様子でなにか変わった事はない？」%K%P
「変わったこと？　って、いっても……」%K%P
「変わったこと？　って、いっても……」%K%P
「……とくにない、と思うけど」%K%P
「……とくにない、と思うけど」%K%P
色々と考えてみたけど、思いあたることはない。%K%P
色々と考えてみたけど、思いあたることはない。%K%P
「ん……。なら、いいんだけど……」%K%P
「ん……。なら、いいんだけど……」%K%P
言って、ちょっと神妙な表情を覗かせる美琴さん。%K%P
言って、ちょっと神妙な表情を覗かせる美琴さん。%K%P
「もしかして美琴さん、今日の手合わせの結果に納得がいってない、とか？」%K%P
「もしかして美琴さん、今日の手合わせの結果に納得がいってない、とか？」%K%P
いままでは綾香さんが勝ち越していたという勝負も、今日は美琴さんが優勢だった。%K%P
いままでは綾香さんが勝ち越していたという勝負も、今日は美琴さんが優勢だった。%K%P
「納得、というか……まあ、でもそうね。そういうことになるのかな」%K%P
「納得、というか……まあ、でもそうね。そういうことになるのかな」%K%P
「ほら、今日の綾香、ミスを指摘されたあと、あたしを褒める形で話題を逸らしたでしょ？」%K%P
「ほら、今日の綾香、ミスを指摘されたあと、あたしを褒める形で話題を逸らしたでしょ？」%K%P
「ああ、そういえば……」%K%P
「ああ、そういえば……」%K%P
１戦目、踏み込みのミスから負けてしまった綾香さんは、その話題を少し強引に打ち切っていた。%K%P
１戦目、踏み込みのミスから負けてしまった綾香さんは、その話題を少し強引に打ち切っていた。%K%P
「普段ならあんなミスはしないし、もししたとしても、ああいう誤魔化し方はしないの」%K%P
「普段ならあんなミスはしないし、もししたとしても、ああいう誤魔化し方はしないの」%K%P
「だから、少し気になって。いずみさんなら、なにか心当たりがあるかも、って思ったんだけど」%K%P
「だから、少し気になって。いずみさんなら、なにか心当たりがあるかも、って思ったんだけど」%K%P
「と、いわれても――」%K%P
「と、いわれても――」%K%P
僕より遥かに綾香さんと付き合いの長い美琴さんにわからないことが、僕にわかるとも思えない。%K%P
僕より遥かに綾香さんと付き合いの長い美琴さんにわからないことが、僕にわかるとも思えない。%K%P
「ごめんね、お役に立てなくて」%K%P
「ごめんね、お役に立てなくて」%K%P
「ううん、気にしないで。あたしの思い過ごしかもしれないし」%K%P
「ううん、気にしないで。あたしの思い過ごしかもしれないし」%K%P
「ほら、あたしって綾香のことを気にするのが癖みたいになっちゃってるから」%K%P
「ほら、あたしって綾香のことを気にするのが癖みたいになっちゃってるから」%K%P
どこか照れくさそうに美琴さんがはにかむ。%K%P
どこか照れくさそうに美琴さんがはにかむ。%K%P
「綾香って、昔っから劇の主役とかリレーのアンカーとか、そういうのを任される事が多かったの」%K%P
「綾香って、昔っから劇の主役とかリレーのアンカーとか、そういうのを任される事が多かったの」%K%P
「そのたびに、人一倍頑張って……それはいいんだけど、どこかで無理をしちゃうっていうか」%K%P
「そのたびに、人一倍頑張って……それはいいんだけど、どこかで無理をしちゃうっていうか」%K%P
「だから、あたしも自然と気にかけるようになっちゃって」%K%P
「だから、あたしも自然と気にかけるようになっちゃって」%K%P
「そうなんだ……」%K%P
「そうなんだ……」%K%P
美琴さんが気を配るタイプなのはわかっていたけど、そうなった理由があったんだなぁ……。%K%P
美琴さんが気を配るタイプなのはわかっていたけど、そうなった理由があったんだなぁ……。%K%P
「深皇祭が近づいて来て、{騎士:ワルキュリア}として張り切る意欲が増すのもわかるんだけど……」%K%P
「深皇祭が近づいて来て、{騎士:ワルキュリア}として張り切る意欲が増すのもわかるんだけど……」%K%P
「その分、どこか危なっかしい気もして」%K%P
「その分、どこか危なっかしい気もして」%K%P
「綾香さん、自分よりも人のために動いちゃうところがあるもんね」%K%P
「綾香さん、自分よりも人のために動いちゃうところがあるもんね」%K%P
「ふふっ、そうそう。そうなの」%K%P
「ふふっ、そうそう。そうなの」%K%P
僕の言葉に美琴さんが嬉しそうに笑みを漏らす。%K%P
僕の言葉に美琴さんが嬉しそうに笑みを漏らす。%K%P
「綾香が今日みたいに誤魔化すときは、経験上、なにか無理してることが多いから」%K%P
「綾香が今日みたいに誤魔化すときは、経験上、なにか無理してることが多いから」%K%P
「だから、いずみさんも気を付けてあげて。綾香、そういうのを自分から人に言わないの」%K%P
「だから、いずみさんも気を付けてあげて。綾香、そういうのを自分から人に言わないの」%K%P
つまり美琴さんは、それを僕にこっそり知らせたくて、綾香さんのいないタイミングを狙ってやってきた、ってことなんだろう。%K%P
つまり美琴さんは、それを僕にこっそり知らせたくて、綾香さんのいないタイミングを狙ってやってきた、ってことなんだろう。%K%P
「わざわざありがとう、美琴さん」%K%P
「わざわざありがとう、美琴さん」%K%P
「お礼を言うのはこっち。おせっかいなこと言ったのに、聞き入れてくれて」%K%P
「お礼を言うのはこっち。おせっかいなこと言ったのに、聞き入れてくれて」%K%P
「それだけ綾香さんのことが心配なんでしょ？」%K%P
「それだけ綾香さんのことが心配なんでしょ？」%K%P
「まぁね。でも、それはいずみさんだって同じじゃない？」%K%P
「まぁね。でも、それはいずみさんだって同じじゃない？」%K%P
「えっ？」%K%P
「えっ？」%K%P
「最近、綾香のことよく見てるでしょ？　今日の授業中とか、ずーっと見ていたし」%K%P
「最近、綾香のことよく見てるでしょ？　今日の授業中とか、ずーっと見ていたし」%K%P
「あっ……あれは、その……」%K%P
「あっ……あれは、その……」%K%P
「２人とも、なにを話しているの？」%K%P
「２人とも、なにを話しているの？」%K%P
「えっ、あっ、綾香さんっ……？！」%K%P
「えっ、あっ、綾香さんっ……？！」%K%P
思いがけない指摘に照れていると、いきなり現れた綾香さんに、全身がびくっと震えた。%K%P
思いがけない指摘に照れていると、いきなり現れた綾香さんに、全身がびくっと震えた。%K%P
「こっ、これはその、ええと……」%K%P
「こっ、これはその、ええと……」%K%P
「綾香さん、いつから、そこに……？」%K%P
「綾香さん、いつから、そこに……？」%K%P
「いまさっき、だけど……」%K%P
「いまさっき、だけど……」%K%P
「美琴？　いずみさんとなにを話してたの？」%K%P
「美琴？　いずみさんとなにを話してたの？」%K%P
「くすくすっ。別に？　なんでもないわよ？」%K%P
「くすくすっ。別に？　なんでもないわよ？」%K%P
「なっ……なによ、その、意味ありげな笑い」%K%P
「なっ……なによ、その、意味ありげな笑い」%K%P
「いいじゃない？　女の子同士なんだから、秘密のひとつやふたつぐらい」%K%P
「いいじゃない？　女の子同士なんだから、秘密のひとつやふたつぐらい」%K%P
「ねえ、いずみさん？」%K%P
「ねえ、いずみさん？」%K%P
「あっ……う、うん」%K%P
「あっ……う、うん」%K%P
果たして美琴さんの言う秘密がなんなのかよくわからないまま、とりあえず頷いてしまう。%K%P
果たして美琴さんの言う秘密がなんなのかよくわからないまま、とりあえず頷いてしまう。%K%P
「ふふふっ、じゃああたし、夕食の支度を手伝ってくるから」%K%P
「ふふふっ、じゃああたし、夕食の支度を手伝ってくるから」%K%P
そう言って、美琴さんが行ってしまう。%K%P
そう言って、美琴さんが行ってしまう。%K%P
と、%K%P
と、%K%P
「……いずみさん。なんの話をしてたの？」%K%P
「……いずみさん。なんの話をしてたの？」%K%P
「え、ええっと――」%K%P
「え、ええっと――」%K%P
口止めをされたわけじゃないけど、いまの話、綾香さんには内緒にしておいたほうがいいだろう。%K%P
口止めをされたわけじゃないけど、いまの話、綾香さんには内緒にしておいたほうがいいだろう。%K%P
僕たちが心配していると知ったら、綾香さんのことだから、余計に心配をかけまいとするに違いないし。%K%P
僕たちが心配していると知ったら、綾香さんのことだから、余計に心配をかけまいとするに違いないし。%K%P
「……秘密、かな？」%K%P
「……秘密、かな？」%K%P
「それって、わたしにも？」%K%P
「それって、わたしにも？」%K%P
「まぁ、その……一応」%K%P
「まぁ、その……一応」%K%P
「むぅ……もう、いずみさんのいじわる」%K%P
「むぅ……もう、いずみさんのいじわる」%K%P
「ごめんね、綾香さん」%K%P
「ごめんね、綾香さん」%K%P
綾香さんにしては、露骨に拗ねた顔。%K%P
綾香さんにしては、露骨に拗ねた顔。%K%P
それがなんだか可愛くて、でもそれを可愛いとは言えないから、思わず謝ってしまう。%K%P
それがなんだか可愛くて、でもそれを可愛いとは言えないから、思わず謝ってしまう。%K%P
「……いいわよ、別に。いずみさんはもう、身も心もすっかり女の子みたいだから」%K%P
「……いいわよ、別に。いずみさんはもう、身も心もすっかり女の子みたいだから」%K%P
「なっ……」%K%P
「なっ……」%K%P
「だって、美琴と女の子同士の秘密なんでしょ？」%K%P
「だって、美琴と女の子同士の秘密なんでしょ？」%K%P
思いがけない切り返しに、今度はこっちが言葉に詰まってしまう。%K%P
思いがけない切り返しに、今度はこっちが言葉に詰まってしまう。%K%P
しっかり者なのに、どこか子供っぽい。%K%P
しっかり者なのに、どこか子供っぽい。%K%P
それは以前希実ちゃんが教えてくれたように、姉と妹をもつ綾香さんならでは、かもしれない。%K%P
それは以前希実ちゃんが教えてくれたように、姉と妹をもつ綾香さんならでは、かもしれない。%K%P
