――――放課後。%K%P
――――放課後。%K%P
今日は授業でわからない点があったので、図書室で一人復習していた。%K%P
今日は授業でわからない点があったので、図書室で一人復習していた。%K%P
集中していたためか、ずいぶんと時間がたってしまっていた。%K%P
集中していたためか、ずいぶんと時間がたってしまっていた。%K%P
図書室を後にした僕は、すっかりと赤く染まった廊下を一人歩く。%K%P
図書室を後にした僕は、すっかりと赤く染まった廊下を一人歩く。%K%P
いつもは賑わっている学園も、放課後になると雰囲気が変わるんだな……。%K%P
いつもは賑わっている学園も、放課後になると雰囲気が変わるんだな……。%K%P
「……ん？」%K%P
「……ん？」%K%P
ちょうど通りかかった教室の小窓から、見覚えのある人の姿が見えた。%K%P
ちょうど通りかかった教室の小窓から、見覚えのある人の姿が見えた。%K%P
……ひとりで何をしているんだろう？%K%P
……ひとりで何をしているんだろう？%K%P
気になった僕は、その教室の扉を開けた。%K%P
気になった僕は、その教室の扉を開けた。%K%P
「――――」%K%P
「――――」%K%P
言葉が、出なかった。%K%P
言葉が、出なかった。%K%P
静寂に包まれた教室の窓際の席。%K%P
静寂に包まれた教室の窓際の席。%K%P
「…………」%K%P
「…………」%K%P
長く伸びた金色の髪を夕陽に反射させ、まるでどこかのお姫様が出てきたんじゃないかと錯覚させる。%K%P
長く伸びた金色の髪を夕陽に反射させ、まるでどこかのお姫様が出てきたんじゃないかと錯覚させる。%K%P
その姿に見とれていると、千影さんがゆっくりと顔を上げた。%K%P
その姿に見とれていると、千影さんがゆっくりと顔を上げた。%K%P
「――あら」%K%P
「――あら」%K%P
「千影さん……」%K%P
「千影さん……」%K%P
目が合い、僕は導かれるように彼女の元へと歩いて行く。%K%P
目が合い、僕は導かれるように彼女の元へと歩いて行く。%K%P
「いずみさん、まだ学園に残っていたの？」%K%P
「いずみさん、まだ学園に残っていたの？」%K%P
「…あ、うん、今日は図書室でノートをとっていて」%K%P
「…あ、うん、今日は図書室でノートをとっていて」%K%P
僕はそう言いながら、先ほどまで筆を走らせていたノートを見せた。%K%P
僕はそう言いながら、先ほどまで筆を走らせていたノートを見せた。%K%P
って、僕は何をやってるんだ。お、落ち着け……%K%P
って、僕は何をやってるんだ。お、落ち着け……%K%P
「あ、その、千影さんは帰らないの？」%K%P
「あ、その、千影さんは帰らないの？」%K%P
「迎えの車が遅れているの……」%K%P
「迎えの車が遅れているの……」%K%P
なるほど、それで読書をして時間を潰していたという事か。%K%P
なるほど、それで読書をして時間を潰していたという事か。%K%P
「思わず声を掛けちゃったけど、邪魔したかな？」%K%P
「思わず声を掛けちゃったけど、邪魔したかな？」%K%P
「いいえ、気にしないで」%K%P
「いいえ、気にしないで」%K%P
千影さんは優しく微笑む。%K%P
千影さんは優しく微笑む。%K%P
放課後の教室。シチュエーションのせいなのか、その表情にドキリとしてしまう。%K%P
放課後の教室。シチュエーションのせいなのか、その表情にドキリとしてしまう。%K%P
流れるような長い髪、凛とした顔立ち、そして――あれ？%K%P
流れるような長い髪、凛とした顔立ち、そして――あれ？%K%P
「……視力、あまり良くないの？」%K%P
「……視力、あまり良くないの？」%K%P
普段の千影さんは掛けてない、眼鏡について尋ねてみる。%K%P
普段の千影さんは掛けてない、眼鏡について尋ねてみる。%K%P
「ええ、少しだけね。本を読むときはいつもこうなの」%K%P
「ええ、少しだけね。本を読むときはいつもこうなの」%K%P
「いずみさんは眼鏡を掛けたことはある？」%K%P
「いずみさんは眼鏡を掛けたことはある？」%K%P
「昔、友達に借りた事があるけど、頭がクラクラしちゃって……」%K%P
「昔、友達に借りた事があるけど、頭がクラクラしちゃって……」%K%P
「ふふふ……度が合わないとそうなってしまうわね」%K%P
「ふふふ……度が合わないとそうなってしまうわね」%K%P
千影さんの中では面白かったらしく、口を押さえて笑う。%K%P
千影さんの中では面白かったらしく、口を押さえて笑う。%K%P
と、千影さんが少し言いにくそうに僕の様子をうかがってくる。%K%P
と、千影さんが少し言いにくそうに僕の様子をうかがってくる。%K%P
「え～と、どうしたの？」%K%P
「え～と、どうしたの？」%K%P
「私……今、目つき悪い？」%K%P
「私……今、目つき悪い？」%K%P
えっと……それは言葉通りの意味で答えればいいのかな。%K%P
えっと……それは言葉通りの意味で答えればいいのかな。%K%P
僕は千影さんの瞳を見つめる。%K%P
僕は千影さんの瞳を見つめる。%K%P
「うーん、どうかな……」%K%P
「うーん、どうかな……」%K%P
そうは見えないと思うけど。%K%P
そうは見えないと思うけど。%K%P
むしろ可愛らしくすら感じる、さすがにそんな風に答えたら失礼だよね。%K%P
むしろ可愛らしくすら感じる、さすがにそんな風に答えたら失礼だよね。%K%P
「なんでそんな質問を？」%K%P
「なんでそんな質問を？」%K%P
「奏に目つきが悪くなるんだから、いっそコンタクトにすればいい、と言われて」%K%P
「奏に目つきが悪くなるんだから、いっそコンタクトにすればいい、と言われて」%K%P
なるほど、それで気にしていたのか。%K%P
なるほど、それで気にしていたのか。%K%P
「私は眼鏡の千影さんも、普段と違った魅力があっていいと思うよ」%K%P
「私は眼鏡の千影さんも、普段と違った魅力があっていいと思うよ」%K%P
「そ、そう……？」%K%P
「そ、そう……？」%K%P
「少なくとも私は嫌いじゃない」%K%P
「少なくとも私は嫌いじゃない」%K%P
「……ありがとう」%K%P
「……ありがとう」%K%P
少し照れたのか、千影さんは視線を逸らし、眼鏡を外した。%K%P
少し照れたのか、千影さんは視線を逸らし、眼鏡を外した。%K%P
そこで会話が途切れ、教室内に静寂が訪れる。%K%P
そこで会話が途切れ、教室内に静寂が訪れる。%K%P
……こういう時は何を話したらいいんだろう。%K%P
……こういう時は何を話したらいいんだろう。%K%P
千影さんとは何度か顔を合わせているけど、こうして向き合うと、何も思い浮かばない。%K%P
千影さんとは何度か顔を合わせているけど、こうして向き合うと、何も思い浮かばない。%K%P
「あ……そうだ」%K%P
「あ……そうだ」%K%P
何かを思い出したように、千影さんは再び僕の方を見る。%K%P
何かを思い出したように、千影さんは再び僕の方を見る。%K%P
「いずみさんに、お礼を言いたかったの」%K%P
「いずみさんに、お礼を言いたかったの」%K%P
「私に……？」%K%P
「私に……？」%K%P
「ええ。あなたがいなければ、今年の深皇祭は中止になっていたかもしれないから――」%K%P
「ええ。あなたがいなければ、今年の深皇祭は中止になっていたかもしれないから――」%K%P
「{歌姫:ディーバ}として参加してくれて、本当に感謝しているわ」%K%P
「{歌姫:ディーバ}として参加してくれて、本当に感謝しているわ」%K%P
「そんな、大げさだよ」%K%P
「そんな、大げさだよ」%K%P
僕がここにいるのは、偶然が重なった結果に過ぎない。%K%P
僕がここにいるのは、偶然が重なった結果に過ぎない。%K%P
「大げさなんかじゃないの」%K%P
「大げさなんかじゃないの」%K%P
「……私は、深皇祭が開催されることを心から願っていた」%K%P
「……私は、深皇祭が開催されることを心から願っていた」%K%P
「それは……千影さんが{騎士:ワルキュリア}だから？」%K%P
「それは……千影さんが{騎士:ワルキュリア}だから？」%K%P
「それもあるけれど……」%K%P
「それもあるけれど……」%K%P
一瞬、千影さんは目を逸らす。%K%P
一瞬、千影さんは目を逸らす。%K%P
「深皇祭で活躍した{騎士:ワルキュリア}に贈られるものって知ってる？」%K%P
「深皇祭で活躍した{騎士:ワルキュリア}に贈られるものって知ってる？」%K%P
「うん。{最優秀騎士:ブリランテ}の称号の事だよね」%K%P
「うん。{最優秀騎士:ブリランテ}の称号の事だよね」%K%P
「そう。私は{最優秀騎士:ブリランテ}になって、叶えたい事があるの」%K%P
「そう。私は{最優秀騎士:ブリランテ}になって、叶えたい事があるの」%K%P
「叶えたい事……」%K%P
「叶えたい事……」%K%P
{最優秀騎士:ブリランテ}を獲得した人は、『学園内で願いを叶える権利』を与えられる。確かそんな話だったと思う。%K%P
{最優秀騎士:ブリランテ}を獲得した人は、『学園内で願いを叶える権利』を与えられる。確かそんな話だったと思う。%K%P
「私が叶えたいのは――不純同性交遊の禁止」%K%P
「私が叶えたいのは――不純同性交遊の禁止」%K%P
僕はそれを聞いた瞬間、耳を疑った。%K%P
僕はそれを聞いた瞬間、耳を疑った。%K%P
『異性』交遊ならよくある話だけど、『同性』。%K%P
『異性』交遊ならよくある話だけど、『同性』。%K%P
確かにこの学園は女性しか通えないけど……。%K%P
確かにこの学園は女性しか通えないけど……。%K%P
「……良かったら、理由を聞いてもいい？」%K%P
「……良かったら、理由を聞いてもいい？」%K%P
「そんなに複雑な話ではないの」%K%P
「そんなに複雑な話ではないの」%K%P
そう言いながら、千影さんは目を逸らす。%K%P
そう言いながら、千影さんは目を逸らす。%K%P
「学園の規律を正したい、それだけ」%K%P
「学園の規律を正したい、それだけ」%K%P
窓から見える夕陽に向かって、ぽつりと呟いた。%K%P
窓から見える夕陽に向かって、ぽつりと呟いた。%K%P
……千影さん、何かを隠している？%K%P
……千影さん、何かを隠している？%K%P
そんな気がして、僕は言葉を続けた。%K%P
そんな気がして、僕は言葉を続けた。%K%P
「でも、それをわざわざ明言する必要は――」%K%P
「でも、それをわざわざ明言する必要は――」%K%P
まるで狙ったかのようなタイミングで、千影さんのカバンから携帯の着信音が鳴り出す。%K%P
まるで狙ったかのようなタイミングで、千影さんのカバンから携帯の着信音が鳴り出す。%K%P
「はい。ええ……これから向かうから。それでは」%K%P
「はい。ええ……これから向かうから。それでは」%K%P
「迎えが来たの？」%K%P
「迎えが来たの？」%K%P
「ええ。正門の所にいるみたい。申し訳ないけれど、これで失礼するわね」%K%P
「ええ。正門の所にいるみたい。申し訳ないけれど、これで失礼するわね」%K%P
小説と眼鏡ケースをカバンに入れると、千影さんは立ち上がる。%K%P
小説と眼鏡ケースをカバンに入れると、千影さんは立ち上がる。%K%P
「それじゃ、またね」%K%P
「それじゃ、またね」%K%P
「ええ。さようなら」%K%P
「ええ。さようなら」%K%P
一礼すると、早足で千影さんは教室を出て行った。%K%P
一礼すると、早足で千影さんは教室を出て行った。%K%P
再び教室内に静けさが戻る。%K%P
再び教室内に静けさが戻る。%K%P
……不純同性交遊の禁止、か。%K%P
……不純同性交遊の禁止、か。%K%P
「……いけない、もう夕飯の時間だった」%K%P
「……いけない、もう夕飯の時間だった」%K%P
少しモヤッとした気持ちを抱きつつ、僕は寮へと向かった。%K%P
少しモヤッとした気持ちを抱きつつ、僕は寮へと向かった。%K%P
