「今朝の千影さんの様子おかしかったよね」%K%P
「今朝の千影さんの様子おかしかったよね」%K%P
「そうね」%K%P
「そうね」%K%P
「原因はやっぱり私が{騎士:ワルキュリア}に指名したからかな？」%K%P
「原因はやっぱり私が{騎士:ワルキュリア}に指名したからかな？」%K%P
「……そうかもしれないわね」%K%P
「……そうかもしれないわね」%K%P
「前もって相談とかできたら良かったんだけど」%K%P
「前もって相談とかできたら良かったんだけど」%K%P
時間がなかった。%K%P
時間がなかった。%K%P
僕も千影さんを{騎士:ワルキュリア}に……千影さんに守ってもらいたいと思ったのは最近のことだったし。%K%P
僕も千影さんを{騎士:ワルキュリア}に……千影さんに守ってもらいたいと思ったのは最近のことだったし。%K%P
「わたしだって驚いたんだから」%K%P
「わたしだって驚いたんだから」%K%P
「ごめんね」%K%P
「ごめんね」%K%P
千影さんを{騎士:ワルキュリア}のリーダーに選んだという事は、綾香さんを指名しなかったということ。%K%P
千影さんを{騎士:ワルキュリア}のリーダーに選んだという事は、綾香さんを指名しなかったということ。%K%P
今まで良くしてくれて、僕がここにくるきっかけとなった綾香さん。%K%P
今まで良くしてくれて、僕がここにくるきっかけとなった綾香さん。%K%P
その綾香さんを選ばなくて申し訳ない気持ちになる。%K%P
その綾香さんを選ばなくて申し訳ない気持ちになる。%K%P
ただ、自分の気持ちに嘘はつけなかった。%K%P
ただ、自分の気持ちに嘘はつけなかった。%K%P
「あ、驚いたのは奏さんの言ったことよ。いずみさんが千影さんを選んだことは、少しは驚いたけど、そこまでじゃないわ」%K%P
「あ、驚いたのは奏さんの言ったことよ。いずみさんが千影さんを選んだことは、少しは驚いたけど、そこまでじゃないわ」%K%P
「そう？」%K%P
「そう？」%K%P
「えぇ、むしろ深皇祭について真剣に考えくれているってわかって、嬉しかったわ」%K%P
「えぇ、むしろ深皇祭について真剣に考えくれているってわかって、嬉しかったわ」%K%P
「え？」%K%P
「え？」%K%P
「だって、深皇祭のことを深く考えているから、わたしや他の誰かよりも、千影さんを選んだのよね？」%K%P
「だって、深皇祭のことを深く考えているから、わたしや他の誰かよりも、千影さんを選んだのよね？」%K%P
「う、うん……」%K%P
「う、うん……」%K%P
「それが嬉しいの。それに、なんとなくで選ばれるのも嫌だし」%K%P
「それが嬉しいの。それに、なんとなくで選ばれるのも嫌だし」%K%P
「そう言ってもらえると嬉しいよ」%K%P
「そう言ってもらえると嬉しいよ」%K%P
「ただ、千影さんの動揺は予想以上だったみたいね」%K%P
「ただ、千影さんの動揺は予想以上だったみたいね」%K%P
「まさかあんな展開になるなんて思わなくて」%K%P
「まさかあんな展開になるなんて思わなくて」%K%P
奏さんが千影さんを僕の{騎士:ワルキュリア}に勧めてくるなんて、思いもしなかった。%K%P
奏さんが千影さんを僕の{騎士:ワルキュリア}に勧めてくるなんて、思いもしなかった。%K%P
でも、それが決め手になって僕も千影さんを{騎士:ワルキュリア}に指名したんだけど……。%K%P
でも、それが決め手になって僕も千影さんを{騎士:ワルキュリア}に指名したんだけど……。%K%P
「さすがに動揺しちゃう……か」%K%P
「さすがに動揺しちゃう……か」%K%P
「わたしはいずみさんの{騎士:ワルキュリア}になったとかじゃなくて、もっと何か違うことで悩んでいるように見えたけど」%K%P
「わたしはいずみさんの{騎士:ワルキュリア}になったとかじゃなくて、もっと何か違うことで悩んでいるように見えたけど」%K%P
「何か違うことって？」%K%P
「何か違うことって？」%K%P
「わからない。それを聞く事ができるのは、いずみさんだけだと思う」%K%P
「わからない。それを聞く事ができるのは、いずみさんだけだと思う」%K%P
「私だけ？」%K%P
「私だけ？」%K%P
「{騎士:ワルキュリア}は{歌姫:ディーバ}を守るために存在するのよ？　千影さんは深皇祭で誰のために剣を取るの？」%K%P
「{騎士:ワルキュリア}は{歌姫:ディーバ}を守るために存在するのよ？　千影さんは深皇祭で誰のために剣を取るの？」%K%P
「あ……」%K%P
「あ……」%K%P
「心の迷いは剣に表れるわ。だから、ここからはあなたが千影さんを助けてあげて」%K%P
「心の迷いは剣に表れるわ。だから、ここからはあなたが千影さんを助けてあげて」%K%P
「うん、そうだね。私が頑張らないと」%K%P
「うん、そうだね。私が頑張らないと」%K%P
「でも、深入りしすぎていずみさんの正体がバレないように注意してね」%K%P
「でも、深入りしすぎていずみさんの正体がバレないように注意してね」%K%P
「もちろん」%K%P
「もちろん」%K%P
バレて騒ぎになってしまったら、深皇祭どころではなくなってしまう。%K%P
バレて騒ぎになってしまったら、深皇祭どころではなくなってしまう。%K%P
「折角の深皇祭ですもの。悔いの残らないものにしたいから」%K%P
「折角の深皇祭ですもの。悔いの残らないものにしたいから」%K%P
「わかってる。最高の深皇祭にしよう」%K%P
「わかってる。最高の深皇祭にしよう」%K%P
「期待してるわ」%K%P
「期待してるわ」%K%P
{騎士:ワルキュリア}の迷いを消し去るのは{歌姫:ディーバ}の仕事だ。%K%P
{騎士:ワルキュリア}の迷いを消し去るのは{歌姫:ディーバ}の仕事だ。%K%P
……千影さんはどうしているかな？%K%P
……千影さんはどうしているかな？%K%P
学園につくと、僕は千影さんのもとへと足を運んだ。%K%P
学園につくと、僕は千影さんのもとへと足を運んだ。%K%P
すると、すぐに二人でいる千影さんと奏さんを見つけることができた。%K%P
すると、すぐに二人でいる千影さんと奏さんを見つけることができた。%K%P
「千影さん、奏さん、ごきげんよう」%K%P
「千影さん、奏さん、ごきげんよう」%K%P
「あら、いずみさん、ごきげんよう」%K%P
「あら、いずみさん、ごきげんよう」%K%P
「あっ……」%K%P
「あっ……」%K%P
僕を確認すると、明らかに千影さんの表情は動揺の色を見せた。%K%P
僕を確認すると、明らかに千影さんの表情は動揺の色を見せた。%K%P
「千影？」%K%P
「千影？」%K%P
千影さんの様子がおかしいことに気づいた奏さんが、千影さんに声をかける。%K%P
千影さんの様子がおかしいことに気づいた奏さんが、千影さんに声をかける。%K%P
「あ、ご、ごめんなさい。ごきげんよう、いずみさん」%K%P
「あ、ご、ごめんなさい。ごきげんよう、いずみさん」%K%P
「体調でも悪いの？」%K%P
「体調でも悪いの？」%K%P
「い、いえ、ご心配には及びません」%K%P
「い、いえ、ご心配には及びません」%K%P
「もし時間があるなら、少しお話――」%K%P
「もし時間があるなら、少しお話――」%K%P
「ごめんなさい。用事がありますので、失礼します」%K%P
「ごめんなさい。用事がありますので、失礼します」%K%P
千影さんは僕の言葉を遮って立ち去ってしまった。%K%P
千影さんは僕の言葉を遮って立ち去ってしまった。%K%P
足早に……まるで僕から逃げるようだ。%K%P
足早に……まるで僕から逃げるようだ。%K%P
その背中を呆然と見つめる。%K%P
その背中を呆然と見つめる。%K%P
明らかに僕のせいで動揺しているな……。%K%P
明らかに僕のせいで動揺しているな……。%K%P
「いずみさん、申し訳ありません。まだ千影も心の整理がついていないようで……」%K%P
「いずみさん、申し訳ありません。まだ千影も心の整理がついていないようで……」%K%P
「そ、そんな……奏さんが謝る必要ないですよ」%K%P
「そ、そんな……奏さんが謝る必要ないですよ」%K%P
「いえ、こうなった原因のひとつは私ですから」%K%P
「いえ、こうなった原因のひとつは私ですから」%K%P
「いずみさんが見ているとき、{騎士:ワルキュリア}としての千影の動きがいつもと違っていました」%K%P
「いずみさんが見ているとき、{騎士:ワルキュリア}としての千影の動きがいつもと違っていました」%K%P
「いつもと違ってた……？」%K%P
「いつもと違ってた……？」%K%P
「口で説明するのは難しいのですが……一番わかりやすく伝えるのなら、キレという言葉でしょうか？」%K%P
「口で説明するのは難しいのですが……一番わかりやすく伝えるのなら、キレという言葉でしょうか？」%K%P
「……今まで見たことありませんでした。そして何より、美しかった」%K%P
「……今まで見たことありませんでした。そして何より、美しかった」%K%P
「あ、それは私も感じました。千影さんを見て……綺麗って」%K%P
「あ、それは私も感じました。千影さんを見て……綺麗って」%K%P
「気持ちがこもっている証拠です。そして、それは今までの千影からは見られなかったもの。つまり……」%K%P
「気持ちがこもっている証拠です。そして、それは今までの千影からは見られなかったもの。つまり……」%K%P
「つまり？」%K%P
「つまり？」%K%P
「最近になり、変わるきっかけができたということです」%K%P
「最近になり、変わるきっかけができたということです」%K%P
「そのきっかけが、私と？」%K%P
「そのきっかけが、私と？」%K%P
「それ以外に考えられますか？」%K%P
「それ以外に考えられますか？」%K%P
「変化というものは突然起こるものですから」%K%P
「変化というものは突然起こるものですから」%K%P
「確かに今の話だけならその可能性も否定しきれませんね。けれど、いずみさんはさっきの千影を見ても、そう言えますか？」%K%P
「確かに今の話だけならその可能性も否定しきれませんね。けれど、いずみさんはさっきの千影を見ても、そう言えますか？」%K%P
「それは……」%K%P
「それは……」%K%P
「間違いなく、千影が変わったきっかけはいずみさんです。ただ、急な変化すぎて、千影も戸惑っている」%K%P
「間違いなく、千影が変わったきっかけはいずみさんです。ただ、急な変化すぎて、千影も戸惑っている」%K%P
「さっきもいずみさんが来るまで、そのことについて話していたんですけど、やはりどこか上の空でした」%K%P
「さっきもいずみさんが来るまで、そのことについて話していたんですけど、やはりどこか上の空でした」%K%P
「奏さんが話しても……」%K%P
「奏さんが話しても……」%K%P
「やはり、今の千影に一番の影響力を持っているのはいずみさんです」%K%P
「やはり、今の千影に一番の影響力を持っているのはいずみさんです」%K%P
「こんな私で大丈夫なのかな……」%K%P
「こんな私で大丈夫なのかな……」%K%P
「あまり自分を卑下しないでください。いずみさんが相応しいこと私は自信を持って言えますから」%K%P
「あまり自分を卑下しないでください。いずみさんが相応しいこと私は自信を持って言えますから」%K%P
千影さんとの付き合いが長い奏さんが言うんだから、それ相応の説得力はある。%K%P
千影さんとの付き合いが長い奏さんが言うんだから、それ相応の説得力はある。%K%P
できれば根拠を知りたいところなんだけど、こればかりは感覚的なものなのかな。%K%P
できれば根拠を知りたいところなんだけど、こればかりは感覚的なものなのかな。%K%P
「ただ、影響力があるかないかとか、相応しいか相応しくないかとかは、そこまで重要ではないと思います」%K%P
「ただ、影響力があるかないかとか、相応しいか相応しくないかとかは、そこまで重要ではないと思います」%K%P
「え……？」%K%P
「え……？」%K%P
「もし、いずみさんが千影に影響力を持っていなかったとして、このまま放っておきますか？」%K%P
「もし、いずみさんが千影に影響力を持っていなかったとして、このまま放っておきますか？」%K%P
「最終的には、いずみさんがしたいようにすればいいと思います」%K%P
「最終的には、いずみさんがしたいようにすればいいと思います」%K%P
奏さんの言う通りだ。%K%P
奏さんの言う通りだ。%K%P
相応しいとか相応しくないとか、そういうのは関係ない。%K%P
相応しいとか相応しくないとか、そういうのは関係ない。%K%P
僕がどうしたいかだ。%K%P
僕がどうしたいかだ。%K%P
なんだ、迷う必要なんてなかったじゃないか。%K%P
なんだ、迷う必要なんてなかったじゃないか。%K%P
「ありがとう、奏さん。私が頑張って千影さんの迷いを取り除いてみせます」%K%P
「ありがとう、奏さん。私が頑張って千影さんの迷いを取り除いてみせます」%K%P
「お願いします」%K%P
「お願いします」%K%P
「はい」%K%P
「はい」%K%P
「少し……嫉妬してしまいますね」%K%P
「少し……嫉妬してしまいますね」%K%P
「こんな短期間で千影にここまで影響を与えるんですもの」%K%P
「こんな短期間で千影にここまで影響を与えるんですもの」%K%P
「そ、それは……」%K%P
「そ、それは……」%K%P
「別に責めているわけではありませんよ。ただ、ちょっとだけ羨ましいです」%K%P
「別に責めているわけではありませんよ。ただ、ちょっとだけ羨ましいです」%K%P
過ごしている時間は僕よりも奏さんの方が多い。%K%P
過ごしている時間は僕よりも奏さんの方が多い。%K%P
でも、僕の方が千影さんに影響を与えている。%K%P
でも、僕の方が千影さんに影響を与えている。%K%P
さり気ない一言でも、その人に多大な影響を与えることがある。%K%P
さり気ない一言でも、その人に多大な影響を与えることがある。%K%P
幸いにも、僕は千影さんに『それらしい何か』を与えることができたんだろう。%K%P
幸いにも、僕は千影さんに『それらしい何か』を与えることができたんだろう。%K%P
でも、それは僕も同じこと。%K%P
でも、それは僕も同じこと。%K%P
千影さんの信念に共感し、更に知りたいと思うようになった。%K%P
千影さんの信念に共感し、更に知りたいと思うようになった。%K%P
誰かのために頑張ることの大切さ。%K%P
誰かのために頑張ることの大切さ。%K%P
そのことに改めて気づかせてくれた存在だ。%K%P
そのことに改めて気づかせてくれた存在だ。%K%P
千影さんの力になりたい。%K%P
千影さんの力になりたい。%K%P
僕はそう強く思っていた。%K%P
僕はそう強く思っていた。%K%P
放課後、歌の練習を終え時間ができたので、僕は千影さんに会いにきた。%K%P
放課後、歌の練習を終え時間ができたので、僕は千影さんに会いにきた。%K%P
修練場で練習をしていると思い足を運んでみたが、そこに千影さんの姿はなかった。%K%P
修練場で練習をしていると思い足を運んでみたが、そこに千影さんの姿はなかった。%K%P
修練場にいた人に聞いてみると、千影さんはアリアの下調べの為に森に向かったのだという……。%K%P
修練場にいた人に聞いてみると、千影さんはアリアの下調べの為に森に向かったのだという……。%K%P
僕は一礼すると、千影さんがいるであろう森へと足を向けた。%K%P
僕は一礼すると、千影さんがいるであろう森へと足を向けた。%K%P
「はっ、やぁ……！　せっ！　ふっ！」%K%P
「はっ、やぁ……！　せっ！　ふっ！」%K%P
広い森に千影さんの裂帛の声が木霊する%K%P
広い森に千影さんの裂帛の声が木霊する%K%P
千影さんはいつものように剣を振っている。%K%P
千影さんはいつものように剣を振っている。%K%P
ただ、いつものキレがないような気がした。%K%P
ただ、いつものキレがないような気がした。%K%P
素人の僕でもそんな感じがするんだ。%K%P
素人の僕でもそんな感じがするんだ。%K%P
熟練の人が見たらひどい状態なのかもしれない。%K%P
熟練の人が見たらひどい状態なのかもしれない。%K%P
迷いの与える影響は多大だ。%K%P
迷いの与える影響は多大だ。%K%P
歌でも、雑念が入ると良いものにはならない。%K%P
歌でも、雑念が入ると良いものにはならない。%K%P
コンディションを整えるのも仕事のひとつだ。%K%P
コンディションを整えるのも仕事のひとつだ。%K%P
かすり傷ひとつ負っても、それが気になり集中が乱れることなんてよくある。%K%P
かすり傷ひとつ負っても、それが気になり集中が乱れることなんてよくある。%K%P
痛みは集中を乱す要素だ。%K%P
痛みは集中を乱す要素だ。%K%P
そして痛みは身体的ものばかりでない。%K%P
そして痛みは身体的ものばかりでない。%K%P
精神状態も大きく作用する。%K%P
精神状態も大きく作用する。%K%P
誰かとケンカした後だったり、寝不足だったり、そのような不安定な精神状態で何かをしても、良い結果などうまない。%K%P
誰かとケンカした後だったり、寝不足だったり、そのような不安定な精神状態で何かをしても、良い結果などうまない。%K%P
千影さんは今度の深皇祭で、奏さんのためではなく、僕のために剣を握ることになった。%K%P
千影さんは今度の深皇祭で、奏さんのためではなく、僕のために剣を握ることになった。%K%P
そして、この状態になっているんだ。%K%P
そして、この状態になっているんだ。%K%P
つまり、僕のために剣を握ることに、迷いが生じているということ。%K%P
つまり、僕のために剣を握ることに、迷いが生じているということ。%K%P
しっかりとした信頼関係を築かなければいけない。%K%P
しっかりとした信頼関係を築かなければいけない。%K%P
そのためには、千影さんと話す必要があった。%K%P
そのためには、千影さんと話す必要があった。%K%P
「ふぅ……」%K%P
「ふぅ……」%K%P
ようやく千影さんが剣を休めた。%K%P
ようやく千影さんが剣を休めた。%K%P
そのタイミングを見計らって声をかける。%K%P
そのタイミングを見計らって声をかける。%K%P
「千影さん」%K%P
「千影さん」%K%P
「えっ？　い、いずみさん？」%K%P
「えっ？　い、いずみさん？」%K%P
「さっきからいたんだけど、気づかなかった？」%K%P
「さっきからいたんだけど、気づかなかった？」%K%P
「ごめんなさい……」%K%P
「ごめんなさい……」%K%P
「あ、気にしないで。凄く集中してたから仕方ないよ」%K%P
「あ、気にしないで。凄く集中してたから仕方ないよ」%K%P
「…………」%K%P
「…………」%K%P
千影さんは軽くうつむいてしまった。%K%P
千影さんは軽くうつむいてしまった。%K%P
それは、僕の存在に気づかなかった申し訳なさからくるものじゃなくて……。%K%P
それは、僕の存在に気づかなかった申し訳なさからくるものじゃなくて……。%K%P
「私のために剣を握るのは嫌？」%K%P
「私のために剣を握るのは嫌？」%K%P
僕は単刀直入に聞いてみた。%K%P
僕は単刀直入に聞いてみた。%K%P
「そ、そんなことないわ！」%K%P
「そ、そんなことないわ！」%K%P
千影さんは即座に否定してくれた。%K%P
千影さんは即座に否定してくれた。%K%P
「でも、千影さんは迷っている。悩みがあるからその答えを導き出すのに迷っているんだよね？　何を悩んでいるの？」%K%P
「でも、千影さんは迷っている。悩みがあるからその答えを導き出すのに迷っているんだよね？　何を悩んでいるの？」%K%P
「いきなりのことで驚くのも無理はないけど、これだけは信じてほしい。千影さんを{騎士:ワルキュリア}に指名したのは、場に流されたからとかじゃない」%K%P
「いきなりのことで驚くのも無理はないけど、これだけは信じてほしい。千影さんを{騎士:ワルキュリア}に指名したのは、場に流されたからとかじゃない」%K%P
「ちゃんとした、私の意志だから」%K%P
「ちゃんとした、私の意志だから」%K%P
「いずみさん……」%K%P
「いずみさん……」%K%P
「誰かのために頑張る千影さんの姿を見て、とても感動した。そして、その誰かが私だったらどんなに幸せか……そう思うようになって……」%K%P
「誰かのために頑張る千影さんの姿を見て、とても感動した。そして、その誰かが私だったらどんなに幸せか……そう思うようになって……」%K%P
「千影さんに守ってもらいたいって思ったんだ。あなたみたいな人に守ってもらえたら、どんなに光栄なことか」%K%P
「千影さんに守ってもらいたいって思ったんだ。あなたみたいな人に守ってもらえたら、どんなに光栄なことか」%K%P
「私が心配しているのは、私自身のこと」%K%P
「私が心配しているのは、私自身のこと」%K%P
「いずみさん自身？」%K%P
「いずみさん自身？」%K%P
「私みたいな人間が、千影さんに守ってもらう資格があるのかな……って」%K%P
「私みたいな人間が、千影さんに守ってもらう資格があるのかな……って」%K%P
「な、なにを！？　資格なら充分に持っているわ！！」%K%P
「な、なにを！？　資格なら充分に持っているわ！！」%K%P
「むしろ、資格がないのは……私の方……」%K%P
「むしろ、資格がないのは……私の方……」%K%P
「どういうこと？」%K%P
「どういうこと？」%K%P
「私は……私は……」%K%P
「私は……私は……」%K%P
「千影さん……？」%K%P
「千影さん……？」%K%P
千影さんの様子がおかしい。%K%P
千影さんの様子がおかしい。%K%P
こぶしを強く握り締め、身体が小刻みに震えだした。%K%P
こぶしを強く握り締め、身体が小刻みに震えだした。%K%P
泣くのを我慢している？　いや、そうかはわからないけど、何かを必死に堪えているような……そんな様子だった。%K%P
泣くのを我慢している？　いや、そうかはわからないけど、何かを必死に堪えているような……そんな様子だった。%K%P
「あなたのことが……き……なの」%K%P
「あなたのことが……き……なの」%K%P
もし、聞き間違いじゃないなら……。%K%P
もし、聞き間違いじゃないなら……。%K%P
今、千影さんは……。%K%P
今、千影さんは……。%K%P
僕のことが……。%K%P
僕のことが……。%K%P
「好きなの……」%K%P
「好きなの……」%K%P
もし、落雷を受けたらこれくらいの衝撃を受けるのだろうか？%K%P
もし、落雷を受けたらこれくらいの衝撃を受けるのだろうか？%K%P
全身によくわからない衝撃が走り、鼓動が一気に加速した。%K%P
全身によくわからない衝撃が走り、鼓動が一気に加速した。%K%P
千影さんの様子を見て、その好きが『ＬＩＫＥ』の好きではないことなど、容易に想像できたから……。%K%P
千影さんの様子を見て、その好きが『ＬＩＫＥ』の好きではないことなど、容易に想像できたから……。%K%P
「私は……あなたの歌に心を奪われてしまったの……」%K%P
「私は……あなたの歌に心を奪われてしまったの……」%K%P
「あなたのあの透き通った歌声……それは純粋な心を持っているからこそのもの」%K%P
「あなたのあの透き通った歌声……それは純粋な心を持っているからこそのもの」%K%P
「だから、あなたの口から出る言葉は、全て偽りのない純粋なもの。さり気ない一言でも、私の心に響くの……」%K%P
「だから、あなたの口から出る言葉は、全て偽りのない純粋なもの。さり気ない一言でも、私の心に響くの……」%K%P
いきなりの告白に、僕はとてつもない衝撃を受けた。%K%P
いきなりの告白に、僕はとてつもない衝撃を受けた。%K%P
千影さんの想いをぶつけられ、僕の中でも様々な想いが交錯している。%K%P
千影さんの想いをぶつけられ、僕の中でも様々な想いが交錯している。%K%P
でも、そんな中から自然と出てきた感情があった。%K%P
でも、そんな中から自然と出てきた感情があった。%K%P
「うれしい……」%K%P
「うれしい……」%K%P
「千影さんみたいな素敵な人に想われて……すごくうれしい……」%K%P
「千影さんみたいな素敵な人に想われて……すごくうれしい……」%K%P
純粋な想いだった。%K%P
純粋な想いだった。%K%P
ただでさえ、誰かに好かれるなんて嬉しいことだ。%K%P
ただでさえ、誰かに好かれるなんて嬉しいことだ。%K%P
それが、こんなに素敵な女性だったら、その喜びも計り知れないものになる。%K%P
それが、こんなに素敵な女性だったら、その喜びも計り知れないものになる。%K%P
「でも……でも……私は……」%K%P
「でも……でも……私は……」%K%P
千影さんの表情は晴れない。%K%P
千影さんの表情は晴れない。%K%P
僕が拒絶したわけでもなく、むしろ受け入れたのに。%K%P
僕が拒絶したわけでもなく、むしろ受け入れたのに。%K%P
あ……。%K%P
あ……。%K%P
そこで僕は気づいた。%K%P
そこで僕は気づいた。%K%P
「私が女だから……」%K%P
「私が女だから……」%K%P
僕はバカだ……。%K%P
僕はバカだ……。%K%P
千影さんは僕のことを女の子だと思っている。%K%P
千影さんは僕のことを女の子だと思っている。%K%P
僕の感情と千影さんの感情の裏側はまったく違うんだ。%K%P
僕の感情と千影さんの感情の裏側はまったく違うんだ。%K%P
それを僕は、イコールで考えてしまっていた。%K%P
それを僕は、イコールで考えてしまっていた。%K%P
なんて愚かな……。%K%P
なんて愚かな……。%K%P
ただでさえ、千影さんは良き友人を不純同性交遊で失っているんだ。%K%P
ただでさえ、千影さんは良き友人を不純同性交遊で失っているんだ。%K%P
敏感にもなる。%K%P
敏感にもなる。%K%P
でも、千影さんは同性愛を否定しているわけじゃない。%K%P
でも、千影さんは同性愛を否定しているわけじゃない。%K%P
そのことで、大切な人と離れ離れになってしまう可能性を危惧しているんだ。%K%P
そのことで、大切な人と離れ離れになってしまう可能性を危惧しているんだ。%K%P
ということは千影さんの悩みの本質は、私が女の子であることよりも……。%K%P
ということは千影さんの悩みの本質は、私が女の子であることよりも……。%K%P
「千影さんみたいな人は、色々な人から期待されているよね」%K%P
「千影さんみたいな人は、色々な人から期待されているよね」%K%P
悔しそうに唇を噛む千影さん。%K%P
悔しそうに唇を噛む千影さん。%K%P
千影さんは由緒正しき家の跡取りだ。%K%P
千影さんは由緒正しき家の跡取りだ。%K%P
家柄に見合った人と結婚し、一族を繁栄させなければならない。%K%P
家柄に見合った人と結婚し、一族を繁栄させなければならない。%K%P
また、千影さんのこのまっすぐで礼儀正しい性格……。%K%P
また、千影さんのこのまっすぐで礼儀正しい性格……。%K%P
どれだけ大切に育てられたことか……。%K%P
どれだけ大切に育てられたことか……。%K%P
それは、千影さんに対する期待の表れでもある。%K%P
それは、千影さんに対する期待の表れでもある。%K%P
だけど千影さんは、その期待を裏切ってしまうかもしれない……。%K%P
だけど千影さんは、その期待を裏切ってしまうかもしれない……。%K%P
千影さんの性格なら、自分の想いを簡単には曲げないはずだ。%K%P
千影さんの性格なら、自分の想いを簡単には曲げないはずだ。%K%P
「嫌いって……言ってほしかった……迷惑って言ってほしかった……」%K%P
「嫌いって……言ってほしかった……迷惑って言ってほしかった……」%K%P
「そうすれば……まだ諦められたかもしれないから……」%K%P
「そうすれば……まだ諦められたかもしれないから……」%K%P
千影さんの悩みの原因は『僕が女性である』ことに起因している。%K%P
千影さんの悩みの原因は『僕が女性である』ことに起因している。%K%P
だったら……。%K%P
だったら……。%K%P
「『僕』は自分の気持ちに嘘はつけないんだ」%K%P
「『僕』は自分の気持ちに嘘はつけないんだ」%K%P
これ以上、僕なんかのために悩まないでほしい。苦しまないでほしい。%K%P
これ以上、僕なんかのために悩まないでほしい。苦しまないでほしい。%K%P
仕方がないとはいえ、ずっと騙していたんだ。僕の秘密を知って、千影さんの想いが変わってしまうかもしれない。%K%P
仕方がないとはいえ、ずっと騙していたんだ。僕の秘密を知って、千影さんの想いが変わってしまうかもしれない。%K%P
最悪、深皇祭の前に、ここを去らなくてはいけなくなるかもしれない。%K%P
最悪、深皇祭の前に、ここを去らなくてはいけなくなるかもしれない。%K%P
でも、僕のせいで悲しむ愛しい人を、これ以上、見ていられなかった。%K%P
でも、僕のせいで悲しむ愛しい人を、これ以上、見ていられなかった。%K%P
「僕……？」%K%P
「僕……？」%K%P
「うん、僕の名前は塚原いずみじゃない。本当の名前は和泉司……歴とした男なんだ」%K%P
「うん、僕の名前は塚原いずみじゃない。本当の名前は和泉司……歴とした男なんだ」%K%P
「ふふ……ふふふ、いずみさんがそのような冗談を言うなんて思わなかったわ。そこまで心配してくれているのね」%K%P
「ふふ……ふふふ、いずみさんがそのような冗談を言うなんて思わなかったわ。そこまで心配してくれているのね」%K%P
「いきなりこんなこと聞かされても信じられないよね。でも、これならどうかな？」%K%P
「いきなりこんなこと聞かされても信じられないよね。でも、これならどうかな？」%K%P
「ちょ、ちょっといずみさん！？」%K%P
「ちょ、ちょっといずみさん！？」%K%P
僕は千影さんの手を取り、自らの胸に導く。%K%P
僕は千影さんの手を取り、自らの胸に導く。%K%P
「うそ……」%K%P
「うそ……」%K%P
「胸の小さい女の子じゃないんだ」%K%P
「胸の小さい女の子じゃないんだ」%K%P
「え？　ど、どうして男の方が……え？　なんで？」%K%P
「え？　ど、どうして男の方が……え？　なんで？」%K%P
千影さんは混乱しているようだ。%K%P
千影さんは混乱しているようだ。%K%P
無理もないか。%K%P
無理もないか。%K%P
普通に考えればあり得ないことだもんな。%K%P
普通に考えればあり得ないことだもんな。%K%P
僕はなぜこうなったのか経緯を説明した。%K%P
僕はなぜこうなったのか経緯を説明した。%K%P
「と、いうわけなんだ」%K%P
「と、いうわけなんだ」%K%P
「そんなことが……綾香さん、凄いわ……」%K%P
「そんなことが……綾香さん、凄いわ……」%K%P
「深皇祭にかける意気込みが伝わってきたよ」%K%P
「深皇祭にかける意気込みが伝わってきたよ」%K%P
「そうね。私も嬉しいし、綾香さんには感謝しないと」%K%P
「そうね。私も嬉しいし、綾香さんには感謝しないと」%K%P
「それと、危険を冒してまで大役を引き受けてくれたあなたにも」%K%P
「それと、危険を冒してまで大役を引き受けてくれたあなたにも」%K%P
「ありがとう。そして、騙しててごめんね」%K%P
「ありがとう。そして、騙しててごめんね」%K%P
「事情が事情だもの。仕方ないわよ」%K%P
「事情が事情だもの。仕方ないわよ」%K%P
「幻滅してない？」%K%P
「幻滅してない？」%K%P
「するわけないじゃない。ほっとしたわ」%K%P
「するわけないじゃない。ほっとしたわ」%K%P
「むしろ、女じゃなくて大丈夫？」%K%P
「むしろ、女じゃなくて大丈夫？」%K%P
「ちょっと残念」%K%P
「ちょっと残念」%K%P
「や、やっぱり？」%K%P
「や、やっぱり？」%K%P
「ふふ、冗談よ」%K%P
「ふふ、冗談よ」%K%P
久しぶりに千影さんの笑顔を見たような気がする。%K%P
久しぶりに千影さんの笑顔を見たような気がする。%K%P
「ひとつ、お願いがあるの」%K%P
「ひとつ、お願いがあるの」%K%P
「僕にできることなら何なりと」%K%P
「僕にできることなら何なりと」%K%P
「また、あなたの歌が聞きたい」%K%P
「また、あなたの歌が聞きたい」%K%P
「かしこまりました。お姫様」%K%P
「かしこまりました。お姫様」%K%P
「ふふ、姫はあなたじゃない」%K%P
「ふふ、姫はあなたじゃない」%K%P
「はは」%K%P
「はは」%K%P
僕と千影さんはしばらくその場で笑っていた。%K%P
僕と千影さんはしばらくその場で笑っていた。%K%P
あれから着替えもすまし、僕は歌をうたうための準備に取り掛かった。%K%P
あれから着替えもすまし、僕は歌をうたうための準備に取り掛かった。%K%P
そして、それも終わり、千影さんの願いを叶える。%K%P
そして、それも終わり、千影さんの願いを叶える。%K%P
僕は歌った。%K%P
僕は歌った。%K%P
千影さんのために……歌を。%K%P
千影さんのために……歌を。%K%P
ここに来た時、全学生の前で歌った曲をもう一度……。%K%P
ここに来た時、全学生の前で歌った曲をもう一度……。%K%P
この歌は、千影さんが初めて聞いた僕の歌だから。%K%P
この歌は、千影さんが初めて聞いた僕の歌だから。%K%P
でも……きっと……あの時よりも心に響いているはずだ。%K%P
でも……きっと……あの時よりも心に響いているはずだ。%K%P
こめている想いが違う。%K%P
こめている想いが違う。%K%P
全学生に認めてもらうために歌うときよりも、ひとりの女性のために歌うときの方が良いものになるなんて。%K%P
全学生に認めてもらうために歌うときよりも、ひとりの女性のために歌うときの方が良いものになるなんて。%K%P
歌で大事なこと。%K%P
歌で大事なこと。%K%P
それは幅広い音域を出せるとか、音程をはずさないということよりも、どれだけ想いをこめられるかだと思う。%K%P
それは幅広い音域を出せるとか、音程をはずさないということよりも、どれだけ想いをこめられるかだと思う。%K%P
技術なんて後からいくらでも身につけられるんだ。%K%P
技術なんて後からいくらでも身につけられるんだ。%K%P
僕は、歌で色々な人を幸せにしたいと思っていた。%K%P
僕は、歌で色々な人を幸せにしたいと思っていた。%K%P
でも、今は……。%K%P
でも、今は……。%K%P
たったひとりの女性を幸せにできれば良いと思っていた。%K%P
たったひとりの女性を幸せにできれば良いと思っていた。%K%P
歌い終え、ゆっくりと息を吐いた。%K%P
歌い終え、ゆっくりと息を吐いた。%K%P
かつてない程の達成感に満ち溢れている。%K%P
かつてない程の達成感に満ち溢れている。%K%P
「感動で言葉が出ないとは、まさにこのことね。素晴らしい歌だったわ。私のつたない語彙力では、この素晴らしさを伝えきることができない」%K%P
「感動で言葉が出ないとは、まさにこのことね。素晴らしい歌だったわ。私のつたない語彙力では、この素晴らしさを伝えきることができない」%K%P
「大げさだな」%K%P
「大げさだな」%K%P
「そんなことないわ。本当に素晴らしかった」%K%P
「そんなことないわ。本当に素晴らしかった」%K%P
「喜んでもらえて何よりだよ」%K%P
「喜んでもらえて何よりだよ」%K%P
「もう、大丈夫」%K%P
「もう、大丈夫」%K%P
「迷いはない？」%K%P
「迷いはない？」%K%P
「えぇ、私はあなたのために剣を握る。{騎士:ワルキュリア}として{歌姫:ディーバ}であるあなたを何があっても守り抜くわ」%K%P
「えぇ、私はあなたのために剣を握る。{騎士:ワルキュリア}として{歌姫:ディーバ}であるあなたを何があっても守り抜くわ」%K%P
「ありがとう」%K%P
「ありがとう」%K%P
僕は自然と千影さんの両手を取っていた。%K%P
僕は自然と千影さんの両手を取っていた。%K%P
すると、千影さんの顔が赤くなる。%K%P
すると、千影さんの顔が赤くなる。%K%P
「あ、ご、ごめん……」%K%P
「あ、ご、ごめん……」%K%P
千影さんにとって、僕はもう塚原いずみじゃないんだ。和泉司……。%K%P
千影さんにとって、僕はもう塚原いずみじゃないんだ。和泉司……。%K%P
こんな風に手を取ってしまったら……。%K%P
こんな風に手を取ってしまったら……。%K%P
「な、なにかな？」%K%P
「な、なにかな？」%K%P
「あなたが女の子だと思っていたから、ずっと我慢していたんだけど……もう我慢する必要はないのよね」%K%P
「あなたが女の子だと思っていたから、ずっと我慢していたんだけど……もう我慢する必要はないのよね」%K%P
「どういう――」%K%P
「どういう――」%K%P
「んっ……」%K%P
「んっ……」%K%P
次の瞬間、僕の唇はいきなり千影さんによって塞がれてしまった。%K%P
次の瞬間、僕の唇はいきなり千影さんによって塞がれてしまった。%K%P
突然のことに驚いたけど、僕は千影さんを受け入れる。%K%P
突然のことに驚いたけど、僕は千影さんを受け入れる。%K%P
僕だってこうしたかったんだから……。%K%P
僕だってこうしたかったんだから……。%K%P
