人気のない廊下を歩き、通い慣れた場所にたどり着く。%K%P
人気のない廊下を歩き、通い慣れた場所にたどり着く。%K%P
静かで落ち着ける場所というところで、僕らが選んだのは、音楽室だった。%K%P
静かで落ち着ける場所というところで、僕らが選んだのは、音楽室だった。%K%P
「ここでいいのかな？　鍵貸して…………ん、開いた」%K%P
「ここでいいのかな？　鍵貸して…………ん、開いた」%K%P
「音楽室に来てしまったけど……保健室に行かなくても大丈夫？」%K%P
「音楽室に来てしまったけど……保健室に行かなくても大丈夫？」%K%P
「うん、平気。多分疲れと、冷えだと思う。音楽室ってさ、学園でも特に馴染みのある場所だから、落ち着くし」%K%P
「うん、平気。多分疲れと、冷えだと思う。音楽室ってさ、学園でも特に馴染みのある場所だから、落ち着くし」%K%P
「ここの所の緊張が解けて、気が抜けちゃったっていうか……」%K%P
「ここの所の緊張が解けて、気が抜けちゃったっていうか……」%K%P
「折角勝てたのに、私が水を差したみたいになっちゃって……みんなには悪いこと、しちゃった」%K%P
「折角勝てたのに、私が水を差したみたいになっちゃって……みんなには悪いこと、しちゃった」%K%P
「体のことだから、しょうがない。私達{騎士:ワルキュリア}と違って、いずみさんはあまり動かないでいたから、冷え切ってしまったんだね」%K%P
「体のことだから、しょうがない。私達{騎士:ワルキュリア}と違って、いずみさんはあまり動かないでいたから、冷え切ってしまったんだね」%K%P
「彼女達も気にして無いと思うから。あまり悔やまないで」%K%P
「彼女達も気にして無いと思うから。あまり悔やまないで」%K%P
「うん……」%K%P
「うん……」%K%P
言葉が途切れる。%K%P
言葉が途切れる。%K%P
アリアの興奮が冷めないのか、遠くから学生達のざわめきが聞こえてくる。%K%P
アリアの興奮が冷めないのか、遠くから学生達のざわめきが聞こえてくる。%K%P
「その……一つ聞かせて欲しい……いいかな？」%K%P
「その……一つ聞かせて欲しい……いいかな？」%K%P
「うん……いいよ。なんでも聞いて。私も話したいから」%K%P
「うん……いいよ。なんでも聞いて。私も話したいから」%K%P
目と目が合う。%K%P
目と目が合う。%K%P
僕が大好きだった、その真っ直ぐな視線。%K%P
僕が大好きだった、その真っ直ぐな視線。%K%P
けれど……今は息苦しさを覚える。%K%P
けれど……今は息苦しさを覚える。%K%P
「私の知っている塚原いずみは、外国からやって来た歌の上手い人物で、共にアリアを戦い抜いた{歌姫:ディーバ}で」%K%P
「私の知っている塚原いずみは、外国からやって来た歌の上手い人物で、共にアリアを戦い抜いた{歌姫:ディーバ}で」%K%P
「いきなり大任に抜擢されても、くじけることなく、正面から立ち向かう勇気がある」%K%P
「いきなり大任に抜擢されても、くじけることなく、正面から立ち向かう勇気がある」%K%P
「自分の事よりも人の事を考えるような……お節介焼きな、優しい女の子」%K%P
「自分の事よりも人の事を考えるような……お節介焼きな、優しい女の子」%K%P
「そして……私の親友」%K%P
「そして……私の親友」%K%P
「…………」%K%P
「…………」%K%P
「私の知っている司は、留学から一時帰国している人物で、常識に囚われない思考の持ち主で」%K%P
「私の知っている司は、留学から一時帰国している人物で、常識に囚われない思考の持ち主で」%K%P
「今時の女の子らしくない私の事を受け入れてくれて、年下なのに頼りがいがある」%K%P
「今時の女の子らしくない私の事を受け入れてくれて、年下なのに頼りがいがある」%K%P
「自分の事よりも人の事を考えるような……お節介焼きな、優しい男の子」%K%P
「自分の事よりも人の事を考えるような……お節介焼きな、優しい男の子」%K%P
「そして……私の恋人」%K%P
「そして……私の恋人」%K%P
柔らかな、桜色の唇が動きを止める。%K%P
柔らかな、桜色の唇が動きを止める。%K%P
判決を待つ罪人のように、僕は息を飲んだ。%K%P
判決を待つ罪人のように、僕は息を飲んだ。%K%P
「これが私の知っている全て」%K%P
「これが私の知っている全て」%K%P
「ねえ、教えて……あなたは、一体、誰？」%K%P
「ねえ、教えて……あなたは、一体、誰？」%K%P
控えめな、落ちついた声音なのに、激しく脳内に響渡る。%K%P
控えめな、落ちついた声音なのに、激しく脳内に響渡る。%K%P
「……僕は…………和泉司……」%K%P
「……僕は…………和泉司……」%K%P
「女装をして{歌姫:ディーバ}を演じて、君の親友になって」%K%P
「女装をして{歌姫:ディーバ}を演じて、君の親友になって」%K%P
「男の格好で楓と恋をして、君の恋人になった」%K%P
「男の格好で楓と恋をして、君の恋人になった」%K%P
「いまから、全て話すから。聞いて欲しい」%K%P
「いまから、全て話すから。聞いて欲しい」%K%P
この学園に来ることになった理由や、{歌姫:ディーバ}になった経緯を打ち明ける。%K%P
この学園に来ることになった理由や、{歌姫:ディーバ}になった経緯を打ち明ける。%K%P
帰国したら家が改築中で、途方にくれてしまった事や、生活費を稼ぐために公園で歌った事から始まり、法子さんや綾香さんとの出会いを話す。%K%P
帰国したら家が改築中で、途方にくれてしまった事や、生活費を稼ぐために公園で歌った事から始まり、法子さんや綾香さんとの出会いを話す。%K%P
時折質問をする楓、僕は出来るだけ正確に答えていく。%K%P
時折質問をする楓、僕は出来るだけ正確に答えていく。%K%P
飾ることはしない。嫌われてしまっても仕方ない――これ以上、嘘はつきたくなかった。%K%P
飾ることはしない。嫌われてしまっても仕方ない――これ以上、嘘はつきたくなかった。%K%P
「……以上が今回の顛末だよ。多分、すべて話したと思う」%K%P
「……以上が今回の顛末だよ。多分、すべて話したと思う」%K%P
「…………ありがとう。体調が優れないのに、悪かったね」%K%P
「…………ありがとう。体調が優れないのに、悪かったね」%K%P
いつも以上にそっけない口調……やっぱり怒っているよね。%K%P
いつも以上にそっけない口調……やっぱり怒っているよね。%K%P
「正直、今でも信じられない……まさか、いずみさんが、司だったなんて」%K%P
「正直、今でも信じられない……まさか、いずみさんが、司だったなんて」%K%P
「ごめん。君には伝えたかったんだけど、その、もしバレてしまったら、アリアが開けなくなるし、法子さんや綾香さんにも迷惑がかかっちゃうし」%K%P
「ごめん。君には伝えたかったんだけど、その、もしバレてしまったら、アリアが開けなくなるし、法子さんや綾香さんにも迷惑がかかっちゃうし」%K%P
「君のことは信じてるけど、出来るだけ知っている人は少ない方がいいし……」%K%P
「君のことは信じてるけど、出来るだけ知っている人は少ない方がいいし……」%K%P
「ふぅん……私よりアリアを取ったんだ？　恋人より、学園の方が大事なんだ？」%K%P
「ふぅん……私よりアリアを取ったんだ？　恋人より、学園の方が大事なんだ？」%K%P
「うぐっ！　そ、そういうわけじゃ……わ、分って欲しい……なんて言えないよね……」%K%P
「うぐっ！　そ、そういうわけじゃ……わ、分って欲しい……なんて言えないよね……」%K%P
キスをして、結ばれて……そんな人に対して、僕は、取り返しのつかないことを。%K%P
キスをして、結ばれて……そんな人に対して、僕は、取り返しのつかないことを。%K%P
「ふふ、泣きそうな顔して。ごめん、言いすぎた。一度言ってみたかったんだ、こんな台詞」%K%P
「ふふ、泣きそうな顔して。ごめん、言いすぎた。一度言ってみたかったんだ、こんな台詞」%K%P
「感情を抜きにすれば……あなたの取った行動は、間違っていないと思うし」%K%P
「感情を抜きにすれば……あなたの取った行動は、間違っていないと思うし」%K%P
「えっ、その、いいの……かな？」%K%P
「えっ、その、いいの……かな？」%K%P
「よくはないよ。これでも怒ってるんだから。いまから道場に連れて行って、朝まで稽古をつけてあげたいくらい。それも鎧無しで」%K%P
「よくはないよ。これでも怒ってるんだから。いまから道場に連れて行って、朝まで稽古をつけてあげたいくらい。それも鎧無しで」%K%P
……今の楓に直に打ち据えられたら……想像するだけで背筋が凍る。%K%P
……今の楓に直に打ち据えられたら……想像するだけで背筋が凍る。%K%P
「でもね、怒ってはいるけど、事情は理解したから。私だって綾香さんや学園長の立場になれば、同じような事を考えたかもしれない」%K%P
「でもね、怒ってはいるけど、事情は理解したから。私だって綾香さんや学園長の立場になれば、同じような事を考えたかもしれない」%K%P
「今回{騎士:ワルキュリア}に選ばれなかった学生達が、どれだけ切ない思いをしているか。怪我で出場出来なかった美琴さんがどれだけ悔しかったか……知ってるでしょ」%K%P
「今回{騎士:ワルキュリア}に選ばれなかった学生達が、どれだけ切ない思いをしているか。怪我で出場出来なかった美琴さんがどれだけ悔しかったか……知ってるでしょ」%K%P
「それぐらいこの学園にとってはアリアは特別なものなんだ」%K%P
「それぐらいこの学園にとってはアリアは特別なものなんだ」%K%P
そうだよね、学園にきて僅かな僕だって、深皇祭には思い入れがある。%K%P
そうだよね、学園にきて僅かな僕だって、深皇祭には思い入れがある。%K%P
ましてや、元からいる学生達にとっては……言うまでもないだろう。%K%P
ましてや、元からいる学生達にとっては……言うまでもないだろう。%K%P
「楓……さん」%K%P
「楓……さん」%K%P
「……ん、なんていうか、その呼ばれ方には抵抗があるかな……あ、けど、『いずみ』さんなら、いいのか」%K%P
「……ん、なんていうか、その呼ばれ方には抵抗があるかな……あ、けど、『いずみ』さんなら、いいのか」%K%P
「それに……『司』？　違う、『いずみ』さんか？」%K%P
「それに……『司』？　違う、『いずみ』さんか？」%K%P
「あは、混乱しちゃうよね？　えっとそれじゃ今は『司』で」%K%P
「あは、混乱しちゃうよね？　えっとそれじゃ今は『司』で」%K%P
「ふふ、分った。私も『楓』でいいから……それにしても、公園の事といい、{歌姫:ディーバ}の事といい……司には驚かされっぱなしだね」%K%P
「ふふ、分った。私も『楓』でいいから……それにしても、公園の事といい、{歌姫:ディーバ}の事といい……司には驚かされっぱなしだね」%K%P
「まさか、恋人が親友だったなんて……思いも寄らなかったよ？」%K%P
「まさか、恋人が親友だったなんて……思いも寄らなかったよ？」%K%P
「ごめんね。もう、本当に隠し事は無いから」%K%P
「ごめんね。もう、本当に隠し事は無いから」%K%P
「当たり前。これからは、全部話して。私も……全てをあなたに見せるから」%K%P
「当たり前。これからは、全部話して。私も……全てをあなたに見せるから」%K%P
「うん…………んぅ……」%K%P
「うん…………んぅ……」%K%P
「んちゅ……ちゅ……んぅ……体……大丈夫？」%K%P
「んちゅ……ちゅ……んぅ……体……大丈夫？」%K%P
「んぅ……ちゅ……うん……でも、温めてもらったら、もっといいかも……んんちゅ」%K%P
「んぅ……ちゅ……うん……でも、温めてもらったら、もっといいかも……んんちゅ」%K%P
「んぅ……ふふ、甘えてる……それじゃ……二人で……あったまろ……んんちゅ」%K%P
「んぅ……ふふ、甘えてる……それじゃ……二人で……あったまろ……んんちゅ」%K%P
