「……司、試したい事があるんだけど……け、稽古というか、勉強してきたんだ……いい？」%K%P
「……司、試したい事があるんだけど……け、稽古というか、勉強してきたんだ……いい？」%K%P
「試したいこと？　その、エッチのことかな……た、体位とか？」%K%P
「試したいこと？　その、エッチのことかな……た、体位とか？」%K%P
「た、体位だなんて……生々しすぎるよ…………そ、そうだけど」%K%P
「た、体位だなんて……生々しすぎるよ…………そ、そうだけど」%K%P
楓が、その、エッチの勉強をしてきただなんて……想像しただけで、下半身に熱が集まる。%K%P
楓が、その、エッチの勉強をしてきただなんて……想像しただけで、下半身に熱が集まる。%K%P
「んぅっ、司のが、びくってなった！　えっと、いいって事にするけど……それじゃ…………んぅ」%K%P
「んぅっ、司のが、びくってなった！　えっと、いいって事にするけど……それじゃ…………んぅ」%K%P
「か、楓、こ、これ……んぅうっ」%K%P
「か、楓、こ、これ……んぅうっ」%K%P
「あ、あたって、る……んきゅぅん！」%K%P
「あ、あたって、る……んきゅぅん！」%K%P
楓が僕の上に乗り、足を抱え上げる。%K%P
楓が僕の上に乗り、足を抱え上げる。%K%P
大事な部分が触れ合って……なんていう光景だ。%K%P
大事な部分が触れ合って……なんていう光景だ。%K%P
「やぁあううっ、司の……んぅ、触れてる……はぁはぁ……」%K%P
「やぁあううっ、司の……んぅ、触れてる……はぁはぁ……」%K%P
「か、楓、これ、刺激が、強すぎるよ……んぅ……」%K%P
「か、楓、これ、刺激が、強すぎるよ……んぅ……」%K%P
「はぁはぁ、そ、そうだね……お、男の子と女の子の部分を触れ合わせるんだから……当たり前、かも……」%K%P
「はぁはぁ、そ、そうだね……お、男の子と女の子の部分を触れ合わせるんだから……当たり前、かも……」%K%P
既に硬くなっている僕の物が楓の皮膚に触れている。%K%P
既に硬くなっている僕の物が楓の皮膚に触れている。%K%P
汗でしっとりと濡れた肌に吸い付く。%K%P
汗でしっとりと濡れた肌に吸い付く。%K%P
「んぅ……くぅ、おかしいな……はぁはぁ……もらった本には、初心者向けって書いてあったのに……あぅ」%K%P
「んぅ……くぅ、おかしいな……はぁはぁ……もらった本には、初心者向けって書いてあったのに……あぅ」%K%P
「もらった、本？　ん、……それって、誰に？」%K%P
「もらった、本？　ん、……それって、誰に？」%K%P
脳裏にとある人物の顔が浮かぶ……多分当ってるだろう。%K%P
脳裏にとある人物の顔が浮かぶ……多分当ってるだろう。%K%P
「……んくぅ………け、佳………にゅ、入門書だと言って、はぁはぁ……渡してくれたんだ……難易度星一つと書いた、付せんが貼ってあった……あぅ」%K%P
「……んくぅ………け、佳………にゅ、入門書だと言って、はぁはぁ……渡してくれたんだ……難易度星一つと書いた、付せんが貼ってあった……あぅ」%K%P
「くぅう、星一つで、これか……はぁはぁ、剣の道にも劣らぬ……奥の深さだ」%K%P
「くぅう、星一つで、これか……はぁはぁ、剣の道にも劣らぬ……奥の深さだ」%K%P
奥は深いのかも知れないけど……多分、佳様の冗談だと思う。%K%P
奥は深いのかも知れないけど……多分、佳様の冗談だと思う。%K%P
もう、可愛さからなんだろうけど、すぐ佳様は楓をいじるんだから……%K%P
もう、可愛さからなんだろうけど、すぐ佳様は楓をいじるんだから……%K%P
楓の腰が動いている。僕の内ももが、彼女のしっとりとした部分とふれあい、水音を立てている。%K%P
楓の腰が動いている。僕の内ももが、彼女のしっとりとした部分とふれあい、水音を立てている。%K%P
「も、もう……こんなに、なってる……んぅう、司、はぁはぁ……」%K%P
「も、もう……こんなに、なってる……んぅう、司、はぁはぁ……」%K%P
「んぅ、勝手に、動いて……だめ、とまら、ないっ」%K%P
「んぅ、勝手に、動いて……だめ、とまら、ないっ」%K%P
僕の物に押しつけるように、楓が身じろぎしている。%K%P
僕の物に押しつけるように、楓が身じろぎしている。%K%P
割れ目から溢れた、楓の液が、僕の体を、僕のモノを濡らす。%K%P
割れ目から溢れた、楓の液が、僕の体を、僕のモノを濡らす。%K%P
「こうやって……はぁはぁ、あ、あそこで、足を擦るように……うう！」%K%P
「こうやって……はぁはぁ、あ、あそこで、足を擦るように……うう！」%K%P
「んぅ！　そ、それ、凄いっ。楓の、ネトネトのが、吸い付いてるっ」%K%P
「んぅ！　そ、それ、凄いっ。楓の、ネトネトのが、吸い付いてるっ」%K%P
「ば、ばかぁ！　ね、ネトネトのなんて……い、言わないで……んぅううう」%K%P
「ば、ばかぁ！　ね、ネトネトのなんて……い、言わないで……んぅううう」%K%P
こんこんと溢れてくる、楓の汁が、太ももにこびり付く。%K%P
こんこんと溢れてくる、楓の汁が、太ももにこびり付く。%K%P
楓の濃密な甘い香りに染められていく。%K%P
楓の濃密な甘い香りに染められていく。%K%P
「ひぅう、んくぅうう……わ、私のが……くにゅくにゅってなって……んぅ、めくれちゃうよぉ」%K%P
「ひぅう、んくぅうう……わ、私のが……くにゅくにゅってなって……んぅ、めくれちゃうよぉ」%K%P
「これ、すごく……いい……よぉ。はぁはぁ……どんどん、出て、来ちゃう……司、シーツ、汚して、ごめんね」%K%P
「これ、すごく……いい……よぉ。はぁはぁ……どんどん、出て、来ちゃう……司、シーツ、汚して、ごめんね」%K%P
「はぁはぁ、気にしないで……後で洗うから……んくぅ」%K%P
「はぁはぁ、気にしないで……後で洗うから……んくぅ」%K%P
「だ、だったら、私がする…………どうやら、一つ、のぞみが叶いそう……んふ、うれしい、な」%K%P
「だ、だったら、私がする…………どうやら、一つ、のぞみが叶いそう……んふ、うれしい、な」%K%P
桜色に染まった顔に、笑みが浮かぶ。%K%P
桜色に染まった顔に、笑みが浮かぶ。%K%P
妖艶さと、無邪気さが混じったソレは、堪らなく魅力的だった。%K%P
妖艶さと、無邪気さが混じったソレは、堪らなく魅力的だった。%K%P
「あぅん！　司のぉ、大きくなって……つ、突いてるぅ」%K%P
「あぅん！　司のぉ、大きくなって……つ、突いてるぅ」%K%P
「んぅう、きゃあぅん！　わ、私の、えっちなところに……んぅうう、入っちゃうよぉ」%K%P
「んぅう、きゃあぅん！　わ、私の、えっちなところに……んぅうう、入っちゃうよぉ」%K%P
ゴツゴツと楓の大事な部分に先端が触れる。%K%P
ゴツゴツと楓の大事な部分に先端が触れる。%K%P
「んぅ、んんあぁん、あぁああんっ、は、入っちゃう……司の、が、入っちゃう」%K%P
「んぅ、んんあぁん、あぁああんっ、は、入っちゃう……司の、が、入っちゃう」%K%P
「か、楓っ、そんなっ……んぅ、あ、熱っ！」%K%P
「か、楓っ、そんなっ……んぅ、あ、熱っ！」%K%P
「んぅう、んぅうううん…………きゃぁんんん！！」%K%P
「んぅう、んぅうううん…………きゃぁんんん！！」%K%P
「きゅぅううん！」%K%P
「きゅぅううん！」%K%P
「くぅっ！　そ、そんなっ」%K%P
「くぅっ！　そ、そんなっ」%K%P
割れ目に触れた僕のモノは、吸い込まれるように、楓の中に入る。%K%P
割れ目に触れた僕のモノは、吸い込まれるように、楓の中に入る。%K%P
濁った水音を立てて、僕らは繋がった。%K%P
濁った水音を立てて、僕らは繋がった。%K%P
「は、入っちゃったようぅっ！　んっううん」%K%P
「は、入っちゃったようぅっ！　んっううん」%K%P
「はぁはぁはぁ……んぅう、熱くて、んぅ、ひりひり、するっ」%K%P
「はぁはぁはぁ……んぅう、熱くて、んぅ、ひりひり、するっ」%K%P
「つ、司、ごめん、はぁはぁ……私だけ……よくなってる？」%K%P
「つ、司、ごめん、はぁはぁ……私だけ……よくなってる？」%K%P
「はぁはぁ……う、ううん……僕もいい、よ……けどちょっと、んぅ、おどろいた、かな」%K%P
「はぁはぁ……う、ううん……僕もいい、よ……けどちょっと、んぅ、おどろいた、かな」%K%P
見上げる視線の先。%K%P
見上げる視線の先。%K%P
髪を解いた楓に、色を感じる。%K%P
髪を解いた楓に、色を感じる。%K%P
「お、驚いた？　んぅ……それは……私の……そ、その、乱れた姿に？」%K%P
「お、驚いた？　んぅ……それは……私の……そ、その、乱れた姿に？」%K%P
「あは、それもあるかもだけど…………髪形に」%K%P
「あは、それもあるかもだけど…………髪形に」%K%P
「んぅ……や、やっぱり、幼く、見える？」%K%P
「んぅ……や、やっぱり、幼く、見える？」%K%P
上気した顔に恥じらいを見せる楓。%K%P
上気した顔に恥じらいを見せる楓。%K%P
大人びた髪型と、少女らしい表情のギャップに興奮する。%K%P
大人びた髪型と、少女らしい表情のギャップに興奮する。%K%P
「きゃぅ！　つ、突かないでっ……んくぅ……」%K%P
「きゃぅ！　つ、突かないでっ……んくぅ……」%K%P
「ごめっ……幼くなんて、無いよ……凄く……なんていうか、魅力的だ。興奮する」%K%P
「ごめっ……幼くなんて、無いよ……凄く……なんていうか、魅力的だ。興奮する」%K%P
「やだ…………褒めないで……んぅ、見つめてる……やだぁ、よくなっちゃう、から……きゃぅん！」%K%P
「やだ…………褒めないで……んぅ、見つめてる……やだぁ、よくなっちゃう、から……きゃぅん！」%K%P
鼻に掛かった声で、楓が喘ぐ。%K%P
鼻に掛かった声で、楓が喘ぐ。%K%P
毎回違う顔を見せる彼女。僕はその度にときめく。%K%P
毎回違う顔を見せる彼女。僕はその度にときめく。%K%P
「んぅ、んぅう、んぅうん……は、恥ずかしいよぅ……けど……と、とめられ、ないよぅ」%K%P
「んぅ、んぅう、んぅうん……は、恥ずかしいよぅ……けど……と、とめられ、ないよぅ」%K%P
「つ、司のせいだから……んくぅう、あ、あなたといると、私の……秘密が、どんどん、暴かれる……んぅ」%K%P
「つ、司のせいだから……んくぅう、あ、あなたといると、私の……秘密が、どんどん、暴かれる……んぅ」%K%P
「はぁはぁ……楓の、秘密……見せてよ……僕、もっと、見たいよ、んん！」%K%P
「はぁはぁ……楓の、秘密……見せてよ……僕、もっと、見たいよ、んん！」%K%P
腰を浮かし、楓を突く。%K%P
腰を浮かし、楓を突く。%K%P
先端が、ツブツブの突起に触れ快感が走る。僕のモノが震える――もう、イってしまいそうだ。%K%P
先端が、ツブツブの突起に触れ快感が走る。僕のモノが震える――もう、イってしまいそうだ。%K%P
「きゃうん！　下から……めぇっ！　つか、さっ。そんなこと、されたら……きゃぅ！」%K%P
「きゃうん！　下から……めぇっ！　つか、さっ。そんなこと、されたら……きゃぅ！」%K%P
「わ、私が、するのにっ！　わ、私が気持ち良く、させて……あげたい、のにっ」%K%P
「わ、私が、するのにっ！　わ、私が気持ち良く、させて……あげたい、のにっ」%K%P
僕の足を抱え込む楓。二人の体液が、純白の制服に染みこんでいく。%K%P
僕の足を抱え込む楓。二人の体液が、純白の制服に染みこんでいく。%K%P
「んぅう、くぅう、んくぅうん！　つ、司の匂いが……服に、染みちゃうっ……」%K%P
「んぅう、くぅう、んくぅうん！　つ、司の匂いが……服に、染みちゃうっ……」%K%P
「やぅうん、うれしいよぉ、司を、覚えて、られるよぉっ」%K%P
「やぅうん、うれしいよぉ、司を、覚えて、られるよぉっ」%K%P
長い髪が、僕の体にまとわりつく。%K%P
長い髪が、僕の体にまとわりつく。%K%P
まるで彼女の指先のように体を這い、快楽のツボを刺激する。%K%P
まるで彼女の指先のように体を這い、快楽のツボを刺激する。%K%P
熱い液が、体の奥底から沸き上がり、僕のモノへと……%K%P
熱い液が、体の奥底から沸き上がり、僕のモノへと……%K%P
「んぅうう、く、くちゅくちゅして、あ、あそこが、熱くてっ」%K%P
「んぅうう、く、くちゅくちゅして、あ、あそこが、熱くてっ」%K%P
「んぅ、くぅ……そ、そんなにされたらっ、か、楓っ」%K%P
「んぅ、くぅ……そ、そんなにされたらっ、か、楓っ」%K%P
「つ、司、ご、ごめんっ、わ、私、もう、だめえぇえええ～～～～～～っ」%K%P
「つ、司、ご、ごめんっ、わ、私、もう、だめえぇえええ～～～～～～っ」%K%P
「んっくぅううううううう～～～～～～～ん」%K%P
「んっくぅううううううう～～～～～～～ん」%K%P
楓の腕が、足が、そして……女の子の部分が、僕を締め付ける。%K%P
楓の腕が、足が、そして……女の子の部分が、僕を締め付ける。%K%P
「きゅぅううんっ！　司から、司から、いっぱい、出てるよぉっ」%K%P
「きゅぅううんっ！　司から、司から、いっぱい、出てるよぉっ」%K%P
「くぅうう、中、いっぱいになる……はぁはぁはぁ……んぁぅ」%K%P
「くぅうう、中、いっぱいになる……はぁはぁはぁ……んぁぅ」%K%P
楓の火のような吐息が、太ももを這う。%K%P
楓の火のような吐息が、太ももを這う。%K%P
また大きくなってしまいそうだ。%K%P
また大きくなってしまいそうだ。%K%P
「んぅううう……んあっ……はぁはぁはぁ……ほ、星一つ、クリア……だね」%K%P
「んぅううう……んあっ……はぁはぁはぁ……ほ、星一つ、クリア……だね」%K%P
「はぁはぁ……ん……偉いよ、楓……」%K%P
「はぁはぁ……ん……偉いよ、楓……」%K%P
「ふふ、そうでしょ？　んぅ……司、抜くね？　……んくぅううっ」%K%P
「ふふ、そうでしょ？　んぅ……司、抜くね？　……んくぅううっ」%K%P
楓が身じろぎをする。甘い叫び声と共に、僕のモノを引き抜いた。%K%P
楓が身じろぎをする。甘い叫び声と共に、僕のモノを引き抜いた。%K%P
「きゃぅううん！」%K%P
「きゃぅううん！」%K%P
「んくっ！」%K%P
「んくっ！」%K%P
楓の女の子の部分から、二人の営みの証しがこぼれ落ちる。%K%P
楓の女の子の部分から、二人の営みの証しがこぼれ落ちる。%K%P
それは糸を引いて、僕の体に滴り落ちた。%K%P
それは糸を引いて、僕の体に滴り落ちた。%K%P
「つぅっ……まだ、出てきちゃう……はぁはぁ……汚して、ごめんね」%K%P
「つぅっ……まだ、出てきちゃう……はぁはぁ……汚して、ごめんね」%K%P
「はぁはぁ、大丈夫……いまさら、これ位ね。僕ら、ドロドロだもの」%K%P
「はぁはぁ、大丈夫……いまさら、これ位ね。僕ら、ドロドロだもの」%K%P
「ん、そうかも。はぁはぁ、司の、大きいままだ……」%K%P
「ん、そうかも。はぁはぁ、司の、大きいままだ……」%K%P
楓の視線が、僕のモノに注がれている。%K%P
楓の視線が、僕のモノに注がれている。%K%P
乱れた髪、甘い匂い、濡れた肌……もっと楓が欲しい。%K%P
乱れた髪、甘い匂い、濡れた肌……もっと楓が欲しい。%K%P
「楓……続き、してくれる？」%K%P
「楓……続き、してくれる？」%K%P
「うん。司の……もっと気持ち良くするから」%K%P
「うん。司の……もっと気持ち良くするから」%K%P
「か、楓、これも……本から？」%K%P
「か、楓、これも……本から？」%K%P
「あ、うん。オススメで、星二つらしい。一つ一つ難関をクリアしていくのは、技を習得するみたいで、やりがいがある」%K%P
「あ、うん。オススメで、星二つらしい。一つ一つ難関をクリアしていくのは、技を習得するみたいで、やりがいがある」%K%P
どうやら、楓の向上心に火がついたらしい。うーん、嬉しいやら、恥ずかしいやら……少し複雑。%K%P
どうやら、楓の向上心に火がついたらしい。うーん、嬉しいやら、恥ずかしいやら……少し複雑。%K%P
「わ、私は、男女の営みとかには、全然詳しくないし、その、え、えっちな資料などは目にしたことがないし」%K%P
「わ、私は、男女の営みとかには、全然詳しくないし、その、え、えっちな資料などは目にしたことがないし」%K%P
「佳は、ふざけたところはあるけど……本物を見抜く目もあるし……んぅ……彼女が選んだ本なら、間違いないと思う」%K%P
「佳は、ふざけたところはあるけど……本物を見抜く目もあるし……んぅ……彼女が選んだ本なら、間違いないと思う」%K%P
……佳様の審美眼には確かな物はあると思う。ツカーサちゃんの服は超一流品だったし。%K%P
……佳様の審美眼には確かな物はあると思う。ツカーサちゃんの服は超一流品だったし。%K%P
けど……多分これは、シャレの部類じゃないだろうか……%K%P
けど……多分これは、シャレの部類じゃないだろうか……%K%P
「ま、まあいいけど……でも……あらためてみると……凄いね、これ……」%K%P
「ま、まあいいけど……でも……あらためてみると……凄いね、これ……」%K%P
「う、うん……ま、まさか……む、胸で挟む、なんて……想像もつかなかった……んくぅ」%K%P
「う、うん……ま、まさか……む、胸で挟む、なんて……想像もつかなかった……んくぅ」%K%P
「んぅ……楓の……お、おっぱい、柔らかい」%K%P
「んぅ……楓の……お、おっぱい、柔らかい」%K%P
「やぅっ！　お、おっぱいなんて……えっちな言い方だ……はぁはぁ……司のは……硬いね」%K%P
「やぅっ！　お、おっぱいなんて……えっちな言い方だ……はぁはぁ……司のは……硬いね」%K%P
二つの丸い球体に、僕のモノがはさみ込まれている。温かく湿った肌が、快感を与えてくる。%K%P
二つの丸い球体に、僕のモノがはさみ込まれている。温かく湿った肌が、快感を与えてくる。%K%P
「はぁはぁ……司、どうして欲しい？　私、出来る限りのことは、する、から」%K%P
「はぁはぁ……司、どうして欲しい？　私、出来る限りのことは、する、から」%K%P
「ん、ありがと……それじゃ、んぅ……気持ち良くして欲しいかな」%K%P
「ん、ありがと……それじゃ、んぅ……気持ち良くして欲しいかな」%K%P
「気持ち良く？　ん、分った……それじゃ……こうかな……んぅんくぅんっ」%K%P
「気持ち良く？　ん、分った……それじゃ……こうかな……んぅんくぅんっ」%K%P
楓が手で、自分の乳房を支える。そのまま力を籠める……当然、僕のモノもはさみ込まれているわけで……%K%P
楓が手で、自分の乳房を支える。そのまま力を籠める……当然、僕のモノもはさみ込まれているわけで……%K%P
「んあぅ！」%K%P
「んあぅ！」%K%P
「司、声出してる……はぁはぁ……こんなかんじ、で……んぅ、んん、んぅ……いい？」%K%P
「司、声出してる……はぁはぁ……こんなかんじ、で……んぅ、んん、んぅ……いい？」%K%P
「う、うんっ……つ、包み込まれてるみたいで……はぁはぁ……いい、よぅ」%K%P
「う、うんっ……つ、包み込まれてるみたいで……はぁはぁ……いい、よぅ」%K%P
「んんぅ、んんぅ、んぅん……司、喜んでる……はぁはぁ、嬉しい……もっと、する、ね？」%K%P
「んんぅ、んんぅ、んぅん……司、喜んでる……はぁはぁ、嬉しい……もっと、する、ね？」%K%P
僕のモノをはさみ込んだまま、体を動かす楓。%K%P
僕のモノをはさみ込んだまま、体を動かす楓。%K%P
にっちゃ、にっちゃと粘っこい音がする。%K%P
にっちゃ、にっちゃと粘っこい音がする。%K%P
「はぁはぁ……司の……んん、いい匂いするね……はぁはぁ……どうして？」%K%P
「はぁはぁ……司の……んん、いい匂いするね……はぁはぁ……どうして？」%K%P
「んぅ……どうして、かな？　楓に、気持ち良くされてるから、かも……くぅう、根本まで、挟まれて……」%K%P
「んぅ……どうして、かな？　楓に、気持ち良くされてるから、かも……くぅう、根本まで、挟まれて……」%K%P
「下の方も、いいの？　はぁはぁ……こっちも、挟むね……やぁん！　コリコリして、あっついっ」%K%P
「下の方も、いいの？　はぁはぁ……こっちも、挟むね……やぁん！　コリコリして、あっついっ」%K%P
おっぱいを掻き集めるようにして、もみ上げる楓。%K%P
おっぱいを掻き集めるようにして、もみ上げる楓。%K%P
あの凜とした彼女が、こんな事をしてくれるなんて……一生忘れられないだろう。%K%P
あの凜とした彼女が、こんな事をしてくれるなんて……一生忘れられないだろう。%K%P
「う、嬉しいよ、楓。こんなにも、してくれるなんて……んぅ……キミの彼氏でよかった」%K%P
「う、嬉しいよ、楓。こんなにも、してくれるなんて……んぅ……キミの彼氏でよかった」%K%P
「はぁ、はぁ、はぁ……ん。私も……彼女として、嬉しい……」%K%P
「はぁ、はぁ、はぁ……ん。私も……彼女として、嬉しい……」%K%P
「じ、自分の……その、未熟な技で、感じてくれてるんだから……んんぅ、もっと、気持ち良く、してあげたい……」%K%P
「じ、自分の……その、未熟な技で、感じてくれてるんだから……んんぅ、もっと、気持ち良く、してあげたい……」%K%P
胸の谷間に、汗が滴り落ち、溜っていく。%K%P
胸の谷間に、汗が滴り落ち、溜っていく。%K%P
僕と楓の液が混じり合い、本能を刺激するような匂いが漂う。%K%P
僕と楓の液が混じり合い、本能を刺激するような匂いが漂う。%K%P
「やだっ……また、こんなに……司の……出てるよ？」%K%P
「やだっ……また、こんなに……司の……出てるよ？」%K%P
「はぁはぁ……これ、か、カウパー液っていうんだよね？」%K%P
「はぁはぁ……これ、か、カウパー液っていうんだよね？」%K%P
「ど、どこでそんな知識…………本？」%K%P
「ど、どこでそんな知識…………本？」%K%P
「んぅ、んん、んぅ……うん、そう……そこそこ厚い本だったけど、五回は繰り返し読んだ……その、私は、え、えっちに未熟だから」%K%P
「んぅ、んん、んぅ……うん、そう……そこそこ厚い本だったけど、五回は繰り返し読んだ……その、私は、え、えっちに未熟だから」%K%P
きっと顔を赤らめながら、必死に読んだんだろうな。%K%P
きっと顔を赤らめながら、必死に読んだんだろうな。%K%P
楓には刺激が強かったろうに……そんな彼女の様子を想像する。%K%P
楓には刺激が強かったろうに……そんな彼女の様子を想像する。%K%P
「あん……司、なんで笑ってるの？　わ、私の、お、おっぱい、変かな？」%K%P
「あん……司、なんで笑ってるの？　わ、私の、お、おっぱい、変かな？」%K%P
「はぁはぁ……いや、本を読んでるときの楓……んぅ……きっと可愛かったろうなって……」%K%P
「はぁはぁ……いや、本を読んでるときの楓……んぅ……きっと可愛かったろうなって……」%K%P
「も、もう……た、大変だったんだから……はぁはぁ……じ、実家住まいだから、誰かの気配を感じる度に、布団の下に隠して……」%K%P
「も、もう……た、大変だったんだから……はぁはぁ……じ、実家住まいだから、誰かの気配を感じる度に、布団の下に隠して……」%K%P
「みんなが寝静まってから……ひとり、稽古したんだ……から」%K%P
「みんなが寝静まってから……ひとり、稽古したんだ……から」%K%P
「えっ、その……んぅ……自分で、し、したの？」%K%P
「えっ、その……んぅ……自分で、し、したの？」%K%P
「あぅっ！？　そ、そんなこと、き、聞かないでっ」%K%P
「あぅっ！？　そ、そんなこと、き、聞かないでっ」%K%P
裏返った声で叫ぶ楓。%K%P
裏返った声で叫ぶ楓。%K%P
真っ赤な顔色が、乳房にまで伝染する。%K%P
真っ赤な顔色が、乳房にまで伝染する。%K%P
「はぁはぁ……聞きたいな……んぅ、楓の……稽古。きっと剣の時みたいに、激しかったんだろうね」%K%P
「はぁはぁ……聞きたいな……んぅ、楓の……稽古。きっと剣の時みたいに、激しかったんだろうね」%K%P
「や、やぁっ！　んもぅ、変なこと……言わないで……くぅ……」%K%P
「や、やぁっ！　んもぅ、変なこと……言わないで……くぅ……」%K%P
「だ、だって……司に、上手にしてあげたいし……け、稽古をすればするほど、技は上達するから……くぅん」%K%P
「だ、だって……司に、上手にしてあげたいし……け、稽古をすればするほど、技は上達するから……くぅん」%K%P
「楓は努力家だからね……はぁはぁ……その、稽古はどんな内容だったの？」%K%P
「楓は努力家だからね……はぁはぁ……その、稽古はどんな内容だったの？」%K%P
「え、えっと……し、竹刀を挟んだり……し、竹刀で……」%K%P
「え、えっと……し、竹刀を挟んだり……し、竹刀で……」%K%P
「え、し、竹刀で？　な、なにを……」%K%P
「え、し、竹刀で？　な、なにを……」%K%P
「し、竹刀で、その……先を…………い、言えないっ、もう、喋らないっ」%K%P
「し、竹刀で、その……先を…………い、言えないっ、もう、喋らないっ」%K%P
「んぁっ！」%K%P
「んぁっ！」%K%P
楓の口が、僕のモノをくわえ込む。%K%P
楓の口が、僕のモノをくわえ込む。%K%P
思わず情けない声を上げてしまう。%K%P
思わず情けない声を上げてしまう。%K%P
「んぅ……ちゅぅ……んぅ……ちゅぅる……る……んぅうん」%K%P
「んぅ……ちゅぅ……んぅ……ちゅぅる……る……んぅうん」%K%P
「んぅ、んぅ、ちゅぅう……司の……んぅ……ヘンタイ……んぅ……ばかぁ……ちゅぅうん」%K%P
「んぅ、んぅ、ちゅぅう……司の……んぅ……ヘンタイ……んぅ……ばかぁ……ちゅぅうん」%K%P
「ちゅるぅ……る……変なこと……ちゅう、ばかりいって……困らせる……んぅ……だから……ちゅぅうう」%K%P
「ちゅるぅ……る……変なこと……ちゅう、ばかりいって……困らせる……んぅ……だから……ちゅぅうう」%K%P
途切れ途切れの言葉。%K%P
途切れ途切れの言葉。%K%P
膨れたように上目遣いで見上げる楓が可愛らしい。%K%P
膨れたように上目遣いで見上げる楓が可愛らしい。%K%P
「んぅ……今度は……ちゅぅう……私が、{先:せん}をとるんだから……ちゅる……ちゅぅうううう」%K%P
「んぅ……今度は……ちゅぅう……私が、{先:せん}をとるんだから……ちゅる……ちゅぅうううう」%K%P
「くっはぁあ！　そ、そんなに、さきを、吸ったら……あぅん！」%K%P
「くっはぁあ！　そ、そんなに、さきを、吸ったら……あぅん！」%K%P
ぷるんとした唇が、僕の先を咥え、吸い込む。%K%P
ぷるんとした唇が、僕の先を咥え、吸い込む。%K%P
快感に、思わず仰け反ってしまう。%K%P
快感に、思わず仰け反ってしまう。%K%P
「ちゅぅううう…………んぷぅ！　どう、まいった？」%K%P
「ちゅぅううう…………んぷぅ！　どう、まいった？」%K%P
「ま、まいった……はぁはぁ……楓には、敵わないや……」%K%P
「ま、まいった……はぁはぁ……楓には、敵わないや……」%K%P
「はぁはぁ……んちゅぅ……るぅ……こ、この前より……ちゅ……うまく、なった？」%K%P
「はぁはぁ……んちゅぅ……るぅ……こ、この前より……ちゅ……うまく、なった？」%K%P
「うん、凄い上達してる……はぁはぁ……やっぱり、稽古したんだ？　それはどんな……」%K%P
「うん、凄い上達してる……はぁはぁ……やっぱり、稽古したんだ？　それはどんな……」%K%P
「う、うん……じ、自分の指を吸って……って、そ、その手には乗らないからっ、もう、油断も隙も、無いな、司」%K%P
「う、うん……じ、自分の指を吸って……って、そ、その手には乗らないからっ、もう、油断も隙も、無いな、司」%K%P
やっぱり駄目か……けど、楓の気持ちが嬉しいな。%K%P
やっぱり駄目か……けど、楓の気持ちが嬉しいな。%K%P
こんなにも尽くしてくれるなんて……%K%P
こんなにも尽くしてくれるなんて……%K%P
「はぁはぁ……ふふ、司笑ってる。あなたが笑うと、私も嬉しい……んぅ……ちゅぅ……んぅうっ」%K%P
「はぁはぁ……ふふ、司笑ってる。あなたが笑うと、私も嬉しい……んぅ……ちゅぅ……んぅうっ」%K%P
「んぅ、んんぅ、んぅう……乾いてきちゃう……んちゅ、ちゅぅ…………んぷぅ……」%K%P
「んぅ、んんぅ、んぅう……乾いてきちゃう……んちゅ、ちゅぅ…………んぷぅ……」%K%P
僕のモノを含みながら、胸でもみ上げる。どこもかしこも気持ち良すぎて、イッてしまいそうだ。%K%P
僕のモノを含みながら、胸でもみ上げる。どこもかしこも気持ち良すぎて、イッてしまいそうだ。%K%P
楓の胸が熱を帯び、粘膜が乾いてくる。チクチクとした刺激が、痛くて、気持ち良い。%K%P
楓の胸が熱を帯び、粘膜が乾いてくる。チクチクとした刺激が、痛くて、気持ち良い。%K%P
「んん、んくぅううっ、か、乾いて……ひりひり、する」%K%P
「んん、んくぅううっ、か、乾いて……ひりひり、する」%K%P
「ヒリヒリ……ごめん、気がつかなくて……んぅ……ちゅぅ……キスで……私の…………んぅうう……」%K%P
「ヒリヒリ……ごめん、気がつかなくて……んぅ……ちゅぅ……キスで……私の…………んぅうう……」%K%P
口の端から透明な液体が滴り落ちる。%K%P
口の端から透明な液体が滴り落ちる。%K%P
それは細いアゴをつたい、自在に変形する胸にこぼれ落ち、やがて谷間へと流れ込んだ。%K%P
それは細いアゴをつたい、自在に変形する胸にこぼれ落ち、やがて谷間へと流れ込んだ。%K%P
「んぅ、んぅ、んぅう……これで、だいじょう……ぶ……んぅ……んちゅぅう」%K%P
「んぅ、んぅ、んぅう……これで、だいじょう……ぶ……んぅ……んちゅぅう」%K%P
「う、うん……ぬるぬるして、いい、かも……か、楓、もう、これ以上されると……くぅううっ」%K%P
「う、うん……ぬるぬるして、いい、かも……か、楓、もう、これ以上されると……くぅううっ」%K%P
「んちゅ、ちゅぅ……また、いっちゃうの？　……」%K%P
「んちゅ、ちゅぅ……また、いっちゃうの？　……」%K%P
「うん……だから……くはっ！　そ、そんなっ」%K%P
「うん……だから……くはっ！　そ、そんなっ」%K%P
僕のモノを含んだまま、楓の手の動きが加速する。%K%P
僕のモノを含んだまま、楓の手の動きが加速する。%K%P
唇が、絶妙の力で刺激してくる。%K%P
唇が、絶妙の力で刺激してくる。%K%P
「んちゅぅ、ちゅ……んぅ……いいよ、このまま……だし、て……ちゅぅうう」%K%P
「んちゅぅ、ちゅ……んぅ……いいよ、このまま……だし、て……ちゅぅうう」%K%P
「やぅっ、でも……くぅうう」%K%P
「やぅっ、でも……くぅうう」%K%P
楓の、口に出すなんて……そんな事……%K%P
楓の、口に出すなんて……そんな事……%K%P
「あなたのなら……んちゅぅう、へ、平気……ねえ……いいから……んぅ、んぅ、んぅ……し、てっ」%K%P
「あなたのなら……んちゅぅう、へ、平気……ねえ……いいから……んぅ、んぅ、んぅ……し、てっ」%K%P
「ちゅぅ、ちゅぅううう～～～～～～～っ」%K%P
「ちゅぅ、ちゅぅううう～～～～～～～っ」%K%P
「くぅううう、ご、ごめっ、楓っ！」%K%P
「くぅううう、ご、ごめっ、楓っ！」%K%P
「ちゅぅうう～～～～……んきゃ！？」%K%P
「ちゅぅうう～～～～……んきゃ！？」%K%P
「んっくぅううううううんっ！！」%K%P
「んっくぅううううううんっ！！」%K%P
「くっはぁっ！」%K%P
「くっはぁっ！」%K%P
僕は耐えきれず、楓の口に放ってしまう。%K%P
僕は耐えきれず、楓の口に放ってしまう。%K%P
濁った音をたてて、液体が彼女の口を{汚:けが}していく。%K%P
濁った音をたてて、液体が彼女の口を{汚:けが}していく。%K%P
「んぷぅううっ！　あぅううん……んくう、んんくぅ……」%K%P
「んぷぅううっ！　あぅううん……んくう、んんくぅ……」%K%P
「んんくぅ、んんくぅ……んんっくぅ…………」%K%P
「んんくぅ、んんくぅ……んんっくぅ…………」%K%P
「か、楓、そんな……僕のを……」%K%P
「か、楓、そんな……僕のを……」%K%P
僕のモノに吸い付き、唇を蠢かす楓。喉をならし、飲み込んでいく。%K%P
僕のモノに吸い付き、唇を蠢かす楓。喉をならし、飲み込んでいく。%K%P
「んっく、んっく…………こ、こほ、こほっ、こほっ！」%K%P
「んっく、んっく…………こ、こほ、こほっ、こほっ！」%K%P
「む、無理しないでよ、楓……もう、そんなことしなくて、いいのに……」%K%P
「む、無理しないでよ、楓……もう、そんなことしなくて、いいのに……」%K%P
「したいから、いいの……でも……はぁはぁ、司」%K%P
「したいから、いいの……でも……はぁはぁ、司」%K%P
「……もう少し、水分をとった方がいいね……ドロドロだよ……」%K%P
「……もう少し、水分をとった方がいいね……ドロドロだよ……」%K%P
「……えっと、あまり関係ないと思う」%K%P
「……えっと、あまり関係ないと思う」%K%P
「えっ……そ、そういうものなの？　はぁはぁ……うーん、まだまだ、不勉強……かも」%K%P
「えっ……そ、そういうものなの？　はぁはぁ……うーん、まだまだ、不勉強……かも」%K%P
首を傾げる楓、もう、ほんとに真面目なんだから。%K%P
首を傾げる楓、もう、ほんとに真面目なんだから。%K%P
僕は彼女の顔に手を伸し、残りの液を指で拭き取った。%K%P
僕は彼女の顔に手を伸し、残りの液を指で拭き取った。%K%P
楓がベッドに横になり、女の子の部分を向けている。%K%P
楓がベッドに横になり、女の子の部分を向けている。%K%P
なんていうか、大胆……これもやっぱり、本に載っていた体位なんだろうか。%K%P
なんていうか、大胆……これもやっぱり、本に載っていた体位なんだろうか。%K%P
「んくぅうう……は、はいったか、な？」%K%P
「んくぅうう……は、はいったか、な？」%K%P
「あぅうううんっ！　と、途中まで……はぁはぁ……来てる……もうちょっと、だよ？」%K%P
「あぅうううんっ！　と、途中まで……はぁはぁ……来てる……もうちょっと、だよ？」%K%P
さすがに、三度目はキツイかも……けど……出来る限り、楓と愛し合いたい――日本にいられるのも、あと僅かなのだから。%K%P
さすがに、三度目はキツイかも……けど……出来る限り、楓と愛し合いたい――日本にいられるのも、あと僅かなのだから。%K%P
「う、うん……よ、よいしょっと！　くはぁっ」%K%P
「う、うん……よ、よいしょっと！　くはぁっ」%K%P
「きゃうっ！　は、入ったかも……はぁはぁ……んふ、司の、ちょっと柔らかい……ふにゃふにゃする」%K%P
「きゃうっ！　は、入ったかも……はぁはぁ……んふ、司の、ちょっと柔らかい……ふにゃふにゃする」%K%P
「んぅ……ふ、ふにゃ、ふにゃはひどいな……こ、これでも、頑張ってるんだから……んぅ」%K%P
「んぅ……ふ、ふにゃ、ふにゃはひどいな……こ、これでも、頑張ってるんだから……んぅ」%K%P
「あ、そうじゃない、その、柔らかいのも……はぁはぁ、嫌いじゃないから……」%K%P
「あ、そうじゃない、その、柔らかいのも……はぁはぁ、嫌いじゃないから……」%K%P
「あんっ……硬いのも気持ち良いんだけど……時々、痛いことも……あるし」%K%P
「あんっ……硬いのも気持ち良いんだけど……時々、痛いことも……あるし」%K%P
顔を赤らめる楓。無理させちゃってたかな。%K%P
顔を赤らめる楓。無理させちゃってたかな。%K%P
「あ、そんな顔しないで、司。んくっ……私が不慣れだから……いけないんだ……も、もっと頑張るから……」%K%P
「あ、そんな顔しないで、司。んくっ……私が不慣れだから……いけないんだ……も、もっと頑張るから……」%K%P
「充分頑張ってるよ、楓。その、僕もちょっと疲れたから……ゆっくり、しよう？」%K%P
「充分頑張ってるよ、楓。その、僕もちょっと疲れたから……ゆっくり、しよう？」%K%P
「ん、そうする……んふ、司の、ふにゃふにゃで、温かい……あはっ……はぁはぁ……ねえ、司」%K%P
「ん、そうする……んふ、司の、ふにゃふにゃで、温かい……あはっ……はぁはぁ……ねえ、司」%K%P
少し甘えた声。髪を下ろした楓は、妖艶さと、幼さが同居している。%K%P
少し甘えた声。髪を下ろした楓は、妖艶さと、幼さが同居している。%K%P
「はぁはぁ……なに、楓？」%K%P
「はぁはぁ……なに、楓？」%K%P
「この部屋で……はぁはぁ……綾香さんと同居してたんでしょう？」%K%P
「この部屋で……はぁはぁ……綾香さんと同居してたんでしょう？」%K%P
「年頃の女の子と同棲って……どんな感じなの？　はぁはぁ……その、へ、変な気分にならなかった？」%K%P
「年頃の女の子と同棲って……どんな感じなの？　はぁはぁ……その、へ、変な気分にならなかった？」%K%P
「同棲って……た、ただ、同じ部屋にいただけ……んくぅううんっ、かえ、で……締まる、よっ」%K%P
「同棲って……た、ただ、同じ部屋にいただけ……んくぅううんっ、かえ、で……締まる、よっ」%K%P
両手で握りしめられたように、女の子の部分が締まる。%K%P
両手で握りしめられたように、女の子の部分が締まる。%K%P
「ああぁんっ！　ね、え……はぁはぁ……ま、間違いとか……無かったのかな？」%K%P
「ああぁんっ！　ね、え……はぁはぁ……ま、間違いとか……無かったのかな？」%K%P
「あ、綾香さん、女の子らしい、し……はぁはぁ……可愛いよね？」%K%P
「あ、綾香さん、女の子らしい、し……はぁはぁ……可愛いよね？」%K%P
「確かに可愛いけど……んぅ、間違いなんて、ないよ……」%K%P
「確かに可愛いけど……んぅ、間違いなんて、ないよ……」%K%P
楓、妬いてるんだろうか？　%K%P
楓、妬いてるんだろうか？　%K%P
「ほんとに？　はぁはぁ……その、司がいずみさんって知ってから……心配でたまらなかった……」%K%P
「ほんとに？　はぁはぁ……その、司がいずみさんって知ってから……心配でたまらなかった……」%K%P
「私と一緒にいる時間は限られてるし……はぁはぁ……綾香さんとは……同じ部屋で寝てるし……」%K%P
「私と一緒にいる時間は限られてるし……はぁはぁ……綾香さんとは……同じ部屋で寝てるし……」%K%P
「二人が仲良くなったら……取られたら……どうしようって……んきゃあぅん！」%K%P
「二人が仲良くなったら……取られたら……どうしようって……んきゃあぅん！」%K%P
僕は楓が愛おしくなり、身じろぎをする。%K%P
僕は楓が愛おしくなり、身じろぎをする。%K%P
繋がっている部分が支点となり、楓に刺激を与える。%K%P
繋がっている部分が支点となり、楓に刺激を与える。%K%P
「んくぅ……綾香さんは、友達で、はぁはぁ……信頼出来るチームの仲間」%K%P
「んくぅ……綾香さんは、友達で、はぁはぁ……信頼出来るチームの仲間」%K%P
「楓は僕の彼女で、一番大切な人……立場が違うよ。もう、心配性だな、楓は」%K%P
「楓は僕の彼女で、一番大切な人……立場が違うよ。もう、心配性だな、楓は」%K%P
「ああぅうんっ、う、うん……そうだよね、変な事言って……んくぅう……ごめん」%K%P
「ああぅうんっ、う、うん……そうだよね、変な事言って……んくぅう……ごめん」%K%P
「心配する気持ちはわかるけどね……僕だって……楓が、男の子と同棲してたら……すっごく心配しちゃう」%K%P
「心配する気持ちはわかるけどね……僕だって……楓が、男の子と同棲してたら……すっごく心配しちゃう」%K%P
女の子に変装した男性と、同じ部屋で寝泊まりする――想像するだけで胸が張り裂けてしまいそうだ。%K%P
女の子に変装した男性と、同じ部屋で寝泊まりする――想像するだけで胸が張り裂けてしまいそうだ。%K%P
「あんっ……し、心配してくれるんだ……嬉しい」%K%P
「あんっ……し、心配してくれるんだ……嬉しい」%K%P
汗にまみれた顔に、安堵の表情を浮かべる楓。%K%P
汗にまみれた顔に、安堵の表情を浮かべる楓。%K%P
楓が、僕のベッドに顔を擦り付ける。%K%P
楓が、僕のベッドに顔を擦り付ける。%K%P
「んん、司は……優しくて……真面目で……良い匂いがして……大好き」%K%P
「んん、司は……優しくて……真面目で……良い匂いがして……大好き」%K%P
「司……その、指で……して欲しいかな……いい？」%K%P
「司……その、指で……して欲しいかな……いい？」%K%P
「うん。これも、本に載ってたの？」%K%P
「うん。これも、本に載ってたの？」%K%P
「……うん……その、同時にされると……凄くいいって……うぅ、やだ、私、恥ずかしい事言ってる……」%K%P
「……うん……その、同時にされると……凄くいいって……うぅ、やだ、私、恥ずかしい事言ってる……」%K%P
「もうここまで来たら、恥ずかしいもなにも無いと思うけど」%K%P
「もうここまで来たら、恥ずかしいもなにも無いと思うけど」%K%P
「そ、それでもなのっ！　お、女の子は、恥じらいを無くしたら……駄目なんだ……から」%K%P
「そ、それでもなのっ！　お、女の子は、恥じらいを無くしたら……駄目なんだ……から」%K%P
「ごめん、そうだよね。深皇学園は、淑女を育てる場所だもの……それじゃ、お淑やかに……」%K%P
「ごめん、そうだよね。深皇学園は、淑女を育てる場所だもの……それじゃ、お淑やかに……」%K%P
僕は、熱く濡れたソコにそっと指を伸した。%K%P
僕は、熱く濡れたソコにそっと指を伸した。%K%P
「きゃぅっ！　さ、さわさわされて……るぅ！　んくぅう……んあんっ」%K%P
「きゃぅっ！　さ、さわさわされて……るぅ！　んくぅう……んあんっ」%K%P
「あ、苦しかった？　慎重に触ったつもりだけど」%K%P
「あ、苦しかった？　慎重に触ったつもりだけど」%K%P
「あぅ……う、ううん……優しいよ……はぁはぁ……その……指が触れたら……きゅんってなったから」%K%P
「あぅ……う、ううん……優しいよ……はぁはぁ……その……指が触れたら……きゅんってなったから」%K%P
僕のモノが挟まっている楓の女の子の部分。%K%P
僕のモノが挟まっている楓の女の子の部分。%K%P
{蠢:うごめ}くたびに、じわじわと甘い汁が滲み出してくる。%K%P
{蠢:うごめ}くたびに、じわじわと甘い汁が滲み出してくる。%K%P
「いいよ、もっとさわさわ、して……んくぅっ……そ、そう……繋がってる、とこ…………きゃあん！」%K%P
「いいよ、もっとさわさわ、して……んくぅっ……そ、そう……繋がってる、とこ…………きゃあん！」%K%P
「くぅっ！　なか、ぐにゅって、なって……んぅ」%K%P
「くぅっ！　なか、ぐにゅって、なって……んぅ」%K%P
「だ、だって上下に指が、動くと……きゃぁうっ、か、からだも、はね……ちゃうっ」%K%P
「だ、だって上下に指が、動くと……きゃぁうっ、か、からだも、はね……ちゃうっ」%K%P
僕の指先一つで反応する楓。%K%P
僕の指先一つで反応する楓。%K%P
体が跳ねる度に、漆黒の髪が波打ち、拡がる――それはまるで、ベッドに咲く花のようだ。%K%P
体が跳ねる度に、漆黒の髪が波打ち、拡がる――それはまるで、ベッドに咲く花のようだ。%K%P
「はぁはぁ……すごい、楓、もう、ベトベトだよ？　ほら」%K%P
「はぁはぁ……すごい、楓、もう、ベトベトだよ？　ほら」%K%P
「べ、ベトベト？　……や、やぁあ、み、見せなくて、いいっ、ちがうっ、私のじゃ……ないっ、きゃあううん」%K%P
「べ、ベトベト？　……や、やぁあ、み、見せなくて、いいっ、ちがうっ、私のじゃ……ないっ、きゃあううん」%K%P
「司だから、あなただから……なんだよっ、はぁはぁ……くぅ……」%K%P
「司だから、あなただから……なんだよっ、はぁはぁ……くぅ……」%K%P
泣き声混じりの楓、声だけでイッてしまいそうだ。%K%P
泣き声混じりの楓、声だけでイッてしまいそうだ。%K%P
僕だけの……か。じわじわと愛おしさが溢れてくる、もっとしてあげたい。%K%P
僕だけの……か。じわじわと愛おしさが溢れてくる、もっとしてあげたい。%K%P
溢れた液体が重力にしたがって、したたり落ちる。それは股間を伝い、ヒクヒクと動いているすぼまりも濡らす。%K%P
溢れた液体が重力にしたがって、したたり落ちる。それは股間を伝い、ヒクヒクと動いているすぼまりも濡らす。%K%P
「はぁはぁ…………んぁっ！？　つ、司、そ、そっちは……ち、が……んきゃああぅん！」%K%P
「はぁはぁ…………んぁっ！？　つ、司、そ、そっちは……ち、が……んきゃああぅん！」%K%P
「やあぅん！　だ、だめだって、き、キタナイから、触ったら……くぅううん！」%K%P
「やあぅん！　だ、だめだって、き、キタナイから、触ったら……くぅううん！」%K%P
「くはっ！　ごめ、その……つい…………でも、気持ちよさそうだよ？」%K%P
「くはっ！　ごめ、その……つい…………でも、気持ちよさそうだよ？」%K%P
万力で締め付けるように締まる。危うくイッてしまいそうだった。%K%P
万力で締め付けるように締まる。危うくイッてしまいそうだった。%K%P
すぼまりに、軽くタッチしただけで、女の子の部分から溢れてくる。%K%P
すぼまりに、軽くタッチしただけで、女の子の部分から溢れてくる。%K%P
「ば、ばかぁっ、き、気持ち良くなんて……きゅぅうううん！」%K%P
「ば、ばかぁっ、き、気持ち良くなんて……きゅぅうううん！」%K%P
「くぅうううう！　しま、るぅうっ！」%K%P
「くぅうううう！　しま、るぅうっ！」%K%P
「あぁあああんっ！　そんな、こりこり、しちゃ……お、おかしく、なっちゃうからっ！」%K%P
「あぁあああんっ！　そんな、こりこり、しちゃ……お、おかしく、なっちゃうからっ！」%K%P
楓の声が高く響く。もしかしたら、誰かに聞こえちゃうかも……けど、今はそんなことはいい。%K%P
楓の声が高く響く。もしかしたら、誰かに聞こえちゃうかも……けど、今はそんなことはいい。%K%P
二人で気持ち良くなりたい――僕はすぼまりに指を這わす。%K%P
二人で気持ち良くなりたい――僕はすぼまりに指を這わす。%K%P
「きゃあぅ、んきゃぅ、きゃあああぅうん！」%K%P
「きゃあぅ、んきゃぅ、きゃあああぅうん！」%K%P
「だめ、だめえ、だめえええっ！　そんなにぃ、はぁはぁ、されたら……いっちゃうよぉっ」%K%P
「だめ、だめえ、だめえええっ！　そんなにぃ、はぁはぁ、されたら……いっちゃうよぉっ」%K%P
「い、いけない、方で、気持ち良く、なっちゃうなんてっ……きゅぅうううん！」%K%P
「い、いけない、方で、気持ち良く、なっちゃうなんてっ……きゅぅうううん！」%K%P
僕のモノを締め付ける楓。%K%P
僕のモノを締め付ける楓。%K%P
息が苦しい、ぜえぜえと喘ぐ呼吸音は、僕のものか、それとも、楓のものか。%K%P
息が苦しい、ぜえぜえと喘ぐ呼吸音は、僕のものか、それとも、楓のものか。%K%P
「んくぅう、もう、楓っ、イくからっ……んくぅう」%K%P
「んくぅう、もう、楓っ、イくからっ……んくぅう」%K%P
「きゃ、んっきゃ、あああああんっ」%K%P
「きゃ、んっきゃ、あああああんっ」%K%P
「したぁ、さわられてっ、私ぃ、だめにぃい、なっちゃあぅうううう！」%K%P
「したぁ、さわられてっ、私ぃ、だめにぃい、なっちゃあぅうううう！」%K%P
霞かかる視界の中、楓の乱れた姿が映る。%K%P
霞かかる視界の中、楓の乱れた姿が映る。%K%P
僕は指を、彼女の中に、差し入れた。%K%P
僕は指を、彼女の中に、差し入れた。%K%P
「きゃああぁあああ～～～～～～～～んっ」%K%P
「きゃああぁあああ～～～～～～～～んっ」%K%P
「あっつぅううういっ！　きゅぅうううううんっ」%K%P
「あっつぅううういっ！　きゅぅうううううんっ」%K%P
「くぅうううっ、き、きつぃいいっ」%K%P
「くぅうううっ、き、きつぃいいっ」%K%P
楓の女の子の部分が、収縮する。%K%P
楓の女の子の部分が、収縮する。%K%P
すぼまりが、僕の指をきつくくわえ込む。%K%P
すぼまりが、僕の指をきつくくわえ込む。%K%P
「はぁはぁはぁ……くぅううんっ」%K%P
「はぁはぁはぁ……くぅううんっ」%K%P
「はぁはぁはぁ……んぅ……楓、だ、大丈夫だった？」%K%P
「はぁはぁはぁ……んぅ……楓、だ、大丈夫だった？」%K%P
「はぁ、はぁ、はぁ……うぅ、司、ひどい……はぁはぁ、あそこは、だめって……言ったのに……くぅ」%K%P
「はぁ、はぁ、はぁ……うぅ、司、ひどい……はぁはぁ、あそこは、だめって……言ったのに……くぅ」%K%P
「ごめん、けど……楓、気持ちよさそうだった」%K%P
「ごめん、けど……楓、気持ちよさそうだった」%K%P
「くぅ……うぅ、ちょ、ちょっとだけ、だから…………も、もう、ほんとだぞ？」%K%P
「くぅ……うぅ、ちょ、ちょっとだけ、だから…………も、もう、ほんとだぞ？」%K%P
拗ねたように呟く楓。やりすぎちゃったかな？%K%P
拗ねたように呟く楓。やりすぎちゃったかな？%K%P
「……で、でも……本にも、載ってたし……なんでも挑戦だよね」%K%P
「……で、でも……本にも、載ってたし……なんでも挑戦だよね」%K%P
「……少しなら、また、しても……いいから」%K%P
「……少しなら、また、しても……いいから」%K%P
目を背けながら呟く楓。顔色は赤く染まったままだった。%K%P
目を背けながら呟く楓。顔色は赤く染まったままだった。%K%P
