全力疾走する私達。背後からは楓様の足音が聞こえてくる。%K%P
全力疾走する私達。背後からは楓様の足音が聞こえてくる。%K%P
入念に下見して打ち合わせている分、こちらの方が僅かに速いけど……うう、もう、すぐ側にいそう。%K%P
入念に下見して打ち合わせている分、こちらの方が僅かに速いけど……うう、もう、すぐ側にいそう。%K%P
「はぁはぁ……んもう、楓さんしつこいわねっ。ことりちゃん、着いてきてる？」%K%P
「はぁはぁ……んもう、楓さんしつこいわねっ。ことりちゃん、着いてきてる？」%K%P
「は、はいっ」%K%P
「は、はいっ」%K%P
不意に、前の方から人の足音や、声が聞こえてくる……何人かいそう。%K%P
不意に、前の方から人の足音や、声が聞こえてくる……何人かいそう。%K%P
「くぅっ！？」%K%P
「くぅっ！？」%K%P
「きゃあ、美琴様！？」%K%P
「きゃあ、美琴様！？」%K%P
銀色の軌跡を描いて、刀が美琴様を襲う。%K%P
銀色の軌跡を描いて、刀が美琴様を襲う。%K%P
とっさに身を屈めて避ける美琴様。%K%P
とっさに身を屈めて避ける美琴様。%K%P
「今の反射、かなりのものだった。さすが美琴さん」%K%P
「今の反射、かなりのものだった。さすが美琴さん」%K%P
「あー、危なかった～。たまたまよ。あなたと違って、何度も出来る芸当じゃないわ」%K%P
「あー、危なかった～。たまたまよ。あなたと違って、何度も出来る芸当じゃないわ」%K%P
「うう、姉様の所までもうちょっとなのに……」%K%P
「うう、姉様の所までもうちょっとなのに……」%K%P
「もうちょっとだからこそ、行かせるわけにはいかない」%K%P
「もうちょっとだからこそ、行かせるわけにはいかない」%K%P
腰を沈める楓様。次は躱せないよね。%K%P
腰を沈める楓様。次は躱せないよね。%K%P
矢で牽制して……駄目、同じ手はきっと通じない。%K%P
矢で牽制して……駄目、同じ手はきっと通じない。%K%P
視界の端に、ヒラヒラと宙を舞う長い髪が映る――あそこにいるのって……%K%P
視界の端に、ヒラヒラと宙を舞う長い髪が映る――あそこにいるのって……%K%P
私は矢をつがえて、強く、長く引き絞る……お願い、気づいて！%K%P
私は矢をつがえて、強く、長く引き絞る……お願い、気づいて！%K%P
「むっ、貴重な矢を…………なにを考えているの？」%K%P
「むっ、貴重な矢を…………なにを考えているの？」%K%P
「す、すぐに分かります、ゴメンなさい、もうちょっとだけ動かないで、楓様」%K%P
「す、すぐに分かります、ゴメンなさい、もうちょっとだけ動かないで、楓様」%K%P
矢をつがえて、楓様に向ける。いつまで時間稼ぎ……出来るかな。%K%P
矢をつがえて、楓様に向ける。いつまで時間稼ぎ……出来るかな。%K%P
「なるほど……なにか作戦があるのか。でも、諸共正面から打ち破らせてもらう」%K%P
「なるほど……なにか作戦があるのか。でも、諸共正面から打ち破らせてもらう」%K%P
「そうだ、ねえ、楓さん。あなた達のお姫様、放っておいていいの？」%K%P
「そうだ、ねえ、楓さん。あなた達のお姫様、放っておいていいの？」%K%P
私の意図に気がついてくれたのか、美琴様が声を掛け楓様の注意をひいてくれる。%K%P
私の意図に気がついてくれたのか、美琴様が声を掛け楓様の注意をひいてくれる。%K%P
「その心配はいらない。千影さんが向っているから。今頃合流していると思う」%K%P
「その心配はいらない。千影さんが向っているから。今頃合流していると思う」%K%P
「あちゃー、まずいわねぇ。こっちは綾香がたどり着いているかどうかなのに」%K%P
「あちゃー、まずいわねぇ。こっちは綾香がたどり着いているかどうかなのに」%K%P
この足音は……来たっ！%K%P
この足音は……来たっ！%K%P
「……お待たせっ！　ことりちゃん、いい腕ねっ」%K%P
「……お待たせっ！　ことりちゃん、いい腕ねっ」%K%P
「綾香っ。ことりちゃんの矢に気づいてくれたのね」%K%P
「綾香っ。ことりちゃんの矢に気づいてくれたのね」%K%P
「さあ、いずみさんの元へ。二人の力が必要なの。\n　わたしが{殿:しんがり}を務めるから」%K%P
「さあ、いずみさんの元へ。二人の力が必要なの。\n　わたしが{殿:しんがり}を務めるから」%K%P
「えっ、でも綾香様……」%K%P
「えっ、でも綾香様……」%K%P
楓様には悪いですけど、三人で戦えば勝てるんじゃ……%K%P
楓様には悪いですけど、三人で戦えば勝てるんじゃ……%K%P
「行きましょうことりちゃん。綾香がそう言うのならば、なにか理由があるはず」%K%P
「行きましょうことりちゃん。綾香がそう言うのならば、なにか理由があるはず」%K%P
「わ、分かりましたっ。それでは、綾香様」%K%P
「わ、分かりましたっ。それでは、綾香様」%K%P
そうだよね、綾香様だもん――私は後ろ髪を引かれる思いで、駆け出した。%K%P
そうだよね、綾香様だもん――私は後ろ髪を引かれる思いで、駆け出した。%K%P
「綾香さんとは一度、真剣勝負をしてみたかった。最高の舞台で剣を交えることが出来るなんて……本気でいくから」%K%P
「綾香さんとは一度、真剣勝負をしてみたかった。最高の舞台で剣を交えることが出来るなんて……本気でいくから」%K%P
「うっわぁ、怖いなぁ～。わたしの剣がどこまで輝堂流に通じるか分からないけど……いくわよっ」%K%P
「うっわぁ、怖いなぁ～。わたしの剣がどこまで輝堂流に通じるか分からないけど……いくわよっ」%K%P
