――僕と千影が結ばれた日から数日後。%K%P
――僕と千影が結ばれた日から数日後。%K%P
「…………」%K%P
「…………」%K%P
そわそわ。%K%P
そわそわ。%K%P
「う～、ちょっと緊張してきた」%K%P
「う～、ちょっと緊張してきた」%K%P
浮ついた気分で周囲を見回すと、さすが祝日だけあって、商店街はたくさんの人が行き交っている。%K%P
浮ついた気分で周囲を見回すと、さすが祝日だけあって、商店街はたくさんの人が行き交っている。%K%P
本屋に入っていく学生、手提げを持ったおばあちゃん、そして子どもを肩車しているお父さん。%K%P
本屋に入っていく学生、手提げを持ったおばあちゃん、そして子どもを肩車しているお父さん。%K%P
「まだかな……」%K%P
「まだかな……」%K%P
僕がここに立ち続けて３０分くらいになるだろうか。%K%P
僕がここに立ち続けて３０分くらいになるだろうか。%K%P
帽子を深く被り直し、深呼吸をひとつ。%K%P
帽子を深く被り直し、深呼吸をひとつ。%K%P
空気を肺いっぱい吸い込んでみるものの、緊張感は無くなりそうにない。%K%P
空気を肺いっぱい吸い込んでみるものの、緊張感は無くなりそうにない。%K%P
「……あの」%K%P
「……あの」%K%P
背後から突然話しかけられ、僕は反射的に振り返った。%K%P
背後から突然話しかけられ、僕は反射的に振り返った。%K%P
「千影……」%K%P
「千影……」%K%P
「良かった。やっぱり司だった」%K%P
「良かった。やっぱり司だった」%K%P
私服姿の千影がにっこりと微笑んでくれる。%K%P
私服姿の千影がにっこりと微笑んでくれる。%K%P
「女装してないのによく分かったね」%K%P
「女装してないのによく分かったね」%K%P
「ふふっ、わかるわよ。入り口の所で挙動不審にしてたから目立っていたし」%K%P
「ふふっ、わかるわよ。入り口の所で挙動不審にしてたから目立っていたし」%K%P
「う……デートだからさ、緊張しちゃって」%K%P
「う……デートだからさ、緊張しちゃって」%K%P
「そう？　私は平気だけれど」%K%P
「そう？　私は平気だけれど」%K%P
くぅ……なんか余裕そうじゃないか。ちょっと悔しい。%K%P
くぅ……なんか余裕そうじゃないか。ちょっと悔しい。%K%P
「その袋は？」%K%P
「その袋は？」%K%P
僕が持っていた紙袋に千影が興味を示す。%K%P
僕が持っていた紙袋に千影が興味を示す。%K%P
「制服だよ。学園の敷地内は女装しないとマズいから」%K%P
「制服だよ。学園の敷地内は女装しないとマズいから」%K%P
「なるほど……じゃあ途中で着替えてきたんだ」%K%P
「なるほど……じゃあ途中で着替えてきたんだ」%K%P
「うん。近くの共同トイレで」%K%P
「うん。近くの共同トイレで」%K%P
「え、えーと……」%K%P
「え、えーと……」%K%P
じーっ、と千影の視線が僕の頭から靴までを往復する。%K%P
じーっ、と千影の視線が僕の頭から靴までを往復する。%K%P
なんだか恥ずかしいなぁ……。%K%P
なんだか恥ずかしいなぁ……。%K%P
「……やっぱり男の人か」%K%P
「……やっぱり男の人か」%K%P
「まだ疑ってるの！？」%K%P
「まだ疑ってるの！？」%K%P
「そうではなくて、普段が女性の制服だから。私服だと格好良く見える」%K%P
「そうではなくて、普段が女性の制服だから。私服だと格好良く見える」%K%P
「あ、ありがとう。千影も……可愛いよ」%K%P
「あ、ありがとう。千影も……可愛いよ」%K%P
「――っ！」%K%P
「――っ！」%K%P
ボンッ、と効果音が出てきそうな勢いで、千影の頬が朱に染まった。%K%P
ボンッ、と効果音が出てきそうな勢いで、千影の頬が朱に染まった。%K%P
「本当に……？」%K%P
「本当に……？」%K%P
「もちろんだよ。制服もいいけど、新鮮な感じ」%K%P
「もちろんだよ。制服もいいけど、新鮮な感じ」%K%P
「ふふ……そう言ってもらえると嬉しい」%K%P
「ふふ……そう言ってもらえると嬉しい」%K%P
突然会話が途切れ、ふたりして黙り込んでしまう。%K%P
突然会話が途切れ、ふたりして黙り込んでしまう。%K%P
こういう時ってどんな話題を振ればいいのかな……？%K%P
こういう時ってどんな話題を振ればいいのかな……？%K%P
今までだったら無意識に出てきたはずなのに、全然浮かんでこないぞ……。%K%P
今までだったら無意識に出てきたはずなのに、全然浮かんでこないぞ……。%K%P
「……そんなに緊張されると、私まで緊張するのだけれど」%K%P
「……そんなに緊張されると、私まで緊張するのだけれど」%K%P
「ご、ごめん」%K%P
「ご、ごめん」%K%P
「普段より今の方が女々しいかもね？」%K%P
「普段より今の方が女々しいかもね？」%K%P
「言い返せない……」%K%P
「言い返せない……」%K%P
「ほら、男性なのだから堂々としないと」%K%P
「ほら、男性なのだから堂々としないと」%K%P
千影は微笑んで、僕の手を優しく握ってくれた。%K%P
千影は微笑んで、僕の手を優しく握ってくれた。%K%P
「……頑張るよ。とりあえず、行こうか」%K%P
「……頑張るよ。とりあえず、行こうか」%K%P
「――あなたとこうして並んで歩くなんて、少し昔には想像できなかった」%K%P
「――あなたとこうして並んで歩くなんて、少し昔には想像できなかった」%K%P
人混みに紛れながら歩いていると、千影がぽつりとつぶやく。%K%P
人混みに紛れながら歩いていると、千影がぽつりとつぶやく。%K%P
「初めて顔を合わせたのって、僕と廊下で鉢合わせた時だよね」%K%P
「初めて顔を合わせたのって、僕と廊下で鉢合わせた時だよね」%K%P
「そう。倒れそうになる司を私が支えたのよね」%K%P
「そう。倒れそうになる司を私が支えたのよね」%K%P
「あの時は心臓が飛び出すんじゃないかってくらい、緊張したなぁ……」%K%P
「あの時は心臓が飛び出すんじゃないかってくらい、緊張したなぁ……」%K%P
「今でも思い出せるわ……司、可愛かったわ」%K%P
「今でも思い出せるわ……司、可愛かったわ」%K%P
「あ、あはは……」%K%P
「あ、あはは……」%K%P
苦笑いを浮かべる僕とは対照的に楽しそうな笑顔の千影。%K%P
苦笑いを浮かべる僕とは対照的に楽しそうな笑顔の千影。%K%P
「……そういえば歩いてるだけだったね。どこか寄りたい所とかある？」%K%P
「……そういえば歩いてるだけだったね。どこか寄りたい所とかある？」%K%P
「いえ、全然考えてなかったけれど……」%K%P
「いえ、全然考えてなかったけれど……」%K%P
改めて考えると、これってデートなんだよな。%K%P
改めて考えると、これってデートなんだよな。%K%P
千影と一緒に出かけるってだけで、舞い上がっちゃってプランとか考えてなかった。%K%P
千影と一緒に出かけるってだけで、舞い上がっちゃってプランとか考えてなかった。%K%P
男として、ちょっとカッコ悪いかもしれない……。%K%P
男として、ちょっとカッコ悪いかもしれない……。%K%P
「このまましばらく散策しましょう。気になる店があったら入ればいいだけの事だし」%K%P
「このまましばらく散策しましょう。気になる店があったら入ればいいだけの事だし」%K%P
考えがまとまらずに困っていると、助け船を出してくれた。%K%P
考えがまとまらずに困っていると、助け船を出してくれた。%K%P
「それに、司と一緒ならどこでも構わないから……」%K%P
「それに、司と一緒ならどこでも構わないから……」%K%P
初めて会った時は誰とも距離を取っていたのに、今はこうして様々な表情を見せてくれる。%K%P
初めて会った時は誰とも距離を取っていたのに、今はこうして様々な表情を見せてくれる。%K%P
僕はそれがとても嬉しかった。%K%P
僕はそれがとても嬉しかった。%K%P
それからしばらく周辺を歩き、ウィンドウショッピングを楽しんでいると、千影が突然立ち止まる。%K%P
それからしばらく周辺を歩き、ウィンドウショッピングを楽しんでいると、千影が突然立ち止まる。%K%P
「どうかしたの？」%K%P
「どうかしたの？」%K%P
「あそこ、行列が出来ているみたいだけど何かしら」%K%P
「あそこ、行列が出来ているみたいだけど何かしら」%K%P
千影の視線を追うと、確かに２０人くらいの行列ができていた。%K%P
千影の視線を追うと、確かに２０人くらいの行列ができていた。%K%P
よく見ると、カップルと学生が８割くらい。%K%P
よく見ると、カップルと学生が８割くらい。%K%P
先頭にはピンク色の車と、エプロンを着けた女性が笑顔で頭を下げている。%K%P
先頭にはピンク色の車と、エプロンを着けた女性が笑顔で頭を下げている。%K%P
「移動販売みたいだね。あれは……シュークリームかな」%K%P
「移動販売みたいだね。あれは……シュークリームかな」%K%P
「シュークリーム……」%K%P
「シュークリーム……」%K%P
「並んでみる？」%K%P
「並んでみる？」%K%P
「ええ。少しだけお腹が空いたから」%K%P
「ええ。少しだけお腹が空いたから」%K%P
手を繋いだまま最後尾へ。%K%P
手を繋いだまま最後尾へ。%K%P
他の人から見たら、やっぱりカップルとして見られるのかな。%K%P
他の人から見たら、やっぱりカップルとして見られるのかな。%K%P
「甘いものは好き？」%K%P
「甘いものは好き？」%K%P
「好きかな。司の方が好きだけれど」%K%P
「好きかな。司の方が好きだけれど」%K%P
「突然ドキっとさせないでよ……」%K%P
「突然ドキっとさせないでよ……」%K%P
「ちょっとした仕返しよ」%K%P
「ちょっとした仕返しよ」%K%P
「……この後はどうしよっか。結構歩いたから休憩する？」%K%P
「……この後はどうしよっか。結構歩いたから休憩する？」%K%P
「それもいいかもね。どこかに座ってシュークリームをいただきましょう」%K%P
「それもいいかもね。どこかに座ってシュークリームをいただきましょう」%K%P
予定も決まったタイミングで、前の人からメニュー表が回ってきた。%K%P
予定も決まったタイミングで、前の人からメニュー表が回ってきた。%K%P
「へぇ……たくさん種類がある」%K%P
「へぇ……たくさん種類がある」%K%P
「これはどれにするか迷っちゃうね」%K%P
「これはどれにするか迷っちゃうね」%K%P
定番のカスタードやホイップはもちろん、抹茶やイチゴ、ヨーグルトなどもある。%K%P
定番のカスタードやホイップはもちろん、抹茶やイチゴ、ヨーグルトなどもある。%K%P
「うーん……」%K%P
「うーん……」%K%P
真剣な顔をして考え込む千影が、やけに可愛らしく見えるなぁ。%K%P
真剣な顔をして考え込む千影が、やけに可愛らしく見えるなぁ。%K%P
「どう？　決まりそう？」%K%P
「どう？　決まりそう？」%K%P
「カスタードが美味しそうなのだけれど、生チョコレートも気になってしまって……」%K%P
「カスタードが美味しそうなのだけれど、生チョコレートも気になってしまって……」%K%P
「だったら１個ずつ買って、分け合わない？」%K%P
「だったら１個ずつ買って、分け合わない？」%K%P
「ありがたいけれど、司は食べたい味とかはないの？」%K%P
「ありがたいけれど、司は食べたい味とかはないの？」%K%P
「全部美味しそうだし問題ないよ。千影が食べたいのがあれば、それがいいかな」%K%P
「全部美味しそうだし問題ないよ。千影が食べたいのがあれば、それがいいかな」%K%P
「司がそう言うなら、今回はお言葉に甘えさせてもらうね」%K%P
「司がそう言うなら、今回はお言葉に甘えさせてもらうね」%K%P
少し足を伸ばして、僕たちは公園へとやってきた。%K%P
少し足を伸ばして、僕たちは公園へとやってきた。%K%P
空いているベンチを見つけ、千影と並んで腰を下ろす。%K%P
空いているベンチを見つけ、千影と並んで腰を下ろす。%K%P
「歩かせちゃってごめんね。落ち着いて座れる場所がここくらいしか浮かばなかったんだ」%K%P
「歩かせちゃってごめんね。落ち着いて座れる場所がここくらいしか浮かばなかったんだ」%K%P
「ううん。素敵な場所じゃない」%K%P
「ううん。素敵な場所じゃない」%K%P
千影は目を細め、離れた所にある砂場で遊んでいた子供たちの方を見つめる。%K%P
千影は目を細め、離れた所にある砂場で遊んでいた子供たちの方を見つめる。%K%P
「……この公園にあの日来なかったら、千影と出会う事はなかったのかな」%K%P
「……この公園にあの日来なかったら、千影と出会う事はなかったのかな」%K%P
ふと、日本に帰ってきたばかりの事を思い出す。%K%P
ふと、日本に帰ってきたばかりの事を思い出す。%K%P
「どうして？」%K%P
「どうして？」%K%P
「話すとちょっとだけ長くなるかもしれないから、先にシュークリームを食べよう」%K%P
「話すとちょっとだけ長くなるかもしれないから、先にシュークリームを食べよう」%K%P
「分かったわ」%K%P
「分かったわ」%K%P
ビニール袋から小さい箱を取り出し、千影に手渡した。%K%P
ビニール袋から小さい箱を取り出し、千影に手渡した。%K%P
「これは……」%K%P
「これは……」%K%P
箱を開けると、大きく膨らんだ生地が姿を見せる。%K%P
箱を開けると、大きく膨らんだ生地が姿を見せる。%K%P
上には粉砂糖が降りかかっていて、まるで雪化粧をしたような様は、誰が見ても涎が出てくるに違いない。%K%P
上には粉砂糖が降りかかっていて、まるで雪化粧をしたような様は、誰が見ても涎が出てくるに違いない。%K%P
「食べてみよう」%K%P
「食べてみよう」%K%P
千影は頷くと、両手でシュークリームを持って口へと運んだ。%K%P
千影は頷くと、両手でシュークリームを持って口へと運んだ。%K%P
「つ、司……！　美味しい……！」%K%P
「つ、司……！　美味しい……！」%K%P
「どれどれ……」%K%P
「どれどれ……」%K%P
生チョコと書かれたシールが貼ってある箱を開け、僕も一口かじってみる。%K%P
生チョコと書かれたシールが貼ってある箱を開け、僕も一口かじってみる。%K%P
思っていたよりも濃厚で、口いっぱいにチョコの甘みが広がっていく。%K%P
思っていたよりも濃厚で、口いっぱいにチョコの甘みが広がっていく。%K%P
こんなシュークリームを食べたのは初めてかも……。%K%P
こんなシュークリームを食べたのは初めてかも……。%K%P
「こっちもすごく美味しいよ」%K%P
「こっちもすごく美味しいよ」%K%P
「カスタードも食べてみて」%K%P
「カスタードも食べてみて」%K%P
そう言って、千影は僕にシュークリームを差し出す。%K%P
そう言って、千影は僕にシュークリームを差し出す。%K%P
もしかしてこれは……『あーん』ってやつじゃないか！？%K%P
もしかしてこれは……『あーん』ってやつじゃないか！？%K%P
「あっ」%K%P
「あっ」%K%P
僕の思っていた事に気付いたのか、千影は手を引っ込めてしまう。%K%P
僕の思っていた事に気付いたのか、千影は手を引っ込めてしまう。%K%P
「ごめんなさい、思わず」%K%P
「ごめんなさい、思わず」%K%P
「いいんだ。でも……千影さえ良ければ、あーんってして欲しいかも」%K%P
「いいんだ。でも……千影さえ良ければ、あーんってして欲しいかも」%K%P
「う、うん……分かった」%K%P
「う、うん……分かった」%K%P
上目づかいで僕を見てくる千影。%K%P
上目づかいで僕を見てくる千影。%K%P
覚悟が決まったようで、僕に再びシュークリームを差し出してくる。%K%P
覚悟が決まったようで、僕に再びシュークリームを差し出してくる。%K%P
「あ、あーーーん」%K%P
「あ、あーーーん」%K%P
ああ……すごく可愛い、なんて思いつつ、僕は顔を近づけた。%K%P
ああ……すごく可愛い、なんて思いつつ、僕は顔を近づけた。%K%P
たっぷりのカスタードが溢れないように注意して、ひとかじり。%K%P
たっぷりのカスタードが溢れないように注意して、ひとかじり。%K%P
「……これも美味しいなぁ」%K%P
「……これも美味しいなぁ」%K%P
「で、でしょう……？」%K%P
「で、でしょう……？」%K%P
「今度は僕がしてもいいかな」%K%P
「今度は僕がしてもいいかな」%K%P
「いいけれど……」%K%P
「いいけれど……」%K%P
許可が下りたところで、生チョコレートの方を千影の顔の前に出す。%K%P
許可が下りたところで、生チョコレートの方を千影の顔の前に出す。%K%P
「食べる側って、結構恥ずかしい……」%K%P
「食べる側って、結構恥ずかしい……」%K%P
「今度は千影の番だよ。はい、あーん」%K%P
「今度は千影の番だよ。はい、あーん」%K%P
「……あむっ……んっ……」%K%P
「……あむっ……んっ……」%K%P
僕が食べた場所の上から、小さく開けた口が重なる。%K%P
僕が食べた場所の上から、小さく開けた口が重なる。%K%P
「うん……行列が出来ていたのも頷ける」%K%P
「うん……行列が出来ていたのも頷ける」%K%P
「次は他の味も食べてみよう」%K%P
「次は他の味も食べてみよう」%K%P
「ええ。次の楽しみが出来た」%K%P
「ええ。次の楽しみが出来た」%K%P
千影は微笑みながら、僕の口元に人差し指を触れさせた。%K%P
千影は微笑みながら、僕の口元に人差し指を触れさせた。%K%P
「カスタード、付いてる」%K%P
「カスタード、付いてる」%K%P
そのまま僕に見せつけるように、すくい取ったそれをぺろりと舐める。%K%P
そのまま僕に見せつけるように、すくい取ったそれをぺろりと舐める。%K%P
こういう時は、ありがとうって言えばいいのかな……？%K%P
こういう時は、ありがとうって言えばいいのかな……？%K%P
恋愛経験がまだまだ足りない僕は悩むのであった。%K%P
恋愛経験がまだまだ足りない僕は悩むのであった。%K%P
やがてシュークリームを食べ終えると、千影が僕の方を向いた。%K%P
やがてシュークリームを食べ終えると、千影が僕の方を向いた。%K%P
「先ほどの話の続きを聞きたいのだけれど」%K%P
「先ほどの話の続きを聞きたいのだけれど」%K%P
「うん。日本に帰って来た時、両親が入れ違いで海外に行っちゃってね」%K%P
「うん。日本に帰って来た時、両親が入れ違いで海外に行っちゃってね」%K%P
「家もリフォーム中で、寝る場所がなかったんだ」%K%P
「家もリフォーム中で、寝る場所がなかったんだ」%K%P
「いきなり災難ね……」%K%P
「いきなり災難ね……」%K%P
「それで宿探しをするつもりだったんだけど、その途中で楽器を演奏する音が聞こえて――」%K%P
「それで宿探しをするつもりだったんだけど、その途中で楽器を演奏する音が聞こえて――」%K%P
公園で出会ったバンドの人と一緒に歌って、たまたま法子さんが居合わせて……。%K%P
公園で出会ったバンドの人と一緒に歌って、たまたま法子さんが居合わせて……。%K%P
今まで起きた事を思い返しながら話すと、千影は黙って頷き返してくれる。%K%P
今まで起きた事を思い返しながら話すと、千影は黙って頷き返してくれる。%K%P
「……それが、この公園なんだ」%K%P
「……それが、この公園なんだ」%K%P
一通り話し終える頃には、空がオレンジ色に変わり始めていた。%K%P
一通り話し終える頃には、空がオレンジ色に変わり始めていた。%K%P
遊んでいた子供たちも皆帰っていき、周囲はすっかり静かになっている。%K%P
遊んでいた子供たちも皆帰っていき、周囲はすっかり静かになっている。%K%P
「それって、奇跡よね」%K%P
「それって、奇跡よね」%K%P
「奇跡か……そうかもしれない」%K%P
「奇跡か……そうかもしれない」%K%P
「だったら、感謝しないといけないわね。司に出逢えたことを」%K%P
「だったら、感謝しないといけないわね。司に出逢えたことを」%K%P
「ありがとう、司」%K%P
「ありがとう、司」%K%P
その一言に僕はいてもたってもいられなくなって、千影を抱きしめた。%K%P
その一言に僕はいてもたってもいられなくなって、千影を抱きしめた。%K%P
「千影、愛してる」%K%P
「千影、愛してる」%K%P
「私も……」%K%P
「私も……」%K%P
どちらからともなく唇が近づいて――触れ合う。%K%P
どちらからともなく唇が近づいて――触れ合う。%K%P
「名残惜しいけど、そろそろ寮に戻らないとかな……」%K%P
「名残惜しいけど、そろそろ寮に戻らないとかな……」%K%P
「そう……ね」%K%P
「そう……ね」%K%P
「楽しい時間ってあっという間に過ぎちゃうよね」%K%P
「楽しい時間ってあっという間に過ぎちゃうよね」%K%P
「司。お願いがあるのだけれど――」%K%P
「司。お願いがあるのだけれど――」%K%P
千影の瞳が真っ直ぐ僕に向けられた。%K%P
千影の瞳が真っ直ぐ僕に向けられた。%K%P
「私の家に、泊まらない？」%K%P
「私の家に、泊まらない？」%K%P
「それは――」%K%P
「それは――」%K%P
「ダメ……？」%K%P
「ダメ……？」%K%P
「ダメじゃないけど……」%K%P
「ダメじゃないけど……」%K%P
「綾香さん達にはアリアの件で打ち合わせをするから、家に泊めると連絡しておくから……」%K%P
「綾香さん達にはアリアの件で打ち合わせをするから、家に泊めると連絡しておくから……」%K%P
懇願する姿を見ていると、断る訳にもいかなくなってくる。%K%P
懇願する姿を見ていると、断る訳にもいかなくなってくる。%K%P
それに僕自身、もっと千影と居たいという気持ちがあった。%K%P
それに僕自身、もっと千影と居たいという気持ちがあった。%K%P
「分かった。一晩お世話になるね」%K%P
「分かった。一晩お世話になるね」%K%P
「あ……うん！」%K%P
「あ……うん！」%K%P
公園の近くのバス停から、バスに乗り込んで３０分ほど移動し、徒歩で１０分。%K%P
公園の近くのバス停から、バスに乗り込んで３０分ほど移動し、徒歩で１０分。%K%P
「うわぁ……」%K%P
「うわぁ……」%K%P
まるでテレビやドラマにしか出てこないような豪邸が、そこにはあった。%K%P
まるでテレビやドラマにしか出てこないような豪邸が、そこにはあった。%K%P
千影は、門の傍に立つとインターホンに向かい耳打ちする。%K%P
千影は、門の傍に立つとインターホンに向かい耳打ちする。%K%P
すると頑丈そうな門が自動で開き始めた。%K%P
すると頑丈そうな門が自動で開き始めた。%K%P
「入って」%K%P
「入って」%K%P
うぅ、緊張してきたぞ……。%K%P
うぅ、緊張してきたぞ……。%K%P
「お邪魔します……」%K%P
「お邪魔します……」%K%P
千影に連れられ、僕はとある一室へと通された。%K%P
千影に連れられ、僕はとある一室へと通された。%K%P
「どうぞ。少し散らかっているのは目をつぶってね」%K%P
「どうぞ。少し散らかっているのは目をつぶってね」%K%P
「凄いね、廊下でメイドさんに頭を下げられた時はびっくりしたよ」%K%P
「凄いね、廊下でメイドさんに頭を下げられた時はびっくりしたよ」%K%P
「この屋敷は広いから。とても身内だけでは管理できないの」%K%P
「この屋敷は広いから。とても身内だけでは管理できないの」%K%P
育ちが良さそうだとは思っていたけど、まさかこんな環境で生活しているなんて……。%K%P
育ちが良さそうだとは思っていたけど、まさかこんな環境で生活しているなんて……。%K%P
「そういえば、ご両親に挨拶しておいた方がいいと思うんだけど」%K%P
「そういえば、ご両親に挨拶しておいた方がいいと思うんだけど」%K%P
「そ、それって……！　まだ私たち学生じゃないっ……！」%K%P
「そ、それって……！　まだ私たち学生じゃないっ……！」%K%P
「話が飛躍してるよ！　一晩お世話になるからさ、深い意味はないって」%K%P
「話が飛躍してるよ！　一晩お世話になるからさ、深い意味はないって」%K%P
「あ、あぁ……そうよね。取り乱してしまってごめんなさい」%K%P
「あ、あぁ……そうよね。取り乱してしまってごめんなさい」%K%P
いずれそういう挨拶もする事になるとは思うけど……。%K%P
いずれそういう挨拶もする事になるとは思うけど……。%K%P
「……今日はお父様もお母様も仕事で留守だから」%K%P
「……今日はお父様もお母様も仕事で留守だから」%K%P
そうか……それは残念。%K%P
そうか……それは残念。%K%P
千影のご両親がどんな人なのか気になっていたけど、またの機会かな。%K%P
千影のご両親がどんな人なのか気になっていたけど、またの機会かな。%K%P
「ちなみにだけど、ここって千影の部屋なのかな？」%K%P
「ちなみにだけど、ここって千影の部屋なのかな？」%K%P
「ええ。そうだけれど」%K%P
「ええ。そうだけれど」%K%P
改めて部屋を見回してみる。%K%P
改めて部屋を見回してみる。%K%P
まず目に入ってきたのは大きな本棚。小説や雑誌など、さまざまなジャンルの本が並べられていた。%K%P
まず目に入ってきたのは大きな本棚。小説や雑誌など、さまざまなジャンルの本が並べられていた。%K%P
ふと、千影と出会ったばかりの頃に、教室で読書の話をしたのを思い出す。%K%P
ふと、千影と出会ったばかりの頃に、教室で読書の話をしたのを思い出す。%K%P
「他にも広い書斎があって、ここの数十倍は保管してあるの」%K%P
「他にも広い書斎があって、ここの数十倍は保管してあるの」%K%P
僕が本棚を見ていた事に気付いたようで、千影は誇らしげにそう言った。%K%P
僕が本棚を見ていた事に気付いたようで、千影は誇らしげにそう言った。%K%P
「勝手な想像だけど、図書館みたいだね」%K%P
「勝手な想像だけど、図書館みたいだね」%K%P
「私の中では、屋敷で一番自信を持って紹介できる場所よ。後で一緒に行きましょう」%K%P
「私の中では、屋敷で一番自信を持って紹介できる場所よ。後で一緒に行きましょう」%K%P
……それは楽しみだなぁ。声楽の本もあったりして。%K%P
……それは楽しみだなぁ。声楽の本もあったりして。%K%P
わくわくしながら、僕は本棚から机へと目線を移す。%K%P
わくわくしながら、僕は本棚から机へと目線を移す。%K%P
机の上は綺麗に整頓されていて、普段からそこで読書や勉強しているのだと容易に想像できた。%K%P
机の上は綺麗に整頓されていて、普段からそこで読書や勉強しているのだと容易に想像できた。%K%P
「ん……？」%K%P
「ん……？」%K%P
辞書やノートが置かれている中で、一冊だけ雑誌のような物がある。%K%P
辞書やノートが置かれている中で、一冊だけ雑誌のような物がある。%K%P
僕はそれが気になって、机の前まで歩いて行く。%K%P
僕はそれが気になって、机の前まで歩いて行く。%K%P
手に取ってみると、表紙に若い女の子が大きく写っていた。どうやら女の子向けの雑誌らしい。%K%P
手に取ってみると、表紙に若い女の子が大きく写っていた。どうやら女の子向けの雑誌らしい。%K%P
「こういうのも読むんだ」%K%P
「こういうのも読むんだ」%K%P
「へ、変かしら……？」%K%P
「へ、変かしら……？」%K%P
「ううん、お洒落とかに興味を持つことは良いことだと思うよ」%K%P
「ううん、お洒落とかに興味を持つことは良いことだと思うよ」%K%P
ぱらぱらとページをまくると、折り目の付いている所を見つけた。%K%P
ぱらぱらとページをまくると、折り目の付いている所を見つけた。%K%P
なになに、男性が望む理想のエッチ――？%K%P
なになに、男性が望む理想のエッチ――？%K%P
「ぶっ……！」%K%P
「ぶっ……！」%K%P
予想外の内容に、思わず吹き出してしまう。%K%P
予想外の内容に、思わず吹き出してしまう。%K%P
「え、あっ！　ダメっ！」%K%P
「え、あっ！　ダメっ！」%K%P
千影は慌てて僕から雑誌を取り上げる。%K%P
千影は慌てて僕から雑誌を取り上げる。%K%P
今時の雑誌って、あんな特集とかを載せちゃうのか……。%K%P
今時の雑誌って、あんな特集とかを載せちゃうのか……。%K%P
…………あれ？　折り目が付いていたってことは、少なくとも読み込んでる？%K%P
…………あれ？　折り目が付いていたってことは、少なくとも読み込んでる？%K%P
「油断してた……うぅ」%K%P
「油断してた……うぅ」%K%P
雑誌を抱きしめるようにして、千影はうつむいてしまう。%K%P
雑誌を抱きしめるようにして、千影はうつむいてしまう。%K%P
あくまで都合のいい妄想だけど、先日の件で興味を持ってくれたって事なのかな。%K%P
あくまで都合のいい妄想だけど、先日の件で興味を持ってくれたって事なのかな。%K%P
「……先日の性行為が頭から離れなくて、その」%K%P
「……先日の性行為が頭から離れなくて、その」%K%P
「違ってたら悪いけど、今日誘ったのは……」%K%P
「違ってたら悪いけど、今日誘ったのは……」%K%P
「また、愛してくれるかなって――」%K%P
「また、愛してくれるかなって――」%K%P
「ああもう……！」%K%P
「ああもう……！」%K%P
愛おしさが限界まで達し、僕はそのまま千影を抱きかかえた。%K%P
愛おしさが限界まで達し、僕はそのまま千影を抱きかかえた。%K%P
「可愛すぎるよ、千影は」%K%P
「可愛すぎるよ、千影は」%K%P
千影をベッドの上まで連れて行くと、そのまま柔らかそうな唇を塞いだ。%K%P
千影をベッドの上まで連れて行くと、そのまま柔らかそうな唇を塞いだ。%K%P
「んっ、ちゅぅ……ちゅ……」%K%P
「んっ、ちゅぅ……ちゅ……」%K%P
「はぁっ……司……」%K%P
「はぁっ……司……」%K%P
「いっぱい愛したいんだけど、いいかな」%K%P
「いっぱい愛したいんだけど、いいかな」%K%P
「はい……司の好きなように、愛して下さい」%K%P
「はい……司の好きなように、愛して下さい」%K%P
華奢な身体を抱きしめ、千影の体温を感じ取る。%K%P
華奢な身体を抱きしめ、千影の体温を感じ取る。%K%P
「んん……んっ、ちゅ、んちゅ、くちゅ……んちゅ……」%K%P
「んん……んっ、ちゅ、んちゅ、くちゅ……んちゅ……」%K%P
前回とは違い、いきなり舌を絡ませていく。%K%P
前回とは違い、いきなり舌を絡ませていく。%K%P
千影もすぐにそれを受け入れてくれて、互いの唾液を混ぜながら激しく求め合う。%K%P
千影もすぐにそれを受け入れてくれて、互いの唾液を混ぜながら激しく求め合う。%K%P
キスをする事に慣れたのか、積極的に千影の舌が動く。%K%P
キスをする事に慣れたのか、積極的に千影の舌が動く。%K%P
「くちゅ、んちゅぷ、んちゅ……ちゅぅ……じゅうぅぅ……」%K%P
「くちゅ、んちゅぷ、んちゅ……ちゅぅ……じゅうぅぅ……」%K%P
「はっ……はぁ……すごくいいよ、千影……」%K%P
「はっ……はぁ……すごくいいよ、千影……」%K%P
呼吸を整えながら、千影の瞳を見つめる。%K%P
呼吸を整えながら、千影の瞳を見つめる。%K%P
「キスするの、気持ちが良くて、本当に好き……もっと」%K%P
「キスするの、気持ちが良くて、本当に好き……もっと」%K%P
今度は千影の温かく柔らかな舌が、僕の口内へと侵入してきた。%K%P
今度は千影の温かく柔らかな舌が、僕の口内へと侵入してきた。%K%P
僕はそれを吸い込むようにして刺激していく。%K%P
僕はそれを吸い込むようにして刺激していく。%K%P
「じゅるぅ……じゅちゅ、んちゅ……んっ、んぱぁ、んはぁ……はぁ」%K%P
「じゅるぅ……じゅちゅ、んちゅ……んっ、んぱぁ、んはぁ……はぁ」%K%P
ねっとりと絡み合った舌が離れ、僕と千影の間に透明な唾液の糸がだらりと伸びる。%K%P
ねっとりと絡み合った舌が離れ、僕と千影の間に透明な唾液の糸がだらりと伸びる。%K%P
やがてそれは途中で切れ、千影の口元に付着した。%K%P
やがてそれは途中で切れ、千影の口元に付着した。%K%P
「こっちも触るよ」%K%P
「こっちも触るよ」%K%P
「……どうぞ」%K%P
「……どうぞ」%K%P
僕に気を遣ってくれたのか、少しだけ胸を突き出してくれる。%K%P
僕に気を遣ってくれたのか、少しだけ胸を突き出してくれる。%K%P
サイズが大きいだけあって、服の上からでもものすごい存在感だ。%K%P
サイズが大きいだけあって、服の上からでもものすごい存在感だ。%K%P
手を伸ばし、膨らみに押し当てる。%K%P
手を伸ばし、膨らみに押し当てる。%K%P
「んっ……あんっ……」%K%P
「んっ……あんっ……」%K%P
「脱いでないのに、ドキドキしてるのが分かるよ」%K%P
「脱いでないのに、ドキドキしてるのが分かるよ」%K%P
「んふぅ……んっ、あっ、んくぅ、や、ん、んうぅ……」%K%P
「んふぅ……んっ、あっ、んくぅ、や、ん、んうぅ……」%K%P
手を動かして、柔らかな胸の弾力を味わう。%K%P
手を動かして、柔らかな胸の弾力を味わう。%K%P
千影は小さく身体を震わせ、僕の肩に両手を乗せた。%K%P
千影は小さく身体を震わせ、僕の肩に両手を乗せた。%K%P
「ふぁあぁ……んあっ、あふっ、んんぅ……はぁ、あっ……」%K%P
「ふぁあぁ……んあっ、あふっ、んんぅ……はぁ、あっ……」%K%P
小さな口から漏れた吐息はとても熱くて、僕の顔に少しだけ当たる。%K%P
小さな口から漏れた吐息はとても熱くて、僕の顔に少しだけ当たる。%K%P
白く艶のある頬は少しずつ紅潮していき、目がとろんと変化していくのに気付いた。%K%P
白く艶のある頬は少しずつ紅潮していき、目がとろんと変化していくのに気付いた。%K%P
「ああん、んあっ、ふぁ……ん、あ、あぁ……」%K%P
「ああん、んあっ、ふぁ……ん、あ、あぁ……」%K%P
「どう？　気持ちいい？」%K%P
「どう？　気持ちいい？」%K%P
「んんっ……あん、気持ちいい……んっ、ふぁ、やっ……」%K%P
「んんっ……あん、気持ちいい……んっ、ふぁ、やっ……」%K%P
「あっ、んふっ、直接、して欲しい……ああん……」%K%P
「あっ、んふっ、直接、して欲しい……ああん……」%K%P
もしかしたら、僕の思っている以上に千影はエッチな女の子かもしれない……。%K%P
もしかしたら、僕の思っている以上に千影はエッチな女の子かもしれない……。%K%P
僕は千影の上着をまくり上げ、大人っぽいブラジャーを確認した。%K%P
僕は千影の上着をまくり上げ、大人っぽいブラジャーを確認した。%K%P
本当に触って欲しいらしく、千影は自ら背中に手を回し、ホックを外す。%K%P
本当に触って欲しいらしく、千影は自ら背中に手を回し、ホックを外す。%K%P
すると、目の前にぶるんと揺れたふたつの山が晒される。%K%P
すると、目の前にぶるんと揺れたふたつの山が晒される。%K%P
「千影の胸って大きいよね。それに、凄く柔らかいし」%K%P
「千影の胸って大きいよね。それに、凄く柔らかいし」%K%P
「司に触れて貰えて、初めて大きくて良かったと思えた……」%K%P
「司に触れて貰えて、初めて大きくて良かったと思えた……」%K%P
「だから……私の胸、もっと好きになって欲しい」%K%P
「だから……私の胸、もっと好きになって欲しい」%K%P
「もう夢中になっちゃってるけどね」%K%P
「もう夢中になっちゃってるけどね」%K%P
そう答えながら、両手で露わになった乳房を揉み始める。%K%P
そう答えながら、両手で露わになった乳房を揉み始める。%K%P
「んっ、んはぁ……んくぅ！　あんっ、んはぁ……あっ、んんぅ……」%K%P
「んっ、んはぁ……んくぅ！　あんっ、んはぁ……あっ、んんぅ……」%K%P
やはり直接の方が感じるのか、悶えるように身体を動かす。%K%P
やはり直接の方が感じるのか、悶えるように身体を動かす。%K%P
「はふぅ、あっ、くっ、んはぁ……直接、いいの……あっ、あっ、んはぁ……」%K%P
「はふぅ、あっ、くっ、んはぁ……直接、いいの……あっ、あっ、んはぁ……」%K%P
もっと激しくと言わんばかりに、千影は僕の手首を握り、ぎゅっと胸へと押しつける。%K%P
もっと激しくと言わんばかりに、千影は僕の手首を握り、ぎゅっと胸へと押しつける。%K%P
僕はそんな千影の行為に興奮して、頂点で硬く尖った乳首に指先を触れさせる。%K%P
僕はそんな千影の行為に興奮して、頂点で硬く尖った乳首に指先を触れさせる。%K%P
「んひゃんっ！？　んくぅ……ああっ……あんっ、や、はぁ、んああぁ……！」%K%P
「んひゃんっ！？　んくぅ……ああっ……あんっ、や、はぁ、んああぁ……！」%K%P
一瞬だけ千影の身体が跳ね、唾液が唇から溢れた。%K%P
一瞬だけ千影の身体が跳ね、唾液が唇から溢れた。%K%P
「そこはっ……だめ、真っ白になるぅ……！　ああっ、んああっ！」%K%P
「そこはっ……だめ、真っ白になるぅ……！　ああっ、んああっ！」%K%P
乳房とはまた違って、コリコリとした感触を楽しみつつ、僕は嬌声を漏らす千影の唇を塞ぐ。%K%P
乳房とはまた違って、コリコリとした感触を楽しみつつ、僕は嬌声を漏らす千影の唇を塞ぐ。%K%P
「んんんぅ……！　んちゅ、んぅ、じゅちゅる……」%K%P
「んんんぅ……！　んちゅ、んぅ、じゅちゅる……」%K%P
唾液を絡ませつつ、乳首を刺激して僕は千影の身体を蹂躙するように愛撫する。%K%P
唾液を絡ませつつ、乳首を刺激して僕は千影の身体を蹂躙するように愛撫する。%K%P
「ぷはぁ……はぁ、はっ、ふっ、つかさぁ……」%K%P
「ぷはぁ……はぁ、はっ、ふっ、つかさぁ……」%K%P
「乳首感じてる？」%K%P
「乳首感じてる？」%K%P
「うん、うん……あとね、口の中も司の舌でびくびくってするの……」%K%P
「うん、うん……あとね、口の中も司の舌でびくびくってするの……」%K%P
頭があまり回っていないのか、千影の口調が甘えた子どものようになっていた。%K%P
頭があまり回っていないのか、千影の口調が甘えた子どものようになっていた。%K%P
僕は愛でるように、さらさらの髪の毛を撫でてあげる。%K%P
僕は愛でるように、さらさらの髪の毛を撫でてあげる。%K%P
「……幸せ」%K%P
「……幸せ」%K%P
目を細めて、優しい笑みを見せてくれる千影。%K%P
目を細めて、優しい笑みを見せてくれる千影。%K%P
「もっと愛してあげるから……服、脱いじゃおっか」%K%P
「もっと愛してあげるから……服、脱いじゃおっか」%K%P
「うん……」%K%P
「うん……」%K%P
千影の服を脱がせ、最後の一枚だけを残した姿にする。%K%P
千影の服を脱がせ、最後の一枚だけを残した姿にする。%K%P
「司の、すごい事になってる」%K%P
「司の、すごい事になってる」%K%P
千影の視線が僕の膨らんだ股間に向けられる。%K%P
千影の視線が僕の膨らんだ股間に向けられる。%K%P
キスを始めたくらいから、だんだん血液が集中してきて、今はもうガチガチになってしまっていた。%K%P
キスを始めたくらいから、だんだん血液が集中してきて、今はもうガチガチになってしまっていた。%K%P
「……えい」%K%P
「……えい」%K%P
「あっ……」%K%P
「あっ……」%K%P
敏感な部分を指先でつつかれて、ビクンと反応してしまう。%K%P
敏感な部分を指先でつつかれて、ビクンと反応してしまう。%K%P
「こんなにびくびく動くんだ……」%K%P
「こんなにびくびく動くんだ……」%K%P
「それに先端のところ、少し湿っているよ」%K%P
「それに先端のところ、少し湿っているよ」%K%P
「千影も、凄い事になってるよ……」%K%P
「千影も、凄い事になってるよ……」%K%P
秘部の付近はもうびっちゃりと濡れていて、内ももの方にまで愛液が流れ出ていた。%K%P
秘部の付近はもうびっちゃりと濡れていて、内ももの方にまで愛液が流れ出ていた。%K%P
こんなに女の子って濡れるのか……。%K%P
こんなに女の子って濡れるのか……。%K%P
「は、恥ずかしい……」%K%P
「は、恥ずかしい……」%K%P
「最初の時よりもびちゃびちゃだ。興奮してくれたんだ」%K%P
「最初の時よりもびちゃびちゃだ。興奮してくれたんだ」%K%P
「その……キスの途中で、じんじんしてきて……」%K%P
「その……キスの途中で、じんじんしてきて……」%K%P
どうやら僕と同じで、キスだけで下半身の準備ができてしまっていたらしい。%K%P
どうやら僕と同じで、キスだけで下半身の準備ができてしまっていたらしい。%K%P
人差し指で熱くなっているクロッチに触れ、愛液をすくい上げてみる。%K%P
人差し指で熱くなっているクロッチに触れ、愛液をすくい上げてみる。%K%P
「ぬるぬるだ……」%K%P
「ぬるぬるだ……」%K%P
僕は興味本位でそれを口に含んでみた。%K%P
僕は興味本位でそれを口に含んでみた。%K%P
「あ、ダメ……汚いから……」%K%P
「あ、ダメ……汚いから……」%K%P
「汚くなんかないよ……すごくエッチな味がする」%K%P
「汚くなんかないよ……すごくエッチな味がする」%K%P
「うぅ……」%K%P
「うぅ……」%K%P
反応に困ったのか、千影は少し唸ってから口を閉ざす。%K%P
反応に困ったのか、千影は少し唸ってから口を閉ざす。%K%P
再び僕は指先をパンツの上に押し当て、今度は上下に撫でるように動かしていく。%K%P
再び僕は指先をパンツの上に押し当て、今度は上下に撫でるように動かしていく。%K%P
「んあああっ！　ああんっ……あっ、あ、ああっ、うぅ……やああっ」%K%P
「んあああっ！　ああんっ……あっ、あ、ああっ、うぅ……やああっ」%K%P
指の関節を曲げると、指先にヒクヒクと蠢く感触が下着越しにも分かる。%K%P
指の関節を曲げると、指先にヒクヒクと蠢く感触が下着越しにも分かる。%K%P
そこは布越しでもかなり熱くなっており、指がとろけてしまうのではないかとすら思えた。%K%P
そこは布越しでもかなり熱くなっており、指がとろけてしまうのではないかとすら思えた。%K%P
「やあんっ……あっ、ふぁ……あああっ、んやああぁ！」%K%P
「やあんっ……あっ、ふぁ……あああっ、んやああぁ！」%K%P
乱れる千影の吐息。額には大粒の汗が浮かび上がっている。%K%P
乱れる千影の吐息。額には大粒の汗が浮かび上がっている。%K%P
当然下着越しだけでは我慢できず、僕は布を横にずらし、そのまま指を挿入させていく。%K%P
当然下着越しだけでは我慢できず、僕は布を横にずらし、そのまま指を挿入させていく。%K%P
「ふぁあああああ……入ってくるぅ……んんんっ、あああぁ……」%K%P
「ふぁあああああ……入ってくるぅ……んんんっ、あああぁ……」%K%P
異物が侵入してくる感触に対し、千影は目をぎゅっと閉じる。%K%P
異物が侵入してくる感触に対し、千影は目をぎゅっと閉じる。%K%P
「……はぁん、んあああっ……！　つかさぁ……んっ、はああぁっ！」%K%P
「……はぁん、んあああっ……！　つかさぁ……んっ、はああぁっ！」%K%P
指先を秘部に入れると、大量に溢れ出てきていた愛液が絡みつく。%K%P
指先を秘部に入れると、大量に溢れ出てきていた愛液が絡みつく。%K%P
少しだけ円を描くように膣口をかき混ぜ、そのまま奥へと差し入れた。%K%P
少しだけ円を描くように膣口をかき混ぜ、そのまま奥へと差し入れた。%K%P
「ひゃううぅ！　あああ……、ああっ、あっ、あああ……」%K%P
「ひゃううぅ！　あああ……、ああっ、あっ、あああ……」%K%P
「痛くない？」%K%P
「痛くない？」%K%P
「平気……んぅ、指が、あそこに入っているのが分かる……」%K%P
「平気……んぅ、指が、あそこに入っているのが分かる……」%K%P
そう言いながら、千影の肉壁は僕の指をぎゅうぎゅうと締めつけてくる。%K%P
そう言いながら、千影の肉壁は僕の指をぎゅうぎゅうと締めつけてくる。%K%P
「千影の中……熱くて、ひくひくしてる」%K%P
「千影の中……熱くて、ひくひくしてる」%K%P
「はうぅ、ああっ……つかさ、つかさぁ……！」%K%P
「はうぅ、ああっ……つかさ、つかさぁ……！」%K%P
指をゆっくり出し入れさせてみると、クチュクチュといやらしい音が耳に届く。%K%P
指をゆっくり出し入れさせてみると、クチュクチュといやらしい音が耳に届く。%K%P
僕は指での愛撫を続けながら、片方の手で千影の乳首を擦らせる。%K%P
僕は指での愛撫を続けながら、片方の手で千影の乳首を擦らせる。%K%P
「もう頭の中、司で、いっぱいで……やああん……つかさぁ、はぁ、つかさっ！」%K%P
「もう頭の中、司で、いっぱいで……やああん……つかさぁ、はぁ、つかさっ！」%K%P
千影は僕の指の動きに合わせて、身体を震わせ始めていた。%K%P
千影は僕の指の動きに合わせて、身体を震わせ始めていた。%K%P
自ら快楽を求める反応に対し、僕は興奮してさらに激しく秘部をかき混ぜる。%K%P
自ら快楽を求める反応に対し、僕は興奮してさらに激しく秘部をかき混ぜる。%K%P
「はぁあああ……んんぅぅぅ！　あああっ」%K%P
「はぁあああ……んんぅぅぅ！　あああっ」%K%P
千影の淫らな声がもっと聞きたくて、僕は手を休めずに刺激を続けた。%K%P
千影の淫らな声がもっと聞きたくて、僕は手を休めずに刺激を続けた。%K%P
室内に嬌声が響き渡る。%K%P
室内に嬌声が響き渡る。%K%P
「ああっ、んああっ……んんぅっ……んあああっ！　やああぁ……！」%K%P
「ああっ、んああっ……んんぅっ……んあああっ！　やああぁ……！」%K%P
ぐちゅぐちゅと激しさを増していく水音。%K%P
ぐちゅぐちゅと激しさを増していく水音。%K%P
指先には熱くてぬるぬるとした感触が伝わってきていた。%K%P
指先には熱くてぬるぬるとした感触が伝わってきていた。%K%P
「もっとぉ！　ふあああぁ！　かき混ぜてっ、ぐちゅぐちゅって、つかさっ……ああ、んああ……んっ！」%K%P
「もっとぉ！　ふあああぁ！　かき混ぜてっ、ぐちゅぐちゅって、つかさっ……ああ、んああ……んっ！」%K%P
激しく身体を震わせつつ、千影はただ快楽を受け入れ続ける。%K%P
激しく身体を震わせつつ、千影はただ快楽を受け入れ続ける。%K%P
「んあああ……なにか、なにか真っ白になってっ……ああん！　お腹からなにかきそうっ、んんっ！」%K%P
「んあああ……なにか、なにか真っ白になってっ……ああん！　お腹からなにかきそうっ、んんっ！」%K%P
僕の腕にしがみつき、腰を上下にうねらせて熱の籠もった声を上げた。%K%P
僕の腕にしがみつき、腰を上下にうねらせて熱の籠もった声を上げた。%K%P
千影の絶頂が近いと悟り、僕は限界まで指を突き動かす。%K%P
千影の絶頂が近いと悟り、僕は限界まで指を突き動かす。%K%P
「ひゃああうぅぅ……んあああっ、はああっ……あっ、ああ……ふぁああぁ！」%K%P
「ひゃああうぅぅ……んあああっ、はああっ……あっ、ああ……ふぁああぁ！」%K%P
「きちゃ、きちゃううぅぅぅ……、はっ、あっ、んあぁぁぁぁーーっ！！」%K%P
「きちゃ、きちゃううぅぅぅ……、はっ、あっ、んあぁぁぁぁーーっ！！」%K%P
――ビクッ！　ビクビクビクンッ！%K%P
――ビクッ！　ビクビクビクンッ！%K%P
一際高い声を上げた直後、身体を仰け反らせて快楽の頂点に達した。%K%P
一際高い声を上げた直後、身体を仰け反らせて快楽の頂点に達した。%K%P
「はぁー……はっ、はああぁ……司ぁ……」%K%P
「はぁー……はっ、はああぁ……司ぁ……」%K%P
脱力したらしく、千影は甘えるような声を漏らして僕の胸元に寄りかかる。%K%P
脱力したらしく、千影は甘えるような声を漏らして僕の胸元に寄りかかる。%K%P
「今の、凄かった……はぁ、何も考えられなくなって……」%K%P
「今の、凄かった……はぁ、何も考えられなくなって……」%K%P
「千影、すごくエッチだった」%K%P
「千影、すごくエッチだった」%K%P
そう言いながら、僕は千影の頭を撫でる。%K%P
そう言いながら、僕は千影の頭を撫でる。%K%P
「あんっ……頭までなんだか感じてしまう……雑誌に書いてあった通りだった……」%K%P
「あんっ……頭までなんだか感じてしまう……雑誌に書いてあった通りだった……」%K%P
「そんな事まで書いてあったんだ」%K%P
「そんな事まで書いてあったんだ」%K%P
「ええ、他にも体位の解説があって、初めてした時は正常位というのでしょう？」%K%P
「ええ、他にも体位の解説があって、初めてした時は正常位というのでしょう？」%K%P
「うん。合ってるよ」%K%P
「うん。合ってるよ」%K%P
少し息が落ち着いてきたのか、千影はゆっくりと身体を起こす。%K%P
少し息が落ち着いてきたのか、千影はゆっくりと身体を起こす。%K%P
「いろいろ調べてみたのだけれど、ひとつ試してみたい体位があるの」%K%P
「いろいろ調べてみたのだけれど、ひとつ試してみたい体位があるの」%K%P
「私が司の上に跨がって動く、騎乗位という体位」%K%P
「私が司の上に跨がって動く、騎乗位という体位」%K%P
「全然構わないけど、千影の体は大丈夫？」%K%P
「全然構わないけど、千影の体は大丈夫？」%K%P
「もう問題ないから。それに、私が司を気持ち良くしたい」%K%P
「もう問題ないから。それに、私が司を気持ち良くしたい」%K%P
騎乗位なら、もし千影が痛いと感じたらすぐ抜けるだろうし、都合がいいかもしれない。%K%P
騎乗位なら、もし千影が痛いと感じたらすぐ抜けるだろうし、都合がいいかもしれない。%K%P
「分かった。お願いするね」%K%P
「分かった。お願いするね」%K%P
一旦立ち上がってパンツを脱ぎ、生まれたままの姿になると、僕の腰の上に千影が跨がってくる。%K%P
一旦立ち上がってパンツを脱ぎ、生まれたままの姿になると、僕の腰の上に千影が跨がってくる。%K%P
「自分から男の人のを入れるなんて、少し緊張してしまうわね」%K%P
「自分から男の人のを入れるなんて、少し緊張してしまうわね」%K%P
「千影のペースでいいから、慌てずにね」%K%P
「千影のペースでいいから、慌てずにね」%K%P
「うん……司の、中に欲しい。私の中で感じたいの」%K%P
「うん……司の、中に欲しい。私の中で感じたいの」%K%P
千影は片手で硬いままのペニスを掴み、ぬるぬるになった入り口に誘導していく。%K%P
千影は片手で硬いままのペニスを掴み、ぬるぬるになった入り口に誘導していく。%K%P
やがて熱い膣口に亀頭が触れ、その瞬間にビクンと肉棒が反応してしまう。%K%P
やがて熱い膣口に亀頭が触れ、その瞬間にビクンと肉棒が反応してしまう。%K%P
「それじゃ……んはっ、くぅ、はあああぁぁぁ……」%K%P
「それじゃ……んはっ、くぅ、はあああぁぁぁ……」%K%P
ゆっくりと千影は腰を下ろし、愛液で濡れた秘部が僕のモノをずぶずぶと呑み込んでいった。%K%P
ゆっくりと千影は腰を下ろし、愛液で濡れた秘部が僕のモノをずぶずぶと呑み込んでいった。%K%P
「んんっ、ああっ、やあぁぁぁ……太いの、入ってくるぅ、司のが……ああっ、あっ！」%K%P
「んんっ、ああっ、やあぁぁぁ……太いの、入ってくるぅ、司のが……ああっ、あっ！」%K%P
亀頭部分が全て入り込み、千影の口からは既に快楽の混じった声が漏れ出す。%K%P
亀頭部分が全て入り込み、千影の口からは既に快楽の混じった声が漏れ出す。%K%P
必死に突き上げてくる快楽に耐えようと、千影は僕の両腕を首に回してきた。%K%P
必死に突き上げてくる快楽に耐えようと、千影は僕の両腕を首に回してきた。%K%P
そのままぎゅっと抱きしめられて、胸の中に顔を埋めてしまう。%K%P
そのままぎゅっと抱きしめられて、胸の中に顔を埋めてしまう。%K%P
「ひくぅぅ……、あっ、んくぅ……はっ、あっ、あぁ……」%K%P
「ひくぅぅ……、あっ、んくぅ……はっ、あっ、あぁ……」%K%P
天井に向かって反り立つモノを飲み込み、中のヒダヒダが僕のペニスに絡みついてくる。%K%P
天井に向かって反り立つモノを飲み込み、中のヒダヒダが僕のペニスに絡みついてくる。%K%P
「う……わ……」%K%P
「う……わ……」%K%P
トロトロに溶けるようなぬめりと熱さ。そして締めつけてくる肉壁の感触に、思わず声が漏れた。%K%P
トロトロに溶けるようなぬめりと熱さ。そして締めつけてくる肉壁の感触に、思わず声が漏れた。%K%P
一気に訪れる快楽を貪りたい所だけど、今の主導権は千影にある。%K%P
一気に訪れる快楽を貪りたい所だけど、今の主導権は千影にある。%K%P
「んっ、あん……ああぁ……中で、ビクビクしてるの、分かる……んはぁ……」%K%P
「んっ、あん……ああぁ……中で、ビクビクしてるの、分かる……んはぁ……」%K%P
狭く締まった肉壁を押し広げながら、奥へ奥へと肉棒を侵入させていく。%K%P
狭く締まった肉壁を押し広げながら、奥へ奥へと肉棒を侵入させていく。%K%P
千影の中はまるで別の生き物のように蠢いていて、包み込んだモノを刺激する。%K%P
千影の中はまるで別の生き物のように蠢いていて、包み込んだモノを刺激する。%K%P
「んぁっ、あっ……んふぅあっ！　んあぁ……んくぅ……！　あっ、ああああっ……」%K%P
「んぁっ、あっ……んふぅあっ！　んあぁ……んくぅ……！　あっ、ああああっ……」%K%P
なんとかキツいままの膣を進み続け、やがてペニス全体が千影の中に沈み込む。%K%P
なんとかキツいままの膣を進み続け、やがてペニス全体が千影の中に沈み込む。%K%P
「はっ、あっ、んはぁ、んっ……全部、入った……？　んふぅ、はぁ……んっ……」%K%P
「はっ、あっ、んはぁ、んっ……全部、入った……？　んふぅ、はぁ……んっ……」%K%P
「頑張ったね、ひとつになれたよ」%K%P
「頑張ったね、ひとつになれたよ」%K%P
「ふふ、そう……司のが、全部……幸せ……」%K%P
「ふふ、そう……司のが、全部……幸せ……」%K%P
「うん、むしろ気持ちがいいくらい、ふあぁ……だから……このまま動くね」%K%P
「うん、むしろ気持ちがいいくらい、ふあぁ……だから……このまま動くね」%K%P
僕の頭を抱きかかえたまま、千影は自分の腰をグラインドさせる。%K%P
僕の頭を抱きかかえたまま、千影は自分の腰をグラインドさせる。%K%P
「奥に、入って、る……んぁ、あっ！　やっ、あああぁ、あん！」%K%P
「奥に、入って、る……んぁ、あっ！　やっ、あああぁ、あん！」%K%P
敏感な膣壁をモノによって擦られ、千影は快感に震え続ける。%K%P
敏感な膣壁をモノによって擦られ、千影は快感に震え続ける。%K%P
「こういうのも、ああんっ、いいんでしょ……？」%K%P
「こういうのも、ああんっ、いいんでしょ……？」%K%P
今まで回転運動をしていたのをやめ、今度は上下に腰を動かし始めた。%K%P
今まで回転運動をしていたのをやめ、今度は上下に腰を動かし始めた。%K%P
「くぅ……いいよ千影……」%K%P
「くぅ……いいよ千影……」%K%P
その答えに満足したのか、千影は笑顔を浮かべる。%K%P
その答えに満足したのか、千影は笑顔を浮かべる。%K%P
「あっ、んっ、んはっ、やっ、ああっ、あっ、あんっ、んああっ……あっ、あんっ！」%K%P
「あっ、んっ、んはっ、やっ、ああっ、あっ、あんっ、んああっ……あっ、あんっ！」%K%P
リズム良く腰を動かすたび、肉棒を伝って愛液が僕の根元まで流れていく。%K%P
リズム良く腰を動かすたび、肉棒を伝って愛液が僕の根元まで流れていく。%K%P
「硬いの擦れて……んああ……きもちっ、いい……ふああぁぁ……！」%K%P
「硬いの擦れて……んああ……きもちっ、いい……ふああぁぁ……！」%K%P
耳元で聞こえる千影の声が、僕の頭の中で反響する。%K%P
耳元で聞こえる千影の声が、僕の頭の中で反響する。%K%P
全身から伝わってくる柔らかな肢体の温もり、そしてペニスを包み込む肉と愛液の快感。%K%P
全身から伝わってくる柔らかな肢体の温もり、そしてペニスを包み込む肉と愛液の快感。%K%P
それらを全て味わっているうちに、もっと気持ち良くなりたいと僕の本能が告げる。%K%P
それらを全て味わっているうちに、もっと気持ち良くなりたいと僕の本能が告げる。%K%P
「はぁ……はぁ、千影っ……」%K%P
「はぁ……はぁ、千影っ……」%K%P
僕は千影の腰の上を両手で掴み、身体を沈めてくる千影に逆らって、自らの腰を突き上げるようにする。%K%P
僕は千影の腰の上を両手で掴み、身体を沈めてくる千影に逆らって、自らの腰を突き上げるようにする。%K%P
直後、結合部分から白く濁った汁が溢れ出し、僕の上で千影の身体が激しく揺れ動く。%K%P
直後、結合部分から白く濁った汁が溢れ出し、僕の上で千影の身体が激しく揺れ動く。%K%P
「んひゃああっ！　ああああっ！　あああっ！　つ、つかさ……？　んあああっ……！」%K%P
「んひゃああっ！　ああああっ！　あああっ！　つ、つかさ……？　んあああっ……！」%K%P
「ごめん、気持ち良すぎて我慢できない……！　もっと千影の中を感じたいんだ……！」%K%P
「ごめん、気持ち良すぎて我慢できない……！　もっと千影の中を感じたいんだ……！」%K%P
「ああんっ、んあっ、うんっ、めちゅめちゃに、突いて……っ、あああ、んはぁぁぁ！」%K%P
「ああんっ、んあっ、うんっ、めちゅめちゃに、突いて……っ、あああ、んはぁぁぁ！」%K%P
僕は、今まで千影に任せていた分を取り戻そうと必死に肉棒を突き上げた。%K%P
僕は、今まで千影に任せていた分を取り戻そうと必死に肉棒を突き上げた。%K%P
「あああああっ！　一番奥まで、当たってっ……あああっ！　ひぅああぁ！」%K%P
「あああああっ！　一番奥まで、当たってっ……あああっ！　ひぅああぁ！」%K%P
千影の濡れた肉壺を貫き、そのまま肉壁を擦りながら引き抜く。%K%P
千影の濡れた肉壺を貫き、そのまま肉壁を擦りながら引き抜く。%K%P
その激しい動きに合わせ、空気と混じった愛液が周囲に飛び散る。%K%P
その激しい動きに合わせ、空気と混じった愛液が周囲に飛び散る。%K%P
「あああっ、ふぁああぁ……あっ、奥にっ、コンコン当たって、やああぁん！」%K%P
「あああっ、ふぁああぁ……あっ、奥にっ、コンコン当たって、やああぁん！」%K%P
じゅぶ、じゅば、じゅ、じゅ……と、ペニスが出入りする度に淫靡な音が響き渡る。%K%P
じゅぶ、じゅば、じゅ、じゅ……と、ペニスが出入りする度に淫靡な音が響き渡る。%K%P
やがて僕の肉棒を締め上げるように、千影の膣がぎゅっと収縮してきた。%K%P
やがて僕の肉棒を締め上げるように、千影の膣がぎゅっと収縮してきた。%K%P
「く……うっ……」%K%P
「く……うっ……」%K%P
「ふぁ、あっ、ん！　んあっ！　はっ！　んあっ……！　ひうぅぅ……！」%K%P
「ふぁ、あっ、ん！　んあっ！　はっ！　んあっ……！　ひうぅぅ……！」%K%P
油断したらすぐに果ててしまいそうで、気を抜くことができない。%K%P
油断したらすぐに果ててしまいそうで、気を抜くことができない。%K%P
千影の秘部からペニスを抜いては、すぐに中へと突き入れる。%K%P
千影の秘部からペニスを抜いては、すぐに中へと突き入れる。%K%P
グチュグチュとかき混ぜるような感覚に、僕も千影も身体を震わせた。%K%P
グチュグチュとかき混ぜるような感覚に、僕も千影も身体を震わせた。%K%P
「はあん！　あっ！　んんっ！　はぁ……あっ！　あっ、んああぁぁ！」%K%P
「はあん！　あっ！　んんっ！　はぁ……あっ！　あっ、んああぁぁ！」%K%P
「千影……っ」%K%P
「千影……っ」%K%P
「あっ、はっ！　つかさっ！　つかさっ、つかさっ……ああんっ、つかさぁ！」%K%P
「あっ、はっ！　つかさっ！　つかさっ、つかさっ……ああんっ、つかさぁ！」%K%P
互いの名前を呼び合い、無我夢中で性器を擦り合わせる。%K%P
互いの名前を呼び合い、無我夢中で性器を擦り合わせる。%K%P
千影は腰をうねらせつつも、僕の身体にしがみついて快楽を貪っていた。%K%P
千影は腰をうねらせつつも、僕の身体にしがみついて快楽を貪っていた。%K%P
じゅばじゅばと溢れ出る白濁液もそのままに、僕はただ千影の膣内をかき乱す。%K%P
じゅばじゅばと溢れ出る白濁液もそのままに、僕はただ千影の膣内をかき乱す。%K%P
ねっとり絡みつく愛液と、柔らかくも締めつけてくる肉感を何度も何度も楽しむ。%K%P
ねっとり絡みつく愛液と、柔らかくも締めつけてくる肉感を何度も何度も楽しむ。%K%P
「いいのっ、いいよぉ！　司の硬いの、気持ちいいのぉ……！　ああああああっ！」%K%P
「いいのっ、いいよぉ！　司の硬いの、気持ちいいのぉ……！　ああああああっ！」%K%P
「あっ……うっ、ああぁ……」%K%P
「あっ……うっ、ああぁ……」%K%P
千影の奥に、全て出してしまいたい……。%K%P
千影の奥に、全て出してしまいたい……。%K%P
そんな欲求が僕の頭の中に浮かび上がる。%K%P
そんな欲求が僕の頭の中に浮かび上がる。%K%P
「あっ！　やっ！　ああっ！　ふぁあああ……！　腰、止まらないのぉ……！」%K%P
「あっ！　やっ！　ああっ！　ふぁあああ……！　腰、止まらないのぉ……！」%K%P
軽く千影が身体を反らすと、同時に肉壺がぎゅっとペニスを絞り上げてきた。%K%P
軽く千影が身体を反らすと、同時に肉壺がぎゅっとペニスを絞り上げてきた。%K%P
痛いくらいに締めつけに、溶けてしまいそうな熱さ。%K%P
痛いくらいに締めつけに、溶けてしまいそうな熱さ。%K%P
僕のモノはその動きに反応して、膣圧に負けじと更に膨張する。%K%P
僕のモノはその動きに反応して、膣圧に負けじと更に膨張する。%K%P
「んああああっ！　やだっ……まだ大きく……！　中でいっぱい！　あっ、ああああん！」%K%P
「んああああっ！　やだっ……まだ大きく……！　中でいっぱい！　あっ、ああああん！」%K%P
波のように押し寄せてくる快楽に、僕は限界が近いと気付く。%K%P
波のように押し寄せてくる快楽に、僕は限界が近いと気付く。%K%P
「ふぁああうんっ！　やはあああぁ！　全部擦れるぅ……！　ああああっ！　ふぁああ……！」%K%P
「ふぁああうんっ！　やはあああぁ！　全部擦れるぅ……！　ああああっ！　ふぁああ……！」%K%P
「千影……！　もう、僕、出そう……」%K%P
「千影……！　もう、僕、出そう……」%K%P
「うんっ、ああああ！　出して、出していいからっ……！　私の中で、イッていいからぁ！　んああっ！！」%K%P
「うんっ、ああああ！　出して、出していいからっ……！　私の中で、イッていいからぁ！　んああっ！！」%K%P
全身に力を入れ、１秒でも長く快感を味わおうとする。%K%P
全身に力を入れ、１秒でも長く快感を味わおうとする。%K%P
しかし、それもすぐに我慢ができなくなってしまう。%K%P
しかし、それもすぐに我慢ができなくなってしまう。%K%P
「ふあああぁ！　んあああぁ……！　ふうぅ！　あああんっ！」%K%P
「ふあああぁ！　んあああぁ……！　ふうぅ！　あああんっ！」%K%P
「――出るっ！」%K%P
「――出るっ！」%K%P
「――あ、ああああっ、あああああーーーーっ！！」%K%P
「――あ、ああああっ、あああああーーーーっ！！」%K%P
吹き上げるように膣内で発射すると、びくびくと千影の身体が数回跳ねる。%K%P
吹き上げるように膣内で発射すると、びくびくと千影の身体が数回跳ねる。%K%P
「ふぁああ……凄い、中で出てる……熱くて……ああぁ……ん、ふぁぁぁ……」%K%P
「ふぁああ……凄い、中で出てる……熱くて……ああぁ……ん、ふぁぁぁ……」%K%P
絶頂を迎え、千影は僕の方に寄りかかってきた。%K%P
絶頂を迎え、千影は僕の方に寄りかかってきた。%K%P
大量に注ぎ込まれた精液は、結合した部分から溢れ出し、僕の腹を汚していく。%K%P
大量に注ぎ込まれた精液は、結合した部分から溢れ出し、僕の腹を汚していく。%K%P
「はぁ……はぁ……イッちゃった」%K%P
「はぁ……はぁ……イッちゃった」%K%P
「……私の中、はぁ……んっ、司ので満たされてる……気持ち良かった？」%K%P
「……私の中、はぁ……んっ、司ので満たされてる……気持ち良かった？」%K%P
「うん。もう千影なしには生きていけないかも……」%K%P
「うん。もう千影なしには生きていけないかも……」%K%P
「ふふふ……私も、司がいないとダメだから」%K%P
「ふふふ……私も、司がいないとダメだから」%K%P
そう言って千影が顔を上げる。%K%P
そう言って千影が顔を上げる。%K%P
「そういえば、身体を重ねたのは２回目なのに……全然痛くなかった……」%K%P
「そういえば、身体を重ねたのは２回目なのに……全然痛くなかった……」%K%P
「それは良かった。もしかしたら、相性がいいのかもしれないね」%K%P
「それは良かった。もしかしたら、相性がいいのかもしれないね」%K%P
「これで次も心置きなくできる……かな」%K%P
「これで次も心置きなくできる……かな」%K%P
「千影って、思っていたよりずっとエッチだった」%K%P
「千影って、思っていたよりずっとエッチだった」%K%P
「…………そうかも」%K%P
「…………そうかも」%K%P
「……否定しないんだ」%K%P
「……否定しないんだ」%K%P
「だって気持ちが良かったのだから、仕方ないじゃない」%K%P
「だって気持ちが良かったのだから、仕方ないじゃない」%K%P
少しだけ頬を膨らませる。%K%P
少しだけ頬を膨らませる。%K%P
でも怒っている訳でなく、照れ隠しなのはすぐ分かった。%K%P
でも怒っている訳でなく、照れ隠しなのはすぐ分かった。%K%P
「えっと、そろそろ抜く？」%K%P
「えっと、そろそろ抜く？」%K%P
千影の中で射精して、そのままモノが入ったままになっていた。%K%P
千影の中で射精して、そのままモノが入ったままになっていた。%K%P
「……まだ司のは硬いし、もう少し繋がっていたい」%K%P
「……まだ司のは硬いし、もう少し繋がっていたい」%K%P
「いいよ……しばらくこうしていよう」%K%P
「いいよ……しばらくこうしていよう」%K%P
「落ち着いたらお風呂に案内するよ。一緒に入ってくれる？」%K%P
「落ち着いたらお風呂に案内するよ。一緒に入ってくれる？」%K%P
「もちろん」%K%P
「もちろん」%K%P
「ふふふ。今夜は寝かせないから」%K%P
「ふふふ。今夜は寝かせないから」%K%P
「ま、またするの……？」%K%P
「ま、またするの……？」%K%P
今ので結構体力使ったから、一晩耐えられるか心配かも……。%K%P
今ので結構体力使ったから、一晩耐えられるか心配かも……。%K%P
「言ってみただけよ。あとはのんびり過ごしましょう」%K%P
「言ってみただけよ。あとはのんびり過ごしましょう」%K%P
ふたりでしばらくじゃれ合いながら、至福の時間は流れていく――。%K%P
ふたりでしばらくじゃれ合いながら、至福の時間は流れていく――。%K%P
