ついにこの日がやってきた――。%K%P
ついにこの日がやってきた――。%K%P
晴天に恵まれ、穏やかな風が頬を掠めていく。%K%P
晴天に恵まれ、穏やかな風が頬を掠めていく。%K%P
……いよいよ深皇祭――アリア――が始まる。%K%P
……いよいよ深皇祭――アリア――が始まる。%K%P
「わぁ…………」%K%P
「わぁ…………」%K%P
法子さんに協力してもらい{歌姫:ディーバ}用の衣装に着替えた僕は、集合場所の森へとやってきた。%K%P
法子さんに協力してもらい{歌姫:ディーバ}用の衣装に着替えた僕は、集合場所の森へとやってきた。%K%P
……さすがに今までとは空気が違うな。%K%P
……さすがに今までとは空気が違うな。%K%P
華やかな衣装の上に鎧を纏い、それぞれ異なった武器を装備し、みな緊張感のある表情をしている。%K%P
華やかな衣装の上に鎧を纏い、それぞれ異なった武器を装備し、みな緊張感のある表情をしている。%K%P
「ご機嫌よう、いずみさん」%K%P
「ご機嫌よう、いずみさん」%K%P
「奏さん……いよいよですね」%K%P
「奏さん……いよいよですね」%K%P
「ええ。そうですわね」%K%P
「ええ。そうですわね」%K%P
「緊張、しないんですか？」%K%P
「緊張、しないんですか？」%K%P
「あまりしないですわ。私は自分の歌を一所懸命に歌うだけですもの」%K%P
「あまりしないですわ。私は自分の歌を一所懸命に歌うだけですもの」%K%P
去年も参加しているだけあって、いつも通り落ち着いた口調の奏さん。%K%P
去年も参加しているだけあって、いつも通り落ち着いた口調の奏さん。%K%P
「あ、でもいずみさんのような方と一緒に歌うと思うと……ドキドキしますわ」%K%P
「あ、でもいずみさんのような方と一緒に歌うと思うと……ドキドキしますわ」%K%P
「またまた、大げさですよ」%K%P
「またまた、大げさですよ」%K%P
「いずみさんは堂々としていらっしゃるのね」%K%P
「いずみさんは堂々としていらっしゃるのね」%K%P
「人前で歌うのは慣れていますから……」%K%P
「人前で歌うのは慣れていますから……」%K%P
「少し羨ましいですわ」%K%P
「少し羨ましいですわ」%K%P
「……さて、私は綾香さんたちの所へ参りますわね」%K%P
「……さて、私は綾香さんたちの所へ参りますわね」%K%P
「{歌姫:ディーバ}同士、頑張りましょう」%K%P
「{歌姫:ディーバ}同士、頑張りましょう」%K%P
「ええ。では」%K%P
「ええ。では」%K%P
一礼してから、奏さんは綾香さんたちのチームの方へと歩いて行った。%K%P
一礼してから、奏さんは綾香さんたちのチームの方へと歩いて行った。%K%P
「おはよう、いずみさん」%K%P
「おはよう、いずみさん」%K%P
奏さんと入れ違いで千影が声をかけてくれる。%K%P
奏さんと入れ違いで千影が声をかけてくれる。%K%P
「おはよう」%K%P
「おはよう」%K%P
「よく眠れた？」%K%P
「よく眠れた？」%K%P
「わりと、ね」%K%P
「わりと、ね」%K%P
「なら良かった。本番前に最後のミーティングをしたいのだけれど、いいかしら？」%K%P
「なら良かった。本番前に最後のミーティングをしたいのだけれど、いいかしら？」%K%P
「もちろん」%K%P
「もちろん」%K%P
僕は頷いて、近くで待機していた楓さんと夕陽ちゃんの元へと足を運ぶ。%K%P
僕は頷いて、近くで待機していた楓さんと夕陽ちゃんの元へと足を運ぶ。%K%P
「……やはりいずみさんの衣装は美しいね」%K%P
「……やはりいずみさんの衣装は美しいね」%K%P
「ですねぇ。本当にお姫様みたいに見えちゃいます！」%K%P
「ですねぇ。本当にお姫様みたいに見えちゃいます！」%K%P
「ありがとう。ふたりもすごく格好いいよ」%K%P
「ありがとう。ふたりもすごく格好いいよ」%K%P
「えへ、照れちゃいます」%K%P
「えへ、照れちゃいます」%K%P
弓を装備し、狙撃を担当する夕陽ちゃん。%K%P
弓を装備し、狙撃を担当する夕陽ちゃん。%K%P
刀を使って、相手の懐に飛び込む楓さん。%K%P
刀を使って、相手の懐に飛び込む楓さん。%K%P
ふたりとも、すごく頼りになるチームメイトだ。%K%P
ふたりとも、すごく頼りになるチームメイトだ。%K%P
そして――。%K%P
そして――。%K%P
「それでは最終確認をするから――」%K%P
「それでは最終確認をするから――」%K%P
双剣を手に、凛とした表情を見せる千影。%K%P
双剣を手に、凛とした表情を見せる千影。%K%P
……きっと、彼女ならチームを勝利に導いてくれるだろう。%K%P
……きっと、彼女ならチームを勝利に導いてくれるだろう。%K%P
僕も気合いを入れ直し、千影の言葉に耳を傾ける。%K%P
僕も気合いを入れ直し、千影の言葉に耳を傾ける。%K%P
「私たちのチームの方針としては、最初に３人合流して、一気に勝ちを狙う方法」%K%P
「私たちのチームの方針としては、最初に３人合流して、一気に勝ちを狙う方法」%K%P
{騎士:ワルキュリア}の３人にはそれぞれ鍵が１本渡され、{歌姫:ディーバ}――僕に掛けられた３つの錠を解除すると勝利になる。%K%P
{騎士:ワルキュリア}の３人にはそれぞれ鍵が１本渡され、{歌姫:ディーバ}――僕に掛けられた３つの錠を解除すると勝利になる。%K%P
今回の作戦はスピード重視。%K%P
今回の作戦はスピード重視。%K%P
先日の話し合いを元に集まる作戦となった。%K%P
先日の話し合いを元に集まる作戦となった。%K%P
「合流地点は下見した場所。覚えてる？」%K%P
「合流地点は下見した場所。覚えてる？」%K%P
「うん。少し開けた所ね」%K%P
「うん。少し開けた所ね」%K%P
「問題なしですよー」%K%P
「問題なしですよー」%K%P
「相手チームに遭遇したり、アクシデントの可能性もあるから、各自臨機応変にね」%K%P
「相手チームに遭遇したり、アクシデントの可能性もあるから、各自臨機応変にね」%K%P
楓さんと夕陽ちゃんは頷く。%K%P
楓さんと夕陽ちゃんは頷く。%K%P
「何か聞いておきたいことはある？」%K%P
「何か聞いておきたいことはある？」%K%P
「先に合流地点に到達した場合、待ち時間はどうする？」%K%P
「先に合流地点に到達した場合、待ち時間はどうする？」%K%P
「そうですねぇ。ずっと待っていたら、先に相手の{歌姫:ディーバ}様が救出されちゃうかも……」%K%P
「そうですねぇ。ずっと待っていたら、先に相手の{歌姫:ディーバ}様が救出されちゃうかも……」%K%P
「では……長く待っても５分にしましょう」%K%P
「では……長く待っても５分にしましょう」%K%P
「森は驚くほど広いわけではないし、開始から２０分以内には合流できると思うの」%K%P
「森は驚くほど広いわけではないし、開始から２０分以内には合流できると思うの」%K%P
「合流地点で待っても会えない場合は、途中でリタイアしてしまったと仮定して進むしかないでしょう」%K%P
「合流地点で待っても会えない場合は、途中でリタイアしてしまったと仮定して進むしかないでしょう」%K%P
「了解した」%K%P
「了解した」%K%P
「夕陽ちゃんは何かある？」%K%P
「夕陽ちゃんは何かある？」%K%P
「えっと……じゃあ確認なんですけど、木に登ったり罠を仕掛けるのは反則なんですよね？」%K%P
「えっと……じゃあ確認なんですけど、木に登ったり罠を仕掛けるのは反則なんですよね？」%K%P
「ええ。夕陽ちゃんは弓だから木の上が使えると有利なのだけれど、残念ながらダメなの」%K%P
「ええ。夕陽ちゃんは弓だから木の上が使えると有利なのだけれど、残念ながらダメなの」%K%P
「{騎士:ワルキュリア}らしく堂々と戦えってこと？」%K%P
「{騎士:ワルキュリア}らしく堂々と戦えってこと？」%K%P
「と、いうよりは純粋に危ないからだと思うわ。不意打ちも、背後からの攻撃も反則ではないし」%K%P
「と、いうよりは純粋に危ないからだと思うわ。不意打ちも、背後からの攻撃も反則ではないし」%K%P
木から落ちて怪我しないようにするための処置なのかな。%K%P
木から落ちて怪我しないようにするための処置なのかな。%K%P
前に説明してもらった話では、競技に使用される鎧は軽くて丈夫な素材らしい。%K%P
前に説明してもらった話では、競技に使用される鎧は軽くて丈夫な素材らしい。%K%P
武器に関しても、万一直接肌に当たっても、大きな怪我には至らないそうだ。%K%P
武器に関しても、万一直接肌に当たっても、大きな怪我には至らないそうだ。%K%P
「他には？」%K%P
「他には？」%K%P
「こちらはもうない」%K%P
「こちらはもうない」%K%P
「同じく、です！」%K%P
「同じく、です！」%K%P
「いずみさんは――平気そうね」%K%P
「いずみさんは――平気そうね」%K%P
「まぁね。私はみんなのために全力で歌うだけ」%K%P
「まぁね。私はみんなのために全力で歌うだけ」%K%P
「頼もしい姫だこと」%K%P
「頼もしい姫だこと」%K%P
「そうだ！　みんなで円陣組もうよ」%K%P
「そうだ！　みんなで円陣組もうよ」%K%P
「いいですね、それっ」%K%P
「いいですね、それっ」%K%P
「……構わないよ」%K%P
「……構わないよ」%K%P
「ふふ……では」%K%P
「ふふ……では」%K%P
僕たちは肩を組んで、互いの顔を見つめる。%K%P
僕たちは肩を組んで、互いの顔を見つめる。%K%P
「アリア、全力で望みましょう」%K%P
「アリア、全力で望みましょう」%K%P
「おおーーーーーーっ！」%K%P
「おおーーーーーーっ！」%K%P
最初の位置決めのクジを引いた僕は、実行委員に誘導されて森の中へ。%K%P
最初の位置決めのクジを引いた僕は、実行委員に誘導されて森の中へ。%K%P
歩くこと１５分。僕は指定の場所に到着した。%K%P
歩くこと１５分。僕は指定の場所に到着した。%K%P
「ふぅ……」%K%P
「ふぅ……」%K%P
実行委員と別れ、僕は改めて周囲を見回す。%K%P
実行委員と別れ、僕は改めて周囲を見回す。%K%P
当たり前だけど、木々に囲まれており、他の{騎士:ワルキュリア}たちの姿も見当たらない。%K%P
当たり前だけど、木々に囲まれており、他の{騎士:ワルキュリア}たちの姿も見当たらない。%K%P
「すぅ……はぁ……」%K%P
「すぅ……はぁ……」%K%P
深呼吸をして、心を落ち着かせる。%K%P
深呼吸をして、心を落ち着かせる。%K%P
歌は心を映す鏡。%K%P
歌は心を映す鏡。%K%P
僕に出来ることは、千影たちの勝利を祈ること。%K%P
僕に出来ることは、千影たちの勝利を祈ること。%K%P
きっと、通じてくれるはず。%K%P
きっと、通じてくれるはず。%K%P
空を見上げると、ちょうど開始を告げる音が鳴り響いた。%K%P
空を見上げると、ちょうど開始を告げる音が鳴り響いた。%K%P
さあ、歌おう――。%K%P
さあ、歌おう――。%K%P
同時刻、講堂にて――。%K%P
同時刻、講堂にて――。%K%P
「わぁ……」%K%P
「わぁ……」%K%P
私は他の学生と共に、食い入るように巨大モニターを見つめていた。%K%P
私は他の学生と共に、食い入るように巨大モニターを見つめていた。%K%P
設置されたモニターには、森の木々に仕込んだカメラからの映像がリアルタイムで流れている。%K%P
設置されたモニターには、森の木々に仕込んだカメラからの映像がリアルタイムで流れている。%K%P
ちょうどいずみ様が歌い出したところで、ざわついていた講堂内が一瞬にして静寂に包まれた。%K%P
ちょうどいずみ様が歌い出したところで、ざわついていた講堂内が一瞬にして静寂に包まれた。%K%P
「いずみ様、素敵……」%K%P
「いずみ様、素敵……」%K%P
「何度聴いても素晴らしい歌……」%K%P
「何度聴いても素晴らしい歌……」%K%P
貴賓席の一角でいずみの歌を耳にし、改めて感動していた。%K%P
貴賓席の一角でいずみの歌を耳にし、改めて感動していた。%K%P
初めていずみ――司さんに会った時から、私はあの歌声に魅せられていたのだから、間違いない。%K%P
初めていずみ――司さんに会った時から、私はあの歌声に魅せられていたのだから、間違いない。%K%P
この場にいる全員の心をしっかり掴んでいる。%K%P
この場にいる全員の心をしっかり掴んでいる。%K%P
後は、無事にこの行事が終わってくれれば……。%K%P
後は、無事にこの行事が終わってくれれば……。%K%P
「さて……行きましょうか」%K%P
「さて……行きましょうか」%K%P
合図の音が聞こえ、私は森の中を歩き始めた。%K%P
合図の音が聞こえ、私は森の中を歩き始めた。%K%P
ここで下手に走ったり、慌ててはいけない。%K%P
ここで下手に走ったり、慌ててはいけない。%K%P
無駄に体力を消耗し、草木が揺れる音で相手の{騎士:ワルキュリア}に見つかってしまうリスクがある。%K%P
無駄に体力を消耗し、草木が揺れる音で相手の{騎士:ワルキュリア}に見つかってしまうリスクがある。%K%P
……去年の私とは違う。%K%P
……去年の私とは違う。%K%P
司――あなたに勝利を。%K%P
司――あなたに勝利を。%K%P
移動を開始して５分ほど経過した頃――。%K%P
移動を開始して５分ほど経過した頃――。%K%P
「……千影さん」%K%P
「……千影さん」%K%P
「楓さん、思ったより早く会えたわね」%K%P
「楓さん、思ったより早く会えたわね」%K%P
私は相手チームの{騎士:ワルキュリア}より早く、楓さんと合流できた。%K%P
私は相手チームの{騎士:ワルキュリア}より早く、楓さんと合流できた。%K%P
どうやら初期配置が近かったらしい。これは幸運だ。%K%P
どうやら初期配置が近かったらしい。これは幸運だ。%K%P
「途中誰かに遭遇した？」%K%P
「途中誰かに遭遇した？」%K%P
「いいえ、まだ始まったばかりだし」%K%P
「いいえ、まだ始まったばかりだし」%K%P
「それもそうね」%K%P
「それもそうね」%K%P
「早く合流地点へ向かおう。夕陽ちゃんも向かってるはずだ」%K%P
「早く合流地点へ向かおう。夕陽ちゃんも向かってるはずだ」%K%P
「ええ」%K%P
「ええ」%K%P
「……千影さん。止まって」%K%P
「……千影さん。止まって」%K%P
歩き出そうとすると、楓さんが私の腕を掴む。%K%P
歩き出そうとすると、楓さんが私の腕を掴む。%K%P
……楓さんが何かに気付いたらしい。%K%P
……楓さんが何かに気付いたらしい。%K%P
息を殺し、耳に意識を集中させる。%K%P
息を殺し、耳に意識を集中させる。%K%P
「どうやら来たみたいね」%K%P
「どうやら来たみたいね」%K%P
「足音から推測するに一人みたいだけど……どうする」%K%P
「足音から推測するに一人みたいだけど……どうする」%K%P
「２対１……なら、ここで戦うわ」%K%P
「２対１……なら、ここで戦うわ」%K%P
数的優位に立った今なら、戦いを有利に運べる筈。%K%P
数的優位に立った今なら、戦いを有利に運べる筈。%K%P
もちろん、油断をしている訳ではない。確実な手だと思っている。%K%P
もちろん、油断をしている訳ではない。確実な手だと思っている。%K%P
「……うん」%K%P
「……うん」%K%P
楓さんが脇に差している刀に手をそえる。%K%P
楓さんが脇に差している刀に手をそえる。%K%P
それを見て、私も双剣の片方を抜く。%K%P
それを見て、私も双剣の片方を抜く。%K%P
「もう一振りは？」%K%P
「もう一振りは？」%K%P
「今は大丈夫」%K%P
「今は大丈夫」%K%P
双剣は片手で剣を振るうため、かなり体力を消耗する。%K%P
双剣は片手で剣を振るうため、かなり体力を消耗する。%K%P
今は楓さんと一緒に戦うのだから、この後の戦闘まで温存を考えるべきだ。%K%P
今は楓さんと一緒に戦うのだから、この後の戦闘まで温存を考えるべきだ。%K%P
「慢心はしないように」%K%P
「慢心はしないように」%K%P
話をしている間に、足音がすぐ近くまで聞こえてきた。%K%P
話をしている間に、足音がすぐ近くまで聞こえてきた。%K%P
「……あら、いきなりアンラッキーね」%K%P
「……あら、いきなりアンラッキーね」%K%P
「美琴さんか……」%K%P
「美琴さんか……」%K%P
彼女が持っている槍に視線を向ける。%K%P
彼女が持っている槍に視線を向ける。%K%P
弓を除けば、{騎士:ワルキュリア}の中で一番リーチの長い武器だ。%K%P
弓を除けば、{騎士:ワルキュリア}の中で一番リーチの長い武器だ。%K%P
切るもよし、突くもよし、振って守るのもよし。%K%P
切るもよし、突くもよし、振って守るのもよし。%K%P
正直、私にとっては相性の悪い相手だろう。%K%P
正直、私にとっては相性の悪い相手だろう。%K%P
でも――。%K%P
でも――。%K%P
「勝負よ」%K%P
「勝負よ」%K%P
「逃げる、のも無理そうかなー……」%K%P
「逃げる、のも無理そうかなー……」%K%P
「ああ。悪いが、ここで倒させてもらう」%K%P
「ああ。悪いが、ここで倒させてもらう」%K%P
「やるしか……ないかっ」%K%P
「やるしか……ないかっ」%K%P
美琴さんは槍の柄を長く持ち、銀色に光る先端を向けてきた。%K%P
美琴さんは槍の柄を長く持ち、銀色に光る先端を向けてきた。%K%P
「…………」%K%P
「…………」%K%P
互いに武器を構え、相手の様子を覗う。%K%P
互いに武器を構え、相手の様子を覗う。%K%P
しばらく無音の時間が続く。%K%P
しばらく無音の時間が続く。%K%P
「――はぁっ！」%K%P
「――はぁっ！」%K%P
静寂を破ったのは楓さんだった。%K%P
静寂を破ったのは楓さんだった。%K%P
刀に手を添えたまま、美琴さんの方へと駆けていく――！%K%P
刀に手を添えたまま、美琴さんの方へと駆けていく――！%K%P
「……っ！」%K%P
「……っ！」%K%P
槍を楓さんの方に向け、美琴さんは迎撃の構え。%K%P
槍を楓さんの方に向け、美琴さんは迎撃の構え。%K%P
それを見た私は、美琴さんの背後に回る。%K%P
それを見た私は、美琴さんの背後に回る。%K%P
この位置なら……同時に対応するのは難しいはずだ。%K%P
この位置なら……同時に対応するのは難しいはずだ。%K%P
「ふっ……！」%K%P
「ふっ……！」%K%P
息を吸い、一気に美琴さんの距離を詰める。%K%P
息を吸い、一気に美琴さんの距離を詰める。%K%P
「……させないっ」%K%P
「……させないっ」%K%P
振り返りざまに振った槍が、私の剣を止める。%K%P
振り返りざまに振った槍が、私の剣を止める。%K%P
「隙だらけだ！」%K%P
「隙だらけだ！」%K%P
「んっ――」%K%P
「んっ――」%K%P
美琴さんはすぐに槍を振り、楓さんの刀を受け止めた。%K%P
美琴さんはすぐに槍を振り、楓さんの刀を受け止めた。%K%P
……どうにか剣の届く間合いに入りたい。%K%P
……どうにか剣の届く間合いに入りたい。%K%P
あまり時間をかけると、その間に夕陽が同じ状況になってしまう可能性もある。%K%P
あまり時間をかけると、その間に夕陽が同じ状況になってしまう可能性もある。%K%P
「はっ、せっ！　やあぁ！」%K%P
「はっ、せっ！　やあぁ！」%K%P
「……くっ！　重い……」%K%P
「……くっ！　重い……」%K%P
楓さんは美琴さんを狙うのではなく、槍そのものに向かって刀を繰り出していた。%K%P
楓さんは美琴さんを狙うのではなく、槍そのものに向かって刀を繰り出していた。%K%P
楓さんの抜刀術は本来武器同士のぶつかり合いを避けるものの筈なのに……。%K%P
楓さんの抜刀術は本来武器同士のぶつかり合いを避けるものの筈なのに……。%K%P
「なるほど、そういうこと」%K%P
「なるほど、そういうこと」%K%P
瞬時に楓さんの狙いを理解した。%K%P
瞬時に楓さんの狙いを理解した。%K%P
美琴さんの扱う槍は、リーチがあるため崩されると体勢を整えるのにラグが発生する。%K%P
美琴さんの扱う槍は、リーチがあるため崩されると体勢を整えるのにラグが発生する。%K%P
しかも握力を使うから、疲弊しやすく、ふとした拍子に武器を取り落としてしまうこともあるだろう。%K%P
しかも握力を使うから、疲弊しやすく、ふとした拍子に武器を取り落としてしまうこともあるだろう。%K%P
「私も――」%K%P
「私も――」%K%P
両手でしっかり剣を握り、槍の届く範囲まで距離を詰める。%K%P
両手でしっかり剣を握り、槍の届く範囲まで距離を詰める。%K%P
「ふたり相手は……キツイわねっ！」%K%P
「ふたり相手は……キツイわねっ！」%K%P
美琴さんもこちらの狙いに気がついたのか、槍の柄を短く持ち替えた。%K%P
美琴さんもこちらの狙いに気がついたのか、槍の柄を短く持ち替えた。%K%P
「はあっ！」%K%P
「はあっ！」%K%P
踏み込むようにして、美琴さんの突きが迫る――！%K%P
踏み込むようにして、美琴さんの突きが迫る――！%K%P
まずい……！%K%P
まずい……！%K%P
反射的に一歩下がり、間一髪で回避。%K%P
反射的に一歩下がり、間一髪で回避。%K%P
あの突きが鎧に命中したら、一発で敗北判定もありえる。%K%P
あの突きが鎧に命中したら、一発で敗北判定もありえる。%K%P
「ただやられる訳には、いかないんだから！」%K%P
「ただやられる訳には、いかないんだから！」%K%P
「はっ……くっ……」%K%P
「はっ……くっ……」%K%P
短い突きを連続して繰り出してくる美琴さん。%K%P
短い突きを連続して繰り出してくる美琴さん。%K%P
時折回すような動作を挟み、楓さんも近づけない。%K%P
時折回すような動作を挟み、楓さんも近づけない。%K%P
「下――がら空きよっ！」%K%P
「下――がら空きよっ！」%K%P
いきなり槍を長く持ち替え、私の足下向かって一閃。%K%P
いきなり槍を長く持ち替え、私の足下向かって一閃。%K%P
「なっ……！」%K%P
「なっ……！」%K%P
体勢を崩され、そのまま尻餅をついてしまう。%K%P
体勢を崩され、そのまま尻餅をついてしまう。%K%P
……これが、美琴さんの戦い方！%K%P
……これが、美琴さんの戦い方！%K%P
練習の時とは違う、応用のきいた実践向けの動きだった。%K%P
練習の時とは違う、応用のきいた実践向けの動きだった。%K%P
「とどめ！」%K%P
「とどめ！」%K%P
美琴さんの槍が私の胸に迫る――。%K%P
美琴さんの槍が私の胸に迫る――。%K%P
その瞬間、私は『もう一振り』の剣を抜いた。%K%P
その瞬間、私は『もう一振り』の剣を抜いた。%K%P
「えっ……」%K%P
「えっ……」%K%P
「ここまで追い詰められるなんて。さすがは美琴さん」%K%P
「ここまで追い詰められるなんて。さすがは美琴さん」%K%P
彼女の突きは、私の鎧まで届かない。%K%P
彼女の突きは、私の鎧まで届かない。%K%P
胸の前で交差させた双剣で、槍を受け止めたのだ。%K%P
胸の前で交差させた双剣で、槍を受け止めたのだ。%K%P
「……せいっ」%K%P
「……せいっ」%K%P
美琴さんの背後にいた楓さんが、横に刀を振るう。%K%P
美琴さんの背後にいた楓さんが、横に刀を振るう。%K%P
「あ……」%K%P
「あ……」%K%P
小さな声と同時に、彼女の鎧がその場に崩れていく。%K%P
小さな声と同時に、彼女の鎧がその場に崩れていく。%K%P
「……参りました」%K%P
「……参りました」%K%P
{騎士:ワルキュリア}は『鎧が外れる』『武器を取り落とす』『ギブアップ』するとリタイアとなる。%K%P
{騎士:ワルキュリア}は『鎧が外れる』『武器を取り落とす』『ギブアップ』するとリタイアとなる。%K%P
今まさに美琴さんの退場が決定した。%K%P
今まさに美琴さんの退場が決定した。%K%P
「立てる？」%K%P
「立てる？」%K%P
私は立ち上がりながら、鎧についた土を払い落とす。%K%P
私は立ち上がりながら、鎧についた土を払い落とす。%K%P
「いやー、やっぱり勝てなかったか」%K%P
「いやー、やっぱり勝てなかったか」%K%P
「１対１だったら、負けていたわ」%K%P
「１対１だったら、負けていたわ」%K%P
「あはは……そう言ってくれると嬉しいな」%K%P
「あはは……そう言ってくれると嬉しいな」%K%P
「はい、これ」%K%P
「はい、これ」%K%P
「ありがとう」%K%P
「ありがとう」%K%P
美琴さんから鍵を受け取る。%K%P
美琴さんから鍵を受け取る。%K%P
この鍵は奏さんの錠に使うものなので、綾香さんとことりちゃんは奪いに来なければならない。%K%P
この鍵は奏さんの錠に使うものなので、綾香さんとことりちゃんは奪いに来なければならない。%K%P
彼女たちの自力での{歌姫:ディーバ}救出はこれで不可能となった。%K%P
彼女たちの自力での{歌姫:ディーバ}救出はこれで不可能となった。%K%P
「先を急ぎましょう」%K%P
「先を急ぎましょう」%K%P
「ああ。しかし、３人がこんなにすぐに鉢合わせになるとは……夕陽ちゃんも」%K%P
「ああ。しかし、３人がこんなにすぐに鉢合わせになるとは……夕陽ちゃんも」%K%P
「ここで考えていても仕方ないわ。さ、早く」%K%P
「ここで考えていても仕方ないわ。さ、早く」%K%P
「そうだな」%K%P
「そうだな」%K%P
「ふたりとも、頑張ってね」%K%P
「ふたりとも、頑張ってね」%K%P
「ええ。最善を尽くすわ」%K%P
「ええ。最善を尽くすわ」%K%P
美琴さんと別れ、私と楓さんは合流地点へと移動を再開する。%K%P
美琴さんと別れ、私と楓さんは合流地点へと移動を再開する。%K%P
「……あーあ。あたしのアリアはこれで終わりかぁ」%K%P
「……あーあ。あたしのアリアはこれで終わりかぁ」%K%P
「綾香、ことりちゃん、後はお願いね」%K%P
「綾香、ことりちゃん、後はお願いね」%K%P
「んー……まだかな」%K%P
「んー……まだかな」%K%P
スタートが森の外れの方だったけど、そろそろ合流地点の筈。%K%P
スタートが森の外れの方だったけど、そろそろ合流地点の筈。%K%P
……千影様、楓様は大丈夫でしょうか。早く合流したい、です。%K%P
……千影様、楓様は大丈夫でしょうか。早く合流したい、です。%K%P
「急がなきゃ」%K%P
「急がなきゃ」%K%P
早足に、森を突き進む。%K%P
早足に、森を突き進む。%K%P
この時の私は一人でいる緊張と焦りからか、油断をしていたのだと思う。%K%P
この時の私は一人でいる緊張と焦りからか、油断をしていたのだと思う。%K%P
本来であれば気がつけたような事に、詰んだ状態になるまで気がつけなかった。%K%P
本来であれば気がつけたような事に、詰んだ状態になるまで気がつけなかった。%K%P
そう、私の背後に迫る存在に――。%K%P
そう、私の背後に迫る存在に――。%K%P
「――隙ありっ！」%K%P
「――隙ありっ！」%K%P
「えっ！？　きゃあぁっ！」%K%P
「えっ！？　きゃあぁっ！」%K%P
「う、うぅ……そんなぁ」%K%P
「う、うぅ……そんなぁ」%K%P
鎧がガチャガチャと音を立てながら地面に崩れていく。%K%P
鎧がガチャガチャと音を立てながら地面に崩れていく。%K%P
思わずその場に膝をついてしまった。%K%P
思わずその場に膝をついてしまった。%K%P
「油断したね、夕陽ちゃん」%K%P
「油断したね、夕陽ちゃん」%K%P
「綾香様……負けました」%K%P
「綾香様……負けました」%K%P
振り返ると、そこには剣を鞘にしまう綾香様の姿があった。%K%P
振り返ると、そこには剣を鞘にしまう綾香様の姿があった。%K%P
「鍵、譲ってくれる？」%K%P
「鍵、譲ってくれる？」%K%P
「はい、どうぞ……」%K%P
「はい、どうぞ……」%K%P
「ありがとね」%K%P
「ありがとね」%K%P
綾香様は鍵を受け取ると、私の手を引いてその場に立たせてくれた。%K%P
綾香様は鍵を受け取ると、私の手を引いてその場に立たせてくれた。%K%P
「……ずっと後ろにいたんですか？」%K%P
「……ずっと後ろにいたんですか？」%K%P
「ううん。たまたま私が先に夕陽ちゃんを見つけただけ」%K%P
「ううん。たまたま私が先に夕陽ちゃんを見つけただけ」%K%P
「少しの差で、立場が逆になってたかも」%K%P
「少しの差で、立場が逆になってたかも」%K%P
そう言って綾香様は微笑み、私の頭に手を乗せた。%K%P
そう言って綾香様は微笑み、私の頭に手を乗せた。%K%P
「な、なんでしょうか……」%K%P
「な、なんでしょうか……」%K%P
「いくら怪我しないとはいえ、背後から攻撃したお詫び、かな」%K%P
「いくら怪我しないとはいえ、背後から攻撃したお詫び、かな」%K%P
綾香様がそっと撫でてくれる。まるでごめんね、といっているかのようだ。%K%P
綾香様がそっと撫でてくれる。まるでごめんね、といっているかのようだ。%K%P
「……それじゃ、私は行くね」%K%P
「……それじゃ、私は行くね」%K%P
「……はい」%K%P
「……はい」%K%P
綾香様は手を振ると、そのまま森の奥へと消えていった。%K%P
綾香様は手を振ると、そのまま森の奥へと消えていった。%K%P
「私、まだ何もしてないのにぃ。活躍したかったですぅ」%K%P
「私、まだ何もしてないのにぃ。活躍したかったですぅ」%K%P
美琴さんとの戦いを終え、私と楓さんは合流地点へと辿り着いた。%K%P
美琴さんとの戦いを終え、私と楓さんは合流地点へと辿り着いた。%K%P
「まだ夕陽ちゃんは来ていないみたいね」%K%P
「まだ夕陽ちゃんは来ていないみたいね」%K%P
「うん……」%K%P
「うん……」%K%P
開始から時間が経過している事を鑑みて予想する。%K%P
開始から時間が経過している事を鑑みて予想する。%K%P
恐らく夕陽ちゃんは、ここには来ない。アクシデントがあったと見るべきだろう。%K%P
恐らく夕陽ちゃんは、ここには来ない。アクシデントがあったと見るべきだろう。%K%P
「……待つの？」%K%P
「……待つの？」%K%P
「いえ。ここから移動しましょう」%K%P
「いえ。ここから移動しましょう」%K%P
私の言葉の意味を理解したらしく、楓さんは頷く。%K%P
私の言葉の意味を理解したらしく、楓さんは頷く。%K%P
「運良く途中で夕陽ちゃんと合流できればそれでいいし――」%K%P
「運良く途中で夕陽ちゃんと合流できればそれでいいし――」%K%P
「夕陽ちゃんがやられていた場合は、その相手を倒すしかない」%K%P
「夕陽ちゃんがやられていた場合は、その相手を倒すしかない」%K%P
「そういうことね」%K%P
「そういうことね」%K%P
「……作戦、というには行き当たりばったりだな」%K%P
「……作戦、というには行き当たりばったりだな」%K%P
「シンプルでいいじゃない」%K%P
「シンプルでいいじゃない」%K%P
「ふふ、嫌じゃない。そういうのは」%K%P
「ふふ、嫌じゃない。そういうのは」%K%P
楓さんは優しい笑顔を浮かべてくれた。%K%P
楓さんは優しい笑顔を浮かべてくれた。%K%P
「問題は、いずみさんがどこにいるか、だね」%K%P
「問題は、いずみさんがどこにいるか、だね」%K%P
「風が葉を揺らす音だけで、どちらの歌声も聞こえない」%K%P
「風が葉を揺らす音だけで、どちらの歌声も聞こえない」%K%P
「いや、それなら問題ないわ」%K%P
「いや、それなら問題ないわ」%K%P
「どういうこと？」%K%P
「どういうこと？」%K%P
「ここに来る途中、微かに歌声が聞こえたの」%K%P
「ここに来る途中、微かに歌声が聞こえたの」%K%P
「全然気付かなかったが……どうして教えてくれなかったの？」%K%P
「全然気付かなかったが……どうして教えてくれなかったの？」%K%P
「その時は合流ポイントに行く、という目的があったから」%K%P
「その時は合流ポイントに行く、という目的があったから」%K%P
「余計な情報を与えて、行動に迷いが生じるのは避けたかったのよ」%K%P
「余計な情報を与えて、行動に迷いが生じるのは避けたかったのよ」%K%P
「なるほど」%K%P
「なるほど」%K%P
「しかし、歌の主は本当にいずみさんなのか？」%K%P
「しかし、歌の主は本当にいずみさんなのか？」%K%P
「いずみさん、よ」%K%P
「いずみさん、よ」%K%P
即答する。%K%P
即答する。%K%P
確かにはっきりと聞こえた訳ではないから、奏の可能性だって考えられる。%K%P
確かにはっきりと聞こえた訳ではないから、奏の可能性だって考えられる。%K%P
でも――説明はできないけれど、私は司だと確信していた。%K%P
でも――説明はできないけれど、私は司だと確信していた。%K%P
「自信があるようだな」%K%P
「自信があるようだな」%K%P
「まぁね。とにかく、どちらかの{歌姫:ディーバ}の所に行けば、何かしら進展はあるでしょう」%K%P
「まぁね。とにかく、どちらかの{歌姫:ディーバ}の所に行けば、何かしら進展はあるでしょう」%K%P
「ん……」%K%P
「ん……」%K%P
「行きましょう。付いてきて」%K%P
「行きましょう。付いてきて」%K%P
私は自分の記憶を頼りに、歌声が聞こえた場所へと歩み始めた――。%K%P
私は自分の記憶を頼りに、歌声が聞こえた場所へと歩み始めた――。%K%P
「はぁ……ふぅ……」%K%P
「はぁ……ふぅ……」%K%P
ちょうど１０曲目を歌い終えたタイミングで、僕は額に浮かんだ汗を拭う。%K%P
ちょうど１０曲目を歌い終えたタイミングで、僕は額に浮かんだ汗を拭う。%K%P
アリアが始まってから、ある程度時間は経ったけれど、僕の所には誰も来ていない。%K%P
アリアが始まってから、ある程度時間は経ったけれど、僕の所には誰も来ていない。%K%P
……もしかして、全然聞こえてないのだろうか？%K%P
……もしかして、全然聞こえてないのだろうか？%K%P
「だめだめ。僕がみんなを導かないと」%K%P
「だめだめ。僕がみんなを導かないと」%K%P
弱気な気持ちをかき消して、思考を切り替える。%K%P
弱気な気持ちをかき消して、思考を切り替える。%K%P
今頃、千影たちは{騎士:ワルキュリア}として戦っているのだろう。%K%P
今頃、千影たちは{騎士:ワルキュリア}として戦っているのだろう。%K%P
千影、どうか無事でいて――。%K%P
千影、どうか無事でいて――。%K%P
「いずみさん……！」%K%P
「いずみさん……！」%K%P
「え……？」%K%P
「え……？」%K%P
次の曲を歌おうとした瞬間、聞き覚えのある声が僕の耳に届いた。%K%P
次の曲を歌おうとした瞬間、聞き覚えのある声が僕の耳に届いた。%K%P
反射的に振り返ると、そこには――。%K%P
反射的に振り返ると、そこには――。%K%P
「待たせたわね」%K%P
「待たせたわね」%K%P
「本当にいずみさんだったとは……」%K%P
「本当にいずみさんだったとは……」%K%P
「良かった……無事だったんだね！」%K%P
「良かった……無事だったんだね！」%K%P
「ふふ、当たり前じゃない」%K%P
「ふふ、当たり前じゃない」%K%P
「途中で美琴さんを倒して、鍵も手に入れている」%K%P
「途中で美琴さんを倒して、鍵も手に入れている」%K%P
「すごいすごい！」%K%P
「すごいすごい！」%K%P
ということは、綾香さんたちのチームは、この二人と戦わなければ奏さんを救出できないわけだ。%K%P
ということは、綾香さんたちのチームは、この二人と戦わなければ奏さんを救出できないわけだ。%K%P
これはかなり優位に進められてるんじゃないのか？%K%P
これはかなり優位に進められてるんじゃないのか？%K%P
「ところで、夕陽ちゃんは？」%K%P
「ところで、夕陽ちゃんは？」%K%P
「……合流できなかった」%K%P
「……合流できなかった」%K%P
「そ、そうなんだ……」%K%P
「そ、そうなんだ……」%K%P
「とりあえず、私たちの鍵でいずみさんの錠を外そう」%K%P
「とりあえず、私たちの鍵でいずみさんの錠を外そう」%K%P
「そうね」%K%P
「そうね」%K%P
ふたりは鍵を取り出すと、それぞれ僕の錠を解除してくれる。%K%P
ふたりは鍵を取り出すと、それぞれ僕の錠を解除してくれる。%K%P
二つの鍵を解除したアナウンスが森の中に響きわたる。%K%P
二つの鍵を解除したアナウンスが森の中に響きわたる。%K%P
……これで夕陽ちゃんの鍵が揃えば、僕たちの勝ちだ。%K%P
……これで夕陽ちゃんの鍵が揃えば、僕たちの勝ちだ。%K%P
「これから夕陽ちゃんを探しに行くわ」%K%P
「これから夕陽ちゃんを探しに行くわ」%K%P
「それと綾香さんたちの妨害が出来れば――」%K%P
「それと綾香さんたちの妨害が出来れば――」%K%P
「その必要はないわ」%K%P
「その必要はないわ」%K%P
「綾香さん……！？」%K%P
「綾香さん……！？」%K%P
千影たちが来た反対側から、綾香さんが姿を現した。%K%P
千影たちが来た反対側から、綾香さんが姿を現した。%K%P
綾香さんが１本の鍵を掲げてみせる。%K%P
綾香さんが１本の鍵を掲げてみせる。%K%P
「夕陽ちゃんの……鍵？」%K%P
「夕陽ちゃんの……鍵？」%K%P
「うん。さっき戦ったの」%K%P
「うん。さっき戦ったの」%K%P
夕陽ちゃん、負けちゃったのか……。%K%P
夕陽ちゃん、負けちゃったのか……。%K%P
いや、考え方によっては、綾香さんは最後の鍵をここまで持ってくれたんだ。%K%P
いや、考え方によっては、綾香さんは最後の鍵をここまで持ってくれたんだ。%K%P
災い転じてなんとやら。これは絶好の機会だ。%K%P
災い転じてなんとやら。これは絶好の機会だ。%K%P
現状では２対１。綾香さんが強いのは知っているけど、不利なのは間違いない。%K%P
現状では２対１。綾香さんが強いのは知っているけど、不利なのは間違いない。%K%P
「その鍵があれば、私たちの勝ち」%K%P
「その鍵があれば、私たちの勝ち」%K%P
「ここであなたを倒し、勝利を手にする」%K%P
「ここであなたを倒し、勝利を手にする」%K%P
「……勝負！」%K%P
「……勝負！」%K%P
それぞれが自分の武器を構え、攻撃のタイミングを見計らう。%K%P
それぞれが自分の武器を構え、攻撃のタイミングを見計らう。%K%P
千影は一歩、また一歩と綾香さんとの距離を詰めていく。%K%P
千影は一歩、また一歩と綾香さんとの距離を詰めていく。%K%P
「はっ……！」%K%P
「はっ……！」%K%P
双剣を構えつつ、千影は一気に走り出した。%K%P
双剣を構えつつ、千影は一気に走り出した。%K%P
「やああぁ！」%K%P
「やああぁ！」%K%P
綾香さんは剣を眼前に出し、双剣を見事に受け止める。%K%P
綾香さんは剣を眼前に出し、双剣を見事に受け止める。%K%P
それに対し、攻撃が通じないと判断した千影は、すぐに距離をとった。%K%P
それに対し、攻撃が通じないと判断した千影は、すぐに距離をとった。%K%P
「私も、いるぞっ！」%K%P
「私も、いるぞっ！」%K%P
千影と入れ替わるように、楓さんが刀を振るう。%K%P
千影と入れ替わるように、楓さんが刀を振るう。%K%P
だが、間一髪で綾香さんは後ろに飛ぶようにしてそれを躱した。%K%P
だが、間一髪で綾香さんは後ろに飛ぶようにしてそれを躱した。%K%P
「さすがに二人相手は骨が折れそう……」%K%P
「さすがに二人相手は骨が折れそう……」%K%P
「でも……負けないっ」%K%P
「でも……負けないっ」%K%P
今度は一歩、綾香さんが踏み込んで、剣を振るう――！%K%P
今度は一歩、綾香さんが踏み込んで、剣を振るう――！%K%P
「んっ……！」%K%P
「んっ……！」%K%P
楓さんは慌てて回避するが、繰り出された剣先は、僅かに鎧を掠めていく。%K%P
楓さんは慌てて回避するが、繰り出された剣先は、僅かに鎧を掠めていく。%K%P
「そこっ！」%K%P
「そこっ！」%K%P
生じた隙を狙い、千影が綾香さん目掛けて突っ込む。%K%P
生じた隙を狙い、千影が綾香さん目掛けて突っ込む。%K%P
「くっ……」%K%P
「くっ……」%K%P
剣を横になぎ払うようにして、双剣をはじき返す。%K%P
剣を横になぎ払うようにして、双剣をはじき返す。%K%P
……すごい。%K%P
……すごい。%K%P
綾香さん、このふたりを相手に互角だなんて！%K%P
綾香さん、このふたりを相手に互角だなんて！%K%P
「さすがにいい腕をしているわね」%K%P
「さすがにいい腕をしているわね」%K%P
「千影さんや楓さんには及ばないわ」%K%P
「千影さんや楓さんには及ばないわ」%K%P
千影がそっと楓さんに近づき耳打ちする。%K%P
千影がそっと楓さんに近づき耳打ちする。%K%P
「……楓さん、私が綾香さんの意識をこちらに集中させるから」%K%P
「……楓さん、私が綾香さんの意識をこちらに集中させるから」%K%P
「分かった。先ほどのように挟むのだな」%K%P
「分かった。先ほどのように挟むのだな」%K%P
頷き合う二人。千影が構える綾香さんににじり寄る。%K%P
頷き合う二人。千影が構える綾香さんににじり寄る。%K%P
「全力で勝ちにいくから、綾香さん」%K%P
「全力で勝ちにいくから、綾香さん」%K%P
「……負けないんだから！」%K%P
「……負けないんだから！」%K%P
千影は双剣を構え直し、再び綾香さんに向かって踏み込んでいく。%K%P
千影は双剣を構え直し、再び綾香さんに向かって踏み込んでいく。%K%P
「はあぁっ！　やっ！　ふんっ！」%K%P
「はあぁっ！　やっ！　ふんっ！」%K%P
「……ふっ！　たあぁ！　やああぁ！」%K%P
「……ふっ！　たあぁ！　やああぁ！」%K%P
ガキン、ガキンと剣のぶつかり合う音。%K%P
ガキン、ガキンと剣のぶつかり合う音。%K%P
目で追うのが困難なほど早い千影の攻撃を、綾香さんは必死に受け流す。%K%P
目で追うのが困難なほど早い千影の攻撃を、綾香さんは必死に受け流す。%K%P
千影が一歩前に踏み込むと、綾香さんは一歩後退する。%K%P
千影が一歩前に踏み込むと、綾香さんは一歩後退する。%K%P
……でもなぜだろう。僕には綾香さんが押されているようには見えない。%K%P
……でもなぜだろう。僕には綾香さんが押されているようには見えない。%K%P
まるで……どこかに誘導しているようにも思えた。%K%P
まるで……どこかに誘導しているようにも思えた。%K%P
「はっ、やああぁ！　ふっ！　はあっ！」%K%P
「はっ、やああぁ！　ふっ！　はあっ！」%K%P
綾香さんは受け身なのをいいことに、千影は攻撃の手を緩めず攻め続ける。%K%P
綾香さんは受け身なのをいいことに、千影は攻撃の手を緩めず攻め続ける。%K%P
一方で楓さんは、綾香さんのほぼ後ろまで移動していた。%K%P
一方で楓さんは、綾香さんのほぼ後ろまで移動していた。%K%P
挟み撃ちにするなら、このタイミングしかない……！%K%P
挟み撃ちにするなら、このタイミングしかない……！%K%P
「楓さん、今っ！」%K%P
「楓さん、今っ！」%K%P
「しまっ……！」%K%P
「しまっ……！」%K%P
「これでっ――」%K%P
「これでっ――」%K%P
楓さんの鞘に収まった刀が閃こうとする。%K%P
楓さんの鞘に収まった刀が閃こうとする。%K%P
これで勝負あった。%K%P
これで勝負あった。%K%P
僕がそう確信した、その瞬間。%K%P
僕がそう確信した、その瞬間。%K%P
最初に異変に気付いたのは、楓さんだった。%K%P
最初に異変に気付いたのは、楓さんだった。%K%P
突然、彼女の鎧が外れ、その場に崩れていく。%K%P
突然、彼女の鎧が外れ、その場に崩れていく。%K%P
「楓さん……！」%K%P
「楓さん……！」%K%P
「あれは……」%K%P
「あれは……」%K%P
地面に落ちた鎧の傍には、矢が転がっていた。%K%P
地面に落ちた鎧の傍には、矢が転がっていた。%K%P
「はぁ……ドキドキしたぁ」%K%P
「はぁ……ドキドキしたぁ」%K%P
「罠に嵌まったのはこちら、ということかしら」%K%P
「罠に嵌まったのはこちら、ということかしら」%K%P
「うん。私ひとりじゃ、さすがに勝てないもん」%K%P
「うん。私ひとりじゃ、さすがに勝てないもん」%K%P
綾香さんはそう言って、森の一角に視線を向けた。%K%P
綾香さんはそう言って、森の一角に視線を向けた。%K%P
「……あ、当たった……」%K%P
「……あ、当たった……」%K%P
かなり離れたところに、ことりちゃんの姿。%K%P
かなり離れたところに、ことりちゃんの姿。%K%P
あそこから、ずっと狙撃のチャンスを狙っていたのか！%K%P
あそこから、ずっと狙撃のチャンスを狙っていたのか！%K%P
「……まだ、気を緩めちゃ、駄目」%K%P
「……まだ、気を緩めちゃ、駄目」%K%P
ことりちゃんは身を隠すことなく、次の矢の発射準備をする。%K%P
ことりちゃんは身を隠すことなく、次の矢の発射準備をする。%K%P
「ごめん。後はお願い」%K%P
「ごめん。後はお願い」%K%P
「いいえ。ここまでありがとう。任せて」%K%P
「いいえ。ここまでありがとう。任せて」%K%P
「……これで形勢逆転、ね」%K%P
「……これで形勢逆転、ね」%K%P
「……」%K%P
「……」%K%P
先ほどとは打って変わって、逆の２対１。%K%P
先ほどとは打って変わって、逆の２対１。%K%P
綾香さんとの攻防に意識を集中しすぎると、矢が飛んでくるのだ。%K%P
綾香さんとの攻防に意識を集中しすぎると、矢が飛んでくるのだ。%K%P
千影は離れた場所にいることりちゃんにも警戒して、戦わなければならない。%K%P
千影は離れた場所にいることりちゃんにも警戒して、戦わなければならない。%K%P
……これはちょっと、まずいかもしれない。%K%P
……これはちょっと、まずいかもしれない。%K%P
「今度はわたしも――もっと攻める！」%K%P
「今度はわたしも――もっと攻める！」%K%P
右手に剣を持ち、半身のまま前へ踏み込む。%K%P
右手に剣を持ち、半身のまま前へ踏み込む。%K%P
「やああぁ！　たあぁっ！　せっ……！」%K%P
「やああぁ！　たあぁっ！　せっ……！」%K%P
まるでレイピアを扱うかのごとく、突きを主体に攻めていく。%K%P
まるでレイピアを扱うかのごとく、突きを主体に攻めていく。%K%P
当然威力は高いだろう。だが、ダメージを与えられるのは剣先の一点のみ。%K%P
当然威力は高いだろう。だが、ダメージを与えられるのは剣先の一点のみ。%K%P
「ふっ、はっ……く……」%K%P
「ふっ、はっ……く……」%K%P
千影さんは上手く身体を左右に動かし、器用に避けていく。%K%P
千影さんは上手く身体を左右に動かし、器用に避けていく。%K%P
「――っ！」%K%P
「――っ！」%K%P
いきなり千影は姿勢を低くすると、その頭上を矢が通過していった。%K%P
いきなり千影は姿勢を低くすると、その頭上を矢が通過していった。%K%P
すごい、ことりちゃんの方も見えているんだ！%K%P
すごい、ことりちゃんの方も見えているんだ！%K%P
「やっぱり千影さんはすごい……」%K%P
「やっぱり千影さんはすごい……」%K%P
「綾香さんこそ、想像以上の動きよ」%K%P
「綾香さんこそ、想像以上の動きよ」%K%P
ふたりは、笑い合っていた。%K%P
ふたりは、笑い合っていた。%K%P
友人でもあり、ライバルでもある――そんな感じだ。%K%P
友人でもあり、ライバルでもある――そんな感じだ。%K%P
{騎士:ワルキュリア}の戦いって、こんなに手に汗握るものだったのか。%K%P
{騎士:ワルキュリア}の戦いって、こんなに手に汗握るものだったのか。%K%P
今ならはっきり言える。%K%P
今ならはっきり言える。%K%P
……{歌姫:ディーバ}になって、良かった。%K%P
……{歌姫:ディーバ}になって、良かった。%K%P
「千影さん！　頑張って！」%K%P
「千影さん！　頑張って！」%K%P
気付けば、僕はそう叫んでいた。%K%P
気付けば、僕はそう叫んでいた。%K%P
「……任せておいて」%K%P
「……任せておいて」%K%P
ちらりと僕の方を向いて、千影は笑顔を見せる。%K%P
ちらりと僕の方を向いて、千影は笑顔を見せる。%K%P
ふたりは少し距離を置いて、向かい合う。%K%P
ふたりは少し距離を置いて、向かい合う。%K%P
激しい攻防を繰り返した結果、共に息が切れ、肩が上下に揺れていた。%K%P
激しい攻防を繰り返した結果、共に息が切れ、肩が上下に揺れていた。%K%P
「……ふぅ」%K%P
「……ふぅ」%K%P
「はぁ……はっ……」%K%P
「はぁ……はっ……」%K%P
今の千影には隙がありそうだが、矢は飛んでこない。%K%P
今の千影には隙がありそうだが、矢は飛んでこない。%K%P
どうしたのだろうとことりちゃんに目を向ける――――%K%P
どうしたのだろうとことりちゃんに目を向ける――――%K%P
いない……どこにいったんだ？%K%P
いない……どこにいったんだ？%K%P
いなくなったことりちゃんは気になったが、二人の緊張感が膨れ上がるのを感じる。%K%P
いなくなったことりちゃんは気になったが、二人の緊張感が膨れ上がるのを感じる。%K%P
次の攻防で、この戦い――アリア――に決着がつく。%K%P
次の攻防で、この戦い――アリア――に決着がつく。%K%P
そんな予感がした。%K%P
そんな予感がした。%K%P
「いくよ、千影さん」%K%P
「いくよ、千影さん」%K%P
千影は双剣を胸に当てて目を閉じ、口が微かに動く。%K%P
千影は双剣を胸に当てて目を閉じ、口が微かに動く。%K%P
何かを呟いているようだが、ここからでは聞こえない。%K%P
何かを呟いているようだが、ここからでは聞こえない。%K%P
「……ええ」%K%P
「……ええ」%K%P
目を見開くと、千影はゆっくりと双剣を構える。%K%P
目を見開くと、千影はゆっくりと双剣を構える。%K%P
「はあああああああぁぁぁ！！」%K%P
「はあああああああぁぁぁ！！」%K%P
同時に駆けだし、渾身の一撃を振るう！%K%P
同時に駆けだし、渾身の一撃を振るう！%K%P
鈍い金属音が響き、ふたりの動きが止まった。%K%P
鈍い金属音が響き、ふたりの動きが止まった。%K%P
その直後――僕は綾香さんの剣が宙に舞っていることに気付いた。%K%P
その直後――僕は綾香さんの剣が宙に舞っていることに気付いた。%K%P
剣は放物線を描くように弾き飛び、地面に突き刺さる。%K%P
剣は放物線を描くように弾き飛び、地面に突き刺さる。%K%P
――勝負、あった。%K%P
――勝負、あった。%K%P
確かな手応えとともに、綾香さんの剣が宙を舞った。%K%P
確かな手応えとともに、綾香さんの剣が宙を舞った。%K%P
得物である剣をはじき飛ばされた事により、綾香さんのリタイアが確定した。%K%P
得物である剣をはじき飛ばされた事により、綾香さんのリタイアが確定した。%K%P
だけど―――%K%P
だけど―――%K%P
「……っ」%K%P
「……っ」%K%P
その刹那の中、私は見た。%K%P
その刹那の中、私は見た。%K%P
綾香さんの顔に笑みが浮かんでいるのを。%K%P
綾香さんの顔に笑みが浮かんでいるのを。%K%P
「――千影！」%K%P
「――千影！」%K%P
――ッ！！%K%P
――ッ！！%K%P
いずみの声が耳に届くとほぼ同時に、私は反射的にその場に跪く。%K%P
いずみの声が耳に届くとほぼ同時に、私は反射的にその場に跪く。%K%P
その瞬間、先ほどまでいた場所を矢が通過していった。%K%P
その瞬間、先ほどまでいた場所を矢が通過していった。%K%P
「うぅ……外しちゃった……」%K%P
「うぅ……外しちゃった……」%K%P
「嘘……このタイミングで当たらないの！？」%K%P
「嘘……このタイミングで当たらないの！？」%K%P
……そうだ。綾香さんとの戦いは終わったけれど、アリア自体は終わっていない。%K%P
……そうだ。綾香さんとの戦いは終わったけれど、アリア自体は終わっていない。%K%P
ことりちゃんを大人しくさせて、司の錠を解除しなくては。%K%P
ことりちゃんを大人しくさせて、司の錠を解除しなくては。%K%P
私はことりちゃんの方を向く。%K%P
私はことりちゃんの方を向く。%K%P
彼女との距離は約２０メートル。先程の場所より移動しており距離が近い。%K%P
彼女との距離は約２０メートル。先程の場所より移動しており距離が近い。%K%P
この足場でも全力で走れば４秒。%K%P
この足場でも全力で走れば４秒。%K%P
その間、ことりちゃんは間違いなく一射しかできない。%K%P
その間、ことりちゃんは間違いなく一射しかできない。%K%P
「……その一射を避けて、二射目の前に仕留める」%K%P
「……その一射を避けて、二射目の前に仕留める」%K%P
双剣の間合いにさえ入れれば、勝てる。%K%P
双剣の間合いにさえ入れれば、勝てる。%K%P
「……あ、あ、当ててみせます！」%K%P
「……あ、あ、当ててみせます！」%K%P
既にことりちゃんは『打起こし』の状態に入っている。%K%P
既にことりちゃんは『打起こし』の状態に入っている。%K%P
行くなら、今しかない――！%K%P
行くなら、今しかない――！%K%P
司、待ってて……！%K%P
司、待ってて……！%K%P
「はあああぁぁ……！」%K%P
「はあああぁぁ……！」%K%P
私は地を蹴り、ことりちゃん目掛けて一直線に走り出す。%K%P
私は地を蹴り、ことりちゃん目掛けて一直線に走り出す。%K%P
「えいっ……！」%K%P
「えいっ……！」%K%P
ほぼ同時に矢が放たれる……！%K%P
ほぼ同時に矢が放たれる……！%K%P
だが、一瞬で私はその矢が当たらないと確信する。%K%P
だが、一瞬で私はその矢が当たらないと確信する。%K%P
ほんの少し身体を右に捻れれば――！%K%P
ほんの少し身体を右に捻れれば――！%K%P
――待って、この軌道……避けたら！%K%P
――待って、この軌道……避けたら！%K%P
「くっ……！！」%K%P
「くっ……！！」%K%P
「…………っ！」%K%P
「…………っ！」%K%P
僕は自分に向かって矢が飛んでくると理解し、反射的に目を閉じた。%K%P
僕は自分に向かって矢が飛んでくると理解し、反射的に目を閉じた。%K%P
……だが、いつまで経っても当たったような衝撃はこない。%K%P
……だが、いつまで経っても当たったような衝撃はこない。%K%P
「…………？」%K%P
「…………？」%K%P
何が起こったのだろう？%K%P
何が起こったのだろう？%K%P
僕は、おそるおそる目を開ける――。%K%P
僕は、おそるおそる目を開ける――。%K%P
「…………！」%K%P
「…………！」%K%P
僕は目を疑った。%K%P
僕は目を疑った。%K%P
千影は僕とことりちゃんの間に入って、矢を受けたのだ！%K%P
千影は僕とことりちゃんの間に入って、矢を受けたのだ！%K%P
「千影っ！」%K%P
「千影っ！」%K%P
いてもたってもいられなくなり、僕は千影の元に走る。%K%P
いてもたってもいられなくなり、僕は千影の元に走る。%K%P
「……いずみさん」%K%P
「……いずみさん」%K%P
鎧が崩れ、千影は双剣を地面に落とした。%K%P
鎧が崩れ、千影は双剣を地面に落とした。%K%P
「どうして……」%K%P
「どうして……」%K%P
あのまま矢を躱していたら、きっと勝てたはずなのに……！%K%P
あのまま矢を躱していたら、きっと勝てたはずなのに……！%K%P
確か{歌姫:ディーバ}への攻撃は反則を取られた筈。それなのに。%K%P
確か{歌姫:ディーバ}への攻撃は反則を取られた筈。それなのに。%K%P
なんで自分から矢に向かって……。%K%P
なんで自分から矢に向かって……。%K%P
「……いずみ、さん、怪我は？」%K%P
「……いずみ、さん、怪我は？」%K%P
「ない、けど……当たっても平気な矢なのに、なんでかばってくれたの……」%K%P
「ない、けど……当たっても平気な矢なのに、なんでかばってくれたの……」%K%P
あれだけ勝ちに拘っていた千影。%K%P
あれだけ勝ちに拘っていた千影。%K%P
{最優秀騎士:ブリランテ}になって『不純同性交遊の禁止』を叶えるんじゃなかったの！？%K%P
{最優秀騎士:ブリランテ}になって『不純同性交遊の禁止』を叶えるんじゃなかったの！？%K%P
「なんでって、私は――」%K%P
「なんでって、私は――」%K%P
「私はあなたの{騎士:ワルキュリア}なのだから、当然のことでしょう？」%K%P
「私はあなたの{騎士:ワルキュリア}なのだから、当然のことでしょう？」%K%P
「いくら怪我をしないからといって、{歌姫:ディーバ}に迫る危機を見過ごすことなんてできない」%K%P
「いくら怪我をしないからといって、{歌姫:ディーバ}に迫る危機を見過ごすことなんてできない」%K%P
「あなたが無事なら、それでいい」%K%P
「あなたが無事なら、それでいい」%K%P
「千影……」%K%P
「千影……」%K%P
千影の気持ちが伝わり、僕は熱い感情がこみ上げてくる。%K%P
千影の気持ちが伝わり、僕は熱い感情がこみ上げてくる。%K%P
「……司、愛してる」%K%P
「……司、愛してる」%K%P
ぎゅっと、千影は僕を抱きしめて、耳元で囁く。%K%P
ぎゅっと、千影は僕を抱きしめて、耳元で囁く。%K%P
「これからも、ずっとあなたを守らせて」%K%P
「これからも、ずっとあなたを守らせて」%K%P
――こうして、いずみチームの{騎士:ワルキュリア}が全員リタイアした為、奏チームの勝利でアリアの幕は下りた。%K%P
――こうして、いずみチームの{騎士:ワルキュリア}が全員リタイアした為、奏チームの勝利でアリアの幕は下りた。%K%P
「――みんな、お疲れ様」%K%P
「――みんな、お疲れ様」%K%P
アリア終了後、僕たちは森の入り口で集まっていた。%K%P
アリア終了後、僕たちは森の入り口で集まっていた。%K%P
先ほどまでの緊迫した空気はなく、皆で仲良く笑談している。%K%P
先ほどまでの緊迫した空気はなく、皆で仲良く笑談している。%K%P
「お疲れ様、いずみさん。……ありがとう」%K%P
「お疲れ様、いずみさん。……ありがとう」%K%P
「アリアに{歌姫:ディーバ}として参加してくれたこと。無事に終わって、本当に良かった」%K%P
「アリアに{歌姫:ディーバ}として参加してくれたこと。無事に終わって、本当に良かった」%K%P
「ううん。私も貴重な経験をさせてもらったから」%K%P
「ううん。私も貴重な経験をさせてもらったから」%K%P
「いずみ様の歌、本当に綺麗でした！　まるで森の妖精みたいです」%K%P
「いずみ様の歌、本当に綺麗でした！　まるで森の妖精みたいです」%K%P
「……一理あるな」%K%P
「……一理あるな」%K%P
「わたしも聞きたかったです。と、いうかわたしだけ何もしてませんよぉ……」%K%P
「わたしも聞きたかったです。と、いうかわたしだけ何もしてませんよぉ……」%K%P
「あたしも聞きたかったなぁ。いずみさんの歌」%K%P
「あたしも聞きたかったなぁ。いずみさんの歌」%K%P
「みんな、持ち上げすぎだよ……」%K%P
「みんな、持ち上げすぎだよ……」%K%P
僕は照れ隠しにその場を離れ、離れた所にいた千影と奏さんの元へ。%K%P
僕は照れ隠しにその場を離れ、離れた所にいた千影と奏さんの元へ。%K%P
「いずみさん、お疲れ様ですわ」%K%P
「いずみさん、お疲れ様ですわ」%K%P
「お疲れ様。おめでとうございます……で、いいのかな」%K%P
「お疲れ様。おめでとうございます……で、いいのかな」%K%P
「ふふ、ありがとうございます」%K%P
「ふふ、ありがとうございます」%K%P
「ふたりは何の話をしていたの？」%K%P
「ふたりは何の話をしていたの？」%K%P
「去年の深皇祭を思い出してね、少しその話を」%K%P
「去年の深皇祭を思い出してね、少しその話を」%K%P
「あの時の千影は可愛かった、という内容ですわ」%K%P
「あの時の千影は可愛かった、という内容ですわ」%K%P
「か、奏……！」%K%P
「か、奏……！」%K%P
「失礼。今の方がもっと可愛らしいですものね」%K%P
「失礼。今の方がもっと可愛らしいですものね」%K%P
「こ、こほん！　それより、{最優秀騎士:ブリランテ}は誰になるのかしらね？」%K%P
「こ、こほん！　それより、{最優秀騎士:ブリランテ}は誰になるのかしらね？」%K%P
これ以上奏さんにイジられたくないようで、千影は無理矢理に話題を変える。%K%P
これ以上奏さんにイジられたくないようで、千影は無理矢理に話題を変える。%K%P
しかし、{最優秀騎士:ブリランテ}か……。%K%P
しかし、{最優秀騎士:ブリランテ}か……。%K%P
「私は戦うところを直接見たわけではないのですけど、綾香さんかしら」%K%P
「私は戦うところを直接見たわけではないのですけど、綾香さんかしら」%K%P
「……でしょうね。ことりちゃんも活躍したから可能性はあるけれど」%K%P
「……でしょうね。ことりちゃんも活躍したから可能性はあるけれど」%K%P
「いずみさんはどう思う？」%K%P
「いずみさんはどう思う？」%K%P
「私は――」%K%P
「私は――」%K%P
「これより、{最優秀騎士:ブリランテ}選定の集計を行います」%K%P
「これより、{最優秀騎士:ブリランテ}選定の集計を行います」%K%P
ついにアリアの表彰式が始まった。%K%P
ついにアリアの表彰式が始まった。%K%P
「開票作業を行いますので、しばらくお待ち下さい」%K%P
「開票作業を行いますので、しばらくお待ち下さい」%K%P
壇上に立った法子さんはそう言って、舞台袖へと去って行く。%K%P
壇上に立った法子さんはそう言って、舞台袖へと去って行く。%K%P
――このアリアにおける{最優秀騎士:ブリランテ}の選定方法は、投票によって決まる。%K%P
――このアリアにおける{最優秀騎士:ブリランテ}の選定方法は、投票によって決まる。%K%P
{歌姫:ディーバ}と{騎士:ワルキュリア}。それと各学年で１票与えられ、合計１１票。%K%P
{歌姫:ディーバ}と{騎士:ワルキュリア}。それと各学年で１票与えられ、合計１１票。%K%P
匿名での投票となるので、誰が誰に入れたのかは分からない。%K%P
匿名での投票となるので、誰が誰に入れたのかは分からない。%K%P
僕はもちろん……千影に票を投じた。%K%P
僕はもちろん……千影に票を投じた。%K%P
僕の隣に座っている千影は、ゆっくりと目を閉じた。%K%P
僕の隣に座っている千影は、ゆっくりと目を閉じた。%K%P
千影も言っていたけど、今回の本命は綾香さんだろう。%K%P
千影も言っていたけど、今回の本命は綾香さんだろう。%K%P
序盤に夕陽ちゃんを倒し、千影や楓さん相手に見事な粘りを見せたのだ。%K%P
序盤に夕陽ちゃんを倒し、千影や楓さん相手に見事な粘りを見せたのだ。%K%P
あの時、矢を受けていなければ、千影が{最優秀騎士:ブリランテ}になっていたのではないだろうか……。%K%P
あの時、矢を受けていなければ、千影が{最優秀騎士:ブリランテ}になっていたのではないだろうか……。%K%P
かばってくれたのは嬉しかったけど、それでせっかくの機会を失ってしまった。%K%P
かばってくれたのは嬉しかったけど、それでせっかくの機会を失ってしまった。%K%P
「お待たせいたしました。開票作業が終了しましたので、{最優秀騎士:ブリランテ}の発表に移りたいと思います」%K%P
「お待たせいたしました。開票作業が終了しましたので、{最優秀騎士:ブリランテ}の発表に移りたいと思います」%K%P
「千影」%K%P
「千影」%K%P
僕はそっと千影の手を握る。%K%P
僕はそっと千影の手を握る。%K%P
すると千影は目を閉じたまま、ぎゅっと握り返してくれた。%K%P
すると千影は目を閉じたまま、ぎゅっと握り返してくれた。%K%P
「まず、集計結果ですが、同票数による決選投票はありません」%K%P
「まず、集計結果ですが、同票数による決選投票はありません」%K%P
……つまり、もう{最優秀騎士:ブリランテ}は決まっているということか。%K%P
……つまり、もう{最優秀騎士:ブリランテ}は決まっているということか。%K%P
「今回のアリア、{最優秀騎士:ブリランテ}は――」%K%P
「今回のアリア、{最優秀騎士:ブリランテ}は――」%K%P
お願いだ、どうか千影に……！%K%P
お願いだ、どうか千影に……！%K%P
「天承院千影さんです！」%K%P
「天承院千影さんです！」%K%P
静まりかえっていた講堂内が、一気に沸き起こった。%K%P
静まりかえっていた講堂内が、一気に沸き起こった。%K%P
「千影……！　千影やった！　{最優秀騎士:ブリランテ}だって！」%K%P
「千影……！　千影やった！　{最優秀騎士:ブリランテ}だって！」%K%P
「えっ……？」%K%P
「えっ……？」%K%P
信じられない、という表情をする千影に、僕は思わず抱きついてしまう。%K%P
信じられない、という表情をする千影に、僕は思わず抱きついてしまう。%K%P
「千影さん、貴女がいずみさんをかばう場面、感動しました」%K%P
「千影さん、貴女がいずみさんをかばう場面、感動しました」%K%P
「勝利を捨て、自らの姫を救う姿」%K%P
「勝利を捨て、自らの姫を救う姿」%K%P
「まさに本当の意味での騎士だと私は思います」%K%P
「まさに本当の意味での騎士だと私は思います」%K%P
壇上に立つみんなが一様に頷く。%K%P
壇上に立つみんなが一様に頷く。%K%P
「この場にいる全ての人が、貴女の行動に心動かされたのよ」%K%P
「この場にいる全ての人が、貴女の行動に心動かされたのよ」%K%P
「貴女が{最優秀騎士:ブリランテ}です」%K%P
「貴女が{最優秀騎士:ブリランテ}です」%K%P
「私が……」%K%P
「私が……」%K%P
「おめでとう、千影！」%K%P
「おめでとう、千影！」%K%P
「い、いずみさん！　くっつきすぎ！」%K%P
「い、いずみさん！　くっつきすぎ！」%K%P
「だって嬉しくて……！」%K%P
「だって嬉しくて……！」%K%P
「千影さん、表彰台へお願いします」%K%P
「千影さん、表彰台へお願いします」%K%P
「いってらっしゃい、千影」%K%P
「いってらっしゃい、千影」%K%P
「……ねぇ、いずみさんも一緒に来てくれない？」%K%P
「……ねぇ、いずみさんも一緒に来てくれない？」%K%P
「えっ、どうして……」%K%P
「えっ、どうして……」%K%P
「いずみさんがいなければ、この結果はなかった」%K%P
「いずみさんがいなければ、この結果はなかった」%K%P
「なら{最優秀騎士:ブリランテ}は私にとって、ふたりで獲得したようなものという事」%K%P
「なら{最優秀騎士:ブリランテ}は私にとって、ふたりで獲得したようなものという事」%K%P
「……お願い、いずみさん」%K%P
「……お願い、いずみさん」%K%P
「じゃあ……表彰台まで、エスコートしてくれる？」%K%P
「じゃあ……表彰台まで、エスコートしてくれる？」%K%P
「ええ、喜んで――」%K%P
「ええ、喜んで――」%K%P
そうしてみんなからの祝福の拍手の下、千影は{最優秀騎士:ブリランテ}の栄誉を授与されるのであった。%K%P
そうしてみんなからの祝福の拍手の下、千影は{最優秀騎士:ブリランテ}の栄誉を授与されるのであった。%K%P
