「いずみさん、帰りましょう？」%K%P
「いずみさん、帰りましょう？」%K%P
その日も無事にすべての授業が終わると、綾香さんが僕の席までやってきて声をかけてくれた。%K%P
その日も無事にすべての授業が終わると、綾香さんが僕の席までやってきて声をかけてくれた。%K%P
「ちょっと待って。いま支度を――」%K%P
「ちょっと待って。いま支度を――」%K%P
「慌てないで平気だから、忘れ物のないようにね」%K%P
「慌てないで平気だから、忘れ物のないようにね」%K%P
「うん。ありがとう、綾香さん」%K%P
「うん。ありがとう、綾香さん」%K%P
そうして２人、エントランスまで今日の授業内容について話しながら歩いているときだった。%K%P
そうして２人、エントランスまで今日の授業内容について話しながら歩いているときだった。%K%P
「きゃっ？！」%K%P
「きゃっ？！」%K%P
いきなり背後から悲鳴らしき声が聞こえると同時に、なにかが倒れるような物音が聞こえた。%K%P
いきなり背後から悲鳴らしき声が聞こえると同時に、なにかが倒れるような物音が聞こえた。%K%P
驚いて振り向くと、１人の女の子が正座の足を崩したような体勢で、くるぶしあたりを押さえていた。%K%P
驚いて振り向くと、１人の女の子が正座の足を崩したような体勢で、くるぶしあたりを押さえていた。%K%P
「大丈夫っ？」%K%P
「大丈夫っ？」%K%P
すぐさま駆け寄った綾香さんの後に続いて、僕も女の子のところへ急ぐ。%K%P
すぐさま駆け寄った綾香さんの後に続いて、僕も女の子のところへ急ぐ。%K%P
「転んだみたいだけど、足を捻ったの？」%K%P
「転んだみたいだけど、足を捻ったの？」%K%P
「は、はい……」%K%P
「は、はい……」%K%P
「って、えっ……？！　うっ、うそ、綾香様っ？」%K%P
「って、えっ……？！　うっ、うそ、綾香様っ？」%K%P
「ええ、そうよ。それより足は大丈夫？」%K%P
「ええ、そうよ。それより足は大丈夫？」%K%P
「えっと……くっ、いっ、いたたっ」%K%P
「えっと……くっ、いっ、いたたっ」%K%P
「ダメよ、無理に動かさないで。わたしが肩を貸すから、保健室まで行きましょう」%K%P
「ダメよ、無理に動かさないで。わたしが肩を貸すから、保健室まで行きましょう」%K%P
「ですけど、綾香様にそんなこと」%K%P
「ですけど、綾香様にそんなこと」%K%P
「いいから。いずみさん、わたしの鞄をお願い」%K%P
「いいから。いずみさん、わたしの鞄をお願い」%K%P
「そういうことなら私が――」%K%P
「そういうことなら私が――」%K%P
「平気よ、保健室はすぐそこだから」%K%P
「平気よ、保健室はすぐそこだから」%K%P
「それに、もしいずみさんが肩を貸してなにかあったら誤魔化しきれないでしょ？」%K%P
「それに、もしいずみさんが肩を貸してなにかあったら誤魔化しきれないでしょ？」%K%P
「あっ、うん」%K%P
「あっ、うん」%K%P
綾香さんの言う通り、女の子と密着してトラブルがあったら取り返しがつかない。%K%P
綾香さんの言う通り、女の子と密着してトラブルがあったら取り返しがつかない。%K%P
どうしても、という場合ならともかく、この状況なら綾香さんに従った方が良い。%K%P
どうしても、という場合ならともかく、この状況なら綾香さんに従った方が良い。%K%P
「行きましょう、いずみさん」%K%P
「行きましょう、いずみさん」%K%P
床に置かれた綾香さんの鞄を持つと、僕は付き添う形で保健室へと向かった。%K%P
床に置かれた綾香さんの鞄を持つと、僕は付き添う形で保健室へと向かった。%K%P
「ごめんなさい。いつのまにか、いずみさんに色々と手伝わせてしまって」%K%P
「ごめんなさい。いつのまにか、いずみさんに色々と手伝わせてしまって」%K%P
「そんなに気にしないでもいいよ。私も好きで手伝ってるんだから」%K%P
「そんなに気にしないでもいいよ。私も好きで手伝ってるんだから」%K%P
なんて話をしながら、僕と綾香さんは修練所で備品の後片付けをしていた。%K%P
なんて話をしながら、僕と綾香さんは修練所で備品の後片付けをしていた。%K%P
保健室にあの女の子を送り届けた直後、軽い怪我をした別の学生が運ばれてきた。%K%P
保健室にあの女の子を送り届けた直後、軽い怪我をした別の学生が運ばれてきた。%K%P
なんでも修練所の片付けをしていた最中に、トラブルで備品が崩れてきたんだとか。%K%P
なんでも修練所の片付けをしていた最中に、トラブルで備品が崩れてきたんだとか。%K%P
その話を聞いた綾香さんは、すぐにその片付けを自分も手伝うと行って、こうして現場までやってきた。%K%P
その話を聞いた綾香さんは、すぐにその片付けを自分も手伝うと行って、こうして現場までやってきた。%K%P
当然、僕もそれを放っておけず、こうして綾香さんと一緒に手伝っている。%K%P
当然、僕もそれを放っておけず、こうして綾香さんと一緒に手伝っている。%K%P
「ありがとう、いろいろと手伝ってもらって。このお礼は、今度また改めてね」%K%P
「ありがとう、いろいろと手伝ってもらって。このお礼は、今度また改めてね」%K%P
「ダメです、このぐらいでお礼なんて。当たり前のことをしているだけなんですから」%K%P
「ダメです、このぐらいでお礼なんて。当たり前のことをしているだけなんですから」%K%P
「ね？　いずみさん」%K%P
「ね？　いずみさん」%K%P
「はい。どうか気にしないでください」%K%P
「はい。どうか気にしないでください」%K%P
僕自身、誰かの役に立てるのはそれだけで嬉しいし、なにより気持ちが良い。%K%P
僕自身、誰かの役に立てるのはそれだけで嬉しいし、なにより気持ちが良い。%K%P
それがこういう力仕事ならなおさらだ。%K%P
それがこういう力仕事ならなおさらだ。%K%P
「くすっ、さすがは綾香さんね。それにいずみさんも、すっかり深皇の学生の風格だわ」%K%P
「くすっ、さすがは綾香さんね。それにいずみさんも、すっかり深皇の学生の風格だわ」%K%P
「いえ、そんな……」%K%P
「いえ、そんな……」%K%P
「用があるなら途中で切り上げてしまって構わないから。あと、２人まで怪我をしないようにね」%K%P
「用があるなら途中で切り上げてしまって構わないから。あと、２人まで怪我をしないようにね」%K%P
「{騎士:ワルキュリア}と{歌姫:ディーバ}になにかあっては、まわりにあわせる顔がないもの」%K%P
「{騎士:ワルキュリア}と{歌姫:ディーバ}になにかあっては、まわりにあわせる顔がないもの」%K%P
「気を付けます」%K%P
「気を付けます」%K%P
そう言った綾香さんに会釈して、おそらくは上級生だろうその人は、別の場所を手伝いにいった。%K%P
そう言った綾香さんに会釈して、おそらくは上級生だろうその人は、別の場所を手伝いにいった。%K%P
「綾香さん、いまのは知ってる人？」%K%P
「綾香さん、いまのは知ってる人？」%K%P
「ええ。３年生で佳様のクラスメイトの方よ。お話するのは今日で２回目だけど」%K%P
「ええ。３年生で佳様のクラスメイトの方よ。お話するのは今日で２回目だけど」%K%P
「綾香さんって顔が広いというか、知らない人に対しても、あまり物怖じしないよね」%K%P
「綾香さんって顔が広いというか、知らない人に対しても、あまり物怖じしないよね」%K%P
「そう、かしら……？」%K%P
「そう、かしら……？」%K%P
「うん。さっきの女の子にだって、迷わずすぐに駆けつけて助けていたし」%K%P
「うん。さっきの女の子にだって、迷わずすぐに駆けつけて助けていたし」%K%P
「当たり前でしょう？　あの状況で、それ以外の選択肢なんてないわ」%K%P
「当たり前でしょう？　あの状況で、それ以外の選択肢なんてないわ」%K%P
あっさりと、力まずにそう告げる。%K%P
あっさりと、力まずにそう告げる。%K%P
誇ったり照れたりといった反応がない分、本当に当然だと思っているのがよくわかる。%K%P
誇ったり照れたりといった反応がない分、本当に当然だと思っているのがよくわかる。%K%P
きっと綾香さんなら、たとえ誰であろうと、困っている人には手をさしのべてしまうに違いない。%K%P
きっと綾香さんなら、たとえ誰であろうと、困っている人には手をさしのべてしまうに違いない。%K%P
そこが綾香さんの魅力であると同時に、少し危なっかしく感じるところでもあるんだけど。%K%P
そこが綾香さんの魅力であると同時に、少し危なっかしく感じるところでもあるんだけど。%K%P
そう思えば、いつも綾香さんを気にかけている美琴さんの気持ちが、ちょっとわかる気がした。%K%P
そう思えば、いつも綾香さんを気にかけている美琴さんの気持ちが、ちょっとわかる気がした。%K%P
「んぅ……」%K%P
「んぅ……」%K%P
寝返りをうって体勢を変えてみるけど、なかなか寝付けないまま小一時間。%K%P
寝返りをうって体勢を変えてみるけど、なかなか寝付けないまま小一時間。%K%P
お風呂で温まった身体もすっかり冷めてしまって、目の方も同じように覚めたまま。%K%P
お風呂で温まった身体もすっかり冷めてしまって、目の方も同じように覚めたまま。%K%P
綾香さんと一緒に片付けをしたあと、寮に帰って疲れから眠っちゃったのがマズかったのかもしれない。%K%P
綾香さんと一緒に片付けをしたあと、寮に帰って疲れから眠っちゃったのがマズかったのかもしれない。%K%P
軽く休むつもりが夕食の時間までたっぷりと寝ちゃったせいで、なかなか眠気がやってこない。%K%P
軽く休むつもりが夕食の時間までたっぷりと寝ちゃったせいで、なかなか眠気がやってこない。%K%P
こういうとき、相部屋というのは大変だ。%K%P
こういうとき、相部屋というのは大変だ。%K%P
なにかして時間を潰しつつ眠気を待てばいいんだろうけど、小さな明かりでもつけるのは気を使う。%K%P
なにかして時間を潰しつつ眠気を待てばいいんだろうけど、小さな明かりでもつけるのは気を使う。%K%P
「……いずみさん、起きてる？」%K%P
「……いずみさん、起きてる？」%K%P
「あっ、う、うん」%K%P
「あっ、う、うん」%K%P
仕切りの向こうから声がして、驚きつつ頷く。%K%P
仕切りの向こうから声がして、驚きつつ頷く。%K%P
同じ部屋で生活して１週間以上経つけれど、消灯してから声をかけられるのは初めてだった。%K%P
同じ部屋で生活して１週間以上経つけれど、消灯してから声をかけられるのは初めてだった。%K%P
「ごめん、起こしちゃった？」%K%P
「ごめん、起こしちゃった？」%K%P
「ううん。今日は寝付けなくて。いずみさんは？」%K%P
「ううん。今日は寝付けなくて。いずみさんは？」%K%P
「実は、私も……。やっぱり帰ってすぐ寝ちゃってたのが良くなかったみたい」%K%P
「実は、私も……。やっぱり帰ってすぐ寝ちゃってたのが良くなかったみたい」%K%P
「ふふっ、いずみさんったら、夕食の時間までぐっすりだったものね」%K%P
「ふふっ、いずみさんったら、夕食の時間までぐっすりだったものね」%K%P
「ねえ？　良ければ何か温かいものでも飲みながら、少しお話をしない？」%K%P
「ねえ？　良ければ何か温かいものでも飲みながら、少しお話をしない？」%K%P
「えっ、でも……いいの？」%K%P
「えっ、でも……いいの？」%K%P
「うん。ラウンジで１人で飲むのも味気ないし、それなら部屋で２人一緒に……ね？」%K%P
「うん。ラウンジで１人で飲むのも味気ないし、それなら部屋で２人一緒に……ね？」%K%P
「あっ、待って。それなら着替えるから――」%K%P
「あっ、待って。それなら着替えるから――」%K%P
「いいわ。いずみさんさえ良ければそのままで。はしたないけど、わたしもパジャマのままでいい？」%K%P
「いいわ。いずみさんさえ良ければそのままで。はしたないけど、わたしもパジャマのままでいい？」%K%P
「うっ、うん」%K%P
「うっ、うん」%K%P
思いがけない誘いの連続に、思わず頷いてしまうと、仕切りの向こうで綾香さんの起きる気配がした。%K%P
思いがけない誘いの連続に、思わず頷いてしまうと、仕切りの向こうで綾香さんの起きる気配がした。%K%P
「うわぁ、おいしそう……」%K%P
「うわぁ、おいしそう……」%K%P
そうして僕の目の前には、甘い匂いをくゆらすマグカップと、パジャマ姿の綾香さんがいた。%K%P
そうして僕の目の前には、甘い匂いをくゆらすマグカップと、パジャマ姿の綾香さんがいた。%K%P
あまり直視してはいけない気がして、なるべく視線をマグカップのほうへもっていく。%K%P
あまり直視してはいけない気がして、なるべく視線をマグカップのほうへもっていく。%K%P
「わたしね、眠れない時はこうしてホットミルクを飲むようにしているの」%K%P
「わたしね、眠れない時はこうしてホットミルクを飲むようにしているの」%K%P
「１人だった頃は好きに飲んでいたんだけど、いまはいずみさんがいるでしょう？」%K%P
「１人だった頃は好きに飲んでいたんだけど、いまはいずみさんがいるでしょう？」%K%P
「物音を立てて起こしてしまうと悪いと思って……だから、迷っていたの」%K%P
「物音を立てて起こしてしまうと悪いと思って……だから、迷っていたの」%K%P
「そんな、気にしなくても良いのに」%K%P
「そんな、気にしなくても良いのに」%K%P
手にしたマグカップは温かくて、軽く口をつけただけで舌が溶けそうなほどに甘い。%K%P
手にしたマグカップは温かくて、軽く口をつけただけで舌が溶けそうなほどに甘い。%K%P
「これ、すごいハチミツの味……」%K%P
「これ、すごいハチミツの味……」%K%P
「子供の頃からホットミルクは甘いのが好きなの。だから、ついたっぷりと」%K%P
「子供の頃からホットミルクは甘いのが好きなの。だから、ついたっぷりと」%K%P
「まるでハチミツを飲んでるみたい」%K%P
「まるでハチミツを飲んでるみたい」%K%P
でも、優しい甘みでくどさはまるで感じない。%K%P
でも、優しい甘みでくどさはまるで感じない。%K%P
「そういえばハチミツって咽にいいんでしょう？」%K%P
「そういえばハチミツって咽にいいんでしょう？」%K%P
「うん。そのままお湯に溶いて飲むこともあるけど、ハチミツ大根っていうのがあるんだよ」%K%P
「うん。そのままお湯に溶いて飲むこともあるけど、ハチミツ大根っていうのがあるんだよ」%K%P
「あっ、聞いたことがあるわ。薬を飲めない妊婦さんが、風邪をひいたときに飲むって」%K%P
「あっ、聞いたことがあるわ。薬を飲めない妊婦さんが、風邪をひいたときに飲むって」%K%P
「作り方も簡単で、切った大根をハチミツにつけておくだけだから」%K%P
「作り方も簡単で、切った大根をハチミツにつけておくだけだから」%K%P
「あとは、大根をすり下ろしてハチミツと混ぜて、ショウガを足して飲む場合もあるみたい。どれも殺菌作用があるんだって」%K%P
「あとは、大根をすり下ろしてハチミツと混ぜて、ショウガを足して飲む場合もあるみたい。どれも殺菌作用があるんだって」%K%P
「やっぱりそういうことって詳しくなるの？」%K%P
「やっぱりそういうことって詳しくなるの？」%K%P
「自然とね。といっても私の場合は、普通の人よりも多少、ぐらいだと思うな」%K%P
「自然とね。といっても私の場合は、普通の人よりも多少、ぐらいだと思うな」%K%P
「ただ、雑誌とかテレビで、咽に良い、なんて言葉を見かけると自然と目がいってしまうけど」%K%P
「ただ、雑誌とかテレビで、咽に良い、なんて言葉を見かけると自然と目がいってしまうけど」%K%P
「ふふっ。それはきっと、女の子がダイエットって文字をついつい気にしてしまうのと一緒ね」%K%P
「ふふっ。それはきっと、女の子がダイエットって文字をついつい気にしてしまうのと一緒ね」%K%P
「綾香さんでも？」%K%P
「綾香さんでも？」%K%P
「それはやっぱり、興味はあるもの」%K%P
「それはやっぱり、興味はあるもの」%K%P
「そんな必要はないと思うけど……」%K%P
「そんな必要はないと思うけど……」%K%P
「……いずみさん？　どこを見て言ってるの？」%K%P
「……いずみさん？　どこを見て言ってるの？」%K%P
「えっ？　それは――」%K%P
「えっ？　それは――」%K%P
「……いずみさんのえっち」%K%P
「……いずみさんのえっち」%K%P
「やっ、だだだだってほら、綾香さんはスタイルがいいからダイエットなんて必要ないなって」%K%P
「やっ、だだだだってほら、綾香さんはスタイルがいいからダイエットなんて必要ないなって」%K%P
「別にそういう目で綾香さんを見ているわけじゃなくて、素直な感想なだけだよ？　本当だよ？」%K%P
「別にそういう目で綾香さんを見ているわけじゃなくて、素直な感想なだけだよ？　本当だよ？」%K%P
「んっ……ふっ、ふふっ、くすくすっ」%K%P
「んっ……ふっ、ふふっ、くすくすっ」%K%P
「えっ……えっ？」%K%P
「えっ……えっ？」%K%P
「ごめんなさい。ちょっと意地悪を言っただけ」%K%P
「ごめんなさい。ちょっと意地悪を言っただけ」%K%P
「意地悪って……」%K%P
「意地悪って……」%K%P
「だっていずみさん、充分スタイルいいんだもの。採寸したとき、測っていて本当に驚いたんだから」%K%P
「だっていずみさん、充分スタイルいいんだもの。採寸したとき、測っていて本当に驚いたんだから」%K%P
「そ、そんなこと言われても……」%K%P
「そ、そんなこと言われても……」%K%P
「わかっているわ。そう言われても、男の子の和泉さんが困ってしまう、ということも」%K%P
「わかっているわ。そう言われても、男の子の和泉さんが困ってしまう、ということも」%K%P
「だけど、知ってしまった以上、そう思わずにはいられないのが女の子なの」%K%P
「だけど、知ってしまった以上、そう思わずにはいられないのが女の子なの」%K%P
「……だから、ちょっとだけ仕返し」%K%P
「……だから、ちょっとだけ仕返し」%K%P
言って、綾香さんがにこっと笑う。%K%P
言って、綾香さんがにこっと笑う。%K%P
真夜中という時間帯とパジャマ姿のせいか、綾香さんの雰囲気が、普段と少し違う気がした。%K%P
真夜中という時間帯とパジャマ姿のせいか、綾香さんの雰囲気が、普段と少し違う気がした。%K%P
「それと、ひとつ訂正。ダイエットが不要なのではなく、必要がないように頑張っているだけ」%K%P
「それと、ひとつ訂正。ダイエットが不要なのではなく、必要がないように頑張っているだけ」%K%P
「痩せる努力も太らない努力も、基本的には同じことでしょう？」%K%P
「痩せる努力も太らない努力も、基本的には同じことでしょう？」%K%P
「そう言われると、そうだけど……」%K%P
「そう言われると、そうだけど……」%K%P
「……でも、それならハチミツたっぷりのホットミルクを夜中に飲むのはよくないんじゃ」%K%P
「……でも、それならハチミツたっぷりのホットミルクを夜中に飲むのはよくないんじゃ」%K%P
「こっ、これはお薬のようなものだからいいのっ」%K%P
「こっ、これはお薬のようなものだからいいのっ」%K%P
自らに言い聞かせるように呟いた綾香さんだけど、その様子は照れを含んで隙だらけだった。%K%P
自らに言い聞かせるように呟いた綾香さんだけど、その様子は照れを含んで隙だらけだった。%K%P
「ねえ？　綾香さんの場合、ホットミルクを飲むより、ぬいぐるみを抱いた方がよく眠れるんじゃない？」%K%P
「ねえ？　綾香さんの場合、ホットミルクを飲むより、ぬいぐるみを抱いた方がよく眠れるんじゃない？」%K%P
「なっ……なっ、なななぁっ！？」%K%P
「なっ……なっ、なななぁっ！？」%K%P
「だだだからこの前もいったように、今はぬいぐるみがなくても大丈夫になったのっ」%K%P
「だだだからこの前もいったように、今はぬいぐるみがなくても大丈夫になったのっ」%K%P
「う、嘘じゃないわよ？　なんだったら、いまからわたしのベッドを確かめたって――」%K%P
「う、嘘じゃないわよ？　なんだったら、いまからわたしのベッドを確かめたって――」%K%P
「ぷっ……ふふっ、あははっ」%K%P
「ぷっ……ふふっ、あははっ」%K%P
慌てる綾香さんを見つめていたけど、堪え切れず、思わず笑ってしまう。%K%P
慌てる綾香さんを見つめていたけど、堪え切れず、思わず笑ってしまう。%K%P
「えっ……？」%K%P
「えっ……？」%K%P
「あっ……あぁ、もうっ、いずみさんっ！？　もう、からかったんでしょう？」%K%P
「あっ……あぁ、もうっ、いずみさんっ！？　もう、からかったんでしょう？」%K%P
「ごめんごめん。でも、これでおあいこだよ？」%K%P
「ごめんごめん。でも、これでおあいこだよ？」%K%P
「綾香さんも、さっき私をからかったでしょ？」%K%P
「綾香さんも、さっき私をからかったでしょ？」%K%P
「それは、そうだけど……」%K%P
「それは、そうだけど……」%K%P
「……うぅ、もう、いじわる」%K%P
「……うぅ、もう、いじわる」%K%P
頬を赤く染めた綾香さんを見つめて、それから、少しぬるくなってしまったホットミルクを飲み干す。%K%P
頬を赤く染めた綾香さんを見つめて、それから、少しぬるくなってしまったホットミルクを飲み干す。%K%P
カップの底に固まりで少し残っていたハチミツは、この時間のように、とびきり甘くて優しかった。%K%P
カップの底に固まりで少し残っていたハチミツは、この時間のように、とびきり甘くて優しかった。%K%P
