「いずみさん、次の授業は理科室に移動だから。準備してね」%K%P
「いずみさん、次の授業は理科室に移動だから。準備してね」%K%P
「うん、分かった。えっと、教科書とノートと、筆記用具と……」%K%P
「うん、分かった。えっと、教科書とノートと、筆記用具と……」%K%P
ガサゴソと机の中を探る――今までと使っている教材が違うからか、なかなか見つからない。%K%P
ガサゴソと机の中を探る――今までと使っている教材が違うからか、なかなか見つからない。%K%P
「一通り揃えてあると思うけど……もし足りない物があったら、言ってね？　すぐ手配するから」%K%P
「一通り揃えてあると思うけど……もし足りない物があったら、言ってね？　すぐ手配するから」%K%P
「あは、ありがとう。助かる、綾香さん」%K%P
「あは、ありがとう。助かる、綾香さん」%K%P
すらすらとこういった言葉が出てくる辺り、根っからのリーダー気質なのだろう。%K%P
すらすらとこういった言葉が出てくる辺り、根っからのリーダー気質なのだろう。%K%P
「と綾香は言ってるけど、最終的には、あたしがチェックしないとねー」%K%P
「と綾香は言ってるけど、最終的には、あたしがチェックしないとねー」%K%P
「うん？　それはどういうことかしら。美琴、私に任せておけば、大丈夫なんだから」%K%P
「うん？　それはどういうことかしら。美琴、私に任せておけば、大丈夫なんだから」%K%P
その言葉に大げさなジェスチャーで肩を竦める美琴さん。%K%P
その言葉に大げさなジェスチャーで肩を竦める美琴さん。%K%P
「あらそう？　昔、実習でお菓子を作ったときに、お塩とお砂糖を間違えたのはどなたかしら？　あの味、未だに忘れられないのだけど……悪い意味で」%K%P
「あらそう？　昔、実習でお菓子を作ったときに、お塩とお砂糖を間違えたのはどなたかしら？　あの味、未だに忘れられないのだけど……悪い意味で」%K%P
「あ、あれは、だって、同時に色々調理していたから……ほら、似てるじゃない、見た目が」%K%P
「あ、あれは、だって、同時に色々調理していたから……ほら、似てるじゃない、見た目が」%K%P
「あたしが風邪を引いて寝込んだとき、熱心になりすぎて、自分まで体調を崩したわよね？」%K%P
「あたしが風邪を引いて寝込んだとき、熱心になりすぎて、自分まで体調を崩したわよね？」%K%P
「あ、あれは……だ、だって、美琴のことが心配だったから」%K%P
「あ、あれは……だ、だって、美琴のことが心配だったから」%K%P
両手の人差し指をくっつけて、もじもじさせている綾香さん。美琴さんに掛ったら、彼女も形無しだなぁ。%K%P
両手の人差し指をくっつけて、もじもじさせている綾香さん。美琴さんに掛ったら、彼女も形無しだなぁ。%K%P
「それはもちろん感謝してるわ。けれど、結果的にあたし以上に悪化して、ご飯も一人で食べれなくなったのはちょっとね」%K%P
「それはもちろん感謝してるわ。けれど、結果的にあたし以上に悪化して、ご飯も一人で食べれなくなったのはちょっとね」%K%P
「ちなみに、おかゆはあたしが食べさせてあげたの。スプーンで掬って口元に、あーん、て。綾香、赤ちゃんみたいでかわいかったわ」%K%P
「ちなみに、おかゆはあたしが食べさせてあげたの。スプーンで掬って口元に、あーん、て。綾香、赤ちゃんみたいでかわいかったわ」%K%P
「うう、もう分かりましたから……」%K%P
「うう、もう分かりましたから……」%K%P
ご飯を食べさせて貰う綾香さんか……確かにかわいいかもしれない。%K%P
ご飯を食べさせて貰う綾香さんか……確かにかわいいかもしれない。%K%P
「あ、あはは、そんなところで、ね、美琴さん。さてと、お待たせ、準備出来たよ」%K%P
「あ、あはは、そんなところで、ね、美琴さん。さてと、お待たせ、準備出来たよ」%K%P
これ以上学園のアイドルを地に落とすわけにもいかないよね――僕は二人の背中を押して、出口に向かった。%K%P
これ以上学園のアイドルを地に落とすわけにもいかないよね――僕は二人の背中を押して、出口に向かった。%K%P
僕らと年格好の似た子達が、廊下を歩いている。休み時間だけあって、人通りが多い。%K%P
僕らと年格好の似た子達が、廊下を歩いている。休み時間だけあって、人通りが多い。%K%P
何とは無しに見ていた視界に、映る人影。僕は自然と目で追っていた。%K%P
何とは無しに見ていた視界に、映る人影。僕は自然と目で追っていた。%K%P
「あら、あそこにいるの……楓さんかしら」%K%P
「あら、あそこにいるの……楓さんかしら」%K%P
「あ、そうね。後で彼女にも深皇祭のことで連絡しておかないと……っていずみさん、どうかした？」%K%P
「あ、そうね。後で彼女にも深皇祭のことで連絡しておかないと……っていずみさん、どうかした？」%K%P
教室に帰るところ？　それとも僕らみたいに移動教室に向かう途中かな？%K%P
教室に帰るところ？　それとも僕らみたいに移動教室に向かう途中かな？%K%P
ただ歩いているだけなのに、その所作は滑らかで、無駄がない。女の子らしい柔らかさも兼ね備えているし。%K%P
ただ歩いているだけなのに、その所作は滑らかで、無駄がない。女の子らしい柔らかさも兼ね備えているし。%K%P
この前食堂で見たときも感じたけど、凛々しさと可憐さのバランスが絶妙なんだよな。%K%P
この前食堂で見たときも感じたけど、凛々しさと可憐さのバランスが絶妙なんだよな。%K%P
バランス、それに……ああ、テンポがいいんだ。長く歌い継がれた曲のように無理がない。だから見ていて気持ち良いんだ。%K%P
バランス、それに……ああ、テンポがいいんだ。長く歌い継がれた曲のように無理がない。だから見ていて気持ち良いんだ。%K%P
やがてその姿は廊下の角を曲がって見えなくなった――少し名残惜しい気がした。%K%P
やがてその姿は廊下の角を曲がって見えなくなった――少し名残惜しい気がした。%K%P
「あ、ううん、なんでもないよ。そういえば、二人ともこの前楓さんや佳様とお話ししてたけれど、普段はお付き合いしてるのかな？」%K%P
「あ、ううん、なんでもないよ。そういえば、二人ともこの前楓さんや佳様とお話ししてたけれど、普段はお付き合いしてるのかな？」%K%P
「うーん、そうね。特に楓さんとはアリアに参加する{騎士:ワルキュリア}同士だから、接する機会は多いわね」%K%P
「うーん、そうね。特に楓さんとはアリアに参加する{騎士:ワルキュリア}同士だから、接する機会は多いわね」%K%P
「輝堂楓、二年生。日本剣術部にて部長を務める。居合をベースにした輝堂流抜刀術を使い、その{騎士:ワルキュリア}としての技量は学内でもトップレベル」%K%P
「輝堂楓、二年生。日本剣術部にて部長を務める。居合をベースにした輝堂流抜刀術を使い、その{騎士:ワルキュリア}としての技量は学内でもトップレベル」%K%P
「身体能力は非常に高く、瞬発力があり、足も速い。学業に置いては、日本史、古典などに非凡な物を見せる……といったところね」%K%P
「身体能力は非常に高く、瞬発力があり、足も速い。学業に置いては、日本史、古典などに非凡な物を見せる……といったところね」%K%P
「うわっ、なんでそんなことまで知ってるの、美琴さん」%K%P
「うわっ、なんでそんなことまで知ってるの、美琴さん」%K%P
「言ったでしょ、同じ{騎士:ワルキュリア}だって。彼を知り己を知れば百戦危うからず、ってね」%K%P
「言ったでしょ、同じ{騎士:ワルキュリア}だって。彼を知り己を知れば百戦危うからず、ってね」%K%P
「なるほどね……そうだ、練習を見たことがあるんだけど、彼女とっても強そうだった」%K%P
「なるほどね……そうだ、練習を見たことがあるんだけど、彼女とっても強そうだった」%K%P
あの佳様との立ち会いは、練習だと分かっていても、身震いする物があった。%K%P
あの佳様との立ち会いは、練習だと分かっていても、身震いする物があった。%K%P
「そうね、楓さんの技量は学園内でも抜きんでているわ。アリアでも同じチームならばとても頼りになると思う」%K%P
「そうね、楓さんの技量は学園内でも抜きんでているわ。アリアでも同じチームならばとても頼りになると思う」%K%P
「相手にしたら、これ以上もない強敵だけど、ね。正直、一対一なら敵う人はほとんど、いないんじゃないかしら」%K%P
「相手にしたら、これ以上もない強敵だけど、ね。正直、一対一なら敵う人はほとんど、いないんじゃないかしら」%K%P
「少なくとも、あたしなら正面からはぶつからないわ。綾香ならなんとかなるかもしれないけどね」%K%P
「少なくとも、あたしなら正面からはぶつからないわ。綾香ならなんとかなるかもしれないけどね」%K%P
「ふふ、おだてても何も出ないわよ。まあ、その時はなんとかしましょう」%K%P
「ふふ、おだてても何も出ないわよ。まあ、その時はなんとかしましょう」%K%P
{騎士:ワルキュリア}の綾香さんや美琴さんの目から見ても、凄い技量なんだな。%K%P
{騎士:ワルキュリア}の綾香さんや美琴さんの目から見ても、凄い技量なんだな。%K%P
「ねえ、いずみさん、もしかして、楓さんに興味があるの？　随分とご執心の様子だけど」%K%P
「ねえ、いずみさん、もしかして、楓さんに興味があるの？　随分とご執心の様子だけど」%K%P
「興味……まあ、有るか無いかと言われれば、有るほうかな」%K%P
「興味……まあ、有るか無いかと言われれば、有るほうかな」%K%P
「あらまあ、いずみさんも楓さんの魅力に囚われてしまったのかしら、うふふふ」%K%P
「あらまあ、いずみさんも楓さんの魅力に囚われてしまったのかしら、うふふふ」%K%P
口元に手をあてて、にんまりと笑う美琴さん。なに、その意味深な笑みは……%K%P
口元に手をあてて、にんまりと笑う美琴さん。なに、その意味深な笑みは……%K%P
「もう、美琴ったら。楓さん、結構人気があるの。下級生や同級生にはファンが多いのよ？」%K%P
「もう、美琴ったら。楓さん、結構人気があるの。下級生や同級生にはファンが多いのよ？」%K%P
「お顔も綺麗だし、スタイルも整っているし。あの凛々しさも、近頃の子には無いところよね」%K%P
「お顔も綺麗だし、スタイルも整っているし。あの凛々しさも、近頃の子には無いところよね」%K%P
「きっと男性から見ても、魅力的でしょうね、そう思うでしょ、いずみさん？」%K%P
「きっと男性から見ても、魅力的でしょうね、そう思うでしょ、いずみさん？」%K%P
「ええっ！？」%K%P
「ええっ！？」%K%P
思わぬ爆弾発言に、心臓が止まりそうになる。綾香さん、バラしちゃったのかな？%K%P
思わぬ爆弾発言に、心臓が止まりそうになる。綾香さん、バラしちゃったのかな？%K%P
顔の前で必死に手を振っている綾香さん。彼女も真剣に驚いているし、違うみたいだ。%K%P
顔の前で必死に手を振っている綾香さん。彼女も真剣に驚いているし、違うみたいだ。%K%P
「なに、変な顔してるのよ、二人とも。まあ、女性のあなた達に、男性の気持ちを聞くのも変な話かもだけど」%K%P
「なに、変な顔してるのよ、二人とも。まあ、女性のあなた達に、男性の気持ちを聞くのも変な話かもだけど」%K%P
「あ、あはは、そ、そうよね、もう、やだ美琴ったら」%K%P
「あ、あはは、そ、そうよね、もう、やだ美琴ったら」%K%P
「あはは、そうだよね、男の子の気持ちは分からないよ。私、女の子ですから」%K%P
「あはは、そうだよね、男の子の気持ちは分からないよ。私、女の子ですから」%K%P
ふう、どうやら僕が男だって気がついて言ったわけじゃないみたいだ――あー、寿命が少し縮んだよ。%K%P
ふう、どうやら僕が男だって気がついて言ったわけじゃないみたいだ――あー、寿命が少し縮んだよ。%K%P
「えっと……そ、そう、楓さんのことよね」%K%P
「えっと……そ、そう、楓さんのことよね」%K%P
「{騎士:ワルキュリア}としての技量は言うまでも無いし、それにこの西洋風な学園では珍しいタイプよね」%K%P
「{騎士:ワルキュリア}としての技量は言うまでも無いし、それにこの西洋風な学園では珍しいタイプよね」%K%P
「黒髪をなびかせ、凜とした立ち振る舞い。立てば{芍薬:しゃくやく}座れば牡丹、歩く姿は百合の花って、ね」%K%P
「黒髪をなびかせ、凜とした立ち振る舞い。立てば{芍薬:しゃくやく}座れば牡丹、歩く姿は百合の花って、ね」%K%P
「うん、和を感じさせるのよね、彼女」%K%P
「うん、和を感じさせるのよね、彼女」%K%P
和を感じさせるか……確かに桜餅が好きだったり、剣術が好きだったりするものね。%K%P
和を感じさせるか……確かに桜餅が好きだったり、剣術が好きだったりするものね。%K%P
ふふ、あの和食への{拘:こだわ}りは、ちょっとやり過ぎなようなきもしたけど、ね。%K%P
ふふ、あの和食への{拘:こだわ}りは、ちょっとやり過ぎなようなきもしたけど、ね。%K%P
「あら、いずみさん、いい顔しているわ……これは、恋に落ちた乙女の表情ね」%K%P
「あら、いずみさん、いい顔しているわ……これは、恋に落ちた乙女の表情ね」%K%P
「あ、あはは、そうね、{乙女:・・}の表情よね、ね！」%K%P
「あ、あはは、そうね、{乙女:・・}の表情よね、ね！」%K%P
「そ、そうね、{乙女:・・}ですものね。おほほほほ」%K%P
「そ、そうね、{乙女:・・}ですものね。おほほほほ」%K%P
うう、複雑な心境。とりあえず美琴さんには疑われていないみたいだけど。%K%P
うう、複雑な心境。とりあえず美琴さんには疑われていないみたいだけど。%K%P
それでも油断大敵、だよね。%K%P
それでも油断大敵、だよね。%K%P
「……なに、その二人だけが分かってますっての。ちょっと感じ悪いわよ？」%K%P
「……なに、その二人だけが分かってますっての。ちょっと感じ悪いわよ？」%K%P
「こら、なにかあるなら白状しなさい。綾香、いずみさん」%K%P
「こら、なにかあるなら白状しなさい。綾香、いずみさん」%K%P
「もう美琴ったら、考えすぎ。あ、予鈴、急がなくっちゃ、ね！？」%K%P
「もう美琴ったら、考えすぎ。あ、予鈴、急がなくっちゃ、ね！？」%K%P
「そ、そうだね！　{騎士:ワルキュリア}と{歌姫:ディーバ}が遅刻なんて、示しがつかないよ？　さあ、ダッシュ、ダッシュ」%K%P
「そ、そうだね！　{騎士:ワルキュリア}と{歌姫:ディーバ}が遅刻なんて、示しがつかないよ？　さあ、ダッシュ、ダッシュ」%K%P
「あ、ちょ、ちょっと待って、二人とも……もう、廊下は走ってはいけませんっ」%K%P
「あ、ちょ、ちょっと待って、二人とも……もう、廊下は走ってはいけませんっ」%K%P
