私服に着替えて、二人で散歩がてら歩いていたら自然に足がアリアを行った森に向かっていた。%K%P
私服に着替えて、二人で散歩がてら歩いていたら自然に足がアリアを行った森に向かっていた。%K%P
やっぱりみんなでがんばった一番思い出深い場所だからかな。%K%P
やっぱりみんなでがんばった一番思い出深い場所だからかな。%K%P
「ん～、やっぱり森の中は空気が綺麗で美味しいね」%K%P
「ん～、やっぱり森の中は空気が綺麗で美味しいね」%K%P
「街中と違って車が入ってこないからかな」%K%P
「街中と違って車が入ってこないからかな」%K%P
「それは、あるかも」%K%P
「それは、あるかも」%K%P
「あ、そうだ」%K%P
「あ、そうだ」%K%P
ここなら人目を気にする必要がないので、堂々と美琴さんと手を繋ぐことが出来る。%K%P
ここなら人目を気にする必要がないので、堂々と美琴さんと手を繋ぐことが出来る。%K%P
僕が手を差し出すと、美琴さんはうれしそうにキュッと握り返してきた。%K%P
僕が手を差し出すと、美琴さんはうれしそうにキュッと握り返してきた。%K%P
「ふふ、世を忍ぶ仮の姿だとなにかと大変だよね」%K%P
「ふふ、世を忍ぶ仮の姿だとなにかと大変だよね」%K%P
「……でもそれも今日まで」%K%P
「……でもそれも今日まで」%K%P
「{歌姫:ディーバ}を務めた塚原いずみという女学生は、無事にお役ごめんだし」%K%P
「{歌姫:ディーバ}を務めた塚原いずみという女学生は、無事にお役ごめんだし」%K%P
「男に戻ったら大手を振って美琴さんと手を繋ぐことだって出来るもんね」%K%P
「男に戻ったら大手を振って美琴さんと手を繋ぐことだって出来るもんね」%K%P
すぐ遠距離恋愛になってしまうとはいえ、周りからコソコソしなくて良くなるのは大きい。%K%P
すぐ遠距離恋愛になってしまうとはいえ、周りからコソコソしなくて良くなるのは大きい。%K%P
まあ手を繋ぐくらいなら女の子同士でも大丈夫かもしれないけど、人前でのキスともなると流石にハードルが高い。%K%P
まあ手を繋ぐくらいなら女の子同士でも大丈夫かもしれないけど、人前でのキスともなると流石にハードルが高い。%K%P
……いや、男に戻ってもハードルの高さはそんなに変わらないかな？%K%P
……いや、男に戻ってもハードルの高さはそんなに変わらないかな？%K%P
未だに照れくさいことには変わりないもんなぁ……。%K%P
未だに照れくさいことには変わりないもんなぁ……。%K%P
「そっか、いずみさんいなくなっちゃうんだよね」%K%P
「そっか、いずみさんいなくなっちゃうんだよね」%K%P
「うん？」%K%P
「うん？」%K%P
「あたしはこれからも縁が繋がったままだからうっかりしてたけど、みんなにしてみれば今生の別れも同然なのよ」%K%P
「あたしはこれからも縁が繋がったままだからうっかりしてたけど、みんなにしてみれば今生の別れも同然なのよ」%K%P
「またいつか会えると思ってお別れする人だっていると思うの。それなのに、実はそれっきりなんて悲しいよね」%K%P
「またいつか会えると思ってお別れする人だっていると思うの。それなのに、実はそれっきりなんて悲しいよね」%K%P
「それはまあ……みんなと仲良くなっちゃったから、余計にね」%K%P
「それはまあ……みんなと仲良くなっちゃったから、余計にね」%K%P
でもだからと言って正体を明かすことは出来ない。%K%P
でもだからと言って正体を明かすことは出来ない。%K%P
あの学園では僕の存在はあくまでイレギュラーなものでしかないからだ。%K%P
あの学園では僕の存在はあくまでイレギュラーなものでしかないからだ。%K%P
「無茶を通して道理をスルーしてた状態だったからなぁ……男が紛れ込んでいましたなんてことが露見したら、ね」%K%P
「無茶を通して道理をスルーしてた状態だったからなぁ……男が紛れ込んでいましたなんてことが露見したら、ね」%K%P
「僕と同部屋だった綾香さんなんか、絶対誤解されちゃうよ」%K%P
「僕と同部屋だった綾香さんなんか、絶対誤解されちゃうよ」%K%P
「うん、それは分かっているけど……」%K%P
「うん、それは分かっているけど……」%K%P
「深皇祭に参加した学生たちにとっては、いずみさんは確かにそこに存在していたの」%K%P
「深皇祭に参加した学生たちにとっては、いずみさんは確かにそこに存在していたの」%K%P
「深皇祭のためにがんばってたのはあたしだけじゃないし……」%K%P
「深皇祭のためにがんばってたのはあたしだけじゃないし……」%K%P
「一緒に練習したり、応援したり、してもらったり……」%K%P
「一緒に練習したり、応援したり、してもらったり……」%K%P
「あの時間はけっして夢や幻じゃないよね。でもこのままじゃ夢や幻になっちゃう」%K%P
「あの時間はけっして夢や幻じゃないよね。でもこのままじゃ夢や幻になっちゃう」%K%P
美琴さんのやるせなさが僕にも伝わってくる。%K%P
美琴さんのやるせなさが僕にも伝わってくる。%K%P
面倒見が良くて仲間思いの美琴さんだからこそ、簡単には割り切れないのだろう。%K%P
面倒見が良くて仲間思いの美琴さんだからこそ、簡単には割り切れないのだろう。%K%P
「いずみさんにとっても、みんなにとっても、もっといい未来に繋がる方法ってないかな……」%K%P
「いずみさんにとっても、みんなにとっても、もっといい未来に繋がる方法ってないかな……」%K%P
「せめてアリアに参加した{騎士:ワルキュリア}のみんなになら、いずみさんの正体を教えても大丈夫だと思わない？」%K%P
「せめてアリアに参加した{騎士:ワルキュリア}のみんなになら、いずみさんの正体を教えても大丈夫だと思わない？」%K%P
「……そうだね、きっとメチャクチャ驚かれるだろうけど、みんないい人だからなんだかんだで受け入れてもらえる気はする」%K%P
「……そうだね、きっとメチャクチャ驚かれるだろうけど、みんないい人だからなんだかんだで受け入れてもらえる気はする」%K%P
「やっぱりそうよね」%K%P
「やっぱりそうよね」%K%P
なんだかみんなのリアクションが想像できてしまい、思わず苦笑してしまう。%K%P
なんだかみんなのリアクションが想像できてしまい、思わず苦笑してしまう。%K%P
「でも、やめておこう」%K%P
「でも、やめておこう」%K%P
「どうして……っ」%K%P
「どうして……っ」%K%P
「僕なら問題は起こさないだろうと学園に招き入れてくれた綾香さんと法子さんの信頼は裏切れないよ」%K%P
「僕なら問題は起こさないだろうと学園に招き入れてくれた綾香さんと法子さんの信頼は裏切れないよ」%K%P
「逆に言えば、僕の正体をみんなに明かす権利を持っているのは、綾香さんと法子さんだけってことになるかな」%K%P
「逆に言えば、僕の正体をみんなに明かす権利を持っているのは、綾香さんと法子さんだけってことになるかな」%K%P
僕なんかより、よっぽど背負っている物の大きさが違う。%K%P
僕なんかより、よっぽど背負っている物の大きさが違う。%K%P
「仮に学園のみんなが僕の女装を受け入れてくれたとしても、悪い噂にならないとも限らないし……」%K%P
「仮に学園のみんなが僕の女装を受け入れてくれたとしても、悪い噂にならないとも限らないし……」%K%P
「……いずみさんだって、せっかく仲良くなったみんなと再会できないのは悲しいでしょう？」%K%P
「……いずみさんだって、せっかく仲良くなったみんなと再会できないのは悲しいでしょう？」%K%P
「うん、悲しいよ」%K%P
「うん、悲しいよ」%K%P
「悲しいからこそ、性別を偽ってみんなに接していた僕への罰だと思って受け入れるつもりなんだ」%K%P
「悲しいからこそ、性別を偽ってみんなに接していた僕への罰だと思って受け入れるつもりなんだ」%K%P
「罰だなんてそんなの……」%K%P
「罰だなんてそんなの……」%K%P
「僕なりのけじめかな。嘘は嘘だからさ」%K%P
「僕なりのけじめかな。嘘は嘘だからさ」%K%P
「僕は……塚原いずみはアリアの幻影でいいと思っている」%K%P
「僕は……塚原いずみはアリアの幻影でいいと思っている」%K%P
「深皇祭が無事に終了したなら、話はそこで終わり。立つ鳥跡を濁さずだよ」%K%P
「深皇祭が無事に終了したなら、話はそこで終わり。立つ鳥跡を濁さずだよ」%K%P
「いずみさん、強いのね。あたしはそこまで割り切れないよ」%K%P
「いずみさん、強いのね。あたしはそこまで割り切れないよ」%K%P
「せっかく仲良くなれたんだもん。いずみさんとみんなはこれからもいい関係でいてほしいわ」%K%P
「せっかく仲良くなれたんだもん。いずみさんとみんなはこれからもいい関係でいてほしいわ」%K%P
「僕だって割り切れてないよ。でもさ……」%K%P
「僕だって割り切れてないよ。でもさ……」%K%P
美琴さんの手を引いて腰を抱き寄せる。%K%P
美琴さんの手を引いて腰を抱き寄せる。%K%P
僕の目の前に美琴さんの顔があった。%K%P
僕の目の前に美琴さんの顔があった。%K%P
夕陽に負けないくらい美琴さんの頬が染まる。%K%P
夕陽に負けないくらい美琴さんの頬が染まる。%K%P
「え、な、なに？」%K%P
「え、な、なに？」%K%P
「僕には美琴さんがいるから」%K%P
「僕には美琴さんがいるから」%K%P
「美琴さんのおかげでみんなとの縁は途切れたりしないと思うんだ」%K%P
「美琴さんのおかげでみんなとの縁は途切れたりしないと思うんだ」%K%P
和泉司とみんなの間に接点はない。%K%P
和泉司とみんなの間に接点はない。%K%P
でも、美琴さんを経由することで繋がりは出来てくる。%K%P
でも、美琴さんを経由することで繋がりは出来てくる。%K%P
「今すぐは無理でも、いつか遠い未来、縁があったら再会できる日が来てもおかしくないでしょ」%K%P
「今すぐは無理でも、いつか遠い未来、縁があったら再会できる日が来てもおかしくないでしょ」%K%P
「嘘ついた罰は？」%K%P
「嘘ついた罰は？」%K%P
「それだけ時間が空いてたら時効ってことで」%K%P
「それだけ時間が空いてたら時効ってことで」%K%P
「くす、なによもう、ちゃっかりしてるわね」%K%P
「くす、なによもう、ちゃっかりしてるわね」%K%P
「いいじゃない。あくまでそういう可能性が残っているってだけだしさ」%K%P
「いいじゃない。あくまでそういう可能性が残っているってだけだしさ」%K%P
「だったら、来たる日に備えて、こっちはこっちで綾香と一緒に根回ししといてあげるわ」%K%P
「だったら、来たる日に備えて、こっちはこっちで綾香と一緒に根回ししといてあげるわ」%K%P
「お～、さすが美琴さん。頼りになる～」%K%P
「お～、さすが美琴さん。頼りになる～」%K%P
「それだけ？」%K%P
「それだけ？」%K%P
「もちろん、ご褒美もあるよ」%K%P
「もちろん、ご褒美もあるよ」%K%P
僕は自分でも大胆だなと思うほど扇情的に口唇を重ねた。%K%P
僕は自分でも大胆だなと思うほど扇情的に口唇を重ねた。%K%P
