「……え、ええと、それでは、第一回目の、チーム練習を始めたいと思います！」%K%P
「……え、ええと、それでは、第一回目の、チーム練習を始めたいと思います！」%K%P
「ええと、わ、わたしが……り、リーダーに任命されました……ゆ、雪代ことりです」%K%P
「ええと、わ、わたしが……り、リーダーに任命されました……ゆ、雪代ことりです」%K%P
「……い、至らない所も、あるかと、思いますが……その、あの……」%K%P
「……い、至らない所も、あるかと、思いますが……その、あの……」%K%P
昼下がりの練習場。ことりちゃんが僕らチームメイトを前に、挨拶をしている。%K%P
昼下がりの練習場。ことりちゃんが僕らチームメイトを前に、挨拶をしている。%K%P
舌はもつれ、顔は唇の色まで白い――落ち着いて、ことりちゃん……%K%P
舌はもつれ、顔は唇の色まで白い――落ち着いて、ことりちゃん……%K%P
「え、えっと、あ、アリアについてですが……」%K%P
「え、えっと、あ、アリアについてですが……」%K%P
「……あの、ごめんなさい、ちょっと聞こえないかも」%K%P
「……あの、ごめんなさい、ちょっと聞こえないかも」%K%P
「ことりちゃん、悪いけれど、もう一度言って貰えるかしら？」%K%P
「ことりちゃん、悪いけれど、もう一度言って貰えるかしら？」%K%P
「は、はい！　す、すみません……あの、えっと……あうぅ……」%K%P
「は、はい！　す、すみません……あの、えっと……あうぅ……」%K%P
言葉にならない声を漏すことりちゃん。%K%P
言葉にならない声を漏すことりちゃん。%K%P
これは……相当緊張しているな。%K%P
これは……相当緊張しているな。%K%P
綾香さんと美琴さんが視線を交わす。%K%P
綾香さんと美琴さんが視線を交わす。%K%P
「ことりちゃん、落ち着いてね。ええと……美琴、お願い」%K%P
「ことりちゃん、落ち着いてね。ええと……美琴、お願い」%K%P
「分かった。それじゃ、学園に来て、日の浅いいずみさんもいることですし、軽くアリアのおさらいしましょ」%K%P
「分かった。それじゃ、学園に来て、日の浅いいずみさんもいることですし、軽くアリアのおさらいしましょ」%K%P
「ことりちゃん、リーダーを差し置いてごめんなさいね。直ぐ終わるから。あなた一年生だから、知らないこともあると思うし」%K%P
「ことりちゃん、リーダーを差し置いてごめんなさいね。直ぐ終わるから。あなた一年生だから、知らないこともあると思うし」%K%P
「ぜ、全然平気です。あの、よろしくお願いします」%K%P
「ぜ、全然平気です。あの、よろしくお願いします」%K%P
「さすが、綾香さんと美琴さん。年の功って？」%K%P
「さすが、綾香さんと美琴さん。年の功って？」%K%P
「こぉら、うら若き乙女を掴まえて、そのセリフはないでしょ？　ことりちゃんと一学年しか違わないっての。ほら、リーダーと{歌姫:ディーバ}様、あたしと綾香の前に集合」%K%P
「こぉら、うら若き乙女を掴まえて、そのセリフはないでしょ？　ことりちゃんと一学年しか違わないっての。ほら、リーダーと{歌姫:ディーバ}様、あたしと綾香の前に集合」%K%P
僕とことりちゃんは、授業を聞く学生のように、綾香さん達の前に集まる。%K%P
僕とことりちゃんは、授業を聞く学生のように、綾香さん達の前に集まる。%K%P
隣に立つことりちゃんが、僕の衣装の袖を指先で掴んだ。%K%P
隣に立つことりちゃんが、僕の衣装の袖を指先で掴んだ。%K%P
「それじゃ始めるね。深皇祭のメインイベント、プリンチペッサ・プレギエーラこと、アリアについて――」%K%P
「それじゃ始めるね。深皇祭のメインイベント、プリンチペッサ・プレギエーラこと、アリアについて――」%K%P
二人が競技内容について、説明をしてくれる。%K%P
二人が競技内容について、説明をしてくれる。%K%P
フィールドの広さや、初期位置への配置方法、そして、してはならないことや、すべき事等々。%K%P
フィールドの広さや、初期位置への配置方法、そして、してはならないことや、すべき事等々。%K%P
大体は既に知っていたことだったが……きっと二人がことりちゃんに落ち着く時間を与えてくれたのだろう。%K%P
大体は既に知っていたことだったが……きっと二人がことりちゃんに落ち着く時間を与えてくれたのだろう。%K%P
「――あとは……鍵についてかしらね、綾香」%K%P
「――あとは……鍵についてかしらね、綾香」%K%P
「ええ、そうね。{騎士:ワルキュリア}達それぞれが持つ鍵で姫の体に着けられた３つの鍵を解除すると、姫が救出されたことになるの」%K%P
「ええ、そうね。{騎士:ワルキュリア}達それぞれが持つ鍵で姫の体に着けられた３つの鍵を解除すると、姫が救出されたことになるの」%K%P
「ま、要約するとね、フィールド上にランダムに配置された２チームの{騎士:ワルキュリア}達が、それぞれ自分達の{歌姫:ディーバ}を、歌声を頼りに探し出して救出するってこと」%K%P
「ま、要約するとね、フィールド上にランダムに配置された２チームの{騎士:ワルキュリア}達が、それぞれ自分達の{歌姫:ディーバ}を、歌声を頼りに探し出して救出するってこと」%K%P
「そうね。重要な点については、こんな所だと思うわ。もし分からないことがあったら、わたしや美琴に聞いてね」%K%P
「そうね。重要な点については、こんな所だと思うわ。もし分からないことがあったら、わたしや美琴に聞いてね」%K%P
「うん、そうさせてもらうよ。ことりちゃん、大丈夫？」%K%P
「うん、そうさせてもらうよ。ことりちゃん、大丈夫？」%K%P
二つの意味を込めて、大丈夫かと尋ねてみる。%K%P
二つの意味を込めて、大丈夫かと尋ねてみる。%K%P
いつの間にか僕の腕に肩をくっつけていたことりちゃん。触れた部分が熱く、火照っている。%K%P
いつの間にか僕の腕に肩をくっつけていたことりちゃん。触れた部分が熱く、火照っている。%K%P
「あ、は、はい！　大丈夫です、姉様。が、がんばります」%K%P
「あ、は、はい！　大丈夫です、姉様。が、がんばります」%K%P
「それでは、えと、最初は……練習方法、かな……」%K%P
「それでは、えと、最初は……練習方法、かな……」%K%P
「あ、そ、それとも、作戦とか……考えた方がいいのかな……ね、姉様」%K%P
「あ、そ、それとも、作戦とか……考えた方がいいのかな……ね、姉様」%K%P
「え、そ、そうだね……」%K%P
「え、そ、そうだね……」%K%P
何か助言をしてあげたいけれど、僕もアリアの事についてはあまり詳しくないし……%K%P
何か助言をしてあげたいけれど、僕もアリアの事についてはあまり詳しくないし……%K%P
「ことりちゃん、そう難しく考えなくてもいいんじゃないかしら。今日は一日目なのだから、基本的なことから始めたらどう？」%K%P
「ことりちゃん、そう難しく考えなくてもいいんじゃないかしら。今日は一日目なのだから、基本的なことから始めたらどう？」%K%P
「基本的なこと、ですか…………うぅ……た、例えば、どんなことでしょうか」%K%P
「基本的なこと、ですか…………うぅ……た、例えば、どんなことでしょうか」%K%P
「うーん、そうねえ……先ずは個々の実力を把握するために、普段している練習を見せ合うとか」%K%P
「うーん、そうねえ……先ずは個々の実力を把握するために、普段している練習を見せ合うとか」%K%P
「互いの武具の長所、短所を教えあうのも良いわね。戦術の幅が拡がると思うし」%K%P
「互いの武具の長所、短所を教えあうのも良いわね。戦術の幅が拡がると思うし」%K%P
「後は……一対一で模擬戦をしてみるとかでもいいかもね」%K%P
「後は……一対一で模擬戦をしてみるとかでもいいかもね」%K%P
「模擬戦……そ、それじゃ、模擬戦をしてみたいと思います！」%K%P
「模擬戦……そ、それじゃ、模擬戦をしてみたいと思います！」%K%P
綾香さんの言葉に、反射的に返すことりちゃん。%K%P
綾香さんの言葉に、反射的に返すことりちゃん。%K%P
気持ちは分かるけれど、もう少し考えた方がいいような気がする……%K%P
気持ちは分かるけれど、もう少し考えた方がいいような気がする……%K%P
「ちょっと待って。ことりちゃん、意見に賛同するのは良いと思うけれど、あなたの考えはどうなの？」%K%P
「ちょっと待って。ことりちゃん、意見に賛同するのは良いと思うけれど、あなたの考えはどうなの？」%K%P
「か、考えですか、美琴様」%K%P
「か、考えですか、美琴様」%K%P
「メンバー間での意見を尊重するのは良いと思うの。風通しのいい関係って大事だもの」%K%P
「メンバー間での意見を尊重するのは良いと思うの。風通しのいい関係って大事だもの」%K%P
「上からの押しつけでは人は動かないもの。納得して初めて結果に繋がるわ」%K%P
「上からの押しつけでは人は動かないもの。納得して初めて結果に繋がるわ」%K%P
「は、はい……」%K%P
「は、はい……」%K%P
「けどね、鵜呑みはどうかしら？　意見はあくまでも意見。{斟酌:しんしゃく}して決定するのはあなた……リーダーの役目だと思うわ」%K%P
「けどね、鵜呑みはどうかしら？　意見はあくまでも意見。{斟酌:しんしゃく}して決定するのはあなた……リーダーの役目だと思うわ」%K%P
「あぅ……うぅ……」%K%P
「あぅ……うぅ……」%K%P
美琴さんの指摘は正しく、的を射た物だ。%K%P
美琴さんの指摘は正しく、的を射た物だ。%K%P
ことりちゃんは立ちすくみ、唇をふるわせている。%K%P
ことりちゃんは立ちすくみ、唇をふるわせている。%K%P
「……えっと、えと…………あの、その……」%K%P
「……えっと、えと…………あの、その……」%K%P
「……ことりちゃん？」%K%P
「……ことりちゃん？」%K%P
「あ、あの……うぅ……」%K%P
「あ、あの……うぅ……」%K%P
「ことりちゃん、別に美琴はあなたを責めてるわけではないのよ？」%K%P
「ことりちゃん、別に美琴はあなたを責めてるわけではないのよ？」%K%P
「わたしもね、あなたの意見を聞きたいと思うの。間違っててもいい、思いつきでもいいから、言ってみたら？」%K%P
「わたしもね、あなたの意見を聞きたいと思うの。間違っててもいい、思いつきでもいいから、言ってみたら？」%K%P
「…………うぅ……はい」%K%P
「…………うぅ……はい」%K%P
ことりちゃんの細い足が震えている。%K%P
ことりちゃんの細い足が震えている。%K%P
過保護かもしれないけれど――僕は思わず口を挟んでしまった。%K%P
過保護かもしれないけれど――僕は思わず口を挟んでしまった。%K%P
「それじゃこういうのはどうかな。とりあえず、ウォーミングアップを兼ねて、一人一人の動きを見せ合うというのは」%K%P
「それじゃこういうのはどうかな。とりあえず、ウォーミングアップを兼ねて、一人一人の動きを見せ合うというのは」%K%P
「それから団体練習っていうのかな？　みんなで共同して動くものに移っていくとかね」%K%P
「それから団体練習っていうのかな？　みんなで共同して動くものに移っていくとかね」%K%P
「私、みんなの技術をしっかり見たことが無いから、見せて貰えると嬉しいかなって……どう、ことりちゃん？」%K%P
「私、みんなの技術をしっかり見たことが無いから、見せて貰えると嬉しいかなって……どう、ことりちゃん？」%K%P
「あ、そうですね……はい……そ、それじゃ、私、道具とか準備しますね」%K%P
「あ、そうですね……はい……そ、それじゃ、私、道具とか準備しますね」%K%P
「あ、ことりちゃん待って。わたしも手伝うから」%K%P
「あ、ことりちゃん待って。わたしも手伝うから」%K%P
逃げるようにして立ち去ることりちゃんの後を、綾香さんが追う。%K%P
逃げるようにして立ち去ることりちゃんの後を、綾香さんが追う。%K%P
「うーん、あたし、言い過ぎちゃったかな」%K%P
「うーん、あたし、言い過ぎちゃったかな」%K%P
「ううん、そんなこと無いと思うよ。その、ごめんね、言いにくいこと、言わせちゃった」%K%P
「ううん、そんなこと無いと思うよ。その、ごめんね、言いにくいこと、言わせちゃった」%K%P
「ふふ、あなたが謝るなんて」%K%P
「ふふ、あなたが謝るなんて」%K%P
「これでもあの子の姉様だから。リーダーをお願いした責任もあるし……私もはっきりと言ってあげた方がいいね」%K%P
「これでもあの子の姉様だから。リーダーをお願いした責任もあるし……私もはっきりと言ってあげた方がいいね」%K%P
「それはあたし達の役目……っていうか、あたしかな。綾香は優しすぎるからね」%K%P
「それはあたし達の役目……っていうか、あたしかな。綾香は優しすぎるからね」%K%P
「あなたはことりちゃんの止まり木じゃないと……彼女が疲れたとき休めないもの」%K%P
「あなたはことりちゃんの止まり木じゃないと……彼女が疲れたとき休めないもの」%K%P
「でも、それじゃ……」%K%P
「でも、それじゃ……」%K%P
「いいって。こういうのはあたし慣れてるし。伊達に綾香のサポート役、やってないわよ」%K%P
「いいって。こういうのはあたし慣れてるし。伊達に綾香のサポート役、やってないわよ」%K%P
肩を竦める美琴さん……同じ年だというのに、彼女は大人だな。%K%P
肩を竦める美琴さん……同じ年だというのに、彼女は大人だな。%K%P
僕は彼女に小さく頭を下げた。%K%P
僕は彼女に小さく頭を下げた。%K%P
個々の技を見せ合い、それについてみんなで意見を出し合う。%K%P
個々の技を見せ合い、それについてみんなで意見を出し合う。%K%P
綾香さんの剣技は華麗で、まるで舞踊を見ているかのようだった。%K%P
綾香さんの剣技は華麗で、まるで舞踊を見ているかのようだった。%K%P
特に、反射神経には目を張るものがあった。%K%P
特に、反射神経には目を張るものがあった。%K%P
美琴さんの槍使いは基本に忠実というか、派手さは無い物の、その正確さには目を見張る物があった。%K%P
美琴さんの槍使いは基本に忠実というか、派手さは無い物の、その正確さには目を見張る物があった。%K%P
また、綾香さんや、ことりちゃんの技を見て考察し、助言を与える力に優れている。%K%P
また、綾香さんや、ことりちゃんの技を見て考察し、助言を与える力に優れている。%K%P
そして、ことりちゃんは数十メーター先に置かれた的に、５射中、４本正確に的中させた。%K%P
そして、ことりちゃんは数十メーター先に置かれた的に、５射中、４本正確に的中させた。%K%P
彼女には、実力は充分にある。それに、人一倍練習するという根気を持ち合わせている。%K%P
彼女には、実力は充分にある。それに、人一倍練習するという根気を持ち合わせている。%K%P
後は……自分に自信さえ持てれば……%K%P
後は……自分に自信さえ持てれば……%K%P
「わたしが先行しようか？　それともバックアップ？」%K%P
「わたしが先行しようか？　それともバックアップ？」%K%P
「え、えっと、あ、綾香さんは……ば、バックアップで！」%K%P
「え、えっと、あ、綾香さんは……ば、バックアップで！」%K%P
「なら、あたしが先行かしら？　ことりちゃん、それでいいの？」%K%P
「なら、あたしが先行かしら？　ことりちゃん、それでいいの？」%K%P
「その、その、えっと……お、お願いします」%K%P
「その、その、えっと……お、お願いします」%K%P
全体練習に移る。%K%P
全体練習に移る。%K%P
{歌姫:ディーバ}……僕が相手の{騎士:ワルキュリア}に包囲されていて、そこに合流した三人が駆け付ける、といった状況を想定している。%K%P
{歌姫:ディーバ}……僕が相手の{騎士:ワルキュリア}に包囲されていて、そこに合流した三人が駆け付ける、といった状況を想定している。%K%P
起こりえる状況を仮定して、対策を練っておく、というのが狙いだ。%K%P
起こりえる状況を仮定して、対策を練っておく、というのが狙いだ。%K%P
「ことりちゃん、相手の{騎士:ワルキュリア}は楓さんと千影さんよね？」%K%P
「ことりちゃん、相手の{騎士:ワルキュリア}は楓さんと千影さんよね？」%K%P
「は、はい。そうですけど……」%K%P
「は、はい。そうですけど……」%K%P
「二人ともガッチガチの剣士、接近戦ではかなりの強敵だと思うわ」%K%P
「二人ともガッチガチの剣士、接近戦ではかなりの強敵だと思うわ」%K%P
「対して私は槍使い。待ち受けているならともかく、二人に攻撃を仕掛けるには、距離が合わないと思うの」%K%P
「対して私は槍使い。待ち受けているならともかく、二人に攻撃を仕掛けるには、距離が合わないと思うの」%K%P
「そ、そうですよね、はい」%K%P
「そ、そうですよね、はい」%K%P
「な、なら、私が先行して……射かけるというのは……」%K%P
「な、なら、私が先行して……射かけるというのは……」%K%P
「そうね、奇襲という意味で、相手が気がついてなければ有効かもしれないわね」%K%P
「そうね、奇襲という意味で、相手が気がついてなければ有効かもしれないわね」%K%P
「けれど強襲時に、本数に限りのある矢を使うときは、慎重にしないとね」%K%P
「けれど強襲時に、本数に限りのある矢を使うときは、慎重にしないとね」%K%P
「あ、そうでした……相手は、待ち構えています……ごめんなさい」%K%P
「あ、そうでした……相手は、待ち構えています……ごめんなさい」%K%P
「謝らないで。どんどん発言して頂戴。正解も誤答も練習でなら関係ないのよ。起こりうる状況を洗い出している段階だもの」%K%P
「謝らないで。どんどん発言して頂戴。正解も誤答も練習でなら関係ないのよ。起こりうる状況を洗い出している段階だもの」%K%P
「私達が上級生だからって遠慮しないでね。あなたはリーダーなのだから」%K%P
「私達が上級生だからって遠慮しないでね。あなたはリーダーなのだから」%K%P
「は、はいっ…………うぅ」%K%P
「は、はいっ…………うぅ」%K%P
ことりちゃんがこくこくと頷いている。%K%P
ことりちゃんがこくこくと頷いている。%K%P
ふわふわの髪の毛が、頼りなさげに揺れていた。%K%P
ふわふわの髪の毛が、頼りなさげに揺れていた。%K%P
