今日も時間に余裕があったので美琴さんと一緒に夕飯の準備を手伝うことにした。%K%P
今日も時間に余裕があったので美琴さんと一緒に夕飯の準備を手伝うことにした。%K%P
まずは二人でジャガイモの皮剥きだ。%K%P
まずは二人でジャガイモの皮剥きだ。%K%P
包丁の扱いに慣れた美琴さんと違って僕は大人しくピーラーを使っている。%K%P
包丁の扱いに慣れた美琴さんと違って僕は大人しくピーラーを使っている。%K%P
「今夜のメニューは聞いてる？」%K%P
「今夜のメニューは聞いてる？」%K%P
「今回のこのジャガイモはコロッケになるみたいよ」%K%P
「今回のこのジャガイモはコロッケになるみたいよ」%K%P
「揚げたてほくほくのコロッケって美味しいよね」%K%P
「揚げたてほくほくのコロッケって美味しいよね」%K%P
皮剥きみたいな単純な作業も二人でおしゃべりしながらだとちっとも飽きない。%K%P
皮剥きみたいな単純な作業も二人でおしゃべりしながらだとちっとも飽きない。%K%P
「コロッケの場合は、皮付きのまま蒸かしたり茹でたりして、後から皮を剥いた方が美味しいって話も聞くのよね」%K%P
「コロッケの場合は、皮付きのまま蒸かしたり茹でたりして、後から皮を剥いた方が美味しいって話も聞くのよね」%K%P
「へぇ、法子さんはどうして先に皮を剥く方法にしてるんだろう」%K%P
「へぇ、法子さんはどうして先に皮を剥く方法にしてるんだろう」%K%P
「たぶんだけど、茹で方の違いで味に大差が感じられなかったからだと思うの」%K%P
「たぶんだけど、茹で方の違いで味に大差が感じられなかったからだと思うの」%K%P
「そんなことより、下味の付け方とか、サクサクに揚げるとかに気を遣った方がいいとあたしも思うし」%K%P
「そんなことより、下味の付け方とか、サクサクに揚げるとかに気を遣った方がいいとあたしも思うし」%K%P
「あと、寮の食事だから一気に多く作らなきゃいけないでしょ。皮剥きは先に済ませちゃった方が効率的だよ」%K%P
「あと、寮の食事だから一気に多く作らなきゃいけないでしょ。皮剥きは先に済ませちゃった方が効率的だよ」%K%P
「こうして私たちも手伝えるもんね」%K%P
「こうして私たちも手伝えるもんね」%K%P
実際に火加減を見たり、味付けを確認するのは、やはり法子さんじゃないといけない。%K%P
実際に火加減を見たり、味付けを確認するのは、やはり法子さんじゃないといけない。%K%P
それ以外の部分で役割分担することを考えたら、今のやり方がベストなんだろう。%K%P
それ以外の部分で役割分担することを考えたら、今のやり方がベストなんだろう。%K%P
「この皮剥きが終わったら次は何するの」%K%P
「この皮剥きが終わったら次は何するの」%K%P
「あたしはエビの背わた取りをするから、いずみさんにはブロッコリーを切り分けて貰おうと思うの」%K%P
「あたしはエビの背わた取りをするから、いずみさんにはブロッコリーを切り分けて貰おうと思うの」%K%P
「それなんの食材になるのかな」%K%P
「それなんの食材になるのかな」%K%P
「サラダよ。法子さんの作った特製ヨーグルトソースを掛けて頂くのが最高なの」%K%P
「サラダよ。法子さんの作った特製ヨーグルトソースを掛けて頂くのが最高なの」%K%P
「ヨーグルトの酸味と風味がさっぱりしてて揚げ物との相性がいいのよね～」%K%P
「ヨーグルトの酸味と風味がさっぱりしてて揚げ物との相性がいいのよね～」%K%P
「相変わらず聞いてるだけでヨダレが溢れて来ちゃいそう」%K%P
「相変わらず聞いてるだけでヨダレが溢れて来ちゃいそう」%K%P
この後に美味しいものが待っているとなると自然に作業も捗る。%K%P
この後に美味しいものが待っているとなると自然に作業も捗る。%K%P
人間って現金だよなぁ……。%K%P
人間って現金だよなぁ……。%K%P
「そういえばブロッコリーで思い出したんだけど」%K%P
「そういえばブロッコリーで思い出したんだけど」%K%P
「うん？」%K%P
「うん？」%K%P
「私の知り合いのアメリカ人から教えて貰ったんだけど、アメリカじゃブロッコリーは生でも食べるんだって」%K%P
「私の知り合いのアメリカ人から教えて貰ったんだけど、アメリカじゃブロッコリーは生でも食べるんだって」%K%P
「え、茹でないの？」%K%P
「え、茹でないの？」%K%P
「うん、生のままばりばりっといくみたいだよ」%K%P
「うん、生のままばりばりっといくみたいだよ」%K%P
「青臭くないのかな？　それになんか硬そうだし」%K%P
「青臭くないのかな？　それになんか硬そうだし」%K%P
「その歯ごたえがいいみたい。フレッシュで美味しいって言ってた」%K%P
「その歯ごたえがいいみたい。フレッシュで美味しいって言ってた」%K%P
「へぇ、ビタミンＣは熱を通すと壊れちゃうから、栄養的にはありなのかもしれないね」%K%P
「へぇ、ビタミンＣは熱を通すと壊れちゃうから、栄養的にはありなのかもしれないね」%K%P
あきれたような、感心したような、あきらかにカルチャーショックを受けた顔つきだった。%K%P
あきれたような、感心したような、あきらかにカルチャーショックを受けた顔つきだった。%K%P
日本にいるときは気がつかないけど、身の回りの常識って結構あやふやだったりすることが多いんだよね。%K%P
日本にいるときは気がつかないけど、身の回りの常識って結構あやふやだったりすることが多いんだよね。%K%P
「豪快と言えば、留学先の人はリンゴなんかも皮ごと丸かじりするのが多かったな」%K%P
「豪快と言えば、留学先の人はリンゴなんかも皮ごと丸かじりするのが多かったな」%K%P
「ああ、日本でもいるよね。あたしは皮は剥いてから食べる派だけど」%K%P
「ああ、日本でもいるよね。あたしは皮は剥いてから食べる派だけど」%K%P
「マスカットくらいの大きさのブドウも皮ごと食べてたな」%K%P
「マスカットくらいの大きさのブドウも皮ごと食べてたな」%K%P
「へぇ、日本だと珍しいかな？」%K%P
「へぇ、日本だと珍しいかな？」%K%P
「オレンジも皮ごと丸かじりだし」%K%P
「オレンジも皮ごと丸かじりだし」%K%P
「え、いやそれは……ああ、でもマーマレードは皮ごと使うし、ありと言えばありなのかも」%K%P
「え、いやそれは……ああ、でもマーマレードは皮ごと使うし、ありと言えばありなのかも」%K%P
「キウイも丸かじりだって」%K%P
「キウイも丸かじりだって」%K%P
「ホントに？　なんだか凄いね」%K%P
「ホントに？　なんだか凄いね」%K%P
「あれ表面に産毛生えてるけどどうするの？」%K%P
「あれ表面に産毛生えてるけどどうするの？」%K%P
「気にせずそのままむしゃむしゃと」%K%P
「気にせずそのままむしゃむしゃと」%K%P
「実は皮の方が甘いらしいよ。栄養もあるらしいし」%K%P
「実は皮の方が甘いらしいよ。栄養もあるらしいし」%K%P
「原産地の人からすると皮を捨てるなんてすごく勿体なく見えるんだって」%K%P
「原産地の人からすると皮を捨てるなんてすごく勿体なく見えるんだって」%K%P
「そうなんだ。世界の広さがよく分かるね。日本じゃほとんど知られてない話じゃないの」%K%P
「そうなんだ。世界の広さがよく分かるね。日本じゃほとんど知られてない話じゃないの」%K%P
「でもそんなに美味しいならこんど試してみようかな。食わず嫌いなんて勿体ないし」%K%P
「でもそんなに美味しいならこんど試してみようかな。食わず嫌いなんて勿体ないし」%K%P
さすが美琴さん。料理が趣味なだけあって食への好奇心が人一倍強いみたいだ。%K%P
さすが美琴さん。料理が趣味なだけあって食への好奇心が人一倍強いみたいだ。%K%P
興味があるものを試してみたくなる気持ちは良く分かるな。%K%P
興味があるものを試してみたくなる気持ちは良く分かるな。%K%P
かくいう僕も、実はさっきから気になって仕方がないものがある。%K%P
かくいう僕も、実はさっきから気になって仕方がないものがある。%K%P
「ねぇ、私も包丁使って皮剥きしてみたいんだけどいいかな」%K%P
「ねぇ、私も包丁使って皮剥きしてみたいんだけどいいかな」%K%P
「え、ピーラーでも別にいいんじゃない？」%K%P
「え、ピーラーでも別にいいんじゃない？」%K%P
「そうなんだけど、美琴さんみたいにササッと包丁だけで処理出来るようになったら他にも応用が利きそうじゃない」%K%P
「そうなんだけど、美琴さんみたいにササッと包丁だけで処理出来るようになったら他にも応用が利きそうじゃない」%K%P
「まあ、汎用性はあるかも」%K%P
「まあ、汎用性はあるかも」%K%P
「でしょ」%K%P
「でしょ」%K%P
あと刃物を使いこなしてる姿が格好いいってのもある。%K%P
あと刃物を使いこなしてる姿が格好いいってのもある。%K%P
単純にあこがれちゃうよね。%K%P
単純にあこがれちゃうよね。%K%P
「いずみさんがやってみたいならいいよ。あたしも協力するし」%K%P
「いずみさんがやってみたいならいいよ。あたしも協力するし」%K%P
「うん、ありがと」%K%P
「うん、ありがと」%K%P
さっそく美琴さんが使ってた包丁を借りてチャレンジしてみる。%K%P
さっそく美琴さんが使ってた包丁を借りてチャレンジしてみる。%K%P
右手に包丁、左手にジャガイモを装備だ。%K%P
右手に包丁、左手にジャガイモを装備だ。%K%P
「まずは焦らず、ゆっくりやってみましょうか」%K%P
「まずは焦らず、ゆっくりやってみましょうか」%K%P
「確かこんな感じだよね」%K%P
「確かこんな感じだよね」%K%P
そっとジャガイモに包丁を宛がう。%K%P
そっとジャガイモに包丁を宛がう。%K%P
いきなり刃が斜めに食い込んだ。%K%P
いきなり刃が斜めに食い込んだ。%K%P
「あれ？」%K%P
「あれ？」%K%P
「もう少し包丁は寝かせてもいいと思う」%K%P
「もう少し包丁は寝かせてもいいと思う」%K%P
こうかな？%K%P
こうかな？%K%P
お、切れる切れる。%K%P
お、切れる切れる。%K%P
「でもなんか剥くというよりそぎ落としてるって感じだよね……」%K%P
「でもなんか剥くというよりそぎ落としてるって感じだよね……」%K%P
「そこは力加減が分かってくれば上手く出来るようになるから安心して」%K%P
「そこは力加減が分かってくれば上手く出来るようになるから安心して」%K%P
「切った皮を親指でたぐり寄せる感じで……そうその調子」%K%P
「切った皮を親指でたぐり寄せる感じで……そうその調子」%K%P
ゆっくりゆっくり剥いていく。%K%P
ゆっくりゆっくり剥いていく。%K%P
なんか緊張で手が震えそうだ。%K%P
なんか緊張で手が震えそうだ。%K%P
「焦る必要なんてないんだから、安全第一でね」%K%P
「焦る必要なんてないんだから、安全第一でね」%K%P
「う、うん」%K%P
「う、うん」%K%P
「見守っているだけってのも、なんかこっちがハラハラしてきちゃう」%K%P
「見守っているだけってのも、なんかこっちがハラハラしてきちゃう」%K%P
まあ美琴さんからしたら僕の手付きはたどたどしいにも程があるだろうしね。%K%P
まあ美琴さんからしたら僕の手付きはたどたどしいにも程があるだろうしね。%K%P
やがて美琴さんの三倍以上は掛ってようやく一個目を剥き終わる。%K%P
やがて美琴さんの三倍以上は掛ってようやく一個目を剥き終わる。%K%P
「……多面体ダイス？」%K%P
「……多面体ダイス？」%K%P
「あはは、どんまい。次やってみましょうか」%K%P
「あはは、どんまい。次やってみましょうか」%K%P
「よし」%K%P
「よし」%K%P
もっと皮を薄く切るように意識しながら再チャレンジだ。%K%P
もっと皮を薄く切るように意識しながら再チャレンジだ。%K%P
表面の凹凸に沿って刃の角度を調節していく。%K%P
表面の凹凸に沿って刃の角度を調節していく。%K%P
「ここはもうちょっと……あ」%K%P
「ここはもうちょっと……あ」%K%P
力加減を間違って刃が滑りすぎてしまった。%K%P
力加減を間違って刃が滑りすぎてしまった。%K%P
ジャガイモを固定してた指にチクッと小さな痛みが走る。%K%P
ジャガイモを固定してた指にチクッと小さな痛みが走る。%K%P
「ぃたっ」%K%P
「ぃたっ」%K%P
「わわ、やっちゃった？」%K%P
「わわ、やっちゃった？」%K%P
「みたい」%K%P
「みたい」%K%P
左手の親指にツーッと赤いスジが走った。%K%P
左手の親指にツーッと赤いスジが走った。%K%P
う～ん、失敗、失敗。%K%P
う～ん、失敗、失敗。%K%P
「ちょっと待ってて。傷口に触ったらだめよ」%K%P
「ちょっと待ってて。傷口に触ったらだめよ」%K%P
「これくらいなら放っておいても」%K%P
「これくらいなら放っておいても」%K%P
「いいから」%K%P
「いいから」%K%P
美琴さんが少し席を外す。%K%P
美琴さんが少し席を外す。%K%P
程なく戻ってきた美琴さんは絆創膏と消毒液を手にしていた。%K%P
程なく戻ってきた美琴さんは絆創膏と消毒液を手にしていた。%K%P
僕の手を取り、手当てしてくれる。%K%P
僕の手を取り、手当てしてくれる。%K%P
「あの、これくらい自分で……」%K%P
「あの、これくらい自分で……」%K%P
「自分の指に自分で絆創膏は貼りづらいでしょ」%K%P
「自分の指に自分で絆創膏は貼りづらいでしょ」%K%P
「それはそうだけど」%K%P
「それはそうだけど」%K%P
美琴さんは単純に親切で手当てしてくれているんだろう。%K%P
美琴さんは単純に親切で手当てしてくれているんだろう。%K%P
けど、僕にしてみれば女の子に手を握られているという事実をどうしても強く意識してしまう。%K%P
けど、僕にしてみれば女の子に手を握られているという事実をどうしても強く意識してしまう。%K%P
艶やかな爪が目立つ細い指が印象的でドキドキだ。%K%P
艶やかな爪が目立つ細い指が印象的でドキドキだ。%K%P
僕も男にしては小柄な部類だけど、美琴さんの手はさらに華奢なつくりをしている。%K%P
僕も男にしては小柄な部類だけど、美琴さんの手はさらに華奢なつくりをしている。%K%P
「切り傷はそんな大きくないね。これならすぐ治るよ、良かったじゃない」%K%P
「切り傷はそんな大きくないね。これならすぐ治るよ、良かったじゃない」%K%P
「うん。だからわざわざ美琴さんに手当てして貰うまでもなかったんじゃないかな」%K%P
「うん。だからわざわざ美琴さんに手当てして貰うまでもなかったんじゃないかな」%K%P
「このまま放っておいても大丈夫そうだったし」%K%P
「このまま放っておいても大丈夫そうだったし」%K%P
「だからって油断はダメでしょ。化膿して跡が残ったら大変だもの」%K%P
「だからって油断はダメでしょ。化膿して跡が残ったら大変だもの」%K%P
いかにも女の子らしい気遣いだ。%K%P
いかにも女の子らしい気遣いだ。%K%P
まあ、普通は気にして当然なんだろうけど、本当は僕、男だしね。%K%P
まあ、普通は気にして当然なんだろうけど、本当は僕、男だしね。%K%P
怪我の心配よりも、柔らかな手の感触の方にこそ気になって仕方がない。%K%P
怪我の心配よりも、柔らかな手の感触の方にこそ気になって仕方がない。%K%P
（い、今は女同士……っ、変に動揺したら怪しまれる……っ）%K%P
（い、今は女同士……っ、変に動揺したら怪しまれる……っ）%K%P
「はい、これで大丈夫っと」%K%P
「はい、これで大丈夫っと」%K%P
「……ん、どうかした。まだ痛い？」%K%P
「……ん、どうかした。まだ痛い？」%K%P
「え、あ」%K%P
「え、あ」%K%P
ついつい美琴さんの手に見とれてしまっていた。%K%P
ついつい美琴さんの手に見とれてしまっていた。%K%P
……なんて正直に口にするのも恥ずかしいので、思わず目をそらしてしまう。%K%P
……なんて正直に口にするのも恥ずかしいので、思わず目をそらしてしまう。%K%P
と、たまたま目に付いた天井。そこに設置されている蛍光灯が一つ切れかかっていることに気付く。%K%P
と、たまたま目に付いた天井。そこに設置されている蛍光灯が一つ切れかかっていることに気付く。%K%P
「ほ、ほら、あそこ」%K%P
「ほ、ほら、あそこ」%K%P
「ああ、かなり古くなってるみたいね」%K%P
「ああ、かなり古くなってるみたいね」%K%P
「予備の蛍光灯ってあるの？」%K%P
「予備の蛍光灯ってあるの？」%K%P
「うん。そうね、ついでだからあれも交換しましょうか」%K%P
「うん。そうね、ついでだからあれも交換しましょうか」%K%P
働き者の美琴さんはすぐさま行動に移る。%K%P
働き者の美琴さんはすぐさま行動に移る。%K%P
こんどは倉庫から脚立と交換用の蛍光灯を持ってきた。%K%P
こんどは倉庫から脚立と交換用の蛍光灯を持ってきた。%K%P
「じゃあ私が交換するよ」%K%P
「じゃあ私が交換するよ」%K%P
「いずみさんは指怪我してるでしょ。あたしに任せて脚立を押さえててちょうだい」%K%P
「いずみさんは指怪我してるでしょ。あたしに任せて脚立を押さえててちょうだい」%K%P
「え、でも」%K%P
「え、でも」%K%P
「いいから、いいから」%K%P
「いいから、いいから」%K%P
にこやかに笑って先に行動してしまう。%K%P
にこやかに笑って先に行動してしまう。%K%P
脚立を設置し、ひょいとのぼる。%K%P
脚立を設置し、ひょいとのぼる。%K%P
こうなるとやめさせるのも今さらだ。%K%P
こうなるとやめさせるのも今さらだ。%K%P
「しかたないな」%K%P
「しかたないな」%K%P
大人しく脚立を押さえる係になる。%K%P
大人しく脚立を押さえる係になる。%K%P
アルミ製の軽くて丈夫な脚立なので上に女の子が乗ったからと言って壊れることはないだろう。%K%P
アルミ製の軽くて丈夫な脚立なので上に女の子が乗ったからと言って壊れることはないだろう。%K%P
床も水平だし、僕がしっかり押さえていればそうそう事故だって起きない。%K%P
床も水平だし、僕がしっかり押さえていればそうそう事故だって起きない。%K%P
「んしょっと……」%K%P
「んしょっと……」%K%P
「手を滑らせないでね」%K%P
「手を滑らせないでね」%K%P
「うん、大丈夫。こういうのも慣れてるから」%K%P
「うん、大丈夫。こういうのも慣れてるから」%K%P
……などと美琴さんの頼もしいお言葉に僕はうっかり油断してしまう。%K%P
……などと美琴さんの頼もしいお言葉に僕はうっかり油断してしまう。%K%P
頭上の作業を見守ろうと何気にひょいと面を上げると視線の先には美琴さんのお尻が……。%K%P
頭上の作業を見守ろうと何気にひょいと面を上げると視線の先には美琴さんのお尻が……。%K%P
「……っ」%K%P
「……っ」%K%P
息を呑んで視線を床方面に緊急待避。%K%P
息を呑んで視線を床方面に緊急待避。%K%P
危うくスカートの中を覗き込むところだった。%K%P
危うくスカートの中を覗き込むところだった。%K%P
赤面しているのが自分でも分かる。%K%P
赤面しているのが自分でも分かる。%K%P
（び、ビックリした……っ）%K%P
（び、ビックリした……っ）%K%P
美琴さんは交換作業に集中しているみたいで僕の怪しい行動に気付いていない。%K%P
美琴さんは交換作業に集中しているみたいで僕の怪しい行動に気付いていない。%K%P
まあ、向こうにしてみれば女同士のつもりだろうから、ちょっとくらい下着を見られたとしても特に気にしないとは思うけど……。%K%P
まあ、向こうにしてみれば女同士のつもりだろうから、ちょっとくらい下着を見られたとしても特に気にしないとは思うけど……。%K%P
こっちのメンタルは男のままなので、やっぱり不可抗力でもスカートを覗き込んでしまったら罪悪感を持ってしまう。%K%P
こっちのメンタルは男のままなので、やっぱり不可抗力でもスカートを覗き込んでしまったら罪悪感を持ってしまう。%K%P
少なくとも紳士的な行為じゃないよね。%K%P
少なくとも紳士的な行為じゃないよね。%K%P
いや女装が紳士的かどうかはおいといて。%K%P
いや女装が紳士的かどうかはおいといて。%K%P
（と、とにかく下を向いていよう……っ、倫理観と誠意の問題だし……っ）%K%P
（と、とにかく下を向いていよう……っ、倫理観と誠意の問題だし……っ）%K%P
数分もあれば蛍光灯の交換は終わるだろうしね。%K%P
数分もあれば蛍光灯の交換は終わるだろうしね。%K%P
なんて考えていたのがうっかりその２。%K%P
なんて考えていたのがうっかりその２。%K%P
「あわわ、っと、と……っ」%K%P
「あわわ、っと、と……っ」%K%P
作業が終わって気を抜いてしまったせいなのか、美琴さんが不意にバランスを崩した。%K%P
作業が終わって気を抜いてしまったせいなのか、美琴さんが不意にバランスを崩した。%K%P
美琴さんから目を離していた僕はそのことに気がつくのが一瞬遅れてしまう。%K%P
美琴さんから目を離していた僕はそのことに気がつくのが一瞬遅れてしまう。%K%P
「たっ、と、うわわ、ど、どいて……！」%K%P
「たっ、と、うわわ、ど、どいて……！」%K%P
「へ？」%K%P
「へ？」%K%P
一瞬、頭上から影が差したかと思うと――%K%P
一瞬、頭上から影が差したかと思うと――%K%P
「きゃあぁっ！」%K%P
「きゃあぁっ！」%K%P
「むぎゅっ！？」%K%P
「むぎゅっ！？」%K%P
大きな衝撃が全身に走り、いったい何が起こったのか咄嗟に把握できない。%K%P
大きな衝撃が全身に走り、いったい何が起こったのか咄嗟に把握できない。%K%P
「いたたた……っ」%K%P
「いたたた……っ」%K%P
「いててて……っ」%K%P
「いててて……っ」%K%P
頭がクラクラしている。%K%P
頭がクラクラしている。%K%P
身体が動かない。%K%P
身体が動かない。%K%P
というか押しつぶされている……？%K%P
というか押しつぶされている……？%K%P
「ご、ごめんさい。いずみさん、大丈夫？」%K%P
「ご、ごめんさい。いずみさん、大丈夫？」%K%P
「うぅ、た、たぶんね」%K%P
「うぅ、た、たぶんね」%K%P
そうか。脚立の上でバランスを崩した美琴さんが僕の上に転がり落ちてきたのか。%K%P
そうか。脚立の上でバランスを崩した美琴さんが僕の上に転がり落ちてきたのか。%K%P
いくら軽めの女の子でも、人一人分の体重を受け止めたらそれなりの衝撃があるもんな。%K%P
いくら軽めの女の子でも、人一人分の体重を受け止めたらそれなりの衝撃があるもんな。%K%P
文字通り、目が回っている。%K%P
文字通り、目が回っている。%K%P
まさに前後不覚だ。%K%P
まさに前後不覚だ。%K%P
無意識のうちに美琴さんを押しのけようと手が動いて……。%K%P
無意識のうちに美琴さんを押しのけようと手が動いて……。%K%P
手のひらに柔らかな膨らみが触れた。%K%P
手のひらに柔らかな膨らみが触れた。%K%P
「あん、ちょ、あんまりモゾモゾしないで。ブラがずれちゃう……っ」%K%P
「あん、ちょ、あんまりモゾモゾしないで。ブラがずれちゃう……っ」%K%P
「あ、ご、ごめん」%K%P
「あ、ご、ごめん」%K%P
って、ブラ？　%K%P
って、ブラ？　%K%P
急に意識がはっきりしてきた。%K%P
急に意識がはっきりしてきた。%K%P
気付けば僕は美琴さんの胸をしっかりと触っていた。%K%P
気付けば僕は美琴さんの胸をしっかりと触っていた。%K%P
「うわ……っ、わわわ……っ」%K%P
「うわ……っ、わわわ……っ」%K%P
頭の中が真っ白になってどうしていいか分らなくなる。%K%P
頭の中が真っ白になってどうしていいか分らなくなる。%K%P
手のひらに伝わってくるマシュマロみたいな弾力に魅了されてしまったのか手が吸い付いたように離れない。%K%P
手のひらに伝わってくるマシュマロみたいな弾力に魅了されてしまったのか手が吸い付いたように離れない。%K%P
しかも、すぐ目の前に美琴さんの顔がある。%K%P
しかも、すぐ目の前に美琴さんの顔がある。%K%P
長いまつげが印象的だ。見るからに柔らかそうな口唇が艶やかで目を奪われる。%K%P
長いまつげが印象的だ。見るからに柔らかそうな口唇が艶やかで目を奪われる。%K%P
「ホントに大丈夫なの。意識ははっきりしてる？」%K%P
「ホントに大丈夫なの。意識ははっきりしてる？」%K%P
「え、あ、うん」%K%P
「え、あ、うん」%K%P
黒目がちの瞳に僕の姿が写っていた。%K%P
黒目がちの瞳に僕の姿が写っていた。%K%P
美琴さんは特に意識してないみたいだけど、こちらはドキドキものだ。%K%P
美琴さんは特に意識してないみたいだけど、こちらはドキドキものだ。%K%P
「うぅ、ごめんね。す、すぐ起き上がるから……っ」%K%P
「うぅ、ごめんね。す、すぐ起き上がるから……っ」%K%P
そう言って身体を起こす美琴さんだが、間の悪いことに美琴さんの膝がちょうど僕の股の間に滑り込む。%K%P
そう言って身体を起こす美琴さんだが、間の悪いことに美琴さんの膝がちょうど僕の股の間に滑り込む。%K%P
ぐにんっ。%K%P
ぐにんっ。%K%P
「ふあ！？」%K%P
「ふあ！？」%K%P
急所を押しつぶされそうになって思わずおかしな声が出てしまった。%K%P
急所を押しつぶされそうになって思わずおかしな声が出てしまった。%K%P
ショックを受けて慌てて跳ね起きる。%K%P
ショックを受けて慌てて跳ね起きる。%K%P
幸い下敷きになった僕がクッションになったのか美琴さんに怪我はない。%K%P
幸い下敷きになった僕がクッションになったのか美琴さんに怪我はない。%K%P
ただ予想外の刺激がおかしな効果をもたらしたようで、なぜだかいけない部分が大きくなりかけている。%K%P
ただ予想外の刺激がおかしな効果をもたらしたようで、なぜだかいけない部分が大きくなりかけている。%K%P
（うわ、ちょ、ま、まずいよ……っ）%K%P
（うわ、ちょ、ま、まずいよ……っ）%K%P
これって女の子に触られたからなのか、それとも触ってしまったからなのか。%K%P
これって女の子に触られたからなのか、それとも触ってしまったからなのか。%K%P
だとしたら僕ってどれだけ敏感なんだよ。%K%P
だとしたら僕ってどれだけ敏感なんだよ。%K%P
「ど、どうしたの？　あたしのせいで怪我しちゃったのかな」%K%P
「ど、どうしたの？　あたしのせいで怪我しちゃったのかな」%K%P
「えっと、ちょっと恥骨の辺りを打ったみたいで」%K%P
「えっと、ちょっと恥骨の辺りを打ったみたいで」%K%P
「打ち身にでもなってたら大変じゃない！　ちょっと見せてみて！」%K%P
「打ち身にでもなってたら大変じゃない！　ちょっと見せてみて！」%K%P
「いやっ、大丈夫だからっ」%K%P
「いやっ、大丈夫だからっ」%K%P
へっぴり腰のままズリズリと後ずさる。%K%P
へっぴり腰のままズリズリと後ずさる。%K%P
「でも……っ」%K%P
「でも……っ」%K%P
「軽くぶつけただけだから全然平気だって」%K%P
「軽くぶつけただけだから全然平気だって」%K%P
「そ、それより料理の下準備が途中でしょ。私のせいでドタバタしちゃったけど早く再開しようよ」%K%P
「そ、それより料理の下準備が途中でしょ。私のせいでドタバタしちゃったけど早く再開しようよ」%K%P
「本当に平気なの？」%K%P
「本当に平気なの？」%K%P
「うん。そろそろ法子さんも来るだろうし、あんまりのんびりしてられないでしょ」%K%P
「うん。そろそろ法子さんも来るだろうし、あんまりのんびりしてられないでしょ」%K%P
「う～ん……それもそうね。いずみさんが大丈夫って言うなら信じるわ」%K%P
「う～ん……それもそうね。いずみさんが大丈夫って言うなら信じるわ」%K%P
よしっ、どうにか誤魔化せたみたいだ。%K%P
よしっ、どうにか誤魔化せたみたいだ。%K%P
実際、ちょっと時間をおけば股間は落ち着いてくるだろう。%K%P
実際、ちょっと時間をおけば股間は落ち着いてくるだろう。%K%P
（危なく秘密がバレるところだった……っ）%K%P
（危なく秘密がバレるところだった……っ）%K%P
美琴さんの見えないところでホッと息をついた。%K%P
美琴さんの見えないところでホッと息をついた。%K%P
