「はっ、やぁ……！　せっ！　ふっ！」%K%P
「はっ、やぁ……！　せっ！　ふっ！」%K%P
千影さんの思いを聞いてから、僕はよくこの場所に足を運ぶようになった。%K%P
千影さんの思いを聞いてから、僕はよくこの場所に足を運ぶようになった。%K%P
双剣を構える千影さんの姿は、学園で見るそれとはまた別のもので、どちらが本当の千影さんなのか考えてしまう。%K%P
双剣を構える千影さんの姿は、学園で見るそれとはまた別のもので、どちらが本当の千影さんなのか考えてしまう。%K%P
どちらも本当の千影さんってことくらいは理解している。%K%P
どちらも本当の千影さんってことくらいは理解している。%K%P
けれど、そのふたつは比べるには違いすぎて、一緒にすることが難しかった。%K%P
けれど、そのふたつは比べるには違いすぎて、一緒にすることが難しかった。%K%P
「くっ、たぁ……！　やっ！　ふっ！」%K%P
「くっ、たぁ……！　やっ！　ふっ！」%K%P
目を閉じ、掛け声だけを聞いても、気迫が伝わってくる。%K%P
目を閉じ、掛け声だけを聞いても、気迫が伝わってくる。%K%P
何かひとつのことに打ち込める人はたくさんいると思う。%K%P
何かひとつのことに打ち込める人はたくさんいると思う。%K%P
でも、千影さんくらい打ち込める人は少ないんじゃないだろうか？%K%P
でも、千影さんくらい打ち込める人は少ないんじゃないだろうか？%K%P
なんとなく好きだからレベルの心構えでは、ここまでの真剣さは出せないと思う。%K%P
なんとなく好きだからレベルの心構えでは、ここまでの真剣さは出せないと思う。%K%P
プロになりたい。誰かに認められたい。お金を稼ぎたい。%K%P
プロになりたい。誰かに認められたい。お金を稼ぎたい。%K%P
名声、名誉、財産……成し遂げたいと思う強い気持ちがなければ、人は弛まぬ努力を続けることはできないはずだ。%K%P
名声、名誉、財産……成し遂げたいと思う強い気持ちがなければ、人は弛まぬ努力を続けることはできないはずだ。%K%P
僕もまず第一に歌が好きで、歌で人を幸せにしたいという思いがあるから頑張れている。%K%P
僕もまず第一に歌が好きで、歌で人を幸せにしたいという思いがあるから頑張れている。%K%P
けど、千影さんを見ていると、そんな僕の思いがちっぽけなものに思えてしまう。%K%P
けど、千影さんを見ていると、そんな僕の思いがちっぽけなものに思えてしまう。%K%P
千影さんを見ていてわかったことがある。%K%P
千影さんを見ていてわかったことがある。%K%P
それは……。%K%P
それは……。%K%P
「……さん」%K%P
「……さん」%K%P
「…………」%K%P
「…………」%K%P
「いずみさん」%K%P
「いずみさん」%K%P
「あ、は、はい！」%K%P
「あ、は、はい！」%K%P
「考えごとかしら？　何度も呼んでいたのだけれど」%K%P
「考えごとかしら？　何度も呼んでいたのだけれど」%K%P
「え、えぇ、ちょっと考えごとを……」%K%P
「え、えぇ、ちょっと考えごとを……」%K%P
「もうすぐ{歌姫:ディーバ}を守る{騎士:ワルキュリア}のリーダーを決めるんですもの、考えごとくらい当然ね」%K%P
「もうすぐ{歌姫:ディーバ}を守る{騎士:ワルキュリア}のリーダーを決めるんですもの、考えごとくらい当然ね」%K%P
「あ、えっと……はい」%K%P
「あ、えっと……はい」%K%P
まったく違うことを考えていたんだけど、ここは話を合わせておこう。%K%P
まったく違うことを考えていたんだけど、ここは話を合わせておこう。%K%P
{騎士:ワルキュリア}のリーダーか……まあ、綾香さんになるのかな？%K%P
{騎士:ワルキュリア}のリーダーか……まあ、綾香さんになるのかな？%K%P
それに、きっと千影さんは奏さんを守る{騎士:ワルキュリア}になるだろう。%K%P
それに、きっと千影さんは奏さんを守る{騎士:ワルキュリア}になるだろう。%K%P
「いずみさん、最近よくここに来てくれるわよね」%K%P
「いずみさん、最近よくここに来てくれるわよね」%K%P
「うん、千影さんの訓練を見るのが楽しくて。見ていて気が散らないか心配だけど」%K%P
「うん、千影さんの訓練を見るのが楽しくて。見ていて気が散らないか心配だけど」%K%P
「そんなことないわ。むしろ、誰かに見られている方が、気持ちも引き締まるし、集中できる」%K%P
「そんなことないわ。むしろ、誰かに見られている方が、気持ちも引き締まるし、集中できる」%K%P
「良かった」%K%P
「良かった」%K%P
「見ていて何か感じたことある？　どんなことでもいいから、何か気づいたことがあったら教えてほしいわ」%K%P
「見ていて何か感じたことある？　どんなことでもいいから、何か気づいたことがあったら教えてほしいわ」%K%P
「んー、でも剣については詳しくないから……」%K%P
「んー、でも剣については詳しくないから……」%K%P
「むしろ詳しくない人の意見が聞きたいのよ。そういう人は熟練者が思いもよらないことを言ってくれるから。それが意外とためになったりするの」%K%P
「むしろ詳しくない人の意見が聞きたいのよ。そういう人は熟練者が思いもよらないことを言ってくれるから。それが意外とためになったりするの」%K%P
「なるほどね」%K%P
「なるほどね」%K%P
素人だからこそ疑問に思う観点か。%K%P
素人だからこそ疑問に思う観点か。%K%P
それは歌とかでもあることだ。%K%P
それは歌とかでもあることだ。%K%P
「千影さんを見ていて気づいたことは、誰かのために頑張るのって大事だなぁって」%K%P
「千影さんを見ていて気づいたことは、誰かのために頑張るのって大事だなぁって」%K%P
「え……？」%K%P
「え……？」%K%P
「自分のために頑張るより、誰かのために頑張る方が力を発揮できるよね？」%K%P
「自分のために頑張るより、誰かのために頑張る方が力を発揮できるよね？」%K%P
「なんで私が誰かのために頑張ってると思ったの？」%K%P
「なんで私が誰かのために頑張ってると思ったの？」%K%P
「自分のためだけだと、そこまで頑張れないと思ったから」%K%P
「自分のためだけだと、そこまで頑張れないと思ったから」%K%P
「……」%K%P
「……」%K%P
「歌も同じなんだよね。聞いてくれる人がいるから歌う。もっと上手な歌を聞かせたいと思う。自分が満足できるからって理由だけだと、そこまで頑張れないから」%K%P
「歌も同じなんだよね。聞いてくれる人がいるから歌う。もっと上手な歌を聞かせたいと思う。自分が満足できるからって理由だけだと、そこまで頑張れないから」%K%P
「いずみさんのは歌だから。歌とか絵画とか芸術関連は、見てもらう人がいるから頑張れるというのはわかるわ。でも、私のは？」%K%P
「いずみさんのは歌だから。歌とか絵画とか芸術関連は、見てもらう人がいるから頑張れるというのはわかるわ。でも、私のは？」%K%P
「剣というか騎士でしょ？　騎士は誰かを守るために強くなるんだよね？」%K%P
「剣というか騎士でしょ？　騎士は誰かを守るために強くなるんだよね？」%K%P
「あ……」%K%P
「あ……」%K%P
「最初は誰かのために……なんて、自己満足でしかないと思ってた。自分のためにならないと思ってた」%K%P
「最初は誰かのために……なんて、自己満足でしかないと思ってた。自分のためにならないと思ってた」%K%P
「でも、今は違うんだ。自分以外の誰かのために頑張れることが大事なんだって」%K%P
「でも、今は違うんだ。自分以外の誰かのために頑張れることが大事なんだって」%K%P
「いずみさん……」%K%P
「いずみさん……」%K%P
「千影さんに守ってもらえる人は幸せだね」%K%P
「千影さんに守ってもらえる人は幸せだね」%K%P
状況に流されたとはいえ、こんな人に守りたいと言われたんだよな。%K%P
状況に流されたとはいえ、こんな人に守りたいと言われたんだよな。%K%P
とても嬉しいことだ。%K%P
とても嬉しいことだ。%K%P
僕は状況に流されてなんかいない。%K%P
僕は状況に流されてなんかいない。%K%P
けど、余計な混乱は避けたかったので、言わないでおいた。%K%P
けど、余計な混乱は避けたかったので、言わないでおいた。%K%P
僕が千影さんに守ってもらいたいと思っていることを。%K%P
僕が千影さんに守ってもらいたいと思っていることを。%K%P
千影さんには奏さんがいるんだから。%K%P
千影さんには奏さんがいるんだから。%K%P
話が終わると千影さんは再び練習を再開した。%K%P
話が終わると千影さんは再び練習を再開した。%K%P
それを変わらず見学する僕だが、心なしか、先ほどより剣のキレがなくなっているように見えた。%K%P
それを変わらず見学する僕だが、心なしか、先ほどより剣のキレがなくなっているように見えた。%K%P
疲れのせいなのかそれとも……。%K%P
疲れのせいなのかそれとも……。%K%P
もうすぐ、{騎士:ワルキュリア}を選出する日がくる。%K%P
もうすぐ、{騎士:ワルキュリア}を選出する日がくる。%K%P
僕は……。%K%P
僕は……。%K%P
誰に守ってもらうんだろう……。%K%P
誰に守ってもらうんだろう……。%K%P
いや……。%K%P
いや……。%K%P
誰に守ってもらいたいんだろう……。%K%P
誰に守ってもらいたいんだろう……。%K%P
そして、その日はやってきた。%K%P
そして、その日はやってきた。%K%P
{歌姫:ディーバ}を守る{騎士:ワルキュリア}を選出する日だ。%K%P
{歌姫:ディーバ}を守る{騎士:ワルキュリア}を選出する日だ。%K%P
「これから{歌姫:ディーバ}に{騎士:ワルキュリア}を選んでもらいます。{歌姫:ディーバ}のおふたりは前に来てください」%K%P
「これから{歌姫:ディーバ}に{騎士:ワルキュリア}を選んでもらいます。{歌姫:ディーバ}のおふたりは前に来てください」%K%P
「はい」%K%P
「はい」%K%P
学生達が見守る中、{歌姫:ディーバ}と{騎士:ワルキュリア}が壇上に立ち選出をおこなっていく。%K%P
学生達が見守る中、{歌姫:ディーバ}と{騎士:ワルキュリア}が壇上に立ち選出をおこなっていく。%K%P
深皇祭実行委員が進行する中、いよいよチーム分けが始まる。%K%P
深皇祭実行委員が進行する中、いよいよチーム分けが始まる。%K%P
{騎士:ワルキュリア}のみんなは、もっと緊張しているかと思ったけど、意外とリラックスしているみたいだ。%K%P
{騎士:ワルキュリア}のみんなは、もっと緊張しているかと思ったけど、意外とリラックスしているみたいだ。%K%P
誰がどちらの{騎士:ワルキュリア}につくか、なんとなく予想ができているんだろう。%K%P
誰がどちらの{騎士:ワルキュリア}につくか、なんとなく予想ができているんだろう。%K%P
ただ、リーダー候補のふたりはやはり少しは緊張しているようだった。%K%P
ただ、リーダー候補のふたりはやはり少しは緊張しているようだった。%K%P
「あなた達を守る{騎士:ワルキュリア}だけど――」%K%P
「あなた達を守る{騎士:ワルキュリア}だけど――」%K%P
「お話中すみません、ひとつよろしいでしょうか？」%K%P
「お話中すみません、ひとつよろしいでしょうか？」%K%P
「なにかしら？」%K%P
「なにかしら？」%K%P
「私は千影をリーダーに指名しようと思っていたのですが……」%K%P
「私は千影をリーダーに指名しようと思っていたのですが……」%K%P
「それがどうかしたのかしら？」%K%P
「それがどうかしたのかしら？」%K%P
「それを、取り消そうと思います」%K%P
「それを、取り消そうと思います」%K%P
「えっ！？」%K%P
「えっ！？」%K%P
奏さんの言葉にここにいたみんなが驚愕していた。%K%P
奏さんの言葉にここにいたみんなが驚愕していた。%K%P
僕もすぐに奏さんの言ったことを理解できなかったし。%K%P
僕もすぐに奏さんの言ったことを理解できなかったし。%K%P
奏さんが千影さんを自分の{騎士:ワルキュリア}に指名しないだって？%K%P
奏さんが千影さんを自分の{騎士:ワルキュリア}に指名しないだって？%K%P
「千影はいずみさんの{騎士:ワルキュリア}こそが相応しい。そう思ったまでです」%K%P
「千影はいずみさんの{騎士:ワルキュリア}こそが相応しい。そう思ったまでです」%K%P
「か、奏……」%K%P
「か、奏……」%K%P
「いずみさんはどうなのかしら？」%K%P
「いずみさんはどうなのかしら？」%K%P
「あ、えっと……」%K%P
「あ、えっと……」%K%P
いきなり話を振られて戸惑ってしまった。%K%P
いきなり話を振られて戸惑ってしまった。%K%P
僕はすぐに気持ちを落ち着け、自分の気持ちを素直に伝える。%K%P
僕はすぐに気持ちを落ち着け、自分の気持ちを素直に伝える。%K%P
「千影さんを私の{騎士:ワルキュリア}に指名したいです」%K%P
「千影さんを私の{騎士:ワルキュリア}に指名したいです」%K%P
「い、いずみさん！？」%K%P
「い、いずみさん！？」%K%P
「千影さん、私の{騎士:ワルキュリア}になってくれますか？」%K%P
「千影さん、私の{騎士:ワルキュリア}になってくれますか？」%K%P
僕は卑怯かもしれない。%K%P
僕は卑怯かもしれない。%K%P
この状況でこんなことを言ったら……。%K%P
この状況でこんなことを言ったら……。%K%P
「……はい」%K%P
「……はい」%K%P
断れるわけないじゃないか。%K%P
断れるわけないじゃないか。%K%P
でも、千影さんに守ってもらいたい。これは僕の本心だ。%K%P
でも、千影さんに守ってもらいたい。これは僕の本心だ。%K%P
その後のことは千影さんが気になってよく覚えていなかった。%K%P
その後のことは千影さんが気になってよく覚えていなかった。%K%P
覚えているのは、僕を守る{騎士:ワルキュリア}は千影さんと楓さんと夕陽ちゃんということくらいだ。%K%P
覚えているのは、僕を守る{騎士:ワルキュリア}は千影さんと楓さんと夕陽ちゃんということくらいだ。%K%P
僕は千影さんに守ってもらえるような人間なのだろうか？%K%P
僕は千影さんに守ってもらえるような人間なのだろうか？%K%P
それだけを考えていた。%K%P
それだけを考えていた。%K%P
