「んちゅ、ちゅ……んぅ」%K%P
「んちゅ、ちゅ……んぅ」%K%P
「んぅ……ちゅぅ……ぷはぁ……はぁ、はぁ、はぁ」%K%P
「んぅ……ちゅぅ……ぷはぁ……はぁ、はぁ、はぁ」%K%P
唇を離す。二人の間に、透明な糸のような橋がかかる。%K%P
唇を離す。二人の間に、透明な糸のような橋がかかる。%K%P
ことりちゃんのふわっとした柔らかさと、女の子の匂いが、僕を興奮させる。%K%P
ことりちゃんのふわっとした柔らかさと、女の子の匂いが、僕を興奮させる。%K%P
「んん……あ、ごめん、これは、自然現象っていうか、本能っていうのか……」%K%P
「んん……あ、ごめん、これは、自然現象っていうか、本能っていうのか……」%K%P
「えっと……あ、そ、そうなんですね……あぅぅ」%K%P
「えっと……あ、そ、そうなんですね……あぅぅ」%K%P
ことりちゃんの視線が、制服を突き上げている、僕のモノに注がれる。%K%P
ことりちゃんの視線が、制服を突き上げている、僕のモノに注がれる。%K%P
僕は恥ずかしさから身じろぎをする。%K%P
僕は恥ずかしさから身じろぎをする。%K%P
下着を通して、柔らかな衣装が、敏感な部分を擦り上げた。%K%P
下着を通して、柔らかな衣装が、敏感な部分を擦り上げた。%K%P
「んくっ」%K%P
「んくっ」%K%P
「に、兄様？　大丈夫ですか？　あうぅ、苦しそう。ど、どうしたら……」%K%P
「に、兄様？　大丈夫ですか？　あうぅ、苦しそう。ど、どうしたら……」%K%P
おろおろと視線を巡らすことりちゃん。{騎士:ワルキュリア}としては成長してきたけれど、こういったところは、以前のままだ。%K%P
おろおろと視線を巡らすことりちゃん。{騎士:ワルキュリア}としては成長してきたけれど、こういったところは、以前のままだ。%K%P
「えっと、えっと……兄様、とりあえず、締め付けている物、取りましょうか」%K%P
「えっと、えっと……兄様、とりあえず、締め付けている物、取りましょうか」%K%P
ことりちゃんが恥ずかしげに頬を染めながら言う。%K%P
ことりちゃんが恥ずかしげに頬を染めながら言う。%K%P
そして、僕を床に座らせると、体を寄せてきた。%K%P
そして、僕を床に座らせると、体を寄せてきた。%K%P
「私に任せて下さいね……それでは失礼して……んしょ、んしょっと」%K%P
「私に任せて下さいね……それでは失礼して……んしょ、んしょっと」%K%P
「えっ？　あ、ことりちゃん、んんぅ……くぅ……そんな、大胆な」%K%P
「えっ？　あ、ことりちゃん、んんぅ……くぅ……そんな、大胆な」%K%P
細く白い指が、僕の衣装をまくり上げ、下着に触れる。%K%P
細く白い指が、僕の衣装をまくり上げ、下着に触れる。%K%P
指先が下着の上から、僕のモノを擦る。%K%P
指先が下着の上から、僕のモノを擦る。%K%P
「くぅ！　ゆび、触れて、るぅ……んぅ」%K%P
「くぅ！　ゆび、触れて、るぅ……んぅ」%K%P
「つ、辛いんですね？　も、もうちょっと待ってて下さい、直ぐに」%K%P
「つ、辛いんですね？　も、もうちょっと待ってて下さい、直ぐに」%K%P
「んん！　そ、そんな、つかまない、で……んぅう……んくぅ」%K%P
「んん！　そ、そんな、つかまない、で……んぅう……んくぅ」%K%P
鎧をつけたままのせいなのか、僕のを上手く取り出せないらしい。%K%P
鎧をつけたままのせいなのか、僕のを上手く取り出せないらしい。%K%P
柔らかな指と、硬質な甲冑の素材が交互に触れる。%K%P
柔らかな指と、硬質な甲冑の素材が交互に触れる。%K%P
「うぅ～、その、兄様の、引っかかってて…………え、し、下着に……うわぁ……」%K%P
「うぅ～、その、兄様の、引っかかってて…………え、し、下着に……うわぁ……」%K%P
「下着に？　あ、あぁ！　そ、それは……その、なんていうか、んぅ……先走ってしまうというか」%K%P
「下着に？　あ、あぁ！　そ、それは……その、なんていうか、んぅ……先走ってしまうというか」%K%P
下着に恥ずかしい染みが拡がっていく。%K%P
下着に恥ずかしい染みが拡がっていく。%K%P
「これって……気持ちいいからですか？」%K%P
「これって……気持ちいいからですか？」%K%P
「あ、うん……多分。この前のことりちゃんみたいな感じ」%K%P
「あ、うん……多分。この前のことりちゃんみたいな感じ」%K%P
「あ、あれは……やだ、ヘンなこと、思い出させないで下さい」%K%P
「あ、あれは……やだ、ヘンなこと、思い出させないで下さい」%K%P
熟れたトマトの様に赤くなることりちゃん。%K%P
熟れたトマトの様に赤くなることりちゃん。%K%P
確かに、これは恥ずかしいよね……ことりちゃんの気持ちが分かったよ。%K%P
確かに、これは恥ずかしいよね……ことりちゃんの気持ちが分かったよ。%K%P
「と、とにかく……出しますから……んしょ……んしょ」%K%P
「と、とにかく……出しますから……んしょ……んしょ」%K%P
「あ、うん……んく…………んぁん！」%K%P
「あ、うん……んく…………んぁん！」%K%P
「で、出ましたっ、兄様、出ましたよ！」%K%P
「で、出ましたっ、兄様、出ましたよ！」%K%P
「う、うん……んくっ、嬉しいのはわかるけど……んぅ、その……」%K%P
「う、うん……んくっ、嬉しいのはわかるけど……んぅ、その……」%K%P
「あぅ、ご、ゴメンなさい。やっと出たから……」%K%P
「あぅ、ご、ゴメンなさい。やっと出たから……」%K%P
恥ずかしさからか黙り込むことりちゃん。%K%P
恥ずかしさからか黙り込むことりちゃん。%K%P
けれども、その視線は僕のモノに向けられたまま。%K%P
けれども、その視線は僕のモノに向けられたまま。%K%P
二人の呼吸が段々と荒くなっていく。%K%P
二人の呼吸が段々と荒くなっていく。%K%P
「ち、近くで見ると……凄いです……ピクピクしてますね」%K%P
「ち、近くで見ると……凄いです……ピクピクしてますね」%K%P
「兄様、普段は、どうしてるんですか？　その、普通の下着じゃ収まらないような……」%K%P
「兄様、普段は、どうしてるんですか？　その、普通の下着じゃ収まらないような……」%K%P
「えと、普段は、こんなにならないから。その、もっと小さいっていうか、萎んでるっていうか」%K%P
「えと、普段は、こんなにならないから。その、もっと小さいっていうか、萎んでるっていうか」%K%P
うう、女の子に自分のモノの説明するなんて。%K%P
うう、女の子に自分のモノの説明するなんて。%K%P
「スカートをはいてても、目立たないでしょ？」%K%P
「スカートをはいてても、目立たないでしょ？」%K%P
「あ、確かに……こんなになっていたら、目立っちゃいますものね。そうなんだ、大きくなるんだ……不思議です」%K%P
「あ、確かに……こんなになっていたら、目立っちゃいますものね。そうなんだ、大きくなるんだ……不思議です」%K%P
「えっと、ことりちゃんの、おっぱいの先も、大きくなるでしょ？　多分あれと同じなんじゃないかな」%K%P
「えっと、ことりちゃんの、おっぱいの先も、大きくなるでしょ？　多分あれと同じなんじゃないかな」%K%P
「あぅ！？　うぅ…………そ、そうですね……そう言われると、分かりやすいかもです」%K%P
「あぅ！？　うぅ…………そ、そうですね……そう言われると、分かりやすいかもです」%K%P
構造自体は違うんだろうけど、その、興奮すると大きくなるってのは同じだと思うし。%K%P
構造自体は違うんだろうけど、その、興奮すると大きくなるってのは同じだと思うし。%K%P
デリカシーが無かったかな？　でも、一番分かりやすいと思う。%K%P
デリカシーが無かったかな？　でも、一番分かりやすいと思う。%K%P
「あの……兄様のこれ、触ってもいいですか？」%K%P
「あの……兄様のこれ、触ってもいいですか？」%K%P
「……うぅ、い、いいけど…………んぅっ！？」%K%P
「……うぅ、い、いいけど…………んぅっ！？」%K%P
おずおずと伸された手が、棒状の部分に触れる。%K%P
おずおずと伸された手が、棒状の部分に触れる。%K%P
ピリッと甘い痺れが体中に拡がる。%K%P
ピリッと甘い痺れが体中に拡がる。%K%P
「熱くて……凄く硬い……まるで棒みたいです」%K%P
「熱くて……凄く硬い……まるで棒みたいです」%K%P
「これが、わ、私の中に入っちゃったんですね……こんなに大きいのに」%K%P
「これが、わ、私の中に入っちゃったんですね……こんなに大きいのに」%K%P
「い、痛かったよね？　あの時は、ゴメンね」%K%P
「い、痛かったよね？　あの時は、ゴメンね」%K%P
「いいんです。私、兄様だったら、どんなことでも平気なんです」%K%P
「いいんです。私、兄様だったら、どんなことでも平気なんです」%K%P
「だから、遠慮とかしないでくださいね」%K%P
「だから、遠慮とかしないでくださいね」%K%P
潤んだ瞳で微笑み掛けることりちゃん。%K%P
潤んだ瞳で微笑み掛けることりちゃん。%K%P
僕はトンデモ無い幸せ者かもしれない。%K%P
僕はトンデモ無い幸せ者かもしれない。%K%P
「ことりちゃん……僕、嬉しいよ……んくっ」%K%P
「ことりちゃん……僕、嬉しいよ……んくっ」%K%P
「兄様の、びくってしました。あの、どうして欲しいですか？　どうしたら、楽になりますか？」%K%P
「兄様の、びくってしました。あの、どうして欲しいですか？　どうしたら、楽になりますか？」%K%P
「……それじゃ……さすって欲しい……そう、上下に」%K%P
「……それじゃ……さすって欲しい……そう、上下に」%K%P
ぎこちなく手を動かし始める。%K%P
ぎこちなく手を動かし始める。%K%P
ギシギシと鎧が軋み音を上げる。%K%P
ギシギシと鎧が軋み音を上げる。%K%P
「んくぅ……んあぅ」%K%P
「んくぅ……んあぅ」%K%P
「ど、どうですか、兄様？　こんな感じで大丈夫ですか？」%K%P
「ど、どうですか、兄様？　こんな感じで大丈夫ですか？」%K%P
「う、うん……も、もうちょっと大きく…………んくぅ」%K%P
「う、うん……も、もうちょっと大きく…………んくぅ」%K%P
棒の部分を前後からはさみ込むように、指を添えている。%K%P
棒の部分を前後からはさみ込むように、指を添えている。%K%P
親指が裏の膨らんだ部分を刺激して……気持ち良さに声が出てしまう。%K%P
親指が裏の膨らんだ部分を刺激して……気持ち良さに声が出てしまう。%K%P
「あぅんっ！　い、いいよ、ことりちゃん」%K%P
「あぅんっ！　い、いいよ、ことりちゃん」%K%P
「あ、はい。もっと、気持ち良くなってくださいね……んしょ、んしょ」%K%P
「あ、はい。もっと、気持ち良くなってくださいね……んしょ、んしょ」%K%P
ことりちゃんの髪が僕の体に触れる。%K%P
ことりちゃんの髪が僕の体に触れる。%K%P
柔らかな髪が、繊細な刺激を与えてくる。%K%P
柔らかな髪が、繊細な刺激を与えてくる。%K%P
「兄様の、先から、どんどんお汁が溢れてきます……はぁはぁ……」%K%P
「兄様の、先から、どんどんお汁が溢れてきます……はぁはぁ……」%K%P
「き、気持ちいいから……ことりちゃんの指が……んぅ」%K%P
「き、気持ちいいから……ことりちゃんの指が……んぅ」%K%P
「えへ、嬉しいかも……お汁で、兄様のも、私の手もびちょびちょです」%K%P
「えへ、嬉しいかも……お汁で、兄様のも、私の手もびちょびちょです」%K%P
「はぁはぁ……匂いがする……兄様の匂い……頭がくらくらします」%K%P
「はぁはぁ……匂いがする……兄様の匂い……頭がくらくらします」%K%P
小さな鼻をうごめかせ、僕のモノを嗅ぐ。%K%P
小さな鼻をうごめかせ、僕のモノを嗅ぐ。%K%P
あのことりちゃんがこんな事をするなんて……僕のモノが更に硬く、大きくなる。%K%P
あのことりちゃんがこんな事をするなんて……僕のモノが更に硬く、大きくなる。%K%P
「んんぅ、また大きくなった……熱くて、硬い、兄様の……はぁはぁ……すごくえっちです」%K%P
「んんぅ、また大きくなった……熱くて、硬い、兄様の……はぁはぁ……すごくえっちです」%K%P
「だ、だって……ことりちゃんの、手が……くちゅくちゅして……んあ」%K%P
「だ、だって……ことりちゃんの、手が……くちゅくちゅして……んあ」%K%P
「んんしょ、んんしょ……もっと、もっとお汁出して下さい。ことりの手、濡らして下さい」%K%P
「んんしょ、んんしょ……もっと、もっとお汁出して下さい。ことりの手、濡らして下さい」%K%P
ことりちゃんの指づかいが激しくなっていく。%K%P
ことりちゃんの指づかいが激しくなっていく。%K%P
こんなにされたら……もういっちゃいそうだよ。%K%P
こんなにされたら……もういっちゃいそうだよ。%K%P
「んぅ、んんぅうん！　うぅ、ことりちゃん、僕、だめだっ」%K%P
「んぅ、んんぅうん！　うぅ、ことりちゃん、僕、だめだっ」%K%P
「擦られたら……い、いっちゃう、恥ずかしいの出ちゃうからっ」%K%P
「擦られたら……い、いっちゃう、恥ずかしいの出ちゃうからっ」%K%P
「はぁはぁ……だ、出して下さい、兄様っ」%K%P
「はぁはぁ……だ、出して下さい、兄様っ」%K%P
「ことりの手で、いっちゃって下さいっ。んんっ、んんっ」%K%P
「ことりの手で、いっちゃって下さいっ。んんっ、んんっ」%K%P
女の子の匂いと男性の匂いが混じり合い、道場に拡がっていく。%K%P
女の子の匂いと男性の匂いが混じり合い、道場に拡がっていく。%K%P
神聖なはずのこの場所で、僕らはみだらな行為に浸っている……そのギャップがエッチな気分を加速させていく。%K%P
神聖なはずのこの場所で、僕らはみだらな行為に浸っている……そのギャップがエッチな気分を加速させていく。%K%P
「んあ、やあぅ、こ、ことりちゃんの手で……んぅう、僕、いっちゃう！」%K%P
「んあ、やあぅ、こ、ことりちゃんの手で……んぅう、僕、いっちゃう！」%K%P
「んん、んんぅ……兄様の、プクって膨らんできました。んん……いって、いってくださいっ」%K%P
「んん、んんぅ……兄様の、プクって膨らんできました。んん……いって、いってくださいっ」%K%P
ぞくぞくと耐え難いような快感が、体の奥からわきあがっくる。%K%P
ぞくぞくと耐え難いような快感が、体の奥からわきあがっくる。%K%P
イキたい、ことりちゃんに、イカされてしまいたい。%K%P
イキたい、ことりちゃんに、イカされてしまいたい。%K%P
「ああぅうう、も、もう、がまん、できないっ！」%K%P
「ああぅうう、も、もう、がまん、できないっ！」%K%P
「んぅ、んぅ、んぅっ！　…………んきゃああああん！」%K%P
「んぅ、んぅ、んぅっ！　…………んきゃああああん！」%K%P
濁った水音と共に、熱い液体が、僕のモノから噴きだす。%K%P
濁った水音と共に、熱い液体が、僕のモノから噴きだす。%K%P
栗の花のような匂いが辺りに立ちこめる。%K%P
栗の花のような匂いが辺りに立ちこめる。%K%P
「んっくぅ！　んぅ……あう……」%K%P
「んっくぅ！　んぅ……あう……」%K%P
「はぁはぁはぁ……兄様…………んんぅ……すごい、ドロドロ……」%K%P
「はぁはぁはぁ……兄様…………んんぅ……すごい、ドロドロ……」%K%P
「はぁはぁはぁ……あ、ことりちゃん、ご、ごめん、汚しちゃった」%K%P
「はぁはぁはぁ……あ、ことりちゃん、ご、ごめん、汚しちゃった」%K%P
「はぁ、はぁ……い、いいんです。だって、兄様は私の手で気持ち良くなってくれたんですし」%K%P
「はぁ、はぁ……い、いいんです。だって、兄様は私の手で気持ち良くなってくれたんですし」%K%P
「この液、すごいベタベタします……これが、兄様の……なんですね」%K%P
「この液、すごいベタベタします……これが、兄様の……なんですね」%K%P
泣いているような、笑っているような表情で呟くことりちゃん。%K%P
泣いているような、笑っているような表情で呟くことりちゃん。%K%P
形のいい頬を伝わり、濁った液体がピンク色の唇に達する。%K%P
形のいい頬を伝わり、濁った液体がピンク色の唇に達する。%K%P
「あん……付いてしまいました……んん、あむっ」%K%P
「あん……付いてしまいました……んん、あむっ」%K%P
「だ、だめ、そんな……口になんて」%K%P
「だ、だめ、そんな……口になんて」%K%P
僕の液がことりちゃんの唇の隙間から忍び込む。%K%P
僕の液がことりちゃんの唇の隙間から忍び込む。%K%P
「んん……あまり、美味しくないですね……でも……」%K%P
「んん……あまり、美味しくないですね……でも……」%K%P
「これが、兄様の味なんですね……えへへ」%K%P
「これが、兄様の味なんですね……えへへ」%K%P
小さくて薄い舌が、僕のモノで汚されている。%K%P
小さくて薄い舌が、僕のモノで汚されている。%K%P
出したばかりの筈なのに、再び硬くなっていくのが分かった。%K%P
出したばかりの筈なのに、再び硬くなっていくのが分かった。%K%P
ことりちゃんを壁に押しつけ、僕らは体を重ねる。%K%P
ことりちゃんを壁に押しつけ、僕らは体を重ねる。%K%P
鎧を外された胸が露出している。%K%P
鎧を外された胸が露出している。%K%P
「はぁはぁ……やっぱり、恥ずかしいですね……慣れません」%K%P
「はぁはぁ……やっぱり、恥ずかしいですね……慣れません」%K%P
「ふふ、だってまだ二回目だよ……慣れたら困るよ」%K%P
「ふふ、だってまだ二回目だよ……慣れたら困るよ」%K%P
「えへ、そうですね……やだ、兄様ったら、私の……おっぱいばかり見ないで……」%K%P
「えへ、そうですね……やだ、兄様ったら、私の……おっぱいばかり見ないで……」%K%P
お風呂で、そしてこの間で見たといっても、やっぱりことりちゃんの体は綺麗で、そして魅力的で……%K%P
お風呂で、そしてこの間で見たといっても、やっぱりことりちゃんの体は綺麗で、そして魅力的で……%K%P
形のいい胸から視線を外すことが出来ない。%K%P
形のいい胸から視線を外すことが出来ない。%K%P
「ごめん……だって、綺麗なんだもん」%K%P
「ごめん……だって、綺麗なんだもん」%K%P
「あぅ……もう、褒めておけば、大丈夫って思ってないですよね？」%K%P
「あぅ……もう、褒めておけば、大丈夫って思ってないですよね？」%K%P
「そ、そんなこと思ってないけど…………んあっ、こ、ことりちゃん？」%K%P
「そ、そんなこと思ってないけど…………んあっ、こ、ことりちゃん？」%K%P
ことりちゃんが剥き出しの胸を押しつけてくる。%K%P
ことりちゃんが剥き出しの胸を押しつけてくる。%K%P
「んぅ……えっちな兄様のお胸に……タッチです……んんぅん」%K%P
「んぅ……えっちな兄様のお胸に……タッチです……んんぅん」%K%P
「あぅ、んぅ、柔らかいっ……んあぅん！」%K%P
「あぅ、んぅ、柔らかいっ……んあぅん！」%K%P
「やぁ、兄様、おっぱい触られて……気持ち良いんですか？　えへへ、声、可愛いです」%K%P
「やぁ、兄様、おっぱい触られて……気持ち良いんですか？　えへへ、声、可愛いです」%K%P
ことりちゃんの胸と、僕の胸が擦り合わされる。%K%P
ことりちゃんの胸と、僕の胸が擦り合わされる。%K%P
硬く立っていることりちゃんのソレが僕の乳首を刺激する。%K%P
硬く立っていることりちゃんのソレが僕の乳首を刺激する。%K%P
「んぅう、ことりちゃん、そんなに押しちゃ……あぅっ」%K%P
「んぅう、ことりちゃん、そんなに押しちゃ……あぅっ」%K%P
「だ、だって、兄様のおっぱい、きもち、いい、から……んんぅ、やだ、止まらない……んくぅん」%K%P
「だ、だって、兄様のおっぱい、きもち、いい、から……んんぅ、やだ、止まらない……んくぅん」%K%P
こぶりな胸が僕のソレに押しつけられて、自在に形を変える。%K%P
こぶりな胸が僕のソレに押しつけられて、自在に形を変える。%K%P
「んんぅ、くにゅくにゅ、いいの……んぅう、こんなことしたら、形、おかしくなっちゃうかも、なのに……」%K%P
「んんぅ、くにゅくにゅ、いいの……んぅう、こんなことしたら、形、おかしくなっちゃうかも、なのに……」%K%P
「んんぅ、柔らかくて、いいよぅ……兄様の、おっぱい、いいよぅ」%K%P
「んんぅ、柔らかくて、いいよぅ……兄様の、おっぱい、いいよぅ」%K%P
うわ言のように繰り返すことりちゃん。%K%P
うわ言のように繰り返すことりちゃん。%K%P
甘く湿った吐息が、僕の首筋を刺激する。%K%P
甘く湿った吐息が、僕の首筋を刺激する。%K%P
「兄様、ことり、よすぎて……はぁはぁ……もう、立ってられません……んぅう……さ、ささえて下さい……」%K%P
「兄様、ことり、よすぎて……はぁはぁ……もう、立ってられません……んぅう……さ、ささえて下さい……」%K%P
「うん、僕に寄りかかって……んぅ……そう、ことりちゃん」%K%P
「うん、僕に寄りかかって……んぅ……そう、ことりちゃん」%K%P
ぽかぽかと火照っていることりちゃんの体は、まるで子猫のように温かい。%K%P
ぽかぽかと火照っていることりちゃんの体は、まるで子猫のように温かい。%K%P
「んぅ……んあっ、う、動いたら……また……や、やだぁ……」%K%P
「んぅ……んあっ、う、動いたら……また……や、やだぁ……」%K%P
「姉様の衣装、汚れちゃう……私の、あぅ……えっちなお汁で……汚れちゃうよう」%K%P
「姉様の衣装、汚れちゃう……私の、あぅ……えっちなお汁で……汚れちゃうよう」%K%P
ことりちゃんが身じろぎする度に、股間から液体がこぼれ落ちる。%K%P
ことりちゃんが身じろぎする度に、股間から液体がこぼれ落ちる。%K%P
それは細い太ももを伝わり、脛を濡らし、靴下に染みを作る。%K%P
それは細い太ももを伝わり、脛を濡らし、靴下に染みを作る。%K%P
「はぁはぁ……大丈夫、これ、練習用だから……替えもあるし……でも、ことりちゃんのが、付いてたら……お守りになるかな？」%K%P
「はぁはぁ……大丈夫、これ、練習用だから……替えもあるし……でも、ことりちゃんのが、付いてたら……お守りになるかな？」%K%P
「ひぅっ、もぉ、ヘンなこと言わないで下さいよぉ……兄様、ヘンタイさんです……んぅ」%K%P
「ひぅっ、もぉ、ヘンなこと言わないで下さいよぉ……兄様、ヘンタイさんです……んぅ」%K%P
「ヘンタイだなんて、ひどいよ。ことりちゃんだって……こんなにしちゃってるのに」%K%P
「ヘンタイだなんて、ひどいよ。ことりちゃんだって……こんなにしちゃってるのに」%K%P
僕はことりちゃんの股間に手を伸す。%K%P
僕はことりちゃんの股間に手を伸す。%K%P
滑らかな丘を指先でなぞり、そのままワレメへと……%K%P
滑らかな丘を指先でなぞり、そのままワレメへと……%K%P
「きゃぅうん！　さ、さわさわされてるっ、んんぅ、やあぅ、そんなことされたら……止まらなくなっちゃうぅ」%K%P
「きゃぅうん！　さ、さわさわされてるっ、んんぅ、やあぅ、そんなことされたら……止まらなくなっちゃうぅ」%K%P
「くぅん！　こ、ことりの恥ずかしいところ、んぅ、さわっちゃ、め、なのにぃ……きゅぅううん」%K%P
「くぅん！　こ、ことりの恥ずかしいところ、んぅ、さわっちゃ、め、なのにぃ……きゅぅううん」%K%P
「後から後からあふれてくるよ、ことりちゃん」%K%P
「後から後からあふれてくるよ、ことりちゃん」%K%P
ワレメに指を入れて、ゆっくりと掻き回す。%K%P
ワレメに指を入れて、ゆっくりと掻き回す。%K%P
やっぱりソコはキツキツで、僕の指を咥えて離さない。%K%P
やっぱりソコはキツキツで、僕の指を咥えて離さない。%K%P
「やあぅうう、中、だめですぅ～、んんぅう、掻き回さないで……くぅううん、あそこ、ひりひりしちゃうからぁ」%K%P
「やあぅうう、中、だめですぅ～、んんぅう、掻き回さないで……くぅううん、あそこ、ひりひりしちゃうからぁ」%K%P
「ひりひりして、痛いの？　ごめん、もうやめる？」%K%P
「ひりひりして、痛いの？　ごめん、もうやめる？」%K%P
「えぅ！？　うぅうう、兄様ぁ、やめたら、やですぅ……ううう、はぁはぁはぁ……もっと……もっとください～」%K%P
「えぅ！？　うぅうう、兄様ぁ、やめたら、やですぅ……ううう、はぁはぁはぁ……もっと……もっとください～」%K%P
悲鳴のような声で僕にせがむことりちゃん。%K%P
悲鳴のような声で僕にせがむことりちゃん。%K%P
その声に、理性のタガが緩む。%K%P
その声に、理性のタガが緩む。%K%P
「兄様も……んん、ね、もう……ことり、びちょびちょですから……あの……」%K%P
「兄様も……んん、ね、もう……ことり、びちょびちょですから……あの……」%K%P
僕の胸に顔を沈めながら、ことりちゃんが呟く。%K%P
僕の胸に顔を沈めながら、ことりちゃんが呟く。%K%P
この華奢で小さな体に入りたい……僕のモノは、痛いほど硬く膨れていた。%K%P
この華奢で小さな体に入りたい……僕のモノは、痛いほど硬く膨れていた。%K%P
「入るからね……痛かったら、ガマンしないで言うんだよ？」%K%P
「入るからね……痛かったら、ガマンしないで言うんだよ？」%K%P
「は、はい……んんぅ」%K%P
「は、はい……んんぅ」%K%P
いきり立っている先端を、ことりちゃんの女の子の部分に当てる。%K%P
いきり立っている先端を、ことりちゃんの女の子の部分に当てる。%K%P
ヒクヒクとうごめくワレメは、僕のモノを迎え入れようとする。%K%P
ヒクヒクとうごめくワレメは、僕のモノを迎え入れようとする。%K%P
「んっくぅ！　触ってます……んぅう、兄様の、んぅう……いつぅ……んあぅ」%K%P
「んっくぅ！　触ってます……んぅう、兄様の、んぅう……いつぅ……んあぅ」%K%P
「やっぱり、きつい……んっ、痛い？」%K%P
「やっぱり、きつい……んっ、痛い？」%K%P
「はぁはぁ……ちょっと、だけです。この前より、はぁはぁはぁ……平気、です……」%K%P
「はぁはぁ……ちょっと、だけです。この前より、はぁはぁはぁ……平気、です……」%K%P
「んんぅ……じ、じらされるほうが、つらい、かもです兄様」%K%P
「んんぅ……じ、じらされるほうが、つらい、かもです兄様」%K%P
荒い呼吸をしながら、ことりちゃんが訴える。%K%P
荒い呼吸をしながら、ことりちゃんが訴える。%K%P
僕も入りたい……けど……%K%P
僕も入りたい……けど……%K%P
「いいから、来て下さい……はぁはぁはぁ……入って」%K%P
「いいから、来て下さい……はぁはぁはぁ……入って」%K%P
「……うん……んんくぅ」%K%P
「……うん……んんくぅ」%K%P
出来るだけゆっくりと……じわじわと体内に入り込んでいく。%K%P
出来るだけゆっくりと……じわじわと体内に入り込んでいく。%K%P
敏感な部分がことりちゃんの粘膜にはさみ込まれ、耐え難い快楽を感じる。%K%P
敏感な部分がことりちゃんの粘膜にはさみ込まれ、耐え難い快楽を感じる。%K%P
「……んん…………んぅううん……んぅうううう～～ん」%K%P
「……んん…………んぅううん……んぅうううう～～ん」%K%P
「はいって、きてるぅ……いぃいい、いた……んんぅうう…………んきゃああ～～～～～ん！」%K%P
「はいって、きてるぅ……いぃいい、いた……んんぅうう…………んきゃああ～～～～～ん！」%K%P
「くぅうう！」%K%P
「くぅうう！」%K%P
「あぁああああん！」%K%P
「あぁああああん！」%K%P
ことりちゃんの叫び声が鼓膜を振わせる。%K%P
ことりちゃんの叫び声が鼓膜を振わせる。%K%P
僕のモノが根本まで一気にくわえ込まれる。%K%P
僕のモノが根本まで一気にくわえ込まれる。%K%P
「んぅううう、んぅううううん……に、兄様ぁ、は、はいり、ましたか？」%K%P
「んぅううう、んぅううううん……に、兄様ぁ、は、はいり、ましたか？」%K%P
「うん、はぁはぁ……ごめん、一気に全部入っちゃった……うぅ、すごく、締め付けられるよ、ことりちゃん」%K%P
「うん、はぁはぁ……ごめん、一気に全部入っちゃった……うぅ、すごく、締め付けられるよ、ことりちゃん」%K%P
「はぁはぁはぁ……そ、その言いかた、すごく、えっち、です……んぅ、し、締めたくてじゃないんですよ？」%K%P
「はぁはぁはぁ……そ、その言いかた、すごく、えっち、です……んぅ、し、締めたくてじゃないんですよ？」%K%P
「兄様のが、大きいから……はぁはぁ……んつぅ」%K%P
「兄様のが、大きいから……はぁはぁ……んつぅ」%K%P
僕とことりちゃんの汗がこぼれ落ちる。%K%P
僕とことりちゃんの汗がこぼれ落ちる。%K%P
ソレは二人の繋がっている部分へと流れ込み、更に湿らせる。%K%P
ソレは二人の繋がっている部分へと流れ込み、更に湿らせる。%K%P
「んんぅ、下から突き上げられて……はぁはぁはぁ……私のが、割れちゃいそうです」%K%P
「んんぅ、下から突き上げられて……はぁはぁはぁ……私のが、割れちゃいそうです」%K%P
「兄様、んぅう、じっとしてると、つらい、です……んぅうう～～～ん」%K%P
「兄様、んぅう、じっとしてると、つらい、です……んぅうう～～～ん」%K%P
「ゆっくり動くからね……んん」%K%P
「ゆっくり動くからね……んん」%K%P
ことりちゃんを壁に押しつけ、腰を突き上げる。%K%P
ことりちゃんを壁に押しつけ、腰を突き上げる。%K%P
じゅ、じゅっと、粘っこい音が聞こえてくる。%K%P
じゅ、じゅっと、粘っこい音が聞こえてくる。%K%P
「んっきゅ、んっきゅ、んんきゅっ……んぅ、おなか、熱いですぅ……んぅう」%K%P
「んっきゅ、んっきゅ、んんきゅっ……んぅ、おなか、熱いですぅ……んぅう」%K%P
「兄様の、どんどん、はぁはぁ……おおきくなってる……んんぅ、ことりの、あそこ、あっ、あぁああん」%K%P
「兄様の、どんどん、はぁはぁ……おおきくなってる……んんぅ、ことりの、あそこ、あっ、あぁああん」%K%P
「ごめん、僕、気持ち良すぎて……んぅ……んちゅっ」%K%P
「ごめん、僕、気持ち良すぎて……んぅ……んちゅっ」%K%P
「やぅっ！　く、首筋、舐めてる……兄様の唇……んぅう、優しいよおぉ」%K%P
「やぅっ！　く、首筋、舐めてる……兄様の唇……んぅう、優しいよおぉ」%K%P
ミルクのような香りのする柔肌に唇を這わせる。%K%P
ミルクのような香りのする柔肌に唇を這わせる。%K%P
ボディソープの匂いに混じって、女の子の匂いがする。%K%P
ボディソープの匂いに混じって、女の子の匂いがする。%K%P
「あぅ、んんあぁうん、んくぅううん！　い、入り口のとこ、すごく、いいかも……です……んあぁあん」%K%P
「あぅ、んんあぁうん、んくぅううん！　い、入り口のとこ、すごく、いいかも……です……んあぁあん」%K%P
「ここ？　んんう、はぁはぁ……こっちかな」%K%P
「ここ？　んんう、はぁはぁ……こっちかな」%K%P
「ひぃいううん！　そ、そこ、ですぅ！　んぅうう、ぞくぞくって、ぞくぞくってするよぉお！」%K%P
「ひぃいううん！　そ、そこ、ですぅ！　んぅうう、ぞくぞくって、ぞくぞくってするよぉお！」%K%P
ことりちゃんの中を出入りする度に、快楽の度合いが増していく。%K%P
ことりちゃんの中を出入りする度に、快楽の度合いが増していく。%K%P
壁のツブツブが、先端を刺激して、声が出るほど気持ち良い。%K%P
壁のツブツブが、先端を刺激して、声が出るほど気持ち良い。%K%P
「んはぅう、兄様、怖いですぅ、はぁはぁはぁ……」%K%P
「んはぅう、兄様、怖いですぅ、はぁはぁはぁ……」%K%P
「こんなこと、知っちゃったら……元に、戻れないよぉ」%K%P
「こんなこと、知っちゃったら……元に、戻れないよぉ」%K%P
「はぁ、はぁ、ぼ、僕も……もう、ことりちゃんから、離れられないかも……んぅ、んんぅ」%K%P
「はぁ、はぁ、ぼ、僕も……もう、ことりちゃんから、離れられないかも……んぅ、んんぅ」%K%P
体が触れる度、声を聞く度に、愛おしさが増していく。%K%P
体が触れる度、声を聞く度に、愛おしさが増していく。%K%P
ずっと一緒にいたい、一つになってしまいたい。%K%P
ずっと一緒にいたい、一つになってしまいたい。%K%P
「んんぅ、んんぅ、は、離れないで、くださいっ、ことりから、離れないでっ」%K%P
「んんぅ、んんぅ、は、離れないで、くださいっ、ことりから、離れないでっ」%K%P
「ずっと、いて、くださいっ、私のなかに、私の、そばにっ」%K%P
「ずっと、いて、くださいっ、私のなかに、私の、そばにっ」%K%P
下腹部に熱が集まってくる……二度目の絶頂が近い。%K%P
下腹部に熱が集まってくる……二度目の絶頂が近い。%K%P
外に、出さないと……%K%P
外に、出さないと……%K%P
「んんぅ、んんくぅう……やぁあう！　兄様、ぬかない、でっ……いやですっ、そのままでっ」%K%P
「んんぅ、んんくぅう……やぁあう！　兄様、ぬかない、でっ……いやですっ、そのままでっ」%K%P
「んんく、んんく……で、でも、ことりちゃん」%K%P
「んんく、んんく……で、でも、ことりちゃん」%K%P
「兄様の物は、全部、欲しいんです！　だから、おねがいっ、んんんぅううう、きて、きてくださああいいいっ」%K%P
「兄様の物は、全部、欲しいんです！　だから、おねがいっ、んんんぅううう、きて、きてくださああいいいっ」%K%P
ことりちゃんが僕を抱きしめる。%K%P
ことりちゃんが僕を抱きしめる。%K%P
まるで独立した生き物のように、あそこが、モノを締め付ける。%K%P
まるで独立した生き物のように、あそこが、モノを締め付ける。%K%P
「んぅうううう！　い、いくよっ！　んんんぅううううん」%K%P
「んぅうううう！　い、いくよっ！　んんんぅううううん」%K%P
「きゃぅうううううううううううううんっ」%K%P
「きゃぅうううううううううううううんっ」%K%P
「に、にいさまのっ、にいさまの熱いのがっ、んくぅうう！　きてるよよぉお～～～～っ」%K%P
「に、にいさまのっ、にいさまの熱いのがっ、んくぅうう！　きてるよよぉお～～～～っ」%K%P
僕のモノは、ビクビクと震えながら、白い液体を吐き出している。%K%P
僕のモノは、ビクビクと震えながら、白い液体を吐き出している。%K%P
どこまでも続くような、射精感。%K%P
どこまでも続くような、射精感。%K%P
「んっくぅうう！」%K%P
「んっくぅうう！」%K%P
「んっは、んんはぁ、おなか、一杯になっちゃいそうです……んぅう」%K%P
「んっは、んんはぁ、おなか、一杯になっちゃいそうです……んぅう」%K%P
あふれ出た僕とことりちゃんの汁が床に染みを作る。%K%P
あふれ出た僕とことりちゃんの汁が床に染みを作る。%K%P
静まりかえった道場内には、二人の荒い呼吸だけが響く。%K%P
静まりかえった道場内には、二人の荒い呼吸だけが響く。%K%P
少しずつ、僕のモノが萎んでいく。%K%P
少しずつ、僕のモノが萎んでいく。%K%P
そして重力に従うように、抜け落ちた。%K%P
そして重力に従うように、抜け落ちた。%K%P
「んんあ……に、兄様のが…………んぁああんっ……」%K%P
「んんあ……に、兄様のが…………んぁああんっ……」%K%P
「はぁ、はぁ……抜けちゃいました……ちょっとだけ寂しいかもです」%K%P
「はぁ、はぁ……抜けちゃいました……ちょっとだけ寂しいかもです」%K%P
「ご、ごめんね……ちょっとだけ、休ませて……ことりちゃん……んぅ……」%K%P
「ご、ごめんね……ちょっとだけ、休ませて……ことりちゃん……んぅ……」%K%P
全身の脱力感に耐えきれず、寄りかかる。%K%P
全身の脱力感に耐えきれず、寄りかかる。%K%P
ことりちゃんが、そっと僕の体に手を添える。%K%P
ことりちゃんが、そっと僕の体に手を添える。%K%P
「はぁ、はぁ……いいですよ。えへ、兄様、なんだか、いまは弟みたいです……」%K%P
「はぁ、はぁ……いいですよ。えへ、兄様、なんだか、いまは弟みたいです……」%K%P
「がんばりましたね……えへへ……よしよし……」%K%P
「がんばりましたね……えへへ……よしよし……」%K%P
エッチな事をしているのも、いいけれど、こうして、くっついて撫でられているのも……いいかも知れない。%K%P
エッチな事をしているのも、いいけれど、こうして、くっついて撫でられているのも……いいかも知れない。%K%P
僕はことりちゃんの小さな体に身を預け、ここち良い疲労感に浸っていた。%K%P
僕はことりちゃんの小さな体に身を預け、ここち良い疲労感に浸っていた。%K%P
