「ハッ！　セィッ！」%K%P
「ハッ！　セィッ！」%K%P
「きゃぅ！」%K%P
「きゃぅ！」%K%P
「あ、綾香様っ！　こ、このぉ～～～！」%K%P
「あ、綾香様っ！　こ、このぉ～～～！」%K%P
「あは、夕陽ちゃん当らないよ、それじゃ」%K%P
「あは、夕陽ちゃん当らないよ、それじゃ」%K%P
綾香さんの剣を受け流し、夕陽ちゃんの矢を上体を反らして避ける。%K%P
綾香さんの剣を受け流し、夕陽ちゃんの矢を上体を反らして避ける。%K%P
二対一という数的な不利を全く感じさせない佳様。%K%P
二対一という数的な不利を全く感じさせない佳様。%K%P
「うーん、もう少しやれるかと思ったんだけどね。私の買いかぶりだったかな？」%K%P
「うーん、もう少しやれるかと思ったんだけどね。私の買いかぶりだったかな？」%K%P
「去年も似たようなシチュエーションになったけど……今回の方が楽かもぁ、あはは」%K%P
「去年も似たようなシチュエーションになったけど……今回の方が楽かもぁ、あはは」%K%P
「ほら綾香、剣先が下がってるよ、もう少し上げるんだ……こんな風にっ！」%K%P
「ほら綾香、剣先が下がってるよ、もう少し上げるんだ……こんな風にっ！」%K%P
「きゃうっ！」%K%P
「きゃうっ！」%K%P
体勢を立て直せないまま、剣を弾かれる綾香さん。悲痛な叫びが僕の所まで聞こえてくる。%K%P
体勢を立て直せないまま、剣を弾かれる綾香さん。悲痛な叫びが僕の所まで聞こえてくる。%K%P
「あ、綾香さんっ！　け、佳様、やり過ぎですっ」%K%P
「あ、綾香さんっ！　け、佳様、やり過ぎですっ」%K%P
「ん、そう？　楓と練習してる時だって、この位やるでしょ」%K%P
「ん、そう？　楓と練習してる時だって、この位やるでしょ」%K%P
「{歌姫:ディーバ}様はああ言ってるけど……どうする綾香、少し手加減しようか？」%K%P
「{歌姫:ディーバ}様はああ言ってるけど……どうする綾香、少し手加減しようか？」%K%P
「はぁはぁ……相変らずご冗談が過ぎますね。こんな晴れ舞台で佳様に稽古をつけてもらえるなんて、またとない機会じゃないですか」%K%P
「はぁはぁ……相変らずご冗談が過ぎますね。こんな晴れ舞台で佳様に稽古をつけてもらえるなんて、またとない機会じゃないですか」%K%P
「もっと全力で来て下さいよ。はぁはぁ……遅すぎて、眠くなります、ふふふ」%K%P
「もっと全力で来て下さいよ。はぁはぁ……遅すぎて、眠くなります、ふふふ」%K%P
大粒の雨が綾香さんを、みんなを濡らしていく。%K%P
大粒の雨が綾香さんを、みんなを濡らしていく。%K%P
けれど、濡れた前髪の隙間から覗く目から光は失われていなかった。%K%P
けれど、濡れた前髪の隙間から覗く目から光は失われていなかった。%K%P
「いいね、いいね。私、綾香のそういうところ、大好き」%K%P
「いいね、いいね。私、綾香のそういうところ、大好き」%K%P
「それじゃお言葉に甘えて……もうちょっと本気出しちゃおうかな……ハッ！」%K%P
「それじゃお言葉に甘えて……もうちょっと本気出しちゃおうかな……ハッ！」%K%P
佳様の目にもとまらぬ突きが綾香さんに迫る。%K%P
佳様の目にもとまらぬ突きが綾香さんに迫る。%K%P
「くっ！」%K%P
「くっ！」%K%P
それを剣をかざしなんとか受け流す綾香さん。%K%P
それを剣をかざしなんとか受け流す綾香さん。%K%P
「お、そうだ、剣を見るんじゃなくて、私の目を、体の動きを見るんだ。部分じゃなくて全体をね」%K%P
「お、そうだ、剣を見るんじゃなくて、私の目を、体の動きを見るんだ。部分じゃなくて全体をね」%K%P
「細かい動きだけじゃなくて、流れを把握するんだよ」%K%P
「細かい動きだけじゃなくて、流れを把握するんだよ」%K%P
「ご指導、ありがとうござい……ますっ！」%K%P
「ご指導、ありがとうござい……ますっ！」%K%P
綾香さんの剣と、佳様の剣がぶつかり合う。%K%P
綾香さんの剣と、佳様の剣がぶつかり合う。%K%P
今の攻撃はかなり鋭かった。%K%P
今の攻撃はかなり鋭かった。%K%P
「うん、斬るより刺す。払うより突く。動きは臨機応変に、ね」%K%P
「うん、斬るより刺す。払うより突く。動きは臨機応変に、ね」%K%P
「ほら、夕陽ちゃんも参加しなよ。ぼけっと見てると……このまま終わっちゃうよ？　ハッ！　ハアッ！」%K%P
「ほら、夕陽ちゃんも参加しなよ。ぼけっと見てると……このまま終わっちゃうよ？　ハッ！　ハアッ！」%K%P
「んんっ！」%K%P
「んんっ！」%K%P
右、左と剣を振り下ろす佳様。%K%P
右、左と剣を振り下ろす佳様。%K%P
なんの力みも見えないのに、その動きは残像が見えるほど速い。%K%P
なんの力みも見えないのに、その動きは残像が見えるほど速い。%K%P
「言われなくても……お、お助けしますっ」%K%P
「言われなくても……お、お助けしますっ」%K%P
夕陽ちゃんが綾香さんの攻撃とあわせるように矢を射る。%K%P
夕陽ちゃんが綾香さんの攻撃とあわせるように矢を射る。%K%P
夕陽ちゃんが正面から射った矢は、真っ直ぐに佳様に向う。%K%P
夕陽ちゃんが正面から射った矢は、真っ直ぐに佳様に向う。%K%P
佳様を貫くように見えたソレは……あっけなく切り落とされる。%K%P
佳様を貫くように見えたソレは……あっけなく切り落とされる。%K%P
「うっそ！？　なんでこの距離で飛んでくる矢を落とせるんですか～～～」%K%P
「うっそ！？　なんでこの距離で飛んでくる矢を落とせるんですか～～～」%K%P
「ダメダメ、なんの工夫もないよそれ。銃弾と違って矢はさ、正面は点といっても、横から見れば線なんだ」%K%P
「ダメダメ、なんの工夫もないよそれ。銃弾と違って矢はさ、正面は点といっても、横から見れば線なんだ」%K%P
「射る位置と、狙いが分っていれば、斬るのは案外簡単だよ」%K%P
「射る位置と、狙いが分っていれば、斬るのは案外簡単だよ」%K%P
……そんな歴史上の武芸の達人とかじゃないんですから……%K%P
……そんな歴史上の武芸の達人とかじゃないんですから……%K%P
「もっと綾香と連携して。今のままじゃ私には届かないよ！」%K%P
「もっと綾香と連携して。今のままじゃ私には届かないよ！」%K%P
「あぅっ！」%K%P
「あぅっ！」%K%P
佳様の迫力に気圧される夕陽ちゃん。戦いに参加していない僕にもその気当たりに怯んでしまいそうだ。%K%P
佳様の迫力に気圧される夕陽ちゃん。戦いに参加していない僕にもその気当たりに怯んでしまいそうだ。%K%P
「くっ！　夕陽ちゃん、コンビネーション！　これでっ」%K%P
「くっ！　夕陽ちゃん、コンビネーション！　これでっ」%K%P
綾香さんが指を二本立てて、ハンドサインを出す。%K%P
綾香さんが指を二本立てて、ハンドサインを出す。%K%P
弾かれたように夕陽ちゃんが走り出した。%K%P
弾かれたように夕陽ちゃんが走り出した。%K%P
「ふふ、そうだよ、工夫するんだ。一つの策が通用しなかったら、別の策。一人で駄目なら二人でだ」%K%P
「ふふ、そうだよ、工夫するんだ。一つの策が通用しなかったら、別の策。一人で駄目なら二人でだ」%K%P
動き回る二人を目で追うこともなく、悠然と構えている佳様。%K%P
動き回る二人を目で追うこともなく、悠然と構えている佳様。%K%P
その顔には、追いかけっこに夢中になっている、少年のような笑みが浮かんでいた。%K%P
その顔には、追いかけっこに夢中になっている、少年のような笑みが浮かんでいた。%K%P
「さあ、どう攻めてくるのかな？　遠慮しなくて良いからね。ほら、私の胸に飛び込んでおいでよ、ふふふ」%K%P
「さあ、どう攻めてくるのかな？　遠慮しなくて良いからね。ほら、私の胸に飛び込んでおいでよ、ふふふ」%K%P
「……喜んでっ！」%K%P
「……喜んでっ！」%K%P
ハンドサインを出す綾香さん。%K%P
ハンドサインを出す綾香さん。%K%P
夕陽ちゃんが再び正面から矢を射る……さっきと同じだ。%K%P
夕陽ちゃんが再び正面から矢を射る……さっきと同じだ。%K%P
「なんとかの一つ覚えだよ、それ……ハッ！」%K%P
「なんとかの一つ覚えだよ、それ……ハッ！」%K%P
佳様の剣が矢を弾くところまで同じ……駄目か……いや違う！%K%P
佳様の剣が矢を弾くところまで同じ……駄目か……いや違う！%K%P
まるで矢を追うように飛び込む綾香さん。そのまま最速の突きを繰り出す。%K%P
まるで矢を追うように飛び込む綾香さん。そのまま最速の突きを繰り出す。%K%P
「やぁ、やぁ、やぁあああっ」%K%P
「やぁ、やぁ、やぁあああっ」%K%P
その数、３連。%K%P
その数、３連。%K%P
「むぅっ！？」%K%P
「むぅっ！？」%K%P
二回目の突きまで弾いた佳様だったが、最後の突きは弾けず、かろうじて身を躱す。%K%P
二回目の突きまで弾いた佳様だったが、最後の突きは弾けず、かろうじて身を躱す。%K%P
今まで届かなかった綾香さんの剣が、佳様に肉薄しようとしていた。%K%P
今まで届かなかった綾香さんの剣が、佳様に肉薄しようとしていた。%K%P
「やるねっ！　けど……！？」%K%P
「やるねっ！　けど……！？」%K%P
「えええいぃいい！」%K%P
「えええいぃいい！」%K%P
矢をつがえていた夕陽ちゃん。指が弦を放す瞬間が、スローモーションのように見えた。%K%P
矢をつがえていた夕陽ちゃん。指が弦を放す瞬間が、スローモーションのように見えた。%K%P
「くぅううう！」%K%P
「くぅううう！」%K%P
気合いと共に、夕陽ちゃんの矢をはじく佳様。%K%P
気合いと共に、夕陽ちゃんの矢をはじく佳様。%K%P
無理な体勢からはじいたせいで、剣を持った手が上がり胴ががら空きになる。%K%P
無理な体勢からはじいたせいで、剣を持った手が上がり胴ががら空きになる。%K%P
「まだよっ！」%K%P
「まだよっ！」%K%P
「一本で駄目ならぁ、二本ですぅ～～～～～～！」%K%P
「一本で駄目ならぁ、二本ですぅ～～～～～～！」%K%P
間髪入れずに放たれた矢が、佳様に向って吸い込まれていく。%K%P
間髪入れずに放たれた矢が、佳様に向って吸い込まれていく。%K%P
綾香さんの渾身の力を込めた一撃も同時に迫る。%K%P
綾香さんの渾身の力を込めた一撃も同時に迫る。%K%P
雨粒をはじき飛ばし、風を切り裂き、矢が飛び、剣が煌めく。%K%P
雨粒をはじき飛ばし、風を切り裂き、矢が飛び、剣が煌めく。%K%P
完全に体勢を崩していた佳様、こんどこそ……%K%P
完全に体勢を崩していた佳様、こんどこそ……%K%P
「はぁああああ！」%K%P
「はぁああああ！」%K%P
瞬間―――%K%P
瞬間―――%K%P
「……え？　……んな…………」%K%P
「……え？　……んな…………」%K%P
目の前で起こったことが理解出来ない。%K%P
目の前で起こったことが理解出来ない。%K%P
佳様は体勢を崩していて、剣も弾かれていたから矢を払うにも間に合わないはずで。%K%P
佳様は体勢を崩していて、剣も弾かれていたから矢を払うにも間に合わないはずで。%K%P
とどめとばかりに綾香さんの剣もがら空きの胴に入ろうとしていた。%K%P
とどめとばかりに綾香さんの剣もがら空きの胴に入ろうとしていた。%K%P
けど、矢は当らなくて、何故か綾香さんは剣を取り落としていて。%K%P
けど、矢は当らなくて、何故か綾香さんは剣を取り落としていて。%K%P
凍り付いていたかのような場面が、軽い調子の声で動き出す。%K%P
凍り付いていたかのような場面が、軽い調子の声で動き出す。%K%P
「いたたたた……ふぅ～ふぅ～。あー、打ち身になっちゃうかなぁ～。うら若き乙女の肌に、傷が付いちゃうよ、あははは」%K%P
「いたたたた……ふぅ～ふぅ～。あー、打ち身になっちゃうかなぁ～。うら若き乙女の肌に、傷が付いちゃうよ、あははは」%K%P
「あれ、どうかした、みんな？　ほら、綾香もそんな格好じゃ、下着まで濡れちゃうよ？」%K%P
「あれ、どうかした、みんな？　ほら、綾香もそんな格好じゃ、下着まで濡れちゃうよ？」%K%P
「………えっ……どうして、私が？」%K%P
「………えっ……どうして、私が？」%K%P
綾香さんがふらふらと立ち上がる。ショックが抜けきらないのか、濡れたお尻を隠すこともしない。%K%P
綾香さんがふらふらと立ち上がる。ショックが抜けきらないのか、濡れたお尻を隠すこともしない。%K%P
「武器を落としたから負けだね。夕陽ちゃんはどうする？　まだやるならお相手するけど」%K%P
「武器を落としたから負けだね。夕陽ちゃんはどうする？　まだやるならお相手するけど」%K%P
「……矢、おわっちゃいました。私も、参りました……」%K%P
「……矢、おわっちゃいました。私も、参りました……」%K%P
夕陽ちゃんの声が震えている。雨に濡れたせいだけじゃないんだろうな。%K%P
夕陽ちゃんの声が震えている。雨に濡れたせいだけじゃないんだろうな。%K%P
「さっきの二人の攻撃、すっごく良かったよ、うん。去年より楽って言葉、取り消すよ」%K%P
「さっきの二人の攻撃、すっごく良かったよ、うん。去年より楽って言葉、取り消すよ」%K%P
「佳様……あの、一体なにが起こったんでしょうか。剣でガードするには、間に合わないタイミングでしたよね？」%K%P
「佳様……あの、一体なにが起こったんでしょうか。剣でガードするには、間に合わないタイミングでしたよね？」%K%P
「ん、そうだね。だからね、矢は手で弾いて、綾香の剣は、柄で上から強打した」%K%P
「ん、そうだね。だからね、矢は手で弾いて、綾香の剣は、柄で上から強打した」%K%P
「はぁ……手と、柄で、ですか？」%K%P
「はぁ……手と、柄で、ですか？」%K%P
「そそ。間に合わないなーって思ったから、矢はさっきの剣で弾いたのを手でやってみて、綾香の剣には戻す力で柄をぶつけてみた」%K%P
「そそ。間に合わないなーって思ったから、矢はさっきの剣で弾いたのを手でやってみて、綾香の剣には戻す力で柄をぶつけてみた」%K%P
「まぐれと奇跡が重なっちゃった。ふふ、凄いラッキーだよ」%K%P
「まぐれと奇跡が重なっちゃった。ふふ、凄いラッキーだよ」%K%P
……本当に運だけですか？　いや、佳様だもの……狙ってたんじゃ……%K%P
……本当に運だけですか？　いや、佳様だもの……狙ってたんじゃ……%K%P
「さて、これで残りは楓だけか……もっとも千影に倒されてなければだけど」%K%P
「さて、これで残りは楓だけか……もっとも千影に倒されてなければだけど」%K%P
「そうだ、楓さんは……」%K%P
「そうだ、楓さんは……」%K%P
歌を歌おうとして、息を吸い込み……躊躇する。%K%P
歌を歌おうとして、息を吸い込み……躊躇する。%K%P
今の楓では、佳様に敵わないんじゃないだろうか――負けてしまったら……彼女を傷つけることになるんじゃ……%K%P
今の楓では、佳様に敵わないんじゃないだろうか――負けてしまったら……彼女を傷つけることになるんじゃ……%K%P
「っと、いずみちゃん、その必要は無さそうだ。ほら、最後の{騎士:ワルキュリア}の登場だ」%K%P
「っと、いずみちゃん、その必要は無さそうだ。ほら、最後の{騎士:ワルキュリア}の登場だ」%K%P
びっと指で指し示す先に、濡れたポニーテールの少女がいた。%K%P
びっと指で指し示す先に、濡れたポニーテールの少女がいた。%K%P
「楓…………さん」%K%P
「楓…………さん」%K%P
「はぁはぁはぁ……お待たせ、みんな……………これは……」%K%P
「はぁはぁはぁ……お待たせ、みんな……………これは……」%K%P
「遅かったじゃないか、楓。その様子からすると、かなり苦戦したようだね」%K%P
「遅かったじゃないか、楓。その様子からすると、かなり苦戦したようだね」%K%P
「というか、よく千影に勝てたものだ……{今の:・・}キミで」%K%P
「というか、よく千影に勝てたものだ……{今の:・・}キミで」%K%P
「……ふん、余計なお世話だ」%K%P
「……ふん、余計なお世話だ」%K%P
艶やかな髪は濡れそぼり、整った顔にまで泥がついている。%K%P
艶やかな髪は濡れそぼり、整った顔にまで泥がついている。%K%P
普段は涼やかな目元には、疲労の跡が見える……楓、やっぱりショックから立ち直ってないんだ。%K%P
普段は涼やかな目元には、疲労の跡が見える……楓、やっぱりショックから立ち直ってないんだ。%K%P
「ごめんなさい、楓さん。佳様を止められなかった」%K%P
「ごめんなさい、楓さん。佳様を止められなかった」%K%P
「気にしないで。私の到着が遅れたのが悪かったから……それに……」%K%P
「気にしないで。私の到着が遅れたのが悪かったから……それに……」%K%P
「佳が手強いのは、誰よりも知っているから」%K%P
「佳が手強いのは、誰よりも知っているから」%K%P
刀の柄に手を掛けて腰を落とす。%K%P
刀の柄に手を掛けて腰を落とす。%K%P
「ふふ、やるんだね。構わないけど……んん、随分と焦っているね」%K%P
「ふふ、やるんだね。構わないけど……んん、随分と焦っているね」%K%P
「…………」%K%P
「…………」%K%P
「輝堂流は後の先の技だろう？　そんなに先走ってどうする？　ほら、キミの悪い癖だ」%K%P
「輝堂流は後の先の技だろう？　そんなに先走ってどうする？　ほら、キミの悪い癖だ」%K%P
「刀が届く前に、私の剣が貫くだろう。ソレが分らないキミでもあるまい」%K%P
「刀が届く前に、私の剣が貫くだろう。ソレが分らないキミでもあるまい」%K%P
「くっ……」%K%P
「くっ……」%K%P
ジリジリと距離を縮める楓。対照的に佳様は微動だにしない。%K%P
ジリジリと距離を縮める楓。対照的に佳様は微動だにしない。%K%P
「ふふ、警告はしたからね」%K%P
「ふふ、警告はしたからね」%K%P
「そうだ……キミと私の戦績、どんな感じだったかな」%K%P
「そうだ……キミと私の戦績、どんな感じだったかな」%K%P
「…………３５８戦中、３０勝３２敗２９６分け。ほぼ互角といったところ」%K%P
「…………３５８戦中、３０勝３２敗２９６分け。ほぼ互角といったところ」%K%P
「すごい、良く覚えてるね。たしかに、五分五分くらいだ…………{試し合い:ためしあい}なら」%K%P
「すごい、良く覚えてるね。たしかに、五分五分くらいだ…………{試し合い:ためしあい}なら」%K%P
「けど……{本気:・・}の勝負なら……キミは私に勝てはしないっ！」%K%P
「けど……{本気:・・}の勝負なら……キミは私に勝てはしないっ！」%K%P
「くはっ！」%K%P
「くはっ！」%K%P
まるで瞬間移動したかように、佳様が距離を詰める。%K%P
まるで瞬間移動したかように、佳様が距離を詰める。%K%P
横からなぎ倒すような一閃。%K%P
横からなぎ倒すような一閃。%K%P
反射的に抜刀した刀で、防ぐ楓。%K%P
反射的に抜刀した刀で、防ぐ楓。%K%P
「輝堂流は刀を合せないのだろう？　ほら、どうする？」%K%P
「輝堂流は刀を合せないのだろう？　ほら、どうする？」%K%P
「か、楓さんっ！」%K%P
「か、楓さんっ！」%K%P
「ぐぅうううっ！」%K%P
「ぐぅうううっ！」%K%P
続けざまの斬撃で、楓さんが押し込まれる。%K%P
続けざまの斬撃で、楓さんが押し込まれる。%K%P
攻撃を受ける度に、ギシッ、ギシと鎧が悲鳴を上げている。%K%P
攻撃を受ける度に、ギシッ、ギシと鎧が悲鳴を上げている。%K%P
駄目だ、一方的すぎる。なんとか体勢を立て直さないと。%K%P
駄目だ、一方的すぎる。なんとか体勢を立て直さないと。%K%P
このままじゃ、楓が。僕の……楓が……そんなの、いやだっ。%K%P
このままじゃ、楓が。僕の……楓が……そんなの、いやだっ。%K%P
「か、楓っ！　に、逃げてっ！」%K%P
「か、楓っ！　に、逃げてっ！」%K%P
「んっ？…………ふぅん」%K%P
「んっ？…………ふぅん」%K%P
「えっ！？　………………わ、分ったっ！」%K%P
「えっ！？　………………わ、分ったっ！」%K%P
「ふふ、{歌姫:ディーバ}と仲間を置き去りにして、尻尾を巻いて逃げるか……」%K%P
「ふふ、{歌姫:ディーバ}と仲間を置き去りにして、尻尾を巻いて逃げるか……」%K%P
「失敗をいつまでも引きずる、憶病な楓だったらそれもいいかもね」%K%P
「失敗をいつまでも引きずる、憶病な楓だったらそれもいいかもね」%K%P
「ち、違いますっ！　か、楓、さんはそんなんじゃ、ないっ」%K%P
「ち、違いますっ！　か、楓、さんはそんなんじゃ、ないっ」%K%P
「本当は凄く強くてっ、優しくて…………うくっ」%K%P
「本当は凄く強くてっ、優しくて…………うくっ」%K%P
「……ふふ、随分と楓のこと信じてるんだ。……わかった、本当の姿はどっちなのか……見に行こうよ」%K%P
「……ふふ、随分と楓のこと信じてるんだ。……わかった、本当の姿はどっちなのか……見に行こうよ」%K%P
「それとも、怖いかい？　本当の楓を知るのが」%K%P
「それとも、怖いかい？　本当の楓を知るのが」%K%P
怖くなんて、あるわけ……無い！%K%P
怖くなんて、あるわけ……無い！%K%P
僕は佳様の視線を正面から受け止めた。%K%P
僕は佳様の視線を正面から受け止めた。%K%P
