「おはようございます、いずみ様」%K%P
「おはようございます、いずみ様」%K%P
「あっ、お、おはよう、希実ちゃん」%K%P
「あっ、お、おはよう、希実ちゃん」%K%P
朝、着替えてラウンジに行くと、希実ちゃんのほうから声を掛けてきてくれた。%K%P
朝、着替えてラウンジに行くと、希実ちゃんのほうから声を掛けてきてくれた。%K%P
「おはよう、希実。今日は早いのね」%K%P
「おはよう、希実。今日は早いのね」%K%P
「うん。私、今日は日直だから」%K%P
「うん。私、今日は日直だから」%K%P
「あの、いずみ様。ひとつよろしいですか？」%K%P
「あの、いずみ様。ひとつよろしいですか？」%K%P
「私に？」%K%P
「私に？」%K%P
「はい。今日の放課後なんですが、お邪魔でなければ、音楽室に伺ってもよろしいでしょうか？」%K%P
「はい。今日の放課後なんですが、お邪魔でなければ、音楽室に伺ってもよろしいでしょうか？」%K%P
「いいけど、早速？」%K%P
「いいけど、早速？」%K%P
「はい。……急では、ご迷惑でしたか？」%K%P
「はい。……急では、ご迷惑でしたか？」%K%P
「ううん、そんなことないよ」%K%P
「ううん、そんなことないよ」%K%P
「良かった……。では、放課後に」%K%P
「良かった……。では、放課後に」%K%P
そう言って、希実ちゃんは寮を出て行った。%K%P
そう言って、希実ちゃんは寮を出て行った。%K%P
どうやら、僕にそれを伝えるためだけに、わざわざ待っていてくれたらしい。%K%P
どうやら、僕にそれを伝えるためだけに、わざわざ待っていてくれたらしい。%K%P
「希実とのぎくしゃくは解消したみたいね」%K%P
「希実とのぎくしゃくは解消したみたいね」%K%P
「うん。もう大丈夫だと思うよ」%K%P
「うん。もう大丈夫だと思うよ」%K%P
結局、僕が希実ちゃんに男だとバレてしまったことは、綾香さんや法子さんには打ち明けていない。%K%P
結局、僕が希実ちゃんに男だとバレてしまったことは、綾香さんや法子さんには打ち明けていない。%K%P
言おうかどうしようか迷ったけど、これ以上心配ごとを増やしたくない、と思ったからだ。%K%P
言おうかどうしようか迷ったけど、これ以上心配ごとを増やしたくない、と思ったからだ。%K%P
希実ちゃんもそれに賛成してくれたので、結局、昨日の一件は僕と希実ちゃんだけの秘密になった。%K%P
希実ちゃんもそれに賛成してくれたので、結局、昨日の一件は僕と希実ちゃんだけの秘密になった。%K%P
放課後になり音楽室に行ってみると、そこには奏さんの姿があった。%K%P
放課後になり音楽室に行ってみると、そこには奏さんの姿があった。%K%P
「ごきげんよう、奏さん」%K%P
「ごきげんよう、奏さん」%K%P
「ごきげんよう。いずみさんも歌の練習に？」%K%P
「ごきげんよう。いずみさんも歌の練習に？」%K%P
「うん。深皇祭まで、もうそんなに日もないし」%K%P
「うん。深皇祭まで、もうそんなに日もないし」%K%P
気付けば僕が編入してから２週間以上が過ぎているんだから、月日の流れって早い。%K%P
気付けば僕が編入してから２週間以上が過ぎているんだから、月日の流れって早い。%K%P
「いずみさん、もう{歌姫:ディーバ}の歌はほとんど覚えてしまいましたものね」%K%P
「いずみさん、もう{歌姫:ディーバ}の歌はほとんど覚えてしまいましたものね」%K%P
「本当に、覚えが早くてすごいですわ」%K%P
「本当に、覚えが早くてすごいですわ」%K%P
「それはきっと、楽曲が素敵だからだよ」%K%P
「それはきっと、楽曲が素敵だからだよ」%K%P
初めて譜面を法子さんから受けとったときの高揚感や、目を通したときの感動は、今でもよく覚えている。%K%P
初めて譜面を法子さんから受けとったときの高揚感や、目を通したときの感動は、今でもよく覚えている。%K%P
「せっかくの素敵な曲だから。少しでも、自分にできる最高の形で、表現したいな……って」%K%P
「せっかくの素敵な曲だから。少しでも、自分にできる最高の形で、表現したいな……って」%K%P
「ふふっ、そういう気持ちがあればこそ、あれだけの歌唱力が身につくのかも知れませんわね」%K%P
「ふふっ、そういう気持ちがあればこそ、あれだけの歌唱力が身につくのかも知れませんわね」%K%P
「そういう奏さんも、すごく上手だよ？」%K%P
「そういう奏さんも、すごく上手だよ？」%K%P
「くすっ。ありがとうございます、いずみさん」%K%P
「くすっ。ありがとうございます、いずみさん」%K%P
微笑む奏さんがいつものように柔らかな物腰で、なんというか、良い具合に気持ちがほぐれる。%K%P
微笑む奏さんがいつものように柔らかな物腰で、なんというか、良い具合に気持ちがほぐれる。%K%P
「そういえば奏さん、希実ちゃんの歌って、聞いたことある？」%K%P
「そういえば奏さん、希実ちゃんの歌って、聞いたことある？」%K%P
「ええ、もちろんです。希実さん、とても歌がお上手ですのよ。それこそ、私よりもずっと」%K%P
「ええ、もちろんです。希実さん、とても歌がお上手ですのよ。それこそ、私よりもずっと」%K%P
「奏さんよりも？」%K%P
「奏さんよりも？」%K%P
専門的なレッスンはほとんど受けたことがない、という奏さんだけど、その歌唱力は相当なものだ。%K%P
専門的なレッスンはほとんど受けたことがない、という奏さんだけど、その歌唱力は相当なものだ。%K%P
もともと謙遜するタイプだろうけど、それでも、奏さんがそこまで言うなんて。%K%P
もともと謙遜するタイプだろうけど、それでも、奏さんがそこまで言うなんて。%K%P
「希実さんの歌を楽しみにしている方も、たくさんいらっしゃったでしょうから……今回のことは、本当に残念でした」%K%P
「希実さんの歌を楽しみにしている方も、たくさんいらっしゃったでしょうから……今回のことは、本当に残念でした」%K%P
「あ、うん……」%K%P
「あ、うん……」%K%P
腫れ物にさわる、というわけではないだろうけど……希実ちゃんが{歌姫:ディーバ}を辞退した、という話が、僕のまわりで話題になることはない。%K%P
腫れ物にさわる、というわけではないだろうけど……希実ちゃんが{歌姫:ディーバ}を辞退した、という話が、僕のまわりで話題になることはない。%K%P
代役である僕に遠慮している……という部分もあるんだろうけど、それでも、その一端を聞けたのは、これが初めてかもしれなかった。%K%P
代役である僕に遠慮している……という部分もあるんだろうけど、それでも、その一端を聞けたのは、これが初めてかもしれなかった。%K%P
「でも、どうして急に希実さんのことを？」%K%P
「でも、どうして急に希実さんのことを？」%K%P
「ちょっと気になって。奏さんなら{歌姫:ディーバ}だし、知っているかもしれないと思ったから」%K%P
「ちょっと気になって。奏さんなら{歌姫:ディーバ}だし、知っているかもしれないと思ったから」%K%P
……って、そうだ。音楽室で練習するのは僕だけじゃないんだから、先に言っておかなくちゃ。%K%P
……って、そうだ。音楽室で練習するのは僕だけじゃないんだから、先に言っておかなくちゃ。%K%P
「実は今日、このあと希実ちゃんがここにくることになってるんだけど……構わないかな？」%K%P
「実は今日、このあと希実ちゃんがここにくることになってるんだけど……構わないかな？」%K%P
「ええ、もちろんですの」%K%P
「ええ、もちろんですの」%K%P
にこっと笑った奏さんと一緒に、僕は早速、歌の練習を始めた。%K%P
にこっと笑った奏さんと一緒に、僕は早速、歌の練習を始めた。%K%P
「では、私はそろそろ」%K%P
「では、私はそろそろ」%K%P
「あっ、うん。今日も一緒に練習してくれて、ありがとう、奏さん」%K%P
「あっ、うん。今日も一緒に練習してくれて、ありがとう、奏さん」%K%P
「いえ、こちらこそ」%K%P
「いえ、こちらこそ」%K%P
少し日が暮れ始めたころ、一緒に練習をしてくれた奏さんが、帰り支度を始めた。%K%P
少し日が暮れ始めたころ、一緒に練習をしてくれた奏さんが、帰り支度を始めた。%K%P
「でも、希実さん、いらっしゃいませんでしたね」%K%P
「でも、希実さん、いらっしゃいませんでしたね」%K%P
「うん……。ただ、今日は日直だっていう話だから、それでいろいろと忙しいのかも」%K%P
「うん……。ただ、今日は日直だっていう話だから、それでいろいろと忙しいのかも」%K%P
「いずみさんは、この後、どうなさいますの？」%K%P
「いずみさんは、この後、どうなさいますの？」%K%P
「待ってみるよ。あとは帰るだけだから」%K%P
「待ってみるよ。あとは帰るだけだから」%K%P
「では、希実さんによろしくお伝えください」%K%P
「では、希実さんによろしくお伝えください」%K%P
「うん。ごきげんよう、奏さん」%K%P
「うん。ごきげんよう、奏さん」%K%P
見送る僕に会釈して、奏さんが音楽室を出て行く。%K%P
見送る僕に会釈して、奏さんが音楽室を出て行く。%K%P
人が減ったのか、校内はもう静かになってきたけれど、窓の外からは、まだまだ学生の声が聞こえる。%K%P
人が減ったのか、校内はもう静かになってきたけれど、窓の外からは、まだまだ学生の声が聞こえる。%K%P
急ぎの用があるわけじゃないし、楽譜を眺めながら、のんびりと希実ちゃんを待つことに――――、%K%P
急ぎの用があるわけじゃないし、楽譜を眺めながら、のんびりと希実ちゃんを待つことに――――、%K%P
「おっ、遅れてすみません、いずみ様っ……」%K%P
「おっ、遅れてすみません、いずみ様っ……」%K%P
「の、希実ちゃん」%K%P
「の、希実ちゃん」%K%P
声に驚いて顔をあげると、そこには息を切らせた希実ちゃんが立っていたので、慌てて駆け寄る。%K%P
声に驚いて顔をあげると、そこには息を切らせた希実ちゃんが立っていたので、慌てて駆け寄る。%K%P
「ど、どうしたの？　大丈夫？」%K%P
「ど、どうしたの？　大丈夫？」%K%P
「は、はい、なんとか……っと、きゃっ」%K%P
「は、はい、なんとか……っと、きゃっ」%K%P
「わわっ」%K%P
「わわっ」%K%P
よろけた希実ちゃんを、思わず支えてしまう。%K%P
よろけた希実ちゃんを、思わず支えてしまう。%K%P
思っていた以上にその身体は華奢だけど、細いだけでなく、触れたときの柔らかさは女の子らしくて――――って、何考えてるんだ、僕はっ……。%K%P
思っていた以上にその身体は華奢だけど、細いだけでなく、触れたときの柔らかさは女の子らしくて――――って、何考えてるんだ、僕はっ……。%K%P
「ここまで走ってきたの？」%K%P
「ここまで走ってきたの？」%K%P
「は、はいっ……。すみません、いろいろとしていたら、すっかり遅くなってしまって……」%K%P
「は、はいっ……。すみません、いろいろとしていたら、すっかり遅くなってしまって……」%K%P
「気にしてないよ。希実ちゃん、今日は日直だったんでしょ？」%K%P
「気にしてないよ。希実ちゃん、今日は日直だったんでしょ？」%K%P
「それはそうなんですが、その、こういうときに限って、いろいろと頼まれたり、雑用が重なって……」%K%P
「それはそうなんですが、その、こういうときに限って、いろいろと頼まれたり、雑用が重なって……」%K%P
「私のほうからお願いしたのに、いずみ様をこんな遅い時間までお待たせしてしまうなんて……」%K%P
「私のほうからお願いしたのに、いずみ様をこんな遅い時間までお待たせしてしまうなんて……」%K%P
「本当に、申し訳ありませんっ……はあっ……」%K%P
「本当に、申し訳ありませんっ……はあっ……」%K%P
「う、うん。とりあえず座ろう？　ね？」%K%P
「う、うん。とりあえず座ろう？　ね？」%K%P
「は、はいっ……」%K%P
「は、はいっ……」%K%P
上気した頬や、肩で息をする希実ちゃんの荒れた呼吸が、なんだか妙に色っぽくて困ってしまう。%K%P
上気した頬や、肩で息をする希実ちゃんの荒れた呼吸が、なんだか妙に色っぽくて困ってしまう。%K%P
「えっと、今日はもうこんな時間だから、希実ちゃんが落ち着いたら、一緒に帰らない？」%K%P
「えっと、今日はもうこんな時間だから、希実ちゃんが落ち着いたら、一緒に帰らない？」%K%P
「音楽の話だったら、ここでなくとも、寮でだって出来るわけだし……ね？」%K%P
「音楽の話だったら、ここでなくとも、寮でだって出来るわけだし……ね？」%K%P
「はい。それは、そうなんですけど……」%K%P
「はい。それは、そうなんですけど……」%K%P
希実ちゃんがちょっと歯切れが悪く頷く。%K%P
希実ちゃんがちょっと歯切れが悪く頷く。%K%P
もしかして、音楽室じゃないとできない話でもあった、とかかな……？%K%P
もしかして、音楽室じゃないとできない話でもあった、とかかな……？%K%P
でも、もうこんな時間だし――――、%K%P
でも、もうこんな時間だし――――、%K%P
「……じゃあ、希実ちゃんの呼吸が整うまで、私がなにか歌ってあげる」%K%P
「……じゃあ、希実ちゃんの呼吸が整うまで、私がなにか歌ってあげる」%K%P
「そ、そんな……待たせたのは私なのに」%K%P
「そ、そんな……待たせたのは私なのに」%K%P
「でも、わざとじゃないでしょ？」%K%P
「でも、わざとじゃないでしょ？」%K%P
困っている人がいたら、自ら手をさしのべるのが綾香さんだけど、妹の希実ちゃんにも、そういう資質があるのかもしれない。%K%P
困っている人がいたら、自ら手をさしのべるのが綾香さんだけど、妹の希実ちゃんにも、そういう資質があるのかもしれない。%K%P
「ね、なにかリクエストは？　私が知っている曲でよければ」%K%P
「ね、なにかリクエストは？　私が知っている曲でよければ」%K%P
「え、えっと……」%K%P
「え、えっと……」%K%P
「……では、やっぱり、{歌姫:ディーバ}の曲を」%K%P
「……では、やっぱり、{歌姫:ディーバ}の曲を」%K%P
「うっ……練習中だから、ご期待に添えるかわからないけど、それでもいい……？」%K%P
「うっ……練習中だから、ご期待に添えるかわからないけど、それでもいい……？」%K%P
「はい、もちろん」%K%P
「はい、もちろん」%K%P
椅子に座っていた希実ちゃんは、まだ呼吸が乱れているのに、しゃんと居住まいを正した。%K%P
椅子に座っていた希実ちゃんは、まだ呼吸が乱れているのに、しゃんと居住まいを正した。%K%P
だから自然と、それに応えたくなってしまう。%K%P
だから自然と、それに応えたくなってしまう。%K%P
「じゃあ、ええと――――」%K%P
「じゃあ、ええと――――」%K%P
聞きやすいように少し距離をとったあと、たった一人の観客である希実ちゃんに向き合った。%K%P
聞きやすいように少し距離をとったあと、たった一人の観客である希実ちゃんに向き合った。%K%P
一緒に練習している奏さん以外に曲を披露するのは、これが初めてだから、やっぱり緊張する。%K%P
一緒に練習している奏さん以外に曲を披露するのは、これが初めてだから、やっぱり緊張する。%K%P
でも、本番はきっとこの非じゃないだろうから、いまは、この緊張を楽しむぐらいでないと。%K%P
でも、本番はきっとこの非じゃないだろうから、いまは、この緊張を楽しむぐらいでないと。%K%P
「すぅ……」%K%P
「すぅ……」%K%P
胸に手をあて、息を吸い――――その吸いこんだ息を震わせることで、音楽を生み出す。%K%P
胸に手をあて、息を吸い――――その吸いこんだ息を震わせることで、音楽を生み出す。%K%P
「あぁ……」%K%P
「あぁ……」%K%P
歌声を聴いた瞬間、希実ちゃんが吐息を漏らすのを見て、安堵すると同時に、気持ちが高揚した。%K%P
歌声を聴いた瞬間、希実ちゃんが吐息を漏らすのを見て、安堵すると同時に、気持ちが高揚した。%K%P
僕の歌う姿を、熱心に――――それこそ、子供がサンタクロースを眺めるように見つめる希実ちゃん。%K%P
僕の歌う姿を、熱心に――――それこそ、子供がサンタクロースを眺めるように見つめる希実ちゃん。%K%P
……でも、本当ならこの歌を深皇祭で歌う{歌姫:ディーバ}は、希実ちゃんのはずだった。%K%P
……でも、本当ならこの歌を深皇祭で歌う{歌姫:ディーバ}は、希実ちゃんのはずだった。%K%P
詮索はしないつもりだったけど……でも、希実ちゃんと親しくなればなるほど、どうしても気になってしまう。%K%P
詮索はしないつもりだったけど……でも、希実ちゃんと親しくなればなるほど、どうしても気になってしまう。%K%P
歌や音楽が好きなのは間違いないのに、{歌姫:ディーバ}を辞退した、その理由を。%K%P
歌や音楽が好きなのは間違いないのに、{歌姫:ディーバ}を辞退した、その理由を。%K%P
「あぁ……あ、あぁ……」%K%P
「あぁ……あ、あぁ……」%K%P
歌い終わると、こちらが恐縮しちゃうぐらいの精一杯の拍手と共に、希実ちゃんが席から立ちあがる。%K%P
歌い終わると、こちらが恐縮しちゃうぐらいの精一杯の拍手と共に、希実ちゃんが席から立ちあがる。%K%P
「すごい、すごいです、いずみ様っ……」%K%P
「すごい、すごいです、いずみ様っ……」%K%P
「あ、ありがとう……」%K%P
「あ、ありがとう……」%K%P
正直、こんなに嬉しい拍手喝采はなかなかない。%K%P
正直、こんなに嬉しい拍手喝采はなかなかない。%K%P
「きちんと通して歌うのは、初めてに近かったんだけど……どうだったかな？」%K%P
「きちんと通して歌うのは、初めてに近かったんだけど……どうだったかな？」%K%P
「そんなの、もう、凄すぎて、えっと……」%K%P
「そんなの、もう、凄すぎて、えっと……」%K%P
「あっ、ほら、さっきから私の身体、ずっと震えちゃってるぐらい……」%K%P
「あっ、ほら、さっきから私の身体、ずっと震えちゃってるぐらい……」%K%P
「そ、それって、走ってきたせいじゃない？」%K%P
「そ、それって、走ってきたせいじゃない？」%K%P
あまりにも素直に感激が込められた台詞が照れくさくて、つい、そんな返しをしてしまう。%K%P
あまりにも素直に感激が込められた台詞が照れくさくて、つい、そんな返しをしてしまう。%K%P
「そんなことありません。いずみ様の歌声は、本当にすごいです」%K%P
「そんなことありません。いずみ様の歌声は、本当にすごいです」%K%P
「……ありがとう、希実ちゃん」%K%P
「……ありがとう、希実ちゃん」%K%P
まっすぐに褒められると、照れ隠しをした自分の反応が、なんだか子供っぽく感じてしまう。%K%P
まっすぐに褒められると、照れ隠しをした自分の反応が、なんだか子供っぽく感じてしまう。%K%P
希実ちゃん相手には、照れることなく、素直に感謝を伝えた方が、きっといい。%K%P
希実ちゃん相手には、照れることなく、素直に感謝を伝えた方が、きっといい。%K%P
「で、でも……呼吸を整える歌のはずが、逆効果になっちゃいました」%K%P
「で、でも……呼吸を整える歌のはずが、逆効果になっちゃいました」%K%P
「私、こんなに胸がドキドキしたこと……生まれて初めてかもしれません」%K%P
「私、こんなに胸がドキドキしたこと……生まれて初めてかもしれません」%K%P
「そんな――――」%K%P
「そんな――――」%K%P
大げさだよ、という言葉を慌てて飲み込む。%K%P
大げさだよ、という言葉を慌てて飲み込む。%K%P
「……そこまで言ってもらえて、光栄だよ」%K%P
「……そこまで言ってもらえて、光栄だよ」%K%P
「私もです。{歌姫:ディーバ}として歌ういずみ様の歌を、最初に聴かせていただけたなんて」%K%P
「私もです。{歌姫:ディーバ}として歌ういずみ様の歌を、最初に聴かせていただけたなんて」%K%P
そうしてにっこり微笑む希実ちゃんの笑顔が、僕にはとても印象的だった。%K%P
そうしてにっこり微笑む希実ちゃんの笑顔が、僕にはとても印象的だった。%K%P
