深皇祭当日、僕は実に慌ただしかった。%K%P
深皇祭当日、僕は実に慌ただしかった。%K%P
まずはアリアが始まる前、{歌姫:ディーバ}の衣装を着て、講堂の舞台にあがって歌を歌った。%K%P
まずはアリアが始まる前、{歌姫:ディーバ}の衣装を着て、講堂の舞台にあがって歌を歌った。%K%P
それは、{歌姫:ディーバ}を務めるはずだった塚原いずみの歌を心待ちにしていた人たちに向けて、特別に用意されたプログラムだ。%K%P
それは、{歌姫:ディーバ}を務めるはずだった塚原いずみの歌を心待ちにしていた人たちに向けて、特別に用意されたプログラムだ。%K%P
誰よりも私が楽しみにしていましたから……って法子さんは言っていたけど、こういう気配りと手腕があればこそ、今回の騒動はうまく治まったんだと思う。%K%P
誰よりも私が楽しみにしていましたから……って法子さんは言っていたけど、こういう気配りと手腕があればこそ、今回の騒動はうまく治まったんだと思う。%K%P
「ふぅ……」%K%P
「ふぅ……」%K%P
無事に出番を終えて舞台袖に戻ると、それからアリアのために{騎士:ワルキュリア}の姿に着替える。%K%P
無事に出番を終えて舞台袖に戻ると、それからアリアのために{騎士:ワルキュリア}の姿に着替える。%K%P
舞台では奏さんの歌が披露されていて、その歌声を聞きながら鎧をつけていくと、自然と、気分が高揚していった。%K%P
舞台では奏さんの歌が披露されていて、その歌声を聞きながら鎧をつけていくと、自然と、気分が高揚していった。%K%P
「……いずみ様」%K%P
「……いずみ様」%K%P
ちょうど着替え終えたところで、それを待っていたように声が掛かる。%K%P
ちょうど着替え終えたところで、それを待っていたように声が掛かる。%K%P
「希実ちゃん……」%K%P
「希実ちゃん……」%K%P
名前を呼びかけた後、思わず固まった。%K%P
名前を呼びかけた後、思わず固まった。%K%P
希実ちゃんの{歌姫:ディーバ}姿を見るのは、これが初めてで……だから、可憐な姿に見惚れてしまう。%K%P
希実ちゃんの{歌姫:ディーバ}姿を見るのは、これが初めてで……だから、可憐な姿に見惚れてしまう。%K%P
「……希実ちゃん、よく似合ってるよ」%K%P
「……希実ちゃん、よく似合ってるよ」%K%P
「そういういずみ様も、よくお似合いです」%K%P
「そういういずみ様も、よくお似合いです」%K%P
僕の{騎士:ワルキュリア}姿を希実ちゃんが見るのも、実はこれが初めてだった。%K%P
僕の{騎士:ワルキュリア}姿を希実ちゃんが見るのも、実はこれが初めてだった。%K%P
練習でも{騎士:ワルキュリア}の格好はしていたけど、希実ちゃんがそれを見に来たことはない。%K%P
練習でも{騎士:ワルキュリア}の格好はしていたけど、希実ちゃんがそれを見に来たことはない。%K%P
僕が{騎士:ワルキュリア}として懸命に練習していたように、希実ちゃんもまた、{歌姫:ディーバ}として、歌の練習に時間を注いでいたからだ。%K%P
僕が{騎士:ワルキュリア}として懸命に練習していたように、希実ちゃんもまた、{歌姫:ディーバ}として、歌の練習に時間を注いでいたからだ。%K%P
「緊張しないで……っていうのは、なかなか難しいと思うけど、力を抜いてね」%K%P
「緊張しないで……っていうのは、なかなか難しいと思うけど、力を抜いてね」%K%P
「いまの自分に出来る事をするといいよ。そうすれば、なにも後悔することはないから」%K%P
「いまの自分に出来る事をするといいよ。そうすれば、なにも後悔することはないから」%K%P
「はい」%K%P
「はい」%K%P
ある意味、自分にも言い聞かせるように伝えた言葉に、希実ちゃんはにこっと頷いた。%K%P
ある意味、自分にも言い聞かせるように伝えた言葉に、希実ちゃんはにこっと頷いた。%K%P
……うん。この笑顔なら大丈夫だ。%K%P
……うん。この笑顔なら大丈夫だ。%K%P
「いずみ様、どうか聴いていて下さい。あなたの{歌姫:ディーバ}として紡ぐ、私の{独唱:アリア}を」%K%P
「いずみ様、どうか聴いていて下さい。あなたの{歌姫:ディーバ}として紡ぐ、私の{独唱:アリア}を」%K%P
「……うん」%K%P
「……うん」%K%P
まわりに人目はない――――けど、さすがに唇には憚られて、僕は希実ちゃんの手をとると、その甲にそっと口付けた。%K%P
まわりに人目はない――――けど、さすがに唇には憚られて、僕は希実ちゃんの手をとると、その甲にそっと口付けた。%K%P
「……では、いってきます」%K%P
「……では、いってきます」%K%P
ほんの少し瞳を潤ませるように微笑んだ希実ちゃんを見送り、舞台袖から彼女の姿を見つめる。%K%P
ほんの少し瞳を潤ませるように微笑んだ希実ちゃんを見送り、舞台袖から彼女の姿を見つめる。%K%P
そして聞こえてくる、希実ちゃんの歌声。%K%P
そして聞こえてくる、希実ちゃんの歌声。%K%P
声が聞こえた瞬間、心が震えて――――思わず、少しだけ泣いてしまいそうになった。%K%P
声が聞こえた瞬間、心が震えて――――思わず、少しだけ泣いてしまいそうになった。%K%P
歌うことが怖くなり、でも、誰にもその悩みを伝えられず、ずっとずっと１人で抱えてきた希実ちゃん。%K%P
歌うことが怖くなり、でも、誰にもその悩みを伝えられず、ずっとずっと１人で抱えてきた希実ちゃん。%K%P
でも、それを乗り越えたいま、彼女の歌声は、講堂にいる聴衆を魅了するほどの強さをもった。%K%P
でも、それを乗り越えたいま、彼女の歌声は、講堂にいる聴衆を魅了するほどの強さをもった。%K%P
この歌声を耳にして、それでもなお、{歌姫:ディーバ}としての希実ちゃんを認めない人はいないだろう。%K%P
この歌声を耳にして、それでもなお、{歌姫:ディーバ}としての希実ちゃんを認めない人はいないだろう。%K%P
「……素敵だよ、希実ちゃん」%K%P
「……素敵だよ、希実ちゃん」%K%P
歌が終わった瞬間、僕は心から、そう呟いた。%K%P
歌が終わった瞬間、僕は心から、そう呟いた。%K%P
「お疲れさま、希実、いずみさん」%K%P
「お疲れさま、希実、いずみさん」%K%P
希実ちゃんと一緒に講堂から森の入口へ移動すると、僕以外の{騎士:ワルキュリア}は、すでにみんな集まっていた。%K%P
希実ちゃんと一緒に講堂から森の入口へ移動すると、僕以外の{騎士:ワルキュリア}は、すでにみんな集まっていた。%K%P
「待っていてね。必ず、迎えに行くから」%K%P
「待っていてね。必ず、迎えに行くから」%K%P
すぐに抽選が始まり、それぞれが別れて森に入る前、改めて、希実ちゃんに誓う。%K%P
すぐに抽選が始まり、それぞれが別れて森に入る前、改めて、希実ちゃんに誓う。%K%P
そんな僕の手を、希実ちゃんはそっと握った。%K%P
そんな僕の手を、希実ちゃんはそっと握った。%K%P
「……私がいま、こうしてここに立っていられるのは、すべて、いずみ様のおかげです」%K%P
「……私がいま、こうしてここに立っていられるのは、すべて、いずみ様のおかげです」%K%P
「ですから……どうか、御武運を」%K%P
「ですから……どうか、御武運を」%K%P
「うん。ありがとう、希実ちゃん」%K%P
「うん。ありがとう、希実ちゃん」%K%P
握ってくれた手をそっと握り返すと、その手を、さらに希実ちゃんが握ってくれた。%K%P
握ってくれた手をそっと握り返すと、その手を、さらに希実ちゃんが握ってくれた。%K%P
それだけで、力が湧いてくる。%K%P
それだけで、力が湧いてくる。%K%P
希実ちゃんのチームは、僕をリーダーに、綾香さんとことりちゃん。%K%P
希実ちゃんのチームは、僕をリーダーに、綾香さんとことりちゃん。%K%P
対する奏さんのチームは、千影さんがリーダーで、楓さんと夕陽ちゃんの２人がメンバーだ。%K%P
対する奏さんのチームは、千影さんがリーダーで、楓さんと夕陽ちゃんの２人がメンバーだ。%K%P
もしこれが個人戦だったら、僕はきっと、千影さんや楓さんに勝てないだろう。%K%P
もしこれが個人戦だったら、僕はきっと、千影さんや楓さんに勝てないだろう。%K%P
でも、これはチーム戦。綾香さんたちと力を合わせれば、きっと、希実ちゃんを助けることができる。%K%P
でも、これはチーム戦。綾香さんたちと力を合わせれば、きっと、希実ちゃんを助けることができる。%K%P
そう信じて、僕は森の中へと入っていった。%K%P
そう信じて、僕は森の中へと入っていった。%K%P
「はぁ……」%K%P
「はぁ……」%K%P
深皇祭のプログラムがすべて滞りなく無事に終わり、僕は安堵から深い溜め息をついた。%K%P
深皇祭のプログラムがすべて滞りなく無事に終わり、僕は安堵から深い溜め息をついた。%K%P
「いずみ様、こちらにいらしたんですね」%K%P
「いずみ様、こちらにいらしたんですね」%K%P
「あっ、希実ちゃん。深皇祭が終わったら、なんだか、急に力が抜けちゃって」%K%P
「あっ、希実ちゃん。深皇祭が終わったら、なんだか、急に力が抜けちゃって」%K%P
「無理もありません。あれだけの戦いをされたんですから」%K%P
「無理もありません。あれだけの戦いをされたんですから」%K%P
「うん。……でも、負けちゃったけどね」%K%P
「うん。……でも、負けちゃったけどね」%K%P
そう。結局、アリアは僕たちが負けてしまった。%K%P
そう。結局、アリアは僕たちが負けてしまった。%K%P
途中、勝機もあったんだけど、最終的には僕と千影さんの一騎打ちになってしまい――――僕では、千影さんに勝てるはずもなく。%K%P
途中、勝機もあったんだけど、最終的には僕と千影さんの一騎打ちになってしまい――――僕では、千影さんに勝てるはずもなく。%K%P
最後は、見事にやられてしまった。%K%P
最後は、見事にやられてしまった。%K%P
「負けはしましたけど……でも、私はいずみ様が{最優秀騎士:ブリランテ}に選ばれたことが嬉しいです」%K%P
「負けはしましたけど……でも、私はいずみ様が{最優秀騎士:ブリランテ}に選ばれたことが嬉しいです」%K%P
「う、うん……。そうなんだよね……」%K%P
「う、うん……。そうなんだよね……」%K%P
アリアでもっとも活躍した{騎士:ワルキュリア}に贈られる名誉、{最優秀騎士:ブリランテ}。%K%P
アリアでもっとも活躍した{騎士:ワルキュリア}に贈られる名誉、{最優秀騎士:ブリランテ}。%K%P
なんと、僕はそれに選ばれてしまった。%K%P
なんと、僕はそれに選ばれてしまった。%K%P
「でも、本当に私で良かったのかな……？」%K%P
「でも、本当に私で良かったのかな……？」%K%P
「みなさんが良かったと思っていればこそ、いずみ様は{最優秀騎士:ブリランテ}に選ばれたんですよ」%K%P
「みなさんが良かったと思っていればこそ、いずみ様は{最優秀騎士:ブリランテ}に選ばれたんですよ」%K%P
「うぅん……」%K%P
「うぅん……」%K%P
最終的には千影さんとの一騎打ちに敗れた僕だけど、実は、楓さんと夕陽ちゃんの２人を倒している。%K%P
最終的には千影さんとの一騎打ちに敗れた僕だけど、実は、楓さんと夕陽ちゃんの２人を倒している。%K%P
もちろん、これは僕だけの力じゃなく、ことりちゃんや綾香さんの協力があればこそ、だった。%K%P
もちろん、これは僕だけの力じゃなく、ことりちゃんや綾香さんの協力があればこそ、だった。%K%P
だからこそ、余計に実感がない、というか……。%K%P
だからこそ、余計に実感がない、というか……。%K%P
「ふふっ。いずみ様ならそういう反応をするだろうと思って、私、みなさんから話を聞いてきたんです」%K%P
「ふふっ。いずみ様ならそういう反応をするだろうと思って、私、みなさんから話を聞いてきたんです」%K%P
「話って？」%K%P
「話って？」%K%P
「もちろん、いずみ様を{最優秀騎士:ブリランテ}に選んだ理由です」%K%P
「もちろん、いずみ様を{最優秀騎士:ブリランテ}に選んだ理由です」%K%P
「そうしたら、みなさん同じ意見でした」%K%P
「そうしたら、みなさん同じ意見でした」%K%P
「{騎士:ワルキュリア}に選ばれてから、わずか１週間足らずで、あそこまでの技術を身につけた努力」%K%P
「{騎士:ワルキュリア}に選ばれてから、わずか１週間足らずで、あそこまでの技術を身につけた努力」%K%P
「{歌姫:ディーバ}を守り、助けたいという強い想いと行動力は、深皇の規範として相応しい……って」%K%P
「{歌姫:ディーバ}を守り、助けたいという強い想いと行動力は、深皇の規範として相応しい……って」%K%P
「……なんか、私でいいのかな、って気持ちが余計に増しちゃったんだけど……」%K%P
「……なんか、私でいいのかな、って気持ちが余計に増しちゃったんだけど……」%K%P
「私が努力したのも、{騎士:ワルキュリア}として頑張ったのも……全部、希実ちゃんのためだから」%K%P
「私が努力したのも、{騎士:ワルキュリア}として頑張ったのも……全部、希実ちゃんのためだから」%K%P
「好きな子のために頑張って、その結果、{最優秀騎士:ブリランテ}に選ばれるなんて――」%K%P
「好きな子のために頑張って、その結果、{最優秀騎士:ブリランテ}に選ばれるなんて――」%K%P
「私は、自分の事のように嬉しいですよ？」%K%P
「私は、自分の事のように嬉しいですよ？」%K%P
「ん……」%K%P
「ん……」%K%P
希実ちゃんに微笑まれると、それ以上言えなくなる。%K%P
希実ちゃんに微笑まれると、それ以上言えなくなる。%K%P
本当、僕はこの笑顔に弱いみたいだ。%K%P
本当、僕はこの笑顔に弱いみたいだ。%K%P
「……返上するわけにも、いかないもんね」%K%P
「……返上するわけにも、いかないもんね」%K%P
そんなことをしたら、僕を選んでくれたみんなの気持ちを無下にしてしまうだけだ。%K%P
そんなことをしたら、僕を選んでくれたみんなの気持ちを無下にしてしまうだけだ。%K%P
「いずみ様、そろそろ着替えにいきませんか？」%K%P
「いずみ様、そろそろ着替えにいきませんか？」%K%P
「っと、そうだね。いつまでもこの格好のまま、というわけにもいかないし」%K%P
「っと、そうだね。いつまでもこの格好のまま、というわけにもいかないし」%K%P
アリアが終わった後、セレモニーに出て、そのまま休んでいたから、僕は鎧を着たままだった。%K%P
アリアが終わった後、セレモニーに出て、そのまま休んでいたから、僕は鎧を着たままだった。%K%P
「いずみ様、教室まで行きましょう」%K%P
「いずみ様、教室まで行きましょう」%K%P
「うん」%K%P
「うん」%K%P
アリアに出場する学生の控え室として割り当てられている教室までやってきて、改めてほっと一息。%K%P
アリアに出場する学生の控え室として割り当てられている教室までやってきて、改めてほっと一息。%K%P
深皇祭が終わって少し時間も経ったせいか、賑わっていた学園内も、静けさに包まれつつあった。%K%P
深皇祭が終わって少し時間も経ったせいか、賑わっていた学園内も、静けさに包まれつつあった。%K%P
「なんだか、祭りの後……って感じがする」%K%P
「なんだか、祭りの後……って感じがする」%K%P
一緒に戦った剣を、そっと机に立てかける。%K%P
一緒に戦った剣を、そっと机に立てかける。%K%P
「短い付き合いだったけど、この鎧や剣とも、今日でお別れなんだよね……」%K%P
「短い付き合いだったけど、この鎧や剣とも、今日でお別れなんだよね……」%K%P
「そして、いずみ様とも……お別れ、なんですよね」%K%P
「そして、いずみ様とも……お別れ、なんですよね」%K%P
もともと、僕は{歌姫:ディーバ}を務める為に、この学園にやってきた。%K%P
もともと、僕は{歌姫:ディーバ}を務める為に、この学園にやってきた。%K%P
結局、それは果たせなかったけれど……でも、ある意味では、もっと素敵な結末に辿り着けたと思う。%K%P
結局、それは果たせなかったけれど……でも、ある意味では、もっと素敵な結末に辿り着けたと思う。%K%P
「いずみ様、ぎゅってしても、いいですか？」%K%P
「いずみ様、ぎゅってしても、いいですか？」%K%P
「いいけど……いま、凄く汗臭いと思うよ？」%K%P
「いいけど……いま、凄く汗臭いと思うよ？」%K%P
「構いません。だってそれは、いずみ様が私のために流してくれたものですから」%K%P
「構いません。だってそれは、いずみ様が私のために流してくれたものですから」%K%P
「ん……じゃあ、はい」%K%P
「ん……じゃあ、はい」%K%P
両手を広げると、希実ちゃんが僕の胸に飛び込んでくる。%K%P
両手を広げると、希実ちゃんが僕の胸に飛び込んでくる。%K%P
「……こうしていると、なんだか、本当にお姫様になったような気がします」%K%P
「……こうしていると、なんだか、本当にお姫様になったような気がします」%K%P
「なったような、じゃないでしょ？　希実ちゃんは本当に、この学園のお姫様なんだから」%K%P
「なったような、じゃないでしょ？　希実ちゃんは本当に、この学園のお姫様なんだから」%K%P
「それなら……お姫様にするみたいに、いま、キスしてくださいますか？」%K%P
「それなら……お姫様にするみたいに、いま、キスしてくださいますか？」%K%P
「んっ……あ、はぁ……」%K%P
「んっ……あ、はぁ……」%K%P
目を閉じた希実ちゃんに、そっと口付ける。%K%P
目を閉じた希実ちゃんに、そっと口付ける。%K%P
小さく漏れた吐息に比例して、僕に抱きつく希実ちゃんの力が、少しだけ強くなった。%K%P
小さく漏れた吐息に比例して、僕に抱きつく希実ちゃんの力が、少しだけ強くなった。%K%P
「……いずみ様とのキス、好きです」%K%P
「……いずみ様とのキス、好きです」%K%P
「唇を通して、その素敵な歌声を、分けて貰えるような……そんな気がして」%K%P
「唇を通して、その素敵な歌声を、分けて貰えるような……そんな気がして」%K%P
「私の歌声でよければ、いくらでもあげる」%K%P
「私の歌声でよければ、いくらでもあげる」%K%P
「じゃあ、もっとください……」%K%P
「じゃあ、もっとください……」%K%P
今度は自分からキスをした希実ちゃんは、そのまま、唇の隙間へと舌を差し入れた。%K%P
今度は自分からキスをした希実ちゃんは、そのまま、唇の隙間へと舌を差し入れた。%K%P
「はむっ……んっ、はあっ……」%K%P
「はむっ……んっ、はあっ……」%K%P
「んふっ、はぁっ……んぅっ、いずみさまっ……」%K%P
「んふっ、はぁっ……んぅっ、いずみさまっ……」%K%P
キスの最中、囁かれた僕の名前は、耳ではなく口を通して身体の中へと入り込む。%K%P
キスの最中、囁かれた僕の名前は、耳ではなく口を通して身体の中へと入り込む。%K%P
それはまるで声を食べているようで、自然と、希実ちゃんを抱きしめる腕に力がこもった。%K%P
それはまるで声を食べているようで、自然と、希実ちゃんを抱きしめる腕に力がこもった。%K%P
「……どう？　歌声、いっぱい貰えた？」%K%P
「……どう？　歌声、いっぱい貰えた？」%K%P
「いいえ、もっと……もっとくださいっ……」%K%P
「いいえ、もっと……もっとくださいっ……」%K%P
「あっ――」%K%P
「あっ――」%K%P
キスを終えて問い掛けると、希実ちゃんはすぐさま、今度は強めに唇を重ねてくる。%K%P
キスを終えて問い掛けると、希実ちゃんはすぐさま、今度は強めに唇を重ねてくる。%K%P
「んっ……れるっ、んっ……はぁっ、んんっ……」%K%P
「んっ……れるっ、んっ……はぁっ、んんっ……」%K%P
「はっ……はぅ、んっ……くふっ、はっ、んっ」%K%P
「はっ……はぅ、んっ……くふっ、はっ、んっ」%K%P
「れむっ……ちゅっ、ちゅむっ……ふっ、んっ……はぁ、あっ……んんっ」%K%P
「れむっ……ちゅっ、ちゅむっ……ふっ、んっ……はぁ、あっ……んんっ」%K%P
健気で執拗なキスに圧倒され、息継ぎするタイミングが分からなくなり、思わず喘いでしまう。%K%P
健気で執拗なキスに圧倒され、息継ぎするタイミングが分からなくなり、思わず喘いでしまう。%K%P
そのぐらい、長くて甘いキスだった。%K%P
そのぐらい、長くて甘いキスだった。%K%P
「……しばらく会えなくなるので、その分も含めて、たっぷり貰っちゃいました」%K%P
「……しばらく会えなくなるので、その分も含めて、たっぷり貰っちゃいました」%K%P
直前までの激しいキスと、照れながらそんなことを言うギャップに、不意をつかれて心臓が跳ねる。%K%P
直前までの激しいキスと、照れながらそんなことを言うギャップに、不意をつかれて心臓が跳ねる。%K%P
だけど、希実ちゃんはそれで終わらなかった。%K%P
だけど、希実ちゃんはそれで終わらなかった。%K%P
「歌声の次は……熱くて、トロトロで、真っ白なアレを、たっぷり下さいますよね……？　いずみ様」%K%P
「歌声の次は……熱くて、トロトロで、真っ白なアレを、たっぷり下さいますよね……？　いずみ様」%K%P
「はっ……あっ、んんっ……これ、なんだか前より、おっきっ……んっ、はあッ……」%K%P
「はっ……あっ、んんっ……これ、なんだか前より、おっきっ……んっ、はあッ……」%K%P
柔らかなお尻に腰を押しつけるようにしてペニスを挿入すると、希実ちゃんが可愛い吐息を漏らした。%K%P
柔らかなお尻に腰を押しつけるようにしてペニスを挿入すると、希実ちゃんが可愛い吐息を漏らした。%K%P
「はぁっ……んっ、いずみ様のあそこが、びくって……私の中でっ……くっ、んんっ……」%K%P
「はぁっ……んっ、いずみ様のあそこが、びくって……私の中でっ……くっ、んんっ……」%K%P
初体験は希実ちゃんが上だったから、僕は支える位しか出来なかったけど、今日は違う。%K%P
初体験は希実ちゃんが上だったから、僕は支える位しか出来なかったけど、今日は違う。%K%P
無防備なお尻を委ねる希実ちゃんのためにも、できる限り優しく、ゆっくりと挿抜を繰り返していく。%K%P
無防備なお尻を委ねる希実ちゃんのためにも、できる限り優しく、ゆっくりと挿抜を繰り返していく。%K%P
「はぁっ……私の中で、くにくに、いずみ様の太いのが、こすれて……はっ、んぅっ」%K%P
「はぁっ……私の中で、くにくに、いずみ様の太いのが、こすれて……はっ、んぅっ」%K%P
「希実ちゃん、気持ち良い……？」%K%P
「希実ちゃん、気持ち良い……？」%K%P
「はいっ……お尻を向けるのは、ちょっと、恥ずかしかったですけど……」%K%P
「はいっ……お尻を向けるのは、ちょっと、恥ずかしかったですけど……」%K%P
「でも、いずみ様が動くと、身体の芯が熱くなって……内側から、溶けちゃいそうですっ……」%K%P
「でも、いずみ様が動くと、身体の芯が熱くなって……内側から、溶けちゃいそうですっ……」%K%P
「じゃあ、もっとゆっくり……」%K%P
「じゃあ、もっとゆっくり……」%K%P
「やはっ……ふぅ、んっ、んぅんッ……」%K%P
「やはっ……ふぅ、んっ、んぅんッ……」%K%P
息子の出入りを可能な限り……それこそ、愛液の音が響かないぐらいゆっくりと繰り返す。%K%P
息子の出入りを可能な限り……それこそ、愛液の音が響かないぐらいゆっくりと繰り返す。%K%P
「はあっ……あ、んっ……これ、ゆっくりだと、かえって焦らされてるような感じがっ……」%K%P
「はあっ……あ、んっ……これ、ゆっくりだと、かえって焦らされてるような感じがっ……」%K%P
「じゃあ、もうちょっとだけ、早く……」%K%P
「じゃあ、もうちょっとだけ、早く……」%K%P
希実ちゃんを焦らすのは本望じゃないから、激しくならない程度に、少しだけ腰の往復を早めていく。%K%P
希実ちゃんを焦らすのは本望じゃないから、激しくならない程度に、少しだけ腰の往復を早めていく。%K%P
「いずみ様のあそこ、まだ、おっきくっ……はぅ、んっ……やっ、気持ちいっ……」%K%P
「いずみ様のあそこ、まだ、おっきくっ……はぅ、んっ……やっ、気持ちいっ……」%K%P
希実ちゃんが悶えると、膣内の密度が増して、挿抜がますます心地良くなっていく。%K%P
希実ちゃんが悶えると、膣内の密度が増して、挿抜がますます心地良くなっていく。%K%P
「あぁ……ずっと、こうしていたいかもっ……」%K%P
「あぁ……ずっと、こうしていたいかもっ……」%K%P
「んっ……もう、いずみ様ったら、エッチなんですからっ……」%K%P
「んっ……もう、いずみ様ったら、エッチなんですからっ……」%K%P
ゆったりとしたペースのせいか余裕があるらしく、希実ちゃんが悪戯っぽく笑う。%K%P
ゆったりとしたペースのせいか余裕があるらしく、希実ちゃんが悪戯っぽく笑う。%K%P
でも、その言葉は耳に心地良かったから、否定する気にはなれなくて。%K%P
でも、その言葉は耳に心地良かったから、否定する気にはなれなくて。%K%P
「……いいよ、エッチでも。こういうことしたくなる相手は、希実ちゃんだけだから」%K%P
「……いいよ、エッチでも。こういうことしたくなる相手は、希実ちゃんだけだから」%K%P
「んっ……わ、私も……こういうことする相手は、いずみ様だけで、いいです……」%K%P
「んっ……わ、私も……こういうことする相手は、いずみ様だけで、いいです……」%K%P
お互い、相手の事が一番好きだって分かっているけれど、言葉として伝えると、なお嬉しくなる。%K%P
お互い、相手の事が一番好きだって分かっているけれど、言葉として伝えると、なお嬉しくなる。%K%P
「やはっ……くっ、んんっ……いずみ様の腰、また、ちょっとずつ早くっ……」%K%P
「やはっ……くっ、んんっ……いずみ様の腰、また、ちょっとずつ早くっ……」%K%P
「ごっ、ごめん。嬉しかったから、つい……」%K%P
「ごっ、ごめん。嬉しかったから、つい……」%K%P
「んっ……はあっ、あっ……やっ、これ、この動き、気持ち良いっ……」%K%P
「んっ……はあっ、あっ……やっ、これ、この動き、気持ち良いっ……」%K%P
「さっきまで平気だったのに、いきなりゾクって……んっ、んぅんッ……！」%K%P
「さっきまで平気だったのに、いきなりゾクって……んっ、んぅんッ……！」%K%P
希実ちゃんの反応にあわせて、割れ目の内側がぎゅっと竿を抱きしめてくる。%K%P
希実ちゃんの反応にあわせて、割れ目の内側がぎゅっと竿を抱きしめてくる。%K%P
そのせいか、さっきまでは微かに聞こえる程度だった水音も、だんだんと大きくなってきた。%K%P
そのせいか、さっきまでは微かに聞こえる程度だった水音も、だんだんと大きくなってきた。%K%P
「うんっ……これ、気持ち良いっ……」%K%P
「うんっ……これ、気持ち良いっ……」%K%P
「はいっ……私もこれ、好きですっ……優しく、中がくにくにされてっ……はあっ」%K%P
「はいっ……私もこれ、好きですっ……優しく、中がくにくにされてっ……はあっ」%K%P
速さは維持したまま、少しだけ腰を大きめに振って、ギリギリまで亀頭を膣口まで引き寄せる。%K%P
速さは維持したまま、少しだけ腰を大きめに振って、ギリギリまで亀頭を膣口まで引き寄せる。%K%P
それをそのまま、奥まで一気に――――、%K%P
それをそのまま、奥まで一気に――――、%K%P
「やッ……はあっ、やぅ、んんっ……！」%K%P
「やッ……はあっ、やぅ、んんっ……！」%K%P
「いずみ様っ、それ、だめっ……気持ちいっ……はあっ、良すぎて、びりびりって……はあっ」%K%P
「いずみ様っ、それ、だめっ……気持ちいっ……はあっ、良すぎて、びりびりって……はあっ」%K%P
股間からせり上がる柔らかい快感に吸い寄せられて、何度も同じストロークを繰り返す。%K%P
股間からせり上がる柔らかい快感に吸い寄せられて、何度も同じストロークを繰り返す。%K%P
「あっ、はあっ……だめ、これ、いきそっ……」%K%P
「あっ、はあっ……だめ、これ、いきそっ……」%K%P
「はいっ……私も、いずみ様と一緒にっ……」%K%P
「はいっ……私も、いずみ様と一緒にっ……」%K%P
「うん、じゃあ……イクよっ？」%K%P
「うん、じゃあ……イクよっ？」%K%P
「はいっ、いつでも、一緒にッ……」%K%P
「はいっ、いつでも、一緒にッ……」%K%P
健気に頷く希実ちゃんの中を、少しでも多くの快感で満たしたくて、最後は目一杯、腰を押しつける。%K%P
健気に頷く希実ちゃんの中を、少しでも多くの快感で満たしたくて、最後は目一杯、腰を押しつける。%K%P
「はっ、ああっ……あそこが元気よく、ぶるって……んっ、気持ち良いっ……」%K%P
「はっ、ああっ……あそこが元気よく、ぶるって……んっ、気持ち良いっ……」%K%P
「あぁ、あぁ……んっ、これ、イッちゃうっ……いいっ、いっ……はぁああっ」%K%P
「あぁ、あぁ……んっ、これ、イッちゃうっ……いいっ、いっ……はぁああっ」%K%P
「はあっ、あっ……中いっぱいに、びゅくくって……はっ、ああっ……熱いの、いっぱいっ……」%K%P
「はあっ、あっ……中いっぱいに、びゅくくって……はっ、ああっ……熱いの、いっぱいっ……」%K%P
「ひぅ、んっ……はあっ……あっ、ああっ……」%K%P
「ひぅ、んっ……はあっ……あっ、ああっ……」%K%P
ぴったり腰を密着させると、希実ちゃんの狭い膣内に、勢いよく精子が溢れ出る。%K%P
ぴったり腰を密着させると、希実ちゃんの狭い膣内に、勢いよく精子が溢れ出る。%K%P
ゆっくり登り詰めたせいか、射精が普段よりも長く続くな、なんて思っていたけど――――、%K%P
ゆっくり登り詰めたせいか、射精が普段よりも長く続くな、なんて思っていたけど――――、%K%P
「んっ……な、なんかこれ、とまんないっ……」%K%P
「んっ……な、なんかこれ、とまんないっ……」%K%P
射精するたびに震える亀頭が膣内で擦れ、それがまた新たな快感を生み、竿の震えが止まらない。%K%P
射精するたびに震える亀頭が膣内で擦れ、それがまた新たな快感を生み、竿の震えが止まらない。%K%P
「あっ、ああっ……いっ、いずみ様、そんなふうに動かれたら、私、またっ……」%K%P
「あっ、ああっ……いっ、いずみ様、そんなふうに動かれたら、私、またっ……」%K%P
僕の腰が大きく震えると、シンクロするように、希実ちゃんの身体もびくっと跳ねる。%K%P
僕の腰が大きく震えると、シンクロするように、希実ちゃんの身体もびくっと跳ねる。%K%P
その震動は挿入したままのペニスにも伝わって、出したばかりなのに、興奮はさらに高まっていった。%K%P
その震動は挿入したままのペニスにも伝わって、出したばかりなのに、興奮はさらに高まっていった。%K%P
「あっ……やっ、いずみ様のあそこ、また、びくって……はっ、んんッ」%K%P
「あっ……やっ、いずみ様のあそこ、また、びくって……はっ、んんッ」%K%P
「希実ちゃん、もう一度このままっ……」%K%P
「希実ちゃん、もう一度このままっ……」%K%P
「んっ……わかりました、どうぞいずみ様の好きなようにっ……」%K%P
「んっ……わかりました、どうぞいずみ様の好きなようにっ……」%K%P
「ありがと、希実ちゃんっ……」%K%P
「ありがと、希実ちゃんっ……」%K%P
「ひやっ？！　はっ……んくっ、は、ああっ」%K%P
「ひやっ？！　はっ……んくっ、は、ああっ」%K%P
「やっ……んんっ、いずみさま、はげしっ……はっ、あぁあッ……！」%K%P
「やっ……んんっ、いずみさま、はげしっ……はっ、あぁあッ……！」%K%P
１度目がゆっくりだった分だけ、２度目の挿抜の速さに、希実ちゃんが跳ねるように身悶える。%K%P
１度目がゆっくりだった分だけ、２度目の挿抜の速さに、希実ちゃんが跳ねるように身悶える。%K%P
「やっ、いずみ様っ……そんなにしたら出ちゃうっ、さっきもらった分がっ、外にっ……」%K%P
「やっ、いずみ様っ……そんなにしたら出ちゃうっ、さっきもらった分がっ、外にっ……」%K%P
精子で満ちた膣内は温かくて、その中に何度も出入りする竿は、ますます強い快感に包まれる。%K%P
精子で満ちた膣内は温かくて、その中に何度も出入りする竿は、ますます強い快感に包まれる。%K%P
「はあっ……いずみ様のが、奥までいっぱいっ……ずんずん、いっぱいっ……」%K%P
「はあっ……いずみ様のが、奥までいっぱいっ……ずんずん、いっぱいっ……」%K%P
すぐにでも射精しそうな自分を懸命に律して、本当の限界までペニスを辛抱させる。%K%P
すぐにでも射精しそうな自分を懸命に律して、本当の限界までペニスを辛抱させる。%K%P
僕に残るすべてを余さず希実ちゃんに届けたい一心で、精力も気力も、すべてを振り絞った。%K%P
僕に残るすべてを余さず希実ちゃんに届けたい一心で、精力も気力も、すべてを振り絞った。%K%P
「んっ……はあっ、あっ、私の中で、また、おっきくっ……びくって、んっ……はっ、ああっ……！」%K%P
「んっ……はあっ、あっ、私の中で、また、おっきくっ……びくって、んっ……はっ、ああっ……！」%K%P
「はやくっ……お願いです、いずみ様はやくっ……でないと私、先にっ……いっ……はっ、ああっ」%K%P
「はやくっ……お願いです、いずみ様はやくっ……でないと私、先にっ……いっ……はっ、ああっ」%K%P
「イクよ、希実ちゃんっ……！」%K%P
「イクよ、希実ちゃんっ……！」%K%P
「はいっ……私ももうっ、もうっ……！」%K%P
「はいっ……私ももうっ、もうっ……！」%K%P
「あ、ああっ……はあっ……あっ、ひぅ、んっ、ああぁあぁッ……！」%K%P
「あ、ああっ……はあっ……あっ、ひぅ、んっ、ああぁあぁッ……！」%K%P
「やふっ……ふっ、はあっ、あっ、あぁぁ……」%K%P
「やふっ……ふっ、はあっ、あっ、あぁぁ……」%K%P
「はぁ……いずみ様の熱いのが、また、こんなにいっぱいっ……」%K%P
「はぁ……いずみ様の熱いのが、また、こんなにいっぱいっ……」%K%P
希実ちゃんのうっとりした声を聞きながら、今度こそ、やってきた倦怠感に身を委ねる。%K%P
希実ちゃんのうっとりした声を聞きながら、今度こそ、やってきた倦怠感に身を委ねる。%K%P
「さすがに、これならいっぱいだよね……？」%K%P
「さすがに、これならいっぱいだよね……？」%K%P
「はい……。いずみ様から貰った熱いのが、本当に溢れそうなぐらい、私の中、いっぱいです……」%K%P
「はい……。いずみ様から貰った熱いのが、本当に溢れそうなぐらい、私の中、いっぱいです……」%K%P
満ち足りた声を聞き、自然と笑みが漏れた。%K%P
満ち足りた声を聞き、自然と笑みが漏れた。%K%P
肌を重ねていると、お互いの気持ちがそこから染み渡るようで、心地良さに目を閉じてしまう。%K%P
肌を重ねていると、お互いの気持ちがそこから染み渡るようで、心地良さに目を閉じてしまう。%K%P
「……大好きだよ、希実ちゃん」%K%P
「……大好きだよ、希実ちゃん」%K%P
目蓋を閉じると、代わりに開いた口から、自然とそんな言葉が漏れた。%K%P
目蓋を閉じると、代わりに開いた口から、自然とそんな言葉が漏れた。%K%P
好きという言葉は、言うのも聞くのも心地良いから、何度だって繰り返したくなる。%K%P
好きという言葉は、言うのも聞くのも心地良いから、何度だって繰り返したくなる。%K%P
そう――――それはまるで、大好きな歌のようで。%K%P
そう――――それはまるで、大好きな歌のようで。%K%P
「私も……いずみ様が、大好きです」%K%P
「私も……いずみ様が、大好きです」%K%P
希実ちゃんの囁きは、どんな愛の詩よりも僕の心に響く、この世でたったひとつの旋律だった。%K%P
希実ちゃんの囁きは、どんな愛の詩よりも僕の心に響く、この世でたったひとつの旋律だった。%K%P
