ホームルームが終わって、僕は千影さんと奏さんのクラスに向かった。%K%P
ホームルームが終わって、僕は千影さんと奏さんのクラスに向かった。%K%P
放課後になっても、昼休みに目にした千影さんの様子が気にかかったのだ。%K%P
放課後になっても、昼休みに目にした千影さんの様子が気にかかったのだ。%K%P
時間が経つごとにその違和感は膨らむばかりで、耐えかねた僕は思い切って行動に出ることにした。%K%P
時間が経つごとにその違和感は膨らむばかりで、耐えかねた僕は思い切って行動に出ることにした。%K%P
「それにしても……」%K%P
「それにしても……」%K%P
あのときの千影さん、なんだか寂しげにみえた。%K%P
あのときの千影さん、なんだか寂しげにみえた。%K%P
「どうしてだろう……？」%K%P
「どうしてだろう……？」%K%P
誰もいない廊下で独り言を漏らすが、誰も答えてくれないどころか、謎はグルグル回るばかりで答えは出ない。%K%P
誰もいない廊下で独り言を漏らすが、誰も答えてくれないどころか、謎はグルグル回るばかりで答えは出ない。%K%P
でも、こうやって改めて考えてみると、僕は千影さんのことを何も知らないんだと気付かされる。%K%P
でも、こうやって改めて考えてみると、僕は千影さんのことを何も知らないんだと気付かされる。%K%P
「うーん……」%K%P
「うーん……」%K%P
どうすれば、彼女を知ることができるのだろうか？%K%P
どうすれば、彼女を知ることができるのだろうか？%K%P
そして思いついた作戦が、親友の奏さんに尋ねてみることだった。%K%P
そして思いついた作戦が、親友の奏さんに尋ねてみることだった。%K%P
「えーっと……」%K%P
「えーっと……」%K%P
奏さんの教室に入り、見回してみても彼女の姿は見当たらなかった。%K%P
奏さんの教室に入り、見回してみても彼女の姿は見当たらなかった。%K%P
急いで来たつもりだったけど、もう帰宅しちゃったのかな？%K%P
急いで来たつもりだったけど、もう帰宅しちゃったのかな？%K%P
「あら、どうなさったの、いずみさん。うちのクラスに何か御用？」%K%P
「あら、どうなさったの、いずみさん。うちのクラスに何か御用？」%K%P
「ち、千影さんっ！？」%K%P
「ち、千影さんっ！？」%K%P
そうだった、肝心なことを忘れていた。%K%P
そうだった、肝心なことを忘れていた。%K%P
奏さんのクラスは千影さんのクラスでもある。彼女に見つかるのは当たり前だ。%K%P
奏さんのクラスは千影さんのクラスでもある。彼女に見つかるのは当たり前だ。%K%P
しかし、渦中の人が登場するという予期せぬ出来事に、僕はつい過剰に反応してしまう。%K%P
しかし、渦中の人が登場するという予期せぬ出来事に、僕はつい過剰に反応してしまう。%K%P
「どうしたの？　そんなに驚いて……」%K%P
「どうしたの？　そんなに驚いて……」%K%P
「な、なんでもないよ、なんでも……ははは」%K%P
「な、なんでもないよ、なんでも……ははは」%K%P
千影さんの事を聞きに来たのに、その張本人が目の前にいるというのは、少し気まずい思いになる。%K%P
千影さんの事を聞きに来たのに、その張本人が目の前にいるというのは、少し気まずい思いになる。%K%P
しかし彼女は、そんなことも知らず僕のことを不思議そうに見つめるだけだ。%K%P
しかし彼女は、そんなことも知らず僕のことを不思議そうに見つめるだけだ。%K%P
「うん。ちょっと奏さんに用事があったんだ。姿が見られないけど、ひょっとして、もう帰っちゃった？」%K%P
「うん。ちょっと奏さんに用事があったんだ。姿が見られないけど、ひょっとして、もう帰っちゃった？」%K%P
「奏？　奏なら音楽室に行ったわよ」%K%P
「奏？　奏なら音楽室に行ったわよ」%K%P
「音楽室……歌の練習をしに行ったんだね」%K%P
「音楽室……歌の練習をしに行ったんだね」%K%P
「そうね。今日は遅くまで練習すると言っていたかしら。一人で無理しなければいいのだけれど」%K%P
「そうね。今日は遅くまで練習すると言っていたかしら。一人で無理しなければいいのだけれど」%K%P
「音楽室だね、行ってみるよ。ありがとう千影さん」%K%P
「音楽室だね、行ってみるよ。ありがとう千影さん」%K%P
「ええ、どういたしまして。でも……いずみさんが奏に何の用？」%K%P
「ええ、どういたしまして。でも……いずみさんが奏に何の用？」%K%P
「え、えっと……」%K%P
「え、えっと……」%K%P
あなたの事を聞きに行くんですよ、とは言えず、僕は彼女の問いに困った笑みを浮かべることしかできなかった。%K%P
あなたの事を聞きに行くんですよ、とは言えず、僕は彼女の問いに困った笑みを浮かべることしかできなかった。%K%P
すると千影さんは、僕の表情を見て失言したと思ったのか、慌てて言葉を付け加える。%K%P
すると千影さんは、僕の表情を見て失言したと思ったのか、慌てて言葉を付け加える。%K%P
「ああ、いえ。悪く取らないで。いずみさんって、いつも綾香さんと一緒にいるイメージがあったから」%K%P
「ああ、いえ。悪く取らないで。いずみさんって、いつも綾香さんと一緒にいるイメージがあったから」%K%P
「一人で奏に会いに来たのが、ちょっとだけ意外だったの」%K%P
「一人で奏に会いに来たのが、ちょっとだけ意外だったの」%K%P
「え？　そんなことないよ。私だって一人で行動するよ。まあ、でも今日のは、個人的な用というか……」%K%P
「え？　そんなことないよ。私だって一人で行動するよ。まあ、でも今日のは、個人的な用というか……」%K%P
「いずみさん個人の？」%K%P
「いずみさん個人の？」%K%P
「うん。ちょっと、気になったことがあってね」%K%P
「うん。ちょっと、気になったことがあってね」%K%P
でも、それが千影さんの事情についてだと言えない。%K%P
でも、それが千影さんの事情についてだと言えない。%K%P
嘘をつくのは後ろめたいけど、ここじゃ誤魔化すことにした。%K%P
嘘をつくのは後ろめたいけど、ここじゃ誤魔化すことにした。%K%P
「{歌姫:ディーバ}のことで、まだ分からないとこが多くて……ちょっと教えてほしいなと思って」%K%P
「{歌姫:ディーバ}のことで、まだ分からないとこが多くて……ちょっと教えてほしいなと思って」%K%P
「なるほど。それなら奏に聞くのが一番ね。あの子、教え上手だからより適任だと思うわ」%K%P
「なるほど。それなら奏に聞くのが一番ね。あの子、教え上手だからより適任だと思うわ」%K%P
誇らしげに親友のことを語る彼女を見てて、ひとつの事実を思い出した。%K%P
誇らしげに親友のことを語る彼女を見てて、ひとつの事実を思い出した。%K%P
「そういえば、千影さんは去年のアリアに出たんだよね。{歌姫:ディーバ}を守る、{騎士:ワルキュリア}の一人として」%K%P
「そういえば、千影さんは去年のアリアに出たんだよね。{歌姫:ディーバ}を守る、{騎士:ワルキュリア}の一人として」%K%P
「そうね。ちゃんと活躍できていたのかは自信がないけれど」%K%P
「そうね。ちゃんと活躍できていたのかは自信がないけれど」%K%P
「そんな謙遜しないで。{騎士:ワルキュリア}がすごいのは知っているから」%K%P
「そんな謙遜しないで。{騎士:ワルキュリア}がすごいのは知っているから」%K%P
候補生の練習風景も何度か見ているけれど、その迫力にはいつも圧倒されっぱなしだった。%K%P
候補生の練習風景も何度か見ているけれど、その迫力にはいつも圧倒されっぱなしだった。%K%P
僕なんか誰かと戦うなんて想像すらできないのに、それなのに彼女たちは戦うことを恐れず、誇りを持ってその剣をふるうのだ。%K%P
僕なんか誰かと戦うなんて想像すらできないのに、それなのに彼女たちは戦うことを恐れず、誇りを持ってその剣をふるうのだ。%K%P
「あんまり持て囃さないでちょうだい。去年の私はまだまだ未熟だったもの」%K%P
「あんまり持て囃さないでちょうだい。去年の私はまだまだ未熟だったもの」%K%P
千影さんは頬に赤みを散らし、でもどこか困ったようにそう言った。%K%P
千影さんは頬に赤みを散らし、でもどこか困ったようにそう言った。%K%P
「去年のアリアかぁ。見る事ってできないのかなぁ」%K%P
「去年のアリアかぁ。見る事ってできないのかなぁ」%K%P
確か中継されるという話だったから、録画とかもされているのかも。%K%P
確か中継されるという話だったから、録画とかもされているのかも。%K%P
「…………」%K%P
「…………」%K%P
「千影さん……？」%K%P
「千影さん……？」%K%P
千影さんの雰囲気に陰が差している。そんな風に感じられた。%K%P
千影さんの雰囲気に陰が差している。そんな風に感じられた。%K%P
「いずみさん、奏に会いに行かなくていいの？」%K%P
「いずみさん、奏に会いに行かなくていいの？」%K%P
「う、うん……」%K%P
「う、うん……」%K%P
「教わるなら、早く行ったほうがいいわよ」%K%P
「教わるなら、早く行ったほうがいいわよ」%K%P
「そ、そうだね。ありがとう、千影さん」%K%P
「そ、そうだね。ありがとう、千影さん」%K%P
「ええ。さようなら」%K%P
「ええ。さようなら」%K%P
どこか素っ気なくして会話を打ち切り、彼女は自席に戻っていった。%K%P
どこか素っ気なくして会話を打ち切り、彼女は自席に戻っていった。%K%P
僕も思いのほか時間を使ってしまったことに気づき、慌てて足を返す。%K%P
僕も思いのほか時間を使ってしまったことに気づき、慌てて足を返す。%K%P
さっきの言葉……去年のアリアで、何かあったのだろうか。%K%P
さっきの言葉……去年のアリアで、何かあったのだろうか。%K%P
教室を出る前に、少し気になって千影さんの方を振り向いた。%K%P
教室を出る前に、少し気になって千影さんの方を振り向いた。%K%P
皆が帰り支度を済まし下校していく中、ポツンと千影さんだけが席に着いて、読書を始めている。%K%P
皆が帰り支度を済まし下校していく中、ポツンと千影さんだけが席に着いて、読書を始めている。%K%P
今日も、なかなか来ない送迎を待つのだろう。%K%P
今日も、なかなか来ない送迎を待つのだろう。%K%P
夕方の教室の中、一人っきりで。%K%P
夕方の教室の中、一人っきりで。%K%P
僕はますます、彼女のことが知りたいと思い教室を後にした。%K%P
僕はますます、彼女のことが知りたいと思い教室を後にした。%K%P
「あ、いた！」%K%P
「あ、いた！」%K%P
ひょいと覗いた音楽室には、ちょうど歌おうとしてる奏さんがいた。%K%P
ひょいと覗いた音楽室には、ちょうど歌おうとしてる奏さんがいた。%K%P
喉はれっきとした筋肉である。歌う前には入念にストレッチして、慣らさないといけない。%K%P
喉はれっきとした筋肉である。歌う前には入念にストレッチして、慣らさないといけない。%K%P
僕の漏らした声はバッチリと中にも届いたようで、ボイストレーニングの一環で開口チェックしていた奏さんがこっちに振り向く。%K%P
僕の漏らした声はバッチリと中にも届いたようで、ボイストレーニングの一環で開口チェックしていた奏さんがこっちに振り向く。%K%P
「あら、ご機嫌よう。いずみさんも練習ですか？」%K%P
「あら、ご機嫌よう。いずみさんも練習ですか？」%K%P
「あ、いえ。今日はそういうわけではなく」%K%P
「あ、いえ。今日はそういうわけではなく」%K%P
「そうなんですの？　でも、そんなところに立ってないで、入ってきてはいかがですか？」%K%P
「そうなんですの？　でも、そんなところに立ってないで、入ってきてはいかがですか？」%K%P
「そうだ。せっかくですから、一緒に練習いたしませんこと？」%K%P
「そうだ。せっかくですから、一緒に練習いたしませんこと？」%K%P
「え、そんな。奏さんの邪魔になっちゃうよ」%K%P
「え、そんな。奏さんの邪魔になっちゃうよ」%K%P
「邪魔だなんて。逆にお願いしたいくらいですわ。いずみさんの歌声、とても奇麗なのですもの」%K%P
「邪魔だなんて。逆にお願いしたいくらいですわ。いずみさんの歌声、とても奇麗なのですもの」%K%P
裏表のない褒め言葉に、僕の顔はきっと赤くなって、逃げるように俯いた。%K%P
裏表のない褒め言葉に、僕の顔はきっと赤くなって、逃げるように俯いた。%K%P
「そんな……奏さんの歌声も、すごく美しいです」%K%P
「そんな……奏さんの歌声も、すごく美しいです」%K%P
「うふふ。褒めたって何も出ませんわよ」%K%P
「うふふ。褒めたって何も出ませんわよ」%K%P
奏さんが柔和に微笑むと、僕の鼻先にふんわりと柔らかい花の香りが舞った。%K%P
奏さんが柔和に微笑むと、僕の鼻先にふんわりと柔らかい花の香りが舞った。%K%P
「いえ、ここで二人して褒めあってても、仕方ありませんわね」%K%P
「いえ、ここで二人して褒めあってても、仕方ありませんわね」%K%P
「あ、そうだった。ちょっと奏さんに用事があって……」%K%P
「あ、そうだった。ちょっと奏さんに用事があって……」%K%P
「用事？」%K%P
「用事？」%K%P
「うん。少し気になることがあって」%K%P
「うん。少し気になることがあって」%K%P
続きを言おうとして、僕は少しだけ言葉を止める。%K%P
続きを言おうとして、僕は少しだけ言葉を止める。%K%P
奏さんなら何か事情を知っているだろうと思って来たけど、でもそれってどうなんだろう。%K%P
奏さんなら何か事情を知っているだろうと思って来たけど、でもそれってどうなんだろう。%K%P
もし彼女が知っていたとしても、それを僕に教えてくれるとは限らないじゃないか。%K%P
もし彼女が知っていたとしても、それを僕に教えてくれるとは限らないじゃないか。%K%P
それが、親友である千影さんに関することだったなら、なおさら。%K%P
それが、親友である千影さんに関することだったなら、なおさら。%K%P
「どういたしました？　黙ってしまわれては分かりませんわ」%K%P
「どういたしました？　黙ってしまわれては分かりませんわ」%K%P
「ん～。えーと、ね。あのね」%K
「ん～。えーと、ね。あのね」%K
しかし、ここまで来てしまったのだ、今さらあとに引けない。%K%P
しかし、ここまで来てしまったのだ、今さらあとに引けない。%K%P
奥歯に引っかかるような逡巡を吹き飛ばして、思い切って伝えた。%K%P
奥歯に引っかかるような逡巡を吹き飛ばして、思い切って伝えた。%K%P
「千影さんのこと、なんだけどね」%K%P
「千影さんのこと、なんだけどね」%K%P
言葉の足りない問いかけだったが、それだけでおおよそのことを察知したのか、奏さんは柔和な笑みを少し堅くした。%K%P
言葉の足りない問いかけだったが、それだけでおおよそのことを察知したのか、奏さんは柔和な笑みを少し堅くした。%K%P
「そう……やっぱりそのことでしたのね」%K%P
「そう……やっぱりそのことでしたのね」%K%P
やがてそれは、何かを確信したような表情に変わる。%K%P
やがてそれは、何かを確信したような表情に変わる。%K%P
「察するに、いずみさんは千影がどうしてあんな公約を掲げているのか、お気になさっているんでしょう？」%K%P
「察するに、いずみさんは千影がどうしてあんな公約を掲げているのか、お気になさっているんでしょう？」%K%P
向こうから本題を言い当てられ、少し面食らった。%K%P
向こうから本題を言い当てられ、少し面食らった。%K%P
しかし、ここで怯む僕ではない。%K%P
しかし、ここで怯む僕ではない。%K%P
「はい、そうです。何かそこだけ妙に千影さんらしくないな、って」%K%P
「はい、そうです。何かそこだけ妙に千影さんらしくないな、って」%K%P
「ええ。他の多くの方も、お気になさってるようですわ」%K%P
「ええ。他の多くの方も、お気になさってるようですわ」%K%P
「それじゃあ……」%K%P
「それじゃあ……」%K%P
「ですが、それを私から申し上げるわけにはいきません」%K%P
「ですが、それを私から申し上げるわけにはいきません」%K%P
「そ、そうですか……」%K%P
「そ、そうですか……」%K%P
教えてもらえるものだと、一瞬期待をしたが、奏さんはビシャリと僕の問いをシャットアウトした。%K%P
教えてもらえるものだと、一瞬期待をしたが、奏さんはビシャリと僕の問いをシャットアウトした。%K%P
「いずみさんも、誰かの過去を無闇に詮索するのはお好きではないでしょう？」%K%P
「いずみさんも、誰かの過去を無闇に詮索するのはお好きではないでしょう？」%K%P
「はい……」%K%P
「はい……」%K%P
「そして、他人に自分の過去や秘密を吹聴されるのも、お好きではないはずです。私もいずみさんも、きっとそれは千影も」%K%P
「そして、他人に自分の過去や秘密を吹聴されるのも、お好きではないはずです。私もいずみさんも、きっとそれは千影も」%K%P
その言葉は正論で、女装して皆を騙している僕にも、当てはまる話だった。%K%P
その言葉は正論で、女装して皆を騙している僕にも、当てはまる話だった。%K%P
コソコソと自分の与り知らぬところで噂される嫌さは、知っていたはずなのに。%K%P
コソコソと自分の与り知らぬところで噂される嫌さは、知っていたはずなのに。%K%P
「そうです、よね。ごめんなさい、私、やっぱり今日は帰ります」%K%P
「そうです、よね。ごめんなさい、私、やっぱり今日は帰ります」%K%P
自分が入ってきたばかりのドアを振り返る。%K%P
自分が入ってきたばかりのドアを振り返る。%K%P
「ちょっと、急用を思い出しちゃって」%K%P
「ちょっと、急用を思い出しちゃって」%K%P
「千影に直接聞いていいと思いますよ」%K%P
「千影に直接聞いていいと思いますよ」%K%P
僕の背中に奏さんが言葉をかけた。%K%P
僕の背中に奏さんが言葉をかけた。%K%P
それは、ただの言葉だけど重さがあり、本当に背中を押されたかのような気分になる。%K%P
それは、ただの言葉だけど重さがあり、本当に背中を押されたかのような気分になる。%K%P
はは、奏さんには僕の目的がバレバレのようだ。%K%P
はは、奏さんには僕の目的がバレバレのようだ。%K%P
「ありがとうございます」%K%P
「ありがとうございます」%K%P
僕は振り返り、奏さんに深く頭を下げたのだった。%K%P
僕は振り返り、奏さんに深く頭を下げたのだった。%K%P
「ご機嫌よう」%K%P
「ご機嫌よう」%K%P
音楽室から取って返して、僕の心は再び千影さんに向いていた。%K%P
音楽室から取って返して、僕の心は再び千影さんに向いていた。%K%P
千影さんはまだ教室に残ってくれてるだろうか。%K%P
千影さんはまだ教室に残ってくれてるだろうか。%K%P
直接聞いてみよう、という思いもまだあるが、それよりも今は彼女に謝りたい気分だった。%K%P
直接聞いてみよう、という思いもまだあるが、それよりも今は彼女に謝りたい気分だった。%K%P
不愉快な気分にさせようとしちゃって、ごめんなさい。%K%P
不愉快な気分にさせようとしちゃって、ごめんなさい。%K%P
もちろん実際にそう言うわけにもいかない。%K%P
もちろん実際にそう言うわけにもいかない。%K%P
急に謝られてもただ混乱するだけだろうし、正直に打ち明けても余計な不快感を与えてしまうだけだ。%K%P
急に謝られてもただ混乱するだけだろうし、正直に打ち明けても余計な不快感を与えてしまうだけだ。%K%P
でもそれじゃあ、謝るのでも訊くのでもなかったら、僕はどうして今、千影さんに会いに行こうとしてるんだろう？%K%P
でもそれじゃあ、謝るのでも訊くのでもなかったら、僕はどうして今、千影さんに会いに行こうとしてるんだろう？%K%P
「どうして……」%K%P
「どうして……」%K%P
僕の思考は逃げるように横道、というか本題に戻っていった。%K%P
僕の思考は逃げるように横道、というか本題に戻っていった。%K%P
始まりは、千影さんが『不純同性交友の禁止』を提唱していることへの疑問だ。%K%P
始まりは、千影さんが『不純同性交友の禁止』を提唱していることへの疑問だ。%K%P
そして……。%K%P
そして……。%K%P
『ここの学生はみんな仲が良いね』%K%P
『ここの学生はみんな仲が良いね』%K%P
僕の何気ない言葉に対しての、千影さんの目……。%K%P
僕の何気ない言葉に対しての、千影さんの目……。%K%P
どこか悲しげで……切ない感じのあの目……。%K%P
どこか悲しげで……切ない感じのあの目……。%K%P
僕の勝手なイメージだけど、千影さんは他人に弱いところを決して見せない人のような気がしていた。%K%P
僕の勝手なイメージだけど、千影さんは他人に弱いところを決して見せない人のような気がしていた。%K%P
例え、本当に弱っていたとしても。%K%P
例え、本当に弱っていたとしても。%K%P
そんな千影さんがふと見せた弱い自分。%K%P
そんな千影さんがふと見せた弱い自分。%K%P
その正体が気になっていた。%K%P
その正体が気になっていた。%K%P
「はぁ……」%K%P
「はぁ……」%K%P
そしていろんなことを考えているうちに、千影さんの教室までたどり着いてしまった。%K%P
そしていろんなことを考えているうちに、千影さんの教室までたどり着いてしまった。%K%P
彼女はいるだろうか……？%K%P
彼女はいるだろうか……？%K%P
扉を開けた瞬間、すうっとした爽やかな風が吹き、僕の時間が止まった。%K%P
扉を開けた瞬間、すうっとした爽やかな風が吹き、僕の時間が止まった。%K%P
茜色のガランとした教室。その中に一人取り残された少女が、夕陽に照らされながら、ペラリと本のページをめくる。%K%P
茜色のガランとした教室。その中に一人取り残された少女が、夕陽に照らされながら、ペラリと本のページをめくる。%K%P
綺麗だ……ただ純粋に、そう思った。%K%P
綺麗だ……ただ純粋に、そう思った。%K%P
「あら、いずみさん？　奏とは会えたの？」%K%P
「あら、いずみさん？　奏とは会えたの？」%K%P
「え？　あっ、う、うん……」%K%P
「え？　あっ、う、うん……」%K%P
ふいの言葉に意表をつかれて、つい間の抜けた声を出してしまう。%K%P
ふいの言葉に意表をつかれて、つい間の抜けた声を出してしまう。%K%P
「いずみさん？　どうしたのよ、そんな固まって」%K%P
「いずみさん？　どうしたのよ、そんな固まって」%K%P
「う、うん。こっち戻ってきちゃった。ごめんね、読書中に」%K%P
「う、うん。こっち戻ってきちゃった。ごめんね、読書中に」%K%P
「気にしないで。ちょうど読み終わるところだから」%K%P
「気にしないで。ちょうど読み終わるところだから」%K%P
「その……千影さんはまだお迎え待ち？　いつもこんな遅いの？」%K%P
「その……千影さんはまだお迎え待ち？　いつもこんな遅いの？」%K%P
「ええ。私の家は学園までの距離があるから、到着するまで時間がかかるのよ」%K%P
「ええ。私の家は学園までの距離があるから、到着するまで時間がかかるのよ」%K%P
「そっか。決まった時間に来てもらうってことはできないの？」%K%P
「そっか。決まった時間に来てもらうってことはできないの？」%K%P
「私に放課後の用が入ることもあるし、運転手さんにも同じことが言えるでしょう？」%K%P
「私に放課後の用が入ることもあるし、運転手さんにも同じことが言えるでしょう？」%K%P
「それに私、こうして放課後にひとりで本を読むのが好きなの。このときだけは時間の流れがゆっくりな気がして」%K%P
「それに私、こうして放課後にひとりで本を読むのが好きなの。このときだけは時間の流れがゆっくりな気がして」%K%P
「え……？　時間の流れが、ゆっくり？」%K%P
「え……？　時間の流れが、ゆっくり？」%K%P
間抜けにオウム返しした僕に、彼女はどことなく嬉しそうにはにかむ。%K%P
間抜けにオウム返しした僕に、彼女はどことなく嬉しそうにはにかむ。%K%P
「そうよ。誰もいない、静かな教室で本を読むと、まるで時間が止まったように感じるの」%K%P
「そうよ。誰もいない、静かな教室で本を読むと、まるで時間が止まったように感じるの」%K%P
窓の外を眺め、まるでそこに夢の内容を想い描いているかのような無防備な横顔に、ドキン、と胸が小突かれた。%K%P
窓の外を眺め、まるでそこに夢の内容を想い描いているかのような無防備な横顔に、ドキン、と胸が小突かれた。%K%P
「でも良かったの？　本。栞も挟まずに閉じちゃって」%K%P
「でも良かったの？　本。栞も挟まずに閉じちゃって」%K%P
「ええ、気にしないで。何度も読んでる本だし、ちょうどキリの良いところだったから」%K%P
「ええ、気にしないで。何度も読んでる本だし、ちょうどキリの良いところだったから」%K%P
表紙を傾けて見せてくれたタイトルは、僕でも知っているような有名な作家の作品だった。%K%P
表紙を傾けて見せてくれたタイトルは、僕でも知っているような有名な作家の作品だった。%K%P
「懐かしい……私もその本、大好きだったな。小さい頃はたくさん読んだけど、最近はあまり読んでなくて……」%K%P
「懐かしい……私もその本、大好きだったな。小さい頃はたくさん読んだけど、最近はあまり読んでなくて……」%K%P
主人公の少年が親友と鉄道に乗って銀河を旅する話。%K%P
主人公の少年が親友と鉄道に乗って銀河を旅する話。%K%P
同じ鉄道に乗った乗客が次々降りていくなか、どこまでも旅をしようとふたりは約束する。%K%P
同じ鉄道に乗った乗客が次々降りていくなか、どこまでも旅をしようとふたりは約束する。%K%P
「カムパネルラ、また僕たちふたりきりになったね。どこまでもどこまでも一緒にいこう」%K%P
「カムパネルラ、また僕たちふたりきりになったね。どこまでもどこまでも一緒にいこう」%K%P
千影さんが言ったそのセリフは、物語のクライマックスで主人公が親友に向けて言うセリフだ。%K%P
千影さんが言ったそのセリフは、物語のクライマックスで主人公が親友に向けて言うセリフだ。%K%P
その言葉は、ずいぶんと懐かしい。%K%P
その言葉は、ずいぶんと懐かしい。%K%P
小さい頃、よく絵本で読み聞かせてもらってたっけ。%K%P
小さい頃、よく絵本で読み聞かせてもらってたっけ。%K%P
確か、その続きは……。%K%P
確か、その続きは……。%K%P
「僕はもう、あのさそりのように、本当の幸いのためなら、僕の身体なんて百ぺん焼いても構わない」%K%P
「僕はもう、あのさそりのように、本当の幸いのためなら、僕の身体なんて百ぺん焼いても構わない」%K%P
記憶の中で絵本を探し、その一文を読み上げた。%K%P
記憶の中で絵本を探し、その一文を読み上げた。%K%P
「よく知っているわね。さすがはいずみさんといったところかしら」%K%P
「よく知っているわね。さすがはいずみさんといったところかしら」%K%P
「そ、そんなことないよ……たまたま覚えてただけで……」%K%P
「そ、そんなことないよ……たまたま覚えてただけで……」%K%P
「それでも、すごいわ」%K%P
「それでも、すごいわ」%K%P
彼女はそう言って、柔らかく微笑んだ。%K%P
彼女はそう言って、柔らかく微笑んだ。%K%P
その瞳で見つめられるのが気恥ずかしくて、僕は咄嗟に話題を変える。%K%P
その瞳で見つめられるのが気恥ずかしくて、僕は咄嗟に話題を変える。%K%P
「で、でも！　千影さんこういうの読むんだ。もっと難しそうなの読んでるかと思ってた」%K%P
「で、でも！　千影さんこういうの読むんだ。もっと難しそうなの読んでるかと思ってた」%K%P
「あら、私は童話を読んでいたらおかしいかしら？」%K%P
「あら、私は童話を読んでいたらおかしいかしら？」%K%P
「いやいや！　そんなこと言ってないよ！」%K%P
「いやいや！　そんなこと言ってないよ！」%K%P
「ふふっ、冗談よ。でも確かに、お堅いイメージのある私が、童話や純文学を読んでいるのは、他の人からすれば変よね」%K%P
「ふふっ、冗談よ。でも確かに、お堅いイメージのある私が、童話や純文学を読んでいるのは、他の人からすれば変よね」%K%P
「そんなことはないと思うけど……でも、確かにイメージには無かったかな」%K%P
「そんなことはないと思うけど……でも、確かにイメージには無かったかな」%K%P
「でも、幼い頃に読んだ本を、成長してからもう１度読み返すと、新しい発見があるの」%K%P
「でも、幼い頃に読んだ本を、成長してからもう１度読み返すと、新しい発見があるの」%K%P
「新しい発見？」%K%P
「新しい発見？」%K%P
「ええ。作品のメッセージ性に気付くというか、初めて読んだときのイメージとは違った雰囲気があって……」%K%P
「ええ。作品のメッセージ性に気付くというか、初めて読んだときのイメージとは違った雰囲気があって……」%K%P
「あの頃はわからなかった登場人物の心情に触れると、作品の奥深さを良く知ることができる」%K%P
「あの頃はわからなかった登場人物の心情に触れると、作品の奥深さを良く知ることができる」%K%P
「何だか不思議な話だね。成長したからなのかな」%K%P
「何だか不思議な話だね。成長したからなのかな」%K%P
「ええ、そうかもしれないわね」%K%P
「ええ、そうかもしれないわね」%K%P
「千影さんは、他にはどんな本を読むの？」%K%P
「千影さんは、他にはどんな本を読むの？」%K%P
「うーん、そうねぇ……基本的に読書に関しては雑食よ？　面白そうだと思ったものは、片っ端から読んでいくわ」%K%P
「うーん、そうねぇ……基本的に読書に関しては雑食よ？　面白そうだと思ったものは、片っ端から読んでいくわ」%K%P
「あ、私も色々な本を読むよ」%K%P
「あ、私も色々な本を読むよ」%K%P
漠然とした答えになってしまったが、千影さんは可愛らしく控えめに微笑むのがわかった。%K%P
漠然とした答えになってしまったが、千影さんは可愛らしく控えめに微笑むのがわかった。%K%P
「それじゃあ、こんなのは知ってるかしら？」%K%P
「それじゃあ、こんなのは知ってるかしら？」%K%P
「わたしはあなたがたに、精神の三段の変化について語ろう」%K%P
「わたしはあなたがたに、精神の三段の変化について語ろう」%K%P
「{駱駝:らくだ}の精神がどのようにして獅子となり、そして最後に幼な子になるのか」%K%P
「{駱駝:らくだ}の精神がどのようにして獅子となり、そして最後に幼な子になるのか」%K%P
千影さんの言葉に続けて、私が物語の続きを紡ぐ。%K%P
千影さんの言葉に続けて、私が物語の続きを紡ぐ。%K%P
「驚いたわ……いずみさん、博学なのね」%K%P
「驚いたわ……いずみさん、博学なのね」%K%P
「たまたまだよ。偶然知ってただけ。本の知識じゃ千影さんに叶わないよ」%K%P
「たまたまだよ。偶然知ってただけ。本の知識じゃ千影さんに叶わないよ」%K%P
「でもオペラだったら、留学先で何度も見たから、他の人よりは詳しいかな？」%K%P
「でもオペラだったら、留学先で何度も見たから、他の人よりは詳しいかな？」%K%P
「オペラ、となると仮面を付けた怪人の？」%K%P
「オペラ、となると仮面を付けた怪人の？」%K%P
「うん。日本だとそれが有名だよね。向こうで見たのはワーグナーのが多かったかな。千影さんはオペラ見たことある？」%K%P
「うん。日本だとそれが有名だよね。向こうで見たのはワーグナーのが多かったかな。千影さんはオペラ見たことある？」%K%P
「それが一度も無いのよ。作品の内容は知っているのだけど、やっぱり本物も見てみたいと日頃から思ってるの」%K%P
「それが一度も無いのよ。作品の内容は知っているのだけど、やっぱり本物も見てみたいと日頃から思ってるの」%K%P
「ねえ、良ければ今度、オペラの話をじっくり聞かせてくれない？」%K%P
「ねえ、良ければ今度、オペラの話をじっくり聞かせてくれない？」%K%P
「喜んで」%K%P
「喜んで」%K%P
お互いに笑みを重ねる。同好の士との話はついつい弾んでしまう。%K%P
お互いに笑みを重ねる。同好の士との話はついつい弾んでしまう。%K%P
「オペラはやっぱり、自分なんかじゃ絶対にマネできないなって、いつも思い知らされる」%K%P
「オペラはやっぱり、自分なんかじゃ絶対にマネできないなって、いつも思い知らされる」%K%P
「いずみさんも挑戦してみたことがあるのね？　オペラを」%K%P
「いずみさんも挑戦してみたことがあるのね？　オペラを」%K%P
「少し。演劇をアレンジしたのを授業でやったことがあるんだ。シェークスピアの悲劇と喜劇を中心に」%K%P
「少し。演劇をアレンジしたのを授業でやったことがあるんだ。シェークスピアの悲劇と喜劇を中心に」%K%P
「いずみさんが挑戦したのは、どんな話なの？」%K%P
「いずみさんが挑戦したのは、どんな話なの？」%K%P
「えっと……私が挑戦したのは四大悲劇の一つ。娘に裏切られた老王の話で、そこに出てくる三人の娘の一人」%K%P
「えっと……私が挑戦したのは四大悲劇の一つ。娘に裏切られた老王の話で、そこに出てくる三人の娘の一人」%K%P
「お姫様、ということね。悲劇を歌う姫。そんないずみさんが{歌姫:ディーバ}を務めるなんて、運命的ね」%K%P
「お姫様、ということね。悲劇を歌う姫。そんないずみさんが{歌姫:ディーバ}を務めるなんて、運命的ね」%K%P
「あはは……そうだね。流石にこっちみたいにドレスまでは着なかったけど」%K%P
「あはは……そうだね。流石にこっちみたいにドレスまでは着なかったけど」%K%P
こうして考えると、女装にそれほど抵抗がなかったのって向こうでも似たようなことしてたからなのかも。%K%P
こうして考えると、女装にそれほど抵抗がなかったのって向こうでも似たようなことしてたからなのかも。%K%P
「次は、いずみさんの歌ってきた歌の話とか、聞かせてくれない？」%K%P
「次は、いずみさんの歌ってきた歌の話とか、聞かせてくれない？」%K%P
「え？　良いの？　歌の話になったら僕、止まらなくなると思うよ？」%K%P
「え？　良いの？　歌の話になったら僕、止まらなくなると思うよ？」%K%P
「ん？　『僕』？」%K%P
「ん？　『僕』？」%K%P
失言に気付いて口を押さえた時にはすでに遅し。僕の顔は青くなった。%K%P
失言に気付いて口を押さえた時にはすでに遅し。僕の顔は青くなった。%K%P
「あ……」%K%P
「あ……」%K%P
「って、そうじゃなくて全然違くて、私ね。わ、私、言い間違えちゃった！」%K%P
「って、そうじゃなくて全然違くて、私ね。わ、私、言い間違えちゃった！」%K%P
慌てて誤魔化しに入る僕だったが、千影さんは訝しむどころかむしろ笑ってみせた。%K%P
慌てて誤魔化しに入る僕だったが、千影さんは訝しむどころかむしろ笑ってみせた。%K%P
「うふふっ。そんな大袈裟に否定しなくても良いのに。あ、いずみさんって自分を僕と呼んでた頃があったのでしょう？」%K%P
「うふふっ。そんな大袈裟に否定しなくても良いのに。あ、いずみさんって自分を僕と呼んでた頃があったのでしょう？」%K%P
「いや、そんな、全然！　私は生まれてからずっと私よ！　ええ」%K%P
「いや、そんな、全然！　私は生まれてからずっと私よ！　ええ」%K%P
弁解したがその甲斐なく、何が面白いのか、千影さんは余計に笑みを深めた。%K%P
弁解したがその甲斐なく、何が面白いのか、千影さんは余計に笑みを深めた。%K%P
「いえ、ごめんなさい。おかしいと思ったわけじゃなくて、慌てるのが微笑ましくて」%K%P
「いえ、ごめんなさい。おかしいと思ったわけじゃなくて、慌てるのが微笑ましくて」%K%P
「ちょ、笑わないでよ！　怒るよ！」%K%P
「ちょ、笑わないでよ！　怒るよ！」%K%P
どうやら怪しまれてないと分かり、安堵した僕は口までもが軽くなった。%K%P
どうやら怪しまれてないと分かり、安堵した僕は口までもが軽くなった。%K%P
いつしか僕たちは時が経つのも忘れて、長い時間話し込んでいた。%K%P
いつしか僕たちは時が経つのも忘れて、長い時間話し込んでいた。%K%P
「ふえっ！」%K%P
「ふえっ！」%K%P
いきなり無機質なコール音が割り込んできて、うっかり素っ頓狂な声が出た。%K%P
いきなり無機質なコール音が割り込んできて、うっかり素っ頓狂な声が出た。%K%P
肩を跳ねさせた千影さんが、慌ててバッグの中から携帯を取り出す。%K%P
肩を跳ねさせた千影さんが、慌ててバッグの中から携帯を取り出す。%K%P
「迎えが着いたみたいね。メールで済ませてといつも言ってるのに」%K%P
「迎えが着いたみたいね。メールで済ませてといつも言ってるのに」%K%P
「それ、早く取らなくていいの？」%K%P
「それ、早く取らなくていいの？」%K%P
「良いの」%K%P
「良いの」%K%P
厳しく言い、千影さんはボタンを押して着信を切ってしまった。%K%P
厳しく言い、千影さんはボタンを押して着信を切ってしまった。%K%P
沈黙した携帯を制服のポケットに仕舞い、千影さんは立ち上がる。%K%P
沈黙した携帯を制服のポケットに仕舞い、千影さんは立ち上がる。%K%P
「ごめんなさいね、こんな遅くまで」%K%P
「ごめんなさいね、こんな遅くまで」%K%P
「ううん、大丈夫だよ。むしろ引き止めたのは私のほうだし」%K%P
「ううん、大丈夫だよ。むしろ引き止めたのは私のほうだし」%K%P
「そう？　でも、楽しい時間を過ごせたわ」%K%P
「そう？　でも、楽しい時間を過ごせたわ」%K%P
「うん、それは私も」%K%P
「うん、それは私も」%K%P
ドアに向かおうとする千影さんを追いかけるように、僕も席を立った。%K%P
ドアに向かおうとする千影さんを追いかけるように、僕も席を立った。%K%P
「良かったら正門まで送っていくよ」%K%P
「良かったら正門まで送っていくよ」%K%P
「ふふっ……うふふふふっ」%K%P
「ふふっ……うふふふふっ」%K%P
「ど、どうして笑うの」%K%P
「ど、どうして笑うの」%K%P
「あはは、だって、いずみさん、まるで男の子みたいなことを言うんだもの。送っていく、だなんて」%K%P
「あはは、だって、いずみさん、まるで男の子みたいなことを言うんだもの。送っていく、だなんて」%K%P
「あ……そ、その別に他意はなくて」%K%P
「あ……そ、その別に他意はなくて」%K%P
「ええ、分かってるわ。男の子みたい、ってこっちが勝手に思っただけだもの。でも、いずみさんにも{騎士:ワルキュリア}の資格があるのかもね？　何たって、僕なのだから」%K%P
「ええ、分かってるわ。男の子みたい、ってこっちが勝手に思っただけだもの。でも、いずみさんにも{騎士:ワルキュリア}の資格があるのかもね？　何たって、僕なのだから」%K%P
「ち、千影さん！　からかわないでよっ、もう」%K%P
「ち、千影さん！　からかわないでよっ、もう」%K%P
ごめんごめん、というように手の平が向けられた。彼女はまだ含み笑いで僕を見てる。%K%P
ごめんごめん、というように手の平が向けられた。彼女はまだ含み笑いで僕を見てる。%K%P
「送ってくれるのはありがたいのだけど、でもいずみさんは寮でしょう？　遠回りさせては悪いわ」%K%P
「送ってくれるのはありがたいのだけど、でもいずみさんは寮でしょう？　遠回りさせては悪いわ」%K%P
「別にそんなことないけど……」%K%P
「別にそんなことないけど……」%K%P
釈然としなかったが、ここで食い下がってもからかいのネタを与えてしまうだけだ。%K%P
釈然としなかったが、ここで食い下がってもからかいのネタを与えてしまうだけだ。%K%P
そうやって口を噤んだ僕が、それはそれで面白かったのか千影さんはこっそり笑い、%K%P
そうやって口を噤んだ僕が、それはそれで面白かったのか千影さんはこっそり笑い、%K%P
「ふふっ。それじゃあまたね、いずみさん。またゆっくりお話しましょう？」%K%P
「ふふっ。それじゃあまたね、いずみさん。またゆっくりお話しましょう？」%K%P
「うん。またね。千影さん」%K%P
「うん。またね。千影さん」%K%P
軽く手を振りあって、千影さんは教室を出ていった。%K%P
軽く手を振りあって、千影さんは教室を出ていった。%K%P
ぼんやりと眺めた東の空からは、夕焼けを押し退けて闇が近づいてきている。%K%P
ぼんやりと眺めた東の空からは、夕焼けを押し退けて闇が近づいてきている。%K%P
部活動の音も聞こえない。キーンコーンと鐘の音が響く。そろそろ完全下校時間なのだ。%K%P
部活動の音も聞こえない。キーンコーンと鐘の音が響く。そろそろ完全下校時間なのだ。%K%P
「――あ。って、いけない……！」%K%P
「――あ。って、いけない……！」%K%P
カバンをクラスに置きっ放しだったことを思い出し、僕は急いで取りに行った。%K%P
カバンをクラスに置きっ放しだったことを思い出し、僕は急いで取りに行った。%K%P
