「――本年度のプリンチペッサ・プレギエーラを無事に迎えられたこと、大変嬉しく思います」%K%P
「――本年度のプリンチペッサ・プレギエーラを無事に迎えられたこと、大変嬉しく思います」%K%P
「{騎士:ワルキュリア}に選ばれた方、{歌姫:ディーバ}を演じる方は勿論、深皇学園に学ぶ全ての皆さん。共に、心ゆくまで深皇祭を楽しみましょう」%K%P
「{騎士:ワルキュリア}に選ばれた方、{歌姫:ディーバ}を演じる方は勿論、深皇学園に学ぶ全ての皆さん。共に、心ゆくまで深皇祭を楽しみましょう」%K%P
正装に身を包み、貴賓席に立つ法子さんがあいさつの言葉を述べる。%K%P
正装に身を包み、貴賓席に立つ法子さんがあいさつの言葉を述べる。%K%P
今朝は自信なさげな事を言っていたけれど、微塵もそんな様子は見えなかった。%K%P
今朝は自信なさげな事を言っていたけれど、微塵もそんな様子は見えなかった。%K%P
「では、学園長代理のご挨拶に続き、競技ルールの説明に移りたいと思います」%K%P
「では、学園長代理のご挨拶に続き、競技ルールの説明に移りたいと思います」%K%P
粛々と開会式は進んでいく……この始まる前の緊張感ってのは、どうにも慣れないものだ。%K%P
粛々と開会式は進んでいく……この始まる前の緊張感ってのは、どうにも慣れないものだ。%K%P
運動会で短距離走の順番を待っている時とか、コンクールで前の歌い手が歌い終わるまで待機してる時みたいだ。%K%P
運動会で短距離走の順番を待っている時とか、コンクールで前の歌い手が歌い終わるまで待機してる時みたいだ。%K%P
綾香さんが穏やかな笑みを浮かべている。うん、リラックスしているな。%K%P
綾香さんが穏やかな笑みを浮かべている。うん、リラックスしているな。%K%P
美琴さんは……いつもと変らないな。彼女は僕らのチームの要だよね。%K%P
美琴さんは……いつもと変らないな。彼女は僕らのチームの要だよね。%K%P
ことりちゃん、顔、引きつってる……ふふ、直ぐ表情に出るんだから。%K%P
ことりちゃん、顔、引きつってる……ふふ、直ぐ表情に出るんだから。%K%P
「――となります。なお、{最優秀騎士:ブリランテ}の選出につきましては、各{騎士:ワルキュリア}、{歌姫:ディーバ}から１票づつ、各学年から１票づつの計１１票」%K%P
「――となります。なお、{最優秀騎士:ブリランテ}の選出につきましては、各{騎士:ワルキュリア}、{歌姫:ディーバ}から１票づつ、各学年から１票づつの計１１票」%K%P
「一番多く投票された{騎士:ワルキュリア}が本年度の{最優秀騎士:ブリランテ}となります」%K%P
「一番多く投票された{騎士:ワルキュリア}が本年度の{最優秀騎士:ブリランテ}となります」%K%P
「なお、{騎士:ワルキュリア}は自分自身に投票する事は出来ませんので、あらかじめご了承ください」%K%P
「なお、{騎士:ワルキュリア}は自分自身に投票する事は出来ませんので、あらかじめご了承ください」%K%P
ルールの方は何度も繰り返し読み込んで、頭に叩き込んである。%K%P
ルールの方は何度も繰り返し読み込んで、頭に叩き込んである。%K%P
今の説明も、{騎士:ワルキュリア}や{歌姫:ディーバ}向けというよりも、見てくれる人に周知させるものだろう。%K%P
今の説明も、{騎士:ワルキュリア}や{歌姫:ディーバ}向けというよりも、見てくれる人に周知させるものだろう。%K%P
「――以上となります。それでは、参加者の皆様、正々堂々とプリンチペッサ・プレギエーラを戦い抜いて下さい」%K%P
「――以上となります。それでは、参加者の皆様、正々堂々とプリンチペッサ・プレギエーラを戦い抜いて下さい」%K%P
{騎士:ワルキュリア}が武具をかざし、{歌姫:ディーバ}は胸に手を添え、そして学園生が姿勢を正す。%K%P
{騎士:ワルキュリア}が武具をかざし、{歌姫:ディーバ}は胸に手を添え、そして学園生が姿勢を正す。%K%P
講堂に、乙女達の声が響き渡る。%K%P
講堂に、乙女達の声が響き渡る。%K%P
「姫に誓って！」%K%P
「姫に誓って！」%K%P
