授業の終りをチャイムが告げる。当番の子が号令を掛けて僕らは挨拶をした。%K%P
授業の終りをチャイムが告げる。当番の子が号令を掛けて僕らは挨拶をした。%K%P
机と椅子をガタガタと鳴らし、クラスの子達が教室を出て行く。%K%P
机と椅子をガタガタと鳴らし、クラスの子達が教室を出て行く。%K%P
学生会の活動に向かったり、部活動の為にグラウンドに向かったり……中には、お茶をするために食堂に向かう子もいたりして。%K%P
学生会の活動に向かったり、部活動の為にグラウンドに向かったり……中には、お茶をするために食堂に向かう子もいたりして。%K%P
いつもの風景、繰り返される光景……けど、もう僕はあと数回しか見ることが出来ない。%K%P
いつもの風景、繰り返される光景……けど、もう僕はあと数回しか見ることが出来ない。%K%P
「いずみさん、お疲れ様」%K%P
「いずみさん、お疲れ様」%K%P
「…………」%K%P
「…………」%K%P
「ん、いずみさん、どうしたの？　おーい、起きてますかぁ～」%K%P
「ん、いずみさん、どうしたの？　おーい、起きてますかぁ～」%K%P
「あっ、お、起きてる起きてる。なに、美琴さん」%K%P
「あっ、お、起きてる起きてる。なに、美琴さん」%K%P
「んもう、ぼーっとしちゃってさ。あ、もしかして……あたしとお別れするのが、寂しくなっちゃったとか？」%K%P
「んもう、ぼーっとしちゃってさ。あ、もしかして……あたしとお別れするのが、寂しくなっちゃったとか？」%K%P
「あは、そうかもしれない。美琴さんにはもちろん、綾香さんにも随分とお世話になったからね」%K%P
「あは、そうかもしれない。美琴さんにはもちろん、綾香さんにも随分とお世話になったからね」%K%P
不慣れな学園生活において、この二人には色々と助けてもらった。%K%P
不慣れな学園生活において、この二人には色々と助けてもらった。%K%P
何不自由無く過ごせたのも、彼女達のお陰だろう。%K%P
何不自由無く過ごせたのも、彼女達のお陰だろう。%K%P
「あ……図星なの。うーん、茶化したつもりだったんだけど。なんだか、しんみりしちゃうわ」%K%P
「あ……図星なの。うーん、茶化したつもりだったんだけど。なんだか、しんみりしちゃうわ」%K%P
「ふふ、美琴ったら。あのね、いずみさん、今夜時間あるかな？　お引っ越しの準備とかで忙しい？」%K%P
「ふふ、美琴ったら。あのね、いずみさん、今夜時間あるかな？　お引っ越しの準備とかで忙しい？」%K%P
「大丈夫だよ。荷造りといっても、元から私物も少ないし、ほとんど終わってるから」%K%P
「大丈夫だよ。荷造りといっても、元から私物も少ないし、ほとんど終わってるから」%K%P
「それなら良かった。あのね、寮生の子達と、いずみさんの送別会をしようと思って。法子さんの許可も取ってるし」%K%P
「それなら良かった。あのね、寮生の子達と、いずみさんの送別会をしようと思って。法子さんの許可も取ってるし」%K%P
「あいにく姉さんは忙しいらしくて、後から参加になるみたいだけど。今頃希実達が準備に入ってるんじゃないかしら」%K%P
「あいにく姉さんは忙しいらしくて、後から参加になるみたいだけど。今頃希実達が準備に入ってるんじゃないかしら」%K%P
「えっ！　そ、そんな……なんだか悪いような気がするなあ」%K%P
「えっ！　そ、そんな……なんだか悪いような気がするなあ」%K%P
口ではそう言ったものの……正直なところ嬉しい。%K%P
口ではそう言ったものの……正直なところ嬉しい。%K%P
留学したときは多少、そんなこともあったけれど、男性ということもあって、照れくささも手伝い、ささやかなものだった。%K%P
留学したときは多少、そんなこともあったけれど、男性ということもあって、照れくささも手伝い、ささやかなものだった。%K%P
やっぱり女の子って集って賑やかなのが好きなんだよね。%K%P
やっぱり女の子って集って賑やかなのが好きなんだよね。%K%P
「みんな、どうしてもしたいって言って。もちろん、私達も賛同したけどね」%K%P
「みんな、どうしてもしたいって言って。もちろん、私達も賛同したけどね」%K%P
「そうだ、いずみさん、他にも来られる子がいたら、誘って頂戴」%K%P
「そうだ、いずみさん、他にも来られる子がいたら、誘って頂戴」%K%P
「そうね。うん、楓さんとかお呼びしたらどうかしら？　佳様との一戦のお話も聞きたいし。どうせなら賑やかな会にしましょう」%K%P
「そうね。うん、楓さんとかお呼びしたらどうかしら？　佳様との一戦のお話も聞きたいし。どうせなら賑やかな会にしましょう」%K%P
「そうそう。夕陽ちゃんやことりちゃんなんて、半べそ掻いちゃっててね……いまからあれじゃ、思いやられるわ」%K%P
「そうそう。夕陽ちゃんやことりちゃんなんて、半べそ掻いちゃっててね……いまからあれじゃ、思いやられるわ」%K%P
「あら？　美琴だって、昨晩ずいぶん泣……」%K%P
「あら？　美琴だって、昨晩ずいぶん泣……」%K%P
「え、昨晩……なに？」%K%P
「え、昨晩……なに？」%K%P
「あ、綾香！？　な、なんでもないんだから！　と、とにかく出席と言うことでＯＫね？」%K%P
「あ、綾香！？　な、なんでもないんだから！　と、とにかく出席と言うことでＯＫね？」%K%P
「う、うん。参加させてもらうね」%K%P
「う、うん。参加させてもらうね」%K%P
「よしっと。アリアに出られなかったんだもの、今晩くらいは騒がせてもらうわっ」%K%P
「よしっと。アリアに出られなかったんだもの、今晩くらいは騒がせてもらうわっ」%K%P
「それじゃ、いずみさん、{後:のち}ほどね。綾香、準備しに行くわよ？」%K%P
「それじゃ、いずみさん、{後:のち}ほどね。綾香、準備しに行くわよ？」%K%P
「ふふ、はいはい。それじゃいずみさん、後でね」%K%P
「ふふ、はいはい。それじゃいずみさん、後でね」%K%P
「うん、楽しみにしてるから！　バイバイ」%K%P
「うん、楽しみにしてるから！　バイバイ」%K%P
慌てて教室を出て行く美琴さんと、口元に手を置いてついていく綾香さん。%K%P
慌てて教室を出て行く美琴さんと、口元に手を置いてついていく綾香さん。%K%P
なんだかいつもと立場が逆転してるし。%K%P
なんだかいつもと立場が逆転してるし。%K%P
「ふふふ。さてと……まだ時間ありそうだし、寄ってみるかな」%K%P
「ふふふ。さてと……まだ時間ありそうだし、寄ってみるかな」%K%P
急に楓に会いたくなってしまった。%K%P
急に楓に会いたくなってしまった。%K%P
僕はカバンを手に取ると、席を離れた。%K%P
僕はカバンを手に取ると、席を離れた。%K%P
