いよいよ深皇祭当日となった。%K%P
いよいよ深皇祭当日となった。%K%P
{principessa/preghiera:プリンチペッサ・プレギエーラ}のためにがんばってきたみんなの努力がここに結実したのかと思うと感慨深い。%K%P
{principessa/preghiera:プリンチペッサ・プレギエーラ}のためにがんばってきたみんなの努力がここに結実したのかと思うと感慨深い。%K%P
途中でなんども冷や冷やさせられたけど、僕もどうにか女装がバレずにここまでやってこれた。%K%P
途中でなんども冷や冷やさせられたけど、僕もどうにか女装がバレずにここまでやってこれた。%K%P
後はどんな結果に終わるかだけど――%K%P
後はどんな結果に終わるかだけど――%K%P
もちろん、アリアの成功を目指して最後まで美琴さんとがんばるつもりだ。%K%P
もちろん、アリアの成功を目指して最後まで美琴さんとがんばるつもりだ。%K%P
くじ引きで指定された所定の場所で開始を静かに待つ。%K%P
くじ引きで指定された所定の場所で開始を静かに待つ。%K%P
スタートしたら、美琴さんが事前に決めた作戦に基づいて行動を起こす。%K%P
スタートしたら、美琴さんが事前に決めた作戦に基づいて行動を起こす。%K%P
といっても、それほど奇をてらったものではない。%K%P
といっても、それほど奇をてらったものではない。%K%P
{歌姫:ディーバ}の僕は開始地点から移動しない。他の{騎士:ワルキュリア}たちは個別に僕の居場所を探索するという、オーソドックスなものだ。%K%P
{歌姫:ディーバ}の僕は開始地点から移動しない。他の{騎士:ワルキュリア}たちは個別に僕の居場所を探索するという、オーソドックスなものだ。%K%P
（下手の考え休むに似たりって言うしなぁ……）%K%P
（下手の考え休むに似たりって言うしなぁ……）%K%P
本気で勝ちにいくなら、それこそ綿密な作戦を立てる必要があるだろう。%K%P
本気で勝ちにいくなら、それこそ綿密な作戦を立てる必要があるだろう。%K%P
だが、これはあくまでもイベントの一環。運動会で相手を出し抜くために策を練りまわす人はそういないのと同じ。%K%P
だが、これはあくまでもイベントの一環。運動会で相手を出し抜くために策を練りまわす人はそういないのと同じ。%K%P
あくまでアリアは『祭り』だってことを失念してはいけないということ、なんだと思う。%K%P
あくまでアリアは『祭り』だってことを失念してはいけないということ、なんだと思う。%K%P
やがて――%K%P
やがて――%K%P
開催の合図が響き渡った。%K%P
開催の合図が響き渡った。%K%P
いよいよアリアの始まりだ。%K%P
いよいよアリアの始まりだ。%K%P
僕は静かに立ち上がり、周囲を見回す。%K%P
僕は静かに立ち上がり、周囲を見回す。%K%P
当たり前だけど僕一人だ。誰の姿もない。%K%P
当たり前だけど僕一人だ。誰の姿もない。%K%P
{騎士:ワルキュリア}たちは{歌姫:ディーバ}を救出するため、早速行動に移っていることだろう。%K%P
{騎士:ワルキュリア}たちは{歌姫:ディーバ}を救出するため、早速行動に移っていることだろう。%K%P
みんなの姿を思い浮かべる。%K%P
みんなの姿を思い浮かべる。%K%P
美琴さん、楓さん、ことりちゃん。%K%P
美琴さん、楓さん、ことりちゃん。%K%P
今の僕に出来ることはみんなに僕の歌を届けることだけだ。%K%P
今の僕に出来ることはみんなに僕の歌を届けることだけだ。%K%P
がんばれ、負けるなと鼓舞し、心から応援してあげたい。%K%P
がんばれ、負けるなと鼓舞し、心から応援してあげたい。%K%P
もっとも、{騎士:ワルキュリア}たちはフィールドにランダムで配置されているはずなので、今すぐ歌ってもまだ声が届く距離じゃないと思う。%K%P
もっとも、{騎士:ワルキュリア}たちはフィールドにランダムで配置されているはずなので、今すぐ歌ってもまだ声が届く距離じゃないと思う。%K%P
長期戦になる可能性を想定して、喉を温存することを考えたら、歌い始めはもうしばらく時間を置いてからでも支障はないだろう。%K%P
長期戦になる可能性を想定して、喉を温存することを考えたら、歌い始めはもうしばらく時間を置いてからでも支障はないだろう。%K%P
……と、頭で状況分析してみたところで、沸々と胸中に沸き起こる衝動はとても抑えきれない。%K%P
……と、頭で状況分析してみたところで、沸々と胸中に沸き起こる衝動はとても抑えきれない。%K%P
僕は歌いたい。%K%P
僕は歌いたい。%K%P
高らかに歌いたくて堪らない。%K%P
高らかに歌いたくて堪らない。%K%P
例え声は届かなくても込めた思いは感じ取ってくれるかもしれない。%K%P
例え声は届かなくても込めた思いは感じ取ってくれるかもしれない。%K%P
大きく息を吸い込み、世界を抱きしめるように軽く両腕を広げながら、奉唱の面持ちで僕は{歌姫:ディーバ}となる。%K%P
大きく息を吸い込み、世界を抱きしめるように軽く両腕を広げながら、奉唱の面持ちで僕は{歌姫:ディーバ}となる。%K%P
周囲の木々に、大地に、空へと僕の歌が波紋のように広がっていった。%K%P
周囲の木々に、大地に、空へと僕の歌が波紋のように広がっていった。%K%P
試合開始の合図がありました。%K%P
試合開始の合図がありました。%K%P
ここで焦って闇雲に森の中央部を目指してはいけません。%K%P
ここで焦って闇雲に森の中央部を目指してはいけません。%K%P
まずはリラックス、ですね。%K%P
まずはリラックス、ですね。%K%P
軽く何度か深呼吸して、自分の役目を再確認する。%K%P
軽く何度か深呼吸して、自分の役目を再確認する。%K%P
私の場合、みなさんの足を引っ張らないようにするのが第一。%K%P
私の場合、みなさんの足を引っ張らないようにするのが第一。%K%P
無理はせず、みなさんのサポートができるように頑張らないと。%K%P
無理はせず、みなさんのサポートができるように頑張らないと。%K%P
私のスタート地点は残念なことに、この前下見した範囲から外れた場所。%K%P
私のスタート地点は残念なことに、この前下見した範囲から外れた場所。%K%P
（こんな時、夕ちゃんなら……）%K%P
（こんな時、夕ちゃんなら……）%K%P
不安な心を鼓舞しながら、静かに素早く移動する。%K%P
不安な心を鼓舞しながら、静かに素早く移動する。%K%P
少し移動すれば見知った場所に出ると思ったので、そこから事前に確認していた高台を目指す事に。%K%P
少し移動すれば見知った場所に出ると思ったので、そこから事前に確認していた高台を目指す事に。%K%P
この辺は見通しが悪いので、本来ならもっと慎重に行動した方がいい。%K%P
この辺は見通しが悪いので、本来ならもっと慎重に行動した方がいい。%K%P
でも、自分があまり地形を把握できていない所で相手と遭遇してしまう危険性を考えたらあまり悠長にしていられない、と思う。%K%P
でも、自分があまり地形を把握できていない所で相手と遭遇してしまう危険性を考えたらあまり悠長にしていられない、と思う。%K%P
私が装備している弓は遠距離から狙撃してこそ有利に戦闘を進められる武器なので、極力、下調べが済んだ所で行動するのがベスト。%K%P
私が装備している弓は遠距離から狙撃してこそ有利に戦闘を進められる武器なので、極力、下調べが済んだ所で行動するのがベスト。%K%P
相手から距離を取ろうと移動した先が行き止まりでしたなんてことになったら目も当てられない。%K%P
相手から距離を取ろうと移動した先が行き止まりでしたなんてことになったら目も当てられない。%K%P
（ん～、どこか見知った地形は……）%K%P
（ん～、どこか見知った地形は……）%K%P
キョロキョロと見回してみるも、いまいちピンと来るものがない。%K%P
キョロキョロと見回してみるも、いまいちピンと来るものがない。%K%P
いっそ走って移動してしまうというのも手かもと思う。%K%P
いっそ走って移動してしまうというのも手かもと思う。%K%P
開始した時点では{騎士:ワルキュリア}と{騎士:ワルキュリア}とは離れた場所に配置されているはずなので、実際のエンカウントはもう少し時間が経ってからだと思うし……。%K%P
開始した時点では{騎士:ワルキュリア}と{騎士:ワルキュリア}とは離れた場所に配置されているはずなので、実際のエンカウントはもう少し時間が経ってからだと思うし……。%K%P
（このまま慎重に行った方がいいのかな、それとも急いで探した方がいいのかな……）%K%P
（このまま慎重に行った方がいいのかな、それとも急いで探した方がいいのかな……）%K%P
どうしたものやらと頭を悩す。%K%P
どうしたものやらと頭を悩す。%K%P
う～ん、う～ん……。%K%P
う～ん、う～ん……。%K%P
決断しきれなくてアレコレ考えていると、木々の間を縫う横合いからの物音に気付かず―――%K%P
決断しきれなくてアレコレ考えていると、木々の間を縫う横合いからの物音に気付かず―――%K%P
トン。%K%P
トン。%K%P
「あっと」%K%P
「あっと」%K%P
「あっ、失礼しました」%K%P
「あっ、失礼しました」%K%P
「いえ、こちらこそ」%K%P
「いえ、こちらこそ」%K%P
そのまま何事もなく通り過ぎようと何歩か歩いてお互いにハタと気付きます。%K%P
そのまま何事もなく通り過ぎようと何歩か歩いてお互いにハタと気付きます。%K%P
「って、違うチームだった！」%K%P
「って、違うチームだった！」%K%P
「あわわわ！」%K%P
「あわわわ！」%K%P
お互い接敵を予見していなかったのか、臨戦態勢入るまで一瞬遅れる。%K%P
お互い接敵を予見していなかったのか、臨戦態勢入るまで一瞬遅れる。%K%P
綾香さんは振り向きざまに慌てて剣を構える。%K%P
綾香さんは振り向きざまに慌てて剣を構える。%K%P
距離にしては数メートル。圧倒的に剣の間合い。%K%P
距離にしては数メートル。圧倒的に剣の間合い。%K%P
ここは―――%K%P
ここは―――%K%P
「きゃああぁぁっ！」%K%P
「きゃああぁぁっ！」%K%P
脱兎のごとく逃げます！%K%P
脱兎のごとく逃げます！%K%P
「逃がさない！」%K%P
「逃がさない！」%K%P
「えいっ！」%K%P
「えいっ！」%K%P
半身を捻って、ろくに狙いも付けずに牽制の一矢を放つ。%K%P
半身を捻って、ろくに狙いも付けずに牽制の一矢を放つ。%K%P
「おっと」%K%P
「おっと」%K%P
綾香さんが大きくバックステップ。ほんの数瞬前にいた地面に矢が跳ね返る。%K%P
綾香さんが大きくバックステップ。ほんの数瞬前にいた地面に矢が跳ね返る。%K%P
私はその貴重な隙を使って全力で距離を稼ぐことに専念した。%K%P
私はその貴重な隙を使って全力で距離を稼ぐことに専念した。%K%P
ことりちゃんが木々の間に飛び込み、わたしもその後に続いた。%K%P
ことりちゃんが木々の間に飛び込み、わたしもその後に続いた。%K%P
しかし、ガサガサと茂みをかき分ける音がどんどん遠ざかっていき、あっという間にその姿を見失ってしまった。%K%P
しかし、ガサガサと茂みをかき分ける音がどんどん遠ざかっていき、あっという間にその姿を見失ってしまった。%K%P
「ああ、もう……っ」%K%P
「ああ、もう……っ」%K%P
相手チームの{騎士:ワルキュリア}とスタート地点が近距離になる確率は低いと考えていたせいでこのうっかり。%K%P
相手チームの{騎士:ワルキュリア}とスタート地点が近距離になる確率は低いと考えていたせいでこのうっかり。%K%P
おかげで弓手のことりちゃんを倒せる絶好の機会を逃してしまった。%K%P
おかげで弓手のことりちゃんを倒せる絶好の機会を逃してしまった。%K%P
ここからの選択肢は二つ。%K%P
ここからの選択肢は二つ。%K%P
ことりちゃんを放置して奏さんの探索に専念するか、ことりちゃんの追跡を続行するかだ。%K%P
ことりちゃんを放置して奏さんの探索に専念するか、ことりちゃんの追跡を続行するかだ。%K%P
（……延々と死角からスナイピングされ続けたら、何をするにしても不利になるだけよね）%K%P
（……延々と死角からスナイピングされ続けたら、何をするにしても不利になるだけよね）%K%P
決めた。%K%P
決めた。%K%P
ここは追跡を優先しよう。%K%P
ここは追跡を優先しよう。%K%P
でも、この調子ではどこに伏兵が潜んでいるのか分かったものではない。%K%P
でも、この調子ではどこに伏兵が潜んでいるのか分かったものではない。%K%P
慎重にかつ大胆にと注意しつつ行動に移る。%K%P
慎重にかつ大胆にと注意しつつ行動に移る。%K%P
クジで指定された待機場所から動かずに、静かに目を閉じたまま耳を澄ます。%K%P
クジで指定された待機場所から動かずに、静かに目を閉じたまま耳を澄ます。%K%P
いずみさんの歌声は聞こえない。%K%P
いずみさんの歌声は聞こえない。%K%P
奏さんの歌声も聞こえない。%K%P
奏さんの歌声も聞こえない。%K%P
想定の範囲内の滑り出しだ。%K%P
想定の範囲内の滑り出しだ。%K%P
「……ふふ、でも分かるよ。いずみさん」%K%P
「……ふふ、でも分かるよ。いずみさん」%K%P
例えその姿が見えなくても、例えその声が届かなくても、あたしは知っている。%K%P
例えその姿が見えなくても、例えその声が届かなくても、あたしは知っている。%K%P
いずみさんは歌っている。今この瞬間、間違いなくあたしたちのために。%K%P
いずみさんは歌っている。今この瞬間、間違いなくあたしたちのために。%K%P
高らかに、圧倒的に。%K%P
高らかに、圧倒的に。%K%P
周囲の木々や草花すら魅了するような、人智を越えた才能を惜しげもなく披露しながら……。%K%P
周囲の木々や草花すら魅了するような、人智を越えた才能を惜しげもなく披露しながら……。%K%P
いずみさんの歌声は既にあたしの心の中にある。%K%P
いずみさんの歌声は既にあたしの心の中にある。%K%P
その歌声を思い浮かべるだけで沸々と勇気が湧いてきた。%K%P
その歌声を思い浮かべるだけで沸々と勇気が湧いてきた。%K%P
四肢の隅々まで活力がみなぎっている。%K%P
四肢の隅々まで活力がみなぎっている。%K%P
手中の槍を軽く一振りすると、びゅんと空気が鳴った。%K%P
手中の槍を軽く一振りすると、びゅんと空気が鳴った。%K%P
「うん、あたしはやれる」%K%P
「うん、あたしはやれる」%K%P
あたしは移動を開始した。%K%P
あたしは移動を開始した。%K%P
幸いなことにすぐに見知った場所に出ることが出来た。%K%P
幸いなことにすぐに見知った場所に出ることが出来た。%K%P
ここはそこそこ見通しがいいため相手に見つかりやすくなるデメリットはあるけど、槍を振るうのは向いた地形というメリットがある。%K%P
ここはそこそこ見通しがいいため相手に見つかりやすくなるデメリットはあるけど、槍を振るうのは向いた地形というメリットがある。%K%P
アリアの勝利条件が{歌姫:ディーバ}の救出なので、少しでも早く{歌姫:ディーバ}の元に辿り着けた方が有利になるのは言うまでもない。%K%P
アリアの勝利条件が{歌姫:ディーバ}の救出なので、少しでも早く{歌姫:ディーバ}の元に辿り着けた方が有利になるのは言うまでもない。%K%P
でも、立木が密集している場所を歩いているときに戦いになったら、長物を持つ私は不利になる。%K%P
でも、立木が密集している場所を歩いているときに戦いになったら、長物を持つ私は不利になる。%K%P
誰に遭遇してもいいように、最初から自分に有利な場所を移動していくことが重要だ。%K%P
誰に遭遇してもいいように、最初から自分に有利な場所を移動していくことが重要だ。%K%P
周囲への警戒を怠らないようにしながら、出来るだけ足早に進んでいく。%K%P
周囲への警戒を怠らないようにしながら、出来るだけ足早に進んでいく。%K%P
と、少し遠くから茂みが揺れる音がした。しかも、徐々に近づいてくる。%K%P
と、少し遠くから茂みが揺れる音がした。しかも、徐々に近づいてくる。%K%P
（ついに来た……っ、敵か味方か……いずみさん見守っていて。あたしがんばるから！）%K%P
（ついに来た……っ、敵か味方か……いずみさん見守っていて。あたしがんばるから！）%K%P
槍を油断なく構えて、ジッと待つ。%K%P
槍を油断なく構えて、ジッと待つ。%K%P
程なく――%K%P
程なく――%K%P
茂みから飛び出してきたのはことりちゃんだった。%K%P
茂みから飛び出してきたのはことりちゃんだった。%K%P
「きゃっ！？」%K%P
「きゃっ！？」%K%P
「って、美琴様でしたか。ふ～、ビックリしました」%K%P
「って、美琴様でしたか。ふ～、ビックリしました」%K%P
「不用意に飛び出しすぎよ。あたしだったから良かったものの、相手チームの誰かだったら不意打ちされてたかもしれないわ」%K%P
「不用意に飛び出しすぎよ。あたしだったから良かったものの、相手チームの誰かだったら不意打ちされてたかもしれないわ」%K%P
「はい、そうですね。確かに慌てすぎだったかも……」%K%P
「はい、そうですね。確かに慌てすぎだったかも……」%K%P
「慌てていた、ね……いったい何があったの？」%K%P
「慌てていた、ね……いったい何があったの？」%K%P
「実は綾香様とバッタリ鉢合わせになってしまって、必死に逃げてきたんです」%K%P
「実は綾香様とバッタリ鉢合わせになってしまって、必死に逃げてきたんです」%K%P
「ずっと追いかけてくるからどうにか撒けないかと思ったんですが、なかなか思うようにいかず……」%K%P
「ずっと追いかけてくるからどうにか撒けないかと思ったんですが、なかなか思うようにいかず……」%K%P
「つまり今も綾香は追跡中なのね？」%K%P
「つまり今も綾香は追跡中なのね？」%K%P
「えと……多分」%K%P
「えと……多分」%K%P
「となると……」%K%P
「となると……」%K%P
すぐにでも綾香がここにやってくることになる。%K%P
すぐにでも綾香がここにやってくることになる。%K%P
綾香の立場になってみれば弓手を放置したくないだろうから当然だ。%K%P
綾香の立場になってみれば弓手を放置したくないだろうから当然だ。%K%P
「ことりちゃん。ちょっといい？」%K%P
「ことりちゃん。ちょっといい？」%K%P
出来るだけ早く綾香の対応策を考える。%K%P
出来るだけ早く綾香の対応策を考える。%K%P
時間の猶予はあまりない。%K%P
時間の猶予はあまりない。%K%P
だけどここでしっかり綾香に対処できれば、かなり有利に進めることが可能になるはずだ。%K%P
だけどここでしっかり綾香に対処できれば、かなり有利に進めることが可能になるはずだ。%K%P
弓の優位性、周囲の地形、さらに綾香の性格もかんがみる。%K%P
弓の優位性、周囲の地形、さらに綾香の性格もかんがみる。%K%P
（……上手くいくかな？）%K%P
（……上手くいくかな？）%K%P
不安がないと言えばウソになる。%K%P
不安がないと言えばウソになる。%K%P
でも、心の中のいずみさんの歌声に耳を傾ければ、いくらでも勇気は湧いてきた。%K%P
でも、心の中のいずみさんの歌声に耳を傾ければ、いくらでも勇気は湧いてきた。%K%P
大丈夫、あたしはやれる！%K%P
大丈夫、あたしはやれる！%K%P
あたしはことりちゃんに指示を出した。%K%P
あたしはことりちゃんに指示を出した。%K%P
しばらくすると予想通り綾香がやってきた。%K%P
しばらくすると予想通り綾香がやってきた。%K%P
あたしは自ら姿を現し、開けた土地の真ん中で綾香の前に立ちふさがる。%K%P
あたしは自ら姿を現し、開けた土地の真ん中で綾香の前に立ちふさがる。%K%P
「美琴！」%K%P
「美琴！」%K%P
「待ってたわ」%K%P
「待ってたわ」%K%P
あたしが威嚇するように槍を構えると、綾香は油断なく剣を構えた。%K%P
あたしが威嚇するように槍を構えると、綾香は油断なく剣を構えた。%K%P
ことりちゃんを追ってきたらあたしが一人で待ち伏せしていたわけだから、これで警戒しないはずがない。%K%P
ことりちゃんを追ってきたらあたしが一人で待ち伏せしていたわけだから、これで警戒しないはずがない。%K%P
あたしと綾香の距離は５メートルほどだ。%K%P
あたしと綾香の距離は５メートルほどだ。%K%P
綾香は素早く視線だけで周囲を窺っている。%K%P
綾香は素早く視線だけで周囲を窺っている。%K%P
「ふふ、よそ見してたら危ないよ？」%K%P
「ふふ、よそ見してたら危ないよ？」%K%P
踏み込み、みぞおちの辺りを狙った牽制の突きを繰り出す。%K%P
踏み込み、みぞおちの辺りを狙った牽制の突きを繰り出す。%K%P
綾香にしてみれば剣を振るうまでもない攻撃だ。半歩下がってステップワークだけで槍の攻撃範囲から易々と逃れる。%K%P
綾香にしてみれば剣を振るうまでもない攻撃だ。半歩下がってステップワークだけで槍の攻撃範囲から易々と逃れる。%K%P
あたしも最初から当てるつもりはない。槍の間合いを生かして綾香を近づけさせないようにしつつ、こちらに意識を向けさせるのが目的だ。%K%P
あたしも最初から当てるつもりはない。槍の間合いを生かして綾香を近づけさせないようにしつつ、こちらに意識を向けさせるのが目的だ。%K%P
「ここで綾香が持ってる鍵をいただくからそのつもりでいてちょうだい」%K%P
「ここで綾香が持ってる鍵をいただくからそのつもりでいてちょうだい」%K%P
どんどん煽っていく。%K%P
どんどん煽っていく。%K%P
綾香にもここであたしと勝負する気になって貰わないとね。%K%P
綾香にもここであたしと勝負する気になって貰わないとね。%K%P
「なんだか随分とやる気満々じゃない」%K%P
「なんだか随分とやる気満々じゃない」%K%P
「そりゃお慕いしている{歌姫:ディーバ}に勝利を捧げるのは{騎士:ワルキュリア}の本懐だもん」%K%P
「そりゃお慕いしている{歌姫:ディーバ}に勝利を捧げるのは{騎士:ワルキュリア}の本懐だもん」%K%P
「今のあたしならどんな苦境だって恐れない。なんとしてでも乗り越えてみせるわ」%K%P
「今のあたしならどんな苦境だって恐れない。なんとしてでも乗り越えてみせるわ」%K%P
槍の全長を最大限に生かしてブンッと大きく半円状になぎ払い、綾香が剣を持っている手の手甲を狙う。%K%P
槍の全長を最大限に生かしてブンッと大きく半円状になぎ払い、綾香が剣を持っている手の手甲を狙う。%K%P
遠心力を利用して勢いが付いた穂先が命中すれば一発で武器を取り落とす。%K%P
遠心力を利用して勢いが付いた穂先が命中すれば一発で武器を取り落とす。%K%P
もちろんこれもただの牽制だ。%K%P
もちろんこれもただの牽制だ。%K%P
こんなモーションの大きい攻撃をいきなり放っても当たるはずがない。%K%P
こんなモーションの大きい攻撃をいきなり放っても当たるはずがない。%K%P
綾香は半身を捻るだけで槍の攻撃範囲から逃れる。%K%P
綾香は半身を捻るだけで槍の攻撃範囲から逃れる。%K%P
そして、すかさず流れるような動作で反撃の剣を突き出してくる。%K%P
そして、すかさず流れるような動作で反撃の剣を突き出してくる。%K%P
「はっ！」%K%P
「はっ！」%K%P
剣先が最短距離であたしの右肩を狙っていた。%K%P
剣先が最短距離であたしの右肩を狙っていた。%K%P
これは事前に予想されていた攻撃なので、あたしも難なくこれを回避して、間合いを離すように左に回り込む。%K%P
これは事前に予想されていた攻撃なので、あたしも難なくこれを回避して、間合いを離すように左に回り込む。%K%P
すぐさま距離を詰めようとする綾香。%K%P
すぐさま距離を詰めようとする綾香。%K%P
それを追い払うように槍を振るいながら、あたしはさらに大きくバックステップ。%K%P
それを追い払うように槍を振るいながら、あたしはさらに大きくバックステップ。%K%P
まだまだ小手調べの段階。無理に追う必要はないと判断したのだろう。綾香は剣を引いて仕切り直そうとした。%K%P
まだまだ小手調べの段階。無理に追う必要はないと判断したのだろう。綾香は剣を引いて仕切り直そうとした。%K%P
あたしはほくそ笑む。%K%P
あたしはほくそ笑む。%K%P
（お互いに手の内を知り尽くしてるから、そうなるよね。でも……）%K%P
（お互いに手の内を知り尽くしてるから、そうなるよね。でも……）%K%P
ことりちゃんが大木の影から身を躍らせると同時に弓を構える。%K%P
ことりちゃんが大木の影から身を躍らせると同時に弓を構える。%K%P
あたしの位置からはるか後方だ。%K%P
あたしの位置からはるか後方だ。%K%P
「なっ！？」%K%P
「なっ！？」%K%P
綾香に気付かれた。%K%P
綾香に気付かれた。%K%P
ぴゅんと空気を切り裂いて飛来する矢を綾香は剣を振るってたたき落とした。%K%P
ぴゅんと空気を切り裂いて飛来する矢を綾香は剣を振るってたたき落とした。%K%P
その瞬間にはもうことりちゃんはまた別の大木の影に身を隠してしまっている。%K%P
その瞬間にはもうことりちゃんはまた別の大木の影に身を隠してしまっている。%K%P
あたしは槍を構えながら次の機会を窺う。%K%P
あたしは槍を構えながら次の機会を窺う。%K%P
「どう、驚いたでしょ。二対一もルールのうち。運が悪かったわね綾香」%K%P
「どう、驚いたでしょ。二対一もルールのうち。運が悪かったわね綾香」%K%P
「……美琴が牽制役でことりちゃんが遠距離から狙撃する作戦か～」%K%P
「……美琴が牽制役でことりちゃんが遠距離から狙撃する作戦か～」%K%P
綾香がまた視線だけで周囲の地形を窺っている。%K%P
綾香がまた視線だけで周囲の地形を窺っている。%K%P
ことりちゃんが身を隠せそうな所を探っているのだろう。%K%P
ことりちゃんが身を隠せそうな所を探っているのだろう。%K%P
これからはあたしの攻撃に加えて、ことりちゃんの奇襲も常に警戒しなければいけない。%K%P
これからはあたしの攻撃に加えて、ことりちゃんの奇襲も常に警戒しなければいけない。%K%P
いくらあたしよりも強い綾香とはいえ、流石にこの状況では分が悪い。%K%P
いくらあたしよりも強い綾香とはいえ、流石にこの状況では分が悪い。%K%P
ここはいったん引くべき。綾香ならそう判断する筈。%K%P
ここはいったん引くべき。綾香ならそう判断する筈。%K%P
「そうはさせないけどね！」%K%P
「そうはさせないけどね！」%K%P
せっかく罠にはめた綾香を逃がしてしまったら元も子もない。%K%P
せっかく罠にはめた綾香を逃がしてしまったら元も子もない。%K%P
牽制の攻撃を繰り出して、綾香をこの場に釘付けにする。%K%P
牽制の攻撃を繰り出して、綾香をこの場に釘付けにする。%K%P
「くっ」%K%P
「くっ」%K%P
ことりちゃんの存在を意識してか、動きに切れがない。%K%P
ことりちゃんの存在を意識してか、動きに切れがない。%K%P
回避と防御の動作にどうしても無駄な動きが生じてしまう。%K%P
回避と防御の動作にどうしても無駄な動きが生じてしまう。%K%P
あたしは大きな声で周囲に呼びかける。%K%P
あたしは大きな声で周囲に呼びかける。%K%P
「ことりちゃん焦らなくていいよ！」%K%P
「ことりちゃん焦らなくていいよ！」%K%P
「矢の本数は限られているんだし、じっくりチャンスを窺っていこう！」%K%P
「矢の本数は限られているんだし、じっくりチャンスを窺っていこう！」%K%P
「むぅ～、これは困ったわ……」%K%P
「むぅ～、これは困ったわ……」%K%P
「ふふ、いつの間にかことりちゃんが回り込んでいるかもしれないし、背中にも気をつけた方がいいよ」%K%P
「ふふ、いつの間にかことりちゃんが回り込んでいるかもしれないし、背中にも気をつけた方がいいよ」%K%P
「わざわざご忠告ありがと」%K%P
「わざわざご忠告ありがと」%K%P
弓の射線に追い込まれない位置取りを考慮してあたしと戦おうとすると、綾香が自由に移動できる場所はかなり限られてくる。%K%P
弓の射線に追い込まれない位置取りを考慮してあたしと戦おうとすると、綾香が自由に移動できる場所はかなり限られてくる。%K%P
それはすなわち、あたしが有利になるポイントが増えると言うことでもある。%K%P
それはすなわち、あたしが有利になるポイントが増えると言うことでもある。%K%P
「さあ、どんどんいくわよ」%K%P
「さあ、どんどんいくわよ」%K%P
いきなり胴体を狙ってもまず当たらないので、狙いは手甲と{脛当:グリーブ}だ。%K%P
いきなり胴体を狙ってもまず当たらないので、狙いは手甲と{脛当:グリーブ}だ。%K%P
突きと払いを駆使した連続攻撃で上下に攻撃を散らしながら綾香に隙が生まれるのを待つ。%K%P
突きと払いを駆使した連続攻撃で上下に攻撃を散らしながら綾香に隙が生まれるのを待つ。%K%P
「くっ、と……っ」%K%P
「くっ、と……っ」%K%P
綾香は剣を使った防御が増えていく。%K%P
綾香は剣を使った防御が増えていく。%K%P
それだけステップワークが制限されている証左だ。%K%P
それだけステップワークが制限されている証左だ。%K%P
場の流れはあたしにあった。%K%P
場の流れはあたしにあった。%K%P
「はっ、せい！」%K%P
「はっ、せい！」%K%P
でも、ここで無理に攻めすぎたりしない。%K%P
でも、ここで無理に攻めすぎたりしない。%K%P
慎重に間合いを計ってカウンターを貰わないように注意する。%K%P
慎重に間合いを計ってカウンターを貰わないように注意する。%K%P
どうせ今の綾香はうかつにこちらに攻めることが出来ない。時間が経てば経つほどあたしの思惑通りになる。%K%P
どうせ今の綾香はうかつにこちらに攻めることが出来ない。時間が経てば経つほどあたしの思惑通りになる。%K%P
「やぁっ、はぁっ！」%K%P
「やぁっ、はぁっ！」%K%P
「っと、これならっ！」%K%P
「っと、これならっ！」%K%P
綾香が素早く踏み込んでくる気配があったので、大きく後退して間合い稼ぐ。%K%P
綾香が素早く踏み込んでくる気配があったので、大きく後退して間合い稼ぐ。%K%P
綾香は踏みとどまって詰めてこない。%K%P
綾香は踏みとどまって詰めてこない。%K%P
「もう、やりにくいなぁ……」%K%P
「もう、やりにくいなぁ……」%K%P
「でしょ？」%K%P
「でしょ？」%K%P
またあたしから手を出す。%K%P
またあたしから手を出す。%K%P
剣戟の音が何度か木々の合間にこだまする。%K%P
剣戟の音が何度か木々の合間にこだまする。%K%P
身体が軽い。自分のイメージ通りに槍を繰り出せる。%K%P
身体が軽い。自分のイメージ通りに槍を繰り出せる。%K%P
あたし一人だったら、ここまで大胆に綾香を相手にすることは出来なかっただろう。%K%P
あたし一人だったら、ここまで大胆に綾香を相手にすることは出来なかっただろう。%K%P
「ほらほら、これはどう……っ」%K%P
「ほらほら、これはどう……っ」%K%P
槍を大きく頭上に振りかぶって綾香の肩口を狙って垂直に叩きつける。%K%P
槍を大きく頭上に振りかぶって綾香の肩口を狙って垂直に叩きつける。%K%P
加速が付いた穂先の衝撃は、並の剣とは比べものにならないほどの威力がある。%K%P
加速が付いた穂先の衝撃は、並の剣とは比べものにならないほどの威力がある。%K%P
片手では真っ正面から受け止めきれるものではない。そのまま力負けして肩を打たれるか、剣を取り落とすのは必定。%K%P
片手では真っ正面から受け止めきれるものではない。そのまま力負けして肩を打たれるか、剣を取り落とすのは必定。%K%P
「なんの！」%K%P
「なんの！」%K%P
綾香は剣を斜めに構えて、槍の勢いを受け流した。%K%P
綾香は剣を斜めに構えて、槍の勢いを受け流した。%K%P
上手い。今は敵だけど、やっぱり綾香は賞賛せずにはいられない。%K%P
上手い。今は敵だけど、やっぱり綾香は賞賛せずにはいられない。%K%P
「くぅ、手が痺れるったら……っ」%K%P
「くぅ、手が痺れるったら……っ」%K%P
「小技ばかりじゃプレッシャーにならないでしょ。たまには大技も混ぜないとね」%K%P
「小技ばかりじゃプレッシャーにならないでしょ。たまには大技も混ぜないとね」%K%P
一対一なら攻撃した直後の隙を突かれていたかもしれないが、ことりちゃんの存在がそれを綾香に思いとどまらせている。%K%P
一対一なら攻撃した直後の隙を突かれていたかもしれないが、ことりちゃんの存在がそれを綾香に思いとどまらせている。%K%P
あたしが強引に攻めすぎて自爆でもしない限り、今の綾香はジリ貧もいいところだろう。%K%P
あたしが強引に攻めすぎて自爆でもしない限り、今の綾香はジリ貧もいいところだろう。%K%P
（このまま上手く行けば……）%K%P
（このまま上手く行けば……）%K%P
しかし、それは甘い考えだったみたいだ。%K%P
しかし、それは甘い考えだったみたいだ。%K%P
向こうに見える木々の間から、こちらに駆け寄ってくる姿が現れた。%K%P
向こうに見える木々の間から、こちらに駆け寄ってくる姿が現れた。%K%P
「綾香さん！」%K%P
「綾香さん！」%K%P
まずい……っ。%K%P
まずい……っ。%K%P
ここで加勢がくるなんて、数の優位が覆ってしまう。%K%P
ここで加勢がくるなんて、数の優位が覆ってしまう。%K%P
綾香と千影さんの二人掛かりで挟み撃ちにされたら、あっというまにあたしはやられてしまう。%K%P
綾香と千影さんの二人掛かりで挟み撃ちにされたら、あっというまにあたしはやられてしまう。%K%P
千影さんは綾香の元までくると素早く双剣を構えた。%K%P
千影さんは綾香の元までくると素早く双剣を構えた。%K%P
「助かったわ。いいタイミング」%K%P
「助かったわ。いいタイミング」%K%P
「音を聞きつけたの」%K%P
「音を聞きつけたの」%K%P
「気をつけて。ことりちゃんがどこか物陰に潜んでこちらの隙を窺ってるから」%K%P
「気をつけて。ことりちゃんがどこか物陰に潜んでこちらの隙を窺ってるから」%K%P
「なるほど……」%K%P
「なるほど……」%K%P
千影さんは地面に転がっている一本の矢をチラリと見据えた。%K%P
千影さんは地面に転がっている一本の矢をチラリと見据えた。%K%P
たった一言二言のやりとりで状況を理解したみたいだ。%K%P
たった一言二言のやりとりで状況を理解したみたいだ。%K%P
あわよくば綾香から鍵を奪取できるのではと考えていたけど、どうやらそう簡単には問屋が卸さないみたいだ。%K%P
あわよくば綾香から鍵を奪取できるのではと考えていたけど、どうやらそう簡単には問屋が卸さないみたいだ。%K%P
まあ、どのみち作戦に変更はないので、今のあたしにやれることをやるだけどね。%K%P
まあ、どのみち作戦に変更はないので、今のあたしにやれることをやるだけどね。%K%P
「ことりちゃん大丈夫！　一人ずつ順番に倒していけばいいだけよ！」%K%P
「ことりちゃん大丈夫！　一人ずつ順番に倒していけばいいだけよ！」%K%P
大声で指示を出してから、ものは試しと千影さんの左手の小手を狙った牽制をコンパクトに放つ。%K%P
大声で指示を出してから、ものは試しと千影さんの左手の小手を狙った牽制をコンパクトに放つ。%K%P
千影さんは左剣で槍の軌道をあっさりと反らした。%K%P
千影さんは左剣で槍の軌道をあっさりと反らした。%K%P
と、同時に右剣があたしの隙を窺っているのが分かったので、槍での追撃は狙わない。%K%P
と、同時に右剣があたしの隙を窺っているのが分かったので、槍での追撃は狙わない。%K%P
（さて、どうしたものかしら……）%K%P
（さて、どうしたものかしら……）%K%P
双剣は武器が二本で攻撃力が倍になるから攻撃に優れた装備……なんてイメージが付きやすいけど、実際はむしろ防御主体の装備だ。%K%P
双剣は武器が二本で攻撃力が倍になるから攻撃に優れた装備……なんてイメージが付きやすいけど、実際はむしろ防御主体の装備だ。%K%P
よほど攻撃の組み立てを工夫しないと、あっさりと防がれてしまう。%K%P
よほど攻撃の組み立てを工夫しないと、あっさりと防がれてしまう。%K%P
ことりちゃんの攻撃を警戒してか、二人とも並んだまま慎重に周囲を警戒している。%K%P
ことりちゃんの攻撃を警戒してか、二人とも並んだまま慎重に周囲を警戒している。%K%P
もしことりちゃんの存在がなかったら、すぐにどちらかがあたしの側面に回り込んできて、挟み撃ちにしようとするだろう。%K%P
もしことりちゃんの存在がなかったら、すぐにどちらかがあたしの側面に回り込んできて、挟み撃ちにしようとするだろう。%K%P
あたしは槍のリーチを存分に利用して、二人の剣の間合いの外からの攻撃に専念することにした。%K%P
あたしは槍のリーチを存分に利用して、二人の剣の間合いの外からの攻撃に専念することにした。%K%P
幸いなのは、まだ地の利があたしにあることだ。%K%P
幸いなのは、まだ地の利があたしにあることだ。%K%P
こちらは自由に立ち位置を変えることが出来るけど、向こうの二人は弓を警戒しておいそれと前に出ることが出来ない。%K%P
こちらは自由に立ち位置を変えることが出来るけど、向こうの二人は弓を警戒しておいそれと前に出ることが出来ない。%K%P
（よし……っ）%K%P
（よし……っ）%K%P
あたしは半円を描くようにすり足で横に移動する。%K%P
あたしは半円を描くようにすり足で横に移動する。%K%P
ちょうど千影さんと綾香が縦に並ぶような位置まで来たところで、また千影さんに攻撃する。%K%P
ちょうど千影さんと綾香が縦に並ぶような位置まで来たところで、また千影さんに攻撃する。%K%P
「せいっ！」%K%P
「せいっ！」%K%P
「ふっ」%K%P
「ふっ」%K%P
千影さんがあたしの攻撃を弾く。%K%P
千影さんがあたしの攻撃を弾く。%K%P
その隙を突いて綾香が反撃しようとするけど、目の前に千影さんの身体があるため思うように剣を振るうことが出来ない。%K%P
その隙を突いて綾香が反撃しようとするけど、目の前に千影さんの身体があるため思うように剣を振るうことが出来ない。%K%P
「もう、考えたわね……っ」%K%P
「もう、考えたわね……っ」%K%P
千影さんの横に回り込もうとする綾香だけど、あたしはさらにその動きを上回るように横に移動する。%K%P
千影さんの横に回り込もうとする綾香だけど、あたしはさらにその動きを上回るように横に移動する。%K%P
今度は綾香が前、千影さんが後になるような位置関係だ。%K%P
今度は綾香が前、千影さんが後になるような位置関係だ。%K%P
あたしが綾香に向けて槍を突き出すと、綾香が剣で防ぐ。%K%P
あたしが綾香に向けて槍を突き出すと、綾香が剣で防ぐ。%K%P
そして、先ほどと同じように千影さんは綾香の身体が邪魔であたしに手を出すことが出来ない。%K%P
そして、先ほどと同じように千影さんは綾香の身体が邪魔であたしに手を出すことが出来ない。%K%P
「これでは加勢に来た意味がないようね……っ」%K%P
「これでは加勢に来た意味がないようね……っ」%K%P
「それだけあたしも{歌姫:ディーバ}を救い出すため必死なのよ」%K%P
「それだけあたしも{歌姫:ディーバ}を救い出すため必死なのよ」%K%P
「とてもじゃないけどあなたたちを同時に相手なんかしてられないし」%K%P
「とてもじゃないけどあなたたちを同時に相手なんかしてられないし」%K%P
「どうにもさっきから後手に回ってばかりだわ。そろそろこっちも思い切った手の一つでも考えた方がいいかも」%K%P
「どうにもさっきから後手に回ってばかりだわ。そろそろこっちも思い切った手の一つでも考えた方がいいかも」%K%P
「同感よ。多少のリスクなら目をつぶりましょうか」%K%P
「同感よ。多少のリスクなら目をつぶりましょうか」%K%P
空気が変わった気がした。%K%P
空気が変わった気がした。%K%P
と、いきなり千影さんが大胆に間合いを詰めてきた。%K%P
と、いきなり千影さんが大胆に間合いを詰めてきた。%K%P
（くっ、カウンターを……）%K%P
（くっ、カウンターを……）%K%P
いや、ダメだ。身体の前面に構えた双剣が邪魔で狙う隙間がない。%K%P
いや、ダメだ。身体の前面に構えた双剣が邪魔で狙う隙間がない。%K%P
「だったら！」%K%P
「だったら！」%K%P
千影さんが踏み出した右足の向こう脛を刈るように槍を振るう。%K%P
千影さんが踏み出した右足の向こう脛を刈るように槍を振るう。%K%P
既に体重がのっているため足を引っ込めることは出来ない。%K%P
既に体重がのっているため足を引っ込めることは出来ない。%K%P
やむなく千影さんは右剣で槍を受け止める。%K%P
やむなく千影さんは右剣で槍を受け止める。%K%P
ダッシュが止まった。%K%P
ダッシュが止まった。%K%P
すかさずあたしは自分が有利な槍の間合いまでバックステップ。%K%P
すかさずあたしは自分が有利な槍の間合いまでバックステップ。%K%P
どうにか千影さんの奇襲を防ぐことが出来たけど、今のは少しヒヤッとした。%K%P
どうにか千影さんの奇襲を防ぐことが出来たけど、今のは少しヒヤッとした。%K%P
「けっこう大胆に攻めたわね」%K%P
「けっこう大胆に攻めたわね」%K%P
「ことりちゃんに死角を突かれたらその時はその時よ。綾香さんに防いでもらうなり、自分でどうにかするなりしましょう」%K%P
「ことりちゃんに死角を突かれたらその時はその時よ。綾香さんに防いでもらうなり、自分でどうにかするなりしましょう」%K%P
「これならことりちゃんにやられる可能性は増えるけど、美琴さんを倒せる可能性も出てくるでしょう？」%K%P
「これならことりちゃんにやられる可能性は増えるけど、美琴さんを倒せる可能性も出てくるでしょう？」%K%P
「ごもっとも……っ」%K%P
「ごもっとも……っ」%K%P
今度は綾香が剣を振るってきた。%K%P
今度は綾香が剣を振るってきた。%K%P
間合いが遠目なのであくまで牽制だろう。%K%P
間合いが遠目なのであくまで牽制だろう。%K%P
あたしは槍を絡め取られないように注意しながら、綾香の剣を払う。%K%P
あたしは槍を絡め取られないように注意しながら、綾香の剣を払う。%K%P
その瞬間を狙って、千影さんがまた直線的に踏み込んでくる。%K%P
その瞬間を狙って、千影さんがまた直線的に踏み込んでくる。%K%P
左剣の突きだった。%K%P
左剣の突きだった。%K%P
でもあたしは既にサイドステップで移動した後だった。%K%P
でもあたしは既にサイドステップで移動した後だった。%K%P
剣に比べて槍の間合いは遠い。おかげで相手の動きを観察する余裕があり、事前に攻撃の気配も察知しやすい。%K%P
剣に比べて槍の間合いは遠い。おかげで相手の動きを観察する余裕があり、事前に攻撃の気配も察知しやすい。%K%P
裏を返せば、槍のリーチを最大限に活用することでどうにかこうにか二人の攻撃を凌いでいるとも言える。%K%P
裏を返せば、槍のリーチを最大限に活用することでどうにかこうにか二人の攻撃を凌いでいるとも言える。%K%P
「やあっ！」%K%P
「やあっ！」%K%P
「……っと、はっ！」%K%P
「……っと、はっ！」%K%P
こちらから仕掛ける暇がない。%K%P
こちらから仕掛ける暇がない。%K%P
徐々に防戦一方になってきた。%K%P
徐々に防戦一方になってきた。%K%P
それでも不思議なくらい焦燥感は湧いてこない。%K%P
それでも不思議なくらい焦燥感は湧いてこない。%K%P
（二人の攻撃を捌ききるのはかなり厳しいけど……だからって勝ち目が遠のいているわけじゃないのよね……っ）%K%P
（二人の攻撃を捌ききるのはかなり厳しいけど……だからって勝ち目が遠のいているわけじゃないのよね……っ）%K%P
あたしの奮戦しだいで勝利に多大な貢献が出来る。%K%P
あたしの奮戦しだいで勝利に多大な貢献が出来る。%K%P
試合が終わったら、いずみさんに『よくがんばったね』と褒めて貰えるかもしれない。%K%P
試合が終わったら、いずみさんに『よくがんばったね』と褒めて貰えるかもしれない。%K%P
ハッキリ言ってこれで燃えなきゃ乙女じゃない。%K%P
ハッキリ言ってこれで燃えなきゃ乙女じゃない。%K%P
だからこれはピンチではなくれっきとしたチャンスだ。%K%P
だからこれはピンチではなくれっきとしたチャンスだ。%K%P
右に左にと槍を振るい、相手の足下を重点的に攻めることで出来るだけ踏み込ませないようにする。%K%P
右に左にと槍を振るい、相手の足下を重点的に攻めることで出来るだけ踏み込ませないようにする。%K%P
剣戟は間合いを制した方が勝つ。%K%P
剣戟は間合いを制した方が勝つ。%K%P
いかに自分の得意な距離を保ち続けるかに尽きる。%K%P
いかに自分の得意な距離を保ち続けるかに尽きる。%K%P
「これなら！」%K%P
「これなら！」%K%P
双剣のメリットを生かした左右からの連撃。%K%P
双剣のメリットを生かした左右からの連撃。%K%P
片手剣に比べて攻撃の密度が段違いだ。%K%P
片手剣に比べて攻撃の密度が段違いだ。%K%P
まともに受けたら槍の柄の部分が削り取られてしまうのではないかと思えるほど激しくて凄まじい。%K%P
まともに受けたら槍の柄の部分が削り取られてしまうのではないかと思えるほど激しくて凄まじい。%K%P
もっとも、これだけの大技だとそれだけ隙も大きい。%K%P
もっとも、これだけの大技だとそれだけ隙も大きい。%K%P
槍の一閃で胴体が狙えそうだ。%K%P
槍の一閃で胴体が狙えそうだ。%K%P
だからこそあたしはあえてステップワークで距離を取る。%K%P
だからこそあたしはあえてステップワークで距離を取る。%K%P
「……誘いには乗らない、と。随分と慎重なようね」%K%P
「……誘いには乗らない、と。随分と慎重なようね」%K%P
「当然。あたしはあたしのこと良く知ってるから」%K%P
「当然。あたしはあたしのこと良く知ってるから」%K%P
双剣の切り返しの早さなら、あたしの突きを捌いた上でカウンターを狙えるだろう。%K%P
双剣の切り返しの早さなら、あたしの突きを捌いた上でカウンターを狙えるだろう。%K%P
千影さん相手にとても博打を打つ気にはなれない。%K%P
千影さん相手にとても博打を打つ気にはなれない。%K%P
「遅滞戦術？　なかなかやっかいね」%K%P
「遅滞戦術？　なかなかやっかいね」%K%P
「あたしが直接あなたたちを倒さなきゃならない理由はないもん」%K%P
「あたしが直接あなたたちを倒さなきゃならない理由はないもん」%K%P
「ことりちゃん！　二人の背後に回り込んで！　死角から射るのよ！」%K%P
「ことりちゃん！　二人の背後に回り込んで！　死角から射るのよ！」%K%P
「ああもう、ますますやっかいなんだから……っ」%K%P
「ああもう、ますますやっかいなんだから……っ」%K%P
いくら弓で攻撃されるリスクを負うつもりになったとはいえ、自分が倒されないならそれに越したことはない。%K%P
いくら弓で攻撃されるリスクを負うつもりになったとはいえ、自分が倒されないならそれに越したことはない。%K%P
完全な捨て身になってあたしを倒そうと割り切らない限り、ことりちゃんのプレッシャーはまだまだ有効だ。%K%P
完全な捨て身になってあたしを倒そうと割り切らない限り、ことりちゃんのプレッシャーはまだまだ有効だ。%K%P
「あたしを倒しきれないと諦めて、ギブアップしてもいいのよ？」%K%P
「あたしを倒しきれないと諦めて、ギブアップしてもいいのよ？」%K%P
「言うほど美琴さんに余裕はないでしょう」%K%P
「言うほど美琴さんに余裕はないでしょう」%K%P
「ちょっとした切っ掛けがあれば、場の流れは一気にこちらに傾く。違わない？」%K%P
「ちょっとした切っ掛けがあれば、場の流れは一気にこちらに傾く。違わない？」%K%P
果敢に双剣を走らせてくる。%K%P
果敢に双剣を走らせてくる。%K%P
先ほどからあたしが受け身一辺倒なのを見て、多少強引にでもペースを掴もうとしているのかもしれない。%K%P
先ほどからあたしが受け身一辺倒なのを見て、多少強引にでもペースを掴もうとしているのかもしれない。%K%P
「美琴が全力で勝ちに来てるなら、わたしだって最後の最後まで勝負を捨てたりしないわ」%K%P
「美琴が全力で勝ちに来てるなら、わたしだって最後の最後まで勝負を捨てたりしないわ」%K%P
綾香も積極的に斬りかかってくる。%K%P
綾香も積極的に斬りかかってくる。%K%P
千影さんに比べてあたしのクセを知っている分、攻め方にそつがない。%K%P
千影さんに比べてあたしのクセを知っている分、攻め方にそつがない。%K%P
今のところはどうにか二人の猛攻を凌いでいるが、じきにあたしの体力に限界が訪れそうだ。%K%P
今のところはどうにか二人の猛攻を凌いでいるが、じきにあたしの体力に限界が訪れそうだ。%K%P
「やぁっ！　はぁっ！」%K%P
「やぁっ！　はぁっ！」%K%P
「ふっ、せやっ！」%K%P
「ふっ、せやっ！」%K%P
響き渡る剣戟の音が途切れない。%K%P
響き渡る剣戟の音が途切れない。%K%P
と、唐突にアナウンスが流れる。%K%P
と、唐突にアナウンスが流れる。%K%P
『奏チーム一つ目の鍵が解除されました』%K%P
『奏チーム一つ目の鍵が解除されました』%K%P
どうやら先を越されたらしい。%K%P
どうやら先を越されたらしい。%K%P
綾香と千影さんの表情が輝く。%K%P
綾香と千影さんの表情が輝く。%K%P
「やったっ、夕陽ちゃん！」%K%P
「やったっ、夕陽ちゃん！」%K%P
「まずは私たちが一歩リードか……っ」%K%P
「まずは私たちが一歩リードか……っ」%K%P
「まだまだ、これからよっ」%K%P
「まだまだ、これからよっ」%K%P
三つの錠が揃うまで、アリアは終わらない。%K%P
三つの錠が揃うまで、アリアは終わらない。%K%P
少なくとも目の前の二人がこの場にいる限り奏さんチームの勝ちはない。%K%P
少なくとも目の前の二人がこの場にいる限り奏さんチームの勝ちはない。%K%P
「さあ、わたしたちも早く奏さんの元に駆けつけないと」%K%P
「さあ、わたしたちも早く奏さんの元に駆けつけないと」%K%P
「ええ、ここで美琴さんの鍵を手に入れることができれば、かなり有利になるでしょうね」%K%P
「ええ、ここで美琴さんの鍵を手に入れることができれば、かなり有利になるでしょうね」%K%P
「それはこっちのセリフよ。ここで二人とも倒しちゃえば、夕陽ちゃんが鍵を取り返しに来ても、もう間に合わないと思うよ」%K%P
「それはこっちのセリフよ。ここで二人とも倒しちゃえば、夕陽ちゃんが鍵を取り返しに来ても、もう間に合わないと思うよ」%K%P
「倒せたらね！」%K%P
「倒せたらね！」%K%P
夕陽ちゃんのアナウンスで勢いづいたのか、綾香と千影さんの攻撃テンポが上がる。%K%P
夕陽ちゃんのアナウンスで勢いづいたのか、綾香と千影さんの攻撃テンポが上がる。%K%P
「くぅ……っ」%K%P
「くぅ……っ」%K%P
こまめに回り込むようにステップを踏みながら、可能な限り二人同時に相手しないように心がける。%K%P
こまめに回り込むようにステップを踏みながら、可能な限り二人同時に相手しないように心がける。%K%P
千影さんもあたしの動きに慣れてきたのか、フェイントが増えてきた。%K%P
千影さんもあたしの動きに慣れてきたのか、フェイントが増えてきた。%K%P
ますます攻撃を凌ぐのが厳しくなってきた。%K%P
ますます攻撃を凌ぐのが厳しくなってきた。%K%P
「せいっ、やあっ！」%K%P
「せいっ、やあっ！」%K%P
「うわっ、た……っ」%K%P
「うわっ、た……っ」%K%P
「ここよっ！」%K%P
「ここよっ！」%K%P
ひたすら息つく暇もなく攻撃を打ち払っていると、槍を持つ手が痺れてくる。%K%P
ひたすら息つく暇もなく攻撃を打ち払っていると、槍を持つ手が痺れてくる。%K%P
着実に限界の時が迫ってきていた。%K%P
着実に限界の時が迫ってきていた。%K%P
（でもまだまだやれる……っ、そうよね、いずみさん……っ）%K%P
（でもまだまだやれる……っ、そうよね、いずみさん……っ）%K%P
自分で課したあたしの役目を果たすまで、なにがあっても諦めない。%K%P
自分で課したあたしの役目を果たすまで、なにがあっても諦めない。%K%P
いずみさんをガッカリさせるようなことだけは絶対にしない。%K%P
いずみさんをガッカリさせるようなことだけは絶対にしない。%K%P
そして、またアナウンスが流れる。%K%P
そして、またアナウンスが流れる。%K%P
『いずみチーム、一つ目と二つ目の錠が同時に解錠されました』%K%P
『いずみチーム、一つ目と二つ目の錠が同時に解錠されました』%K%P
「ええっ！？」%K%P
「ええっ！？」%K%P
二人は狐につままれたように目を丸くした。%K%P
二人は狐につままれたように目を丸くした。%K%P
全力で森の中を駆けてきたのだろう。ことりちゃんは、肩で息をしていた。%K%P
全力で森の中を駆けてきたのだろう。ことりちゃんは、肩で息をしていた。%K%P
程なく、ようやく息が整ってきた所を見計らって、聞いてみる。%K%P
程なく、ようやく息が整ってきた所を見計らって、聞いてみる。%K%P
「この鍵、一つはことりちゃんのだけど、もう一つは美琴さんのだよね。いったいどうしたの？」%K%P
「この鍵、一つはことりちゃんのだけど、もう一つは美琴さんのだよね。いったいどうしたの？」%K%P
「はい、私のことを信じて、託してくれたんです」%K%P
「はい、私のことを信じて、託してくれたんです」%K%P
ことりちゃんはこれまでの経緯をかいつまんで説明してくれた。%K%P
ことりちゃんはこれまでの経緯をかいつまんで説明してくれた。%K%P
「自分が囮になって綾香様を引きつけて置くから、その間に、いずみ様の元に向かってくれ、と」%K%P
「自分が囮になって綾香様を引きつけて置くから、その間に、いずみ様の元に向かってくれ、と」%K%P
「じゃあ、美琴さんは今も戦っているのかもしれないね」%K%P
「じゃあ、美琴さんは今も戦っているのかもしれないね」%K%P
「ええ、ほぼ確実にそうだと思います。何があっても綾香様を奏様の所には行かせないと断言していましたので」%K%P
「ええ、ほぼ確実にそうだと思います。何があっても綾香様を奏様の所には行かせないと断言していましたので」%K%P
「アナウンスによれば、向こうの錠はまだ一つ目しか解錠されていません」%K%P
「アナウンスによれば、向こうの錠はまだ一つ目しか解錠されていません」%K%P
「後は楓様さえこちらに到着することが出来れば、私たちの勝ちです！」%K%P
「後は楓様さえこちらに到着することが出来れば、私たちの勝ちです！」%K%P
「だったら私ももっとがんばって歌わないとね」%K%P
「だったら私ももっとがんばって歌わないとね」%K%P
ことりちゃんが僕の所まで来られたのだから、経過時間的になにもトラブルがなければ楓さんも近くまで来ている可能性が高い。%K%P
ことりちゃんが僕の所まで来られたのだから、経過時間的になにもトラブルがなければ楓さんも近くまで来ている可能性が高い。%K%P
精一杯、僕の居場所をアピールしよう。%K%P
精一杯、僕の居場所をアピールしよう。%K%P
そして、勝利のため躊躇うことなく自己犠牲の道を進むことに決めた美琴さんを鼓舞するためにも、僕はまた歌い出した。%K%P
そして、勝利のため躊躇うことなく自己犠牲の道を進むことに決めた美琴さんを鼓舞するためにも、僕はまた歌い出した。%K%P
綾香が悔しそうにしている。あたしの鍵がすでにここに無い事に気がついたのだろう。%K%P
綾香が悔しそうにしている。あたしの鍵がすでにここに無い事に気がついたのだろう。%K%P
「もう、完全にしてやられたってことね」%K%P
「もう、完全にしてやられたってことね」%K%P
「あの弓の攻撃って、ことりちゃんの存在を印象づけるために、あえて一度だけ姿を見せたのね。まったく手が込んでるわ」%K%P
「あの弓の攻撃って、ことりちゃんの存在を印象づけるために、あえて一度だけ姿を見せたのね。まったく手が込んでるわ」%K%P
「とっくにこの場を離れていなくなっていたことりちゃんの伏兵をずっと警戒していたのだから、私たちもマヌケよね」%K%P
「とっくにこの場を離れていなくなっていたことりちゃんの伏兵をずっと警戒していたのだから、私たちもマヌケよね」%K%P
「これはお見事としか言いようがないでしょう」%K%P
「これはお見事としか言いようがないでしょう」%K%P
「お褒めに与り恐縮だわ」%K%P
「お褒めに与り恐縮だわ」%K%P
最初から時間稼ぎに徹すれば、綾香でもあたしを倒しきるのは難しいと踏んだわけだけど、見事、狙いが的中した。%K%P
最初から時間稼ぎに徹すれば、綾香でもあたしを倒しきるのは難しいと踏んだわけだけど、見事、狙いが的中した。%K%P
もっとも、種が割れてしまった以上、もう二人はことりちゃんの攻撃を気にする必要がない。%K%P
もっとも、種が割れてしまった以上、もう二人はことりちゃんの攻撃を気にする必要がない。%K%P
さっそく千影さんがあたしの側面に回り込もうとしている。%K%P
さっそく千影さんがあたしの側面に回り込もうとしている。%K%P
挟み撃ちに合うのは時間の問題だ。%K%P
挟み撃ちに合うのは時間の問題だ。%K%P
「一刻も早く奏さんの捜索に移らないといけないし、ここでケリを付けさせて貰うわ」%K%P
「一刻も早く奏さんの捜索に移らないといけないし、ここでケリを付けさせて貰うわ」%K%P
「今すぐギブアップして貰えたら手間が省けて助かるのだけれど」%K%P
「今すぐギブアップして貰えたら手間が省けて助かるのだけれど」%K%P
「悪いけど、そうも行かないのよね」%K%P
「悪いけど、そうも行かないのよね」%K%P
ことりちゃんに二つの錠を解錠してもらう目的は達成したけど、それでもまだ二人を足止めして時間を稼ぐ意味はある。%K%P
ことりちゃんに二つの錠を解錠してもらう目的は達成したけど、それでもまだ二人を足止めして時間を稼ぐ意味はある。%K%P
とはいえ、二方向から挟み撃ちにされたらもはや防戦に徹していても防ぎきれなくなるのは明白だ。%K%P
とはいえ、二方向から挟み撃ちにされたらもはや防戦に徹していても防ぎきれなくなるのは明白だ。%K%P
（こうなったら綾香だけでも……っ）%K%P
（こうなったら綾香だけでも……っ）%K%P
あたしがセオリーにしたがって間合いを取ろうとすると、綾香はすかさず一歩踏み込んであたしを追い詰めようとする。%K%P
あたしがセオリーにしたがって間合いを取ろうとすると、綾香はすかさず一歩踏み込んであたしを追い詰めようとする。%K%P
「もう逃がさないわ！」%K%P
「もう逃がさないわ！」%K%P
「うん、あたしも逃げない」%K%P
「うん、あたしも逃げない」%K%P
これまでとは一転、槍を突き出しながら逆にあたしの方から思い切り間合いを詰める。%K%P
これまでとは一転、槍を突き出しながら逆にあたしの方から思い切り間合いを詰める。%K%P
「な！？」%K%P
「な！？」%K%P
とっさに身体を捻って、あたしの突進をかわす。%K%P
とっさに身体を捻って、あたしの突進をかわす。%K%P
あたしと綾香はほぼ密着状態。%K%P
あたしと綾香はほぼ密着状態。%K%P
これでは千影さんもおいそれと手は出せない。誤って綾香に攻撃が当たってしまう可能性がある。%K%P
これでは千影さんもおいそれと手は出せない。誤って綾香に攻撃が当たってしまう可能性がある。%K%P
綾香も満足に剣が振れない。素手か短刀の間合い。%K%P
綾香も満足に剣が振れない。素手か短刀の間合い。%K%P
（ここだっ！）%K%P
（ここだっ！）%K%P
「せやああぁあぁぁっ！」%K%P
「せやああぁあぁぁっ！」%K%P
あたしは大きく突きだした槍を引き寄せる動作を利用して、石突きを綾香のボディに打ち付ける！%K%P
あたしは大きく突きだした槍を引き寄せる動作を利用して、石突きを綾香のボディに打ち付ける！%K%P
これこそ輝堂さんに授けて貰った例の秘策だ！%K%P
これこそ輝堂さんに授けて貰った例の秘策だ！%K%P
「しま……っ」%K%P
「しま……っ」%K%P
ガッ！%K%P
ガッ！%K%P
攻撃が鎧に強打され、脱落した。%K%P
攻撃が鎧に強打され、脱落した。%K%P
カランと音を立てながら綾香の鎧が地面に転がる。%K%P
カランと音を立てながら綾香の鎧が地面に転がる。%K%P
「やった……っ」%K%P
「やった……っ」%K%P
あたしの勝ちだ！　あの綾香に勝つことが出来た！%K%P
あたしの勝ちだ！　あの綾香に勝つことが出来た！%K%P
しかし、付け焼き刃の技を使ったあたしは大きく体勢を崩している。%K%P
しかし、付け焼き刃の技を使ったあたしは大きく体勢を崩している。%K%P
そんな隙を千影さんが見逃すはずもない。%K%P
そんな隙を千影さんが見逃すはずもない。%K%P
「お見事！　でも……っ」%K%P
「お見事！　でも……っ」%K%P
千影さんが剣を振るうと、あたしの鎧が地面に脱落した。%K%P
千影さんが剣を振るうと、あたしの鎧が地面に脱落した。%K%P
あたしのアリアはここまでだった。%K%P
あたしのアリアはここまでだった。%K%P
「あ～、残念」%K%P
「あ～、残念」%K%P
でも悔いはなかった。やれることを精一杯やり抜いた実感がある。%K%P
でも悔いはなかった。やれることを精一杯やり抜いた実感がある。%K%P
勝ち残った千影さんは、綾香の鍵を受け取る。%K%P
勝ち残った千影さんは、綾香の鍵を受け取る。%K%P
「さて、急いで奏を捜さないと」%K%P
「さて、急いで奏を捜さないと」%K%P
「がんばって、千影さん」%K%P
「がんばって、千影さん」%K%P
綾香の声援を背に、千影さんは駆けていった。%K%P
綾香の声援を背に、千影さんは駆けていった。%K%P
その場に残ったあたしと綾香は互いの健闘を称え合う。%K%P
その場に残ったあたしと綾香は互いの健闘を称え合う。%K%P
「おつかれ、綾香」%K%P
「おつかれ、綾香」%K%P
「うん、美琴もね。最後の最後まであなたのペースだったわ」%K%P
「うん、美琴もね。最後の最後まであなたのペースだったわ」%K%P
「あたし一人の力じゃないけどね」%K%P
「あたし一人の力じゃないけどね」%K%P
「ことりちゃんと合流できたのは偶然だったんでしょ？　それであれだけの作戦を即席で立てたんだから大したものよ」%K%P
「ことりちゃんと合流できたのは偶然だったんでしょ？　それであれだけの作戦を即席で立てたんだから大したものよ」%K%P
「わたしと千影さんを一人で手玉にとってた時なんて、堂々としたものだったし」%K%P
「わたしと千影さんを一人で手玉にとってた時なんて、堂々としたものだったし」%K%P
「ふふ、それこそあたし一人の力じゃないわ」%K%P
「ふふ、それこそあたし一人の力じゃないわ」%K%P
常にいずみさんの存在を胸の中に感じていたからこそ、臆することなく最後まで勇敢に戦うことが出来たに過ぎない。%K%P
常にいずみさんの存在を胸の中に感じていたからこそ、臆することなく最後まで勇敢に戦うことが出来たに過ぎない。%K%P
「美琴は、自分の手でいずみさんを解放してあげたいとは思わなかったの？」%K%P
「美琴は、自分の手でいずみさんを解放してあげたいとは思わなかったの？」%K%P
「もちろん自分の手で助けてあげられたらベストなんだろうけど……」%K%P
「もちろん自分の手で助けてあげられたらベストなんだろうけど……」%K%P
「状況がそれを許さないなら、ベターな手段を選ぶことに迷いはないよ。仲間を信じているからね」%K%P
「状況がそれを許さないなら、ベターな手段を選ぶことに迷いはないよ。仲間を信じているからね」%K%P
目的はあくまでアリアを成功させることだ。%K%P
目的はあくまでアリアを成功させることだ。%K%P
アリアが終われば、またいずみさんと会うことは出来る。%K%P
アリアが終われば、またいずみさんと会うことは出来る。%K%P
「美琴、強くなったよね。頼り甲斐が出てきたというか……一皮剥けて大人になったって感じかな？」%K%P
「美琴、強くなったよね。頼り甲斐が出てきたというか……一皮剥けて大人になったって感じかな？」%K%P
「綾香にそう言って貰えるのは、うれしいな」%K%P
「綾香にそう言って貰えるのは、うれしいな」%K%P
アリアは今もなお継続中だけど、あたしたちにはもうやれることはない。%K%P
アリアは今もなお継続中だけど、あたしたちにはもうやれることはない。%K%P
まさに人事を尽くして天命を待つ、だ。%K%P
まさに人事を尽くして天命を待つ、だ。%K%P
……だからもう打ち明けてもいいかな？%K%P
……だからもう打ち明けてもいいかな？%K%P
まあ、念のため、遠回しに。%K%P
まあ、念のため、遠回しに。%K%P
「もしあたしが強くなったと言うのなら、それはいずみさんのおかげね」%K%P
「もしあたしが強くなったと言うのなら、それはいずみさんのおかげね」%K%P
「その……姫様の寵愛を一身に受けた{騎士:ワルキュリア}は無敵と言うか、そんな感じで……」%K%P
「その……姫様の寵愛を一身に受けた{騎士:ワルキュリア}は無敵と言うか、そんな感じで……」%K%P
なんだかとても照れくさい。%K%P
なんだかとても照れくさい。%K%P
綾香はちょっと驚いたようだったけど、すぐに得心がいったように頷く。%K%P
綾香はちょっと驚いたようだったけど、すぐに得心がいったように頷く。%K%P
「そっか、そうなんだ」%K%P
「そっか、そうなんだ」%K%P
優しい笑みだった。%K%P
優しい笑みだった。%K%P
「うん、そうなの」%K%P
「うん、そうなの」%K%P
「おめでとう、美琴」%K%P
「おめでとう、美琴」%K%P
「うん、ありがとう、綾香」%K%P
「うん、ありがとう、綾香」%K%P
それ以上、あたしたちの間に余計な言葉はいらなかった。%K%P
それ以上、あたしたちの間に余計な言葉はいらなかった。%K%P
僕は力の限り歌い続けていた。%K%P
僕は力の限り歌い続けていた。%K%P
幸いなことに、奏さんの二つ目の錠が解錠されたというアナウンスはまだ流れていない。%K%P
幸いなことに、奏さんの二つ目の錠が解錠されたというアナウンスはまだ流れていない。%K%P
ことりちゃんは、楓さんを捜しにまた森の中へと消えていた。%K%P
ことりちゃんは、楓さんを捜しにまた森の中へと消えていた。%K%P
「いずみさん！」%K%P
「いずみさん！」%K%P
遠くから駆け寄ってくる姿が見えた。%K%P
遠くから駆け寄ってくる姿が見えた。%K%P
僕は歌を中断して大きく腕を振る。%K%P
僕は歌を中断して大きく腕を振る。%K%P
「こっちこっち！」%K%P
「こっちこっち！」%K%P
輝堂さんがどんどん近づいてくる。%K%P
輝堂さんがどんどん近づいてくる。%K%P
よし、これで僕たちの勝ちだ！%K%P
よし、これで僕たちの勝ちだ！%K%P
と、思った瞬間――%K%P
と、思った瞬間――%K%P
「楓様、跳んでっ、スナイピング！」%K%P
「楓様、跳んでっ、スナイピング！」%K%P
「！？」%K%P
「！？」%K%P
どこからか聞こえてきたことりちゃんの声に反応して楓さんが横っ飛びに転がる。%K%P
どこからか聞こえてきたことりちゃんの声に反応して楓さんが横っ飛びに転がる。%K%P
それに一瞬遅れて、矢が地面で跳ねた。%K%P
それに一瞬遅れて、矢が地面で跳ねた。%K%P
楓さんはすぐに起き上がり、矢が飛んできた方に視線を走らせる。%K%P
楓さんはすぐに起き上がり、矢が飛んできた方に視線を走らせる。%K%P
僕もその視線を辿って目をこらすと、木々の影に夕陽ちゃんの姿を見つける。%K%P
僕もその視線を辿って目をこらすと、木々の影に夕陽ちゃんの姿を見つける。%K%P
「いつのまに……っ」%K%P
「いつのまに……っ」%K%P
夕陽ちゃんは二の矢をつがえて楓さんを狙っていた。%K%P
夕陽ちゃんは二の矢をつがえて楓さんを狙っていた。%K%P
楓さんが剣を構えて、防御の体勢を取る。%K%P
楓さんが剣を構えて、防御の体勢を取る。%K%P
しかし、夕陽ちゃんの弓が矢を放つことはなかった。%K%P
しかし、夕陽ちゃんの弓が矢を放つことはなかった。%K%P
いきなり夕陽ちゃんの鎧が分解した。%K%P
いきなり夕陽ちゃんの鎧が分解した。%K%P
地面に転がる鎧のパーツと共に一本の矢が落ちていた。%K%P
地面に転がる鎧のパーツと共に一本の矢が落ちていた。%K%P
「ゆ、夕ちゃんに当てちゃった……当たっちゃいました！」%K%P
「ゆ、夕ちゃんに当てちゃった……当たっちゃいました！」%K%P
夕陽ちゃんが潜んでいたのとは別の木陰からことりちゃんが姿を現した。%K%P
夕陽ちゃんが潜んでいたのとは別の木陰からことりちゃんが姿を現した。%K%P
展開が早すぎて僕の理解が追いつかない。%K%P
展開が早すぎて僕の理解が追いつかない。%K%P
いったい何がどうなっているんだろう……？%K%P
いったい何がどうなっているんだろう……？%K%P
「楓様、今のうち早くいずみ様に鍵を！」%K%P
「楓様、今のうち早くいずみ様に鍵を！」%K%P
「あ、うん、そうだね」%K%P
「あ、うん、そうだね」%K%P
武器を下げて、すぐに僕の所まで走ってきた。%K%P
武器を下げて、すぐに僕の所まで走ってきた。%K%P
輝堂さんが最後の錠を外してくれる。%K%P
輝堂さんが最後の錠を外してくれる。%K%P
『ただいま輝堂楓さんの手によって三つ目の錠が解錠されました』%K%P
『ただいま輝堂楓さんの手によって三つ目の錠が解錠されました』%K%P
『勇猛な{La Valchiria:ラ・ヴァルキーリア}の手により{diva:ディーバ}は助け出されました。塚原いずみさんチームの勝利です！』%K%P
『勇猛な{La Valchiria:ラ・ヴァルキーリア}の手により{diva:ディーバ}は助け出されました。塚原いずみさんチームの勝利です！』%K%P
「やったっ！　やったよみんな！」%K%P
「やったっ！　やったよみんな！」%K%P
うれしさのあまり、楓さんの手を勝手に取って上下にブンブン振っていた。%K%P
うれしさのあまり、楓さんの手を勝手に取って上下にブンブン振っていた。%K%P
「おおっ、まるで夢みたいだけど確かに私たちの勝ちだね！」%K%P
「おおっ、まるで夢みたいだけど確かに私たちの勝ちだね！」%K%P
「いずみ様～っ、おめでとうございます～っ」%K%P
「いずみ様～っ、おめでとうございます～っ」%K%P
ことりちゃんが子犬のようにはしゃぎながら駆け寄ってくる。%K%P
ことりちゃんが子犬のようにはしゃぎながら駆け寄ってくる。%K%P
僕たちはひとしきり互いに手を取り合って、喜びに身を委ねた。%K%P
僕たちはひとしきり互いに手を取り合って、喜びに身を委ねた。%K%P
「はぁ～、上手く行くと思ったんですけどねぇ……思い切り失敗しちゃいました」%K%P
「はぁ～、上手く行くと思ったんですけどねぇ……思い切り失敗しちゃいました」%K%P
「まあ、何はともあれ、いずみ様、おめでとうございます」%K%P
「まあ、何はともあれ、いずみ様、おめでとうございます」%K%P
いつの間にか夕陽ちゃんも僕たちの輪に交ざっていた。%K%P
いつの間にか夕陽ちゃんも僕たちの輪に交ざっていた。%K%P
「なかなか見事な待ち伏せだったじゃないか。正直、ことりちゃんの声がなかったらかなり危なかったよ」%K%P
「なかなか見事な待ち伏せだったじゃないか。正直、ことりちゃんの声がなかったらかなり危なかったよ」%K%P
「そうそう、いつのまにあんなとこに潜んでいたの？」%K%P
「そうそう、いつのまにあんなとこに潜んでいたの？」%K%P
「ことりんがいずみ様の錠を外してから、ちょっと後くらいです」%K%P
「ことりんがいずみ様の錠を外してから、ちょっと後くらいです」%K%P
つまり、けっこう前から隠れてたってことか。%K%P
つまり、けっこう前から隠れてたってことか。%K%P
全然、気がつかなかった……。%K%P
全然、気がつかなかった……。%K%P
「実は奏様にわたしの鍵を使った後、ほかのメンバーの手助けをしちゃおうかなってあちこちうろついてたんですけど……」%K%P
「実は奏様にわたしの鍵を使った後、ほかのメンバーの手助けをしちゃおうかなってあちこちうろついてたんですけど……」%K%P
「そうしたら、偶然、いずみ様の歌を耳にしまして、あ、ここで隠れてたら、いずみ様を助けに来た人をこっそり攻撃できちゃいそうって思いついたんです」%K%P
「そうしたら、偶然、いずみ様の歌を耳にしまして、あ、ここで隠れてたら、いずみ様を助けに来た人をこっそり攻撃できちゃいそうって思いついたんです」%K%P
さらっと言ってるけど、なにげに凄い行動力だな。%K%P
さらっと言ってるけど、なにげに凄い行動力だな。%K%P
素で感心してしまう。%K%P
素で感心してしまう。%K%P
「あ～、でもまさかことりんに見つかってたなんて、わたしもまだまだですね～」%K%P
「あ～、でもまさかことりんに見つかってたなんて、わたしもまだまだですね～」%K%P
「私のはたまたまだよ」%K%P
「私のはたまたまだよ」%K%P
「森の中を歩き回っていたら捜していた楓様の声が聞こえたので、ふとそちらを見たら遠くに弓を構えている夕ちゃんの姿があっただけで……」%K%P
「森の中を歩き回っていたら捜していた楓様の声が聞こえたので、ふとそちらを見たら遠くに弓を構えている夕ちゃんの姿があっただけで……」%K%P
「謙遜抜きで本当に偶然だったんだな」%K%P
「謙遜抜きで本当に偶然だったんだな」%K%P
輝堂さんが冷や汗を掻いていた。%K%P
輝堂さんが冷や汗を掻いていた。%K%P
一つでも何かの要素が欠けていたら、アリアの結果は違ったものになっていたのかもしれない。%K%P
一つでも何かの要素が欠けていたら、アリアの結果は違ったものになっていたのかもしれない。%K%P
そう考えると、この勝利がいかに貴重でみんなの前向きな努力の結晶なのかが分かる。%K%P
そう考えると、この勝利がいかに貴重でみんなの前向きな努力の結晶なのかが分かる。%K%P
結果が全てとは言わないが、それでもこの勝利はとてもうれしいものだった。%K%P
結果が全てとは言わないが、それでもこの勝利はとてもうれしいものだった。%K%P
ちなみに、美琴さんの身を挺した時間稼ぎが大きく勝利に貢献したとみんなに評価されて、今年の{最優秀騎士:ブリランテ}は美琴さんが選ばれた。%K%P
ちなみに、美琴さんの身を挺した時間稼ぎが大きく勝利に貢献したとみんなに評価されて、今年の{最優秀騎士:ブリランテ}は美琴さんが選ばれた。%K%P
