「さてと、今日の授業はこれでお終い、か……うーん、どうしようかな」%K%P
「さてと、今日の授業はこれでお終い、か……うーん、どうしようかな」%K%P
まだまだ日は高いから寮に帰るのも勿体ないし。%K%P
まだまだ日は高いから寮に帰るのも勿体ないし。%K%P
かといって街に出るほどの時間も無い……か。%K%P
かといって街に出るほどの時間も無い……か。%K%P
……そうだ、学園内を見て回っておこうかな。%K%P
……そうだ、学園内を見て回っておこうかな。%K%P
「いずみさん、どうかした？」%K%P
「いずみさん、どうかした？」%K%P
「なんだかぼーっとしていたけれど、お疲れかしら。環境が急に変わったから、大変でしょう？」%K%P
「なんだかぼーっとしていたけれど、お疲れかしら。環境が急に変わったから、大変でしょう？」%K%P
「あ、綾香さんに、美琴さん。ううん、大丈夫、疲れてはないよ」%K%P
「あ、綾香さんに、美琴さん。ううん、大丈夫、疲れてはないよ」%K%P
「放課後の過ごし方を考えてて。学園の中を散歩でもしようかとは思ってたんだけど」%K%P
「放課後の過ごし方を考えてて。学園の中を散歩でもしようかとは思ってたんだけど」%K%P
しばらくはこの学園にごやっかいになるんだし、ある程度知っておいた方がいいよね。%K%P
しばらくはこの学園にごやっかいになるんだし、ある程度知っておいた方がいいよね。%K%P
「そうだったの。うーん、わたし達に予定がなければ、案内することが出来たのだけど」%K%P
「そうだったの。うーん、わたし達に予定がなければ、案内することが出来たのだけど」%K%P
「ごめんなさいね、いずみさん。あたし達、学園長のお手伝いがあって」%K%P
「ごめんなさいね、いずみさん。あたし達、学園長のお手伝いがあって」%K%P
「いいって、いいって。二人とも気にしないで。一人で大丈夫だから」%K%P
「いいって、いいって。二人とも気にしないで。一人で大丈夫だから」%K%P
「でも、結構この学園広いわよ？　いずみさん、迷子になっちゃったりして」%K%P
「でも、結構この学園広いわよ？　いずみさん、迷子になっちゃったりして」%K%P
「またまた、美琴さん、私子供じゃないんだから。幾ら広いといっても学園の中だし、平気だよ」%K%P
「またまた、美琴さん、私子供じゃないんだから。幾ら広いといっても学園の中だし、平気だよ」%K%P
学園の中で迷子だなんて、聞いたこと無いし。%K%P
学園の中で迷子だなんて、聞いたこと無いし。%K%P
「頼もしいわね。まあ色々な国や都市に行っているいずみさんなら大丈夫かな」%K%P
「頼もしいわね。まあ色々な国や都市に行っているいずみさんなら大丈夫かな」%K%P
「うふふ、そうね。あ、綾香、そろそろ行かないと、法子さん、ぼやくわよ？」%K%P
「うふふ、そうね。あ、綾香、そろそろ行かないと、法子さん、ぼやくわよ？」%K%P
「いっけないっ、姉さん待たせちゃってる！　それじゃ、ごきげんよういずみさん」%K%P
「いっけないっ、姉さん待たせちゃってる！　それじゃ、ごきげんよういずみさん」%K%P
「困ったら誰でも良いから、頼るのよ？　この学園の子達は、みんな良い子だから。それじゃごきげんよう」%K%P
「困ったら誰でも良いから、頼るのよ？　この学園の子達は、みんな良い子だから。それじゃごきげんよう」%K%P
「あ、あは、ご、ごきげんよう」%K%P
「あ、あは、ご、ごきげんよう」%K%P
行っちゃった……深皇祭も近づいてきているから、二人とも忙しいんだろうね。%K%P
行っちゃった……深皇祭も近づいてきているから、二人とも忙しいんだろうね。%K%P
「さて、行ってみようかな。二人はああ言ってたけど、迷うわけないよね」%K%P
「さて、行ってみようかな。二人はああ言ってたけど、迷うわけないよね」%K%P
「ふふ、空、高いなぁ……ああ、空気が綺麗な証拠だよね」%K%P
「ふふ、空、高いなぁ……ああ、空気が綺麗な証拠だよね」%K%P
チチチと鳥の鳴声がする……ほんと、ここは環境が良い。%K%P
チチチと鳥の鳴声がする……ほんと、ここは環境が良い。%K%P
「とりあえず深呼吸……ふぅ……」%K%P
「とりあえず深呼吸……ふぅ……」%K%P
よし、落ち着いてきたぞ。%K%P
よし、落ち着いてきたぞ。%K%P
えと、僕は学園の探検に出て、校舎の中は把握できて、それで、そのまま勢いに乗って、外に出て……。%K%P
えと、僕は学園の探検に出て、校舎の中は把握できて、それで、そのまま勢いに乗って、外に出て……。%K%P
「迷ったということです……ここ、どこ？」%K%P
「迷ったということです……ここ、どこ？」%K%P
背後に見えていたはずの校舎は、木々に遮られ、どこにも見えない。%K%P
背後に見えていたはずの校舎は、木々に遮られ、どこにも見えない。%K%P
「えっと、困ったら誰でもいいから頼る…………その誰かがいない」%K%P
「えっと、困ったら誰でもいいから頼る…………その誰かがいない」%K%P
うう、最悪、携帯電話で助けを呼べばいいけど……学園の敷地内で迷子になりましたって……格好悪すぎ。%K%P
うう、最悪、携帯電話で助けを呼べばいいけど……学園の敷地内で迷子になりましたって……格好悪すぎ。%K%P
「はぁ…………んん、なにか、聞こえる……人の声？」%K%P
「はぁ…………んん、なにか、聞こえる……人の声？」%K%P
僕は声楽をしている関係か、聴覚には自信がある。特に、声には敏感だ。%K%P
僕は声楽をしている関係か、聴覚には自信がある。特に、声には敏感だ。%K%P
耳を澄ませる……この先に、誰かいる。%K%P
耳を澄ませる……この先に、誰かいる。%K%P
僕は声に導かれて歩を進めた。%K%P
僕は声に導かれて歩を進めた。%K%P
「こっちだ。人の声と……それに、なにか空気を裂くような音がする」%K%P
「こっちだ。人の声と……それに、なにか空気を裂くような音がする」%K%P
近い……推測が確信に変わる。%K%P
近い……推測が確信に変わる。%K%P
さらに歩いていくと……あ、やっぱり誰かいる。目を凝らしてみる――鎧を着た女の子。%K%P
さらに歩いていくと……あ、やっぱり誰かいる。目を凝らしてみる――鎧を着た女の子。%K%P
「あれは…………ことりちゃん？」%K%P
「あれは…………ことりちゃん？」%K%P
少し開けたところで、一人弓を構えていることりちゃんの姿があった。%K%P
少し開けたところで、一人弓を構えていることりちゃんの姿があった。%K%P
そうか、たしかアーチェリーをやってるんだっけ。%K%P
そうか、たしかアーチェリーをやってるんだっけ。%K%P
「ことり……」%K%P
「ことり……」%K%P
声を掛けようとして……開き掛けた口を閉じる。邪魔をしてはいけない、そう思った。%K%P
声を掛けようとして……開き掛けた口を閉じる。邪魔をしてはいけない、そう思った。%K%P
「んっ………………」%K%P
「んっ………………」%K%P
ことりちゃんが小さな体を目一杯つかって、弓を引いてる。柔らかそうなほっぺたが引き締まり、澄んだ瞳が的に向けられている。%K%P
ことりちゃんが小さな体を目一杯つかって、弓を引いてる。柔らかそうなほっぺたが引き締まり、澄んだ瞳が的に向けられている。%K%P
小柄だけれども、バランスの取れた体。とても綺麗だと感じた。%K%P
小柄だけれども、バランスの取れた体。とても綺麗だと感じた。%K%P
「んんっ……」%K%P
「んんっ……」%K%P
ほっそりとした手が弦を引き絞る……緊張に満ちていく。%K%P
ほっそりとした手が弦を引き絞る……緊張に満ちていく。%K%P
そして、指先から弦が離れ、刹那の間を置いて、矢が宙を切り裂き飛んでいった。%K%P
そして、指先から弦が離れ、刹那の間を置いて、矢が宙を切り裂き飛んでいった。%K%P
ここからははっきりと見えないけど、矢は的の真ん中辺りに当たったみたい――すごい、あんな遠くにあるのに。%K%P
ここからははっきりと見えないけど、矢は的の真ん中辺りに当たったみたい――すごい、あんな遠くにあるのに。%K%P
「……ふぅ…………うん、良い感じ」%K%P
「……ふぅ…………うん、良い感じ」%K%P
「……あれ、そこにどなたかいらっしゃるのですか？」%K%P
「……あれ、そこにどなたかいらっしゃるのですか？」%K%P
柔らかなことりちゃんの声が、僕を硬直から解いた。%K%P
柔らかなことりちゃんの声が、僕を硬直から解いた。%K%P
「ことりちゃん、ごめん、私。いずみ」%K%P
「ことりちゃん、ごめん、私。いずみ」%K%P
「あっ、いずみ様。いらしてたんですね、すみません、気がつきませんでした」%K%P
「あっ、いずみ様。いらしてたんですね、すみません、気がつきませんでした」%K%P
「ことりちゃん、集中してたものね。なんだか私も緊張しちゃった」%K%P
「ことりちゃん、集中してたものね。なんだか私も緊張しちゃった」%K%P
「あ、えっと私、弓を引いてると、他の事に気が回らなくなっちゃって……えへへ」%K%P
「あ、えっと私、弓を引いてると、他の事に気が回らなくなっちゃって……えへへ」%K%P
恥ずかしそうに笑うことりちゃん。弓を引いていた時のことりちゃんと、今の彼女は別人のよう。%K%P
恥ずかしそうに笑うことりちゃん。弓を引いていた時のことりちゃんと、今の彼女は別人のよう。%K%P
「これって、お風呂で言ってたアーチェリーだよね？」%K%P
「これって、お風呂で言ってたアーチェリーだよね？」%K%P
「はい、そうです。いずみ様、覚えてて下さったんですねっ」%K%P
「はい、そうです。いずみ様、覚えてて下さったんですねっ」%K%P
「あは、もちろん。私、テレビでも見たことあるんだよ。確かオリンピックの種目にもなってるんだよね」%K%P
「あは、もちろん。私、テレビでも見たことあるんだよ。確かオリンピックの種目にもなってるんだよね」%K%P
「わぁ、そんなことまでご存じなんですね、なんだか、嬉しいです！　ありがとうございます、いずみ様」%K%P
「わぁ、そんなことまでご存じなんですね、なんだか、嬉しいです！　ありがとうございます、いずみ様」%K%P
「あは、そんな。なんか、とっても嬉しそうだね、ことりちゃん」%K%P
「あは、そんな。なんか、とっても嬉しそうだね、ことりちゃん」%K%P
「はい。アーチェリーって、日本だと、あまり広くは知られていない競技なんです」%K%P
「はい。アーチェリーって、日本だと、あまり広くは知られていない競技なんです」%K%P
「確かに道具や、広い場所が必要だったりで、とっつきにくい競技なんですけど、男女差や年齢差があまりなくて、誰にでも出来るスポーツなんです」%K%P
「確かに道具や、広い場所が必要だったりで、とっつきにくい競技なんですけど、男女差や年齢差があまりなくて、誰にでも出来るスポーツなんです」%K%P
そういえば、オリンピックとかでも結構年齢が高い人が活躍していたよね。%K%P
そういえば、オリンピックとかでも結構年齢が高い人が活躍していたよね。%K%P
「なかなか的のセンターには{中:あた}らないですけど、中るようになると、とっても嬉しいんです」%K%P
「なかなか的のセンターには{中:あた}らないですけど、中るようになると、とっても嬉しいんです」%K%P
「なるほど。確かに自分の放った矢が当たると気持ちよさそうだね。それにしても、矢って随分尖ってるんだ、ちょっと怖いかも」%K%P
「なるほど。確かに自分の放った矢が当たると気持ちよさそうだね。それにしても、矢って随分尖ってるんだ、ちょっと怖いかも」%K%P
傍らの台に置かれていた矢に目をやる。黒い本体に羽、そして反対側の先端部は鋭く尖っている。%K%P
傍らの台に置かれていた矢に目をやる。黒い本体に羽、そして反対側の先端部は鋭く尖っている。%K%P
「ふふ、危ないから、先端はさわっては駄目ですよ？　矢って尖ってる分、的に刺さると抜けにくいんです」%K%P
「ふふ、危ないから、先端はさわっては駄目ですよ？　矢って尖ってる分、的に刺さると抜けにくいんです」%K%P
「私、力が無いから、的から抜くときは大変なんですよ。そんなときは、夕ちゃんに手伝って貰ったりするんですけどね」%K%P
「私、力が無いから、的から抜くときは大変なんですよ。そんなときは、夕ちゃんに手伝って貰ったりするんですけどね」%K%P
んしょ、んしょと言いながら、矢を引っこ抜いている姿が目に浮かぶ。ふふ、ことりちゃんには悪いけど、ちょっと可愛いかも。%K%P
んしょ、んしょと言いながら、矢を引っこ抜いている姿が目に浮かぶ。ふふ、ことりちゃんには悪いけど、ちょっと可愛いかも。%K%P
「たしか、本番……プリンチペッサ……プレギエーラでは競技用の物を使うんだよね？」%K%P
「たしか、本番……プリンチペッサ……プレギエーラでは競技用の物を使うんだよね？」%K%P
「えへ、言いにくいですよね？　アリアでいいと思います。舌、噛んじゃいますよ？」%K%P
「えへ、言いにくいですよね？　アリアでいいと思います。舌、噛んじゃいますよ？」%K%P
「アリアでは安全な物を使用します。この前の補足になるんですけど……いずみ様、ちょっとこちらを見て頂いていいですか？」%K%P
「アリアでは安全な物を使用します。この前の補足になるんですけど……いずみ様、ちょっとこちらを見て頂いていいですか？」%K%P
そう言って、ことりちゃんは変わった形の矢を取りだした――あ、この前触らせてもらったのだ。%K%P
そう言って、ことりちゃんは変わった形の矢を取りだした――あ、この前触らせてもらったのだ。%K%P
「ここ……先が壊れて衝撃を吸収するので、もし鎧以外の部分に当たったとしても、怪我をしない構造になってるんです」%K%P
「ここ……先が壊れて衝撃を吸収するので、もし鎧以外の部分に当たったとしても、怪我をしない構造になってるんです」%K%P
「壊れちゃうから、先端部は一度使うと再使用できないんですけどね」%K%P
「壊れちゃうから、先端部は一度使うと再使用できないんですけどね」%K%P
先端を見せてくれる……なるほど、交換できるようになってるみたいだ。%K%P
先端を見せてくれる……なるほど、交換できるようになってるみたいだ。%K%P
「こちらを射ることによって、安全性と、競技性の両立をはかる……ということらしいです」%K%P
「こちらを射ることによって、安全性と、競技性の両立をはかる……ということらしいです」%K%P
「なるほど、よく考えられてるんだね。折角のアリアで怪我とかしちゃったら残念だものね」%K%P
「なるほど、よく考えられてるんだね。折角のアリアで怪我とかしちゃったら残念だものね」%K%P
「はいっ。その、晴れ舞台ですから、楽しい深皇祭にしたいです」%K%P
「はいっ。その、晴れ舞台ですから、楽しい深皇祭にしたいです」%K%P
僕を見上げるように、話してくれることりちゃん。いい顔してる――人は自分の好きなものについて語るときは、こういう顔になるよね。%K%P
僕を見上げるように、話してくれることりちゃん。いい顔してる――人は自分の好きなものについて語るときは、こういう顔になるよね。%K%P
「はは、ことりちゃんは、アーチェリーにはまってるみたい。好きだっていう気持ちが伝わってくるよ」%K%P
「はは、ことりちゃんは、アーチェリーにはまってるみたい。好きだっていう気持ちが伝わってくるよ」%K%P
「あ、はい。といっても、腕前はまだまだですけど」%K%P
「あ、はい。といっても、腕前はまだまだですけど」%K%P
「ううん、そんなことないよ。さっきのことりちゃんなんて、格好良かった」%K%P
「ううん、そんなことないよ。さっきのことりちゃんなんて、格好良かった」%K%P
「やっぱり{騎士:ワルキュリア}に選ばれるだけあるなって、私思ったもん」%K%P
「やっぱり{騎士:ワルキュリア}に選ばれるだけあるなって、私思ったもん」%K%P
普段は穏やかで、どこか頼り無い印象のあることりちゃんだったけど、弓を引いているときは、はっきりとした意志のような物が見えた。%K%P
普段は穏やかで、どこか頼り無い印象のあることりちゃんだったけど、弓を引いているときは、はっきりとした意志のような物が見えた。%K%P
「あぅ、そ、そんな、も、もぉ、いずみ様ったら……褒めすぎです」%K%P
「あぅ、そ、そんな、も、もぉ、いずみ様ったら……褒めすぎです」%K%P
体を押しつけてくることりちゃん。スベスベの肌と、硬質な鎧の感触が同時に伝わってくる。%K%P
体を押しつけてくることりちゃん。スベスベの肌と、硬質な鎧の感触が同時に伝わってくる。%K%P
ことりちゃんはこういったスキンシップが好きなのかも。%K%P
ことりちゃんはこういったスキンシップが好きなのかも。%K%P
「ふふ、照れてる照れてる。私はホントのこと言っただけだよ」%K%P
「ふふ、照れてる照れてる。私はホントのこと言っただけだよ」%K%P
「あうぅ～……そ、そうだ、いずみ様、その、良かったらなんですけど、弓、引いてみませんか？　もちろん、こっちの安全な方ですけど」%K%P
「あうぅ～……そ、そうだ、いずみ様、その、良かったらなんですけど、弓、引いてみませんか？　もちろん、こっちの安全な方ですけど」%K%P
「ちょっとでも興味を持って貰えたら、嬉しいかなって……あの、駄目ですか？」%K%P
「ちょっとでも興味を持って貰えたら、嬉しいかなって……あの、駄目ですか？」%K%P
少し不安げなことりちゃん。その顔は反則だよ……そんな風にされたら、もう。%K%P
少し不安げなことりちゃん。その顔は反則だよ……そんな風にされたら、もう。%K%P
「全然駄目じゃないよ。それじゃお願いします、ことり先生」%K%P
「全然駄目じゃないよ。それじゃお願いします、ことり先生」%K%P
「あ、は、はいっ！」%K%P
「あ、は、はいっ！」%K%P
ことりちゃんから弓を引く上での注意点、作法などを聞く。自分の知らない分野というのは、新鮮で面白い。%K%P
ことりちゃんから弓を引く上での注意点、作法などを聞く。自分の知らない分野というのは、新鮮で面白い。%K%P
ことりちゃんの教え方は丁寧で、分かりやすい。結構指導者とか向いているのかも。%K%P
ことりちゃんの教え方は丁寧で、分かりやすい。結構指導者とか向いているのかも。%K%P
「スタンスですけど、足を平行に、あとは……肩幅ぐらいに開いて下さい。重心は爪先に……あ、いずみ様、お上手です」%K%P
「スタンスですけど、足を平行に、あとは……肩幅ぐらいに開いて下さい。重心は爪先に……あ、いずみ様、お上手です」%K%P
「そうしたら、こちらの弓を持って下さい」%K%P
「そうしたら、こちらの弓を持って下さい」%K%P
「うん、分かった…………あ」%K%P
「うん、分かった…………あ」%K%P
弓を手渡されたとき、指先が触れた。うわ、ことりちゃんの指って細くて、柔らかい……ちょっと気持ち良いかも。%K%P
弓を手渡されたとき、指先が触れた。うわ、ことりちゃんの指って細くて、柔らかい……ちょっと気持ち良いかも。%K%P
「いずみ様？」%K%P
「いずみ様？」%K%P
「あ、ごめんごめん。弓って、結構重いんだね、ズシって来たよ」%K%P
「あ、ごめんごめん。弓って、結構重いんだね、ズシって来たよ」%K%P
「そうなんですよね。でも、軽すぎても良くないんです。安定しませんから。弓自体、一昔前より軽くなってるみたいですけど」%K%P
「そうなんですよね。でも、軽すぎても良くないんです。安定しませんから。弓自体、一昔前より軽くなってるみたいですけど」%K%P
「へぇ、弓の重さ一つ取っても、理由があるんだね」%K%P
「へぇ、弓の重さ一つ取っても、理由があるんだね」%K%P
「はいっ。それで、押し手……弓を持つ手を前にして、引き手、これは{弦:ストリング}を引く手を平行にして」%K%P
「はいっ。それで、押し手……弓を持つ手を前にして、引き手、これは{弦:ストリング}を引く手を平行にして」%K%P
「え、えっとこうかな？」%K%P
「え、えっとこうかな？」%K%P
押し手を前に、引き手を後ろにだっけ？　えっと……。%K%P
押し手を前に、引き手を後ろにだっけ？　えっと……。%K%P
「言葉だけでは分かりにくいですよね、いずみ様、ちょっと失礼します」%K%P
「言葉だけでは分かりにくいですよね、いずみ様、ちょっと失礼します」%K%P
「ん？　なに…………わ、わわっ」%K%P
「ん？　なに…………わ、わわっ」%K%P
ことりちゃんが身を寄せてくる。小さな手が僕のソレに重ねられ、体が密着する。腕に、背中に、腰に、おしりに、彼女の体を感じる。%K%P
ことりちゃんが身を寄せてくる。小さな手が僕のソレに重ねられ、体が密着する。腕に、背中に、腰に、おしりに、彼女の体を感じる。%K%P
鎧に覆われているといえど、刺激が強すぎるよ。%K%P
鎧に覆われているといえど、刺激が強すぎるよ。%K%P
「いずみ様、リラックスして下さいね。慣れて無いから、緊張してしまうかも知れませんけど」%K%P
「いずみ様、リラックスして下さいね。慣れて無いから、緊張してしまうかも知れませんけど」%K%P
「私、一生懸命、しますから……ね？」%K%P
「私、一生懸命、しますから……ね？」%K%P
「は、はひぃいい！？」%K%P
「は、はひぃいい！？」%K%P
な、何を一生懸命してくれるの？　ことりちゃんって、結構大胆……って、僕の馬鹿！　アーチェリーに決まってるでしょ。%K%P
な、何を一生懸命してくれるの？　ことりちゃんって、結構大胆……って、僕の馬鹿！　アーチェリーに決まってるでしょ。%K%P
うぅ、でもでも、柔らかいし、髪はふわふわだし、良い匂いはしちゃうし……。%K%P
うぅ、でもでも、柔らかいし、髪はふわふわだし、良い匂いはしちゃうし……。%K%P
「ゆっくり呼吸して下さい。収縮と開放が大事なんです。段々と溜めていって、一気に解き放つ、いいですか？」%K%P
「ゆっくり呼吸して下さい。収縮と開放が大事なんです。段々と溜めていって、一気に解き放つ、いいですか？」%K%P
「た、溜めるんですねっ？　解き放つんですね？」%K%P
「た、溜めるんですねっ？　解き放つんですね？」%K%P
ことりちゃんの吐息が首筋に掛る。それは産毛を撫であげ、制服に忍び込み、背中へと達する。%K%P
ことりちゃんの吐息が首筋に掛る。それは産毛を撫であげ、制服に忍び込み、背中へと達する。%K%P
「ふふ、変な言葉使い。初めてですものね、緊張しちゃいますよね……あ、こんなに硬くなってます」%K%P
「ふふ、変な言葉使い。初めてですものね、緊張しちゃいますよね……あ、こんなに硬くなってます」%K%P
「えええ！？　そ、そんな、そんなことないですよ？」%K%P
「えええ！？　そ、そんな、そんなことないですよ？」%K%P
「硬いですよ、カチカチです。別に恥ずかしいことじゃないんですから、隠さなくてもいいです」%K%P
「硬いですよ、カチカチです。別に恥ずかしいことじゃないんですから、隠さなくてもいいです」%K%P
恥ずかしくないんだ……隠さなくても良いんだ……。%K%P
恥ずかしくないんだ……隠さなくても良いんだ……。%K%P
だって、その、こんなにされたら、駄目だ、押えるんだ。僕は、私なんだ、いずみちゃんなんだよ、うう。%K%P
だって、その、こんなにされたら、駄目だ、押えるんだ。僕は、私なんだ、いずみちゃんなんだよ、うう。%K%P
「背中カチカチです。背筋に力が入りすぎて、強ばっちゃってるんですね」%K%P
「背中カチカチです。背筋に力が入りすぎて、強ばっちゃってるんですね」%K%P
「ほへ？　背中？…………あ、そ、そうだよね、あ、あはは、あはははは……はぁ～」%K%P
「ほへ？　背中？…………あ、そ、そうだよね、あ、あはは、あはははは……はぁ～」%K%P
はぁ、僕の馬鹿……あーなんだか、余計な力が抜けちゃった。%K%P
はぁ、僕の馬鹿……あーなんだか、余計な力が抜けちゃった。%K%P
「あ、いいですね、脱力してます。そしたら、矢をつがえて……そう、人差し指、中指、薬指で{ストリング:弦}を引きます」%K%P
「あ、いいですね、脱力してます。そしたら、矢をつがえて……そう、人差し指、中指、薬指で{ストリング:弦}を引きます」%K%P
「こう、だね？　んんっと……あ、案外力が要らないんだ」%K%P
「こう、だね？　んんっと……あ、案外力が要らないんだ」%K%P
「あ、今は二人で引いてるので軽いですけど、一人だとちょっと大変です」%K%P
「あ、今は二人で引いてるので軽いですけど、一人だとちょっと大変です」%K%P
そうなのかな？　あ、考えてみれば、ことりちゃんと僕じゃ腕力が違うよね。%K%P
そうなのかな？　あ、考えてみれば、ことりちゃんと僕じゃ腕力が違うよね。%K%P
「引いたら、ホールディング……しばらく持ったまま……」%K%P
「引いたら、ホールディング……しばらく持ったまま……」%K%P
ことりちゃんと僕の呼吸が重なっていく。背中から微かに伝わってくる鼓動がシンクロしていく。%K%P
ことりちゃんと僕の呼吸が重なっていく。背中から微かに伝わってくる鼓動がシンクロしていく。%K%P
その時が近づいてくるのが分かる。%K%P
その時が近づいてくるのが分かる。%K%P
「エイミング……狙いを定めます。そして…………リリース」%K%P
「エイミング……狙いを定めます。そして…………リリース」%K%P
ことりちゃんの意志が僕の手に伝わる。まるで一体化したかのような感覚。%K%P
ことりちゃんの意志が僕の手に伝わる。まるで一体化したかのような感覚。%K%P
僕らが放った矢は陽光を照り返し、光の筋となって的に迫る。%K%P
僕らが放った矢は陽光を照り返し、光の筋となって的に迫る。%K%P
そして……的のセンターからわずか外れたところに的中した。%K%P
そして……的のセンターからわずか外れたところに的中した。%K%P
「わわ！　{中:あた}りました！　すごい、初めてなのに！　いずみ様、見て下さい、９点ですよ！」%K%P
「わわ！　{中:あた}りました！　すごい、初めてなのに！　いずみ様、見て下さい、９点ですよ！」%K%P
「真ん中に行くほど点数が高いんです！　私なんて、最近やっと中るようになってきたのに」%K%P
「真ん中に行くほど点数が高いんです！　私なんて、最近やっと中るようになってきたのに」%K%P
「い、いや、ことりちゃんが一緒にうってくれたから……あ、あうっ」%K%P
「い、いや、ことりちゃんが一緒にうってくれたから……あ、あうっ」%K%P
ぽふっと軽い衝撃――ことりちゃんが弓をもったまま抱きついてくる。%K%P
ぽふっと軽い衝撃――ことりちゃんが弓をもったまま抱きついてくる。%K%P
「わぁ～嬉しいなぁ～。いずみ様が、中てた、中てましたっ」%K%P
「わぁ～嬉しいなぁ～。いずみ様が、中てた、中てましたっ」%K%P
まるで自分の事のように喜んでくれることりちゃん。照れくさいし……とっても嬉しい。%K%P
まるで自分の事のように喜んでくれることりちゃん。照れくさいし……とっても嬉しい。%K%P
「こらこら、ことりん、個人練習といっても、騒がないの。基本でしょ？」%K%P
「こらこら、ことりん、個人練習といっても、騒がないの。基本でしょ？」%K%P
「あっ、夕ちゃん！？」%K%P
「あっ、夕ちゃん！？」%K%P
「夕陽ちゃん、これは、その」%K%P
「夕陽ちゃん、これは、その」%K%P
「あはっ、分かってますよ。ちょっと前にここに着いたんで、じっくりと見ちゃいました」%K%P
「あはっ、分かってますよ。ちょっと前にここに着いたんで、じっくりと見ちゃいました」%K%P
「ことりん、指導にしては、ベタベタしすぎじゃないの？　誰もいないからって、大胆だね」%K%P
「ことりん、指導にしては、ベタベタしすぎじゃないの？　誰もいないからって、大胆だね」%K%P
「そ、そんなことないもん！　あ、あれは必要なの、ね、いずみ様？」%K%P
「そ、そんなことないもん！　あ、あれは必要なの、ね、いずみ様？」%K%P
ふふ、さっきまではキビキビとしていたことりちゃんも、夕陽ちゃんの前では子供みたいだな。%K%P
ふふ、さっきまではキビキビとしていたことりちゃんも、夕陽ちゃんの前では子供みたいだな。%K%P
なんかお姉さんと妹って感じ。%K%P
なんかお姉さんと妹って感じ。%K%P
「あはは、そういうことにしてあげるね。いずみ様、ことりんの相手をしてくださって、ありがとうございます」%K%P
「あはは、そういうことにしてあげるね。いずみ様、ことりんの相手をしてくださって、ありがとうございます」%K%P
「いやいや、こちらこそことりちゃんにはしっかりと指導してもらったよ。お陰で的に矢が当たったから」%K%P
「いやいや、こちらこそことりちゃんにはしっかりと指導してもらったよ。お陰で的に矢が当たったから」%K%P
「ね、夕ちゃん、いずみ様もおっしゃってるでしょう？」%K%P
「ね、夕ちゃん、いずみ様もおっしゃってるでしょう？」%K%P
「これは１本取られた。なら、ことりん先生の腕前、拝見といきましょ」%K%P
「これは１本取られた。なら、ことりん先生の腕前、拝見といきましょ」%K%P
夕陽ちゃんに連れられて、修練所に移動する。%K%P
夕陽ちゃんに連れられて、修練所に移動する。%K%P
ここには二人の他にも練習に励む学生がいて、それぞれ弓を引いている。%K%P
ここには二人の他にも練習に励む学生がいて、それぞれ弓を引いている。%K%P
僕は邪魔にならない位置に移動して、見学することにした。%K%P
僕は邪魔にならない位置に移動して、見学することにした。%K%P
「それじゃ見てて下さいね、いずみ様ぁ」%K%P
「それじゃ見てて下さいね、いずみ様ぁ」%K%P
「ふふふ、分かってるよ。二人ともがんばって」%K%P
「ふふふ、分かってるよ。二人ともがんばって」%K%P
僕の声援を受けて、練習場に立つ二人。%K%P
僕の声援を受けて、練習場に立つ二人。%K%P
弓を構えると、背中に緊張感が満ちていくのが見えた。%K%P
弓を構えると、背中に緊張感が満ちていくのが見えた。%K%P
「よっと」%K%P
「よっと」%K%P
「ん、あれ？　なんか、さっきと違う様な？」%K%P
「ん、あれ？　なんか、さっきと違う様な？」%K%P
二人ともまるで生き写しのように、フォームが似ている。素人の目から見ても、形は整っていて、綺麗なんだけど……。%K%P
二人ともまるで生き写しのように、フォームが似ている。素人の目から見ても、形は整っていて、綺麗なんだけど……。%K%P
なんだか、ことりちゃんに覇気が見えない――それに、夕陽ちゃんの方をチラチラと見てる……どうしたのかな。%K%P
なんだか、ことりちゃんに覇気が見えない――それに、夕陽ちゃんの方をチラチラと見てる……どうしたのかな。%K%P
「……んん……しょっと」%K%P
「……んん……しょっと」%K%P
「えいっ」%K%P
「えいっ」%K%P
少しの間を置いて、それぞれの矢が解き放たれる。%K%P
少しの間を置いて、それぞれの矢が解き放たれる。%K%P
一方は的のほぼ中心に、そして、もう一方は……背後の壁に突き刺さった。%K%P
一方は的のほぼ中心に、そして、もう一方は……背後の壁に突き刺さった。%K%P
「……あっ」%K%P
「……あっ」%K%P
「落ち着いて、ことりん。集中していこ？」%K%P
「落ち着いて、ことりん。集中していこ？」%K%P
「あ、うん、夕ちゃん」%K%P
「あ、うん、夕ちゃん」%K%P
一言二言夕陽ちゃんが言葉を掛けている。頷き、矢をつがえることりちゃん。%K%P
一言二言夕陽ちゃんが言葉を掛けている。頷き、矢をつがえることりちゃん。%K%P
やっぱり、気迫が見えてこないというか……気圧されているというか。%K%P
やっぱり、気迫が見えてこないというか……気圧されているというか。%K%P
小柄なことりちゃんが、もっと小さく見えた。%K%P
小柄なことりちゃんが、もっと小さく見えた。%K%P
「ちょっと休憩しよっか、ことりん」%K%P
「ちょっと休憩しよっか、ことりん」%K%P
「ふぅ……う、うん、そうだね、夕ちゃん」%K%P
「ふぅ……う、うん、そうだね、夕ちゃん」%K%P
二人が弓を台に置いて、こちらに向かってきた。ことりちゃんはずっと練習していただけあってか、疲れているみたいだ。%K%P
二人が弓を台に置いて、こちらに向かってきた。ことりちゃんはずっと練習していただけあってか、疲れているみたいだ。%K%P
「お疲れ様。二人とも、頑張ったね」%K%P
「お疲れ様。二人とも、頑張ったね」%K%P
「えへへ、{騎士:ワルキュリア}に選ばれましたからね。{歌姫:ディーバ}様の前で、ふがいないところは見せられませんよ、ね、ことりん」%K%P
「えへへ、{騎士:ワルキュリア}に選ばれましたからね。{歌姫:ディーバ}様の前で、ふがいないところは見せられませんよ、ね、ことりん」%K%P
「あ、う、うん、そうだね。夕ちゃんは結構中ったね……私は、いっぱい外しちゃったけど……」%K%P
「あ、う、うん、そうだね。夕ちゃんは結構中ったね……私は、いっぱい外しちゃったけど……」%K%P
元気が無いのは疲労のせいかな？　考えてみれば、自分の練習の他に、僕にも指導してくれたしね。%K%P
元気が無いのは疲労のせいかな？　考えてみれば、自分の練習の他に、僕にも指導してくれたしね。%K%P
「ことりんが外す原因だけど……多分、フォロースルーだね。押す手が左にながれてる。だから、指先に{弦:ストリング}が引っかかりやすくなってるんだよ」%K%P
「ことりんが外す原因だけど……多分、フォロースルーだね。押す手が左にながれてる。だから、指先に{弦:ストリング}が引っかかりやすくなってるんだよ」%K%P
「あ、それはあるかも。リリースの時に変な感じがすると、大体、外れちゃうし」%K%P
「あ、それはあるかも。リリースの時に変な感じがすると、大体、外れちゃうし」%K%P
「へぇ、夕陽ちゃんよく見てるね。でさ、それって具体的にはどういうことなんだろう？」%K%P
「へぇ、夕陽ちゃんよく見てるね。でさ、それって具体的にはどういうことなんだろう？」%K%P
少しでもことりちゃんの為になりたくて、僕は質問をしてみる。%K%P
少しでもことりちゃんの為になりたくて、僕は質問をしてみる。%K%P
「そうですね、色々と原因はあるけれど、例えば、背中の筋肉よりも、胸の筋肉が発達している人によく見られるんです。ことりん、ちょっとこっち来て」%K%P
「そうですね、色々と原因はあるけれど、例えば、背中の筋肉よりも、胸の筋肉が発達している人によく見られるんです。ことりん、ちょっとこっち来て」%K%P
「あ、うん、分かったよ」%K%P
「あ、うん、分かったよ」%K%P
ちょいちょいと夕陽ちゃんが手招く。ことりちゃんは素直に近づいて来た。%K%P
ちょいちょいと夕陽ちゃんが手招く。ことりちゃんは素直に近づいて来た。%K%P
そして、夕陽ちゃんは無造作に鎧の隙間から、ことりちゃんの胸に手を突っ込んだ。%K%P
そして、夕陽ちゃんは無造作に鎧の隙間から、ことりちゃんの胸に手を突っ込んだ。%K%P
「きゃあ！？　ゆ、夕ちゃん、やめてぇ！」%K%P
「きゃあ！？　ゆ、夕ちゃん、やめてぇ！」%K%P
「わ、わわ、夕陽ちゃん、なにしてるのさっ」%K%P
「わ、わわ、夕陽ちゃん、なにしてるのさっ」%K%P
「この辺りの筋肉ですね。アーチェリーって背筋と胸筋のバランスが大事なんです」%K%P
「この辺りの筋肉ですね。アーチェリーって背筋と胸筋のバランスが大事なんです」%K%P
「あぅうん、やあぁ、そ、そんな動かさなくても、いいよ、夕ちゃん」%K%P
「あぅうん、やあぁ、そ、そんな動かさなくても、いいよ、夕ちゃん」%K%P
悶えることりちゃん、真面目な顔をして手を動かす夕陽ちゃん。可愛い女の子がこんな事をしてるなんて……すっごくシュールな図だ。%K%P
悶えることりちゃん、真面目な顔をして手を動かす夕陽ちゃん。可愛い女の子がこんな事をしてるなんて……すっごくシュールな図だ。%K%P
「んもう、変な声出さないの。こっちは真面目なんだからね」%K%P
「んもう、変な声出さないの。こっちは真面目なんだからね」%K%P
「だ、だって。あぁん、うぅ……や、いずみ様の、前で……」%K%P
「だ、だって。あぁん、うぅ……や、いずみ様の、前で……」%K%P
「あ、あはは、わ、分かったから夕陽ちゃん。そのぐらいで、ね？」%K%P
「あ、あはは、わ、分かったから夕陽ちゃん。そのぐらいで、ね？」%K%P
これ以上は見てられない。ちょっとだけ惜しい気もしたけど、僕は声を掛けた。%K%P
これ以上は見てられない。ちょっとだけ惜しい気もしたけど、僕は声を掛けた。%K%P
「そうですか？　なら止めますけど。後は……メンタルかなぁ。というか、ことりんにはそれが一番かも知れませんね」%K%P
「そうですか？　なら止めますけど。後は……メンタルかなぁ。というか、ことりんにはそれが一番かも知れませんね」%K%P
「はぁはぁはぁ……あっ…………うん」%K%P
「はぁはぁはぁ……あっ…………うん」%K%P
思い当たる節があるのか、コクリと頷くことりちゃん。%K%P
思い当たる節があるのか、コクリと頷くことりちゃん。%K%P
「道具も大事だし、技術も大事。もちろん、体力もです。けれども……それらを生かすのは、強い精神力だと思います」%K%P
「道具も大事だし、技術も大事。もちろん、体力もです。けれども……それらを生かすのは、強い精神力だと思います」%K%P
「あ、分かる。大勢の聴衆の前で歌う時、コンクールで審査員の前に立つ時――震える足を進ませて、歌うには、ハートの強さが必要だもの」%K%P
「あ、分かる。大勢の聴衆の前で歌う時、コンクールで審査員の前に立つ時――震える足を進ませて、歌うには、ハートの強さが必要だもの」%K%P
「精神力、ハートの強さ……夕ちゃん……いずみ様……そう、そうですよね」%K%P
「精神力、ハートの強さ……夕ちゃん……いずみ様……そう、そうですよね」%K%P
「それにしても、夕陽ちゃんは凄いね。こんなに若い女の子なのに、しっかりとした考えを持ってるんだ」%K%P
「それにしても、夕陽ちゃんは凄いね。こんなに若い女の子なのに、しっかりとした考えを持ってるんだ」%K%P
「あはは、なに言ってるんですか、いずみ様と一つしか違いませんよ。同じ若い女の子じゃないですか～」%K%P
「あはは、なに言ってるんですか、いずみ様と一つしか違いませんよ。同じ若い女の子じゃないですか～」%K%P
年は確かに一つ違いだけど……同じ女の子じゃないんだよ……。%K%P
年は確かに一つ違いだけど……同じ女の子じゃないんだよ……。%K%P
「それに、元は本やテレビの受け売りです。ちょこっと自分の考えを付け足しただけ」%K%P
「それに、元は本やテレビの受け売りです。ちょこっと自分の考えを付け足しただけ」%K%P
「ううん、さすが夕ちゃんだよ。私、なんとなく分かってきた気がするもの」%K%P
「ううん、さすが夕ちゃんだよ。私、なんとなく分かってきた気がするもの」%K%P
ことりちゃんの言葉に、少し覇気が戻ってきた気がする。何かをつかめたのなら、いいな。%K%P
ことりちゃんの言葉に、少し覇気が戻ってきた気がする。何かをつかめたのなら、いいな。%K%P
「えへへ、ありがと。それじゃ、ことりん、忘れないうちに練習しよっか」%K%P
「えへへ、ありがと。それじゃ、ことりん、忘れないうちに練習しよっか」%K%P
「うん！　それじゃ、いずみ様、行ってきます」%K%P
「うん！　それじゃ、いずみ様、行ってきます」%K%P
練習場に戻っていく二人を見送る。%K%P
練習場に戻っていく二人を見送る。%K%P
それにしても、アーチェリーって面白いかも。的に当るのは、なかなか快感だし。%K%P
それにしても、アーチェリーって面白いかも。的に当るのは、なかなか快感だし。%K%P
ことりちゃんとの練習も、色々な意味で刺激的だったし。%K%P
ことりちゃんとの練習も、色々な意味で刺激的だったし。%K%P
……あ、でもことりちゃん、後半急に調子を落としたよね？%K%P
……あ、でもことりちゃん、後半急に調子を落としたよね？%K%P
うーん、疲れからとかなのかな……ちょっと気になるな。%K%P
うーん、疲れからとかなのかな……ちょっと気になるな。%K%P
