週末、寮でお昼ご飯を食べてから、僕と綾香さんは希実ちゃんに付き添う格好で商店街にやってきた。%K%P
週末、寮でお昼ご飯を食べてから、僕と綾香さんは希実ちゃんに付き添う格好で商店街にやってきた。%K%P
「希実、買い物はこれで全部？」%K%P
「希実、買い物はこれで全部？」%K%P
「っと……うん。大丈夫」%K%P
「っと……うん。大丈夫」%K%P
持っていたメモをしっかりとチェックしたあと、希実ちゃんが手荷物を確認して頷く。%K%P
持っていたメモをしっかりとチェックしたあと、希実ちゃんが手荷物を確認して頷く。%K%P
「大変だね、希実ちゃん。休みの日なのに、深皇祭に必要なものの買い出しだなんて」%K%P
「大変だね、希実ちゃん。休みの日なのに、深皇祭に必要なものの買い出しだなんて」%K%P
「そんなことはありません。深皇祭は、すべての学生が支え合って行われるものです」%K%P
「そんなことはありません。深皇祭は、すべての学生が支え合って行われるものです」%K%P
「……それに、今回の深皇祭については私も迷惑をかけてしまいましたから」%K%P
「……それに、今回の深皇祭については私も迷惑をかけてしまいましたから」%K%P
「休日の買い出しぐらい、どうってことないです」%K%P
「休日の買い出しぐらい、どうってことないです」%K%P
そう言った希実ちゃんに気負いはない。%K%P
そう言った希実ちゃんに気負いはない。%K%P
編入当初に比べると、こうして希実ちゃんと話す機会は少しずつ増えてきた気がする。%K%P
編入当初に比べると、こうして希実ちゃんと話す機会は少しずつ増えてきた気がする。%K%P
「こちらこそ、すみませんでした。せっかくのお休みなのに、いずみ様にまで付き合っていただいて」%K%P
「こちらこそ、すみませんでした。せっかくのお休みなのに、いずみ様にまで付き合っていただいて」%K%P
「気にしないで。今日は予定もなかったから」%K%P
「気にしないで。今日は予定もなかったから」%K%P
「思ったより早く済んでしまったし、休憩も兼ねて、お茶していきましょう？」%K%P
「思ったより早く済んでしまったし、休憩も兼ねて、お茶していきましょう？」%K%P
「この近くにケーキセットがお得なお店があるの」%K%P
「この近くにケーキセットがお得なお店があるの」%K%P
「うん、いいよ」%K%P
「うん、いいよ」%K%P
「あ、希実ちゃん。荷物、半分持ってあげる」%K%P
「あ、希実ちゃん。荷物、半分持ってあげる」%K%P
「いえ、でも」%K%P
「いえ、でも」%K%P
「いいから。深皇の学生は支え合い、でしょ？」%K%P
「いいから。深皇の学生は支え合い、でしょ？」%K%P
「……では、お言葉に甘えて」%K%P
「……では、お言葉に甘えて」%K%P
希実ちゃんは少し迷った後、荷物の半分ほどを僕にそっと差し出した。%K%P
希実ちゃんは少し迷った後、荷物の半分ほどを僕にそっと差し出した。%K%P
「じゃあ、わたしも持ってあげる」%K%P
「じゃあ、わたしも持ってあげる」%K%P
さらに綾香さんが手を差し出したので、結局、荷物は三等分にわけられた。%K%P
さらに綾香さんが手を差し出したので、結局、荷物は三等分にわけられた。%K%P
「ありがとう、綾香お姉ちゃん、いずみ様」%K%P
「ありがとう、綾香お姉ちゃん、いずみ様」%K%P
「どういたしまして」%K%P
「どういたしまして」%K%P
そう言った僕に、綾香さんがこそっと近寄る。%K%P
そう言った僕に、綾香さんがこそっと近寄る。%K%P
「甘い物を食べると決めた途端、女の子にも甘くなるのね？」%K%P
「甘い物を食べると決めた途端、女の子にも甘くなるのね？」%K%P
「そっ、そんなつもりはなかったんだけど」%K%P
「そっ、そんなつもりはなかったんだけど」%K%P
「くすっ、冗談よ」%K%P
「くすっ、冗談よ」%K%P
少し拗ねた視線に見つめられて困る僕に対して、綾香さんはすぐに表情を崩した。%K%P
少し拗ねた視線に見つめられて困る僕に対して、綾香さんはすぐに表情を崩した。%K%P
「いずみさんには感謝してるの。{歌姫:ディーバ}を辞退してから、希実、少し塞ぎ込んでいたから」%K%P
「いずみさんには感謝してるの。{歌姫:ディーバ}を辞退してから、希実、少し塞ぎ込んでいたから」%K%P
「あの子が元気になったのも、いずみさんが{歌姫:ディーバ}を引き受けてくれたからこそだもの」%K%P
「あの子が元気になったのも、いずみさんが{歌姫:ディーバ}を引き受けてくれたからこそだもの」%K%P
「……だと、嬉しいんだけど」%K%P
「……だと、嬉しいんだけど」%K%P
確かに希実ちゃんの第一印象は、雰囲気が淡いというか、少し元気がなかったように思う。%K%P
確かに希実ちゃんの第一印象は、雰囲気が淡いというか、少し元気がなかったように思う。%K%P
それに比べれば、最近の希実ちゃんはちょっとずつだけど、明るくなってきた感じだ。%K%P
それに比べれば、最近の希実ちゃんはちょっとずつだけど、明るくなってきた感じだ。%K%P
もっとも知り合って間もないから、それが本来の希実ちゃんかどうか、僕にはわからない。%K%P
もっとも知り合って間もないから、それが本来の希実ちゃんかどうか、僕にはわからない。%K%P
綾香さんのように、希実ちゃんのことも、もっとよく知る機会があればいいんだけど。%K%P
綾香さんのように、希実ちゃんのことも、もっとよく知る機会があればいいんだけど。%K%P
お腹を満たして店の外にでると、あたりはほんの少し夕暮れの気配だった。%K%P
お腹を満たして店の外にでると、あたりはほんの少し夕暮れの気配だった。%K%P
「希実、他になにか用はある？」%K%P
「希実、他になにか用はある？」%K%P
「さっき古書市をやっているのを見かけたから、覗いていきたいな、って思ってるんだけど」%K%P
「さっき古書市をやっているのを見かけたから、覗いていきたいな、って思ってるんだけど」%K%P
「いずみさんは？」%K%P
「いずみさんは？」%K%P
「私はとくに」%K%P
「私はとくに」%K%P
「それなら、このまま別行動にする？　わたしもちょっと見ていきたいものがあるから」%K%P
「それなら、このまま別行動にする？　わたしもちょっと見ていきたいものがあるから」%K%P
「いずみさんも、一人でしたい買い物とかあるでしょう？」%K%P
「いずみさんも、一人でしたい買い物とかあるでしょう？」%K%P
綾香さんの言うとおり、男の僕としては、こういう機会にあれこれ見て回りたいものはある。%K%P
綾香さんの言うとおり、男の僕としては、こういう機会にあれこれ見て回りたいものはある。%K%P
けど、女の子の姿で探すのもかえって気を使うし、ここは日を改めたほうが懸命だろう。%K%P
けど、女の子の姿で探すのもかえって気を使うし、ここは日を改めたほうが懸命だろう。%K%P
それに、せっかくの機会なんだから――――。%K
それに、せっかくの機会なんだから――――。%K
「綾香さん、よければついていってもいい？」%K%P
「綾香さん、よければついていってもいい？」%K%P
「構わないけど……本当に良いの？」%K%P
「構わないけど……本当に良いの？」%K%P
「うん」%K%P
「うん」%K%P
「そう。なら一緒に行きましょう」%K%P
「そう。なら一緒に行きましょう」%K%P
「じゃあ、預けていた荷物は私が――」%K%P
「じゃあ、預けていた荷物は私が――」%K%P
「いいわよ、このぐらい。買い物をするなら身軽な方がいいでしょ？」%K%P
「いいわよ、このぐらい。買い物をするなら身軽な方がいいでしょ？」%K%P
「そうそう。このぐらい問題ないから」%K%P
「そうそう。このぐらい問題ないから」%K%P
預けていた荷物を受けとろうとした希実ちゃんが、僕たちの答えを聞いて困った表情を浮かべる。%K%P
預けていた荷物を受けとろうとした希実ちゃんが、僕たちの答えを聞いて困った表情を浮かべる。%K%P
「先に寮についたら、部屋に届けておくから」%K%P
「先に寮についたら、部屋に届けておくから」%K%P
「……ありがとう、お姉ちゃん」%K%P
「……ありがとう、お姉ちゃん」%K%P
「いずみ様も、ありがとうございます」%K%P
「いずみ様も、ありがとうございます」%K%P
古書市へ向かった希実ちゃんと別れ、綾香さんと２人になったところで改めて確認。%K%P
古書市へ向かった希実ちゃんと別れ、綾香さんと２人になったところで改めて確認。%K%P
「それで、なにを見に行くの？」%K%P
「それで、なにを見に行くの？」%K%P
「実は、とくに決めてないの」%K%P
「実は、とくに決めてないの」%K%P
「あれ？　でも、さっきは見たい物があるって」%K%P
「あれ？　でも、さっきは見たい物があるって」%K%P
「そう言ったほうが、いずみさんも気を使わずにすむと思ったから」%K%P
「そう言ったほうが、いずみさんも気を使わずにすむと思ったから」%K%P
「ほら、たまには１人で見て回りたいときもあるんじゃないか、って思って」%K%P
「ほら、たまには１人で見て回りたいときもあるんじゃないか、って思って」%K%P
「そうだったんだ……。ありがとう、わざわざ」%K%P
「そうだったんだ……。ありがとう、わざわざ」%K%P
もしかして、とは思ったけど、やっぱりあの言い回しは、僕に気を使ってくれたものらしい。%K%P
もしかして、とは思ったけど、やっぱりあの言い回しは、僕に気を使ってくれたものらしい。%K%P
「なら、ちょっと見て歩こう？　この前は洋服ばかりだったから、雑貨とか、いろいろと」%K%P
「なら、ちょっと見て歩こう？　この前は洋服ばかりだったから、雑貨とか、いろいろと」%K%P
「うん。なら、わたしに案内させて」%K%P
「うん。なら、わたしに案内させて」%K%P
商店街を抜けて、ひとまず駅ビルの中へ。%K%P
商店街を抜けて、ひとまず駅ビルの中へ。%K%P
洒落た雑貨店だけでなく、普段の僕だったら入れそうにないファンシー系のショップまで見て回る。%K%P
洒落た雑貨店だけでなく、普段の僕だったら入れそうにないファンシー系のショップまで見て回る。%K%P
「あっ、これ可愛い」%K%P
「あっ、これ可愛い」%K%P
立ち寄ったお店で、水鳥の雛がたくさん映っているポストカードを見つけた。%K%P
立ち寄ったお店で、水鳥の雛がたくさん映っているポストカードを見つけた。%K%P
他にも犬や猫、アザラシなど、いろんな赤ちゃんを題材にしたポストカードが並んでいる。%K%P
他にも犬や猫、アザラシなど、いろんな赤ちゃんを題材にしたポストカードが並んでいる。%K%P
「いずみさん、そういうのが好きなの？」%K%P
「いずみさん、そういうのが好きなの？」%K%P
「好き、っていうか……可愛くない？」%K%P
「好き、っていうか……可愛くない？」%K%P
「それはわかるけど……」%K%P
「それはわかるけど……」%K%P
「なんだか、いずみさんがそういうことを言うの意外だったから」%K%P
「なんだか、いずみさんがそういうことを言うの意外だったから」%K%P
「綾香さんは、こういうのが好きなんだよね？」%K%P
「綾香さんは、こういうのが好きなんだよね？」%K%P
近くの棚にあった小さめのぬいぐるみを手に取って、それを綾香さんに渡す。%K%P
近くの棚にあった小さめのぬいぐるみを手に取って、それを綾香さんに渡す。%K%P
「子供のころによく抱いていたのって、これよりもう少し大きいよね？　きっと」%K%P
「子供のころによく抱いていたのって、これよりもう少し大きいよね？　きっと」%K%P
「もう、いじわるなんだから」%K%P
「もう、いじわるなんだから」%K%P
拗ねた綾香さんは、それでもぬいぐるみを持ち直すと、そっと頭を撫でてから棚に戻していた。%K%P
拗ねた綾香さんは、それでもぬいぐるみを持ち直すと、そっと頭を撫でてから棚に戻していた。%K%P
その後もいろいろなショップに寄って、駅ビルを出た頃には、すっかり日が暮れていた。%K%P
その後もいろいろなショップに寄って、駅ビルを出た頃には、すっかり日が暮れていた。%K%P
先週、洋服を見て回った時は気をつかう事も多くて疲れたけど、今日はそんなこともない。%K%P
先週、洋服を見て回った時は気をつかう事も多くて疲れたけど、今日はそんなこともない。%K%P
一緒にいるのが、僕を男だと知っている綾香さんだけ、というのが余裕を生んでいる理由かもしれない。%K%P
一緒にいるのが、僕を男だと知っている綾香さんだけ、というのが余裕を生んでいる理由かもしれない。%K%P
「……でも、改めて考えるとなんだか変な感じ」%K%P
「……でも、改めて考えるとなんだか変な感じ」%K%P
「変？」%K%P
「変？」%K%P
「男の人と２人で買い物なんて、生まれて初めての経験なのに……あんまりそんな気がしないんだもの」%K%P
「男の人と２人で買い物なんて、生まれて初めての経験なのに……あんまりそんな気がしないんだもの」%K%P
「こんな格好じゃ、確かにそうかもね」%K%P
「こんな格好じゃ、確かにそうかもね」%K%P
街角のガラスに並んで映る僕たちの姿は、知らない人が見れば、女の子同士に見えるだろうし。%K%P
街角のガラスに並んで映る僕たちの姿は、知らない人が見れば、女の子同士に見えるだろうし。%K%P
当たり前だけど、お店で恋人同士に間違えられる、みたいなハプニングも起こらなかった――――って、%K%P
当たり前だけど、お店で恋人同士に間違えられる、みたいなハプニングも起こらなかった――――って、%K%P
「綾香さん、男の人と買い物したことないの？」%K%P
「綾香さん、男の人と買い物したことないの？」%K%P
「うん。いずみさんが初めて」%K%P
「うん。いずみさんが初めて」%K%P
「そ、そうなんだ……」%K%P
「そ、そうなんだ……」%K%P
自分が初めての相手だと思うと、いまさらながらに緊張してしまう。%K%P
自分が初めての相手だと思うと、いまさらながらに緊張してしまう。%K%P
……これで僕が男の姿をしていたら、あるいはデートに見えたのかも知れないのに。%K%P
……これで僕が男の姿をしていたら、あるいはデートに見えたのかも知れないのに。%K%P
「ごめんね？　せっかくの初めてが、こんな形で」%K%P
「ごめんね？　せっかくの初めてが、こんな形で」%K%P
「そんなことないわ。その姿をしているのだって、わたしがお願いした結果なんだもの」%K%P
「そんなことないわ。その姿をしているのだって、わたしがお願いした結果なんだもの」%K%P
「う、うん」%K%P
「う、うん」%K%P
あっけらかんと言われてしまい、なんだかこっちのほうが恥ずかしくなる。%K%P
あっけらかんと言われてしまい、なんだかこっちのほうが恥ずかしくなる。%K%P
この状況を、デートかもしれない、なんて意識してしまったのは僕だけなんだろうか。%K%P
この状況を、デートかもしれない、なんて意識してしまったのは僕だけなんだろうか。%K%P
だとしたら、ちょっと寂しいけど……。%K%P
だとしたら、ちょっと寂しいけど……。%K%P
「あっ、そうだ。せっかくだし、最後にあの場所へ寄ってみない？」%K%P
「あっ、そうだ。せっかくだし、最後にあの場所へ寄ってみない？」%K%P
「あの場所？」%K%P
「あの場所？」%K%P
「そう。あの場所」%K%P
「そう。あの場所」%K%P
「あぁ……」%K%P
「あぁ……」%K%P
辿り着いた瞬間、綾香さんが声を漏らす。%K%P
辿り着いた瞬間、綾香さんが声を漏らす。%K%P
「……なんだか懐かしい。まだ２週間しか経っていないのに」%K%P
「……なんだか懐かしい。まだ２週間しか経っていないのに」%K%P
「色々とあったから、随分と前のことのように感じるね」%K%P
「色々とあったから、随分と前のことのように感じるね」%K%P
「ええ、本当に……」%K%P
「ええ、本当に……」%K%P
綾香さんと２人、公園をゆっくりと見て回る。%K%P
綾香さんと２人、公園をゆっくりと見て回る。%K%P
家なき子初日、伴奏してくれたバンドの人たちがいるかも、なんて思ったけど、あいにく姿はなかった。%K%P
家なき子初日、伴奏してくれたバンドの人たちがいるかも、なんて思ったけど、あいにく姿はなかった。%K%P
もっとも、今の僕は女の子の格好をしているから、見かけたところで挨拶はできないんだけど。%K%P
もっとも、今の僕は女の子の格好をしているから、見かけたところで挨拶はできないんだけど。%K%P
「あの日は、この辺りで歌っていたのよね」%K%P
「あの日は、この辺りで歌っていたのよね」%K%P
広場を指さす綾香さんに頷く。%K%P
広場を指さす綾香さんに頷く。%K%P
たった２回だけのステージでも、印象に残っているから、あの時のことははっきりと覚えていた。%K%P
たった２回だけのステージでも、印象に残っているから、あの時のことははっきりと覚えていた。%K%P
「日曜はお昼から歌い初めて……でも、その途中で通り雨が降り出して」%K%P
「日曜はお昼から歌い初めて……でも、その途中で通り雨が降り出して」%K%P
「慌てて雨宿りをしたいずみさんに、わたしが思い切って声を掛けたのよね」%K%P
「慌てて雨宿りをしたいずみさんに、わたしが思い切って声を掛けたのよね」%K%P
２週間前の昼下がりのことを思い出しながら、２人が初めて出会った樹の下まで歩く。%K%P
２週間前の昼下がりのことを思い出しながら、２人が初めて出会った樹の下まで歩く。%K%P
「綾香さんは最初、私を女の人だって思っていたんだよね？」%K%P
「綾香さんは最初、私を女の人だって思っていたんだよね？」%K%P
「もう、いじわるなんだから。またその話？」%K%P
「もう、いじわるなんだから。またその話？」%K%P
「でもそれが切っ掛けだったのは事実だから」%K%P
「でもそれが切っ掛けだったのは事実だから」%K%P
すぐに男だとわかる容姿や歌声だったら、綾香さんや法子さんは、僕を気に留めることもなかったはずだ。%K%P
すぐに男だとわかる容姿や歌声だったら、綾香さんや法子さんは、僕を気に留めることもなかったはずだ。%K%P
「べつに、勘違いしたことを怒ったり、それを責めたいわけじゃないよ」%K%P
「べつに、勘違いしたことを怒ったり、それを責めたいわけじゃないよ」%K%P
「ただ、{歌姫:ディーバ}を頼もうと思っちゃうぐらい、女の子に見えていたのかなぁ、って……ね」%K%P
「ただ、{歌姫:ディーバ}を頼もうと思っちゃうぐらい、女の子に見えていたのかなぁ、って……ね」%K%P
あの日の僕は、今日のように女の子の格好をしていたわけじゃない。%K%P
あの日の僕は、今日のように女の子の格好をしていたわけじゃない。%K%P
それでも、綾香さんは勘違いをした。%K%P
それでも、綾香さんは勘違いをした。%K%P
「だって、あのときのわたしは{歌姫:ディーバ}を見つけなきゃって気持ちで一杯だったから」%K%P
「だって、あのときのわたしは{歌姫:ディーバ}を見つけなきゃって気持ちで一杯だったから」%K%P
「たぶん、いずみさんが男の人である可能性を、そもそも考えていなかったのかもしれないわ」%K%P
「たぶん、いずみさんが男の人である可能性を、そもそも考えていなかったのかもしれないわ」%K%P
「じゃあ、もし声を掛けた段階で僕が男だってわかっていたら、それでも{歌姫:ディーバ}に誘ってた？」%K%P
「じゃあ、もし声を掛けた段階で僕が男だってわかっていたら、それでも{歌姫:ディーバ}に誘ってた？」%K%P
「ん……」%K%P
「ん……」%K%P
「……そうね。男である、という問題をどうするかはともかく、事情の説明はしていたはずよ」%K%P
「……そうね。男である、という問題をどうするかはともかく、事情の説明はしていたはずよ」%K%P
僕の問い掛けに、綾香さんは少しだけ考える仕草を見せたあと、それでも小さく自然に頷いた。%K%P
僕の問い掛けに、綾香さんは少しだけ考える仕草を見せたあと、それでも小さく自然に頷いた。%K%P
「でも、男なんだよ？」%K%P
「でも、男なんだよ？」%K%P
「それでも、気持ちは変わらなかったと思う」%K%P
「それでも、気持ちは変わらなかったと思う」%K%P
「あの日、いずみさんの歌を聴いた瞬間、わたしはこの人しかいないって思ったんだもの」%K%P
「あの日、いずみさんの歌を聴いた瞬間、わたしはこの人しかいないって思ったんだもの」%K%P
「あの感覚に逆らうのは、きっと無理」%K%P
「あの感覚に逆らうのは、きっと無理」%K%P
「そこまで言われると、かえって恥ずかしいけど……」%K%P
「そこまで言われると、かえって恥ずかしいけど……」%K%P
初めて出会った時からずっと、綾香さんは僕の歌を真っ直ぐに褒めてくれる。%K%P
初めて出会った時からずっと、綾香さんは僕の歌を真っ直ぐに褒めてくれる。%K%P
それはすごく嬉しくて、少しくすぐったい。%K%P
それはすごく嬉しくて、少しくすぐったい。%K%P
「……でも、私も同じかな」%K%P
「……でも、私も同じかな」%K%P
「同じ、って……どういうこと？」%K%P
「同じ、って……どういうこと？」%K%P
「相手が綾香さんだったからこそ、{歌姫:ディーバ}を引き受ける気になったのかもしれない、ってこと」%K%P
「相手が綾香さんだったからこそ、{歌姫:ディーバ}を引き受ける気になったのかもしれない、ってこと」%K%P
なりふりかまわず、といえば聞こえは悪いかもしれないけれど、綾香さんは懸命に{歌姫:ディーバ}を探していた。%K%P
なりふりかまわず、といえば聞こえは悪いかもしれないけれど、綾香さんは懸命に{歌姫:ディーバ}を探していた。%K%P
あのひたむきさに心を動かされたからこそ、僕は女装なんて無茶苦茶を受け入れられたのかも知れない。%K%P
あのひたむきさに心を動かされたからこそ、僕は女装なんて無茶苦茶を受け入れられたのかも知れない。%K%P
「……深皇祭まで、あと２週間。そう考えると、今日がちょうど折り返し地点だね」%K%P
「……深皇祭まで、あと２週間。そう考えると、今日がちょうど折り返し地点だね」%K%P
引き受けたときは、１ヶ月という期間を無事に過ごせるかどうかすら、不安だったけど。%K%P
引き受けたときは、１ヶ月という期間を無事に過ごせるかどうかすら、不安だったけど。%K%P
でも、どうにか半分、やってこれた。%K%P
でも、どうにか半分、やってこれた。%K%P
「……今日、いずみさんと一緒にこの場所に来られて良かったわ。俄然やる気が湧いてきちゃった」%K%P
「……今日、いずみさんと一緒にこの場所に来られて良かったわ。俄然やる気が湧いてきちゃった」%K%P
「綾香さん、いつでもやる気いっぱいなのに」%K%P
「綾香さん、いつでもやる気いっぱいなのに」%K%P
「ますます、ってこと」%K%P
「ますます、ってこと」%K%P
「{歌姫:ディーバ}を引き受けてくれたいずみさんのためにも、深皇祭を絶対に素敵なものにしないと」%K%P
「{歌姫:ディーバ}を引き受けてくれたいずみさんのためにも、深皇祭を絶対に素敵なものにしないと」%K%P
「それこそ、今後ずーっと語り継がれるぐらいに」%K%P
「それこそ、今後ずーっと語り継がれるぐらいに」%K%P
本気とも冗談ともとれる口調でそう言って、綾香さんはにこっと微笑む。%K%P
本気とも冗談ともとれる口調でそう言って、綾香さんはにこっと微笑む。%K%P
語り継がれるのはちょっと困る気もするけど……でも、それだけのものに出来れば僕も嬉しい。%K%P
語り継がれるのはちょっと困る気もするけど……でも、それだけのものに出来れば僕も嬉しい。%K%P
どんな舞台であれ、歌を披露する以上、そのステージを素敵なものにしたい気持ちは変わらないから。%K%P
どんな舞台であれ、歌を披露する以上、そのステージを素敵なものにしたい気持ちは変わらないから。%K%P
