深皇祭も大盛況に終わり、{歌姫:ディーバ}として学園に滞在していた僕もいよいよ舞台袖にはける時がやってきた。%K%P
深皇祭も大盛況に終わり、{歌姫:ディーバ}として学園に滞在していた僕もいよいよ舞台袖にはける時がやってきた。%K%P
世話になったこの寮での生活も今日でお仕舞い。明日には退寮だ。%K%P
世話になったこの寮での生活も今日でお仕舞い。明日には退寮だ。%K%P
仲良くなったみんなと別れるのは寂しいけど、二度と会えなくなる訳じゃないと自分に言い聞かせている。%K%P
仲良くなったみんなと別れるのは寂しいけど、二度と会えなくなる訳じゃないと自分に言い聞かせている。%K%P
それに別れを惜しんでいるのは僕だけじゃない。%K%P
それに別れを惜しんでいるのは僕だけじゃない。%K%P
美琴さんがゆっくりお話出来るのも今日で最後だからと自室に僕を誘ってくれた。%K%P
美琴さんがゆっくりお話出来るのも今日で最後だからと自室に僕を誘ってくれた。%K%P
「……で、なんでドレス指定なの？」%K%P
「……で、なんでドレス指定なの？」%K%P
「もちろん今日で見納めになるからよ。もうこの先、いずみさんが{歌姫:ディーバ}になることはないんだから」%K%P
「もちろん今日で見納めになるからよ。もうこの先、いずみさんが{歌姫:ディーバ}になることはないんだから」%K%P
「まあ、ね。それでなくても僕の場合は突発的な代理だったわけだし」%K%P
「まあ、ね。それでなくても僕の場合は突発的な代理だったわけだし」%K%P
「それになにより……ホント、男の子とは思えないくらい綺麗なんだもの」%K%P
「それになにより……ホント、男の子とは思えないくらい綺麗なんだもの」%K%P
「今ここでしっかり目に焼き付けておかないと、人生の損よ」%K%P
「今ここでしっかり目に焼き付けておかないと、人生の損よ」%K%P
美琴さんがうっとりと僕を見ていた。%K%P
美琴さんがうっとりと僕を見ていた。%K%P
男の子とは思えないくらい似合ってると言われても複雑な気分だ。つい苦笑してしまう。%K%P
男の子とは思えないくらい似合ってると言われても複雑な気分だ。つい苦笑してしまう。%K%P
もっとも、確かに女装は今日で最後だし、美琴さんが喜ぶならサービスくらいしてあげてもいいかなと思う。%K%P
もっとも、確かに女装は今日で最後だし、美琴さんが喜ぶならサービスくらいしてあげてもいいかなと思う。%K%P
美琴さんとはまた会う約束はしているけど、それだって年単位で先の話だ。%K%P
美琴さんとはまた会う約束はしているけど、それだって年単位で先の話だ。%K%P
「今度会えるのは学園を卒業してからになるね」%K%P
「今度会えるのは学園を卒業してからになるね」%K%P
「うん。次はあたしが会いに行くね。外国旅行もしてみたかったし」%K%P
「うん。次はあたしが会いに行くね。外国旅行もしてみたかったし」%K%P
「じゃあいっぱい観光名所調べておくよ」%K%P
「じゃあいっぱい観光名所調べておくよ」%K%P
「ふふ、いずみさんに案内して貰えるんだ。今からとっても楽しみ」%K%P
「ふふ、いずみさんに案内して貰えるんだ。今からとっても楽しみ」%K%P
「まあ、これ以上立ち話も何だし、楽にしてちょうだい」%K%P
「まあ、これ以上立ち話も何だし、楽にしてちょうだい」%K%P
美琴さんに促されてベッドに腰掛ける。%K%P
美琴さんに促されてベッドに腰掛ける。%K%P
美琴さんは僕の隣に座ると、甘えるように肩を寄せてもたれ掛かってきた。%K%P
美琴さんは僕の隣に座ると、甘えるように肩を寄せてもたれ掛かってきた。%K%P
「アリア、ちゃんと開催できて良かったよね」%K%P
「アリア、ちゃんと開催できて良かったよね」%K%P
「いっぱい盛り上がったしね」%K%P
「いっぱい盛り上がったしね」%K%P
「あたしもがんばったよ」%K%P
「あたしもがんばったよ」%K%P
「うん、美琴さんは偉いよ」%K%P
「うん、美琴さんは偉いよ」%K%P
後から聞いた話で、綾香さんだけじゃなく千影さんまでまとめて一人で足止めしていたと知ったときは驚かずにはいられなかった。%K%P
後から聞いた話で、綾香さんだけじゃなく千影さんまでまとめて一人で足止めしていたと知ったときは驚かずにはいられなかった。%K%P
「あの咄嗟の判断と大胆な作戦は、リーダーに任命した僕も鼻が高いかな」%K%P
「あの咄嗟の判断と大胆な作戦は、リーダーに任命した僕も鼻が高いかな」%K%P
「ホント？　いずみさんもうれしい？」%K%P
「ホント？　いずみさんもうれしい？」%K%P
「もちろん。それにあの練習してた技でしっかり綾香さんにも勝てたし、さすが{最優秀騎士:ブリランテ}としか言えないよ」%K%P
「もちろん。それにあの練習してた技でしっかり綾香さんにも勝てたし、さすが{最優秀騎士:ブリランテ}としか言えないよ」%K%P
「うふふふ、がんばれたのはいずみさんのおかげだけどね」%K%P
「うふふふ、がんばれたのはいずみさんのおかげだけどね」%K%P
うれしそうに身をすり寄せてきた。%K%P
うれしそうに身をすり寄せてきた。%K%P
懐きまくっているわんこを連想させる仕草が可愛い。%K%P
懐きまくっているわんこを連想させる仕草が可愛い。%K%P
普段は面倒見の良さが光る美琴さんだけど、これで自制のタガが外れると中々の甘えん坊だ。%K%P
普段は面倒見の良さが光る美琴さんだけど、これで自制のタガが外れると中々の甘えん坊だ。%K%P
「ねえ、がんばったご褒美、ちょうだい？」%K%P
「ねえ、がんばったご褒美、ちょうだい？」%K%P
「いいよ。僕に出来ることなら遠慮なく言って」%K%P
「いいよ。僕に出来ることなら遠慮なく言って」%K%P
チュッと美琴さんの頬にキスをした。%K%P
チュッと美琴さんの頬にキスをした。%K%P
僕としても美琴さんの努力を知っているので、ちゃんと報いてあげたいと前々から思っていた。%K%P
僕としても美琴さんの努力を知っているので、ちゃんと報いてあげたいと前々から思っていた。%K%P
離ればなれになるのが辛い分、楽しい思い出が作れたらいいな。%K%P
離ればなれになるのが辛い分、楽しい思い出が作れたらいいな。%K%P
「……あ、あのね、あたし、いずみさんが欲しい」%K%P
「……あ、あのね、あたし、いずみさんが欲しい」%K%P
「え、あの……っ」%K%P
「え、あの……っ」%K%P
それってエッチな意味でかな？%K%P
それってエッチな意味でかな？%K%P
美琴さんは熱い眼差しでうっとりと僕を見つめている。%K%P
美琴さんは熱い眼差しでうっとりと僕を見つめている。%K%P
……エッチな意味なんだろうなぁ。%K%P
……エッチな意味なんだろうなぁ。%K%P
「動かないで。ちゃんと予習してきたの……あたしに任せてちょうだい」%K%P
「動かないで。ちゃんと予習してきたの……あたしに任せてちょうだい」%K%P
すっかり興奮した面持ちで、なぜか僕のスカートの中に潜り込んできた。%K%P
すっかり興奮した面持ちで、なぜか僕のスカートの中に潜り込んできた。%K%P
「ええ！？　ちょっと……っ」%K%P
「ええ！？　ちょっと……っ」%K%P
「す、スカートめくっちゃダメ……っ、見られたら恥ずかしいし……」%K%P
「す、スカートめくっちゃダメ……っ、見られたら恥ずかしいし……」%K%P
恥ずかしいのはこっちも同じなんだけど……と、動揺していたら下着の上から股間を撫でられた。%K%P
恥ずかしいのはこっちも同じなんだけど……と、動揺していたら下着の上から股間を撫でられた。%K%P
たちまち股間が反応してしまう。%K%P
たちまち股間が反応してしまう。%K%P
「な、なにするつもりなの？」%K%P
「な、なにするつもりなの？」%K%P
「男の人は……く、口でして上げると気持ちいいんでしょう？%K%P
「男の人は……く、口でして上げると気持ちいいんでしょう？%K%P
それってアレか！%K%P
それってアレか！%K%P
アレのことですか！%K%P
アレのことですか！%K%P
「美琴さん……っ、そんなことまでしなくても……っ」%K%P
「美琴さん……っ、そんなことまでしなくても……っ」%K%P
「舐められたり、しゃぶられたりはイヤ？」%K%P
「舐められたり、しゃぶられたりはイヤ？」%K%P
「…………」%K%P
「…………」%K%P
「わぁ、ますます大きく……っ」%K%P
「わぁ、ますます大きく……っ」%K%P
恥ずかしいったらない。%K%P
恥ずかしいったらない。%K%P
男は下半身も口ほどに物を言うってことがよく分かる。%K%P
男は下半身も口ほどに物を言うってことがよく分かる。%K%P
おかげで美琴さんがますます張り切りだした。%K%P
おかげで美琴さんがますます張り切りだした。%K%P
「男の人の下着って……た、確か前の方が開くんだよね」%K%P
「男の人の下着って……た、確か前の方が開くんだよね」%K%P
もそもそ、ごそごそ……。%K%P
もそもそ、ごそごそ……。%K%P
美琴さんが何をやっているのか直には見えない。%K%P
美琴さんが何をやっているのか直には見えない。%K%P
おかげで、いけないイタズラをされているような背徳感がある。%K%P
おかげで、いけないイタズラをされているような背徳感がある。%K%P
程なく、美琴さんの手がパンツの中に進入してきた。%K%P
程なく、美琴さんの手がパンツの中に進入してきた。%K%P
キュッと握られてしまう。%K%P
キュッと握られてしまう。%K%P
「あぅ……っ」%K%P
「あぅ……っ」%K%P
ピクッと勝手に足が震えてしまった。%K%P
ピクッと勝手に足が震えてしまった。%K%P
「このままそーっと下着の外に……」%K%P
「このままそーっと下着の外に……」%K%P
衣擦れの感触と共に圧迫感が消えた。%K%P
衣擦れの感触と共に圧迫感が消えた。%K%P
「凄い、硬く反り返ってる……見てるだけでドキドキが激しくなっちゃう……っ」%K%P
「凄い、硬く反り返ってる……見てるだけでドキドキが激しくなっちゃう……っ」%K%P
「うぅ、い、言わないで、恥ずかしいよ……」%K%P
「うぅ、い、言わないで、恥ずかしいよ……」%K%P
「でも、ますます大きくなってきたけど？」%K%P
「でも、ますます大きくなってきたけど？」%K%P
恥ずかしいことになっている股間を美琴さんに見つめられて興奮してる僕が確かにいた。%K%P
恥ずかしいことになっている股間を美琴さんに見つめられて興奮してる僕が確かにいた。%K%P
こんな姿、美琴さんにしか見せられない。%K%P
こんな姿、美琴さんにしか見せられない。%K%P
「えっと……基本はソフトクリームみたいに……」%K%P
「えっと……基本はソフトクリームみたいに……」%K%P
なにやらブツブツとつぶやいていた。%K%P
なにやらブツブツとつぶやいていた。%K%P
これがさっき言ってた予習なのかな？%K%P
これがさっき言ってた予習なのかな？%K%P
「んちゅ……っ」%K%P
「んちゅ……っ」%K%P
「ふわっ」%K%P
「ふわっ」%K%P
い、いま、ゾクゾクっときた。%K%P
い、いま、ゾクゾクっときた。%K%P
美琴さんから見ると正面になるからなのか、真っ先に裏筋の辺りにキスされた。%K%P
美琴さんから見ると正面になるからなのか、真っ先に裏筋の辺りにキスされた。%K%P
「ど、どう？」%K%P
「ど、どう？」%K%P
「……そこ、とっても気持ちいい」%K%P
「……そこ、とっても気持ちいい」%K%P
「うん、じゃあ、いっぱいチュウしてあげる。あとナメナメも」%K%P
「うん、じゃあ、いっぱいチュウしてあげる。あとナメナメも」%K%P
気をよくしたのか声が弾んでいた。%K%P
気をよくしたのか声が弾んでいた。%K%P
「れろ、んちゅ、ちゅ、れろ……っ、んちゅ、ちゅ、れろ、れろ、ちゅぷん……っ」%K%P
「れろ、んちゅ、ちゅ、れろ……っ、んちゅ、ちゅ、れろ、れろ、ちゅぷん……っ」%K%P
うわわ、柔らかい舌と口唇の感触が……っ。%K%P
うわわ、柔らかい舌と口唇の感触が……っ。%K%P
本当にいいのかな。女の子にこんなエッチなサービスさせてしまって。%K%P
本当にいいのかな。女の子にこんなエッチなサービスさせてしまって。%K%P
「れろ、れろ、ちゅ、んちゅれろろ……っ、ちゅ、れろ、れろん、んちゅ、れろ……っ」%K%P
「れろ、れろ、ちゅ、んちゅれろろ……っ、ちゅ、れろ、れろん、んちゅ、れろ……っ」%K%P
「うく、うぅ……っ」%K%P
「うく、うぅ……っ」%K%P
見えないから、たぶんだけど片手でそっと固定しながらついばんでいる感じだ。%K%P
見えないから、たぶんだけど片手でそっと固定しながらついばんでいる感じだ。%K%P
美琴さんも興奮しているようだ。荒い呼吸が敏感な部分に当たってこそばゆい。%K%P
美琴さんも興奮しているようだ。荒い呼吸が敏感な部分に当たってこそばゆい。%K%P
「ちゅぷ、ちゅぷ、れろ、んちゅ……っ、なんかあたしも、どんどんヘンな気分に、れろ、れろろ……っ」%K%P
「ちゅぷ、ちゅぷ、れろ、んちゅ……っ、なんかあたしも、どんどんヘンな気分に、れろ、れろろ……っ」%K%P
「んふぅ、ちゅ、これ楽しいかも、れろ、ちゅ、ちゅ、れろ、んっく、ちゅぷ……っ」%K%P
「んふぅ、ちゅ、これ楽しいかも、れろ、ちゅ、ちゅ、れろ、んっく、ちゅぷ……っ」%K%P
どうやら気に入ったらしい。%K%P
どうやら気に入ったらしい。%K%P
さらに積極的になってくる。%K%P
さらに積極的になってくる。%K%P
「ちゅ、ちゅ、れろん、んふぅ、ちゅぷ……っ、ちゅ、れろ、れろろ、んっく、ちゅぷ……っ」%K%P
「ちゅ、ちゅ、れろん、んふぅ、ちゅぷ……っ、ちゅ、れろ、れろろ、んっく、ちゅぷ……っ」%K%P
僕の感じる部分を舌が丁寧になぞっていた。%K%P
僕の感じる部分を舌が丁寧になぞっていた。%K%P
もしかしたら、もう僕のアレは唾液でヌルヌルになって濡れ光っているかもしれない。%K%P
もしかしたら、もう僕のアレは唾液でヌルヌルになって濡れ光っているかもしれない。%K%P
「れろ、んふぅ、いずみさん、ちゅ、ちゅ、ヒクヒクしてて、れろろ、とっても気持ちよさそう、れろ、ちゅ、ちゅ……っ」%K%P
「れろ、んふぅ、いずみさん、ちゅ、ちゅ、ヒクヒクしてて、れろろ、とっても気持ちよさそう、れろ、ちゅ、ちゅ……っ」%K%P
「ま、まあね。こんなの初めてで、上手く言えないけど……」%K%P
「ま、まあね。こんなの初めてで、上手く言えないけど……」%K%P
「れろん、んっく、あの、そろそろ咥えるから驚かないでね」%K%P
「れろん、んっく、あの、そろそろ咥えるから驚かないでね」%K%P
咥えるって……。%K%P
咥えるって……。%K%P
「はむぅ、れろ、ちゅ、くむぅ……っ」%K%P
「はむぅ、れろ、ちゅ、くむぅ……っ」%K%P
「うわわ……っ」%K%P
「うわわ……っ」%K%P
温かい感触に包み込まれた。%K%P
温かい感触に包み込まれた。%K%P
その上で、飴玉をしゃぶるように舌が絡みついてくる。%K%P
その上で、飴玉をしゃぶるように舌が絡みついてくる。%K%P
「れろ、れろ、ちゅぷ、んっく、れろん……っ、ちゅ、れろ、ちゅ、れろろ、ちゅぷ……っ」%K%P
「れろ、れろ、ちゅぷ、んっく、れろん……っ、ちゅ、れろ、ちゅ、れろろ、ちゅぷ……っ」%K%P
「ちゅ、ちゅ、この膨らんだキノコの部分が、ちゅ、れろん、気持ちいいんでしょ、ちゅ、ちゅ……っ」%K%P
「ちゅ、ちゅ、この膨らんだキノコの部分が、ちゅ、れろん、気持ちいいんでしょ、ちゅ、ちゅ……っ」%K%P
とてもたどたどしい舌と口腔の動きだった。%K%P
とてもたどたどしい舌と口腔の動きだった。%K%P
でもその不慣れな仕草が逆にいけないことをさせてしまっているような感じがして興奮してしまう。%K%P
でもその不慣れな仕草が逆にいけないことをさせてしまっているような感じがして興奮してしまう。%K%P
「あむ、んんぅ、れろ、ちゅ、んっく……っ、ちゅぷ、んっく、れろろ、じゅぷ、じゅぷ……っ」%K%P
「あむ、んんぅ、れろ、ちゅ、んっく……っ、ちゅぷ、んっく、れろろ、じゅぷ、じゅぷ……っ」%K%P
欲望の象徴を吸い立てられる。正直言って気持ちいい。%K%P
欲望の象徴を吸い立てられる。正直言って気持ちいい。%K%P
「じゅるる、れろん、んふぅ、じゅぷ……っ、ちゅぷ、れろ、じゅぷ、じゅぷ、れろん……っ」%K%P
「じゅるる、れろん、んふぅ、じゅぷ……っ、ちゅぷ、れろ、じゅぷ、じゅぷ、れろん……っ」%K%P
「こんな一生懸命しゃぶってくれるなんて……これ感動モノだよ、ふぅ、ふぅ……っ」%K%P
「こんな一生懸命しゃぶってくれるなんて……これ感動モノだよ、ふぅ、ふぅ……っ」%K%P
「ちゅっぷ、んふぅ、惚れ直した？　じゅぷ、れろろ……っ」%K%P
「ちゅっぷ、んふぅ、惚れ直した？　じゅぷ、れろろ……っ」%K%P
「もちろん。美琴さんの気持ちが凄くうれしいよ」%K%P
「もちろん。美琴さんの気持ちが凄くうれしいよ」%K%P
僕のために一生懸命なのが痛いほど伝わってくる。%K%P
僕のために一生懸命なのが痛いほど伝わってくる。%K%P
いや、この場合は、堪らない快感となって伝わってくるかな？%K%P
いや、この場合は、堪らない快感となって伝わってくるかな？%K%P
「くむぅ、ちゅ、れろろ、んふぅ、ちゅぷ……っ、れろろ、んっく、ちゅ、ちゅ、れろろ……っ」%K%P
「くむぅ、ちゅ、れろろ、んふぅ、ちゅぷ……っ、れろろ、んっく、ちゅ、ちゅ、れろろ……っ」%K%P
みるみる射精欲がこみ上げてきた。%K%P
みるみる射精欲がこみ上げてきた。%K%P
それでなくてもエッチな刺激には不慣れなのに、好きな女の子に口でして貰っているなんて耐えられるわけがない。%K%P
それでなくてもエッチな刺激には不慣れなのに、好きな女の子に口でして貰っているなんて耐えられるわけがない。%K%P
「んっく、じゅぷ、れろ、じゅぷ、れろろ……っ、じゅぷん、じゅぷ、れろ、んちゅぷ……っ」%K%P
「んっく、じゅぷ、れろ、じゅぷ、れろろ……っ、じゅぷん、じゅぷ、れろ、んちゅぷ……っ」%K%P
「ふぅ、ふぅ、そろそろ出そうだから、口はなして……っ」%K%P
「ふぅ、ふぅ、そろそろ出そうだから、口はなして……っ」%K%P
「ちゅ、じゅぷ、いいよ、このまま出しても、れろ、んっく、じゅぷ……っ」%K%P
「ちゅ、じゅぷ、いいよ、このまま出しても、れろ、んっく、じゅぷ……っ」%K%P
「え、でも……っ」%K%P
「え、でも……っ」%K%P
「ちゅ、ちゅ、いいからいいから、れろ、れろろ、全部飲んで上げる、んふぅ、れろろ……っ」%K%P
「ちゅ、ちゅ、いいからいいから、れろ、れろろ、全部飲んで上げる、んふぅ、れろろ……っ」%K%P
美琴さんは口を離すどころか、さらに強くしゃぶってきた。%K%P
美琴さんは口を離すどころか、さらに強くしゃぶってきた。%K%P
舌が催促するようにチロチロと鈴口をくすぐっている。%K%P
舌が催促するようにチロチロと鈴口をくすぐっている。%K%P
「ふわわっ、あひっ、くうぅ……っ」%K%P
「ふわわっ、あひっ、くうぅ……っ」%K%P
「れろ、れろ、ちゅ、んんぅ、ちゅぷ……っ、ちゅ、じゅぷ、じゅるる……っ」%K%P
「れろ、れろ、ちゅ、んんぅ、ちゅぷ……っ、ちゅ、じゅぷ、じゅるる……っ」%K%P
「くううぅっ、うあっ、くぐううぅ……っ」%K%P
「くううぅっ、うあっ、くぐううぅ……っ」%K%P
「じゅるる、んく、んく、れろろ、んっく、すごいたっぷり……っ」%K%P
「じゅるる、んく、んく、れろろ、んっく、すごいたっぷり……っ」%K%P
「れろろ、お口から溢れちゃいそう、ちゅぷ、んっく、んふぅ……っ」%K%P
「れろろ、お口から溢れちゃいそう、ちゅぷ、んっく、んふぅ……っ」%K%P
僕が射精する側から喉を鳴らして飲み込んでいった。%K%P
僕が射精する側から喉を鳴らして飲み込んでいった。%K%P
あまりの心地よさに、頭がのぼせたようにぼーっとしてしまいそうだ。%K%P
あまりの心地よさに、頭がのぼせたようにぼーっとしてしまいそうだ。%K%P
「はぁ、はぁ、ありがとう美琴さん……っ」%K%P
「はぁ、はぁ、ありがとう美琴さん……っ」%K%P
「どういたしまして。でも……」%K%P
「どういたしまして。でも……」%K%P
つんつんと突かれた。%K%P
つんつんと突かれた。%K%P
「まだ物足りなさそうじゃない。ちっとも元に戻らないし」%K%P
「まだ物足りなさそうじゃない。ちっとも元に戻らないし」%K%P
「そ、それはまあ……」%K%P
「そ、それはまあ……」%K%P
予想もしてなかった凄いことをされて、身体が興奮しきっている。%K%P
予想もしてなかった凄いことをされて、身体が興奮しきっている。%K%P
なんか性欲が暴走しているみたいだ。%K%P
なんか性欲が暴走しているみたいだ。%K%P
「しばらく会えなくなるんだし、今日中にたっぷりサービスしないとね」%K%P
「しばらく会えなくなるんだし、今日中にたっぷりサービスしないとね」%K%P
やたらとうれしそうな美琴さんに押し倒されてしまう。%K%P
やたらとうれしそうな美琴さんに押し倒されてしまう。%K%P
「はぁ、はぁ、んちゅ、ちゅ、ふあ……っ、はふぅ、ちゅ、れろ、んく、あはぁ……っ」%K%P
「はぁ、はぁ、んちゅ、ちゅ、ふあ……っ、はふぅ、ちゅ、れろ、んく、あはぁ……っ」%K%P
僕の耳元や首筋にキスしながら、愛おしげに手で扱いてくれる。%K%P
僕の耳元や首筋にキスしながら、愛おしげに手で扱いてくれる。%K%P
細い指がカリ首に引っかかるたびに、僕は思わずシーツをギュッと掴んでしまう。%K%P
細い指がカリ首に引っかかるたびに、僕は思わずシーツをギュッと掴んでしまう。%K%P
「ううぅ、美琴さん……っ、はぁ、はぁ……っ」%K%P
「ううぅ、美琴さん……っ、はぁ、はぁ……っ」%K%P
「そんなに気持ちいいの？　可愛い、もっとしてあげるね、んちゅ、ちゅ……っ」%K%P
「そんなに気持ちいいの？　可愛い、もっとしてあげるね、んちゅ、ちゅ……っ」%K%P
プニッとした口唇と接触した部分が甘く痺れている。%K%P
プニッとした口唇と接触した部分が甘く痺れている。%K%P
どうにも僕は美琴さんに触れられると全身が性感帯になってしまうようだ。%K%P
どうにも僕は美琴さんに触れられると全身が性感帯になってしまうようだ。%K%P
「ふぅ、ふぅ、可愛い、可愛いすぎるわ、ちゅ、ちゅ、その切なそうな顔も、ちゅ、声も仕草も、んちゅ、ふぅ、ふぅ……っ」%K%P
「ふぅ、ふぅ、可愛い、可愛いすぎるわ、ちゅ、ちゅ、その切なそうな顔も、ちゅ、声も仕草も、んちゅ、ふぅ、ふぅ……っ」%K%P
「ちゅ、ちゅ、そしてなによりこっちが……」%K%P
「ちゅ、ちゅ、そしてなによりこっちが……」%K%P
キュッと強めに握られた。先端にガラス玉のような粘液が盛り上がる。%K%P
キュッと強めに握られた。先端にガラス玉のような粘液が盛り上がる。%K%P
「んぁ……っ」%K%P
「んぁ……っ」%K%P
「はぁ、はぁ、熱くて硬くて、れろ、んちゅぷ、握り心地がクセになっちゃいそう、んちゅ……っ」%K%P
「はぁ、はぁ、熱くて硬くて、れろ、んちゅぷ、握り心地がクセになっちゃいそう、んちゅ……っ」%K%P
「うぅ、人のこと言えないけど美琴さん、興奮しすぎじゃ……？」%K%P
「うぅ、人のこと言えないけど美琴さん、興奮しすぎじゃ……？」%K%P
「だって、いずみさんがとっても気持ちよさそうに反応してるから、ちゅ、んちゅ、ちゅ……っ」%K%P
「だって、いずみさんがとっても気持ちよさそうに反応してるから、ちゅ、んちゅ、ちゅ……っ」%K%P
「ちゅ、ちゅ、なんかこう、いずみさんはあたしの嫁って感じなの、はぁ、はぁ……っ」%K%P
「ちゅ、ちゅ、なんかこう、いずみさんはあたしの嫁って感じなの、はぁ、はぁ……っ」%K%P
美琴さんのテンションがうなぎ登りだった。%K%P
美琴さんのテンションがうなぎ登りだった。%K%P
キスも増えてくる。積極的な愛撫が心地よすぎて、羞恥心が麻痺してしまいそうだ。%K%P
キスも増えてくる。積極的な愛撫が心地よすぎて、羞恥心が麻痺してしまいそうだ。%K%P
「んふぅ、ちゅ、ちゅ、ここが気持ちいいのね、れろろ、んちゅ……っ」%K%P
「んふぅ、ちゅ、ちゅ、ここが気持ちいいのね、れろろ、んちゅ……っ」%K%P
耳たぶを甘噛みされたり、耳の穴も舌でくすぐられたりする。%K%P
耳たぶを甘噛みされたり、耳の穴も舌でくすぐられたりする。%K%P
「ちゅぷ、んっく、れろ、れろ、んちゅ……っ、れろん、ちゅ、ふぅ、ふぅ、ふはぁ……っ」%K%P
「ちゅぷ、んっく、れろ、れろ、んちゅ……っ、れろん、ちゅ、ふぅ、ふぅ、ふはぁ……っ」%K%P
「んぁ、ゾクゾクしちゃう……っ」%K%P
「んぁ、ゾクゾクしちゃう……っ」%K%P
つい女の子みたいに悶えてしまう。%K%P
つい女の子みたいに悶えてしまう。%K%P
身体中が敏感になりすぎて見栄を張る余裕なんてない。%K%P
身体中が敏感になりすぎて見栄を張る余裕なんてない。%K%P
「喜んでもらえてうれしい、ちゅ、れろ、遠慮しないで楽しんでね、ちゅぷ、んふぅ、れろろ……っ」%K%P
「喜んでもらえてうれしい、ちゅ、れろ、遠慮しないで楽しんでね、ちゅぷ、んふぅ、れろろ……っ」%K%P
「はぁ、はぁ、遠慮なんて……んぅ、もうそれどころじゃ……っ」%K%P
「はぁ、はぁ、遠慮なんて……んぅ、もうそれどころじゃ……っ」%K%P
「れろ、れろ、ちゅ、ふっく、ちゅ、ちゅ……っ、んふぅ、ちゅぷ、んっく、れろ、ちゅ……っ」%K%P
「れろ、れろ、ちゅ、ふっく、ちゅ、ちゅ……っ、んふぅ、ちゅぷ、んっく、れろ、ちゅ……っ」%K%P
閉じたまぶたの上からキスされるのも気持ちいい。%K%P
閉じたまぶたの上からキスされるのも気持ちいい。%K%P
頬や額へのキスも、今の僕にはれっきとした性行為としか感じられない。%K%P
頬や額へのキスも、今の僕にはれっきとした性行為としか感じられない。%K%P
「ちゅ、れろ、いずみさんのコレ、んふぅ、手の中で脈打ってる、ちゅぷ、れろろ……っ」%K%P
「ちゅ、れろ、いずみさんのコレ、んふぅ、手の中で脈打ってる、ちゅぷ、れろろ……っ」%K%P
「ちゅ、んふぅ、チュウされて感じてるんだ、はぁ、はぁ、んちゅぷ……っ」%K%P
「ちゅ、んふぅ、チュウされて感じてるんだ、はぁ、はぁ、んちゅぷ……っ」%K%P
「うぅ、恥ずかしながら……」%K%P
「うぅ、恥ずかしながら……」%K%P
「はぁ、はぁ、恥ずかしくなんかないよ、ちゅ、ちゅ、エッチな身体なのはお互い様だから……」%K%P
「はぁ、はぁ、恥ずかしくなんかないよ、ちゅ、ちゅ、エッチな身体なのはお互い様だから……」%K%P
今度は熱烈に口唇を重ねてきた。%K%P
今度は熱烈に口唇を重ねてきた。%K%P
ヌルリと僕の口内に美琴さんの舌が進入してくる。%K%P
ヌルリと僕の口内に美琴さんの舌が進入してくる。%K%P
「ちゅぷ、れろ、んちゅぷ、れろ、れろ……っ、ちゅぷ、れろん、ちゅぷ、ふはぁ……っ」%K%P
「ちゅぷ、れろ、んちゅぷ、れろ、れろ……っ、ちゅぷ、れろん、ちゅぷ、ふはぁ……っ」%K%P
「ベロチュウすると頭が痺れて何も考えられなくなっちゃうね、んむぅ、ちゅ、ちゅ、れろろ……っ」%K%P
「ベロチュウすると頭が痺れて何も考えられなくなっちゃうね、んむぅ、ちゅ、ちゅ、れろろ……っ」%K%P
僕と何度もディープキスをしていただけ合って、口唇の重ね方も手慣れたものだった。%K%P
僕と何度もディープキスをしていただけ合って、口唇の重ね方も手慣れたものだった。%K%P
手コキがたどたどしいだけに、その対比が僕の興奮を誘う。%K%P
手コキがたどたどしいだけに、その対比が僕の興奮を誘う。%K%P
握られるのも扱かれるのも新鮮な感触だ。%K%P
握られるのも扱かれるのも新鮮な感触だ。%K%P
「ちゅ、んちゅ、れろ、いずみさん、んっく……っ、このヒクヒクしてるのは自分で動かしてるの？」%K%P
「ちゅ、んちゅ、れろ、いずみさん、んっく……っ、このヒクヒクしてるのは自分で動かしてるの？」%K%P
「気持ちよすぎて勝手に反応しちゃってるだけだよ、ふぅ、うぅ……っ」%K%P
「気持ちよすぎて勝手に反応しちゃってるだけだよ、ふぅ、うぅ……っ」%K%P
「そういうのは男の人もいっしょなんだね、れろ、んちゅぷ、れろん、ちゅ、ちゅ……っ」%K%P
「そういうのは男の人もいっしょなんだね、れろ、んちゅぷ、れろん、ちゅ、ちゅ……っ」%K%P
「まあね、うぁ、僕の場合、はぁ、はぁ、美琴さんにして貰ってるから特に感じやすくなってる気がするけど……」%K%P
「まあね、うぁ、僕の場合、はぁ、はぁ、美琴さんにして貰ってるから特に感じやすくなってる気がするけど……」%K%P
「ちゅ、れろろ、そうなの？　うれしい、じゃあこういうのも気持ちいいかな？」%K%P
「ちゅ、れろろ、そうなの？　うれしい、じゃあこういうのも気持ちいいかな？」%K%P
美琴さんの手は次々と滲み出るカウパーのおかげで手首までヌルヌルになっている。%K%P
美琴さんの手は次々と滲み出るカウパーのおかげで手首までヌルヌルになっている。%K%P
そんな潤滑剤まみれの手のひらでパンパンに膨れあがっている亀頭をそっと撫でてくる。%K%P
そんな潤滑剤まみれの手のひらでパンパンに膨れあがっている亀頭をそっと撫でてくる。%K%P
「うあっ、はぁ、はぁ……っ」%K%P
「うあっ、はぁ、はぁ……っ」%K%P
まるで仔猫をあやすような手付きだけど、もたらされる快感は凶悪この上ない。%K%P
まるで仔猫をあやすような手付きだけど、もたらされる快感は凶悪この上ない。%K%P
自分でも情けないくらい派手に痙攣してしまう。%K%P
自分でも情けないくらい派手に痙攣してしまう。%K%P
「ちゅ、れろ、れろ、凄い、そんなに気持ちいいんだ、はぁ、はぁ……っ」%K%P
「ちゅ、れろ、れろ、凄い、そんなに気持ちいいんだ、はぁ、はぁ……っ」%K%P
「気持ちいいどころか……くぅ、気持ちよすぎておかしくなっちゃいそう……っ」%K%P
「気持ちいいどころか……くぅ、気持ちよすぎておかしくなっちゃいそう……っ」%K%P
一撫でごとに熱い快感がすり込まれてくる。%K%P
一撫でごとに熱い快感がすり込まれてくる。%K%P
「れろ、れろ、出そう？　いいよ、ちゅ、ちゅぷ、好きなだけ出してちょうだい、れろろ、んく……っ」%K%P
「れろ、れろ、出そう？　いいよ、ちゅ、ちゅぷ、好きなだけ出してちょうだい、れろろ、んく……っ」%K%P
美琴さんは僕を焦らすつもりはないらしい。%K%P
美琴さんは僕を焦らすつもりはないらしい。%K%P
ただひらすら扱き続け、僕を高みへと押し上げていく。%K%P
ただひらすら扱き続け、僕を高みへと押し上げていく。%K%P
「ちゅ、れろ、んく、可愛い、脈打ってるよ、れろん、んちゅぷ、れろ……っ」%K%P
「ちゅ、れろ、んく、可愛い、脈打ってるよ、れろん、んちゅぷ、れろ……っ」%K%P
「ちゅ、んちゅ、我慢しないで、れろ……っ、ふぅ、んっく、あたしの手の中でさあ、れろ、れろ、んちゅ……っ」%K%P
「ちゅ、んちゅ、我慢しないで、れろ……っ、ふぅ、んっく、あたしの手の中でさあ、れろ、れろ、んちゅ……っ」%K%P
射精欲を自覚してからは早かった。%K%P
射精欲を自覚してからは早かった。%K%P
自制する暇もなくあっという間に決壊してしまう。%K%P
自制する暇もなくあっという間に決壊してしまう。%K%P
「くうぅ、美琴さん……っ、あっ、ああぁ……っ」%K%P
「くうぅ、美琴さん……っ、あっ、ああぁ……っ」%K%P
「あんっ」%K%P
「あんっ」%K%P
「あっく、ううぅ、ふあっ、はぁ、くうぅ……っ」%K%P
「あっく、ううぅ、ふあっ、はぁ、くうぅ……っ」%K%P
勢いよく精液が噴き出す。%K%P
勢いよく精液が噴き出す。%K%P
腰が抜けそうなほど気持ちいい。%K%P
腰が抜けそうなほど気持ちいい。%K%P
「またいっぱい出たね、あぁ、見てるこっちまでドキドキしちゃう……っ」%K%P
「またいっぱい出たね、あぁ、見てるこっちまでドキドキしちゃう……っ」%K%P
発作のような射精が済んでも勃起は収まらない。甘い喜びに包み込まれたままジンジン痺れている。%K%P
発作のような射精が済んでも勃起は収まらない。甘い喜びに包み込まれたままジンジン痺れている。%K%P
イッて満足するどころか、硬くそそり勃ったまま、さらなるお代わりを要求していた。%K%P
イッて満足するどころか、硬くそそり勃ったまま、さらなるお代わりを要求していた。%K%P
「ふぅ、ふぅ、もっと美琴さんとエッチしたいよ」%K%P
「ふぅ、ふぅ、もっと美琴さんとエッチしたいよ」%K%P
「いいよ、あたしの方もさっきからずっと切ないことになってたし」%K%P
「いいよ、あたしの方もさっきからずっと切ないことになってたし」%K%P
「満足するまで二人でいっぱい楽しもうよ」%K%P
「満足するまで二人でいっぱい楽しもうよ」%K%P
美琴さんもここで終わるつもりは最初からなかったみたいだ。%K%P
美琴さんもここで終わるつもりは最初からなかったみたいだ。%K%P
僕の求めに応じて、うれしそうに身体を開いてくれる。%K%P
僕の求めに応じて、うれしそうに身体を開いてくれる。%K%P
美琴さんを背後から抱きしめるように挿入すると、そこは奥の奥まで粘膜が火照り切っていた。%K%P
美琴さんを背後から抱きしめるように挿入すると、そこは奥の奥まで粘膜が火照り切っていた。%K%P
「あぁん、あっ、はふぅ、んっ、くぅ、うあ……っ、あんっ、あっ、はぁ、あひ、あぁん……っ」%K%P
「あぁん、あっ、はふぅ、んっ、くぅ、うあ……っ、あんっ、あっ、はぁ、あひ、あぁん……っ」%K%P
軽く腰を振って結合部を馴染ませる。%K%P
軽く腰を振って結合部を馴染ませる。%K%P
愛液の分泌量も潤沢だ。%K%P
愛液の分泌量も潤沢だ。%K%P
これなら最初から思い切り動いても大丈夫だろう。%K%P
これなら最初から思い切り動いても大丈夫だろう。%K%P
「行くよ、美琴さん」%K%P
「行くよ、美琴さん」%K%P
「うん、いっぱい突いてちょうだい……っ」%K%P
「うん、いっぱい突いてちょうだい……っ」%K%P
首を捻って甘えるように口唇を重ねてきた。%K%P
首を捻って甘えるように口唇を重ねてきた。%K%P
美琴さんはホントキスが好きだ。%K%P
美琴さんはホントキスが好きだ。%K%P
グイグイと絡みついてくる媚肉の感触を堪能しながら、僕は腰を打ちつける。%K%P
グイグイと絡みついてくる媚肉の感触を堪能しながら、僕は腰を打ちつける。%K%P
「あっ、ふあっ、くぅ、んあっ、はぁ、あぁん……っ、ふあっ、はぁ、ふあっ、あっ、あぁ……っ」%K%P
「あっ、ふあっ、くぅ、んあっ、はぁ、あぁん……っ、ふあっ、はぁ、ふあっ、あっ、あぁ……っ」%K%P
「いいよ、吸い付いてくるね、はぁ、はぁ、うぅ、堪らない……っ」%K%P
「いいよ、吸い付いてくるね、はぁ、はぁ、うぅ、堪らない……っ」%K%P
背後から乳房も揉みしだく。%K%P
背後から乳房も揉みしだく。%K%P
女の子の身体ならではの柔らかさは、何度味わっても飽きそうにない。%K%P
女の子の身体ならではの柔らかさは、何度味わっても飽きそうにない。%K%P
そっと乳首をつまんで指の腹で転がすと、美琴さんは膣腔を収縮させながら甘い嬌声を響かせる。%K%P
そっと乳首をつまんで指の腹で転がすと、美琴さんは膣腔を収縮させながら甘い嬌声を響かせる。%K%P
「ふっく、うあっ、はぁ、あんっ、はぁ、はぁ……っ、ふぅ、んっく、うあっ、はぁ……っ」%K%P
「ふっく、うあっ、はぁ、あんっ、はぁ、はぁ……っ、ふぅ、んっく、うあっ、はぁ……っ」%K%P
蜜を含んだ粘膜が積極的に絡みついてくる。%K%P
蜜を含んだ粘膜が積極的に絡みついてくる。%K%P
さっきの僕と同様に、美琴さんも身体が勝手に反応しているのだろう。%K%P
さっきの僕と同様に、美琴さんも身体が勝手に反応しているのだろう。%K%P
「あぁん、はぁ、あふぅ、幸せぇ、うあっ、あっ、あん……っ、いずみさんと一つになるの大好きぃ、はぁ、はぁ……っ」%K%P
「あぁん、はぁ、あふぅ、幸せぇ、うあっ、あっ、あん……っ、いずみさんと一つになるの大好きぃ、はぁ、はぁ……っ」%K%P
僕も美琴さんと同じ意見だ。%K%P
僕も美琴さんと同じ意見だ。%K%P
腰を振っているだけで、ついつい夢中になってしまう。%K%P
腰を振っているだけで、ついつい夢中になってしまう。%K%P
「ふぅ、ふぅ、うあっ、はぁ、あっ、あっ、ふっく……っ、あはぁ、あっ、あぁん、あっ、あぁ……っ」%K%P
「ふぅ、ふぅ、うあっ、はぁ、あっ、あっ、ふっく……っ、あはぁ、あっ、あぁん、あっ、あぁ……っ」%K%P
僕は美琴さんの身体に溺れていて、美琴さんは僕の身体に溺れていた。%K%P
僕は美琴さんの身体に溺れていて、美琴さんは僕の身体に溺れていた。%K%P
互いに相手の虜になりながら心と身体が蕩け合っていく喜びに浸っている。%K%P
互いに相手の虜になりながら心と身体が蕩け合っていく喜びに浸っている。%K%P
「ふぅ、んっく、あんなにいっぱい出したのに、はあ、はぁ、こんなに大きいままなんて、うあっ、あぁ……っ」%K%P
「ふぅ、んっく、あんなにいっぱい出したのに、はあ、はぁ、こんなに大きいままなんて、うあっ、あぁ……っ」%K%P
「それだけ美琴さんの中が天国だってこと……っ」%K%P
「それだけ美琴さんの中が天国だってこと……っ」%K%P
「ふぅ、うあっ、気持ちいい、はぁ、ちゅ、ちゅ、もっと突いて、うあっ、もっと揉んで……っ」%K%P
「ふぅ、うあっ、気持ちいい、はぁ、ちゅ、ちゅ、もっと突いて、うあっ、もっと揉んで……っ」%K%P
快感に酔って理性が麻痺しているのか、おねだりがストレートだった。%K%P
快感に酔って理性が麻痺しているのか、おねだりがストレートだった。%K%P
僕も僕で自制する気はさらさらないので、喜んで艶めかしい要望に応じる。%K%P
僕も僕で自制する気はさらさらないので、喜んで艶めかしい要望に応じる。%K%P
「うあっ、あんっ、れろろ、んちゅ、ちゅ、はぁ、あっく……っ」%K%P
「うあっ、あんっ、れろろ、んちゅ、ちゅ、はぁ、あっく……っ」%K%P
膣壁をこすり上げるたびに汲めど尽きせぬ泉のように愛液が溢れ出る。%K%P
膣壁をこすり上げるたびに汲めど尽きせぬ泉のように愛液が溢れ出る。%K%P
粘液が僕たちの身体を伝い落ち、シーツに淫らな染みを作っていた。%K%P
粘液が僕たちの身体を伝い落ち、シーツに淫らな染みを作っていた。%K%P
「うっく、うあっ、奥に響くぅ、はぁ、あっ、くぅ……っ」%K%P
「うっく、うあっ、奥に響くぅ、はぁ、あっ、くぅ……っ」%K%P
「そう言えば奥をノックされるのも好きなんだっけ……っ」%K%P
「そう言えば奥をノックされるのも好きなんだっけ……っ」%K%P
意識して亀頭に力を入れながら奥を擦って上げると、美琴さんは下腹部を波打たせながら喜んだ。%K%P
意識して亀頭に力を入れながら奥を擦って上げると、美琴さんは下腹部を波打たせながら喜んだ。%K%P
内股も痙攣させて快感を露わにしている。%K%P
内股も痙攣させて快感を露わにしている。%K%P
「あっ、はぁ、あんっ、いいぃ、うれしい、ふあっ、はぁ、ふは……っ」%K%P
「あっ、はぁ、あんっ、いいぃ、うれしい、ふあっ、はぁ、ふは……っ」%K%P
「下だけじゃなく、上のお口もほら」%K%P
「下だけじゃなく、上のお口もほら」%K%P
口唇を重ねて舌を送り込む。%K%P
口唇を重ねて舌を送り込む。%K%P
これだけ興奮していたら舌も性感帯と化している。%K%P
これだけ興奮していたら舌も性感帯と化している。%K%P
舌と舌が擦れあうたびに、美琴さんは鼻に掛かった甘えるような吐息を漏らしてしまう。%K%P
舌と舌が擦れあうたびに、美琴さんは鼻に掛かった甘えるような吐息を漏らしてしまう。%K%P
「ふぅ、ふぅ、うあっ、れろろ、んちゅ、んふぅ、ふぁ……っ、あんっ、ちゅぷ、れろ、ふあっ、はぁ、あふぅ……っ」%K%P
「ふぅ、ふぅ、うあっ、れろろ、んちゅ、んふぅ、ふぁ……っ、あんっ、ちゅぷ、れろ、ふあっ、はぁ、あふぅ……っ」%K%P
「もっと欲しいでしょ、いいよ、美琴さん……っ」%K%P
「もっと欲しいでしょ、いいよ、美琴さん……っ」%K%P
膣腔に引けを取らないほど、美琴さんの口内が火照っている。%K%P
膣腔に引けを取らないほど、美琴さんの口内が火照っている。%K%P
うっとりとした顔つきのまま僕の舌を受け入れている美琴さんは、交換した唾液も幸せそうに嚥下している。%K%P
うっとりとした顔つきのまま僕の舌を受け入れている美琴さんは、交換した唾液も幸せそうに嚥下している。%K%P
「くぅ、れろろ、んく、ちゅ、ちゅ、あひっ、はぁ……っ、気持ちよすぎて、ドロドロに蕩けちゃう……っ」%K%P
「くぅ、れろろ、んく、ちゅ、ちゅ、あひっ、はぁ……っ、気持ちよすぎて、ドロドロに蕩けちゃう……っ」%K%P
「んっく、ううぅ、お口もいいの、うあっ、幸せぇ、ちゅ、んちゅぷ、れろろ……っ」%K%P
「んっく、ううぅ、お口もいいの、うあっ、幸せぇ、ちゅ、んちゅぷ、れろろ……っ」%K%P
「興奮してオッパイが張り気味になってるよ。こっちもいいでしょ……っ」%K%P
「興奮してオッパイが張り気味になってるよ。こっちもいいでしょ……っ」%K%P
尖りきった乳首はもちろん、乳輪までぷっくり盛り上がっている。%K%P
尖りきった乳首はもちろん、乳輪までぷっくり盛り上がっている。%K%P
手のひらで包み込むようにしながら五指をからめると、極上のマシュマロを手中で弄んでいる気分になる。%K%P
手のひらで包み込むようにしながら五指をからめると、極上のマシュマロを手中で弄んでいる気分になる。%K%P
「ふぅ、うあっ、ちゅ、ちゅ、オッパイもいいぃ、はぁ、あっ、全部いいの、はぁ、はぁ、あん……っ」%K%P
「ふぅ、うあっ、ちゅ、ちゅ、オッパイもいいぃ、はぁ、あっ、全部いいの、はぁ、はぁ、あん……っ」%K%P
「ふっく、うあっ、あたしの身体、全部いずみさんのものだから、何されても感じちゃうぅ……っ」%K%P
「ふっく、うあっ、あたしの身体、全部いずみさんのものだから、何されても感じちゃうぅ……っ」%K%P
「僕も美琴さんにして貰うのは全部気持ちいいし、僕たちって身体の相性が最高なんだよ、きっと……っ」%K%P
「僕も美琴さんにして貰うのは全部気持ちいいし、僕たちって身体の相性が最高なんだよ、きっと……っ」%K%P
夢中になって抽送を繰り返す。%K%P
夢中になって抽送を繰り返す。%K%P
美琴さんの喘ぎ声が淫らな色に染まっていき、もう少しで官能の頂きに達してしまいそうな気配を漂わせている。%K%P
美琴さんの喘ぎ声が淫らな色に染まっていき、もう少しで官能の頂きに達してしまいそうな気配を漂わせている。%K%P
「あっ、あっ、あぁん、ちゅ、れろろ、んちゅぷ……っ、くぅ、ふあっ、はぁ、ちゅぷ、ちゅぷ、あふぅ、んっ、くぅ……っ」%K%P
「あっ、あっ、あぁん、ちゅ、れろろ、んちゅぷ……っ、くぅ、ふあっ、はぁ、ちゅぷ、ちゅぷ、あふぅ、んっ、くぅ……っ」%K%P
「ふぅ、ふはっ、気持ちよすぎて何も考えられない、はぁ、あっく、んちゅぷ、いずみさんで溢れちゃう……っ」%K%P
「ふぅ、ふはっ、気持ちよすぎて何も考えられない、はぁ、あっく、んちゅぷ、いずみさんで溢れちゃう……っ」%K%P
「僕も美琴さんのことで頭がいっぱいだよ……っ」%K%P
「僕も美琴さんのことで頭がいっぱいだよ……っ」%K%P
「ふっく、ちゅ、ちゅ、はぁ、このままだと、あっ、あん……っ、はぁ、はぁ、い、イッちゃいそう、ふあ、はぁ……っ」%K%P
「ふっく、ちゅ、ちゅ、はぁ、このままだと、あっ、あん……っ、はぁ、はぁ、い、イッちゃいそう、ふあ、はぁ……っ」%K%P
「はぁ、はぁ、れろ、んちゅぷ、ちゅぷぷ……っ、んっく、ふあっ、はぁ、あひっ、あぁ……っ」%K%P
「はぁ、はぁ、れろ、んちゅぷ、ちゅぷぷ……っ、んっく、ふあっ、はぁ、あひっ、あぁ……っ」%K%P
ペースダウンはしない。僕もほとんど暴走しているようなものだ。%K%P
ペースダウンはしない。僕もほとんど暴走しているようなものだ。%K%P
幸い、美琴さんも僕とのエッチにのめり込んでいるので、派手な抽送でも受け入れてくれる。%K%P
幸い、美琴さんも僕とのエッチにのめり込んでいるので、派手な抽送でも受け入れてくれる。%K%P
「ふあっ、はぁ、あひっ、ちゅ、ちゅ、れろろ、はぁ、あんっ、あぁ……っ」%K%P
「ふあっ、はぁ、あひっ、ちゅ、ちゅ、れろろ、はぁ、あんっ、あぁ……っ」%K%P
「グイグイ締め付けられるから、僕もイッちゃいそうだ……っ」%K%P
「グイグイ締め付けられるから、僕もイッちゃいそうだ……っ」%K%P
「あっ、あっ、イクなら一緒に、はぁ、あふぅ、ちゅぷ、れろろ、あたしもいずみさんとイクぅ……っ」%K%P
「あっ、あっ、イクなら一緒に、はぁ、あふぅ、ちゅぷ、れろろ、あたしもいずみさんとイクぅ……っ」%K%P
「そうだね、うっく、一緒にイッちゃおうよ……っ」%K%P
「そうだね、うっく、一緒にイッちゃおうよ……っ」%K%P
美琴さんのおねだりに応じてラストスパートを掛ける。%K%P
美琴さんのおねだりに応じてラストスパートを掛ける。%K%P
抽送の勢いが増すと、結合部の愛液がみるみる白く泡立っていく。%K%P
抽送の勢いが増すと、結合部の愛液がみるみる白く泡立っていく。%K%P
「うあっ、あっ、はぁ、あふぅ、うっく、ふは……っ、あはぁ、ふぅ、あっ、はぁ、あぁ……っ」%K%P
「うあっ、あっ、はぁ、あふぅ、うっく、ふは……っ、あはぁ、ふぅ、あっ、はぁ、あぁ……っ」%K%P
「うぅ、こみ上げてきた……っ」%K%P
「うぅ、こみ上げてきた……っ」%K%P
膣肉の感触が完璧すぎて、その気になったら限界はあっという間だ。%K%P
膣肉の感触が完璧すぎて、その気になったら限界はあっという間だ。%K%P
「ふあっ、ふぅ、ちゅぷ、れろろ、んふぅ……っ、ふっく、じゅぷ、んふぅ、いずみさん……っ」%K%P
「ふあっ、ふぅ、ちゅぷ、れろろ、んふぅ……っ、ふっく、じゅぷ、んふぅ、いずみさん……っ」%K%P
どんどん下腹部が熱を帯びていく。%K%P
どんどん下腹部が熱を帯びていく。%K%P
射精に向けて秒読み段階に入る。%K%P
射精に向けて秒読み段階に入る。%K%P
「ふぅ、うあっ、ちゅ、ちゅ、んひっ、れろ、んちゅぷ、くうぅっ、ふは……っ」%K%P
「ふぅ、うあっ、ちゅ、ちゅ、んひっ、れろ、んちゅぷ、くうぅっ、ふは……っ」%K%P
「ふぅ、うあ、そろそろ限界……っ」%K%P
「ふぅ、うあ、そろそろ限界……っ」%K%P
「ふぅ、うあっ、あたしも、あぁん、凄いの来ちゃう……っ、くぅ、ちゅ、ちゅぷ、ふはっ、あぁん……っ」%K%P
「ふぅ、うあっ、あたしも、あぁん、凄いの来ちゃう……っ、くぅ、ちゅ、ちゅぷ、ふはっ、あぁん……っ」%K%P
美琴さんの肢体の痙攣が断続的になってきた。%K%P
美琴さんの肢体の痙攣が断続的になってきた。%K%P
熱い粘塊が尿道を駆け上がってくる。%K%P
熱い粘塊が尿道を駆け上がってくる。%K%P
「で、出そう……っ、イクよ、美琴さん……っ」%K%P
「で、出そう……っ、イクよ、美琴さん……っ」%K%P
「あぁっ、あっ、ふあっ、ちゅ、ちゅぷ、あんっ、ふあ……っ、あたしも、ふぅ、うあっ、あたしもぉ……っ」%K%P
「あぁっ、あっ、ふあっ、ちゅ、ちゅぷ、あんっ、ふあ……っ、あたしも、ふぅ、うあっ、あたしもぉ……っ」%K%P
「あっ、あっ、イクっ、止まらないっ、ふあっ、あひっ、ちゅぷ、れろ、んちゅぷぷ……っ」%K%P
「あっ、あっ、イクっ、止まらないっ、ふあっ、あひっ、ちゅぷ、れろ、んちゅぷぷ……っ」%K%P
僕たちは同時に絶頂した。%K%P
僕たちは同時に絶頂した。%K%P
「イクイクイクうううぅぅっ！」%K%P
「イクイクイクうううぅぅっ！」%K%P
「うあっ、はぁ……っ」%K%P
「うあっ、はぁ……っ」%K%P
三度目だけど、少しも射精量が衰えない。%K%P
三度目だけど、少しも射精量が衰えない。%K%P
それだけ美琴さんの身体が素晴らしいということかもしれない。%K%P
それだけ美琴さんの身体が素晴らしいということかもしれない。%K%P
「ふあっ、はぁ、ああぁ……っ、温かいのが中でいっぱい……っ、くぅ、幸せぇ……っ」%K%P
「ふあっ、はぁ、ああぁ……っ、温かいのが中でいっぱい……っ、くぅ、幸せぇ……っ」%K%P
「僕もだよ……っ、はぁ、はぁ……っ」%K%P
「僕もだよ……っ、はぁ、はぁ……っ」%K%P
僕たちはエッチの余韻に浸ったまま、ベッドの上でいちゃいちゃしていた。%K%P
僕たちはエッチの余韻に浸ったまま、ベッドの上でいちゃいちゃしていた。%K%P
なんか散々乱れてしまったのが照れくさいやらこそばゆいやらだ。%K%P
なんか散々乱れてしまったのが照れくさいやらこそばゆいやらだ。%K%P
「それにしても初めのうちはあれこれ大変だった女装も、いよいよこれでお仕舞いか。なんか感慨深いものがあるなぁ……」%K%P
「それにしても初めのうちはあれこれ大変だった女装も、いよいよこれでお仕舞いか。なんか感慨深いものがあるなぁ……」%K%P
「最後までみんなに見抜かれなかったんだから凄いよね。それどころか大勢のファンができたくらいだし」%K%P
「最後までみんなに見抜かれなかったんだから凄いよね。それどころか大勢のファンができたくらいだし」%K%P
「せっかくこれだけ綺麗で完璧な女の子が爆誕したのにもったいないかも」%K%P
「せっかくこれだけ綺麗で完璧な女の子が爆誕したのにもったいないかも」%K%P
「もったいないって……」%K%P
「もったいないって……」%K%P
「そうだ、こんど会うときはお土産に可愛いドレスもってくね」%K%P
「そうだ、こんど会うときはお土産に可愛いドレスもってくね」%K%P
「え、いや、ドレスなんかどうするの？」%K%P
「え、いや、ドレスなんかどうするの？」%K%P
「そうねぇ……夜景が綺麗なビーチとかホテルとかで、お姫様に可愛がって貰ったり可愛がってあげたり、とか？」%K%P
「そうねぇ……夜景が綺麗なビーチとかホテルとかで、お姫様に可愛がって貰ったり可愛がってあげたり、とか？」%K%P
「美琴さん、それ完璧に女装エッチに填っちゃってるでしょ」%K%P
「美琴さん、それ完璧に女装エッチに填っちゃってるでしょ」%K%P
「ダメ？」%K%P
「ダメ？」%K%P
そんな甘えた目で見られても、僕はあくまで男な訳で……。%K%P
そんな甘えた目で見られても、僕はあくまで男な訳で……。%K%P
……いや、僕としても満更でもないかな？%K%P
……いや、僕としても満更でもないかな？%K%P
どうやら美琴さんとのエッチで僕も新しい性癖に目覚めてしまったらしい。%K%P
どうやら美琴さんとのエッチで僕も新しい性癖に目覚めてしまったらしい。%K%P
「はは、僕たち似たもの同士だ」%K%P
「はは、僕たち似たもの同士だ」%K%P
苦笑しつつ、美琴さんの口唇に了承のキスをした。%K%P
苦笑しつつ、美琴さんの口唇に了承のキスをした。%K%P
