学生の多くが講堂に集まっていた。%K%P
学生の多くが講堂に集まっていた。%K%P
みんなそわそわと浮き足立っている雰囲気がある。%K%P
みんなそわそわと浮き足立っている雰囲気がある。%K%P
それもそのはず、本日はアリアにおける{騎士:ワルキュリア}が{歌姫:ディーバ}によって指名される特別な日だからだ。%K%P
それもそのはず、本日はアリアにおける{騎士:ワルキュリア}が{歌姫:ディーバ}によって指名される特別な日だからだ。%K%P
あらかじめアリアに出場する資格のある人は決まっているので、あとはその中から{歌姫:ディーバ}である僕が{騎士:ワルキュリア}を指名する形になる。%K%P
あらかじめアリアに出場する資格のある人は決まっているので、あとはその中から{歌姫:ディーバ}である僕が{騎士:ワルキュリア}を指名する形になる。%K%P
……とはいえ、{騎士:ワルキュリア}のチーム分けは既に他の学生たちにも周知の事実のようなものだった。%K%P
……とはいえ、{騎士:ワルキュリア}のチーム分けは既に他の学生たちにも周知の事実のようなものだった。%K%P
まあ、そりゃそうだよね。%K%P
まあ、そりゃそうだよね。%K%P
別に当日まで隠さなきゃダメなんて規則はないし、そもそも前々からチームを組んで練習してたら誰が見たって簡単に想像が付くよなぁ……。%K%P
別に当日まで隠さなきゃダメなんて規則はないし、そもそも前々からチームを組んで練習してたら誰が見たって簡単に想像が付くよなぁ……。%K%P
そんなわけで、壇上に上がった奏さんと僕は、進行のアナウンスに従ってセレモニーをこなしていく。%K%P
そんなわけで、壇上に上がった奏さんと僕は、進行のアナウンスに従ってセレモニーをこなしていく。%K%P
奏さんは自分の{騎士:ワルキュリア}に千影さんを指名した。%K%P
奏さんは自分の{騎士:ワルキュリア}に千影さんを指名した。%K%P
そして僕が{騎士:ワルキュリア}を指名する番になり――%K%P
そして僕が{騎士:ワルキュリア}を指名する番になり――%K%P
{騎士:ワルキュリア}の選抜式が終わって教室に戻ってきた。%K%P
{騎士:ワルキュリア}の選抜式が終わって教室に戻ってきた。%K%P
……で、放課後になったわけだけどさっきからずっと美琴さんが大荒れしている。%K%P
……で、放課後になったわけだけどさっきからずっと美琴さんが大荒れしている。%K%P
おかしい。きっと喜んでもらえると思ってたんだけどなぁ……。%K%P
おかしい。きっと喜んでもらえると思ってたんだけどなぁ……。%K%P
「ありえないありえないありえない……っ」%K%P
「ありえないありえないありえない……っ」%K%P
「普通、考えたら綾香になるでしょ？　どうしてあたしなの！」%K%P
「普通、考えたら綾香になるでしょ？　どうしてあたしなの！」%K%P
「どうしてって……アリアに向けてすごく張り切ってるの知ってるから、かな？」%K%P
「どうしてって……アリアに向けてすごく張り切ってるの知ってるから、かな？」%K%P
僕は{騎士:ワルキュリア}のリーダーとして美琴さんを指名した。%K%P
僕は{騎士:ワルキュリア}のリーダーとして美琴さんを指名した。%K%P
練習だってあんなに熱を入れてたくらいだから、アリアの重要な役目でもある{騎士:ワルキュリア}のリーダーもやってみたいのではと考えた。%K%P
練習だってあんなに熱を入れてたくらいだから、アリアの重要な役目でもある{騎士:ワルキュリア}のリーダーもやってみたいのではと考えた。%K%P
……思い切り勇み足だったみたいで裏目に出てしまったようだ。%K%P
……思い切り勇み足だったみたいで裏目に出てしまったようだ。%K%P
「あたしなんかより綾香の方がよっぽどがんばってるじゃない。そもそも綾香の方が強いし！」%K%P
「あたしなんかより綾香の方がよっぽどがんばってるじゃない。そもそも綾香の方が強いし！」%K%P
「あたしにはリーダーなんて無理だから……っ、ね、今からでも遅くないから綾香にやってもらおうよ。綾香もそう思うでしょ？」%K%P
「あたしにはリーダーなんて無理だから……っ、ね、今からでも遅くないから綾香にやってもらおうよ。綾香もそう思うでしょ？」%K%P
「う～ん、やれるやれないでいったら、やれる気はするけど……」%K%P
「う～ん、やれるやれないでいったら、やれる気はするけど……」%K%P
「ほら！」%K%P
「ほら！」%K%P
「でも、美琴だって充分に立派なリーダーは務まると思うよ？」%K%P
「でも、美琴だって充分に立派なリーダーは務まると思うよ？」%K%P
「そんなわけないじゃない……っ、無理ったらむーりーっ」%K%P
「そんなわけないじゃない……っ、無理ったらむーりーっ」%K%P
美琴さんは尻込みするばかりだった。%K%P
美琴さんは尻込みするばかりだった。%K%P
ここまでキッパリと拒絶されるとは思っていなかったので困惑してしまう。%K%P
ここまでキッパリと拒絶されるとは思っていなかったので困惑してしまう。%K%P
実際、周りの学生たちはみんな普通に美琴さんを応援していた。%K%P
実際、周りの学生たちはみんな普通に美琴さんを応援していた。%K%P
リーダーは無理だと言っているのは、美琴さん本人だけなんだよね。%K%P
リーダーは無理だと言っているのは、美琴さん本人だけなんだよね。%K%P
「もしかして、私が思っている以上に{騎士:ワルキュリア}のリーダーって大変なのかな」%K%P
「もしかして、私が思っている以上に{騎士:ワルキュリア}のリーダーって大変なのかな」%K%P
「{騎士:ワルキュリア}を代表する、みんなのまとめ役だから名誉と責任ある立場なのは確かだけど……」%K%P
「{騎士:ワルキュリア}を代表する、みんなのまとめ役だから名誉と責任ある立場なのは確かだけど……」%K%P
「世話焼きで気配りも出来る美琴なら全然問題ないと思うわ」%K%P
「世話焼きで気配りも出来る美琴なら全然問題ないと思うわ」%K%P
「だから、あたしより相応しい人がいるって話なのに……」%K%P
「だから、あたしより相応しい人がいるって話なのに……」%K%P
綾香さんが太鼓判を押しても美琴さんは首を縦に振らない。%K%P
綾香さんが太鼓判を押しても美琴さんは首を縦に振らない。%K%P
実務能力はあるのだから、あとは美琴さんの気持ちの問題ってことかな。%K%P
実務能力はあるのだから、あとは美琴さんの気持ちの問題ってことかな。%K%P
これはもっとちゃんと話し合う必要がありそうだ。%K%P
これはもっとちゃんと話し合う必要がありそうだ。%K%P
