体調を崩すアクシデントもあったけど、無事に回復して、いよいよ明日は深皇祭。%K%P
体調を崩すアクシデントもあったけど、無事に回復して、いよいよ明日は深皇祭。%K%P
明日に備えて、綾香さんの提案もあり、本番前にみんなで練習をしておこう、ということになった。%K%P
明日に備えて、綾香さんの提案もあり、本番前にみんなで練習をしておこう、ということになった。%K%P
メンバーは{歌姫:ディーバ}である僕に、{騎士:ワルキュリア}の綾香さん、美琴さん、ことりちゃんの４人。%K%P
メンバーは{歌姫:ディーバ}である僕に、{騎士:ワルキュリア}の綾香さん、美琴さん、ことりちゃんの４人。%K%P
いずみチーム……というのも少し恥ずかしいけど、僕を助けてくれる{騎士:ワルキュリア}のみんなと森に集まる。%K%P
いずみチーム……というのも少し恥ずかしいけど、僕を助けてくれる{騎士:ワルキュリア}のみんなと森に集まる。%K%P
修練所ではなく森を選んだのは、本番に備えて雰囲気に慣れておこう、という理由からだ。%K%P
修練所ではなく森を選んだのは、本番に備えて雰囲気に慣れておこう、という理由からだ。%K%P
「的、用意してきたよ」%K%P
「的、用意してきたよ」%K%P
「すみません、いずみ様に手伝わせてしまって」%K%P
「すみません、いずみ様に手伝わせてしまって」%K%P
「気にしないで、ことりちゃん」%K%P
「気にしないで、ことりちゃん」%K%P
{歌姫:ディーバ}である僕はすることがほとんどないから、雑用でも役立てるのは嬉しい。%K%P
{歌姫:ディーバ}である僕はすることがほとんどないから、雑用でも役立てるのは嬉しい。%K%P
「……では、いきます」%K%P
「……では、いきます」%K%P
アリアで使う弓の最終チェックをするために、ことりちゃんが的に向かって構えをとる。%K%P
アリアで使う弓の最終チェックをするために、ことりちゃんが的に向かって構えをとる。%K%P
用意した的までは、およそ３０メートル。%K%P
用意した的までは、およそ３０メートル。%K%P
僕からするとかなり離れて感じるけど、アーチェリーとしては標準的な距離らしい。%K%P
僕からするとかなり離れて感じるけど、アーチェリーとしては標準的な距離らしい。%K%P
ただし森の中だから、当然木々が並んでいて、その間を通さなければ的には届かない。%K%P
ただし森の中だから、当然木々が並んでいて、その間を通さなければ的には届かない。%K%P
「すぅ……」%K%P
「すぅ……」%K%P
矢をつがえ、下向きだった弓を起こし、弦を引く。%K%P
矢をつがえ、下向きだった弓を起こし、弦を引く。%K%P
息を吐き、目を瞬いたことりちゃんの横顔は、驚くほど大人びて見えた。%K%P
息を吐き、目を瞬いたことりちゃんの横顔は、驚くほど大人びて見えた。%K%P
「……っ」%K%P
「……っ」%K%P
ことりちゃんが弦から指を離すと、放たれた矢は、見事に的へ命中した。%K%P
ことりちゃんが弦から指を離すと、放たれた矢は、見事に的へ命中した。%K%P
「わぁ……」%K%P
「わぁ……」%K%P
さすが１年生ながらに{騎士:ワルキュリア}に選ばれるだけあって、見事な腕前に声が漏れる。%K%P
さすが１年生ながらに{騎士:ワルキュリア}に選ばれるだけあって、見事な腕前に声が漏れる。%K%P
「……すごいね、ことりちゃん」%K%P
「……すごいね、ことりちゃん」%K%P
普段は小さくて可愛らしい分、弓を構える姿はとても凛々しく感じられた。%K%P
普段は小さくて可愛らしい分、弓を構える姿はとても凛々しく感じられた。%K%P
「ありがとうございます、いずみ様」%K%P
「ありがとうございます、いずみ様」%K%P
「でも、アリアでは動いている相手に当てなくてはいけませんから。もっと、難しいと思います」%K%P
「でも、アリアでは動いている相手に当てなくてはいけませんから。もっと、難しいと思います」%K%P
「あ、そっか……」%K%P
「あ、そっか……」%K%P
「でも、できる限り頑張ります。綾香様と美琴様の助けになれるように」%K%P
「でも、できる限り頑張ります。綾香様と美琴様の助けになれるように」%K%P
「うん。私も頼りにしてるからね」%K%P
「うん。私も頼りにしてるからね」%K%P
「はい」%K%P
「はい」%K%P
ことりちゃんがにこっと笑う。%K%P
ことりちゃんがにこっと笑う。%K%P
一方、綾香さんと美琴さんはというと、こちらも手合わせの真っ最中。%K%P
一方、綾香さんと美琴さんはというと、こちらも手合わせの真っ最中。%K%P
今は、綾香さんが普段と違う剣を両手に１本ずつ持ち、美琴さんの槍を受けていた。%K%P
今は、綾香さんが普段と違う剣を両手に１本ずつ持ち、美琴さんの槍を受けていた。%K%P
「そんな素直な動き、千影さんには通用しないわよ？」%K%P
「そんな素直な動き、千影さんには通用しないわよ？」%K%P
「なら、こうして……やあっ！」%K%P
「なら、こうして……やあっ！」%K%P
「んっ……！　そうそう、そんな感じっ……！」%K%P
「んっ……！　そうそう、そんな感じっ……！」%K%P
真剣勝負というよりも、動きを確認するといった感じで、綾香さんや美琴さんに緊張感はない。%K%P
真剣勝負というよりも、動きを確認するといった感じで、綾香さんや美琴さんに緊張感はない。%K%P
ちなみに綾香さんが剣を２本持っているのは、千影さんの動きを模倣するため、らしい。%K%P
ちなみに綾香さんが剣を２本持っているのは、千影さんの動きを模倣するため、らしい。%K%P
これは美琴さんの発案で、千影さんを相手にしたときのイメージトレーニングだという。%K%P
これは美琴さんの発案で、千影さんを相手にしたときのイメージトレーニングだという。%K%P
「綾香様も美琴様も、本当にすごいです……」%K%P
「綾香様も美琴様も、本当にすごいです……」%K%P
「うん」%K%P
「うん」%K%P
森の中は平地に比べて視界が狭く、木々が並んでいるため、武器を大きく動かすことが難しい。%K%P
森の中は平地に比べて視界が狭く、木々が並んでいるため、武器を大きく動かすことが難しい。%K%P
そんな中にあって、美琴さんは突き主体で槍を操り、コンパクトな連携で的確に攻めていく。%K%P
そんな中にあって、美琴さんは突き主体で槍を操り、コンパクトな連携で的確に攻めていく。%K%P
それを受ける綾香さんも、体調を崩す前にくらべると躍動感溢れる身のこなしで、見ているこっちの心まで躍ってしまう。%K%P
それを受ける綾香さんも、体調を崩す前にくらべると躍動感溢れる身のこなしで、見ているこっちの心まで躍ってしまう。%K%P
「そこっ！　……はあっ！」%K%P
「そこっ！　……はあっ！」%K%P
「あっ……！？」%K%P
「あっ……！？」%K%P
突きだした美琴さんの槍が、綾香さんの剣の１本を絡めるように弾き飛ばす。%K%P
突きだした美琴さんの槍が、綾香さんの剣の１本を絡めるように弾き飛ばす。%K%P
「ふふっ、やったっ」%K%P
「ふふっ、やったっ」%K%P
「すごい、美琴……。いまのは上手いわね」%K%P
「すごい、美琴……。いまのは上手いわね」%K%P
「ふふっ、あたしだって練習してたんだから」%K%P
「ふふっ、あたしだって練習してたんだから」%K%P
綾香さんが舌を巻いたのがよほど嬉しかったらしく、美琴さんは満面の笑みだ。%K%P
綾香さんが舌を巻いたのがよほど嬉しかったらしく、美琴さんは満面の笑みだ。%K%P
「２人とも、そろそろ休憩しない？」%K%P
「２人とも、そろそろ休憩しない？」%K%P
「っと……そうね。わかったわ、いずみさん」%K%P
「っと……そうね。わかったわ、いずみさん」%K%P
「綾香ったら、いずみさんの言うことにはすっかり素直に従うようになっちゃって」%K%P
「綾香ったら、いずみさんの言うことにはすっかり素直に従うようになっちゃって」%K%P
「なっ……べ、べつに、これはそういうのじゃなくてっ……」%K%P
「なっ……べ、べつに、これはそういうのじゃなくてっ……」%K%P
「ほら、動きのチェックだけでなく、明日の打ち合わせもしておいたほうがいいでしょう？」%K%P
「ほら、動きのチェックだけでなく、明日の打ち合わせもしておいたほうがいいでしょう？」%K%P
「うんうん。そういうことにしといてあげる」%K%P
「うんうん。そういうことにしといてあげる」%K%P
「んっ……もっ、もう」%K%P
「んっ……もっ、もう」%K%P
照れる綾香さんを見て、美琴さんが楽しげに笑う。%K%P
照れる綾香さんを見て、美琴さんが楽しげに笑う。%K%P
やっぱりこの２人って、息がぴったりだよね。%K%P
やっぱりこの２人って、息がぴったりだよね。%K%P
その後、持って来たレジャーシートに座り、みんなで明日のアリアについて簡単な打ち合わせをした。%K%P
その後、持って来たレジャーシートに座り、みんなで明日のアリアについて簡単な打ち合わせをした。%K%P
作戦会議、と言ったら大げさだけど、改めてルールの確認をしたり、連携をチェックしたり。%K%P
作戦会議、と言ったら大げさだけど、改めてルールの確認をしたり、連携をチェックしたり。%K%P
とはいえ、アリアはクジ引きでスタート地点が決まるから、どうしても不確定要素に左右されてしまう。%K%P
とはいえ、アリアはクジ引きでスタート地点が決まるから、どうしても不確定要素に左右されてしまう。%K%P
だからこそ、そのあたりも踏まえて、状況による行動の指針をある程度決めておいた。%K%P
だからこそ、そのあたりも踏まえて、状況による行動の指針をある程度決めておいた。%K%P
「アリアが始まったら、{歌姫:ディーバ}は歌って助けを求める、っていうのはわかるんだけど……」%K%P
「アリアが始まったら、{歌姫:ディーバ}は歌って助けを求める、っていうのはわかるんだけど……」%K%P
「でも、そうなると味方より先に、相手チームに見つかる……ってこともあるんじゃない？」%K%P
「でも、そうなると味方より先に、相手チームに見つかる……ってこともあるんじゃない？」%K%P
「確かにその可能性もあるんだけど、それはそこまでデメリットにはならないの」%K%P
「確かにその可能性もあるんだけど、それはそこまでデメリットにはならないの」%K%P
「あるとしても、いずみさんを助けに来たあたしたちを待ち伏せる、ぐらいね」%K%P
「あるとしても、いずみさんを助けに来たあたしたちを待ち伏せる、ぐらいね」%K%P
「えっ？　それって不利じゃない？」%K%P
「えっ？　それって不利じゃない？」%K%P
「ところが、そうとばかりも言えないわ。待ち伏せる、ということは、自分も動けないでしょ？」%K%P
「ところが、そうとばかりも言えないわ。待ち伏せる、ということは、自分も動けないでしょ？」%K%P
「アリアの目的は、{歌姫:ディーバ}の救出。待ち伏せていては、それを果たせなくなるのよ」%K%P
「アリアの目的は、{歌姫:ディーバ}の救出。待ち伏せていては、それを果たせなくなるのよ」%K%P
「それに、{歌姫:ディーバ}のまわりは敵味方問わず、{騎士:ワルキュリア}同士の遭遇が多いの」%K%P
「それに、{歌姫:ディーバ}のまわりは敵味方問わず、{騎士:ワルキュリア}同士の遭遇が多いの」%K%P
「それってやはり、歌声の聞こえるところに集まるから、ですか？」%K%P
「それってやはり、歌声の聞こえるところに集まるから、ですか？」%K%P
「そう。だからこそ、みんなも警戒するのよ」%K%P
「そう。だからこそ、みんなも警戒するのよ」%K%P
「待ち伏せや奇襲って、不意をうってこそ、でしょ？　仕掛けるなら、違う場所のほうが効果的なの」%K%P
「待ち伏せや奇襲って、不意をうってこそ、でしょ？　仕掛けるなら、違う場所のほうが効果的なの」%K%P
「ははぁ……」\n「ははぁ……」%K%P
「ははぁ……」\n「ははぁ……」%K%P
ことりちゃんと２人、綾香さんと美琴さんの説明に頷いてしまう。%K%P
ことりちゃんと２人、綾香さんと美琴さんの説明に頷いてしまう。%K%P
伝統行事をもとに生まれたアリアだけど、ルールは学園祭の催し物らしく、いろいろと考えられている。%K%P
伝統行事をもとに生まれたアリアだけど、ルールは学園祭の催し物らしく、いろいろと考えられている。%K%P
「では、無事にいずみ様を見つけて鍵を使った場合、そのあとは、どうすればいいんですか？」%K%P
「では、無事にいずみ様を見つけて鍵を使った場合、そのあとは、どうすればいいんですか？」%K%P
「基本的には、相手の足止めかしら」%K%P
「基本的には、相手の足止めかしら」%K%P
「鍵をもたないフリーの状態で、鍵をもつ相手の動きを制限すること。これがとっても重要ね」%K%P
「鍵をもたないフリーの状態で、鍵をもつ相手の動きを制限すること。これがとっても重要ね」%K%P
「それと、鍵は受け渡しが可能だから。チームメイトと合流できたら、救出と足止めの二手にわかれる、というのもセオリーね」%K%P
「それと、鍵は受け渡しが可能だから。チームメイトと合流できたら、救出と足止めの二手にわかれる、というのもセオリーね」%K%P
「うぅんと……？」%K%P
「うぅんと……？」%K%P
「難しく考えることはないわよ、ことりちゃん」%K%P
「難しく考えることはないわよ、ことりちゃん」%K%P
「そうそう。チームメイトと出会ったとき、お互いがまだ鍵をもっていたら、どちらかがそれを預かって姫を助けにいくのがベターってこと」%K%P
「そうそう。チームメイトと出会ったとき、お互いがまだ鍵をもっていたら、どちらかがそれを預かって姫を助けにいくのがベターってこと」%K%P
「な、なるほど……」%K%P
「な、なるほど……」%K%P
「でも、ことりちゃんの場合、なによりも大事なのはまわりに気を配ることよ」%K%P
「でも、ことりちゃんの場合、なによりも大事なのはまわりに気を配ることよ」%K%P
「矢をつがえる前に発見されたら、そのまま弓を奪われて負け……なんて可能性もあるでしょ？」%K%P
「矢をつがえる前に発見されたら、そのまま弓を奪われて負け……なんて可能性もあるでしょ？」%K%P
「そっ、そうですね。気を付けます」%K%P
「そっ、そうですね。気を付けます」%K%P
「でも、遠いところから先手を打てる、っていうのは弓ならでは、だから」%K%P
「でも、遠いところから先手を打てる、っていうのは弓ならでは、だから」%K%P
「もし相手チームの{騎士:ワルキュリア}を見つけたら、そのときは迷わずビシッ！　っと決めちゃってね」%K%P
「もし相手チームの{騎士:ワルキュリア}を見つけたら、そのときは迷わずビシッ！　っと決めちゃってね」%K%P
「は、はいっ。私、頑張ります」%K%P
「は、はいっ。私、頑張ります」%K%P
ことりちゃんが、ぐっと両手を握る。%K%P
ことりちゃんが、ぐっと両手を握る。%K%P
「じゃあ、そろそろ休憩はおしまいにして、練習の続きを――」%K%P
「じゃあ、そろそろ休憩はおしまいにして、練習の続きを――」%K%P
「も、いいけど。今日はこのぐらいにしない？　明日のために身体を休めるのも大切でしょ？」%K%P
「も、いいけど。今日はこのぐらいにしない？　明日のために身体を休めるのも大切でしょ？」%K%P
「でも……。お願い、あと少しだけ」%K%P
「でも……。お願い、あと少しだけ」%K%P
「もう、ホントに頑張り屋なんだから……」%K%P
「もう、ホントに頑張り屋なんだから……」%K%P
「なら、私がちゃんと見張っておくよ」%K%P
「なら、私がちゃんと見張っておくよ」%K%P
「み、見張る、って……どういうこと？」%K%P
「み、見張る、って……どういうこと？」%K%P
「綾香さんが無茶しそうなときは、キツーく言って、寮につれて帰る係、ってこと」%K%P
「綾香さんが無茶しそうなときは、キツーく言って、寮につれて帰る係、ってこと」%K%P
「ね？　それならいいでしょ？　美琴さん」%K%P
「ね？　それならいいでしょ？　美琴さん」%K%P
「ふふっ、そうね。どうやら綾香は、お姫様の言うことなら素直に聞くみたいだから」%K%P
「ふふっ、そうね。どうやら綾香は、お姫様の言うことなら素直に聞くみたいだから」%K%P
「んっ……もう、二人とも、そうやってっ……」%K%P
「んっ……もう、二人とも、そうやってっ……」%K%P
美琴さんにからかわれた綾香さんは、ちょっと頬を膨らませつつ、僕たちを交互に見つめた。%K%P
美琴さんにからかわれた綾香さんは、ちょっと頬を膨らませつつ、僕たちを交互に見つめた。%K%P
そうして、美琴さんとことりちゃんが帰った後も、綾香さんは熱心に練習していた。%K%P
そうして、美琴さんとことりちゃんが帰った後も、綾香さんは熱心に練習していた。%K%P
「綾香さん、そろそろおしまいにしない？」%K%P
「綾香さん、そろそろおしまいにしない？」%K%P
少し日が落ちてきたので声を掛ける。%K%P
少し日が落ちてきたので声を掛ける。%K%P
「……そうね。あまり遅くなると、今度は見張り役のいずみさんまで美琴に叱られちゃうし」%K%P
「……そうね。あまり遅くなると、今度は見張り役のいずみさんまで美琴に叱られちゃうし」%K%P
「もう、根に持って……」%K%P
「もう、根に持って……」%K%P
「別に、そういうわけじゃないけど……」%K%P
「別に、そういうわけじゃないけど……」%K%P
拗ねた口調で、綾香さんがわずかに視線を落とす。%K%P
拗ねた口調で、綾香さんがわずかに視線を落とす。%K%P
「ただ……いずみさんは、わたしを信用してないのかな、って、少し思っちゃって……」%K%P
「ただ……いずみさんは、わたしを信用してないのかな、って、少し思っちゃって……」%K%P
「心配性なんだから」%K%P
「心配性なんだから」%K%P
ちょっといじけた感じで呟く綾香さんを安心させたくて、その肩に優しく手を置いた。%K%P
ちょっといじけた感じで呟く綾香さんを安心させたくて、その肩に優しく手を置いた。%K%P
「綾香さんが私を困らせたりしないってことぐらい、ちゃんとわかってるよ」%K%P
「綾香さんが私を困らせたりしないってことぐらい、ちゃんとわかってるよ」%K%P
「私はただ、綾香さんの側にいたかっただけ」%K%P
「私はただ、綾香さんの側にいたかっただけ」%K%P
「ん……」%K%P
「ん……」%K%P
はにかんだ綾香さんが、ほんの少しだけ突きだした唇と一緒に、ゆっくりと顔を近寄せてくる。%K%P
はにかんだ綾香さんが、ほんの少しだけ突きだした唇と一緒に、ゆっくりと顔を近寄せてくる。%K%P
だから僕は、目を閉じてそれを待った。%K%P
だから僕は、目を閉じてそれを待った。%K%P
「あ……はっ、ちゅっ……んんっ……」%K%P
「あ……はっ、ちゅっ……んんっ……」%K%P
しっかりと重なった唇は、やがて柔らかい感触と吐息を残して、ゆっくりと離れていく。%K%P
しっかりと重なった唇は、やがて柔らかい感触と吐息を残して、ゆっくりと離れていく。%K%P
「……なんだか、お姫様になった気分」%K%P
「……なんだか、お姫様になった気分」%K%P
「ふふっ、いずみさんったら。そういうことを言うなんて、本物の女の子みたい」%K%P
「ふふっ、いずみさんったら。そういうことを言うなんて、本物の女の子みたい」%K%P
「だ、だってほら、{騎士:ワルキュリア}姿の綾香さん、とても格好良いから」%K%P
「だ、だってほら、{騎士:ワルキュリア}姿の綾香さん、とても格好良いから」%K%P
「ああ……」%K%P
「ああ……」%K%P
自分の着ている鎧や、手にしている剣を改めて見て、綾香さんが納得したように頷く。%K%P
自分の着ている鎧や、手にしている剣を改めて見て、綾香さんが納得したように頷く。%K%P
「いずみさん、この格好、好き？」%K%P
「いずみさん、この格好、好き？」%K%P
「うん。やっぱり、剣とか鎧とか、そういうのは憧れちゃうな。僕、男の子だから」%K%P
「うん。やっぱり、剣とか鎧とか、そういうのは憧れちゃうな。僕、男の子だから」%K%P
さっきの女の子発言を訂正しておく意味でも、ここはしっかりと主張しておく。%K%P
さっきの女の子発言を訂正しておく意味でも、ここはしっかりと主張しておく。%K%P
「なら、{騎士:ワルキュリア}姿のわたしは？」%K%P
「なら、{騎士:ワルキュリア}姿のわたしは？」%K%P
「もちろん、大好きだよ」%K%P
「もちろん、大好きだよ」%K%P
少し照れくさかったけど、素直にそう伝えた直後、綾香さんがいきなり抱きついてきた。%K%P
少し照れくさかったけど、素直にそう伝えた直後、綾香さんがいきなり抱きついてきた。%K%P
「あっ、綾香さん……？」%K%P
「あっ、綾香さん……？」%K%P
「わたしも、いずみさんが大好き……」%K%P
「わたしも、いずみさんが大好き……」%K%P
戸惑う僕の耳に響く、優しい声。%K%P
戸惑う僕の耳に響く、優しい声。%K%P
さっきまで練習をしていたせいか、綾香さんの息も肌も火照っていて、なによりも、汗の臭いがする。%K%P
さっきまで練習をしていたせいか、綾香さんの息も肌も火照っていて、なによりも、汗の臭いがする。%K%P
力強く――――でも、どこか甘えるように、僕にぎゅっとしがみつく綾香さん。%K%P
力強く――――でも、どこか甘えるように、僕にぎゅっとしがみつく綾香さん。%K%P
それに応えたくて、僕も、その背中に手を回した。%K%P
それに応えたくて、僕も、その背中に手を回した。%K%P
「……明日は、きっと助けに来てね」%K%P
「……明日は、きっと助けに来てね」%K%P
「うん。絶対、助けにいくわ」%K%P
「うん。絶対、助けにいくわ」%K%P
決意を表すように、綾香さんの腕の力が強くなると、２人の身体がより密着する。%K%P
決意を表すように、綾香さんの腕の力が強くなると、２人の身体がより密着する。%K%P
重なる頬は温かくて、汗の臭いがますます強くなると、自然と、この前のエッチを思い出してしまった。%K%P
重なる頬は温かくて、汗の臭いがますます強くなると、自然と、この前のエッチを思い出してしまった。%K%P
あのときも、綾香さんはすごく汗ばんでいて、上気した肌がとても色っぽくて――――、%K%P
あのときも、綾香さんはすごく汗ばんでいて、上気した肌がとても色っぽくて――――、%K%P
「あっ……」%K%P
「あっ……」%K%P
どことなく艶っぽい吐息が耳にかかり、全身がびくっと震えた。%K%P
どことなく艶っぽい吐息が耳にかかり、全身がびくっと震えた。%K%P
「……いずみさんのあそこ、元気になってる」%K%P
「……いずみさんのあそこ、元気になってる」%K%P
その一言に、今度は心臓まで跳ねてしまった。%K%P
その一言に、今度は心臓まで跳ねてしまった。%K%P
「これは、その……」%K%P
「これは、その……」%K%P
「綾香さんをぎゅってしたら、この前の夜のこと、思い出しちゃって……」%K%P
「綾香さんをぎゅってしたら、この前の夜のこと、思い出しちゃって……」%K%P
なにもこんな時に、とは思うけど……好きな人の体温や匂いを前にして、身体はとても正直だった。%K%P
なにもこんな時に、とは思うけど……好きな人の体温や匂いを前にして、身体はとても正直だった。%K%P
「もう、いずみさんってば……」%K%P
「もう、いずみさんってば……」%K%P
「でも、みんなが帰ったあとで良かった……。さすがにこうなると、誤魔化しようがないもの」%K%P
「でも、みんなが帰ったあとで良かった……。さすがにこうなると、誤魔化しようがないもの」%K%P
「うん。これは、さすがに……」%K%P
「うん。これは、さすがに……」%K%P
深皇の制服のスカートは案外丈が短いから、１度勃起してしまうと本当に隠しようがない。%K%P
深皇の制服のスカートは案外丈が短いから、１度勃起してしまうと本当に隠しようがない。%K%P
「さすがに、このまま寮へ帰る……わけには、いかないわよね？」%K%P
「さすがに、このまま寮へ帰る……わけには、いかないわよね？」%K%P
「時間をおけば、治まると思うけど……」%K%P
「時間をおけば、治まると思うけど……」%K%P
「時間って……どのぐらい？」%K%P
「時間って……どのぐらい？」%K%P
「わからないけど……綾香さんと離れていれば、そのうち落ち着いて――――」%K%P
「わからないけど……綾香さんと離れていれば、そのうち落ち着いて――――」%K%P
「そんなのはダメ」%K%P
「そんなのはダメ」%K%P
「でも、綾香さんが側に居たら、どうしたって興奮しちゃうし……」%K%P
「でも、綾香さんが側に居たら、どうしたって興奮しちゃうし……」%K%P
「だからって、いずみさんと離れるのは嫌なの」%K%P
「だからって、いずみさんと離れるのは嫌なの」%K%P
そう言って、綾香さんはますます僕に抱きついた。%K%P
そう言って、綾香さんはますます僕に抱きついた。%K%P
「ねえ？　それなら、ここでしちゃいましょう？」%K%P
「ねえ？　それなら、ここでしちゃいましょう？」%K%P
「ここって……こ、ここ？　ここで？」%K%P
「ここって……こ、ここ？　ここで？」%K%P
当たり前だけど、僕たちがいるのは森の中だ。%K%P
当たり前だけど、僕たちがいるのは森の中だ。%K%P
「でも、こんなに大きくしたままじゃ寮に帰れないし……溜め込むのって、身体に毒なんでしょう？」%K%P
「でも、こんなに大きくしたままじゃ寮に帰れないし……溜め込むのって、身体に毒なんでしょう？」%K%P
「それは、出した方がすっきりするけど……」%K%P
「それは、出した方がすっきりするけど……」%K%P
「なら……ね？　いずみさんっ……」%K%P
「なら……ね？　いずみさんっ……」%K%P
「それに……このままじゃわたしも、我慢できそうにないから……」%K%P
「それに……このままじゃわたしも、我慢できそうにないから……」%K%P
その囁きはまさに必殺の一撃がごとく、ギリギリのところで堪えていた僕の理性を突き崩す。%K%P
その囁きはまさに必殺の一撃がごとく、ギリギリのところで堪えていた僕の理性を突き崩す。%K%P
甘くてズルい声音を僕の耳に残した綾香さんは、それからゆっくりと、膝を折ってしゃがみこんだ。%K%P
甘くてズルい声音を僕の耳に残した綾香さんは、それからゆっくりと、膝を折ってしゃがみこんだ。%K%P
「あぁ……」%K%P
「あぁ……」%K%P
スカートの中から現れた僕のペニスを見て、綾香さんが熱っぽい息を漏らす。%K%P
スカートの中から現れた僕のペニスを見て、綾香さんが熱っぽい息を漏らす。%K%P
勃起した竿の裏筋をくすぐる吐息は、腰が浮きそうなぐらい強い快感に変わった。%K%P
勃起した竿の裏筋をくすぐる吐息は、腰が浮きそうなぐらい強い快感に変わった。%K%P
「さ、さすがに恥ずかしいね……」%K%P
「さ、さすがに恥ずかしいね……」%K%P
まわりには誰もいないとわかっていても、野外で……というのは、どうしても緊張してしまう。%K%P
まわりには誰もいないとわかっていても、野外で……というのは、どうしても緊張してしまう。%K%P
「……照れてるいずみさんって、女の子よりも女の子らしいかも」%K%P
「……照れてるいずみさんって、女の子よりも女の子らしいかも」%K%P
「そっ、そんなこと……」%K%P
「そっ、そんなこと……」%K%P
膝をついて僕を見上げる綾香さんの視線は、普段にも増して、どこか悪戯っぽい。%K%P
膝をついて僕を見上げる綾香さんの視線は、普段にも増して、どこか悪戯っぽい。%K%P
持ち前の積極性は、こういう場面であっても、やっぱり自然と発揮されてしまうものらしい。%K%P
持ち前の積極性は、こういう場面であっても、やっぱり自然と発揮されてしまうものらしい。%K%P
「だからね、こうしていると、変な感じ……」%K%P
「だからね、こうしていると、変な感じ……」%K%P
「見慣れた制服のスカートから、こんなに大きなものが顔を出しているんだもの……」%K%P
「見慣れた制服のスカートから、こんなに大きなものが顔を出しているんだもの……」%K%P
「んっ……」%K%P
「んっ……」%K%P
触れてきた手の感触に、思わず声が出る。%K%P
触れてきた手の感触に、思わず声が出る。%K%P
「いずみさんの大切なところ、もっと近くで……」%K%P
「いずみさんの大切なところ、もっと近くで……」%K%P
元気に上を向いていたペニスを優しく握った綾香さんは、その角度をゆっくりと下げていく。%K%P
元気に上を向いていたペニスを優しく握った綾香さんは、その角度をゆっくりと下げていく。%K%P
やがて唇の前に亀頭がやってくると、綾香さんはほんの少しだけ迷ってから、そこに口付けた。%K%P
やがて唇の前に亀頭がやってくると、綾香さんはほんの少しだけ迷ってから、そこに口付けた。%K%P
「れるっ……んっ、あっ……はむっ、んっ……」%K%P
「れるっ……んっ、あっ……はむっ、んっ……」%K%P
唇の隙間から現れた舌が、確かめるように少しずつ、僕の亀頭を舐めていく。%K%P
唇の隙間から現れた舌が、確かめるように少しずつ、僕の亀頭を舐めていく。%K%P
「はむっ……ちゅっ、ちるるっ……ん、ちゅぱっ、ちゅっ……れるっ、んっ……」%K%P
「はむっ……ちゅっ、ちるるっ……ん、ちゅぱっ、ちゅっ……れるっ、んっ……」%K%P
すぼめた唇と舌がペニスの先端を丁寧に濡らしていくと、唾液と一緒に、快感が広がっていった。%K%P
すぼめた唇と舌がペニスの先端を丁寧に濡らしていくと、唾液と一緒に、快感が広がっていった。%K%P
「あぁ……あそこ、すごくあったかい……」%K%P
「あぁ……あそこ、すごくあったかい……」%K%P
「それに、手でしこしこしたときよりも、びくん、ぶるぶるって、いっぱい震えて……」%K%P
「それに、手でしこしこしたときよりも、びくん、ぶるぶるって、いっぱい震えて……」%K%P
「舌でされるの、そんなに気持ち良い……？」%K%P
「舌でされるの、そんなに気持ち良い……？」%K%P
「じゃあ、もっといっぱい……れるるっ、んっ」%K%P
「じゃあ、もっといっぱい……れるるっ、んっ」%K%P
「ちゅぱっ、れむっ……さきっぽも、裏側も……丁寧に……ぺろっ、ちゅむ、れるれるっ……」%K%P
「ちゅぱっ、れむっ……さきっぽも、裏側も……丁寧に……ぺろっ、ちゅむ、れるれるっ……」%K%P
最初は不安そうに舐めていた綾香さんだけど、僕が頷いた後は、舌の触れる面積が大きくなった。%K%P
最初は不安そうに舐めていた綾香さんだけど、僕が頷いた後は、舌の触れる面積が大きくなった。%K%P
たぶん、最初はおっかなびっくりで……でも、僕が気持ち良いとわかった後は、自信がついたんだろう。%K%P
たぶん、最初はおっかなびっくりで……でも、僕が気持ち良いとわかった後は、自信がついたんだろう。%K%P
「綾香さんは？　舐めるの、どんな感じ……？」%K%P
「綾香さんは？　舐めるの、どんな感じ……？」%K%P
「んっと……すっごく、ドキドキしてる……」%K%P
「んっと……すっごく、ドキドキしてる……」%K%P
「舐めていると、あそこがいっぱい、びくびくって震えるんだけど、それが嬉しくて……」%K%P
「舐めていると、あそこがいっぱい、びくびくって震えるんだけど、それが嬉しくて……」%K%P
「手でこすこす撫でていたときと同じように、もっと震えて欲しくて、自然と舌が動いちゃう……」%K%P
「手でこすこす撫でていたときと同じように、もっと震えて欲しくて、自然と舌が動いちゃう……」%K%P
「わたし、いずみさんの気持ちいい声と顔、すごく好きだから……」%K%P
「わたし、いずみさんの気持ちいい声と顔、すごく好きだから……」%K%P
「そっ、そうなんだ……」%K%P
「そっ、そうなんだ……」%K%P
照れくさいけど、嬉しすぎる告白。%K%P
照れくさいけど、嬉しすぎる告白。%K%P
「んっ……だから、いっぱいしてあげる……」%K%P
「んっ……だから、いっぱいしてあげる……」%K%P
「ちゅっ、れるっ……んっ、はぁ、あむっ……んっ、ちゅっ、ちゅるるっ……ちゅむっ」%K%P
「ちゅっ、れるっ……んっ、はぁ、あむっ……んっ、ちゅっ、ちゅるるっ……ちゅむっ」%K%P
うっとりと呟いた綾香さんの唇が、本当に丁寧に、僕の亀頭を挟んでいく。%K%P
うっとりと呟いた綾香さんの唇が、本当に丁寧に、僕の亀頭を挟んでいく。%K%P
なによりも、自分の大切なところを舐める綾香さん、という光景そのものが、僕を興奮させた。%K%P
なによりも、自分の大切なところを舐める綾香さん、という光景そのものが、僕を興奮させた。%K%P
「あっ……さきっぽの割れ目から、透明なおつゆが、とろって……れるっ、ちゅっ……」%K%P
「あっ……さきっぽの割れ目から、透明なおつゆが、とろって……れるっ、ちゅっ……」%K%P
「これが出てきた、ってことは、いずみさんは気持ち良い、ってことよね……？」%K%P
「これが出てきた、ってことは、いずみさんは気持ち良い、ってことよね……？」%K%P
「そんなの、最初からずっとっ……」%K%P
「そんなの、最初からずっとっ……」%K%P
「くすっ。じゃあ、もっといっぱい出してもらえるように……れるるっ、んっ、んむっ……」%K%P
「くすっ。じゃあ、もっといっぱい出してもらえるように……れるるっ、んっ、んむっ……」%K%P
嬉しそうに微笑んだ綾香さんは、舌先を伸ばし、尿道口をなぞるように愛撫する。%K%P
嬉しそうに微笑んだ綾香さんは、舌先を伸ばし、尿道口をなぞるように愛撫する。%K%P
唇の柔らかさや舌の湿り気が生み出す快感が、染みこむように、ペニスから全身へと広がっていった。%K%P
唇の柔らかさや舌の湿り気が生み出す快感が、染みこむように、ペニスから全身へと広がっていった。%K%P
「あ、すごい……カウパー、どんどん溢れて……はぁ、んっ、とろとろおつゆ、いっぱいっ……」%K%P
「あ、すごい……カウパー、どんどん溢れて……はぁ、んっ、とろとろおつゆ、いっぱいっ……」%K%P
「んっ……ちるるっ、じゅむっ……あっ、このままじゃ垂れちゃうっ……んんっ」%K%P
「んっ……ちるるっ、じゅむっ……あっ、このままじゃ垂れちゃうっ……んんっ」%K%P
溶けていく棒アイスを舐めるように、綾香さんが懸命に我慢汁を舌で絡め取る。%K%P
溶けていく棒アイスを舐めるように、綾香さんが懸命に我慢汁を舌で絡め取る。%K%P
けど、それでは追いつかないと判断したらしく、綾香さんは口を開くと、そのままペニスを――――、%K%P
けど、それでは追いつかないと判断したらしく、綾香さんは口を開くと、そのままペニスを――――、%K%P
「んむっ、んっ……ちるるっ、じゅむっ……れるっ、れるるっ……はぁ、んくっ」%K%P
「んむっ、んっ……ちるるっ、じゅむっ……れるっ、れるるっ……はぁ、んくっ」%K%P
亀頭をちろちろ舐めていた舌がいっきにカリ首あたりまで届き、快感に腰が砕けそうになる。%K%P
亀頭をちろちろ舐めていた舌がいっきにカリ首あたりまで届き、快感に腰が砕けそうになる。%K%P
「あ、綾香さんッ、いきなりっ……」%K%P
「あ、綾香さんッ、いきなりっ……」%K%P
「んっ……ん、だって、こうしないと、垂れてしまいそうだったからっ……」%K%P
「んっ……ん、だって、こうしないと、垂れてしまいそうだったからっ……」%K%P
頬張られたまま喋られると、竿の表面と歯がこすれて、強い刺激に腰が跳ねる。%K%P
頬張られたまま喋られると、竿の表面と歯がこすれて、強い刺激に腰が跳ねる。%K%P
「綾香さん、歯、歯をっ……」%K%P
「綾香さん、歯、歯をっ……」%K%P
「んっ……あっ、ぅんっ……」%K%P
「んっ……あっ、ぅんっ……」%K%P
小さく頷いた綾香さんは、僕の腰に顔を寄せ、さらに深く息子を頬張った。%K%P
小さく頷いた綾香さんは、僕の腰に顔を寄せ、さらに深く息子を頬張った。%K%P
「あむっ……ふぐっ、んっ……れるる、ちぱっ……ちゅむっ……ふっ、んーんっ……」%K%P
「あむっ……ふぐっ、んっ……れるる、ちぱっ……ちゅむっ……ふっ、んーんっ……」%K%P
「れるっ……あっ、やふっ、びくって……んぐっ、んっ……れる、ぢるるっ」%K%P
「れるっ……あっ、やふっ、びくって……んぐっ、んっ……れる、ぢるるっ」%K%P
ときおり音を立てながら、綾香さんが僕のカウパーを丁寧にすすっていく。%K%P
ときおり音を立てながら、綾香さんが僕のカウパーを丁寧にすすっていく。%K%P
その姿だけで、頭がくらくらしてしてきた。%K%P
その姿だけで、頭がくらくらしてしてきた。%K%P
「んっ……んぐっ、んふっ……ふっ、はぁ……」%K%P
「んっ……んぐっ、んふっ……ふっ、はぁ……」%K%P
きっちりと舐めきったのか、綾香さんがゆっくりと僕のペニスから唇を離す。%K%P
きっちりと舐めきったのか、綾香さんがゆっくりと僕のペニスから唇を離す。%K%P
「はっ、ふぅ……ごめんなさい。垂らしてしまいそうだったから、つい、とっさに……」%K%P
「はっ、ふぅ……ごめんなさい。垂らしてしまいそうだったから、つい、とっさに……」%K%P
いきなり咥えこんだ理由は、やっぱり僕の思った通りの理由だったみたいだ。%K%P
いきなり咥えこんだ理由は、やっぱり僕の思った通りの理由だったみたいだ。%K%P
「歯、当たっちゃったのよね？　大丈夫だった？」%K%P
「歯、当たっちゃったのよね？　大丈夫だった？」%K%P
「それは平気だったんだけど……」%K%P
「それは平気だったんだけど……」%K%P
「けど……？」%K%P
「けど……？」%K%P
「その……もっと、しゃぶってもらっていい？」%K%P
「その……もっと、しゃぶってもらっていい？」%K%P
恥ずかしいけど、それでも頼まずにはいられない。%K%P
恥ずかしいけど、それでも頼まずにはいられない。%K%P
しっかりと根本まで咥えられる感覚は、それぐらい心地良くて、癖になりそうだった。%K%P
しっかりと根本まで咥えられる感覚は、それぐらい心地良くて、癖になりそうだった。%K%P
「んっ……いずみさんのお願いなら、いくらでも」%K%P
「んっ……いずみさんのお願いなら、いくらでも」%K%P
「今度はちゃんと、歯を立てないようにして――」%K%P
「今度はちゃんと、歯を立てないようにして――」%K%P
「あーんっ、んむっ、んっ……」%K%P
「あーんっ、んむっ、んっ……」%K%P
濡れた亀頭に息が掛かって、それにゾクッと震えた直後、今度はぬくもりが僕を包み込む。%K%P
濡れた亀頭に息が掛かって、それにゾクッと震えた直後、今度はぬくもりが僕を包み込む。%K%P
「んむっ、じゅむっ……んんんっ、れるるっ……」%K%P
「んむっ、じゅむっ……んんんっ、れるるっ……」%K%P
「あっ、口の中で、びくびく……はふっ、んんっ」%K%P
「あっ、口の中で、びくびく……はふっ、んんっ」%K%P
根本までしっかり咥えた分、竿の挙動がよくわかるらしく、綾香さんがわずかに目を細める。%K%P
根本までしっかり咥えた分、竿の挙動がよくわかるらしく、綾香さんがわずかに目を細める。%K%P
その仕草がとても色っぽくて見惚れていると、視線に気付いたのか、綾香さんが僕を見上げた。%K%P
その仕草がとても色っぽくて見惚れていると、視線に気付いたのか、綾香さんが僕を見上げた。%K%P
「いずみさんの、とってもおいしい……」%K%P
「いずみさんの、とってもおいしい……」%K%P
「んッ……」%K%P
「んッ……」%K%P
反則的な言葉に、思わず息を呑んでしまう。%K%P
反則的な言葉に、思わず息を呑んでしまう。%K%P
言われて初めてわかったけど、自分のあそこを美味しいって表現されるのは、猛烈にくすぐったい。%K%P
言われて初めてわかったけど、自分のあそこを美味しいって表現されるのは、猛烈にくすぐったい。%K%P
「んっ……あっ、いきなりいっぱい、ぶるって……はふっ、んっ……やっ、ああっ……れるるっ」%K%P
「んっ……あっ、いきなりいっぱい、ぶるって……はふっ、んっ……やっ、ああっ……れるるっ」%K%P
「ごっ、ごめんねっ……？　美味しいって言われて、ドキっとして……」%K%P
「ごっ、ごめんねっ……？　美味しいって言われて、ドキっとして……」%K%P
「んっ……ううん、平気……。いずみさんが、それで気持ち良くなってくれるなら……」%K%P
「んっ……ううん、平気……。いずみさんが、それで気持ち良くなってくれるなら……」%K%P
「もっともっと、おいしいの、ちょうだい……？」%K%P
「もっともっと、おいしいの、ちょうだい……？」%K%P
「はぅっ……」%K%P
「はぅっ……」%K%P
おねだりの声は僕の性器を振るわせて、それだけで腰が浮きそうになる。%K%P
おねだりの声は僕の性器を振るわせて、それだけで腰が浮きそうになる。%K%P
快感の波を作り出す綾香さんの唇と舌に、身も心も染め上げられてしまいそうだった。%K%P
快感の波を作り出す綾香さんの唇と舌に、身も心も染め上げられてしまいそうだった。%K%P
「はっ……あ、いずみさんのが、わたしの口の中で、びくって……はふっ、んっ……」%K%P
「はっ……あ、いずみさんのが、わたしの口の中で、びくって……はふっ、んっ……」%K%P
「舌でころころすると、びくびく、びくんって……すごい、また、おっきくっ……ふくっ、はあっ」%K%P
「舌でころころすると、びくびく、びくんって……すごい、また、おっきくっ……ふくっ、はあっ」%K%P
先端中心だった舌による愛撫が、だんだんと根本のほうにまでやってくる。%K%P
先端中心だった舌による愛撫が、だんだんと根本のほうにまでやってくる。%K%P
その快感は痛いぐらいに鮮烈で、さらに勃起していくペニスが、綾香さんの唇をぐいぐい押し開く。%K%P
その快感は痛いぐらいに鮮烈で、さらに勃起していくペニスが、綾香さんの唇をぐいぐい押し開く。%K%P
「んっ……ふはっ、むっ……いずみさんのあそこ、とってもガチガチで、いまにも射精しそう……」%K%P
「んっ……ふはっ、むっ……いずみさんのあそこ、とってもガチガチで、いまにも射精しそう……」%K%P
「あ、綾香さん、僕、ホントにっ……」%K%P
「あ、綾香さん、僕、ホントにっ……」%K%P
綾香さんの言う通り、玉袋が精子を出したがってうずうずし始めている。%K%P
綾香さんの言う通り、玉袋が精子を出したがってうずうずし始めている。%K%P
「それならいずみさん、このまま出して」%K%P
「それならいずみさん、このまま出して」%K%P
「でも、そんなことしたら……」%K%P
「でも、そんなことしたら……」%K%P
「んっ……わかってるからこそ、お願いしてるの」%K%P
「んっ……わかってるからこそ、お願いしてるの」%K%P
「大丈夫よ、どんなにいっぱい出ても、ちゃーんと口で、全部受け止めてみせるからっ……」%K%P
「大丈夫よ、どんなにいっぱい出ても、ちゃーんと口で、全部受け止めてみせるからっ……」%K%P
「だからこのまま、わたしの口に……じるっ、じゅぷっ、んーむっ」%K%P
「だからこのまま、わたしの口に……じるっ、じゅぷっ、んーむっ」%K%P
「やっ、ふやっ……？！」%K%P
「やっ、ふやっ……？！」%K%P
まるで予行演習でもするように、綾香さんが少し強めに僕のことを吸い上げる。%K%P
まるで予行演習でもするように、綾香さんが少し強めに僕のことを吸い上げる。%K%P
「んぐっ、れるるっ……じゅぷっ、ちゅるるっ」%K%P
「んぐっ、れるるっ……じゅぷっ、ちゅるるっ」%K%P
「やっ、はっ……わ、わかったから、そんなにしちゃ、ホントに出ちゃうってばっ……！」%K%P
「やっ、はっ……わ、わかったから、そんなにしちゃ、ホントに出ちゃうってばっ……！」%K%P
「くすっ……わたしは出して欲しくておしゃぶりしてるんだから、それでいいのっ……」%K%P
「くすっ……わたしは出して欲しくておしゃぶりしてるんだから、それでいいのっ……」%K%P
「だからお願いっ……このままわたしの口に、たっぷりたっぷり、いずみさんの熱いのをっ……」%K%P
「だからお願いっ……このままわたしの口に、たっぷりたっぷり、いずみさんの熱いのをっ……」%K%P
「この前よりたくさん、びゅくびゅくって……濃いのいっぱい、わたしにちょうだいっ……？」%K%P
「この前よりたくさん、びゅくびゅくって……濃いのいっぱい、わたしにちょうだいっ……？」%K%P
「わたし、たくさん出してもらうために、もっといっぱいっ……れるっ、んっ……ちるるるぅっ」%K%P
「わたし、たくさん出してもらうために、もっといっぱいっ……れるっ、んっ……ちるるるぅっ」%K%P
添わせた舌が裏筋をなぞるように前後すると、お尻の穴ごと腰が強張った。%K%P
添わせた舌が裏筋をなぞるように前後すると、お尻の穴ごと腰が強張った。%K%P
この短い間に、綾香さんの唇と舌は、僕自身も知らなかった快感スポットをいくつも探り当てていく。%K%P
この短い間に、綾香さんの唇と舌は、僕自身も知らなかった快感スポットをいくつも探り当てていく。%K%P
「あっ、出る、出ちゃうよ綾香さんッ……」%K%P
「あっ、出る、出ちゃうよ綾香さんッ……」%K%P
綾香さんの口の中に、射精――――その瞬間を想像しただけで、全身が一気に熱を帯びた。%K%P
綾香さんの口の中に、射精――――その瞬間を想像しただけで、全身が一気に熱を帯びた。%K%P
「れるっ……んっ、いいわ、このまま遠慮しないで、いっぱいっ……はむっ、んーんっ」%K%P
「れるっ……んっ、いいわ、このまま遠慮しないで、いっぱいっ……はむっ、んーんっ」%K%P
「わたしの口いっぱいに、いずみさんの熱いの、びゅくって、いっぱいちょうだいっ……」%K%P
「わたしの口いっぱいに、いずみさんの熱いの、びゅくって、いっぱいちょうだいっ……」%K%P
「んんッ……！」%K%P
「んんッ……！」%K%P
「あっ、ああっ……あそこ、こんなっ……はっ、びくって……ふくっ、ぐっ、んんッ！」%K%P
「あっ、ああっ……あそこ、こんなっ……はっ、びくって……ふくっ、ぐっ、んんッ！」%K%P
「んぐっ……んッ……あついの、たくさんっ……はふっ、んっ、んくっ……んっ、んむっ……」%K%P
「んぐっ……んッ……あついの、たくさんっ……はふっ、んっ、んくっ……んっ、んむっ……」%K%P
「ふっ……んんっ、んっ……はぁ、すごい、こぼれちゃいそうなぐらい、とろとろがいっぱい……」%K%P
「ふっ……んんっ、んっ……はぁ、すごい、こぼれちゃいそうなぐらい、とろとろがいっぱい……」%K%P
綾香さんが咽を鳴らすたび、彼女の口内を満たしていた精子が、少しずつ減っていく。%K%P
綾香さんが咽を鳴らすたび、彼女の口内を満たしていた精子が、少しずつ減っていく。%K%P
射精の瞬間に激しく暴れた僕の竿を、綾香さんはしっかりと咥え込んで、けして離さなかった。%K%P
射精の瞬間に激しく暴れた僕の竿を、綾香さんはしっかりと咥え込んで、けして離さなかった。%K%P
「じゅむっ……んくっ、んっ……はっ、ふぅ……」%K%P
「じゅむっ……んくっ、んっ……はっ、ふぅ……」%K%P
「ふはっ、はぁ……ほら、ね？　ちゃんとぜんぶ、受け止められたでしょ……？」%K%P
「ふはっ、はぁ……ほら、ね？　ちゃんとぜんぶ、受け止められたでしょ……？」%K%P
ちょっと控えめに、綾香さんが口を開く。%K%P
ちょっと控えめに、綾香さんが口を開く。%K%P
確かにたくさん出したはずなのに……そこにはもう、僕の精子はほとんど残っていなかった。%K%P
確かにたくさん出したはずなのに……そこにはもう、僕の精子はほとんど残っていなかった。%K%P
「すごい、綾香さん……」%K%P
「すごい、綾香さん……」%K%P
射精まで導いてくれたことはもちろん、精子をすべて飲み干してしまったことに、なんともいえない喜びと充実感を得てしまう。%K%P
射精まで導いてくれたことはもちろん、精子をすべて飲み干してしまったことに、なんともいえない喜びと充実感を得てしまう。%K%P
「あっ、待って。まだちょっと残ってるかも……」%K%P
「あっ、待って。まだちょっと残ってるかも……」%K%P
「あっ、ひやッ……？！」%K%P
「あっ、ひやッ……？！」%K%P
「ちるっ……ちゅっ、んっ……れるるっ、れるっ」%K%P
「ちるっ……ちゅっ、んっ……れるるっ、れるっ」%K%P
亀頭の割れ目から垂れ落ちるザーメンを見つけた綾香さんが、迷わずそこに口付ける。%K%P
亀頭の割れ目から垂れ落ちるザーメンを見つけた綾香さんが、迷わずそこに口付ける。%K%P
そのまま舌を這わせると、まるで磨くように、残っていた精子を丁寧に舐めとってくれた。%K%P
そのまま舌を這わせると、まるで磨くように、残っていた精子を丁寧に舐めとってくれた。%K%P
「……うん。これで正真正銘、おしまいみたい」%K%P
「……うん。これで正真正銘、おしまいみたい」%K%P
「あ、ありがと……」%K%P
「あ、ありがと……」%K%P
絶頂後の竿はひどく敏感だから、ソフトタッチのキスだけでも、かなりの快感だった。%K%P
絶頂後の竿はひどく敏感だから、ソフトタッチのキスだけでも、かなりの快感だった。%K%P
「……じゃあ、今度はいずみさんの番」%K%P
「……じゃあ、今度はいずみさんの番」%K%P
「えっ？」%K%P
「えっ？」%K%P
「もう……最初に言ったでしょ？　わたしも、我慢できなくなりそう、って……」%K%P
「もう……最初に言ったでしょ？　わたしも、我慢できなくなりそう、って……」%K%P
「だから、ね？　……お願い、いずみさん」%K%P
「だから、ね？　……お願い、いずみさん」%K%P
射精したばかりのペニスに頬を寄せ、まるで頬ずりをするように僕を見上げる綾香さん。%K%P
射精したばかりのペニスに頬を寄せ、まるで頬ずりをするように僕を見上げる綾香さん。%K%P
それはこの上ない可愛さと色香に満ちて、僕はもう、頷く以外の選択肢を選べなかった。%K%P
それはこの上ない可愛さと色香に満ちて、僕はもう、頷く以外の選択肢を選べなかった。%K%P
「いずみさん、このまま……」%K%P
「いずみさん、このまま……」%K%P
鎧をつけたまま、綾香さんが僕にお尻を向ける。%K%P
鎧をつけたまま、綾香さんが僕にお尻を向ける。%K%P
木に手をついた姿勢といい、ちょっと恥じらった表情といい、本当に……エッチでズルい。%K%P
木に手をついた姿勢といい、ちょっと恥じらった表情といい、本当に……エッチでズルい。%K%P
「せめて、鎧は脱いだ方が……」%K%P
「せめて、鎧は脱いだ方が……」%K%P
「大丈夫よ、軽いから」%K%P
「大丈夫よ、軽いから」%K%P
「それに……鎧を脱いだ後、それをもう１度着る自信も、持って運ぶ自信もないから」%K%P
「それに……鎧を脱いだ後、それをもう１度着る自信も、持って運ぶ自信もないから」%K%P
綾香さんの呟きには、そうなってしまうぐらい激しくして欲しい……という願望が隠されている気がして、思わず咽が鳴ってしまう。%K%P
綾香さんの呟きには、そうなってしまうぐらい激しくして欲しい……という願望が隠されている気がして、思わず咽が鳴ってしまう。%K%P
「じゃあ――」%K%P
「じゃあ――」%K%P
綾香さんのお尻を撫でるように手を添えたあと、そのまま、そっと腰を近寄せる。%K%P
綾香さんのお尻を撫でるように手を添えたあと、そのまま、そっと腰を近寄せる。%K%P
射精したばかりなのに、息子は硬さを失うことなく、ぴったりと綾香さんの秘所に寄り添った。%K%P
射精したばかりなのに、息子は硬さを失うことなく、ぴったりと綾香さんの秘所に寄り添った。%K%P
「やっ、はぁんッ……」%K%P
「やっ、はぁんッ……」%K%P
「あっ……すごい、濡れてる……」%K%P
「あっ……すごい、濡れてる……」%K%P
吐息と一緒に溢れる愛液が優しく亀頭を包んで、綾香さんの準備が整っていることを教えてくれる。%K%P
吐息と一緒に溢れる愛液が優しく亀頭を包んで、綾香さんの準備が整っていることを教えてくれる。%K%P
「舐めてる間、ずっとドキドキしてたから……」%K%P
「舐めてる間、ずっとドキドキしてたから……」%K%P
「お願い、いずみさん。焦らさないで、早く……」%K%P
「お願い、いずみさん。焦らさないで、早く……」%K%P
「でないとわたし、このままいずみさんに腰をすり寄せてしまいそう……」%K%P
「でないとわたし、このままいずみさんに腰をすり寄せてしまいそう……」%K%P
「待って、いまっ……」%K%P
「待って、いまっ……」%K%P
腰に力を入れると、膝で支えるようにして、綾香さんの中へ入り込む。%K%P
腰に力を入れると、膝で支えるようにして、綾香さんの中へ入り込む。%K%P
「はあッ……あ、くぅんッ……ンんっ」%K%P
「はあッ……あ、くぅんッ……ンんっ」%K%P
押し込むほど、びくっと震える綾香さんの身体。%K%P
押し込むほど、びくっと震える綾香さんの身体。%K%P
亀頭によって広がった秘裂の内側は、僕の息子を、優しく温かく迎えてくれる。%K%P
亀頭によって広がった秘裂の内側は、僕の息子を、優しく温かく迎えてくれる。%K%P
「いずみさん……そのまま、もっとっ……」%K%P
「いずみさん……そのまま、もっとっ……」%K%P
初体験の感覚をなぞりながら、綾香さんの中に、ゆっくりと自分の物を滑り込ませていく。%K%P
初体験の感覚をなぞりながら、綾香さんの中に、ゆっくりと自分の物を滑り込ませていく。%K%P
快楽を求める本能と、優しくしたい理性を織り交ぜながら、乱暴にならない程度の強さで、奥を目指す。%K%P
快楽を求める本能と、優しくしたい理性を織り交ぜながら、乱暴にならない程度の強さで、奥を目指す。%K%P
「ああっ……あっ、あくっ、んぅんッ……！」%K%P
「ああっ……あっ、あくっ、んぅんッ……！」%K%P
「いずみさんの、この前より、もっと、おっきぃっ……はっ、ああっ……」%K%P
「いずみさんの、この前より、もっと、おっきぃっ……はっ、ああっ……」%K%P
「綾香さんも、前よりとろとろしててっ……」%K%P
「綾香さんも、前よりとろとろしててっ……」%K%P
水音を立てながら押し込むたび、膣内の圧と熱が、息子ごと僕の神経を包囲していく。%K%P
水音を立てながら押し込むたび、膣内の圧と熱が、息子ごと僕の神経を包囲していく。%K%P
夕暮れの森に響く声は少し控えめだけど、それがかえって、秘め事の背徳感を強調していた。%K%P
夕暮れの森に響く声は少し控えめだけど、それがかえって、秘め事の背徳感を強調していた。%K%P
「お願い、もっとぴったりくっついて、奥にっ……わたしの、いちばん奥までっ……」%K%P
「お願い、もっとぴったりくっついて、奥にっ……わたしの、いちばん奥までっ……」%K%P
ペニスが根本まで隠れるぐらい挿入したら、そこからさらに、腰を寄せてひとつになっていく。%K%P
ペニスが根本まで隠れるぐらい挿入したら、そこからさらに、腰を寄せてひとつになっていく。%K%P
「あっ、ああっ……いずみさんの身体が、わたしのお尻、ぎゅうってっ……ん、はぁっ」%K%P
「あっ、ああっ……いずみさんの身体が、わたしのお尻、ぎゅうってっ……ん、はぁっ」%K%P
「んくっ……ふっ、はあっ……あ、ああっ」%K%P
「んくっ……ふっ、はあっ……あ、ああっ」%K%P
僕の動きが大きくなるほど、綾香さんの喘ぎ声も大きくなっていく。%K%P
僕の動きが大きくなるほど、綾香さんの喘ぎ声も大きくなっていく。%K%P
その同調が心地良くて、自分の快感よりも綾香さんのことを想いながら、懸命に挿抜を繰り返した。%K%P
その同調が心地良くて、自分の快感よりも綾香さんのことを想いながら、懸命に挿抜を繰り返した。%K%P
「んっ……はあっ、いずみさんのが動くたび、あそこが、きゅうって……はっ、ああっ」%K%P
「んっ……はあっ、いずみさんのが動くたび、あそこが、きゅうって……はっ、ああっ」%K%P
「お願い、いずみさんっ……わたしにもっと、いずみさんをちょうだいっ……？」%K%P
「お願い、いずみさんっ……わたしにもっと、いずみさんをちょうだいっ……？」%K%P
「頭の中も、あそこの中も、ぜんぶぜんぶ、いずみさんで、いっぱいになりたいっ……」%K%P
「頭の中も、あそこの中も、ぜんぶぜんぶ、いずみさんで、いっぱいになりたいっ……」%K%P
「綾香さんッ……」%K%P
「綾香さんッ……」%K%P
「はあッ、あっ、すごいっ……これ、奥に……やっ、んぐ、ふっ……ああっ」%K%P
「はあッ、あっ、すごいっ……これ、奥に……やっ、んぐ、ふっ……ああっ」%K%P
愛らしく悶える綾香さんは、両腕のかわりに、膣でしっかりと僕のことを抱きしめてくる。%K%P
愛らしく悶える綾香さんは、両腕のかわりに、膣でしっかりと僕のことを抱きしめてくる。%K%P
熱烈なハグに擦られたペニスは、ますます勃起しながら、綾香さんの膣内を何度も何度も往復した。%K%P
熱烈なハグに擦られたペニスは、ますます勃起しながら、綾香さんの膣内を何度も何度も往復した。%K%P
「ああっ、これ、すごっ……んぅんっ」%K%P
「ああっ、これ、すごっ……んぅんっ」%K%P
「んっ……やっ、わたしのあそこ、じゅぶじゅぶ、音がっ……はっ、んっ、いっぱいっ……」%K%P
「んっ……やっ、わたしのあそこ、じゅぶじゅぶ、音がっ……はっ、んっ、いっぱいっ……」%K%P
溢れる愛液の音でリズムとペースを作ろうとするけれど、綾香さんの膣内の熱に意識が溺れていく。%K%P
溢れる愛液の音でリズムとペースを作ろうとするけれど、綾香さんの膣内の熱に意識が溺れていく。%K%P
喘ぐ声と、お尻と腰がぶつかる音が混ざりあって、耳からも快感が流れ込んでくる。%K%P
喘ぐ声と、お尻と腰がぶつかる音が混ざりあって、耳からも快感が流れ込んでくる。%K%P
だけど、今はなによりも目の前の光景がずるい。%K%P
だけど、今はなによりも目の前の光景がずるい。%K%P
「はあっ……やっ、すごっ……後ろからずんずんされるたび、あそこ、熱くっ……」%K%P
「はあっ……やっ、すごっ……後ろからずんずんされるたび、あそこ、熱くっ……」%K%P
「いずみさんのが、わたしの奥、とんとんっ……はあっ、おっきっ……いっ、はあっ」%K%P
「いずみさんのが、わたしの奥、とんとんっ……はあっ、おっきっ……いっ、はあっ」%K%P
「気持ち良いのが、いっぱいっ……びゅくん、って、はあっ、すごいの、いずみさんっ……」%K%P
「気持ち良いのが、いっぱいっ……びゅくん、って、はあっ、すごいの、いずみさんっ……」%K%P
「うんっ……僕も、これ、すごいっ……」%K%P
「うんっ……僕も、これ、すごいっ……」%K%P
鎧をつけたまま艶やかに喘ぐ綾香さんの姿が、僕の脳をこの上なく痺れさせる。%K%P
鎧をつけたまま艶やかに喘ぐ綾香さんの姿が、僕の脳をこの上なく痺れさせる。%K%P
{騎士:ワルキュリア}としての凛々しい振る舞いを知っているからこそ、その姿で喘ぐ綾香さんに興奮してしまう。%K%P
{騎士:ワルキュリア}としての凛々しい振る舞いを知っているからこそ、その姿で喘ぐ綾香さんに興奮してしまう。%K%P
あの綾香さんが、僕の腰の動きに合わせて、こんなに可愛く乱れているなんて――――、%K%P
あの綾香さんが、僕の腰の動きに合わせて、こんなに可愛く乱れているなんて――――、%K%P
「綾香さん、僕、イキそうっ……」%K%P
「綾香さん、僕、イキそうっ……」%K%P
「んっ……なら、わたしも、いっしょにっ……」%K%P
「んっ……なら、わたしも、いっしょにっ……」%K%P
「わたしのこと、好きにしていいからっ……このまま一緒に……お願い、いずみさんっ」%K%P
「わたしのこと、好きにしていいからっ……このまま一緒に……お願い、いずみさんっ」%K%P
身を委ねてくれる信頼に応えたくて、自分にできる精一杯を模索するように、懸命に腰を使う。%K%P
身を委ねてくれる信頼に応えたくて、自分にできる精一杯を模索するように、懸命に腰を使う。%K%P
限界が近づく股間は震えがとまらなくて、それすらもすべて、綾香さんに注ぎ込んだ。%K%P
限界が近づく股間は震えがとまらなくて、それすらもすべて、綾香さんに注ぎ込んだ。%K%P
「あっ、ああっ、やっ……いずみさんっ、いっしょっ、いっしょにっ……はあっ、やっ、ああっ」%K%P
「あっ、ああっ、やっ……いずみさんっ、いっしょっ、いっしょにっ……はあっ、やっ、ああっ」%K%P
「わたしの中に、たっぷりっ……お願い、いずみさんの、いっぱいっ……はっ、ああっ」%K%P
「わたしの中に、たっぷりっ……お願い、いずみさんの、いっぱいっ……はっ、ああっ」%K%P
「ああッ、あッ……ひゃっ、くうっ……あっ、いくっ、いっ、イッちゃっ、はぁ、ああッ……！！」%K%P
「ああッ、あッ……ひゃっ、くうっ……あっ、いくっ、いっ、イッちゃっ、はぁ、ああッ……！！」%K%P
「はあッ……！　あっ、はあっ……あ、ああぁ……んっ……あ、ああっ、びゅくって……んんっ」%K%P
「はあッ……！　あっ、はあっ……あ、ああぁ……んっ……あ、ああっ、びゅくって……んんっ」%K%P
「わたしの中、びゅくびゅく、いっぱいっ……熱いのが、いっぱいっ……」%K%P
「わたしの中、びゅくびゅく、いっぱいっ……熱いのが、いっぱいっ……」%K%P
木に寄り掛かるように身体を預け、綾香さんが乱れた呼吸を整える。%K%P
木に寄り掛かるように身体を預け、綾香さんが乱れた呼吸を整える。%K%P
情けないけど、僕はそんな綾香さんに寄りかかるしか、身体を支える方法がなかった。%K%P
情けないけど、僕はそんな綾香さんに寄りかかるしか、身体を支える方法がなかった。%K%P
「んっ……すごい、たくさん過ぎて、あそこから、あふれちゃってる……」%K%P
「んっ……すごい、たくさん過ぎて、あそこから、あふれちゃってる……」%K%P
「わ、ほんと、こんなに……」%K%P
「わ、ほんと、こんなに……」%K%P
挿入したままなのに、結合部の隙間から溢れる精子が、綾香さんの内股に垂れていく。%K%P
挿入したままなのに、結合部の隙間から溢れる精子が、綾香さんの内股に垂れていく。%K%P
「……いずみさん、気持ち良かった……？」%K%P
「……いずみさん、気持ち良かった……？」%K%P
「うん……」%K%P
「うん……」%K%P
「なら……ムラムラしたのも、すっきりした？」%K%P
「なら……ムラムラしたのも、すっきりした？」%K%P
「しすぎちゃって、このままだと寮まで歩けるか、ちょっと不安かも……」%K%P
「しすぎちゃって、このままだと寮まで歩けるか、ちょっと不安かも……」%K%P
「んっ……くすっ。実は、わたしも……」%K%P
「んっ……くすっ。実は、わたしも……」%K%P
照れくさそうに微笑んだ声が、力を使い果たした身体に染みていく。%K%P
照れくさそうに微笑んだ声が、力を使い果たした身体に染みていく。%K%P
「……ねえ、いずみさん。あと少しだけ、このままでいてもらってもいい？」%K%P
「……ねえ、いずみさん。あと少しだけ、このままでいてもらってもいい？」%K%P
「いいけど、でも、それだと……」%K%P
「いいけど、でも、それだと……」%K%P
強い快感のせいか、射精が終わったというのに、僕のペニスはまだ痺れて硬いままだ。%K%P
強い快感のせいか、射精が終わったというのに、僕のペニスはまだ痺れて硬いままだ。%K%P
「綾香さん、入ったままで、苦しくない……？」%K%P
「綾香さん、入ったままで、苦しくない……？」%K%P
「大丈夫よ、いずみさんのだから」%K%P
「大丈夫よ、いずみさんのだから」%K%P
「……それにいま抜いたら、せっかく中に出してもらった濃いの、こぼれちゃうでしょ……？」%K%P
「……それにいま抜いたら、せっかく中に出してもらった濃いの、こぼれちゃうでしょ……？」%K%P
「……それは、ちょっと寂しいかな、って……」%K%P
「……それは、ちょっと寂しいかな、って……」%K%P
「綾香さん……」%K%P
「綾香さん……」%K%P
思いがけない言葉に驚いたけど、素直に嬉しかったから、離れてしまわないように腰を少し押し戻す。%K%P
思いがけない言葉に驚いたけど、素直に嬉しかったから、離れてしまわないように腰を少し押し戻す。%K%P
「はっ、ああぁ……」%K%P
「はっ、ああぁ……」%K%P
聞こえてきた声は、色っぽいというよりも安堵に満ちていて、僕まで安らかな気持ちになった。%K%P
聞こえてきた声は、色っぽいというよりも安堵に満ちていて、僕まで安らかな気持ちになった。%K%P
ついさっきまで、あんなに強い快感に翻弄されていたのに……人間の身体って、なんとも不思議だ。%K%P
ついさっきまで、あんなに強い快感に翻弄されていたのに……人間の身体って、なんとも不思議だ。%K%P
「……わたし、いずみさんが大好き……」%K%P
「……わたし、いずみさんが大好き……」%K%P
「うん、僕も……」%K%P
「うん、僕も……」%K%P
呟いたら、微かに風が吹いて、僕たちの髪が舞う。%K%P
呟いたら、微かに風が吹いて、僕たちの髪が舞う。%K%P
差し込む夕暮れが染める綾香さんがとても綺麗だったから、僕はしばらく、その姿を眺めていた。%K%P
差し込む夕暮れが染める綾香さんがとても綺麗だったから、僕はしばらく、その姿を眺めていた。%K%P
