今となっては見慣れた制服は、僕の手によって、はだけられていた。%K%P
今となっては見慣れた制服は、僕の手によって、はだけられていた。%K%P
ことりちゃんの白いお腹が、呼吸する度に隆起している。%K%P
ことりちゃんの白いお腹が、呼吸する度に隆起している。%K%P
「……あぅ…………ね、姉様……その、じっと見られてるのも……」%K%P
「……あぅ…………ね、姉様……その、じっと見られてるのも……」%K%P
「う、うん……えっと、それじゃぁ……」%K%P
「う、うん……えっと、それじゃぁ……」%K%P
どうしたらいいのかな……なにせ、初めての事だから。%K%P
どうしたらいいのかな……なにせ、初めての事だから。%K%P
僕は一つ喉を鳴らすと、可愛いデザインのブラに覆われた胸に手を伸した。%K%P
僕は一つ喉を鳴らすと、可愛いデザインのブラに覆われた胸に手を伸した。%K%P
「きゃぅ」%K%P
「きゃぅ」%K%P
「あ、ご、ごめん、痛かった？」%K%P
「あ、ご、ごめん、痛かった？」%K%P
「ち、違います、あの、ちょっと驚いただけです……えっと、大丈夫ですから……」%K%P
「ち、違います、あの、ちょっと驚いただけです……えっと、大丈夫ですから……」%K%P
「その……誰かに触れられるのって……初めてだから、えへへ」%K%P
「その……誰かに触れられるのって……初めてだから、えへへ」%K%P
「あれ、夕陽ちゃんには？」%K%P
「あれ、夕陽ちゃんには？」%K%P
「あれは……ふざけてですから、もう」%K%P
「あれは……ふざけてですから、もう」%K%P
「それに姉様は……男の人ですから」%K%P
「それに姉様は……男の人ですから」%K%P
拗ねた様な言い方が可愛い――思わず頬が緩んでしまう。%K%P
拗ねた様な言い方が可愛い――思わず頬が緩んでしまう。%K%P
「それじゃ、僕が、初めてってことだね。初めて同士……お揃いだ」%K%P
「それじゃ、僕が、初めてってことだね。初めて同士……お揃いだ」%K%P
「あっ、姉様も初めてなんですね……嬉しいです……あぅ……んぅん」%K%P
「あっ、姉様も初めてなんですね……嬉しいです……あぅ……んぅん」%K%P
再び手を伸す。驚かせないように、そっと、優しく。%K%P
再び手を伸す。驚かせないように、そっと、優しく。%K%P
……ふぁ、すごく、柔らかい……%K%P
……ふぁ、すごく、柔らかい……%K%P
僕は滑らかな布地に包まれた双丘に指を這わす。%K%P
僕は滑らかな布地に包まれた双丘に指を這わす。%K%P
「んんぅ、な、なんか、変な感じです……」%K%P
「んんぅ、な、なんか、変な感じです……」%K%P
「あぅ……で、でも全然嫌じゃなくって……」%K%P
「あぅ……で、でも全然嫌じゃなくって……」%K%P
声を出さずに、唇が言葉を形どる。%K%P
声を出さずに、唇が言葉を形どる。%K%P
「もっと触って欲しい？　かな」%K%P
「もっと触って欲しい？　かな」%K%P
「あうぅ…………もう、姉様…………でも、んんぅうう、くぅうん」%K%P
「あうぅ…………もう、姉様…………でも、んんぅうう、くぅうん」%K%P
正解だったらしい。鼻に掛った甘えた声を漏らしている。%K%P
正解だったらしい。鼻に掛った甘えた声を漏らしている。%K%P
僕の不器用な指使い一つで、ことりちゃんが反応する。%K%P
僕の不器用な指使い一つで、ことりちゃんが反応する。%K%P
「ことりちゃんって、すごく敏感だね……こことか、いいの？」%K%P
「ことりちゃんって、すごく敏感だね……こことか、いいの？」%K%P
「んぅ……ね、姉様……やあぅっ」%K%P
「んぅ……ね、姉様……やあぅっ」%K%P
ブラの上から、尖った部分を指で弄る。%K%P
ブラの上から、尖った部分を指で弄る。%K%P
薄い生地を突き上げているソレ……わ、膨らんできた。%K%P
薄い生地を突き上げているソレ……わ、膨らんできた。%K%P
「やぁう、そんなとこ、さわっちゃ……んきゅんっ」%K%P
「やぁう、そんなとこ、さわっちゃ……んきゅんっ」%K%P
「えと、触ったら……どうなっちゃうの？」%K%P
「えと、触ったら……どうなっちゃうの？」%K%P
「はぁはぁはぁ……んぅ、ことり、もっと変な気分に……くうん……なっちゃいます……」%K%P
「はぁはぁはぁ……んぅ、ことり、もっと変な気分に……くうん……なっちゃいます……」%K%P
ことりちゃんの体に汗が滲んでくる。%K%P
ことりちゃんの体に汗が滲んでくる。%K%P
薄い布地を濡らし、僕の指を湿らせる。%K%P
薄い布地を濡らし、僕の指を湿らせる。%K%P
「んぅうう、き、生地と擦れて……やあぅう、じ、じんじんする……んきゅぅん」%K%P
「んぅうう、き、生地と擦れて……やあぅう、じ、じんじんする……んきゅぅん」%K%P
「ね、姉様ぁ、わ、わたし、切ないんですぅ、さ、先が、……んきゅぅうん」%K%P
「ね、姉様ぁ、わ、わたし、切ないんですぅ、さ、先が、……んきゅぅうん」%K%P
子犬のような声を上げて、身をよじることりちゃん。%K%P
子犬のような声を上げて、身をよじることりちゃん。%K%P
女の子の甘い匂いが部屋に満ちていく。%K%P
女の子の甘い匂いが部屋に満ちていく。%K%P
「はぁ、はぁ、はぁ……姉様ぁ、む、胸……くるしいです……」%K%P
「はぁ、はぁ、はぁ……姉様ぁ、む、胸……くるしいです……」%K%P
「……ブラ、きつくなっちゃった？」%K%P
「……ブラ、きつくなっちゃった？」%K%P
「は、はい…………あの、は、外して……もらえますか？」%K%P
「は、はい…………あの、は、外して……もらえますか？」%K%P
上目遣いで見上げてくる。%K%P
上目遣いで見上げてくる。%K%P
女の子のブラを外すなんて……上手く行くだろうか。%K%P
女の子のブラを外すなんて……上手く行くだろうか。%K%P
……えっと、ここのホックを外せばいいのかな？%K%P
……えっと、ここのホックを外せばいいのかな？%K%P
「えっと…………ちょっと体浮かせて……ここでいいの？」%K%P
「えっと…………ちょっと体浮かせて……ここでいいの？」%K%P
「んぅ……姉様、そこです……そう……」%K%P
「んぅ……姉様、そこです……そう……」%K%P
「……よいしょっと…………うわ……」%K%P
「……よいしょっと…………うわ……」%K%P
ことりちゃんの胸を隠していた、薄い布地が取り去られる。%K%P
ことりちゃんの胸を隠していた、薄い布地が取り去られる。%K%P
ぷるんと小さく波打つ、なだらかな膨らみ。%K%P
ぷるんと小さく波打つ、なだらかな膨らみ。%K%P
真っ白い肌が目に眩しい……薄く汗を噴いた乳房に視線が釘付けになる。%K%P
真っ白い肌が目に眩しい……薄く汗を噴いた乳房に視線が釘付けになる。%K%P
「あぅ……そんなに、じっとみないで、ください……やだ……」%K%P
「あぅ……そんなに、じっとみないで、ください……やだ……」%K%P
「ご、ごめん。でも、だって……」%K%P
「ご、ごめん。でも、だって……」%K%P
目を逸らそうとする……けれど、なだらかな曲線を描き、見るからに柔らかそうな乳房は……堪らなく魅力的で……%K%P
目を逸らそうとする……けれど、なだらかな曲線を描き、見るからに柔らかそうな乳房は……堪らなく魅力的で……%K%P
「あぅ、やっぱり、姉様、えっちなんですね」%K%P
「あぅ、やっぱり、姉様、えっちなんですね」%K%P
「だって、こんなにも綺麗なんだよ？　見るなって言われても、無理だよ」%K%P
「だって、こんなにも綺麗なんだよ？　見るなって言われても、無理だよ」%K%P
「綺麗、ですか？　私の……おっぱい」%K%P
「綺麗、ですか？　私の……おっぱい」%K%P
「うん、夕陽ちゃんの言うとおりだった」%K%P
「うん、夕陽ちゃんの言うとおりだった」%K%P
たしか、形はことりちゃんで……大きさは夕陽ちゃんだったっけ。%K%P
たしか、形はことりちゃんで……大きさは夕陽ちゃんだったっけ。%K%P
「あっ、いま、夕ちゃんのを、思い浮かべましたね？　ヒドイですっ」%K%P
「あっ、いま、夕ちゃんのを、思い浮かべましたね？　ヒドイですっ」%K%P
「そ、そんなこと」%K%P
「そ、そんなこと」%K%P
「あー、ほんとだったんだぁ……うぅ、どうせ、私のは、ちっちゃいですよ」%K%P
「あー、ほんとだったんだぁ……うぅ、どうせ、私のは、ちっちゃいですよ」%K%P
「姉様、やっぱり大きい方がいいですか？　ゆ、夕ちゃんの方がいい？」%K%P
「姉様、やっぱり大きい方がいいですか？　ゆ、夕ちゃんの方がいい？」%K%P
「大きさなんて、そんなの関係ないよ。僕は、ことりちゃんがいいよ」%K%P
「大きさなんて、そんなの関係ないよ。僕は、ことりちゃんがいいよ」%K%P
……冷静に考えてみれば、とんでも無いことを口走ってるけど――僕は他の誰よりも、ことりちゃんがいい。%K%P
……冷静に考えてみれば、とんでも無いことを口走ってるけど――僕は他の誰よりも、ことりちゃんがいい。%K%P
「あぅ……ほんと、ですか？」%K%P
「あぅ……ほんと、ですか？」%K%P
「ほんとだよ、もう、そんなこと気にしないで」%K%P
「ほんとだよ、もう、そんなこと気にしないで」%K%P
額に掛った髪を掻き上げ、軽く頭を撫でる。%K%P
額に掛った髪を掻き上げ、軽く頭を撫でる。%K%P
「くぅん……えへへ、姉様がそういうなら……もう、気にしません」%K%P
「くぅん……えへへ、姉様がそういうなら……もう、気にしません」%K%P
「そうそう……ブラ、こっちに置いておくからね」%K%P
「そうそう……ブラ、こっちに置いておくからね」%K%P
「はい。姉様、外すの結構上手ですね」%K%P
「はい。姉様、外すの結構上手ですね」%K%P
「あー、もしかして……こういうこと、慣れてるんですか？」%K%P
「あー、もしかして……こういうこと、慣れてるんですか？」%K%P
「ぜ、全然慣れて無いよっ、は、初めてだし」%K%P
「ぜ、全然慣れて無いよっ、は、初めてだし」%K%P
女の子に触れるのも、女の子の下着を外すのも、そして……女の子と、こんなエッチな事をするのも。%K%P
女の子に触れるのも、女の子の下着を外すのも、そして……女の子と、こんなエッチな事をするのも。%K%P
「本当ですか？　んぅ……でも、ブラ外すのお上手ですし……」%K%P
「本当ですか？　んぅ……でも、ブラ外すのお上手ですし……」%K%P
「たまたまだって……ことりちゃんの教え方が上手いからってのもあるし。もう、年上をからかわないの」%K%P
「たまたまだって……ことりちゃんの教え方が上手いからってのもあるし。もう、年上をからかわないの」%K%P
うぅ、ことりちゃんって案外言うなぁ。%K%P
うぅ、ことりちゃんって案外言うなぁ。%K%P
「ふふふ、ごめんなさい。だって、姉様、可愛いんですもの」%K%P
「ふふふ、ごめんなさい。だって、姉様、可愛いんですもの」%K%P
「なんだか、いじめたくなっちゃいます……えへへ」%K%P
「なんだか、いじめたくなっちゃいます……えへへ」%K%P
「もう、男に可愛いとか言わない」%K%P
「もう、男に可愛いとか言わない」%K%P
なんだか少しリラックスしてきた……もしかしたら、ことりちゃんが気を使ってくれたのかな？%K%P
なんだか少しリラックスしてきた……もしかしたら、ことりちゃんが気を使ってくれたのかな？%K%P
僕はことりちゃんの膨らみに触れる。%K%P
僕はことりちゃんの膨らみに触れる。%K%P
「きゃぅ。んん、むねぇ……くすぐったいです」%K%P
「きゃぅ。んん、むねぇ……くすぐったいです」%K%P
「んくぅ……ねえ、さまぁ、そんな……指で、なんてぇ……んああん」%K%P
「んくぅ……ねえ、さまぁ、そんな……指で、なんてぇ……んああん」%K%P
「今度は姉様がいじめる番。ことりちゃん、こんなになってきたよ」%K%P
「今度は姉様がいじめる番。ことりちゃん、こんなになってきたよ」%K%P
僕の不器用な指使いで、ことりちゃんの呼吸が荒くなっていく。%K%P
僕の不器用な指使いで、ことりちゃんの呼吸が荒くなっていく。%K%P
とくん、とくんと打つ鼓動が伝わってくる。%K%P
とくん、とくんと打つ鼓動が伝わってくる。%K%P
「はさんじゃ……やぁ…………んきゅぅん！」%K%P
「はさんじゃ……やぁ…………んきゅぅん！」%K%P
「りょ、両方なんて……こ、ことり、へんに、なっちゃいます……んくぅん」%K%P
「りょ、両方なんて……こ、ことり、へんに、なっちゃいます……んくぅん」%K%P
乳房を両手で揉みしだく。%K%P
乳房を両手で揉みしだく。%K%P
柔らかなソレは、自在に形を変える。%K%P
柔らかなソレは、自在に形を変える。%K%P
「ん……ことりちゃんの、先っぽ、こんなになってる」%K%P
「ん……ことりちゃんの、先っぽ、こんなになってる」%K%P
「はぁはぁ……私の……んぅ……先っぽ？　どこ、ですか？」%K%P
「はぁはぁ……私の……んぅ……先っぽ？　どこ、ですか？」%K%P
「見えないの？　えっと、それじゃ」%K%P
「見えないの？　えっと、それじゃ」%K%P
トロンとした顔で僕を見つめることりちゃん。%K%P
トロンとした顔で僕を見つめることりちゃん。%K%P
僕は、彼女自身が見やすいように、姿勢を変える。%K%P
僕は、彼女自身が見やすいように、姿勢を変える。%K%P
「あぅ！　さ、先っぽって……うう、わ、私のおっぱいじゃないですかぁー」%K%P
「あぅ！　さ、先っぽって……うう、わ、私のおっぱいじゃないですかぁー」%K%P
「や、やだあ、姉様、そんなの、見せないでっ。は、はずかしいよぉ」%K%P
「や、やだあ、姉様、そんなの、見せないでっ。は、はずかしいよぉ」%K%P
ぷっくりと膨らんだ……乳首。まるで油を塗ったかのように光っている。%K%P
ぷっくりと膨らんだ……乳首。まるで油を塗ったかのように光っている。%K%P
イヤイヤをするように首を振ることりちゃん。%K%P
イヤイヤをするように首を振ることりちゃん。%K%P
髪が僕の頬を打つ。甘く湿った匂いが撒き散らかされる。%K%P
髪が僕の頬を打つ。甘く湿った匂いが撒き散らかされる。%K%P
「あ、ご、ごめん。その、とても可愛かったから、つい」%K%P
「あ、ご、ごめん。その、とても可愛かったから、つい」%K%P
「あぅ……か、可愛いとか……うぅ、反則です……」%K%P
「あぅ……か、可愛いとか……うぅ、反則です……」%K%P
「だってほんとだもん……ここ、ぷっくりと膨らんでて」%K%P
「だってほんとだもん……ここ、ぷっくりと膨らんでて」%K%P
「え、やああぁん！　そ、そんなつ、摘まない……んくぅうううん」%K%P
「え、やああぁん！　そ、そんなつ、摘まない……んくぅうううん」%K%P
人差し指と親指でそっと摘む。%K%P
人差し指と親指でそっと摘む。%K%P
コリコリとした硬さが伝わってくる。%K%P
コリコリとした硬さが伝わってくる。%K%P
「ひうぅん、んくぅううん、や、やあああ、ね、姉さまぁ～、お、おっぱいいじめないで……きゃぅ！　……くださいっ」%K%P
「ひうぅん、んくぅううん、や、やあああ、ね、姉さまぁ～、お、おっぱいいじめないで……きゃぅ！　……くださいっ」%K%P
「先っぽ切ないんですうぅ～、んきゅうん！」%K%P
「先っぽ切ないんですうぅ～、んきゅうん！」%K%P
ピンク色だった乳首が、段々赤く染まっていく。%K%P
ピンク色だった乳首が、段々赤く染まっていく。%K%P
まるで紅桜のつぼみが開いたかのよう。%K%P
まるで紅桜のつぼみが開いたかのよう。%K%P
「胸ばかり触っちゃ嫌だよね、ごめんね」%K%P
「胸ばかり触っちゃ嫌だよね、ごめんね」%K%P
「はぁはぁはぁ……い、嫌じゃないですけど……んんぅ、」%K%P
「はぁはぁはぁ……い、嫌じゃないですけど……んんぅ、」%K%P
もじもじと足を擦り合わせることりちゃん。%K%P
もじもじと足を擦り合わせることりちゃん。%K%P
なにか気になっているようだけど……あ、あそこが……%K%P
なにか気になっているようだけど……あ、あそこが……%K%P
「あうっ、ち、違いますぅ。うぅ、やだ、姉様、見ないで」%K%P
「あうっ、ち、違いますぅ。うぅ、やだ、姉様、見ないで」%K%P
触れたい……全てに――僕は彼女の下腹部に手を伸した。%K%P
触れたい……全てに――僕は彼女の下腹部に手を伸した。%K%P
「ひぅぅうううん！　そ、そっちまでっ！　んんぅう、やああぁあん」%K%P
「ひぅぅうううん！　そ、そっちまでっ！　んんぅう、やああぁあん」%K%P
「んんぅうん……は、恥ずかしい、恥ずかしいよぉ……はぁはぁはぁ」%K%P
「んんぅうん……は、恥ずかしい、恥ずかしいよぉ……はぁはぁはぁ」%K%P
指を動かす度に、くちゅっ、くちゅっと水音がする。%K%P
指を動かす度に、くちゅっ、くちゅっと水音がする。%K%P
本当はサラサラの筈のショーツが、しっとりと湿っている。%K%P
本当はサラサラの筈のショーツが、しっとりと湿っている。%K%P
黒く浮き上がる染み……これって……%K%P
黒く浮き上がる染み……これって……%K%P
「ことりちゃん、ここ、すごい湿ってる」%K%P
「ことりちゃん、ここ、すごい湿ってる」%K%P
「やぅ……だって、姉様が……んぅうん、い、弄るから」%K%P
「やぅ……だって、姉様が……んぅうん、い、弄るから」%K%P
「んぅん……だめえ、指ぃ、こすらないで、出ちゃう、もっと出てきちゃいます……んっくうん」%K%P
「んぅん……だめえ、指ぃ、こすらないで、出ちゃう、もっと出てきちゃいます……んっくうん」%K%P
雫がショーツの隙間から溢れ出し、細い太ももを濡らす。%K%P
雫がショーツの隙間から溢れ出し、細い太ももを濡らす。%K%P
それは滴り落ちて、シーツに染みを作った。%K%P
それは滴り落ちて、シーツに染みを作った。%K%P
「気持ち悪いの？　……こっちも脱がしてあげようか？」%K%P
「気持ち悪いの？　……こっちも脱がしてあげようか？」%K%P
「えぅ……姉様が？　でも……私のって…………ヘンかもですし」%K%P
「えぅ……姉様が？　でも……私のって…………ヘンかもですし」%K%P
「はぁはぁはぁ……が、がっかりしませんか？」%K%P
「はぁはぁはぁ……が、がっかりしませんか？」%K%P
なんでこんなに控えめなんだろう？%K%P
なんでこんなに控えめなんだろう？%K%P
ことりちゃんの体は、どこもかしこも、とっても綺麗なのに。%K%P
ことりちゃんの体は、どこもかしこも、とっても綺麗なのに。%K%P
「がっかりなんてしない……でも、このままだったら、しちゃうかも……なんてね」%K%P
「がっかりなんてしない……でも、このままだったら、しちゃうかも……なんてね」%K%P
「あぅう……それも、やです」%K%P
「あぅう……それも、やです」%K%P
「え、うぅ、姉様、私の……脱がして下さい」%K%P
「え、うぅ、姉様、私の……脱がして下さい」%K%P
震える手でショーツを脱がす。%K%P
震える手でショーツを脱がす。%K%P
頼り無い布きれをほっそらとした足首から抜き取った。%K%P
頼り無い布きれをほっそらとした足首から抜き取った。%K%P
「やあぁんん！　あふれちゃってるぅ」%K%P
「やあぁんん！　あふれちゃってるぅ」%K%P
遮る物が無くなった陰部から、透明に近い液体が溢れ出してくる。%K%P
遮る物が無くなった陰部から、透明に近い液体が溢れ出してくる。%K%P
これって……%K%P
これって……%K%P
「もしかして……おトイレ、行きたかったの？」%K%P
「もしかして……おトイレ、行きたかったの？」%K%P
「ちっ、ちがいますぅうううう！　そうじゃなくって！　こ、これは、あうあう……」%K%P
「ちっ、ちがいますぅうううう！　そうじゃなくって！　こ、これは、あうあう……」%K%P
「うぅ……、で、出ちゃうんです……その、ぽわんて、なって、気持ち良くなると……あうぅ」%K%P
「うぅ……、で、出ちゃうんです……その、ぽわんて、なって、気持ち良くなると……あうぅ」%K%P
気の毒なほど動揺していることりちゃん。%K%P
気の毒なほど動揺していることりちゃん。%K%P
僕は好奇心から言葉を漏してしまう。%K%P
僕は好奇心から言葉を漏してしまう。%K%P
「……その、気持ち良くなったこと、前もあったの？」%K%P
「……その、気持ち良くなったこと、前もあったの？」%K%P
「えうぅ！　そ、そんなこと……い、言えませんよぉ」%K%P
「えうぅ！　そ、そんなこと……い、言えませんよぉ」%K%P
「教えてくれないの？　うーん、こことか弄ったら……もっと出ちゃうのかな……」%K%P
「教えてくれないの？　うーん、こことか弄ったら……もっと出ちゃうのかな……」%K%P
ぴっちりと閉じている隙間を、指でなぞる。%K%P
ぴっちりと閉じている隙間を、指でなぞる。%K%P
ことりちゃんがびくっと震えた。%K%P
ことりちゃんがびくっと震えた。%K%P
「きゃん！」%K%P
「きゃん！」%K%P
「やあぅ！　ね、ねえさま、ゆ、ゆるしてぇ、そこ、びりびりする、からぁ。び、びしょびしょになっちゃうからぁ」%K%P
「やあぅ！　ね、ねえさま、ゆ、ゆるしてぇ、そこ、びりびりする、からぁ。び、びしょびしょになっちゃうからぁ」%K%P
「ほんとだ……どんどん出てくる……すごい、女の子ってこんな風になるんだ……」%K%P
「ほんとだ……どんどん出てくる……すごい、女の子ってこんな風になるんだ……」%K%P
「だめええ、だめえですぅう！」%K%P
「だめええ、だめえですぅう！」%K%P
ことりちゃんの湿った声が部屋に響く。%K%P
ことりちゃんの湿った声が部屋に響く。%K%P
僕の男性の部分を刺激する……パンツがきつい。%K%P
僕の男性の部分を刺激する……パンツがきつい。%K%P
「教えて？　ことりちゃん……前にも、気持ち良くなった？」%K%P
「教えて？　ことりちゃん……前にも、気持ち良くなった？」%K%P
「んううぅん、やぁ、そんなの……言えないもんっ」%K%P
「んううぅん、やぁ、そんなの……言えないもんっ」%K%P
スリットに指を軽く差し込む。%K%P
スリットに指を軽く差し込む。%K%P
熱く厚い肉壁が指をくわえ込んだ。%K%P
熱く厚い肉壁が指をくわえ込んだ。%K%P
「んん！！　ひぃいいうううううん！」%K%P
「んん！！　ひぃいいうううううん！」%K%P
「もしかして……自分で……しちゃってたとか？」%K%P
「もしかして……自分で……しちゃってたとか？」%K%P
僕はなにを言っているんだろう……%K%P
僕はなにを言っているんだろう……%K%P
ごめんなさい、ことりちゃん、姉様失格かもしれない。%K%P
ごめんなさい、ことりちゃん、姉様失格かもしれない。%K%P
「やあぅん、んぅううん……ね、姉様のことを思って……たら……んんぅうん」%K%P
「やあぅん、んぅううん……ね、姉様のことを思って……たら……んんぅうん」%K%P
「あぁうんっ、自然と……じゅわってなっちゃって……んんぅん！」%K%P
「あぁうんっ、自然と……じゅわってなっちゃって……んんぅん！」%K%P
僕の事を思ってたら？　それって……%K%P
僕の事を思ってたら？　それって……%K%P
「女の子同士なのにって……んんぅうん、そんなのいけないのにって……」%K%P
「女の子同士なのにって……んんぅうん、そんなのいけないのにって……」%K%P
「でも……ガマン出来なくて……もおぉ、姉様のせいですからぁ」%K%P
「でも……ガマン出来なくて……もおぉ、姉様のせいですからぁ」%K%P
そうだったんだ、そんなにもことりちゃんは僕の事を思ってくれてたんだ。%K%P
そうだったんだ、そんなにもことりちゃんは僕の事を思ってくれてたんだ。%K%P
「ことりちゃん……んあっ、指、凄い締め付けてくるっ」%K%P
「ことりちゃん……んあっ、指、凄い締め付けてくるっ」%K%P
「んんっ！　こんなこと、こんな恥ずかしいこと、姉様にしか、んんぅ、言えないんだからっ」%K%P
「んんっ！　こんなこと、こんな恥ずかしいこと、姉様にしか、んんぅ、言えないんだからっ」%K%P
「はぁはぁはぁ……もっと、びしょびしょに、してくださいっ」%K%P
「はぁはぁはぁ……もっと、びしょびしょに、してくださいっ」%K%P
悲鳴のような声に僕の指の動きが早くなる。%K%P
悲鳴のような声に僕の指の動きが早くなる。%K%P
熱く、粘り気のある液体が、僕の手を濡らす。%K%P
熱く、粘り気のある液体が、僕の手を濡らす。%K%P
「んぅ、んんぅ、んんんぅううん！　やあぅう、こ、ことり、だめ」%K%P
「んぅ、んんぅ、んんんぅううん！　やあぅう、こ、ことり、だめ」%K%P
「ね、ねえさまに、ねえさまに、……されてっ！　んんぅううううううん」%K%P
「ね、ねえさまに、ねえさまに、……されてっ！　んんぅううううううん」%K%P
二人の呼吸が荒い。%K%P
二人の呼吸が荒い。%K%P
ことりちゃんの声が一際高くなる。%K%P
ことりちゃんの声が一際高くなる。%K%P
「んんぅ、んんぅううう、や、やぁああああああ！　な、なにか、きちゃいますうううう！」%K%P
「んんぅ、んんぅううう、や、やぁああああああ！　な、なにか、きちゃいますうううう！」%K%P
「んんぅ、んんんぅ、んんぅううう…………ね、ねえさまあぁ～～～～～～～～～～！」%K%P
「んんぅ、んんんぅ、んんぅううう…………ね、ねえさまあぁ～～～～～～～～～～！」%K%P
細い体を弓なりに反らすことりちゃん。%K%P
細い体を弓なりに反らすことりちゃん。%K%P
部屋に叫び声が響く――やがて、ぐったりと体の力を抜いた。%K%P
部屋に叫び声が響く――やがて、ぐったりと体の力を抜いた。%K%P
「はぁはぁはぁ……ああぅう……んん…………」%K%P
「はぁはぁはぁ……ああぅう……んん…………」%K%P
「はぁはぁ……ご、ごめんね、つい、夢中になっちゃって……大丈夫？」%K%P
「はぁはぁ……ご、ごめんね、つい、夢中になっちゃって……大丈夫？」%K%P
「はぁ、はぁ、はぁ……あぅう、ひどいです、はぁはぁ……ねえさま、はげし、すぎ……」%K%P
「はぁ、はぁ、はぁ……あぅう、ひどいです、はぁはぁ……ねえさま、はげし、すぎ……」%K%P
赤く上気した顔で呟くことりちゃん。%K%P
赤く上気した顔で呟くことりちゃん。%K%P
ピンク色の舌が艶めかしく蠢いた。%K%P
ピンク色の舌が艶めかしく蠢いた。%K%P
「でも……えっと、よかった、かも、です……」%K%P
「でも……えっと、よかった、かも、です……」%K%P
「私ばっかりで……はぁはぁ……姉様は平気ですか？」%K%P
「私ばっかりで……はぁはぁ……姉様は平気ですか？」%K%P
ことりちゃんの視線が僕の下腹部に注がれる。%K%P
ことりちゃんの視線が僕の下腹部に注がれる。%K%P
深皇学園の、清楚なデザインの制服が、大きく膨らんでいた。%K%P
深皇学園の、清楚なデザインの制服が、大きく膨らんでいた。%K%P
「へ、平気って言いたいけれど……きついかも」%K%P
「へ、平気って言いたいけれど……きついかも」%K%P
「……苦しそう……姉様の」%K%P
「……苦しそう……姉様の」%K%P
「……こんどは、姉様も、一緒に……」%K%P
「……こんどは、姉様も、一緒に……」%K%P
「…………あぅ…………」%K%P
「…………あぅ…………」%K%P
互いに生まれたままの姿になった僕ら。%K%P
互いに生まれたままの姿になった僕ら。%K%P
ことりちゃんは、僕の体……特に下腹部を見つめたまま、固まってしまっている。%K%P
ことりちゃんは、僕の体……特に下腹部を見つめたまま、固まってしまっている。%K%P
「…………姉様の……なんだか、凄いです……うわぁ、腫れてるのかな」%K%P
「…………姉様の……なんだか、凄いです……うわぁ、腫れてるのかな」%K%P
「あの、こんなになってますけど、痛く、無いんですか？」%K%P
「あの、こんなになってますけど、痛く、無いんですか？」%K%P
「えっと、パンツがあると、ちょっと苦しかったりするけど……」%K%P
「えっと、パンツがあると、ちょっと苦しかったりするけど……」%K%P
結構柔らかい素材の物だけど、押さえつけられると辛いものがある。%K%P
結構柔らかい素材の物だけど、押さえつけられると辛いものがある。%K%P
「ビクビクしてます…………それに……なんだか濡れてて……姉様もじゅわってなってるのかな」%K%P
「ビクビクしてます…………それに……なんだか濡れてて……姉様もじゅわってなってるのかな」%K%P
「ことりを見て、ああなったのかな……だったら、嬉しいかも」%K%P
「ことりを見て、ああなったのかな……だったら、嬉しいかも」%K%P
「あの、ことりちゃん……そんなにじっくり観察されると、恥ずかしいというか……」%K%P
「あの、ことりちゃん……そんなにじっくり観察されると、恥ずかしいというか……」%K%P
「…………んん、へ、へ、へくちっ」%K%P
「…………んん、へ、へ、へくちっ」%K%P
小さくくしゃみをすることりちゃん。まるで子犬のようなソレに、思わず笑ってしまう。%K%P
小さくくしゃみをすることりちゃん。まるで子犬のようなソレに、思わず笑ってしまう。%K%P
「うう、ちょっと寒いかもです。その、冷えて来ちゃったのかな？」%K%P
「うう、ちょっと寒いかもです。その、冷えて来ちゃったのかな？」%K%P
「大丈夫？　まだ病み上がりだものね」%K%P
「大丈夫？　まだ病み上がりだものね」%K%P
「そうですね。あの、触れてくれたら……温かくなるかもです」%K%P
「そうですね。あの、触れてくれたら……温かくなるかもです」%K%P
僕は小さく頷くと、彼女の体に手を伸す。%K%P
僕は小さく頷くと、彼女の体に手を伸す。%K%P
今だ湿り気を帯びている股間……微かにヒクヒクと蠢いている。%K%P
今だ湿り気を帯びている股間……微かにヒクヒクと蠢いている。%K%P
「んんぅ、やぅ……姉様の指、優しい……さっきとは大違いです」%K%P
「んんぅ、やぅ……姉様の指、優しい……さっきとは大違いです」%K%P
「う……あれは、ごめん」%K%P
「う……あれは、ごめん」%K%P
「くすっ、いいんですよ。だって、私も……んんうう、欲しかったですし……きゃっ」%K%P
「くすっ、いいんですよ。だって、私も……んんうう、欲しかったですし……きゃっ」%K%P
ことりちゃんが自分の言葉に顔を赤らめる。%K%P
ことりちゃんが自分の言葉に顔を赤らめる。%K%P
「もう、いちいち、可愛いんだから。わ、もう、濡れてきてる。さっきあんなに一杯出たのに」%K%P
「もう、いちいち、可愛いんだから。わ、もう、濡れてきてる。さっきあんなに一杯出たのに」%K%P
「やぁ、その言い方、んぅう、えっちです……はぁはぁはぁ……私、姉様だから」%K%P
「やぁ、その言い方、んぅう、えっちです……はぁはぁはぁ……私、姉様だから」%K%P
「んぅうう、こうなっちゃうんですよ？　し、信じて……んあぁん、ください、ねっ？」%K%P
「んぅうう、こうなっちゃうんですよ？　し、信じて……んあぁん、ください、ねっ？」%K%P
指がスリットを擦る度に、透明な液体が溢れ出してくる。%K%P
指がスリットを擦る度に、透明な液体が溢れ出してくる。%K%P
僕だからか……喜びに体が震える。%K%P
僕だからか……喜びに体が震える。%K%P
人差し指と親指でスリットをこじ開けた。%K%P
人差し指と親指でスリットをこじ開けた。%K%P
「きゃあん！」%K%P
「きゃあん！」%K%P
「ごめん、痛かった？」%K%P
「ごめん、痛かった？」%K%P
「だ、大丈夫ですっ、んんぅ、お、驚いただけ……ね、姉様、続けてください……」%K%P
「だ、大丈夫ですっ、んんぅ、お、驚いただけ……ね、姉様、続けてください……」%K%P
再び慎重に指を差し入れる。%K%P
再び慎重に指を差し入れる。%K%P
ゆっくりと開く……サーモンピンクの肉壁が少しずつ顔を出す。%K%P
ゆっくりと開く……サーモンピンクの肉壁が少しずつ顔を出す。%K%P
「んぅ……んんぅ……んくぅ……」%K%P
「んぅ……んんぅ……んくぅ……」%K%P
グレープフルーツの果肉のように、ジューシーなことりちゃんの女の子の部分。%K%P
グレープフルーツの果肉のように、ジューシーなことりちゃんの女の子の部分。%K%P
ふわっと香る匂いまでフルーツのよう。%K%P
ふわっと香る匂いまでフルーツのよう。%K%P
「はぁはぁはぁ……姉様、あの、んんぅ……ヘンじゃ、ないです？」%K%P
「はぁはぁはぁ……姉様、あの、んんぅ……ヘンじゃ、ないです？」%K%P
「私……んぅ……その、他の子より……背も低いし……体もちっちゃいし……」%K%P
「私……んぅ……その、他の子より……背も低いし……体もちっちゃいし……」%K%P
「色々と……おそいっていうか……あうぅ……」%K%P
「色々と……おそいっていうか……あうぅ……」%K%P
「全然大丈夫だよ……っていうか、凄い綺麗……僕、感動したよ」%K%P
「全然大丈夫だよ……っていうか、凄い綺麗……僕、感動したよ」%K%P
きっとこの光景は、いつまでも記憶に残るだろう。%K%P
きっとこの光景は、いつまでも記憶に残るだろう。%K%P
それ程鮮明に脳裏に焼き付いた。%K%P
それ程鮮明に脳裏に焼き付いた。%K%P
「あうっ、き、綺麗ですか？　うぅ……嬉しいような、なんていうか……ちょっと複雑です」%K%P
「あうっ、き、綺麗ですか？　うぅ……嬉しいような、なんていうか……ちょっと複雑です」%K%P
「っていうか、他の子となんて較べなくても良いと思うよ。ことりちゃんは、ことりちゃんなんだから」%K%P
「っていうか、他の子となんて較べなくても良いと思うよ。ことりちゃんは、ことりちゃんなんだから」%K%P
「んぅ……あ、はい……んん……くぅううん」%K%P
「んぅ……あ、はい……んん……くぅううん」%K%P
僕の指をきつくはさみ込むことりちゃん。%K%P
僕の指をきつくはさみ込むことりちゃん。%K%P
指とワレメの隙間から液体が滲み出している。%K%P
指とワレメの隙間から液体が滲み出している。%K%P
「んんぅ……んくぅううん……はぁはぁはぁ……姉様の……辛くないですか？」%K%P
「んんぅ……んくぅううん……はぁはぁはぁ……姉様の……辛くないですか？」%K%P
ことりちゃんの潤んだ瞳が見つめる。%K%P
ことりちゃんの潤んだ瞳が見つめる。%K%P
やがてその視線は、僕の男性器に注がれた。%K%P
やがてその視線は、僕の男性器に注がれた。%K%P
「もう、いいですよ？　姉様」%K%P
「もう、いいですよ？　姉様」%K%P
「…………うん……それじゃ……いくよ、ことりちゃん」%K%P
「…………うん……それじゃ……いくよ、ことりちゃん」%K%P
ことりちゃんのワレメに、僕の男性器を近づける。%K%P
ことりちゃんのワレメに、僕の男性器を近づける。%K%P
先端が触れる……%K%P
先端が触れる……%K%P
「んぅ……あ、熱い……はぁはぁはぁ……これが、姉様の……」%K%P
「んぅ……あ、熱い……はぁはぁはぁ……これが、姉様の……」%K%P
「ゆっくりするからね……んん、んんんっ」%K%P
「ゆっくりするからね……んん、んんんっ」%K%P
足腰にじわじわと力を入れる。%K%P
足腰にじわじわと力を入れる。%K%P
先端がスリットを押し広げ、中に入り込もうとする。%K%P
先端がスリットを押し広げ、中に入り込もうとする。%K%P
「んくくくぅ……あぅうぅう……んんぅううん……きゃぅ……いつぅ……」%K%P
「んくくくぅ……あぅうぅう……んんぅううん……きゃぅ……いつぅ……」%K%P
「い、た……うくぅ……いたぁ……い……んんぅう」%K%P
「い、た……うくぅ……いたぁ……い……んんぅう」%K%P
「はぁはぁ……ことりちゃん、痛い？」%K%P
「はぁはぁ……ことりちゃん、痛い？」%K%P
「え、えへ、ちょ、ちょっとだけです……こ、これくらい、へ、へーきです」%K%P
「え、えへ、ちょ、ちょっとだけです……こ、これくらい、へ、へーきです」%K%P
「続けて、姉様、私に……入ってください……いつぅ……んんぅううん、んくぅうううううん」%K%P
「続けて、姉様、私に……入ってください……いつぅ……んんぅううん、んくぅうううううん」%K%P
僕を安心させようと、無理に笑おうとすることりちゃん。%K%P
僕を安心させようと、無理に笑おうとすることりちゃん。%K%P
僕は腰に入れた力を抜く。%K%P
僕は腰に入れた力を抜く。%K%P
「え？……姉様、どうして……」%K%P
「え？……姉様、どうして……」%K%P
「だって、僕、ことりちゃんの痛がる顔……見てられないよ」%K%P
「だって、僕、ことりちゃんの痛がる顔……見てられないよ」%K%P
「…………姉様、それは、やさしさじゃないです。ここまで来て止められたら……私、自分が嫌いになってしまいます」%K%P
「…………姉様、それは、やさしさじゃないです。ここまで来て止められたら……私、自分が嫌いになってしまいます」%K%P
「私のこと……一人前の女の子として見て下さい」%K%P
「私のこと……一人前の女の子として見て下さい」%K%P
「私で……姉様の男の子を……気持ち良くしてあげたい……です」%K%P
「私で……姉様の男の子を……気持ち良くしてあげたい……です」%K%P
ことりちゃんの真っ直ぐな視線が僕を貫く。%K%P
ことりちゃんの真っ直ぐな視線が僕を貫く。%K%P
そうか、僕は自分が彼女を労るフリをして……怖がっていたのかもしれない。%K%P
そうか、僕は自分が彼女を労るフリをして……怖がっていたのかもしれない。%K%P
息を吐いて……再び腰に力を入れた。%K%P
息を吐いて……再び腰に力を入れた。%K%P
「きぅ……んぅうぅうう……いた……くない、んぅん、はぁはぁ……んぅうううううう」%K%P
「きぅ……んぅうぅうう……いた……くない、んぅん、はぁはぁ……んぅうううううう」%K%P
「んくぅ……キツい……くぅ、はいら、ない……ことりちゃん、力、抜いて……んくぅ」%K%P
「んくぅ……キツい……くぅ、はいら、ない……ことりちゃん、力、抜いて……んくぅ」%K%P
僕のモノを、スリットが拒んでいる。%K%P
僕のモノを、スリットが拒んでいる。%K%P
固く閉じたソコを、こじ開けるように……上下に擦る。%K%P
固く閉じたソコを、こじ開けるように……上下に擦る。%K%P
「んあぁあん！　んくぅううう……ね、ねえさまぁ……はぁはぁはぁ……いたぃ……かも」%K%P
「んあぁあん！　んくぅううう……ね、ねえさまぁ……はぁはぁはぁ……いたぃ……かも」%K%P
「はぁはぁ……もうちょっとだから、がんばって、ことりちゃん」%K%P
「はぁはぁ……もうちょっとだから、がんばって、ことりちゃん」%K%P
「は、はいぃ……んんぅううう、んぅううううぅううう…………んきゅ！？」%K%P
「は、はいぃ……んんぅううう、んぅううううぅううう…………んきゅ！？」%K%P
まるで綱引きのように均衡していた力が、不意に消える。%K%P
まるで綱引きのように均衡していた力が、不意に消える。%K%P
次の瞬間、僕のモノがことりちゃんの中に沈み込んだ。%K%P
次の瞬間、僕のモノがことりちゃんの中に沈み込んだ。%K%P
「んきゃあぁあああああ～～～～～～～ん！！」%K%P
「んきゃあぁあああああ～～～～～～～ん！！」%K%P
「いっ…………たぁあああぃい！　んきゅぅうううん！　ね、ねえさまぁあ、あ、あそこが、んくぅううん」%K%P
「いっ…………たぁあああぃい！　んきゅぅうううん！　ね、ねえさまぁあ、あ、あそこが、んくぅううん」%K%P
「くうぅうう！　す、すごい、締め付けられて……いつぅ！」%K%P
「くうぅうう！　す、すごい、締め付けられて……いつぅ！」%K%P
まるで万力で締められているようなキツさ。%K%P
まるで万力で締められているようなキツさ。%K%P
焼けるような熱さと、蕩けるような、快感。%K%P
焼けるような熱さと、蕩けるような、快感。%K%P
半分くらいでこんなに気持ちがいいなら……全部入れたら、どうなっちゃうんだろう。%K%P
半分くらいでこんなに気持ちがいいなら……全部入れたら、どうなっちゃうんだろう。%K%P
「んっくぅ、んっくぅ……あぅうう、は、入った……姉様の……んんぅう、いたぃ……んうぅうう……」%K%P
「んっくぅ、んっくぅ……あぅうう、は、入った……姉様の……んんぅう、いたぃ……んうぅうう……」%K%P
「はぁはぁ……ことりちゃん……うわ！？　こ、こんなになってる」%K%P
「はぁはぁ……ことりちゃん……うわ！？　こ、こんなになってる」%K%P
熱く濡れた接続部分を見る。%K%P
熱く濡れた接続部分を見る。%K%P
そこには、初めての証しが……%K%P
そこには、初めての証しが……%K%P
「はぁはぁ……ね、ねえさま、言ったでしょ？　ひぅ……私、んぅ……初めてなんですよ……」%K%P
「はぁはぁ……ね、ねえさま、言ったでしょ？　ひぅ……私、んぅ……初めてなんですよ……」%K%P
「ふふ、ねえさまは、女の子の格好をしてても……いっ……男の子なんですね……んぅ」%K%P
「ふふ、ねえさまは、女の子の格好をしてても……いっ……男の子なんですね……んぅ」%K%P
「はぁはぁ……あとちょっとです……最後まで……私の中に……入って」%K%P
「はぁはぁ……あとちょっとです……最後まで……私の中に……入って」%K%P
額にびっしりと汗を浮かべ、僕に笑いかけることりちゃん。%K%P
額にびっしりと汗を浮かべ、僕に笑いかけることりちゃん。%K%P
言いしれようのない甘美な誘惑に、僕は負けてしまう。%K%P
言いしれようのない甘美な誘惑に、僕は負けてしまう。%K%P
「痛いかもだけど……入るから」%K%P
「痛いかもだけど……入るから」%K%P
「は、い…………んんぅ、……んぅうううう……あぁあああああ～～～～ん！」%K%P
「は、い…………んんぅ、……んぅうううう……あぁあああああ～～～～ん！」%K%P
「やあぁううう、いたいよぉお、っくぅうううん！」%K%P
「やあぁううう、いたいよぉお、っくぅうううん！」%K%P
氷の海を押し開いていく砕氷船のように、僕のモノが、ことりちゃんの奥へと侵入する。%K%P
氷の海を押し開いていく砕氷船のように、僕のモノが、ことりちゃんの奥へと侵入する。%K%P
そして、ぐちゅっと濁った水音がして、根本まで完全に入り込んだ。%K%P
そして、ぐちゅっと濁った水音がして、根本まで完全に入り込んだ。%K%P
「くぅうううううううう～～～～～～～～～ん！！」%K%P
「くぅうううううううう～～～～～～～～～ん！！」%K%P
「……んっはぁ、んんんはぁあ……ああぅうう、んう……ね、ねえさま……ぜんぶ、ですか？」%K%P
「……んっはぁ、んんんはぁあ……ああぅうう、んう……ね、ねえさま……ぜんぶ、ですか？」%K%P
「はぁはぁ……うん、入った。頑張ったね、ことりちゃん」%K%P
「はぁはぁ……うん、入った。頑張ったね、ことりちゃん」%K%P
「は、い……んんぅ、お、おなか、ぱんぱんです……んんぅ、ねえさまの……熱いよう」%K%P
「は、い……んんぅ、お、おなか、ぱんぱんです……んんぅ、ねえさまの……熱いよう」%K%P
ピッチリと僕のモノを包み込んでいることりちゃん。%K%P
ピッチリと僕のモノを包み込んでいることりちゃん。%K%P
まるで一体化してしまったかのようだ。%K%P
まるで一体化してしまったかのようだ。%K%P
「んんぅ、ことりちゃん、そんなに、締めないで……くるしいよ」%K%P
「んんぅ、ことりちゃん、そんなに、締めないで……くるしいよ」%K%P
「あぅ、ことり、してません、よ……んぅう、か、勝手に……んぅううぅん！」%K%P
「あぅ、ことり、してません、よ……んぅう、か、勝手に……んぅううぅん！」%K%P
ことりちゃんが身じろぎをする。%K%P
ことりちゃんが身じろぎをする。%K%P
僕のモノの先端から、蕩けるような快感が伝わってくる。%K%P
僕のモノの先端から、蕩けるような快感が伝わってくる。%K%P
「だめっ、そんなにされたら……あぅっ！　くぅん」%K%P
「だめっ、そんなにされたら……あぅっ！　くぅん」%K%P
「ひぅう！　ね、ねえさま、うごいてる……んっくぅ、んんぅ、いっつぅ……んんううん」%K%P
「ひぅう！　ね、ねえさま、うごいてる……んっくぅ、んんぅ、いっつぅ……んんううん」%K%P
快感に逆らえず、腰が動き出す。%K%P
快感に逆らえず、腰が動き出す。%K%P
「んきゅ、んんきゅう、んぅ……なかが、擦られて……んぅ、ひぃうん！」%K%P
「んきゅ、んんきゅう、んぅ……なかが、擦られて……んぅ、ひぃうん！」%K%P
「ごめん、もう、僕、止められない……んんぅ、最後まで、したいっ」%K%P
「ごめん、もう、僕、止められない……んんぅ、最後まで、したいっ」%K%P
「い、いいです、よ……んぅ、ねえさまの、すきに、して……くださいっ」%K%P
「い、いいです、よ……んぅ、ねえさまの、すきに、して……くださいっ」%K%P
腰を突き出す度に、ことりちゃんの華奢な体が震える。%K%P
腰を突き出す度に、ことりちゃんの華奢な体が震える。%K%P
泡だった僕らの体液が、二人を濡らしていく。%K%P
泡だった僕らの体液が、二人を濡らしていく。%K%P
僕のモノが、ことりちゃんの小さな体に出入りする……奥に先が触れる度、僕は快楽の声を上げる。%K%P
僕のモノが、ことりちゃんの小さな体に出入りする……奥に先が触れる度、僕は快楽の声を上げる。%K%P
「んぅう、んんぅううん、い、いいよぉ、ねえさま、ので、ずんずんされてるぅ」%K%P
「んぅう、んんぅううん、い、いいよぉ、ねえさま、ので、ずんずんされてるぅ」%K%P
「んっく、んんくぅ……僕もいいよ……もう、いたく、ない？」%K%P
「んっく、んんくぅ……僕もいいよ……もう、いたく、ない？」%K%P
「ちょっとだけ……でも……それ以上に……んぅう、き、気持ち良い、です……んっくぅ」%K%P
「ちょっとだけ……でも……それ以上に……んぅう、き、気持ち良い、です……んっくぅ」%K%P
ことりちゃんの体から、強張りが抜けていく。%K%P
ことりちゃんの体から、強張りが抜けていく。%K%P
二人でするエッチな行為に、没頭しているみたい。%K%P
二人でするエッチな行為に、没頭しているみたい。%K%P
僕はぎこちなく腰を動かし続ける……大きく、小さく、速く、遅く。%K%P
僕はぎこちなく腰を動かし続ける……大きく、小さく、速く、遅く。%K%P
「きゅぅん！　そ、そんなにぃ、されたら、はぁはぁはぁ……ことり、えっちな子に、んぅうう、なっちゃいますう～～～」%K%P
「きゅぅん！　そ、そんなにぃ、されたら、はぁはぁはぁ……ことり、えっちな子に、んぅうう、なっちゃいますう～～～」%K%P
ことりちゃんの甲高い声が、僕の本能を刺激する。%K%P
ことりちゃんの甲高い声が、僕の本能を刺激する。%K%P
もっとエッチな声を聞きたい。もっとエッチな匂いを嗅ぎたい。%K%P
もっとエッチな声を聞きたい。もっとエッチな匂いを嗅ぎたい。%K%P
僕の前で乱れることりちゃんを見たい。%K%P
僕の前で乱れることりちゃんを見たい。%K%P
「はぁはぁ……いいよ、ことりちゃん、えっちな子になっちゃいなよ」%K%P
「はぁはぁ……いいよ、ことりちゃん、えっちな子になっちゃいなよ」%K%P
「んくぅうん、や、あぅうん！　ね、姉さまは、はぁはぁはぁ……えっちなことり、好きですか？」%K%P
「んくぅうん、や、あぅうん！　ね、姉さまは、はぁはぁはぁ……えっちなことり、好きですか？」%K%P
「恥ずかしい声出して、んんぅうん……こんなに湿っちゃってることり、好きですか？」%K%P
「恥ずかしい声出して、んんぅうん……こんなに湿っちゃってることり、好きですか？」%K%P
「好き。恥ずかしがり屋なことりちゃんも、一生懸命弓を練習することりちゃんも、リーダーを頑張ることりちゃんも」%K%P
「好き。恥ずかしがり屋なことりちゃんも、一生懸命弓を練習することりちゃんも、リーダーを頑張ることりちゃんも」%K%P
頭が酸欠でもうろうとしてくる。%K%P
頭が酸欠でもうろうとしてくる。%K%P
息をしているのに、肺に入ってこない気がする。%K%P
息をしているのに、肺に入ってこない気がする。%K%P
「恥ずかしい声を出して、湿っちゃってる……えっちなことりちゃんが好き」%K%P
「恥ずかしい声を出して、湿っちゃってる……えっちなことりちゃんが好き」%K%P
「んぅう……嬉しい、ことり、嬉しいです……んんぅう、ね、姉さま、もっとしてください」%K%P
「んぅう……嬉しい、ことり、嬉しいです……んんぅう、ね、姉さま、もっとしてください」%K%P
「姉さまの好きな、えっちなことりにしてっ」%K%P
「姉さまの好きな、えっちなことりにしてっ」%K%P
あの大人しくて、人見知りをして、すぐに夕陽ちゃんの後ろに隠れていたことりちゃん。%K%P
あの大人しくて、人見知りをして、すぐに夕陽ちゃんの後ろに隠れていたことりちゃん。%K%P
その彼女が、僕の前で恥ずかしい言葉を口走る。%K%P
その彼女が、僕の前で恥ずかしい言葉を口走る。%K%P
僕は腰の動きを加速させる……もう、耐えられそうにもない。%K%P
僕は腰の動きを加速させる……もう、耐えられそうにもない。%K%P
「んんぅ、んんぅ、んんぅうん」%K%P
「んんぅ、んんぅ、んんぅうん」%K%P
「んきゃ、んんきゃ、んんきゃあぅん！　はげし、い……んんぅ、やあぅ、へんになっちゃうよぉ」%K%P
「んきゃ、んんきゃ、んんきゃあぅん！　はげし、い……んんぅ、やあぅ、へんになっちゃうよぉ」%K%P
「だめ、だめえ、だめええ！　くちゅくちゅされて……ことり、いっちゃいますうぅうう！」%K%P
「だめ、だめえ、だめええ！　くちゅくちゅされて……ことり、いっちゃいますうぅうう！」%K%P
粘膜と粘膜が触れ合う。%K%P
粘膜と粘膜が触れ合う。%K%P
びちょびちょに濡れている筈のアソコが、熱で乾いていく。%K%P
びちょびちょに濡れている筈のアソコが、熱で乾いていく。%K%P
お腹の中からなにか熱い物が沸き上がってくる――僕は咄嗟に腰を大きく引いた。%K%P
お腹の中からなにか熱い物が沸き上がってくる――僕は咄嗟に腰を大きく引いた。%K%P
「んんぅ、んんくぅ…………んはっ！！」%K%P
「んんぅ、んんくぅ…………んはっ！！」%K%P
「んきゅ！？　んああああああああああ～～～～～～～～～ん！！」%K%P
「んきゅ！？　んああああああああああ～～～～～～～～～ん！！」%K%P
「くぅううう！」%K%P
「くぅううう！」%K%P
「んきゃあああん！　くぅうううう～～～ん」%K%P
「んきゃあああん！　くぅうううう～～～ん」%K%P
僕のモノから噴きだした白く濁った液体が、弧を描いて宙を舞う。%K%P
僕のモノから噴きだした白く濁った液体が、弧を描いて宙を舞う。%K%P
それは、やがて、ことりちゃんの体に降り注いだ。%K%P
それは、やがて、ことりちゃんの体に降り注いだ。%K%P
「はぁはぁはぁ…………んぅう、ご、ごめん……はぁはぁはぁ……掛っちゃった……」%K%P
「はぁはぁはぁ…………んぅう、ご、ごめん……はぁはぁはぁ……掛っちゃった……」%K%P
「はぁはぁはぁ……姉様……の…………んぅ、凄い匂いです……」%K%P
「はぁはぁはぁ……姉様……の…………んぅ、凄い匂いです……」%K%P
汗と、涙と、そして二人の体液で汚れてしまう。%K%P
汗と、涙と、そして二人の体液で汚れてしまう。%K%P
けれども……それでもことりちゃんは愛らしかった。%K%P
けれども……それでもことりちゃんは愛らしかった。%K%P
「はぁはぁ……あ、姉様……嘘つきました」%K%P
「はぁはぁ……あ、姉様……嘘つきました」%K%P
「ふぅ……え？　嘘、僕が？」%K%P
「ふぅ……え？　嘘、僕が？」%K%P
「はい……だって、姉様、んぅ……学園に入ったのは、えっちな事が、目的じゃなって……言ってたのに」%K%P
「はい……だって、姉様、んぅ……学園に入ったのは、えっちな事が、目的じゃなって……言ってたのに」%K%P
……そう言えば、そうでした。これ、どうみても、エッチなことだ。%K%P
……そう言えば、そうでした。これ、どうみても、エッチなことだ。%K%P
「えっちなお汁で、からだ、ドロドロですよ……あ、髪にまでかかってます、もう……」%K%P
「えっちなお汁で、からだ、ドロドロですよ……あ、髪にまでかかってます、もう……」%K%P
「ご、ごめん……その、慌ててて……」%K%P
「ご、ごめん……その、慌ててて……」%K%P
「はぁ、はぁ……もう、しょうがないですね……綺麗にしてくださいね、えへへ」%K%P
「はぁ、はぁ……もう、しょうがないですね……綺麗にしてくださいね、えへへ」%K%P
