「はい、いずみさん、どうぞ。お砂糖はいらなかったわよね」%K%P
「はい、いずみさん、どうぞ。お砂糖はいらなかったわよね」%K%P
「あ、ありがとうございます。ええ、無しで大丈夫です」%K%P
「あ、ありがとうございます。ええ、無しで大丈夫です」%K%P
食後に法子さんの入れてくれたミルクティを頂く。%K%P
食後に法子さんの入れてくれたミルクティを頂く。%K%P
鼻に抜ける香りを楽しむ――うん、良い茶葉使ってるなぁ。%K%P
鼻に抜ける香りを楽しむ――うん、良い茶葉使ってるなぁ。%K%P
誰もいないラウンジに、紅茶の香りが拡がっていく。%K%P
誰もいないラウンジに、紅茶の香りが拡がっていく。%K%P
「それにしても、いずみさんはいっぱい食べてくれるから、私、作りがいがあるわ」%K%P
「それにしても、いずみさんはいっぱい食べてくれるから、私、作りがいがあるわ」%K%P
「えっ、そうですか？　そんなに食べてるつもりは無かったんですけど」%K%P
「えっ、そうですか？　そんなに食べてるつもりは無かったんですけど」%K%P
「そりゃもう、他の子に較べれば、大した物よ？」%K%P
「そりゃもう、他の子に較べれば、大した物よ？」%K%P
「育ち盛りの男の子だものね……うふふ」%K%P
「育ち盛りの男の子だものね……うふふ」%K%P
体を寄せて、いたずらっぽく笑いながら語りかける法子さん。%K%P
体を寄せて、いたずらっぽく笑いながら語りかける法子さん。%K%P
微かに化粧が香り、柔らかな体が触れる。%K%P
微かに化粧が香り、柔らかな体が触れる。%K%P
内緒話を楽しむ女の子同士に見えるけど――でも法子さんは大人の女性であるからして……僕も育ち盛りの男の子でして……%K%P
内緒話を楽しむ女の子同士に見えるけど――でも法子さんは大人の女性であるからして……僕も育ち盛りの男の子でして……%K%P
「あは、食べても食べてもお腹空いちゃうんですよね、あはは」%K%P
「あは、食べても食べてもお腹空いちゃうんですよね、あはは」%K%P
「良いことよ、それ。足りないようだったら言って頂戴ね？　一杯作るから」%K%P
「良いことよ、それ。足りないようだったら言って頂戴ね？　一杯作るから」%K%P
「うーん、他の子ももっと食べてくれればね……特にことりちゃんはこの頃残してばかりで……心配だわ」%K%P
「うーん、他の子ももっと食べてくれればね……特にことりちゃんはこの頃残してばかりで……心配だわ」%K%P
「え？　そうなんですか、ことりちゃんが？」%K%P
「え？　そうなんですか、ことりちゃんが？」%K%P
「ええ。ご飯も半分で良いって言うし……特に病気とかでは無さそうなのだけど」%K%P
「ええ。ご飯も半分で良いって言うし……特に病気とかでは無さそうなのだけど」%K%P
言われてみれば……昼食の煮込みハンバーグ、半分貰ったよね……%K%P
言われてみれば……昼食の煮込みハンバーグ、半分貰ったよね……%K%P
やっぱりチーム練習での事が、後を引いてるのかな？%K%P
やっぱりチーム練習での事が、後を引いてるのかな？%K%P
「いずみさんってことりちゃんと仲が良いでしょ？　それとなく、見てて欲しいの」%K%P
「いずみさんってことりちゃんと仲が良いでしょ？　それとなく、見てて欲しいの」%K%P
「はい、もちろんです。その、教えて下さって、ありがとうございます、法子さん」%K%P
「はい、もちろんです。その、教えて下さって、ありがとうございます、法子さん」%K%P
「うふふ、いいのよ。ことりちゃんも、いずみさんも、私の可愛い寮生ですもの」%K%P
「うふふ、いいのよ。ことりちゃんも、いずみさんも、私の可愛い寮生ですもの」%K%P
法子さんと少し話した後、部屋に戻ろうと席を立つ。%K%P
法子さんと少し話した後、部屋に戻ろうと席を立つ。%K%P
ことりちゃん……大丈夫かな……部屋に行ってみようかな。%K%P
ことりちゃん……大丈夫かな……部屋に行ってみようかな。%K%P
考え事をしながら歩き出そうとした僕は、ラウンジに入ってきた人影に気がつくことが出来なかった。%K%P
考え事をしながら歩き出そうとした僕は、ラウンジに入ってきた人影に気がつくことが出来なかった。%K%P
「きゃん」%K%P
「きゃん」%K%P
「あ、ご、ごめんなさいっ、私ぼおっとしてて！　って……ことりちゃん？」%K%P
「あ、ご、ごめんなさいっ、私ぼおっとしてて！　って……ことりちゃん？」%K%P
「あ、姉様……うふふ、駄目ですよ、ぼーっとしてちゃ」%K%P
「あ、姉様……うふふ、駄目ですよ、ぼーっとしてちゃ」%K%P
ホントにその通りだ。ことりちゃんの事を心配してて、自分の方がお留守になってるなんて、本末転倒だ。%K%P
ホントにその通りだ。ことりちゃんの事を心配してて、自分の方がお留守になってるなんて、本末転倒だ。%K%P
ことりちゃんが、まるでユーカリの木に抱きつくコアラのように、くっついてくる。%K%P
ことりちゃんが、まるでユーカリの木に抱きつくコアラのように、くっついてくる。%K%P
「でも、ことりは、姉様にギュって出来て、嬉しいですけど、うふふ」%K%P
「でも、ことりは、姉様にギュって出来て、嬉しいですけど、うふふ」%K%P
「あは、それは良かった。えっと、そのことりちゃん、大丈夫？」%K%P
「あは、それは良かった。えっと、そのことりちゃん、大丈夫？」%K%P
練習での様子や、ご飯を食べないことが気になって、僕は尋ねてしまう。%K%P
練習での様子や、ご飯を食べないことが気になって、僕は尋ねてしまう。%K%P
「はい？　全然平気ですよ。だって、姉様ふわふわのほこほこですもの」%K%P
「はい？　全然平気ですよ。だって、姉様ふわふわのほこほこですもの」%K%P
ふわふわのほこほこって……僕はヌイグルミみたいだな。%K%P
ふわふわのほこほこって……僕はヌイグルミみたいだな。%K%P
「い、いや、そうじゃなくて……んん、そんなにぐりぐり頭を擦り付けたら……」%K%P
「い、いや、そうじゃなくて……んん、そんなにぐりぐり頭を擦り付けたら……」%K%P
「ふふ、姉様にくっついてると気持ちがいいんです。なんか、安心するっていうか……」%K%P
「ふふ、姉様にくっついてると気持ちがいいんです。なんか、安心するっていうか……」%K%P
「ホッとするっていうか…………ふぅ……」%K%P
「ホッとするっていうか…………ふぅ……」%K%P
ことりちゃんのため息が、誰もいないラウンジにこぼれる。%K%P
ことりちゃんのため息が、誰もいないラウンジにこぼれる。%K%P
やはり疲れているんだろうか。%K%P
やはり疲れているんだろうか。%K%P
「やっぱり、その、大変？」%K%P
「やっぱり、その、大変？」%K%P
「ううん、大丈夫です。だって、ことりには、姉様がついてますから」%K%P
「ううん、大丈夫です。だって、ことりには、姉様がついてますから」%K%P
腰に回された手に力が込められる。%K%P
腰に回された手に力が込められる。%K%P
ことりちゃんの額が、僕のお腹に押しつけられる。%K%P
ことりちゃんの額が、僕のお腹に押しつけられる。%K%P
「私、これでもリーダーですから、頑張れます」%K%P
「私、これでもリーダーですから、頑張れます」%K%P
「ことりちゃん……」%K%P
「ことりちゃん……」%K%P
ことりちゃんの小さな頭に手を置く。%K%P
ことりちゃんの小さな頭に手を置く。%K%P
羊の毛みたいに柔らかな髪を、そっと撫でた。%K%P
羊の毛みたいに柔らかな髪を、そっと撫でた。%K%P
「あう……気持ち良くて、このまま寝てしまいそうです……でも、お風呂入らないと」%K%P
「あう……気持ち良くて、このまま寝てしまいそうです……でも、お風呂入らないと」%K%P
「そっか、ゆっくり浸かってね。体冷やさないように」%K%P
「そっか、ゆっくり浸かってね。体冷やさないように」%K%P
「はい。あ、姉様、良かったら、ご一緒にいかがですか？　私に髪、洗わせて下さい」%K%P
「はい。あ、姉様、良かったら、ご一緒にいかがですか？　私に髪、洗わせて下さい」%K%P
チラリと脳裏にことりちゃんの白い体が浮かぶ。%K%P
チラリと脳裏にことりちゃんの白い体が浮かぶ。%K%P
一緒にお風呂……髪を洗ってもらう……気持ち良いだろうな……%K%P
一緒にお風呂……髪を洗ってもらう……気持ち良いだろうな……%K%P
いやいや、それは駄目だよね。%K%P
いやいや、それは駄目だよね。%K%P
「ちょっとすることあるから、ごめんね」%K%P
「ちょっとすることあるから、ごめんね」%K%P
「ふふふ、分かりました。また、今度ご一緒しましょうね。それじゃ失礼します」%K%P
「ふふふ、分かりました。また、今度ご一緒しましょうね。それじゃ失礼します」%K%P
頭を下げて立ち去っていくことりちゃん。%K%P
頭を下げて立ち去っていくことりちゃん。%K%P
ことりちゃん、無理してないかな……一生懸命な子だから、心配だな。%K%P
ことりちゃん、無理してないかな……一生懸命な子だから、心配だな。%K%P
法子さんの言葉も気になるし……出来るだけ、気に掛けるようにしよう。%K%P
法子さんの言葉も気になるし……出来るだけ、気に掛けるようにしよう。%K%P
僕は廊下への角を曲がって、姿が見えなくなるまで見送った。%K%P
僕は廊下への角を曲がって、姿が見えなくなるまで見送った。%K%P
