開始の合図と共に、私はゆっくりと面を上げる。%K%P
開始の合図と共に、私はゆっくりと面を上げる。%K%P
いよいよアリアが始まった。%K%P
いよいよアリアが始まった。%K%P
森の中に散らばった私達{騎士:ワルキュリア}はこれから{歌姫:ディーバ}を探すことになる。%K%P
森の中に散らばった私達{騎士:ワルキュリア}はこれから{歌姫:ディーバ}を探すことになる。%K%P
{歌姫:ディーバ}の歌声は聞こえない。どうやらどちらとも距離が離れた場所になったらしい。%K%P
{歌姫:ディーバ}の歌声は聞こえない。どうやらどちらとも距離が離れた場所になったらしい。%K%P
本来であれば今後の行動について思索・行動しなければいけないんだけど……。%K%P
本来であれば今後の行動について思索・行動しなければいけないんだけど……。%K%P
「……佳……まさか、本当にアリアで戦う事になるなんて……」%K%P
「……佳……まさか、本当にアリアで戦う事になるなんて……」%K%P
思ってもみなかった――確かに、アリアで戦いたいとは願っていたけど。%K%P
思ってもみなかった――確かに、アリアで戦いたいとは願っていたけど。%K%P
急なことで考えがまとまらない。%K%P
急なことで考えがまとまらない。%K%P
稽古ではいい勝負出来ているとは思うが……それとは話が違うだろう。%K%P
稽古ではいい勝負出来ているとは思うが……それとは話が違うだろう。%K%P
私は……佳に、勝てるのだろうか……%K%P
私は……佳に、勝てるのだろうか……%K%P
しばし思索にふける。これからどう動くべきだろうか。%K%P
しばし思索にふける。これからどう動くべきだろうか。%K%P
「…………んっ？」%K%P
「…………んっ？」%K%P
「ごきげんよう、楓さん。随分と浮かない表情ですね。お体の調子でも優れないのでしょうか」%K%P
「ごきげんよう、楓さん。随分と浮かない表情ですね。お体の調子でも優れないのでしょうか」%K%P
千影さんが双剣を携えて私の前に現れた。お互いの開始位置が近かったようだ。%K%P
千影さんが双剣を携えて私の前に現れた。お互いの開始位置が近かったようだ。%K%P
「千影さんか。大丈夫、どこも悪くないから」%K%P
「千影さんか。大丈夫、どこも悪くないから」%K%P
「そう？　ならいいのですが。折角のアリアですから、こちらも真剣に行かせて欲しくて」%K%P
「そう？　ならいいのですが。折角のアリアですから、こちらも真剣に行かせて欲しくて」%K%P
どうやら千影さんは私との立ち合いを望んでいるようだ。%K%P
どうやら千影さんは私との立ち合いを望んでいるようだ。%K%P
私に勝てる自信がある……いや、千影さんなら誰が相手だろうと引きはしないだろう。%K%P
私に勝てる自信がある……いや、千影さんなら誰が相手だろうと引きはしないだろう。%K%P
「余計な気を使わせてごめん。さあ、始めよう」%K%P
「余計な気を使わせてごめん。さあ、始めよう」%K%P
「ふふ、私の考えすぎだったかしら。それでは…………はぁッ！」%K%P
「ふふ、私の考えすぎだったかしら。それでは…………はぁッ！」%K%P
鋭い気合いと共に、千影さんが飛び込んでくる――速いっ。%K%P
鋭い気合いと共に、千影さんが飛び込んでくる――速いっ。%K%P
「せいッ！　やぁッ！」%K%P
「せいッ！　やぁッ！」%K%P
「くぅっ！」%K%P
「くぅっ！」%K%P
風切り音を立てて、双剣が鎧を{掠:かす}める。%K%P
風切り音を立てて、双剣が鎧を{掠:かす}める。%K%P
私はなんとか後ろに飛び、間合いを取る。%K%P
私はなんとか後ろに飛び、間合いを取る。%K%P
「随分と消極的ですのね。いつものあなたらしくない」%K%P
「随分と消極的ですのね。いつものあなたらしくない」%K%P
「そんなことは、ないっ！」%K%P
「そんなことは、ないっ！」%K%P
見抜かれている……さすが千影さんだ。%K%P
見抜かれている……さすが千影さんだ。%K%P
言葉につられるように、抜刀する。%K%P
言葉につられるように、抜刀する。%K%P
「はぁッ！」%K%P
「はぁッ！」%K%P
「踏み込みが浅いッ」%K%P
「踏み込みが浅いッ」%K%P
「隙だらけですッ！」%K%P
「隙だらけですッ！」%K%P
私の剣先を軽々と{躱:かわ}し、右の剣を突き出す千影さん。%K%P
私の剣先を軽々と{躱:かわ}し、右の剣を突き出す千影さん。%K%P
この程度、見切れるっ。%K%P
この程度、見切れるっ。%K%P
「んくっ！」%K%P
「んくっ！」%K%P
躱せた。私の左横を千影さんの剣が通り過ぎていく。%K%P
躱せた。私の左横を千影さんの剣が通り過ぎていく。%K%P
「くぅうッ！！」%K%P
「くぅうッ！！」%K%P
不自然な体勢から、再び抜刀。%K%P
不自然な体勢から、再び抜刀。%K%P
千影さんが、長い髪を優雅に舞わせ、私の刃を避けそのまま後ろに飛び退く。%K%P
千影さんが、長い髪を優雅に舞わせ、私の刃を避けそのまま後ろに飛び退く。%K%P
「……ふぅ……今のは危なかったですね。さすが楓さん……本調子でなくとも、侮れないわね」%K%P
「……ふぅ……今のは危なかったですね。さすが楓さん……本調子でなくとも、侮れないわね」%K%P
「はぁはぁ……あなたの双剣も……相変わらずの切れ味だ」%K%P
「はぁはぁ……あなたの双剣も……相変わらずの切れ味だ」%K%P
既に息が上がってる――普段では考えられないことだ。%K%P
既に息が上がってる――普段では考えられないことだ。%K%P
精神的なプレッシャーが私を蝕んでいた。%K%P
精神的なプレッシャーが私を蝕んでいた。%K%P
こんなことでは千影さんを打ち破ることも難しいだろう。%K%P
こんなことでは千影さんを打ち破ることも難しいだろう。%K%P
司、私に……力を与えてくれ。%K%P
司、私に……力を与えてくれ。%K%P
