「……ほら、もう少し足を上げて……そのままにしてて……」%K%P
「……ほら、もう少し足を上げて……そのままにしてて……」%K%P
「か、楓さん、いいって、靴下を履くぐらい自分で出来るって」%K%P
「か、楓さん、いいって、靴下を履くぐらい自分で出来るって」%K%P
僕が背を向けている間に着替え終えた楓さん。%K%P
僕が背を向けている間に着替え終えた楓さん。%K%P
エッチの余韻で、ぼんやりとしていた僕の着替えを、手伝うといいだした。%K%P
エッチの余韻で、ぼんやりとしていた僕の着替えを、手伝うといいだした。%K%P
「当たり前。いい歳をして着替え位出来なければ、私も困るし。けど、今はしてあげたい気分だから……」%K%P
「当たり前。いい歳をして着替え位出来なければ、私も困るし。けど、今はしてあげたい気分だから……」%K%P
「司、靴が随分傷んでいるよ。そろそろ新しい靴に履き替えた方がいいと思う」%K%P
「司、靴が随分傷んでいるよ。そろそろ新しい靴に履き替えた方がいいと思う」%K%P
「日本を離れる前から使ってるから……ん、なんか履かせてもらうって案外いいかも」%K%P
「日本を離れる前から使ってるから……ん、なんか履かせてもらうって案外いいかも」%K%P
「ふふ、そうでしょ？　司……結構足小さいね。私と同じくらいだ」%K%P
「ふふ、そうでしょ？　司……結構足小さいね。私と同じくらいだ」%K%P
体の動きに連れて、ポニーテールが揺れる……柔らかい髪が僕をくすぐる。%K%P
体の動きに連れて、ポニーテールが揺れる……柔らかい髪が僕をくすぐる。%K%P
親しい人に、自分の体を委ねる……凄く安心する。%K%P
親しい人に、自分の体を委ねる……凄く安心する。%K%P
遙か昔、幼かった頃を思い出した。よく祖母が履かせてくれたっけな。%K%P
遙か昔、幼かった頃を思い出した。よく祖母が履かせてくれたっけな。%K%P
「ん、いいかな。司、ずいぶんと可愛い靴下を履いているんだね、女物みたいだけど」%K%P
「ん、いいかな。司、ずいぶんと可愛い靴下を履いているんだね、女物みたいだけど」%K%P
「あ、えっとバーゲンで安かったから、ついね……それよりありがとうね、楓さん」%K%P
「あ、えっとバーゲンで安かったから、ついね……それよりありがとうね、楓さん」%K%P
「ん、好きでやってるから。というか……司、楓『さん』は無いと思う」%K%P
「ん、好きでやってるから。というか……司、楓『さん』は無いと思う」%K%P
う、そうだった……呼び捨てにしたんだっけ。%K%P
う、そうだった……呼び捨てにしたんだっけ。%K%P
でも、さっきは特別な状況というか……うう、そんな目で見ないで、ちょっと怖いよ。%K%P
でも、さっきは特別な状況というか……うう、そんな目で見ないで、ちょっと怖いよ。%K%P
「……か、楓？」%K%P
「……か、楓？」%K%P
「語尾は上げなくていいから。さ、もう一度」%K%P
「語尾は上げなくていいから。さ、もう一度」%K%P
「うぅ……か、楓。これで、いいかな？」%K%P
「うぅ……か、楓。これで、いいかな？」%K%P
「ん。やっぱり、その呼ばれ方の方がしっくりと来るかな」%K%P
「ん。やっぱり、その呼ばれ方の方がしっくりと来るかな」%K%P
女の子を名前で、敬称を付けずに呼ぶってのは初めてだけど、結構照れくさいよね。%K%P
女の子を名前で、敬称を付けずに呼ぶってのは初めてだけど、結構照れくさいよね。%K%P
それでも、楓のこんな笑顔を見たら、希望に応えてあげたくなる。%K%P
それでも、楓のこんな笑顔を見たら、希望に応えてあげたくなる。%K%P
「司、話は変るけど……その、さっきは中途半端な感じになったから……いいかな？」%K%P
「司、話は変るけど……その、さっきは中途半端な感じになったから……いいかな？」%K%P
「司が、私に、告白してくれたことはとても嬉しい」%K%P
「司が、私に、告白してくれたことはとても嬉しい」%K%P
「けど、元はと言えば、私があなたに告白するために、ここに来て貰ったから」%K%P
「けど、元はと言えば、私があなたに告白するために、ここに来て貰ったから」%K%P
言葉を止めて、何かを決意するかのように、深呼吸をする楓。%K%P
言葉を止めて、何かを決意するかのように、深呼吸をする楓。%K%P
身に纏う雰囲気が、凜とした物へと変っていく。%K%P
身に纏う雰囲気が、凜とした物へと変っていく。%K%P
「私の方から、改めて、その……させてもらってもいい？」%K%P
「私の方から、改めて、その……させてもらってもいい？」%K%P
「うん……いや、はい。楓、君の言葉で聞かせて欲しい」%K%P
「うん……いや、はい。楓、君の言葉で聞かせて欲しい」%K%P
「ありがとう、司。それでは……」%K%P
「ありがとう、司。それでは……」%K%P
大きな瞳が僕を見つめる。僕も真っ直ぐに見つめ返す。%K%P
大きな瞳が僕を見つめる。僕も真っ直ぐに見つめ返す。%K%P
「司に出会ってから、気持ちが落ち着かなくて……さっきまで胸がときめいていたかと思ったら、些細な事で落ち込んだり……」%K%P
「司に出会ってから、気持ちが落ち着かなくて……さっきまで胸がときめいていたかと思ったら、些細な事で落ち込んだり……」%K%P
「佳や、周りの人達に、いっぱい迷惑を掛けてしまって……思い出すだけで自分が嫌になる」%K%P
「佳や、周りの人達に、いっぱい迷惑を掛けてしまって……思い出すだけで自分が嫌になる」%K%P
「子供の頃から続けてきた稽古で、鍛えたはずの心身が、こんなにも脆い物だったって事……思い知らされた」%K%P
「子供の頃から続けてきた稽古で、鍛えたはずの心身が、こんなにも脆い物だったって事……思い知らされた」%K%P
「だけど……ね。司……あなたに出会っていなかったら、自分の弱さにも……そして、人を想う幸せにも気つくことが出来なかった」%K%P
「だけど……ね。司……あなたに出会っていなかったら、自分の弱さにも……そして、人を想う幸せにも気つくことが出来なかった」%K%P
「あなたの事が愛おしい。司も同じ気持ちでいてくれる……そう信じても……いい？」%K%P
「あなたの事が愛おしい。司も同じ気持ちでいてくれる……そう信じても……いい？」%K%P
「うん、僕にとって、掛け替えのない存在だよ、君は」%K%P
「うん、僕にとって、掛け替えのない存在だよ、君は」%K%P
「ありがとう、司。その言葉、一生忘れない」%K%P
「ありがとう、司。その言葉、一生忘れない」%K%P
「私が刃なら、司は{鞘:さや}。あなたの大きさで包み込んで欲しい」%K%P
「私が刃なら、司は{鞘:さや}。あなたの大きさで包み込んで欲しい」%K%P
淡く黄色い光が僕らを照らす。%K%P
淡く黄色い光が僕らを照らす。%K%P
楓の潤んだ瞳が、光を帯びていた。%K%P
楓の潤んだ瞳が、光を帯びていた。%K%P
