「はぁ、はぁ、はぁ…………くぅ」%K%P
「はぁ、はぁ、はぁ…………くぅ」%K%P
「ふぅ、あと少しというところで…………さあ、楓さん、立ちあがって。{騎士:ワルキュリア}が地面を転がり回るものではないわ」%K%P
「ふぅ、あと少しというところで…………さあ、楓さん、立ちあがって。{騎士:ワルキュリア}が地面を転がり回るものではないわ」%K%P
「鎧や顔まで泥が跳ねて……折角の晴れ姿が台無しよ」%K%P
「鎧や顔まで泥が跳ねて……折角の晴れ姿が台無しよ」%K%P
「はは、あいにく私は{騎士:ワルキュリア}であると同時に、輝堂流の使い手だ。戦場の剣だから、泥臭いのが抜けないんだ」%K%P
「はは、あいにく私は{騎士:ワルキュリア}であると同時に、輝堂流の使い手だ。戦場の剣だから、泥臭いのが抜けないんだ」%K%P
とは言った物の……千影さんの双剣には隙が見えない……さて、どうするか。%K%P
とは言った物の……千影さんの双剣には隙が見えない……さて、どうするか。%K%P
先程私たちのチームが二つ鍵をそろえた事を告げるアナウンスが流れた。%K%P
先程私たちのチームが二つ鍵をそろえた事を告げるアナウンスが流れた。%K%P
私が司の元に辿りつければ、勝利が確定する状況になった。%K%P
私が司の元に辿りつければ、勝利が確定する状況になった。%K%P
こんなとき、司だったら……思いもつかない攻撃をするんだろうな。%K%P
こんなとき、司だったら……思いもつかない攻撃をするんだろうな。%K%P
滑りやすい足元を確かめるように、視線を向ける……ん、泥……か……これは使えるかもしれない。%K%P
滑りやすい足元を確かめるように、視線を向ける……ん、泥……か……これは使えるかもしれない。%K%P
私の主旨には反するが……戦場にある物すべてを活かすという、輝堂流本来の戦い方だ。%K%P
私の主旨には反するが……戦場にある物すべてを活かすという、輝堂流本来の戦い方だ。%K%P
「こないの？　ならば、私の方からっ」%K%P
「こないの？　ならば、私の方からっ」%K%P
「フッ！　ハッ！」%K%P
「フッ！　ハッ！」%K%P
「くぅっ！」%K%P
「くぅっ！」%K%P
双剣を{操:あやつ}り、攻撃を仕掛けてくる千影さん。%K%P
双剣を{操:あやつ}り、攻撃を仕掛けてくる千影さん。%K%P
左右別人格を持っているかのように、別々の動きで襲ってくる。%K%P
左右別人格を持っているかのように、別々の動きで襲ってくる。%K%P
「ハッ！」%K%P
「ハッ！」%K%P
「後ろがありませんよ！　楓さんっ」%K%P
「後ろがありませんよ！　楓さんっ」%K%P
「はぁはぁ……こちらの心配をしてくれるなんて、千影さんは優しいな」%K%P
「はぁはぁ……こちらの心配をしてくれるなんて、千影さんは優しいな」%K%P
あと少し……あそこの水たまりまで誘導できれば……%K%P
あと少し……あそこの水たまりまで誘導できれば……%K%P
「その優しさがアダにならなければ、いいけど……ねっ」%K%P
「その優しさがアダにならなければ、いいけど……ねっ」%K%P
「はぁッ！」%K%P
「はぁッ！」%K%P
「んっ！　…………そんな大振りで当るわけ……」%K%P
「んっ！　…………そんな大振りで当るわけ……」%K%P
私の横薙ぎの一撃に千影さんが余裕をもって後ろに下がり躱す。%K%P
私の横薙ぎの一撃に千影さんが余裕をもって後ろに下がり躱す。%K%P
そう、こんな攻撃あたるわけがない。%K%P
そう、こんな攻撃あたるわけがない。%K%P
だけど――――%K%P
だけど――――%K%P
「……えっ！？」%K%P
「……えっ！？」%K%P
「し、しまった！」%K%P
「し、しまった！」%K%P
千影さんが泥に足をとられた。今！%K%P
千影さんが泥に足をとられた。今！%K%P
「もらったっ！　はぁああああ！」%K%P
「もらったっ！　はぁああああ！」%K%P
「きゃああ！」%K%P
「きゃああ！」%K%P
剣先が鎧を捕らえる確かな手応え。%K%P
剣先が鎧を捕らえる確かな手応え。%K%P
耳障りな金属音を発し、鎧が弾け地面へと落ちていった。%K%P
耳障りな金属音を発し、鎧が弾け地面へと落ちていった。%K%P
「はぁ、はぁ、はぁ……か、勝った……」%K%P
「はぁ、はぁ、はぁ……か、勝った……」%K%P
なりふり構っていられなかった。でも、私は司に会うまで負けるわけにはいかない。%K%P
なりふり構っていられなかった。でも、私は司に会うまで負けるわけにはいかない。%K%P
「ふぅ……まさか泥に足を取られるなんて。転がっていたのも、作戦ですか？」%K%P
「ふぅ……まさか泥に足を取られるなんて。転がっていたのも、作戦ですか？」%K%P
「いや、あなたの攻撃に圧倒されていただけ。水たまりを使うことを思いついたのは偶然」%K%P
「いや、あなたの攻撃に圧倒されていただけ。水たまりを使うことを思いついたのは偶然」%K%P
「ごめん、千影さん。小細工をしてしまって」%K%P
「ごめん、千影さん。小細工をしてしまって」%K%P
「謝るようなことじゃないわ。自然を利用する、立派な戦術よ。それに……策を練ったのはこちらも同じだから」%K%P
「謝るようなことじゃないわ。自然を利用する、立派な戦術よ。それに……策を練ったのはこちらも同じだから」%K%P
「策を練った？」%K%P
「策を練った？」%K%P
それは……どういう事。%K%P
それは……どういう事。%K%P
問いただそうとした瞬間、%K%P
問いただそうとした瞬間、%K%P
「奏チーム、一つ目と二つ目の鍵を解除しました」%K%P
「奏チーム、一つ目と二つ目の鍵を解除しました」%K%P
え？　と、いう事は千影さんの鍵をもらえばもう負けはないのでは。%K%P
え？　と、いう事は千影さんの鍵をもらえばもう負けはないのでは。%K%P
その思いが顔に出たのだろう千影さんが笑いかけてくる。%K%P
その思いが顔に出たのだろう千影さんが笑いかけてくる。%K%P
「充分時間稼ぎが出来た……ということ。私の鍵はすでにことりちゃんに渡しているの」%K%P
「充分時間稼ぎが出来た……ということ。私の鍵はすでにことりちゃんに渡しているの」%K%P
「なっ！？」%K%P
「なっ！？」%K%P
「開始して本当にすぐにことりちゃんと合流できたの。鍵を託し別行動をした途端、楓さんと出会ったというわけ」%K%P
「開始して本当にすぐにことりちゃんと合流できたの。鍵を託し別行動をした途端、楓さんと出会ったというわけ」%K%P
そんな、それじゃ私が千影さんと戦ったのは無駄だったという事、か。%K%P
そんな、それじゃ私が千影さんと戦ったのは無駄だったという事、か。%K%P
「これで佳様も奏の元に辿りついていれば、私達の勝ち……なんだけど」%K%P
「これで佳様も奏の元に辿りついていれば、私達の勝ち……なんだけど」%K%P
そこで千影さんが溜息をつく。%K%P
そこで千影さんが溜息をつく。%K%P
「楓さん、あなたなら佳様の事をよくご存じでしょう？」%K%P
「楓さん、あなたなら佳様の事をよくご存じでしょう？」%K%P
「おそらく佳様なら奏の元に向うよりも、{騎士:ワルキュリア}を倒しに行くでしょう」%K%P
「おそらく佳様なら奏の元に向うよりも、{騎士:ワルキュリア}を倒しに行くでしょう」%K%P
「ん！　そ、そうか……」%K%P
「ん！　そ、そうか……」%K%P
佳の性格なら自身が戦わず、アリアが終了するような事態は嫌がるだろう。%K%P
佳の性格なら自身が戦わず、アリアが終了するような事態は嫌がるだろう。%K%P
と、なると積極的に交戦しているに違いない。%K%P
と、なると積極的に交戦しているに違いない。%K%P
「まずい…………ごめん、千影さん、先を急ぐから！」%K%P
「まずい…………ごめん、千影さん、先を急ぐから！」%K%P
綾香さん達はいずみさんの元にいるはず……みんな、なんとか耐え凌いで。%K%P
綾香さん達はいずみさんの元にいるはず……みんな、なんとか耐え凌いで。%K%P
