「おはよう、綾香さん。具合、大丈夫？」%K%P
「おはよう、綾香さん。具合、大丈夫？」%K%P
「うん。もう万全」%K%P
「うん。もう万全」%K%P
着替えた綾香さんが、僕に対してポーズをとるようにして復調をアピールする。%K%P
着替えた綾香さんが、僕に対してポーズをとるようにして復調をアピールする。%K%P
ちょっと大げさではあるけど、顔色も良いし、声にも気力が満ちていて、これなら心配なさそうだ。%K%P
ちょっと大げさではあるけど、顔色も良いし、声にも気力が満ちていて、これなら心配なさそうだ。%K%P
「なにより、今日は大切な日だもの。休むわけにはいかないわ」%K%P
「なにより、今日は大切な日だもの。休むわけにはいかないわ」%K%P
綾香さんの言っているのは、{歌姫:ディーバ}である僕と奏さんが、自分を助ける{騎士:ワルキュリア}のリーダーを指名する集会のことだろう。%K%P
綾香さんの言っているのは、{歌姫:ディーバ}である僕と奏さんが、自分を助ける{騎士:ワルキュリア}のリーダーを指名する集会のことだろう。%K%P
お披露目会と違って自由参加らしいけど、注目されてることもあり、ほとんどの学生が参加するそうだ。%K%P
お披露目会と違って自由参加らしいけど、注目されてることもあり、ほとんどの学生が参加するそうだ。%K%P
ちなみに、誰を選ぶのかは、もう決めてある。%K%P
ちなみに、誰を選ぶのかは、もう決めてある。%K%P
だって、彼女以外にはありえないから。%K%P
だって、彼女以外にはありえないから。%K%P
「……いずみさん？　どうかしたの？」%K%P
「……いずみさん？　どうかしたの？」%K%P
「あっ、ううん。なんでもないよ」%K%P
「あっ、ううん。なんでもないよ」%K%P
元気になったことが嬉しくて、ぼんやりと綾香さんを見つめていたら、きょとんとされてしまった。%K%P
元気になったことが嬉しくて、ぼんやりと綾香さんを見つめていたら、きょとんとされてしまった。%K%P
昨夜辺りから、ずっと身体が火照ってる気がするんだけど……もしかすると、あの間接キスのドキドキをいまだに引きずってるのかもしれない。%K%P
昨夜辺りから、ずっと身体が火照ってる気がするんだけど……もしかすると、あの間接キスのドキドキをいまだに引きずってるのかもしれない。%K%P
発表の時間になって講堂にいくと、朝礼やお披露目会に負けないぐらいの学生が集まっていた。%K%P
発表の時間になって講堂にいくと、朝礼やお披露目会に負けないぐらいの学生が集まっていた。%K%P
ただ、思ったよりも堅苦しさはなくて、学生たちの話し声が壇上まで聞こえるぐらい和やかな雰囲気だ。%K%P
ただ、思ったよりも堅苦しさはなくて、学生たちの話し声が壇上まで聞こえるぐらい和やかな雰囲気だ。%K%P
「では参りましょう、いずみさん」%K%P
「では参りましょう、いずみさん」%K%P
「うん」%K%P
「うん」%K%P
既にアリアに参加する{騎士:ワルキュリア}たちが集まっている壇上に、奏さんと一緒に上がる。%K%P
既にアリアに参加する{騎士:ワルキュリア}たちが集まっている壇上に、奏さんと一緒に上がる。%K%P
そこで、場内の学生たちから軽い拍手がおこった。%K%P
そこで、場内の学生たちから軽い拍手がおこった。%K%P
まず、奏さんが一歩前に出る。%K%P
まず、奏さんが一歩前に出る。%K%P
「今年のアリアにて、私が{騎士:ワルキュリア}を務めて欲しいのは、２年の天承院千影さんです」%K%P
「今年のアリアにて、私が{騎士:ワルキュリア}を務めて欲しいのは、２年の天承院千影さんです」%K%P
そうして奏さんは、千影さんの手をとった。%K%P
そうして奏さんは、千影さんの手をとった。%K%P
讃えるような拍手が講堂を満たすと、千影さんと奏さんは、それに会釈して応える。%K%P
讃えるような拍手が講堂を満たすと、千影さんと奏さんは、それに会釈して応える。%K%P
……続いて、僕の番。%K%P
……続いて、僕の番。%K%P
「私が自分の{騎士:ワルキュリア}に指名するのは、２年の西條綾香さんです」%K%P
「私が自分の{騎士:ワルキュリア}に指名するのは、２年の西條綾香さんです」%K%P
言って、僕は綾香さんのところへ歩み寄った。%K%P
言って、僕は綾香さんのところへ歩み寄った。%K%P
「よろしくね、綾香さん」%K%P
「よろしくね、綾香さん」%K%P
小さな声でそれだけ言葉を交わすと、奏さんを見習って、僕も綾香さんの手をとった。%K%P
小さな声でそれだけ言葉を交わすと、奏さんを見習って、僕も綾香さんの手をとった。%K%P
そしてまた、講堂に拍手が満ちる。%K%P
そしてまた、講堂に拍手が満ちる。%K%P
なんだか恥ずかしくて、でもちょっと心地いい。%K%P
なんだか恥ずかしくて、でもちょっと心地いい。%K%P
隣を見ると、綾香さんはなんとも言えない、気恥ずかしそうな表情で笑っていた。%K%P
隣を見ると、綾香さんはなんとも言えない、気恥ずかしそうな表情で笑っていた。%K%P
その表情が可愛らしかったから、それを伝える代わりに、握った手の力を少しだけ強める。%K%P
その表情が可愛らしかったから、それを伝える代わりに、握った手の力を少しだけ強める。%K%P
すると綾香さんも、ぎゅっと握り返してくれた。%K%P
すると綾香さんも、ぎゅっと握り返してくれた。%K%P
あの後、{歌姫:ディーバ}に選ばれた{騎士:ワルキュリア}――――綾香さんと千影さんの話し合いにより、それぞれのチームメンバーが決められた。%K%P
あの後、{歌姫:ディーバ}に選ばれた{騎士:ワルキュリア}――――綾香さんと千影さんの話し合いにより、それぞれのチームメンバーが決められた。%K%P
僕のチームには、綾香さんの他に、美琴さん、ことりちゃん。%K%P
僕のチームには、綾香さんの他に、美琴さん、ことりちゃん。%K%P
奏さんのチームには、千影さんのほかに、楓さんと夕陽ちゃん。%K%P
奏さんのチームには、千影さんのほかに、楓さんと夕陽ちゃん。%K%P
メンバーが決まったところで集会はおひらきとなり、これでアリアに必要な準備はほぼ整った事になる。%K%P
メンバーが決まったところで集会はおひらきとなり、これでアリアに必要な準備はほぼ整った事になる。%K%P
残りの数日は、決定したチームメイト同士で練習したり、作戦を考えたり、なんてこともするらしい。%K%P
残りの数日は、決定したチームメイト同士で練習したり、作戦を考えたり、なんてこともするらしい。%K%P
そうしたらあとはいよいよ、深皇祭当日――――アリア本番を迎えるのみ、だ。%K%P
そうしたらあとはいよいよ、深皇祭当日――――アリア本番を迎えるのみ、だ。%K%P
「今日はありがとう、いずみさん」%K%P
「今日はありがとう、いずみさん」%K%P
「えっ？　なんのこと？」%K%P
「えっ？　なんのこと？」%K%P
「なんのこと、って……もう、いずみさんったら」%K%P
「なんのこと、って……もう、いずみさんったら」%K%P
いきなりお礼を言われて思わず首を傾げた僕に、綾香さんはどこかおかしそうに笑った。%K%P
いきなりお礼を言われて思わず首を傾げた僕に、綾香さんはどこかおかしそうに笑った。%K%P
「あなたは今日、わたしを{騎士:ワルキュリア}に選んでくれたでしょう？」%K%P
「あなたは今日、わたしを{騎士:ワルキュリア}に選んでくれたでしょう？」%K%P
「ああ、そっか。そうだね」%K%P
「ああ、そっか。そうだね」%K%P
「ごめん、すぐにピンとこなくて……。でも、別にお礼を言われることは何もしていないよ？」%K%P
「ごめん、すぐにピンとこなくて……。でも、別にお礼を言われることは何もしていないよ？」%K%P
「綾香さんを選んだのは、私にとって当たり前のことだったんだから」%K%P
「綾香さんを選んだのは、私にとって当たり前のことだったんだから」%K%P
「当たり前、って……」%K%P
「当たり前、って……」%K%P
「綾香さん以外、考えられなかったってこと」%K%P
「綾香さん以外、考えられなかったってこと」%K%P
「こちらこそ、改めて……私の{騎士:ワルキュリア}になってくれて、ありがとう。綾香さん」%K%P
「こちらこそ、改めて……私の{騎士:ワルキュリア}になってくれて、ありがとう。綾香さん」%K%P
言ってから、自分の台詞がなんだか告白のように思えて、たまらなく照れてしまう。%K%P
言ってから、自分の台詞がなんだか告白のように思えて、たまらなく照れてしまう。%K%P
思えば、朝からずっと身体が火照っているし、ついうっかりして変な事を言ってしまいそうだ。%K%P
思えば、朝からずっと身体が火照っているし、ついうっかりして変な事を言ってしまいそうだ。%K%P
「……実を言うとね、わたし、不安だったの」%K%P
「……実を言うとね、わたし、不安だったの」%K%P
「今年の{騎士:ワルキュリア}は、みんな素敵な子ばかりだから、選んで貰えるか、自信がなくて……」%K%P
「今年の{騎士:ワルキュリア}は、みんな素敵な子ばかりだから、選んで貰えるか、自信がなくて……」%K%P
「ましてこの前、自分が意地を張ったせいで、いずみさんに迷惑をかけてしまったでしょ？」%K%P
「ましてこの前、自分が意地を張ったせいで、いずみさんに迷惑をかけてしまったでしょ？」%K%P
「だから、あれで失望されていても、おかしくないなって思っていて……」%K%P
「だから、あれで失望されていても、おかしくないなって思っていて……」%K%P
「いずみさんが名前を呼んでくれたとき、本当に嬉しかった。それこそ、泣きそうになったぐらい」%K%P
「いずみさんが名前を呼んでくれたとき、本当に嬉しかった。それこそ、泣きそうになったぐらい」%K%P
「綾香さん……」%K%P
「綾香さん……」%K%P
「だから、何度でも言わせて。ありがとう、って」%K%P
「だから、何度でも言わせて。ありがとう、って」%K%P
真っ直ぐに僕を見つめながら語る綾香さんの言葉を聞いていると、身体がさらに熱くなっていく。%K%P
真っ直ぐに僕を見つめながら語る綾香さんの言葉を聞いていると、身体がさらに熱くなっていく。%K%P
その熱は身体の芯を揺さぶりながら、だんだんと頭のほうにまで上ってきた。%K%P
その熱は身体の芯を揺さぶりながら、だんだんと頭のほうにまで上ってきた。%K%P
「……いずみさん？　どうしたの？」%K%P
「……いずみさん？　どうしたの？」%K%P
どこか心配そうに、綾香さんが僕を覗き込む。%K%P
どこか心配そうに、綾香さんが僕を覗き込む。%K%P
顔が近づくと、身体の熱はピークに達して。%K%P
顔が近づくと、身体の熱はピークに達して。%K%P
胸はドキドキして、手の平に汗をかきそうなぐらい、なんとも言えない高揚感に、意識がぼやける。%K%P
胸はドキドキして、手の平に汗をかきそうなぐらい、なんとも言えない高揚感に、意識がぼやける。%K%P
「綾香さん、実は、その……」%K%P
「綾香さん、実は、その……」%K%P
この感覚、もしかして僕は綾香さんを――――、%K%P
この感覚、もしかして僕は綾香さんを――――、%K%P
「……けほんっ」%K%P
「……けほんっ」%K%P
……あれ？%K%P
……あれ？%K%P
「けふっ、けふんっ」%K%P
「けふっ、けふんっ」%K%P
「いっ、いずみさん？　大丈夫？」%K%P
「いっ、いずみさん？　大丈夫？」%K%P
「わ、わかんないけど、急に……けふけふっ」%K%P
「わ、わかんないけど、急に……けふけふっ」%K%P
１度咳き込み出したら止まらず、それに合わせて、ますます身体が火照っていく。%K%P
１度咳き込み出したら止まらず、それに合わせて、ますます身体が火照っていく。%K%P
もっ、もしかしてこれって……風邪？%K%P
もっ、もしかしてこれって……風邪？%K%P
