「あっ……」%K%P
「あっ……」%K%P
「んー、こりゃ、駄目だー」%K%P
「んー、こりゃ、駄目だー」%K%P
佳様の剣が不用意に抜刀した刀を捉え、はじき飛ばした。%K%P
佳様の剣が不用意に抜刀した刀を捉え、はじき飛ばした。%K%P
今日はこれで３回目……二人の実力は均衡していて、これ程圧倒的に差がつくようなことは、今まで無かったのに。%K%P
今日はこれで３回目……二人の実力は均衡していて、これ程圧倒的に差がつくようなことは、今まで無かったのに。%K%P
「このあたりで休憩しよう、楓。いずみちゃん、悪いけど……」%K%P
「このあたりで休憩しよう、楓。いずみちゃん、悪いけど……」%K%P
「はい、タオルとお茶です」%K%P
「はい、タオルとお茶です」%K%P
タイミングを見計らってポットから注いだお茶と、タオルを渡す。%K%P
タイミングを見計らってポットから注いだお茶と、タオルを渡す。%K%P
「おっと、相変らず気が効くね。私が男子だったらお嫁さんにしたいところだよ」%K%P
「おっと、相変らず気が効くね。私が男子だったらお嫁さんにしたいところだよ」%K%P
なんで自然に言っちゃいますかね……僕が男子だから良かったものの、そうじゃなかったら…………あれ？%K%P
なんで自然に言っちゃいますかね……僕が男子だから良かったものの、そうじゃなかったら…………あれ？%K%P
「あ、あはは、ありがとうございます。えと、楓さんもどうぞ。ちょっと熱いから気を付けてね」%K%P
「あ、あはは、ありがとうございます。えと、楓さんもどうぞ。ちょっと熱いから気を付けてね」%K%P
「……ありがとう…………うん、どうかした、いずみさん」%K%P
「……ありがとう…………うん、どうかした、いずみさん」%K%P
どうかしてるのは、楓さんだよ――やっぱり、この前の事が気になってるのかな。%K%P
どうかしてるのは、楓さんだよ――やっぱり、この前の事が気になってるのかな。%K%P
「ううん。えっと、今日は緑茶にしてみたから。濃いめだからちょっと渋いかもしれないけど、元気が出るよ」%K%P
「ううん。えっと、今日は緑茶にしてみたから。濃いめだからちょっと渋いかもしれないけど、元気が出るよ」%K%P
「ん、渋いのは好きだから平気。濃い緑茶は、和菓子と良く合うんだよ？　特に、桜餅なんかとは……」%K%P
「ん、渋いのは好きだから平気。濃い緑茶は、和菓子と良く合うんだよ？　特に、桜餅なんかとは……」%K%P
言いかけて、口を閉じる。手の中の湯飲みを手の平で抱え、視線を落としている。%K%P
言いかけて、口を閉じる。手の中の湯飲みを手の平で抱え、視線を落としている。%K%P
「ふぅ～、今日の楓は気が緩みすぎだね」%K%P
「ふぅ～、今日の楓は気が緩みすぎだね」%K%P
「ん……そんな事」%K%P
「ん……そんな事」%K%P
「無いと言いたいのかい？　刀を取り落とすなんて、普段のキミでは考えられないことだ」%K%P
「無いと言いたいのかい？　刀を取り落とすなんて、普段のキミでは考えられないことだ」%K%P
「あれは……たまたまで。今までにも無かったわけでも……」%K%P
「あれは……たまたまで。今までにも無かったわけでも……」%K%P
「ああ、１回位ならね。それにさ、２回目に刀を飛ばされたときなんか、危うくいずみちゃんに当たりそうになったじゃないか」%K%P
「ああ、１回位ならね。それにさ、２回目に刀を飛ばされたときなんか、危うくいずみちゃんに当たりそうになったじゃないか」%K%P
「け、佳様、あれは当たりませんでしたし、楓さんもわざとじゃ無いですから」%K%P
「け、佳様、あれは当たりませんでしたし、楓さんもわざとじゃ無いですから」%K%P
「うん、いずみちゃんは本当に優しいね。けど、今は口を挟まないで」%K%P
「うん、いずみちゃんは本当に優しいね。けど、今は口を挟まないで」%K%P
「は、はい、すみません……」%K%P
「は、はい、すみません……」%K%P
言葉こそ丁寧なものの、内容は容赦が無い。僕はどうすることも出来ず、両の手を胸に置いて見守る。%K%P
言葉こそ丁寧なものの、内容は容赦が無い。僕はどうすることも出来ず、両の手を胸に置いて見守る。%K%P
「競技用とはいえ、刀だよ？　鎧も着けてない体に、あの勢いで当たれば怪我をしたかも知れない」%K%P
「競技用とはいえ、刀だよ？　鎧も着けてない体に、あの勢いで当たれば怪我をしたかも知れない」%K%P
「気を張ってても、怪我をする事があるんだよ。現に奏達のチームにも練習中に負傷した人が出ている」%K%P
「気を張ってても、怪我をする事があるんだよ。現に奏達のチームにも練習中に負傷した人が出ている」%K%P
「さっきのチーム練習でもだ。指示に迷いが多く、決断が遅い。あれじゃ綾香も夕陽ちゃんもどうして良いか分からないだろ」%K%P
「さっきのチーム練習でもだ。指示に迷いが多く、決断が遅い。あれじゃ綾香も夕陽ちゃんもどうして良いか分からないだろ」%K%P
今日はメンバーを揃えての、チーム練習の日だった。%K%P
今日はメンバーを揃えての、チーム練習の日だった。%K%P
佳様は経験者として、両方のチームにアドバイスをしてくれている。%K%P
佳様は経験者として、両方のチームにアドバイスをしてくれている。%K%P
リーダーの楓さん、メンバーの綾香さんと夕陽ちゃん。そして、僕も{歌姫:ディーバ}として参加した。%K%P
リーダーの楓さん、メンバーの綾香さんと夕陽ちゃん。そして、僕も{歌姫:ディーバ}として参加した。%K%P
「指示が結果として間違ってもしょうがない。未来が見えるわけでは無いからね。修正して、正しい方向に持っていけばいい」%K%P
「指示が結果として間違ってもしょうがない。未来が見えるわけでは無いからね。修正して、正しい方向に持っていけばいい」%K%P
「けれど、リーダーの迷う姿をメンバーに見せたら駄目だ。彼女達は、キミを精神的な支柱としてるのだから」%K%P
「けれど、リーダーの迷う姿をメンバーに見せたら駄目だ。彼女達は、キミを精神的な支柱としてるのだから」%K%P
「楓、今のキミは{騎士:ワルキュリア}としてもリーダーとしても失格だ。やる気がないならアリアから辞退したほうがいい」%K%P
「楓、今のキミは{騎士:ワルキュリア}としてもリーダーとしても失格だ。やる気がないならアリアから辞退したほうがいい」%K%P
「くっ……」%K%P
「くっ……」%K%P
楓さんが唇を噛みしめる。%K%P
楓さんが唇を噛みしめる。%K%P
口を閉じた佳様……道場に沈黙が訪れる。%K%P
口を閉じた佳様……道場に沈黙が訪れる。%K%P
楓さんの握りしめられた拳が、フルフルと震えていた。%K%P
楓さんの握りしめられた拳が、フルフルと震えていた。%K%P
「楓、こんなことではいずみちゃんを守れないよ」%K%P
「楓、こんなことではいずみちゃんを守れないよ」%K%P
「迷いがあるのなら、話してご覧よ。私や、いずみちゃんは、キミの友達なんだから」%K%P
「迷いがあるのなら、話してご覧よ。私や、いずみちゃんは、キミの友達なんだから」%K%P
佳様と目が合う。厳しさの中にも、友を思う温かさが垣間見れた。%K%P
佳様と目が合う。厳しさの中にも、友を思う温かさが垣間見れた。%K%P
「楓さん……私じゃ頼り無いかも知れないけれど……ね？」%K%P
「楓さん……私じゃ頼り無いかも知れないけれど……ね？」%K%P
「……そうだよね、こんな事じゃ{歌姫:ディーバ}を守れない……ごめん、いずみさん、佳」%K%P
「……そうだよね、こんな事じゃ{歌姫:ディーバ}を守れない……ごめん、いずみさん、佳」%K%P
楓さんが深々と頭を下げる。鎧が軋み、音を立てた。%K%P
楓さんが深々と頭を下げる。鎧が軋み、音を立てた。%K%P
「確かに、注意力が欠けていた。{騎士:ワルキュリア}失格と言われても、仕方がないと思う」%K%P
「確かに、注意力が欠けていた。{騎士:ワルキュリア}失格と言われても、仕方がないと思う」%K%P
「雑念を捨てて、集中すべきなのに……どうしても出来なくて」%K%P
「雑念を捨てて、集中すべきなのに……どうしても出来なくて」%K%P
「迷いを無くすためにも、全て話すから。ううん、聞いて欲しい」%K%P
「迷いを無くすためにも、全て話すから。ううん、聞いて欲しい」%K%P
居住いを正した楓さんが、ぽつりぽつりと語り出す。%K%P
居住いを正した楓さんが、ぽつりぽつりと語り出す。%K%P
不器用で、けれども真っ正直な言葉で。%K%P
不器用で、けれども真っ正直な言葉で。%K%P
それは、司という青年との出来事や、彼への想いだった。%K%P
それは、司という青年との出来事や、彼への想いだった。%K%P
「――この学園に司を招待して、道場で剣を交えたんだ」%K%P
「――この学園に司を招待して、道場で剣を交えたんだ」%K%P
「前にも話したように、司の剣は自由で、制限が無くて。対峙しているだけで、胸が躍って」%K%P
「前にも話したように、司の剣は自由で、制限が無くて。対峙しているだけで、胸が躍って」%K%P
「はは、ホント楽しそうだもんね、楓。私と練習してる時と大違いだよ」%K%P
「はは、ホント楽しそうだもんね、楓。私と練習してる時と大違いだよ」%K%P
そうなのか……僕は剣を振うことに必死で、気がつかなかったけど。%K%P
そうなのか……僕は剣を振うことに必死で、気がつかなかったけど。%K%P
「佳、あなたとの稽古は、緊張感や技のせめぎ合いという意味で、胸が躍る。決してないがしろにしているわけじゃ無いから」%K%P
「佳、あなたとの稽古は、緊張感や技のせめぎ合いという意味で、胸が躍る。決してないがしろにしているわけじゃ無いから」%K%P
「おっと、褒められたのかな？」%K%P
「おっと、褒められたのかな？」%K%P
「茶化さないで。司の剣は……新しい自分を見つけられるっていうか……うん、可能性なのかな」%K%P
「茶化さないで。司の剣は……新しい自分を見つけられるっていうか……うん、可能性なのかな」%K%P
「私を未知なる世界へと導いてくれる期待――希望を感じるんだ」%K%P
「私を未知なる世界へと導いてくれる期待――希望を感じるんだ」%K%P
未知なる世界へ導いてくれる希望、か。%K%P
未知なる世界へ導いてくれる希望、か。%K%P
確か、あの時も、似たようなことを言っていたっけ。%K%P
確か、あの時も、似たようなことを言っていたっけ。%K%P
「これからも司と剣を交えたい。ううん、それだけじゃなくて、言葉を交わしたい、街を案内したい、桜餅を一緒に食べたい」%K%P
「これからも司と剣を交えたい。ううん、それだけじゃなくて、言葉を交わしたい、街を案内したい、桜餅を一緒に食べたい」%K%P
「そして……ずっと側にいたい」%K%P
「そして……ずっと側にいたい」%K%P
「んくっ……」%K%P
「んくっ……」%K%P
「そんな……私の願いは、贅沢な物なのかな」%K%P
「そんな……私の願いは、贅沢な物なのかな」%K%P
楓さんの飾り気のない言葉が胸に突き刺さる。僕は、君の直ぐ側にいる。ずっと、いた。%K%P
楓さんの飾り気のない言葉が胸に突き刺さる。僕は、君の直ぐ側にいる。ずっと、いた。%K%P
でもそれは、『いずみ』の僕で、『司』の僕ではない。%K%P
でもそれは、『いずみ』の僕で、『司』の僕ではない。%K%P
この場で全てを告白して、楓さんの思いに応えてあげたい。%K%P
この場で全てを告白して、楓さんの思いに応えてあげたい。%K%P
けれど……そうしたら、アリアは……%K%P
けれど……そうしたら、アリアは……%K%P
深皇祭に掛ける全ての人の思いは……どうなってしまうのか……%K%P
深皇祭に掛ける全ての人の思いは……どうなってしまうのか……%K%P
「司とは、初めて会ったっていうのに、昔から知っているように思えた……」%K%P
「司とは、初めて会ったっていうのに、昔から知っているように思えた……」%K%P
「これって……{縁:えにし}があるって事だと思う」%K%P
「これって……{縁:えにし}があるって事だと思う」%K%P
「これ程男性の事を想うのは初めてで……いずみさん、私、どうしたらいいのかな」%K%P
「これ程男性の事を想うのは初めてで……いずみさん、私、どうしたらいいのかな」%K%P
「あっ……うん」%K%P
「あっ……うん」%K%P
楓さんの手が僕の手に重ねられる。マッサージしてくれたその手が火照っている。%K%P
楓さんの手が僕の手に重ねられる。マッサージしてくれたその手が火照っている。%K%P
僕は答えることが出来ない……いずみは司なんだ。%K%P
僕は答えることが出来ない……いずみは司なんだ。%K%P
遠くからチャイムが聞こえてくる。%K%P
遠くからチャイムが聞こえてくる。%K%P
ここだけが時間が止まってしまっているかのように、{密:ひそ}やかだ。%K%P
ここだけが時間が止まってしまっているかのように、{密:ひそ}やかだ。%K%P
「楓……これは、もし私のことだったらと仮定しての話だけど……」%K%P
「楓……これは、もし私のことだったらと仮定しての話だけど……」%K%P
「お願い、聞かせて……佳」%K%P
「お願い、聞かせて……佳」%K%P
「うん……想いは、告げるべきだと思う」%K%P
「うん……想いは、告げるべきだと思う」%K%P
「佳様……」%K%P
「佳様……」%K%P
「確かに司くんは留学先に戻らないといけない。片やキミはここで学生を続ける身だ……側にはいられないかもしれないよね」%K%P
「確かに司くんは留学先に戻らないといけない。片やキミはここで学生を続ける身だ……側にはいられないかもしれないよね」%K%P
別れる事が決まっている未来。%K%P
別れる事が決まっている未来。%K%P
想像するだけで、お腹の底が冷えてしまいそうな不安を感じる。%K%P
想像するだけで、お腹の底が冷えてしまいそうな不安を感じる。%K%P
「けどさ、それが何だというんだい。したいことはする。想ったことは告げる」%K%P
「けどさ、それが何だというんだい。したいことはする。想ったことは告げる」%K%P
「人生最後の日が来てさ、あの時、告げておけば良かった、なんての、やでしょ？」%K%P
「人生最後の日が来てさ、あの時、告げておけば良かった、なんての、やでしょ？」%K%P
小さく笑う佳様。まったく……あなた、格好良すぎですよ。%K%P
小さく笑う佳様。まったく……あなた、格好良すぎですよ。%K%P
不器用で、不格好で、でも、宝石のような彼女が居なかったら、危ないところでした。%K%P
不器用で、不格好で、でも、宝石のような彼女が居なかったら、危ないところでした。%K%P
僕の側で、彼女がコブシを握る。%K%P
僕の側で、彼女がコブシを握る。%K%P
「……佳の言葉、確かに受け取ったよ。私の気持ちを、代弁してくれたんだね。いい友達を持てて、幸せだと思う」%K%P
「……佳の言葉、確かに受け取ったよ。私の気持ちを、代弁してくれたんだね。いい友達を持てて、幸せだと思う」%K%P
「ふふ、キミとの付き合いも随分になるからね。その様子だと、決心できたみたいだね」%K%P
「ふふ、キミとの付き合いも随分になるからね。その様子だと、決心できたみたいだね」%K%P
「ん。迷いはあるし、戸惑いもある。今も不安でいっぱい。けれど……私は……決めた」%K%P
「ん。迷いはあるし、戸惑いもある。今も不安でいっぱい。けれど……私は……決めた」%K%P
僕らだけに聞こえる、小さな声音。%K%P
僕らだけに聞こえる、小さな声音。%K%P
けれど、そこには明確な意志が籠っていた。%K%P
けれど、そこには明確な意志が籠っていた。%K%P
