授業の合間の休み時間に今日もおしゃべりの花が咲く。%K%P
授業の合間の休み時間に今日もおしゃべりの花が咲く。%K%P
綾香さんは今日も活発で快活で活動的だ。%K%P
綾香さんは今日も活発で快活で活動的だ。%K%P
「今日も差し入れ持っていくつもりだから楽しみにしててね」%K%P
「今日も差し入れ持っていくつもりだから楽しみにしててね」%K%P
「ありがと。でも連日だと大変じゃない？」%K%P
「ありがと。でも連日だと大変じゃない？」%K%P
「ちょっと手間が増えるくらいでも、今は忙しい時期だろうし」%K%P
「ちょっと手間が増えるくらいでも、今は忙しい時期だろうし」%K%P
綾香さんだって{騎士:ワルキュリア}に選ばれた一員である以上、深皇祭に向けて準備やら練習やらで、けっして暇はないはずだ。%K%P
綾香さんだって{騎士:ワルキュリア}に選ばれた一員である以上、深皇祭に向けて準備やら練習やらで、けっして暇はないはずだ。%K%P
普段の学業も疎かにしている気配もないし、端から見たらけっこうなハードスケジュールじゃないだろうか。%K%P
普段の学業も疎かにしている気配もないし、端から見たらけっこうなハードスケジュールじゃないだろうか。%K%P
「毎日がとっても充実しているから全然気にならないわ」%K%P
「毎日がとっても充実しているから全然気にならないわ」%K%P
「むしろ、大変だからこそ楽しいって感じかな」%K%P
「むしろ、大変だからこそ楽しいって感じかな」%K%P
「あー、なんか分かるな」%K%P
「あー、なんか分かるな」%K%P
試験勉強で徹夜するのは気が滅入るけど、文化祭の準備で徹夜するのは全然苦にならない、みたいなことだろう。%K%P
試験勉強で徹夜するのは気が滅入るけど、文化祭の準備で徹夜するのは全然苦にならない、みたいなことだろう。%K%P
「それに、合間合間でちゃんと息抜きしてるから心配しないで」%K%P
「それに、合間合間でちゃんと息抜きしてるから心配しないで」%K%P
「例えば……今なら差し入れのついでに聞くことが出来るいずみさんの歌とか」%K%P
「例えば……今なら差し入れのついでに聞くことが出来るいずみさんの歌とか」%K%P
「はは、そうなんだ。そう言われると、私も練習を張り切らないわけにはいかなくなっちゃうな」%K%P
「はは、そうなんだ。そう言われると、私も練習を張り切らないわけにはいかなくなっちゃうな」%K%P
「今から深皇祭が楽しみで仕方ないの。きっと素敵な{歌姫:ディーバ}が見られるでしょうし」%K%P
「今から深皇祭が楽しみで仕方ないの。きっと素敵な{歌姫:ディーバ}が見られるでしょうし」%K%P
綾香さんの表情が明るい。%K%P
綾香さんの表情が明るい。%K%P
本当に待ち遠しくて仕方がないんだなぁ。%K%P
本当に待ち遠しくて仕方がないんだなぁ。%K%P
「それじゃ差し入れ楽しみにしてるよ。私としても、一人でやってるとついつい熱を入れ過ぎちゃうから助かるな～」%K%P
「それじゃ差し入れ楽しみにしてるよ。私としても、一人でやってるとついつい熱を入れ過ぎちゃうから助かるな～」%K%P
華やかな本番を成功させるためには、日々の積み重ねが大事だ。%K%P
華やかな本番を成功させるためには、日々の積み重ねが大事だ。%K%P
好きな歌のことなので地味で代わり映えのしない練習の繰り返しに苦労は感じないけど、周囲からの応援はあればあったでとても励みになる。%K%P
好きな歌のことなので地味で代わり映えのしない練習の繰り返しに苦労は感じないけど、周囲からの応援はあればあったでとても励みになる。%K%P
単純だけどやっぱり期待されたらがんばろうって気になるもんね。%K%P
単純だけどやっぱり期待されたらがんばろうって気になるもんね。%K%P
一方、美琴さんはちょっと複雑そうな表情だ。%K%P
一方、美琴さんはちょっと複雑そうな表情だ。%K%P
「綾香がいずみさんを応援したくなるのは当然だろうけど、ちょっとは肩の力を抜いたら？」%K%P
「綾香がいずみさんを応援したくなるのは当然だろうけど、ちょっとは肩の力を抜いたら？」%K%P
「かかりっきりになりすぎて、他のことが疎かになったら本末転倒でしょ。例えばアリアの練習とか」%K%P
「かかりっきりになりすぎて、他のことが疎かになったら本末転倒でしょ。例えばアリアの練習とか」%K%P
「心配してくれてありがと。でも大丈夫。気力体力が充実している今のわたしに抜かりなんてないから」%K%P
「心配してくれてありがと。でも大丈夫。気力体力が充実している今のわたしに抜かりなんてないから」%K%P
「ふふ、そうやって張り切ってるときに限ってうっかりが出てくるのが綾香だからな～。どうなんだろうね？」%K%P
「ふふ、そうやって張り切ってるときに限ってうっかりが出てくるのが綾香だからな～。どうなんだろうね？」%K%P
「もう、信用ないなぁ」%K%P
「もう、信用ないなぁ」%K%P
ぷくりと膨れる綾香さん。うん、可愛い。%K%P
ぷくりと膨れる綾香さん。うん、可愛い。%K%P
でも美琴さんの意見には僕も賛成だ。一つのことに集中しすぎるとそれ以外のことに気が回らなくなってくる傾向があるのは確かだし。%K%P
でも美琴さんの意見には僕も賛成だ。一つのことに集中しすぎるとそれ以外のことに気が回らなくなってくる傾向があるのは確かだし。%K%P
と、不意にクラスの担任の先生が教室に姿を見せた。%K%P
と、不意にクラスの担任の先生が教室に姿を見せた。%K%P
綾香さんの元にやってくる。%K%P
綾香さんの元にやってくる。%K%P
「西條さん、資料整理は１５時から図書室に変更になったので、それを伝えに来ました」%K%P
「西條さん、資料整理は１５時から図書室に変更になったので、それを伝えに来ました」%K%P
「資料整理？」%K%P
「資料整理？」%K%P
「先週お願いしていた件です。もしかして忘れてましたか？」%K%P
「先週お願いしていた件です。もしかして忘れてましたか？」%K%P
「……あ、い、いえっ、覚えています。１５時からですね。はい、ありがとうございます」%K%P
「……あ、い、いえっ、覚えています。１５時からですね。はい、ありがとうございます」%K%P
「確かに伝えましたよ。私もすぐに行きますから、みんなそろったら作業は先に始めててください」%K%P
「確かに伝えましたよ。私もすぐに行きますから、みんなそろったら作業は先に始めててください」%K%P
そうして先生は廊下に戻っていった。%K%P
そうして先生は廊下に戻っていった。%K%P
美琴さんが肩をすくめながら、噴き出しそうになるのを堪えている。%K%P
美琴さんが肩をすくめながら、噴き出しそうになるのを堪えている。%K%P
「誰に抜かりがないのかな？」%K%P
「誰に抜かりがないのかな？」%K%P
「……いじわる」%K%P
「……いじわる」%K%P
「で、どうするの。資料整理って時間掛かりそう？」%K%P
「で、どうするの。資料整理って時間掛かりそう？」%K%P
「うん、たぶん二時間くらい……」%K%P
「うん、たぶん二時間くらい……」%K%P
「どうしよう。いずみさんとも約束しちゃったのに」%K%P
「どうしよう。いずみさんとも約束しちゃったのに」%K%P
綾香さんみたいに責任感が強い人にしてみれば、まさにジレンマもいいところだろう。%K%P
綾香さんみたいに責任感が強い人にしてみれば、まさにジレンマもいいところだろう。%K%P
もっとも差し入れはあくまで綾香さんの好意によるものだし、そこまで気にすることはないと思う。%K%P
もっとも差し入れはあくまで綾香さんの好意によるものだし、そこまで気にすることはないと思う。%K%P
「私の方はいいから、先生の用事を優先してあげて」%K%P
「私の方はいいから、先生の用事を優先してあげて」%K%P
「でも……」%K%P
「でも……」%K%P
「だったら差し入れはあたしに任せて、綾香は資料整理に集中するというのはどうかな」%K%P
「だったら差し入れはあたしに任せて、綾香は資料整理に集中するというのはどうかな」%K%P
「綾香にしてみればどっちもないがしろにしたくないんでしょう？」%K%P
「綾香にしてみればどっちもないがしろにしたくないんでしょう？」%K%P
「それもそうね……美琴なら安心かな。いずみさんも美琴のレモネードとても気に入ってたし」%K%P
「それもそうね……美琴なら安心かな。いずみさんも美琴のレモネードとても気に入ってたし」%K%P
「うん。遠慮しないで頼ってよ」%K%P
「うん。遠慮しないで頼ってよ」%K%P
「いずみさんもいい？」%K%P
「いずみさんもいい？」%K%P
「もちろん」%K%P
「もちろん」%K%P
わざわざ断りを入れなくてもいいのに、美琴さんって律儀だ。%K%P
わざわざ断りを入れなくてもいいのに、美琴さんって律儀だ。%K%P
誰であろうと応援してくれるのはありがたいものだしね。%K%P
誰であろうと応援してくれるのはありがたいものだしね。%K%P
放課後になっていつものように自主練に励んでいる。%K%P
放課後になっていつものように自主練に励んでいる。%K%P
軽くストレッチをして身体を温めてから、ボイストレーニングを一通り終えた辺りで珍しくお客さんがやってきた。%K%P
軽くストレッチをして身体を温めてから、ボイストレーニングを一通り終えた辺りで珍しくお客さんがやってきた。%K%P
「あの、失礼します。よろしいでしょうか？」%K%P
「あの、失礼します。よろしいでしょうか？」%K%P
「うん？　どうしたのかな」%K%P
「うん？　どうしたのかな」%K%P
「はい、いずみ様さえよろしければ、ここで見学させていただきたいのですが」%K%P
「はい、いずみ様さえよろしければ、ここで見学させていただきたいのですが」%K%P
「見学？　ただ練習してるだけだから、見ててもつまらないと思うけど」%K%P
「見学？　ただ練習してるだけだから、見ててもつまらないと思うけど」%K%P
「そんなことありません。ここの所、放課後になるといつも遠くから流れてくる素敵な歌声を耳にしていましたから」%K%P
「そんなことありません。ここの所、放課後になるといつも遠くから流れてくる素敵な歌声を耳にしていましたから」%K%P
「決してじゃまはしません。大人しくしています。間近でいずみ様のお歌を聴けたらそれだけで満足ですから」%K%P
「決してじゃまはしません。大人しくしています。間近でいずみ様のお歌を聴けたらそれだけで満足ですから」%K%P
三人とも心持ち興奮した面持ちで目をキラキラと輝かせていた。%K%P
三人とも心持ち興奮した面持ちで目をキラキラと輝かせていた。%K%P
そんなに僕の歌を気に入ってくれたのかな？　%K%P
そんなに僕の歌を気に入ってくれたのかな？　%K%P
なにはともあれ歌を楽しんで貰えたのなら素直にうれしい。サービス精神を刺激されて、もっと聴かせてあげたくもなる。%K%P
なにはともあれ歌を楽しんで貰えたのなら素直にうれしい。サービス精神を刺激されて、もっと聴かせてあげたくもなる。%K%P
「いいよ。練習中はあまりおかまいできないけど、それでも良ければ見学していってね」%K%P
「いいよ。練習中はあまりおかまいできないけど、それでも良ければ見学していってね」%K%P
「ありがとうございます、いずみ様！」%K%P
「ありがとうございます、いずみ様！」%K%P
「わ～い、やった！」%K%P
「わ～い、やった！」%K%P
こうストレートに喜ばれると、こっちも気合いが入る。%K%P
こうストレートに喜ばれると、こっちも気合いが入る。%K%P
よし、ギャラリーにガッカリされないためにもがんばろう。%K%P
よし、ギャラリーにガッカリされないためにもがんばろう。%K%P
「おまたせ～、って、あら？」%K%P
「おまたせ～、って、あら？」%K%P
「へぇ、今日は見学者がいるんだ。やっぱり{歌姫:ディーバ}の人気って凄いわ」%K%P
「へぇ、今日は見学者がいるんだ。やっぱり{歌姫:ディーバ}の人気って凄いわ」%K%P
ステンレスボトルを手にして現れた美琴さんは、ちょっと驚いたようだった。%K%P
ステンレスボトルを手にして現れた美琴さんは、ちょっと驚いたようだった。%K%P
「やっぱり間近で聞かせていただいた時の迫力は一際凄いですね！」%K%P
「やっぱり間近で聞かせていただいた時の迫力は一際凄いですね！」%K%P
「感動しました……っ」%K%P
「感動しました……っ」%K%P
「どうやったらいずみ様のように素敵な歌声を出せるようになるのですか？」%K%P
「どうやったらいずみ様のように素敵な歌声を出せるようになるのですか？」%K%P
練習に一区切り付け、休憩に入った途端、下級生たちに取り囲まれてしまった。%K%P
練習に一区切り付け、休憩に入った途端、下級生たちに取り囲まれてしまった。%K%P
みんなすっかり興奮しているみたいで、紅潮しながら目を輝かせている。%K%P
みんなすっかり興奮しているみたいで、紅潮しながら目を輝かせている。%K%P
矢継ぎ早にあれやこれやと話しかけてくる勢いに負けて、ちょっと尻込みしてしまいそうかも。%K%P
矢継ぎ早にあれやこれやと話しかけてくる勢いに負けて、ちょっと尻込みしてしまいそうかも。%K%P
「どうしたの。凄い人気じゃない」%K%P
「どうしたの。凄い人気じゃない」%K%P
「私が練習しているのが気になって、見学に来てくれたんだって。ね」%K%P
「私が練習しているのが気になって、見学に来てくれたんだって。ね」%K%P
「はい、とても素晴らしい歌声に引き寄せられてしまったと言いますか」%K%P
「はい、とても素晴らしい歌声に引き寄せられてしまったと言いますか」%K%P
「ああ、なるほど。その気持ちは良く分かるわ」%K%P
「ああ、なるほど。その気持ちは良く分かるわ」%K%P
「ふと耳にして、気づいたらいつの間にかずっと聞き惚れていたなんて普通にあるもんね」%K%P
「ふと耳にして、気づいたらいつの間にかずっと聞き惚れていたなんて普通にあるもんね」%K%P
「そうなんですっ、とても心地良い歌声が印象的で、すぐにファンになってしまいました」%K%P
「そうなんですっ、とても心地良い歌声が印象的で、すぐにファンになってしまいました」%K%P
ちょっと大げさかなと思わないでもないけど、楽しんでくれているなら何よりだ。%K%P
ちょっと大げさかなと思わないでもないけど、楽しんでくれているなら何よりだ。%K%P
基本、歌い手は誰かに聞いて貰うために歌っているわけだからね。%K%P
基本、歌い手は誰かに聞いて貰うために歌っているわけだからね。%K%P
「奏様も{歌姫:ディーバ}に相応しいお方ですが、いずみ様も素晴らしい{歌姫:ディーバ}だと思うんです。深皇祭が今から楽しみで仕方がありません」%K%P
「奏様も{歌姫:ディーバ}に相応しいお方ですが、いずみ様も素晴らしい{歌姫:ディーバ}だと思うんです。深皇祭が今から楽しみで仕方がありません」%K%P
「まあ、うちの学生ならみんなそうでしょうね」%K%P
「まあ、うちの学生ならみんなそうでしょうね」%K%P
「楽しいお話も聞かせて貰えるし、勇気を出して見学に来て本当に良かったです」%K%P
「楽しいお話も聞かせて貰えるし、勇気を出して見学に来て本当に良かったです」%K%P
全身から喜びが伝わってくる。これが慕われてるってコトなのかな。悪い気はしない。%K%P
全身から喜びが伝わってくる。これが慕われてるってコトなのかな。悪い気はしない。%K%P
……ただ、女装中の身の上としては、あんまり熱烈に取り囲まれるのも困りものだ。%K%P
……ただ、女装中の身の上としては、あんまり熱烈に取り囲まれるのも困りものだ。%K%P
違和感を与えないようにしつつ、上級生らしく振る舞わないといけないのが結構気を遣う。%K%P
違和感を与えないようにしつつ、上級生らしく振る舞わないといけないのが結構気を遣う。%K%P
「私の方こそ可愛らしい後輩に応援して貰えてうれしいよ」%K%P
「私の方こそ可愛らしい後輩に応援して貰えてうれしいよ」%K%P
「あぁ、いずみ様……っ」%K%P
「あぁ、いずみ様……っ」%K%P
「これからも精一杯応援させていただきますね！」%K%P
「これからも精一杯応援させていただきますね！」%K%P
……ますます目を輝かせていた。さじ加減を間違ったかも。%K%P
……ますます目を輝かせていた。さじ加減を間違ったかも。%K%P
素っ気なくしてもいけないだろうし、ちょっと困ったなぁ。%K%P
素っ気なくしてもいけないだろうし、ちょっと困ったなぁ。%K%P
「…………」%K%P
「…………」%K%P
なんだか美琴さんが複雑そうな顔でこちらを見ている。%K%P
なんだか美琴さんが複雑そうな顔でこちらを見ている。%K%P
なにか気になることでもあるのかな？%K%P
なにか気になることでもあるのかな？%K%P
「どうしたの、美琴さん」%K%P
「どうしたの、美琴さん」%K%P
「え、ああ、うん」%K%P
「え、ああ、うん」%K%P
「いずみさんにじゃなくて……あなたたち」%K%P
「いずみさんにじゃなくて……あなたたち」%K%P
「はい、なんでしょうか」%K%P
「はい、なんでしょうか」%K%P
「うれしいのは分かるけど、矢継ぎ早に話しかけてばかりいたらいずみさんの休憩にならないでしょ」%K%P
「うれしいのは分かるけど、矢継ぎ早に話しかけてばかりいたらいずみさんの休憩にならないでしょ」%K%P
「大事な練習中なんだから邪魔にならないようほどほどにね」%K%P
「大事な練習中なんだから邪魔にならないようほどほどにね」%K%P
美琴さんに注意されると下級生たちはハッと息を呑んだ。%K%P
美琴さんに注意されると下級生たちはハッと息を呑んだ。%K%P
「す、済みません。決してそんなつもりじゃ……」%K%P
「す、済みません。決してそんなつもりじゃ……」%K%P
そして素直にペコリと頭を下げる。%K%P
そして素直にペコリと頭を下げる。%K%P
「美琴様の仰るとおりです。ついはしゃぎすぎてしまいました」%K%P
「美琴様の仰るとおりです。ついはしゃぎすぎてしまいました」%K%P
「応援するつもりがこれじゃ本末転倒ですね」%K%P
「応援するつもりがこれじゃ本末転倒ですね」%K%P
本当に悪気はなかったようで、シュンと小さくなっていた。%K%P
本当に悪気はなかったようで、シュンと小さくなっていた。%K%P
素直な子たちなんだなぁ。%K%P
素直な子たちなんだなぁ。%K%P
美琴さんも必要以上に強く言うつもりはないらしい。微笑みながら優しく諭している。%K%P
美琴さんも必要以上に強く言うつもりはないらしい。微笑みながら優しく諭している。%K%P
「みんなの気持ちがいずみさんの励みになるのは間違いないんだから、あとは節度のある応援になるよう心がけましょうね」%K%P
「みんなの気持ちがいずみさんの励みになるのは間違いないんだから、あとは節度のある応援になるよう心がけましょうね」%K%P
美琴さんの言葉に下級生たちはコクコクと頷いた。%K%P
美琴さんの言葉に下級生たちはコクコクと頷いた。%K%P
練習が終わって音楽室を出た。%K%P
練習が終わって音楽室を出た。%K%P
ドアの鍵を閉めて戸締まりをしっかり確認する。%K%P
ドアの鍵を閉めて戸締まりをしっかり確認する。%K%P
「よし、じゃあ帰ろうか」%K%P
「よし、じゃあ帰ろうか」%K%P
「うん。今からでも法子さんのお手伝いは間に合いそうね」%K%P
「うん。今からでも法子さんのお手伝いは間に合いそうね」%K%P
「別に私の方は最後まで付き合う必要なかったのに」%K%P
「別に私の方は最後まで付き合う必要なかったのに」%K%P
なんとなく美琴さんが微笑ましくて頬が緩んだ。%K%P
なんとなく美琴さんが微笑ましくて頬が緩んだ。%K%P
「あ～、ついよ、つい」%K%P
「あ～、ついよ、つい」%K%P
「昨日と同じ。ホント、いずみさんの歌を聴いてると時間が経つのを忘れちゃうのよね」%K%P
「昨日と同じ。ホント、いずみさんの歌を聴いてると時間が経つのを忘れちゃうのよね」%K%P
「下級生のこと注意したけど、あの子たちがきゃあきゃあはしゃぎたくなる気持ちも分かるの」%K%P
「下級生のこと注意したけど、あの子たちがきゃあきゃあはしゃぎたくなる気持ちも分かるの」%K%P
「あはは、でも美琴さんが彼女たちに言ってくれたのは助かったよ」%K%P
「あはは、でも美琴さんが彼女たちに言ってくれたのは助かったよ」%K%P
「そう？」%K%P
「そう？」%K%P
「なんというか……女の子にわ～ってこられると、あの明るさとパワーに気圧されちゃうんだよね」%K%P
「なんというか……女の子にわ～ってこられると、あの明るさとパワーに気圧されちゃうんだよね」%K%P
「学年が一つ違うだけで、いずみさんだって同じ女の子じゃない」%K%P
「学年が一つ違うだけで、いずみさんだって同じ女の子じゃない」%K%P
「そ、それはそうなんだけど」%K%P
「そ、それはそうなんだけど」%K%P
正直に言うに言えないジレンマ。どうにももどかしい。%K%P
正直に言うに言えないジレンマ。どうにももどかしい。%K%P
美琴さんが来て助かったと思ったのは確かだから、せめて感謝の気持ちだけはまっすぐ伝えたい。%K%P
美琴さんが来て助かったと思ったのは確かだから、せめて感謝の気持ちだけはまっすぐ伝えたい。%K%P
「差し入れのレモネードも美味しかったし、下級生のこともあるし、本当ありがとう美琴さん」%K%P
「差し入れのレモネードも美味しかったし、下級生のこともあるし、本当ありがとう美琴さん」%K%P
「べ、別にそんな、大げさねぇ」%K%P
「べ、別にそんな、大げさねぇ」%K%P
「綾香も忙しいことが多いし、あれくらいのことで良ければいつでもお手伝いするわよ」%K%P
「綾香も忙しいことが多いし、あれくらいのことで良ければいつでもお手伝いするわよ」%K%P
こんどはハッキリと照れくさそうにしているのが分かる。%K%P
こんどはハッキリと照れくさそうにしているのが分かる。%K%P
思ったんだけど、法子さんの料理を手伝ったときもあれこれ細かく教えてくれたし、美琴さんて面倒見が良い世話焼タイプなのかもしれないなぁ。%K%P
思ったんだけど、法子さんの料理を手伝ったときもあれこれ細かく教えてくれたし、美琴さんて面倒見が良い世話焼タイプなのかもしれないなぁ。%K%P
