そして迎えた、深皇祭当日。%K%P
そして迎えた、深皇祭当日。%K%P
学生たちだけでなく、その家族や招待客が招かれた関係で、学園はいつにも増して賑やかだった。%K%P
学生たちだけでなく、その家族や招待客が招かれた関係で、学園はいつにも増して賑やかだった。%K%P
一般解放された庭園でお茶を楽しむ人がいたり、修練所で披露される候補生の馬術や剣舞に圧倒される人がいたり。%K%P
一般解放された庭園でお茶を楽しむ人がいたり、修練所で披露される候補生の馬術や剣舞に圧倒される人がいたり。%K%P
そんな一般客の様子は、この学園に編入してきたばかりの頃の自分を見ているようだった。%K%P
そんな一般客の様子は、この学園に編入してきたばかりの頃の自分を見ているようだった。%K%P
確かに、ここは普通の女子学園とはちょっと違っていて、校風や行事に、少し独特なところもある。%K%P
確かに、ここは普通の女子学園とはちょっと違っていて、校風や行事に、少し独特なところもある。%K%P
でも、一ヶ月過ごしてみて、深皇学園がいかに素晴らしいところかは、僕自身がよく知っていた。%K%P
でも、一ヶ月過ごしてみて、深皇学園がいかに素晴らしいところかは、僕自身がよく知っていた。%K%P
だから、深皇祭を通じて、この学園を好きになる人は１人でも多くいてくれたら、嬉しいと思う。%K%P
だから、深皇祭を通じて、この学園を好きになる人は１人でも多くいてくれたら、嬉しいと思う。%K%P
「うわ、すごい……」%K%P
「うわ、すごい……」%K%P
セレモニーのために講堂へやってくると、真っ先に目に飛び込んできたのは大型のスクリーンだった。%K%P
セレモニーのために講堂へやってくると、真っ先に目に飛び込んできたのは大型のスクリーンだった。%K%P
「このスクリーンに、アリアの模様が中継されるようになっているんです」%K%P
「このスクリーンに、アリアの模様が中継されるようになっているんです」%K%P
「さすがに、あの森に観客席を設けるわけにはいきませんから」%K%P
「さすがに、あの森に観客席を設けるわけにはいきませんから」%K%P
「とくに{歌姫:ディーバ}のまわりは重点的に中継されますから、気を抜いて粗相のないように」%K%P
「とくに{歌姫:ディーバ}のまわりは重点的に中継されますから、気を抜いて粗相のないように」%K%P
法子さんの話によれば、森の中にはカメラが設置してあり、それで{騎士:ワルキュリア}同士の戦いや、歌唱する{歌姫:ディーバ}の様子を中継するという。%K%P
法子さんの話によれば、森の中にはカメラが設置してあり、それで{騎士:ワルキュリア}同士の戦いや、歌唱する{歌姫:ディーバ}の様子を中継するという。%K%P
さらに、そのカメラを通じて、アリアの途中結果――――どちらのチームがいくつ鍵を解放したかも、アナウンスしてくれるのだという。%K%P
さらに、そのカメラを通じて、アリアの途中結果――――どちらのチームがいくつ鍵を解放したかも、アナウンスしてくれるのだという。%K%P
「さあ、いずみさん。アリアの前に{歌姫:ディーバ}によるセレモニーをよろしくお願いします」%K%P
「さあ、いずみさん。アリアの前に{歌姫:ディーバ}によるセレモニーをよろしくお願いします」%K%P
「はい」%K%P
「はい」%K%P
無事にセレモニーを終えたあと、少しの休憩を挟んだ僕と奏さんは、森の入口へとやってきた。%K%P
無事にセレモニーを終えたあと、少しの休憩を挟んだ僕と奏さんは、森の入口へとやってきた。%K%P
アリアに参加する{騎士:ワルキュリア}はすでに集まっていて、みんなで談笑するぐらいの和やかさがある。%K%P
アリアに参加する{騎士:ワルキュリア}はすでに集まっていて、みんなで談笑するぐらいの和やかさがある。%K%P
本番当日になったら、いざ勝負！　みたいなピリピリしたムードになるんじゃ……なんて思っていたから、思わずホッとしてしまう。%K%P
本番当日になったら、いざ勝負！　みたいなピリピリしたムードになるんじゃ……なんて思っていたから、思わずホッとしてしまう。%K%P
「お待たせ、みんな」%K%P
「お待たせ、みんな」%K%P
「素敵なセレモニーだったわよ、いずみさん」%K%P
「素敵なセレモニーだったわよ、いずみさん」%K%P
「えっ、見てたの？」%K%P
「えっ、見てたの？」%K%P
「ええ、少しだけ」%K%P
「ええ、少しだけ」%K%P
「言ってくれれば良かったのに……」%K%P
「言ってくれれば良かったのに……」%K%P
「アリアの前に、余計な気を揉ませたくなくて」%K%P
「アリアの前に、余計な気を揉ませたくなくて」%K%P
「それに、いずみさんの歌声は、これから特等席で聞かせてもらうことになるんだもの」%K%P
「それに、いずみさんの歌声は、これから特等席で聞かせてもらうことになるんだもの」%K%P
「そういうこと」%K%P
「そういうこと」%K%P
「必ず助けて見せますね、いずみ様」%K%P
「必ず助けて見せますね、いずみ様」%K%P
「うん、よろしくね」%K%P
「うん、よろしくね」%K%P
自分のチームのみんなと軽く挨拶を交わした後は、スタート地点を決める抽選を行う。%K%P
自分のチームのみんなと軽く挨拶を交わした後は、スタート地点を決める抽選を行う。%K%P
場所が決まった後は、それを誰かに教えるのを防ぐために、アリアの実行をサポートする先生や候補生に付き添われて、そのまま森の中へ入らなくてはいけない。%K%P
場所が決まった後は、それを誰かに教えるのを防ぐために、アリアの実行をサポートする先生や候補生に付き添われて、そのまま森の中へ入らなくてはいけない。%K%P
だから、みんなとはここで一旦お別れだ。%K%P
だから、みんなとはここで一旦お別れだ。%K%P
「じゃあ、待ってるからね」%K%P
「じゃあ、待ってるからね」%K%P
「うん、待っていて。……必ず行くわ」%K%P
「うん、待っていて。……必ず行くわ」%K%P
微笑む綾香さんに見送られて、まずは僕から、場所を決めるための抽選に向かった。%K%P
微笑む綾香さんに見送られて、まずは僕から、場所を決めるための抽選に向かった。%K%P
「では、こちらで開始の合図をお待ち下さい」%K%P
「では、こちらで開始の合図をお待ち下さい」%K%P
「はい。ありがとうございました」%K%P
「はい。ありがとうございました」%K%P
道案内を終えて戻っていく候補生にお礼を伝えたあと、僕は改めて辺りを見回した。%K%P
道案内を終えて戻っていく候補生にお礼を伝えたあと、僕は改めて辺りを見回した。%K%P
何度か足を踏み入れた森なのに、なんだか今日はいつにも増して、広く深く感じてしまう。%K%P
何度か足を踏み入れた森なのに、なんだか今日はいつにも増して、広く深く感じてしまう。%K%P
「……いつも、綾香さんが一緒だったもんね」%K%P
「……いつも、綾香さんが一緒だったもんね」%K%P
でも、今日は一人きり。%K%P
でも、今日は一人きり。%K%P
心細さはあるけれど――――でも、それ以上に、なんとも言えない期待感。%K%P
心細さはあるけれど――――でも、それ以上に、なんとも言えない期待感。%K%P
あの人が来てくれる、という揺るぎない自信。%K%P
あの人が来てくれる、という揺るぎない自信。%K%P
「……僕はここだよ、綾香さん」%K%P
「……僕はここだよ、綾香さん」%K%P
深呼吸をすると、緑と土の匂い。%K%P
深呼吸をすると、緑と土の匂い。%K%P
こんな舞台、今までに経験したこともないけど……でも、きっと出来る。%K%P
こんな舞台、今までに経験したこともないけど……でも、きっと出来る。%K%P
だって、僕の歌を待ってる人がいるんだから。%K%P
だって、僕の歌を待ってる人がいるんだから。%K%P
……さあ、歌おう。{歌姫:ディーバ}による、{騎士:ワルキュリア}のための歌を――――。%K%P
……さあ、歌おう。{歌姫:ディーバ}による、{騎士:ワルキュリア}のための歌を――――。%K%P
アリア開始の合図が聞こえると、わたしはゆっくり顔を上げた。%K%P
アリア開始の合図が聞こえると、わたしはゆっくり顔を上げた。%K%P
耳を澄ますと、微かにいずみさんの歌声が聞こえる。%K%P
耳を澄ますと、微かにいずみさんの歌声が聞こえる。%K%P
スタート地点が離れた場所だったらどうしよう、と思っていたけど……杞憂に終わってほっとする。%K%P
スタート地点が離れた場所だったらどうしよう、と思っていたけど……杞憂に終わってほっとする。%K%P
これなら、うまく歌声が聞こえるほうへ移動すれば、かなり早い段階で合流できるはず――――、%K%P
これなら、うまく歌声が聞こえるほうへ移動すれば、かなり早い段階で合流できるはず――――、%K%P
「……っ？！」%K%P
「……っ？！」%K%P
いきなり飛んできた矢に、慌てて歩みを止める。%K%P
いきなり飛んできた矢に、慌てて歩みを止める。%K%P
放たれたとおぼしき方を見れば、夕陽ちゃんが２発目の矢をつがえているのが見えた。%K%P
放たれたとおぼしき方を見れば、夕陽ちゃんが２発目の矢をつがえているのが見えた。%K%P
「そんな、いきなりっ……？！」%K%P
「そんな、いきなりっ……？！」%K%P
「綾香様、覚悟してくださいっ！」%K%P
「綾香様、覚悟してくださいっ！」%K%P
視線が合うと、声と共に放たれた矢がわたしを正確に狙って飛んでくる。%K%P
視線が合うと、声と共に放たれた矢がわたしを正確に狙って飛んでくる。%K%P
「くっ……！」%K%P
「くっ……！」%K%P
樹の陰に隠れることで、なんとか矢を避けた。%K%P
樹の陰に隠れることで、なんとか矢を避けた。%K%P
抽選の結果、{騎士:ワルキュリア}同士のスタート地点が近い場所になることも、ごく稀にある。%K%P
抽選の結果、{騎士:ワルキュリア}同士のスタート地点が近い場所になることも、ごく稀にある。%K%P
けど、さすがにここまで近いのは予想外だ。%K%P
けど、さすがにここまで近いのは予想外だ。%K%P
「ん……」%K%P
「ん……」%K%P
アリアはまだ始まったばかりだし、幸い、わたしはいずみさんの歌声が聞こえる距離にいる。%K%P
アリアはまだ始まったばかりだし、幸い、わたしはいずみさんの歌声が聞こえる距離にいる。%K%P
木々を利用すれば、夕陽ちゃんの弓から逃げていずみさんの所へ向かうのはそれほど難しくない。%K%P
木々を利用すれば、夕陽ちゃんの弓から逃げていずみさんの所へ向かうのはそれほど難しくない。%K%P
……けど、ここで夕陽ちゃんとの対決を保留すると、美琴やことりちゃんが狙われる可能性も出てくる。%K%P
……けど、ここで夕陽ちゃんとの対決を保留すると、美琴やことりちゃんが狙われる可能性も出てくる。%K%P
弓相手に真っ向勝負、というのは分が悪い気もするけど――――居場所を確認できたのは、チャンスと考えるべきだ。%K%P
弓相手に真っ向勝負、というのは分が悪い気もするけど――――居場所を確認できたのは、チャンスと考えるべきだ。%K%P
「……よしっ」%K%P
「……よしっ」%K%P
いずみさんのところへ駆け出したい自分を諫めるように軽く深呼吸をして、剣を構える。%K%P
いずみさんのところへ駆け出したい自分を諫めるように軽く深呼吸をして、剣を構える。%K%P
木陰からこっそり顔を出して確認すると、さっき射かけた場所に夕陽ちゃんらしき鎧が見えた。%K%P
木陰からこっそり顔を出して確認すると、さっき射かけた場所に夕陽ちゃんらしき鎧が見えた。%K%P
音を立てずに回り込めればいいけれど、夕陽ちゃんも当然、その動きは警戒しているはず。%K%P
音を立てずに回り込めればいいけれど、夕陽ちゃんも当然、その動きは警戒しているはず。%K%P
なら、逆に――――、%K%P
なら、逆に――――、%K%P
「夕陽ちゃんっ、勝負っ！！」%K%P
「夕陽ちゃんっ、勝負っ！！」%K%P
「えっ？！」%K%P
「えっ？！」%K%P
自らの居場所を報せるように掛け声を発し、剣を構えて一気に駆けていく。%K%P
自らの居場所を報せるように掛け声を発し、剣を構えて一気に駆けていく。%K%P
「わわっ……？！」%K%P
「わわっ……？！」%K%P
駆け寄るわたし目掛けて、夕陽ちゃんが怯みながらもしっかり射かける。%K%P
駆け寄るわたし目掛けて、夕陽ちゃんが怯みながらもしっかり射かける。%K%P
けど、距離はまだあるから、その動きを確認してから木陰を利用することで、再度、矢を躱した。%K%P
けど、距離はまだあるから、その動きを確認してから木陰を利用することで、再度、矢を躱した。%K%P
「びびっ、びっくりするじゃないですかぁっ！」%K%P
「びびっ、びっくりするじゃないですかぁっ！」%K%P
驚きを隠さず、夕陽ちゃんも木陰に隠れる。%K%P
驚きを隠さず、夕陽ちゃんも木陰に隠れる。%K%P
そもそも大声で真っ向勝負を宣言したのは、夕陽ちゃんをここに足止めしたい、という狙いがあった。%K%P
そもそも大声で真っ向勝負を宣言したのは、夕陽ちゃんをここに足止めしたい、という狙いがあった。%K%P
そして、もうひとつ。こっちは少しギャンブルではあるけど、上手くいけば一瞬で勝負が決まるはず。%K%P
そして、もうひとつ。こっちは少しギャンブルではあるけど、上手くいけば一瞬で勝負が決まるはず。%K%P
「驚いたのはわたしもよ、夕陽ちゃん」%K%P
「驚いたのはわたしもよ、夕陽ちゃん」%K%P
正直、開幕の一発は、いずみさんの歌声に気取られていたせいもあって相当危なかった。%K%P
正直、開幕の一発は、いずみさんの歌声に気取られていたせいもあって相当危なかった。%K%P
「でも、せっかくのチャンスを一発で決められなかったこと、後悔させてあげるんだから」%K%P
「でも、せっかくのチャンスを一発で決められなかったこと、後悔させてあげるんだから」%K%P
「なんの。わたしだって負けませんから」%K%P
「なんの。わたしだって負けませんから」%K%P
こっそりと顔を出して確認すると、夕陽ちゃんが矢をつがえているのが見えた。%K%P
こっそりと顔を出して確認すると、夕陽ちゃんが矢をつがえているのが見えた。%K%P
遠くから相手を攻撃できる弓ではあるけど、当然、弱点もある。%K%P
遠くから相手を攻撃できる弓ではあるけど、当然、弱点もある。%K%P
そのひとつが、連発できない、ということ。%K%P
そのひとつが、連発できない、ということ。%K%P
剣や槍も空振りによって隙が生じるけれど、弓矢のそれはとてもじゃないけど比較にならない。%K%P
剣や槍も空振りによって隙が生じるけれど、弓矢のそれはとてもじゃないけど比較にならない。%K%P
だから、その隙をきっちりと拾えれば。%K%P
だから、その隙をきっちりと拾えれば。%K%P
夕陽ちゃんの居場所を確認した後、自分が飛び出してから射かけてくるまでの速さや展開を想像する。%K%P
夕陽ちゃんの居場所を確認した後、自分が飛び出してから射かけてくるまでの速さや展開を想像する。%K%P
障害物は多いのだから、無理せず、かわすことに専念すれば、あと２発ぐらいで距離を詰められる。%K%P
障害物は多いのだから、無理せず、かわすことに専念すれば、あと２発ぐらいで距離を詰められる。%K%P
剣が届く距離まで近寄れれば、こっちのもの。%K%P
剣が届く距離まで近寄れれば、こっちのもの。%K%P
「いくわよ、夕陽ちゃんっ」%K%P
「いくわよ、夕陽ちゃんっ」%K%P
「はいっ」%K%P
「はいっ」%K%P
声と共に木陰から飛び出し、夕陽ちゃんのところへ駆けていくわたしに矢が放たれる。%K%P
声と共に木陰から飛び出し、夕陽ちゃんのところへ駆けていくわたしに矢が放たれる。%K%P
「くっ……」%K%P
「くっ……」%K%P
すぐさま別の木陰に逃れ、矢を躱す。%K%P
すぐさま別の木陰に逃れ、矢を躱す。%K%P
夕陽ちゃんは正確にわたしの鎧を狙ってくるけれど、正確だからこそ避けやすい。%K%P
夕陽ちゃんは正確にわたしの鎧を狙ってくるけれど、正確だからこそ避けやすい。%K%P
「こっ、今度こそっ……」%K%P
「こっ、今度こそっ……」%K%P
夕陽ちゃんの焦る声が聞こえるほど距離が詰まった。%K%P
夕陽ちゃんの焦る声が聞こえるほど距離が詰まった。%K%P
矢をつがえる隙を考えれば、次の矢をかわしたら、そのまま一気に駆け寄れば先手をとれるはず。%K%P
矢をつがえる隙を考えれば、次の矢をかわしたら、そのまま一気に駆け寄れば先手をとれるはず。%K%P
そう思って剣を握り直すと、%K%P
そう思って剣を握り直すと、%K%P
「あっ、えっ、わわわっ……？！」%K%P
「あっ、えっ、わわわっ……？！」%K%P
可愛らしい悲鳴が聞こえた直後、がっくりとうなだれた夕陽ちゃんが現れる。%K%P
可愛らしい悲鳴が聞こえた直後、がっくりとうなだれた夕陽ちゃんが現れる。%K%P
そのすぐ後ろに彼女の弓を手にした美琴が立っていたから、わたしはすぐに状況を悟った。%K%P
そのすぐ後ろに彼女の弓を手にした美琴が立っていたから、わたしはすぐに状況を悟った。%K%P
「はい、残念でした」%K%P
「はい、残念でした」%K%P
「はうぅ……」%K%P
「はうぅ……」%K%P
悔しそうな夕陽ちゃんの頭を、美琴が優しく撫でる。%K%P
悔しそうな夕陽ちゃんの頭を、美琴が優しく撫でる。%K%P
「美琴様、いつのまに……」%K%P
「美琴様、いつのまに……」%K%P
「それはもちろん、こっそりとね」%K%P
「それはもちろん、こっそりとね」%K%P
「うぅ、全然気付きませんでした……」%K%P
「うぅ、全然気付きませんでした……」%K%P
悔しそうに呟いた夕陽ちゃんは、それから、自分の鍵を取り出した。%K%P
悔しそうに呟いた夕陽ちゃんは、それから、自分の鍵を取り出した。%K%P
「どうぞ、美琴様。わたしの鍵です」%K%P
「どうぞ、美琴様。わたしの鍵です」%K%P
「うん、確かに」%K%P
「うん、確かに」%K%P
美琴が受けとった鍵は、{歌姫:ディーバ}の救出に必要な、まさにアリアのキーアイテム。%K%P
美琴が受けとった鍵は、{歌姫:ディーバ}の救出に必要な、まさにアリアのキーアイテム。%K%P
{騎士:ワルキュリア}同士が勝負して負けた場合、それを相手に譲渡しなくてはいけない。%K%P
{騎士:ワルキュリア}同士が勝負して負けた場合、それを相手に譲渡しなくてはいけない。%K%P
「では、お二人とも失礼します。アリアが盛り上がるように、頑張ってくださいね」%K%P
「では、お二人とも失礼します。アリアが盛り上がるように、頑張ってくださいね」%K%P
美琴に鍵を手渡した夕陽ちゃんは、そういってぺこっとお辞儀をすると、そのまま去って行く。%K%P
美琴に鍵を手渡した夕陽ちゃんは、そういってぺこっとお辞儀をすると、そのまま去って行く。%K%P
対決に負けた{騎士:ワルキュリア}は、森の入口――――待機場所に戻る決まりだ。%K%P
対決に負けた{騎士:ワルキュリア}は、森の入口――――待機場所に戻る決まりだ。%K%P
「頑張って……だって。あたしたち、相手チームなんだけどね」%K%P
「頑張って……だって。あたしたち、相手チームなんだけどね」%K%P
「ふふっ、なんとも夕陽ちゃんらしいわ」%K%P
「ふふっ、なんとも夕陽ちゃんらしいわ」%K%P
木々の向こうに消える小さな背中を眺めると、美琴と２人、思わず笑みが漏れた。%K%P
木々の向こうに消える小さな背中を眺めると、美琴と２人、思わず笑みが漏れた。%K%P
「ありがとう美琴。助かったわ」%K%P
「ありがとう美琴。助かったわ」%K%P
夕陽ちゃんと勝負をすると決めたとき、わたしが大声で叫んだのは、対決を周囲に報せるため。%K%P
夕陽ちゃんと勝負をすると決めたとき、わたしが大声で叫んだのは、対決を周囲に報せるため。%K%P
わたしの声で夕陽ちゃんの名前を叫べば、それだけでわたしたち２人が対峙しているのは明白だ。%K%P
わたしの声で夕陽ちゃんの名前を叫べば、それだけでわたしたち２人が対峙しているのは明白だ。%K%P
チームメイトの美琴かことりちゃんが近場にいたら、応援に来てくれる可能性がある。%K%P
チームメイトの美琴かことりちゃんが近場にいたら、応援に来てくれる可能性がある。%K%P
わたしはそれに賭けた、というわけだ。%K%P
わたしはそれに賭けた、というわけだ。%K%P
「もう……ありがとう、じゃないでしょ？　近くにいるのが千影さんや楓さんだったらどうしてたの？」%K%P
「もう……ありがとう、じゃないでしょ？　近くにいるのが千影さんや楓さんだったらどうしてたの？」%K%P
「そのときはそのときかな、って」%K%P
「そのときはそのときかな、って」%K%P
美琴の言うように、千影さんか楓さんが駆けつける可能性もあったわけだけど、そこは博打、というか。%K%P
美琴の言うように、千影さんか楓さんが駆けつける可能性もあったわけだけど、そこは博打、というか。%K%P
ここで運に見放されるようなら、いずみさんの所にも辿り着けない気がした。%K%P
ここで運に見放されるようなら、いずみさんの所にも辿り着けない気がした。%K%P
「まったくもう……」%K%P
「まったくもう……」%K%P
ちょっと苦笑気味に微笑んだ美琴は、わたしの声を聞き、その狙いをわかってくれたのだろう。%K%P
ちょっと苦笑気味に微笑んだ美琴は、わたしの声を聞き、その狙いをわかってくれたのだろう。%K%P
だからこそ、こっそりと夕陽ちゃんに近づき、そして武器を取り上げてくれた。%K%P
だからこそ、こっそりと夕陽ちゃんに近づき、そして武器を取り上げてくれた。%K%P
「たぶん、これで３対２になったと思うけど……」%K%P
「たぶん、これで３対２になったと思うけど……」%K%P
「さすがに千影さんと楓さんは、いまのようにあっさりとはいかないでしょうね」%K%P
「さすがに千影さんと楓さんは、いまのようにあっさりとはいかないでしょうね」%K%P
「うん。気を引き締めないと」%K%P
「うん。気を引き締めないと」%K%P
二人の強さは、練習中に手合わせをしたことがある{騎士:ワルキュリア}なら誰もが知っている。%K%P
二人の強さは、練習中に手合わせをしたことがある{騎士:ワルキュリア}なら誰もが知っている。%K%P
「っと……とりあえず、これ。夕陽ちゃんとあたしの鍵は、綾香に預けるから」%K%P
「っと……とりあえず、これ。夕陽ちゃんとあたしの鍵は、綾香に預けるから」%K%P
「綾香は、このままいずみさんのもとへ向かって」%K%P
「綾香は、このままいずみさんのもとへ向かって」%K%P
「美琴はどうするの？」%K%P
「美琴はどうするの？」%K%P
「もちろん、千影さんと楓さんの足止めに決まってるでしょ？」%K%P
「もちろん、千影さんと楓さんの足止めに決まってるでしょ？」%K%P
「お姫様のこと、任せたからね？　綾香」%K%P
「お姫様のこと、任せたからね？　綾香」%K%P
そう言うと、美琴は呼び止める間もなく、軽快なステップで森の中へ消えていく。%K%P
そう言うと、美琴は呼び止める間もなく、軽快なステップで森の中へ消えていく。%K%P
「もう……」%K%P
「もう……」%K%P
こんな時までわたしのフォローに回らなくてもいいのに、と思う。%K%P
こんな時までわたしのフォローに回らなくてもいいのに、と思う。%K%P
思うけど……その気持ちが嬉しくて、わたしは美琴から受けとった２つの鍵をしっかりと握り締めた。%K%P
思うけど……その気持ちが嬉しくて、わたしは美琴から受けとった２つの鍵をしっかりと握り締めた。%K%P
歌い始めて、どのぐらい時間が過ぎただろう。%K%P
歌い始めて、どのぐらい時間が過ぎただろう。%K%P
（そろそろ、誰か来てもいいと思うけど……）%K%P
（そろそろ、誰か来てもいいと思うけど……）%K%P
少し不安になりながら周囲の気配に気を配っていると、背後の木陰ががさっと音を立てた。%K%P
少し不安になりながら周囲の気配に気を配っていると、背後の木陰ががさっと音を立てた。%K%P
「わっ……」%K%P
「わっ……」%K%P
驚きから歌を中断し、そちらを見つめてしまう。%K%P
驚きから歌を中断し、そちらを見つめてしまう。%K%P
「だ、だれ……？」%K%P
「だ、だれ……？」%K%P
「お待たせ、いずみさん」%K%P
「お待たせ、いずみさん」%K%P
「綾香さんっ……」%K%P
「綾香さんっ……」%K%P
現れた鎧姿の綾香さんを見て、本当に心の底から、なんとも言えない喜びがわき上がってきた。%K%P
現れた鎧姿の綾香さんを見て、本当に心の底から、なんとも言えない喜びがわき上がってきた。%K%P
自分を見つけてくれたこと、無事にやってきてくれたこと。%K%P
自分を見つけてくれたこと、無事にやってきてくれたこと。%K%P
そしてなにより、その姿の凛々しさ。%K%P
そしてなにより、その姿の凛々しさ。%K%P
思わず駆け寄って抱きつきたくなるけれど、さすがにそれは照れくさくて、ぐっと堪える。%K%P
思わず駆け寄って抱きつきたくなるけれど、さすがにそれは照れくさくて、ぐっと堪える。%K%P
「綾香さん、１人？」%K%P
「綾香さん、１人？」%K%P
「うん。だけど、さっき美琴と会って鍵を預かってきたわ」%K%P
「うん。だけど、さっき美琴と会って鍵を預かってきたわ」%K%P
「じゃあ、一気に２つ……？」%K%P
「じゃあ、一気に２つ……？」%K%P
「そういうこと。待っていて、いまそっちに」%K%P
「そういうこと。待っていて、いまそっちに」%K%P
「あっ、私も――」%K%P
「あっ、私も――」%K%P
綾香さんが近寄ってくるのが待ちきれず、自分からも歩み寄ろうとした直後。%K%P
綾香さんが近寄ってくるのが待ちきれず、自分からも歩み寄ろうとした直後。%K%P
そんな僕を引き留めるように、肩に、ぽん、と優しく触れる手の感触があった。%K%P
そんな僕を引き留めるように、肩に、ぽん、と優しく触れる手の感触があった。%K%P
「か、楓さんっ……」%K%P
「か、楓さんっ……」%K%P
振り向くと、そこには鮮やかな鎧の騎士。%K%P
振り向くと、そこには鮮やかな鎧の騎士。%K%P
「いずみさんの歌声に招かれて来てみれば……これは、千載一遇、というやつかな」%K%P
「いずみさんの歌声に招かれて来てみれば……これは、千載一遇、というやつかな」%K%P
「……綾香さん。申し訳ないけど、その鍵を使わせるわけにはいかない」%K%P
「……綾香さん。申し訳ないけど、その鍵を使わせるわけにはいかない」%K%P
「そのようね」%K%P
「そのようね」%K%P
楓さんが鞘に収めたまま刀を構えると、それに応えるように、綾香さんも剣を構える。%K%P
楓さんが鞘に収めたまま刀を構えると、それに応えるように、綾香さんも剣を構える。%K%P
「あ、あ、えっと……」%K%P
「あ、あ、えっと……」%K%P
「いずみさん、少し離れていて」%K%P
「いずみさん、少し離れていて」%K%P
「うっ、うん」%K%P
「うっ、うん」%K%P
僕のせいで気が散ってしまわないよう、少し離れた大きめの木に寄りかかるようにして距離をとった。%K%P
僕のせいで気が散ってしまわないよう、少し離れた大きめの木に寄りかかるようにして距離をとった。%K%P
「それにしても、楓さんと一対一なんて……」%K%P
「それにしても、楓さんと一対一なんて……」%K%P
「綾香さんが相手なら本気でいかないと」%K%P
「綾香さんが相手なら本気でいかないと」%K%P
「それは、こちらも。……{歌姫:ディーバ}の前で恥ずかしいところは見せられないもの」%K%P
「それは、こちらも。……{歌姫:ディーバ}の前で恥ずかしいところは見せられないもの」%K%P
構える２人から放たれる気迫は、練習のときとは比べものにならない。%K%P
構える２人から放たれる気迫は、練習のときとは比べものにならない。%K%P
息を呑むことすら忘れ、僕は２人を見守った。%K%P
息を呑むことすら忘れ、僕は２人を見守った。%K%P
「じゃあ、勝負ッ……！」%K%P
「じゃあ、勝負ッ……！」%K%P
自らの声を合図に、楓さんが一気に駆ける。%K%P
自らの声を合図に、楓さんが一気に駆ける。%K%P
先に仕掛けた楓さんは、刀を抜かないまま綾香さんとの距離を詰めた。%K%P
先に仕掛けた楓さんは、刀を抜かないまま綾香さんとの距離を詰めた。%K%P
「……ふッ！」%K%P
「……ふッ！」%K%P
間合いに入った直後、鞘から滑るように現れて、綾香さんの鎧を的確に狙う楓さんの刀。%K%P
間合いに入った直後、鞘から滑るように現れて、綾香さんの鎧を的確に狙う楓さんの刀。%K%P
その早い一撃を剣で受けた綾香さんは、そのまま楓さんを牽制するように大きく薙ぎ払う。%K%P
その早い一撃を剣で受けた綾香さんは、そのまま楓さんを牽制するように大きく薙ぎ払う。%K%P
けど、楓さんはその剣の内側にすでに踏み込んでいて、さらなる一撃を加えようとしていた。%K%P
けど、楓さんはその剣の内側にすでに踏み込んでいて、さらなる一撃を加えようとしていた。%K%P
「早いっ……！？」%K%P
「早いっ……！？」%K%P
「一気にっ……！」%K%P
「一気にっ……！」%K%P
「ぐっ……！」%K%P
「ぐっ……！」%K%P
楓さんの刀は、ぎりぎり、鎧の手前で止まった。%K%P
楓さんの刀は、ぎりぎり、鎧の手前で止まった。%K%P
綾香さんは振り払った剣を半ば強引に引き戻し、その刀身でかろうじて楓さんの一撃を受け止める。%K%P
綾香さんは振り払った剣を半ば強引に引き戻し、その刀身でかろうじて楓さんの一撃を受け止める。%K%P
「ふっ……！」%K%P
「ふっ……！」%K%P
今度は大きく振り抜かず、最小限の動きで剣を払い、綾香さんは楓さんとの距離をとった。%K%P
今度は大きく振り抜かず、最小限の動きで剣を払い、綾香さんは楓さんとの距離をとった。%K%P
「す、ごい……」%K%P
「す、ごい……」%K%P
圧倒される、とはまさにこのこと。%K%P
圧倒される、とはまさにこのこと。%K%P
有名な歌劇を生で見たときに勝るとも劣らない緊迫感に、知らず知らず感嘆の声が漏れた。%K%P
有名な歌劇を生で見たときに勝るとも劣らない緊迫感に、知らず知らず感嘆の声が漏れた。%K%P
「今ので決まらないとは……さすが綾香さん」%K%P
「今ので決まらないとは……さすが綾香さん」%K%P
戦いの中にあって、楓さんが綾香さんを褒める。%K%P
戦いの中にあって、楓さんが綾香さんを褒める。%K%P
端から見ている僕でも完全に決まってしまったと思ったのに……それを凌ぐなんて、綾香さん、凄い。%K%P
端から見ている僕でも完全に決まってしまったと思ったのに……それを凌ぐなんて、綾香さん、凄い。%K%P
「言ったでしょう？　{歌姫:ディーバ}の前で、情けない姿は見せられない、って」%K%P
「言ったでしょう？　{歌姫:ディーバ}の前で、情けない姿は見せられない、って」%K%P
「確かにね。……でも、それは私も同じ」%K%P
「確かにね。……でも、それは私も同じ」%K%P
再び楓さんが駆けだそうとした次の瞬間、僕の正面の木々が微かに揺れた。%K%P
再び楓さんが駆けだそうとした次の瞬間、僕の正面の木々が微かに揺れた。%K%P
「あっ――――」%K%P
「あっ――――」%K%P
注視した直後、そこから放たれる一本の矢。%K%P
注視した直後、そこから放たれる一本の矢。%K%P
真っ直ぐに楓さんの鎧を狙ったそれは、当たる寸前、楓さんの振るった鞘により地面に落ちてしまった。%K%P
真っ直ぐに楓さんの鎧を狙ったそれは、当たる寸前、楓さんの振るった鞘により地面に落ちてしまった。%K%P
「ことりちゃん……」%K%P
「ことりちゃん……」%K%P
普段の頼りない様子から一変、矢を射ることりちゃんの姿は、{騎士:ワルキュリア}と呼ぶに相応しい。%K%P
普段の頼りない様子から一変、矢を射ることりちゃんの姿は、{騎士:ワルキュリア}と呼ぶに相応しい。%K%P
けど、いくら気付いたとはいえ、飛んでいる矢を払い落とせるって……楓さん、凄すぎる……。%K%P
けど、いくら気付いたとはいえ、飛んでいる矢を払い落とせるって……楓さん、凄すぎる……。%K%P
「綾香様、加勢しますっ」%K%P
「綾香様、加勢しますっ」%K%P
「お願い！」%K%P
「お願い！」%K%P
「そういうことなら――――」%K%P
「そういうことなら――――」%K%P
この状況に楓さんは怯むことなく、むしろ綾香さんに駆け寄ると、刀を抜き、一気に攻撃に転じた。%K%P
この状況に楓さんは怯むことなく、むしろ綾香さんに駆け寄ると、刀を抜き、一気に攻撃に転じた。%K%P
「うそっ……？！」%K%P
「うそっ……？！」%K%P
繰り出した刀を綾香さんが受けると、楓さんはそのまま、鍔迫り合いの格好で押し込んでいく。%K%P
繰り出した刀を綾香さんが受けると、楓さんはそのまま、鍔迫り合いの格好で押し込んでいく。%K%P
そんな２人に向け、ことりちゃんは矢をつがえた。%K%P
そんな２人に向け、ことりちゃんは矢をつがえた。%K%P
「んっ……！」%K%P
「んっ……！」%K%P
すかさず放たれる２本目の矢。%K%P
すかさず放たれる２本目の矢。%K%P
でも、それは２人から大きく逸れて外れてしまう。%K%P
でも、それは２人から大きく逸れて外れてしまう。%K%P
「あっ……え、えとっ……」%K%P
「あっ……え、えとっ……」%K%P
慌てて次の矢をつがえることりちゃん。%K%P
慌てて次の矢をつがえることりちゃん。%K%P
「ことりちゃん、落ち着いてっ！」%K%P
「ことりちゃん、落ち着いてっ！」%K%P
「は、はいっ。でも、このままだと綾香様に当たってしまいそうでっ……」%K%P
「は、はいっ。でも、このままだと綾香様に当たってしまいそうでっ……」%K%P
「あっ、そ、そっか」%K%P
「あっ、そ、そっか」%K%P
初手の激突では速さを活かした攻撃で綾香さんを翻弄した楓さんが、今はぴったりと密着している。%K%P
初手の激突では速さを活かした攻撃で綾香さんを翻弄した楓さんが、今はぴったりと密着している。%K%P
「せめて、止まってくれたらっ……」%K%P
「せめて、止まってくれたらっ……」%K%P
弓を構えながらも、弦から指を離せない。%K%P
弓を構えながらも、弦から指を離せない。%K%P
おそらくことりちゃんのそんな気持ちを、楓さんは百も承知なんだろう。%K%P
おそらくことりちゃんのそんな気持ちを、楓さんは百も承知なんだろう。%K%P
綾香さんからけして離れず、さらにはことりちゃんの射線上に、常に綾香さんを入れている。%K%P
綾香さんからけして離れず、さらにはことりちゃんの射線上に、常に綾香さんを入れている。%K%P
このまま矢を放てば、ことりちゃんの言う通り、綾香さんに当たってしまう可能性もある。%K%P
このまま矢を放てば、ことりちゃんの言う通り、綾香さんに当たってしまう可能性もある。%K%P
２対１のはずが、むしろピンチになっているのはこっちのほうじゃ――――、%K%P
２対１のはずが、むしろピンチになっているのはこっちのほうじゃ――――、%K%P
「奏チーム、一つ目の鍵を解除しました」%K%P
「奏チーム、一つ目の鍵を解除しました」%K%P
「えっ……？」%K%P
「えっ……？」%K%P
目の前の戦いに集中していた僕は、思いがけないアナウンスに、思わず空を見上げた。%K%P
目の前の戦いに集中していた僕は、思いがけないアナウンスに、思わず空を見上げた。%K%P
綾香に鍵を託して別れた後、あたしは奏さんの歌声を探し、森の中を進んだ。%K%P
綾香に鍵を託して別れた後、あたしは奏さんの歌声を探し、森の中を進んだ。%K%P
ついさっき、奏さんの１つ目の鍵が解除された、というアナウンスがあったけど……これってピンチな気がする。%K%P
ついさっき、奏さんの１つ目の鍵が解除された、というアナウンスがあったけど……これってピンチな気がする。%K%P
なぜなら、いずみさんに鍵を使った、というアナウンスが流れてこないから。%K%P
なぜなら、いずみさんに鍵を使った、というアナウンスが流れてこないから。%K%P
綾香とはいずみさんの歌声が聞こえる場所で別れたんだし、いくらなんでもそこから見失うはずはない。%K%P
綾香とはいずみさんの歌声が聞こえる場所で別れたんだし、いくらなんでもそこから見失うはずはない。%K%P
つまり、綾香は誰かに足止めされている。%K%P
つまり、綾香は誰かに足止めされている。%K%P
ただ、鍵解除のアナウンスがあった、ということは、奏さんの側にも、誰かいる、ということ。%K%P
ただ、鍵解除のアナウンスがあった、ということは、奏さんの側にも、誰かいる、ということ。%K%P
奏さんのチームに残っているのは、楓さんと千影さん。どちらも{騎士:ワルキュリア}としてかなりの腕だ。%K%P
奏さんのチームに残っているのは、楓さんと千影さん。どちらも{騎士:ワルキュリア}としてかなりの腕だ。%K%P
そのどちらかと、綾香は１対１の勝負をしている可能性が高い。%K%P
そのどちらかと、綾香は１対１の勝負をしている可能性が高い。%K%P
綾香が勝っていれば、鍵を使ったアナウンスがあるはずだから、勝負は続いているか、あるいは。%K%P
綾香が勝っていれば、鍵を使ったアナウンスがあるはずだから、勝負は続いているか、あるいは。%K%P
「綾香……」%K%P
「綾香……」%K%P
出来る事なら今すぐ綾香に合流したいけれど、あいにく、森の中をかなり移動してしまった。%K%P
出来る事なら今すぐ綾香に合流したいけれど、あいにく、森の中をかなり移動してしまった。%K%P
ここからさっきの場所まで駆けて戻っても、走り抜いた体力で戦力になるかどうかは怪しい。%K%P
ここからさっきの場所まで駆けて戻っても、走り抜いた体力で戦力になるかどうかは怪しい。%K%P
……それなら、いま自分に出来る事はひとつだけ。%K%P
……それなら、いま自分に出来る事はひとつだけ。%K%P
「たぶん、このあたりに……」%K%P
「たぶん、このあたりに……」%K%P
奏さんの歌声は途絶えてしまったけれど、それは解錠をするために休んだもののはず。%K%P
奏さんの歌声は途絶えてしまったけれど、それは解錠をするために休んだもののはず。%K%P
ということは、このあたりに鍵を使い終えた楓さんか千影さんが――――、%K%P
ということは、このあたりに鍵を使い終えた楓さんか千影さんが――――、%K%P
「……いた」%K%P
「……いた」%K%P
白を基調にした鎧は、千影さんに間違いない。%K%P
白を基調にした鎧は、千影さんに間違いない。%K%P
あたしに気付いてないようだし、奇襲をかけようとも考えたけれど……隙がなくて諦めた。%K%P
あたしに気付いてないようだし、奇襲をかけようとも考えたけれど……隙がなくて諦めた。%K%P
あっさり返り討ちでは時間稼ぎにもならないし、ここは正々堂々といくしかない。%K%P
あっさり返り討ちでは時間稼ぎにもならないし、ここは正々堂々といくしかない。%K%P
「千影さん」%K%P
「千影さん」%K%P
「あら……美琴さん、１人？」%K%P
「あら……美琴さん、１人？」%K%P
「そう。さっきのアナウンス、奏さんを解放したのは千影さんでしょ？」%K%P
「そう。さっきのアナウンス、奏さんを解放したのは千影さんでしょ？」%K%P
「ええ、だからもう鍵はもってないわ。戦うだけ無駄、というものよ？」%K%P
「ええ、だからもう鍵はもってないわ。戦うだけ無駄、というものよ？」%K%P
「それはお互い様。あたしも、自分の鍵は綾香に預けてきたから」%K%P
「それはお互い様。あたしも、自分の鍵は綾香に預けてきたから」%K%P
「でも、とっくにいずみさんと合流していてもいいはずなのに、鍵を使ったアナウンスがないの」%K%P
「でも、とっくにいずみさんと合流していてもいいはずなのに、鍵を使ったアナウンスがないの」%K%P
「……この状況のまずさ、わかってもらえる？」%K%P
「……この状況のまずさ、わかってもらえる？」%K%P
「……なるほど。つまり、綾香さんは鍵を使う前に、楓さんに見つかった、ということね」%K%P
「……なるほど。つまり、綾香さんは鍵を使う前に、楓さんに見つかった、ということね」%K%P
「ええ、おそらく」%K%P
「ええ、おそらく」%K%P
さすが千影さん、状況の把握と判断が速い。%K%P
さすが千影さん、状況の把握と判断が速い。%K%P
だけどこれで、あたしの至った結論が間違いないことも確信できた。%K%P
だけどこれで、あたしの至った結論が間違いないことも確信できた。%K%P
「だからこそ、千影さんを見逃すわけにはいかないの。……わかるでしょ？」%K%P
「だからこそ、千影さんを見逃すわけにはいかないの。……わかるでしょ？」%K%P
「そうね。私が美琴さんなら、同じ考えに行き着くと思うわ」%K%P
「そうね。私が美琴さんなら、同じ考えに行き着くと思うわ」%K%P
「だけど、それでも私はここを通る。{最優秀騎士:ブリランテ}になるのが、私の目標だもの」%K%P
「だけど、それでも私はここを通る。{最優秀騎士:ブリランテ}になるのが、私の目標だもの」%K%P
千影さんがゆっくりと双剣を構える。%K%P
千影さんがゆっくりと双剣を構える。%K%P
ここで彼女をあっさり通せば、下手をすると綾香は２対１に持ち込まれ、勝負は決まったも同然。%K%P
ここで彼女をあっさり通せば、下手をすると綾香は２対１に持ち込まれ、勝負は決まったも同然。%K%P
だから、それは阻止しないといけない。%K%P
だから、それは阻止しないといけない。%K%P
「ええ。……勝負よ、千影さん」%K%P
「ええ。……勝負よ、千影さん」%K%P
頷いて、ゆっくりと槍を構えた。%K%P
頷いて、ゆっくりと槍を構えた。%K%P
昨日、綾香に頼んで繰り返した、千影さんとの対戦を想定したトレーニングを思い出す。%K%P
昨日、綾香に頼んで繰り返した、千影さんとの対戦を想定したトレーニングを思い出す。%K%P
あたしがすべき戦いは、負けない戦い。%K%P
あたしがすべき戦いは、負けない戦い。%K%P
少しでも長く、ここに千影さんを留める――――。%K%P
少しでも長く、ここに千影さんを留める――――。%K%P
「……けど、あなたは勝ちなさいよ。綾香」%K%P
「……けど、あなたは勝ちなさいよ。綾香」%K%P
小さく呟くと、あたしは一気に駆け出した。%K%P
小さく呟くと、あたしは一気に駆け出した。%K%P
「ああっ……！」%K%P
「ああっ……！」%K%P
ことりちゃんの放った矢が、またしても外れる。%K%P
ことりちゃんの放った矢が、またしても外れる。%K%P
楓さんと綾香さんの攻防は本当に一進一退で、なかなか決着がつかなかった。%K%P
楓さんと綾香さんの攻防は本当に一進一退で、なかなか決着がつかなかった。%K%P
ことりちゃんも懸命に牽制するけれど、楓さんの密着する策戦によって、思うように成果が上がらない。%K%P
ことりちゃんも懸命に牽制するけれど、楓さんの密着する策戦によって、思うように成果が上がらない。%K%P
ほとんど乱戦状態だし、綾香さんを避け、楓さんにだけ当てる、というのは相当に厳しいのだろう。%K%P
ほとんど乱戦状態だし、綾香さんを避け、楓さんにだけ当てる、というのは相当に厳しいのだろう。%K%P
「あっ……」%K%P
「あっ……」%K%P
落胆した声が聞こえて目をやると、ことりちゃんの携えた矢筒には、矢が１本しか残っていなかった。%K%P
落胆した声が聞こえて目をやると、ことりちゃんの携えた矢筒には、矢が１本しか残っていなかった。%K%P
「うぅ、綾香様を助けたいのにっ……」%K%P
「うぅ、綾香様を助けたいのにっ……」%K%P
歯噛みするような声が漏れる。%K%P
歯噛みするような声が漏れる。%K%P
実質２対１でありながら、ここまで善戦してしまう楓さんの実力は本当にすごい。%K%P
実質２対１でありながら、ここまで善戦してしまう楓さんの実力は本当にすごい。%K%P
だからこそ、弓矢による牽制がなくなり楓さんが自由に動けるようになったら、一気に決まってしまう可能性も――――、%K%P
だからこそ、弓矢による牽制がなくなり楓さんが自由に動けるようになったら、一気に決まってしまう可能性も――――、%K%P
「怖がらないで、ことりちゃん！」%K%P
「怖がらないで、ことりちゃん！」%K%P
「あ、綾香様っ……？！」%K%P
「あ、綾香様っ……？！」%K%P
萎縮しかけたことりちゃんが、綾香さんの声によってびくっと震えた。%K%P
萎縮しかけたことりちゃんが、綾香さんの声によってびくっと震えた。%K%P
「で、でもっ……！　もう、矢が、矢がっ……」%K%P
「で、でもっ……！　もう、矢が、矢がっ……」%K%P
「大丈夫よ、ことりちゃん！　あなたの矢は、わたしに当たったりなんかしない……！」%K%P
「大丈夫よ、ことりちゃん！　あなたの矢は、わたしに当たったりなんかしない……！」%K%P
「だから信じて！　わたしも信じてるから！」%K%P
「だから信じて！　わたしも信じてるから！」%K%P
「はっ……はいっ」%K%P
「はっ……はいっ」%K%P
鍔迫り合いの最中、綾香さんの発した言葉に、ことりちゃんの表情が引き締まる。%K%P
鍔迫り合いの最中、綾香さんの発した言葉に、ことりちゃんの表情が引き締まる。%K%P
「いまから楓さんの動きを止めて見せるから！　そこを狙って！」%K%P
「いまから楓さんの動きを止めて見せるから！　そこを狙って！」%K%P
「なっ……」%K%P
「なっ……」%K%P
思いがけない言葉に、楓さんが面食らう。%K%P
思いがけない言葉に、楓さんが面食らう。%K%P
でも、すぐさま、どこか楽しそうに微笑んだ。%K%P
でも、すぐさま、どこか楽しそうに微笑んだ。%K%P
「綾香さんがその気なら、こちらもっ……！」%K%P
「綾香さんがその気なら、こちらもっ……！」%K%P
ずっと刀を抜いた状態で綾香さんと打ち合っていた楓さんは、その瞬間、わずかに後退した。%K%P
ずっと刀を抜いた状態で綾香さんと打ち合っていた楓さんは、その瞬間、わずかに後退した。%K%P
すぐさま刀を鞘に収め、低い姿勢で構える。この戦いでも何度か見た、抜刀戦法をとる気らしい。%K%P
すぐさま刀を鞘に収め、低い姿勢で構える。この戦いでも何度か見た、抜刀戦法をとる気らしい。%K%P
けど、その刀が再び抜かれるよりも早く、綾香さんは間合いを詰めていた。%K%P
けど、その刀が再び抜かれるよりも早く、綾香さんは間合いを詰めていた。%K%P
「待ってたわよ、楓さんっ……！」%K%P
「待ってたわよ、楓さんっ……！」%K%P
「なっ……！？」%K%P
「なっ……！？」%K%P
まるで抱きつくようにして、綾香さんは文字通り楓さんの動きを封じに行く。%K%P
まるで抱きつくようにして、綾香さんは文字通り楓さんの動きを封じに行く。%K%P
抜刀のために刀を鞘に収めていた楓さんは、あまりにも突飛な動きに反応することが出来なかった。%K%P
抜刀のために刀を鞘に収めていた楓さんは、あまりにも突飛な動きに反応することが出来なかった。%K%P
寸前まで目まぐるしい攻防を続けていた２人の動きが、その瞬間、本当にぴたりと止まる。%K%P
寸前まで目まぐるしい攻防を続けていた２人の動きが、その瞬間、本当にぴたりと止まる。%K%P
「ことりちゃんっ！！」%K%P
「ことりちゃんっ！！」%K%P
「はいっ！」%K%P
「はいっ！」%K%P
綾香さんの掛け声にあわせ、矢をつがえていたことりちゃんがそれを放つ。%K%P
綾香さんの掛け声にあわせ、矢をつがえていたことりちゃんがそれを放つ。%K%P
当たった瞬間、思わず声が漏れた。%K%P
当たった瞬間、思わず声が漏れた。%K%P
最後の矢は、見事に楓さんの鎧に命中し、直後、鮮やかな鎧は外れて、ゆっくりと地面に落ちた。%K%P
最後の矢は、見事に楓さんの鎧に命中し、直後、鮮やかな鎧は外れて、ゆっくりと地面に落ちた。%K%P
「やっ……た……」%K%P
「やっ……た……」%K%P
まさに全身全霊、渾身の一撃だったらしく、ことりちゃんはそのまま地面にしゃがみこんでしまう。%K%P
まさに全身全霊、渾身の一撃だったらしく、ことりちゃんはそのまま地面にしゃがみこんでしまう。%K%P
一方、負けたというのに楓さんはどこか満足げで、心なしか笑っているようにも見えた。%K%P
一方、負けたというのに楓さんはどこか満足げで、心なしか笑っているようにも見えた。%K%P
「まさか、抱きついてくるなんて……」%K%P
「まさか、抱きついてくるなんて……」%K%P
「楓さんのことだもの。勝負を決める一撃は、きっと鞘に刀を収めると思ったから」%K%P
「楓さんのことだもの。勝負を決める一撃は、きっと鞘に刀を収めると思ったから」%K%P
「動きを止めるには、これしかない、って」%K%P
「動きを止めるには、これしかない、って」%K%P
「さすが綾香さん。まったく……これは、思いきりの良さに負けた、というところかな」%K%P
「さすが綾香さん。まったく……これは、思いきりの良さに負けた、というところかな」%K%P
そう言って微笑んだ楓さんは鍵を取り出し、それを綾香さんに手渡した。%K%P
そう言って微笑んだ楓さんは鍵を取り出し、それを綾香さんに手渡した。%K%P
「あとは、わたしの持っている鍵と、ことりちゃんの鍵でいずみさんを助け出せば――」%K%P
「あとは、わたしの持っている鍵と、ことりちゃんの鍵でいずみさんを助け出せば――」%K%P
「あっ、あのっ……！　ごめんなさい、綾香様……」%K%P
「あっ、あのっ……！　ごめんなさい、綾香様……」%K%P
「えっ？」%K%P
「えっ？」%K%P
いきなり謝ったことりちゃんの方を見れば、ことりちゃんのすぐ側に、千影さんが立っていて。%K%P
いきなり謝ったことりちゃんの方を見れば、ことりちゃんのすぐ側に、千影さんが立っていて。%K%P
その手には、ことりちゃんの弓があった。%K%P
その手には、ことりちゃんの弓があった。%K%P
「千影さん、いつの間に……」%K%P
「千影さん、いつの間に……」%K%P
目の前の白熱した戦いに気取られていた僕は、千影さんの存在に、まるで気付かなかった。%K%P
目の前の白熱した戦いに気取られていた僕は、千影さんの存在に、まるで気付かなかった。%K%P
綾香さんを援護するために矢を使い切ってしまったことりちゃんは、丸腰同然。%K%P
綾香さんを援護するために矢を使い切ってしまったことりちゃんは、丸腰同然。%K%P
そこを千影さんに見つかってしまった時点で、ことりちゃんの負けは決定したようなものだった。%K%P
そこを千影さんに見つかってしまった時点で、ことりちゃんの負けは決定したようなものだった。%K%P
「ありがとう、ことりちゃん」%K%P
「ありがとう、ことりちゃん」%K%P
ことりちゃんから鍵を受けとった千影さんは、それと交換するように弓を持ち主に返す。%K%P
ことりちゃんから鍵を受けとった千影さんは、それと交換するように弓を持ち主に返す。%K%P
完全に迂闊だった。%K%P
完全に迂闊だった。%K%P
強敵である楓さんを打ち破ったことで、気が緩んでしまったことはいなめない。%K%P
強敵である楓さんを打ち破ったことで、気が緩んでしまったことはいなめない。%K%P
わたしが、もっと注意していれば……。%K%P
わたしが、もっと注意していれば……。%K%P
「遅れてしまったけど……なんとか間に合ったみたいね」%K%P
「遅れてしまったけど……なんとか間に合ったみたいね」%K%P
「残ったのは私とあなただけよ、綾香さん」%K%P
「残ったのは私とあなただけよ、綾香さん」%K%P
千影さんの発言で、美琴が負けたことを悟る。%K%P
千影さんの発言で、美琴が負けたことを悟る。%K%P
おそらく、美琴は千影さんを精一杯足止めしてくれたに違いない。%K%P
おそらく、美琴は千影さんを精一杯足止めしてくれたに違いない。%K%P
でなければ、千影さんはもっと早くここに来て、わたしとことりちゃんは負けていたはず。%K%P
でなければ、千影さんはもっと早くここに来て、わたしとことりちゃんは負けていたはず。%K%P
「最後の勝負よ。準備はいいかしら？」%K%P
「最後の勝負よ。準備はいいかしら？」%K%P
「ええ、もちろん」%K%P
「ええ、もちろん」%K%P
頷いてはみたものの、正直、力はほとんど残っていない。%K%P
頷いてはみたものの、正直、力はほとんど残っていない。%K%P
楓さんは力を温存して勝てる相手ではなかったし、実際、後先を考える余裕なんてなかった。%K%P
楓さんは力を温存して勝てる相手ではなかったし、実際、後先を考える余裕なんてなかった。%K%P
でも、ことりちゃんの鍵を手に入れた千影さんに勝たないと、いずみさんを助けることができない。%K%P
でも、ことりちゃんの鍵を手に入れた千影さんに勝たないと、いずみさんを助けることができない。%K%P
そしてそれは、千影さんも同じ――――。%K%P
そしてそれは、千影さんも同じ――――。%K%P
「……勝負よ、千影さん」%K%P
「……勝負よ、千影さん」%K%P
千影さんの実力を考えたら、万全じゃない今、勝てるかどうかは怪しい。%K%P
千影さんの実力を考えたら、万全じゃない今、勝てるかどうかは怪しい。%K%P
それでも、{騎士:ワルキュリア}として、{歌姫:ディーバ}を助けるために剣を構えた。%K%P
それでも、{騎士:ワルキュリア}として、{歌姫:ディーバ}を助けるために剣を構えた。%K%P
「いくわよ、綾香さん」%K%P
「いくわよ、綾香さん」%K%P
「ええっ……！」%K%P
「ええっ……！」%K%P
頷きあったあと、同時に駆ける。%K%P
頷きあったあと、同時に駆ける。%K%P
「やあッ……！」%K%P
「やあッ……！」%K%P
様子を窺う余力なんてないから、牽制はせず、思いきり打ち込んでいった。%K%P
様子を窺う余力なんてないから、牽制はせず、思いきり打ち込んでいった。%K%P
「ふッ……！」%K%P
「ふッ……！」%K%P
双剣を華麗に扱う千影さんは、片方の剣でわたしの攻撃をいなし、もう一方の剣で攻撃に転じる。%K%P
双剣を華麗に扱う千影さんは、片方の剣でわたしの攻撃をいなし、もう一方の剣で攻撃に転じる。%K%P
攻守共に巧みで、フェイントも利かない相手だけど、勝機がないわけじゃない。%K%P
攻守共に巧みで、フェイントも利かない相手だけど、勝機がないわけじゃない。%K%P
昨日、美琴から頼まれる形で双剣を扱ってみて、わかったことがひとつあった。%K%P
昨日、美琴から頼まれる形で双剣を扱ってみて、わかったことがひとつあった。%K%P
それぞれの剣を片手で扱う双剣は、刀や槍などに比べて、どうしても武器を支える力が弱くなる。%K%P
それぞれの剣を片手で扱う双剣は、刀や槍などに比べて、どうしても武器を支える力が弱くなる。%K%P
実際、わたしは練習の最中、美琴に剣を弾かれる形で何度か負けてしまった。%K%P
実際、わたしは練習の最中、美琴に剣を弾かれる形で何度か負けてしまった。%K%P
――――つまり、力勝負を挑めればっ……！！%K%P
――――つまり、力勝負を挑めればっ……！！%K%P
「はああッ……！」%K%P
「はああッ……！」%K%P
お互い、相手の剣を受け、それから攻撃に転じる。%K%P
お互い、相手の剣を受け、それから攻撃に転じる。%K%P
体力が残っていないのはわたしだけだと思っていたけれど、千影さんの動きにも普段のキレはなかった。%K%P
体力が残っていないのはわたしだけだと思っていたけれど、千影さんの動きにも普段のキレはなかった。%K%P
それはおそらく、美琴のおかげだ。%K%P
それはおそらく、美琴のおかげだ。%K%P
わたしが楓さん相手に消耗してしまったように、千影さんもいま、万全の状態ではないんだろう。%K%P
わたしが楓さん相手に消耗してしまったように、千影さんもいま、万全の状態ではないんだろう。%K%P
せっかく美琴が作ってくれたチャンス、みすみす逃したとあっては、親友としての面目がない。%K%P
せっかく美琴が作ってくれたチャンス、みすみす逃したとあっては、親友としての面目がない。%K%P
「負けないんだからっ……！」%K%P
「負けないんだからっ……！」%K%P
さらに踏み込み、剣を振るう。%K%P
さらに踏み込み、剣を振るう。%K%P
こんなに強く、誰かに、何かに勝ちたいと思ったのは初めてのことかもしれない。%K%P
こんなに強く、誰かに、何かに勝ちたいと思ったのは初めてのことかもしれない。%K%P
その想いが、疲弊した身体に気力をくれる。%K%P
その想いが、疲弊した身体に気力をくれる。%K%P
勝利をプレゼントしたい相手がいる。%K%P
勝利をプレゼントしたい相手がいる。%K%P
わたしは、いずみさんを助けると約束した。%K%P
わたしは、いずみさんを助けると約束した。%K%P
我が愛しの{歌姫:ディーバ}に、勝利を――――、%K%P
我が愛しの{歌姫:ディーバ}に、勝利を――――、%K%P
乱れた呼吸とリズムを整えるように、一旦、千影さんとの距離をとったときだった。%K%P
乱れた呼吸とリズムを整えるように、一旦、千影さんとの距離をとったときだった。%K%P
いつからか耳に届く旋律に振り向けば、そこに、いずみさんの姿があった。%K%P
いつからか耳に届く旋律に振り向けば、そこに、いずみさんの姿があった。%K%P
「いずみさん……」%K%P
「いずみさん……」%K%P
目を閉じ、胸に手を添えて歌ういずみさんの姿は、木漏れ日の中で輝いて、とても美しくて。%K%P
目を閉じ、胸に手を添えて歌ういずみさんの姿は、木漏れ日の中で輝いて、とても美しくて。%K%P
その歌声が、耳から全身へと染みていく。%K%P
その歌声が、耳から全身へと染みていく。%K%P
大好きな歌声。%K%P
大好きな歌声。%K%P
愛している人の、愛している声。%K%P
愛している人の、愛している声。%K%P
「いずみさんの、ためにっ……！！」%K%P
「いずみさんの、ためにっ……！！」%K%P
その名を口にしたら、驚くほど力が湧いた。%K%P
その名を口にしたら、驚くほど力が湧いた。%K%P
「ぐっ……くっ、はあああぁッ！！」%K%P
「ぐっ……くっ、はあああぁッ！！」%K%P
精一杯の力で握り締めた剣を、思いきり振り抜く。%K%P
精一杯の力で握り締めた剣を、思いきり振り抜く。%K%P
千影さんは２本の剣を交差させて受け止めようとするけれど、それよりも、わたしの剣が一瞬早い。%K%P
千影さんは２本の剣を交差させて受け止めようとするけれど、それよりも、わたしの剣が一瞬早い。%K%P
「あっ……？！」%K%P
「あっ……？！」%K%P
乾いた音を残し、わたしの剣に弾かれた双剣の片方が宙を舞う。%K%P
乾いた音を残し、わたしの剣に弾かれた双剣の片方が宙を舞う。%K%P
それでも、千影さんは残った剣を構えた。%K%P
それでも、千影さんは残った剣を構えた。%K%P
「これでっ……！」%K%P
「これでっ……！」%K%P
この剣が千影さんの鎧に届くか、あるいは残ったもう一方の剣を弾き飛ばせば、それで終わる。%K%P
この剣が千影さんの鎧に届くか、あるいは残ったもう一方の剣を弾き飛ばせば、それで終わる。%K%P
終わらせて、みせる――――！%K%P
終わらせて、みせる――――！%K%P
「いずみさんっ……！！」%K%P
「いずみさんっ……！！」%K%P
愛する{歌姫:ディーバ}の名前とともに、わたしは手にした剣を渾身の力で振り下ろした。%K%P
愛する{歌姫:ディーバ}の名前とともに、わたしは手にした剣を渾身の力で振り下ろした。%K%P
綾香さんと千影さんの勝負が始まった時、僕は見守ることしか出来なかった。%K%P
綾香さんと千影さんの勝負が始まった時、僕は見守ることしか出来なかった。%K%P
でも、それはあまりにも、もどかしくて。%K%P
でも、それはあまりにも、もどかしくて。%K%P
いま自分に出来る事はなんだろうと考えた結果、やっぱり、歌しかない、と思い至った。%K%P
いま自分に出来る事はなんだろうと考えた結果、やっぱり、歌しかない、と思い至った。%K%P
{歌姫:ディーバ}なら、{歌姫:ディーバ}らしく。%K%P
{歌姫:ディーバ}なら、{歌姫:ディーバ}らしく。%K%P
綾香さんとの出会いや、この学園に通うことになった切っ掛け――――僕がここにいる、すべての源。%K%P
綾香さんとの出会いや、この学園に通うことになった切っ掛け――――僕がここにいる、すべての源。%K%P
それは他でもない、歌だから。%K%P
それは他でもない、歌だから。%K%P
歌声が綾香さんの力になると信じて、胸の想い、そのすべてを声の限りに紡いだ。%K%P
歌声が綾香さんの力になると信じて、胸の想い、そのすべてを声の限りに紡いだ。%K%P
そして、僕が歌い終えたとき。%K%P
そして、僕が歌い終えたとき。%K%P
綾香さんと千影さんの勝負も、綾香さんの勝利によって、その幕を下ろしていた。%K%P
綾香さんと千影さんの勝負も、綾香さんの勝利によって、その幕を下ろしていた。%K%P
「……完敗よ、綾香さん」%K%P
「……完敗よ、綾香さん」%K%P
楓さんと同じように、どこかさっぱりとした笑みを浮かべて、千影さんが鍵を差し出す。%K%P
楓さんと同じように、どこかさっぱりとした笑みを浮かべて、千影さんが鍵を差し出す。%K%P
「ありがとう……」%K%P
「ありがとう……」%K%P
そう言って鍵を受けとると、綾香さんは、少しふらつく足取りで、僕に近寄ってきた。%K%P
そう言って鍵を受けとると、綾香さんは、少しふらつく足取りで、僕に近寄ってきた。%K%P
その姿は見るからに疲れてボロボロだったけど、今まで見てきた中で一番、輝いていた。%K%P
その姿は見るからに疲れてボロボロだったけど、今まで見てきた中で一番、輝いていた。%K%P
「……うん、うんっ」%K%P
「……うん、うんっ」%K%P
名前を呼ばれるだけで、胸が苦しくなる。%K%P
名前を呼ばれるだけで、胸が苦しくなる。%K%P
綾香さんは手にした鍵を使って、僕の錠を、ひとつずつ解錠していく。%K%P
綾香さんは手にした鍵を使って、僕の錠を、ひとつずつ解錠していく。%K%P
そして、３つの錠がすべて外れたとき。%K%P
そして、３つの錠がすべて外れたとき。%K%P
「いずみチームがすべての鍵を解錠しました。勝ったのは、いずみチームです」%K%P
「いずみチームがすべての鍵を解錠しました。勝ったのは、いずみチームです」%K%P
「ふふっ、やったぁ……」%K%P
「ふふっ、やったぁ……」%K%P
「あっ、綾香さんっ」%K%P
「あっ、綾香さんっ」%K%P
にこっと笑った綾香さんが、力尽きて崩れ落ちそうになったので、その身体を慌てて支える。%K%P
にこっと笑った綾香さんが、力尽きて崩れ落ちそうになったので、その身体を慌てて支える。%K%P
抱き合うような形になったけど気にしない。%K%P
抱き合うような形になったけど気にしない。%K%P
いまはなによりも、綾香さんが大切だった。%K%P
いまはなによりも、綾香さんが大切だった。%K%P
「……約束、ちゃんと守ったでしょ？」%K%P
「……約束、ちゃんと守ったでしょ？」%K%P
「うん」%K%P
「うん」%K%P
「最後、もう力がでない……ってときに、いずみさんの歌声が聞こえて……」%K%P
「最後、もう力がでない……ってときに、いずみさんの歌声が聞こえて……」%K%P
「あの歌声があったから、わたしは勝てたの」%K%P
「あの歌声があったから、わたしは勝てたの」%K%P
「いずみさんは間違いなく、最高の{歌姫:ディーバ}よ」%K%P
「いずみさんは間違いなく、最高の{歌姫:ディーバ}よ」%K%P
「綾香さんこそ、最高の{騎士:ワルキュリア}だよ」%K%P
「綾香さんこそ、最高の{騎士:ワルキュリア}だよ」%K%P
「ん、えへへ……ありがと、いずみさん」%K%P
「ん、えへへ……ありがと、いずみさん」%K%P
どこか子供っぽく笑う綾香さんと、顔が近づく。%K%P
どこか子供っぽく笑う綾香さんと、顔が近づく。%K%P
大好きな人が、自分の為に懸命に頑張ってくれた。%K%P
大好きな人が、自分の為に懸命に頑張ってくれた。%K%P
その人のためにいま、出来る事といえば――――、%K%P
その人のためにいま、出来る事といえば――――、%K%P
「綾香さん」%K%P
「綾香さん」%K%P
囁き、そっと唇を寄せる。%K%P
囁き、そっと唇を寄せる。%K%P
「えっ？　あ、あのっ……」%K%P
「えっ？　あ、あのっ……」%K%P
少しだけ戸惑った綾香さんは、それでも目を閉じて、僕のキスを受け入れてくれた。%K%P
少しだけ戸惑った綾香さんは、それでも目を閉じて、僕のキスを受け入れてくれた。%K%P
「んっ……」%K%P
「んっ……」%K%P
キスのせいか、綾香さんが少し跳ねるように、僕の身体にしっかりとしがみつく。%K%P
キスのせいか、綾香さんが少し跳ねるように、僕の身体にしっかりとしがみつく。%K%P
「……すごいわ、一発で元気がでちゃった」%K%P
「……すごいわ、一発で元気がでちゃった」%K%P
「良かった……」%K%P
「良かった……」%K%P
「……ねえ？　もう少し、こうしていていい？」%K%P
「……ねえ？　もう少し、こうしていていい？」%K%P
「うん、いくらでも」%K%P
「うん、いくらでも」%K%P
頷いた僕に、綾香さんが全身を預ける。%K%P
頷いた僕に、綾香さんが全身を預ける。%K%P
昔からいろいろな物語の中で、たくさんのお姫様がキスによって眠りから目を覚ましてきたけれど。%K%P
昔からいろいろな物語の中で、たくさんのお姫様がキスによって眠りから目を覚ましてきたけれど。%K%P
僕と綾香さんに限っては、お姫様のキスによって騎士が目を覚ます物語らしかった。%K%P
僕と綾香さんに限っては、お姫様のキスによって騎士が目を覚ます物語らしかった。%K%P
