今日はお休み。僕は朝から街に繰り出し、あてもなく散策した。%K%P
今日はお休み。僕は朝から街に繰り出し、あてもなく散策した。%K%P
お休みはいいな――自分本来の格好のせいも有るのだろうけど、ホッとする。%K%P
お休みはいいな――自分本来の格好のせいも有るのだろうけど、ホッとする。%K%P
男物のシャツに、ズボン……当たり前の格好なのに、懐かしい気がする。%K%P
男物のシャツに、ズボン……当たり前の格好なのに、懐かしい気がする。%K%P
「あー、結構食べ過ぎちゃったかな。学園にいると、思いっきり食べられないんだよね」%K%P
「あー、結構食べ過ぎちゃったかな。学園にいると、思いっきり食べられないんだよね」%K%P
ご飯が美味しそうな食堂を見つけ、ふらふらと引き寄せられるように入ってしまった。%K%P
ご飯が美味しそうな食堂を見つけ、ふらふらと引き寄せられるように入ってしまった。%K%P
そのまま、腹ごなしに公園まで歩いてきたんだけど。%K%P
そのまま、腹ごなしに公園まで歩いてきたんだけど。%K%P
物音がして、目をやる――あれ、あそこに居るのって……%K%P
物音がして、目をやる――あれ、あそこに居るのって……%K%P
公園に入って少し行ったところ、あの歌を歌った広場を通り過ぎた辺りの森の中。%K%P
公園に入って少し行ったところ、あの歌を歌った広場を通り過ぎた辺りの森の中。%K%P
見覚えのある人影を見つけ、僕は引き寄せられるように、近づいていった。%K%P
見覚えのある人影を見つけ、僕は引き寄せられるように、近づいていった。%K%P
「やっぱり楓さんに、佳様だ。こんなところで会うなんて」%K%P
「やっぱり楓さんに、佳様だ。こんなところで会うなんて」%K%P
練習用の剣を手に、対峙している二人……どうしてこんな街中で？%K%P
練習用の剣を手に、対峙している二人……どうしてこんな街中で？%K%P
「……やぁ！」%K%P
「……やぁ！」%K%P
「ハッ！」%K%P
「ハッ！」%K%P
楓さんが低い姿勢から抜刀する。それをギリギリで見切った佳様。%K%P
楓さんが低い姿勢から抜刀する。それをギリギリで見切った佳様。%K%P
「そらっ、ハッ」%K%P
「そらっ、ハッ」%K%P
「くっ！　んんっ」%K%P
「くっ！　んんっ」%K%P
躱した勢いを利用して、佳様が前に出る。右から振った剣が左に通り抜け、戻る。%K%P
躱した勢いを利用して、佳様が前に出る。右から振った剣が左に通り抜け、戻る。%K%P
無限大を横にしたような、八の字の軌跡を描いて剣が走る。%K%P
無限大を横にしたような、八の字の軌跡を描いて剣が走る。%K%P
やっぱり二人の剣術は迫力がある。思わず見入ってしまう。%K%P
やっぱり二人の剣術は迫力がある。思わず見入ってしまう。%K%P
「くぅ……ふらふらと、落ち着きの無いっ」%K%P
「くぅ……ふらふらと、落ち着きの無いっ」%K%P
「ふふ、華麗な動きと言ってくれないか？　さあ、フィニッシュだ！」%K%P
「ふふ、華麗な動きと言ってくれないか？　さあ、フィニッシュだ！」%K%P
不意に体を翻し、縦に剣を振う佳様。%K%P
不意に体を翻し、縦に剣を振う佳様。%K%P
「くぅうう！」%K%P
「くぅうう！」%K%P
姿勢を崩す楓さん。上段からの重力がプラスされた攻撃を受けて、身を屈める。%K%P
姿勢を崩す楓さん。上段からの重力がプラスされた攻撃を受けて、身を屈める。%K%P
そして通り抜けた剣が跳ね上がり、楓さんの胴を打ち抜く寸前で、剣が止まった。%K%P
そして通り抜けた剣が跳ね上がり、楓さんの胴を打ち抜く寸前で、剣が止まった。%K%P
「一本、ってところかな？」%K%P
「一本、ってところかな？」%K%P
「んぅ…………参った」%K%P
「んぅ…………参った」%K%P
「……す、すごいっ」%K%P
「……す、すごいっ」%K%P
思わず手を叩いていた。相変らず佳様の剣技は流麗で目を奪われる。%K%P
思わず手を叩いていた。相変らず佳様の剣技は流麗で目を奪われる。%K%P
「はは、どうもどうも。可愛いキミ、ありがとうね」%K%P
「はは、どうもどうも。可愛いキミ、ありがとうね」%K%P
「あ、いえ、あまりにも凄かったので、見入ってしまいました」%K%P
「あ、いえ、あまりにも凄かったので、見入ってしまいました」%K%P
手を振り応える佳様、その仕草が自然だ。%K%P
手を振り応える佳様、その仕草が自然だ。%K%P
整ったマスクと相まって、決まりすぎているぐらい格好がいい。%K%P
整ったマスクと相まって、決まりすぎているぐらい格好がいい。%K%P
見つかる前に立ち去ろうと思っていたのだけど――この姿の時、接触するのは危ないかな、佳様、鋭いから。%K%P
見つかる前に立ち去ろうと思っていたのだけど――この姿の時、接触するのは危ないかな、佳様、鋭いから。%K%P
ともかく、司としては、初対面だから……ボロがでないようにしないと。%K%P
ともかく、司としては、初対面だから……ボロがでないようにしないと。%K%P
「あっ、そこにいるのは……久しぶり」%K%P
「あっ、そこにいるのは……久しぶり」%K%P
「うん、こんにちは、輝堂さん。大丈夫だと思うけど、怪我とか無い？」%K%P
「うん、こんにちは、輝堂さん。大丈夫だと思うけど、怪我とか無い？」%K%P
「おやおやおや？　二人とも面識があったの？」%K%P
「おやおやおや？　二人とも面識があったの？」%K%P
「えっと……ん、この前、ちょっと……」%K%P
「えっと……ん、この前、ちょっと……」%K%P
「なんだいなんだい、楓。私は剣術一筋ですって顔して、しっかり青春を楽しんでるじゃないか。このこのー」%K%P
「なんだいなんだい、楓。私は剣術一筋ですって顔して、しっかり青春を楽しんでるじゃないか。このこのー」%K%P
つんつんと肘で楓さんを突く佳様。%K%P
つんつんと肘で楓さんを突く佳様。%K%P
うう、悪そうな顔してる……でも、それさえも魅力的というか――美人は得だなぁ。%K%P
うう、悪そうな顔してる……でも、それさえも魅力的というか――美人は得だなぁ。%K%P
「ち、違う。司さんとは、佳が思うような関係じゃなくて……あ、んぅんっ、痛い、その肘、止めて」%K%P
「ち、違う。司さんとは、佳が思うような関係じゃなくて……あ、んぅんっ、痛い、その肘、止めて」%K%P
「司さん、ねえ。下の名前で呼んでおいて、思う関係じゃない、なんて説得力が無いよ？」%K%P
「司さん、ねえ。下の名前で呼んでおいて、思う関係じゃない、なんて説得力が無いよ？」%K%P
「ほらほら、知っていること、隠していること全部話すんだ。どこまで行ってるのかな？　キス？　それとも……もっとかな？」%K%P
「ほらほら、知っていること、隠していること全部話すんだ。どこまで行ってるのかな？　キス？　それとも……もっとかな？」%K%P
「うぅ、や、やめ……つ、司さん、佳に説明をして、お願い」%K%P
「うぅ、や、やめ……つ、司さん、佳に説明をして、お願い」%K%P
ああ、やっぱりこうなるよね……これじゃ学園にいる時と変わらないよ。%K%P
ああ、やっぱりこうなるよね……これじゃ学園にいる時と変わらないよ。%K%P
さよなら、僕の平穏な休日。%K%P
さよなら、僕の平穏な休日。%K%P
「――という感じなんですよ」%K%P
「――という感じなんですよ」%K%P
「ほぅ、たまたま出会い、久しぶりに帰って来た街を、楓に案内してもらった、ということだね。うーん、そうだったのか」%K%P
「ほぅ、たまたま出会い、久しぶりに帰って来た街を、楓に案内してもらった、ということだね。うーん、そうだったのか」%K%P
「ほら、佳の早とちりだったでしょ。私と司さんはその、おかしな関係じゃないから」%K%P
「ほら、佳の早とちりだったでしょ。私と司さんはその、おかしな関係じゃないから」%K%P
出会った経緯を説明する。猫の部分は微妙にぼかしてだけど……でも佳様絶対、楓さんの猫好きは知ってるよね。%K%P
出会った経緯を説明する。猫の部分は微妙にぼかしてだけど……でも佳様絶対、楓さんの猫好きは知ってるよね。%K%P
「つまり、二人きりでいちゃいちゃしながら街を散策し、楓とっておきのあの和菓子屋で、仲良く並んで縁台に腰を掛け、桜餅を食べたと」%K%P
「つまり、二人きりでいちゃいちゃしながら街を散策し、楓とっておきのあの和菓子屋で、仲良く並んで縁台に腰を掛け、桜餅を食べたと」%K%P
「……言い方が多少アレですが、概ねそんな感じです」%K%P
「……言い方が多少アレですが、概ねそんな感じです」%K%P
うんうんと一人頷く佳様、そしてポンと手の平をコブシで叩く。%K%P
うんうんと一人頷く佳様、そしてポンと手の平をコブシで叩く。%K%P
「わかった、ナンパされた楓が、司くんとデートしてお持ち帰り寸前まで行った、ＯＫ？」%K%P
「わかった、ナンパされた楓が、司くんとデートしてお持ち帰り寸前まで行った、ＯＫ？」%K%P
「ぜんっぜん違う。佳、人の話を聞いてないの？　逃げないで、輝堂流の奥義で、木っ端微塵にしてあげる」%K%P
「ぜんっぜん違う。佳、人の話を聞いてないの？　逃げないで、輝堂流の奥義で、木っ端微塵にしてあげる」%K%P
「輝堂さん抑えてっ。け、佳様、この辺りでっ」%K%P
「輝堂さん抑えてっ。け、佳様、この辺りでっ」%K%P
ああもう、佳様ったら弄りすぎっ。楓さん純粋なんだから。%K%P
ああもう、佳様ったら弄りすぎっ。楓さん純粋なんだから。%K%P
「うん？…………ふふ、冗談、冗談だってばー。ほんと楓は堅物というか、真面目というか」%K%P
「うん？…………ふふ、冗談、冗談だってばー。ほんと楓は堅物というか、真面目というか」%K%P
「あなたが不真面目過ぎるだけ。ごめん、司さん。佳は見た目はまともだけど、中身は子供で」%K%P
「あなたが不真面目過ぎるだけ。ごめん、司さん。佳は見た目はまともだけど、中身は子供で」%K%P
「デートぐらいでデレデレ、メロメロ状態の楓に、子供扱いされたくないなー。って分かった、剣を納めるんだ、司くんも呆れてるよ」%K%P
「デートぐらいでデレデレ、メロメロ状態の楓に、子供扱いされたくないなー。って分かった、剣を納めるんだ、司くんも呆れてるよ」%K%P
そりゃ呆れますって……主に佳様に対してですけどね。%K%P
そりゃ呆れますって……主に佳様に対してですけどね。%K%P
「それにしても、司くん。キミとはどこかで出会ったことはないかな？」%K%P
「それにしても、司くん。キミとはどこかで出会ったことはないかな？」%K%P
「い、いえ、今日が初めてだと思いますが」%K%P
「い、いえ、今日が初めてだと思いますが」%K%P
「そうかい。うーん、何故だか初めてな気がしないんだよねー」%K%P
「そうかい。うーん、何故だか初めてな気がしないんだよねー」%K%P
「佳も？　私も初めて会ったとき、不思議と親しみやすいっていうか、赤の他人のような気がしなくて」%K%P
「佳も？　私も初めて会ったとき、不思議と親しみやすいっていうか、赤の他人のような気がしなくて」%K%P
「分かる。ほいほいと着いて行っちゃうぐらいだもんねー……うん、分かったよ、楓、剣をおろしたまえ、粗暴な女子は司くんも苦手だと思う」%K%P
「分かる。ほいほいと着いて行っちゃうぐらいだもんねー……うん、分かったよ、楓、剣をおろしたまえ、粗暴な女子は司くんも苦手だと思う」%K%P
ちょっといじわるな女子も、苦手ですけどね。%K%P
ちょっといじわるな女子も、苦手ですけどね。%K%P
「あ、司さん、私はその、粗暴とかじゃないし。佳の悪ふざけが過ぎるから……つい」%K%P
「あ、司さん、私はその、粗暴とかじゃないし。佳の悪ふざけが過ぎるから……つい」%K%P
「はは、分かってるよ。輝堂さんは真面目なんだよね」%K%P
「はは、分かってるよ。輝堂さんは真面目なんだよね」%K%P
「んっ……ま、真面目だなんて……なに、佳、その悟ったような笑顔は」%K%P
「んっ……ま、真面目だなんて……なに、佳、その悟ったような笑顔は」%K%P
楓さんに注がれる、佳様の笑顔は、まるで母親が子供に向けるそれのように柔らかい。%K%P
楓さんに注がれる、佳様の笑顔は、まるで母親が子供に向けるそれのように柔らかい。%K%P
「いや……司くん、キミの雰囲気が私達の友達に似てたからさ」%K%P
「いや……司くん、キミの雰囲気が私達の友達に似てたからさ」%K%P
「へ、へぇ～そんな人、いるんですね、不思議ですねえ」%K%P
「へ、へぇ～そんな人、いるんですね、不思議ですねえ」%K%P
……白々しかったかな。もう、僕も楓さんの事言えないよね。%K%P
……白々しかったかな。もう、僕も楓さんの事言えないよね。%K%P
「楓と仲良くしてあげてね。あと、ついでに私とも」%K%P
「楓と仲良くしてあげてね。あと、ついでに私とも」%K%P
「はい、もちろんです、えと……」%K%P
「はい、もちろんです、えと……」%K%P
えっと、なんて呼べば良いかな、久遠さんかな。%K%P
えっと、なんて呼べば良いかな、久遠さんかな。%K%P
「佳でいいよ、学年は楓より一つ上だけどね。さっきみたいに、様はいらないから、あはは」%K%P
「佳でいいよ、学年は楓より一つ上だけどね。さっきみたいに、様はいらないから、あはは」%K%P
「あ、あはは、そ、そうですね、あはは」%K%P
「あ、あはは、そ、そうですね、あはは」%K%P
思い出した……うっかり佳様って呼んじゃってた――僕はタラリと汗が零れるのを感じた。%K%P
思い出した……うっかり佳様って呼んじゃってた――僕はタラリと汗が零れるのを感じた。%K%P
再び練習を再開した二人。アリアを想定しての野外での練習ということらしい。%K%P
再び練習を再開した二人。アリアを想定しての野外での練習ということらしい。%K%P
僕は傍らで見守る……って普段と同じだね、これは。%K%P
僕は傍らで見守る……って普段と同じだね、これは。%K%P
「楓、タイム。ねえ、司くん、ちょっとこっちに来てくれない？」%K%P
「楓、タイム。ねえ、司くん、ちょっとこっちに来てくれない？」%K%P
「はい？　えっとなんですか？」%K%P
「はい？　えっとなんですか？」%K%P
ちょい、ちょいと手招く佳様に促されるように、僕は二人の元へと歩み寄る。%K%P
ちょい、ちょいと手招く佳様に促されるように、僕は二人の元へと歩み寄る。%K%P
「楓、司くんにも参加して貰うのはどうかな。見たところ体幹のバランスも取れているから、良い動きをすると思うんだ」%K%P
「楓、司くんにも参加して貰うのはどうかな。見たところ体幹のバランスも取れているから、良い動きをすると思うんだ」%K%P
「ええっ、佳さん、僕剣なんて振ったこと無いんですけど」%K%P
「ええっ、佳さん、僕剣なんて振ったこと無いんですけど」%K%P
「ん、それはいいかも。司さんって動き一つ一つが滑らかで連続性があるし。案外上手く剣を使うかもしれない」%K%P
「ん、それはいいかも。司さんって動き一つ一つが滑らかで連続性があるし。案外上手く剣を使うかもしれない」%K%P
あれよあれよと話が進んでいく。いつの間にか、断り切れない流れになっていた。%K%P
あれよあれよと話が進んでいく。いつの間にか、断り切れない流れになっていた。%K%P
それでも、折角誘ってくれてるんだ、やってみようかな……なんでも挑戦だよね。%K%P
それでも、折角誘ってくれてるんだ、やってみようかな……なんでも挑戦だよね。%K%P
それに剣のやり取りだなんて、ワクワクしてしまっていた。%K%P
それに剣のやり取りだなんて、ワクワクしてしまっていた。%K%P
「どうだい、司くん、やってみないかい？　もちろん、キミさえ良ければだけど」%K%P
「どうだい、司くん、やってみないかい？　もちろん、キミさえ良ければだけど」%K%P
「分かりました。やってみます。どうすればいいですか？」%K%P
「分かりました。やってみます。どうすればいいですか？」%K%P
「お、そうこなくっちゃ。さすが男の子。それじゃあ最初に、剣の握り方から――」%K%P
「お、そうこなくっちゃ。さすが男の子。それじゃあ最初に、剣の握り方から――」%K%P
佳様と楓さんから、剣術の基礎を教わる。%K%P
佳様と楓さんから、剣術の基礎を教わる。%K%P
基本的な構え型や、振り方、腕と腰の使い方と姿勢……一つ一つを実演して貰いながらそれを倣っていく。%K%P
基本的な構え型や、振り方、腕と腰の使い方と姿勢……一つ一つを実演して貰いながらそれを倣っていく。%K%P
佳様の教え方は感覚的でイメージがしやすい……まるで音が流れこんでくるみたいだ。%K%P
佳様の教え方は感覚的でイメージがしやすい……まるで音が流れこんでくるみたいだ。%K%P
楓さんの教え方は論理的で、一つ一つ噛み砕いてくれるから、初心者でも分かりやすい……楽譜を読み込んでいくみたいだ。%K%P
楓さんの教え方は論理的で、一つ一つ噛み砕いてくれるから、初心者でも分かりやすい……楽譜を読み込んでいくみたいだ。%K%P
考えてみれば、この二人に教わるというのは、かなり贅沢な事じゃ無いかな。%K%P
考えてみれば、この二人に教わるというのは、かなり贅沢な事じゃ無いかな。%K%P
深皇学園の学生に見られたら、とっても羨ましがられる光景かも。%K%P
深皇学園の学生に見られたら、とっても羨ましがられる光景かも。%K%P
「――ん、とりあえず、基本はこんなところかな。あとは実際に剣を振って覚えてみよう。楓、司くんと立ち会って」%K%P
「――ん、とりあえず、基本はこんなところかな。あとは実際に剣を振って覚えてみよう。楓、司くんと立ち会って」%K%P
「ん……じゃあ司さん、今教わったことを思い出しながら、私に打ち込んで。当てるつもりでいいからね」%K%P
「ん……じゃあ司さん、今教わったことを思い出しながら、私に打ち込んで。当てるつもりでいいからね」%K%P
「えっ？　その、当てる振りとかじゃなくていいの？」%K%P
「えっ？　その、当てる振りとかじゃなくていいの？」%K%P
佳様から受け取った剣は練習用の物とはいえ、今日は鎧を着けていない。%K%P
佳様から受け取った剣は練習用の物とはいえ、今日は鎧を着けていない。%K%P
大怪我とかはしないだろうけど、当たったら痛いんじゃないかな？%K%P
大怪我とかはしないだろうけど、当たったら痛いんじゃないかな？%K%P
それに……なにより楓さんは女の子だし。%K%P
それに……なにより楓さんは女の子だし。%K%P
「大丈夫。ほとんど初心者の、司さんの剣が当るような稽古はしていないから」%K%P
「大丈夫。ほとんど初心者の、司さんの剣が当るような稽古はしていないから」%K%P
「……そう、そこまで言うのなら、分かったよ」%K%P
「……そう、そこまで言うのなら、分かったよ」%K%P
ちょっとカチンと来た。幾ら素人と言っても、僕は男の子なんだからね。%K%P
ちょっとカチンと来た。幾ら素人と言っても、僕は男の子なんだからね。%K%P
「ふふ、いいねえ、いいねえ。それじゃ……始めっ」%K%P
「ふふ、いいねえ、いいねえ。それじゃ……始めっ」%K%P
佳様の合図で立ち会いが始まる――先ずは剣先で相手との距離を測って、と……%K%P
佳様の合図で立ち会いが始まる――先ずは剣先で相手との距離を測って、と……%K%P
僕はじりじりと楓さんとの距離を縮めていく。%K%P
僕はじりじりと楓さんとの距離を縮めていく。%K%P
対照的に、楓さんは微動だにしない。%K%P
対照的に、楓さんは微動だにしない。%K%P
「……それじゃ……いくよっ」%K%P
「……それじゃ……いくよっ」%K%P
僕は当たっても怪我をしない程度に剣を振う。%K%P
僕は当たっても怪我をしない程度に剣を振う。%K%P
「あれ、当たらない？」%K%P
「あれ、当たらない？」%K%P
「そんなスピードじゃ当るわけないよ。家の道場に通う、初等部の子達の方が速いくらい」%K%P
「そんなスピードじゃ当るわけないよ。家の道場に通う、初等部の子達の方が速いくらい」%K%P
楓さんがその場を動いた様子は見えない。ただ上半身を反らしただけだ。%K%P
楓さんがその場を動いた様子は見えない。ただ上半身を反らしただけだ。%K%P
「……今のは練習だよ、今度は本番だからね」%K%P
「……今のは練習だよ、今度は本番だからね」%K%P
「勝負に練習も本番もないと思う。これが試合なら、司さんはもう負けているから」%K%P
「勝負に練習も本番もないと思う。これが試合なら、司さんはもう負けているから」%K%P
くっ……怪我させないようにって思ってたのに……それなら。%K%P
くっ……怪我させないようにって思ってたのに……それなら。%K%P
僕は剣を構え直し、そしてさっきより速いスピードで振る。%K%P
僕は剣を構え直し、そしてさっきより速いスピードで振る。%K%P
「う、また、当たらない！」%K%P
「う、また、当たらない！」%K%P
「どうしたの、司さん。もう本番なんでしょう？」%K%P
「どうしたの、司さん。もう本番なんでしょう？」%K%P
涼しげな表情で淡々と躱す楓さん。%K%P
涼しげな表情で淡々と躱す楓さん。%K%P
うう、これじゃ格好悪すぎる……なら、もっと連続して攻撃すれば……たしか、振り方は……こうっ。%K%P
うう、これじゃ格好悪すぎる……なら、もっと連続して攻撃すれば……たしか、振り方は……こうっ。%K%P
「ええぃ！　やあ！」%K%P
「ええぃ！　やあ！」%K%P
「こ、これで、どうだっ！」%K%P
「こ、これで、どうだっ！」%K%P
自分の中での最速の攻撃を繰り出すが、かすりもしない。%K%P
自分の中での最速の攻撃を繰り出すが、かすりもしない。%K%P
段々息が上がってくる。酸素不足で、頭がクラクラとしてきた。%K%P
段々息が上がってくる。酸素不足で、頭がクラクラとしてきた。%K%P
楓さんは刀を抜くこともなく、ひらりひらりと躱している。%K%P
楓さんは刀を抜くこともなく、ひらりひらりと躱している。%K%P
「はぁ、はぁ、はぁ……うぅ…………くっ」%K%P
「はぁ、はぁ、はぁ……うぅ…………くっ」%K%P
「あなたなら、もっとやれるはず。司さんの本気、見せて欲しい。さあ、攻めてきて」%K%P
「あなたなら、もっとやれるはず。司さんの本気、見せて欲しい。さあ、攻めてきて」%K%P
けっして大きな声量ではないのに、楓さんの声がはっきりと聞こえる。%K%P
けっして大きな声量ではないのに、楓さんの声がはっきりと聞こえる。%K%P
身動きしていないのに、圧倒されるような感じを覚える。%K%P
身動きしていないのに、圧倒されるような感じを覚える。%K%P
僕は吸い込まれるように剣を振り下ろした。%K%P
僕は吸い込まれるように剣を振り下ろした。%K%P
「うぅ…………ええい！」%K%P
「うぅ…………ええい！」%K%P
「あつっ！」%K%P
「あつっ！」%K%P
硬質な衝撃に、手がビリビリと痺れる。地面をおもっきり叩いてしまった。%K%P
硬質な衝撃に、手がビリビリと痺れる。地面をおもっきり叩いてしまった。%K%P
思わず剣から手を放してしまう。%K%P
思わず剣から手を放してしまう。%K%P
「そこまで。司くん、大丈夫かな？」%K%P
「そこまで。司くん、大丈夫かな？」%K%P
「はぁはぁはぁ……は、はい、ちょっと痺れただけです……」%K%P
「はぁはぁはぁ……は、はい、ちょっと痺れただけです……」%K%P
情けない……当てるどころか、かすりもしなかったじゃないか。%K%P
情けない……当てるどころか、かすりもしなかったじゃないか。%K%P
「楓、やり過ぎ。司くんは初めての立ち会いなんだからさ」%K%P
「楓、やり過ぎ。司くんは初めての立ち会いなんだからさ」%K%P
「あ……ご、ごめん、司さん。その、剣の事になると、手加減ができなくて……自分の悪いところだって、分ってるのに」%K%P
「あ……ご、ごめん、司さん。その、剣の事になると、手加減ができなくて……自分の悪いところだって、分ってるのに」%K%P
「い、いいって。考えてみれば、僕の姿勢は本気で剣術に打ち込んでる輝堂さんに失礼だったかも。ごめんなさい」%K%P
「い、いいって。考えてみれば、僕の姿勢は本気で剣術に打ち込んでる輝堂さんに失礼だったかも。ごめんなさい」%K%P
そうだ、当たったら怪我をさせてしまうとか、女の子だからとか、思い上がりも{甚:はなは}だしい。%K%P
そうだ、当たったら怪我をさせてしまうとか、女の子だからとか、思い上がりも{甚:はなは}だしい。%K%P
僕だって、歌に例えば、相手が一流の演奏者だとしても、手加減されたら悲しくなってしまうだろう。%K%P
僕だって、歌に例えば、相手が一流の演奏者だとしても、手加減されたら悲しくなってしまうだろう。%K%P
「いや、自分こそ……夢中になると周りが見えなくなってしまって……」%K%P
「いや、自分こそ……夢中になると周りが見えなくなってしまって……」%K%P
「その……だから……嫌わないで欲しい、自分の事を」%K%P
「その……だから……嫌わないで欲しい、自分の事を」%K%P
「も、もちろんだよ、き、嫌ったりしないしっ」%K%P
「も、もちろんだよ、き、嫌ったりしないしっ」%K%P
「自分と来たか、こりゃ本気だ。はぁー、楓も乙女なんだねえ。お姉さん、こんなキミを見ることが出来て嬉しいよ。{眼福:がんぷく}、眼福」%K%P
「自分と来たか、こりゃ本気だ。はぁー、楓も乙女なんだねえ。お姉さん、こんなキミを見ることが出来て嬉しいよ。{眼福:がんぷく}、眼福」%K%P
「んぅ、こ、これは、そうじゃなくて、そうじゃなくてね！」%K%P
「んぅ、こ、これは、そうじゃなくて、そうじゃなくてね！」%K%P
両手をわたわたとさせて抗議する楓さん。顔、真っ赤だし……%K%P
両手をわたわたとさせて抗議する楓さん。顔、真っ赤だし……%K%P
「分かった、分かった。さて、ちょっと休憩しよう。司くん、ほいっ。楓はお茶で良いね？」%K%P
「分かった、分かった。さて、ちょっと休憩しよう。司くん、ほいっ。楓はお茶で良いね？」%K%P
「あ、ありがとうございます」%K%P
「あ、ありがとうございます」%K%P
スポーツドリンクを受け取る――クーラーボックスに入れてあったのか、適度に冷えていてありがたい。%K%P
スポーツドリンクを受け取る――クーラーボックスに入れてあったのか、適度に冷えていてありがたい。%K%P
「ありがとう。あ、これは……司さんと飲んだお茶と同じ……ほら、見て」%K%P
「ありがとう。あ、これは……司さんと飲んだお茶と同じ……ほら、見て」%K%P
「ほんとだ。あは、偶然だね。このお茶、結構本格的で美味しいんだよね」%K%P
「ほんとだ。あは、偶然だね。このお茶、結構本格的で美味しいんだよね」%K%P
「うん、口当たりはさっぱりしてるのに、後味はまったりしてて……なんか癖になるよね。最近、よく買って飲んでる」%K%P
「うん、口当たりはさっぱりしてるのに、後味はまったりしてて……なんか癖になるよね。最近、よく買って飲んでる」%K%P
「おいおい、見せつけないでおくれよ、おふたりさん。私だって一応年頃の乙女なんだからね」%K%P
「おいおい、見せつけないでおくれよ、おふたりさん。私だって一応年頃の乙女なんだからね」%K%P
「いや、その……あはは」%K%P
「いや、その……あはは」%K%P
「……んぅ、ご、ごめん」%K%P
「……んぅ、ご、ごめん」%K%P
楓さんと視線が合う。なんだろ、このムズムズするような感覚は。%K%P
楓さんと視線が合う。なんだろ、このムズムズするような感覚は。%K%P
「ま、いいけどさっ。さて、司くん、キミの攻撃は楓に一つも当たらなかったわけだけど、どうしてだと思う？」%K%P
「ま、いいけどさっ。さて、司くん、キミの攻撃は楓に一つも当たらなかったわけだけど、どうしてだと思う？」%K%P
「それは……僕が初心者だからでしょうか」%K%P
「それは……僕が初心者だからでしょうか」%K%P
「うーん、それもあるけどね。動きが見え見えなんだよ。キミに剣術を指導したのは私達だから、当たり前だろうけど」%K%P
「うーん、それもあるけどね。動きが見え見えなんだよ。キミに剣術を指導したのは私達だから、当たり前だろうけど」%K%P
「うん、型に{嵌:はま}りすぎているというのかな……次にどう動くかが、分ってしまう」%K%P
「うん、型に{嵌:はま}りすぎているというのかな……次にどう動くかが、分ってしまう」%K%P
あ……だからか。まるで未来予知が出来ているみたいに、躱されてしまったし。%K%P
あ……だからか。まるで未来予知が出来ているみたいに、躱されてしまったし。%K%P
「誤解しないで聞いて欲しいけど、型を守るのは大事だよ。基礎があっての応用だからね」%K%P
「誤解しないで聞いて欲しいけど、型を守るのは大事だよ。基礎があっての応用だからね」%K%P
「けどさ、型を守ること、基本に忠実なことと、何も考えないというのは違うと思うよ」%K%P
「けどさ、型を守ること、基本に忠実なことと、何も考えないというのは違うと思うよ」%K%P
「楓みたいな剣術マニアと違って、キミは殆ど知識が無い。逆に言えば、余計な思い込みがないってこと。もっと自由にやってごらんよ」%K%P
「楓みたいな剣術マニアと違って、キミは殆ど知識が無い。逆に言えば、余計な思い込みがないってこと。もっと自由にやってごらんよ」%K%P
「もう、剣術マニアは余計。けどね、佳の言う事ももっともだと思う」%K%P
「もう、剣術マニアは余計。けどね、佳の言う事ももっともだと思う」%K%P
「司さん。あなたは一芸に秀でた物を持っていそう。それを生かしたらいいんじゃない？」%K%P
「司さん。あなたは一芸に秀でた物を持っていそう。それを生かしたらいいんじゃない？」%K%P
うう、鋭いな、楓さん……でも言われてみれば、ただ教えられたことをしただけだった。%K%P
うう、鋭いな、楓さん……でも言われてみれば、ただ教えられたことをしただけだった。%K%P
もっと自由に、秀でた物を生かす、か。%K%P
もっと自由に、秀でた物を生かす、か。%K%P
しばらく休憩した後、再び楓さんと立ち会う。%K%P
しばらく休憩した後、再び楓さんと立ち会う。%K%P
余計な力を抜いて、剣先を相手の喉元へ……そして、剣を振り下ろす。%K%P
余計な力を抜いて、剣先を相手の喉元へ……そして、剣を振り下ろす。%K%P
「やぁっ！」%K%P
「やぁっ！」%K%P
「…………」%K%P
「…………」%K%P
すっと上体を反らせて躱す楓さん。ここまでは同じ。%K%P
すっと上体を反らせて躱す楓さん。ここまでは同じ。%K%P
基本に忠実にと……そして、ここからは、僕のオリジナルでっ。%K%P
基本に忠実にと……そして、ここからは、僕のオリジナルでっ。%K%P
「{Ｌａｒｇｏ:幅広く緩やかに}……そして、表情豊かにっ」%K%P
「{Ｌａｒｇｏ:幅広く緩やかに}……そして、表情豊かにっ」%K%P
「んっ……」%K%P
「んっ……」%K%P
剣先を小さく揺らす。テンポはゆっくり、歩くように……そして、大きく動く。%K%P
剣先を小さく揺らす。テンポはゆっくり、歩くように……そして、大きく動く。%K%P
「たあぁあ！」%K%P
「たあぁあ！」%K%P
「……んっ……」%K%P
「……んっ……」%K%P
「ほぉ」%K%P
「ほぉ」%K%P
当たらない、か。でも、ちょっと驚いてたな。%K%P
当たらない、か。でも、ちょっと驚いてたな。%K%P
よし、いいかも……続けて、いくよっ。%K%P
よし、いいかも……続けて、いくよっ。%K%P
「{Ａｄａｇｉｏ:緩やかに、遅く}……心地よくっ」%K%P
「{Ａｄａｇｉｏ:緩やかに、遅く}……心地よくっ」%K%P
じらすように剣を動かす。蝶々が止まるくらいの速さで。%K%P
じらすように剣を動かす。蝶々が止まるくらいの速さで。%K%P
ヒラヒラと舞う蝶の動きのように、宙を舞わせる。%K%P
ヒラヒラと舞う蝶の動きのように、宙を舞わせる。%K%P
「んんっ……」%K%P
「んんっ……」%K%P
「そして、{Ｐｒｅｓｔｏ:急速}！」%K%P
「そして、{Ｐｒｅｓｔｏ:急速}！」%K%P
一転して……テンポを上げる！%K%P
一転して……テンポを上げる！%K%P
「くっ！」%K%P
「くっ！」%K%P
楓さんが剣先を後ろに飛んで避ける。よし、突破口が見えたかも！%K%P
楓さんが剣先を後ろに飛んで避ける。よし、突破口が見えたかも！%K%P
「{Ｖｉｖａｃｅ:活発に速く}っ」%K%P
「{Ｖｉｖａｃｅ:活発に速く}っ」%K%P
「いいね、いいね、楓が焦ってるよ！　司くん、その調子だ」%K%P
「いいね、いいね、楓が焦ってるよ！　司くん、その調子だ」%K%P
「焦ってなんてっ……くっ！」%K%P
「焦ってなんてっ……くっ！」%K%P
右、左、左と剣を振る。僕の変則的なリズムに、自分のペースを乱される楓さん。%K%P
右、左、左と剣を振る。僕の変則的なリズムに、自分のペースを乱される楓さん。%K%P
冷静さを装っているが、顔には少し、焦りが見える。%K%P
冷静さを装っているが、顔には少し、焦りが見える。%K%P
よし、学園で見学していた時に思った事を試してみよう。%K%P
よし、学園で見学していた時に思った事を試してみよう。%K%P
「{Ａｌｌｅｇｒｏ:速く、楽しげに}！」%K%P
「{Ａｌｌｅｇｒｏ:速く、楽しげに}！」%K%P
右手だけで剣を振りぬき、スピードを重視！%K%P
右手だけで剣を振りぬき、スピードを重視！%K%P
「くぅ！」%K%P
「くぅ！」%K%P
そして左手に持ち替えて、変化を！%K%P
そして左手に持ち替えて、変化を！%K%P
「なっ！？」%K%P
「なっ！？」%K%P
「ワオ！！」%K%P
「ワオ！！」%K%P
捉えた！　――手に心地の良い震動が伝わる。%K%P
捉えた！　――手に心地の良い震動が伝わる。%K%P
「当たった…………当たったぁ！」%K%P
「当たった…………当たったぁ！」%K%P
左手で振り抜いた剣が、刀に触れていた。%K%P
左手で振り抜いた剣が、刀に触れていた。%K%P
「やるじゃない、司くん。あんな攻撃初めて見たよ」%K%P
「やるじゃない、司くん。あんな攻撃初めて見たよ」%K%P
「はぁはぁはぁ……あ、ありがとうございます。その、自由にって言われた物だから……あはは……」%K%P
「はぁはぁはぁ……あ、ありがとうございます。その、自由にって言われた物だから……あはは……」%K%P
「いやぁ、まさか剣を持ち替えてなんてねー。楓、どうだった？」%K%P
「いやぁ、まさか剣を持ち替えてなんてねー。楓、どうだった？」%K%P
「……すごく、驚いた。持ち手もだけど、その前の変幻自在の攻撃にも、ね」%K%P
「……すごく、驚いた。持ち手もだけど、その前の変幻自在の攻撃にも、ね」%K%P
「輝堂流抜刀術にももちろん、今まで見聞きした他のどの剣術にも、あんな技、無かった」%K%P
「輝堂流抜刀術にももちろん、今まで見聞きした他のどの剣術にも、あんな技、無かった」%K%P
「ねえ、司さん。あなたはどこで習ったの？　本当に未経験者？」%K%P
「ねえ、司さん。あなたはどこで習ったの？　本当に未経験者？」%K%P
「本格的に習ったのは今日が初めてかな。攻撃はね……思いつき」%K%P
「本格的に習ったのは今日が初めてかな。攻撃はね……思いつき」%K%P
インプロビゼーション……思いつきは普段からも歌でやってるからね。%K%P
インプロビゼーション……思いつきは普段からも歌でやってるからね。%K%P
僕の言葉にしばし固まる二人、あれ、変な事言っちゃったかな？%K%P
僕の言葉にしばし固まる二人、あれ、変な事言っちゃったかな？%K%P
「……楓、聞いたかい？　トンデモ無いね」%K%P
「……楓、聞いたかい？　トンデモ無いね」%K%P
「ん……司さん、あなたには、{天賦の才:てんぶのさい}が備わっているのかも知れない」%K%P
「ん……司さん、あなたには、{天賦の才:てんぶのさい}が備わっているのかも知れない」%K%P
「いやいや、大げさだって。そもそも、体じゃなくて、剣同士が触れたんだもの」%K%P
「いやいや、大げさだって。そもそも、体じゃなくて、剣同士が触れたんだもの」%K%P
「輝堂流抜刀術だと、刀は斬る物であって、防ぐ物じゃないから。あの時点で私は負けたも同然なんだ」%K%P
「輝堂流抜刀術だと、刀は斬る物であって、防ぐ物じゃないから。あの時点で私は負けたも同然なんだ」%K%P
あ、確か……切れ味が良い分脆いから、つばぜり合いはしない、とか言ってたよね。%K%P
あ、確か……切れ味が良い分脆いから、つばぜり合いはしない、とか言ってたよね。%K%P
「いや、だからと言って……」%K%P
「いや、だからと言って……」%K%P
「素直に喜んでおきなよ。この{唐変木:とうへんぼく}な楓が褒めてるんだからさ。これは珍しいことだよ、うんうん」%K%P
「素直に喜んでおきなよ。この{唐変木:とうへんぼく}な楓が褒めてるんだからさ。これは珍しいことだよ、うんうん」%K%P
「け、佳、失礼だな。それじゃ私が物わかりの悪い、身勝手な人物みたいじゃない。私だって、褒めるときは褒めるから」%K%P
「け、佳、失礼だな。それじゃ私が物わかりの悪い、身勝手な人物みたいじゃない。私だって、褒めるときは褒めるから」%K%P
「ふふ、そうなんだ。それじゃ、物わかりの良い楓さんや、キミも司くんにあやかって、オリジナリティのある技でも考えたらどうかな？」%K%P
「ふふ、そうなんだ。それじゃ、物わかりの良い楓さんや、キミも司くんにあやかって、オリジナリティのある技でも考えたらどうかな？」%K%P
「わ、技？　いや、だけど……輝堂流には、営々と受け継がれた抜刀術が数多くあるし……その、新たに付け足すのも……どうなのかな」%K%P
「わ、技？　いや、だけど……輝堂流には、営々と受け継がれた抜刀術が数多くあるし……その、新たに付け足すのも……どうなのかな」%K%P
「伝統を受け継ぐのも大事だけど、刷新も必要さ。それじゃね、輝堂流じゃなくて、楓流ってのどう？　楓流抜刀術！　うん、良い響だ、ねえ司くん？」%K%P
「伝統を受け継ぐのも大事だけど、刷新も必要さ。それじゃね、輝堂流じゃなくて、楓流ってのどう？　楓流抜刀術！　うん、良い響だ、ねえ司くん？」%K%P
また無茶振りするんだから……けど、楓さんオリジナルってのも良いと思う。作り出すのは大変だけど、そのお陰で技も、歌も進化してきたと思うし。%K%P
また無茶振りするんだから……けど、楓さんオリジナルってのも良いと思う。作り出すのは大変だけど、そのお陰で技も、歌も進化してきたと思うし。%K%P
「いいんじゃないかな？　うん、楓流抜刀術、見てみたいかも」%K%P
「いいんじゃないかな？　うん、楓流抜刀術、見てみたいかも」%K%P
「そ、そう？　まあ司さんが言うのなら…………って、佳、なに、そのニヤケ顔は？」%K%P
「そ、そう？　まあ司さんが言うのなら…………って、佳、なに、そのニヤケ顔は？」%K%P
「なーんでもないよ。さて、司くん。今度は私の相手をしてくれないかい？　なんだか楽しくなってきたよ」%K%P
「なーんでもないよ。さて、司くん。今度は私の相手をしてくれないかい？　なんだか楽しくなってきたよ」%K%P
「ふぅ……本当に凄いな……さっきの、危なかったよ」%K%P
「ふぅ……本当に凄いな……さっきの、危なかったよ」%K%P
「はぁ、はぁ、はぁ……そ、そうです、か。はぁ、はぁ……」%K%P
「はぁ、はぁ、はぁ……そ、そうです、か。はぁ、はぁ……」%K%P
佳様は楓さんと対照的に、曲線的な一筋縄ではいかない剣をつかう。%K%P
佳様は楓さんと対照的に、曲線的な一筋縄ではいかない剣をつかう。%K%P
やっぱり剣には、性格が表れるのだろうか……なんて言ったら怒られそうだ。%K%P
やっぱり剣には、性格が表れるのだろうか……なんて言ったら怒られそうだ。%K%P
汗が額から頬を伝い、地面に零れ落ちる。%K%P
汗が額から頬を伝い、地面に零れ落ちる。%K%P
「いくよ……ハッ！」%K%P
「いくよ……ハッ！」%K%P
風切り音をさせ、剣先が迫る。僕は転がるようにして避けた。%K%P
風切り音をさせ、剣先が迫る。僕は転がるようにして避けた。%K%P
形の良い足が見える……よし、いまなら足元を狙える！%K%P
形の良い足が見える……よし、いまなら足元を狙える！%K%P
「…………くぅうう！？」%K%P
「…………くぅうう！？」%K%P
力を込めた足に激痛が走る――僕はそのまま倒れ込んでしまった。%K%P
力を込めた足に激痛が走る――僕はそのまま倒れ込んでしまった。%K%P
「だ、だいじょう……うわっ！？」%K%P
「だ、だいじょう……うわっ！？」%K%P
「つ、司、どうしたのっ、痛い？　怪我、したの！？」%K%P
「つ、司、どうしたのっ、痛い？　怪我、したの！？」%K%P
「うくぅ……ふ、ふくらはぎが……つぅ」%K%P
「うくぅ……ふ、ふくらはぎが……つぅ」%K%P
ズキンズキンと、刺すような痛みが繰り返し襲ってくる。僕の側に片膝を着き、ズボンをまくり上げる楓さん。%K%P
ズキンズキンと、刺すような痛みが繰り返し襲ってくる。僕の側に片膝を着き、ズボンをまくり上げる楓さん。%K%P
「こ、ここね……あぁ、{痙攣:けいれん}してる……つっちゃったんだ……司、動かないで」%K%P
「こ、ここね……あぁ、{痙攣:けいれん}してる……つっちゃったんだ……司、動かないで」%K%P
「あ、う、うん……んくぅ」%K%P
「あ、う、うん……んくぅ」%K%P
いつの間にか呼び捨てにされている……けれど、不思議としっくりくる。%K%P
いつの間にか呼び捨てにされている……けれど、不思議としっくりくる。%K%P
僕のふくらはぎに手を添え、マッサージをする横顔――真剣なその表情は、とても魅力的だ。%K%P
僕のふくらはぎに手を添え、マッサージをする横顔――真剣なその表情は、とても魅力的だ。%K%P
「痙攣か、水分も取った方がいいね……おっと、スポーツドリンクは……もうないか」%K%P
「痙攣か、水分も取った方がいいね……おっと、スポーツドリンクは……もうないか」%K%P
「佳、水分ならなんでもいいから。そうだ、そこのお茶を取って」%K%P
「佳、水分ならなんでもいいから。そうだ、そこのお茶を取って」%K%P
「これは…………ま、いいか。はい、司くん」%K%P
「これは…………ま、いいか。はい、司くん」%K%P
僕は佳様に渡されたお茶に口を付ける……想像以上に乾いていたのか、一気に飲み干してしまう。%K%P
僕は佳様に渡されたお茶に口を付ける……想像以上に乾いていたのか、一気に飲み干してしまう。%K%P
なぜか、仄かに甘いような香りがした。%K%P
なぜか、仄かに甘いような香りがした。%K%P
マッサージを続ける楓さん。柔らかく、しなやかな指がコリを解していく。%K%P
マッサージを続ける楓さん。柔らかく、しなやかな指がコリを解していく。%K%P
「んく……ん……ふぅ、随分楽になってきたよ、輝堂さん。もう大丈夫かも」%K%P
「んく……ん……ふぅ、随分楽になってきたよ、輝堂さん。もう大丈夫かも」%K%P
「だめ。癖になったら困るから。司は運動不足かもしれないね。少し、筋肉の柔軟性が足りないかも」%K%P
「だめ。癖になったら困るから。司は運動不足かもしれないね。少し、筋肉の柔軟性が足りないかも」%K%P
時折楓さんの髪が触れる。%K%P
時折楓さんの髪が触れる。%K%P
艶々とした毛髪は弾力があって、僕の手足を、首筋を、そして頬を刺激する。%K%P
艶々とした毛髪は弾力があって、僕の手足を、首筋を、そして頬を刺激する。%K%P
「そこに来て筋肉を酷使してしまったと……これは、私達の落ち度だね。考え無しにつき合わせて、ゴメンね」%K%P
「そこに来て筋肉を酷使してしまったと……これは、私達の落ち度だね。考え無しにつき合わせて、ゴメンね」%K%P
「そ、そんな。実際運動不足ですし。それに、剣を振るのが楽しくて、つい限界以上に動いてしまったから」%K%P
「そ、そんな。実際運動不足ですし。それに、剣を振るのが楽しくて、つい限界以上に動いてしまったから」%K%P
そう、本当に楽しかったんだ。学園で見ているとき以上にね。%K%P
そう、本当に楽しかったんだ。学園で見ているとき以上にね。%K%P
楓さん達が剣術に打ち込む理由も分かる気がする。%K%P
楓さん達が剣術に打ち込む理由も分かる気がする。%K%P
「ん、これで大丈夫かな……後は、家に帰って温めのお風呂に入って」%K%P
「ん、これで大丈夫かな……後は、家に帰って温めのお風呂に入って」%K%P
「シャワーじゃなくて、ちゃんと湯船に入るんだよ？　お湯の中で、手の平全体を使って揉みほぐして、司……さん」%K%P
「シャワーじゃなくて、ちゃんと湯船に入るんだよ？　お湯の中で、手の平全体を使って揉みほぐして、司……さん」%K%P
「ははは、今更、司『さん』はないだろう、楓。同じ釜のメシならぬ、同じボトルのお茶を飲んだ仲だろう？」%K%P
「ははは、今更、司『さん』はないだろう、楓。同じ釜のメシならぬ、同じボトルのお茶を飲んだ仲だろう？」%K%P
あ、そういえば、そうだ……あれ、楓さんのお茶だもの。%K%P
あ、そういえば、そうだ……あれ、楓さんのお茶だもの。%K%P
自然と楓さんの唇に目が行ってしまう――うう、意識したら、恥ずかしくなってきた。%K%P
自然と楓さんの唇に目が行ってしまう――うう、意識したら、恥ずかしくなってきた。%K%P
「あっ……あれは、緊急事態だったし……その、司さんは司さんだから……それに男性だもの……」%K%P
「あっ……あれは、緊急事態だったし……その、司さんは司さんだから……それに男性だもの……」%K%P
僕に触れた手の平を合せ、頬を赤らめている。%K%P
僕に触れた手の平を合せ、頬を赤らめている。%K%P
険の取れた声音と、うつむき加減から見上げる視線――女性らしい仕草に、思わず胸が高鳴った。%K%P
険の取れた声音と、うつむき加減から見上げる視線――女性らしい仕草に、思わず胸が高鳴った。%K%P
「司でいいよ。そのほうがしっくり来るし、僕も嬉しいかも」%K%P
「司でいいよ。そのほうがしっくり来るし、僕も嬉しいかも」%K%P
「えっ？　い、いいの？　えっと……じゃ、じゃあ司……も私の事、楓って呼んでいいから」%K%P
「えっ？　い、いいの？　えっと……じゃ、じゃあ司……も私の事、楓って呼んでいいから」%K%P
楓……女の子の名前を呼び捨てにするなんて……なんかドキドキしちゃうな……%K%P
楓……女の子の名前を呼び捨てにするなんて……なんかドキドキしちゃうな……%K%P
い、いや、別に呼び捨てにしろとは言ってないよね？　そ、そうだよね。大体楓さんっていう呼び方の方が、普段で慣れてるし。%K%P
い、いや、別に呼び捨てにしろとは言ってないよね？　そ、そうだよね。大体楓さんっていう呼び方の方が、普段で慣れてるし。%K%P
「分かった、えと、楓……さん」%K%P
「分かった、えと、楓……さん」%K%P
「……え……んん……うん」%K%P
「……え……んん……うん」%K%P
あれ、なんか微妙な感じ……違ったかな……%K%P
あれ、なんか微妙な感じ……違ったかな……%K%P
「ふふ、それじゃ私のことも、佳と呼んで良いからね」%K%P
「ふふ、それじゃ私のことも、佳と呼んで良いからね」%K%P
「だ、駄目！　あっ、んぅ……」%K%P
「だ、駄目！　あっ、んぅ……」%K%P
「あ、あはは……そう言うことらしいです、佳さん」%K%P
「あ、あはは……そう言うことらしいです、佳さん」%K%P
「あら残念。まあ、私を突き飛ばしてまでキミの元に駆け付けた楓だものね。そりゃ、独占したいよねー」%K%P
「あら残念。まあ、私を突き飛ばしてまでキミの元に駆け付けた楓だものね。そりゃ、独占したいよねー」%K%P
「あ、あれは……その大怪我だったら大変だから。他に意味は無くて。本当、本当だから！」%K%P
「あ、あれは……その大怪我だったら大変だから。他に意味は無くて。本当、本当だから！」%K%P
ああ、また弄るんだから……%K%P
ああ、また弄るんだから……%K%P
でも、佳様の気持ちもちょっと分かるかも。だって、楓さんて、可愛いから……うん、そうだ、可愛いんだよね。%K%P
でも、佳様の気持ちもちょっと分かるかも。だって、楓さんて、可愛いから……うん、そうだ、可愛いんだよね。%K%P
「さて、そろそろ解散しようか。名残惜しいけど、司くんは早めに帰って体を休めた方がいいしね」%K%P
「さて、そろそろ解散しようか。名残惜しいけど、司くんは早めに帰って体を休めた方がいいしね」%K%P
「ん…………あ、そうだ、司、家はどこなの？　近くまで送らせて」%K%P
「ん…………あ、そうだ、司、家はどこなの？　近くまで送らせて」%K%P
「大丈夫だから、すぐ近所だし。ほら、もう歩くのにも支障ないからね。気持ちだけ、頂いておくね」%K%P
「大丈夫だから、すぐ近所だし。ほら、もう歩くのにも支障ないからね。気持ちだけ、頂いておくね」%K%P
痛くないことをアピール……ホントはちょっと痛いけど。%K%P
痛くないことをアピール……ホントはちょっと痛いけど。%K%P
まさか、学園の寮に送って貰うわけにはいかないからね。%K%P
まさか、学園の寮に送って貰うわけにはいかないからね。%K%P
「あ……うん、分った。司、体、冷やさないでね。あと、水分はたくさんとって、それと、それと……」%K%P
「あ……うん、分った。司、体、冷やさないでね。あと、水分はたくさんとって、それと、それと……」%K%P
「あ、うん、ありがとう、えと」%K%P
「あ、うん、ありがとう、えと」%K%P
「ん……うう……後は、後は……」%K%P
「ん……うう……後は、後は……」%K%P
何か言いたげにこちらをチラチラと見ている。どうしたんだろ？%K%P
何か言いたげにこちらをチラチラと見ている。どうしたんだろ？%K%P
「あー、分かったから、楓。司くん、また一緒に練習しよう。これ、私と楓の番号」%K%P
「あー、分かったから、楓。司くん、また一緒に練習しよう。これ、私と楓の番号」%K%P
紙片に書かれた二つの番号を渡される。わ、凄い達筆だ。%K%P
紙片に書かれた二つの番号を渡される。わ、凄い達筆だ。%K%P
「楓は、お子様だから、また会いたいってはっきり言えないんだよ」%K%P
「楓は、お子様だから、また会いたいってはっきり言えないんだよ」%K%P
あ、そういうことなのか……考えてみれば、僕は明日も会えるけど、楓さんにしてみたら、今度はいつ会えるか分かんないものね。%K%P
あ、そういうことなのか……考えてみれば、僕は明日も会えるけど、楓さんにしてみたら、今度はいつ会えるか分かんないものね。%K%P
「お、お子様だなんて……け、佳、余計な事を……」%K%P
「お、お子様だなんて……け、佳、余計な事を……」%K%P
「あはは…………えっと、僕のはこれ」%K%P
「あはは…………えっと、僕のはこれ」%K%P
「ありがとね。余計なことだから、楓はいらないよね？　私のお節介だったね、ごめんねー」%K%P
「ありがとね。余計なことだから、楓はいらないよね？　私のお節介だったね、ごめんねー」%K%P
「そ、それとこれとは話が別。いるに決まってるでしょ。その紙、こっちに」%K%P
「そ、それとこれとは話が別。いるに決まってるでしょ。その紙、こっちに」%K%P
楓さんが手を伸ばす。紙片を持った手を上げて、じらす佳様。すぐにからかうんだから。%K%P
楓さんが手を伸ばす。紙片を持った手を上げて、じらす佳様。すぐにからかうんだから。%K%P
「どうしようかなー……うーん、そうだ、私と立ち会って、勝ったら上げるよ」%K%P
「どうしようかなー……うーん、そうだ、私と立ち会って、勝ったら上げるよ」%K%P
「その勝負、受けて立つ。司が立会人だからね。輝堂流の秘術、全てを尽くしてでも手に入れるから」%K%P
「その勝負、受けて立つ。司が立会人だからね。輝堂流の秘術、全てを尽くしてでも手に入れるから」%K%P
案外、輝堂流の奥義とか、秘術、安いのね……%K%P
案外、輝堂流の奥義とか、秘術、安いのね……%K%P
「ああもぅ、もう一枚書くから、ほら楓さん、落ち着いて、ね？」%K%P
「ああもぅ、もう一枚書くから、ほら楓さん、落ち着いて、ね？」%K%P
はあ、やっぱり平穏な休日にはならなかったな……%K%P
はあ、やっぱり平穏な休日にはならなかったな……%K%P
それでも、不思議と充実した一日だったよね。%K%P
それでも、不思議と充実した一日だったよね。%K%P
司に、楓……か……なんだか、二人の距離が、また近づいた気がするな。%K%P
司に、楓……か……なんだか、二人の距離が、また近づいた気がするな。%K%P
