「……はぁはぁ……背中、痛くない？」%K%P
「……はぁはぁ……背中、痛くない？」%K%P
「んぅ……大丈夫……ここの床ってそんなに硬くないから……んん」%K%P
「んぅ……大丈夫……ここの床ってそんなに硬くないから……んん」%K%P
「あは、そんなぁ……あ、鍵掛けたっけ？」%K%P
「あは、そんなぁ……あ、鍵掛けたっけ？」%K%P
「掛けた……もう、集中して、司……ん……」%K%P
「掛けた……もう、集中して、司……ん……」%K%P
「ごめ……んん……ちゅ……楓、鎧当たって痛いよ」%K%P
「ごめ……んん……ちゅ……楓、鎧当たって痛いよ」%K%P
「んちゅ……んもう、言ってるそばから……んちゅ……んん」%K%P
「んちゅ……んもう、言ってるそばから……んちゅ……んん」%K%P
熱い吐息が顔をくすぐる。洗い立ての髪の匂いと、楓の香りが混じり合う。%K%P
熱い吐息が顔をくすぐる。洗い立ての髪の匂いと、楓の香りが混じり合う。%K%P
「はぁはぁ……それにしても……女装が似合うわけだ……ね、ツカーサちゃん」%K%P
「はぁはぁ……それにしても……女装が似合うわけだ……ね、ツカーサちゃん」%K%P
「なんていっても、毎日してるんだから……ふふ、慣れっこだものね」%K%P
「なんていっても、毎日してるんだから……ふふ、慣れっこだものね」%K%P
いたずらっぽく笑う楓。笑い声が耳をくすぐる。%K%P
いたずらっぽく笑う楓。笑い声が耳をくすぐる。%K%P
「んぅ、カンベンしてよ……僕だってしたくてしてたわけじゃ……んちゅ」%K%P
「んぅ、カンベンしてよ……僕だってしたくてしてたわけじゃ……んちゅ」%K%P
「本当？　可愛いとか言われて……んぅ……満更でも無かったんじゃ？　顔、赤くなってたし……ちゅう……」%K%P
「本当？　可愛いとか言われて……んぅ……満更でも無かったんじゃ？　顔、赤くなってたし……ちゅう……」%K%P
唇を重ね合う。しっとりとしたソレに触れる度、甘い痺れが伝わってくる。%K%P
唇を重ね合う。しっとりとしたソレに触れる度、甘い痺れが伝わってくる。%K%P
「司、私より女の子らしいから……少し、妬ける……んぅ」%K%P
「司、私より女の子らしいから……少し、妬ける……んぅ」%K%P
「でも……んあんっ、あっちの方は……はぁはぁ……しっかりと男の子だね」%K%P
「でも……んあんっ、あっちの方は……はぁはぁ……しっかりと男の子だね」%K%P
「うん……楓がしっかりと女の子だってくらいにはね……んぅ」%K%P
「うん……楓がしっかりと女の子だってくらいにはね……んぅ」%K%P
既に大きくなっている僕のモノが、楓の敏感な部分に触れる。%K%P
既に大きくなっている僕のモノが、楓の敏感な部分に触れる。%K%P
熱く、粘度の高い液体が、ポタポタと降りそそぎ、股間を濡らしていく。%K%P
熱く、粘度の高い液体が、ポタポタと降りそそぎ、股間を濡らしていく。%K%P
「んぁん！　司……さっきから、つついてるけど……もう、その……したい？」%K%P
「んぁん！　司……さっきから、つついてるけど……もう、その……したい？」%K%P
「あ、いや……その……」%K%P
「あ、いや……その……」%K%P
そんな、はっきり聞かれても……それは……したくないって言ったら嘘になるけど。%K%P
そんな、はっきり聞かれても……それは……したくないって言ったら嘘になるけど。%K%P
「んちゅ……もう、遠慮なんてしないで……ほらっ……んきゅぅん！」%K%P
「んちゅ……もう、遠慮なんてしないで……ほらっ……んきゅぅん！」%K%P
「んあっ！　そんな、んぅ……押しつけら……んくぅ、あ、熱いっ」%K%P
「んあっ！　そんな、んぅ……押しつけら……んくぅ、あ、熱いっ」%K%P
楓が腰を浮かせる。熱く濡れた部分が、僕の先端を刺激する。%K%P
楓が腰を浮かせる。熱く濡れた部分が、僕の先端を刺激する。%K%P
ヌルヌルと温かい液体が、僕を包んでいく。%K%P
ヌルヌルと温かい液体が、僕を包んでいく。%K%P
「んぅ……し、したい……楓に……入りたい」%K%P
「んぅ……し、したい……楓に……入りたい」%K%P
「ん……はっきり言われると、恥ずかしいかも……司のエッチ」%K%P
「ん……はっきり言われると、恥ずかしいかも……司のエッチ」%K%P
「ひどっ、自分で言わせた癖に……もう……それじゃ、入るから」%K%P
「ひどっ、自分で言わせた癖に……もう……それじゃ、入るから」%K%P
なんだか、楓にいじめられてるみたいだ。けど、罪滅ぼしという意味でも、受け入れるべきかな。%K%P
なんだか、楓にいじめられてるみたいだ。けど、罪滅ぼしという意味でも、受け入れるべきかな。%K%P
……案外、こういうのも悪くないかもだし。%K%P
……案外、こういうのも悪くないかもだし。%K%P
腰の位置を調整して……えっと……こ、ここかな……%K%P
腰の位置を調整して……えっと……こ、ここかな……%K%P
「んぅん！　もうちょっと、下……くぅうん！　そ、そう……そのまま……はいっ……て！」%K%P
「んぅん！　もうちょっと、下……くぅうん！　そ、そう……そのまま……はいっ……て！」%K%P
「んきゅぅうううん！」%K%P
「んきゅぅうううん！」%K%P
先端が楓の狭い割れ目を押し広げていく。%K%P
先端が楓の狭い割れ目を押し広げていく。%K%P
一回目と同じ、いや、それ以上にキツイ。%K%P
一回目と同じ、いや、それ以上にキツイ。%K%P
「くぅう、きつ過ぎ……んぁうっ」%K%P
「くぅう、きつ過ぎ……んぁうっ」%K%P
「んぅ……つぅ……つ、司のが……大きくなってるんじゃ、ない？　んんぅああんっ」%K%P
「んぅ……つぅ……つ、司のが……大きくなってるんじゃ、ない？　んんぅああんっ」%K%P
「はぁはぁ……ほら、まだまだ成長期だから……なんて……くぅうううんっ」%K%P
「はぁはぁ……ほら、まだまだ成長期だから……なんて……くぅうううんっ」%K%P
楓の甘い声が、室内に拡がる。音楽室だけあって、良く響く。%K%P
楓の甘い声が、室内に拡がる。音楽室だけあって、良く響く。%K%P
「くぅん！　司の……硬い……はぁはぁはぁ……すごいよ」%K%P
「くぅん！　司の……硬い……はぁはぁはぁ……すごいよ」%K%P
「ひぅうんっ！　硬いのが、めり込んで、くる……やぅっ」%K%P
「ひぅうんっ！　硬いのが、めり込んで、くる……やぅっ」%K%P
背中に回された楓の腕に、力が入る。%K%P
背中に回された楓の腕に、力が入る。%K%P
体が密着する……硬質の鎧と、柔らかな肌が触れ合う。%K%P
体が密着する……硬質の鎧と、柔らかな肌が触れ合う。%K%P
「くはっ！　くっついてるっ！　んんぅ……司の体……はぁはぁ……」%K%P
「くはっ！　くっついてるっ！　んんぅ……司の体……はぁはぁ……」%K%P
「司は、温かくて……んぅ……気持ち良いね……はぁはぁ……」%K%P
「司は、温かくて……んぅ……気持ち良いね……はぁはぁ……」%K%P
「楓も……ぽかぽかしていい感じ……それじゃ、動くから……んっく」%K%P
「楓も……ぽかぽかしていい感じ……それじゃ、動くから……んっく」%K%P
腰を浮かし、落とす……くちゅ、くちゅっとイヤらしい水音がする。%K%P
腰を浮かし、落とす……くちゅ、くちゅっとイヤらしい水音がする。%K%P
「んあぁあん！　んぅううん！　司の、動いて……るぅ……」%K%P
「んあぁあん！　んぅううん！　司の、動いて……るぅ……」%K%P
「やぅっ、熱くて、硬いの……ううん！　いい、かもっ」%K%P
「やぅっ、熱くて、硬いの……ううん！　いい、かもっ」%K%P
「んぅ、くぅ……はぁはぁ……んぅっ」%K%P
「んぅ、くぅ……はぁはぁ……んぅっ」%K%P
やっぱり楓の中は蕩けるほど心地よくて、もっと、もっと気持ち良くなりたいと思ってしまう。%K%P
やっぱり楓の中は蕩けるほど心地よくて、もっと、もっと気持ち良くなりたいと思ってしまう。%K%P
不慣れな僕は、ぎこちなく体を動かす。%K%P
不慣れな僕は、ぎこちなく体を動かす。%K%P
「きゅぅん、ああん！　あは、司、一生懸命だ……ね……んくぅううんっ」%K%P
「きゅぅん、ああん！　あは、司、一生懸命だ……ね……んくぅううんっ」%K%P
「司が、いずみさんの格好で私の上で……エッチなことをしてる……」%K%P
「司が、いずみさんの格好で私の上で……エッチなことをしてる……」%K%P
「はぁはぁ……んくぅうん、か、可愛い……きゃぅん！」%K%P
「はぁはぁ……んくぅうん、か、可愛い……きゃぅん！」%K%P
「んもぉ、可愛いとか……いわない、で……はぁはぁ……」%K%P
「んもぉ、可愛いとか……いわない、で……はぁはぁ……」%K%P
くぅ、気持ち良いせいなのか、それとも、雨に濡れたダメージや疲労のせいなのか……やっぱり体が思う様にうごかない。%K%P
くぅ、気持ち良いせいなのか、それとも、雨に濡れたダメージや疲労のせいなのか……やっぱり体が思う様にうごかない。%K%P
「んぅ……司、キツイの？」%K%P
「んぅ……司、キツイの？」%K%P
「ん、ううん、へ、平気だから……ちょ、ちょっと疲れただけ、直ぐ……治る…………え、か、楓？」%K%P
「ん、ううん、へ、平気だから……ちょ、ちょっと疲れただけ、直ぐ……治る…………え、か、楓？」%K%P
楓が身じろぎをする。足を僕の腰に回して……引き寄せた。%K%P
楓が身じろぎをする。足を僕の腰に回して……引き寄せた。%K%P
「んぁああぁ～～～んっ」%K%P
「んぁああぁ～～～んっ」%K%P
楓の足が、体を引きつけ、より強く密着する。%K%P
楓の足が、体を引きつけ、より強く密着する。%K%P
硬質な鎧が、痛くて気持ちいい。%K%P
硬質な鎧が、痛くて気持ちいい。%K%P
「んぅうう、つ、司は、少し休んでて……はぁはぁ……今度は、私が……して、あげる」%K%P
「んぅうう、つ、司は、少し休んでて……はぁはぁ……今度は、私が……して、あげる」%K%P
「はぁはぁ、ありがとう、楓……んぅ」%K%P
「はぁはぁ、ありがとう、楓……んぅ」%K%P
背中に回した手で、僕の髪を撫でる。ウィッグから伝わる刺激。%K%P
背中に回した手で、僕の髪を撫でる。ウィッグから伝わる刺激。%K%P
「はぁはぁ……司、髪、さらさら……んくぅ……お手入れ、してるの？」%K%P
「はぁはぁ……司、髪、さらさら……んくぅ……お手入れ、してるの？」%K%P
「ん……一応、ウィッグ用のお手入れ道具でね……触り心地いいよね」%K%P
「ん……一応、ウィッグ用のお手入れ道具でね……触り心地いいよね」%K%P
「んあ、とても…………あ、髪って言ったら……司、佳の髪にキスしてた」%K%P
「んあ、とても…………あ、髪って言ったら……司、佳の髪にキスしてた」%K%P
……そういえば、そんなことも有りましたよね……。%K%P
……そういえば、そんなことも有りましたよね……。%K%P
「佳、喜んでた……司も嫌じゃなさそうだったし……はぁはぁはぁ……恋人の目の前でキスするなんて……」%K%P
「佳、喜んでた……司も嫌じゃなさそうだったし……はぁはぁはぁ……恋人の目の前でキスするなんて……」%K%P
「あ、あれはっ、しょうがなく……んくぅう！　し、締めない、でっ」%K%P
「あ、あれはっ、しょうがなく……んくぅう！　し、締めない、でっ」%K%P
楓の足に力がこめられる。引きつけられ、奥まで僕のモノが入り込んでいく。%K%P
楓の足に力がこめられる。引きつけられ、奥まで僕のモノが入り込んでいく。%K%P
「んぅううう、ふかぃいいっ」%K%P
「んぅううう、ふかぃいいっ」%K%P
「…はぁはぁ……あれ、浮気なのかな？」%K%P
「…はぁはぁ……あれ、浮気なのかな？」%K%P
「ち、違うっ……か、楓だって知ってるでしょ……んくぅう」%K%P
「ち、違うっ……か、楓だって知ってるでしょ……んくぅう」%K%P
足の力を緩めたり、強めたり。腰を引いたり、突いたり。%K%P
足の力を緩めたり、強めたり。腰を引いたり、突いたり。%K%P
さすがに武道で鍛えているだけあって、ボディコントロールはお手の物みたい。%K%P
さすがに武道で鍛えているだけあって、ボディコントロールはお手の物みたい。%K%P
「ほんとう？　はぁはぁ……だったら、私にも……もっとキス……して」%K%P
「ほんとう？　はぁはぁ……だったら、私にも……もっとキス……して」%K%P
「くぅん……ほ、ほんとうだって……んぅ、ちゅぅ、ちゅぅうう」%K%P
「くぅん……ほ、ほんとうだって……んぅ、ちゅぅ、ちゅぅうう」%K%P
「んぅ、ちゅぅ……ちゅぅ……んぅ…………ちゅぱっ……はぁはぁ……ふふ。ちょっといじわるだった？」%K%P
「んぅ、ちゅぅ……ちゅぅ……んぅ…………ちゅぱっ……はぁはぁ……ふふ。ちょっといじわるだった？」%K%P
「ん、ちょっとだけ……んちゅぅ……んんぅ」%K%P
「ん、ちょっとだけ……んちゅぅ……んんぅ」%K%P
僕の口を吸う楓。熱く湿った唇が、僕のソレをはさみ込む。%K%P
僕の口を吸う楓。熱く湿った唇が、僕のソレをはさみ込む。%K%P
「んんちゅぅ……ごめんね……ちゅう……司、おいしい……んぅちゅうう」%K%P
「んんちゅぅ……ごめんね……ちゅう……司、おいしい……んぅちゅうう」%K%P
「んぅ……ちゅ…………はぁはぁはぁ……食べられちゃいそうだね、あは」%K%P
「んぅ……ちゅ…………はぁはぁはぁ……食べられちゃいそうだね、あは」%K%P
「それは大げさだけど……でも、食べてしまいたいぐらい……司が、好き……んちゅ……ちゅぅう」%K%P
「それは大げさだけど……でも、食べてしまいたいぐらい……司が、好き……んちゅ……ちゅぅう」%K%P
抱きしめ合ったまま、唇を貪り合う僕ら。%K%P
抱きしめ合ったまま、唇を貪り合う僕ら。%K%P
楓の湿った吐息に乗って、かすれた声が聞こえてくる。%K%P
楓の湿った吐息に乗って、かすれた声が聞こえてくる。%K%P
下半身に熱が集まってくる……そろそろ……かも。%K%P
下半身に熱が集まってくる……そろそろ……かも。%K%P
「んぅちゅ……楓、んぅ……いっちゃうかもだから……一度、離れよう」%K%P
「んぅちゅ……楓、んぅ……いっちゃうかもだから……一度、離れよう」%K%P
「……やだ……離れない……このままで、いて」%K%P
「……やだ……離れない……このままで、いて」%K%P
「え、だって……それじゃ……んぅ！？　か、楓……んぅうくぅ！」%K%P
「え、だって……それじゃ……んぅ！？　か、楓……んぅうくぅ！」%K%P
楓の足の力に強弱がつく。腰の辺りを踵が刺激して……そ、そんな事されたら。%K%P
楓の足の力に強弱がつく。腰の辺りを踵が刺激して……そ、そんな事されたら。%K%P
「んぅ、んんはぁ、んんはぁああん！」%K%P
「んぅ、んんはぁ、んんはぁああん！」%K%P
「だ、だめだっ……楓、出ちゃうからっ……んくぅう！」%K%P
「だ、だめだっ……楓、出ちゃうからっ……んくぅう！」%K%P
「んぅう、んんぅううん！　い、いいから、このまま……んぅう、欲しい……んぅううん」%K%P
「んぅう、んんぅううん！　い、いいから、このまま……んぅう、欲しい……んぅううん」%K%P
背中に回された手に、力がこめられる。%K%P
背中に回された手に、力がこめられる。%K%P
指先が、僕の体を刺激する。どこもかしこも、気持ち良い。%K%P
指先が、僕の体を刺激する。どこもかしこも、気持ち良い。%K%P
「んぅう、んんぅ、んんぅううん！　司の、んぅ、おおきく、なってる！　やぁううん！　なかで、ビクビク、して……きゃぅううん！」%K%P
「んぅう、んんぅ、んんぅううん！　司の、んぅ、おおきく、なってる！　やぁううん！　なかで、ビクビク、して……きゃぅううん！」%K%P
「くぅうう、もぉ、来てるからっ！　か、楓っ」%K%P
「くぅうう、もぉ、来てるからっ！　か、楓っ」%K%P
「ひぅう、ひぅううん！　きてっ！　きてよ、司ぁ～～～！」%K%P
「ひぅう、ひぅううん！　きてっ！　きてよ、司ぁ～～～！」%K%P
ぎゅっと僕の体を引き寄せる楓。%K%P
ぎゅっと僕の体を引き寄せる楓。%K%P
僕も、サラサラの髪ごと、彼女を抱きしめた。%K%P
僕も、サラサラの髪ごと、彼女を抱きしめた。%K%P
「きゃあぁううううん！」%K%P
「きゃあぁううううん！」%K%P
僕のモノが脈打ち、濁った液体を、楓に注ぎ込む。%K%P
僕のモノが脈打ち、濁った液体を、楓に注ぎ込む。%K%P
「んぅううううううん！　なか、出てるぅよぉおおおっ」%K%P
「んぅううううううん！　なか、出てるぅよぉおおおっ」%K%P
「やあぅううんっ……う、うれしい……はぁはぁ……」%K%P
「やあぅううんっ……う、うれしい……はぁはぁ……」%K%P
「はぁはぁ……楓……んぅ……まだ、なか、動いてる……」%K%P
「はぁはぁ……楓……んぅ……まだ、なか、動いてる……」%K%P
下半身が痺れたようにだるい。けれども、僕のモノはいまだ硬度を保ったままだった。%K%P
下半身が痺れたようにだるい。けれども、僕のモノはいまだ硬度を保ったままだった。%K%P
「はぁはぁ……司の……硬いまま……もっと欲しい……かも」%K%P
「はぁはぁ……司の……硬いまま……もっと欲しい……かも」%K%P
一度絶頂を迎えた僕達、脱力感から床に腰を下ろす。%K%P
一度絶頂を迎えた僕達、脱力感から床に腰を下ろす。%K%P
荒い呼吸を繰り返す僕に、楓が寄り添ってくる。%K%P
荒い呼吸を繰り返す僕に、楓が寄り添ってくる。%K%P
「はぁ、はぁ……ん、か、楓……なにを」%K%P
「はぁ、はぁ……ん、か、楓……なにを」%K%P
「はぁはぁ……ん、司は無理しないで。その、少しの間、私に任せて欲しい……いい？」%K%P
「はぁはぁ……ん、司は無理しないで。その、少しの間、私に任せて欲しい……いい？」%K%P
「う、うん…………んぁっ、そんな……」%K%P
「う、うん…………んぁっ、そんな……」%K%P
「んぅうん、手で……なんて……くぅっ」%K%P
「んぅうん、手で……なんて……くぅっ」%K%P
「はぁ、はぁ……濡れてる……これって……私と、司のかな？」%K%P
「はぁ、はぁ……濡れてる……これって……私と、司のかな？」%K%P
楓の白い指先が、僕のモノに添えられる。イッたばかりで敏感に成っているソコ、思わず声が出てしまう。%K%P
楓の白い指先が、僕のモノに添えられる。イッたばかりで敏感に成っているソコ、思わず声が出てしまう。%K%P
「くぅっ、ま、まだ……じんじんしてるから……」%K%P
「くぅっ、ま、まだ……じんじんしてるから……」%K%P
「ご、ごめんっ。その、男の人のって……初めて触ったから……このぐらいなら、平気？」%K%P
「ご、ごめんっ。その、男の人のって……初めて触ったから……このぐらいなら、平気？」%K%P
楓が、触れるか触れないかぐらいのタッチで、指を滑らせる。%K%P
楓が、触れるか触れないかぐらいのタッチで、指を滑らせる。%K%P
ピリピリと甘い痺れが走る。%K%P
ピリピリと甘い痺れが走る。%K%P
「んぅっ、そ、そう……いいかも」%K%P
「んぅっ、そ、そう……いいかも」%K%P
「良かった……凄い、熱い……はぁはぁ……ピクピクしてる」%K%P
「良かった……凄い、熱い……はぁはぁ……ピクピクしてる」%K%P
「んぅ……なんか硬いのに、柔らかいっていうか……ヘンな感じ」%K%P
「んぅ……なんか硬いのに、柔らかいっていうか……ヘンな感じ」%K%P
楓の熱に潤んだ視線が、僕のモノに注がれる。%K%P
楓の熱に潤んだ視線が、僕のモノに注がれる。%K%P
マジマジと見つめられると……なんか、変な気分になってくる。%K%P
マジマジと見つめられると……なんか、変な気分になってくる。%K%P
「んあっ、大きくなった！？　つ、司、これどうなってるの？」%K%P
「んあっ、大きくなった！？　つ、司、これどうなってるの？」%K%P
「えっ、その……お、男は、その……感じると、こうなっちゃうというか……あ、触っちゃ……くぅう」%K%P
「えっ、その……お、男は、その……感じると、こうなっちゃうというか……あ、触っちゃ……くぅう」%K%P
「どんどん大きくなってる……凄い、男の子の体って……こんな風になるんだ」%K%P
「どんどん大きくなってる……凄い、男の子の体って……こんな風になるんだ」%K%P
スベスベの指が、僕のモノをさすっている。%K%P
スベスベの指が、僕のモノをさすっている。%K%P
不器用な手の動きが、もどかしくて、気持ち良い。%K%P
不器用な手の動きが、もどかしくて、気持ち良い。%K%P
「はぁはぁ、大きくなって……硬くなってる……」%K%P
「はぁはぁ、大きくなって……硬くなってる……」%K%P
「んぁっ……司、その……先から、透明なものが……これは、なに？」%K%P
「んぁっ……司、その……先から、透明なものが……これは、なに？」%K%P
「んぅ……さっきの残りと……はぁはぁ……えっと、気持ち良くなると、出る……ものなんだ」%K%P
「んぅ……さっきの残りと……はぁはぁ……えっと、気持ち良くなると、出る……ものなんだ」%K%P
ぷっくりと膨らんだ、僕のモノから、白く濁った液体が、溢れ出してきている。%K%P
ぷっくりと膨らんだ、僕のモノから、白く濁った液体が、溢れ出してきている。%K%P
それは楓の手を濡らし、衣装を濡らし、床に染みを作っていく。%K%P
それは楓の手を濡らし、衣装を濡らし、床に染みを作っていく。%K%P
「止まらないね……それに……エッチな匂いがする。やだ、どうしよう…………うん」%K%P
「止まらないね……それに……エッチな匂いがする。やだ、どうしよう…………うん」%K%P
「ねえ、司……私、あなたをもっと気持ち良くしてあげたい……いい？」%K%P
「ねえ、司……私、あなたをもっと気持ち良くしてあげたい……いい？」%K%P
「えっ？　そ、その……いいけど…………う、嘘っ？」%K%P
「えっ？　そ、その……いいけど…………う、嘘っ？」%K%P
僕の返事を待ちきれないように、楓が顔を近づける。%K%P
僕の返事を待ちきれないように、楓が顔を近づける。%K%P
おずおずと口を開くと、僕のモノを……含んだ。%K%P
おずおずと口を開くと、僕のモノを……含んだ。%K%P
「んあっ！　くぅうん！」%K%P
「んあっ！　くぅうん！」%K%P
「んぅっ……んちゅぅ、ちゅぅ……」%K%P
「んぅっ……んちゅぅ、ちゅぅ……」%K%P
楓の唇が、僕のモノをはさみ込む。%K%P
楓の唇が、僕のモノをはさみ込む。%K%P
まるで温泉に突っ込んだみたいに、熱い。%K%P
まるで温泉に突っ込んだみたいに、熱い。%K%P
「んふぅ……ちゅぅ、んぅ、ちゅぅ……んちゅ、ちゅぅ……」%K%P
「んふぅ……ちゅぅ、んぅ、ちゅぅ……んちゅ、ちゅぅ……」%K%P
「くふっ……んぅ……んはっ！　は、歯が当たって……ひぅっ」%K%P
「くふっ……んぅ……んはっ！　は、歯が当たって……ひぅっ」%K%P
楓の真っ白い歯が、敏感な部分に当る。%K%P
楓の真っ白い歯が、敏感な部分に当る。%K%P
「んぷっ……ご、ごめん……痛かった？　んぅ……こ、こう？　……んちゅぅ……ちゅ」%K%P
「んぷっ……ご、ごめん……痛かった？　んぅ……こ、こう？　……んちゅぅ……ちゅ」%K%P
「だ、大丈夫……慣れてないんだから……気にしないで……んくぅん！」%K%P
「だ、大丈夫……慣れてないんだから……気にしないで……んくぅん！」%K%P
「んぅ、ちがう？　……んぅ、んちゅ、ちゅ……」%K%P
「んぅ、ちがう？　……んぅ、んちゅ、ちゅ……」%K%P
刺すような痛みと、蕩けるような快感……僕は噛みしめた唇の間から、声を漏す。%K%P
刺すような痛みと、蕩けるような快感……僕は噛みしめた唇の間から、声を漏す。%K%P
懸命にしてくれる楓を見ていると、痛みよりも、喜びの方が遙かに大きい。%K%P
懸命にしてくれる楓を見ていると、痛みよりも、喜びの方が遙かに大きい。%K%P
「ちゅぅ、ちゅぅ……んんぅ……動かすより……吸った方が、いいの、かな？」%K%P
「ちゅぅ、ちゅぅ……んんぅ……動かすより……吸った方が、いいの、かな？」%K%P
「はぁはぁ……んっと、どうなんだろう。楓の好きなようにしていいよ……すべて、受け止める、から」%K%P
「はぁはぁ……んっと、どうなんだろう。楓の好きなようにしていいよ……すべて、受け止める、から」%K%P
「……もう……そんなこと言われたら……もっと……すきになっちゃう……んちゅぅ……ちゅ」%K%P
「……もう……そんなこと言われたら……もっと……すきになっちゃう……んちゅぅ……ちゅ」%K%P
火のような吐息が、股間をなで上げる。%K%P
火のような吐息が、股間をなで上げる。%K%P
僕は体の力を抜き、楓に身を委ねた。%K%P
僕は体の力を抜き、楓に身を委ねた。%K%P
「ちゅぅ……ちゅぅ～～～～」%K%P
「ちゅぅ……ちゅぅ～～～～」%K%P
「くふっ！　んぅう、吸われて……んぅう、るぅ……んあん」%K%P
「くふっ！　んぅう、吸われて……んぅう、るぅ……んあん」%K%P
唇をすぼめ、僕のモノを吸う楓。%K%P
唇をすぼめ、僕のモノを吸う楓。%K%P
ゼリーのように柔らかなソレが、絶え間ない快感を伝えてくる。%K%P
ゼリーのように柔らかなソレが、絶え間ない快感を伝えてくる。%K%P
{管:くだ}にチリチリと焼けるような痛みが走る……それすら、気持ち良い。%K%P
{管:くだ}にチリチリと焼けるような痛みが走る……それすら、気持ち良い。%K%P
「んちゅ、ちゅぅ……んんく、んんくぅ……んちゅ」%K%P
「んちゅ、ちゅぅ……んんく、んんくぅ……んちゅ」%K%P
「んあぁっ、楓が、僕の……を……飲んで……る……」%K%P
「んあぁっ、楓が、僕の……を……飲んで……る……」%K%P
白く滑らかな喉元。艶めかしく、蠢いている。%K%P
白く滑らかな喉元。艶めかしく、蠢いている。%K%P
僕の体内から沸き上がる、全ての白濁液を飲み干そうとしているみたいだ。%K%P
僕の体内から沸き上がる、全ての白濁液を飲み干そうとしているみたいだ。%K%P
「んちゅぅ、ちゅぅ～～～……んぅ、んくぅ、んんくぅ」%K%P
「んちゅぅ、ちゅぅ～～～……んぅ、んくぅ、んんくぅ」%K%P
「司の……んぅ、どんどん、出てくる……んぅ……」%K%P
「司の……んぅ、どんどん、出てくる……んぅ……」%K%P
「か、楓……全部、出ちゃいそう……んぅ……やぅ……」%K%P
「か、楓……全部、出ちゃいそう……んぅ……やぅ……」%K%P
「ちゅぅ、ちゅう……んっぷぅ！」%K%P
「ちゅぅ、ちゅう……んっぷぅ！」%K%P
「はぁはぁはぁ……司のここ、元気になったね」%K%P
「はぁはぁはぁ……司のここ、元気になったね」%K%P
口元を濡らした楓が、僕を見上げ、微笑み掛ける。%K%P
口元を濡らした楓が、僕を見上げ、微笑み掛ける。%K%P
泡だった液体が、形のいい顎を伝わり、体を濡らしていた。%K%P
泡だった液体が、形のいい顎を伝わり、体を濡らしていた。%K%P
「ん……司……大丈夫？　重くない？」%K%P
「ん……司……大丈夫？　重くない？」%K%P
僕の上に跨り、顔を真っ赤に染めて、呟く楓。%K%P
僕の上に跨り、顔を真っ赤に染めて、呟く楓。%K%P
二人の体が触れ合っている部分は熱く、湿っている。%K%P
二人の体が触れ合っている部分は熱く、湿っている。%K%P
恥ずかしさからか、声が小さい……なんだか、凄く可愛い。%K%P
恥ずかしさからか、声が小さい……なんだか、凄く可愛い。%K%P
ちょっとイジワルしたいかも……悪戯心に火がつく。%K%P
ちょっとイジワルしたいかも……悪戯心に火がつく。%K%P
「ん……ちょっとだけ重いかも。太った？」%K%P
「ん……ちょっとだけ重いかも。太った？」%K%P
「えっ！？　そ、そんな！　体重は変らないはず……い、いや、ここの所は、むしろ減っていたっていうか……」%K%P
「えっ！？　そ、そんな！　体重は変らないはず……い、いや、ここの所は、むしろ減っていたっていうか……」%K%P
端正な顔に焦りをうかべ、否定する楓。冗談が過ぎたかな？\n思わず微笑んでしまう。%K%P
端正な顔に焦りをうかべ、否定する楓。冗談が過ぎたかな？\n思わず微笑んでしまう。%K%P
「あ？　その顔……司、さては……」%K%P
「あ？　その顔……司、さては……」%K%P
「うぅ、からかったんだ、酷いぞ、ちょっと傷ついた」%K%P
「うぅ、からかったんだ、酷いぞ、ちょっと傷ついた」%K%P
「自分、司の言葉は……なんでも信じてしまうから……もう」%K%P
「自分、司の言葉は……なんでも信じてしまうから……もう」%K%P
少し膨れた表情を浮かべている。いちいち話す言葉が可愛い。%K%P
少し膨れた表情を浮かべている。いちいち話す言葉が可愛い。%K%P
「ふふ、ごめんごめん、冗談。楓は軽いから。鎧を着けててもこの重さだもんね」%K%P
「ふふ、ごめんごめん、冗談。楓は軽いから。鎧を着けててもこの重さだもんね」%K%P
軽くて、柔らかくて、温かい。楓と触れ合っているだけで、幸せな気分になってくる。%K%P
軽くて、柔らかくて、温かい。楓と触れ合っているだけで、幸せな気分になってくる。%K%P
「その、楓があまりにも可愛くて……つい、ね」%K%P
「その、楓があまりにも可愛くて……つい、ね」%K%P
「んぅっ！　か、可愛いだなんて……私の方が年上なのに……ひ、卑怯だよ、司、もう」%K%P
「んぅっ！　か、可愛いだなんて……私の方が年上なのに……ひ、卑怯だよ、司、もう」%K%P
「年上だって可愛いものは、可愛いの……んぁ、か、楓っ」%K%P
「年上だって可愛いものは、可愛いの……んぁ、か、楓っ」%K%P
「もう、黙って。これ以上は……恥ずかしくなっちゃうから……司、入れるから、ね」%K%P
「もう、黙って。これ以上は……恥ずかしくなっちゃうから……司、入れるから、ね」%K%P
身じろぎをする楓。甘くむせるような楓の匂いが、辺りに立ちこめる。%K%P
身じろぎをする楓。甘くむせるような楓の匂いが、辺りに立ちこめる。%K%P
にちゃにちゃと粘っこい音がした。%K%P
にちゃにちゃと粘っこい音がした。%K%P
「うん……あ、ゆっくりでいいから」%K%P
「うん……あ、ゆっくりでいいから」%K%P
「ひぅうう……んくぅう……んぅうう」%K%P
「ひぅうう……んくぅう……んぅうう」%K%P
「おか、しいな……はぁはぁ……さっきは入ったのに……んぅうう……！」%K%P
「おか、しいな……はぁはぁ……さっきは入ったのに……んぅうう……！」%K%P
楓の割れ目が、僕のモノに押しつけられる。%K%P
楓の割れ目が、僕のモノに押しつけられる。%K%P
一度は入ったはずなのに、楓のアソコは頑なに侵入を拒んでいる。%K%P
一度は入ったはずなのに、楓のアソコは頑なに侵入を拒んでいる。%K%P
「んんぅうう……い、いつぅ……つ、司のまた、大きくなったの？」%K%P
「んんぅうう……い、いつぅ……つ、司のまた、大きくなったの？」%K%P
「それはどうなんだろう？　んぅ……な、慣れてないせいじゃない？　無理しないで、楓」%K%P
「それはどうなんだろう？　んぅ……な、慣れてないせいじゃない？　無理しないで、楓」%K%P
「んくぅ……そうかも……で、でも、してあげたいから……もう少し、頑張ってみる」%K%P
「んくぅ……そうかも……で、でも、してあげたいから……もう少し、頑張ってみる」%K%P
その気持ちは嬉しいけれど、そんな頑張りは要らないのに。%K%P
その気持ちは嬉しいけれど、そんな頑張りは要らないのに。%K%P
粘膜と粘膜が触れあい、震えるような快感が伝わってくる。%K%P
粘膜と粘膜が触れあい、震えるような快感が伝わってくる。%K%P
無理はして欲しくない……けれど、僕の体は素直で……%K%P
無理はして欲しくない……けれど、僕の体は素直で……%K%P
「んくぅうう……司、手を……引っ張って……そしたら、入るから」%K%P
「んくぅうう……司、手を……引っ張って……そしたら、入るから」%K%P
「そんな……」%K%P
「そんな……」%K%P
「いいから……お願い……できるだけの事、したい……」%K%P
「いいから……お願い……できるだけの事、したい……」%K%P
繋いでいる手に力がこめられる。股間が擦れ、熱く湿った液体が僕のモノを濡らす。%K%P
繋いでいる手に力がこめられる。股間が擦れ、熱く湿った液体が僕のモノを濡らす。%K%P
「……わかった……痛かったら言うんだよ？　それじゃ……」%K%P
「……わかった……痛かったら言うんだよ？　それじゃ……」%K%P
「うん……んぅ……んくぅうう……いっつぅ」%K%P
「うん……んぅ……んくぅうう……いっつぅ」%K%P
絡んだ指が震えている。赤く火照った楓の顔……凄く色っぽい。%K%P
絡んだ指が震えている。赤く火照った楓の顔……凄く色っぽい。%K%P
「くぅ……楓、少し動いてみたら？　角度とかの問題かも」%K%P
「くぅ……楓、少し動いてみたら？　角度とかの問題かも」%K%P
「う、うん……こうかな……んん、んくぅ……んあっ」%K%P
「う、うん……こうかな……んん、んくぅ……んあっ」%K%P
僕のモノを割れ目で擦り上げる。%K%P
僕のモノを割れ目で擦り上げる。%K%P
僕の先から出ている汁と、楓の液体が混じり合い、粘っこい音を立てる。%K%P
僕の先から出ている汁と、楓の液体が混じり合い、粘っこい音を立てる。%K%P
それは重力に従ってこぼれ落ち、僕の体を濡らす。%K%P
それは重力に従ってこぼれ落ち、僕の体を濡らす。%K%P
「うん……んぅ……んあぁああんっ、拡がってく……る」%K%P
「うん……んぅ……んあぁああんっ、拡がってく……る」%K%P
丁度いい角度になったのだろうか、少しずつ、楓の中に入っていく。%K%P
丁度いい角度になったのだろうか、少しずつ、楓の中に入っていく。%K%P
「あぅっ……もぅ、少し……んぅ……先端……入って、来てる……はぁはぁ……引っ張って、司」%K%P
「あぅっ……もぅ、少し……んぅ……先端……入って、来てる……はぁはぁ……引っ張って、司」%K%P
「ん、こう……んあっ、中に、吸い込まれて……んくっ」%K%P
「ん、こう……んあっ、中に、吸い込まれて……んくっ」%K%P
「んぅうううう、んくぅうううう……いいぃい、いた……んっきゃあぁああん！」%K%P
「んぅうううう、んくぅうううう……いいぃい、いた……んっきゃあぁああん！」%K%P
「んぅうう、んんはぁあ、んんはぁああん……くぅう、つ、司、入った、よ」%K%P
「んぅうう、んんはぁあ、んんはぁああん……くぅう、つ、司、入った、よ」%K%P
「う、うん……また、無理しちゃって……大丈夫？」%K%P
「う、うん……また、無理しちゃって……大丈夫？」%K%P
「ん……司、その、心配するより褒めて、欲しいかも……ん、つぅっ」%K%P
「ん……司、その、心配するより褒めて、欲しいかも……ん、つぅっ」%K%P
「そっか……よく頑張ったね、楓、偉いよ」%K%P
「そっか……よく頑張ったね、楓、偉いよ」%K%P
「その言い方だと、お子様に言うみたいだ……んぅ……でも、嬉しいかも……」%K%P
「その言い方だと、お子様に言うみたいだ……んぅ……でも、嬉しいかも……」%K%P
結んだ唇の隙間から、白い歯が覗く。%K%P
結んだ唇の隙間から、白い歯が覗く。%K%P
豊かな黒髪の先から、汗の雫がこぼれた。%K%P
豊かな黒髪の先から、汗の雫がこぼれた。%K%P
「だって、楓の体、凄く体温が高いから……つい、ね」%K%P
「だって、楓の体、凄く体温が高いから……つい、ね」%K%P
「はぁはぁ……確かに、猫も、子猫の方がより温かいし、ね……んぅ……やっぱり、司は、大きいよね」%K%P
「はぁはぁ……確かに、猫も、子猫の方がより温かいし、ね……んぅ……やっぱり、司は、大きいよね」%K%P
「え？　その……僕の、あっちのが？」%K%P
「え？　その……僕の、あっちのが？」%K%P
「ば、ばかっ！　そ、そうじゃなくて……そ、そうかもだけど……んきゃぅううん！」%K%P
「ば、ばかっ！　そ、そうじゃなくて……そ、そうかもだけど……んきゃぅううん！」%K%P
楓が身じろぎをする。僕のモノが体内で擦れ、甘い快感を伝えてくる。%K%P
楓が身じろぎをする。僕のモノが体内で擦れ、甘い快感を伝えてくる。%K%P
「はぁはぁ……人間的にってこと……」%K%P
「はぁはぁ……人間的にってこと……」%K%P
「……んもう、そのくらい分って……わ、私の彼氏なんだから」%K%P
「……んもう、そのくらい分って……わ、私の彼氏なんだから」%K%P
恋人握りの指に力がこめられる。少しうつむく仕草、堪らなく愛おしく思えた。%K%P
恋人握りの指に力がこめられる。少しうつむく仕草、堪らなく愛おしく思えた。%K%P
「わかったよ……努力するから……僕の彼女さん」%K%P
「わかったよ……努力するから……僕の彼女さん」%K%P
「あぅ……か、彼女さん……なんて……その、凄く、はずかしくて……嬉しい」%K%P
「あぅ……か、彼女さん……なんて……その、凄く、はずかしくて……嬉しい」%K%P
楓の無駄な肉のついてない体が、動き始める。%K%P
楓の無駄な肉のついてない体が、動き始める。%K%P
しなやかなその動きは、舞踏のように美しい。%K%P
しなやかなその動きは、舞踏のように美しい。%K%P
「んっくぅ、んんくぅう、んんぅううん……こ、これで、いい、のかな……んぅう、司、きもち、いい？」%K%P
「んっくぅ、んんくぅう、んんぅううん……こ、これで、いい、のかな……んぅう、司、きもち、いい？」%K%P
「くぅ……ぼ、僕も詳しくないから、分からないけど……んぅう、でも、凄く、気持ち良いよっ」%K%P
「くぅ……ぼ、僕も詳しくないから、分からないけど……んぅう、でも、凄く、気持ち良いよっ」%K%P
「そ、そう……んぁああん！　……な、なら、良かった……はぁはぁ……」%K%P
「そ、そう……んぁああん！　……な、なら、良かった……はぁはぁ……」%K%P
「きゃぅ！　奥、突かれて……じんじん、する……よぅ……んんぁああん！」%K%P
「きゃぅ！　奥、突かれて……じんじん、する……よぅ……んんぁああん！」%K%P
ぎっし、ぎっしと鎧が軋み音を立てる。%K%P
ぎっし、ぎっしと鎧が軋み音を立てる。%K%P
楓の肌は、鎧の赤と同じくらいに染まっている。%K%P
楓の肌は、鎧の赤と同じくらいに染まっている。%K%P
「んくぅう、司のが、擦れて……んっくぅう、おかしく、なっちゃいそう……だよっ」%K%P
「んくぅう、司のが、擦れて……んっくぅう、おかしく、なっちゃいそう……だよっ」%K%P
「ほんとは、んぅう、私、こんなんじゃ、ないのに……んぅ、やぅうう、イヤらしくて……やだよぅっ」%K%P
「ほんとは、んぅう、私、こんなんじゃ、ないのに……んぅ、やぅうう、イヤらしくて……やだよぅっ」%K%P
「でも、止められないっ……もっと、もっと……したいっ、んあぁあああああんっ」%K%P
「でも、止められないっ……もっと、もっと……したいっ、んあぁあああああんっ」%K%P
長い髪を振り乱し、楓が躍動する。%K%P
長い髪を振り乱し、楓が躍動する。%K%P
汗の雫が、キラキラと光る。%K%P
汗の雫が、キラキラと光る。%K%P
「んぅう、くぅ……もう、僕も……ガマン出来ないっ……突く、よ？」%K%P
「んぅう、くぅ……もう、僕も……ガマン出来ないっ……突く、よ？」%K%P
「う、うん！　来て、司…………ううん！　きゃあぅ、んきゃあんっ」%K%P
「う、うん！　来て、司…………ううん！　きゃあぅ、んきゃあんっ」%K%P
「司のが、出入りして……んくぅううん！　やぅう、ぞくぞく、するよぉおっ」%K%P
「司のが、出入りして……んくぅううん！　やぅう、ぞくぞく、するよぉおっ」%K%P
二人の体がぶつかり合い、肌を打つ音がする。%K%P
二人の体がぶつかり合い、肌を打つ音がする。%K%P
楓の流す液体が、粒となって飛び、甘い香りを撒き散らす。%K%P
楓の流す液体が、粒となって飛び、甘い香りを撒き散らす。%K%P
「んんぅ、んんぅ、んんくぅううう、やぁぅううう、ぞくぞくするのが、来るよぉお、司ぁあっ」%K%P
「んんぅ、んんぅ、んんくぅううう、やぁぅううう、ぞくぞくするのが、来るよぉお、司ぁあっ」%K%P
「んくぅ、ぼ、僕も……来て、る……んくぅう」%K%P
「んくぅ、ぼ、僕も……来て、る……んくぅう」%K%P
「あぁあん、んあぁああん、んああああああんっ……司、い、一緒に、一緒にぃいいいいいっ」%K%P
「あぁあん、んあぁああん、んああああああんっ……司、い、一緒に、一緒にぃいいいいいっ」%K%P
楓の細い腰がしなる。しなやかな太ももが、僕の体を締め付ける。%K%P
楓の細い腰がしなる。しなやかな太ももが、僕の体を締め付ける。%K%P
寒気のするような快感が背筋を走り……僕は、思いっきり放った。%K%P
寒気のするような快感が背筋を走り……僕は、思いっきり放った。%K%P
「んっきゃぁああぁあああ～～～～～～～～んっ」%K%P
「んっきゃぁああぁあああ～～～～～～～～んっ」%K%P
熱く焼けるような迸り……際限なく続くような快感。%K%P
熱く焼けるような迸り……際限なく続くような快感。%K%P
「ああぁあああああんっ！　あ、熱いよぉおっ」%K%P
「ああぁあああああんっ！　あ、熱いよぉおっ」%K%P
「んくぅううう、い、いっぱいに、なっちゃう……んぅう……」%K%P
「んくぅううう、い、いっぱいに、なっちゃう……んぅう……」%K%P
「くぅ……す、すごい、まだ、ひくひくしてる……はぁはぁ……」%K%P
「くぅ……す、すごい、まだ、ひくひくしてる……はぁはぁ……」%K%P
繋ぎ目から、二人の液が混じり合い、あふれてくる……なんてえっちな光景なんだろう。%K%P
繋ぎ目から、二人の液が混じり合い、あふれてくる……なんてえっちな光景なんだろう。%K%P
「んんぅ……はぁ、はぁ、はぁ……つ、司……」%K%P
「んんぅ……はぁ、はぁ、はぁ……つ、司……」%K%P
「はぁはぁ……なに、楓？」%K%P
「はぁはぁ……なに、楓？」%K%P
「もう一回、んぅ……彼女って言って欲しい……」%K%P
「もう一回、んぅ……彼女って言って欲しい……」%K%P
「はは、何度でも言うよ……楓は、僕の……彼女だから」%K%P
「はは、何度でも言うよ……楓は、僕の……彼女だから」%K%P
「んぅ……あり、がと……んぅ……私が彼女かぁ……ふふ……」%K%P
「んぅ……あり、がと……んぅ……私が彼女かぁ……ふふ……」%K%P
