「うぅ～ん、生き返るなぁ……」%K%P
「うぅ～ん、生き返るなぁ……」%K%P
広々とした湯船のなかで手足を伸す。%K%P
広々とした湯船のなかで手足を伸す。%K%P
今日も色々あったな。特にことりちゃんの荷物を運んだ時のことなんて……つい、女装をしているのを忘れてて。\nあれは危なかったかも――気を付けないとね。%K%P
今日も色々あったな。特にことりちゃんの荷物を運んだ時のことなんて……つい、女装をしているのを忘れてて。\nあれは危なかったかも――気を付けないとね。%K%P
とりあえず……後は疲れを癒して、寝るだけ。%K%P
とりあえず……後は疲れを癒して、寝るだけ。%K%P
この時間のお風呂は、僕の貸し切りだし。%K%P
この時間のお風呂は、僕の貸し切りだし。%K%P
理由があることとはいえ、なんだか申し訳無いような気がする。%K%P
理由があることとはいえ、なんだか申し訳無いような気がする。%K%P
「とはいえ、楽しんじゃうけどね。ふんふ、ふんふ、ふん」%K%P
「とはいえ、楽しんじゃうけどね。ふんふ、ふんふ、ふん」%K%P
熱くもなく、温くもない絶妙な温度。思わず鼻歌が漏れてしまう。%K%P
熱くもなく、温くもない絶妙な温度。思わず鼻歌が漏れてしまう。%K%P
「ふんふ、ふんふ、ふん」%K%P
「ふんふ、ふんふ、ふん」%K%P
「わあ、いい声……あれ、この声ってもしかして……」%K%P
「わあ、いい声……あれ、この声ってもしかして……」%K%P
「ふんふ……ふん？　え、う、嘘っ　またっ！？」%K%P
「ふんふ……ふん？　え、う、嘘っ　またっ！？」%K%P
この時間は僕しか入らない筈なのに……どうしよう、さすがに裸を見られたら……%K%P
この時間は僕しか入らない筈なのに……どうしよう、さすがに裸を見られたら……%K%P
「えっと、すみません、おじゃまします」%K%P
「えっと、すみません、おじゃまします」%K%P
逃げだそうにも入り口は一つだけだし……と、とりあえず肩まで浸かるしかっ。%K%P
逃げだそうにも入り口は一つだけだし……と、とりあえず肩まで浸かるしかっ。%K%P
ああ、少し前にも、こんな事あったよなぁ……%K%P
ああ、少し前にも、こんな事あったよなぁ……%K%P
「あ、やっぱりいずみ様だったんですね。ご一緒してもよろしいですか？」%K%P
「あ、やっぱりいずみ様だったんですね。ご一緒してもよろしいですか？」%K%P
ことりちゃん……うぅ、やっぱり、何も着てないんだよね。ああ、お風呂だから当たり前だけど、でも、刺激が強すぎる。%K%P
ことりちゃん……うぅ、やっぱり、何も着てないんだよね。ああ、お風呂だから当たり前だけど、でも、刺激が強すぎる。%K%P
「は、はい、よろしくてよ」%K%P
「は、はい、よろしくてよ」%K%P
「ふふ、もう、いずみ様ったら変です」%K%P
「ふふ、もう、いずみ様ったら変です」%K%P
そりゃ、変にもなるよ……だって、僕はホントは男の子だし、ことりちゃんが、生まれたままの姿で……その、すぐ側にいるんだし。%K%P
そりゃ、変にもなるよ……だって、僕はホントは男の子だし、ことりちゃんが、生まれたままの姿で……その、すぐ側にいるんだし。%K%P
もう、女の子って同性同士だとあまり気にしないんだよな。%K%P
もう、女の子って同性同士だとあまり気にしないんだよな。%K%P
うぁ、ことりちゃん、肌が透けるように白い……それに、キメも細かくて……%K%P
うぁ、ことりちゃん、肌が透けるように白い……それに、キメも細かくて……%K%P
全体的に体は細いけど、バランスが取れていて……うう、目を逸らさなきゃなのに……逸らせない。%K%P
全体的に体は細いけど、バランスが取れていて……うう、目を逸らさなきゃなのに……逸らせない。%K%P
この前と違って、二人きりだから、余計……%K%P
この前と違って、二人きりだから、余計……%K%P
「あぅ、いずみ様、私の体、やっぱり変でしょうか？　その、色々とちっちゃいですよね……」%K%P
「あぅ、いずみ様、私の体、やっぱり変でしょうか？　その、色々とちっちゃいですよね……」%K%P
「う、ううん！　ご、ごめんなさい！　も、もう見ないから」%K%P
「う、ううん！　ご、ごめんなさい！　も、もう見ないから」%K%P
ば、バカ、バカ、見ちゃ駄目だ……うぅ、し、刺激が強すぎるよ……お、落ち着くんだ、僕。%K%P
ば、バカ、バカ、見ちゃ駄目だ……うぅ、し、刺激が強すぎるよ……お、落ち着くんだ、僕。%K%P
僕は湯船の端っこの方に這い寄ると、ことりちゃんに背を向けた。%K%P
僕は湯船の端っこの方に這い寄ると、ことりちゃんに背を向けた。%K%P
……脳内にははっきりとさっきの光景が焼き付いている――しばらくは忘れられそうもないや。%K%P
……脳内にははっきりとさっきの光景が焼き付いている――しばらくは忘れられそうもないや。%K%P
「あれ？　いずみ様、そんな端っこにいらっしゃらず、真ん中の方へどうぞ。折角の広いお風呂ですから」%K%P
「あれ？　いずみ様、そんな端っこにいらっしゃらず、真ん中の方へどうぞ。折角の広いお風呂ですから」%K%P
「あ、あはは、わ、私、端が大好きだから！　あー隅っこは落ち着くな～」%K%P
「あ、あはは、わ、私、端が大好きだから！　あー隅っこは落ち着くな～」%K%P
「そうなんですね。うん、分かります。電車とかに乗ると、端っこに座ってしまいますよね」%K%P
「そうなんですね。うん、分かります。電車とかに乗ると、端っこに座ってしまいますよね」%K%P
不自然だったかな？　でも、体を見られるわけにはいかないし。%K%P
不自然だったかな？　でも、体を見られるわけにはいかないし。%K%P
「いずみ様、こんな遅い時間にお風呂に入ってるんですね。あ、でもでも、考えてみれば今までご一緒したことって、あの時だけですね」%K%P
「いずみ様、こんな遅い時間にお風呂に入ってるんですね。あ、でもでも、考えてみれば今までご一緒したことって、あの時だけですね」%K%P
「あ、あは、その……そう、この生活に慣れるまでってことで、特別に法子さんに許可を貰ってるの」%K%P
「あ、あは、その……そう、この生活に慣れるまでってことで、特別に法子さんに許可を貰ってるの」%K%P
「ああ、今までと生活環境が違いますものね、色々とお疲れでしょうし」%K%P
「ああ、今までと生活環境が違いますものね、色々とお疲れでしょうし」%K%P
「ま、まあ。そうだ、ことりちゃんこそどうしたの？　いつもは早い時間に入ってるよね？」%K%P
「ま、まあ。そうだ、ことりちゃんこそどうしたの？　いつもは早い時間に入ってるよね？」%K%P
「ちょっと練習を頑張っちゃったら、他のことまで遅くなってしまって……ホントはいけないとは思ったんですけど、さっぱりしたかったので」%K%P
「ちょっと練習を頑張っちゃったら、他のことまで遅くなってしまって……ホントはいけないとは思ったんですけど、さっぱりしたかったので」%K%P
確かに年頃の女の子なら、毎日お風呂に入りたいよね。%K%P
確かに年頃の女の子なら、毎日お風呂に入りたいよね。%K%P
「えっと、それじゃ私はシャンプーしちゃいますから」%K%P
「えっと、それじゃ私はシャンプーしちゃいますから」%K%P
シャンプーという事は、必然的に目を瞑ると言うわけで……こ、これはチャンスかも知れない。%K%P
シャンプーという事は、必然的に目を瞑ると言うわけで……こ、これはチャンスかも知れない。%K%P
こしゅ、こしゅっとボトルのポンプを押す音がする……よし、今なら！%K%P
こしゅ、こしゅっとボトルのポンプを押す音がする……よし、今なら！%K%P
「わ、私のぼせて来ちゃったから、先上がるね。それじゃ、ごゆっくり」%K%P
「わ、私のぼせて来ちゃったから、先上がるね。それじゃ、ごゆっくり」%K%P
素早く湯船からあがり、ことりちゃんの背後を通り過ぎる――よし、これなら。%K%P
素早く湯船からあがり、ことりちゃんの背後を通り過ぎる――よし、これなら。%K%P
「あ、は、はい…………んうっ！」%K%P
「あ、は、はい…………んうっ！」%K%P
浴槽の扉に手を掛けたその時、ことりちゃんが、小さな悲鳴を上げた。%K%P
浴槽の扉に手を掛けたその時、ことりちゃんが、小さな悲鳴を上げた。%K%P
うそ、バレちゃった？　ことりちゃんには見られてない筈なのに……%K%P
うそ、バレちゃった？　ことりちゃんには見られてない筈なのに……%K%P
「んぁ…………つぅ……」%K%P
「んぁ…………つぅ……」%K%P
あれ、何か様子がおかしい……僕はタオルで前を隠しながら、そっと振り返る。%K%P
あれ、何か様子がおかしい……僕はタオルで前を隠しながら、そっと振り返る。%K%P
「ことりちゃん？」%K%P
「ことりちゃん？」%K%P
「あ、えっと、ちょっと腕が上がらなくて。えと、筋肉痛だと思うんですけど」%K%P
「あ、えっと、ちょっと腕が上がらなくて。えと、筋肉痛だと思うんですけど」%K%P
「あ、いずみ様、湯あたりしてはいけませんから、上がって下さい…………んくっ」%K%P
「あ、いずみ様、湯あたりしてはいけませんから、上がって下さい…………んくっ」%K%P
ことりちゃんの顔が苦痛に歪む。これは、結構重症かも……%K%P
ことりちゃんの顔が苦痛に歪む。これは、結構重症かも……%K%P
このまま出ればバレずに済む……けれど――痛がっている女の子を放っておく事なんて出来るわけ無いじゃないか。%K%P
このまま出ればバレずに済む……けれど――痛がっている女の子を放っておく事なんて出来るわけ無いじゃないか。%K%P
しっかりと隠せば多分、大丈夫……タオルの位置を確認して、僕はことりちゃんの背後に座った。%K%P
しっかりと隠せば多分、大丈夫……タオルの位置を確認して、僕はことりちゃんの背後に座った。%K%P
「え、い、いずみ様？」%K%P
「え、い、いずみ様？」%K%P
「じっとしてて。腕、痛いんでしょう？　私が洗ってあげるから」%K%P
「じっとしてて。腕、痛いんでしょう？　私が洗ってあげるから」%K%P
「そんな…………あふっ…………ふぅ……」%K%P
「そんな…………あふっ…………ふぅ……」%K%P
ことりちゃんの髪に、指先をくぐらせる。しっとりとした、滑らかな毛髪……ビックリするほど柔らかい。%K%P
ことりちゃんの髪に、指先をくぐらせる。しっとりとした、滑らかな毛髪……ビックリするほど柔らかい。%K%P
白くて、か細い背中が目の前にある。%K%P
白くて、か細い背中が目の前にある。%K%P
瑞々しいその肌は、水を弾き、しずくが滑り落ちていく――刺激が強いや……なるべく見ないようにしよう。%K%P
瑞々しいその肌は、水を弾き、しずくが滑り落ちていく――刺激が強いや……なるべく見ないようにしよう。%K%P
「遠慮しないで。あ、だけどあまり身動きしちゃ駄目だよ？　その、目にシャンプーが入ったら大変だからね」%K%P
「遠慮しないで。あ、だけどあまり身動きしちゃ駄目だよ？　その、目にシャンプーが入ったら大変だからね」%K%P
「はい。んん……なんだか、凄く気持ち良いです」%K%P
「はい。んん……なんだか、凄く気持ち良いです」%K%P
ことりちゃんもリラックスしてるみたい。声の調子も柔らかい。%K%P
ことりちゃんもリラックスしてるみたい。声の調子も柔らかい。%K%P
「でしょう？　美容室とかで、髪を洗ってもらうと、眠くなっちゃうくらい気持ち良いものね」%K%P
「でしょう？　美容室とかで、髪を洗ってもらうと、眠くなっちゃうくらい気持ち良いものね」%K%P
「あ、それ、分かります。実は私、子供の頃、よく寝てしまいました」%K%P
「あ、それ、分かります。実は私、子供の頃、よく寝てしまいました」%K%P
「あは、ことりちゃんも？　私も何度かあるよ。気がついたら完全に寝てて」%K%P
「あは、ことりちゃんも？　私も何度かあるよ。気がついたら完全に寝てて」%K%P
「ふふ、それで、美容師さんに、『お客様、申し訳ありませんが、起きてもらえませんか？』なんて」%K%P
「ふふ、それで、美容師さんに、『お客様、申し訳ありませんが、起きてもらえませんか？』なんて」%K%P
「そうそう。良かった、私だけじゃないんだ」%K%P
「そうそう。良かった、私だけじゃないんだ」%K%P
くしゅくしゅとシャンプーを泡立て、頭皮をマッサージするように洗う。%K%P
くしゅくしゅとシャンプーを泡立て、頭皮をマッサージするように洗う。%K%P
滑らかで、柔らかい皮膚。ほんと、女の子はどこもかしこも、ふわふわで、スベスベだよね。%K%P
滑らかで、柔らかい皮膚。ほんと、女の子はどこもかしこも、ふわふわで、スベスベだよね。%K%P
「腕の痛みは、練習のせい？」%K%P
「腕の痛みは、練習のせい？」%K%P
「あ、はい。その、いずみ様もご存じの通り、私{騎士:ワルキュリア}に選ばれたんですけど……その、実力が伴わないというか」%K%P
「あ、はい。その、いずみ様もご存じの通り、私{騎士:ワルキュリア}に選ばれたんですけど……その、実力が伴わないというか」%K%P
「なかなか結果が出ないんです……同じ時期に始めた夕ちゃんは、あんなに上手になってるのに」%K%P
「なかなか結果が出ないんです……同じ時期に始めた夕ちゃんは、あんなに上手になってるのに」%K%P
「それでも、一人練習の時は良いんです。まだ、的のセンターに中りますから……でも、試合になったり、誰かと競ったりすると、ダメダメで」%K%P
「それでも、一人練習の時は良いんです。まだ、的のセンターに中りますから……でも、試合になったり、誰かと競ったりすると、ダメダメで」%K%P
確かに僕の存在に気がつかないくらい、集中していたよね……反面、夕陽ちゃんと練習しているときは、どこか散漫な感じだった。%K%P
確かに僕の存在に気がつかないくらい、集中していたよね……反面、夕陽ちゃんと練習しているときは、どこか散漫な感じだった。%K%P
少し沈んだ声音。僕は労るように、丁寧に髪を洗う。%K%P
少し沈んだ声音。僕は労るように、丁寧に髪を洗う。%K%P
「んふっ……指、優しいです……」%K%P
「んふっ……指、優しいです……」%K%P
「一生懸命やってるつもりなんですけど……まだ、努力が足りないですかね」%K%P
「一生懸命やってるつもりなんですけど……まだ、努力が足りないですかね」%K%P
「そんなこと……腕が上がらなくなるほど練習してるんだもの」%K%P
「そんなこと……腕が上がらなくなるほど練習してるんだもの」%K%P
ほっそらとした首から曲線を描いて繋がる肩。見るからに軽そうな体。%K%P
ほっそらとした首から曲線を描いて繋がる肩。見るからに軽そうな体。%K%P
こんな華奢な体格で、弓を引いているんだね。%K%P
こんな華奢な体格で、弓を引いているんだね。%K%P
「そうでしょうか…………私が{騎士:ワルキュリア}でいいのかな……そんな風に毎晩思っちゃうんです」%K%P
「そうでしょうか…………私が{騎士:ワルキュリア}でいいのかな……そんな風に毎晩思っちゃうんです」%K%P
「始めた頃はただ弓を引くだけで面白かった」%K%P
「始めた頃はただ弓を引くだけで面白かった」%K%P
「前に飛んだだけで、的に{中:あた}っただけで良かった」%K%P
「前に飛んだだけで、的に{中:あた}っただけで良かった」%K%P
ポツリポツリとことりちゃんが呟く。それは僕に語っているようでも、自分自身に語っているようでもあった。%K%P
ポツリポツリとことりちゃんが呟く。それは僕に語っているようでも、自分自身に語っているようでもあった。%K%P
「でも……いつしか、プレッシャーを感じるようになっていたんです」%K%P
「でも……いつしか、プレッシャーを感じるようになっていたんです」%K%P
「……{騎士:ワルキュリア}に選ばれたことに？」%K%P
「……{騎士:ワルキュリア}に選ばれたことに？」%K%P
話したがっている、僕はそんな気がして、言葉を掛けた。溜め込むよりも、吐き出してしまった方がいいと思う。%K%P
話したがっている、僕はそんな気がして、言葉を掛けた。溜め込むよりも、吐き出してしまった方がいいと思う。%K%P
「それもですけど……その……夕ちゃんに対しても、です」%K%P
「それもですけど……その……夕ちゃんに対しても、です」%K%P
「アーチェリーだけじゃなくて、勉強でも、運動でも、その他のことでも全然敵わないんです」%K%P
「アーチェリーだけじゃなくて、勉強でも、運動でも、その他のことでも全然敵わないんです」%K%P
「認めて、甘えていれば、凄く気が楽なんです。夕ちゃんって、頼りがいがあるから」%K%P
「認めて、甘えていれば、凄く気が楽なんです。夕ちゃんって、頼りがいがあるから」%K%P
確かに夕陽ちゃんは人を引きつける、リーダー気質がある。そこは綾香さんに通じる物を感じる。%K%P
確かに夕陽ちゃんは人を引きつける、リーダー気質がある。そこは綾香さんに通じる物を感じる。%K%P
「でも……ずっとそれでいいのかなって……この頃、思う様になっちゃって」%K%P
「でも……ずっとそれでいいのかなって……この頃、思う様になっちゃって」%K%P
「こんなこと、考えちゃいけいない、思っちゃいけいないんです。夕ちゃんは私のこと、凄く大事にしてくれてるんだから……でも、だけど」%K%P
「こんなこと、考えちゃいけいない、思っちゃいけいないんです。夕ちゃんは私のこと、凄く大事にしてくれてるんだから……でも、だけど」%K%P
浴槽から立ち上る湯気が僕らを包み、鏡を曇らせる。そこに映ったことりちゃんの顔は、悲しく歪んでいるように見えた。%K%P
浴槽から立ち上る湯気が僕らを包み、鏡を曇らせる。そこに映ったことりちゃんの顔は、悲しく歪んでいるように見えた。%K%P
「すみません、なんか、とりとめのない感じになってしまいました。いずみ様には関係の無い話しなのに」%K%P
「すみません、なんか、とりとめのない感じになってしまいました。いずみ様には関係の無い話しなのに」%K%P
「……泡、洗い流すから、目、つむってて」%K%P
「……泡、洗い流すから、目、つむってて」%K%P
「はい……んん…………んぅ」%K%P
「はい……んん…………んぅ」%K%P
「本当に綺麗な髪だね。枝毛とか全然無いもの」%K%P
「本当に綺麗な髪だね。枝毛とか全然無いもの」%K%P
「あ、ありがとうございます」%K%P
「あ、ありがとうございます」%K%P
お湯が泡を洗い流していく。タイルに落ちたソレがくるくると回りながら排水溝に吸い込まれていく。%K%P
お湯が泡を洗い流していく。タイルに落ちたソレがくるくると回りながら排水溝に吸い込まれていく。%K%P
「スッキリした？」%K%P
「スッキリした？」%K%P
「……そう、ですね……いずみ様に洗ってもらったからでしょうか」%K%P
「……そう、ですね……いずみ様に洗ってもらったからでしょうか」%K%P
「私思うんだけど、話すってね、放す……胸の内に秘めた、思いや、溜まった物を放つという意味もあるのかなって」%K%P
「私思うんだけど、話すってね、放す……胸の内に秘めた、思いや、溜まった物を放つという意味もあるのかなって」%K%P
「いつまでも置いていたら、新しいものが入ってこれないし、溜まった物が{澱:よど}んじゃうでしょ？」%K%P
「いつまでも置いていたら、新しいものが入ってこれないし、溜まった物が{澱:よど}んじゃうでしょ？」%K%P
「例え解決することは無くても、話して放すだけでいい、そう私は思うな」%K%P
「例え解決することは無くても、話して放すだけでいい、そう私は思うな」%K%P
撫でるように髪を触る。お湯のぬくもりと体温で、手の平が温かい。%K%P
撫でるように髪を触る。お湯のぬくもりと体温で、手の平が温かい。%K%P
「いずみ様……」%K%P
「いずみ様……」%K%P
「ほら、王様の耳はロバの耳って童話があるじゃない。あれと同じ」%K%P
「ほら、王様の耳はロバの耳って童話があるじゃない。あれと同じ」%K%P
「ふふ、それでは、いずみ様は、私の井戸、ということですか」%K%P
「ふふ、それでは、いずみ様は、私の井戸、ということですか」%K%P
「あは、そうかもね。私で良ければ聞くから、幾らでも、ね……さ、綺麗になったよ」%K%P
「あは、そうかもね。私で良ければ聞くから、幾らでも、ね……さ、綺麗になったよ」%K%P
シャワーの先から、水滴が、ぴちゃん、ぴちゃんと音を立てて零れている。%K%P
シャワーの先から、水滴が、ぴちゃん、ぴちゃんと音を立てて零れている。%K%P
僕はことりちゃんの髪に残った水滴を、そっと指で払った。%K%P
僕はことりちゃんの髪に残った水滴を、そっと指で払った。%K%P
「あの、いずみ様……ほんとうに、ありがとうございました」%K%P
「あの、いずみ様……ほんとうに、ありがとうございました」%K%P
「んもう、良いって。私もことりちゃんと一杯お話し出来て、楽しかったし」%K%P
「んもう、良いって。私もことりちゃんと一杯お話し出来て、楽しかったし」%K%P
ことりちゃんが悩んでいる事、思っている事を知れて良かったと思う。%K%P
ことりちゃんが悩んでいる事、思っている事を知れて良かったと思う。%K%P
そして、ことりちゃんが話す相手に僕を選んでくれた事が嬉しかった。%K%P
そして、ことりちゃんが話す相手に僕を選んでくれた事が嬉しかった。%K%P
「私もです。いずみ様にはいつもお世話になりっぱなしで……そうだ、次は私にシャンプーさせて下さい」%K%P
「私もです。いずみ様にはいつもお世話になりっぱなしで……そうだ、次は私にシャンプーさせて下さい」%K%P
「いずみ様の髪、艶々でとても綺麗だから、触ってみたかったんです」%K%P
「いずみ様の髪、艶々でとても綺麗だから、触ってみたかったんです」%K%P
ことりちゃんに髪を洗ってもらう……とっても魅力的な提案だけど、それは危険すぎる――色んな意味で。%K%P
ことりちゃんに髪を洗ってもらう……とっても魅力的な提案だけど、それは危険すぎる――色んな意味で。%K%P
「あ、私はもう洗っちゃったから、そ、そうだ、そろそろ上がらないと、のぼせちゃうから。ごめんなさい」%K%P
「あ、私はもう洗っちゃったから、そ、そうだ、そろそろ上がらないと、のぼせちゃうから。ごめんなさい」%K%P
僕は急いで立ち上がると、そのまま浴室を後にした。%K%P
僕は急いで立ち上がると、そのまま浴室を後にした。%K%P
うぅ、ちょっと体が冷えちゃったから湯船に浸かりたかったけど……そういうわけにもいかないよね……%K%P
うぅ、ちょっと体が冷えちゃったから湯船に浸かりたかったけど……そういうわけにもいかないよね……%K%P
