綾香さんが駆け出して行ってから数分後。%K%P
綾香さんが駆け出して行ってから数分後。%K%P
慌ただしくこちらに向ってくる足音が聞こえた。%K%P
慌ただしくこちらに向ってくる足音が聞こえた。%K%P
「はぁはぁはぁ……あ、姉様っ！　す、直ぐに参りますからっ」%K%P
「はぁはぁはぁ……あ、姉様っ！　す、直ぐに参りますからっ」%K%P
「だ、駄目っ、止まってことりちゃんっ！」%K%P
「だ、駄目っ、止まってことりちゃんっ！」%K%P
「ああぅ！！」%K%P
「ああぅ！！」%K%P
とっさに美琴さんがことりちゃんの手首を掴む。%K%P
とっさに美琴さんがことりちゃんの手首を掴む。%K%P
夕陽ちゃんの放った矢がことりちゃんを掠めた。%K%P
夕陽ちゃんの放った矢がことりちゃんを掠めた。%K%P
「ふぅ……注意一秒、怪我一生よ、ことりちゃん。どうやら厄介なことになってそうね」%K%P
「ふぅ……注意一秒、怪我一生よ、ことりちゃん。どうやら厄介なことになってそうね」%K%P
「うん、夕陽ちゃんが後ろの木々の間から、狙っているんだ。綾香さんが近づこうとしてたんだけど……」%K%P
「うん、夕陽ちゃんが後ろの木々の間から、狙っているんだ。綾香さんが近づこうとしてたんだけど……」%K%P
「選手交代ですか、美琴様？　いずみ様の鍵、外して差し上げてください。早くしないと、わたし達が、勝っちゃいますよ」%K%P
「選手交代ですか、美琴様？　いずみ様の鍵、外して差し上げてください。早くしないと、わたし達が、勝っちゃいますよ」%K%P
「ゆ、夕ちゃん？　そっか、物陰から{射:い}ってるんだ。なら、引っ張り出すことが出来れば……」%K%P
「ゆ、夕ちゃん？　そっか、物陰から{射:い}ってるんだ。なら、引っ張り出すことが出来れば……」%K%P
２対１となっても、状況はあまり良くならない……隠れている夕陽ちゃんは一方的に攻撃ができるから。%K%P
２対１となっても、状況はあまり良くならない……隠れている夕陽ちゃんは一方的に攻撃ができるから。%K%P
最悪、一人を囮にして、突っ込むという手もあるけど、リスクが高いし。%K%P
最悪、一人を囮にして、突っ込むという手もあるけど、リスクが高いし。%K%P
綾香さんと楓さんが横合いから飛び出してくる。%K%P
綾香さんと楓さんが横合いから飛び出してくる。%K%P
ことりちゃん達を迎えに行く途中で、戦闘になったみたいだ。%K%P
ことりちゃん達を迎えに行く途中で、戦闘になったみたいだ。%K%P
「はぁッ！」%K%P
「はぁッ！」%K%P
「んぅっ！」%K%P
「んぅっ！」%K%P
楓さんの刀を、綾香さんがギリギリで躱す。空気を切り裂く音が、僕の所まで聞こえる。%K%P
楓さんの刀を、綾香さんがギリギリで躱す。空気を切り裂く音が、僕の所まで聞こえる。%K%P
「やぁあああッ！」%K%P
「やぁあああッ！」%K%P
「んぅッ！」%K%P
「んぅッ！」%K%P
抜刀した刀が戻る前に、綾香さんが踏みこむ。%K%P
抜刀した刀が戻る前に、綾香さんが踏みこむ。%K%P
剣が風切り音を立てて、楓さんを襲う。%K%P
剣が風切り音を立てて、楓さんを襲う。%K%P
「はぁッ」%K%P
「はぁッ」%K%P
躱しざまに再び抜刀。なんて速い振り……%K%P
躱しざまに再び抜刀。なんて速い振り……%K%P
「くぅううっ！」%K%P
「くぅううっ！」%K%P
一旦バックステップで距離を取る綾香さん。%K%P
一旦バックステップで距離を取る綾香さん。%K%P
「美琴っ、ことりちゃん！　包囲っ！」%K%P
「美琴っ、ことりちゃん！　包囲っ！」%K%P
「あっ、そうかっ！　美琴様、今ですっ」%K%P
「あっ、そうかっ！　美琴様、今ですっ」%K%P
ことりちゃんが駆け出し、その後を美琴さんが追う。楓さんに対し、三対一の状況を作り出す。%K%P
ことりちゃんが駆け出し、その後を美琴さんが追う。楓さんに対し、三対一の状況を作り出す。%K%P
綾香さんと入れ替わるように、美琴さんが突き掛ける。%K%P
綾香さんと入れ替わるように、美琴さんが突き掛ける。%K%P
「了解っ！　やぁっ！」%K%P
「了解っ！　やぁっ！」%K%P
「むぅっ！」%K%P
「むぅっ！」%K%P
「躱すのは、予想済み……よっ！」%K%P
「躱すのは、予想済み……よっ！」%K%P
「くぅう！」%K%P
「くぅう！」%K%P
綾香さんの剣を刀で弾く楓さん。アレを防ぐのか！？%K%P
綾香さんの剣を刀で弾く楓さん。アレを防ぐのか！？%K%P
「ことりちゃん、射って！」%K%P
「ことりちゃん、射って！」%K%P
「はいっ！　んっ！」%K%P
「はいっ！　んっ！」%K%P
ことりちゃんの放った矢が、姿勢を崩している楓さんを襲う――やった、捕らえたっ！%K%P
ことりちゃんの放った矢が、姿勢を崩している楓さんを襲う――やった、捕らえたっ！%K%P
「やぁあああっッツ！」%K%P
「やぁあああっッツ！」%K%P
「こ、これでも駄目なの！？」%K%P
「こ、これでも駄目なの！？」%K%P
当たる寸前、無理矢理に刀を振り、矢をはじき飛ばす楓さん。%K%P
当たる寸前、無理矢理に刀を振り、矢をはじき飛ばす楓さん。%K%P
絶対に当たると思ったのに……%K%P
絶対に当たると思ったのに……%K%P
「はぁはぁ……今のは、危なかった」%K%P
「はぁはぁ……今のは、危なかった」%K%P
「……楓さん……あなた、強すぎ」%K%P
「……楓さん……あなた、強すぎ」%K%P
「ふぅ、本当ね……でも、何度もは出来ないはず、だったら、こちらは倒せるまで……やるだけよっ」%K%P
「ふぅ、本当ね……でも、何度もは出来ないはず、だったら、こちらは倒せるまで……やるだけよっ」%K%P
確かに……防いだと言っても、今のは奇跡のような物だろう。%K%P
確かに……防いだと言っても、今のは奇跡のような物だろう。%K%P
綾香さんの剣が、美琴さんの槍が、そして、ことりちゃんの矢が向けられる。%K%P
綾香さんの剣が、美琴さんの槍が、そして、ことりちゃんの矢が向けられる。%K%P
そうか……本当の狙いはこっちか。%K%P
そうか……本当の狙いはこっちか。%K%P
僕は楓さんと夕陽ちゃんが居るであろう位置との直線上に、体を割り込ませる――これなら援護出来ないはず。%K%P
僕は楓さんと夕陽ちゃんが居るであろう位置との直線上に、体を割り込ませる――これなら援護出来ないはず。%K%P
「くっ、うぅ～……」%K%P
「くっ、うぅ～……」%K%P
{騎士:ワルキュリア}が{歌姫:ディーバ}を傷つけた場合、その時点で反則負けをとられる。%K%P
{騎士:ワルキュリア}が{歌姫:ディーバ}を傷つけた場合、その時点で反則負けをとられる。%K%P
そのルールを利用して夕陽ちゃんの行動に制限をかけたのだった。%K%P
そのルールを利用して夕陽ちゃんの行動に制限をかけたのだった。%K%P
「美琴、準備はいい？　ことりちゃん、今度は当てさせてあげるから」%K%P
「美琴、準備はいい？　ことりちゃん、今度は当てさせてあげるから」%K%P
「い、いまお助けします、楓様っ！」%K%P
「い、いまお助けします、楓様っ！」%K%P
「綾香、右へっ」%K%P
「綾香、右へっ」%K%P
「んっ！」%K%P
「んっ！」%K%P
射界を得るため、背後の草むらから飛び出した夕陽ちゃん。%K%P
射界を得るため、背後の草むらから飛び出した夕陽ちゃん。%K%P
彼女の放った矢は楓さんを救ったが、居場所を特定されてしまった。%K%P
彼女の放った矢は楓さんを救ったが、居場所を特定されてしまった。%K%P
「ようやくのお出ましね、会いたかったわ、夕陽ちゃん」%K%P
「ようやくのお出ましね、会いたかったわ、夕陽ちゃん」%K%P
「えへへ、私こう見えても恥ずかしがり屋さんなんですよ」%K%P
「えへへ、私こう見えても恥ずかしがり屋さんなんですよ」%K%P
夕陽ちゃんが楓さんの元に駆け寄り、手を差し伸べる。%K%P
夕陽ちゃんが楓さんの元に駆け寄り、手を差し伸べる。%K%P
「ごめん、私の力不足で、作戦が失敗してしまった」%K%P
「ごめん、私の力不足で、作戦が失敗してしまった」%K%P
「そんなこと全然ありません。楓様のお陰で、綾香様達を足止めできましたし」%K%P
「そんなこと全然ありません。楓様のお陰で、綾香様達を足止めできましたし」%K%P
「それに……無事、奏様をお迎えする事が出来たみたいですよ？」%K%P
「それに……無事、奏様をお迎えする事が出来たみたいですよ？」%K%P
「ずるいですわ、皆さん。私達だけのけ者にして、随分楽しそうですこと」%K%P
「ずるいですわ、皆さん。私達だけのけ者にして、随分楽しそうですこと」%K%P
「だから、これも作戦だと言っているでしょう。まったく奏は」%K%P
「だから、これも作戦だと言っているでしょう。まったく奏は」%K%P
緊迫した状況にそぐわないおっとりとした声――鍵は……二つ外れている。%K%P
緊迫した状況にそぐわないおっとりとした声――鍵は……二つ外れている。%K%P
と言うことは、あと一つ、楓さんか、夕陽ちゃんが持っているのか。%K%P
と言うことは、あと一つ、楓さんか、夕陽ちゃんが持っているのか。%K%P
「勢揃いね。これよりアリア、第二幕の開演ね」%K%P
「勢揃いね。これよりアリア、第二幕の開演ね」%K%P
