「おはようございます、法子さん。ん、溶けたバターの匂いがする……わぁ、美味しそうですね」%K%P
「おはようございます、法子さん。ん、溶けたバターの匂いがする……わぁ、美味しそうですね」%K%P
「おはようございます、いずみさん。今朝はね、マフィンとスクランブルエッグにしたのよ。アボカドのサラダと、ジャガイモのスープもありますからね」%K%P
「おはようございます、いずみさん。今朝はね、マフィンとスクランブルエッグにしたのよ。アボカドのサラダと、ジャガイモのスープもありますからね」%K%P
染み一つ無いテーブルクロスの上に、次々とお皿が置かれていく。%K%P
染み一つ無いテーブルクロスの上に、次々とお皿が置かれていく。%K%P
ほかほかと湯気を上げているスクランブルエッグを見ていたら、唾液がじゅわっと染み出してきた。%K%P
ほかほかと湯気を上げているスクランブルエッグを見ていたら、唾液がじゅわっと染み出してきた。%K%P
「冷めないうちに、どうぞ。足りなかったら、お代わりもあるから。あ、それとも大盛りにした方が良かったかしら？　うふふ」%K%P
「冷めないうちに、どうぞ。足りなかったら、お代わりもあるから。あ、それとも大盛りにした方が良かったかしら？　うふふ」%K%P
「あ、あはは、お気遣い無く。自分で持ってきますから。と言っても、食べ過ぎて動けなくなっても困るかなぁ」%K%P
「あ、あはは、お気遣い無く。自分で持ってきますから。と言っても、食べ過ぎて動けなくなっても困るかなぁ」%K%P
「ふふ、そうね、程ほどにね。いよいよ本番ね。あなたの歌声、楽しみにしているわ」%K%P
「ふふ、そうね、程ほどにね。いよいよ本番ね。あなたの歌声、楽しみにしているわ」%K%P
「はいっ、精一杯頑張ります。法子さんも、アリアを見に来てくださるんですよね？」%K%P
「はいっ、精一杯頑張ります。法子さんも、アリアを見に来てくださるんですよね？」%K%P
「ええ、勿論。{貴賓:きひん}席から見させてもらうから。一応学園長なんて肩書きが着いているし」%K%P
「ええ、勿論。{貴賓:きひん}席から見させてもらうから。一応学園長なんて肩書きが着いているし」%K%P
「本当は母の代理なのだけれどもね……はぁ、お客様方ともお話ししないといけないし……舞台裏で気軽に見れた、去年までが懐かしいわー」%K%P
「本当は母の代理なのだけれどもね……はぁ、お客様方ともお話ししないといけないし……舞台裏で気軽に見れた、去年までが懐かしいわー」%K%P
ため息混じりで言う法子さん。若いのに、苦労性だなぁ。%K%P
ため息混じりで言う法子さん。若いのに、苦労性だなぁ。%K%P
「お疲れ様です。あ、えっと、ことりちゃんや、夕陽ちゃん達は来てませんか？」%K%P
「お疲れ様です。あ、えっと、ことりちゃんや、夕陽ちゃん達は来てませんか？」%K%P
「彼女達なら、早くに来て食べていったわよ？　夕陽ちゃんはいつも通りだったけれど、ことりちゃんはちょっと元気が無かったかな」%K%P
「彼女達なら、早くに来て食べていったわよ？　夕陽ちゃんはいつも通りだったけれど、ことりちゃんはちょっと元気が無かったかな」%K%P
「えっ、ことりちゃんが？　もしかして……また体調が悪くなったのでしょうか」%K%P
「えっ、ことりちゃんが？　もしかして……また体調が悪くなったのでしょうか」%K%P
青白い顔をして、床に伏していた彼女を思い出して、背筋に寒気が走る。%K%P
青白い顔をして、床に伏していた彼女を思い出して、背筋に寒気が走る。%K%P
「ああん、大丈夫、そうじゃないわよ。体調自体は良いと思うの、顔色も良かったし、ご飯は全部食べていたから……多分、緊張しているのね」%K%P
「ああん、大丈夫、そうじゃないわよ。体調自体は良いと思うの、顔色も良かったし、ご飯は全部食べていたから……多分、緊張しているのね」%K%P
「そ、そうでしたか……はぁ～良かったぁ」%K%P
「そ、そうでしたか……はぁ～良かったぁ」%K%P
「ふふ、一年で{騎士:ワルキュリア}に選ばれて、リーダーという大役も任されているのだもの、無理はないと思うわ」%K%P
「ふふ、一年で{騎士:ワルキュリア}に選ばれて、リーダーという大役も任されているのだもの、無理はないと思うわ」%K%P
「いずみさん、朝ご飯がすんだらことりちゃんを訪ねてみて。そちらを持ってね」%K%P
「いずみさん、朝ご飯がすんだらことりちゃんを訪ねてみて。そちらを持ってね」%K%P
法子さんが、テーブルの上に置かれた、ティーセットを指し示す。%K%P
法子さんが、テーブルの上に置かれた、ティーセットを指し示す。%K%P
「分かりました、えっとそれじゃ朝ご飯済ませてしまいますね」%K%P
「分かりました、えっとそれじゃ朝ご飯済ませてしまいますね」%K%P
「うふふ、召し上がって。さて、私は片付けしちゃおうかしら。それではごゆっくり」%K%P
「うふふ、召し上がって。さて、私は片付けしちゃおうかしら。それではごゆっくり」%K%P
「ね、姉様、おはようございますっ。よ、よく眠れましたか？　お体の方、調子はどうですか？　喉の方は？　えっと、あとあと……」%K%P
「ね、姉様、おはようございますっ。よ、よく眠れましたか？　お体の方、調子はどうですか？　喉の方は？　えっと、あとあと……」%K%P
「うん、おはよう。朝からゴメンね」%K%P
「うん、おはよう。朝からゴメンね」%K%P
ティーセットをことりちゃんの机に置かせてもらう――ああ、やっぱり、硬くなってる。%K%P
ティーセットをことりちゃんの机に置かせてもらう――ああ、やっぱり、硬くなってる。%K%P
ドアをノックしたとき、裏返った声で返事をしたから、ある程度はって思っていたけれど。%K%P
ドアをノックしたとき、裏返った声で返事をしたから、ある程度はって思っていたけれど。%K%P
「これ、法子さんからの差し入れ、忙しいかとは思うけど、お茶ぐらいは大丈夫かな？」%K%P
「これ、法子さんからの差し入れ、忙しいかとは思うけど、お茶ぐらいは大丈夫かな？」%K%P
「は、はい！　あ、私が入れますねっ」%K%P
「は、はい！　あ、私が入れますねっ」%K%P
「えっと、姉様はお砂糖が……１杯、２杯、３杯、４杯……」%K%P
「えっと、姉様はお砂糖が……１杯、２杯、３杯、４杯……」%K%P
「す、ストップ、ストップ！　その位でいいから、後は私がやるね、ことりちゃんは座ってて」%K%P
「す、ストップ、ストップ！　その位でいいから、後は私がやるね、ことりちゃんは座ってて」%K%P
慌てて止めに入る。このままだと砂糖湯（紅茶風味）を飲む羽目になってしまう。%K%P
慌てて止めに入る。このままだと砂糖湯（紅茶風味）を飲む羽目になってしまう。%K%P
僕はことりちゃんを座らせると、お茶の用意を引き継いだ。%K%P
僕はことりちゃんを座らせると、お茶の用意を引き継いだ。%K%P
「はふぅ～……姉様、美味しいです。紅茶入れるの、お上手ですね」%K%P
「はふぅ～……姉様、美味しいです。紅茶入れるの、お上手ですね」%K%P
「うん。一人暮らししていると、何でも自分でやらないといけないからね。折角入れるなら、美味しい方がいいし、色々研究したの」%K%P
「うん。一人暮らししていると、何でも自分でやらないといけないからね。折角入れるなら、美味しい方がいいし、色々研究したの」%K%P
「ほんと美味しい…………んん…………あの、もう一杯いいですか？」%K%P
「ほんと美味しい…………んん…………あの、もう一杯いいですか？」%K%P
空になったカップを受け取る。陶器には仄かに温もりが残っている。%K%P
空になったカップを受け取る。陶器には仄かに温もりが残っている。%K%P
「うん、いいよ。お砂糖はスプーン２杯でと…………はい、どうぞ」%K%P
「うん、いいよ。お砂糖はスプーン２杯でと…………はい、どうぞ」%K%P
「ありがとうございます。その、なんていうか、喉が渇いちゃって……今朝もお水いっぱい飲んだのに、えへへ」%K%P
「ありがとうございます。その、なんていうか、喉が渇いちゃって……今朝もお水いっぱい飲んだのに、えへへ」%K%P
うーん、やっぱりプレッシャーを感じてるのかな。まあ適度なストレスは、活力にもなるけれども……%K%P
うーん、やっぱりプレッシャーを感じてるのかな。まあ適度なストレスは、活力にもなるけれども……%K%P
「そういえば、夕陽ちゃんの姿が見えないけれど、どうしたのかな？」%K%P
「そういえば、夕陽ちゃんの姿が見えないけれど、どうしたのかな？」%K%P
「あ、夕ちゃんは、希実さんの所に行っています。えっと、お話ししてくるって言ってました」%K%P
「あ、夕ちゃんは、希実さんの所に行っています。えっと、お話ししてくるって言ってました」%K%P
夕陽ちゃんも気丈に振る舞っているけど、緊張しているんだろうな。%K%P
夕陽ちゃんも気丈に振る舞っているけど、緊張しているんだろうな。%K%P
「この頃お部屋に居ないことが多くて……その、意識しないようにって思うんですけど、やっぱり、戦う相手ですし」%K%P
「この頃お部屋に居ないことが多くて……その、意識しないようにって思うんですけど、やっぱり、戦う相手ですし」%K%P
「夕ちゃんも口には出さないんですけど、色々とやりにくそうです。今日が終われば、またいつも通りになるというのは分かってるんですけどね」%K%P
「夕ちゃんも口には出さないんですけど、色々とやりにくそうです。今日が終われば、またいつも通りになるというのは分かってるんですけどね」%K%P
ことりちゃんが、カップを置く。%K%P
ことりちゃんが、カップを置く。%K%P
僕は引きつった顔をしている、愛しい人に手を差し出す。%K%P
僕は引きつった顔をしている、愛しい人に手を差し出す。%K%P
握りかえしたその手を少し強引に引っ張った。%K%P
握りかえしたその手を少し強引に引っ張った。%K%P
「ことりちゃん、兄様のところに、おいで」%K%P
「ことりちゃん、兄様のところに、おいで」%K%P
「あうっ！　は、はい、兄様っ…………んん」%K%P
「あうっ！　は、はい、兄様っ…………んん」%K%P
ことりちゃんの背中に手を回す。ふわふわの髪が触れる。%K%P
ことりちゃんの背中に手を回す。ふわふわの髪が触れる。%K%P
「あのね……私……ううん、僕ね、ちょっとだけ、緊張してるんだ。ちゃんと歌えるかなとか、{歌姫:ディーバ}を務めることが出来るかなとかって」%K%P
「あのね……私……ううん、僕ね、ちょっとだけ、緊張してるんだ。ちゃんと歌えるかなとか、{歌姫:ディーバ}を務めることが出来るかなとかって」%K%P
「んぅ……に、兄様もですか？　あんなにお上手に歌を歌えたり、とっても衣装が似合ってたりするのに」%K%P
「んぅ……に、兄様もですか？　あんなにお上手に歌を歌えたり、とっても衣装が似合ってたりするのに」%K%P
「ふふ、そう見えるんだね。だとしたら、僕の演技も大した物かも」%K%P
「ふふ、そう見えるんだね。だとしたら、僕の演技も大した物かも」%K%P
ことりちゃんが額を押しつけてくる。温かな吐息が、制服を通して、僕の素肌を刺激する。%K%P
ことりちゃんが額を押しつけてくる。温かな吐息が、制服を通して、僕の素肌を刺激する。%K%P
「格好付けてるだけだよ。ほら、胸触ってみて……凄くドキドキしてるでしょ？」%K%P
「格好付けてるだけだよ。ほら、胸触ってみて……凄くドキドキしてるでしょ？」%K%P
「……あ、本当です。そうなんだ、兄様でも……えへへ、私と同じですね」%K%P
「……あ、本当です。そうなんだ、兄様でも……えへへ、私と同じですね」%K%P
ことりちゃんの手が、僕の胸に当てられる。小さな手の平……なんだかホッとする。%K%P
ことりちゃんの手が、僕の胸に当てられる。小さな手の平……なんだかホッとする。%K%P
「うん、そう。だから、ね……大丈夫。始まるまでは緊張すると思うけど、アリアが始まれば、意識する間も無いだろうしね」%K%P
「うん、そう。だから、ね……大丈夫。始まるまでは緊張すると思うけど、アリアが始まれば、意識する間も無いだろうしね」%K%P
「……はい、そうですよね。えへへ、なんだか、ことり元気が出てきました」%K%P
「……はい、そうですよね。えへへ、なんだか、ことり元気が出てきました」%K%P
「うん、その調子。無事戦い終えたら、お楽しみが待ってるからね」%K%P
「うん、その調子。無事戦い終えたら、お楽しみが待ってるからね」%K%P
「あっ、そうでしたっ。私、勝ちますから。勝って、その……で、で、デート」%K%P
「あっ、そうでしたっ。私、勝ちますから。勝って、その……で、で、デート」%K%P
「うん？　いや、勝敗に関係なく……」%K%P
「うん？　いや、勝敗に関係なく……」%K%P
デートはするつもり、と言おうとした僕の声は、ドアの開閉音でかき消された。%K%P
デートはするつもり、と言おうとした僕の声は、ドアの開閉音でかき消された。%K%P
「ただいま、ことりん！　って……ああ、これはお邪魔でしたか？」%K%P
「ただいま、ことりん！　って……ああ、これはお邪魔でしたか？」%K%P
「あっ、夕陽ちゃん。いや、これは、ちょっとした、スキンシップと言うか……」%K%P
「あっ、夕陽ちゃん。いや、これは、ちょっとした、スキンシップと言うか……」%K%P
「あうっ、夕ちゃん！　んもぅ、お部屋に入るときは、ノックしてって、あれ程言ったのにぃ」%K%P
「あうっ、夕ちゃん！　んもぅ、お部屋に入るときは、ノックしてって、あれ程言ったのにぃ」%K%P
「いや、それじゃ二人のイチャラブが見れないでしょ。希実さんも言ってたよ？」%K%P
「いや、それじゃ二人のイチャラブが見れないでしょ。希実さんも言ってたよ？」%K%P
「きっと今頃いずみ様とことりちゃんがいいところだから、戻ってみれば、って」%K%P
「きっと今頃いずみ様とことりちゃんがいいところだから、戻ってみれば、って」%K%P
「ええ！？　な、なんで、希実さんがそれを……」%K%P
「ええ！？　な、なんで、希実さんがそれを……」%K%P
どうして分かったんだろう……希実ちゃんは超能力者なのだろうか。%K%P
どうして分かったんだろう……希実ちゃんは超能力者なのだろうか。%K%P
「お姉さん達から聞いた話を元に、推理したんだって、凄いねーあはは」%K%P
「お姉さん達から聞いた話を元に、推理したんだって、凄いねーあはは」%K%P
「あ、あはは、そうだったんだね……」%K%P
「あ、あはは、そうだったんだね……」%K%P
確かに綾香さんにはことりちゃんの部屋に行くって伝えたから。%K%P
確かに綾香さんにはことりちゃんの部屋に行くって伝えたから。%K%P
あ、それとも法子さんかな？　どちらにしても……恐るべき西條姉妹ネットワーク。%K%P
あ、それとも法子さんかな？　どちらにしても……恐るべき西條姉妹ネットワーク。%K%P
「そ、それより夕陽ちゃん、いよいよだね。そっちのチームの調子はどうかな？」%K%P
「そ、それより夕陽ちゃん、いよいよだね。そっちのチームの調子はどうかな？」%K%P
「えへへ、バッチリですよ。奏様のお歌は、いずみ様に匹敵するぐらい素晴らしい仕上がりです」%K%P
「えへへ、バッチリですよ。奏様のお歌は、いずみ様に匹敵するぐらい素晴らしい仕上がりです」%K%P
「楓様の抜刀術は、目にも止まらない速さですし、千影様はどこから、どう攻めても隙が見えません」%K%P
「楓様の抜刀術は、目にも止まらない速さですし、千影様はどこから、どう攻めても隙が見えません」%K%P
「そうなんだね……夕ちゃんも、調子良さそうだね」%K%P
「そうなんだね……夕ちゃんも、調子良さそうだね」%K%P
ことりちゃんが、僕の制服の袖を摘む。%K%P
ことりちゃんが、僕の制服の袖を摘む。%K%P
「うん、完璧っ……と言いたいところだけど、勝負は何が起こるか分からないから」%K%P
「うん、完璧っ……と言いたいところだけど、勝負は何が起こるか分からないから」%K%P
「ことりん、互いにチームリーダーとして、そして……一人の{騎士:ワルキュリア}として……頑張ろうね」%K%P
「ことりん、互いにチームリーダーとして、そして……一人の{騎士:ワルキュリア}として……頑張ろうね」%K%P
「うん。私達のチームも……綾香様だって、美琴様だって凄いんだからね」%K%P
「うん。私達のチームも……綾香様だって、美琴様だって凄いんだからね」%K%P
「姉様の為にも、皆さんの為にも……私、負けないから、夕ちゃん」%K%P
「姉様の為にも、皆さんの為にも……私、負けないから、夕ちゃん」%K%P
僕の制服の袖を摘んでいた手を離し、ことりちゃんが言い放つ。%K%P
僕の制服の袖を摘んでいた手を離し、ことりちゃんが言い放つ。%K%P
柔らかな前髪の下からのぞく瞳は、しっかりと夕陽ちゃんを見据えていた。%K%P
柔らかな前髪の下からのぞく瞳は、しっかりと夕陽ちゃんを見据えていた。%K%P
「言うね。ま、なんたって、ことりんは姉様とのデートが掛ってるしね。そりゃ勝たないと、うふふふふ」%K%P
「言うね。ま、なんたって、ことりんは姉様とのデートが掛ってるしね。そりゃ勝たないと、うふふふふ」%K%P
「なっ！？」%K%P
「なっ！？」%K%P
「や、やだぁ！　聞いてたの！？　んもぉ、夕ちゃんのばかぁ～～～！」%K%P
「や、やだぁ！　聞いてたの！？　んもぉ、夕ちゃんのばかぁ～～～！」%K%P
「プリンチペッサ・プレギエーラに出場される{騎士:ワルキュリア}の方々は、講堂にお集まり下さい。繰り返します、プリンチペッサ・プレギエーラに……」%K%P
「プリンチペッサ・プレギエーラに出場される{騎士:ワルキュリア}の方々は、講堂にお集まり下さい。繰り返します、プリンチペッサ・プレギエーラに……」%K%P
「おっと、呼び出されちゃいましたね。それじゃいずみ様、また後でお会いしましょう」%K%P
「おっと、呼び出されちゃいましたね。それじゃいずみ様、また後でお会いしましょう」%K%P
「あ、あぅ、夕ちゃん、待って、ちょっとどこから聞いてたの～」%K%P
「あ、あぅ、夕ちゃん、待って、ちょっとどこから聞いてたの～」%K%P
「あ、行っちゃった…………まあ、僕の正体については気がついてなかったようだけど」%K%P
「あ、行っちゃった…………まあ、僕の正体については気がついてなかったようだけど」%K%P
姉様とか言ってたし……多分大丈夫かな。%K%P
姉様とか言ってたし……多分大丈夫かな。%K%P
まあ、何にせよ、余計な緊張は取れたかな……お互いにね。%K%P
まあ、何にせよ、余計な緊張は取れたかな……お互いにね。%K%P
