「……さすがに早すぎたかな」%K%P
「……さすがに早すぎたかな」%K%P
学園内に設置されている、大きな時計に目をやる――約束の時間まであと、３０分もあった。%K%P
学園内に設置されている、大きな時計に目をやる――約束の時間まであと、３０分もあった。%K%P
学生達の姿もほとんど見えない。それもそのはず、今日はお休みの日だ。%K%P
学生達の姿もほとんど見えない。それもそのはず、今日はお休みの日だ。%K%P
そして、僕が深皇学園で過ごす、最後の一日でもあった。%K%P
そして、僕が深皇学園で過ごす、最後の一日でもあった。%K%P
僕はその一日を、楓と共に過ごそうと決めていた。%K%P
僕はその一日を、楓と共に過ごそうと決めていた。%K%P
「……おーい、お待たせー」%K%P
「……おーい、お待たせー」%K%P
「あ、もう来た。ふふ、ゆっくりでいいって言ったのに……まあ、人のことは言えないか」%K%P
「あ、もう来た。ふふ、ゆっくりでいいって言ったのに……まあ、人のことは言えないか」%K%P
僕は楓に向って、軽く手を上げた。%K%P
僕は楓に向って、軽く手を上げた。%K%P
「それにしても、なんで制服なの？　今日休みなんだから、その必要は無いような気がするけど」%K%P
「それにしても、なんで制服なの？　今日休みなんだから、その必要は無いような気がするけど」%K%P
「ん、一応学園内に入るんだから、こっちの方がいいと思って」%K%P
「ん、一応学園内に入るんだから、こっちの方がいいと思って」%K%P
ふふ、こういうところは彼女らしいな。%K%P
ふふ、こういうところは彼女らしいな。%K%P
「それじゃ、おじゃまします」%K%P
「それじゃ、おじゃまします」%K%P
「うん、あがってあがって。といっても、私もお客さんのようなものだけど」%K%P
「うん、あがってあがって。といっても、私もお客さんのようなものだけど」%K%P
「もう、司、なにを言ってるの。綾香さんや美琴さん、それに他の寮生の気持ち、知らないあなたじゃないでしょう？」%K%P
「もう、司、なにを言ってるの。綾香さんや美琴さん、それに他の寮生の気持ち、知らないあなたじゃないでしょう？」%K%P
「司は本当に大切に思われている。羨ましいぐらいに」%K%P
「司は本当に大切に思われている。羨ましいぐらいに」%K%P
先日、楓の帰りを教室で待ち、二人で送迎会に参加した。%K%P
先日、楓の帰りを教室で待ち、二人で送迎会に参加した。%K%P
楓は大歓迎を受け、アリアの話題で大いに盛り上がった。%K%P
楓は大歓迎を受け、アリアの話題で大いに盛り上がった。%K%P
特に、思うところがあるのか、夕陽ちゃんは佳様との戦いを聞きたがった……夕陽ちゃんって挫けないよなぁ。%K%P
特に、思うところがあるのか、夕陽ちゃんは佳様との戦いを聞きたがった……夕陽ちゃんって挫けないよなぁ。%K%P
「送別会にお呼ばれされて、よく分った。あなたはお客さんなんかじゃない、立派なここの一員だよ」%K%P
「送別会にお呼ばれされて、よく分った。あなたはお客さんなんかじゃない、立派なここの一員だよ」%K%P
「あ、そうだよね。ごめん、言い方が悪かった。楓さんの言うとおりだね」%K%P
「あ、そうだよね。ごめん、言い方が悪かった。楓さんの言うとおりだね」%K%P
うんうんと腕を組んで頷いている楓。ポニーテールがぴょこぴょこと揺れている。%K%P
うんうんと腕を組んで頷いている楓。ポニーテールがぴょこぴょこと揺れている。%K%P
「ありがとう。あ、楓さんちょっとこっちに」%K%P
「ありがとう。あ、楓さんちょっとこっちに」%K%P
「ん、楓さん？　そんなあらたまった言い方をして、どうかした？」%K%P
「ん、楓さん？　そんなあらたまった言い方をして、どうかした？」%K%P
「一応今日が最後とはいえ、学園内ではそのあたり気を使ってもらえると嬉しいんだけど……」%K%P
「一応今日が最後とはいえ、学園内ではそのあたり気を使ってもらえると嬉しいんだけど……」%K%P
「んあっ、しまった。休みだったから、つい、気が緩んで……だ、大丈夫だろうか？」%K%P
「んあっ、しまった。休みだったから、つい、気が緩んで……だ、大丈夫だろうか？」%K%P
「んーどうかなぁ、もしかしたら、誰かが聞いていて……ってこともあるかも」%K%P
「んーどうかなぁ、もしかしたら、誰かが聞いていて……ってこともあるかも」%K%P
口元を押えて、おろおろとする楓。心なしか、ポニーテールも元気なく下がっている。%K%P
口元を押えて、おろおろとする楓。心なしか、ポニーテールも元気なく下がっている。%K%P
「あ、ああ。どうしよう……司が罰せられるようなことになったら……」%K%P
「あ、ああ。どうしよう……司が罰せられるようなことになったら……」%K%P
「うう、わ、私が{迂闊:うかつ}だったせいで……ごめん、司！」%K%P
「うう、わ、私が{迂闊:うかつ}だったせいで……ごめん、司！」%K%P
「……あ、あははは、ごめんごめん楓さん。やり過ぎた。そんなに深刻にならないで」%K%P
「……あ、あははは、ごめんごめん楓さん。やり過ぎた。そんなに深刻にならないで」%K%P
「え？　あ、ああ、そうか……でも、あんな風に言われたら誰だって！」%K%P
「え？　あ、ああ、そうか……でも、あんな風に言われたら誰だって！」%K%P
大きな目を見開いて、僕を指差す楓。こんな彼女の姿、最初の頃からは想像もつかない。%K%P
大きな目を見開いて、僕を指差す楓。こんな彼女の姿、最初の頃からは想像もつかない。%K%P
「だましたわけじゃ無いよ。だって、他のみんなに隠してるのはほんとだもの」%K%P
「だましたわけじゃ無いよ。だって、他のみんなに隠してるのはほんとだもの」%K%P
「うっ、そ、それはそうだが……」%K%P
「うっ、そ、それはそうだが……」%K%P
「今日は寮の子達もほとんどいないから、多分大丈夫だと思うけど、一応念のためにね」%K%P
「今日は寮の子達もほとんどいないから、多分大丈夫だと思うけど、一応念のためにね」%K%P
深皇祭も終り、学園は数日間の休暇に入った。%K%P
深皇祭も終り、学園は数日間の休暇に入った。%K%P
寮の子達の大部分も旅行に行ったり、実家に戻ったりしている。%K%P
寮の子達の大部分も旅行に行ったり、実家に戻ったりしている。%K%P
「部屋に入ったら司で構わないから、それまでガマンして、ね？」%K%P
「部屋に入ったら司で構わないから、それまでガマンして、ね？」%K%P
「わ、分った……あ、だけど、綾香さんと同じ部屋だよね、大丈夫かな？」%K%P
「わ、分った……あ、だけど、綾香さんと同じ部屋だよね、大丈夫かな？」%K%P
「ん、綾香さんは、希実ちゃんと実家に戻っているから。それに、私達の関係は話してあるから」%K%P
「ん、綾香さんは、希実ちゃんと実家に戻っているから。それに、私達の関係は話してあるから」%K%P
お父さんが寂しがってて、とため息混じりで話してたっけ。%K%P
お父さんが寂しがってて、とため息混じりで話してたっけ。%K%P
まあ、娘三人が家を離れていれば、それは寂しいよね。%K%P
まあ、娘三人が家を離れていれば、それは寂しいよね。%K%P
「そうなんだ……あの、私達の関係って……どんな感じに、話したの？」%K%P
「そうなんだ……あの、私達の関係って……どんな感じに、話したの？」%K%P
「えっと……男女交際してるって感じに」%K%P
「えっと……男女交際してるって感じに」%K%P
「男女交際…………こ、恋人って言ってくれた？」%K%P
「男女交際…………こ、恋人って言ってくれた？」%K%P
上目使いで僕を見上げてくる楓。前髪の隙間からのぞく瞳が不安げに揺れる。%K%P
上目使いで僕を見上げてくる楓。前髪の隙間からのぞく瞳が不安げに揺れる。%K%P
あらたまって恋人とか聞くと……結構照れる。%K%P
あらたまって恋人とか聞くと……結構照れる。%K%P
「う、うん、もちろん。私の……僕の一番大事な人って伝えた」%K%P
「う、うん、もちろん。私の……僕の一番大事な人って伝えた」%K%P
「んぅ！　そ、そうか……そうなんだね……一番大事な人なんだな、私」%K%P
「んぅ！　そ、そうか……そうなんだね……一番大事な人なんだな、私」%K%P
「わ、私の一番大事な人は、あなただから、司」%K%P
「わ、私の一番大事な人は、あなただから、司」%K%P
「……うん、知ってる…………ごめん、凄くキスしたい」%K%P
「……うん、知ってる…………ごめん、凄くキスしたい」%K%P
「うん、して…………」%K%P
「うん、して…………」%K%P
目を閉じる楓。凜とした目の光が隠れると、少し幼く見える。%K%P
目を閉じる楓。凜とした目の光が隠れると、少し幼く見える。%K%P
僕は身を乗り出して、彼女との距離を縮め……%K%P
僕は身を乗り出して、彼女との距離を縮め……%K%P
「あれ、いずみ様に……楓様？　そんなところで、なにをされてるんですか？」%K%P
「あれ、いずみ様に……楓様？　そんなところで、なにをされてるんですか？」%K%P
「こ、ここ、ことりちゃん！？　で、出掛けたんじゃなかったの？」%K%P
「こ、ここ、ことりちゃん！？　で、出掛けたんじゃなかったの？」%K%P
「あ、はい。その忘れ物しちゃって、取りに来たんです。あの、お二人とも、なにかお困りですか？　ずいぶん慌ててますけど」%K%P
「あ、はい。その忘れ物しちゃって、取りに来たんです。あの、お二人とも、なにかお困りですか？　ずいぶん慌ててますけど」%K%P
「い、いや、まったく問題無い。全然慌ててないしっ」%K%P
「い、いや、まったく問題無い。全然慌ててないしっ」%K%P
「くすっ、おかしな楓様。お顔、真っ赤です」%K%P
「くすっ、おかしな楓様。お顔、真っ赤です」%K%P
熟れた柿のようになっている楓。多分、僕も似たようなものだろうな。%K%P
熟れた柿のようになっている楓。多分、僕も似たようなものだろうな。%K%P
「この前の送別会でも思ったんですけど、お二人仲がいいんですね。楓様、いずみ様にお料理取り分けてたりされてましたものね」%K%P
「この前の送別会でも思ったんですけど、お二人仲がいいんですね。楓様、いずみ様にお料理取り分けてたりされてましたものね」%K%P
さり気なくしてもらったはずなんだけど、よく見てるなぁ。%K%P
さり気なくしてもらったはずなんだけど、よく見てるなぁ。%K%P
「あ、そ、そう？　やっぱりアリアで同じチームだったからかな」%K%P
「あ、そ、そう？　やっぱりアリアで同じチームだったからかな」%K%P
「あ、そうだね。{歌姫:ディーバ}と{騎士:ワルキュリア}というのは、固い信頼関係で結ばれてるから」%K%P
「あ、そうだね。{歌姫:ディーバ}と{騎士:ワルキュリア}というのは、固い信頼関係で結ばれてるから」%K%P
「うーん、そうかもですけど……もっと、それ以上の感じっていうか……」%K%P
「うーん、そうかもですけど……もっと、それ以上の感じっていうか……」%K%P
人差し指をアゴに当てて、小首を傾げることりちゃん。%K%P
人差し指をアゴに当てて、小首を傾げることりちゃん。%K%P
「上手く言えないんですけど……カップルみたいな？」%K%P
「上手く言えないんですけど……カップルみたいな？」%K%P
「んな！？」\n「な、なに！？」%K%P
「んな！？」\n「な、なに！？」%K%P
「あはは、女の方同士ですから、今の例えはおかしかったですね」%K%P
「あはは、女の方同士ですから、今の例えはおかしかったですね」%K%P
「あ、夕ちゃんだ。ごめんなさい、失礼しますね」%K%P
「あ、夕ちゃんだ。ごめんなさい、失礼しますね」%K%P
僕らに頭を下げた後、携帯を耳に当て、駆け出していくことりちゃん。%K%P
僕らに頭を下げた後、携帯を耳に当て、駆け出していくことりちゃん。%K%P
僕は額の汗を拭いながら、見送った。%K%P
僕は額の汗を拭いながら、見送った。%K%P
「ふぅ……焦った」%K%P
「ふぅ……焦った」%K%P
「ん、そうだね。この前の、見られてたんだ……気を付けたつもりだったんだけど」%K%P
「ん、そうだね。この前の、見られてたんだ……気を付けたつもりだったんだけど」%K%P
「……いや、それ以外にも、感じる物があったんだと思う。女の子は、そういうことに、敏感だからね」%K%P
「……いや、それ以外にも、感じる物があったんだと思う。女の子は、そういうことに、敏感だからね」%K%P
「そうなんだ……こればっかりは、女の子の格好をしても、分らなかったよ」%K%P
「そうなんだ……こればっかりは、女の子の格好をしても、分らなかったよ」%K%P
「ふふ、あなたは、見た目こそ可憐だけど、中身はしっかり男の子だからね」%K%P
「ふふ、あなたは、見た目こそ可憐だけど、中身はしっかり男の子だからね」%K%P
「うぅ、嬉しいけど……楓さん、その言い方は、ちょっとエッチかも？」%K%P
「うぅ、嬉しいけど……楓さん、その言い方は、ちょっとエッチかも？」%K%P
「ば、ばかっ！　そ、そんなつもりじゃ……もう、あなたは、すぐにそっち方面に……」%K%P
「ば、ばかっ！　そ、そんなつもりじゃ……もう、あなたは、すぐにそっち方面に……」%K%P
「あれ、どなたかいらっしゃるのでしょうか？」%K%P
「あれ、どなたかいらっしゃるのでしょうか？」%K%P
「まずっ、とりあえず、部屋に……」%K%P
「まずっ、とりあえず、部屋に……」%K%P
「あ、ああ、急ごうっ」%K%P
「あ、ああ、急ごうっ」%K%P
僕らは手に手を取ると、廊下を駆け出した。%K%P
僕らは手に手を取ると、廊下を駆け出した。%K%P
