深皇に編入してから、週末になるといつも外に出かけていたけど、今週はそうもいかない。%K%P
深皇に編入してから、週末になるといつも外に出かけていたけど、今週はそうもいかない。%K%P
元気になってきたとはいえ綾香さんは病み上がりだし、大事をとって寮でゆっくり過ごすことにした。%K%P
元気になってきたとはいえ綾香さんは病み上がりだし、大事をとって寮でゆっくり過ごすことにした。%K%P
「そういえば綾香さん、休みの日っていつもはどんなふうに過ごしてるの？」%K%P
「そういえば綾香さん、休みの日っていつもはどんなふうに過ごしてるの？」%K%P
「えっと……買い物に出かけることが多いかも。あとは、寮で勉強をして過ごしたり」%K%P
「えっと……買い物に出かけることが多いかも。あとは、寮で勉強をして過ごしたり」%K%P
「あっ、候補生に選ばれてからは、修練所で自主練をすることも多かったわよ」%K%P
「あっ、候補生に選ばれてからは、修練所で自主練をすることも多かったわよ」%K%P
「ほら、いずみさんが初めてこの学園に来たときも、練習している子がいたでしょ？　あんなふうに」%K%P
「ほら、いずみさんが初めてこの学園に来たときも、練習している子がいたでしょ？　あんなふうに」%K%P
「ああ、そういえば――」%K%P
「ああ、そういえば――」%K%P
休みの日まで練習するのは大変だろうけど、そういう努力を積み重ねることが出来るからこそ、候補生や{騎士:ワルキュリア}に選ばれるんだろう。%K%P
休みの日まで練習するのは大変だろうけど、そういう努力を積み重ねることが出来るからこそ、候補生や{騎士:ワルキュリア}に選ばれるんだろう。%K%P
「でも、今日は寮でおとなしくしてようね？」%K%P
「でも、今日は寮でおとなしくしてようね？」%K%P
「わかってるわ。……これ以上無理をして、いずみさんに嫌われたくはないもの」%K%P
「わかってるわ。……これ以上無理をして、いずみさんに嫌われたくはないもの」%K%P
「綾香さんを嫌ったりなんかしないってば」%K%P
「綾香さんを嫌ったりなんかしないってば」%K%P
「そんなことわからないでしょ？　例えば、わたしがいずみさんにすごい迷惑をかけたりしたら――」%K%P
「そんなことわからないでしょ？　例えば、わたしがいずみさんにすごい迷惑をかけたりしたら――」%K%P
「綾香さんはそんなことしないから」%K%P
「綾香さんはそんなことしないから」%K%P
少なくとも、誰かに対して故意に迷惑をかけたりするような女の子じゃない。%K%P
少なくとも、誰かに対して故意に迷惑をかけたりするような女の子じゃない。%K%P
「……でも、女装してもらっている時点で、充分迷惑をかけていると思うのだけど……」%K%P
「……でも、女装してもらっている時点で、充分迷惑をかけていると思うのだけど……」%K%P
「それはいいっこなし、でしょ？」%K%P
「それはいいっこなし、でしょ？」%K%P
「それに、綾香さんと出会わなかったら、今頃はもっと大変だったはずなんだから」%K%P
「それに、綾香さんと出会わなかったら、今頃はもっと大変だったはずなんだから」%K%P
女装生活と家なき子生活。どちらのほうが困難か、というのは判断が難しい所かもしれないけど。%K%P
女装生活と家なき子生活。どちらのほうが困難か、というのは判断が難しい所かもしれないけど。%K%P
ただ、いまの暮らしが大変なだけじゃなくて、実り多い日々であることは間違いない。%K%P
ただ、いまの暮らしが大変なだけじゃなくて、実り多い日々であることは間違いない。%K%P
「綾香ちゃん、いずみさん」%K%P
「綾香ちゃん、いずみさん」%K%P
「あっ、はい」%K%P
「あっ、はい」%K%P
ノックの音と共に聞こえた法子さんの声に応える。%K%P
ノックの音と共に聞こえた法子さんの声に応える。%K%P
「二人にお客様なんですが、お通ししても構いませんか？」%K%P
「二人にお客様なんですが、お通ししても構いませんか？」%K%P
「お客様……？」%K%P
「お客様……？」%K%P
思いがけない言葉に綾香さんと顔を見合わせる。%K%P
思いがけない言葉に綾香さんと顔を見合わせる。%K%P
「はい、大丈夫です」%K%P
「はい、大丈夫です」%K%P
「良かった。では――」%K%P
「良かった。では――」%K%P
「さあ、どうぞ」%K%P
「さあ、どうぞ」%K%P
ドアを開けた法子さんが、そのままドアを支えて入室を促すと、現れたのは――――、%K%P
ドアを開けた法子さんが、そのままドアを支えて入室を促すと、現れたのは――――、%K%P
「ごきげんよう。綾香さん、いずみさん」%K%P
「ごきげんよう。綾香さん、いずみさん」%K%P
「千影さんに、奏さんも……」%K%P
「千影さんに、奏さんも……」%K%P
会釈する千影さんのすぐ隣で、奏さんが微笑みつつ頭を軽くさげる。%K%P
会釈する千影さんのすぐ隣で、奏さんが微笑みつつ頭を軽くさげる。%K%P
「２人とも、どうしてここに……？」%K%P
「２人とも、どうしてここに……？」%K%P
「もちろん、綾香さんのお見舞いに」%K%P
「もちろん、綾香さんのお見舞いに」%K%P
「お見舞い、って……そのために、わざわざ寮まで？」%K%P
「お見舞い、って……そのために、わざわざ寮まで？」%K%P
「今日はもともと学園で練習をしようと思っていたの。少し足を伸ばしただけだから、気にしないで」%K%P
「今日はもともと学園で練習をしようと思っていたの。少し足を伸ばしただけだから、気にしないで」%K%P
「ふふっ。なんて言ってますけど、メインはお見舞いで、練習はついで、なんですのよね？　千影」%K%P
「ふふっ。なんて言ってますけど、メインはお見舞いで、練習はついで、なんですのよね？　千影」%K%P
「んっ……もう、奏」%K%P
「んっ……もう、奏」%K%P
「ふふっ、くすくすっ」%K%P
「ふふっ、くすくすっ」%K%P
「……ありがとう。千影さん、奏さん」%K%P
「……ありがとう。千影さん、奏さん」%K%P
千影さんを翻弄して楽しそうに笑う奏さんのおかげもあって、場の空気が一気にほぐれてしまう。%K%P
千影さんを翻弄して楽しそうに笑う奏さんのおかげもあって、場の空気が一気にほぐれてしまう。%K%P
「でも、せっかく来てくれたのに……ごめんなさい、なんのおもてなしも出来なくて」%K%P
「でも、せっかく来てくれたのに……ごめんなさい、なんのおもてなしも出来なくて」%K%P
「なにをおっしゃいますの。元気な顔を見せてくださるのが、何よりのおもてなしですのよ？」%K%P
「なにをおっしゃいますの。元気な顔を見せてくださるのが、何よりのおもてなしですのよ？」%K%P
「ええ、奏の言う通り」%K%P
「ええ、奏の言う通り」%K%P
「綾香さんがお休みするなんて滅多にないことだから心配したけど……元気そうで本当に安心したわ」%K%P
「綾香さんがお休みするなんて滅多にないことだから心配したけど……元気そうで本当に安心したわ」%K%P
「ん……」%K%P
「ん……」%K%P
２人の言葉に、綾香さんは照れくさそうに微笑む。%K%P
２人の言葉に、綾香さんは照れくさそうに微笑む。%K%P
「綾香ちゃん、またお客様ですよ」%K%P
「綾香ちゃん、またお客様ですよ」%K%P
「えっ？」%K%P
「えっ？」%K%P
さっきとそっくりな展開に、今度は千影さんたちも含め、４人で顔を見合わせていると、%K%P
さっきとそっくりな展開に、今度は千影さんたちも含め、４人で顔を見合わせていると、%K%P
「やっほ。綾香、いずみちゃん」%K%P
「やっほ。綾香、いずみちゃん」%K%P
「け、佳様っ……？！」%K%P
「け、佳様っ……？！」%K%P
「ごきげんよう」%K%P
「ごきげんよう」%K%P
今度は佳様と楓さんが揃って現れたものだから、さっきよりもさらに驚いてしまった。%K%P
今度は佳様と楓さんが揃って現れたものだから、さっきよりもさらに驚いてしまった。%K%P
「先客がいるって話はそこで聞いたけど……まさか千影に奏とはね」%K%P
「先客がいるって話はそこで聞いたけど……まさか千影に奏とはね」%K%P
「ということは、楓さんに佳様も……？」%K%P
「ということは、楓さんに佳様も……？」%K%P
「うん。綾香さんのお見舞いに」%K%P
「うん。綾香さんのお見舞いに」%K%P
「今日はもともと学園で稽古する約束を佳としていたから。その前に、寄ってみようと提案してね」%K%P
「今日はもともと学園で稽古する約束を佳としていたから。その前に、寄ってみようと提案してね」%K%P
「そんな、わざわざ……」%K%P
「そんな、わざわざ……」%K%P
「もう、なに言ってるの？　立場が逆なら、綾香だって同じ事してるくせに」%K%P
「もう、なに言ってるの？　立場が逆なら、綾香だって同じ事してるくせに」%K%P
「そっ、それは……」%K%P
「そっ、それは……」%K%P
佳様らしい鋭い返しに、綾香さんが口ごもる。%K%P
佳様らしい鋭い返しに、綾香さんが口ごもる。%K%P
「ふふっ。人気者だね？　綾香さん」%K%P
「ふふっ。人気者だね？　綾香さん」%K%P
「ええ、本当に。お姉ちゃんも鼻が高いわ」%K%P
「ええ、本当に。お姉ちゃんも鼻が高いわ」%K%P
照れくさそうに困る綾香さんと、そんな綾香さんを嬉しそうに見つめる法子さん。%K%P
照れくさそうに困る綾香さんと、そんな綾香さんを嬉しそうに見つめる法子さん。%K%P
そんな二人の様子が微笑ましくて、ついつい、こっちまで笑顔になってしまう。%K%P
そんな二人の様子が微笑ましくて、ついつい、こっちまで笑顔になってしまう。%K%P
それにしても、普段は２人で過ごしている部屋がこんなに賑やかになるなんて……僕が寮で暮らし初めて以来、初めてかもしれない。%K%P
それにしても、普段は２人で過ごしている部屋がこんなに賑やかになるなんて……僕が寮で暮らし初めて以来、初めてかもしれない。%K%P
「しかし、{歌姫:ディーバ}が２人に{騎士:ワルキュリア}が３人か……。残りも集めたくなっちゃうね」%K%P
「しかし、{歌姫:ディーバ}が２人に{騎士:ワルキュリア}が３人か……。残りも集めたくなっちゃうね」%K%P
「そういえば、今日は美琴さんたちはいらっしゃいませんの？」%K%P
「そういえば、今日は美琴さんたちはいらっしゃいませんの？」%K%P
「美琴さんは、ことりちゃんたちを連れてお買い物。じき帰ってくると思うけど……」%K%P
「美琴さんは、ことりちゃんたちを連れてお買い物。じき帰ってくると思うけど……」%K%P
「あら、噂をすれば。帰ってきましたよ」%K%P
「あら、噂をすれば。帰ってきましたよ」%K%P
開けたままのドア近くに立っていた法子さんが、廊下の方を確かめると小さく手招いた。%K%P
開けたままのドア近くに立っていた法子さんが、廊下の方を確かめると小さく手招いた。%K%P
「ただいま、綾香――――」%K%P
「ただいま、綾香――――」%K%P
室内に入るなり、美琴さんが固まった。%K%P
室内に入るなり、美琴さんが固まった。%K%P
って、無理もないよね。まさか僕たちの部屋に、こんなメンバーが揃っているとは思わないだろうし。%K%P
って、無理もないよね。まさか僕たちの部屋に、こんなメンバーが揃っているとは思わないだろうし。%K%P
「どうしたんですか、美琴様？」%K%P
「どうしたんですか、美琴様？」%K%P
「そうですよ、急に立ち止まったりして――――」%K%P
「そうですよ、急に立ち止まったりして――――」%K%P
「ひゃっ……？！」%K%P
「ひゃっ……？！」%K%P
美琴さんの後ろからひょこっと現れたことりちゃんと夕陽ちゃんも、同じように固まってしまう。%K%P
美琴さんの後ろからひょこっと現れたことりちゃんと夕陽ちゃんも、同じように固まってしまう。%K%P
「綾香お姉ちゃん、材料買ってきたよ」%K%P
「綾香お姉ちゃん、材料買ってきたよ」%K%P
「――って、え……あ、あの……えええっ？」%K%P
「――って、え……あ、あの……えええっ？」%K%P
「ふふっ、みんな揃って良いリアクションだねぇ」%K%P
「ふふっ、みんな揃って良いリアクションだねぇ」%K%P
「くすっ。ええ、ホントに」%K%P
「くすっ。ええ、ホントに」%K%P
最後に入ってきた希実ちゃんの反応を見て佳様や法子さんが楽しそうに笑うと、僕たちもみんな、つられるように笑みが漏れてしまった。%K%P
最後に入ってきた希実ちゃんの反応を見て佳様や法子さんが楽しそうに笑うと、僕たちもみんな、つられるように笑みが漏れてしまった。%K%P
さすがに１０人近い人数だと部屋ではくつろげないので、一旦、揃ってラウンジに移動。%K%P
さすがに１０人近い人数だと部屋ではくつろげないので、一旦、揃ってラウンジに移動。%K%P
そこで少し雑談をしたあと、もともと練習をしに来た千影さん、楓さん、佳様は、綾香さんの元気な姿を見て安心したこともあり、そのまま学園へ。%K%P
そこで少し雑談をしたあと、もともと練習をしに来た千影さん、楓さん、佳様は、綾香さんの元気な姿を見て安心したこともあり、そのまま学園へ。%K%P
それに触発されたらしく、美琴さんにことりちゃん、夕陽ちゃんの寮生{騎士:ワルキュリア}組も、一緒に練習をしに行くと学園に向かった。%K%P
それに触発されたらしく、美琴さんにことりちゃん、夕陽ちゃんの寮生{騎士:ワルキュリア}組も、一緒に練習をしに行くと学園に向かった。%K%P
ちなみにこのとき、自分も、って練習に行こうとした綾香さんを、その場にいる全員で諫めたりもした。%K%P
ちなみにこのとき、自分も、って練習に行こうとした綾香さんを、その場にいる全員で諫めたりもした。%K%P
なので、いま寮に残っているのは、僕と綾香さん、それから希実ちゃんに奏さんと法子さん。%K%P
なので、いま寮に残っているのは、僕と綾香さん、それから希実ちゃんに奏さんと法子さん。%K%P
このメンバーで何をしているのかというと、プリンを作っている最中だった。%K%P
このメンバーで何をしているのかというと、プリンを作っている最中だった。%K%P
といっても、もちろん綾香さんは見学だけどね。%K%P
といっても、もちろん綾香さんは見学だけどね。%K%P
もともと美琴さんたちは、このプリンを作る為の材料を買いに出かけていた、というわけだ。%K%P
もともと美琴さんたちは、このプリンを作る為の材料を買いに出かけていた、というわけだ。%K%P
「それにしても、本当にびっくりしました」%K%P
「それにしても、本当にびっくりしました」%K%P
「買い物から帰って来たら、私たちの部屋があんなに賑やかになってるんだもんね」%K%P
「買い物から帰って来たら、私たちの部屋があんなに賑やかになってるんだもんね」%K%P
「ふふっ。それもすべて、綾香さんの人徳のなせる技、ですわね」%K%P
「ふふっ。それもすべて、綾香さんの人徳のなせる技、ですわね」%K%P
「うん」%K%P
「うん」%K%P
本当、綾香さんってみんなに慕われている。%K%P
本当、綾香さんってみんなに慕われている。%K%P
とはいえ、どうしてそんなに人気があるのか、という理由も、今となってはよくわかるんだけど。%K%P
とはいえ、どうしてそんなに人気があるのか、という理由も、今となってはよくわかるんだけど。%K%P
「そういえば、奏さんは残って良かったの？　今日は歌の練習をしに来たんでしょう？」%K%P
「そういえば、奏さんは残って良かったの？　今日は歌の練習をしに来たんでしょう？」%K%P
「構いません。それに、お菓子を作ると聞いては参加せずには居られませんもの」%K%P
「構いません。それに、お菓子を作ると聞いては参加せずには居られませんもの」%K%P
「こちらのお手伝いが終わったら、私も練習に向かいますからご安心を」%K%P
「こちらのお手伝いが終わったら、私も練習に向かいますからご安心を」%K%P
そう言って微笑みながらも卵をかき混ぜる手際は、さすがに手慣れたものだ。%K%P
そう言って微笑みながらも卵をかき混ぜる手際は、さすがに手慣れたものだ。%K%P
「でも法子さん、どうしてプリンなんですか？」%K%P
「でも法子さん、どうしてプリンなんですか？」%K%P
もとはといえば、今朝、法子さんが綾香さんのためにプリンを作りましょう、と言ったのが切っ掛けだ。%K%P
もとはといえば、今朝、法子さんが綾香さんのためにプリンを作りましょう、と言ったのが切っ掛けだ。%K%P
でも、どうしてプリンなのか、その理由を聞くのを忘れていた。%K%P
でも、どうしてプリンなのか、その理由を聞くのを忘れていた。%K%P
「もともと我が家では、私たち姉妹が風邪をひくと、母がよくプリンを作ってくれたんです」%K%P
「もともと我が家では、私たち姉妹が風邪をひくと、母がよくプリンを作ってくれたんです」%K%P
「だから、定番というか……風邪を引くと、なんとなく食べたくなっちゃうの」%K%P
「だから、定番というか……風邪を引くと、なんとなく食べたくなっちゃうの」%K%P
「あっ、お姉ちゃんは座ってないとダメ」%K%P
「あっ、お姉ちゃんは座ってないとダメ」%K%P
「でも……」%K%P
「でも……」%K%P
キッチンで作業する僕たちを、綾香さんがそわそわした様子で眺めている。%K%P
キッチンで作業する僕たちを、綾香さんがそわそわした様子で眺めている。%K%P
どうやらみんなが動き回る中、１人だけ待機する、という状況が耐えられないらしい。%K%P
どうやらみんなが動き回る中、１人だけ待機する、という状況が耐えられないらしい。%K%P
もちろん、普段だったら手伝ってもらうんだけど……さすがに今回ばかりは、そういうわけにもいかない。%K%P
もちろん、普段だったら手伝ってもらうんだけど……さすがに今回ばかりは、そういうわけにもいかない。%K%P
「ほら、綾香さんは座って待ってて」%K%P
「ほら、綾香さんは座って待ってて」%K%P
「うぅ……」%K%P
「うぅ……」%K%P
顔に思いっきり、手伝いたい、って書いてあるけど、頼んでしまうと本末転倒になってしまう。%K%P
顔に思いっきり、手伝いたい、って書いてあるけど、頼んでしまうと本末転倒になってしまう。%K%P
なので、綾香さんの背中をそっと押して、ラウンジの椅子まで連れて行って座ってもらった。%K%P
なので、綾香さんの背中をそっと押して、ラウンジの椅子まで連れて行って座ってもらった。%K%P
「ここで待ってること。いい？」%K%P
「ここで待ってること。いい？」%K%P
「……うん」%K%P
「……うん」%K%P
部屋で待っていてもらおうとも考えたけど、さすがに１人きりの部屋で待たせるのは申し訳ないし、そこまで体調が悪いわけでもない。%K%P
部屋で待っていてもらおうとも考えたけど、さすがに１人きりの部屋で待たせるのは申し訳ないし、そこまで体調が悪いわけでもない。%K%P
ただ、このプリンは綾香さんのために作っているわけだから、僕たちで作らないと意味がない。%K%P
ただ、このプリンは綾香さんのために作っているわけだから、僕たちで作らないと意味がない。%K%P
「でも、確かに風邪をひいたときの甘味として、プリンは最適ですものね」%K%P
「でも、確かに風邪をひいたときの甘味として、プリンは最適ですものね」%K%P
「そうなの？」%K%P
「そうなの？」%K%P
「はい。栄養豊富な卵を使いますし、冷たいプリンは咽にも優しく、何よりも食べやすいですもの」%K%P
「はい。栄養豊富な卵を使いますし、冷たいプリンは咽にも優しく、何よりも食べやすいですもの」%K%P
「ああ、なるほど……」%K%P
「ああ、なるほど……」%K%P
言われてみれば卵酒とかあるわけだし、体調が悪いときにはちょうどいいのかもしれない。%K%P
言われてみれば卵酒とかあるわけだし、体調が悪いときにはちょうどいいのかもしれない。%K%P
「っと、カラメルソースの方は出来ました。あとはプリン液を型に移して蒸しましょう」%K%P
「っと、カラメルソースの方は出来ました。あとはプリン液を型に移して蒸しましょう」%K%P
「はい、姉さん」%K%P
「はい、姉さん」%K%P
法子さんがプリンの型を並べると、そこに希実ちゃんがプリン液を流し込んでいく。%K%P
法子さんがプリンの型を並べると、そこに希実ちゃんがプリン液を流し込んでいく。%K%P
綾香さんの分だけでなく、お見舞いに来てくれた千影さんたちや、寮生の分もあるから結構な量だ。%K%P
綾香さんの分だけでなく、お見舞いに来てくれた千影さんたちや、寮生の分もあるから結構な量だ。%K%P
「でも、思ったより簡単に出来ちゃうんですね」%K%P
「でも、思ったより簡単に出来ちゃうんですね」%K%P
材料を揃えて分量を量ったら、あとは混ぜるのがほとんどで、難しい工程はひとつもなかった。%K%P
材料を揃えて分量を量ったら、あとは混ぜるのがほとんどで、難しい工程はひとつもなかった。%K%P
「何事もやってみると案外簡単なものですよ。大切なのは、まず挑戦することですから」%K%P
「何事もやってみると案外簡単なものですよ。大切なのは、まず挑戦することですから」%K%P
「難しく思えるものが実は簡単だったり、簡単なものほど奥が深かったり……」%K%P
「難しく思えるものが実は簡単だったり、簡単なものほど奥が深かったり……」%K%P
「でもそれって、お菓子作りに限ったことではないと思いますわ」%K%P
「でもそれって、お菓子作りに限ったことではないと思いますわ」%K%P
「ああ、確かに……」%K%P
「ああ、確かに……」%K%P
声楽の場合でも、複雑なメロディーより、シンプルなもののほうが難しいことがある。%K%P
声楽の場合でも、複雑なメロディーより、シンプルなもののほうが難しいことがある。%K%P
「……あの、法子さん。ちょっとお願いがあるんですけど――」%K%P
「……あの、法子さん。ちょっとお願いがあるんですけど――」%K%P
奏さんたちの話を聞いていたら、やりたい事が出来たので、法子さんにこっそりと頼んでみる。%K%P
奏さんたちの話を聞いていたら、やりたい事が出来たので、法子さんにこっそりと頼んでみる。%K%P
「……なるほど。そういうことなら、喜んで協力します」%K%P
「……なるほど。そういうことなら、喜んで協力します」%K%P
「良かった。じゃあ、いいですか？」%K%P
「良かった。じゃあ、いいですか？」%K%P
「はい、もちろん」%K%P
「はい、もちろん」%K%P
法子さんの許可をもらうと、余っていた材料を使って、さらにもう２つ分、プリン液を作る。%K%P
法子さんの許可をもらうと、余っていた材料を使って、さらにもう２つ分、プリン液を作る。%K%P
それを型に流し込むと、一目でそれとわかるように、小さく目印をつけておいた。%K%P
それを型に流し込むと、一目でそれとわかるように、小さく目印をつけておいた。%K%P
「じゃあ、これも一緒にお願いね」%K%P
「じゃあ、これも一緒にお願いね」%K%P
「はい」%K%P
「はい」%K%P
僕一人だけで作った分もあわせて、希実ちゃんが蒸し器に型を丁寧に並べていく。%K%P
僕一人だけで作った分もあわせて、希実ちゃんが蒸し器に型を丁寧に並べていく。%K%P
「っと……姉さん、こんな感じでいい？」%K%P
「っと……姉さん、こんな感じでいい？」%K%P
「うん、いい感じ」%K%P
「うん、いい感じ」%K%P
法子さんたちが蒸し作業に取りかかる一方で、僕と奏さんは使った器具の片付けていく。%K%P
法子さんたちが蒸し作業に取りかかる一方で、僕と奏さんは使った器具の片付けていく。%K%P
人数が多かったこともあって、プリン作りは予定よりかなり早く終わった。%K%P
人数が多かったこともあって、プリン作りは予定よりかなり早く終わった。%K%P
「では、私はこれで」%K%P
「では、私はこれで」%K%P
後片付けを終え、奏さんが改めて頭を下げる。%K%P
後片付けを終え、奏さんが改めて頭を下げる。%K%P
まだまだ時間もあるので、さっきの話通り、奏さんは音楽室に寄って歌の練習をしていくそうだ。%K%P
まだまだ時間もあるので、さっきの話通り、奏さんは音楽室に寄って歌の練習をしていくそうだ。%K%P
「ありがとう、奏さん。すっごく助かっちゃった」%K%P
「ありがとう、奏さん。すっごく助かっちゃった」%K%P
「みなさんの分も御用意してありますから、帰るときに立ち寄るのを忘れないでくださいね」%K%P
「みなさんの分も御用意してありますから、帰るときに立ち寄るのを忘れないでくださいね」%K%P
にこっと笑って、奏さんが寮を後にする。%K%P
にこっと笑って、奏さんが寮を後にする。%K%P
一方、希実ちゃんはプリンの出来が気になるらしく、律儀にキッチンで蒸し器の様子を見守っていた。%K%P
一方、希実ちゃんはプリンの出来が気になるらしく、律儀にキッチンで蒸し器の様子を見守っていた。%K%P
「いずみさん、お疲れさま」%K%P
「いずみさん、お疲れさま」%K%P
ラウンジの椅子で待っていた綾香さんが、一段落したのを見て、こちらへやってくる。%K%P
ラウンジの椅子で待っていた綾香さんが、一段落したのを見て、こちらへやってくる。%K%P
「といっても、ほとんどみんなを手伝ってるだけで終わっちゃったけどね」%K%P
「といっても、ほとんどみんなを手伝ってるだけで終わっちゃったけどね」%K%P
「そんなことをいったら、わたしなんてここで座って眺めてるだけだったのよ？」%K%P
「そんなことをいったら、わたしなんてここで座って眺めてるだけだったのよ？」%K%P
「あのプリンはもともと綾香さんのために作ってたんだから、それでいいの」%K%P
「あのプリンはもともと綾香さんのために作ってたんだから、それでいいの」%K%P
「それは、そうだけど……」%K%P
「それは、そうだけど……」%K%P
「……わたしも、いずみさんと一緒にお菓子作りをしてみたかったんだもの」%K%P
「……わたしも、いずみさんと一緒にお菓子作りをしてみたかったんだもの」%K%P
少し頬を膨らませるようにして綾香さんが拗ねる。%K%P
少し頬を膨らませるようにして綾香さんが拗ねる。%K%P
抗議というほど強い語気じゃないけど、こんなふうに不満げな綾香さん、というのは珍しい。%K%P
抗議というほど強い語気じゃないけど、こんなふうに不満げな綾香さん、というのは珍しい。%K%P
でも、そんなふうに素直な感情を見せてくれることが、なんだか嬉しかった。%K%P
でも、そんなふうに素直な感情を見せてくれることが、なんだか嬉しかった。%K%P
「あとは蒸し上がるのを待って、粗熱をとって冷やせば出来上がりです」%K%P
「あとは蒸し上がるのを待って、粗熱をとって冷やせば出来上がりです」%K%P
「仕上げは私たちがやっておきますから、いずみさんは綾香ちゃんと部屋でゆっくりしていてください」%K%P
「仕上げは私たちがやっておきますから、いずみさんは綾香ちゃんと部屋でゆっくりしていてください」%K%P
「じゃあ、お言葉に甘えて」%K%P
「じゃあ、お言葉に甘えて」%K%P
法子さんの勧めに頷いて、僕たちは部屋に戻った。%K%P
法子さんの勧めに頷いて、僕たちは部屋に戻った。%K%P
その後、練習を終えたみんなが再び寮にやってくるころには無事にプリンも出来上がっていたので、ラウンジで綾香さんを囲み、全員で揃って食べた。%K%P
その後、練習を終えたみんなが再び寮にやってくるころには無事にプリンも出来上がっていたので、ラウンジで綾香さんを囲み、全員で揃って食べた。%K%P
味は好評だったので、作るのに協力した僕としても一安心、といったところだ。%K%P
味は好評だったので、作るのに協力した僕としても一安心、といったところだ。%K%P
でも、僕にとっての本番は、それとは別にあった。%K%P
でも、僕にとっての本番は、それとは別にあった。%K%P
「ねえ綾香さん、プリン食べない？」%K%P
「ねえ綾香さん、プリン食べない？」%K%P
「もう、なにを言ってるの？　プリンならさっき食べたばかりじゃない」%K%P
「もう、なにを言ってるの？　プリンならさっき食べたばかりじゃない」%K%P
「そうなんだけど、そうじゃないんだよ」%K%P
「そうなんだけど、そうじゃないんだよ」%K%P
部屋に戻る前、ラウンジの冷蔵庫から持って来たプリンを２つ、テーブルの上に並べる。%K%P
部屋に戻る前、ラウンジの冷蔵庫から持って来たプリンを２つ、テーブルの上に並べる。%K%P
「これは……？」%K%P
「これは……？」%K%P
「これは正真正銘、私の手作りプリン」%K%P
「これは正真正銘、私の手作りプリン」%K%P
「さっき食べたプリンは、奏さんや希実ちゃんと一緒に作ったものだけど……」%K%P
「さっき食べたプリンは、奏さんや希実ちゃんと一緒に作ったものだけど……」%K%P
「これは、私が法子さんに頼んで、私だけでこっそり作っておいたものなんだよ」%K%P
「これは、私が法子さんに頼んで、私だけでこっそり作っておいたものなんだよ」%K%P
プリン作りが思っていたより簡単だった、というのも、切っ掛けのひとつには違いないけど。%K%P
プリン作りが思っていたより簡単だった、というのも、切っ掛けのひとつには違いないけど。%K%P
せっかく作るのなら、みんなと一緒に作った物だけじゃなくて、僕だけが作った手作りも綾香さんに食べてもらいたい――――そう思った。%K%P
せっかく作るのなら、みんなと一緒に作った物だけじゃなくて、僕だけが作った手作りも綾香さんに食べてもらいたい――――そう思った。%K%P
「ね、食べてみない？　味の保証は出来ないけど」%K%P
「ね、食べてみない？　味の保証は出来ないけど」%K%P
「うっ、うん……」%K%P
「うっ、うん……」%K%P
ちょっと緊張した面持ちの綾香さんが、プリンと向き合うようにテーブルの前に座る。%K%P
ちょっと緊張した面持ちの綾香さんが、プリンと向き合うようにテーブルの前に座る。%K%P
その正面に、僕も腰を下ろした。%K%P
その正面に、僕も腰を下ろした。%K%P
「じゃあ、いただきます」%K%P
「じゃあ、いただきます」%K%P
「いただきます」%K%P
「いただきます」%K%P
２人揃って、おそるおそるスプーンでプリンをすくって、それを口の中へ。%K%P
２人揃って、おそるおそるスプーンでプリンをすくって、それを口の中へ。%K%P
「んっ……あ、けっこう美味しい……」%K%P
「んっ……あ、けっこう美味しい……」%K%P
みんなと作った物に比べると、ほんのちょっと固めで甘いけど、ちゃんとプリンの味がする。%K%P
みんなと作った物に比べると、ほんのちょっと固めで甘いけど、ちゃんとプリンの味がする。%K%P
「……うん。美味しいわ、いずみさんのプリン」%K%P
「……うん。美味しいわ、いずみさんのプリン」%K%P
一口食べて嬉しそうに微笑む綾香さんを見て、作って良かった、という気持ちで胸が満たされた。%K%P
一口食べて嬉しそうに微笑む綾香さんを見て、作って良かった、という気持ちで胸が満たされた。%K%P
好きな人のために手作りのお弁当を作っちゃう女の子の気持ちが、ちょっとわかったかもしれない。%K%P
好きな人のために手作りのお弁当を作っちゃう女の子の気持ちが、ちょっとわかったかもしれない。%K%P
なにかを食べて貰って、その笑顔を見る、っていうのはなかなか癖になりそうな快感だ。%K%P
なにかを食べて貰って、その笑顔を見る、っていうのはなかなか癖になりそうな快感だ。%K%P
「はむっ……んっ、あむっ……」%K%P
「はむっ……んっ、あむっ……」%K%P
そうして美味しそうにプリンを食べていた綾香さんが、ふと、手を止めた。%K%P
そうして美味しそうにプリンを食べていた綾香さんが、ふと、手を止めた。%K%P
「……どうしたの？」%K%P
「……どうしたの？」%K%P
「その……ちょっと、昔の事を思いだして」%K%P
「その……ちょっと、昔の事を思いだして」%K%P
「子供のころ、風邪を引いたわたしに、姉さんがプリンを食べさせてくれたことがあったなぁ、って」%K%P
「子供のころ、風邪を引いたわたしに、姉さんがプリンを食べさせてくれたことがあったなぁ、って」%K%P
「それって、あーん、ってやつ？」%K%P
「それって、あーん、ってやつ？」%K%P
「うん、そう。ああいうことをしてもらえるのって、具合が悪いときだけでしょ？」%K%P
「うん、そう。ああいうことをしてもらえるのって、具合が悪いときだけでしょ？」%K%P
「だから、偉くなった……っていうと、ちょっと語弊があるけど、でもわたし、あれが嬉しくて」%K%P
「だから、偉くなった……っていうと、ちょっと語弊があるけど、でもわたし、あれが嬉しくて」%K%P
「だから、その思い出も含めて、わたしはプリンが好きなんだろうなぁ……って思ってたの」%K%P
「だから、その思い出も含めて、わたしはプリンが好きなんだろうなぁ……って思ってたの」%K%P
「なるほど……」%K%P
「なるほど……」%K%P
感心するように頷いた後、少し悪戯心が沸いた。%K%P
感心するように頷いた後、少し悪戯心が沸いた。%K%P
「……なら、今日は私がしてあげようか？」%K%P
「……なら、今日は私がしてあげようか？」%K%P
「するって……なにを？」%K%P
「するって……なにを？」%K%P
「だから、プリンをあーん、って」%K%P
「だから、プリンをあーん、って」%K%P
「なっ……ななっ」%K%P
「なっ……ななっ」%K%P
驚いた綾香さんが、スプーンを落としそうになる。%K%P
驚いた綾香さんが、スプーンを落としそうになる。%K%P
「いっ……いいわよ、そこまでしなくても」%K%P
「いっ……いいわよ、そこまでしなくても」%K%P
「どうして？」%K%P
「どうして？」%K%P
「だ、だって、別に今は、１人で食べられないほど体調が悪いわけでもないのだしっ……」%K%P
「だ、だって、別に今は、１人で食べられないほど体調が悪いわけでもないのだしっ……」%K%P
「そっ、それに……恥ずかしいでしょ？」%K%P
「そっ、それに……恥ずかしいでしょ？」%K%P
「別に誰も見てないよ？」%K%P
「別に誰も見てないよ？」%K%P
「んっ……そ、それはそうなんだけど、でも……」%K%P
「んっ……そ、それはそうなんだけど、でも……」%K%P
「なら、ね？　一口だけ、はい」%K%P
「なら、ね？　一口だけ、はい」%K%P
自分の分のプリンをスプーンですくうと、それを綾香さんの口元に差し出す。%K%P
自分の分のプリンをスプーンですくうと、それを綾香さんの口元に差し出す。%K%P
「ほら、綾香さん。あーん」%K%P
「ほら、綾香さん。あーん」%K%P
「ちょっ、ちょっといずみさんっ……」%K%P
「ちょっ、ちょっといずみさんっ……」%K%P
綾香さんがおろおろしながら僕を見つめる。%K%P
綾香さんがおろおろしながら僕を見つめる。%K%P
いざやってみると、こっちはこっちで恥ずかしいんだけど、綾香さんの照れっぷりは僕以上だ。%K%P
いざやってみると、こっちはこっちで恥ずかしいんだけど、綾香さんの照れっぷりは僕以上だ。%K%P
そうなると、自分が感じる恥ずかしさより、意地悪したくなる気持ちが上回ってしまう。%K%P
そうなると、自分が感じる恥ずかしさより、意地悪したくなる気持ちが上回ってしまう。%K%P
「綾香さん。あーん、して」%K%P
「綾香さん。あーん、して」%K%P
「え、えっと……」%K%P
「え、えっと……」%K%P
「あーんして」%K%P
「あーんして」%K%P
「あ、あの……あ、あーん……」%K%P
「あ、あの……あ、あーん……」%K%P
照れながら、それでも小さく開いた綾香さんの口に、そっとスプーンを差し込む。%K%P
照れながら、それでも小さく開いた綾香さんの口に、そっとスプーンを差し込む。%K%P
すると、スプーンの上にあったプリンが、ちゅるん、と綾香さんの口の中に滑り込んだ。%K%P
すると、スプーンの上にあったプリンが、ちゅるん、と綾香さんの口の中に滑り込んだ。%K%P
「どう？　美味しい？」%K%P
「どう？　美味しい？」%K%P
「……ん」%K%P
「……ん」%K%P
頬どころか耳まで真っ赤になりそうな勢いで、綾香さんが小さく頷く。%K%P
頬どころか耳まで真っ赤になりそうな勢いで、綾香さんが小さく頷く。%K%P
それを見つめて、なんとも言えない達成感とともに、今度は自分のためにプリンをすくった。%K%P
それを見つめて、なんとも言えない達成感とともに、今度は自分のためにプリンをすくった。%K%P
「あっ……」%K%P
「あっ……」%K%P
それを口に入れる直前、綾香さんが声をあげる。%K%P
それを口に入れる直前、綾香さんが声をあげる。%K%P
「どうかした？」%K%P
「どうかした？」%K%P
「その、えっと……」%K%P
「その、えっと……」%K%P
「……いずみさん、気付いてないの？」%K%P
「……いずみさん、気付いてないの？」%K%P
「ん……？」%K%P
「ん……？」%K%P
なんだろう、と思いながら首を傾げ、綾香さんの視線がスプーンに集中していることに気付く。%K%P
なんだろう、と思いながら首を傾げ、綾香さんの視線がスプーンに集中していることに気付く。%K%P
スプーン？　スプーン……。%K%P
スプーン？　スプーン……。%K%P
「……あっ」%K%P
「……あっ」%K%P
もしかしてさっきの、間接キスだったんじゃ……。%K%P
もしかしてさっきの、間接キスだったんじゃ……。%K%P
「えっと、その、さっきのやつはえっと、最初からそのつもりがあったとかじゃなくて……」%K%P
「えっと、その、さっきのやつはえっと、最初からそのつもりがあったとかじゃなくて……」%K%P
「え、ええ、もっ、もちろんわかってるわ」%K%P
「え、ええ、もっ、もちろんわかってるわ」%K%P
「第一、わたしがさっき指摘していれば、そもそも、そんなことにはならなかったわけだからっ……」%K%P
「第一、わたしがさっき指摘していれば、そもそも、そんなことにはならなかったわけだからっ……」%K%P
お互いしどろもどろで、なんとも言えない気まずい空気になってしまう。%K%P
お互いしどろもどろで、なんとも言えない気まずい空気になってしまう。%K%P
「……それに、わたしもイヤだったわけじゃないし、いずみさんが相手なら、むしろ、その……」%K%P
「……それに、わたしもイヤだったわけじゃないし、いずみさんが相手なら、むしろ、その……」%K%P
「そ、それって、えっと……」%K%P
「そ、それって、えっと……」%K%P
今の発言は、どう解釈すればいいんだろう。%K%P
今の発言は、どう解釈すればいいんだろう。%K%P
とりあえず、イヤじゃなかった、って言ってもらえて一安心ではあるんだけど……。%K%P
とりあえず、イヤじゃなかった、って言ってもらえて一安心ではあるんだけど……。%K%P
「とっ、ともかくごめんなさい。わたしが黙っていれば、いずみさんだって慌てずにすんだのに」%K%P
「とっ、ともかくごめんなさい。わたしが黙っていれば、いずみさんだって慌てずにすんだのに」%K%P
「それはそうなんだけど……」%K%P
「それはそうなんだけど……」%K%P
もともとは僕がちょっと意地悪な思いつきを実行に移したのが原因なわけだし。%K%P
もともとは僕がちょっと意地悪な思いつきを実行に移したのが原因なわけだし。%K%P
でも、ここでスプーンを洗ったり交換するのも、それはそれで綾香さんに失礼になってしまうような。%K%P
でも、ここでスプーンを洗ったり交換するのも、それはそれで綾香さんに失礼になってしまうような。%K%P
「気にしないで、いずみさん。そのまま食べて」%K%P
「気にしないで、いずみさん。そのまま食べて」%K%P
言われるまま、もう一度、プリンをすくう。%K%P
言われるまま、もう一度、プリンをすくう。%K%P
でも、手にしたスプーンは、確かに綾香さんの唇が触れたもので、これを口に入れるってことは、それはもう、かなり完璧な間接キスに――――、%K%P
でも、手にしたスプーンは、確かに綾香さんの唇が触れたもので、これを口に入れるってことは、それはもう、かなり完璧な間接キスに――――、%K%P
「あ……あむっ……」%K%P
「あ……あむっ……」%K%P
ドキドキしながら、プリンを口に運ぶ。%K%P
ドキドキしながら、プリンを口に運ぶ。%K%P
「お、美味しいなぁ、プリン……」%K%P
「お、美味しいなぁ、プリン……」%K%P
わざとらしいと知りつつ、それでも間が持たなくて、ついついそんなことを呟く。%K%P
わざとらしいと知りつつ、それでも間が持たなくて、ついついそんなことを呟く。%K%P
もちろん、味はさっきと変わらない。%K%P
もちろん、味はさっきと変わらない。%K%P
でも、綾香さんの唇に触れたスプーンで食べるプリン、というのは、なんかもう、僕のほうが溶けそうなぐらい、とてもとても、甘く感じた。%K%P
でも、綾香さんの唇に触れたスプーンで食べるプリン、というのは、なんかもう、僕のほうが溶けそうなぐらい、とてもとても、甘く感じた。%K%P
