「んっ……」%K%P
「んっ……」%K%P
寝返りをうったらふかふかで、心地良い感触に驚くような形で目を覚ます。%K%P
寝返りをうったらふかふかで、心地良い感触に驚くような形で目を覚ます。%K%P
「あれ、ここ……」%K%P
「あれ、ここ……」%K%P
「おはよう、いずみさん」%K%P
「おはよう、いずみさん」%K%P
「あ、ああ、おはよう」%K%P
「あ、ああ、おはよう」%K%P
ひょこっと現れた綾香さんの姿に、眠気が一気に吹っ飛んでしまう。%K%P
ひょこっと現れた綾香さんの姿に、眠気が一気に吹っ飛んでしまう。%K%P
「パジャマ、大丈夫だった？」%K%P
「パジャマ、大丈夫だった？」%K%P
「あ、うん。こんなに着心地がいいのは初めて」%K%P
「あ、うん。こんなに着心地がいいのは初めて」%K%P
女性物だからなのか、高級品だからなのか。%K%P
女性物だからなのか、高級品だからなのか。%K%P
おそらく、そのどちらもなんだろうけど。%K%P
おそらく、そのどちらもなんだろうけど。%K%P
「ふふっ、大きめのパジャマが好きで良かった」%K%P
「ふふっ、大きめのパジャマが好きで良かった」%K%P
「いずみさんが起きたこと、寮母さんに報せてくるわ。そうしたらラウンジでご飯を食べましょう」%K%P
「いずみさんが起きたこと、寮母さんに報せてくるわ。そうしたらラウンジでご飯を食べましょう」%K%P
「ラウンジで？」%K%P
「ラウンジで？」%K%P
「もちろん、寮生がみんな出た後でね。わたしも今朝は遅れてもいいって許可をもらっているから」%K%P
「もちろん、寮生がみんな出た後でね。わたしも今朝は遅れてもいいって許可をもらっているから」%K%P
「じゃあ、いずみさんは着替えておいて」%K%P
「じゃあ、いずみさんは着替えておいて」%K%P
綾香さんが部屋を出て行ったあと、言われた通り制服に着替えることにする。%K%P
綾香さんが部屋を出て行ったあと、言われた通り制服に着替えることにする。%K%P
昨日も着替えているから手順はなんとなくわかるけど、それでも少し時間がかかってしまう。%K%P
昨日も着替えているから手順はなんとなくわかるけど、それでも少し時間がかかってしまう。%K%P
綾香さんが戻る前に――――っと、よし、出来た。%K%P
綾香さんが戻る前に――――っと、よし、出来た。%K%P
「お待たせ、いずみさん。あと１０分ほど経ったら降りてきても大丈夫、って」%K%P
「お待たせ、いずみさん。あと１０分ほど経ったら降りてきても大丈夫、って」%K%P
「うん。綾香さん、制服、これでどうかな？」%K%P
「うん。綾香さん、制服、これでどうかな？」%K%P
不安だし、綾香さんにチェックしてもらおう。%K%P
不安だし、綾香さんにチェックしてもらおう。%K%P
「えっと……」%K%P
「えっと……」%K%P
「リボンがズレているわよ。それから{飾緒:しょくしょ}も」%K%P
「リボンがズレているわよ。それから{飾緒:しょくしょ}も」%K%P
「しょくしょ？」%K%P
「しょくしょ？」%K%P
「胸の飾り紐のこと」%K%P
「胸の飾り紐のこと」%K%P
「あ、ホントだ。慌てていたから、えっと……」%K%P
「あ、ホントだ。慌てていたから、えっと……」%K%P
「待って、わたしにやらせて」%K%P
「待って、わたしにやらせて」%K%P
「わっ……」%K%P
「わっ……」%K%P
綾香さんが近づいて、僕のリボンに手をかける。%K%P
綾香さんが近づいて、僕のリボンに手をかける。%K%P
「こっ、このぐらいなら自分で」%K%P
「こっ、このぐらいなら自分で」%K%P
「ダメよ。今日は大切な編入初日なんだもの。身なりはきちんとしないと」%K%P
「ダメよ。今日は大切な編入初日なんだもの。身なりはきちんとしないと」%K%P
「う、うん」%K%P
「う、うん」%K%P
たしかに第一印象は大切かもしれない。%K%P
たしかに第一印象は大切かもしれない。%K%P
「ほら、鏡の前に行きましょう？　深皇の制服にはいくつかコツがあるから、教えてあげるわ」%K%P
「ほら、鏡の前に行きましょう？　深皇の制服にはいくつかコツがあるから、教えてあげるわ」%K%P
言われるまま鏡台の前へ。%K%P
言われるまま鏡台の前へ。%K%P
鏡に映った女の子の自分を見るのは、まだまだ慣れないし、変な気持ちだ。%K%P
鏡に映った女の子の自分を見るのは、まだまだ慣れないし、変な気持ちだ。%K%P
「リボンはもう少し緩くしておいても大丈夫よ。あまりキツイと苦しくなるから」%K%P
「リボンはもう少し緩くしておいても大丈夫よ。あまりキツイと苦しくなるから」%K%P
「それから腰のベルトも、もう少し……」%K%P
「それから腰のベルトも、もう少し……」%K%P
綾香さんが慣れた手つきで僕の制服を整える。%K%P
綾香さんが慣れた手つきで僕の制服を整える。%K%P
「綾香さんって、お姉さんの他に弟か妹がいる？」%K%P
「綾香さんって、お姉さんの他に弟か妹がいる？」%K%P
「えっ？　どうして？」%K%P
「えっ？　どうして？」%K%P
「面倒見がいい、というか……こういうこと、手慣れているみたいだから」%K%P
「面倒見がいい、というか……こういうこと、手慣れているみたいだから」%K%P
「ああ、なるほどね」%K%P
「ああ、なるほどね」%K%P
「ご明察の通り、妹がいるの。ひとつ下よ」%K%P
「ご明察の通り、妹がいるの。ひとつ下よ」%K%P
「ということは、この学園に？」%K%P
「ということは、この学園に？」%K%P
「ええ。あの子も寮生だから、今日にでも紹介できると思うわ」%K%P
「ええ。あの子も寮生だから、今日にでも紹介できると思うわ」%K%P
綾香さんの妹か……。どんな子なんだろう。%K%P
綾香さんの妹か……。どんな子なんだろう。%K%P
「っと……こんな感じでどう？」%K%P
「っと……こんな感じでどう？」%K%P
「ありがとう、綾香さん」%K%P
「ありがとう、綾香さん」%K%P
ほとんど鏡を見ていただけだったけど、綾香さんのおかげで、コツのようなものは理解できた。%K%P
ほとんど鏡を見ていただけだったけど、綾香さんのおかげで、コツのようなものは理解できた。%K%P
「いずみさんは他でもない{歌姫:ディーバ}を務めるんだもの。身だしなみはきちんとしておかないと」%K%P
「いずみさんは他でもない{歌姫:ディーバ}を務めるんだもの。身だしなみはきちんとしておかないと」%K%P
「{歌姫:ディーバ}って、そんなに特別なの？」%K%P
「{歌姫:ディーバ}って、そんなに特別なの？」%K%P
「もちろん。わたしたち{騎士:ワルキュリア}候補生だけでなく、深皇の学生にとって守るべき象徴だもの」%K%P
「もちろん。わたしたち{騎士:ワルキュリア}候補生だけでなく、深皇の学生にとって守るべき象徴だもの」%K%P
そういえば初めて綾香さんに出会った時、姫に誓って、っていう言葉を使っていたっけ。%K%P
そういえば初めて綾香さんに出会った時、姫に誓って、っていう言葉を使っていたっけ。%K%P
ああいうとき誓うといえば神様が一般的だろうけど、この学園ではそれと同じぐらい、歌姫が敬われている、ってことかもしれない。%K%P
ああいうとき誓うといえば神様が一般的だろうけど、この学園ではそれと同じぐらい、歌姫が敬われている、ってことかもしれない。%K%P
――――って、あれ？　待てよ？%K%P
――――って、あれ？　待てよ？%K%P
「えっ？　綾香さんも{騎士:ワルキュリア}なの？」%K%P
「えっ？　綾香さんも{騎士:ワルキュリア}なの？」%K%P
「そうだけど……って、そういえば昨日は色々あって話しそびれていたわね」%K%P
「そうだけど……って、そういえば昨日は色々あって話しそびれていたわね」%K%P
「{騎士:ワルキュリア}候補生は、１年と２年の中から毎年１２人選抜されるの。基本的には、前年度の候補生が選んでいるのよ」%K%P
「{騎士:ワルキュリア}候補生は、１年と２年の中から毎年１２人選抜されるの。基本的には、前年度の候補生が選んでいるのよ」%K%P
「選抜理由は、成績が優秀だったり、部活動で活躍していたり、わりといろいろみたい」%K%P
「選抜理由は、成績が優秀だったり、部活動で活躍していたり、わりといろいろみたい」%K%P
「わたしは２年になってから選ばれたけど、候補生の中には２年連続で選ばれている人もいるわ」%K%P
「わたしは２年になってから選ばれたけど、候補生の中には２年連続で選ばれている人もいるわ」%K%P
「じゃあ、{歌姫:ディーバ}も同じように決めてるの？」%K%P
「じゃあ、{歌姫:ディーバ}も同じように決めてるの？」%K%P
「ええ。ただ、当然歌が上手いことが条件になるから、ある意味、候補生より選ぶのが難しいの」%K%P
「ええ。ただ、当然歌が上手いことが条件になるから、ある意味、候補生より選ぶのが難しいの」%K%P
「だから、１年で{歌姫:ディーバ}を務めた人がそのまま２年でも、というケースが候補生よりも多いみたい」%K%P
「だから、１年で{歌姫:ディーバ}を務めた人がそのまま２年でも、というケースが候補生よりも多いみたい」%K%P
「今回、辞退した{歌姫:ディーバ}の代役を探しても立候補者が現れなかったのは、そういう理由があったからかも」%K%P
「今回、辞退した{歌姫:ディーバ}の代役を探しても立候補者が現れなかったのは、そういう理由があったからかも」%K%P
「そっ、そんな役を、僕が……」%K%P
「そっ、そんな役を、僕が……」%K%P
「わ・た・し」%K%P
「わ・た・し」%K%P
「えっ？　な、なにっ？」%K%P
「えっ？　な、なにっ？」%K%P
「{歌姫:ディーバ}を務める女の子が、僕だなんて、さすがにマズいでしょう？」%K%P
「{歌姫:ディーバ}を務める女の子が、僕だなんて、さすがにマズいでしょう？」%K%P
「だから、わたし。ね？」%K%P
「だから、わたし。ね？」%K%P
「う、うん。わ、私、私……」%K%P
「う、うん。わ、私、私……」%K%P
まるで呪文のように繰り返す。%K%P
まるで呪文のように繰り返す。%K%P
「あっ、じゃあ、その……」%K%P
「あっ、じゃあ、その……」%K%P
「……胸、なくても平気かな？」%K%P
「……胸、なくても平気かな？」%K%P
綾香さんはスタイルがいいから、こうして並ぶと、とくに胸のなさが目立ってしまう、気がする。%K%P
綾香さんはスタイルがいいから、こうして並ぶと、とくに胸のなさが目立ってしまう、気がする。%K%P
「大丈夫よ。体型には個人差があるでしょう？」%K%P
「大丈夫よ。体型には個人差があるでしょう？」%K%P
「ただ、どうしてもいずみさんが気になるというのなら、何か詰め物を――」%K%P
「ただ、どうしてもいずみさんが気になるというのなら、何か詰め物を――」%K%P
「い、いいよいいよっ。おかしくないなら、このままでも」%K%P
「い、いいよいいよっ。おかしくないなら、このままでも」%K%P
「綾香ちゃん、いずみさん。入りますよ？」%K%P
「綾香ちゃん、いずみさん。入りますよ？」%K%P
「あっ、はい」%K%P
「あっ、はい」%K%P
「あら、まだ着替えている途中でしたか？」%K%P
「あら、まだ着替えている途中でしたか？」%K%P
室内に入ってきた女性は、僕たちを見てくすくすと楽しそうに微笑む。%K%P
室内に入ってきた女性は、僕たちを見てくすくすと楽しそうに微笑む。%K%P
「えっと、ぼ……じゃないっ、私は、このたび深皇学園に編入することになった――」%K%P
「えっと、ぼ……じゃないっ、私は、このたび深皇学園に編入することになった――」%K%P
「ええ、もちろん知ってますよ？」%K%P
「ええ、もちろん知ってますよ？」%K%P
「寮母の西條法子です。よろしくね、いずみさん」%K%P
「寮母の西條法子です。よろしくね、いずみさん」%K%P
「えっ？　法子って――」%K%P
「えっ？　法子って――」%K%P
「もっ、もしかして学園長ですか？」%K%P
「もっ、もしかして学園長ですか？」%K%P
「ええ、その通り」%K%P
「ええ、その通り」%K%P
「印象が違うから気付きませんでした……」%K%P
「印象が違うから気付きませんでした……」%K%P
「ふふっ。そういういずみさんも、すっかり可愛い女の子ですね？」%K%P
「ふふっ。そういういずみさんも、すっかり可愛い女の子ですね？」%K%P
「あ、いえ、その……」%K%P
「あ、いえ、その……」%K%P
女装姿を褒められた瞬間、わずかでも嬉しいと感じてしまったことが照れくさい。%K%P
女装姿を褒められた瞬間、わずかでも嬉しいと感じてしまったことが照れくさい。%K%P
「私は本来寮母で、学園長という役職はあくまでも代理なんです」%K%P
「私は本来寮母で、学園長という役職はあくまでも代理なんです」%K%P
「昨日と印象が違うのは、学園長でいるときの私が、少し気を張っているからでしょうね」%K%P
「昨日と印象が違うのは、学園長でいるときの私が、少し気を張っているからでしょうね」%K%P
「さすがに寮母と学園長を同じ態度で務めるわけにはいきませんから」%K%P
「さすがに寮母と学園長を同じ態度で務めるわけにはいきませんから」%K%P
「はぁ……」%K%P
「はぁ……」%K%P
感心と驚きから、思わず息が漏れた。%K%P
感心と驚きから、思わず息が漏れた。%K%P
「それにしても、寮母と学園長を兼任だなんて……すごい人だったんですね」%K%P
「それにしても、寮母と学園長を兼任だなんて……すごい人だったんですね」%K%P
「いえいえ。確かに最初は大変でしたけど、寮生のみなさんや職員の方々にも助けられて、どうにか」%K%P
「いえいえ。確かに最初は大変でしたけど、寮生のみなさんや職員の方々にも助けられて、どうにか」%K%P
「いずみさんも、なにか困った事があったら遠慮せずなんでも頼ってください」%K%P
「いずみさんも、なにか困った事があったら遠慮せずなんでも頼ってください」%K%P
「ありがとうございます。えっと……」%K%P
「ありがとうございます。えっと……」%K%P
「寮内であれば、寮母さんでも法子さんでも、好きなように呼んでください」%K%P
「寮内であれば、寮母さんでも法子さんでも、好きなように呼んでください」%K%P
「なら、法子さんで」%K%P
「なら、法子さんで」%K%P
綾香さんの他にも、僕の事情を知っている人が寮内にいるというのは心強い。%K%P
綾香さんの他にも、僕の事情を知っている人が寮内にいるというのは心強い。%K%P
……って、そっか。自分が寮母を務めていればこそ、僕が入寮することをすんなり受け入れたんだ。%K%P
……って、そっか。自分が寮母を務めていればこそ、僕が入寮することをすんなり受け入れたんだ。%K%P
「さあ、ラウンジにどうぞ。朝食を食べながら、今日の予定について説明させてください」%K%P
「さあ、ラウンジにどうぞ。朝食を食べながら、今日の予定について説明させてください」%K%P
「いずみさんには、これから全学生が集まる朝礼に出てもらう予定です」%K%P
「いずみさんには、これから全学生が集まる朝礼に出てもらう予定です」%K%P
「そこで、いずみさんが{歌姫:ディーバ}として深皇祭に参加するための編入生であることを説明します」%K%P
「そこで、いずみさんが{歌姫:ディーバ}として深皇祭に参加するための編入生であることを説明します」%K%P
「いきなり全学生の前で、ですか？」%K%P
「いきなり全学生の前で、ですか？」%K%P
「普通に編入しても、{歌姫:ディーバ}に推薦された時点で注目を浴びることは必至ですから」%K%P
「普通に編入しても、{歌姫:ディーバ}に推薦された時点で注目を浴びることは必至ですから」%K%P
「それなら先んじて学生たちに伝えてしまったほうが、結果的に騒がれることも少ないと思います」%K%P
「それなら先んじて学生たちに伝えてしまったほうが、結果的に騒がれることも少ないと思います」%K%P
「{歌姫:ディーバ}の１人が辞退したときも、いろいろな噂が流れて大変だったのよ」%K%P
「{歌姫:ディーバ}の１人が辞退したときも、いろいろな噂が流れて大変だったのよ」%K%P
「なんといっても、年頃の女の子たちですから」%K%P
「なんといっても、年頃の女の子たちですから」%K%P
「わ、わかりました」%K%P
「わ、わかりました」%K%P
いきなり全学生相手に自己紹介は緊張するけど、本番当日を考えれば、ここで日和ってもいられない。%K%P
いきなり全学生相手に自己紹介は緊張するけど、本番当日を考えれば、ここで日和ってもいられない。%K%P
最初が肝心というのもわかるし、朝礼であれば、学生たちからは遠目の挨拶になるはずだ。%K%P
最初が肝心というのもわかるし、朝礼であれば、学生たちからは遠目の挨拶になるはずだ。%K%P
初めての挨拶が距離をとって行えるというのは、女装している僕からするとありがたい。%K%P
初めての挨拶が距離をとって行えるというのは、女装している僕からするとありがたい。%K%P
「それで、いずみさんにひとつお願いがあるの」%K%P
「それで、いずみさんにひとつお願いがあるの」%K%P
「お願い？」%K%P
「お願い？」%K%P
「ええ。わたしは推薦者として、いずみさんと一緒に壇上に立つわ」%K%P
「ええ。わたしは推薦者として、いずみさんと一緒に壇上に立つわ」%K%P
「そこで、あなたに歌ってほしいの」%K%P
「そこで、あなたに歌ってほしいの」%K%P
「歌うのは構わないけど、いきなりは――」%K%P
「歌うのは構わないけど、いきなりは――」%K%P
「いきなりだからこそいいのよ。こういうのは第一印象が肝心だもの」%K%P
「いきなりだからこそいいのよ。こういうのは第一印象が肝心だもの」%K%P
「{歌姫:ディーバ}に求められるのは歌唱力。なら、歌って聞かせてしまうのが、なにより一番だから」%K%P
「{歌姫:ディーバ}に求められるのは歌唱力。なら、歌って聞かせてしまうのが、なにより一番だから」%K%P
そう言って、綾香さんはにこっと微笑んだ。%K%P
そう言って、綾香さんはにこっと微笑んだ。%K%P
学園に到着したあと、綾香さんに連れられて、こっそりと講堂の袖に移動する。%K%P
学園に到着したあと、綾香さんに連れられて、こっそりと講堂の袖に移動する。%K%P
壇上では、ちょうど学園長姿の法子さんが僕のことについて話始めるところだった。%K%P
壇上では、ちょうど学園長姿の法子さんが僕のことについて話始めるところだった。%K%P
「急な話ですが、本日はみなさんに新たな{歌姫:ディーバ}を紹介したいと思います」%K%P
「急な話ですが、本日はみなさんに新たな{歌姫:ディーバ}を紹介したいと思います」%K%P
学園長の言葉に、ホール内がざわつく。%K%P
学園長の言葉に、ホール内がざわつく。%K%P
「先日、深皇祭で{歌姫:ディーバ}を務める予定だった学生の１人が辞退を表明しました」%K%P
「先日、深皇祭で{歌姫:ディーバ}を務める予定だった学生の１人が辞退を表明しました」%K%P
「そのため、自薦他薦を問わず新たな{歌姫:ディーバ}を募集していたのはみなさんご存じの通りです」%K%P
「そのため、自薦他薦を問わず新たな{歌姫:ディーバ}を募集していたのはみなさんご存じの通りです」%K%P
「そんな中、２年の西條綾香さんより、{歌姫:ディーバ}の推薦がありました」%K%P
「そんな中、２年の西條綾香さんより、{歌姫:ディーバ}の推薦がありました」%K%P
「紹介します。このたび２年に編入することになった、塚原いずみさんです」%K%P
「紹介します。このたび２年に編入することになった、塚原いずみさんです」%K%P
編入という言葉のせいか、講堂内がにわかに騒がしくなる。%K%P
編入という言葉のせいか、講堂内がにわかに騒がしくなる。%K%P
「いきましょう、いずみさん」%K%P
「いきましょう、いずみさん」%K%P
付き添われる形で壇上の真ん中へ向かうと、綾香さんは僕と並ぶようにマイクの前に立った。%K%P
付き添われる形で壇上の真ん中へ向かうと、綾香さんは僕と並ぶようにマイクの前に立った。%K%P
「初めまして。塚原いずみ、です」%K%P
「初めまして。塚原いずみ、です」%K%P
緊張を抑えて搾り出した声は、マイクに拾われて、どうにか講堂に響き渡る。%K%P
緊張を抑えて搾り出した声は、マイクに拾われて、どうにか講堂に響き渡る。%K%P
お辞儀をしてから、僕は一旦綾香さんにマイクを譲った。%K%P
お辞儀をしてから、僕は一旦綾香さんにマイクを譲った。%K%P
「ごきげんよう、みなさん。２年の西條綾香です」%K%P
「ごきげんよう、みなさん。２年の西條綾香です」%K%P
「今回、わたしは新たな{歌姫:ディーバ}として、塚原いずみさんを推薦します」%K%P
「今回、わたしは新たな{歌姫:ディーバ}として、塚原いずみさんを推薦します」%K%P
「さきほど学園長の話にもあったように、深皇祭１ヶ月前である現在でも、{歌姫:ディーバ}は空位のままです」%K%P
「さきほど学園長の話にもあったように、深皇祭１ヶ月前である現在でも、{歌姫:ディーバ}は空位のままです」%K%P
「このまま{歌姫:ディーバ}が見つからなければ、深皇祭を完全な形で開催することが出来なくなってしまいます」%K%P
「このまま{歌姫:ディーバ}が見つからなければ、深皇祭を完全な形で開催することが出来なくなってしまいます」%K%P
「だから、わたしはずっと{歌姫:ディーバ}を探していました。そして出会ったのがいずみさんです」%K%P
「だから、わたしはずっと{歌姫:ディーバ}を探していました。そして出会ったのがいずみさんです」%K%P
「いずみさんの歌の素晴らしさは、言葉で語るよりも、聞いてもらったほうが早いと思います」%K%P
「いずみさんの歌の素晴らしさは、言葉で語るよりも、聞いてもらったほうが早いと思います」%K%P
「そうすればきっと、わたしが彼女を推薦した理由もわかってもらえる。……そう、信じています」%K%P
「そうすればきっと、わたしが彼女を推薦した理由もわかってもらえる。……そう、信じています」%K%P
綾香さんがそう言い切ると、講堂は静寂に満ちた。%K%P
綾香さんがそう言い切ると、講堂は静寂に満ちた。%K%P
「……さあ、いずみさん」%K%P
「……さあ、いずみさん」%K%P
改めてマイクの前に立つと、たくさんの視線がいっせいに僕を見つめた。%K%P
改めてマイクの前に立つと、たくさんの視線がいっせいに僕を見つめた。%K%P
萎縮しそうになる自分を鼓舞するため、ほんの少しだけ目を閉じ、小さく深呼吸をする。%K%P
萎縮しそうになる自分を鼓舞するため、ほんの少しだけ目を閉じ、小さく深呼吸をする。%K%P
「……今回、私は綾香さんの強い想いに打たれて、{歌姫:ディーバ}を引き受ける決心をしました」%K%P
「……今回、私は綾香さんの強い想いに打たれて、{歌姫:ディーバ}を引き受ける決心をしました」%K%P
「でも、いきなりそんなことを言われてもと、驚いている方が大半だと思います」%K%P
「でも、いきなりそんなことを言われてもと、驚いている方が大半だと思います」%K%P
そう。考えてみれば、この反応は当たり前。%K%P
そう。考えてみれば、この反応は当たり前。%K%P
いきなり知らない子がやってきて、学園の大切なイベントの主役級の役を務めるってなったんだから。%K%P
いきなり知らない子がやってきて、学園の大切なイベントの主役級の役を務めるってなったんだから。%K%P
綾香さんや法子さんの厚遇から、僕はいつのまにか、深皇学園の学生たちにも、歌姫として喜んで迎えられるような――――そんな気がしていた。%K%P
綾香さんや法子さんの厚遇から、僕はいつのまにか、深皇学園の学生たちにも、歌姫として喜んで迎えられるような――――そんな気がしていた。%K%P
けど、びっくりして戸惑うのが普通なんだ。%K%P
けど、びっくりして戸惑うのが普通なんだ。%K%P
「……正直、私もみなさんと同じ気持ちです」%K%P
「……正直、私もみなさんと同じ気持ちです」%K%P
「ですから、これから私の歌を聴いて、その上で、みなさんが判断してください」%K%P
「ですから、これから私の歌を聴いて、その上で、みなさんが判断してください」%K%P
「私が{歌姫:ディーバ}に相応しいか、どうかを」%K%P
「私が{歌姫:ディーバ}に相応しいか、どうかを」%K%P
そして僕は、マイクのスイッチを切った。%K%P
そして僕は、マイクのスイッチを切った。%K%P
目を閉じて、いつものリズムで呼吸を数回。%K%P
目を閉じて、いつものリズムで呼吸を数回。%K%P
難しいことをするわけじゃない。%K%P
難しいことをするわけじゃない。%K%P
いつものように、いつものように。%K%P
いつものように、いつものように。%K%P
声に想いを、旋律に願いを織るだけ。%K%P
声に想いを、旋律に願いを織るだけ。%K%P
僕を推薦してくれた綾香さんの恥にならぬように、いま自分にとって、最高の歌を――――。%K%P
僕を推薦してくれた綾香さんの恥にならぬように、いま自分にとって、最高の歌を――――。%K%P
「あぁ……」%K%P
「あぁ……」%K%P
歌声を紡いだ瞬間、すぐ隣に立つ綾香さんの吐息が聞こえて安堵してしまう。%K%P
歌声を紡いだ瞬間、すぐ隣に立つ綾香さんの吐息が聞こえて安堵してしまう。%K%P
表情を確かめる余裕はなかったけれど、その吐息は恍惚として、確かな喜色を帯びていた。%K%P
表情を確かめる余裕はなかったけれど、その吐息は恍惚として、確かな喜色を帯びていた。%K%P
静寂の講堂に、僕の歌声が満ちていく。%K%P
静寂の講堂に、僕の歌声が満ちていく。%K%P
「……ふぅ」%K%P
「……ふぅ」%K%P
歌い終わると、水を打ったような静けさが満ちた。%K%P
歌い終わると、水を打ったような静けさが満ちた。%K%P
そのなかに、やがて、ぽつぽつと拍手がうまれて。%K%P
そのなかに、やがて、ぽつぽつと拍手がうまれて。%K%P
それはやがて、心躍るような祝福の音となった。%K%P
それはやがて、心躍るような祝福の音となった。%K%P
「すごい……わたし、歌を聞いてこんなにドキドキしたの、はじめて……」%K%P
「すごい……わたし、歌を聞いてこんなにドキドキしたの、はじめて……」%K%P
「うん、私もっ……」%K%P
「うん、私もっ……」%K%P
「どうしよう、なんだか震えてきちゃった……」%K%P
「どうしよう、なんだか震えてきちゃった……」%K%P
拍手に混じって聞こえる感想の呟きに、なんとも言えず、照れくさくなる。%K%P
拍手に混じって聞こえる感想の呟きに、なんとも言えず、照れくさくなる。%K%P
だけど、素直で飾らない反応だからこそ、その言葉は拍手の音とともに、僕の胸に染みていった。%K%P
だけど、素直で飾らない反応だからこそ、その言葉は拍手の音とともに、僕の胸に染みていった。%K%P
「はぁ、あんな緊張、なかなかないよ……」%K%P
「はぁ、あんな緊張、なかなかないよ……」%K%P
朝礼が終わると、全身からどっと力が抜けていく。%K%P
朝礼が終わると、全身からどっと力が抜けていく。%K%P
「でも、本当に素敵な歌だったわ」%K%P
「でも、本当に素敵な歌だったわ」%K%P
「わたしの耳に間違いはなかった……といったら、自分の手柄にしたようでおこがましいけど」%K%P
「わたしの耳に間違いはなかった……といったら、自分の手柄にしたようでおこがましいけど」%K%P
「いずみさんにお願いして、本当に良かった」%K%P
「いずみさんにお願いして、本当に良かった」%K%P
「……ありがとう、綾香さん」%K%P
「……ありがとう、綾香さん」%K%P
何度聞いても、綾香さんの賞賛は照れくさい。%K%P
何度聞いても、綾香さんの賞賛は照れくさい。%K%P
「けど、本番は１ヶ月後だから」%K%P
「けど、本番は１ヶ月後だから」%K%P
「そうね。それまでしっかりと、わたしがいずみさんをフォローするわ」%K%P
「そうね。それまでしっかりと、わたしがいずみさんをフォローするわ」%K%P
「もっとも、あれだけインパクトある紹介をした以上、誰もあなたをおと――」%K%P
「もっとも、あれだけインパクトある紹介をした以上、誰もあなたをおと――」%K%P
「綾香っ！」%K%P
「綾香っ！」%K%P
「ひやっ？！」\n「はいっ？！」%K%P
「ひやっ？！」\n「はいっ？！」%K%P
いきなりの声に綾香さんと２人でびっくりしていると、小走りで駆け寄ってくる女の子がいた。%K%P
いきなりの声に綾香さんと２人でびっくりしていると、小走りで駆け寄ってくる女の子がいた。%K%P
「あっ、ああっ、なんだ美琴、おどかさないで」%K%P
「あっ、ああっ、なんだ美琴、おどかさないで」%K%P
「もう、びっくりしたのはこっちよ？　{歌姫:ディーバ}の推薦だけでも驚いたのに、それが編入生だなんて」%K%P
「もう、びっくりしたのはこっちよ？　{歌姫:ディーバ}の推薦だけでも驚いたのに、それが編入生だなんて」%K%P
「えっと……綾香さんの、お友達？」%K%P
「えっと……綾香さんの、お友達？」%K%P
「あっ、ごめんなさい。自己紹介もしないで」%K%P
「あっ、ごめんなさい。自己紹介もしないで」%K%P
「初めまして、あたしは二ノ宮美琴よ。よろしくね、いずみさん」%K%P
「初めまして、あたしは二ノ宮美琴よ。よろしくね、いずみさん」%K%P
「こちらこそ。ええと……私は塚原いずみ、です」%K%P
「こちらこそ。ええと……私は塚原いずみ、です」%K%P
心の中で、私、私と繰り返す。%K%P
心の中で、私、私と繰り返す。%K%P
まだまだ名乗り慣れていないから、意識しないと名前どころか一人称まで間違えちゃいそうだ。%K%P
まだまだ名乗り慣れていないから、意識しないと名前どころか一人称まで間違えちゃいそうだ。%K%P
「ごめんね、美琴。いずみさんの編入は急に決まったことだから話している時間もなくて」%K%P
「ごめんね、美琴。いずみさんの編入は急に決まったことだから話している時間もなくて」%K%P
「別に責めてないわよ？　ただ、幼馴染み相手にちょっと水くさいな、って思っただけ」%K%P
「別に責めてないわよ？　ただ、幼馴染み相手にちょっと水くさいな、って思っただけ」%K%P
「もう、立派に拗ねているじゃない」%K%P
「もう、立派に拗ねているじゃない」%K%P
「そう思うなら、ちゃーんと話を聞かせてよ？」%K%P
「そう思うなら、ちゃーんと話を聞かせてよ？」%K%P
「いいけど、じき授業が始まるし、またあとでね。いずみさんもそれでかまわない？」%K%P
「いいけど、じき授業が始まるし、またあとでね。いずみさんもそれでかまわない？」%K%P
「あ、う、うん」%K%P
「あ、う、うん」%K%P
いきなりの展開についていけない、というより、女の子同士の会話にうまく入っていけない。%K%P
いきなりの展開についていけない、というより、女の子同士の会話にうまく入っていけない。%K%P
「あっ、ごめんなさい。つい、いつもの調子で話してしまって」%K%P
「あっ、ごめんなさい。つい、いつもの調子で話してしまって」%K%P
「気にしないで、綾香さん」%K%P
「気にしないで、綾香さん」%K%P
法子さんと話しているところしか見た事がなかったから、美琴さん――――同年代の女の子と話す綾香さんは、なんだか新鮮だった。%K%P
法子さんと話しているところしか見た事がなかったから、美琴さん――――同年代の女の子と話す綾香さんは、なんだか新鮮だった。%K%P
「２人って仲がいいんだね」%K%P
「２人って仲がいいんだね」%K%P
「ええ。美琴とは子供の頃から一緒で、クラスもずっと同じだったから」%K%P
「ええ。美琴とは子供の頃から一緒で、クラスもずっと同じだったから」%K%P
「じゃあ、家が近所とか？」%K%P
「じゃあ、家が近所とか？」%K%P
「そう、家族ぐるみ。だから綾香だけじゃなく、法子さんや希実ちゃんとも付き合いは長いの」%K%P
「そう、家族ぐるみ。だから綾香だけじゃなく、法子さんや希実ちゃんとも付き合いは長いの」%K%P
「希実ちゃん……？」%K%P
「希実ちゃん……？」%K%P
「ほら、今朝話していた妹のこと」%K%P
「ほら、今朝話していた妹のこと」%K%P
「ああ」%K%P
「ああ」%K%P
そうだ。綾香さん、ひとつ下の妹がいる、って。%K%P
そうだ。綾香さん、ひとつ下の妹がいる、って。%K%P
「そういえば美琴、希実を見なかった？」%K%P
「そういえば美琴、希実を見なかった？」%K%P
「ううん。今朝は寮でも会わなかったけど」%K%P
「ううん。今朝は寮でも会わなかったけど」%K%P
「寮、ってことは……美琴さんも寮生なの？」%K%P
「寮、ってことは……美琴さんも寮生なの？」%K%P
「そうだけど……もしかして、いずみさんも？」%K%P
「そうだけど……もしかして、いずみさんも？」%K%P
「うん」%K%P
「うん」%K%P
「あれ？　でも、確かいま、寮に空き部屋は――」%K%P
「あれ？　でも、確かいま、寮に空き部屋は――」%K%P
「わたしの部屋が空いていたでしょう？」%K%P
「わたしの部屋が空いていたでしょう？」%K%P
「ああ、なるほど。そういえばそうね」%K%P
「ああ、なるほど。そういえばそうね」%K%P
「あたし、寮では綾香の隣の部屋だから。困った事があったらなんでも言って」%K%P
「あたし、寮では綾香の隣の部屋だから。困った事があったらなんでも言って」%K%P
「うん。よろしくね、美琴さん」%K%P
「うん。よろしくね、美琴さん」%K%P
「ええ、こちらこそ」%K%P
「ええ、こちらこそ」%K%P
いきなり駆け寄ってきたときは驚いたけど、美琴さんの雰囲気や口調に堅苦しさはない。%K%P
いきなり駆け寄ってきたときは驚いたけど、美琴さんの雰囲気や口調に堅苦しさはない。%K%P
寮では隣室だと言うし、美琴さんとも仲良くしていかなくっちゃ。%K%P
寮では隣室だと言うし、美琴さんとも仲良くしていかなくっちゃ。%K%P
法子さんの配慮もあり、在学中は綾香さんたちと同じクラスに席をおくことになった。%K%P
法子さんの配慮もあり、在学中は綾香さんたちと同じクラスに席をおくことになった。%K%P
インパクト抜群の朝礼のおかげか、クラスのみんなも僕を暖かく迎えてくれた――――までは、よかったんだけど。%K%P
インパクト抜群の朝礼のおかげか、クラスのみんなも僕を暖かく迎えてくれた――――までは、よかったんだけど。%K%P
「あぅ……」%K%P
「あぅ……」%K%P
すっごく落ち着かない。%K%P
すっごく落ち着かない。%K%P
女の子に囲まれて受ける授業が、こんなにそわそわするものだなんて思わなかった。%K%P
女の子に囲まれて受ける授業が、こんなにそわそわするものだなんて思わなかった。%K%P
黒板に書かれた内容はなんとか理解できるけど、それがちっとも頭に入ってこない。%K%P
黒板に書かれた内容はなんとか理解できるけど、それがちっとも頭に入ってこない。%K%P
世界史って、こんなにむずかしかったっけ……。%K%P
世界史って、こんなにむずかしかったっけ……。%K%P
「いずみさん」%K%P
「いずみさん」%K%P
「うぅ……」%K%P
「うぅ……」%K%P
「いずみさん、先生が呼んでるわよ」%K%P
「いずみさん、先生が呼んでるわよ」%K%P
「えっ？」%K%P
「えっ？」%K%P
僕の名を呼ぶ声に顔をあげると、こちらを心配そうに見つめる美琴さんと目があった。%K%P
僕の名を呼ぶ声に顔をあげると、こちらを心配そうに見つめる美琴さんと目があった。%K%P
「あっ、美琴さん」%K%P
「あっ、美琴さん」%K%P
「あたしよりも、ほら、先生の質問に答えて」%K%P
「あたしよりも、ほら、先生の質問に答えて」%K%P
「し、質問……！？」%K%P
「し、質問……！？」%K%P
しまった……！　あれこれ考えてたから、ぜんぜん聞いてなかった……！%K%P
しまった……！　あれこれ考えてたから、ぜんぜん聞いてなかった……！%K%P
どっ、どうしよう……。%K%P
どっ、どうしよう……。%K%P
「聖職叙任権をめぐってグレゴリウス７世と対立していたのは誰か、って」%K%P
「聖職叙任権をめぐってグレゴリウス７世と対立していたのは誰か、って」%K%P
「せ、せいしょく……な、えっ？」%K%P
「せ、せいしょく……な、えっ？」%K%P
「１２２ページ。ハインリヒ４世よ」%K%P
「１２２ページ。ハインリヒ４世よ」%K%P
「あっ、う、うん」%K%P
「あっ、う、うん」%K%P
慌てて教科書をめくり、そのまま立ち上がる。%K%P
慌てて教科書をめくり、そのまま立ち上がる。%K%P
「えっと、ハインリヒ４世、です」%K%P
「えっと、ハインリヒ４世、です」%K%P
「その通りです。塚原さん、ありがとう」%K%P
「その通りです。塚原さん、ありがとう」%K%P
「あ、は、はい」%K%P
「あ、は、はい」%K%P
ほっと胸を撫で下ろしつつ座ろうとして、スカートだったことを思い出し、お尻に手を添える。%K%P
ほっと胸を撫で下ろしつつ座ろうとして、スカートだったことを思い出し、お尻に手を添える。%K%P
「ふぅ……」%K%P
「ふぅ……」%K%P
「いずみさん、大丈夫？」%K%P
「いずみさん、大丈夫？」%K%P
「うん。なんとか」%K%P
「うん。なんとか」%K%P
緊張から全然まわりが見えてなかったけど、もしかして美琴さん、ずっと気にかけてくれてたのかな。%K%P
緊張から全然まわりが見えてなかったけど、もしかして美琴さん、ずっと気にかけてくれてたのかな。%K%P
だとしたら、すごく嬉しい。%K%P
だとしたら、すごく嬉しい。%K%P
「ぼんやりしていたようだけど、どこか具合でも悪いの？」%K%P
「ぼんやりしていたようだけど、どこか具合でも悪いの？」%K%P
「ううん。気疲れというか、緊張というか……」%K%P
「ううん。気疲れというか、緊張というか……」%K%P
「あぁ……確かに、朝からみんなの前で歌うなんて、大変なことだものね」%K%P
「あぁ……確かに、朝からみんなの前で歌うなんて、大変なことだものね」%K%P
「もし体調が優れないなら、あたしか綾香に言って。保健室まで案内するから」%K%P
「もし体調が優れないなら、あたしか綾香に言って。保健室まで案内するから」%K%P
そう言って、にこっと微笑んでくれる。%K%P
そう言って、にこっと微笑んでくれる。%K%P
綾香さんが引っ張ってくれる優しさだとするなら、美琴さんは支えてくれる優しさ、というか。%K%P
綾香さんが引っ張ってくれる優しさだとするなら、美琴さんは支えてくれる優しさ、というか。%K%P
授業中のちょっとした会話から、２人の仲が良い理由が、少しだけど見えた気がした。%K%P
授業中のちょっとした会話から、２人の仲が良い理由が、少しだけど見えた気がした。%K%P
「……ありがとう、美琴さん」%K%P
「……ありがとう、美琴さん」%K%P
「気にしないで。それよりほら、教科書」%K%P
「気にしないで。それよりほら、教科書」%K%P
余計な心配をかけるわけにもいかないし、今ので少しリラックスできたから、ここからは授業に集中だ。%K%P
余計な心配をかけるわけにもいかないし、今ので少しリラックスできたから、ここからは授業に集中だ。%K%P
休み時間になり、ホッと一息つく間もなく。%K%P
休み時間になり、ホッと一息つく間もなく。%K%P
「ねえいずみさん、編入ってことは以前は違う学園にいたのよね？」%K%P
「ねえいずみさん、編入ってことは以前は違う学園にいたのよね？」%K%P
「あれだけ歌が上手ってことは、やはり、小さな頃から習われていたの？」%K%P
「あれだけ歌が上手ってことは、やはり、小さな頃から習われていたの？」%K%P
「綾香さんの推薦ということだけど、２人は以前からの知り合い？　それとも、なにかご縁があって？」%K%P
「綾香さんの推薦ということだけど、２人は以前からの知り合い？　それとも、なにかご縁があって？」%K%P
チャイムが鳴った途端、僕のまわりにわわっと集まった女の子からの質問攻撃が始まった。%K%P
チャイムが鳴った途端、僕のまわりにわわっと集まった女の子からの質問攻撃が始まった。%K%P
「その、えっと……」%K%P
「その、えっと……」%K%P
「もう、みんな。そんなに質問攻めにしたら、いずみさんが何から答えていいかわからないでしょ？」%K%P
「もう、みんな。そんなに質問攻めにしたら、いずみさんが何から答えていいかわからないでしょ？」%K%P
「そうそう。興味があるのはあたしも同じだけど、それでも、いずみさんを困らせないようにしないと」%K%P
「そうそう。興味があるのはあたしも同じだけど、それでも、いずみさんを困らせないようにしないと」%K%P
「あっ、そうね。ごめんなさい、いずみさん」%K%P
「あっ、そうね。ごめんなさい、いずみさん」%K%P
「ううん、それは大丈夫なんだけど……」%K%P
「ううん、それは大丈夫なんだけど……」%K%P
矢継ぎ早の質問に困っていたというより、勢いに圧倒された、というが事実だったりする。%K%P
矢継ぎ早の質問に困っていたというより、勢いに圧倒された、というが事実だったりする。%K%P
いきなり取り囲まれて驚いたけど、女の子同士だと、このぐらいの距離感が普通なのかもしれない。%K%P
いきなり取り囲まれて驚いたけど、女の子同士だと、このぐらいの距離感が普通なのかもしれない。%K%P
「で？　いずみさん、綾香との馴れそめは？」%K%P
「で？　いずみさん、綾香との馴れそめは？」%K%P
「ちょっ、ちょっと美琴っ！？」%K%P
「ちょっ、ちょっと美琴っ！？」%K%P
「知り合ったのって最近なんでしょ？　２人の距離感は昔なじみ、って感じもしないし」%K%P
「知り合ったのって最近なんでしょ？　２人の距離感は昔なじみ、って感じもしないし」%K%P
「それに、いずみさんほど歌の上手い人がいれば、もっと早く綾香も話題に出していただろうから」%K%P
「それに、いずみさんほど歌の上手い人がいれば、もっと早く綾香も話題に出していただろうから」%K%P
うっ、美琴さん、鋭い……。%K%P
うっ、美琴さん、鋭い……。%K%P
「そ、そうね。いずみさんと知り合ったのは、わりと最近なの」%K%P
「そ、そうね。いずみさんと知り合ったのは、わりと最近なの」%K%P
「う、うん。ええと、偶然、僕の――」%K%P
「う、うん。ええと、偶然、僕の――」%K%P
「い、いずみさんっ」%K%P
「い、いずみさんっ」%K%P
「あ、いや、その……ぼ、ボックス席！　偶然、私の歌を、綾香さんがボックス席で聴いていて」%K%P
「あ、いや、その……ぼ、ボックス席！　偶然、私の歌を、綾香さんがボックス席で聴いていて」%K%P
「ボックス席、って……いずみさん、劇場で公演した経験があるの？」%K%P
「ボックス席、って……いずみさん、劇場で公演した経験があるの？」%K%P
「う、うん。数えるほど、だけど……」%K%P
「う、うん。数えるほど、だけど……」%K%P
留学中に劇場に立たせてもらったこともあるから、一応、嘘じゃない、はず。%K%P
留学中に劇場に立たせてもらったこともあるから、一応、嘘じゃない、はず。%K%P
第一、街角で歌ってました、なんて言えないし。%K%P
第一、街角で歌ってました、なんて言えないし。%K%P
「すごいのね、いずみさん」%K%P
「すごいのね、いずみさん」%K%P
「でも、あの歌声を聞いた後だと、驚くよりも納得、という感じだわ」%K%P
「でも、あの歌声を聞いた後だと、驚くよりも納得、という感じだわ」%K%P
「うんうん、わたしもあれですっかりいずみさんのファンになっちゃったし」%K%P
「うんうん、わたしもあれですっかりいずみさんのファンになっちゃったし」%K%P
「あ、ありがとう」%K%P
「あ、ありがとう」%K%P
「ほら、みんな。じき次の授業が始まるし、お話はまたの機会に、ね？」%K%P
「ほら、みんな。じき次の授業が始まるし、お話はまたの機会に、ね？」%K%P
「っと、そうね。続きはまたあとで」%K%P
「っと、そうね。続きはまたあとで」%K%P
「うん。ごめんなさい、いきなりあれこれ聞いて」%K%P
「うん。ごめんなさい、いきなりあれこれ聞いて」%K%P
「懲りずにまたお話を聞かせてね、いずみさん」%K%P
「懲りずにまたお話を聞かせてね、いずみさん」%K%P
綾香さんと美琴さんが話を区切ってくれたおかげで、女の子たちが自分の席へ戻っていく。%K%P
綾香さんと美琴さんが話を区切ってくれたおかげで、女の子たちが自分の席へ戻っていく。%K%P
同時にチャイムが聞こえたけど、僕にはそれがまるで、ラウンド終了を報せるゴングのように聞こえた。%K%P
同時にチャイムが聞こえたけど、僕にはそれがまるで、ラウンド終了を報せるゴングのように聞こえた。%K%P
「いずみさん、どう？　慣れそう？」%K%P
「いずみさん、どう？　慣れそう？」%K%P
「あっ……ああ、うん。なんとか」%K%P
「あっ……ああ、うん。なんとか」%K%P
昼休みになり、今度こそ、ホッと一息。%K%P
昼休みになり、今度こそ、ホッと一息。%K%P
「大丈夫？　疲れているように見えるけど……」%K%P
「大丈夫？　疲れているように見えるけど……」%K%P
「勉強はなんとかなりそうなんだけど……休み時間のたびに質問攻めは、ちょっとね」%K%P
「勉強はなんとかなりそうなんだけど……休み時間のたびに質問攻めは、ちょっとね」%K%P
チャイムが鳴ると自分のまわりに輪が出来るから、授業中のほうが安心だったぐらいだ。%K%P
チャイムが鳴ると自分のまわりに輪が出来るから、授業中のほうが安心だったぐらいだ。%K%P
「少しの間こんな感じが続くかもしれないけど、じき治まるから。ちょっとだけ辛抱してね」%K%P
「少しの間こんな感じが続くかもしれないけど、じき治まるから。ちょっとだけ辛抱してね」%K%P
「大丈夫。ただ、ちょっと圧倒されちゃって」%K%P
「大丈夫。ただ、ちょっと圧倒されちゃって」%K%P
「女の子は女の子同士だと遠慮がないから」%K%P
「女の子は女の子同士だと遠慮がないから」%K%P
小声で打ち明ける僕に綾香さんが苦笑する。%K%P
小声で打ち明ける僕に綾香さんが苦笑する。%K%P
「お昼休みだけど、食欲はある？」%K%P
「お昼休みだけど、食欲はある？」%K%P
「なら、ランチにいきましょう。深皇の食堂は、とっても評判が良いの」%K%P
「なら、ランチにいきましょう。深皇の食堂は、とっても評判が良いの」%K%P
「綾香、いずみさん。ご一緒してもいい？」%K%P
「綾香、いずみさん。ご一緒してもいい？」%K%P
「ええ、もちろん」%K%P
「ええ、もちろん」%K%P
「うわ、すごいね……」%K%P
「うわ、すごいね……」%K%P
案内された食堂の広さと雰囲気に圧倒される。%K%P
案内された食堂の広さと雰囲気に圧倒される。%K%P
学生の数も多くて賑やかだけど、必要以上に騒がしくないあたり、なんとも気品があるというか。%K%P
学生の数も多くて賑やかだけど、必要以上に騒がしくないあたり、なんとも気品があるというか。%K%P
「お弁当を持参してもいいんだけど、食堂が美味しいから、基本的にはみんな食堂で食べるの」%K%P
「お弁当を持参してもいいんだけど、食堂が美味しいから、基本的にはみんな食堂で食べるの」%K%P
「うん、匂いだけでも美味しいってわかるよ」%K%P
「うん、匂いだけでも美味しいってわかるよ」%K%P
朝からの緊張がほぐれちゃうぐらい、ただよう匂いがお腹を刺激してくる。%K%P
朝からの緊張がほぐれちゃうぐらい、ただよう匂いがお腹を刺激してくる。%K%P
綾香さんたちに注文の仕方を教わりつつ、無事、お昼ご飯を確保する。%K%P
綾香さんたちに注文の仕方を教わりつつ、無事、お昼ご飯を確保する。%K%P
メインは日替わりランチで、和食と洋食の２種類（日によっては３種類の場合もあるらしい）から選べるので、僕は和食にした。%K%P
メインは日替わりランチで、和食と洋食の２種類（日によっては３種類の場合もあるらしい）から選べるので、僕は和食にした。%K%P
他にも麺類やサンドイッチが並んでいるので、目移りすることはあっても、食べたいものがない、なんてことはなさそうだ。%K%P
他にも麺類やサンドイッチが並んでいるので、目移りすることはあっても、食べたいものがない、なんてことはなさそうだ。%K%P
あと、テイクアウトできるメニューもあって、天気が良ければ外で食べることも出来るんだとか。%K%P
あと、テイクアウトできるメニューもあって、天気が良ければ外で食べることも出来るんだとか。%K%P
「美味しい……」%K%P
「美味しい……」%K%P
大根と白身魚の煮付けはよく煮込まれていて、軽く箸を通しただけで崩れるようにほぐれてしまう。%K%P
大根と白身魚の煮付けはよく煮込まれていて、軽く箸を通しただけで崩れるようにほぐれてしまう。%K%P
「それ、隠れた人気メニューなのよ」%K%P
「それ、隠れた人気メニューなのよ」%K%P
「うん、これは確かに納得……」%K%P
「うん、これは確かに納得……」%K%P
一口ごとに午前中の疲れが癒やされてしまう。%K%P
一口ごとに午前中の疲れが癒やされてしまう。%K%P
「こういう本格的な和食を食べると、日本に帰ってきたって気になるなぁ……」%K%P
「こういう本格的な和食を食べると、日本に帰ってきたって気になるなぁ……」%K%P
「帰って来たって……どういうこと？」%K%P
「帰って来たって……どういうこと？」%K%P
「あっ、え、ええと……」%K%P
「あっ、え、ええと……」%K%P
「いずみさん、ついこの間まで留学していたの。それもあって、編入がこのタイミングになって」%K%P
「いずみさん、ついこの間まで留学していたの。それもあって、編入がこのタイミングになって」%K%P
「あ、なるほど。おかしな時期だと思っていたけど、そういう理由もあったわけね」%K%P
「あ、なるほど。おかしな時期だと思っていたけど、そういう理由もあったわけね」%K%P
「それなら、留学っていうのは声楽方面？」%K%P
「それなら、留学っていうのは声楽方面？」%K%P
「う、うん。そうだけど、どうしてそう思うの？」%K%P
「う、うん。そうだけど、どうしてそう思うの？」%K%P
「だって、あんなに素敵な歌声なんだもの。それで留学といったら、やっぱり音楽関係かなって」%K%P
「だって、あんなに素敵な歌声なんだもの。それで留学といったら、やっぱり音楽関係かなって」%K%P
「それにさっき、劇場で公演したこともあるって」%K%P
「それにさっき、劇場で公演したこともあるって」%K%P
「あ、そっか……」%K%P
「あ、そっか……」%K%P
理由を聞けば納得だけど、いきなり言い当てられるとドキっとしてしまう。%K%P
理由を聞けば納得だけど、いきなり言い当てられるとドキっとしてしまう。%K%P
「……なんだか美琴さん、探偵みたい」%K%P
「……なんだか美琴さん、探偵みたい」%K%P
「ふふっ、こんな推理は初歩の初歩よ？」%K%P
「ふふっ、こんな推理は初歩の初歩よ？」%K%P
まんざらでもない様子で美琴さんが笑う。%K%P
まんざらでもない様子で美琴さんが笑う。%K%P
さっきも思ったけど、美琴さんって鋭い。%K%P
さっきも思ったけど、美琴さんって鋭い。%K%P
美琴さんに限らず女の子の勘は鋭いっていうし、食事の間も油断しないように気を付けなくっちゃ。%K%P
美琴さんに限らず女の子の勘は鋭いっていうし、食事の間も油断しないように気を付けなくっちゃ。%K%P
編入初日ということもあり、放課後は綾香さんが校舎内を案内してくれることになった。%K%P
編入初日ということもあり、放課後は綾香さんが校舎内を案内してくれることになった。%K%P
「で、あそこが図書室。このまま真っ直ぐいくと講堂に出るのは、いずみさんも知ってるわよね？」%K%P
「で、あそこが図書室。このまま真っ直ぐいくと講堂に出るのは、いずみさんも知ってるわよね？」%K%P
思った以上に広い校舎は、作り自体にも余裕があるせいか、まるで窮屈さを感じない。%K%P
思った以上に広い校舎は、作り自体にも余裕があるせいか、まるで窮屈さを感じない。%K%P
「っと……ちょっと、ここで待っていてくれる？」%K%P
「っと……ちょっと、ここで待っていてくれる？」%K%P
「えっ？　いいけど、どうして？」%K%P
「えっ？　いいけど、どうして？」%K%P
「だから、その……お手洗い」%K%P
「だから、その……お手洗い」%K%P
「あっ、うん。どっ、どうぞどうぞ」%K%P
「あっ、うん。どっ、どうぞどうぞ」%K%P
言わせてしまった感じがして申し訳なくなる。%K%P
言わせてしまった感じがして申し訳なくなる。%K%P
「一応聞くけど、いずみさんは大丈夫……？」%K%P
「一応聞くけど、いずみさんは大丈夫……？」%K%P
「そっ、そりゃもうすっごく大丈夫だから」%K%P
「そっ、そりゃもうすっごく大丈夫だから」%K%P
僕が頷くと、綾香さんがそそくさと立ち去る。%K%P
僕が頷くと、綾香さんがそそくさと立ち去る。%K%P
そうしてひとりで立っていると、案内して貰ったばかりの図書室から女の子が１人出てきた。%K%P
そうしてひとりで立っていると、案内して貰ったばかりの図書室から女の子が１人出てきた。%K%P
「うわ、大丈夫かな……」%K%P
「うわ、大丈夫かな……」%K%P
両手に持った何冊もの本は、いかにも重そうだ。%K%P
両手に持った何冊もの本は、いかにも重そうだ。%K%P
両手でしっかり本を支えてはいるけど、足取りは心許なくて、いまにも転んでしまそうな――――、%K%P
両手でしっかり本を支えてはいるけど、足取りは心許なくて、いまにも転んでしまそうな――――、%K%P
「あっ」%K%P
「あっ」%K%P
「にゃっ、ひゃぶっ？！」%K%P
「にゃっ、ひゃぶっ？！」%K%P
可愛らしい悲鳴と共にドサドサっと本が散らばったので、慌てて駆け寄る。%K%P
可愛らしい悲鳴と共にドサドサっと本が散らばったので、慌てて駆け寄る。%K%P
「大丈夫っ？」%K%P
「大丈夫っ？」%K%P
「は、はい、私はなんとか……」%K%P
「は、はい、私はなんとか……」%K%P
「って、えっ、うそ、いずみ様……！？」%K%P
「って、えっ、うそ、いずみ様……！？」%K%P
「あ、うん、そうだけど……」%K%P
「あ、うん、そうだけど……」%K%P
いきなりいずみ様、なんて呼ばれて驚いてしまう。%K%P
いきなりいずみ様、なんて呼ばれて驚いてしまう。%K%P
そういえば昨日、上級生には様をつけるって綾香さんが言ってたけど……こうして実際に呼ばれると、なんともこそばゆい。%K%P
そういえば昨日、上級生には様をつけるって綾香さんが言ってたけど……こうして実際に呼ばれると、なんともこそばゆい。%K%P
「でも、どうして私のことを？」%K%P
「でも、どうして私のことを？」%K%P
「朝礼の時、ご挨拶されていたので」%K%P
「朝礼の時、ご挨拶されていたので」%K%P
あの朝礼は僕の存在を全学生に報せる意味もあるって、法子さんが言ってたっけ。%K%P
あの朝礼は僕の存在を全学生に報せる意味もあるって、法子さんが言ってたっけ。%K%P
「っと、私のことはさておき、ほんとに大丈夫？　怪我とかしてない？」%K%P
「っと、私のことはさておき、ほんとに大丈夫？　怪我とかしてない？」%K%P
「はい。お尻はうっちゃいましたけど、このぐらいだったら平気です」%K%P
「はい。お尻はうっちゃいましたけど、このぐらいだったら平気です」%K%P
「良かった……。あ、拾うの手伝うね」%K%P
「良かった……。あ、拾うの手伝うね」%K%P
「そんなそんなっ。私だけでも大丈夫ですから」%K%P
「そんなそんなっ。私だけでも大丈夫ですから」%K%P
「いいのいいの。このぐらい遠慮しないでも」%K%P
「いいのいいの。このぐらい遠慮しないでも」%K%P
「あっ、ありがとうございます……」%K%P
「あっ、ありがとうございます……」%K%P
転んだことが恥ずかしいのか、頬を少し赤らめた女の子と一緒に、落ちてしまった本を拾う。%K%P
転んだことが恥ずかしいのか、頬を少し赤らめた女の子と一緒に、落ちてしまった本を拾う。%K%P
「っと、これで全部かな」%K%P
「っと、これで全部かな」%K%P
拾った本を、改めて彼女が両手で持つ。%K%P
拾った本を、改めて彼女が両手で持つ。%K%P
「ありがとうございます、いずみ様」%K%P
「ありがとうございます、いずみ様」%K%P
「本当なら運ぶのも手伝いたいんだけど、動かないで、って言われてるから」%K%P
「本当なら運ぶのも手伝いたいんだけど、動かないで、って言われてるから」%K%P
ここで僕が勝手にいなくなってしまったら、綾香さんを困らせてしまう。%K%P
ここで僕が勝手にいなくなってしまったら、綾香さんを困らせてしまう。%K%P
「いえ、大丈夫です。足元が見えないせいで、ちょっと躓いてしまって」%K%P
「いえ、大丈夫です。足元が見えないせいで、ちょっと躓いてしまって」%K%P
「あ、なるほど。そういうことなら――」%K%P
「あ、なるほど。そういうことなら――」%K%P
彼女が持っている本の積み方を少し直して、と。%K%P
彼女が持っている本の積み方を少し直して、と。%K%P
「これでどう？　少し見やすくなったと思うけど」%K%P
「これでどう？　少し見やすくなったと思うけど」%K%P
「わっ、すごい。これなら大丈夫ですっ」%K%P
「わっ、すごい。これなら大丈夫ですっ」%K%P
「良かった」%K%P
「良かった」%K%P
にこっと笑う彼女を見て、こっちまで嬉しくなる。%K%P
にこっと笑う彼女を見て、こっちまで嬉しくなる。%K%P
「では、失礼します。本当にありがとうございました、いずみ様」%K%P
「では、失礼します。本当にありがとうございました、いずみ様」%K%P
そう言った彼女はさっきと同じように廊下をちょこちょこと歩きながら、僕に何度もお辞儀を――――、%K%P
そう言った彼女はさっきと同じように廊下をちょこちょこと歩きながら、僕に何度もお辞儀を――――、%K%P
「わわっ、危ないから前見て、前っ」%K%P
「わわっ、危ないから前見て、前っ」%K%P
「あっ、はいっ！」%K%P
「あっ、はいっ！」%K%P
言われて気付いたのか、今度はしっかり前を向く。%K%P
言われて気付いたのか、今度はしっかり前を向く。%K%P
その姿が廊下の曲がり角で見えなくなるまで、その背中をぼんやり眺めてしまった。%K%P
その姿が廊下の曲がり角で見えなくなるまで、その背中をぼんやり眺めてしまった。%K%P
……ん？　そういえば僕も、なにか、荷物を運ばなきゃいけない用があったような――――、%K%P
……ん？　そういえば僕も、なにか、荷物を運ばなきゃいけない用があったような――――、%K%P
「……あっ、そうだ！　駅前のロッカー……！」%K%P
「……あっ、そうだ！　駅前のロッカー……！」%K%P
「はぁ、思い出して良かった……」%K%P
「はぁ、思い出して良かった……」%K%P
あのあと、戻ってきた綾香さんに事情を伝えて、制服のまま駅前までやってきた。%K%P
あのあと、戻ってきた綾香さんに事情を伝えて、制服のまま駅前までやってきた。%K%P
実際になったことはないけど、ロッカーの荷物って預けっぱなしだと回収されちゃうっていうし。%K%P
実際になったことはないけど、ロッカーの荷物って預けっぱなしだと回収されちゃうっていうし。%K%P
「確か、ロッカーはこっちの……」%K%P
「確か、ロッカーはこっちの……」%K%P
「あの、塚原いずみ様ですか？」%K%P
「あの、塚原いずみ様ですか？」%K%P
「えっ？　あ、は、はい、そうですけど……」%K%P
「えっ？　あ、は、はい、そうですけど……」%K%P
声に振り向くと、女の子が３人立っていた。%K%P
声に振り向くと、女の子が３人立っていた。%K%P
深皇の制服を着ているけど、顔に見覚えはない。%K%P
深皇の制服を着ているけど、顔に見覚えはない。%K%P
「良かった、間違いじゃなくて」%K%P
「良かった、間違いじゃなくて」%K%P
「ねっ？　やっぱりいずみ様だったでしょう？」%K%P
「ねっ？　やっぱりいずみ様だったでしょう？」%K%P
「すごいすごい、こんなところで会えちゃうなんて！」%K%P
「すごいすごい、こんなところで会えちゃうなんて！」%K%P
「あ、あの、えっと……？」%K%P
「あ、あの、えっと……？」%K%P
３人組の女の子が、なんとも嬉しそうに盛り上がっているのは……これ、僕と話してる、から？%K%P
３人組の女の子が、なんとも嬉しそうに盛り上がっているのは……これ、僕と話してる、から？%K%P
「あっ、申し訳ありません。急に声をかけて」%K%P
「あっ、申し訳ありません。急に声をかけて」%K%P
「ただ、どうしても朝礼で聞いた素敵な歌のお礼を伝えたいって、この子が」%K%P
「ただ、どうしても朝礼で聞いた素敵な歌のお礼を伝えたいって、この子が」%K%P
「あっ、ズルい。りーちゃんだって、お話したいって言ったのに！」%K%P
「あっ、ズルい。りーちゃんだって、お話したいって言ったのに！」%K%P
「そうそう、一番話したがってたのりーちゃんでしょ？」%K%P
「そうそう、一番話したがってたのりーちゃんでしょ？」%K%P
「わわわっ、ち、ちがっ、そんな、それじゃ私がまるでミーハーみたいじゃないっ！？」%K%P
「わわわっ、ち、ちがっ、そんな、それじゃ私がまるでミーハーみたいじゃないっ！？」%K%P
「あ、あの……？」%K%P
「あ、あの……？」%K%P
「あっ、すみません！　いきなりその……えっと、とにかく、深皇祭がんばってください！」%K%P
「あっ、すみません！　いきなりその……えっと、とにかく、深皇祭がんばってください！」%K%P
「くださいっ！」%K%P
「くださいっ！」%K%P
「あ、う、うん。ありがとう」%K%P
「あ、う、うん。ありがとう」%K%P
思わず恐縮したけど、声をかけてきた理由がわかってホッとする。%K%P
思わず恐縮したけど、声をかけてきた理由がわかってホッとする。%K%P
「あ、あの、ごめんね？　せっかく声をかけてくれて嬉しいんだけど、私、用事があって……」%K%P
「あ、あの、ごめんね？　せっかく声をかけてくれて嬉しいんだけど、私、用事があって……」%K%P
「あっ、すみません。じゃあ、わたしたちこれで失礼しますっ」%K%P
「あっ、すみません。じゃあ、わたしたちこれで失礼しますっ」%K%P
「ごきげんよう、いずみ様っ！」%K%P
「ごきげんよう、いずみ様っ！」%K%P
「わたしたち、いずみ様のファンですからっ！」%K%P
「わたしたち、いずみ様のファンですからっ！」%K%P
「あっ、うん。ご、ごきげんよう……」%K%P
「あっ、うん。ご、ごきげんよう……」%K%P
あっけにとられる僕をよそに、３人組の女の子は嵐のように過ぎ去ってしまった。%K%P
あっけにとられる僕をよそに、３人組の女の子は嵐のように過ぎ去ってしまった。%K%P
「はぁ、びっくりした……」%K%P
「はぁ、びっくりした……」%K%P
まさか学外でまで声をかけられるとは思ってなかったけど、それだけ僕――――というか、{歌姫:ディーバ}が注目をされてる、ってことなのかもしれない。%K%P
まさか学外でまで声をかけられるとは思ってなかったけど、それだけ僕――――というか、{歌姫:ディーバ}が注目をされてる、ってことなのかもしれない。%K%P
そういえばさっき本を運んでいた子も、名乗る前から僕の名前を知っていたし。%K%P
そういえばさっき本を運んでいた子も、名乗る前から僕の名前を知っていたし。%K%P
ふと気になってまわりを見渡すと、深皇の制服を着ている女の子たちが、ちらほらと見える。%K%P
ふと気になってまわりを見渡すと、深皇の制服を着ている女の子たちが、ちらほらと見える。%K%P
みんながみんな、さっきの女の子たちのようだとは限らないけど、あんなのが続いたら大変だ。%K%P
みんながみんな、さっきの女の子たちのようだとは限らないけど、あんなのが続いたら大変だ。%K%P
「早く荷物を回収しちゃおうっ……」%K%P
「早く荷物を回収しちゃおうっ……」%K%P
怪しくない程度に目立たないようこそこそしながら、僕は昨日のロッカーのところへ急いだ。%K%P
怪しくない程度に目立たないようこそこそしながら、僕は昨日のロッカーのところへ急いだ。%K%P
「いずみさん、おかえりなさい」%K%P
「いずみさん、おかえりなさい」%K%P
「あぁ、ただいま、法子さん……」%K%P
「あぁ、ただいま、法子さん……」%K%P
どうにか寮に戻ると、出迎えてくれた法子さんの一言でどっと力が抜けた。%K%P
どうにか寮に戻ると、出迎えてくれた法子さんの一言でどっと力が抜けた。%K%P
「お疲れのようですけど、大丈夫ですか？」%K%P
「お疲れのようですけど、大丈夫ですか？」%K%P
「はい、なんとか。ただ、女の子ってホントすごいなぁ、って思って」%K%P
「はい、なんとか。ただ、女の子ってホントすごいなぁ、って思って」%K%P
「ふふっ、年頃の子はとくにそうですからね」%K%P
「ふふっ、年頃の子はとくにそうですからね」%K%P
「でも、いずみさんも女の子だってこと、お忘れなく」%K%P
「でも、いずみさんも女の子だってこと、お忘れなく」%K%P
たしかに法子さんの言う通りなんだけど、まだまだ馴染めないことのほうが多すぎる。%K%P
たしかに法子さんの言う通りなんだけど、まだまだ馴染めないことのほうが多すぎる。%K%P
「ともかく、じき夕食の時間ですから、荷物をお部屋に置いてきてください」%K%P
「ともかく、じき夕食の時間ですから、荷物をお部屋に置いてきてください」%K%P
「あっ、そうそう。いずみさんの私服や部屋着も、お部屋に用意させてもらいましたから、好きなのを選んで着てくださいね」%K%P
「あっ、そうそう。いずみさんの私服や部屋着も、お部屋に用意させてもらいましたから、好きなのを選んで着てくださいね」%K%P
「あの、それってやっぱり……」%K%P
「あの、それってやっぱり……」%K%P
「はい。とっても可愛い服ばかりですよ？」%K%P
「はい。とっても可愛い服ばかりですよ？」%K%P
「ですよねー……」%K%P
「ですよねー……」%K%P
わかっていたけど、ちょっと悲しい。%K%P
わかっていたけど、ちょっと悲しい。%K%P
でも、寮内でも塚原いずみでいなきゃいけない以上、私服だって女の子らしくないと駄目だよね。%K%P
でも、寮内でも塚原いずみでいなきゃいけない以上、私服だって女の子らしくないと駄目だよね。%K%P
「法子さん法子さんっ、今日の夕食、私と夕ちゃん、お手伝いします」%K%P
「法子さん法子さんっ、今日の夕食、私と夕ちゃん、お手伝いします」%K%P
ちょうど法子さんの後ろから、ぴょこっと現れた女の子を見て驚く。%K%P
ちょうど法子さんの後ろから、ぴょこっと現れた女の子を見て驚く。%K%P
「えっ？　……な、ふわあっ！？」%K%P
「えっ？　……な、ふわあっ！？」%K%P
「いいいっ、いずみ様がどうしてここにっ？」%K%P
「いいいっ、いずみ様がどうしてここにっ？」%K%P
「あら、２人ともお知り合いなんですか？」%K%P
「あら、２人ともお知り合いなんですか？」%K%P
「知り合いというか、なんというか」%K%P
「知り合いというか、なんというか」%K%P
「今日の放課後、私が困っているところを助けてもらったんです」%K%P
「今日の放課後、私が困っているところを助けてもらったんです」%K%P
「まぁ……いずみさんったら、編入早々、隅に置けないんですから」%K%P
「まぁ……いずみさんったら、編入早々、隅に置けないんですから」%K%P
「なっ、なんですかその言い方はっ」%K%P
「なっ、なんですかその言い方はっ」%K%P
「ふふっ、深い意味はありません」%K%P
「ふふっ、深い意味はありません」%K%P
「うぅ、もう……」%K%P
「うぅ、もう……」%K%P
法子さんって、時々わかっていてからかってくることがあるような気がする。%K%P
法子さんって、時々わかっていてからかってくることがあるような気がする。%K%P
「ところで、えっと……」%K%P
「ところで、えっと……」%K%P
「あっ、すみませんっ。急いでいたとはいえ、名乗らずに立ち去ってしまって」%K%P
「あっ、すみませんっ。急いでいたとはいえ、名乗らずに立ち去ってしまって」%K%P
「あらためまして、雪代ことりです。１年で、寮生で、あとあと、えっと……よろしくお願いします」%K%P
「あらためまして、雪代ことりです。１年で、寮生で、あとあと、えっと……よろしくお願いします」%K%P
「うん。よろしくね、ことりさん」%K%P
「うん。よろしくね、ことりさん」%K%P
本を拾ってあげたときにも思ったけど、なんというか、保護欲を刺激されちゃう子だ。%K%P
本を拾ってあげたときにも思ったけど、なんというか、保護欲を刺激されちゃう子だ。%K%P
放っておけないオーラ、みたいなのがすごく強い。%K%P
放っておけないオーラ、みたいなのがすごく強い。%K%P
「でも、どうしていずみ様が寮に？」%K%P
「でも、どうしていずみ様が寮に？」%K%P
「それは、いずみさんも寮生になったからです」%K%P
「それは、いずみさんも寮生になったからです」%K%P
「ほっ、ほんとですかっ？！」%K%P
「ほっ、ほんとですかっ？！」%K%P
「ことりん、さっきからなにはしゃいでるの？」%K%P
「ことりん、さっきからなにはしゃいでるの？」%K%P
「あっ、夕ちゃん聞いて聞いて！　いずみ様がね、いずみ様が寮生になったんだって！　すごいよね？」%K%P
「あっ、夕ちゃん聞いて聞いて！　いずみ様がね、いずみ様が寮生になったんだって！　すごいよね？」%K%P
「いずみ様って――」%K%P
「いずみ様って――」%K%P
「うわわっ、ほ、本物のいずみ様だっ？」%K%P
「うわわっ、ほ、本物のいずみ様だっ？」%K%P
「あ、うん。塚原いずみです」%K%P
「あ、うん。塚原いずみです」%K%P
今日一日ずっとそうだったから慣れてきたことだけど、自己紹介するまでもなく、みんな僕を知っている。%K%P
今日一日ずっとそうだったから慣れてきたことだけど、自己紹介するまでもなく、みんな僕を知っている。%K%P
本当、今朝の朝礼の効果ってすごい。%K%P
本当、今朝の朝礼の効果ってすごい。%K%P
「んっ、んんっ」%K%P
「んっ、んんっ」%K%P
「初めまして、いずみ様。わたしは１年で寮生の如月夕陽です。これからよろしくお願いします」%K%P
「初めまして、いずみ様。わたしは１年で寮生の如月夕陽です。これからよろしくお願いします」%K%P
「ちなみに部屋はことりんと同じですから、いつでも遊びに来て下さいね」%K%P
「ちなみに部屋はことりんと同じですから、いつでも遊びに来て下さいね」%K%P
「うん。こちらこそよろしくね、夕陽さん」%K%P
「うん。こちらこそよろしくね、夕陽さん」%K%P
「あ、みんな夕陽ちゃんとか夕ちゃんって呼んでますから、いずみ様も、是非それで」%K%P
「あ、みんな夕陽ちゃんとか夕ちゃんって呼んでますから、いずみ様も、是非それで」%K%P
「あっ、な、なら私も同じように」%K%P
「あっ、な、なら私も同じように」%K%P
「じゃあ、ことりちゃんと、夕陽ちゃん……で、いいかな？」%K%P
「じゃあ、ことりちゃんと、夕陽ちゃん……で、いいかな？」%K%P
「はいっ」\n「はいっ」%K%P
「はいっ」\n「はいっ」%K%P
僕の言葉に、２人そろってにこっと笑う。%K%P
僕の言葉に、２人そろってにこっと笑う。%K%P
ことりちゃんに比べて、夕陽ちゃんはしっかりというか、どこか大人びた印象だ。%K%P
ことりちゃんに比べて、夕陽ちゃんはしっかりというか、どこか大人びた印象だ。%K%P
名字は違うから姉妹ということはなさそうだけど、実に仲が良さそうに見える。%K%P
名字は違うから姉妹ということはなさそうだけど、実に仲が良さそうに見える。%K%P
「それで？　二人とも、夕食のお手伝いをしてくれるってことでいいの？」%K%P
「それで？　二人とも、夕食のお手伝いをしてくれるってことでいいの？」%K%P
「もちろんです。いずみ様の入寮記念日ですから、ばーんと御馳走作っちゃいましょうっ」%K%P
「もちろんです。いずみ様の入寮記念日ですから、ばーんと御馳走作っちゃいましょうっ」%K%P
「ふふっ、もとよりそのつもりですよ」%K%P
「ふふっ、もとよりそのつもりですよ」%K%P
「法子さんの御馳走、私すっごく楽しみですっ」%K%P
「法子さんの御馳走、私すっごく楽しみですっ」%K%P
「では、二人とも加勢よろしくね？」%K%P
「では、二人とも加勢よろしくね？」%K%P
またもや仲良く返事をした２人は、法子さんの後に続いて厨房のほうへと向かっていく。%K%P
またもや仲良く返事をした２人は、法子さんの後に続いて厨房のほうへと向かっていく。%K%P
「あっ、いずみさん。いま帰ったところ？」%K%P
「あっ、いずみさん。いま帰ったところ？」%K%P
「そうだけど……その荷物、美琴さんも？」%K%P
「そうだけど……その荷物、美琴さんも？」%K%P
「ええ、ちょっと買い物に出てて」%K%P
「ええ、ちょっと買い物に出てて」%K%P
声を掛けられたそこに美琴さんが立っていて、手に紙袋を持っていた。%K%P
声を掛けられたそこに美琴さんが立っていて、手に紙袋を持っていた。%K%P
「ねえ、部屋まで一緒に行きましょ？　前に綾香が読みたがってた本を買ってきたの。これ、渡したいから」%K%P
「ねえ、部屋まで一緒に行きましょ？　前に綾香が読みたがってた本を買ってきたの。これ、渡したいから」%K%P
「ただいま、綾香さん」%K%P
「ただいま、綾香さん」%K%P
「えっ？　あっ、い、いずみさんっ？　もう帰って来たのっ！？」%K%P
「えっ？　あっ、い、いずみさんっ？　もう帰って来たのっ！？」%K%P
「うん。寄り道する気分にもなれなくて」%K%P
「うん。寄り道する気分にもなれなくて」%K%P
って、声はするけど綾香さんの姿は見えない。%K%P
って、声はするけど綾香さんの姿は見えない。%K%P
「綾香さん？」%K%P
「綾香さん？」%K%P
呼びかけながら、綾香さんのスペースを覗き込むように顔を出すと――――、%K%P
呼びかけながら、綾香さんのスペースを覗き込むように顔を出すと――――、%K%P
「あっ――」%K%P
「あっ――」%K%P
「きゃあああああああっ！？」%K%P
「きゃあああああああっ！？」%K%P
「わっ、ごごごごめんなさいっ？！」%K%P
「わっ、ごごごごめんなさいっ？！」%K%P
目に飛び込んできた光景から慌てて目を逸らす。%K%P
目に飛び込んできた光景から慌てて目を逸らす。%K%P
「どっ、どうしたの？　綾香？」%K%P
「どっ、どうしたの？　綾香？」%K%P
「……って、なんだ。ただの着替えじゃない」%K%P
「……って、なんだ。ただの着替えじゃない」%K%P
「あっ、いえその、ほら、いきなりいずみさんが入ってきたものだから、驚いて――」%K%P
「あっ、いえその、ほら、いきなりいずみさんが入ってきたものだから、驚いて――」%K%P
「でも、別に女の子同士なんだし、あそこまで悲鳴をあげることもないでしょ？」%K%P
「でも、別に女の子同士なんだし、あそこまで悲鳴をあげることもないでしょ？」%K%P
「あっ……そっ、そうよね」%K%P
「あっ……そっ、そうよね」%K%P
「女の子同士なんだし、別にこのぐらいは……うん、そうよね、うん、うん……」%K%P
「女の子同士なんだし、別にこのぐらいは……うん、そうよね、うん、うん……」%K%P
「はぁ……ごめんね、美琴。ほら、わたしずっと１人部屋だったものだから、焦ってしまって」%K%P
「はぁ……ごめんね、美琴。ほら、わたしずっと１人部屋だったものだから、焦ってしまって」%K%P
「あぁ、なるほど」%K%P
「あぁ、なるほど」%K%P
「いずみさんも、その、ごめんなさい。いきなり悲鳴をあげちゃって、びっくりしたでしょ？」%K%P
「いずみさんも、その、ごめんなさい。いきなり悲鳴をあげちゃって、びっくりしたでしょ？」%K%P
「う、うん。ちょっとだけ」%K%P
「う、うん。ちょっとだけ」%K%P
綾香さんが悲鳴をあげたのは、男である僕が入ってきたから当然なんだけど。%K%P
綾香さんが悲鳴をあげたのは、男である僕が入ってきたから当然なんだけど。%K%P
でも、それは美琴さんにはバレちゃいけないわけだから、今は綾香さんの話に合わせるしかない。%K%P
でも、それは美琴さんにはバレちゃいけないわけだから、今は綾香さんの話に合わせるしかない。%K%P
僕にできることは、不自然にならないように、綾香さんから目を逸らすことだけ。%K%P
僕にできることは、不自然にならないように、綾香さんから目を逸らすことだけ。%K%P
「でも、どうして美琴といずみさんが一緒に？」%K%P
「でも、どうして美琴といずみさんが一緒に？」%K%P
「ちょうどラウンジで会ったの。ほら、綾香が前にいってた本、見かけて買っておいたから」%K%P
「ちょうどラウンジで会ったの。ほら、綾香が前にいってた本、見かけて買っておいたから」%K%P
「ありがとう、美琴」%K%P
「ありがとう、美琴」%K%P
「っと、あ、その下着可愛い。新しいの？」%K%P
「っと、あ、その下着可愛い。新しいの？」%K%P
「う、うん。ちょっと前に買ったんだけど」%K%P
「う、うん。ちょっと前に買ったんだけど」%K%P
「へぇ……。あっ、そういえばいずみさん、海外の下着って、規格が違うんでしょ？」%K%P
「へぇ……。あっ、そういえばいずみさん、海外の下着って、規格が違うんでしょ？」%K%P
「ひゃ……はいっ？」%K%P
「ひゃ……はいっ？」%K%P
なっ、なに？　いきなりなにっ……？！%K%P
なっ、なに？　いきなりなにっ……？！%K%P
「前にカタログで見たとき、向こうのブラのカップ、表記の仕方が違っていたから」%K%P
「前にカタログで見たとき、向こうのブラのカップ、表記の仕方が違っていたから」%K%P
「それで、いずみさんは留学中、下着をどうしてたのかなって――」%K%P
「それで、いずみさんは留学中、下着をどうしてたのかなって――」%K%P
「あっ、あの美琴。今日は夕食の支度を手伝うって張り切っていなかった？」%K%P
「あっ、あの美琴。今日は夕食の支度を手伝うって張り切っていなかった？」%K%P
「あっ、そうだった……。今日はいずみさんの編入初日だもの、晩餐になるよう張り切らないと」%K%P
「あっ、そうだった……。今日はいずみさんの編入初日だもの、晩餐になるよう張り切らないと」%K%P
「じゃああたし、手伝いにいってくるから」%K%P
「じゃああたし、手伝いにいってくるから」%K%P
「ええ。本、ありがとう」%K%P
「ええ。本、ありがとう」%K%P
「いいのいいの。じゃあね」%K%P
「いいのいいの。じゃあね」%K%P
部屋を出て行く美琴さんを見送るように、綾香さんから視線を逸らし、そのまま背を向ける。%K%P
部屋を出て行く美琴さんを見送るように、綾香さんから視線を逸らし、そのまま背を向ける。%K%P
「あ、あの……その、ええと」%K%P
「あ、あの……その、ええと」%K%P
なんと言っていいかわからず、言葉に詰まる。%K%P
なんと言っていいかわからず、言葉に詰まる。%K%P
「ごめんなさい。わたしが油断していたせいで、いずみさんにまで迷惑をかけて」%K%P
「ごめんなさい。わたしが油断していたせいで、いずみさんにまで迷惑をかけて」%K%P
「仕切りを使えばよかったのに、一人で部屋を使っていたときのクセで忘れてしまったみたい」%K%P
「仕切りを使えばよかったのに、一人で部屋を使っていたときのクセで忘れてしまったみたい」%K%P
「僕のほうこそ、ちゃんとノックしてれば……」%K%P
「僕のほうこそ、ちゃんとノックしてれば……」%K%P
「いずみさん。わ・た・し」%K%P
「いずみさん。わ・た・し」%K%P
「……僕って言われると、男の人に見られたんだって意識しちゃって、余計に恥ずかしいわ」%K%P
「……僕って言われると、男の人に見られたんだって意識しちゃって、余計に恥ずかしいわ」%K%P
「あっ……その、ごめん」%K%P
「あっ……その、ごめん」%K%P
正直、目撃してしまった着替え以上に、綾香さんのその一言で頬が熱くなる。%K%P
正直、目撃してしまった着替え以上に、綾香さんのその一言で頬が熱くなる。%K%P
「次からはこういうとこがないよう気を付けるから、今日のことは、いずみさんも気にしないで」%K%P
「次からはこういうとこがないよう気を付けるから、今日のことは、いずみさんも気にしないで」%K%P
昨日知り合ったばかりの男にいきなり着替えを目撃されて、それでも、そう言える気丈さ。%K%P
昨日知り合ったばかりの男にいきなり着替えを目撃されて、それでも、そう言える気丈さ。%K%P
いきなり相部屋だって言い出したり、それが異性との同居だってことに気付いてなかったり。%K%P
いきなり相部屋だって言い出したり、それが異性との同居だってことに気付いてなかったり。%K%P
呆れるほど大胆なこともあるけど、たぶんそれは、綾香さんなりの優しさの結果なんだろう。%K%P
呆れるほど大胆なこともあるけど、たぶんそれは、綾香さんなりの優しさの結果なんだろう。%K%P
「……ねえ、綾香さん。ルールを決めない？」%K%P
「……ねえ、綾香さん。ルールを決めない？」%K%P
「ルール？」%K%P
「ルール？」%K%P
「同じ部屋で寝泊まりする以上、今回みたいなことがまたないとも限らないし……ね？」%K%P
「同じ部屋で寝泊まりする以上、今回みたいなことがまたないとも限らないし……ね？」%K%P
「だから、そのためのルール。……ちょっと作るのが遅くなっちゃったけど」%K%P
「だから、そのためのルール。……ちょっと作るのが遅くなっちゃったけど」%K%P
留学中、ルームシェアで暮らしている友人の家に泊まりにいったことがある。%K%P
留学中、ルームシェアで暮らしている友人の家に泊まりにいったことがある。%K%P
状況は違うけど、誰かとひとつ屋根の下で、しかも異性と暮らすなら、やっぱりルールは必要だもんね。%K%P
状況は違うけど、誰かとひとつ屋根の下で、しかも異性と暮らすなら、やっぱりルールは必要だもんね。%K%P
そして夕食前、僕は寮生に自己紹介をした。%K%P
そして夕食前、僕は寮生に自己紹介をした。%K%P
といっても、ことりちゃんたちがそうであったように、みんなすでに僕を知っていたから、紹介は実にあっさりと終わってしまったんだけど。%K%P
といっても、ことりちゃんたちがそうであったように、みんなすでに僕を知っていたから、紹介は実にあっさりと終わってしまったんだけど。%K%P
ちなみに夕食は野菜たっぷりのポトフと、ふわっとした卵焼きが絶品なオムライス、それからデザートとしてミルクプリン。%K%P
ちなみに夕食は野菜たっぷりのポトフと、ふわっとした卵焼きが絶品なオムライス、それからデザートとしてミルクプリン。%K%P
どれも学食に勝るとも劣らない美味しさで、それを伝えたら、法子さんや手伝った美琴さんたちも喜んでいた。%K%P
どれも学食に勝るとも劣らない美味しさで、それを伝えたら、法子さんや手伝った美琴さんたちも喜んでいた。%K%P
学園長をしながら寮生たちの食事も用意するなんて、寮母の法子さんはすごく大変なんじゃないか、って思っていたけど、実はそうでもないらしい。%K%P
学園長をしながら寮生たちの食事も用意するなんて、寮母の法子さんはすごく大変なんじゃないか、って思っていたけど、実はそうでもないらしい。%K%P
配膳から後片付けまで、普段から寮生がみんなで率先して助け合い、法子さんを支えているそうだ。%K%P
配膳から後片付けまで、普段から寮生がみんなで率先して助け合い、法子さんを支えているそうだ。%K%P
例えば朝食は簡易的なビュッフェのような形式で、手間を抑えるようになっている、とか。%K%P
例えば朝食は簡易的なビュッフェのような形式で、手間を抑えるようになっている、とか。%K%P
学園長と寮母を兼任する自分を気遣ってくれるんですと言う法子さんは、とても誇らしげだった。%K%P
学園長と寮母を兼任する自分を気遣ってくれるんですと言う法子さんは、とても誇らしげだった。%K%P
夕食を食べ終えて部屋に戻り、ほっと一息つく。%K%P
夕食を食べ終えて部屋に戻り、ほっと一息つく。%K%P
「でも、すごいんだね、{歌姫:ディーバ}って。みんながみんな、私のことを知ってるんだもん」%K%P
「でも、すごいんだね、{歌姫:ディーバ}って。みんながみんな、私のことを知ってるんだもん」%K%P
放課後、ロッカーに荷物を取りに行ったときのことを交えつつ、素直な感想を述べる。%K%P
放課後、ロッカーに荷物を取りに行ったときのことを交えつつ、素直な感想を述べる。%K%P
「{歌姫:ディーバ}だから、というのは当然あるだろうけど、いずみさん自身の人気もあると思うわよ？」%K%P
「{歌姫:ディーバ}だから、というのは当然あるだろうけど、いずみさん自身の人気もあると思うわよ？」%K%P
「人気が出るようなことをした覚えはないけど……」%K%P
「人気が出るようなことをした覚えはないけど……」%K%P
「今朝、講堂で歌ってもらったでしょ？」%K%P
「今朝、講堂で歌ってもらったでしょ？」%K%P
「あれだけで……？」%K%P
「あれだけで……？」%K%P
「あれだけ、って……あんなに素敵な歌を聞かされたら、誰だっていずみさんを好きになってしまうわ」%K%P
「あれだけ、って……あんなに素敵な歌を聞かされたら、誰だっていずみさんを好きになってしまうわ」%K%P
「す、好きになちゃうのっ……？」%K%P
「す、好きになちゃうのっ……？」%K%P
「あっ、あくまで{歌姫:ディーバ}として、ってことよ？　いずみさんの歌が素敵だったってことで、ね？」%K%P
「あっ、あくまで{歌姫:ディーバ}として、ってことよ？　いずみさんの歌が素敵だったってことで、ね？」%K%P
いきなり好きって言葉が出てきて焦る僕を見て、綾香さんが慌てて訂正する。%K%P
いきなり好きって言葉が出てきて焦る僕を見て、綾香さんが慌てて訂正する。%K%P
……なんか、ちょっとだけ寂しい。%K%P
……なんか、ちょっとだけ寂しい。%K%P
「朝も少し話したけど、{歌姫:ディーバ}はその名のとおり、歌が上手くないといけないの。少なくとも、楽譜を読めて合唱や独唱の経験がないといけないわ」%K%P
「朝も少し話したけど、{歌姫:ディーバ}はその名のとおり、歌が上手くないといけないの。少なくとも、楽譜を読めて合唱や独唱の経験がないといけないわ」%K%P
「それって、{歌姫:ディーバ}に要求される水準がかなり高い、ってことだよね？」%K%P
「それって、{歌姫:ディーバ}に要求される水準がかなり高い、ってことだよね？」%K%P
「カラオケが得意です！　なんてレベルでは、間違いなく恥をかいてしまうでしょうね」%K%P
「カラオケが得意です！　なんてレベルでは、間違いなく恥をかいてしまうでしょうね」%K%P
確かにそうなると、学園の中からぽんぽん選出できるものではないかもしれない。%K%P
確かにそうなると、学園の中からぽんぽん選出できるものではないかもしれない。%K%P
楽譜を読んで歌える――――いわゆる視唱力も問われるとなると、確かに難易度はあがってしまう。%K%P
楽譜を読んで歌える――――いわゆる視唱力も問われるとなると、確かに難易度はあがってしまう。%K%P
仮に学生の誰かが{歌姫:ディーバ}を務めたいと決意しても、１ヶ月という期間は、ゼロから歌の勉強をするとしても充分とはいえない。%K%P
仮に学生の誰かが{歌姫:ディーバ}を務めたいと決意しても、１ヶ月という期間は、ゼロから歌の勉強をするとしても充分とはいえない。%K%P
「とくに今年は、最初に決まった{歌姫:ディーバ}が２人とも、とても歌の上手い人だったから」%K%P
「とくに今年は、最初に決まった{歌姫:ディーバ}が２人とも、とても歌の上手い人だったから」%K%P
「１人が辞退したあと、いざ代わりを募集となっても、みんな尻込みしてしまったんでしょうね」%K%P
「１人が辞退したあと、いざ代わりを募集となっても、みんな尻込みしてしまったんでしょうね」%K%P
「そっか……。だから綾香さんは、学外からでも{歌姫:ディーバ}を探そうとした、と」%K%P
「そっか……。だから綾香さんは、学外からでも{歌姫:ディーバ}を探そうとした、と」%K%P
候補が見つからなければ、{歌姫:ディーバ}に求めるものを下げるか、別のところから探すしかない。%K%P
候補が見つからなければ、{歌姫:ディーバ}に求めるものを下げるか、別のところから探すしかない。%K%P
最初は無茶な発想に思えたけど、そうして考えると、そこまで荒唐無稽でもない気がする。%K%P
最初は無茶な発想に思えたけど、そうして考えると、そこまで荒唐無稽でもない気がする。%K%P
「わたしの気持ち、わかってもらえた？」%K%P
「わたしの気持ち、わかってもらえた？」%K%P
「……ただ、学園長と揃って女装を勧めちゃうのは、さすがにどうかと思うけどね」%K%P
「……ただ、学園長と揃って女装を勧めちゃうのは、さすがにどうかと思うけどね」%K%P
「だ、だってっ、いずみさんの歌を聴いたら、本当にあなたしかいないって思ったから……！」%K%P
「だ、だってっ、いずみさんの歌を聴いたら、本当にあなたしかいないって思ったから……！」%K%P
「……きっと姉さんもわたしと同じ気持ちだったからこそ、こんな無茶を通してくれたんだと思うわ」%K%P
「……きっと姉さんもわたしと同じ気持ちだったからこそ、こんな無茶を通してくれたんだと思うわ」%K%P
「そう言ってもらえるのは嬉しいんだけどね」%K%P
「そう言ってもらえるのは嬉しいんだけどね」%K%P
自分の歌唱を評価してもらえるというは、それがどんな形であれ、テンションがあがる。%K%P
自分の歌唱を評価してもらえるというは、それがどんな形であれ、テンションがあがる。%K%P
「わたしや姉さんだけじゃないわよ？　他にも、いずみさんのファンはいるんだから」%K%P
「わたしや姉さんだけじゃないわよ？　他にも、いずみさんのファンはいるんだから」%K%P
「食後に挨拶に来ると言ってたし、もうすぐ――」%K%P
「食後に挨拶に来ると言ってたし、もうすぐ――」%K%P
「ほら」%K%P
「ほら」%K%P
「えっ？　あ、え、ええっと」%K%P
「えっ？　あ、え、ええっと」%K%P
「どうぞ、開いてるわよ」%K%P
「どうぞ、開いてるわよ」%K%P
いきなりのことに戸惑う僕を見て小さく笑いながら、綾香さんがドアに向かって声を掛ける。%K%P
いきなりのことに戸惑う僕を見て小さく笑いながら、綾香さんがドアに向かって声を掛ける。%K%P
「失礼します」%K%P
「失礼します」%K%P
そうして入ってきたのは見知らぬ子。%K%P
そうして入ってきたのは見知らぬ子。%K%P
でも、この雰囲気、誰かに似てるような――――、%K%P
でも、この雰囲気、誰かに似てるような――――、%K%P
「初めまして、いずみ様。１年の西條希実です」%K%P
「初めまして、いずみ様。１年の西條希実です」%K%P
「西條ってことは……」%K%P
「西條ってことは……」%K%P
「そう、わたしの妹。ほら、朝に紹介するって言っていたでしょ？」%K%P
「そう、わたしの妹。ほら、朝に紹介するって言っていたでしょ？」%K%P
あ、そっか。誰かに似てると思ったのは綾香さんや法子さんの妹だからなんだ。%K%P
あ、そっか。誰かに似てると思ったのは綾香さんや法子さんの妹だからなんだ。%K%P
「いずみ様、今朝は素敵な歌を、本当にありがとうございました」%K%P
「いずみ様、今朝は素敵な歌を、本当にありがとうございました」%K%P
「あ、いえ、こちらこそ」%K%P
「あ、いえ、こちらこそ」%K%P
いきなり感謝され、間の抜けた返事をしてしまう。%K%P
いきなり感謝され、間の抜けた返事をしてしまう。%K%P
「……そして、この度は私のせいでご迷惑をおかけしてしまって、本当に申し訳ありません」%K%P
「……そして、この度は私のせいでご迷惑をおかけしてしまって、本当に申し訳ありません」%K%P
「へっ……？」%K%P
「へっ……？」%K%P
急に頭を下げられ戸惑っていると、それが表情に出たらしく、希実さんまで僕を困った顔で見つめた。%K%P
急に頭を下げられ戸惑っていると、それが表情に出たらしく、希実さんまで僕を困った顔で見つめた。%K%P
「あの、綾香お姉ちゃんから何も聞いてませんか……？」%K%P
「あの、綾香お姉ちゃんから何も聞いてませんか……？」%K%P
「って、言われても」%K%P
「って、言われても」%K%P
横目で見ると、綾香さんまで困った顔をしてから、小さく息を吐いた。%K%P
横目で見ると、綾香さんまで困った顔をしてから、小さく息を吐いた。%K%P
「……実は、参加を辞退した{歌姫:ディーバ}というのが、希実なのよ」%K%P
「……実は、参加を辞退した{歌姫:ディーバ}というのが、希実なのよ」%K%P
「あっ、ああ、それで――」%K%P
「あっ、ああ、それで――」%K%P
いきなり謝られた謎が、たった一言で解明される。%K%P
いきなり謝られた謎が、たった一言で解明される。%K%P
同時に、あんなに懸命に{歌姫:ディーバ}を探していた綾香さんの事情も、少しだけど見えた気がした。%K%P
同時に、あんなに懸命に{歌姫:ディーバ}を探していた綾香さんの事情も、少しだけど見えた気がした。%K%P
「あらためて、すみませんでした。いずみ様」%K%P
「あらためて、すみませんでした。いずみ様」%K%P
「いや、えっと、その……」%K%P
「いや、えっと、その……」%K%P
いろいろと伝える言葉を考えてみたけど、僕に思い浮かんだのは、たったひとつ。%K%P
いろいろと伝える言葉を考えてみたけど、僕に思い浮かんだのは、たったひとつ。%K%P
「べつに、希実さんが気にする必要はないよ？」%K%P
「べつに、希実さんが気にする必要はないよ？」%K%P
「えっ……？」%K%P
「えっ……？」%K%P
なるべく明るく告げると、希実さんは戸惑った顔で僕を見つめた。%K%P
なるべく明るく告げると、希実さんは戸惑った顔で僕を見つめた。%K%P
「だって、理由もなく辞退したんじゃないでしょ？　そのぐらい、私にもわかるから」%K%P
「だって、理由もなく辞退したんじゃないでしょ？　そのぐらい、私にもわかるから」%K%P
さっき、綾香さんは{歌姫:ディーバ}に求められるレベルは高い、と言っていた。同時に、今年{歌姫:ディーバ}に選ばれた２人とも歌が上手かった、とも。%K%P
さっき、綾香さんは{歌姫:ディーバ}に求められるレベルは高い、と言っていた。同時に、今年{歌姫:ディーバ}に選ばれた２人とも歌が上手かった、とも。%K%P
それだけのものをもっていながら辞退した、ということは、相応の理由があるはずだ。%K%P
それだけのものをもっていながら辞退した、ということは、相応の理由があるはずだ。%K%P
「なにがあったかは知らないけど、少なくとも、希実さんが私に負い目を感じる必要はないと思う」%K%P
「なにがあったかは知らないけど、少なくとも、希実さんが私に負い目を感じる必要はないと思う」%K%P
もちろん、希実さんが{歌姫:ディーバ}を辞退した理由は気にならないと言えば嘘になる。%K%P
もちろん、希実さんが{歌姫:ディーバ}を辞退した理由は気にならないと言えば嘘になる。%K%P
けど、いまそれを詮索しても仕方ない。%K%P
けど、いまそれを詮索しても仕方ない。%K%P
「でも、いずみ様は{歌姫:ディーバ}を引き受けるために、わざわざ深皇に編入されたのでしょう？」%K%P
「でも、いずみ様は{歌姫:ディーバ}を引き受けるために、わざわざ深皇に編入されたのでしょう？」%K%P
「それは、充分ご迷惑では――」%K%P
「それは、充分ご迷惑では――」%K%P
「でも、それはぼ――わ、私が決めたことだから」%K%P
「でも、それはぼ――わ、私が決めたことだから」%K%P
っと、危ない。素で話していると、つい口から勝手に僕って出そうになっちゃう。%K%P
っと、危ない。素で話していると、つい口から勝手に僕って出そうになっちゃう。%K%P
「{歌姫:ディーバ}に推薦してくれたのは他でもない綾香さんだけど、無理強いされたわけでもないし」%K%P
「{歌姫:ディーバ}に推薦してくれたのは他でもない綾香さんだけど、無理強いされたわけでもないし」%K%P
「ね？　綾香さん？」%K%P
「ね？　綾香さん？」%K%P
「ん……」%K%P
「ん……」%K%P
ちょっとだけ意地悪に言うと、綾香さんが少しだけ拗ねるように困った表情を浮かべる。%K%P
ちょっとだけ意地悪に言うと、綾香さんが少しだけ拗ねるように困った表情を浮かべる。%K%P
だけど、綾香さんも法子さんも、けして僕に女装を強制したわけじゃない。%K%P
だけど、綾香さんも法子さんも、けして僕に女装を強制したわけじゃない。%K%P
……まあ、それに近いことはされちゃったけど。%K%P
……まあ、それに近いことはされちゃったけど。%K%P
「そういうわけで、私はこんなに素敵な学園に通う機会に恵まれたことを、むしろ嬉しく思っているぐらいだから」%K%P
「そういうわけで、私はこんなに素敵な学園に通う機会に恵まれたことを、むしろ嬉しく思っているぐらいだから」%K%P
「希実さんは、なにも気にする必要はないよ？」%K%P
「希実さんは、なにも気にする必要はないよ？」%K%P
「いずみ様……」%K%P
「いずみ様……」%K%P
「学園に慣れるまで、まだまだ時間がかかるかもしれないけれど、よろしくね？　希実さん」%K%P
「学園に慣れるまで、まだまだ時間がかかるかもしれないけれど、よろしくね？　希実さん」%K%P
「あ、いえその、ええと……」%K%P
「あ、いえその、ええと……」%K%P
「さんは止めてください。落ち着きません」%K%P
「さんは止めてください。落ち着きません」%K%P
「じゃあ……希実ちゃんで」%K%P
「じゃあ……希実ちゃんで」%K%P
「はい。それでお願いします、いずみ様」%K%P
「はい。それでお願いします、いずみ様」%K%P
頷くと同時に、にこっと微笑む。%K%P
頷くと同時に、にこっと微笑む。%K%P
その顔はお姉さんに似て、とても可憐だった。%K%P
その顔はお姉さんに似て、とても可憐だった。%K%P
「……じゃあ、その、私はこれで失礼します」%K%P
「……じゃあ、その、私はこれで失礼します」%K%P
「えっ？　話、もういいの？」%K%P
「えっ？　話、もういいの？」%K%P
「うん。いずみ様も編入初日で疲れていると思うし、あまりお邪魔しては悪いから」%K%P
「うん。いずみ様も編入初日で疲れていると思うし、あまりお邪魔しては悪いから」%K%P
「……ただ、それでも一言、どうしても謝りたくて」%K%P
「……ただ、それでも一言、どうしても謝りたくて」%K%P
「そう……。じゃあ、続きはまた今度ね？」%K%P
「そう……。じゃあ、続きはまた今度ね？」%K%P
「うん。ちょっと早いですけど、おやすみなさい」%K%P
「うん。ちょっと早いですけど、おやすみなさい」%K%P
「おやすみ、希実ちゃん」%K%P
「おやすみ、希実ちゃん」%K%P
僕が声を掛けると、にこっと笑った希実ちゃんが、静かにドアを閉めた。%K%P
僕が声を掛けると、にこっと笑った希実ちゃんが、静かにドアを閉めた。%K%P
「……驚いたわ。希実がいきなりあんなことを言い出すなんて」%K%P
「……驚いたわ。希実がいきなりあんなことを言い出すなんて」%K%P
「こっちだって驚いたよ。辞退しちゃった{歌姫:ディーバ}が、まさか綾香さんの妹さんだったなんて」%K%P
「こっちだって驚いたよ。辞退しちゃった{歌姫:ディーバ}が、まさか綾香さんの妹さんだったなんて」%K%P
「それについては、ごめんなさい。隠しておくつもりはなかったんだけど、言い出しにくかったの」%K%P
「それについては、ごめんなさい。隠しておくつもりはなかったんだけど、言い出しにくかったの」%K%P
「……その、こういう事情を話すと、情に訴えているようで、あまりフェアじゃない気がして」%K%P
「……その、こういう事情を話すと、情に訴えているようで、あまりフェアじゃない気がして」%K%P
「綾香さん、あれこれ気にしすぎ」%K%P
「綾香さん、あれこれ気にしすぎ」%K%P
「うっ……で、でもっ……」%K%P
「うっ……で、でもっ……」%K%P
「さっき希実ちゃんにも言ったけど、私は私の意志で、{歌姫:ディーバ}を引き受けたんだよ？」%K%P
「さっき希実ちゃんにも言ったけど、私は私の意志で、{歌姫:ディーバ}を引き受けたんだよ？」%K%P
「それは確かに、困ってる綾香さんを放っておけないとは思ったけど――」%K%P
「それは確かに、困ってる綾香さんを放っておけないとは思ったけど――」%K%P
「ほらっ、やっぱり」%K%P
「ほらっ、やっぱり」%K%P
「でも、こうして美味しいご飯やふかふかのベッドを提供してもらっているわけだから」%K%P
「でも、こうして美味しいご飯やふかふかのベッドを提供してもらっているわけだから」%K%P
「これって、{歌姫:ディーバ}を引き受けたことに対して正当な報酬をもらっている、ってことでしょ？」%K%P
「これって、{歌姫:ディーバ}を引き受けたことに対して正当な報酬をもらっている、ってことでしょ？」%K%P
「女装までさせているのに？」%K%P
「女装までさせているのに？」%K%P
「だから、それはいいっこなしっ。……ね？」%K%P
「だから、それはいいっこなしっ。……ね？」%K%P
ちょっと語気を強めると、綾香さんが唇を結んだ。%K%P
ちょっと語気を強めると、綾香さんが唇を結んだ。%K%P
「……ねえ、いずみさん？　こういうことを尋ねるのは、好奇心から聞いているようで{憚:はばか}られるのだけど……」%K%P
「……ねえ、いずみさん？　こういうことを尋ねるのは、好奇心から聞いているようで{憚:はばか}られるのだけど……」%K%P
「今日一日、その姿で過ごしてみてどうだった？」%K%P
「今日一日、その姿で過ごしてみてどうだった？」%K%P
「んっと……」%K%P
「んっと……」%K%P
「……スカートって、落ち着かないね」%K%P
「……スカートって、落ち着かないね」%K%P
「女の子って、よくこんな格好出来ちゃうなって、本気で感心しちゃったよ」%K%P
「女の子って、よくこんな格好出来ちゃうなって、本気で感心しちゃったよ」%K%P
布一枚めくれると下着が見えちゃうなんて、今まで体験したことがない無防備な感覚だった。%K%P
布一枚めくれると下着が見えちゃうなんて、今まで体験したことがない無防備な感覚だった。%K%P
「そういえばいずみさん、歩き方がすごく淑やかだったものね」%K%P
「そういえばいずみさん、歩き方がすごく淑やかだったものね」%K%P
「これ、油断したら見えちゃいそうなんだもん」%K%P
「これ、油断したら見えちゃいそうなんだもん」%K%P
いままでは、女性のスカート丈は長いほうが淑やかってイメージがあった。%K%P
いままでは、女性のスカート丈は長いほうが淑やかってイメージがあった。%K%P
でも、もしかすると短いほうが女性らしさの鍛錬になるのかもしれない。%K%P
でも、もしかすると短いほうが女性らしさの鍛錬になるのかもしれない。%K%P
見られて綺麗になる、なんてことも言うし。%K%P
見られて綺麗になる、なんてことも言うし。%K%P
「あと、校舎や街中の窓ガラスや鏡に自分が映ると、違和感があって、そわそわしっぱなしだった」%K%P
「あと、校舎や街中の窓ガラスや鏡に自分が映ると、違和感があって、そわそわしっぱなしだった」%K%P
「そわそわ？」%K%P
「そわそわ？」%K%P
「だって、昨日までそこに映っていた自分と、今の自分の姿が、あきらかに違うから」%K%P
「だって、昨日までそこに映っていた自分と、今の自分の姿が、あきらかに違うから」%K%P
「でも、昨日も今朝も、鏡は見たでしょう？」%K%P
「でも、昨日も今朝も、鏡は見たでしょう？」%K%P
「そう、なんだけど……」%K%P
「そう、なんだけど……」%K%P
「心構えをしてないとき、不意に自分の姿が映るとね、すごくドキドキするんだよ」%K%P
「心構えをしてないとき、不意に自分の姿が映るとね、すごくドキドキするんだよ」%K%P
「これは誰……？！　って、びっくりして――」%K%P
「これは誰……？！　って、びっくりして――」%K%P
「びっくりしたあと、あ、これは自分だ……って、わかると、なおさらドキドキするの」%K%P
「びっくりしたあと、あ、これは自分だ……って、わかると、なおさらドキドキするの」%K%P
「こんな感覚、今まで味わったことないから」%K%P
「こんな感覚、今まで味わったことないから」%K%P
まわりは女の子だらけで、自分もそんな女の子として過ごさなくちゃいけない。%K%P
まわりは女の子だらけで、自分もそんな女の子として過ごさなくちゃいけない。%K%P
それは、まさに未体験かつ、新感覚。%K%P
それは、まさに未体験かつ、新感覚。%K%P
「……引き受けたこと、後悔してる？」%K%P
「……引き受けたこと、後悔してる？」%K%P
「それはまだよくわからないよ。初日だから」%K%P
「それはまだよくわからないよ。初日だから」%K%P
「だけど、こんな経験は留学してても出来ない、すっごく貴重なものかもしれないって思ってるかな」%K%P
「だけど、こんな経験は留学してても出来ない、すっごく貴重なものかもしれないって思ってるかな」%K%P
自分を誤魔化すわけでも、綾香さんを安心させるためでもなく、心からそう思う。%K%P
自分を誤魔化すわけでも、綾香さんを安心させるためでもなく、心からそう思う。%K%P
「……ありがとう、いずみさん」%K%P
「……ありがとう、いずみさん」%K%P
僕の言葉に、綾香さんがほっと息を吐いて笑う。%K%P
僕の言葉に、綾香さんがほっと息を吐いて笑う。%K%P
「ううん、こちらこそ」%K%P
「ううん、こちらこそ」%K%P
だから僕も、笑顔でそれに応えた。%K%P
だから僕も、笑顔でそれに応えた。%K%P
女装して過ごした初めての一日は、本当にあっという間で、色々な出会いと出来事があった。%K%P
女装して過ごした初めての一日は、本当にあっという間で、色々な出会いと出来事があった。%K%P
とりあえず大きなトラブル――――というか、目に焼き付いちゃうエッチなハプニングがあったけど、それはそれとして。%K%P
とりあえず大きなトラブル――――というか、目に焼き付いちゃうエッチなハプニングがあったけど、それはそれとして。%K%P
ひとまず、無事に終わりそうでなによりだ。%K%P
ひとまず、無事に終わりそうでなによりだ。%K%P
