「法子さん、ことりちゃん、大丈夫でしょうか？」%K%P
「法子さん、ことりちゃん、大丈夫でしょうか？」%K%P
「ええ、落ち着いているわ。往診に来て下さった先生のお話では、過労と軽い脱水症状とのことらしいの」%K%P
「ええ、落ち着いているわ。往診に来て下さった先生のお話では、過労と軽い脱水症状とのことらしいの」%K%P
「お水をいっぱい飲んで、消化の良い物を食べて、あとはゆっくり休めば大丈夫ですって」%K%P
「お水をいっぱい飲んで、消化の良い物を食べて、あとはゆっくり休めば大丈夫ですって」%K%P
「はぁ、良かった」%K%P
「はぁ、良かった」%K%P
僕は胸に手を置き、大きなため息をついた。%K%P
僕は胸に手を置き、大きなため息をついた。%K%P
ことりちゃんが倒れた後、学園の医務室に運んだ。%K%P
ことりちゃんが倒れた後、学園の医務室に運んだ。%K%P
付き添おうとしたのだけど、学園に残っていた法子さんが駆け付け、僕を医務室の外に連れ出してしまった。%K%P
付き添おうとしたのだけど、学園に残っていた法子さんが駆け付け、僕を医務室の外に連れ出してしまった。%K%P
「ふふ、あの時のいずみさん、とても慌てていたわね。『ことりちゃんが、ことりちゃんが』って、それしか言わないんだもの」%K%P
「ふふ、あの時のいずみさん、とても慌てていたわね。『ことりちゃんが、ことりちゃんが』って、それしか言わないんだもの」%K%P
「そ、そうでしたか？　その、凄く心配で……」%K%P
「そ、そうでしたか？　その、凄く心配で……」%K%P
法子さんに呼び出された綾香さんに付き添われ、僕は寮に戻った。%K%P
法子さんに呼び出された綾香さんに付き添われ、僕は寮に戻った。%K%P
綾香さん曰く、ひどく顔色が悪くて僕の方が病人みたいだった、らしい。%K%P
綾香さん曰く、ひどく顔色が悪くて僕の方が病人みたいだった、らしい。%K%P
「ことりちゃんのお部屋に行ってもいいですか？」%K%P
「ことりちゃんのお部屋に行ってもいいですか？」%K%P
「ええ、いいわよ。けれどその前に……」%K%P
「ええ、いいわよ。けれどその前に……」%K%P
「夕ご飯まだでしょう？　あなたまで体調を崩してしまったら、寮母のメンツに関わるわ」%K%P
「夕ご飯まだでしょう？　あなたまで体調を崩してしまったら、寮母のメンツに関わるわ」%K%P
「え、あ、後で……」%K%P
「え、あ、後で……」%K%P
「あっ…………え、えっと」%K%P
「あっ…………え、えっと」%K%P
「うふふ、ほぉら、体は正直よ？　ちゃちゃっと作るから、手を洗って来なさいな」%K%P
「うふふ、ほぉら、体は正直よ？　ちゃちゃっと作るから、手を洗って来なさいな」%K%P
夕ご飯を食べた後、ことりちゃんの部屋を訪れた。%K%P
夕ご飯を食べた後、ことりちゃんの部屋を訪れた。%K%P
ノックをしてみるも、返事はない……ことりちゃんは寝ているとしても、夕陽ちゃんが居るはずだけど……%K%P
ノックをしてみるも、返事はない……ことりちゃんは寝ているとしても、夕陽ちゃんが居るはずだけど……%K%P
２度目のノックの後、僕は意を決して扉を開いた。%K%P
２度目のノックの後、僕は意を決して扉を開いた。%K%P
「いずみです、お邪魔します」%K%P
「いずみです、お邪魔します」%K%P
声を掛けて見ても、返事は無い。夕陽ちゃん、どこかに行ってるのかな？%K%P
声を掛けて見ても、返事は無い。夕陽ちゃん、どこかに行ってるのかな？%K%P
控えめに室内を見渡し、足を踏み入れる。%K%P
控えめに室内を見渡し、足を踏み入れる。%K%P
ふわっと甘い、女の子の香りが漂ってくる。%K%P
ふわっと甘い、女の子の香りが漂ってくる。%K%P
「ことりちゃんは…………っと」%K%P
「ことりちゃんは…………っと」%K%P
「…………んんぅ……」%K%P
「…………んんぅ……」%K%P
ベッドの中に横たわっていることりちゃんが目に入る。%K%P
ベッドの中に横たわっていることりちゃんが目に入る。%K%P
薄く開いた唇の隙間から、声が漏れる。%K%P
薄く開いた唇の隙間から、声が漏れる。%K%P
「ことりちゃん、大丈夫？」%K%P
「ことりちゃん、大丈夫？」%K%P
「……んん…………」%K%P
「……んん…………」%K%P
「寝ているのか……」%K%P
「寝ているのか……」%K%P
苦しいのだろうか、時折身をよじっている。%K%P
苦しいのだろうか、時折身をよじっている。%K%P
汗の雫が額から滲み出し、ほっそらとしたアゴを伝わり、開いた胸の隙間にこぼれ落ちる。%K%P
汗の雫が額から滲み出し、ほっそらとしたアゴを伝わり、開いた胸の隙間にこぼれ落ちる。%K%P
僕はハンカチを取り出すと、そっと汗を拭う。%K%P
僕はハンカチを取り出すと、そっと汗を拭う。%K%P
指先が肌に触れる……湿り気を帯びた素肌が吸い付いてくる。%K%P
指先が肌に触れる……湿り気を帯びた素肌が吸い付いてくる。%K%P
「んっ…………」%K%P
「んっ…………」%K%P
甘い痺れが走る。熱のせいだろうか、唇はしっとりと湿り気を帯び、ルージュを塗ったように光っていた。%K%P
甘い痺れが走る。熱のせいだろうか、唇はしっとりと湿り気を帯び、ルージュを塗ったように光っていた。%K%P
「……バカ。こんなときに……」%K%P
「……バカ。こんなときに……」%K%P
顔を覗かせようとする{性:さが}を理性で説得する。%K%P
顔を覗かせようとする{性:さが}を理性で説得する。%K%P
ことりちゃんは苦しんでいるんだ――僕が惑わされてどうする。%K%P
ことりちゃんは苦しんでいるんだ――僕が惑わされてどうする。%K%P
「僕……ことりちゃんに無理させてるのかな。リーダーになんて選ばなければ良かったのかな」%K%P
「僕……ことりちゃんに無理させてるのかな。リーダーになんて選ばなければ良かったのかな」%K%P
「君に自信を持ってもらいたくて、君の持っている素晴らしい物をみんなに知ってもらいたくて……」%K%P
「君に自信を持ってもらいたくて、君の持っている素晴らしい物をみんなに知ってもらいたくて……」%K%P
「けど……勝手な押しつけだったのかな？」%K%P
「けど……勝手な押しつけだったのかな？」%K%P
ぽろぽろと自分の口から弱音がこぼれる。%K%P
ぽろぽろと自分の口から弱音がこぼれる。%K%P
こんなになるまで、妹を、ことりちゃんを追い込むなんて、姉様失格だよ。%K%P
こんなになるまで、妹を、ことりちゃんを追い込むなんて、姉様失格だよ。%K%P
「えっ？」%K%P
「えっ？」%K%P
「…………んぅ…………ん」%K%P
「…………んぅ…………ん」%K%P
ことりちゃんの手が僕のそれに添えられる――起きたのかな？%K%P
ことりちゃんの手が僕のそれに添えられる――起きたのかな？%K%P
マブタはしっかりと閉じられ、呼吸にも変化は無い。%K%P
マブタはしっかりと閉じられ、呼吸にも変化は無い。%K%P
けれどその手は温かく、僕を励ましてくれているようだ。%K%P
けれどその手は温かく、僕を励ましてくれているようだ。%K%P
「……そうだよね。姉様が、ことりちゃんの姉様が弱音なんて吐いちゃ駄目だよね」%K%P
「……そうだよね。姉様が、ことりちゃんの姉様が弱音なんて吐いちゃ駄目だよね」%K%P
「…………ん…………」%K%P
「…………ん…………」%K%P
安心したかのように腕の力が抜け、ずり落ちる。%K%P
安心したかのように腕の力が抜け、ずり落ちる。%K%P
柔らかな手を取って、布団の中にそっと戻した。%K%P
柔らかな手を取って、布団の中にそっと戻した。%K%P
「夕陽です、いずみ様、入ってもいいですか？」%K%P
「夕陽です、いずみ様、入ってもいいですか？」%K%P
ことりちゃんを起こさないよう、静かに立ち上がり、ベッドサイドから離れる。%K%P
ことりちゃんを起こさないよう、静かに立ち上がり、ベッドサイドから離れる。%K%P
「夕陽ちゃん？　はい、どうぞ」%K%P
「夕陽ちゃん？　はい、どうぞ」%K%P
「ごきげんよう、いずみ様。あの、お邪魔しますね」%K%P
「ごきげんよう、いずみ様。あの、お邪魔しますね」%K%P
「ごきげんよう。ふふ、夕陽ちゃん達の部屋なんだから、そんなに気を使わなくてもいいのに」%K%P
「ごきげんよう。ふふ、夕陽ちゃん達の部屋なんだから、そんなに気を使わなくてもいいのに」%K%P
「念のためです。私が席を外している間に、いずみ様とことりんが、いいことしてたら大変ですから、なーんて」%K%P
「念のためです。私が席を外している間に、いずみ様とことりんが、いいことしてたら大変ですから、なーんて」%K%P
「ええ！？　そ、そんなわけ無いじゃない」%K%P
「ええ！？　そ、そんなわけ無いじゃない」%K%P
「えー、なんか顔赤いですよ、いずみ様。ほんとにいいことしようとして……」%K%P
「えー、なんか顔赤いですよ、いずみ様。ほんとにいいことしようとして……」%K%P
「んぅう……」%K%P
「んぅう……」%K%P
絶妙のタイミングでことりちゃんが寝息混じりの声を漏す。%K%P
絶妙のタイミングでことりちゃんが寝息混じりの声を漏す。%K%P
まるで僕を庇ってくれるかのようだ。%K%P
まるで僕を庇ってくれるかのようだ。%K%P
「いけない、いけない、ことりん、寝てるんでした。あの、いずみ様こっちで話しましょう」%K%P
「いけない、いけない、ことりん、寝てるんでした。あの、いずみ様こっちで話しましょう」%K%P
僕らはことりちゃんのベッドから離れた所に移動する――ここらならいいかな。%K%P
僕らはことりちゃんのベッドから離れた所に移動する――ここらならいいかな。%K%P
「大したこと無さそうで、安心しました。いずみ様、ことりんを医務室に連れて行ってくれたそうですね。ありがとうございます」%K%P
「大したこと無さそうで、安心しました。いずみ様、ことりんを医務室に連れて行ってくれたそうですね。ありがとうございます」%K%P
「ううん、私が付いていながら、無理させちゃったんだもの。お礼なんて言われる筋合いじゃないよ」%K%P
「ううん、私が付いていながら、無理させちゃったんだもの。お礼なんて言われる筋合いじゃないよ」%K%P
もうちょっと僕がしっかりと見ていれば、こんな事は起こらなかったかも知れない。%K%P
もうちょっと僕がしっかりと見ていれば、こんな事は起こらなかったかも知れない。%K%P
「今回、ことりんが倒れたって聞いて……やっぱりって思っちゃいました」%K%P
「今回、ことりんが倒れたって聞いて……やっぱりって思っちゃいました」%K%P
「ことりん無理をすると食欲が無くなって、熱を出すんです」%K%P
「ことりん無理をすると食欲が無くなって、熱を出すんです」%K%P
「……そうだったんだ。その、止めてあげるとか、ペースを落とすようにとかは、出来なかったのかな？」%K%P
「……そうだったんだ。その、止めてあげるとか、ペースを落とすようにとかは、出来なかったのかな？」%K%P
「多分、出来なかったと思います。ことりんって、集中すると周りが見えなくなっちゃうから」%K%P
「多分、出来なかったと思います。ことりんって、集中すると周りが見えなくなっちゃうから」%K%P
「いずみ様にお伝えしておかなきゃならなかったのに……ごめんなさい」%K%P
「いずみ様にお伝えしておかなきゃならなかったのに……ごめんなさい」%K%P
「あ、そうじゃなくて……その、こちらこそ言葉足らずで、ごめんね」%K%P
「あ、そうじゃなくて……その、こちらこそ言葉足らずで、ごめんね」%K%P
しまった、これじゃ夕陽ちゃんを責めてるみたいだ。%K%P
しまった、これじゃ夕陽ちゃんを責めてるみたいだ。%K%P
彼女だって一年生でリーダーを勤めていて、自分の事で精一杯だろうに。%K%P
彼女だって一年生でリーダーを勤めていて、自分の事で精一杯だろうに。%K%P
「いいんです。それに、ことりんは、いま変わろうと頑張ってるんです」%K%P
「いいんです。それに、ことりんは、いま変わろうと頑張ってるんです」%K%P
「ここで私が出てきたら、また元通りになっちゃいます」%K%P
「ここで私が出てきたら、また元通りになっちゃいます」%K%P
「今ことりんに必要なのは、手を引っ張ってくれるんじゃなくて、見守ってくれる人だと思うんです」%K%P
「今ことりんに必要なのは、手を引っ張ってくれるんじゃなくて、見守ってくれる人だと思うんです」%K%P
「そしてその人は……私じゃなくて、きっといずみ様だと思うんです」%K%P
「そしてその人は……私じゃなくて、きっといずみ様だと思うんです」%K%P
夕陽ちゃんが言葉を切る。僕はこの年下の女の子に教えられた。%K%P
夕陽ちゃんが言葉を切る。僕はこの年下の女の子に教えられた。%K%P
「……夕陽ちゃんは凄いね」%K%P
「……夕陽ちゃんは凄いね」%K%P
「いいえ、元はと言えば、気づかせてくれたのは、いずみ様ですよ」%K%P
「いいえ、元はと言えば、気づかせてくれたのは、いずみ様ですよ」%K%P
「寮のラウンジでお話ししてくれたこと、あれが無かったら、私もことりんも変わらないままでした」%K%P
「寮のラウンジでお話ししてくれたこと、あれが無かったら、私もことりんも変わらないままでした」%K%P
そうか……あの時僕が彼女達を変え始め、そして、今は、夕陽ちゃんが僕を変えようとしているんだな。%K%P
そうか……あの時僕が彼女達を変え始め、そして、今は、夕陽ちゃんが僕を変えようとしているんだな。%K%P
「さてと……ことりんの脳天気な寝顔みたら、安心しちゃいました」%K%P
「さてと……ことりんの脳天気な寝顔みたら、安心しちゃいました」%K%P
「私、希実さんの部屋に行きますので」%K%P
「私、希実さんの部屋に行きますので」%K%P
夕陽ちゃんが僕の瞳を覗き込む。%K%P
夕陽ちゃんが僕の瞳を覗き込む。%K%P
穏やかな微笑を浮かべる口元と対照的に、瞳には真剣な物が見える。%K%P
穏やかな微笑を浮かべる口元と対照的に、瞳には真剣な物が見える。%K%P
「いずみ様、ことりんのこと、{後は:・・}お任せします」%K%P
「いずみ様、ことりんのこと、{後は:・・}お任せします」%K%P
「……うん、任せて」%K%P
「……うん、任せて」%K%P
僕は彼女の思いに応えるように、しっかりと頷いた。%K%P
僕は彼女の思いに応えるように、しっかりと頷いた。%K%P
「……えへ、それじゃ失礼します。お休みなさい、いずみ様」%K%P
「……えへ、それじゃ失礼します。お休みなさい、いずみ様」%K%P
