「んっ……うぅ……」%K%P
「んっ……うぅ……」%K%P
僕は少し重たい身体を起こして瞼をこする。%K%P
僕は少し重たい身体を起こして瞼をこする。%K%P
……どうやら、いつの間にか寝てしまっていたらしい。%K%P
……どうやら、いつの間にか寝てしまっていたらしい。%K%P
「あ、おはよう。いずみさん」%K%P
「あ、おはよう。いずみさん」%K%P
もぞもぞと僕がベッドから這い出る音が聞こえたのか、綾香さんが仕切りの向こうから姿を見せた。%K%P
もぞもぞと僕がベッドから這い出る音が聞こえたのか、綾香さんが仕切りの向こうから姿を見せた。%K%P
「うん……おはよ……」%K%P
「うん……おはよ……」%K%P
「随分と今朝は眠そうね？」%K%P
「随分と今朝は眠そうね？」%K%P
「ちょっと寝付けなくて……」%K%P
「ちょっと寝付けなくて……」%K%P
「考えごと？　わたしで良ければ相談に乗るわよ」%K%P
「考えごと？　わたしで良ければ相談に乗るわよ」%K%P
「ありがとう。でも大したことじゃないから」%K%P
「ありがとう。でも大したことじゃないから」%K%P
「ならいいけど……いつでも話していいからね」%K%P
「ならいいけど……いつでも話していいからね」%K%P
綾香さんは僕に微笑みかける。%K%P
綾香さんは僕に微笑みかける。%K%P
本当に、優しい人だなぁ……。%K%P
本当に、優しい人だなぁ……。%K%P
「そうだ、今日は先に出ちゃうけど平気？」%K%P
「そうだ、今日は先に出ちゃうけど平気？」%K%P
「何かあるの？」%K%P
「何かあるの？」%K%P
「日直なの。ホームルーム前に先生の所に行かないと」%K%P
「日直なの。ホームルーム前に先生の所に行かないと」%K%P
カバンを持って綾香さんは立ち上がった。%K%P
カバンを持って綾香さんは立ち上がった。%K%P
その動きに合わせ、ふわりとスカートが広がる。%K%P
その動きに合わせ、ふわりとスカートが広がる。%K%P
「綾香さん、ちょっと待って」%K%P
「綾香さん、ちょっと待って」%K%P
僕は綾香さんの元へ駆け寄ると、胸元のスクールリボンに手を伸ばした。%K%P
僕は綾香さんの元へ駆け寄ると、胸元のスクールリボンに手を伸ばした。%K%P
「リボン、曲がってる」%K%P
「リボン、曲がってる」%K%P
「あっ……」%K%P
「あっ……」%K%P
少し斜めになっていたリボンを整えてあげる。%K%P
少し斜めになっていたリボンを整えてあげる。%K%P
「ありがとう。いずみさん、もう女の子になっちゃえば？」%K%P
「ありがとう。いずみさん、もう女の子になっちゃえば？」%K%P
「それはご勘弁を……」%K%P
「それはご勘弁を……」%K%P
「あははっ、じゃあ教室でね」%K%P
「あははっ、じゃあ教室でね」%K%P
「うん」%K%P
「うん」%K%P
手を振りながら、僕は綾香さんを見送った。%K%P
手を振りながら、僕は綾香さんを見送った。%K%P
「…………」%K%P
「…………」%K%P
うわああぁぁ……何やってるんだ僕は！%K%P
うわああぁぁ……何やってるんだ僕は！%K%P
今さらだけど、女の子の胸元に向かって、当たり前のように手を伸ばしちゃったよ……。%K%P
今さらだけど、女の子の胸元に向かって、当たり前のように手を伸ばしちゃったよ……。%K%P
綾香さんは何も言ってこなかったけど……マズいよなぁ。%K%P
綾香さんは何も言ってこなかったけど……マズいよなぁ。%K%P
自分が男だという意識が薄くなっているかもしれない。気を引き締めないと。%K%P
自分が男だという意識が薄くなっているかもしれない。気を引き締めないと。%K%P
「……準備しよ」%K%P
「……準備しよ」%K%P
しっかり鏡で自分の姿を確認して、僕は寮を出た。%K%P
しっかり鏡で自分の姿を確認して、僕は寮を出た。%K%P
既にたくさんの女の子たちが、制服を身に纏って校舎の中へと入っていく。%K%P
既にたくさんの女の子たちが、制服を身に纏って校舎の中へと入っていく。%K%P
友達と笑談している子、車で送迎されている子、単語帳を見ている子など……さまざまだ。%K%P
友達と笑談している子、車で送迎されている子、単語帳を見ている子など……さまざまだ。%K%P
「ふあぁ……」%K%P
「ふあぁ……」%K%P
思わず小さなあくびをしてしまい、僕は他の子に見られないように手で隠す。%K%P
思わず小さなあくびをしてしまい、僕は他の子に見られないように手で隠す。%K%P
「ふぅ、眠いなぁ……」%K%P
「ふぅ、眠いなぁ……」%K%P
――今朝の寝不足の原因には理由がある。%K%P
――今朝の寝不足の原因には理由がある。%K%P
昨日の夜、千影さん事を、そして『不純同性交友の禁止』について改めて考えていたのだ。%K%P
昨日の夜、千影さん事を、そして『不純同性交友の禁止』について改めて考えていたのだ。%K%P
そもそも同性による恋愛というのは、世間的にはあまり良しとされない傾向がある。%K%P
そもそも同性による恋愛というのは、世間的にはあまり良しとされない傾向がある。%K%P
元々タブーとされているにも関わらず、わざわざ禁止にする必要はないだろう。%K%P
元々タブーとされているにも関わらず、わざわざ禁止にする必要はないだろう。%K%P
「それでも、あえて禁止を明確にしようとする理由……」%K%P
「それでも、あえて禁止を明確にしようとする理由……」%K%P
……うーん、なんだろう？%K%P
……うーん、なんだろう？%K%P
一晩思考を巡らせてみたものの、これだ、という結論には至らなかった。%K%P
一晩思考を巡らせてみたものの、これだ、という結論には至らなかった。%K%P
「――いずみさん」%K%P
「――いずみさん」%K%P
「うひゃぁ！？」%K%P
「うひゃぁ！？」%K%P
突然肩に手を置かれ、僕は変な声を出しながら振り返る。%K%P
突然肩に手を置かれ、僕は変な声を出しながら振り返る。%K%P
「ご機嫌よう。驚かせてしまったかしら……？」%K%P
「ご機嫌よう。驚かせてしまったかしら……？」%K%P
「お、おはようございます……大丈夫ですよ」%K%P
「お、おはようございます……大丈夫ですよ」%K%P
あーびっくりした。本当は心臓がドキドキしてるけど……。%K%P
あーびっくりした。本当は心臓がドキドキしてるけど……。%K%P
「こんな所で立ち尽くしてどうかされたのですか？」%K%P
「こんな所で立ち尽くしてどうかされたのですか？」%K%P
「ちょっと考え事を……」%K%P
「ちょっと考え事を……」%K%P
「まぁ、そうでしたの。でもこのままだと遅刻になってしまいますわよ」%K%P
「まぁ、そうでしたの。でもこのままだと遅刻になってしまいますわよ」%K%P
「あ……そうですね」%K%P
「あ……そうですね」%K%P
「行きましょう」%K%P
「行きましょう」%K%P
僕は先に歩き出した奏さんの背中を追いかけるようにして、昇降口へ向かった。%K%P
僕は先に歩き出した奏さんの背中を追いかけるようにして、昇降口へ向かった。%K%P
「――それで、千影には聞けましたの？」%K%P
「――それで、千影には聞けましたの？」%K%P
ふたり並んで廊下を歩いていると、奏さんが口を開いた。%K%P
ふたり並んで廊下を歩いていると、奏さんが口を開いた。%K%P
「……まだです」%K%P
「……まだです」%K%P
「あら、そうですの」%K%P
「あら、そうですの」%K%P
「やっぱり、気軽に聞けるような話題じゃなさそうだし……」%K%P
「やっぱり、気軽に聞けるような話題じゃなさそうだし……」%K%P
「それに、奏さんのように仲が良ければ別ですけど、まだ私は千影さんの事をよく知らないから」%K%P
「それに、奏さんのように仲が良ければ別ですけど、まだ私は千影さんの事をよく知らないから」%K%P
「……でしたらっ」%K%P
「……でしたらっ」%K%P
奏さんは何か思いついたらしく、両手をぱちんと叩く。%K%P
奏さんは何か思いついたらしく、両手をぱちんと叩く。%K%P
「気軽に聞けるような関係になってしまえばいいのですわ」%K%P
「気軽に聞けるような関係になってしまえばいいのですわ」%K%P
……確かにもっともシンプルな答えだ。%K%P
……確かにもっともシンプルな答えだ。%K%P
「どうすればなれるんでしょうか……？」%K%P
「どうすればなれるんでしょうか……？」%K%P
「こういう場合は、逆から物事を考えていくのが良いでしょう」%K%P
「こういう場合は、逆から物事を考えていくのが良いでしょう」%K%P
逆から……か。%K%P
逆から……か。%K%P
「今回の件で例えるなら、いずみさんには秘密があるとします」%K%P
「今回の件で例えるなら、いずみさんには秘密があるとします」%K%P
「はい」%K%P
「はい」%K%P
僕は頷き返す。%K%P
僕は頷き返す。%K%P
かなり重大な秘密があるわけだけど……。%K%P
かなり重大な秘密があるわけだけど……。%K%P
「どういう人であれば、ご自身の秘密をお話しますか？」%K%P
「どういう人であれば、ご自身の秘密をお話しますか？」%K%P
「それはやっぱり……信じられる人かな」%K%P
「それはやっぱり……信じられる人かな」%K%P
当たり前だけど、よほどの状況でもない限り、信頼できる人しか話せないだろう。%K%P
当たり前だけど、よほどの状況でもない限り、信頼できる人しか話せないだろう。%K%P
「でしたら、どういった人なら信じられるんですの？」%K%P
「でしたら、どういった人なら信じられるんですの？」%K%P
「うーん……」%K%P
「うーん……」%K%P
改めて聞かれると、どう答えていいのか分からない。%K%P
改めて聞かれると、どう答えていいのか分からない。%K%P
嘘をつかないとか、ありのままの自分で接するとか？%K%P
嘘をつかないとか、ありのままの自分で接するとか？%K%P
その考えでいくと僕は信用されにくい部類に入るかも……性別を偽っているし。%K%P
その考えでいくと僕は信用されにくい部類に入るかも……性別を偽っているし。%K%P
「うふふ。悩んでいらっしゃいますわね」%K%P
「うふふ。悩んでいらっしゃいますわね」%K%P
「難しいですね、こういうの」%K%P
「難しいですね、こういうの」%K%P
「いずみさんならきっと、何とかしてしまうと思いますわ」%K%P
「いずみさんならきっと、何とかしてしまうと思いますわ」%K%P
「……自信ありげに言うんですね」%K%P
「……自信ありげに言うんですね」%K%P
「ええ。いずみさんなら、と信じてますから」%K%P
「ええ。いずみさんなら、と信じてますから」%K%P
奏さんは微笑むと、その場で立ち止まった。%K%P
奏さんは微笑むと、その場で立ち止まった。%K%P
話に集中していて気付かなかったけど、もう奏さんのクラスの前まで来ていたらしい。%K%P
話に集中していて気付かなかったけど、もう奏さんのクラスの前まで来ていたらしい。%K%P
「奏さんの期待に応えられるよう……頑張ります」%K%P
「奏さんの期待に応えられるよう……頑張ります」%K%P
僕は教室の扉の小窓から、中の様子を覗いてみる。%K%P
僕は教室の扉の小窓から、中の様子を覗いてみる。%K%P
いた……。%K%P
いた……。%K%P
千影さんは昨日とまるで同じように、椅子に腰を下ろして凛とした表情で読書をしていた。%K%P
千影さんは昨日とまるで同じように、椅子に腰を下ろして凛とした表情で読書をしていた。%K%P
当然周囲には誰もいなくて、まるでそこだけ空間が切り離されたようにすら見える。%K%P
当然周囲には誰もいなくて、まるでそこだけ空間が切り離されたようにすら見える。%K%P
僕は、彼女との心の距離を詰めることできるのだろうか？%K%P
僕は、彼女との心の距離を詰めることできるのだろうか？%K%P
「……それでは失礼しますわ」%K%P
「……それでは失礼しますわ」%K%P
「アドバイス、ありがとうございました」%K%P
「アドバイス、ありがとうございました」%K%P
「どういたしまして。頑張って下さいね」%K%P
「どういたしまして。頑張って下さいね」%K%P
会釈をすると、奏さんは教室へ入っていく。%K%P
会釈をすると、奏さんは教室へ入っていく。%K%P
もちろん向かった先は――千影さんの席だ。%K%P
もちろん向かった先は――千影さんの席だ。%K%P
僕は視線を戻し、自分の教室へと歩き出す。%K%P
僕は視線を戻し、自分の教室へと歩き出す。%K%P
「千影さんと信頼関係を築く方法……」%K%P
「千影さんと信頼関係を築く方法……」%K%P
まずは今までの出来事を整理してみる。%K%P
まずは今までの出来事を整理してみる。%K%P
きっかけは、千影さんから『不純同性交友の禁止』を{最優秀騎士:ブリランテ}になって叶えたい、というのを聞いたこと。%K%P
きっかけは、千影さんから『不純同性交友の禁止』を{最優秀騎士:ブリランテ}になって叶えたい、というのを聞いたこと。%K%P
僕はなぜ禁止を明確にするのか気になるけど、仲がとても良いわけでもなく、聞き出しにくい。%K%P
僕はなぜ禁止を明確にするのか気になるけど、仲がとても良いわけでもなく、聞き出しにくい。%K%P
奏さんに相談した結果、仲良くなればいいという回答をもらった。%K%P
奏さんに相談した結果、仲良くなればいいという回答をもらった。%K%P
……とりあえず、こんなところだろう。%K%P
……とりあえず、こんなところだろう。%K%P
「仲良くなるには――」%K%P
「仲良くなるには――」%K%P
思考を遮るように、廊下に予鈴が鳴り響いた。%K%P
思考を遮るように、廊下に予鈴が鳴り響いた。%K%P
今日は授業に集中できそうにないかも……。%K%P
今日は授業に集中できそうにないかも……。%K%P
放課後、僕は外の空気が吸いたくなって、屋上の庭園とやってきた。%K%P
放課後、僕は外の空気が吸いたくなって、屋上の庭園とやってきた。%K%P
少しずつ空をオレンジ色に染める夕日が眩しく、僕の影を長く伸ばす。%K%P
少しずつ空をオレンジ色に染める夕日が眩しく、僕の影を長く伸ばす。%K%P
「はぁ……」%K%P
「はぁ……」%K%P
自分らしくないな、なんて思いつつも、ため息を吐かずにはいられない。%K%P
自分らしくないな、なんて思いつつも、ため息を吐かずにはいられない。%K%P
……授業中はずっと人と仲良くなる方法を考えていた。%K%P
……授業中はずっと人と仲良くなる方法を考えていた。%K%P
その結果、出てきた結論としては、出来るだけ顔を合わせてたくさん会話する。これだけだった。%K%P
その結果、出てきた結論としては、出来るだけ顔を合わせてたくさん会話する。これだけだった。%K%P
「逆に考える……か」%K%P
「逆に考える……か」%K%P
せっかく奏さんからアドバイスをもらったのに、有効に活用できていないなぁ。%K%P
せっかく奏さんからアドバイスをもらったのに、有効に活用できていないなぁ。%K%P
どうにかして、自分から千影さんと話す機会を作っていくしかないのか……。%K%P
どうにかして、自分から千影さんと話す機会を作っていくしかないのか……。%K%P
何かきっかけがあればいいんだけど。%K%P
何かきっかけがあればいいんだけど。%K%P
「ああっ、モヤモヤするっ……！」%K%P
「ああっ、モヤモヤするっ……！」%K%P
考えが全然まとまらず、僕はウィッグをわしゃわしゃと掻きむしる。%K%P
考えが全然まとまらず、僕はウィッグをわしゃわしゃと掻きむしる。%K%P
落ち着け、落ち着くんだ僕……。%K%P
落ち着け、落ち着くんだ僕……。%K%P
僕は改めて庭園内を見回す。%K%P
僕は改めて庭園内を見回す。%K%P
さすがに放課後だけあって、ほかの学生の姿は見当たらない。%K%P
さすがに放課後だけあって、ほかの学生の姿は見当たらない。%K%P
「よし、こういう時は……」%K%P
「よし、こういう時は……」%K%P
歌おう。%K%P
歌おう。%K%P
ここなら誰にも迷惑にはならないだろうし。%K%P
ここなら誰にも迷惑にはならないだろうし。%K%P
いったん考えるのをやめて、深呼吸。%K%P
いったん考えるのをやめて、深呼吸。%K%P
「すぅっ――」%K%P
「すぅっ――」%K%P
肺に空気をたくさん吸い込み、口を大きく開く。%K%P
肺に空気をたくさん吸い込み、口を大きく開く。%K%P
目を閉じて、頭の中に歌詞を思い浮かべる。%K%P
目を閉じて、頭の中に歌詞を思い浮かべる。%K%P
喉を震わせ、湧き上がるような旋律を声に乗せていく。%K%P
喉を震わせ、湧き上がるような旋律を声に乗せていく。%K%P
歌の力はとても強くて、曇りかかっていた思考がクリアに変わっていくのを感じた。%K%P
歌の力はとても強くて、曇りかかっていた思考がクリアに変わっていくのを感じた。%K%P
僕は歌うことくらいしか出来ないけど。%K%P
僕は歌うことくらいしか出来ないけど。%K%P
誰かの助けになれたらいいな、なんて思うんだ――。%K%P
誰かの助けになれたらいいな、なんて思うんだ――。%K%P
「え……？」%K%P
「え……？」%K%P
ちょうど一曲歌い終えると、どこからか拍手の音が聞こえてきた。%K%P
ちょうど一曲歌い終えると、どこからか拍手の音が聞こえてきた。%K%P
僕はその方向に身体を向ける。%K%P
僕はその方向に身体を向ける。%K%P
「……素晴らしかった」%K%P
「……素晴らしかった」%K%P
「千影さん……」%K%P
「千影さん……」%K%P
僕の邪魔をしないようにしてくれていたのか、千影さんは庭園の出入り口に立っていた。%K%P
僕の邪魔をしないようにしてくれていたのか、千影さんは庭園の出入り口に立っていた。%K%P
そんな彼女の元へと僕は歩いて行く。%K%P
そんな彼女の元へと僕は歩いて行く。%K%P
「ごめんなさい。邪魔をしてしまって……」%K%P
「ごめんなさい。邪魔をしてしまって……」%K%P
「気にしないで。そんな事ないから」%K%P
「気にしないで。そんな事ないから」%K%P
「そう言ってもらえると助かるわ」%K%P
「そう言ってもらえると助かるわ」%K%P
「ところで、どうしてここに？」%K%P
「ところで、どうしてここに？」%K%P
「教室の窓を開けて読書をしていたら、いずみさんの声が聞こえたものだから」%K%P
「教室の窓を開けて読書をしていたら、いずみさんの声が聞こえたものだから」%K%P
ということは、いつも通り送迎を待っていたわけか。%K%P
ということは、いつも通り送迎を待っていたわけか。%K%P
「……窓から聞こえたってことは、学園のみんなに聞かれちゃったかな」%K%P
「……窓から聞こえたってことは、学園のみんなに聞かれちゃったかな」%K%P
「放課後だからそんなに聞かれてはいないだろうけれど、いいじゃない。素敵な歌だったわ」%K%P
「放課後だからそんなに聞かれてはいないだろうけれど、いいじゃない。素敵な歌だったわ」%K%P
「何か気に障ることでも言ってしまった？」%K%P
「何か気に障ることでも言ってしまった？」%K%P
「あ、いや、違うんだ。褒めてくれるのは嬉しいんだけど」%K%P
「あ、いや、違うんだ。褒めてくれるのは嬉しいんだけど」%K%P
「今の歌は、私の中では満足いかなかったっていうか……」%K%P
「今の歌は、私の中では満足いかなかったっていうか……」%K%P
僕がそう言うと、千影さんは目を丸くする。%K%P
僕がそう言うと、千影さんは目を丸くする。%K%P
「おかしくはなさそうだったけれど、どのあたりがいけなかったの？」%K%P
「おかしくはなさそうだったけれど、どのあたりがいけなかったの？」%K%P
――千影さんの意見は確かに正しい。正しいんだ。%K%P
――千影さんの意見は確かに正しい。正しいんだ。%K%P
音程も歌詞も間違えたつもりはないし、最後まで歌い切れた。技術的には問題ない。%K%P
音程も歌詞も間違えたつもりはないし、最後まで歌い切れた。技術的には問題ない。%K%P
でも……。%K%P
でも……。%K%P
「気持ちが歌に乗っていなかったんだ」%K%P
「気持ちが歌に乗っていなかったんだ」%K%P
「気持ちが？」%K%P
「気持ちが？」%K%P
僕の感覚からすると、ただそれらしく聞こえるように歌った、という感じだ。%K%P
僕の感覚からすると、ただそれらしく聞こえるように歌った、という感じだ。%K%P
「……全然私には分からなかったけれど」%K%P
「……全然私には分からなかったけれど」%K%P
「歌は心を映す鏡。私が師事する先生にそう教わってきた」%K%P
「歌は心を映す鏡。私が師事する先生にそう教わってきた」%K%P
「心を映す鏡……」%K%P
「心を映す鏡……」%K%P
「楽しい気持ちで歌えば明るい曲になるし、悲しい気持ちで歌えば暗い曲になる」%K%P
「楽しい気持ちで歌えば明るい曲になるし、悲しい気持ちで歌えば暗い曲になる」%K%P
「同じ曲だとしても、歌う人の気持ちひとつで違う曲に変わってしまう」%K%P
「同じ曲だとしても、歌う人の気持ちひとつで違う曲に変わってしまう」%K%P
僕はまだなんとなくというレベルでしか感じられていないけど、確かにそういうものはあると思う。%K%P
僕はまだなんとなくというレベルでしか感じられていないけど、確かにそういうものはあると思う。%K%P
「なるほど……ね」%K%P
「なるほど……ね」%K%P
「つまり、今のいずみさんの歌は、あまり楽しい気持ちで歌ったものでない、ということ？」%K%P
「つまり、今のいずみさんの歌は、あまり楽しい気持ちで歌ったものでない、ということ？」%K%P
「そうだね。ちょっとモヤモヤしちゃって……気晴らしに」%K%P
「そうだね。ちょっとモヤモヤしちゃって……気晴らしに」%K%P
「モヤモヤ……何か不安な事でもあったの？」%K%P
「モヤモヤ……何か不安な事でもあったの？」%K%P
「えっと、それは……その」%K%P
「えっと、それは……その」%K%P
思わず言いよどんでしまう。%K%P
思わず言いよどんでしまう。%K%P
千影さんの事で悩んでいた、とは当然言えない。%K%P
千影さんの事で悩んでいた、とは当然言えない。%K%P
「あ、言いにくいのなら無理に話さなくてもいいわ」%K%P
「あ、言いにくいのなら無理に話さなくてもいいわ」%K%P
「いずみさんの友人として、力になれたらと思っただけ」%K%P
「いずみさんの友人として、力になれたらと思っただけ」%K%P
「友人……？」%K%P
「友人……？」%K%P
「ええ」%K%P
「ええ」%K%P
優しい表情で頷いてくれる千影さん。%K%P
優しい表情で頷いてくれる千影さん。%K%P
「それとも、友人と思ってはいけなかった？」%K%P
「それとも、友人と思ってはいけなかった？」%K%P
「そ、そんな！　光栄ですっ！」%K%P
「そ、そんな！　光栄ですっ！」%K%P
「いきなり敬語になっているし……いずみさんは面白い人よね」%K%P
「いきなり敬語になっているし……いずみさんは面白い人よね」%K%P
「なんといっても『僕』だもの」%K%P
「なんといっても『僕』だもの」%K%P
「もうそのネタはやめてよっ」%K%P
「もうそのネタはやめてよっ」%K%P
「反応が可愛らしいから、つい」%K%P
「反応が可愛らしいから、つい」%K%P
「もーっ」%K%P
「もーっ」%K%P
「ふふっ……」%K%P
「ふふっ……」%K%P
「……あははっ」%K%P
「……あははっ」%K%P
千影さんに冗談を言われ、ふたりで笑い合う。%K%P
千影さんに冗談を言われ、ふたりで笑い合う。%K%P
なんだか、さっきまで悩んでいたのが馬鹿馬鹿しくさえ思えてしまった。%K%P
なんだか、さっきまで悩んでいたのが馬鹿馬鹿しくさえ思えてしまった。%K%P
「……さっきモヤモヤしてたって言ったよね」%K%P
「……さっきモヤモヤしてたって言ったよね」%K%P
「そうね」%K%P
「そうね」%K%P
「千影さんとどうしたら仲良しになれるかなって、悩んでたの」%K%P
「千影さんとどうしたら仲良しになれるかなって、悩んでたの」%K%P
「私と……」%K%P
「私と……」%K%P
「奏さんにアドバイスとかもらったんだけど、上手くいかなくて……」%K%P
「奏さんにアドバイスとかもらったんだけど、上手くいかなくて……」%K%P
「だから、私の友人だって言ってくれて、本当に嬉しかった」%K%P
「だから、私の友人だって言ってくれて、本当に嬉しかった」%K%P
「いずみさんったら……」%K%P
「いずみさんったら……」%K%P
「えと、これからもよろしくね、千影さん」%K%P
「えと、これからもよろしくね、千影さん」%K%P
「こちらこそ、いずみさん」%K%P
「こちらこそ、いずみさん」%K%P
僕が差し出した手を、千影さんがぎゅっと握ってくれる。%K%P
僕が差し出した手を、千影さんがぎゅっと握ってくれる。%K%P
今までのモヤっとした気分はどこかに消え去り、代わりに嬉しいような、恥ずかしいような気持ちに包まれた。%K%P
今までのモヤっとした気分はどこかに消え去り、代わりに嬉しいような、恥ずかしいような気持ちに包まれた。%K%P
……歌いたい。今だったら、最高の歌になりそうだ。%K%P
……歌いたい。今だったら、最高の歌になりそうだ。%K%P
「一曲だけ、いいかな」%K%P
「一曲だけ、いいかな」%K%P
「ええ。聴かせて、いずみさんの歌を」%K%P
「ええ。聴かせて、いずみさんの歌を」%K%P
夕暮れ時の屋上に吹く風を感じ、僕は手を胸に当てる。%K%P
夕暮れ時の屋上に吹く風を感じ、僕は手を胸に当てる。%K%P
そして、何度も歌い込んだメロディを奏でていく。%K%P
そして、何度も歌い込んだメロディを奏でていく。%K%P
先ほどとは違い、歌声がどこまでも響いていくような気さえしてくる。%K%P
先ほどとは違い、歌声がどこまでも響いていくような気さえしてくる。%K%P
そう、歌は心を映す鏡。%K%P
そう、歌は心を映す鏡。%K%P
千影さんに、この嬉しい気持ちが届きますように――。%K%P
千影さんに、この嬉しい気持ちが届きますように――。%K%P
「…………ふぅ」%K%P
「…………ふぅ」%K%P
１分程度しか尺のない、短い歌。%K%P
１分程度しか尺のない、短い歌。%K%P
永遠に歌い続けられそうだとさえ錯覚した時間が、終わりを告げた。%K%P
永遠に歌い続けられそうだとさえ錯覚した時間が、終わりを告げた。%K%P
こころなしか、少し千影さんの震えているように見える。%K%P
こころなしか、少し千影さんの震えているように見える。%K%P
「千影さん？」%K%P
「千影さん？」%K%P
「凄すぎて言葉が出てこなかった……」%K%P
「凄すぎて言葉が出てこなかった……」%K%P
「素人でも分かるわ。最初の歌とは質が違う」%K%P
「素人でも分かるわ。最初の歌とは質が違う」%K%P
「すっ……と頭の中に入ってきて、とても心が安らぐ……」%K%P
「すっ……と頭の中に入ってきて、とても心が安らぐ……」%K%P
「ほ、褒めすぎだよ」%K%P
「ほ、褒めすぎだよ」%K%P
「そんなことはない。ずっと聞いていたいもの」%K%P
「そんなことはない。ずっと聞いていたいもの」%K%P
……良かった。もしかしたら、僕の気持ちが少しでも伝わってくれたのかもしれない。%K%P
……良かった。もしかしたら、僕の気持ちが少しでも伝わってくれたのかもしれない。%K%P
「歌って本当に素敵……」%K%P
「歌って本当に素敵……」%K%P
「私もそう思うよ」%K%P
「私もそう思うよ」%K%P
「千影さんみたいに喜んでもらえる人がいるから、やめられない」%K%P
「千影さんみたいに喜んでもらえる人がいるから、やめられない」%K%P
「いずみさんは本当に歌が大好きなのね……」%K%P
「いずみさんは本当に歌が大好きなのね……」%K%P
「そうだね。歌は世界中の人を繋ぐ素晴らしいものだと思うんだ」%K%P
「そうだね。歌は世界中の人を繋ぐ素晴らしいものだと思うんだ」%K%P
「洋楽だって歌詞の意味が分からなくても、いいと思える歌がたくさんある……」%K%P
「洋楽だって歌詞の意味が分からなくても、いいと思える歌がたくさんある……」%K%P
「歌の雰囲気だけで全てを伝えることができるんだ」%K%P
「歌の雰囲気だけで全てを伝えることができるんだ」%K%P
「……言語の違いはあるけれど、壁はない」%K%P
「……言語の違いはあるけれど、壁はない」%K%P
僕は千影さんの発言に対して頷く。%K%P
僕は千影さんの発言に対して頷く。%K%P
「それに歌だけじゃなくて、絵や劇といった芸術も、理屈抜きに人を感動させられるから世界中の人に好かれている」%K%P
「それに歌だけじゃなくて、絵や劇といった芸術も、理屈抜きに人を感動させられるから世界中の人に好かれている」%K%P
「国や言語を飛び越えて、人同士が繋がっていく……私もそのきっかけを作れるようになりたい」%K%P
「国や言語を飛び越えて、人同士が繋がっていく……私もそのきっかけを作れるようになりたい」%K%P
「立派な考え……私、感動してしまった」%K%P
「立派な考え……私、感動してしまった」%K%P
「はは……ちょっと大げさに言っちゃったけどね」%K%P
「はは……ちょっと大げさに言っちゃったけどね」%K%P
照れ隠しに僕は目を逸らす。%K%P
照れ隠しに僕は目を逸らす。%K%P
「こんな素敵な{歌姫:ディーバ}と学園生活を送れて、光栄に思うわ」%K%P
「こんな素敵な{歌姫:ディーバ}と学園生活を送れて、光栄に思うわ」%K%P
「私もだよ。深皇に来てから、毎日が刺激的だから」%K%P
「私もだよ。深皇に来てから、毎日が刺激的だから」%K%P
ゆったりとした時間の流れを止めるように、千影さんの携帯のコール音。%K%P
ゆったりとした時間の流れを止めるように、千影さんの携帯のコール音。%K%P
「ふぅ……」%K%P
「ふぅ……」%K%P
雰囲気を壊されたことに気分を害したのか、ため息をつきつつボタンを押す。%K%P
雰囲気を壊されたことに気分を害したのか、ため息をつきつつボタンを押す。%K%P
「迎えが来たのかな？」%K%P
「迎えが来たのかな？」%K%P
「ええ。今着いたみたい」%K%P
「ええ。今着いたみたい」%K%P
「本当はもう少し歌の余韻にひたっていたいのだけれど、仕方ないわね……」%K%P
「本当はもう少し歌の余韻にひたっていたいのだけれど、仕方ないわね……」%K%P
「いずみさん、今日は正門まで送ってくれる？」%K%P
「いずみさん、今日は正門まで送ってくれる？」%K%P
「あ、うん！」%K%P
「あ、うん！」%K%P
昨日は男の子みたいって笑われてしまったから、今日は誘ってくれるなんて思いもしなかった。%K%P
昨日は男の子みたいって笑われてしまったから、今日は誘ってくれるなんて思いもしなかった。%K%P
だから今の何気ない一言が、とても嬉しい。%K%P
だから今の何気ない一言が、とても嬉しい。%K%P
千影さんと並ぶようにして、昇降口を後にする。%K%P
千影さんと並ぶようにして、昇降口を後にする。%K%P
「今日はとても有意義な放課後を過ごせたわ」%K%P
「今日はとても有意義な放課後を過ごせたわ」%K%P
「私も千影さんと話ができて嬉しかった」%K%P
「私も千影さんと話ができて嬉しかった」%K%P
「……いずみさんは剣の練習などには、興味ある？」%K%P
「……いずみさんは剣の練習などには、興味ある？」%K%P
「えっ？　うん、それはもちろん」%K%P
「えっ？　うん、それはもちろん」%K%P
{騎士:ワルキュリア}と呼ばれる彼女たちが、普段どんな練習をしているのか、すごく興味がある。%K%P
{騎士:ワルキュリア}と呼ばれる彼女たちが、普段どんな練習をしているのか、すごく興味がある。%K%P
それに{歌姫:ディーバ}として、少しでも{騎士:ワルキュリア}について理解を深められるに違いない。%K%P
それに{歌姫:ディーバ}として、少しでも{騎士:ワルキュリア}について理解を深められるに違いない。%K%P
「いずみさんの都合が合う時に、私の練習を見てみない……？」%K%P
「いずみさんの都合が合う時に、私の練習を見てみない……？」%K%P
「いいの！？」%K%P
「いいの！？」%K%P
「ええ。今日の一件で、{騎士:ワルキュリア}として頑張ろうと改めて思えたし」%K%P
「ええ。今日の一件で、{騎士:ワルキュリア}として頑張ろうと改めて思えたし」%K%P
「それに私の練習を見て、いずみさんにも刺激を与えられたらな、って」%K%P
「それに私の練習を見て、いずみさんにも刺激を与えられたらな、って」%K%P
「ありがとう！　その時は是非誘って」%K%P
「ありがとう！　その時は是非誘って」%K%P
「……っと、ここまでね」%K%P
「……っと、ここまでね」%K%P
正門まで辿り着くと、僕たちは立ち止まった。%K%P
正門まで辿り着くと、僕たちは立ち止まった。%K%P
「それじゃ……また明日、だね」%K%P
「それじゃ……また明日、だね」%K%P
名残惜しいけど、別れの言葉を告げる。%K%P
名残惜しいけど、別れの言葉を告げる。%K%P
「ええ。また明日、学園で」%K%P
「ええ。また明日、学園で」%K%P
千影さんは小さく手を振ってくれて、僕に背中を向けた。%K%P
千影さんは小さく手を振ってくれて、僕に背中を向けた。%K%P
送迎に来たドライバーさんと目が合うと、頭を下げてくる。%K%P
送迎に来たドライバーさんと目が合うと、頭を下げてくる。%K%P
後部座席に千影さんが腰を下ろし、ドアを閉めると、ゆっくりと車が発進していく。%K%P
後部座席に千影さんが腰を下ろし、ドアを閉めると、ゆっくりと車が発進していく。%K%P
「一歩前進、かな」%K%P
「一歩前進、かな」%K%P
僕は車が見えなくなっても、しばらく道路を見つめ続けていた。%K%P
僕は車が見えなくなっても、しばらく道路を見つめ続けていた。%K%P
