「はァッ！　たぁ……！」%K%P
「はァッ！　たぁ……！」%K%P
アリア用の刀を抜き、振う。楓さんの澄んだ声が広い道場に響き渡る。%K%P
アリア用の刀を抜き、振う。楓さんの澄んだ声が広い道場に響き渡る。%K%P
今日は佳様も用事があるとかで、練習には来れないらしい。%K%P
今日は佳様も用事があるとかで、練習には来れないらしい。%K%P
「……はッ！　……やぁあ！！」%K%P
「……はッ！　……やぁあ！！」%K%P
一際大きく響く声。振り下ろした刀身が空気を切り裂いた。%K%P
一際大きく響く声。振り下ろした刀身が空気を切り裂いた。%K%P
「…………ふぅ……」%K%P
「…………ふぅ……」%K%P
刀を納め、楓さんがゆっくりと息吐く。それを合図に、張り詰めていた空気が緩んでいった。%K%P
刀を納め、楓さんがゆっくりと息吐く。それを合図に、張り詰めていた空気が緩んでいった。%K%P
「楓さん、はい、タオル使って。あと温かい番茶もあるから」%K%P
「楓さん、はい、タオル使って。あと温かい番茶もあるから」%K%P
「ありがとう。ん、お茶まであるんだ。嬉しいよ、いずみさん」%K%P
「ありがとう。ん、お茶まであるんだ。嬉しいよ、いずみさん」%K%P
僕は歌の練習の後、道場を訪れるようになっていた。%K%P
僕は歌の練習の後、道場を訪れるようになっていた。%K%P
法子さんに作ってもらった番茶を、ポットからお茶碗に注ぎ、楓さんに手渡す。%K%P
法子さんに作ってもらった番茶を、ポットからお茶碗に注ぎ、楓さんに手渡す。%K%P
「ん…………ふぅ。やっぱり温かいお茶はいい、ほっとする」%K%P
「ん…………ふぅ。やっぱり温かいお茶はいい、ほっとする」%K%P
「でしょ？　私も喉を冷やさないように、温かい物をとるようにしてるから、きっと体も同じかなって」%K%P
「でしょ？　私も喉を冷やさないように、温かい物をとるようにしてるから、きっと体も同じかなって」%K%P
「うん、それは理に適っている。元々、自然界には常温以外の飲食物はあまり存在しないから」%K%P
「うん、それは理に適っている。元々、自然界には常温以外の飲食物はあまり存在しないから」%K%P
「人間も生き物なんだから、自然なリズムで暮す方がいいと思うし」%K%P
「人間も生き物なんだから、自然なリズムで暮す方がいいと思うし」%K%P
生き物か……そういう例えをするのは、楓さんが動物好きだからかな？%K%P
生き物か……そういう例えをするのは、楓さんが動物好きだからかな？%K%P
「あは、確かに猫なんて、熱い物、食べないだろうし」%K%P
「あは、確かに猫なんて、熱い物、食べないだろうし」%K%P
「ん、そうかもしれない。私は猫の事は詳しくないけれど」%K%P
「ん、そうかもしれない。私は猫の事は詳しくないけれど」%K%P
もう、見え見えだよ、ふふふ……っといけない、『いずみ』は知らないんだよね。%K%P
もう、見え見えだよ、ふふふ……っといけない、『いずみ』は知らないんだよね。%K%P
猫の話題になると、楓さんの表情が緩む。僕は嬉しくて話題を振ってしまう。%K%P
猫の話題になると、楓さんの表情が緩む。僕は嬉しくて話題を振ってしまう。%K%P
「そういえばさ、猫舌とかって言うものね」%K%P
「そういえばさ、猫舌とかって言うものね」%K%P
「ん、それは熱い食べ物や飲み物が苦手な人間の事を言うんだ」%K%P
「ん、それは熱い食べ物や飲み物が苦手な人間の事を言うんだ」%K%P
「猫とか、火を使って調理する習慣のない動物は、倒した獲物の体温以上の食べ物を口にする事がない……らしい」%K%P
「猫とか、火を使って調理する習慣のない動物は、倒した獲物の体温以上の食べ物を口にする事がない……らしい」%K%P
「そのせいなのかな、体温以上の温度の物は食べられないと言われている。猫舌の由来はその辺りから来ている……みたい」%K%P
「そのせいなのかな、体温以上の温度の物は食べられないと言われている。猫舌の由来はその辺りから来ている……みたい」%K%P
「へーそうなんだ、知らなかった。楓さん、詳しいんだね」%K%P
「へーそうなんだ、知らなかった。楓さん、詳しいんだね」%K%P
「い、いや、それ程でも無いけど。これは、その……一般常識、そう一般常識の{範疇:はんちゅう}かな」%K%P
「い、いや、それ程でも無いけど。これは、その……一般常識、そう一般常識の{範疇:はんちゅう}かな」%K%P
商店街の路地裏で、猫とじゃれていた姿を思い出す。別に猫好きとか隠す事じゃ無いと思うんだけどな。%K%P
商店街の路地裏で、猫とじゃれていた姿を思い出す。別に猫好きとか隠す事じゃ無いと思うんだけどな。%K%P
「それより、いずみさんは、よく道場に来てくれるけど、どうして？　もちろん、来てくれるのは嬉しいけど」%K%P
「それより、いずみさんは、よく道場に来てくれるけど、どうして？　もちろん、来てくれるのは嬉しいけど」%K%P
「私のように稽古をするならともかく、ただ見ているだけじゃ、退屈じゃない？」%K%P
「私のように稽古をするならともかく、ただ見ているだけじゃ、退屈じゃない？」%K%P
「ううん、全然退屈じゃないよ。とっても新鮮だから。私、音楽以外の世界って、あまり詳しくないんだ」%K%P
「ううん、全然退屈じゃないよ。とっても新鮮だから。私、音楽以外の世界って、あまり詳しくないんだ」%K%P
「今も、そのために留学しているから、あっちでは音楽漬けの日々だし」%K%P
「今も、そのために留学しているから、あっちでは音楽漬けの日々だし」%K%P
もちろん、歌の為に留学したから、嫌ではないし、充実もしている。%K%P
もちろん、歌の為に留学したから、嫌ではないし、充実もしている。%K%P
けれど……時には、行き詰ることもあるし。%K%P
けれど……時には、行き詰ることもあるし。%K%P
「だから、剣のお稽古を見ているだけで、とっても楽しいんだよ」%K%P
「だから、剣のお稽古を見ているだけで、とっても楽しいんだよ」%K%P
「そう、一つ一つの動きが綺麗で、洗練されてるっていうか……うーん、この言い方が合ってるかどうかだけど」%K%P
「そう、一つ一つの動きが綺麗で、洗練されてるっていうか……うーん、この言い方が合ってるかどうかだけど」%K%P
「舞を舞っているかのような印象を受けるんだよね」%K%P
「舞を舞っているかのような印象を受けるんだよね」%K%P
そう、昔見た日本舞踊の舞い手のような、留学先で見たバレエのプリマドンナのような感じなんだ。%K%P
そう、昔見た日本舞踊の舞い手のような、留学先で見たバレエのプリマドンナのような感じなんだ。%K%P
「……そんな事、初めて言われた。けれど、考えてみれば、演武は演舞にも通じる物はあると思う」%K%P
「……そんな事、初めて言われた。けれど、考えてみれば、演武は演舞にも通じる物はあると思う」%K%P
「あは、そうなんだ！　良かった、私の言ったことも的外れじゃなかったんだね」%K%P
「あは、そうなんだ！　良かった、私の言ったことも的外れじゃなかったんだね」%K%P
「ん、的外れどころか、真髄を突いていると思う。なかなか鋭いよね、いずみさんは」%K%P
「ん、的外れどころか、真髄を突いていると思う。なかなか鋭いよね、いずみさんは」%K%P
「ありがとう。あ、そうそう、そのついでと言ってはなんだけどね。気がついたことがあって……いいかな？」%K%P
「ありがとう。あ、そうそう、そのついでと言ってはなんだけどね。気がついたことがあって……いいかな？」%K%P
「ん、もちろん。こちらからお願いしたいくらいだから。第三者の意見というのは、とっても貴重だと思う」%K%P
「ん、もちろん。こちらからお願いしたいくらいだから。第三者の意見というのは、とっても貴重だと思う」%K%P
「ふふ、それでは貴重な意見を……あのさ、この前、廊下で楓さんを見掛けたんだ」%K%P
「ふふ、それでは貴重な意見を……あのさ、この前、廊下で楓さんを見掛けたんだ」%K%P
「動きを見ていてね、音を感じて。ここでお稽古を見学してたときも、薄々と感じてたんだけど、歩く姿を見て、確信したんだ」%K%P
「動きを見ていてね、音を感じて。ここでお稽古を見学してたときも、薄々と感じてたんだけど、歩く姿を見て、確信したんだ」%K%P
派手さが無い、普段の動きだから、余計分かりやすかったのかもしれない。%K%P
派手さが無い、普段の動きだから、余計分かりやすかったのかもしれない。%K%P
「音を感じる……ふぅん、特に意識したことは無かったけれど」%K%P
「音を感じる……ふぅん、特に意識したことは無かったけれど」%K%P
軽く握ったコブシをアゴに当てる楓さん。さり気ない所作が綺麗だ。%K%P
軽く握ったコブシをアゴに当てる楓さん。さり気ない所作が綺麗だ。%K%P
「そのね、武道と歌って似ているところがあるって思って」%K%P
「そのね、武道と歌って似ているところがあるって思って」%K%P
「ん、それは興味深い。武道と歌唱の共通点って、どんなところ？」%K%P
「ん、それは興味深い。武道と歌唱の共通点って、どんなところ？」%K%P
「歌はね、曲と詩が一つになって表現される物なんだ。詩は言葉で出来ているよね？」%K%P
「歌はね、曲と詩が一つになって表現される物なんだ。詩は言葉で出来ているよね？」%K%P
「そして曲はリズムとテンポが重要な要素なんだよね」%K%P
「そして曲はリズムとテンポが重要な要素なんだよね」%K%P
一つ一つの言葉が、繋がり、詩となる。それを音に乗せて語るのが歌曲だと僕は思う。%K%P
一つ一つの言葉が、繋がり、詩となる。それを音に乗せて語るのが歌曲だと僕は思う。%K%P
「言葉数が多かったり、少なかったり、リズムが不自然だったり、テンポが合ってなかったり……そんな曲は歌いにくい」%K%P
「言葉数が多かったり、少なかったり、リズムが不自然だったり、テンポが合ってなかったり……そんな曲は歌いにくい」%K%P
「武道、それも楓さんの動きには、不自然な所が見あたらない。言葉の余りも、不足も、リズムの不調和も無い」%K%P
「武道、それも楓さんの動きには、不自然な所が見あたらない。言葉の余りも、不足も、リズムの不調和も無い」%K%P
「だから、見ていて気持ち良いのかなって。えへへ、私の勝手な推測だけどね」%K%P
「だから、見ていて気持ち良いのかなって。えへへ、私の勝手な推測だけどね」%K%P
黙って私の話を聞いていた楓さんが、コクリと頷く。%K%P
黙って私の話を聞いていた楓さんが、コクリと頷く。%K%P
「歌唱には詳しくないけれど、いずみさんの言葉には頷ける。輝堂流抜刀術には、調子を合わせるという言葉があるし」%K%P
「歌唱には詳しくないけれど、いずみさんの言葉には頷ける。輝堂流抜刀術には、調子を合わせるという言葉があるし」%K%P
「脈、呼吸、鼓動、それらを調和させることによって、身体の動きを活発化させるというものなんだ」%K%P
「脈、呼吸、鼓動、それらを調和させることによって、身体の動きを活発化させるというものなんだ」%K%P
「当流では、心身の調和が取れないことを、調子外れ、とも言うし」%K%P
「当流では、心身の調和が取れないことを、調子外れ、とも言うし」%K%P
「調子外れ、調子を合せる……それって、音楽の正しい音律や音階に合せる、調子と似てるね」%K%P
「調子外れ、調子を合せる……それって、音楽の正しい音律や音階に合せる、調子と似てるね」%K%P
「そうかも……ん、良いことを聞いた。これからは体の中に音や、歌を意識して調子を合わせてみるから」%K%P
「そうかも……ん、良いことを聞いた。これからは体の中に音や、歌を意識して調子を合わせてみるから」%K%P
「いずみさん、貴重な意見、ありがとう。また何か気づいたことがあったら、遠慮なく教えて」%K%P
「いずみさん、貴重な意見、ありがとう。また何か気づいたことがあったら、遠慮なく教えて」%K%P
楓さんが姿勢を正し、頭を下げる。彼女は素直に人の話を聞くことが出来るんだな。%K%P
楓さんが姿勢を正し、頭を下げる。彼女は素直に人の話を聞くことが出来るんだな。%K%P
意識しているつもりでも、なかなかこれって出来ない事なんだよね……僕も気をつけよう。%K%P
意識しているつもりでも、なかなかこれって出来ない事なんだよね……僕も気をつけよう。%K%P
