週明け、二日ぶりの制服は少しドキドキしたけれど、午前中の授業は無難に過ごすことができた。%K%P
週明け、二日ぶりの制服は少しドキドキしたけれど、午前中の授業は無難に過ごすことができた。%K%P
女装して過ごす生活にも少しずつ慣れたきたけど、だからこそ、油断しないようにしなくちゃね。%K%P
女装して過ごす生活にも少しずつ慣れたきたけど、だからこそ、油断しないようにしなくちゃね。%K%P
「今日のランチ、美味しかったなぁ」%K%P
「今日のランチ、美味しかったなぁ」%K%P
「ふふっ。いずみさん、おかわりしたそうだったものね」%K%P
「ふふっ。いずみさん、おかわりしたそうだったものね」%K%P
「だってあのクラムチャウダー、とってもまろやかで美味しかったから」%K%P
「だってあのクラムチャウダー、とってもまろやかで美味しかったから」%K%P
「あれ、生クリームを贅沢に使ってるんだって。あたしも好きよ」%K%P
「あれ、生クリームを贅沢に使ってるんだって。あたしも好きよ」%K%P
さっき食べたばかりのランチについて話ながら、綾香さんたちと廊下を歩く。%K%P
さっき食べたばかりのランチについて話ながら、綾香さんたちと廊下を歩く。%K%P
あまり学生とすれ違わないのは、まだまだお昼休みが残っているせいだろう。%K%P
あまり学生とすれ違わないのは、まだまだお昼休みが残っているせいだろう。%K%P
「教室に戻る前に、どこかに寄ってみる？」%K%P
「教室に戻る前に、どこかに寄ってみる？」%K%P
「どこか、って？」%K%P
「どこか、って？」%K%P
「どこでも。いずみさん、どこか行きたいところはない？　案内するわよ」%K%P
「どこでも。いずみさん、どこか行きたいところはない？　案内するわよ」%K%P
「と、言われても……」%K%P
「と、言われても……」%K%P
この１週間でだいたいの場所は見て回ったし、行きたい場所と急に言われても――――、%K%P
この１週間でだいたいの場所は見て回ったし、行きたい場所と急に言われても――――、%K%P
「なら、森に行ってみる、っていうのは？」%K%P
「なら、森に行ってみる、っていうのは？」%K%P
「森？」%K%P
「森？」%K%P
「深皇祭でアリアが行われる森よ。いずみさん、まだ見に行ったことがないと思って」%K%P
「深皇祭でアリアが行われる森よ。いずみさん、まだ見に行ったことがないと思って」%K%P
「あっ、うん。そういえば、森はまだ」%K%P
「あっ、うん。そういえば、森はまだ」%K%P
そういえばアリアのことは気にしているのに、肝心の舞台――――森をまだ見に行ったことがなかった。%K%P
そういえばアリアのことは気にしているのに、肝心の舞台――――森をまだ見に行ったことがなかった。%K%P
「でも、いつでも行って大丈夫なの？」%K%P
「でも、いつでも行って大丈夫なの？」%K%P
「うん。普段は立ち入り禁止になってる、なんてこともないから」%K%P
「うん。普段は立ち入り禁止になってる、なんてこともないから」%K%P
「ただ、わざわざ行く人はあまりいないけど」%K%P
「ただ、わざわざ行く人はあまりいないけど」%K%P
「どうして？」%K%P
「どうして？」%K%P
「自然に囲まれたいなら、屋上の庭園の方が近くて手軽だからだと思うわ」%K%P
「自然に囲まれたいなら、屋上の庭園の方が近くて手軽だからだと思うわ」%K%P
「森は森で、素敵なところなんだけど」%K%P
「森は森で、素敵なところなんだけど」%K%P
「それと、森って呼ばれるぐらいだから、結構広いのよ。学園の中にあるとは思えないぐらいに」%K%P
「それと、森って呼ばれるぐらいだから、結構広いのよ。学園の中にあるとは思えないぐらいに」%K%P
「広い、っていっても……学園の中にあるんでしょ？」%K%P
「広い、っていっても……学園の中にあるんでしょ？」%K%P
「そうだけど……ほら、前に修練所を案内したでしょ？　あそこよりも数倍広いわよ？」%K%P
「そうだけど……ほら、前に修練所を案内したでしょ？　あそこよりも数倍広いわよ？」%K%P
「場所によっては、迷ったら出られない……なんて噂があるぐらいだもの」%K%P
「場所によっては、迷ったら出られない……なんて噂があるぐらいだもの」%K%P
「うわぁ……」%K%P
「うわぁ……」%K%P
あっさりと言うけど、それって野球場とかサッカー場が複数入っちゃうぐらいの面積な気がする。%K%P
あっさりと言うけど、それって野球場とかサッカー場が複数入っちゃうぐらいの面積な気がする。%K%P
「安心して、いずみさん。深皇祭のアリアで使うのは、森の一部だから」%K%P
「安心して、いずみさん。深皇祭のアリアで使うのは、森の一部だから」%K%P
「……それなら、少しだけ行ってみても良い？」%K%P
「……それなら、少しだけ行ってみても良い？」%K%P
「もちろん。案内するわ」%K%P
「もちろん。案内するわ」%K%P
「うわ、すごい……」%K%P
「うわ、すごい……」%K%P
綾香さんたちに案内された森の入口は、ここが学園内だってことを忘れそうなほどの風格があった。%K%P
綾香さんたちに案内された森の入口は、ここが学園内だってことを忘れそうなほどの風格があった。%K%P
「アリアの本番では、ここから抽選によって決まった場所に散っていくのよ」%K%P
「アリアの本番では、ここから抽選によって決まった場所に散っていくのよ」%K%P
「今日はいないけど、このあたりで練習や手合わせをしている候補生もいるのよ」%K%P
「今日はいないけど、このあたりで練習や手合わせをしている候補生もいるのよ」%K%P
「集中したいときや気分を変えたいときには、わたしも森を散策することがあるし」%K%P
「集中したいときや気分を変えたいときには、わたしも森を散策することがあるし」%K%P
「ああ……その気持ち、わかるかも。ちょっと足を伸ばすだけでこんな自然があるんだもん」%K%P
「ああ……その気持ち、わかるかも。ちょっと足を伸ばすだけでこんな自然があるんだもん」%K%P
僕が見慣れていないだけかもしれないけれど、それでも、こんな森があるなんて素直に驚きだ。%K%P
僕が見慣れていないだけかもしれないけれど、それでも、こんな森があるなんて素直に驚きだ。%K%P
「いずみさん、少し入ってみる？」%K%P
「いずみさん、少し入ってみる？」%K%P
「うん」%K%P
「うん」%K%P
「本当に樹海って感じだね……」%K%P
「本当に樹海って感じだね……」%K%P
ほんの数分歩いただけで、辺りの風景がすっかり日常から切り離されてしまった。%K%P
ほんの数分歩いただけで、辺りの風景がすっかり日常から切り離されてしまった。%K%P
「姉さんいわく、昔、映画の撮影に使われたこともあるそうよ」%K%P
「姉さんいわく、昔、映画の撮影に使われたこともあるそうよ」%K%P
「うん、これは納得……」%K%P
「うん、これは納得……」%K%P
日が高い時間だからまだ明るいけれど、これが夜なら何か出てきても不思議じゃない。%K%P
日が高い時間だからまだ明るいけれど、これが夜なら何か出てきても不思議じゃない。%K%P
木々に触れながら、足元を確かめ、たまに頭上を見上げながら歩いて行く。%K%P
木々に触れながら、足元を確かめ、たまに頭上を見上げながら歩いて行く。%K%P
微かに鳥のさえずりが聞こえてくるけど、鳥の名前まではわからない。%K%P
微かに鳥のさえずりが聞こえてくるけど、鳥の名前まではわからない。%K%P
濃い緑と、土の匂い。%K%P
濃い緑と、土の匂い。%K%P
風が吹くたびに頭上で枝葉が揺れて、その音に誘われるように、少しずつ、森の奥へ足が向かう。%K%P
風が吹くたびに頭上で枝葉が揺れて、その音に誘われるように、少しずつ、森の奥へ足が向かう。%K%P
「……そっか。こんな場所で歌うんだ……」%K%P
「……そっか。こんな場所で歌うんだ……」%K%P
思わず、そんな呟きが漏れる。%K%P
思わず、そんな呟きが漏れる。%K%P
いままで独唱合唱を問わず、大小様々なステージに立たせてもらったことがある。%K%P
いままで独唱合唱を問わず、大小様々なステージに立たせてもらったことがある。%K%P
でも、こんなに自然に溢れた舞台……というか、自然そのものは初めてだ。%K%P
でも、こんなに自然に溢れた舞台……というか、自然そのものは初めてだ。%K%P
そして、歌う理由も、かつてないもの。%K%P
そして、歌う理由も、かつてないもの。%K%P
アリア――――{歌姫救出譚:プリンチペッサ・プレギエーラ}では、歌姫は助けを呼ぶために歌う。%K%P
アリア――――{歌姫救出譚:プリンチペッサ・プレギエーラ}では、歌姫は助けを呼ぶために歌う。%K%P
「どんな気持ちなんだろう……」%K%P
「どんな気持ちなんだろう……」%K%P
前にルールを聞いた限り、アリアが始まった時、{歌姫:ディーバ}は一人きりのはずだ。%K%P
前にルールを聞いた限り、アリアが始まった時、{歌姫:ディーバ}は一人きりのはずだ。%K%P
誰が聞いているのかわからない状態で、自分を見つけてもらうために、声の限りに歌う。%K%P
誰が聞いているのかわからない状態で、自分を見つけてもらうために、声の限りに歌う。%K%P
そのとき、僕は何を想っているのか――――。%K%P
そのとき、僕は何を想っているのか――――。%K%P
……きっと、上手く歌おうってだけじゃなく、助けにきてくれる{騎士:ワルキュリア}のこととか、色々と考えたりするに違いない。%K%P
……きっと、上手く歌おうってだけじゃなく、助けにきてくれる{騎士:ワルキュリア}のこととか、色々と考えたりするに違いない。%K%P
「いずみさん」%K%P
「いずみさん」%K%P
「えっ？　……あ、な、なに？」%K%P
「えっ？　……あ、な、なに？」%K%P
声をかけられ、はっとして我に返る。%K%P
声をかけられ、はっとして我に返る。%K%P
「午後の授業もあるし、そろそろ戻りましょう？」%K%P
「午後の授業もあるし、そろそろ戻りましょう？」%K%P
「あっ、うん。そうだね」%K%P
「あっ、うん。そうだね」%K%P
「神妙な顔をしていたけれど、考えごと？」%K%P
「神妙な顔をしていたけれど、考えごと？」%K%P
「うん。気付いたら、いつのまにか」%K%P
「うん。気付いたら、いつのまにか」%K%P
「アリアのこと？」%K%P
「アリアのこと？」%K%P
「それもあるけど……{歌姫:ディーバ}のことを、少し」%K%P
「それもあるけど……{歌姫:ディーバ}のことを、少し」%K%P
「引き受けたからには、綾香さんの顔に泥を塗らないような素敵な{歌姫:ディーバ}でありたいな、って」%K%P
「引き受けたからには、綾香さんの顔に泥を塗らないような素敵な{歌姫:ディーバ}でありたいな、って」%K%P
本番の舞台である森に立って、なおさら思う。%K%P
本番の舞台である森に立って、なおさら思う。%K%P
ただ、{歌姫:ディーバ}としてどんなふうに歌えばいいのか、僕はまだ定められていない。%K%P
ただ、{歌姫:ディーバ}としてどんなふうに歌えばいいのか、僕はまだ定められていない。%K%P
だからこそ、この学園で過ごす時間を通じて、それをはっきりと見つけられるといいな。%K%P
だからこそ、この学園で過ごす時間を通じて、それをはっきりと見つけられるといいな。%K%P
