{歌姫:ディーバ}の為だけの音楽室に、僕の歌声が響く。%K%P
{歌姫:ディーバ}の為だけの音楽室に、僕の歌声が響く。%K%P
今日は休日。奏さんの提案で、一日合同練習をしようという事になった。%K%P
今日は休日。奏さんの提案で、一日合同練習をしようという事になった。%K%P
交互に歌を歌い、気がついた所や、感想などを言い合う――奏さん、歌唱は独学だって言っていたけれど、かなり音楽についての造詣が深い。%K%P
交互に歌を歌い、気がついた所や、感想などを言い合う――奏さん、歌唱は独学だって言っていたけれど、かなり音楽についての造詣が深い。%K%P
「………………」%K%P
「………………」%K%P
体の前で両手を重ねて僕の歌を聴いている奏さん。%K%P
体の前で両手を重ねて僕の歌を聴いている奏さん。%K%P
ほわほわとした笑顔は変らないまま……けれど、瞳が僅か揺れている。%K%P
ほわほわとした笑顔は変らないまま……けれど、瞳が僅か揺れている。%K%P
ほんの些細な変化、きっと他の人なら気がつかない思う――けど、僕には、僕だけには分かる。%K%P
ほんの些細な変化、きっと他の人なら気がつかない思う――けど、僕には、僕だけには分かる。%K%P
奏さんの形のいい唇が、小さく動き……やがて、旋律を紡ぎ出す。%K%P
奏さんの形のいい唇が、小さく動き……やがて、旋律を紡ぎ出す。%K%P
「――――、――、――」%K%P
「――――、――、――」%K%P
柔らかくて、どこまでも澄んだ歌声が、溢れ出してくる。%K%P
柔らかくて、どこまでも澄んだ歌声が、溢れ出してくる。%K%P
聴いている人を癒すような、慈しみに溢れた声音……知らず張っていた肩の力が抜けていく。%K%P
聴いている人を癒すような、慈しみに溢れた声音……知らず張っていた肩の力が抜けていく。%K%P
少し力んでいたかな……奏さんには教わる事が多い。%K%P
少し力んでいたかな……奏さんには教わる事が多い。%K%P
僕の声に寄り添うように、時にはリードするように歌唱する奏さん。%K%P
僕の声に寄り添うように、時にはリードするように歌唱する奏さん。%K%P
歌声が溶け合い、二つの声が一つに聞こえる。%K%P
歌声が溶け合い、二つの声が一つに聞こえる。%K%P
ブレスのタイミング、楽譜を繰る手の動き、歌う姿勢――全てがシンクロしていく。%K%P
ブレスのタイミング、楽譜を繰る手の動き、歌う姿勢――全てがシンクロしていく。%K%P
僕らは歌で語り合う。時に{詩:うた}は言葉よりも雄弁だ。%K%P
僕らは歌で語り合う。時に{詩:うた}は言葉よりも雄弁だ。%K%P
気持ち良い……二人で一つの体になったみたい。%K%P
気持ち良い……二人で一つの体になったみたい。%K%P
他の人と合唱をしたことはあるけれど、こんな体験は初めてだ。%K%P
他の人と合唱をしたことはあるけれど、こんな体験は初めてだ。%K%P
ずっと、ずっと……このまま歌っていたい。%K%P
ずっと、ずっと……このまま歌っていたい。%K%P
僕らは時が過ぎるのを忘れて、声を出し続けた。%K%P
僕らは時が過ぎるのを忘れて、声を出し続けた。%K%P
「ふぅ…………いずみさんたら……凄すぎですわ。ハーモニーが綺麗。こんなに気持ち良く歌ったの、初めて」%K%P
「ふぅ…………いずみさんたら……凄すぎですわ。ハーモニーが綺麗。こんなに気持ち良く歌ったの、初めて」%K%P
「ううん、奏さんこそ。さすが二年連続{歌姫:ディーバ}に選ばれるだけのことはあるよね、歌、完璧だった」%K%P
「ううん、奏さんこそ。さすが二年連続{歌姫:ディーバ}に選ばれるだけのことはあるよね、歌、完璧だった」%K%P
ふっくらとした頬をピンク色に染めた奏さん。%K%P
ふっくらとした頬をピンク色に染めた奏さん。%K%P
気がつけば僕らは随分と長く歌ってしまっていた。%K%P
気がつけば僕らは随分と長く歌ってしまっていた。%K%P
「完璧だなんて……いずみさんこそ、こんな短期間でここまでのレベルに仕上げるだなんて。{歌姫:ディーバ}の為の楽曲、簡単な物ではありませんのよ？」%K%P
「完璧だなんて……いずみさんこそ、こんな短期間でここまでのレベルに仕上げるだなんて。{歌姫:ディーバ}の為の楽曲、簡単な物ではありませんのよ？」%K%P
「確かに結構手強い楽曲だよね。奏さんがいなかったらここまでは仕上がらなかったよ」%K%P
「確かに結構手強い楽曲だよね。奏さんがいなかったらここまでは仕上がらなかったよ」%K%P
「その……私の好きな人が、{歌姫:ディーバ}で良かった……なんて」%K%P
「その……私の好きな人が、{歌姫:ディーバ}で良かった……なんて」%K%P
そう、同じ歌を歌う者同士だから、より深く分かり合える所もあるし。%K%P
そう、同じ歌を歌う者同士だから、より深く分かり合える所もあるし。%K%P
正面から大好きって口に出したいけれど、それはなんていうか照れくさくて……僕にはこれがやっとだ。%K%P
正面から大好きって口に出したいけれど、それはなんていうか照れくさくて……僕にはこれがやっとだ。%K%P
「あん、いずみさんは、私が{歌姫:ディーバ}だから好きになったのですか？　私が一般の学生だったら、見向きもされませんでした？」%K%P
「あん、いずみさんは、私が{歌姫:ディーバ}だから好きになったのですか？　私が一般の学生だったら、見向きもされませんでした？」%K%P
「ち、違うよっ、た、たとえ{歌姫:ディーバ}じゃなくても、そ、そのっ」%K%P
「ち、違うよっ、た、たとえ{歌姫:ディーバ}じゃなくても、そ、そのっ」%K%P
「{歌姫:ディーバ}じゃなくても？　続き、聞かせて下さいな」%K%P
「{歌姫:ディーバ}じゃなくても？　続き、聞かせて下さいな」%K%P
奏さんが僕ににじり寄る。衣服を大きく突き上げている二つの丘が触れる。熱心に歌ったせいなのか、女の子の匂いが香っている。%K%P
奏さんが僕ににじり寄る。衣服を大きく突き上げている二つの丘が触れる。熱心に歌ったせいなのか、女の子の匂いが香っている。%K%P
「んぅ……もうちょっと離れてもらえると、助かるんだけど……」%K%P
「んぅ……もうちょっと離れてもらえると、助かるんだけど……」%K%P
「大丈夫ですわ。もう、いずみさんの正体、存じておりますから。さあ、続きをどうぞ」%K%P
「大丈夫ですわ。もう、いずみさんの正体、存じておりますから。さあ、続きをどうぞ」%K%P
「も、もう。その……{歌姫:ディーバ}じゃなくても、奏さんのことは……」%K%P
「も、もう。その……{歌姫:ディーバ}じゃなくても、奏さんのことは……」%K%P
「私のことは？　さあ、男の子らしく……はっきりと」%K%P
「私のことは？　さあ、男の子らしく……はっきりと」%K%P
吐息が拭き掛る。それは湿り気を帯びていて、僕の首筋を僅かに濡らす。%K%P
吐息が拭き掛る。それは湿り気を帯びていて、僕の首筋を僅かに濡らす。%K%P
「奏さんのことは……だ、大好き」%K%P
「奏さんのことは……だ、大好き」%K%P
「あん、言ってくれましたわね。ふふふ……大好きだなんて。もうっ」%K%P
「あん、言ってくれましたわね。ふふふ……大好きだなんて。もうっ」%K%P
「んぁんっ！　そんな……んぅ」%K%P
「んぁんっ！　そんな……んぅ」%K%P
僕の背中に手を回し、ぎゅっと抱きつく奏さん。%K%P
僕の背中に手を回し、ぎゅっと抱きつく奏さん。%K%P
色々な部分が密着して、その、大変なことに……うう、奏さんて、愛情表現がストレートというか――結構大胆だよなぁ。%K%P
色々な部分が密着して、その、大変なことに……うう、奏さんて、愛情表現がストレートというか――結構大胆だよなぁ。%K%P
いつまでも抱きついてる奏さんを説得し、僕らは庭園に移動してきた。%K%P
いつまでも抱きついてる奏さんを説得し、僕らは庭園に移動してきた。%K%P
青く澄んだ空に、ぽつぽつと白い雲。時折そよぐ風が、火照った体に心地いい。%K%P
青く澄んだ空に、ぽつぽつと白い雲。時折そよぐ風が、火照った体に心地いい。%K%P
お弁当とお菓子を作って来てくれるって言ってたから、楽しみにしていたんだけど……そのボリュームは想像以上だった。%K%P
お弁当とお菓子を作って来てくれるって言ってたから、楽しみにしていたんだけど……そのボリュームは想像以上だった。%K%P
しっかりとした黄金色に染まったいなり寿司があったかと思えば、一口サイズのポテトコロッケがあったり、カリッと揚がっている春巻きがあったり。%K%P
しっかりとした黄金色に染まったいなり寿司があったかと思えば、一口サイズのポテトコロッケがあったり、カリッと揚がっている春巻きがあったり。%K%P
奏さん曰く……『あれもこれもって考えていたら、たくさんになってしまいました』らしい。%K%P
奏さん曰く……『あれもこれもって考えていたら、たくさんになってしまいました』らしい。%K%P
予想通りというか……あーんをして貰いながら（あーんをしてあげた奏さんに指を咥えられてしまうというトラブル？　があったものの）なんとか完食した。%K%P
予想通りというか……あーんをして貰いながら（あーんをしてあげた奏さんに指を咥えられてしまうというトラブル？　があったものの）なんとか完食した。%K%P
「ふぅ～……もうダメぇ、これ以上はキャンディー一個も入らないよぉ～。見て、お腹パンパン」%K%P
「ふぅ～……もうダメぇ、これ以上はキャンディー一個も入らないよぉ～。見て、お腹パンパン」%K%P
「あらあらいずみさんったら。女の子がはしたないですわよ？」%K%P
「あらあらいずみさんったら。女の子がはしたないですわよ？」%K%P
「ああっと…………んもう、誰もいないから大丈夫。それに……女の子じゃないし。奏さんの前では、女の子はお休み」%K%P
「ああっと…………んもう、誰もいないから大丈夫。それに……女の子じゃないし。奏さんの前では、女の子はお休み」%K%P
「ふふふ、そうでしたわね。私の前だけ……嬉しいですわ」%K%P
「ふふふ、そうでしたわね。私の前だけ……嬉しいですわ」%K%P
なんか奏さんといると、自分の素顔をさらけ出してしまう。ほんわかした雰囲気がそうさせてしまうのだろうか。%K%P
なんか奏さんといると、自分の素顔をさらけ出してしまう。ほんわかした雰囲気がそうさせてしまうのだろうか。%K%P
もっとも……素顔どころか、恥ずかしい部分までさらけ出してしまったけど。%K%P
もっとも……素顔どころか、恥ずかしい部分までさらけ出してしまったけど。%K%P
あの音楽室での出来事がフラッシュバックする。昨夜はその事に加え、休日の学園で二人きりという事から、あまりよく眠れなかった。%K%P
あの音楽室での出来事がフラッシュバックする。昨夜はその事に加え、休日の学園で二人きりという事から、あまりよく眠れなかった。%K%P
「ほんとうにいいお天気ですわね。風も心地よいですし。ふふ、眠くなってしまいそうです」%K%P
「ほんとうにいいお天気ですわね。風も心地よいですし。ふふ、眠くなってしまいそうです」%K%P
「あ、奏さんもそうなんだ。実は僕も、ちょこっとだけ眠いかも」%K%P
「あ、奏さんもそうなんだ。実は僕も、ちょこっとだけ眠いかも」%K%P
「あらあら、そうでしたの。でしたら、少しお昼寝されてはいかがですか？」%K%P
「あらあら、そうでしたの。でしたら、少しお昼寝されてはいかがですか？」%K%P
「あ、それもいいかもね。お昼寝すると、頭がしゃっきりして、作業効率が上がるって、聞いたことある」%K%P
「あ、それもいいかもね。お昼寝すると、頭がしゃっきりして、作業効率が上がるって、聞いたことある」%K%P
まだまだ時間はたっぷりある、少しぐらいお昼寝しても大丈夫だろう。%K%P
まだまだ時間はたっぷりある、少しぐらいお昼寝しても大丈夫だろう。%K%P
それじゃ、あっちのベンチで横になろうかな――移動しようとした僕の手を、奏さんがそっと掴む。%K%P
それじゃ、あっちのベンチで横になろうかな――移動しようとした僕の手を、奏さんがそっと掴む。%K%P
「いずみさん、どこへ行かれるのですか？　お昼寝、なさらないの？」%K%P
「いずみさん、どこへ行かれるのですか？　お昼寝、なさらないの？」%K%P
「ん、あそこのベンチで横になろうかと思って……って、んぅ」%K%P
「ん、あそこのベンチで横になろうかと思って……って、んぅ」%K%P
奏さんの指先に微妙な力が加えられる。それはとっても心地よくて、声が漏れてしまう。%K%P
奏さんの指先に微妙な力が加えられる。それはとっても心地よくて、声が漏れてしまう。%K%P
「ここで眠って下さいな。ちゃんと{枕:まくら}まで用意したのですから」%K%P
「ここで眠って下さいな。ちゃんと{枕:まくら}まで用意したのですから」%K%P
「ま、枕？　そんなのどこに……え、まさか……奏さんの？」%K%P
「ま、枕？　そんなのどこに……え、まさか……奏さんの？」%K%P
「はい、膝枕ですわ。一度してみたかったんですの」%K%P
「はい、膝枕ですわ。一度してみたかったんですの」%K%P
ぽんぽんと自分の太ももを叩く奏さん。%K%P
ぽんぽんと自分の太ももを叩く奏さん。%K%P
「ほぉら、遠慮なさらずに……大丈夫ですわ、今日は休日ですし学生もほとんどおりませんから」%K%P
「ほぉら、遠慮なさらずに……大丈夫ですわ、今日は休日ですし学生もほとんどおりませんから」%K%P
「それに……私達は{傍:はた}から見れば{女の子同士:・・・・・}ですから……ね？」%K%P
「それに……私達は{傍:はた}から見れば{女の子同士:・・・・・}ですから……ね？」%K%P
確かに見た目は同姓だし、ここでは膝枕までとは行かなくても、イチャつく光景は見られるし。%K%P
確かに見た目は同姓だし、ここでは膝枕までとは行かなくても、イチャつく光景は見られるし。%K%P
なによりも……スカートから覗く健康的な太ももは魅力的で……%K%P
なによりも……スカートから覗く健康的な太ももは魅力的で……%K%P
「あぅ……そ、それじゃお邪魔します……」%K%P
「あぅ……そ、それじゃお邪魔します……」%K%P
「はい、どうぞ。そう、そのまま体をあずけて……頭を私の足に…………」%K%P
「はい、どうぞ。そう、そのまま体をあずけて……頭を私の足に…………」%K%P
体を横たえ、頭を奏さんの太ももの間へと預ける。恥ずかしさから、僕はしっかりと目を閉じる。%K%P
体を横たえ、頭を奏さんの太ももの間へと預ける。恥ずかしさから、僕はしっかりと目を閉じる。%K%P
「ふふ、いずみさんの髪、サラサラで綺麗……さあ、お眠り下さい。私が見守っておりますから……んんー……ふふんー……」%K%P
「ふふ、いずみさんの髪、サラサラで綺麗……さあ、お眠り下さい。私が見守っておりますから……んんー……ふふんー……」%K%P
奏さんが僕の髪を撫でながら、眠り歌を奏でる。%K%P
奏さんが僕の髪を撫でながら、眠り歌を奏でる。%K%P
なんか懐かしいフレーズ……これ、子供だった頃、聴いた気がする。%K%P
なんか懐かしいフレーズ……これ、子供だった頃、聴いた気がする。%K%P
体の力が抜けていく。ゆっくりと息を吐き、吸う。%K%P
体の力が抜けていく。ゆっくりと息を吐き、吸う。%K%P
奏さんの匂いと、仄かな温もりに包まれて、僕は眠りに落ちていった。%K%P
奏さんの匂いと、仄かな温もりに包まれて、僕は眠りに落ちていった。%K%P
……夢を見ていた気がする。女の子が歌を歌っている……そんな夢。%K%P
……夢を見ていた気がする。女の子が歌を歌っている……そんな夢。%K%P
過去に体験した事柄。ううん、もしかしたらデジャブかも。%K%P
過去に体験した事柄。ううん、もしかしたらデジャブかも。%K%P
はっきりとは覚えてないけれど、それはとても大切な記憶だったような気がする――%K%P
はっきりとは覚えてないけれど、それはとても大切な記憶だったような気がする――%K%P
「…………ふふふ……」%K%P
「…………ふふふ……」%K%P
「……いずみさん、楽しそう」%K%P
「……いずみさん、楽しそう」%K%P
耳をくすぐるほんわかとした声。僕の大好きな声。%K%P
耳をくすぐるほんわかとした声。僕の大好きな声。%K%P
ぼんやりとした思考が、徐々に覚醒していく。%K%P
ぼんやりとした思考が、徐々に覚醒していく。%K%P
目の前には澄んだ瞳で僕を見つめる奏さんが居て……オレンジ色の光がシルエットを浮かび上がらせていた。%K%P
目の前には澄んだ瞳で僕を見つめる奏さんが居て……オレンジ色の光がシルエットを浮かび上がらせていた。%K%P
「……あ、れ？　空、赤い……ねえ、もしかして……もう夕方？」%K%P
「……あ、れ？　空、赤い……ねえ、もしかして……もう夕方？」%K%P
「はい。今日は晴れているので、夕陽が見事ですわ。ほら、あんなに大きくて……ご覧になりますか？」%K%P
「はい。今日は晴れているので、夕陽が見事ですわ。ほら、あんなに大きくて……ご覧になりますか？」%K%P
「あうっ、ご、ご覧になるのもいいけどさ……すっかり寝込んじゃった。ごめん、奏さん」%K%P
「あうっ、ご、ご覧になるのもいいけどさ……すっかり寝込んじゃった。ごめん、奏さん」%K%P
折角の休日練習だっていうのに、午後を潰してしまった。僕は謝ろうとして体を起こそうとするが……奏さんがふるふると頭を振った。%K%P
折角の休日練習だっていうのに、午後を潰してしまった。僕は謝ろうとして体を起こそうとするが……奏さんがふるふると頭を振った。%K%P
「そのままで。いずみさん、生活の変化があったりして、お疲れだったのでしょう？　ほんとうに、ぐっすりとお休みでしたわ」%K%P
「そのままで。いずみさん、生活の変化があったりして、お疲れだったのでしょう？　ほんとうに、ぐっすりとお休みでしたわ」%K%P
「何度かお目覚めになりそうだったのですが……ふふふ、私の子守り歌、結構効き目があるみたいですわね」%K%P
「何度かお目覚めになりそうだったのですが……ふふふ、私の子守り歌、結構効き目があるみたいですわね」%K%P
僕の前髪にそっと触れ、指を絡める。おでこに手の平が触れる……バニラの香りがした。%K%P
僕の前髪にそっと触れ、指を絡める。おでこに手の平が触れる……バニラの香りがした。%K%P
「うん、効果抜群だね。どんなにぐずる子でも、夢の世界に直行だと思う」%K%P
「うん、効果抜群だね。どんなにぐずる子でも、夢の世界に直行だと思う」%K%P
「あらあら……でも……どちらが歌っても、{寝躾:ねしつ}けること、出来ますわね――私達、{歌姫:ディーバ}ですものね」%K%P
「あらあら……でも……どちらが歌っても、{寝躾:ねしつ}けること、出来ますわね――私達、{歌姫:ディーバ}ですものね」%K%P
とくんと胸が高鳴る。%K%P
とくんと胸が高鳴る。%K%P
脳裏に描く僕らの姿……それはいつかあるかも知れない未来。%K%P
脳裏に描く僕らの姿……それはいつかあるかも知れない未来。%K%P
もし、叶えば……いいな。%K%P
もし、叶えば……いいな。%K%P
「……うん……あ、そうだ、ずっと膝枕させてごめん。練習時間無くなっちゃったね」%K%P
「……うん……あ、そうだ、ずっと膝枕させてごめん。練習時間無くなっちゃったね」%K%P
「構いませんわ。練習も大事ですけど、いまはこうして、いずみさんと過す時間も大切ですの」%K%P
「構いませんわ。練習も大事ですけど、いまはこうして、いずみさんと過す時間も大切ですの」%K%P
花々を揺らし、風が通り抜ける。ふわふわの奏さんの髪が、僕の頬を撫でる。%K%P
花々を揺らし、風が通り抜ける。ふわふわの奏さんの髪が、僕の頬を撫でる。%K%P
「奏さん…………もう、そんなはっきりと言われたら、照れるよ」%K%P
「奏さん…………もう、そんなはっきりと言われたら、照れるよ」%K%P
「あら、お顔が赤いのは、夕陽のせいだけじゃなかったのですね。でしたら……もっと……」%K%P
「あら、お顔が赤いのは、夕陽のせいだけじゃなかったのですね。でしたら……もっと……」%K%P
僕の前髪を絡めた指を解く。%K%P
僕の前髪を絡めた指を解く。%K%P
その細い指が頬に添えられて……しっとりとした唇が、僕のソレに重ねられた。%K%P
その細い指が頬に添えられて……しっとりとした唇が、僕のソレに重ねられた。%K%P
「んちゅ…………んぅ……ちゅぅ……」%K%P
「んちゅ…………んぅ……ちゅぅ……」%K%P
「んぁ…………ちゅぅ……んぅ…………んぷっ」%K%P
「んぁ…………ちゅぅ……んぅ…………んぷっ」%K%P
「んちゅ……ぷぅ……」%K%P
「んちゅ……ぷぅ……」%K%P
「よく、物語に目覚めのキスってあるでしょう？　一度してみたかったんですの。{歌姫:ディーバ}様、お目覚めのご気分はいかが？　なあんて、うふふふ」%K%P
「よく、物語に目覚めのキスってあるでしょう？　一度してみたかったんですの。{歌姫:ディーバ}様、お目覚めのご気分はいかが？　なあんて、うふふふ」%K%P
「ん、充分目覚めた……かな。今なら白雪姫の気持ちも分かるかも」%K%P
「ん、充分目覚めた……かな。今なら白雪姫の気持ちも分かるかも」%K%P
屈託無く笑う奏さん。子供のような無邪気さと、同じ年とは思えない程の艶やかさが同居している。%K%P
屈託無く笑う奏さん。子供のような無邪気さと、同じ年とは思えない程の艶やかさが同居している。%K%P
……唇……ぷるんってしていたな。%K%P
……唇……ぷるんってしていたな。%K%P
「あっ……いずみさんの……」%K%P
「あっ……いずみさんの……」%K%P
「え？　あ……また……」%K%P
「え？　あ……また……」%K%P
充血した僕のモノがスカートを押し上げ、その存在を誇示している。%K%P
充血した僕のモノがスカートを押し上げ、その存在を誇示している。%K%P
「あの、ごめん、また……こんなになっちゃった……」%K%P
「あの、ごめん、また……こんなになっちゃった……」%K%P
「気になさらずに。だって生理現象なのでしょう？　私だって…………んぅ……熱い……」%K%P
「気になさらずに。だって生理現象なのでしょう？　私だって…………んぅ……熱い……」%K%P
奏さんが身じろぎをする。蒸れた女の子の匂いが、濃厚に漂った。%K%P
奏さんが身じろぎをする。蒸れた女の子の匂いが、濃厚に漂った。%K%P
「こうなったらどうしたらいいかは、この前教えて頂きましたから……私に任せて下さい……ね？」%K%P
「こうなったらどうしたらいいかは、この前教えて頂きましたから……私に任せて下さい……ね？」%K%P
「え…………んぁっ、触ったら……んくぅううんっ」%K%P
「え…………んぁっ、触ったら……んくぅううんっ」%K%P
奏さんの手が、僕のモノに伸びる。%K%P
奏さんの手が、僕のモノに伸びる。%K%P
繊細な指使いに、理性は溶け落ちる。僕は甘い快楽へと身をゆだねた。%K%P
繊細な指使いに、理性は溶け落ちる。僕は甘い快楽へと身をゆだねた。%K%P
熱さのせいなのか、奏さんが衣服の前をはだける。%K%P
熱さのせいなのか、奏さんが衣服の前をはだける。%K%P
可愛いデザインのブラジャーに覆われた、白くて大きな胸が覗く――けど、僕はソレを目で堪能する事もできなくて。%K%P
可愛いデザインのブラジャーに覆われた、白くて大きな胸が覗く――けど、僕はソレを目で堪能する事もできなくて。%K%P
「スカート越しですのに……こんなに熱いなんて……」%K%P
「スカート越しですのに……こんなに熱いなんて……」%K%P
「やぅ、そのままは、ダメぇ……んぅう、下着とか……きゅぅうんっ」%K%P
「やぅ、そのままは、ダメぇ……んぅう、下着とか……きゅぅうんっ」%K%P
「下着が？　……はぁはぁ……いずみさん、その続き、私に聞かせてくださらない？」%K%P
「下着が？　……はぁはぁ……いずみさん、その続き、私に聞かせてくださらない？」%K%P
シュッ、シュッと布ズレの音が響く。奏さんの吐息が、甘く香る。%K%P
シュッ、シュッと布ズレの音が響く。奏さんの吐息が、甘く香る。%K%P
「し、知ってるでしょ？　んんぅ、擦ったら……んぅうう、その……汁が出て……んくぅうん」%K%P
「し、知ってるでしょ？　んんぅ、擦ったら……んぅうう、その……汁が出て……んくぅうん」%K%P
「お汁が出て……どうなってしまうのでしょう。ふふ、いずみさんのお口から、お聞きしたいですわ」%K%P
「お汁が出て……どうなってしまうのでしょう。ふふ、いずみさんのお口から、お聞きしたいですわ」%K%P
クッキーの生地をこねるように、指先を使う。親指の腹が、裏側の窪みにはまる。%K%P
クッキーの生地をこねるように、指先を使う。親指の腹が、裏側の窪みにはまる。%K%P
「きゃう！　よ、汚れちゃうからぁ、し、下着も……んぅうう、スカートも……んくぅうん……染みちゃう」%K%P
「きゃう！　よ、汚れちゃうからぁ、し、下着も……んぅうう、スカートも……んくぅうん……染みちゃう」%K%P
「あぁん、ぷくって膨らんできていますわ。はぁはぁ……スカートの生地、湿ってきましたわ……」%K%P
「あぁん、ぷくって膨らんできていますわ。はぁはぁ……スカートの生地、湿ってきましたわ……」%K%P
「んぅうん、やぁっ！　か、帰りこまるよぉ～……んくぅ、か、奏さん、止めてっ」%K%P
「んぅうん、やぁっ！　か、帰りこまるよぉ～……んくぅ、か、奏さん、止めてっ」%K%P
学園内だから、寮までは直ぐに戻れるけど……ラウンジや廊下で女の子達に会ったら……ううん、部屋に綾香さんも居るし。%K%P
学園内だから、寮までは直ぐに戻れるけど……ラウンジや廊下で女の子達に会ったら……ううん、部屋に綾香さんも居るし。%K%P
僕の恥ずかしい染みの着いたスカートを見られたら……見られてしまったら……%K%P
僕の恥ずかしい染みの着いたスカートを見られたら……見られてしまったら……%K%P
「ふふ……止めましょうか？　いずみさんがそうおっしゃるのなら」%K%P
「ふふ……止めましょうか？　いずみさんがそうおっしゃるのなら」%K%P
「んぅ……」%K%P
「んぅ……」%K%P
奏さんの手が止まる。どうやらスカートまでは染みていないみたい%K%P
奏さんの手が止まる。どうやらスカートまでは染みていないみたい%K%P
けど……なんでだろう、この切ないような気持ちは。%K%P
けど……なんでだろう、この切ないような気持ちは。%K%P
「まだいずみさんのお元気ですね。直接……いたしましょうか？　ふふ」%K%P
「まだいずみさんのお元気ですね。直接……いたしましょうか？　ふふ」%K%P
「下着が汚れたら困りますものね……私が脱がして差し上げます。よろしいですか？」%K%P
「下着が汚れたら困りますものね……私が脱がして差し上げます。よろしいですか？」%K%P
夢の中の出来事のように、頭がぼおっとしている。%K%P
夢の中の出来事のように、頭がぼおっとしている。%K%P
もっとしてもらいたい……僕はコクリと頷く。%K%P
もっとしてもらいたい……僕はコクリと頷く。%K%P
「それでは失礼して……んん…………」%K%P
「それでは失礼して……んん…………」%K%P
「しょっと……はい、脱げましたわ。ふぁ……やっぱり、直接拝見しますと……なんていうか……男の子なのですわね」%K%P
「しょっと……はい、脱げましたわ。ふぁ……やっぱり、直接拝見しますと……なんていうか……男の子なのですわね」%K%P
「んぅ、そ、そうだよ……ここは女装のしようが無いし」%K%P
「んぅ、そ、そうだよ……ここは女装のしようが無いし」%K%P
「ですわね。それに……下着は女性物ではないのですね……どうしてかしら？」%K%P
「ですわね。それに……下着は女性物ではないのですね……どうしてかしら？」%K%P
確かに完璧を期すなら、下着も女性物の方がいいのだろうけど……そこまでしてしまったら、いけない気がする。%K%P
確かに完璧を期すなら、下着も女性物の方がいいのだろうけど……そこまでしてしまったら、いけない気がする。%K%P
男としての、せめてもの自尊心だった。%K%P
男としての、せめてもの自尊心だった。%K%P
「{歌姫:ディーバ}も演じるし、女の子としても振る舞うけれど……なんていうか、それだけは譲れない気がしてね」%K%P
「{歌姫:ディーバ}も演じるし、女の子としても振る舞うけれど……なんていうか、それだけは譲れない気がしてね」%K%P
「ごめん、説明になってないよね」%K%P
「ごめん、説明になってないよね」%K%P
「身も心も女性に染まってしまう……それを防ぐための抑制装置というところでしょうか？」%K%P
「身も心も女性に染まってしまう……それを防ぐための抑制装置というところでしょうか？」%K%P
「えっと、そんなに大した物じゃないけれど……大体そんな感じ」%K%P
「えっと、そんなに大した物じゃないけれど……大体そんな感じ」%K%P
「ふふふ、やっぱりいずみさんは私が思ったとおりの殿方でしたわ。ただ愛らしいだけではありませんでした」%K%P
「ふふふ、やっぱりいずみさんは私が思ったとおりの殿方でしたわ。ただ愛らしいだけではありませんでした」%K%P
コクリと頷いた奏さん。その顔はどこか嬉しげだ。%K%P
コクリと頷いた奏さん。その顔はどこか嬉しげだ。%K%P
「……あん、下着、濡れてしまいましたね、いずみさんのお汁で……びしょびしょですわ。ほら、こことか、こことか……」%K%P
「……あん、下着、濡れてしまいましたね、いずみさんのお汁で……びしょびしょですわ。ほら、こことか、こことか……」%K%P
奏さんが僕の下着を指差す。分泌液で濡れた布地は黒ずんでいて……とんでもなく恥ずかしい。%K%P
奏さんが僕の下着を指差す。分泌液で濡れた布地は黒ずんでいて……とんでもなく恥ずかしい。%K%P
「んぅ、そんなの見せなくていいから…………って、や、やめ、ダメだよそんなのっ」%K%P
「んぅ、そんなの見せなくていいから…………って、や、やめ、ダメだよそんなのっ」%K%P
「んぅ……ちゅ…………んん…………やっぱり酸味が少しありますわね……いずみさんのお味」%K%P
「んぅ……ちゅ…………んん…………やっぱり酸味が少しありますわね……いずみさんのお味」%K%P
指先で僕の分泌液をすくい取り、口に含む奏さん。%K%P
指先で僕の分泌液をすくい取り、口に含む奏さん。%K%P
「味だなんて……そんなの……うぅ……」%K%P
「味だなんて……そんなの……うぅ……」%K%P
「なんでも味見をするのが私の信条ですから。お菓子屋の娘ですからね、味覚には自信がありますわ」%K%P
「なんでも味見をするのが私の信条ですから。お菓子屋の娘ですからね、味覚には自信がありますわ」%K%P
「そうだ……ねえいずみさん……私のこと、もっと知りたくはありません？」%K%P
「そうだ……ねえいずみさん……私のこと、もっと知りたくはありません？」%K%P
「奏さんのこと？　それは、知りたいけど……え、何を」%K%P
「奏さんのこと？　それは、知りたいけど……え、何を」%K%P
僕の言葉を聞いて、奏さんが自分の胸に手を掛ける。%K%P
僕の言葉を聞いて、奏さんが自分の胸に手を掛ける。%K%P
上品な造りのブラジャーを指でまさぐる――薄い布地が弾け、白い双丘が顔を見せた。%K%P
上品な造りのブラジャーを指でまさぐる――薄い布地が弾け、白い双丘が顔を見せた。%K%P
剥き出しの白い肌には汗の粒が浮かび、採れたての果物のように甘く香っている。%K%P
剥き出しの白い肌には汗の粒が浮かび、採れたての果物のように甘く香っている。%K%P
自分の乳房を支えた奏さんが、僕の口元へとソレを差し出す。%K%P
自分の乳房を支えた奏さんが、僕の口元へとソレを差し出す。%K%P
「私を味わって下さい……いずみさん、お願いします」%K%P
「私を味わって下さい……いずみさん、お願いします」%K%P
「…………んく…………いいの？」%K%P
「…………んく…………いいの？」%K%P
「もちろん、ですわ。いずみさんには……私の、全てを知って欲しいのですから……さあ、どうぞ」%K%P
「もちろん、ですわ。いずみさんには……私の、全てを知って欲しいのですから……さあ、どうぞ」%K%P
「んきゅっ！　んあぁあんっ」%K%P
「んきゅっ！　んあぁあんっ」%K%P
「んちゅ……ちゅぅ……ふあぁ……ふかふか……んちゅぅ」%K%P
「んちゅ……ちゅぅ……ふあぁ……ふかふか……んちゅぅ」%K%P
「やぅっ！　い、いずみさんが、はぁはぁ……私の……おっぱいを……なんて……んぁあああんっ」%K%P
「やぅっ！　い、いずみさんが、はぁはぁ……私の……おっぱいを……なんて……んぁあああんっ」%K%P
白い地肌と変わらないぐらい、薄いピンク色のモノを口に含む。%K%P
白い地肌と変わらないぐらい、薄いピンク色のモノを口に含む。%K%P
ふわっとバニラビーンズのような甘い香りが口に拡がる。%K%P
ふわっとバニラビーンズのような甘い香りが口に拡がる。%K%P
唇の先で挟むだけで変形するぐらい柔らかい。%K%P
唇の先で挟むだけで変形するぐらい柔らかい。%K%P
「んぅ……んぅううん……い、いずみさん、私の……どう、ですか？」%K%P
「んぅ……んぅううん……い、いずみさん、私の……どう、ですか？」%K%P
「んちゅ、ちゅ……すごく、柔らかい……えっと、奏さん風に言うと……メレンゲぐらい？」%K%P
「んちゅ、ちゅ……すごく、柔らかい……えっと、奏さん風に言うと……メレンゲぐらい？」%K%P
「んあっ……め、メレンゲですか……ふふふ、嬉しいです。私、んぁあんっ……メレンゲを使ったお菓子……得意ですのよ？」%K%P
「んあっ……め、メレンゲですか……ふふふ、嬉しいです。私、んぁあんっ……メレンゲを使ったお菓子……得意ですのよ？」%K%P
眉を下げて微笑む奏さん。本当にお菓子作りが好きなんだな。%K%P
眉を下げて微笑む奏さん。本当にお菓子作りが好きなんだな。%K%P
僕とどっちが……なんて、比較の対象にはならないのだけど……%K%P
僕とどっちが……なんて、比較の対象にはならないのだけど……%K%P
「やあぅう、さきぃ、だめぇっ……じんじんしちゃいますから……んくぅううんっ」%K%P
「やあぅう、さきぃ、だめぇっ……じんじんしちゃいますから……んくぅううんっ」%K%P
「か、噛み噛みされて……んぅうん、は、腫れてしまいますぅ……」%K%P
「か、噛み噛みされて……んぅうん、は、腫れてしまいますぅ……」%K%P
「んぐ、んぐ……少し、味が変わって……来たかも……んむぅ」%K%P
「んぐ、んぐ……少し、味が変わって……来たかも……んむぅ」%K%P
甘みの中に、微かな酸味が混じり込む。僕は唇をすぼめる。%K%P
甘みの中に、微かな酸味が混じり込む。僕は唇をすぼめる。%K%P
「奏さんの……んぅ……ちゅ……おいしい……んぅん……お菓子にたとえるなら……アップルパイかな」%K%P
「奏さんの……んぅ……ちゅ……おいしい……んぅん……お菓子にたとえるなら……アップルパイかな」%K%P
「んぁんっ……んふっ、お菓子で例えてくれるなんて……はぁはぁ……私に……影響されてしまいましたか？」%K%P
「んぁんっ……んふっ、お菓子で例えてくれるなんて……はぁはぁ……私に……影響されてしまいましたか？」%K%P
「ん、そうかも……だって、恋人同士だものね……」%K%P
「ん、そうかも……だって、恋人同士だものね……」%K%P
ようやく、言えた。なかなか口に出せなくて……だって照れくさいから。%K%P
ようやく、言えた。なかなか口に出せなくて……だって照れくさいから。%K%P
「恋人同士……嬉しい……いずみさんの口から聞けて……私嬉しいですわ……んぅ……二人で……気持ち良くなりましょう？」%K%P
「恋人同士……嬉しい……いずみさんの口から聞けて……私嬉しいですわ……んぅ……二人で……気持ち良くなりましょう？」%K%P
「うん…………んぅ……指……んああああんっ」%K%P
「うん…………んぅ……指……んああああんっ」%K%P
「んくぅっ、す、吸われて……んきゅぅううん」%K%P
「んくぅっ、す、吸われて……んきゅぅううん」%K%P
奏さんが僕のモノを擦りあげる。%K%P
奏さんが僕のモノを擦りあげる。%K%P
僕が奏さんの乳房を吸う。%K%P
僕が奏さんの乳房を吸う。%K%P
二人の体から溢れ出す、えっちな香りが混じり合い、僕らを刺激する。%K%P
二人の体から溢れ出す、えっちな香りが混じり合い、僕らを刺激する。%K%P
「んんぅ、んんんう、ううんっ！　いずみさんのお汁が……べとべとで……んきゅうぅうん」%K%P
「んんぅ、んんんう、ううんっ！　いずみさんのお汁が……べとべとで……んきゅうぅうん」%K%P
「んあぅ、んぅ、激しいっ……んちゅ、んちゅ、ちゅぅうううううん」%K%P
「んあぅ、んぅ、激しいっ……んちゅ、んちゅ、ちゅぅうううううん」%K%P
「あぁあんっ、やぅうん、わ、私、い、イッてしまいますぅうっ」%K%P
「あぁあんっ、やぅうん、わ、私、い、イッてしまいますぅうっ」%K%P
「んんぅ、んんぅ……んっくぅ！」%K%P
「んんぅ、んんぅ……んっくぅ！」%K%P
「んっきゃぁあああぁああ～～～～～～～～～ん」%K%P
「んっきゃぁあああぁああ～～～～～～～～～ん」%K%P
奏さんの先端を甘噛みしたと同時に、絶頂を迎えた。%K%P
奏さんの先端を甘噛みしたと同時に、絶頂を迎えた。%K%P
一際濃い香りが立ちこめ、白濁した液体が噴きだす。%K%P
一際濃い香りが立ちこめ、白濁した液体が噴きだす。%K%P
「んんぅううん……んっは、んんはぁ、んんはぁ……」%K%P
「んんぅううん……んっは、んんはぁ、んんはぁ……」%K%P
「はぁはぁ……んぅ……い、痛かったかな？」%K%P
「はぁはぁ……んぅ……い、痛かったかな？」%K%P
「はぁはぁ……ふふ……少しだけ……けれど、私も……いずみさんをちょっとだけイジめちゃいましたから……おあいこです、ふふ」%K%P
「はぁはぁ……ふふ……少しだけ……けれど、私も……いずみさんをちょっとだけイジめちゃいましたから……おあいこです、ふふ」%K%P
「それに……少し痛いのも……いいかもしれませんわ」%K%P
「それに……少し痛いのも……いいかもしれませんわ」%K%P
ドロドロの液で汚れた顔で、微笑む奏さん。%K%P
ドロドロの液で汚れた顔で、微笑む奏さん。%K%P
放ったばかりだというのに、再び固くなってしまいそうだった。%K%P
放ったばかりだというのに、再び固くなってしまいそうだった。%K%P
衣服を整え、後片付けを済ました僕ら。幸いな事に誰にも見られてなかったみたい。%K%P
衣服を整え、後片付けを済ました僕ら。幸いな事に誰にも見られてなかったみたい。%K%P
「その……休日とはいえ、少し大胆でしたわね」%K%P
「その……休日とはいえ、少し大胆でしたわね」%K%P
「あ、あは、そうかも。えっと……今日はあまり練習できなかったね」%K%P
「あ、あは、そうかも。えっと……今日はあまり練習できなかったね」%K%P
「いいえ……とっても素敵な練習ができましたわ」%K%P
「いいえ……とっても素敵な練習ができましたわ」%K%P
「え？　でも、午前中しか歌は歌えなかったけれど……」%K%P
「え？　でも、午前中しか歌は歌えなかったけれど……」%K%P
「ふふ、あんなに素敵なレッスンが出来たではないですか。それに……」%K%P
「ふふ、あんなに素敵なレッスンが出来たではないですか。それに……」%K%P
言葉をとぎる奏さん。小さく息を吸うと、僕を見つめた。%K%P
言葉をとぎる奏さん。小さく息を吸うと、僕を見つめた。%K%P
「エッチの練習はできましたから。今日みたいな濃密な時間……初めてでしたわよ」%K%P
「エッチの練習はできましたから。今日みたいな濃密な時間……初めてでしたわよ」%K%P
「あぅっ……え、エッチの練習だなんて……」%K%P
「あぅっ……え、エッチの練習だなんて……」%K%P
「はい。それに……今日のいずみさんの声、とっても素敵でした」%K%P
「はい。それに……今日のいずみさんの声、とっても素敵でした」%K%P
「声……それって、あの……どっちかな」%K%P
「声……それって、あの……どっちかな」%K%P
歌声？　それとも……あの時の……声？%K%P
歌声？　それとも……あの時の……声？%K%P
「ふふ、どっちもです。しばらくは耳から離れそうにありませんわ」%K%P
「ふふ、どっちもです。しばらくは耳から離れそうにありませんわ」%K%P
「あぅ……そんなぁ～」%K%P
「あぅ……そんなぁ～」%K%P
奏さんが口元に手を置いて、コロコロと笑う。%K%P
奏さんが口元に手を置いて、コロコロと笑う。%K%P
沈んでいく夕陽に照らされた、長い髪がキラキラと煌めいていた。%K%P
沈んでいく夕陽に照らされた、長い髪がキラキラと煌めいていた。%K%P
