「希実ちゃん、一緒に行ってもいい？」%K%P
「希実ちゃん、一緒に行ってもいい？」%K%P
「えっ？　わ、私とですか？」%K%P
「えっ？　わ、私とですか？」%K%P
「うん。その荷物だと気に入った本があったときに大変でしょ？」%K%P
「うん。その荷物だと気に入った本があったときに大変でしょ？」%K%P
荷物自体はそこまで重くないけれど、お供がいて困ることはないだろう。%K%P
荷物自体はそこまで重くないけれど、お供がいて困ることはないだろう。%K%P
「それに、私も古書市を覗いてみたいし」%K%P
「それに、私も古書市を覗いてみたいし」%K%P
「でも……」%K%P
「でも……」%K%P
「遠慮することないわよ、希実。いずみさんも本を見たい、ってことなんだから」%K%P
「遠慮することないわよ、希実。いずみさんも本を見たい、ってことなんだから」%K%P
「そうそう」%K%P
「そうそう」%K%P
「……わかりました。では、よろしくお願いします、いずみ様」%K%P
「……わかりました。では、よろしくお願いします、いずみ様」%K%P
「こちらこそ、よろしくね」%K%P
「こちらこそ、よろしくね」%K%P
かしこまってお辞儀をされると困ってしまうけど、そういえば、希実ちゃんと２人だけになるのって、これが初めてかもしれない。%K%P
かしこまってお辞儀をされると困ってしまうけど、そういえば、希実ちゃんと２人だけになるのって、これが初めてかもしれない。%K%P
「じゃあ綾香さん、また後で」%K%P
「じゃあ綾香さん、また後で」%K%P
「希実、いずみさんに迷惑をかけちゃダメよ」%K%P
「希実、いずみさんに迷惑をかけちゃダメよ」%K%P
「うん」%K%P
「うん」%K%P
少しだけかしこまった希実ちゃんの案内で、僕たちは古書市を見かけたという駅前に戻った。%K%P
少しだけかしこまった希実ちゃんの案内で、僕たちは古書市を見かけたという駅前に戻った。%K%P
「わぁ……本当、いろんな本があるね」%K%P
「わぁ……本当、いろんな本があるね」%K%P
希実ちゃんが見つけたという古書市は、駅ビルの催事スペースを使って行われていた。%K%P
希実ちゃんが見つけたという古書市は、駅ビルの催事スペースを使って行われていた。%K%P
紐で綴じられたいかにも古そうな帳面から、立派な医学書や辞典まで、いろんな本が並んでいる。%K%P
紐で綴じられたいかにも古そうな帳面から、立派な医学書や辞典まで、いろんな本が並んでいる。%K%P
「いずみ様、音楽の教本も置いてありますよ」%K%P
「いずみ様、音楽の教本も置いてありますよ」%K%P
手招きする希実ちゃんのところへ行ってみると、クラシック音楽の専門誌やピアノの教本など、音楽関係の本がまとめて並んでいた。%K%P
手招きする希実ちゃんのところへ行ってみると、クラシック音楽の専門誌やピアノの教本など、音楽関係の本がまとめて並んでいた。%K%P
中には洋書もあって、古本を扱う催しらしい品揃えに、つい色々と手にとって眺めてしまう。%K%P
中には洋書もあって、古本を扱う催しらしい品揃えに、つい色々と手にとって眺めてしまう。%K%P
「あっ、この本知ってる。懐かしいなぁ……」%K%P
「あっ、この本知ってる。懐かしいなぁ……」%K%P
見覚えのある表紙があったので手を伸ばしたら、それは僕が子供の頃、良く眺めていた教本だった。%K%P
見覚えのある表紙があったので手を伸ばしたら、それは僕が子供の頃、良く眺めていた教本だった。%K%P
「あっ、それ、私も知ってます」%K%P
「あっ、それ、私も知ってます」%K%P
「わ、ほんとっ？」%K%P
「わ、ほんとっ？」%K%P
「子供の頃、ソルフェージュのレッスンをしているときに法子姉さんがプレゼントしてくれて」%K%P
「子供の頃、ソルフェージュのレッスンをしているときに法子姉さんがプレゼントしてくれて」%K%P
「法子さんが？」%K%P
「法子さんが？」%K%P
「はい。そもそも私が歌に興味をもったのも、法子姉さんの影響が強いんです」%K%P
「はい。そもそも私が歌に興味をもったのも、法子姉さんの影響が強いんです」%K%P
「法子姉さん、クラシックやオペラがとても好きで、良く聞かせてくれたりして……」%K%P
「法子姉さん、クラシックやオペラがとても好きで、良く聞かせてくれたりして……」%K%P
「へえ……」%K%P
「へえ……」%K%P
そういえば法子さん、学園で最初に会ったとき、僕のことを雑誌を通して知っていたっけ。%K%P
そういえば法子さん、学園で最初に会ったとき、僕のことを雑誌を通して知っていたっけ。%K%P
あの雑誌はクラシック音楽を扱うものとしてはそれなりに知られたものだけど、それでも、好きな人でなければ購読しないものだろうし。%K%P
あの雑誌はクラシック音楽を扱うものとしてはそれなりに知られたものだけど、それでも、好きな人でなければ購読しないものだろうし。%K%P
「いずみ様は、どうして声楽を？」%K%P
「いずみ様は、どうして声楽を？」%K%P
「いろいろあるけど……一番はやっぱり、歌うのが好きだからかな」%K%P
「いろいろあるけど……一番はやっぱり、歌うのが好きだからかな」%K%P
「好き、だから……」%K%P
「好き、だから……」%K%P
「うん。それこそ、留学しちゃうぐらいに」%K%P
「うん。それこそ、留学しちゃうぐらいに」%K%P
「そういえば、いずみ様は留学してらっしゃったんですよね。綾香お姉ちゃんから聞きました」%K%P
「そういえば、いずみ様は留学してらっしゃったんですよね。綾香お姉ちゃんから聞きました」%K%P
「あっ、うん。ヨーロッパのほうに。国内のコンクールで賞を貰ったときに、勧められたこともあって」%K%P
「あっ、うん。ヨーロッパのほうに。国内のコンクールで賞を貰ったときに、勧められたこともあって」%K%P
「賞、ですか……。それってやっぱり、有名な？」%K%P
「賞、ですか……。それってやっぱり、有名な？」%K%P
「あっ、え、えっと――」%K%P
「あっ、え、えっと――」%K%P
しまった、つい口が滑っちゃった……。%K%P
しまった、つい口が滑っちゃった……。%K%P
{歌姫:ディーバ}に選ばれていたわけだし、希実ちゃんはある程度、こういった方面に詳しいはず。%K%P
{歌姫:ディーバ}に選ばれていたわけだし、希実ちゃんはある程度、こういった方面に詳しいはず。%K%P
音楽の話が出来るのは嬉しいけど、あまり踏み込んだ話をするのは、藪蛇かもしれない。%K%P
音楽の話が出来るのは嬉しいけど、あまり踏み込んだ話をするのは、藪蛇かもしれない。%K%P
「その、小さなコンクールだったんだけど、審査員の人に向こうの音楽院の人がいて……」%K%P
「その、小さなコンクールだったんだけど、審査員の人に向こうの音楽院の人がいて……」%K%P
全国、なんて言おうものなら大会の履歴を見られちゃうかもしれないし、咄嗟に誤魔化しておく。%K%P
全国、なんて言おうものなら大会の履歴を見られちゃうかもしれないし、咄嗟に誤魔化しておく。%K%P
なんとか話題を逸らさないと――――、%K%P
なんとか話題を逸らさないと――――、%K%P
「……あっ、このバイエル、懐かしくない？　これ、よく見かけたよね」%K%P
「……あっ、このバイエル、懐かしくない？　これ、よく見かけたよね」%K%P
目の前の本を慌てて手に取り、それを希実ちゃんに見せてみる。%K%P
目の前の本を慌てて手に取り、それを希実ちゃんに見せてみる。%K%P
「あはっ、ほんと……。実は私、小さな頃はピアノも習っていたんですよ」%K%P
「あはっ、ほんと……。実は私、小さな頃はピアノも習っていたんですよ」%K%P
「ピアノ……。希実ちゃん、なにが好き？」%K%P
「ピアノ……。希実ちゃん、なにが好き？」%K%P
「んと……子犬のワルツ、とか。あの曲、弾いている時の指の動きが、とても気持ち良くて……」%K%P
「んと……子犬のワルツ、とか。あの曲、弾いている時の指の動きが、とても気持ち良くて……」%K%P
「あぁ……いいよね、あの曲。私も好きだな」%K%P
「あぁ……いいよね、あの曲。私も好きだな」%K%P
「嬉しいです。いずみ様と同じ曲を好きだなんて」%K%P
「嬉しいです。いずみ様と同じ曲を好きだなんて」%K%P
「あっ、このバイエル、そんなに高くない……。記念に買っちゃおうかな……」%K%P
「あっ、このバイエル、そんなに高くない……。記念に買っちゃおうかな……」%K%P
「記念？」%K%P
「記念？」%K%P
「それはもちろん、こうして、いずみ様と一緒に音楽の話が出来た記念、というか……」%K%P
「それはもちろん、こうして、いずみ様と一緒に音楽の話が出来た記念、というか……」%K%P
「そんな……。希実ちゃんさえよければ、いつだって話相手になるよ？」%K%P
「そんな……。希実ちゃんさえよければ、いつだって話相手になるよ？」%K%P
「ホントですか？」%K%P
「ホントですか？」%K%P
「あっ……うっ、うん」%K%P
「あっ……うっ、うん」%K%P
うぅ、しまった……。音楽の話題から離れたいはずなのに、こんな約束までしちゃうなんて……。%K%P
うぅ、しまった……。音楽の話題から離れたいはずなのに、こんな約束までしちゃうなんて……。%K%P
でも、音楽の話になった途端、瞳がキラキラして……希実ちゃん、やっぱり音楽が好きなんだなぁ。%K%P
でも、音楽の話になった途端、瞳がキラキラして……希実ちゃん、やっぱり音楽が好きなんだなぁ。%K%P
それなのに、どうして{歌姫:ディーバ}を辞退しちゃったんだろう。%K%P
それなのに、どうして{歌姫:ディーバ}を辞退しちゃったんだろう。%K%P
……って、こういう詮索は良くないよね。%K%P
……って、こういう詮索は良くないよね。%K%P
「あっ、これも懐かしい……。この雑誌、法子姉さんがよく読んでました」%K%P
「あっ、これも懐かしい……。この雑誌、法子姉さんがよく読んでました」%K%P
「私も良く、読ませてもらっていて」%K%P
「私も良く、読ませてもらっていて」%K%P
「ん、どれどれ――――」%K%P
「ん、どれどれ――――」%K%P
……って、なっ、え、ちょっ……！？%K%P
……って、なっ、え、ちょっ……！？%K%P
「の、希実ちゃん。ちょっと見せて貰っていい？」%K%P
「の、希実ちゃん。ちょっと見せて貰っていい？」%K%P
「あ、はい」%K%P
「あ、はい」%K%P
頷いた希実ちゃんから手渡された雑誌を、内容が見えないようにして、ぱらぱらとめくる。%K%P
頷いた希実ちゃんから手渡された雑誌を、内容が見えないようにして、ぱらぱらとめくる。%K%P
「わっ……」%K%P
「わっ……」%K%P
まさかと思ったけど、やっぱりそうだ。%K%P
まさかと思ったけど、やっぱりそうだ。%K%P
希実ちゃんが手に取ったのは、留学前の僕のインタビューが載っている、まさにその雑誌だった。%K%P
希実ちゃんが手に取ったのは、留学前の僕のインタビューが載っている、まさにその雑誌だった。%K%P
「……いずみ様、どうしたんですか？」%K%P
「……いずみ様、どうしたんですか？」%K%P
「あ、いや、その……この雑誌、前から探してたから、まさかあると思わなくて、驚いちゃって」%K%P
「あ、いや、その……この雑誌、前から探してたから、まさかあると思わなくて、驚いちゃって」%K%P
「そうだったんですか。いきなり慌てるから、私までびっくりしちゃいました」%K%P
「そうだったんですか。いきなり慌てるから、私までびっくりしちゃいました」%K%P
「あ、あはは……ご、ごめんね、驚かせて。それぐらい衝撃的だった、っていうか……」%K%P
「あ、あはは……ご、ごめんね、驚かせて。それぐらい衝撃的だった、っていうか……」%K%P
いやはや、驚くなんてものじゃない。%K%P
いやはや、驚くなんてものじゃない。%K%P
この記事の和泉司と、塚原いずみとが同一人物だ、ってことは、わからないだろうけど……。%K%P
この記事の和泉司と、塚原いずみとが同一人物だ、ってことは、わからないだろうけど……。%K%P
でも、万が一、ということもある。%K%P
でも、万が一、ということもある。%K%P
「あの……これ、私が買っちゃってもいい？」%K%P
「あの……これ、私が買っちゃってもいい？」%K%P
「はい、それは構いませんけど……いずみ様、どうしてその本を探していたんですか？」%K%P
「はい、それは構いませんけど……いずみ様、どうしてその本を探していたんですか？」%K%P
「いや、えっと……ちょっと、気になる記事があったから、読んでみたいなぁ、って……」%K%P
「いや、えっと……ちょっと、気になる記事があったから、読んでみたいなぁ、って……」%K%P
変な誤魔化し方をして、かえって雑誌に興味をもたれたら困るから、無難に無難に。%K%P
変な誤魔化し方をして、かえって雑誌に興味をもたれたら困るから、無難に無難に。%K%P
「じゃあ、えっと……あっ、そのバイエル。よければ、私が一緒に買ってくるよ」%K%P
「じゃあ、えっと……あっ、そのバイエル。よければ、私が一緒に買ってくるよ」%K%P
「えっ、ですけど……」%K%P
「えっ、ですけど……」%K%P
「いいの。それで記念になるなら、高いものでもないし、良ければプレゼントさせて」%K%P
「いいの。それで記念になるなら、高いものでもないし、良ければプレゼントさせて」%K%P
「あっ……」%K%P
「あっ……」%K%P
希実ちゃんと見ていたバイエルも手に取ると、僕はそのまま逃げるようにして会計に向かった。%K%P
希実ちゃんと見ていたバイエルも手に取ると、僕はそのまま逃げるようにして会計に向かった。%K%P
「――――っていうことがあって。驚くやら焦るやらで、もう大変だったんだから」%K%P
「――――っていうことがあって。驚くやら焦るやらで、もう大変だったんだから」%K%P
「そう……。それは本当に災難だったわね」%K%P
「そう……。それは本当に災難だったわね」%K%P
希実ちゃんとの買い物の顛末を語った僕に、綾香さんが苦笑気味に眉を寄せる。%K%P
希実ちゃんとの買い物の顛末を語った僕に、綾香さんが苦笑気味に眉を寄せる。%K%P
今日の大ピンチを誰かに聞いてもらいたくて、でも、事情が事情だけに、こういう話題を話せる相手といったら、綾香さんしかいなかった。%K%P
今日の大ピンチを誰かに聞いてもらいたくて、でも、事情が事情だけに、こういう話題を話せる相手といったら、綾香さんしかいなかった。%K%P
「で、それが例の雑誌、というわけね」%K%P
「で、それが例の雑誌、というわけね」%K%P
「うん。これ、どこかに隠しておかなくちゃ」%K%P
「うん。これ、どこかに隠しておかなくちゃ」%K%P
「隠す、って……どうして？」%K%P
「隠す、って……どうして？」%K%P
「目につくところに置いておいたら、絶対に見せてって言われちゃうと思うから」%K%P
「目につくところに置いておいたら、絶対に見せてって言われちゃうと思うから」%K%P
「まあ、確かに……。それで見せられない、と断るのもかえって不自然よね」%K%P
「まあ、確かに……。それで見せられない、と断るのもかえって不自然よね」%K%P
あの場は咄嗟に購入することでやり過ごしたけど、それにより希実ちゃんは、僕がこの本を買った、ということを知っている。%K%P
あの場は咄嗟に購入することでやり過ごしたけど、それにより希実ちゃんは、僕がこの本を買った、ということを知っている。%K%P
「やっぱり本を隠すといったら、ベッドの下とか……あとは、本棚の後ろの隙間、とかかな……」%K%P
「やっぱり本を隠すといったら、ベッドの下とか……あとは、本棚の後ろの隙間、とかかな……」%K%P
「いずみさん、本を隠すことに慣れているの？」%K%P
「いずみさん、本を隠すことに慣れているの？」%K%P
「えっ？」%K%P
「えっ？」%K%P
「だって、すらすらと場所を思いつくんだもの」%K%P
「だって、すらすらと場所を思いつくんだもの」%K%P
「あっ……いや、これはその、なんというか……」%K%P
「あっ……いや、これはその、なんというか……」%K%P
まさか、エッチな本を隠す場所から連想していた、なんて言えるはずもない。%K%P
まさか、エッチな本を隠す場所から連想していた、なんて言えるはずもない。%K%P
「ねえ、いずみさん。隠してしまう前に、インタビューの記事を読ませてもらってもいい？」%K%P
「ねえ、いずみさん。隠してしまう前に、インタビューの記事を読ませてもらってもいい？」%K%P
「い、いいけど……笑わないでくれる？」%K%P
「い、いいけど……笑わないでくれる？」%K%P
記事自体は変じゃないにしても、小さいけど写真も載っているし、恥ずかしくて予防線を張ってしまう。%K%P
記事自体は変じゃないにしても、小さいけど写真も載っているし、恥ずかしくて予防線を張ってしまう。%K%P
「もう、そんなことするはずないでしょう？　子供の頃の写真を見るわけじゃないんだから」%K%P
「もう、そんなことするはずないでしょう？　子供の頃の写真を見るわけじゃないんだから」%K%P
「うぅ……」%K%P
「うぅ……」%K%P
この前のフォトブックのお返しとかばかりにくすくす笑う綾香さんに、僕は苦笑するしかなかった。%K%P
この前のフォトブックのお返しとかばかりにくすくす笑う綾香さんに、僕は苦笑するしかなかった。%K%P
「うん。確か、これだったはず……」%K%P
「うん。確か、これだったはず……」%K%P
いずみ様と一緒に寮へ帰った後、私は法子姉さんの許可を貰って、姉さんの部屋から１冊の雑誌を借りてきた。%K%P
いずみ様と一緒に寮へ帰った後、私は法子姉さんの許可を貰って、姉さんの部屋から１冊の雑誌を借りてきた。%K%P
それは今日、いずみ様が古書市で購入した音楽雑誌と同じものだ。%K%P
それは今日、いずみ様が古書市で購入した音楽雑誌と同じものだ。%K%P
以前、姉さんの部屋からフォトブックを借りたとき、すぐ側に並んでいたので見覚えがあった。%K%P
以前、姉さんの部屋からフォトブックを借りたとき、すぐ側に並んでいたので見覚えがあった。%K%P
「いずみ様、なにか慌てた様子だったけど……」%K%P
「いずみ様、なにか慌てた様子だったけど……」%K%P
１ページずつ、注意深く雑誌をめくりながら、気になる記事はないか探していく。%K%P
１ページずつ、注意深く雑誌をめくりながら、気になる記事はないか探していく。%K%P
いずみ様は読みたい記事があった、と言っていたけど、あの様子はあきらかにおかしかった。%K%P
いずみ様は読みたい記事があった、と言っていたけど、あの様子はあきらかにおかしかった。%K%P
まるで、なにか都合の悪いことを隠す子供のような、そういう慌ただしさ、というか――――、\n気になる見出しがあったので手を止める。%K%P
まるで、なにか都合の悪いことを隠す子供のような、そういう慌ただしさ、というか――――、\n気になる見出しがあったので手を止める。%K%P
それは、男性ながらに女性の音域を歌い上げる、カウンターテナーの紹介記事だった。%K%P
それは、男性ながらに女性の音域を歌い上げる、カウンターテナーの紹介記事だった。%K%P
「ソプラニスタ、和泉司……」%K%P
「ソプラニスタ、和泉司……」%K%P
「いずみ、つかさ……？」%K%P
「いずみ、つかさ……？」%K%P
――――まさか、と思った。%K%P
――――まさか、と思った。%K%P
でも、そこに載っている写真は、確かにあの人とよく似ていて、さらに私の頭を混乱させていく。%K%P
でも、そこに載っている写真は、確かにあの人とよく似ていて、さらに私の頭を混乱させていく。%K%P
インタビュー記事の内容は、私が聞いた話と、ちょっと違うけど、似ているところも多い。%K%P
インタビュー記事の内容は、私が聞いた話と、ちょっと違うけど、似ているところも多い。%K%P
「こ、これって、つまりどういう……」%K%P
「こ、これって、つまりどういう……」%K%P
いろんな可能性を考える。%K%P
いろんな可能性を考える。%K%P
考えるけど、よくわからない。%K%P
考えるけど、よくわからない。%K%P
だって、いずみ様は綾香お姉ちゃんと同じ部屋で寝起きをしていて……なのに、男性ってことは。%K%P
だって、いずみ様は綾香お姉ちゃんと同じ部屋で寝起きをしていて……なのに、男性ってことは。%K%P
いずみ様との相部屋を希望したのは綾香お姉ちゃん自身だって話だし、だったら、なおのこと――――、%K%P
いずみ様との相部屋を希望したのは綾香お姉ちゃん自身だって話だし、だったら、なおのこと――――、%K%P
「えっ、えっと……」%K%P
「えっ、えっと……」%K%P
いろんな可能性が思い浮かんで、頭の中がト音記号みたいにぐちゃぐちゃと渦を巻く。%K%P
いろんな可能性が思い浮かんで、頭の中がト音記号みたいにぐちゃぐちゃと渦を巻く。%K%P
でもまだ、いずみ様が男だって決まったわけじゃないんだし――――、%K%P
でもまだ、いずみ様が男だって決まったわけじゃないんだし――――、%K%P
「だけど、この写真は、確かに……」%K%P
「だけど、この写真は、確かに……」%K%P
名前も、写真も、インタビューの内容も。そのすべてが、いずみ様を連想させる。%K%P
名前も、写真も、インタビューの内容も。そのすべてが、いずみ様を連想させる。%K%P
……あっ、もしかしたら、双子とか……？%K%P
……あっ、もしかしたら、双子とか……？%K%P
「でも、それなら名字が違うわけがないし……」%K%P
「でも、それなら名字が違うわけがないし……」%K%P
なにより、アナグラムのように名前と名字を入れ替えているような名前は、怪しすぎる。%K%P
なにより、アナグラムのように名前と名字を入れ替えているような名前は、怪しすぎる。%K%P
「じゃあ、やっぱり……」%K%P
「じゃあ、やっぱり……」%K%P
間違いないと思いながら、でも、確信できないのは、いずみ様とお姉ちゃんと相部屋だからだ。%K%P
間違いないと思いながら、でも、確信できないのは、いずみ様とお姉ちゃんと相部屋だからだ。%K%P
それに、もしいずみ様が、男の人だったとして……それならどうして、わざわざ寮で暮らすんだろう。%K%P
それに、もしいずみ様が、男の人だったとして……それならどうして、わざわざ寮で暮らすんだろう。%K%P
あの綾香お姉ちゃんが、いきなり男の人と同じ部屋で寝起きする、なんて考えられない。%K%P
あの綾香お姉ちゃんが、いきなり男の人と同じ部屋で寝起きする、なんて考えられない。%K%P
それは、見ず知らずの他人でないのなら、可能性はなきにしもあらず、なのかもしれないけど……。%K%P
それは、見ず知らずの他人でないのなら、可能性はなきにしもあらず、なのかもしれないけど……。%K%P
「綾香お姉ちゃんに直接、聞いてみるとか……」%K%P
「綾香お姉ちゃんに直接、聞いてみるとか……」%K%P
……いや、それはよくない、と思う。%K%P
……いや、それはよくない、と思う。%K%P
もし本当に、いずみ様が和泉司と同一人物だったとしても、その事実を綾香お姉ちゃんが知らない、という可能性だってある。%K%P
もし本当に、いずみ様が和泉司と同一人物だったとしても、その事実を綾香お姉ちゃんが知らない、という可能性だってある。%K%P
それにもしかしたら、この雑誌記事のほうが嘘で、実は女の子であるいずみ様が、なにかしらの事情でソプラニスタの男の子を演じている可能性も……。%K%P
それにもしかしたら、この雑誌記事のほうが嘘で、実は女の子であるいずみ様が、なにかしらの事情でソプラニスタの男の子を演じている可能性も……。%K%P
「……はぁ、どうしよう」%K%P
「……はぁ、どうしよう」%K%P
いよいよ頭が本当に混乱してきた。%K%P
いよいよ頭が本当に混乱してきた。%K%P
こんなときばかり余計な想像力が働くんだから、本当に困ってしまう。%K%P
こんなときばかり余計な想像力が働くんだから、本当に困ってしまう。%K%P
でも、知ってしまった以上、今までと同じようにいずみ様と接する自信がない。%K%P
でも、知ってしまった以上、今までと同じようにいずみ様と接する自信がない。%K%P
「やっぱり、聞くなら本人、かな……」%K%P
「やっぱり、聞くなら本人、かな……」%K%P
何度か話した印象だけではあるけど、いずみ様が悪い人だとは思えなかった。%K%P
何度か話した印象だけではあるけど、いずみ様が悪い人だとは思えなかった。%K%P
なにか事情があるなら、それはやっぱり、本人に聞くべき、だ。%K%P
なにか事情があるなら、それはやっぱり、本人に聞くべき、だ。%K%P
「だけど、どうやって聞こう……？」%K%P
「だけど、どうやって聞こう……？」%K%P
本当に男性だった場合、性別を偽っている以上、それをなんとしてでも隠すはず。%K%P
本当に男性だった場合、性別を偽っている以上、それをなんとしてでも隠すはず。%K%P
正面から聞いてもはぐらかされるだろうし、私が訝っていると知れば、警戒して余計にガードは堅くなるはず。%K%P
正面から聞いてもはぐらかされるだろうし、私が訝っていると知れば、警戒して余計にガードは堅くなるはず。%K%P
「……でも、疑い続けたくないし……」%K%P
「……でも、疑い続けたくないし……」%K%P
そもそも、いずみ様の性別がどちらであれ、あの方が編入してきた理由は、はっきりしている。%K%P
そもそも、いずみ様の性別がどちらであれ、あの方が編入してきた理由は、はっきりしている。%K%P
深皇祭における{歌姫:ディーバ}の代役。%K%P
深皇祭における{歌姫:ディーバ}の代役。%K%P
わたしが{歌姫:ディーバ}を辞退してしまったから、いずみ様はこの学園にやってきた、はず。%K%P
わたしが{歌姫:ディーバ}を辞退してしまったから、いずみ様はこの学園にやってきた、はず。%K%P
だから、私といずみ様は、無関係じゃない。%K%P
だから、私といずみ様は、無関係じゃない。%K%P
関係があるから詮索して良いのか、といわれたら、困ってしまうけれど……。%K%P
関係があるから詮索して良いのか、といわれたら、困ってしまうけれど……。%K%P
和泉司という人物の存在を知ってしまったからには、疑問をそのままにしておくことは出来なかった。%K%P
和泉司という人物の存在を知ってしまったからには、疑問をそのままにしておくことは出来なかった。%K%P
