「んっと……うん。兄様、こっちは終りです」%K%P
「んっと……うん。兄様、こっちは終りです」%K%P
「ありがとう。僕の方も良いと思う」%K%P
「ありがとう。僕の方も良いと思う」%K%P
僕らは着替えた後、道場の床を掃除した。%K%P
僕らは着替えた後、道場の床を掃除した。%K%P
予想以上に、二人の営みの跡が、しっかりと残っていたから。%K%P
予想以上に、二人の営みの跡が、しっかりと残っていたから。%K%P
「ふぅ……結構、大変だったね」%K%P
「ふぅ……結構、大変だったね」%K%P
「あ、はい……その……えへへ。もう、兄様が、頑張りすぎるから……」%K%P
「あ、はい……その……えへへ。もう、兄様が、頑張りすぎるから……」%K%P
「あー、僕のせいだけにしちゃやだよ。ことりちゃんだって、いっぱい垂らした……」%K%P
「あー、僕のせいだけにしちゃやだよ。ことりちゃんだって、いっぱい垂らした……」%K%P
「あうぅ！　そ、そんなこと無いのっ。に、兄様がっ、いっぱいくちゅくちゅして、私の中にびゅって出すから」%K%P
「あうぅ！　そ、そんなこと無いのっ。に、兄様がっ、いっぱいくちゅくちゅして、私の中にびゅって出すから」%K%P
くちゅくちゅして、びゅって……まあ、その通りなんだけどね。%K%P
くちゅくちゅして、びゅって……まあ、その通りなんだけどね。%K%P
「……ことりちゃん、声大きいから」%K%P
「……ことりちゃん、声大きいから」%K%P
「あっ、うぅ…………そうでした、ごめんなさい」%K%P
「あっ、うぅ…………そうでした、ごめんなさい」%K%P
誰もいないのは分かっているけど、思わず周りを見回してしまう。%K%P
誰もいないのは分かっているけど、思わず周りを見回してしまう。%K%P
一応道場の扉はしっかりと閉めてあるし、防音性も高い建物だから大丈夫だとは思うけど。%K%P
一応道場の扉はしっかりと閉めてあるし、防音性も高い建物だから大丈夫だとは思うけど。%K%P
「聞こえちゃったでしょうか？」%K%P
「聞こえちゃったでしょうか？」%K%P
「多分大丈夫。この時間なら道場の周りには人も来ないだろうしね」%K%P
「多分大丈夫。この時間なら道場の周りには人も来ないだろうしね」%K%P
既に外は暗くなり始めている。%K%P
既に外は暗くなり始めている。%K%P
深皇祭が近いと言っても、殆どの学生達は作業を終えて、帰宅しているだろう。%K%P
深皇祭が近いと言っても、殆どの学生達は作業を終えて、帰宅しているだろう。%K%P
「よかった……えっと、練習用の衣装、汚れてしまいましたね」%K%P
「よかった……えっと、練習用の衣装、汚れてしまいましたね」%K%P
「うん。寮に帰ったら、洗うから平気。練習の時にも汚しちゃってたから、丁度いいかな」%K%P
「うん。寮に帰ったら、洗うから平気。練習の時にも汚しちゃってたから、丁度いいかな」%K%P
「あ、だったら、兄様、その衣装私に洗わせてもらえませんか？」%K%P
「あ、だったら、兄様、その衣装私に洗わせてもらえませんか？」%K%P
「えっ、これ、案外洗うの面倒だよ？　手洗いだし」%K%P
「えっ、これ、案外洗うの面倒だよ？　手洗いだし」%K%P
洗濯機に放り込んで、スイッチＯＮ……とはいかないんだよね。%K%P
洗濯機に放り込んで、スイッチＯＮ……とはいかないんだよね。%K%P
「いいんです。その、洗わせて欲しいんです……えへへ、駄目ですか？」%K%P
「いいんです。その、洗わせて欲しいんです……えへへ、駄目ですか？」%K%P
「ううん、駄目じゃないよ。そうだ、なら、僕がことりちゃんの鎧洗ってあげる、いいかな？」%K%P
「ううん、駄目じゃないよ。そうだ、なら、僕がことりちゃんの鎧洗ってあげる、いいかな？」%K%P
「えー、これも結構大変ですよ？　細かい部品とかあるし、磨く必要もありますし」%K%P
「えー、これも結構大変ですよ？　細かい部品とかあるし、磨く必要もありますし」%K%P
「いいの、洗わせて欲しいの……うふふ、駄目？」%K%P
「いいの、洗わせて欲しいの……うふふ、駄目？」%K%P
「もぉ、しょうがないですね、いいですよ、えへへ」%K%P
「もぉ、しょうがないですね、いいですよ、えへへ」%K%P
ころころと笑うことりちゃん。涼やかな笑い声が耳に心地いい。%K%P
ころころと笑うことりちゃん。涼やかな笑い声が耳に心地いい。%K%P
彼女とこんな関係になるなんて……深皇学園に入った当初は、思いもよらなかった。%K%P
彼女とこんな関係になるなんて……深皇学園に入った当初は、思いもよらなかった。%K%P
「……ふふ、あー嬉しいなぁ」%K%P
「……ふふ、あー嬉しいなぁ」%K%P
「え？　なにがでしょうか、兄様」%K%P
「え？　なにがでしょうか、兄様」%K%P
「えっと、ことりちゃんと仲良くなれたこと……というか……ことりちゃんが……その、僕の彼女になってくれたこと、かな」%K%P
「えっと、ことりちゃんと仲良くなれたこと……というか……ことりちゃんが……その、僕の彼女になってくれたこと、かな」%K%P
「…………彼女、ですか？　私が、兄様の？」%K%P
「…………彼女、ですか？　私が、兄様の？」%K%P
「うん、そのつもりだったけど……あれ、違ったのかな」%K%P
「うん、そのつもりだったけど……あれ、違ったのかな」%K%P
えっと、たしかことりちゃんも僕の事を好きだって言ってくれたし、僕も好きだって告げたよね？%K%P
えっと、たしかことりちゃんも僕の事を好きだって言ってくれたし、僕も好きだって告げたよね？%K%P
一緒のお布団にも入ったし、キスもしたし……それ以上の事もしちゃったし。%K%P
一緒のお布団にも入ったし、キスもしたし……それ以上の事もしちゃったし。%K%P
違うのかな……もしかして、勘違い？　うわ、だったら、トンデモ無く恥ずかしいヤツだぞ、僕。%K%P
違うのかな……もしかして、勘違い？　うわ、だったら、トンデモ無く恥ずかしいヤツだぞ、僕。%K%P
「……彼女……私は兄様の、彼女」%K%P
「……彼女……私は兄様の、彼女」%K%P
「……そ、そうですよね、私は兄様の彼女さんで、兄様は私の……彼氏さんですよね」%K%P
「……そ、そうですよね、私は兄様の彼女さんで、兄様は私の……彼氏さんですよね」%K%P
「わ、私うっかりしてました、そうです、私彼女さんですよ、わー凄いですっ」%K%P
「わ、私うっかりしてました、そうです、私彼女さんですよ、わー凄いですっ」%K%P
「あ、あはは、そっか、うっかりしてたのね、あはは……あー良かったぁ」%K%P
「あ、あはは、そっか、うっかりしてたのね、あはは……あー良かったぁ」%K%P
「えへへ、嬉しいなぁ。私達……こ、恋人同士なんですよね……きゃっ」%K%P
「えへへ、嬉しいなぁ。私達……こ、恋人同士なんですよね……きゃっ」%K%P
「女の子同士じゃないから、恋人に成れるんだ……うふふ、姉様が、兄様で本当に良かったです」%K%P
「女の子同士じゃないから、恋人に成れるんだ……うふふ、姉様が、兄様で本当に良かったです」%K%P
うっとりとした表情で、呟いていることりちゃん。%K%P
うっとりとした表情で、呟いていることりちゃん。%K%P
こんなに喜んでくれるなんて……僕は目を細めた。%K%P
こんなに喜んでくれるなんて……僕は目を細めた。%K%P
「そうだ……あの、{歌姫:ディーバ}のお姿や、制服姿の兄様も素敵ですけど、男の子の格好も見たいです」%K%P
「そうだ……あの、{歌姫:ディーバ}のお姿や、制服姿の兄様も素敵ですけど、男の子の格好も見たいです」%K%P
「男装の兄様と、一緒にお散歩とか出来たら素敵かなって」%K%P
「男装の兄様と、一緒にお散歩とか出来たら素敵かなって」%K%P
「そうか、そういえば、ことりちゃんの前では、いつでも女装してたよね」%K%P
「そうか、そういえば、ことりちゃんの前では、いつでも女装してたよね」%K%P
学園の中では女装が当たり前だし、たまのお休みで、街を歩くときは一人でだったし。%K%P
学園の中では女装が当たり前だし、たまのお休みで、街を歩くときは一人でだったし。%K%P
「それじゃさ、無事にアリアを終えることが出来たら、デートしようよ。僕、男の子の格好で行くからさ」%K%P
「それじゃさ、無事にアリアを終えることが出来たら、デートしようよ。僕、男の子の格好で行くからさ」%K%P
「で、でーと！？　わ、私と兄様で、ですか？」%K%P
「で、でーと！？　わ、私と兄様で、ですか？」%K%P
「うん、そのつもりだけど。それとも、他にも誰かいた方がいい？」%K%P
「うん、そのつもりだけど。それとも、他にも誰かいた方がいい？」%K%P
僕の言葉にぶんぶんと首を振ることりちゃん。わ、髪が顔に当たってちょっと痛い。%K%P
僕の言葉にぶんぶんと首を振ることりちゃん。わ、髪が顔に当たってちょっと痛い。%K%P
「兄様と私で、ふ、二人きりで行きましょう！」%K%P
「兄様と私で、ふ、二人きりで行きましょう！」%K%P
「が、頑張ります、ことり、アリア頑張りますから、絶対勝ちますから」%K%P
「が、頑張ります、ことり、アリア頑張りますから、絶対勝ちますから」%K%P
「勝って、兄様とデートしますから。すみません、兄様、ことり、もうちょっと練習してきます！」%K%P
「勝って、兄様とデートしますから。すみません、兄様、ことり、もうちょっと練習してきます！」%K%P
「あ、もう暗いから、明日にしようよっ…………って、行っちゃったよ」%K%P
「あ、もう暗いから、明日にしようよっ…………って、行っちゃったよ」%K%P
うーん、喜んでくれたのは嬉しいけれど、ことりちゃんは一つのことに集中すると周りが見えなくなるからな。%K%P
うーん、喜んでくれたのは嬉しいけれど、ことりちゃんは一つのことに集中すると周りが見えなくなるからな。%K%P
「まあ、僕が付いていれば大丈夫か。なんといっても、恋人だしね」%K%P
「まあ、僕が付いていれば大丈夫か。なんといっても、恋人だしね」%K%P
あえて恋人と口に出してみる。胸にふわっと温かなものが拡がっていく気がする。%K%P
あえて恋人と口に出してみる。胸にふわっと温かなものが拡がっていく気がする。%K%P
可愛くて、ちょっと手の掛る、放っておけない……僕の彼女。%K%P
可愛くて、ちょっと手の掛る、放っておけない……僕の彼女。%K%P
