（なんとなく、胸騒ぎがする……みんな……楓は無事かな）%K%P
（なんとなく、胸騒ぎがする……みんな……楓は無事かな）%K%P
沸き上がる不安を紛らわせるように、空を見上げる。%K%P
沸き上がる不安を紛らわせるように、空を見上げる。%K%P
小さめの雨粒がデタラメなリズムで、かざした手の平を濡らしていく。%K%P
小さめの雨粒がデタラメなリズムで、かざした手の平を濡らしていく。%K%P
僕は{騎士:ワルキュリア}達を呼ぶ為に、歌声を響かせる。%K%P
僕は{騎士:ワルキュリア}達を呼ぶ為に、歌声を響かせる。%K%P
崩れだした天候は、今のところ雨脚も弱くて、アリアの進行には支障が無いみたいだ。%K%P
崩れだした天候は、今のところ雨脚も弱くて、アリアの進行には支障が無いみたいだ。%K%P
ん、物音……誰か来たのかな。%K%P
ん、物音……誰か来たのかな。%K%P
こちら側の{騎士:ワルキュリア}ならいいけれど……歌声を響かせるということは、相手側も呼び寄せることになるから。%K%P
こちら側の{騎士:ワルキュリア}ならいいけれど……歌声を響かせるということは、相手側も呼び寄せることになるから。%K%P
「いずみ様っ、お待たせしましたっ」%K%P
「いずみ様っ、お待たせしましたっ」%K%P
「――あ、夕陽ちゃんに……綾香さんまでっ」%K%P
「――あ、夕陽ちゃんに……綾香さんまでっ」%K%P
「ふぅ、良かった。とりあえず、私達の方が先にたどり着いたみたいね」%K%P
「ふぅ、良かった。とりあえず、私達の方が先にたどり着いたみたいね」%K%P
「うん、二人が最初だよ。早かったね」%K%P
「うん、二人が最初だよ。早かったね」%K%P
「はいっ。途中で綾香さんと合流することが出来たんです。最初から、いずみ様の元に向うってのが作戦ですからね」%K%P
「はいっ。途中で綾香さんと合流することが出来たんです。最初から、いずみ様の元に向うってのが作戦ですからね」%K%P
幾つかプランは考えてあったけれど、今回は、僕の元に集まることを最優先とする物を選んだ。%K%P
幾つかプランは考えてあったけれど、今回は、僕の元に集まることを最優先とする物を選んだ。%K%P
なんと言っても、相手には佳様がいる。慎重には慎重を期すべきだ。%K%P
なんと言っても、相手には佳様がいる。慎重には慎重を期すべきだ。%K%P
「それじゃ、早速解除しちゃいますね。いずみ様、じっとしててくださいね」%K%P
「それじゃ、早速解除しちゃいますね。いずみ様、じっとしててくださいね」%K%P
「外れたわね。私の方も…………えっと、こうかしら」%K%P
「外れたわね。私の方も…………えっと、こうかしら」%K%P
小気味いい音を立てて、鍵が外れる。%K%P
小気味いい音を立てて、鍵が外れる。%K%P
特に拘束されているわけでは無いけど、どこかホッとした。%K%P
特に拘束されているわけでは無いけど、どこかホッとした。%K%P
「いずみチーム、一つ目と二つ目の鍵を解除しました」%K%P
「いずみチーム、一つ目と二つ目の鍵を解除しました」%K%P
鍵を解除したことを告げるアナウンスが森の中に響き渡る。%K%P
鍵を解除したことを告げるアナウンスが森の中に響き渡る。%K%P
「ふぅ……ありがとう、二人とも」%K%P
「ふぅ……ありがとう、二人とも」%K%P
「えへへ、どういたしましてっ。それにしても、始まってからあまり経ってないのに、二つも解除出来たなんて、いい調子ですねっ」%K%P
「えへへ、どういたしましてっ。それにしても、始まってからあまり経ってないのに、二つも解除出来たなんて、いい調子ですねっ」%K%P
「そうね。順調すぎて怖いくらいね」%K%P
「そうね。順調すぎて怖いくらいね」%K%P
あとは楓さんが合流出来れば、僕らの勝利だ。%K%P
あとは楓さんが合流出来れば、僕らの勝利だ。%K%P
確かに佳様は怖いけれど、鍵さえ集まってしまえば……%K%P
確かに佳様は怖いけれど、鍵さえ集まってしまえば……%K%P
「大丈夫ですよ。楓様もいまごろこちらに向ってるはずですっ」%K%P
「大丈夫ですよ。楓様もいまごろこちらに向ってるはずですっ」%K%P
「けど、このままアリアが終わっちゃったら、見ている人達には申し訳無いかもですね」%K%P
「けど、このままアリアが終わっちゃったら、見ている人達には申し訳無いかもですね」%K%P
「ふふ、そうかもね。もっとも、私はこのまま何事も無く終わって欲しいけどね」%K%P
「ふふ、そうかもね。もっとも、私はこのまま何事も無く終わって欲しいけどね」%K%P
「んん、なにか音がする……楓さん？」%K%P
「んん、なにか音がする……楓さん？」%K%P
ゆっくりとこちら近づいてくる物音……どうやら人みたいだけど。%K%P
ゆっくりとこちら近づいてくる物音……どうやら人みたいだけど。%K%P
……なんで走ってないんだろう――嫌な予感がする。%K%P
……なんで走ってないんだろう――嫌な予感がする。%K%P
「会いたかったよ、いずみちゃん。おや、綾香に夕陽ちゃんまでいるじゃないか」%K%P
「会いたかったよ、いずみちゃん。おや、綾香に夕陽ちゃんまでいるじゃないか」%K%P
「んぅ！　け、佳様……」%K%P
「んぅ！　け、佳様……」%K%P
「わわっ、佳様来ちゃいましたよ！？」%K%P
「わわっ、佳様来ちゃいましたよ！？」%K%P
「あぁ、やっぱりそうは都合良く行かないわよね……」%K%P
「あぁ、やっぱりそうは都合良く行かないわよね……」%K%P
「あれ、なんか歓迎されてない感じ？　おっかしいなぁ、私、結構人気者だと思ってたんだけど」%K%P
「あれ、なんか歓迎されてない感じ？　おっかしいなぁ、私、結構人気者だと思ってたんだけど」%K%P
いつもの微笑みを浮かべながら、無造作に距離を縮めてくる。%K%P
いつもの微笑みを浮かべながら、無造作に距離を縮めてくる。%K%P
一見隙だらけのように見えるけど……そんな事は無いんだろうな。%K%P
一見隙だらけのように見えるけど……そんな事は無いんだろうな。%K%P
「ねえ、私お呼びじゃなかった？」%K%P
「ねえ、私お呼びじゃなかった？」%K%P
「そうですね。私、佳様の事は敬愛してますけど、今はタイミングが悪いかなと。出来ればこのままお引き取り願いたいのですが」%K%P
「そうですね。私、佳様の事は敬愛してますけど、今はタイミングが悪いかなと。出来ればこのままお引き取り願いたいのですが」%K%P
「あは、そうなんだ。それじゃ出直して……って訳にもいかなくてさ」%K%P
「あは、そうなんだ。それじゃ出直して……って訳にもいかなくてさ」%K%P
「鍵は……二つ解除されているのか。私達と同じだね。今頃千影の鍵を持って、ことりちゃんが奏の元に向ってるだろうし」%K%P
「鍵は……二つ解除されているのか。私達と同じだね。今頃千影の鍵を持って、ことりちゃんが奏の元に向ってるだろうし」%K%P
二つ？　ということは、あと一つは……%K%P
二つ？　ということは、あと一つは……%K%P
「佳様の鍵はどこにあるんですか？」%K%P
「佳様の鍵はどこにあるんですか？」%K%P
「え、ここにあるよ？　これもことりちゃんに渡しても良かったんだけど、それじゃあまりにもね」%K%P
「え、ここにあるよ？　これもことりちゃんに渡しても良かったんだけど、それじゃあまりにもね」%K%P
「やっぱり戦ってこその、アリアじゃない？　去年も、その前の年も、戦いの場面が一番盛り上がったからね」%K%P
「やっぱり戦ってこその、アリアじゃない？　去年も、その前の年も、戦いの場面が一番盛り上がったからね」%K%P
「さあ、二人とも、練習の成果……見せてごらん」%K%P
「さあ、二人とも、練習の成果……見せてごらん」%K%P
不意に、佳様の周りを取り巻く空気が変わる。{騎士:ワルキュリア}じゃない僕にも、はっきりと分った。%K%P
不意に、佳様の周りを取り巻く空気が変わる。{騎士:ワルキュリア}じゃない僕にも、はっきりと分った。%K%P
「うぅ、佳様おっかないです。ど、どうしましょう、綾香様」%K%P
「うぅ、佳様おっかないです。ど、どうしましょう、綾香様」%K%P
「やるしかないか……夕陽ちゃん、後方で援護！　私が前に出るからっ」%K%P
「やるしかないか……夕陽ちゃん、後方で援護！　私が前に出るからっ」%K%P
綾香さんが剣を抜き、夕陽ちゃんが弓を構える。%K%P
綾香さんが剣を抜き、夕陽ちゃんが弓を構える。%K%P
弱くなっていた筈の雨が、勢いを取り戻してくる。%K%P
弱くなっていた筈の雨が、勢いを取り戻してくる。%K%P
雨粒が剣を弓を鎧を濡らしていく。%K%P
雨粒が剣を弓を鎧を濡らしていく。%K%P
不意に抜刀した佳様の刃が、綾香さんに襲いかかった。%K%P
不意に抜刀した佳様の刃が、綾香さんに襲いかかった。%K%P
