「……３７度１分、ですね。下がってきましたけど、今日は安静にしていてください」%K%P
「……３７度１分、ですね。下がってきましたけど、今日は安静にしていてください」%K%P
検温を終えて差し出した体温計を見て、法子さんがほっと息を吐く。%K%P
検温を終えて差し出した体温計を見て、法子さんがほっと息を吐く。%K%P
「すみませんでした、色々と」%K%P
「すみませんでした、色々と」%K%P
「いいんですよ、気にしないでも」%K%P
「いいんですよ、気にしないでも」%K%P
パジャマ姿の僕に、法子さんが優しく微笑む。%K%P
パジャマ姿の僕に、法子さんが優しく微笑む。%K%P
昨日、綾香さんの前で咳き込んでしまった僕は、念のため、そのまま病院に行って診てもらった。%K%P
昨日、綾香さんの前で咳き込んでしまった僕は、念のため、そのまま病院に行って診てもらった。%K%P
もちろん塚原いずみとして行けるはずもないので、そこは和泉司として、だけど。%K%P
もちろん塚原いずみとして行けるはずもないので、そこは和泉司として、だけど。%K%P
このあたりは、病院の手配から送迎やその他諸々、すべて法子さんが手配してくれた。%K%P
このあたりは、病院の手配から送迎やその他諸々、すべて法子さんが手配してくれた。%K%P
診断の結果は疲労と軽い風邪、ということで、薬をもらい、昨日は夕方からずっと寝て過ごした。%K%P
診断の結果は疲労と軽い風邪、ということで、薬をもらい、昨日は夕方からずっと寝て過ごした。%K%P
そのおかげもあって、順調に回復している。%K%P
そのおかげもあって、順調に回復している。%K%P
「やっぱり、わたしのがうつったんじゃ……」%K%P
「やっぱり、わたしのがうつったんじゃ……」%K%P
「そんなことないってば」%K%P
「そんなことないってば」%K%P
昨日から綾香さんはずっとこんな調子で、僕を心配するか、自分を責めるかのどちらかだった。%K%P
昨日から綾香さんはずっとこんな調子で、僕を心配するか、自分を責めるかのどちらかだった。%K%P
「編入してからずっと気を張り詰めていたし、きっとそれが緩んじゃったんだよ」%K%P
「編入してからずっと気を張り詰めていたし、きっとそれが緩んじゃったんだよ」%K%P
綾香さんが復調したり、{騎士:ワルキュリア}を選んだり、安堵するタイミングが重なった影響もあるんだろう。%K%P
綾香さんが復調したり、{騎士:ワルキュリア}を選んだり、安堵するタイミングが重なった影響もあるんだろう。%K%P
「姉さん。わたしやっぱり、学園を休んでいずみさんの看病を――」%K%P
「姉さん。わたしやっぱり、学園を休んでいずみさんの看病を――」%K%P
「だめ」%K%P
「だめ」%K%P
異口同音、法子さんと揃って却下する。%K%P
異口同音、法子さんと揃って却下する。%K%P
「あなたが看病で休んだら、いずみさんの容態がただごとではないかもって、かえってまわりが心配するでしょう？」%K%P
「あなたが看病で休んだら、いずみさんの容態がただごとではないかもって、かえってまわりが心配するでしょう？」%K%P
「そうだよ。綾香さんの気持ちは嬉しいけど、お願いだから学園に行って」%K%P
「そうだよ。綾香さんの気持ちは嬉しいけど、お願いだから学園に行って」%K%P
「綾香さん、せっかく治ったんだから。それでまた休んだら、まわりも余計に心配するよ？」%K%P
「綾香さん、せっかく治ったんだから。それでまた休んだら、まわりも余計に心配するよ？」%K%P
「……うん」%K%P
「……うん」%K%P
「いずみさん、絶対に無理はしないでね？」%K%P
「いずみさん、絶対に無理はしないでね？」%K%P
「綾香さんにあれだけ言ったのに、私がそれを破ったりはしないってば」%K%P
「綾香さんにあれだけ言ったのに、私がそれを破ったりはしないってば」%K%P
本来の僕だったら、もしかすると無理をしてでも学園に行っていたかもしれない。%K%P
本来の僕だったら、もしかすると無理をしてでも学園に行っていたかもしれない。%K%P
でも、綾香さんにあれだけ厳しく言った手前、自らそれを破ることは出来なかった。%K%P
でも、綾香さんにあれだけ厳しく言った手前、自らそれを破ることは出来なかった。%K%P
「じゃあ、行ってきます。姉さん、いずみさんのこと、くれぐれもよろしくお願い」%K%P
「じゃあ、行ってきます。姉さん、いずみさんのこと、くれぐれもよろしくお願い」%K%P
「ええ、任せて」%K%P
「ええ、任せて」%K%P
法子さんに念押ししたあと、綾香さんはそのまま鞄を持って部屋を出て行った。%K%P
法子さんに念押ししたあと、綾香さんはそのまま鞄を持って部屋を出て行った。%K%P
「食べたいものとか、なにかありますか？」%K%P
「食べたいものとか、なにかありますか？」%K%P
「いえ、そんなにしてもらわなくても」%K%P
「いえ、そんなにしてもらわなくても」%K%P
「お医者さんにも診てもらったし、普通に食欲もあるから、あとは寝ていれば大丈夫です」%K%P
「お医者さんにも診てもらったし、普通に食欲もあるから、あとは寝ていれば大丈夫です」%K%P
「わかりました」%K%P
「わかりました」%K%P
「本当なら寮母として側にいたいんですが、深皇祭が近いので、学園長の仕事もしなくてはいけません」%K%P
「本当なら寮母として側にいたいんですが、深皇祭が近いので、学園長の仕事もしなくてはいけません」%K%P
「やむなく寮を空けますが、学園はすぐそこです。なにかあったら私の携帯に電話を下さい。すぐに対応します」%K%P
「やむなく寮を空けますが、学園はすぐそこです。なにかあったら私の携帯に電話を下さい。すぐに対応します」%K%P
「なにからなにまでありがとうございます」%K%P
「なにからなにまでありがとうございます」%K%P
本当、法子さんの配慮には頭が下がる。%K%P
本当、法子さんの配慮には頭が下がる。%K%P
正直、病院に入院するよりも居心地が良いんじゃないか、なんて思えてしまうぐらいだ。%K%P
正直、病院に入院するよりも居心地が良いんじゃないか、なんて思えてしまうぐらいだ。%K%P
「くれぐれも、我慢は禁止。いいですね？」%K%P
「くれぐれも、我慢は禁止。いいですね？」%K%P
「はい」%K%P
「はい」%K%P
まるでお母さんのような口調に、ちょっとだけ笑みが漏れてしまう。%K%P
まるでお母さんのような口調に、ちょっとだけ笑みが漏れてしまう。%K%P
きっと法子さんは、今までもこんなふうに綾香さんや希実ちゃんの面倒を見てきたんだろう。%K%P
きっと法子さんは、今までもこんなふうに綾香さんや希実ちゃんの面倒を見てきたんだろう。%K%P
そう思えば、寮母に学園長っていう役職は、そのどちらも法子さんにぴったりな気がした。%K%P
そう思えば、寮母に学園長っていう役職は、そのどちらも法子さんにぴったりな気がした。%K%P
安静にしてなきゃいけないから、出来ることは限られていて、そうなると楽譜を読むぐらいしかない。%K%P
安静にしてなきゃいけないから、出来ることは限られていて、そうなると楽譜を読むぐらいしかない。%K%P
でも、こうしてゆっくり楽譜に目を通すのは久しぶりだったから、いい復習になる。%K%P
でも、こうしてゆっくり楽譜に目を通すのは久しぶりだったから、いい復習になる。%K%P
本当なら声を出して練習したいけど……しっかり完治するまでは、大事をとって控えておこう。%K%P
本当なら声を出して練習したいけど……しっかり完治するまでは、大事をとって控えておこう。%K%P
「……」%K%P
「……」%K%P
「……ふふー、んー、んんー……」%K%P
「……ふふー、んー、んんー……」%K%P
……って、いけないいけない、つい鼻歌が。%K%P
……って、いけないいけない、つい鼻歌が。%K%P
目の前にいっぱい音符が踊っているのを見てると、つい、それを表現してあげたくなるんだよね。%K%P
目の前にいっぱい音符が踊っているのを見てると、つい、それを表現してあげたくなるんだよね。%K%P
「ある意味、これも生殺しだなぁ……」%K%P
「ある意味、これも生殺しだなぁ……」%K%P
繰り返し目を通していた楽譜を置くと、それから、ベッドにごろんと仰向けになる。%K%P
繰り返し目を通していた楽譜を置くと、それから、ベッドにごろんと仰向けになる。%K%P
耳を澄ましても、学園の喧噪は聞こえない。%K%P
耳を澄ましても、学園の喧噪は聞こえない。%K%P
「この時間は授業中だもんね……」%K%P
「この時間は授業中だもんね……」%K%P
休み時間や放課後なら、あるいはなにか聞こえてくるのかもしれないけど。%K%P
休み時間や放課後なら、あるいはなにか聞こえてくるのかもしれないけど。%K%P
それにしても、１人の寮って静かだ。%K%P
それにしても、１人の寮って静かだ。%K%P
これだけ大きな建物に僕以外誰もいないんだから、当たり前といえば当たり前なんだけど。%K%P
これだけ大きな建物に僕以外誰もいないんだから、当たり前といえば当たり前なんだけど。%K%P
静寂って、その場所が広ければ広いほど、心に染みこんでくるような気がする。%K%P
静寂って、その場所が広ければ広いほど、心に染みこんでくるような気がする。%K%P
たとえば誰も居ないコンサートホールなんて、本当に静かで、少し怖いぐらいだったりするし。%K%P
たとえば誰も居ないコンサートホールなんて、本当に静かで、少し怖いぐらいだったりするし。%K%P
……って、そんなことを色々と考えていたら、途端に人恋しくなってきたような……。%K%P
……って、そんなことを色々と考えていたら、途端に人恋しくなってきたような……。%K%P
「でも、学園には行けないし……」%K%P
「でも、学園には行けないし……」%K%P
行ったら、絶対に怒られる。%K%P
行ったら、絶対に怒られる。%K%P
みんなが見てる前で、凄い剣幕の綾香さんが、いずみさんっ！！　なんて――――、%K%P
みんなが見てる前で、凄い剣幕の綾香さんが、いずみさんっ！！　なんて――――、%K%P
「……ふふっ、あははっ」%K%P
「……ふふっ、あははっ」%K%P
想像して、思わず笑ってしまう。%K%P
想像して、思わず笑ってしまう。%K%P
……うん。行きたいのは山々だけど、やっぱり約束は守らないといけないし、我慢しないと。%K%P
……うん。行きたいのは山々だけど、やっぱり約束は守らないといけないし、我慢しないと。%K%P
綾香さんに余計な心配をかけたくないもんね。%K%P
綾香さんに余計な心配をかけたくないもんね。%K%P
「いまごろ何してるかな、綾香さん……」%K%P
「いまごろ何してるかな、綾香さん……」%K%P
いま１２時前、だから……もうちょっとしたらお昼ご飯、だよね。%K%P
いま１２時前、だから……もうちょっとしたらお昼ご飯、だよね。%K%P
今日は僕がいないから、きっと美琴さんと一緒に、食堂か庭園で食べることになるはず。%K%P
今日は僕がいないから、きっと美琴さんと一緒に、食堂か庭園で食べることになるはず。%K%P
もしかしたら、いない僕に向かって『いずみさん』なんて呼びかけて、美琴さんから『いずみさんも同じ事してた』なんて、笑われたり――――、%K%P
もしかしたら、いない僕に向かって『いずみさん』なんて呼びかけて、美琴さんから『いずみさんも同じ事してた』なんて、笑われたり――――、%K%P
「……って、さすがにそんなことないか」%K%P
「……って、さすがにそんなことないか」%K%P
僕がそう呟くと、遠くのほうから微かに学園のチャイムが聞こえた。%K%P
僕がそう呟くと、遠くのほうから微かに学園のチャイムが聞こえた。%K%P
お昼休みを告げるチャイムが聞こえると、教室を満たしていた緊張感が和らいでいく。%K%P
お昼休みを告げるチャイムが聞こえると、教室を満たしていた緊張感が和らいでいく。%K%P
「綾香、お昼いかない？」%K%P
「綾香、お昼いかない？」%K%P
「うん」%K%P
「うん」%K%P
こちらから誘う前に声をかけてくれた美琴と一緒に、そのまま廊下に出て、食堂へ。%K%P
こちらから誘う前に声をかけてくれた美琴と一緒に、そのまま廊下に出て、食堂へ。%K%P
「希実」%K%P
「希実」%K%P
食堂につくと、すでに出来ていた列に妹の姿を見つけたので、声をかけた。%K%P
食堂につくと、すでに出来ていた列に妹の姿を見つけたので、声をかけた。%K%P
「あっ、綾香お姉ちゃんに、美琴さんも」%K%P
「あっ、綾香お姉ちゃんに、美琴さんも」%K%P
「どう？　良かったら一緒に」%K%P
「どう？　良かったら一緒に」%K%P
「はい、喜んで。それなら私、ランチを受けとったら席を取っておきます」%K%P
「はい、喜んで。それなら私、ランチを受けとったら席を取っておきます」%K%P
「うん、お願い」%K%P
「うん、お願い」%K%P
「じゃあ、わたしたちも並びましょう？　いずみさん」%K%P
「じゃあ、わたしたちも並びましょう？　いずみさん」%K%P
いつものように口にして、それからハッとする。%K%P
いつものように口にして、それからハッとする。%K%P
「あっ……いっ、いまのは、その」%K%P
「あっ……いっ、いまのは、その」%K%P
「ふっ、ふふっ、くすくすっ」%K%P
「ふっ、ふふっ、くすくすっ」%K%P
なんとも言えない顔でわたしを見つめた後、美琴はそのまま笑い出した。%K%P
なんとも言えない顔でわたしを見つめた後、美琴はそのまま笑い出した。%K%P
「なっ、なんでそんなに笑うのっ？　ちょっと言い間違えただけでしょう？」%K%P
「なっ、なんでそんなに笑うのっ？　ちょっと言い間違えただけでしょう？」%K%P
「う、うん。まあ、そうなんだけどね」%K%P
「う、うん。まあ、そうなんだけどね」%K%P
「実はこの前、綾香が休んでいたとき、いずみさんがまったく同じ間違いをしてたの」%K%P
「実はこの前、綾香が休んでいたとき、いずみさんがまったく同じ間違いをしてたの」%K%P
「えっ？　いずみさんも……？」%K%P
「えっ？　いずみさんも……？」%K%P
「そう。間違いに気付いたいずみさん、すっごく恥ずかしそうにしてて」%K%P
「そう。間違いに気付いたいずみさん、すっごく恥ずかしそうにしてて」%K%P
「だから、それを思い出して、つい」%K%P
「だから、それを思い出して、つい」%K%P
「そっ、そう……」%K%P
「そっ、そう……」%K%P
そんなことがあったなんて知らなかったから、思いがけず頬が緩んでしまう。%K%P
そんなことがあったなんて知らなかったから、思いがけず頬が緩んでしまう。%K%P
いずみさんも、同じ失敗を――――、%K%P
いずみさんも、同じ失敗を――――、%K%P
「……綾香？　なにをにやけてるの？」%K%P
「……綾香？　なにをにやけてるの？」%K%P
「べっ、べつに、にやけてなんか……」%K%P
「べっ、べつに、にやけてなんか……」%K%P
否定しながら、頬に手を添えて、必死に口角をぐにぐにと揉んでみる。%K%P
否定しながら、頬に手を添えて、必死に口角をぐにぐにと揉んでみる。%K%P
……どうしよう、嬉しい。%K%P
……どうしよう、嬉しい。%K%P
いずみさんが、わたしの名前を無意識に呼んでしまうぐらい、わたしを想っていてくれたなんて。%K%P
いずみさんが、わたしの名前を無意識に呼んでしまうぐらい、わたしを想っていてくれたなんて。%K%P
「綾香、今日は真っ直ぐ帰って、いずみさんの看病をするつもりなんでしょ？」%K%P
「綾香、今日は真っ直ぐ帰って、いずみさんの看病をするつもりなんでしょ？」%K%P
「うん。申し訳ないけど、今日の練習は休ませてもらってもいい？」%K%P
「うん。申し訳ないけど、今日の練習は休ませてもらってもいい？」%K%P
「なに言ってるの。{歌姫:ディーバ}あっての{騎士:ワルキュリア}なんだから、当たり前でしょ？」%K%P
「なに言ってるの。{歌姫:ディーバ}あっての{騎士:ワルキュリア}なんだから、当たり前でしょ？」%K%P
「あたしはことりちゃんと一緒に、綾香の分まで練習しておくから。いずみさんのほう、お願いね」%K%P
「あたしはことりちゃんと一緒に、綾香の分まで練習しておくから。いずみさんのほう、お願いね」%K%P
「任せて」%K%P
「任せて」%K%P
そんな話をしている間に、並んでいた列は進んで、メニューを決める番になった。%K%P
そんな話をしている間に、並んでいた列は進んで、メニューを決める番になった。%K%P
「えっと……」%K%P
「えっと……」%K%P
いずみさんも今頃、お昼ご飯を食べているはず。%K%P
いずみさんも今頃、お昼ご飯を食べているはず。%K%P
もしかするとこの前のわたしのように、薬を飲んでぐっすり眠っているかも知れない。%K%P
もしかするとこの前のわたしのように、薬を飲んでぐっすり眠っているかも知れない。%K%P
体調が優れないときは、休みすぎて悪い、ということもないのだし――――、%K%P
体調が優れないときは、休みすぎて悪い、ということもないのだし――――、%K%P
「綾香。ほら、メニュー決めないと」%K%P
「綾香。ほら、メニュー決めないと」%K%P
「あっ、う、うん。じゃあ、Ａランチを」%K%P
「あっ、う、うん。じゃあ、Ａランチを」%K%P
いずみさんのことを考えるあまり、メニューを決めるのが遅れてしまった。%K%P
いずみさんのことを考えるあまり、メニューを決めるのが遅れてしまった。%K%P
何を見ても、何を聞いても、そこからいずみさんのことを連想してしまう。%K%P
何を見ても、何を聞いても、そこからいずみさんのことを連想してしまう。%K%P
頭の中も、胸の中も、いずみさんでいっぱいで。%K%P
頭の中も、胸の中も、いずみさんでいっぱいで。%K%P
お昼休みになったばかりだというのに、わたしは放課後が待ち遠しくて仕方がなかった。%K%P
お昼休みになったばかりだというのに、わたしは放課後が待ち遠しくて仕方がなかった。%K%P
「……ごちそうさまでした、っと」%K%P
「……ごちそうさまでした、っと」%K%P
法子さんの用意してくれたお昼ご飯を食べた後、忘れずに薬を飲んで、そこでようやく一息つく。%K%P
法子さんの用意してくれたお昼ご飯を食べた後、忘れずに薬を飲んで、そこでようやく一息つく。%K%P
そういえば、こうして１人で食事を食べるのは日本に帰ってきた初日の夜以来かもしれない。%K%P
そういえば、こうして１人で食事を食べるのは日本に帰ってきた初日の夜以来かもしれない。%K%P
あの時は、自分の歌の対価として受けとったお金で、お弁当と飲み物を買ったんだっけ。%K%P
あの時は、自分の歌の対価として受けとったお金で、お弁当と飲み物を買ったんだっけ。%K%P
その翌日には綾香さんに出会い、昼食を御馳走になったあと、そのまま学園に案内されて。%K%P
その翌日には綾香さんに出会い、昼食を御馳走になったあと、そのまま学園に案内されて。%K%P
僕は、{歌姫:ディーバ}になることを引き受けた。%K%P
僕は、{歌姫:ディーバ}になることを引き受けた。%K%P
「あれからもう３週間経つんだなぁ……」%K%P
「あれからもう３週間経つんだなぁ……」%K%P
最初は女の子のふりをするだけでも精一杯で、鏡に映る自分にすごくドギマギしたこともあった。%K%P
最初は女の子のふりをするだけでも精一杯で、鏡に映る自分にすごくドギマギしたこともあった。%K%P
でも、なにか困った事があると、いつも綾香さんがフォローしてくれて――――、%K%P
でも、なにか困った事があると、いつも綾香さんがフォローしてくれて――――、%K%P
「僕って言いそうになったときは、すかさず、わ・た・し、って注意されたり……ふふっ」%K%P
「僕って言いそうになったときは、すかさず、わ・た・し、って注意されたり……ふふっ」%K%P
塚原いずみとして過ごした時間、楽しい出来事は、思い出すのが困らないぐらいたくさんある。%K%P
塚原いずみとして過ごした時間、楽しい出来事は、思い出すのが困らないぐらいたくさんある。%K%P
そして、そのほとんどに、綾香さんがいた。%K%P
そして、そのほとんどに、綾香さんがいた。%K%P
「……会いたいな、綾香さんに」%K%P
「……会いたいな、綾香さんに」%K%P
ほんの数時間前まで、すぐそこにいて、僕を心配してくれていた綾香さんに、もう会いたくなっている。%K%P
ほんの数時間前まで、すぐそこにいて、僕を心配してくれていた綾香さんに、もう会いたくなっている。%K%P
放課後になれば帰ってくるとわかっているのに、それでも、今すぐに顔を見て、話したくて仕方ない。%K%P
放課後になれば帰ってくるとわかっているのに、それでも、今すぐに顔を見て、話したくて仕方ない。%K%P
そのぐらい、綾香さんと一緒にいるのが当たり前と感じるようになってしまった。%K%P
そのぐらい、綾香さんと一緒にいるのが当たり前と感じるようになってしまった。%K%P
「ん……」%K%P
「ん……」%K%P
まだお昼過ぎだっていうのに、こんな気持ちであと数時間、どうして過ごせばいいんだろう。%K%P
まだお昼過ぎだっていうのに、こんな気持ちであと数時間、どうして過ごせばいいんだろう。%K%P
このまま寝るにしたって、ベッドに横になっている間中、悶々とするに決まってるし――――、%K%P
このまま寝るにしたって、ベッドに横になっている間中、悶々とするに決まってるし――――、%K%P
「……って、そうだ。検温しなきゃ」%K%P
「……って、そうだ。検温しなきゃ」%K%P
お昼を食べたら測っておくよう法子さんに言われたのを思い出して、腋の下に体温計を挟む。%K%P
お昼を食べたら測っておくよう法子さんに言われたのを思い出して、腋の下に体温計を挟む。%K%P
待っているとすぐにアラームがなって、取り出してみると、３６度６分の表示。%K%P
待っているとすぐにアラームがなって、取り出してみると、３６度６分の表示。%K%P
「良かった、さがってる……」%K%P
「良かった、さがってる……」%K%P
これなら、綾香さんも安心してくれるはず。%K%P
これなら、綾香さんも安心してくれるはず。%K%P
……って、なんでもかんでも綾香さんに結びつけてしまう自分自身に、思わず苦笑が漏れた。%K%P
……って、なんでもかんでも綾香さんに結びつけてしまう自分自身に、思わず苦笑が漏れた。%K%P
「……そうだ。せめて着替えておこう」%K%P
「……そうだ。せめて着替えておこう」%K%P
この前の綾香さんがそうであったように、僕もパジャマから着替えておこう。%K%P
この前の綾香さんがそうであったように、僕もパジャマから着替えておこう。%K%P
そうすれば、帰って来た綾香さんが安心してくれるかもしれないしね。%K%P
そうすれば、帰って来た綾香さんが安心してくれるかもしれないしね。%K%P
「っと……」%K%P
「っと……」%K%P
パジャマから私服に着替えて、ほっと一息つく。\nただ、着替えている最中、どうしても綾香さんのスペースにちらちら視線がいってしまった。%K%P
パジャマから私服に着替えて、ほっと一息つく。\nただ、着替えている最中、どうしても綾香さんのスペースにちらちら視線がいってしまった。%K%P
仕切りがあるといっても、ドアや鍵があるわけじゃないから、覗こうと思えば簡単に――――、%K%P
仕切りがあるといっても、ドアや鍵があるわけじゃないから、覗こうと思えば簡単に――――、%K%P
「……ちょっと、だけ」%K%P
「……ちょっと、だけ」%K%P
いけないと知りながら、つい我慢できなくなって、仕切りの向こう側を覗き込む。%K%P
いけないと知りながら、つい我慢できなくなって、仕切りの向こう側を覗き込む。%K%P
別に綾香さんの私物を漁ったりしようとか、そういうやましい魂胆は微塵もない。%K%P
別に綾香さんの私物を漁ったりしようとか、そういうやましい魂胆は微塵もない。%K%P
ただ、綾香さんがいつも過ごしているスペースがすぐ隣にあるから、我慢できなかった、というか……。%K%P
ただ、綾香さんがいつも過ごしているスペースがすぐ隣にあるから、我慢できなかった、というか……。%K%P
「……言い訳がましいなぁ、僕」%K%P
「……言い訳がましいなぁ、僕」%K%P
心の内であれこれ理由を並べる自分に女々しさも感じつつも、その雰囲気にホッとする。%K%P
心の内であれこれ理由を並べる自分に女々しさも感じつつも、その雰囲気にホッとする。%K%P
綾香さんのスペースに入るのは久しぶりだ。%K%P
綾香さんのスペースに入るのは久しぶりだ。%K%P
間違って着替えを目撃しちゃったときと、それから、夜中に一緒にホットミルクを飲んだ時。%K%P
間違って着替えを目撃しちゃったときと、それから、夜中に一緒にホットミルクを飲んだ時。%K%P
「あのときのパジャマ姿、可愛かったな……」%K%P
「あのときのパジャマ姿、可愛かったな……」%K%P
そう、綾香さんは可愛い。%K%P
そう、綾香さんは可愛い。%K%P
何事にも一生懸命で、自分のことなんて二の次で、人の事を思いやって。%K%P
何事にも一生懸命で、自分のことなんて二の次で、人の事を思いやって。%K%P
その分、まわりが見えなくなることも多いから、男の僕と同居することに言われるまで気付かない……なんてミスもする。%K%P
その分、まわりが見えなくなることも多いから、男の僕と同居することに言われるまで気付かない……なんてミスもする。%K%P
だからこそ、いつも美琴さんや希実ちゃん、法子さんや他のみんなから、気にかけられて。%K%P
だからこそ、いつも美琴さんや希実ちゃん、法子さんや他のみんなから、気にかけられて。%K%P
……そして僕も、たくさん心配してきた。%K%P
……そして僕も、たくさん心配してきた。%K%P
朝からずっと、綾香さんのことばかり考えて……その気持ちの膨らみに、歯止めが利かない。%K%P
朝からずっと、綾香さんのことばかり考えて……その気持ちの膨らみに、歯止めが利かない。%K%P
病気で気持ちが弱っているから、とか、１人でいるから寂しくて……という理由もあるのかもしれない。%K%P
病気で気持ちが弱っているから、とか、１人でいるから寂しくて……という理由もあるのかもしれない。%K%P
でも、こんなに１人の女の子のことを考え続けるなんて、今までに一度もなかった。%K%P
でも、こんなに１人の女の子のことを考え続けるなんて、今までに一度もなかった。%K%P
「……あっ」%K%P
「……あっ」%K%P
よく見てみると、ベッドの枕元に小さなぬいぐるみがちょこんと置いてあった。%K%P
よく見てみると、ベッドの枕元に小さなぬいぐるみがちょこんと置いてあった。%K%P
前は気付かなかったけど、ずっと置いてあったのか、それとも、今日はたまたまここにあるのか。%K%P
前は気付かなかったけど、ずっと置いてあったのか、それとも、今日はたまたまここにあるのか。%K%P
どちらにせよ、前に教えてもらった、綾香さんはぬいぐるみが好きって話は本当らしい。%K%P
どちらにせよ、前に教えてもらった、綾香さんはぬいぐるみが好きって話は本当らしい。%K%P
「……ちょっとだけなら、いいよね」%K%P
「……ちょっとだけなら、いいよね」%K%P
呟いて、綾香さんのベッドに腰を下ろした。%K%P
呟いて、綾香さんのベッドに腰を下ろした。%K%P
自分のベッドと同じ物のはずなのに、気のせいか、こちらのほうが少し柔らかい気がする。%K%P
自分のベッドと同じ物のはずなのに、気のせいか、こちらのほうが少し柔らかい気がする。%K%P
「あ……」%K%P
「あ……」%K%P
ベッドからは、微かに綾香さんの匂いがした。%K%P
ベッドからは、微かに綾香さんの匂いがした。%K%P
「ずっとこのベッドで寝起きしてるんだし、匂いぐらい、して当たり前だよね……」%K%P
「ずっとこのベッドで寝起きしてるんだし、匂いぐらい、して当たり前だよね……」%K%P
この部屋で暮らし始めて、数週間。僕にとっては、いつのまにか、とても馴染みのある匂い。%K%P
この部屋で暮らし始めて、数週間。僕にとっては、いつのまにか、とても馴染みのある匂い。%K%P
初めて女装したときも、その後も、すぐ側で僕を見守り助けてくれた、綾香さんの匂い。%K%P
初めて女装したときも、その後も、すぐ側で僕を見守り助けてくれた、綾香さんの匂い。%K%P
それをもっと強く感じたくて、身体が自然と、ころん、と横に倒れた。%K%P
それをもっと強く感じたくて、身体が自然と、ころん、と横に倒れた。%K%P
匂いが強くなると、その分だけ心も落ち着く。%K%P
匂いが強くなると、その分だけ心も落ち着く。%K%P
風邪をひいて不安だった気持ちや、綾香さんに会いたいと急いていた想いも、静かになっていく。%K%P
風邪をひいて不安だった気持ちや、綾香さんに会いたいと急いていた想いも、静かになっていく。%K%P
「……綾香さん……」%K%P
「……綾香さん……」%K%P
名前を呟いたら、胸が少し苦しくなった。%K%P
名前を呟いたら、胸が少し苦しくなった。%K%P
ドキドキしたり苦しくなったり、本当に忙しい。%K%P
ドキドキしたり苦しくなったり、本当に忙しい。%K%P
当たり前のように呼んできた名前が、意識ひとつで、こんなにも愛しい響きになってしまうなんて。%K%P
当たり前のように呼んできた名前が、意識ひとつで、こんなにも愛しい響きになってしまうなんて。%K%P
ついさっきまでは、あれだけ会いたかったのに……今度は、会ったらどんな顔をすればいいのか、それがわからなくなってしまう。%K%P
ついさっきまでは、あれだけ会いたかったのに……今度は、会ったらどんな顔をすればいいのか、それがわからなくなってしまう。%K%P
こんな不思議な気持ちは、生まれて初めて。%K%P
こんな不思議な気持ちは、生まれて初めて。%K%P
――――僕は、綾香さんが好きなんだ。%K%P
――――僕は、綾香さんが好きなんだ。%K%P
「……んっ……」%K%P
「……んっ……」%K%P
寝返りをうって、今度は仰向けになる。%K%P
寝返りをうって、今度は仰向けになる。%K%P
そうして見上げた天井も、僕がいつも見ているものとそんなに差はない。%K%P
そうして見上げた天井も、僕がいつも見ているものとそんなに差はない。%K%P
でも、そんな天井すら、綾香さんが毎晩見上げているものだと思ったら、なんだか特別に思えた。%K%P
でも、そんな天井すら、綾香さんが毎晩見上げているものだと思ったら、なんだか特別に思えた。%K%P
「ふぁ、ん……」%K%P
「ふぁ、ん……」%K%P
小さなあくびが漏れる。%K%P
小さなあくびが漏れる。%K%P
飲んだ薬が効いてきたのかも、と思ったけど、動きたくなくて、僕はそのまま目を閉じた。%K%P
飲んだ薬が効いてきたのかも、と思ったけど、動きたくなくて、僕はそのまま目を閉じた。%K%P
目が覚めたら、部屋は薄暗かった。%K%P
目が覚めたら、部屋は薄暗かった。%K%P
どのぐらい寝ていたのか――――というより、いつ眠りに落ちたのかも、よく覚えていない。%K%P
どのぐらい寝ていたのか――――というより、いつ眠りに落ちたのかも、よく覚えていない。%K%P
「確か、えっと……」%K%P
「確か、えっと……」%K%P
「いずみさん、起きた？」%K%P
「いずみさん、起きた？」%K%P
「うん。なんだか、ぐっすり眠っちゃって……」%K%P
「うん。なんだか、ぐっすり眠っちゃって……」%K%P
寝ぼけながら頷いたあと、問い掛けてきた声が、すぐ側から聞こえたことに気付く。%K%P
寝ぼけながら頷いたあと、問い掛けてきた声が、すぐ側から聞こえたことに気付く。%K%P
恐る恐る視線を向けると、そこに綾香さんが。%K%P
恐る恐る視線を向けると、そこに綾香さんが。%K%P
「いずみさん、おはよう。……というか、本当はもうこんばんは、なんだけど」%K%P
「いずみさん、おはよう。……というか、本当はもうこんばんは、なんだけど」%K%P
時間を確かめるために起き上がると、いつもの場所に時計がないことに気付く。%K%P
時間を確かめるために起き上がると、いつもの場所に時計がないことに気付く。%K%P
そこでようやく、自分が綾香さんのベッドで寝てしまったことを思いだした。%K%P
そこでようやく、自分が綾香さんのベッドで寝てしまったことを思いだした。%K%P
「あっ……！　こっ、こここれは、えっとっ……」%K%P
「あっ……！　こっ、こここれは、えっとっ……」%K%P
「ふふっ、別に怒ってないから安心して」%K%P
「ふふっ、別に怒ってないから安心して」%K%P
慌てる僕を見つめ、綾香さんは優しく笑う。%K%P
慌てる僕を見つめ、綾香さんは優しく笑う。%K%P
「よく眠ってたけど……いずみさん、体調は？　具合、良くなった？」%K%P
「よく眠ってたけど……いずみさん、体調は？　具合、良くなった？」%K%P
「あ、う、うん……」%K%P
「あ、う、うん……」%K%P
昼に比べて、さらに身体も軽いし、気怠さもない。%K%P
昼に比べて、さらに身体も軽いし、気怠さもない。%K%P
「……もう、大丈夫みたい」%K%P
「……もう、大丈夫みたい」%K%P
「じゃあ……確かめても、いい？」%K%P
「じゃあ……確かめても、いい？」%K%P
「確かめる、って――」%K%P
「確かめる、って――」%K%P
綾香さんは手を伸ばすと、僕の前髪をかきわけるようにして、おでこに触れてきた。%K%P
綾香さんは手を伸ばすと、僕の前髪をかきわけるようにして、おでこに触れてきた。%K%P
「あっ……」%K%P
「あっ……」%K%P
綾香さんの手は、柔らかくて、温かい。%K%P
綾香さんの手は、柔らかくて、温かい。%K%P
「……うん。たしかに下がってるわね」%K%P
「……うん。たしかに下がってるわね」%K%P
ちょっとはにかむように、控えめに微笑んだ綾香さんの笑顔に、心臓がとくんと跳ねた。%K%P
ちょっとはにかむように、控えめに微笑んだ綾香さんの笑顔に、心臓がとくんと跳ねた。%K%P
「でも驚いちゃった。帰って来たら、わたしのベッドで寝ているんだもの」%K%P
「でも驚いちゃった。帰って来たら、わたしのベッドで寝ているんだもの」%K%P
「あんまりに気持ち良さそうな寝顔だったから、起こすのも悪くて……」%K%P
「あんまりに気持ち良さそうな寝顔だったから、起こすのも悪くて……」%K%P
「そのうち起きるだろうからって、夕ご飯を食べた後は、ずっと寝顔を眺めていたの」%K%P
「そのうち起きるだろうからって、夕ご飯を食べた後は、ずっと寝顔を眺めていたの」%K%P
「そうしたら、あっという間にこんな時間に」%K%P
「そうしたら、あっという間にこんな時間に」%K%P
「そうなんだ……」%K%P
「そうなんだ……」%K%P
改めて時計を確かめると、いつもなら綾香さんたちが入浴しているぐらいの時刻だった。%K%P
改めて時計を確かめると、いつもなら綾香さんたちが入浴しているぐらいの時刻だった。%K%P
いくら薬を飲んだとはいっても、あれから半日近く寝ちゃうなんて、よほど疲れてたのかもしれない。%K%P
いくら薬を飲んだとはいっても、あれから半日近く寝ちゃうなんて、よほど疲れてたのかもしれない。%K%P
あるいは、綾香さんのベッドの寝心地が、よっぽど良かったとか。%K%P
あるいは、綾香さんのベッドの寝心地が、よっぽど良かったとか。%K%P
「ごめんね？　ベッドを借りる……というか、勝手に綾香さんのスペースに入っちゃって」%K%P
「ごめんね？　ベッドを借りる……というか、勝手に綾香さんのスペースに入っちゃって」%K%P
「いいの。ベッド以外の場所は、とくにいじった様子もなかったし」%K%P
「いいの。ベッド以外の場所は、とくにいじった様子もなかったし」%K%P
「いずみさんのことだもの。ベッドで眠る以外、やましいことはしてないんでしょ？」%K%P
「いずみさんのことだもの。ベッドで眠る以外、やましいことはしてないんでしょ？」%K%P
「してない、してないよっ」%K%P
「してない、してないよっ」%K%P
やましいこと、という言葉に少しドキっとしたけど、確かにベッドを借りた以外、なにもしていない。%K%P
やましいこと、という言葉に少しドキっとしたけど、確かにベッドを借りた以外、なにもしていない。%K%P
「でも、どうしてわたしのベッドで眠っていたの？　服だって着替えているし」%K%P
「でも、どうしてわたしのベッドで眠っていたの？　服だって着替えているし」%K%P
「これは……ほら、前に綾香さんが学園を休んだときも、きちんと着替えて出迎えてくれたでしょ？」%K%P
「これは……ほら、前に綾香さんが学園を休んだときも、きちんと着替えて出迎えてくれたでしょ？」%K%P
「だから、私もそうしようと思って」%K%P
「だから、私もそうしようと思って」%K%P
「それで着替えてたら、綾香さんのスペースが目に入って、気になっちゃって――」%K%P
「それで着替えてたら、綾香さんのスペースが目に入って、気になっちゃって――」%K%P
「なるほどね」%K%P
「なるほどね」%K%P
僕の説明を聞いた綾香さんが、また微笑む。%K%P
僕の説明を聞いた綾香さんが、また微笑む。%K%P
笑顔のたび、僕の心臓がとくんと揺れた。%K%P
笑顔のたび、僕の心臓がとくんと揺れた。%K%P
「それにしても、すごくぐっすり眠ってたけど……わたしのベッド、そんなに寝心地が良かった？」%K%P
「それにしても、すごくぐっすり眠ってたけど……わたしのベッド、そんなに寝心地が良かった？」%K%P
「うん、とっても」%K%P
「うん、とっても」%K%P
「でも、寮のベッドはどれも同じ品質で、シーツも毛布も同じ物のはずだけど……」%K%P
「でも、寮のベッドはどれも同じ品質で、シーツも毛布も同じ物のはずだけど……」%K%P
「ああ、それはきっと匂いが――」%K%P
「ああ、それはきっと匂いが――」%K%P
「匂い？」%K%P
「匂い？」%K%P
「あっ、いやその……」%K%P
「あっ、いやその……」%K%P
雰囲気のせいか、つい口が滑ってしまった。%K%P
雰囲気のせいか、つい口が滑ってしまった。%K%P
「匂い、って……どういうこと？」%K%P
「匂い、って……どういうこと？」%K%P
「それは……」%K%P
「それは……」%K%P
誤魔化せたらいいんだけど、部屋は静かだし、二人きりだし――――なにより、こんなに至近距離で見つめられたら嘘がつけない。%K%P
誤魔化せたらいいんだけど、部屋は静かだし、二人きりだし――――なにより、こんなに至近距離で見つめられたら嘘がつけない。%K%P
なにより、綾香さんに嘘をつきたくない。%K%P
なにより、綾香さんに嘘をつきたくない。%K%P
「……綾香さんのベッド、良い匂いがしたから。それで横になってたら、その内にうとうとして……」%K%P
「……綾香さんのベッド、良い匂いがしたから。それで横になってたら、その内にうとうとして……」%K%P
いざ言葉にして説明すると、自分の行動が少し……いや、けっこう変態っぽい感じがする。%K%P
いざ言葉にして説明すると、自分の行動が少し……いや、けっこう変態っぽい感じがする。%K%P
言った後で、嫌われちゃったらどうしよう、って思っていたら、綾香さんは小さく笑った。%K%P
言った後で、嫌われちゃったらどうしよう、って思っていたら、綾香さんは小さく笑った。%K%P
「そう。……いずみさんも、そうなんだ」%K%P
「そう。……いずみさんも、そうなんだ」%K%P
「どういうこと？」%K%P
「どういうこと？」%K%P
呟きの意味がわからず、首を傾げる。%K%P
呟きの意味がわからず、首を傾げる。%K%P
「わたしも、いずみさんの匂いが好きってこと」%K%P
「わたしも、いずみさんの匂いが好きってこと」%K%P
「……ううん、匂いだけじゃないわ」%K%P
「……ううん、匂いだけじゃないわ」%K%P
「わたし、いずみさんが好き」%K%P
「わたし、いずみさんが好き」%K%P
「……え？」%K%P
「……え？」%K%P
あんまりにも自然に言うものだから、一瞬、何を言われたのかわからなかった。%K%P
あんまりにも自然に言うものだから、一瞬、何を言われたのかわからなかった。%K%P
「それって……」%K%P
「それって……」%K%P
「うん。わたしは１人の女の子として、あなたのことが好き……みたい」%K%P
「うん。わたしは１人の女の子として、あなたのことが好き……みたい」%K%P
照れを隠すように、最後につけたした、みたい、という呟きが、かえって胸を揺さぶった。%K%P
照れを隠すように、最後につけたした、みたい、という呟きが、かえって胸を揺さぶった。%K%P
薄暗い部屋の中で、綾香さんの頬がほんのりと赤くなったような気がして、思わず息を呑む。%K%P
薄暗い部屋の中で、綾香さんの頬がほんのりと赤くなったような気がして、思わず息を呑む。%K%P
「いずみさんは？　……わたしのこと、好き？」%K%P
「いずみさんは？　……わたしのこと、好き？」%K%P
「それはもちろん、好き、だけど……」%K%P
「それはもちろん、好き、だけど……」%K%P
「だけど……？　だけど、なに？」%K%P
「だけど……？　だけど、なに？」%K%P
「……本当に、僕が好きなの？」%K%P
「……本当に、僕が好きなの？」%K%P
「こんな、女の子の洋服が似合っちゃうような容姿で、取り柄といえば、歌ぐらいなのに……」%K%P
「こんな、女の子の洋服が似合っちゃうような容姿で、取り柄といえば、歌ぐらいなのに……」%K%P
「ふふっ、何を言うの？　どちらも素敵じゃない」%K%P
「ふふっ、何を言うの？　どちらも素敵じゃない」%K%P
「……それに、わたしはいずみさんのこと、男らしいな、って思う事も多いんだから」%K%P
「……それに、わたしはいずみさんのこと、男らしいな、って思う事も多いんだから」%K%P
「そうなの……？　こんな格好してても？」%K%P
「そうなの……？　こんな格好してても？」%K%P
「うん。わたしは、外見のたくましさや力強さだけが、男らしさではないと思う」%K%P
「うん。わたしは、外見のたくましさや力強さだけが、男らしさではないと思う」%K%P
「単純な強さを比較するなら、その辺の男の人より、{騎士:ワルキュリア}のほうがよほど強いもの」%K%P
「単純な強さを比較するなら、その辺の男の人より、{騎士:ワルキュリア}のほうがよほど強いもの」%K%P
「まあ、それは確かにそうだけど……」%K%P
「まあ、それは確かにそうだけど……」%K%P
「くすっ。でしょう？」%K%P
「くすっ。でしょう？」%K%P
おかしそうに微笑んだ綾香さんは、それから少し間をとって、改めて僕を見つめた。%K%P
おかしそうに微笑んだ綾香さんは、それから少し間をとって、改めて僕を見つめた。%K%P
「いずみさんには人を思いやる強さがあるわ。それは、何度もわたしを助け、支えてくれた」%K%P
「いずみさんには人を思いやる強さがあるわ。それは、何度もわたしを助け、支えてくれた」%K%P
「だからわたしも、あなたの支えになりたいの。それこそ、かつて歌姫を助けた騎士のように」%K%P
「だからわたしも、あなたの支えになりたいの。それこそ、かつて歌姫を助けた騎士のように」%K%P
「綾香さん……」%K%P
「綾香さん……」%K%P
深皇が大好きな綾香さんらしい告白に、自然と身体が熱くなる。%K%P
深皇が大好きな綾香さんらしい告白に、自然と身体が熱くなる。%K%P
そう。これは告白で――――だから僕は、それに応えなくちゃいけない。%K%P
そう。これは告白で――――だから僕は、それに応えなくちゃいけない。%K%P
「……僕も、綾香さんが好きだよ」%K%P
「……僕も、綾香さんが好きだよ」%K%P
「最近、綾香さんがずっと気になってて……今日なんてとくに、綾香さんのことばかり考えてた」%K%P
「最近、綾香さんがずっと気になってて……今日なんてとくに、綾香さんのことばかり考えてた」%K%P
「綾香さんに告白されて……さっきからずっと、胸が苦しいぐらいにドキドキしてる」%K%P
「綾香さんに告白されて……さっきからずっと、胸が苦しいぐらいにドキドキしてる」%K%P
「本当？」%K%P
「本当？」%K%P
「あぁ……」%K%P
「あぁ……」%K%P
嬉しさからこぼれたらしい吐息は火照っていて、それが微かに頬にかかったからドキドキした。%K%P
嬉しさからこぼれたらしい吐息は火照っていて、それが微かに頬にかかったからドキドキした。%K%P
「それなら、いずみさん。ひとつ、お願いを聞いて」%K%P
「それなら、いずみさん。ひとつ、お願いを聞いて」%K%P
「なに？」%K%P
「なに？」%K%P
「……キス、してもいい？」%K%P
「……キス、してもいい？」%K%P
「き、キスって……」%K%P
「き、キスって……」%K%P
「もちろん、無理にとは言わないけれど……でも、できたら、その……」%K%P
「もちろん、無理にとは言わないけれど……でも、できたら、その……」%K%P
少し恥じらいを帯びた口調だけど、視線はじっと僕を見つめたまま逸らさない。%K%P
少し恥じらいを帯びた口調だけど、視線はじっと僕を見つめたまま逸らさない。%K%P
目は口ほどに、っていう言葉を思い出してしまうぐらい、綾香さんの瞳が訴えかけてくる。%K%P
目は口ほどに、っていう言葉を思い出してしまうぐらい、綾香さんの瞳が訴えかけてくる。%K%P
「……いいの？」%K%P
「……いいの？」%K%P
「いいからこそ、お願いしてるんでしょう？」%K%P
「いいからこそ、お願いしてるんでしょう？」%K%P
はっきり頷くのが照れくさくて、吐息を漏らすように首を縦に動かす。%K%P
はっきり頷くのが照れくさくて、吐息を漏らすように首を縦に動かす。%K%P
いままで目の前にあると思っていた綾香さんの顔が、さらに近くなった。%K%P
いままで目の前にあると思っていた綾香さんの顔が、さらに近くなった。%K%P
「んっ……」%K%P
「んっ……」%K%P
唇が重なった瞬間、あまりの柔らかさに全身が強張って、息が止まってしまう。%K%P
唇が重なった瞬間、あまりの柔らかさに全身が強張って、息が止まってしまう。%K%P
「んぅ……ふっ、んんっ……」%K%P
「んぅ……ふっ、んんっ……」%K%P
「んんっ……」%K%P
「んんっ……」%K%P
重なった綾香さんの唇の感触を楽しむ――――なんて、そんな余裕は微塵もなく。%K%P
重なった綾香さんの唇の感触を楽しむ――――なんて、そんな余裕は微塵もなく。%K%P
呼吸するタイミングがよくわからなくなってしまい、初めてのキスの間、僕はずっと息を止めていた。%K%P
呼吸するタイミングがよくわからなくなってしまい、初めてのキスの間、僕はずっと息を止めていた。%K%P
「ん、はぁ……」%K%P
「ん、はぁ……」%K%P
「ふっ、はぁ……はぁ……」%K%P
「ふっ、はぁ……はぁ……」%K%P
限界が訪れる寸前に綾香さんが離れたので、出来るだけこっそりと呼吸を整える。%K%P
限界が訪れる寸前に綾香さんが離れたので、出来るだけこっそりと呼吸を整える。%K%P
「キスって、いろんな味に例えられるけど……いずみさんの唇、少し甘い気がする」%K%P
「キスって、いろんな味に例えられるけど……いずみさんの唇、少し甘い気がする」%K%P
「そ、そうなんだ……」%K%P
「そ、そうなんだ……」%K%P
「ねえ、わたしの唇は？　どんな味だった？」%K%P
「ねえ、わたしの唇は？　どんな味だった？」%K%P
「……いずみさん？　どうしたの？」%K%P
「……いずみさん？　どうしたの？」%K%P
「それが……キスの瞬間、思わず息をとめちゃったから、味とか気にしている余裕がなくて……」%K%P
「それが……キスの瞬間、思わず息をとめちゃったから、味とか気にしている余裕がなくて……」%K%P
「むっ……それじゃあまるで、わたしが初めてのキスなのに余裕があったみたいじゃない」%K%P
「むっ……それじゃあまるで、わたしが初めてのキスなのに余裕があったみたいじゃない」%K%P
「あっ、いや、けしてそういうわけじゃ……」%K%P
「あっ、いや、けしてそういうわけじゃ……」%K%P
「んっ……ふふっ、くすくすっ。もう、冗談よ」%K%P
「んっ……ふふっ、くすくすっ。もう、冗談よ」%K%P
焦る僕を見て、綾香さんがおかしそうに微笑む。%K%P
焦る僕を見て、綾香さんがおかしそうに微笑む。%K%P
それで、強張っていた身体が、少しほぐれた。%K%P
それで、強張っていた身体が、少しほぐれた。%K%P
「なら、もう一度してもいい？　……わたし、もっときちんと、いずみさんの味が知りたい」%K%P
「なら、もう一度してもいい？　……わたし、もっときちんと、いずみさんの味が知りたい」%K%P
「じゃあ……」%K%P
「じゃあ……」%K%P
そうして近寄せられた唇を、今度は少しだけ余裕をもって出迎える。%K%P
そうして近寄せられた唇を、今度は少しだけ余裕をもって出迎える。%K%P
「んっ、はぁっ……」%K%P
「んっ、はぁっ……」%K%P
心なしか、さっきよりも強く重なった唇に負けて、思わず上体が倒れそうになる。%K%P
心なしか、さっきよりも強く重なった唇に負けて、思わず上体が倒れそうになる。%K%P
咄嗟にベッドに手をついたけど、そのときには綾香さんが僕に寄りかかっていて、手をついただけじゃ支えきれなかった。%K%P
咄嗟にベッドに手をついたけど、そのときには綾香さんが僕に寄りかかっていて、手をついただけじゃ支えきれなかった。%K%P
「あ、あぁ……ん、んっ……んんっ……？！」%K%P
「あ、あぁ……ん、んっ……んんっ……？！」%K%P
ベッドに倒れ込んだ拍子に、僕の股間に綾香さんの足が当たって、思わず声が漏れてしまう。%K%P
ベッドに倒れ込んだ拍子に、僕の股間に綾香さんの足が当たって、思わず声が漏れてしまう。%K%P
「いずみさん？　大丈夫？」%K%P
「いずみさん？　大丈夫？」%K%P
僕の様子に気付いて、綾香さんが唇を離す。%K%P
僕の様子に気付いて、綾香さんが唇を離す。%K%P
押し倒される格好になったから、仰向けの僕の眼前に、覗き込むようにして、綾香さんの顔があった。%K%P
押し倒される格好になったから、仰向けの僕の眼前に、覗き込むようにして、綾香さんの顔があった。%K%P
「あ、うん。なんでもないよ、なんでも」%K%P
「あ、うん。なんでもないよ、なんでも」%K%P
言いつつ、さりげなく股間のほうへ視線を送る。%K%P
言いつつ、さりげなく股間のほうへ視線を送る。%K%P
たぶん、初めてのキスや、直に感じた綾香さんの体温とか匂いで、興奮してるはずだから――――、%K%P
たぶん、初めてのキスや、直に感じた綾香さんの体温とか匂いで、興奮してるはずだから――――、%K%P
不意に熱っぽい声が聞こえたので何かと思ったら、綾香さんも僕の下半身を見つめていた。%K%P
不意に熱っぽい声が聞こえたので何かと思ったら、綾香さんも僕の下半身を見つめていた。%K%P
そこには、スカートが不自然に浮き上がっちゃうぐらいの、言い訳出来ない膨らみが。%K%P
そこには、スカートが不自然に浮き上がっちゃうぐらいの、言い訳出来ない膨らみが。%K%P
「こ、これは、その……」%K%P
「こ、これは、その……」%K%P
僕の視線を追いかけて気付いたのか、それとも、足に当たる感触で気付いたのか。%K%P
僕の視線を追いかけて気付いたのか、それとも、足に当たる感触で気付いたのか。%K%P
どちらにせよ、勃起しているのが目視できるぐらいだから、誤魔化しようがない。%K%P
どちらにせよ、勃起しているのが目視できるぐらいだから、誤魔化しようがない。%K%P
「これ、って……男の人が興奮してドキドキすると、なってしまう生理現象、よね……？」%K%P
「これ、って……男の人が興奮してドキドキすると、なってしまう生理現象、よね……？」%K%P
「は、はい……」%K%P
「は、はい……」%K%P
そこまでハッキリ言われると、頷くしかない。%K%P
そこまでハッキリ言われると、頷くしかない。%K%P
「……つまり、いずみさんはいま、興奮してるってこと……？」%K%P
「……つまり、いずみさんはいま、興奮してるってこと……？」%K%P
「うん。……キスなんて初めてだし、綾香さんが、こんなに近いから……」%K%P
「うん。……キスなんて初めてだし、綾香さんが、こんなに近いから……」%K%P
「わたしで、ドキドキしてるの……？」%K%P
「わたしで、ドキドキしてるの……？」%K%P
「う、うん……」%K%P
「う、うん……」%K%P
繰り返し聞かれると恥ずかしいけど、答えないわけにもいかず、小さく頷く。%K%P
繰り返し聞かれると恥ずかしいけど、答えないわけにもいかず、小さく頷く。%K%P
何も言えず黙り込んでいると、綾香さんが、僕のお腹あたりに軽く手を添えた。%K%P
何も言えず黙り込んでいると、綾香さんが、僕のお腹あたりに軽く手を添えた。%K%P
「……ねえ？　いずみさんのあそこ、ちょっと、さわってみても、いい？」%K%P
「……ねえ？　いずみさんのあそこ、ちょっと、さわってみても、いい？」%K%P
「えっ……？　えっ、ちょっ、それはちょっと」%K%P
「えっ……？　えっ、ちょっ、それはちょっと」%K%P
「好きな人のことは、なんでも知りたいんだもの」%K%P
「好きな人のことは、なんでも知りたいんだもの」%K%P
「そうはいうけど、さすがに――」%K%P
「そうはいうけど、さすがに――」%K%P
「お願い、いずみさん」%K%P
「お願い、いずみさん」%K%P
息が掛かるほどの距離でそんな風に言われたら、断れるわけがなかった。%K%P
息が掛かるほどの距離でそんな風に言われたら、断れるわけがなかった。%K%P
衣服越しとはいえ、綾香さんの手が股間に触れてきて、思わず声が出てしまう。%K%P
衣服越しとはいえ、綾香さんの手が股間に触れてきて、思わず声が出てしまう。%K%P
「男の人のって、こんなに堅いのね……」%K%P
「男の人のって、こんなに堅いのね……」%K%P
遠慮がちな手つきのせいか、触れてくる力は弱くて、かえってくすぐったい。%K%P
遠慮がちな手つきのせいか、触れてくる力は弱くて、かえってくすぐったい。%K%P
「普段はほとんど目立たないのに、興奮すると、こんなに大きくなるなんて……」%K%P
「普段はほとんど目立たないのに、興奮すると、こんなに大きくなるなんて……」%K%P
「いずみさん、これ、苦しくないの？」%K%P
「いずみさん、これ、苦しくないの？」%K%P
「苦しくはないんだけど……」%K%P
「苦しくはないんだけど……」%K%P
綾香さんに自分のペニスを撫でられていると思うと、それだけでも色々とこみ上げてくる。%K%P
綾香さんに自分のペニスを撫でられていると思うと、それだけでも色々とこみ上げてくる。%K%P
キスをして、その上こんなことまで――――、%K%P
キスをして、その上こんなことまで――――、%K%P
「はっ、あ、んんっ……」%K%P
「はっ、あ、んんっ……」%K%P
色々と想像してしまったせいか、自分でも驚いてしまうぐらい、火照った息が漏れる。%K%P
色々と想像してしまったせいか、自分でも驚いてしまうぐらい、火照った息が漏れる。%K%P
「いずみさん、なんだか色っぽい……」%K%P
「いずみさん、なんだか色っぽい……」%K%P
「そっ、そんなことっ……」%K%P
「そっ、そんなことっ……」%K%P
否定しようと思った声が少し裏返ってしまい、余計に恥ずかしい。%K%P
否定しようと思った声が少し裏返ってしまい、余計に恥ずかしい。%K%P
「でも、そういう声が出る、ってことは……さわられるのはイヤじゃない、ってことよね……？」%K%P
「でも、そういう声が出る、ってことは……さわられるのはイヤじゃない、ってことよね……？」%K%P
「そういう聞き方はズルいってばっ……」%K%P
「そういう聞き方はズルいってばっ……」%K%P
綾香さんに悪気がないのはわかっているけど、質問の仕方に逃げ道がなさすぎる。%K%P
綾香さんに悪気がないのはわかっているけど、質問の仕方に逃げ道がなさすぎる。%K%P
「……ねえ？　いずみさんって、本当に男の人？」%K%P
「……ねえ？　いずみさんって、本当に男の人？」%K%P
「なっ、なんで僕のあそこを触ってるのに、そういう疑問が出てくるの？」%K%P
「なっ、なんで僕のあそこを触ってるのに、そういう疑問が出てくるの？」%K%P
「だって……反応がすごく可愛いんだもの」%K%P
「だって……反応がすごく可愛いんだもの」%K%P
「そっ、そんなこと言われても……」%K%P
「そっ、そんなこと言われても……」%K%P
「自分のあそこを誰かにさわられるのなんて、これが初めてだから……」%K%P
「自分のあそこを誰かにさわられるのなんて、これが初めてだから……」%K%P
こんなに気持ち良いなんて知らなかったし、ある意味、僕の方がこの状況に戸惑っているのかもしれない。%K%P
こんなに気持ち良いなんて知らなかったし、ある意味、僕の方がこの状況に戸惑っているのかもしれない。%K%P
「……いずみさんの初めてを貰ったって思うと、なんだかすごく嬉しい」%K%P
「……いずみさんの初めてを貰ったって思うと、なんだかすごく嬉しい」%K%P
くすっと微笑んだ綾香さんの手が、何度も何度も、僕の股間を丁寧にさする。%K%P
くすっと微笑んだ綾香さんの手が、何度も何度も、僕の股間を丁寧にさする。%K%P
「……もう少し、しっかりさわってもいい？」%K%P
「……もう少し、しっかりさわってもいい？」%K%P
「う、うん」%K%P
「う、うん」%K%P
「じゃあ……もう少し、ぎゅっと……」%K%P
「じゃあ……もう少し、ぎゅっと……」%K%P
綾香さんの手が、少しずつ大胆に僕を包み込む。%K%P
綾香さんの手が、少しずつ大胆に僕を包み込む。%K%P
「あぁ……すごい、びくびくって……」%K%P
「あぁ……すごい、びくびくって……」%K%P
「男の人のあそこって、こんなに動くんだ……」%K%P
「男の人のあそこって、こんなに動くんだ……」%K%P
感心するように呟いた綾香さんが手に力を込めると、その分だけ、身体が勝手に反応してしまう。%K%P
感心するように呟いた綾香さんが手に力を込めると、その分だけ、身体が勝手に反応してしまう。%K%P
「綾香さん、あんまり強くこすられるとっ……」%K%P
「綾香さん、あんまり強くこすられるとっ……」%K%P
「あっ、ごめんなさい。痛くしちゃった……？」%K%P
「あっ、ごめんなさい。痛くしちゃった……？」%K%P
「ううん、そうじゃなくて……」%K%P
「ううん、そうじゃなくて……」%K%P
気持ち良い、って言いたいけど、それを素直に口にするのが恥ずかしくて躊躇ってしまう。%K%P
気持ち良い、って言いたいけど、それを素直に口にするのが恥ずかしくて躊躇ってしまう。%K%P
「いずみさん……？」%K%P
「いずみさん……？」%K%P
口ごもる僕を、綾香さんが不安そうに見つめる。%K%P
口ごもる僕を、綾香さんが不安そうに見つめる。%K%P
その表情を見ていたら、照れくさいから、なんて理由で誤魔化すほうが恥ずかしい気がした。%K%P
その表情を見ていたら、照れくさいから、なんて理由で誤魔化すほうが恥ずかしい気がした。%K%P
「その……このまま続けられたら、どんどん気持ち良くなっちゃいそうなんだけど……」%K%P
「その……このまま続けられたら、どんどん気持ち良くなっちゃいそうなんだけど……」%K%P
「それでも、いい……？」%K%P
「それでも、いい……？」%K%P
「あっ……ああ、そっか、そうよね……」%K%P
「あっ……ああ、そっか、そうよね……」%K%P
言われて気付いたのか、綾香さんが手を止める。%K%P
言われて気付いたのか、綾香さんが手を止める。%K%P
「きっと、このままだと間違いなく……その、出しちゃうと思うんだけど……」%K%P
「きっと、このままだと間違いなく……その、出しちゃうと思うんだけど……」%K%P
すごく恥ずかしかったけど、射精の寸前になって慌てさせるのも悪いから、素直に申告しておく。%K%P
すごく恥ずかしかったけど、射精の寸前になって慌てさせるのも悪いから、素直に申告しておく。%K%P
「でも、それって……わたしにさわられるのが気持ち良い、ってことなのよね？」%K%P
「でも、それって……わたしにさわられるのが気持ち良い、ってことなのよね？」%K%P
「それなら……わたし、続けたい」%K%P
「それなら……わたし、続けたい」%K%P
「それに、ここで中途半端にしたら……いずみさんだって、きっと困るでしょう？」%K%P
「それに、ここで中途半端にしたら……いずみさんだって、きっと困るでしょう？」%K%P
「それは……うん」%K%P
「それは……うん」%K%P
正直、いま綾香さんがやめるっていうなら、僕の方から続けて欲しい、ってお願いしてしまう気がする。%K%P
正直、いま綾香さんがやめるっていうなら、僕の方から続けて欲しい、ってお願いしてしまう気がする。%K%P
「じゃあ、このまま……」%K%P
「じゃあ、このまま……」%K%P
「あっ、でも……出ちゃうってことは、服を着たままだと、汚しちゃうわよね？」%K%P
「あっ、でも……出ちゃうってことは、服を着たままだと、汚しちゃうわよね？」%K%P
綾香さんに言われて気付く。%K%P
綾香さんに言われて気付く。%K%P
「えっと……じゃあ、どうしよう」%K%P
「えっと……じゃあ、どうしよう」%K%P
「それは、脱ぐしかないような……」%K%P
「それは、脱ぐしかないような……」%K%P
「だ、だよね……」%K%P
「だ、だよね……」%K%P
頭ではわかっていても、気持ち的な問題で、素直に頷くのは恥ずかしい。%K%P
頭ではわかっていても、気持ち的な問題で、素直に頷くのは恥ずかしい。%K%P
女の子にさわられるのが初めてなら、当然、見られたこともないわけで――――、%K%P
女の子にさわられるのが初めてなら、当然、見られたこともないわけで――――、%K%P
「……わたしが、脱がせてもいい？」%K%P
「……わたしが、脱がせてもいい？」%K%P
「えっ……あ、うっ、うん」%K%P
「えっ……あ、うっ、うん」%K%P
頷いた僕のスカートの中に綾香さんの手が滑り込んできて、下着に手を掛ける。%K%P
頷いた僕のスカートの中に綾香さんの手が滑り込んできて、下着に手を掛ける。%K%P
下着が脱がされると、抑えつけていた布地がなくなったことで、はっきりとペニスが立ちあがった。%K%P
下着が脱がされると、抑えつけていた布地がなくなったことで、はっきりとペニスが立ちあがった。%K%P
「あっ……こんな、むくって……」%K%P
「あっ……こんな、むくって……」%K%P
主張する竿の勢いに驚いたものの、綾香さんは怯むことなく、そっと僕の息子を握ってくれた。%K%P
主張する竿の勢いに驚いたものの、綾香さんは怯むことなく、そっと僕の息子を握ってくれた。%K%P
「あぁ……これ、すごく熱くて、堅い……」%K%P
「あぁ……これ、すごく熱くて、堅い……」%K%P
布地越しと違い、綾香さんの指の本数が数えられるぐらい、その感触がはっきりとわかる。%K%P
布地越しと違い、綾香さんの指の本数が数えられるぐらい、その感触がはっきりとわかる。%K%P
「これ、さっきみたいにさわった方が良い？」%K%P
「これ、さっきみたいにさわった方が良い？」%K%P
「で、できれば……」%K%P
「で、できれば……」%K%P
「できるわ。好きな人のお願いなら、なんでも」%K%P
「できるわ。好きな人のお願いなら、なんでも」%K%P
囁いた綾香さんの手が、再び優しく動き出す。%K%P
囁いた綾香さんの手が、再び優しく動き出す。%K%P
「じゃあ、さっきの感じで……んっ、っと……」%K%P
「じゃあ、さっきの感じで……んっ、っと……」%K%P
「敏感な場所だろうし……もし下手だったり痛かったら、遠慮せずに言って？」%K%P
「敏感な場所だろうし……もし下手だったり痛かったら、遠慮せずに言って？」%K%P
「いまのところは、大丈夫……」%K%P
「いまのところは、大丈夫……」%K%P
「じゃあ、このままもう少し、根本の方まで……やさしく、ゆっくりと……」%K%P
「じゃあ、このままもう少し、根本の方まで……やさしく、ゆっくりと……」%K%P
僕に確認をとりながら、綾香さんの手が、だんだんと根本の方に下りていく。%K%P
僕に確認をとりながら、綾香さんの手が、だんだんと根本の方に下りていく。%K%P
優しく握っているから、しごかれるというよりも、揉まれるような感覚だった。%K%P
優しく握っているから、しごかれるというよりも、揉まれるような感覚だった。%K%P
「綾香さん、もうちょっと、こする感じで、手を動かして貰えると……」%K%P
「綾香さん、もうちょっと、こする感じで、手を動かして貰えると……」%K%P
「こする感じ、っていうと……こ、こう……？」%K%P
「こする感じ、っていうと……こ、こう……？」%K%P
ちょっと不安そうになりながら、でも、手はしっかりと圧をかけつつ、上下に動く。%K%P
ちょっと不安そうになりながら、でも、手はしっかりと圧をかけつつ、上下に動く。%K%P
「そっ、そうっ……そうして、もっとこすこす、ってしてもらえるとっ……」%K%P
「そっ、そうっ……そうして、もっとこすこす、ってしてもらえるとっ……」%K%P
軽く教えただけで理想的な動きになったことに驚きながら、その快感に身体が跳ねてしまう。%K%P
軽く教えただけで理想的な動きになったことに驚きながら、その快感に身体が跳ねてしまう。%K%P
「あぁ……手の中で、びくん、びくびくって……」%K%P
「あぁ……手の中で、びくん、びくびくって……」%K%P
「いずみさんが感じると、あそこも一緒になって、ぶるって震えるのね……」%K%P
「いずみさんが感じると、あそこも一緒になって、ぶるって震えるのね……」%K%P
「感じると、身体が勝手に動いちゃってっ……」%K%P
「感じると、身体が勝手に動いちゃってっ……」%K%P
「ということは……こういう動きが増えるように、さわってあげればいいわけね？」%K%P
「ということは……こういう動きが増えるように、さわってあげればいいわけね？」%K%P
「ま、まあ、そうだけど……」%K%P
「ま、まあ、そうだけど……」%K%P
「任せて。なら、もっとゆっくり、少しずつ……」%K%P
「任せて。なら、もっとゆっくり、少しずつ……」%K%P
「あぁっ……？！」%K%P
「あぁっ……？！」%K%P
手探りならぬ指探りで、綾香さんは僕のあそこを確かめるように愛撫していく。%K%P
手探りならぬ指探りで、綾香さんは僕のあそこを確かめるように愛撫していく。%K%P
「……あっ、根本の方に、柔らかいのが……」%K%P
「……あっ、根本の方に、柔らかいのが……」%K%P
「あっ、そ、そっちはあまり触らなくても……」%K%P
「あっ、そ、そっちはあまり触らなくても……」%K%P
玉袋に触れられた瞬間、思いがけない刺激に身体がびくっと跳ねてしまった。%K%P
玉袋に触れられた瞬間、思いがけない刺激に身体がびくっと跳ねてしまった。%K%P
「でも、この柔らかい場所を撫でると、いずみさんのあそこ、気持ち良さそうに、びくんって……」%K%P
「でも、この柔らかい場所を撫でると、いずみさんのあそこ、気持ち良さそうに、びくんって……」%K%P
「そっ、そうなんだけど、そこは僕自身、あんまり刺激になれてない、っていうか……」%K%P
「そっ、そうなんだけど、そこは僕自身、あんまり刺激になれてない、っていうか……」%K%P
「んっ……優しく撫でるのも、ダメ？」%K%P
「んっ……優しく撫でるのも、ダメ？」%K%P
「そ、そのぐらいなら、平気、かな……」%K%P
「そ、そのぐらいなら、平気、かな……」%K%P
少し怖さもあるけど、綾香さんになら任せて大丈夫、という安心感のほうが強くて、許してしまう。%K%P
少し怖さもあるけど、綾香さんになら任せて大丈夫、という安心感のほうが強くて、許してしまう。%K%P
「じゃあ、優しく、丁寧に……」%K%P
「じゃあ、優しく、丁寧に……」%K%P
「はっ……」%K%P
「はっ……」%K%P
袋ごしに中の玉に触れられ、ふわっと腰が浮く。%K%P
袋ごしに中の玉に触れられ、ふわっと腰が浮く。%K%P
「こっちをさわっている時のほうが、いずみさんの声、ちょっと大きいみたい……」%K%P
「こっちをさわっている時のほうが、いずみさんの声、ちょっと大きいみたい……」%K%P
「な、なんか、変な感じがしてっ……」%K%P
「な、なんか、変な感じがしてっ……」%K%P
綾香さんの細い指が玉袋を撫でるたびに、なんとも言えない感覚がペニスの方に流れ込んでくる。%K%P
綾香さんの細い指が玉袋を撫でるたびに、なんとも言えない感覚がペニスの方に流れ込んでくる。%K%P
急所を誰かの手に委ねるという行為そのものが、なんとも言えない心地だった。%K%P
急所を誰かの手に委ねるという行為そのものが、なんとも言えない心地だった。%K%P
「痛く、ない？」%K%P
「痛く、ない？」%K%P
「いまぐらいなら、へいきっ……」%K%P
「いまぐらいなら、へいきっ……」%K%P
「ここ、中になにか、丸いのが入ってるけど……」%K%P
「ここ、中になにか、丸いのが入ってるけど……」%K%P
「それがいわゆる……その、たま、っていうか」%K%P
「それがいわゆる……その、たま、っていうか」%K%P
「あっ……ああ、そっか、これが……」%K%P
「あっ……ああ、そっか、これが……」%K%P
僕の言葉を聞いて、綾香さんの指の動きが、さらに優しく、丁寧になった。%K%P
僕の言葉を聞いて、綾香さんの指の動きが、さらに優しく、丁寧になった。%K%P
「あそこはもう、ガチガチなぐらい堅いのに……こっちは全然、柔らかいままなのね……」%K%P
「あそこはもう、ガチガチなぐらい堅いのに……こっちは全然、柔らかいままなのね……」%K%P
「そこは勃起したりしないから……」%K%P
「そこは勃起したりしないから……」%K%P
「んっ、う、うん……」%K%P
「んっ、う、うん……」%K%P
女装してるのに、自分の身体で男の子にまつわる保健体育を教えているような、この感じ。%K%P
女装してるのに、自分の身体で男の子にまつわる保健体育を教えているような、この感じ。%K%P
それがなんとも言えなくて、何度も唾液を飲んだ。%K%P
それがなんとも言えなくて、何度も唾液を飲んだ。%K%P
「あの、いずみさん？　男の人のあそこって汗をかくの？」%K%P
「あの、いずみさん？　男の人のあそこって汗をかくの？」%K%P
「なんだか、少しずつ濡れてきてるけど……」%K%P
「なんだか、少しずつ濡れてきてるけど……」%K%P
「あっ、あ、それは、えと……」%K%P
「あっ、あ、それは、えと……」%K%P
「感じると、あそこから勝手に出ちゃうおつゆみたいなのがあるんだけど……」%K%P
「感じると、あそこから勝手に出ちゃうおつゆみたいなのがあるんだけど……」%K%P
聞かれたら答えないわけにはいかないんだけど、説明するのも恥ずかしい。%K%P
聞かれたら答えないわけにはいかないんだけど、説明するのも恥ずかしい。%K%P
「それって……その、せ、精子、ってこと……？」%K%P
「それって……その、せ、精子、ってこと……？」%K%P
「ううん、じゃなくて……これは、えっと……」%K%P
「ううん、じゃなくて……これは、えっと……」%K%P
「女性に挿入しやすくするために出るほうで、カウパー、って言うんだけど……」%K%P
「女性に挿入しやすくするために出るほうで、カウパー、って言うんだけど……」%K%P
「そ、挿入っ……」%K%P
「そ、挿入っ……」%K%P
伝えた瞬間、綾香さんが咽を鳴らす。%K%P
伝えた瞬間、綾香さんが咽を鳴らす。%K%P
「っと……その、つまり、いずみさんはいま、すごく気持ち良い、ってことでいいのよね……？」%K%P
「っと……その、つまり、いずみさんはいま、すごく気持ち良い、ってことでいいのよね……？」%K%P
「うっ、うん……」%K%P
「うっ、うん……」%K%P
綾香さんの反応を見て、説明したこっちのほうまで頭が沸騰してしまう。%K%P
綾香さんの反応を見て、説明したこっちのほうまで頭が沸騰してしまう。%K%P
「そっ、それなら、このおつゆがもっと出るように、たくさん、しごかなくちゃっ……」%K%P
「そっ、それなら、このおつゆがもっと出るように、たくさん、しごかなくちゃっ……」%K%P
照れを誤魔化すように呟いた綾香さんの手が、少しずつ、触れる範囲を大きくしていく。%K%P
照れを誤魔化すように呟いた綾香さんの手が、少しずつ、触れる範囲を大きくしていく。%K%P
「ひとつ、聞くけど……このカウパーは、拭かない方がいいのよね？」%K%P
「ひとつ、聞くけど……このカウパーは、拭かない方がいいのよね？」%K%P
「むしろ、それを使ってしごいてもらえると……」%K%P
「むしろ、それを使ってしごいてもらえると……」%K%P
お願いしようか迷ったけど、思い切って伝える。%K%P
お願いしようか迷ったけど、思い切って伝える。%K%P
「それなら、っと……」%K%P
「それなら、っと……」%K%P
綾香さんは手の平を滑らせると、亀頭を指で優しく撫でて、我慢汁を絡めていく。%K%P
綾香さんは手の平を滑らせると、亀頭を指で優しく撫でて、我慢汁を絡めていく。%K%P
「手が滑るようになったから、そのぶん、少し力を強めに……ぎゅ、ぎゅっと……」%K%P
「手が滑るようになったから、そのぶん、少し力を強めに……ぎゅ、ぎゅっと……」%K%P
「んっ……と、このぐらいのほうが、たぶん気持ち良いと思うんだけど……どう？」%K%P
「んっ……と、このぐらいのほうが、たぶん気持ち良いと思うんだけど……どう？」%K%P
「んっ……うん、気持ちいいっ……」%K%P
「んっ……うん、気持ちいいっ……」%K%P
さっきから頷いてばかりだけど、そのたびに、綾香さんの手は僕好みの愛撫に近づいていく。%K%P
さっきから頷いてばかりだけど、そのたびに、綾香さんの手は僕好みの愛撫に近づいていく。%K%P
優しくて丁寧な動きは、カウパーによって密度がまして、手の平や指が竿全体に絡みついてきた。%K%P
優しくて丁寧な動きは、カウパーによって密度がまして、手の平や指が竿全体に絡みついてきた。%K%P
「あっ……はぁっ、んんっ……」%K%P
「あっ……はぁっ、んんっ……」%K%P
「んっ……いずみさん、根本から先っぽの方に、ぐいってされるの、好き……？」%K%P
「んっ……いずみさん、根本から先っぽの方に、ぐいってされるの、好き……？」%K%P
「えっ……？」%K%P
「えっ……？」%K%P
「だって、今までで一番ぶるるって……あそこ、気持ち良さそうに震えたから……」%K%P
「だって、今までで一番ぶるるって……あそこ、気持ち良さそうに震えたから……」%K%P
「だから……もっと上下に手を動かして、しこしこって、しごいたほうが、きっと――」%K%P
「だから……もっと上下に手を動かして、しこしこって、しごいたほうが、きっと――」%K%P
「ひゃっ、はあッ……」%K%P
「ひゃっ、はあッ……」%K%P
扱かれれば扱かれるほど快感は強くなり、いよいよ竿の根本や玉袋が熱くなってきた。%K%P
扱かれれば扱かれるほど快感は強くなり、いよいよ竿の根本や玉袋が熱くなってきた。%K%P
「あっ、あの……僕、そろそろ……」%K%P
「あっ、あの……僕、そろそろ……」%K%P
もじもじと腰を揺すりながら告げる自分が、まるでトイレに行きたがる子供のようで恥ずかしい。%K%P
もじもじと腰を揺すりながら告げる自分が、まるでトイレに行きたがる子供のようで恥ずかしい。%K%P
「そろそろ、って……あっ……ああ、うん」%K%P
「そろそろ、って……あっ……ああ、うん」%K%P
「……それならいずみさん、このまま出して？」%K%P
「……それならいずみさん、このまま出して？」%K%P
「えっ……？　え、で、でも」%K%P
「えっ……？　え、で、でも」%K%P
「いいから、わたしに構わず……ね？」%K%P
「いいから、わたしに構わず……ね？」%K%P
「出されるのがイヤだったら、そもそも、さわらせて欲しい、なんて言わないもの」%K%P
「出されるのがイヤだったら、そもそも、さわらせて欲しい、なんて言わないもの」%K%P
「だから……射精するところ、わたしに見せて」%K%P
「だから……射精するところ、わたしに見せて」%K%P
ギリギリのところでブレーキを踏んでいたのに、優しい声で促されると耐えられない。%K%P
ギリギリのところでブレーキを踏んでいたのに、優しい声で促されると耐えられない。%K%P
「迷ってるようなら、出したくなるように、もっといっぱい、ぎゅっとして……しこしこ、って……」%K%P
「迷ってるようなら、出したくなるように、もっといっぱい、ぎゅっとして……しこしこ、って……」%K%P
「あっ……綾香さん、イッちゃうっ……」%K%P
「あっ……綾香さん、イッちゃうっ……」%K%P
イクところを見られる恥ずかしさと、股間から流れ込んでくる快感で、頭がどんどん白くなる。%K%P
イクところを見られる恥ずかしさと、股間から流れ込んでくる快感で、頭がどんどん白くなる。%K%P
まるでその白さが逆流するかのように、ペニスがどんどん熱くなった。%K%P
まるでその白さが逆流するかのように、ペニスがどんどん熱くなった。%K%P
「あっ、ああっ……すごい、びくんびくん、こんなに動いて……んっ、んんっ」%K%P
「あっ、ああっ……すごい、びくんびくん、こんなに動いて……んっ、んんっ」%K%P
「いずみさん、出そう？　出ちゃいそう？」%K%P
「いずみさん、出そう？　出ちゃいそう？」%K%P
「うんっ、んっ……んンッ」%K%P
「うんっ、んっ……んンッ」%K%P
「なら、このまま……んっ、しょっ……遠慮しないで、出して？　ね？　出して？」%K%P
「なら、このまま……んっ、しょっ……遠慮しないで、出して？　ね？　出して？」%K%P
「んっ……いずみさんお願い、わたしに、わたしにいずみさんのを、たくさんっ……んんっ」%K%P
「んっ……いずみさんお願い、わたしに、わたしにいずみさんのを、たくさんっ……んんっ」%K%P
「んっ……あっ、すごい、びゅびゅって……勢いよく、熱いのがっ……はっ、あぁ……」%K%P
「んっ……あっ、すごい、びゅびゅって……勢いよく、熱いのがっ……はっ、あぁ……」%K%P
「あっ、あぁ……まだ、出て……びゅくって震えるたび、先の方から、とろとろ垂れてくる……」%K%P
「あっ、あぁ……まだ、出て……びゅくって震えるたび、先の方から、とろとろ垂れてくる……」%K%P
「はぁ、んっ……はぁ……」%K%P
「はぁ、んっ……はぁ……」%K%P
射精の瞬間、思わず腰を持ち上げそうになり、恥ずかしくてそれを必死に堪えた。%K%P
射精の瞬間、思わず腰を持ち上げそうになり、恥ずかしくてそれを必死に堪えた。%K%P
そのせいか、綾香さんの手の中でペニスが大きく暴れて、精子があちこちに飛び散ってしまった。%K%P
そのせいか、綾香さんの手の中でペニスが大きく暴れて、精子があちこちに飛び散ってしまった。%K%P
「……いずみさん、気持ち良かった……？」%K%P
「……いずみさん、気持ち良かった……？」%K%P
「そう。なら、良かった……」%K%P
「そう。なら、良かった……」%K%P
「……でも、射精する瞬間のいずみさん、可愛い顔をするんだもの。すごくドキドキしちゃった」%K%P
「……でも、射精する瞬間のいずみさん、可愛い顔をするんだもの。すごくドキドキしちゃった」%K%P
自分が射精する瞬間の顔なんて見たことがないから、そう言われても反応に困ってしまう。%K%P
自分が射精する瞬間の顔なんて見たことがないから、そう言われても反応に困ってしまう。%K%P
でも、僕の感じた快感の強さは、溢れ出た精子の量や濃さが、何よりも証明している。%K%P
でも、僕の感じた快感の強さは、溢れ出た精子の量や濃さが、何よりも証明している。%K%P
「こんなに出ちゃったんだ……」%K%P
「こんなに出ちゃったんだ……」%K%P
改めて見て、その量に自分でも驚く。%K%P
改めて見て、その量に自分でも驚く。%K%P
自慰をしたことはあるけど、こんなにたくさん出したことなんて、少なくとも記憶にない。%K%P
自慰をしたことはあるけど、こんなにたくさん出したことなんて、少なくとも記憶にない。%K%P
ずっと処理する機会がなかったから、溜まってたのかもしれないけど……それにしても、すごい……。%K%P
ずっと処理する機会がなかったから、溜まってたのかもしれないけど……それにしても、すごい……。%K%P
「いずみさんの、白くてとろってしてる……」%K%P
「いずみさんの、白くてとろってしてる……」%K%P
「あ、あんまりいじらないほうが……」%K%P
「あ、あんまりいじらないほうが……」%K%P
「どうして？」%K%P
「どうして？」%K%P
「だって匂いがついちゃうし……」%K%P
「だって匂いがついちゃうし……」%K%P
「さっき言ったでしょう？　わたし、いずみさんの匂いが好き、って」%K%P
「さっき言ったでしょう？　わたし、いずみさんの匂いが好き、って」%K%P
「だから、この匂いも……好きになれると思う」%K%P
「だから、この匂いも……好きになれると思う」%K%P
手についた精子の感触を指で確かめる綾香さんが、なんだかすごく卑猥に見えて困ってしまう。%K%P
手についた精子の感触を指で確かめる綾香さんが、なんだかすごく卑猥に見えて困ってしまう。%K%P
でも、彼女の手についているのは間違いなく僕の精子で、それを射精させたのは、綾香さん自身で。%K%P
でも、彼女の手についているのは間違いなく僕の精子で、それを射精させたのは、綾香さん自身で。%K%P
それはわかっているのに……目の前の光景は、なんだか夢のように感じられた。%K%P
それはわかっているのに……目の前の光景は、なんだか夢のように感じられた。%K%P
「……ねえ、いずみさん。今度は、わたしにも触れて、っていったら……してくれる？」%K%P
「……ねえ、いずみさん。今度は、わたしにも触れて、っていったら……してくれる？」%K%P
「いずみさんが気持ち良くなる姿を見ていたら、なんだか、わたしもドキドキしてきて……」%K%P
「いずみさんが気持ち良くなる姿を見ていたら、なんだか、わたしもドキドキしてきて……」%K%P
「だから……ね？　このまま、して……？」%K%P
「だから……ね？　このまま、して……？」%K%P
僕の頬に、綾香さんがそっとキスをする。%K%P
僕の頬に、綾香さんがそっとキスをする。%K%P
「お願い、いずみさん……」%K%P
「お願い、いずみさん……」%K%P
唇はそのまま頬から耳元へ滑っていき、僕の耳朶を振るわせるように、そっと囁く声。%K%P
唇はそのまま頬から耳元へ滑っていき、僕の耳朶を振るわせるように、そっと囁く声。%K%P
鼓膜を溶かすような熱い声音に、射精したばかりの身体がびくっと反応する。%K%P
鼓膜を溶かすような熱い声音に、射精したばかりの身体がびくっと反応する。%K%P
大好きな女の子のお願いを断れるはずもなく、僕はどうにか身体を起こすと、あらためて綾香さんを抱きしめた。%K%P
大好きな女の子のお願いを断れるはずもなく、僕はどうにか身体を起こすと、あらためて綾香さんを抱きしめた。%K%P
「はっ、あぁっ……」%K%P
「はっ、あぁっ……」%K%P
横になった綾香さんが、小さく吐息を漏らす。%K%P
横になった綾香さんが、小さく吐息を漏らす。%K%P
「綾香さんも、色っぽい声してる……」%K%P
「綾香さんも、色っぽい声してる……」%K%P
「んっ……もう、いずみさんのいじわるっ……」%K%P
「んっ……もう、いずみさんのいじわるっ……」%K%P
さっきの台詞をそのままお返しすると、綾香さんが唇を尖らせ、頬を赤らめた。%K%P
さっきの台詞をそのままお返しすると、綾香さんが唇を尖らせ、頬を赤らめた。%K%P
そんな拗ねる仕草ひとつとっても可愛くて、すぐにでも抱きつきたい気持ちをぐっと堪える。%K%P
そんな拗ねる仕草ひとつとっても可愛くて、すぐにでも抱きつきたい気持ちをぐっと堪える。%K%P
「だって、かるく擦れただけなのに……あそこ、きゅうって、浮き上がるような感じがして……」%K%P
「だって、かるく擦れただけなのに……あそこ、きゅうって、浮き上がるような感じがして……」%K%P
「気持ち良い、ってことでしょ？」%K%P
「気持ち良い、ってことでしょ？」%K%P
頷く綾香さんの秘所はすでに濡れていて、僕を欲しがる言葉に嘘がないことを教えてくれる。%K%P
頷く綾香さんの秘所はすでに濡れていて、僕を欲しがる言葉に嘘がないことを教えてくれる。%K%P
「その……こういうことを言うと、エッチな子だと思われるかもしれないけど……」%K%P
「その……こういうことを言うと、エッチな子だと思われるかもしれないけど……」%K%P
「最初にキスをしたときから、ずっとずっと……身体、熱くなっていたのよ……？」%K%P
「最初にキスをしたときから、ずっとずっと……身体、熱くなっていたのよ……？」%K%P
「じゃあ、僕のあそこをさわってる間も……？」%K%P
「じゃあ、僕のあそこをさわってる間も……？」%K%P
「だから、ね？　いずみさんを、ちょうだい？」%K%P
「だから、ね？　いずみさんを、ちょうだい？」%K%P
そう告げて、綾香さんが僕に身を委ねる。%K%P
そう告げて、綾香さんが僕に身を委ねる。%K%P
すでに剥き出しの状態で擦れあっている秘部は、僕よりも綾香さんのほうが熱いぐらいだ。%K%P
すでに剥き出しの状態で擦れあっている秘部は、僕よりも綾香さんのほうが熱いぐらいだ。%K%P
「じゃあ、いくよ……？」%K%P
「じゃあ、いくよ……？」%K%P
あまりかしこまっても緊張するだけな気がして、なるべく自然に声を掛け、腰に力を込める。%K%P
あまりかしこまっても緊張するだけな気がして、なるべく自然に声を掛け、腰に力を込める。%K%P
「んっ、ぐっ……」%K%P
「んっ、ぐっ……」%K%P
割れ目に添わせた亀頭を上下に滑らせて、ゆっくりと入口を広げていく。%K%P
割れ目に添わせた亀頭を上下に滑らせて、ゆっくりと入口を広げていく。%K%P
とにかく、焦ってしまわないように。%K%P
とにかく、焦ってしまわないように。%K%P
お互い初めて同士、タイミングや加減がわからないけれど、その分、安心感のようなものもあった。%K%P
お互い初めて同士、タイミングや加減がわからないけれど、その分、安心感のようなものもあった。%K%P
綾香さんとなら、どんなことでも出来そうな――――そんな心強さが、僕の背中を押してくれる。%K%P
綾香さんとなら、どんなことでも出来そうな――――そんな心強さが、僕の背中を押してくれる。%K%P
「はっ、ぐっ……んぅンッ……！」%K%P
「はっ、ぐっ……んぅンッ……！」%K%P
踏み込むようにして滑り込んだ亀頭が、ぎゅっと強い圧に抱きしめられる。%K%P
踏み込むようにして滑り込んだ亀頭が、ぎゅっと強い圧に抱きしめられる。%K%P
「いずみさっ……はっ、ああっ！」%K%P
「いずみさっ……はっ、ああっ！」%K%P
「んっ……！」%K%P
「んっ……！」%K%P
「はッ……んんっ……！」%K%P
「はッ……んんっ……！」%K%P
腰の力だけでは心許なくて、ほんの少し体重をかけたら、綾香さんの身体がびくっと跳ねた。%K%P
腰の力だけでは心許なくて、ほんの少し体重をかけたら、綾香さんの身体がびくっと跳ねた。%K%P
竿をつたって微かに赤い印が垂れてきて、自分が綾香さんの初めてを貫いたことを知る。%K%P
竿をつたって微かに赤い印が垂れてきて、自分が綾香さんの初めてを貫いたことを知る。%K%P
「はあっ、あっ、あっ……おねがい、そのままもっとっ……奥まで、もっとっ……！」%K%P
「はあっ、あっ、あっ……おねがい、そのままもっとっ……奥まで、もっとっ……！」%K%P
綾香さんの言葉とは裏腹に、狭い膣内は侵入を拒むように、ペニスにぎゅっと圧をかけてくる。%K%P
綾香さんの言葉とは裏腹に、狭い膣内は侵入を拒むように、ペニスにぎゅっと圧をかけてくる。%K%P
それに負けないよう、少しずつ、労るようにして、綾香さんの中に竿を沈めていった。%K%P
それに負けないよう、少しずつ、労るようにして、綾香さんの中に竿を沈めていった。%K%P
「はっ、ああっ……んっ、ぐっ……すごい、わたしの中に、いずみさんがっ……」%K%P
「はっ、ああっ……んっ、ぐっ……すごい、わたしの中に、いずみさんがっ……」%K%P
「もう少しで、全部っ……」%K%P
「もう少しで、全部っ……」%K%P
初めて体感する女の子の膣内は、熱くてキツくて、それ以上に滑らかで柔らかい。%K%P
初めて体感する女の子の膣内は、熱くてキツくて、それ以上に滑らかで柔らかい。%K%P
包み込むような感触に揉みくちゃにされながら、それでも懸命に、綾香さんの奥を目指した。%K%P
包み込むような感触に揉みくちゃにされながら、それでも懸命に、綾香さんの奥を目指した。%K%P
「んっ、いずみさんっ……はっ、ああっ」%K%P
「んっ、いずみさんっ……はっ、ああっ」%K%P
吐息とともに震える綾香さんの身体は、うっすらと汗ばんでいて、なによりも熱い。%K%P
吐息とともに震える綾香さんの身体は、うっすらと汗ばんでいて、なによりも熱い。%K%P
それに引き寄せられるように腰を沈めていくと、ついに僕のすべてが、綾香さんの中に収まった。%K%P
それに引き寄せられるように腰を沈めていくと、ついに僕のすべてが、綾香さんの中に収まった。%K%P
「あぁ……ホントに、全部入っちゃった……」%K%P
「あぁ……ホントに、全部入っちゃった……」%K%P
「んっ……はっ、ほんとに、ぜんぶっ……」%K%P
「んっ……はっ、ほんとに、ぜんぶっ……」%K%P
勃起した自分のペニスが、先端から根本まで、感じた事のない圧迫感に覆われている。%K%P
勃起した自分のペニスが、先端から根本まで、感じた事のない圧迫感に覆われている。%K%P
「綾香さん、痛くない……？」%K%P
「綾香さん、痛くない……？」%K%P
本当はもっと早く聞くべきだったのに、挿入することに懸命で、気を配るのが遅れた。%K%P
本当はもっと早く聞くべきだったのに、挿入することに懸命で、気を配るのが遅れた。%K%P
「んっ……さすがに、ちょっとっ……」%K%P
「んっ……さすがに、ちょっとっ……」%K%P
「でも、へいきっ……。だって、自分から望んで、いずみさんを受け入れたんだものっ……」%K%P
「でも、へいきっ……。だって、自分から望んで、いずみさんを受け入れたんだものっ……」%K%P
「だからいま、痛みよりも嬉しさがいっぱいで……そのせいで、どうにかなっちゃいそうっ……」%K%P
「だからいま、痛みよりも嬉しさがいっぱいで……そのせいで、どうにかなっちゃいそうっ……」%K%P
少し眉を寄せた表情を見るに、綾香さんが痛みを堪えていることは間違いない。%K%P
少し眉を寄せた表情を見るに、綾香さんが痛みを堪えていることは間違いない。%K%P
それでも、そんなことを言ってくれる綾香さんが、本当に愛しくてたまらなかった。%K%P
それでも、そんなことを言ってくれる綾香さんが、本当に愛しくてたまらなかった。%K%P
「その言葉で、僕もどうにかなっちゃいそう……」%K%P
「その言葉で、僕もどうにかなっちゃいそう……」%K%P
「んっ……それならいずみさん、ふたりで一緒に、どうにかなりましょっ……？」%K%P
「んっ……それならいずみさん、ふたりで一緒に、どうにかなりましょっ……？」%K%P
「ぅんっ……！」%K%P
「ぅんっ……！」%K%P
頷くと同時に腰を動かすと、火照った膣内で、僕の竿がにゅぷにゅぷと音を立てる。%K%P
頷くと同時に腰を動かすと、火照った膣内で、僕の竿がにゅぷにゅぷと音を立てる。%K%P
僕だけじゃなく綾香さんも濡れているから、思いの外、息子をしっかりと挿抜できた。%K%P
僕だけじゃなく綾香さんも濡れているから、思いの外、息子をしっかりと挿抜できた。%K%P
「はっ、ああっ……んっ、ぐっ……はあっ」%K%P
「はっ、ああっ……んっ、ぐっ……はあっ」%K%P
「いずみさん、もう少しだけ、ゆっくりっ……」%K%P
「いずみさん、もう少しだけ、ゆっくりっ……」%K%P
「あっ、ごめんっ……」%K%P
「あっ、ごめんっ……」%K%P
焦ってしまう気持ちを綾香さんの声で戒めつつ、２人にとってベストなリズムを探していく。%K%P
焦ってしまう気持ちを綾香さんの声で戒めつつ、２人にとってベストなリズムを探していく。%K%P
健気な綾香さんのためにも、不慣れなりに、僕にできることがあれば、それを全力でしてあげたい。%K%P
健気な綾香さんのためにも、不慣れなりに、僕にできることがあれば、それを全力でしてあげたい。%K%P
「はぁ、あっ……んっ、んんっ……あっ、そう、いまの、もっとっ……ああっ」%K%P
「はぁ、あっ……んっ、んんっ……あっ、そう、いまの、もっとっ……ああっ」%K%P
「いまの、って……綾香さん、このぐらい……？」%K%P
「いまの、って……綾香さん、このぐらい……？」%K%P
「うんっ……これ、いずみさん、これ、もっといっぱい、ちょうだいっ……」%K%P
「うんっ……これ、いずみさん、これ、もっといっぱい、ちょうだいっ……」%K%P
「じゃあ、このままっ……」%K%P
「じゃあ、このままっ……」%K%P
揺りかごを揺らすようにゆっくりと、綾香さんの身体と僕の身体のゆらぎを重ねていく。%K%P
揺りかごを揺らすようにゆっくりと、綾香さんの身体と僕の身体のゆらぎを重ねていく。%K%P
お互いの身体を調律していくような工程は、心地良さもあって、自然と没頭してしまう。%K%P
お互いの身体を調律していくような工程は、心地良さもあって、自然と没頭してしまう。%K%P
「ねえ、いずみさんは……？　いずみさんも、ちゃんと気持ちいいっ……？」%K%P
「ねえ、いずみさんは……？　いずみさんも、ちゃんと気持ちいいっ……？」%K%P
「うん、すっごくっ……」%K%P
「うん、すっごくっ……」%K%P
「だから、自分を抑えるのが大変かもっ……」%K%P
「だから、自分を抑えるのが大変かもっ……」%K%P
それが本能なのかわからないけど、快感が増すほどに、腰が激しく動きたいとせがんでくる。%K%P
それが本能なのかわからないけど、快感が増すほどに、腰が激しく動きたいとせがんでくる。%K%P
「それなら、もっと激しくしてもっ……」%K%P
「それなら、もっと激しくしてもっ……」%K%P
「でも、やりすぎると綾香さんに負担が……」%K%P
「でも、やりすぎると綾香さんに負担が……」%K%P
「大丈夫よ、いずみさんが気持ち良いなら、わたしも一緒に気持ちよくなれるからっ……」%K%P
「大丈夫よ、いずみさんが気持ち良いなら、わたしも一緒に気持ちよくなれるからっ……」%K%P
「だってわたし、いずみさんのことが好きで好きで、大好きだものっ……」%K%P
「だってわたし、いずみさんのことが好きで好きで、大好きだものっ……」%K%P
快感に滲む声と潤んだ瞳が、僕を促す。%K%P
快感に滲む声と潤んだ瞳が、僕を促す。%K%P
許しをもらったことで我慢はあっさりと限界を迎えて、腰が一気にスライドした。%K%P
許しをもらったことで我慢はあっさりと限界を迎えて、腰が一気にスライドした。%K%P
「ぐっ、あっ、はあッ……！」%K%P
「ぐっ、あっ、はあッ……！」%K%P
直後、綾香さんが一段と大きくのけぞる。%K%P
直後、綾香さんが一段と大きくのけぞる。%K%P
その身体を支えるようにして寄り添いながら、さらに強く、腰をぐっと押し込んで――――、%K%P
その身体を支えるようにして寄り添いながら、さらに強く、腰をぐっと押し込んで――――、%K%P
「んんっ……！」%K%P
「んんっ……！」%K%P
「はっ、ああっ……やっ、ふぅッ、くっ……！」%K%P
「はっ、ああっ……やっ、ふぅッ、くっ……！」%K%P
「あっ、すごいっ……わたしの中で、いずみさんのが、さらにおっきくっ……」%K%P
「あっ、すごいっ……わたしの中で、いずみさんのが、さらにおっきくっ……」%K%P
「はっ、ああっ……そんなしちゃっ、わたし、わたしっ……ふあっ、はあっ、あああッ……」%K%P
「はっ、ああっ……そんなしちゃっ、わたし、わたしっ……ふあっ、はあっ、あああッ……」%K%P
「綾香さん、これ、すごいっ……」%K%P
「綾香さん、これ、すごいっ……」%K%P
「うんっ、わたしも、これ、おかしくっ……はっ、ああっ、や、いずみさっ……はあッ」%K%P
「うんっ、わたしも、これ、おかしくっ……はっ、ああっ、や、いずみさっ……はあッ」%K%P
ただペニスを挿抜させるだけじゃなくて、ぎりぎりまで腰を寄せた後、さらにその奥へと送り込む。%K%P
ただペニスを挿抜させるだけじゃなくて、ぎりぎりまで腰を寄せた後、さらにその奥へと送り込む。%K%P
「やっ、はあっ、あっ……やっ、きもちぃっ……ひぐっ、ぐっ、やっ、ああっ、はあっ」%K%P
「やっ、はあっ、あっ……やっ、きもちぃっ……ひぐっ、ぐっ、やっ、ああっ、はあっ」%K%P
「こんなのだめっ、ほんとにっ……はっ、わたしの奥に、いずみさんが届いちゃうっ……！」%K%P
「こんなのだめっ、ほんとにっ……はっ、わたしの奥に、いずみさんが届いちゃうっ……！」%K%P
綾香さんの声を聞きながら腰を振るだけで、かつてない快感が全身を満たしていく。%K%P
綾香さんの声を聞きながら腰を振るだけで、かつてない快感が全身を満たしていく。%K%P
その心地良さはいくらあっても足りなくて、だからもっと欲しくて、綾香さんに身体を寄せた。%K%P
その心地良さはいくらあっても足りなくて、だからもっと欲しくて、綾香さんに身体を寄せた。%K%P
「はっ、ぐっ……はあっ、やっ、そんなしちゃ、わたし、わたしっ……ああッ」%K%P
「はっ、ぐっ……はあっ、やっ、そんなしちゃ、わたし、わたしっ……ああッ」%K%P
聞こえる声はより甘く、耳が溶けてしまいそうで。%K%P
聞こえる声はより甘く、耳が溶けてしまいそうで。%K%P
いっそ溶けるなら全身溶けて、綾香さんを包み込みたい――――なんてことを、ぼんやり考えてしまう。%K%P
いっそ溶けるなら全身溶けて、綾香さんを包み込みたい――――なんてことを、ぼんやり考えてしまう。%K%P
「綾香さん、僕、僕もうっ……」%K%P
「綾香さん、僕、僕もうっ……」%K%P
「わたしも、これ、こんなの耐えられないっ」%K%P
「わたしも、これ、こんなの耐えられないっ」%K%P
「こんなに奥までこられたら、ほんとにっ……はっ、ああっ、いずみさん、わたし、もうだめぇッ」%K%P
「こんなに奥までこられたら、ほんとにっ……はっ、ああっ、いずみさん、わたし、もうだめぇッ」%K%P
綾香さんが身をよじると、それに合わせて膣が締まり、息子がぎゅうっと抱きしめられた。%K%P
綾香さんが身をよじると、それに合わせて膣が締まり、息子がぎゅうっと抱きしめられた。%K%P
その締め付けが決定打になって、竿の根本から、熱い塊が一気に吹き上がる。%K%P
その締め付けが決定打になって、竿の根本から、熱い塊が一気に吹き上がる。%K%P
「綾香さん、イク、イッちゃうっ……！」%K%P
「綾香さん、イク、イッちゃうっ……！」%K%P
「んっ、わたしも、もうっ……くる、きちゃうから、このまま一緒にっ……！」%K%P
「んっ、わたしも、もうっ……くる、きちゃうから、このまま一緒にっ……！」%K%P
「お願い、このまま出してっ、わたしにいっぱい、いずみさんのちょうだいっ……！」%K%P
「お願い、このまま出してっ、わたしにいっぱい、いずみさんのちょうだいっ……！」%K%P
「はっ、ああっ……くっ、はぁああッ……！！」%K%P
「はっ、ああっ……くっ、はぁああッ……！！」%K%P
「はっ、はあッ……んっ、んぅんんッ……はぁっ、あっ、ああっ……ひくっ、んっ……」%K%P
「はっ、はあッ……んっ、んぅんんッ……はぁっ、あっ、ああっ……ひくっ、んっ……」%K%P
「あっ、はぁっ……いずみさんの精子が、わたしの中いっぱい、びゅくくって……んんッ！」%K%P
「あっ、はぁっ……いずみさんの精子が、わたしの中いっぱい、びゅくくって……んんッ！」%K%P
精子が放たれる震えによって腰が何度も押し込まれ、そのたびに綾香さんが声を漏らす。%K%P
精子が放たれる震えによって腰が何度も押し込まれ、そのたびに綾香さんが声を漏らす。%K%P
手で扱かれて射精したときよりも、その快感は遥かに強く、なによりも長かった。%K%P
手で扱かれて射精したときよりも、その快感は遥かに強く、なによりも長かった。%K%P
「ふっ、はあっ……あ、ああっ……やっ、まだ、あついの、あついのが、中に、いっぱいッ……」%K%P
「ふっ、はあっ……あ、ああっ……やっ、まだ、あついの、あついのが、中に、いっぱいッ……」%K%P
「はぁ……あぁ、いずみさん、すごく熱い……」%K%P
「はぁ……あぁ、いずみさん、すごく熱い……」%K%P
「ん……綾香さんも、すっごく熱いよ……」%K%P
「ん……綾香さんも、すっごく熱いよ……」%K%P
秘所に挿入した息子だけじゃなく、触れ合わせた肌も、こぼれる吐息も、流れる汗も。%K%P
秘所に挿入した息子だけじゃなく、触れ合わせた肌も、こぼれる吐息も、流れる汗も。%K%P
そのすべてが混ざり合うような熱気に、ただただ、頭の中が真っ白になっていく。%K%P
そのすべてが混ざり合うような熱気に、ただただ、頭の中が真っ白になっていく。%K%P
「身も心もひとつになるって……きっと、こういう感覚をいうのね……」%K%P
「身も心もひとつになるって……きっと、こういう感覚をいうのね……」%K%P
「うん……」%K%P
「うん……」%K%P
初めてのエッチの感想が同じだったことが嬉しくて、思わず綾香さんに身体を寄せる。%K%P
初めてのエッチの感想が同じだったことが嬉しくて、思わず綾香さんに身体を寄せる。%K%P
「んッ……い、いずみさん、あまり動かれると、わたし、まだ……」%K%P
「んッ……い、いずみさん、あまり動かれると、わたし、まだ……」%K%P
「あっ、そ、そっか。ごめん、今すぐ……」%K%P
「あっ、そ、そっか。ごめん、今すぐ……」%K%P
出来るだけそっとペニスを引き抜くと、綾香さんの膣口から、僕の精子がとろりと垂れた。%K%P
出来るだけそっとペニスを引き抜くと、綾香さんの膣口から、僕の精子がとろりと垂れた。%K%P
その色が真っ白じゃなく、赤が混じっていることに気付いて、改めて、初めてだったと実感してしまう。%K%P
その色が真っ白じゃなく、赤が混じっていることに気付いて、改めて、初めてだったと実感してしまう。%K%P
「……こんなに大きいのが入ってたなんて、まだ、信じられないけど……」%K%P
「……こんなに大きいのが入ってたなんて、まだ、信じられないけど……」%K%P
「……でも、本当にひとつになったのよね？」%K%P
「……でも、本当にひとつになったのよね？」%K%P
まだ少しぼんやりとした口調で問い掛けてくる綾香さんに、しっかりと頷く。%K%P
まだ少しぼんやりとした口調で問い掛けてくる綾香さんに、しっかりと頷く。%K%P
「いずみさんのあそこが奥に入ってくるほど、痛みと快感が混ざって、頭が、真っ白くなって……」%K%P
「いずみさんのあそこが奥に入ってくるほど、痛みと快感が混ざって、頭が、真っ白くなって……」%K%P
「わたし、身体の内側をこんなに意識したの、生まれて初めて……」%K%P
「わたし、身体の内側をこんなに意識したの、生まれて初めて……」%K%P
綾香さんの腕が、すがりつくように僕を求める。%K%P
綾香さんの腕が、すがりつくように僕を求める。%K%P
「いずみさん、大好き……」%K%P
「いずみさん、大好き……」%K%P
「僕も……大好きだよ、綾香さん」%K%P
「僕も……大好きだよ、綾香さん」%K%P
何度聞いても、何度口にしても、好きという言葉の心地良さが変わることはない。%K%P
何度聞いても、何度口にしても、好きという言葉の心地良さが変わることはない。%K%P
気持ち良すぎることを、夢心地、なんて言うけれど、初めてのエッチは、まさしくその言葉通りで。%K%P
気持ち良すぎることを、夢心地、なんて言うけれど、初めてのエッチは、まさしくその言葉通りで。%K%P
好きな人と肌を合わせる時間は、かつて経験したことのない、とても甘美な時間だった。%K%P
好きな人と肌を合わせる時間は、かつて経験したことのない、とても甘美な時間だった。%K%P
エッチが終わったあとも、僕はずっと綾香さんのベッドで横になっていた。%K%P
エッチが終わったあとも、僕はずっと綾香さんのベッドで横になっていた。%K%P
お風呂に入ったり、着替えようとも思ったんだけど……結局は、ベッドから動けずにそのまま。%K%P
お風呂に入ったり、着替えようとも思ったんだけど……結局は、ベッドから動けずにそのまま。%K%P
その理由は、とっても簡単で――――、%K%P
その理由は、とっても簡単で――――、%K%P
「はむっ……はぁ、んんっ……」%K%P
「はむっ……はぁ、んんっ……」%K%P
しがみつくように身体を寄せた綾香さんが、重ねた唇の隙間から、丁寧に舌を這わせてくる。%K%P
しがみつくように身体を寄せた綾香さんが、重ねた唇の隙間から、丁寧に舌を這わせてくる。%K%P
もっと気持ちいいキスがしたいと、エッチが終わってからも、綾香さんは僕を離してくれなかった。%K%P
もっと気持ちいいキスがしたいと、エッチが終わってからも、綾香さんは僕を離してくれなかった。%K%P
「んむっ……ふっ、はぁ……れるっ……」%K%P
「んむっ……ふっ、はぁ……れるっ……」%K%P
僕の唇を挟み込むように咥えてみたり、そのまま舌でなぞって、そっと噛んだり。%K%P
僕の唇を挟み込むように咥えてみたり、そのまま舌でなぞって、そっと噛んだり。%K%P
それに驚いてびくっとなった僕の舌を、軽く吸うようにして舌を絡めてきたり。%K%P
それに驚いてびくっとなった僕の舌を、軽く吸うようにして舌を絡めてきたり。%K%P
本当に、いろいろなことを試してくる。%K%P
本当に、いろいろなことを試してくる。%K%P
「……うん。いまのは、なかなかだったかも……」%K%P
「……うん。いまのは、なかなかだったかも……」%K%P
唇を離し、納得したように呟く。%K%P
唇を離し、納得したように呟く。%K%P
研究熱心というか、探究心旺盛というか、綾香さんは気持ち良いキスの追究に夢中らしい。%K%P
研究熱心というか、探究心旺盛というか、綾香さんは気持ち良いキスの追究に夢中らしい。%K%P
学業や運動の成績がトップクラスなのも、この集中力と向上心があればこそ……なんて考えてしまう。%K%P
学業や運動の成績がトップクラスなのも、この集中力と向上心があればこそ……なんて考えてしまう。%K%P
「いずみさん、もう１回していい？」%K%P
「いずみさん、もう１回していい？」%K%P
「いいけど、さすがに唇がふやけちゃうよ」%K%P
「いいけど、さすがに唇がふやけちゃうよ」%K%P
「じゃあ、最後にもう１回だけ。集大成」%K%P
「じゃあ、最後にもう１回だけ。集大成」%K%P
頷くと、綾香さんが唇を寄せてくる。%K%P
頷くと、綾香さんが唇を寄せてくる。%K%P
「はぁ……んっ、れるっ、ちゅっ、ちるるっ……」%K%P
「はぁ……んっ、れるっ、ちゅっ、ちるるっ……」%K%P
「ん、んんっ……はっ、んんっ」%K%P
「ん、んんっ……はっ、んんっ」%K%P
さすが集大成と言うだけあって、破壊力満点。%K%P
さすが集大成と言うだけあって、破壊力満点。%K%P
食べられてもおかしくないぐらい、それはもうじっくりと、舌を唇ではむはむされてしまった。%K%P
食べられてもおかしくないぐらい、それはもうじっくりと、舌を唇ではむはむされてしまった。%K%P
「……ありがと、いずみさん」%K%P
「……ありがと、いずみさん」%K%P
唇を離すと、綾香さんが満足げに微笑む。%K%P
唇を離すと、綾香さんが満足げに微笑む。%K%P
告白してキスをして、エッチをしてキスをして――――そして、眠る前にもキスをして。%K%P
告白してキスをして、エッチをしてキスをして――――そして、眠る前にもキスをして。%K%P
そして、明日もまた、綾香さんとキスをしたい。%K%P
そして、明日もまた、綾香さんとキスをしたい。%K%P
「じゃあ、そろそろ寝よっか……？」%K%P
「じゃあ、そろそろ寝よっか……？」%K%P
頷いた綾香さんが、さらに身体を寄せてくる。%K%P
頷いた綾香さんが、さらに身体を寄せてくる。%K%P
どちらから言い出したわけでもないけど、今夜、僕が綾香さんのベッドで寝るのは暗黙の了解だった。%K%P
どちらから言い出したわけでもないけど、今夜、僕が綾香さんのベッドで寝るのは暗黙の了解だった。%K%P
せっかく同じ部屋で暮らしているんだから、別々のベッドで眠るなんて、そんなのはもったいないし。%K%P
せっかく同じ部屋で暮らしているんだから、別々のベッドで眠るなんて、そんなのはもったいないし。%K%P
「……おやすみ、綾香さん」%K%P
「……おやすみ、綾香さん」%K%P
「うん、おやすみなさい」%K%P
「うん、おやすみなさい」%K%P
お互いの身体に触れ合い、見つめ合ったまま、ゆっくりと目蓋を閉じる。%K%P
お互いの身体に触れ合い、見つめ合ったまま、ゆっくりと目蓋を閉じる。%K%P
今日、最後に見たのは大好きな人の顔で――――明日、最初に見るのも、きっと大好きな人の顔。%K%P
今日、最後に見たのは大好きな人の顔で――――明日、最初に見るのも、きっと大好きな人の顔。%K%P
それがこの上ない幸せをくれたから、今日、あれだけ眠ったにもかかわらず、僕は再び、心地良い眠りへと落ちていった。%K%P
それがこの上ない幸せをくれたから、今日、あれだけ眠ったにもかかわらず、僕は再び、心地良い眠りへと落ちていった。%K%P
