一日の授業が終り、学園内が{喧噪:けんそう}に包まれる。%K%P
一日の授業が終り、学園内が{喧噪:けんそう}に包まれる。%K%P
「さてと、歌のレッスンしてこようかな」%K%P
「さてと、歌のレッスンしてこようかな」%K%P
アリアまでそれほど日があるわけではないし。当日にピークを持っていくために、調整をしておかないと。%K%P
アリアまでそれほど日があるわけではないし。当日にピークを持っていくために、調整をしておかないと。%K%P
午後の日差しが窓を通して差し込んでいる。なにげなくガラス越しに外を見る。%K%P
午後の日差しが窓を通して差し込んでいる。なにげなくガラス越しに外を見る。%K%P
「あ、あそこにいるのは……ことりちゃんだ。大きな荷物だな……なんだろう、あれ」%K%P
「あ、あそこにいるのは……ことりちゃんだ。大きな荷物だな……なんだろう、あれ」%K%P
そういえば……彼女と初めて出会ったときもあんな感じだったな。%K%P
そういえば……彼女と初めて出会ったときもあんな感じだったな。%K%P
立ち止まったままだし、とりあえず、行ってみよう。%K%P
立ち止まったままだし、とりあえず、行ってみよう。%K%P
「うぅ～ん。あぅ、ぜ、全然持ち上がらない……も、もう一回……うぅ～ん」%K%P
「うぅ～ん。あぅ、ぜ、全然持ち上がらない……も、もう一回……うぅ～ん」%K%P
「ことりちゃん、ごきげんよう。それはなにかな」%K%P
「ことりちゃん、ごきげんよう。それはなにかな」%K%P
「あっ、いずみ様ごきげんよう。えっと、これ、アーチェリーの練習に使う道具なんです、それで――」%K%P
「あっ、いずみ様ごきげんよう。えっと、これ、アーチェリーの練習に使う道具なんです、それで――」%K%P
聞くところによると、道具を保管場所に運ぼうとしていたらしい。%K%P
聞くところによると、道具を保管場所に運ぼうとしていたらしい。%K%P
矢とか、的などの消耗品が定期的に届けられるとか。%K%P
矢とか、的などの消耗品が定期的に届けられるとか。%K%P
「なるほど。うーん、結構いっぱいあるよね。一人で運んでいるの？」%K%P
「なるほど。うーん、結構いっぱいあるよね。一人で運んでいるの？」%K%P
「あ、いつもは……夕ちゃんと二人で運んでるんですけど」%K%P
「あ、いつもは……夕ちゃんと二人で運んでるんですけど」%K%P
そうだよね、これを一人でってのは大変そうだ……というか、夕陽ちゃんの姿が見えないな。%K%P
そうだよね、これを一人でってのは大変そうだ……というか、夕陽ちゃんの姿が見えないな。%K%P
「そういえば、夕陽ちゃんがいないね」%K%P
「そういえば、夕陽ちゃんがいないね」%K%P
「ひ、一人でも大丈夫かなって思って……その、いつも一緒にいるわけじゃないです」%K%P
「ひ、一人でも大丈夫かなって思って……その、いつも一緒にいるわけじゃないです」%K%P
「あ、ごめん、そうだよね、なんだか一緒にいるのが当たり前みたいに思ってたから」%K%P
「あ、ごめん、そうだよね、なんだか一緒にいるのが当たり前みたいに思ってたから」%K%P
「……い、いえ。あ、いずみ様は用事の途中とかでは無かったんですか？」%K%P
「……い、いえ。あ、いずみ様は用事の途中とかでは無かったんですか？」%K%P
「うん、歌のレッスンをしようかと思って。深皇祭も近づいてきてるしね。その為に来てるんだし、{歌姫:ディーバ}として格好悪いとこ見せられないから」%K%P
「うん、歌のレッスンをしようかと思って。深皇祭も近づいてきてるしね。その為に来てるんだし、{歌姫:ディーバ}として格好悪いとこ見せられないから」%K%P
「そうでしたか。いずみ様なら大丈夫ですよ、うふふ。{歌姫:ディーバ}の衣装をまとったお姿……きっとお美しいでしょうね」%K%P
「そうでしたか。いずみ様なら大丈夫ですよ、うふふ。{歌姫:ディーバ}の衣装をまとったお姿……きっとお美しいでしょうね」%K%P
うっとりとした感じのことりちゃん。美しいか……あまり女装が似合いすぎても、なんだかね。%K%P
うっとりとした感じのことりちゃん。美しいか……あまり女装が似合いすぎても、なんだかね。%K%P
「ごめんなさい、お引き留めしてしまいましたね。あの、レッスンの方、頑張って下さいっ」%K%P
「ごめんなさい、お引き留めしてしまいましたね。あの、レッスンの方、頑張って下さいっ」%K%P
「あ、うん。その、荷物、一人で大丈夫なの？」%K%P
「あ、うん。その、荷物、一人で大丈夫なの？」%K%P
「へーきです。部活で鍛えてますから。ほらっ」%K%P
「へーきです。部活で鍛えてますから。ほらっ」%K%P
と腕を曲げて見せるものの、柔らかそうな二の腕は、細いままだ。%K%P
と腕を曲げて見せるものの、柔らかそうな二の腕は、細いままだ。%K%P
……まあ、あまりしつこくするのも、アレかな……%K%P
……まあ、あまりしつこくするのも、アレかな……%K%P
「分かったよ。それじゃ、ね、ことりちゃん」%K%P
「分かったよ。それじゃ、ね、ことりちゃん」%K%P
「はいっ！　いってらっしゃいませ」%K%P
「はいっ！　いってらっしゃいませ」%K%P
ニコニコと笑いながら手を振ることりちゃん。僕は手を振り返すと歩き出した。%K%P
ニコニコと笑いながら手を振ることりちゃん。僕は手を振り返すと歩き出した。%K%P
「よいしょっと……うぅ～ん」%K%P
「よいしょっと……うぅ～ん」%K%P
「も、もう一回……うっく…………ううぅん……うぅ～ん」%K%P
「も、もう一回……うっく…………ううぅん……うぅ～ん」%K%P
「……えっと」%K%P
「……えっと」%K%P
「あ、えへへ……」%K%P
「あ、えへへ……」%K%P
ことりちゃんのかけ声に思わず振り返ってしまう――さっきから全然動いてないよね、荷物。%K%P
ことりちゃんのかけ声に思わず振り返ってしまう――さっきから全然動いてないよね、荷物。%K%P
ことりちゃんは、笑顔で手を振ってくれている――後ろ髪を引かれるとは、このことかな。%K%P
ことりちゃんは、笑顔で手を振ってくれている――後ろ髪を引かれるとは、このことかな。%K%P
「あ、うん。それじゃね」%K%P
「あ、うん。それじゃね」%K%P
「よおし、今度こそ……うぅ～ん！」%K%P
「よおし、今度こそ……うぅ～ん！」%K%P
「はぁはぁはぁ……がんばれ、ことり、努力は裏切らないの。だからやれるの。うぅ、うぅ～ん！」%K%P
「はぁはぁはぁ……がんばれ、ことり、努力は裏切らないの。だからやれるの。うぅ、うぅ～ん！」%K%P
いや、そうは言っても物理的に無理なこともあるよ？%K%P
いや、そうは言っても物理的に無理なこともあるよ？%K%P
「……ああ、もうっ」%K%P
「……ああ、もうっ」%K%P
僕は振り返ると、ことりちゃんの元に駆け寄る。%K%P
僕は振り返ると、ことりちゃんの元に駆け寄る。%K%P
「あれ、いずみ様？　え、あ、はい」%K%P
「あれ、いずみ様？　え、あ、はい」%K%P
持っていた譜面などの手荷物を渡す――大荷物に手を掛け、足腰に力を入れる……力仕事は久しぶりだな。%K%P
持っていた譜面などの手荷物を渡す――大荷物に手を掛け、足腰に力を入れる……力仕事は久しぶりだな。%K%P
「これ、どこに持ってけばいいのかな？　この前練習してたところ？」%K%P
「これ、どこに持ってけばいいのかな？　この前練習してたところ？」%K%P
「あ、とりあえず道場内にある用具室に持っていくんです」%K%P
「あ、とりあえず道場内にある用具室に持っていくんです」%K%P
「そこで今必要な物と、後で使う物に分けるので……って大丈夫です、私持ってきますからっ」%K%P
「そこで今必要な物と、後で使う物に分けるので……って大丈夫です、私持ってきますからっ」%K%P
「いいから、いいから……いよっと！　わ、これ、結構重いね」%K%P
「いいから、いいから……いよっと！　わ、これ、結構重いね」%K%P
ズシリと腕に重みが掛る。これはことりちゃんには無理でしょ……%K%P
ズシリと腕に重みが掛る。これはことりちゃんには無理でしょ……%K%P
曲げていた膝を伸して持ち上げる。%K%P
曲げていた膝を伸して持ち上げる。%K%P
「わ、わわ！？　持ち上がりましたよ！？　いずみ様力持ちです！」%K%P
「わ、わわ！？　持ち上がりましたよ！？　いずみ様力持ちです！」%K%P
「あ、あはは、そう……」%K%P
「あ、あはは、そう……」%K%P
「私だとビクともしなかったのに……いずみ様、凄いです！」%K%P
「私だとビクともしなかったのに……いずみ様、凄いです！」%K%P
「あり、がと。えっと、それで、道場だよね？」%K%P
「あり、がと。えっと、それで、道場だよね？」%K%P
うう、重い……これは長く持てなさそうだ。%K%P
うう、重い……これは長く持てなさそうだ。%K%P
「は、はい。こっちです！　私の後に、着いてきて下さい」%K%P
「は、はい。こっちです！　私の後に、着いてきて下さい」%K%P
心配そうなことりちゃんに見守られ、僕はふらふらとしながら荷物を運んでいった。%K%P
心配そうなことりちゃんに見守られ、僕はふらふらとしながら荷物を運んでいった。%K%P
「よい、しょっと……ふぅ……ここでいいの？」%K%P
「よい、しょっと……ふぅ……ここでいいの？」%K%P
「は、はい！　後は荷ほどきして、一つ一つ取り出すから私でも持てますし」%K%P
「は、はい！　後は荷ほどきして、一つ一つ取り出すから私でも持てますし」%K%P
途中、何度か休みながらだけど、無事運ぶことが出来た。いまだに手が痺れている――うう、運動不足かな。%K%P
途中、何度か休みながらだけど、無事運ぶことが出来た。いまだに手が痺れている――うう、運動不足かな。%K%P
「あの、いずみ様ってほんと凄いです！　お勉強も出来るし、お歌も上手いですし」%K%P
「あの、いずみ様ってほんと凄いです！　お勉強も出来るし、お歌も上手いですし」%K%P
「ま、ことりちゃんより学年上だからね。歌は、それは専門分野だもの」%K%P
「ま、ことりちゃんより学年上だからね。歌は、それは専門分野だもの」%K%P
「それにそれに、とっても、力持ちさんですし！　まるで男の方みたいに」%K%P
「それにそれに、とっても、力持ちさんですし！　まるで男の方みたいに」%K%P
「あは、それは言い過ぎ……あぁっ……」%K%P
「あは、それは言い過ぎ……あぁっ……」%K%P
し、しまった、ちょっと迂闊だった……確かにあの荷物、女の子には持てないかも……疑われちゃったかな？%K%P
し、しまった、ちょっと迂闊だった……確かにあの荷物、女の子には持てないかも……疑われちゃったかな？%K%P
「あ、あはは、わ、私はれっきとした女の子だからね？」%K%P
「あ、あはは、わ、私はれっきとした女の子だからね？」%K%P
あ、これじゃ、かえって怪しいじゃないか、バカバカ、僕のバカ。%K%P
あ、これじゃ、かえって怪しいじゃないか、バカバカ、僕のバカ。%K%P
「もちろんです！　こんなにお優しくて、綺麗な人が男の人なわけ無いです」%K%P
「もちろんです！　こんなにお優しくて、綺麗な人が男の人なわけ無いです」%K%P
「あ、あはは、そうだよね、男性なわけ無いよね」%K%P
「あ、あはは、そうだよね、男性なわけ無いよね」%K%P
キラキラした目で力説することりちゃん。彼女は僕が思った以上に、純粋な子らしい。%K%P
キラキラした目で力説することりちゃん。彼女は僕が思った以上に、純粋な子らしい。%K%P
うう、女装をして性別を偽っていることが、心苦しい……%K%P
うう、女装をして性別を偽っていることが、心苦しい……%K%P
「あの、どうしたら、そんな力持ちになれるんですか？　よかったら、その秘訣を教えて下さい」%K%P
「あの、どうしたら、そんな力持ちになれるんですか？　よかったら、その秘訣を教えて下さい」%K%P
「あ、あは、そうだね、又今度ね」%K%P
「あ、あは、そうだね、又今度ね」%K%P
男性になることです……なんて言えません……%K%P
男性になることです……なんて言えません……%K%P
僕は彼女の賞賛の言葉に、引きつった笑みを浮かべるばかりだった。%K%P
僕は彼女の賞賛の言葉に、引きつった笑みを浮かべるばかりだった。%K%P
