午前中の授業が終わり、いつものように綾香さんとランチを食べる。%K%P
午前中の授業が終わり、いつものように綾香さんとランチを食べる。%K%P
美琴さんから聞いた話もあって、昨日にも増して綾香さんのことが気になってしまう。%K%P
美琴さんから聞いた話もあって、昨日にも増して綾香さんのことが気になってしまう。%K%P
「……わたしの顔に、なにかついてる？」%K%P
「……わたしの顔に、なにかついてる？」%K%P
「あっ、ううん。べつに、なにも」%K%P
「あっ、ううん。べつに、なにも」%K%P
じっと見つめていたら、綾香さんに不思議そうな顔をされてしまった。%K%P
じっと見つめていたら、綾香さんに不思議そうな顔をされてしまった。%K%P
こっそり気を配る、というのはなかなか難しい。%K%P
こっそり気を配る、というのはなかなか難しい。%K%P
そういう意味では、美琴さんの気配りはさりげないというか、かゆいところに手が届くというか。%K%P
そういう意味では、美琴さんの気配りはさりげないというか、かゆいところに手が届くというか。%K%P
僕もあんなふうに綾香さんをスマートにフォローしてあげることが出来ればいいんだけど――――、%K%P
僕もあんなふうに綾香さんをスマートにフォローしてあげることが出来ればいいんだけど――――、%K%P
「あっ」%K%P
「あっ」%K%P
「綾香さん、大丈夫？」%K%P
「綾香さん、大丈夫？」%K%P
水の入っているグラスに綾香さんの手が引っかかり、倒れて中身がこぼれてしまった。%K%P
水の入っているグラスに綾香さんの手が引っかかり、倒れて中身がこぼれてしまった。%K%P
「うん。でも、こぼれた分を拭かないと――」%K%P
「うん。でも、こぼれた分を拭かないと――」%K%P
「あっ、いいよ。私がするから」%K%P
「あっ、いいよ。私がするから」%K%P
「ううん、わたしのミスだし、わたしが」%K%P
「ううん、わたしのミスだし、わたしが」%K%P
近くにあった布巾に手を伸ばすと、その手に綾香さんの手が重なる。%K%P
近くにあった布巾に手を伸ばすと、その手に綾香さんの手が重なる。%K%P
「あっ……」%K%P
「あっ……」%K%P
僕の方が一瞬だけ早くて、僕の手ごと布巾を握った綾香さんは、その手を慌ててぱっと離す。%K%P
僕の方が一瞬だけ早くて、僕の手ごと布巾を握った綾香さんは、その手を慌ててぱっと離す。%K%P
「ごっ、ごめんなさい、その……」%K%P
「ごっ、ごめんなさい、その……」%K%P
「気にしないでいいよ。このぐらい」%K%P
「気にしないでいいよ。このぐらい」%K%P
そうは言ったけど、内心、綾香さんの手の柔らかさにドキドキしてしまう。%K%P
そうは言ったけど、内心、綾香さんの手の柔らかさにドキドキしてしまう。%K%P
「……ダメね、考え事をしすぎるのも」%K%P
「……ダメね、考え事をしすぎるのも」%K%P
「考え事って？」%K%P
「考え事って？」%K%P
「深皇祭とか、アリアのこととか……色々」%K%P
「深皇祭とか、アリアのこととか……色々」%K%P
「気持ちはわかるけど……食事のときぐらい、リラックスしてもいいんじゃない？」%K%P
「気持ちはわかるけど……食事のときぐらい、リラックスしてもいいんじゃない？」%K%P
「そのほうが、ご飯も美味しく感じるでしょ？」%K%P
「そのほうが、ご飯も美味しく感じるでしょ？」%K%P
「……ん、そうね」%K%P
「……ん、そうね」%K%P
少し緊張しながら伝えたアドバイスに綾香さんが頷いてくれたので、ほっと胸を撫で下ろす。%K%P
少し緊張しながら伝えたアドバイスに綾香さんが頷いてくれたので、ほっと胸を撫で下ろす。%K%P
ほんと、さりげなく支えるのって難しい。%K%P
ほんと、さりげなく支えるのって難しい。%K%P
午後の授業を受けながら、作戦を考える。%K%P
午後の授業を受けながら、作戦を考える。%K%P
その内容はもちろん、綾香さんに休んでもらうためにはどうしたらいいのか、ってこと。%K%P
その内容はもちろん、綾香さんに休んでもらうためにはどうしたらいいのか、ってこと。%K%P
例えば僕が、無理しないでって声をかけても、大丈夫よって言われるのは目に見えている。%K%P
例えば僕が、無理しないでって声をかけても、大丈夫よって言われるのは目に見えている。%K%P
昨日の一緒に帰ろう、っていう誘い方はアリだけど、これも立て続けには使えない。%K%P
昨日の一緒に帰ろう、っていう誘い方はアリだけど、これも立て続けには使えない。%K%P
僕だって深皇祭に向けて練習しなくちゃいけないし、あまり練習を休んだら、咽を痛めたの？　なんて、逆に綾香さんに心配をかける可能性もある。%K%P
僕だって深皇祭に向けて練習しなくちゃいけないし、あまり練習を休んだら、咽を痛めたの？　なんて、逆に綾香さんに心配をかける可能性もある。%K%P
つまり、僕が練習をしている間、綾香さんが休める時間をとれればいいわけで――――、%K%P
つまり、僕が練習をしている間、綾香さんが休める時間をとれればいいわけで――――、%K%P
「……あ、そっか」%K%P
「……あ、そっか」%K%P
「塚原さん？　どうしましたか？」%K%P
「塚原さん？　どうしましたか？」%K%P
「あっ、いえ、なんでもないです……」%K%P
「あっ、いえ、なんでもないです……」%K%P
自らの閃きについ声を出してしまい、それに気付いた先生に対して、僕は慌てて首を振った。%K%P
自らの閃きについ声を出してしまい、それに気付いた先生に対して、僕は慌てて首を振った。%K%P
放課後、さっそく綾香さんの席へ。%K%P
放課後、さっそく綾香さんの席へ。%K%P
「ねえ綾香さん。今日、よければ私の練習を聞きにこない？」%K%P
「ねえ綾香さん。今日、よければ私の練習を聞きにこない？」%K%P
「いずみさんの練習を？」%K%P
「いずみさんの練習を？」%K%P
「ほら、前に聞きたがっていたでしょ？」%K%P
「ほら、前に聞きたがっていたでしょ？」%K%P
これこそが、授業中に思いついた妙案。%K%P
これこそが、授業中に思いついた妙案。%K%P
昨日、僕は綾香さんたちの練習を見学したわけだけど、これはその逆の発想。%K%P
昨日、僕は綾香さんたちの練習を見学したわけだけど、これはその逆の発想。%K%P
僕が歌の練習をして、綾香さんにはそれを聞きながらくつろいでもらおう、という作戦だ。%K%P
僕が歌の練習をして、綾香さんにはそれを聞きながらくつろいでもらおう、という作戦だ。%K%P
「ね、よければどうかな？　私も、そろそろ歌の感想をもらってみたいし……」%K%P
「ね、よければどうかな？　私も、そろそろ歌の感想をもらってみたいし……」%K%P
あくまでも、自然に、さりげなく。%K%P
あくまでも、自然に、さりげなく。%K%P
僕の狙いが、綾香さんに休んでもらうことだって悟られないように――――、%K%P
僕の狙いが、綾香さんに休んでもらうことだって悟られないように――――、%K%P
「……せっかくのお誘いは嬉しいんだけど、今日はこのまま、練習をしていこうと思ってるの」%K%P
「……せっかくのお誘いは嬉しいんだけど、今日はこのまま、練習をしていこうと思ってるの」%K%P
「えっ？」%K%P
「えっ？」%K%P
「ほら、昨日の練習試合、美琴に負け越しちゃったでしょう？」%K%P
「ほら、昨日の練習試合、美琴に負け越しちゃったでしょう？」%K%P
「そのときの反省点とか、身体が覚えているうちに、おさらいしておきたいから」%K%P
「そのときの反省点とか、身体が覚えているうちに、おさらいしておきたいから」%K%P
「でも、あんまり――――」%K%P
「でも、あんまり――――」%K%P
無理しないでも、という言葉を寸前で飲み込む。%K%P
無理しないでも、という言葉を寸前で飲み込む。%K%P
そう言ったらきっと、大丈夫よ、って言葉が返ってくる気がして、かえって言えなかった。%K%P
そう言ったらきっと、大丈夫よ、って言葉が返ってくる気がして、かえって言えなかった。%K%P
「いずみさん……？」%K%P
「いずみさん……？」%K%P
「その……綾香さんって、練習熱心だよね」%K%P
「その……綾香さんって、練習熱心だよね」%K%P
「そんなことないわ。{騎士:ワルキュリア}や候補生に選ばれる子たちは、みんな努力してるもの」%K%P
「そんなことないわ。{騎士:ワルキュリア}や候補生に選ばれる子たちは、みんな努力してるもの」%K%P
「それはそうだろうけど……」%K%P
「それはそうだろうけど……」%K%P
「いずみさんだって、それだけ歌が上手くなるまでには、たくさん努力をしてきたんでしょう？」%K%P
「いずみさんだって、それだけ歌が上手くなるまでには、たくさん努力をしてきたんでしょう？」%K%P
「それは――」%K%P
「それは――」%K%P
「だから、わたしも同じ。ね？」%K%P
「だから、わたしも同じ。ね？」%K%P
「……うん」%K%P
「……うん」%K%P
まるでこちらの考えを見透かし、さらに先回りするような綾香さんの言葉に、僕は頷くしかなかった。%K%P
まるでこちらの考えを見透かし、さらに先回りするような綾香さんの言葉に、僕は頷くしかなかった。%K%P
「はぁ……」%K%P
「はぁ……」%K%P
歌の練習をすると綾香さんに言った手前もあり、結局、僕はそのまま音楽室へとやってきた。%K%P
歌の練習をすると綾香さんに言った手前もあり、結局、僕はそのまま音楽室へとやってきた。%K%P
綾香さんは修練所に行くと言っていたから、いまごろは汗を流しているに違いない。%K%P
綾香さんは修練所に行くと言っていたから、いまごろは汗を流しているに違いない。%K%P
「手強いなぁ、綾香さん……」%K%P
「手強いなぁ、綾香さん……」%K%P
でも、綾香さんの言っていたことはわかる。%K%P
でも、綾香さんの言っていたことはわかる。%K%P
僕自身、全日本コンクールで入賞を果たし、留学するぐらい、ずっと歌に打ち込んできた。%K%P
僕自身、全日本コンクールで入賞を果たし、留学するぐらい、ずっと歌に打ち込んできた。%K%P
そこに努力がなかった、なんて言えない。%K%P
そこに努力がなかった、なんて言えない。%K%P
確かに、チャンスは転がっているかもしれないし、巡り合わせとしか思えない出来事だってある。%K%P
確かに、チャンスは転がっているかもしれないし、巡り合わせとしか思えない出来事だってある。%K%P
でも、それを掴んだり活かしたりするためには力が必要で、その力は、努力しなければ身につかない。%K%P
でも、それを掴んだり活かしたりするためには力が必要で、その力は、努力しなければ身につかない。%K%P
きっと綾香さんは、それをよく知っているんだ。%K%P
きっと綾香さんは、それをよく知っているんだ。%K%P
またしても、溜め息。%K%P
またしても、溜め息。%K%P
「今日は随分とアンニュイなご様子ですわね、いずみさん」%K%P
「今日は随分とアンニュイなご様子ですわね、いずみさん」%K%P
「あっ、奏さん……。ごきげんよう」%K%P
「あっ、奏さん……。ごきげんよう」%K%P
声を掛けられて振り向くと、いつもの笑みを浮かべた奏さんがいた。%K%P
声を掛けられて振り向くと、いつもの笑みを浮かべた奏さんがいた。%K%P
なんだか、それだけで少しほっとする。%K%P
なんだか、それだけで少しほっとする。%K%P
「ごきげんよう。どうかなさったんですか？」%K%P
「ごきげんよう。どうかなさったんですか？」%K%P
「あ、えっと……」%K%P
「あ、えっと……」%K%P
僕のことならともかく、綾香さんも関わっているわけだから、話して良いものか迷ってしまう。%K%P
僕のことならともかく、綾香さんも関わっているわけだから、話して良いものか迷ってしまう。%K%P
「なにか悩み事があるようでしたら、私でよければお聞きしますわよ？　いずみさん」%K%P
「なにか悩み事があるようでしたら、私でよければお聞きしますわよ？　いずみさん」%K%P
「……ううん、大丈夫。ありがとう」%K%P
「……ううん、大丈夫。ありがとう」%K%P
「いえ、どういたしまして」%K%P
「いえ、どういたしまして」%K%P
そう言って微笑んだ奏さんは、それ以上、その話題を追究してくることはなかった。%K%P
そう言って微笑んだ奏さんは、それ以上、その話題を追究してくることはなかった。%K%P
そっか、こういう気遣いもあるんだなぁ……。%K%P
そっか、こういう気遣いもあるんだなぁ……。%K%P
「あっ、そうそう。前に教えてもらったところを重点的に練習してみたんだけど、聞いてもらえない？」%K%P
「あっ、そうそう。前に教えてもらったところを重点的に練習してみたんだけど、聞いてもらえない？」%K%P
「はい。もちろん喜んで」%K%P
「はい。もちろん喜んで」%K%P
「――っと、どう……？」%K%P
「――っと、どう……？」%K%P
一通り歌い終わったあと、椅子に腰掛け、耳を澄ましていた奏さんにおそるおそる問い掛ける。%K%P
一通り歌い終わったあと、椅子に腰掛け、耳を澄ましていた奏さんにおそるおそる問い掛ける。%K%P
「なんというか、その……」%K%P
「なんというか、その……」%K%P
「……こう言うと失礼かも知れませんが、今日はいずみさんらしさはありませんわね」%K%P
「……こう言うと失礼かも知れませんが、今日はいずみさんらしさはありませんわね」%K%P
「私らしく、ない？」%K%P
「私らしく、ない？」%K%P
「はい。いつもの甘く包み込むような歌声が、今日はなんだか、水っぽいっというか……」%K%P
「はい。いつもの甘く包み込むような歌声が、今日はなんだか、水っぽいっというか……」%K%P
「配分を間違えて、うまく膨らまなかったスポンジケーキのように、ぺしゃんとしてますの」%K%P
「配分を間違えて、うまく膨らまなかったスポンジケーキのように、ぺしゃんとしてますの」%K%P
「ん……」%K%P
「ん……」%K%P
相変わらず批評は独特だけれど、奏さんの言わんとすることは僕にもわかった。%K%P
相変わらず批評は独特だけれど、奏さんの言わんとすることは僕にもわかった。%K%P
歌に集中しようとしても――――でも、どうしても綾香さんのことが気になってしまうんだ。%K%P
歌に集中しようとしても――――でも、どうしても綾香さんのことが気になってしまうんだ。%K%P
「今日は無理せず、お休みなさったらどうですか？」%K%P
「今日は無理せず、お休みなさったらどうですか？」%K%P
「でも、{歌姫:ディーバ}になったからには、もっとこの歌を自分のものにしないと」%K%P
「でも、{歌姫:ディーバ}になったからには、もっとこの歌を自分のものにしないと」%K%P
「くすっ。いずみさんは本当に練習熱心ですわね」%K%P
「くすっ。いずみさんは本当に練習熱心ですわね」%K%P
「だって、みんなに恥ずかしいところは見せられないし――――」%K%P
「だって、みんなに恥ずかしいところは見せられないし――――」%K%P
そこまで言って、このやりとり自体、授業終わりの僕と綾香さんの会話と同じであることに気付いた。%K%P
そこまで言って、このやりとり自体、授業終わりの僕と綾香さんの会話と同じであることに気付いた。%K%P
そういえば、前にも似たようなことがあったっけ。%K%P
そういえば、前にも似たようなことがあったっけ。%K%P
「ねえ、いずみさん？　心配事があるのなら、そちらを優先してはいかがですか？」%K%P
「ねえ、いずみさん？　心配事があるのなら、そちらを優先してはいかがですか？」%K%P
「心ここにあらずでは、いくら練習をしても、よい成果は得られませんもの」%K%P
「心ここにあらずでは、いくら練習をしても、よい成果は得られませんもの」%K%P
「奏さん……」%K%P
「奏さん……」%K%P
その一言に、ふっと心が軽くなった。%K%P
その一言に、ふっと心が軽くなった。%K%P
あれもこれも、ではなくて。気がかりなことがあるのなら、いっそとことん、それと向き合ってみる。%K%P
あれもこれも、ではなくて。気がかりなことがあるのなら、いっそとことん、それと向き合ってみる。%K%P
……うん。そのほうが、いいのかもしれない。%K%P
……うん。そのほうが、いいのかもしれない。%K%P
「結局、相談に乗ってもらっちゃった。……ありがとう、奏さん」%K%P
「結局、相談に乗ってもらっちゃった。……ありがとう、奏さん」%K%P
「いえ、私はなにも」%K%P
「いえ、私はなにも」%K%P
「ちょっと早いけど、私、これで失礼するね」%K%P
「ちょっと早いけど、私、これで失礼するね」%K%P
「はい。次はふっくら甘い歌声を期待してますの」%K%P
「はい。次はふっくら甘い歌声を期待してますの」%K%P
「うん」%K%P
「うん」%K%P
歌声をケーキに例えた奏さんにそう伝えると、僕は少し慌てて音楽室を後にした。%K%P
歌声をケーキに例えた奏さんにそう伝えると、僕は少し慌てて音楽室を後にした。%K%P
そのまま修練所までやってくると、綾香さんはすぐに見つかった。%K%P
そのまま修練所までやってくると、綾香さんはすぐに見つかった。%K%P
どうやら剣舞の練習をしている候補生の子にアドバイスをしているようだ。%K%P
どうやら剣舞の練習をしている候補生の子にアドバイスをしているようだ。%K%P
すぐにでも声を掛けたかったけど、邪魔をしても悪いし、落ち着くまで、少し離れて待つことに。%K%P
すぐにでも声を掛けたかったけど、邪魔をしても悪いし、落ち着くまで、少し離れて待つことに。%K%P
と、%K%P
と、%K%P
「いずみさん、どうしたの？　なにか用？」%K%P
「いずみさん、どうしたの？　なにか用？」%K%P
「あっ、楓さん」%K%P
「あっ、楓さん」%K%P
僕に気付いた楓さんが、声をかけてくれた。%K%P
僕に気付いた楓さんが、声をかけてくれた。%K%P
「ちょっと様子を見に来たんだけど……」%K%P
「ちょっと様子を見に来たんだけど……」%K%P
「お目当ては綾香さん？」%K%P
「お目当ては綾香さん？」%K%P
「えっ？　どっ、どうして？」%K%P
「えっ？　どっ、どうして？」%K%P
「だって、さっきからずっと見ているから」%K%P
「だって、さっきからずっと見ているから」%K%P
「声をかけづらいなら呼んでくる？」%K%P
「声をかけづらいなら呼んでくる？」%K%P
「あっ、いいよいいよ。急ぎじゃないし」%K%P
「あっ、いいよいいよ。急ぎじゃないし」%K%P
僕自身、とりあえずここまで来たけれど、なにか具体的なプランがあるわけでもない。%K%P
僕自身、とりあえずここまで来たけれど、なにか具体的なプランがあるわけでもない。%K%P
ただ、綾香さんが無理な練習をして倒れているんじゃ……という不安が心のどこかにあったから、それが解消されただけでもホッとしている。%K%P
ただ、綾香さんが無理な練習をして倒れているんじゃ……という不安が心のどこかにあったから、それが解消されただけでもホッとしている。%K%P
「今日の綾香さんは、私と少し合同練習をしたあと、ずっとああして剣舞の助言をしているんだ」%K%P
「今日の綾香さんは、私と少し合同練習をしたあと、ずっとああして剣舞の助言をしているんだ」%K%P
「深皇祭の本番が近づいて、誰もが少しでも自分の練習に時間を使いたいはずなのに……」%K%P
「深皇祭の本番が近づいて、誰もが少しでも自分の練習に時間を使いたいはずなのに……」%K%P
「綾香さんは本当に献身的で……ある意味、深皇の教えをもっとも体現している学生かもしれない」%K%P
「綾香さんは本当に献身的で……ある意味、深皇の教えをもっとも体現している学生かもしれない」%K%P
楓さんの何気ない一言が、胸に染みた。%K%P
楓さんの何気ない一言が、胸に染みた。%K%P
誰にでも優しいのが綾香さんの良いところだけど、それってつまり、自分に厳しい、ともいえる。%K%P
誰にでも優しいのが綾香さんの良いところだけど、それってつまり、自分に厳しい、ともいえる。%K%P
「……っと、どうやら気付いたみたい」%K%P
「……っと、どうやら気付いたみたい」%K%P
楓さんの鎧が目立つせいか、綾香さんが僕たちの存在に気がつき、大きく手を振った。%K%P
楓さんの鎧が目立つせいか、綾香さんが僕たちの存在に気がつき、大きく手を振った。%K%P
剣舞の練習をしていた子に断りをいれたあと、小走りでこちらに向かってくるのが見える。%K%P
剣舞の練習をしていた子に断りをいれたあと、小走りでこちらに向かってくるのが見える。%K%P
「ではいずみさん、私はこれで」%K%P
「ではいずみさん、私はこれで」%K%P
「あっ、うん。ごきげんよう、楓さん」%K%P
「あっ、うん。ごきげんよう、楓さん」%K%P
僕に会釈を残して楓さんが立ち去ると、入れ替わる形で綾香さんがやってきた。%K%P
僕に会釈を残して楓さんが立ち去ると、入れ替わる形で綾香さんがやってきた。%K%P
「いずみさん、どうしたの？　楓さんに用事？」%K%P
「いずみさん、どうしたの？　楓さんに用事？」%K%P
「違うよ。用があったのは、綾香さんに」%K%P
「違うよ。用があったのは、綾香さんに」%K%P
「わたしに？」%K%P
「わたしに？」%K%P
さりげなくフォローしようとか、陰ながら支えよう、なんてことも考えてはみたけれど、どうやら僕にそういった芸当は難しいらしい。%K%P
さりげなくフォローしようとか、陰ながら支えよう、なんてことも考えてはみたけれど、どうやら僕にそういった芸当は難しいらしい。%K%P
だから、はっきりと伝えることにしよう。%K%P
だから、はっきりと伝えることにしよう。%K%P
「綾香さん、一緒に帰ろう？」%K%P
「綾香さん、一緒に帰ろう？」%K%P
「一緒に、って……でも、歌の練習は？」%K%P
「一緒に、って……でも、歌の練習は？」%K%P
「いまはこっちのほうが大切だから」%K%P
「いまはこっちのほうが大切だから」%K%P
「ね？　私と一緒に帰って、ゆっくり休もう？」%K%P
「ね？　私と一緒に帰って、ゆっくり休もう？」%K%P
「いずみさん……」%K%P
「いずみさん……」%K%P
「綾香さんの気持ちもわかるけど……だからこそ、心配なんだよ？」%K%P
「綾香さんの気持ちもわかるけど……だからこそ、心配なんだよ？」%K%P
最初は戸惑っていた綾香さんの表情が、だんだんと恥じらいに変わっていくのがわかる。%K%P
最初は戸惑っていた綾香さんの表情が、だんだんと恥じらいに変わっていくのがわかる。%K%P
「……わかったわ。そんなふうにお願いされたら、断れないもの」%K%P
「……わかったわ。そんなふうにお願いされたら、断れないもの」%K%P
「良かった……」%K%P
「良かった……」%K%P
ちょっと強引かも、なんて思っていたから、綾香さんが頷いてくれたことに安堵してしまう。%K%P
ちょっと強引かも、なんて思っていたから、綾香さんが頷いてくれたことに安堵してしまう。%K%P
「シャワーは……っと、この時間なら、寮に帰ってお風呂に入ればいいわね」%K%P
「シャワーは……っと、この時間なら、寮に帰ってお風呂に入ればいいわね」%K%P
「少しだけ待ってて。すぐに支度をするから」%K%P
「少しだけ待ってて。すぐに支度をするから」%K%P
「うん。それなら、私はここで待ってるよ」%K%P
「うん。それなら、私はここで待ってるよ」%K%P
「それはいいけれど……いずみさん、鞄は？」%K%P
「それはいいけれど……いずみさん、鞄は？」%K%P
「……あっ」%K%P
「……あっ」%K%P
しまった……。%K%P
しまった……。%K%P
「慌ててたから、音楽室に忘れちゃったみたい」%K%P
「慌ててたから、音楽室に忘れちゃったみたい」%K%P
「ふふっ。じゃあ、わたしの支度が済んだら、一緒に取りに戻りましょう」%K%P
「ふふっ。じゃあ、わたしの支度が済んだら、一緒に取りに戻りましょう」%K%P
綾香さんと一緒に音楽室まで戻ると、帰ってしまったのか奏さんの姿はなかった。%K%P
綾香さんと一緒に音楽室まで戻ると、帰ってしまったのか奏さんの姿はなかった。%K%P
「あれ？　たしかここに……」%K%P
「あれ？　たしかここに……」%K%P
「どうしたの？」%K%P
「どうしたの？」%K%P
「それが、鞄がなくて……」%K%P
「それが、鞄がなくて……」%K%P
いつも音楽室で練習するときは、この辺りに鞄を置いておくんだけど……。%K%P
いつも音楽室で練習するときは、この辺りに鞄を置いておくんだけど……。%K%P
「いずみさん、その紙は？」%K%P
「いずみさん、その紙は？」%K%P
綾香さんに教えられて、小さなメモ――――折り畳んであるルーズリーフの存在に気がついた。%K%P
綾香さんに教えられて、小さなメモ――――折り畳んであるルーズリーフの存在に気がついた。%K%P
綺麗な文字で、いずみさんへ、とある。%K%P
綺麗な文字で、いずみさんへ、とある。%K%P
開いてみると『忘れ物は寮に届けておきますので、ご安心ください。奏』と書かれていた。%K%P
開いてみると『忘れ物は寮に届けておきますので、ご安心ください。奏』と書かれていた。%K%P
「うわ、さすが奏さん……」%K%P
「うわ、さすが奏さん……」%K%P
ただ届けるだけでなく、僕が取りに戻る可能性も見越して、書き置きまで残してくれるなんて。%K%P
ただ届けるだけでなく、僕が取りに戻る可能性も見越して、書き置きまで残してくれるなんて。%K%P
「女の子って、ほんとに気配りが細やかだよね……」%K%P
「女の子って、ほんとに気配りが細やかだよね……」%K%P
奏さんにしても美琴さんにしても、お手本にしたいと思う箇所がたくさんある。%K%P
奏さんにしても美琴さんにしても、お手本にしたいと思う箇所がたくさんある。%K%P
「ほんと、こういう配慮がさりげなくできるのは憧れちゃうなぁ……」%K%P
「ほんと、こういう配慮がさりげなくできるのは憧れちゃうなぁ……」%K%P
僕だって仮にも女の子として生活しているわけだから、こういうところは見習わないと。%K%P
僕だって仮にも女の子として生活しているわけだから、こういうところは見習わないと。%K%P
――って、こんなふうに考える事自体、思考回路が女の子っぽくなっている証拠かもしれない。%K%P
――って、こんなふうに考える事自体、思考回路が女の子っぽくなっている証拠かもしれない。%K%P
「憧れるって……いずみさん、気配りのできる女性が好きなの？」%K%P
「憧れるって……いずみさん、気配りのできる女性が好きなの？」%K%P
反射的に頷いて、それからハッとする。%K%P
反射的に頷いて、それからハッとする。%K%P
「あっ、でも、それは塚原いずみがお友達に対して、だよ？」%K%P
「あっ、でも、それは塚原いずみがお友達に対して、だよ？」%K%P
「和泉司がどうこう、じゃないからね？」%K%P
「和泉司がどうこう、じゃないからね？」%K%P
「あっ……う、うん。もちろん、そういう意味で聞いたわけじゃないからっ……」%K%P
「あっ……う、うん。もちろん、そういう意味で聞いたわけじゃないからっ……」%K%P
思いがけず二人して慌ててしまい、なんとも照れくさい空気になってしまう。%K%P
思いがけず二人して慌ててしまい、なんとも照れくさい空気になってしまう。%K%P
「じゃ、じゃあ……帰ろうか？」%K%P
「じゃ、じゃあ……帰ろうか？」%K%P
「え、ええ。そうね」%K%P
「え、ええ。そうね」%K%P
それから僕たちは、ちょっとだけぎくしゃくとした空気のまま、音楽室を後にした。%K%P
それから僕たちは、ちょっとだけぎくしゃくとした空気のまま、音楽室を後にした。%K%P
「いずみさん、預かり物です」%K%P
「いずみさん、預かり物です」%K%P
寮に帰ると、法子さんがすぐに鞄を手渡してくれた。%K%P
寮に帰ると、法子さんがすぐに鞄を手渡してくれた。%K%P
「ありがとうございます」%K%P
「ありがとうございます」%K%P
「いえいえ。お礼なら奏さんにどうぞ」%K%P
「いえいえ。お礼なら奏さんにどうぞ」%K%P
「あっ、はい。そうですね」%K%P
「あっ、はい。そうですね」%K%P
「それにしても、いきなり奏さんが寮に来たときは何事かって思っちゃいましたけど」%K%P
「それにしても、いきなり奏さんが寮に来たときは何事かって思っちゃいましたけど」%K%P
「私がうっかりしちゃったせいで」%K%P
「私がうっかりしちゃったせいで」%K%P
奏さんから事情は聞いているようだったけど、改めて音楽室にあったメモを見せつつ説明する。%K%P
奏さんから事情は聞いているようだったけど、改めて音楽室にあったメモを見せつつ説明する。%K%P
「ふふっ。いずみさんのようなタイプには、しっかりした人がお似合いなのかもしれませんね」%K%P
「ふふっ。いずみさんのようなタイプには、しっかりした人がお似合いなのかもしれませんね」%K%P
「お似合い、って？」%K%P
「お似合い、って？」%K%P
「恋人やパートナーに、です」%K%P
「恋人やパートナーに、です」%K%P
「なっ……ほっ、法子さんっ」%K%P
「なっ……ほっ、法子さんっ」%K%P
「あくまで、いずみさんの、という意味ですから」%K%P
「あくまで、いずみさんの、という意味ですから」%K%P
「わ、私のって言われても、その……」%K%P
「わ、私のって言われても、その……」%K%P
確かに、会話だけ聞けば男女の指定はしてないし、おかしな点はないかもしれない。%K%P
確かに、会話だけ聞けば男女の指定はしてないし、おかしな点はないかもしれない。%K%P
でも、僕を男だって知っている法子さんが言うと、今のは明らかに――――、%K%P
でも、僕を男だって知っている法子さんが言うと、今のは明らかに――――、%K%P
「姉さん、いずみさんをからかわないで」%K%P
「姉さん、いずみさんをからかわないで」%K%P
「ふふっ。ごめんね」%K%P
「ふふっ。ごめんね」%K%P
「もう……」%K%P
「もう……」%K%P
「あの、えっと……」%K%P
「あの、えっと……」%K%P
音楽室でのこともあったし、何か言えたら良いんだけど、うまいこと言葉が出てこない。%K%P
音楽室でのこともあったし、何か言えたら良いんだけど、うまいこと言葉が出てこない。%K%P
「……じゃあ、わたしはお風呂に入ってくるから」%K%P
「……じゃあ、わたしはお風呂に入ってくるから」%K%P
「あっ、うん」%K%P
「あっ、うん」%K%P
頷いた僕を残し、綾香さんが先に行ってしまう。%K%P
頷いた僕を残し、綾香さんが先に行ってしまう。%K%P
「……いずみさん、綾香ちゃんと何かあったんですか？」%K%P
「……いずみさん、綾香ちゃんと何かあったんですか？」%K%P
「あったような、ないような……」%K%P
「あったような、ないような……」%K%P
綾香さんの態度が少し素っ気ない気もして、それが少し気になりつつ、僕は法子さんに首を振った。%K%P
綾香さんの態度が少し素っ気ない気もして、それが少し気になりつつ、僕は法子さんに首を振った。%K%P
身体を洗って湯船に浸かると、小さく息が漏れた。%K%P
身体を洗って湯船に浸かると、小さく息が漏れた。%K%P
でも、それは心地良さからくるものじゃなくて、自分の子供っぽさに対して漏れたものだ。%K%P
でも、それは心地良さからくるものじゃなくて、自分の子供っぽさに対して漏れたものだ。%K%P
「心配してくれたいずみさんに、あんな態度をとるなんて……」%K%P
「心配してくれたいずみさんに、あんな態度をとるなんて……」%K%P
歌の練習を中止して修練所までわたしを迎えにきてくれたとわかったときは、あんなに嬉しかったのに。%K%P
歌の練習を中止して修練所までわたしを迎えにきてくれたとわかったときは、あんなに嬉しかったのに。%K%P
音楽室で思わず変な事を聞いたり、姉さんの言葉を聞いて、知らず知らず、心がざわついたり。%K%P
音楽室で思わず変な事を聞いたり、姉さんの言葉を聞いて、知らず知らず、心がざわついたり。%K%P
なんだか今日のわたしは、ちょっとおかしい。%K%P
なんだか今日のわたしは、ちょっとおかしい。%K%P
「……前は、こんなことなかったのに」%K%P
「……前は、こんなことなかったのに」%K%P
少なくとも、いずみさんと同居生活を始めた頃は、こんな気持ちにはならなかった。%K%P
少なくとも、いずみさんと同居生活を始めた頃は、こんな気持ちにはならなかった。%K%P
最初にあったのは、女装してまで{歌姫:ディーバ}を引き受けてくれた、いずみさんへの感謝。%K%P
最初にあったのは、女装してまで{歌姫:ディーバ}を引き受けてくれた、いずみさんへの感謝。%K%P
同時に、彼女――本当は彼、だけど――を支えなくちゃいけない、という強い想い。%K%P
同時に、彼女――本当は彼、だけど――を支えなくちゃいけない、という強い想い。%K%P
それはたぶん、使命感のようなもの。%K%P
それはたぶん、使命感のようなもの。%K%P
そうして何日か過ごして、だんだんといずみさんが学園での生活にも慣れていって。%K%P
そうして何日か過ごして、だんだんといずみさんが学園での生活にも慣れていって。%K%P
最初に抱いていた強い想いは少しずつ形を変えて、今では深皇祭を成功させることになった。%K%P
最初に抱いていた強い想いは少しずつ形を変えて、今では深皇祭を成功させることになった。%K%P
{騎士:ワルキュリア}としてアリアを盛り上げること、{歌姫:ディーバ}であるいずみさんを守ること。%K%P
{騎士:ワルキュリア}としてアリアを盛り上げること、{歌姫:ディーバ}であるいずみさんを守ること。%K%P
それこそが、いまのわたしの目標。%K%P
それこそが、いまのわたしの目標。%K%P
……といっても、わたしがいずみさんの{騎士:ワルキュリア}になれる、という保証はない。%K%P
……といっても、わたしがいずみさんの{騎士:ワルキュリア}になれる、という保証はない。%K%P
アリアでどちらの{歌姫:ディーバ}を守るのか、最初の一人目、リーダーの{騎士:ワルキュリア}を決めるのは{歌姫:ディーバ}だから。%K%P
アリアでどちらの{歌姫:ディーバ}を守るのか、最初の一人目、リーダーの{騎士:ワルキュリア}を決めるのは{歌姫:ディーバ}だから。%K%P
「……そう、なのよね」%K%P
「……そう、なのよね」%K%P
いずみさんを{歌姫:ディーバ}に推薦したのはわたしなのだし、寮でも同室。%K%P
いずみさんを{歌姫:ディーバ}に推薦したのはわたしなのだし、寮でも同室。%K%P
なによりも、いずみさんの秘密を知っていて。%K%P
なによりも、いずみさんの秘密を知っていて。%K%P
だから大丈夫なはず……とは思いながら、それでも、心のどこかで不安になってしまう。%K%P
だから大丈夫なはず……とは思いながら、それでも、心のどこかで不安になってしまう。%K%P
いずみさんに{騎士:ワルキュリア}として選んで貰えるか、どうか。%K%P
いずみさんに{騎士:ワルキュリア}として選んで貰えるか、どうか。%K%P
「ふぅ……」%K%P
「ふぅ……」%K%P
こんなに気を揉むぐらいなら、いっそ直接、いずみさんに自分を選んで欲しいと頼めば――――なんて思ったことも、ないわけじゃない。%K%P
こんなに気を揉むぐらいなら、いっそ直接、いずみさんに自分を選んで欲しいと頼めば――――なんて思ったことも、ないわけじゃない。%K%P
でも、わたしはちゃんと、いずみさん自身の意志で、わたしを選んで欲しかった。%K%P
でも、わたしはちゃんと、いずみさん自身の意志で、わたしを選んで欲しかった。%K%P
そして、それを心から喜び、誇りに思いたかった。%K%P
そして、それを心から喜び、誇りに思いたかった。%K%P
……だからこそ最近、あそこまで懸命に練習に打ち込んでしまうのかも知れない。%K%P
……だからこそ最近、あそこまで懸命に練習に打ち込んでしまうのかも知れない。%K%P
それこそ、いずみさんに心配をかけるぐらい。%K%P
それこそ、いずみさんに心配をかけるぐらい。%K%P
「……なんだか、まるで恋みたい」%K%P
「……なんだか、まるで恋みたい」%K%P
呟いて、少しだけ笑みが漏れた。%K%P
呟いて、少しだけ笑みが漏れた。%K%P
自分の為でなく、誰かの為にここまで懸命になるなんて、それこそ、姫に恋する騎士のよう――――、%K%P
自分の為でなく、誰かの為にここまで懸命になるなんて、それこそ、姫に恋する騎士のよう――――、%K%P
「……」%K%P
「……」%K%P
……もし、本当にそうだったら？%K%P
……もし、本当にそうだったら？%K%P
この気持ちが正真正銘、恋だったとしたら……。%K%P
この気持ちが正真正銘、恋だったとしたら……。%K%P
「わ、わたしったらなにをっ……」%K%P
「わ、わたしったらなにをっ……」%K%P
ふとした考えの連鎖から至った思いがけない結論に、わたしの頭の中がごちゃごちゃになった。%K%P
ふとした考えの連鎖から至った思いがけない結論に、わたしの頭の中がごちゃごちゃになった。%K%P
だけどそう考えると、さっき感じていたモヤモヤした気持ちは……嫉妬、ってことになって――――、%K%P
だけどそう考えると、さっき感じていたモヤモヤした気持ちは……嫉妬、ってことになって――――、%K%P
「あ、ああっ……」%K%P
「あ、ああっ……」%K%P
意識した途端、身体の芯が熱くなった気がして、思わず湯船に口元まで浸かってしまう。%K%P
意識した途端、身体の芯が熱くなった気がして、思わず湯船に口元まで浸かってしまう。%K%P
こんな気持ちは初めてで、初めてすぎて、困る。%K%P
こんな気持ちは初めてで、初めてすぎて、困る。%K%P
「で、でも、ということは……」%K%P
「で、でも、ということは……」%K%P
わたしはずっと、好意をもっている異性と同じ部屋で寝起きを共にしていた、ってこと……？%K%P
わたしはずっと、好意をもっている異性と同じ部屋で寝起きを共にしていた、ってこと……？%K%P
それどころか、この前は寝間着姿のまま、いずみさんと夜遅くにお話までして……。%K%P
それどころか、この前は寝間着姿のまま、いずみさんと夜遅くにお話までして……。%K%P
そういえばあの時、いずみさんが最初、わたしを直視しないように気遣ってくれていたような……。%K%P
そういえばあの時、いずみさんが最初、わたしを直視しないように気遣ってくれていたような……。%K%P
「あ、あぁ……」%K%P
「あ、あぁ……」%K%P
一気に顔まで熱くなる。%K%P
一気に顔まで熱くなる。%K%P
いまさら事の重大さに気付いてしまった。%K%P
いまさら事の重大さに気付いてしまった。%K%P
「わたし、わたし……」%K%P
「わたし、わたし……」%K%P
思えばいずみさんの編入初日、わたしは油断から着替えを目撃される、というドジをしている。%K%P
思えばいずみさんの編入初日、わたしは油断から着替えを目撃される、というドジをしている。%K%P
あのとき、いずみさんにだらしない子、なんて思われて呆れられてたりはしないだろうか。%K%P
あのとき、いずみさんにだらしない子、なんて思われて呆れられてたりはしないだろうか。%K%P
他にも、いろいろ――――なんて、どれもこれも、考えたところで今さらすぎる。%K%P
他にも、いろいろ――――なんて、どれもこれも、考えたところで今さらすぎる。%K%P
「くぅ、うぅ……」%K%P
「くぅ、うぅ……」%K%P
悲鳴にならない、変な呻きが漏れる。%K%P
悲鳴にならない、変な呻きが漏れる。%K%P
そのぐらい、わけもわからず、恥ずかしい。%K%P
そのぐらい、わけもわからず、恥ずかしい。%K%P
わたしってば、好きな異性とひとつ屋根の下で、同じ部屋で、なんて無防備に暮らしていたんだろう。%K%P
わたしってば、好きな異性とひとつ屋根の下で、同じ部屋で、なんて無防備に暮らしていたんだろう。%K%P
「わ、わたし、どうしたら……」%K%P
「わ、わたし、どうしたら……」%K%P
きっと普通は、好きな人がいたら、告白して、デートして、キスとか、その……いろいろとあって、結婚して、それから一緒に暮らすはず。%K%P
きっと普通は、好きな人がいたら、告白して、デートして、キスとか、その……いろいろとあって、結婚して、それから一緒に暮らすはず。%K%P
婚約や、あるいは付き合い初めてから同棲する、というケースも、当然あるだろう。%K%P
婚約や、あるいは付き合い初めてから同棲する、というケースも、当然あるだろう。%K%P
だけどわたしの場合、期間限定とはいえ、すでに同じ部屋で暮らしてしまっている。%K%P
だけどわたしの場合、期間限定とはいえ、すでに同じ部屋で暮らしてしまっている。%K%P
これは、つまり、どうすればいいの……？%K%P
これは、つまり、どうすればいいの……？%K%P
というか、自分の気持ちに気付いてしまったのに、それでも今夜、同じ部屋でいずみさんと眠れるの？%K%P
というか、自分の気持ちに気付いてしまったのに、それでも今夜、同じ部屋でいずみさんと眠れるの？%K%P
「っ……」%K%P
「っ……」%K%P
自分で考えておきながら、同じ部屋で眠る、という言葉の響きに打ちのめされてしまう。%K%P
自分で考えておきながら、同じ部屋で眠る、という言葉の響きに打ちのめされてしまう。%K%P
意識する前なら、なんでもなかったはずなのに。%K%P
意識する前なら、なんでもなかったはずなのに。%K%P
仕切りを隔てた向こうに、好きな人がいると思ってしまったら、もう、どうしていいかわからない。%K%P
仕切りを隔てた向こうに、好きな人がいると思ってしまったら、もう、どうしていいかわからない。%K%P
「とっ、とりあえず、もっとちゃんと身体を……」%K%P
「とっ、とりあえず、もっとちゃんと身体を……」%K%P
さっきしっかりと洗ったはずだけど、練習で流した汗の臭いが気になって仕方がない。%K%P
さっきしっかりと洗ったはずだけど、練習で流した汗の臭いが気になって仕方がない。%K%P
ちゃんと身体を念入りに洗って……でも、あんまり長湯しすぎても、変に思われるかも知れない。%K%P
ちゃんと身体を念入りに洗って……でも、あんまり長湯しすぎても、変に思われるかも知れない。%K%P
お風呂に入る前、つれない態度をとってしまったから、それも謝らなくちゃいけないし……。%K%P
お風呂に入る前、つれない態度をとってしまったから、それも謝らなくちゃいけないし……。%K%P
けど、お風呂からあがって部屋に戻るってことは、いずみさんと２人きりになるわけで――――、%K%P
けど、お風呂からあがって部屋に戻るってことは、いずみさんと２人きりになるわけで――――、%K%P
「あ、ああ、ええっと……」%K%P
「あ、ああ、ええっと……」%K%P
どうしよう。どうすればいいんだろう。%K%P
どうしよう。どうすればいいんだろう。%K%P
考えれば考えるほど、わからなくなってしまう。%K%P
考えれば考えるほど、わからなくなってしまう。%K%P
昨日までは、当たり前のように出来ていたこと。なんの問題もなかったいずみさんとの共同生活が、たったひとつの意識の違いで一変してしまった。%K%P
昨日までは、当たり前のように出来ていたこと。なんの問題もなかったいずみさんとの共同生活が、たったひとつの意識の違いで一変してしまった。%K%P
……でも、だからこそ、この気持ちは本物。%K%P
……でも、だからこそ、この気持ちは本物。%K%P
――――わたし、いずみさんが好きなんだ。%K%P
――――わたし、いずみさんが好きなんだ。%K%P
「遅いなぁ、綾香さん……」%K%P
「遅いなぁ、綾香さん……」%K%P
寮に帰って、ラウンジで綾香さんと別れて部屋に戻ってから、じき１時間が経とうとしている。%K%P
寮に帰って、ラウンジで綾香さんと別れて部屋に戻ってから、じき１時間が経とうとしている。%K%P
女の子は長湯が多い、とはいうけど、それにしても夕ご飯前だし、ちょっと長すぎる。%K%P
女の子は長湯が多い、とはいうけど、それにしても夕ご飯前だし、ちょっと長すぎる。%K%P
練習でかいた汗を流すだけなら、こんなに長くなるのはおかしな気もするし。%K%P
練習でかいた汗を流すだけなら、こんなに長くなるのはおかしな気もするし。%K%P
もしかして疲れから倒れたり、湯あたりでも起こしたりしてるんじゃ――――、%K%P
もしかして疲れから倒れたり、湯あたりでも起こしたりしてるんじゃ――――、%K%P
「あれ……？」%K%P
「あれ……？」%K%P
ドアの音がしたので振り向いたけど、誰もいない。%K%P
ドアの音がしたので振り向いたけど、誰もいない。%K%P
「……綾香さん？　戻ったの？」%K%P
「……綾香さん？　戻ったの？」%K%P
「あっ、う、うん」%K%P
「あっ、う、うん」%K%P
気配はあったので仕切りの向こうに呼びかけると、小さな声で返事があってホッとする。%K%P
気配はあったので仕切りの向こうに呼びかけると、小さな声で返事があってホッとする。%K%P
「おかえり、綾香さん」%K%P
「おかえり、綾香さん」%K%P
「う、うん。ただいま」%K%P
「う、うん。ただいま」%K%P
「なかなか戻ってこないから心配しちゃった。のぼせたりしてない？　大丈夫？」%K%P
「なかなか戻ってこないから心配しちゃった。のぼせたりしてない？　大丈夫？」%K%P
「え、ええ。ちょっと、ゆっくりしちゃった」%K%P
「え、ええ。ちょっと、ゆっくりしちゃった」%K%P
「ふふっ、お風呂って気持ちいいもんね」%K%P
「ふふっ、お風呂って気持ちいいもんね」%K%P
「う、うん。そうね」%K%P
「う、うん。そうね」%K%P
「それから、あの……さっきは、ごめんなさい」%K%P
「それから、あの……さっきは、ごめんなさい」%K%P
「お風呂に行く前。少し、つれない態度をとっちゃった、っていうか……」%K%P
「お風呂に行く前。少し、つれない態度をとっちゃった、っていうか……」%K%P
「ああ……大丈夫、気にしてないよ」%K%P
「ああ……大丈夫、気にしてないよ」%K%P
少し気がかりではあったけど、綾香さん自身も気付いて謝るようなら、しこりは残らないだろう。%K%P
少し気がかりではあったけど、綾香さん自身も気付いて謝るようなら、しこりは残らないだろう。%K%P
「それで、えっと……いずみさんにひとつお願いがあるのだけど」%K%P
「それで、えっと……いずみさんにひとつお願いがあるのだけど」%K%P
「なに？」%K%P
「なに？」%K%P
「わたし、このまま眠ってしまおうと思うの。だから、姉さんに晩ご飯はいらないと伝えてもらえる？」%K%P
「わたし、このまま眠ってしまおうと思うの。だから、姉さんに晩ご飯はいらないと伝えてもらえる？」%K%P
「えっ？　でも――」%K%P
「えっ？　でも――」%K%P
「ゆっくりお風呂に入ったせいか、今までの疲れがかえって出ちゃったみたい」%K%P
「ゆっくりお風呂に入ったせいか、今までの疲れがかえって出ちゃったみたい」%K%P
「気持ちはわかるけど……出来れば、ご飯はちゃんと食べた方がいいと思うよ？」%K%P
「気持ちはわかるけど……出来れば、ご飯はちゃんと食べた方がいいと思うよ？」%K%P
「それはそうなんだけど……お願い、いずみさん。今夜だけ」%K%P
「それはそうなんだけど……お願い、いずみさん。今夜だけ」%K%P
お願い、という言葉に負けて、僕は頷いた。%K%P
お願い、という言葉に負けて、僕は頷いた。%K%P
食事はとって欲しいけど、睡眠だって大切だ。%K%P
食事はとって欲しいけど、睡眠だって大切だ。%K%P
なにより、目の届くところ――といっても、仕切りの向こうだけど――に、いてくれるわけだしね。%K%P
なにより、目の届くところ――といっても、仕切りの向こうだけど――に、いてくれるわけだしね。%K%P
「じゃあ、念のため夜食を頼んでおくよ。夜中にお腹が空いて目が覚めちゃったら困るし」%K%P
「じゃあ、念のため夜食を頼んでおくよ。夜中にお腹が空いて目が覚めちゃったら困るし」%K%P
「もし食べなくても、朝に食べればいいでしょ？」%K%P
「もし食べなくても、朝に食べればいいでしょ？」%K%P
「ありがとう、いずみさん」%K%P
「ありがとう、いずみさん」%K%P
「だから、明日の朝はちゃんと食べてね？」%K%P
「だから、明日の朝はちゃんと食べてね？」%K%P
「約束するわ。……姫に誓って」%K%P
「約束するわ。……姫に誓って」%K%P
「うん。じゃあ、おやすみなさい」%K%P
「うん。じゃあ、おやすみなさい」%K%P
綾香さんにそう声を掛けた僕は、この事を法子さんに伝えるために部屋を出た。%K%P
綾香さんにそう声を掛けた僕は、この事を法子さんに伝えるために部屋を出た。%K%P
