思いがけず自分のインタビュー記事が載っている雑誌を見つけた翌日は、なんとも落ち着かなかった。%K%P
思いがけず自分のインタビュー記事が載っている雑誌を見つけた翌日は、なんとも落ち着かなかった。%K%P
いつにも増して浮き足だった気持ちで、朝からずっとそわそわしっぱなし。%K%P
いつにも増して浮き足だった気持ちで、朝からずっとそわそわしっぱなし。%K%P
あの雑誌の一件については、希実ちゃんをうまく誤魔化せた……とは言いがたい。%K%P
あの雑誌の一件については、希実ちゃんをうまく誤魔化せた……とは言いがたい。%K%P
だからこそ顔をあわせたらどうすればいいかわからなくて、今朝は登校の時間をズラしてしまった。%K%P
だからこそ顔をあわせたらどうすればいいかわからなくて、今朝は登校の時間をズラしてしまった。%K%P
けど、さすがにずっとこのまま……というわけにもいかない。%K%P
けど、さすがにずっとこのまま……というわけにもいかない。%K%P
避けているようで気まずいし、なにより僕自身、希実ちゃんとはまた音楽の話をしたかった。%K%P
避けているようで気まずいし、なにより僕自身、希実ちゃんとはまた音楽の話をしたかった。%K%P
けど、その話題を持ち出すってことは、必然的に、あの雑誌の話題が出る可能性も高いわけで――――、%K%P
けど、その話題を持ち出すってことは、必然的に、あの雑誌の話題が出る可能性も高いわけで――――、%K%P
「はぁ……」%K%P
「はぁ……」%K%P
結果、今日はなんとも溜め息が多い。%K%P
結果、今日はなんとも溜め息が多い。%K%P
放課後になり、こうして音楽室まで歌の練習をしにきたのはいいけれど、気持ちはそわそわしっぱなし。%K%P
放課後になり、こうして音楽室まで歌の練習をしにきたのはいいけれど、気持ちはそわそわしっぱなし。%K%P
楽譜を前にしても、希実ちゃんのことが気になるせいか、どうにも練習に身が入らなかった。%K%P
楽譜を前にしても、希実ちゃんのことが気になるせいか、どうにも練習に身が入らなかった。%K%P
「……今日は無理せず帰ろうかな」%K%P
「……今日は無理せず帰ろうかな」%K%P
こんな調子じゃ、このまま続けても――――、%K%P
こんな調子じゃ、このまま続けても――――、%K%P
「司様」%K%P
「司様」%K%P
「えっ？」%K%P
「えっ？」%K%P
いきなり本来の名前を呼ばれて、びくっと驚きながらも、反射的に振り返ってしまう。%K%P
いきなり本来の名前を呼ばれて、びくっと驚きながらも、反射的に振り返ってしまう。%K%P
「の、希実ちゃん……？」%K%P
「の、希実ちゃん……？」%K%P
音楽室の戸口には、今日初めて会う希実ちゃんが立っていた。%K%P
音楽室の戸口には、今日初めて会う希実ちゃんが立っていた。%K%P
他に誰も居ないということは、いま僕の名前を呼んだのは、希実ちゃんってことになる、けど……。%K%P
他に誰も居ないということは、いま僕の名前を呼んだのは、希実ちゃんってことになる、けど……。%K%P
「え、えっと……どうしたの？」%K%P
「え、えっと……どうしたの？」%K%P
「……いま、振り向きましたよね？」%K%P
「……いま、振り向きましたよね？」%K%P
「それはほら、声がしたから、反射的に」%K%P
「それはほら、声がしたから、反射的に」%K%P
「でも……いずみ様は司様、なんでしょう？」%K%P
「でも……いずみ様は司様、なんでしょう？」%K%P
「え？　な、なんのこと？」%K%P
「え？　な、なんのこと？」%K%P
ま、まさか希実ちゃんに、僕の正体がバレた……？%K%P
ま、まさか希実ちゃんに、僕の正体がバレた……？%K%P
でも、だとしたら一体どうやって？　男だと勘ぐられるだけならともかく、どうして名前まで……。%K%P
でも、だとしたら一体どうやって？　男だと勘ぐられるだけならともかく、どうして名前まで……。%K%P
「昨日、法子姉さんから聞きました」%K%P
「昨日、法子姉さんから聞きました」%K%P
「いずみ様はいろいろな事情があって、女の子のふりをして、この学園に通うことになったと」%K%P
「いずみ様はいろいろな事情があって、女の子のふりをして、この学園に通うことになったと」%K%P
「法子さんが……？」%K%P
「法子さんが……？」%K%P
どういう経緯なのかわからないけど……でも、それなら僕の名前を知っている、という筋は通る。%K%P
どういう経緯なのかわからないけど……でも、それなら僕の名前を知っている、という筋は通る。%K%P
アクシデントでバレちゃった、ってわけではなさそうだから、そこは一安心だけど……。%K%P
アクシデントでバレちゃった、ってわけではなさそうだから、そこは一安心だけど……。%K%P
「はぁ……でも、びっくりした。法子さん、今朝はそんなこと一言も言ってなかったし……」%K%P
「はぁ……でも、びっくりした。法子さん、今朝はそんなこと一言も言ってなかったし……」%K%P
「でも、どうして法子さん、そのことを希実ちゃんに？」%K%P
「でも、どうして法子さん、そのことを希実ちゃんに？」%K%P
尋ねた後、希実ちゃんの表情が、なんとも神妙なものになっていることに気付く。%K%P
尋ねた後、希実ちゃんの表情が、なんとも神妙なものになっていることに気付く。%K%P
「ということは、いずみ様は和泉司様で間違いないんですね……？」%K%P
「ということは、いずみ様は和泉司様で間違いないんですね……？」%K%P
「えっ？　だって、さっき希実ちゃんが――――」%K%P
「えっ？　だって、さっき希実ちゃんが――――」%K%P
言いかけて、なんとなく嫌な予感がした。%K%P
言いかけて、なんとなく嫌な予感がした。%K%P
「……申し訳ありません、いずみ様。実は、法子姉さんから聞いた、というのは嘘なんです」%K%P
「……申し訳ありません、いずみ様。実は、法子姉さんから聞いた、というのは嘘なんです」%K%P
「ふえっ……？」%K%P
「ふえっ……？」%K%P
その時の僕は、本当に変な声が出ていたと思う。%K%P
その時の僕は、本当に変な声が出ていたと思う。%K%P
「この本が、姉さんの部屋にありました」%K%P
「この本が、姉さんの部屋にありました」%K%P
「そ、それって……」%K%P
「そ、それって……」%K%P
希実ちゃんが手にしているのは、昨日、僕が必死になって希実ちゃんから遠ざけた例の音楽雑誌だった。%K%P
希実ちゃんが手にしているのは、昨日、僕が必死になって希実ちゃんから遠ざけた例の音楽雑誌だった。%K%P
「以前、綾香お姉ちゃんのフォトブックを借りにいったとき、たまたま置いてあるのを見かけて……それで、覚えていたんです」%K%P
「以前、綾香お姉ちゃんのフォトブックを借りにいったとき、たまたま置いてあるのを見かけて……それで、覚えていたんです」%K%P
「昨日のいずみ様、すごく慌てていましたし……だから、この本になにかあると思って」%K%P
「昨日のいずみ様、すごく慌てていましたし……だから、この本になにかあると思って」%K%P
「この本をよく読んでみたら、和泉司というソプラニスタへのインタビュー記事がありました」%K%P
「この本をよく読んでみたら、和泉司というソプラニスタへのインタビュー記事がありました」%K%P
「それで、その……試させていただいたんです」%K%P
「それで、その……試させていただいたんです」%K%P
「あ、あはは……え、ええっと……」%K%P
「あ、あはは……え、ええっと……」%K%P
つまり、ついさっきまで、希実ちゃんには僕が男だという確証はなかった、ってことだろう。%K%P
つまり、ついさっきまで、希実ちゃんには僕が男だという確証はなかった、ってことだろう。%K%P
あの記事を読んで、もしかしたらと思って……それを裏付けるために、僕にカマをかけた。%K%P
あの記事を読んで、もしかしたらと思って……それを裏付けるために、僕にカマをかけた。%K%P
法子さんの名前が出てきたことに気が緩んだ僕は、うっかり、自分が男であると認めて――――。%K%P
法子さんの名前が出てきたことに気が緩んだ僕は、うっかり、自分が男であると認めて――――。%K%P
「申し訳ありません、騙すような真似をして。……でも、どうしても気になってしまって」%K%P
「申し訳ありません、騙すような真似をして。……でも、どうしても気になってしまって」%K%P
「それは……」%K%P
「それは……」%K%P
騙すというなら、そもそも女装をしている僕の方が、たくさんの人に嘘をついている。%K%P
騙すというなら、そもそも女装をしている僕の方が、たくさんの人に嘘をついている。%K%P
僕の目的がどうであれ、希実ちゃんからすれば、僕のほうこそ嘘つきってことになるはずだ。%K%P
僕の目的がどうであれ、希実ちゃんからすれば、僕のほうこそ嘘つきってことになるはずだ。%K%P
……あ、いや、女装してるわけだし、嘘つきよりも、変態って思われちゃってるかもしれないけど……。%K%P
……あ、いや、女装してるわけだし、嘘つきよりも、変態って思われちゃってるかもしれないけど……。%K%P
「……希実ちゃん、どうするつもり？　というか、どうして、わざわざ私に直接……？」%K%P
「……希実ちゃん、どうするつもり？　というか、どうして、わざわざ私に直接……？」%K%P
男であることがバレてしまった以上、今さらそこは取り繕っても仕方がない。%K%P
男であることがバレてしまった以上、今さらそこは取り繕っても仕方がない。%K%P
それより気になるのは、希実ちゃんは何故、僕にわざわざ直接聞きに来たのか、ってことだった。%K%P
それより気になるのは、希実ちゃんは何故、僕にわざわざ直接聞きに来たのか、ってことだった。%K%P
「理由は、いろいろあるんですが……」%K%P
「理由は、いろいろあるんですが……」%K%P
「その前に、どうしていずみ様が女の子のふりをしているのか……それを、教えてはいただけませんか？」%K%P
「その前に、どうしていずみ様が女の子のふりをしているのか……それを、教えてはいただけませんか？」%K%P
「といっても……希実ちゃんのことだから、だいたいはわかっているんでしょう？」%K%P
「といっても……希実ちゃんのことだから、だいたいはわかっているんでしょう？」%K%P
僕がこの学園に女装をしてまで編入した理由。%K%P
僕がこの学園に女装をしてまで編入した理由。%K%P
それについては以前、希実ちゃん自身が気にして、わざわざ部屋にまで謝りに来てくれた事でもある。%K%P
それについては以前、希実ちゃん自身が気にして、わざわざ部屋にまで謝りに来てくれた事でもある。%K%P
「それはもちろん、{歌姫:ディーバ}を務めるため、というのはわかっています」%K%P
「それはもちろん、{歌姫:ディーバ}を務めるため、というのはわかっています」%K%P
「ただ、それはあくまでも、いずみ様が女の子だった場合です」%K%P
「ただ、それはあくまでも、いずみ様が女の子だった場合です」%K%P
「男性であるいずみ様が、女装をしてまで{歌姫:ディーバ}を務める……その理由が、私にはわかりません」%K%P
「男性であるいずみ様が、女装をしてまで{歌姫:ディーバ}を務める……その理由が、私にはわかりません」%K%P
「そもそも、綾香お姉ちゃんや法子姉さんは、いずみ様が男性だと知っているんですか？」%K%P
「そもそも、綾香お姉ちゃんや法子姉さんは、いずみ様が男性だと知っているんですか？」%K%P
「あ、そっか……」%K%P
「あ、そっか……」%K%P
その質問を受けて、はたと思い至る。%K%P
その質問を受けて、はたと思い至る。%K%P
希実ちゃんからすると、僕が綾香さんすら欺いている、という可能性も考えられるわけだ。%K%P
希実ちゃんからすると、僕が綾香さんすら欺いている、という可能性も考えられるわけだ。%K%P
「つまり、直接尋ねにきたのは、綾香さんが私の女装を知らないかも……って考えたからなんだ？」%K%P
「つまり、直接尋ねにきたのは、綾香さんが私の女装を知らないかも……って考えたからなんだ？」%K%P
「はい。あの綾香お姉ちゃんが、男の人と同居するなんて信じられなかったので……」%K%P
「はい。あの綾香お姉ちゃんが、男の人と同居するなんて信じられなかったので……」%K%P
「ああ……」%K%P
「ああ……」%K%P
それについてはある意味、誰よりも綾香さん本人が一番驚いていたかもしれない。%K%P
それについてはある意味、誰よりも綾香さん本人が一番驚いていたかもしれない。%K%P
異性との同居になるんだよ？　って僕から指摘されるまで思い至ってなかった綾香さんの困窮した反応は、いまでもよく覚えている。%K%P
異性との同居になるんだよ？　って僕から指摘されるまで思い至ってなかった綾香さんの困窮した反応は、いまでもよく覚えている。%K%P
「えっと……結論から言うと、綾香さんも法子さんも、私が男だってことは知ってる」%K%P
「えっと……結論から言うと、綾香さんも法子さんも、私が男だってことは知ってる」%K%P
「では、いずみ様とお姉ちゃんたちは、以前から面識があった、ということですか？」%K%P
「では、いずみ様とお姉ちゃんたちは、以前から面識があった、ということですか？」%K%P
「ううん。綾香さんたちと知り合ったのは、この学園に編入する前の日だから」%K%P
「ううん。綾香さんたちと知り合ったのは、この学園に編入する前の日だから」%K%P
「えっ……？　ま、前の日……？」%K%P
「えっ……？　ま、前の日……？」%K%P
「まあ、そういう反応になるよね……」%K%P
「まあ、そういう反応になるよね……」%K%P
唖然とする希実ちゃんの反応は、至極当たり前のはずなのに、何だか新鮮な感じもする。%K%P
唖然とする希実ちゃんの反応は、至極当たり前のはずなのに、何だか新鮮な感じもする。%K%P
帰国から女装するまで、本当にいろんなことが一気にありすぎて、あっという間だったもんね。%K%P
帰国から女装するまで、本当にいろんなことが一気にありすぎて、あっという間だったもんね。%K%P
「とりあえず、座ろう？　少し長い話になるし」%K%P
「とりあえず、座ろう？　少し長い話になるし」%K%P
「あっ……は、はい」%K%P
「あっ……は、はい」%K%P
音楽室にある椅子を用意して、２人で座る。%K%P
音楽室にある椅子を用意して、２人で座る。%K%P
それから僕は、和泉司がなぜ女装をして深皇学園に編入することになったのか、その一部始終を語った。%K%P
それから僕は、和泉司がなぜ女装をして深皇学園に編入することになったのか、その一部始終を語った。%K%P
ただ、女装する切っ掛けについては、さすがに法子さんたちのアイディアだった……とは言えなくて、うやむやに誤魔化してしまったけれど。%K%P
ただ、女装する切っ掛けについては、さすがに法子さんたちのアイディアだった……とは言えなくて、うやむやに誤魔化してしまったけれど。%K%P
「{歌姫:ディーバ}は、深皇祭とアリアにとって不可欠だから、どうしても……って、頼まれて」%K%P
「{歌姫:ディーバ}は、深皇祭とアリアにとって不可欠だから、どうしても……って、頼まれて」%K%P
「お姉ちゃん、そこまで……」%K%P
「お姉ちゃん、そこまで……」%K%P
話を聞き終えた希実ちゃんが、目を伏せて呟く。%K%P
話を聞き終えた希実ちゃんが、目を伏せて呟く。%K%P
「……つまり、私が{歌姫:ディーバ}を辞退したせいで、いずみ様は女装をしている、ということですよね？」%K%P
「……つまり、私が{歌姫:ディーバ}を辞退したせいで、いずみ様は女装をしている、ということですよね？」%K%P
「んー……客観的に言えばそうなるけど、でも、それは正解じゃない、かな……？」%K%P
「んー……客観的に言えばそうなるけど、でも、それは正解じゃない、かな……？」%K%P
「だって、私が{歌姫:ディーバ}を引き受けたとき、希実ちゃんの事情はまだ知らなかったわけだし」%K%P
「だって、私が{歌姫:ディーバ}を引き受けたとき、希実ちゃんの事情はまだ知らなかったわけだし」%K%P
{歌姫:ディーバ}を辞退した学生が、綾香さんの妹だと知ったのは、編入したあとのことだ。%K%P
{歌姫:ディーバ}を辞退した学生が、綾香さんの妹だと知ったのは、編入したあとのことだ。%K%P
「綾香さん、言ってたよ。事情を話すのは情に訴えるような気がして話せなかった……って」%K%P
「綾香さん、言ってたよ。事情を話すのは情に訴えるような気がして話せなかった……って」%K%P
「綾香お姉ちゃんが、そんなことを……」%K%P
「綾香お姉ちゃんが、そんなことを……」%K%P
「うん。……きっと、綾香さんなりにいろいろと考えて、起こした行動なんだと思う」%K%P
「うん。……きっと、綾香さんなりにいろいろと考えて、起こした行動なんだと思う」%K%P
「もし、深皇祭が不完全な形で開催されたら、やっぱり、いろいろな問題が残ったと思うし……」%K%P
「もし、深皇祭が不完全な形で開催されたら、やっぱり、いろいろな問題が残ったと思うし……」%K%P
深皇祭に向けて頑張ってきた{騎士:ワルキュリア}や候補生。それに、アリアを楽しみにしていた学生たち。%K%P
深皇祭に向けて頑張ってきた{騎士:ワルキュリア}や候補生。それに、アリアを楽しみにしていた学生たち。%K%P
そういう人たちの不満が、希実ちゃんに向けられない――――とは、やっぱり言い切れない。%K%P
そういう人たちの不満が、希実ちゃんに向けられない――――とは、やっぱり言い切れない。%K%P
綾香さんや法子さんが、あんな無茶なことをしたのも、そのあたりが無関係ではないだろうから。%K%P
綾香さんや法子さんが、あんな無茶なことをしたのも、そのあたりが無関係ではないだろうから。%K%P
「……でも、仮に深皇祭やアリアが開かれなかったとしても、いずみ様には関係のない話、ですよね？」%K%P
「……でも、仮に深皇祭やアリアが開かれなかったとしても、いずみ様には関係のない話、ですよね？」%K%P
「それなのに、どうして、女装してまで……」%K%P
「それなのに、どうして、女装してまで……」%K%P
「んー……どうしてなんだろう」%K%P
「んー……どうしてなんだろう」%K%P
「そっ、そんな……ご自分のことなのに……」%K%P
「そっ、そんな……ご自分のことなのに……」%K%P
「あはは。まあ、そうなんだけど……」%K%P
「あはは。まあ、そうなんだけど……」%K%P
照れを隠すように笑いながら、あれこれ考える。%K%P
照れを隠すように笑いながら、あれこれ考える。%K%P
「切っ掛け自体は、綾香さんから{歌姫:ディーバ}になって欲しい、って言われたこと。これは、間違いないとして」%K%P
「切っ掛け自体は、綾香さんから{歌姫:ディーバ}になって欲しい、って言われたこと。これは、間違いないとして」%K%P
「でも、この深皇学園に通うと決めたのは、なんだかんだで、私自身の意志だから」%K%P
「でも、この深皇学園に通うと決めたのは、なんだかんだで、私自身の意志だから」%K%P
「それは、最初に会ったとき話した通りだよ」%K%P
「それは、最初に会ったとき話した通りだよ」%K%P
「いずみ様……」%K%P
「いずみ様……」%K%P
希実ちゃんが、僕を真っ直ぐに見つめる。%K%P
希実ちゃんが、僕を真っ直ぐに見つめる。%K%P
その瞳があまりにも綺麗だったから、なんだか照れくさくなって、思わず目を逸らしてしまった。%K%P
その瞳があまりにも綺麗だったから、なんだか照れくさくなって、思わず目を逸らしてしまった。%K%P
「……わかりました。ありがとうございます、いずみ様。込み入った事情を説明していただいて」%K%P
「……わかりました。ありがとうございます、いずみ様。込み入った事情を説明していただいて」%K%P
「いや、それはいいんだけど……」%K%P
「いや、それはいいんだけど……」%K%P
「それより……希実ちゃん、どうするつもり？」%K%P
「それより……希実ちゃん、どうするつもり？」%K%P
「どうする、とは……？」%K%P
「どうする、とは……？」%K%P
「僕が男だってこと、知っちゃったでしょ？」%K%P
「僕が男だってこと、知っちゃったでしょ？」%K%P
それは、誰にも知られてはいけない秘密。%K%P
それは、誰にも知られてはいけない秘密。%K%P
本当なら、もっと慌てなくちゃいけない事態なんだけど……相手が相手だから、対応に困ってしまう。%K%P
本当なら、もっと慌てなくちゃいけない事態なんだけど……相手が相手だから、対応に困ってしまう。%K%P
希実ちゃんの立場は、とてもデリケートだ。%K%P
希実ちゃんの立場は、とてもデリケートだ。%K%P
僕が男だと誰かに報せた場合、深皇祭の開催はもちろん、僕を推薦した綾香さん、事情を知っている法子さんの立場は危うくなる。%K%P
僕が男だと誰かに報せた場合、深皇祭の開催はもちろん、僕を推薦した綾香さん、事情を知っている法子さんの立場は危うくなる。%K%P
その上、姉である綾香さんと男の人が同居している、という事実を考えれば、胸中は複雑のはず。%K%P
その上、姉である綾香さんと男の人が同居している、という事実を考えれば、胸中は複雑のはず。%K%P
ある意味、一番バレてしまってはいけなかった相手、といえるかもしれなかった。%K%P
ある意味、一番バレてしまってはいけなかった相手、といえるかもしれなかった。%K%P
「……出来れば、このことは秘密にしておいてもらえると助かるんだけど」%K%P
「……出来れば、このことは秘密にしておいてもらえると助かるんだけど」%K%P
「ん……」%K%P
「ん……」%K%P
「……わかりました。このことは、私の胸の中に、そっとしまっておきます」%K%P
「……わかりました。このことは、私の胸の中に、そっとしまっておきます」%K%P
「希実ちゃん……」%K%P
「希実ちゃん……」%K%P
「そのかわり、というのもおこがましいのですが……いずみ様、昨日の約束を覚えていますか？」%K%P
「そのかわり、というのもおこがましいのですが……いずみ様、昨日の約束を覚えていますか？」%K%P
「約束、っていうと――――」%K%P
「約束、っていうと――――」%K%P
また音楽の話をしよう、という約束のことだろう。%K%P
また音楽の話をしよう、という約束のことだろう。%K%P
「それを守って頂けるのであれば、私はこのことを他言無用にすると誓います」%K%P
「それを守って頂けるのであれば、私はこのことを他言無用にすると誓います」%K%P
「うん、そういうことなら喜んで。時間があるときに、音楽の話、いろいろしようね」%K%P
「うん、そういうことなら喜んで。時間があるときに、音楽の話、いろいろしようね」%K%P
「はい」%K%P
「はい」%K%P
そうして頷いた希実ちゃんは、今日、初めて満面の笑みを浮かべた。%K%P
そうして頷いた希実ちゃんは、今日、初めて満面の笑みを浮かべた。%K%P
希実ちゃんに正体を知られたとわかったときは、果たしてどうなることかと思ったけど。%K%P
希実ちゃんに正体を知られたとわかったときは、果たしてどうなることかと思ったけど。%K%P
話が終わってみれば、昨日からずっと抱えていた杞憂ごと、気持ち良いぐらい解決してしまった。%K%P
話が終わってみれば、昨日からずっと抱えていた杞憂ごと、気持ち良いぐらい解決してしまった。%K%P
