「あー、お腹空いたぁ。お昼は何にしようかな」%K%P
「あー、お腹空いたぁ。お昼は何にしようかな」%K%P
昼休み、僕は綾香さんと食堂へとやってきた。%K%P
昼休み、僕は綾香さんと食堂へとやってきた。%K%P
「いずみさん、今日はものすごくご機嫌ね」%K%P
「いずみさん、今日はものすごくご機嫌ね」%K%P
「そう見える？」%K%P
「そう見える？」%K%P
「見える見える」%K%P
「見える見える」%K%P
やっぱり綾香さんでも分かってしまうらしい。%K%P
やっぱり綾香さんでも分かってしまうらしい。%K%P
「何かいい事でもあったの？」%K%P
「何かいい事でもあったの？」%K%P
「ちょっとした悩みが解決してさ、スッキリした気分なんだ」%K%P
「ちょっとした悩みが解決してさ、スッキリした気分なんだ」%K%P
「へぇ……それは良かったわね」%K%P
「へぇ……それは良かったわね」%K%P
昨日の一件で千影さんと『友達』になれたのだ。%K%P
昨日の一件で千影さんと『友達』になれたのだ。%K%P
それだけで、なんだかウキウキしてしまう。%K%P
それだけで、なんだかウキウキしてしまう。%K%P
「えっと、席はどうしようか？」%K%P
「えっと、席はどうしようか？」%K%P
授業が少し長引いてしまい、既に学食内は女の子たちで大混雑だ。%K%P
授業が少し長引いてしまい、既に学食内は女の子たちで大混雑だ。%K%P
「いつもより混んでるね……」%K%P
「いつもより混んでるね……」%K%P
「わたし、席を確保してくるわ」%K%P
「わたし、席を確保してくるわ」%K%P
「お願い。何か食べたいものはある？」%K%P
「お願い。何か食べたいものはある？」%K%P
「んー……いずみさんに任せてもいい」%K%P
「んー……いずみさんに任せてもいい」%K%P
「それは責任重大だなぁ……」%K%P
「それは責任重大だなぁ……」%K%P
なんとか食べ物を調達し、人混みから脱出する。%K%P
なんとか食べ物を調達し、人混みから脱出する。%K%P
「ふぅ、買えて良かった……」%K%P
「ふぅ、買えて良かった……」%K%P
さてと、綾香さんはどこに――。%K%P
さてと、綾香さんはどこに――。%K%P
「いずみさーん、こっちこっち！」%K%P
「いずみさーん、こっちこっち！」%K%P
声のする方を見ると、綾香さんが手を振っていた。%K%P
声のする方を見ると、綾香さんが手を振っていた。%K%P
僕は他の子にぶつからないように注意しながら、そこまで歩いて行く。%K%P
僕は他の子にぶつからないように注意しながら、そこまで歩いて行く。%K%P
「はい、無難にサンドイッチだけど」%K%P
「はい、無難にサンドイッチだけど」%K%P
「ありがとう」%K%P
「ありがとう」%K%P
トレーに乗ったサンドイッチを、綾香さんの前に置いてあげる。%K%P
トレーに乗ったサンドイッチを、綾香さんの前に置いてあげる。%K%P
「こんにちは、いずみさん」%K%P
「こんにちは、いずみさん」%K%P
「うふふ……ご機嫌よう」%K%P
「うふふ……ご機嫌よう」%K%P
綾香さんの隣に千影さんと奏さんが座っていた。%K%P
綾香さんの隣に千影さんと奏さんが座っていた。%K%P
「千影さんと奏さんの所がちょうど空いてたの」%K%P
「千影さんと奏さんの所がちょうど空いてたの」%K%P
「そうだったんだ。ごきげんよう、いつもより混雑してますよね」%K%P
「そうだったんだ。ごきげんよう、いつもより混雑してますよね」%K%P
綾香さんの隣に座り、向かいの千影さんに話しかける。%K%P
綾香さんの隣に座り、向かいの千影さんに話しかける。%K%P
「恐らくだけれど、これのせいではないかしら」%K%P
「恐らくだけれど、これのせいではないかしら」%K%P
千影さんは自分のトレーの上に乗った、ベーグルサンドを手に取った。%K%P
千影さんは自分のトレーの上に乗った、ベーグルサンドを手に取った。%K%P
「あ、もしかして新作の！」%K%P
「あ、もしかして新作の！」%K%P
「ええ。今日発売のサーモンベーグルサンド」%K%P
「ええ。今日発売のサーモンベーグルサンド」%K%P
「……美味しそう」%K%P
「……美味しそう」%K%P
「良ければ食べてみる？」%K%P
「良ければ食べてみる？」%K%P
「いいの？」%K%P
「いいの？」%K%P
「もちろん。遠慮はいらないわ」%K%P
「もちろん。遠慮はいらないわ」%K%P
そう言って、僕のトレーの上にちぎったベーグルサンドを乗せてくれる。%K%P
そう言って、僕のトレーの上にちぎったベーグルサンドを乗せてくれる。%K%P
「じゃあお返しに……」%K%P
「じゃあお返しに……」%K%P
僕も自分のタマゴサンドを千影さんに手渡す。%K%P
僕も自分のタマゴサンドを千影さんに手渡す。%K%P
「あら、ふたりとも仲良しでいいですわね～」%K%P
「あら、ふたりとも仲良しでいいですわね～」%K%P
奏さんは僕と千影さんの関係が進んだのに気付いたらしく、ニヤニヤと僕を見つめてきた。%K%P
奏さんは僕と千影さんの関係が進んだのに気付いたらしく、ニヤニヤと僕を見つめてきた。%K%P
相談に乗ってくれてありがとうございます。と、心の中で礼を述べておく。%K%P
相談に乗ってくれてありがとうございます。と、心の中で礼を述べておく。%K%P
「いずみさん、今日は放課後空いているかしら？」%K%P
「いずみさん、今日は放課後空いているかしら？」%K%P
「うん」%K%P
「うん」%K%P
「昨日の今日で申し訳ないのだけれど、練習を見学する？」%K%P
「昨日の今日で申し訳ないのだけれど、練習を見学する？」%K%P
「するする！」%K%P
「するする！」%K%P
身体をテーブルに乗り出しながら即答する。%K%P
身体をテーブルに乗り出しながら即答する。%K%P
「では放課後に修練所で」%K%P
「では放課後に修練所で」%K%P
そんな約束を交わし、僕たちは穏やかな昼食を楽しむのだった。%K%P
そんな約束を交わし、僕たちは穏やかな昼食を楽しむのだった。%K%P
「あー、やっと終わった」%K%P
「あー、やっと終わった」%K%P
放課後を迎え、僕は下校する女の子たちに紛れながら昇降口を出た。%K%P
放課後を迎え、僕は下校する女の子たちに紛れながら昇降口を出た。%K%P
千影さんの{騎士:ワルキュリア}の練習か……楽しみだなぁ。%K%P
千影さんの{騎士:ワルキュリア}の練習か……楽しみだなぁ。%K%P
しばらく歩くと、修練所につく。%K%P
しばらく歩くと、修練所につく。%K%P
僕は千影さんがいないか周囲を見回す。%K%P
僕は千影さんがいないか周囲を見回す。%K%P
「――ふっ、はぁっ……！」%K%P
「――ふっ、はぁっ……！」%K%P
ん？　この声は……。%K%P
ん？　この声は……。%K%P
僕は少し離れた所にいた千影さんを見つけて、言葉を失った。%K%P
僕は少し離れた所にいた千影さんを見つけて、言葉を失った。%K%P
まるでおとぎ話の世界からやってきたような、美しい騎士がそこにいるのだ。%K%P
まるでおとぎ話の世界からやってきたような、美しい騎士がそこにいるのだ。%K%P
「はっ、やぁ……！　せっ！　ふっ！」%K%P
「はっ、やぁ……！　せっ！　ふっ！」%K%P
ヒュン、ヒュン――と風を切る音が鳴り、僕の耳まで届く。%K%P
ヒュン、ヒュン――と風を切る音が鳴り、僕の耳まで届く。%K%P
「――ふっ！　たぁ！　はぁぁぁぁ……！」%K%P
「――ふっ！　たぁ！　はぁぁぁぁ……！」%K%P
一歩踏み込み、高速で剣を振るう。%K%P
一歩踏み込み、高速で剣を振るう。%K%P
とてもじゃないけど、僕にはその軌道がほとんど見えない。%K%P
とてもじゃないけど、僕にはその軌道がほとんど見えない。%K%P
「すごい……」%K%P
「すごい……」%K%P
僕の心は、彼女の剣捌きの虜になってしまっていた。%K%P
僕の心は、彼女の剣捌きの虜になってしまっていた。%K%P
見惚れるというのは、まさにこういう事なんだろう。%K%P
見惚れるというのは、まさにこういう事なんだろう。%K%P
「……ふぅ」%K%P
「……ふぅ」%K%P
一連の動作が終わったのか、千影さんは双剣を鞘にゆっくりと収めた。%K%P
一連の動作が終わったのか、千影さんは双剣を鞘にゆっくりと収めた。%K%P
「いらっしゃい、いずみさん」%K%P
「いらっしゃい、いずみさん」%K%P
見られているのに気付いていたらしく、名前を呼んでから僕の方を向く。%K%P
見られているのに気付いていたらしく、名前を呼んでから僕の方を向く。%K%P
「千影さん！　今の……すごいね！」%K%P
「千影さん！　今の……すごいね！」%K%P
僕は千影さんの元へと駆け寄って、思わず彼女の手を取る。%K%P
僕は千影さんの元へと駆け寄って、思わず彼女の手を取る。%K%P
「あ、ええ……その、ありがとう」%K%P
「あ、ええ……その、ありがとう」%K%P
「格好良かった……。鳥肌ものだよ」%K%P
「格好良かった……。鳥肌ものだよ」%K%P
「あまり褒めすぎないでちょうだい……」%K%P
「あまり褒めすぎないでちょうだい……」%K%P
そう言うと、千影さんは少し顔を赤らめて目を逸らした。%K%P
そう言うと、千影さんは少し顔を赤らめて目を逸らした。%K%P
照れてるんだ。ちょっと可愛いかも。%K%P
照れてるんだ。ちょっと可愛いかも。%K%P
「千影さんは双剣なんだ」%K%P
「千影さんは双剣なんだ」%K%P
「意外かしら？」%K%P
「意外かしら？」%K%P
「なんとなく一人に一つの武器、という感じで思っていたから……」%K%P
「なんとなく一人に一つの武器、という感じで思っていたから……」%K%P
それに双剣って当然片手で持つから、振り続けるには握力が必要そう……。%K%P
それに双剣って当然片手で持つから、振り続けるには握力が必要そう……。%K%P
「昔はそうだったのだけれど……こちらの剣に思い入れがあってね」%K%P
「昔はそうだったのだけれど……こちらの剣に思い入れがあってね」%K%P
千影さんはそう言いながら、片方の剣を見つめる。%K%P
千影さんはそう言いながら、片方の剣を見つめる。%K%P
「……とても大切にしてるんだね。剣がキラキラしてるもん」%K%P
「……とても大切にしてるんだね。剣がキラキラしてるもん」%K%P
「……！」%K%P
「……！」%K%P
一瞬だけ、千影さんは驚くような表情を見せた。%K%P
一瞬だけ、千影さんは驚くような表情を見せた。%K%P
「……良ければ、この剣を振ってみる？」%K%P
「……良ければ、この剣を振ってみる？」%K%P
「え、いいの？」%K%P
「え、いいの？」%K%P
「ええ。手を出して」%K%P
「ええ。手を出して」%K%P
千影さんに言われるがまま両手を出すと、剣を僕に握らせてくれる。%K%P
千影さんに言われるがまま両手を出すと、剣を僕に握らせてくれる。%K%P
見た目より軽い。これなら僕でも振れそうだ。%K%P
見た目より軽い。これなら僕でも振れそうだ。%K%P
僕は千影さんが離れたのを確認して、ブンッ――と剣を振り下ろす。%K%P
僕は千影さんが離れたのを確認して、ブンッ――と剣を振り下ろす。%K%P
剣を振るのが少し楽しくなって、数度勢いをつけて振ってみる。%K%P
剣を振るのが少し楽しくなって、数度勢いをつけて振ってみる。%K%P
「どう？　剣というのは」%K%P
「どう？　剣というのは」%K%P
「……軽いのに、意外と振ると腕にくるね」%K%P
「……軽いのに、意外と振ると腕にくるね」%K%P
「ふふふっ、慣れていないのだから、当然よ」%K%P
「ふふふっ、慣れていないのだから、当然よ」%K%P
「ふぅ、ありがとう……練習、続けて」%K%P
「ふぅ、ありがとう……練習、続けて」%K%P
落とさないよう慎重に千影さんへ返す。%K%P
落とさないよう慎重に千影さんへ返す。%K%P
「では、先ほどとは違う動きを見せるわ」%K%P
「では、先ほどとは違う動きを見せるわ」%K%P
「うん。楽しみ」%K%P
「うん。楽しみ」%K%P
僕は少し千影さんから距離を置いて、口を閉ざす。%K%P
僕は少し千影さんから距離を置いて、口を閉ざす。%K%P
「…………」%K%P
「…………」%K%P
千影さんは目を閉じ、深呼吸を繰り返す。%K%P
千影さんは目を閉じ、深呼吸を繰り返す。%K%P
そして数秒後――。%K%P
そして数秒後――。%K%P
「はぁっ……！」%K%P
「はぁっ……！」%K%P
目を見開くと同時に、目にも留まらぬ早さで双剣を抜いた。%K%P
目を見開くと同時に、目にも留まらぬ早さで双剣を抜いた。%K%P
目前の光景に、ただただ驚くばかりだ。%K%P
目前の光景に、ただただ驚くばかりだ。%K%P
こんな凄い人と、アリアに一緒に参加できるのか。%K%P
こんな凄い人と、アリアに一緒に参加できるのか。%K%P
ワクワクする気持ちが湧き上がって、思わず声を出してしまいそうになる。%K%P
ワクワクする気持ちが湧き上がって、思わず声を出してしまいそうになる。%K%P
「…………っ」%K%P
「…………っ」%K%P
千影さんは右足を引いて半身の体勢になった。%K%P
千影さんは右足を引いて半身の体勢になった。%K%P
双剣をしっかりと構え、目の前にいるであろう仮想の相手を見つめる。%K%P
双剣をしっかりと構え、目の前にいるであろう仮想の相手を見つめる。%K%P
「はぁっ！　たぁ……！　やああぁぁ……！」%K%P
「はぁっ！　たぁ……！　やああぁぁ……！」%K%P
お腹の底から声を張り上げ、器用に双剣を交互に振るう。%K%P
お腹の底から声を張り上げ、器用に双剣を交互に振るう。%K%P
もし僕が{騎士:ワルキュリア}として参加していたなら、すぐにやられてしまいそうだ。%K%P
もし僕が{騎士:ワルキュリア}として参加していたなら、すぐにやられてしまいそうだ。%K%P
美しく素早いそのスタイル、まるでダンスを踊ってるようにすら見えた。%K%P
美しく素早いそのスタイル、まるでダンスを踊ってるようにすら見えた。%K%P
「ふっ、せいっ！　たあぁぁ……！　はっ！」%K%P
「ふっ、せいっ！　たあぁぁ……！　はっ！」%K%P
ふと、もし千影さんが僕の{騎士:ワルキュリア}だったらいいな――なんて思ってしまう。%K%P
ふと、もし千影さんが僕の{騎士:ワルキュリア}だったらいいな――なんて思ってしまう。%K%P
とにかく、それくらい千影さんの動きは完成されていた。%K%P
とにかく、それくらい千影さんの動きは完成されていた。%K%P
一歩、また一歩と踏み込みながら双剣を舞わせる。%K%P
一歩、また一歩と踏み込みながら双剣を舞わせる。%K%P
……まるで隙がない。%K%P
……まるで隙がない。%K%P
「…………あっ」%K%P
「…………あっ」%K%P
少しずつ剣を振りながら前進していく千影さんを見ている最中、僕はある事に気付いた。%K%P
少しずつ剣を振りながら前進していく千影さんを見ている最中、僕はある事に気付いた。%K%P
あのまま進んでいくと、足下にある窪みに足を取られるんじゃ……？%K%P
あのまま進んでいくと、足下にある窪みに足を取られるんじゃ……？%K%P
「ふっ、はっ、たぁ……せっ！　やぁ……！」%K%P
「ふっ、はっ、たぁ……せっ！　やぁ……！」%K%P
「千影さんっ、足元、足元！」%K%P
「千影さんっ、足元、足元！」%K%P
「へ――きゃあぁっ！？」%K%P
「へ――きゃあぁっ！？」%K%P
僕の不安が的中し（声をかけたせいかもしれないけど）千影さんは窪みを踏んでバランスを崩す。%K%P
僕の不安が的中し（声をかけたせいかもしれないけど）千影さんは窪みを踏んでバランスを崩す。%K%P
――間に合え！%K%P
――間に合え！%K%P
スライディングするようにして、僕は地面と千影さんの間に割り込んだ。%K%P
スライディングするようにして、僕は地面と千影さんの間に割り込んだ。%K%P
「……ギリギリセーフ、かな？」%K%P
「……ギリギリセーフ、かな？」%K%P
僕の腕に抱きかかえられた千影さんは、ゆっくりと目を開く。%K%P
僕の腕に抱きかかえられた千影さんは、ゆっくりと目を開く。%K%P
「ケガない？」%K%P
「ケガない？」%K%P
「えっ、あ……はい……」%K%P
「えっ、あ……はい……」%K%P
千影さんは状況を理解したのか、顔が真っ赤に染まった。%K%P
千影さんは状況を理解したのか、顔が真っ赤に染まった。%K%P
「……立てる？」%K%P
「……立てる？」%K%P
聞いてみるが、返事は返ってこない。%K%P
聞いてみるが、返事は返ってこない。%K%P
「……千影さん？」%K%P
「……千影さん？」%K%P
「……あなたの{騎士:ワルキュリア}になりたい」%K%P
「……あなたの{騎士:ワルキュリア}になりたい」%K%P
「ふえっ！？」%K%P
「ふえっ！？」%K%P
「あっ……いえ、ど、どうしてそんなこと……」%K%P
「あっ……いえ、ど、どうしてそんなこと……」%K%P
慌てながら千影さんは立ち上がって、僕に手を差し出してくれた。%K%P
慌てながら千影さんは立ち上がって、僕に手を差し出してくれた。%K%P
しっかりと手を握って引っ張り上げてもらう。%K%P
しっかりと手を握って引っ張り上げてもらう。%K%P
「ご、ごめんなさい。気が動転していて……」%K%P
「ご、ごめんなさい。気が動転していて……」%K%P
「う、うん。そうだよね……」%K%P
「う、うん。そうだよね……」%K%P
「えと……」%K%P
「えと……」%K%P
なんとも言えない空気が僕たちの間に流れる。%K%P
なんとも言えない空気が僕たちの間に流れる。%K%P
「――私、どうしても{最優秀騎士:ブリランテ}になりたい……理由、話した事、なかったわよね」%K%P
「――私、どうしても{最優秀騎士:ブリランテ}になりたい……理由、話した事、なかったわよね」%K%P
「え、あ、そうだね……」%K%P
「え、あ、そうだね……」%K%P
突然の話題の変更に、頭を切り換える。%K%P
突然の話題の変更に、頭を切り換える。%K%P
「少し長くなるけれど、いいかしら」%K%P
「少し長くなるけれど、いいかしら」%K%P
「うん、構わないよ」%K%P
「うん、構わないよ」%K%P
その件はずっと僕が聞いておきたかったし、ちょうどいい。%K%P
その件はずっと僕が聞いておきたかったし、ちょうどいい。%K%P
「昨年度、学期の終わりに学園からふたりの学生が転校していったの」%K%P
「昨年度、学期の終わりに学園からふたりの学生が転校していったの」%K%P
「その二人というのはとても仲のいい間柄で……いえ、こんな言い方はおためごかしね」%K%P
「その二人というのはとても仲のいい間柄で……いえ、こんな言い方はおためごかしね」%K%P
「…お互いを愛し合っていた。恋人だったのよ、二人は」%K%P
「…お互いを愛し合っていた。恋人だったのよ、二人は」%K%P
「……もちろん、女性同士、だよね？」%K%P
「……もちろん、女性同士、だよね？」%K%P
「ええ、そうよ。見ていて微笑ましかったわ」%K%P
「ええ、そうよ。見ていて微笑ましかったわ」%K%P
「でもその恋愛関係が両家の親に知られ、離ればなれにするため、別々の学園に転校させられた」%K%P
「でもその恋愛関係が両家の親に知られ、離ればなれにするため、別々の学園に転校させられた」%K%P
「そんなことが……」%K%P
「そんなことが……」%K%P
「でね、そのうちのひとりが……私の親友だったの」%K%P
「でね、そのうちのひとりが……私の親友だったの」%K%P
はっきりとした口調で千影さんは語り続ける。%K%P
はっきりとした口調で千影さんは語り続ける。%K%P
「親友ともうひとりの恋人は、共に由緒ある名家出身」%K%P
「親友ともうひとりの恋人は、共に由緒ある名家出身」%K%P
「厳しい家柄による抑圧がある中、つらい環境を共感し、理解できる者同士として……友人以上の関係に」%K%P
「厳しい家柄による抑圧がある中、つらい環境を共感し、理解できる者同士として……友人以上の関係に」%K%P
「それが両家の親に知られてしまった……」%K%P
「それが両家の親に知られてしまった……」%K%P
「ええ、いずみさん、名家に生まれた一人娘の役目は何だと思う？」%K%P
「ええ、いずみさん、名家に生まれた一人娘の役目は何だと思う？」%K%P
名家に生まれた娘の役割……か。%K%P
名家に生まれた娘の役割……か。%K%P
「……跡継ぎを残すこと？」%K%P
「……跡継ぎを残すこと？」%K%P
「その通り。彼女たちに兄妹がいれば、もしかしたら違う結果が待っていたのかもしれないけれど……」%K%P
「その通り。彼女たちに兄妹がいれば、もしかしたら違う結果が待っていたのかもしれないけれど……」%K%P
「私は悔しかった……ふたりの関係を知っていながら何もできなかったことが」%K%P
「私は悔しかった……ふたりの関係を知っていながら何もできなかったことが」%K%P
「あの時、あの時……私が止めていればっ！」%K%P
「あの時、あの時……私が止めていればっ！」%K%P
「千影さんはふたりを応援していたんだね……？」%K%P
「千影さんはふたりを応援していたんだね……？」%K%P
千影さんが感情を露わにしたところで、僕は口を挟む。%K%P
千影さんが感情を露わにしたところで、僕は口を挟む。%K%P
「ええ。あの子の幸せそうな顔を見ていたら、関係を止めるようにだなんて、言えなくなってしまって……」%K%P
「ええ。あの子の幸せそうな顔を見ていたら、関係を止めるようにだなんて、言えなくなってしまって……」%K%P
僕も千影さんの立場なら、見逃してしまっていたかもしれない……。%K%P
僕も千影さんの立場なら、見逃してしまっていたかもしれない……。%K%P
「とにかく、私はその出来事で親友を失った」%K%P
「とにかく、私はその出来事で親友を失った」%K%P
「私たちのように、跡継ぎや家督を継ぐ事を期待されている人間は、特にそうなのだけれど――」%K%P
「私たちのように、跡継ぎや家督を継ぐ事を期待されている人間は、特にそうなのだけれど――」%K%P
「同性を好きになってしまっても悲しい結末しか待っていない」%K%P
「同性を好きになってしまっても悲しい結末しか待っていない」%K%P
「だから……不純同性交遊の禁止を」%K%P
「だから……不純同性交遊の禁止を」%K%P
千影さんは頷く。%K%P
千影さんは頷く。%K%P
……そんな過去があったなんて。%K%P
……そんな過去があったなんて。%K%P
好奇心で求めた答えに対し、僕は口を閉ざす。%K%P
好奇心で求めた答えに対し、僕は口を閉ざす。%K%P
「私が持っている双剣の片方――これは、親友が使っていたものよ」%K%P
「私が持っている双剣の片方――これは、親友が使っていたものよ」%K%P
「……その子も{騎士:ワルキュリア}だったんだ」%K%P
「……その子も{騎士:ワルキュリア}だったんだ」%K%P
「同じチームメイトとして、共にアリアに臨んだわ」%K%P
「同じチームメイトとして、共にアリアに臨んだわ」%K%P
「――この剣に誓って、私は、{最優秀騎士:ブリランテ}になってみせる」%K%P
「――この剣に誓って、私は、{最優秀騎士:ブリランテ}になってみせる」%K%P
千影さんが物憂げな瞳で双剣―――親友の剣を見つめていた。%K%P
千影さんが物憂げな瞳で双剣―――親友の剣を見つめていた。%K%P
「……話してくれて、ありがとう」%K%P
「……話してくれて、ありがとう」%K%P
「いいの。私が話したくて話したのだから」%K%P
「いいの。私が話したくて話したのだから」%K%P
「私、応援するから。千影さんのこと」%K%P
「私、応援するから。千影さんのこと」%K%P
「いずみさん……」%K%P
「いずみさん……」%K%P
僕がそう言うと、千影さんの表情が和らぐ。%K%P
僕がそう言うと、千影さんの表情が和らぐ。%K%P
「――誰っ！？」%K%P
「――誰っ！？」%K%P
「ごめんなさいね、盗み聞きするつもりはなかったんですの……」%K%P
「ごめんなさいね、盗み聞きするつもりはなかったんですの……」%K%P
「奏さん……」%K%P
「奏さん……」%K%P
いつの間に来ていたのか、申し訳なさそうな表情をした奏さんが姿を現した。%K%P
いつの間に来ていたのか、申し訳なさそうな表情をした奏さんが姿を現した。%K%P
「千影、いずみさんに話したのですわね……」%K%P
「千影、いずみさんに話したのですわね……」%K%P
「ええ」%K%P
「ええ」%K%P
「そう……」%K%P
「そう……」%K%P
優しい表情で、奏さんは千影を見つめる。%K%P
優しい表情で、奏さんは千影を見つめる。%K%P
「ところで、どうしてここへ？」%K%P
「ところで、どうしてここへ？」%K%P
「あ、そうでしたの。正門の前に千影の家の車が止まっていたのに、ご本人がいらっしゃらないようでしたから、探しに……」%K%P
「あ、そうでしたの。正門の前に千影の家の車が止まっていたのに、ご本人がいらっしゃらないようでしたから、探しに……」%K%P
「あ……」%K%P
「あ……」%K%P
千影さんはしまった、という顔をした。%K%P
千影さんはしまった、という顔をした。%K%P
「もう迎えの時間をとっくに過ぎてしまっていたわね……」%K%P
「もう迎えの時間をとっくに過ぎてしまっていたわね……」%K%P
「私もそろそろ寮に戻らないと」%K%P
「私もそろそろ寮に戻らないと」%K%P
「呼びに来てくれてありがとう、奏」%K%P
「呼びに来てくれてありがとう、奏」%K%P
「お安いご用ですわ。さ、みなさん帰りましょう」%K%P
「お安いご用ですわ。さ、みなさん帰りましょう」%K%P
三人で並ぶようにして、僕たちは修練所を後にした。%K%P
三人で並ぶようにして、僕たちは修練所を後にした。%K%P
部屋に戻った僕は、そのままベッドに寝転がる。%K%P
部屋に戻った僕は、そのままベッドに寝転がる。%K%P
綾香さんはどこかに行ったみたいで、机の上に通学カバンのみが置かれていた。%K%P
綾香さんはどこかに行ったみたいで、机の上に通学カバンのみが置かれていた。%K%P
「千影さん、か」%K%P
「千影さん、か」%K%P
天井を見上げ、千影さんのことを思い返してみる。%K%P
天井を見上げ、千影さんのことを思い返してみる。%K%P
最初会った時はクールで、近寄りがたい印象があったけど、それは違った。%K%P
最初会った時はクールで、近寄りがたい印象があったけど、それは違った。%K%P
親友と別れる結末を体験した彼女は、必要以上に他人と仲良くならないように、距離を取っていたんだ。%K%P
親友と別れる結末を体験した彼女は、必要以上に他人と仲良くならないように、距離を取っていたんだ。%K%P
本当は、本について目を輝かせて語ったり、僕の歌を真剣に聴いてくれたり――一生懸命な人なんだ。%K%P
本当は、本について目を輝かせて語ったり、僕の歌を真剣に聴いてくれたり――一生懸命な人なんだ。%K%P
まだ出会って僅かな時間しか過ごしていないけど、僕の目に映る千影さんはどんどん変わっていって……。%K%P
まだ出会って僅かな時間しか過ごしていないけど、僕の目に映る千影さんはどんどん変わっていって……。%K%P
「誤解されやすい人なんだ、彼女は……」%K%P
「誤解されやすい人なんだ、彼女は……」%K%P
これから先、どういう風に千影さんは変わっていくのだろう？%K%P
これから先、どういう風に千影さんは変わっていくのだろう？%K%P
僕は彼女の変化をもっと見てみたい――そう思うのであった。%K%P
僕は彼女の変化をもっと見てみたい――そう思うのであった。%K%P
