遠くから開始を知らせる、合図が聞こえてきた。%K%P
遠くから開始を知らせる、合図が聞こえてきた。%K%P
ルールに{則:のっと}って、目を閉じ片膝をついていた僕は、ゆっくりと立ち上がった。%K%P
ルールに{則:のっと}って、目を閉じ片膝をついていた僕は、ゆっくりと立ち上がった。%K%P
「……ふぅ、いよいよ始まったね」%K%P
「……ふぅ、いよいよ始まったね」%K%P
深皇祭の花形競技である、プリンチペッサ・プレギエーラ。通称、アリア。%K%P
深皇祭の花形競技である、プリンチペッサ・プレギエーラ。通称、アリア。%K%P
{騎士:ワルキュリア}が森の中を舞台に{歌姫:ディーバ}を探し、その{歌姫:ディーバ}が歌声を響渡らせる。%K%P
{騎士:ワルキュリア}が森の中を舞台に{歌姫:ディーバ}を探し、その{歌姫:ディーバ}が歌声を響渡らせる。%K%P
深皇学園に通う全ての学生が待ち焦がれたイベントだ。%K%P
深皇学園に通う全ての学生が待ち焦がれたイベントだ。%K%P
軽く声を出し、喉の調子を確かめる……うん、いい感じ。%K%P
軽く声を出し、喉の調子を確かめる……うん、いい感じ。%K%P
「すぅ～、ふぅ～……」%K%P
「すぅ～、ふぅ～……」%K%P
朝露に濡れていた草いきれを吸い込み、そろそろと吐き出す。%K%P
朝露に濡れていた草いきれを吸い込み、そろそろと吐き出す。%K%P
数回繰り返している内に、血の巡りが良くなってゆき、体が温かくなってくる。%K%P
数回繰り返している内に、血の巡りが良くなってゆき、体が温かくなってくる。%K%P
「…………ん、いいかな。それじゃ……」%K%P
「…………ん、いいかな。それじゃ……」%K%P
地面を踏みしめる。お腹に力を込める。%K%P
地面を踏みしめる。お腹に力を込める。%K%P
抜けるような青空を見上げ、歌い始める――{歌姫:ディーバ}の元に{騎士:ワルキュリア}を呼ぶ為に。%K%P
抜けるような青空を見上げ、歌い始める――{歌姫:ディーバ}の元に{騎士:ワルキュリア}を呼ぶ為に。%K%P
時折休息を入れながら、歌うこと、数曲。%K%P
時折休息を入れながら、歌うこと、数曲。%K%P
前方の草むらに人影が現れた――味方の{騎士:ワルキュリア}ならばいいのだけれど……%K%P
前方の草むらに人影が現れた――味方の{騎士:ワルキュリア}ならばいいのだけれど……%K%P
頭上に剣を差し上げ、振る仕草……二つに縛った長い髪が揺れている。%K%P
頭上に剣を差し上げ、振る仕草……二つに縛った長い髪が揺れている。%K%P
「あれは……綾香さんっ」%K%P
「あれは……綾香さんっ」%K%P
こちらに向ってくる彼女に手を振り返す。%K%P
こちらに向ってくる彼女に手を振り返す。%K%P
良かった……安堵のため息を吐く僕の耳に、背後から物音が聞こえた。%K%P
良かった……安堵のため息を吐く僕の耳に、背後から物音が聞こえた。%K%P
「……え？　なんだろう、動物とかかな？　違う……もっと大きな…………」%K%P
「……え？　なんだろう、動物とかかな？　違う……もっと大きな…………」%K%P
段々と大きくなった音が、不意に静まりかえる。%K%P
段々と大きくなった音が、不意に静まりかえる。%K%P
毛穴が開くような緊張感。本能が警鐘を鳴らす。%K%P
毛穴が開くような緊張感。本能が警鐘を鳴らす。%K%P
「綾香さんっ！　逃げてっ！」%K%P
「綾香さんっ！　逃げてっ！」%K%P
「……くっ！」%K%P
「……くっ！」%K%P
風を切り裂き、棒状の物が綾香さん目がけて飛んでいった。%K%P
風を切り裂き、棒状の物が綾香さん目がけて飛んでいった。%K%P
それは宙に舞う長い髪を掠め、草むらへと消えていった。%K%P
それは宙に舞う長い髪を掠め、草むらへと消えていった。%K%P
「ああん、外れちゃいました。もう、いずみ様ったら勘が良すぎです」%K%P
「ああん、外れちゃいました。もう、いずみ様ったら勘が良すぎです」%K%P
「夕陽ちゃん？　いつの間に……」%K%P
「夕陽ちゃん？　いつの間に……」%K%P
「ごきげんよう。結構前からいましたよ？　特等席で、いずみ様のお歌、聞かせて貰ってました。えへへ、やっぱりいいお声ですね」%K%P
「ごきげんよう。結構前からいましたよ？　特等席で、いずみ様のお歌、聞かせて貰ってました。えへへ、やっぱりいいお声ですね」%K%P
キョロキョロとあたりを見回す……声は聞こえるけど、姿が見えない。%K%P
キョロキョロとあたりを見回す……声は聞こえるけど、姿が見えない。%K%P
「わたしがどこにいるのか分かりませんか？」%K%P
「わたしがどこにいるのか分かりませんか？」%K%P
「うん。大体の方向は分かるんだけど……凄いね、夕陽ちゃんはこんな技術も持っているんだ」%K%P
「うん。大体の方向は分かるんだけど……凄いね、夕陽ちゃんはこんな技術も持っているんだ」%K%P
「えへへ、褒められちゃいました。わたし、昔から隠れんぼは得意なんです。ことりんが鬼になったら、先ず見つかりませんでしたし」%K%P
「えへへ、褒められちゃいました。わたし、昔から隠れんぼは得意なんです。ことりんが鬼になったら、先ず見つかりませんでしたし」%K%P
目の端に綾香さんが映る。そろそろとこちらに向ってきている。%K%P
目の端に綾香さんが映る。そろそろとこちらに向ってきている。%K%P
もう少し夕陽ちゃんの注意を引きつけたいところだ。%K%P
もう少し夕陽ちゃんの注意を引きつけたいところだ。%K%P
「はは、ことりちゃんはかくれんぼとか、鬼ごっことか苦手そうだもんね」%K%P
「はは、ことりちゃんはかくれんぼとか、鬼ごっことか苦手そうだもんね」%K%P
「さすがいずみ様、その通りですよ。最初から最後までことりんが鬼、なんてパターン多かったです。結局泣いちゃうんですけどね」%K%P
「さすがいずみ様、その通りですよ。最初から最後までことりんが鬼、なんてパターン多かったです。結局泣いちゃうんですけどね」%K%P
「ふふ、可愛そうだけどそれは見てみたかったなぁ。小さかった頃のことりちゃんや、夕陽ちゃん、可愛かったろうね」%K%P
「ふふ、可愛そうだけどそれは見てみたかったなぁ。小さかった頃のことりちゃんや、夕陽ちゃん、可愛かったろうね」%K%P
「もう、今でも可愛いですよ。どうせ、いずみ様は、ことりんがいればいいんでしょうけど」%K%P
「もう、今でも可愛いですよ。どうせ、いずみ様は、ことりんがいればいいんでしょうけど」%K%P
あと少し……接近戦になれば、剣の方が圧倒的に有利なはず。%K%P
あと少し……接近戦になれば、剣の方が圧倒的に有利なはず。%K%P
「あー、ひどいこと言うんだね。私、夕陽ちゃんのことも大切に思ってるのに」%K%P
「あー、ひどいこと言うんだね。私、夕陽ちゃんのことも大切に思ってるのに」%K%P
「本当ですか？　ねえ、いずみ様、もし……もしですよ？」%K%P
「本当ですか？　ねえ、いずみ様、もし……もしですよ？」%K%P
「運命のいたずらっていうか、タイミングがずれていたら……」%K%P
「運命のいたずらっていうか、タイミングがずれていたら……」%K%P
「…………わたしでも…………ん、しょっと！！」%K%P
「…………わたしでも…………ん、しょっと！！」%K%P
「くぅっ！」%K%P
「くぅっ！」%K%P
「あ、綾香さんっ！　だ、大丈夫！？」%K%P
「あ、綾香さんっ！　だ、大丈夫！？」%K%P
夕陽ちゃんの放った矢は綾香さんの鎧を掠める。%K%P
夕陽ちゃんの放った矢は綾香さんの鎧を掠める。%K%P
転がって離れる綾香さん。%K%P
転がって離れる綾香さん。%K%P
当たった角度が浅かったのか、幸い鎧は破壊されていないみたいだ。%K%P
当たった角度が浅かったのか、幸い鎧は破壊されていないみたいだ。%K%P
「ふぅ～……なんとかね。もう、夕陽ちゃんたら、髪がくしゃくしゃじゃないの、どうしてくれるのよ。今日は念入りにブローしてきたのに」%K%P
「ふぅ～……なんとかね。もう、夕陽ちゃんたら、髪がくしゃくしゃじゃないの、どうしてくれるのよ。今日は念入りにブローしてきたのに」%K%P
「えへへ、ごめんなさい。あ、でも、ちょっとワイルドな綾香様も素敵ですよ。ね、いずみ様」%K%P
「えへへ、ごめんなさい。あ、でも、ちょっとワイルドな綾香様も素敵ですよ。ね、いずみ様」%K%P
駄目だ、隙がない。%K%P
駄目だ、隙がない。%K%P
しばらく夕陽ちゃんの練習を見ていなかったけれど……これ程までレベルが高いなんて。%K%P
しばらく夕陽ちゃんの練習を見ていなかったけれど……これ程までレベルが高いなんて。%K%P
「いずみ様の作戦、破らせてもらいました。お歌の続き、聞かせて下さい」%K%P
「いずみ様の作戦、破らせてもらいました。お歌の続き、聞かせて下さい」%K%P
