「この格好も久しぶりだな……っていうか、ズボンってこんなに暑苦しかったかな？」%K%P
「この格好も久しぶりだな……っていうか、ズボンってこんなに暑苦しかったかな？」%K%P
男物の衣服を身につけた僕……なんか違和感がある。%K%P
男物の衣服を身につけた僕……なんか違和感がある。%K%P
階段の上り下りとかに気を使わなくていい反面、動きにくいというか……いやいや、これが本来の格好なんだよね。%K%P
階段の上り下りとかに気を使わなくていい反面、動きにくいというか……いやいや、これが本来の格好なんだよね。%K%P
チラリと街角に設置されている時計を見る……うん、約束の時間にはもう少しあるな。%K%P
チラリと街角に設置されている時計を見る……うん、約束の時間にはもう少しあるな。%K%P
僕は昨日のことりちゃんとのやり取りを思い返した。%K%P
僕は昨日のことりちゃんとのやり取りを思い返した。%K%P
昨晩の事、寮に戻ろうと歩いていた僕に、ことりちゃんが声を掛けてきた。%K%P
昨晩の事、寮に戻ろうと歩いていた僕に、ことりちゃんが声を掛けてきた。%K%P
「姉様、ちょっとお話しがあるんですけど……うん、大丈夫、かな」%K%P
「姉様、ちょっとお話しがあるんですけど……うん、大丈夫、かな」%K%P
「ん、内緒のお話？」%K%P
「ん、内緒のお話？」%K%P
辺りをキョロキョロと見回してから言葉を続けることりちゃん。%K%P
辺りをキョロキョロと見回してから言葉を続けることりちゃん。%K%P
深皇祭も終り、学園内にも静けさが戻ってきた。人影も少なく、遠くにポツリポツリと見えるくらいだ。%K%P
深皇祭も終り、学園内にも静けさが戻ってきた。人影も少なく、遠くにポツリポツリと見えるくらいだ。%K%P
「はい、内緒のお話ですっ……えっと、明日の……で、デートなんですけど」%K%P
「はい、内緒のお話ですっ……えっと、明日の……で、デートなんですけど」%K%P
「あ、そ、そのことね。あは、あはは……」%K%P
「あ、そ、そのことね。あは、あはは……」%K%P
あらたまってデートなんて言われると……うう、むず痒いっていうか、そわそわしちゃうっていうか。%K%P
あらたまってデートなんて言われると……うう、むず痒いっていうか、そわそわしちゃうっていうか。%K%P
こんなに可愛い子が僕の彼女なんだよな……%K%P
こんなに可愛い子が僕の彼女なんだよな……%K%P
「私、お願いがあるんですけど……あ、姉様がイヤなら止めますけど……うぅ、やっぱり……」%K%P
「私、お願いがあるんですけど……あ、姉様がイヤなら止めますけど……うぅ、やっぱり……」%K%P
「ああもう、そんな言い方されたら余計気になっちゃうでしょ？　ほら、リーダーさん、最後まで言ってよ」%K%P
「ああもう、そんな言い方されたら余計気になっちゃうでしょ？　ほら、リーダーさん、最後まで言ってよ」%K%P
「も、もうリーダーじゃないですよぉ。えっと、ですね、明日の待ち合わせですけど――」%K%P
「も、もうリーダーじゃないですよぉ。えっと、ですね、明日の待ち合わせですけど――」%K%P
赤くなったり、言葉を詰まらせたりしながらことりちゃんが出してきた提案は……%K%P
赤くなったり、言葉を詰まらせたりしながらことりちゃんが出してきた提案は……%K%P
「わざわざ別に出掛けて待ち合わせか……確かに、こっちの方が雰囲気出るかも」%K%P
「わざわざ別に出掛けて待ち合わせか……確かに、こっちの方が雰囲気出るかも」%K%P
さっき僕が来た方角……多分ことりちゃんが現れる方向に視線を向ける。%K%P
さっき僕が来た方角……多分ことりちゃんが現れる方向に視線を向ける。%K%P
行き交う人々の中に、小柄でふわふわの髪をした女の子の姿を探す。%K%P
行き交う人々の中に、小柄でふわふわの髪をした女の子の姿を探す。%K%P
チラリと時計に目をやる――まだ数分も経っていないや。%K%P
チラリと時計に目をやる――まだ数分も経っていないや。%K%P
「……なんか、すっごくドキドキしてきた」%K%P
「……なんか、すっごくドキドキしてきた」%K%P
胸に手を置く。リボンタイも{歌姫:ディーバ}の衣装も身につけていないそこは、早い鼓動を伝えてくる。%K%P
胸に手を置く。リボンタイも{歌姫:ディーバ}の衣装も身につけていないそこは、早い鼓動を伝えてくる。%K%P
やがてバスが到着して、三々五々、人々が降りてくる。%K%P
やがてバスが到着して、三々五々、人々が降りてくる。%K%P
その中には……周囲を見回す、愛しい人の姿が有った。%K%P
その中には……周囲を見回す、愛しい人の姿が有った。%K%P
「ごきげんよう、あ、違うか、おはよ」%K%P
「ごきげんよう、あ、違うか、おはよ」%K%P
「え！？　……わぁ～……あ、あの、ごめんなさい……わ、私そういうのじゃ、無いんです」%K%P
「え！？　……わぁ～……あ、あの、ごめんなさい……わ、私そういうのじゃ、無いんです」%K%P
ことりちゃんが片手に持っていたバスケットで体を隠すようにしている。あれれ、どうしたんだ？%K%P
ことりちゃんが片手に持っていたバスケットで体を隠すようにしている。あれれ、どうしたんだ？%K%P
「え、なにを言って……ちょ、ちょっと待って」%K%P
「え、なにを言って……ちょ、ちょっと待って」%K%P
「その、あなたも、優しそうで素敵だなぁーって思いますけど……ち、違うっ。駄目です、待ち合わせしてるんですからっ」%K%P
「その、あなたも、優しそうで素敵だなぁーって思いますけど……ち、違うっ。駄目です、待ち合わせしてるんですからっ」%K%P
ジリジリと後ずさりすることりちゃん。僕らの様子を見て、周りの人達も足を止めている。%K%P
ジリジリと後ずさりすることりちゃん。僕らの様子を見て、周りの人達も足を止めている。%K%P
「おいおい、朝っぱらからナンパかい。お兄さん元気だねぇ」%K%P
「おいおい、朝っぱらからナンパかい。お兄さん元気だねぇ」%K%P
「ちょっと、あなた、女の子嫌がっているわよ？」%K%P
「ちょっと、あなた、女の子嫌がっているわよ？」%K%P
「ち、違うんですっ！　ことりちゃん、どうしたのさ……あ、もしかして」%K%P
「ち、違うんですっ！　ことりちゃん、どうしたのさ……あ、もしかして」%K%P
「えぇ！？　なんで私の名前知ってるんですか？　わ、分かった、あなた、え、エッチな人ですね？　だ、だめです、私は兄様としかっ」%K%P
「えぇ！？　なんで私の名前知ってるんですか？　わ、分かった、あなた、え、エッチな人ですね？　だ、だめです、私は兄様としかっ」%K%P
わあ、なにを言い出すんだ、この子は！？　やっぱり僕だって分かってないんだ――思わず手首を掴まえる。%K%P
わあ、なにを言い出すんだ、この子は！？　やっぱり僕だって分かってないんだ――思わず手首を掴まえる。%K%P
「きゃっ！　んぅ……」%K%P
「きゃっ！　んぅ……」%K%P
ああ、どうしよう……周りの人達がざわざわし始めた。ま、まずい。%K%P
ああ、どうしよう……周りの人達がざわざわし始めた。ま、まずい。%K%P
えっと、ことりちゃんに分からせるには……こ、これか？%K%P
えっと、ことりちゃんに分からせるには……こ、これか？%K%P
「ぼ、僕だよ、司だってば！　ほらね………………」%K%P
「ぼ、僕だよ、司だってば！　ほらね………………」%K%P
「あ……この歌声って……」%K%P
「あ……この歌声って……」%K%P
僕は歌を歌い始める。一番手っ取り早いのは、多分これだろう。%K%P
僕は歌を歌い始める。一番手っ取り早いのは、多分これだろう。%K%P
歌声を聞いて、ことりちゃんの手から力が抜ける――僕はそっと手を離した。%K%P
歌声を聞いて、ことりちゃんの手から力が抜ける――僕はそっと手を離した。%K%P
表情から強張りが抜け落ち、穏やかなものへと変化していく。%K%P
表情から強張りが抜け落ち、穏やかなものへと変化していく。%K%P
「……はぁ……なんていい声……やだ……素敵」%K%P
「……はぁ……なんていい声……やだ……素敵」%K%P
「すげえ、なんだよこれ。お兄さん、エッチなのに、歌うまいなっ」%K%P
「すげえ、なんだよこれ。お兄さん、エッチなのに、歌うまいなっ」%K%P
……エッチじゃないです…………エッチなことはしちゃいましたけど。%K%P
……エッチじゃないです…………エッチなことはしちゃいましたけど。%K%P
「兄様……兄様だったんですねっ！」%K%P
「兄様……兄様だったんですねっ！」%K%P
「…………ふぅ。そうだよ、さっきから言ってるでしょ、もう……って、わわ？」%K%P
「…………ふぅ。そうだよ、さっきから言ってるでしょ、もう……って、わわ？」%K%P
「あなた、名のある歌手？　ねえ続き、歌ってくださらない？　私、もっと聞きたいわ」%K%P
「あなた、名のある歌手？　ねえ続き、歌ってくださらない？　私、もっと聞きたいわ」%K%P
「やるねえ、お兄さん。うーん、大したもんだ。もう一曲頼むよ」%K%P
「やるねえ、お兄さん。うーん、大したもんだ。もう一曲頼むよ」%K%P
「あ、あはは、ありがとうございます。え、えっと、僕ら急ぎますので……さっ、ことりちゃん」%K%P
「あ、あはは、ありがとうございます。え、えっと、僕ら急ぎますので……さっ、ことりちゃん」%K%P
僕の差し出した手をしっかりと握ることりちゃん。%K%P
僕の差し出した手をしっかりと握ることりちゃん。%K%P
もう片方の手に持っていたバスケットを受け取る。%K%P
もう片方の手に持っていたバスケットを受け取る。%K%P
「はい、兄様。走りますか？」%K%P
「はい、兄様。走りますか？」%K%P
「うんっ。それじゃ、ごきげんよう、皆さんっ」%K%P
「うんっ。それじゃ、ごきげんよう、皆さんっ」%K%P
