前の授業は体育で、僕と綾香さんは遅れ気味で教室に戻った。%K%P
前の授業は体育で、僕と綾香さんは遅れ気味で教室に戻った。%K%P
休み時間の残りは少なくて、これ以上のんびりしていたら次の授業に遅刻していたかもしれないタイミングだ。%K%P
休み時間の残りは少なくて、これ以上のんびりしていたら次の授業に遅刻していたかもしれないタイミングだ。%K%P
先に戻っていた美琴さんが怪訝そうに問いかけてくる。%K%P
先に戻っていた美琴さんが怪訝そうに問いかけてくる。%K%P
「二人とも遅かったね。なにかあったの？」%K%P
「二人とも遅かったね。なにかあったの？」%K%P
「あー、ちょっと……」%K%P
「あー、ちょっと……」%K%P
単純に更衣室が空くのを待っていたからだったりする。%K%P
単純に更衣室が空くのを待っていたからだったりする。%K%P
体育用具の後片付けに手間取っているという風に装いながら時間稼ぎするのも結構大変だった。%K%P
体育用具の後片付けに手間取っているという風に装いながら時間稼ぎするのも結構大変だった。%K%P
みんなに背中を向けながら、上手いこと死角で着替えればたぶんバレないとはおもうんだけど、でも、やっぱりねぇ……？%K%P
みんなに背中を向けながら、上手いこと死角で着替えればたぶんバレないとはおもうんだけど、でも、やっぱりねぇ……？%K%P
僕の立場じゃ念を入れるに越したことはない。%K%P
僕の立場じゃ念を入れるに越したことはない。%K%P
そもそも背後で下着姿の女の子たちが着替えの真っ最中なんて状況にはとても平常心を保てそうにない。%K%P
そもそも背後で下着姿の女の子たちが着替えの真っ最中なんて状況にはとても平常心を保てそうにない。%K%P
「ちょっとおしゃべりし過ぎちゃったみたいで、それで着替えるのがおそくなってしまったの、ね」%K%P
「ちょっとおしゃべりし過ぎちゃったみたいで、それで着替えるのがおそくなってしまったの、ね」%K%P
チラッと綾香さんが目配せしてきた。%K%P
チラッと綾香さんが目配せしてきた。%K%P
実のところ、綾香さんは僕が着替えている間、誰か更衣室にやって来ないかドアの外で見張ってくれていた。%K%P
実のところ、綾香さんは僕が着替えている間、誰か更衣室にやって来ないかドアの外で見張ってくれていた。%K%P
何はともあれ素早くフォローしてくれた綾香さんに僕も話を合わせる。%K%P
何はともあれ素早くフォローしてくれた綾香さんに僕も話を合わせる。%K%P
「じ、実はそうなんだ。うっかりしないように次からは気をつけないとね」%K%P
「じ、実はそうなんだ。うっかりしないように次からは気をつけないとね」%K%P
「もう、何かあったのかなってちょっと心配しちゃったじゃない」%K%P
「もう、何かあったのかなってちょっと心配しちゃったじゃない」%K%P
「ふふ、ごめんね。特に問題はなかったわ」%K%P
「ふふ、ごめんね。特に問題はなかったわ」%K%P
「心配してくれてありがと」%K%P
「心配してくれてありがと」%K%P
「まあ、いいけど」%K%P
「まあ、いいけど」%K%P
美琴さんは複雑そうな表情だった。%K%P
美琴さんは複雑そうな表情だった。%K%P
「どうかした、美琴さん？」%K%P
「どうかした、美琴さん？」%K%P
「あ、うん」%K%P
「あ、うん」%K%P
「綾香といずみさん、仲が良いなってちょっと思っただけ」%K%P
「綾香といずみさん、仲が良いなってちょっと思っただけ」%K%P
「あ～、一緒にいることは多いかもね。私ったら綾香さんにお世話になりっぱなしだからなぁ……」%K%P
「あ～、一緒にいることは多いかもね。私ったら綾香さんにお世話になりっぱなしだからなぁ……」%K%P
「ま、まあ、まだうちの学園に不慣れな部分があるからしかたないよ」%K%P
「ま、まあ、まだうちの学園に不慣れな部分があるからしかたないよ」%K%P
「ほ、ほら、綾香さんにもそうだけど、美琴さんにも色々教えて貰ったりしてるしね」%K%P
「ほ、ほら、綾香さんにもそうだけど、美琴さんにも色々教えて貰ったりしてるしね」%K%P
少なくとも料理の知識は格段に増えた。%K%P
少なくとも料理の知識は格段に増えた。%K%P
今の僕ならそれなりに見栄えのする手作り弁当も用意できそうだ。%K%P
今の僕ならそれなりに見栄えのする手作り弁当も用意できそうだ。%K%P
自分でも女子力上がったな～としみじみ思うね。%K%P
自分でも女子力上がったな～としみじみ思うね。%K%P
……いや、僕、男だけどさ。%K%P
……いや、僕、男だけどさ。%K%P
美琴さんが綾香さんをチラリと見る。%K%P
美琴さんが綾香さんをチラリと見る。%K%P
「いずみさんが不慣れでサポートが必要なら、言ってくれればあたしだって手を貸すのに」%K%P
「いずみさんが不慣れでサポートが必要なら、言ってくれればあたしだって手を貸すのに」%K%P
「そうね。色々忙しいでしょうけど、何かあったときはお願いしようかな」%K%P
「そうね。色々忙しいでしょうけど、何かあったときはお願いしようかな」%K%P
「色々忙しいのは綾香も一緒じゃない。友達でしょ、何かあったときなんて遠慮しないで」%K%P
「色々忙しいのは綾香も一緒じゃない。友達でしょ、何かあったときなんて遠慮しないで」%K%P
僕の性別が露見したらまずいせいで気軽に頼るに頼れないだけなんだろうけど、美琴さんからすれば何かと歯がゆいのかな。%K%P
僕の性別が露見したらまずいせいで気軽に頼るに頼れないだけなんだろうけど、美琴さんからすれば何かと歯がゆいのかな。%K%P
美琴さんって面倒見が良いから、余計にそう感じるのかもしれない。%K%P
美琴さんって面倒見が良いから、余計にそう感じるのかもしれない。%K%P
「ま、まあまあ、美琴さんの気持ちはうれしいけど、すぐに手助けされてばかりだといつまで経っても私が成長しないと思うの」%K%P
「ま、まあまあ、美琴さんの気持ちはうれしいけど、すぐに手助けされてばかりだといつまで経っても私が成長しないと思うの」%K%P
「だから、ここはあえて遠くから見守ってくれるだけのパターンもありじゃないかな～なんて……」%K%P
「だから、ここはあえて遠くから見守ってくれるだけのパターンもありじゃないかな～なんて……」%K%P
自分でも苦しい言い訳だなぁと思う。%K%P
自分でも苦しい言い訳だなぁと思う。%K%P
案の定、美琴さんは少しも納得した顔には見えない。%K%P
案の定、美琴さんは少しも納得した顔には見えない。%K%P
「で、そう言われたからって綾香ならいずみさんを放っておけるの？」%K%P
「で、そう言われたからって綾香ならいずみさんを放っておけるの？」%K%P
「んん～、それは、まあねぇ……」%K%P
「んん～、それは、まあねぇ……」%K%P
「だったらあたしも……って、ちょっといずみさん、襟元のボタン」%K%P
「だったらあたしも……って、ちょっといずみさん、襟元のボタン」%K%P
「え、え？」%K%P
「え、え？」%K%P
「ボタン、取れ掛かってる」%K%P
「ボタン、取れ掛かってる」%K%P
「あ、ホントだ」%K%P
「あ、ホントだ」%K%P
手で触ってみると糸がほつれてプラプラになっていた。%K%P
手で触ってみると糸がほつれてプラプラになっていた。%K%P
きっとさっき慌てて着替えたからだろう。%K%P
きっとさっき慌てて着替えたからだろう。%K%P
美琴さんが鞄からソーイングセットを取り出した。%K%P
美琴さんが鞄からソーイングセットを取り出した。%K%P
「付け直して上げるからシャツだけでも脱いで貰える？」%K%P
「付け直して上げるからシャツだけでも脱いで貰える？」%K%P
「い、いいよ。そこまでしてくれなくても」%K%P
「い、いいよ。そこまでしてくれなくても」%K%P
そもそも女装がバレかねない。どう考えてもこの場でシャツを脱ぐのはリスクが大きすぎる。%K%P
そもそも女装がバレかねない。どう考えてもこの場でシャツを脱ぐのはリスクが大きすぎる。%K%P
「でも次の先生、服装の乱れにうるさいから、ちゃんとしとかないと怒られるかも」%K%P
「でも次の先生、服装の乱れにうるさいから、ちゃんとしとかないと怒られるかも」%K%P
「確かにすぐに見つかっちゃうかも……困ったわね」%K%P
「確かにすぐに見つかっちゃうかも……困ったわね」%K%P
「仕方ないよ。どのみち脱いでたら間に合わないって」%K%P
「仕方ないよ。どのみち脱いでたら間に合わないって」%K%P
「う～ん、それはそうね……」%K%P
「う～ん、それはそうね……」%K%P
僕がうっかりしてたのは事実なんだから叱責を受けるのは仕方がない。%K%P
僕がうっかりしてたのは事実なんだから叱責を受けるのは仕方がない。%K%P
まあ、これから怒られると分かっていながら、そのまま授業を受けるしかないなんて状況を思うと気が重いのは確かだけど……。%K%P
まあ、これから怒られると分かっていながら、そのまま授業を受けるしかないなんて状況を思うと気が重いのは確かだけど……。%K%P
「分かった。いずみさん、椅子に座ったまま動かないで」%K%P
「分かった。いずみさん、椅子に座ったまま動かないで」%K%P
「え、ちょっと……っ」%K%P
「え、ちょっと……っ」%K%P
美琴さんの体温が直に感じられる。%K%P
美琴さんの体温が直に感じられる。%K%P
（うわわ、柔らか……っ、それにいい匂い……っ）%K%P
（うわわ、柔らか……っ、それにいい匂い……っ）%K%P
「動いちゃダメ。危ないよ。首に針が刺さっちゃうかも」%K%P
「動いちゃダメ。危ないよ。首に針が刺さっちゃうかも」%K%P
「うく……っ」%K%P
「うく……っ」%K%P
襟元で細かい作業をしているのが分かる。確かにこれでは動くに動けない。%K%P
襟元で細かい作業をしているのが分かる。確かにこれでは動くに動けない。%K%P
こうなった以上、大人しく美琴さんに身を委ねるしかないんだけど……。%K%P
こうなった以上、大人しく美琴さんに身を委ねるしかないんだけど……。%K%P
（おお、落ち着け……っ、今の僕は女の子……っ、女の子なんだから……！）%K%P
（おお、落ち着け……っ、今の僕は女の子……っ、女の子なんだから……！）%K%P
必死に自分に言い聞かせる。ここで不審な態度を取るわけには行かないしね。%K%P
必死に自分に言い聞かせる。ここで不審な態度を取るわけには行かないしね。%K%P
けど、美琴さんの体温を意識すまいと念じれば念じるほど逆に意識してしまうのが男の子なわけで……。%K%P
けど、美琴さんの体温を意識すまいと念じれば念じるほど逆に意識してしまうのが男の子なわけで……。%K%P
「もうちょっと襟元をこっちに向けてくれる？」%K%P
「もうちょっと襟元をこっちに向けてくれる？」%K%P
「ふぁ、ふぁい……っ」%K%P
「ふぁ、ふぁい……っ」%K%P
「くす、そんな緊張しないで。間違って刺したりしないから。これでも裁縫は慣れたものなのよ」%K%P
「くす、そんな緊張しないで。間違って刺したりしないから。これでも裁縫は慣れたものなのよ」%K%P
か、顔が近い。ともすれば美琴さんの呼吸が肌で感じ取れそうなほどだ。%K%P
か、顔が近い。ともすれば美琴さんの呼吸が肌で感じ取れそうなほどだ。%K%P
向こうにしてみれば女の子同士だと思っているからこその距離感なんだろうけど……こっちはさっきからドキドキが止まらない。%K%P
向こうにしてみれば女の子同士だと思っているからこその距離感なんだろうけど……こっちはさっきからドキドキが止まらない。%K%P
「もうちょっとよ」%K%P
「もうちょっとよ」%K%P
「う、うん……っ」%K%P
「う、うん……っ」%K%P
体感的にはとても長い時間に思えたけど、実際には一分も掛かっていなかっただろう。%K%P
体感的にはとても長い時間に思えたけど、実際には一分も掛かっていなかっただろう。%K%P
「はい、これでＯＫ」%K%P
「はい、これでＯＫ」%K%P
「わ～、しっかりボタンが縫いつけられてる。凄いね、ありがとう」%K%P
「わ～、しっかりボタンが縫いつけられてる。凄いね、ありがとう」%K%P
「別に、このくらいならおやすいご用よ」%K%P
「別に、このくらいならおやすいご用よ」%K%P
「美琴ならいつでも良いお嫁さんになれるよね」%K%P
「美琴ならいつでも良いお嫁さんになれるよね」%K%P
「ああ、なんかそんな感じがするね」%K%P
「ああ、なんかそんな感じがするね」%K%P
「ふ、二人ともなに言ってるのよ。褒めたからって何も出ないわよ」%K%P
「ふ、二人ともなに言ってるのよ。褒めたからって何も出ないわよ」%K%P
と言いつつ、とってもうれしそうだ。照れちゃって可愛い。%K%P
と言いつつ、とってもうれしそうだ。照れちゃって可愛い。%K%P
「と、ところでさ。そろそろ先生が来ちゃいそうなんだけど……」%K%P
「と、ところでさ。そろそろ先生が来ちゃいそうなんだけど……」%K%P
「ご、ごめんなさい……っ」%K%P
「ご、ごめんなさい……っ」%K%P
美琴さんはソーイングセットを仕舞いながら僕から離れる。%K%P
美琴さんはソーイングセットを仕舞いながら僕から離れる。%K%P
ホッとすると同時に、女の子特有の柔らかな感触にちょっと名残惜しさを覚えてしまったのはやっぱり僕が男だからかなぁ……。%K%P
ホッとすると同時に、女の子特有の柔らかな感触にちょっと名残惜しさを覚えてしまったのはやっぱり僕が男だからかなぁ……。%K%P
美琴さんの手際の良さにも素直に感心してしまった。いい匂いにもドキドキしてしまったし……。%K%P
美琴さんの手際の良さにも素直に感心してしまった。いい匂いにもドキドキしてしまったし……。%K%P
綾香さんの言葉じゃないけど、料理も裁縫も上手だなんてここが共学だったら普通に男子にモテただろうなぁ。%K%P
綾香さんの言葉じゃないけど、料理も裁縫も上手だなんてここが共学だったら普通に男子にモテただろうなぁ。%K%P
って、気を引き締めないと。ちょっとした油断で僕の性別がバレてしまったら元も子もないんだしね。%K%P
って、気を引き締めないと。ちょっとした油断で僕の性別がバレてしまったら元も子もないんだしね。%K%P
昼休み、僕と綾香さんと美琴さんの三人で昼食を取りに来た。%K%P
昼休み、僕と綾香さんと美琴さんの三人で昼食を取りに来た。%K%P
食堂は程よく混雑している。%K%P
食堂は程よく混雑している。%K%P
食堂のメニューは種類が多くて、しかもリーズナブルで味も中々のものとなれば、どうしたってつい目移りしてしまう。%K%P
食堂のメニューは種類が多くて、しかもリーズナブルで味も中々のものとなれば、どうしたってつい目移りしてしまう。%K%P
「あ、ロールキャベツ美味しそう。わたし、Ａランチにしようっと」%K%P
「あ、ロールキャベツ美味しそう。わたし、Ａランチにしようっと」%K%P
「あたしは和食って気分だからＢランチかなぁ……」%K%P
「あたしは和食って気分だからＢランチかなぁ……」%K%P
「う～ん、私はどうしよう」%K%P
「う～ん、私はどうしよう」%K%P
Ｂランチの竜田揚げも美味しそうだけど、Ｃランチの回鍋肉も捨てがたい。%K%P
Ｂランチの竜田揚げも美味しそうだけど、Ｃランチの回鍋肉も捨てがたい。%K%P
むむむぅ……っ。%K%P
むむむぅ……っ。%K%P
「よし、私はＣランチで」%K%P
「よし、私はＣランチで」%K%P
「ちょうどみんなで違うメニューになったね」%K%P
「ちょうどみんなで違うメニューになったね」%K%P
「じゃあさ、それぞれおかずを一品ずつ交換しない？」%K%P
「じゃあさ、それぞれおかずを一品ずつ交換しない？」%K%P
「いいね、それ賛成」%K%P
「いいね、それ賛成」%K%P
ついでにデザートも注文し、それぞれランチが載ったトレイを受け取りテーブルに付く。%K%P
ついでにデザートも注文し、それぞれランチが載ったトレイを受け取りテーブルに付く。%K%P
そこで僕は改めて美琴さんのトレイを見て気付いた。%K%P
そこで僕は改めて美琴さんのトレイを見て気付いた。%K%P
「あ、その水ようかんも美味しそう」%K%P
「あ、その水ようかんも美味しそう」%K%P
「でしょ。ここのは控えめな甘さが絶妙なのよ」%K%P
「でしょ。ここのは控えめな甘さが絶妙なのよ」%K%P
ちなみに僕が選んだデザートはヨーグルトのストロベリーソース掛けだ。%K%P
ちなみに僕が選んだデザートはヨーグルトのストロベリーソース掛けだ。%K%P
しかし、今の僕は『水ようかんも食べたいなぁ』スイッチがＯＮになってしまっている。%K%P
しかし、今の僕は『水ようかんも食べたいなぁ』スイッチがＯＮになってしまっている。%K%P
「ま、悩むこともないか。水ようかんも追加しようっと」%K%P
「ま、悩むこともないか。水ようかんも追加しようっと」%K%P
「え、デザートを二品にしちゃうの？」%K%P
「え、デザートを二品にしちゃうの？」%K%P
「甘いものを取りすぎると、後々大変じゃない？」%K%P
「甘いものを取りすぎると、後々大変じゃない？」%K%P
「そうかなぁ……」%K%P
「そうかなぁ……」%K%P
美琴さんの忠告はいまいち僕にはピンと来なかった。%K%P
美琴さんの忠告はいまいち僕にはピンと来なかった。%K%P
「余計なところにお肉がついたりしないの？」%K%P
「余計なところにお肉がついたりしないの？」%K%P
不思議そうにこちらを見ていた。%K%P
不思議そうにこちらを見ていた。%K%P
ちょっと今までの生活を思い返してみる。%K%P
ちょっと今までの生活を思い返してみる。%K%P
「言われてみれば……あんまりダイエットとか意識したことないかも」%K%P
「言われてみれば……あんまりダイエットとか意識したことないかも」%K%P
「なにそれいいなぁ、羨ましい！」%K%P
「なにそれいいなぁ、羨ましい！」%K%P
なんだか美琴さんのくいつきが良かった。%K%P
なんだか美琴さんのくいつきが良かった。%K%P
いや、女の子なら誰だって興味があってもおかしくないか。%K%P
いや、女の子なら誰だって興味があってもおかしくないか。%K%P
「なにか太らないコツとかあるのかな」%K%P
「なにか太らないコツとかあるのかな」%K%P
「どうだろう。しっかり食べないと身が持たないから節制とかはしてないけど……」%K%P
「どうだろう。しっかり食べないと身が持たないから節制とかはしてないけど……」%K%P
「食事制限以外でその体型を保っているってことね」%K%P
「食事制限以外でその体型を保っているってことね」%K%P
「上手なダイエットがあったら教えてほしかったなぁ……」%K%P
「上手なダイエットがあったら教えてほしかったなぁ……」%K%P
「う～ん、上手なダイエットと言われても」%K%P
「う～ん、上手なダイエットと言われても」%K%P
そもそも体型や体重を気にしたことがない。%K%P
そもそも体型や体重を気にしたことがない。%K%P
……もっと身長が伸びないかな、と思ったことはあるけど。%K%P
……もっと身長が伸びないかな、と思ったことはあるけど。%K%P
普通、女の子なら食べる量とか気にして当然だよね。%K%P
普通、女の子なら食べる量とか気にして当然だよね。%K%P
いつもの調子で食事を頼んでしまった僕がうっかりだった。%K%P
いつもの調子で食事を頼んでしまった僕がうっかりだった。%K%P
「下手なダイエットは、胸から減ってお腹が最後まで残るから……」%K%P
「下手なダイエットは、胸から減ってお腹が最後まで残るから……」%K%P
「あー、あるある」%K%P
「あー、あるある」%K%P
「へ、へぇ」%K%P
「へ、へぇ」%K%P
綾香さんと違って共感しようがないのであたふたしてしまう。%K%P
綾香さんと違って共感しようがないのであたふたしてしまう。%K%P
僕には減るような胸なんて最初からないしなぁ……。%K%P
僕には減るような胸なんて最初からないしなぁ……。%K%P
「聞くとはなしに聞いてしまったのですが……」%K%P
「聞くとはなしに聞いてしまったのですが……」%K%P
「なんだかとても興味深い話をしてましたよね？」%K%P
「なんだかとても興味深い話をしてましたよね？」%K%P
たまたま近くを通りかかったのか、今度は後輩組も話に加わってきた。%K%P
たまたま近くを通りかかったのか、今度は後輩組も話に加わってきた。%K%P
ずいっと僕に迫る。%K%P
ずいっと僕に迫る。%K%P
「全ての女性にとって至宝とも呼べる情報がいずみ様の生活習慣に隠されているのではないでしょうか」%K%P
「全ての女性にとって至宝とも呼べる情報がいずみ様の生活習慣に隠されているのではないでしょうか」%K%P
「自分で気付いてないだけかもしれませんし、ここは何でもいいから思いついたものを口にしちゃうってのはどうでしょ？」%K%P
「自分で気付いてないだけかもしれませんし、ここは何でもいいから思いついたものを口にしちゃうってのはどうでしょ？」%K%P
「普段の生活かぁ……」%K%P
「普段の生活かぁ……」%K%P
理屈では摂取した分より消費するカロリーが多ければ痩せるはずだよね。%K%P
理屈では摂取した分より消費するカロリーが多ければ痩せるはずだよね。%K%P
「や、やっぱり適切な運動かな……？」%K%P
「や、やっぱり適切な運動かな……？」%K%P
「留学先でなにかスポーツでも？」%K%P
「留学先でなにかスポーツでも？」%K%P
「これといって特に……まあ、休日に遊びでサッカーくらいはやったことあるかなぁ……」%K%P
「これといって特に……まあ、休日に遊びでサッカーくらいはやったことあるかなぁ……」%K%P
「サッカー？　へぇ、向こうじゃ女の子もやったりするんですねぇ～」%K%P
「サッカー？　へぇ、向こうじゃ女の子もやったりするんですねぇ～」%K%P
しまった。うっかり口を滑らせてしまったぞ。%K%P
しまった。うっかり口を滑らせてしまったぞ。%K%P
「き、近所の子供たちと公園で遊ぶレベルだから、そんな本格的なものじゃないよ」%K%P
「き、近所の子供たちと公園で遊ぶレベルだから、そんな本格的なものじゃないよ」%K%P
まあ、これは事実だからすんなりと説明が口をついて出てきた。%K%P
まあ、これは事実だからすんなりと説明が口をついて出てきた。%K%P
それが功を奏したのか、ことりちゃんが感心したように手と手を合わせる。%K%P
それが功を奏したのか、ことりちゃんが感心したように手と手を合わせる。%K%P
「いずみ様って面倒見がいいんですね。小さな子にも素敵なお姉さんだって人気がありそうです」%K%P
「いずみ様って面倒見がいいんですね。小さな子にも素敵なお姉さんだって人気がありそうです」%K%P
「おませな男の子からは僕のお嫁さんにする～なんてプロポーズされちゃったりとかあったんじゃないでしょうか」%K%P
「おませな男の子からは僕のお嫁さんにする～なんてプロポーズされちゃったりとかあったんじゃないでしょうか」%K%P
「は、はは、どうだったかな～？」%K%P
「は、はは、どうだったかな～？」%K%P
この流れはまずい……っ。%K%P
この流れはまずい……っ。%K%P
綾香さんヘルプ！　ヘルプ！%K%P
綾香さんヘルプ！　ヘルプ！%K%P
「う、運動の話よね。それなら歌唱そのものがスポーツに匹敵するカロリー消費があるってことじゃないかしら」%K%P
「う、運動の話よね。それなら歌唱そのものがスポーツに匹敵するカロリー消費があるってことじゃないかしら」%K%P
「なるほど。ありそう」%K%P
「なるほど。ありそう」%K%P
よし、綾香さんが僕の目配せに気付いて話の流れを変えてくれたぞ。ナイスフォローだ。%K%P
よし、綾香さんが僕の目配せに気付いて話の流れを変えてくれたぞ。ナイスフォローだ。%K%P
「あ～、けっこう腹筋とか使うからね～」%K%P
「あ～、けっこう腹筋とか使うからね～」%K%P
「実際に今のいずみ様を見たら説得力ありますものね」%K%P
「実際に今のいずみ様を見たら説得力ありますものね」%K%P
「じゃあこんど奏様にも聞いてみようかな～。運動はあまり得意じゃないはずなのにあの体型を維持してるってことは、やっぱり効果的なのかも」%K%P
「じゃあこんど奏様にも聞いてみようかな～。運動はあまり得意じゃないはずなのにあの体型を維持してるってことは、やっぱり効果的なのかも」%K%P
とりあえず納得してくれたようだ。%K%P
とりあえず納得してくれたようだ。%K%P
「ことりちゃんも夕陽ちゃんもダイエットに興味津々なんだね」%K%P
「ことりちゃんも夕陽ちゃんもダイエットに興味津々なんだね」%K%P
「綾香さんたちもそうだけど、全然太ってるようには見えないけどなぁ……」%K%P
「綾香さんたちもそうだけど、全然太ってるようには見えないけどなぁ……」%K%P
「そこはほら、日頃から油断しないようにしてるから」%K%P
「そこはほら、日頃から油断しないようにしてるから」%K%P
「女の子ですからよっぽどのことがないと普通は自制がはたらいちゃいますからね～」%K%P
「女の子ですからよっぽどのことがないと普通は自制がはたらいちゃいますからね～」%K%P
「逆を言えば、よっぽどのことがたまにはあるってこと？」%K%P
「逆を言えば、よっぽどのことがたまにはあるってこと？」%K%P
「あはは……そこはほら、女の子ですから」%K%P
「あはは……そこはほら、女の子ですから」%K%P
バツが悪そうに苦笑していた。%K%P
バツが悪そうに苦笑していた。%K%P
これはアレかな。%K%P
これはアレかな。%K%P
「甘いものは別腹ってヤツ？」%K%P
「甘いものは別腹ってヤツ？」%K%P
「商店街の喫茶店でケーキバイキング食べ放題なんてあるとつい……」%K%P
「商店街の喫茶店でケーキバイキング食べ放題なんてあるとつい……」%K%P
「一口サイズのプチケーキってあたりがさらにこちらの弱点を突いてくるんですよ」%K%P
「一口サイズのプチケーキってあたりがさらにこちらの弱点を突いてくるんですよ」%K%P
「ふふ、それはホントに目移りして大変そうだ」%K%P
「ふふ、それはホントに目移りして大変そうだ」%K%P
「デザートに水ようかんを追加しちゃった私も、その場にいたら一溜まりもない気がするよ」%K%P
「デザートに水ようかんを追加しちゃった私も、その場にいたら一溜まりもない気がするよ」%K%P
「あたしの場合は味見とか試食を気をつけないと危ないのよね」%K%P
「あたしの場合は味見とか試食を気をつけないと危ないのよね」%K%P
なるほど、料理が趣味だとそれがあるよね。%K%P
なるほど、料理が趣味だとそれがあるよね。%K%P
お菓子なんかだとあきらかにカロリーも高そうだもの。%K%P
お菓子なんかだとあきらかにカロリーも高そうだもの。%K%P
「美琴の味見にはわたしもたまに巻き込まれるけど……」%K%P
「美琴の味見にはわたしもたまに巻き込まれるけど……」%K%P
「普通に美味しいからついつい食べ過ぎちゃうのが危険なのよねぇ」%K%P
「普通に美味しいからついつい食べ過ぎちゃうのが危険なのよねぇ」%K%P
「一口の量は少ないんだろうけど、何度も味見を繰り返してたら塵積もだろうし、分かる気がする」%K%P
「一口の量は少ないんだろうけど、何度も味見を繰り返してたら塵積もだろうし、分かる気がする」%K%P
「だからこそ、ダイエットを意識したことがないいずみさんが羨ましい」%K%P
「だからこそ、ダイエットを意識したことがないいずみさんが羨ましい」%K%P
「うんうん」%K%P
「うんうん」%K%P
「まあ、こちらが一方的に羨ましがってるだけでいずみさんが悪い訳じゃないけど……」%K%P
「まあ、こちらが一方的に羨ましがってるだけでいずみさんが悪い訳じゃないけど……」%K%P
「割り切れないのも乙女心なわけで……うぅ、いいなぁ……」%K%P
「割り切れないのも乙女心なわけで……うぅ、いいなぁ……」%K%P
「は、ははは……」%K%P
「は、ははは……」%K%P
みんなの視線が羨望と嫉妬に彩られていた。%K%P
みんなの視線が羨望と嫉妬に彩られていた。%K%P
どうにもこの場はアウェイだなぁ……。%K%P
どうにもこの場はアウェイだなぁ……。%K%P
それだけ体重の話は女の子には重要ってことなんだろうけど。%K%P
それだけ体重の話は女の子には重要ってことなんだろうけど。%K%P
「世の中には誘惑が多すぎます」%K%P
「世の中には誘惑が多すぎます」%K%P
「こうしておやつの話してると、なんかまた食べたくなってきちゃいそうだから、そろそろ避難しますね」%K%P
「こうしておやつの話してると、なんかまた食べたくなってきちゃいそうだから、そろそろ避難しますね」%K%P
「ふふ、じゃあまたね」%K%P
「ふふ、じゃあまたね」%K%P
「では、失礼します」%K%P
「では、失礼します」%K%P
ことりちゃんと夕陽ちゃんはペコリと会釈して、食堂から出て行った。%K%P
ことりちゃんと夕陽ちゃんはペコリと会釈して、食堂から出て行った。%K%P
また三人になると、美琴さんが何とはなしに言う。%K%P
また三人になると、美琴さんが何とはなしに言う。%K%P
「今も思ったんだけど、綾香っていずみさんのことよく分かってるよね」%K%P
「今も思ったんだけど、綾香っていずみさんのことよく分かってるよね」%K%P
「そ、そう言うわけでも……」%K%P
「そ、そう言うわけでも……」%K%P
「実は昔からの知り合いとかなの？」%K%P
「実は昔からの知り合いとかなの？」%K%P
僕がボロを出しそうになるとすかさずフォローしてくれるからなぁ……。%K%P
僕がボロを出しそうになるとすかさずフォローしてくれるからなぁ……。%K%P
傍目からだとかなり仲良く見えてもおかしくないだろうから、何となく気になるのかもしれない。%K%P
傍目からだとかなり仲良く見えてもおかしくないだろうから、何となく気になるのかもしれない。%K%P
「私と綾香さんが初めて会ったのはここにやってくるちょっと前だし、知り合ったのは美琴さんとそんなに違いはないよ」%K%P
「私と綾香さんが初めて会ったのはここにやってくるちょっと前だし、知り合ったのは美琴さんとそんなに違いはないよ」%K%P
「その割には、あたしが知らないことでも綾香は知ってたりするみたいだけど」%K%P
「その割には、あたしが知らないことでも綾香は知ってたりするみたいだけど」%K%P
「それはまあ、わたしはいずみさんと寮が同室だし、あれこれおしゃべりする機会が多いからだよ」%K%P
「それはまあ、わたしはいずみさんと寮が同室だし、あれこれおしゃべりする機会が多いからだよ」%K%P
「そっか……それはあるかも……」%K%P
「そっか……それはあるかも……」%K%P
「うん、そうだって」%K%P
「うん、そうだって」%K%P
「美琴さんとも話す機会は色々あるだろうし、私のことだって知って貰うことも増えるんじゃないかな」%K%P
「美琴さんとも話す機会は色々あるだろうし、私のことだって知って貰うことも増えるんじゃないかな」%K%P
「なるほどね」%K%P
「なるほどね」%K%P
分かったような分からないような複雑そうな面持ちだった。%K%P
分かったような分からないような複雑そうな面持ちだった。%K%P
「とりあえずご飯食べちゃおう。のんびりし過ぎたらお昼休みがなくなっちゃうよ」%K%P
「とりあえずご飯食べちゃおう。のんびりし過ぎたらお昼休みがなくなっちゃうよ」%K%P
「そうだね」%K%P
「そうだね」%K%P
どうやらひとまずは納得してくれたみたいだった。%K%P
どうやらひとまずは納得してくれたみたいだった。%K%P
しょせん僕なんて付け焼き刃の女子学生だから、本物の女子である美琴さんにしてみれば、なにかしら違和感を覚えているのかもしれない。%K%P
しょせん僕なんて付け焼き刃の女子学生だから、本物の女子である美琴さんにしてみれば、なにかしら違和感を覚えているのかもしれない。%K%P
これはちゃんと気を引き締めないとね。%K%P
これはちゃんと気を引き締めないとね。%K%P
