「あぅ、か、楓さん、もう手離しても大丈夫だからっ」%K%P
「あぅ、か、楓さん、もう手離しても大丈夫だからっ」%K%P
「もう……ちょっと褒められたからって、デレデレして。確かに、あの二人は魅力的かもしれないけど」%K%P
「もう……ちょっと褒められたからって、デレデレして。確かに、あの二人は魅力的かもしれないけど」%K%P
「それにしても、だよ……もっと身近にも、いるんじゃない」%K%P
「それにしても、だよ……もっと身近にも、いるんじゃない」%K%P
僕の手を掴みながら、ズンズンと学園内を突き進む楓さん。%K%P
僕の手を掴みながら、ズンズンと学園内を突き進む楓さん。%K%P
彼女の迫力に圧倒され、僕に興味を持った女の子達も遠ざかっていく……それは助かったんだけど……%K%P
彼女の迫力に圧倒され、僕に興味を持った女の子達も遠ざかっていく……それは助かったんだけど……%K%P
「い、痛いって、楓さん。ちょっと、手が、うぅーちぎれるぅ～」%K%P
「い、痛いって、楓さん。ちょっと、手が、うぅーちぎれるぅ～」%K%P
「あ、アイリッシュリネンも素敵だけど……日本には{紬:つむぎ}とかあるじゃない。日本人なら、和服も着るべきだと思うけど」%K%P
「あ、アイリッシュリネンも素敵だけど……日本には{紬:つむぎ}とかあるじゃない。日本人なら、和服も着るべきだと思うけど」%K%P
「道場に着いたよ楓。いつまでも司くんの手を握ってるんじゃない。ほら、彼だって照れてるだろ？　顔真っ赤だよ」%K%P
「道場に着いたよ楓。いつまでも司くんの手を握ってるんじゃない。ほら、彼だって照れてるだろ？　顔真っ赤だよ」%K%P
それもありますけど……い、痛いんです……%K%P
それもありますけど……い、痛いんです……%K%P
「あっ、いつの間に……ごめん、司」%K%P
「あっ、いつの間に……ごめん、司」%K%P
「あうぅ……い、いいけど……」%K%P
「あうぅ……い、いいけど……」%K%P
「やれやれ、楓にも困ったものだねえ、うふふ」%K%P
「やれやれ、楓にも困ったものだねえ、うふふ」%K%P
なんですか、その他人事みたいな言い方は……大体佳様が引き延ばしたりするから……っていうか、こんなこと思いつくからですよ。%K%P
なんですか、その他人事みたいな言い方は……大体佳様が引き延ばしたりするから……っていうか、こんなこと思いつくからですよ。%K%P
そんな抗議を込めて、ジト目で見つめる。%K%P
そんな抗議を込めて、ジト目で見つめる。%K%P
「あーん、司くん、怒らない怒らない。短気は損気って言うじゃないか。さ、練習しようよ」%K%P
「あーん、司くん、怒らない怒らない。短気は損気って言うじゃないか。さ、練習しようよ」%K%P
「それで、司の鎧だけど、どうしよう？　そ、そうだ、私の予備を貸すね、それがいいと思う、取ってくるから」%K%P
「それで、司の鎧だけど、どうしよう？　そ、そうだ、私の予備を貸すね、それがいいと思う、取ってくるから」%K%P
「くくっ、気持ちは分かるけどさ、楓と司くんじゃ体格が違うでしょ？」%K%P
「くくっ、気持ちは分かるけどさ、楓と司くんじゃ体格が違うでしょ？」%K%P
「んっ、それはそうだけど……男性にしては華奢だから、着られない事は無いと思う。ね、司」%K%P
「んっ、それはそうだけど……男性にしては華奢だから、着られない事は無いと思う。ね、司」%K%P
ちらちらと僕を見上げる楓さん。確かに身長差とかあるものね。%K%P
ちらちらと僕を見上げる楓さん。確かに身長差とかあるものね。%K%P
「着れても鎧がキツキツじゃ、動けないでしょうが。私のを貸すよ。身長も体格も楓よりは近いだろうし。いいかな、司くん」%K%P
「着れても鎧がキツキツじゃ、動けないでしょうが。私のを貸すよ。身長も体格も楓よりは近いだろうし。いいかな、司くん」%K%P
「は、はい、佳さんさえ良ければ」%K%P
「は、はい、佳さんさえ良ければ」%K%P
僕に鎧の着方を教えてくれる佳様。%K%P
僕に鎧の着方を教えてくれる佳様。%K%P
ウエストはピッタリだけど、さすがにバストはゆるゆるだ……スタイルが良いから目立たないけれど、佳様、結構……大きいかも。%K%P
ウエストはピッタリだけど、さすがにバストはゆるゆるだ……スタイルが良いから目立たないけれど、佳様、結構……大きいかも。%K%P
「んんっ、司、微かに邪念のような物を感じるけど……私の気のせいかな」%K%P
「んんっ、司、微かに邪念のような物を感じるけど……私の気のせいかな」%K%P
「き、気のせいだよ、うん。んんっと……うん、これ、軽いんだね」%K%P
「き、気のせいだよ、うん。んんっと……うん、これ、軽いんだね」%K%P
「材質自体のせいもあるけど、鎧は身につけると、実際の重さより軽く感じるの。重さが一点に集中しないで、分散されるから」%K%P
「材質自体のせいもあるけど、鎧は身につけると、実際の重さより軽く感じるの。重さが一点に集中しないで、分散されるから」%K%P
なるほど……だから、昔の武士とか騎士は重そうな鎧を身につけて戦う事が出来たんだな。%K%P
なるほど……だから、昔の武士とか騎士は重そうな鎧を身につけて戦う事が出来たんだな。%K%P
「それに、私の鎧は防御面よりも動きやすさに重点をおいて、調整してるからね」%K%P
「それに、私の鎧は防御面よりも動きやすさに重点をおいて、調整してるからね」%K%P
「なるほど……ってことは、打たれると弱いってことですか？」%K%P
「なるほど……ってことは、打たれると弱いってことですか？」%K%P
「うーん、どうなのかな？　なにせ……鎧が外れる程打たれたことが無いからね、ふふふ」%K%P
「うーん、どうなのかな？　なにせ……鎧が外れる程打たれたことが無いからね、ふふふ」%K%P
「ん、佳が卒業するまでに、その鎧の強度、私が確かめてあげるから」%K%P
「ん、佳が卒業するまでに、その鎧の強度、私が確かめてあげるから」%K%P
「ああ、楽しみにしているよ。さて、司くん、他に感想はあるかな？　その顔を見ると、満足してもらえたようだけど」%K%P
「ああ、楽しみにしているよ。さて、司くん、他に感想はあるかな？　その顔を見ると、満足してもらえたようだけど」%K%P
「ええ。なんだか、やるぞって気になってきました。我ながら単純だなって思いますけど」%K%P
「ええ。なんだか、やるぞって気になってきました。我ながら単純だなって思いますけど」%K%P
「うん、にやけてた顔が引き締まった。日本の男子という感じ」%K%P
「うん、にやけてた顔が引き締まった。日本の男子という感じ」%K%P
「ありがとう、にやけてたは余計だけれど。まあ、見た目は日本の男子と言うより、ハーフの女の子だけどね」%K%P
「ありがとう、にやけてたは余計だけれど。まあ、見た目は日本の男子と言うより、ハーフの女の子だけどね」%K%P
「はは、似合ってるって。さて、今日は鎧を着けているから、少し実践的な練習をしてみよう」%K%P
「はは、似合ってるって。さて、今日は鎧を着けているから、少し実践的な練習をしてみよう」%K%P
「最初に私と楓で立ち会うから、司くん、見てて」%K%P
「最初に私と楓で立ち会うから、司くん、見てて」%K%P
佳様の言葉にしたがって、壁際に下がる。%K%P
佳様の言葉にしたがって、壁際に下がる。%K%P
対峙する二人……やがて楓さんが打ち込み、佳様が躱す。%K%P
対峙する二人……やがて楓さんが打ち込み、佳様が躱す。%K%P
鎧を着けて打ち合う姿は、いずみの時に何度か見ているけど……やっぱり凄い迫力だ。%K%P
鎧を着けて打ち合う姿は、いずみの時に何度か見ているけど……やっぱり凄い迫力だ。%K%P
僕は二人の攻防を、息をのんで見守った。%K%P
僕は二人の攻防を、息をのんで見守った。%K%P
「――ふぅ、今日はいつも以上に激しいじゃないか……」%K%P
「――ふぅ、今日はいつも以上に激しいじゃないか……」%K%P
「ふぅ……佳こそ。剣にまったく遊びが見えなかった。いつもこんな感じで立ち会って貰えると、助かるんだけど」%K%P
「ふぅ……佳こそ。剣にまったく遊びが見えなかった。いつもこんな感じで立ち会って貰えると、助かるんだけど」%K%P
大きく息を吐く楓さんに、額の汗を拭う佳様。%K%P
大きく息を吐く楓さんに、額の汗を拭う佳様。%K%P
確かに今日の練習はいつも以上に激しかった。僕が見ているせいかな？%K%P
確かに今日の練習はいつも以上に激しかった。僕が見ているせいかな？%K%P
「司くん、今ので理解出来たかな？　なるべく分かりやすいように見せたつもりだけど」%K%P
「司くん、今ので理解出来たかな？　なるべく分かりやすいように見せたつもりだけど」%K%P
「そう。基本的な部分は、公園で稽古した時と変わらないから」%K%P
「そう。基本的な部分は、公園で稽古した時と変わらないから」%K%P
「大きな違いは、床が滑らず安定して剣を振れる事と、鎧を着けている分、思い切って打ち込める事……くらいかな」%K%P
「大きな違いは、床が滑らず安定して剣を振れる事と、鎧を着けている分、思い切って打ち込める事……くらいかな」%K%P
確かに多少打撃を受けても、鎧を着けているから怪我する事も無さそう。%K%P
確かに多少打撃を受けても、鎧を着けているから怪我する事も無さそう。%K%P
「アリアのルールに準ずると、鍵を集めたり、鎧の特定部分を攻撃して解除させるといった物があるけど……まあ、今は気にしなくて良いか」%K%P
「アリアのルールに準ずると、鍵を集めたり、鎧の特定部分を攻撃して解除させるといった物があるけど……まあ、今は気にしなくて良いか」%K%P
「と言ったところだけど……なにか質問はある？　司」%K%P
「と言ったところだけど……なにか質問はある？　司」%K%P
「えっと、剣で斬られず、相手の鎧に当てる……そう考えればいいんだね？」%K%P
「えっと、剣で斬られず、相手の鎧に当てる……そう考えればいいんだね？」%K%P
「うん、そんな感じで大丈夫。さ、今度は司の番、構えて」%K%P
「うん、そんな感じで大丈夫。さ、今度は司の番、構えて」%K%P
道場の中央まで歩き、こちらに向き直る楓さん。%K%P
道場の中央まで歩き、こちらに向き直る楓さん。%K%P
荒かった呼吸は静まり、凜とした表情には疲れなど微塵も見えない。%K%P
荒かった呼吸は静まり、凜とした表情には疲れなど微塵も見えない。%K%P
僕は静かに息を吐くと、彼女に向き合い、剣を構えた。%K%P
僕は静かに息を吐くと、彼女に向き合い、剣を構えた。%K%P
「うん、気迫を感じる。これなら迷いもなく、打ち込めそう」%K%P
「うん、気迫を感じる。これなら迷いもなく、打ち込めそう」%K%P
「思いっきり来てよ……なんて言いたいところだけど……はは、正直怖い」%K%P
「思いっきり来てよ……なんて言いたいところだけど……はは、正直怖い」%K%P
鎧を身に纏った楓さんから、明確な闘志のような物が感じられる。%K%P
鎧を身に纏った楓さんから、明確な闘志のような物が感じられる。%K%P
研ぎ澄まされた刃を突きつけられたような緊張感。%K%P
研ぎ澄まされた刃を突きつけられたような緊張感。%K%P
「準備は出来たようだね……それじゃ、始めっ」%K%P
「準備は出来たようだね……それじゃ、始めっ」%K%P
「いくよっ」%K%P
「いくよっ」%K%P
「ん、いつでも来て」%K%P
「ん、いつでも来て」%K%P
基礎に忠実に……剣先を相手の目に向けて構える。%K%P
基礎に忠実に……剣先を相手の目に向けて構える。%K%P
確か攻撃防御両方に向く中段の構え、だったね。%K%P
確か攻撃防御両方に向く中段の構え、だったね。%K%P
相手との距離を測りつつ……斬る！%K%P
相手との距離を測りつつ……斬る！%K%P
「ええいっ」%K%P
「ええいっ」%K%P
「…………」%K%P
「…………」%K%P
「たぁっ、そらっ」%K%P
「たぁっ、そらっ」%K%P
牽制する為の軽い攻撃――うん、やっぱり引っかからないよね。%K%P
牽制する為の軽い攻撃――うん、やっぱり引っかからないよね。%K%P
よし……ここからは調べに乗って行こう。%K%P
よし……ここからは調べに乗って行こう。%K%P
中段に構えたまま……予備動作無く、倒れ込むように体を前に出す。%K%P
中段に構えたまま……予備動作無く、倒れ込むように体を前に出す。%K%P
「……むっ！」%K%P
「……むっ！」%K%P
「来た来た、司くんのきまぐれ攻撃」%K%P
「来た来た、司くんのきまぐれ攻撃」%K%P
はは、きまぐれはヒドイですね。まあ、当たらずも遠からずですけど。%K%P
はは、きまぐれはヒドイですね。まあ、当たらずも遠からずですけど。%K%P
体の動きに逆らわず、リズムに乗って、剣を振う。%K%P
体の動きに逆らわず、リズムに乗って、剣を振う。%K%P
「…………んん、相変らず、捉えにくい……はッ！」%K%P
「…………んん、相変らず、捉えにくい……はッ！」%K%P
「うわっと！」%K%P
「うわっと！」%K%P
僕の攻撃に姿勢を崩しながらも、抜刀する楓さん。%K%P
僕の攻撃に姿勢を崩しながらも、抜刀する楓さん。%K%P
剣先が鎧を掠める――危ない、危ない。%K%P
剣先が鎧を掠める――危ない、危ない。%K%P
「今のは……わざと当てなかったから」%K%P
「今のは……わざと当てなかったから」%K%P
「はは、らしくないね。立ち会いに練習も本番もないんじゃなかった？」%K%P
「はは、らしくないね。立ち会いに練習も本番もないんじゃなかった？」%K%P
「ふふ、言うようになったね……それなら、次は……当てる！」%K%P
「ふふ、言うようになったね……それなら、次は……当てる！」%K%P
小柄な体がぶわっと膨れあがる。瞬きする間もない、神速の抜刀術。%K%P
小柄な体がぶわっと膨れあがる。瞬きする間もない、神速の抜刀術。%K%P
僕は反射的に剣を突き出す。%K%P
僕は反射的に剣を突き出す。%K%P
「くぅうう！」%K%P
「くぅうう！」%K%P
衝撃で腕が痺れる。もう少しで剣を弾き飛ばれそうだった。%K%P
衝撃で腕が痺れる。もう少しで剣を弾き飛ばれそうだった。%K%P
「ん、防いだ……の。けど、まぐれは続かないっ」%K%P
「ん、防いだ……の。けど、まぐれは続かないっ」%K%P
「うわっ」%K%P
「うわっ」%K%P
腕の痺れも取れないうちに、再び刃が迫る。%K%P
腕の痺れも取れないうちに、再び刃が迫る。%K%P
僕は後ろに転がって躱す。%K%P
僕は後ろに転がって躱す。%K%P
「……はッ！　そらッ！」%K%P
「……はッ！　そらッ！」%K%P
「くぅっ！」%K%P
「くぅっ！」%K%P
ひたすら床を転がり、刃を躱し続ける。%K%P
ひたすら床を転がり、刃を躱し続ける。%K%P
鎧が床と当たり、硬質な音を立てる。%K%P
鎧が床と当たり、硬質な音を立てる。%K%P
「司はダンゴ虫？　転がっているだけじゃ、勝負にならないよっ」%K%P
「司はダンゴ虫？　転がっているだけじゃ、勝負にならないよっ」%K%P
「はぁはぁはぁ……ダンゴ虫は酷いな……ふぅ」%K%P
「はぁはぁはぁ……ダンゴ虫は酷いな……ふぅ」%K%P
とは言っても確かにこのままじゃラチが明かない。%K%P
とは言っても確かにこのままじゃラチが明かない。%K%P
まともにやり合ったら先ず勝てないし、何か無いかな。%K%P
まともにやり合ったら先ず勝てないし、何か無いかな。%K%P
うん？　転がる、か……よし、それなら……%K%P
うん？　転がる、か……よし、それなら……%K%P
「……よし……いくよ！」%K%P
「……よし……いくよ！」%K%P
中段に構え直し、気合いを入れる。そしてその剣を更に頭上へと。%K%P
中段に構え直し、気合いを入れる。そしてその剣を更に頭上へと。%K%P
「上段の構え……あなたの技量じゃ隙だらけだよ、司。勇気と無謀は違う」%K%P
「上段の構え……あなたの技量じゃ隙だらけだよ、司。勇気と無謀は違う」%K%P
「なら、打ってみなよ……ほら、隙があるんでしょ」%K%P
「なら、打ってみなよ……ほら、隙があるんでしょ」%K%P
音を意識して……調子はゆっくり、穏やかに。%K%P
音を意識して……調子はゆっくり、穏やかに。%K%P
「そう……なにか考えがあるんだ。けど……小細工したって、私には届かない……行くよっ！」%K%P
「そう……なにか考えがあるんだ。けど……小細工したって、私には届かない……行くよっ！」%K%P
横なぎに刃が迫る。見て躱すなんてことは出来ない――でも僕には……耳が……音がある！%K%P
横なぎに刃が迫る。見て躱すなんてことは出来ない――でも僕には……耳が……音がある！%K%P
音を頼りに白刃を躱す。%K%P
音を頼りに白刃を躱す。%K%P
まだだ、鎧をはじき飛ばされただけだっ。%K%P
まだだ、鎧をはじき飛ばされただけだっ。%K%P
そのまま倒れ込むように楓さんに迫る。体を丸め、当たる面積を減らす。%K%P
そのまま倒れ込むように楓さんに迫る。体を丸め、当たる面積を減らす。%K%P
「んん！　遠いよっ、司っ」%K%P
「んん！　遠いよっ、司っ」%K%P
上体を反らし、ギリギリで見切ろうとする楓さん。%K%P
上体を反らし、ギリギリで見切ろうとする楓さん。%K%P
確かにこのままじゃこっちの剣は届かない……けれど、これなら！%K%P
確かにこのままじゃこっちの剣は届かない……けれど、これなら！%K%P
僕は剣を握っていた両手を離した。%K%P
僕は剣を握っていた両手を離した。%K%P
「なッ！？」%K%P
「なッ！？」%K%P
楓さんが奇跡のような反射で躱す。%K%P
楓さんが奇跡のような反射で躱す。%K%P
崩れた姿勢、勢いのついた体は僕の意志に従わない。%K%P
崩れた姿勢、勢いのついた体は僕の意志に従わない。%K%P
漆黒の鎧に身を包んだ、楓さんの姿が眼前一杯に拡がる。%K%P
漆黒の鎧に身を包んだ、楓さんの姿が眼前一杯に拡がる。%K%P
「わ、わあああっ！」%K%P
「わ、わあああっ！」%K%P
「きゃ、きゃあああ！」%K%P
「きゃ、きゃあああ！」%K%P
「く、うぅ……」%K%P
「く、うぅ……」%K%P
「んんぅ……」%K%P
「んんぅ……」%K%P
あれ、どうなったんだっけ……ぶつかった衝撃で、上手く頭が働かない。%K%P
あれ、どうなったんだっけ……ぶつかった衝撃で、上手く頭が働かない。%K%P
確か捨て身の攻撃をして……そうだ、楓さん、楓さんはどうしたんだろう？%K%P
確か捨て身の攻撃をして……そうだ、楓さん、楓さんはどうしたんだろう？%K%P
それにしても……なにか、温かいというか、柔らかいというか……気持ちいいというか。%K%P
それにしても……なにか、温かいというか、柔らかいというか……気持ちいいというか。%K%P
特に胸の辺りに、しっとりとした温もりを感じる。%K%P
特に胸の辺りに、しっとりとした温もりを感じる。%K%P
「…………え？　あれ？」%K%P
「…………え？　あれ？」%K%P
「……ん…………司……」%K%P
「……ん…………司……」%K%P
ぼやけていた視界が色を取り戻し、ピントが合ってくる……艶やかな髪、大きく見開かれた瞳、形のいい鼻、そして、薄く開かれた唇……%K%P
ぼやけていた視界が色を取り戻し、ピントが合ってくる……艶やかな髪、大きく見開かれた瞳、形のいい鼻、そして、薄く開かれた唇……%K%P
「楓……さん……」%K%P
「楓……さん……」%K%P
「んぅ……ま、まさか刀を飛ばしてくるなんて……思いもよらなかった。剣士としては考えられない事」%K%P
「んぅ……ま、まさか刀を飛ばしてくるなんて……思いもよらなかった。剣士としては考えられない事」%K%P
開かれた唇から、白い歯が覗く。桜色の舌がチロリと動いた。%K%P
開かれた唇から、白い歯が覗く。桜色の舌がチロリと動いた。%K%P
「ん……といっても、司は剣士ではなかったね。あれも……思いつきなの？」%K%P
「ん……といっても、司は剣士ではなかったね。あれも……思いつきなの？」%K%P
「作戦……と言ったら格好いいけど……楓さんの言うとおり、思いつきだよ、あは」%K%P
「作戦……と言ったら格好いいけど……楓さんの言うとおり、思いつきだよ、あは」%K%P
楓さんが身じろぎをする。彼女の鼓動が伝わってくる気がする……それは僕を癒すような命のリズム。%K%P
楓さんが身じろぎをする。彼女の鼓動が伝わってくる気がする……それは僕を癒すような命のリズム。%K%P
おかしいな、鎧を着けているのだから、分かる筈がないのに。%K%P
おかしいな、鎧を着けているのだから、分かる筈がないのに。%K%P
「そうなんだ。司、あなたは見た目は……か、可愛くても、やっぱり男子だね、力じゃ敵わない。まさか体当たりだなんて」%K%P
「そうなんだ。司、あなたは見た目は……か、可愛くても、やっぱり男子だね、力じゃ敵わない。まさか体当たりだなんて」%K%P
「あ、あれは偶々っていうか、オマケというか……って僕はそんなのばっかりだね」%K%P
「あ、あれは偶々っていうか、オマケというか……って僕はそんなのばっかりだね」%K%P
楓さんの吐息が掛る。大きな瞳に吸い込まれそうになる。%K%P
楓さんの吐息が掛る。大きな瞳に吸い込まれそうになる。%K%P
「ホントだよね。思いつきとか、偶然とか……いつも驚かされる」%K%P
「ホントだよね。思いつきとか、偶然とか……いつも驚かされる」%K%P
「あ、うん……」%K%P
「あ、うん……」%K%P
「司の自由な発想は……私を知らない所へ導いてくれる気がする」%K%P
「司の自由な発想は……私を知らない所へ導いてくれる気がする」%K%P
「あなたは、私を変えてくれる人なのかも知れないね」%K%P
「あなたは、私を変えてくれる人なのかも知れないね」%K%P
「……僕が、楓さんを変える……」%K%P
「……僕が、楓さんを変える……」%K%P
「ん、そう……私はそんな司が嫌いじゃないから」%K%P
「ん、そう……私はそんな司が嫌いじゃないから」%K%P
楓さんが言葉を切る。何かを決心するかのように、息を飲む。%K%P
楓さんが言葉を切る。何かを決心するかのように、息を飲む。%K%P
ええっ？　これは……えっと……そう言うことなのかな。%K%P
ええっ？　これは……えっと……そう言うことなのかな。%K%P
「……ん」%K%P
「……ん」%K%P
僕の思いを読んだかのように、小さく頷く。%K%P
僕の思いを読んだかのように、小さく頷く。%K%P
楓さんて、まつげが長いんだな……%K%P
楓さんて、まつげが長いんだな……%K%P
柔らかそうな唇は微かに震え、艶やかに光っている。%K%P
柔らかそうな唇は微かに震え、艶やかに光っている。%K%P
「……うん……」%K%P
「……うん……」%K%P
僕は小さく喉を鳴らし、息を止める。%K%P
僕は小さく喉を鳴らし、息を止める。%K%P
目を閉じ、そして、顔を彼女に近づけて……%K%P
目を閉じ、そして、顔を彼女に近づけて……%K%P
「……もしもーし。あの、その辺りでカンベンして貰えませんかね？」%K%P
「……もしもーし。あの、その辺りでカンベンして貰えませんかね？」%K%P
「……え？」%K%P
「……え？」%K%P
「……あっ」%K%P
「……あっ」%K%P
「いや、完全に二人の世界に入ってるのに、邪魔をするのは無粋だと思ってたんだけどさ」%K%P
「いや、完全に二人の世界に入ってるのに、邪魔をするのは無粋だと思ってたんだけどさ」%K%P
「これから先は学園の、それも道場でってマズイでしょ？　できたら、お家に帰ってからにして欲しいなーなんてお姉さん、思うわけ」%K%P
「これから先は学園の、それも道場でってマズイでしょ？　できたら、お家に帰ってからにして欲しいなーなんてお姉さん、思うわけ」%K%P
「あ、えっと……うわああ！？」%K%P
「あ、えっと……うわああ！？」%K%P
胸の辺りに衝撃を受けて、僕は床に転がる。%K%P
胸の辺りに衝撃を受けて、僕は床に転がる。%K%P
「こ、こ、こ、こ、こ……」%K%P
「こ、こ、こ、こ、こ……」%K%P
「コケコッコー？」%K%P
「コケコッコー？」%K%P
「こ、これは！　違うからっ！　ぐ、偶然！　偶然なんだ！　事故、うん、事故だから！」%K%P
「こ、これは！　違うからっ！　ぐ、偶然！　偶然なんだ！　事故、うん、事故だから！」%K%P
鎧と同じような顔色になっている楓さん――きっと僕もあんな感じなんだろうな。%K%P
鎧と同じような顔色になっている楓さん――きっと僕もあんな感じなんだろうな。%K%P
「えー『あなたは、私を変えてくれる人なのかも知れないね』とかって……」%K%P
「えー『あなたは、私を変えてくれる人なのかも知れないね』とかって……」%K%P
「んくぅ！？」%K%P
「んくぅ！？」%K%P
「それで『私はそんな司を嫌いじゃないから』とかって言ってたのに」%K%P
「それで『私はそんな司を嫌いじゃないから』とかって言ってたのに」%K%P
「気、の、せ、い！　そうだよね、司？」%K%P
「気、の、せ、い！　そうだよね、司？」%K%P
「あ、えっと……わ、そう、そうだよ、気のせいです！」%K%P
「あ、えっと……わ、そう、そうだよ、気のせいです！」%K%P
や、止めて、剣先を向けないで！%K%P
や、止めて、剣先を向けないで！%K%P
この気迫なら、アリア用の刀でも一刀両断されてしまいそうだ。%K%P
この気迫なら、アリア用の刀でも一刀両断されてしまいそうだ。%K%P
「ふーん。ま、私にとっちゃどっちでも良いんだけどさ」%K%P
「ふーん。ま、私にとっちゃどっちでも良いんだけどさ」%K%P
「和と洋の美少女が織りなす、耽美な世界って感じで。いい見せ物だったよ」%K%P
「和と洋の美少女が織りなす、耽美な世界って感じで。いい見せ物だったよ」%K%P
「見せ物じゃ無いから。佳、忘れて、今見た事は、綺麗さっぱり忘れるの、いい？」%K%P
「見せ物じゃ無いから。佳、忘れて、今見た事は、綺麗さっぱり忘れるの、いい？」%K%P
「えー、ＤＮＡレベルできっちり、かっちりすり込まれちゃったから難しいかも」%K%P
「えー、ＤＮＡレベルできっちり、かっちりすり込まれちゃったから難しいかも」%K%P
「そう……分った。それじゃ、輝堂流の究極奥義で原子の段階まで分解してあげる……じっとしていて、痛くしてあげる！」%K%P
「そう……分った。それじゃ、輝堂流の究極奥義で原子の段階まで分解してあげる……じっとしていて、痛くしてあげる！」%K%P
「やです。ほら、掴まえてご覧なさい、おほほほほ～」%K%P
「やです。ほら、掴まえてご覧なさい、おほほほほ～」%K%P
究極奥義を持ち出すほどの事なのか……なんだか折角の余韻もぶちこわしというか。%K%P
究極奥義を持ち出すほどの事なのか……なんだか折角の余韻もぶちこわしというか。%K%P
いまだドキドキしている胸に手を当てる――あ、鎧が無い。%K%P
いまだドキドキしている胸に手を当てる――あ、鎧が無い。%K%P
佳様を追いかけ回す楓さんもだ……あの柔らかな感触と鼓動は……本当だったのか。%K%P
佳様を追いかけ回す楓さんもだ……あの柔らかな感触と鼓動は……本当だったのか。%K%P
