「あはは、本当に桜餅が好きなんだね。まさか、五つも食べるとは思わなかったよ、ふふふ」%K%P
「あはは、本当に桜餅が好きなんだね。まさか、五つも食べるとは思わなかったよ、ふふふ」%K%P
「もう、そんなに笑わないで。今日は体をたくさん動かしたから。司だって、四つも食べたじゃない」%K%P
「もう、そんなに笑わないで。今日は体をたくさん動かしたから。司だって、四つも食べたじゃない」%K%P
「だって、楓さんが凄く美味しそうにパクついてるから。あんなの見せられたら、そりゃねー」%K%P
「だって、楓さんが凄く美味しそうにパクついてるから。あんなの見せられたら、そりゃねー」%K%P
「そ、そうだった？　私はそんなに美味しそうに？　ああ、笑っちゃ駄目、うぅ」%K%P
「そ、そうだった？　私はそんなに美味しそうに？　ああ、笑っちゃ駄目、うぅ」%K%P
学園で練習した後、用事があるという佳様と別れ、僕らは例の和菓子屋さんで桜餅を食べた。%K%P
学園で練習した後、用事があるという佳様と別れ、僕らは例の和菓子屋さんで桜餅を食べた。%K%P
楓さんの言うとおり、体を動かしたら凄くお腹が空いちゃったし。%K%P
楓さんの言うとおり、体を動かしたら凄くお腹が空いちゃったし。%K%P
それに、もうちょっと一緒に居たいって思ったんだ。%K%P
それに、もうちょっと一緒に居たいって思ったんだ。%K%P
「それにしても、今日は色々とごめん。ほんとに佳は突拍子もない事を思いつくんだから」%K%P
「それにしても、今日は色々とごめん。ほんとに佳は突拍子もない事を思いつくんだから」%K%P
「ううん、全然。色々と刺激的だったし。といっても、女装は遠慮したいけどね」%K%P
「ううん、全然。色々と刺激的だったし。といっても、女装は遠慮したいけどね」%K%P
ちなみに、女装で使った洋服はプレゼントということで頂いた――僕用にあつらえてあるから、返されても困るとか。%K%P
ちなみに、女装で使った洋服はプレゼントということで頂いた――僕用にあつらえてあるから、返されても困るとか。%K%P
それはそうかもしれないけど、着る機会があるのだろうか？%K%P
それはそうかもしれないけど、着る機会があるのだろうか？%K%P
あ、これだけの物なら、留学先の晩餐会でも通用するかも……って女物じゃないか。%K%P
あ、これだけの物なら、留学先の晩餐会でも通用するかも……って女物じゃないか。%K%P
「けど、ツカーサちゃんも良かったかな。一回きりでは勿体ない気がする」%K%P
「けど、ツカーサちゃんも良かったかな。一回きりでは勿体ない気がする」%K%P
「えー、カンベンしてよ。あのね、女装するのって、結構神経使うんだよ？　見た目だけじゃなくて、中身まで変わらないといけないんだから」%K%P
「えー、カンベンしてよ。あのね、女装するのって、結構神経使うんだよ？　見た目だけじゃなくて、中身まで変わらないといけないんだから」%K%P
「えっ、そうなんだ。興味あるかも。例えば、どんな感じ？」%K%P
「えっ、そうなんだ。興味あるかも。例えば、どんな感じ？」%K%P
「例えば……言葉使いもそうだし、考え方もだよね。女の子は集団生活を好むから、コミニケーションを密にしないといけないし」%K%P
「例えば……言葉使いもそうだし、考え方もだよね。女の子は集団生活を好むから、コミニケーションを密にしないといけないし」%K%P
最初トイレまで一緒に行くのには驚いたな――今ではすっかり慣れたけどさ。%K%P
最初トイレまで一緒に行くのには驚いたな――今ではすっかり慣れたけどさ。%K%P
「そうそう、お菓子も大好きなんだよね。お気に入りのを持ち寄って、交換したりとかさ……って、どうかした？」%K%P
「そうそう、お菓子も大好きなんだよね。お気に入りのを持ち寄って、交換したりとかさ……って、どうかした？」%K%P
「……司、なんか、女の子の事に凄く詳しいね。もしかして……」%K%P
「……司、なんか、女の子の事に凄く詳しいね。もしかして……」%K%P
あ……し、しまった、つい……%K%P
あ……し、しまった、つい……%K%P
「そ、その、親しくしている女性がいるとか？　あぁ、もしかして……か、か、か、彼女さんがいるとか？」%K%P
「そ、その、親しくしている女性がいるとか？　あぁ、もしかして……か、か、か、彼女さんがいるとか？」%K%P
えっ、なんでそうなるの！？%K%P
えっ、なんでそうなるの！？%K%P
「か、彼女！？　そんなのいないいない！」%K%P
「か、彼女！？　そんなのいないいない！」%K%P
「いない、の？　それは本当？　その、私に気を使わなくていいから、隠さないで、お願い」%K%P
「いない、の？　それは本当？　その、私に気を使わなくていいから、隠さないで、お願い」%K%P
「か、隠してなんてないよ、いないったらっ」%K%P
「か、隠してなんてないよ、いないったらっ」%K%P
「あ、そうなんだ……いない……んだ。あは、そっか……」%K%P
「あ、そうなんだ……いない……んだ。あは、そっか……」%K%P
小さく笑う楓さん。頬が染まっているのは、{橙:だいだい}の日差しのせいだろうか。%K%P
小さく笑う楓さん。頬が染まっているのは、{橙:だいだい}の日差しのせいだろうか。%K%P
「あの、司さえ良ければだけど……せ、折角剣の使い方も覚えたし、服も着てあげないと勿体ないから……また、稽古に付き合って貰えないかな」%K%P
「あの、司さえ良ければだけど……せ、折角剣の使い方も覚えたし、服も着てあげないと勿体ないから……また、稽古に付き合って貰えないかな」%K%P
「その、女装するのが嫌だったら、この前みたいに公園でもいいし。そうだ、どうせなら、私の家の道場に来ない？」%K%P
「その、女装するのが嫌だったら、この前みたいに公園でもいいし。そうだ、どうせなら、私の家の道場に来ない？」%K%P
手振り身振りを交え、僕に語りかける。ポニーテールが揺れている。%K%P
手振り身振りを交え、僕に語りかける。ポニーテールが揺れている。%K%P
彼女とは会いたい。いずみとしてではなく、司として。%K%P
彼女とは会いたい。いずみとしてではなく、司として。%K%P
けれど……僕はいずれ留学先に戻らなければならない。%K%P
けれど……僕はいずれ留学先に戻らなければならない。%K%P
今は一時帰国をしているに過ぎないのだから。%K%P
今は一時帰国をしているに過ぎないのだから。%K%P
「……うん、ありがとう、楓さん」%K%P
「……うん、ありがとう、楓さん」%K%P
「……え？　司？」%K%P
「……え？　司？」%K%P
「今日もだけど、楓さんや佳さんと剣の練習をしたこと、とっても楽しかった」%K%P
「今日もだけど、楓さんや佳さんと剣の練習をしたこと、とっても楽しかった」%K%P
「…………」%K%P
「…………」%K%P
「僕、武術とか全然知らなかったから、その、新鮮なことばかりでさ」%K%P
「僕、武術とか全然知らなかったから、その、新鮮なことばかりでさ」%K%P
なんか言い訳をしているみたいだ……いや、言い訳をしているのか。%K%P
なんか言い訳をしているみたいだ……いや、言い訳をしているのか。%K%P
いつでも真っ正直な楓さんに引き替え、僕は……%K%P
いつでも真っ正直な楓さんに引き替え、僕は……%K%P
「これからも君達と剣の練習をしたいけれど……僕は、日本を離れないといけない。それも遠い日じゃないんだ」%K%P
「これからも君達と剣の練習をしたいけれど……僕は、日本を離れないといけない。それも遠い日じゃないんだ」%K%P
「あっ…………そう、だった……司は戻らないと、いけないんだった」%K%P
「あっ…………そう、だった……司は戻らないと、いけないんだった」%K%P
楓さんの手が、力なく垂れ下がる。%K%P
楓さんの手が、力なく垂れ下がる。%K%P
僕の言葉が、彼女の勇気を霧散させ、宝石のようなキラキラした思いを打ち砕いていく。%K%P
僕の言葉が、彼女の勇気を霧散させ、宝石のようなキラキラした思いを打ち砕いていく。%K%P
「うん……もちろん、離れる日までは付き合えると思うから」%K%P
「うん……もちろん、離れる日までは付き合えると思うから」%K%P
こんなの、見せかけの優しさだ。けれど、分かっているのに、どうしようも出来ない。%K%P
こんなの、見せかけの優しさだ。けれど、分かっているのに、どうしようも出来ない。%K%P
「ん、そうだね。うん、分ったから……あは、司を困らせちゃった……ごめんなさい」%K%P
「ん、そうだね。うん、分ったから……あは、司を困らせちゃった……ごめんなさい」%K%P
「ううん、僕こそ……ごめん」%K%P
「ううん、僕こそ……ごめん」%K%P
僕の言葉に首を振る楓さん。ポニーテールが力なく震える。%K%P
僕の言葉に首を振る楓さん。ポニーテールが力なく震える。%K%P
「謝らないで司。あなたにはあなたの道があるから。こんな私にも、ね」%K%P
「謝らないで司。あなたにはあなたの道があるから。こんな私にも、ね」%K%P
「それは、他の人がとやかく言う事じゃないし。自分が信じた道を、迷わずに進んでいこう？　お互いに」%K%P
「それは、他の人がとやかく言う事じゃないし。自分が信じた道を、迷わずに進んでいこう？　お互いに」%K%P
夕陽が沈んでいく。あと少しで、街を藍色に染め上げるだろう。%K%P
夕陽が沈んでいく。あと少しで、街を藍色に染め上げるだろう。%K%P
そうしたら……こんなにも悲しい笑顔を、覆い隠してくれるのかもしれない。%K%P
そうしたら……こんなにも悲しい笑顔を、覆い隠してくれるのかもしれない。%K%P
