昼休み、昼食を終えた僕は、廊下を歩きながら、千影さんのことを考えていた。%K%P
昼休み、昼食を終えた僕は、廊下を歩きながら、千影さんのことを考えていた。%K%P
「不純同性交遊……」%K%P
「不純同性交遊……」%K%P
不純異性交遊というのは聞いた事のある言葉だが、不純「同性」交遊というのはなんだか耳慣れない。%K%P
不純異性交遊というのは聞いた事のある言葉だが、不純「同性」交遊というのはなんだか耳慣れない。%K%P
もちろん女子学園であるこの学園にあっては、異性交遊より同性交遊の方が多いに違いないが。%K%P
もちろん女子学園であるこの学園にあっては、異性交遊より同性交遊の方が多いに違いないが。%K%P
「それにしたってわざわざ公言するようなことかな」%K%P
「それにしたってわざわざ公言するようなことかな」%K%P
それに{最優秀騎士:ブリランテ}の権利を使ってまで、禁止にするというのも、少し厳しすぎるような気もする。%K%P
それに{最優秀騎士:ブリランテ}の権利を使ってまで、禁止にするというのも、少し厳しすぎるような気もする。%K%P
僕は首をかしげる。%K%P
僕は首をかしげる。%K%P
異性であろうと同性であろうと、学業が本分の学生が、恋愛沙汰に現を抜かすのが許せない、というのはもしかしたらあるかもしれない。%K%P
異性であろうと同性であろうと、学業が本分の学生が、恋愛沙汰に現を抜かすのが許せない、というのはもしかしたらあるかもしれない。%K%P
でも、千影さんはそこまで勉強一筋のお堅い人物という風にも見えないし、なんだか違和感を覚える。%K%P
でも、千影さんはそこまで勉強一筋のお堅い人物という風にも見えないし、なんだか違和感を覚える。%K%P
千影さんの話を聞いてから、なんだか妙にそのことが気にかかってしかたがなかった。%K%P
千影さんの話を聞いてから、なんだか妙にそのことが気にかかってしかたがなかった。%K%P
そんなことを考えながら僕はなんとなく屋上へ向かった。%K%P
そんなことを考えながら僕はなんとなく屋上へ向かった。%K%P
午後の授業開始まではまだ少し時間があるし、屋上の庭園は風が気持ちよく、ぼんやりと考えことをするには良い場所だったからだ。%K%P
午後の授業開始まではまだ少し時間があるし、屋上の庭園は風が気持ちよく、ぼんやりと考えことをするには良い場所だったからだ。%K%P
ガチャリ、と屋上へ通じる扉を開けて、外にでる。%K%P
ガチャリ、と屋上へ通じる扉を開けて、外にでる。%K%P
抜けるような青い空が出迎えてくれる。%K%P
抜けるような青い空が出迎えてくれる。%K%P
涼しい風が吹き抜ける。%K%P
涼しい風が吹き抜ける。%K%P
見晴らしのいい屋上の庭園内にはそれなりの数の学生がいて、それぞれ憩いの時を楽しんでいる。%K%P
見晴らしのいい屋上の庭園内にはそれなりの数の学生がいて、それぞれ憩いの時を楽しんでいる。%K%P
ここだけ穏やかでゆったりとした時間が流れているような、そんな雰囲気だ。%K%P
ここだけ穏やかでゆったりとした時間が流れているような、そんな雰囲気だ。%K%P
辺りを見渡すと、偶然にも千影さんと奏さんの姿があった。%K%P
辺りを見渡すと、偶然にも千影さんと奏さんの姿があった。%K%P
千影さんのことを考えていたところだったので、この偶然に少し驚く。%K%P
千影さんのことを考えていたところだったので、この偶然に少し驚く。%K%P
声をかけるべきか迷っていると、向こうから見つけて、手を振ってくれた。%K%P
声をかけるべきか迷っていると、向こうから見つけて、手を振ってくれた。%K%P
「いずみさーん！」%K%P
「いずみさーん！」%K%P
そう言って呼んでくれたので、僕は、二人に近づくことにした。%K%P
そう言って呼んでくれたので、僕は、二人に近づくことにした。%K%P
「ご機嫌よう」%K%P
「ご機嫌よう」%K%P
「ご機嫌よう、いずみさん」%K%P
「ご機嫌よう、いずみさん」%K%P
最初は慣れなかったこの挨拶もすっかり板についてしまった。%K%P
最初は慣れなかったこの挨拶もすっかり板についてしまった。%K%P
「いずみさんも屋上、よくいらっしゃるの？」%K%P
「いずみさんも屋上、よくいらっしゃるの？」%K%P
「うん、ここは気持ちいいから」%K%P
「うん、ここは気持ちいいから」%K%P
「そうよね。私の好きな場所の一つよ」%K%P
「そうよね。私の好きな場所の一つよ」%K%P
「二人もよく来るの？」%K%P
「二人もよく来るの？」%K%P
「私は時々」%K%P
「私は時々」%K%P
「今日は風が気持ちいいわよって、私が誘ったの。どうせ一人で本でも読んで昼休みを過ごすんだから」%K%P
「今日は風が気持ちいいわよって、私が誘ったの。どうせ一人で本でも読んで昼休みを過ごすんだから」%K%P
「私はそういう時間も好きなのだけれど」%K%P
「私はそういう時間も好きなのだけれど」%K%P
「あら、邪魔しちゃったかしら？」%K%P
「あら、邪魔しちゃったかしら？」%K%P
「もちろん、二人でこうして一緒に話をしてる時間の方も大好きよ」%K%P
「もちろん、二人でこうして一緒に話をしてる時間の方も大好きよ」%K%P
「ありがとう」%K%P
「ありがとう」%K%P
「ふふっ……」%K%P
「ふふっ……」%K%P
千影さんが肩にかかった髪を払いながら、遠くの雲へ視線を向ける。%K%P
千影さんが肩にかかった髪を払いながら、遠くの雲へ視線を向ける。%K%P
眩しそうに細めた目がとてもやさしげだ。%K%P
眩しそうに細めた目がとてもやさしげだ。%K%P
この二人の関係は、その様子を見てるだけでなんだかホッとした気持ちになる。%K%P
この二人の関係は、その様子を見てるだけでなんだかホッとした気持ちになる。%K%P
「今日は本当にいい天気だね」%K%P
「今日は本当にいい天気だね」%K%P
「そうね、こんな日ばかり続いてくれればいいのだけれど」%K%P
「そうね、こんな日ばかり続いてくれればいいのだけれど」%K%P
「私は雨の日も好きよ。しとしとと降り注ぐ雨を、授業中の窓から見上げたりするときとか」%K%P
「私は雨の日も好きよ。しとしとと降り注ぐ雨を、授業中の窓から見上げたりするときとか」%K%P
「ええ、そんな日も素敵ね」%K%P
「ええ、そんな日も素敵ね」%K%P
「そうだね。日本に帰ってきて、やっぱり四季の移ろいっていうのがいいなあって思う」%K%P
「そうだね。日本に帰ってきて、やっぱり四季の移ろいっていうのがいいなあって思う」%K%P
「留学先にはなかったの？」%K%P
「留学先にはなかったの？」%K%P
「なくはないけど……なんていうか、日々移ろうって感じがあまりないのかな」%K%P
「なくはないけど……なんていうか、日々移ろうって感じがあまりないのかな」%K%P
「そうなんだ。面白いのね」%K%P
「そうなんだ。面白いのね」%K%P
「雨季、乾季、みたいな感じだから、ずっとぐずついた天気が続く一ヶ月とかがあって、ずっと晴れっぱなしの一ヶ月とかもあって、それはそれで今思えば面白いけどね」%K%P
「雨季、乾季、みたいな感じだから、ずっとぐずついた天気が続く一ヶ月とかがあって、ずっと晴れっぱなしの一ヶ月とかもあって、それはそれで今思えば面白いけどね」%K%P
「海外に行くことはあっても、長期滞在はあまりしないから、羨ましい」%K%P
「海外に行くことはあっても、長期滞在はあまりしないから、羨ましい」%K%P
「ああ、北欧から来てた人は、台風がないから台風を経験してみたいって言ってたな」%K%P
「ああ、北欧から来てた人は、台風がないから台風を経験してみたいって言ってたな」%K%P
「へえ、台風を」%K%P
「へえ、台風を」%K%P
「あのすごい風と雨の中で、レインコートとマイクを持って叫ぶように報道するレポーターを、やってみたいって」%K%P
「あのすごい風と雨の中で、レインコートとマイクを持って叫ぶように報道するレポーターを、やってみたいって」%K%P
「ふふ、それは私たちからすれば物好きね」%K%P
「ふふ、それは私たちからすれば物好きね」%K%P
「逆に北欧は、一日中太陽が出てる白夜があるからさ、私はそれを体験してみたい、なんて言うと、やっぱりちょっと不思議がられるよね」%K%P
「逆に北欧は、一日中太陽が出てる白夜があるからさ、私はそれを体験してみたい、なんて言うと、やっぱりちょっと不思議がられるよね」%K%P
「ああ、私が一度行った時も白夜じゃないにせよ、夜の10時くらいまで外が明るくてびっくりした記憶がある」%K%P
「ああ、私が一度行った時も白夜じゃないにせよ、夜の10時くらいまで外が明るくてびっくりした記憶がある」%K%P
「やっぱりそうなんだ。うわあ、いいなあ」%K%P
「やっぱりそうなんだ。うわあ、いいなあ」%K%P
「また行きたいな。今度はオーロラも見たいし。前は曇ってて見れなかったの」%K%P
「また行きたいな。今度はオーロラも見たいし。前は曇ってて見れなかったの」%K%P
「いいないいな。私も一緒に行きたいわ」%K%P
「いいないいな。私も一緒に行きたいわ」%K%P
「ええ、一緒に行きましょう」%K%P
「ええ、一緒に行きましょう」%K%P
千影さんが頷く。%K%P
千影さんが頷く。%K%P
僕たちは、遠い空を見て、異国の景色に思いを馳せた。%K%P
僕たちは、遠い空を見て、異国の景色に思いを馳せた。%K%P
ゆったりと流れる雲と青い空のコントラストがちょうどよく、爽やかな気分になれる。%K%P
ゆったりと流れる雲と青い空のコントラストがちょうどよく、爽やかな気分になれる。%K%P
しばらく三人で、のんびりと空を眺めていた。%K%P
しばらく三人で、のんびりと空を眺めていた。%K%P
「いずみさんはお一人で、昼食でも食べに来たの？」%K%P
「いずみさんはお一人で、昼食でも食べに来たの？」%K%P
「いえ、お昼はもう食べて、少し時間があったから、ふらふらと」%K%P
「いえ、お昼はもう食べて、少し時間があったから、ふらふらと」%K%P
本当は千影さんのことについて考えていたのだけど、そうだとはもちろん言えない。%K%P
本当は千影さんのことについて考えていたのだけど、そうだとはもちろん言えない。%K%P
「お一人で食べてらしたの？」%K%P
「お一人で食べてらしたの？」%K%P
「あ、はい、今日は、まあ」%K%P
「あ、はい、今日は、まあ」%K%P
大抵、お昼は綾香さんがつきあってくれるんだけど、今日は先生に呼ばれたので、一人で食べたのだった。%K%P
大抵、お昼は綾香さんがつきあってくれるんだけど、今日は先生に呼ばれたので、一人で食べたのだった。%K%P
「それはもったいないわ。今度私たちと食べましょう？　一人よりも二人、二人よりも三人、みんなで食べたほうがずっとご飯もおいしいわ。ねえ、千影」%K%P
「それはもったいないわ。今度私たちと食べましょう？　一人よりも二人、二人よりも三人、みんなで食べたほうがずっとご飯もおいしいわ。ねえ、千影」%K%P
「ええ、そうね。奏といずみさんがよければ、私は別にかまわないわ」%K%P
「ええ、そうね。奏といずみさんがよければ、私は別にかまわないわ」%K%P
「いいの？」%K%P
「いいの？」%K%P
奏さんにというよりかは、千影さんの顔色をうかがうようにして聞く。%K%P
奏さんにというよりかは、千影さんの顔色をうかがうようにして聞く。%K%P
なんとなく千影さんは人と距離を置くような面があるように思えて、本当は迷惑じゃないかと、少し心配だったのだ。%K%P
なんとなく千影さんは人と距離を置くような面があるように思えて、本当は迷惑じゃないかと、少し心配だったのだ。%K%P
「ええ」%K%P
「ええ」%K%P
「もちろんよ」%K%P
「もちろんよ」%K%P
二人共、こくりと頷いて微笑む。%K%P
二人共、こくりと頷いて微笑む。%K%P
「じゃあ、今度機会があったらお願いしようかな」%K%P
「じゃあ、今度機会があったらお願いしようかな」%K%P
「ぜひぜひ」%K%P
「ぜひぜひ」%K%P
そんな話をしながら僕がふと周りを見ると、周りの学生たちもいい天気の下でピクニック気分を味わっているようだった。%K%P
そんな話をしながら僕がふと周りを見ると、周りの学生たちもいい天気の下でピクニック気分を味わっているようだった。%K%P
二人組が多く、中には手を握り合ったりしている者もいる。%K%P
二人組が多く、中には手を握り合ったりしている者もいる。%K%P
女の子同士というのは、手を繋いで買い物したり、ハグしたり、そういうことをよくやるものだと、僕は留学先の経験でも知っていた。%K%P
女の子同士というのは、手を繋いで買い物したり、ハグしたり、そういうことをよくやるものだと、僕は留学先の経験でも知っていた。%K%P
海外のほうがそういった親愛表現は当たり前かもしれない。%K%P
海外のほうがそういった親愛表現は当たり前かもしれない。%K%P
「ここの学生はみんな仲が良いね」%K%P
「ここの学生はみんな仲が良いね」%K%P
だから僕は何の気なしにそう呟いたのだった。%K%P
だから僕は何の気なしにそう呟いたのだった。%K%P
千影さんが、僕の目線の先にある二人組の女学生を見た。%K%P
千影さんが、僕の目線の先にある二人組の女学生を見た。%K%P
女学生達は、手を繋いで寄り添うようにして、ひなたぼっこをしている。%K%P
女学生達は、手を繋いで寄り添うようにして、ひなたぼっこをしている。%K%P
キャアキャア騒ぐこともなく、静かに二人だけの時を過ごしているようだ。%K%P
キャアキャア騒ぐこともなく、静かに二人だけの時を過ごしているようだ。%K%P
「……そうね」%K%P
「……そうね」%K%P
千影さんの声のトーンが変わるのを感じて、僕は千影さんを見た。%K%P
千影さんの声のトーンが変わるのを感じて、僕は千影さんを見た。%K%P
女学生達を見る千影さんの目はなぜか悲しげだ。%K%P
女学生達を見る千影さんの目はなぜか悲しげだ。%K%P
「どうかしたの？」%K%P
「どうかしたの？」%K%P
千影さんはふるふると首を横に振った。%K%P
千影さんはふるふると首を横に振った。%K%P
「……ごめんなさい」%K%P
「……ごめんなさい」%K%P
千影は僕と奏さんを置いて、歩き出す。%K%P
千影は僕と奏さんを置いて、歩き出す。%K%P
「あ、あの、千影さん？」%K%P
「あ、あの、千影さん？」%K%P
どうかしたのかと呼びかけてみたが、千影さんはさっと立ち去ってしまった。%K%P
どうかしたのかと呼びかけてみたが、千影さんはさっと立ち去ってしまった。%K%P
特に焦った様子もない奏さんと、立ち去る千影さんの背中を交互に見る。%K%P
特に焦った様子もない奏さんと、立ち去る千影さんの背中を交互に見る。%K%P
何か変なことでも言っただろうか。%K%P
何か変なことでも言っただろうか。%K%P
僕の一言で、千影さんは変わったように見えたけれど……。%K%P
僕の一言で、千影さんは変わったように見えたけれど……。%K%P
「気を悪くしないでくださいな。千影にも色々あるんですわ」%K%P
「気を悪くしないでくださいな。千影にも色々あるんですわ」%K%P
「そ、そうなの？」%K%P
「そ、そうなの？」%K%P
「ええ、いずみさんが悪いわけじゃないの。ただ、ちょっと……センチメンタルな気分になったんだと思うの」%K%P
「ええ、いずみさんが悪いわけじゃないの。ただ、ちょっと……センチメンタルな気分になったんだと思うの」%K%P
「もしかして、その、千影さんが不純同性交遊の禁止を掲げてることと関係あるのかな？」%K%P
「もしかして、その、千影さんが不純同性交遊の禁止を掲げてることと関係あるのかな？」%K%P
「……そう。もういずみさんの耳にも入っているのね」%K%P
「……そう。もういずみさんの耳にも入っているのね」%K%P
「奏さんは、その……」%K%P
「奏さんは、その……」%K%P
何か知っているの？%K%P
何か知っているの？%K%P
思わずそう尋ねようとしたところで、昼休み終了のチャイムが鳴る。%K%P
思わずそう尋ねようとしたところで、昼休み終了のチャイムが鳴る。%K%P
「あら、授業が始まってしまいますわ。急ぎましょう」%K%P
「あら、授業が始まってしまいますわ。急ぎましょう」%K%P
奏さんはそう言って足早に階段へと歩き出した。%K%P
奏さんはそう言って足早に階段へと歩き出した。%K%P
僕も少し遅れて、奏さんの後を追う。%K%P
僕も少し遅れて、奏さんの後を追う。%K%P
奏さんはなにか知っているのだろうか？%K%P
奏さんはなにか知っているのだろうか？%K%P
チャイムが鳴ったとはいえ、少しはぐらかされたような気もして、僕は奏さんの背中を見つめていた。%K%P
チャイムが鳴ったとはいえ、少しはぐらかされたような気もして、僕は奏さんの背中を見つめていた。%K%P
