生い茂る草を掻き分け、森の中を走る。時折顔に当る枝が痛い。%K%P
生い茂る草を掻き分け、森の中を走る。時折顔に当る枝が痛い。%K%P
んと、この辺りで大丈夫かな……%K%P
んと、この辺りで大丈夫かな……%K%P
「はぁはぁはぁ……つ、疲れた……えっと…………うん、いないかも」%K%P
「はぁはぁはぁ……つ、疲れた……えっと…………うん、いないかも」%K%P
「ふぅ……姉様の歌、聞こえ無くなっちゃった」%K%P
「ふぅ……姉様の歌、聞こえ無くなっちゃった」%K%P
さっきまで歌っていたのに。なにかあったのかなぁ……%K%P
さっきまで歌っていたのに。なにかあったのかなぁ……%K%P
「えっ、な、なになに～！？」%K%P
「えっ、な、なになに～！？」%K%P
がさがさって物音がして、思わず振り向いてしまう。%K%P
がさがさって物音がして、思わず振り向いてしまう。%K%P
「きゃぁあああ！　で、でたぁ～！」%K%P
「きゃぁあああ！　で、でたぁ～！」%K%P
「ことりちゃん……それじゃまるで、私がお化けか魔物みたいだ」%K%P
「ことりちゃん……それじゃまるで、私がお化けか魔物みたいだ」%K%P
「ご、ごめんなさい楓様。うう、姿は見えなかったのに。それに、前からなんて……なぜ……」%K%P
「ご、ごめんなさい楓様。うう、姿は見えなかったのに。それに、前からなんて……なぜ……」%K%P
「ことりちゃん素直すぎ。いずみさんの声に向って、移動しにくい林の中を突っ切って行くなら、先回りは簡単。オマケに騒々しく走れば、尚更だよ」%K%P
「ことりちゃん素直すぎ。いずみさんの声に向って、移動しにくい林の中を突っ切って行くなら、先回りは簡単。オマケに騒々しく走れば、尚更だよ」%K%P
「まあ、個人的には、ことりちゃんの性格は好ましく思えるけど」%K%P
「まあ、個人的には、ことりちゃんの性格は好ましく思えるけど」%K%P
「ありがとうございます。で、ですね……好ましく思って貰ったついでに、見逃していただくというわけには……」%K%P
「ありがとうございます。で、ですね……好ましく思って貰ったついでに、見逃していただくというわけには……」%K%P
「そうはいかない。ことりちゃんこそ、鍵を渡してくれない？」%K%P
「そうはいかない。ことりちゃんこそ、鍵を渡してくれない？」%K%P
「できれば、そうしたいですけど……楓様と一対一で戦って勝てるとは思えませんし」%K%P
「できれば、そうしたいですけど……楓様と一対一で戦って勝てるとは思えませんし」%K%P
そう、私は自分の実力を良く知ってる。%K%P
そう、私は自分の実力を良く知ってる。%K%P
だけどアリアは団体戦――みんなの力を合わせれば……%K%P
だけどアリアは団体戦――みんなの力を合わせれば……%K%P
「……ん？」%K%P
「……ん？」%K%P
「け、けれど！　楓様っ！」%K%P
「け、けれど！　楓様っ！」%K%P
「……珍しいね、ことりちゃんがそんな大きな声を出すなんて」%K%P
「……珍しいね、ことりちゃんがそんな大きな声を出すなんて」%K%P
「ご、ごめんなさい、聞いて欲しいんです」%K%P
「ご、ごめんなさい、聞いて欲しいんです」%K%P
「私は楓様に降伏することは出来ません。勝って、姉様との約束を果たすんです」%K%P
「私は楓様に降伏することは出来ません。勝って、姉様との約束を果たすんです」%K%P
姉様はわざわざアリアの為に、学園に入って下さったんだもの……絶対に勝ちたい。%K%P
姉様はわざわざアリアの為に、学園に入って下さったんだもの……絶対に勝ちたい。%K%P
それに……で、デートの約束もあるから。%K%P
それに……で、デートの約束もあるから。%K%P
「どうやらことりちゃんを侮っていたようだ。だったら倒して鍵をいただくよ。さあ弓を構えて」%K%P
「どうやらことりちゃんを侮っていたようだ。だったら倒して鍵をいただくよ。さあ弓を構えて」%K%P
「いいんですか？　矢って結構速いですよ？」%K%P
「いいんですか？　矢って結構速いですよ？」%K%P
「心配はいらない。私の剣術、輝堂流抜刀術は{後の先:ごのせん}の技。矢が私を貫く前に、打ち破らせてもらうから」%K%P
「心配はいらない。私の剣術、輝堂流抜刀術は{後の先:ごのせん}の技。矢が私を貫く前に、打ち破らせてもらうから」%K%P
「……分かりました……でしたら、{射:い}させてもらいます」%K%P
「……分かりました……でしたら、{射:い}させてもらいます」%K%P
ん、来てる……よおし、このタイミングなら……いけるっ――私はあえて、楓様から狙いをそらす。%K%P
ん、来てる……よおし、このタイミングなら……いけるっ――私はあえて、楓様から狙いをそらす。%K%P
「…………んん…………………………しょっ！！」%K%P
「…………んん…………………………しょっ！！」%K%P
「ふッ！　どこを狙っているっ！　貰ったよ、ことりちゃんっ」%K%P
「ふッ！　どこを狙っているっ！　貰ったよ、ことりちゃんっ」%K%P
私の矢に気を取られた一瞬の隙を狙って、横から槍が繰り出される。%K%P
私の矢に気を取られた一瞬の隙を狙って、横から槍が繰り出される。%K%P
「なにっ！？」%K%P
「なにっ！？」%K%P
「うわっ、あれ避けるんだ……嘘でしょ？」%K%P
「うわっ、あれ避けるんだ……嘘でしょ？」%K%P
当るっ――そう思った次の瞬間、ビックリするほどの速さで躱す楓様。%K%P
当るっ――そう思った次の瞬間、ビックリするほどの速さで躱す楓様。%K%P
なんで……タイミングバッチリだったのに。%K%P
なんで……タイミングバッチリだったのに。%K%P
「うぅ、惜しかったですっ、ごめんなさい、もうちょっと私が注意を引きつけられれば」%K%P
「うぅ、惜しかったですっ、ごめんなさい、もうちょっと私が注意を引きつけられれば」%K%P
「上出来、上出来。学園内でも一、二を争う{騎士:ワルキュリア}、楓さんをびびらせたんですもの、ね？」%K%P
「上出来、上出来。学園内でも一、二を争う{騎士:ワルキュリア}、楓さんをびびらせたんですもの、ね？」%K%P
「ああ、今のは正直危なかった。まさか美琴さんが側にいたとは…………ん、もしかして、ことりちゃん……」%K%P
「ああ、今のは正直危なかった。まさか美琴さんが側にいたとは…………ん、もしかして、ことりちゃん……」%K%P
「えへへ、その、騒々しく走ったのは、半分作戦です」%K%P
「えへへ、その、騒々しく走ったのは、半分作戦です」%K%P
そう半分は作戦。もう半分は……すっごく慌ててたから。%K%P
そう半分は作戦。もう半分は……すっごく慌ててたから。%K%P
「ふふ、想像以上に大きな音だったわよ。お陰で奇襲出来たのだけど……そして……後は…………やぁっ！」%K%P
「ふふ、想像以上に大きな音だったわよ。お陰で奇襲出来たのだけど……そして……後は…………やぁっ！」%K%P
「んっ」%K%P
「んっ」%K%P
「ことりちゃん、バックアップ！　二対一でごめんなさいねっ」%K%P
「ことりちゃん、バックアップ！　二対一でごめんなさいねっ」%K%P
美琴様の槍を躱し、柄に手を掛ける楓様。%K%P
美琴様の槍を躱し、柄に手を掛ける楓様。%K%P
まともに居合をされたら、躱せない……けど、ここなら。%K%P
まともに居合をされたら、躱せない……けど、ここなら。%K%P
「くっ！　今度は私の番…………しまったっ」%K%P
「くっ！　今度は私の番…………しまったっ」%K%P
「それだけの業物だと振り回せないでしょ？」%K%P
「それだけの業物だと振り回せないでしょ？」%K%P
「あなたのような強い人を相手にするには、数的優位と地形を利用しないとね！」%K%P
「あなたのような強い人を相手にするには、数的優位と地形を利用しないとね！」%K%P
空間を広く使う刀だと、木々が密集した森の中では扱いにくいはず。%K%P
空間を広く使う刀だと、木々が密集した森の中では扱いにくいはず。%K%P
対照的に点で攻撃の出来る私達には有利だ。%K%P
対照的に点で攻撃の出来る私達には有利だ。%K%P
「くぅう、その程度っ！」%K%P
「くぅう、その程度っ！」%K%P
「これも、躱す？　けれども、今ならぁ！」%K%P
「これも、躱す？　けれども、今ならぁ！」%K%P
「ええぃ！」%K%P
「ええぃ！」%K%P
美琴様の突きを仰け反って避ける楓様――ん、いまだっ！%K%P
美琴様の突きを仰け反って避ける楓様――ん、いまだっ！%K%P
楓様の鎧目がけて放つ。木々の間をすり抜け、真っ直ぐに飛ぶ矢――中るっ！%K%P
楓様の鎧目がけて放つ。木々の間をすり抜け、真っ直ぐに飛ぶ矢――中るっ！%K%P
「はぁっ！」%K%P
「はぁっ！」%K%P
「うっそぉ！　こんな狭いところで……」%K%P
「うっそぉ！　こんな狭いところで……」%K%P
「ふぅ……抜刀しなくても、この程度は可能だから」%K%P
「ふぅ……抜刀しなくても、この程度は可能だから」%K%P
「だからといって、鞘で矢を弾くなんて……凄すぎよ」%K%P
「だからといって、鞘で矢を弾くなんて……凄すぎよ」%K%P
お口を開けて、呆然としている美琴様。きっと私も同じような表情をしてるんだろうな。%K%P
お口を開けて、呆然としている美琴様。きっと私も同じような表情をしてるんだろうな。%K%P
「……今のは出来すぎ。けど……もう一度やれと言われたら、してみせる」%K%P
「……今のは出来すぎ。けど……もう一度やれと言われたら、してみせる」%K%P
「うぅ、楓様、強すぎです…………んん、この声」%K%P
「うぅ、楓様、強すぎです…………んん、この声」%K%P
遠くから歌声が聞こえてくる。聞き間違えるはずのない、大好きな人の、声。%K%P
遠くから歌声が聞こえてくる。聞き間違えるはずのない、大好きな人の、声。%K%P
体に染み渡り、怯える心を静めてくれる魔法の声。%K%P
体に染み渡り、怯える心を静めてくれる魔法の声。%K%P
「これは……いずみさんね。おそらく近くに綾香もいるはず、合流するわよ」%K%P
「これは……いずみさんね。おそらく近くに綾香もいるはず、合流するわよ」%K%P
「は、はいっ」%K%P
「は、はいっ」%K%P
「……そうはさせない、ここで決着をつけさせてもらう」%K%P
「……そうはさせない、ここで決着をつけさせてもらう」%K%P
楓様が距離を詰めてくる。手が柄に掛かる――ここで倒されるわけには、いかないんだからっ！%K%P
楓様が距離を詰めてくる。手が柄に掛かる――ここで倒されるわけには、いかないんだからっ！%K%P
私は矢筒から矢を抜き取ると、素早く射る――精度よりも早さを重視して。%K%P
私は矢筒から矢を抜き取ると、素早く射る――精度よりも早さを重視して。%K%P
「くぅっ！」%K%P
「くぅっ！」%K%P
楓様の足が止まる。すでに美琴様は駆け出している。%K%P
楓様の足が止まる。すでに美琴様は駆け出している。%K%P
私も射った次の瞬間から、走り出していた。%K%P
私も射った次の瞬間から、走り出していた。%K%P
「ナイスっ、ことりちゃん！　さあ、一目散に逃げるわよっ」%K%P
「ナイスっ、ことりちゃん！　さあ、一目散に逃げるわよっ」%K%P
「は、はいっ！　鬼ごっこは苦手ですけど、一生懸命走りますっ」%K%P
「は、はいっ！　鬼ごっこは苦手ですけど、一生懸命走りますっ」%K%P
今は綾香様と合流する事が第一……待っていて下さい、姉様。%K%P
今は綾香様と合流する事が第一……待っていて下さい、姉様。%K%P
