今日は日曜日。%K%P
今日は日曜日。%K%P
たまの休みだからどこかに遊びに行こうかな。%K%P
たまの休みだからどこかに遊びに行こうかな。%K%P
ただネックなのが今の僕は女子学生なんだよね。どうしても外出先で女の子として振る舞う必要がある。%K%P
ただネックなのが今の僕は女子学生なんだよね。どうしても外出先で女の子として振る舞う必要がある。%K%P
うっかりなにか失敗して男だとバレたら色々と困るし……。%K%P
うっかりなにか失敗して男だとバレたら色々と困るし……。%K%P
男の姿に戻って出歩くのも、それはそれで女子寮暮らしの僕には手間が掛かる。%K%P
男の姿に戻って出歩くのも、それはそれで女子寮暮らしの僕には手間が掛かる。%K%P
「せっかくの日曜なのに、部屋でゴロゴロしてるのはもったいないしなぁ……」%K%P
「せっかくの日曜なのに、部屋でゴロゴロしてるのはもったいないしなぁ……」%K%P
さて、どうしたものか。%K%P
さて、どうしたものか。%K%P
「ちょっとごめんなさい。着替えるから……」%K%P
「ちょっとごめんなさい。着替えるから……」%K%P
「あ、う、うん」%K%P
「あ、う、うん」%K%P
綾香さんは制服を手にしていた。%K%P
綾香さんは制服を手にしていた。%K%P
慌てて背中を向ける。%K%P
慌てて背中を向ける。%K%P
ゴソゴソと衣擦れの音。%K%P
ゴソゴソと衣擦れの音。%K%P
「いいわよ」%K%P
「いいわよ」%K%P
振り返るとやはり制服に着替えていた。%K%P
振り返るとやはり制服に着替えていた。%K%P
「あれ、なにか登校する用事でもあるの？」%K%P
「あれ、なにか登校する用事でもあるの？」%K%P
「深皇祭でのアリアが近いでしょ。自主練しようと思って」%K%P
「深皇祭でのアリアが近いでしょ。自主練しようと思って」%K%P
相変わらずの熱の入れようみたいだ。綾香さんは凄いなぁ。%K%P
相変わらずの熱の入れようみたいだ。綾香さんは凄いなぁ。%K%P
こうなると僕も遊びほうけているより、もっと有意義な休日を過ごしてみたくなる。%K%P
こうなると僕も遊びほうけているより、もっと有意義な休日を過ごしてみたくなる。%K%P
「綾香、支度はいい？」%K%P
「綾香、支度はいい？」%K%P
「ええ、行きましょうか」%K%P
「ええ、行きましょうか」%K%P
やってきた美琴さんも制服姿だ。%K%P
やってきた美琴さんも制服姿だ。%K%P
もしかして、綾香さんと一緒に自主練するつもりなのかな？%K%P
もしかして、綾香さんと一緒に自主練するつもりなのかな？%K%P
「美琴さんもこれから学校？」%K%P
「美琴さんもこれから学校？」%K%P
「そう、あたしから綾香にお願いしたの」%K%P
「そう、あたしから綾香にお願いしたの」%K%P
「せっかくの休みなのに悪いとは思うんだけどね」%K%P
「せっかくの休みなのに悪いとは思うんだけどね」%K%P
「そんなことないって。もともとわたしもそのつもりだったし」%K%P
「そんなことないって。もともとわたしもそのつもりだったし」%K%P
「二人とも意気込みが凄いね」%K%P
「二人とも意気込みが凄いね」%K%P
「他のみんなに比べて技量が劣ってる分、あたしは何倍も努力をしないといけないから」%K%P
「他のみんなに比べて技量が劣ってる分、あたしは何倍も努力をしないといけないから」%K%P
「そうなの？　練習を見ている限りじゃ互角に戦えてる気がするけど」%K%P
「そうなの？　練習を見ている限りじゃ互角に戦えてる気がするけど」%K%P
「槍と剣で互角って時点でどうなのって話」%K%P
「槍と剣で互角って時点でどうなのって話」%K%P
苦笑しながら肩をすくめた。%K%P
苦笑しながら肩をすくめた。%K%P
一方、綾香さんは少し意見が違うみたいだ。%K%P
一方、綾香さんは少し意見が違うみたいだ。%K%P
「美琴は付き合いが良すぎるから。もっとこう……」%K%P
「美琴は付き合いが良すぎるから。もっとこう……」%K%P
「……まあ今、口で言っても仕方ないのは確かだけど」%K%P
「……まあ今、口で言っても仕方ないのは確かだけど」%K%P
「そうそう。練習あるのみ。頭じゃなく身体で覚えないとね」%K%P
「そうそう。練習あるのみ。頭じゃなく身体で覚えないとね」%K%P
小さくガッツポーズ。%K%P
小さくガッツポーズ。%K%P
可愛いなぁ。こういうの見ると自然に応援したくなる。%K%P
可愛いなぁ。こういうの見ると自然に応援したくなる。%K%P
どうせ今日の予定はないことだし……。%K%P
どうせ今日の予定はないことだし……。%K%P
「私も付いていっていい？　二人が練習してるところを見学させてちょうだい」%K%P
「私も付いていっていい？　二人が練習してるところを見学させてちょうだい」%K%P
「ええ、喜んで」%K%P
「ええ、喜んで」%K%P
二つ返事で了承してくれた。%K%P
二つ返事で了承してくれた。%K%P
「ホント、いずみさんもくるの？」%K%P
「ホント、いずみさんもくるの？」%K%P
「よ～し！　これは恥ずかしいとこ見せられないわね」%K%P
「よ～し！　これは恥ずかしいとこ見せられないわね」%K%P
美琴さんにいたっては、ますます気合いが入ったようだった。%K%P
美琴さんにいたっては、ますます気合いが入ったようだった。%K%P
休日だけあってグラウンドは完全に貸し切り状態だ。%K%P
休日だけあってグラウンドは完全に貸し切り状態だ。%K%P
これなら周りに気兼ねすることなく、思う存分に練習できるだろう。%K%P
これなら周りに気兼ねすることなく、思う存分に練習できるだろう。%K%P
やっぱり武器を振り回したりする関係上、安全のためにはそれなりのスペースが必要だしね。%K%P
やっぱり武器を振り回したりする関係上、安全のためにはそれなりのスペースが必要だしね。%K%P
僕は二人から少し離れた場所に陣取る。%K%P
僕は二人から少し離れた場所に陣取る。%K%P
「がんばって」%K%P
「がんばって」%K%P
声援を掛けると美琴さんが小さく手を振り返す。%K%P
声援を掛けると美琴さんが小さく手を振り返す。%K%P
「あたしの動きにおかしいところがあったら、どんどん指摘してね」%K%P
「あたしの動きにおかしいところがあったら、どんどん指摘してね」%K%P
「うん。といってもあんまりお役に立てるとは思わないけど」%K%P
「うん。といってもあんまりお役に立てるとは思わないけど」%K%P
武器の扱いに関してはシロートもいいところだしなぁ。%K%P
武器の扱いに関してはシロートもいいところだしなぁ。%K%P
美琴さんが槍を構える。%K%P
美琴さんが槍を構える。%K%P
まずは一人で型稽古から始めるみたいだ。%K%P
まずは一人で型稽古から始めるみたいだ。%K%P
傍らでは綾香さんが真剣な面持ちで見守っている。%K%P
傍らでは綾香さんが真剣な面持ちで見守っている。%K%P
「それじゃ、始めるね」%K%P
「それじゃ、始めるね」%K%P
「どうぞ」%K%P
「どうぞ」%K%P
綾香さんの合図と共に、美琴さんが素早い突きを虚空に捻り込む。%K%P
綾香さんの合図と共に、美琴さんが素早い突きを虚空に捻り込む。%K%P
すぐさま槍を引いて、二度三度と、同じ動作を繰り返す。%K%P
すぐさま槍を引いて、二度三度と、同じ動作を繰り返す。%K%P
「やっ、はっ、せい！」%K%P
「やっ、はっ、せい！」%K%P
パッと見だと単純な動きだ。ただし、どっしりとした印象の安定感がある。%K%P
パッと見だと単純な動きだ。ただし、どっしりとした印象の安定感がある。%K%P
「いいよ。ぜんぜん体幹がぶれない。続けて」%K%P
「いいよ。ぜんぜん体幹がぶれない。続けて」%K%P
綾香さんの目から見てもしっかりした動きになっているらしい。%K%P
綾香さんの目から見てもしっかりした動きになっているらしい。%K%P
美琴さんの槍捌きは、突き、薙ぎ、払い、と徐々にパターンが増えていく。%K%P
美琴さんの槍捌きは、突き、薙ぎ、払い、と徐々にパターンが増えていく。%K%P
で、いかにもシロートらしい疑問が湧いてくる。%K%P
で、いかにもシロートらしい疑問が湧いてくる。%K%P
「ああいう型って必殺技みたいなものなのかな」%K%P
「ああいう型って必殺技みたいなものなのかな」%K%P
綾香さんは頭を振る。%K%P
綾香さんは頭を振る。%K%P
「実際の試合じゃ型通りに攻めてもあんまり役には立たないのよ」%K%P
「実際の試合じゃ型通りに攻めてもあんまり役には立たないのよ」%K%P
「そうなの？　じゃあ型ってなんのためにあるんだろう」%K%P
「そうなの？　じゃあ型ってなんのためにあるんだろう」%K%P
「それは型を忠実に再現できる身体能力を身につけることが目的になるのかな」%K%P
「それは型を忠実に再現できる身体能力を身につけることが目的になるのかな」%K%P
「体力とか筋力、関節の可動範囲や正確な身体制御、どれも日常生活じゃ必要ないレベルのものだしね」%K%P
「体力とか筋力、関節の可動範囲や正確な身体制御、どれも日常生活じゃ必要ないレベルのものだしね」%K%P
「あ～、言われてみれば……」%K%P
「あ～、言われてみれば……」%K%P
つまり型は戦うための武器じゃなく戦いに備えた土台作りみたいなものってことなんだろう。%K%P
つまり型は戦うための武器じゃなく戦いに備えた土台作りみたいなものってことなんだろう。%K%P
きびきびと切れのある動きで型を繰り返す美琴さんは、それだけ気力体力が充実していて、頼りがいのある{騎士:ワルキュリア}であることを証明しているとも言えそうだ。%K%P
きびきびと切れのある動きで型を繰り返す美琴さんは、それだけ気力体力が充実していて、頼りがいのある{騎士:ワルキュリア}であることを証明しているとも言えそうだ。%K%P
「せいっ、せやあぁっ！」%K%P
「せいっ、せやあぁっ！」%K%P
鋭い風切り音。%K%P
鋭い風切り音。%K%P
穂先がぶれて目で追いきれないほどの素早い突きの数々。%K%P
穂先がぶれて目で追いきれないほどの素早い突きの数々。%K%P
型一つの動きにしても張り切っているのが傍目からでも分る。%K%P
型一つの動きにしても張り切っているのが傍目からでも分る。%K%P
「ぷふぅ……どうだった、綾香」%K%P
「ぷふぅ……どうだった、綾香」%K%P
「とっても調子いいじゃない。強いて言えば、がんばりすぎてバテないかが心配なくらいかな」%K%P
「とっても調子いいじゃない。強いて言えば、がんばりすぎてバテないかが心配なくらいかな」%K%P
「美琴さん、気合い入ってるね～」%K%P
「美琴さん、気合い入ってるね～」%K%P
「{騎士:ワルキュリア}として出場する以上、恥ずかしい姿は見せられないもの」%K%P
「{騎士:ワルキュリア}として出場する以上、恥ずかしい姿は見せられないもの」%K%P
「はは、それなら助けを待つ身の私も安心だ」%K%P
「はは、それなら助けを待つ身の私も安心だ」%K%P
「もちろん、大船に乗ったつもりでいてちょうだい」%K%P
「もちろん、大船に乗ったつもりでいてちょうだい」%K%P
「うん、期待してるよ」%K%P
「うん、期待してるよ」%K%P
「ホント！？　い、いっぱいいっぱいがんばるからね！」%K%P
「ホント！？　い、いっぱいいっぱいがんばるからね！」%K%P
美琴さんがますます絶好調だ。表情が輝いていてとてもうれしそうにしている。%K%P
美琴さんがますます絶好調だ。表情が輝いていてとてもうれしそうにしている。%K%P
練習にも熱が入り、綾香さんとの手合わせに移っても勢いが衰えない。%K%P
練習にも熱が入り、綾香さんとの手合わせに移っても勢いが衰えない。%K%P
二人の剣戟が格好良すぎて、応援している僕も楽しい。%K%P
二人の剣戟が格好良すぎて、応援している僕も楽しい。%K%P
「綾香さんも美琴さんもいいよっ、その調子～！」%K%P
「綾香さんも美琴さんもいいよっ、その調子～！」%K%P
「ふっ、ふはっ、えいっ！」%K%P
「ふっ、ふはっ、えいっ！」%K%P
「はぁっ、やあっ！」%K%P
「はぁっ、やあっ！」%K%P
ななめから切り込んできた綾香さんを、美琴さんは半円を描くように槍を大きく振るって牽制した。%K%P
ななめから切り込んできた綾香さんを、美琴さんは半円を描くように槍を大きく振るって牽制した。%K%P
攻め込みきれなかった綾香さんが大きく息を吐く。%K%P
攻め込みきれなかった綾香さんが大きく息を吐く。%K%P
「ふぅ、今のはいけると思ったんだけどな」%K%P
「ふぅ、今のはいけると思ったんだけどな」%K%P
「はぁ、はぁ、ひやっとした～、ちょっと賭けだったけど上手くいったわ」%K%P
「はぁ、はぁ、ひやっとした～、ちょっと賭けだったけど上手くいったわ」%K%P
「二人とも凄くて見入っちゃったよ。これなら本番もきっと盛り上がるんじゃないかな」%K%P
「二人とも凄くて見入っちゃったよ。これなら本番もきっと盛り上がるんじゃないかな」%K%P
「そうね、一時はどうなるかと思ったけど、無事にアリアを開催できそうでホント良かったわ」%K%P
「そうね、一時はどうなるかと思ったけど、無事にアリアを開催できそうでホント良かったわ」%K%P
「綾香ががんばったからだよ。{歌姫:ディーバ}を引き受けてくれたいずみさんにも感謝しないとね」%K%P
「綾香ががんばったからだよ。{歌姫:ディーバ}を引き受けてくれたいずみさんにも感謝しないとね」%K%P
「ふふ、だから美琴張り切ってるんだ？」%K%P
「ふふ、だから美琴張り切ってるんだ？」%K%P
「うん。ちゃんと目に見える形でお礼したいじゃない」%K%P
「うん。ちゃんと目に見える形でお礼したいじゃない」%K%P
美琴さんが僕の方をチラッと見てはにかんでいた。%K%P
美琴さんが僕の方をチラッと見てはにかんでいた。%K%P
夜になり他の寮生はすっかり寝静まっている。%K%P
夜になり他の寮生はすっかり寝静まっている。%K%P
あまり物音を立てないように気をつけながら向かっているのは浴室だ。%K%P
あまり物音を立てないように気をつけながら向かっているのは浴室だ。%K%P
深夜は僕の貸し切りお風呂タイムだもんね。%K%P
深夜は僕の貸し切りお風呂タイムだもんね。%K%P
で、脱衣所の前までやってきたらドアの前に人影がある。%K%P
で、脱衣所の前までやってきたらドアの前に人影がある。%K%P
「あ、やっぱりこの時間にお風呂なんだね」%K%P
「あ、やっぱりこの時間にお風呂なんだね」%K%P
「み、美琴さん！？」%K%P
「み、美琴さん！？」%K%P
「え、あの、ど、どうして？」%K%P
「え、あの、ど、どうして？」%K%P
「いずみさんの背中を流して上げようと思って」%K%P
「いずみさんの背中を流して上げようと思って」%K%P
ニッコリと微笑みながらさらっと爆弾発言を投げかけてきた。%K%P
ニッコリと微笑みながらさらっと爆弾発言を投げかけてきた。%K%P
あまりに突然のことで、もしかしたら何か自分の解釈が間違っているのかなと、思わず聞き返してしまう。%K%P
あまりに突然のことで、もしかしたら何か自分の解釈が間違っているのかなと、思わず聞き返してしまう。%K%P
「その背中を流すっていうのは、この寮に伝わる何かのスラングかな？」%K%P
「その背中を流すっていうのは、この寮に伝わる何かのスラングかな？」%K%P
「ふふ、おかしないずみさん。普通にごしごし洗ってあげるって意味よ」%K%P
「ふふ、おかしないずみさん。普通にごしごし洗ってあげるって意味よ」%K%P
「あー、うん、やっぱりそうなんだ」%K%P
「あー、うん、やっぱりそうなんだ」%K%P
となると、ますます困惑してしまう。%K%P
となると、ますます困惑してしまう。%K%P
「なんでまた急に……」%K%P
「なんでまた急に……」%K%P
「当たり前だけど、いずみさんはいつもお風呂は一人でしょ。\n　だから、不便してるかなと思って」%K%P
「当たり前だけど、いずみさんはいつもお風呂は一人でしょ。\n　だから、不便してるかなと思って」%K%P
「不便ってことはないけどなぁ。そりゃ誰かに背中を流して貰えたら楽だとは思うけど」%K%P
「不便ってことはないけどなぁ。そりゃ誰かに背中を流して貰えたら楽だとは思うけど」%K%P
「でしょう？　あたしもそのことに気付いたのがさっきお風呂に入ったときだったの」%K%P
「でしょう？　あたしもそのことに気付いたのがさっきお風呂に入ったときだったの」%K%P
「あとは思い立ったが吉日というか、いてもたってもいられなくなったというか……」%K%P
「あとは思い立ったが吉日というか、いてもたってもいられなくなったというか……」%K%P
なるほどね。美琴さんの動機は理解した。%K%P
なるほどね。美琴さんの動機は理解した。%K%P
まっすぐな目を見れば悪気がないのは分るし、親切からの申し出はありがたい。%K%P
まっすぐな目を見れば悪気がないのは分るし、親切からの申し出はありがたい。%K%P
でも僕は男なわけで……正直、女の子に背中を流して貰えるなんてことになっても、うれしさより恥ずかしさが先に立つ。%K%P
でも僕は男なわけで……正直、女の子に背中を流して貰えるなんてことになっても、うれしさより恥ずかしさが先に立つ。%K%P
「その……流石に僕たちが一緒にお風呂は問題あると思うんだ」%K%P
「その……流石に僕たちが一緒にお風呂は問題あると思うんだ」%K%P
羞恥心を持てあましてモジモジしてしまう。%K%P
羞恥心を持てあましてモジモジしてしまう。%K%P
「こんな格好してるけど、あくまで僕は、\n　ほら、アレなんだし……」%K%P
「こんな格好してるけど、あくまで僕は、\n　ほら、アレなんだし……」%K%P
「大丈夫。本当に背中を流してあげるだけだから、お互いにちゃんとタオル巻いてればいいでしょ」%K%P
「大丈夫。本当に背中を流してあげるだけだから、お互いにちゃんとタオル巻いてればいいでしょ」%K%P
「いや、でも……」%K%P
「いや、でも……」%K%P
むしろ余計に意識してしまいそうなんだけど。%K%P
むしろ余計に意識してしまいそうなんだけど。%K%P
薄い布一枚でしか覆われてないってことになると、どうしてもね。%K%P
薄い布一枚でしか覆われてないってことになると、どうしてもね。%K%P
「あ、もしかして迷惑かな……」%K%P
「あ、もしかして迷惑かな……」%K%P
美琴さんが目に見えてしょげかえってしまった。%K%P
美琴さんが目に見えてしょげかえってしまった。%K%P
そんな姿にチクチクと罪悪感を刺激される。%K%P
そんな姿にチクチクと罪悪感を刺激される。%K%P
迷惑とは思わないけれど、純粋に恥ずかしい。けど、せっかくの善意を袖にするのも心苦しいものが……。%K%P
迷惑とは思わないけれど、純粋に恥ずかしい。けど、せっかくの善意を袖にするのも心苦しいものが……。%K%P
うぅ、こ、これは……っ。%K%P
うぅ、こ、これは……っ。%K%P
「いずみさん……」%K%P
「いずみさん……」%K%P
あ、目に涙が浮かびそう。%K%P
あ、目に涙が浮かびそう。%K%P
ダメだ、白旗だ。%K%P
ダメだ、白旗だ。%K%P
「じゃ、じゃあ、みんなにはバレないようにナイショってことで一つお願いしようかな」%K%P
「じゃ、じゃあ、みんなにはバレないようにナイショってことで一つお願いしようかな」%K%P
「うん、任せて！」%K%P
「うん、任せて！」%K%P
心からうれしそうに頷いた。%K%P
心からうれしそうに頷いた。%K%P
椅子に腰掛けたまま前方を見据えて極力振り向かないようにする。%K%P
椅子に腰掛けたまま前方を見据えて極力振り向かないようにする。%K%P
前言通り、美琴さんはちゃんとタオルを身体に巻いているけど、万が一ってことがあるからなぁ……。%K%P
前言通り、美琴さんはちゃんとタオルを身体に巻いているけど、万が一ってことがあるからなぁ……。%K%P
「ふふふ、ごし、ごしっと……っ」%K%P
「ふふふ、ごし、ごしっと……っ」%K%P
「た、たのしそうだね」%K%P
「た、たのしそうだね」%K%P
「実際にいずみさんのお世話できるのが楽しいもの」%K%P
「実際にいずみさんのお世話できるのが楽しいもの」%K%P
「もう少し強めに擦った方がいいかな」%K%P
「もう少し強めに擦った方がいいかな」%K%P
「ああ、うん、じゃ、じゃあお願い」%K%P
「ああ、うん、じゃ、じゃあお願い」%K%P
ソープまみれのスポンジで丹念に背中を擦ってくる。%K%P
ソープまみれのスポンジで丹念に背中を擦ってくる。%K%P
背中を流して貰えるのは気持ちいいけど、どうしても羞恥心が先に立って落ち着かない。%K%P
背中を流して貰えるのは気持ちいいけど、どうしても羞恥心が先に立って落ち着かない。%K%P
女装に慣れてからは普段の生活でそこまで意識することはなかったけど、今はめちゃくちゃ美琴さんに異性を感じてしまっている。%K%P
女装に慣れてからは普段の生活でそこまで意識することはなかったけど、今はめちゃくちゃ美琴さんに異性を感じてしまっている。%K%P
「あ、あのさ、美琴さんは恥ずかしくないのかな」%K%P
「あ、あのさ、美琴さんは恥ずかしくないのかな」%K%P
「僕と、その、お風呂で二人きりなんだよ？」%K%P
「僕と、その、お風呂で二人きりなんだよ？」%K%P
「う～ん、もちろん少しは意識するかな……」%K%P
「う～ん、もちろん少しは意識するかな……」%K%P
少しなんだ。%K%P
少しなんだ。%K%P
「男の子にこんな言い方は失礼かもしれないけど、いずみさんって、ほら、綺麗だから……」%K%P
「男の子にこんな言い方は失礼かもしれないけど、いずみさんって、ほら、綺麗だから……」%K%P
「男の子なのに女の子といるみたいな……不思議な安心感があるの」%K%P
「男の子なのに女の子といるみたいな……不思議な安心感があるの」%K%P
これも信頼感の一種なのかな？%K%P
これも信頼感の一種なのかな？%K%P
怖がられてないのはうれしいけど、それ男としてどうなんだろう。%K%P
怖がられてないのはうれしいけど、それ男としてどうなんだろう。%K%P
複雑な気分だなぁ……。%K%P
複雑な気分だなぁ……。%K%P
「そもそもお互いにやましい所なんてないでしょ？」%K%P
「そもそもお互いにやましい所なんてないでしょ？」%K%P
「まあ、うん。そうなんだけどさ」%K%P
「まあ、うん。そうなんだけどさ」%K%P
「だったらいいじゃない」%K%P
「だったらいいじゃない」%K%P
「それじゃシャワーで流すわね」%K%P
「それじゃシャワーで流すわね」%K%P
温水が背中にかかる。%K%P
温水が背中にかかる。%K%P
シャワーの水圧が皮膚を刺激することでマッサージと同じ効果があるのか、普通に気持ちいい。%K%P
シャワーの水圧が皮膚を刺激することでマッサージと同じ効果があるのか、普通に気持ちいい。%K%P
「ふぅ……いいなぁ……」%K%P
「ふぅ……いいなぁ……」%K%P
「はい、これで綺麗になったわ」%K%P
「はい、これで綺麗になったわ」%K%P
「それにしても……」%K%P
「それにしても……」%K%P
うん？　なんだろう。%K%P
うん？　なんだろう。%K%P
正面を向いていた僕は、美琴さんの目に興味津々の光が点ったことに気付かなかった。%K%P
正面を向いていた僕は、美琴さんの目に興味津々の光が点ったことに気付かなかった。%K%P
「こうして見ると、つくづくいずみさんってお肌スベスベよね」%K%P
「こうして見ると、つくづくいずみさんってお肌スベスベよね」%K%P
「男の子なのに下手したらその辺の女の子よりきめの細かい肌してるかも……」%K%P
「男の子なのに下手したらその辺の女の子よりきめの細かい肌してるかも……」%K%P
つつ～っと、背中をなぞる細い指。%K%P
つつ～っと、背中をなぞる細い指。%K%P
「ひゃう！？」%K%P
「ひゃう！？」%K%P
「わ、いずみさん敏感。ごめんなさい、くすぐったかった？」%K%P
「わ、いずみさん敏感。ごめんなさい、くすぐったかった？」%K%P
「いや、ビックリしたというか……」%K%P
「いや、ビックリしたというか……」%K%P
ゾクゾクした快感があって、思わずヘンな声が出てしまった。%K%P
ゾクゾクした快感があって、思わずヘンな声が出てしまった。%K%P
おかしいな。自分で首筋や背中を触っても何ともないのに。%K%P
おかしいな。自分で首筋や背中を触っても何ともないのに。%K%P
そして……。%K%P
そして……。%K%P
（うわわ……っ、ど、どうして……？）%K%P
（うわわ……っ、ど、どうして……？）%K%P
股間が勝手に反応していた。%K%P
股間が勝手に反応していた。%K%P
こ、これはまずいって……っ。もし、美琴さんに気付かれたら……っ。%K%P
こ、これはまずいって……っ。もし、美琴さんに気付かれたら……っ。%K%P
美琴さんの視線を背中で遮ろうと、つい猫背気味になってしまう。%K%P
美琴さんの視線を背中で遮ろうと、つい猫背気味になってしまう。%K%P
「うん？　どうしたの？」%K%P
「うん？　どうしたの？」%K%P
「えっと、その……」%K%P
「えっと、その……」%K%P
焦れば焦るほどタオルの隆起が酷くなる。%K%P
焦れば焦るほどタオルの隆起が酷くなる。%K%P
僕がいきなり不審な態度になったせいか、美琴さんが不安そうな声を出す。%K%P
僕がいきなり不審な態度になったせいか、美琴さんが不安そうな声を出す。%K%P
「お、怒っちゃった……？」%K%P
「お、怒っちゃった……？」%K%P
「あ～、そ、そんなことないよ」%K%P
「あ～、そ、そんなことないよ」%K%P
「でも……」%K%P
「でも……」%K%P
美琴さんが酷く動揺しているのが伝わってくる。%K%P
美琴さんが酷く動揺しているのが伝わってくる。%K%P
本当に怒っているわけじゃないのに上手く伝えることが出来ないこのジレンマ……っ。%K%P
本当に怒っているわけじゃないのに上手く伝えることが出来ないこのジレンマ……っ。%K%P
これはもうどうにかして股間を静めないことには話にならないな。%K%P
これはもうどうにかして股間を静めないことには話にならないな。%K%P
「とりあえず、外に出てくれるかな」%K%P
「とりあえず、外に出てくれるかな」%K%P
「やっぱり怒ってる……っ」%K%P
「やっぱり怒ってる……っ」%K%P
「いやいやいや……っ、そうじゃなくて……っ」%K%P
「いやいやいや……っ、そうじゃなくて……っ」%K%P
「だったらどうしてそっぽ向いてるの……っ」%K%P
「だったらどうしてそっぽ向いてるの……っ」%K%P
それは公共良俗に反するテントを隠すためです。%K%P
それは公共良俗に反するテントを隠すためです。%K%P
……なんて正直に言ったら元も子もない。%K%P
……なんて正直に言ったら元も子もない。%K%P
「い、いずみさん……っ、あたし決して悪気は……っ」%K%P
「い、いずみさん……っ、あたし決して悪気は……っ」%K%P
と、どうやら僕の前に回り込もうとしたらしい。%K%P
と、どうやら僕の前に回り込もうとしたらしい。%K%P
「あ」%K%P
「あ」%K%P
バレた！%K%P
バレた！%K%P
一気にか～っと顔が熱くなる。%K%P
一気にか～っと顔が熱くなる。%K%P
「ち、違うんだよ。これは、そ、その……っ」%K%P
「ち、違うんだよ。これは、そ、その……っ」%K%P
「……ご、ごめんなさい」%K%P
「……ご、ごめんなさい」%K%P
「そっか。そうよね。あたしに気付かれたくないから……」%K%P
「そっか。そうよね。あたしに気付かれたくないから……」%K%P
めちゃくちゃ気まずそうにしてる。%K%P
めちゃくちゃ気まずそうにしてる。%K%P
僕も気まずさ爆発だ。%K%P
僕も気まずさ爆発だ。%K%P
「でもちょっとホッとしたかな。いずみさん、本当に怒ってなかったんだ」%K%P
「でもちょっとホッとしたかな。いずみさん、本当に怒ってなかったんだ」%K%P
「ま、まあね。僕が勝手に反応しちゃっただけだしさ」%K%P
「ま、まあね。僕が勝手に反応しちゃっただけだしさ」%K%P
「勝手にって……でもこれ、あたしのせいよね……？」%K%P
「勝手にって……でもこれ、あたしのせいよね……？」%K%P
「う、えっと、気にしないで」%K%P
「う、えっと、気にしないで」%K%P
「放っておけば、そのうち元に戻るから」%K%P
「放っておけば、そのうち元に戻るから」%K%P
「そうもいかないわ。男の人って、この状態のままだと欲求不満になっちゃうんでしょ」%K%P
「そうもいかないわ。男の人って、この状態のままだと欲求不満になっちゃうんでしょ」%K%P
「あ、あたしが責任取るから……っ」%K%P
「あ、あたしが責任取るから……っ」%K%P
なんだか決意に満ちた声だった。%K%P
なんだか決意に満ちた声だった。%K%P
逆にこっちは困惑するばかりだ。%K%P
逆にこっちは困惑するばかりだ。%K%P
元もと面倒見がいい美琴さんだけど、ビックリしたショックでサービス精神が暴走してないかな？%K%P
元もと面倒見がいい美琴さんだけど、ビックリしたショックでサービス精神が暴走してないかな？%K%P
「責任って言われても」%K%P
「責任って言われても」%K%P
「遠慮しないで。それにいずみさんだけに恥ずかしい思いはさせないから……っ」%K%P
「遠慮しないで。それにいずみさんだけに恥ずかしい思いはさせないから……っ」%K%P
なんと美琴さんは自らバスタオルを外して全裸をさらすと、そっと僕を押し倒してきた。%K%P
なんと美琴さんは自らバスタオルを外して全裸をさらすと、そっと僕を押し倒してきた。%K%P
「な、なな……っ」%K%P
「な、なな……っ」%K%P
「じ、ジッとしてて。ちゃんとスッキリさせてあげるから……っ」%K%P
「じ、ジッとしてて。ちゃんとスッキリさせてあげるから……っ」%K%P
硬く反り返ったままのペニスをそっと握って、シャワーの温水で刺激してきた。%K%P
硬く反り返ったままのペニスをそっと握って、シャワーの温水で刺激してきた。%K%P
敏感な部分を勢いのある水流でくすぐられて、正直、かなりの快感を覚えてしまう。%K%P
敏感な部分を勢いのある水流でくすぐられて、正直、かなりの快感を覚えてしまう。%K%P
「ああぁ……っ、んんぅ、はぁ、はぁ、そ、そこぉ……っ」%K%P
「ああぁ……っ、んんぅ、はぁ、はぁ、そ、そこぉ……っ」%K%P
「良かった。気持ちいいのね」%K%P
「良かった。気持ちいいのね」%K%P
「こういうの初めてで勝手が分らないから、ものは試しでやってみたんだけど……」%K%P
「こういうの初めてで勝手が分らないから、ものは試しでやってみたんだけど……」%K%P
「はぅっ、あっ、はぁ、ああぁ……っ、こんなことしなくていいよ、んんぅ、無理しないで……っ」%K%P
「はぅっ、あっ、はぁ、ああぁ……っ、こんなことしなくていいよ、んんぅ、無理しないで……っ」%K%P
「無理じゃないよ。もちろん頭がどうにかなっちゃいそうなくらい恥ずかしいのはあるけど……」%K%P
「無理じゃないよ。もちろん頭がどうにかなっちゃいそうなくらい恥ずかしいのはあるけど……」%K%P
真っ白な内股が小刻みに振るえていた。%K%P
真っ白な内股が小刻みに振るえていた。%K%P
でも僕の頭をまたぐように広げた足を閉じようとはしない。%K%P
でも僕の頭をまたぐように広げた足を閉じようとはしない。%K%P
「あたしのアソコ、好きなだけ見て……これで恥ずかしいのはお互い様だからあたしに遠慮する必要もないでしょ」%K%P
「あたしのアソコ、好きなだけ見て……これで恥ずかしいのはお互い様だからあたしに遠慮する必要もないでしょ」%K%P
「うく……っ」%K%P
「うく……っ」%K%P
思わず生唾を呑み込んでしまう。%K%P
思わず生唾を呑み込んでしまう。%K%P
美琴さんは性奉仕が初めてだと口にしたけど、僕だってこんなこと初体験なわけで……。%K%P
美琴さんは性奉仕が初めてだと口にしたけど、僕だってこんなこと初体験なわけで……。%K%P
もちろん、これほどの間近で生の割れ目を見るのも初めてだ。%K%P
もちろん、これほどの間近で生の割れ目を見るのも初めてだ。%K%P
絶えずシャワーが刺激してくるだけでも堪らないのに、こんな刺激的な光景を見せつけられたら、ますます勃起が酷くなってしまう。%K%P
絶えずシャワーが刺激してくるだけでも堪らないのに、こんな刺激的な光景を見せつけられたら、ますます勃起が酷くなってしまう。%K%P
「うぅ、うあっ、あっく、ふぅ、んぁ……っ、うぅ、うあっ、はぁ、あっ、はひ……っ」%K%P
「うぅ、うあっ、あっく、ふぅ、んぁ……っ、うぅ、うあっ、はぁ、あっ、はひ……っ」%K%P
「わわ、手の中で硬いのがピクピクしてるよ……き、気持ちいいんだね」%K%P
「わわ、手の中で硬いのがピクピクしてるよ……き、気持ちいいんだね」%K%P
「はぁ、はぁ、ふぁ、感じ過ぎちゃう、ああぁ、くぅ……っ、んっ、ふぅ、どんどん熱くなってくるよ、はぁ、ああぁ……っ」%K%P
「はぁ、はぁ、ふぁ、感じ過ぎちゃう、ああぁ、くぅ……っ、んっ、ふぅ、どんどん熱くなってくるよ、はぁ、ああぁ……っ」%K%P
「す、凄いね、男の人のってこんなに硬くなるんだ……っ」%K%P
「す、凄いね、男の人のってこんなに硬くなるんだ……っ」%K%P
「イキたくなったらあたしに遠慮しないで好きなだけ出してちょうだい」%K%P
「イキたくなったらあたしに遠慮しないで好きなだけ出してちょうだい」%K%P
美琴さんの手のひらが柔らかくて温かい。軽く握られているだけでも興奮してしまう。%K%P
美琴さんの手のひらが柔らかくて温かい。軽く握られているだけでも興奮してしまう。%K%P
勃起して敏感になっているから尚更だ。%K%P
勃起して敏感になっているから尚更だ。%K%P
「ふぅ、ふぅ、だ、ダメだよ、うあっ、はぁ……っ、あっく、このまま続けられたら、僕、はぁ、はぁ……っ」%K%P
「ふぅ、ふぅ、だ、ダメだよ、うあっ、はぁ……っ、あっく、このまま続けられたら、僕、はぁ、はぁ……っ」%K%P
「遠慮しないでって言ったでしょ。あたしがいずみさんをスッキリさせてあげたいの」%K%P
「遠慮しないでって言ったでしょ。あたしがいずみさんをスッキリさせてあげたいの」%K%P
股間の反応で僕がどれくらい感じているのか探っているみたいだった。%K%P
股間の反応で僕がどれくらい感じているのか探っているみたいだった。%K%P
そのたどたどしくて初々しい握り方もまた絶妙な刺激になっている。%K%P
そのたどたどしくて初々しい握り方もまた絶妙な刺激になっている。%K%P
「あっ、はぁ、はぁ、んふぅ……っ、ふぅ、うっく、あっ、はぁ、あん……っ」%K%P
「あっ、はぁ、はぁ、んふぅ……っ、ふぅ、うっく、あっ、はぁ、あん……っ」%K%P
「へぇ、この辺が感じるんだ……」%K%P
「へぇ、この辺が感じるんだ……」%K%P
しっかりと露出させた亀頭に水流が当てられている。%K%P
しっかりと露出させた亀頭に水流が当てられている。%K%P
ムズムズするような快感に腰が震えてしまう。%K%P
ムズムズするような快感に腰が震えてしまう。%K%P
「ふぁ、あっ、はぁ、あっ、あっ、ふあ……っ」%K%P
「ふぁ、あっ、はぁ、あっ、あっ、ふあ……っ」%K%P
「いずみさんの声、可愛い……それに硬くなってるこっちも可愛い形してるよね……」%K%P
「いずみさんの声、可愛い……それに硬くなってるこっちも可愛い形してるよね……」%K%P
「んぅ、うっく、あんまり言わないで、はぁ、はぁ、恥ずかしいよ……」%K%P
「んぅ、うっく、あんまり言わないで、はぁ、はぁ、恥ずかしいよ……」%K%P
「でも気持ちいいんでしょう。なんかどんどん大きくなってきてるし」%K%P
「でも気持ちいいんでしょう。なんかどんどん大きくなってきてるし」%K%P
まだまだ羞恥心は強く残っているのに、どうしても快感に押し流されてしまう。%K%P
まだまだ羞恥心は強く残っているのに、どうしても快感に押し流されてしまう。%K%P
美琴さんもそそり勃つ男性器を目の当たりにして興奮を覚えているのか、どことなく声が扇情的になっている。%K%P
美琴さんもそそり勃つ男性器を目の当たりにして興奮を覚えているのか、どことなく声が扇情的になっている。%K%P
「ね、ねぇ、上下に扱くと気持ちいいんだっけ？」%K%P
「ね、ねぇ、上下に扱くと気持ちいいんだっけ？」%K%P
「あっ、はぁ、ふぅ、そ、それは……んんぅ、そうだけど……はぁ、ふあっ、あぁ……っ」%K%P
「あっ、はぁ、ふぅ、そ、それは……んんぅ、そうだけど……はぁ、ふあっ、あぁ……っ」%K%P
「じゃあがんばってみるから、痛かったら言ってちょうだい」%K%P
「じゃあがんばってみるから、痛かったら言ってちょうだい」%K%P
細い指を絡みつけるようにしながら、ゆっくりと扱きだした。%K%P
細い指を絡みつけるようにしながら、ゆっくりと扱きだした。%K%P
付け根からカリ首の辺りまでを擦ってくる刺激は甘露で、僕はますます恥ずかしい声を抑えきれなくなってしまう。%K%P
付け根からカリ首の辺りまでを擦ってくる刺激は甘露で、僕はますます恥ずかしい声を抑えきれなくなってしまう。%K%P
「うぅ、ふあっ、あっ、はぁ、ふあ……っ、くぅ、うあっ、あっ、はあ、あんっ、ふあ……っ」%K%P
「うぅ、ふあっ、あっ、はぁ、ふあ……っ、くぅ、うあっ、あっ、はあ、あんっ、ふあ……っ」%K%P
「わわ、ピクピクって反応が凄いよ……っ、こ、この辺が特に好きなの？」%K%P
「わわ、ピクピクって反応が凄いよ……っ、こ、この辺が特に好きなの？」%K%P
指先が小刻みに裏筋を擦っている。%K%P
指先が小刻みに裏筋を擦っている。%K%P
亀頭全体を刺激してくるシャワーも途切れない。%K%P
亀頭全体を刺激してくるシャワーも途切れない。%K%P
「はぁ、ふはっ、こ、こんなの初めて……っ、はぁ、あふぅ、おかしくなっちゃいそう……っ」%K%P
「はぁ、ふはっ、こ、こんなの初めて……っ、はぁ、あふぅ、おかしくなっちゃいそう……っ」%K%P
単純にペニスへの刺激と考えれば自慰と同じはずなのに、美琴さんの愛撫はまるで快感の次元が違った。%K%P
単純にペニスへの刺激と考えれば自慰と同じはずなのに、美琴さんの愛撫はまるで快感の次元が違った。%K%P
少しずつ射精欲がこみ上げてくるのが分る。%K%P
少しずつ射精欲がこみ上げてくるのが分る。%K%P
「ふはっ、はぁ、あっ、はぁ、あっく……っ、ふぅ、んぁっ、あっ、はぁ、あひっ、ふあ……っ」%K%P
「ふはっ、はぁ、あっ、はぁ、あっく……っ、ふぅ、んぁっ、あっ、はぁ、あひっ、ふあ……っ」%K%P
「だんだん反応が大きくなってきたけど、イケそうな感じなの？」%K%P
「だんだん反応が大きくなってきたけど、イケそうな感じなの？」%K%P
「うぅ、うぁ、はぁ、そ、そうだよ、ふあ……っ、はぁ、はぁ、これ以上されたらホントに出ちゃう……っ」%K%P
「うぅ、うぁ、はぁ、そ、そうだよ、ふあ……っ、はぁ、はぁ、これ以上されたらホントに出ちゃう……っ」%K%P
「分った。続けるね」%K%P
「分った。続けるね」%K%P
手コキのテンポが上がってくる。%K%P
手コキのテンポが上がってくる。%K%P
このまま美琴さんの手の中で果てることが出来たら、どれだけ気持ちいいことだろうと思ってしまう。%K%P
このまま美琴さんの手の中で果てることが出来たら、どれだけ気持ちいいことだろうと思ってしまう。%K%P
とても甘い誘惑だ。%K%P
とても甘い誘惑だ。%K%P
「はっ、あぁっ、ふぁっ、くぅ、うあっ、はぁ……っ、ひぅ、うあっ、はぁ、あっ、あん……っ」%K%P
「はっ、あぁっ、ふぁっ、くぅ、うあっ、はぁ……っ、ひぅ、うあっ、はぁ、あっ、あん……っ」%K%P
「はち切れそうになってるよ。ピンク色の部分もパンパンに膨らみきってるし」%K%P
「はち切れそうになってるよ。ピンク色の部分もパンパンに膨らみきってるし」%K%P
「んっ、ふぅ、ううぅ、そんなところあんまり見つめないで、うあっ、はぁ、ふあっ、ひん……っ」%K%P
「んっ、ふぅ、ううぅ、そんなところあんまり見つめないで、うあっ、はぁ、ふあっ、ひん……っ」%K%P
「恥ずかしい？　だったらあたしのアソコをもっと見て……っ」%K%P
「恥ずかしい？　だったらあたしのアソコをもっと見て……っ」%K%P
「下からだと丸見えでしょ。あたしも見られるのいずみさんが初めて……あぁ、とっても恥ずかしいね」%K%P
「下からだと丸見えでしょ。あたしも見られるのいずみさんが初めて……あぁ、とっても恥ずかしいね」%K%P
実のところ、初めて生で見た女性器は脳が焼き付くほどのインパクトがあって、激しい勃起の一因になっていた。%K%P
実のところ、初めて生で見た女性器は脳が焼き付くほどのインパクトがあって、激しい勃起の一因になっていた。%K%P
つつましい割れ目からわずかにはみ出ている柔らそうなヒダがしっとりと潤んでいるのも艶めかしく思う。%K%P
つつましい割れ目からわずかにはみ出ている柔らそうなヒダがしっとりと潤んでいるのも艶めかしく思う。%K%P
「くぅ、うあっ、美琴さん、はぁ、はぁ、ぼ、僕もう……っ、くぅ、あっ、はぁ、くぅ……っ」%K%P
「くぅ、うあっ、美琴さん、はぁ、はぁ、ぼ、僕もう……っ、くぅ、あっ、はぁ、くぅ……っ」%K%P
「イキそうなのね、最後までがんばるからいっぱい気持ちよくなってちょうだい……っ」%K%P
「イキそうなのね、最後までがんばるからいっぱい気持ちよくなってちょうだい……っ」%K%P
「はぁ、はぁ、んひっ、うあっ、よ、弱いとこばっか、うあっ、あっ、はぁ、あぁ……っ」%K%P
「はぁ、はぁ、んひっ、うあっ、よ、弱いとこばっか、うあっ、あっ、はぁ、あぁ……っ」%K%P
僕の反応を元に把握した性感帯を念入りに刺激してくる。%K%P
僕の反応を元に把握した性感帯を念入りに刺激してくる。%K%P
シャワーで洗い流されていなければ、きっと今頃美琴さんの手は溢れ出ているカウパーで手のひらまでヌルヌルになっていただろう。%K%P
シャワーで洗い流されていなければ、きっと今頃美琴さんの手は溢れ出ているカウパーで手のひらまでヌルヌルになっていただろう。%K%P
「うぅ、ふはっ、はぁ、熱いのが、あっく、き、来そう……っ、んひっ、ふはっ、こみ上げてくるぅ……っ」%K%P
「うぅ、ふはっ、はぁ、熱いのが、あっく、き、来そう……っ、んひっ、ふはっ、こみ上げてくるぅ……っ」%K%P
「あぁ、いずみさん……っ、出して、遠慮なく……っ、あたしに掛かっても気にしないで……っ」%K%P
「あぁ、いずみさん……っ、出して、遠慮なく……っ、あたしに掛かっても気にしないで……っ」%K%P
「あっ、ふあっ、あひっ、くぐっ、ふは……っ、あっ、あふぅ、んあっ、くうぅ……っ」%K%P
「あっ、ふあっ、あひっ、くぐっ、ふは……っ、あっ、あふぅ、んあっ、くうぅ……っ」%K%P
今にもペニスが暴発しそうで目の前がクラクラしてきた。%K%P
今にもペニスが暴発しそうで目の前がクラクラしてきた。%K%P
陰嚢がキュッとせり上がる。%K%P
陰嚢がキュッとせり上がる。%K%P
「はぁ、あぅ、くはっ、で、出ちゃうよ、あひ……っ、あっ、あんっ、美琴さんっ、ふあっ、もう限界……っ」%K%P
「はぁ、あぅ、くはっ、で、出ちゃうよ、あひ……っ、あっ、あんっ、美琴さんっ、ふあっ、もう限界……っ」%K%P
「いいわ、イッて……っ、いずみさんっ、あぁ、いずみさん……っ」%K%P
「いいわ、イッて……っ、いずみさんっ、あぁ、いずみさん……っ」%K%P
「ふあっ、あっ、あく、ううぅ、んひ……っ、くぅ、うっ、くあっ、はぁ、ああぁぁっ！」%K%P
「ふあっ、あっ、あく、ううぅ、んひ……っ、くぅ、うっ、くあっ、はぁ、ああぁぁっ！」%K%P
「うあぁあぁぁぁぁっ！」%K%P
「うあぁあぁぁぁぁっ！」%K%P
「きゃっ！？」%K%P
「きゃっ！？」%K%P
「くうぅ、ふはっ、あっく、おおぉぉ……っ」%K%P
「くうぅ、ふはっ、あっく、おおぉぉ……っ」%K%P
二度三度と立て続けに白い粘液が噴き出した。%K%P
二度三度と立て続けに白い粘液が噴き出した。%K%P
その勢いはまるで間欠泉のようで美琴さんの顔にまで届いている。%K%P
その勢いはまるで間欠泉のようで美琴さんの顔にまで届いている。%K%P
「精液ってこんなに温かいんだ……それにとってもエッチな匂い……っ」%K%P
「精液ってこんなに温かいんだ……それにとってもエッチな匂い……っ」%K%P
「うあっ、はぁ、くぅ、まだ出るぅ……っ」%K%P
「うあっ、はぁ、くぅ、まだ出るぅ……っ」%K%P
「いいわ、最後までちゃんとお世話するからね……っ」%K%P
「いいわ、最後までちゃんとお世話するからね……っ」%K%P
美琴さんは尿道に残っている精液も丁寧に扱きだす。%K%P
美琴さんは尿道に残っている精液も丁寧に扱きだす。%K%P
うっとりと興奮した面持ちだった。%K%P
うっとりと興奮した面持ちだった。%K%P
「こんなにいっぱい出るなんて想像してたのより凄い……よかった、とっても気持ちよかったのね」%K%P
「こんなにいっぱい出るなんて想像してたのより凄い……よかった、とっても気持ちよかったのね」%K%P
「はぁ、はぁ、うっく、うあぁ、\n　イッた直後は敏感になってるから……っ」%K%P
「はぁ、はぁ、うっく、うあぁ、\n　イッた直後は敏感になってるから……っ」%K%P
「な、なるほど、丁寧にね。分ったわ……っ」%K%P
「な、なるほど、丁寧にね。分ったわ……っ」%K%P
結局、最後の一滴まで美琴さんに搾り取られてしまった。%K%P
結局、最後の一滴まで美琴さんに搾り取られてしまった。%K%P
程なく、浴室から出た僕と美琴さんは、湯あたりしているわけでもないのに二人そろって耳まで紅潮していた。%K%P
程なく、浴室から出た僕と美琴さんは、湯あたりしているわけでもないのに二人そろって耳まで紅潮していた。%K%P
気まずさと照れくささが混ざり合った、微妙な雰囲気だ。%K%P
気まずさと照れくささが混ざり合った、微妙な雰囲気だ。%K%P
「うぅ、美琴さんに出すところまで全部見られちゃった……」%K%P
「うぅ、美琴さんに出すところまで全部見られちゃった……」%K%P
「まあ、気持ちよかったのも確かなんだけど」%K%P
「まあ、気持ちよかったのも確かなんだけど」%K%P
「でしょ？　あたしもいずみさんのお役に立ててうれしいわ」%K%P
「でしょ？　あたしもいずみさんのお役に立ててうれしいわ」%K%P
「けどさ、やっぱり申し訳ないからエッチなサービスまでしてくれなくていいよ」%K%P
「けどさ、やっぱり申し訳ないからエッチなサービスまでしてくれなくていいよ」%K%P
「裸を見せ合うなんてやり過ぎだと思うし……僕だって男なんだから万が一、暴走しちゃう可能性だって……」%K%P
「裸を見せ合うなんてやり過ぎだと思うし……僕だって男なんだから万が一、暴走しちゃう可能性だって……」%K%P
「あたしは……そうなったらそうなったで別に構わないけど」%K%P
「あたしは……そうなったらそうなったで別に構わないけど」%K%P
モジモジと恥ずかしそうにしていたけど、言葉には明確な意志の強さが現れていた。%K%P
モジモジと恥ずかしそうにしていたけど、言葉には明確な意志の強さが現れていた。%K%P
思わず美琴さんの顔を見返してしまう。%K%P
思わず美琴さんの顔を見返してしまう。%K%P
「か、構わないの？」%K%P
「か、構わないの？」%K%P
「あたしの好きは、そういう好きだから」%K%P
「あたしの好きは、そういう好きだから」%K%P
「それともいずみさんはあたしとじゃそんな気になれない？」%K%P
「それともいずみさんはあたしとじゃそんな気になれない？」%K%P
「……大歓迎だよ」%K%P
「……大歓迎だよ」%K%P
ドキドキと鼓動が跳ね上がる。%K%P
ドキドキと鼓動が跳ね上がる。%K%P
せっかく美琴さんにスッキリさせて貰った股間がまた硬くなってしまいそう……っ。%K%P
せっかく美琴さんにスッキリさせて貰った股間がまた硬くなってしまいそう……っ。%K%P
「ふふ、良かった。あたしたち気が合うみたい」%K%P
「ふふ、良かった。あたしたち気が合うみたい」%K%P
「まあ、公私共々これからも色々とよろしくね」%K%P
「まあ、公私共々これからも色々とよろしくね」%K%P
「う、うん。僕の方こそ」%K%P
「う、うん。僕の方こそ」%K%P
「深皇祭も絶対成功させよう」%K%P
「深皇祭も絶対成功させよう」%K%P
「もちろんだよ」%K%P
「もちろんだよ」%K%P
互いの好意を改めて認め合ってから、僕たちは自室に戻った。%K%P
互いの好意を改めて認め合ってから、僕たちは自室に戻った。%K%P
