「うぅん……ふぅ。やっと放課後かぁ」%K%P
「うぅん……ふぅ。やっと放課後かぁ」%K%P
軽く伸びをして、強ばった背中を伸す――思わずため息が口から零れてしまった。%K%P
軽く伸びをして、強ばった背中を伸す――思わずため息が口から零れてしまった。%K%P
女装しての学園生活は、新鮮な刺激に満ちている反面、何かと気を使うことが多い。%K%P
女装しての学園生活は、新鮮な刺激に満ちている反面、何かと気を使うことが多い。%K%P
「ふふ、ごきげんよう。いずみさん」%K%P
「ふふ、ごきげんよう。いずみさん」%K%P
「あ、ご、ごきげんよう！」%K%P
「あ、ご、ごきげんよう！」%K%P
「一日お疲れ様でした、いずみさん」%K%P
「一日お疲れ様でした、いずみさん」%K%P
クラスメイトの子達と挨拶を交わす――いけない、いけない、おしとやかにっと。%K%P
クラスメイトの子達と挨拶を交わす――いけない、いけない、おしとやかにっと。%K%P
「さてと、学園長室にいかなきゃね」%K%P
「さてと、学園長室にいかなきゃね」%K%P
近いうちに、学園長室に来るようにと、法子さん――学園長に言われてたっけ。%K%P
近いうちに、学園長室に来るようにと、法子さん――学園長に言われてたっけ。%K%P
なにやら手続きの事で話があるみたいだ。%K%P
なにやら手続きの事で話があるみたいだ。%K%P
僕はスカートの裾を気にしながら、歩き出した。%K%P
僕はスカートの裾を気にしながら、歩き出した。%K%P
「こっちだったような気がするんだけど……」%K%P
「こっちだったような気がするんだけど……」%K%P
学園長室は何回か訪ねたことはあるものの、ここは広大な敷地を持つ深皇学園。%K%P
学園長室は何回か訪ねたことはあるものの、ここは広大な敷地を持つ深皇学園。%K%P
僕はすっかり迷子になっていた。%K%P
僕はすっかり迷子になっていた。%K%P
さっきの子達に聞いておけば良かったかなぁ。%K%P
さっきの子達に聞いておけば良かったかなぁ。%K%P
「違ったかなぁ……ん、あの建物、なんだろう？」%K%P
「違ったかなぁ……ん、あの建物、なんだろう？」%K%P
キョロキョロと辺りを見回していると、日本家屋のような、建物が目に入った。%K%P
キョロキョロと辺りを見回していると、日本家屋のような、建物が目に入った。%K%P
洋風な深皇学園の中では、一際目を引く。%K%P
洋風な深皇学園の中では、一際目を引く。%K%P
「ちょっとだけ覗いてみようかな……うん、ちょっとだけならいいよね」%K%P
「ちょっとだけ覗いてみようかな……うん、ちょっとだけならいいよね」%K%P
何時にと約束しているわけじゃないから、大丈夫だと思うし。%K%P
何時にと約束しているわけじゃないから、大丈夫だと思うし。%K%P
僕は湧き出る好奇心を抑えきれず、足を向けた。%K%P
僕は湧き出る好奇心を抑えきれず、足を向けた。%K%P
「もしも～～し。んと、誰もいないのかな？」%K%P
「もしも～～し。んと、誰もいないのかな？」%K%P
開いていた扉から顔を覗かせ、声を掛けて見たものの、返事がない。%K%P
開いていた扉から顔を覗かせ、声を掛けて見たものの、返事がない。%K%P
「えと、それじゃ、お邪魔しま～す」%K%P
「えと、それじゃ、お邪魔しま～す」%K%P
ふわっと木の香りが鼻を突く。%K%P
ふわっと木の香りが鼻を突く。%K%P
ピカピカに磨かれた床が、黒光りしている――何かの道場みたいだな。%K%P
ピカピカに磨かれた床が、黒光りしている――何かの道場みたいだな。%K%P
「はァッ……！　ふっ……！」%K%P
「はァッ……！　ふっ……！」%K%P
「うわぁ！？　な、なになにっ？」%K%P
「うわぁ！？　な、なになにっ？」%K%P
不意に気合いのこもった声が聞こえてきた。%K%P
不意に気合いのこもった声が聞こえてきた。%K%P
思わず反射的に顔を向ける。%K%P
思わず反射的に顔を向ける。%K%P
「はッ……！　フッ……！！」%K%P
「はッ……！　フッ……！！」%K%P
残像が見えるほど素早く刀を振る少女――楓さんだ。%K%P
残像が見えるほど素早く刀を振る少女――楓さんだ。%K%P
「やぁああ！　えい！」%K%P
「やぁああ！　えい！」%K%P
「うわぁ～……す、すごい」%K%P
「うわぁ～……す、すごい」%K%P
僕は楓さんの、流麗な動きに目を奪われた。%K%P
僕は楓さんの、流麗な動きに目を奪われた。%K%P
バランスの取れた四肢から繰り出される数々の動き……まるで舞をしているかのようだ。%K%P
バランスの取れた四肢から繰り出される数々の動き……まるで舞をしているかのようだ。%K%P
腰に納めた刀を抜き、突き、振る――詳しいことは分からないけれど、彼女が武術に精通している事は想像がついた。%K%P
腰に納めた刀を抜き、突き、振る――詳しいことは分からないけれど、彼女が武術に精通している事は想像がついた。%K%P
「…………ふぅ」%K%P
「…………ふぅ」%K%P
刀を腰に納め、静かに息を吐く楓さん。%K%P
刀を腰に納め、静かに息を吐く楓さん。%K%P
僕の気配に気がついたのか、澄んだ瞳が向けられる。%K%P
僕の気配に気がついたのか、澄んだ瞳が向けられる。%K%P
「ん、そこにいるのは……いずみさん？」%K%P
「ん、そこにいるのは……いずみさん？」%K%P
背筋を真っ直ぐと伸したまま、わずかに乱れた髪を整える楓さん――ふわりとポニーテールが揺れた。%K%P
背筋を真っ直ぐと伸したまま、わずかに乱れた髪を整える楓さん――ふわりとポニーテールが揺れた。%K%P
「道場に用事、ではないようだけど」%K%P
「道場に用事、ではないようだけど」%K%P
「となると……あ、音楽室なら、別棟になるけれど」%K%P
「となると……あ、音楽室なら、別棟になるけれど」%K%P
「あ、えっと、たまたまこちらの建物を見掛けて、その、興味を持ったというか……」%K%P
「あ、えっと、たまたまこちらの建物を見掛けて、その、興味を持ったというか……」%K%P
先程までの余韻が抜けきらないのだろうか、楓さんの瞳には、厳しいものが見える。%K%P
先程までの余韻が抜けきらないのだろうか、楓さんの瞳には、厳しいものが見える。%K%P
あまり変わらない表情と相まって、なんだか緊張してしまう。%K%P
あまり変わらない表情と相まって、なんだか緊張してしまう。%K%P
「きゃぁ！？」%K%P
「きゃぁ！？」%K%P
「あらあら、可愛い声上げちゃって。ふふ、ごめんね」%K%P
「あらあら、可愛い声上げちゃって。ふふ、ごめんね」%K%P
不意に肩を叩かれて、声を出してしまう――きゃぁって……まるで女の子みたいだよ……%K%P
不意に肩を叩かれて、声を出してしまう――きゃぁって……まるで女の子みたいだよ……%K%P
「佳、悪戯が過ぎると思う。あなたも最上級生なんだから、もう少し落ち着いたらどう？」%K%P
「佳、悪戯が過ぎると思う。あなたも最上級生なんだから、もう少し落ち着いたらどう？」%K%P
「だから悪かったって。大体、楓が怖がらせているから、いけないのさ」%K%P
「だから悪かったって。大体、楓が怖がらせているから、いけないのさ」%K%P
「私は怖がらせてなんて、いないけど」%K%P
「私は怖がらせてなんて、いないけど」%K%P
「ニコっともしないで大きな目で見られてたら怖いよね～、いずみちゃん」%K%P
「ニコっともしないで大きな目で見られてたら怖いよね～、いずみちゃん」%K%P
「い、いずみちゃんですか」%K%P
「い、いずみちゃんですか」%K%P
なんというか、ちゃんづけで呼ばれるのも、こそばゆいなぁ。%K%P
なんというか、ちゃんづけで呼ばれるのも、こそばゆいなぁ。%K%P
「うん。私のことも、佳ちゃんって呼んでいいからね」%K%P
「うん。私のことも、佳ちゃんって呼んでいいからね」%K%P
「け、佳ちゃんですか、あ、あはは……」%K%P
「け、佳ちゃんですか、あ、あはは……」%K%P
どこか日本人離れした外見の佳様――まるで彫像のように整った外見とは反して、かなりフレンドリーな性格だよね。%K%P
どこか日本人離れした外見の佳様――まるで彫像のように整った外見とは反して、かなりフレンドリーな性格だよね。%K%P
「佳、いずみさんが困ってる」%K%P
「佳、いずみさんが困ってる」%K%P
「これはスキンシップだよ」%K%P
「これはスキンシップだよ」%K%P
「礼儀の問題。ごめん、いずみさん。佳には私からよく言っておくから」%K%P
「礼儀の問題。ごめん、いずみさん。佳には私からよく言っておくから」%K%P
「い、いいって。私も大げさだったしね」%K%P
「い、いいって。私も大げさだったしね」%K%P
「ほら、いずみちゃんだってこう言ってるじゃないか。楓こそ大げさなのさ」%K%P
「ほら、いずみちゃんだってこう言ってるじゃないか。楓こそ大げさなのさ」%K%P
「大げさじゃない。佳の行動ひとつで深皇の風紀そのものを疑われかねないんだから」%K%P
「大げさじゃない。佳の行動ひとつで深皇の風紀そのものを疑われかねないんだから」%K%P
「そういう意味なら楓だって似たようなものさ」%K%P
「そういう意味なら楓だって似たようなものさ」%K%P
「{騎士:ワルキュリア}や{歌姫:ディーバ}を志す少女が集う学園にあって、出で立ちから言葉使いまで、なにもかもが純和風で」%K%P
「{騎士:ワルキュリア}や{歌姫:ディーバ}を志す少女が集う学園にあって、出で立ちから言葉使いまで、なにもかもが純和風で」%K%P
「自分の住む国の文化を大事にすることの、どこがいけない？」%K%P
「自分の住む国の文化を大事にすることの、どこがいけない？」%K%P
「いけないとはいっていないよ？　ただ、風紀という意味で捉えるなら、似たもの同士ってこと」%K%P
「いけないとはいっていないよ？　ただ、風紀という意味で捉えるなら、似たもの同士ってこと」%K%P
「佳、あなたは相変らず、言葉遊びは達者というか……」%K%P
「佳、あなたは相変らず、言葉遊びは達者というか……」%K%P
「はは、達者なのは口ばっかりじゃないさ。前回、私にこてんぱんにされたの、忘れたのかい？」%K%P
「はは、達者なのは口ばっかりじゃないさ。前回、私にこてんぱんにされたの、忘れたのかい？」%K%P
ぽんぽんと二の腕を叩く佳様。あなたはお笑い芸人ですか。%K%P
ぽんぽんと二の腕を叩く佳様。あなたはお笑い芸人ですか。%K%P
「なっ……あれはちょっと遅れをとっただけで……こてんぱんになんてっ」%K%P
「なっ……あれはちょっと遅れをとっただけで……こてんぱんになんてっ」%K%P
「そう？」%K%P
「そう？」%K%P
「そう。いずみさんの前で、誤解を招く表現はやめて欲しい」%K%P
「そう。いずみさんの前で、誤解を招く表現はやめて欲しい」%K%P
「でも負けは負け。だろ？」%K%P
「でも負けは負け。だろ？」%K%P
「そっ、それはそうだけど……」%K%P
「そっ、それはそうだけど……」%K%P
「……なら、佳、立ち会って。いずみさんに悪い心象は残したくないから」%K%P
「……なら、佳、立ち会って。いずみさんに悪い心象は残したくないから」%K%P
「いいけど、もっと悪い印象になっちゃっても責任はもたないよ？」%K%P
「いいけど、もっと悪い印象になっちゃっても責任はもたないよ？」%K%P
「……そのときは、自分の力不足を認める」%K%P
「……そのときは、自分の力不足を認める」%K%P
「よろしい」%K%P
「よろしい」%K%P
顔を赤らめて抗議する楓さん――刀を振っている時は、どこか取っつきにくい感じがした。%K%P
顔を赤らめて抗議する楓さん――刀を振っている時は、どこか取っつきにくい感じがした。%K%P
けれどもこうやって佳様と絡んでいる姿は、年相応の女の子って感じだ。%K%P
けれどもこうやって佳様と絡んでいる姿は、年相応の女の子って感じだ。%K%P
「ん？　いずみちゃん、どうしたんだい？　可愛いほっぺが緩んでいるよ」%K%P
「ん？　いずみちゃん、どうしたんだい？　可愛いほっぺが緩んでいるよ」%K%P
「んぁ！　つ、突かないでくださいよ、佳様」%K%P
「んぁ！　つ、突かないでくださいよ、佳様」%K%P
い、いつの間に……ホント佳様って油断も隙もあったもんじゃないなぁ。%K%P
い、いつの間に……ホント佳様って油断も隙もあったもんじゃないなぁ。%K%P
「その、楓さんって、最初のイメージと違うなって」%K%P
「その、楓さんって、最初のイメージと違うなって」%K%P
「そうなんだよ、この子、愛想が無いし、今時の女の子っぽくないし、いまいちサービス精神に欠けている所があるんだけど」%K%P
「そうなんだよ、この子、愛想が無いし、今時の女の子っぽくないし、いまいちサービス精神に欠けている所があるんだけど」%K%P
「実は、可愛い所があるんだよ、うふふ。なんてったって、無類の猫……」%K%P
「実は、可愛い所があるんだよ、うふふ。なんてったって、無類の猫……」%K%P
「猫？」%K%P
「猫？」%K%P
「佳、余計な事は言わない。早く着替えてきて！」%K%P
「佳、余計な事は言わない。早く着替えてきて！」%K%P
「はいはい。それじゃ行ってくるよ」%K%P
「はいはい。それじゃ行ってくるよ」%K%P
「お待たせ楓。それじゃ始めようか」%K%P
「お待たせ楓。それじゃ始めようか」%K%P
しばらくして佳様が着替えて戻ってきた――楓さんとは対照的に、西洋の騎士という感じだ。%K%P
しばらくして佳様が着替えて戻ってきた――楓さんとは対照的に、西洋の騎士という感じだ。%K%P
「準備運動は？　体をほぐすまで待っていてもいいけど」%K%P
「準備運動は？　体をほぐすまで待っていてもいいけど」%K%P
「ふふ、輝堂流抜刀術では、敵が襲いかかってきたとき、未だ体が温まっていないから、ちょっと待っていてと言うのかい？」%K%P
「ふふ、輝堂流抜刀術では、敵が襲いかかってきたとき、未だ体が温まっていないから、ちょっと待っていてと言うのかい？」%K%P
「人の厚意を……なら、遠慮無くいくから」%K%P
「人の厚意を……なら、遠慮無くいくから」%K%P
二人が数メーターの距離を置いて、向き合う。%K%P
二人が数メーターの距離を置いて、向き合う。%K%P
楓さんの顔が引き締まる――対照的に、佳様はアルカイックスマイルを浮かべたままだ。%K%P
楓さんの顔が引き締まる――対照的に、佳様はアルカイックスマイルを浮かべたままだ。%K%P
「…………ん」%K%P
「…………ん」%K%P
ジリジリと距離を縮めていく楓さん。%K%P
ジリジリと距離を縮めていく楓さん。%K%P
佳様はその場を動かない。%K%P
佳様はその場を動かない。%K%P
まるで空気が固体化したように、重く体にのし掛かってくる。%K%P
まるで空気が固体化したように、重く体にのし掛かってくる。%K%P
「……うぅ、凄い緊張感……」%K%P
「……うぅ、凄い緊張感……」%K%P
僕が対峙しているわけではないのに、プレッシャーで逃げ出したくなってくる。%K%P
僕が対峙しているわけではないのに、プレッシャーで逃げ出したくなってくる。%K%P
楓さんが佳様の周りを円を描いて回る……攻撃する機会を狙っているのかな。%K%P
楓さんが佳様の周りを円を描いて回る……攻撃する機会を狙っているのかな。%K%P
やがて佳様の後ろに、楓さんが回り込む。%K%P
やがて佳様の後ろに、楓さんが回り込む。%K%P
「ふふ、何時までそうしているつもりかな？　こてんぱんにしてくれるのだろう？」%K%P
「ふふ、何時までそうしているつもりかな？　こてんぱんにしてくれるのだろう？」%K%P
背後に回られた事など微塵も気にする様子もなく、佳様が語りかける。%K%P
背後に回られた事など微塵も気にする様子もなく、佳様が語りかける。%K%P
なんだろう、この余裕……%K%P
なんだろう、この余裕……%K%P
「ほら、今なら打ち込めるよ？　どうしたのさ、楓」%K%P
「ほら、今なら打ち込めるよ？　どうしたのさ、楓」%K%P
「く…………」%K%P
「く…………」%K%P
「ふふ、キミの考えは手に取るように分かるよ……躱されたらどうしよう、見切られたらどうしよう……」%K%P
「ふふ、キミの考えは手に取るように分かるよ……躱されたらどうしよう、見切られたらどうしよう……」%K%P
「ほら、抜き手が震えている。力が入りすぎだね」%K%P
「ほら、抜き手が震えている。力が入りすぎだね」%K%P
刀を交えているわけではないのに、佳様が楓さんを圧倒していく。%K%P
刀を交えているわけではないのに、佳様が楓さんを圧倒していく。%K%P
「そんな手には乗らない」%K%P
「そんな手には乗らない」%K%P
じり、じりっと円を狭めていく楓さん――緊張のボルテージが上がっていく。%K%P
じり、じりっと円を狭めていく楓さん――緊張のボルテージが上がっていく。%K%P
ピリピリと肌を刺すような緊張感……僕は喉をならす。%K%P
ピリピリと肌を刺すような緊張感……僕は喉をならす。%K%P
そして……限界まで膨らんだ風船が破裂するかのように、ソレは突如弾けた。%K%P
そして……限界まで膨らんだ風船が破裂するかのように、ソレは突如弾けた。%K%P
「いやぁあああああああ！」%K%P
「いやぁあああああああ！」%K%P
気合いと共に刀を抜き放つ、その切っ先は佳様を捉える！　……ように見えたのだけど。%K%P
気合いと共に刀を抜き放つ、その切っ先は佳様を捉える！　……ように見えたのだけど。%K%P
「フッ！」%K%P
「フッ！」%K%P
まるで背中に目が着いているかのように、躱す佳様。返す刀で突きを繰り出す。%K%P
まるで背中に目が着いているかのように、躱す佳様。返す刀で突きを繰り出す。%K%P
「なに！？　くぅうう！」%K%P
「なに！？　くぅうう！」%K%P
佳様の突きを躱す楓さん――体勢を崩しながらも防ぐなんて、楓さんも凄い……%K%P
佳様の突きを躱す楓さん――体勢を崩しながらも防ぐなんて、楓さんも凄い……%K%P
「おっと、外れたのか。うん、さすが楓、良く躱したね」%K%P
「おっと、外れたのか。うん、さすが楓、良く躱したね」%K%P
「くぅ、この程度！」%K%P
「くぅ、この程度！」%K%P
再び距離を置き対峙する二人。楓さんは、いつの間にか刀を鞘に収めていた。%K%P
再び距離を置き対峙する二人。楓さんは、いつの間にか刀を鞘に収めていた。%K%P
「さて、と……今度はこっちから行くよ？　いずみちゃんにも良いところを見せないとね」%K%P
「さて、と……今度はこっちから行くよ？　いずみちゃんにも良いところを見せないとね」%K%P
僕に顔を向けて、パチッとウインクをする佳様、なんだか妙に様になっているんですけど……%K%P
僕に顔を向けて、パチッとウインクをする佳様、なんだか妙に様になっているんですけど……%K%P
「あ、あはは…………わ、危ない！」%K%P
「あ、あはは…………わ、危ない！」%K%P
「よそ見している場合かっ！」%K%P
「よそ見している場合かっ！」%K%P
僕に微笑み掛けている佳様に、刃が迫る。%K%P
僕に微笑み掛けている佳様に、刃が迫る。%K%P
今度こそ当たる……思わず目を閉じそうになる。%K%P
今度こそ当たる……思わず目を閉じそうになる。%K%P
「おっと！」%K%P
「おっと！」%K%P
体を傾け軽々と躱す佳様。%K%P
体を傾け軽々と躱す佳様。%K%P
「くっ、これも躱すなんて！？」%K%P
「くっ、これも躱すなんて！？」%K%P
「ま、なんとかね……それじゃ、今度はこっちからだ」%K%P
「ま、なんとかね……それじゃ、今度はこっちからだ」%K%P
「んんっ！」%K%P
「んんっ！」%K%P
矢継ぎ早に剣を繰り出す佳様。素早い動きで攻撃を躱す楓さん。%K%P
矢継ぎ早に剣を繰り出す佳様。素早い動きで攻撃を躱す楓さん。%K%P
二人の攻防は一進一退で続いた。%K%P
二人の攻防は一進一退で続いた。%K%P
「よし、ちょっと休憩しよう」%K%P
「よし、ちょっと休憩しよう」%K%P
「ま、待って！　決着はまだ……！」%K%P
「ま、待って！　決着はまだ……！」%K%P
「あのね、楓。これは練習なんだから勝敗をつける必要は無いの。これ以上は乳酸溜めるだけ。いずみちゃん、そこのタオル取って」%K%P
「あのね、楓。これは練習なんだから勝敗をつける必要は無いの。これ以上は乳酸溜めるだけ。いずみちゃん、そこのタオル取って」%K%P
「あ、はい！　えっと、これで良いですか」%K%P
「あ、はい！　えっと、これで良いですか」%K%P
「ありがと。さ、楓も汗を拭くんだ。体を冷やすのは、良くないからね」%K%P
「ありがと。さ、楓も汗を拭くんだ。体を冷やすのは、良くないからね」%K%P
「……ふぅ、わかった……ここまでにしよう」%K%P
「……ふぅ、わかった……ここまでにしよう」%K%P
唇を尖らせながらも、頷く楓さん。%K%P
唇を尖らせながらも、頷く楓さん。%K%P
「あっ、あの、これ、タオルを」%K%P
「あっ、あの、これ、タオルを」%K%P
「ありがとう、いずみさん。助かる」%K%P
「ありがとう、いずみさん。助かる」%K%P
タオルを手渡すとき、楓さんの指に触れる。%K%P
タオルを手渡すとき、楓さんの指に触れる。%K%P
思っていたより小さくて、柔らかい……凛々しくてもやっぱり女の子なんだな。%K%P
思っていたより小さくて、柔らかい……凛々しくてもやっぱり女の子なんだな。%K%P
「……いずみさん？　なにか？」%K%P
「……いずみさん？　なにか？」%K%P
「う、ううん、なんでもないよ！　そ、そだ、楓さん、ここは何部なのかな？」%K%P
「う、ううん、なんでもないよ！　そ、そだ、楓さん、ここは何部なのかな？」%K%P
二人の動きを見ていると、剣道とかとは違う気がしたけど。%K%P
二人の動きを見ていると、剣道とかとは違う気がしたけど。%K%P
「ああ、そういえば、説明していなかった。この部は日本剣術部という」%K%P
「ああ、そういえば、説明していなかった。この部は日本剣術部という」%K%P
「古武術……その中でも特に剣や刀を用いた武術を研究し、実践するための部活なんだ」%K%P
「古武術……その中でも特に剣や刀を用いた武術を研究し、実践するための部活なんだ」%K%P
「古武術……うわ～なんだか、凄そうな部活だね」%K%P
「古武術……うわ～なんだか、凄そうな部活だね」%K%P
いや、実際凄いのだろう……この二人を見ていると、レベルの高さが分かる。%K%P
いや、実際凄いのだろう……この二人を見ていると、レベルの高さが分かる。%K%P
「ふふふ、ありがとうね。と言っても、私は部員じゃ無いんだけどね。お手伝い兼練習相手ってとこ」%K%P
「ふふふ、ありがとうね。と言っても、私は部員じゃ無いんだけどね。お手伝い兼練習相手ってとこ」%K%P
「え、そうなんですか？　えっと、それじゃ他の部員さんは？」%K%P
「え、そうなんですか？　えっと、それじゃ他の部員さんは？」%K%P
周りを見渡すも、僕ら以外、誰一人いない……今日はお休みなのかな？%K%P
周りを見渡すも、僕ら以外、誰一人いない……今日はお休みなのかな？%K%P
「部員は、その……私だけなんだ」%K%P
「部員は、その……私だけなんだ」%K%P
「古武術というのは奥が深い分、間口が狭いというか、理解して貰うまでに時間が掛ると言うか……」%K%P
「古武術というのは奥が深い分、間口が狭いというか、理解して貰うまでに時間が掛ると言うか……」%K%P
「つまり、取っつきにくくて面倒くさいってこと」%K%P
「つまり、取っつきにくくて面倒くさいってこと」%K%P
「佳様、そんな身も蓋もない……」%K%P
「佳様、そんな身も蓋もない……」%K%P
「いや、佳の言う通り、そういう側面があるのも事実で。それはそれとして受け入れないといけないから」%K%P
「いや、佳の言う通り、そういう側面があるのも事実で。それはそれとして受け入れないといけないから」%K%P
「楓は部員勧誘とかあんまりしないからね」%K%P
「楓は部員勧誘とかあんまりしないからね」%K%P
「そっ、それは……押しつけるのも、相手に悪いと思って……」%K%P
「そっ、それは……押しつけるのも、相手に悪いと思って……」%K%P
どうやら楓さんの弱い部分を突いてしまったらしい。%K%P
どうやら楓さんの弱い部分を突いてしまったらしい。%K%P
「で、でも、二人とも強いし、設備もしっかりしているから、その内に部員さんも増えるんじゃないかなぁ」%K%P
「で、でも、二人とも強いし、設備もしっかりしているから、その内に部員さんも増えるんじゃないかなぁ」%K%P
「フォローありがとういずみちゃん。ま、確かに楓の{技術:・・}は相当なものだと思う。多分、学園でも一、二位を争うんじゃないかな」%K%P
「フォローありがとういずみちゃん。ま、確かに楓の{技術:・・}は相当なものだと思う。多分、学園でも一、二位を争うんじゃないかな」%K%P
「い、いや、自分はまだまだ未熟で……」%K%P
「い、いや、自分はまだまだ未熟で……」%K%P
「それに、割とここの学園は緩いから、一人でも廃部って事には成らないし」%K%P
「それに、割とここの学園は緩いから、一人でも廃部って事には成らないし」%K%P
「自立した淑女を育成する{学舎:まなびや}だからね。部の設立には寛容なのさ」%K%P
「自立した淑女を育成する{学舎:まなびや}だからね。部の設立には寛容なのさ」%K%P
「ま、本当は私以外の練習相手がいれば、もっといいんだけどね」%K%P
「ま、本当は私以外の練習相手がいれば、もっといいんだけどね」%K%P
「そんなことはない……佳がいるだけで、私は相当助かっているから」%K%P
「そんなことはない……佳がいるだけで、私は相当助かっているから」%K%P
「家の道場だけでは、練習相手は限られてくるし」%K%P
「家の道場だけでは、練習相手は限られてくるし」%K%P
実家の道場？　そう言えば、さっき、輝堂流抜刀術とかって、佳様が言っていたよね。%K%P
実家の道場？　そう言えば、さっき、輝堂流抜刀術とかって、佳様が言っていたよね。%K%P
「ねえ、輝堂流抜刀術というのは、楓さんのお家の武術なの？」%K%P
「ねえ、輝堂流抜刀術というのは、楓さんのお家の武術なの？」%K%P
「お、良く覚えていたね、いずみちゃん。関心関心、なでなで」%K%P
「お、良く覚えていたね、いずみちゃん。関心関心、なでなで」%K%P
「あふっ、け、佳様ぁ、ちょ、ちょっと～」%K%P
「あふっ、け、佳様ぁ、ちょ、ちょっと～」%K%P
佳様の細くて長い指が僕の頭を撫でる……うぅ、ちょっと気持ちいいかも……%K%P
佳様の細くて長い指が僕の頭を撫でる……うぅ、ちょっと気持ちいいかも……%K%P
「佳」%K%P
「佳」%K%P
「まあまあ、お堅いことを言わない。これもスキンシップだよ」%K%P
「まあまあ、お堅いことを言わない。これもスキンシップだよ」%K%P
「まったく……輝堂流抜刀術とは、私の祖父が師範を務めている武術なんだ。{戦場:いくさば}の剣術が元になっていてね」%K%P
「まったく……輝堂流抜刀術とは、私の祖父が師範を務めている武術なんだ。{戦場:いくさば}の剣術が元になっていてね」%K%P
「戦場の剣術……それが、毎回刀を出したり、仕舞ったりする理由なの？」%K%P
「戦場の剣術……それが、毎回刀を出したり、仕舞ったりする理由なの？」%K%P
「ほう、よく見ているね。う～ん、{歌姫:ディーバ}だけでは勿体ないなぁ。私が一から手取足取りで剣とか、色々なことを教えて上げたいよ」%K%P
「ほう、よく見ているね。う～ん、{歌姫:ディーバ}だけでは勿体ないなぁ。私が一から手取足取りで剣とか、色々なことを教えて上げたいよ」%K%P
わきわきと手を動かしながら迫る佳。%K%P
わきわきと手を動かしながら迫る佳。%K%P
指の動きがイヤらしいです、っていうか色々な事ってなんですかね……%K%P
指の動きがイヤらしいです、っていうか色々な事ってなんですかね……%K%P
「佳、話を脱線させないで」%K%P
「佳、話を脱線させないで」%K%P
「でも、いずみさんの着眼点は鋭いと思う。抜刀と納刀は、輝堂流抜刀術の真髄と言えるし。それに……」%K%P
「でも、いずみさんの着眼点は鋭いと思う。抜刀と納刀は、輝堂流抜刀術の真髄と言えるし。それに……」%K%P
楓さんによる、抜刀術の説明を聞く。%K%P
楓さんによる、抜刀術の説明を聞く。%K%P
戦場に於いては移動時納刀したまま移動し、敵と対峙したとき、抜刀する。%K%P
戦場に於いては移動時納刀したまま移動し、敵と対峙したとき、抜刀する。%K%P
これは、抜刀したまま移動すると、体力も消耗し、重心も不安になる為……らしい。%K%P
これは、抜刀したまま移動すると、体力も消耗し、重心も不安になる為……らしい。%K%P
「逆に言えば、楓のような女の子でも修得しやすいってことさ」%K%P
「逆に言えば、楓のような女の子でも修得しやすいってことさ」%K%P
「どうしても男性に較べれば、体力面で劣ってしまうからね」%K%P
「どうしても男性に較べれば、体力面で劣ってしまうからね」%K%P
佳様の言葉に、楓さんの体に目をやる――小さな顔、細い首、体も、細い。%K%P
佳様の言葉に、楓さんの体に目をやる――小さな顔、細い首、体も、細い。%K%P
刀を振っていると大きく見えたけど、やっぱり女の子なんだよな。%K%P
刀を振っていると大きく見えたけど、やっぱり女の子なんだよな。%K%P
「そんな、自分はけして、女の子らしいということは無いから……」%K%P
「そんな、自分はけして、女の子らしいということは無いから……」%K%P
「ご、ごめんなさい！　あ、あの、その、えと」%K%P
「ご、ごめんなさい！　あ、あの、その、えと」%K%P
しまった、女の子をジロジロ見るなんて、失礼だよね……いくら、今は僕も女の子と言えど。%K%P
しまった、女の子をジロジロ見るなんて、失礼だよね……いくら、今は僕も女の子と言えど。%K%P
「ちょっと、ちょっと、私の存在を忘れてはないかい？　ほら、いずみちゃん、どうだい？　ほらほら、セクシーだろう？」%K%P
「ちょっと、ちょっと、私の存在を忘れてはないかい？　ほら、いずみちゃん、どうだい？　ほらほら、セクシーだろう？」%K%P
挑発的なポーズを取る佳様――顔と体が整いすぎている為か、{淫靡:いんび}な感じよりも、芸術作品のような印象を受ける。%K%P
挑発的なポーズを取る佳様――顔と体が整いすぎている為か、{淫靡:いんび}な感じよりも、芸術作品のような印象を受ける。%K%P
「あ、あはは……せ、せくしーです。あ、えと……あ、そうだ、練習を見てて思ったんですけど」%K%P
「あ、あはは……せ、せくしーです。あ、えと……あ、そうだ、練習を見てて思ったんですけど」%K%P
このままじゃ佳様が何をしだすか……僕は急いで話題を変える。%K%P
このままじゃ佳様が何をしだすか……僕は急いで話題を変える。%K%P
「こう、刀をぶつけたりしないですよね？　時代劇とかで良くやる、キン、キンっての」%K%P
「こう、刀をぶつけたりしないですよね？　時代劇とかで良くやる、キン、キンっての」%K%P
「うん、いずみさんには観察力がある。その通り、輝堂流抜刀術は基本的に相手と刀をあわせない」%K%P
「うん、いずみさんには観察力がある。その通り、輝堂流抜刀術は基本的に相手と刀をあわせない」%K%P
僕の言葉に大きく頷く楓さん。%K%P
僕の言葉に大きく頷く楓さん。%K%P
「輝堂流で使う刀剣は切れ味を重視した物で、刀身はカミソリのように鋭く研ぎ上げられていてね」%K%P
「輝堂流で使う刀剣は切れ味を重視した物で、刀身はカミソリのように鋭く研ぎ上げられていてね」%K%P
「打ち合うと簡単に刃こぼれを起こしてしまうから、そういう立ち回りはそもそも想定されていないし」%K%P
「打ち合うと簡単に刃こぼれを起こしてしまうから、そういう立ち回りはそもそも想定されていないし」%K%P
「もしそういう状況になったら、それはすでに負けている、ということだから」%K%P
「もしそういう状況になったら、それはすでに負けている、ということだから」%K%P
「もっとも、アリアに使う刀には元から刃が無いから、刃こぼれの心配もないけれど」%K%P
「もっとも、アリアに使う刀には元から刃が無いから、刃こぼれの心配もないけれど」%K%P
「へぇ～デリケートなんだね、意外」%K%P
「へぇ～デリケートなんだね、意外」%K%P
「鋭いってことは、脆いってことなのさ……まるで楓のようじゃないか」%K%P
「鋭いってことは、脆いってことなのさ……まるで楓のようじゃないか」%K%P
楓さんのよう？　それって、どういう事なのかな。%K%P
楓さんのよう？　それって、どういう事なのかな。%K%P
「佳、今日は手も口も軽すぎると思う」%K%P
「佳、今日は手も口も軽すぎると思う」%K%P
「ふふふ、そうやって、直ぐムキになるところが、キミの様だと言うんだよ」%K%P
「ふふふ、そうやって、直ぐムキになるところが、キミの様だと言うんだよ」%K%P
「ん……」%K%P
「ん……」%K%P
小さく鼻を膨らませる楓さん……何だかんだ言っても、二人は良いコンビなんだな。%K%P
小さく鼻を膨らませる楓さん……何だかんだ言っても、二人は良いコンビなんだな。%K%P
「いずみちゃん、楓はこう見えても繊細な子だから、仲良くしてあげてね」%K%P
「いずみちゃん、楓はこう見えても繊細な子だから、仲良くしてあげてね」%K%P
「こ、こちらこそ、よろしくお願いします！　佳様、楓さん」%K%P
「こ、こちらこそ、よろしくお願いします！　佳様、楓さん」%K%P
「こちらこそ、よろしく。いずみさん」%K%P
「こちらこそ、よろしく。いずみさん」%K%P
「ただいまっと……ちょっと遅くなっちゃったなぁ」%K%P
「ただいまっと……ちょっと遅くなっちゃったなぁ」%K%P
寮に帰り着いた頃には、日も沈みかけ、辺りは暗くなりかけていた。%K%P
寮に帰り着いた頃には、日も沈みかけ、辺りは暗くなりかけていた。%K%P
「ふふ、楓さんと佳様かぁ」%K%P
「ふふ、楓さんと佳様かぁ」%K%P
あの後、結局そのまま二人とお話しを続けてしまった。%K%P
あの後、結局そのまま二人とお話しを続けてしまった。%K%P
楓さんも、佳様もいままで僕の周りには居なかったタイプだったので、とても新鮮だった。%K%P
楓さんも、佳様もいままで僕の周りには居なかったタイプだったので、とても新鮮だった。%K%P
「また、お話ししたいな……あれ、そういえば、なんで道場に行ったんだっけ？」%K%P
「また、お話ししたいな……あれ、そういえば、なんで道場に行ったんだっけ？」%K%P
んと、何かあったような……%K%P
んと、何かあったような……%K%P
「あら、いずみさん、お帰りなさい。なんだか楽しそうね」%K%P
「あら、いずみさん、お帰りなさい。なんだか楽しそうね」%K%P
「あ、ただいま、法子さん。ええ、今日はちょっといいことがあったので」%K%P
「あ、ただいま、法子さん。ええ、今日はちょっといいことがあったので」%K%P
そうだ、あの二人と知り合えたのは、きっといいことだと思う。%K%P
そうだ、あの二人と知り合えたのは、きっといいことだと思う。%K%P
「ふふ、そう、良かったわ。どう、学園にも慣れてきた？」%K%P
「ふふ、そう、良かったわ。どう、学園にも慣れてきた？」%K%P
「あ、はい。これも、法子さんや、綾香さん達のお陰です」%K%P
「あ、はい。これも、法子さんや、綾香さん達のお陰です」%K%P
ほんの僅かな期間で、色々な人に知り合った。%K%P
ほんの僅かな期間で、色々な人に知り合った。%K%P
人と人との輪がどんどん拡がっていく……ホント不思議だよね。%K%P
人と人との輪がどんどん拡がっていく……ホント不思議だよね。%K%P
「そう。さて、それじゃお夕飯にしましょうか、お腹空いたでしょう？」%K%P
「そう。さて、それじゃお夕飯にしましょうか、お腹空いたでしょう？」%K%P
「はい！　もうぺっこぺこです」%K%P
「はい！　もうぺっこぺこです」%K%P
「うふふ、良いお返事ね。あ、そうだ、いずみさん、これは学園長代理としてなのだけど」%K%P
「うふふ、良いお返事ね。あ、そうだ、いずみさん、これは学園長代理としてなのだけど」%K%P
学園長代理として？　あれ、何か、引っかかる……んん？%K%P
学園長代理として？　あれ、何か、引っかかる……んん？%K%P
「はい、何でしょうか？」%K%P
「はい、何でしょうか？」%K%P
「色々と忙しいとは思うから、近いうちでいいのだけど、学園長室に来てね？」%K%P
「色々と忙しいとは思うから、近いうちでいいのだけど、学園長室に来てね？」%K%P
「あぁ！？　そ、そうでした！　ご、ごめんなさぁい！」%K%P
「あぁ！？　そ、そうでした！　ご、ごめんなさぁい！」%K%P
しまった……放課後その為に移動していたのに……うぅ、うっかりしてしまった……%K%P
しまった……放課後その為に移動していたのに……うぅ、うっかりしてしまった……%K%P
