「いずみさん、買い物にいかない？」%K%P
「いずみさん、買い物にいかない？」%K%P
女装して深皇学園に編入してから初めての週末。%K%P
女装して深皇学園に編入してから初めての週末。%K%P
どうやって過ごそうかと思っていたら、思いがけず綾香さんの方からお誘いがあった。%K%P
どうやって過ごそうかと思っていたら、思いがけず綾香さんの方からお誘いがあった。%K%P
「もともと週末は買い物に行こうって美琴と約束をしていたの」%K%P
「もともと週末は買い物に行こうって美琴と約束をしていたの」%K%P
「それで、希実も一緒に行くって言うから、良ければいずみさんもどうかな、って」%K%P
「それで、希実も一緒に行くって言うから、良ければいずみさんもどうかな、って」%K%P
「それって当然、女装で、だよね……？」%K%P
「それって当然、女装で、だよね……？」%K%P
「それについては……ごめんなさい」%K%P
「それについては……ごめんなさい」%K%P
「あっ、いいの。謝らないで。一応聞いてみただけだから」%K%P
「あっ、いいの。謝らないで。一応聞いてみただけだから」%K%P
それが無理だってことはわかっているんだけどね。%K%P
それが無理だってことはわかっているんだけどね。%K%P
「もちろん無理にとは言わないわ。わたしもいないし、部屋でゆっくりしていても――」%K%P
「もちろん無理にとは言わないわ。わたしもいないし、部屋でゆっくりしていても――」%K%P
「ううん、行くよ。せっかくのお誘いだもん。それに、私も服を見にいきたいから」%K%P
「ううん、行くよ。せっかくのお誘いだもん。それに、私も服を見にいきたいから」%K%P
「でも、いずみさんの服なら姉さんが――」%K%P
「でも、いずみさんの服なら姉さんが――」%K%P
「確かに用意してもらったんだけど、どれもみんな、私が着るには可愛すぎて……」%K%P
「確かに用意してもらったんだけど、どれもみんな、私が着るには可愛すぎて……」%K%P
「女の子が着る分にはいいと思うんだけど、私はほら、その……ね？」%K%P
「女の子が着る分にはいいと思うんだけど、私はほら、その……ね？」%K%P
「ああ、なるほど……」%K%P
「ああ、なるほど……」%K%P
僕の気持ちを察したのか、綾香さんが頷く。%K%P
僕の気持ちを察したのか、綾香さんが頷く。%K%P
「だから、一緒に洋服を見てもらえると嬉しいんだけど……いいかな？」%K%P
「だから、一緒に洋服を見てもらえると嬉しいんだけど……いいかな？」%K%P
女の子の洋服の値段ってピンとこないけど、寮でお世話になっている分、食費と宿泊費は完全に浮いているから、予算はそれなりにある。%K%P
女の子の洋服の値段ってピンとこないけど、寮でお世話になっている分、食費と宿泊費は完全に浮いているから、予算はそれなりにある。%K%P
ただ、いくら女装をしているとはいえ、そういうお店にいきなり１人で……というのも、少し躊躇う。%K%P
ただ、いくら女装をしているとはいえ、そういうお店にいきなり１人で……というのも、少し躊躇う。%K%P
「わかったわ。そういうことなら、喜んで」%K%P
「わかったわ。そういうことなら、喜んで」%K%P
「つまり、いずみさんも自分なりのコーデを楽しんだり、お洒落をしたい、ってことよね？」%K%P
「つまり、いずみさんも自分なりのコーデを楽しんだり、お洒落をしたい、ってことよね？」%K%P
「それだけ可愛いんだもの、自分に似合う洋服を自分で選んでみたいわよね？」%K%P
「それだけ可愛いんだもの、自分に似合う洋服を自分で選んでみたいわよね？」%K%P
「いや、可愛いっていわれても……」%K%P
「いや、可愛いっていわれても……」%K%P
「ごめんなさい。でも、可愛いって思うのは本当よ？」%K%P
「ごめんなさい。でも、可愛いって思うのは本当よ？」%K%P
冗談か本気か、綾香さんがくすっと笑う。%K%P
冗談か本気か、綾香さんがくすっと笑う。%K%P
「だけど、覚悟してね？　いずみさんが服を選ぶと知ったら、美琴や希実も協力したいって言うに違いないわ」%K%P
「だけど、覚悟してね？　いずみさんが服を選ぶと知ったら、美琴や希実も協力したいって言うに違いないわ」%K%P
「そういうときの女の子って、すごいんだから」%K%P
「そういうときの女の子って、すごいんだから」%K%P
「う、うん」%K%P
「う、うん」%K%P
綾香さんの一言で着せ替え人形になる未来が想像できたけど、こればっかりは覚悟を決めるしかない。%K%P
綾香さんの一言で着せ替え人形になる未来が想像できたけど、こればっかりは覚悟を決めるしかない。%K%P
「大丈夫よ、なにかあったらフォローするわ」%K%P
「大丈夫よ、なにかあったらフォローするわ」%K%P
「よろしくお願いします」%K%P
「よろしくお願いします」%K%P
かしこまって頼むと、綾香さんはくすっと笑った。%K%P
かしこまって頼むと、綾香さんはくすっと笑った。%K%P
「いずみ様、このスカートなんてどうですか？」%K%P
「いずみ様、このスカートなんてどうですか？」%K%P
「それ、結構短くない……？」%K%P
「それ、結構短くない……？」%K%P
「でも、いずみさんにはミニも似合うと思うんだけど。ほら、これとか」%K%P
「でも、いずみさんにはミニも似合うと思うんだけど。ほら、これとか」%K%P
「それでも大胆過ぎるような……」%K%P
「それでも大胆過ぎるような……」%K%P
「いずみさんは、あまり肌を露出させないほうが好みなのよね？」%K%P
「いずみさんは、あまり肌を露出させないほうが好みなのよね？」%K%P
「うん。とくに足は、出来るだけ」%K%P
「うん。とくに足は、出来るだけ」%K%P
「そう？　いずみさんってスレンダーだから、スキニーな感じも似合うと思うのだけど……」%K%P
「そう？　いずみさんってスレンダーだから、スキニーな感じも似合うと思うのだけど……」%K%P
「あんまり身体の線が出ちゃうのも、ちょっと遠慮したいな、って」%K%P
「あんまり身体の線が出ちゃうのも、ちょっと遠慮したいな、って」%K%P
「んっと……なら、これなんてどうですか？　ふわっとしてるし、スカートも膝下ですし」%K%P
「んっと……なら、これなんてどうですか？　ふわっとしてるし、スカートも膝下ですし」%K%P
「このワンピースもいいんじゃない？」%K%P
「このワンピースもいいんじゃない？」%K%P
「わたしはこっちのほうが似合うと思うわ」%K%P
「わたしはこっちのほうが似合うと思うわ」%K%P
女の子の買い物って、すごい。とにかくすごい。%K%P
女の子の買い物って、すごい。とにかくすごい。%K%P
いろんなショップに寄るたび、３人がそれぞれ、僕に色々な服を勧めてくれる。%K%P
いろんなショップに寄るたび、３人がそれぞれ、僕に色々な服を勧めてくれる。%K%P
場合によっては店員さんまで一緒に見立ててくれるから、試着だけでも一仕事だった。%K%P
場合によっては店員さんまで一緒に見立ててくれるから、試着だけでも一仕事だった。%K%P
ただ、僕が着るには際どいデザインのものに関しては、綾香さんが引き留めてくれるので安心だけど。%K%P
ただ、僕が着るには際どいデザインのものに関しては、綾香さんが引き留めてくれるので安心だけど。%K%P
「それなら、いっそマニッシュな感じで……こっちのパンツなんてどうでしょう？」%K%P
「それなら、いっそマニッシュな感じで……こっちのパンツなんてどうでしょう？」%K%P
「いや、そういうのも、実はあんまり……」%K%P
「いや、そういうのも、実はあんまり……」%K%P
万一なにかあったとき、いわゆる膨らみを誤魔化しにくい服装は困ってしまう。%K%P
万一なにかあったとき、いわゆる膨らみを誤魔化しにくい服装は困ってしまう。%K%P
そういう意味で、スカートのほうが都合が良いことも多いっていうのは女装して実感した事だ。%K%P
そういう意味で、スカートのほうが都合が良いことも多いっていうのは女装して実感した事だ。%K%P
「いずみさんはスカートの方が好き？」%K%P
「いずみさんはスカートの方が好き？」%K%P
「うん。そのほうが楽なことも多いから」%K%P
「うん。そのほうが楽なことも多いから」%K%P
「なるほどね。確かに気持ちはわかるかも」%K%P
「なるほどね。確かに気持ちはわかるかも」%K%P
この場合、美琴さんが考えている楽の意味って、僕とはちょっと違うんだろうな、なんて思ったり。%K%P
この場合、美琴さんが考えている楽の意味って、僕とはちょっと違うんだろうな、なんて思ったり。%K%P
「っと……ねえ？　これなんてどうかしら。少し丈が短いけど、このぐらいなら平気でしょう？」%K%P
「っと……ねえ？　これなんてどうかしら。少し丈が短いけど、このぐらいなら平気でしょう？」%K%P
「うん。そのぐらいなら――」%K%P
「うん。そのぐらいなら――」%K%P
そうして服を受け取り、今日何度目になるかわからない試着室へ。%K%P
そうして服を受け取り、今日何度目になるかわからない試着室へ。%K%P
個室の中で着替えるたび、鏡に映る自分を眺めていると、だんだん感覚が麻痺しそうになる。%K%P
個室の中で着替えるたび、鏡に映る自分を眺めていると、だんだん感覚が麻痺しそうになる。%K%P
同時に、ちょっとずつ着替えの手際が良くなっていく自分に感心してみたり。%K%P
同時に、ちょっとずつ着替えの手際が良くなっていく自分に感心してみたり。%K%P
「初めて深皇の制服に着替えたときは、あんなにあたふたしちゃったのになぁ……」%K%P
「初めて深皇の制服に着替えたときは、あんなにあたふたしちゃったのになぁ……」%K%P
歌姫を引き受けたことで、体験していること。%K%P
歌姫を引き受けたことで、体験していること。%K%P
少なくともそれは、海外留学と同じかそれ以上に、新鮮で刺激的なことは間違いない。%K%P
少なくともそれは、海外留学と同じかそれ以上に、新鮮で刺激的なことは間違いない。%K%P
……それにしても、女の子の服って、本当にすごい種類があるんだなぁ……。%K%P
……それにしても、女の子の服って、本当にすごい種類があるんだなぁ……。%K%P
「ランチ前に、もう一店だけ見て回りませんか？」%K%P
「ランチ前に、もう一店だけ見て回りませんか？」%K%P
「それなら向こうのお店はどう？　前にドレープの可愛いワンピースがあったの」%K%P
「それなら向こうのお店はどう？　前にドレープの可愛いワンピースがあったの」%K%P
服に限らず、可愛い雑貨や服飾があればもれなく立ち寄るから、あっという間に時間が過ぎていく。%K%P
服に限らず、可愛い雑貨や服飾があればもれなく立ち寄るから、あっという間に時間が過ぎていく。%K%P
余裕をもって寮を出たはずなのに、気付けばお昼を回ってしまっていた。%K%P
余裕をもって寮を出たはずなのに、気付けばお昼を回ってしまっていた。%K%P
「いずみさん、疲れていない？　大丈夫？」%K%P
「いずみさん、疲れていない？　大丈夫？」%K%P
「う、うん。なんとか……」%K%P
「う、うん。なんとか……」%K%P
いろいろと勧めてもらったけど、どれも決め手にかけて、結局まだ一着も買っていない。%K%P
いろいろと勧めてもらったけど、どれも決め手にかけて、結局まだ一着も買っていない。%K%P
ただ、予算的にはなんとかなりそうで、そこは一安心なんだけど。%K%P
ただ、予算的にはなんとかなりそうで、そこは一安心なんだけど。%K%P
「でも、女の子って本当に買い物が好きなんだね」%K%P
「でも、女の子って本当に買い物が好きなんだね」%K%P
「えっ？　まあ、それはそうだけど……」%K%P
「えっ？　まあ、それはそうだけど……」%K%P
「もう、なにを言ってるの？　いずみさんだって女の子じゃない」%K%P
「もう、なにを言ってるの？　いずみさんだって女の子じゃない」%K%P
「あっ……あははっ、そ、そうだね」%K%P
「あっ……あははっ、そ、そうだね」%K%P
綾香さんに言われて、慌てて同意。%K%P
綾香さんに言われて、慌てて同意。%K%P
「ダメよ、いずみさん。気を付けないと」%K%P
「ダメよ、いずみさん。気を付けないと」%K%P
「ごめん、つい……」%K%P
「ごめん、つい……」%K%P
洋服選びやショッピングにかける情熱に圧倒されて、思わず本音が出てしまった。%K%P
洋服選びやショッピングにかける情熱に圧倒されて、思わず本音が出てしまった。%K%P
しっかり引き締めておかないと――――、%K%P
しっかり引き締めておかないと――――、%K%P
「あら？　いずみさんではありません？」%K%P
「あら？　いずみさんではありません？」%K%P
「えっ？」%K%P
「えっ？」%K%P
「ごきげんよう、いずみさん」%K%P
「ごきげんよう、いずみさん」%K%P
「奏さんに、千影さんも」%K%P
「奏さんに、千影さんも」%K%P
声をかけられ振り向くと、奏さんと千影さんが並んで立っていた。%K%P
声をかけられ振り向くと、奏さんと千影さんが並んで立っていた。%K%P
「ごきげんよう。こんなところで会うなんて奇遇ね」%K%P
「ごきげんよう。こんなところで会うなんて奇遇ね」%K%P
「ええ、本当に。千影さんたちも買い物？」%K%P
「ええ、本当に。千影さんたちも買い物？」%K%P
「はい。本屋さんに寄ってきたところなんですの」%K%P
「はい。本屋さんに寄ってきたところなんですの」%K%P
「私たちも……ということは、綾香さんたちも何かご覧になっていたんですか？」%K%P
「私たちも……ということは、綾香さんたちも何かご覧になっていたんですか？」%K%P
「わたしたちは洋服。とくにいずみさんのね」%K%P
「わたしたちは洋服。とくにいずみさんのね」%K%P
「まあ、そうでしたの」%K%P
「まあ、そうでしたの」%K%P
「ねえ、千影さんたちお昼は？　まだなら、良ければあたしたちと――」%K%P
「ねえ、千影さんたちお昼は？　まだなら、良ければあたしたちと――」%K%P
「ごめんなさい。それがもう済ませてしまって」%K%P
「ごめんなさい。それがもう済ませてしまって」%K%P
「この通りの向こうに、オープンしたばかりのイタリアンレストランがあるんですの。本日はそこで」%K%P
「この通りの向こうに、オープンしたばかりのイタリアンレストランがあるんですの。本日はそこで」%K%P
「ランチメニューが豊富ですし、値段も手頃ですから、よければみなさんもいかがですか？」%K%P
「ランチメニューが豊富ですし、値段も手頃ですから、よければみなさんもいかがですか？」%K%P
「あっ、そこなら知ってる。確か、石窯でピザを焼いてくれるお店なのよね」%K%P
「あっ、そこなら知ってる。確か、石窯でピザを焼いてくれるお店なのよね」%K%P
「ええ。マルゲリータにしたのですが、トマトソースに絡む溶けたチーズがとても美味しかったわ」%K%P
「ええ。マルゲリータにしたのですが、トマトソースに絡む溶けたチーズがとても美味しかったわ」%K%P
「あぁ、いいなぁ、ピザ……」%K%P
「あぁ、いいなぁ、ピザ……」%K%P
歩き回ってお腹も空いたところに、そういった具体的な説明は実に効果ばつぐんだ。%K%P
歩き回ってお腹も空いたところに、そういった具体的な説明は実に効果ばつぐんだ。%K%P
「ね、お昼はそこにしない？」%K%P
「ね、お昼はそこにしない？」%K%P
「いいわね。ランチはそのお店にしましょうか」%K%P
「いいわね。ランチはそのお店にしましょうか」%K%P
「奏様と千影様は、このあとどうされるんですか？」%K%P
「奏様と千影様は、このあとどうされるんですか？」%K%P
「奏が見たい映画があるというから、これから見に行く予定よ」%K%P
「奏が見たい映画があるというから、これから見に行く予定よ」%K%P
「いま話題の本格ゴシックホラーなんですの」%K%P
「いま話題の本格ゴシックホラーなんですの」%K%P
「あっ、それって海外で賞をとった映画だよね？　確か吸血鬼が出てくる――」%K%P
「あっ、それって海外で賞をとった映画だよね？　確か吸血鬼が出てくる――」%K%P
「ええ、そうですわ。もしかしていずみさん、すでにご覧になったとか？」%K%P
「ええ、そうですわ。もしかしていずみさん、すでにご覧になったとか？」%K%P
「ううん、私は見てないんだけど。凄く迫力があるって評判だったから覚えてて」%K%P
「ううん、私は見てないんだけど。凄く迫力があるって評判だったから覚えてて」%K%P
「まあ、それは楽しみです。ね？　千影」%K%P
「まあ、それは楽しみです。ね？　千影」%K%P
「ええ、そうね」%K%P
「ええ、そうね」%K%P
女の子はホラーが好き、なんて話も聞くけれど、奏さんと千影さんもその例に漏れないらしい。%K%P
女の子はホラーが好き、なんて話も聞くけれど、奏さんと千影さんもその例に漏れないらしい。%K%P
「面白そう……。綾香お姉ちゃん、私たちもあとで見に行かない？」%K%P
「面白そう……。綾香お姉ちゃん、私たちもあとで見に行かない？」%K%P
「そっ、それよりまずはお昼にしましょ？　あまり遅いとランチも終わってしまうし」%K%P
「そっ、それよりまずはお昼にしましょ？　あまり遅いとランチも終わってしまうし」%K%P
「……美琴さん？」%K%P
「……美琴さん？」%K%P
なんだかいま、不自然に声がうわずったような。%K%P
なんだかいま、不自然に声がうわずったような。%K%P
「ふふっ、美琴の言う通りね。お腹も空いてきたし、まずはご飯にしましょう」%K%P
「ふふっ、美琴の言う通りね。お腹も空いてきたし、まずはご飯にしましょう」%K%P
「ふぅ……」%K%P
「ふぅ……」%K%P
「じゃあ、千影さん、奏さん。ごきげんよう」%K%P
「じゃあ、千影さん、奏さん。ごきげんよう」%K%P
「ええ。ごきげんよう、みなさん」%K%P
「ええ。ごきげんよう、みなさん」%K%P
「ごきげんよう」%K%P
「ごきげんよう」%K%P
会釈して立ち去る二人を見送った後、僕たちは奏さんお勧めのイタリアンレストランに向かった。%K%P
会釈して立ち去る二人を見送った後、僕たちは奏さんお勧めのイタリアンレストランに向かった。%K%P
「はぁ、なんとか決まった……」%K%P
「はぁ、なんとか決まった……」%K%P
ランチを食べ終えてから、さらにいろいろなショップを見て回り、買い物が終わる頃にはすっかり日が暮れていた。%K%P
ランチを食べ終えてから、さらにいろいろなショップを見て回り、買い物が終わる頃にはすっかり日が暮れていた。%K%P
結局、自分では決められず、みんなが勧めてくれた洋服を言われるまま買ってしまった気もする。%K%P
結局、自分では決められず、みんなが勧めてくれた洋服を言われるまま買ってしまった気もする。%K%P
いろいろ試着して鏡で見比べるうち、だんだん混乱してきちゃった、というせいもあるんだけど。%K%P
いろいろ試着して鏡で見比べるうち、だんだん混乱してきちゃった、というせいもあるんだけど。%K%P
「じゃあ、日が暮れる前に帰りましょう」%K%P
「じゃあ、日が暮れる前に帰りましょう」%K%P
「あの、その前にお手洗いに寄ってもいい？」%K%P
「あの、その前にお手洗いに寄ってもいい？」%K%P
寮に帰るまで我慢したかったけど、お昼からずっと寄っていないのでさすがに限界だ。%K%P
寮に帰るまで我慢したかったけど、お昼からずっと寄っていないのでさすがに限界だ。%K%P
「それなら駅ビルに寄りましょう？　いずみさん、荷物を預かっていてあげる」%K%P
「それなら駅ビルに寄りましょう？　いずみさん、荷物を預かっていてあげる」%K%P
「ありがとう、美琴さん」%K%P
「ありがとう、美琴さん」%K%P
幸い、立ち寄ったトイレが空いていたこともあって、すぐにすっきりすることができた。%K%P
幸い、立ち寄ったトイレが空いていたこともあって、すぐにすっきりすることができた。%K%P
でも、手を洗う段になって鞄まで美琴さんに預けてしまったことに気付く。%K%P
でも、手を洗う段になって鞄まで美琴さんに預けてしまったことに気付く。%K%P
「ハンカチどうしよう……」%K%P
「ハンカチどうしよう……」%K%P
エアタオルがあればよかったけど、このお手洗いにはそれも見当たらないようだし……。%K%P
エアタオルがあればよかったけど、このお手洗いにはそれも見当たらないようだし……。%K%P
「あの、もし良ければお使いになりますか？」%K%P
「あの、もし良ければお使いになりますか？」%K%P
「わ、ありがとうございます」%K%P
「わ、ありがとうございます」%K%P
「……って、ことりちゃん」%K%P
「……って、ことりちゃん」%K%P
「くすっ。こんな偶然もあるんですね、いずみ様」%K%P
「くすっ。こんな偶然もあるんですね、いずみ様」%K%P
横から可愛らしいハンカチを差し出してくれたのは、他ならぬことりちゃんだった。%K%P
横から可愛らしいハンカチを差し出してくれたのは、他ならぬことりちゃんだった。%K%P
綾香さんたちを待たせていた場所に行くと、そこにはさらに見知った顔が。%K%P
綾香さんたちを待たせていた場所に行くと、そこにはさらに見知った顔が。%K%P
「いずみ様ー、ことりんー、こっちこっちー」%K%P
「いずみ様ー、ことりんー、こっちこっちー」%K%P
「夕陽ちゃん」%K%P
「夕陽ちゃん」%K%P
「そこで偶然会ったの」%K%P
「そこで偶然会ったの」%K%P
「お手洗いに行ったことりちゃんを待ってるっていうから、もしかしたらと思ってたんですけど」%K%P
「お手洗いに行ったことりちゃんを待ってるっていうから、もしかしたらと思ってたんですけど」%K%P
「どうやら、今日は偶然の出会いに縁がある日みたいね」%K%P
「どうやら、今日は偶然の出会いに縁がある日みたいね」%K%P
「ということは、わたしたちの他にも誰かと会ったりしたんですか？」%K%P
「ということは、わたしたちの他にも誰かと会ったりしたんですか？」%K%P
「お昼前に、奏さんと千影さんにね」%K%P
「お昼前に、奏さんと千影さんにね」%K%P
「なんだか素敵ですね。偶然に出会うだなんて」%K%P
「なんだか素敵ですね。偶然に出会うだなんて」%K%P
「うんうん。偶然、っていうのが良いんだよね」%K%P
「うんうん。偶然、っていうのが良いんだよね」%K%P
「そうだね。こうしてことりちゃんと夕陽ちゃんに会えた偶然にも、感謝しなくっちゃ」%K%P
「そうだね。こうしてことりちゃんと夕陽ちゃんに会えた偶然にも、感謝しなくっちゃ」%K%P
「はいっ」\n「はいっ」%K%P
「はいっ」\n「はいっ」%K%P
「じゃあ、みんなで寮まで一緒に帰りましょうか」%K%P
「じゃあ、みんなで寮まで一緒に帰りましょうか」%K%P
「良いんですか？」%K%P
「良いんですか？」%K%P
「もちろん。向かう先は同じなんだから」%K%P
「もちろん。向かう先は同じなんだから」%K%P
「わはっ、やったぁっ。これもぜーんぶ、ことりんがお手洗いに寄ってくれたおかげっ」%K%P
「わはっ、やったぁっ。これもぜーんぶ、ことりんがお手洗いに寄ってくれたおかげっ」%K%P
「ちょっ、ちょっと夕ちゃん、声が大きいよっ」%K%P
「ちょっ、ちょっと夕ちゃん、声が大きいよっ」%K%P
「っと、ごめんごめん。嬉しくって、つい」%K%P
「っと、ごめんごめん。嬉しくって、つい」%K%P
「ふふっ。２人とも今日も元気ね」%K%P
「ふふっ。２人とも今日も元気ね」%K%P
「なんといっても、今日は前から欲しかった物が買えましたから」%K%P
「なんといっても、今日は前から欲しかった物が買えましたから」%K%P
「そういえば、前に気になる髪留めがあるって言っていたけど、それのこと？」%K%P
「そういえば、前に気になる髪留めがあるって言っていたけど、それのこと？」%K%P
「うんっ。出来れば色は違うのがいいなぁ、と思ってお店にいったら、今日入荷の新色があって」%K%P
「うんっ。出来れば色は違うのがいいなぁ、と思ってお店にいったら、今日入荷の新色があって」%K%P
「すごいんですよ、夕ちゃん。お店についたら、迷わず即決しちゃって」%K%P
「すごいんですよ、夕ちゃん。お店についたら、迷わず即決しちゃって」%K%P
「だって、迷ってる間に誰かに買われたら後悔するでしょ？」%K%P
「だって、迷ってる間に誰かに買われたら後悔するでしょ？」%K%P
「だけど、違う色にすれば良かった、って思うかもしれないのに」%K%P
「だけど、違う色にすれば良かった、って思うかもしれないのに」%K%P
「そしたら両方買っちゃう！」%K%P
「そしたら両方買っちゃう！」%K%P
「ふふっ、夕陽ちゃんらしいわね」%K%P
「ふふっ、夕陽ちゃんらしいわね」%K%P
「えへへ。でもこれ、食事で実践しちゃうと、あとで体重計に激しく打ちのめされるんですけどね」%K%P
「えへへ。でもこれ、食事で実践しちゃうと、あとで体重計に激しく打ちのめされるんですけどね」%K%P
「そういえば夕ちゃん、今日はランチのあと、ケーキを３つも食べちゃってたけど……」%K%P
「そういえば夕ちゃん、今日はランチのあと、ケーキを３つも食べちゃってたけど……」%K%P
「だってあれはみんな期間限定だっていうし、その中からひとつだけは選べなくて……」%K%P
「だってあれはみんな期間限定だっていうし、その中からひとつだけは選べなくて……」%K%P
「さしもの{騎士:ワルキュリア}も甘い物には勝てない、ってことね」%K%P
「さしもの{騎士:ワルキュリア}も甘い物には勝てない、ってことね」%K%P
「違いますよ、美琴様っ。女の子に生まれた以上、甘い物にはぜったいに勝てませんっ！」%K%P
「違いますよ、美琴様っ。女の子に生まれた以上、甘い物にはぜったいに勝てませんっ！」%K%P
「確かに違いないわね」%K%P
「確かに違いないわね」%K%P
「ふふっ、あははっ」%K%P
「ふふっ、あははっ」%K%P
夕陽ちゃんの一言に、みんなから笑い声が漏れる。%K%P
夕陽ちゃんの一言に、みんなから笑い声が漏れる。%K%P
さっきまで買い物の気苦労で疲れていたはずなのに、気付けば不思議と癒やされていて。%K%P
さっきまで買い物の気苦労で疲れていたはずなのに、気付けば不思議と癒やされていて。%K%P
みんなで賑やかに話をしながら寮へと向かう帰り道は、朝よりも軽い足取りだった。%K%P
みんなで賑やかに話をしながら寮へと向かう帰り道は、朝よりも軽い足取りだった。%K%P
