授業が終り教室を出て行く綾香さん達に手を振る。%K%P
授業が終り教室を出て行く綾香さん達に手を振る。%K%P
深皇祭の準備で忙しいらしくて、綾香さん、美琴さんとも作業をしながらお昼を済ませるみたい。%K%P
深皇祭の準備で忙しいらしくて、綾香さん、美琴さんとも作業をしながらお昼を済ませるみたい。%K%P
手伝いを申し出ると、二人だけで十分だからとやんわり断られた。%K%P
手伝いを申し出ると、二人だけで十分だからとやんわり断られた。%K%P
少し申し訳ない気もするけど、僕は机の上を片付けると、奏さんが待つ庭園へと足を向けた。%K%P
少し申し訳ない気もするけど、僕は机の上を片付けると、奏さんが待つ庭園へと足を向けた。%K%P
穏やかな日差しが、木々を照らし、花々を煌めかせる。%K%P
穏やかな日差しが、木々を照らし、花々を煌めかせる。%K%P
庭園には、お昼ご飯をとろうとする学生達の姿が見えた。%K%P
庭園には、お昼ご飯をとろうとする学生達の姿が見えた。%K%P
「あ、いずみさぁ～ん。こちら、こちらですわよ～」%K%P
「あ、いずみさぁ～ん。こちら、こちらですわよ～」%K%P
「あっ、奏さん、ごきげんようって……あれ？」%K%P
「あっ、奏さん、ごきげんようって……あれ？」%K%P
「ごきげんよう。あらあら、どうなさいました？　そんなにキョロキョロされて」%K%P
「ごきげんよう。あらあら、どうなさいました？　そんなにキョロキョロされて」%K%P
バスケットを下げて佇む奏さんが、おっとりとした声で尋ねてくる。%K%P
バスケットを下げて佇む奏さんが、おっとりとした声で尋ねてくる。%K%P
「うん、千影さんがいないなって思って。遅れてくるのかな？」%K%P
「うん、千影さんがいないなって思って。遅れてくるのかな？」%K%P
「いいえ、今日は私だけですけど……」%K%P
「いいえ、今日は私だけですけど……」%K%P
「ああ、もしかしていずみさんは千影目当てで私に近づいたんですか？」%K%P
「ああ、もしかしていずみさんは千影目当てで私に近づいたんですか？」%K%P
「ええ！？　そ、そんなことないよっ」%K%P
「ええ！？　そ、そんなことないよっ」%K%P
柔らかそうなほっぺたを膨らませて、唇を尖らせる奏さん。%K%P
柔らかそうなほっぺたを膨らませて、唇を尖らせる奏さん。%K%P
「そういえば、最初にお話ししたときも、千影の方が先にでしたし……階段で抱きかかえられたとき、ライクがラブになってしまったのでしょうか？」%K%P
「そういえば、最初にお話ししたときも、千影の方が先にでしたし……階段で抱きかかえられたとき、ライクがラブになってしまったのでしょうか？」%K%P
「あ、あれは事故だって！　ああん、もう、今日は奏さん……その、そう、お菓子が目当てだよっ」%K%P
「あ、あれは事故だって！　ああん、もう、今日は奏さん……その、そう、お菓子が目当てだよっ」%K%P
「ほんとうですか？　嘘をおっしゃったら……お菓子、お預けですからね？」%K%P
「ほんとうですか？　嘘をおっしゃったら……お菓子、お預けですからね？」%K%P
「ええ～～！？　こ、ここに来てそれは無いよっ！」%K%P
「ええ～～！？　こ、ここに来てそれは無いよっ！」%K%P
あんなに美味しそうな匂いを嗅がせといて、お預けなんて……うぅ、悲しすぎる。%K%P
あんなに美味しそうな匂いを嗅がせといて、お預けなんて……うぅ、悲しすぎる。%K%P
「うふ……うふふ、うふふふふ。もう、そんな顔なさらないでくださいな。冗談ですから」%K%P
「うふ……うふふ、うふふふふ。もう、そんな顔なさらないでくださいな。冗談ですから」%K%P
「あぁ～！　ひどいよぉ奏さんっ。私ほんとにショックだったんだからぁ」%K%P
「あぁ～！　ひどいよぉ奏さんっ。私ほんとにショックだったんだからぁ」%K%P
「ごめんなさいね。お詫びといってはなんですが、たくさん食べてくださいな」%K%P
「ごめんなさいね。お詫びといってはなんですが、たくさん食べてくださいな」%K%P
くすくすとおかしそうに笑う奏さん。おっとりとした彼女に、こんな一面があるなんて……なんだか新鮮。%K%P
くすくすとおかしそうに笑う奏さん。おっとりとした彼女に、こんな一面があるなんて……なんだか新鮮。%K%P
「千影には、今日はいずみさんと二人で食事をしたいから、と告げてきました」%K%P
「千影には、今日はいずみさんと二人で食事をしたいから、と告げてきました」%K%P
「そうなんだ。その、良かったの？」%K%P
「そうなんだ。その、良かったの？」%K%P
「ええ、大丈夫ですわ。確かに私は千影のことを好いていますし、千影も、似た気持ちを抱いてくれていると思います」%K%P
「ええ、大丈夫ですわ。確かに私は千影のことを好いていますし、千影も、似た気持ちを抱いてくれていると思います」%K%P
「ですが、好きといっても、いつでも一緒にいるばかりではありませんの」%K%P
「ですが、好きといっても、いつでも一緒にいるばかりではありませんの」%K%P
「そういうものなの？　仲が良ければ、側にいるのが当たり前のような気がしていたけど」%K%P
「そういうものなの？　仲が良ければ、側にいるのが当たり前のような気がしていたけど」%K%P
「ええ、そういった考えもあると思います。けれど、私はこうも思うのです」%K%P
「ええ、そういった考えもあると思います。けれど、私はこうも思うのです」%K%P
「お互いを過剰に束縛しない、そういう付き合いもできてこそ、親しいと言える……と」%K%P
「お互いを過剰に束縛しない、そういう付き合いもできてこそ、親しいと言える……と」%K%P
「信じているからこそ、お互いを尊重出来るのがライクな関係というものではないでしょうか」%K%P
「信じているからこそ、お互いを尊重出来るのがライクな関係というものではないでしょうか」%K%P
胸に手を置き、微笑みながら言葉を紡ぐ奏さん。%K%P
胸に手を置き、微笑みながら言葉を紡ぐ奏さん。%K%P
「……束縛しないから親しいと言える、か……うーん、そんな考え方があるなんて……奏さんは深いなぁ」%K%P
「……束縛しないから親しいと言える、か……うーん、そんな考え方があるなんて……奏さんは深いなぁ」%K%P
「ふふふ、お褒め頂き、光栄ですわ。さあお昼ご飯をいただきましょう。お楽しみも待ってることですし、ね？」%K%P
「ふふふ、お褒め頂き、光栄ですわ。さあお昼ご飯をいただきましょう。お楽しみも待ってることですし、ね？」%K%P
丁度空いていた二人掛けのベンチに座り、食堂で買って来たサンドウィッチでお昼ご飯を済ませた。%K%P
丁度空いていた二人掛けのベンチに座り、食堂で買って来たサンドウィッチでお昼ご飯を済ませた。%K%P
ちなみに奏さんもサンドウィッチで、お揃いだった。%K%P
ちなみに奏さんもサンドウィッチで、お揃いだった。%K%P
「ふぅ……ごちそうさまっ」%K%P
「ふぅ……ごちそうさまっ」%K%P
「あらあら、まあまあ、ほんとに全部綺麗にお召し上がりになったのですね。今日のチキンサンド、結構量がありましたのに」%K%P
「あらあら、まあまあ、ほんとに全部綺麗にお召し上がりになったのですね。今日のチキンサンド、結構量がありましたのに」%K%P
「そう？　奏さんから貰った分で、ちょうどって感じだったけど……ねえ、お腹空いてない？」%K%P
「そう？　奏さんから貰った分で、ちょうどって感じだったけど……ねえ、お腹空いてない？」%K%P
三切れあるサンドウィッチの内、二つを食べた奏さんが、お腹いっぱいと言って、僕に譲ってくれた。%K%P
三切れあるサンドウィッチの内、二つを食べた奏さんが、お腹いっぱいと言って、僕に譲ってくれた。%K%P
「充分ですわ。今日は体育の授業もありませんし……それに、もともと{健啖:けんたん}な方ではありませんし」%K%P
「充分ですわ。今日は体育の授業もありませんし……それに、もともと{健啖:けんたん}な方ではありませんし」%K%P
「あう、それじゃ私がいっぱい食べる人みたい。普通だと思うんだけどなぁ」%K%P
「あう、それじゃ私がいっぱい食べる人みたい。普通だと思うんだけどなぁ」%K%P
……まあ健康優良な男児としての普通なんだろうけど。%K%P
……まあ健康優良な男児としての普通なんだろうけど。%K%P
「ふふ、いっぱい食べる方、私は好きですわよ？」%K%P
「ふふ、いっぱい食べる方、私は好きですわよ？」%K%P
「えっ？　あ、そ、そう……えっと、ありがとうでいいのかな」%K%P
「えっ？　あ、そ、そう……えっと、ありがとうでいいのかな」%K%P
この好きもライクなんだろうけど……なんていうか、奏さんの言葉には敏感に反応してしまう。%K%P
この好きもライクなんだろうけど……なんていうか、奏さんの言葉には敏感に反応してしまう。%K%P
「はい。それじゃ、食いしん坊のいずみさんに、お待ちかねの…………さあ、召し上がれ」%K%P
「はい。それじゃ、食いしん坊のいずみさんに、お待ちかねの…………さあ、召し上がれ」%K%P
「だから食いしん坊じゃ…………わあっ、き、綺麗っ」%K%P
「だから食いしん坊じゃ…………わあっ、き、綺麗っ」%K%P
膝の上にバスケットを置き、蓋を開ける。中から、色とりどりに飾られた、お菓子が顔を覗かせる。%K%P
膝の上にバスケットを置き、蓋を開ける。中から、色とりどりに飾られた、お菓子が顔を覗かせる。%K%P
「ピンクとか、白とか……わ、この緑のなんて、エメラルドみたい……すごい、宝石箱のよう」%K%P
「ピンクとか、白とか……わ、この緑のなんて、エメラルドみたい……すごい、宝石箱のよう」%K%P
「もういずみさんたら、褒めすぎですわ。白いのはピーナッツクリームのビスコッティ、ピンクはカシスクリームでコーティングしたクッキー」%K%P
「もういずみさんたら、褒めすぎですわ。白いのはピーナッツクリームのビスコッティ、ピンクはカシスクリームでコーティングしたクッキー」%K%P
「緑のは、メロンシロップと豆乳でつくったクッキーですわ。なかでも、今日一番のオススメは……こちらの、チョコタルトですの」%K%P
「緑のは、メロンシロップと豆乳でつくったクッキーですわ。なかでも、今日一番のオススメは……こちらの、チョコタルトですの」%K%P
ほっそらとした奏さんの指が指し示す先、そこには、艶々と光り輝く、チョコタルトがあった。%K%P
ほっそらとした奏さんの指が指し示す先、そこには、艶々と光り輝く、チョコタルトがあった。%K%P
「た、たしかに美味しそう……うう、それじゃいただきます」%K%P
「た、たしかに美味しそう……うう、それじゃいただきます」%K%P
「あん、いずみさん、お待ち下さい。もっと美味しくなるおまじないがあるんです」%K%P
「あん、いずみさん、お待ち下さい。もっと美味しくなるおまじないがあるんです」%K%P
「おまじない？　このままでも充分美味しそうだけど……あ、あの」%K%P
「おまじない？　このままでも充分美味しそうだけど……あ、あの」%K%P
「はい。けど……どうせなら一番の物をいずみさんに食べて頂きたくて……駄目でしょうか？」%K%P
「はい。けど……どうせなら一番の物をいずみさんに食べて頂きたくて……駄目でしょうか？」%K%P
僕を覗き込むようにして微笑む奏さん。甘いタルトの香りと、もっと甘い奏さんの香りが混じる。%K%P
僕を覗き込むようにして微笑む奏さん。甘いタルトの香りと、もっと甘い奏さんの香りが混じる。%K%P
ちらりと覗く白い歯と、桜色の舌……とくん、と僕の中の男性が反応した。%K%P
ちらりと覗く白い歯と、桜色の舌……とくん、と僕の中の男性が反応した。%K%P
「だ、駄目じゃないけど……」%K%P
「だ、駄目じゃないけど……」%K%P
「駄目じゃないってことは、いいってことですわよね？　それでは……はい、いずみさん」%K%P
「駄目じゃないってことは、いいってことですわよね？　それでは……はい、いずみさん」%K%P
奏さんがチョコタルトを手に取り、僕の口元に近づける――え、これって、一体……%K%P
奏さんがチョコタルトを手に取り、僕の口元に近づける――え、これって、一体……%K%P
「作った人の手で、食べさせて貰う……これが美味しくなるおまじないなんです。さあ、いずみさん、あーん、ですわよ」%K%P
「作った人の手で、食べさせて貰う……これが美味しくなるおまじないなんです。さあ、いずみさん、あーん、ですわよ」%K%P
「ええ！？　あ、あーんって……いや、ここは学園だし、周りに人もいるし、そのあのえっと……」%K%P
「ええ！？　あ、あーんって……いや、ここは学園だし、周りに人もいるし、そのあのえっと……」%K%P
自分でもみっともないくらいに取り乱してしまう。%K%P
自分でもみっともないくらいに取り乱してしまう。%K%P
だって女の子に食べさせて貰うなんて、初めてのことだし……それもこんなに可愛い子にだなんて。%K%P
だって女の子に食べさせて貰うなんて、初めてのことだし……それもこんなに可愛い子にだなんて。%K%P
「いずみさん、気になさらないで。別にいかがわしいことをしているわけではありませんのよ？」%K%P
「いずみさん、気になさらないで。別にいかがわしいことをしているわけではありませんのよ？」%K%P
「それに、私たち、女の子同士じゃありませんか？　ね、よろしいでしょう？」%K%P
「それに、私たち、女の子同士じゃありませんか？　ね、よろしいでしょう？」%K%P
うう、頑なに拒否すると、疑われてしまうかもしれないし……%K%P
うう、頑なに拒否すると、疑われてしまうかもしれないし……%K%P
タルトが唇に触れる。この鼻に抜けるような香り……お酒？%K%P
タルトが唇に触れる。この鼻に抜けるような香り……お酒？%K%P
「あ、えと……こ、これってお酒が入っているの？」%K%P
「あ、えと……こ、これってお酒が入っているの？」%K%P
「はい、ブランデーが入っています。といっても香り付け程度ですから、酔うようなことはありませんわ」%K%P
「はい、ブランデーが入っています。といっても香り付け程度ですから、酔うようなことはありませんわ」%K%P
「お酒に酔ってしまって歌のレッスンが出来ないなんてなれば……困りますからね、うふふふ。さあ、召し上がってくださいな」%K%P
「お酒に酔ってしまって歌のレッスンが出来ないなんてなれば……困りますからね、うふふふ。さあ、召し上がってくださいな」%K%P
「あ、うん。それじゃ……あむっ……あん……」%K%P
「あ、うん。それじゃ……あむっ……あん……」%K%P
覚悟を決めて、タルトにぱくつく。奏さんの指先が唇に触れてしまう。%K%P
覚悟を決めて、タルトにぱくつく。奏さんの指先が唇に触れてしまう。%K%P
思わず溢れた声は、快感からか、美味しさからなのか――自分でも分からない。%K%P
思わず溢れた声は、快感からか、美味しさからなのか――自分でも分からない。%K%P
「……どう、ですか？　お口に合えばよろしいのですが」%K%P
「……どう、ですか？　お口に合えばよろしいのですが」%K%P
「……んん、んん…………こ、これは…………おいしい、とっても美味しいよっ」%K%P
「……んん、んん…………こ、これは…………おいしい、とっても美味しいよっ」%K%P
甘美な唇への刺激がうすれ、タルトのうま味が口に拡がっていく。%K%P
甘美な唇への刺激がうすれ、タルトのうま味が口に拡がっていく。%K%P
チョコレートが蕩けて、舌の上を転がる……なんだろう、これ？%K%P
チョコレートが蕩けて、舌の上を転がる……なんだろう、これ？%K%P
「チョコがとろとろで……んん、すごい、溶けちゃうみたい」%K%P
「チョコがとろとろで……んん、すごい、溶けちゃうみたい」%K%P
「そうでしょう？　それ、お店にあった、とっておきの生チョコレートを使いましたの。お父様には内緒ですけどね、うふふふ」%K%P
「そうでしょう？　それ、お店にあった、とっておきの生チョコレートを使いましたの。お父様には内緒ですけどね、うふふふ」%K%P
「えー、お父さん困っちゃうんじゃない？　あのチョコレートはどこにいったんだーって」%K%P
「えー、お父さん困っちゃうんじゃない？　あのチョコレートはどこにいったんだーって」%K%P
「かも知れませんわね。見つかったら怒られちゃいますから……いずみさん、これ、二人だけの秘密ですわよ？」%K%P
「かも知れませんわね。見つかったら怒られちゃいますから……いずみさん、これ、二人だけの秘密ですわよ？」%K%P
小さく舌を出して、笑う奏さん。お淑やかな彼女の、意外な仕草が、目に焼き付いた。%K%P
小さく舌を出して、笑う奏さん。お淑やかな彼女の、意外な仕草が、目に焼き付いた。%K%P
奏さんのチョコタルトは、ほんとうに美味しくて、いくら食べても飽きない。%K%P
奏さんのチョコタルトは、ほんとうに美味しくて、いくら食べても飽きない。%K%P
普通、チョコレートって胸焼けするんだけど……やっぱり高級品だから？　それとも奏さんが作ってくれたからだろうか。%K%P
普通、チョコレートって胸焼けするんだけど……やっぱり高級品だから？　それとも奏さんが作ってくれたからだろうか。%K%P
「んん、んん……ん、自分で言うのもおこがましいかもしれませんが、今日のタルトは本当に良くできました。ついつい手が伸びてしまいますわ」%K%P
「んん、んん……ん、自分で言うのもおこがましいかもしれませんが、今日のタルトは本当に良くできました。ついつい手が伸びてしまいますわ」%K%P
「あはは、これだけ美味しければしょうがないよ。ん……あれ、奏さん、ほっぺのところ何かついてる。黒いからチョコかな？」%K%P
「あはは、これだけ美味しければしょうがないよ。ん……あれ、奏さん、ほっぺのところ何かついてる。黒いからチョコかな？」%K%P
「あらやだ、私ったら。ええと、この辺りかしら……んん……取れました？」%K%P
「あらやだ、私ったら。ええと、この辺りかしら……んん……取れました？」%K%P
「うん、もう大丈夫って……あっ」%K%P
「うん、もう大丈夫って……あっ」%K%P
指先が頬をなぞり、黒い物を拭い去る。そして、その指先をふっくらとした唇がくわえ込んだ。%K%P
指先が頬をなぞり、黒い物を拭い去る。そして、その指先をふっくらとした唇がくわえ込んだ。%K%P
白い指先と桜色の唇、そのコントラストが艶めかしかった。%K%P
白い指先と桜色の唇、そのコントラストが艶めかしかった。%K%P
「……んちゅ……ん、チョコですわね。あら、いずみさんも」%K%P
「……んちゅ……ん、チョコですわね。あら、いずみさんも」%K%P
「えっ？　あ、わ、私もどうかした？　へ、変な顔してた？」%K%P
「えっ？　あ、わ、私もどうかした？　へ、変な顔してた？」%K%P
「ふふ、お顔は変らず愛らしいですわよ。そうではなくて、ほっぺた……私とお揃いになっていますわ」%K%P
「ふふ、お顔は変らず愛らしいですわよ。そうではなくて、ほっぺた……私とお揃いになっていますわ」%K%P
「あ、愛らしいだなんて……あぅ……えっと、ど、どこかな」%K%P
「あ、愛らしいだなんて……あぅ……えっと、ど、どこかな」%K%P
男なのに、愛らしいなんて……うう、どうも奏さんと一緒だとペースが崩れるっていうか。%K%P
男なのに、愛らしいなんて……うう、どうも奏さんと一緒だとペースが崩れるっていうか。%K%P
けど、こんなのも悪くない……ううん、いいかも。%K%P
けど、こんなのも悪くない……ううん、いいかも。%K%P
「ああん、かえって汚れてしまいますわ。じっとしていてくださいな、私が……」%K%P
「ああん、かえって汚れてしまいますわ。じっとしていてくださいな、私が……」%K%P
「う、うん、お願い…………えっ？」%K%P
「う、うん、お願い…………えっ？」%K%P
奏さんが僕に身体を寄せる――指先ではなく、唇が、舌が、頬に振れる。%K%P
奏さんが僕に身体を寄せる――指先ではなく、唇が、舌が、頬に振れる。%K%P
うそ、なんで……%K%P
うそ、なんで……%K%P
「……んちゅ……ちゅ……んん」%K%P
「……んちゅ……ちゅ……んん」%K%P
「か、奏さん？　ちょ、ちょっとなにを……んぅっ」%K%P
「か、奏さん？　ちょ、ちょっとなにを……んぅっ」%K%P
「もう、うごかないでくださいな……んちゅ……チョコ……取れませんわよ？」%K%P
「もう、うごかないでくださいな……んちゅ……チョコ……取れませんわよ？」%K%P
吐息混じりの声音。取れたてのフルーツのような、爽やかで甘い香り。しっとりとして、滑らかな舌。%K%P
吐息混じりの声音。取れたてのフルーツのような、爽やかで甘い香り。しっとりとして、滑らかな舌。%K%P
一体なにが起こってるのか……甘美な刺激に身体を動かすことも出来ない。%K%P
一体なにが起こってるのか……甘美な刺激に身体を動かすことも出来ない。%K%P
「……ふふ、あまい、ですわ…………んちゅ」%K%P
「……ふふ、あまい、ですわ…………んちゅ」%K%P
「もう、大丈夫……とれましたから、いずみさん」%K%P
「もう、大丈夫……とれましたから、いずみさん」%K%P
つっと奏さんの舌が、僕の頬から離れる。微かな水音に、興奮を覚えた。%K%P
つっと奏さんの舌が、僕の頬から離れる。微かな水音に、興奮を覚えた。%K%P
「ん、綺麗になりましたわ。{歌姫:ディーバ}が頬にチョコを付けていたのでは、格好がつきませんものね、うふふ」%K%P
「ん、綺麗になりましたわ。{歌姫:ディーバ}が頬にチョコを付けていたのでは、格好がつきませんものね、うふふ」%K%P
「…………あ、えっと……と、とりあえず、ありがとう」%K%P
「…………あ、えっと……と、とりあえず、ありがとう」%K%P
僕の言葉に小さく頷く奏さん。邪気のない笑顔はいつも通り……さっきのは夢だったんだろうか？%K%P
僕の言葉に小さく頷く奏さん。邪気のない笑顔はいつも通り……さっきのは夢だったんだろうか？%K%P
そっと指先を頬に触れさせる。%K%P
そっと指先を頬に触れさせる。%K%P
仄かな温かさと確かな湿り気が、夢でないことを意識させた。%K%P
仄かな温かさと確かな湿り気が、夢でないことを意識させた。%K%P
「あの、でも、なんで指じゃなくて……その、舌でとったの？」%K%P
「あの、でも、なんで指じゃなくて……その、舌でとったの？」%K%P
「指じゃなくて？　ああ、そうでしたわね、こうしたほうが早くて、綺麗に取れると思ったもので」%K%P
「指じゃなくて？　ああ、そうでしたわね、こうしたほうが早くて、綺麗に取れると思ったもので」%K%P
「考えてみれば、少々はしたなかったかしら……ふふふ、ごめんなさい」%K%P
「考えてみれば、少々はしたなかったかしら……ふふふ、ごめんなさい」%K%P
奏さんの澄んだ白目の部分に、赤みが差す。%K%P
奏さんの澄んだ白目の部分に、赤みが差す。%K%P
「調理中に味見をするときなどは、いつも舐めてしてるんです。それが癖になっているみたいですの」%K%P
「調理中に味見をするときなどは、いつも舐めてしてるんです。それが癖になっているみたいですの」%K%P
「あ、そうだったんだね。確かに、舌って敏感だものね、えへへ」%K%P
「あ、そうだったんだね。確かに、舌って敏感だものね、えへへ」%K%P
「ええ、ほんの僅かな味の違いも分かりますから……そういった意味では……美味だったかもしれません、なんて、ふふふ」%K%P
「ええ、ほんの僅かな味の違いも分かりますから……そういった意味では……美味だったかもしれません、なんて、ふふふ」%K%P
……なにが美味だったんだろう。%K%P
……なにが美味だったんだろう。%K%P
うう、奏さんの目を見れない。けど目線を下げると、唇が視界に入ってきて……静まれ、僕。%K%P
うう、奏さんの目を見れない。けど目線を下げると、唇が視界に入ってきて……静まれ、僕。%K%P
「やだ、いずみさんったら」%K%P
「やだ、いずみさんったら」%K%P
「ええ！？　な、なにがですか？　だ、大丈夫なはずですけど」%K%P
「ええ！？　な、なにがですか？　だ、大丈夫なはずですけど」%K%P
「大丈夫じゃありませんわ、もう」%K%P
「大丈夫じゃありませんわ、もう」%K%P
奏さんが僕に近づく。耳元で囁く声は、そろりそろりと脳みそに染みこんでくるみたいだ。%K%P
奏さんが僕に近づく。耳元で囁く声は、そろりそろりと脳みそに染みこんでくるみたいだ。%K%P
「お顔真っ赤ですわ？　ほら、ここも」%K%P
「お顔真っ赤ですわ？　ほら、ここも」%K%P
「あんっ、指でなんて……か、奏さんたら……ブランデーのせい、かな、あはは」%K%P
「あんっ、指でなんて……か、奏さんたら……ブランデーのせい、かな、あはは」%K%P
「ふふふ、お酒、弱いんですのね？　次は、もう少し軽めの物でお作りしますわ」%K%P
「ふふふ、お酒、弱いんですのね？　次は、もう少し軽めの物でお作りしますわ」%K%P
奏さんの笑い声が耳をくすぐる。%K%P
奏さんの笑い声が耳をくすぐる。%K%P
アルコールが入って無くても、きっと僕は真っ赤になってしまっただろう。%K%P
アルコールが入って無くても、きっと僕は真っ赤になってしまっただろう。%K%P
