「……そろそろ換気も出来たかな？　楓、そっちはどう？」%K%P
「……そろそろ換気も出来たかな？　楓、そっちはどう？」%K%P
「…………床掃除は終わった……多分、大丈夫」%K%P
「…………床掃除は終わった……多分、大丈夫」%K%P
二人で手分けして、僕らの跡を片付けた。%K%P
二人で手分けして、僕らの跡を片付けた。%K%P
アリアも終わり、明日からはこの音楽室も一般の学生が使用するだろうしね。%K%P
アリアも終わり、明日からはこの音楽室も一般の学生が使用するだろうしね。%K%P
「どれどれ……ん、いいんじゃないかな？　楓、そろそろ終わりにしようよ」%K%P
「どれどれ……ん、いいんじゃないかな？　楓、そろそろ終わりにしようよ」%K%P
「ん…………」%K%P
「ん…………」%K%P
「……ちょっと楓、どうしたのさ、こっち向いてよ」%K%P
「……ちょっと楓、どうしたのさ、こっち向いてよ」%K%P
楓はさっきから僕の方を全然見ない。なにか怒らせるようなことしちゃったかな？%K%P
楓はさっきから僕の方を全然見ない。なにか怒らせるようなことしちゃったかな？%K%P
僕は楓の前に回り込んだ。%K%P
僕は楓の前に回り込んだ。%K%P
「な、なな、なっ！」%K%P
「な、なな、なっ！」%K%P
「なに驚いてるの？　もう、僕の方ちゃんと見てよ」%K%P
「なに驚いてるの？　もう、僕の方ちゃんと見てよ」%K%P
「うぅ、だ、だって……か、顔、のぞかないで……やだ……うぅ」%K%P
「うぅ、だ、だって……か、顔、のぞかないで……やだ……うぅ」%K%P
手の平を合わせて、もじもじとしている楓。なんとも珍しい光景だ。%K%P
手の平を合わせて、もじもじとしている楓。なんとも珍しい光景だ。%K%P
「司……さっきの私……はしたなかったでしょ？」%K%P
「司……さっきの私……はしたなかったでしょ？」%K%P
「その、トンデモ無い事を口走ったり……あ、ありえない、事をしたりで……」%K%P
「その、トンデモ無い事を口走ったり……あ、ありえない、事をしたりで……」%K%P
「さっきのことっていうと……どんどん大きくなってるとか、離れないで、このまま欲しいとか、自分から僕の上に乗ったこととか？」%K%P
「さっきのことっていうと……どんどん大きくなってるとか、離れないで、このまま欲しいとか、自分から僕の上に乗ったこととか？」%K%P
「わ、私、そ、そんなことまで！？」%K%P
「わ、私、そ、そんなことまで！？」%K%P
「や、やめてっ！　あああ～～～もう、恥ずかしいっ、恥ずかしくて、どうにかなりそうっ」%K%P
「や、やめてっ！　あああ～～～もう、恥ずかしいっ、恥ずかしくて、どうにかなりそうっ」%K%P
ブンブンと頭を振って、楓が叫ぶ――これも、レアな光景だよね。%K%P
ブンブンと頭を振って、楓が叫ぶ――これも、レアな光景だよね。%K%P
今日だけで、楓の初めてを沢山知ったなぁ。%K%P
今日だけで、楓の初めてを沢山知ったなぁ。%K%P
「うぅう、もう、こんな私じゃ……司の恋人失格だ……呆れちゃったでしょ、司？」%K%P
「うぅう、もう、こんな私じゃ……司の恋人失格だ……呆れちゃったでしょ、司？」%K%P
「真面目で、頑張り屋で、素晴らしい歌を歌う司には、私は似合わない……彼女失格だよね」%K%P
「真面目で、頑張り屋で、素晴らしい歌を歌う司には、私は似合わない……彼女失格だよね」%K%P
「嫌いに……なっちゃったでしょ？　ううん、なったはず」%K%P
「嫌いに……なっちゃったでしょ？　ううん、なったはず」%K%P
「ふふ、ふふふ……あはははっ」%K%P
「ふふ、ふふふ……あはははっ」%K%P
「な、なにがおかしいんだ、司。私は真面目な話をしてるのにっ」%K%P
「な、なにがおかしいんだ、司。私は真面目な話をしてるのにっ」%K%P
「い、いや。確かに、楓の見たことのない顔を沢山見て、知らない君の部分を知ったけどさ」%K%P
「い、いや。確かに、楓の見たことのない顔を沢山見て、知らない君の部分を知ったけどさ」%K%P
「そうやって自分自身で暴走して、自滅しちゃうところは、いつもの君なんだって思ったら……安心して笑っちゃった」%K%P
「そうやって自分自身で暴走して、自滅しちゃうところは、いつもの君なんだって思ったら……安心して笑っちゃった」%K%P
僕は楓に近づき、頭をそっと撫でる。%K%P
僕は楓に近づき、頭をそっと撫でる。%K%P
「あっ……んぅ……」%K%P
「あっ……んぅ……」%K%P
「呆れてなんてないよ。僕にだけ見せてくれたんでしょう？」%K%P
「呆れてなんてないよ。僕にだけ見せてくれたんでしょう？」%K%P
「んぅ……も、もちろん……誰もこんな私を知らないから」%K%P
「んぅ……も、もちろん……誰もこんな私を知らないから」%K%P
少し乱れていた髪を、手ぐしで整えていく。%K%P
少し乱れていた髪を、手ぐしで整えていく。%K%P
ウイッグをお手入れしてきたせいか、この程度の事は、お手の物だ。%K%P
ウイッグをお手入れしてきたせいか、この程度の事は、お手の物だ。%K%P
「髪、気持ち良い……誰かに触られるのって、凄く安心する」%K%P
「髪、気持ち良い……誰かに触られるのって、凄く安心する」%K%P
「でしょ？　楓の髪は素直で、質がいいから、お手入れのしがいがある」%K%P
「でしょ？　楓の髪は素直で、質がいいから、お手入れのしがいがある」%K%P
僕の胸元にそっと手を置く楓。%K%P
僕の胸元にそっと手を置く楓。%K%P
わかるかな……僕は、いま、こんなにもドキドキしてるんだよ？%K%P
わかるかな……僕は、いま、こんなにもドキドキしてるんだよ？%K%P
「んもう……あなたは、幸運の女神だね」%K%P
「んもう……あなたは、幸運の女神だね」%K%P
「僕が、女神？」%K%P
「僕が、女神？」%K%P
「そう。剣の迷いを断ち切り、勝利をもたらしてくれて、最後は……恋人にまでなってくれて」%K%P
「そう。剣の迷いを断ち切り、勝利をもたらしてくれて、最後は……恋人にまでなってくれて」%K%P
楓の声音が湿り気を帯びる。%K%P
楓の声音が湿り気を帯びる。%K%P
普段は涼やかな瞳が、ゆらゆらと揺れていた。%K%P
普段は涼やかな瞳が、ゆらゆらと揺れていた。%K%P
「ふふ、褒めすぎなような気がするけど……いまは素直に受け取っておくから」%K%P
「ふふ、褒めすぎなような気がするけど……いまは素直に受け取っておくから」%K%P
「うん、そうして欲しい」%K%P
「うん、そうして欲しい」%K%P
「けど……ふふふ、女神はどうかな？」%K%P
「けど……ふふふ、女神はどうかな？」%K%P
「いいんだ。今のあなたはどこからどう見ても、女神でしょう？」%K%P
「いいんだ。今のあなたはどこからどう見ても、女神でしょう？」%K%P
「あはは、違いない」%K%P
「あはは、違いない」%K%P
遠くから園内放送が聞こえてくる。%K%P
遠くから園内放送が聞こえてくる。%K%P
そろそろ祝賀会が始まる時間らしい。%K%P
そろそろ祝賀会が始まる時間らしい。%K%P
「行こうか楓。主役がいないんじゃ、始まらないからね」%K%P
「行こうか楓。主役がいないんじゃ、始まらないからね」%K%P
「うん…………つぅっ」%K%P
「うん…………つぅっ」%K%P
「あっ、やっぱり無理したから……それじゃ、お手をどうぞ姫様」%K%P
「あっ、やっぱり無理したから……それじゃ、お手をどうぞ姫様」%K%P
「あなたが姫でしょう？」%K%P
「あなたが姫でしょう？」%K%P
「今は、今だけは、僕が君の{騎士:ワルキュリア}さ……ほら、握って」%K%P
「今は、今だけは、僕が君の{騎士:ワルキュリア}さ……ほら、握って」%K%P
「ふふ……キザだね。それじゃ……よろしくね、私の{騎士:ワルキュリア}様」%K%P
「ふふ……キザだね。それじゃ……よろしくね、私の{騎士:ワルキュリア}様」%K%P
