なんだか美琴さんの様子がおかしい……気がする。%K%P
なんだか美琴さんの様子がおかしい……気がする。%K%P
僕の勘違いならいいけど、もし体調を崩してるのなら問題だしなぁ……。%K%P
僕の勘違いならいいけど、もし体調を崩してるのなら問題だしなぁ……。%K%P
今も心ここにあらずで、ぼ～っとしているみたいだった。%K%P
今も心ここにあらずで、ぼ～っとしているみたいだった。%K%P
「み、美琴さん……？」%K%P
「み、美琴さん……？」%K%P
「……ふぇ？」%K%P
「……ふぇ？」%K%P
僕に声を掛けられて正気付いたようにキョトンとした。%K%P
僕に声を掛けられて正気付いたようにキョトンとした。%K%P
こちらをチラリと見た途端、美琴さんの視線が落ち着かなくなる。%K%P
こちらをチラリと見た途端、美琴さんの視線が落ち着かなくなる。%K%P
なんだか気まずそうにしている。%K%P
なんだか気まずそうにしている。%K%P
「大丈夫？」%K%P
「大丈夫？」%K%P
「な、なにが？」%K%P
「な、なにが？」%K%P
「朝から落ち着きがないよ。かと思えば急にぼ～っとしたりもするし」%K%P
「朝から落ち着きがないよ。かと思えば急にぼ～っとしたりもするし」%K%P
「ん～、えっと、なんでもないから」%K%P
「ん～、えっと、なんでもないから」%K%P
とてもそうは見えないから僕も綾香さんも心配しているんだけどな。%K%P
とてもそうは見えないから僕も綾香さんも心配しているんだけどな。%K%P
「もしかして寝不足？」%K%P
「もしかして寝不足？」%K%P
「……それは少しあるかも」%K%P
「……それは少しあるかも」%K%P
「病気とかじゃないよね」%K%P
「病気とかじゃないよね」%K%P
「うん、それは大丈夫。いたって健康よ」%K%P
「うん、それは大丈夫。いたって健康よ」%K%P
心なしか美琴さんの顔が赤い気がする。%K%P
心なしか美琴さんの顔が赤い気がする。%K%P
深刻というほどでもないけど、普通じゃないのも確かだし……。%K%P
深刻というほどでもないけど、普通じゃないのも確かだし……。%K%P
いったいどうしちゃったんだろう。%K%P
いったいどうしちゃったんだろう。%K%P
「そ、そうだ。身体を動かせば頭もしゃっきりするかも！」%K%P
「そ、そうだ。身体を動かせば頭もしゃっきりするかも！」%K%P
「ねぇ、綾香。放課後、剣戟の練習に付き合って貰えるかな」%K%P
「ねぇ、綾香。放課後、剣戟の練習に付き合って貰えるかな」%K%P
「それは構わないけど。本当に身体の調子は悪くないのね？」%K%P
「それは構わないけど。本当に身体の調子は悪くないのね？」%K%P
「うん。むしろ今は一心不乱に身体を動かしたいくらいよ」%K%P
「うん。むしろ今は一心不乱に身体を動かしたいくらいよ」%K%P
「ならいいわ。わたしで良ければお手伝いするね」%K%P
「ならいいわ。わたしで良ければお手伝いするね」%K%P
「ありがと」%K%P
「ありがと」%K%P
二人の間で約束が交わされた。%K%P
二人の間で約束が交わされた。%K%P
綾香さんも美琴さんも候補生に選ばれるほどの人物だ。その練習はかなり熱の入ったものになるだろう。%K%P
綾香さんも美琴さんも候補生に選ばれるほどの人物だ。その練習はかなり熱の入ったものになるだろう。%K%P
となると僕も思うところがある。%K%P
となると僕も思うところがある。%K%P
今まで何度も差し入れをしてくれた二人に、今度は僕がお返しする番じゃないかな。%K%P
今まで何度も差し入れをしてくれた二人に、今度は僕がお返しする番じゃないかな。%K%P
（僕の腕じゃ手作りはハードルが高いから……スポーツドリンク辺りなら無難かも……）%K%P
（僕の腕じゃ手作りはハードルが高いから……スポーツドリンク辺りなら無難かも……）%K%P
よし、ここは一つ、いきなり差し入れを持っていってビックリさせてみようかな？%K%P
よし、ここは一つ、いきなり差し入れを持っていってビックリさせてみようかな？%K%P
これで僕の放課後の予定も決まった。%K%P
これで僕の放課後の予定も決まった。%K%P
放課後。%K%P
放課後。%K%P
建物の壁からこっそり首だけ出してグランドを窺う。%K%P
建物の壁からこっそり首だけ出してグランドを窺う。%K%P
「お、いたいた」%K%P
「お、いたいた」%K%P
美琴さんが演舞のように槍を振るい、その傍らで綾香さんが動きのチェックをしているようだった。%K%P
美琴さんが演舞のように槍を振るい、その傍らで綾香さんが動きのチェックをしているようだった。%K%P
美琴さんは真剣な顔つきで、何度も型を繰り返している。%K%P
美琴さんは真剣な顔つきで、何度も型を繰り返している。%K%P
「ふっ、はっ、せい！」%K%P
「ふっ、はっ、せい！」%K%P
槍の真ん中当たりを軽く握っている手は槍の軌道を安定させるためのガイドリングの役目をしているようだ。%K%P
槍の真ん中当たりを軽く握っている手は槍の軌道を安定させるためのガイドリングの役目をしているようだ。%K%P
力強く攻撃するたびに手の中で槍がスライドしている。%K%P
力強く攻撃するたびに手の中で槍がスライドしている。%K%P
槍を突いたり引いたりする動作は石突きの辺りをしっかり握った反対の手で行われていた。%K%P
槍を突いたり引いたりする動作は石突きの辺りをしっかり握った反対の手で行われていた。%K%P
穂先は常に緩い角度で斜め下に向けられている。%K%P
穂先は常に緩い角度で斜め下に向けられている。%K%P
槍術のことはまるで分らない僕だけど、どうやら槍のリーチを生かして相手の下半身を攻めるのが基本動作らしいことは分かった。%K%P
槍術のことはまるで分らない僕だけど、どうやら槍のリーチを生かして相手の下半身を攻めるのが基本動作らしいことは分かった。%K%P
アリアは対戦相手が徒歩だからそうなるのかな？%K%P
アリアは対戦相手が徒歩だからそうなるのかな？%K%P
時折、クルリと素早く穂先が円を描くのは、たぶん相手の武器を絡めてはたき落とすための動きなんだろう。%K%P
時折、クルリと素早く穂先が円を描くのは、たぶん相手の武器を絡めてはたき落とすための動きなんだろう。%K%P
（か、格好いい……！）%K%P
（か、格好いい……！）%K%P
今は女の子のフリをしているけど、中身は僕も男なわけで、武器には理屈抜きに来るものがある。%K%P
今は女の子のフリをしているけど、中身は僕も男なわけで、武器には理屈抜きに来るものがある。%K%P
こうなんていうか、拳をグッと握ってワクワクしてしまうんだよね。%K%P
こうなんていうか、拳をグッと握ってワクワクしてしまうんだよね。%K%P
「……ふぅ、どんな感じ？」%K%P
「……ふぅ、どんな感じ？」%K%P
「体幹にブレもないし、しっかり腰も据わっているわよ」%K%P
「体幹にブレもないし、しっかり腰も据わっているわよ」%K%P
「なによ、全然調子いいじゃない」%K%P
「なによ、全然調子いいじゃない」%K%P
綾香さんがうれしそうに微笑んでいる。%K%P
綾香さんがうれしそうに微笑んでいる。%K%P
どうやら美琴さんの体調不良って線は消えたようだ。%K%P
どうやら美琴さんの体調不良って線は消えたようだ。%K%P
そうなると、あの様子がおかしかったのは何が原因なのかな。%K%P
そうなると、あの様子がおかしかったのは何が原因なのかな。%K%P
「次は一本おねがい」%K%P
「次は一本おねがい」%K%P
「任せて」%K%P
「任せて」%K%P
二人は軽く距離を取って相対すると武器を構える。%K%P
二人は軽く距離を取って相対すると武器を構える。%K%P
対戦形式の練習なのかな？%K%P
対戦形式の練習なのかな？%K%P
「行くよ！」%K%P
「行くよ！」%K%P
素早くステップインしながらフェンシングのように剣を突き出す。%K%P
素早くステップインしながらフェンシングのように剣を突き出す。%K%P
しかし、あきらかに間合いが足りない。最初から牽制目的なのだろう。%K%P
しかし、あきらかに間合いが足りない。最初から牽制目的なのだろう。%K%P
「ふっ、はっ」%K%P
「ふっ、はっ」%K%P
美琴さんは落ち着いて槍でさばく。%K%P
美琴さんは落ち着いて槍でさばく。%K%P
どっしりと構えて、ステップワークを使う気配はない。%K%P
どっしりと構えて、ステップワークを使う気配はない。%K%P
綾香さんが立て続けに攻撃を繰り返す。%K%P
綾香さんが立て続けに攻撃を繰り返す。%K%P
二段、三段とフェイントを交えた連続技が増えていくのが僕にも分かる。%K%P
二段、三段とフェイントを交えた連続技が増えていくのが僕にも分かる。%K%P
「ふっ、ふっ、やあっ！」%K%P
「ふっ、ふっ、やあっ！」%K%P
左右にも素早く踏み込みを繰り返し、美琴さんを揺さぶり続ける。%K%P
左右にも素早く踏み込みを繰り返し、美琴さんを揺さぶり続ける。%K%P
で、さっきから綾香さんが攻めるばかりで、美琴さんは反撃しようとしない。%K%P
で、さっきから綾香さんが攻めるばかりで、美琴さんは反撃しようとしない。%K%P
ずっと攻撃をさばくことに集中しているみたいだ。%K%P
ずっと攻撃をさばくことに集中しているみたいだ。%K%P
つまり、これは防御の練習なのかな？%K%P
つまり、これは防御の練習なのかな？%K%P
もうちょっと近くで見てみたいな。%K%P
もうちょっと近くで見てみたいな。%K%P
差し入れで持ってきたペットボトルも渡したいし、邪魔をしないようにそっと近づく。%K%P
差し入れで持ってきたペットボトルも渡したいし、邪魔をしないようにそっと近づく。%K%P
「せい！」%K%P
「せい！」%K%P
「っと！」%K%P
「っと！」%K%P
槍と剣が弾け合う鋭い残響が途切れない。%K%P
槍と剣が弾け合う鋭い残響が途切れない。%K%P
的確で素早い攻防の連続に思わず感嘆の息が漏れる。%K%P
的確で素早い攻防の連続に思わず感嘆の息が漏れる。%K%P
「凄いな……」%K%P
「凄いな……」%K%P
「！？」%K%P
「！？」%K%P
一瞬、美琴さんの動きが止まった。%K%P
一瞬、美琴さんの動きが止まった。%K%P
次の瞬間、綾香さんの剣を受け流し損ねて美琴さんは槍を取り落としてしまう。%K%P
次の瞬間、綾香さんの剣を受け流し損ねて美琴さんは槍を取り落としてしまう。%K%P
「はい、一本ね」%K%P
「はい、一本ね」%K%P
「え、あ……っ」%K%P
「え、あ……っ」%K%P
自分の両手と、振り返って僕の姿とを交互に見た。%K%P
自分の両手と、振り返って僕の姿とを交互に見た。%K%P
「い、いずみさん……っ、いつからそこに……っ」%K%P
「い、いずみさん……っ、いつからそこに……っ」%K%P
「いま来たところだけど……」%K%P
「いま来たところだけど……」%K%P
「ごめん、なんかビックリさせちゃったみたいだね」%K%P
「ごめん、なんかビックリさせちゃったみたいだね」%K%P
「え、いや、別にそんなことは……」%K%P
「え、いや、別にそんなことは……」%K%P
さっきまでは普通だったのに僕の姿を認めた途端、しどろもどろになって紅潮していた。%K%P
さっきまでは普通だったのに僕の姿を認めた途端、しどろもどろになって紅潮していた。%K%P
綾香さんは地面の槍を拾って美琴さんに手渡す。%K%P
綾香さんは地面の槍を拾って美琴さんに手渡す。%K%P
「はい、これ」%K%P
「はい、これ」%K%P
「あ、ありがと」%K%P
「あ、ありがと」%K%P
「いったいどうしたの。急に隙だらけになって」%K%P
「いったいどうしたの。急に隙だらけになって」%K%P
「いや、まさかいずみさんが来てるなんて夢にも思ってなかったから……」%K%P
「いや、まさかいずみさんが来てるなんて夢にも思ってなかったから……」%K%P
「やっぱり私が驚かせてたんだ。ちょっと不用意に近づきすぎたね」%K%P
「やっぱり私が驚かせてたんだ。ちょっと不用意に近づきすぎたね」%K%P
反省しなきゃ。%K%P
反省しなきゃ。%K%P
ちょっとしょんぼり。%K%P
ちょっとしょんぼり。%K%P
「違う違う！　いずみさんは悪くないって」%K%P
「違う違う！　いずみさんは悪くないって」%K%P
「ちゃんと周りにも注意していなかったあたしがうっかりしてただけだし……っ」%K%P
「ちゃんと周りにも注意していなかったあたしがうっかりしてただけだし……っ」%K%P
「そういうものなの？」%K%P
「そういうものなの？」%K%P
「現に綾香は平気だったでしょ」%K%P
「現に綾香は平気だったでしょ」%K%P
「アリアは森の中で一対多数で戦うこともあるから、油断してて死角から攻撃を受けて負けましたなんて言い訳は通用しないの」%K%P
「アリアは森の中で一対多数で戦うこともあるから、油断してて死角から攻撃を受けて負けましたなんて言い訳は通用しないの」%K%P
結構シビアだなぁ……。%K%P
結構シビアだなぁ……。%K%P
まあ、奇襲もＯＫってルールだから当然なんだろうけど。%K%P
まあ、奇襲もＯＫってルールだから当然なんだろうけど。%K%P
「いずみさんはどうしてここに？」%K%P
「いずみさんはどうしてここに？」%K%P
「がんばってる二人に差し入れしようと思って」%K%P
「がんばってる二人に差し入れしようと思って」%K%P
スポーツ飲料のペットボトルが入ったビニール袋を掲げる。%K%P
スポーツ飲料のペットボトルが入ったビニール袋を掲げる。%K%P
キンキンに冷えているのを選んで来たので白いビニールまで汗をかいていた。%K%P
キンキンに冷えているのを選んで来たので白いビニールまで汗をかいていた。%K%P
「わ、美味しそう。ありがとう、いずみさん」%K%P
「わ、美味しそう。ありがとう、いずみさん」%K%P
「それじゃもう一汗かいたら、いただきましょうか」%K%P
「それじゃもう一汗かいたら、いただきましょうか」%K%P
「そ、そうね」%K%P
「そ、そうね」%K%P
二人はまた相対して武器を構えた。%K%P
二人はまた相対して武器を構えた。%K%P
今度は攻守が逆転して美琴さんが攻め手らしい。%K%P
今度は攻守が逆転して美琴さんが攻め手らしい。%K%P
「二人ともがんばれ～」%K%P
「二人ともがんばれ～」%K%P
「い、行くよ！」%K%P
「い、行くよ！」%K%P
「ええ、どうぞ」%K%P
「ええ、どうぞ」%K%P
綾香さんが落ち着き払っているのとは対照的に美琴さんはあきらかに浮き足立っていた。%K%P
綾香さんが落ち着き払っているのとは対照的に美琴さんはあきらかに浮き足立っていた。%K%P
素人目にもギクシャクしている。%K%P
素人目にもギクシャクしている。%K%P
槍のリーチを生かして何度も突きを入れても、綾香さんには完全に動きを見きられていて\nそのたびにあっさりと剣で払われてしまう。%K%P
槍のリーチを生かして何度も突きを入れても、綾香さんには完全に動きを見きられていて\nそのたびにあっさりと剣で払われてしまう。%K%P
「えいっ」%K%P
「えいっ」%K%P
「っと、ここ！」%K%P
「っと、ここ！」%K%P
「あわわ……っ」%K%P
「あわわ……っ」%K%P
勢いをすかされてよろめいてしまう。大きな隙が出来た。%K%P
勢いをすかされてよろめいてしまう。大きな隙が出来た。%K%P
その瞬間を見計らったように綾香さんが大きく踏み込む。%K%P
その瞬間を見計らったように綾香さんが大きく踏み込む。%K%P
あっという間に剣先が美琴さんの胸元に突きつけられていた。%K%P
あっという間に剣先が美琴さんの胸元に突きつけられていた。%K%P
「はい、カウンターで一本ね」%K%P
「はい、カウンターで一本ね」%K%P
「ううぅ……」%K%P
「ううぅ……」%K%P
ガックリと肩を落とした。%K%P
ガックリと肩を落とした。%K%P
まるでいいところがなかった美琴さんに綾香さんは心配そうに声を掛ける。%K%P
まるでいいところがなかった美琴さんに綾香さんは心配そうに声を掛ける。%K%P
「やっぱり本調子じゃないんでしょ。今日はこれくらいにしておいた方が……」%K%P
「やっぱり本調子じゃないんでしょ。今日はこれくらいにしておいた方が……」%K%P
「深皇祭前に怪我をしたら大変だしね。ここで無理はしない方がいいよ」%K%P
「深皇祭前に怪我をしたら大変だしね。ここで無理はしない方がいいよ」%K%P
「そ、それもそうね」%K%P
「そ、それもそうね」%K%P
どうにも、そわそわと落ち着きがない。%K%P
どうにも、そわそわと落ち着きがない。%K%P
「とりあえず、はいこれ」%K%P
「とりあえず、はいこれ」%K%P
差し入れで持ってきたペットボトルを差し出す。%K%P
差し入れで持ってきたペットボトルを差し出す。%K%P
「あ、ありがとう」%K%P
「あ、ありがとう」%K%P
よくよく見れば、美琴さんは紅潮していた。%K%P
よくよく見れば、美琴さんは紅潮していた。%K%P
そしてますます挙動不審になる。%K%P
そしてますます挙動不審になる。%K%P
僕に気付く前は普通だったようだし、これはなにかあるのかな？%K%P
僕に気付く前は普通だったようだし、これはなにかあるのかな？%K%P
「美琴さん、私になにか気になることでも？」%K%P
「美琴さん、私になにか気になることでも？」%K%P
「ふぇ、ど、どうして？」%K%P
「ふぇ、ど、どうして？」%K%P
「いやほら、なんか反応が過敏に見えたから、そうなのかなって」%K%P
「いやほら、なんか反応が過敏に見えたから、そうなのかなって」%K%P
「だ、大丈夫よ。いずみさんがどうこうじゃないから……っ」%K%P
「だ、大丈夫よ。いずみさんがどうこうじゃないから……っ」%K%P
「ともかく気にしないで。じゃ、じゃあ、あたしはこれで」%K%P
「ともかく気にしないで。じゃ、じゃあ、あたしはこれで」%K%P
そそくさと立ち去っていった。%K%P
そそくさと立ち去っていった。%K%P
僕は思わず綾香さんと顔を見合わせる。%K%P
僕は思わず綾香さんと顔を見合わせる。%K%P
「気にしないでって言われてもなぁ……」%K%P
「気にしないでって言われてもなぁ……」%K%P
「どうしちゃったんだろうね」%K%P
「どうしちゃったんだろうね」%K%P
やはり綾香さんから見ても様子がおかしいようだ。%K%P
やはり綾香さんから見ても様子がおかしいようだ。%K%P
といっても、無理に問い詰めるのも違う気がするし……。%K%P
といっても、無理に問い詰めるのも違う気がするし……。%K%P
本当に美琴さんの個人的な問題かもしれないし、\nしばらくそっとしておいた方がいいのかもしれないな。%K%P
本当に美琴さんの個人的な問題かもしれないし、\nしばらくそっとしておいた方がいいのかもしれないな。%K%P
夜更かしはお肌の大敵だ。%K%P
夜更かしはお肌の大敵だ。%K%P
読みかけの小説でもあるならまだしも、遅くまで起きていなければいけない理由もないしね。%K%P
読みかけの小説でもあるならまだしも、遅くまで起きていなければいけない理由もないしね。%K%P
そんなわけでベッドに潜り込んでしばらく経つのだけど……。%K%P
そんなわけでベッドに潜り込んでしばらく経つのだけど……。%K%P
「ね、眠れない……」%K%P
「ね、眠れない……」%K%P
目を閉じるとまぶたの裏にいずみさんの笑顔が自然に浮かんできてしまう。%K%P
目を閉じるとまぶたの裏にいずみさんの笑顔が自然に浮かんできてしまう。%K%P
昼間もあんなことがあったし、本当、あたしどうしてしまったのだろう。%K%P
昼間もあんなことがあったし、本当、あたしどうしてしまったのだろう。%K%P
「のど乾いたな……」%K%P
「のど乾いたな……」%K%P
もそもそとベッドから起き上がった。%K%P
もそもそとベッドから起き上がった。%K%P
食堂までやってきた。%K%P
食堂までやってきた。%K%P
と、なにか違和感を覚える物音を耳にしたような気がした。%K%P
と、なにか違和感を覚える物音を耳にしたような気がした。%K%P
「え？」%K%P
「え？」%K%P
なんだろうと耳を澄ます。%K%P
なんだろうと耳を澄ます。%K%P
浴室の方からかな……？%K%P
浴室の方からかな……？%K%P
意識を集中すると確かに何かが聞こえてくる。%K%P
意識を集中すると確かに何かが聞こえてくる。%K%P
誰かがお風呂を使っているのだろうか。でも、とっくに入浴時間は終わっている。%K%P
誰かがお風呂を使っているのだろうか。でも、とっくに入浴時間は終わっている。%K%P
「ま、まさかお化け……っ」%K%P
「ま、まさかお化け……っ」%K%P
「なんてあるわけないか」%K%P
「なんてあるわけないか」%K%P
……ないよね？%K%P
……ないよね？%K%P
きっと誰かがこっそりシャワーでも浴びているのだろう。%K%P
きっと誰かがこっそりシャワーでも浴びているのだろう。%K%P
法子さんに見つかったら大目玉だろうが、みんなに隠れて浴室を使用している人だってやむにやまれぬ事情があるのかもしれない。%K%P
法子さんに見つかったら大目玉だろうが、みんなに隠れて浴室を使用している人だってやむにやまれぬ事情があるのかもしれない。%K%P
ま、細かいことは気にしないでこのままベッドに戻り、あたしはあたしでさっさと寝てしまおう。%K%P
ま、細かいことは気にしないでこのままベッドに戻り、あたしはあたしでさっさと寝てしまおう。%K%P
……いや、でも、万が一、部外者が使っていたら？%K%P
……いや、でも、万が一、部外者が使っていたら？%K%P
あまつさえ、人ですらなかったりなんて……。%K%P
あまつさえ、人ですらなかったりなんて……。%K%P
ぞわっと背筋に寒気が走る。%K%P
ぞわっと背筋に寒気が走る。%K%P
一度意識してしまった以上、このまま放置してたら気になって睡眠どころじゃない。%K%P
一度意識してしまった以上、このまま放置してたら気になって睡眠どころじゃない。%K%P
正直、怖いけど……。%K%P
正直、怖いけど……。%K%P
「と、とりあえず、確認だけでも」%K%P
「と、とりあえず、確認だけでも」%K%P
ゴクリとつばを飲み込んで、忍び足で浴室に向かう。%K%P
ゴクリとつばを飲み込んで、忍び足で浴室に向かう。%K%P
脱衣所の前まで来ると、息を殺してドア越しに中の様子を窺う。%K%P
脱衣所の前まで来ると、息を殺してドア越しに中の様子を窺う。%K%P
「…………」%K%P
「…………」%K%P
人の気配がある。%K%P
人の気配がある。%K%P
どうかただの寮生でありますように。そう祈りながら、そっとドアを開けた。%K%P
どうかただの寮生でありますように。そう祈りながら、そっとドアを開けた。%K%P
果たして――%K%P
果たして――%K%P
「なんだ、いずみさ……ん？」%K%P
「なんだ、いずみさ……ん？」%K%P
ギョッとした眼差しでこちらを見ているのは見知った顔だ。%K%P
ギョッとした眼差しでこちらを見ているのは見知った顔だ。%K%P
でも、あれ、なにか違和感が……。%K%P
でも、あれ、なにか違和感が……。%K%P
いずみさんのお胸はあんなに小さかったかしら？%K%P
いずみさんのお胸はあんなに小さかったかしら？%K%P
いや、小さいどころか、ペッタンコだ。%K%P
いや、小さいどころか、ペッタンコだ。%K%P
乳首も小さくて遠目からではあるのかないのかすらハッキリしない。%K%P
乳首も小さくて遠目からではあるのかないのかすらハッキリしない。%K%P
ああ、きっと普段はパットを使っているのかも。%K%P
ああ、きっと普段はパットを使っているのかも。%K%P
だとしたらいずみさんには悪いことしちゃったな。%K%P
だとしたらいずみさんには悪いことしちゃったな。%K%P
胸のサイズは女の子のコンプレックスになっていることが多いし……。%K%P
胸のサイズは女の子のコンプレックスになっていることが多いし……。%K%P
こんな時間にみんなから隠れるようにお風呂を使っていた理由も想像できる。裸を見られたくなかったのかもしれない。%K%P
こんな時間にみんなから隠れるようにお風呂を使っていた理由も想像できる。裸を見られたくなかったのかもしれない。%K%P
うん、幽霊の正体見たり枯れ尾花ね♪%K%P
うん、幽霊の正体見たり枯れ尾花ね♪%K%P
……なんだろう。すごく現実逃避しているような気がする。%K%P
……なんだろう。すごく現実逃避しているような気がする。%K%P
色々冷静に分析しているつもりで、その実、パニックを起こしているだけのような……？%K%P
色々冷静に分析しているつもりで、その実、パニックを起こしているだけのような……？%K%P
「え……あ……？」%K%P
「え……あ……？」%K%P
ドアを開けてから数秒と経っていない。%K%P
ドアを開けてから数秒と経っていない。%K%P
向こうもいきなりあたしが現れたのが予想外だったようで、フリーズしている。%K%P
向こうもいきなりあたしが現れたのが予想外だったようで、フリーズしている。%K%P
あたしも金縛りにあったように動けない。%K%P
あたしも金縛りにあったように動けない。%K%P
目を閉じることも出来ない。%K%P
目を閉じることも出来ない。%K%P
お風呂上がりで少し火照った裸身。染み一つない肌は上質なシルクを思わせた。%K%P
お風呂上がりで少し火照った裸身。染み一つない肌は上質なシルクを思わせた。%K%P
女性も羨む玉の肌だよね。%K%P
女性も羨む玉の肌だよね。%K%P
女性も……？%K%P
女性も……？%K%P
なにかが引っかかる。%K%P
なにかが引っかかる。%K%P
目に見えたものを理解することを脳が拒否しているような違和感がますます強くなる。%K%P
目に見えたものを理解することを脳が拒否しているような違和感がますます強くなる。%K%P
えっと、なんだっけ……。%K%P
えっと、なんだっけ……。%K%P
ああ、まずはちゃんと謝らないと。%K%P
ああ、まずはちゃんと謝らないと。%K%P
いずみさんに失礼だもんね。%K%P
いずみさんに失礼だもんね。%K%P
……いずみさんだよね？%K%P
……いずみさんだよね？%K%P
え、あれ、でも、なにかおかしい。%K%P
え、あれ、でも、なにかおかしい。%K%P
確かにあたしが知っているいずみさんだけど、記憶に齟齬が起きている。%K%P
確かにあたしが知っているいずみさんだけど、記憶に齟齬が起きている。%K%P
いや違う。正確には知識に齟齬が起きている。%K%P
いや違う。正確には知識に齟齬が起きている。%K%P
だからあたしは混乱しているんだ。%K%P
だからあたしは混乱しているんだ。%K%P
だって、股間のアレって、女の子だったら存在しているはずがない。%K%P
だって、股間のアレって、女の子だったら存在しているはずがない。%K%P
でも、存在しているはずがないものがしっかりいずみさんの股間に……。%K%P
でも、存在しているはずがないものがしっかりいずみさんの股間に……。%K%P
あれ？　あれれ？%K%P
あれ？　あれれ？%K%P
あ、ダメ。これ以上、理解を進めたら。%K%P
あ、ダメ。これ以上、理解を進めたら。%K%P
ダメだったら、あたし。%K%P
ダメだったら、あたし。%K%P
ダメなのに――%K%P
ダメなのに――%K%P
「きゃ……っ」%K%P
「きゃ……っ」%K%P
「わ～っ、ストップ！」%K%P
「わ～っ、ストップ！」%K%P
「むぐぐ！？」%K%P
「むぐぐ！？」%K%P
「し、静かに……っ、これには訳が……っ」%K%P
「し、静かに……っ、これには訳が……っ」%K%P
思わず悲鳴を上げかけた口をいずみさんに手で押さえられていた。%K%P
思わず悲鳴を上げかけた口をいずみさんに手で押さえられていた。%K%P
全裸の、男の子に。%K%P
全裸の、男の子に。%K%P
「むぐううぅっ、むぐっ、ううぅうぅぅっ！」%K%P
「むぐううぅっ、むぐっ、ううぅうぅぅっ！」%K%P
「お願いだから落ち着いてっ、ね、ね、ちゃんと説明するから……っ」%K%P
「お願いだから落ち着いてっ、ね、ね、ちゃんと説明するから……っ」%K%P
「むうぅうぅぅっ！」%K%P
「むうぅうぅぅっ！」%K%P
裸！　丸見え！%K%P
裸！　丸見え！%K%P
アレが！　なんかプラプラしてるぅぅぅっ！%K%P
アレが！　なんかプラプラしてるぅぅぅっ！%K%P
「むぐぐぐぅっ、むぐうぅっ！」%K%P
「むぐぐぐぅっ、むぐうぅっ！」%K%P
「美琴さんってば！」%K%P
「美琴さんってば！」%K%P
「くむぅ！？」%K%P
「くむぅ！？」%K%P
抑えた声で、必死に呼びかけられてハッと我に返った。%K%P
抑えた声で、必死に呼びかけられてハッと我に返った。%K%P
「僕……じゃない、私っ、いずみだから……っ」%K%P
「僕……じゃない、私っ、いずみだから……っ」%K%P
うん、それは知っている。%K%P
うん、それは知っている。%K%P
パニックを起こしたのは、あまりに衝撃的な事実に驚いたからで……。%K%P
パニックを起こしたのは、あまりに衝撃的な事実に驚いたからで……。%K%P
と、自分がいずみさんの股間を凝視していたことに気付いて、慌てて目をそらす。%K%P
と、自分がいずみさんの股間を凝視していたことに気付いて、慌てて目をそらす。%K%P
あわわ、あたしったら……っ。%K%P
あわわ、あたしったら……っ。%K%P
顔が燃えるように熱い。%K%P
顔が燃えるように熱い。%K%P
「ね、ね、とりあえず話だけでも聞いて……っ」%K%P
「ね、ね、とりあえず話だけでも聞いて……っ」%K%P
ちらりといずみさんの顔を窺うと、必死にあたしを説得しようとしていた。%K%P
ちらりといずみさんの顔を窺うと、必死にあたしを説得しようとしていた。%K%P
そこに悪意は感じられない。%K%P
そこに悪意は感じられない。%K%P
むしろそこまでいずみさんを狼狽えさせてしまったことにあたしの方が罪悪感を覚えるほどだ。%K%P
むしろそこまでいずみさんを狼狽えさせてしまったことにあたしの方が罪悪感を覚えるほどだ。%K%P
まあ、ちゃんと説明してくれると言ってることだし、ここは素直に信じてみよう。%K%P
まあ、ちゃんと説明してくれると言ってることだし、ここは素直に信じてみよう。%K%P
あたしはコクリと頷き返す。%K%P
あたしはコクリと頷き返す。%K%P
「よかったぁ……」%K%P
「よかったぁ……」%K%P
「そ、それじゃとりあえずこんな格好じゃ失礼だし、すぐに服を着るから、外で待っててもらえる？」%K%P
「そ、それじゃとりあえずこんな格好じゃ失礼だし、すぐに服を着るから、外で待っててもらえる？」%K%P
もう一度、コクリと頷き返した。%K%P
もう一度、コクリと頷き返した。%K%P
脱衣所から出てしばらく待つ。%K%P
脱衣所から出てしばらく待つ。%K%P
いずみさんを待っている間、あたしも私服へと着替えてきた。\nさすがに肌着一枚で話を出来る状態じゃないと思った。%K%P
いずみさんを待っている間、あたしも私服へと着替えてきた。\nさすがに肌着一枚で話を出来る状態じゃないと思った。%K%P
あのドア一枚向こうでいずみさんが着替えている……そう思うと、ドキドキが酷くなるばかりだった。%K%P
あのドア一枚向こうでいずみさんが着替えている……そう思うと、ドキドキが酷くなるばかりだった。%K%P
まだ困惑も引いていない。%K%P
まだ困惑も引いていない。%K%P
こうして一人でジッとしていると、自然にいずみさんの一糸まとわぬ姿が脳裏にもわもわと……。%K%P
こうして一人でジッとしていると、自然にいずみさんの一糸まとわぬ姿が脳裏にもわもわと……。%K%P
（あわわっ、あたしったら……っ）%K%P
（あわわっ、あたしったら……っ）%K%P
慌てて頭を振って、脳内からセクシーショットを追い出す。%K%P
慌てて頭を振って、脳内からセクシーショットを追い出す。%K%P
今のあたしには男の子の全裸なんて刺激が強すぎる。%K%P
今のあたしには男の子の全裸なんて刺激が強すぎる。%K%P
羞恥心が限界突破してパニックを起こしてしまいそうだ。%K%P
羞恥心が限界突破してパニックを起こしてしまいそうだ。%K%P
そうやって一人芝居で悶えていると、静かにドアが開いていずみさんが姿を現した。%K%P
そうやって一人芝居で悶えていると、静かにドアが開いていずみさんが姿を現した。%K%P
「お、お待たせ」%K%P
「お、お待たせ」%K%P
いつもの見慣れた女の子だった。%K%P
いつもの見慣れた女の子だった。%K%P
少しホッとした。これなら冷静に話を聞くことが出来るかもしれない。%K%P
少しホッとした。これなら冷静に話を聞くことが出来るかもしれない。%K%P
それにしても、さっきの決定的な姿を見ていなければ、誰かからいずみさんが男の子だと言われても信じられなかっただろうな。%K%P
それにしても、さっきの決定的な姿を見ていなければ、誰かからいずみさんが男の子だと言われても信じられなかっただろうな。%K%P
「……本当に男の子なのね？」%K%P
「……本当に男の子なのね？」%K%P
思わず再確認してしまった。%K%P
思わず再確認してしまった。%K%P
いずみさんは首をすくめるように赤面する。%K%P
いずみさんは首をすくめるように赤面する。%K%P
「は、恥ずかしながら」%K%P
「は、恥ずかしながら」%K%P
「ホント、男の子とは思えない恥ずかしい格好だわ」%K%P
「ホント、男の子とは思えない恥ずかしい格好だわ」%K%P
「うぅ、やっぱりそう見えるよね」%K%P
「うぅ、やっぱりそう見えるよね」%K%P
「冗談よ。羨ましくなるくらいとっても似合ってる」%K%P
「冗談よ。羨ましくなるくらいとっても似合ってる」%K%P
「それはそれで複雑な気分なんだけど……」%K%P
「それはそれで複雑な気分なんだけど……」%K%P
立ち話も何なので二人とも椅子に腰を下ろす。%K%P
立ち話も何なので二人とも椅子に腰を下ろす。%K%P
いずみさんはいかにも気まずそうだ。%K%P
いずみさんはいかにも気まずそうだ。%K%P
あたしも、その、まるで焼き付いてしまったかのように、さっきからいずみさんの裸身が脳裏でちらついていて……。%K%P
あたしも、その、まるで焼き付いてしまったかのように、さっきからいずみさんの裸身が脳裏でちらついていて……。%K%P
自分でもビックリするくらいかなり動揺しまくっていた。これじゃ冷静どころの話じゃない。%K%P
自分でもビックリするくらいかなり動揺しまくっていた。これじゃ冷静どころの話じゃない。%K%P
本人を目の前にしているせいもあって、どんな顔をしていいのか分らないし、つい声も表情も硬くなる。%K%P
本人を目の前にしているせいもあって、どんな顔をしていいのか分らないし、つい声も表情も硬くなる。%K%P
「……で？」%K%P
「……で？」%K%P
「あぅ」%K%P
「あぅ」%K%P
「ごめんね、女装した男が女子学園とか女子寮に紛れ込んでいたなんて気持ち悪いよね……」%K%P
「ごめんね、女装した男が女子学園とか女子寮に紛れ込んでいたなんて気持ち悪いよね……」%K%P
「気持ち悪い？」%K%P
「気持ち悪い？」%K%P
ピンとこない言葉だった。%K%P
ピンとこない言葉だった。%K%P
むしろ綺麗で可愛いし、声も魅力的で、語学も堪能、歌に至ってはプロにも引けを取らないときている。%K%P
むしろ綺麗で可愛いし、声も魅力的で、語学も堪能、歌に至ってはプロにも引けを取らないときている。%K%P
これほど魅力的な女の子はそうそういない。いや、男の子だけど。%K%P
これほど魅力的な女の子はそうそういない。いや、男の子だけど。%K%P
「全然気持ち悪くなんかないわ」%K%P
「全然気持ち悪くなんかないわ」%K%P
「でも、僕、男だし……」%K%P
「でも、僕、男だし……」%K%P
へぇ、いずみさんて自分のこと本当は僕って言うんだ。なんか可愛いな。%K%P
へぇ、いずみさんて自分のこと本当は僕って言うんだ。なんか可愛いな。%K%P
「まあビックリしたのは確かだけど……自分でも不思議なくらい嫌悪感はないの」%K%P
「まあビックリしたのは確かだけど……自分でも不思議なくらい嫌悪感はないの」%K%P
むしろ胸の奥で沸々と沸き起こってくる感情は歓喜だ。%K%P
むしろ胸の奥で沸々と沸き起こってくる感情は歓喜だ。%K%P
いずみさんが女の子じゃなくて本当に良かったと安堵している自分がいる。%K%P
いずみさんが女の子じゃなくて本当に良かったと安堵している自分がいる。%K%P
そこで改めて気付いたのは、あたしがすっかりいずみさんに参ってしまっているということだ。%K%P
そこで改めて気付いたのは、あたしがすっかりいずみさんに参ってしまっているということだ。%K%P
異性に抱くような好意をいずみさんに感じていたからこそ、ここの所、悶々としていたわけだし……。%K%P
異性に抱くような好意をいずみさんに感じていたからこそ、ここの所、悶々としていたわけだし……。%K%P
「ところで、このことは綾香も知っているの？」%K%P
「ところで、このことは綾香も知っているの？」%K%P
「うん。あと法子さんも」%K%P
「うん。あと法子さんも」%K%P
「考えてみたら同じ部屋で寝泊まりしてるくらいなんだから知らないはずがないか」%K%P
「考えてみたら同じ部屋で寝泊まりしてるくらいなんだから知らないはずがないか」%K%P
「まあ、綾香の深皇祭への意気込みを思えば、いずみさんの性別くらい些細な問題なんでしょうね」%K%P
「まあ、綾香の深皇祭への意気込みを思えば、いずみさんの性別くらい些細な問題なんでしょうね」%K%P
「ありがたいことに僕のこと信用してくれているみたいだから」%K%P
「ありがたいことに僕のこと信用してくれているみたいだから」%K%P
「それでその、出来たら美琴さんも深皇祭が終わるまで僕のことみんなには秘密にしてくれるとうれしいんだけど……」%K%P
「それでその、出来たら美琴さんも深皇祭が終わるまで僕のことみんなには秘密にしてくれるとうれしいんだけど……」%K%P
「いいわよ」%K%P
「いいわよ」%K%P
「え、そんなあっさり」%K%P
「え、そんなあっさり」%K%P
キョトンと目を丸くした。%K%P
キョトンと目を丸くした。%K%P
反対されるとでも思っていたのかな。%K%P
反対されるとでも思っていたのかな。%K%P
確かに男子禁制の学舎に男の子が紛れ込んでいたら普通は問題だろう。%K%P
確かに男子禁制の学舎に男の子が紛れ込んでいたら普通は問題だろう。%K%P
でも今はある意味非常事態だ。様々な人の願いや思いが深皇祭の成功に大きく関わっている。%K%P
でも今はある意味非常事態だ。様々な人の願いや思いが深皇祭の成功に大きく関わっている。%K%P
杓子定規に倫理観を振りかざしている場合じゃないことくらい、あたしでも分かる。%K%P
杓子定規に倫理観を振りかざしている場合じゃないことくらい、あたしでも分かる。%K%P
それに、なにより――%K%P
それに、なにより――%K%P
「いずみさんが悪いことするような人には見えないしね」%K%P
「いずみさんが悪いことするような人には見えないしね」%K%P
「綾香も法子さんも納得済み……どころか首謀者なんでしょう？」%K%P
「綾香も法子さんも納得済み……どころか首謀者なんでしょう？」%K%P
「う、うん」%K%P
「う、うん」%K%P
「綾香もそうだけど、いずみさんもそれなりの考えがあってのことだろうし……」%K%P
「綾香もそうだけど、いずみさんもそれなりの考えがあってのことだろうし……」%K%P
「周りにはすっかり女の子で通っていて少しも疑われてないのならわざわざバラす必要なんてないわよ」%K%P
「周りにはすっかり女の子で通っていて少しも疑われてないのならわざわざバラす必要なんてないわよ」%K%P
「ありがとう……っ」%K%P
「ありがとう……っ」%K%P
パアッと表情が明るくなった。%K%P
パアッと表情が明るくなった。%K%P
あ、この笑顔が反則！　乙女心をくすぐられて向こうから頼まれなくても、自分から進んで何でもしてあげたくなってしまう。%K%P
あ、この笑顔が反則！　乙女心をくすぐられて向こうから頼まれなくても、自分から進んで何でもしてあげたくなってしまう。%K%P
いずみさんに喜んでもらえたらうれしい。悲しませたりガッカリさせるようなことはしたくない。%K%P
いずみさんに喜んでもらえたらうれしい。悲しませたりガッカリさせるようなことはしたくない。%K%P
綾香が深皇祭のために尽力するのと同じように、あたしもいずみさんに出来るだけ協力したい。%K%P
綾香が深皇祭のために尽力するのと同じように、あたしもいずみさんに出来るだけ協力したい。%K%P
「一つ提案なんだけど、あたしが気付いたことは綾香には秘密にしようか」%K%P
「一つ提案なんだけど、あたしが気付いたことは綾香には秘密にしようか」%K%P
「え、どうして？」%K%P
「え、どうして？」%K%P
「それでなくてもがんばってる綾香に、余計な心配かけたくないもの」%K%P
「それでなくてもがんばってる綾香に、余計な心配かけたくないもの」%K%P
「あ～、それは確かに」%K%P
「あ～、それは確かに」%K%P
今にして思えば、いずみさんの性別を隠すために綾香は結構無茶なフォローをしていた。%K%P
今にして思えば、いずみさんの性別を隠すために綾香は結構無茶なフォローをしていた。%K%P
それなのにあたしに知られてしまったとなると、せっかくの苦労が無駄になってしまう。%K%P
それなのにあたしに知られてしまったとなると、せっかくの苦労が無駄になってしまう。%K%P
「このことは二人だけのナイショにしましょう」%K%P
「このことは二人だけのナイショにしましょう」%K%P
「うん、分かったよ」%K%P
「うん、分かったよ」%K%P
「男が女子寮のお風呂を使ってたんだから、本当ならもっと咎められても仕方ないのに、美琴さんていい人だね」%K%P
「男が女子寮のお風呂を使ってたんだから、本当ならもっと咎められても仕方ないのに、美琴さんていい人だね」%K%P
「いい人なんて、あ、あたしは別に」%K%P
「いい人なんて、あ、あたしは別に」%K%P
いずみさんに褒められた……っ。%K%P
いずみさんに褒められた……っ。%K%P
どうしよう、うれしすぎる！%K%P
どうしよう、うれしすぎる！%K%P
顔がどんどん火照ってきて仕方がない。%K%P
顔がどんどん火照ってきて仕方がない。%K%P
「そ、それじゃ夜も遅いし、おやすみね」%K%P
「そ、それじゃ夜も遅いし、おやすみね」%K%P
「おやすみ、美琴さん」%K%P
「おやすみ、美琴さん」%K%P
あたしは恥ずかしいやら照れくさいやらで、自分の部屋に逃げ帰るように食堂を後にした。%K%P
あたしは恥ずかしいやら照れくさいやらで、自分の部屋に逃げ帰るように食堂を後にした。%K%P
パタパタと足音を立てながら足早に美琴さんが去っていった。%K%P
パタパタと足音を立てながら足早に美琴さんが去っていった。%K%P
「それじゃ僕も引き上げるかな」%K%P
「それじゃ僕も引き上げるかな」%K%P
今回はたまたま見つかった相手が美琴さんだったから事なきを得たけど、次も幸運が続くとは限らない。%K%P
今回はたまたま見つかった相手が美琴さんだったから事なきを得たけど、次も幸運が続くとは限らない。%K%P
今までに増して気を引き締める必要がありそうだ。%K%P
今までに増して気を引き締める必要がありそうだ。%K%P
それにしても……。%K%P
それにしても……。%K%P
女の子に全部見られちゃったなんて……うぅ、恥ずかしすぎてドキドキが止まらないよ。%K%P
女の子に全部見られちゃったなんて……うぅ、恥ずかしすぎてドキドキが止まらないよ。%K%P
明日から美琴さんの前に立ったとして、平常心でいられるかな……？%K%P
明日から美琴さんの前に立ったとして、平常心でいられるかな……？%K%P
これからどうなるんだろう。%K%P
これからどうなるんだろう。%K%P
