「ふぅ……今日も夕食美味しかったな。ちょっと食べ過ぎちゃった」%K%P
「ふぅ……今日も夕食美味しかったな。ちょっと食べ過ぎちゃった」%K%P
この頃、歌のレッスンやら、アリアの練習やらで、体を動かすことが多いから、お腹が空いちゃうんだよな。%K%P
この頃、歌のレッスンやら、アリアの練習やらで、体を動かすことが多いから、お腹が空いちゃうんだよな。%K%P
レッスン終りから夕食に直行したから、制服のままのお腹に手を当てる――太っちゃったらどうしよう。%K%P
レッスン終りから夕食に直行したから、制服のままのお腹に手を当てる――太っちゃったらどうしよう。%K%P
スカートの裾に指を入れる……うん、大丈夫かな。%K%P
スカートの裾に指を入れる……うん、大丈夫かな。%K%P
「いずみさん、ちょっといいかしら。お話ししたいことがあるの」%K%P
「いずみさん、ちょっといいかしら。お話ししたいことがあるの」%K%P
「わ、わわ！？」%K%P
「わ、わわ！？」%K%P
誰もいないはずの空間に、涼やかな声が鳴り響く。僕は慌てて振り返った。%K%P
誰もいないはずの空間に、涼やかな声が鳴り響く。僕は慌てて振り返った。%K%P
「うん、どうかしたの？　お腹押えてるけど……大丈夫？」%K%P
「うん、どうかしたの？　お腹押えてるけど……大丈夫？」%K%P
「平気平気っ。あ、あのさ、今から部屋に戻るから、そっちで落ち着いて話さない？」%K%P
「平気平気っ。あ、あのさ、今から部屋に戻るから、そっちで落ち着いて話さない？」%K%P
「あー、ごめんなさい、これから美琴の部屋に行かないと」%K%P
「あー、ごめんなさい、これから美琴の部屋に行かないと」%K%P
「あ、もしかして、深皇祭の準備？」%K%P
「あ、もしかして、深皇祭の準備？」%K%P
「そうなのよ。色々押しちゃっててね」%K%P
「そうなのよ。色々押しちゃっててね」%K%P
綾香さんは{騎士:ワルキュリア}の他にも、学園の仕事を任されてるみたいだ。%K%P
綾香さんは{騎士:ワルキュリア}の他にも、学園の仕事を任されてるみたいだ。%K%P
彼女の断り切れない性格もあるのだろうけど、皆からもあてにされてるんだろうな。%K%P
彼女の断り切れない性格もあるのだろうけど、皆からもあてにされてるんだろうな。%K%P
「大変だね。私にも出来ることってある？」%K%P
「大変だね。私にも出来ることってある？」%K%P
「ううん、大丈夫。美琴もいるし、希実もフォローに回ってくれてるから」%K%P
「ううん、大丈夫。美琴もいるし、希実もフォローに回ってくれてるから」%K%P
そうか、あの二人がいれば大丈夫かな。不慣れな僕じゃ、かえって作業効率を下げてしまいそうだ。%K%P
そうか、あの二人がいれば大丈夫かな。不慣れな僕じゃ、かえって作業効率を下げてしまいそうだ。%K%P
「それにしても、この頃、ことりちゃん良くなってきたわね」%K%P
「それにしても、この頃、ことりちゃん良くなってきたわね」%K%P
「今日なんて、わたしから一本、美琴からは二本取ったもの」%K%P
「今日なんて、わたしから一本、美琴からは二本取ったもの」%K%P
僕らのチームは、全体練習の前に、模擬戦をするようになった。%K%P
僕らのチームは、全体練習の前に、模擬戦をするようになった。%K%P
最初の頃は全く二人に歯が立たなかったことりちゃんも、メキメキと腕を上げてきた。%K%P
最初の頃は全く二人に歯が立たなかったことりちゃんも、メキメキと腕を上げてきた。%K%P
「特にあの集中力と目は凄いわね。美琴からの二勝目なんて、槍を躱しながら射ったもの」%K%P
「特にあの集中力と目は凄いわね。美琴からの二勝目なんて、槍を躱しながら射ったもの」%K%P
「うん、あれは驚いた。ギリギリまで穂先を引きつけてからだもの」%K%P
「うん、あれは驚いた。ギリギリまで穂先を引きつけてからだもの」%K%P
僕も見ていたんだけど、思わず目を瞑りそうになった。%K%P
僕も見ていたんだけど、思わず目を瞑りそうになった。%K%P
アリア用の刃のない物とはいえど、槍だ、怖くないはずがないのに。%K%P
アリア用の刃のない物とはいえど、槍だ、怖くないはずがないのに。%K%P
「ことりちゃんが変ったのも、あなたのお陰ね」%K%P
「ことりちゃんが変ったのも、あなたのお陰ね」%K%P
「ううん、ことりちゃん自身の力だよ。元から素質はあったから。わたしはただ側にいただけ」%K%P
「ううん、ことりちゃん自身の力だよ。元から素質はあったから。わたしはただ側にいただけ」%K%P
「謙虚なのね。もう、あなたはもっと自分の凄さを分かった方が良いわ」%K%P
「謙虚なのね。もう、あなたはもっと自分の凄さを分かった方が良いわ」%K%P
「そう？　うーん、特別なことしているつもりはないんだけど」%K%P
「そう？　うーん、特別なことしているつもりはないんだけど」%K%P
「ふふふ、そう思えるところが、凄いのよ」%K%P
「ふふふ、そう思えるところが、凄いのよ」%K%P
僕から見たら、{騎士:ワルキュリア}をこなしつつも、学園の仕事をしている、綾香さんや美琴さんの方がずっと凄い人に見えるよ。%K%P
僕から見たら、{騎士:ワルキュリア}をこなしつつも、学園の仕事をしている、綾香さんや美琴さんの方がずっと凄い人に見えるよ。%K%P
「ねえ、気がついてる？　あなたがみんなを繋いでいるのよ」%K%P
「ねえ、気がついてる？　あなたがみんなを繋いでいるのよ」%K%P
「そうね……表のリーダーがことりちゃんなら、裏のリーダーは、いずみさんってところかしら」%K%P
「そうね……表のリーダーがことりちゃんなら、裏のリーダーは、いずみさんってところかしら」%K%P
「なにそれ、悪の秘密結社みたいだね」%K%P
「なにそれ、悪の秘密結社みたいだね」%K%P
「あはは、そう？　それじゃ影の功労者というところかしら」%K%P
「あはは、そう？　それじゃ影の功労者というところかしら」%K%P
くすくすとおかしそうに笑う綾香さん。%K%P
くすくすとおかしそうに笑う綾香さん。%K%P
僕もつられて笑ってしまった。%K%P
僕もつられて笑ってしまった。%K%P
「……さてと、ちょっとここからは真面目に」%K%P
「……さてと、ちょっとここからは真面目に」%K%P
そこまで言うと、姿勢を正す綾香さん。%K%P
そこまで言うと、姿勢を正す綾香さん。%K%P
「今までもずっと思っていたけれど……今日、どうしても伝えたくて」%K%P
「今までもずっと思っていたけれど……今日、どうしても伝えたくて」%K%P
「いずみさん、わたし達の{歌姫:ディーバ}になってくれて、ありがとうね」%K%P
「いずみさん、わたし達の{歌姫:ディーバ}になってくれて、ありがとうね」%K%P
「あなたが、あの時、わたしの無理な提案を受け入れてくれなかったら、深皇祭……アリアは開催することが出来なかったわ」%K%P
「あなたが、あの時、わたしの無理な提案を受け入れてくれなかったら、深皇祭……アリアは開催することが出来なかったわ」%K%P
「そんな、いいよ。参加するって決めたのは私の意志なんだから」%K%P
「そんな、いいよ。参加するって決めたのは私の意志なんだから」%K%P
「こっちこそ、途方にくれていた私に、声を掛けてくれて、嬉しかった」%K%P
「こっちこそ、途方にくれていた私に、声を掛けてくれて、嬉しかった」%K%P
正直、実家がリフォーム中で住めないって知った時は、どうしていいか分からなかったから。%K%P
正直、実家がリフォーム中で住めないって知った時は、どうしていいか分からなかったから。%K%P
「なかなか出来ない、貴重な体験も出来てるし」%K%P
「なかなか出来ない、貴重な体験も出来てるし」%K%P
さり気なく辺りを見回す……この時間は食事も済んでるから、殆ど人通りは無い。%K%P
さり気なく辺りを見回す……この時間は食事も済んでるから、殆ど人通りは無い。%K%P
それでも念のために……うん、やっぱり誰もいない。%K%P
それでも念のために……うん、やっぱり誰もいない。%K%P
僕に倣うかのように、周囲に目を配る綾香さん。%K%P
僕に倣うかのように、周囲に目を配る綾香さん。%K%P
「そんな風に捉えて貰えると、うれしいわ」%K%P
「そんな風に捉えて貰えると、うれしいわ」%K%P
「わたし、これでも気にしているの」%K%P
「わたし、これでも気にしているの」%K%P
「いずみさんには……無理を言って女の子の格好をしてもらっているから」%K%P
「いずみさんには……無理を言って女の子の格好をしてもらっているから」%K%P
「本当は、男の方なのに」%K%P
「本当は、男の方なのに」%K%P
ん？　……いや、誰もいないよね？%K%P
ん？　……いや、誰もいないよね？%K%P
「色々と気疲れすることもあるでしょう？　だって、もしわたしが男装して転入する、なんて考えたら、とても出来ないもの」%K%P
「色々と気疲れすることもあるでしょう？　だって、もしわたしが男装して転入する、なんて考えたら、とても出来ないもの」%K%P
「綾香さんの男装か……見てみたい気がするけどね、あは」%K%P
「綾香さんの男装か……見てみたい気がするけどね、あは」%K%P
彼女の面倒見の良い性格なら、ピシッとした上下に身を包んで髪を隠せば、頼りになるお兄さんキャラとして通じるかも。%K%P
彼女の面倒見の良い性格なら、ピシッとした上下に身を包んで髪を隠せば、頼りになるお兄さんキャラとして通じるかも。%K%P
いや、体のラインは隠しようがないか、なんてね。%K%P
いや、体のラインは隠しようがないか、なんてね。%K%P
「それなら、服、取り替えっこしましょうか？」%K%P
「それなら、服、取り替えっこしましょうか？」%K%P
「あは、女装はいつもしてるからいいよ」%K%P
「あは、女装はいつもしてるからいいよ」%K%P
「正直、女装の方はなんとかなってるけど……ことりちゃんや、美琴さんに本当のことを言えないのはつらいかも」%K%P
「正直、女装の方はなんとかなってるけど……ことりちゃんや、美琴さんに本当のことを言えないのはつらいかも」%K%P
「あっ……そうよね」%K%P
「あっ……そうよね」%K%P
「二人とも、本当に一生懸命アリアに挑んでいるでしょ？」%K%P
「二人とも、本当に一生懸命アリアに挑んでいるでしょ？」%K%P
「深皇祭の成功を、心から願ってると思う。それが痛いほど伝わってきて」%K%P
「深皇祭の成功を、心から願ってると思う。それが痛いほど伝わってきて」%K%P
「その{歌姫:ディーバ}が……男の僕だなんて思ったら、ね」%K%P
「その{歌姫:ディーバ}が……男の僕だなんて思ったら、ね」%K%P
{歌姫:ディーバ}がいなければ開催は出来ない。%K%P
{歌姫:ディーバ}がいなければ開催は出来ない。%K%P
けれども、その{歌姫:ディーバ}は男性で……%K%P
けれども、その{歌姫:ディーバ}は男性で……%K%P
「いずみさん……本当にご免なさい、わたし、浮かれてて……あなたの苦しみに気づくことが出来なかった」%K%P
「いずみさん……本当にご免なさい、わたし、浮かれてて……あなたの苦しみに気づくことが出来なかった」%K%P
「ううん、きっと分かっていても、見えないふりをしていたんだわ」%K%P
「ううん、きっと分かっていても、見えないふりをしていたんだわ」%K%P
「あ、そんなつもりじゃなくて、その、綾香さんを責めてるんじゃないから」%K%P
「あ、そんなつもりじゃなくて、その、綾香さんを責めてるんじゃないから」%K%P
この学園にいられる事は貴重な体験だ。%K%P
この学園にいられる事は貴重な体験だ。%K%P
充実した日々を過ごせることに感謝している。%K%P
充実した日々を過ごせることに感謝している。%K%P
「さっきも言ったけど、女装をする、この学園に入るって決めたのは自分自身だから」%K%P
「さっきも言ったけど、女装をする、この学園に入るって決めたのは自分自身だから」%K%P
「きっかけはもらっても、決断は自分でするって心に決めてるんだ」%K%P
「きっかけはもらっても、決断は自分でするって心に決めてるんだ」%K%P
留学を決めたのも、{歌姫:ディーバ}になるのも、歌の世界に生きるのもね。%K%P
留学を決めたのも、{歌姫:ディーバ}になるのも、歌の世界に生きるのもね。%K%P
「……さすがね、あなたと知り合えて、本当に良かったわ」%K%P
「……さすがね、あなたと知り合えて、本当に良かったわ」%K%P
「それじゃあね、せめて、告白出来ない苦しみを、わたしにも背負わせて」%K%P
「それじゃあね、せめて、告白出来ない苦しみを、わたしにも背負わせて」%K%P
「出来る限りのことはする……ううん、させて欲しいから」%K%P
「出来る限りのことはする……ううん、させて欲しいから」%K%P
「うん……ありがとう」%K%P
「うん……ありがとう」%K%P
綾香さんの言葉に、肩の力が抜ける。%K%P
綾香さんの言葉に、肩の力が抜ける。%K%P
意識してないつもりでも、やっぱり、どこか気を張っていたのだろう。%K%P
意識してないつもりでも、やっぱり、どこか気を張っていたのだろう。%K%P
「ん？　あ、そうだ、時間の方は大丈夫？」%K%P
「ん？　あ、そうだ、時間の方は大丈夫？」%K%P
「あ、そうね。あまり待たせると、希実が膨れちゃうわ。ごめんなさい、それではこのあたりで」%K%P
「あ、そうね。あまり待たせると、希実が膨れちゃうわ。ごめんなさい、それではこのあたりで」%K%P
「うん、ほどほどにね。二人にもよろしく」%K%P
「うん、ほどほどにね。二人にもよろしく」%K%P
綾香さんに余計な気を使わせてしまったかな。%K%P
綾香さんに余計な気を使わせてしまったかな。%K%P
「さて、部屋に戻るかな……」%K%P
「さて、部屋に戻るかな……」%K%P
「えっ？　誰かいるの？」%K%P
「えっ？　誰かいるの？」%K%P
確かに何か聞こえた。%K%P
確かに何か聞こえた。%K%P
もしかして今の話……聞かれてしまった？%K%P
もしかして今の話……聞かれてしまった？%K%P
だとすると……かなりまずいことになる！%K%P
だとすると……かなりまずいことになる！%K%P
僕は物音のした方に急いで駆け寄る。%K%P
僕は物音のした方に急いで駆け寄る。%K%P
「……誰もいない。気のせいだったのかな？　…………んん？」%K%P
「……誰もいない。気のせいだったのかな？　…………んん？」%K%P
辺りを回す……足元に何か紙袋のような物が落ちている。%K%P
辺りを回す……足元に何か紙袋のような物が落ちている。%K%P
拾い上げてみると、ほんのりと温かい。%K%P
拾い上げてみると、ほんのりと温かい。%K%P
「良い匂い、お菓子みたいだけれど…………え、こ、これは」%K%P
「良い匂い、お菓子みたいだけれど…………え、こ、これは」%K%P
紙袋には一通のメッセージカードが添えられている。%K%P
紙袋には一通のメッセージカードが添えられている。%K%P
そこには……『姉様へ』と記されていた。%K%P
そこには……『姉様へ』と記されていた。%K%P
