思いがけないお茶会を楽しんだ翌日も、放課後は音楽室に寄って練習していくことにした。%K%P
思いがけないお茶会を楽しんだ翌日も、放課後は音楽室に寄って練習していくことにした。%K%P
ちなみに綾香さんと美琴さんも、僕と同じように修練所で練習をしていくそうだ。%K%P
ちなみに綾香さんと美琴さんも、僕と同じように修練所で練習をしていくそうだ。%K%P
「ふぅ……」%K%P
「ふぅ……」%K%P
ひとしきり歌ったところで、少し休憩するために椅子に腰掛ける。%K%P
ひとしきり歌ったところで、少し休憩するために椅子に腰掛ける。%K%P
深皇祭のために用意された歌はほぼ頭の中に入ったけれど、初めての曲だし、まだまだ不安が残る。%K%P
深皇祭のために用意された歌はほぼ頭の中に入ったけれど、初めての曲だし、まだまだ不安が残る。%K%P
こういうのはやっぱり、地道に練習するしかない。%K%P
こういうのはやっぱり、地道に練習するしかない。%K%P
「まあ、いずみさん」%K%P
「まあ、いずみさん」%K%P
ドアの開く音に視線を向けると、室内に入ってきた奏さんと目が合う。%K%P
ドアの開く音に視線を向けると、室内に入ってきた奏さんと目が合う。%K%P
「ごきげんよう。奏さんも練習に？」%K%P
「ごきげんよう。奏さんも練習に？」%K%P
「ええ。そういういずみさんも？」%K%P
「ええ。そういういずみさんも？」%K%P
「うん。といっても、いまは休憩中だけど」%K%P
「うん。といっても、いまは休憩中だけど」%K%P
「あっ、そうだ。奏さんに質問してもいい？」%K%P
「あっ、そうだ。奏さんに質問してもいい？」%K%P
「質問、ですの？」%K%P
「質問、ですの？」%K%P
「うん。歌について、なんだけど。いくつか気になる箇所があるから、そこを教えてほしいなって」%K%P
「うん。歌について、なんだけど。いくつか気になる箇所があるから、そこを教えてほしいなって」%K%P
「まあ、そういうことでしたら喜んで」%K%P
「まあ、そういうことでしたら喜んで」%K%P
手にした楽譜を見せつつ問い掛けると、奏さんはにこっと微笑んでくれた。%K%P
手にした楽譜を見せつつ問い掛けると、奏さんはにこっと微笑んでくれた。%K%P
「ごめんね、奏さんも練習に来てるのに」%K%P
「ごめんね、奏さんも練習に来てるのに」%K%P
「ふふっ、遠慮なさらないでくださいな」%K%P
「ふふっ、遠慮なさらないでくださいな」%K%P
「素晴らしい深皇祭、素晴らしいアリアにするために尽力するのが、{歌姫:ディーバ}の務め」%K%P
「素晴らしい深皇祭、素晴らしいアリアにするために尽力するのが、{歌姫:ディーバ}の務め」%K%P
「であれば、いずみさんの質問に答えることも{歌姫:ディーバ}の役割を果たすことになりますもの」%K%P
「であれば、いずみさんの質問に答えることも{歌姫:ディーバ}の役割を果たすことになりますもの」%K%P
「ありがとう、奏さん」%K%P
「ありがとう、奏さん」%K%P
「じゃあさっそく、ここなんだけど――――」%K%P
「じゃあさっそく、ここなんだけど――――」%K%P
あれこれ質問していたら、時間が過ぎるのなんてあっという間で、２人揃って音楽室を出る頃には、外はすっかり茜色だった。%K%P
あれこれ質問していたら、時間が過ぎるのなんてあっという間で、２人揃って音楽室を出る頃には、外はすっかり茜色だった。%K%P
「いろいろと教えてもらえて助かっちゃった」%K%P
「いろいろと教えてもらえて助かっちゃった」%K%P
「私もです。いずみさんに教えることで、よい復習になりました」%K%P
「私もです。いずみさんに教えることで、よい復習になりました」%K%P
「では、私はこれで。ごきげんよう、いずみさん」%K%P
「では、私はこれで。ごきげんよう、いずみさん」%K%P
にこっと笑った奏さんと音楽室前で別れる。%K%P
にこっと笑った奏さんと音楽室前で別れる。%K%P
もう帰っちゃったかもしれないけど、修練所に顔を出して、綾香さんたちが居たら一緒に帰ろう。%K%P
もう帰っちゃったかもしれないけど、修練所に顔を出して、綾香さんたちが居たら一緒に帰ろう。%K%P
「えっと……」%K%P
「えっと……」%K%P
修練所に来てみると、誰の姿もなかった。%K%P
修練所に来てみると、誰の姿もなかった。%K%P
「あら？　いずみさん？」%K%P
「あら？　いずみさん？」%K%P
「あっ、美琴さん。良かった……。誰も居ないから、みんな帰っちゃったかと思ったよ」%K%P
「あっ、美琴さん。良かった……。誰も居ないから、みんな帰っちゃったかと思ったよ」%K%P
「一緒に帰ろうと思って誘いに来たんだけど……綾香さんは？」%K%P
「一緒に帰ろうと思って誘いに来たんだけど……綾香さんは？」%K%P
「それが……綾香、いま保健室なの」%K%P
「それが……綾香、いま保健室なの」%K%P
「保健室、って……なにかあったの？　怪我とか？」%K%P
「保健室、って……なにかあったの？　怪我とか？」%K%P
「そうじゃないから安心して。綾香は元気よ」%K%P
「そうじゃないから安心して。綾香は元気よ」%K%P
「練習中に、候補生の子がひとり、貧血で倒れちゃって。その子を保健室に送り届けただけ」%K%P
「練習中に、候補生の子がひとり、貧血で倒れちゃって。その子を保健室に送り届けただけ」%K%P
「なんだ、良かった……」%K%P
「なんだ、良かった……」%K%P
無事だとわかったこともあるけど、その行動がいかにも綾香さんらしくて、思わず息を吐いてしまう。%K%P
無事だとわかったこともあるけど、その行動がいかにも綾香さんらしくて、思わず息を吐いてしまう。%K%P
「それで、時間も時間だから、今日はそのまま練習は終わりにしようって話になって」%K%P
「それで、時間も時間だから、今日はそのまま練習は終わりにしようって話になって」%K%P
「ああ、それで誰もいなかったんだ」%K%P
「ああ、それで誰もいなかったんだ」%K%P
「そう。あたしはちょっと片付けがあるからまだ残るけど、いずみさんはどうする？」%K%P
「そう。あたしはちょっと片付けがあるからまだ残るけど、いずみさんはどうする？」%K%P
「なら、綾香さんを迎えに行ってみるよ」%K%P
「なら、綾香さんを迎えに行ってみるよ」%K%P
あとは寮に戻るだけだったし、他に用もない。%K%P
あとは寮に戻るだけだったし、他に用もない。%K%P
「そう。じゃあ、あたしは片付けを終えたらそのまま寮に帰るから。綾香にも、そう伝えて」%K%P
「そう。じゃあ、あたしは片付けを終えたらそのまま寮に帰るから。綾香にも、そう伝えて」%K%P
「うん」%K%P
「うん」%K%P
「それにしても、この学園で一番保健室に通っているのは、もしかすると綾香かもしれないわね」%K%P
「それにしても、この学園で一番保健室に通っているのは、もしかすると綾香かもしれないわね」%K%P
「もちろん、付き添いとしてだけど」%K%P
「もちろん、付き添いとしてだけど」%K%P
「それはそれで綾香さんらしい気もするけど」%K%P
「それはそれで綾香さんらしい気もするけど」%K%P
「ふふっ、本当に」%K%P
「ふふっ、本当に」%K%P
修練所から真っ直ぐ保健室までやってくると、ドアの向こうから微かに話し声がした。%K%P
修練所から真っ直ぐ保健室までやってくると、ドアの向こうから微かに話し声がした。%K%P
声をかけてからノックしようと思ったけど、綾香さんの名前が聞こえて、思わず手を止めてしまう。%K%P
声をかけてからノックしようと思ったけど、綾香さんの名前が聞こえて、思わず手を止めてしまう。%K%P
「人の心配をするなとは言わないけれど、西條さんも、もっと自愛しなくては駄目よ？」%K%P
「人の心配をするなとは言わないけれど、西條さんも、もっと自愛しなくては駄目よ？」%K%P
「とくにここ最近、はりきりすぎているように見えるから。無理はしないようにね」%K%P
「とくにここ最近、はりきりすぎているように見えるから。無理はしないようにね」%K%P
「はい、気を付けます」%K%P
「はい、気を付けます」%K%P
「ええ、本当に。あなたになにかあったら、心配する学生は多いんだから」%K%P
「ええ、本当に。あなたになにかあったら、心配する学生は多いんだから」%K%P
「ありがとうございます、先生」%K%P
「ありがとうございます、先生」%K%P
ついつい室内の声に耳を傾けていると、手を掛けていたドアが開く。%K%P
ついつい室内の声に耳を傾けていると、手を掛けていたドアが開く。%K%P
「あっ……」\n「あっ……」%K%P
「あっ……」\n「あっ……」%K%P
顔を見合わせ、お互い声が漏れてしまった。%K%P
顔を見合わせ、お互い声が漏れてしまった。%K%P
「いずみさん……。どうしたの？　怪我？」%K%P
「いずみさん……。どうしたの？　怪我？」%K%P
「ううん、私は綾香さんを迎えに――」%K%P
「ううん、私は綾香さんを迎えに――」%K%P
「どうしたの？　西條さん」%K%P
「どうしたの？　西條さん」%K%P
「いえ、なんでもありません。先生、失礼します」%K%P
「いえ、なんでもありません。先生、失礼します」%K%P
「いきましょう、いずみさん」%K%P
「いきましょう、いずみさん」%K%P
小声で促されて、廊下を歩き出した綾香さんのすぐ側に並ぶ。%K%P
小声で促されて、廊下を歩き出した綾香さんのすぐ側に並ぶ。%K%P
「ごめんね。話、聞こえてきちゃって」%K%P
「ごめんね。話、聞こえてきちゃって」%K%P
立ち聞きするつもりはなかったけど、結果的には同じことだし、素直に謝る。%K%P
立ち聞きするつもりはなかったけど、結果的には同じことだし、素直に謝る。%K%P
「気にしないで。それよりいずみさん、迎えにってことは、誰かから話を聞いたの？」%K%P
「気にしないで。それよりいずみさん、迎えにってことは、誰かから話を聞いたの？」%K%P
「うん、美琴さんに会って――」%K%P
「うん、美琴さんに会って――」%K%P
修練所で美琴さんと出会い、そこで経緯を聞き、綾香さんを迎えに来たんだと告げる。%K%P
修練所で美琴さんと出会い、そこで経緯を聞き、綾香さんを迎えに来たんだと告げる。%K%P
「綾香さん、先生に心配されていたみたいだけど……どこか具合が悪い、とか？」%K%P
「綾香さん、先生に心配されていたみたいだけど……どこか具合が悪い、とか？」%K%P
「ううん、違うわ。大丈夫よ」%K%P
「ううん、違うわ。大丈夫よ」%K%P
「……ただ、最近ちょっと頑張りすぎだから気を付けるように、って注意されちゃって」%K%P
「……ただ、最近ちょっと頑張りすぎだから気を付けるように、って注意されちゃって」%K%P
「ああ……」%K%P
「ああ……」%K%P
その言葉に、思わず納得してしまった。%K%P
その言葉に、思わず納得してしまった。%K%P
それは、昨日１年生の子たちから聞いた話や、綾香さんと一緒に過ごして感じたことでもある。%K%P
それは、昨日１年生の子たちから聞いた話や、綾香さんと一緒に過ごして感じたことでもある。%K%P
綾香さんは困っている人がいると放っておけない。%K%P
綾香さんは困っている人がいると放っておけない。%K%P
さっき美琴さんと、保健室に一番通っているのは綾香さんだ、なんて話を冗談っぽくしていたけれど、それはあながち外れていない気がする。%K%P
さっき美琴さんと、保健室に一番通っているのは綾香さんだ、なんて話を冗談っぽくしていたけれど、それはあながち外れていない気がする。%K%P
でなければ、先生だってわざわざ自愛をするように勧めたりはしないだろうし。%K%P
でなければ、先生だってわざわざ自愛をするように勧めたりはしないだろうし。%K%P
「ねえ？　いずみさんも、そう思う？　わたしが頑張り過ぎ、というか……」%K%P
「ねえ？　いずみさんも、そう思う？　わたしが頑張り過ぎ、というか……」%K%P
「うん。綾香さんはもっとマイペースでもいいと思うよ」%K%P
「うん。綾香さんはもっとマイペースでもいいと思うよ」%K%P
「うーん……。わたしにとっては、これがマイペースのつもりなんだけど……」%K%P
「うーん……。わたしにとっては、これがマイペースのつもりなんだけど……」%K%P
「だとしても、もう少し力を抜いてもいいんじゃないかな」%K%P
「だとしても、もう少し力を抜いてもいいんじゃないかな」%K%P
「けど、深皇祭に向けてみんなが頑張っているのを見ると、力をセーブするなんて出来ないんだもの」%K%P
「けど、深皇祭に向けてみんなが頑張っているのを見ると、力をセーブするなんて出来ないんだもの」%K%P
「それに、いますごく充実しているから。自分でも驚くぐらいあれこれ出来ちゃうの」%K%P
「それに、いますごく充実しているから。自分でも驚くぐらいあれこれ出来ちゃうの」%K%P
心配しないで、という感じで、綾香さんが笑う。%K%P
心配しないで、という感じで、綾香さんが笑う。%K%P
「それなら、今日はこのまま寮に帰って、少しゆっくりしない？」%K%P
「それなら、今日はこのまま寮に帰って、少しゆっくりしない？」%K%P
「ん、そうね。今日もこんな時間まで、たっぷり練習してしまったし」%K%P
「ん、そうね。今日もこんな時間まで、たっぷり練習してしまったし」%K%P
綾香さんが頷いてくれたので、内心ほっとする。%K%P
綾香さんが頷いてくれたので、内心ほっとする。%K%P
実際、綾香さんは色々と頑張り過ぎな気がする。%K%P
実際、綾香さんは色々と頑張り過ぎな気がする。%K%P
でも、頑張ることは悪いことじゃないし、充実しているって微笑む綾香さんを無理に制止もできない。%K%P
でも、頑張ることは悪いことじゃないし、充実しているって微笑む綾香さんを無理に制止もできない。%K%P
それなら、こうして休む機会を作ったりすることで、綾香さんをフォロー出来れば、と思う。%K%P
それなら、こうして休む機会を作ったりすることで、綾香さんをフォロー出来れば、と思う。%K%P
今までずっと、フォローしてきてもらったし。%K%P
今までずっと、フォローしてきてもらったし。%K%P
