エッチを終えて、２人とも制服に着替えて……でも、どうしても教室から去りがたくて。%K%P
エッチを終えて、２人とも制服に着替えて……でも、どうしても教室から去りがたくて。%K%P
僕と希実ちゃんは、日が落ちた後も、とくに何をするでもなく教室に残っていた。%K%P
僕と希実ちゃんは、日が落ちた後も、とくに何をするでもなく教室に残っていた。%K%P
「……さすがに、そろそろ帰らないと」%K%P
「……さすがに、そろそろ帰らないと」%K%P
「……はい」%K%P
「……はい」%K%P
寂しそうに頷く希実ちゃんの髪を撫でたあと、そのまま、ゆっくりと抱き寄せた。%K%P
寂しそうに頷く希実ちゃんの髪を撫でたあと、そのまま、ゆっくりと抱き寄せた。%K%P
「ひとつ、思いついたことがあるんだけど……聞いてくれる？」%K%P
「ひとつ、思いついたことがあるんだけど……聞いてくれる？」%K%P
「なんですか？」%K%P
「なんですか？」%K%P
「{最優秀騎士:ブリランテ}の副賞のこと」%K%P
「{最優秀騎士:ブリランテ}の副賞のこと」%K%P
「色々考えてみたんだけど……来年の深皇祭に招待してもらう、っていうのは、どうかな？」%K%P
「色々考えてみたんだけど……来年の深皇祭に招待してもらう、っていうのは、どうかな？」%K%P
「招待、ですか？」%K%P
「招待、ですか？」%K%P
「うん。次は編入生でも{騎士:ワルキュリア}でも{歌姫:ディーバ}でもなく、ゲストとして」%K%P
「うん。次は編入生でも{騎士:ワルキュリア}でも{歌姫:ディーバ}でもなく、ゲストとして」%K%P
「そうすれば来年も、希実ちゃんの晴れ姿を見ることが出来るでしょ？」%K%P
「そうすれば来年も、希実ちゃんの晴れ姿を見ることが出来るでしょ？」%K%P
「いずみ様……」%K%P
「いずみ様……」%K%P
「だから、希実ちゃんには来年の深皇祭でも、{歌姫:ディーバ}を務めて欲しいな」%K%P
「だから、希実ちゃんには来年の深皇祭でも、{歌姫:ディーバ}を務めて欲しいな」%K%P
「……あっ、こっちは{最優秀騎士:ブリランテ}としてのお願い事じゃなく、私の個人的なお願いだからね？」%K%P
「……あっ、こっちは{最優秀騎士:ブリランテ}としてのお願い事じゃなく、私の個人的なお願いだからね？」%K%P
「……どうかな？　聞いてくれる？」%K%P
「……どうかな？　聞いてくれる？」%K%P
「はい、もちろんっ……」%K%P
「はい、もちろんっ……」%K%P
寂しさを振り払うように、希実ちゃんが頷く。%K%P
寂しさを振り払うように、希実ちゃんが頷く。%K%P
「私、来年も絶対、{歌姫:ディーバ}を務めます」%K%P
「私、来年も絶対、{歌姫:ディーバ}を務めます」%K%P
「いずみ様に教わったいろいろなことを、もっと体現できるように、精一杯、努力をして――――」%K%P
「いずみ様に教わったいろいろなことを、もっと体現できるように、精一杯、努力をして――――」%K%P
「それこそ、いずみ様に負けないぐらい素敵な{歌姫:ディーバ}になれるように、頑張ります」%K%P
「それこそ、いずみ様に負けないぐらい素敵な{歌姫:ディーバ}になれるように、頑張ります」%K%P
「うん」%K%P
「うん」%K%P
真っ直ぐな希実ちゃんの返事が嬉しくて、だから、そんな彼女を、さらに強く抱きしめてしまう。%K%P
真っ直ぐな希実ちゃんの返事が嬉しくて、だから、そんな彼女を、さらに強く抱きしめてしまう。%K%P
歌を怖がる{歌姫:ディーバ}は、もういない。%K%P
歌を怖がる{歌姫:ディーバ}は、もういない。%K%P
来年の深皇祭が今年以上に素晴らしいものになることは、これでもう、決まったようなものだ。%K%P
来年の深皇祭が今年以上に素晴らしいものになることは、これでもう、決まったようなものだ。%K%P
