ことりちゃんが夕陽ちゃんに破れた結果、奏さんの縛めは解かれ、僕らの敗北が決まった。%K%P
ことりちゃんが夕陽ちゃんに破れた結果、奏さんの縛めは解かれ、僕らの敗北が決まった。%K%P
綾香さんは楓さんと互角以上の戦いを繰り広げ、美琴さんは千影さんの双剣を相手に善戦していた。%K%P
綾香さんは楓さんと互角以上の戦いを繰り広げ、美琴さんは千影さんの双剣を相手に善戦していた。%K%P
美琴さん曰く……『あたしにしては、頑張ったんじゃない？』との事だったが。%K%P
美琴さん曰く……『あたしにしては、頑張ったんじゃない？』との事だったが。%K%P
けれども……そう言う彼女の顔には、言葉とは裏腹に悔しげな表情が浮かんでいた。%K%P
けれども……そう言う彼女の顔には、言葉とは裏腹に悔しげな表情が浮かんでいた。%K%P
「お待たせ、ことりちゃん。結構待ったでしょ？　ごめんね」%K%P
「お待たせ、ことりちゃん。結構待ったでしょ？　ごめんね」%K%P
「えへへ、ちょっとだけです。姉様、クラスメイトの方に捕まってましたね」%K%P
「えへへ、ちょっとだけです。姉様、クラスメイトの方に捕まってましたね」%K%P
終わった後、アリアをモニターで見ていたクラスの子達が、僕を訪ねてきてくれた。%K%P
終わった後、アリアをモニターで見ていたクラスの子達が、僕を訪ねてきてくれた。%K%P
口々に褒めてくれるのは嬉しいのだけど、女の子特有の距離の近さというか、コミニュケーションの濃さというかで……正直参ってしまった。%K%P
口々に褒めてくれるのは嬉しいのだけど、女の子特有の距離の近さというか、コミニュケーションの濃さというかで……正直参ってしまった。%K%P
「姉様嬉しそうなお顔してましたね。もう、お鼻の下、すっごく伸びてました。写真に撮っておきたかったくらいです」%K%P
「姉様嬉しそうなお顔してましたね。もう、お鼻の下、すっごく伸びてました。写真に撮っておきたかったくらいです」%K%P
「ええ？　そんなこと、ないでしょ？　か、変らなかったはず」%K%P
「ええ？　そんなこと、ないでしょ？　か、変らなかったはず」%K%P
「え、綺麗な女の方に囲まれて、満更でもなかったんじゃないですか、{兄様:・・}」%K%P
「え、綺麗な女の方に囲まれて、満更でもなかったんじゃないですか、{兄様:・・}」%K%P
うぅ、こんな時だけ、僕が男の子だって強調しないでよ――僕は参ったというように片手で拝む。%K%P
うぅ、こんな時だけ、僕が男の子だって強調しないでよ――僕は参ったというように片手で拝む。%K%P
「もう、カンベンしてよ、ことりちゃん。この通り」%K%P
「もう、カンベンしてよ、ことりちゃん。この通り」%K%P
「わかりました、許してあげます、兄様」%K%P
「わかりました、許してあげます、兄様」%K%P
うう、ことりちゃん、なんだか強くなったなぁ。最初はもっと引っ込み思案ていうか、弱々しい感じだったのに。%K%P
うう、ことりちゃん、なんだか強くなったなぁ。最初はもっと引っ込み思案ていうか、弱々しい感じだったのに。%K%P
でも、どっちかといえば、今の彼女の方が魅力的かも知れない。%K%P
でも、どっちかといえば、今の彼女の方が魅力的かも知れない。%K%P
「ふぅ……ほんとに終わっちゃったんですね、アリア」%K%P
「ふぅ……ほんとに終わっちゃったんですね、アリア」%K%P
少し遠くを見るようにして、ことりちゃんが呟く。%K%P
少し遠くを見るようにして、ことりちゃんが呟く。%K%P
僕がこの学園に転入する切っ掛けとなった深皇祭。%K%P
僕がこの学園に転入する切っ掛けとなった深皇祭。%K%P
今ではまるで夢の中の出来事のように思える。%K%P
今ではまるで夢の中の出来事のように思える。%K%P
確かなのは体の中に残る余熱と、目の前にいる女の子との絆だった。%K%P
確かなのは体の中に残る余熱と、目の前にいる女の子との絆だった。%K%P
「ことりちゃん、こっちにおいで」%K%P
「ことりちゃん、こっちにおいで」%K%P
「は、はい……んぅ……兄様……どうしたんですか？　お疲れですか？」%K%P
「は、はい……んぅ……兄様……どうしたんですか？　お疲れですか？」%K%P
「ふぅ……そうかもしれない。ふふ、ことりちゃんは柔らかくて、ふかふかだね」%K%P
「ふぅ……そうかもしれない。ふふ、ことりちゃんは柔らかくて、ふかふかだね」%K%P
髪も背中も手も……全部が柔らかくて、触り心地がいい。%K%P
髪も背中も手も……全部が柔らかくて、触り心地がいい。%K%P
沸き上がってくる寂寥感を押し殺すように抱きしめた。%K%P
沸き上がってくる寂寥感を押し殺すように抱きしめた。%K%P
「はふぅ…………ことりも気持ちいいです、兄様。やっぱり私もちょこっと疲れたかも知れないです」%K%P
「はふぅ…………ことりも気持ちいいです、兄様。やっぱり私もちょこっと疲れたかも知れないです」%K%P
「あーあ、もうちょっとだったのになぁ……あと少しで、勝てて……デート出来たのに」%K%P
「あーあ、もうちょっとだったのになぁ……あと少しで、勝てて……デート出来たのに」%K%P
「え？　デートしないの？　僕はするつもりだったんだけど……イヤになっちゃった？」%K%P
「え？　デートしないの？　僕はするつもりだったんだけど……イヤになっちゃった？」%K%P
「ええ！？　い、イヤになんてなってないですよ！」%K%P
「ええ！？　い、イヤになんてなってないですよ！」%K%P
僕の言葉にビックリしてぴょんと後ろに跳ねることりちゃん。%K%P
僕の言葉にビックリしてぴょんと後ろに跳ねることりちゃん。%K%P
「だって、兄様、勝てたらデートだって……」%K%P
「だって、兄様、勝てたらデートだって……」%K%P
「いやいや、アリアを無事終えたらって言ったけど。あーやっぱり誤解してたんだね」%K%P
「いやいや、アリアを無事終えたらって言ったけど。あーやっぱり誤解してたんだね」%K%P
そんな気はしてたんだよね……ことりちゃんて、結構思い込みが激しいというか、周りが見えなくなるところあるから。%K%P
そんな気はしてたんだよね……ことりちゃんて、結構思い込みが激しいというか、周りが見えなくなるところあるから。%K%P
「じゃあ、デートしてくれるんですか！？　や、やったぁ！」%K%P
「じゃあ、デートしてくれるんですか！？　や、やったぁ！」%K%P
「えっと、ど、どこに行きましょう！？　なにしましょう！？　う～、楽しみだなぁ～」%K%P
「えっと、ど、どこに行きましょう！？　なにしましょう！？　う～、楽しみだなぁ～」%K%P
「ほらほら、そんなにはしゃがないで。疲れてるんだから、怪我するよ」%K%P
「ほらほら、そんなにはしゃがないで。疲れてるんだから、怪我するよ」%K%P
子供のように無邪気にはしゃぐことりちゃんを見ていたら、自然と頬が緩んできた。%K%P
子供のように無邪気にはしゃぐことりちゃんを見ていたら、自然と頬が緩んできた。%K%P
やっぱり、この学園に転入して、{歌姫:ディーバ}を演じたのは間違いじゃなかったんだな。%K%P
やっぱり、この学園に転入して、{歌姫:ディーバ}を演じたのは間違いじゃなかったんだな。%K%P
「あの、兄様っ、ことり決めましたっ。聞いてくれますか？」%K%P
「あの、兄様っ、ことり決めましたっ。聞いてくれますか？」%K%P
ぐっと両手を握って、気合いをいれることりちゃん。%K%P
ぐっと両手を握って、気合いをいれることりちゃん。%K%P
「うん、もちろん。なにを決めたのかな？」%K%P
「うん、もちろん。なにを決めたのかな？」%K%P
「今年は負けてしまいましたけど……次こそは……来年のアリアは、ぜーったいに勝ちますから！」%K%P
「今年は負けてしまいましたけど……次こそは……来年のアリアは、ぜーったいに勝ちますから！」%K%P
びしっと宣言することりちゃん。その顔は晴れ晴れとしていた。%K%P
びしっと宣言することりちゃん。その顔は晴れ晴れとしていた。%K%P
