今日は一人で学園に向う。綾香さん達は、深皇祭の準備があるらしくて、先に寮を出ていた。%K%P
今日は一人で学園に向う。綾香さん達は、深皇祭の準備があるらしくて、先に寮を出ていた。%K%P
西洋風の校舎が目に入る。相変わらずの荘厳な造りに、足が止まる。%K%P
西洋風の校舎が目に入る。相変わらずの荘厳な造りに、足が止まる。%K%P
祖父母の家のそばにあった、大きな市庁舎を思い出した。建物の天辺から朝日がのぼる様は、子供心にも感動した物だった。%K%P
祖父母の家のそばにあった、大きな市庁舎を思い出した。建物の天辺から朝日がのぼる様は、子供心にも感動した物だった。%K%P
「ふふ、なんだか懐かしいかも」%K%P
「ふふ、なんだか懐かしいかも」%K%P
「あら、どうしてですの？」%K%P
「あら、どうしてですの？」%K%P
思わず呟いた言葉に、柔らかな声音が返ってくる。%K%P
思わず呟いた言葉に、柔らかな声音が返ってくる。%K%P
「あっ、奏さん。ごきげんよう」%K%P
「あっ、奏さん。ごきげんよう」%K%P
「はい、ごきげんよう。それで、なにが懐かしいですの？」%K%P
「はい、ごきげんよう。それで、なにが懐かしいですの？」%K%P
小首を傾げる仕草。柔らかな髪が肩に掛かる――ほんとうにどこもかしこも可愛らしい人だな。%K%P
小首を傾げる仕草。柔らかな髪が肩に掛かる――ほんとうにどこもかしこも可愛らしい人だな。%K%P
「聞かれちゃったんだ。あのね、学園の建物がヨーロッパで見たものと、雰囲気が似てたから」%K%P
「聞かれちゃったんだ。あのね、学園の建物がヨーロッパで見たものと、雰囲気が似てたから」%K%P
「あら、そうでしたの。いずみさんはこの学園がヨーロッパにある姉妹校をお手本にしていることは、ご存じかしら？」%K%P
「あら、そうでしたの。いずみさんはこの学園がヨーロッパにある姉妹校をお手本にしていることは、ご存じかしら？」%K%P
「うん。たしか……あ、アリアン……」%K%P
「うん。たしか……あ、アリアン……」%K%P
「ふふ、アリアンロッド女学院ですわ。いずみさんは昔からヨーロッパにいらしたのですか？」%K%P
「ふふ、アリアンロッド女学院ですわ。いずみさんは昔からヨーロッパにいらしたのですか？」%K%P
「うん、お祖母ちゃん達が住んでいたから、長期の休みとか、結構行ってて」%K%P
「うん、お祖母ちゃん達が住んでいたから、長期の休みとか、結構行ってて」%K%P
「そうだったんですの。留学もされてますし……あちらとのご縁が深いのですね、ふふふ」%K%P
「そうだったんですの。留学もされてますし……あちらとのご縁が深いのですね、ふふふ」%K%P
「縁……言われてみれば、それはあるかも」%K%P
「縁……言われてみれば、それはあるかも」%K%P
そよと風が吹き、木々がざわめく。甘い香りが、僕の鼻先を掠めた。%K%P
そよと風が吹き、木々がざわめく。甘い香りが、僕の鼻先を掠めた。%K%P
「ん…………なんか良い匂いがする。なんだろう、甘いような……お菓子？」%K%P
「ん…………なんか良い匂いがする。なんだろう、甘いような……お菓子？」%K%P
「あらあら、お鼻ぴくぴくしてますわよ？　まるで、犬さんみたいです、うふふ」%K%P
「あらあら、お鼻ぴくぴくしてますわよ？　まるで、犬さんみたいです、うふふ」%K%P
「あ、あう……その、とても美味しそうな匂いだったから。恥ずかしい……」%K%P
「あ、あう……その、とても美味しそうな匂いだったから。恥ずかしい……」%K%P
あわてて手の平で鼻を隠す。うう、淑女らしくない振る舞いだった……%K%P
あわてて手の平で鼻を隠す。うう、淑女らしくない振る舞いだった……%K%P
「ふふふ。今朝、早く目が醒めてしまったので、お菓子を焼いてきたんですの」%K%P
「ふふふ。今朝、早く目が醒めてしまったので、お菓子を焼いてきたんですの」%K%P
「えっ、お菓子？　朝からなんて……大変じゃない？」%K%P
「えっ、お菓子？　朝からなんて……大変じゃない？」%K%P
僕はお菓子とか作ったことが無いから分からないけど、オーブンで焼いたりとか、結構手間が掛かるんじゃないかな？%K%P
僕はお菓子とか作ったことが無いから分からないけど、オーブンで焼いたりとか、結構手間が掛かるんじゃないかな？%K%P
「それ程でもないですわ。前にお話ししたでしょう？　私の家は洋菓子店なので、慣れているんです」%K%P
「それ程でもないですわ。前にお話ししたでしょう？　私の家は洋菓子店なので、慣れているんです」%K%P
「あ、そういえばそうだったね。じゃあ普段から良く作ってるんだ？」%K%P
「あ、そういえばそうだったね。じゃあ普段から良く作ってるんだ？」%K%P
「ええ、下準備を終えて、オーブンに入れてしまえば、後は待つだけですから。焼いている間に着替えや準備もできますから」%K%P
「ええ、下準備を終えて、オーブンに入れてしまえば、後は待つだけですから。焼いている間に着替えや準備もできますから」%K%P
そうなのか……奏さんって見た目よりといっては失礼かもしれないけど、結構テキパキとしてるのかも。%K%P
そうなのか……奏さんって見た目よりといっては失礼かもしれないけど、結構テキパキとしてるのかも。%K%P
「お店は、ご家族でされてるの？」%K%P
「お店は、ご家族でされてるの？」%K%P
「父がパティシエ、母が経営……マネジメントをしていますわ。働いている方も何人かいらっしゃいますし、そこそこ大きなお店ですわ、ふふふ」%K%P
「父がパティシエ、母が経営……マネジメントをしていますわ。働いている方も何人かいらっしゃいますし、そこそこ大きなお店ですわ、ふふふ」%K%P
「えっ、そうだったんだ。勝手にこぢんまりとした、お店を想像してたよ」%K%P
「えっ、そうだったんだ。勝手にこぢんまりとした、お店を想像してたよ」%K%P
家の近所にあったお菓子屋さんも家族で経営しているようなお店だったし。%K%P
家の近所にあったお菓子屋さんも家族で経営しているようなお店だったし。%K%P
でも考えてみれば、お嬢様たちが集う深皇学園の学生だし、裕福なお家だよね。%K%P
でも考えてみれば、お嬢様たちが集う深皇学園の学生だし、裕福なお家だよね。%K%P
「母に才覚があったのでしょうか、気がついたら大きなお店になっていました。私が子供の頃は、いずみさんがおっしゃったように、家族経営でしたのに」%K%P
「母に才覚があったのでしょうか、気がついたら大きなお店になっていました。私が子供の頃は、いずみさんがおっしゃったように、家族経営でしたのに」%K%P
「父ったら作ることに夢中で、他のことは母に任せきり……ふふ、男の方ってそういうところ、ありますわよね？」%K%P
「父ったら作ることに夢中で、他のことは母に任せきり……ふふ、男の方ってそういうところ、ありますわよね？」%K%P
唇に手をあてて、小さく笑う奏さん――多分、他意はないんだろうけど……色々な意味で鼓動が早くなる。%K%P
唇に手をあてて、小さく笑う奏さん――多分、他意はないんだろうけど……色々な意味で鼓動が早くなる。%K%P
「ど、どうなんだろうね～あ、あはは……っと、いい時間だね、そろそろ中に入らない？」%K%P
「ど、どうなんだろうね～あ、あはは……っと、いい時間だね、そろそろ中に入らない？」%K%P
「あらあら、そんな時間ですの？　いずみさんとのお話しが楽しくて、つい。{歌姫:ディーバ}ふたりがそろって遅刻するわけにはいきませんわね」%K%P
「あらあら、そんな時間ですの？　いずみさんとのお話しが楽しくて、つい。{歌姫:ディーバ}ふたりがそろって遅刻するわけにはいきませんわね」%K%P
と、口では言うものの、相変らずのマイペース。ふふ、奏さんのこういうところ、いいなぁ。%K%P
と、口では言うものの、相変らずのマイペース。ふふ、奏さんのこういうところ、いいなぁ。%K%P
「そうでした……いずみさん、お昼休み、お時間ありますか？」%K%P
「そうでした……いずみさん、お昼休み、お時間ありますか？」%K%P
「うん、大丈夫だと思う。なにかあるの？」%K%P
「うん、大丈夫だと思う。なにかあるの？」%K%P
「はい。少々作りすぎてしまったので、みなさんにもおすそ分けをと思いまして。よろしければいずみさんもと」%K%P
「はい。少々作りすぎてしまったので、みなさんにもおすそ分けをと思いまして。よろしければいずみさんもと」%K%P
奏さんが手に持っていたバスケットを掲げる。メイプルのような甘い香りが漂ってくる。%K%P
奏さんが手に持っていたバスケットを掲げる。メイプルのような甘い香りが漂ってくる。%K%P
「わ、ありがとう！　必ず行くから」%K%P
「わ、ありがとう！　必ず行くから」%K%P
「是非いらして下さいね。それでは庭園でお待ちしておりますから」%K%P
「是非いらして下さいね。それでは庭園でお待ちしておりますから」%K%P
「あら、予鈴ですわね。ふふ、いずみさん、まいりましょうか」%K%P
「あら、予鈴ですわね。ふふ、いずみさん、まいりましょうか」%K%P
「あっ……は、はい」%K%P
「あっ……は、はい」%K%P
ごく自然な仕草で手を伸ばす奏さん。%K%P
ごく自然な仕草で手を伸ばす奏さん。%K%P
僕の腕をそっと絡め取ると、柔らかな笑みを浮かべ、歩き始めた。%K%P
僕の腕をそっと絡め取ると、柔らかな笑みを浮かべ、歩き始めた。%K%P
