「では、本日はここまで」%K%P
「では、本日はここまで」%K%P
チャイムの音色とともに、教室の緊張が解ける。%K%P
チャイムの音色とともに、教室の緊張が解ける。%K%P
お昼休みを迎えたときの、安堵感みたいな独特の空気は、お嬢様学園といっても変わりない。%K%P
お昼休みを迎えたときの、安堵感みたいな独特の空気は、お嬢様学園といっても変わりない。%K%P
「ねえ、いずみさん。今日はランチどうする？」%K%P
「ねえ、いずみさん。今日はランチどうする？」%K%P
「なら、なにか買って庭園で食べない？」%K%P
「なら、なにか買って庭園で食べない？」%K%P
「ご一緒しても？」%K%P
「ご一緒しても？」%K%P
「もちろん」%K%P
「もちろん」%K%P
食堂へ向かう途中、女の子たちが集まって楽しそうに立ち話をしている姿が目に入った。%K%P
食堂へ向かう途中、女の子たちが集まって楽しそうに立ち話をしている姿が目に入った。%K%P
向こうもこちらを見ていたので、自然と会釈。%K%P
向こうもこちらを見ていたので、自然と会釈。%K%P
「なんだか、見られてる気がするんだけど……」%K%P
「なんだか、見られてる気がするんだけど……」%K%P
{歌姫:ディーバ}であるせいか、視線を感じることはわりとある。%K%P
{歌姫:ディーバ}であるせいか、視線を感じることはわりとある。%K%P
けど、今日はやけにそれが多い。%K%P
けど、今日はやけにそれが多い。%K%P
「明日はお披露目会があるから、きっとそのせいじゃない？」%K%P
「明日はお披露目会があるから、きっとそのせいじゃない？」%K%P
「お披露目会って……なにをお披露目するの？」%K%P
「お披露目会って……なにをお披露目するの？」%K%P
「今年のアリアに参加する{歌姫:ディーバ}と{騎士:ワルキュリア}を全学生にあらためて紹介するの」%K%P
「今年のアリアに参加する{歌姫:ディーバ}と{騎士:ワルキュリア}を全学生にあらためて紹介するの」%K%P
「{歌姫:ディーバ}を、って……き、聞いてないよ？」%K%P
「{歌姫:ディーバ}を、って……き、聞いてないよ？」%K%P
「慌てなくても大丈夫よ。明日は簡単な自己紹介をするだけで、歌ったりする場ではないから」%K%P
「慌てなくても大丈夫よ。明日は簡単な自己紹介をするだけで、歌ったりする場ではないから」%K%P
「ただ、間に合えば衣装はお披露目になるかも」%K%P
「ただ、間に合えば衣装はお披露目になるかも」%K%P
「この前採寸したばかりなのに……」%K%P
「この前採寸したばかりなのに……」%K%P
「もともとデザインは決まっていたようだし。姉さん、大急ぎで用意するって張り切っていたもの」%K%P
「もともとデザインは決まっていたようだし。姉さん、大急ぎで用意するって張り切っていたもの」%K%P
「そ、そう……」%K%P
「そ、そう……」%K%P
まさか、こんなに早く着るかもしれないなんて。%K%P
まさか、こんなに早く着るかもしれないなんて。%K%P
この制服で人前に立つのですら結構な勇気がいったのに……うぅ、どんな衣装なんだろう。%K%P
この制服で人前に立つのですら結構な勇気がいったのに……うぅ、どんな衣装なんだろう。%K%P
「そしてお披露目会が終わると、深皇祭に向けての準備が本格的に始まるの」%K%P
「そしてお披露目会が終わると、深皇祭に向けての準備が本格的に始まるの」%K%P
「準備、って……具体的にはどんな？」%K%P
「準備、って……具体的にはどんな？」%K%P
「それぞれの部活が成果を発表するから、そのための用意とか、定番だけど飾りつけとか」%K%P
「それぞれの部活が成果を発表するから、そのための用意とか、定番だけど飾りつけとか」%K%P
「深皇祭って、学園祭であると同時に、オープンキャンパスも兼ねているのよ」%K%P
「深皇祭って、学園祭であると同時に、オープンキャンパスも兼ねているのよ」%K%P
「深皇に興味があって、進学したいって考えている子は、事前に申し込むことで見学にこられるの」%K%P
「深皇に興味があって、進学したいって考えている子は、事前に申し込むことで見学にこられるの」%K%P
「もちろん、女の子だけね。深皇祭は基本招待制で、父兄でもないかぎり男性は入れないから」%K%P
「もちろん、女の子だけね。深皇祭は基本招待制で、父兄でもないかぎり男性は入れないから」%K%P
「そ、そうなんだ……」%K%P
「そ、そうなんだ……」%K%P
僕って本当に、特例というか例外というか、イレギュラーな存在なんだなぁ……。%K%P
僕って本当に、特例というか例外というか、イレギュラーな存在なんだなぁ……。%K%P
「ちなみに、あたしと綾香も、小さな頃に深皇祭を見学したのよね」%K%P
「ちなみに、あたしと綾香も、小さな頃に深皇祭を見学したのよね」%K%P
「小さな頃に？」%K%P
「小さな頃に？」%K%P
「姉さんが在学中だった頃の話」%K%P
「姉さんが在学中だった頃の話」%K%P
「それで、２人揃って、ここに入りたいって」%K%P
「それで、２人揃って、ここに入りたいって」%K%P
「へえ……」%K%P
「へえ……」%K%P
「深皇って教育方針が少し特殊でしょ？　それを知ってもらうためにも、深皇祭はとても大事なの」%K%P
「深皇って教育方針が少し特殊でしょ？　それを知ってもらうためにも、深皇祭はとても大事なの」%K%P
「{騎士:ワルキュリア}は学園の顔。その候補生に選ばれるのは、とっても名誉なことなんだから」%K%P
「{騎士:ワルキュリア}は学園の顔。その候補生に選ばれるのは、とっても名誉なことなんだから」%K%P
「だから、アリアに出場しない候補生も、深皇祭ではやることが多くて忙しいのよ」%K%P
「だから、アリアに出場しない候補生も、深皇祭ではやることが多くて忙しいのよ」%K%P
「剣舞や馬術を披露して見せたり、見学者に案内や説明をしたり」%K%P
「剣舞や馬術を披露して見せたり、見学者に案内や説明をしたり」%K%P
「あぁ……つまり、文化祭実行委員、みたいなものなのかな？」%K%P
「あぁ……つまり、文化祭実行委員、みたいなものなのかな？」%K%P
「うん、イメージとしては間違ってないかも。候補生に憧れて入学を決意する子も多いって言うし」%K%P
「うん、イメージとしては間違ってないかも。候補生に憧れて入学を決意する子も多いって言うし」%K%P
「じゃあ、美琴さんも綾香さんも大変だね。なんといっても{騎士:ワルキュリア}だし」%K%P
「じゃあ、美琴さんも綾香さんも大変だね。なんといっても{騎士:ワルキュリア}だし」%K%P
「なに言ってるの？　それは{歌姫:ディーバ}であるいずみさんも同じでしょ？」%K%P
「なに言ってるの？　それは{歌姫:ディーバ}であるいずみさんも同じでしょ？」%K%P
「そうそう。{歌姫:ディーバ}に憧れる子も少なくないから」%K%P
「そうそう。{歌姫:ディーバ}に憧れる子も少なくないから」%K%P
「千影さんや奏さんが１年生に人気があるのも、去年の活躍を知っている子が多いからだと思うわ」%K%P
「千影さんや奏さんが１年生に人気があるのも、去年の活躍を知っている子が多いからだと思うわ」%K%P
話を聞けば聞くほど、{歌姫:ディーバ}って大任だ。%K%P
話を聞けば聞くほど、{歌姫:ディーバ}って大任だ。%K%P
「あっ、でも、お披露目会が終わってから準備が始まるってことは、私も、なにかすることがあるの？」%K%P
「あっ、でも、お披露目会が終わってから準備が始まるってことは、私も、なにかすることがあるの？」%K%P
「{歌姫:ディーバ}のすべきことといったら、なにをおいても歌の練習、でしょうね」%K%P
「{歌姫:ディーバ}のすべきことといったら、なにをおいても歌の練習、でしょうね」%K%P
「あとは体調管理。これは{騎士:ワルキュリア}であるあたしたちも同じだけど」%K%P
「あとは体調管理。これは{騎士:ワルキュリア}であるあたしたちも同じだけど」%K%P
「他には？　設営の手伝い、とか……」%K%P
「他には？　設営の手伝い、とか……」%K%P
「そういった仕事はとくにないわ。もちろん、手伝うのは自由だけど」%K%P
「そういった仕事はとくにないわ。もちろん、手伝うのは自由だけど」%K%P
「{騎士:ワルキュリア}と{歌姫:ディーバ}が心置きなく活躍できるよう、みんなが支えてくれる、というわけ」%K%P
「{騎士:ワルキュリア}と{歌姫:ディーバ}が心置きなく活躍できるよう、みんなが支えてくれる、というわけ」%K%P
「深皇祭の目玉、アリアの主役は{騎士:ワルキュリア}と{歌姫:ディーバ}よ。だからこそ、わたしたちには期待と注目が集まるの」%K%P
「深皇祭の目玉、アリアの主役は{騎士:ワルキュリア}と{歌姫:ディーバ}よ。だからこそ、わたしたちには期待と注目が集まるの」%K%P
「それに応えるために、最善を尽くすこと。それが、なによりの仕事と言えるわね」%K%P
「それに応えるために、最善を尽くすこと。それが、なによりの仕事と言えるわね」%K%P
「なるほど……」%K%P
「なるほど……」%K%P
「そうは見えないかもしれないけど、あたしだって{騎士:ワルキュリア}に選ばれて緊張しているんだから」%K%P
「そうは見えないかもしれないけど、あたしだって{騎士:ワルキュリア}に選ばれて緊張しているんだから」%K%P
「とくに今年は、アリアが開催出来なくなるんじゃないか、なんて話も出ていたし」%K%P
「とくに今年は、アリアが開催出来なくなるんじゃないか、なんて話も出ていたし」%K%P
「みんな、いずみさんが{歌姫:ディーバ}を引き受けてくれたことに感謝しているのよ」%K%P
「みんな、いずみさんが{歌姫:ディーバ}を引き受けてくれたことに感謝しているのよ」%K%P
「わたしたち{騎士:ワルキュリア}が深皇祭で勇姿を披露できるのも、いずみさんがいればこそだもの」%K%P
「わたしたち{騎士:ワルキュリア}が深皇祭で勇姿を披露できるのも、いずみさんがいればこそだもの」%K%P
「う、うんっ……」%K%P
「う、うんっ……」%K%P
綾香さん達にその気がないとわかっていても、言外にプレッシャーをかけられたようで気が引き締まる。%K%P
綾香さん達にその気がないとわかっていても、言外にプレッシャーをかけられたようで気が引き締まる。%K%P
他の子も、{歌姫:ディーバ}である僕にそういった期待を向けていると思って間違いないんだから。%K%P
他の子も、{歌姫:ディーバ}である僕にそういった期待を向けていると思って間違いないんだから。%K%P
――――なんてことがあったせいか、その夜はお風呂からあがっても、なかなか寝付けなかった。%K%P
――――なんてことがあったせいか、その夜はお風呂からあがっても、なかなか寝付けなかった。%K%P
