二人で愛し合った後、僕らは、部屋でのんびりと過ごした。%K%P
二人で愛し合った後、僕らは、部屋でのんびりと過ごした。%K%P
楓に膝枕をしてもらったり他愛もない雑談に花を咲かせたりして、二人で笑い転げる。%K%P
楓に膝枕をしてもらったり他愛もない雑談に花を咲かせたりして、二人で笑い転げる。%K%P
楓が持ってきてくれたお弁当を食べながら、そしてクッキーや長命寺を摘みながら、話し続ける。%K%P
楓が持ってきてくれたお弁当を食べながら、そしてクッキーや長命寺を摘みながら、話し続ける。%K%P
幾ら話しても話題は尽きない、ほんと不思議だ。%K%P
幾ら話しても話題は尽きない、ほんと不思議だ。%K%P
「――ふふふ、逆方向の電車に乗るくらいはあるけど、国境まで気がつかないって……司、それはのんびりし過ぎ」%K%P
「――ふふふ、逆方向の電車に乗るくらいはあるけど、国境まで気がつかないって……司、それはのんびりし過ぎ」%K%P
「だって、レッスン続きで疲れたんだよ、ちょっとだけ寝ようって思ってたら、随分過ぎてて……あの時は焦ったなぁ」%K%P
「だって、レッスン続きで疲れたんだよ、ちょっとだけ寝ようって思ってたら、随分過ぎてて……あの時は焦ったなぁ」%K%P
涼やかな目元を指先で拭う楓。もう、笑いすぎだよ。%K%P
涼やかな目元を指先で拭う楓。もう、笑いすぎだよ。%K%P
「ふふふ、はぁ～、司の話は面白いな。まるでその場にいるような気になる」%K%P
「ふふふ、はぁ～、司の話は面白いな。まるでその場にいるような気になる」%K%P
「うん、なんだか、留学するのが楽しみになってきた」%K%P
「うん、なんだか、留学するのが楽しみになってきた」%K%P
「そう？　それは良かった。涙が出るほど笑われた甲斐があったよ」%K%P
「そう？　それは良かった。涙が出るほど笑われた甲斐があったよ」%K%P
「ん、そうだね。あー、しばらくは思い出し笑いするかも……っとハンカチ……あ、そうか、これ司のだった」%K%P
「ん、そうだね。あー、しばらくは思い出し笑いするかも……っとハンカチ……あ、そうか、これ司のだった」%K%P
再び目元を拭おうとして、ポケットを探る楓。けど、彼女が着ている制服は、僕の物だった。%K%P
再び目元を拭おうとして、ポケットを探る楓。けど、彼女が着ている制服は、僕の物だった。%K%P
着たまま愛し合ってしまったので、制服は凄いことになってしまって……さすがにアレじゃマズイよね。%K%P
着たまま愛し合ってしまったので、制服は凄いことになってしまって……さすがにアレじゃマズイよね。%K%P
「どう？　なんとかなりそうかな。多分、大きめだよね？」%K%P
「どう？　なんとかなりそうかな。多分、大きめだよね？」%K%P
「うん、ぶかぶかかも。まあ、大きい分には着れないこと無いから……あ、でも、ここは……少しキツイかな、ふふふ」%K%P
「うん、ぶかぶかかも。まあ、大きい分には着れないこと無いから……あ、でも、ここは……少しキツイかな、ふふふ」%K%P
胸を張る楓。なんだか、少し悔しいような、複雑な気持ち。%K%P
胸を張る楓。なんだか、少し悔しいような、複雑な気持ち。%K%P
「ふふふ、男の子がそんなところで張り合ってどうするの。これ、洗って返すね――って、あ、そうか……」%K%P
「ふふふ、男の子がそんなところで張り合ってどうするの。これ、洗って返すね――って、あ、そうか……」%K%P
「司、明日でいなくなっちゃうんだ。あは、うっかりしてた。全然そんな気がしなくて……」%K%P
「司、明日でいなくなっちゃうんだ。あは、うっかりしてた。全然そんな気がしなくて……」%K%P
「楓……」%K%P
「楓……」%K%P
笑顔が曇る。こんな表情をさせたくない、けれど、事実は変らない。%K%P
笑顔が曇る。こんな表情をさせたくない、けれど、事実は変らない。%K%P
「司、しばらくお別れだね……その、元気でやってね」%K%P
「司、しばらくお別れだね……その、元気でやってね」%K%P
「うん、楓もあまり無理しないようにね」%K%P
「うん、楓もあまり無理しないようにね」%K%P
「司こそ。食生活には気をつけるんだよ？　生水は飲まないように、危ないところには近づかないように、それとそれと……」%K%P
「司こそ。食生活には気をつけるんだよ？　生水は飲まないように、危ないところには近づかないように、それとそれと……」%K%P
指先を立てて、僕に忠告をしてくれる楓。これじゃ子供を心配する母親だよ。%K%P
指先を立てて、僕に忠告をしてくれる楓。これじゃ子供を心配する母親だよ。%K%P
「電車に乗る時は、居眠りしないようにって？」%K%P
「電車に乗る時は、居眠りしないようにって？」%K%P
「そう、それそれ！　気がついたら外国だった、じゃ困るからね」%K%P
「そう、それそれ！　気がついたら外国だった、じゃ困るからね」%K%P
僕ら二人、顔を見合わせて笑い合う。今の時がずっと続けばいいのに。%K%P
僕ら二人、顔を見合わせて笑い合う。今の時がずっと続けばいいのに。%K%P
「あはは、はぁ……あーあ、はやく留学したいな。司に会いたいな」%K%P
「あはは、はぁ……あーあ、はやく留学したいな。司に会いたいな」%K%P
「すぐだよ。僕がこの街に来て、キミと過した時間だって、あっという間だったじゃない」%K%P
「すぐだよ。僕がこの街に来て、キミと過した時間だって、あっという間だったじゃない」%K%P
考えてみれば、まだそれほど時が過ぎたわけじゃないんだよな。%K%P
考えてみれば、まだそれほど時が過ぎたわけじゃないんだよな。%K%P
「たまたま公園で歌を歌って、学園に転入することになって、楓と知り合って……思えば不思議な縁だ」%K%P
「たまたま公園で歌を歌って、学園に転入することになって、楓と知り合って……思えば不思議な縁だ」%K%P
「この奇跡的な出会いが出来た楓とは、ずっと繋がっている」%K%P
「この奇跡的な出会いが出来た楓とは、ずっと繋がっている」%K%P
「だから、大丈夫。距離になんて、僕らは負けない」%K%P
「だから、大丈夫。距離になんて、僕らは負けない」%K%P
「……うん、そうだよね、司。ふふ、もう……年下の癖に、しっかりしてるんだから」%K%P
「……うん、そうだよね、司。ふふ、もう……年下の癖に、しっかりしてるんだから」%K%P
「司の言葉には、いつも助けられる」%K%P
「司の言葉には、いつも助けられる」%K%P
楓の瞳が揺れる。%K%P
楓の瞳が揺れる。%K%P
涙の予感――けれども、この涙は悲しみからじゃない、きっとそう思う。%K%P
涙の予感――けれども、この涙は悲しみからじゃない、きっとそう思う。%K%P
「この制服、私にちょうだい、いいでしょ？」%K%P
「この制服、私にちょうだい、いいでしょ？」%K%P
「うん、それは構わないけど……サイズ、合わないでしょ？」%K%P
「うん、それは構わないけど……サイズ、合わないでしょ？」%K%P
「ん、このままがいいの。あなたと過ごした思い出と、この制服があれば、きっと平気」%K%P
「ん、このままがいいの。あなたと過ごした思い出と、この制服があれば、きっと平気」%K%P
「大事に着るから」%K%P
「大事に着るから」%K%P
「うん……待ってるからね、楓」%K%P
「うん……待ってるからね、楓」%K%P
楓がそっと手を伸ばす。僕はその細く長い指に、自分の指を絡める。%K%P
楓がそっと手を伸ばす。僕はその細く長い指に、自分の指を絡める。%K%P
「待っててね。留学先に着いたら真っ先に会いに行くから」%K%P
「待っててね。留学先に着いたら真っ先に会いに行くから」%K%P
「司のこと、ずっと思ってるから。寝不足になっちゃうぐらいにね」%K%P
「司のこと、ずっと思ってるから。寝不足になっちゃうぐらいにね」%K%P
「もう、楓ったら。思ってくれるのは嬉しいけど、ちゃんと寝てよ、あはは」%K%P
「もう、楓ったら。思ってくれるのは嬉しいけど、ちゃんと寝てよ、あはは」%K%P
「これは、早く来てもらった方がいいね。そしたら、僕も安心だ」%K%P
「これは、早く来てもらった方がいいね。そしたら、僕も安心だ」%K%P
「うん、そうだよね。私の事、見ていて。ずっとあなたの側にいるから」%K%P
「うん、そうだよね。私の事、見ていて。ずっとあなたの側にいるから」%K%P
「これからも、よろしくね」%K%P
「これからも、よろしくね」%K%P
「うん、よろしく」%K%P
「うん、よろしく」%K%P
楓がもたれ掛かる。ふわっと舞う髪が香る。%K%P
楓がもたれ掛かる。ふわっと舞う髪が香る。%K%P
会えない時間が、きっと僕らの絆を強くする。%K%P
会えない時間が、きっと僕らの絆を強くする。%K%P
楓は居る。僕の側に、僕の隣に……これからもずっと。%K%P
楓は居る。僕の側に、僕の隣に……これからもずっと。%K%P
柔らかなその感触を感じながら、僕は彼女の髪を撫でた。%K%P
柔らかなその感触を感じながら、僕は彼女の髪を撫でた。%K%P
