「……はぁ……」%K%P
「……はぁ……」%K%P
一年ぶりに見る深皇学園の外観は、相変らず荘厳で……けれども、初めての時と違って、懐かしさを覚えた。%K%P
一年ぶりに見る深皇学園の外観は、相変らず荘厳で……けれども、初めての時と違って、懐かしさを覚えた。%K%P
こみ上げる思いに、制服の胸元に手を添える。%K%P
こみ上げる思いに、制服の胸元に手を添える。%K%P
「ごきげんよう」%K%P
「ごきげんよう」%K%P
一年の子だろうか……新しい制服に身を包んだ、学園生が会釈をしながら通り過ぎる。%K%P
一年の子だろうか……新しい制服に身を包んだ、学園生が会釈をしながら通り過ぎる。%K%P
「ええ、ごきげんよう」%K%P
「ええ、ごきげんよう」%K%P
考えるより先に、言葉が出る――僕の体は学園生としての振る舞いを覚えてたみたいだ。%K%P
考えるより先に、言葉が出る――僕の体は学園生としての振る舞いを覚えてたみたいだ。%K%P
鎧に身を包んだ学生達が、お行儀良く歩いていく。騎士候補生の子達かな？%K%P
鎧に身を包んだ学生達が、お行儀良く歩いていく。騎士候補生の子達かな？%K%P
遠くからは、微かに歌声が聞こえてくる……もう一人の{歌姫:ディーバ}様だろうか。%K%P
遠くからは、微かに歌声が聞こえてくる……もう一人の{歌姫:ディーバ}様だろうか。%K%P
「まるで……昨日のことみたい……」%K%P
「まるで……昨日のことみたい……」%K%P
季節が一回りしたと思えない程、あの時のまま。%K%P
季節が一回りしたと思えない程、あの時のまま。%K%P
けど、確実に時間は過ぎていて、ここには僕の知らない、ことりちゃんの生活がある。%K%P
けど、確実に時間は過ぎていて、ここには僕の知らない、ことりちゃんの生活がある。%K%P
二人の間に、電話や手紙だけでは埋めきれない程の距離が出来ていないだろうか。%K%P
二人の間に、電話や手紙だけでは埋めきれない程の距離が出来ていないだろうか。%K%P
「……大丈夫だよね……きっと」%K%P
「……大丈夫だよね……きっと」%K%P
自分に言い聞かせるように呟く。僕は門を潜った。%K%P
自分に言い聞かせるように呟く。僕は門を潜った。%K%P
ゴロゴロと音を立てる、キャリーバッグが歩みを更に遅くさせる。%K%P
ゴロゴロと音を立てる、キャリーバッグが歩みを更に遅くさせる。%K%P
視線は愛しい人を求めてさまよい、伏せられる。%K%P
視線は愛しい人を求めてさまよい、伏せられる。%K%P
ドキドキと激しく胸を打つ鼓動は、期待からなのか、それとも、不安からなのか……自分でも説明がつかない。%K%P
ドキドキと激しく胸を打つ鼓動は、期待からなのか、それとも、不安からなのか……自分でも説明がつかない。%K%P
約束の場所が近づいてくる。%K%P
約束の場所が近づいてくる。%K%P
僕は伏せていた顔を上げ、頬に掛る髪を指ではらう。%K%P
僕は伏せていた顔を上げ、頬に掛る髪を指ではらう。%K%P
視線の先……ずっと忘れる事の無かった人の姿。%K%P
視線の先……ずっと忘れる事の無かった人の姿。%K%P
「……ことり…………ことりちゃん！」%K%P
「……ことり…………ことりちゃん！」%K%P
指先から力が抜け、手荷物が派手な音を立てる。%K%P
指先から力が抜け、手荷物が派手な音を立てる。%K%P
僕は愛おしい人の名を呼ぶ。%K%P
僕は愛おしい人の名を呼ぶ。%K%P
「……あ………………」%K%P
「……あ………………」%K%P
驚きに開かれた目が潤み、桜色の唇がふにゃりと曲がる。%K%P
驚きに開かれた目が潤み、桜色の唇がふにゃりと曲がる。%K%P
転がるように、ことりちゃんが駆け出す。%K%P
転がるように、ことりちゃんが駆け出す。%K%P
開いた僕の手に飛び込んでくることりちゃん。%K%P
開いた僕の手に飛び込んでくることりちゃん。%K%P
柔らかな風が吹き、彼女のふわふわの髪を、制服をなびかせる。%K%P
柔らかな風が吹き、彼女のふわふわの髪を、制服をなびかせる。%K%P
空いた両手を広げる。%K%P
空いた両手を広げる。%K%P
彼女の思いを、全て受け止めるように、僕の想いをあらわすように。%K%P
彼女の思いを、全て受け止めるように、僕の想いをあらわすように。%K%P
「お帰りなさい！　姉様！」%K%P
「お帰りなさい！　姉様！」%K%P
ＥＮＤ%K%P
ＥＮＤ%K%P
