休み時間。%K%P
休み時間。%K%P
深皇祭の執行部から校内放送が掛かる。%K%P
深皇祭の執行部から校内放送が掛かる。%K%P
「本日、本人たちの希望により{騎士:ワルキュリア}のトレードを行うと双方の{歌姫:ディーバ}より通達がありました」%K%P
「本日、本人たちの希望により{騎士:ワルキュリア}のトレードを行うと双方の{歌姫:ディーバ}より通達がありました」%K%P
「城ヶ崎奏チームの輝堂楓さん、塚原いずみチームの西條綾香さんがそれぞれ相手のチームに移動することになりました」%K%P
「城ヶ崎奏チームの輝堂楓さん、塚原いずみチームの西條綾香さんがそれぞれ相手のチームに移動することになりました」%K%P
瞬間、校舎の窓ガラスがビリビリと振るえるほどの大喚声がそこかしこからあがった。%K%P
瞬間、校舎の窓ガラスがビリビリと振るえるほどの大喚声がそこかしこからあがった。%K%P
教室の中も蜂の巣を突いたような大騒ぎだ。%K%P
教室の中も蜂の巣を突いたような大騒ぎだ。%K%P
とりわけ一番取り乱しているのは美琴さんだ。わたわたと綾香さんに詰め寄る。%K%P
とりわけ一番取り乱しているのは美琴さんだ。わたわたと綾香さんに詰め寄る。%K%P
「ど、どど、どういうこと！」%K%P
「ど、どど、どういうこと！」%K%P
「え、なんで綾香が！？」%K%P
「え、なんで綾香が！？」%K%P
「まあまあ、驚くのは無理もないけど、落ち着こうよ」%K%P
「まあまあ、驚くのは無理もないけど、落ち着こうよ」%K%P
「落ち着けるわけないでしょっ、何考えてるのっ、綾香が抜けたらいずみさんのチームが……っ」%K%P
「落ち着けるわけないでしょっ、何考えてるのっ、綾香が抜けたらいずみさんのチームが……っ」%K%P
「代わりに楓さんが来るんだから大丈夫でしょ」%K%P
「代わりに楓さんが来るんだから大丈夫でしょ」%K%P
「それでも何か問題があるようならあとは美琴がなんとかすれば？　リーダーなんだし♪」%K%P
「それでも何か問題があるようならあとは美琴がなんとかすれば？　リーダーなんだし♪」%K%P
「で、でも……っ」%K%P
「で、でも……っ」%K%P
「もうわたしと美琴はライバルなんだから、アリアはお互いにがんばろうね」%K%P
「もうわたしと美琴はライバルなんだから、アリアはお互いにがんばろうね」%K%P
綾香さんはとりつく島もなかった。%K%P
綾香さんはとりつく島もなかった。%K%P
なんかこう清々しいくらいだ。%K%P
なんかこう清々しいくらいだ。%K%P
相変わらずいざとなったときの綾香さんの行動力と思い切りの良さには感心してしまう。%K%P
相変わらずいざとなったときの綾香さんの行動力と思い切りの良さには感心してしまう。%K%P
僕に話を持ちかけたのが夕べで、朝一にはもう奏さんにも相談していたくらいだしね。%K%P
僕に話を持ちかけたのが夕べで、朝一にはもう奏さんにも相談していたくらいだしね。%K%P
時計の長針が何周か左回りした数時間前。%K%P
時計の長針が何周か左回りした数時間前。%K%P
まだ登校した学生も少なく、校舎全体がしんと静まりかえっている。%K%P
まだ登校した学生も少なく、校舎全体がしんと静まりかえっている。%K%P
「わざわざ朝早くに集まって貰ってすみません」%K%P
「わざわざ朝早くに集まって貰ってすみません」%K%P
「いえ、かまいませんわ。ことがアリアに関わる話となれば私たちも他人事ではありませんからね」%K%P
「いえ、かまいませんわ。ことがアリアに関わる話となれば私たちも他人事ではありませんからね」%K%P
「で、大まかな話は夕陽ちゃんから聞いてるけど、改めて詳細を教えて貰える？」%K%P
「で、大まかな話は夕陽ちゃんから聞いてるけど、改めて詳細を教えて貰える？」%K%P
「はい、美琴がリーダーを固持したがっているのはみんなの耳にも届いていると思うけど……」%K%P
「はい、美琴がリーダーを固持したがっているのはみんなの耳にも届いていると思うけど……」%K%P
「わたしに遠慮してせっかくのチャンスを棒に振るなんて、勿体ないと思うの」%K%P
「わたしに遠慮してせっかくのチャンスを棒に振るなんて、勿体ないと思うの」%K%P
「綾香様はもっと美琴様に自分の幸せを追求してほしいんですよね」%K%P
「綾香様はもっと美琴様に自分の幸せを追求してほしいんですよね」%K%P
「このままわたしが同じチームにいても美琴の足枷にしかならないなら、いっそわたしが外れてしまえば、と」%K%P
「このままわたしが同じチームにいても美琴の足枷にしかならないなら、いっそわたしが外れてしまえば、と」%K%P
「親友のことを思えばこそですよね。真の友情は貴いです。ここはわたしたちも協力してあげちゃいましょうよ～」%K%P
「親友のことを思えばこそですよね。真の友情は貴いです。ここはわたしたちも協力してあげちゃいましょうよ～」%K%P
「夕陽ちゃんもこう言っていることだし、私は賛成よ。どうする奏？」%K%P
「夕陽ちゃんもこう言っていることだし、私は賛成よ。どうする奏？」%K%P
「いずみさんも賛成なのね？」%K%P
「いずみさんも賛成なのね？」%K%P
「はい。私たちのわがままなのは充分承知してるけど、どうかここは一つお願いします」%K%P
「はい。私たちのわがままなのは充分承知してるけど、どうかここは一つお願いします」%K%P
「そうですね……」%K%P
「そうですね……」%K%P
「綾香さんがこちらに来るとして、千影には既にリーダーをお願いしてますから……」%K%P
「綾香さんがこちらに来るとして、千影には既にリーダーをお願いしてますから……」%K%P
「輝堂さん、綾香さんとの入れ替わり、お願いできるかしら？」%K%P
「輝堂さん、綾香さんとの入れ替わり、お願いできるかしら？」%K%P
「私は構わないよ。どちらのチームに所属するとしても、自分に出来ることを精一杯やるだけだから」%K%P
「私は構わないよ。どちらのチームに所属するとしても、自分に出来ることを精一杯やるだけだから」%K%P
「では、トレードの件はこちらも了承するということで問題ありません」%K%P
「では、トレードの件はこちらも了承するということで問題ありません」%K%P
「ありがとう、奏さん！」%K%P
「ありがとう、奏さん！」%K%P
……という風にみんなの協力を取り付けることに成功したんだよね。%K%P
……という風にみんなの協力を取り付けることに成功したんだよね。%K%P
これが綾香さん立案による美琴さんの逃げ道を塞ぐ作戦というわけだ。%K%P
これが綾香さん立案による美琴さんの逃げ道を塞ぐ作戦というわけだ。%K%P
スパルタな策にもほどがあるけど、賽は投げられた。%K%P
スパルタな策にもほどがあるけど、賽は投げられた。%K%P
慌てふためくばかりの美琴さんに僕は話しかける。%K%P
慌てふためくばかりの美琴さんに僕は話しかける。%K%P
「アリアのルールは先に{歌姫:ディーバ}を助け出した方が勝ちなんでしょ。大丈夫、条件は五分五分だよ」%K%P
「アリアのルールは先に{歌姫:ディーバ}を助け出した方が勝ちなんでしょ。大丈夫、条件は五分五分だよ」%K%P
「そんなのんきな……っ」%K%P
「そんなのんきな……っ」%K%P
「油断していい相手じゃないのは確かだけど、私たちだって悲観することないってこと」%K%P
「油断していい相手じゃないのは確かだけど、私たちだって悲観することないってこと」%K%P
「……頭痛い。保健室行ってくる」%K%P
「……頭痛い。保健室行ってくる」%K%P
よっぽどショックだったのか、弱々しい足取りで教室を出て行く。%K%P
よっぽどショックだったのか、弱々しい足取りで教室を出て行く。%K%P
「あ、ちょっと、美琴さん……っ」%K%P
「あ、ちょっと、美琴さん……っ」%K%P
慌てて追いかけようとすると、綾香さんに肩を掴まれた。%K%P
慌てて追いかけようとすると、綾香さんに肩を掴まれた。%K%P
「いま追いかけてもまた逃げられるだけよ」%K%P
「いま追いかけてもまた逃げられるだけよ」%K%P
「あはっ……そうかもね」%K%P
「あはっ……そうかもね」%K%P
あれだけ動揺してるとなると、しばらく僕の話を聞くどころじゃなさそうだ。%K%P
あれだけ動揺してるとなると、しばらく僕の話を聞くどころじゃなさそうだ。%K%P
ちょっと間をおいた方がいいだろう。%K%P
ちょっと間をおいた方がいいだろう。%K%P
「作戦通り美琴の逃げ道は塞ぐことが出来たから、もうしばらくわたしに任せてほしいの」%K%P
「作戦通り美琴の逃げ道は塞ぐことが出来たから、もうしばらくわたしに任せてほしいの」%K%P
「どうにかして二人きりで話し合える機会を作るから、いずみさんの出番はその時ね」%K%P
「どうにかして二人きりで話し合える機会を作るから、いずみさんの出番はその時ね」%K%P
ここまできたら綾香さんを信じるだけだ。%K%P
ここまできたら綾香さんを信じるだけだ。%K%P
「分かったよ。私も協力を惜しまないって言ったしね」%K%P
「分かったよ。私も協力を惜しまないって言ったしね」%K%P
大人しく引き下がって、次のチャンスを待つことにした。%K%P
大人しく引き下がって、次のチャンスを待つことにした。%K%P
陰鬱な気分を抱えたままベッドの上をゴロゴロと往復する。%K%P
陰鬱な気分を抱えたままベッドの上をゴロゴロと往復する。%K%P
なんど嘆息を漏らしたものやら。%K%P
なんど嘆息を漏らしたものやら。%K%P
「あ～も～、綾香ったらなに考えてるのよ……っ」%K%P
「あ～も～、綾香ったらなに考えてるのよ……っ」%K%P
あたしをリーダーに推したいからって、普通あそこまでやるかな。%K%P
あたしをリーダーに推したいからって、普通あそこまでやるかな。%K%P
しかも、この話には奏さんたちも全面的に協力しているふしがある。%K%P
しかも、この話には奏さんたちも全面的に協力しているふしがある。%K%P
そうでなければ、あんなにあっさりトレードが成立するはずがない。%K%P
そうでなければ、あんなにあっさりトレードが成立するはずがない。%K%P
「あたしが知らないところで、なにか話が進んでる気がする……」%K%P
「あたしが知らないところで、なにか話が進んでる気がする……」%K%P
なにがどうなっているのか皆目見当が付かなくて頭の中がぐちゃぐちゃになってしまいそうだ。%K%P
なにがどうなっているのか皆目見当が付かなくて頭の中がぐちゃぐちゃになってしまいそうだ。%K%P
うつぶせのまま枕に顔を埋めて、また大きくため息をついた。%K%P
うつぶせのまま枕に顔を埋めて、また大きくため息をついた。%K%P
「美琴、ちょっといい？」%K%P
「美琴、ちょっといい？」%K%P
「え、な、なに？」%K%P
「え、な、なに？」%K%P
いきなりやってきたのでちょっとビックリしてしまった。%K%P
いきなりやってきたのでちょっとビックリしてしまった。%K%P
綾香はどことなく心配そうな顔つきだ。%K%P
綾香はどことなく心配そうな顔つきだ。%K%P
「いずみさんがこの時間になっても戻ってこないんだけど、どこに行ったか知らない？」%K%P
「いずみさんがこの時間になっても戻ってこないんだけど、どこに行ったか知らない？」%K%P
「え、携帯は？」%K%P
「え、携帯は？」%K%P
「電波が届かないとこにいるのか、電源を落としているのか、掛けても繋がらないの」%K%P
「電波が届かないとこにいるのか、電源を落としているのか、掛けても繋がらないの」%K%P
「心配だから心当たりを探してくるわ。ちょっと公園の方にいってくるね」%K%P
「心配だから心当たりを探してくるわ。ちょっと公園の方にいってくるね」%K%P
「なんで公園？」%K%P
「なんで公園？」%K%P
「あ、え～と……なんとなくピンときたの！」%K%P
「あ、え～と……なんとなくピンときたの！」%K%P
「まだ音楽室でアリアの練習してるんじゃないの」%K%P
「まだ音楽室でアリアの練習してるんじゃないの」%K%P
「じゃあそっちは美琴お願い」%K%P
「じゃあそっちは美琴お願い」%K%P
「あ、ちょっと」%K%P
「あ、ちょっと」%K%P
それだけ焦っているのか、一方的に言うだけ言って行ってしまった。%K%P
それだけ焦っているのか、一方的に言うだけ言って行ってしまった。%K%P
突然のことに唖然としてしまったけどすぐに我に返る。%K%P
突然のことに唖然としてしまったけどすぐに我に返る。%K%P
「いずみさんが戻ってないって……」%K%P
「いずみさんが戻ってないって……」%K%P
時計を見て、完全下校時間が近いことがわかる。%K%P
時計を見て、完全下校時間が近いことがわかる。%K%P
だけど深夜にはまだほど遠いし、それほど騒ぐ時間帯じゃないだろう。%K%P
だけど深夜にはまだほど遠いし、それほど騒ぐ時間帯じゃないだろう。%K%P
日が落ちて周りが暗くなっているといっても男の子ならそう心配することも……。%K%P
日が落ちて周りが暗くなっているといっても男の子ならそう心配することも……。%K%P
「でも、今の姿はどこからどうみても女子学生で……しかもとびきり綺麗な……」%K%P
「でも、今の姿はどこからどうみても女子学生で……しかもとびきり綺麗な……」%K%P
ヘンな輩に目を付けられる可能性は充分にある。%K%P
ヘンな輩に目を付けられる可能性は充分にある。%K%P
数人掛かりでこられたらいくら男の子でも多勢に無勢でどうしようもない。%K%P
数人掛かりでこられたらいくら男の子でも多勢に無勢でどうしようもない。%K%P
……あれ？　この場合なら実害はないのかな？%K%P
……あれ？　この場合なら実害はないのかな？%K%P
いやいやいや！　そもそも女装バレがまずいでしょうが！%K%P
いやいやいや！　そもそも女装バレがまずいでしょうが！%K%P
逆上した暴漢に理不尽な暴力を振るわれるかもしれないし……っ。%K%P
逆上した暴漢に理不尽な暴力を振るわれるかもしれないし……っ。%K%P
「どどど、どうしよう……っ」%K%P
「どどど、どうしよう……っ」%K%P
めちゃくちゃ心配になってきた。%K%P
めちゃくちゃ心配になってきた。%K%P
「よし……っ」%K%P
「よし……っ」%K%P
まずは確認だ。%K%P
まずは確認だ。%K%P
綾香にも言われたし、音楽室に行ってみよう。%K%P
綾香にも言われたし、音楽室に行ってみよう。%K%P
そこにいずみさんがいればそれでよし、いなかったらいなかったで、改めてどうするか考えればいい。%K%P
そこにいずみさんがいればそれでよし、いなかったらいなかったで、改めてどうするか考えればいい。%K%P
ベッドの上でうだうだしてる暇はない。%K%P
ベッドの上でうだうだしてる暇はない。%K%P
善は急げとばかり部屋を出て寮を後にする。%K%P
善は急げとばかり部屋を出て寮を後にする。%K%P
学園に着くころには下校時間はとっくに過ぎていたので、ほとんどの場所が消灯していた。%K%P
学園に着くころには下校時間はとっくに過ぎていたので、ほとんどの場所が消灯していた。%K%P
灯りがともっているのは、残業で先生たちが残っている職員室くらいか。%K%P
灯りがともっているのは、残業で先生たちが残っている職員室くらいか。%K%P
昼間とは打って変わって静まりかえった廊下はどうにも苦手だ。%K%P
昼間とは打って変わって静まりかえった廊下はどうにも苦手だ。%K%P
「ううぅ……」%K%P
「ううぅ……」%K%P
自然に足取りがおっかなびっくりになってしまう。%K%P
自然に足取りがおっかなびっくりになってしまう。%K%P
あまり長居したくない雰囲気だ。%K%P
あまり長居したくない雰囲気だ。%K%P
早く音楽室に行って、いずみさんの姿を確認しよう。%K%P
早く音楽室に行って、いずみさんの姿を確認しよう。%K%P
ふと……。%K%P
ふと……。%K%P
本当に、唐突に、うちの学園に伝わる七不思議の一つを思い出してしまう。%K%P
本当に、唐突に、うちの学園に伝わる七不思議の一つを思い出してしまう。%K%P
『右の左足、左の右足』と呼ばれる怪奇現象だ。%K%P
『右の左足、左の右足』と呼ばれる怪奇現象だ。%K%P
「あれってだいたい一人で夜の学園をうろついてる学生が怖い目に遭うのよね……」%K%P
「あれってだいたい一人で夜の学園をうろついてる学生が怖い目に遭うのよね……」%K%P
まさに今のあたしだ。%K%P
まさに今のあたしだ。%K%P
ああ、気付かなければ良かった。%K%P
ああ、気付かなければ良かった。%K%P
ますます暗がりが怖くなってしまう。%K%P
ますます暗がりが怖くなってしまう。%K%P
このまま回れ右をして寮に逃げ帰りたい。%K%P
このまま回れ右をして寮に逃げ帰りたい。%K%P
それでも我慢してビクビクしながら前に進む。%K%P
それでも我慢してビクビクしながら前に進む。%K%P
「い、いずみさんと合流できれば、帰りは二人だし……っ」%K%P
「い、いずみさんと合流できれば、帰りは二人だし……っ」%K%P
ここで一人で帰るよりも、絶対そっちの方が安心な気がするしね。%K%P
ここで一人で帰るよりも、絶対そっちの方が安心な気がするしね。%K%P
合流できなかったら……その時はその時になったら考えよう。%K%P
合流できなかったら……その時はその時になったら考えよう。%K%P
音楽室にやってきた。%K%P
音楽室にやってきた。%K%P
残念なことに、いずみさんの姿はない。%K%P
残念なことに、いずみさんの姿はない。%K%P
思い切り当てが外れて、がっくりと肩を落とす。%K%P
思い切り当てが外れて、がっくりと肩を落とす。%K%P
「ああぁ……」%K%P
「ああぁ……」%K%P
となるといずみさんはどこにいるのだろう。%K%P
となるといずみさんはどこにいるのだろう。%K%P
まさか本当に綾香の予想通りに公園方面だったりして……。%K%P
まさか本当に綾香の予想通りに公園方面だったりして……。%K%P
「ま、それはそれとして」%K%P
「ま、それはそれとして」%K%P
いずみさんが見つからなかったのだからもうここに用はない。%K%P
いずみさんが見つからなかったのだからもうここに用はない。%K%P
つまり、これから暗い廊下を引き返さないといけないわけで……正直気が重い。%K%P
つまり、これから暗い廊下を引き返さないといけないわけで……正直気が重い。%K%P
かといっていつまでもこんな場所に一人でいるのはもっと怖い。%K%P
かといっていつまでもこんな場所に一人でいるのはもっと怖い。%K%P
「仕方ない、帰ろっか……」%K%P
「仕方ない、帰ろっか……」%K%P
と、不意に何かが近づいてくる足音が廊下から聞こえた。%K%P
と、不意に何かが近づいてくる足音が廊下から聞こえた。%K%P
ヒタ、ヒタ……。%K%P
ヒタ、ヒタ……。%K%P
自分で自分の顔が強ばっているのが分る。%K%P
自分で自分の顔が強ばっているのが分る。%K%P
背筋にゾクリと寒気が走り、脇の下に冷たい汗が伝った。%K%P
背筋にゾクリと寒気が走り、脇の下に冷たい汗が伝った。%K%P
居残ってた先生が見回りでもしてるのかな？%K%P
居残ってた先生が見回りでもしてるのかな？%K%P
もしくは……さっきの七不思議を思い出す。%K%P
もしくは……さっきの七不思議を思い出す。%K%P
もし、夜の校舎でゆっくりと追いかけてくる足音を耳にしたら決して立ち止まってはいけないらしい。%K%P
もし、夜の校舎でゆっくりと追いかけてくる足音を耳にしたら決して立ち止まってはいけないらしい。%K%P
じわじわと距離を詰めてくるのは分るのに、いくら目をこらしても姿は見えないし、大声で呼びかけても返事はない。%K%P
じわじわと距離を詰めてくるのは分るのに、いくら目をこらしても姿は見えないし、大声で呼びかけても返事はない。%K%P
ただ万が一、その足音に追いつかれると――%K%P
ただ万が一、その足音に追いつかれると――%K%P
その何かに、左右の足を交互に入れ替えられてしまうという話だ。%K%P
その何かに、左右の足を交互に入れ替えられてしまうという話だ。%K%P
バカバカしいオチの怪談だと思う。いくらフィクションだからって、もうちょっと話を練ればいいのにとも思う。%K%P
バカバカしいオチの怪談だと思う。いくらフィクションだからって、もうちょっと話を練ればいいのにとも思う。%K%P
「あわ、あわわ……っ」%K%P
「あわ、あわわ……っ」%K%P
でも、今、実際に聞こえてくる足音はフィクションじゃない。%K%P
でも、今、実際に聞こえてくる足音はフィクションじゃない。%K%P
逃げようにも音楽室は行き止まりの密室だ。%K%P
逃げようにも音楽室は行き止まりの密室だ。%K%P
そもそも足が竦んで一歩も動けない。%K%P
そもそも足が竦んで一歩も動けない。%K%P
着実に近づいてくる足音は音楽室の前のドアで止まり――%K%P
着実に近づいてくる足音は音楽室の前のドアで止まり――%K%P
音楽室に入ると、果たして美琴さんが棒立ちになっていた。%K%P
音楽室に入ると、果たして美琴さんが棒立ちになっていた。%K%P
「い、いずみさん……？」%K%P
「い、いずみさん……？」%K%P
「ああ、いたいた」%K%P
「ああ、いたいた」%K%P
綾香さんに美琴さんが音楽室で待っているから迎えに行ってあげてと、半ば強引に送り出されてきたんだよね。%K%P
綾香さんに美琴さんが音楽室で待っているから迎えに行ってあげてと、半ば強引に送り出されてきたんだよね。%K%P
いったい美琴さんはこんなところでなにをしてたんだろう？%K%P
いったい美琴さんはこんなところでなにをしてたんだろう？%K%P
なんだか目を丸くして凄くビックリしてるようだけど。%K%P
なんだか目を丸くして凄くビックリしてるようだけど。%K%P
と、いきなり糸が切れた操り人形みたいに美琴さんが尻餅をつく。%K%P
と、いきなり糸が切れた操り人形みたいに美琴さんが尻餅をつく。%K%P
「わわ、ちょっと……っ」%K%P
「わわ、ちょっと……っ」%K%P
慌てて駆け寄ると、美琴さんが僕の腰にガバッと抱きついてきた。%K%P
慌てて駆け寄ると、美琴さんが僕の腰にガバッと抱きついてきた。%K%P
「い、今までどこ行ってたの……っ」%K%P
「い、今までどこ行ってたの……っ」%K%P
「どこと言われても」%K%P
「どこと言われても」%K%P
……なるほど、ピンときた。%K%P
……なるほど、ピンときた。%K%P
これ綾香さんが何か仕組んだのだろう。%K%P
これ綾香さんが何か仕組んだのだろう。%K%P
オカルト系が苦手な美琴さんだ。こんな人気のない校舎の中を一人でうろついてたなんてさぞや恐ろしかったに違いない。%K%P
オカルト系が苦手な美琴さんだ。こんな人気のない校舎の中を一人でうろついてたなんてさぞや恐ろしかったに違いない。%K%P
現にこうして腰を抜かしちゃってるし……。%K%P
現にこうして腰を抜かしちゃってるし……。%K%P
とりあえず怯えている美琴さんをどうにかしなければいけない。%K%P
とりあえず怯えている美琴さんをどうにかしなければいけない。%K%P
美琴さんを抱きしめたまま僕も床に腰を下ろす。%K%P
美琴さんを抱きしめたまま僕も床に腰を下ろす。%K%P
「大丈夫？」%K%P
「大丈夫？」%K%P
「う、うん……」%K%P
「う、うん……」%K%P
やはり一人より二人の方が心強いのか、はたまた人肌の温もりが安堵感を醸し出すのか、徐々に落ち着いてきたようだ。%K%P
やはり一人より二人の方が心強いのか、はたまた人肌の温もりが安堵感を醸し出すのか、徐々に落ち着いてきたようだ。%K%P
冷静な声でポツポツと語り出す。%K%P
冷静な声でポツポツと語り出す。%K%P
「その、あたし、いずみさんが帰ってきてないって聞かされて……」%K%P
「その、あたし、いずみさんが帰ってきてないって聞かされて……」%K%P
「それなんだけど……」%K%P
「それなんだけど……」%K%P
僕は正直に綾香さんが一芝居打ったことを伝えた。%K%P
僕は正直に綾香さんが一芝居打ったことを伝えた。%K%P
「僕も綾香さんに美琴さんが待ってるって言われた口なんだ」%K%P
「僕も綾香さんに美琴さんが待ってるって言われた口なんだ」%K%P
「なんでそんなこと……」%K%P
「なんでそんなこと……」%K%P
「僕たちが二人きりで話し合える機会を作ってくれたんだよ」%K%P
「僕たちが二人きりで話し合える機会を作ってくれたんだよ」%K%P
「も、もう、綾香ったら……っ」%K%P
「も、もう、綾香ったら……っ」%K%P
「まあまあ。それだけ美琴さんのことを思ってのことだし」%K%P
「まあまあ。それだけ美琴さんのことを思ってのことだし」%K%P
で、その甲斐あって今なら誰の邪魔も入らない。%K%P
で、その甲斐あって今なら誰の邪魔も入らない。%K%P
このチャンスを無駄にしないためにも静かに単刀直入で問いかける。%K%P
このチャンスを無駄にしないためにも静かに単刀直入で問いかける。%K%P
「そんなにリーダーは嫌？」%K%P
「そんなにリーダーは嫌？」%K%P
「嫌ってことはないけど……ただ綾香に申し訳ないなって……」%K%P
「嫌ってことはないけど……ただ綾香に申し訳ないなって……」%K%P
「綾香さんは応援してくれてると思うけど」%K%P
「綾香さんは応援してくれてると思うけど」%K%P
「うん、でも……」%K%P
「うん、でも……」%K%P
どうにも遠慮や負い目がなくならないみたいだ。%K%P
どうにも遠慮や負い目がなくならないみたいだ。%K%P
「なにか気になることあるの？　なんだか必要以上に過敏になってると思う」%K%P
「なにか気になることあるの？　なんだか必要以上に過敏になってると思う」%K%P
「過敏か……そうかも」%K%P
「過敏か……そうかも」%K%P
「ねぇ、美琴さんが何を思っているのか教えて。茶化したりしないで真面目に聞くから」%K%P
「ねぇ、美琴さんが何を思っているのか教えて。茶化したりしないで真面目に聞くから」%K%P
「うん……」%K%P
「うん……」%K%P
美琴さんは僕に寄りかかったまま頭を僕の肩に乗せる。%K%P
美琴さんは僕に寄りかかったまま頭を僕の肩に乗せる。%K%P
「綾香はとても大事な友達で……でもいずみさんのことも好きなの……っ」%K%P
「綾香はとても大事な友達で……でもいずみさんのことも好きなの……っ」%K%P
「それでいいじゃない。美琴さんは何が気になるの？」%K%P
「それでいいじゃない。美琴さんは何が気になるの？」%K%P
「綾香もいずみさんのことが好きかもしれないから……」%K%P
「綾香もいずみさんのことが好きかもしれないから……」%K%P
「……そうなんだ」%K%P
「……そうなんだ」%K%P
ちょっと驚いた。あまり綾香さんからはそういった異性への好意的なものは感じないけど……。%K%P
ちょっと驚いた。あまり綾香さんからはそういった異性への好意的なものは感じないけど……。%K%P
もちろん嫌われている雰囲気も感じたことはないので、純粋に仲間や友達と思ってくれているのではないだろうか。%K%P
もちろん嫌われている雰囲気も感じたことはないので、純粋に仲間や友達と思ってくれているのではないだろうか。%K%P
「僕のことをちゃんと好きだと言葉にして言ってくれたのは美琴さんだけだよ」%K%P
「僕のことをちゃんと好きだと言葉にして言ってくれたのは美琴さんだけだよ」%K%P
「だから、少なくとも美琴さんは……上手く言えないけど、権利があるんじゃないかな」%K%P
「だから、少なくとも美琴さんは……上手く言えないけど、権利があるんじゃないかな」%K%P
「権利？」%K%P
「権利？」%K%P
「僕相手にもっとわがままになっていいんだよ」%K%P
「僕相手にもっとわがままになっていいんだよ」%K%P
「僕が選んだのも美琴さんなんだから、綾香さんに気兼ねする必要はないと思う」%K%P
「僕が選んだのも美琴さんなんだから、綾香さんに気兼ねする必要はないと思う」%K%P
「綾香はあたしのことずるいって思わないかな……贔屓でリーダーに選ばれたって……」%K%P
「綾香はあたしのことずるいって思わないかな……贔屓でリーダーに選ばれたって……」%K%P
伏し目がちの瞳が不安そうに揺れていた。%K%P
伏し目がちの瞳が不安そうに揺れていた。%K%P
「綾香に嫌われたらと思うと……怖いよ……」%K%P
「綾香に嫌われたらと思うと……怖いよ……」%K%P
「……そうか、それは確かに怖いね」%K%P
「……そうか、それは確かに怖いね」%K%P
ようやく納得がいった。%K%P
ようやく納得がいった。%K%P
美琴さんと綾香さんの間には強い絆がある。だからこそ、逆にそれが傷つくことに強い不安を覚えてしまう。%K%P
美琴さんと綾香さんの間には強い絆がある。だからこそ、逆にそれが傷つくことに強い不安を覚えてしまう。%K%P
「綾香さんの本音までは分らない。けど、少なくともライバルとしてお互いがんばろうって言ってたじゃない」%K%P
「綾香さんの本音までは分らない。けど、少なくともライバルとしてお互いがんばろうって言ってたじゃない」%K%P
「ライバルという言葉をどう受け止めるかは美琴さん次第だと思う」%K%P
「ライバルという言葉をどう受け止めるかは美琴さん次第だと思う」%K%P
「……あたしが正面から綾香と戦えるかな」%K%P
「……あたしが正面から綾香と戦えるかな」%K%P
「僕は美琴さんを応援するよ。綾香さんと勝負するなら、美琴さんに勝って欲しいからね」%K%P
「僕は美琴さんを応援するよ。綾香さんと勝負するなら、美琴さんに勝って欲しいからね」%K%P
「いずみさんはあたしが勝てると思う？」%K%P
「いずみさんはあたしが勝てると思う？」%K%P
「もちろん。でもそのためには、なにより美琴さんが勝つつもりになってくれないと、始まるものも始まらないよ」%K%P
「もちろん。でもそのためには、なにより美琴さんが勝つつもりになってくれないと、始まるものも始まらないよ」%K%P
「試合放棄してたら、勝つ確率はゼロだしね」%K%P
「試合放棄してたら、勝つ確率はゼロだしね」%K%P
美琴さんがさらに強く身を寄せてきた。%K%P
美琴さんがさらに強く身を寄せてきた。%K%P
顔を僕の胸元に埋めているので表情が見えない。%K%P
顔を僕の胸元に埋めているので表情が見えない。%K%P
「……あたしが綾香に勝てるなんて、そんな自信とても持てないよ」%K%P
「……あたしが綾香に勝てるなんて、そんな自信とても持てないよ」%K%P
「だからいずみさんの勇気を分けて欲しい」%K%P
「だからいずみさんの勇気を分けて欲しい」%K%P
「いいよ、僕に出来ることならなんでも協力するって言ったじゃない」%K%P
「いいよ、僕に出来ることならなんでも協力するって言ったじゃない」%K%P
でも勇気を分けるって具体的にどうすればいいのかな。%K%P
でも勇気を分けるって具体的にどうすればいいのかな。%K%P
「いっぱい美琴さんのために歌えばいい？」%K%P
「いっぱい美琴さんのために歌えばいい？」%K%P
「それもいいけど……」%K%P
「それもいいけど……」%K%P
「あ、あたしは{騎士:ワルキュリア}だから……わ、{騎士:ワルキュリア}は姫様のご寵愛があれば、どんな艱難辛苦でも乗り越えられると思うの」%K%P
「あ、あたしは{騎士:ワルキュリア}だから……わ、{騎士:ワルキュリア}は姫様のご寵愛があれば、どんな艱難辛苦でも乗り越えられると思うの」%K%P
髪の間から覗く美琴さんの耳が真っ赤になっていた。華奢な肩が小刻みに振えている。%K%P
髪の間から覗く美琴さんの耳が真っ赤になっていた。華奢な肩が小刻みに振えている。%K%P
……え、こ、これって。%K%P
……え、こ、これって。%K%P
「ご寵愛って……例え話じゃなくて、その……」%K%P
「ご寵愛って……例え話じゃなくて、その……」%K%P
「察して……く、口から心臓が飛び出そうなんだから……っ」%K%P
「察して……く、口から心臓が飛び出そうなんだから……っ」%K%P
「う、うん……っ」%K%P
「う、うん……っ」%K%P
密着しているおかげで美琴さんの緊張が肌でも感じられた。%K%P
密着しているおかげで美琴さんの緊張が肌でも感じられた。%K%P
僕も男だから、こうまで露骨に求められてドキドキしないわけがない。%K%P
僕も男だから、こうまで露骨に求められてドキドキしないわけがない。%K%P
頭の中までカーッと熱くなってきた。%K%P
頭の中までカーッと熱くなってきた。%K%P
よ、よし、覚悟を決めよう！　ここは美琴さんの勇気に応えるところだ！%K%P
よ、よし、覚悟を決めよう！　ここは美琴さんの勇気に応えるところだ！%K%P
「分かった。もうリーダーどころじゃない。美琴さんを僕だけの特別な{騎士:ワルキュリア}にするよ」%K%P
「分かった。もうリーダーどころじゃない。美琴さんを僕だけの特別な{騎士:ワルキュリア}にするよ」%K%P
「うん、貴方だけの{騎士:ワルキュリア}になる……っ」%K%P
「うん、貴方だけの{騎士:ワルキュリア}になる……っ」%K%P
美琴さんが身を委ねてくる。%K%P
美琴さんが身を委ねてくる。%K%P
僕は美琴さんの顎に手を掛け上を向かせると、そのまま口唇を重ねた。%K%P
僕は美琴さんの顎に手を掛け上を向かせると、そのまま口唇を重ねた。%K%P
「んふぅ、んむ……っ」%K%P
「んふぅ、んむ……っ」%K%P
「ふく、んんぅ……っ」%K%P
「ふく、んんぅ……っ」%K%P
初めは軽く触れあうだけだった。%K%P
初めは軽く触れあうだけだった。%K%P
けど、美琴さんの瑞々しい口唇の感触とくぐもった扇情的な吐息が一瞬で僕の脳を痺れさせた。%K%P
けど、美琴さんの瑞々しい口唇の感触とくぐもった扇情的な吐息が一瞬で僕の脳を痺れさせた。%K%P
もっと美琴さんを感じ取りたい。そんな本能的な欲求に突き動かされて、舌を相手の口腔に滑り込ませる。%K%P
もっと美琴さんを感じ取りたい。そんな本能的な欲求に突き動かされて、舌を相手の口腔に滑り込ませる。%K%P
「くむ、れろ、んちゅぷ……っ」%K%P
「くむ、れろ、んちゅぷ……っ」%K%P
「んっ、んっ、んっく……っ」%K%P
「んっ、んっ、んっく……っ」%K%P
舌と舌が擦れ合うたびに、ピクッ、ピクッ、と美琴さんが小さく痙攣する。%K%P
舌と舌が擦れ合うたびに、ピクッ、ピクッ、と美琴さんが小さく痙攣する。%K%P
気持ちいい。%K%P
気持ちいい。%K%P
脳が蕩けてしまいそうだ。%K%P
脳が蕩けてしまいそうだ。%K%P
「ちゅ、美琴さん、れろろ、キスだけでおかしくなっちゃいそう、ちゅ、んちゅ……っ」%K%P
「ちゅ、美琴さん、れろろ、キスだけでおかしくなっちゃいそう、ちゅ、んちゅ……っ」%K%P
「れろ、んふぅ、あ、あたしも……っ、ちゅ、恥ずかしいけどクセになっちゃいそう、んふぅ……っ」%K%P
「れろ、んふぅ、あ、あたしも……っ、ちゅ、恥ずかしいけどクセになっちゃいそう、んふぅ……っ」%K%P
現金なもので気持ちいいと分かると、お互いに舌の動きが積極的になる一方だった。%K%P
現金なもので気持ちいいと分かると、お互いに舌の動きが積極的になる一方だった。%K%P
僕が美琴さんの口腔を舐め回していると美琴さんは甘えるように舌を絡みつけてくる。%K%P
僕が美琴さんの口腔を舐め回していると美琴さんは甘えるように舌を絡みつけてくる。%K%P
「ちゅ、んっく、れろろ、んちゅぷ……っ」%K%P
「ちゅ、んっく、れろろ、んちゅぷ……っ」%K%P
「ふぅ、んぅ、れろ、ちゅ、んっく、れろろ……っ」%K%P
「ふぅ、んぅ、れろ、ちゅ、んっく、れろろ……っ」%K%P
溢れかえる唾液が互いの口内を行ったり来たりして混ざり合う。%K%P
溢れかえる唾液が互いの口内を行ったり来たりして混ざり合う。%K%P
美琴さんが切なそうに股間を擦りつけてくる仕草が僕の興奮を誘う。%K%P
美琴さんが切なそうに股間を擦りつけてくる仕草が僕の興奮を誘う。%K%P
「ねぇ、もっと触ったりしていいかな、ちゅ、んちゅ……っ」%K%P
「ねぇ、もっと触ったりしていいかな、ちゅ、んちゅ……っ」%K%P
「んふぅ、ふぅ、もちろんよ。んく、れろ、あたまがぼーっとしてきて、なんだかとっても幸せな気分、んちゅぷ……っ」%K%P
「んふぅ、ふぅ、もちろんよ。んく、れろ、あたまがぼーっとしてきて、なんだかとっても幸せな気分、んちゅぷ……っ」%K%P
僕が興奮しているように、美琴さんも興奮しているようだ。%K%P
僕が興奮しているように、美琴さんも興奮しているようだ。%K%P
美琴さんの声色にどこか期待するような響きがある。%K%P
美琴さんの声色にどこか期待するような響きがある。%K%P
「気持ちいい……あたしも……」%K%P
「気持ちいい……あたしも……」%K%P
こんどは美琴さんが僕の口腔に舌を入れてきた。%K%P
こんどは美琴さんが僕の口腔に舌を入れてきた。%K%P
「ちゅぷ、れろ……いずみさん、ちゅぷ、れろろ、れろん……っ」%K%P
「ちゅぷ、れろ……いずみさん、ちゅぷ、れろろ、れろん……っ」%K%P
おねだりするように舌を絡みつけてきた。%K%P
おねだりするように舌を絡みつけてきた。%K%P
これだけあからさまな仕草をされたら僕でも簡単に察しはつく。%K%P
これだけあからさまな仕草をされたら僕でも簡単に察しはつく。%K%P
僕自身も、理性を圧倒する勢いで情欲がこみ上げてくる。%K%P
僕自身も、理性を圧倒する勢いで情欲がこみ上げてくる。%K%P
「み、美琴さん……」%K%P
「み、美琴さん……」%K%P
僕は美琴さんのあちこちに手を伸ばす。%K%P
僕は美琴さんのあちこちに手を伸ばす。%K%P
衣服の隙間から手を滑り込ませて、興奮で火照った肌を撫で回す。%K%P
衣服の隙間から手を滑り込ませて、興奮で火照った肌を撫で回す。%K%P
「んんんぅ、ちゅ、ふぅ、れろ……っ、んっ、んんぅ……っ」%K%P
「んんんぅ、ちゅ、ふぅ、れろ……っ、んっ、んんぅ……っ」%K%P
美琴さんは僕と舌を絡め合ったまま、心地よさそうに吐息を漏らした。%K%P
美琴さんは僕と舌を絡め合ったまま、心地よさそうに吐息を漏らした。%K%P
女の子特有の柔らかな手触りはとても魅惑的だ。%K%P
女の子特有の柔らかな手触りはとても魅惑的だ。%K%P
さすったり揉んだりしていると、ついつい夢中になってしまう。%K%P
さすったり揉んだりしていると、ついつい夢中になってしまう。%K%P
「ちゅ、ちゅ、ね、ねぇ、おっぱいも触っていいかな？」%K%P
「ちゅ、ちゅ、ね、ねぇ、おっぱいも触っていいかな？」%K%P
「れろ、んちゅ、もちろんよ。ちゅぷん、いちいち断る必要なんてないから、れろろ、いずみさんの好きにして……」%K%P
「れろ、んちゅ、もちろんよ。ちゅぷん、いちいち断る必要なんてないから、れろろ、いずみさんの好きにして……」%K%P
「うん、ありがと。ちゅ、それじゃ……」%K%P
「うん、ありがと。ちゅ、それじゃ……」%K%P
自分でもおっかなびっくりだなと思いつつ、そっと乳房を揉んでみる。%K%P
自分でもおっかなびっくりだなと思いつつ、そっと乳房を揉んでみる。%K%P
「んぁ……っ」%K%P
「んぁ……っ」%K%P
「い、痛い？」%K%P
「い、痛い？」%K%P
「へ、平気よ……んちゅ、ただ乳首が擦れた時に、電気が走ったみたいに気持ちよかったから」%K%P
「へ、平気よ……んちゅ、ただ乳首が擦れた時に、電気が走ったみたいに気持ちよかったから」%K%P
確かにツンと硬くなって自己主張していた。%K%P
確かにツンと硬くなって自己主張していた。%K%P
これって乳首が勃起してるってことだよね。人差し指と中指の間に乳首を挟み込んで、ゆったりと乳房を揉み上げていく。%K%P
これって乳首が勃起してるってことだよね。人差し指と中指の間に乳首を挟み込んで、ゆったりと乳房を揉み上げていく。%K%P
「んふぅ、うあ、やだ、恥ずかしい……ちゅ、れろろ、とっても感じちゃうぅ……っ」%K%P
「んふぅ、うあ、やだ、恥ずかしい……ちゅ、れろろ、とっても感じちゃうぅ……っ」%K%P
「あぁ、そんなにいいんだ。うれしいな、もっと気持ちよくしてあげるね」%K%P
「あぁ、そんなにいいんだ。うれしいな、もっと気持ちよくしてあげるね」%K%P
乳房だけではなく、お尻や内股、首筋から背筋などと、ともかく反応の良さそうな部分を探るようにしながら、愛撫を繰り返す。%K%P
乳房だけではなく、お尻や内股、首筋から背筋などと、ともかく反応の良さそうな部分を探るようにしながら、愛撫を繰り返す。%K%P
その効果は絶大なようで、美琴さんはますます甘えるように口唇を重ねてくるようになる。%K%P
その効果は絶大なようで、美琴さんはますます甘えるように口唇を重ねてくるようになる。%K%P
「ちゅ、んふぅ、いいぃ、れろろ、いずみさん、もっと……ちゅ、れろろ……っ」%K%P
「ちゅ、んふぅ、いいぃ、れろろ、いずみさん、もっと……ちゅ、れろろ……っ」%K%P
「美琴さん、とっても敏感なんだ」%K%P
「美琴さん、とっても敏感なんだ」%K%P
「ふぅ、んぁ、これはいずみさんに触られてるからよ、んぁ、れろろ、自分で触ってもこんなに感じないし……っ」%K%P
「ふぅ、んぁ、これはいずみさんに触られてるからよ、んぁ、れろろ、自分で触ってもこんなに感じないし……っ」%K%P
「ああ、なるほど。分かるよ、それ」%K%P
「ああ、なるほど。分かるよ、それ」%K%P
とっても共感できた。%K%P
とっても共感できた。%K%P
恥ずかしながら僕もこの前のお風呂で美琴さんに触られたときに、自分でもビックリするくらいヘンな声を出してしまったからなぁ……。%K%P
恥ずかしながら僕もこの前のお風呂で美琴さんに触られたときに、自分でもビックリするくらいヘンな声を出してしまったからなぁ……。%K%P
「んぁ、ふぅ、ふぅ、んちゅ、れろ、れろん……っ」%K%P
「んぁ、ふぅ、ふぅ、んちゅ、れろ、れろん……っ」%K%P
興奮して体温が上がってきたせいか、美琴さんの肌がしっとりと汗ばんできた。%K%P
興奮して体温が上がってきたせいか、美琴さんの肌がしっとりと汗ばんできた。%K%P
上気した頬にトロンとした眼差し。%K%P
上気した頬にトロンとした眼差し。%K%P
陶然とした表情は、普段の学園生活では絶対に見ることが出来ない美琴さんの女の子の顔だ。%K%P
陶然とした表情は、普段の学園生活では絶対に見ることが出来ない美琴さんの女の子の顔だ。%K%P
「んふぅ、ちゅ、ちゅ、もっと……れろろ、んちゅ、れろろ……っ」%K%P
「んふぅ、ちゅ、ちゅ、もっと……れろろ、んちゅ、れろろ……っ」%K%P
興奮と快感で自制が利かなくなってきたのか、ますます甘えてくるようになる。%K%P
興奮と快感で自制が利かなくなってきたのか、ますます甘えてくるようになる。%K%P
火照った舌が積極的に僕の口腔を舐め回していた。%K%P
火照った舌が積極的に僕の口腔を舐め回していた。%K%P
「んく、んちゅ……っ」%K%P
「んく、んちゅ……っ」%K%P
粘膜が触れあうことで甘い快感が止めどなく湧いてくる。%K%P
粘膜が触れあうことで甘い快感が止めどなく湧いてくる。%K%P
僕の股間もさっきから自己主張が激しく、痛いくらいに膨張していた。%K%P
僕の股間もさっきから自己主張が激しく、痛いくらいに膨張していた。%K%P
「あふぅ、お股に硬いのが擦れちゃってるね」%K%P
「あふぅ、お股に硬いのが擦れちゃってるね」%K%P
「うん、美琴さんの身体、どこを触っても気持ちいいから……」%K%P
「うん、美琴さんの身体、どこを触っても気持ちいいから……」%K%P
「あ、あのね……こっちもう準備できてるから……い、いいよ……っ」%K%P
「あ、あのね……こっちもう準備できてるから……い、いいよ……っ」%K%P
羞恥で消え入りそうな声だった。%K%P
羞恥で消え入りそうな声だった。%K%P
同時に艶めかしい期待感も見え隠れしている。%K%P
同時に艶めかしい期待感も見え隠れしている。%K%P
「僕も……これ以上は我慢できそうにないな。出来るだけ優しくするけど、こういうの初めてだから我を忘れちゃったらごめんね」%K%P
「僕も……これ以上は我慢できそうにないな。出来るだけ優しくするけど、こういうの初めてだから我を忘れちゃったらごめんね」%K%P
「んちゅ、いいよ、好きにして。だってそれって、夢中になるくらいあたしの身体、気に入ってくれたってことでしょ」%K%P
「んちゅ、いいよ、好きにして。だってそれって、夢中になるくらいあたしの身体、気に入ってくれたってことでしょ」%K%P
僕への信頼感を示すように舌を絡めてくる。%K%P
僕への信頼感を示すように舌を絡めてくる。%K%P
僕もお返しとばかり舌を相手の口腔に送り込みながら、そっと美琴さんの身体を床に横たえる。%K%P
僕もお返しとばかり舌を相手の口腔に送り込みながら、そっと美琴さんの身体を床に横たえる。%K%P
下着をそっと引き下げると、潤沢な蜜を含んだ割れ目が露わになる。%K%P
下着をそっと引き下げると、潤沢な蜜を含んだ割れ目が露わになる。%K%P
ピンク色のヒダがこの前浴室で見たときよりも充血しているようだった。%K%P
ピンク色のヒダがこの前浴室で見たときよりも充血しているようだった。%K%P
僕を見つめる瞳には不安の色はない。%K%P
僕を見つめる瞳には不安の色はない。%K%P
「んふぅ、そんなに見つめられたら恥ずかしいな……」%K%P
「んふぅ、そんなに見つめられたら恥ずかしいな……」%K%P
と、言いつつも足を閉じようとはしなかった。%K%P
と、言いつつも足を閉じようとはしなかった。%K%P
生唾を呑み込むような光景に僕の心拍数が跳ね上がった。%K%P
生唾を呑み込むような光景に僕の心拍数が跳ね上がった。%K%P
異性の身体への好奇心がムクムクと鎌首をもたげてくる。%K%P
異性の身体への好奇心がムクムクと鎌首をもたげてくる。%K%P
「さ、触ってみていいかな？」%K%P
「さ、触ってみていいかな？」%K%P
「ええ、どうぞ……や、優しく、お願い……」%K%P
「ええ、どうぞ……や、優しく、お願い……」%K%P
「うん……っ」%K%P
「うん……っ」%K%P
おっかなびっくり指を伸ばす。%K%P
おっかなびっくり指を伸ばす。%K%P
割れ目をかき分けるように指でなぞると、そこは見た目以上にグチョグチョだった。%K%P
割れ目をかき分けるように指でなぞると、そこは見た目以上にグチョグチョだった。%K%P
「はふぅ、あ、ああぁ……っ、さ、触られてるぅ、いずみさんに……っ」%K%P
「はふぅ、あ、ああぁ……っ、さ、触られてるぅ、いずみさんに……っ」%K%P
「うく、プニプニして柔らかい……それにヒクヒクしてるし……っ」%K%P
「うく、プニプニして柔らかい……それにヒクヒクしてるし……っ」%K%P
さらに指を割れ目に埋める。%K%P
さらに指を割れ目に埋める。%K%P
そしてすぐに指を離すと粘膜と指の間に粘液の糸が伝った。%K%P
そしてすぐに指を離すと粘膜と指の間に粘液の糸が伝った。%K%P
「これだけ濡れてたら簡単に入るかな……？」%K%P
「これだけ濡れてたら簡単に入るかな……？」%K%P
「た、たぶん……っ」%K%P
「た、たぶん……っ」%K%P
「あの、見栄はっても仕方ないから言うけど、おかしかったり変だったりしたら言ってね」%K%P
「あの、見栄はっても仕方ないから言うけど、おかしかったり変だったりしたら言ってね」%K%P
「あぅ、う、うん……っ、なんかお互い恥ずかしいね」%K%P
「あぅ、う、うん……っ、なんかお互い恥ずかしいね」%K%P
照れくさくてむず痒い。僕も美琴さんも自然にはにかんでいた。%K%P
照れくさくてむず痒い。僕も美琴さんも自然にはにかんでいた。%K%P
とはいえ、このままモジモジしてても仕方がない。%K%P
とはいえ、このままモジモジしてても仕方がない。%K%P
硬く反り返っているアレを取り出してそっと割れ目に宛がう。%K%P
硬く反り返っているアレを取り出してそっと割れ目に宛がう。%K%P
「んと……」%K%P
「んと……」%K%P
挿入する部分を探るように先端の位置調整。%K%P
挿入する部分を探るように先端の位置調整。%K%P
でも、ヌルヌルと滑るばかりで上手く挿入することが出来ない。%K%P
でも、ヌルヌルと滑るばかりで上手く挿入することが出来ない。%K%P
「んぁ、も、もうちょっと下の方……」%K%P
「んぁ、も、もうちょっと下の方……」%K%P
「そ、そう、そこ……っ」%K%P
「そ、そう、そこ……っ」%K%P
「あ、わ、分かるよ……っ」%K%P
「あ、わ、分かるよ……っ」%K%P
先端がくぼみに軽く沈み込んだような感触があった。%K%P
先端がくぼみに軽く沈み込んだような感触があった。%K%P
この位置で腰を押しつけていけば無事に美琴さんと初体験になりそうだ。%K%P
この位置で腰を押しつけていけば無事に美琴さんと初体験になりそうだ。%K%P
「じゃあ、楽にしててね。入れるよ……っ」%K%P
「じゃあ、楽にしててね。入れるよ……っ」%K%P
「あぁ、来て、いずみさん……っ」%K%P
「あぁ、来て、いずみさん……っ」%K%P
股間に意識を集中しながら、ゆっくりと挿入していく。%K%P
股間に意識を集中しながら、ゆっくりと挿入していく。%K%P
「ふあっ、ああぁあぁぁ……っ」%K%P
「ふあっ、ああぁあぁぁ……っ」%K%P
「くうぅ、き、きつい……っ」%K%P
「くうぅ、き、きつい……っ」%K%P
潤沢な愛液のおかげで思いのほかスムーズに入っていくが、同時に四方八方からグイグイと柔肉が絡みついてくる。%K%P
潤沢な愛液のおかげで思いのほかスムーズに入っていくが、同時に四方八方からグイグイと柔肉が絡みついてくる。%K%P
膣壁との摩擦感はそのまま強烈な快感となり、堪らず息が乱れてしまうほどだ。%K%P
膣壁との摩擦感はそのまま強烈な快感となり、堪らず息が乱れてしまうほどだ。%K%P
「ううぅ、うあっ、くぅ、だ、大丈夫？」%K%P
「ううぅ、うあっ、くぅ、だ、大丈夫？」%K%P
「ううぅ、うっく、ちょ、ちょっと痛いけど……はぁ、はぁ、平気。うあっ、このまま続けて……っ」%K%P
「ううぅ、うっく、ちょ、ちょっと痛いけど……はぁ、はぁ、平気。うあっ、このまま続けて……っ」%K%P
「とりあえず全部入れるから、それまでがんばって……っ」%K%P
「とりあえず全部入れるから、それまでがんばって……っ」%K%P
膣腔の収縮に逆らって挿入していくと、すぐに先端が行き止まりまで達した。%K%P
膣腔の収縮に逆らって挿入していくと、すぐに先端が行き止まりまで達した。%K%P
ちょっと付け根の辺りが収まりきらずに余ってしまっている。%K%P
ちょっと付け根の辺りが収まりきらずに余ってしまっている。%K%P
膣壁の弾力からすると、あと数センチくらいは入りそうな気がしたので、さらにそっと腰を押しつけてみる。%K%P
膣壁の弾力からすると、あと数センチくらいは入りそうな気がしたので、さらにそっと腰を押しつけてみる。%K%P
「んふぅ、ふぁ……っ、凄い、こんな奥まで、はぁ、はぁ、いずみさんでいっぱいになっちゃうぅ、ふあ……っ」%K%P
「んふぅ、ふぁ……っ、凄い、こんな奥まで、はぁ、はぁ、いずみさんでいっぱいになっちゃうぅ、ふあ……っ」%K%P
膣腔を縦に引き延ばされていく感触に、美琴さんは肢体を艶めかしく痙攣させた。%K%P
膣腔を縦に引き延ばされていく感触に、美琴さんは肢体を艶めかしく痙攣させた。%K%P
「あぁ、熱くて柔らかくて、グイグイ絡みついてきて……っ、うぅ、美琴さんの中が堪らないよ……っ」%K%P
「あぁ、熱くて柔らかくて、グイグイ絡みついてきて……っ、うぅ、美琴さんの中が堪らないよ……っ」%K%P
「ふぅ、ふぅ、あたしたち一つになってるんだね、んっく、うあ……っ、とっても幸せぇ……っ」%K%P
「ふぅ、ふぅ、あたしたち一つになってるんだね、んっく、うあ……っ、とっても幸せぇ……っ」%K%P
「うん、僕もだよ。はぁ、はぁ……っ」%K%P
「うん、僕もだよ。はぁ、はぁ……っ」%K%P
僕の全てが美琴さんの中に収まりきっていた。%K%P
僕の全てが美琴さんの中に収まりきっていた。%K%P
本能的な何かを刺激する喜びと快感が背筋を駆け上がって脳を痺れさせる。%K%P
本能的な何かを刺激する喜びと快感が背筋を駆け上がって脳を痺れさせる。%K%P
端的に言って僕は感動していた。その喜びを美琴さんに伝えたくて、衝動的に口唇も重ねる。%K%P
端的に言って僕は感動していた。その喜びを美琴さんに伝えたくて、衝動的に口唇も重ねる。%K%P
「んちゅ、ちゅ、好きな人と一つになるって……うっく、こんなに凄いことだったんだ……っ」%K%P
「んちゅ、ちゅ、好きな人と一つになるって……うっく、こんなに凄いことだったんだ……っ」%K%P
「ちゅ、んちゅ、んぅ、いずみさぁん……っ」%K%P
「ちゅ、んちゅ、んぅ、いずみさぁん……っ」%K%P
美琴さんがうれしそうに上と下で僕を受け入れてくれる。%K%P
美琴さんがうれしそうに上と下で僕を受け入れてくれる。%K%P
おかげで、性的な欲望がどんどん膨れあがっていく一方だ。%K%P
おかげで、性的な欲望がどんどん膨れあがっていく一方だ。%K%P
もっと一緒に気持ちよくなりたい、もっと美琴さんの可愛い声や仕草が見たい、と際限がなかった。%K%P
もっと一緒に気持ちよくなりたい、もっと美琴さんの可愛い声や仕草が見たい、と際限がなかった。%K%P
でもこれが初体験なので、どこまで動いていいのか加減が分からない。%K%P
でもこれが初体験なので、どこまで動いていいのか加減が分からない。%K%P
「あの、痛みとかはどう？」%K%P
「あの、痛みとかはどう？」%K%P
「はぁ、はぁ、ちょっとヒリヒリするけど……もうちょっとしたら大丈夫かも……っ」%K%P
「はぁ、はぁ、ちょっとヒリヒリするけど……もうちょっとしたら大丈夫かも……っ」%K%P
美琴さんの中は相変わらず窮屈だ。%K%P
美琴さんの中は相変わらず窮屈だ。%K%P
これって緊張しているせいかもしれない。%K%P
これって緊張しているせいかもしれない。%K%P
「マッサージみたいにすれば、馴染んでくるかな？」%K%P
「マッサージみたいにすれば、馴染んでくるかな？」%K%P
ものは試しにと、密着したままゆっくりと上下左右に腰を動かす。%K%P
ものは試しにと、密着したままゆっくりと上下左右に腰を動かす。%K%P
キスも絶やさない。%K%P
キスも絶やさない。%K%P
「ふぅ、あっ、んちゅ、れろ、んちゅぷ、ふあ……っ、あっ、はぁ、くむぅ、ちゅ、ちゅ、んぅ……っ」%K%P
「ふぅ、あっ、んちゅ、れろ、んちゅぷ、ふあ……っ、あっ、はぁ、くむぅ、ちゅ、ちゅ、んぅ……っ」%K%P
「ど、どう？　辛くない？」%K%P
「ど、どう？　辛くない？」%K%P
「やぁん、硬いのでかき回されたら、ちゅ、れろろ、ふはぁ、ふぅ、おかしくなっちゃいそう……っ」%K%P
「やぁん、硬いのでかき回されたら、ちゅ、れろろ、ふはぁ、ふぅ、おかしくなっちゃいそう……っ」%K%P
声の響きからは特に問題は感じられなかった。%K%P
声の響きからは特に問題は感じられなかった。%K%P
丁寧に動く分には美琴さんもそれなりに余裕がありそうだ。%K%P
丁寧に動く分には美琴さんもそれなりに余裕がありそうだ。%K%P
挿入前からかなり興奮していた影響も大きそうだ。%K%P
挿入前からかなり興奮していた影響も大きそうだ。%K%P
「あっ、はぁ、んちゅ、んっく、ふは、ふぅ、んっく、いずみさんは気持ちいい？」%K%P
「あっ、はぁ、んちゅ、んっく、ふは、ふぅ、んっく、いずみさんは気持ちいい？」%K%P
「ふぅ、んっ、ううぅ、本当はもっと激しく動きたいなら、はぁ、はぁ、あたしに遠慮しないでも……っ」%K%P
「ふぅ、んっ、ううぅ、本当はもっと激しく動きたいなら、はぁ、はぁ、あたしに遠慮しないでも……っ」%K%P
「遠慮なんかしてないよ」%K%P
「遠慮なんかしてないよ」%K%P
「それどころか僕の方も少しずつ慣らしていかないと、すぐにイッちゃいそうなくらいだもの……っ」%K%P
「それどころか僕の方も少しずつ慣らしていかないと、すぐにイッちゃいそうなくらいだもの……っ」%K%P
膣壁のヒダとカリ首がじわじわと擦れるたびに、熱く痺れる快感を持てあまして呼吸を乱してしまう。%K%P
膣壁のヒダとカリ首がじわじわと擦れるたびに、熱く痺れる快感を持てあまして呼吸を乱してしまう。%K%P
生まれて初めて体験する火照った粘膜の締め付けが心地よすぎて、少しでも長い時間、味わっていたくなる。%K%P
生まれて初めて体験する火照った粘膜の締め付けが心地よすぎて、少しでも長い時間、味わっていたくなる。%K%P
「んっ、んっ、ふはっ、不思議な感覚……っ、あむぅ、んちゅ、ちゅぷ……っ、奥の方をくすぐられてるみたい……っ」%K%P
「んっ、んっ、ふはっ、不思議な感覚……っ、あむぅ、んちゅ、ちゅぷ……っ、奥の方をくすぐられてるみたい……っ」%K%P
「はぁ、ふあっ、ゆっくりかき回されてるだけでこれなら、あんっ、本気だされたらどうにかなっちゃいそう……っ」%K%P
「はぁ、ふあっ、ゆっくりかき回されてるだけでこれなら、あんっ、本気だされたらどうにかなっちゃいそう……っ」%K%P
「美琴さんが乱れる姿なら見てみたいな。今なら僕が独り占めだね……っ」%K%P
「美琴さんが乱れる姿なら見てみたいな。今なら僕が独り占めだね……っ」%K%P
酷く興奮する想像だった。%K%P
酷く興奮する想像だった。%K%P
なんか僕、ナチュラルに思考がエロエロになってるなぁ……。%K%P
なんか僕、ナチュラルに思考がエロエロになってるなぁ……。%K%P
舌を絡め合う濃厚なキスも止められないし、早くもエッチの虜になっているのかも。%K%P
舌を絡め合う濃厚なキスも止められないし、早くもエッチの虜になっているのかも。%K%P
「あっ、あっ、ちゅ、ちゅ……っ、ふぅ、ふぅ、んちゅぷ、れろ、ふあ、あぁ……っ」%K%P
「あっ、あっ、ちゅ、ちゅ……っ、ふぅ、ふぅ、んちゅぷ、れろ、ふあ、あぁ……っ」%K%P
「ヌルヌルがどんどん溢れてくるから、こっちも動きやすくなっていく一方だよ」%K%P
「ヌルヌルがどんどん溢れてくるから、こっちも動きやすくなっていく一方だよ」%K%P
「それだけいずみさんのコレが、んちゅ、ちゅ、ふはっ、はぁ、あたしには堪らないってことよ……っ」%K%P
「それだけいずみさんのコレが、んちゅ、ちゅ、ふはっ、はぁ、あたしには堪らないってことよ……っ」%K%P
「気に入って貰えてなにより。ちゅ、ちゅ、うれしいよ」%K%P
「気に入って貰えてなにより。ちゅ、ちゅ、うれしいよ」%K%P
「あんっ、ふあっ、はぁ、あたしもうれしい、もっともっといずみさんを感じさせて……っ」%K%P
「あんっ、ふあっ、はぁ、あたしもうれしい、もっともっといずみさんを感じさせて……っ」%K%P
うれしそうに、せつなそうに、美琴さんはなんども身をよじる。%K%P
うれしそうに、せつなそうに、美琴さんはなんども身をよじる。%K%P
言葉だけでは伝えきれない思いをもっと感じて欲しくて、僕なりに拙いながらも一生懸命に腰をくねらせる。%K%P
言葉だけでは伝えきれない思いをもっと感じて欲しくて、僕なりに拙いながらも一生懸命に腰をくねらせる。%K%P
「うっく、ふうぅ……っ、美琴さんも僕のこといっぱい感じて……っ」%K%P
「うっく、ふうぅ……っ、美琴さんも僕のこといっぱい感じて……っ」%K%P
「はぁ、はぁ、うれしい、ちゅぷ、れろろ、ふっく、硬くて熱いね、あぁっ、あっ、あぁ……っ」%K%P
「はぁ、はぁ、うれしい、ちゅぷ、れろろ、ふっく、硬くて熱いね、あぁっ、あっ、あぁ……っ」%K%P
「うあっ、はぁ、恥ずかしい、んひっ、アソコからエッチな音が……っ、あっ、はぁ、くぅ……っ」%K%P
「うあっ、はぁ、恥ずかしい、んひっ、アソコからエッチな音が……っ、あっ、はぁ、くぅ……っ」%K%P
潤沢な粘液を蓄えた蜜壷の中をかき回しているわけだから、当然のようにグチュグチュと水音が響いてしまう。%K%P
潤沢な粘液を蓄えた蜜壷の中をかき回しているわけだから、当然のようにグチュグチュと水音が響いてしまう。%K%P
興奮して充血した膣壁はさらに敏感になるみたいで、可愛い喘ぎ声も途切れる気配がない。%K%P
興奮して充血した膣壁はさらに敏感になるみたいで、可愛い喘ぎ声も途切れる気配がない。%K%P
「なんだか締め付け具合も積極的になってきたよ、んちゅ、ちゅ……っ」%K%P
「なんだか締め付け具合も積極的になってきたよ、んちゅ、ちゅ……っ」%K%P
「ふっく、ふぅ、そ、そうなの？　うあっ、はぁ、自分でもよく分からないけど、うあっ、ああぁ……っ」%K%P
「ふっく、ふぅ、そ、そうなの？　うあっ、はぁ、自分でもよく分からないけど、うあっ、ああぁ……っ」%K%P
どうやら刺激に対して勝手に身体が反応しているらしい。%K%P
どうやら刺激に対して勝手に身体が反応しているらしい。%K%P
これはこれで男の情欲を刺激する。僕の股間もおもわずヒクついてしまう。%K%P
これはこれで男の情欲を刺激する。僕の股間もおもわずヒクついてしまう。%K%P
「あぁ、美琴さん可愛いよ、ふぅ、ううぅ……っ」%K%P
「あぁ、美琴さん可愛いよ、ふぅ、ううぅ……っ」%K%P
「あっ、はぁ、あんっ、ふあっ、はぁ……っ、だいぶ馴染んできたみたい、ふぅ、はぁ、あっ、あ……っ」%K%P
「あっ、はぁ、あんっ、ふあっ、はぁ……っ、だいぶ馴染んできたみたい、ふぅ、はぁ、あっ、あ……っ」%K%P
「そろそろ好きなように動いて貰っても、はぁ、あっ、あっ、大丈夫だから……っ」%K%P
「そろそろ好きなように動いて貰っても、はぁ、あっ、あっ、大丈夫だから……っ」%K%P
「うん、分かったよ。それじゃ少しずつペースあげてくね……っ」%K%P
「うん、分かったよ。それじゃ少しずつペースあげてくね……っ」%K%P
美琴さんの腰をしっかり掴んで、下腹部に力を入れながら抽送に勢いを付ける。%K%P
美琴さんの腰をしっかり掴んで、下腹部に力を入れながら抽送に勢いを付ける。%K%P
「あっ、はぁ、ああっ、ふぅ、んっく、うあ……っ、はぁ、あっ、あふぅ、あっ、あぁん……っ」%K%P
「あっ、はぁ、ああっ、ふぅ、んっく、うあ……っ、はぁ、あっ、あふぅ、あっ、あぁん……っ」%K%P
摩擦が強くなると、艶めかしい嬌声も大きくなった。%K%P
摩擦が強くなると、艶めかしい嬌声も大きくなった。%K%P
「うぁ、あぁ、なんだコレ……っ、くぅ、ウネウネって絡みついてくるよ……っ」%K%P
「うぁ、あぁ、なんだコレ……っ、くぅ、ウネウネって絡みついてくるよ……っ」%K%P
膣腔が蠕動しているのかな？%K%P
膣腔が蠕動しているのかな？%K%P
一言では言い表せない複雑な締め付けを受けていた。%K%P
一言では言い表せない複雑な締め付けを受けていた。%K%P
「くぅ、んひっ、いずみさん、とってもセクシーなお顔、はぁ、あぁん、あっ、はぁ……っ」%K%P
「くぅ、んひっ、いずみさん、とってもセクシーなお顔、はぁ、あぁん、あっ、はぁ……っ」%K%P
美琴さんがうっとりと僕の顔を見上げていた。%K%P
美琴さんがうっとりと僕の顔を見上げていた。%K%P
ポッテリした下唇が酷く淫靡に見えて思わず生唾を呑み込んでしまう。%K%P
ポッテリした下唇が酷く淫靡に見えて思わず生唾を呑み込んでしまう。%K%P
「それを言ったら美琴さんだって、蕩けちゃってるよ。ちゅ、ちゅ……っ」%K%P
「それを言ったら美琴さんだって、蕩けちゃってるよ。ちゅ、ちゅ……っ」%K%P
「んふぅ、ちゅぷ、れろろ、んちゅぷ……っ」%K%P
「んふぅ、ちゅぷ、れろろ、んちゅぷ……っ」%K%P
二人そろって艶めかしい快感に酔いしれていた。%K%P
二人そろって艶めかしい快感に酔いしれていた。%K%P
好きな相手とのエッチがもたらす多幸感がますます膨れあがっていく。%K%P
好きな相手とのエッチがもたらす多幸感がますます膨れあがっていく。%K%P
「ふあっ、あぁっ、いずみさん、あっ、あふぅ、あたしもう何が何だか、ちゅぷ、んちゅ、くは……っ」%K%P
「ふあっ、あぁっ、いずみさん、あっ、あふぅ、あたしもう何が何だか、ちゅぷ、んちゅ、くは……っ」%K%P
「はぁ、はぁ、これ気持ちよすぎて腰が勝手に動いちゃうよ……っ」%K%P
「はぁ、はぁ、これ気持ちよすぎて腰が勝手に動いちゃうよ……っ」%K%P
「うっく、うあっ、あたしもヘンになっちゃいそう……っ、あんまり凄すぎて、あんっ、あふぅ、うあ……っ」%K%P
「うっく、うあっ、あたしもヘンになっちゃいそう……っ、あんまり凄すぎて、あんっ、あふぅ、うあ……っ」%K%P
破瓜の痛みはすっかり悦楽に塗りつぶされてしまったようだ。%K%P
破瓜の痛みはすっかり悦楽に塗りつぶされてしまったようだ。%K%P
心からうれしそうに僕を受け入れている。%K%P
心からうれしそうに僕を受け入れている。%K%P
そして、女の子に喜ばれたら自然に張り切ってしまうのが男だ。%K%P
そして、女の子に喜ばれたら自然に張り切ってしまうのが男だ。%K%P
「まだまだだよ。これからもっと気持ちよくして上げるからね……っ」%K%P
「まだまだだよ。これからもっと気持ちよくして上げるからね……っ」%K%P
「うれしいぃ、あぁん、ちゅうしてぇ、いずみさんと一つになるの幸せぇ……っ」%K%P
「うれしいぃ、あぁん、ちゅうしてぇ、いずみさんと一つになるの幸せぇ……っ」%K%P
「ふぁ、はぁ、どんどん激しくなってきて、あんっ、はぁ、はぁ……っ、いいぃ、このままもっと……っ」%K%P
「ふぁ、はぁ、どんどん激しくなってきて、あんっ、はぁ、はぁ……っ、いいぃ、このままもっと……っ」%K%P
今の僕にはおねだりの声もピンク色に染まっているように見えた。%K%P
今の僕にはおねだりの声もピンク色に染まっているように見えた。%K%P
結合部に意識が集中して、膣内の微細なヒダすら鮮明に感じ取ることが出来る。%K%P
結合部に意識が集中して、膣内の微細なヒダすら鮮明に感じ取ることが出来る。%K%P
「はぁ、はぁ、可愛い、ちゅ、ちゅ、美琴さん……っ」%K%P
「はぁ、はぁ、可愛い、ちゅ、ちゅ、美琴さん……っ」%K%P
抽送の勢いは落とさずに、乳房にも手を伸ばす。%K%P
抽送の勢いは落とさずに、乳房にも手を伸ばす。%K%P
手のひらで包み込むように揉んで上げると、膣腔がうれしそうに収縮を繰り返した。%K%P
手のひらで包み込むように揉んで上げると、膣腔がうれしそうに収縮を繰り返した。%K%P
「ふっく、うあっ、んちゅぷ、ちゅ、ちゅ、ふぁ、あぁん、ふあっ、あぁ……っ」%K%P
「ふっく、うあっ、んちゅぷ、ちゅ、ちゅ、ふぁ、あぁん、ふあっ、あぁ……っ」%K%P
「うぅ、美琴さん、ますます敏感になってない？」%K%P
「うぅ、美琴さん、ますます敏感になってない？」%K%P
「ふぅ、うあっ、なってるかも……っ、ちゅぷ、れろろ、あっ、はぁ、全身がもう気持ち良すぎて……っ」%K%P
「ふぅ、うあっ、なってるかも……っ、ちゅぷ、れろろ、あっ、はぁ、全身がもう気持ち良すぎて……っ」%K%P
「それならこういうのは？」%K%P
「それならこういうのは？」%K%P
首筋や脇腹、おへその周りなんかもフェザータッチで撫で回す。%K%P
首筋や脇腹、おへその周りなんかもフェザータッチで撫で回す。%K%P
「あんっ、あっ、はぁ、あふぅ、んは……っ、ふぅ、んっく、うあっ、あぁん、ふは……っ」%K%P
「あんっ、あっ、はぁ、あふぅ、んは……っ、ふぅ、んっく、うあっ、あぁん、ふは……っ」%K%P
またしても膣腔の締め付けに変化があった。%K%P
またしても膣腔の締め付けに変化があった。%K%P
本当に身体のあちこちが性感帯になってしまったらしい。もちろん口の中も同様で、舌までもが敏感になっている。%K%P
本当に身体のあちこちが性感帯になってしまったらしい。もちろん口の中も同様で、舌までもが敏感になっている。%K%P
軽く愛撫するだけで艶めかしい反応が返ってくるのだから、僕としても興奮ものだ。%K%P
軽く愛撫するだけで艶めかしい反応が返ってくるのだから、僕としても興奮ものだ。%K%P
「あぁ、こんな可愛い姿を独り占めなんて……っ」%K%P
「あぁ、こんな可愛い姿を独り占めなんて……っ」%K%P
勃起がますます酷くなってきた。%K%P
勃起がますます酷くなってきた。%K%P
「ふっく、うぅ、うぁん、あたしの身体が、ちゅ、ちゅ、そんなにエッチに……っ、ふぅ、れろろ、んちゅぷ……っ」%K%P
「ふっく、うぅ、うぁん、あたしの身体が、ちゅ、ちゅ、そんなにエッチに……っ、ふぅ、れろろ、んちゅぷ……っ」%K%P
「なんだかうれしそうだよ？」%K%P
「なんだかうれしそうだよ？」%K%P
「はぁ、あっ、うれしいよ。ふあっ、ふっく、うあ……っ、それだけいずみさんも気持ちいいんでしょう？」%K%P
「はぁ、あっ、うれしいよ。ふあっ、ふっく、うあ……っ、それだけいずみさんも気持ちいいんでしょう？」%K%P
「うん、気持ちいい……っ、ちゅ、ちゅ、さっきからずっと感動しっぱなしだよ……っ」%K%P
「うん、気持ちいい……っ、ちゅ、ちゅ、さっきからずっと感動しっぱなしだよ……っ」%K%P
腰を打ち付けるたびに愛液が結合部から溢れ出てくる。%K%P
腰を打ち付けるたびに愛液が結合部から溢れ出てくる。%K%P
可愛い嬌声も淫靡な響きが色濃くなってきた。%K%P
可愛い嬌声も淫靡な響きが色濃くなってきた。%K%P
「ふぅ、んあっ、あぁん、あたし初めてなのに、あっ、はぁ、くぅ……っ」%K%P
「ふぅ、んあっ、あぁん、あたし初めてなのに、あっ、はぁ、くぅ……っ」%K%P
「うぅ、うあっ、もうクセになっちゃいそう、あっ、はぁ、うあっ、はぁ……っ」%K%P
「うぅ、うあっ、もうクセになっちゃいそう、あっ、はぁ、うあっ、はぁ……っ」%K%P
キュキュッと膣肉が収縮して僕自身に絡みついてくる。%K%P
キュキュッと膣肉が収縮して僕自身に絡みついてくる。%K%P
おねだりするように舌も突きだしていた。%K%P
おねだりするように舌も突きだしていた。%K%P
「そんなに気に入ってくれたなら、もっとご馳走して上げる……っ」%K%P
「そんなに気に入ってくれたなら、もっとご馳走して上げる……っ」%K%P
どうもさっきから興奮しっぱなしのせいか理性が麻痺しかかっているみたいだ。%K%P
どうもさっきから興奮しっぱなしのせいか理性が麻痺しかかっているみたいだ。%K%P
本能的な衝動を抑えきれない。%K%P
本能的な衝動を抑えきれない。%K%P
そして、それは美琴さんも同様のようで、身も蓋もなく淫靡に甘えてくる。%K%P
そして、それは美琴さんも同様のようで、身も蓋もなく淫靡に甘えてくる。%K%P
「はぁ、んっ、ちゅぷん、ふはっ、恥ずかしいぃ、ふっく、あたしエッチだよ……っ」%K%P
「はぁ、んっ、ちゅぷん、ふはっ、恥ずかしいぃ、ふっく、あたしエッチだよ……っ」%K%P
強めに乳房を揉むと、指と指の間から色白の柔肉がはみ出る。%K%P
強めに乳房を揉むと、指と指の間から色白の柔肉がはみ出る。%K%P
隆起しきった乳首のつまみ心地がイヤらしすぎて、ついニヤけてしまう。%K%P
隆起しきった乳首のつまみ心地がイヤらしすぎて、ついニヤけてしまう。%K%P
口唇を重ねるとくぐもった嬌声になるのも大興奮だ。%K%P
口唇を重ねるとくぐもった嬌声になるのも大興奮だ。%K%P
「ふふ、エッチになった美琴さんも可愛くて堪らないよ……っ」%K%P
「ふふ、エッチになった美琴さんも可愛くて堪らないよ……っ」%K%P
「くぅ、うっく、ちゅるぷ、れろろ、ふはっ、あぁん、いいの？　あたし、このままエッチになっても……っ」%K%P
「くぅ、うっく、ちゅるぷ、れろろ、ふはっ、あぁん、いいの？　あたし、このままエッチになっても……っ」%K%P
「もちろん。二人でいっぱい気持ちよくなろうね……っ」%K%P
「もちろん。二人でいっぱい気持ちよくなろうね……っ」%K%P
夢中になって腰を振ると美琴さんの喘ぎ声も徐々に激しくなってきた。%K%P
夢中になって腰を振ると美琴さんの喘ぎ声も徐々に激しくなってきた。%K%P
「はぁ、あっく、んっ、くぅ、ふぁ……っ、あんっ、中でいずみさんが、はぁ、あっ、あっ、ふあっ、くぅ……っ」%K%P
「はぁ、あっく、んっ、くぅ、ふぁ……っ、あんっ、中でいずみさんが、はぁ、あっ、あっ、ふあっ、くぅ……っ」%K%P
快感が飽和して持てあまし気味になっているのか、やるせなさそうに床を引っ掻いた。%K%P
快感が飽和して持てあまし気味になっているのか、やるせなさそうに床を引っ掻いた。%K%P
華奢な手足に力がこもって内股を不規則にヒクつかせる。%K%P
華奢な手足に力がこもって内股を不規則にヒクつかせる。%K%P
膣腔の蠕動もより明確になって、まるで吸い付いてくるかのようだ。%K%P
膣腔の蠕動もより明確になって、まるで吸い付いてくるかのようだ。%K%P
「うぅ、うあっ、はぁ、反応が凄いよ……っ、このままじゃ僕、あんまり持ちそうにないかも……っ」%K%P
「うぅ、うあっ、はぁ、反応が凄いよ……っ、このままじゃ僕、あんまり持ちそうにないかも……っ」%K%P
「ふぁっ、くぅ、ちゅ、ちゅ、遠慮しないで、あんっ、あぁ……っ、れろろ、イキたくなったらいつでも……っ」%K%P
「ふぁっ、くぅ、ちゅ、ちゅ、遠慮しないで、あんっ、あぁ……っ、れろろ、イキたくなったらいつでも……っ」%K%P
「うあっ、はぁ、あたしでイッて……っ、あふぅ、うれしい、いずみさんのお役にたてて幸せぇ……っ」%K%P
「うあっ、はぁ、あたしでイッて……っ、あふぅ、うれしい、いずみさんのお役にたてて幸せぇ……っ」%K%P
僕の動きに合わせて美琴さんも腰をくねらせ始めた。%K%P
僕の動きに合わせて美琴さんも腰をくねらせ始めた。%K%P
抽送の刺激が強くなって的確に射精欲を煽られてしまう。%K%P
抽送の刺激が強くなって的確に射精欲を煽られてしまう。%K%P
「凄い……っ、くうぅ、美琴さん、こんなのって、はぁ、うぁ、あぁ……っ」%K%P
「凄い……っ、くうぅ、美琴さん、こんなのって、はぁ、うぁ、あぁ……っ」%K%P
元から運動神経がいいせいなのか、美琴さんはエッチでもコツを掴むのが早いみたいだ。%K%P
元から運動神経がいいせいなのか、美琴さんはエッチでもコツを掴むのが早いみたいだ。%K%P
「はぁ、ふあっ、中でヒクヒクしてるの分かるよ、あぁん、あっ、あぁ……っ」%K%P
「はぁ、ふあっ、中でヒクヒクしてるの分かるよ、あぁん、あっ、あぁ……っ」%K%P
「くぅ、うあっ、こ、こんな感じがいいんだね、あぁん、あひっ、ふあっ、あん……っ」%K%P
「くぅ、うあっ、こ、こんな感じがいいんだね、あぁん、あひっ、ふあっ、あん……っ」%K%P
僕の反応に合わせて締め付け方を工夫していた。%K%P
僕の反応に合わせて締め付け方を工夫していた。%K%P
もう舌を巻くしかない。%K%P
もう舌を巻くしかない。%K%P
「あっ、あっ、搾り取られちゃいそう……っ」%K%P
「あっ、あっ、搾り取られちゃいそう……っ」%K%P
限界ギリギリまで射精欲が高ぶっていた。%K%P
限界ギリギリまで射精欲が高ぶっていた。%K%P
「うあっ、はぁ、あふぅ、あたしも凄いの来そう……っ」%K%P
「うあっ、はぁ、あふぅ、あたしも凄いの来そう……っ」%K%P
「あんっ、あぁんっ、あたしもこのままいずみさんといっしょに……っ」%K%P
「あんっ、あぁんっ、あたしもこのままいずみさんといっしょに……っ」%K%P
「いいよ、僕もがんばるからね……っ」%K%P
「いいよ、僕もがんばるからね……っ」%K%P
暴発寸前のペニスを気力で押さえ込みつつ、勢いよく腰を打ち付けた。%K%P
暴発寸前のペニスを気力で押さえ込みつつ、勢いよく腰を打ち付けた。%K%P
快感に悶える美琴さんを頂へと押し上げていく。%K%P
快感に悶える美琴さんを頂へと押し上げていく。%K%P
「うっく、うあっ、はぁ、はぁ、あん……っ、あはぁ、ふあっ、あんっ、はぁ、あぁ……っ」%K%P
「うっく、うあっ、はぁ、はぁ、あん……っ、あはぁ、ふあっ、あんっ、はぁ、あぁ……っ」%K%P
「ふぅ、ふぅ、美琴さん、うぁ……っ」%K%P
「ふぅ、ふぅ、美琴さん、うぁ……っ」%K%P
火照りきった膣肉が痙攣しだした。%K%P
火照りきった膣肉が痙攣しだした。%K%P
「あっ、あっ、あふぅ、いずみさんっ、うあっ、あんっ…っ」%K%P
「あっ、あっ、あふぅ、いずみさんっ、うあっ、あんっ…っ」%K%P
「う、うんっ、いっしょにだよね……っ」%K%P
「う、うんっ、いっしょにだよね……っ」%K%P
まるでチカチカと脳裏でフラッシュが瞬いているようだった。%K%P
まるでチカチカと脳裏でフラッシュが瞬いているようだった。%K%P
身体と身体が蕩け合うような不思議な一体感に包み込まれながら、僕は深く美琴さんの中に僕自身を打ち込む。%K%P
身体と身体が蕩け合うような不思議な一体感に包み込まれながら、僕は深く美琴さんの中に僕自身を打ち込む。%K%P
「あっく、うあ、だ、出すよ……っ」%K%P
「あっく、うあ、だ、出すよ……っ」%K%P
「うあっ、ああぁっ、あっ、はぁっ、あっ、あっ、あんっ、ああぁぁっ！」%K%P
「うあっ、ああぁっ、あっ、はぁっ、あっ、あっ、あんっ、ああぁぁっ！」%K%P
「イッくうぅううぅぅぅっ！」%K%P
「イッくうぅううぅぅぅっ！」%K%P
「くはっ、ぐうぅ……っ」%K%P
「くはっ、ぐうぅ……っ」%K%P
「あぁん、中でトクトクしてるぅ……っ、んひっ、くうぅ……っ」%K%P
「あぁん、中でトクトクしてるぅ……っ、んひっ、くうぅ……っ」%K%P
大きく脈動するペニスと同調するように美琴さんは全身を淫靡に痙攣させていた。%K%P
大きく脈動するペニスと同調するように美琴さんは全身を淫靡に痙攣させていた。%K%P
たちまち結合部から大量の白濁液があふれ出す。%K%P
たちまち結合部から大量の白濁液があふれ出す。%K%P
「ふあっ、はぁ、あぁ、温かい……っ、いっぱい、こんなにぃ……っ」%K%P
「ふあっ、はぁ、あぁ、温かい……っ、いっぱい、こんなにぃ……っ」%K%P
「ふく、うっく、素敵だよ、美琴さん、ちゅ、んちゅぷ……っ」%K%P
「ふく、うっく、素敵だよ、美琴さん、ちゅ、んちゅぷ……っ」%K%P
「くむぅ、んふぅ、れろ、んちゅぷ、いずみさぁん……っ」%K%P
「くむぅ、んふぅ、れろ、んちゅぷ、いずみさぁん……っ」%K%P
美琴さんは幸せそうにうっとりしていた。%K%P
美琴さんは幸せそうにうっとりしていた。%K%P
僕と美琴さんは初めて愛し合った感動と快感の余韻にしばらくの間ひたっていた。%K%P
僕と美琴さんは初めて愛し合った感動と快感の余韻にしばらくの間ひたっていた。%K%P
……美琴さんが腰が抜けたようになってしまって、すぐに動けなかったとも言う。%K%P
……美琴さんが腰が抜けたようになってしまって、すぐに動けなかったとも言う。%K%P
「ふぅ、ごめんね、待たせちゃって」%K%P
「ふぅ、ごめんね、待たせちゃって」%K%P
ちょっと頼りなく立ち上がった。%K%P
ちょっと頼りなく立ち上がった。%K%P
どうにも足下がおぼつかない気がする。%K%P
どうにも足下がおぼつかない気がする。%K%P
僕も続いて腰を上げて、美琴さんの手を取る。気恥ずかしさがこそばゆい。%K%P
僕も続いて腰を上げて、美琴さんの手を取る。気恥ずかしさがこそばゆい。%K%P
「あんまり遅くなると寮の鍵が閉まっちゃうし、そろそろ帰ろうか」%K%P
「あんまり遅くなると寮の鍵が閉まっちゃうし、そろそろ帰ろうか」%K%P
「うん。あ、そうだ」%K%P
「うん。あ、そうだ」%K%P
美琴さんが僕の肘に腕を絡めてきた。%K%P
美琴さんが僕の肘に腕を絡めてきた。%K%P
僕の二の腕に乳房が当たる。%K%P
僕の二の腕に乳房が当たる。%K%P
ほんのちょっと前まで好きなだけ自由に揉んでいたオッパイだけど、それでも照れずにはいられない。%K%P
ほんのちょっと前まで好きなだけ自由に揉んでいたオッパイだけど、それでも照れずにはいられない。%K%P
「ね、ねぇ、廊下、暗くて怖いから外に出るまでこのままでいていい？」%K%P
「ね、ねぇ、廊下、暗くて怖いから外に出るまでこのままでいていい？」%K%P
「な、なんだか急に甘えん坊になったね」%K%P
「な、なんだか急に甘えん坊になったね」%K%P
「だめ？」%K%P
「だめ？」%K%P
「まさか。出来るなら寮に帰るまでずっとこうしていたいくらいだ」%K%P
「まさか。出来るなら寮に帰るまでずっとこうしていたいくらいだ」%K%P
「あたしも」%K%P
「あたしも」%K%P
僕たちはそのまま音楽室を後にした。%K%P
僕たちはそのまま音楽室を後にした。%K%P
