昨日までとは打って変わって、美琴さんはすっかり復調していた。%K%P
昨日までとは打って変わって、美琴さんはすっかり復調していた。%K%P
傍目からでも表情が輝いているのが分かる。%K%P
傍目からでも表情が輝いているのが分かる。%K%P
「綾香、おはよう。いずみさんもね」%K%P
「綾香、おはよう。いずみさんもね」%K%P
「わ～、なんだか元気一杯じゃない」%K%P
「わ～、なんだか元気一杯じゃない」%K%P
「みんなには随分心配かけたけど、もう大丈夫よ」%K%P
「みんなには随分心配かけたけど、もう大丈夫よ」%K%P
「そうみたいね。足取りも軽いし」%K%P
「そうみたいね。足取りも軽いし」%K%P
「ふふ、身も心も昨日までのあたしとは同じと思わないで」%K%P
「ふふ、身も心も昨日までのあたしとは同じと思わないで」%K%P
「アリアだって、あたしのチームが勝ってみせるわ！」%K%P
「アリアだって、あたしのチームが勝ってみせるわ！」%K%P
「お～」%K%P
「お～」%K%P
思わず二人して拍手してしまった。%K%P
思わず二人して拍手してしまった。%K%P
美琴さんの意気込みがこれでもかと感じられて、見ているこっちもうれしくなってしまう。%K%P
美琴さんの意気込みがこれでもかと感じられて、見ているこっちもうれしくなってしまう。%K%P
「いずみさん、流石ね」%K%P
「いずみさん、流石ね」%K%P
「夕べ、戻ってきたときに美琴とちゃんと話し合えたって言ってたから安心はしてたけど、想像以上に士気は上々じゃない」%K%P
「夕べ、戻ってきたときに美琴とちゃんと話し合えたって言ってたから安心はしてたけど、想像以上に士気は上々じゃない」%K%P
「一日であそこまで美琴をその気にさせるなんて、いったいどんな魔法使ったの？」%K%P
「一日であそこまで美琴をその気にさせるなんて、いったいどんな魔法使ったの？」%K%P
ここで恋の魔法と答えたら少女マンガになってしまいそうだ。%K%P
ここで恋の魔法と答えたら少女マンガになってしまいそうだ。%K%P
もちろん、そんな恥ずかしいセリフを口にする勇気はない。%K%P
もちろん、そんな恥ずかしいセリフを口にする勇気はない。%K%P
「ま、まあ、話し合いは話し合いとしか言いようがないなぁ……」%K%P
「ま、まあ、話し合いは話し合いとしか言いようがないなぁ……」%K%P
「腹を割った話し合いよね」%K%P
「腹を割った話し合いよね」%K%P
「ふ～ん」%K%P
「ふ～ん」%K%P
「なにはともあれ、美琴が覚悟を決めたならこれでわたしも負けてられないわね」%K%P
「なにはともあれ、美琴が覚悟を決めたならこれでわたしも負けてられないわね」%K%P
綾香さんも気合いを入れたようだった。%K%P
綾香さんも気合いを入れたようだった。%K%P
昼休み。%K%P
昼休み。%K%P
美琴さんがさっそくリーダーとして行動を開始して、僕のチームのメンバーを全員集めた。%K%P
美琴さんがさっそくリーダーとして行動を開始して、僕のチームのメンバーを全員集めた。%K%P
美琴さんは集合したみんなの前で胸を張って言う。%K%P
美琴さんは集合したみんなの前で胸を張って言う。%K%P
「……という感じで、綾香に啖呵切っちゃったんだけど、どうしよう？」%K%P
「……という感じで、綾香に啖呵切っちゃったんだけど、どうしよう？」%K%P
「なにあれ空元気だったの？」%K%P
「なにあれ空元気だったの？」%K%P
これにはビックリだ。%K%P
これにはビックリだ。%K%P
「気持ちの上でも負けてたら、最初から勝負にならないでしょ」%K%P
「気持ちの上でも負けてたら、最初から勝負にならないでしょ」%K%P
「そして向こうのチームは気合いだけで勝てる相手じゃないのも確かだわ」%K%P
「そして向こうのチームは気合いだけで勝てる相手じゃないのも確かだわ」%K%P
「そうだね。言ってみれば私たちはようやく相手と同じスタートラインに立ったばかりみたいなものだしね」%K%P
「そうだね。言ってみれば私たちはようやく相手と同じスタートラインに立ったばかりみたいなものだしね」%K%P
「だから、ここからはみんなで知恵を出し合って、対策を練らないと」%K%P
「だから、ここからはみんなで知恵を出し合って、対策を練らないと」%K%P
「それなら……」%K%P
「それなら……」%K%P
さっそく輝堂さんが片手を小さく挙手して意見を口にする。%K%P
さっそく輝堂さんが片手を小さく挙手して意見を口にする。%K%P
「まずアリアの舞台となる森を一度しっかりと下見に行くのはどうだろう？」%K%P
「まずアリアの舞台となる森を一度しっかりと下見に行くのはどうだろう？」%K%P
「あそこって普段は立ち入ったりしないですからね」%K%P
「あそこって普段は立ち入ったりしないですからね」%K%P
僕も一度迷って入っただけの森。%K%P
僕も一度迷って入っただけの森。%K%P
聞いた話ではエリアによって倒木があったりと起伏に富んでるらしいけど……。%K%P
聞いた話ではエリアによって倒木があったりと起伏に富んでるらしいけど……。%K%P
確かに聞くと見るとでは大違いだろう。%K%P
確かに聞くと見るとでは大違いだろう。%K%P
美琴さんもその必要があると判断したのか大きく頷く。%K%P
美琴さんもその必要があると判断したのか大きく頷く。%K%P
「うん、楓さんの意見を採用。各自、武器と鎧を身につけて、放課後また集合ね」%K%P
「うん、楓さんの意見を採用。各自、武器と鎧を身につけて、放課後また集合ね」%K%P
「はいっ、分かりました」%K%P
「はいっ、分かりました」%K%P
「了解」%K%P
「了解」%K%P
こうして僕たちはチームとして初めてアリアに向けての第一歩を踏み出した。%K%P
こうして僕たちはチームとして初めてアリアに向けての第一歩を踏み出した。%K%P
放課後。%K%P
放課後。%K%P
予定通り森の手前までやってきた。%K%P
予定通り森の手前までやってきた。%K%P
木々が多いせいか街中に比べて空気が澄んでいて、緑の香りも強くなっている。%K%P
木々が多いせいか街中に比べて空気が澄んでいて、緑の香りも強くなっている。%K%P
「さて」%K%P
「さて」%K%P
事前の下見とはいえ、ここでビシッと気合いを入れるべきなんだろうけど……。%K%P
事前の下見とはいえ、ここでビシッと気合いを入れるべきなんだろうけど……。%K%P
「なんとなくピクニック気分になりそうなのは気のせいかな」%K%P
「なんとなくピクニック気分になりそうなのは気のせいかな」%K%P
「それは美琴様が槍と一緒に大きめのバスケットを持ってきたからだと思います」%K%P
「それは美琴様が槍と一緒に大きめのバスケットを持ってきたからだと思います」%K%P
そうなんだよね。%K%P
そうなんだよね。%K%P
ついでに、差し入れに持ってきてくれたときのものよりさらにサイズの大きいステンレスボトルも持参していた。%K%P
ついでに、差し入れに持ってきてくれたときのものよりさらにサイズの大きいステンレスボトルも持参していた。%K%P
「森の中を歩き回ったり、武器を振り回してたりしてたら、みんなお腹減るかなと思って」%K%P
「森の中を歩き回ったり、武器を振り回してたりしてたら、みんなお腹減るかなと思って」%K%P
「一理ある」%K%P
「一理ある」%K%P
「あるんだ……」%K%P
「あるんだ……」%K%P
なんだか予想外に和気あいあいとしてきた。%K%P
なんだか予想外に和気あいあいとしてきた。%K%P
まあ、いいんだけどね。%K%P
まあ、いいんだけどね。%K%P
「じゃあせめて私がバスケットと水筒を持つよ。武器がないから手ぶらだし」%K%P
「じゃあせめて私がバスケットと水筒を持つよ。武器がないから手ぶらだし」%K%P
「わ、ありがと。それならお言葉に甘えて」%K%P
「わ、ありがと。それならお言葉に甘えて」%K%P
美琴さんから食料を受け取った。%K%P
美琴さんから食料を受け取った。%K%P
みんなの分があるせいか結構重い。%K%P
みんなの分があるせいか結構重い。%K%P
「よし、それじゃあ行きましょうか」%K%P
「よし、それじゃあ行きましょうか」%K%P
美琴さんのかけ声を合図に、僕たちは森の中へと入っていく。%K%P
美琴さんのかけ声を合図に、僕たちは森の中へと入っていく。%K%P
森の中は想像以上に起伏に富んでいた。%K%P
森の中は想像以上に起伏に富んでいた。%K%P
遊歩道の勾配や、整地されてない場所、木々の密度、身を隠せそうなところ、逆に奇襲を受けやすそうな地形など、みんなで確認していく。%K%P
遊歩道の勾配や、整地されてない場所、木々の密度、身を隠せそうなところ、逆に奇襲を受けやすそうな地形など、みんなで確認していく。%K%P
実際に武器を振るってみたりもする。%K%P
実際に武器を振るってみたりもする。%K%P
「この辺だと木が邪魔になって槍だと動きが制限されそう」%K%P
「この辺だと木が邪魔になって槍だと動きが制限されそう」%K%P
「もう少しまばらな地形なら、向こう側にあったはず。いざとなったら相手を上手く誘い込んだ方がいいかも」%K%P
「もう少しまばらな地形なら、向こう側にあったはず。いざとなったら相手を上手く誘い込んだ方がいいかも」%K%P
「いずみ様の歌声も雑木に阻まれて遠くまで届きそうにないですね」%K%P
「いずみ様の歌声も雑木に阻まれて遠くまで届きそうにないですね」%K%P
「音が木々の間で変に反響したら方角も特定しずらいかも」%K%P
「音が木々の間で変に反響したら方角も特定しずらいかも」%K%P
周囲を見回してみても、１００メートル先までまっすぐ視界が通っているようなところはほとんどない。%K%P
周囲を見回してみても、１００メートル先までまっすぐ視界が通っているようなところはほとんどない。%K%P
思っていたよりも平坦な地面が少なくて、実際に戦うことになったら位置取りが重要になってきそうだ。%K%P
思っていたよりも平坦な地面が少なくて、実際に戦うことになったら位置取りが重要になってきそうだ。%K%P
「試しに軽く剣を交えてみるか……その方が早そうだ」%K%P
「試しに軽く剣を交えてみるか……その方が早そうだ」%K%P
「そうですね。ことりちゃん、この森の中で剣の音がどこまで届くのか確認して貰える？」%K%P
「そうですね。ことりちゃん、この森の中で剣の音がどこまで届くのか確認して貰える？」%K%P
「はい、お任せください」%K%P
「はい、お任せください」%K%P
「では」%K%P
「では」%K%P
「お手柔らかに」%K%P
「お手柔らかに」%K%P
輝堂さんと美琴さんが、武器を打ち鳴らす。%K%P
輝堂さんと美琴さんが、武器を打ち鳴らす。%K%P
ことりちゃんは、とてててっと走りながら遠ざかっていく。%K%P
ことりちゃんは、とてててっと走りながら遠ざかっていく。%K%P
「はぁっ！」%K%P
「はぁっ！」%K%P
「やあぁっ！」%K%P
「やあぁっ！」%K%P
二人とも肩慣らしくらいの勢いで、しばらく攻守を繰り返していた。%K%P
二人とも肩慣らしくらいの勢いで、しばらく攻守を繰り返していた。%K%P
やっぱり、ちゃんと整地されたグランドで戦うのとは勝手が違うみたいだ。%K%P
やっぱり、ちゃんと整地されたグランドで戦うのとは勝手が違うみたいだ。%K%P
「せいっ！」%K%P
「せいっ！」%K%P
「おっと」%K%P
「おっと」%K%P
美琴さんの鋭い突きを、楓さんはバランスを崩しつつも斜め下からすくい上げるような剣閃で捌いた。%K%P
美琴さんの鋭い突きを、楓さんはバランスを崩しつつも斜め下からすくい上げるような剣閃で捌いた。%K%P
「下草が濃い場所に足を踏み入れると、どうしても足が取られるな」%K%P
「下草が濃い場所に足を踏み入れると、どうしても足が取られるな」%K%P
「本番のときは、上手い具合に相手を追い込めたら有利になりそうね」%K%P
「本番のときは、上手い具合に相手を追い込めたら有利になりそうね」%K%P
「裏を返せば、こちらも追い込まれないように間合いや位置取りを注意する必要があるかな」%K%P
「裏を返せば、こちらも追い込まれないように間合いや位置取りを注意する必要があるかな」%K%P
二人とも真面目に意見を交わしながら、こまめに立ち位置を変えて、色々と攻撃や防御の組み立てを試しているようだった。%K%P
二人とも真面目に意見を交わしながら、こまめに立ち位置を変えて、色々と攻撃や防御の組み立てを試しているようだった。%K%P
……なんか僕だけ手持ちぶさただ。%K%P
……なんか僕だけ手持ちぶさただ。%K%P
しばらくすると、ことりちゃんが戻ってきたので二人とも手を止めた。%K%P
しばらくすると、ことりちゃんが戻ってきたので二人とも手を止めた。%K%P
「ことりちゃん、どうだった？」%K%P
「ことりちゃん、どうだった？」%K%P
「お二人の姿が見えるくらいに木々が開けていれば、結構遠くまで音は聞こえていました」%K%P
「お二人の姿が見えるくらいに木々が開けていれば、結構遠くまで音は聞こえていました」%K%P
「でも姿が見えなくなるくらいの所まで行くと、注意しないと難しかったです」%K%P
「でも姿が見えなくなるくらいの所まで行くと、注意しないと難しかったです」%K%P
「弓の射程距離を生かした戦い方をしようとしたら、先に敵を発見出来たら有利なんだけど……」%K%P
「弓の射程距離を生かした戦い方をしようとしたら、先に敵を発見出来たら有利なんだけど……」%K%P
「音を頼りに遠距離の相手を探るのは難しそう？」%K%P
「音を頼りに遠距離の相手を探るのは難しそう？」%K%P
「そうですね。木に登るのはルール違反ですし、事前に高台をいくつか見つけていた方がいい気がします」%K%P
「そうですね。木に登るのはルール違反ですし、事前に高台をいくつか見つけていた方がいい気がします」%K%P
「もうしばらくこの辺りを入念に歩き回った方が良さそうだね」%K%P
「もうしばらくこの辺りを入念に歩き回った方が良さそうだね」%K%P
戦いを有利に進めるためには地形の把握が重要なんだと改めて実感した。%K%P
戦いを有利に進めるためには地形の把握が重要なんだと改めて実感した。%K%P
「ところで、ふと思ったのだけど、美琴さんは綾香さんに苦手意識があるのかな？」%K%P
「ところで、ふと思ったのだけど、美琴さんは綾香さんに苦手意識があるのかな？」%K%P
「え、い、いきなりどうしてです？」%K%P
「え、い、いきなりどうしてです？」%K%P
「練習の時から手合わせしているけど、美琴さんは充分に鍛錬された槍術を身につけていると思う」%K%P
「練習の時から手合わせしているけど、美琴さんは充分に鍛錬された槍術を身につけていると思う」%K%P
「それなのに、人伝に聞いた話だと綾香さんには敵わないと口にしていたらしいじゃないか」%K%P
「それなのに、人伝に聞いた話だと綾香さんには敵わないと口にしていたらしいじゃないか」%K%P
「ああ、それですか。苦手というか……」%K%P
「ああ、それですか。苦手というか……」%K%P
「普段から練習相手になっているので動きのクセや技の組み立てなんかの手の内をお互いに知り抜いているんですよね」%K%P
「普段から練習相手になっているので動きのクセや技の組み立てなんかの手の内をお互いに知り抜いているんですよね」%K%P
「おかげでフェイントとかもほとんど利かないので、純粋な技量差が出てしまって、最後はジリ貧で負けてしまう事が多いんです」%K%P
「おかげでフェイントとかもほとんど利かないので、純粋な技量差が出てしまって、最後はジリ貧で負けてしまう事が多いんです」%K%P
「なるほど……」%K%P
「なるほど……」%K%P
輝堂さんが思案顔になる。%K%P
輝堂さんが思案顔になる。%K%P
「一つ、秘策があるよ」%K%P
「一つ、秘策があるよ」%K%P
「なにそれ格好いい！」%K%P
「なにそれ格好いい！」%K%P
「必殺技とかですか！」%K%P
「必殺技とかですか！」%K%P
「必殺技というよりも、単なる博打技だけど……」%K%P
「必殺技というよりも、単なる博打技だけど……」%K%P
楓さんは苦笑気味に美琴さんから槍を受け取ると、実際に僕たちの目の前で、その秘策を披露してみせた。%K%P
楓さんは苦笑気味に美琴さんから槍を受け取ると、実際に僕たちの目の前で、その秘策を披露してみせた。%K%P
槍を返して貰った美琴さんが、教えて貰ったとおりに何度か技を試してみる。%K%P
槍を返して貰った美琴さんが、教えて貰ったとおりに何度か技を試してみる。%K%P
「……確かにこれ、一か八かですね」%K%P
「……確かにこれ、一か八かですね」%K%P
「本番まで数日しかないけど、それまでの間にどれだけ身体に動きを覚えさせられるかが鍵だと思う」%K%P
「本番まで数日しかないけど、それまでの間にどれだけ身体に動きを覚えさせられるかが鍵だと思う」%K%P
「当日、綾香さんと出会うとは限らないけど、切り札があるのとないのじゃ心の余裕も違ってくるんじゃないかな」%K%P
「当日、綾香さんと出会うとは限らないけど、切り札があるのとないのじゃ心の余裕も違ってくるんじゃないかな」%K%P
「うん、動きに幅が出てくるのは間違いないね」%K%P
「うん、動きに幅が出てくるのは間違いないね」%K%P
美琴さんの表情には確信めいたものがあった。%K%P
美琴さんの表情には確信めいたものがあった。%K%P
なんらかの手応えを感じているなら僕としてもうれしい。%K%P
なんらかの手応えを感じているなら僕としてもうれしい。%K%P
「さて、切りもいいし、そろそろ小休止にしましょうか」%K%P
「さて、切りもいいし、そろそろ小休止にしましょうか」%K%P
「そうだね。みんな慣れない森の中を歩き回って、少し疲れただろうし」%K%P
「そうだね。みんな慣れない森の中を歩き回って、少し疲れただろうし」%K%P
「賛成です」%K%P
「賛成です」%K%P
「適度な休憩は怪我の防止にも役立つ」%K%P
「適度な休憩は怪我の防止にも役立つ」%K%P
というわけで、美琴さんが用意してくれたバスケットの出番がやってきた。%K%P
というわけで、美琴さんが用意してくれたバスケットの出番がやってきた。%K%P
レジャーシートを敷いてみんなで腰を下ろす。%K%P
レジャーシートを敷いてみんなで腰を下ろす。%K%P
「わ～、美味しそうなサンドイッチがいっぱい」%K%P
「わ～、美味しそうなサンドイッチがいっぱい」%K%P
「これならみんなで手軽につまめると思って」%K%P
「これならみんなで手軽につまめると思って」%K%P
「いいですね～。彩りがいいから、目移りしてしまいそうです」%K%P
「いいですね～。彩りがいいから、目移りしてしまいそうです」%K%P
「ステンレスボトルの飲み物はなにかな」%K%P
「ステンレスボトルの飲み物はなにかな」%K%P
「温かい紅茶です」%K%P
「温かい紅茶です」%K%P
「いただきま～す」%K%P
「いただきま～す」%K%P
「ま～す」%K%P
「ま～す」%K%P
ちょうど小腹が空いていたところだったので、サンドイッチに次々と手が伸びる。%K%P
ちょうど小腹が空いていたところだったので、サンドイッチに次々と手が伸びる。%K%P
森の中なので街の喧噪も届かない。野鳥のさえずりが純朴なＢＧＭだ。%K%P
森の中なので街の喧噪も届かない。野鳥のさえずりが純朴なＢＧＭだ。%K%P
空気も澄んでいるせいか、余計にサンドイッチが美味しく感じられる。%K%P
空気も澄んでいるせいか、余計にサンドイッチが美味しく感じられる。%K%P
「中のきゅうりが瑞々しくて歯触りも最高だな」%K%P
「中のきゅうりが瑞々しくて歯触りも最高だな」%K%P
「レタスとトマトもいい仕事してますよ。この野菜サンド、普通にお店に出せるレベルじゃないですか」%K%P
「レタスとトマトもいい仕事してますよ。この野菜サンド、普通にお店に出せるレベルじゃないですか」%K%P
「私はこっちの玉子サンドが好き。ゆで玉子の自然な甘みとマヨネーズの酸味が、どうのこうので」%K%P
「私はこっちの玉子サンドが好き。ゆで玉子の自然な甘みとマヨネーズの酸味が、どうのこうので」%K%P
「ぷふ、いずみさんったら対抗して無理に解説する必要ないわよ。料理番組じゃないんだから」%K%P
「ぷふ、いずみさんったら対抗して無理に解説する必要ないわよ。料理番組じゃないんだから」%K%P
「まあ、美味しいの一言で説明は付くんだけどね」%K%P
「まあ、美味しいの一言で説明は付くんだけどね」%K%P
紅茶も香りが良くて、アロマテラピーじゃないけど自然にリラックスできそうだ。%K%P
紅茶も香りが良くて、アロマテラピーじゃないけど自然にリラックスできそうだ。%K%P
「本番のアリアじゃ、こんなのんびりティータイムなんてしてる暇ないだろうな」%K%P
「本番のアリアじゃ、こんなのんびりティータイムなんてしてる暇ないだろうな」%K%P
「そりゃそうでしょ」%K%P
「そりゃそうでしょ」%K%P
「ルール上、飲食は禁止されてないが、相手よりも先に{歌姫:ディーバ}を救出した方が勝ちとなるとどうしてもな」%K%P
「ルール上、飲食は禁止されてないが、相手よりも先に{歌姫:ディーバ}を救出した方が勝ちとなるとどうしてもな」%K%P
「そもそも最初から想定されてないと思います」%K%P
「そもそも最初から想定されてないと思います」%K%P
「競技時間も今までの例からすると、だいたい一時間前後で決着はついてるしね」%K%P
「競技時間も今までの例からすると、だいたい一時間前後で決着はついてるしね」%K%P
「なるほどね」%K%P
「なるほどね」%K%P
僕たちはその後も、サンドイッチを摘みつつ、アリアについてあれこれ話し合った。%K%P
僕たちはその後も、サンドイッチを摘みつつ、アリアについてあれこれ話し合った。%K%P
時間が経ち、再び森の中を下見していたが、そろそろ引き上げる頃合いになった。%K%P
時間が経ち、再び森の中を下見していたが、そろそろ引き上げる頃合いになった。%K%P
あまり帰りが遅くなると寮の門限に間に合わなくなるかもしれない。%K%P
あまり帰りが遅くなると寮の門限に間に合わなくなるかもしれない。%K%P
「今日の所はこの辺にしておくか」%K%P
「今日の所はこの辺にしておくか」%K%P
「そうですね。森を出る前に暗くなったら大変ですし」%K%P
「そうですね。森を出る前に暗くなったら大変ですし」%K%P
二人が踵を返そうとすると、美琴さんだけが立ち止まる。%K%P
二人が踵を返そうとすると、美琴さんだけが立ち止まる。%K%P
「あれ、どうしたの美琴さん」%K%P
「あれ、どうしたの美琴さん」%K%P
「あたしはもう少しだけ続けるわ。出来るだけ多くの地形を把握しておきたいの」%K%P
「あたしはもう少しだけ続けるわ。出来るだけ多くの地形を把握しておきたいの」%K%P
美琴さんからは勝利への強い意気込みが感じられた。%K%P
美琴さんからは勝利への強い意気込みが感じられた。%K%P
{騎士:ワルキュリア}のリーダーとしての責任感もあるのだろう。%K%P
{騎士:ワルキュリア}のリーダーとしての責任感もあるのだろう。%K%P
「それなら私も付き合うよ。楓さんとことりちゃんは、私たちのことは気にしなくていいから」%K%P
「それなら私も付き合うよ。楓さんとことりちゃんは、私たちのことは気にしなくていいから」%K%P
「そう？　あまり根を詰めすぎるのも良くないと思うけど」%K%P
「そう？　あまり根を詰めすぎるのも良くないと思うけど」%K%P
「うん、分かってます。明日もあることですしね」%K%P
「うん、分かってます。明日もあることですしね」%K%P
「まあ、お二人でいるなら大丈夫でしょうけど……怪我にだけはお気を付けください」%K%P
「まあ、お二人でいるなら大丈夫でしょうけど……怪我にだけはお気を付けください」%K%P
「心配してくれてありがとう」%K%P
「心配してくれてありがとう」%K%P
「まあ、そこまで言うなら仕方ないな。私たちだけ先に引き上げよう。では、明日また」%K%P
「まあ、そこまで言うなら仕方ないな。私たちだけ先に引き上げよう。では、明日また」%K%P
「お先に失礼します」%K%P
「お先に失礼します」%K%P
ペコリと会釈して、ことりちゃんは先に背を向けた楓さんに続いて帰って行った。%K%P
ペコリと会釈して、ことりちゃんは先に背を向けた楓さんに続いて帰って行った。%K%P
残った僕たちは周囲の散策に移る。%K%P
残った僕たちは周囲の散策に移る。%K%P
四人で歩いていたときよりも、さらに周囲の静けさが強く意識させられる。%K%P
四人で歩いていたときよりも、さらに周囲の静けさが強く意識させられる。%K%P
「ここ、一人でうろついてたら迷子になっちゃうよね」%K%P
「ここ、一人でうろついてたら迷子になっちゃうよね」%K%P
「日が高いうちならなんとかなると思うけど、暗くなってからだと怪しいわね」%K%P
「日が高いうちならなんとかなると思うけど、暗くなってからだと怪しいわね」%K%P
美琴さんがそっと手を繋いできた。%K%P
美琴さんがそっと手を繋いできた。%K%P
僕も柔らかな手を握り返す。%K%P
僕も柔らかな手を握り返す。%K%P
「大丈夫。僕がいれば怖くないでしょ」%K%P
「大丈夫。僕がいれば怖くないでしょ」%K%P
「ええ、頼りにしてるから」%K%P
「ええ、頼りにしてるから」%K%P
「あ、でも……」%K%P
「あ、でも……」%K%P
スッと身を寄せてくる。%K%P
スッと身を寄せてくる。%K%P
「勇気が出るおまじないしてくれたら、もっと平気になるかも？」%K%P
「勇気が出るおまじないしてくれたら、もっと平気になるかも？」%K%P
甘えてキスをせがんできた。%K%P
甘えてキスをせがんできた。%K%P
まあ、二人きりだし、そんな美琴さんも可愛いし、僕としても全然構わない。%K%P
まあ、二人きりだし、そんな美琴さんも可愛いし、僕としても全然構わない。%K%P
そっと顔を寄せると、美琴さんは軽くアゴをあげる。%K%P
そっと顔を寄せると、美琴さんは軽くアゴをあげる。%K%P
「んちゅ……」%K%P
「んちゅ……」%K%P
口唇と口唇がそっと触れた。%K%P
口唇と口唇がそっと触れた。%K%P
「勇気が湧いてきたかな」%K%P
「勇気が湧いてきたかな」%K%P
「……おかわり」%K%P
「……おかわり」%K%P
頬を染めて、僕から離れようとしない。%K%P
頬を染めて、僕から離れようとしない。%K%P
「もう、すっかり甘えん坊になっちゃって」%K%P
「もう、すっかり甘えん坊になっちゃって」%K%P
「んむぅ、ちゅ、ちゅ、んふぅ、んちゅ……っ」%K%P
「んむぅ、ちゅ、ちゅ、んふぅ、んちゅ……っ」%K%P
二度、三度とキスを繰り返す。%K%P
二度、三度とキスを繰り返す。%K%P
柔らかな口唇の感触は何度味わっても飽きない心地よさだ。%K%P
柔らかな口唇の感触は何度味わっても飽きない心地よさだ。%K%P
ところが、あまりの心地よさが逆に災いして、僕の股間が勝手に反応してしまう。%K%P
ところが、あまりの心地よさが逆に災いして、僕の股間が勝手に反応してしまう。%K%P
「や、やだ、いずみさんったらこんな場所で……」%K%P
「や、やだ、いずみさんったらこんな場所で……」%K%P
と恥ずかしそうにしつつ、満更でもなさそうな声色だ。%K%P
と恥ずかしそうにしつつ、満更でもなさそうな声色だ。%K%P
「お、男ってのはそういうものなの……っ」%K%P
「お、男ってのはそういうものなの……っ」%K%P
慌てて股間を手で押さえるけど、少しも勃起が収まる気配がない。%K%P
慌てて股間を手で押さえるけど、少しも勃起が収まる気配がない。%K%P
「仕方ないなぁ……そんな姿で寮に帰れないだろうし……」%K%P
「仕方ないなぁ……そんな姿で寮に帰れないだろうし……」%K%P
美琴さんはますます満更でもなさそうだった。%K%P
美琴さんはますます満更でもなさそうだった。%K%P
そのまま強引に手を引かれる。%K%P
そのまま強引に手を引かれる。%K%P
「え、ちょ、美琴さん……っ」%K%P
「え、ちょ、美琴さん……っ」%K%P
僕は拉致されるような形で木陰に身を滑り込ませる。%K%P
僕は拉致されるような形で木陰に身を滑り込ませる。%K%P
大木に背中を預けながら僕を迎え入れようとしてくれる。%K%P
大木に背中を預けながら僕を迎え入れようとしてくれる。%K%P
その秘部は早くも濡れていた。%K%P
その秘部は早くも濡れていた。%K%P
「さあどうぞ。あたしがキスのおねだりしたから、大きくなっちゃったんでしょう？」%K%P
「さあどうぞ。あたしがキスのおねだりしたから、大きくなっちゃったんでしょう？」%K%P
「これもいずみさんの為だし……あ、あたしもこういうの嫌いじゃないし……」%K%P
「これもいずみさんの為だし……あ、あたしもこういうの嫌いじゃないし……」%K%P
もじもじと羞恥に身悶えしてはいたけど、すっかりその気になっている。%K%P
もじもじと羞恥に身悶えしてはいたけど、すっかりその気になっている。%K%P
「もう、エッチなアソコまで見せつけられたら僕だって我慢できないよ」%K%P
「もう、エッチなアソコまで見せつけられたら僕だって我慢できないよ」%K%P
勃起中のペニスを軽く割れ目に擦りつけると、そこは早くも火照りきっていた。%K%P
勃起中のペニスを軽く割れ目に擦りつけると、そこは早くも火照りきっていた。%K%P
穴の位置を感覚で探ってグッと腰を押しつける。%K%P
穴の位置を感覚で探ってグッと腰を押しつける。%K%P
「ふあっ、はあぁ……っ、は、入ってくるぅ……っ」%K%P
「ふあっ、はあぁ……っ、は、入ってくるぅ……っ」%K%P
ヌルッとした感覚と共に柔らかな粘膜に包み込まれた。%K%P
ヌルッとした感覚と共に柔らかな粘膜に包み込まれた。%K%P
ゆっくり丁寧に挿入していくと、すぐに膣奥にまで達する。%K%P
ゆっくり丁寧に挿入していくと、すぐに膣奥にまで達する。%K%P
「んひっ、あふぅ……今、コツンてノックされて、思わず腰が抜けそうになっちゃった」%K%P
「んひっ、あふぅ……今、コツンてノックされて、思わず腰が抜けそうになっちゃった」%K%P
奥に先っぽが当たったてことかな？%K%P
奥に先っぽが当たったてことかな？%K%P
なんだか美琴さんが気持ちよさそうにしているし、ちょっと小刻みにコツコツと突いてみる。%K%P
なんだか美琴さんが気持ちよさそうにしているし、ちょっと小刻みにコツコツと突いてみる。%K%P
「はぁ、ふぅ、ふぅ、ふは……っ、あっ、はぁ、ふぅ、くぅ……っ」%K%P
「はぁ、ふぅ、ふぅ、ふは……っ、あっ、はぁ、ふぅ、くぅ……っ」%K%P
「こんな感じがいいの？」%K%P
「こんな感じがいいの？」%K%P
「はぁ、はぁ、うん、背筋がゾクゾクしちゃう……っ、ふぁっ、あんっ、これ気持ちいいぃ……っ」%K%P
「はぁ、はぁ、うん、背筋がゾクゾクしちゃう……っ、ふぁっ、あんっ、これ気持ちいいぃ……っ」%K%P
美琴さんが心地よさそうに身悶えすると膣腔もグイグイと収縮する。%K%P
美琴さんが心地よさそうに身悶えすると膣腔もグイグイと収縮する。%K%P
おかげであまり派手に抽送しなくても深々と挿入しているだけで気持ちいい。%K%P
おかげであまり派手に抽送しなくても深々と挿入しているだけで気持ちいい。%K%P
「ふっく、うあっ、はぁ、中がいずみさんでいっぱいになってるぅ、あんっ、はぁ、ふぁ……っ」%K%P
「ふっく、うあっ、はぁ、中がいずみさんでいっぱいになってるぅ、あんっ、はぁ、ふぁ……っ」%K%P
「奥の方まですごく火照ってるよ。すっかり気に入ってくれたみたいで、うれしいな」%K%P
「奥の方まですごく火照ってるよ。すっかり気に入ってくれたみたいで、うれしいな」%K%P
「はぁ、ふっく、あっ、当たり前じゃない。はぁ、あひっ、んんぅ、ふはっ、はぁ、はぁ、あん……っ」%K%P
「はぁ、ふっく、あっ、当たり前じゃない。はぁ、あひっ、んんぅ、ふはっ、はぁ、はぁ、あん……っ」%K%P
「あっ、あっ、ふあっ、あたしだって女の子なんだから、はぁ、んっ、好きな人のモノだったら、うあっ、あぁん」%K%P
「あっ、あっ、ふあっ、あたしだって女の子なんだから、はぁ、んっ、好きな人のモノだったら、うあっ、あぁん」%K%P
早くも美琴さんは興奮しきっていた。%K%P
早くも美琴さんは興奮しきっていた。%K%P
これが二度目のエッチだけど、痛みとかはなさそうだし、安心して可愛い喘ぎ声を聞かせて貰えそうだ。%K%P
これが二度目のエッチだけど、痛みとかはなさそうだし、安心して可愛い喘ぎ声を聞かせて貰えそうだ。%K%P
「それじゃ少しずつ勢いをあげていくね」%K%P
「それじゃ少しずつ勢いをあげていくね」%K%P
ゆっくりと膣口付近ギリギリまで引きぬいて、返す刀でそのまま一気に膣奥を突き上げる。%K%P
ゆっくりと膣口付近ギリギリまで引きぬいて、返す刀でそのまま一気に膣奥を突き上げる。%K%P
ゆっくり抜いて、突き上げる。ゆっくり抜いて、突き上げる。%K%P
ゆっくり抜いて、突き上げる。ゆっくり抜いて、突き上げる。%K%P
まだまだ初々しい感触の粘膜を大きなストロークで擦って上げると、美琴さんは幸せそうな嬌声を押さえきれなくなる。%K%P
まだまだ初々しい感触の粘膜を大きなストロークで擦って上げると、美琴さんは幸せそうな嬌声を押さえきれなくなる。%K%P
「ふっく、ううぅ、うあっ、これ凄い、はぁ、はぁ……っ、んひっ、ジンジン痺れちゃう、んあっ、ああぁ……っ」%K%P
「ふっく、ううぅ、うあっ、これ凄い、はぁ、はぁ……っ、んひっ、ジンジン痺れちゃう、んあっ、ああぁ……っ」%K%P
美琴さんが感じてくれると、僕の方も気持ちいい思いができるので、自然にどんどんエッチにのめり込んでしまう。%K%P
美琴さんが感じてくれると、僕の方も気持ちいい思いができるので、自然にどんどんエッチにのめり込んでしまう。%K%P
「美琴さん、もっと……っ、柔らかくて気持ちいい粘膜に締め付けられるのってすごく好きなんだ……っ」%K%P
「美琴さん、もっと……っ、柔らかくて気持ちいい粘膜に締め付けられるのってすごく好きなんだ……っ」%K%P
「はぁ、はぁ、任せて。ふあっ、くぅ、実はさっきからアソコが勝手に反応しちゃってるの……っ」%K%P
「はぁ、はぁ、任せて。ふあっ、くぅ、実はさっきからアソコが勝手に反応しちゃってるの……っ」%K%P
初体験の時は無我夢中になってしまったけど、今の僕には美琴さんの反応を窺う余裕があった。%K%P
初体験の時は無我夢中になってしまったけど、今の僕には美琴さんの反応を窺う余裕があった。%K%P
膣内の擦る部位によって喘ぎ声が変化している。つまり同じ膣壁でも特に感じやすい部分があるということだ。%K%P
膣内の擦る部位によって喘ぎ声が変化している。つまり同じ膣壁でも特に感じやすい部分があるということだ。%K%P
「くぅ、うあっ、はぁ、あひっ、ふあっ、あん……っ、あっ、はぁ、あんっ、はぁ、あふぅ……っ」%K%P
「くぅ、うあっ、はぁ、あひっ、ふあっ、あん……っ、あっ、はぁ、あんっ、はぁ、あふぅ……っ」%K%P
「奥を細かくノックされるのが好きみたいだけど、もうちょっと手前側もグイグイされるの好きだよね？」%K%P
「奥を細かくノックされるのが好きみたいだけど、もうちょっと手前側もグイグイされるの好きだよね？」%K%P
「あぁん、んふぅ、ふはっ、そ、そうかも……っ、はぁ、そ、そこ気持ちいいぃ……っ」%K%P
「あぁん、んふぅ、ふはっ、そ、そうかも……っ、はぁ、そ、そこ気持ちいいぃ……っ」%K%P
ここが俗に聞くＧスポットなのかな？%K%P
ここが俗に聞くＧスポットなのかな？%K%P
好奇心と興奮を覚えて、念入りに突いたり擦ったりしてみる。%K%P
好奇心と興奮を覚えて、念入りに突いたり擦ったりしてみる。%K%P
「あっ、ふぁっ、あんっ、やだ恥ずかしい……っ、あっ、あっ、エッチな声が、ふぁっ、くぅ……っ」%K%P
「あっ、ふぁっ、あんっ、やだ恥ずかしい……っ、あっ、あっ、エッチな声が、ふぁっ、くぅ……っ」%K%P
「そんな声も好きだよ。いっぱい聞かせてほしいな」%K%P
「そんな声も好きだよ。いっぱい聞かせてほしいな」%K%P
「ふぅ、ふぅ、んあっ、いずみさん、はぁ、あん……っ、ふあっ、やだ、恥ずかしい……っ」%K%P
「ふぅ、ふぅ、んあっ、いずみさん、はぁ、あん……っ、ふあっ、やだ、恥ずかしい……っ」%K%P
愛液の分泌が増えてきた。%K%P
愛液の分泌が増えてきた。%K%P
おかげで、ますます動きやすくなってくる。%K%P
おかげで、ますます動きやすくなってくる。%K%P
抽送の刺激が強くなれば快感も大きくなるので、勃起がさらに露骨になってしまう。%K%P
抽送の刺激が強くなれば快感も大きくなるので、勃起がさらに露骨になってしまう。%K%P
「うっく、分かるかな。僕も気持ちよすぎて、はち切れそうだよ……っ」%K%P
「うっく、分かるかな。僕も気持ちよすぎて、はち切れそうだよ……っ」%K%P
「うん、感じるよ、あっ、はぁ、んあっ、奥まで全部埋め尽くされてるから……っ」%K%P
「うん、感じるよ、あっ、はぁ、んあっ、奥まで全部埋め尽くされてるから……っ」%K%P
「あんっ、あふぅ、とっても敏感になってるから、ちょっとヒクヒクしたのも、分かっちゃうくらい……っ」%K%P
「あんっ、あふぅ、とっても敏感になってるから、ちょっとヒクヒクしたのも、分かっちゃうくらい……っ」%K%P
相手に全部筒抜けなのは恥ずかしいけど、同時にうれしくもある。%K%P
相手に全部筒抜けなのは恥ずかしいけど、同時にうれしくもある。%K%P
身体で繋がり合うことで、飾らない自分をさらけ出した上での心と心の繋がりを強く感じることが出来た。%K%P
身体で繋がり合うことで、飾らない自分をさらけ出した上での心と心の繋がりを強く感じることが出来た。%K%P
この一体感が堪らない。しかも相手が好きな女の子とだから尚更だ。%K%P
この一体感が堪らない。しかも相手が好きな女の子とだから尚更だ。%K%P
「なんだか美琴さんとのエッチがクセになっちゃいそうだよ……っ」%K%P
「なんだか美琴さんとのエッチがクセになっちゃいそうだよ……っ」%K%P
「ふあっ、あぁん、あたしもよ、はぁ、あっ、あっ、こうしてズンズン突き上げられるの大好き……っ」%K%P
「ふあっ、あぁん、あたしもよ、はぁ、あっ、あっ、こうしてズンズン突き上げられるの大好き……っ」%K%P
「美琴さんはキスも好きだよね」%K%P
「美琴さんはキスも好きだよね」%K%P
抽送しながら首筋や頬もついばみつつ口唇も重ねる。%K%P
抽送しながら首筋や頬もついばみつつ口唇も重ねる。%K%P
「はむぅ、んちゅ、んんぅ、ふはぁ……っ、うん、好きぃ、頭の中まで蕩けちゃいそうなの……っ」%K%P
「はむぅ、んちゅ、んんぅ、ふはぁ……っ、うん、好きぃ、頭の中まで蕩けちゃいそうなの……っ」%K%P
眼差しまでトロンとしていた。%K%P
眼差しまでトロンとしていた。%K%P
あんまり美琴さんが可愛すぎて、ちょっと意地悪してみたくなってきたぞ。%K%P
あんまり美琴さんが可愛すぎて、ちょっと意地悪してみたくなってきたぞ。%K%P
ついばむようなキスとリズミカルな抽送を繰り返す。%K%P
ついばむようなキスとリズミカルな抽送を繰り返す。%K%P
「ふあっ、あんっ、んむぅ、ちゅ、ちゅ、ふあっ、あんっ、んちゅ、んっく、……っ」%K%P
「ふあっ、あんっ、んむぅ、ちゅ、ちゅ、ふあっ、あんっ、んちゅ、んっく、……っ」%K%P
「上と下、どっちのほうがお好みなのかな？」%K%P
「上と下、どっちのほうがお好みなのかな？」%K%P
「うぅ、うあっ、そんなの選べない、あひっ、んむぅ、んちゅぷ、ふはっ、あぁん……っ」%K%P
「うぅ、うあっ、そんなの選べない、あひっ、んむぅ、んちゅぷ、ふはっ、あぁん……っ」%K%P
腰を密着させて奥の方までかき回す。%K%P
腰を密着させて奥の方までかき回す。%K%P
「くぅ、うあっ、あぁん、激しいの、あっ、はぁ、あはぁ……っ」%K%P
「くぅ、うあっ、あぁん、激しいの、あっ、はぁ、あはぁ……っ」%K%P
さらに今度は相手の口腔に舌を滑り込ませる。%K%P
さらに今度は相手の口腔に舌を滑り込ませる。%K%P
「んくむ、んちゅ、れろろ、ちゅぷ、んひっ、くううぅ……っ」%K%P
「んくむ、んちゅ、れろろ、ちゅぷ、んひっ、くううぅ……っ」%K%P
顔を離すと舌と舌の間で透明な糸が伝った。%K%P
顔を離すと舌と舌の間で透明な糸が伝った。%K%P
「どっちが良かったかな？」%K%P
「どっちが良かったかな？」%K%P
「あっ、あっ、どっちも……っ、両方大好き……っ、はぁ、ふっく、うあっ、あぁ……っ」%K%P
「あっ、あっ、どっちも……っ、両方大好き……っ、はぁ、ふっく、うあっ、あぁ……っ」%K%P
「両方なら仕方ないな。欲張りな美琴さんのために、僕もがんばるよ」%K%P
「両方なら仕方ないな。欲張りな美琴さんのために、僕もがんばるよ」%K%P
ということで、口腔と膣腔を同時に可愛がってあげることにした。%K%P
ということで、口腔と膣腔を同時に可愛がってあげることにした。%K%P
舌を絡めて唾液を送り込むと、美琴さんの色白の喉が上下に動く。%K%P
舌を絡めて唾液を送り込むと、美琴さんの色白の喉が上下に動く。%K%P
「んく、むぅ、ちゅぷ、れろろ、んふぅ……っ、んっ、くむぅ、んっ、ふは……っ」%K%P
「んく、むぅ、ちゅぷ、れろろ、んふぅ……っ、んっ、くむぅ、んっ、ふは……っ」%K%P
僕が能動的になると、美琴さんはあからさまに乱れるようになってきた。%K%P
僕が能動的になると、美琴さんはあからさまに乱れるようになってきた。%K%P
扇情的な嬌声が途切れなくなる。%K%P
扇情的な嬌声が途切れなくなる。%K%P
「んふぅ、うあっ、あぁん、あっ、はぁ……っ、ふぅ、ふぅ、うあっ、あぁ、あひっ、ふあ……っ」%K%P
「んふぅ、うあっ、あぁん、あっ、はぁ……っ、ふぅ、ふぅ、うあっ、あぁ、あひっ、ふあ……っ」%K%P
「そんなに気持ちいいんだ。僕も堪らないよ。もっと二人で楽しもうね……っ」%K%P
「そんなに気持ちいいんだ。僕も堪らないよ。もっと二人で楽しもうね……っ」%K%P
「はぁ、ふあっ、うれしい、あっ、あぁん、いっぱい突いて、ふあ……っ、いずみさん大好き……っ」%K%P
「はぁ、ふあっ、うれしい、あっ、あぁん、いっぱい突いて、ふあ……っ、いずみさん大好き……っ」%K%P
美琴さんはおねだりするように腰を突き出して、より深く繋がり合おうとしていた。%K%P
美琴さんはおねだりするように腰を突き出して、より深く繋がり合おうとしていた。%K%P
悦楽を求めて甘えてくる姿にピンポイントで萌えてしまう。%K%P
悦楽を求めて甘えてくる姿にピンポイントで萌えてしまう。%K%P
これで股間が猛らない男はいない。%K%P
これで股間が猛らない男はいない。%K%P
「あぁっ、はぁ、あんっ、いずみさん……っ、はぁ、あんっ、あっ、いずみさんの熱くて硬くて、ふあ……っ」%K%P
「あぁっ、はぁ、あんっ、いずみさん……っ、はぁ、あんっ、あっ、いずみさんの熱くて硬くて、ふあ……っ」%K%P
初めて挿入したときは窮屈な肉穴だったのに、今ではすっかり解れきっていた。%K%P
初めて挿入したときは窮屈な肉穴だったのに、今ではすっかり解れきっていた。%K%P
柔らかいのに締め付け具合は最高で、蕩けたゼリーのようでもあり、弾力に富んだゴムのようでもある。%K%P
柔らかいのに締め付け具合は最高で、蕩けたゼリーのようでもあり、弾力に富んだゴムのようでもある。%K%P
一突きごとに複雑な反応を示すので、ずっと繋がっていることが出来たらまさに天国だろう。%K%P
一突きごとに複雑な反応を示すので、ずっと繋がっていることが出来たらまさに天国だろう。%K%P
「あふぅ、うあっ、はぁ、もっとチュウしてぇ、ふあっ、あぁん……っ」%K%P
「あふぅ、うあっ、はぁ、もっとチュウしてぇ、ふあっ、あぁん……っ」%K%P
「あっ、あふぅ、ズンズンされながらチュウするの好きなの、うあっ、あんっ、あぁん……っ」%K%P
「あっ、あふぅ、ズンズンされながらチュウするの好きなの、うあっ、あんっ、あぁん……っ」%K%P
「いいよ、さあお口も楽にして……っ」%K%P
「いいよ、さあお口も楽にして……っ」%K%P
また口唇を重ねて舌を送り込む。%K%P
また口唇を重ねて舌を送り込む。%K%P
口蓋や歯の裏を舌でくすぐってあげると、美琴さんは蕩けそうな顔つきになって身悶える。%K%P
口蓋や歯の裏を舌でくすぐってあげると、美琴さんは蕩けそうな顔つきになって身悶える。%K%P
「んちゅぷ、れろろ、んふぅ、いいぃ……っ、ちゅ、ちゅ、いずみさん、れろん、んちゅぷ……っ」%K%P
「んちゅぷ、れろろ、んふぅ、いいぃ……っ、ちゅ、ちゅ、いずみさん、れろん、んちゅぷ……っ」%K%P
「くうぅ、ますます締め付けが……っ、僕も堪らないよ、怖いくらい気持ちいい……っ」%K%P
「くうぅ、ますます締め付けが……っ、僕も堪らないよ、怖いくらい気持ちいい……っ」%K%P
もっとも、気持ちよすぎるということは、僕の限界もすぐにやってくるということだ。%K%P
もっとも、気持ちよすぎるということは、僕の限界もすぐにやってくるということだ。%K%P
いったん射精欲の昂ぶりを覚えたら、そこから先は一気に我慢しきれなくなる。%K%P
いったん射精欲の昂ぶりを覚えたら、そこから先は一気に我慢しきれなくなる。%K%P
「うぅ、もう少しでイッちゃいそう……っ」%K%P
「うぅ、もう少しでイッちゃいそう……っ」%K%P
「ふぁっ、はぁ、れろろ、んちゅ、またいっぱい出してくれるの？　あふぅ、うあっ、うれしい、いっぱいちょうだい……っ」%K%P
「ふぁっ、はぁ、れろろ、んちゅ、またいっぱい出してくれるの？　あふぅ、うあっ、うれしい、いっぱいちょうだい……っ」%K%P
「くぅ、ふはっ、ちゅ、ちゅ、熱くてドロドロしてるミルク、はぁ、はぁ、大好きなの……っ」%K%P
「くぅ、ふはっ、ちゅ、ちゅ、熱くてドロドロしてるミルク、はぁ、はぁ、大好きなの……っ」%K%P
「いいよ、たっぷり味わわせてあげる……っ」%K%P
「いいよ、たっぷり味わわせてあげる……っ」%K%P
抽送の勢いをあげてラストスパートを掛ける。%K%P
抽送の勢いをあげてラストスパートを掛ける。%K%P
濃厚なキスを交わし続けながら夢中になって腰を打ち付ける。%K%P
濃厚なキスを交わし続けながら夢中になって腰を打ち付ける。%K%P
グチョグチョと卑猥な音が木々の間で反響し、結合部の愛液が飛沫を上げるほどだ。%K%P
グチョグチョと卑猥な音が木々の間で反響し、結合部の愛液が飛沫を上げるほどだ。%K%P
「はぁ、ああっ、あむぅ、れろ、んちゅぷ、ふは……っ、ふっく、ちゅ、ちゅ、あっ、ああぁ……っ」%K%P
「はぁ、ああっ、あむぅ、れろ、んちゅぷ、ふは……っ、ふっく、ちゅ、ちゅ、あっ、ああぁ……っ」%K%P
「はぁ、はぁ、く、来るよ……っ、いっぱい来る……っ」%K%P
「はぁ、はぁ、く、来るよ……っ、いっぱい来る……っ」%K%P
射精の予兆でペニスの脈動が始まった。%K%P
射精の予兆でペニスの脈動が始まった。%K%P
快楽に酔いしれて心から幸せそうに喘いでいる美琴さんの表情が堪らなくて、美琴さんの顔中にキスをする。%K%P
快楽に酔いしれて心から幸せそうに喘いでいる美琴さんの表情が堪らなくて、美琴さんの顔中にキスをする。%K%P
「くぅ、うっく、頭まっしろ、うあっ、何も考えられない……っ、はぁ、あふぅ、あっ、ああぁ……っ」%K%P
「くぅ、うっく、頭まっしろ、うあっ、何も考えられない……っ、はぁ、あふぅ、あっ、ああぁ……っ」%K%P
「美琴さんもいっしょに……っ、んちゅ、ちゅ、ちゅ、僕といっしょにイッちゃおうよ……っ」%K%P
「美琴さんもいっしょに……っ、んちゅ、ちゅ、ちゅ、僕といっしょにイッちゃおうよ……っ」%K%P
「くぅ、うあっ、うん、イクぅ、ちゅぷん、んちゅぷ、あたしもいっしょにイキたい……っ」%K%P
「くぅ、うあっ、うん、イクぅ、ちゅぷん、んちゅぷ、あたしもいっしょにイキたい……っ」%K%P
美琴さんの内股と大きなお尻に痙攣が走る。%K%P
美琴さんの内股と大きなお尻に痙攣が走る。%K%P
グイグイと貪るような締め付けだ。最後にまた貪るように舌を絡め合う。%K%P
グイグイと貪るような締め付けだ。最後にまた貪るように舌を絡め合う。%K%P
「うぅ、うあっ、はぁ、んちゅぷ、あんっ、いずみさん、あっ、はぁ……っ」%K%P
「うぅ、うあっ、はぁ、んちゅぷ、あんっ、いずみさん、あっ、はぁ……っ」%K%P
「限界だ……っ、ふぅ、くむぅ、だ、出すよ……っ」%K%P
「限界だ……っ、ふぅ、くむぅ、だ、出すよ……っ」%K%P
「ふぅ、うあっ、いいよ、あたしも今、れろん、うあっ、早く出してっ、いっしょに、あっ、ふは……っ」%K%P
「ふぅ、うあっ、いいよ、あたしも今、れろん、うあっ、早く出してっ、いっしょに、あっ、ふは……っ」%K%P
「ふっく、うあっ、イッちゃうっ、れろろ、ちゅぷ、ちゅぷ、飛んじゃうっ、おかしくなるっ、はぁ、ああぁっ！」%K%P
「ふっく、うあっ、イッちゃうっ、れろろ、ちゅぷ、ちゅぷ、飛んじゃうっ、おかしくなるっ、はぁ、ああぁっ！」%K%P
「ああぁあああぁぁぁっ！」%K%P
「ああぁあああぁぁぁっ！」%K%P
「くううぅっ……っ」%K%P
「くううぅっ……っ」%K%P
膣奥で勢いよく精液が噴出していた。%K%P
膣奥で勢いよく精液が噴出していた。%K%P
僕の精液を受け止めるたびに、美琴さんは可愛らしく身震いする。%K%P
僕の精液を受け止めるたびに、美琴さんは可愛らしく身震いする。%K%P
「ふあっ、あぁん……っ、出てるっ、ふあっ、あぁ、気持ちいいぃ……っ」%K%P
「ふあっ、あぁん……っ、出てるっ、ふあっ、あぁ、気持ちいいぃ……っ」%K%P
僕は最後の一滴まで美琴さんの中に放出した。%K%P
僕は最後の一滴まで美琴さんの中に放出した。%K%P
エッチが済んで着衣の乱れを整えると、そろそろ帰宅の途につかなければ行けない時間になっていた。%K%P
エッチが済んで着衣の乱れを整えると、そろそろ帰宅の途につかなければ行けない時間になっていた。%K%P
僕と美琴さんは顔を見合わせて苦笑する。%K%P
僕と美琴さんは顔を見合わせて苦笑する。%K%P
「なんか、エッチのために二人で残ったような感じになっちゃったな～」%K%P
「なんか、エッチのために二人で残ったような感じになっちゃったな～」%K%P
「その場の流れって怖いね」%K%P
「その場の流れって怖いね」%K%P
「ふふ、でもこれでまた勇気と元気を補充できたから、アリアで活躍間違いなしだわ」%K%P
「ふふ、でもこれでまた勇気と元気を補充できたから、アリアで活躍間違いなしだわ」%K%P
うれしそうに僕の肘に腕を絡めてきた。%K%P
うれしそうに僕の肘に腕を絡めてきた。%K%P
人目がないせいもあるのだろうけど、美琴さんはとても積極的だ。%K%P
人目がないせいもあるのだろうけど、美琴さんはとても積極的だ。%K%P
なんかテンションも高いし。%K%P
なんかテンションも高いし。%K%P
「そっか～、美琴さんのパワーの源は僕とのエッチなのか」%K%P
「そっか～、美琴さんのパワーの源は僕とのエッチなのか」%K%P
「もう、そんな露骨に言うことないじゃない」%K%P
「もう、そんな露骨に言うことないじゃない」%K%P
「……あってるけど」%K%P
「……あってるけど」%K%P
「あってるんだ」%K%P
「あってるんだ」%K%P
「あとは、ご褒美のキスでも有効なんだけど……」%K%P
「あとは、ご褒美のキスでも有効なんだけど……」%K%P
チラチラと意味ありげな上目遣いだった。%K%P
チラチラと意味ありげな上目遣いだった。%K%P
なんだか甘えっぷりもパワーアップしてる気がする。%K%P
なんだか甘えっぷりもパワーアップしてる気がする。%K%P
「いいよ、明日からの練習をがんばれるように前払いね」%K%P
「いいよ、明日からの練習をがんばれるように前払いね」%K%P
頬にチュッとキスをする。%K%P
頬にチュッとキスをする。%K%P
「だ～め。恋人同士の接吻じゃないとノーカン」%K%P
「だ～め。恋人同士の接吻じゃないとノーカン」%K%P
「ホント、この{騎士:ワルキュリア}さまは甘えん坊だなぁ」%K%P
「ホント、この{騎士:ワルキュリア}さまは甘えん坊だなぁ」%K%P
でも可愛くて堪らないのでお望み通りにしてあげる。%K%P
でも可愛くて堪らないのでお望み通りにしてあげる。%K%P
美琴さんの柔らかな口唇に僕は口唇を重ねた。%K%P
美琴さんの柔らかな口唇に僕は口唇を重ねた。%K%P
