午前中の授業が終わり、お昼ご飯を食べようと廊下に出たときだった。%K%P
午前中の授業が終わり、お昼ご飯を食べようと廊下に出たときだった。%K%P
「いずみ様」%K%P
「いずみ様」%K%P
「わっ……？！」%K%P
「わっ……？！」%K%P
いきなり背後から声を掛けられ、驚いてちょっと跳び上がってしまう。%K%P
いきなり背後から声を掛けられ、驚いてちょっと跳び上がってしまう。%K%P
「あぁ……なんだ、希実ちゃん」%K%P
「あぁ……なんだ、希実ちゃん」%K%P
「すみません、驚かせてしまったみたいで」%K%P
「すみません、驚かせてしまったみたいで」%K%P
「いや、ぼ……じゃない、私もお昼休みになって気が緩んでいたみたいだから」%K%P
「いや、ぼ……じゃない、私もお昼休みになって気が緩んでいたみたいだから」%K%P
言ってる側から言い間違えそうになるんだから、苦笑するしかない。%K%P
言ってる側から言い間違えそうになるんだから、苦笑するしかない。%K%P
けど、僕が男だと知っている相手が、綾香さんと法子さん以外にも学園内にいると思うと、それは頼もしいというか、気が休まるというか。%K%P
けど、僕が男だと知っている相手が、綾香さんと法子さん以外にも学園内にいると思うと、それは頼もしいというか、気が休まるというか。%K%P
「希実ちゃんどうしたの？　綾香さんだったら、まだ教室にいるよ？」%K%P
「希実ちゃんどうしたの？　綾香さんだったら、まだ教室にいるよ？」%K%P
授業内容をクラスメイトから質問されていたから、邪魔にならないよう、僕だけ先に教室から出てきた。%K%P
授業内容をクラスメイトから質問されていたから、邪魔にならないよう、僕だけ先に教室から出てきた。%K%P
「ということは、今日はいずみ様、一人で昼食ですか？」%K%P
「ということは、今日はいずみ様、一人で昼食ですか？」%K%P
「あ、それもいいかな。私を待たせてるってなると、綾香さんも落ち着かないだろうし」%K%P
「あ、それもいいかな。私を待たせてるってなると、綾香さんも落ち着かないだろうし」%K%P
お昼ご飯は綾香さんと食べるのがお馴染みになっていたけど、たまにはいいよね。%K%P
お昼ご飯は綾香さんと食べるのがお馴染みになっていたけど、たまにはいいよね。%K%P
「では、私と一緒に食べませんか？」%K%P
「では、私と一緒に食べませんか？」%K%P
「希実ちゃんと？」%K%P
「希実ちゃんと？」%K%P
「はい。実は、いずみ様をランチにお誘いしたくて、それで、今日はこちらに伺ったんです」%K%P
「はい。実は、いずみ様をランチにお誘いしたくて、それで、今日はこちらに伺ったんです」%K%P
「なんだ、そういうことなら喜んで」%K%P
「なんだ、そういうことなら喜んで」%K%P
思いがけない誘いを受けた僕は、教室内の綾香さんに事情を伝えたあと、希実ちゃんと一緒に食堂へ向かった。%K%P
思いがけない誘いを受けた僕は、教室内の綾香さんに事情を伝えたあと、希実ちゃんと一緒に食堂へ向かった。%K%P
食堂が混んでいた、ということもあり、僕たちはサンドイッチを買うと、屋上の庭園にやってきた。%K%P
食堂が混んでいた、ということもあり、僕たちはサンドイッチを買うと、屋上の庭園にやってきた。%K%P
ここに着た理由は、もうひとつあって――――-、%K%P
ここに着た理由は、もうひとつあって――――-、%K%P
「いずみ様がソプラニスタを目指した切っ掛けって、やはり、声質の関係なんですか？」%K%P
「いずみ様がソプラニスタを目指した切っ掛けって、やはり、声質の関係なんですか？」%K%P
「うん、それも大きいかな。誰にでも真似できるものじゃない、って言われた事もあったし」%K%P
「うん、それも大きいかな。誰にでも真似できるものじゃない、って言われた事もあったし」%K%P
「他の人にできない表現方法があるなら、やっぱり、それを追究してみたい、というか」%K%P
「他の人にできない表現方法があるなら、やっぱり、それを追究してみたい、というか」%K%P
こういった具合の、ちょっと踏み込んだ話は、やっぱり人目があるところでは難しい。%K%P
こういった具合の、ちょっと踏み込んだ話は、やっぱり人目があるところでは難しい。%K%P
だから、他の人と少し離れた間隔で食べられる庭園にやってきた、というわけだ。%K%P
だから、他の人と少し離れた間隔で食べられる庭園にやってきた、というわけだ。%K%P
「いずみ様は、昔から声が高いんですか？」%K%P
「いずみ様は、昔から声が高いんですか？」%K%P
「うん。この容姿と声のせいで、小さな頃は女の子に間違えられる事もあったかな……？」%K%P
「うん。この容姿と声のせいで、小さな頃は女の子に間違えられる事もあったかな……？」%K%P
「ほら、小さな頃って、とくに性別が曖昧だったりするでしょ？」%K%P
「ほら、小さな頃って、とくに性別が曖昧だったりするでしょ？」%K%P
とはいえ、この年になってからも間違われちゃうことはあるし、いまなんて女装しているわけだけど。%K%P
とはいえ、この年になってからも間違われちゃうことはあるし、いまなんて女装しているわけだけど。%K%P
「小さな頃のいずみ様、って……きっと、可愛かったんでしょうね」%K%P
「小さな頃のいずみ様、って……きっと、可愛かったんでしょうね」%K%P
「ん、どうだろ……。さすがに、洋服は男の子のものだったよ？　……本当だよ？」%K%P
「ん、どうだろ……。さすがに、洋服は男の子のものだったよ？　……本当だよ？」%K%P
「くすっ。もう、聞いていないのにわざわざ自分から言うなんて、おかしないずみ様。ふふっ」%K%P
「くすっ。もう、聞いていないのにわざわざ自分から言うなんて、おかしないずみ様。ふふっ」%K%P
念を押した僕がよほどお気に召したのか、希実ちゃんは楽しげに笑った。%K%P
念を押した僕がよほどお気に召したのか、希実ちゃんは楽しげに笑った。%K%P
「あの、写真とかはないんですか？」%K%P
「あの、写真とかはないんですか？」%K%P
「家にあるけど……ほら、私の家はいま、ね？」%K%P
「家にあるけど……ほら、私の家はいま、ね？」%K%P
「あぁ……そういえばいずみ様は、深皇祭が終わるまで、家なき子、なんですよね」%K%P
「あぁ……そういえばいずみ様は、深皇祭が終わるまで、家なき子、なんですよね」%K%P
「うん。家財とかは倉庫に預けてあるんだって」%K%P
「うん。家財とかは倉庫に預けてあるんだって」%K%P
この辺りの事情も、男だとバレてしまったときに身の上を話した関係で、希実ちゃんは既に知っている。%K%P
この辺りの事情も、男だとバレてしまったときに身の上を話した関係で、希実ちゃんは既に知っている。%K%P
「でも、本当にいずみ様の声は素敵です。それこそ、わけていただきたいぐらい」%K%P
「でも、本当にいずみ様の声は素敵です。それこそ、わけていただきたいぐらい」%K%P
「でも、希実ちゃんの声も可愛らしくて、私は好きだよ」%K%P
「でも、希実ちゃんの声も可愛らしくて、私は好きだよ」%K%P
「好き、だなんて、そんな……」%K%P
「好き、だなんて、そんな……」%K%P
「あっ、いやその、好みというか、えと、ほら……綺麗な声だね、とか、よく言われない？」%K%P
「あっ、いやその、好みというか、えと、ほら……綺麗な声だね、とか、よく言われない？」%K%P
「それは、たまに……」%K%P
「それは、たまに……」%K%P
「ほらね？」%K%P
「ほらね？」%K%P
僕が何となく発した、好き、という単語に過剰に反応されてしまい、こちらまで焦ってしまう。%K%P
僕が何となく発した、好き、という単語に過剰に反応されてしまい、こちらまで焦ってしまう。%K%P
きっと、僕が女の子だと思われていた頃なら、もっと違った反応になっていたんだろうけど。%K%P
きっと、僕が女の子だと思われていた頃なら、もっと違った反応になっていたんだろうけど。%K%P
女装をしている間は、出来る限り女の子として振る舞おうと思っているだけに、僕が男だとわかっている希実ちゃんが相手だと、ちょっと、調子が狂う。%K%P
女装をしている間は、出来る限り女の子として振る舞おうと思っているだけに、僕が男だとわかっている希実ちゃんが相手だと、ちょっと、調子が狂う。%K%P
……って、男扱いされて調子が狂う、なんて感じてしまう状態が、既に少し狂っているような……？%K%P
……って、男扱いされて調子が狂う、なんて感じてしまう状態が、既に少し狂っているような……？%K%P
「でも、それだけ素敵な声なら、きっと、歌声も素敵なんだろうね」%K%P
「でも、それだけ素敵な声なら、きっと、歌声も素敵なんだろうね」%K%P
「あっ……ええと、それは、その……」%K%P
「あっ……ええと、それは、その……」%K%P
「あっ、ごめん。別に、深い意味があったわけじゃなくて、なんというか、その……」%K%P
「あっ、ごめん。別に、深い意味があったわけじゃなくて、なんというか、その……」%K%P
お互い、言葉に詰まってうつむいてしまう。%K%P
お互い、言葉に詰まってうつむいてしまう。%K%P
いまの台詞にしても、希実ちゃんに気を許せばこそ、つい出てきてしまったものに違いない。%K%P
いまの台詞にしても、希実ちゃんに気を許せばこそ、つい出てきてしまったものに違いない。%K%P
それは多分、潜在的願望のようなもので……僕は希実ちゃんの歌声が、気になって仕方ないんだ。%K%P
それは多分、潜在的願望のようなもので……僕は希実ちゃんの歌声が、気になって仕方ないんだ。%K%P
{歌姫:ディーバ}辞退の一件を知っていればこそ、その話題をできる限り避けてしまうだけで。%K%P
{歌姫:ディーバ}辞退の一件を知っていればこそ、その話題をできる限り避けてしまうだけで。%K%P
「……いずみ様は、気になりますか？」%K%P
「……いずみ様は、気になりますか？」%K%P
「えっ？」%K%P
「えっ？」%K%P
「私の歌唱力や、それから……どうして、{歌姫:ディーバ}を辞退したのか、とか……」%K%P
「私の歌唱力や、それから……どうして、{歌姫:ディーバ}を辞退したのか、とか……」%K%P
「それは――――」%K%P
「それは――――」%K%P
気にならないといえば、当然、嘘になる。%K%P
気にならないといえば、当然、嘘になる。%K%P
だけどいま、それに対してイエスと答えてしまっていいのかどうか。%K%P
だけどいま、それに対してイエスと答えてしまっていいのかどうか。%K%P
少しの間、迷って……それから僕は、希実ちゃんをじっと見つめて、静かに告げた。%K%P
少しの間、迷って……それから僕は、希実ちゃんをじっと見つめて、静かに告げた。%K%P
「……うん。知りたい」%K%P
「……うん。知りたい」%K%P
その言葉は、希実ちゃんの力になりたい、という想いから生まれたものだった。%K%P
その言葉は、希実ちゃんの力になりたい、という想いから生まれたものだった。%K%P
{歌姫:ディーバ}を辞退した理由が、歌に関係することならば、力になってあげられるかもしれない。%K%P
{歌姫:ディーバ}を辞退した理由が、歌に関係することならば、力になってあげられるかもしれない。%K%P
そう考えたからこそ、僕は頷いた。%K%P
そう考えたからこそ、僕は頷いた。%K%P
「わかりました。では、放課後の音楽室で待っていていただけますか？」%K%P
「わかりました。では、放課後の音楽室で待っていていただけますか？」%K%P
「それと、できれば――」%K%P
「それと、できれば――」%K%P
「奏さんには、私から事情を伝えておくね」%K%P
「奏さんには、私から事情を伝えておくね」%K%P
「はい。申し訳ありませんが、お願いします」%K%P
「はい。申し訳ありませんが、お願いします」%K%P
思いがけない話の展開に、少しの驚きと、妙な高揚感を抱いていると、昼休みの終わりを告げるチャイムの音が聞こえてきた。%K%P
思いがけない話の展開に、少しの驚きと、妙な高揚感を抱いていると、昼休みの終わりを告げるチャイムの音が聞こえてきた。%K%P
「いずみ様、いらっしゃいますか」%K%P
「いずみ様、いらっしゃいますか」%K%P
「うん」%K%P
「うん」%K%P
廊下から聞こえた声に応えると、ドアがそっと開いて、希実ちゃんが入ってきた。%K%P
廊下から聞こえた声に応えると、ドアがそっと開いて、希実ちゃんが入ってきた。%K%P
「お待たせしました」%K%P
「お待たせしました」%K%P
「ううん、今日は全然待ってないよ？」%K%P
「ううん、今日は全然待ってないよ？」%K%P
「うっ……もう、案外いじわるなんですから」%K%P
「うっ……もう、案外いじわるなんですから」%K%P
深刻な空気になりすぎないよう、少し茶化して言うと、それが昨日の事だと気付いた希実ちゃんが頬を膨らませる。%K%P
深刻な空気になりすぎないよう、少し茶化して言うと、それが昨日の事だと気付いた希実ちゃんが頬を膨らませる。%K%P
親しくなってみて気付いたけれど、希実ちゃんは明るいし、表情もころころと良く変わる。%K%P
親しくなってみて気付いたけれど、希実ちゃんは明るいし、表情もころころと良く変わる。%K%P
最初の出会いがいきなりの謝罪だったこともあり、第一印象で殊勝なイメージをもっていたけど、実際はそんなこともなく、明るくていい子だな、って思う。%K%P
最初の出会いがいきなりの謝罪だったこともあり、第一印象で殊勝なイメージをもっていたけど、実際はそんなこともなく、明るくていい子だな、って思う。%K%P
「椅子、あらかじめ用意しておいたよ」%K%P
「椅子、あらかじめ用意しておいたよ」%K%P
「あっ、はい」%K%P
「あっ、はい」%K%P
長い話になるかも、と思って並べておいた椅子に腰を下ろす。%K%P
長い話になるかも、と思って並べておいた椅子に腰を下ろす。%K%P
ちなみに奏さんは、今日の放課後は予定があるとのことで、そもそも練習は休む予定だったそうだ。%K%P
ちなみに奏さんは、今日の放課後は予定があるとのことで、そもそも練習は休む予定だったそうだ。%K%P
「これからお話することは、誰にも……それこそ、綾香お姉ちゃんにも黙っていたことなんです」%K%P
「これからお話することは、誰にも……それこそ、綾香お姉ちゃんにも黙っていたことなんです」%K%P
「だから、お話しするのはいずみ様が最初です」%K%P
「だから、お話しするのはいずみ様が最初です」%K%P
希実ちゃんが緊張しないよう、なるべく力まず頷いたつもりだけど、上手く出来たかはわからない。%K%P
希実ちゃんが緊張しないよう、なるべく力まず頷いたつもりだけど、上手く出来たかはわからない。%K%P
「いまから３ヶ月前、私は独唱コンクールに参加しました。……結構、大きな大会です」%K%P
「いまから３ヶ月前、私は独唱コンクールに参加しました。……結構、大きな大会です」%K%P
「私は、周囲から入賞を期待されていて……でも、結局入賞することは叶いませんでした」%K%P
「私は、周囲から入賞を期待されていて……でも、結局入賞することは叶いませんでした」%K%P
「当日体調が悪かった、とか……そういう、明確な理由があれば、まだよかったのかもしれません」%K%P
「当日体調が悪かった、とか……そういう、明確な理由があれば、まだよかったのかもしれません」%K%P
「でも、私は純粋に……周囲からのプレッシャー、期待による重圧に耐えられず、自滅したんです」%K%P
「でも、私は純粋に……周囲からのプレッシャー、期待による重圧に耐えられず、自滅したんです」%K%P
「そして、そんな私を、まわりの人たちは誰１人として責めることはありませんでした」%K%P
「そして、そんな私を、まわりの人たちは誰１人として責めることはありませんでした」%K%P
「……私は、それがすごく怖かったんです」%K%P
「……私は、それがすごく怖かったんです」%K%P
「怖かった……？」%K%P
「怖かった……？」%K%P
黙って聞いていようと思ったけれど、つい、そんな疑問が口をついて出てしまう。%K%P
黙って聞いていようと思ったけれど、つい、そんな疑問が口をついて出てしまう。%K%P
「だって……コンクール前は、誰もが口々に、入賞期待してるよ……って、繰り返していたんですよ？」%K%P
「だって……コンクール前は、誰もが口々に、入賞期待してるよ……って、繰り返していたんですよ？」%K%P
「なのに、いざ入賞を逃したら、仕方ないよ、まわりも上手だったから、なんて言われて――」%K%P
「なのに、いざ入賞を逃したら、仕方ないよ、まわりも上手だったから、なんて言われて――」%K%P
「……別に私は、責めて欲しかったわけではないと思うんです」%K%P
「……別に私は、責めて欲しかったわけではないと思うんです」%K%P
「ただ……会う人会う人がみんな、しょうがなかったね、次があるよ、頑張ってね、って……」%K%P
「ただ……会う人会う人がみんな、しょうがなかったね、次があるよ、頑張ってね、って……」%K%P
「そんな言葉をずっと聞いていたら、私はそもそも、誰にも期待されてなかったんじゃないか、って……」%K%P
「そんな言葉をずっと聞いていたら、私はそもそも、誰にも期待されてなかったんじゃないか、って……」%K%P
「そのうち、コンクールでの入賞を期待されていたのですらまやかしで……誰も私の歌なんて、興味がないんだ、とまで考えて……」%K%P
「そのうち、コンクールでの入賞を期待されていたのですらまやかしで……誰も私の歌なんて、興味がないんだ、とまで考えて……」%K%P
「そうしたら、歌うこと自体が怖くなって……」%K%P
「そうしたら、歌うこと自体が怖くなって……」%K%P
「怖くなったら、今度は、歌おうと思っても声が出なくなって、歌えなくなって……」%K%P
「怖くなったら、今度は、歌おうと思っても声が出なくなって、歌えなくなって……」%K%P
「こんな状態では{歌姫:ディーバ}を務めることなんて出来ないと、そう思ったんです」%K%P
「こんな状態では{歌姫:ディーバ}を務めることなんて出来ないと、そう思ったんです」%K%P
「ん……」%K%P
「ん……」%K%P
声のトーンこそ少し沈んではいるけれど、それでもどこか淡々と話す希実ちゃんに、思わず息が漏れた。%K%P
声のトーンこそ少し沈んではいるけれど、それでもどこか淡々と話す希実ちゃんに、思わず息が漏れた。%K%P
これほど落ち着くまでに、果たして、どのぐらいの時間がかかったんだろう。%K%P
これほど落ち着くまでに、果たして、どのぐらいの時間がかかったんだろう。%K%P
少なくとも、自分の中で整理がついていなければ、こんなふうに話すことは出来ないと思う。%K%P
少なくとも、自分の中で整理がついていなければ、こんなふうに話すことは出来ないと思う。%K%P
「どうしてそのことを、お姉さんたち……綾香さんや法子さんに、相談しなかったの？」%K%P
「どうしてそのことを、お姉さんたち……綾香さんや法子さんに、相談しなかったの？」%K%P
「２人とも、私が{歌姫:ディーバ}に選ばれたとき、すごく喜んでくれたんです」%K%P
「２人とも、私が{歌姫:ディーバ}に選ばれたとき、すごく喜んでくれたんです」%K%P
「とくに綾香お姉ちゃんは、自分が{騎士:ワルキュリア}に選ばれたことよりも、ずっと喜んでくれて……」%K%P
「とくに綾香お姉ちゃんは、自分が{騎士:ワルキュリア}に選ばれたことよりも、ずっと喜んでくれて……」%K%P
「……なのに、歌うのが怖くなった、なんて言ったら、落胆させてしまう気がして……」%K%P
「……なのに、歌うのが怖くなった、なんて言ったら、落胆させてしまう気がして……」%K%P
「だけど、綾香さんは悩んでいる妹の苦悩を無下にするような、そんな人じゃないと思うよ」%K%P
「だけど、綾香さんは悩んでいる妹の苦悩を無下にするような、そんな人じゃないと思うよ」%K%P
「それはもちろん、わかっているんです。……でも、あの時は、打ち明けることすら、怖くて」%K%P
「それはもちろん、わかっているんです。……でも、あの時は、打ち明けることすら、怖くて」%K%P
「もし、歌うのが怖いなら無理しないでいいわよ、って受け入れられたら、やっぱり私は期待されてないんだ、って思ってしまうし……」%K%P
「もし、歌うのが怖いなら無理しないでいいわよ、って受け入れられたら、やっぱり私は期待されてないんだ、って思ってしまうし……」%K%P
「逆に、怖がらずに歌ってほしい、って言われても……声が出ない自分には、どうしようもなくて」%K%P
「逆に、怖がらずに歌ってほしい、って言われても……声が出ない自分には、どうしようもなくて」%K%P
「だから、相談自体、出来なかったんです」%K%P
「だから、相談自体、出来なかったんです」%K%P
「そっか……」%K%P
「そっか……」%K%P
悪い想像しか浮かばない、ということは、きっと誰にでもあると思う。%K%P
悪い想像しか浮かばない、ということは、きっと誰にでもあると思う。%K%P
心理的な袋小路、といえばいいのか……たぶん、そういう状態を、スランプと呼んだりするんだろう。%K%P
心理的な袋小路、といえばいいのか……たぶん、そういう状態を、スランプと呼んだりするんだろう。%K%P
そんな経験が、僕にもまったくないわけじゃない。%K%P
そんな経験が、僕にもまったくないわけじゃない。%K%P
「だから、誰にも理由は言えず……ただ、{歌姫:ディーバ}を辞退したい、としか言えませんでした」%K%P
「だから、誰にも理由は言えず……ただ、{歌姫:ディーバ}を辞退したい、としか言えませんでした」%K%P
「それにあのときは、深皇祭まで２ヶ月以上あったので、代役はすぐに見つかるだろうと思ったんです」%K%P
「それにあのときは、深皇祭まで２ヶ月以上あったので、代役はすぐに見つかるだろうと思ったんです」%K%P
「でも、なかなか見つからなくて……どうしようかと思っているときに現れたのが――――」%K%P
「でも、なかなか見つからなくて……どうしようかと思っているときに現れたのが――――」%K%P
「私だった、と」%K%P
「私だった、と」%K%P
「はい」%K%P
「はい」%K%P
僕を真っ直ぐに見て頷いた希実ちゃんは、どことなく、ホッとした表情を浮かべていた。%K%P
僕を真っ直ぐに見て頷いた希実ちゃんは、どことなく、ホッとした表情を浮かべていた。%K%P
まるで、教会で懺悔をしたばかりのような、悩ましくも、安堵が窺える……そんな顔だった。%K%P
まるで、教会で懺悔をしたばかりのような、悩ましくも、安堵が窺える……そんな顔だった。%K%P
「前にも言ったように、朝礼でいずみ様を{歌姫:ディーバ}に推薦するお姉ちゃんを見て、これは私のためなんだと思いました」%K%P
「前にも言ったように、朝礼でいずみ様を{歌姫:ディーバ}に推薦するお姉ちゃんを見て、これは私のためなんだと思いました」%K%P
「だとしたら、私の弱さやワガママが、いずみ様の人生に影響を与えてしまったことになる――」%K%P
「だとしたら、私の弱さやワガママが、いずみ様の人生に影響を与えてしまったことになる――」%K%P
「そう思って、その日のうちに、謝りに……」%K%P
「そう思って、その日のうちに、謝りに……」%K%P
「人生って……そんな、大げさだよ」%K%P
「人生って……そんな、大げさだよ」%K%P
少し明るめに笑って見せたけど、希実ちゃんの表情は、あまり晴れなかった。%K%P
少し明るめに笑って見せたけど、希実ちゃんの表情は、あまり晴れなかった。%K%P
「……でも、希実ちゃんの気持ち、まったくわからないわけでもないよ」%K%P
「……でも、希実ちゃんの気持ち、まったくわからないわけでもないよ」%K%P
「本当、ですか？」%K%P
「本当、ですか？」%K%P
「ということは、その……いずみ様にも、似たような経験がある、ということですか？」%K%P
「ということは、その……いずみ様にも、似たような経験がある、ということですか？」%K%P
「厳密に似ているかって言われると、ちょっと自信がないけど……」%K%P
「厳密に似ているかって言われると、ちょっと自信がないけど……」%K%P
「きっと、希実ちゃんは、優しいんだよ」%K%P
「きっと、希実ちゃんは、優しいんだよ」%K%P
「えっ……？」%K%P
「えっ……？」%K%P
「私に歌唱指導してくれる先生の中にね、想像力がいかに大切か、って教えてくれた人がいるんだ」%K%P
「私に歌唱指導してくれる先生の中にね、想像力がいかに大切か、って教えてくれた人がいるんだ」%K%P
「歌手は、歌詞や旋律に込められた想いを、いかに聞き手に伝えるかが大切だ、って」%K%P
「歌手は、歌詞や旋律に込められた想いを、いかに聞き手に伝えるかが大切だ、って」%K%P
「そのためには、ただ歌うだけでなく、様々な事を想像する力が必要になる、ってね」%K%P
「そのためには、ただ歌うだけでなく、様々な事を想像する力が必要になる、ってね」%K%P
「希実ちゃんは、想像力が豊かなんだと思う。だから、そんなに色々と悩んでしまうんじゃないかな」%K%P
「希実ちゃんは、想像力が豊かなんだと思う。だから、そんなに色々と悩んでしまうんじゃないかな」%K%P
「でも……私は勝手に、１人で想い悩んで、かえって綾香お姉ちゃんに迷惑をかけてしまいました」%K%P
「でも……私は勝手に、１人で想い悩んで、かえって綾香お姉ちゃんに迷惑をかけてしまいました」%K%P
「綾香さんは、それを迷惑だなんて思ってないよ」%K%P
「綾香さんは、それを迷惑だなんて思ってないよ」%K%P
あえてきっぱり言い切ると、希実ちゃんは、どこか困惑した様子で僕を見つめた。%K%P
あえてきっぱり言い切ると、希実ちゃんは、どこか困惑した様子で僕を見つめた。%K%P
「希実ちゃんが綾香さんに相談できなかったのは、綾香さんならこう言うはずだ……って、いろいろと考えてしまったからでしょ？」%K%P
「希実ちゃんが綾香さんに相談できなかったのは、綾香さんならこう言うはずだ……って、いろいろと考えてしまったからでしょ？」%K%P
「それって、いろんな未来を想像しちゃった、ってことだから。相談したら、どうなるのか、って」%K%P
「それって、いろんな未来を想像しちゃった、ってことだから。相談したら、どうなるのか、って」%K%P
「……たぶん、同様のことが綾香さんの中でもあったんじゃないかな」%K%P
「……たぶん、同様のことが綾香さんの中でもあったんじゃないかな」%K%P
「どうして{歌姫:ディーバ}を辞めたいのかって、綾香さんは希実ちゃんに聞かなかったんでしょ？」%K%P
「どうして{歌姫:ディーバ}を辞めたいのかって、綾香さんは希実ちゃんに聞かなかったんでしょ？」%K%P
「はい、聞かれませんでした」%K%P
「はい、聞かれませんでした」%K%P
「だから私は、お姉ちゃんはもう、私の歌に期待なんてしていないんだろうなって思って……」%K%P
「だから私は、お姉ちゃんはもう、私の歌に期待なんてしていないんだろうなって思って……」%K%P
「綾香さんが希実ちゃんに理由を聞かなかったのは、希実ちゃんを信じていたからだよ」%K%P
「綾香さんが希実ちゃんに理由を聞かなかったのは、希実ちゃんを信じていたからだよ」%K%P
「希実ちゃんが理由を言わないのは、それが言えないような理由なんだってことを、綾香さんは聞くまでもなく分かってたんじゃないかな」%K%P
「希実ちゃんが理由を言わないのは、それが言えないような理由なんだってことを、綾香さんは聞くまでもなく分かってたんじゃないかな」%K%P
「……」%K%P
「……」%K%P
「さっきの想像力の話だけど……想像力って、思い遣りのこと、なんだって」%K%P
「さっきの想像力の話だけど……想像力って、思い遣りのこと、なんだって」%K%P
「先のこと、相手のこと……色々な展開を想像して、いろんな未来を考えて……」%K%P
「先のこと、相手のこと……色々な展開を想像して、いろんな未来を考えて……」%K%P
「それで、何かが出来なくなったりすることは、別に、おかしなことじゃないよ」%K%P
「それで、何かが出来なくなったりすることは、別に、おかしなことじゃないよ」%K%P
「きっと、希実ちゃんがコンクールで入賞を逃したとき、まわりの人たちも『想像』したんじゃないかな」%K%P
「きっと、希実ちゃんがコンクールで入賞を逃したとき、まわりの人たちも『想像』したんじゃないかな」%K%P
「自分たちが期待しすぎたせいで、希実ちゃんは本来の力が出せなかったんじゃないか……って」%K%P
「自分たちが期待しすぎたせいで、希実ちゃんは本来の力が出せなかったんじゃないか……って」%K%P
「あ……」%K%P
「あ……」%K%P
「だからこそ、今度は伸び伸び歌って貰いたくて、応援を少し控えめにした……とかね」%K%P
「だからこそ、今度は伸び伸び歌って貰いたくて、応援を少し控えめにした……とかね」%K%P
「だって、その頃にはすでに、希実ちゃんが{歌姫:ディーバ}を務めることは決まっていたんでしょ？」%K%P
「だって、その頃にはすでに、希実ちゃんが{歌姫:ディーバ}を務めることは決まっていたんでしょ？」%K%P
「じゃあ、きっとそういうことなんだよ。……もっとも、それだって私の『想像』なんだけど」%K%P
「じゃあ、きっとそういうことなんだよ。……もっとも、それだって私の『想像』なんだけど」%K%P
照れを隠すように少し笑うと、そんな僕を、希実ちゃんがじっと見つめた。%K%P
照れを隠すように少し笑うと、そんな僕を、希実ちゃんがじっと見つめた。%K%P
「……いずみ様って、すごいですね」%K%P
「……いずみ様って、すごいですね」%K%P
「あっ、いや、その……ほとんど、留学先で聞いた受け売りだったりするんだけど」%K%P
「あっ、いや、その……ほとんど、留学先で聞いた受け売りだったりするんだけど」%K%P
照れくさくて、頬を指でぽりぽりしてしまう。%K%P
照れくさくて、頬を指でぽりぽりしてしまう。%K%P
留学先の先生や講師のなかには、大舞台に立った経験をもっている人も数多い。%K%P
留学先の先生や講師のなかには、大舞台に立った経験をもっている人も数多い。%K%P
その人たちの話す体験談や逸話は、それこそ、教科書には載っていない、有意義な話ばかりだった。%K%P
その人たちの話す体験談や逸話は、それこそ、教科書には載っていない、有意義な話ばかりだった。%K%P
「留学といっても、歌の技術や知識を身につけるばかりじゃないから」%K%P
「留学といっても、歌の技術や知識を身につけるばかりじゃないから」%K%P
「……って、希実ちゃん？　どうかした？」%K%P
「……って、希実ちゃん？　どうかした？」%K%P
僕を見つめたままなにかを考えて居るらしく、希実ちゃんの視線が少しぼんやりしている。%K%P
僕を見つめたままなにかを考えて居るらしく、希実ちゃんの視線が少しぼんやりしている。%K%P
「なんだか、ぼうっとしてたけど……大丈夫？」%K%P
「なんだか、ぼうっとしてたけど……大丈夫？」%K%P
力になれればと思って、つい、あれこれ話してしまったけど……ちょっと、余計なお世話だったかも。%K%P
力になれればと思って、つい、あれこれ話してしまったけど……ちょっと、余計なお世話だったかも。%K%P
ただ、希実ちゃんの言う怖さや、スランプのような気持ちは僕にもわかるから、人事ではなかった。%K%P
ただ、希実ちゃんの言う怖さや、スランプのような気持ちは僕にもわかるから、人事ではなかった。%K%P
「あ、だ、大丈夫、です……」%K%P
「あ、だ、大丈夫、です……」%K%P
「そう？　なら、良いんだけど……」%K%P
「そう？　なら、良いんだけど……」%K%P
話の要点が、歌唱についての悩み事、だったにしても、少し饒舌になりすぎたかもしれない。反省。%K%P
話の要点が、歌唱についての悩み事、だったにしても、少し饒舌になりすぎたかもしれない。反省。%K%P
「……いずみ様、今日はありがとうございました」%K%P
「……いずみ様、今日はありがとうございました」%K%P
「お礼を言うのは、むしろ私のほうだよ」%K%P
「お礼を言うのは、むしろ私のほうだよ」%K%P
「誰にも話さなかった秘密を教えてくれて……ありがとう、希実ちゃん」%K%P
「誰にも話さなかった秘密を教えてくれて……ありがとう、希実ちゃん」%K%P
「そんなことを言ったらいずみ様だって、私にいろいろと教えてくれたじゃないですか」%K%P
「そんなことを言ったらいずみ様だって、私にいろいろと教えてくれたじゃないですか」%K%P
「まあ、それはそうなんだけど……」%K%P
「まあ、それはそうなんだけど……」%K%P
これも、秘密の共有、ってことになるんだろうか。%K%P
これも、秘密の共有、ってことになるんだろうか。%K%P
「でも、話して元気が出ました。……それから、歌も、また歌ってみたいなって……そう、思います」%K%P
「でも、話して元気が出ました。……それから、歌も、また歌ってみたいなって……そう、思います」%K%P
「なら良かった」%K%P
「なら良かった」%K%P
それは本当に、心から良かったと思えたから、僕はそう言いながらにっこりと微笑んだ。%K%P
それは本当に、心から良かったと思えたから、僕はそう言いながらにっこりと微笑んだ。%K%P
