「綾香様、あの、夕ちゃんはセットしてからリリースするまでの間に、比較的時間が掛ります」%K%P
「綾香様、あの、夕ちゃんはセットしてからリリースするまでの間に、比較的時間が掛ります」%K%P
「ですので、構えさせてからフェイントを掛けるといいかもです」%K%P
「ですので、構えさせてからフェイントを掛けるといいかもです」%K%P
「了解、動いて狙いを定めさせないようにするわね」%K%P
「了解、動いて狙いを定めさせないようにするわね」%K%P
休憩時間、内容について話し合う僕達。%K%P
休憩時間、内容について話し合う僕達。%K%P
アリアを間近に控えて、みんなの調子も上がってきた。%K%P
アリアを間近に控えて、みんなの調子も上がってきた。%K%P
「ことりちゃん、あたしが千影さんと対峙したとき、バックアップ可能かしら？　足止めぐらいでいいのだけど」%K%P
「ことりちゃん、あたしが千影さんと対峙したとき、バックアップ可能かしら？　足止めぐらいでいいのだけど」%K%P
「わ、分かりました、やってみます。中てることは難しいかもですけど、注意を引くぐらいは出来ると思います」%K%P
「わ、分かりました、やってみます。中てることは難しいかもですけど、注意を引くぐらいは出来ると思います」%K%P
「うん、頼りにしてるわよ、リーダー」%K%P
「うん、頼りにしてるわよ、リーダー」%K%P
「は、はい、がんばりますっ」%K%P
「は、はい、がんばりますっ」%K%P
「ふふ……そうだ、ちょっと確認したいことがあるのだけど。ことりちゃん、付き合ってくれない？」%K%P
「ふふ……そうだ、ちょっと確認したいことがあるのだけど。ことりちゃん、付き合ってくれない？」%K%P
「わ、分かりました。それではいってきます、姉様、綾香様」%K%P
「わ、分かりました。それではいってきます、姉様、綾香様」%K%P
「はい、いってらっしゃい。美琴、程ほどにしておいてね、オーバーワークは良くないから」%K%P
「はい、いってらっしゃい。美琴、程ほどにしておいてね、オーバーワークは良くないから」%K%P
「分かってる、直ぐに戻るからー」%K%P
「分かってる、直ぐに戻るからー」%K%P
「美琴さんなら大丈夫だよ。なにせ、チームメンバーの体調管理までしてくれてるんだし」%K%P
「美琴さんなら大丈夫だよ。なにせ、チームメンバーの体調管理までしてくれてるんだし」%K%P
ことりちゃんが倒れてから、健康面について美琴さんが管理してくれるようになった。%K%P
ことりちゃんが倒れてから、健康面について美琴さんが管理してくれるようになった。%K%P
走りがちな綾香さんや、ことりちゃんにブレーキを掛け、疲労を残さない練習方法を提案してくれている。%K%P
走りがちな綾香さんや、ことりちゃんにブレーキを掛け、疲労を残さない練習方法を提案してくれている。%K%P
「そうね。わたし、そういうのちょっとだけ苦手だから、助かるの」%K%P
「そうね。わたし、そういうのちょっとだけ苦手だから、助かるの」%K%P
「あー、なるほどね」%K%P
「あー、なるほどね」%K%P
そんな感じするかも……僕は思わず大きく頷いてしまった。%K%P
そんな感じするかも……僕は思わず大きく頷いてしまった。%K%P
「んん、なにを思ったのかしら？　詳しくお聞きしたいわね、我らの{歌姫:ディーバ}様」%K%P
「んん、なにを思ったのかしら？　詳しくお聞きしたいわね、我らの{歌姫:ディーバ}様」%K%P
「な、なんでも無いよ、あはは。それにしても、チームの状態、かなり良くなってきたね」%K%P
「な、なんでも無いよ、あはは。それにしても、チームの状態、かなり良くなってきたね」%K%P
「そうね。連携も取れてきたし、起こりえる状況もあらかた洗い出せたし……なにより、ことりちゃんが成長したわ」%K%P
「そうね。連携も取れてきたし、起こりえる状況もあらかた洗い出せたし……なにより、ことりちゃんが成長したわ」%K%P
それは僕も思った。今でもつたないところはあるものの、積極的に指示を出し、意見を求めるようになった。%K%P
それは僕も思った。今でもつたないところはあるものの、積極的に指示を出し、意見を求めるようになった。%K%P
「あの子自身のポテンシャルも高いのだけど……人に頼ることを覚えたのが大きいわね」%K%P
「あの子自身のポテンシャルも高いのだけど……人に頼ることを覚えたのが大きいわね」%K%P
「依存じゃなくて、協調。頼り頼られることって何でも大事だもの」%K%P
「依存じゃなくて、協調。頼り頼られることって何でも大事だもの」%K%P
「あ、そうだね。ことりちゃんて、一人で背負い込んじゃうタイプだから」%K%P
「あ、そうだね。ことりちゃんて、一人で背負い込んじゃうタイプだから」%K%P
まあ、それは僕の目の前にいる人もそうだけど。%K%P
まあ、それは僕の目の前にいる人もそうだけど。%K%P
だからこそ、仲間の存在は大事なんだよね。%K%P
だからこそ、仲間の存在は大事なんだよね。%K%P
「ふふ、なにかあったのかしらね……ねえ、ことりちゃんのお姉様」%K%P
「ふふ、なにかあったのかしらね……ねえ、ことりちゃんのお姉様」%K%P
「あ、あはは、そうだねえ、そうかもねえ」%K%P
「あ、あはは、そうだねえ、そうかもねえ」%K%P
そりゃありましたよ……人生初めての大事件がね。%K%P
そりゃありましたよ……人生初めての大事件がね。%K%P
「ん？　なにか怪しいわね…………ま、いいけど」%K%P
「ん？　なにか怪しいわね…………ま、いいけど」%K%P
「それより…………隠していること、辛くない？　この前も言ったけれど、なんでも相談してね」%K%P
「それより…………隠していること、辛くない？　この前も言ったけれど、なんでも相談してね」%K%P
「あ、うん。気を使ってくれて、ありがとうね」%K%P
「あ、うん。気を使ってくれて、ありがとうね」%K%P
「まったく平気ってわけには行かないけれど、綾香さんもいてくれるし、それに……」%K%P
「まったく平気ってわけには行かないけれど、綾香さんもいてくれるし、それに……」%K%P
「ね～さまぁ～」%K%P
「ね～さまぁ～」%K%P
「ことりちゃん、練習で疲れてるんだから、走らなくていいんじゃない？」%K%P
「ことりちゃん、練習で疲れてるんだから、走らなくていいんじゃない？」%K%P
僕はこちらに走ってくる{彼女:・・}に手を振り返す。%K%P
僕はこちらに走ってくる{彼女:・・}に手を振り返す。%K%P
「私には、頼りになる仲間達がいるから」%K%P
「私には、頼りになる仲間達がいるから」%K%P
そう、肩の荷物を共に背負ってくれる人がいるから。%K%P
そう、肩の荷物を共に背負ってくれる人がいるから。%K%P
「よいしょっと……ふぅ、これで全部かな、ことりちゃん」%K%P
「よいしょっと……ふぅ、これで全部かな、ことりちゃん」%K%P
「確認しますね。えっと、一個、二個、三個……はい、全部です」%K%P
「確認しますね。えっと、一個、二個、三個……はい、全部です」%K%P
ことりちゃんと二人で、練習に使った道具を、道場内の用具室に仕舞った。%K%P
ことりちゃんと二人で、練習に使った道具を、道場内の用具室に仕舞った。%K%P
練習が終わって、整理体操をしていた時、綾香さんと美琴さんに呼び出しが掛った。%K%P
練習が終わって、整理体操をしていた時、綾香さんと美琴さんに呼び出しが掛った。%K%P
法子さん直々だから……多分、それなりに急ぎの用件なのだろう。%K%P
法子さん直々だから……多分、それなりに急ぎの用件なのだろう。%K%P
恐縮する綾香さん達に、二人で片づけるからと送り出したのはことりちゃんだった。%K%P
恐縮する綾香さん達に、二人で片づけるからと送り出したのはことりちゃんだった。%K%P
「姉様、お疲れ様でした。その、いっぱい運んでもらって、ゴメンなさい」%K%P
「姉様、お疲れ様でした。その、いっぱい運んでもらって、ゴメンなさい」%K%P
「いいって、これくらい全然平気だよ。女の子に無理させられないから」%K%P
「いいって、これくらい全然平気だよ。女の子に無理させられないから」%K%P
「あはっ、それを言ったら、姉様だって女の子じゃないんですか？」%K%P
「あはっ、それを言ったら、姉様だって女の子じゃないんですか？」%K%P
「もう、ことりちゃんったら、知っててイジワル言うね。姉様ちょっと悲しい……」%K%P
「もう、ことりちゃんったら、知っててイジワル言うね。姉様ちょっと悲しい……」%K%P
「あぅ！？　そ、そんな、ごめんなさい。じょーだんですからぁ。泣かないでっ、姉様！」%K%P
「あぅ！？　そ、そんな、ごめんなさい。じょーだんですからぁ。泣かないでっ、姉様！」%K%P
「あはは、分かってるよー。ことりちゃんは素直だね」%K%P
「あはは、分かってるよー。ことりちゃんは素直だね」%K%P
「あー嘘泣きなんですかっ？　もう、姉様の方がいじわるですっ」%K%P
「あー嘘泣きなんですかっ？　もう、姉様の方がいじわるですっ」%K%P
ぽふぽふと僕を叩くことりちゃん。%K%P
ぽふぽふと僕を叩くことりちゃん。%K%P
彼女の無邪気なリアクションが楽しい。%K%P
彼女の無邪気なリアクションが楽しい。%K%P
「ごめんごめん。その、なんだか気が抜けちゃってね」%K%P
「ごめんごめん。その、なんだか気が抜けちゃってね」%K%P
「うぅ～……え？　それってどういうことですか？」%K%P
「うぅ～……え？　それってどういうことですか？」%K%P
ことりちゃんの手を取って包み込む。やっぱり小さな手だな。%K%P
ことりちゃんの手を取って包み込む。やっぱり小さな手だな。%K%P
「ほら、私ってさ、本当は男の子でしょ？　深皇祭の為ってのは分かってるけど、結局、みんなには隠していたから」%K%P
「ほら、私ってさ、本当は男の子でしょ？　深皇祭の為ってのは分かってるけど、結局、みんなには隠していたから」%K%P
「あ、そうですよね……大変ですよね」%K%P
「あ、そうですよね……大変ですよね」%K%P
「あ、もう、そんな顔しない。今は大丈夫なんだから」%K%P
「あ、もう、そんな顔しない。今は大丈夫なんだから」%K%P
「なんてたって、私には強力な味方が出来たんだから……ね、可愛い{騎士:ワルキュリア}さん」%K%P
「なんてたって、私には強力な味方が出来たんだから……ね、可愛い{騎士:ワルキュリア}さん」%K%P
「は、はいっ。ことり、全力でお守りします」%K%P
「は、はいっ。ことり、全力でお守りします」%K%P
僕の手を握り返すことりちゃん。%K%P
僕の手を握り返すことりちゃん。%K%P
どんな援軍よりも心強い味方だ。%K%P
どんな援軍よりも心強い味方だ。%K%P
「ふふ、頼もしいね。あ、そうだ、ことりちゃん、綾香さんも褒めてたよ？　成長したって」%K%P
「ふふ、頼もしいね。あ、そうだ、ことりちゃん、綾香さんも褒めてたよ？　成長したって」%K%P
「綾香様がそんなことを……えへへ、なんか嬉しいです」%K%P
「綾香様がそんなことを……えへへ、なんか嬉しいです」%K%P
「そういえば、美琴様も、褒めて下さいました。『自分の思ってることをちゃんと言えるようになったわね。まだミスは多いけれど』ですって」%K%P
「そういえば、美琴様も、褒めて下さいました。『自分の思ってることをちゃんと言えるようになったわね。まだミスは多いけれど』ですって」%K%P
「あは、締めるところは締めるのが、美琴さんらしいよね」%K%P
「あは、締めるところは締めるのが、美琴さんらしいよね」%K%P
「はいっ。でも、美琴様、色々教えて下さるんですよ？　この間なんて、わざわざ私の教室まで指導に来て下さいましたし」%K%P
「はいっ。でも、美琴様、色々教えて下さるんですよ？　この間なんて、わざわざ私の教室まで指導に来て下さいましたし」%K%P
美琴さん、面倒見がいいからなぁ。%K%P
美琴さん、面倒見がいいからなぁ。%K%P
まあ、ことりちゃんが放っておけないタイプってのもあるけどね。%K%P
まあ、ことりちゃんが放っておけないタイプってのもあるけどね。%K%P
「美琴様も、綾香様もとっても良くしてくれますけど……一番は、姉様がいてくれるからです」%K%P
「美琴様も、綾香様もとっても良くしてくれますけど……一番は、姉様がいてくれるからです」%K%P
「姉様……兄様が私を勇気づけてくれたから」%K%P
「姉様……兄様が私を勇気づけてくれたから」%K%P
すりすりと体を寄せてくることりちゃん。%K%P
すりすりと体を寄せてくることりちゃん。%K%P
柔らかな感触が、先日の出来事を思い出させる。%K%P
柔らかな感触が、先日の出来事を思い出させる。%K%P
「でも、もっと勇気づけてくれたら……もっとリーダーとして、頑張れる気がします」%K%P
「でも、もっと勇気づけてくれたら……もっとリーダーとして、頑張れる気がします」%K%P
「ことりちゃん…………」%K%P
「ことりちゃん…………」%K%P
「兄様……んぅ」%K%P
「兄様……んぅ」%K%P
少し膝を曲げて、ことりちゃんを抱きしめる。%K%P
少し膝を曲げて、ことりちゃんを抱きしめる。%K%P
同じ高さの目線。僕は彼女にキスをした。%K%P
同じ高さの目線。僕は彼女にキスをした。%K%P
