「いずみ様」%K%P
「いずみ様」%K%P
ラウンジで夕食を食べて終え、食器をキッチンに下げていたら、希実ちゃんから声がかかった。%K%P
ラウンジで夕食を食べて終え、食器をキッチンに下げていたら、希実ちゃんから声がかかった。%K%P
「どうしたの？　希実ちゃん。また音楽の話？」%K%P
「どうしたの？　希実ちゃん。また音楽の話？」%K%P
「はい。ご迷惑でなければ、あとで部屋にお邪魔してもよろしいですか？」%K%P
「はい。ご迷惑でなければ、あとで部屋にお邪魔してもよろしいですか？」%K%P
「うん。たぶん、平気だと思うよ」%K%P
「うん。たぶん、平気だと思うよ」%K%P
こういう場合は綾香さんの確認もとったほうがいいんだけど、希実ちゃんだったら問題ないだろう。%K%P
こういう場合は綾香さんの確認もとったほうがいいんだけど、希実ちゃんだったら問題ないだろう。%K%P
そうして、部屋に遊びに来た希実ちゃんと、綾香さんも交えて音楽の話に花が咲いた。%K%P
そうして、部屋に遊びに来た希実ちゃんと、綾香さんも交えて音楽の話に花が咲いた。%K%P
意外……といったら失礼だけど、綾香さんは音楽の話題にも結構明るい。%K%P
意外……といったら失礼だけど、綾香さんは音楽の話題にも結構明るい。%K%P
いわく、希実ちゃんと同じで、綾香さんも法子さんの影響で、小さな頃からクラシックやオペラなんかを良く聞いていたらしい。%K%P
いわく、希実ちゃんと同じで、綾香さんも法子さんの影響で、小さな頃からクラシックやオペラなんかを良く聞いていたらしい。%K%P
「……っと、つい話し込んでしまったわね。そろそろお風呂に入らないと」%K%P
「……っと、つい話し込んでしまったわね。そろそろお風呂に入らないと」%K%P
時計を見れば、希実ちゃんがやってきてから、すでに２時間近くが過ぎていた。%K%P
時計を見れば、希実ちゃんがやってきてから、すでに２時間近くが過ぎていた。%K%P
「希実、あなたも一緒にいく？」%K%P
「希実、あなたも一緒にいく？」%K%P
「ううん。私はもうちょっと、いずみ様とお話していたいから」%K%P
「ううん。私はもうちょっと、いずみ様とお話していたいから」%K%P
「そう。話もいいけど、迷惑をかけないようにして、適当な時間になったら戻るのよ？」%K%P
「そう。話もいいけど、迷惑をかけないようにして、適当な時間になったら戻るのよ？」%K%P
「うん」%K%P
「うん」%K%P
そうして入浴の支度を終えた綾香さんが出て行くと、希実ちゃんが心持ち、僕と距離を詰めてきた。%K%P
そうして入浴の支度を終えた綾香さんが出て行くと、希実ちゃんが心持ち、僕と距離を詰めてきた。%K%P
「いいなぁ、綾香お姉ちゃん。いずみ様と同じ部屋で暮らせるなんて」%K%P
「いいなぁ、綾香お姉ちゃん。いずみ様と同じ部屋で暮らせるなんて」%K%P
「そうは言っても、色々と大変なんだよ？　お互いに気を使うし……」%K%P
「そうは言っても、色々と大変なんだよ？　お互いに気を使うし……」%K%P
「でも、同じ部屋ならいつでもいずみ様と好きなだけお話が出来るじゃないですか」%K%P
「でも、同じ部屋ならいつでもいずみ様と好きなだけお話が出来るじゃないですか」%K%P
「まあ、それはそうだけど……」%K%P
「まあ、それはそうだけど……」%K%P
音楽室で{歌姫:ディーバ}辞退の理由を打ち明けてからと言うもの、希実ちゃんは以前にも増して、僕に声をかけてくれるようになった。%K%P
音楽室で{歌姫:ディーバ}辞退の理由を打ち明けてからと言うもの、希実ちゃんは以前にも増して、僕に声をかけてくれるようになった。%K%P
学園はもちろん、寮でもご飯を一緒に食べたり、今日なんて、こうして部屋まで遊びに来たり。%K%P
学園はもちろん、寮でもご飯を一緒に食べたり、今日なんて、こうして部屋まで遊びに来たり。%K%P
とくに、今のように二人きりの場合は、懐くような感じで僕のすぐ近くにいようとする。%K%P
とくに、今のように二人きりの場合は、懐くような感じで僕のすぐ近くにいようとする。%K%P
それはすごく嬉しいんだけど……ここ最近は、ちょっと過剰というか、積極的すぎるというか。%K%P
それはすごく嬉しいんだけど……ここ最近は、ちょっと過剰というか、積極的すぎるというか。%K%P
「そういえばいずみ様って、お風呂はどうしているんですか？」%K%P
「そういえばいずみ様って、お風呂はどうしているんですか？」%K%P
「法子さんが特別に取りはからってくれて、みんなが入り終わった後で、こっそり入ってるんだよ」%K%P
「法子さんが特別に取りはからってくれて、みんなが入り終わった後で、こっそり入ってるんだよ」%K%P
「それなら……綾香お姉ちゃんと一緒に入ったこともないんですか？」%K%P
「それなら……綾香お姉ちゃんと一緒に入ったこともないんですか？」%K%P
「ふいっ？！　ない、ないないないよっ？！」%K%P
「ふいっ？！　ない、ないないないよっ？！」%K%P
あまりにも予想外の質問に変な声を出しつつ、両手をぶんぶん振って否定する。%K%P
あまりにも予想外の質問に変な声を出しつつ、両手をぶんぶん振って否定する。%K%P
「もう、どうしてそういう発想になるの？」%K%P
「もう、どうしてそういう発想になるの？」%K%P
「だって、年頃の男女が同じ部屋で暮らしているんですよ？　なのに、なにもない、なんて……」%K%P
「だって、年頃の男女が同じ部屋で暮らしているんですよ？　なのに、なにもない、なんて……」%K%P
「綾香さんとは、ちゃんと共同生活のルールも作って、きちんと健全な毎日を送ってるってば」%K%P
「綾香さんとは、ちゃんと共同生活のルールも作って、きちんと健全な毎日を送ってるってば」%K%P
「そんな……希実ちゃんが思っているようなことは、なにも――――」%K%P
「そんな……希実ちゃんが思っているようなことは、なにも――――」%K%P
……まあ、ルールを作る前は、着替えてる所に鉢合わせしたり、なんてこともあったけど……。%K%P
……まあ、ルールを作る前は、着替えてる所に鉢合わせしたり、なんてこともあったけど……。%K%P
「あっ、いずみ様？　顔、少し赤いですよ？」%K%P
「あっ、いずみ様？　顔、少し赤いですよ？」%K%P
「うっ……」%K%P
「うっ……」%K%P
僕を見つめた希実ちゃんが、くすっと笑う。%K%P
僕を見つめた希実ちゃんが、くすっと笑う。%K%P
「だいたい、私が思っているようなこと、って……私がなにを考えていると思ったんですか？」%K%P
「だいたい、私が思っているようなこと、って……私がなにを考えていると思ったんですか？」%K%P
「そ、それは……だって、希実ちゃんが年頃の男女、なんて言うから」%K%P
「そ、それは……だって、希実ちゃんが年頃の男女、なんて言うから」%K%P
「私はあくまで年齢の話をしただけで、それ以上のことは言ってませんよ？」%K%P
「私はあくまで年齢の話をしただけで、それ以上のことは言ってませんよ？」%K%P
「……いずみ様、えっちです。やらしい」%K%P
「……いずみ様、えっちです。やらしい」%K%P
「ぐっ……」%K%P
「ぐっ……」%K%P
「ん……ぷっ。ふふっ、くすくすっ」%K%P
「ん……ぷっ。ふふっ、くすくすっ」%K%P
言葉に詰まる僕を見て、希実ちゃんが微笑む。%K%P
言葉に詰まる僕を見て、希実ちゃんが微笑む。%K%P
最近は、僕を敬う一方で、こんなふうに少しからかうような態度をとることも多くなった。%K%P
最近は、僕を敬う一方で、こんなふうに少しからかうような態度をとることも多くなった。%K%P
でも、それは決まって二人きりの時だけで……そんな接し方の変化が、僕を甘酸っぱい気持ちにさせる。%K%P
でも、それは決まって二人きりの時だけで……そんな接し方の変化が、僕を甘酸っぱい気持ちにさせる。%K%P
希実ちゃんを必要以上に女の子として意識してしまう、というか――――でも、これってきっと、希実ちゃんが僕を男だと知っているからこそ、なんだけど。%K%P
希実ちゃんを必要以上に女の子として意識してしまう、というか――――でも、これってきっと、希実ちゃんが僕を男だと知っているからこそ、なんだけど。%K%P
「ともかく、僕はエッチじゃないし、綾香さんともそういうことはないの」%K%P
「ともかく、僕はエッチじゃないし、綾香さんともそういうことはないの」%K%P
「……考えたことも、ですか？」%K%P
「……考えたことも、ですか？」%K%P
「ありません」%K%P
「ありません」%K%P
「ほんのちょっぴりも？」%K%P
「ほんのちょっぴりも？」%K%P
「ちょっ……ちょっぴりもちょびっともないの」%K%P
「ちょっ……ちょっぴりもちょびっともないの」%K%P
少し言葉に詰まったけど、否定を貫く。%K%P
少し言葉に詰まったけど、否定を貫く。%K%P
「……それって、綾香お姉ちゃんに女の子としての魅力がない、ってことですか？」%K%P
「……それって、綾香お姉ちゃんに女の子としての魅力がない、ってことですか？」%K%P
「ちっ、違うよっ。そういうことじゃなくて、あくまで私は、間違いが起こらないように……」%K%P
「ちっ、違うよっ。そういうことじゃなくて、あくまで私は、間違いが起こらないように……」%K%P
「ホントですか？」%K%P
「ホントですか？」%K%P
「なっ、なんでそこまで疑うの？」%K%P
「なっ、なんでそこまで疑うの？」%K%P
「だって、その……男の人は我慢できなくなると、狼になる、って聞いたことがあって」%K%P
「だって、その……男の人は我慢できなくなると、狼になる、って聞いたことがあって」%K%P
「希実ちゃんは、綾香さんが心配ってこと？」%K%P
「希実ちゃんは、綾香さんが心配ってこと？」%K%P
「それもありますが……でも、私が心配しているのは、いずみ様のほう、というか……」%K%P
「それもありますが……でも、私が心配しているのは、いずみ様のほう、というか……」%K%P
そこで言葉を濁した希実ちゃんは、少し思案した後、おもむろに顔を上げた。%K%P
そこで言葉を濁した希実ちゃんは、少し思案した後、おもむろに顔を上げた。%K%P
「いずみ様、私に考えがあります。もしいずみ様が潔白だと言うのなら、試してもいいですか？」%K%P
「いずみ様、私に考えがあります。もしいずみ様が潔白だと言うのなら、試してもいいですか？」%K%P
そうして希実ちゃんが提案してきたアイディアは、本当に、思いがけないものだった。%K%P
そうして希実ちゃんが提案してきたアイディアは、本当に、思いがけないものだった。%K%P
「ただいま、いずみさん」%K%P
「ただいま、いずみさん」%K%P
ドアの閉まる音が聞こえた後、仕切りの向こうから綾香さんの声がする。%K%P
ドアの閉まる音が聞こえた後、仕切りの向こうから綾香さんの声がする。%K%P
「あ、おっ、おかえり」%K%P
「あ、おっ、おかえり」%K%P
「希実は？」%K%P
「希実は？」%K%P
「さっき、部屋に戻っていったよ。お風呂で会わなかった？」%K%P
「さっき、部屋に戻っていったよ。お風呂で会わなかった？」%K%P
「いいえ。ということは、行き違いだったのかもしれないわね」%K%P
「いいえ。ということは、行き違いだったのかもしれないわね」%K%P
「うん、そうじゃないかな」%K%P
「うん、そうじゃないかな」%K%P
「ところで、いずみさん。最近、やけに希実と親しいようだけど……なにかあった？」%K%P
「ところで、いずみさん。最近、やけに希実と親しいようだけど……なにかあった？」%K%P
「ひぇっ？」%K%P
「ひぇっ？」%K%P
「だって、希実があんなに誰かに懐くのって、滅多にないことなのよ？」%K%P
「だって、希実があんなに誰かに懐くのって、滅多にないことなのよ？」%K%P
「それに、最近はよく笑うようになったし……。希実ね、ここ３ヶ月ぐらい元気がなかったから」%K%P
「それに、最近はよく笑うようになったし……。希実ね、ここ３ヶ月ぐらい元気がなかったから」%K%P
「３ヶ月……って、独唱コンクールの頃から？」%K%P
「３ヶ月……って、独唱コンクールの頃から？」%K%P
「いずみさん、どうして、それを……？」%K%P
「いずみさん、どうして、それを……？」%K%P
「あっ、これは、その……」%K%P
「あっ、これは、その……」%K%P
うっかり口が滑ってしまい困窮していると、やがて、綾香さんの溜め息が聞こえた。%K%P
うっかり口が滑ってしまい困窮していると、やがて、綾香さんの溜め息が聞こえた。%K%P
「ん……そっか、希実から聞いたのね。あの子が、そこまで話してたなんて……」%K%P
「ん……そっか、希実から聞いたのね。あの子が、そこまで話してたなんて……」%K%P
「いずみさん、本当に信頼されているのね」%K%P
「いずみさん、本当に信頼されているのね」%K%P
「ん……」%K%P
「ん……」%K%P
綾香さんの声に、ちょっぴり羨望が混じっていたような気がして、返事に詰まってしまう。%K%P
綾香さんの声に、ちょっぴり羨望が混じっていたような気がして、返事に詰まってしまう。%K%P
「……本当を言うとね、わたしが{歌姫:ディーバ}の代役を推薦したことで、かえって希実が傷つくんじゃないか……って、不安だったこともあったの」%K%P
「……本当を言うとね、わたしが{歌姫:ディーバ}の代役を推薦したことで、かえって希実が傷つくんじゃないか……って、不安だったこともあったの」%K%P
「でも、良かった……。いずみさんは深皇祭だけでなく、わたしや希実のことも助けてくれたのね」%K%P
「でも、良かった……。いずみさんは深皇祭だけでなく、わたしや希実のことも助けてくれたのね」%K%P
「……ありがとう、いずみさん」%K%P
「……ありがとう、いずみさん」%K%P
仕切り越しで表情はわからないけど、綾香さんの声は、とてもホッとしているように聞こえる。%K%P
仕切り越しで表情はわからないけど、綾香さんの声は、とてもホッとしているように聞こえる。%K%P
「そのお礼は、まだ早いよ。せめて、無事に{歌姫:ディーバ}を務め終えてから。ね？」%K%P
「そのお礼は、まだ早いよ。せめて、無事に{歌姫:ディーバ}を務め終えてから。ね？」%K%P
「ふふっ、そうね。その時にまた、改めて」%K%P
「ふふっ、そうね。その時にまた、改めて」%K%P
「うん。……っと、じゃあ私、そろそろお風呂に行ってくるよ」%K%P
「うん。……っと、じゃあ私、そろそろお風呂に行ってくるよ」%K%P
「いってらっしゃい、いずみさん」%K%P
「いってらっしゃい、いずみさん」%K%P
入浴後、部屋に戻ってきたあとは、明かりを消して、そのままベッドに潜り込む。%K%P
入浴後、部屋に戻ってきたあとは、明かりを消して、そのままベッドに潜り込む。%K%P
「おやすみ、綾香さん」%K%P
「おやすみ、綾香さん」%K%P
「ええ、おやすみなさい」%K%P
「ええ、おやすみなさい」%K%P
挨拶をかわすと、室内は静まり返った。%K%P
挨拶をかわすと、室内は静まり返った。%K%P
普段ならこのまま目を閉じて寝入ってしまうところだけど――――今夜は、そうもいかない。%K%P
普段ならこのまま目を閉じて寝入ってしまうところだけど――――今夜は、そうもいかない。%K%P
被るようにして毛布の中に潜り込むと、可能な限り小さな声で、そっとそっと呼びかける。%K%P
被るようにして毛布の中に潜り込むと、可能な限り小さな声で、そっとそっと呼びかける。%K%P
「……ね？　なにもなかったでしょ？」%K%P
「……ね？　なにもなかったでしょ？」%K%P
「はい、確かに……」%K%P
「はい、確かに……」%K%P
毛布の中には小さく丸まった希実ちゃんがいて、彼女もまた、こっそりと小さな声で答える。%K%P
毛布の中には小さく丸まった希実ちゃんがいて、彼女もまた、こっそりと小さな声で答える。%K%P
希実ちゃんがこの場所に隠れたのは、ずっと前、綾香さんがお風呂から戻ってくる直前だった。%K%P
希実ちゃんがこの場所に隠れたのは、ずっと前、綾香さんがお風呂から戻ってくる直前だった。%K%P
綾香さんと僕――――年頃の男女が同じ部屋で暮らしていて、何もないはずないと主張した希実ちゃん。%K%P
綾香さんと僕――――年頃の男女が同じ部屋で暮らしていて、何もないはずないと主張した希実ちゃん。%K%P
それを自ら確かめるために、彼女はこうして僕のベッドに潜み、その動向を窺っていた、というわけだ。%K%P
それを自ら確かめるために、彼女はこうして僕のベッドに潜み、その動向を窺っていた、というわけだ。%K%P
とはいえ、僕と綾香さんに何かあるはずもなく……むしろ、希実ちゃんは期せずして、綾香さんの本音を聞いてしまったことになる。%K%P
とはいえ、僕と綾香さんに何かあるはずもなく……むしろ、希実ちゃんは期せずして、綾香さんの本音を聞いてしまったことになる。%K%P
「……いずみ様の言っていた通り、お姉ちゃん、私のことをすごく考えていてくれたんですね……」%K%P
「……いずみ様の言っていた通り、お姉ちゃん、私のことをすごく考えていてくれたんですね……」%K%P
「うん、そうだよ」%K%P
「うん、そうだよ」%K%P
隠れて様子を窺う、なんて希実ちゃんが言い出したときはどうなることかと思ったけど……結果としては、良い方向に転がったのかもしれない。%K%P
隠れて様子を窺う、なんて希実ちゃんが言い出したときはどうなることかと思ったけど……結果としては、良い方向に転がったのかもしれない。%K%P
ただ、さすがにこのまま同じベッドで就寝する、というわけにもいかないし――――、%K%P
ただ、さすがにこのまま同じベッドで就寝する、というわけにもいかないし――――、%K%P
「じゃあ希実ちゃん、そーっと部屋に戻ろうか？　私、トイレに行くふりをするから」%K%P
「じゃあ希実ちゃん、そーっと部屋に戻ろうか？　私、トイレに行くふりをするから」%K%P
もしドアを開ける音で綾香さんが起きてしまっても、それなら何とか誤魔化せるはず。%K%P
もしドアを開ける音で綾香さんが起きてしまっても、それなら何とか誤魔化せるはず。%K%P
「でも……」%K%P
「でも……」%K%P
「疑いなら晴れたでしょ？」%K%P
「疑いなら晴れたでしょ？」%K%P
「ですが、今夜はたまたま、ということも……」%K%P
「ですが、今夜はたまたま、ということも……」%K%P
「もう……。希実ちゃんは、僕と綾香さんになにか間違いがあってほしいの？」%K%P
「もう……。希実ちゃんは、僕と綾香さんになにか間違いがあってほしいの？」%K%P
「いっ、いえ、けして、そんなことは……」%K%P
「いっ、いえ、けして、そんなことは……」%K%P
毛布をかぶったまま、こそこそと会話を続ける。%K%P
毛布をかぶったまま、こそこそと会話を続ける。%K%P
大きな声は出せないから、声を聞き漏らさないよう、自然とお互いの顔は近くなった。%K%P
大きな声は出せないから、声を聞き漏らさないよう、自然とお互いの顔は近くなった。%K%P
「……ただ、いずみ様も男の人、ですから」%K%P
「……ただ、いずみ様も男の人、ですから」%K%P
「万が一にも、綾香お姉ちゃんと、なにかその……いろいろとあったら困ります」%K%P
「万が一にも、綾香お姉ちゃんと、なにかその……いろいろとあったら困ります」%K%P
「お姉さん想いだね、希実ちゃんは」%K%P
「お姉さん想いだね、希実ちゃんは」%K%P
「違います。……さっきも言ったように、私が心配なのはいずみ様の方なんですよ？」%K%P
「違います。……さっきも言ったように、私が心配なのはいずみ様の方なんですよ？」%K%P
「私……？」%K%P
「私……？」%K%P
「だって……自分の好きな人が、綾香お姉ちゃんと同じ部屋で寝起きしているんです」%K%P
「だって……自分の好きな人が、綾香お姉ちゃんと同じ部屋で寝起きしているんです」%K%P
「お姉ちゃんは素敵な人ですから。いつ、心惹かれてしまうとも限りません」%K%P
「お姉ちゃんは素敵な人ですから。いつ、心惹かれてしまうとも限りません」%K%P
「そんなの……気になるのが当たり前です」%K%P
「そんなの……気になるのが当たり前です」%K%P
「ま、待って。好きな人、って――」%K%P
「ま、待って。好きな人、って――」%K%P
「もちろん、いずみ様です」%K%P
「もちろん、いずみ様です」%K%P
「ッ……あ、あの、えっと……」%K%P
「ッ……あ、あの、えっと……」%K%P
思わず大声を出しそうになったけど、すぐ側で寝ている綾香さんの存在が、それを堪えさせた。%K%P
思わず大声を出しそうになったけど、すぐ側で寝ている綾香さんの存在が、それを堪えさせた。%K%P
毛布を被ってほとんど真っ暗に近い中、お互いの息の温度が分かるぐらいの距離で、いきなりの告白。%K%P
毛布を被ってほとんど真っ暗に近い中、お互いの息の温度が分かるぐらいの距離で、いきなりの告白。%K%P
それは、一瞬で僕の頭を真っ白にさせた。%K%P
それは、一瞬で僕の頭を真っ白にさせた。%K%P
「あっ、あの、えっと……希実ちゃん。とりあえず、今夜は部屋に戻った方が良いよ？」%K%P
「あっ、あの、えっと……希実ちゃん。とりあえず、今夜は部屋に戻った方が良いよ？」%K%P
「いやです」%K%P
「いやです」%K%P
「い、いやって……」%K%P
「い、いやって……」%K%P
「いずみ様と一緒に眠るチャンスなんて、今夜を逃したら、二度目はないと思うんです」%K%P
「いずみ様と一緒に眠るチャンスなんて、今夜を逃したら、二度目はないと思うんです」%K%P
「それに……私、いずみ様と離れたくありません」%K%P
「それに……私、いずみ様と離れたくありません」%K%P
「あっ……」%K%P
「あっ……」%K%P
気付けば、パジャマの裾にしがみつかれていた。%K%P
気付けば、パジャマの裾にしがみつかれていた。%K%P
くいっと引っ張られて、反射的に手を伸ばすと、今度はその手をしっかりと握られてしまう。%K%P
くいっと引っ張られて、反射的に手を伸ばすと、今度はその手をしっかりと握られてしまう。%K%P
「いずみ様の手って、綺麗で、柔らかいけど……でも、ほんのちょっと大きい気がします」%K%P
「いずみ様の手って、綺麗で、柔らかいけど……でも、ほんのちょっと大きい気がします」%K%P
「これってきっと……男の人だから、ですよね」%K%P
「これってきっと……男の人だから、ですよね」%K%P
「あ、あの、希実ちゃん……」%K%P
「あ、あの、希実ちゃん……」%K%P
布団をかぶって二人きり。すぐ側には綾香さんも寝ているのに、こんな展開になって。%K%P
布団をかぶって二人きり。すぐ側には綾香さんも寝ているのに、こんな展開になって。%K%P
心臓の鼓動がドキドキと早くなっていく中、希実ちゃんが、だんだんと僕に顔を近寄せてきた。%K%P
心臓の鼓動がドキドキと早くなっていく中、希実ちゃんが、だんだんと僕に顔を近寄せてきた。%K%P
「……いずみ様」%K%P
「……いずみ様」%K%P
薄暗い中、かろうじて見える希実ちゃんが、目を閉じて、唇をほんの少し突き出す。%K%P
薄暗い中、かろうじて見える希実ちゃんが、目を閉じて、唇をほんの少し突き出す。%K%P
その唇に見とれていたら――――いつの間にか、自分の唇に柔らかい感触が触れていた。%K%P
その唇に見とれていたら――――いつの間にか、自分の唇に柔らかい感触が触れていた。%K%P
「んっ……はぁ……」%K%P
「んっ……はぁ……」%K%P
「んんっ……あ、あ……」%K%P
「んんっ……あ、あ……」%K%P
唇が重なった瞬間、希実ちゃんが僕にしがみついてくると、いきなりキスが深くなる。%K%P
唇が重なった瞬間、希実ちゃんが僕にしがみついてくると、いきなりキスが深くなる。%K%P
「ん、はぁ……キス、しちゃいました」%K%P
「ん、はぁ……キス、しちゃいました」%K%P
「う、うん……」%K%P
「う、うん……」%K%P
「キスって、こんなに気持ちいいものなんですね。びっくりしちゃいました……」%K%P
「キスって、こんなに気持ちいいものなんですね。びっくりしちゃいました……」%K%P
「これで、いずみ様の素敵な声が、少しでも貰えちゃったらいいのに、なんて……えへへ……」%K%P
「これで、いずみ様の素敵な声が、少しでも貰えちゃったらいいのに、なんて……えへへ……」%K%P
自らキスをしてきたのに、そんなふうに照れた反応をされると、かえって困ってしまう。%K%P
自らキスをしてきたのに、そんなふうに照れた反応をされると、かえって困ってしまう。%K%P
でも、はにかんだ希実ちゃんはとびきり愛らしくて、さっき以上に、胸のドキドキがとまらない。%K%P
でも、はにかんだ希実ちゃんはとびきり愛らしくて、さっき以上に、胸のドキドキがとまらない。%K%P
「……あっ、こ、これ……」%K%P
「……あっ、こ、これ……」%K%P
「えっ？　あ、ちょっ……」%K%P
「えっ？　あ、ちょっ……」%K%P
希実ちゃんの手が、僕のあそこに触れる。%K%P
希実ちゃんの手が、僕のあそこに触れる。%K%P
暗がりの中でキスをして、強烈に希実ちゃんに女の子を感じたせいなのか。%K%P
暗がりの中でキスをして、強烈に希実ちゃんに女の子を感じたせいなのか。%K%P
どんなに女の子の格好をしていても、そこだけは絶対に誤魔化せない部分が元気になっていた。%K%P
どんなに女の子の格好をしていても、そこだけは絶対に誤魔化せない部分が元気になっていた。%K%P
「そ、そっちはほら、今は関係ないからっ……！」%K%P
「そ、そっちはほら、今は関係ないからっ……！」%K%P
「あっ、ダメですよ、いずみ様。しー、です」%K%P
「あっ、ダメですよ、いずみ様。しー、です」%K%P
「でないと、お姉ちゃんが起きてしまいます」%K%P
「でないと、お姉ちゃんが起きてしまいます」%K%P
人差し指で僕の唇を押さえながら、希実ちゃんがさらに声のトーンを落とす。%K%P
人差し指で僕の唇を押さえながら、希実ちゃんがさらに声のトーンを落とす。%K%P
「……あの、いずみ様。おっきくなっているところ、さわってみてもいいですか……？」%K%P
「……あの、いずみ様。おっきくなっているところ、さわってみてもいいですか……？」%K%P
「ど、どうして？」%K%P
「ど、どうして？」%K%P
「どうしても、です。……私、いずみ様のことなら、なんだって知りたいから」%K%P
「どうしても、です。……私、いずみ様のことなら、なんだって知りたいから」%K%P
状況がそうさせているのか、希実ちゃんは物怖じすることなく、僕をじっと見つめた。%K%P
状況がそうさせているのか、希実ちゃんは物怖じすることなく、僕をじっと見つめた。%K%P
「でも、そんなことされたら、間違いなく声が出ちゃうしっ……」%K%P
「でも、そんなことされたら、間違いなく声が出ちゃうしっ……」%K%P
「なら、私がいずみ様の唇を押さえておきます」%K%P
「なら、私がいずみ様の唇を押さえておきます」%K%P
「こうして……んっ、ちゅっ……」%K%P
「こうして……んっ、ちゅっ……」%K%P
「んッ……！　あ……はっ……ん、んむっ……」%K%P
「んッ……！　あ……はっ……ん、んむっ……」%K%P
今度はしっかりと唇を寄せてきた希実ちゃんは、僕に口付けながら、手探りで股間に触れてきた。%K%P
今度はしっかりと唇を寄せてきた希実ちゃんは、僕に口付けながら、手探りで股間に触れてきた。%K%P
「あ、はぁっ……」%K%P
「あ、はぁっ……」%K%P
希実ちゃんにあそこを撫でられた瞬間、堪え切れず、やっぱり声が出てしまう。%K%P
希実ちゃんにあそこを撫でられた瞬間、堪え切れず、やっぱり声が出てしまう。%K%P
けど、それが部屋に響くことはなかった。%K%P
けど、それが部屋に響くことはなかった。%K%P
「はぁ、あむっ……んっ……ちるっ、ちゅっ……」%K%P
「はぁ、あむっ……んっ……ちるっ、ちゅっ……」%K%P
直前の宣言通り、希実ちゃんは自らの唇で、僕の声をしっかりと閉じ込める。%K%P
直前の宣言通り、希実ちゃんは自らの唇で、僕の声をしっかりと閉じ込める。%K%P
吐息すら逃さず吸い上げるように、希実ちゃんは丁寧なキスを何度も何度も繰り返した。%K%P
吐息すら逃さず吸い上げるように、希実ちゃんは丁寧なキスを何度も何度も繰り返した。%K%P
「いずみ様の唇って、本当に柔らかい……」%K%P
「いずみ様の唇って、本当に柔らかい……」%K%P
「あの素敵な歌声の秘密は、この柔らかい唇に、あったりするんですか……？」%K%P
「あの素敵な歌声の秘密は、この柔らかい唇に、あったりするんですか……？」%K%P
「そ、そんなことっ……はっ、んんっ」%K%P
「そ、そんなことっ……はっ、んんっ」%K%P
「ちゅむっ……んんっ……れるっ、んっ……」%K%P
「ちゅむっ……んんっ……れるっ、んっ……」%K%P
「はっ……ん、ああっ……」%K%P
「はっ……ん、ああっ……」%K%P
キスのたびに身体が密着すると、どうしても、服の向こう側にある膨らみに意識が向かう。%K%P
キスのたびに身体が密着すると、どうしても、服の向こう側にある膨らみに意識が向かう。%K%P
「……いずみ様、すごくあったかい……」%K%P
「……いずみ様、すごくあったかい……」%K%P
「はっ、ああっ……」%K%P
「はっ、ああっ……」%K%P
僕の股間を探る優しい手つきは、最初こそ遠慮がちだったけど、次第に大胆になっていった。%K%P
僕の股間を探る優しい手つきは、最初こそ遠慮がちだったけど、次第に大胆になっていった。%K%P
「希実ちゃん、恥ずかしく、ないの……？」%K%P
「希実ちゃん、恥ずかしく、ないの……？」%K%P
「それはもちろん、恥ずかしいですけど……」%K%P
「それはもちろん、恥ずかしいですけど……」%K%P
「でも、照れるいずみ様を見ていたら、なんだか、私もドキドキしてきて……」%K%P
「でも、照れるいずみ様を見ていたら、なんだか、私もドキドキしてきて……」%K%P
「……でも、こうして男の人の大切な場所をさわっていても、まだ、ちょっと信じられません」%K%P
「……でも、こうして男の人の大切な場所をさわっていても、まだ、ちょっと信じられません」%K%P
「な、なにを？」%K%P
「な、なにを？」%K%P
「いずみ様が男の人だ、ってことがですっ……んっ、ちゅっ、はむっ」%K%P
「いずみ様が男の人だ、ってことがですっ……んっ、ちゅっ、はむっ」%K%P
「はっ、あっ……んっ、んんむっ」%K%P
「はっ、あっ……んっ、んんむっ」%K%P
「れるっ……ちゅっ、んっ……はむっ、んっ」%K%P
「れるっ……ちゅっ、んっ……はむっ、んっ」%K%P
「……いずみ様、おおきな声が出そうになったら、キスで我慢してくださいね……？」%K%P
「……いずみ様、おおきな声が出そうになったら、キスで我慢してくださいね……？」%K%P
「んっ……」%K%P
「んっ……」%K%P
浸透していく心地良さが手足から力を奪っていく中で、股間だけがさらに熱をもっていく。%K%P
浸透していく心地良さが手足から力を奪っていく中で、股間だけがさらに熱をもっていく。%K%P
「あっ、動いた……」%K%P
「あっ、動いた……」%K%P
「いっ……は、やっ……」%K%P
「いっ……は、やっ……」%K%P
手元を確認するように呟く希実ちゃんの言葉のひとつひとつが、僕をじわじわと溶かしていく。%K%P
手元を確認するように呟く希実ちゃんの言葉のひとつひとつが、僕をじわじわと溶かしていく。%K%P
「はっ、やっ……それ以上は、本当にっ……んっ、は、ああっ……」%K%P
「はっ、やっ……それ以上は、本当にっ……んっ、は、ああっ……」%K%P
「んっ……れるっ、ちゅっ……はあっ、んっ……」%K%P
「んっ……れるっ、ちゅっ……はあっ、んっ……」%K%P
「あっ……あそこ、ビクビクしながら、どんどん起きあがってきて……」%K%P
「あっ……あそこ、ビクビクしながら、どんどん起きあがってきて……」%K%P
「手の中で、いずみ様がどんどん熱くなって……あ、あぁ……すごく、不思議……」%K%P
「手の中で、いずみ様がどんどん熱くなって……あ、あぁ……すごく、不思議……」%K%P
「やっ……は、ああっ……」%K%P
「やっ……は、ああっ……」%K%P
快感で腰が浮き上がり、堪えようとしてお尻に力を入れると、かえってペニスが勃起してしまう。%K%P
快感で腰が浮き上がり、堪えようとしてお尻に力を入れると、かえってペニスが勃起してしまう。%K%P
このシチュエーションではなにをしても逆効果で、声を我慢することすら、快感に変わった。%K%P
このシチュエーションではなにをしても逆効果で、声を我慢することすら、快感に変わった。%K%P
「希実ちゃん、これ、だめ、声がっ……」%K%P
「希実ちゃん、これ、だめ、声がっ……」%K%P
「んっ……れるっ、ちゅっ……ん、んんっ」%K%P
「んっ……れるっ、ちゅっ……ん、んんっ」%K%P
「はふっ、んっ……んあっ、あ、ふぅっ……」%K%P
「はふっ、んっ……んあっ、あ、ふぅっ……」%K%P
キスの心地良さに股間が膨らみ、その膨らみを撫でられて声が出そうになると、またキスがやってくる。%K%P
キスの心地良さに股間が膨らみ、その膨らみを撫でられて声が出そうになると、またキスがやってくる。%K%P
そのサイクルには際限がなく、繰り返すほどに上手くなっていくキスと愛撫で、快感が束ねられていく。%K%P
そのサイクルには際限がなく、繰り返すほどに上手くなっていくキスと愛撫で、快感が束ねられていく。%K%P
「あぁ……いずみ様のあそこが、さっきからずっと、びくびく震えて……これ、すごい……」%K%P
「あぁ……いずみ様のあそこが、さっきからずっと、びくびく震えて……これ、すごい……」%K%P
「あっ、イッ……はあっ、それ以上は、だめ、ほんとにっ……」%K%P
「あっ、イッ……はあっ、それ以上は、だめ、ほんとにっ……」%K%P
思わず身悶えると、しっかりと包み込んでいた希実ちゃんの手が、かえって強い刺激を生んでしまう。%K%P
思わず身悶えると、しっかりと包み込んでいた希実ちゃんの手が、かえって強い刺激を生んでしまう。%K%P
声を堪えようとすればするほど、身体の熱が股間へと集まって、それを押しとどめることが出来ない。%K%P
声を堪えようとすればするほど、身体の熱が股間へと集まって、それを押しとどめることが出来ない。%K%P
「ご、ごめん、出ちゃう……いく、いッ……」%K%P
「ご、ごめん、出ちゃう……いく、いッ……」%K%P
「い、いく……って、あ、は、はいっ……」%K%P
「い、いく……って、あ、は、はいっ……」%K%P
射精の前兆を感じて思わず口をついて出た言葉に、希実ちゃんは驚きながらも頷いた。%K%P
射精の前兆を感じて思わず口をついて出た言葉に、希実ちゃんは驚きながらも頷いた。%K%P
「わ、私なら、大丈夫です。どんなことがあっても、いずみ様を好きな気持ちは変わりませんっ……」%K%P
「わ、私なら、大丈夫です。どんなことがあっても、いずみ様を好きな気持ちは変わりませんっ……」%K%P
「だから、気にせずに、このまま……んっ、はむっ、れるるっ……ちゅっ、んんっ……」%K%P
「だから、気にせずに、このまま……んっ、はむっ、れるるっ……ちゅっ、んんっ……」%K%P
「はふっ、はっ……んむッ……！」%K%P
「はふっ、はっ……んむッ……！」%K%P
唇と手の平、二つの柔らかな感触に導かれて、精子が外に向かって飛び出していく。%K%P
唇と手の平、二つの柔らかな感触に導かれて、精子が外に向かって飛び出していく。%K%P
「あっ……あ、ああっ、いずみ様のあそこが、すごいっ……んっ、ちゅっ……んんっ」%K%P
「あっ……あ、ああっ、いずみ様のあそこが、すごいっ……んっ、ちゅっ……んんっ」%K%P
「ふやっ……は、あっ……手が、とても熱くて、ヌルヌルして……」%K%P
「ふやっ……は、あっ……手が、とても熱くて、ヌルヌルして……」%K%P
「……これが、いずみ様の……」%K%P
「……これが、いずみ様の……」%K%P
「あっ……はぁ、あぁ……だ、出しちゃった……」%K%P
「あっ……はぁ、あぁ……だ、出しちゃった……」%K%P
まさかこんな形で、しかも希実ちゃん相手に射精してしまうだなんて――――、%K%P
まさかこんな形で、しかも希実ちゃん相手に射精してしまうだなんて――――、%K%P
「あっ……あそこ、まだ、硬いままで……」%K%P
「あっ……あそこ、まだ、硬いままで……」%K%P
「んッ……！」%K%P
「んッ……！」%K%P
イッたばかりのペニスを撫でられ、その刺激のせいで、腰が勝手に浮いてしまう。%K%P
イッたばかりのペニスを撫でられ、その刺激のせいで、腰が勝手に浮いてしまう。%K%P
「あそこって、出した後も敏感なんですね……」%K%P
「あそこって、出した後も敏感なんですね……」%K%P
どこかうっとりと呟いた希実ちゃんは、僕の息子から手を離そうとはしなかった。%K%P
どこかうっとりと呟いた希実ちゃんは、僕の息子から手を離そうとはしなかった。%K%P
優しい手つきで撫でられると、かえって気持ち良さが増して、そのたびに身をよじってしまう。%K%P
優しい手つきで撫でられると、かえって気持ち良さが増して、そのたびに身をよじってしまう。%K%P
「希実ちゃん、出来れば、そろそろ手を……」%K%P
「希実ちゃん、出来れば、そろそろ手を……」%K%P
「……あの、いずみ様」%K%P
「……あの、いずみ様」%K%P
「な、なに？」%K%P
「な、なに？」%K%P
「この、たくさん出た白いのって、本当なら……女性のあそこの中に、出すものなんですよね？」%K%P
「この、たくさん出た白いのって、本当なら……女性のあそこの中に、出すものなんですよね？」%K%P
「そっ……それは、まあ、そうだけど……」%K%P
「そっ……それは、まあ、そうだけど……」%K%P
ガード不能な質問に誤魔化しようもなく頷くと、希実ちゃんの息を呑む音が聞こえた。%K%P
ガード不能な質問に誤魔化しようもなく頷くと、希実ちゃんの息を呑む音が聞こえた。%K%P
「こんなに大きくて、入るんでしょうか……？」%K%P
「こんなに大きくて、入るんでしょうか……？」%K%P
「そ、それは……したことがないから、わからないけど……」%K%P
「そ、それは……したことがないから、わからないけど……」%K%P
「……それなら、してみませんか……？」%K%P
「……それなら、してみませんか……？」%K%P
「えっ？」%K%P
「えっ？」%K%P
「私……いずみ様と、エッチがしたいです」%K%P
「私……いずみ様と、エッチがしたいです」%K%P
呟いた希実ちゃんは、キスをするために寄りかかっていた僕からゆっくりと離れる。%K%P
呟いた希実ちゃんは、キスをするために寄りかかっていた僕からゆっくりと離れる。%K%P
「……私からお願いしたので、いずみ様は、どうかそのままでいてください」%K%P
「……私からお願いしたので、いずみ様は、どうかそのままでいてください」%K%P
「ま、待って、希実ちゃんっ……」%K%P
「ま、待って、希実ちゃんっ……」%K%P
なんとか起きあがろうとしたけれど、それより早く、希実ちゃんは仰向けの僕にまたがった。%K%P
なんとか起きあがろうとしたけれど、それより早く、希実ちゃんは仰向けの僕にまたがった。%K%P
「んっ……あっ、あわわっ……」%K%P
「んっ……あっ、あわわっ……」%K%P
「の、希実ちゃんっ……」%K%P
「の、希実ちゃんっ……」%K%P
僕のあそこに自ら秘所を擦りつけるようにまたがった希実ちゃんが、よろけてバランスを崩す。%K%P
僕のあそこに自ら秘所を擦りつけるようにまたがった希実ちゃんが、よろけてバランスを崩す。%K%P
慌てて手を伸ばすと、希実ちゃんはそれをぎゅっと握り、なんとか体勢を保った。%K%P
慌てて手を伸ばすと、希実ちゃんはそれをぎゅっと握り、なんとか体勢を保った。%K%P
「すっ、すみません……。いずみ様とこすれたら、全身、びくって電気が走ったみたいになって……」%K%P
「すっ、すみません……。いずみ様とこすれたら、全身、びくって電気が走ったみたいになって……」%K%P
「希実ちゃん、本当にするの……？」%K%P
「希実ちゃん、本当にするの……？」%K%P
交わす声は相変わらず小さくて、かろうじて相手に聞こえるぐらいの声量しかない。%K%P
交わす声は相変わらず小さくて、かろうじて相手に聞こえるぐらいの声量しかない。%K%P
「いずみ様は、いや、ですか……？」%K%P
「いずみ様は、いや、ですか……？」%K%P
「そんなことは、ないけど……」%K%P
「そんなことは、ないけど……」%K%P
ただ、あまりにも急な展開と、積極的な希実ちゃんに、完全に翻弄されてしまっている。%K%P
ただ、あまりにも急な展開と、積極的な希実ちゃんに、完全に翻弄されてしまっている。%K%P
「……本当に、僕でいいの？」%K%P
「……本当に、僕でいいの？」%K%P
「いずみ様が、いいんです」%K%P
「いずみ様が、いいんです」%K%P
柔らかな秘裂を亀頭に押し当てた直後、そっと告げられた一言は、さっきの告白よりも胸に響いた。%K%P
柔らかな秘裂を亀頭に押し当てた直後、そっと告げられた一言は、さっきの告白よりも胸に響いた。%K%P
「……声は、頑張って我慢します。どんなことがあっても、大きな声は、けして出しません」%K%P
「……声は、頑張って我慢します。どんなことがあっても、大きな声は、けして出しません」%K%P
「だから、お願いです。いずみ様」%K%P
「だから、お願いです。いずみ様」%K%P
希実ちゃんに懇願されると、どうしても弱い。%K%P
希実ちゃんに懇願されると、どうしても弱い。%K%P
「……お互い、声、我慢しようね」%K%P
「……お互い、声、我慢しようね」%K%P
「はいっ……」%K%P
「はいっ……」%K%P
これからエッチをするとは思えない笑顔で頷いた希実ちゃんの腰が、ゆっくりと降りてくる。%K%P
これからエッチをするとは思えない笑顔で頷いた希実ちゃんの腰が、ゆっくりと降りてくる。%K%P
「あっ、あぁ……」%K%P
「あっ、あぁ……」%K%P
まだ精子が少し残っている亀頭に、柔らかな割れ目がふにっと重なる。%K%P
まだ精子が少し残っている亀頭に、柔らかな割れ目がふにっと重なる。%K%P
握りあう手に力がこもると、希実ちゃんがじりじりと、ゆっくり腰を近寄せてきた。%K%P
握りあう手に力がこもると、希実ちゃんがじりじりと、ゆっくり腰を近寄せてきた。%K%P
「んッ……くぅッ……」%K%P
「んッ……くぅッ……」%K%P
唇をきつく結んだ希実ちゃんの秘所と、僕のペニスが、時間をかけて少しずつ連結していく。%K%P
唇をきつく結んだ希実ちゃんの秘所と、僕のペニスが、時間をかけて少しずつ連結していく。%K%P
さっきまでペニスを包んでいた手の平とは比べものにならない圧力が、先端を捉え、飲み込んでいった。%K%P
さっきまでペニスを包んでいた手の平とは比べものにならない圧力が、先端を捉え、飲み込んでいった。%K%P
「はっ、ああッ……！」%K%P
「はっ、ああッ……！」%K%P
「あぁ……」%K%P
「あぁ……」%K%P
希実ちゃんが少しだけ大きな声をあげた瞬間、ペニスを伝って、なにかが垂れていく。%K%P
希実ちゃんが少しだけ大きな声をあげた瞬間、ペニスを伝って、なにかが垂れていく。%K%P
暗がりの中でよくは見えないけど、おそらくそれが、希実ちゃんの初めての印に違いなかった。%K%P
暗がりの中でよくは見えないけど、おそらくそれが、希実ちゃんの初めての印に違いなかった。%K%P
「はっ……ふぅ、ふっ……んくっ」%K%P
「はっ……ふぅ、ふっ……んくっ」%K%P
泳げない子が水に顔をつけるように、目を閉じ、ぐっと堪える希実ちゃんの膣内に、亀頭が潜っていく。%K%P
泳げない子が水に顔をつけるように、目を閉じ、ぐっと堪える希実ちゃんの膣内に、亀頭が潜っていく。%K%P
「いずみさまっ……」%K%P
「いずみさまっ……」%K%P
「んっ……希実ちゃんっ……」%K%P
「んっ……希実ちゃんっ……」%K%P
お互いの名前を呼びながら、手をきつく握りあう。%K%P
お互いの名前を呼びながら、手をきつく握りあう。%K%P
こうして手を握り合っていなければ、きっと、どちらかが大きな声をあげていたに違いない。%K%P
こうして手を握り合っていなければ、きっと、どちらかが大きな声をあげていたに違いない。%K%P
僕と希実ちゃんは、性器だけでなく、両手でもしっかりと繋がり、支え合った。%K%P
僕と希実ちゃんは、性器だけでなく、両手でもしっかりと繋がり、支え合った。%K%P
「あっ……中で、びくって……はっ、ああぁ……」%K%P
「あっ……中で、びくって……はっ、ああぁ……」%K%P
「いずみ様のおっきいのが、中にっ……はあぁ、なかに、いっぱいっ……はぅ、んあぁッ……」%K%P
「いずみ様のおっきいのが、中にっ……はあぁ、なかに、いっぱいっ……はぅ、んあぁッ……」%K%P
「はっ、はあっ……んくッ……」%K%P
「はっ、はあっ……んくッ……」%K%P
少し大きめの声を漏らす希実ちゃんの中に、僕のペニスが完全に埋没する。%K%P
少し大きめの声を漏らす希実ちゃんの中に、僕のペニスが完全に埋没する。%K%P
「あぁ……はいっちゃった……」%K%P
「あぁ……はいっちゃった……」%K%P
「んっ……はい、私の中に、いずみ様が……ちゃんと入ってるの、わかりますっ……」%K%P
「んっ……はい、私の中に、いずみ様が……ちゃんと入ってるの、わかりますっ……」%K%P
堪える声は色っぽさがあり、でも少しだけ幼くて、その声が膣と一緒に僕を包み込んでいく。%K%P
堪える声は色っぽさがあり、でも少しだけ幼くて、その声が膣と一緒に僕を包み込んでいく。%K%P
「はあっ……でも、入れただけで、こんな、お腹がいっぱいにっ……」%K%P
「はあっ……でも、入れただけで、こんな、お腹がいっぱいにっ……」%K%P
「はうっ……くっ、ぐっ……いずみ様の、おっきっ……ぐっ、んんッ……」%K%P
「はうっ……くっ、ぐっ……いずみ様の、おっきっ……ぐっ、んんッ……」%K%P
「希実ちゃん、無理には――」%K%P
「希実ちゃん、無理には――」%K%P
「だいじょうぶ、ですっ……このぐらいは、どうってこと、ないですっ……」%K%P
「だいじょうぶ、ですっ……このぐらいは、どうってこと、ないですっ……」%K%P
「いずみ様とひとつになれる喜びに比べたら、こんなの、ぜんぜんっ……んくッ、んんぅっ……」%K%P
「いずみ様とひとつになれる喜びに比べたら、こんなの、ぜんぜんっ……んくッ、んんぅっ……」%K%P
「わ、わかったから、あんまり喋らないで」%K%P
「わ、わかったから、あんまり喋らないで」%K%P
「あとは、僕が出来るだけ……ね？」%K%P
「あとは、僕が出来るだけ……ね？」%K%P
小さく頷いた希実ちゃんの身体が、さっきよりも少しだけ重たく感じる。%K%P
小さく頷いた希実ちゃんの身体が、さっきよりも少しだけ重たく感じる。%K%P
それは、ここから先を僕に委ねてくれた証だから、そんな希実ちゃんの気持ちに応えたくて、そっとそっと、優しく腰を使った。%K%P
それは、ここから先を僕に委ねてくれた証だから、そんな希実ちゃんの気持ちに応えたくて、そっとそっと、優しく腰を使った。%K%P
「はっ、あぁっ……」%K%P
「はっ、あぁっ……」%K%P
短い吐息と共に膣が締まり、両手にも力がこもる。%K%P
短い吐息と共に膣が締まり、両手にも力がこもる。%K%P
その両手でバランスをとりつつ、希実ちゃんの身体に負担が掛からないよう、優しく揺すっていく。%K%P
その両手でバランスをとりつつ、希実ちゃんの身体に負担が掛からないよう、優しく揺すっていく。%K%P
「はっ、はあぁ……あ、あぁ……っ」%K%P
「はっ、はあぁ……あ、あぁ……っ」%K%P
「ど、どう……？　このぐらいなら平気……？」%K%P
「ど、どう……？　このぐらいなら平気……？」%K%P
「はいっ……最初より、ぜんぜん、こっちのほうが……んっ、はあっ」%K%P
「はいっ……最初より、ぜんぜん、こっちのほうが……んっ、はあっ」%K%P
「ゆらゆら動くと、腰がびくって浮いて……はっ、あぁ……んっ、そのたび、中でこすれてっ……」%K%P
「ゆらゆら動くと、腰がびくって浮いて……はっ、あぁ……んっ、そのたび、中でこすれてっ……」%K%P
「お願いです、そのまま、もっとっ……はぁっ、あ、んっ……」%K%P
「お願いです、そのまま、もっとっ……はぁっ、あ、んっ……」%K%P
問い掛けに応える希実ちゃんの声からは、さっきまで滲んでいた、苦悶や我慢がいくらか消えていた。%K%P
問い掛けに応える希実ちゃんの声からは、さっきまで滲んでいた、苦悶や我慢がいくらか消えていた。%K%P
それにホッとしながら、拙いなりに一生懸命腰を動かして、希実ちゃんに心地良さを送り込む。%K%P
それにホッとしながら、拙いなりに一生懸命腰を動かして、希実ちゃんに心地良さを送り込む。%K%P
「んくっ……ああっ、さっきから、身体の奥が、どんどん熱くなってっ……」%K%P
「んくっ……ああっ、さっきから、身体の奥が、どんどん熱くなってっ……」%K%P
「いずみさま、わたし、わたしっ……んぅんっ」%K%P
「いずみさま、わたし、わたしっ……んぅんっ」%K%P
「うんっ……これ、僕もっ……」%K%P
「うんっ……これ、僕もっ……」%K%P
呼吸を乱す希実ちゃんを見上げながら、火照る身体を、繰り返し繰り返し、優しく揺らして、突き上げる。%K%P
呼吸を乱す希実ちゃんを見上げながら、火照る身体を、繰り返し繰り返し、優しく揺らして、突き上げる。%K%P
希実ちゃんを気遣う動きは、僕自身とも相性が良かったらしく、快感はどんどん膨らんでいった。%K%P
希実ちゃんを気遣う動きは、僕自身とも相性が良かったらしく、快感はどんどん膨らんでいった。%K%P
「はあっ、あっ……いずみ様、これ、私もう、そんなにっ……これ、我慢がっ……はっ、ああっ」%K%P
「はあっ、あっ……いずみ様、これ、私もう、そんなにっ……これ、我慢がっ……はっ、ああっ」%K%P
「んっ……それなら、このままっ……」%K%P
「んっ……それなら、このままっ……」%K%P
「はいっ、このままっ……このまま、いずみ様と一緒に、このままっ……」%K%P
「はいっ、このままっ……このまま、いずみ様と一緒に、このままっ……」%K%P
頷いた希実ちゃんの腰が、ほんの少しだけ、僕を誘うように前後する。%K%P
頷いた希実ちゃんの腰が、ほんの少しだけ、僕を誘うように前後する。%K%P
健気な腰のスライドによって生まれた快感は、僕のペニスを、さらに奥へと導いていった。%K%P
健気な腰のスライドによって生まれた快感は、僕のペニスを、さらに奥へと導いていった。%K%P
「んはっ……く、うぅんッ」%K%P
「んはっ……く、うぅんッ」%K%P
「いずみさま、わたしもうっ……これ、ダメです、だめ、気持ち良くて……ひぐっ、んんっ……」%K%P
「いずみさま、わたしもうっ……これ、ダメです、だめ、気持ち良くて……ひぐっ、んんっ……」%K%P
「大丈夫、支えてるから、そのままっ……」%K%P
「大丈夫、支えてるから、そのままっ……」%K%P
さっき射精まで導いてもらった分、今度は、僕が希実ちゃんの力になりたくて。%K%P
さっき射精まで導いてもらった分、今度は、僕が希実ちゃんの力になりたくて。%K%P
快感をギリギリまで堪えつつ、希実ちゃんのことを想い続けながら、休まずに腰を揺すった。%K%P
快感をギリギリまで堪えつつ、希実ちゃんのことを想い続けながら、休まずに腰を揺すった。%K%P
「はっ、はっ……あ、だめ、いっ……はっ、いずみ様、だめっ、だめです、わたしッ……はあッ」%K%P
「はっ、はっ……あ、だめ、いっ……はっ、いずみ様、だめっ、だめです、わたしッ……はあッ」%K%P
絶頂が近いことを教えるように、希実ちゃんの膣が、息子にぎゅっとしがみつく。%K%P
絶頂が近いことを教えるように、希実ちゃんの膣が、息子にぎゅっとしがみつく。%K%P
それは同時に、僕自身の限界でもあった。%K%P
それは同時に、僕自身の限界でもあった。%K%P
「希実ちゃん、一緒にっ……」%K%P
「希実ちゃん、一緒にっ……」%K%P
「はいっ、いっしょっ……いっしょがいい、いいですっ、いずみ様と一緒がっ……」%K%P
「はいっ、いっしょっ……いっしょがいい、いいですっ、いずみ様と一緒がっ……」%K%P
「はっ、ああっ……ほんとにもう、んくっ……んっ、んんっ……は、ぐッ、んぅんんッ……！」%K%P
「はっ、ああっ……ほんとにもう、んくっ……んっ、んんっ……は、ぐッ、んぅんんッ……！」%K%P
「はっ、ああっ……んっ……はぁ、あぁ……」%K%P
「はっ、ああっ……んっ……はぁ、あぁ……」%K%P
「あついの、お腹にいっぱいっ……は、あぁ……はあっ……く、んんっ……」%K%P
「あついの、お腹にいっぱいっ……は、あぁ……はあっ……く、んんっ……」%K%P
射精した瞬間、希実ちゃんを押し上げるように腰が震え、熱い固まりが彼女の中へ流れ込んでいく。%K%P
射精した瞬間、希実ちゃんを押し上げるように腰が震え、熱い固まりが彼女の中へ流れ込んでいく。%K%P
「あぁ……あ、はあっ……」%K%P
「あぁ……あ、はあっ……」%K%P
「はぁ……あ、あぁ……いずみ様っ……」%K%P
「はぁ……あ、あぁ……いずみ様っ……」%K%P
どうにか声を堪えるけど、それでも、薄く開いた唇の隙間からは微かに吐息が漏れてしまう。%K%P
どうにか声を堪えるけど、それでも、薄く開いた唇の隙間からは微かに吐息が漏れてしまう。%K%P
「……希実ちゃん、大丈夫……？」%K%P
「……希実ちゃん、大丈夫……？」%K%P
「は、はいっ……っと、ああっ……？」%K%P
「は、はいっ……っと、ああっ……？」%K%P
「あっ……とと」%K%P
「あっ……とと」%K%P
力が抜けたのか、希実ちゃんの身体が傾く。%K%P
力が抜けたのか、希実ちゃんの身体が傾く。%K%P
ここで腰を使ったら大変なことになってしまうので、握った手だけで、どうにか希実ちゃんを支えた。%K%P
ここで腰を使ったら大変なことになってしまうので、握った手だけで、どうにか希実ちゃんを支えた。%K%P
「あ、ありがとうございます……」%K%P
「あ、ありがとうございます……」%K%P
「その、最後のほうで、すごく気持ち良くなってしまって……それで、意識が飛びかけて……」%K%P
「その、最後のほうで、すごく気持ち良くなってしまって……それで、意識が飛びかけて……」%K%P
「危うく、大声を上げちゃうところでした……」%K%P
「危うく、大声を上げちゃうところでした……」%K%P
「うん、僕も……」%K%P
「うん、僕も……」%K%P
正直なところ、最後までよく我慢できた、と思う。%K%P
正直なところ、最後までよく我慢できた、と思う。%K%P
射精の間際とか、危ないところは何度かあったけれど、そのたびに希実ちゃんの手を強く握ることで、なんとか堪えることが出来た。%K%P
射精の間際とか、危ないところは何度かあったけれど、そのたびに希実ちゃんの手を強く握ることで、なんとか堪えることが出来た。%K%P
「……あの、いずみ様。今日は、このままここで眠らせてもらってもいいですか……？」%K%P
「……あの、いずみ様。今日は、このままここで眠らせてもらってもいいですか……？」%K%P
「もちろん、お姉ちゃんが起きる前に、こっそりと出て行きますから」%K%P
「もちろん、お姉ちゃんが起きる前に、こっそりと出て行きますから」%K%P
「……もう、しょうがないんだから」%K%P
「……もう、しょうがないんだから」%K%P
こんな状態の希実ちゃんを部屋に追い返す、なんてことが出来るはずもなくて、僕は頷いた。%K%P
こんな状態の希実ちゃんを部屋に追い返す、なんてことが出来るはずもなくて、僕は頷いた。%K%P
「じゃあ希実ちゃん、こっちに――」%K%P
「じゃあ希実ちゃん、こっちに――」%K%P
「ありがとうございます、いずみ様っ……」%K%P
「ありがとうございます、いずみ様っ……」%K%P
甘えた声で呟いた希実ちゃんは、倒れ込むようにして、そのまま僕に抱きついてくる。%K%P
甘えた声で呟いた希実ちゃんは、倒れ込むようにして、そのまま僕に抱きついてくる。%K%P
さすがにこのままの格好だとお互いに目の毒なので、毛布掛けなおしてから横になった。%K%P
さすがにこのままの格好だとお互いに目の毒なので、毛布掛けなおしてから横になった。%K%P
「ん？　なぁに？」%K%P
「ん？　なぁに？」%K%P
「……いずみ様に出会えて、私は本当に幸せです」%K%P
「……いずみ様に出会えて、私は本当に幸せです」%K%P
「どうしたの？　急に……」%K%P
「どうしたの？　急に……」%K%P
エッチの前の告白とは、また少し違った雰囲気に、思わず聞き返してしまう。%K%P
エッチの前の告白とは、また少し違った雰囲気に、思わず聞き返してしまう。%K%P
「前にお話したとおり、私は３ヶ月前のコンクールの日から、ずっと歌うことが怖かったんです」%K%P
「前にお話したとおり、私は３ヶ月前のコンクールの日から、ずっと歌うことが怖かったんです」%K%P
「あれこれ考えて、考えれば考えるほど、どうすればいいのかわからなくなって……挙げ句、{歌姫:ディーバ}を辞退して、色々な人に迷惑をかけて……」%K%P
「あれこれ考えて、考えれば考えるほど、どうすればいいのかわからなくなって……挙げ句、{歌姫:ディーバ}を辞退して、色々な人に迷惑をかけて……」%K%P
「もし、あのまま日々が過ぎていたら、私はきっと、歌うことを辞めていたと思います」%K%P
「もし、あのまま日々が過ぎていたら、私はきっと、歌うことを辞めていたと思います」%K%P
「でも、いずみ様に出会って……もう一度、歌いたい、って……そう思えるようになりました」%K%P
「でも、いずみ様に出会って……もう一度、歌いたい、って……そう思えるようになりました」%K%P
「……私、もう一度、歌ってもいいんですよね？」%K%P
「……私、もう一度、歌ってもいいんですよね？」%K%P
「もちろん、いいに決まってるよ」%K%P
「もちろん、いいに決まってるよ」%K%P
希実ちゃんの言葉が嬉しくて、即答してしまう。%K%P
希実ちゃんの言葉が嬉しくて、即答してしまう。%K%P
「それなら今度、希実ちゃんの歌、聞かせてくれる？」%K%P
「それなら今度、希実ちゃんの歌、聞かせてくれる？」%K%P
「はい、喜んで」%K%P
「はい、喜んで」%K%P
僕の申し出に微笑んだ希実ちゃんは、それから、ほんの少し表情を曇らせた。%K%P
僕の申し出に微笑んだ希実ちゃんは、それから、ほんの少し表情を曇らせた。%K%P
「……本当なら、{歌姫:ディーバ}として、いずみ様に歌をお聴かせしたかったんですけど……」%K%P
「……本当なら、{歌姫:ディーバ}として、いずみ様に歌をお聴かせしたかったんですけど……」%K%P
「希実ちゃん……」%K%P
「希実ちゃん……」%K%P
「って……そんなこと、無理なのはわかってるはずなのに……。ダメですね、ワガママを言って」%K%P
「って……そんなこと、無理なのはわかってるはずなのに……。ダメですね、ワガママを言って」%K%P
「歌うのが怖くなって、{歌姫:ディーバ}を辞退したからこそ、こうしていずみ様と出会えたのに……」%K%P
「歌うのが怖くなって、{歌姫:ディーバ}を辞退したからこそ、こうしていずみ様と出会えたのに……」%K%P
希実ちゃんの言うとおり、彼女が{歌姫:ディーバ}を辞退していなければ、この出会いはなかった。%K%P
希実ちゃんの言うとおり、彼女が{歌姫:ディーバ}を辞退していなければ、この出会いはなかった。%K%P
でも、だからといって、希実ちゃんが{歌姫:ディーバ}になれない――――という訳じゃない。%K%P
でも、だからといって、希実ちゃんが{歌姫:ディーバ}になれない――――という訳じゃない。%K%P
「それなら希実ちゃん、{歌姫:ディーバ}をやってみる？」%K%P
「それなら希実ちゃん、{歌姫:ディーバ}をやってみる？」%K%P
「えっ……？」%K%P
「えっ……？」%K%P
「僕はもともと代役だから。本当の{歌姫:ディーバ}が出られるのなら、僕は身を引くよ？」%K%P
「僕はもともと代役だから。本当の{歌姫:ディーバ}が出られるのなら、僕は身を引くよ？」%K%P
「いっ、いずみ様、なにを――――」%K%P
「いっ、いずみ様、なにを――――」%K%P
「希実ちゃんに、{歌姫:ディーバ}を務める覚悟があるのなら……僕はそれを応援する、ってこと」%K%P
「希実ちゃんに、{歌姫:ディーバ}を務める覚悟があるのなら……僕はそれを応援する、ってこと」%K%P
あえて覚悟という言葉を使ったのは、それが一筋縄ではいかないことだからだ。%K%P
あえて覚悟という言葉を使ったのは、それが一筋縄ではいかないことだからだ。%K%P
一度は辞退を宣言して、深皇祭の開催が危ぶまれる事態を起こしながら、今度は、復帰するという。%K%P
一度は辞退を宣言して、深皇祭の開催が危ぶまれる事態を起こしながら、今度は、復帰するという。%K%P
そんなことをすれば、希実ちゃんを良く思わない子だって、現れるに違いない。%K%P
そんなことをすれば、希実ちゃんを良く思わない子だって、現れるに違いない。%K%P
「……」%K%P
「……」%K%P
希実ちゃんは、それからしばらく考え込んでいたけれど、やがて、きっぱりと僕に告げた。%K%P
希実ちゃんは、それからしばらく考え込んでいたけれど、やがて、きっぱりと僕に告げた。%K%P
「……やります」%K%P
「……やります」%K%P
「うん。……じゃあ明日、法子さんや綾香さんに、このこと、相談してみよう？」%K%P
「うん。……じゃあ明日、法子さんや綾香さんに、このこと、相談してみよう？」%K%P
「うまく、いくでしょうか……？」%K%P
「うまく、いくでしょうか……？」%K%P
「大丈夫、なんとかなるよ。僕が側にいて、希実ちゃんを支えていてあげるから」%K%P
「大丈夫、なんとかなるよ。僕が側にいて、希実ちゃんを支えていてあげるから」%K%P
「……なんだか今夜のいずみ様は、{歌姫:ディーバ}というより{騎士:ワルキュリア}のようです」%K%P
「……なんだか今夜のいずみ様は、{歌姫:ディーバ}というより{騎士:ワルキュリア}のようです」%K%P
「ふふっ、そうかな……？」%K%P
「ふふっ、そうかな……？」%K%P
言われてまんざらでもなかったのは、歌姫よりも騎士のほうが、男としては嬉しい響きだったから、かもしれない。%K%P
言われてまんざらでもなかったのは、歌姫よりも騎士のほうが、男としては嬉しい響きだったから、かもしれない。%K%P
「もし本当に、私が{歌姫:ディーバ}を務めることができたら……そのときは、いずみ様に私の{騎士:ワルキュリア}を務めてもらいたいな……」%K%P
「もし本当に、私が{歌姫:ディーバ}を務めることができたら……そのときは、いずみ様に私の{騎士:ワルキュリア}を務めてもらいたいな……」%K%P
「それはさすがに無理だと思うけど……」%K%P
「それはさすがに無理だと思うけど……」%K%P
「それなら、{歌姫:ディーバ}に復帰したい、という話と一緒に、希望するだけ、してみてもいいですか？」%K%P
「それなら、{歌姫:ディーバ}に復帰したい、という話と一緒に、希望するだけ、してみてもいいですか？」%K%P
「うん、いいよ」%K%P
「うん、いいよ」%K%P
――――なんて、思わず頷いてしまったけど、それが現実になってしまうだなんて、その時の僕は、まさに『想像』もしていなかった。%K%P
――――なんて、思わず頷いてしまったけど、それが現実になってしまうだなんて、その時の僕は、まさに『想像』もしていなかった。%K%P
