写真を撮った後、ウィンドウショッピングを楽しみながら、僕らは公園に向った。%K%P
写真を撮った後、ウィンドウショッピングを楽しみながら、僕らは公園に向った。%K%P
女装をしてきたせいか、自然と女の子のファンションに詳しくなっている自分に驚いたりした。%K%P
女装をしてきたせいか、自然と女の子のファンションに詳しくなっている自分に驚いたりした。%K%P
「――さっきのお洋服、姉様に似合いそうでしたね」%K%P
「――さっきのお洋服、姉様に似合いそうでしたね」%K%P
「え、そうかな。けど、ことりちゃんの方が合いそうだったよ。シックだから、ことりちゃんの上品な感じにピッタリじゃないかな」%K%P
「え、そうかな。けど、ことりちゃんの方が合いそうだったよ。シックだから、ことりちゃんの上品な感じにピッタリじゃないかな」%K%P
「じょ、上品ですか？　わ、私はお嬢様とかじゃ無いですよ？　お父さんだって、普通の会社員ですし」%K%P
「じょ、上品ですか？　わ、私はお嬢様とかじゃ無いですよ？　お父さんだって、普通の会社員ですし」%K%P
「うーん、育ちも大事かもだけど、その人本来が持っている物の方が重要だと思う」%K%P
「うーん、育ちも大事かもだけど、その人本来が持っている物の方が重要だと思う」%K%P
美意識に鋭敏な西欧に暮らしていると、人々の感性に驚く事が多い――自然と僕も学ぶようになった。%K%P
美意識に鋭敏な西欧に暮らしていると、人々の感性に驚く事が多い――自然と僕も学ぶようになった。%K%P
「今は洋服に着られてしまうかもしれないけど、あと数年もすれば、しつらえたようになると思うよ。クラシカルなデザインだから、古くさくもならないだろうし」%K%P
「今は洋服に着られてしまうかもしれないけど、あと数年もすれば、しつらえたようになると思うよ。クラシカルなデザインだから、古くさくもならないだろうし」%K%P
「もー、兄様ったら……褒めすぎです。そこまでおっしゃってくれるのなら、お小遣いで買おうかなぁ」%K%P
「もー、兄様ったら……褒めすぎです。そこまでおっしゃってくれるのなら、お小遣いで買おうかなぁ」%K%P
「ふふ。それに、僕は姉様じゃなくて、兄様だからね。あまり似合っても、困るよ」%K%P
「ふふ。それに、僕は姉様じゃなくて、兄様だからね。あまり似合っても、困るよ」%K%P
「あ、そうですよね、えへへ……えっと、兄様、そろそろ、お待ちかねのお昼ごはんにしましょうか？」%K%P
「あ、そうですよね、えへへ……えっと、兄様、そろそろ、お待ちかねのお昼ごはんにしましょうか？」%K%P
公園の入り口から歩くこと数分。芝生が植えられた広いスペースにたどり着く。%K%P
公園の入り口から歩くこと数分。芝生が植えられた広いスペースにたどり着く。%K%P
ちらほらと、食事をとっているカップルや、家族連れの姿が見えた。%K%P
ちらほらと、食事をとっているカップルや、家族連れの姿が見えた。%K%P
「お、ようやくありつけそうだね。もう、お腹と背中がくっついちゃいそうだよ。さあ、食べようほら」%K%P
「お、ようやくありつけそうだね。もう、お腹と背中がくっついちゃいそうだよ。さあ、食べようほら」%K%P
「もう、そんなに慌てないで下さい。あそこの水道で手を洗ってからにしましょう」%K%P
「もう、そんなに慌てないで下さい。あそこの水道で手を洗ってからにしましょう」%K%P
「うわ、こんなに沢山作ってきてくれたんだ」%K%P
「うわ、こんなに沢山作ってきてくれたんだ」%K%P
「ね、言ったじゃないですか。一杯あるからって。おやつとか食べてたら、入りませんよ？」%K%P
「ね、言ったじゃないですか。一杯あるからって。おやつとか食べてたら、入りませんよ？」%K%P
卵とレタス、ハムとキュウリのサンドウィッチや玉子焼き。%K%P
卵とレタス、ハムとキュウリのサンドウィッチや玉子焼き。%K%P
唐揚げと、ポテトサラダ……それにジャーに入っているオニオンスープまである。%K%P
唐揚げと、ポテトサラダ……それにジャーに入っているオニオンスープまである。%K%P
僕はレジャーシートの上に広げられた色とりどりのおかずに目を奪われた。%K%P
僕はレジャーシートの上に広げられた色とりどりのおかずに目を奪われた。%K%P
「うん、どれもこれも美味しそうだね。これ、ことりちゃん一人で作ったの？」%K%P
「うん、どれもこれも美味しそうだね。これ、ことりちゃん一人で作ったの？」%K%P
「はいっ！　と言いたいところですけど、法子さんにも手伝ってもらいました。あ、でもでも、半分以上私が作ったんですよ？」%K%P
「はいっ！　と言いたいところですけど、法子さんにも手伝ってもらいました。あ、でもでも、半分以上私が作ったんですよ？」%K%P
「無理ないよ、昨日だって学園の授業があったから。あ、ということは、法子さん今日のデート、知ってるのかな？」%K%P
「無理ないよ、昨日だって学園の授業があったから。あ、ということは、法子さん今日のデート、知ってるのかな？」%K%P
「あ、そうですね。でもでも、姉様が兄様ということは言ってないので、多分大丈夫です」%K%P
「あ、そうですね。でもでも、姉様が兄様ということは言ってないので、多分大丈夫です」%K%P
「ふふ、ことりちゃん、法子さんが男の僕の歌を聴いたのが、そもそもの始まりだからね」%K%P
「ふふ、ことりちゃん、法子さんが男の僕の歌を聴いたのが、そもそもの始まりだからね」%K%P
「あぁ！　そ、そでした……あうう、私ったら、うっかりしてました」%K%P
「あぁ！　そ、そでした……あうう、私ったら、うっかりしてました」%K%P
恥ずかしそうに俯くことりちゃん。%K%P
恥ずかしそうに俯くことりちゃん。%K%P
僕の正体がバレないように気を使ってくれてるんだな……その心使いが嬉しかった。%K%P
僕の正体がバレないように気を使ってくれてるんだな……その心使いが嬉しかった。%K%P
「そういえば、ちょうどこのあたり……ここから見える所だったよ」%K%P
「そういえば、ちょうどこのあたり……ここから見える所だったよ」%K%P
「……ああ、歌ってた場所ですね」%K%P
「……ああ、歌ってた場所ですね」%K%P
「そう。あれからそんなに時間が経ってるわけでもないのに、なんだか懐かしい気がするよ」%K%P
「そう。あれからそんなに時間が経ってるわけでもないのに、なんだか懐かしい気がするよ」%K%P
父さん達を驚かせようとして、黙って帰国したのはいいけれど、タイミング悪く、すれ違ってしまって。%K%P
父さん達を驚かせようとして、黙って帰国したのはいいけれど、タイミング悪く、すれ違ってしまって。%K%P
オマケに家は改装中で、泊まる場所も無い……結構厳しい状況の時に、法子さんや綾香さんと知り合った。%K%P
オマケに家は改装中で、泊まる場所も無い……結構厳しい状況の時に、法子さんや綾香さんと知り合った。%K%P
思えば、不運ではなく、幸運だったのかも知れない……だって、深皇学園に入って、{歌姫:ディーバ}にならなかったら、ことりちゃんとこんな関係になれなかったのだから。%K%P
思えば、不運ではなく、幸運だったのかも知れない……だって、深皇学園に入って、{歌姫:ディーバ}にならなかったら、ことりちゃんとこんな関係になれなかったのだから。%K%P
「……さあ、ことりちゃん。折角のご馳走、いただこうよ」%K%P
「……さあ、ことりちゃん。折角のご馳走、いただこうよ」%K%P
「は、はい。あ、あのですね……私、兄様にお願いというか、させてもらいたいことがあるんですけど」%K%P
「は、はい。あ、あのですね……私、兄様にお願いというか、させてもらいたいことがあるんですけど」%K%P
「させてもらいたいこと？　うん、いいよ」%K%P
「させてもらいたいこと？　うん、いいよ」%K%P
「ほ、ほんとですか？　それじゃあですね……」%K%P
「ほ、ほんとですか？　それじゃあですね……」%K%P
「はい、兄様。お口開けて下さい。あーんして下さい」%K%P
「はい、兄様。お口開けて下さい。あーんして下さい」%K%P
「うぅ……こ、ことりちゃん、本当にするの？」%K%P
「うぅ……こ、ことりちゃん、本当にするの？」%K%P
「し、します。だって兄様、いいよって言って下さったじゃないですか。はい、あーんです」%K%P
「し、します。だって兄様、いいよって言って下さったじゃないですか。はい、あーんです」%K%P
ことりちゃんがお手本を見せるように、お口を開ける。%K%P
ことりちゃんがお手本を見せるように、お口を開ける。%K%P
君みたいに可愛い子がするならともかく、男の僕がするのって……相当恥ずかしいよ？%K%P
君みたいに可愛い子がするならともかく、男の僕がするのって……相当恥ずかしいよ？%K%P
うう、こんな所誰かに見られたら……%K%P
うう、こんな所誰かに見られたら……%K%P
辺りを見回す――うわ、子供達がしっかり見てる。%K%P
辺りを見回す――うわ、子供達がしっかり見てる。%K%P
「ね、ねえ、ことりちゃん。普通に食べない？　ほら、あそこの子供達とか、見てるよ？」%K%P
「ね、ねえ、ことりちゃん。普通に食べない？　ほら、あそこの子供達とか、見てるよ？」%K%P
「え？　あ、ホントだ！　うぅ……そうしま…………ううん、駄目、私が食べさせるんですっ」%K%P
「え？　あ、ホントだ！　うぅ……そうしま…………ううん、駄目、私が食べさせるんですっ」%K%P
「その、途中で止めてしまったらいけないかなって。ま、前の私だったらやめちゃってたけど、もう、違うんです」%K%P
「その、途中で止めてしまったらいけないかなって。ま、前の私だったらやめちゃってたけど、もう、違うんです」%K%P
「兄様に、私が成長した姿を覚えていて欲しいんです」%K%P
「兄様に、私が成長した姿を覚えていて欲しいんです」%K%P
その意気込みはとても素晴らしいと思うけど、これは別にやり遂げなくてもいいと思う。%K%P
その意気込みはとても素晴らしいと思うけど、これは別にやり遂げなくてもいいと思う。%K%P
ああ……駄目か、ことりちゃんはこうなったら引かないよね、うん。%K%P
ああ……駄目か、ことりちゃんはこうなったら引かないよね、うん。%K%P
「そこまで言うのなら……それじゃ、はい」%K%P
「そこまで言うのなら……それじゃ、はい」%K%P
「それじゃミートボールから……こっちの方が大きいかな。もっとお口、開けてください、あーん」%K%P
「それじゃミートボールから……こっちの方が大きいかな。もっとお口、開けてください、あーん」%K%P
あ、開けるの？　うう、恥ずかしいなぁ……%K%P
あ、開けるの？　うう、恥ずかしいなぁ……%K%P
「んん…………うん、美味しい。ん、なんだろう、このすうっと鼻に抜けるような感じ」%K%P
「んん…………うん、美味しい。ん、なんだろう、このすうっと鼻に抜けるような感じ」%K%P
「あ、ショウガです。家では、おネギと一緒に刻み込んで、風味をつけるんですよ」%K%P
「あ、ショウガです。家では、おネギと一緒に刻み込んで、風味をつけるんですよ」%K%P
「へぇー、ショウガなんだ。面白いよね、同じメニューでも家によって味や、入れる物が違ってくるから」%K%P
「へぇー、ショウガなんだ。面白いよね、同じメニューでも家によって味や、入れる物が違ってくるから」%K%P
そういえば、実家で食べるパスタと、お祖母ちゃんの家で食べるパスタでは、麺の太さから硬さから味付けまで全然違ったものね。%K%P
そういえば、実家で食べるパスタと、お祖母ちゃんの家で食べるパスタでは、麺の太さから硬さから味付けまで全然違ったものね。%K%P
「ふふ、それじゃ、今度は……なにが良いですか、兄様？」%K%P
「ふふ、それじゃ、今度は……なにが良いですか、兄様？」%K%P
「あ、あはは。それじゃ玉子焼きもらおうかな。あーん」%K%P
「あ、あはは。それじゃ玉子焼きもらおうかな。あーん」%K%P
目をキラキラさせて僕を見上げていることりちゃん。%K%P
目をキラキラさせて僕を見上げていることりちゃん。%K%P
もうこうなったらヤケだ……僕はエサを待つヒナのように大きく口を開けた。%K%P
もうこうなったらヤケだ……僕はエサを待つヒナのように大きく口を開けた。%K%P
「えっと、それじゃ玉子焼きです……はい、兄様」%K%P
「えっと、それじゃ玉子焼きです……はい、兄様」%K%P
「んん…………んん、あれ？　この玉子焼きって」%K%P
「んん…………んん、あれ？　この玉子焼きって」%K%P
ふわふわの生地に歯を立てる。外側は軽く焦げ目がついていて、中はとろっとろ……そこまでは良かったんだけど。%K%P
ふわふわの生地に歯を立てる。外側は軽く焦げ目がついていて、中はとろっとろ……そこまでは良かったんだけど。%K%P
「え、ど、どうかしました？　おかしいですか？　美味しくないですか！？」%K%P
「え、ど、どうかしました？　おかしいですか？　美味しくないですか！？」%K%P
「……美味しいんだけど……甘い……」%K%P
「……美味しいんだけど……甘い……」%K%P
砂糖……いや、蜂蜜かな？　まるでお菓子のような甘さが拡がる。スイーツみたいで美味しいけれど、オカズとしてはちょっと弱いかな。%K%P
砂糖……いや、蜂蜜かな？　まるでお菓子のような甘さが拡がる。スイーツみたいで美味しいけれど、オカズとしてはちょっと弱いかな。%K%P
「えっと、玉子焼きって甘い物ですよね？」%K%P
「えっと、玉子焼きって甘い物ですよね？」%K%P
「あ、そういうのもあるけど、家はダシで作ったしょっぱいのとか、チーズやベーコンの入ったのだったから、ちょっと驚いた」%K%P
「あ、そういうのもあるけど、家はダシで作ったしょっぱいのとか、チーズやベーコンの入ったのだったから、ちょっと驚いた」%K%P
「えー、そうなんですか！？　うう……ごめんなさい、兄様」%K%P
「えー、そうなんですか！？　うう……ごめんなさい、兄様」%K%P
しょんぼりとうなだれることりちゃん。%K%P
しょんぼりとうなだれることりちゃん。%K%P
ああ、そんな責めてる訳じゃないから……%K%P
ああ、そんな責めてる訳じゃないから……%K%P
「う、ううん。甘い玉子焼きも美味しいよ。一生懸命作ってきてくれたのにごめんね。その、許してくれる？」%K%P
「う、ううん。甘い玉子焼きも美味しいよ。一生懸命作ってきてくれたのにごめんね。その、許してくれる？」%K%P
「そ、そんなそんな、許すもなにも、怒ってませんし、あの、謝らないで下さいっ」%K%P
「そ、そんなそんな、許すもなにも、怒ってませんし、あの、謝らないで下さいっ」%K%P
ことりちゃんはフォローしてくれるものの、ショックを受けている事は明らかだ……悪いことしちゃったな。%K%P
ことりちゃんはフォローしてくれるものの、ショックを受けている事は明らかだ……悪いことしちゃったな。%K%P
「あの……お詫びといったら大げさかもだけど……」%K%P
「あの……お詫びといったら大げさかもだけど……」%K%P
「い、いいですよ、そんな……もう、兄様気を使いすぎです」%K%P
「い、いいですよ、そんな……もう、兄様気を使いすぎです」%K%P
「でも……そうだ、なにかして欲しいこととかないかな？　僕に出来ることだったら、なんでもＯＫだよ」%K%P
「でも……そうだ、なにかして欲しいこととかないかな？　僕に出来ることだったら、なんでもＯＫだよ」%K%P
「えっ？　し、して欲しいこと、ですか？　え、えっと……う～ん」%K%P
「えっ？　し、して欲しいこと、ですか？　え、えっと……う～ん」%K%P
指先を唇に当てて考え込むことりちゃん。ちょっと唐突だったかな。%K%P
指先を唇に当てて考え込むことりちゃん。ちょっと唐突だったかな。%K%P
うーんと小さく唸りながら考え込むこと数分、ことりちゃんが口を開く。%K%P
うーんと小さく唸りながら考え込むこと数分、ことりちゃんが口を開く。%K%P
「それじゃ……あの、こ、ことりにも……あーんしてくれませんか？」%K%P
「それじゃ……あの、こ、ことりにも……あーんしてくれませんか？」%K%P
「え？　そんなことでいいの？　なにか買って欲しいとかでも、いいのに」%K%P
「え？　そんなことでいいの？　なにか買って欲しいとかでも、いいのに」%K%P
と言っても、学生なのでそう高価な物は買えないけど……%K%P
と言っても、学生なのでそう高価な物は買えないけど……%K%P
僕の言葉に、ふるふると頭を振ることりちゃん。髪の毛がふわふわと舞い、日の光を受けて輝いた。%K%P
僕の言葉に、ふるふると頭を振ることりちゃん。髪の毛がふわふわと舞い、日の光を受けて輝いた。%K%P
「物よりも、その、兄様との思い出がいっぱい欲しいです……なーんて、えへへ」%K%P
「物よりも、その、兄様との思い出がいっぱい欲しいです……なーんて、えへへ」%K%P
ことりちゃんの言葉に胸がいっぱいになる。僕も、君との思いではいっぱい欲しいよ。%K%P
ことりちゃんの言葉に胸がいっぱいになる。僕も、君との思いではいっぱい欲しいよ。%K%P
「……ことりちゃん。うん、分った、それじゃ、食べさせてあげる。なにがいいかな？」%K%P
「……ことりちゃん。うん、分った、それじゃ、食べさせてあげる。なにがいいかな？」%K%P
「兄様が食べさせてくれるんでしたら、なんでも食べます！　あーん」%K%P
「兄様が食べさせてくれるんでしたら、なんでも食べます！　あーん」%K%P
「うん。それじゃことりちゃん、行くからね……んっと」%K%P
「うん。それじゃことりちゃん、行くからね……んっと」%K%P
ウインナーをお箸で掴む。それをことりちゃんのお口に近づけて……少し、照れる。%K%P
ウインナーをお箸で掴む。それをことりちゃんのお口に近づけて……少し、照れる。%K%P
「あーん…………んん…………んぅ…………」%K%P
「あーん…………んん…………んぅ…………」%K%P
「えっと……お、美味しい？」%K%P
「えっと……お、美味しい？」%K%P
「……んん……は、はい！　とっても！」%K%P
「……んん……は、はい！　とっても！」%K%P
ことりちゃんが唇をほころばせる。%K%P
ことりちゃんが唇をほころばせる。%K%P
「ふふ、考えてみればことりちゃんが作ったんだもんね、美味しいに決まってるか」%K%P
「ふふ、考えてみればことりちゃんが作ったんだもんね、美味しいに決まってるか」%K%P
「あぅ、そ、そんなこと……もう、兄様、お上手です」%K%P
「あぅ、そ、そんなこと……もう、兄様、お上手です」%K%P
「その……私にとって、兄様が食べさせてくれるだけで、兄様がしてくれるだけで、どんなことも特別なんですから」%K%P
「その……私にとって、兄様が食べさせてくれるだけで、兄様がしてくれるだけで、どんなことも特別なんですから」%K%P
「……うん、僕にとっても、ことりちゃんは特別だからね」%K%P
「……うん、僕にとっても、ことりちゃんは特別だからね」%K%P
「えへへ、同じですね。えっと、それじゃ、今度はお返しに……はい、あーんしてください」%K%P
「えへへ、同じですね。えっと、それじゃ、今度はお返しに……はい、あーんしてください」%K%P
ちょっと照れくさい昼食をとった後は、芝生に寝っ転がって、他愛もない話に興じる。%K%P
ちょっと照れくさい昼食をとった後は、芝生に寝っ転がって、他愛もない話に興じる。%K%P
話題はことりちゃんのクラスでの出来事や、夕陽ちゃんとの思い出話。%K%P
話題はことりちゃんのクラスでの出来事や、夕陽ちゃんとの思い出話。%K%P
僕は留学先での出来事や、子供の頃の記憶を語る。%K%P
僕は留学先での出来事や、子供の頃の記憶を語る。%K%P
楽しくて、笑えるような、過去のお話しばかり。%K%P
楽しくて、笑えるような、過去のお話しばかり。%K%P
……すぐ側に迫っている、これからの事を避けているかのようだった。%K%P
……すぐ側に迫っている、これからの事を避けているかのようだった。%K%P
「――ふふ、その{方:かた}、歌詞を忘れてどうしたんですか？　途中で止めるとかって出来ませんよね？」%K%P
「――ふふ、その{方:かた}、歌詞を忘れてどうしたんですか？　途中で止めるとかって出来ませんよね？」%K%P
「うん、そこそこ大規模なコンクールだったしね。だからね、その子、出身の国の言葉で、歌い始めたんだ。それが結構素敵でね」%K%P
「うん、そこそこ大規模なコンクールだったしね。だからね、その子、出身の国の言葉で、歌い始めたんだ。それが結構素敵でね」%K%P
「へぇ～、とっさにそんなことが出来るなんて、凄いですねっ」%K%P
「へぇ～、とっさにそんなことが出来るなんて、凄いですねっ」%K%P
「そう、機転が利くんだよね、彼。で、歌い終わった後僕聞いたの、やけに滑らかに歌ってたけどあれは何なのって」%K%P
「そう、機転が利くんだよね、彼。で、歌い終わった後僕聞いたの、やけに滑らかに歌ってたけどあれは何なのって」%K%P
「……そしたら、彼、一言……『ＣＭソング』だって、あはははは」%K%P
「……そしたら、彼、一言……『ＣＭソング』だって、あはははは」%K%P
「あは、それだったら歌えちゃいますよね。テレビのっていつの間にか覚えちゃいますし」%K%P
「あは、それだったら歌えちゃいますよね。テレビのっていつの間にか覚えちゃいますし」%K%P
二人の笑い声が重なり、青から橙へと変り始めた空に吸い込まれていく。%K%P
二人の笑い声が重なり、青から橙へと変り始めた空に吸い込まれていく。%K%P
遠くから夕暮れを知らせるかのように、チャイムが聞こえてきた。%K%P
遠くから夕暮れを知らせるかのように、チャイムが聞こえてきた。%K%P
「ふぅ……ん、結構陽が傾いてきたね。そろそろお開きにしようか。夕食の時間もあるから」%K%P
「ふぅ……ん、結構陽が傾いてきたね。そろそろお開きにしようか。夕食の時間もあるから」%K%P
「あ、そうですね。兄様は一度着替えないといけませんし」%K%P
「あ、そうですね。兄様は一度着替えないといけませんし」%K%P
「ん、そうだった。このまま帰ったら、大騒ぎになっちゃうからね、あはは……」%K%P
「ん、そうだった。このまま帰ったら、大騒ぎになっちゃうからね、あはは……」%K%P
「格好いい兄様を、夕ちゃんにも見せて上げたいですけどね、えへへ……」%K%P
「格好いい兄様を、夕ちゃんにも見せて上げたいですけどね、えへへ……」%K%P
足を踏み出そうとする……けれど、まるで地面に張り付いてしまったかのように、動かすことが出来ない。%K%P
足を踏み出そうとする……けれど、まるで地面に張り付いてしまったかのように、動かすことが出来ない。%K%P
ことりちゃんの視線が僕を捕らえる。柔らかな唇が、わずかなためらいの後、言葉を紡ぎ出した。%K%P
ことりちゃんの視線が僕を捕らえる。柔らかな唇が、わずかなためらいの後、言葉を紡ぎ出した。%K%P
「その……やっぱり、ちゃんと話さないと駄目だと思います」%K%P
「その……やっぱり、ちゃんと話さないと駄目だと思います」%K%P
「とても怖いけど。考えただけで、悲しくなっちゃうけど……でも、このままうやむやなのは、イヤです」%K%P
「とても怖いけど。考えただけで、悲しくなっちゃうけど……でも、このままうやむやなのは、イヤです」%K%P
「うん。僕が切り出すべきだった。ことりちゃんに言わせるなんて、情けない兄様だね」%K%P
「うん。僕が切り出すべきだった。ことりちゃんに言わせるなんて、情けない兄様だね」%K%P
僕が深皇学園に転入する切っ掛けとなった、深皇祭。%K%P
僕が深皇学園に転入する切っ掛けとなった、深皇祭。%K%P
そのメインイベントであるアリアも、無事済んだ。%K%P
そのメインイベントであるアリアも、無事済んだ。%K%P
留学先の授業が再開される日も迫っている……日本を離れる時も近い。%K%P
留学先の授業が再開される日も迫っている……日本を離れる時も近い。%K%P
「兄様には色々助けてもらって、いっぱい、いっぱい頼ってしまって……最初から最後までご迷惑かけっぱなしで」%K%P
「兄様には色々助けてもらって、いっぱい、いっぱい頼ってしまって……最初から最後までご迷惑かけっぱなしで」%K%P
「その、なにも恩返しとか出来て無くて……これからやっと出来るかなって思ってたんですけど」%K%P
「その、なにも恩返しとか出来て無くて……これからやっと出来るかなって思ってたんですけど」%K%P
「えへへ、時間切れになってしまいました」%K%P
「えへへ、時間切れになってしまいました」%K%P
ゆるく吹いてくる風が、ことりちゃんの髪を弄ぶ。%K%P
ゆるく吹いてくる風が、ことりちゃんの髪を弄ぶ。%K%P
柔らかな笑顔を覆うように、前髪が乱れる。%K%P
柔らかな笑顔を覆うように、前髪が乱れる。%K%P
「いってらっしゃい兄様。お体に気を付けてくださいね」%K%P
「いってらっしゃい兄様。お体に気を付けてくださいね」%K%P
「うん、ことりちゃんも元気で。電話もするし、メールも送るからね」%K%P
「うん、ことりちゃんも元気で。電話もするし、メールも送るからね」%K%P
「嬉しいです。あ、私は、手紙が好きなので、送って欲しいです。外国の切手、いっぱい貼って下さいね」%K%P
「嬉しいです。あ、私は、手紙が好きなので、送って欲しいです。外国の切手、いっぱい貼って下さいね」%K%P
メールよりも手紙……確かにことりちゃんにはその方が似合うな。%K%P
メールよりも手紙……確かにことりちゃんにはその方が似合うな。%K%P
すこし丸くて小さな彼女の文字、大好きだった。%K%P
すこし丸くて小さな彼女の文字、大好きだった。%K%P
「うん、書くから…………ことりちゃんは強くなったね」%K%P
「うん、書くから…………ことりちゃんは強くなったね」%K%P
「えへへ、そうですよ、{ことり:・・・}は強い子ですから。泣いたりはしないんです」%K%P
「えへへ、そうですよ、{ことり:・・・}は強い子ですから。泣いたりはしないんです」%K%P
西の空に傾いた日が、儚げに立ち尽くす女の子を照らす。%K%P
西の空に傾いた日が、儚げに立ち尽くす女の子を照らす。%K%P
柔らかく弧を描く頬に、透明な筋が一つ、又一つと跡を残した。%K%P
柔らかく弧を描く頬に、透明な筋が一つ、又一つと跡を残した。%K%P
アゴの先から滴り落ちた雫が煌めき、地面にこぼれ落ちる。%K%P
アゴの先から滴り落ちた雫が煌めき、地面にこぼれ落ちる。%K%P
ことりちゃんが倒れ込むように、僕にしがみついた。%K%P
ことりちゃんが倒れ込むように、僕にしがみついた。%K%P
「に、兄様のにぶちん！　ばかばかばかぁ～～～！　強くなんてないですよっ。ことりのこと、ぜんっぜん分ってないじゃないですか！」%K%P
「に、兄様のにぶちん！　ばかばかばかぁ～～～！　強くなんてないですよっ。ことりのこと、ぜんっぜん分ってないじゃないですか！」%K%P
「ことりは寂しがり屋なんです！　もう会いたくても、兄様いないんですよっ、どうしたらいいんですかっ」%K%P
「ことりは寂しがり屋なんです！　もう会いたくても、兄様いないんですよっ、どうしたらいいんですかっ」%K%P
「うう～～～！　こんなのイヤですっ、ことりをひとりにしないでくださいっ、行かないでくださいっ……ううぅ……」%K%P
「うう～～～！　こんなのイヤですっ、ことりをひとりにしないでくださいっ、行かないでくださいっ……ううぅ……」%K%P
ことりちゃんの両手が、僕の体にくい込む。その力は悲しいほど強くて、まるで幼子が母親との別れを拒絶するかのよう。%K%P
ことりちゃんの両手が、僕の体にくい込む。その力は悲しいほど強くて、まるで幼子が母親との別れを拒絶するかのよう。%K%P
「…………僕、ことりちゃんの気持ち、分かってなかった、ごめん」%K%P
「…………僕、ことりちゃんの気持ち、分かってなかった、ごめん」%K%P
「そうですよっ、いきなり転入してきて、駄目駄目な私に優しくしてくれて、泣き虫な私を励ましてくれて、それで、それで…………私の、大好きな人になって」%K%P
「そうですよっ、いきなり転入してきて、駄目駄目な私に優しくしてくれて、泣き虫な私を励ましてくれて、それで、それで…………私の、大好きな人になって」%K%P
「……そのままさよなら、なんて……勝手です……きらい、兄様なんてだいっきらいっ」%K%P
「……そのままさよなら、なんて……勝手です……きらい、兄様なんてだいっきらいっ」%K%P
「よ、ヨーロッパでも、声楽のお勉強でも、勝手に行っちゃえばいいんだからっ……うぅ……うぅ…………」%K%P
「よ、ヨーロッパでも、声楽のお勉強でも、勝手に行っちゃえばいいんだからっ……うぅ……うぅ…………」%K%P
ことりちゃんの{嗚咽:おえつ}が、心に突き刺さる。%K%P
ことりちゃんの{嗚咽:おえつ}が、心に突き刺さる。%K%P
大きな瞳からこぼれ落ちる涙が、僕と彼女を濡らしていく。%K%P
大きな瞳からこぼれ落ちる涙が、僕と彼女を濡らしていく。%K%P
「ことりちゃん言うとおりだね。僕のしたことは……\n　本当に自分勝手で、ことりちゃんの気持ちも考えて無くて」%K%P
「ことりちゃん言うとおりだね。僕のしたことは……\n　本当に自分勝手で、ことりちゃんの気持ちも考えて無くて」%K%P
「結局、ことりちゃんの為、なんて言いながらも、自分のエゴを満たしていただけなのかも知れない」%K%P
「結局、ことりちゃんの為、なんて言いながらも、自分のエゴを満たしていただけなのかも知れない」%K%P
その結果、一人の純真な少女を傷つけてしまった。%K%P
その結果、一人の純真な少女を傷つけてしまった。%K%P
ただでさえ性別を偽り、名前を偽って来たというのに。%K%P
ただでさえ性別を偽り、名前を偽って来たというのに。%K%P
あげくは、最後に来て、取り返しのつかない、深い悲しみを与えてしまった……最低だ、僕。%K%P
あげくは、最後に来て、取り返しのつかない、深い悲しみを与えてしまった……最低だ、僕。%K%P
「嫌われるのも当たり前だね、ごめん。恨んでくれても、憎んでくれてもいい。僕のことを忘れてくれてもいいから」%K%P
「嫌われるのも当たり前だね、ごめん。恨んでくれても、憎んでくれてもいい。僕のことを忘れてくれてもいいから」%K%P
「ひぐっ、んうっ…………\n　うぅ、やです……恨みませんし、憎みません」%K%P
「ひぐっ、んうっ…………\n　うぅ、やです……恨みませんし、憎みません」%K%P
「んぐ……兄様、きらいになれません……\n　ずっと、ずうっと覚えていたいです」%K%P
「んぐ……兄様、きらいになれません……\n　ずっと、ずうっと覚えていたいです」%K%P
「もっと、愛して欲しいです。ことりのこと、めいっぱい愛して下さい、お願い……」%K%P
「もっと、愛して欲しいです。ことりのこと、めいっぱい愛して下さい、お願い……」%K%P
呟くようなことりちゃんの言葉が、深く体に染みこんでくる。%K%P
呟くようなことりちゃんの言葉が、深く体に染みこんでくる。%K%P
僕は彼女の体をきつく抱きしめた。%K%P
僕は彼女の体をきつく抱きしめた。%K%P
