朝の修練所に響く、剣と剣のぶつかる音。%K%P
朝の修練所に響く、剣と剣のぶつかる音。%K%P
片方は綾香さん、もう片方は僕の剣だ。%K%P
片方は綾香さん、もう片方は僕の剣だ。%K%P
「いずみさん、もっと遠慮せず打ち込んできて」%K%P
「いずみさん、もっと遠慮せず打ち込んできて」%K%P
「うんっ……！」%K%P
「うんっ……！」%K%P
{歌姫:ディーバ}ではなく、{騎士:ワルキュリア}としてアリアに参加することになった僕は、綾香さんと一緒に特訓を始めた。%K%P
{歌姫:ディーバ}ではなく、{騎士:ワルキュリア}としてアリアに参加することになった僕は、綾香さんと一緒に特訓を始めた。%K%P
最初の内こそ、鎧に戸惑い、剣に振り回されもしたけれど、それでも、次第に慣れていって。%K%P
最初の内こそ、鎧に戸惑い、剣に振り回されもしたけれど、それでも、次第に慣れていって。%K%P
綾香さんの熱心な指導のおかげもあり、数日で、それなりの立ち回りが出来るようになってきた。%K%P
綾香さんの熱心な指導のおかげもあり、数日で、それなりの立ち回りが出来るようになってきた。%K%P
一方、希実ちゃんも３ヶ月のブランクを取り戻すため、懸命に歌の練習をしている真っ最中だ。%K%P
一方、希実ちゃんも３ヶ月のブランクを取り戻すため、懸命に歌の練習をしている真っ最中だ。%K%P
もっとも、{歌姫:ディーバ}を務める予定だった希実ちゃんは、歌もすでに覚えていたから、僕に比べると不安はないんだけど。%K%P
もっとも、{歌姫:ディーバ}を務める予定だった希実ちゃんは、歌もすでに覚えていたから、僕に比べると不安はないんだけど。%K%P
ちなみに先日の集会で、希実ちゃんが{歌姫:ディーバ}に復帰する――――という発表がなされたときは、やっぱり講堂はざわついた。%K%P
ちなみに先日の集会で、希実ちゃんが{歌姫:ディーバ}に復帰する――――という発表がなされたときは、やっぱり講堂はざわついた。%K%P
けど、それを吹き飛ばしたのが、塚原いずみが{騎士:ワルキュリア}を務めることになった、という話。%K%P
けど、それを吹き飛ばしたのが、塚原いずみが{騎士:ワルキュリア}を務めることになった、という話。%K%P
{歌姫:ディーバ}を務めるはずだった編入生が、{騎士:ワルキュリア}に選ばれる――――-。%K%P
{歌姫:ディーバ}を務めるはずだった編入生が、{騎士:ワルキュリア}に選ばれる――――-。%K%P
それはまさに前代未聞で、僕は編入してきた頃なんか目じゃないぐらい、すっかり時の人になった。%K%P
それはまさに前代未聞で、僕は編入してきた頃なんか目じゃないぐらい、すっかり時の人になった。%K%P
もっとも、自分に注目が集まるほど、希実ちゃんが落ち着いて練習できるわけだから、僕としてはそのほうが都合が良かったぐらいなんだけど。%K%P
もっとも、自分に注目が集まるほど、希実ちゃんが落ち着いて練習できるわけだから、僕としてはそのほうが都合が良かったぐらいなんだけど。%K%P
「いずみさん、ちょっと休憩しましょう」%K%P
「いずみさん、ちょっと休憩しましょう」%K%P
「う、うんっ……」%K%P
「う、うんっ……」%K%P
乱れた呼吸を整えつつ、ゆっくりと剣を下ろす。%K%P
乱れた呼吸を整えつつ、ゆっくりと剣を下ろす。%K%P
放課後だけでは時間が足りないので、朝もこうして、綾香さんに付き合ってもらって練習している。%K%P
放課後だけでは時間が足りないので、朝もこうして、綾香さんに付き合ってもらって練習している。%K%P
自分がなってみて改めてわかったけど、{騎士:ワルキュリア}っていうのはすごい。%K%P
自分がなってみて改めてわかったけど、{騎士:ワルキュリア}っていうのはすごい。%K%P
いくら武器や防具が軽いといっても、それを身につけ、あれだけ動き回れるんだから、本当に怖れ入る。%K%P
いくら武器や防具が軽いといっても、それを身につけ、あれだけ動き回れるんだから、本当に怖れ入る。%K%P
「いずみさんが{騎士:ワルキュリア}を務める、って決まった時は、どうなることかと思ったけど……」%K%P
「いずみさんが{騎士:ワルキュリア}を務める、って決まった時は、どうなることかと思ったけど……」%K%P
「でも、さすがは男の子ね。体力もあるし、数日でここまで上達してしまうなんて」%K%P
「でも、さすがは男の子ね。体力もあるし、数日でここまで上達してしまうなんて」%K%P
「それは綾香さんの教え方が上手いからだよ」%K%P
「それは綾香さんの教え方が上手いからだよ」%K%P
構え方や基本的な動作を教えてくれた綾香さんは、その後、ずっと僕の練習相手を務めてくれた。%K%P
構え方や基本的な動作を教えてくれた綾香さんは、その後、ずっと僕の練習相手を務めてくれた。%K%P
もし僕が１人で特訓していたら、ここまで{騎士:ワルキュリア}の格好がつくこともなかっただろう。%K%P
もし僕が１人で特訓していたら、ここまで{騎士:ワルキュリア}の格好がつくこともなかっただろう。%K%P
良い師に巡り会うのが大切だってことは、留学でも実感していたけど……綾香さんって、先生に向いているのかも知れない。%K%P
良い師に巡り会うのが大切だってことは、留学でも実感していたけど……綾香さんって、先生に向いているのかも知れない。%K%P
「おはよう、綾香、いずみさん。冷たいスポーツドリンク、持って来てあげたわよ」%K%P
「おはよう、綾香、いずみさん。冷たいスポーツドリンク、持って来てあげたわよ」%K%P
「あっ、美琴さん。ありがとう」%K%P
「あっ、美琴さん。ありがとう」%K%P
ちょうど咽が渇いたところだったので、美琴さんからの差し入れをありがたく頂戴する。%K%P
ちょうど咽が渇いたところだったので、美琴さんからの差し入れをありがたく頂戴する。%K%P
あぁ、美味しい……。%K%P
あぁ、美味しい……。%K%P
「綾香、どう？　我らが期待の星は？」%K%P
「綾香、どう？　我らが期待の星は？」%K%P
「かなりのものよ。これなら千影さんや楓さんを、あっと言わせることが出来るかも」%K%P
「かなりのものよ。これなら千影さんや楓さんを、あっと言わせることが出来るかも」%K%P
「へぇ、綾香がそこまでいうなんて……」%K%P
「へぇ、綾香がそこまでいうなんて……」%K%P
「ねえ、それなら今日の放課後、あたしと手合わせしてみない？　いずみさん」%K%P
「ねえ、それなら今日の放課後、あたしと手合わせしてみない？　いずみさん」%K%P
「うん、お願い」%K%P
「うん、お願い」%K%P
綾香さんのコーチに不満はないけど、今はとにかく、少しでも色々なことを吸収したい。%K%P
綾香さんのコーチに不満はないけど、今はとにかく、少しでも色々なことを吸収したい。%K%P
こんなに覚えることに貪欲になったのは、声楽以外では初めてかもしれなかった。%K%P
こんなに覚えることに貪欲になったのは、声楽以外では初めてかもしれなかった。%K%P
……剣や鎧って、やっぱり男心を擽るのかも。%K%P
……剣や鎧って、やっぱり男心を擽るのかも。%K%P
「でも、いずみさんって思ったよりもタフなのね」%K%P
「でも、いずみさんって思ったよりもタフなのね」%K%P
「そ、そう？」%K%P
「そ、そう？」%K%P
「そうよ。綾香が作ったあの練習メニューって、候補生だって音をあげちゃう子が多いのに」%K%P
「そうよ。綾香が作ったあの練習メニューって、候補生だって音をあげちゃう子が多いのに」%K%P
確かに綾香さんのトレーニングって、ちょっとハードかも、とは思ったけど……。%K%P
確かに綾香さんのトレーニングって、ちょっとハードかも、とは思ったけど……。%K%P
でも、今の僕にはなにより時間がなかったから、このぐらいは当然だと思っていた。%K%P
でも、今の僕にはなにより時間がなかったから、このぐらいは当然だと思っていた。%K%P
「でも……本当に良かったの？　私のために」%K%P
「でも……本当に良かったの？　私のために」%K%P
{騎士:ワルキュリア}は全部で６人だから、僕が加わることで、誰かが辞めなければならない。%K%P
{騎士:ワルキュリア}は全部で６人だから、僕が加わることで、誰かが辞めなければならない。%K%P
本当は綾香さんが{騎士:ワルキュリア}を辞退する予定だったんだけど、経緯を聞いた美琴さんが、それなら自分が辞めると言って辞退してしまった。%K%P
本当は綾香さんが{騎士:ワルキュリア}を辞退する予定だったんだけど、経緯を聞いた美琴さんが、それなら自分が辞めると言って辞退してしまった。%K%P
これについては、綾香さんと美琴さんの間で話し合いがあったらしいけど、最終的には綾香さんが根負けしたっぽい。%K%P
これについては、綾香さんと美琴さんの間で話し合いがあったらしいけど、最終的には綾香さんが根負けしたっぽい。%K%P
「いいの。あたしは自分が出るよりも、綾香の{騎士:ワルキュリア}姿を見るほうが楽しみだったし」%K%P
「いいの。あたしは自分が出るよりも、綾香の{騎士:ワルキュリア}姿を見るほうが楽しみだったし」%K%P
「第一、妹が出る晴れの舞台に姉がいないなんて、そんなのは画竜点睛を欠く、って感じじゃない？」%K%P
「第一、妹が出る晴れの舞台に姉がいないなんて、そんなのは画竜点睛を欠く、って感じじゃない？」%K%P
「でも――」%K%P
「でも――」%K%P
「ほら、また。あたしは納得してる、ってさんざん言ったでしょ？」%K%P
「ほら、また。あたしは納得してる、ってさんざん言ったでしょ？」%K%P
「うっ……」%K%P
「うっ……」%K%P
このあたりのやりとりはさすがというか、美琴さんは本当に、綾香さんの扱いを心得ていると思う。%K%P
このあたりのやりとりはさすがというか、美琴さんは本当に、綾香さんの扱いを心得ていると思う。%K%P
「{騎士:ワルキュリア}を辞退しても、候補生としての役目はあるし、深皇祭での出番は、むしろ増えたぐらいなんだから」%K%P
「{騎士:ワルキュリア}を辞退しても、候補生としての役目はあるし、深皇祭での出番は、むしろ増えたぐらいなんだから」%K%P
「いずみさんも、あたしのことは気にしないで。アリアでの活躍、期待してるからね？」%K%P
「いずみさんも、あたしのことは気にしないで。アリアでの活躍、期待してるからね？」%K%P
「……うん。ありがとう、美琴さん」%K%P
「……うん。ありがとう、美琴さん」%K%P
いろんな人の想いや決断に支えられて、希実ちゃんは{歌姫:ディーバ}に復帰し、僕は{騎士:ワルキュリア}になった。%K%P
いろんな人の想いや決断に支えられて、希実ちゃんは{歌姫:ディーバ}に復帰し、僕は{騎士:ワルキュリア}になった。%K%P
それに応えるためには、僕が{騎士:ワルキュリア}の名に恥じない活躍をするしかない。%K%P
それに応えるためには、僕が{騎士:ワルキュリア}の名に恥じない活躍をするしかない。%K%P
そのために出来る事があるなら、どんな厳しい練習だって耐えられるし、頑張れる――――。%K%P
そのために出来る事があるなら、どんな厳しい練習だって耐えられるし、頑張れる――――。%K%P
