見慣れた――――でも、懐かしく感じる駅前に到着したのは、予定よりもかなり早い時間だった。%K%P
見慣れた――――でも、懐かしく感じる駅前に到着したのは、予定よりもかなり早い時間だった。%K%P
深皇祭で{歌姫:ディーバ}を務めた後、留学先であるヨーロッパに戻ったのが３ヶ月前。%K%P
深皇祭で{歌姫:ディーバ}を務めた後、留学先であるヨーロッパに戻ったのが３ヶ月前。%K%P
それから声楽の勉強に明け暮れ、再び長めの休暇がとれた僕は、こうして日本に帰って来た。%K%P
それから声楽の勉強に明け暮れ、再び長めの休暇がとれた僕は、こうして日本に帰って来た。%K%P
「でも、まさかこんなに早く着くなんて……」%K%P
「でも、まさかこんなに早く着くなんて……」%K%P
前回のトラブルを反省し、今回は両親への連絡も怠らず、帰路のスケジュールも余裕をもって組んだ。%K%P
前回のトラブルを反省し、今回は両親への連絡も怠らず、帰路のスケジュールも余裕をもって組んだ。%K%P
その結果、トラブルもミスもぜんぜんなくて、かえって時間が余ってしまったわけだけど……。%K%P
その結果、トラブルもミスもぜんぜんなくて、かえって時間が余ってしまったわけだけど……。%K%P
「待ち合わせまで、あと３時間か……」%K%P
「待ち合わせまで、あと３時間か……」%K%P
１週間前、綾香さんに帰国の連絡を入れたら、帰って来たらすぐに会いたいって返事がきた。%K%P
１週間前、綾香さんに帰国の連絡を入れたら、帰って来たらすぐに会いたいって返事がきた。%K%P
だから、帰国したその日――――つまり今日、会う約束をしておいたんだけど。%K%P
だから、帰国したその日――――つまり今日、会う約束をしておいたんだけど。%K%P
……さすがにちょっと早すぎ、だよね。%K%P
……さすがにちょっと早すぎ、だよね。%K%P
とりあえず、家に荷物を置いて……その後は、久しぶりに駅前や商店街を見てまわろう。%K%P
とりあえず、家に荷物を置いて……その後は、久しぶりに駅前や商店街を見てまわろう。%K%P
その辺りなら、待ち合わせ場所からも遠くないし。%K%P
その辺りなら、待ち合わせ場所からも遠くないし。%K%P
「あっ、新しいお店が出来てる……」%K%P
「あっ、新しいお店が出来てる……」%K%P
身軽になってから街へ出ると、思ったよりも細かなことを覚えていると気付く。%K%P
身軽になってから街へ出ると、思ったよりも細かなことを覚えていると気付く。%K%P
街の風景はそこまで変わらないけれど、以前はテナント募集になっていた空き店舗にお店が入っていたり、微妙な変化が新鮮だ。%K%P
街の風景はそこまで変わらないけれど、以前はテナント募集になっていた空き店舗にお店が入っていたり、微妙な変化が新鮮だ。%K%P
そんな中、綾香さんたちと一緒に洋服を選びに来たお店の前を通り過ぎ、思わず足を止める。%K%P
そんな中、綾香さんたちと一緒に洋服を選びに来たお店の前を通り過ぎ、思わず足を止める。%K%P
懐かしさも手伝って店内に入ったあと、並んでいる服を眺めてみたり。%K%P
懐かしさも手伝って店内に入ったあと、並んでいる服を眺めてみたり。%K%P
「この服、ちょっと可愛いかも……」%K%P
「この服、ちょっと可愛いかも……」%K%P
目を引く服があったので、つい手に取ってみる。%K%P
目を引く服があったので、つい手に取ってみる。%K%P
こういうとき真っ先に考えるのは、綾香さんに似合うかな、ということ。%K%P
こういうとき真っ先に考えるのは、綾香さんに似合うかな、ということ。%K%P
綾香さんと恋人同士になって一番の変化は、何をしているときでも、綾香さんなら……って考えるようになったことだと思う。%K%P
綾香さんと恋人同士になって一番の変化は、何をしているときでも、綾香さんなら……って考えるようになったことだと思う。%K%P
僕の頭の中は、いつでも綾香さんで一杯だった。%K%P
僕の頭の中は、いつでも綾香さんで一杯だった。%K%P
「いらっしゃいませ。プレゼントですか？」%K%P
「いらっしゃいませ。プレゼントですか？」%K%P
「えっ？　あっ、は、はい、まあ……」%K%P
「えっ？　あっ、は、はい、まあ……」%K%P
店員さんに声を掛けられ、ハッとする。%K%P
店員さんに声を掛けられ、ハッとする。%K%P
いけないいけない。思わず手に取って眺めてたけど、僕はもう、女の子の格好はしてないんだっけ。%K%P
いけないいけない。思わず手に取って眺めてたけど、僕はもう、女の子の格好はしてないんだっけ。%K%P
ここはなるべく自然に、ええっと――――、%K%P
ここはなるべく自然に、ええっと――――、%K%P
「実は今日、久しぶりに会う女の子がいて……それで、洋服を贈るのはどうかなって思ったんです」%K%P
「実は今日、久しぶりに会う女の子がいて……それで、洋服を贈るのはどうかなって思ったんです」%K%P
「ただ、その……やっぱり男１人だと、よくわからなくて……」%K%P
「ただ、その……やっぱり男１人だと、よくわからなくて……」%K%P
「あとで、一緒に選びに来てもいいですか？」%K%P
「あとで、一緒に選びに来てもいいですか？」%K%P
「ええ、もちろん。では、改めてのご来店、お待ちしていますね」%K%P
「ええ、もちろん。では、改めてのご来店、お待ちしていますね」%K%P
さすがプロ、僕のしどろもどろの言い訳にも、きっちりと笑顔で応対してくれる。%K%P
さすがプロ、僕のしどろもどろの言い訳にも、きっちりと笑顔で応対してくれる。%K%P
けど、このままだと騙したようで後味が悪いし……あとで綾香さんにお願いして、一緒に買いに来よう。%K%P
けど、このままだと騙したようで後味が悪いし……あとで綾香さんにお願いして、一緒に買いに来よう。%K%P
嘘から出たまこと、でもないけど、再会の記念に服をプレゼントするのも、悪くはないもんね。%K%P
嘘から出たまこと、でもないけど、再会の記念に服をプレゼントするのも、悪くはないもんね。%K%P
綾香さんと一緒に行ったことのあるお店をすべて巡ってから、待ち合わせの場所へとやってきた。%K%P
綾香さんと一緒に行ったことのあるお店をすべて巡ってから、待ち合わせの場所へとやってきた。%K%P
いろんなお店をのんびり見て回ったけど、それでもまだ、１時間ぐらい余裕がある。%K%P
いろんなお店をのんびり見て回ったけど、それでもまだ、１時間ぐらい余裕がある。%K%P
「さすがにここは変わらないなぁ……」%K%P
「さすがにここは変わらないなぁ……」%K%P
綾香さんと僕が初めて出会った公園。%K%P
綾香さんと僕が初めて出会った公園。%K%P
待ち合わせをしようって話になったとき、綾香さんと僕は、迷わずこの場所を選んだ。%K%P
待ち合わせをしようって話になったとき、綾香さんと僕は、迷わずこの場所を選んだ。%K%P
「……歌っちゃおうかな」%K%P
「……歌っちゃおうかな」%K%P
ベンチに座って待とうか、とも思ったけど、あの場所に立ったら、やっぱり我慢できなくなった。%K%P
ベンチに座って待とうか、とも思ったけど、あの場所に立ったら、やっぱり我慢できなくなった。%K%P
スポットライトがあるわけじゃないけど、ここは、僕にとって思い出のステージだから。%K%P
スポットライトがあるわけじゃないけど、ここは、僕にとって思い出のステージだから。%K%P
「となれば、曲はやっぱり――――」%K%P
「となれば、曲はやっぱり――――」%K%P
あの日と同じ、アメイジンググレイスしかない。%K%P
あの日と同じ、アメイジンググレイスしかない。%K%P
軽く咽を整えてから、声を出す。%K%P
軽く咽を整えてから、声を出す。%K%P
公園に人の姿はほとんどないけど、今日はお金が欲しいわけじゃないから、そこは気にせずに。%K%P
公園に人の姿はほとんどないけど、今日はお金が欲しいわけじゃないから、そこは気にせずに。%K%P
心を軽くして、声に想いを乗せて、解き放つ。%K%P
心を軽くして、声に想いを乗せて、解き放つ。%K%P
歌に込められた言葉、作った人が綴った感情を、余すところなく、織るように重ねる。%K%P
歌に込められた言葉、作った人が綴った感情を、余すところなく、織るように重ねる。%K%P
歌うたびに、思う。%K%P
歌うたびに、思う。%K%P
僕は、本当に歌が大好きなんだ……って。%K%P
僕は、本当に歌が大好きなんだ……って。%K%P
「えっ……？」%K%P
「えっ……？」%K%P
歌い終えると、控えめな拍手が聞こえた。%K%P
歌い終えると、控えめな拍手が聞こえた。%K%P
けど、拍手をしている人影は見当たらなくて、どこから聞こえるのかわからず、辺りを見回す。%K%P
けど、拍手をしている人影は見当たらなくて、どこから聞こえるのかわからず、辺りを見回す。%K%P
「こっちよ、和泉さん」%K%P
「こっちよ、和泉さん」%K%P
声が聞こえて振り向くと、すぐそばの木陰から、まるで手品みたいに現れたのは――――、%K%P
声が聞こえて振り向くと、すぐそばの木陰から、まるで手品みたいに現れたのは――――、%K%P
「綾香さん……」%K%P
「綾香さん……」%K%P
「……おかえりなさい、和泉さん」%K%P
「……おかえりなさい、和泉さん」%K%P
「うっ、うん……。ただいま」%K%P
「うっ、うん……。ただいま」%K%P
驚きのあまり、さっきまであんなに滑らかに歌を紡いでいた咽がうまく動かない。%K%P
驚きのあまり、さっきまであんなに滑らかに歌を紡いでいた咽がうまく動かない。%K%P
待ち合わせ時間は、まだ先のはずなのに……。%K%P
待ち合わせ時間は、まだ先のはずなのに……。%K%P
「どうして……っていうか、いつから？」%K%P
「どうして……っていうか、いつから？」%K%P
「ついさっき。公園についたら歌声が聞こえたから、これは絶対に和泉さんだと思って」%K%P
「ついさっき。公園についたら歌声が聞こえたから、これは絶対に和泉さんだと思って」%K%P
「わたしに気付いたら、和泉さん、絶対に途中で歌をやめちゃうと思ったの。……だから、こっそり」%K%P
「わたしに気付いたら、和泉さん、絶対に途中で歌をやめちゃうと思ったの。……だから、こっそり」%K%P
「久しぶりの和泉さんの生の歌声を、最後まで、ちゃんと聞きたかったから……」%K%P
「久しぶりの和泉さんの生の歌声を、最後まで、ちゃんと聞きたかったから……」%K%P
「ん……」%K%P
「ん……」%K%P
微笑まれて、今度は愛しさで胸が詰まった。%K%P
微笑まれて、今度は愛しさで胸が詰まった。%K%P
確かに、綾香さんの言うことにも一理ある……というより、絶対そうなっていたに違いない。%K%P
確かに、綾香さんの言うことにも一理ある……というより、絶対そうなっていたに違いない。%K%P
ちなみに綾香さんは、僕を「和泉さん」って呼ぶ。%K%P
ちなみに綾香さんは、僕を「和泉さん」って呼ぶ。%K%P
名前で呼ぼうとしたこともあったけど、僕も綾香さんも「いずみさん」という響きに馴染んでしまったらしくて「司さん」だと、実にくすぐったかった。%K%P
名前で呼ぼうとしたこともあったけど、僕も綾香さんも「いずみさん」という響きに馴染んでしまったらしくて「司さん」だと、実にくすぐったかった。%K%P
「でも、びっくりした。約束の時間までまだ１時間もあるのに、和泉さんがいるんだもの」%K%P
「でも、びっくりした。約束の時間までまだ１時間もあるのに、和泉さんがいるんだもの」%K%P
「あまりに会いたくて、和泉さんの幻でも見えてるんじゃないか……なんて思っちゃった」%K%P
「あまりに会いたくて、和泉さんの幻でも見えてるんじゃないか……なんて思っちゃった」%K%P
「余裕をもって予定を立てたら、思った以上に早く着いちゃって」%K%P
「余裕をもって予定を立てたら、思った以上に早く着いちゃって」%K%P
「それならそうと、日本に着いた時点で連絡をくれれば良かったのに」%K%P
「それならそうと、日本に着いた時点で連絡をくれれば良かったのに」%K%P
「そうなんだけど……会えるのがわかっているのに、急かすのも悪いかな、って」%K%P
「そうなんだけど……会えるのがわかっているのに、急かすのも悪いかな、って」%K%P
「ほら、女の子の出かける準備には時間がかかるって、よーく知ってるから」%K%P
「ほら、女の子の出かける準備には時間がかかるって、よーく知ってるから」%K%P
「ふふっ、そうね。和泉さんは、そうよね」%K%P
「ふふっ、そうね。和泉さんは、そうよね」%K%P
僕の言葉に、綾香さんがおかしそうに笑う。%K%P
僕の言葉に、綾香さんがおかしそうに笑う。%K%P
その笑顔を見ていたら、本当に帰ってきたんだ……という気持ちが強くなった。%K%P
その笑顔を見ていたら、本当に帰ってきたんだ……という気持ちが強くなった。%K%P
「……あっ、そうだ。綾香さん、ご飯を食べる前に、買い物に付き合って貰ってもいい？」%K%P
「……あっ、そうだ。綾香さん、ご飯を食べる前に、買い物に付き合って貰ってもいい？」%K%P
「いいけど……何を買うの？」%K%P
「いいけど……何を買うの？」%K%P
「洋服」%K%P
「洋服」%K%P
洋服店に向かった僕たちは、さっきの店員さんに出迎えられて、そのまま洋服を購入した。%K%P
洋服店に向かった僕たちは、さっきの店員さんに出迎えられて、そのまま洋服を購入した。%K%P
「でも、本当に良かったの？」%K%P
「でも、本当に良かったの？」%K%P
「うん。なにかプレゼントしたいな、とはずっと思っていたから」%K%P
「うん。なにかプレゼントしたいな、とはずっと思っていたから」%K%P
ただ、何を贈ればいいのかって迷っていたし、今日の出来事は、切っ掛けとしてちょうど良かった。%K%P
ただ、何を贈ればいいのかって迷っていたし、今日の出来事は、切っ掛けとしてちょうど良かった。%K%P
「……ありがとう。これ、大切にするわ」%K%P
「……ありがとう。これ、大切にするわ」%K%P
「うん。あっ、でも、洋服だから大切にしすぎないで、ちゃんと着てあげてね」%K%P
「うん。あっ、でも、洋服だから大切にしすぎないで、ちゃんと着てあげてね」%K%P
「ふふっ、もちろん」%K%P
「ふふっ、もちろん」%K%P
ショップの紙袋を大切そうに持ち上げた綾香さんは、それをぎゅっと抱きしめる。%K%P
ショップの紙袋を大切そうに持ち上げた綾香さんは、それをぎゅっと抱きしめる。%K%P
「じゃあ、時間もちょうどいいし、ディナーに行きましょう？　あの個室、予約してあるの」%K%P
「じゃあ、時間もちょうどいいし、ディナーに行きましょう？　あの個室、予約してあるの」%K%P
「うん」%K%P
「うん」%K%P
今日のデートは最初から夕食を外で食べよう、という話になっていて、お店も事前に選んでおいた。%K%P
今日のデートは最初から夕食を外で食べよう、という話になっていて、お店も事前に選んでおいた。%K%P
といっても、待ち合わせ場所の公園と一緒で、これについても即決。悩むまでもなかった。%K%P
といっても、待ち合わせ場所の公園と一緒で、これについても即決。悩むまでもなかった。%K%P
３ヶ月前、歌のお礼として、綾香さんに御馳走して貰って、歌姫の話を聞いた、あのレストラン。%K%P
３ヶ月前、歌のお礼として、綾香さんに御馳走して貰って、歌姫の話を聞いた、あのレストラン。%K%P
久しぶりの日本で綾香さんとご飯を食べるとなったら、やっぱり、あのお店しか考えられないもんね。%K%P
久しぶりの日本で綾香さんとご飯を食べるとなったら、やっぱり、あのお店しか考えられないもんね。%K%P
ゆっくりディナーを楽しんでレストランを出る頃には、外は良い感じに日が暮れていた。%K%P
ゆっくりディナーを楽しんでレストランを出る頃には、外は良い感じに日が暮れていた。%K%P
「この後、どうするの？」%K%P
「この後、どうするの？」%K%P
事前に決めておいたのは、待ち合わせ場所と時間、それから、晩ご飯を食べる、ということだけ。%K%P
事前に決めておいたのは、待ち合わせ場所と時間、それから、晩ご飯を食べる、ということだけ。%K%P
そこから先の予定に関しては、綾香さんに「任せておいて」と言われて、内緒にされていた。%K%P
そこから先の予定に関しては、綾香さんに「任せておいて」と言われて、内緒にされていた。%K%P
「公園で会ってレストランで食事をしたら、このあと向かうところなんて決まっているでしょう？」%K%P
「公園で会ってレストランで食事をしたら、このあと向かうところなんて決まっているでしょう？」%K%P
くすっと楽しそうに笑った綾香さんは、僕の腕に手を回すと、そのまま歩き出した。%K%P
くすっと楽しそうに笑った綾香さんは、僕の腕に手を回すと、そのまま歩き出した。%K%P
「はい、到着」%K%P
「はい、到着」%K%P
そう言って、綾香さんが足を止める。%K%P
そう言って、綾香さんが足を止める。%K%P
久しぶりに見る深皇の校舎は相変わらず荘厳で、妙な安心感と懐かしさを覚えてしまう。%K%P
久しぶりに見る深皇の校舎は相変わらず荘厳で、妙な安心感と懐かしさを覚えてしまう。%K%P
「……うん。帰って来た、って感じする」%K%P
「……うん。帰って来た、って感じする」%K%P
女子学園の校舎を見た感想としてはおかしいのかもしれないけど、でも、それが素直な気持ちだ。%K%P
女子学園の校舎を見た感想としてはおかしいのかもしれないけど、でも、それが素直な気持ちだ。%K%P
「もちろん、寄っていくわよね？」%K%P
「もちろん、寄っていくわよね？」%K%P
「えっ、でも……いいの？」%K%P
「えっ、でも……いいの？」%K%P
制服を着るどころか、女装すらしてないのに。%K%P
制服を着るどころか、女装すらしてないのに。%K%P
「もちろんよ。和泉さんの立ち入り許可は、ちゃんととってあるんだから」%K%P
「もちろんよ。和泉さんの立ち入り許可は、ちゃんととってあるんだから」%K%P
「許可って、やっぱり――」%K%P
「許可って、やっぱり――」%K%P
「うん。もちろん、姉さんに」%K%P
「うん。もちろん、姉さんに」%K%P
「この格好だと、なんだか緊張するね……」%K%P
「この格好だと、なんだか緊張するね……」%K%P
校舎に入ると、雰囲気や微かな匂いのせいか、自然と歩き方が女の子らしくなってしまった。%K%P
校舎に入ると、雰囲気や微かな匂いのせいか、自然と歩き方が女の子らしくなってしまった。%K%P
ここではずっと女装をしていたから、ガラスに映る自分が女装してないことに、妙な違和感がある。%K%P
ここではずっと女装をしていたから、ガラスに映る自分が女装してないことに、妙な違和感がある。%K%P
「和泉さん、こっちこっち」%K%P
「和泉さん、こっちこっち」%K%P
綾香さんに招かれるまま、校内を歩く。%K%P
綾香さんに招かれるまま、校内を歩く。%K%P
１ヶ月も通っていたから、綾香さんがどこに向かっているのか、おおよその検討はついていた。%K%P
１ヶ月も通っていたから、綾香さんがどこに向かっているのか、おおよその検討はついていた。%K%P
「やっぱり……」%K%P
「やっぱり……」%K%P
綾香さんが立ち止まったのは、音楽室の前。%K%P
綾香さんが立ち止まったのは、音楽室の前。%K%P
「でも、鍵が掛かってるんじゃ」%K%P
「でも、鍵が掛かってるんじゃ」%K%P
「許可はとってあるって言ったでしょう？」%K%P
「許可はとってあるって言ったでしょう？」%K%P
少し得意げに笑う綾香さんの手には見慣れた鍵があって、彼女はそれを鍵穴に差し込んだ。%K%P
少し得意げに笑う綾香さんの手には見慣れた鍵があって、彼女はそれを鍵穴に差し込んだ。%K%P
「さ、どうぞ」%K%P
「さ、どうぞ」%K%P
「あ……」%K%P
「あ……」%K%P
室内に一歩足を踏み入れると、自然と声が漏れた。%K%P
室内に一歩足を踏み入れると、自然と声が漏れた。%K%P
ピアノも、姿見も……なにもかもすべて、僕が{歌姫:ディーバ}として練習をしていた頃のままだ。%K%P
ピアノも、姿見も……なにもかもすべて、僕が{歌姫:ディーバ}として練習をしていた頃のままだ。%K%P
「懐かしいなぁ……」%K%P
「懐かしいなぁ……」%K%P
姿見に歩み寄って、自分の姿を映す。%K%P
姿見に歩み寄って、自分の姿を映す。%K%P
「和泉さんが最初に女装したのが、ちょうど、この場所で……」%K%P
「和泉さんが最初に女装したのが、ちょうど、この場所で……」%K%P
「わたしはこうして、和泉さんの後ろから、その姿を覗き込んだのよね」%K%P
「わたしはこうして、和泉さんの後ろから、その姿を覗き込んだのよね」%K%P
「うん……」%K%P
「うん……」%K%P
ちょうどあの日のように、綾香さんは僕のすぐ側に立つと、一緒に鏡を覗き込んで――――、%K%P
ちょうどあの日のように、綾香さんは僕のすぐ側に立つと、一緒に鏡を覗き込んで――――、%K%P
「……いずみさん」%K%P
「……いずみさん」%K%P
そのまま、後ろからそっと抱きついてきた。%K%P
そのまま、後ろからそっと抱きついてきた。%K%P
腰の辺りに手が回って、その力が思っていたよりも強い事に驚きながら、僕も自分の手を重ねる。%K%P
腰の辺りに手が回って、その力が思っていたよりも強い事に驚きながら、僕も自分の手を重ねる。%K%P
「……すっごく、寂しかった」%K%P
「……すっごく、寂しかった」%K%P
「僕も」%K%P
「僕も」%K%P
背中にあたる胸の柔らかさや、耳にかかる吐息。%K%P
背中にあたる胸の柔らかさや、耳にかかる吐息。%K%P
それは、電話やメールではけっして伝わらない、伝えることのできないぬくもりだ。%K%P
それは、電話やメールではけっして伝わらない、伝えることのできないぬくもりだ。%K%P
「やっぱり、順番が良くなかったんだと思うの。同棲を経験したあとに、遠距離恋愛なんだもの」%K%P
「やっぱり、順番が良くなかったんだと思うの。同棲を経験したあとに、遠距離恋愛なんだもの」%K%P
「うん。だよね」%K%P
「うん。だよね」%K%P
再会の喜びがあればこそ、そう言って微笑む余裕もあったけど……実際、寂しくて仕方なかった。%K%P
再会の喜びがあればこそ、そう言って微笑む余裕もあったけど……実際、寂しくて仕方なかった。%K%P
だって僕たちは１ヶ月もの間、ずっと同じ部屋で寝起きをともにしていたんだから。%K%P
だって僕たちは１ヶ月もの間、ずっと同じ部屋で寝起きをともにしていたんだから。%K%P
あの頃の密度に比べたら、電話やメールじゃ、どうしたって埋められないものがたくさんある。%K%P
あの頃の密度に比べたら、電話やメールじゃ、どうしたって埋められないものがたくさんある。%K%P
「……約束、覚えてる？」%K%P
「……約束、覚えてる？」%K%P
「うん。……溜めてきたよ、いろいろと」%K%P
「うん。……溜めてきたよ、いろいろと」%K%P
「ふふっ。もう、エッチなんだから」%K%P
「ふふっ。もう、エッチなんだから」%K%P
抱きついたまま微笑んだ綾香さんの悪戯っぽい笑い声が、懐かしくて、くすぐったい。%K%P
抱きついたまま微笑んだ綾香さんの悪戯っぽい笑い声が、懐かしくて、くすぐったい。%K%P
「いっぱい、キスしてくれる……？」%K%P
「いっぱい、キスしてくれる……？」%K%P
「もちろん」%K%P
「もちろん」%K%P
「なら……いっぱい、出してくれる？」%K%P
「なら……いっぱい、出してくれる？」%K%P
「でも……ここで、いいの？」%K%P
「でも……ここで、いいの？」%K%P
「ここがいいの。だからこそ、わざわざ鍵まで用意して、和泉さんを連れ込んだのよ？」%K%P
「ここがいいの。だからこそ、わざわざ鍵まで用意して、和泉さんを連れ込んだのよ？」%K%P
「それに……和泉さんも、おっきくなっているし」%K%P
「それに……和泉さんも、おっきくなっているし」%K%P
「あっ……もう、いつの間にっ……」%K%P
「あっ……もう、いつの間にっ……」%K%P
腰辺りに回っていたはずの綾香さんの手が、気付けば僕の股間付近をさすっていた。%K%P
腰辺りに回っていたはずの綾香さんの手が、気付けば僕の股間付近をさすっていた。%K%P
「ね？　キス、して……？」%K%P
「ね？　キス、して……？」%K%P
唇を重ねる姿を映すように、鏡の前で顔を寄せ合い、それから、唇をゆっくりと重ねる。%K%P
唇を重ねる姿を映すように、鏡の前で顔を寄せ合い、それから、唇をゆっくりと重ねる。%K%P
「ちゅっ……はっ……んっ、ふ、んんっ……」%K%P
「ちゅっ……はっ……んっ、ふ、んんっ……」%K%P
「んんっ……」%K%P
「んんっ……」%K%P
「やっ……はっ、んっ……はあっ、あっ……」%K%P
「やっ……はっ、んっ……はあっ、あっ……」%K%P
久しぶりだったから我慢できなくて差し込んだ舌を、綾香さんは優しく吸ってくれた。%K%P
久しぶりだったから我慢できなくて差し込んだ舌を、綾香さんは優しく吸ってくれた。%K%P
「……和泉さんのここ、もっと元気になってる」%K%P
「……和泉さんのここ、もっと元気になってる」%K%P
服の上から撫でられると、久しぶりの感触に、ペニスのほうから綾香さんにすり寄ってしまった。%K%P
服の上から撫でられると、久しぶりの感触に、ペニスのほうから綾香さんにすり寄ってしまった。%K%P
「これ、ちょっと溜め過ぎちゃったかも……」%K%P
「これ、ちょっと溜め過ぎちゃったかも……」%K%P
あまりにも素直な下半身の反応に、照れもあってそんなことを呟いてしまう。%K%P
あまりにも素直な下半身の反応に、照れもあってそんなことを呟いてしまう。%K%P
「ふふっ。それなら和泉さん、そこに座って」%K%P
「ふふっ。それなら和泉さん、そこに座って」%K%P
「これだけ溜まってるなら……ね？　その……１回だけ、ってわけでもないでしょう？」%K%P
「これだけ溜まってるなら……ね？　その……１回だけ、ってわけでもないでしょう？」%K%P
自分の台詞に照れたのか、ちょっぴり頬を赤らめながら、綾香さんは僕を近くの椅子に導いた。%K%P
自分の台詞に照れたのか、ちょっぴり頬を赤らめながら、綾香さんは僕を近くの椅子に導いた。%K%P
「こっ、これ、いいの……？」%K%P
「こっ、これ、いいの……？」%K%P
綾香さんが膝をついたとき、てっきり手か口で……って思っていたら、まさかのこの光景。%K%P
綾香さんが膝をついたとき、てっきり手か口で……って思っていたら、まさかのこの光景。%K%P
胸元を開いた綾香さんは、その柔らかなふくらみで、僕の息子をしっかりと包み込んだ。%K%P
胸元を開いた綾香さんは、その柔らかなふくらみで、僕の息子をしっかりと包み込んだ。%K%P
「ただ握るよりは、こうしたほうが和泉さんも興奮してくれるかと思って……」%K%P
「ただ握るよりは、こうしたほうが和泉さんも興奮してくれるかと思って……」%K%P
「……どう？　ドキドキ、する？」%K%P
「……どう？　ドキドキ、する？」%K%P
「う、うん……」%K%P
「う、うん……」%K%P
何度も裸を見せ合ってきた仲だけど、こうして綾香さんの胸と向き合うのは初めてな気がする。%K%P
何度も裸を見せ合ってきた仲だけど、こうして綾香さんの胸と向き合うのは初めてな気がする。%K%P
「あっ……ほんと、ぴくくって動いた……」%K%P
「あっ……ほんと、ぴくくって動いた……」%K%P
「気持ち良くなると、ここがびくんっ、て震えちゃうのは、相変わらずなのね……」%K%P
「気持ち良くなると、ここがびくんっ、て震えちゃうのは、相変わらずなのね……」%K%P
「あっ……んっ、や、これっ……」%K%P
「あっ……んっ、や、これっ……」%K%P
「待ってて……いま、おっぱいでちゃんと、あそこを……んっ、んんっ……」%K%P
「待ってて……いま、おっぱいでちゃんと、あそこを……んっ、んんっ……」%K%P
ペニスを上手に挟もうと綾香さんが動くたびに、柔らかなおっぱいがくにくにと形を変える。%K%P
ペニスを上手に挟もうと綾香さんが動くたびに、柔らかなおっぱいがくにくにと形を変える。%K%P
それがとてもエッチで、挟まれる刺激と同じかそれ以上に、僕の興奮を焚きつけた。%K%P
それがとてもエッチで、挟まれる刺激と同じかそれ以上に、僕の興奮を焚きつけた。%K%P
「っと……おっぱいで挟んで、上下にしゅにしゅに、こすこすっと……んっ、んんっ……」%K%P
「っと……おっぱいで挟んで、上下にしゅにしゅに、こすこすっと……んっ、んんっ……」%K%P
「あっ、あぁ……おっぱいの間で、和泉さんのあそこ、どんどんガチガチになって……」%K%P
「あっ、あぁ……おっぱいの間で、和泉さんのあそこ、どんどんガチガチになって……」%K%P
「あっ……くすっ。もうカウパー垂れてきた……」%K%P
「あっ……くすっ。もうカウパー垂れてきた……」%K%P
「わ、ホント……」%K%P
「わ、ホント……」%K%P
あまりの感じっぷりに、驚くやら照れるやら。%K%P
あまりの感じっぷりに、驚くやら照れるやら。%K%P
「このカウパーも、あそこと一緒に、ぎゅーっと挟んで……おっぱいで、こすこす……」%K%P
「このカウパーも、あそこと一緒に、ぎゅーっと挟んで……おっぱいで、こすこす……」%K%P
「あっ……こすれると、にゅるにゅるが……はっ、ああっ……これ、わたしも気持ちいい……」%K%P
「あっ……こすれると、にゅるにゅるが……はっ、ああっ……これ、わたしも気持ちいい……」%K%P
一度カウパーが垂れたら、あとはもう止まらない。%K%P
一度カウパーが垂れたら、あとはもう止まらない。%K%P
滑りがよくなればなるほど、快感が増して、そうなると、息子の方もどんどん大きくなっていった。%K%P
滑りがよくなればなるほど、快感が増して、そうなると、息子の方もどんどん大きくなっていった。%K%P
「あ、あぁ……これ、癖になっちゃいそう……」%K%P
「あ、あぁ……これ、癖になっちゃいそう……」%K%P
火照っていくペニスは、おっぱいの間に閉じ込められて、こすられるほどに熱くなる。%K%P
火照っていくペニスは、おっぱいの間に閉じ込められて、こすられるほどに熱くなる。%K%P
「んっ……綾香さん、それ以上は、ホントに出ちゃうよっ……」%K%P
「んっ……綾香さん、それ以上は、ホントに出ちゃうよっ……」%K%P
「いいの、そのためにしてるんだもの。気持ち良くなったぶんは、めいっぱいおっきくして……？」%K%P
「いいの、そのためにしてるんだもの。気持ち良くなったぶんは、めいっぱいおっきくして……？」%K%P
「たくさん勃起してくれた方が、もっともっと、おっぱいで挟みやすくなるんだからっ……」%K%P
「たくさん勃起してくれた方が、もっともっと、おっぱいで挟みやすくなるんだからっ……」%K%P
けして強い刺激ではないけど、だからこそ、それを堪え続けるのは難しい。%K%P
けして強い刺激ではないけど、だからこそ、それを堪え続けるのは難しい。%K%P
優しい快感は、ゆっくりと全身に広がっていく。%K%P
優しい快感は、ゆっくりと全身に広がっていく。%K%P
「あっ……ほら、見て？　挟んだあそこ、びくびくって……イキたいって言ってるみたい……」%K%P
「あっ……ほら、見て？　挟んだあそこ、びくびくって……イキたいって言ってるみたい……」%K%P
「んっ、もう、そういうこと言って……」%K%P
「んっ、もう、そういうこと言って……」%K%P
「ねえ、覚えてる？　わたしが、和泉さんの射精する時の声や顔が好き……って言ったこと」%K%P
「ねえ、覚えてる？　わたしが、和泉さんの射精する時の声や顔が好き……って言ったこと」%K%P
「くすっ、良かった……。じゃあ、久しぶりにじっくり見せて、聞かせてね……？」%K%P
「くすっ、良かった……。じゃあ、久しぶりにじっくり見せて、聞かせてね……？」%K%P
綾香さんの柔らかな膨らみと圧にしごかれて、僕のペニスは耐える間もなく一線を越えてしまう。%K%P
綾香さんの柔らかな膨らみと圧にしごかれて、僕のペニスは耐える間もなく一線を越えてしまう。%K%P
「あ、ああっ……イクッ、イッ……んんッ」%K%P
「あ、ああっ……イクッ、イッ……んんッ」%K%P
「うんっ、いいわ、出して？　溜まっていたぶん、このおっぱいに、たっぷり、たーっぷりっ……」%K%P
「うんっ、いいわ、出して？　溜まっていたぶん、このおっぱいに、たっぷり、たーっぷりっ……」%K%P
「わたしのために、出して、出して出してっ？」%K%P
「わたしのために、出して、出して出してっ？」%K%P
「あっ……あぁ、元気にびゅく、びゅくびゅくって……すごい、こんなに……」%K%P
「あっ……あぁ、元気にびゅく、びゅくびゅくって……すごい、こんなに……」%K%P
「おっぱいで、ぎゅーってすると……ほら、ぴゅるるって……こするたびに、まだまだ出てくる……」%K%P
「おっぱいで、ぎゅーってすると……ほら、ぴゅるるって……こするたびに、まだまだ出てくる……」%K%P
「あっ、あの……あんまり強くされると……」%K%P
「あっ、あの……あんまり強くされると……」%K%P
「でも、ぎゅって押し上げると、先っぽから……ほら、まだ、とろとろって……」%K%P
「でも、ぎゅって押し上げると、先っぽから……ほら、まだ、とろとろって……」%K%P
「やっ……あ、綾香さんっ……」%K%P
「やっ……あ、綾香さんっ……」%K%P
ペニスを挟み込んだおっぱいが上下に揺れると、くすぶるような熱が亀頭から溢れてしまう。%K%P
ペニスを挟み込んだおっぱいが上下に揺れると、くすぶるような熱が亀頭から溢れてしまう。%K%P
「いずみさんの、すごくとろっとして……濃いせいか、ちっとも垂れてこない……」%K%P
「いずみさんの、すごくとろっとして……濃いせいか、ちっとも垂れてこない……」%K%P
割れ目から溢れる精子は、溶けたチーズのようにゆっくりと垂れて、おっぱいの谷間に溜まっていく。%K%P
割れ目から溢れる精子は、溶けたチーズのようにゆっくりと垂れて、おっぱいの谷間に溜まっていく。%K%P
「ほら……和泉さんのミルクこんなにいっぱい」%K%P
「ほら……和泉さんのミルクこんなにいっぱい」%K%P
「う、うぅ……」%K%P
「う、うぅ……」%K%P
悪戯っぽい笑みに見上げられると、なにも言葉が返せなくて、照れるしかない。%K%P
悪戯っぽい笑みに見上げられると、なにも言葉が返せなくて、照れるしかない。%K%P
「ふふっ……こんなにいっぱい出したのに、まだまだ元気に勃起して……」%K%P
「ふふっ……こんなにいっぱい出したのに、まだまだ元気に勃起して……」%K%P
「……だって、本番が残ってるから」%K%P
「……だって、本番が残ってるから」%K%P
「んっ……」%K%P
「んっ……」%K%P
僕の言葉に、今度は綾香さんがびくっと震えた。%K%P
僕の言葉に、今度は綾香さんがびくっと震えた。%K%P
「……このまま、和泉さんに乗ってもいい？」%K%P
「……このまま、和泉さんに乗ってもいい？」%K%P
僕の内股を撫でるように、綾香さんがねだる。%K%P
僕の内股を撫でるように、綾香さんがねだる。%K%P
「いいけど……じゃあ、むこうを向いて」%K%P
「いいけど……じゃあ、むこうを向いて」%K%P
「むこう……って、こっち？　背中を向けるの？」%K%P
「むこう……って、こっち？　背中を向けるの？」%K%P
不思議そうに首を傾げた綾香さんは、立ちあがった後、くるりと回って僕に背を向ける。%K%P
不思議そうに首を傾げた綾香さんは、立ちあがった後、くるりと回って僕に背を向ける。%K%P
「あっ……」%K%P
「あっ……」%K%P
そして漏れる、可愛い声。%K%P
そして漏れる、可愛い声。%K%P
僕の意図に気付いた綾香さんは、それからもじもじと恥じらいつつ、そっと腰を下ろした。%K%P
僕の意図に気付いた綾香さんは、それからもじもじと恥じらいつつ、そっと腰を下ろした。%K%P
「あ、あの……本当に、この格好でするの？」%K%P
「あ、あの……本当に、この格好でするの？」%K%P
後ろから抱きかかえた綾香さんには、さっきまで僕を圧倒していた勢いがないけど、それも当然。%K%P
後ろから抱きかかえた綾香さんには、さっきまで僕を圧倒していた勢いがないけど、それも当然。%K%P
僕たちの前には姿見があって、そこに２人の姿がばっちりと映っているんだから。%K%P
僕たちの前には姿見があって、そこに２人の姿がばっちりと映っているんだから。%K%P
「これなら、お互いの顔も見えるでしょ？」%K%P
「これなら、お互いの顔も見えるでしょ？」%K%P
「そっ、そうだけど……」%K%P
「そっ、そうだけど……」%K%P
「でも、顔以外のところまで、よく見えちゃってるようなっ……」%K%P
「でも、顔以外のところまで、よく見えちゃってるようなっ……」%K%P
「綾香さんのあそこも丸見えだから、濡れているのも、よーくわかっちゃうよ？」%K%P
「綾香さんのあそこも丸見えだから、濡れているのも、よーくわかっちゃうよ？」%K%P
「んっ……も、もうっ、いじわるを言ってっ……」%K%P
「んっ……も、もうっ、いじわるを言ってっ……」%K%P
一度射精したことによる余裕と、鏡の存在に綾香さんが照れたことで、少しだけリードをとる。%K%P
一度射精したことによる余裕と、鏡の存在に綾香さんが照れたことで、少しだけリードをとる。%K%P
「……ねえ？　その、濡れているのがわかっているなら、焦らさずに……お願い、はやく……」%K%P
「……ねえ？　その、濡れているのがわかっているなら、焦らさずに……お願い、はやく……」%K%P
綾香さんのおっぱいで射精したペニスは、あれだけ出した後も、硬さを保って出番を待っていた。%K%P
綾香さんのおっぱいで射精したペニスは、あれだけ出した後も、硬さを保って出番を待っていた。%K%P
だから、その息子自身で恩返しをするように、綾香さんの中へ侵入していく。%K%P
だから、その息子自身で恩返しをするように、綾香さんの中へ侵入していく。%K%P
「はっ……ぐっ、はぁああッ、んんっ……！」%K%P
「はっ……ぐっ、はぁああッ、んんっ……！」%K%P
「あっ、はあっ……」%K%P
「あっ、はあっ……」%K%P
久しぶりのエッチに緊張もあったけど、腰を合わせたら、あとは自然に身体が動いてくれた。%K%P
久しぶりのエッチに緊張もあったけど、腰を合わせたら、あとは自然に身体が動いてくれた。%K%P
綾香さんの身体が少しずつ落ちてくると、それも利用して、さらに割れ目の中に入り込んでいく。%K%P
綾香さんの身体が少しずつ落ちてくると、それも利用して、さらに割れ目の中に入り込んでいく。%K%P
「ふあっ、あぁ、はあっ……これ、挿れられただけで、あそこ、びくびくってっ……んんっ」%K%P
「ふあっ、あぁ、はあっ……これ、挿れられただけで、あそこ、びくびくってっ……んんっ」%K%P
「やっ……はあっ、わたし、これだけでもうっ……ん、いま、ちょっとイキそうにっ……はあっ」%K%P
「やっ……はあっ、わたし、これだけでもうっ……ん、いま、ちょっとイキそうにっ……はあっ」%K%P
「僕もいま、あやうくっ……」%K%P
「僕もいま、あやうくっ……」%K%P
たっぷりの蜜は奥に進む竿に押し出され、隙間から外へと垂れたあと、挿抜に合わせて音を立てる。%K%P
たっぷりの蜜は奥に進む竿に押し出され、隙間から外へと垂れたあと、挿抜に合わせて音を立てる。%K%P
その様子が、今日は鏡のおかげでよくわかる。%K%P
その様子が、今日は鏡のおかげでよくわかる。%K%P
「やっ、んんっ……最初から、こんな……こんなにっ、おっきっ……」%K%P
「やっ、んんっ……最初から、こんな……こんなにっ、おっきっ……」%K%P
「だって、ずっと我慢してたから……」%K%P
「だって、ずっと我慢してたから……」%K%P
「ああっ、わたしもっ……わたしも、ひさしぶりの和泉さんを、すっごく、感じてっ……はあっ」%K%P
「ああっ、わたしもっ……わたしも、ひさしぶりの和泉さんを、すっごく、感じてっ……はあっ」%K%P
「わたしの中で、じゅぶじゅぶっ……おっきいのが、いっぱいっ……は、あぁっ」%K%P
「わたしの中で、じゅぶじゅぶっ……おっきいのが、いっぱいっ……は、あぁっ」%K%P
「あっ、あんまり、ぎゅってしたらっ……」%K%P
「あっ、あんまり、ぎゅってしたらっ……」%K%P
根本まで密着させた後、挿抜のために腰を引こうとしたら、逃がさないとばかりにぎゅっと圧がかかる。%K%P
根本まで密着させた後、挿抜のために腰を引こうとしたら、逃がさないとばかりにぎゅっと圧がかかる。%K%P
「そっ、そんなこと言われても、身体が勝手にっ……はっ、あぁあっ……」%K%P
「そっ、そんなこと言われても、身体が勝手にっ……はっ、あぁあっ……」%K%P
「わっ、ああっ……？！」%K%P
「わっ、ああっ……？！」%K%P
下から打ち付けようとした腰のストロークは中途半端になり、カリが膣口と激しくこすれる。%K%P
下から打ち付けようとした腰のストロークは中途半端になり、カリが膣口と激しくこすれる。%K%P
「ひくっ……あんっ、和泉さん、入口、くちゅってしちゃっ……はぐっ、はあっ」%K%P
「ひくっ……あんっ、和泉さん、入口、くちゅってしちゃっ……はぐっ、はあっ」%K%P
僕にとっても相当強い刺激だったから、慌てて腰を合わせて、激しくしないようにそっと奥へ戻す。%K%P
僕にとっても相当強い刺激だったから、慌てて腰を合わせて、激しくしないようにそっと奥へ戻す。%K%P
「あっ……はあっ、あっ……和泉さんのが、ずんっ、って、わたしの奥、いっぱいにっ……」%K%P
「あっ……はあっ、あっ……和泉さんのが、ずんっ、って、わたしの奥、いっぱいにっ……」%K%P
「こすれてっ……奥、こすれてっ……んっ、和泉さんっ、だめっ、気持ちいっ……はあっ」%K%P
「こすれてっ……奥、こすれてっ……んっ、和泉さんっ、だめっ、気持ちいっ……はあっ」%K%P
「んっ……僕も、すっごく、いいっ……」%K%P
「んっ……僕も、すっごく、いいっ……」%K%P
綾香さんの身体を後ろからしっかり抱きしめ、何度も何度も、丁寧に腰を浮かせる。%K%P
綾香さんの身体を後ろからしっかり抱きしめ、何度も何度も、丁寧に腰を浮かせる。%K%P
綾香さんの身体を持ち上げつつ竿を押し込むと、締め付けのキツさが、だんだんと増していった。%K%P
綾香さんの身体を持ち上げつつ竿を押し込むと、締め付けのキツさが、だんだんと増していった。%K%P
「はふっ、くっ……やっ、すごい、わたしのあそこに、おっきいの、じゅぼじゅぼって……」%K%P
「はふっ、くっ……やっ、すごい、わたしのあそこに、おっきいの、じゅぼじゅぼって……」%K%P
「和泉さんお願い、もっと、もっと奥にっ……」%K%P
「和泉さんお願い、もっと、もっと奥にっ……」%K%P
「うんっ……」%K%P
「うんっ……」%K%P
言葉と腰で応えつつ、しっかりと綾香さんの中に快感を送り込むと、それは何倍にもなって返ってくる。%K%P
言葉と腰で応えつつ、しっかりと綾香さんの中に快感を送り込むと、それは何倍にもなって返ってくる。%K%P
「綾香さんっ……すっごい、締まるっ……」%K%P
「綾香さんっ……すっごい、締まるっ……」%K%P
「んっ……あっ、和泉さんが、わたしのあそこ、じゅぶじゅぶするからっ……はぁんっ」%K%P
「んっ……あっ、和泉さんが、わたしのあそこ、じゅぶじゅぶするからっ……はぁんっ」%K%P
「和泉さんのが、いっぱい、おっきくて太いのが、あそこにっ……ふぁっ、あぁあッ」%K%P
「和泉さんのが、いっぱい、おっきくて太いのが、あそこにっ……ふぁっ、あぁあッ」%K%P
鏡に映る結合部を見つめる綾香さんの目はうっとりとして、潤んだ具合が本当に妖艶だった。%K%P
鏡に映る結合部を見つめる綾香さんの目はうっとりとして、潤んだ具合が本当に妖艶だった。%K%P
そんな綾香さんを鏡越しにずっと見つめていたら、視線に気付いたのか、綾香さんが微かに笑う。%K%P
そんな綾香さんを鏡越しにずっと見つめていたら、視線に気付いたのか、綾香さんが微かに笑う。%K%P
「んっ……和泉さんとするエッチ、和泉さんの匂いも、声もっ……ぜんぶ、ぜんぶ好きッ……」%K%P
「んっ……和泉さんとするエッチ、和泉さんの匂いも、声もっ……ぜんぶ、ぜんぶ好きッ……」%K%P
「だからお願い、あそこもっ……和泉さんのガチガチになったの、奥に、もっとぉっ……」%K%P
「だからお願い、あそこもっ……和泉さんのガチガチになったの、奥に、もっとぉっ……」%K%P
「わたしの中、いっぱいっ……さっきより濃いの、熱いの、いっぱいっ……」%K%P
「わたしの中、いっぱいっ……さっきより濃いの、熱いの、いっぱいっ……」%K%P
要望に応えて、動かしていた腰を、力はそのままで小刻みに震わせ、弾ませつつ突き上げていく。%K%P
要望に応えて、動かしていた腰を、力はそのままで小刻みに震わせ、弾ませつつ突き上げていく。%K%P
「ひゃやっ？！　やっ、はげしっ……！」%K%P
「ひゃやっ？！　やっ、はげしっ……！」%K%P
「ひくっ、ぐっ……ああっ、あそこがずんずん、いっぱいっ……はあっ、くっ、んぅんんッ！」%K%P
「ひくっ、ぐっ……ああっ、あそこがずんずん、いっぱいっ……はあっ、くっ、んぅんんッ！」%K%P
「綾香さん、このままッ……」%K%P
「綾香さん、このままッ……」%K%P
腰掛けているのがベッドならスプリングの力も借りられたんだけど、椅子だとそうもいかない。%K%P
腰掛けているのがベッドならスプリングの力も借りられたんだけど、椅子だとそうもいかない。%K%P
腰を振るたびにぶつかる綾香さんのお尻の柔らかさを堪能しながら、僕は一気にスパートをかけた。%K%P
腰を振るたびにぶつかる綾香さんのお尻の柔らかさを堪能しながら、僕は一気にスパートをかけた。%K%P
「うんっ、これ、もうっ……はあっ、こんなに激しくされたら、わたしっ……はっ、んやぁっ」%K%P
「うんっ、これ、もうっ……はあっ、こんなに激しくされたら、わたしっ……はっ、んやぁっ」%K%P
「じゅぼじょぼされると……やっ、頭もあそこも、気持ち良くて変になっちゃうッ……」%K%P
「じゅぼじょぼされると……やっ、頭もあそこも、気持ち良くて変になっちゃうッ……」%K%P
「はあっ、くンッ……やっ、いずみさんっ、わたしもうっ、もうっ……はっ、ああっ」%K%P
「はあっ、くンッ……やっ、いずみさんっ、わたしもうっ、もうっ……はっ、ああっ」%K%P
「大丈夫、一緒にっ――」%K%P
「大丈夫、一緒にっ――」%K%P
射精の瞬間がいつ来てもいいように、綾香さんをしっかりと抱きしめ、ぐっと腰を密着させる。%K%P
射精の瞬間がいつ来てもいいように、綾香さんをしっかりと抱きしめ、ぐっと腰を密着させる。%K%P
「和泉さんっ、いく、いっ……はあっ、やあっ、イッちゃう、いっしょにっ……あッ、ああぁあッ！」%K%P
「和泉さんっ、いく、いっ……はあっ、やあっ、イッちゃう、いっしょにっ……あッ、ああぁあッ！」%K%P
「はあっ……！　あっ、はあっ……あぁ、は、ああっ……んッ、んんっ……！」%K%P
「はあっ……！　あっ、はあっ……あぁ、は、ああっ……んッ、んんっ……！」%K%P
「ああっ……濃いの、びゅくくぅって……わたしの中に、いずみさんが、いっぱい……」%K%P
「ああっ……濃いの、びゅくくぅって……わたしの中に、いずみさんが、いっぱい……」%K%P
絶頂の瞬間、震える綾香さんにしがみついて、密着させたペニスから、ありったけの精子を注ぎ込む。%K%P
絶頂の瞬間、震える綾香さんにしがみついて、密着させたペニスから、ありったけの精子を注ぎ込む。%K%P
「あ、あぁ……や、これ、まだ、んんっ……」%K%P
「あ、あぁ……や、これ、まだ、んんっ……」%K%P
「和泉さんの、どくどくって……まだ、出て……あぁ、すごい、これ、長いっ……」%K%P
「和泉さんの、どくどくって……まだ、出て……あぁ、すごい、これ、長いっ……」%K%P
「ごめん、なんかとまんなくてっ……」%K%P
「ごめん、なんかとまんなくてっ……」%K%P
強すぎる快感を受けたせいか、腰の震えも射精も、どっちもまるで収まらない。%K%P
強すぎる快感を受けたせいか、腰の震えも射精も、どっちもまるで収まらない。%K%P
「やっ……だめ、イッてすぐなのに、そんなに動かされたら、わたし、またっ……ああっ」%K%P
「やっ……だめ、イッてすぐなのに、そんなに動かされたら、わたし、またっ……ああっ」%K%P
「あ、綾香さんっ……？」%K%P
「あ、綾香さんっ……？」%K%P
射精が収まるより早く、綾香さんの腰がぐいっと僕にすり寄ってきた。%K%P
射精が収まるより早く、綾香さんの腰がぐいっと僕にすり寄ってきた。%K%P
「だっ、だめだよ、いま動かれたらっ……」%K%P
「だっ、だめだよ、いま動かれたらっ……」%K%P
「そんなこと言われても、我慢がっ……」%K%P
「そんなこと言われても、我慢がっ……」%K%P
絶頂を迎えた直後の無防備な神経は、綾香さんの綺麗なカウンターであっという間に制圧されてしまう。%K%P
絶頂を迎えた直後の無防備な神経は、綾香さんの綺麗なカウンターであっという間に制圧されてしまう。%K%P
「あ、綾香さん、だめっ、だめだってばっ。そんなことされたら、僕までおかしくっ……」%K%P
「あ、綾香さん、だめっ、だめだってばっ。そんなことされたら、僕までおかしくっ……」%K%P
２人の熱が混ざり合って溶けそうな膣が、たっぷり根本まで、硬いままの息子を咥え込む。%K%P
２人の熱が混ざり合って溶けそうな膣が、たっぷり根本まで、硬いままの息子を咥え込む。%K%P
「ぜんぶ、和泉さんがいけないんだからっ……」%K%P
「ぜんぶ、和泉さんがいけないんだからっ……」%K%P
「わたしのなかに、びゅくびゅくっ……こんなにいっぱい出しちゃうからっ……」%K%P
「わたしのなかに、びゅくびゅくっ……こんなにいっぱい出しちゃうからっ……」%K%P
「あそこが、和泉さんのミルクでたぷたぷになって、だからまた、うずいてっ……」%K%P
「あそこが、和泉さんのミルクでたぷたぷになって、だからまた、うずいてっ……」%K%P
「身体が、和泉さんを欲しいって……気持ち良くなりたいって、もっとしたいってっ……んんっ」%K%P
「身体が、和泉さんを欲しいって……気持ち良くなりたいって、もっとしたいってっ……んんっ」%K%P
熱烈な腰の動きをどうにか受け止めると、そこに溜まった快感が、まとめて流れ込んでくる。%K%P
熱烈な腰の動きをどうにか受け止めると、そこに溜まった快感が、まとめて流れ込んでくる。%K%P
あまりの気持ち良さに飛びそうな意識を懸命に繋ぎ止めながら、綾香さんをどうにか抱きしめた。%K%P
あまりの気持ち良さに飛びそうな意識を懸命に繋ぎ止めながら、綾香さんをどうにか抱きしめた。%K%P
「やっ、またっ、またイッちゃうっ……これ、とまらないのっ……気持ちいいのが、またっ……」%K%P
「やっ、またっ、またイッちゃうっ……これ、とまらないのっ……気持ちいいのが、またっ……」%K%P
可愛い動きとは裏腹に、綾香さんのお尻と割れ目は、僕の竿を目一杯揺さぶってくる。%K%P
可愛い動きとは裏腹に、綾香さんのお尻と割れ目は、僕の竿を目一杯揺さぶってくる。%K%P
「和泉さんのあそこが奥に届くたび、びくって、身体が、奥が、ぜんぶっ、おかしくっ……はあっ」%K%P
「和泉さんのあそこが奥に届くたび、びくって、身体が、奥が、ぜんぶっ、おかしくっ……はあっ」%K%P
「綾香さん、このままじゃ、僕っ……」%K%P
「綾香さん、このままじゃ、僕っ……」%K%P
「んっ……はあっ、わたしもっ、またっ……」%K%P
「んっ……はあっ、わたしもっ、またっ……」%K%P
あれだけ出して、なお射精したいと訴え始めた息子に翻弄されて、腰の震えがとまらない。%K%P
あれだけ出して、なお射精したいと訴え始めた息子に翻弄されて、腰の震えがとまらない。%K%P
このままイッたら意識を失いそうで怖いけど、綾香さんが相手なら、それでも――――、%K%P
このままイッたら意識を失いそうで怖いけど、綾香さんが相手なら、それでも――――、%K%P
「中はいっぱいだから、次は外にっ……」%K%P
「中はいっぱいだから、次は外にっ……」%K%P
「和泉さんの熱いの、肌にもいっぱいっ……ねっ？」%K%P
「和泉さんの熱いの、肌にもいっぱいっ……ねっ？」%K%P
情熱的な誘いを振り切れず、頷く代わりに生唾を飲んで、最後の力で、どうにか腰を浮かせる。%K%P
情熱的な誘いを振り切れず、頷く代わりに生唾を飲んで、最後の力で、どうにか腰を浮かせる。%K%P
「はっ、ああっ……和泉さんっ、そのまま、いっ、いいっ、いいのっ……あぁんっ」%K%P
「はっ、ああっ……和泉さんっ、そのまま、いっ、いいっ、いいのっ……あぁんっ」%K%P
「お願い和泉さんっ、い、はあっ、あっ……やっ、イッちゃう、いく、いくぅッ……！」%K%P
「お願い和泉さんっ、い、はあっ、あっ……やっ、イッちゃう、いく、いくぅッ……！」%K%P
「ふやっ、はぁああっ……！　びゅくくって……んっ、いっぱいっ……はっ、んぅんッ」%K%P
「ふやっ、はぁああっ……！　びゅくくって……んっ、いっぱいっ……はっ、んぅんッ」%K%P
「さきっぽから、どぴゅどぴゅって……あぁ……まだ、白いの、こんなにいっぱいっ……」%K%P
「さきっぽから、どぴゅどぴゅって……あぁ……まだ、白いの、こんなにいっぱいっ……」%K%P
身震いするたび、しゃくった竿が精子を飛ばす。%K%P
身震いするたび、しゃくった竿が精子を飛ばす。%K%P
上向きのペニスから溢れ出た精子は、綾香さんの肌や服に散らばり、ゆっくりと垂れていった。%K%P
上向きのペニスから溢れ出た精子は、綾香さんの肌や服に散らばり、ゆっくりと垂れていった。%K%P
「あぁ、良かった……意識があって……」%K%P
「あぁ、良かった……意識があって……」%K%P
そんな呟きが漏れてしまったぐらい、今回の絶頂は色々なものが飛んでしまいそうだった。%K%P
そんな呟きが漏れてしまったぐらい、今回の絶頂は色々なものが飛んでしまいそうだった。%K%P
「あぁ、すごい……こんなに、いっぱい……」%K%P
「あぁ、すごい……こんなに、いっぱい……」%K%P
「んっ……うん、これ、ホントにっ……」%K%P
「んっ……うん、これ、ホントにっ……」%K%P
中に出すときと違い、竿への圧迫が一切ないせいか、精子は本当に勢い良く溢れ出ちゃったみたいだ。%K%P
中に出すときと違い、竿への圧迫が一切ないせいか、精子は本当に勢い良く溢れ出ちゃったみたいだ。%K%P
それに、栓の役目も兼ねていた息子を抜いたことで、綾香さんの膣からも、泡立った精子が垂れてきて。%K%P
それに、栓の役目も兼ねていた息子を抜いたことで、綾香さんの膣からも、泡立った精子が垂れてきて。%K%P
「二人揃って、中も外も、すっかりトロトロになっちゃった……」%K%P
「二人揃って、中も外も、すっかりトロトロになっちゃった……」%K%P
綾香さんの恍惚とした吐息が、絶頂後の快感を、さらに心地良いものへと変えていく。%K%P
綾香さんの恍惚とした吐息が、絶頂後の快感を、さらに心地良いものへと変えていく。%K%P
「あぁ……ホント、いっぱい……」%K%P
「あぁ……ホント、いっぱい……」%K%P
鏡に映る僕たちは、すっかり真っ白に染まって。%K%P
鏡に映る僕たちは、すっかり真っ白に染まって。%K%P
精子にまみれた綾香さんをぼんやりと眺めていたら、だんだんと、麻痺していた思考が働いてきた。%K%P
精子にまみれた綾香さんをぼんやりと眺めていたら、だんだんと、麻痺していた思考が働いてきた。%K%P
「……これ、どうしよっか……？」%K%P
「……これ、どうしよっか……？」%K%P
綾香さんに言われるまま外に出しちゃったけど、まさか、こんなに出ちゃうなんて……。%K%P
綾香さんに言われるまま外に出しちゃったけど、まさか、こんなに出ちゃうなんて……。%K%P
床に飛び散った分は掃除するにしても、服についた分は、場所によっては結構目立ってしまいそうだ。%K%P
床に飛び散った分は掃除するにしても、服についた分は、場所によっては結構目立ってしまいそうだ。%K%P
「大丈夫よ、和泉さん。着替えなら……ほら、ちょうど学園にくる前に、買ってあるでしょう？」%K%P
「大丈夫よ、和泉さん。着替えなら……ほら、ちょうど学園にくる前に、買ってあるでしょう？」%K%P
「あっ、そっか……」%K%P
「あっ、そっか……」%K%P
運良く、というか……ここへくる前、綾香さんに再会の記念として服をプレゼントしたんだった。%K%P
運良く、というか……ここへくる前、綾香さんに再会の記念として服をプレゼントしたんだった。%K%P
「はぁ、良かった……」%K%P
「はぁ、良かった……」%K%P
「和泉さんも安心してね。あなたの分の着替えも、ちゃんと用意してあるから」%K%P
「和泉さんも安心してね。あなたの分の着替えも、ちゃんと用意してあるから」%K%P
「……えっ？」%K%P
「……えっ？」%K%P
この状況で、僕の分の着替え、って――――、%K%P
この状況で、僕の分の着替え、って――――、%K%P
「さっきのお店で可愛い服を見かけたから、似合うと思って、こっそり買っておいたの」%K%P
「さっきのお店で可愛い服を見かけたから、似合うと思って、こっそり買っておいたの」%K%P
「でも、さっきのお店は女の子向けの――」%K%P
「でも、さっきのお店は女の子向けの――」%K%P
「もちろん女の子ものよ？　それから、あのウィッグだって、ちゃんと用意してあるんだから」%K%P
「もちろん女の子ものよ？　それから、あのウィッグだって、ちゃんと用意してあるんだから」%K%P
「ウィッグって、まさか……」%K%P
「ウィッグって、まさか……」%K%P
「ふふふっ、だから言ったでしょう？　姉さんの許可はもらっている、って」%K%P
「ふふふっ、だから言ったでしょう？　姉さんの許可はもらっている、って」%K%P
「今夜、わたしの部屋に来客があることは、すでに寮母さんも了承済み、ってこと」%K%P
「今夜、わたしの部屋に来客があることは、すでに寮母さんも了承済み、ってこと」%K%P
「じゃ……じゃあ、綾香さん最初から――」%K%P
「じゃ……じゃあ、綾香さん最初から――」%K%P
「公園で出会って、レストランで食事をしたら、音楽室で女装をしたあと、寮で同じ部屋に泊まる――」%K%P
「公園で出会って、レストランで食事をしたら、音楽室で女装をしたあと、寮で同じ部屋に泊まる――」%K%P
「あの日をきちんと真似るのなら、ここまでやって、ようやく完璧、でしょ……？」%K%P
「あの日をきちんと真似るのなら、ここまでやって、ようやく完璧、でしょ……？」%K%P
弾むような声とともに、綾香さんが微笑む。%K%P
弾むような声とともに、綾香さんが微笑む。%K%P
「だから……ね？　今夜はわたしの部屋に、泊まっていってくれるわよね？　いずみさん？」%K%P
「だから……ね？　今夜はわたしの部屋に、泊まっていってくれるわよね？　いずみさん？」%K%P
「うっ……」%K%P
「うっ……」%K%P
それは明らかに、和泉司ではなく、塚原いずみに対して呼びかけている口調で。%K%P
それは明らかに、和泉司ではなく、塚原いずみに対して呼びかけている口調で。%K%P
だからもう、僕の答えなんて決まっていた。%K%P
だからもう、僕の答えなんて決まっていた。%K%P
「もう、計画犯なんだから……」%K%P
「もう、計画犯なんだから……」%K%P
溜め息をつくように頷いたけど、心のどこかで、なんとも言えない高揚感が沸き上がってくる。%K%P
溜め息をつくように頷いたけど、心のどこかで、なんとも言えない高揚感が沸き上がってくる。%K%P
「……久しぶりの女装だし、おかしくならないように、綾香さんも手伝ってくれる？」%K%P
「……久しぶりの女装だし、おかしくならないように、綾香さんも手伝ってくれる？」%K%P
「くすっ、喜んでお手伝いするわ。いずみさん」%K%P
「くすっ、喜んでお手伝いするわ。いずみさん」%K%P
僕が頷くと、綾香さんが満面の笑みを浮かべる。%K%P
僕が頷くと、綾香さんが満面の笑みを浮かべる。%K%P
あの時の再現デートが、まさかこれほど完璧な結末を迎えるとは、ちっとも予想してなかったけど。%K%P
あの時の再現デートが、まさかこれほど完璧な結末を迎えるとは、ちっとも予想してなかったけど。%K%P
でも、思いがけず久しぶりの女装をすることになり、ドキドキしている自分がいるのも確かだった。%K%P
でも、思いがけず久しぶりの女装をすることになり、ドキドキしている自分がいるのも確かだった。%K%P
