当番の子が号令を掛けて、教師に挨拶をする。%K%P
当番の子が号令を掛けて、教師に挨拶をする。%K%P
僕は教科書とノートをカバンに仕舞い込んだ。%K%P
僕は教科書とノートをカバンに仕舞い込んだ。%K%P
今日の授業はこれでお終い。あとは音楽室で……%K%P
今日の授業はこれでお終い。あとは音楽室で……%K%P
「いずみさん、この後だけど、森に来れそうかしら？　{騎士:ワルキュリア}と{歌姫:ディーバ}の連携について、詰めたいの」%K%P
「いずみさん、この後だけど、森に来れそうかしら？　{騎士:ワルキュリア}と{歌姫:ディーバ}の連携について、詰めたいの」%K%P
「あ、最初の方は剣技の練習だから、後から合流でもＯＫよ。ちょっと来てもらえると助かるかなって」%K%P
「あ、最初の方は剣技の練習だから、後から合流でもＯＫよ。ちょっと来てもらえると助かるかなって」%K%P
「あ、うん、分かった。それじゃ、一度音楽室に寄ってから行くね」%K%P
「あ、うん、分かった。それじゃ、一度音楽室に寄ってから行くね」%K%P
「あ、今日も歌のレッスン？　ごめんなさいね、いずみさんも忙しいのに」%K%P
「あ、今日も歌のレッスン？　ごめんなさいね、いずみさんも忙しいのに」%K%P
それに……僕は忙しいと言っても、彼女と一緒にすごせるのだから……ね。%K%P
それに……僕は忙しいと言っても、彼女と一緒にすごせるのだから……ね。%K%P
「ありがとうね。出来るだけ段取りの方しておくから。いずみさんには迷惑掛けないつもり」%K%P
「ありがとうね。出来るだけ段取りの方しておくから。いずみさんには迷惑掛けないつもり」%K%P
「それにしても……練習熱心ね。いずみさんといい、奏さんといい、今年の{歌姫:ディーバ}は特に熱が入ってるわね」%K%P
「それにしても……練習熱心ね。いずみさんといい、奏さんといい、今年の{歌姫:ディーバ}は特に熱が入ってるわね」%K%P
愛しい人の名前にドキッとする。%K%P
愛しい人の名前にドキッとする。%K%P
奏さん……もう音楽室で待っているのかな……うん、きっと待ってるだろうな。%K%P
奏さん……もう音楽室で待っているのかな……うん、きっと待ってるだろうな。%K%P
「出た、いずみさんの乙女顔！　ホント、この頃いい表情するようになったわねえ」%K%P
「出た、いずみさんの乙女顔！　ホント、この頃いい表情するようになったわねえ」%K%P
「ええ！？　な、なにそれ、お、乙女顔？」%K%P
「ええ！？　な、なにそれ、お、乙女顔？」%K%P
ごしごしと顔を擦る。しまった、奏さんの事を思ったら、つい。%K%P
ごしごしと顔を擦る。しまった、奏さんの事を思ったら、つい。%K%P
「ふふ、もう、美琴、いずみさんをからかわないの」%K%P
「ふふ、もう、美琴、いずみさんをからかわないの」%K%P
「でも、確かにいずみさん、調子よさそう。午前中の音楽での独唱、圧巻だったわよ？」%K%P
「でも、確かにいずみさん、調子よさそう。午前中の音楽での独唱、圧巻だったわよ？」%K%P
「そうそう、クラスの子達なんて、感動して泣く子までいたんだから。あたしも危なかったわよ、ふふふ」%K%P
「そうそう、クラスの子達なんて、感動して泣く子までいたんだから。あたしも危なかったわよ、ふふふ」%K%P
「あ、あはは、ありがとう。えっと、それじゃ急ぐから……また後で！」%K%P
「あ、あはは、ありがとう。えっと、それじゃ急ぐから……また後で！」%K%P
「ええ、それじゃごきげんよう」%K%P
「ええ、それじゃごきげんよう」%K%P
「お待ちしていますわよ、{歌姫:ディーバ}様」%K%P
「お待ちしていますわよ、{歌姫:ディーバ}様」%K%P
二人に手を振り、カバンを持って席を離れる。%K%P
二人に手を振り、カバンを持って席を離れる。%K%P
奏さんを想うと自然と足は軽くなり、気持ちも晴れやかになる。%K%P
奏さんを想うと自然と足は軽くなり、気持ちも晴れやかになる。%K%P
これが……恋、なのかな。%K%P
これが……恋、なのかな。%K%P
