朝、少し早めにラウンジへ行くと、法子さんが慌ただしく動き回っていた。%K%P
朝、少し早めにラウンジへ行くと、法子さんが慌ただしく動き回っていた。%K%P
「おはよう、姉さん」%K%P
「おはよう、姉さん」%K%P
「あら、おはよう。今日は二人とも早起きね」%K%P
「あら、おはよう。今日は二人とも早起きね」%K%P
「おはようございます、法子さん。よければ何か手伝います」%K%P
「おはようございます、法子さん。よければ何か手伝います」%K%P
「なら、いずみさんは私と一緒に使った器具の後片付けをお願いできますか？」%K%P
「なら、いずみさんは私と一緒に使った器具の後片付けをお願いできますか？」%K%P
「綾香ちゃんは、テーブルを拭いて回ってね」%K%P
「綾香ちゃんは、テーブルを拭いて回ってね」%K%P
申し出を受けた法子さんは、すぐにてきぱきと指示をくれる。%K%P
申し出を受けた法子さんは、すぐにてきぱきと指示をくれる。%K%P
以前に寮生が手伝ってくれることも多いって話していたし、こういうことに慣れているみたいだ。%K%P
以前に寮生が手伝ってくれることも多いって話していたし、こういうことに慣れているみたいだ。%K%P
「っと、いずみさん。綾香ちゃんはご迷惑をかけてませんか？」%K%P
「っと、いずみさん。綾香ちゃんはご迷惑をかけてませんか？」%K%P
キッチンに入って器具を洗っていると、隣にやってきた法子さんにこっそりと尋ねられる。%K%P
キッチンに入って器具を洗っていると、隣にやってきた法子さんにこっそりと尋ねられる。%K%P
「迷惑なんてとんでもないです。むしろ、助けられちゃってるばっかりで……」%K%P
「迷惑なんてとんでもないです。むしろ、助けられちゃってるばっかりで……」%K%P
フォローはもちろんだけど、すぐそばに自分が男の子だって知っている人が居るだけで、随分心強い。%K%P
フォローはもちろんだけど、すぐそばに自分が男の子だって知っている人が居るだけで、随分心強い。%K%P
「あっ、そうだ。私、ひとつ法子さんに聞きたいことがあったんです」%K%P
「あっ、そうだ。私、ひとつ法子さんに聞きたいことがあったんです」%K%P
「はい、なんでしょう？」%K%P
「はい、なんでしょう？」%K%P
「学園内で、大きな声を出しても迷惑にならない場所って、どこかありませんか？」%K%P
「学園内で、大きな声を出しても迷惑にならない場所って、どこかありませんか？」%K%P
学園生活に慣れることに懸命だったけど、そろそろトレーニングもしっかりしていかないといけない。%K%P
学園生活に慣れることに懸命だったけど、そろそろトレーニングもしっかりしていかないといけない。%K%P
僕の目的は{歌姫:ディーバ}として歌うことで、女装も、この暮らしも、そのためのものなんだから。%K%P
僕の目的は{歌姫:ディーバ}として歌うことで、女装も、この暮らしも、そのためのものなんだから。%K%P
「あっ……すみません、気が回らなくて。それなら、どうぞ音楽室を使ってください」%K%P
「あっ……すみません、気が回らなくて。それなら、どうぞ音楽室を使ってください」%K%P
「深皇祭前は{歌姫:ディーバ}が自由に練習で使えるよう、放課後は空けておく決まりになっていますから」%K%P
「深皇祭前は{歌姫:ディーバ}が自由に練習で使えるよう、放課後は空けておく決まりになっていますから」%K%P
ということは、この前奏さんが音楽室で歌っていたのも、練習していた、ってことだろう。%K%P
ということは、この前奏さんが音楽室で歌っていたのも、練習していた、ってことだろう。%K%P
「では、放課後に学園長室まで来て頂けますか？　鍵の借り方についてお教えしますので」%K%P
「では、放課後に学園長室まで来て頂けますか？　鍵の借り方についてお教えしますので」%K%P
「それと、そのときあわせて楽譜もお渡しします」%K%P
「それと、そのときあわせて楽譜もお渡しします」%K%P
「楽譜……？」%K%P
「楽譜……？」%K%P
「深皇祭で{歌姫:ディーバ}が歌う独唱曲の楽譜です。こちらも、御用意するのがすっかり遅くなってしまって」%K%P
「深皇祭で{歌姫:ディーバ}が歌う独唱曲の楽譜です。こちらも、御用意するのがすっかり遅くなってしまって」%K%P
「もしかして{歌姫:ディーバ}が歌う曲って、特別に作られたものがあるんですか？」%K%P
「もしかして{歌姫:ディーバ}が歌う曲って、特別に作られたものがあるんですか？」%K%P
「はい。深皇祭のために用意された曲ですよ」%K%P
「はい。深皇祭のために用意された曲ですよ」%K%P
「わあっ……」%K%P
「わあっ……」%K%P
その言葉を聞き、自然と心が騒ぎ出す。%K%P
その言葉を聞き、自然と心が騒ぎ出す。%K%P
「わかりました。じゃあ、今日の放課後、ぜったい、かならず学園長室に伺います」%K%P
「わかりました。じゃあ、今日の放課後、ぜったい、かならず学園長室に伺います」%K%P
「ふふっ。お待ちしています」%K%P
「ふふっ。お待ちしています」%K%P
少し興奮した様子で頷く僕を見て、法子さんはどこか楽しげに微笑んでいた。%K%P
少し興奮した様子で頷く僕を見て、法子さんはどこか楽しげに微笑んでいた。%K%P
ホームルームが終わり、放課後を報せるチャイムが鳴ると同時に、我慢できずに席を立ってしまう。%K%P
ホームルームが終わり、放課後を報せるチャイムが鳴ると同時に、我慢できずに席を立ってしまう。%K%P
「じゃあ私、学園長室に行ってくるね」%K%P
「じゃあ私、学園長室に行ってくるね」%K%P
「場所はわかる？」%K%P
「場所はわかる？」%K%P
「うん、大丈夫」%K%P
「うん、大丈夫」%K%P
今朝のことは事前に話しておいたから、事情を理解している綾香さんは僕をそのまま見送ってくれた。%K%P
今朝のことは事前に話しておいたから、事情を理解している綾香さんは僕をそのまま見送ってくれた。%K%P
「ふふっ、ふふふっ……」%K%P
「ふふっ、ふふふっ……」%K%P
学園長室で受けとった楽譜を抱きしめるように胸に抱えると、勝手に口元が緩んでしまう。%K%P
学園長室で受けとった楽譜を抱きしめるように胸に抱えると、勝手に口元が緩んでしまう。%K%P
「いずみさん、先程から顔が緩みっぱなしですよ」%K%P
「いずみさん、先程から顔が緩みっぱなしですよ」%K%P
「その、自分のために用意された曲があることが、すごく嬉しくて……」%K%P
「その、自分のために用意された曲があることが、すごく嬉しくて……」%K%P
厳密にいうと、この曲は{歌姫:ディーバ}のために作られた曲で、僕のために用意されたわけじゃない。%K%P
厳密にいうと、この曲は{歌姫:ディーバ}のために作られた曲で、僕のために用意されたわけじゃない。%K%P
それでも、喜びの大きさは変わらない。%K%P
それでも、喜びの大きさは変わらない。%K%P
「そう言ってもらえると、深皇の人間として、私も嬉しいです」%K%P
「そう言ってもらえると、深皇の人間として、私も嬉しいです」%K%P
「……っと、つきましたよ、いずみさん」%K%P
「……っと、つきましたよ、いずみさん」%K%P
「あっ、はい」%K%P
「あっ、はい」%K%P
楽譜のことばかり考えていたら、学園長室から音楽室までの道のりはあっという間だった。%K%P
楽譜のことばかり考えていたら、学園長室から音楽室までの道のりはあっという間だった。%K%P
法子さんの話によると、深皇学園には音楽室が２つあり、こちらの音楽室は古い方だそうだ。%K%P
法子さんの話によると、深皇学園には音楽室が２つあり、こちらの音楽室は古い方だそうだ。%K%P
いまは授業でたまに使われる程度だから、本当に気兼ねなく使って構わない、とのことだった。%K%P
いまは授業でたまに使われる程度だから、本当に気兼ねなく使って構わない、とのことだった。%K%P
「それと、もう１人の{歌姫:ディーバ}である奏さんも、音楽室は自由に使えることになっていますから――」%K%P
「それと、もう１人の{歌姫:ディーバ}である奏さんも、音楽室は自由に使えることになっていますから――」%K%P
「もし、練習が重なった場合には、お二人で話し合って時間の都合をつけてくださると助かります」%K%P
「もし、練習が重なった場合には、お二人で話し合って時間の都合をつけてくださると助かります」%K%P
「わかりました」%K%P
「わかりました」%K%P
「では、私はこれで失礼します」%K%P
「では、私はこれで失礼します」%K%P
「いずみさんの歌を聞いていきたいのは山々なんですが、仕事も山のように残っていますから」%K%P
「いずみさんの歌を聞いていきたいのは山々なんですが、仕事も山のように残っていますから」%K%P
「忙しいのに、色々とありがとうございます」%K%P
「忙しいのに、色々とありがとうございます」%K%P
「いえ。これも立派に仕事のうちです」%K%P
「いえ。これも立派に仕事のうちです」%K%P
「あっ、それから実はもうひとつ、いずみさんにお願いしたいことがあるんですが……」%K%P
「あっ、それから実はもうひとつ、いずみさんにお願いしたいことがあるんですが……」%K%P
「こちらについては、まだ目処がたっていないので、また日を改めてご相談させてください」%K%P
「こちらについては、まだ目処がたっていないので、また日を改めてご相談させてください」%K%P
「はい、わかりました」%K%P
「はい、わかりました」%K%P
お願い、というのがなんなのか気になるけど、法子さんがそう言うなら待つしかない。%K%P
お願い、というのがなんなのか気になるけど、法子さんがそう言うなら待つしかない。%K%P
「では、今度こそ失礼しますね」%K%P
「では、今度こそ失礼しますね」%K%P
頭を下げると、法子さんはそのまま去って行く。%K%P
頭を下げると、法子さんはそのまま去って行く。%K%P
一人になってから改めて音楽室を見渡すと、なんとなく姿見の前に立ってみた。%K%P
一人になってから改めて音楽室を見渡すと、なんとなく姿見の前に立ってみた。%K%P
そこに映るのは、ちょっと見慣れた、女の子な自分。%K%P
そこに映るのは、ちょっと見慣れた、女の子な自分。%K%P
「……初めての時よりは、自然、かな……？」%K%P
「……初めての時よりは、自然、かな……？」%K%P
あの日、{歌姫:ディーバ}になってほしいという綾香さんの頼みを引き受けたからこそ、僕は今、ここにいる。%K%P
あの日、{歌姫:ディーバ}になってほしいという綾香さんの頼みを引き受けたからこそ、僕は今、ここにいる。%K%P
もしあの頼みを断っていたら、今頃は友達の家を泊まり歩いたり、バイトしていたに違いない。%K%P
もしあの頼みを断っていたら、今頃は友達の家を泊まり歩いたり、バイトしていたに違いない。%K%P
「……わからないものだよね、人生って」%K%P
「……わからないものだよね、人生って」%K%P
昔から歌うのが好きだったけど、海外留学するなんて、子供の頃は思ってもいなかった。%K%P
昔から歌うのが好きだったけど、海外留学するなんて、子供の頃は思ってもいなかった。%K%P
もちろん、女装して女子学園に通うなんてことも。%K%P
もちろん、女装して女子学園に通うなんてことも。%K%P
……っと、そうそう。いまは{歌姫:ディーバ}として、出来る事をしなくっちゃね。%K%P
……っと、そうそう。いまは{歌姫:ディーバ}として、出来る事をしなくっちゃね。%K%P
「えっと……」%K%P
「えっと……」%K%P
音楽室にあった譜面台を借りて、法子さんから受けとった楽譜に目を通していく。%K%P
音楽室にあった譜面台を借りて、法子さんから受けとった楽譜に目を通していく。%K%P
五線譜に並んだ記号の連なりは、思ったよりも自然に、頭の中でメロディーとして紡がれていった。%K%P
五線譜に並んだ記号の連なりは、思ったよりも自然に、頭の中でメロディーとして紡がれていった。%K%P
「……ああ、そっか。奏さんが歌っていたの、この曲だったんだ……」%K%P
「……ああ、そっか。奏さんが歌っていたの、この曲だったんだ……」%K%P
初見なのにすんなりと旋律が生まれる理由に納得しながら、楽譜をめくっていく。%K%P
初見なのにすんなりと旋律が生まれる理由に納得しながら、楽譜をめくっていく。%K%P
「……んー、ふんふー……んー、るるー……」%K%P
「……んー、ふんふー……んー、るるー……」%K%P
気になった部分は、ちょっと声に出してみる。%K%P
気になった部分は、ちょっと声に出してみる。%K%P
最初は小さく、ゆっくりと……それこそ、水に浮かべたボートを漕ぐように、音階を連ねていった。%K%P
最初は小さく、ゆっくりと……それこそ、水に浮かべたボートを漕ぐように、音階を連ねていった。%K%P
「……あぁ、どうしよう……」%K%P
「……あぁ、どうしよう……」%K%P
最後まで目を通した後、思わず呟いてしまう。%K%P
最後まで目を通した後、思わず呟いてしまう。%K%P
だって、本当に素敵な曲だったから。%K%P
だって、本当に素敵な曲だったから。%K%P
「これ、私が歌っちゃっていいのかな……」%K%P
「これ、私が歌っちゃっていいのかな……」%K%P
良い曲だからこそ、それを歌える喜びと同時に、自分に出来るのだろうかという不安も生まれる。%K%P
良い曲だからこそ、それを歌える喜びと同時に、自分に出来るのだろうかという不安も生まれる。%K%P
でも、引き受けた以上はやるしかない。%K%P
でも、引き受けた以上はやるしかない。%K%P
「……よし。今度は最初から、通しで……」%K%P
「……よし。今度は最初から、通しで……」%K%P
この楽譜に込められた想いを、より強く感じたい。%K%P
この楽譜に込められた想いを、より強く感じたい。%K%P
吟じるように歌詞をなぞりながら、気持ちの高鳴りにあわせていくと、だんだんと声が張っていく。%K%P
吟じるように歌詞をなぞりながら、気持ちの高鳴りにあわせていくと、だんだんと声が張っていく。%K%P
もちろん初めてだから、少しつっかかってしまうこともあるけど、気にせず、そのまま歌っていく。%K%P
もちろん初めてだから、少しつっかかってしまうこともあるけど、気にせず、そのまま歌っていく。%K%P
「……ふぅ。まずはこんなもの、かな……？」%K%P
「……ふぅ。まずはこんなもの、かな……？」%K%P
ひとしき歌って、ふと息を吐いた瞬間、%K%P
ひとしき歌って、ふと息を吐いた瞬間、%K%P
「えっ？」%K%P
「えっ？」%K%P
小さく、それでいて確かな拍手に驚いて、焦りながら音の方へ振り向いてしまう。%K%P
小さく、それでいて確かな拍手に驚いて、焦りながら音の方へ振り向いてしまう。%K%P
「ごきげんよう、いずみさん」%K%P
「ごきげんよう、いずみさん」%K%P
「かっ、奏さん……」%K%P
「かっ、奏さん……」%K%P
「申し訳ありません。盗み聞くような格好になってしまって」%K%P
「申し訳ありません。盗み聞くような格好になってしまって」%K%P
「ですが、楽しそうに歌ってらっしゃったものですから、声をかけて邪魔をするのも忍びなくて」%K%P
「ですが、楽しそうに歌ってらっしゃったものですから、声をかけて邪魔をするのも忍びなくて」%K%P
「いえ、そんな……」%K%P
「いえ、そんな……」%K%P
ど、どうしよう。初めてだし、かなり手探り状態の歌唱だった気がするんだけど……。%K%P
ど、どうしよう。初めてだし、かなり手探り状態の歌唱だった気がするんだけど……。%K%P
「あの、いつぐらいから、そこに……？」%K%P
「あの、いつぐらいから、そこに……？」%K%P
「ええと……３分ほど前から、でしょうか」%K%P
「ええと……３分ほど前から、でしょうか」%K%P
「ドアを少し開けたら声が聞こえたので……それで、お邪魔にならないよう、こっそりと中に」%K%P
「ドアを少し開けたら声が聞こえたので……それで、お邪魔にならないよう、こっそりと中に」%K%P
「あ、あぅ……」%K%P
「あ、あぅ……」%K%P
そんなことにも気付かないぐらい、夢中で歌っちゃってた、ってことか……。%K%P
そんなことにも気付かないぐらい、夢中で歌っちゃってた、ってことか……。%K%P
「でも、本当にいずみさんの声は素敵ですわね。繊細なのに力強くて、それでいて、微かに甘い……」%K%P
「でも、本当にいずみさんの声は素敵ですわね。繊細なのに力強くて、それでいて、微かに甘い……」%K%P
「あ、甘い……？」%K%P
「あ、甘い……？」%K%P
「あっ、ごめんなさい。私、家が洋菓子屋を営んでいるんです」%K%P
「あっ、ごめんなさい。私、家が洋菓子屋を営んでいるんです」%K%P
「そのせいか、今のように味で例えてしまうクセがあるみたいなんですの」%K%P
「そのせいか、今のように味で例えてしまうクセがあるみたいなんですの」%K%P
「いずみさんの声は、私の耳を優しく溶かす……そんな、甘さが隠れているような気がいたします」%K%P
「いずみさんの声は、私の耳を優しく溶かす……そんな、甘さが隠れているような気がいたします」%K%P
「そ、そうなんだ……」%K%P
「そ、そうなんだ……」%K%P
歌については色々な評価を受けてきたけど、味覚で例えられるのは初めてだから何ともむずがゆい。%K%P
歌については色々な評価を受けてきたけど、味覚で例えられるのは初めてだから何ともむずがゆい。%K%P
「音楽室に来たってことは、奏さんも練習に？」%K%P
「音楽室に来たってことは、奏さんも練習に？」%K%P
「はい。少し、歌っていこうかと思いまして」%K%P
「はい。少し、歌っていこうかと思いまして」%K%P
「この前は時間がなくてお流れになってしまいましたけれど、今日は私の歌を聞いていただけますか？」%K%P
「この前は時間がなくてお流れになってしまいましたけれど、今日は私の歌を聞いていただけますか？」%K%P
「うん、ぜひ」%K%P
「うん、ぜひ」%K%P
「ふふっ。では、僭越ながら――」%K%P
「ふふっ。では、僭越ながら――」%K%P
そうして、奏さんは目を閉じると歌い始めた。%K%P
そうして、奏さんは目を閉じると歌い始めた。%K%P
「あぁ……」%K%P
「あぁ……」%K%P
聞いた瞬間、思わず溜め息が漏れてしまう。%K%P
聞いた瞬間、思わず溜め息が漏れてしまう。%K%P
耳朶を震わせ、鼓膜に染みていく声の連なり。%K%P
耳朶を震わせ、鼓膜に染みていく声の連なり。%K%P
聞き入るというより囚われてしまうような、そんな魅力を持った調べが心地良い。%K%P
聞き入るというより囚われてしまうような、そんな魅力を持った調べが心地良い。%K%P
知らず知らず目を閉じて、揺られるようにして包まれることを望んでしまう。%K%P
知らず知らず目を閉じて、揺られるようにして包まれることを望んでしまう。%K%P
奏さんの歌声は、とても柔らかかった。%K%P
奏さんの歌声は、とても柔らかかった。%K%P
「……いかがでしょう？」%K%P
「……いかがでしょう？」%K%P
歌い終わった奏さんが、どこか心配そうに僕を見つめる。%K%P
歌い終わった奏さんが、どこか心配そうに僕を見つめる。%K%P
「心地良い歌声で、どう表現したらいいか……」%K%P
「心地良い歌声で、どう表現したらいいか……」%K%P
「……そうだ。奏さんを真似て例えるなら、マシュマロのような歌声っていうのは、どうかな？」%K%P
「……そうだ。奏さんを真似て例えるなら、マシュマロのような歌声っていうのは、どうかな？」%K%P
「まあ……ふふっ、その感想、とても嬉しいです」%K%P
「まあ……ふふっ、その感想、とても嬉しいです」%K%P
にっこり微笑む奏さんを見て、胸を撫で下ろす。%K%P
にっこり微笑む奏さんを見て、胸を撫で下ろす。%K%P
「でも、こんなに上手いなんて……奏さん、普段はどんなトレーニングをしているの？」%K%P
「でも、こんなに上手いなんて……奏さん、普段はどんなトレーニングをしているの？」%K%P
「実は、専門的なトレーニングはあまり。ほとんど独学のようなものなんですのよ」%K%P
「実は、専門的なトレーニングはあまり。ほとんど独学のようなものなんですのよ」%K%P
「独学で、そこまで……？」%K%P
「独学で、そこまで……？」%K%P
「はい。楽譜は読めた方が良いからと、教わったことがあるのですけれど……」%K%P
「はい。楽譜は読めた方が良いからと、教わったことがあるのですけれど……」%K%P
「あとは、ただ歌うのが好き、という想いだけで、ずっと続けているようなものなんですの」%K%P
「あとは、ただ歌うのが好き、という想いだけで、ずっと続けているようなものなんですの」%K%P
「ああ……それは、私も。歌うのが好きだから続けているって部分は、奏さんと同じ」%K%P
「ああ……それは、私も。歌うのが好きだから続けているって部分は、奏さんと同じ」%K%P
「歌うって、とても気持ち良いですものね」%K%P
「歌うって、とても気持ち良いですものね」%K%P
「うん」%K%P
「うん」%K%P
奏さんと見つめ合うと、歌うのが好き、という気持ちが真っ直ぐに伝わってきて心地良い。%K%P
奏さんと見つめ合うと、歌うのが好き、という気持ちが真っ直ぐに伝わってきて心地良い。%K%P
「奏、いずみさん」%K%P
「奏、いずみさん」%K%P
「あ、千影さん」%K%P
「あ、千影さん」%K%P
ノックの音に振り返ると、音楽室の戸口に千影さんが立っていた。%K%P
ノックの音に振り返ると、音楽室の戸口に千影さんが立っていた。%K%P
「約束の時間になったから迎えに来たけれど……その様子だと、もう少し待っていた方が良い？」%K%P
「約束の時間になったから迎えに来たけれど……その様子だと、もう少し待っていた方が良い？」%K%P
「えっ？　まさか、もうそんな時間に……」%K%P
「えっ？　まさか、もうそんな時間に……」%K%P
奏さんが壁の時計を見たので、僕もそれに続く。%K%P
奏さんが壁の時計を見たので、僕もそれに続く。%K%P
「ホントだ、いつの間に……」%K%P
「ホントだ、いつの間に……」%K%P
奏さんに声をかけられてから、３０分以上も経っている。%K%P
奏さんに声をかけられてから、３０分以上も経っている。%K%P
奏さんの歌を聴いて、それから、ちょっと話していただけだと思っていたのに……。%K%P
奏さんの歌を聴いて、それから、ちょっと話していただけだと思っていたのに……。%K%P
「奏、いずみさんとお話していたんでしょう？　それなら無理に今日でなくともかまわないわよ？」%K%P
「奏、いずみさんとお話していたんでしょう？　それなら無理に今日でなくともかまわないわよ？」%K%P
「この前と違って、今日は急ぎでもないんだから」%K%P
「この前と違って、今日は急ぎでもないんだから」%K%P
「ダメですわ。今日はそもそも私が誘って、わざわざ千影の予定を空けてもらったんですもの」%K%P
「ダメですわ。今日はそもそも私が誘って、わざわざ千影の予定を空けてもらったんですもの」%K%P
「……ごめんなさい、いずみさん。今日はこのあと、千影と買い物にいく約束をしているんです」%K%P
「……ごめんなさい、いずみさん。今日はこのあと、千影と買い物にいく約束をしているんです」%K%P
「ですので、ここでお開きとしてもよろしいでしょうか？」%K%P
「ですので、ここでお開きとしてもよろしいでしょうか？」%K%P
「そんなに気にしないでいいよ、奏さん。今日は私も音楽室を見に来たようなものだから」%K%P
「そんなに気にしないでいいよ、奏さん。今日は私も音楽室を見に来たようなものだから」%K%P
「それに、今日はしっかりと奏さんの歌を聴かせてもらえたから。大満足」%K%P
「それに、今日はしっかりと奏さんの歌を聴かせてもらえたから。大満足」%K%P
「いずみさん……。ありがとうございます」%K%P
「いずみさん……。ありがとうございます」%K%P
僕の言葉を受けて、奏さんが嬉しそうに微笑む。%K%P
僕の言葉を受けて、奏さんが嬉しそうに微笑む。%K%P
「では、いずみさん。よろしければエントランスまでご一緒しませんか？」%K%P
「では、いずみさん。よろしければエントランスまでご一緒しませんか？」%K%P
「けど、その……お邪魔じゃない？」%K%P
「けど、その……お邪魔じゃない？」%K%P
他意はなかったんだけど、千影さんと奏さんが並ぶ姿を見ていたら、思わずそんな言葉が出てしまう。%K%P
他意はなかったんだけど、千影さんと奏さんが並ぶ姿を見ていたら、思わずそんな言葉が出てしまう。%K%P
「そんなことありませんわ。ね？　千影」%K%P
「そんなことありませんわ。ね？　千影」%K%P
「ええ、もちろん」%K%P
「ええ、もちろん」%K%P
というわけで、千影さんたちと一緒にエントランス前まで行くことになり、並んで歩く。%K%P
というわけで、千影さんたちと一緒にエントランス前まで行くことになり、並んで歩く。%K%P
「２人は知り合って長いの？」%K%P
「２人は知り合って長いの？」%K%P
「この学園に入ってから、ですから……まだ２年目、といったところですわね」%K%P
「この学園に入ってから、ですから……まだ２年目、といったところですわね」%K%P
「今のように親しくなったのは、もう少し後よ」%K%P
「今のように親しくなったのは、もう少し後よ」%K%P
「そうなんだ。……なんだか意外」%K%P
「そうなんだ。……なんだか意外」%K%P
「意外って？」%K%P
「意外って？」%K%P
「私、２人はもっと古い付き合いなのかな、って思ってたから」%K%P
「私、２人はもっと古い付き合いなのかな、って思ってたから」%K%P
お互いに名前を呼び捨てにしあっているし、なにより、話し掛けるときの距離感がとても近い。%K%P
お互いに名前を呼び捨てにしあっているし、なにより、話し掛けるときの距離感がとても近い。%K%P
「実は、ちょっとした縁があったんですの。それ以来、とくに親しくなって」%K%P
「実は、ちょっとした縁があったんですの。それ以来、とくに親しくなって」%K%P
「ちょっとした縁？」%K%P
「ちょっとした縁？」%K%P
「色々とね。去年の深皇祭も、そのひとつ」%K%P
「色々とね。去年の深皇祭も、そのひとつ」%K%P
「ああ……。そういえば奏さんも千影さんも、２年連続で深皇祭に出るんだよね？」%K%P
「ああ……。そういえば奏さんも千影さんも、２年連続で深皇祭に出るんだよね？」%K%P
「ええ。といっても、２年連続で{歌姫:ディーバ}に選ばれるのは、それほど珍しくないそうです」%K%P
「ええ。といっても、２年連続で{歌姫:ディーバ}に選ばれるのは、それほど珍しくないそうです」%K%P
それについては、綾香さんも似たようなことを言っていた気がする。%K%P
それについては、綾香さんも似たようなことを言っていた気がする。%K%P
「でも、千影のように２年連続で{騎士:ワルキュリア}に選ばれることは、とっても稀有なんですのよ」%K%P
「でも、千影のように２年連続で{騎士:ワルキュリア}に選ばれることは、とっても稀有なんですのよ」%K%P
「つまり、千影さんは去年もアリアに出た、ってこと？」%K%P
「つまり、千影さんは去年もアリアに出た、ってこと？」%K%P
「ええ、そうよ」%K%P
「ええ、そうよ」%K%P
「ね？　いずみさんもすごいと思いませんか？」%K%P
「ね？　いずみさんもすごいと思いませんか？」%K%P
「うん。それに、綾香さんや美琴さんも、千影さんはすごい人だって言ってたから」%K%P
「うん。それに、綾香さんや美琴さんも、千影さんはすごい人だって言ってたから」%K%P
綾香さんや美琴さんの人柄やその実力は、数日、側で見てきたから僕にもわかる。%K%P
綾香さんや美琴さんの人柄やその実力は、数日、側で見てきたから僕にもわかる。%K%P
そんな２人が諸手をあげて褒める以上、千影さんが相当な人であることは間違いない。%K%P
そんな２人が諸手をあげて褒める以上、千影さんが相当な人であることは間違いない。%K%P
他でもない僕自身、千影さんを初めて見たとき、その雰囲気に心を揺り動かされてしまったし。%K%P
他でもない僕自身、千影さんを初めて見たとき、その雰囲気に心を揺り動かされてしまったし。%K%P
「２人がそう言ってくれるのは嬉しいけれど……私は私にできることをしているだけよ？」%K%P
「２人がそう言ってくれるのは嬉しいけれど……私は私にできることをしているだけよ？」%K%P
「別に、特別なことはなにもしていないわ」%K%P
「別に、特別なことはなにもしていないわ」%K%P
「もう、千影はすぐにそうして謙遜して……」%K%P
「もう、千影はすぐにそうして謙遜して……」%K%P
「だから、謙遜しているつもりもないわ。私はまだまだだって、そういう話をしているだけ」%K%P
「だから、謙遜しているつもりもないわ。私はまだまだだって、そういう話をしているだけ」%K%P
「それを謙遜って言うんですのよ。ね？　いずみさん」%K%P
「それを謙遜って言うんですのよ。ね？　いずみさん」%K%P
「うっ、うん……ふっ、ふふっ、あははっ」%K%P
「うっ、うん……ふっ、ふふっ、あははっ」%K%P
頷こうとして堪え切れず、つい笑ってしまう。%K%P
頷こうとして堪え切れず、つい笑ってしまう。%K%P
「……いずみさん？　どうかした？」%K%P
「……いずみさん？　どうかした？」%K%P
「ごっ、ごめんね。２人のやりとりが、綾香さんと美琴さんに似ていたから、つい」%K%P
「ごっ、ごめんね。２人のやりとりが、綾香さんと美琴さんに似ていたから、つい」%K%P
数日前、エントランス前で初めて千影さんを見かけたあと、似たような会話があった。%K%P
数日前、エントランス前で初めて千影さんを見かけたあと、似たような会話があった。%K%P
もしかすると、女の子同士にとってはよくある会話の流れなのかもしれない。%K%P
もしかすると、女の子同士にとってはよくある会話の流れなのかもしれない。%K%P
「……うん。でも、本当に２人の仲がいいんだってことはわかったよ」%K%P
「……うん。でも、本当に２人の仲がいいんだってことはわかったよ」%K%P
僕がそう言うと、奏さんと千影さんは、少しだけ照れた表情を浮かべながら視線を交わしていた。%K%P
僕がそう言うと、奏さんと千影さんは、少しだけ照れた表情を浮かべながら視線を交わしていた。%K%P
寮に帰って夕食を食べ終えると、綾香さんは入浴のために部屋を出て行った。%K%P
寮に帰って夕食を食べ終えると、綾香さんは入浴のために部屋を出て行った。%K%P
「ふぅ……」%K%P
「ふぅ……」%K%P
ベッドに座ると、自然と溜め息が漏れた。%K%P
ベッドに座ると、自然と溜め息が漏れた。%K%P
女子寮で暮らしている以上、いつなにが起こるとも知れないから、たとえ１人の時でも女装はしたまま。%K%P
女子寮で暮らしている以上、いつなにが起こるとも知れないから、たとえ１人の時でも女装はしたまま。%K%P
気の休まる時間といえば、主に入浴の時間ぐらい。%K%P
気の休まる時間といえば、主に入浴の時間ぐらい。%K%P
綾香さんには申し訳ないけど、こうして１人になれる時間は、だから貴重だったりする。%K%P
綾香さんには申し訳ないけど、こうして１人になれる時間は、だから貴重だったりする。%K%P
「深皇祭、かぁ……」%K%P
「深皇祭、かぁ……」%K%P
法子さんからもらった楽譜をめくりながら、改めて今日までのことを思い出す。%K%P
法子さんからもらった楽譜をめくりながら、改めて今日までのことを思い出す。%K%P
{騎士:ワルキュリア}やアリアのことを聞いたり、実際に候補生の練習風景も見たり、{歌姫:ディーバ}のための曲の楽譜をもらったり。%K%P
{騎士:ワルキュリア}やアリアのことを聞いたり、実際に候補生の練習風景も見たり、{歌姫:ディーバ}のための曲の楽譜をもらったり。%K%P
女装して深皇学園に通い始めてからまだ１週間も経ってないけど、本当に、色々な事があった。%K%P
女装して深皇学園に通い始めてからまだ１週間も経ってないけど、本当に、色々な事があった。%K%P
そのすべては、僕が{歌姫:ディーバ}を引き受けたからこそ、起こった出来事だ。%K%P
そのすべては、僕が{歌姫:ディーバ}を引き受けたからこそ、起こった出来事だ。%K%P
「……いい歌を、歌わないと」%K%P
「……いい歌を、歌わないと」%K%P
歌は心を動かす。%K%P
歌は心を動かす。%K%P
逆に言えば、心は歌で動く。%K%P
逆に言えば、心は歌で動く。%K%P
僕の歌が、この学園に通う学生たちにとって、掛け替えのないものになるようにしなくっちゃね。%K%P
僕の歌が、この学園に通う学生たちにとって、掛け替えのないものになるようにしなくっちゃね。%K%P
「今年の{歌姫:ディーバ}は下手だった、なんて言われたら、ショックで留学先に戻れないかも……」%K%P
「今年の{歌姫:ディーバ}は下手だった、なんて言われたら、ショックで留学先に戻れないかも……」%K%P
ちょっと自嘲気味に呟きながら、そうならないようにしなくちゃ、と気持ちを引き締める。%K%P
ちょっと自嘲気味に呟きながら、そうならないようにしなくちゃ、と気持ちを引き締める。%K%P
「そういえば、留学したばかりのときも、最初はこんな感じだったなぁ……」%K%P
「そういえば、留学したばかりのときも、最初はこんな感じだったなぁ……」%K%P
ここは異国じゃ無いけど、雰囲気や習慣は、僕の過ごしてきた環境とは大きく違う。%K%P
ここは異国じゃ無いけど、雰囲気や習慣は、僕の過ごしてきた環境とは大きく違う。%K%P
お嬢様の通う、女の子だらけの女子学園。%K%P
お嬢様の通う、女の子だらけの女子学園。%K%P
文字通りの女の園だから、それこそ別世界のように感じるような出来事も多い。%K%P
文字通りの女の園だから、それこそ別世界のように感じるような出来事も多い。%K%P
だけど、それは驚きの連続であると同時に、とっても刺激に溢れた毎日で。%K%P
だけど、それは驚きの連続であると同時に、とっても刺激に溢れた毎日で。%K%P
その刺激は、きっと僕を成長させてくれる。%K%P
その刺激は、きっと僕を成長させてくれる。%K%P
「――と、いいな」%K%P
「――と、いいな」%K%P
呟いたら、自分の言葉に思わず笑みが漏れた。%K%P
呟いたら、自分の言葉に思わず笑みが漏れた。%K%P
