「い、ず、み、ちゃーん」%K%P
「い、ず、み、ちゃーん」%K%P
「え？　この声、このパターンは……」%K%P
「え？　この声、このパターンは……」%K%P
昼食を終え、廊下を歩いていた僕は、背後から肩を叩かれる。%K%P
昼食を終え、廊下を歩いていた僕は、背後から肩を叩かれる。%K%P
落ち着きの中にも、女性を感じさせる可愛らしい声……これは……佳様だね。%K%P
落ち着きの中にも、女性を感じさせる可愛らしい声……これは……佳様だね。%K%P
「佳様、その手には引っかかりませ……んぁんっ」%K%P
「佳様、その手には引っかかりませ……んぁんっ」%K%P
振り返った瞬間、指が唇に触れる。敏感な部分を刺激され、思わず声が出る。%K%P
振り返った瞬間、指が唇に触れる。敏感な部分を刺激され、思わず声が出る。%K%P
「なになに、今の声、ちょっと色っぽかったよ、いずみちゃん。ねえ、感じちゃった？」%K%P
「なになに、今の声、ちょっと色っぽかったよ、いずみちゃん。ねえ、感じちゃった？」%K%P
「んもう、違います。佳様が急に、その、唇に触れるから……」%K%P
「んもう、違います。佳様が急に、その、唇に触れるから……」%K%P
佳様の指、冷たくて気持ち良かったな。良い匂いもしたし……%K%P
佳様の指、冷たくて気持ち良かったな。良い匂いもしたし……%K%P
「感じちゃったと。ふふ、いずみちゃんの唇柔らかかったよ……んちゅ」%K%P
「感じちゃったと。ふふ、いずみちゃんの唇柔らかかったよ……んちゅ」%K%P
「うわ、な、なにをしてるんですか、もう！」%K%P
「うわ、な、なにをしてるんですか、もう！」%K%P
佳様が僕の唇に触れた指を、自分のソレに当てる。%K%P
佳様が僕の唇に触れた指を、自分のソレに当てる。%K%P
細く、白い指がピンク色の唇に触れて……これって、間接キス、だよね……うぅ、凄くドキドキするよ。%K%P
細く、白い指がピンク色の唇に触れて……これって、間接キス、だよね……うぅ、凄くドキドキするよ。%K%P
「え、間接キスだけど？」%K%P
「え、間接キスだけど？」%K%P
「なに、間接キスとかはっきり言ってるんですか！」%K%P
「なに、間接キスとかはっきり言ってるんですか！」%K%P
「あん、いずみちゃん、声大きいよ？　ほら、周り、周り」%K%P
「あん、いずみちゃん、声大きいよ？　ほら、周り、周り」%K%P
相変らずマイペースな佳様の言葉に、周囲を見回す……う、嘘、みんな見てる……%K%P
相変らずマイペースな佳様の言葉に、周囲を見回す……う、嘘、みんな見てる……%K%P
「あの{最優秀騎士:ブリランテ}の佳様と{歌姫:ディーバ}のいずみ様が間接キス……きゃー大胆」%K%P
「あの{最優秀騎士:ブリランテ}の佳様と{歌姫:ディーバ}のいずみ様が間接キス……きゃー大胆」%K%P
「ああ、佳様とキスなんて……でも{歌姫:ディーバ}様ならお似合いかもしれませんわね」%K%P
「ああ、佳様とキスなんて……でも{歌姫:ディーバ}様ならお似合いかもしれませんわね」%K%P
「お二人は愛し合ってるのかしら、どこまで進んでいるのかしら」%K%P
「お二人は愛し合ってるのかしら、どこまで進んでいるのかしら」%K%P
「禁断の恋。遂げられぬ思い。お二人は手に手をとって……きゃー、堪りませんわっ」%K%P
「禁断の恋。遂げられぬ思い。お二人は手に手をとって……きゃー、堪りませんわっ」%K%P
……そうだった、佳様は有名人だった。おまけに僕も一応{歌姫:ディーバ}だし……うう、恥ずかしいよ。%K%P
……そうだった、佳様は有名人だった。おまけに僕も一応{歌姫:ディーバ}だし……うう、恥ずかしいよ。%K%P
「み、皆さん、なんでもありませんから！　今のは事故、事故ですよ！」%K%P
「み、皆さん、なんでもありませんから！　今のは事故、事故ですよ！」%K%P
「ひどいわー、{歌姫:ディーバ}様ったら、私の唇を奪い取っておいて、遊びだったのね」%K%P
「ひどいわー、{歌姫:ディーバ}様ったら、私の唇を奪い取っておいて、遊びだったのね」%K%P
「ううん、唇どころか、私の気持ちまで虜にしておいてっ」%K%P
「ううん、唇どころか、私の気持ちまで虜にしておいてっ」%K%P
「ちょ、け、佳様、火に油を注ぐようなことを！」%K%P
「ちょ、け、佳様、火に油を注ぐようなことを！」%K%P
「きゃぁ、修羅場よ、修羅場」%K%P
「きゃぁ、修羅場よ、修羅場」%K%P
「昼ドラマも真っ青の、ドロドロの愛憎劇ね。これは見物ですわ」%K%P
「昼ドラマも真っ青の、ドロドロの愛憎劇ね。これは見物ですわ」%K%P
「まさかの{歌姫:ディーバ}様が攻めだなんて……てっきり佳様がリードされてるかと」%K%P
「まさかの{歌姫:ディーバ}様が攻めだなんて……てっきり佳様がリードされてるかと」%K%P
「ああ、耽美な妄想が拡がりますわ」%K%P
「ああ、耽美な妄想が拡がりますわ」%K%P
攻めてません、お願い、拡げないでっ。%K%P
攻めてません、お願い、拡げないでっ。%K%P
うう、注目の的だよ……もう、お嬢様学園といっても、みんな年頃の女の子なんだな……%K%P
うう、注目の的だよ……もう、お嬢様学園といっても、みんな年頃の女の子なんだな……%K%P
「それで、なんの用ですか、佳様」%K%P
「それで、なんの用ですか、佳様」%K%P
「おやおや、ずいぶんとご機嫌斜めだね、いずみちゃん。どうしたのさ」%K%P
「おやおや、ずいぶんとご機嫌斜めだね、いずみちゃん。どうしたのさ」%K%P
……どうしたも、こうしたも無いでしょう。%K%P
……どうしたも、こうしたも無いでしょう。%K%P
あの後、結局騒ぎは収まらず、僕はあの場を逃げるように立ち去るしかなかった。%K%P
あの後、結局騒ぎは収まらず、僕はあの場を逃げるように立ち去るしかなかった。%K%P
佳様は何事も無かったかのように愛想振りまきながら付いてくるし……んもう。%K%P
佳様は何事も無かったかのように愛想振りまきながら付いてくるし……んもう。%K%P
「ごめん、冗談だって。ほら、機嫌直してよ、ね」%K%P
「ごめん、冗談だって。ほら、機嫌直してよ、ね」%K%P
ぱちりとウインクする佳様。%K%P
ぱちりとウインクする佳様。%K%P
もう、仕草一つ一つが格好いいというか、憎めないというか――怒る気も失せてしまう。%K%P
もう、仕草一つ一つが格好いいというか、憎めないというか――怒る気も失せてしまう。%K%P
「でさ、楓が言ってたけど、この頃、毎日のように道場に来てくれてるんだって？」%K%P
「でさ、楓が言ってたけど、この頃、毎日のように道場に来てくれてるんだって？」%K%P
「あ、そうですね。といっても、レッスンの合間とかなので、それ程長い時間はいませんけど」%K%P
「あ、そうですね。といっても、レッスンの合間とかなので、それ程長い時間はいませんけど」%K%P
「それでも助かるよ。私も出来るだけ顔を出したいんだけど、三年ともなると、色々やることがあってさ」%K%P
「それでも助かるよ。私も出来るだけ顔を出したいんだけど、三年ともなると、色々やることがあってさ」%K%P
楓さんが部長を務めている日本剣術部は、部員が彼女しかいない。%K%P
楓さんが部長を務めている日本剣術部は、部員が彼女しかいない。%K%P
友達である佳様がいなければ、一人きりで練習するしかない。%K%P
友達である佳様がいなければ、一人きりで練習するしかない。%K%P
「佳様もお忙しいでしょうし、仕方ありませんよ。私が練習相手とか出来ればいいんですけどね」%K%P
「佳様もお忙しいでしょうし、仕方ありませんよ。私が練習相手とか出来ればいいんですけどね」%K%P
「そこまではお願い出来ないさ。いいんだよ、誰かが自分に興味を持ってくれている、それだけで人は勇気が持てるのさ」%K%P
「そこまではお願い出来ないさ。いいんだよ、誰かが自分に興味を持ってくれている、それだけで人は勇気が持てるのさ」%K%P
「いずみちゃんだって、一人きりで歌ってるより、誰かが聴いてくれてた方が、張り合いがあるでしょ？」%K%P
「いずみちゃんだって、一人きりで歌ってるより、誰かが聴いてくれてた方が、張り合いがあるでしょ？」%K%P
たしかにそうかも知れない――この街の公園で歌ったときだって、聴いている人達に、どれだけ勇気を貰ったことか。%K%P
たしかにそうかも知れない――この街の公園で歌ったときだって、聴いている人達に、どれだけ勇気を貰ったことか。%K%P
「それにさ、この頃、楓の様子に変化が出てきたんだよ。それも良い方にね……いずみちゃん、なにかアドバイスしてくれたんだって？」%K%P
「それにさ、この頃、楓の様子に変化が出てきたんだよ。それも良い方にね……いずみちゃん、なにかアドバイスしてくれたんだって？」%K%P
「アドバイスって程じゃないですけどね。ふふ、そうですか、プラスになったのなら、嬉しいです」%K%P
「アドバイスって程じゃないですけどね。ふふ、そうですか、プラスになったのなら、嬉しいです」%K%P
「楓はさ、ほんとに凄いんだ。あの子自身が思っている以上にね」%K%P
「楓はさ、ほんとに凄いんだ。あの子自身が思っている以上にね」%K%P
「もしかしたら……これが切っ掛けになって、克服する事ができるのかも」%K%P
「もしかしたら……これが切っ掛けになって、克服する事ができるのかも」%K%P
端正な顔を引き締め、佳様が独り言のように呟く。%K%P
端正な顔を引き締め、佳様が独り言のように呟く。%K%P
……こんな表情もするのか……ちょっとドキっとしちゃった。%K%P
……こんな表情もするのか……ちょっとドキっとしちゃった。%K%P
「えっと克服、ですか？　それって」%K%P
「えっと克服、ですか？　それって」%K%P
「あ、まあ、あの子にはちょっとね…………」%K%P
「あ、まあ、あの子にはちょっとね…………」%K%P
言いよどむ佳様……チラリと周囲を見回す。ここでは言えない話なのだろうか。%K%P
言いよどむ佳様……チラリと周囲を見回す。ここでは言えない話なのだろうか。%K%P
そして、不意に僕らの背後から声が掛けられた。%K%P
そして、不意に僕らの背後から声が掛けられた。%K%P
「あ、いずみさん、そこにいらっしゃったのね、丁度良かった。佳様、ごきげんよう」%K%P
「あ、いずみさん、そこにいらっしゃったのね、丁度良かった。佳様、ごきげんよう」%K%P
「佳様、いずみさん、ごきげんよう」%K%P
「佳様、いずみさん、ごきげんよう」%K%P
「おっと、綾香に美琴じゃないか、ごきげんよう。二人とも相変らずキュートだね」%K%P
「おっと、綾香に美琴じゃないか、ごきげんよう。二人とも相変らずキュートだね」%K%P
「ふふ、ありがとうございます。佳様こそ、いつも以上にお美しいですわ」%K%P
「ふふ、ありがとうございます。佳様こそ、いつも以上にお美しいですわ」%K%P
このセリフがさらっと出てくる辺り、さすがお嬢様学園だ。%K%P
このセリフがさらっと出てくる辺り、さすがお嬢様学園だ。%K%P
けれども、三人とも、言葉に{違:たが}わぬ人物だと思う。現に今も周りからの羨望の眼差しを集めている。%K%P
けれども、三人とも、言葉に{違:たが}わぬ人物だと思う。現に今も周りからの羨望の眼差しを集めている。%K%P
「なんていうか、ドラマか、小説みたい……」%K%P
「なんていうか、ドラマか、小説みたい……」%K%P
「まあまあ、二人ともその辺りで。ふふ、いずみさん、言葉遊びのような物だからね」%K%P
「まあまあ、二人ともその辺りで。ふふ、いずみさん、言葉遊びのような物だからね」%K%P
「いや、二人とも、ううん、綾香さんも映画のヒロインのように素敵だもの、しっくりとくるよ」%K%P
「いや、二人とも、ううん、綾香さんも映画のヒロインのように素敵だもの、しっくりとくるよ」%K%P
「なにを言ってるんだい、いずみちゃん。キミだって、とってもチャーミングだよ。中性的な魅力に溢れてるじゃないか」%K%P
「なにを言ってるんだい、いずみちゃん。キミだって、とってもチャーミングだよ。中性的な魅力に溢れてるじゃないか」%K%P
あは、そのお言葉は、嬉しいやら、悲しいやらですが……%K%P
あは、そのお言葉は、嬉しいやら、悲しいやらですが……%K%P
「唇、柔らかかったよ。ごちそうさま」%K%P
「唇、柔らかかったよ。ごちそうさま」%K%P
「んなっ！」%K%P
「んなっ！」%K%P
「ほほう、それは聞き捨てならないですわね。いずみさん、その点、詳しく」%K%P
「ほほう、それは聞き捨てならないですわね。いずみさん、その点、詳しく」%K%P
あう、これじゃさっきの繰り返しだよ。佳様、分かってやってるでしょう？%K%P
あう、これじゃさっきの繰り返しだよ。佳様、分かってやってるでしょう？%K%P
「もう、佳様ったら冗談ばっかりで……あ、綾香さん、なにか私に用事があったんじゃない？」%K%P
「もう、佳様ったら冗談ばっかりで……あ、綾香さん、なにか私に用事があったんじゃない？」%K%P
「ええ、深皇祭のことなのだけど。当日の{歌姫:ディーバ}と{騎士:ワルキュリア}のスケジュールに付いて打ち合わせしたいことがあって」%K%P
「ええ、深皇祭のことなのだけど。当日の{歌姫:ディーバ}と{騎士:ワルキュリア}のスケジュールに付いて打ち合わせしたいことがあって」%K%P
「ふふ、お忙しそうだね。私はこの辺りで退散するとしよう」%K%P
「ふふ、お忙しそうだね。私はこの辺りで退散するとしよう」%K%P
「ごめんなさい、佳様。まるで追い立ててしまうような形になってしまって」%K%P
「ごめんなさい、佳様。まるで追い立ててしまうような形になってしまって」%K%P
「気遣いご無用さ。またねっ」%K%P
「気遣いご無用さ。またねっ」%K%P
まるで敬礼のように二本の指を斜めにする佳様。%K%P
まるで敬礼のように二本の指を斜めにする佳様。%K%P
周りの学生から黄色い声が上がる……んもう、いちいち格好いいんだから。%K%P
周りの学生から黄色い声が上がる……んもう、いちいち格好いいんだから。%K%P
「……はぁ……やっと行ってくれた」%K%P
「……はぁ……やっと行ってくれた」%K%P
「うふふ、そんなにため息付いて。随分とお疲れのようね。佳様は、個性的な方だから」%K%P
「うふふ、そんなにため息付いて。随分とお疲れのようね。佳様は、個性的な方だから」%K%P
なるほど、個性的とも言うのか……%K%P
なるほど、個性的とも言うのか……%K%P
「でも、いずみさん、相当佳様に気に入られてるのね。あれ程楽しそうなお姿、滅多に見られないわ」%K%P
「でも、いずみさん、相当佳様に気に入られてるのね。あれ程楽しそうなお姿、滅多に見られないわ」%K%P
「え、そうなの？　佳様って、誰にでもあんな感じじゃないの？　よく楓さんが弄られてるけど」%K%P
「え、そうなの？　佳様って、誰にでもあんな感じじゃないの？　よく楓さんが弄られてるけど」%K%P
「楓さんとは剣術を通じてのお付き合いもあるから。確か、昔からのお知り合いだったと思う、ね、美琴」%K%P
「楓さんとは剣術を通じてのお付き合いもあるから。確か、昔からのお知り合いだったと思う、ね、美琴」%K%P
「うん、そうだったと思う。あのね、佳様って誰にでもお優しいけれど、必要以上には深く接しないのよ」%K%P
「うん、そうだったと思う。あのね、佳様って誰にでもお優しいけれど、必要以上には深く接しないのよ」%K%P
「あの佳様に気に入られる……ねね、いずみさん、その秘訣はなに？　他の子にはない、特別な理由とかあるのかな？」%K%P
「あの佳様に気に入られる……ねね、いずみさん、その秘訣はなに？　他の子にはない、特別な理由とかあるのかな？」%K%P
一歩足を前に出して、僕の顔を見つめる美琴さん――爽やかな香りが鼻孔をくすぐる。%K%P
一歩足を前に出して、僕の顔を見つめる美琴さん――爽やかな香りが鼻孔をくすぐる。%K%P
ああ、そんな側に寄られたら……多分、バレ無いとは思うけど。%K%P
ああ、そんな側に寄られたら……多分、バレ無いとは思うけど。%K%P
「み、美琴、ほら、打ち合わせの方しないと。休み時間終わってしまうわ」%K%P
「み、美琴、ほら、打ち合わせの方しないと。休み時間終わってしまうわ」%K%P
「う、うん、打ち合わせしようよ。えっと、深皇祭のことだっけ？」%K%P
「う、うん、打ち合わせしようよ。えっと、深皇祭のことだっけ？」%K%P
「それもそうね。では、当日のスケジュールなのだけど――」%K%P
「それもそうね。では、当日のスケジュールなのだけど――」%K%P
ふぅ、どうにか切り抜けた……綾香さんありがとう。%K%P
ふぅ、どうにか切り抜けた……綾香さんありがとう。%K%P
それにしても、佳様、なにを言い掛けてたのかな……多分楓さんの事、だよね。%K%P
それにしても、佳様、なにを言い掛けてたのかな……多分楓さんの事、だよね。%K%P
