放課後、僕は足早に廊下を歩いていた。%K%P
放課後、僕は足早に廊下を歩いていた。%K%P
食堂で休憩をとってから学園を後にしようとした僕は、そこで財布がない事に気がついた。%K%P
食堂で休憩をとってから学園を後にしようとした僕は、そこで財布がない事に気がついた。%K%P
どうやらどこかで財布を落としてしまったようだった。%K%P
どうやらどこかで財布を落としてしまったようだった。%K%P
「あるといいんだけど……」%K%P
「あるといいんだけど……」%K%P
教室の机やかばんの中はいくら探しても見当たらなかったし、学園の落とし物の届け先である事務室にも届いていなかった。%K%P
教室の机やかばんの中はいくら探しても見当たらなかったし、学園の落とし物の届け先である事務室にも届いていなかった。%K%P
おそらくあるとすれば食堂だと思われる。%K%P
おそらくあるとすれば食堂だと思われる。%K%P
「でも廊下に落としてるかも」%K%P
「でも廊下に落としてるかも」%K%P
なんとなく食堂へ向かう道すがらも、あたりをキョロキョロ探しながら歩いてはいるけれど、それらしいものは見当たらない。%K%P
なんとなく食堂へ向かう道すがらも、あたりをキョロキョロ探しながら歩いてはいるけれど、それらしいものは見当たらない。%K%P
あとは食堂に置きっぱなしにしてあることを祈るしかない。%K%P
あとは食堂に置きっぱなしにしてあることを祈るしかない。%K%P
「お願い……あって」%K%P
「お願い……あって」%K%P
僕は心の中で祈りながら、食堂の入り口を開けた。%K%P
僕は心の中で祈りながら、食堂の入り口を開けた。%K%P
昼休みと違って人気のない食堂には、数組の学生と、食器を洗うような音が響いていた。%K%P
昼休みと違って人気のない食堂には、数組の学生と、食器を洗うような音が響いていた。%K%P
僕は先程まで飲み物を飲んでいた席に近づいて、あたりを探すが、財布は落ちていなかった。%K%P
僕は先程まで飲み物を飲んでいた席に近づいて、あたりを探すが、財布は落ちていなかった。%K%P
「弱ったな……」%K%P
「弱ったな……」%K%P
机と椅子の下も見てみるが、見当たらない。%K%P
机と椅子の下も見てみるが、見当たらない。%K%P
ここにないとなると、ちょっと心当たりがない。%K%P
ここにないとなると、ちょっと心当たりがない。%K%P
もう一度事務室に行ってみようか、そんな事を思い始めていた時―――%K%P
もう一度事務室に行ってみようか、そんな事を思い始めていた時―――%K%P
「あら、いずみさん」%K%P
「あら、いずみさん」%K%P
食堂で話していたグループの一人が僕に話しかけてきた。%K%P
食堂で話していたグループの一人が僕に話しかけてきた。%K%P
「千影さん？」%K%P
「千影さん？」%K%P
顔をあげると、そこには、千影さんと奏さんがいた。%K%P
顔をあげると、そこには、千影さんと奏さんがいた。%K%P
「なにか探してらっしゃるの？」%K%P
「なにか探してらっしゃるの？」%K%P
「うん、財布を落としてしまったみたいで……」%K%P
「うん、財布を落としてしまったみたいで……」%K%P
千影さんと奏さんは顔を見合わせて、それから僕を見た。%K%P
千影さんと奏さんは顔を見合わせて、それから僕を見た。%K%P
「さきほどそこで私たちが見つけたお財布かしら」%K%P
「さきほどそこで私たちが見つけたお財布かしら」%K%P
「だったら食堂のおばさまに渡してあるわ。聞いてみて」%K%P
「だったら食堂のおばさまに渡してあるわ。聞いてみて」%K%P
「ほ、ほんと！？」%K%P
「ほ、ほんと！？」%K%P
そうか、食堂で物を落としたら食堂のおばちゃんに届けられるという可能性もあったのか。%K%P
そうか、食堂で物を落としたら食堂のおばちゃんに届けられるという可能性もあったのか。%K%P
「ちょうどいずみさんが探してるそのテーブルの、椅子のところに置いてあったの」%K%P
「ちょうどいずみさんが探してるそのテーブルの、椅子のところに置いてあったの」%K%P
「こ、この椅子かな？」%K%P
「こ、この椅子かな？」%K%P
僕が座っていた椅子を指さす。%K%P
僕が座っていた椅子を指さす。%K%P
「そうそう、ちょうどその椅子だったわ」%K%P
「そうそう、ちょうどその椅子だったわ」%K%P
「ちょ、ちょっと聞いてくるね」%K%P
「ちょ、ちょっと聞いてくるね」%K%P
僕は食堂の厨房へと急いだ。%K%P
僕は食堂の厨房へと急いだ。%K%P
「あ、あの、財布の落とし物がありませんでしたか？」%K%P
「あ、あの、財布の落とし物がありませんでしたか？」%K%P
「ああ、財布なら一つ、預かってるよ」%K%P
「ああ、財布なら一つ、預かってるよ」%K%P
そう言って出してきてくれた財布は紛れも無く僕のものだった。%K%P
そう言って出してきてくれた財布は紛れも無く僕のものだった。%K%P
「そ、それ、私のです！」%K%P
「そ、それ、私のです！」%K%P
「そうかい、よかったねえ」%K%P
「そうかい、よかったねえ」%K%P
財布を受け取り、中身を確認する。%K%P
財布を受け取り、中身を確認する。%K%P
よかった、どうやら中身もなくなっていないようだ。%K%P
よかった、どうやら中身もなくなっていないようだ。%K%P
僕は財布を手に、千影さんたちに礼を言いに行った。%K%P
僕は財布を手に、千影さんたちに礼を言いに行った。%K%P
「ありがとう、おかげで無事に財布が戻ってきたよ」%K%P
「ありがとう、おかげで無事に財布が戻ってきたよ」%K%P
「それはよかった」%K%P
「それはよかった」%K%P
千影さんがにっこりと微笑む。%K%P
千影さんがにっこりと微笑む。%K%P
「ところで、二人は何をしているの？」%K%P
「ところで、二人は何をしているの？」%K%P
「お茶会よ」%K%P
「お茶会よ」%K%P
「私の迎えが来るまで奏に付き合ってもらってるの」%K%P
「私の迎えが来るまで奏に付き合ってもらってるの」%K%P
「ねえ、せっかくだからいずみさんもご一緒にいかが？」%K%P
「ねえ、せっかくだからいずみさんもご一緒にいかが？」%K%P
「そうね、人数は多いほうが楽しいもの」%K%P
「そうね、人数は多いほうが楽しいもの」%K%P
「え、いいの？」%K%P
「え、いいの？」%K%P
思わぬお茶会のお誘いに多少戸惑う。%K%P
思わぬお茶会のお誘いに多少戸惑う。%K%P
「もちろんよ。いずみさんのご都合が悪くなければ」%K%P
「もちろんよ。いずみさんのご都合が悪くなければ」%K%P
「二人の{歌姫:ディーバ}とご一緒にお茶できるのは、光栄ね」%K%P
「二人の{歌姫:ディーバ}とご一緒にお茶できるのは、光栄ね」%K%P
「じゃあ、ご一緒させてもらおうかな」%K%P
「じゃあ、ご一緒させてもらおうかな」%K%P
財布も戻ってきたことだし、もう一人の{歌姫:ディーバ}である奏さんと{騎士:ワルキュリア}である千影さんのお茶会なら色々と面白い話も聞けそうだ。%K%P
財布も戻ってきたことだし、もう一人の{歌姫:ディーバ}である奏さんと{騎士:ワルキュリア}である千影さんのお茶会なら色々と面白い話も聞けそうだ。%K%P
僕は二人のいるテーブルに椅子を一つ持ってきて、席についた。%K%P
僕は二人のいるテーブルに椅子を一つ持ってきて、席についた。%K%P
「さあ、召し上がれ」%K%P
「さあ、召し上がれ」%K%P
千影さんが入れてくれたお茶を手にとり、一口含む。%K%P
千影さんが入れてくれたお茶を手にとり、一口含む。%K%P
「うん、おいしい」%K%P
「うん、おいしい」%K%P
「千影の入れてくれたお茶はすっごくおいしいでしょ？」%K%P
「千影の入れてくれたお茶はすっごくおいしいでしょ？」%K%P
「そんな、変わらないわよ」%K%P
「そんな、変わらないわよ」%K%P
「でもほんとにおいしい。なにかコツがあるの？」%K%P
「でもほんとにおいしい。なにかコツがあるの？」%K%P
「特別なことは何もないのだけれど……よく言われる入れ方を真似てるだけ」%K%P
「特別なことは何もないのだけれど……よく言われる入れ方を真似てるだけ」%K%P
「紅茶に入れ方があるの？」%K%P
「紅茶に入れ方があるの？」%K%P
「新鮮なお水で沸騰直後、ポットもティーカップも一度お湯で温めておく、とかね」%K%P
「新鮮なお水で沸騰直後、ポットもティーカップも一度お湯で温めておく、とかね」%K%P
「あ、それは聞いたことあるかも」%K%P
「あ、それは聞いたことあるかも」%K%P
「冷めちゃうとよくないから、結構てきぱきとやらなきゃいけないの」%K%P
「冷めちゃうとよくないから、結構てきぱきとやらなきゃいけないの」%K%P
「そうなんだ」%K%P
「そうなんだ」%K%P
「でも一番のおいしくなるポイントは千影が入れてくれたってところじゃないかしら」%K%P
「でも一番のおいしくなるポイントは千影が入れてくれたってところじゃないかしら」%K%P
「ふふ、ありがとう。でもそれを言うなら、奏が入れてくれたお茶が私にとってはおいしい」%K%P
「ふふ、ありがとう。でもそれを言うなら、奏が入れてくれたお茶が私にとってはおいしい」%K%P
「じゃあ次は私が入れてあげるね」%K%P
「じゃあ次は私が入れてあげるね」%K%P
ふたりはとても楽しそうに会話をしていた。%K%P
ふたりはとても楽しそうに会話をしていた。%K%P
いや、楽しそうじゃなくて、実際に楽しいんだ。%K%P
いや、楽しそうじゃなくて、実際に楽しいんだ。%K%P
とても良い表情をしている。%K%P
とても良い表情をしている。%K%P
まるで心地良い音楽を聞いている時のようだ。%K%P
まるで心地良い音楽を聞いている時のようだ。%K%P
落ち着いている、安らいでいるということ。%K%P
落ち着いている、安らいでいるということ。%K%P
つまり……。%K%P
つまり……。%K%P
「千影さんと奏さんは仲がいいんだね。いつから友達なの？」%K%P
「千影さんと奏さんは仲がいいんだね。いつから友達なの？」%K%P
「いつからかしら？　去年の……アリアの後くらいからかな？」%K%P
「いつからかしら？　去年の……アリアの後くらいからかな？」%K%P
「そうね。それくらいかしら」%K%P
「そうね。それくらいかしら」%K%P
「最初は、付き合いにくいかなあとか思ったこともあったのだけれど」%K%P
「最初は、付き合いにくいかなあとか思ったこともあったのだけれど」%K%P
「そうなんだ。今の仲良しな二人を見てるとなんだか意外」%K%P
「そうなんだ。今の仲良しな二人を見てるとなんだか意外」%K%P
「もう一年近くも前のことだものね」%K%P
「もう一年近くも前のことだものね」%K%P
「でもアリアをきっかけに、色々と話す機会も増えて、それからだんだんと、ね」%K%P
「でもアリアをきっかけに、色々と話す機会も増えて、それからだんだんと、ね」%K%P
奏さんが千影さんに微笑みかける。%K%P
奏さんが千影さんに微笑みかける。%K%P
「千影って一見近寄り難いけど、これで結構かわいいところもあるのよ」%K%P
「千影って一見近寄り難いけど、これで結構かわいいところもあるのよ」%K%P
「か、かわいいなんてそんな」%K%P
「か、かわいいなんてそんな」%K%P
「友達思いだし、ちゃんと話せば返してくれるしね」%K%P
「友達思いだし、ちゃんと話せば返してくれるしね」%K%P
「奏さんが、千影さんのよき理解者って感じなのかな？」%K%P
「奏さんが、千影さんのよき理解者って感じなのかな？」%K%P
「うーん、お互いに、そうよ。友人関係ってそういうものじゃないかしら」%K%P
「うーん、お互いに、そうよ。友人関係ってそういうものじゃないかしら」%K%P
「そうね。少なくとも、そうありたいとは思うわ」%K%P
「そうね。少なくとも、そうありたいとは思うわ」%K%P
僕は素直にこの二人の関係が羨ましいと思った。%K%P
僕は素直にこの二人の関係が羨ましいと思った。%K%P
会話の端々からにじみ出る、お互いの信頼関係がすごく伝わってきた。%K%P
会話の端々からにじみ出る、お互いの信頼関係がすごく伝わってきた。%K%P
「なんだか羨ましいな」%K%P
「なんだか羨ましいな」%K%P
「いずみさんも、これから仲良くなりましょうね」%K%P
「いずみさんも、これから仲良くなりましょうね」%K%P
「それは、ぜひとも」%K%P
「それは、ぜひとも」%K%P
「そ、そんな、こちらこそ、お願いします」%K%P
「そ、そんな、こちらこそ、お願いします」%K%P
妙にかしこまった挨拶になってしまって、三人とも顔を見合わせて笑ったのだった。%K%P
妙にかしこまった挨拶になってしまって、三人とも顔を見合わせて笑ったのだった。%K%P
少し気恥ずかしくなった僕は、慌てて話題を振りなおすことにした。%K%P
少し気恥ずかしくなった僕は、慌てて話題を振りなおすことにした。%K%P
「あ～、えっと……二人は、去年のアリアの時、一緒だったんだよね」%K%P
「あ～、えっと……二人は、去年のアリアの時、一緒だったんだよね」%K%P
「ええ、私が{歌姫:ディーバ}で、千影に{騎士:ワルキュリア}をやってもらったの。同じチームだったわ」%K%P
「ええ、私が{歌姫:ディーバ}で、千影に{騎士:ワルキュリア}をやってもらったの。同じチームだったわ」%K%P
「懐かしい」%K%P
「懐かしい」%K%P
千影さんが遠い目をして、過去を懐かしむ。%K%P
千影さんが遠い目をして、過去を懐かしむ。%K%P
でもその目にどこか悲しげな、寂しげな雰囲気があるように感じ取れた。%K%P
でもその目にどこか悲しげな、寂しげな雰囲気があるように感じ取れた。%K%P
「千影はすごく強くてかっこいいのよ。本当に、ファンタジーの世界に出てきそうな騎士様みたいで」%K%P
「千影はすごく強くてかっこいいのよ。本当に、ファンタジーの世界に出てきそうな騎士様みたいで」%K%P
「そんなこと……」%K%P
「そんなこと……」%K%P
「劣勢の場面を対等に渡り合ってうまく切り抜けたり、やられそうになってる仲間を助けたり、それはもう大活躍だったのだから」%K%P
「劣勢の場面を対等に渡り合ってうまく切り抜けたり、やられそうになってる仲間を助けたり、それはもう大活躍だったのだから」%K%P
「それでも去年は負けてしまったけれどね」%K%P
「それでも去年は負けてしまったけれどね」%K%P
「そうね。でも去年のアリアは素晴らしいものになったわ」%K%P
「そうね。でも去年のアリアは素晴らしいものになったわ」%K%P
奏さんは千影さんを励ますかのように微笑みかける。%K%P
奏さんは千影さんを励ますかのように微笑みかける。%K%P
「いずみさん、お互い一生懸命歌って、アリアを成功に導きましょうね」%K%P
「いずみさん、お互い一生懸命歌って、アリアを成功に導きましょうね」%K%P
「はい！」%K%P
「はい！」%K%P
「私も{歌姫:ディーバ}を守るため、全力を尽くすわ。姫に誓って」%K%P
「私も{歌姫:ディーバ}を守るため、全力を尽くすわ。姫に誓って」%K%P
千影さんは手を胸にあて、おおげさにかしこまった。%K%P
千影さんは手を胸にあて、おおげさにかしこまった。%K%P
と、ちょうどその時、携帯の着信音が食堂内に響いた。%K%P
と、ちょうどその時、携帯の着信音が食堂内に響いた。%K%P
「あら、迎えが来たようね」%K%P
「あら、迎えが来たようね」%K%P
千影さんが携帯を取り出し、呟く。%K%P
千影さんが携帯を取り出し、呟く。%K%P
「じゃあ、そろそろ帰りましょう」%K%P
「じゃあ、そろそろ帰りましょう」%K%P
奏さんがてきぱきと帰り支度を始める。%K%P
奏さんがてきぱきと帰り支度を始める。%K%P
「今日はごちそうさまでした」%K%P
「今日はごちそうさまでした」%K%P
「こちらこそ、急なお誘いに応じてくれてありがとう」%K%P
「こちらこそ、急なお誘いに応じてくれてありがとう」%K%P
「また近々一緒にお茶会しましょうね」%K%P
「また近々一緒にお茶会しましょうね」%K%P
「うん、是非！」%K%P
「うん、是非！」%K%P
そんな風に言葉を交わし、僕たちは別れたのだった。%K%P
そんな風に言葉を交わし、僕たちは別れたのだった。%K%P
財布を落としたときは何て不運なんだろうと思ったけど、今日はいい日になったなぁ。%K%P
財布を落としたときは何て不運なんだろうと思ったけど、今日はいい日になったなぁ。%K%P
また二人とお話できるといいな。%K%P
また二人とお話できるといいな。%K%P
