「……と、こんな感じで発音するといいと思う。教科書に載っているのとは違うけど、現地だとこっちの方が通じやすいから」%K%P
「……と、こんな感じで発音するといいと思う。教科書に載っているのとは違うけど、現地だとこっちの方が通じやすいから」%K%P
「そうなのね。さすが実際に外国で暮らしている人は違うわね。生きた外国語って感じがするわ」%K%P
「そうなのね。さすが実際に外国で暮らしている人は違うわね。生きた外国語って感じがするわ」%K%P
「あはは、そんな大げさだよ。生活する上で必要だっただけだもん」%K%P
「あはは、そんな大げさだよ。生活する上で必要だっただけだもん」%K%P
外国語の授業が終わった後、綾香さんがイントネーションに付いて尋ねてきた。%K%P
外国語の授業が終わった後、綾香さんがイントネーションに付いて尋ねてきた。%K%P
僕は現地で使っている方で発音してみたのだけど、それが綾香さんには驚きだったらしい。%K%P
僕は現地で使っている方で発音してみたのだけど、それが綾香さんには驚きだったらしい。%K%P
「ねね、それじゃ、こっちのほうは……」%K%P
「ねね、それじゃ、こっちのほうは……」%K%P
「お話し中の所、ごめんなさい。いずみさん、彼女が迎えに来たわよ」%K%P
「お話し中の所、ごめんなさい。いずみさん、彼女が迎えに来たわよ」%K%P
「彼女？　えっと？」%K%P
「彼女？　えっと？」%K%P
？マークを浮かべた顔で首を傾げる。そんな僕を横目に、美琴さんが入り口に向かって手招きしている。%K%P
？マークを浮かべた顔で首を傾げる。そんな僕を横目に、美琴さんが入り口に向かって手招きしている。%K%P
「遠慮しないで、入ってきなさいな。休み時間だし良いじゃないの」%K%P
「遠慮しないで、入ってきなさいな。休み時間だし良いじゃないの」%K%P
「……あ、いいんですか？　えっと……おじゃまします」%K%P
「……あ、いいんですか？　えっと……おじゃまします」%K%P
控えめな声と共に、僕らの教室に入ってきたのは……ことりちゃんだった。%K%P
控えめな声と共に、僕らの教室に入ってきたのは……ことりちゃんだった。%K%P
緊張しているのか、頬が少し赤い――あの白い肌が……うう、いけない、いけない。%K%P
緊張しているのか、頬が少し赤い――あの白い肌が……うう、いけない、いけない。%K%P
お風呂での事を思いだしてしまい、鼓動が速くなる……本当に、綺麗だったよな。%K%P
お風呂での事を思いだしてしまい、鼓動が速くなる……本当に、綺麗だったよな。%K%P
「ごきげんよう、いずみ様、綾香様」%K%P
「ごきげんよう、いずみ様、綾香様」%K%P
「ごきげんよう、ことりちゃん。彼女ってあなたのことだったのね」%K%P
「ごきげんよう、ことりちゃん。彼女ってあなたのことだったのね」%K%P
「あぅ、そ、そんな……彼女だなんて」%K%P
「あぅ、そ、そんな……彼女だなんて」%K%P
「い、いや、私は女の子だからね？」%K%P
「い、いや、私は女の子だからね？」%K%P
うう、ヒヤヒヤする……ウイッグとかずれてないよね？%K%P
うう、ヒヤヒヤする……ウイッグとかずれてないよね？%K%P
「あら、女の子同士だからなんなの？　彼女で正解なの。上級生の教室まで、わざわざ一人で迎えに来るのよ？」%K%P
「あら、女の子同士だからなんなの？　彼女で正解なの。上級生の教室まで、わざわざ一人で迎えに来るのよ？」%K%P
「それも、入ろうか、どうしようか、ああ、恥ずかしい、けれども、会いたい……」%K%P
「それも、入ろうか、どうしようか、ああ、恥ずかしい、けれども、会いたい……」%K%P
「そんな風に逡巡すること五分と二十五秒……これが彼女で無くて、なんて言うのよ」%K%P
「そんな風に逡巡すること五分と二十五秒……これが彼女で無くて、なんて言うのよ」%K%P
「み、美琴様っ、見ていらしたんですか！？　やだ……」%K%P
「み、美琴様っ、見ていらしたんですか！？　やだ……」%K%P
恥ずかしがることりちゃん――いや、それをずっと観察していた美琴さんも大概だと思います。%K%P
恥ずかしがることりちゃん――いや、それをずっと観察していた美琴さんも大概だと思います。%K%P
「ああ、確かに美琴の言う通りよね。これは彼女よね」%K%P
「ああ、確かに美琴の言う通りよね。これは彼女よね」%K%P
「あ、綾香様まで……うぅ、い、いずみ様ぁ……」%K%P
「あ、綾香様まで……うぅ、い、いずみ様ぁ……」%K%P
これ以上ここにことりちゃんを置いておいたら、もっと弄られてしまう。%K%P
これ以上ここにことりちゃんを置いておいたら、もっと弄られてしまう。%K%P
頬を染めて、もじもじする姿をもう少し見てはいたいけど。%K%P
頬を染めて、もじもじする姿をもう少し見てはいたいけど。%K%P
「ごめん、綾香さん。続きはまた後でってことでいい？」%K%P
「ごめん、綾香さん。続きはまた後でってことでいい？」%K%P
「もちろん。これ以上彼女を待たせておくわけにはいかないものね」%K%P
「もちろん。これ以上彼女を待たせておくわけにはいかないものね」%K%P
「そうそう。ささ、恋人同士、水入らずでお過ごし下さいな」%K%P
「そうそう。ささ、恋人同士、水入らずでお過ごし下さいな」%K%P
二人の含み笑いに見送られて、廊下に出た僕ら。%K%P
二人の含み笑いに見送られて、廊下に出た僕ら。%K%P
「まったくもう、二人には参っちゃうよね。彼女だなんて、ねえ、ことりちゃん」%K%P
「まったくもう、二人には参っちゃうよね。彼女だなんて、ねえ、ことりちゃん」%K%P
「う、ううん、ぜ、全然平気です！」%K%P
「う、ううん、ぜ、全然平気です！」%K%P
あんなに{囃:はや}されたら、ことりちゃんだって困っちゃうだろうし。%K%P
あんなに{囃:はや}されたら、ことりちゃんだって困っちゃうだろうし。%K%P
もちろん、こんな可愛い子が彼女だったら……最高に幸せだと思う。%K%P
もちろん、こんな可愛い子が彼女だったら……最高に幸せだと思う。%K%P
……今の『私』の僕だと、叶わない願いだろうけどね。%K%P
……今の『私』の僕だと、叶わない願いだろうけどね。%K%P
「それで、今日わざわざ教室まで来てくれたのは？」%K%P
「それで、今日わざわざ教室まで来てくれたのは？」%K%P
「あ、お昼ご飯、ご一緒にどうかと思いまして……駄目でしょうか？」%K%P
「あ、お昼ご飯、ご一緒にどうかと思いまして……駄目でしょうか？」%K%P
「ううん、もちろんＯＫだよ。そういえば、夕陽ちゃんは？」%K%P
「ううん、もちろんＯＫだよ。そういえば、夕陽ちゃんは？」%K%P
いつも一緒にいる夕陽ちゃんの姿が見えない。%K%P
いつも一緒にいる夕陽ちゃんの姿が見えない。%K%P
「場所を取りにいってもらってます。この時間混みますから」%K%P
「場所を取りにいってもらってます。この時間混みますから」%K%P
「あの……私、一人で来ました、いずみ様」%K%P
「あの……私、一人で来ました、いずみ様」%K%P
そっと体を寄せてくる。ことりちゃんの肩が僕の肘に触れる。%K%P
そっと体を寄せてくる。ことりちゃんの肩が僕の肘に触れる。%K%P
恥ずかしげに、でもしっかりとこちらを見つめる彼女。僕は微笑みながら頷き返した。%K%P
恥ずかしげに、でもしっかりとこちらを見つめる彼女。僕は微笑みながら頷き返した。%K%P
「いずみ様、こっち、こっちです！」%K%P
「いずみ様、こっち、こっちです！」%K%P
受け取った昼食を持ち、座席の方に向かっていくと、夕陽ちゃんが声を掛けてきた。%K%P
受け取った昼食を持ち、座席の方に向かっていくと、夕陽ちゃんが声を掛けてきた。%K%P
「夕陽ちゃん、場所取りありがとう。大変だったでしょう？」%K%P
「夕陽ちゃん、場所取りありがとう。大変だったでしょう？」%K%P
「いずみ様の為だったら、全然平気です。あ、でも、食べるのをガマンするのは大変でした」%K%P
「いずみ様の為だったら、全然平気です。あ、でも、食べるのをガマンするのは大変でした」%K%P
「今日の洋食セット……クリームチーズ入りオムレツとオニオンスープ、それにクロムギとライムギのパンが美味しそうで……うう、お腹空いちゃいました」%K%P
「今日の洋食セット……クリームチーズ入りオムレツとオニオンスープ、それにクロムギとライムギのパンが美味しそうで……うう、お腹空いちゃいました」%K%P
テーブルの上に置かれたそれらが、香しい匂いを立てている――確かに美味しそうだ……僕もそっちにすれば良かったかな？%K%P
テーブルの上に置かれたそれらが、香しい匂いを立てている――確かに美味しそうだ……僕もそっちにすれば良かったかな？%K%P
「いずみ様はなにを頼んだんですか？」%K%P
「いずみ様はなにを頼んだんですか？」%K%P
「私はコンビーフ、目玉焼き、チーズ、レタスのクラブサンドとクラムチャウダー、それにカフェオレだよ」%K%P
「私はコンビーフ、目玉焼き、チーズ、レタスのクラブサンドとクラムチャウダー、それにカフェオレだよ」%K%P
「じゅる、そっちも美味しそうですね！　ことりんは？」%K%P
「じゅる、そっちも美味しそうですね！　ことりんは？」%K%P
「私も洋食のセットだよ」%K%P
「私も洋食のセットだよ」%K%P
「あは、お揃いだね」%K%P
「あは、お揃いだね」%K%P
「うん。でも、飲み物は、カフェオレにしたの」%K%P
「うん。でも、飲み物は、カフェオレにしたの」%K%P
あれ、確かコーヒーとか苦手じゃなかったかな？　それは夕陽ちゃんも思ったみたいで。%K%P
あれ、確かコーヒーとか苦手じゃなかったかな？　それは夕陽ちゃんも思ったみたいで。%K%P
「大丈夫かな。ことりんコーヒーなんて飲めるの？　わたしと同じミルクティーにしておけば良かったんじゃない？」%K%P
「大丈夫かな。ことりんコーヒーなんて飲めるの？　わたしと同じミルクティーにしておけば良かったんじゃない？」%K%P
「コーヒーじゃなくて、カフェオレだもの。それに、いつまでも苦手じゃ駄目だと思うから……いずみ様、夕ちゃん、温かいうちに食べませんか」%K%P
「コーヒーじゃなくて、カフェオレだもの。それに、いつまでも苦手じゃ駄目だと思うから……いずみ様、夕ちゃん、温かいうちに食べませんか」%K%P
そう告げると、ことりちゃんは僕の隣にトレーを置き、椅子を引いた。%K%P
そう告げると、ことりちゃんは僕の隣にトレーを置き、椅子を引いた。%K%P
どこか、自分の意志みたいなものを感じる――ことりちゃん、少し変ったかな？%K%P
どこか、自分の意志みたいなものを感じる――ことりちゃん、少し変ったかな？%K%P
僕はそんな彼女を見て、思わず口元をほころばせた。%K%P
僕はそんな彼女を見て、思わず口元をほころばせた。%K%P
