昼休み。%K%P
昼休み。%K%P
僕と美琴さんは屋上で自主練していた。%K%P
僕と美琴さんは屋上で自主練していた。%K%P
昨日、輝堂さんに教えて貰った秘策を、少しでも身につけるためだ。%K%P
昨日、輝堂さんに教えて貰った秘策を、少しでも身につけるためだ。%K%P
僕も慣れない剣を持参して美琴さんの練習相手になっている。%K%P
僕も慣れない剣を持参して美琴さんの練習相手になっている。%K%P
「やぁっ！」%K%P
「やぁっ！」%K%P
「はっ！」%K%P
「はっ！」%K%P
僕が大きく踏み込みながら振るった剣を美琴さんは綺麗に捌いて見せた。%K%P
僕が大きく踏み込みながら振るった剣を美琴さんは綺麗に捌いて見せた。%K%P
さすが美琴さんは飲み込みが早い。%K%P
さすが美琴さんは飲み込みが早い。%K%P
……それとも前払いしたキスの効果かな？%K%P
……それとも前払いしたキスの効果かな？%K%P
「だいぶ動きも様になってきたんじゃない？」%K%P
「だいぶ動きも様になってきたんじゃない？」%K%P
「ん～、どうかな……」%K%P
「ん～、どうかな……」%K%P
「もっとクイックに切り返しできないと、綾香には初見でも避けられるわ、きっと」%K%P
「もっとクイックに切り返しできないと、綾香には初見でも避けられるわ、きっと」%K%P
「そっか。じゃあもう一頑張りだ」%K%P
「そっか。じゃあもう一頑張りだ」%K%P
「うんっ」%K%P
「うんっ」%K%P
僕たちは残り少ない時間を精一杯有効に活用した。%K%P
僕たちは残り少ない時間を精一杯有効に活用した。%K%P
一人でのんびり食後のデザートを突いている。%K%P
一人でのんびり食後のデザートを突いている。%K%P
するとことりちゃんと夕陽ちゃんが話しかけてきた。%K%P
するとことりちゃんと夕陽ちゃんが話しかけてきた。%K%P
「あれ、珍しいですね。いずみ様と美琴様は？」%K%P
「あれ、珍しいですね。いずみ様と美琴様は？」%K%P
「食事もそこそこ、練習があるって二人でどこかに行っちゃった」%K%P
「食事もそこそこ、練習があるって二人でどこかに行っちゃった」%K%P
「あ～、きっと昨日の……」%K%P
「あ～、きっと昨日の……」%K%P
「ことりちゃん、思い当たる節があるんだ」%K%P
「ことりちゃん、思い当たる節があるんだ」%K%P
「あ、ダメですよ。いくら綾香様とはいえ、今は別のチームなんですからお教えすることは出来ません」%K%P
「あ、ダメですよ。いくら綾香様とはいえ、今は別のチームなんですからお教えすることは出来ません」%K%P
「ふふ、分かってる」%K%P
「ふふ、分かってる」%K%P
「なんか綾香様、ご機嫌ですね」%K%P
「なんか綾香様、ご機嫌ですね」%K%P
「まあね。二人ともすごくやる気になってるのが分かるから」%K%P
「まあね。二人ともすごくやる気になってるのが分かるから」%K%P
出来ることならその場で応援してあげたいくらいだけど、こればかりは我慢するしかない。%K%P
出来ることならその場で応援してあげたいくらいだけど、こればかりは我慢するしかない。%K%P
「いつもご一緒だった方が急に別行動を取るようになると寂しくないですか？」%K%P
「いつもご一緒だった方が急に別行動を取るようになると寂しくないですか？」%K%P
「そうね、少しは寂しいけど……それ以上にうれしい気持ちが大きいの」%K%P
「そうね、少しは寂しいけど……それ以上にうれしい気持ちが大きいの」%K%P
美琴が自分自身のためにがんばっているのだから、わたしも精一杯応えよう。%K%P
美琴が自分自身のためにがんばっているのだから、わたしも精一杯応えよう。%K%P
きっと美琴は素敵なライバルとしてわたしの前に立ちふさがってくれることだろう。%K%P
きっと美琴は素敵なライバルとしてわたしの前に立ちふさがってくれることだろう。%K%P
今からアリアが楽しみで仕方がなかった。%K%P
今からアリアが楽しみで仕方がなかった。%K%P
