結局、昨日はあのあと綾香さんと顔をあわせることなく、そのまま眠って朝を迎えた。%K%P
結局、昨日はあのあと綾香さんと顔をあわせることなく、そのまま眠って朝を迎えた。%K%P
「おはよう、綾香さん」%K%P
「おはよう、綾香さん」%K%P
控えめに声をかけたけど、反応がない……というか、そもそも仕切りの向こうに人の気配がなかった。%K%P
控えめに声をかけたけど、反応がない……というか、そもそも仕切りの向こうに人の気配がなかった。%K%P
「先に起きたのかな……？」%K%P
「先に起きたのかな……？」%K%P
昨日は早めに寝たわけだし、その分、目覚めもいつもより早かったんだろう。%K%P
昨日は早めに寝たわけだし、その分、目覚めもいつもより早かったんだろう。%K%P
それなら綾香さんのこと、今頃はラウンジで法子さんの手伝いをしているに違いない。%K%P
それなら綾香さんのこと、今頃はラウンジで法子さんの手伝いをしているに違いない。%K%P
制服に着替えてラウンジに来てみると、はたしてテーブルを拭いている綾香さんの姿を見つけた。%K%P
制服に着替えてラウンジに来てみると、はたしてテーブルを拭いている綾香さんの姿を見つけた。%K%P
「綾香さん、おはよう」%K%P
「綾香さん、おはよう」%K%P
「あっ……お、おはよう、いずみさん」%K%P
「あっ……お、おはよう、いずみさん」%K%P
僕の声に、綾香さんがびくっと反応する。%K%P
僕の声に、綾香さんがびくっと反応する。%K%P
なんか驚かせちゃったみたいだけど……いきなり声をかけたせい、かな。%K%P
なんか驚かせちゃったみたいだけど……いきなり声をかけたせい、かな。%K%P
「昨日はよく眠れた？」%K%P
「昨日はよく眠れた？」%K%P
「う、うん。いずみさんのおかげで」%K%P
「う、うん。いずみさんのおかげで」%K%P
「別に特別なことはしてないけど――――」%K%P
「別に特別なことはしてないけど――――」%K%P
言いつつ綾香さんの顔を見つめると、なんだか違和感があった。%K%P
言いつつ綾香さんの顔を見つめると、なんだか違和感があった。%K%P
「あの、どうしたの……？」%K%P
「あの、どうしたの……？」%K%P
「……綾香さん、顔、赤くない？」%K%P
「……綾香さん、顔、赤くない？」%K%P
「えっ？」%K%P
「えっ？」%K%P
「もしかして、熱があるんじゃない？」%K%P
「もしかして、熱があるんじゃない？」%K%P
「そっ、そんなことないわ。わたしなら大丈夫よ」%K%P
「そっ、そんなことないわ。わたしなら大丈夫よ」%K%P
「むぅ……」%K%P
「むぅ……」%K%P
この言い方、怪しい。%K%P
この言い方、怪しい。%K%P
「綾香さん、ちょっとごめんね？」%K%P
「綾香さん、ちょっとごめんね？」%K%P
そのまま返事は待たず、手を伸ばして綾香さんのおでこに触れてみる。%K%P
そのまま返事は待たず、手を伸ばして綾香さんのおでこに触れてみる。%K%P
返事を聞いてからだと、逃げられちゃうような気がしたからだ。%K%P
返事を聞いてからだと、逃げられちゃうような気がしたからだ。%K%P
「あっ、あの……」%K%P
「あっ、あの……」%K%P
「……うん。やっぱり、ちょっとあったかい」%K%P
「……うん。やっぱり、ちょっとあったかい」%K%P
両手を使って自分のおでこと触り比べてみると、ほんのりとだけど、綾香さんのほうが熱い気がした。%K%P
両手を使って自分のおでこと触り比べてみると、ほんのりとだけど、綾香さんのほうが熱い気がした。%K%P
「綾香さん、熱っぽいみたいだけど……？」%K%P
「綾香さん、熱っぽいみたいだけど……？」%K%P
「こ、これは、その……」%K%P
「こ、これは、その……」%K%P
顔を覗き込むようにして問い掛けると、心なしか、さっきよりも顔がさらに赤くなったような。%K%P
顔を覗き込むようにして問い掛けると、心なしか、さっきよりも顔がさらに赤くなったような。%K%P
昨日は普段に比べてかなり長湯だったけど、もしかしたら、その影響がでちゃった、とかかな。%K%P
昨日は普段に比べてかなり長湯だったけど、もしかしたら、その影響がでちゃった、とかかな。%K%P
「綾香さん。念のため、今日は休んだ方がいいよ」%K%P
「綾香さん。念のため、今日は休んだ方がいいよ」%K%P
「大丈夫よ、このぐらい。なんともないから」%K%P
「大丈夫よ、このぐらい。なんともないから」%K%P
「そうは言うけど……なにかあってからじゃ遅いんだよ？　深皇祭まで、あまり日もないんだし」%K%P
「そうは言うけど……なにかあってからじゃ遅いんだよ？　深皇祭まで、あまり日もないんだし」%K%P
「だからこそ、休むわけには……んっ、けふっ」%K%P
「だからこそ、休むわけには……んっ、けふっ」%K%P
「あっ、ほら。咳してる」%K%P
「あっ、ほら。咳してる」%K%P
「いっ、いまのは、その……」%K%P
「いっ、いまのは、その……」%K%P
気まずそうに目を逸らすところから見て、綾香さんは自分の体調が万全でない自覚があるみたいだ。%K%P
気まずそうに目を逸らすところから見て、綾香さんは自分の体調が万全でない自覚があるみたいだ。%K%P
それなのに朝から法子さんの手伝いをこなし、学園へ行こうとするなんて――――、%K%P
それなのに朝から法子さんの手伝いをこなし、学園へ行こうとするなんて――――、%K%P
「本番が大切だからこそ、いま休まないとダメだよ。ただでさえ綾香さんは無理しちゃうんだから」%K%P
「本番が大切だからこそ、いま休まないとダメだよ。ただでさえ綾香さんは無理しちゃうんだから」%K%P
「だけど……」%K%P
「だけど……」%K%P
「２人とも、どうかしましたか？」%K%P
「２人とも、どうかしましたか？」%K%P
僕たちの様子がいつもと違うことに気付いたのか、法子さんがこちらにやってくる。%K%P
僕たちの様子がいつもと違うことに気付いたのか、法子さんがこちらにやってくる。%K%P
「実は――――」%K%P
「実は――――」%K%P
事情を伝えると、法子さんはかすかに眉を寄せた。%K%P
事情を伝えると、法子さんはかすかに眉を寄せた。%K%P
「いずみさんの言う通りよ。今日は休みなさい、綾香ちゃん」%K%P
「いずみさんの言う通りよ。今日は休みなさい、綾香ちゃん」%K%P
「でも、わたしは{騎士:ワルキュリア}として」%K%P
「でも、わたしは{騎士:ワルキュリア}として」%K%P
「{騎士:ワルキュリア}なら、なおのこと{歌姫:ディーバ}の言うことは聞くべきでしょう？」%K%P
「{騎士:ワルキュリア}なら、なおのこと{歌姫:ディーバ}の言うことは聞くべきでしょう？」%K%P
「ん……」%K%P
「ん……」%K%P
綾香さんが口ごもる。%K%P
綾香さんが口ごもる。%K%P
「お願い、綾香さん」%K%P
「お願い、綾香さん」%K%P
法子さんの言葉を継ぐように、見つめて告げる。%K%P
法子さんの言葉を継ぐように、見つめて告げる。%K%P
「このまま無理をして授業に出て、それで体調を悪くしたら、元も子もないでしょ？」%K%P
「このまま無理をして授業に出て、それで体調を悪くしたら、元も子もないでしょ？」%K%P
「それに、もし悪化して……例えば、私に風邪がうつったらどうするの？　同じ部屋なんだから可能性は高いよ？」%K%P
「それに、もし悪化して……例えば、私に風邪がうつったらどうするの？　同じ部屋なんだから可能性は高いよ？」%K%P
「そうなったときに一番責任を感じるのは、他でもない綾香さんじゃない？」%K%P
「そうなったときに一番責任を感じるのは、他でもない綾香さんじゃない？」%K%P
ズルいとは思ったけど、効果的だとわかっていたからこそ、あえてそんな例えを出した。%K%P
ズルいとは思ったけど、効果的だとわかっていたからこそ、あえてそんな例えを出した。%K%P
「もう１度言うわ。今日は休みなさい」%K%P
「もう１度言うわ。今日は休みなさい」%K%P
「でも……」%K%P
「でも……」%K%P
「ほら、部屋に戻って寝ていなさい。欠席の連絡は私がしておくから」%K%P
「ほら、部屋に戻って寝ていなさい。欠席の連絡は私がしておくから」%K%P
控えめに頷いた綾香さんは、持っていた台拭きを法子さんに手渡し、そのままラウンジを後にする。%K%P
控えめに頷いた綾香さんは、持っていた台拭きを法子さんに手渡し、そのままラウンジを後にする。%K%P
その後ろ姿が、少し寂しそうに見えた。%K%P
その後ろ姿が、少し寂しそうに見えた。%K%P
「……キツく言い過ぎちゃったかな」%K%P
「……キツく言い過ぎちゃったかな」%K%P
「そんなことありません」%K%P
「そんなことありません」%K%P
「綾香ちゃんも、いずみさんが自分を気遣ってくれたことぐらい、わかってますよ」%K%P
「綾香ちゃんも、いずみさんが自分を気遣ってくれたことぐらい、わかってますよ」%K%P
「……それより、ありがとうございました」%K%P
「……それより、ありがとうございました」%K%P
「綾香ちゃんのことです。……私、あの子が無理してるって気づいてあげられなくて」%K%P
「綾香ちゃんのことです。……私、あの子が無理してるって気づいてあげられなくて」%K%P
「いずみさんのおかげで、助かりました」%K%P
「いずみさんのおかげで、助かりました」%K%P
そう言って柔らかく笑う法子さんの表情は、寮母と言うより、お姉さんのそれだった。%K%P
そう言って柔らかく笑う法子さんの表情は、寮母と言うより、お姉さんのそれだった。%K%P
「でも、私でも見逃しちゃうような綾香ちゃんの変化に気付くなんて――――」%K%P
「でも、私でも見逃しちゃうような綾香ちゃんの変化に気付くなんて――――」%K%P
「いずみさん、綾香ちゃんのこと、よく見ているんですね？」%K%P
「いずみさん、綾香ちゃんのこと、よく見ているんですね？」%K%P
「そっ、それは、えっと……」%K%P
「そっ、それは、えっと……」%K%P
「おはようございます、法子姉さん、いずみ様」%K%P
「おはようございます、法子姉さん、いずみ様」%K%P
「あっ、おはよう。希実ちゃん」%K%P
「あっ、おはよう。希実ちゃん」%K%P
なんと言って良いやら迷っていたので、希実ちゃんが声をかけてくれたことにホッとしてしまう。%K%P
なんと言って良いやら迷っていたので、希実ちゃんが声をかけてくれたことにホッとしてしまう。%K%P
「法子姉さん、支度、お手伝いします」%K%P
「法子姉さん、支度、お手伝いします」%K%P
「あっ、なら私も」%K%P
「あっ、なら私も」%K%P
「はい。では、２人ともお願いします」%K%P
「はい。では、２人ともお願いします」%K%P
希実ちゃんが現れたことで気持ちを切り替えたのか、法子さんの表情がいつものものに戻る。%K%P
希実ちゃんが現れたことで気持ちを切り替えたのか、法子さんの表情がいつものものに戻る。%K%P
なんだか、いいなぁ。姉妹、って感じがして。%K%P
なんだか、いいなぁ。姉妹、って感じがして。%K%P
部屋に戻ってきて、力なくベッドに腰掛ける。%K%P
部屋に戻ってきて、力なくベッドに腰掛ける。%K%P
いずみさんに触れられたおでこが、まだ熱い。%K%P
いずみさんに触れられたおでこが、まだ熱い。%K%P
自分の手で、そっとおでこに触れてみる。%K%P
自分の手で、そっとおでこに触れてみる。%K%P
たしかに、ほんのりと温かい。%K%P
たしかに、ほんのりと温かい。%K%P
けど、身体の内側のほうが、もっと熱かった。%K%P
けど、身体の内側のほうが、もっと熱かった。%K%P
「なにしてるんだろう、わたし……」%K%P
「なにしてるんだろう、わたし……」%K%P
朝起きて、少し熱っぽいことはわかっていた。%K%P
朝起きて、少し熱っぽいことはわかっていた。%K%P
でも、休みたくなくて――――いずみさんに心配をかけたくなくて、いつものように制服に着替えた。%K%P
でも、休みたくなくて――――いずみさんに心配をかけたくなくて、いつものように制服に着替えた。%K%P
その結果が、これだ。%K%P
その結果が、これだ。%K%P
「……でも、嬉しかったな」%K%P
「……でも、嬉しかったな」%K%P
さっき、優しい声でいずみさんに自分の名前を呼ばれたとき、息が止まるかと思った。%K%P
さっき、優しい声でいずみさんに自分の名前を呼ばれたとき、息が止まるかと思った。%K%P
いずみさんを好きだと自覚したせいなのか、名前を呼ばれただけで、こんなにも気持ちが高揚する。%K%P
いずみさんを好きだと自覚したせいなのか、名前を呼ばれただけで、こんなにも気持ちが高揚する。%K%P
……たぶん、顔が赤かったのも、おでこが熱かったのも、体調が悪いせいだけじゃない。%K%P
……たぶん、顔が赤かったのも、おでこが熱かったのも、体調が悪いせいだけじゃない。%K%P
いずみさんを意識するだけで、頭はくらくらするし、胸がドキドキしてしまうんだから。%K%P
いずみさんを意識するだけで、頭はくらくらするし、胸がドキドキしてしまうんだから。%K%P
「綾香お姉ちゃん」%K%P
「綾香お姉ちゃん」%K%P
「希実……？　どうしたの？」%K%P
「希実……？　どうしたの？」%K%P
「いま、少しいい？」%K%P
「いま、少しいい？」%K%P
「いいけど……」%K%P
「いいけど……」%K%P
頷くとドアが開き、希実が入ってくる。%K%P
頷くとドアが開き、希実が入ってくる。%K%P
もしかしたらと思ったけど、いずみさんの姿はなく、希実１人だけだった。%K%P
もしかしたらと思ったけど、いずみさんの姿はなく、希実１人だけだった。%K%P
「あっ、お姉ちゃん。まだ着替えてない……」%K%P
「あっ、お姉ちゃん。まだ着替えてない……」%K%P
「具合、よくないんでしょう？　寝てなきゃいけないんだから着替えないと」%K%P
「具合、よくないんでしょう？　寝てなきゃいけないんだから着替えないと」%K%P
「それは……って、そのこと、誰から聞いたの？」%K%P
「それは……って、そのこと、誰から聞いたの？」%K%P
「いずみ様。お姉ちゃんの姿が見えないから事情を聞いたら、今日は休む、って」%K%P
「いずみ様。お姉ちゃんの姿が見えないから事情を聞いたら、今日は休む、って」%K%P
「そっ、そう。いずみさんから……」%K%P
「そっ、そう。いずみさんから……」%K%P
名前が出ただけでドキっとしてしまう。%K%P
名前が出ただけでドキっとしてしまう。%K%P
「……ねえ、お姉ちゃん。前から聞こうと思っていたんだけど……」%K%P
「……ねえ、お姉ちゃん。前から聞こうと思っていたんだけど……」%K%P
「いずみ様とお姉ちゃんって、どういう関係？」%K%P
「いずみ様とお姉ちゃんって、どういう関係？」%K%P
「なっ……な、ちょっ、え、ええっ？」%K%P
「なっ……な、ちょっ、え、ええっ？」%K%P
「だから、いずみ様とは、いつどこで知り合いになったのかなって」%K%P
「だから、いずみ様とは、いつどこで知り合いになったのかなって」%K%P
「あっ、ああ……なんだ、そういうこと」%K%P
「あっ、ああ……なんだ、そういうこと」%K%P
そういえば、前に美琴やみんなからも似たような質問をされたことがあったっけ。%K%P
そういえば、前に美琴やみんなからも似たような質問をされたことがあったっけ。%K%P
「そういうこと、って……他になにかあった？」%K%P
「そういうこと、って……他になにかあった？」%K%P
「うっ、ううん。なんでもないわ、気にしないで」%K%P
「うっ、ううん。なんでもないわ、気にしないで」%K%P
思いがけない質問に緊張したものの、自分の早とちりだとわかって胸を撫で下ろす。%K%P
思いがけない質問に緊張したものの、自分の早とちりだとわかって胸を撫で下ろす。%K%P
「いずみさんと知り合ったのは最近よ」%K%P
「いずみさんと知り合ったのは最近よ」%K%P
それから希実に、いずみさんとの出会いを話す。%K%P
それから希実に、いずみさんとの出会いを話す。%K%P
といっても、すべて正直に話すことは出来ないから、ところどころは誤魔化しながら、だけど。%K%P
といっても、すべて正直に話すことは出来ないから、ところどころは誤魔化しながら、だけど。%K%P
このあたりは、編入したばかりの頃、いずみさんと一緒に美琴たちに教えた話をなぞって伝えた。%K%P
このあたりは、編入したばかりの頃、いずみさんと一緒に美琴たちに教えた話をなぞって伝えた。%K%P
「そうなんだ……」%K%P
「そうなんだ……」%K%P
話を聞き終えた希実が、感心した様子で頷く。%K%P
話を聞き終えた希実が、感心した様子で頷く。%K%P
「でも、どうして今になってそんなことを？」%K%P
「でも、どうして今になってそんなことを？」%K%P
「それは……」%K%P
「それは……」%K%P
希実は１度口ごもったあと、わたしを見つめる。%K%P
希実は１度口ごもったあと、わたしを見つめる。%K%P
「……ねえ、綾香お姉ちゃん。いずみ様を{歌姫:ディーバ}に推薦したのは、私のため？」%K%P
「……ねえ、綾香お姉ちゃん。いずみ様を{歌姫:ディーバ}に推薦したのは、私のため？」%K%P
「私がいきなり{歌姫:ディーバ}を辞退して……それに、姉として責任を感じていたから？」%K%P
「私がいきなり{歌姫:ディーバ}を辞退して……それに、姉として責任を感じていたから？」%K%P
「希実……」%K%P
「希実……」%K%P
神妙な顔で問い掛けてくる希実の言葉を聞いて、心のどこかで、やっぱり、と思う。%K%P
神妙な顔で問い掛けてくる希実の言葉を聞いて、心のどこかで、やっぱり、と思う。%K%P
わたしが希実だったら、同じことを思うはずだ。%K%P
わたしが希実だったら、同じことを思うはずだ。%K%P
「それは違うわ、希実」%K%P
「それは違うわ、希実」%K%P
「……確かに、そういう気持ちがまったくなかったといえば、それは嘘になるけど……」%K%P
「……確かに、そういう気持ちがまったくなかったといえば、それは嘘になるけど……」%K%P
「でも、わたしは{騎士:ワルキュリア}として、今年のアリアをきちんと開催したかっただけよ」%K%P
「でも、わたしは{騎士:ワルキュリア}として、今年のアリアをきちんと開催したかっただけよ」%K%P
「本当に……？」%K%P
「本当に……？」%K%P
「本当に」%K%P
「本当に」%K%P
{歌姫:ディーバ}の代役を探そうと思った切っ掛けは、希実の言う通り、辞退の一件かもしれない。%K%P
{歌姫:ディーバ}の代役を探そうと思った切っ掛けは、希実の言う通り、辞退の一件かもしれない。%K%P
でも、いまはもう、それだけじゃない。%K%P
でも、いまはもう、それだけじゃない。%K%P
「なによりわたしは、{歌姫:ディーバ}を引き受けてくれたいずみさんのために、深皇祭を成功させたいの」%K%P
「なによりわたしは、{歌姫:ディーバ}を引き受けてくれたいずみさんのために、深皇祭を成功させたいの」%K%P
「だから、希実が気にすることはないわ」%K%P
「だから、希実が気にすることはないわ」%K%P
「第一、希実だって色々と事情があったからこそ、{歌姫:ディーバ}を辞退したんでしょ？」%K%P
「第一、希実だって色々と事情があったからこそ、{歌姫:ディーバ}を辞退したんでしょ？」%K%P
「……お姉ちゃん、私が{歌姫:ディーバ}を辞退するって言ったとき、なにも言わなかったよね？」%K%P
「……お姉ちゃん、私が{歌姫:ディーバ}を辞退するって言ったとき、なにも言わなかったよね？」%K%P
「理由も、聞かなかったし……」%K%P
「理由も、聞かなかったし……」%K%P
「だって希実、前々から{歌姫:ディーバ}になりたいって、ずっと言っていたじゃない」%K%P
「だって希実、前々から{歌姫:ディーバ}になりたいって、ずっと言っていたじゃない」%K%P
「選ばれたときだって、すごく喜んでいたし……」%K%P
「選ばれたときだって、すごく喜んでいたし……」%K%P
「それなのに、辞退する、って本人が決めたんだもの。よほどの事情があるんだな……って思うわよ」%K%P
「それなのに、辞退する、って本人が決めたんだもの。よほどの事情があるんだな……って思うわよ」%K%P
「それを、いくら姉妹だからって、根掘り葉掘り聞けないでしょう？」%K%P
「それを、いくら姉妹だからって、根掘り葉掘り聞けないでしょう？」%K%P
希実は頭が良いし、自分が{歌姫:ディーバ}を辞退すればどうなるかぐらい、わかっていたはずだ。%K%P
希実は頭が良いし、自分が{歌姫:ディーバ}を辞退すればどうなるかぐらい、わかっていたはずだ。%K%P
それでも、辞退を表明した。%K%P
それでも、辞退を表明した。%K%P
それならわたしにできることは、その理由を詮索することじゃなく、その後の問題を解決すること。%K%P
それならわたしにできることは、その理由を詮索することじゃなく、その後の問題を解決すること。%K%P
……って、これを言うとやっぱり希実は自分のために、って言い出しそうだから、言えないけど。%K%P
……って、これを言うとやっぱり希実は自分のために、って言い出しそうだから、言えないけど。%K%P
「綾香お姉ちゃん……」%K%P
「綾香お姉ちゃん……」%K%P
希実がじっとわたしを見て、それから、ちょっと照れくさそうに視線を逸らした。%K%P
希実がじっとわたしを見て、それから、ちょっと照れくさそうに視線を逸らした。%K%P
「……ありがとう、お姉ちゃん」%K%P
「……ありがとう、お姉ちゃん」%K%P
「なによ、あらたまって。……変な希実」%K%P
「なによ、あらたまって。……変な希実」%K%P
「ふふっ、いいの。それに、変なのはお姉ちゃんのほうだもん」%K%P
「ふふっ、いいの。それに、変なのはお姉ちゃんのほうだもん」%K%P
「変、って……なにが？」%K%P
「変、って……なにが？」%K%P
「だって最近のお姉ちゃん、口を開けばいずみさん、いずみさん、って」%K%P
「だって最近のお姉ちゃん、口を開けばいずみさん、いずみさん、って」%K%P
「さっきも、深皇祭を成功させるのはいずみ様のためだ、って言ってたし……」%K%P
「さっきも、深皇祭を成功させるのはいずみ様のためだ、って言ってたし……」%K%P
「お姉ちゃん、本当にいずみ様が好きなのね？」%K%P
「お姉ちゃん、本当にいずみ様が好きなのね？」%K%P
「なっ、なななっ……」%K%P
「なっ、なななっ……」%K%P
「そ、そんな、好きって……これはその、そういうのじゃなくてっ……」%K%P
「そ、そんな、好きって……これはその、そういうのじゃなくてっ……」%K%P
「わ、わたしはただ、お願いを引き受けてくれたいずみさんのために成功させなきゃって、それでっ」%K%P
「わ、わたしはただ、お願いを引き受けてくれたいずみさんのために成功させなきゃって、それでっ」%K%P
「ふふっ、くすくすっ。もう、ホントに変なお姉ちゃん。そんなに焦らなくてもいいのに」%K%P
「ふふっ、くすくすっ。もう、ホントに変なお姉ちゃん。そんなに焦らなくてもいいのに」%K%P
「それに、私もお姉ちゃんの気持ちわかるよ？　私もいずみ様のこと好きだから」%K%P
「それに、私もお姉ちゃんの気持ちわかるよ？　私もいずみ様のこと好きだから」%K%P
「……えっ？」%K%P
「……えっ？」%K%P
「あんなに素敵な女の子、なかなかいないもん」%K%P
「あんなに素敵な女の子、なかなかいないもん」%K%P
「あっ……ああ、そ、そうね……」%K%P
「あっ……ああ、そ、そうね……」%K%P
楽しげに笑う希実を見て、途端に頬が熱くなる。%K%P
楽しげに笑う希実を見て、途端に頬が熱くなる。%K%P
「ごめんね、長居して。そろそろいかないと遅刻しちゃうから、私、いくね」%K%P
「ごめんね、長居して。そろそろいかないと遅刻しちゃうから、私、いくね」%K%P
「うん。気を付けてね、希実」%K%P
「うん。気を付けてね、希実」%K%P
「お姉ちゃんこそ無理しないで寝ててね？」%K%P
「お姉ちゃんこそ無理しないで寝ててね？」%K%P
「今日は一日、ちゃんと寝てること。でないと、いずみ様に言いつけちゃうんだから」%K%P
「今日は一日、ちゃんと寝てること。でないと、いずみ様に言いつけちゃうんだから」%K%P
「なっ……なんでそこでいずみさんの名前が出てくるのよっ？」%K%P
「なっ……なんでそこでいずみさんの名前が出てくるのよっ？」%K%P
「だって、いまの綾香お姉ちゃんにはそれが一番効果的だと思ったから。ふふっ」%K%P
「だって、いまの綾香お姉ちゃんにはそれが一番効果的だと思ったから。ふふっ」%K%P
楽しげに笑った希実が、そのまま部屋を出て行く。%K%P
楽しげに笑った希実が、そのまま部屋を出て行く。%K%P
「なんなのよ、もうっ……」%K%P
「なんなのよ、もうっ……」%K%P
部屋のドアに向かって、思わず呟いてしまう。%K%P
部屋のドアに向かって、思わず呟いてしまう。%K%P
なんだか妙に悔しいのは、希実の言っていた事が図星だからに違いなかった。%K%P
なんだか妙に悔しいのは、希実の言っていた事が図星だからに違いなかった。%K%P
ラウンジで一緒になった美琴さんと一緒に登校すると、クラスメイトの１人が僕たちを見て首を傾げた。%K%P
ラウンジで一緒になった美琴さんと一緒に登校すると、クラスメイトの１人が僕たちを見て首を傾げた。%K%P
「ねえ、いずみさん。綾香さんはどうしたの？」%K%P
「ねえ、いずみさん。綾香さんはどうしたの？」%K%P
「それが、ちょっと体調を崩しちゃって」%K%P
「それが、ちょっと体調を崩しちゃって」%K%P
「えっ？　綾香さん、お休みなの？」%K%P
「えっ？　綾香さん、お休みなの？」%K%P
「そう。ここのところの疲れが出ちゃったみたい」%K%P
「そう。ここのところの疲れが出ちゃったみたい」%K%P
「といっても、深皇祭に影響が出るほどじゃないから。ね？　いずみさん」%K%P
「といっても、深皇祭に影響が出るほどじゃないから。ね？　いずみさん」%K%P
「うん」%K%P
「うん」%K%P
すでに事情を知っている美琴さんにフォローされながら、容態が深刻ではないことを説明する。%K%P
すでに事情を知っている美琴さんにフォローされながら、容態が深刻ではないことを説明する。%K%P
「良かった……。綾香さんが休むなんて本当にないことだから驚いちゃって」%K%P
「良かった……。綾香さんが休むなんて本当にないことだから驚いちゃって」%K%P
「そうそう。とくに最近は、いつもいずみさんと一緒に教室にくるでしょう？」%K%P
「そうそう。とくに最近は、いつもいずみさんと一緒に教室にくるでしょう？」%K%P
「だから、一緒に居ないと違和感があるのよね」%K%P
「だから、一緒に居ないと違和感があるのよね」%K%P
「あ、わかる。私もそれで、おかしいなぁ、って思ったんだもん」%K%P
「あ、わかる。私もそれで、おかしいなぁ、って思ったんだもん」%K%P
そんな会話を聞きながら、そういえば綾香さんと一緒に登校しないのって珍しい、と自覚する。%K%P
そんな会話を聞きながら、そういえば綾香さんと一緒に登校しないのって珍しい、と自覚する。%K%P
ふと目をやると、ぽつんと空いている綾香さんの席がなんだかすごく寂しく感じた。%K%P
ふと目をやると、ぽつんと空いている綾香さんの席がなんだかすごく寂しく感じた。%K%P
「ふぅ……」%K%P
「ふぅ……」%K%P
午前中の授業が終わって、ぐっと背伸び。%K%P
午前中の授業が終わって、ぐっと背伸び。%K%P
さて、お昼ご飯は綾香さんを誘って――――って、そうだ、今日はいないんだっけ。%K%P
さて、お昼ご飯は綾香さんを誘って――――って、そうだ、今日はいないんだっけ。%K%P
「いずみさん、よければ一緒に食べない？」%K%P
「いずみさん、よければ一緒に食べない？」%K%P
「あっ、うん」%K%P
「あっ、うん」%K%P
どうしようかと思っていたところに美琴さんから声をかけられ、僕は頷いた。%K%P
どうしようかと思っていたところに美琴さんから声をかけられ、僕は頷いた。%K%P
「わ、今日は混んでるね……」%K%P
「わ、今日は混んでるね……」%K%P
食堂につくとちょっとした列が出来ていて、席のほうもわりと埋まっていた。%K%P
食堂につくとちょっとした列が出来ていて、席のほうもわりと埋まっていた。%K%P
「天気も悪くないし、外で食べる？」%K%P
「天気も悪くないし、外で食べる？」%K%P
「そうしよっか」%K%P
「そうしよっか」%K%P
美琴さんの提案に賛成して、テイクアウトできるメニューを選び、そのまま屋上へ向かうことにする。%K%P
美琴さんの提案に賛成して、テイクアウトできるメニューを選び、そのまま屋上へ向かうことにする。%K%P
「っと……あっ、あそこが空いてる」%K%P
「っと……あっ、あそこが空いてる」%K%P
「ねえ綾香さん、あのベンチにしない？」%K%P
「ねえ綾香さん、あのベンチにしない？」%K%P
離れたベンチを指さしながら振り向くと、きょとんとした顔の美琴さんと目が合った。%K%P
離れたベンチを指さしながら振り向くと、きょとんとした顔の美琴さんと目が合った。%K%P
「あっ……」%K%P
「あっ……」%K%P
自分の言った事に気付き、思わず顔が熱くなる。%K%P
自分の言った事に気付き、思わず顔が熱くなる。%K%P
「えっと、いまのは、その……」%K%P
「えっと、いまのは、その……」%K%P
「ふふっ。ごめんね？　今日は綾香じゃなくて」%K%P
「ふふっ。ごめんね？　今日は綾香じゃなくて」%K%P
おかしそうに微笑んだ美琴さんと２人で、僕の見つけたベンチに腰掛ける。%K%P
おかしそうに微笑んだ美琴さんと２人で、僕の見つけたベンチに腰掛ける。%K%P
「でも、名前を間違えるいずみさんの気持ちもわかるな。あたしもちょっと変な感じだから」%K%P
「でも、名前を間違えるいずみさんの気持ちもわかるな。あたしもちょっと変な感じだから」%K%P
「変、って？」%K%P
「変、って？」%K%P
「ほら、クラスの子も言ってたけど、綾香といずみさん、いつも一緒でしょ」%K%P
「ほら、クラスの子も言ってたけど、綾香といずみさん、いつも一緒でしょ」%K%P
「寮では相部屋だし、朝は一緒に登校して、帰るときも揃って……ってことが多かったじゃない？」%K%P
「寮では相部屋だし、朝は一緒に登校して、帰るときも揃って……ってことが多かったじゃない？」%K%P
「だから、綾香と２人でいるところをすごく見慣れている、っていうか……」%K%P
「だから、綾香と２人でいるところをすごく見慣れている、っていうか……」%K%P
「いずみさんの隣に綾香がいないことが、なんだかすごく新鮮に感じるぐらい」%K%P
「いずみさんの隣に綾香がいないことが、なんだかすごく新鮮に感じるぐらい」%K%P
美琴さんの話を聞きながら、確かにそうだなぁ……って、改めて意識する。%K%P
美琴さんの話を聞きながら、確かにそうだなぁ……って、改めて意識する。%K%P
僕が男だとバレないようにフォローする意味もあって、編入以来、綾香さんとはいつも一緒だった。%K%P
僕が男だとバレないようにフォローする意味もあって、編入以来、綾香さんとはいつも一緒だった。%K%P
こんなに誰かと――それも女の子と――過ごしたことなんて、生まれて初めての経験かもしれない。%K%P
こんなに誰かと――それも女の子と――過ごしたことなんて、生まれて初めての経験かもしれない。%K%P
「……いずみさん？　どうかした？」%K%P
「……いずみさん？　どうかした？」%K%P
「えっ、なに？」%K%P
「えっ、なに？」%K%P
「急に黙り込んだから。なにか考え事？」%K%P
「急に黙り込んだから。なにか考え事？」%K%P
「まあ……うん。そんなところ」%K%P
「まあ……うん。そんなところ」%K%P
綾香さんの事を考えていたって言うのがなんとなく恥ずかしくて、曖昧に頷く。%K%P
綾香さんの事を考えていたって言うのがなんとなく恥ずかしくて、曖昧に頷く。%K%P
……綾香さん、今頃なにしてるかな。%K%P
……綾香さん、今頃なにしてるかな。%K%P
ご飯をちゃんと食べて、それから薬も飲んで、ゆっくり寝てくれているといいんだけど。%K%P
ご飯をちゃんと食べて、それから薬も飲んで、ゆっくり寝てくれているといいんだけど。%K%P
結局、その日は授業が終わった後、どこにも寄らず、まっすぐ寮へ帰って来た。%K%P
結局、その日は授業が終わった後、どこにも寄らず、まっすぐ寮へ帰って来た。%K%P
こんな状態で歌っても、奏さん言うところの、ぺしゃんこなケーキを焼いちゃうだけに違いないから。%K%P
こんな状態で歌っても、奏さん言うところの、ぺしゃんこなケーキを焼いちゃうだけに違いないから。%K%P
「帰ったよ、綾香さん」%K%P
「帰ったよ、綾香さん」%K%P
一応ノックをして、それからドアを開ける。%K%P
一応ノックをして、それからドアを開ける。%K%P
「あっ……おかえりなさい、いずみさん」%K%P
「あっ……おかえりなさい、いずみさん」%K%P
「うん、ただいま」%K%P
「うん、ただいま」%K%P
「……って、綾香さん、寝てたんじゃないの？」%K%P
「……って、綾香さん、寝てたんじゃないの？」%K%P
てっきりパジャマを着ていると思ったのに、綾香さんは私服姿だった。%K%P
てっきりパジャマを着ていると思ったのに、綾香さんは私服姿だった。%K%P
「うん、ついさっきまで」%K%P
「うん、ついさっきまで」%K%P
「朝ご飯を食べたあと、薬を飲んで……そのあとは、半日ぐっすり寝てたから安心して」%K%P
「朝ご飯を食べたあと、薬を飲んで……そのあとは、半日ぐっすり寝てたから安心して」%K%P
「それなら、どうしてわざわざ着替えたりなんか」%K%P
「それなら、どうしてわざわざ着替えたりなんか」%K%P
「それは、パジャマ姿でいずみさんを出迎えるのは、だらしないと思って……」%K%P
「それは、パジャマ姿でいずみさんを出迎えるのは、だらしないと思って……」%K%P
「そう言われると……」%K%P
「そう言われると……」%K%P
確かに、僕も目のやり場に困っちゃっただろうから、その気持ちを責めることもできない。%K%P
確かに、僕も目のやり場に困っちゃっただろうから、その気持ちを責めることもできない。%K%P
「でも、随分と帰りが早かったけど……いずみさん、今日の練習はどうしたの？」%K%P
「でも、随分と帰りが早かったけど……いずみさん、今日の練習はどうしたの？」%K%P
「今日はお休み。綾香さんの具合が悪いのに、練習しても身が入らないから」%K%P
「今日はお休み。綾香さんの具合が悪いのに、練習しても身が入らないから」%K%P
「そ、そう。……ありがとう、気遣ってくれて」%K%P
「そ、そう。……ありがとう、気遣ってくれて」%K%P
「学園のほう、なにか変わった事はなかった？」%K%P
「学園のほう、なにか変わった事はなかった？」%K%P
「みんな心配してたよ。美琴さんと２人で、綾香さんは心配ない、って言っておいたけどね」%K%P
「みんな心配してたよ。美琴さんと２人で、綾香さんは心配ない、って言っておいたけどね」%K%P
「そういう綾香さんこそ、具合のほうは？」%K%P
「そういう綾香さんこそ、具合のほうは？」%K%P
「うん。さっきも言ったように、今日はゆっくり休んだから」%K%P
「うん。さっきも言ったように、今日はゆっくり休んだから」%K%P
「よかった……」%K%P
「よかった……」%K%P
綾香さんに無理をしている様子はないし、強がりではなく、本当に回復したんだろう。%K%P
綾香さんに無理をしている様子はないし、強がりではなく、本当に回復したんだろう。%K%P
「あっ、そうだ。念のために熱を――」%K%P
「あっ、そうだ。念のために熱を――」%K%P
「だだっ、大丈夫よ。熱はさっき測ったし、きちんと平熱だったから」%K%P
「だだっ、大丈夫よ。熱はさっき測ったし、きちんと平熱だったから」%K%P
朝と同じようにおでこに手を伸ばそうとしたら、綾香さんが慌てて一歩退いた。%K%P
朝と同じようにおでこに手を伸ばそうとしたら、綾香さんが慌てて一歩退いた。%K%P
ちょっと寂しいけど……でも、朝とは違って、綾香さんが誤魔化しているようにも見えない。%K%P
ちょっと寂しいけど……でも、朝とは違って、綾香さんが誤魔化しているようにも見えない。%K%P
「じゃあ、信じるけど……とりあえず、今日は大人しくしてなきゃダメだよ？」%K%P
「じゃあ、信じるけど……とりあえず、今日は大人しくしてなきゃダメだよ？」%K%P
「うん、そのつもり」%K%P
「うん、そのつもり」%K%P
幸い明日から週末だし、出かけずにゆっくり過ごせば、月曜までには万全の体調に戻るだろう。%K%P
幸い明日から週末だし、出かけずにゆっくり過ごせば、月曜までには万全の体調に戻るだろう。%K%P
「……いろいろと心配かけてごめんなさい。でも、もう大丈夫だから」%K%P
「……いろいろと心配かけてごめんなさい。でも、もう大丈夫だから」%K%P
微笑んだ綾香さんを見て、思わず安堵する。%K%P
微笑んだ綾香さんを見て、思わず安堵する。%K%P
綾香さんの無理をしていない笑顔を見たのは久しぶりな気がしたから、それがなによりも嬉しかった。%K%P
綾香さんの無理をしていない笑顔を見たのは久しぶりな気がしたから、それがなによりも嬉しかった。%K%P
