放課後の音楽室。僕は日課であるレッスンをしていた。%K%P
放課後の音楽室。僕は日課であるレッスンをしていた。%K%P
観客が二人……楓さんと佳様だ。この頃佳様も音楽室に来てくれる。%K%P
観客が二人……楓さんと佳様だ。この頃佳様も音楽室に来てくれる。%K%P
「うーん、さすがは我らが{歌姫:ディーバ}……麗しいねぇ」%K%P
「うーん、さすがは我らが{歌姫:ディーバ}……麗しいねぇ」%K%P
「…………」%K%P
「…………」%K%P
古くから伝わる、郷土音楽を歌う。%K%P
古くから伝わる、郷土音楽を歌う。%K%P
凝った技法も無い、素朴な楽曲。%K%P
凝った技法も無い、素朴な楽曲。%K%P
出自は古く、歌の真意は定かではないけれど……%K%P
出自は古く、歌の真意は定かではないけれど……%K%P
戦争で故郷を追われた人々が、生まれ育った地を懐かしむ歌とも、混乱で離ればなれになった恋人を想う歌とも言われている。%K%P
戦争で故郷を追われた人々が、生まれ育った地を懐かしむ歌とも、混乱で離ればなれになった恋人を想う歌とも言われている。%K%P
元々留学先で出来た学友が歌っていた曲だった。%K%P
元々留学先で出来た学友が歌っていた曲だった。%K%P
僕は初めて聞いたとき、切なさに胸を締め付けられた。%K%P
僕は初めて聞いたとき、切なさに胸を締め付けられた。%K%P
歌声はどこまでも透明で温かく、ジワジワと胸に染みこんできた。%K%P
歌声はどこまでも透明で温かく、ジワジワと胸に染みこんできた。%K%P
僕は何度か、聞かせてくれるよう、学友にねだった。しっかりと耳に、記憶に刻み込みたかったから。%K%P
僕は何度か、聞かせてくれるよう、学友にねだった。しっかりと耳に、記憶に刻み込みたかったから。%K%P
それ以来……折に触れ、この歌を歌う。%K%P
それ以来……折に触れ、この歌を歌う。%K%P
出典が分からないこの曲、コンクールやコンサートでは歌うことは出来ないかも知れない。%K%P
出典が分からないこの曲、コンクールやコンサートでは歌うことは出来ないかも知れない。%K%P
課題曲の練習に時間を割いた方が、良いのかも知れない。%K%P
課題曲の練習に時間を割いた方が、良いのかも知れない。%K%P
……でも、この曲を歌うと、歌の道を志した時に戻れる気がするんだ。%K%P
……でも、この曲を歌うと、歌の道を志した時に戻れる気がするんだ。%K%P
「……これは、いけないな。思わず恋に落ちてしまいそうだよ」%K%P
「……これは、いけないな。思わず恋に落ちてしまいそうだよ」%K%P
佳様が思わずといった感じで呟く。普段の飄々とした感じはどこにも見えない。%K%P
佳様が思わずといった感じで呟く。普段の飄々とした感じはどこにも見えない。%K%P
……たしかに、この歌を歌っていると誰かと恋に落ちてしまいそうになる。%K%P
……たしかに、この歌を歌っていると誰かと恋に落ちてしまいそうになる。%K%P
その誰か……僕にとっての誰かは……%K%P
その誰か……僕にとっての誰かは……%K%P
ポニーテールの少女と視線が絡む。%K%P
ポニーテールの少女と視線が絡む。%K%P
両手を胸に抱き、頬を染めている彼女が口を開いた。%K%P
両手を胸に抱き、頬を染めている彼女が口を開いた。%K%P
「…………司……自分は……」%K%P
「…………司……自分は……」%K%P
「……うん」%K%P
「……うん」%K%P
「……えっ？　どう、して」%K%P
「……えっ？　どう、して」%K%P
「あ！　え、えっとー」%K%P
「あ！　え、えっとー」%K%P
まずい、思わず返事しちゃった……どうしよう……%K%P
まずい、思わず返事しちゃった……どうしよう……%K%P
「あはは、いずみちゃん、お返事してくれて、ありがとう」%K%P
「あはは、いずみちゃん、お返事してくれて、ありがとう」%K%P
「こんなうるうると思い詰めたような瞳で見つめられたら、反応しちゃうよねー」%K%P
「こんなうるうると思い詰めたような瞳で見つめられたら、反応しちゃうよねー」%K%P
「あ、はい、そうですよね、えへへー」%K%P
「あ、はい、そうですよね、えへへー」%K%P
なんとか誤魔化せたかな？　佳様の言うとおり、楓さんの表情は反則だよ……そんな風に見つめられたら、もう……%K%P
なんとか誤魔化せたかな？　佳様の言うとおり、楓さんの表情は反則だよ……そんな風に見つめられたら、もう……%K%P
「いやー、いつも思うけどさ、今日は特に凄かったよね。こんなの聞いたら、年頃の女の子は全員{蕩:とろ}けちゃうよ」%K%P
「いやー、いつも思うけどさ、今日は特に凄かったよね。こんなの聞いたら、年頃の女の子は全員{蕩:とろ}けちゃうよ」%K%P
「特に思い人がいる子なんて、ね……ねえ、そうだろう、楓」%K%P
「特に思い人がいる子なんて、ね……ねえ、そうだろう、楓」%K%P
「ん……私に……お、思い人なんて……」%K%P
「ん……私に……お、思い人なんて……」%K%P
ああ、楓さん、なんか凄い乙女してる。%K%P
ああ、楓さん、なんか凄い乙女してる。%K%P
「ほら、打ち明けちゃいなよ。話せばすっきりするかもよ？　気になってるんでしょ、司くんのこと」%K%P
「ほら、打ち明けちゃいなよ。話せばすっきりするかもよ？　気になってるんでしょ、司くんのこと」%K%P
「司……くんって……」%K%P
「司……くんって……」%K%P
「あ、いずみちゃんは知らないよね。司くんていうのは、楓がお熱を上げてる人でね、この前――」%K%P
「あ、いずみちゃんは知らないよね。司くんていうのは、楓がお熱を上げてる人でね、この前――」%K%P
佳様がその「司くん」の事を説明してくれる。%K%P
佳様がその「司くん」の事を説明してくれる。%K%P
自分の事を聞かされるというのは、結構恥ずかしいかも。%K%P
自分の事を聞かされるというのは、結構恥ずかしいかも。%K%P
「楓さんは、その、司くんのことが……気になるの？」%K%P
「楓さんは、その、司くんのことが……気になるの？」%K%P
「………………うん」%K%P
「………………うん」%K%P
うん、て……楓さん、こんな感じだったっけ？%K%P
うん、て……楓さん、こんな感じだったっけ？%K%P
楓さんが、僕の事を……え、嘘。%K%P
楓さんが、僕の事を……え、嘘。%K%P
「その……呆れられてしまうかもだけど……あの日……公園での事以来、司の事が忘れられなくて」%K%P
「その……呆れられてしまうかもだけど……あの日……公園での事以来、司の事が忘れられなくて」%K%P
「たった二回会っただけ……それほど親しいわけでも、長く過したわけでも無いのにね」%K%P
「たった二回会っただけ……それほど親しいわけでも、長く過したわけでも無いのにね」%K%P
「こんな事、初めて。教えて、いずみさん。私、おかしくなっちゃったのかな」%K%P
「こんな事、初めて。教えて、いずみさん。私、おかしくなっちゃったのかな」%K%P
「……おかしくは無いんじゃない？　たぶん、自然なことだと思う」%K%P
「……おかしくは無いんじゃない？　たぶん、自然なことだと思う」%K%P
けれども……その対象が僕だなんて……%K%P
けれども……その対象が僕だなんて……%K%P
「あーこりゃ重症だわ。剣一筋の楓が、こんなふにゃふにゃになっちゃうんだからねー」%K%P
「あーこりゃ重症だわ。剣一筋の楓が、こんなふにゃふにゃになっちゃうんだからねー」%K%P
「ねえ、楓。あれ以来、司くんとは連絡を取ってるのかい？」%K%P
「ねえ、楓。あれ以来、司くんとは連絡を取ってるのかい？」%K%P
「……ううん、取っていない。だって、男子に電話なんて、出来るわけないし」%K%P
「……ううん、取っていない。だって、男子に電話なんて、出来るわけないし」%K%P
「そう？　私なんて、ちょくちょく電話してるけど？」%K%P
「そう？　私なんて、ちょくちょく電話してるけど？」%K%P
「えぇ！？　け、佳は電話してるの！？」%K%P
「えぇ！？　け、佳は電話してるの！？」%K%P
確かに佳様からは僕、司宛によく電話が掛ってくる。%K%P
確かに佳様からは僕、司宛によく電話が掛ってくる。%K%P
大体が楓さんをネタにしたことなのだけど……脚色しすぎなんだよね。それは違います、とも言えないし。%K%P
大体が楓さんをネタにしたことなのだけど……脚色しすぎなんだよね。それは違います、とも言えないし。%K%P
後、入浴中に掛けてくるのは、止めて欲しい。水音とか、艶っぽいため息とか……なにをしているのやら。%K%P
後、入浴中に掛けてくるのは、止めて欲しい。水音とか、艶っぽいため息とか……なにをしているのやら。%K%P
「うん。司くんからも掛って来たこともあるし。あ、もしかして、私に気があるのかなーなんて」%K%P
「うん。司くんからも掛って来たこともあるし。あ、もしかして、私に気があるのかなーなんて」%K%P
「なっ、そ、そんなっ……こと」%K%P
「なっ、そ、そんなっ……こと」%K%P
「い、いや、楓さん！　ああ、あうあう」%K%P
「い、いや、楓さん！　ああ、あうあう」%K%P
電話したことはしたけど、通話テストだからとかって、佳様が掛けさせたのに……うう、もう、言いたくても言えないよ。%K%P
電話したことはしたけど、通話テストだからとかって、佳様が掛けさせたのに……うう、もう、言いたくても言えないよ。%K%P
「……そうなんだ、司は佳のことが気になってるんだ……確かに中身はともかく、美人だし、スタイルもいいし、家も資産家だし」%K%P
「……そうなんだ、司は佳のことが気になってるんだ……確かに中身はともかく、美人だし、スタイルもいいし、家も資産家だし」%K%P
「女性らしい振る舞いも出来るし、会話も上手いし、学園のみんなからも好かれてる……剣しか取り柄のない私なんて、司と釣り合わないよね」%K%P
「女性らしい振る舞いも出来るし、会話も上手いし、学園のみんなからも好かれてる……剣しか取り柄のない私なんて、司と釣り合わないよね」%K%P
「うぅ……こうなったら、切ないけど、司の事は忘れて、学園も辞め、山に籠って、ひたすら剣の道に邁進するしか……」%K%P
「うぅ……こうなったら、切ないけど、司の事は忘れて、学園も辞め、山に籠って、ひたすら剣の道に邁進するしか……」%K%P
「か、楓さん。もう、佳様ったら、駄目ですよ！」%K%P
「か、楓さん。もう、佳様ったら、駄目ですよ！」%K%P
「わ、そんなに落ち込むなんて思っても見なかった。悪い、楓、ふざけすぎた」%K%P
「わ、そんなに落ち込むなんて思っても見なかった。悪い、楓、ふざけすぎた」%K%P
「私はただ、司くんに電話する勇気を持ってもらおうなんて、考えただけだよ。ね、落ち着いて、ほら」%K%P
「私はただ、司くんに電話する勇気を持ってもらおうなんて、考えただけだよ。ね、落ち着いて、ほら」%K%P
「え、そうなの……か？　……はっ、くっ」%K%P
「え、そうなの……か？　……はっ、くっ」%K%P
「そ、そんなことだろうと思ってた。佳の考えなんて、全部お見通しだから、本当だからっ」%K%P
「そ、そんなことだろうと思ってた。佳の考えなんて、全部お見通しだから、本当だからっ」%K%P
いや、結構本気で凹んでいたように見えたけど……まあ、余計な事は言わない方がいいかな。%K%P
いや、結構本気で凹んでいたように見えたけど……まあ、余計な事は言わない方がいいかな。%K%P
「と、とにかく、私はこのモヤモヤとした気持ちが嫌なの。いずみさん、同じ年頃の女子として聞きたい」%K%P
「と、とにかく、私はこのモヤモヤとした気持ちが嫌なの。いずみさん、同じ年頃の女子として聞きたい」%K%P
「どうするのが正解なのかな？　私、こんな体験は初めてで……」%K%P
「どうするのが正解なのかな？　私、こんな体験は初めてで……」%K%P
「う、うん……そうだねー……どうしたらいいかなぁ」%K%P
「う、うん……そうだねー……どうしたらいいかなぁ」%K%P
うう、僕だって今まで彼女とかいなかったからなぁ……おまけに、当事者だもの。%K%P
うう、僕だって今まで彼女とかいなかったからなぁ……おまけに、当事者だもの。%K%P
「よし、分かった！」%K%P
「よし、分かった！」%K%P
ポンと手を打つ音。%K%P
ポンと手を打つ音。%K%P
答えに窮している僕を見て、佳様が助け船を出してくれた。%K%P
答えに窮している僕を見て、佳様が助け船を出してくれた。%K%P
「ここはこの佳様にお任せだよ。楓への謝罪ってことで、一肌脱いじゃう」%K%P
「ここはこの佳様にお任せだよ。楓への謝罪ってことで、一肌脱いじゃう」%K%P
キラリンと音がする程の笑顔を見せる佳様。%K%P
キラリンと音がする程の笑顔を見せる佳様。%K%P
ファンの女の子なら卒倒するところだけど……その自信満々な笑顔がとても怖いです。%K%P
ファンの女の子なら卒倒するところだけど……その自信満々な笑顔がとても怖いです。%K%P
