第一章・その１平穏な日常
第一章・その１平穏な日常
第一章・その２平穏な日常
第一章・その２平穏な日常
第一章・その３平穏な日常
第一章・その３平穏な日常
第一章・その４平穏な日常
第一章・その４平穏な日常
第一章・その５平穏な日常
第一章・その５平穏な日常
第一章・その６平穏な日常
第一章・その６平穏な日常
第一章・その７平穏な日常
第一章・その７平穏な日常
第一章・間章１・平穏な日常
第一章・間章１・平穏な日常
第一章・間章２・平穏な日常
第一章・間章２・平穏な日常
第二章・その１食糧プラント
第二章・その１食糧プラント
第二章・その２食糧プラント
第二章・その２食糧プラント
第二章・その３食糧プラント
第二章・その３食糧プラント
第二章・その４食糧プラント
第二章・その４食糧プラント
第二章・その５食糧プラント
第二章・その５食糧プラント
第二章・その６食糧プラント
第二章・その６食糧プラント
第二章・その７食糧プラント
第二章・その７食糧プラント
第二章・その８食糧プラント
第二章・その８食糧プラント
第二章・その９食糧プラント
第二章・その９食糧プラント
第二章・その１０食糧プラント
第二章・その１０食糧プラント
第二章・その１１食糧プラント
第二章・その１１食糧プラント
第二章・その１２食糧プラント
第二章・その１２食糧プラント
第二章・その１３食糧プラント
第二章・その１３食糧プラント
第二章・その１４食糧プラント
第二章・その１４食糧プラント
第二章・その１５食糧プラント
第二章・その１５食糧プラント
第二章・その１６食糧プラント
第二章・その１６食糧プラント
第二章・間章・遥かな時代を越えて
第二章・間章・遥かな時代を越えて
第三章・その１・美少女アイドルの苦悩
第三章・その１・美少女アイドルの苦悩
第三章・その２・美少女アイドルの苦悩
第三章・その２・美少女アイドルの苦悩
第三章・その３・美少女アイドルの苦悩
第三章・その３・美少女アイドルの苦悩
第三章・その４・美少女アイドルの苦悩
第三章・その４・美少女アイドルの苦悩
第三章・その５・美少女アイドルの苦悩
第三章・その５・美少女アイドルの苦悩
第三章・その６・美少女アイドルの苦悩
第三章・その６・美少女アイドルの苦悩
第三章・その７・美少女アイドルの苦悩
第三章・その７・美少女アイドルの苦悩
第三章・その８・美少女アイドルの苦悩
第三章・その８・美少女アイドルの苦悩
第三章・その９・美少女アイドルの苦悩
第三章・その９・美少女アイドルの苦悩
第三章・その１０・美少女アイドルの苦悩
第三章・その１０・美少女アイドルの苦悩
第三章・間章・美少女アイドルの苦悩
第三章・間章・美少女アイドルの苦悩
第四章・その１・希望のお悩み相談
第四章・その１・希望のお悩み相談
第四章・その２・希望のお悩み相談
第四章・その２・希望のお悩み相談
第四章・その３・希望のお悩み相談
第四章・その３・希望のお悩み相談
第四章・その４・希望のお悩み相談
第四章・その４・希望のお悩み相談
第四章・その５・希望のお悩み相談
第四章・その５・希望のお悩み相談
第四章・その６・希望のお悩み相談
第四章・その６・希望のお悩み相談
第四章・その７・希望のお悩み相談
第四章・その７・希望のお悩み相談
第四章・その８・希望のお悩み相談
第四章・その８・希望のお悩み相談
第四章・間章・希望のお悩み相談
第四章・間章・希望のお悩み相談
第五章・希望ルート１
第五章・希望ルート１
第五章・希望ルート２
第五章・希望ルート２
第五章・アクセラルート１
第五章・アクセラルート１
第五章・アクセラルート２
第五章・アクセラルート２
第五章・キズナルート１
第五章・キズナルート１
第五章・キズナルート２
第五章・キズナルート２
第五章・島津秋ルート１
第五章・島津秋ルート１
第五章・島津秋ルート２
第五章・島津秋ルート２
第五章・水野凛ルート１
第五章・水野凛ルート１
第五章・水野凛ルート２
第五章・水野凛ルート２
第六章・その１・競売
第六章・その１・競売
第六章・その２・競売
第六章・その２・競売
第六章・その３・競売
第六章・その３・競売
第六章・その４・競売
第六章・その４・競売
第六章・その５・競売
第六章・その５・競売
第六章・その６・競売
第六章・その６・競売
第六章・その７・競売
第六章・その７・競売
第六章・その８・競売
第六章・その８・競売
第六章・その９・競売
第六章・その９・競売
第六章・その１０・競売
第六章・その１０・競売
第六章・その１１・競売
第六章・その１１・競売
第六章・その１２・競売
第六章・その１２・競売
第六章・その１３・競売
第六章・その１３・競売
第六章・その１４・競売
第六章・その１４・競売
第六章・その１５・競売
第六章・その１５・競売
第六章・その１６・競売
第六章・その１６・競売
第六章・その１７・競売
第六章・その１７・競売
第六章・その１８・競売
第六章・その１８・競売
第六章・その１９・競売
第六章・その１９・競売
第六章・その２０・競売
第六章・その２０・競売
第六章・その２１・競売
第六章・その２１・競売
第六章・間章・競売
第六章・間章・競売
第七章・アクセラの秘密。島津家の秘密その１
第七章・アクセラの秘密。島津家の秘密その１
第七章・アクセラの秘密。島津家の秘密その２
第七章・アクセラの秘密。島津家の秘密その２
第七章・アクセラの秘密。島津家の秘密その３
第七章・アクセラの秘密。島津家の秘密その３
第七章・アクセラの秘密。島津家の秘密その４
第七章・アクセラの秘密。島津家の秘密その４
第七章・アクセラの秘密。島津家の秘密その５
第七章・アクセラの秘密。島津家の秘密その５
第七章・アクセラの秘密。島津家の秘密その６
第七章・アクセラの秘密。島津家の秘密その６
第七章・アクセラの秘密。島津家の秘密その７
第七章・アクセラの秘密。島津家の秘密その７
第七章・アクセラの秘密。島津家の秘密その８
第七章・アクセラの秘密。島津家の秘密その８
第七章・アクセラの秘密。島津家の秘密その９
第七章・アクセラの秘密。島津家の秘密その９
第七章・アクセラの秘密。島津家の秘密その１０
第七章・アクセラの秘密。島津家の秘密その１０
第七章・アクセラの秘密。島津家の秘密その１１
第七章・アクセラの秘密。島津家の秘密その１１
第七章・アクセラの秘密。島津家の秘密その１２
第七章・アクセラの秘密。島津家の秘密その１２
第七章・アクセラの秘密。島津家の秘密その１３
第七章・アクセラの秘密。島津家の秘密その１３
第七．五章・その１・特務官たちの災難
第七．五章・その１・特務官たちの災難
第七．五章・その２・特務官たちの災難
第七．五章・その２・特務官たちの災難
第七．五章・その３・特務官たちの災難
第七．五章・その３・特務官たちの災難
第七．五章・その４・特務官たちの災難
第七．五章・その４・特務官たちの災難
第七．五章・その５・特務官たちの災難
第七．五章・その５・特務官たちの災難
第七．五章・その６・特務官たちの災難
第七．五章・その６・特務官たちの災難
第七．五章・その間章・特務官たちの災難
第七．五章・その間章・特務官たちの災難
第八章・その１来たれ、夢の街へ
第八章・その１来たれ、夢の街へ
第八章・その２来たれ、夢の街へ
第八章・その２来たれ、夢の街へ
第八章・その３来たれ、夢の街へ
第八章・その３来たれ、夢の街へ
第八章・その４来たれ、夢の街へ
第八章・その４来たれ、夢の街へ
第八章・間章・来たれ、夢の街へ
第八章・間章・来たれ、夢の街へ
第九章・過去と未来その１
第九章・過去と未来その１
第九章・過去と未来その２
第九章・過去と未来その２
第九章・過去と未来その３
第九章・過去と未来その３
第九章・過去と未来その４
第九章・過去と未来その４
第九章・過去と未来その５
第九章・過去と未来その５
第九章・過去と未来その６
第九章・過去と未来その６
第九章・過去と未来その７
第九章・過去と未来その７
第九章・過去と未来その８
第九章・過去と未来その８
最終章・凛ルートその１
最終章・凛ルートその１
最終章・凛ルートその２
最終章・凛ルートその２
最終章・凛ルートその３
最終章・凛ルートその３
最終章・凛ルートその４
最終章・凛ルートその４
最終章・凛ルートその５
最終章・凛ルートその５
最終章・凛ルートその６
最終章・凛ルートその６
最終章・凛ルートその７
最終章・凛ルートその７
最終章・凛ルートその８
最終章・凛ルートその８
最終章・凛ルートその９
最終章・凛ルートその９
最終章・凛ルートその１０
最終章・凛ルートその１０
最終章・凛ルートその１１
最終章・凛ルートその１１
最終章・凛ルートその１２
最終章・凛ルートその１２
最終章・凛ルートその１３
最終章・凛ルートその１３
最終章・凛ルートその１４
最終章・凛ルートその１４
最終章・凛ルートその１５
最終章・凛ルートその１５
最終章・凛ルートその１７
最終章・凛ルートその１７
スタッフロール
スタッフロール
最終章・凛ルートその１７』後
最終章・凛ルートその１７』後
最終章・希望ルート
最終章・希望ルート
最終章・希望ルート１
最終章・希望ルート１
最終章・希望ルート２
最終章・希望ルート２
最終章・希望ルート３
最終章・希望ルート３
最終章・希望ルート４
最終章・希望ルート４
最終章・希望ルート５
最終章・希望ルート５
最終章・希望ルート６
最終章・希望ルート６
最終章・希望ルート７
最終章・希望ルート７
最終章・希望ルート８
最終章・希望ルート８
最終章・希望ルート９
最終章・希望ルート９
最終章・希望ルート１０
最終章・希望ルート１０
最終章・希望ルート１１
最終章・希望ルート１１
スタッフロール
スタッフロール
最終章・希望ルートエンディング
最終章・希望ルートエンディング
最終章・アクセラルートその１
最終章・アクセラルートその１
最終章・アクセラルートその２
最終章・アクセラルートその２
最終章・アクセラルートその３
最終章・アクセラルートその３
最終章・アクセラルートその４
最終章・アクセラルートその４
最終章・アクセラルートその５
最終章・アクセラルートその５
最終章・アクセラルートその６
最終章・アクセラルートその６
最終章・アクセラルートその７
最終章・アクセラルートその７
最終章・アクセラルートその８
最終章・アクセラルートその８
最終章・アクセラルートその９
最終章・アクセラルートその９
最終章・アクセラルートその１０
最終章・アクセラルートその１０
最終章・アクセラルートその１１
最終章・アクセラルートその１１
最終章・アクセラルートその１２
最終章・アクセラルートその１２
最終章・アクセラルートその１３
最終章・アクセラルートその１３
最終章・アクセラルートその１４
最終章・アクセラルートその１４
スタッフロール
スタッフロール
最終章・アクセラルートその１５
最終章・アクセラルートその１５
最終章・レミニセンスその１
最終章・レミニセンスその１
最終章・レミニセンスその２
最終章・レミニセンスその２
最終章・レミニセンスその３
最終章・レミニセンスその３
最終章・レミニセンスその４
最終章・レミニセンスその４
最終章・レミニセンスその５
最終章・レミニセンスその５
最終章・レミニセンスその６
最終章・レミニセンスその６
最終章・レミニセンスその７
最終章・レミニセンスその７
最終章・レミニセンスその８
最終章・レミニセンスその８
最終章・レミニセンスその９
最終章・レミニセンスその９
最終章・レミニセンスその１０
最終章・レミニセンスその１０
最終章・レミニセンスその１１
最終章・レミニセンスその１１
最終章・レミニセンスその１２
最終章・レミニセンスその１２
最終章・レミニセンスその１３
最終章・レミニセンスその１３
最終章・レミニセンスその１４
最終章・レミニセンスその１４
最終章・レミニセンスその１５
最終章・レミニセンスその１５
スタッフロール
スタッフロール
最終章・レミニセンスその１６
最終章・レミニセンスその１６
最終章・島津兄妹１
最終章・島津兄妹１
最終章・島津兄妹２
最終章・島津兄妹２
最終章・島津兄妹３
最終章・島津兄妹３
最終章・島津兄妹４
最終章・島津兄妹４
最終章・島津兄妹５
最終章・島津兄妹５
最終章・島津兄妹６
最終章・島津兄妹６
最終章・島津兄妹７
最終章・島津兄妹７
最終章・島津兄妹８
最終章・島津兄妹８
最終章・島津兄妹９
最終章・島津兄妹９
最終章・島津兄妹１０
最終章・島津兄妹１０
最終章・島津兄妹１１
最終章・島津兄妹１１
最終章・島津兄妹１２
最終章・島津兄妹１２
最終章・島津兄妹１３
最終章・島津兄妹１３
スタッフロール
スタッフロール
最終章・島津兄妹１４
最終章・島津兄妹１４
