アクセラの裸を見た
アクセラの裸を見た
現在値1：
現在値1：
現在値0：
現在値0：
秋と愛佳が仲良くしているのを見た
秋と愛佳が仲良くしているのを見た
現在値1：
現在値1：
現在値0：
現在値0：
キズナが秀隆と携帯を買いに行った
キズナが秀隆と携帯を買いに行った
現在値1：
現在値1：
現在値0：
現在値0：
設定完了、実行
設定完了、実行
testplay第五章・キズナルート２
testplay第五章・キズナルート２
testplay第五章・キズナルート１
testplay第五章・キズナルート１
testplay第五章・アクセラルート２
testplay第五章・アクセラルート２
testplay第五章・アクセラルート１
testplay第五章・アクセラルート１
testplay第五章・希望ルート２
testplay第五章・希望ルート２
testplay第五章・希望ルート１
testplay第五章・希望ルート１
－（空欄）
－（空欄）
－（第五章は直接実行できません）
－（第五章は直接実行できません）
testplay普通にゲームをはじめる（第一章～）
testplay普通にゲームをはじめる（第一章～）
－（空欄）
－（空欄）
testplay第七．五章からはじめる
testplay第七．五章からはじめる
testplay第六章からはじめる◆旧版
testplay第六章からはじめる◆旧版
testplay隠しシナリオ（へっぽこ）
testplay隠しシナリオ（へっぽこ）
－testplayあぺんど秋（まだ）
－testplayあぺんど秋（まだ）
－testplayあぺんど希望（まだ）
－testplayあぺんど希望（まだ）
－testplayあぺんど凛（まだ）
－testplayあぺんど凛（まだ）
－testplayあぺんどキズナ（まだ）
－testplayあぺんどキズナ（まだ）
－testplayあぺんどアクセラ２（まだ）
－testplayあぺんどアクセラ２（まだ）
－testplayあぺんどアクセラ（まだ）
－testplayあぺんどアクセラ（まだ）
隠しシナリオ・その１
隠しシナリオ・その１
隠しシナリオ・その２
隠しシナリオ・その２
隠しシナリオ・その３
隠しシナリオ・その３
隠しシナリオ・その４
隠しシナリオ・その４
隠しシナリオ・その５
隠しシナリオ・その５
隠しシナリオ・その６
隠しシナリオ・その６
隠しシナリオ・その７
隠しシナリオ・その７
隠しシナリオ・その８
隠しシナリオ・その８
隠しシナリオ・その９
隠しシナリオ・その９
隠しシナリオ・その１０
隠しシナリオ・その１０
隠しシナリオ・その１１
隠しシナリオ・その１１
隠しシナリオ・その１２
隠しシナリオ・その１２
隠しシナリオ・その１３
隠しシナリオ・その１３
隠しシナリオ・その１４
隠しシナリオ・その１４
隠しシナリオ・その１５
隠しシナリオ・その１５
隠しシナリオ・その１６
隠しシナリオ・その１６
隠しシナリオ・その１７
隠しシナリオ・その１７
隠しシナリオ・その１８
隠しシナリオ・その１８
隠しシナリオ・その１９
隠しシナリオ・その１９
隠しシナリオ・その２０
隠しシナリオ・その２０
隠しシナリオ・その２１
隠しシナリオ・その２１
隠しシナリオ・その２２
隠しシナリオ・その２２
隠しシナリオ・その２３
隠しシナリオ・その２３
隠しシナリオ・その２４
隠しシナリオ・その２４
スタッフロール
スタッフロール
