まどか
まどか
…………
…………
朝、職場の空気はいつもよりも重たいものだった。
朝、職場の空気はいつもよりも重たいものだった。
その原因は、助特務官のリーダーを勤めているまどかの表情が険しいためだ。
その原因は、助特務官のリーダーを勤めているまどかの表情が険しいためだ。
秀隆
秀隆
まどからしくないな。どうしたんだ？
まどからしくないな。どうしたんだ？
まどか
まどか
島津くん……ごめんなさい。表情に出てたかしら……
島津くん……ごめんなさい。表情に出てたかしら……
秀隆
秀隆
おまえが鬼みたいな顔してるから、皆怖がってるぞ
おまえが鬼みたいな顔してるから、皆怖がってるぞ
まどか
まどか
そう……
そう……
磯部
磯部
何があったんだ？　まどか
何があったんだ？　まどか
まどか
まどか
私が担当していた企画が、頓挫しそうなの
私が担当していた企画が、頓挫しそうなの
磯部
磯部
マジか……かなり順調だったよな？
マジか……かなり順調だったよな？
まどか
まどか
ええ。でもクライアントの資金繰りが厳しくなったみたいで……
ええ。でもクライアントの資金繰りが厳しくなったみたいで……
まどか
まどか
今は連絡待ちの状態だけど、かなり厳しいわね
今は連絡待ちの状態だけど、かなり厳しいわね
秀隆
秀隆
それはまどかのせいじゃないんだ。気にしても仕方ないだろ
それはまどかのせいじゃないんだ。気にしても仕方ないだろ
まどか
まどか
そうかも知れないけど……プロジェクトのリーダーとして気にせずにはいられないわ
そうかも知れないけど……プロジェクトのリーダーとして気にせずにはいられないわ
磯部
磯部
おまえのようなコネコネ男には分からないだろうけどな
おまえのようなコネコネ男には分からないだろうけどな
コネコネ男って……。
コネコネ男って……。
磯部
磯部
でも、なんか最近不運続きだよな。俺の企画もそうだし、
でも、なんか最近不運続きだよな。俺の企画もそうだし、
立て続けに引き受けてる企画が失敗してる気がする
立て続けに引き受けてる企画が失敗してる気がする
まどか
まどか
そう言えば、川崎くんや井畑くんも、プロジェクトが失敗してるみたいね
そう言えば、川崎くんや井畑くんも、プロジェクトが失敗してるみたいね
磯部
磯部
何かよからぬ者にとりつかれたんじゃないか？　なぁ？
何かよからぬ者にとりつかれたんじゃないか？　なぁ？
オレを蔑んだ視線で見る磯部。
オレを蔑んだ視線で見る磯部。
磯部
磯部
オレのプロジェクトが失敗したのも、おまえのせいじゃないのか？
オレのプロジェクトが失敗したのも、おまえのせいじゃないのか？
秀隆
秀隆
それは幾らなんでも酷いだろ……
それは幾らなんでも酷いだろ……
まどか
まどか
そうよ。島津くんに責任はないわ
そうよ。島津くんに責任はないわ
磯部
磯部
でもだな……こいつが居るせいで運気が下がったって可能性はあるだろ
でもだな……こいつが居るせいで運気が下がったって可能性はあるだろ
秀隆
秀隆
んなバカな
んなバカな
まどか
まどか
……運気か……
……運気か……
真顔でオレを見つめるまどか。
真顔でオレを見つめるまどか。
秀隆
秀隆
お、おい。まさかオレを疑ってるわけじゃないよな？
お、おい。まさかオレを疑ってるわけじゃないよな？
まどか
まどか
も、もちろんよ
も、もちろんよ
磯部
磯部
特務官のお荷物、いや、疫病神め
特務官のお荷物、いや、疫病神め
まどか
まどか
島津くんが今受けてる仕事はどうなの？
島津くんが今受けてる仕事はどうなの？
磯部
磯部
失敗してるんだろ？　なあ、そうなんだろ？
失敗してるんだろ？　なあ、そうなんだろ？
秀隆
秀隆
順調だよ。怖いくらいに
順調だよ。怖いくらいに
磯部
磯部
けっ。おまえも失敗すればいいんだよ
けっ。おまえも失敗すればいいんだよ
秀隆
秀隆
オレは
オレは
se着信（共通
se着信（共通
携帯が鳴る。
携帯が鳴る。
秀隆
秀隆
悪い、出る
悪い、出る
se通話ボタン
se通話ボタン
秀隆
秀隆
もしもし
もしもし
澤木
澤木
これ、あんたの……特務官の子よね？
これ、あんたの……特務官の子よね？
秀隆
秀隆
はい。島津です、どうされましたか？
はい。島津です、どうされましたか？
澤木
澤木
あんたにお願いしてた契約の件なんだけど……
あんたにお願いしてた契約の件なんだけど……
秀隆
秀隆
何か問題ありましたでしょうか？
何か問題ありましたでしょうか？
澤木
澤木
あれ無しにするから
あれ無しにするから
秀隆
秀隆
え？
え？
澤木
澤木
じゃ
じゃ
秀隆
秀隆
ちょ、ちょっと、無しって、どういうことです
ちょ、ちょっと、無しって、どういうことです
プツッ。
プツッ。
通話が切られる。
通話が切られる。
秀隆
秀隆
……嘘だろ？
……嘘だろ？
まどか
まどか
どうしたの？　何かトラブル？
どうしたの？　何かトラブル？
磯部
磯部
トラブルなのか？　トーラブルなのか？
トラブルなのか？　トーラブルなのか？
秀隆
秀隆
やけに嬉しそうだな……その通り、トラブルだよ
やけに嬉しそうだな……その通り、トラブルだよ
秀隆
秀隆
順調に進んでたんだけど、いきなり契約を白紙にしてほしいって
順調に進んでたんだけど、いきなり契約を白紙にしてほしいって
磯部
磯部
っし！
っし！
ガッツポーズを作る磯部。
ガッツポーズを作る磯部。
秀隆
秀隆
人の不幸を喜ぶなよ……
人の不幸を喜ぶなよ……
磯部
磯部
おまえだけはいいんだよ。いやぁ肩が軽くなったぜ
おまえだけはいいんだよ。いやぁ肩が軽くなったぜ
まどか
まどか
……ごめんなさい島津くん。彼も悪気は……悪気はあるけど
……ごめんなさい島津くん。彼も悪気は……悪気はあるけど
秀隆
秀隆
いいよ、付き合いも長くなってきたし
いいよ、付き合いも長くなってきたし
秀隆
秀隆
それに心の底からオレを嫌って―――るだろうけど。
それに心の底からオレを嫌って―――るだろうけど。
でも悪い奴じゃないことは分かってるつもりだ
でも悪い奴じゃないことは分かってるつもりだ
まどか
まどか
それにしても、島津くんのプロジェクトまでダメになりそうだなんて
それにしても、島津くんのプロジェクトまでダメになりそうだなんて
秀隆
秀隆
二人の言うように、特務官は今災難に見舞われてるのかもな
二人の言うように、特務官は今災難に見舞われてるのかもな
まどか
まどか
お互い、改めて気を引き締めていきましょう
お互い、改めて気を引き締めていきましょう
秀隆
秀隆
そうだな
そうだな
オレも事実確認のため、すぐラモールに向かおう。
オレも事実確認のため、すぐラモールに向かおう。
秀隆
秀隆
澤木社長！
澤木社長！
澤木
澤木
……あなた。何しにきたの？
……あなた。何しにきたの？
秀隆
秀隆
本日お電話いただいた件で、ご確認に参りました
本日お電話いただいた件で、ご確認に参りました
澤木
澤木
言ったでしょ。話はなかったことにしてって
言ったでしょ。話はなかったことにしてって
秀隆
秀隆
どうして急に考えを変えられたのですか？
どうして急に考えを変えられたのですか？
澤木
澤木
あんたには関係ないでしょ。どうしようと私の自由よ
あんたには関係ないでしょ。どうしようと私の自由よ
秀隆
秀隆
確かにその通りです、自分には何も権利がありません
確かにその通りです、自分には何も権利がありません
澤木
澤木
だったら放っておいてよ
だったら放っておいてよ
秀隆
秀隆
ですが、突如心変わりされた理由だけでも知りたいと思い、お伺いしました
ですが、突如心変わりされた理由だけでも知りたいと思い、お伺いしました
秀隆
秀隆
澤木様ご自身だけで判断されたのでしょうか？
澤木様ご自身だけで判断されたのでしょうか？
澤木
澤木
なんだっていいでしょ、そんなこと
なんだっていいでしょ、そんなこと
秀隆
秀隆
そうも行きません。自分にとっては、とても大切なことなんです
そうも行きません。自分にとっては、とても大切なことなんです
秀隆
秀隆
自分に何か落ち度がありましたでしょうか？
自分に何か落ち度がありましたでしょうか？
秀隆
秀隆
それともマリアさんが気に食わない、と言うようなことでもありましたか
それともマリアさんが気に食わない、と言うようなことでもありましたか
ピクリ、と僅かにだが澤木さんが反応した。
ピクリ、と僅かにだが澤木さんが反応した。
澤木
澤木
この際だから言うけど、あんたの態度が気に入らないのよ。
この際だから言うけど、あんたの態度が気に入らないのよ。
あんた新人特務官なんでしょ？　ぶっちゃけ信用ならないのよね
あんた新人特務官なんでしょ？　ぶっちゃけ信用ならないのよね
秀隆
秀隆
そのお話を、どこで？
そのお話を、どこで？
澤木
澤木
どこだっていいでしょ。ともかく、私はがっかりしたの
どこだっていいでしょ。ともかく、私はがっかりしたの
澤木
澤木
あーもう、どうしてあなたみたいな使えない人をよこしたの、
あーもう、どうしてあなたみたいな使えない人をよこしたの、
あの人は
あの人は
あの人、とは竹内特務官のことだろう。
あの人、とは竹内特務官のことだろう。
秀隆
秀隆
……失礼ですが、竹内特務官とは、どのようなご関係なのですか？
……失礼ですが、竹内特務官とは、どのようなご関係なのですか？
澤木
澤木
ふん。この際だから教えてあげるわよ。あの人はね、昔私と付き合ってたの
ふん。この際だから教えてあげるわよ。あの人はね、昔私と付き合ってたの
秀隆
秀隆
な、なんと……
な、なんと……
それはとんでもない話だった。
それはとんでもない話だった。
澤木
澤木
でも私に子供が出来た途端、仕事の邪魔になるから別れてくれ、よ？　後は大金積んで子供を堕ろさせて、慰謝料払ってさようなら
でも私に子供が出来た途端、仕事の邪魔になるから別れてくれ、よ？　後は大金積んで子供を堕ろさせて、慰謝料払ってさようなら
ひらひらと手を振る。
ひらひらと手を振る。
澤木
澤木
長い間連絡を取ってなかったって言っても、
長い間連絡を取ってなかったって言っても、
元々婚約寸前まで行ってた私に、あんたみたいなのをよこした
元々婚約寸前まで行ってた私に、あんたみたいなのをよこした
澤木
澤木
そう言うのが気に入らないの。わかった？
そう言うのが気に入らないの。わかった？
秀隆
秀隆
そうでしたか……
そうでしたか……
澤木
澤木
わかったなら帰って。もう用はないから
わかったなら帰って。もう用はないから
秀隆
秀隆
ではドリームタウンへ進出すると言う展望は、諦めたと言うことでしょうか？
ではドリームタウンへ進出すると言う展望は、諦めたと言うことでしょうか？
澤木
澤木
あんたたちには頼らないってことよ。じゃあね
あんたたちには頼らないってことよ。じゃあね
オレは追い出されるように、店の外へとはじき出された。
オレは追い出されるように、店の外へとはじき出された。
秀隆
秀隆
参ったねどうも……
参ったねどうも……
磯部やまどかに続いて、オレまでプロジェクト倒れだ。
磯部やまどかに続いて、オレまでプロジェクト倒れだ。
いや、そう言うことなら、まだいいのかもしれない。
いや、そう言うことなら、まだいいのかもしれない。
澤木社長のあの態度が、少し引っかかる。
澤木社長のあの態度が、少し引っかかる。
オレには頼らないが、ドリームタウンへの進出は諦めた様子がない。
オレには頼らないが、ドリームタウンへの進出は諦めた様子がない。
まさか、彼女自身が交渉に挑む？
まさか、彼女自身が交渉に挑む？
いや、それは最初に澤木社長自身が苦手だと口にしていた。
いや、それは最初に澤木社長自身が苦手だと口にしていた。
なら……他の代理人を見つけた、と言うことだろうか。
なら……他の代理人を見つけた、と言うことだろうか。
新人だとしても、特務官のオレよりも頼れる人物？
新人だとしても、特務官のオレよりも頼れる人物？
このまま引き下がっていいのだろうか……。
このまま引き下がっていいのだろうか……。
元々今回は、特務官として正式に受けた仕事じゃない。
元々今回は、特務官として正式に受けた仕事じゃない。
なら、いっそここで終わりにして
なら、いっそここで終わりにして
se心臓の鼓動 (2
se心臓の鼓動 (2
ドクッ……。
ドクッ……。
心臓が、一瞬跳ね上がったのを感じた。
心臓が、一瞬跳ね上がったのを感じた。
se心臓の鼓動 (2
se心臓の鼓動 (2
ドクッ、ドクッ。
ドクッ、ドクッ。
何故―――。
何故―――。
姉さんの姿が見える。
姉さんの姿が見える。
何故なんだよ姉さん……。
何故なんだよ姉さん……。
何故、姉さんが、澤木社長のことを気にかけるんだ……？
何故、姉さんが、澤木社長のことを気にかけるんだ……？
姉さんはオレをジッと見上げながら、
姉さんはオレをジッと見上げながら、
店の中で働く澤木社長を指差していた。
店の中で働く澤木社長を指差していた。
秀隆
秀隆
くっ……！
くっ……！
冷や汗をかき、オレはその場にしゃがみこんだ。
冷や汗をかき、オレはその場にしゃがみこんだ。
秀隆
秀隆
なんなんだよ……
なんなんだよ……
意味がわからない。
意味がわからない。
どうして、姉さんがこんなところで現れるんだ……。
どうして、姉さんがこんなところで現れるんだ……。
オレに何を伝えたいって言うんだよ……。
オレに何を伝えたいって言うんだよ……。
まどか
まどか
島津くん、プロジェクトの方は大丈夫だった？
島津くん、プロジェクトの方は大丈夫だった？
秀隆
秀隆
このオフィスは呪われてるのかも知れない……
このオフィスは呪われてるのかも知れない……
まどか
まどか
もしかして……
もしかして……
磯部
磯部
白紙に戻されたのか？
白紙に戻されたのか？
秀隆
秀隆
ああ。残念ながらそう言う結果になってしまった
ああ。残念ながらそう言う結果になってしまった
磯部
磯部
……そうか
……そうか
てっきり馬鹿にされるかと思っていたが、
てっきり馬鹿にされるかと思っていたが、
磯部は重い口調でオレの方を叩いた。
磯部は重い口調でオレの方を叩いた。
磯部
磯部
ま、そう言うこともある。気にするな
ま、そう言うこともある。気にするな
秀隆
秀隆
磯部……
磯部……
さっきはオレをバカにしていたが、
さっきはオレをバカにしていたが、
やはり本当の失敗を聞いて、心配してくれたのか。
やはり本当の失敗を聞いて、心配してくれたのか。
秀隆
秀隆
やっぱりお前は、良い奴
やっぱりお前は、良い奴
磯部
磯部
ぷっ、く、くく……い、いかん笑いが……
ぷっ、く、くく……い、いかん笑いが……
秀隆
秀隆
……ちょっと感動したオレが間違いだった
……ちょっと感動したオレが間違いだった
まどか
まどか
磯部くん、性格悪いわよ。失敗を笑うなんて
磯部くん、性格悪いわよ。失敗を笑うなんて
磯部
磯部
島津だけは別だ別。他の仲間なら、当然笑ったりはしない
島津だけは別だ別。他の仲間なら、当然笑ったりはしない
秀隆
秀隆
オレだって、ここの仲間なんですが？
オレだって、ここの仲間なんですが？
秀隆
秀隆
ってこういうやりとりをしてる場合じゃない
ってこういうやりとりをしてる場合じゃない
秀隆
秀隆
少し出かけてくる
少し出かけてくる
磯部
磯部
出かけてくるって、企画はなくなったんだろ？
出かけてくるって、企画はなくなったんだろ？
秀隆
秀隆
まだやれそうなことは残ってるしな
まだやれそうなことは残ってるしな
まどか
まどか
白紙に戻されたのに、やれることが残ってる……？
白紙に戻されたのに、やれることが残ってる……？
秀隆
秀隆
オレのプロジェクトが失敗するのは仕方ない。
オレのプロジェクトが失敗するのは仕方ない。
でも、依頼人が間違った方向に進まないかどうか、
でも、依頼人が間違った方向に進まないかどうか、
それだけは確かめなきゃならない
それだけは確かめなきゃならない
まどか
まどか
……ねえ、どういうことなの？
……ねえ、どういうことなの？
秀隆
秀隆
悪い。ちょっと出るわ
悪い。ちょっと出るわ
まどか
まどか
あ、ちょっと……もう。相変わらずなんだから……
あ、ちょっと……もう。相変わらずなんだから……
オレは廊下を足早に歩き、
オレは廊下を足早に歩き、
特務官たちが勤めるオフィスへと足を運んだ。
特務官たちが勤めるオフィスへと足を運んだ。
扉を開くと、助特務官たちのオフィスとはまた異なり、
扉を開くと、助特務官たちのオフィスとはまた異なり、
より緊迫感に包まれた部屋が視界に広がる。
より緊迫感に包まれた部屋が視界に広がる。
秀隆
秀隆
竹内特務官はいらっしゃいますでしょうか？
竹内特務官はいらっしゃいますでしょうか？
オレはオフィスの一人に話し掛け、竹内特務官を希望する。
オレはオフィスの一人に話し掛け、竹内特務官を希望する。
だが、どうやら今は仕事で出払っているらしい。
だが、どうやら今は仕事で出払っているらしい。
秀隆
秀隆
そうですか。ありがとうございました
そうですか。ありがとうございました
秀隆
秀隆
戻りは未定か……下手したら、今日は戻ってこないこともあるな
戻りは未定か……下手したら、今日は戻ってこないこともあるな
竹内特務官は日々飛び回っていて、
竹内特務官は日々飛び回っていて、
ドリームタウンに宿泊することも少なくない。
ドリームタウンに宿泊することも少なくない。
定時まで待って戻らなかったら、携帯にかけてみるか。
定時まで待って戻らなかったら、携帯にかけてみるか。
いや、それだと手遅れかもしれない。
いや、それだと手遅れかもしれない。
オレの想像するケースだった場合、
オレの想像するケースだった場合、
下手すると１分１秒が命取りになりかねないからだ。
下手すると１分１秒が命取りになりかねないからだ。
携帯を握り締め、オレは竹内特務官へかけることにした。
携帯を握り締め、オレは竹内特務官へかけることにした。
…………。
…………。
繋がったのは留守電。
繋がったのは留守電。
秀隆
秀隆
お疲れ様です、島津です。澤木社長のことで、どうしても竹内特務官にお聞きしたことがございます。お時間ができましたら、折り返し頂いてもよろしいでしょうか？
お疲れ様です、島津です。澤木社長のことで、どうしても竹内特務官にお聞きしたことがございます。お時間ができましたら、折り返し頂いてもよろしいでしょうか？
秀隆
秀隆
よろしくお願いいたします。失礼します
よろしくお願いいたします。失礼します
秀隆
秀隆
……とりあえずは、これでよしと
……とりあえずは、これでよしと
後は折り返し連絡があることを祈って、待つしかない。
後は折り返し連絡があることを祈って、待つしかない。
その折り返しがかかってきたのは、
その折り返しがかかってきたのは、
仕事が定時を迎える直前だった。
仕事が定時を迎える直前だった。
秀隆
秀隆
もしもし
もしもし
竹内
竹内
島津くん、私の携帯に留守電を入れていたようだが。何かトラブルかね？
島津くん、私の携帯に留守電を入れていたようだが。何かトラブルかね？
秀隆
秀隆
はい。よろしければ、本日お時間をいただけないでしょうか？
はい。よろしければ、本日お時間をいただけないでしょうか？
竹内
竹内
電話で済ませられる話ではないと？
電話で済ませられる話ではないと？
秀隆
秀隆
出来れば、直接お会いしてお願いしたいです
出来れば、直接お会いしてお願いしたいです
竹内
竹内
私の仕事が、あと２時間ほどで終わる。その後でもいいなら構わんよ
私の仕事が、あと２時間ほどで終わる。その後でもいいなら構わんよ
秀隆
秀隆
ぜひよろしくお願いいたします
ぜひよろしくお願いいたします
竹内
竹内
そうかね、なら
そうかね、なら
秀隆
秀隆
はい。はい……分かりました。お伺いします
はい。はい……分かりました。お伺いします
秀隆
秀隆
それでは、お疲れ様です
それでは、お疲れ様です
se通話ボタン
se通話ボタン
秀隆
秀隆
よし……とりあえずこれで話を聞くことが出来そうだ
よし……とりあえずこれで話を聞くことが出来そうだ
少しでも解決の糸口に繋がればいいが。
少しでも解決の糸口に繋がればいいが。
秀隆
秀隆
お疲れ様です。竹内特務官
お疲れ様です。竹内特務官
バーに足を踏み入れると、竹内特務官はソファーに腰を下ろしていた。
バーに足を踏み入れると、竹内特務官はソファーに腰を下ろしていた。
竹内
竹内
お疲れ。すまないね、予想より仕事が長引いてしまった
お疲れ。すまないね、予想より仕事が長引いてしまった
秀隆
秀隆
大丈夫です。こちらこそお疲れのところ申し訳御座いません
大丈夫です。こちらこそお疲れのところ申し訳御座いません
竹内
竹内
それで私に話とは、一体何かね？
それで私に話とは、一体何かね？
秀隆
秀隆
留守電にも少し残しましたが、澤木社長に関するご報告があります
留守電にも少し残しましたが、澤木社長に関するご報告があります
竹内
竹内
ふむ、聞こうか
ふむ、聞こうか
オレは澤木社長に突如契約破棄を申し出られたこと。
オレは澤木社長に突如契約破棄を申し出られたこと。
急な態度の変わりようなど、事細かに説明した。
急な態度の変わりようなど、事細かに説明した。
竹内
竹内
なるほど。確かに、それは不可解と言わざるを得ないようだ
なるほど。確かに、それは不可解と言わざるを得ないようだ
秀隆
秀隆
正直、自分は澤木社長の情報を多くは知りません。
正直、自分は澤木社長の情報を多くは知りません。
調べたところで、得られる情報は至極限られるでしょう
調べたところで、得られる情報は至極限られるでしょう
竹内
竹内
それで私に、彼女のことを教えて欲しいと？
それで私に、彼女のことを教えて欲しいと？
秀隆
秀隆
はい
はい
秀隆
秀隆
何故自分が降ろされたのか、
何故自分が降ろされたのか、
その原因が何か、それを追求したいんです
その原因が何か、それを追求したいんです
竹内
竹内
ほう……？
ほう……？
秀隆
秀隆
彼女の性格や、考え方。お金に対する執着心の度合い。
彼女の性格や、考え方。お金に対する執着心の度合い。
竹内特務官の知りうる限りで、お教え願えればと思っています
竹内特務官の知りうる限りで、お教え願えればと思っています
竹内
竹内
確かに私が彼女を紹介したが、何故私に聞くんだね？
確かに私が彼女を紹介したが、何故私に聞くんだね？
秀隆
秀隆
澤木社長にお聞きしました
澤木社長にお聞きしました
秀隆
秀隆
昔、竹内特務官とお付き合いをしていたと
昔、竹内特務官とお付き合いをしていたと
竹内
竹内
やれやれ。やはり彼女の口に戸を付けるのは容易くないようだ
やれやれ。やはり彼女の口に戸を付けるのは容易くないようだ
秀隆
秀隆
では本当に
では本当に
竹内
竹内
もう２０年以上昔の話だよ
もう２０年以上昔の話だよ
秀隆
秀隆
……どうして、自分にこの話を任せようと思ったのですか
……どうして、自分にこの話を任せようと思ったのですか
竹内
竹内
あらゆる意味で、新人の君が適していると判断したからに過ぎない
あらゆる意味で、新人の君が適していると判断したからに過ぎない
竹内
竹内
君に知られる由となった以上話すが、
君に知られる由となった以上話すが、
これは特務官としての仕事ではなく、私個人の仕事のようなものだ
これは特務官としての仕事ではなく、私個人の仕事のようなものだ
竹内
竹内
そんな個人的な話に、ベテランの特務官たちを使うことは出来ない。だが、新人の君なら、まだそのことに対するリスクも少ないだろう
そんな個人的な話に、ベテランの特務官たちを使うことは出来ない。だが、新人の君なら、まだそのことに対するリスクも少ないだろう
秀隆
秀隆
確かにそうですね
確かにそうですね
竹内
竹内
それに君は、特務官としての知識は浅くとも、
それに君は、特務官としての知識は浅くとも、
人を見る目、鋭い感性を持っていると私は判断している
人を見る目、鋭い感性を持っていると私は判断している
竹内
竹内
彼女はお金に異常なまでの執着を見せる傾向があるだろう？
彼女はお金に異常なまでの執着を見せる傾向があるだろう？
秀隆
秀隆
はい、それは初めてお会いした時に、感じました
はい、それは初めてお会いした時に、感じました
竹内
竹内
彼女に普通の特務官をつけたところで、
彼女に普通の特務官をつけたところで、
満足な交渉ができるとも思えない。だから君を選んだんだ
満足な交渉ができるとも思えない。だから君を選んだんだ
委託販売、その商品を全部買い取らせリスクを避けたい。
委託販売、その商品を全部買い取らせリスクを避けたい。
そんな無茶を言い出すことも、竹内特務官には見えていたんだろう。
そんな無茶を言い出すことも、竹内特務官には見えていたんだろう。
竹内
竹内
元々このプロジェクトは成功も失敗も無い。
元々このプロジェクトは成功も失敗も無い。
彼女が何らかの形で納得したのなら、
彼女が何らかの形で納得したのなら、
それで解決とするべきだろう
それで解決とするべきだろう
秀隆
秀隆
これ以上は深入りするな、と言うことですか
これ以上は深入りするな、と言うことですか
竹内
竹内
半ば私の問題を
半ば私の問題を
島津くんに押し付けたことはすまないと思っている
島津くんに押し付けたことはすまないと思っている
秀隆
秀隆
いえ、そのことは気にしていません
いえ、そのことは気にしていません
竹内
竹内
そう言ってくれると、私としても助かるよ
そう言ってくれると、私としても助かるよ
竹内
竹内
君はプロジェクトを降ろされた原因を追求したいと言ったね
君はプロジェクトを降ろされた原因を追求したいと言ったね
秀隆
秀隆
はい
はい
竹内
竹内
それはもう必要ないだろう。
それはもう必要ないだろう。
君はこのプロジェクトから手を引き、通常業務に戻りたまえ
君はこのプロジェクトから手を引き、通常業務に戻りたまえ
秀隆
秀隆
……自分が失敗したから、ですか？
……自分が失敗したから、ですか？
竹内
竹内
そうではない。彼女が君を降ろした理由がなんであれ、
そうではない。彼女が君を降ろした理由がなんであれ、
正規の依頼でない以上聞き届ける必要はない
正規の依頼でない以上聞き届ける必要はない
竹内
竹内
それに、これが通常業務であったとしても、
それに、これが通常業務であったとしても、
私は君を責めないだろう。クライアントが降りただけの話だ
私は君を責めないだろう。クライアントが降りただけの話だ
竹内
竹内
他の特務官に変えろ、と言われたわけでもないのだよ
他の特務官に変えろ、と言われたわけでもないのだよ
確かに、オレのミスで何かトラブルが起きた、と言うわけじゃない。
確かに、オレのミスで何かトラブルが起きた、と言うわけじゃない。
だけど……。
だけど……。
竹内
竹内
納得がいかないようだね
納得がいかないようだね
秀隆
秀隆
すみません……
すみません……
竹内
竹内
しかし、君は真実を追究していると言うが、
しかし、君は真実を追究していると言うが、
今までの口ぶりを聞いていると、目星がついていそうだが
今までの口ぶりを聞いていると、目星がついていそうだが
竹内
竹内
もしよければ、島津くん個人の意見を聞かせてもらいたい
もしよければ、島津くん個人の意見を聞かせてもらいたい
竹内
竹内
何故澤木くんが、
何故澤木くんが、
突如として契約をなかった物にして欲しいと言ってきたのか
突如として契約をなかった物にして欲しいと言ってきたのか
秀隆
秀隆
……お金に執着心の強い澤木社長が、
……お金に執着心の強い澤木社長が、
特務官への依頼を取り消したことが、
特務官への依頼を取り消したことが、
最初に強く引っかかりました
最初に強く引っかかりました
秀隆
秀隆
彼女は初対面の自分に対しても、利益が全てだと言い切ったほどの人物です
彼女は初対面の自分に対しても、利益が全てだと言い切ったほどの人物です
秀隆
秀隆
実際、委託販売は完全な買取しか認めない、徹底的なリスク回避型
実際、委託販売は完全な買取しか認めない、徹底的なリスク回避型
秀隆
秀隆
にも関わらず、彼女はドリームタウンで出店するリスクを考えての回避、と言うことを口にしませんでした。あくまでも、自分が新人だから頼りないと
にも関わらず、彼女はドリームタウンで出店するリスクを考えての回避、と言うことを口にしませんでした。あくまでも、自分が新人だから頼りないと
秀隆
秀隆
それなら竹内特務官のように、他の誰かをよこすように言ったはずです
それなら竹内特務官のように、他の誰かをよこすように言ったはずです
竹内
竹内
だが、彼女はそれすらも君には要求してこなかった
だが、彼女はそれすらも君には要求してこなかった
秀隆
秀隆
はい。オレはそこにある種の矛盾を感じました
はい。オレはそこにある種の矛盾を感じました
秀隆
秀隆
彼女は、プロジェクトそのものを降りたわけではない、と
彼女は、プロジェクトそのものを降りたわけではない、と
竹内
竹内
その考えが合っているのかどうか、確かめたい気持ちは分かった
その考えが合っているのかどうか、確かめたい気持ちは分かった
竹内
竹内
しかし、わからないな。何故君はこのプロジェクトにこだわる。
しかし、わからないな。何故君はこのプロジェクトにこだわる。
特務官として得する部分など殆ど無いはずだ
特務官として得する部分など殆ど無いはずだ
竹内
竹内
私へのゴマすり、と言うことでもないだろうしね
私へのゴマすり、と言うことでもないだろうしね
秀隆
秀隆
例え僅か数日だけだったとしても、
例え僅か数日だけだったとしても、
彼女に関わった人間として、不安要素を残したまま降りることはしたくありません
彼女に関わった人間として、不安要素を残したまま降りることはしたくありません
秀隆
秀隆
彼女は何も言いませんでしたが、
彼女は何も言いませんでしたが、
オレの知らないところで、何かあったんじゃないでしょうか
オレの知らないところで、何かあったんじゃないでしょうか
竹内
竹内
何か、とはなんだね？
何か、とはなんだね？
秀隆
秀隆
考えられるとしたら、
考えられるとしたら、
ドリームタウン側からの好条件、とかでしょうか
ドリームタウン側からの好条件、とかでしょうか
秀隆
秀隆
今回、ドリームタウン側の経営コンサルタントに
今回、ドリームタウン側の経営コンサルタントに
クイーンの妹である立花マリアと言う女性が自分と交渉の場に立っています
クイーンの妹である立花マリアと言う女性が自分と交渉の場に立っています
竹内
竹内
彼女が
彼女が
秀隆
秀隆
……ラモールは、将来性のある非常に素晴らしいお店です。
……ラモールは、将来性のある非常に素晴らしいお店です。
しっかりと扱えば、恐らく多くのお金を生み出す存在になります
しっかりと扱えば、恐らく多くのお金を生み出す存在になります
秀隆
秀隆
だからこそ、正しい方向へ導かなければならないと思うんです
だからこそ、正しい方向へ導かなければならないと思うんです
竹内
竹内
君は立花マリアと言う女性を、どう見ているかね？
君は立花マリアと言う女性を、どう見ているかね？
秀隆
秀隆
とても美人です
とても美人です
竹内
竹内
……それは、冗談か何かかね？
……それは、冗談か何かかね？
秀隆
秀隆
し、失礼しました
し、失礼しました
思わず本音が口から出てしまった。
思わず本音が口から出てしまった。
竹内
竹内
彼女を交渉相手としたときの、君の印象だよ
彼女を交渉相手としたときの、君の印象だよ
秀隆
秀隆
凄く接しやすく、好感が持てます。クイーンのように威圧感を
凄く接しやすく、好感が持てます。クイーンのように威圧感を
出すわけではなく、相手に歩調を合わせてペースを進めてくれる、と言いますか
出すわけではなく、相手に歩調を合わせてペースを進めてくれる、と言いますか
竹内
竹内
では御しやすい存在、と言うことかね？
では御しやすい存在、と言うことかね？
秀隆
秀隆
それは……
それは……
秀隆
秀隆
正直、そうは思えません。判断する材料は殆どありませんが、
正直、そうは思えません。判断する材料は殆どありませんが、
クイーンと対峙する時と変わらない、怖いプレッシャーのようなものを時折感じます
クイーンと対峙する時と変わらない、怖いプレッシャーのようなものを時折感じます
秀隆
秀隆
それこそ、高坂特務官や大河内代表のような……
それこそ、高坂特務官や大河内代表のような……
秀隆
秀隆
だからこそ、オレの知らないところで
だからこそ、オレの知らないところで
マリアさんが彼女に接触している可能性があると判断します
マリアさんが彼女に接触している可能性があると判断します
竹内
竹内
それが君の考えられる不安要素と言うことか
それが君の考えられる不安要素と言うことか
竹内
竹内
彼女とは、立花くんとは屋敷以外であったことはあるかね？
彼女とは、立花くんとは屋敷以外であったことはあるかね？
秀隆
秀隆
ありますが、それが何か
ありますが、それが何か
竹内
竹内
彼女の周りには、いつも護衛が２名以上ついているだろう
彼女の周りには、いつも護衛が２名以上ついているだろう
秀隆
秀隆
はい。ボディーガード、と言うことらしいですが
はい。ボディーガード、と言うことらしいですが
竹内
竹内
幾らクイーンの秘書だとは言え、物々しいとは思わないか？
幾らクイーンの秘書だとは言え、物々しいとは思わないか？
秀隆
秀隆
それは……ハーフだから目立つこともありますし
それは……ハーフだから目立つこともありますし
竹内
竹内
いいや、そうではない。
いいや、そうではない。
彼女は、多くの人間を敵に回しているからなんだよ
彼女は、多くの人間を敵に回しているからなんだよ
秀隆
秀隆
多くの人間を、敵に……？
多くの人間を、敵に……？
竹内
竹内
彼女はドリームタウンが利益を出すためなら、
彼女はドリームタウンが利益を出すためなら、
どんな非人道的なことも行う、冷徹な存在として知られている
どんな非人道的なことも行う、冷徹な存在として知られている
秀隆
秀隆
まさか……あの、マリアさんがですか……？
まさか……あの、マリアさんがですか……？
竹内
竹内
俄かには信じられないかも知れないが、事実だ
俄かには信じられないかも知れないが、事実だ
竹内
竹内
実際、私は彼女に利用され、
実際、私は彼女に利用され、
身を滅ぼしていった人物を何人も知っている
身を滅ぼしていった人物を何人も知っている
秀隆
秀隆
……では、澤木社長も……
……では、澤木社長も……
竹内
竹内
彼女が関わっているのなら、十分にありうる話だろう
彼女が関わっているのなら、十分にありうる話だろう
竹内
竹内
突然態度を変えたということは、
突然態度を変えたということは、
想像を遥かに凌駕する好条件を提示された可能性がある
想像を遥かに凌駕する好条件を提示された可能性がある
秀隆
秀隆
はい。そう考えています
はい。そう考えています
竹内
竹内
だが、それならば、何故澤木くんはそのことを君に話さないのだね？
だが、それならば、何故澤木くんはそのことを君に話さないのだね？
竹内
竹内
素直に好条件を提示された、と言えばそれで済むはずだ
素直に好条件を提示された、と言えばそれで済むはずだ
秀隆
秀隆
契約の内容の一切を外部に漏らさない
契約の内容の一切を外部に漏らさない
秘密保持』の条項が盛り込まれているんでしょうか
秘密保持』の条項が盛り込まれているんでしょうか
秀隆
秀隆
その理由として、経営に詳しい人間が目にすれば、
その理由として、経営に詳しい人間が目にすれば、
契約に落とし穴があることに気づくからだと思われます
契約に落とし穴があることに気づくからだと思われます
如何でしょうか？
如何でしょうか？
オレは竹内特務官に伺うように聞いた。
オレは竹内特務官に伺うように聞いた。
竹内
竹内
君の考えには、特に間違いはなさそうだ。私でも同じ結論に至るだろう
君の考えには、特に間違いはなさそうだ。私でも同じ結論に至るだろう
秀隆
秀隆
そうですか……
そうですか……
竹内特務官も、オレの考えに同意した。
竹内特務官も、オレの考えに同意した。
まず、間違いないと言うことだ。
まず、間違いないと言うことだ。
竹内
竹内
結局、彼女の自業自得と言うことだろう
結局、彼女の自業自得と言うことだろう
秀隆
秀隆
…………
…………
竹内
竹内
君は答えを知りたがった。そして答えは出た。そうだろう？
君は答えを知りたがった。そして答えは出た。そうだろう？
秀隆
秀隆
はい……
はい……
竹内
竹内
なのに、少しも満足しているようには見えないな
なのに、少しも満足しているようには見えないな
秀隆
秀隆
やはり……このまま放っておくわけには行きません
やはり……このまま放っておくわけには行きません
秀隆
秀隆
直接澤木社長に、問いただしてみようと思います
直接澤木社長に、問いただしてみようと思います
竹内
竹内
そう簡単にはいかないだろう
そう簡単にはいかないだろう
竹内
竹内
彼女が納得した上で好条件の契約をしたのなら、
彼女が納得した上で好条件の契約をしたのなら、
君が無理やり聞き出すことでＮＤＡに違反してしまう可能性がある
君が無理やり聞き出すことでＮＤＡに違反してしまう可能性がある
竹内
竹内
そうなれば契約は白紙に戻った上、
そうなれば契約は白紙に戻った上、
下手をすれば澤木くんは大きなペナルティを背負うことになるだろう
下手をすれば澤木くんは大きなペナルティを背負うことになるだろう
秀隆
秀隆
それは……
それは……
竹内
竹内
もっと深く読むなら、そのペナルティを立花君が狙っているかも知れない
もっと深く読むなら、そのペナルティを立花君が狙っているかも知れない
オレが澤木社長に接触しＮＤＡを破ることを期待している可能性があるってことか……。
オレが澤木社長に接触しＮＤＡを破ることを期待している可能性があるってことか……。
そうであるなら、澤木社長への不用意な接触は危険だ。
そうであるなら、澤木社長への不用意な接触は危険だ。
竹内
竹内
既に契約を交わされているのなら、どうすることも出来ない、と言うことだ
既に契約を交わされているのなら、どうすることも出来ない、と言うことだ
竹内
竹内
やはり身を引くのが妥当なところじゃないだろうか。
やはり身を引くのが妥当なところじゃないだろうか。
下手をすると、君自身が彼女に食い殺される可能性もある
下手をすると、君自身が彼女に食い殺される可能性もある
秀隆
秀隆
……それでも、引くわけにはいきません
……それでも、引くわけにはいきません
秀隆
秀隆
オレは感じたんです。良くない、何かが起こるんじゃないかと
オレは感じたんです。良くない、何かが起こるんじゃないかと
竹内
竹内
君の勘、と言うやつかね？
君の勘、と言うやつかね？
秀隆
秀隆
はい
はい
秀隆
秀隆
オレは澤木社長ではなく、
オレは澤木社長ではなく、
マリアさんに接触してみようと思います
マリアさんに接触してみようと思います
竹内
竹内
君なりに、何か考えがあると言うことだね？
君なりに、何か考えがあると言うことだね？
秀隆
秀隆
はい。確信しつつも、確かめる必要があると思っています。
はい。確信しつつも、確かめる必要があると思っています。
澤木社長とマリアさんが何らかの契約を結んだか否か。その事実を
澤木社長とマリアさんが何らかの契約を結んだか否か。その事実を
竹内
竹内
……あえて厳しい山を登るか……それも、島津くんらしいが
……あえて厳しい山を登るか……それも、島津くんらしいが
秀隆
秀隆
本日はありがとうございました。
本日はありがとうございました。
竹内特務官に頂いたアドバイスは、決して無駄にはしません
竹内特務官に頂いたアドバイスは、決して無駄にはしません
竹内
竹内
なに、構わんよ。だが、良ければ礼の代わりに、
なに、構わんよ。だが、良ければ礼の代わりに、
ひとつ私に教えてもらいたいことがある
ひとつ私に教えてもらいたいことがある
秀隆
秀隆
なんでしょうか
なんでしょうか
竹内
竹内
あまり聞かれたくない話かも知れないが、
あまり聞かれたくない話かも知れないが、
君の病気のことについて、聞かせてもらってもいいだろうか
君の病気のことについて、聞かせてもらってもいいだろうか
秀隆
秀隆
病気……ですか
病気……ですか
竹内
竹内
君は５年前の事件以降、幻覚を見ることが増えたそうだね
君は５年前の事件以降、幻覚を見ることが増えたそうだね
僅かにだが、鼓動が早くなった。
僅かにだが、鼓動が早くなった。
秀隆
秀隆
……はい。姉の、幻覚を見るようになりました……
……はい。姉の、幻覚を見るようになりました……
竹内
竹内
そして、それは聞くところによると、自らを死へと誘う幻覚だとか
そして、それは聞くところによると、自らを死へと誘う幻覚だとか
秀隆
秀隆
例の地下施設を発見した時、
例の地下施設を発見した時、
自分が廊下の落盤に巻き込まれ、落ちたことがありましたよね
自分が廊下の落盤に巻き込まれ、落ちたことがありましたよね
秀隆
秀隆
あの時にも、オレは姉の幻覚を見たんです
あの時にも、オレは姉の幻覚を見たんです
秀隆
秀隆
姉は、オレをその崩れ落ちる床へと導いたんです
姉は、オレをその崩れ落ちる床へと導いたんです
秀隆
秀隆
きっと、姉はオレを、殺したいと思っているから……
きっと、姉はオレを、殺したいと思っているから……
秀隆
秀隆
ただ最近は、少し分からなくなってきました
ただ最近は、少し分からなくなってきました
竹内
竹内
と言うと？
と言うと？
秀隆
秀隆
今まではそんなことなかったんですが、
今まではそんなことなかったんですが、
ＣＭ交渉で挑んだ水野凛、そして今回の澤木社長。
ＣＭ交渉で挑んだ水野凛、そして今回の澤木社長。
それぞれにも、姉の幻覚を見ました
それぞれにも、姉の幻覚を見ました
秀隆
秀隆
そして、姉はそれぞれ、水野凛や、澤木社長を黙って指差すんです
そして、姉はそれぞれ、水野凛や、澤木社長を黙って指差すんです
秀隆
秀隆
黙って……感情を持たない瞳で……
黙って……感情を持たない瞳で……
秀隆
秀隆
もしかすると、オレを苦しめるだけじゃなく、
もしかすると、オレを苦しめるだけじゃなく、
オレ以外の人間を不幸に陥れようとしているのかも知れません
オレ以外の人間を不幸に陥れようとしているのかも知れません
そう話した後、竹内特務官は黙り込んだ。
そう話した後、竹内特務官は黙り込んだ。
１分ほどの、静寂な時間。
１分ほどの、静寂な時間。
やがて、竹内特務官は鋭い視線をオレへと向けてきた。
やがて、竹内特務官は鋭い視線をオレへと向けてきた。
竹内
竹内
君らしくも無い、実に非現実的な考え方だ
君らしくも無い、実に非現実的な考え方だ
秀隆
秀隆
えっ……？
えっ……？
竹内
竹内
その説明を聞いていると、まるで超常現象のように聞こえる
その説明を聞いていると、まるで超常現象のように聞こえる
竹内
竹内
君自身を死へと導いたり、第三者を傷つける、
君自身を死へと導いたり、第三者を傷つける、
それはもはや、幻覚ではなく幽霊のような存在になってしまうだろう
それはもはや、幻覚ではなく幽霊のような存在になってしまうだろう
秀隆
秀隆
それは
それは
竹内
竹内
私は幽霊のような存在を認めていないし、信じてもいない
私は幽霊のような存在を認めていないし、信じてもいない
竹内
竹内
君が見ているものは幻覚に過ぎないのだ
君が見ているものは幻覚に過ぎないのだ
秀隆
秀隆
じゃあ、どうしてこんな不幸が
じゃあ、どうしてこんな不幸が
竹内
竹内
私は思うのだよ島津くん。
私は思うのだよ島津くん。
その幻覚は、本当に君を殺そうとしているのか、とね
その幻覚は、本当に君を殺そうとしているのか、とね
竹内
竹内
周りの人間を、不幸にしようとしているのかと
周りの人間を、不幸にしようとしているのかと
竹内
竹内
私は一つの仮説を立ててみた。そしたら、実にしっくりときたよ
私は一つの仮説を立ててみた。そしたら、実にしっくりときたよ
秀隆
秀隆
仮説……ですか
仮説……ですか
竹内
竹内
地下施設で、お姉さんの幻覚が示したのは、
地下施設で、お姉さんの幻覚が示したのは、
君自身が直感で感じた危険性を、具現化したものではないだろうか
君自身が直感で感じた危険性を、具現化したものではないだろうか
竹内
竹内
壁に入ったヒビ、老朽化の進んだ天井。
壁に入ったヒビ、老朽化の進んだ天井。
今にも朽ち果てそうな廊下の床を歩く感触
今にも朽ち果てそうな廊下の床を歩く感触
竹内
竹内
目に見える様々な情報を無意識のうちに取り入れ、
目に見える様々な情報を無意識のうちに取り入れ、
君は目の前に広がる床が崩れ落ちる危険性を感じ取った
君は目の前に広がる床が崩れ落ちる危険性を感じ取った
竹内
竹内
だから、これ以上進むと危険だ、
だから、これ以上進むと危険だ、
と言うサインを幻覚として受け取った
と言うサインを幻覚として受け取った
秀隆
秀隆
そんな―――まさか……？
そんな―――まさか……？
竹内
竹内
事実、その幻覚の指し示した先で、
事実、その幻覚の指し示した先で、
ことごとく危険な目に遭っているんだろう？
ことごとく危険な目に遭っているんだろう？
竹内
竹内
危険な場所に行け、と言う合図ではなく、
危険な場所に行け、と言う合図ではなく、
危険な場所だから行くな、と幻覚は告げているんじゃないのかね？
危険な場所だから行くな、と幻覚は告げているんじゃないのかね？
竹内
竹内
人物であれば、その人に危険が迫っている。そう伝えようとしている
人物であれば、その人に危険が迫っている。そう伝えようとしている
竹内
竹内
どうだね。想像以上にしっくりくるだろう？
どうだね。想像以上にしっくりくるだろう？
秀隆
秀隆
……考えたことも、ありませんでした……
……考えたことも、ありませんでした……
竹内
竹内
君の過去に、どのようなことがあったのか詳しくは知らない。
君の過去に、どのようなことがあったのか詳しくは知らない。
しかし、仮に強く恨まれていたのだとしても、所詮は幻覚だ
しかし、仮に強く恨まれていたのだとしても、所詮は幻覚だ
竹内
竹内
なら、理論的に考えると、どうしてもそう言う結論に至ってしまう
なら、理論的に考えると、どうしてもそう言う結論に至ってしまう
竹内
竹内
水野凛の挙動や仕草からストーカー被害を連想した君は、
水野凛の挙動や仕草からストーカー被害を連想した君は、
その危険性を察知した
その危険性を察知した
竹内
竹内
澤木くんの様子がおかしかったことから、
澤木くんの様子がおかしかったことから、
もしかすると危うい契約をしてしまったのではないか、と危惧した
もしかすると危うい契約をしてしまったのではないか、と危惧した
竹内
竹内
それが、幻覚となって現れたとしたら……どうかね？
それが、幻覚となって現れたとしたら……どうかね？
秀隆
秀隆
……それは……
……それは……
竹内
竹内
事実君は、サイレントキラーと呼ばれるマリアくんの怖さを肌で感じている
事実君は、サイレントキラーと呼ばれるマリアくんの怖さを肌で感じている
そう言われて思い返すと、確かに全て当てはまってしまう。
そう言われて思い返すと、確かに全て当てはまってしまう。
竹内
竹内
辛い過去だけに君がマイナスに考えてしまうのは無理もないことだ
辛い過去だけに君がマイナスに考えてしまうのは無理もないことだ
秀隆
秀隆
でも……俄かには信じられません……
でも……俄かには信じられません……
オレはいても立ってもいられなくなり、酒を喉の奥に流し込んだ。
オレはいても立ってもいられなくなり、酒を喉の奥に流し込んだ。
竹内
竹内
ならば、改めて考えてみようじゃないか
ならば、改めて考えてみようじゃないか
竹内
竹内
君が幻覚を見始めたのは、お姉さんの死がきっかけだった
君が幻覚を見始めたのは、お姉さんの死がきっかけだった
秀隆
秀隆
は、はい……
は、はい……
竹内
竹内
それが５年前で、その後は頻繁に見るようになっていたのかね？
それが５年前で、その後は頻繁に見るようになっていたのかね？
秀隆
秀隆
杉村先生にカウンセリングを受けるまでは、ほぼ毎週のように……
杉村先生にカウンセリングを受けるまでは、ほぼ毎週のように……
秀隆
秀隆
幻覚を見始めた当初は、ただ見えると言うだけでした
幻覚を見始めた当初は、ただ見えると言うだけでした
秀隆
秀隆
暫くしてからです。姉さんがオレを殺そうとしている、そう思うようになったのは
暫くしてからです。姉さんがオレを殺そうとしている、そう思うようになったのは
秀隆
秀隆
姉さんの指し示す方角には、
姉さんの指し示す方角には、
いつも危険なことが付きまとうようになって……
いつも危険なことが付きまとうようになって……
竹内
竹内
島津くんが最初に見た幻覚と途中からの幻覚は、指し示す意味が違ったのかも知れない。杉村くんにカウンセリングを受けることで、本来の幻覚作用が弱まったとは考えられないかね？
島津くんが最初に見た幻覚と途中からの幻覚は、指し示す意味が違ったのかも知れない。杉村くんにカウンセリングを受けることで、本来の幻覚作用が弱まったとは考えられないかね？
竹内
竹内
だが、君の中に強く存在する姉は、残留思念のように残り続け、
だが、君の中に強く存在する姉は、残留思念のように残り続け、
それは君の『勘』となって、時折姿を見せるようになった
それは君の『勘』となって、時折姿を見せるようになった
竹内
竹内
うむ……我ながら、見事な説だと思うがね
うむ……我ながら、見事な説だと思うがね
秀隆
秀隆
竹内特務官……
竹内特務官……
竹内
竹内
水野くんや澤木くん、崩落施設で幻覚を見たといったが、食糧プラントの一件はどうだったのかね？　アレこそ、君の勘が働いたものだったはずだ
水野くんや澤木くん、崩落施設で幻覚を見たといったが、食糧プラントの一件はどうだったのかね？　アレこそ、君の勘が働いたものだったはずだ
秀隆
秀隆
全く見ていません。やはり、幻覚と勘は関係ないのでは？
全く見ていません。やはり、幻覚と勘は関係ないのでは？
竹内
竹内
……ふむ
……ふむ
少しだけ考える仕草を見せる。
少しだけ考える仕草を見せる。
秀隆
秀隆
あ……
あ……
竹内
竹内
何か思い当たることが？
何か思い当たることが？
秀隆
秀隆
……オレは食糧プラントの一件が片付くまで、
……オレは食糧プラントの一件が片付くまで、
姉の存在を日々考えないようにしていました
姉の存在を日々考えないようにしていました
秀隆
秀隆
事実臨時教師を務めていた２年間は、一度も見ていませんでしたし
事実臨時教師を務めていた２年間は、一度も見ていませんでしたし
竹内
竹内
つまり、再び幻覚を見る引き金となった事件があった、と言うことか
つまり、再び幻覚を見る引き金となった事件があった、と言うことか
秀隆
秀隆
……はい
……はい
秀隆
秀隆
共同開発地区に向かう直前、姉のことを思い出しました
共同開発地区に向かう直前、姉のことを思い出しました
秀隆
秀隆
施設に向かう前に、
施設に向かう前に、
過去を思い返す出来事が幾つか重なったんです
過去を思い返す出来事が幾つか重なったんです
秋に姉さんのことを聞かれたことを思い出す。
秋に姉さんのことを聞かれたことを思い出す。
秀隆
秀隆
事実、幻覚を見たのはそれが原因だと思いましたし
事実、幻覚を見たのはそれが原因だと思いましたし
竹内
竹内
ならプラントの時に幻覚を見なかったのも頷けると言うわけだね
ならプラントの時に幻覚を見なかったのも頷けると言うわけだね
秀隆
秀隆
…………
…………
竹内
竹内
私の説が絶対だと言うつもりはない。
私の説が絶対だと言うつもりはない。
私には君の幻覚が見えない以上、仮説は仮説なのだ
私には君の幻覚が見えない以上、仮説は仮説なのだ
竹内
竹内
しかし、君が信頼する竹内と言う男の結論がこうだ、
しかし、君が信頼する竹内と言う男の結論がこうだ、
と言うことは心の片隅に置いておきたまえ
と言うことは心の片隅に置いておきたまえ
秀隆
秀隆
竹内特務官……ひとつ、お聞きしてもよろしいですか
竹内特務官……ひとつ、お聞きしてもよろしいですか
竹内
竹内
なんだね？
なんだね？
秀隆
秀隆
どうして、オレみたいな新入りの特務官に、
どうして、オレみたいな新入りの特務官に、
そんなことまでお話してくれたんですか？
そんなことまでお話してくれたんですか？
竹内
竹内
その理由は説明したと思ったがね。納得いかなかったかな？
その理由は説明したと思ったがね。納得いかなかったかな？
秀隆
秀隆
自分に才覚があるかは別としても、
自分に才覚があるかは別としても、
病気のことまで、そんなプラスに考えてもらえてたのが意外、
病気のことまで、そんなプラスに考えてもらえてたのが意外、
といいますか
といいますか
秀隆
秀隆
気にかけてくださっていたのが不思議で仕方なくて
気にかけてくださっていたのが不思議で仕方なくて
竹内
竹内
……なるほど
……なるほど
竹内
竹内
確かに、君の特務官としての実績は浅い
確かに、君の特務官としての実績は浅い
竹内
竹内
私が君を気にかけるような理由としては、
私が君を気にかけるような理由としては、
やや納得がいかないのも分かる
やや納得がいかないのも分かる
秀隆
秀隆
はい……
はい……
竹内
竹内
島津くん。私は、君が小さい頃に一度会ったことがあるのを、
島津くん。私は、君が小さい頃に一度会ったことがあるのを、
覚えているかな？
覚えているかな？
秀隆
秀隆
え……
え……
竹内
竹内
もう１５年以上も前になると思うが
もう１５年以上も前になると思うが
秀隆
秀隆
あ、お、覚えています。もちろん
あ、お、覚えています。もちろん
秀隆
秀隆
確か大きなホールを貸しきって、
確か大きなホールを貸しきって、
竹内特務官の激励会が行われたんですよね
竹内特務官の激励会が行われたんですよね
ドリームタウンとの大きな交渉が行われる前で、
ドリームタウンとの大きな交渉が行われる前で、
あの頃のホープタウンは外交の話題が出るたびテレビでも大きく取り上げられた。
あの頃のホープタウンは外交の話題が出るたびテレビでも大きく取り上げられた。
竹内
竹内
そうだ
そうだ
秀隆
秀隆
竹内特務官、オレのことを覚えていたんですか……
竹内特務官、オレのことを覚えていたんですか……
竹内
竹内
必死に握手を求めてきた子供だろう？
必死に握手を求めてきた子供だろう？
少し笑い、そう言った。
少し笑い、そう言った。
秀隆
秀隆
そ、そうです。そうです
そ、そうです。そうです
竹内
竹内
覚えているとも。私にとっては、とても興味深い出来事だった
覚えているとも。私にとっては、とても興味深い出来事だった
秀隆
秀隆
興味深い……ですか
興味深い……ですか
竹内
竹内
君は、当時私に何を言ったか覚えているかね？
君は、当時私に何を言ったか覚えているかね？
秀隆
秀隆
え？　……い、いえ。そこまでは
え？　……い、いえ。そこまでは
竹内
竹内
あの日、あの時の私は、正直な話、天狗になっていた
あの日、あの時の私は、正直な話、天狗になっていた
竹内
竹内
自らの立て続けのプロジェクト、外交交渉の成功。
自らの立て続けのプロジェクト、外交交渉の成功。
自他共に認める快進撃が続きに続いていた時だったからね
自他共に認める快進撃が続きに続いていた時だったからね
竹内
竹内
翌日に大きな交渉を控えていたが、何の心配もしていなかった
翌日に大きな交渉を控えていたが、何の心配もしていなかった
秀隆
秀隆
毎日のように、そのことが報道されていたの、覚えています
毎日のように、そのことが報道されていたの、覚えています
竹内
竹内
そんな時だ、一人の子供に握手を求められたのは
そんな時だ、一人の子供に握手を求められたのは
秀隆
秀隆
でも、あの時は沢山の人たちが竹内特務官に握手を求めてましたよね？
でも、あの時は沢山の人たちが竹内特務官に握手を求めてましたよね？
竹内
竹内
確かに。大人から君のような子供にまで、握手をせがまれたよ
確かに。大人から君のような子供にまで、握手をせがまれたよ
竹内
竹内
そして皆、口を揃えてこう言った。
そして皆、口を揃えてこう言った。
期待しています』『竹内特務官なら大丈夫です
期待しています』『竹内特務官なら大丈夫です
応援しています
応援しています
竹内
竹内
どれもこれも、私への激励や賛辞ばかりだった
どれもこれも、私への激励や賛辞ばかりだった
竹内
竹内
だが……必死に握手を求めてきた君は、
だが……必死に握手を求めてきた君は、
私にそのどちらの言葉も送らなかった
私にそのどちらの言葉も送らなかった
秀隆
秀隆
え……その子供……オレは何て言ったんですか？
え……その子供……オレは何て言ったんですか？
正直、何も覚えていない。
正直、何も覚えていない。
竹内
竹内
危ないから気をつけてください……とね
危ないから気をつけてください……とね
秀隆
秀隆
危ないから、気をつけて……？
危ないから、気をつけて……？
何故、そんな言葉をオレは送ったのだろうか。
何故、そんな言葉をオレは送ったのだろうか。
竹内
竹内
そう。私も今の君のように首を傾げたよ。
そう。私も今の君のように首を傾げたよ。
そして、この私に注意を促す子供に苛立ちを感じた
そして、この私に注意を促す子供に苛立ちを感じた
秀隆
秀隆
うへ……
うへ……
竹内
竹内
だが、私はその後冷静になって考えてみた。
だが、私はその後冷静になって考えてみた。
何故私に必死に握手を求めた子が、そんなことを言ったのだろうと
何故私に必死に握手を求めた子が、そんなことを言ったのだろうと
竹内
竹内
そして、ひとつの結論に至ったよ。
そして、ひとつの結論に至ったよ。
ひょっとしたら、私が天狗になっていることに気づいたんじゃないかとね
ひょっとしたら、私が天狗になっていることに気づいたんじゃないかとね
秀隆
秀隆
…………
…………
竹内
竹内
人は調子に乗ると、当然ミスを引き起こす。
人は調子に乗ると、当然ミスを引き起こす。
私は万が一と思いながらも交渉を控えていたプロジェクトを見返した
私は万が一と思いながらも交渉を控えていたプロジェクトを見返した
竹内
竹内
信じられないことに、私は初歩的なミスを犯していた。
信じられないことに、私は初歩的なミスを犯していた。
だが、その問題に気づかないまま交渉に臨んでいれば、
だが、その問題に気づかないまま交渉に臨んでいれば、
間違いなく失敗していたであろう重大なミスをね
間違いなく失敗していたであろう重大なミスをね
竹内
竹内
あの当時から、君は見る目を持っていたんじゃないか。
あの当時から、君は見る目を持っていたんじゃないか。
そう思った
そう思った
竹内
竹内
だから私は君の幻覚についても、そう考えたんだよ
だから私は君の幻覚についても、そう考えたんだよ
秀隆
秀隆
当時、どうしてオレがそんなことを言ったのかは分かりませんけど……
当時、どうしてオレがそんなことを言ったのかは分かりませんけど……
秀隆
秀隆
やっぱり凄いのは竹内特務官です
やっぱり凄いのは竹内特務官です
秀隆
秀隆
子供の戯言ひとつから、自分のミスに気がついたんですから
子供の戯言ひとつから、自分のミスに気がついたんですから
秀隆
秀隆
オレだったら、間違いなく聞き流しているか、
オレだったら、間違いなく聞き流しているか、
ただ普通に怒っているだけだと思います
ただ普通に怒っているだけだと思います
竹内
竹内
ともかく、そう言うことだ
ともかく、そう言うことだ
秀隆
秀隆
よくわかりました
よくわかりました
秀隆
秀隆
あれ……でも、あの激励会って、
あれ……でも、あの激励会って、
一般の方が入れるような場所でしたっけ……
一般の方が入れるような場所でしたっけ……
記憶を掘り起こしてみるが、はっきりとしない。
記憶を掘り起こしてみるが、はっきりとしない。
大人から子供までいたが、
大人から子供までいたが、
そのどれもが畏まった格好をしていた気がする。
そのどれもが畏まった格好をしていた気がする。
ダメだ、だいぶ酔ってきているせいか、考えても考えてもループだ。
ダメだ、だいぶ酔ってきているせいか、考えても考えてもループだ。
竹内
竹内
お互いに、少し飲みすぎたようだね
お互いに、少し飲みすぎたようだね
竹内
竹内
……明日も仕事だ。そろそろ切り上げるとしよう
……明日も仕事だ。そろそろ切り上げるとしよう
秀隆
秀隆
あ、はいっ……
あ、はいっ……
秀隆
秀隆
今日はありがとうございました
今日はありがとうございました
竹内
竹内
私こそありがとうだ。澤木くんのために、すまないね
私こそありがとうだ。澤木くんのために、すまないね
秀隆
秀隆
いえ。彼女の力になれるかどうかは、まだ分かりません
いえ。彼女の力になれるかどうかは、まだ分かりません
竹内
竹内
君がどんな策を練っているのかは知らないが、楽しみにしておくよ
君がどんな策を練っているのかは知らないが、楽しみにしておくよ
秀隆
秀隆
お疲れ様です。失礼します
お疲れ様です。失礼します
竹内
竹内
お疲れ様
お疲れ様
オレは竹内特務官が見えなくなるまで、その背中を見送った。
オレは竹内特務官が見えなくなるまで、その背中を見送った。
…………。
…………。
……。
……。
