秀隆
秀隆
ふわ……眠ぃ
ふわ……眠ぃ
朝、眠たい目をこすりながら起きてくる。
朝、眠たい目をこすりながら起きてくる。
アクセラ
アクセラ
おはようございます秀隆様。コーヒーのご用意が出来ております
おはようございます秀隆様。コーヒーのご用意が出来ております
秀隆
秀隆
おぉ、サンキュ
おぉ、サンキュ
テーブルの上には、淹れたてのコーヒー。
テーブルの上には、淹れたてのコーヒー。
オレが起きてくる時間をしっかり把握していないと出来ないことだ。
オレが起きてくる時間をしっかり把握していないと出来ないことだ。
アクセラ
アクセラ
すぐ朝食のご用意が出来ますので
すぐ朝食のご用意が出来ますので
秀隆
秀隆
わかった
わかった
オレは席につき、台所のアクセラを見守ることにした。
オレは席につき、台所のアクセラを見守ることにした。
秋
秋
……おはようございます
……おはようございます
オレが席についてすぐ、珍しく秋が起きて来た。
オレが席についてすぐ、珍しく秋が起きて来た。
秀隆
秀隆
お前にしちゃ早いな……
お前にしちゃ早いな……
秋
秋
たまには、そういう日もあります
たまには、そういう日もあります
眠そうではあるが、思考はある程度しっかりいている。
眠そうではあるが、思考はある程度しっかりいている。
アクセラ
アクセラ
おはようございます、秋様
おはようございます、秋様
秋
秋
うんっ。おはよう、アクセラ
うんっ。おはよう、アクセラ
秀隆
秀隆
…………
…………
どうやら秋は、アクセラのことが気になっていたらしい。
どうやら秋は、アクセラのことが気になっていたらしい。
今、しっかりと直ったことを実感していることだろう。
今、しっかりと直ったことを実感していることだろう。
キズナ
キズナ
ただいまですーっ
ただいまですーっ
秀隆
秀隆
ん？
ん？
アクセラ
アクセラ
キズナ様がお戻りになられたようですね
キズナ様がお戻りになられたようですね
そういい、玄関へと向かうアクセラ。
そういい、玄関へと向かうアクセラ。
オレも秋も何となく気にかかり、玄関へ。
オレも秋も何となく気にかかり、玄関へ。
キズナ
キズナ
ちゃんと直ったんですね、アクセラさんっ
ちゃんと直ったんですね、アクセラさんっ
アクセラ
アクセラ
はい。おかげさまで
はい。おかげさまで
キズナ
キズナ
よかったです！
よかったです！
そういい、キズナがアクセラの胸に飛び込んだ。
そういい、キズナがアクセラの胸に飛び込んだ。
秀隆
秀隆
いいよなぁ……
いいよなぁ……
秋もキズナも、そんなに堂々と胸に飛び込めて。
秋もキズナも、そんなに堂々と胸に飛び込めて。
秋
秋
兄さんが行えば犯罪ですから
兄さんが行えば犯罪ですから
秀隆
秀隆
わ、わかってるっての
わ、わかってるっての
キズナ
キズナ
おはようですふたりともっ
おはようですふたりともっ
アクセラの腕を握ったまま、キズナがリビングへ。
アクセラの腕を握ったまま、キズナがリビングへ。
秀隆
秀隆
ずいぶんと早朝の帰宅なんだな
ずいぶんと早朝の帰宅なんだな
キズナ
キズナ
先日の段階で、今日戻れるって聞いていたんですが、
先日の段階で、今日戻れるって聞いていたんですが、
アクセラさんが直ったと聞いていてもたってもいられなくて
アクセラさんが直ったと聞いていてもたってもいられなくて
てへっと笑う。
てへっと笑う。
ここにも、オレや秋と同じくらいアクセラを心配してくれる子がいたんだった。
ここにも、オレや秋と同じくらいアクセラを心配してくれる子がいたんだった。
キズナ
キズナ
ありがとですひーくん、あっきー
ありがとですひーくん、あっきー
秋
秋
私は何もしてないから……
私は何もしてないから……
秀隆
秀隆
お礼言われることじゃない。家族として当然のことをしただけだ
お礼言われることじゃない。家族として当然のことをしただけだ
キズナ
キズナ
そうかもしれませんが、すごく良かったです
そうかもしれませんが、すごく良かったです
キズナ
キズナ
あ、ところであっきー。顔の怪我どうしたんですか？
あ、ところであっきー。顔の怪我どうしたんですか？
秋
秋
……大したことじゃないから
……大したことじゃないから
キズナ
キズナ
でも、腫れてます
でも、腫れてます
秋
秋
大丈夫だから。ちょっと転んだだけ
大丈夫だから。ちょっと転んだだけ
キズナ
キズナ
そうですか……
そうですか……
アクセラ
アクセラ
私も、またキズナ様とお話が出来てうれしいですよ
私も、またキズナ様とお話が出来てうれしいですよ
状況を見かねたアクセラが、キズナに言う。
状況を見かねたアクセラが、キズナに言う。
キズナ
キズナ
そう言ってもらえると嬉しいですっ
そう言ってもらえると嬉しいですっ
久しぶり……でもないか。
久しぶり……でもないか。
数日ぶりに一緒の食事が始まる。
数日ぶりに一緒の食事が始まる。
今はもう、キズナやアクセラの居ない朝食は信じられない。
今はもう、キズナやアクセラの居ない朝食は信じられない。
それくらい、これが当たり前になってしまっていた。
それくらい、これが当たり前になってしまっていた。
秀隆
秀隆
キズナも戻って来たことだし、
キズナも戻って来たことだし、
改めてアクセラの身に起こってたこと、オレのことについて話させてくれ
改めてアクセラの身に起こってたこと、オレのことについて話させてくれ
キズナ
キズナ
そうです、ひーくんは大丈夫だったんですか？
そうです、ひーくんは大丈夫だったんですか？
かずちーに聞いても、本人に聞けの一点張りで
かずちーに聞いても、本人に聞けの一点張りで
秀隆
秀隆
あの人、本当に話すの嫌いだからな……
あの人、本当に話すの嫌いだからな……
秋
秋
私も、どうなったのか知りたいです。アクセラはずっと家にいられるんですよね？
私も、どうなったのか知りたいです。アクセラはずっと家にいられるんですよね？
秀隆
秀隆
ああ。それは大丈夫だ
ああ。それは大丈夫だ
秀隆
秀隆
アクセラは昨日、正式に家のアンドロイドになった
アクセラは昨日、正式に家のアンドロイドになった
キズナ
キズナ
おおお、それは素晴らしいことですっ
おおお、それは素晴らしいことですっ
秋
秋
前の所有者は？　それに、私たちの罪はどうなったんですか
前の所有者は？　それに、私たちの罪はどうなったんですか
秀隆
秀隆
その点だが、少し複雑な事情があった
その点だが、少し複雑な事情があった
オレはアクセラが違法アンドロイドであったこと、
オレはアクセラが違法アンドロイドであったこと、
前の所有者など存在しなかったこと。
前の所有者など存在しなかったこと。
アクセラを救う代わりに条件を提示されたこと。
アクセラを救う代わりに条件を提示されたこと。
昨日の倉屋敷社長とのやりとりをすべて事細かに説明した。
昨日の倉屋敷社長とのやりとりをすべて事細かに説明した。
唯一ダッチワイフ機能だけは除いて。
唯一ダッチワイフ機能だけは除いて。
さすがに、これは説明するようなことじゃない。
さすがに、これは説明するようなことじゃない。
秀隆
秀隆
と、そういう感じだ
と、そういう感じだ
秋
秋
知らなかった……アクセラが普通のアンドロイドじゃないなんて
知らなかった……アクセラが普通のアンドロイドじゃないなんて
アクセラ
アクセラ
申し訳ありません
申し訳ありません
秋
秋
謝ることじゃないよ。私にとってアクセラはアクセラだから
謝ることじゃないよ。私にとってアクセラはアクセラだから
秋
秋
ただ……少し怖いなって。アクセラを狙う人が、居るかも知れないんでしょ？
ただ……少し怖いなって。アクセラを狙う人が、居るかも知れないんでしょ？
アクセラ
アクセラ
私は秋様のアンドロイドです。それは絶対に変わりません
私は秋様のアンドロイドです。それは絶対に変わりません
秋
秋
うん……
うん……
キズナ
キズナ
でも、違法アンドロイドなんてちょっとかっこいいです
でも、違法アンドロイドなんてちょっとかっこいいです
秀隆
秀隆
かっこいいねぇ……それで済めばいいんだけどな
かっこいいねぇ……それで済めばいいんだけどな
秀隆
秀隆
秋が危惧することは、実際に可能性としてある。
秋が危惧することは、実際に可能性としてある。
このアクセラを作り上げるのに、かなりの費用を投資してる可能性がある
このアクセラを作り上げるのに、かなりの費用を投資してる可能性がある
秀隆
秀隆
そんなアンドロイドが再び見つかったら、取り返したいと考えるかもしれない
そんなアンドロイドが再び見つかったら、取り返したいと考えるかもしれない
秋
秋
じゃあ、今まで通り家に置いておくんですね？
じゃあ、今まで通り家に置いておくんですね？
秀隆
秀隆
いや……それは少し迷ってる。でも、できれば縛りつけたくはない
いや……それは少し迷ってる。でも、できれば縛りつけたくはない
秀隆
秀隆
アクセラにも、自由に外出する権利を与えたいんだ
アクセラにも、自由に外出する権利を与えたいんだ
秋
秋
気持ちはわかります。でも、それは危ないんじゃないですか？
気持ちはわかります。でも、それは危ないんじゃないですか？
秀隆
秀隆
ああ、リスクはある。でもアクセラとも話しあったことだ
ああ、リスクはある。でもアクセラとも話しあったことだ
秀隆
秀隆
アクセラを外に出すことで、得られるものもあると考えてる
アクセラを外に出すことで、得られるものもあると考えてる
アクセラ
アクセラ
秀隆様がお話になった倉屋敷様との条件についてです。
秀隆様がお話になった倉屋敷様との条件についてです。
私を改造した人物を見つけ出すのは、容易ではないと聞き及んでいます
私を改造した人物を見つけ出すのは、容易ではないと聞き及んでいます
アクセラ
アクセラ
私に協力できることがあるなら、させていただきたいと思っています
私に協力できることがあるなら、させていただきたいと思っています
キズナ
キズナ
それはつまり、囮と言うことですか？
それはつまり、囮と言うことですか？
秋
秋
お、囮って……
お、囮って……
秀隆
秀隆
そこまで大げさなつもりはない。意図的に外出させて、誘うつもりもな
そこまで大げさなつもりはない。意図的に外出させて、誘うつもりもな
秀隆
秀隆
でも、もうオレたちの立場は変わった。
でも、もうオレたちの立場は変わった。
結果的に、アクセラは島津家の一員になったんだ。正式にな
結果的に、アクセラは島津家の一員になったんだ。正式にな
秀隆
秀隆
何かに怯えて、アクセラを囲い続けるのはやめるってことだ
何かに怯えて、アクセラを囲い続けるのはやめるってことだ
秋
秋
だけど、危険すぎます。業者が捕まってからでも……
だけど、危険すぎます。業者が捕まってからでも……
秀隆
秀隆
オレはアクセラに、普通の生活を送らせてやりたいんだ
オレはアクセラに、普通の生活を送らせてやりたいんだ
秋
秋
……それはわかります。でも……
……それはわかります。でも……
アクセラ
アクセラ
お願いいたします秋様。これは私が秀隆様にお願いしたことなんです
お願いいたします秋様。これは私が秀隆様にお願いしたことなんです
アクセラ
アクセラ
私でお役に立てるならお力になりたいと
私でお役に立てるならお力になりたいと
秋
秋
……アクセラ……
……アクセラ……
アクセラ
アクセラ
お願いします、秋様
お願いします、秋様
秋
秋
……本当にアクセラは大丈夫？　連れていかれたりしませんか？
……本当にアクセラは大丈夫？　連れていかれたりしませんか？
秀隆
秀隆
もちろん、頻繁に外出を許可したりはしない。
もちろん、頻繁に外出を許可したりはしない。
だけど、アクセラが出かけたいと言えば、尊重してやるつもりだ
だけど、アクセラが出かけたいと言えば、尊重してやるつもりだ
秀隆
秀隆
おまえも、アクセラの気持ちを汲んでやってくれ
おまえも、アクセラの気持ちを汲んでやってくれ
秀隆
秀隆
違法業者は、オレが必ず捕まえる
違法業者は、オレが必ず捕まえる
秋
秋
……わかりました。アクセラと兄さんの決意が固いなら、反対はしません
……わかりました。アクセラと兄さんの決意が固いなら、反対はしません
キズナ
キズナ
私もですっ
私もですっ
アクセラ
アクセラ
お二人とも、ありがとうございます
お二人とも、ありがとうございます
アクセラは二人にお礼を言い、立ち上がった。
アクセラは二人にお礼を言い、立ち上がった。
アクセラ
アクセラ
朝食の準備を再開します
朝食の準備を再開します
秀隆
秀隆
ああ、頼むよ
ああ、頼むよ
島津家に、笑顔が戻った。
島津家に、笑顔が戻った。
そしてアクセラは自由になり始めている。
そしてアクセラは自由になり始めている。
いや、自由にさせてやらなければならない。
いや、自由にさせてやらなければならない。
オレたちはもう、５年もアクセラをこの部屋に縛り続けてきた。
オレたちはもう、５年もアクセラをこの部屋に縛り続けてきた。
早く捕まえなければならない、違法業者を。
早く捕まえなければならない、違法業者を。
秀隆
秀隆
まどか、ちょっといいか？
まどか、ちょっといいか？
まどか
まどか
なにかしら？
なにかしら？
秀隆
秀隆
少し聞きたいことがあるんだが、
少し聞きたいことがあるんだが、
違法アンドロイドのことで何か耳にしたことはないか？
違法アンドロイドのことで何か耳にしたことはないか？
まどか
まどか
違法アンドロイド？　ええ、あるけど
違法アンドロイド？　ええ、あるけど
秀隆
秀隆
どんなものでも構わない。情報をくれ
どんなものでも構わない。情報をくれ
まどか
まどか
また何か、新しい仕事？
また何か、新しい仕事？
秀隆
秀隆
いや、完全に個人的なことだ。悪いな
いや、完全に個人的なことだ。悪いな
オレはアンドロイドのことは殆ど知らない。
オレはアンドロイドのことは殆ど知らない。
一人で探し始めるよりは、仲間を頼った方が賢いだろう。
一人で探し始めるよりは、仲間を頼った方が賢いだろう。
まどか
まどか
構わないわ。でも、出来れば訳を聞かせて欲しいわね
構わないわ。でも、出来れば訳を聞かせて欲しいわね
秀隆
秀隆
言ったようにオレ個人的な問題なんだ
言ったようにオレ個人的な問題なんだ
まどか
まどか
仕事中に個人的な私用で動くのは禁止よ？
仕事中に個人的な私用で動くのは禁止よ？
秀隆
秀隆
う……
う……
まどか
まどか
それが嫌なら、ちゃんと説明して
それが嫌なら、ちゃんと説明して
秀隆
秀隆
分かったよ……
分かったよ……
秀隆
秀隆
倉屋敷社長に頼まれたんだ。違法アンドロイドの製造者を探せって
倉屋敷社長に頼まれたんだ。違法アンドロイドの製造者を探せって
オレはアクセラの部分だけを隠し、
オレはアクセラの部分だけを隠し、
違法アンドロイド業者のことを伝えた。
違法アンドロイド業者のことを伝えた。
まどか
まどか
なるほど。アンドロイドに携わる第一人者として、放っておけないってことね。だけど、違法アンドロイドは山ほど存在するわよ
なるほど。アンドロイドに携わる第一人者として、放っておけないってことね。だけど、違法アンドロイドは山ほど存在するわよ
秀隆
秀隆
分かってる。正直、一人で絞りきるのは骨が折れるだろうな
分かってる。正直、一人で絞りきるのは骨が折れるだろうな
まどか
まどか
全く、安請け合いなんてするから
全く、安請け合いなんてするから
秀隆
秀隆
倉屋敷には大きな借りがあるから仕方ない
倉屋敷には大きな借りがあるから仕方ない
まどか
まどか
わかった。私も協力してあげる
わかった。私も協力してあげる
秀隆
秀隆
いや、しかし
いや、しかし
まどか
まどか
これも街を守る特務官としての仕事じゃない。
これも街を守る特務官としての仕事じゃない。
幸い、今は私も特に急ぎの仕事が入ってるわけじゃないから
幸い、今は私も特に急ぎの仕事が入ってるわけじゃないから
秀隆
秀隆
……助かるよ。ありがとう
……助かるよ。ありがとう
まどか
まどか
さっそく今あるデータを調べてみましょ。
さっそく今あるデータを調べてみましょ。
えっと……データベースにある情報だと……
えっと……データベースにある情報だと……
今年だけで摘発された事件は１４件にも上るわね
今年だけで摘発された事件は１４件にも上るわね
秀隆
秀隆
多いな……
多いな……
まどか
まどか
そのうち１２件が、性犯罪絡みか。嫌なものね
そのうち１２件が、性犯罪絡みか。嫌なものね
秀隆
秀隆
ダッチワイフへの違法改造ってことか
ダッチワイフへの違法改造ってことか
概要はこうだ。
概要はこうだ。
アンドロイドは人間とほぼ変わらない外見を持つ。
アンドロイドは人間とほぼ変わらない外見を持つ。
それに目をつけた業者が、性機能を新たに取り付ける事業を展開した。
それに目をつけた業者が、性機能を新たに取り付ける事業を展開した。
それが爆発的な反響を呼び、
それが爆発的な反響を呼び、
違法と知っていながらも改造を希望する者が後を絶たないと言う。
違法と知っていながらも改造を希望する者が後を絶たないと言う。
もちろんそれはアンドロイド法を犯しているため罪になる。
もちろんそれはアンドロイド法を犯しているため罪になる。
何より、摘発されたとしても不正改造の罪は比較的軽い。
何より、摘発されたとしても不正改造の罪は比較的軽い。
依頼者は罰金５０万円以下で済むことが大半だ。
依頼者は罰金５０万円以下で済むことが大半だ。
だから改造をする者が後を断たない。
だから改造をする者が後を断たない。
倉屋敷社長の話だと、アクセラにもその改造が施されてたって話だ。
倉屋敷社長の話だと、アクセラにもその改造が施されてたって話だ。
見逃すことは出来ない。
見逃すことは出来ない。
秀隆
秀隆
確認されてる不正業者はどれくらいあるんだ
確認されてる不正業者はどれくらいあるんだ
まどか
まどか
個人事業も含め、２０近くにも上るわね。そのどれもが前科持ちよ
個人事業も含め、２０近くにも上るわね。そのどれもが前科持ちよ
秀隆
秀隆
ホープタウンに１５、ドリームタウンに５つか。結構多いな
ホープタウンに１５、ドリームタウンに５つか。結構多いな
まどか
まどか
それでどうするの？
それでどうするの？
まさか正面から乗り込むってわけじゃないんでしょ？
まさか正面から乗り込むってわけじゃないんでしょ？
秀隆
秀隆
さすがにな。ひとまずは、このリストも社長に報告するつもりだ
さすがにな。ひとまずは、このリストも社長に報告するつもりだ
秀隆
秀隆
でも、多分このどれも、倉屋敷社長が探してるような
でも、多分このどれも、倉屋敷社長が探してるような
違法アンドロイドである可能性は、低い
違法アンドロイドである可能性は、低い
まどか
まどか
どうして、そう言いきれるの？
どうして、そう言いきれるの？
秀隆
秀隆
そもそも、今回の違法改造を行っている人物は、
そもそも、今回の違法改造を行っている人物は、
並みの技術者じゃない。倉屋敷社長に匹敵する人物と考えられる
並みの技術者じゃない。倉屋敷社長に匹敵する人物と考えられる
秀隆
秀隆
それに、規模も小さい会社では不可能だろう。
それに、規模も小さい会社では不可能だろう。
何億と言う資金を持ち、巨大な施設を持っていなければ到底出来ないことだ
何億と言う資金を持ち、巨大な施設を持っていなければ到底出来ないことだ
秀隆
秀隆
このリストに載っている企業は、
このリストに載っている企業は、
精々数百万から数千万の規模でしかない
精々数百万から数千万の規模でしかない
まどか
まどか
確かにそうね……
確かにそうね……
秀隆
秀隆
大手企業の資金繰りを探ってくれ。そこから何か分かるかも
大手企業の資金繰りを探ってくれ。そこから何か分かるかも
まどか
まどか
資金調査は容易なことじゃないわよ
資金調査は容易なことじゃないわよ
秀隆
秀隆
それでもやるしかない。特務官の持てる力全てを使って
それでもやるしかない。特務官の持てる力全てを使って
まどか
まどか
島津くん……
島津くん……
秀隆
秀隆
街に危険性をのさばらせてはおけないだろ？
街に危険性をのさばらせてはおけないだろ？
まどか
まどか
分かったわ
分かったわ
秀隆
秀隆
さてと……
さてと……
改めてリストに目を通す。
改めてリストに目を通す。
この中には、恐らくアクセラを改造した業者はいないと思われる。
この中には、恐らくアクセラを改造した業者はいないと思われる。
でも、だからと言って決め付けて放置することは許されない。
でも、だからと言って決め付けて放置することは許されない。
一件一件確かめてみる必要はある。
一件一件確かめてみる必要はある。
問題はその方法だ。
問題はその方法だ。
まさか直接訪ねていって、
まさか直接訪ねていって、
これはオタクが改造したの？とは言えない。
これはオタクが改造したの？とは言えない。
自分から余計な罪を認めることはしないだろう。
自分から余計な罪を認めることはしないだろう。
磯部
磯部
で、その違法アンドロイドの調査に俺を引き込みたいって？
で、その違法アンドロイドの調査に俺を引き込みたいって？
秀隆
秀隆
アンドロイドに関しては、磯部が群を抜いてるからな
アンドロイドに関しては、磯部が群を抜いてるからな
秀隆
秀隆
先日も、ずっとアドバイスしてくれてたじゃないか
先日も、ずっとアドバイスしてくれてたじゃないか
まどか
まどか
アドバイス？
アドバイス？
秀隆
秀隆
今日の件とは関係ないんだけど、
今日の件とは関係ないんだけど、
アンドロイドのことで困った時に助けてくれたんだ
アンドロイドのことで困った時に助けてくれたんだ
まどか
まどか
へえ……
へえ……
磯部
磯部
別に助けたわけじゃないっ
別に助けたわけじゃないっ
磯部
磯部
つか、その件はもういいのかよ
つか、その件はもういいのかよ
秀隆
秀隆
ああ。何とか解決したよ、ありがとう
ああ。何とか解決したよ、ありがとう
磯部
磯部
ふん……助けたわけじゃない
ふん……助けたわけじゃない
もう一度言った。
もう一度言った。
まどか
まどか
なんだかんだ、面倒見がいいのよね、磯部くんは
なんだかんだ、面倒見がいいのよね、磯部くんは
秀隆
秀隆
ほんとほんと。結構いい奴なんだよな
ほんとほんと。結構いい奴なんだよな
磯部
磯部
うるせぇ！
うるせぇ！
磯部
磯部
そもそもおまえら、
そもそもおまえら、
俺をアンドロイドオタクか何かと勘違いしてるんじゃないか？
俺をアンドロイドオタクか何かと勘違いしてるんじゃないか？
秀隆
秀隆
え……
え……
まどか
まどか
そうなんじゃないの？
そうなんじゃないの？
磯部
磯部
あのな、ちょっとアンドロイドに興味があるだけで、
あのな、ちょっとアンドロイドに興味があるだけで、
オタクなんかと一緒にするなっ
オタクなんかと一緒にするなっ
オレは磯部の席にある、平積みされた本を手にとって見た。
オレは磯部の席にある、平積みされた本を手にとって見た。
秀隆
秀隆
新型アンドロイドカタログ集パート１、パート２、パート３……
新型アンドロイドカタログ集パート１、パート２、パート３……
秀隆
秀隆
自分好みのアンドロイドにカスタマイズしよう
自分好みのアンドロイドにカスタマイズしよう
秀隆
秀隆
合法と違法の境目を攻める……
合法と違法の境目を攻める……
まどか
まどか
どこからどう見ても、アンドロイドオタクね
どこからどう見ても、アンドロイドオタクね
磯部
磯部
違う！　アンドロイドが少し好きなだけだっ
違う！　アンドロイドが少し好きなだけだっ
秀隆
秀隆
そんなムキになって否定しなくても。
そんなムキになって否定しなくても。
趣味があるっていうのは素晴らしいことだと思うぞ
趣味があるっていうのは素晴らしいことだと思うぞ
磯部
磯部
くそっ……協力しねぇぞ
くそっ……協力しねぇぞ
秀隆
秀隆
それは困る。うん、磯部はオタクなんかじゃないっ
それは困る。うん、磯部はオタクなんかじゃないっ
磯部
磯部
取ってつけたように言うな……
取ってつけたように言うな……
秀隆
秀隆
ともかく、違法アンドロイドの実態を知りたいんだ。頼むよ
ともかく、違法アンドロイドの実態を知りたいんだ。頼むよ
磯部
磯部
……ふん
……ふん
露骨に嫌な顔をされたが、それ以上否定を口にはしなかった。
露骨に嫌な顔をされたが、それ以上否定を口にはしなかった。
磯部
磯部
実態を調べるか。ま、それくらいならできなくはない。
実態を調べるか。ま、それくらいならできなくはない。
だが、俺たちは警察じゃない。摘発なんてできないぞ
だが、俺たちは警察じゃない。摘発なんてできないぞ
秀隆
秀隆
分かってる。オレはクライアントの要望を聞くだけだ
分かってる。オレはクライアントの要望を聞くだけだ
秀隆
秀隆
それに、犯人を突き止めれば、倉屋敷社長は間違いなく力を貸してくれる
それに、犯人を突き止めれば、倉屋敷社長は間違いなく力を貸してくれる
そうなれば、警察を動かすことすら容易く行うだろう。
そうなれば、警察を動かすことすら容易く行うだろう。
資料にしたデータを二人に見せる。
資料にしたデータを二人に見せる。
秀隆
秀隆
今回探しているのは『プロテクトを解除できる
今回探しているのは『プロテクトを解除できる
第三者の偽登録を行うことが出来る
第三者の偽登録を行うことが出来る
秀隆
秀隆
この二つがあてはまるアンドロイドに仕上げることが出来る業者だ
この二つがあてはまるアンドロイドに仕上げることが出来る業者だ
磯部
磯部
簡単に言うが、それがとんでもないことなのは分かるか？　アンドロイド産業が発足してから、これまでのアンドロイド、その全てに倉屋敷が作り出した独自のプロテクトが組み込まれてる
簡単に言うが、それがとんでもないことなのは分かるか？　アンドロイド産業が発足してから、これまでのアンドロイド、その全てに倉屋敷が作り出した独自のプロテクトが組み込まれてる
磯部
磯部
そこらのプロが解読しようとしたって無理な代物だ。
そこらのプロが解読しようとしたって無理な代物だ。
今年摘発された違法業者のどこにやらせても、無理だろうさ
今年摘発された違法業者のどこにやらせても、無理だろうさ
秀隆
秀隆
ああ……だから相当な技術力と資金、規模を持ってるはずだ
ああ……だから相当な技術力と資金、規模を持ってるはずだ
磯部
磯部
そう言うレベルじゃないかもな。
そう言うレベルじゃないかもな。
下手すると倉屋敷重工の中に、その業者の手先がいるのを疑う話だ
下手すると倉屋敷重工の中に、その業者の手先がいるのを疑う話だ
秀隆
秀隆
……なるほど
……なるほど
単に技術力って言葉だけではくくれないってことか。
単に技術力って言葉だけではくくれないってことか。
まどか
まどか
確かに、こんな違法アンドロイドの存在、今まで聞いたことがないわね
確かに、こんな違法アンドロイドの存在、今まで聞いたことがないわね
磯部
磯部
まぁ、それとなくは調べてみるが……期待薄だな
まぁ、それとなくは調べてみるが……期待薄だな
秀隆
秀隆
どんな情報でも構わない、頼む
どんな情報でも構わない、頼む
まどか
まどか
私はドリームタウンのほうを調べてみる。
私はドリームタウンのほうを調べてみる。
向こうはアンドロイドじゃ一歩劣ってるけど、近年見る見る力をつけてきているし
向こうはアンドロイドじゃ一歩劣ってるけど、近年見る見る力をつけてきているし
秀隆
秀隆
ああ
ああ
二人に任せておけば、必要な情報はある程度集まるだろう。
二人に任せておけば、必要な情報はある程度集まるだろう。
オレは、オレなりの考え方で動くことにする。
オレは、オレなりの考え方で動くことにする。
どうやって違法アンドロイドを作りだしたのか。
どうやって違法アンドロイドを作りだしたのか。
と言う切り口とは別の観点から、探っていけないだろうか。
と言う切り口とは別の観点から、探っていけないだろうか。
例えば、もしもオレが違法アンドロイドを作る人間だったなら。
例えば、もしもオレが違法アンドロイドを作る人間だったなら。
オレ自身が高い技術力を持ち、
オレ自身が高い技術力を持ち、
違法アンドロイドを作り出すことが出来るとしたら。
違法アンドロイドを作り出すことが出来るとしたら。
アクセラのような存在を用意するとしたら。
アクセラのような存在を用意するとしたら。
何を目的とするだろうか？
何を目的とするだろうか？
単に趣味として？
単に趣味として？
いや、そんなはずはない。
いや、そんなはずはない。
きっかけがそうだったとしても、
きっかけがそうだったとしても、
そんな凄いものを作り出して、そこで満足するとは思えない。
そんな凄いものを作り出して、そこで満足するとは思えない。
それを第三者に誇示したくなったり、
それを第三者に誇示したくなったり、
あるいは何か、人には出来ないようなことをやりはしないだろうか？
あるいは何か、人には出来ないようなことをやりはしないだろうか？
プロテクトを解除し、ルール外のことをアンドロイドに強制させることができる。
プロテクトを解除し、ルール外のことをアンドロイドに強制させることができる。
そのアンドロイドを、完全に人間に見せかけて隠している、ということ。
そのアンドロイドを、完全に人間に見せかけて隠している、ということ。
どうして？
どうして？
秀隆
秀隆
…………
…………
これから先を知るために、やるべきことがひとつ決まった。
これから先を知るために、やるべきことがひとつ決まった。
それはアクセラの過去を探ること。
それはアクセラの過去を探ること。
それが、今回事件の解決に繋がるんじゃないだろうか。
それが、今回事件の解決に繋がるんじゃないだろうか。
秀隆
秀隆
確かアクセラと出会ったのは、この辺りだったな……
確かアクセラと出会ったのは、この辺りだったな……
今はもう、すっかり整備され跡形もなくなっているが、
今はもう、すっかり整備され跡形もなくなっているが、
昔はここに別の建物、ビルが幾つか建設されていた。
昔はここに別の建物、ビルが幾つか建設されていた。
ここで爆発事故が起こり、多くの死傷者が出た。
ここで爆発事故が起こり、多くの死傷者が出た。
その時の記事を、携帯で引っ張り出す。
その時の記事を、携帯で引っ張り出す。
死者２３名、負傷者８６名。
死者２３名、負傷者８６名。
ビルは１棟が全壊し、隣のビルも巻き込まれ半壊に至った。
ビルは１棟が全壊し、隣のビルも巻き込まれ半壊に至った。
原因はタバコの火の不始末と言う、何とも虚しいものだ。
原因はタバコの火の不始末と言う、何とも虚しいものだ。
だがこれは、他に原因が見つからなかった故の代替案、
だがこれは、他に原因が見つからなかった故の代替案、
そう言う声もちらほらと上がっていたらしい。
そう言う声もちらほらと上がっていたらしい。
何故なら、このビルの出火原因となった場所は、
何故なら、このビルの出火原因となった場所は、
襲狩又吉と言う悪評絶えない男の居る社長室からだった。
襲狩又吉と言う悪評絶えない男の居る社長室からだった。
昔はかなりの愛煙家だったらしいが、
昔はかなりの愛煙家だったらしいが、
事故の時には禁煙していたと言う証言が出ている。
事故の時には禁煙していたと言う証言が出ている。
それでもなお、タバコの不始末と言う結論が変わらなかったのは、
それでもなお、タバコの不始末と言う結論が変わらなかったのは、
それ以外に思い当たる可能性がなかったからなのだ。
それ以外に思い当たる可能性がなかったからなのだ。
あの時、アクセラはスーツを着ていた。
あの時、アクセラはスーツを着ていた。
はじめてみた時は、ビルで働く人間の一人が、
はじめてみた時は、ビルで働く人間の一人が、
死に物狂いで抜け出してきたような印象を受けたっけ。
死に物狂いで抜け出してきたような印象を受けたっけ。
まず間違いなく、アクセラは火事の起こったビルに居た。
まず間違いなく、アクセラは火事の起こったビルに居た。
なぜ？
なぜ？
考えられる可能性は幾つかある。
考えられる可能性は幾つかある。
１つは、襲狩を含む誰かの所有物であったこと。
１つは、襲狩を含む誰かの所有物であったこと。
仕事としてアンドロイドを使うことは間々ある話だ。
仕事としてアンドロイドを使うことは間々ある話だ。
だけど可能性としては微妙なところだ。
だけど可能性としては微妙なところだ。
ダッチワイフへの改造を施したアンドロイドは、
ダッチワイフへの改造を施したアンドロイドは、
基本的に外出用に用いることはケース的に少ない。
基本的に外出用に用いることはケース的に少ない。
分かりづらいとは言え、違法は違法だし、
分かりづらいとは言え、違法は違法だし、
何よりその改造内容は世間から冷たい視線を浴びることになる。
何よりその改造内容は世間から冷たい視線を浴びることになる。
だから、多くの改造者は自宅からアンドロイドを出すことはしない。
だから、多くの改造者は自宅からアンドロイドを出すことはしない。
秀隆
秀隆
考えにくいな……意味もなくリスクが高すぎる
考えにくいな……意味もなくリスクが高すぎる
ダッチワイフへの改造だけならまだ理解も出来るが、
ダッチワイフへの改造だけならまだ理解も出来るが、
アクセラは様々な危険改造を受けている。
アクセラは様々な危険改造を受けている。
そんなアンドロイドを、自分の職場で使うためだけに
そんなアンドロイドを、自分の職場で使うためだけに
四六時中連れまわすのは、リターンとリスクのバランスが取れていないように思える。
四六時中連れまわすのは、リターンとリスクのバランスが取れていないように思える。
一般的な見方を捨てた別の方法の方が、現実的か。
一般的な見方を捨てた別の方法の方が、現実的か。
アクセラは、元々このビルに住む人間の所有者ではなく、
アクセラは、元々このビルに住む人間の所有者ではなく、
あくまでも外からやって来たアンドロイド。
あくまでも外からやって来たアンドロイド。
人間のフリをして、誰かに近づいた、としたら？
人間のフリをして、誰かに近づいた、としたら？
襲狩又吉と言う男は、このホープタウンで大きな権力を持っていた。
襲狩又吉と言う男は、このホープタウンで大きな権力を持っていた。
唐沢代表や竹内氏を光、倉屋敷を中立とするなら、闇の部分にあたる。
唐沢代表や竹内氏を光、倉屋敷を中立とするなら、闇の部分にあたる。
インサイダー取引や相場の操縦行為などを行い、
インサイダー取引や相場の操縦行為などを行い、
膨大かつ莫大な利益を得ていたと言う事実が後に明らかになった。
膨大かつ莫大な利益を得ていたと言う事実が後に明らかになった。
それらの詳細を探るために、送り込まれたスパイ。
それらの詳細を探るために、送り込まれたスパイ。
そんな風に考えた方が、まだ可能性を感じる。
そんな風に考えた方が、まだ可能性を感じる。
秀隆
秀隆
一概には信じられないけど……
一概には信じられないけど……
そもそも、アクセラの存在が俄かには信じがたいものなのだ。
そもそも、アクセラの存在が俄かには信じがたいものなのだ。
これくらいの目的を想像しなければ、
これくらいの目的を想像しなければ、
違法アンドロイドの利用価値を図ることは出来ない。
違法アンドロイドの利用価値を図ることは出来ない。
なら、誰がそれを仕掛けたのか。
なら、誰がそれを仕掛けたのか。
不正取引を見破るための、正義の代行者？
不正取引を見破るための、正義の代行者？
あるいは、その利益を狙ったハイエナのような者？
あるいは、その利益を狙ったハイエナのような者？
まだピースは多く不足している。
まだピースは多く不足している。
ここから先、欠けたピースを集めていくには、どうしたもんか。
ここから先、欠けたピースを集めていくには、どうしたもんか。
凛
凛
ごめん、待たせた？
ごめん、待たせた？
夕方、やや駆け足で凛がやって来た。
夕方、やや駆け足で凛がやって来た。
秀隆
秀隆
大丈夫だ。今日、おまえがこっちに仕事があって助かったよ
大丈夫だ。今日、おまえがこっちに仕事があって助かったよ
秀隆
秀隆
時間大丈夫か？
時間大丈夫か？
凛
凛
規制緩和のこともあって、必要とあれば
規制緩和のこともあって、必要とあれば
申請すれば一泊くらいしてくことも出来るから
申請すれば一泊くらいしてくことも出来るから
そうか、元々行き来出来る人間は、
そうか、元々行き来出来る人間は、
早くもそう言う特権が生まれ始めているのか。
早くもそう言う特権が生まれ始めているのか。
秀隆
秀隆
悪いな
悪いな
凛
凛
それで、あたしに折り入って話ってなによ
それで、あたしに折り入って話ってなによ
秀隆
秀隆
この間も、例の件で力を貸してもらったばかりなんだが、
この間も、例の件で力を貸してもらったばかりなんだが、
今度も別件で凛の力を借りたいと思ってる
今度も別件で凛の力を借りたいと思ってる
凛
凛
マスコミ関係？
マスコミ関係？
秀隆
秀隆
いや、今回は凛以外には不可能な話なんだ
いや、今回は凛以外には不可能な話なんだ
凛
凛
あたし以外には不可能って……
あたし以外には不可能って……
まあ、あたし可愛いし？
まあ、あたし可愛いし？
秀隆
秀隆
そう言うことじゃあないぞ
そう言うことじゃあないぞ
凛が隣に腰を下ろす。
凛が隣に腰を下ろす。
秀隆
秀隆
前に言ってたよな、お前にはアンドロイドを見抜く力があるって
前に言ってたよな、お前にはアンドロイドを見抜く力があるって
凛
凛
そうね。何となくアンドロイドだなってのは分かるかな
そうね。何となくアンドロイドだなってのは分かるかな
秀隆
秀隆
家のアクセラも、初見で見抜いたよな
家のアクセラも、初見で見抜いたよな
凛
凛
そうだけど、それがどうかしたの？
そうだけど、それがどうかしたの？
アクセラは、まさに違法改造されたアンドロイドだ。
アクセラは、まさに違法改造されたアンドロイドだ。
ネットへのアクセスもなければ、街中でセンサーにかかることもない。
ネットへのアクセスもなければ、街中でセンサーにかかることもない。
そんな『ほぼ人間』と変わらないアクセラを、
そんな『ほぼ人間』と変わらないアクセラを、
凛は一目見ただけでアンドロイドだと見抜き当てた。
凛は一目見ただけでアンドロイドだと見抜き当てた。
秀隆
秀隆
おまえのその力を、オレに貸して欲しいんだ
おまえのその力を、オレに貸して欲しいんだ
ことの経緯を、オレは事細かに凛に話した。
ことの経緯を、オレは事細かに凛に話した。
凛
凛
アクセラって、そうだったんだ……知らなかった
アクセラって、そうだったんだ……知らなかった
秀隆
秀隆
おまえにとっては、他のアンドロイドと変わらないってことだろ？
おまえにとっては、他のアンドロイドと変わらないってことだろ？
凛
凛
感覚としてはね。あ、でも唯一嫌いじゃないアンドロイドにはなりつつあるから
感覚としてはね。あ、でも唯一嫌いじゃないアンドロイドにはなりつつあるから
凛
凛
なんか、接してると憎みきれなくなってきたのよね
なんか、接してると憎みきれなくなってきたのよね
秀隆
秀隆
それを聞いたら、あいつ喜ぶと思う
それを聞いたら、あいつ喜ぶと思う
凛
凛
その違法アンドロイドって、物騒な存在よね？
その違法アンドロイドって、物騒な存在よね？
秀隆
秀隆
そうだな。のさばらせておくのは危険だ
そうだな。のさばらせておくのは危険だ
凛
凛
だったら協力するわ
だったら協力するわ
過去の自分と重ね合わせたのだろうか、凛はすぐに了承してくれた。
過去の自分と重ね合わせたのだろうか、凛はすぐに了承してくれた。
秀隆
秀隆
街中を歩く時、アンドロイドにはリングの装着が義務付けられてるのは知ってるよな
街中を歩く時、アンドロイドにはリングの装着が義務付けられてるのは知ってるよな
凛
凛
大丈夫。そのリングがないアンドロイドを探せばいいのね
大丈夫。そのリングがないアンドロイドを探せばいいのね
秀隆
秀隆
ああ
ああ
凛
凛
だけど、うっかり忘れちゃうってこととかないわけ？
だけど、うっかり忘れちゃうってこととかないわけ？
秀隆
秀隆
リングをか？
リングをか？
凛
凛
そう。あたし、アンドロイドのことは詳しくないから
そう。あたし、アンドロイドのことは詳しくないから
秀隆
秀隆
リングの装着無しに敷地外、つまり外出すると、
リングの装着無しに敷地外、つまり外出すると、
ネットに自動アクセスされて罰則が科せられる。それはないだろう
ネットに自動アクセスされて罰則が科せられる。それはないだろう
秀隆
秀隆
仮に忘れていたとしても、警告が鳴るように出来ている
仮に忘れていたとしても、警告が鳴るように出来ている
凛
凛
思ったよりずっとしっかりしてるんだ
思ったよりずっとしっかりしてるんだ
秀隆
秀隆
だから、堂々リングをしないアンドロイドがいたら、
だから、堂々リングをしないアンドロイドがいたら、
それはオレたちが探しているアンドロイドになるってことさ
それはオレたちが探しているアンドロイドになるってことさ
凛
凛
おっけ。注意してみる
おっけ。注意してみる
秀隆
秀隆
もし見つけても、深追いすることはしないでくれ。
もし見つけても、深追いすることはしないでくれ。
すぐオレに連絡をくれれば、駆けつけるから
すぐオレに連絡をくれれば、駆けつけるから
凛
凛
わかった
わかった
秀隆
秀隆
アクセラ
アクセラ
アクセラ
アクセラ
はい、何でしょう？
はい、何でしょう？
秀隆
秀隆
ちょっと裸になってくれないか
ちょっと裸になってくれないか
アクセラ
アクセラ
……ついに、この日がやって参りました
……ついに、この日がやって参りました
アクセラ
アクセラ
島津家にお勤めすること５年、主人であることを良いことに、
島津家にお勤めすること５年、主人であることを良いことに、
逆らえないか弱いアンドロイドに性的な仕打ちをする……
逆らえないか弱いアンドロイドに性的な仕打ちをする……
アクセラ
アクセラ
まさに外道！
まさに外道！
秀隆
秀隆
い、いや、あの……
い、いや、あの……
アクセラ
アクセラ
と言う本音はともかく、ここで脱げばよろしいですか？
と言う本音はともかく、ここで脱げばよろしいですか？
秀隆
秀隆
やっぱり脱がないでください……
やっぱり脱がないでください……
アクセラ
アクセラ
どうかされたのですか？
どうかされたのですか？
秀隆
秀隆
なんでもないんだ
なんでもないんだ
アクセラを裸にひん剥いたところで、
アクセラを裸にひん剥いたところで、
何か手がかりをつかめるかもと思ったが、
何か手がかりをつかめるかもと思ったが、
その可能性より秋に殺される確率の方が高そうだ。
その可能性より秋に殺される確率の方が高そうだ。
誰が何のために、アクセラに改造を施したのだろうか。
誰が何のために、アクセラに改造を施したのだろうか。
単純に性的な目的？　それとも、スパイ活動が目的？
単純に性的な目的？　それとも、スパイ活動が目的？
あるいはその両方
あるいはその両方
アクセラ
アクセラ
秀隆様？
秀隆様？
秀隆
秀隆
部屋に戻る
部屋に戻る
アクセラ
アクセラ
畏まりました
畏まりました
どんな事実があるにせよ、
どんな事実があるにせよ、
アクセラを性的な道具として利用していた可能性はある。
アクセラを性的な道具として利用していた可能性はある。
オレはアクセラの本当の所有者じゃなかった。
オレはアクセラの本当の所有者じゃなかった。
しかし、どうしてもそのことを考えると冷静ではいられない気がした。
しかし、どうしてもそのことを考えると冷静ではいられない気がした。
家族を穢される、それは心が痛いものだ。
家族を穢される、それは心が痛いものだ。
例えアクセラがアンドロイドであって、
例えアクセラがアンドロイドであって、
過去に性的なことをされ、それに対し何も感じていなかったとしても。
過去に性的なことをされ、それに対し何も感じていなかったとしても。
考えるだけで、その所有者をどうにかしてしまいたくなってしまう。
考えるだけで、その所有者をどうにかしてしまいたくなってしまう。
秀隆
秀隆
随分身勝手な話だな……
随分身勝手な話だな……
オレがアクセラの所有者だったら、ふざけんなって殴ってるところだ。
オレがアクセラの所有者だったら、ふざけんなって殴ってるところだ。
勝手に盗んでおいて、逆ギレなんてどうかしていると。
勝手に盗んでおいて、逆ギレなんてどうかしていると。
だが……今、アクセラが島津家のアンドロイドになったのは事実だ。
だが……今、アクセラが島津家のアンドロイドになったのは事実だ。
一体、誰がアクセラを―――。
一体、誰がアクセラを―――。
…………。
…………。
……。
……。
