秋
秋
あの、これは一体どう言うことでしょうか……
あの、これは一体どう言うことでしょうか……
寝癖を残したままの秋が、リビングでジトーッとオレを睨んできた。
寝癖を残したままの秋が、リビングでジトーッとオレを睨んできた。
秀隆
秀隆
どう言うことも何も、そう言うことだ
どう言うことも何も、そう言うことだ
オレの隣に座って、朝ごはんを待つのは、アイドルの凛。
オレの隣に座って、朝ごはんを待つのは、アイドルの凛。
凛
凛
おはよう秋ちゃん
おはよう秋ちゃん
秋
秋
おはよう、ございます……
おはよう、ございます……
秀隆
秀隆
とりあえず座ったらどうだ？
とりあえず座ったらどうだ？
秋
秋
とりあえずは座りますが、説明して下さい
とりあえずは座りますが、説明して下さい
オレは聞き流すようにテレビをつける。
オレは聞き流すようにテレビをつける。
秀隆
秀隆
お、凛が映ってる
お、凛が映ってる
どうやら今話題のアイドルを特集している番組のようだった。
どうやら今話題のアイドルを特集している番組のようだった。
凛
凛
やだ～ちょっとカメラ映り悪くな～い？
やだ～ちょっとカメラ映り悪くな～い？
秀隆
秀隆
気持ち悪い喋り方するなよ
気持ち悪い喋り方するなよ
凛
凛
うっさいわね。どこが気持ち悪いのよ
うっさいわね。どこが気持ち悪いのよ
秋
秋
…………
…………
秀隆
秀隆
あ、コイツ素はこんなだから
あ、コイツ素はこんなだから
凛
凛
別に秋ちゃんは驚かないと思うけど？
別に秋ちゃんは驚かないと思うけど？
秋
秋
そうですね
そうですね
se机を強く叩く1
se机を強く叩く1
秀隆
秀隆
えっ、マジで！？　テレビに出てるのとはガラッと違うんだぞ！
えっ、マジで！？　テレビに出てるのとはガラッと違うんだぞ！
オレはテーブルを叩いて立ち上がった。
オレはテーブルを叩いて立ち上がった。
そしてテレビの前まで行きモニターを力強く指差す。
そしてテレビの前まで行きモニターを力強く指差す。
秀隆
秀隆
見ろ！　この純情そうな仕草、顔を！
見ろ！　この純情そうな仕草、顔を！
どこからどうみても大人しくて可愛くて世間知らずな感じが出てるだろう！
どこからどうみても大人しくて可愛くて世間知らずな感じが出てるだろう！
秋
秋
演じてるに決まってるじゃないですか
演じてるに決まってるじゃないですか
凛
凛
うんうん。女の子は生まれながらの役者だからね
うんうん。女の子は生まれながらの役者だからね
秀隆
秀隆
ぐっ……キズナはどう思う！？
ぐっ……キズナはどう思う！？
キズナ
キズナ
私は特に何も思いませんっ
私は特に何も思いませんっ
ニッコリと笑う。
ニッコリと笑う。
秀隆
秀隆
あ、アクセラ、頼れるのはお前だけだ
あ、アクセラ、頼れるのはお前だけだ
アクセラ
アクセラ
幻想を抱きすぎです
幻想を抱きすぎです
秀隆
秀隆
ぐ！
ぐ！
がっくりとその場に崩れ落ちる。
がっくりとその場に崩れ落ちる。
秀隆
秀隆
オレの中のアイドルは、アイドルはこんなんじゃねえっ
オレの中のアイドルは、アイドルはこんなんじゃねえっ
凛
凛
あのね、例え性格がどうあれ、あたしは美少女よ？
あのね、例え性格がどうあれ、あたしは美少女よ？
秀隆
秀隆
そんなことを堂々と言うアイドルも嫌だ……
そんなことを堂々と言うアイドルも嫌だ……
凛
凛
なんでよ
なんでよ
秀隆
秀隆
自分で可愛いと思ってるとか、性格的に引っかかるし
自分で可愛いと思ってるとか、性格的に引っかかるし
凛
凛
じゃあ何、あたしは自分をブスだと言えばいいわけ？
じゃあ何、あたしは自分をブスだと言えばいいわけ？
そっちの方が性格悪くな～い？　こんなに可愛いし
そっちの方が性格悪くな～い？　こんなに可愛いし
秀隆
秀隆
だからその喋り方はやめて
だからその喋り方はやめて
秋
秋
で、いい加減説明して下さい
で、いい加減説明して下さい
秀隆
秀隆
あー……
あー……
秀隆
秀隆
ちょっと事情があってな。一晩泊めただけだ
ちょっと事情があってな。一晩泊めただけだ
キズナ
キズナ
昨日は私と寝たんですよ
昨日は私と寝たんですよ
凛
凛
ごめんねキズナ。起こしちゃって
ごめんねキズナ。起こしちゃって
キズナ
キズナ
平気です。元々眠りは浅いですから
平気です。元々眠りは浅いですから
秋
秋
……そうですか
……そうですか
秋
秋
まあ、よくは分かりませんが、そう言うことならいいです
まあ、よくは分かりませんが、そう言うことならいいです
凛
凛
ひょっとして心配した？　あたしと秀隆の関係とか
ひょっとして心配した？　あたしと秀隆の関係とか
秋
秋
そうですね。もしこの人が間違って手を出すようなら、
そうですね。もしこの人が間違って手を出すようなら、
どんな大事になって責任を取らされるか……
どんな大事になって責任を取らされるか……
凛
凛
間違いなくファンには殺されるわよね
間違いなくファンには殺されるわよね
秀隆
秀隆
怖っ
怖っ
アクセラ
アクセラ
皆さんお食事の用意が出来ました
皆さんお食事の用意が出来ました
秀隆
秀隆
あ、凛は食事は
あ、凛は食事は
凛
凛
お腹空いてるし、貰おうかな
お腹空いてるし、貰おうかな
秀隆
秀隆
大丈夫なのか？　アンドロイドが作ったものでも
大丈夫なのか？　アンドロイドが作ったものでも
アクセラの手前ではあるが、オレは確認することにした。
アクセラの手前ではあるが、オレは確認することにした。
凛
凛
正直に言えば抵抗はある。でも、この子には責任はないじゃない？
正直に言えば抵抗はある。でも、この子には責任はないじゃない？
お世話になりっぱなしなのに、一方的に避けるのは失礼かなって
お世話になりっぱなしなのに、一方的に避けるのは失礼かなって
凛
凛
アンドロイド相手に、失礼も何もないかもしんないけどさ
アンドロイド相手に、失礼も何もないかもしんないけどさ
秀隆
秀隆
…………
…………
凛なりに、アクセラと向き合おうとしてくれているようだ。
凛なりに、アクセラと向き合おうとしてくれているようだ。
アクセラ
アクセラ
こちらに置いておきますね
こちらに置いておきますね
アクセラはぐるりと迂回し、凛から一番遠いところから食事を置く。
アクセラはぐるりと迂回し、凛から一番遠いところから食事を置く。
凛
凛
悪いわね、気を使わせちゃって
悪いわね、気を使わせちゃって
アクセラ
アクセラ
問題御座いません。どうぞおきになさりませんよう
問題御座いません。どうぞおきになさりませんよう
凛
凛
……へえ。これが島津家の朝食？
……へえ。これが島津家の朝食？
秀隆
秀隆
そうだ。って、ホテルじゃこんなのは出ないか？
そうだ。って、ホテルじゃこんなのは出ないか？
凛
凛
あたしが泊まってるところは、
あたしが泊まってるところは、
ドリームタウン側の客が泊まる専用ホテルなのよ。
ドリームタウン側の客が泊まる専用ホテルなのよ。
だから食事メニューも基本向こうと同じ
だから食事メニューも基本向こうと同じ
秀隆
秀隆
そうなのか
そうなのか
家のあるオレたちがホテルを利用することはないからなぁ。
家のあるオレたちがホテルを利用することはないからなぁ。
凛
凛
なんて言うか、四角っぽいのが多いわね
なんて言うか、四角っぽいのが多いわね
秀隆
秀隆
そういや、向こうの料理は色んな形があるよな
そういや、向こうの料理は色んな形があるよな
凛
凛
一応、ドリームタウンの食事は地上の頃に近いみたい
一応、ドリームタウンの食事は地上の頃に近いみたい
キズナ
キズナ
そうなんですか？
そうなんですか？
凛
凛
今街の代表をやってる、大河内って人の政策なのよ。
今街の代表をやってる、大河内って人の政策なのよ。
地上時代のことを忘れないために、普及活動をしてるんだって
地上時代のことを忘れないために、普及活動をしてるんだって
キズナ
キズナ
そうなんですかっ
そうなんですかっ
秀隆
秀隆
聞いたことあるな。地上に強い関心を持つ代表がいるって
聞いたことあるな。地上に強い関心を持つ代表がいるって
凛
凛
でも正直、あたしたちにはピンと来ないけどね。
でも正直、あたしたちにはピンと来ないけどね。
美味しい食事が食べられて、不自由ない生活ならそれでいいし
美味しい食事が食べられて、不自由ない生活ならそれでいいし
凛
凛
それじゃ、いただきます
それじゃ、いただきます
そう言い、フォークを食べ物へと突き刺した。
そう言い、フォークを食べ物へと突き刺した。
秀隆
秀隆
仕事はいつからなんだ？
仕事はいつからなんだ？
凛
凛
８時ちょい前からスタジオ入りかな
８時ちょい前からスタジオ入りかな
秀隆
秀隆
ってことは、オレと同じくらいか
ってことは、オレと同じくらいか
凛
凛
なら丁度いいわね。途中まで一緒に行きましょ
なら丁度いいわね。途中まで一緒に行きましょ
アクセラ
アクセラ
くれぐれも犯罪行為だけは避けられますように
くれぐれも犯罪行為だけは避けられますように
秀隆
秀隆
ちょっとは信用しようぜ
ちょっとは信用しようぜ
アクセラ
アクセラ
信用されるだけの生活をお送りになられれば、おのずと
信用されるだけの生活をお送りになられれば、おのずと
キズナ
キズナ
あはは
あはは
朝から賑やかな食事になった。
朝から賑やかな食事になった。
凛
凛
さって、それじゃ行って来るわ
さって、それじゃ行って来るわ
秀隆
秀隆
おう頑張ってこい
おう頑張ってこい
凛は後ろを向きかけて、こちらへと向き直った。
凛は後ろを向きかけて、こちらへと向き直った。
秀隆
秀隆
どうした？
どうした？
凛
凛
昨日はありがと。助けてくれて嬉しかった
昨日はありがと。助けてくれて嬉しかった
秀隆
秀隆
大したことじゃないよ
大したことじゃないよ
凛
凛
だけど、何か悔しいわね……ストーカーを退治するつもりが、
だけど、何か悔しいわね……ストーカーを退治するつもりが、
なんていうか、逃げるみたいになっちゃってる
なんていうか、逃げるみたいになっちゃってる
秀隆
秀隆
そうかもな
そうかもな
凛
凛
あたしはもう逃げない。正面から戦うつもりよ
あたしはもう逃げない。正面から戦うつもりよ
秀隆
秀隆
オレのいないのところでの無茶だけはやめてくれよ？
オレのいないのところでの無茶だけはやめてくれよ？
凛
凛
もちろんよ。正面から戦うのは男の秀隆だし
もちろんよ。正面から戦うのは男の秀隆だし
秀隆
秀隆
最初からオレをぶつけるつもりか……
最初からオレをぶつけるつもりか……
凛
凛
あたしはか弱いアイドルだからね
あたしはか弱いアイドルだからね
そして、今度こそ凛は背中を向けてスタジオに歩き出した。
そして、今度こそ凛は背中を向けてスタジオに歩き出した。
もちろん、今凛が言ったことは本心でもあり、虚勢でもあるはずだ。
もちろん、今凛が言ったことは本心でもあり、虚勢でもあるはずだ。
秀隆
秀隆
さて……
さて……
こっちも、覚悟を決めなきゃならないだろうな。
こっちも、覚悟を決めなきゃならないだろうな。
これ以上凛を不安や危険にさせないためにも。
これ以上凛を不安や危険にさせないためにも。
秀隆
秀隆
朝から呼び出して申し訳ないです
朝から呼び出して申し訳ないです
磯部
磯部
ったく、これから外に出て情報を集めようって時に
ったく、これから外に出て情報を集めようって時に
秀隆
秀隆
どうしても、お２人に話さないといけないことが出来まして
どうしても、お２人に話さないといけないことが出来まして
まどか
まどか
どうしたの？
どうしたの？
秀隆
秀隆
まず……オレは佐々野さんに黙っていたことがある。それを説明させてくれ
まず……オレは佐々野さんに黙っていたことがある。それを説明させてくれ
まどか
まどか
黙っていたこと？　それって、私にだけ？
黙っていたこと？　それって、私にだけ？
秀隆
秀隆
ああ
ああ
磯部は、自分は関係ないとアピールするように視線をそらした。
磯部は、自分は関係ないとアピールするように視線をそらした。
余計な口出しはしないと決めたらしい。
余計な口出しはしないと決めたらしい。
オレとしてもそのほうが助かる。
オレとしてもそのほうが助かる。
秀隆
秀隆
実は、早い段階でオレは水野凛からある相談を受けていたんだ
実は、早い段階でオレは水野凛からある相談を受けていたんだ
まどか
まどか
……どう言うこと？
……どう言うこと？
秀隆
秀隆
彼女は、どうも最近ストーカーの被害にあっているらしい。資料はこれだ
彼女は、どうも最近ストーカーの被害にあっているらしい。資料はこれだ
作成しておいた資料をまどかに見せながら説明する。
作成しておいた資料をまどかに見せながら説明する。
秀隆
秀隆
それで、オレはそのストーカーを見つけ出すために力を貸していた
それで、オレはそのストーカーを見つけ出すために力を貸していた
まどか
まどか
……どうして相談してくれなかったの？
……どうして相談してくれなかったの？
秀隆
秀隆
まどかに話せば、許可してくれたか？
まどかに話せば、許可してくれたか？
まどか
まどか
出来るわけないでしょ。これは特務官の仕事じゃない
出来るわけないでしょ。これは特務官の仕事じゃない
磯部が後ろでうんうんと頷く。
磯部が後ろでうんうんと頷く。
まどか
まどか
それに、とても危険なことよ。その手の怪我も、もしかして……
それに、とても危険なことよ。その手の怪我も、もしかして……
秀隆
秀隆
ああ。ちょっとそのトラブルだ
ああ。ちょっとそのトラブルだ
まどか
まどか
どうしてそんな勝手なこと……
どうしてそんな勝手なこと……
秀隆
秀隆
お叱りは後で受ける。そのうえで話してることだ
お叱りは後で受ける。そのうえで話してることだ
まどか
まどか
まったく……
まったく……
秀隆
秀隆
安心してほしい。今日のストーカー調査に関しては、中止にするつもりだ
安心してほしい。今日のストーカー調査に関しては、中止にするつもりだ
se机を強く叩く1
se机を強く叩く1
磯部
磯部
なんだそりゃ
なんだそりゃ
突然の申し入れに磯部くんが、ダンと机を叩いた。
突然の申し入れに磯部くんが、ダンと机を叩いた。
磯部
磯部
おまえがやれって言ってきたことだろ
おまえがやれって言ってきたことだろ
秀隆
秀隆
そうなんだけど、調査をしている場合じゃなくなったってことだ
そうなんだけど、調査をしている場合じゃなくなったってことだ
まどか
まどか
話の経緯が飲み込めないわ。詳しく聞かせてくれる？
話の経緯が飲み込めないわ。詳しく聞かせてくれる？
秀隆
秀隆
……昨日、うちに差出人不明の小包が届きました。
……昨日、うちに差出人不明の小包が届きました。
その中には、オレたちに対する警告文が添えられていたんです
その中には、オレたちに対する警告文が添えられていたんです
磯部
磯部
つまり、ストーカーからの、ってことか？
つまり、ストーカーからの、ってことか？
秀隆
秀隆
はい
はい
秀隆
秀隆
さらに、凛が泊まっているホテルの部屋にこれが仕掛けられていた
さらに、凛が泊まっているホテルの部屋にこれが仕掛けられていた
機能を停止している小型カメラを置く。
機能を停止している小型カメラを置く。
まどか
まどか
ちょ、ちょっと本当なのそれ
ちょ、ちょっと本当なのそれ
オレが頷くとまどかは首を振って立ちあがった。
オレが頷くとまどかは首を振って立ちあがった。
まどか
まどか
警察に連絡しましょう。やっぱり危険よ。
警察に連絡しましょう。やっぱり危険よ。
島津くんたちが調査してるってバレたってことじゃない
島津くんたちが調査してるってバレたってことじゃない
秀隆
秀隆
調査に気づいたというよりは、
調査に気づいたというよりは、
凛に近づこうとする害虫として警戒されたってところですね
凛に近づこうとする害虫として警戒されたってところですね
まどか
まどか
同じことよ。被害が拡大する前に手を打ちましょう。
同じことよ。被害が拡大する前に手を打ちましょう。
この証拠があれば犯人が特定できるかも
この証拠があれば犯人が特定できるかも
磯部
磯部
そうだな……確かにまずい気がする
そうだな……確かにまずい気がする
秀隆
秀隆
いえそれは待ってください
いえそれは待ってください
磯部
磯部
これ以上放置すれば、俺たちにまで被害が及ぶ可能性がある
これ以上放置すれば、俺たちにまで被害が及ぶ可能性がある
秀隆
秀隆
それは分かります。だから、いったん中止にして欲しいんです
それは分かります。だから、いったん中止にして欲しいんです
まどか
まどか
凛さんが警察への通報を嫌がってるのは分かってるわ。
凛さんが警察への通報を嫌がってるのは分かってるわ。
だけど、さすがに私も黙っていることは出来ない
だけど、さすがに私も黙っていることは出来ない
秀隆
秀隆
この小型カメラは見つけられる覚悟で仕掛けたとしか思えない。
この小型カメラは見つけられる覚悟で仕掛けたとしか思えない。
だから、このカメラや小包から、犯人が特定できる保証はありません
だから、このカメラや小包から、犯人が特定できる保証はありません
まどか
まどか
だからって……
だからって……
秀隆
秀隆
今日１日だけ、待っていただけませんか。警察への通報を
今日１日だけ、待っていただけませんか。警察への通報を
まどか
まどか
１日待っただけで、解決できるとでも言うつもり？
１日待っただけで、解決できるとでも言うつもり？
秀隆
秀隆
厳密には……半日です。半日だけ待って欲しい
厳密には……半日です。半日だけ待って欲しい
オレは二人の目を交互に見た。
オレは二人の目を交互に見た。
秀隆
秀隆
もはや、警察の介入無しにこの事件を解決することは出来ません
もはや、警察の介入無しにこの事件を解決することは出来ません
秀隆
秀隆
ここまでの犯罪を繰り返した犯人に対して、
ここまでの犯罪を繰り返した犯人に対して、
ただ話をし反省を促すだけ、と言うのは到底無理な話ですし、
ただ話をし反省を促すだけ、と言うのは到底無理な話ですし、
そもそも、許していいことじゃありませんから
そもそも、許していいことじゃありませんから
秀隆
秀隆
ですが、今すぐ警察に連絡をしてこの証拠を提出しても、
ですが、今すぐ警察に連絡をしてこの証拠を提出しても、
すぐ犯人を割り出せるわけじゃないですし、
すぐ犯人を割り出せるわけじゃないですし、
警察に連絡したことが知られれば、凛が危険に晒されます
警察に連絡したことが知られれば、凛が危険に晒されます
秀隆
秀隆
それどころか、警察に連絡したことが知れた場合、
それどころか、警察に連絡したことが知れた場合、
持っている盗撮の証拠を処分してしまう恐れもある
持っている盗撮の証拠を処分してしまう恐れもある
秀隆
秀隆
……少し乱暴な手段ですが、犯人を捕まえる方法があります
……少し乱暴な手段ですが、犯人を捕まえる方法があります
まどか
まどか
乱暴って……プランを聞かせて。そうでなければ納得できない
乱暴って……プランを聞かせて。そうでなければ納得できない
まどか
まどか
また、危険なことなんでしょ？
また、危険なことなんでしょ？
秀隆
秀隆
……ああ
……ああ
磯部
磯部
認められるわけないだろうが、そんなことが
認められるわけないだろうが、そんなことが
磯部
磯部
プロジェクトに巻き込んでおいて、
プロジェクトに巻き込んでおいて、
勝手に危険な何かをしようとしてる？　ふざけるなっ
勝手に危険な何かをしようとしてる？　ふざけるなっ
秀隆
秀隆
それがベストだと判断したからです
それがベストだと判断したからです
秀隆
秀隆
このプロジェクトのリーダーはオレです。
このプロジェクトのリーダーはオレです。
すべての最終決定権はオレにあります
すべての最終決定権はオレにあります
まどかは、じっとオレの目を見つめていた。
まどかは、じっとオレの目を見つめていた。
秀隆
秀隆
頼む。オレにやらせてくれないか
頼む。オレにやらせてくれないか
まどか
まどか
…………
…………
磯部
磯部
新入りのおまえに、何の判断が出来るってんだ！
新入りのおまえに、何の判断が出来るってんだ！
磯部
磯部
食糧プラントの件みたく、勝手な行動を取るのは許可しない！
食糧プラントの件みたく、勝手な行動を取るのは許可しない！
まどか
まどか
これ以上は無駄よ、磯部くん
これ以上は無駄よ、磯部くん
磯部
磯部
…………
…………
磯部くんの抗議を止める。
磯部くんの抗議を止める。
まどか
まどか
彼はこう決めたら引かないタイプだから
彼はこう決めたら引かないタイプだから
磯部
磯部
……何もかも気に食わねぇな
……何もかも気に食わねぇな
秀隆
秀隆
すみません
すみません
まどか
まどか
今日一日だけよ。それで解決できなかったら、上に話すわ
今日一日だけよ。それで解決できなかったら、上に話すわ
秀隆
秀隆
分かった、約束する
分かった、約束する
まどか
まどか
…………
…………
まどかは小さく頷く。
まどかは小さく頷く。
磯部くんはまだ納得が行っていないのか、
磯部くんはまだ納得が行っていないのか、
ジッとオレをにらみつけた後、視線を逸らした。
ジッとオレをにらみつけた後、視線を逸らした。
秀隆
秀隆
二人には今からオレの考えを話します
二人には今からオレの考えを話します
se特務室の扉開閉音
se特務室の扉開閉音
秀隆
秀隆
失礼します
失礼します
唐沢
唐沢
やぁ島津くん。今日はどうしたんだい？
やぁ島津くん。今日はどうしたんだい？
仕事をしていたのか、唐沢さんは机の上でペンを握り手を動かしていた。
仕事をしていたのか、唐沢さんは机の上でペンを握り手を動かしていた。
秀隆
秀隆
お忙しい中申し訳ありません
お忙しい中申し訳ありません
唐沢
唐沢
いや構わないよ
いや構わないよ
にっこりと笑い、嫌な顔一つせずオレを迎え入れてくれる。
にっこりと笑い、嫌な顔一つせずオレを迎え入れてくれる。
秀隆
秀隆
急なお話なのですが、１つお願いがありまして
急なお話なのですが、１つお願いがありまして
秀隆
秀隆
本日、自分と磯部くんにドリームタウンに向かう許可をいただけませんか？
本日、自分と磯部くんにドリームタウンに向かう許可をいただけませんか？
唐沢
唐沢
ドリームタウンに？
ドリームタウンに？
ピタリと、唐沢さんの動きが止まる。
ピタリと、唐沢さんの動きが止まる。
秀隆
秀隆
例のＣＭ交渉で、どうしても必要なことなのです
例のＣＭ交渉で、どうしても必要なことなのです
唐沢
唐沢
ふむ……
ふむ……
唐沢
唐沢
本来ドリームタウンに行く手続きには、最低でも１日は必要だ
本来ドリームタウンに行く手続きには、最低でも１日は必要だ
唐沢
唐沢
それに、簡単に許可を出せるものでもないんだよ
それに、簡単に許可を出せるものでもないんだよ
秀隆
秀隆
それは承知しております。ですが、交渉を上手く運ぶために必要な措置なんです
それは承知しております。ですが、交渉を上手く運ぶために必要な措置なんです
唐沢
唐沢
……それで、ＣＭの件をまとめられる、と？
……それで、ＣＭの件をまとめられる、と？
秀隆
秀隆
自分はそう信じております
自分はそう信じております
唐沢
唐沢
そうか……そう言うのなら、僕は君を信じるしかないね
そうか……そう言うのなら、僕は君を信じるしかないね
唐沢
唐沢
でも、宿泊許可は出せない。今日のうちに戻ってくることが条件だ
でも、宿泊許可は出せない。今日のうちに戻ってくることが条件だ
唐沢
唐沢
それと、入ることの出来る施設も最低限に限られる。それでもいいかな？
それと、入ることの出来る施設も最低限に限られる。それでもいいかな？
秀隆
秀隆
問題ございません
問題ございません
唐沢
唐沢
よろしい。では、すぐに通行許可を取ろう
よろしい。では、すぐに通行許可を取ろう
秀隆
秀隆
あ、ありがとうございますっ
あ、ありがとうございますっ
唐沢
唐沢
吉報を待っているよ
吉報を待っているよ
秀隆
秀隆
はいっ
はいっ
説明を終えたオレは、テレビ局に向かうことにした。
説明を終えたオレは、テレビ局に向かうことにした。
凛は今日、６時に収録の仕事を終え、ドリームタウンに帰る。
凛は今日、６時に収録の仕事を終え、ドリームタウンに帰る。
時刻は既に５時３０分、急いだ方が良さそうだな。
時刻は既に５時３０分、急いだ方が良さそうだな。
秀隆
秀隆
よっ
よっ
凛
凛
あ、お疲れ秀隆。もう仕事は終わったの？
あ、お疲れ秀隆。もう仕事は終わったの？
秀隆
秀隆
ああ。ちょっと様子を見に来た
ああ。ちょっと様子を見に来た
凛
凛
分かってると思うけど、あたしすぐドリームタウンに帰るわよ？
分かってると思うけど、あたしすぐドリームタウンに帰るわよ？
秀隆
秀隆
そのことなんだが、ちょっといいか？
そのことなんだが、ちょっといいか？
凛
凛
なによ？
なによ？
オレはわざとらしく大きな素振りを見せ、凛を手招きした。
オレはわざとらしく大きな素振りを見せ、凛を手招きした。
そして、耳元にそっと囁く。
そして、耳元にそっと囁く。
秀隆
秀隆
実はオレも、ドリームタウンに行く用事が出来た
実はオレも、ドリームタウンに行く用事が出来た
凛
凛
そうなの？　って、何でそれが小声？
そうなの？　って、何でそれが小声？
秀隆
秀隆
まぁそう言うわけで、良ければ少しドリームタウンを案内してくれないか？
まぁそう言うわけで、良ければ少しドリームタウンを案内してくれないか？
凛
凛
まあ、ちょっとだけならいいけど……
まあ、ちょっとだけならいいけど……
秀隆
秀隆
いやぁ助かる！　さすが凛だ！
いやぁ助かる！　さすが凛だ！
大きな声を出して、オレは満面の笑みを振りまいた。
大きな声を出して、オレは満面の笑みを振りまいた。
凛
凛
な、何よ気持ち悪いわね……
な、何よ気持ち悪いわね……
凛
凛
あーにしても、昨日は最悪だった。あ、金本との食事のことね
あーにしても、昨日は最悪だった。あ、金本との食事のことね
秀隆
秀隆
そう言えば、あの後どうだったんだよ
そう言えば、あの後どうだったんだよ
ずっと気にはなっていたが、例の盗撮の件ですっかり忘れてしまっていた。
ずっと気にはなっていたが、例の盗撮の件ですっかり忘れてしまっていた。
凛
凛
もうしつこいのなんの。食事が終わったあとはお酒勧められてさ
もうしつこいのなんの。食事が終わったあとはお酒勧められてさ
凛
凛
あんまりにしつこいから、一回だけエッチさせてあげたわよ
あんまりにしつこいから、一回だけエッチさせてあげたわよ
秀隆
秀隆
えっ！？
えっ！？
凛
凛
なによ
なによ
秀隆
秀隆
い、いや、そう言うこと、させるのか？
い、いや、そう言うこと、させるのか？
凛
凛
言ったでしょ、しつこいからだって。
言ったでしょ、しつこいからだって。
一回きりにしてくださいってことで折れることにしたの
一回きりにしてくださいってことで折れることにしたの
秀隆
秀隆
…………
…………
オレは心のどこかで、凛はそういうことをしないと思っていた。
オレは心のどこかで、凛はそういうことをしないと思っていた。
もちろん、どんなことをしてもそれは凛の自由だが……。
もちろん、どんなことをしてもそれは凛の自由だが……。
秀隆
秀隆
そう、なのか……
そう、なのか……
正直、少しショックだ。
正直、少しショックだ。
凛
凛
……プッ
……プッ
真顔だった凛の顔が、笑みに歪む。
真顔だった凛の顔が、笑みに歪む。
凛
凛
あははははは！　んなの冗談に決まってるじゃない！
あははははは！　んなの冗談に決まってるじゃない！
se背中をバシバシ叩かれる
se背中をバシバシ叩かれる
そしてバシバシとオレの背中を叩いた。
そしてバシバシとオレの背中を叩いた。
凛
凛
あんなキモ親父にヤらせたりしないっての
あんなキモ親父にヤらせたりしないっての
秀隆
秀隆
冗談かよ！　芸能界の暗い部分を見たと思ってショック受けたわ！
冗談かよ！　芸能界の暗い部分を見たと思ってショック受けたわ！
凛
凛
まー……中にはヤらせちゃう子がいるのも事実だけどねぇ
まー……中にはヤらせちゃう子がいるのも事実だけどねぇ
秀隆
秀隆
例えば――やめとこう
例えば――やめとこう
凛
凛
知らない方がいいこともあるわね
知らない方がいいこともあるわね
恐ろしき芸能界。
恐ろしき芸能界。
秀隆
秀隆
おお、これが……
おお、これが……
凛
凛
あんたは初めてなんだっけ
あんたは初めてなんだっけ
秀隆
秀隆
ああ……ドリームタウンに行くのは、正真正銘の初めてだ
ああ……ドリームタウンに行くのは、正真正銘の初めてだ
凛
凛
とりあえず適当に座るわよ
とりあえず適当に座るわよ
秀隆
秀隆
思ってた以上に人がいるんだな
思ってた以上に人がいるんだな
街を行き来できる人間はごく僅かだが、
街を行き来できる人間はごく僅かだが、
車内の半分以上は人が座っている。
車内の半分以上は人が座っている。
凛
凛
財界人や、経営者が殆どね
財界人や、経営者が殆どね
秀隆
秀隆
なるほどな
なるほどな
日々、街を行き来して儲け話を探しているというところだろう。
日々、街を行き来して儲け話を探しているというところだろう。
オレは凛と日常会話をしながら、
オレは凛と日常会話をしながら、
持ち込んでいた紙の一枚を、すっと凛に見せた。
持ち込んでいた紙の一枚を、すっと凛に見せた。
凛
凛
？
？
凛が首を傾げ、その紙に目を通す。
凛が首を傾げ、その紙に目を通す。
この紙の存在には触れず、黙って聞いて欲しい
この紙の存在には触れず、黙って聞いて欲しい
凛
凛
…………
…………
でも、いつものように日常会話を続けて欲しい
でも、いつものように日常会話を続けて欲しい
seめくる (1
seめくる (1
ペラペラと、用意しておいた紙をめくってみせる。
ペラペラと、用意しておいた紙をめくってみせる。
凛は目で小さく頷いた。
凛は目で小さく頷いた。
秀隆
秀隆
どれくらいで着くんだっけか、ドリームタウン
どれくらいで着くんだっけか、ドリームタウン
凛
凛
２０分くらいね
２０分くらいね
秀隆
秀隆
結構早いんだな。もっとゆっくり楽しみたいのに
結構早いんだな。もっとゆっくり楽しみたいのに
ストーカーの目星がついた
ストーカーの目星がついた
その一文を見せた瞬間、凛は驚きの表情を見せたが……。
その一文を見せた瞬間、凛は驚きの表情を見せたが……。
凛
凛
楽しむもなにも、景色らしい景色なんてないけどね
楽しむもなにも、景色らしい景色なんてないけどね
ごく自然に会話を続けてくれた。
ごく自然に会話を続けてくれた。
さすがに、こう言う演技はお手の物って感じだ。
さすがに、こう言う演技はお手の物って感じだ。
その後もオレは、自らの用意した紙をめくり、
その後もオレは、自らの用意した紙をめくり、
掴んだ話を全て凛へと伝えた。
掴んだ話を全て凛へと伝えた。
凛
凛
…………
…………
本当なの？　と言いたげな顔だ。
本当なの？　と言いたげな顔だ。
オレは深く強く頷き、可能性の高さを指摘する。
オレは深く強く頷き、可能性の高さを指摘する。
そして次の一文を見せた。
そして次の一文を見せた。
凛に、覚悟はあるか？』と。
凛に、覚悟はあるか？』と。
凛は力強い瞳でオレを見つめる。
凛は力強い瞳でオレを見つめる。
決意は固い。
決意は固い。
だけど、それを本当の意味で確かめるには、
だけど、それを本当の意味で確かめるには、
もう一枚の紙を見せなければならない。
もう一枚の紙を見せなければならない。
オレはゆっくりと、最後の一枚をめくった。
オレはゆっくりと、最後の一枚をめくった。
凛の表情が驚きに変わる。
凛の表情が驚きに変わる。
凛
凛
カジノとか行ってみる？
カジノとか行ってみる？
それでも、凛は表面上冷静さを保っていた。
それでも、凛は表面上冷静さを保っていた。
秀隆
秀隆
残念だが、仕事があるんだよ。カジノはお預けだ
残念だが、仕事があるんだよ。カジノはお預けだ
凛はオレから紙を受け取ると、そこにサラサラと文字を書いた。
凛はオレから紙を受け取ると、そこにサラサラと文字を書いた。
これから、あたしの言うお願いを聞いて欲しい
これから、あたしの言うお願いを聞いて欲しい
ドリームタウンに着くまでの間、
ドリームタウンに着くまでの間、
凛は何度も、詳細にそのことをオレへと説明してきた。
凛は何度も、詳細にそのことをオレへと説明してきた。
秀隆
秀隆
ここが……
ここが……
初めて踏み入れるドリームタウンの地。
初めて踏み入れるドリームタウンの地。
本当なら興奮して、あちこち見渡したいところだ。
本当なら興奮して、あちこち見渡したいところだ。
でも、今はそんなことをしている場合じゃない。
でも、今はそんなことをしている場合じゃない。
凛
凛
それでどこに行きたいの？
それでどこに行きたいの？
秀隆
秀隆
今から、ちょっとだけ凛の家に行くわけにはいかないか？
今から、ちょっとだけ凛の家に行くわけにはいかないか？
凛
凛
は？　突然何よ
は？　突然何よ
秀隆
秀隆
いや、この間はオレの家に来ただろ？
いや、この間はオレの家に来ただろ？
だから、オレも凛の家を見てみたいなと思って
だから、オレも凛の家を見てみたいなと思って
凛
凛
…………
…………
さすがに無理があったか、凛は怪訝そうな顔を見せる。
さすがに無理があったか、凛は怪訝そうな顔を見せる。
凛
凛
あんた何言ってるか分かってるわけ？
あんた何言ってるか分かってるわけ？
あたしたちは恋人同士のフリをしてるだけなのよ？
あたしたちは恋人同士のフリをしてるだけなのよ？
秀隆
秀隆
もちろん分かってるって。オレが何かするとでも？
もちろん分かってるって。オレが何かするとでも？
凛
凛
悪いけど、下心しか感じない……！
悪いけど、下心しか感じない……！
秀隆
秀隆
断じて違う
断じて違う
凛
凛
嘘くさ……
嘘くさ……
秀隆
秀隆
本当だ
本当だ
凛
凛
…………
…………
秀隆
秀隆
何もしないと誓う
何もしないと誓う
凛
凛
男のそう言うセリフを信じるのは、バカだけよ
男のそう言うセリフを信じるのは、バカだけよ
凛
凛
でもま、あんたに襲う度胸なんてあるわけないか
でもま、あんたに襲う度胸なんてあるわけないか
悩んではいたようだが、凛は納得してくれたようだった。
悩んではいたようだが、凛は納得してくれたようだった。
凛
凛
少しだけよ？
少しだけよ？
秀隆
秀隆
ああっ！
ああっ！
凛
凛
……怖いくらいの笑みね
……怖いくらいの笑みね
秀隆
秀隆
アイドルの部屋に入れるなんて光栄だなあ！
アイドルの部屋に入れるなんて光栄だなあ！
秀隆
秀隆
おお……ここがアイドルの部屋か……
おお……ここがアイドルの部屋か……
凛
凛
女の子の部屋をじろじろ見渡さない。マイナスよ
女の子の部屋をじろじろ見渡さない。マイナスよ
秀隆
秀隆
悪い悪い
悪い悪い
と言いつつも、ついきょろきょろしてしまう。
と言いつつも、ついきょろきょろしてしまう。
秀隆
秀隆
一人暮らしなんだな
一人暮らしなんだな
凛
凛
両親とは別に暮らしてるの。夫婦水入らずで過ごしたいみたいで
両親とは別に暮らしてるの。夫婦水入らずで過ごしたいみたいで
秀隆
秀隆
ホープタウンじゃ、両親と別宅に住むのは特別な許可がいるからなあ
ホープタウンじゃ、両親と別宅に住むのは特別な許可がいるからなあ
凛
凛
そうなの？　じゃあマイホームとか持てないんだ
そうなの？　じゃあマイホームとか持てないんだ
秀隆
秀隆
例外はあるけど、基本的には無理だな
例外はあるけど、基本的には無理だな
凛
凛
へえ
へえ
秀隆
秀隆
金とか結構かかってそうだな
金とか結構かかってそうだな
家具なんかも、とても安物とは思えない。
家具なんかも、とても安物とは思えない。
凛
凛
秀隆のところだって、結構なもんじゃない？
秀隆のところだって、結構なもんじゃない？
秀隆
秀隆
前にも言ったが、うちは両親の忘れ形見みたいなところがある
前にも言ったが、うちは両親の忘れ形見みたいなところがある
凛
凛
不在なのはわかってたけど、亡くなってたんだ
不在なのはわかってたけど、亡くなってたんだ
秀隆
秀隆
ああ。オレが小さいころ、土地開拓の落盤事故でな
ああ。オレが小さいころ、土地開拓の落盤事故でな
凛
凛
お父さんもお母さんも？
お父さんもお母さんも？
秀隆
秀隆
二人ともだ。特務官だったんだよ
二人ともだ。特務官だったんだよ
凛
凛
へえ～。それで秀隆も特務官になろうと思ったの？
へえ～。それで秀隆も特務官になろうと思ったの？
秀隆
秀隆
え？
え？
凛
凛
特務官よ特務官
特務官よ特務官
秀隆
秀隆
あぁ。いや、そう言うわけじゃない。
あぁ。いや、そう言うわけじゃない。
両親が特務官だったのは知ってるが、働いてる様は知らないし
両親が特務官だったのは知ってるが、働いてる様は知らないし
凛
凛
じゃあどうして特務官になろうと思ったわけ？
じゃあどうして特務官になろうと思ったわけ？
秀隆
秀隆
別に、大したことじゃない。
別に、大したことじゃない。
なんとなくだよ、街のヒーローだしなあ
なんとなくだよ、街のヒーローだしなあ
凛
凛
嘘ね
嘘ね
秀隆
秀隆
……なんでだよ
……なんでだよ
凛
凛
あたしの洞察力。本当は何かあるんじゃないの？
あたしの洞察力。本当は何かあるんじゃないの？
秀隆
秀隆
ないない
ないない
凛
凛
もう、聞かせなさいよ
もう、聞かせなさいよ
se背中をバシバシ叩かれる
se背中をバシバシ叩かれる
凛はケラケラ笑いながら、オレの肩を叩いた。
凛はケラケラ笑いながら、オレの肩を叩いた。
秀隆
秀隆
ほんと、何でもないんだって
ほんと、何でもないんだって
凛
凛
言わなきゃ追い出すわよ？
言わなきゃ追い出すわよ？
秀隆
秀隆
おいおい……オレは本当に
おいおい……オレは本当に
オレは……。
オレは……。
秀隆
秀隆
…………
…………
記憶の中が、渦のようにうごめく。
記憶の中が、渦のようにうごめく。
se心臓の鼓動 (1
se心臓の鼓動 (1
心拍数が高鳴っていくのを感じる。
心拍数が高鳴っていくのを感じる。
凛
凛
秀隆？
秀隆？
秀隆
秀隆
わはははは！！
わはははは！！
凛
凛
な、なによ急に！？
な、なによ急に！？
オレは、その渦を消し飛ばすように声をあげた。
オレは、その渦を消し飛ばすように声をあげた。
秀隆
秀隆
いやー、なんか二人っきりって、緊張してきた！
いやー、なんか二人っきりって、緊張してきた！
凛
凛
はああ？　なによそれ
はああ？　なによそれ
秀隆
秀隆
ちょっとドキドキするよな。部屋の中に二人だけだと
ちょっとドキドキするよな。部屋の中に二人だけだと
凛
凛
何よ、あたしに変なことでもするつもり？
何よ、あたしに変なことでもするつもり？
秀隆
秀隆
…………
…………
オレは、ジッと凛の顔を見つめた。
オレは、ジッと凛の顔を見つめた。
凛
凛
な、なに？
な、なに？
秀隆
秀隆
もし、変なことするつもりだって言ったら、どうする？
もし、変なことするつもりだって言ったら、どうする？
凛
凛
……嘘でしょ？
……嘘でしょ？
秀隆
秀隆
この際だから、言いたかったことを言ってもいいか？
この際だから、言いたかったことを言ってもいいか？
凛
凛
なによ……
なによ……
秀隆
秀隆
ぶっちゃけると、その……
ぶっちゃけると、その……
秀隆
秀隆
オレ、おまえのこと好きだ
オレ、おまえのこと好きだ
秀隆
秀隆
すげえ好きだ
すげえ好きだ
凛
凛
は……はぁっ！？　ちょ、何前触れもなく言ってんのよ！
は……はぁっ！？　ちょ、何前触れもなく言ってんのよ！
秀隆
秀隆
なんか、今伝えたくなったんだよ
なんか、今伝えたくなったんだよ
凛
凛
いい、いきなりすぎるし！　あたしたち、知り合ったばっかよ！？
いい、いきなりすぎるし！　あたしたち、知り合ったばっかよ！？
秀隆
秀隆
好きになるのに時間なんて関係ないだろ
好きになるのに時間なんて関係ないだろ
凛
凛
なっ
なっ
秀隆
秀隆
よかったら、オレと付き合ってくれないか？
よかったら、オレと付き合ってくれないか？
凛
凛
そんなの、急に言われたって……無理無理！
そんなの、急に言われたって……無理無理！
秀隆
秀隆
なら、考えてくれてもいい。待つさ
なら、考えてくれてもいい。待つさ
凛
凛
う、でも……
う、でも……
秀隆
秀隆
凛はオレのこと嫌いか？
凛はオレのこと嫌いか？
凛
凛
嫌いとかそういうことじゃなくって……
嫌いとかそういうことじゃなくって……
se着信（共通
se着信（共通
凛
凛
あ……事務所の社長からだ……
あ……事務所の社長からだ……
凛
凛
ごめ、ちょっと電話してくるね
ごめ、ちょっと電話してくるね
秀隆
秀隆
おう
おう
凛は携帯を掴むと、奥の部屋へと消えていった。
凛は携帯を掴むと、奥の部屋へと消えていった。
秀隆
秀隆
ふぅ……勢いで告白しちゃったけど……
ふぅ……勢いで告白しちゃったけど……
秀隆
秀隆
まあ、あの手ごたえだと、多分凛は落ちるかな？
まあ、あの手ごたえだと、多分凛は落ちるかな？
秀隆
秀隆
後はちょっと強引に押し倒してハメてしまえば、ってか？
後はちょっと強引に押し倒してハメてしまえば、ってか？
秀隆
秀隆
飽きるなり重たくなれば、捨てればいいだけのことだしな
飽きるなり重たくなれば、捨てればいいだけのことだしな
にやりと笑う。
にやりと笑う。
しばらくして、凛が戻ってきた。
しばらくして、凛が戻ってきた。
秀隆
秀隆
電話、大丈夫だったか？
電話、大丈夫だったか？
凛
凛
え、ええ……それで、さっきの話、なんだけど……
え、ええ……それで、さっきの話、なんだけど……
秀隆
秀隆
答え急がなくてもいいんだぜ？
答え急がなくてもいいんだぜ？
凛
凛
ううん、今言うわ……
ううん、今言うわ……
凛
凛
あた、あたしも、その……あんたのこと嫌いじゃないし
あた、あたしも、その……あんたのこと嫌いじゃないし
凛は頬を赤らめながら、かわいらしい表情で言った。
凛は頬を赤らめながら、かわいらしい表情で言った。
凛
凛
いいわよ、付き合って、も……
いいわよ、付き合って、も……
秀隆
秀隆
ほ、本当か！？
ほ、本当か！？
凛
凛
え、ええ。でも、絶対に他の人には内緒だからね！
え、ええ。でも、絶対に他の人には内緒だからね！
秀隆
秀隆
ああ。約束する！
ああ。約束する！
凛
凛
うん……
うん……
秀隆
秀隆
いや、まじか、これ夢なんかじゃないんだよな？
いや、まじか、これ夢なんかじゃないんだよな？
凛
凛
そうよ。ふ、ふん、光栄でしょ？　あたしと付き合えるなんて
そうよ。ふ、ふん、光栄でしょ？　あたしと付き合えるなんて
秀隆
秀隆
すげぇうれしいよ
すげぇうれしいよ
オレは凛と見つめあう。
オレは凛と見つめあう。
いつもとは違う、凛の態度。
いつもとは違う、凛の態度。
強気なしぐさとは違うしおらしさが可愛らしいと思った。
強気なしぐさとは違うしおらしさが可愛らしいと思った。
秀隆
秀隆
その、だな……テレ、るな
その、だな……テレ、るな
凛
凛
うん……
うん……
秀隆
秀隆
…………
…………
凛
凛
…………
…………
秀隆
秀隆
隣、座ってもいいか？
隣、座ってもいいか？
凛
凛
いい、けど……
いい、けど……
オレは、ちょっと強引に凛の隣に腰を下ろした。
オレは、ちょっと強引に凛の隣に腰を下ろした。
秀隆
秀隆
ほら、こうして、２人きりになれるチャンスなんて、そうないし
ほら、こうして、２人きりになれるチャンスなんて、そうないし
凛
凛
それはそうだけどさ……
それはそうだけどさ……
秀隆
秀隆
キス、しちゃだめか？
キス、しちゃだめか？
凛
凛
告白したその場でキスって、それ無茶すぎ……
告白したその場でキスって、それ無茶すぎ……
秀隆
秀隆
男は、割とそういうものなんだよ。その証がほしいっていうか
男は、割とそういうものなんだよ。その証がほしいっていうか
秀隆
秀隆
なあ凛……
なあ凛……
凛
凛
だめだってば、ステップがあるでしょ
だめだってば、ステップがあるでしょ
秀隆
秀隆
明日には振られちゃうかもしれないんだ。オレは今凛とキスがしたい
明日には振られちゃうかもしれないんだ。オレは今凛とキスがしたい
凛
凛
……もう……
……もう……
凛
凛
……キスだけって、約束できる？
……キスだけって、約束できる？
秀隆
秀隆
もちろん
もちろん
凛
凛
じゃあ……いいわよ……でも、ほんとにキスだけだからね？
じゃあ……いいわよ……でも、ほんとにキスだけだからね？
秀隆
秀隆
わかってるって
わかってるって
オレは、凛の肩をそっと持つ。
オレは、凛の肩をそっと持つ。
凛は静かに瞳を閉じた。
凛は静かに瞳を閉じた。
オレと凛の唇が近づいていく。
オレと凛の唇が近づいていく。
秀隆
秀隆
うおっ！？
うおっ！？
思わぬチャイムに、驚いて飛びのく。
思わぬチャイムに、驚いて飛びのく。
凛
凛
だ、誰だろ？
だ、誰だろ？
凛はソファーから立ち上がると、玄関の画面を確認する。
凛はソファーから立ち上がると、玄関の画面を確認する。
凛
凛
あ
あ
そして、見知った顔だったのか、玄関の施錠を解除した。
そして、見知った顔だったのか、玄関の施錠を解除した。
凛
凛
ごめ、つぼっちだ。出なきゃ
ごめ、つぼっちだ。出なきゃ
秀隆
秀隆
そ、そうか。それは仕方ないな
そ、そうか。それは仕方ないな
凛が玄関へと向かった。
凛が玄関へと向かった。
オレはソファーの上に座ったまま、静かに来客が帰るのを待つ。
オレはソファーの上に座ったまま、静かに来客が帰るのを待つ。
坪倉
坪倉
凛、いるかい？
凛、いるかい？
緊迫感の欠片もない、のんびりとした声。
緊迫感の欠片もない、のんびりとした声。
凛
凛
つぼっち、どうしたの？
つぼっち、どうしたの？
坪倉
坪倉
急にごめんね。明日のスケジュールに変更があってさ
急にごめんね。明日のスケジュールに変更があってさ
坪倉
坪倉
朝一だから慌てて携帯鳴らしたんだけど、繋がらなかったから
朝一だから慌てて携帯鳴らしたんだけど、繋がらなかったから
凛
凛
あ、ごめ。充電が切れたのかも
あ、ごめ。充電が切れたのかも
坪倉
坪倉
ちょっと入ってもいいかい？
ちょっと入ってもいいかい？
凛
凛
あーえっと、その……今はちょっと……
あーえっと、その……今はちょっと……
坪倉
坪倉
あれ、この靴―――男がいるのっ！？
あれ、この靴―――男がいるのっ！？
凛
凛
あは、あはは……
あは、あはは……
そして―――坪倉マネージャーが入ってきた。
そして―――坪倉マネージャーが入ってきた。
秀隆
秀隆
…………
…………
坪倉
坪倉
島津さん！？　な、何やってるんですか！　凛の家で！
島津さん！？　な、何やってるんですか！　凛の家で！
秀隆
秀隆
あ、いや、そのっ―――！
あ、いや、そのっ―――！
慌てて立ち上がり弁明を図ろうとするが、
慌てて立ち上がり弁明を図ろうとするが、
坪倉マネージャーは怒り心頭でそれをさせてくれなかった。
坪倉マネージャーは怒り心頭でそれをさせてくれなかった。
坪倉
坪倉
島津さん、あなた、自分が何をしているか分かってるんですかっ？
島津さん、あなた、自分が何をしているか分かってるんですかっ？
アイドルの家に入るなんて、不用意すぎます！
アイドルの家に入るなんて、不用意すぎます！
秀隆
秀隆
す、すいません。その、ＣＭの件で話がありまして
す、すいません。その、ＣＭの件で話がありまして
坪倉
坪倉
だとしても、これはマネージャーとして見過ごせない
だとしても、これはマネージャーとして見過ごせない
凛
凛
ごめん坪っち。入れたのはあたしだから
ごめん坪っち。入れたのはあたしだから
坪倉
坪倉
これ以上は、本当に凛の芸能活動に支障をきたします
これ以上は、本当に凛の芸能活動に支障をきたします
秀隆
秀隆
すみませんでした……
すみませんでした……
坪倉マネージャーは振り返ると、怒気を含んだ声でオレに口を開いた。
坪倉マネージャーは振り返ると、怒気を含んだ声でオレに口を開いた。
坪倉
坪倉
凛はあなたを信用していました。
凛はあなたを信用していました。
だから僕は、何も言わずあなたと行動することを許可したんです
だから僕は、何も言わずあなたと行動することを許可したんです
坪倉
坪倉
見損ないましたよ、特務官を
見損ないましたよ、特務官を
秀隆
秀隆
…………
…………
坪倉
坪倉
島津さんは、僕とすぐここを出ましょう。
島津さんは、僕とすぐここを出ましょう。
誰かにこのことをスクープされてしまう前に。さあ、早く
誰かにこのことをスクープされてしまう前に。さあ、早く
秀隆
秀隆
すみませんでした……
すみませんでした……
坪倉
坪倉
もう、不用意に凛と関わらないでください
もう、不用意に凛と関わらないでください
秀隆
秀隆
はい……すみませんでした
はい……すみませんでした
坪倉
坪倉
本当に反省しているんですか？
本当に反省しているんですか？
秀隆
秀隆
もちろんです
もちろんです
オレは、深々と坪倉マネージャーに頭を下げた。
オレは、深々と坪倉マネージャーに頭を下げた。
坪倉
坪倉
僕は凛との打ち合わせがあるので戻りますが、
僕は凛との打ち合わせがあるので戻りますが、
とにかく、島津さんはすぐホープタウンに帰ってください
とにかく、島津さんはすぐホープタウンに帰ってください
秀隆
秀隆
分かりました
分かりました
秀隆
秀隆
失礼します……
失礼します……
そしてステーションへと重い足取りを向けた。
そしてステーションへと重い足取りを向けた。
坪倉
坪倉
島津さんは帰ったよ
島津さんは帰ったよ
凛
凛
そ……
そ……
凛はソファーで足を持って座っていた。
凛はソファーで足を持って座っていた。
坪倉は神妙な面持ちで話しかける。
坪倉は神妙な面持ちで話しかける。
坪倉
坪倉
最近の行動は君らしくないな。どうも不用心すぎる
最近の行動は君らしくないな。どうも不用心すぎる
凛
凛
ごめん
ごめん
坪倉
坪倉
謝る必要は無いけど、だけどどうしてなんだい？
謝る必要は無いけど、だけどどうしてなんだい？
坪倉
坪倉
君は隙を見せるような子じゃなかったはずだ。
君は隙を見せるような子じゃなかったはずだ。
例え誤解でも、スキャンダルが公表されたら、全ておしまいなんだよ？
例え誤解でも、スキャンダルが公表されたら、全ておしまいなんだよ？
凛
凛
……つぼっちにだから言うけど、さ
……つぼっちにだから言うけど、さ
坪倉
坪倉
ん？
ん？
凛
凛
あたし、秀隆のこと、好きになっちゃったみたい
あたし、秀隆のこと、好きになっちゃったみたい
坪倉
坪倉
……え、えっ！？
……え、えっ！？
凛
凛
なんか、抑えられないのよ、気持ちが
なんか、抑えられないのよ、気持ちが
坪倉
坪倉
ちょ、ちょっと待つんだ凛。君は何を言ってるんだ！？
ちょ、ちょっと待つんだ凛。君は何を言ってるんだ！？
坪倉
坪倉
アイドルに恋愛がご法度なのは知ってるだろ？
アイドルに恋愛がご法度なのは知ってるだろ？
もし、そんな話が外部に漏れたら、君は破滅だ！
もし、そんな話が外部に漏れたら、君は破滅だ！
凛
凛
そこは、上手く付き合っていくから
そこは、上手く付き合っていくから
坪倉
坪倉
簡単な話じゃない。君だって多くの芸能人を見てきただろう？
簡単な話じゃない。君だって多くの芸能人を見てきただろう？
そう言う噂はすぐに嗅ぎつけられ、見つかってしまうものなんだ
そう言う噂はすぐに嗅ぎつけられ、見つかってしまうものなんだ
坪倉
坪倉
情報が漏れるのは外部からとは限らない。
情報が漏れるのは外部からとは限らない。
君を陥れようとしているライバルから漏れることだってある
君を陥れようとしているライバルから漏れることだってある
凛
凛
分かってる、分かってるけど……
分かってる、分かってるけど……
凛
凛
好きになっちゃったものは、仕方ないじゃないっ
好きになっちゃったものは、仕方ないじゃないっ
坪倉
坪倉
それは―――最悪アイドルを辞めることになっても、かい？
それは―――最悪アイドルを辞めることになっても、かい？
凛
凛
……それは……
……それは……
坪倉
坪倉
もしまだ島津さんとの間に何もないなら、諦めるべきだ。
もしまだ島津さんとの間に何もないなら、諦めるべきだ。
君はアイドルとして駆け上がっていくと決めた。そうだよね？
君はアイドルとして駆け上がっていくと決めた。そうだよね？
凛
凛
ごめん……
ごめん……
坪倉
坪倉
いいんだよ、わかってくれたら
いいんだよ、わかってくれたら
凛
凛
そうじゃないの……あたし、秀隆を諦められない
そうじゃないの……あたし、秀隆を諦められない
坪倉
坪倉
っ！？
っ！？
凛
凛
あたしは、秀隆と付き合っていく
あたしは、秀隆と付き合っていく
坪倉
坪倉
…………
…………
凛
凛
その気持ちだけは、絶対に変わらないから
その気持ちだけは、絶対に変わらないから
坪倉
坪倉
そうか……
そうか……
凛
凛
つぼっちには悪いと思ってる。
つぼっちには悪いと思ってる。
ずっと、あたしのマネージャーとして頑張ってくれてるのに
ずっと、あたしのマネージャーとして頑張ってくれてるのに
凛
凛
だけど、アイドルとしても、あたし全力で
だけど、アイドルとしても、あたし全力で
se平手うち (3
se平手うち (3
凛
凛
っ！
っ！
坪倉
坪倉
無理に決まってるだろ
無理に決まってるだろ
凛
凛
つ、つぼっち！？
つ、つぼっち！？
坪倉
坪倉
いつから、そんな軽い女になったんだ、凛は
いつから、そんな軽い女になったんだ、凛は
凛
凛
あたしは、真剣に！
あたしは、真剣に！
坪倉
坪倉
ふざけるな！
ふざけるな！
se平手うち (4
se平手うち (4
凛
凛
った！
った！
二度平手を打ち、凛はソファーに押し倒された。
二度平手を打ち、凛はソファーに押し倒された。
坪倉
坪倉
好きになった？　真剣？　そんなもの、認められるわけが無いっ
好きになった？　真剣？　そんなもの、認められるわけが無いっ
坪倉
坪倉
なんでよりにもよってあんなチャラチャラした男なんだ
なんでよりにもよってあんなチャラチャラした男なんだ
凛
凛
す、好きになっちゃったものは仕方ないじゃない……。
す、好きになっちゃったものは仕方ないじゃない……。
つぼっちが怒るのはわかる。叩かれても仕方ないとは思ってる
つぼっちが怒るのはわかる。叩かれても仕方ないとは思ってる
坪倉
坪倉
僕の信頼を裏切ってでも、彼と付き合っていくと？
僕の信頼を裏切ってでも、彼と付き合っていくと？
凛
凛
それだけは、変わらない……
それだけは、変わらない……
坪倉
坪倉
そうか……
そうか……
坪倉は覚悟を決めたように、一度息を大きく吐いた。
坪倉は覚悟を決めたように、一度息を大きく吐いた。
se平手うち (1
se平手うち (1
三度目。
三度目。
今度は今までよりも遥かに強くほほを叩いた。
今度は今までよりも遥かに強くほほを叩いた。
坪倉
坪倉
こんなに早く事を起こすつもりはなかったけど、仕方がない……
こんなに早く事を起こすつもりはなかったけど、仕方がない……
坪倉
坪倉
これ以上引き伸ばせば、凛はあの男に手をつけられていただろうからな
これ以上引き伸ばせば、凛はあの男に手をつけられていただろうからな
凛
凛
な、何……を……
な、何……を……
坪倉
坪倉
凛、君の体は自分だけの物だと勘違いしてないか？
凛、君の体は自分だけの物だと勘違いしてないか？
坪倉
坪倉
おまえは僕のモノなんだよ！
おまえは僕のモノなんだよ！
凛
凛
な、何言ってんの？　ねえ……
な、何言ってんの？　ねえ……
坪倉
坪倉
そんなしおらしい顔をしてもだめだ、このメス豚が！
そんなしおらしい顔をしてもだめだ、このメス豚が！
se平手うち (2
se平手うち (2
凛
凛
くっ！
くっ！
坪倉
坪倉
だけど不幸中の幸いかな、まったく、間に合ってよかった。
だけど不幸中の幸いかな、まったく、間に合ってよかった。
僕が来なければ、凛の身体はあいつに穢されてしまっていたところだ
僕が来なければ、凛の身体はあいつに穢されてしまっていたところだ
坪倉
坪倉
僕が触る前に、他の誰かに触られるなんて、冗談じゃない
僕が触る前に、他の誰かに触られるなんて、冗談じゃない
凛
凛
つぼ
つぼ
seスタンガン (1
seスタンガン (1
凛
凛
あぐっ！！！
あぐっ！！！
坪倉
坪倉
護身用のスタンガンさ。この日のために用意しておいたんだ
護身用のスタンガンさ。この日のために用意しておいたんだ
坪倉は凛の上にのしかかると、スタンガンを首筋にあてがった。
坪倉は凛の上にのしかかると、スタンガンを首筋にあてがった。
坪倉
坪倉
騒げば、また電流を流すぞ？
騒げば、また電流を流すぞ？
凛
凛
や、やめてっ……なんで、こんなことっ……
や、やめてっ……なんで、こんなことっ……
坪倉
坪倉
凛は僕のモノだからさ
凛は僕のモノだからさ
そう言い、鞄から手錠を取り出す。
そう言い、鞄から手錠を取り出す。
坪倉
坪倉
これを両手にはめろ
これを両手にはめろ
凛
凛
いや……っ……
いや……っ……
seスタンガン (2
seスタンガン (2
坪倉
坪倉
はめろっ！
はめろっ！
凛
凛
っ！
っ！
se手錠 (1
se手錠 (1
凛は慌てたように、その手錠を自らの両手にはめる。
凛は慌てたように、その手錠を自らの両手にはめる。
坪倉
坪倉
よし。これで容易には逃げられなくなったわけだ
よし。これで容易には逃げられなくなったわけだ
坪倉はスタンガンを床に置くと、
坪倉はスタンガンを床に置くと、
空いたその両手で凛の胸に手を伸ばした。
空いたその両手で凛の胸に手を伸ばした。
凛
凛
なんで、なんでこんなことするの、つぼっち……！
なんで、なんでこんなことするの、つぼっち……！
坪倉
坪倉
もうわかってるだろ？　君をずっと見ていたのは僕さ。
もうわかってるだろ？　君をずっと見ていたのは僕さ。
まぁ、この僕の愛情をストーカー行為と言っていたのはショックだけどね
まぁ、この僕の愛情をストーカー行為と言っていたのはショックだけどね
凛
凛
そんな―――嘘よ……
そんな―――嘘よ……
坪倉
坪倉
本当さ。その証拠を今見せてあげよう
本当さ。その証拠を今見せてあげよう
坪倉は凛の上にまたがった。
坪倉は凛の上にまたがった。
凛
凛
いやっ！
いやっ！
坪倉
坪倉
くお、おおっ……これが、僕の夢見た、凛の胸……
くお、おおっ……これが、僕の夢見た、凛の胸……
坪倉は大きな凛の胸に手を這わせ、強く揉みしだく。
坪倉は大きな凛の胸に手を這わせ、強く揉みしだく。
坪倉
坪倉
あー、はーっ……はーっ！
あー、はーっ……はーっ！
凛
凛
や、やめ、なんで、いやぁっ！
や、やめ、なんで、いやぁっ！
坪倉
坪倉
すぐに気持ちよくなるから、心配することはなにもないんだ
すぐに気持ちよくなるから、心配することはなにもないんだ
凛
凛
どうして、なんで坪っちがこんなこと……
どうして、なんで坪っちがこんなこと……
坪倉
坪倉
どうして？　どうしてってどうしてだよ……
どうして？　どうしてってどうしてだよ……
坪倉
坪倉
凛が島津に色目を使うからいけないんだ。
凛が島津に色目を使うからいけないんだ。
あんな男に……淡い恋心なんて抱くのがいけないんだ
あんな男に……淡い恋心なんて抱くのがいけないんだ
坪倉
坪倉
僕は昔から、ずっとこうしていつか触れることを夢見ていたんだよ！
僕は昔から、ずっとこうしていつか触れることを夢見ていたんだよ！
坪倉
坪倉
ついに、ついに行動を起こしたぞっ……
ついに、ついに行動を起こしたぞっ……
僕の凛、凛、触れたかった、凛ッ
僕の凛、凛、触れたかった、凛ッ
坪倉は凛の肩を撫で、そして柔らかな胸へと再び手を伸ばした。
坪倉は凛の肩を撫で、そして柔らかな胸へと再び手を伸ばした。
何度も何度も、胸を揉みながら興奮した鼻息で騒ぐ。
何度も何度も、胸を揉みながら興奮した鼻息で騒ぐ。
坪倉
坪倉
初めてであった日、僕は君に一目ぼれしたんだ。
初めてであった日、僕は君に一目ぼれしたんだ。
最初は、傍に居られるだけで幸せだった。満足だった
最初は、傍に居られるだけで幸せだった。満足だった
坪倉
坪倉
でも気がつけば、君が欲しいと思うようになった。
でも気がつけば、君が欲しいと思うようになった。
何とか自分を抑えようと、最初はがんばっていたんだよ？
何とか自分を抑えようと、最初はがんばっていたんだよ？
坪倉
坪倉
凛の飲みかけのジュースを持ち帰って、
凛の飲みかけのジュースを持ち帰って、
それを飲みながらオナニーしたりしたっけなぁ
それを飲みながらオナニーしたりしたっけなぁ
坪倉
坪倉
でも、段々とそれじゃ自分を抑えられなくなって……
でも、段々とそれじゃ自分を抑えられなくなって……
坪倉
坪倉
僕なら君を幸せにしてあげられる。一生、大切にしてあげられるよ……
僕なら君を幸せにしてあげられる。一生、大切にしてあげられるよ……
凛
凛
ふ、ふざけんんじゃないわよ！　あたしは、あんたみたいなの大嫌い！
ふ、ふざけんんじゃないわよ！　あたしは、あんたみたいなの大嫌い！
坪倉
坪倉
っ！
っ！
se平手うち (5
se平手うち (5
凛
凛
くっ！
くっ！
坪倉
坪倉
生意気なことを言うな！　君を幸せに出来るのは僕だけだ！
生意気なことを言うな！　君を幸せに出来るのは僕だけだ！
坪倉
坪倉
俳優にまで色目使いやがって、僕が傷つかないとでも思ったのか！
俳優にまで色目使いやがって、僕が傷つかないとでも思ったのか！
坪倉
坪倉
特務官なんかに、恋心を抱きやがって、ふざけんな！
特務官なんかに、恋心を抱きやがって、ふざけんな！
se平手うち (1
se平手うち (1
凛
凛
あ、くっ……！
あ、くっ……！
坪倉
坪倉
ぬふふふふ、それに僕は知ってるんだよ？　君の全部を
ぬふふふふ、それに僕は知ってるんだよ？　君の全部を
坪倉
坪倉
だから凛は僕を受け入れるしかないんだ
だから凛は僕を受け入れるしかないんだ
凛
凛
な、なによ、全部って……！
な、なによ、全部って……！
坪倉
坪倉
何度か僕がこの部屋に上がりこんだことは知ってるよね？
何度か僕がこの部屋に上がりこんだことは知ってるよね？
もちろん、仕事の使いで来たって説明していたけれど。
もちろん、仕事の使いで来たって説明していたけれど。
凛が席を外している時に、たくさんカメラを仕掛けておいたんだ
凛が席を外している時に、たくさんカメラを仕掛けておいたんだ
凛
凛
う、嘘……
う、嘘……
坪倉
坪倉
本当さ。ず～～～～っと、見てたんだよ？
本当さ。ず～～～～っと、見てたんだよ？
坪倉
坪倉
凛の寝てる姿も、起きてる姿も、
凛の寝てる姿も、起きてる姿も、
トイレで用を足してる姿も……お風呂で身体を洗う姿も
トイレで用を足してる姿も……お風呂で身体を洗う姿も
凛
凛
うそ……嘘よ……
うそ……嘘よ……
坪倉
坪倉
ふふふふふ。そして、大切な記録として残してあるんだ。僕と凛のために
ふふふふふ。そして、大切な記録として残してあるんだ。僕と凛のために
坪倉
坪倉
もし凛が僕を訴えたら……僕はネットを通じて全部を公開する
もし凛が僕を訴えたら……僕はネットを通じて全部を公開する
坪倉
坪倉
君の寝息も、乳首の形も、オナニーしてる姿も、全部全部全部全部！
君の寝息も、乳首の形も、オナニーしてる姿も、全部全部全部全部！
坪倉
坪倉
あの島津って特務官にも、君の盗撮画像を１つプレゼントした。
あの島津って特務官にも、君の盗撮画像を１つプレゼントした。
下手に凛に近づけば、それを世間に公開すると脅してね
下手に凛に近づけば、それを世間に公開すると脅してね
凛
凛
嘘よ！
嘘よ！
坪倉
坪倉
きっと、君の裸を見て、夜中にオナニーでもしたんじゃないかな？
きっと、君の裸を見て、夜中にオナニーでもしたんじゃないかな？
坪倉
坪倉
あいつはゲスなヤリチン野郎だからねえ。
あいつはゲスなヤリチン野郎だからねえ。
まぁ凛をオカズにセンズリするのが、あいつの精いっぱいの楽しみさ。凛に触れようなんて１００年早い
まぁ凛をオカズにセンズリするのが、あいつの精いっぱいの楽しみさ。凛に触れようなんて１００年早い
凛
凛
…………っ
…………っ
坪倉
坪倉
さあ、１つになろう。そして、僕と毎日を過ごすんだ
さあ、１つになろう。そして、僕と毎日を過ごすんだ
坪倉
坪倉
事務所には、体調不良だと伝えよう。
事務所には、体調不良だと伝えよう。
１ヶ月も僕との生活を続ければ、きっと僕のことが好きになる
１ヶ月も僕との生活を続ければ、きっと僕のことが好きになる
凛
凛
……いや……
……いや……
凛
凛
こんなの、いや……
こんなの、いや……
凛
凛
あたしは……つぼっちのことが好きだった。
あたしは……つぼっちのことが好きだった。
誰よりも信頼してたし、頼れる人だと思ってた……
誰よりも信頼してたし、頼れる人だと思ってた……
坪倉
坪倉
その通りさ。それをこれから証明してみせるよ。
その通りさ。それをこれから証明してみせるよ。
君は僕を嫌いといったが、すぐ好きになるさ。好きと嫌いは表裏一体なんだ
君は僕を嫌いといったが、すぐ好きになるさ。好きと嫌いは表裏一体なんだ
坪倉は凛の服をまさぐり、凛のブラジャーを露出させる。
坪倉は凛の服をまさぐり、凛のブラジャーを露出させる。
坪倉
坪倉
ああ、最高だ……最高だよ凛
ああ、最高だ……最高だよ凛
そして、ブラの上から、ゆっくりゆっくりとその感触を味わう。
そして、ブラの上から、ゆっくりゆっくりとその感触を味わう。
凛
凛
やめて……お願いだから……正気に戻って……！
やめて……お願いだから……正気に戻って……！
坪倉
坪倉
どうして僕を受け入れようとしないんだい？
どうして僕を受け入れようとしないんだい？
僕は正気だし、凛もこうなることを心の底で望んでいたはずだ
僕は正気だし、凛もこうなることを心の底で望んでいたはずだ
凛
凛
あたしはこんなこと、一度も望んだことないっ！
あたしはこんなこと、一度も望んだことないっ！
坪倉
坪倉
自分を偽る必要はないんだよ。さぁ、僕とひとつになろう
自分を偽る必要はないんだよ。さぁ、僕とひとつになろう
凛
凛
嫌……
嫌……
凛
凛
あたしは、あんたに抱かれるなんて、死んでも嫌……！
あたしは、あんたに抱かれるなんて、死んでも嫌……！
坪倉
坪倉
なんだと……？　僕に抱かれるのが、嫌？
なんだと……？　僕に抱かれるのが、嫌？
坪倉
坪倉
あんな男に心を開きかけたくせに、
あんな男に心を開きかけたくせに、
僕を受け入れられないっていうのか！
僕を受け入れられないっていうのか！
se平手うち (1
se平手うち (1
坪倉
坪倉
どうして理解しない。どうして僕の気持ちを踏みにじる！
どうして理解しない。どうして僕の気持ちを踏みにじる！
坪倉
坪倉
僕のほうがこんなに想っているのに！
僕のほうがこんなに想っているのに！
坪倉
坪倉
……いいさ。体でわからせてあげるよ。僕のよさを
……いいさ。体でわからせてあげるよ。僕のよさを
そういうと、坪倉は自らのズボンに手をやる。
そういうと、坪倉は自らのズボンに手をやる。
そしてそこからそそり立つ自分のナニを取り出した。
そしてそこからそそり立つ自分のナニを取り出した。
坪倉
坪倉
どうかな、僕のチ○ポ？
どうかな、僕のチ○ポ？
凛は目を背け、瞳を閉じた。
凛は目を背け、瞳を閉じた。
坪倉
坪倉
おい、ちゃんと見てくれよ。なあ、ちゃんと見てくれよ！
おい、ちゃんと見てくれよ。なあ、ちゃんと見てくれよ！
凛の長い髪を掴み、顔を引き上げる。
凛の長い髪を掴み、顔を引き上げる。
そして、凛の眼前へとナニを持っていった。
そして、凛の眼前へとナニを持っていった。
坪倉
坪倉
ちゃんと僕のを見てくれよ。君を思ってこうなってるんだよ？
ちゃんと僕のを見てくれよ。君を思ってこうなってるんだよ？
凛
凛
…………
…………
だが、凛は目を閉じたまま一切見ようとはしない。
だが、凛は目を閉じたまま一切見ようとはしない。
坪倉
坪倉
そんな生意気が、いつまでも許されると思ってるのか？
そんな生意気が、いつまでも許されると思ってるのか？
坪倉
坪倉
ええおい、なあ？
ええおい、なあ？
se頬をパチッと叩かれる
se頬をパチッと叩かれる
ペシペシと、竿を凛の頬へと打ちつける。
ペシペシと、竿を凛の頬へと打ちつける。
だが、凛はその屈辱に黙って耐えていた。
だが、凛はその屈辱に黙って耐えていた。
坪倉
坪倉
まぁいいさ。どうせすぐ、凛はこれが愛おしいと感じるようになるさ
まぁいいさ。どうせすぐ、凛はこれが愛おしいと感じるようになるさ
坪倉は、凛のスカートに手を伸ばした。
坪倉は、凛のスカートに手を伸ばした。
凛
凛
もう……あたしたちの関係は、戻れない……ね……
もう……あたしたちの関係は、戻れない……ね……
坪倉
坪倉
戻るんじゃない、進むんだよ。僕と君がひとつになることでね
戻るんじゃない、進むんだよ。僕と君がひとつになることでね
凛
凛
あたしは……ギリギリまで、信じたかった……
あたしは……ギリギリまで、信じたかった……
凛
凛
どこかで、正気に戻ってくれると、いつものつぼっちに戻ってくれると信じていたかった……
どこかで、正気に戻ってくれると、いつものつぼっちに戻ってくれると信じていたかった……
凛
凛
こんなになっても、まだ元の関係に戻れるかもなんて……
こんなになっても、まだ元の関係に戻れるかもなんて……
凛
凛
でも、もういい……
でも、もういい……
坪倉
坪倉
ん？　どう言うことだ？　諦めて僕を受け入れる気になったのかい？
ん？　どう言うことだ？　諦めて僕を受け入れる気になったのかい？
凛
凛
……もう、いい……いいよ、秀隆……
……もう、いい……いいよ、秀隆……
坪倉
坪倉
ひでたかぁ？　まだあの特務官の名前を出すのか！
ひでたかぁ？　まだあの特務官の名前を出すのか！
se平手うち (5
se平手うち (5
凛
凛
最低の男よ、あんたは……
最低の男よ、あんたは……
坪倉
坪倉
口の利き方に気をつけなさい、凛
口の利き方に気をつけなさい、凛
se平手うち (1
se平手うち (1
坪倉
坪倉
今目の前にいるのは、君の夫となる男なんだぞ？
今目の前にいるのは、君の夫となる男なんだぞ？
凛
凛
反吐が出る……
反吐が出る……
坪倉
坪倉
凛っ！！
凛っ！！
se平手うち (2
se平手うち (2
坪倉
坪倉
今から、僕が女にしてやる。安心していいよ。僕も初めてだけど、一緒に頑張ろう
今から、僕が女にしてやる。安心していいよ。僕も初めてだけど、一緒に頑張ろう
坪倉
坪倉
そう、ぼくたちは神聖な儀式によって結ばれるんだ
そう、ぼくたちは神聖な儀式によって結ばれるんだ
凛
凛
何にも知らないのね、あんた……あたしが、いつまでも処女だと信じてるってこと？
何にも知らないのね、あんた……あたしが、いつまでも処女だと信じてるってこと？
坪倉
坪倉
あ、当たり前だ。君は一度も男を知らない
あ、当たり前だ。君は一度も男を知らない
凛
凛
あたしのこと知ってるようで、何も知らないのね。呆れた。
あたしのこと知ってるようで、何も知らないのね。呆れた。
それじゃそこらにいるアイドルオタクと何も変わらないじゃない
それじゃそこらにいるアイドルオタクと何も変わらないじゃない
坪倉
坪倉
虚勢を張っても無駄だよ。僕は君を小さい頃から知ってるんだ。
虚勢を張っても無駄だよ。僕は君を小さい頃から知ってるんだ。
この間の金本だって、君は誘われたけど断っていたじゃないか。
この間の金本だって、君は誘われたけど断っていたじゃないか。
もちろん、僕はいざとなれば助けるつもりだったけどね
もちろん、僕はいざとなれば助けるつもりだったけどね
凛
凛
あたしメンクイだから。あんたや金本なんて絶対ごめんよ
あたしメンクイだから。あんたや金本なんて絶対ごめんよ
坪倉
坪倉
っ！
っ！
凛
凛
好きにすれば……？　童貞のあんたに、何ができるか楽しみ。
好きにすれば……？　童貞のあんたに、何ができるか楽しみ。
あたしはあんたになんて、絶対に屈しない。絶対に
あたしはあんたになんて、絶対に屈しない。絶対に
凛は、強い意志で坪倉を見据えた。
凛は、強い意志で坪倉を見据えた。
そそり立つ坪倉のナニを自ら凝視する。
そそり立つ坪倉のナニを自ら凝視する。
凛
凛
ふっ。笑わせないでよね、そのサイズで堂々と晒しちゃって
ふっ。笑わせないでよね、そのサイズで堂々と晒しちゃって
坪倉
坪倉
なっ！？
なっ！？
凛
凛
あたしのこの態度を見て、それでも虚勢を張ってると思ってるわけ？　つくづくおめでたい頭してるのね
あたしのこの態度を見て、それでも虚勢を張ってると思ってるわけ？　つくづくおめでたい頭してるのね
凛
凛
あたしの初体験がいつか知ってる？
あたしの初体験がいつか知ってる？
もう３年以上も前よ！
もう３年以上も前よ！
坪倉
坪倉
うそだ。うそだよな凛、君が、君が処女じゃないなんて……
うそだ。うそだよな凛、君が、君が処女じゃないなんて……
凛
凛
だったら、試せば？　どうせあたしには、抵抗するすべなんてないんだから。まぁ、テクもなにもない童貞のあんたじゃ、何もわからないでしょうけど
だったら、試せば？　どうせあたしには、抵抗するすべなんてないんだから。まぁ、テクもなにもない童貞のあんたじゃ、何もわからないでしょうけど
坪倉
坪倉
ふ、ふはは、そう、そうだ。君のうそに決まってる。
ふ、ふはは、そう、そうだ。君のうそに決まってる。
今から、それを、僕の正しさを証明してみせる……！
今から、それを、僕の正しさを証明してみせる……！
坪倉は慌てながらも、凛の下着へと手をかけた。
坪倉は慌てながらも、凛の下着へと手をかけた。
凛が坪倉を見る目は、憎しみと同時に、哀れみも含んでいた。
凛が坪倉を見る目は、憎しみと同時に、哀れみも含んでいた。
そして、下着が脱がされていく。
そして、下着が脱がされていく。
坪倉
坪倉
うそだ、絶対に嘘に決まってる……
うそだ、絶対に嘘に決まってる……
だが、凛はもう、冷めたような目で坪倉を見ていた。
だが、凛はもう、冷めたような目で坪倉を見ていた。
坪倉
坪倉
うそだうそだうそだっ……
うそだうそだうそだっ……
意識していないうちに、みるみるナニはしぼんでいく。
意識していないうちに、みるみるナニはしぼんでいく。
憧れの凛を前にしながら、坪倉はショックを受けていた。
憧れの凛を前にしながら、坪倉はショックを受けていた。
凛
凛
でも……やっぱり、あんたとヤるなんて、絶対嫌ね……
でも……やっぱり、あんたとヤるなんて、絶対嫌ね……
坪倉
坪倉
今更言っても遅いっ、もう僕は―――！
今更言っても遅いっ、もう僕は―――！
凛
凛
助けて……
助けて……
凛
凛
助けて……秀隆……
助けて……秀隆……
坪倉
坪倉
あいつはもうとっくに帰ってるんだよ―――！
あいつはもうとっくに帰ってるんだよ―――！
坪倉
坪倉
なっ？！
なっ？！
玄関の開く音が聞こえ、坪倉が振り返る。
玄関の開く音が聞こえ、坪倉が振り返る。
秀隆
秀隆
凛っ！！！
凛っ！！！
坪倉
坪倉
し、島津！？　ば、バカな、帰ったはずじゃ……それに、どうやって玄関を！？
し、島津！？　ば、バカな、帰ったはずじゃ……それに、どうやって玄関を！？
慌てて凛から飛びのき、坪倉さんはスタンガンを拾い上げる。
慌てて凛から飛びのき、坪倉さんはスタンガンを拾い上げる。
秀隆
秀隆
どうしてこうなるまで無茶したんだ……
どうしてこうなるまで無茶したんだ……
凛
凛
ごめん……どうしても、あの人を信じたかったの……
ごめん……どうしても、あの人を信じたかったの……
秀隆
秀隆
……ちょっと待っててくれ。すぐに終わらせるから
……ちょっと待っててくれ。すぐに終わらせるから
seスーツの上着を脱ぎ、それを凛にかけた。
seスーツの上着を脱ぎ、それを凛にかけた。
スーツの上着を脱ぎ、それを凛にかけた。
スーツの上着を脱ぎ、それを凛にかけた。
そして立ち上がり、坪倉さんへと対峙する。
そして立ち上がり、坪倉さんへと対峙する。
秀隆
秀隆
最悪の結果になってしまって、残念です……
最悪の結果になってしまって、残念です……
秀隆
秀隆
出来ることなら、何も起こしてほしくなかった
出来ることなら、何も起こしてほしくなかった
坪倉
坪倉
ど、どういうことだ……？　なぜ、どうしておまえがここに……
ど、どういうことだ……？　なぜ、どうしておまえがここに……
秀隆
秀隆
オレは、前からあなたがストーカーであると睨んでいました
オレは、前からあなたがストーカーであると睨んでいました
坪倉
坪倉
なに！？
なに！？
秀隆
秀隆
だから、凛と芝居をうったんです。ここにあなたをおびき寄せるために
だから、凛と芝居をうったんです。ここにあなたをおびき寄せるために
オレと凛を常に付け回している坪倉さんが、
オレと凛を常に付け回している坪倉さんが、
凛の家に上がりこむオレを探らないはずがない。
凛の家に上がりこむオレを探らないはずがない。
そして、部屋に盗撮機や盗聴器を仕掛けているなら、
そして、部屋に盗撮機や盗聴器を仕掛けているなら、
まず間違いなく、現在の状況を聞いていたはず。
まず間違いなく、現在の状況を聞いていたはず。
凛との関係が進展することを、絶対に阻止するはずなのだ。
凛との関係が進展することを、絶対に阻止するはずなのだ。
秀隆
秀隆
あなたが先ほど訪ねてきた時、確信に変わりました
あなたが先ほど訪ねてきた時、確信に変わりました
秀隆
秀隆
ですが、凛はそれでもあなたを信じたかったようだ
ですが、凛はそれでもあなたを信じたかったようだ
秀隆
秀隆
自分がいいと合図を送るまで、入ってくるのはやめてくれと。
自分がいいと合図を送るまで、入ってくるのはやめてくれと。
ソファーの下には、凛の携帯が置いてあります。このオレの携帯と通話状態にして
ソファーの下には、凛の携帯が置いてあります。このオレの携帯と通話状態にして
だから坪倉さんが電話をかけようとしても繋がらなかったのだ。
だから坪倉さんが電話をかけようとしても繋がらなかったのだ。
凛
凛
…………
…………
オレは何度も家の中に突入しようと思ったが、
オレは何度も家の中に突入しようと思ったが、
凛の合図が出るそのギリギリまで、耐え忍んでいた。
凛の合図が出るそのギリギリまで、耐え忍んでいた。
坪倉
坪倉
な、なぜ、なぜ僕のことに気付いた！
な、なぜ、なぜ僕のことに気付いた！
秀隆
秀隆
いくつかあります
いくつかあります
秀隆
秀隆
先日、あなたはオレのことを女垂らしだと言いましたよね？
先日、あなたはオレのことを女垂らしだと言いましたよね？
秀隆
秀隆
ある特務官から、そう言う話を聞いたと
ある特務官から、そう言う話を聞いたと
坪倉
坪倉
それがなんだと
それがなんだと
秀隆
秀隆
本当は凛を盗聴していて、オレたちの会話から知ったんですよね？
本当は凛を盗聴していて、オレたちの会話から知ったんですよね？
オレが特務官なら誰でも知っている、ヤリチン大王だ、と
オレが特務官なら誰でも知っている、ヤリチン大王だ、と
坪倉
坪倉
！？
！？
秀隆
秀隆
あんな話、他の特務官は誰も知りません。
あんな話、他の特務官は誰も知りません。
だって、あれはオレがその場ででっち上げた嘘なんですよ
だって、あれはオレがその場ででっち上げた嘘なんですよ
坪倉
坪倉
なっ！？
なっ！？
秀隆
秀隆
あの時は凛相手に見栄を張っただけでしたが、
あの時は凛相手に見栄を張っただけでしたが、
あなたはそれを盗聴していて焦ったはずだ
あなたはそれを盗聴していて焦ったはずだ
秀隆
秀隆
凛が狙われていて、いつそう言う関係になるか分からないと
凛が狙われていて、いつそう言う関係になるか分からないと
秀隆
秀隆
だから、思わずオレに警告を促してしまった
だから、思わずオレに警告を促してしまった
坪倉
坪倉
…………
…………
秀隆
秀隆
それに、ステーションの記録も調べました。
それに、ステーションの記録も調べました。
あなたはいつも凛が移動した直後に経過記録が残っていた
あなたはいつも凛が移動した直後に経過記録が残っていた
秀隆
秀隆
最初はマネージャーだから当然なのかと思っていましたが、仕事の終わりや入りもバラバラなことが多いらしいですね。でも、あなたと凛は、あまりに同じ時間に行き来していることが多すぎる
最初はマネージャーだから当然なのかと思っていましたが、仕事の終わりや入りもバラバラなことが多いらしいですね。でも、あなたと凛は、あまりに同じ時間に行き来していることが多すぎる
秀隆
秀隆
事務所のほうにも確認しましたが、
事務所のほうにも確認しましたが、
あなたは頻繁にスケジュールの調整を行っていたと
あなたは頻繁にスケジュールの調整を行っていたと
坪倉
坪倉
くっ……！
くっ……！
無論、今まで騒ぎにならなかったのは、その調整が頻繁ではなかったからだ。
無論、今まで騒ぎにならなかったのは、その調整が頻繁ではなかったからだ。
オレと言う不可解な存在が現れたことに、
オレと言う不可解な存在が現れたことに、
坪倉さんは焦り、常に凛を監視するようになった。
坪倉さんは焦り、常に凛を監視するようになった。
秀隆
秀隆
もう終わりにしましょう。こんなことは
もう終わりにしましょう。こんなことは
坪倉
坪倉
ふ、ふふふ。ははは、ははははははは！！
ふ、ふふふ。ははは、ははははははは！！
突如、坪倉マネージャーが笑い声を上げた。
突如、坪倉マネージャーが笑い声を上げた。
とても窮地に追い込まれた男の姿ではない。
とても窮地に追い込まれた男の姿ではない。
坪倉
坪倉
僕の正体に気付いたから、それで？　僕を捕まえるかい？
僕の正体に気付いたから、それで？　僕を捕まえるかい？
秀隆
秀隆
然るべき処罰を
然るべき処罰を
坪倉
坪倉
そうはいかない。僕はこれから凛と１つになるんだ
そうはいかない。僕はこれから凛と１つになるんだ
坪倉
坪倉
そのためなら、僕は手段を選ばない！
そのためなら、僕は手段を選ばない！
そう言い、坪倉さんはあるものを取りだした。
そう言い、坪倉さんはあるものを取りだした。
それは携帯電話だった。
それは携帯電話だった。
坪倉
坪倉
僕がこの携帯から電波を発信すれば、
僕がこの携帯から電波を発信すれば、
パソコンに入れてあるデータが、インターネットに流れるようになっている
パソコンに入れてあるデータが、インターネットに流れるようになっている
凛
凛
ま、まさか……
ま、まさか……
坪倉
坪倉
そうさ、凛。君を美しく撮った、様々な画像や動画さ！
そうさ、凛。君を美しく撮った、様々な画像や動画さ！
坪倉
坪倉
身体を洗うところ、寝ているところはもちろん、
身体を洗うところ、寝ているところはもちろん、
トイレでおしっこをしている姿や、一人ベッドで悶える姿も、
トイレでおしっこをしている姿や、一人ベッドで悶える姿も、
全部あるぞ！
全部あるぞ！
凛
凛
っ！？
っ！？
坪倉
坪倉
いますぐ出て行け！　そうでなければ後悔することになる、
いますぐ出て行け！　そうでなければ後悔することになる、
僕と凛の神聖なこの部屋を汚さないでもらいたいね！
僕と凛の神聖なこの部屋を汚さないでもらいたいね！
坪倉
坪倉
さもないと、誰も見たことのない凛の姿が全国民にさらされることになる！
さもないと、誰も見たことのない凛の姿が全国民にさらされることになる！
秀隆
秀隆
……はったりだ
……はったりだ
坪倉
坪倉
はったりなんかじゃないさ！
はったりなんかじゃないさ！
そう言い、坪倉は携帯の画面をオレへと向けてきた。
そう言い、坪倉は携帯の画面をオレへと向けてきた。
そして、凛にもその画面を見せ付ける。
そして、凛にもその画面を見せ付ける。
凛
凛
いやああああっ！
いやああああっ！
凛が顔を伏せた。
凛が顔を伏せた。
そこには、凛が眠る姿……シャワーを浴びる姿、
そこには、凛が眠る姿……シャワーを浴びる姿、
そういった、許されざる姿が映った写真があった。
そういった、許されざる姿が映った写真があった。
坪倉
坪倉
まだまだあるぞ！　ほら、ほらっ！
まだまだあるぞ！　ほら、ほらっ！
次々と画像を切り替え、その信じがたい画像を見せつける。
次々と画像を切り替え、その信じがたい画像を見せつける。
秀隆
秀隆
最低だな……
最低だな……
坪倉
坪倉
うるさい！　僕を逮捕させるようなことになれば、
うるさい！　僕を逮捕させるようなことになれば、
どうなるか分からないわけじゃないよな？　ああっ？
どうなるか分からないわけじゃないよな？　ああっ？
坪倉
坪倉
アイドルのオナニーやマ○コが、
アイドルのオナニーやマ○コが、
全国に晒されてもいいなら、かかってこいよ！
全国に晒されてもいいなら、かかってこいよ！
秀隆
秀隆
…………
…………
オレは小さく息をつくと、一歩前へと踏み出した。
オレは小さく息をつくと、一歩前へと踏み出した。
秀隆
秀隆
やってみろよ
やってみろよ
坪倉
坪倉
なにっ！？
なにっ！？
秀隆
秀隆
やってみろっていったんだ
やってみろっていったんだ
坪倉
坪倉
強気だなぁ、島津！　だが、分かっているのか
強気だなぁ、島津！　だが、分かっているのか
坪倉
坪倉
一番困るのは　凛なんだよお！
一番困るのは　凛なんだよお！
秀隆
秀隆
やれるもんならやってみろ！
やれるもんならやってみろ！
坪倉
坪倉
テメェ！！！
テメェ！！！
ボタンへと指をかける坪倉。
ボタンへと指をかける坪倉。
秀隆
秀隆
その電波を発信すれば、おまえの武器はスタンガンだけだ
その電波を発信すれば、おまえの武器はスタンガンだけだ
坪倉
坪倉
僕が、実行できないとでも？
僕が、実行できないとでも？
秀隆
秀隆
そうだ。切り札は使わないから切り札なんだよ。
そうだ。切り札は使わないから切り札なんだよ。
それを送信すれば、オレはおまえを絶対に許さない
それを送信すれば、オレはおまえを絶対に許さない
坪倉
坪倉
舐めるな！　後一歩でも前に出れば、全ておしまいだ！
舐めるな！　後一歩でも前に出れば、全ておしまいだ！
秀隆
秀隆
終わるのはあんただ、坪倉
終わるのはあんただ、坪倉
秀隆
秀隆
これ以上、凛を苦しめることは許さない
これ以上、凛を苦しめることは許さない
坪倉
坪倉
凛を知ったばかりの男が、何を言う！
凛を知ったばかりの男が、何を言う！
僕は誰よりも凛の傍で凛を見守り続けてきたんだよ！
僕は誰よりも凛の傍で凛を見守り続けてきたんだよ！
秀隆
秀隆
そのことを悪いとは思わない。
そのことを悪いとは思わない。
あんたのおかげで、凛はここまで来られたことは一つの事実なんだろう
あんたのおかげで、凛はここまで来られたことは一つの事実なんだろう
それは凛が最後の最後まで坪倉を信じ続けたことからもわかる。
それは凛が最後の最後まで坪倉を信じ続けたことからもわかる。
秀隆
秀隆
でもあんたは途中でやり方を間違えた。
でもあんたは途中でやり方を間違えた。
マネージャーとしてではなく、ただのストーカーに成り下がった
マネージャーとしてではなく、ただのストーカーに成り下がった
秀隆
秀隆
あんたは凛の信頼を裏切った
あんたは凛の信頼を裏切った
秀隆
秀隆
凛が過去、誰よりも信頼していたアンドロイドに裏切られた、
凛が過去、誰よりも信頼していたアンドロイドに裏切られた、
そのことを誰よりも知っているあなたが、裏切ったんだ！
そのことを誰よりも知っているあなたが、裏切ったんだ！
坪倉
坪倉
うるさい！　貴様が現れなければ、現れなければ！
うるさい！　貴様が現れなければ、現れなければ！
オレは、一歩を踏み出す。
オレは、一歩を踏み出す。
坪倉
坪倉
島津うううううう！
島津うううううう！
坪倉さんは、かかげるようにして、携帯のボタンを押した。
坪倉さんは、かかげるようにして、携帯のボタンを押した。
凛
凛
っ！
っ！
凛はぎゅっと目を閉じる。
凛はぎゅっと目を閉じる。
坪倉
坪倉
おまえのせいだ、おまえのせいで凛の人生は破滅だ！
おまえのせいだ、おまえのせいで凛の人生は破滅だ！
もうアイドルとしては、活動していけなくなったんだよお！
もうアイドルとしては、活動していけなくなったんだよお！
秀隆
秀隆
破滅するのは、あんたの人生だけで十分だ！
破滅するのは、あんたの人生だけで十分だ！
オレは坪倉の懐へと飛び込む。
オレは坪倉の懐へと飛び込む。
坪倉
坪倉
くそおおおおお！！！
くそおおおおお！！！
振り下ろされるスタンガンをかいくぐり、
振り下ろされるスタンガンをかいくぐり、
その顔面に思い切り右拳をたたきつけた。
その顔面に思い切り右拳をたたきつけた。
坪倉
坪倉
あぶべ！？！！？
あぶべ！？！！？
そのままテーブルへと身体を打ちつけ、床を転げまわる。
そのままテーブルへと身体を打ちつけ、床を転げまわる。
そして、ぐったりとその場に倒れこんだ。
そして、ぐったりとその場に倒れこんだ。
秀隆
秀隆
あんたの動きなんて、裕輔に比べたら遅すぎるんだよ
あんたの動きなんて、裕輔に比べたら遅すぎるんだよ
素早くスタンガンを拾い上げ、バッテリーを外して放り投げた。
素早くスタンガンを拾い上げ、バッテリーを外して放り投げた。
凛
凛
あ、あた……あたし……！
あ、あた……あたし……！
凛はガクガクと震え、瞳からは涙が溢れていた。
凛はガクガクと震え、瞳からは涙が溢れていた。
秀隆
秀隆
もう大丈夫だ。もう……
もう大丈夫だ。もう……
坪倉
坪倉
ば、バカが……大丈夫なわけあるか……！
ば、バカが……大丈夫なわけあるか……！
坪倉
坪倉
りんの、じんせいは、おわり……
りんの、じんせいは、おわり……
鼻から血を流しながら、坪倉さんは不気味に笑う。
鼻から血を流しながら、坪倉さんは不気味に笑う。
秀隆
秀隆
終わり？
終わり？
坪倉
坪倉
痴態を晒したアイドルが、一線で活躍できるわけ、ないだろうが！
痴態を晒したアイドルが、一線で活躍できるわけ、ないだろうが！
坪倉
坪倉
おまえのせいだぞ島津、おまえだって凛の期待に応えられず裏切ったんだ！
おまえのせいだぞ島津、おまえだって凛の期待に応えられず裏切ったんだ！
秀隆
秀隆
痴態か。確かにそうなったら、そうなのかもしれないな
痴態か。確かにそうなったら、そうなのかもしれないな
秀隆
秀隆
でも終わるわけないだろ。凛はこれからを輝くトップアイドルなんだ
でも終わるわけないだろ。凛はこれからを輝くトップアイドルなんだ
坪倉
坪倉
ＡＶのアイドルにでもなるか？　ああっ？
ＡＶのアイドルにでもなるか？　ああっ？
秀隆
秀隆
ネットに凛の動画は流れない
ネットに凛の動画は流れない
坪倉
坪倉
う、うそだ……俺は確かに送信した！
う、うそだ……俺は確かに送信した！
秀隆
秀隆
嘘じゃない。あんたのパソコンは、既に取り押さえてあるからな
嘘じゃない。あんたのパソコンは、既に取り押さえてあるからな
坪倉
坪倉
な―――！？
な―――！？
秀隆
秀隆
オレがここに踏み込む前、
オレがここに踏み込む前、
自宅に置かれてあったあんたのパソコンからネットを切断している
自宅に置かれてあったあんたのパソコンからネットを切断している
もちろん、それが坪倉の隠し持つ切り札の
もちろん、それが坪倉の隠し持つ切り札の
パソコンだとチェックした上でだ。
パソコンだとチェックした上でだ。
坪倉
坪倉
そ、そんな……バカな……
そ、そんな……バカな……
もし踏み込んだ自宅に証拠がなければ、
もし踏み込んだ自宅に証拠がなければ、
オレはこの部屋に留まり、直接坪倉を問いただしていただろう。
オレはこの部屋に留まり、直接坪倉を問いただしていただろう。
オレは坪倉さんに詰め寄ると、胸倉をつかみ上げた。
オレは坪倉さんに詰め寄ると、胸倉をつかみ上げた。
秀隆
秀隆
オレの家に送ってきた小包。あの動画で挑発したつもりだったんだろうが、迂闊だったな？
オレの家に送ってきた小包。あの動画で挑発したつもりだったんだろうが、迂闊だったな？
秀隆
秀隆
ファイルを管理しているとなれば、こっちも手を考える。
ファイルを管理しているとなれば、こっちも手を考える。
誰の目にも届かない自宅で管理しているのなんて、丸わかりなんだよ
誰の目にも届かない自宅で管理しているのなんて、丸わかりなんだよ
秀隆
秀隆
どの道詰んでたんだ。あんたは
どの道詰んでたんだ。あんたは
坪倉
坪倉
くっ、くそ……！
くっ、くそ……！
オレへと、残りの力を振り絞り殴りかかってくる。
オレへと、残りの力を振り絞り殴りかかってくる。
それを手で受け止め、オレはもう一撃、今度は腹部に叩き込んだ。
それを手で受け止め、オレはもう一撃、今度は腹部に叩き込んだ。
坪倉
坪倉
うぐっ！
うぐっ！
そして力尽きるように、がくっと気絶した。
そして力尽きるように、がくっと気絶した。
オレは立ち上がると、蹲り震えている凛の傍へと寄った。
オレは立ち上がると、蹲り震えている凛の傍へと寄った。
そして手にはめられた手錠をはずす。
そして手にはめられた手錠をはずす。
秀隆
秀隆
もう大丈夫だ。全部終わった
もう大丈夫だ。全部終わった
凛
凛
あ、あた……あたし……
あ、あた……あたし……
秀隆
秀隆
もう大丈夫だ
もう大丈夫だ
秀隆
秀隆
おまえはよくやったよ。本当に……
おまえはよくやったよ。本当に……
凛
凛
う……うあああああああっ……
う……うあああああああっ……
いつも元気で、気丈にふるまってきた凛。
いつも元気で、気丈にふるまってきた凛。
例えストーカーの恐怖におびえても、涙を見せなかった凛。
例えストーカーの恐怖におびえても、涙を見せなかった凛。
この涙は、けして自らの盗撮だけのことじゃないだろう。
この涙は、けして自らの盗撮だけのことじゃないだろう。
誰よりも信頼していた存在に裏切られた悲しみ。
誰よりも信頼していた存在に裏切られた悲しみ。
その涙だ。
その涙だ。
オレの胸の中で、凛はずっと泣き続けた。
オレの胸の中で、凛はずっと泣き続けた。
…………。
…………。
……。
……。
秀隆
秀隆
助かったよ、磯部くん
助かったよ、磯部くん
オレは外で出迎えてくれた磯部くんにお礼を言った。
オレは外で出迎えてくれた磯部くんにお礼を言った。
磯部
磯部
助かったじゃねえよ！　こっちは危うく虚偽報告で立件されるとこだったんだぞ！
助かったじゃねえよ！　こっちは危うく虚偽報告で立件されるとこだったんだぞ！
秀隆
秀隆
まぁまぁいいじゃないですか。誤解はすぐ解けたでしょ？
まぁまぁいいじゃないですか。誤解はすぐ解けたでしょ？
磯部
磯部
……そりゃそうだが
……そりゃそうだが
オレはドリームタウンに向かう前、磯部くんにあることを頼んでいた。
オレはドリームタウンに向かう前、磯部くんにあることを頼んでいた。
坪倉が盗撮を繰り返していたことは明らかで、
坪倉が盗撮を繰り返していたことは明らかで、
しかもパソコンを使ってそれを編集していた。
しかもパソコンを使ってそれを編集していた。
オレに送られてきていたあのファイルのようなものが、
オレに送られてきていたあのファイルのようなものが、
恐らく自宅には沢山眠っているであろう予測は簡単に立てられた。
恐らく自宅には沢山眠っているであろう予測は簡単に立てられた。
そして凛の自宅に向かうまでの間に、
そして凛の自宅に向かうまでの間に、
オレは磯部くんに警察と一緒に坪倉の自宅へ
オレは磯部くんに警察と一緒に坪倉の自宅へ
踏み込むようお願いしておいた。
踏み込むようお願いしておいた。
坪倉が部屋の中で倒れているから、急いで助けてくれと嘘をついてもらって。
坪倉が部屋の中で倒れているから、急いで助けてくれと嘘をついてもらって。
磯部
磯部
……彼女は？
……彼女は？
秀隆
秀隆
今は病院です。手にちょっと傷が出来てたので
今は病院です。手にちょっと傷が出来てたので
磯部
磯部
心の方が大丈夫ならいいんだけどな……
心の方が大丈夫ならいいんだけどな……
今日の出来事はアイドルには辛すぎるだろ
今日の出来事はアイドルには辛すぎるだろ
秀隆
秀隆
心配ないですよ。凛は強いですから
心配ないですよ。凛は強いですから
電車の中、坪倉が犯人だと知ったときも、凛は迷わなかった。
電車の中、坪倉が犯人だと知ったときも、凛は迷わなかった。
磯部
磯部
ふん……で、これでＣＭの件は承諾してもらえるんだな？
ふん……で、これでＣＭの件は承諾してもらえるんだな？
秀隆
秀隆
それは神のみぞ知るところですね
それは神のみぞ知るところですね
磯部
磯部
ストーカーの件が解決すれば、契約成立じゃなかったのかよ
ストーカーの件が解決すれば、契約成立じゃなかったのかよ
秀隆
秀隆
すみません、ちょっと嘘でした
すみません、ちょっと嘘でした
磯部
磯部
やっぱり確約はなしか。そんなことだろうと思ったぜ……
やっぱり確約はなしか。そんなことだろうと思ったぜ……
秀隆
秀隆
凛の選択を待ちましょう。
凛の選択を待ちましょう。
結果がどうあれ、助けになったならいいです。
結果がどうあれ、助けになったならいいです。
責任くらい取ります
責任くらい取ります
特務官はただ交渉するためだけの存在じゃない。
特務官はただ交渉するためだけの存在じゃない。
街のヒーローであるべきだからな。
街のヒーローであるべきだからな。
…………。
…………。
……。
……。
