朝、オレのベッドで目を覚ましたアクセラは、
朝、オレのベッドで目を覚ましたアクセラは、
見ている前でメイド服へと着替え終えた。
見ている前でメイド服へと着替え終えた。
秀隆
秀隆
……グッド……
……グッド……
女の子が着替える姿って言うのも、中々いいもんだ。
女の子が着替える姿って言うのも、中々いいもんだ。
そして、そんないいものを見ていたせいで、
そして、そんないいものを見ていたせいで、
股間がムクムクと起き上がってしまう。
股間がムクムクと起き上がってしまう。
秀隆
秀隆
…………
…………
オレはアクセラを手招きし、自らの股間へと導いた。
オレはアクセラを手招きし、自らの股間へと導いた。
最終章・アクセラルートその１１』アクセラH
最終章・アクセラルートその１１』アクセラH
秀隆
秀隆
なあ、アクセラ
なあ、アクセラ
アクセラ
アクセラ
なんでしょう？
なんでしょう？
セックスを終えた後、オレは冷静になって、考えていたことがあった。
セックスを終えた後、オレは冷静になって、考えていたことがあった。
アクセラはオレの体に腕をまわし、やさしく抱きついている。
アクセラはオレの体に腕をまわし、やさしく抱きついている。
秀隆
秀隆
オレは、どうしても納得の行ってないことがあるんだ
オレは、どうしても納得の行ってないことがあるんだ
秀隆
秀隆
おまえのように、アンドロイドを違法に改造した奴を、
おまえのように、アンドロイドを違法に改造した奴を、
ずっとのさばらしている実情に、どうも我慢できそうにない
ずっとのさばらしている実情に、どうも我慢できそうにない
アクセラ
アクセラ
お気持ちはわかりますが、大変危険です。
お気持ちはわかりますが、大変危険です。
もし深追いをして、また秀隆さまに危険が及んだら……
もし深追いをして、また秀隆さまに危険が及んだら……
秀隆
秀隆
確かに、自分の命が危険にさらされるのは怖い。
確かに、自分の命が危険にさらされるのは怖い。
でも、それは結局、いずれほかのだれかにもおこりうることなんじゃないか？
でも、それは結局、いずれほかのだれかにもおこりうることなんじゃないか？
秀隆
秀隆
オレが真相にたどり着かなくても、誰かがたどり着く
オレが真相にたどり着かなくても、誰かがたどり着く
秀隆
秀隆
そしたら、その誰かがまた危険な目にあうんだ
そしたら、その誰かがまた危険な目にあうんだ
アクセラ
アクセラ
秀隆さまが危険な目にあわれるより、ずっといいです
秀隆さまが危険な目にあわれるより、ずっといいです
秀隆
秀隆
……凛。相談があるって言ってただろ？
……凛。相談があるって言ってただろ？
アクセラ
アクセラ
はい
はい
秀隆
秀隆
あいつは、もしかしたら見つけたのかもしれないんだ。
あいつは、もしかしたら見つけたのかもしれないんだ。
人間のフリをして、生活をしているアンドロイドを
人間のフリをして、生活をしているアンドロイドを
秀隆
秀隆
まだ、話半分の状態ではあるけどな……
まだ、話半分の状態ではあるけどな……
杉村さんがアンドロイドであるなんてことは、俄かには信じがたい。
杉村さんがアンドロイドであるなんてことは、俄かには信じがたい。
凛が、無茶な行動をしなければいいんだが。
凛が、無茶な行動をしなければいいんだが。
アクセラ
アクセラ
心配なのですね……凛さまが
心配なのですね……凛さまが
秀隆
秀隆
言っとくけど、やましい気持ちなんかじゃないぞ。
言っとくけど、やましい気持ちなんかじゃないぞ。
あいつが一人で行動しないか、それが不安なだけなんだ
あいつが一人で行動しないか、それが不安なだけなんだ
アクセラ
アクセラ
わかっています。特務官として、秀隆さまとして放っておけないんですね
わかっています。特務官として、秀隆さまとして放っておけないんですね
秀隆
秀隆
ああ
ああ
オレ以外の誰かが、同じような目に会うのは絶対に避けなければならない。
オレ以外の誰かが、同じような目に会うのは絶対に避けなければならない。
秀隆
秀隆
明日、真相を確かめてくることにするよ
明日、真相を確かめてくることにするよ
アクセラ
アクセラ
わかりました……お気をつけて
わかりました……お気をつけて
