そしてお風呂。
そしてお風呂。
オレは、凛に背中を流してもらっていた。
オレは、凛に背中を流してもらっていた。
秀隆
秀隆
あー彼女に背中を流して貰えるのって、幸せだな……
あー彼女に背中を流して貰えるのって、幸せだな……
凛
凛
勃起しながら言うと、格好悪いわよ
勃起しながら言うと、格好悪いわよ
秀隆
秀隆
これはどうにもならない
これはどうにもならない
凛
凛
もう……でも、凄いよね、ずっと勃ちっぱなしとか出来るんだ
もう……でも、凄いよね、ずっと勃ちっぱなしとか出来るんだ
秀隆
秀隆
多分裸の凛と一緒に居るうちは無理だな
多分裸の凛と一緒に居るうちは無理だな
秀隆
秀隆
だって、おっぱいとか、あそことか見えてるし
だって、おっぱいとか、あそことか見えてるし
凛
凛
そりゃお風呂だし……でも、なんか変な感じ。
そりゃお風呂だし……でも、なんか変な感じ。
お風呂って普通一人で入るものだから、妙な恥ずかしさがあるかも
お風呂って普通一人で入るものだから、妙な恥ずかしさがあるかも
秀隆
秀隆
そうだなぁ……凛の濡れた下の毛とかも、グッとくるよな
そうだなぁ……凛の濡れた下の毛とかも、グッとくるよな
凛
凛
そう言う発言はマイナス
そう言う発言はマイナス
秀隆
秀隆
……しゅん……
……しゅん……
凛
凛
……ちょっと触ってもいい？　それ
……ちょっと触ってもいい？　それ
秀隆
秀隆
それって……そりゃ、もちろんおっけーだ。つか、触ってくれ
それって……そりゃ、もちろんおっけーだ。つか、触ってくれ
凛
凛
……うん
……うん
凛はオレに抱きつくようにして、股間をぎゅっと握った。
凛はオレに抱きつくようにして、股間をぎゅっと握った。
背中におっぱいが押し付けられる。
背中におっぱいが押し付けられる。
凛
凛
ちょっと、今大きくびくってしたけど？
ちょっと、今大きくびくってしたけど？
秀隆
秀隆
凛のおっぱいがあたったから……乳首とか、硬くなっててエロいし
凛のおっぱいがあたったから……乳首とか、硬くなっててエロいし
秀隆
秀隆
凛の乳輪とか、オレの好みストライクだし
凛の乳輪とか、オレの好みストライクだし
凛
凛
少しだけ他の子より、大きいかも……変じゃない？
少しだけ他の子より、大きいかも……変じゃない？
秀隆
秀隆
大きいって言っても、全く問題ないだろ。
大きいって言っても、全く問題ないだろ。
凛のサイズからしたらちょうどいいと思うぞ。オレ凄く好きだ
凛のサイズからしたらちょうどいいと思うぞ。オレ凄く好きだ
秀隆
秀隆
オレが好きってだけじゃ、ダメか？
オレが好きってだけじゃ、ダメか？
凛
凛
ダメ……じゃない
ダメ……じゃない
ぎゅっと、オレを抱きしめる凛。
ぎゅっと、オレを抱きしめる凛。
凛
凛
あーもう、こんなんなるなんて……秀隆のこと、どんどん好きになりそう
あーもう、こんなんなるなんて……秀隆のこと、どんどん好きになりそう
秀隆
秀隆
オレも、毎日凛と過ごすたびに、好きになってく
オレも、毎日凛と過ごすたびに、好きになってく
秀隆
秀隆
たくさんたくさん
たくさんたくさん
凛
凛
うん……ちょっと、気持ちよくさせてあげる
うん……ちょっと、気持ちよくさせてあげる
凛は、オレの背中で、自らの身体を上下させる。
凛は、オレの背中で、自らの身体を上下させる。
凛
凛
あたしのおっぱい……乳首とか、分かる？
あたしのおっぱい……乳首とか、分かる？
秀隆
秀隆
ああ。硬いの、ちゃんと背中に当たってる……気持ちいいよ
ああ。硬いの、ちゃんと背中に当たってる……気持ちいいよ
凛
凛
あたしも、こすれて、ちょっと気持ちいい……
あたしも、こすれて、ちょっと気持ちいい……
ぬるぬると、石鹸のすべりもあってすべる。
ぬるぬると、石鹸のすべりもあってすべる。
そして、凛はオレの股間を優しく擦り始めた。
そして、凛はオレの股間を優しく擦り始めた。
凛
凛
男の子って、こうやってオナニーするんでしょ？
男の子って、こうやってオナニーするんでしょ？
秀隆
秀隆
まぁ、そうだな
まぁ、そうだな
凛
凛
どういうこと、考えたりするの？
どういうこと、考えたりするの？
秀隆
秀隆
そりゃ女の子とエッチしてるところとか……あるいは、画像とか見てかな
そりゃ女の子とエッチしてるところとか……あるいは、画像とか見てかな
凛
凛
へぇ。じゃあ、あたし以外の子とも、妄想で色々やったんだ
へぇ。じゃあ、あたし以外の子とも、妄想で色々やったんだ
秀隆
秀隆
も、妄想まで責めるのはなしだからな
も、妄想まで責めるのはなしだからな
凛
凛
ふーん。じゃ、あたしが妄想でどんな男とエッチしてても自由なんだ
ふーん。じゃ、あたしが妄想でどんな男とエッチしてても自由なんだ
秀隆
秀隆
な、なんだと？　それはいかん！
な、なんだと？　それはいかん！
凛
凛
なんでかなぁ？
なんでかなぁ？
秀隆
秀隆
凛はオレだけのだからだ。妄想でも禁止だ
凛はオレだけのだからだ。妄想でも禁止だ
凛
凛
じゃ、秀隆も禁止ね。あたし以外の子でオナニーするの
じゃ、秀隆も禁止ね。あたし以外の子でオナニーするの
秀隆
秀隆
む……じゃあ、今後は凛の前でオナニーするわ
む……じゃあ、今後は凛の前でオナニーするわ
凛
凛
そうね、そうしてもらおうかな
そうね、そうしてもらおうかな
秀隆
秀隆
マジか……じゃあ、その時は凛もオレの前でするんだぞ？
マジか……じゃあ、その時は凛もオレの前でするんだぞ？
凛
凛
……うん、いいよ、それでも。そう言うのも、ちょっと興味あるし
……うん、いいよ、それでも。そう言うのも、ちょっと興味あるし
秀隆
秀隆
……だな
……だな
オナニーの見せ合いっこも、いいかも知れない。
オナニーの見せ合いっこも、いいかも知れない。
凛
凛
気持ちいい？　イきそう？
気持ちいい？　イきそう？
秀隆
秀隆
このまま凛にしごかれてたら、すぐイきそう……
このまま凛にしごかれてたら、すぐイきそう……
秀隆
秀隆
背中のおっぱいも、犯罪的だし……
背中のおっぱいも、犯罪的だし……
凛
凛
あ、こら。手を伸ばして触るの禁止
あ、こら。手を伸ばして触るの禁止
ぺしっと手ではたかれる。
ぺしっと手ではたかれる。
秀隆
秀隆
なんでだよ。凛のおっぱい触りたい……
なんでだよ。凛のおっぱい触りたい……
凛
凛
今はダメ。今は、あたしが秀隆を愛してるんだから
今はダメ。今は、あたしが秀隆を愛してるんだから
凛
凛
……あ、愛してるって……何恥ずかしいこと言ってんだろ
……あ、愛してるって……何恥ずかしいこと言ってんだろ
自分で自分に突っ込む凛。
自分で自分に突っ込む凛。
凛
凛
とにかく、今はあたしがやる番なの
とにかく、今はあたしがやる番なの
秀隆
秀隆
っ……
っ……
亀頭を指先で包まれ、そして、強くしごかれる。
亀頭を指先で包まれ、そして、強くしごかれる。
凛
凛
んっ……ん……
んっ……ん……
押し付けたおっぱいの先端が感じるのか、
押し付けたおっぱいの先端が感じるのか、
擦りながら凛は微かに熱っぽい声を出していた。
擦りながら凛は微かに熱っぽい声を出していた。
凛
凛
ん……ちゅ……ちゅっ……れるっ……
ん……ちゅ……ちゅっ……れるっ……
そして気がつけば、凛はオレの背中に唇を這わせていた。
そして気がつけば、凛はオレの背中に唇を這わせていた。
凛
凛
やば、秀隆のここ触ってたら、なんか興奮してきちゃった……
やば、秀隆のここ触ってたら、なんか興奮してきちゃった……
秀隆
秀隆
あー……っ、オレも、ちょいヤバイ
あー……っ、オレも、ちょいヤバイ
自分の手と違って快楽に歯止めが利かない。
自分の手と違って快楽に歯止めが利かない。
すぐに果ててしまいそうだ。
すぐに果ててしまいそうだ。
凛
凛
びゅ、って飛ぶんでしょ？　見せてよ……
びゅ、って飛ぶんでしょ？　見せてよ……
秀隆
秀隆
お、おう……
お、おう……
凛も、沢山男に興味があるみたいだ。
凛も、沢山男に興味があるみたいだ。
ジッとオレの股間を覗き込みながら、手を休めない。
ジッとオレの股間を覗き込みながら、手を休めない。
秀隆
秀隆
あ、あっ……
あ、あっ……
凛
凛
秀隆も、そうやって可愛い声、出るんだ
秀隆も、そうやって可愛い声、出るんだ
秀隆
秀隆
仕方ないだろ、すげぇ気持ちいいんだから……
仕方ないだろ、すげぇ気持ちいいんだから……
凛
凛
そうだね……んっ……
そうだね……んっ……
秀隆
秀隆
あーイく……イくぞ……
あーイく……イくぞ……
腹の下からこみ上げてくるものを感じながら、
腹の下からこみ上げてくるものを感じながら、
オレはすぐにはイかずに、堪えるように耐えた。
オレはすぐにはイかずに、堪えるように耐えた。
凛
凛
イっちゃう？　イっちゃう？　いいよ、出してみて……
イっちゃう？　イっちゃう？　いいよ、出してみて……
秀隆
秀隆
あ、く……っ……
あ、く……っ……
凛
凛
あっ……！
あっ……！
オレの射精直後、凛が驚きの声をあげる。
オレの射精直後、凛が驚きの声をあげる。
びゅっ、と勢いよく飛び出した精子が、タイルに飛び散る。
びゅっ、と勢いよく飛び出した精子が、タイルに飛び散る。
ドクドクッ。
ドクドクッ。
秀隆
秀隆
あーっ……っ……
あーっ……っ……
凛
凛
すっご、あんなに飛んでる……それに凄い量……
すっご、あんなに飛んでる……それに凄い量……
出し切ったオレの精子が、最後に凛の手にかかった。
出し切ったオレの精子が、最後に凛の手にかかった。
凛
凛
……熱い……
……熱い……
そして、それをちょっと、ぺろりと舐める。
そして、それをちょっと、ぺろりと舐める。
凛
凛
やっぱり苦い
やっぱり苦い
秀隆
秀隆
ふーっ、彼女にオナニー手伝ってもらうって、凄いな……
ふーっ、彼女にオナニー手伝ってもらうって、凄いな……
凛
凛
満足できた？
満足できた？
秀隆
秀隆
出来れば、今すぐ凛とエッチしたいんですが
出来れば、今すぐ凛とエッチしたいんですが
凛
凛
ダメ。あたし、これから髪とか洗うし
ダメ。あたし、これから髪とか洗うし
秀隆
秀隆
じゃあ、後ろからおっぱい揉んでていい？
じゃあ、後ろからおっぱい揉んでていい？
凛
凛
却下します。あたし、髪の手入れには命賭けてるから
却下します。あたし、髪の手入れには命賭けてるから
真剣な表情だ。
真剣な表情だ。
秀隆
秀隆
アイドルとして妥協できないところ、か
アイドルとして妥協できないところ、か
凛
凛
そう言うこと
そう言うこと
秀隆
秀隆
わかった。じゃあ眺めてる
わかった。じゃあ眺めてる
凛
凛
それなら、まぁ……
それなら、まぁ……
秀隆
秀隆
決まりだな
決まりだな
オレは湯船につかり、凛の身体を洗うところを見学することにした。
オレは湯船につかり、凛の身体を洗うところを見学することにした。
髪を洗う時ゆれるおっぱいとか、乳首とか。
髪を洗う時ゆれるおっぱいとか、乳首とか。
あそこの洗い方とか。
あそこの洗い方とか。
湯船の中でこっそりオナニーしながら。
湯船の中でこっそりオナニーしながら。
