朝、食卓についてオレと恋は飯を食っていた。
朝、食卓についてオレと恋は飯を食っていた。
恭一
恭一
今日は休みだろ？
今日は休みだろ？
恋
恋
そうですけど……それがどうかしたんですか？
そうですけど……それがどうかしたんですか？
恭一
恭一
出かける
出かける
恋
恋
はい。いってらっしゃい
はい。いってらっしゃい
恭一
恭一
おまえも出かけるんだよ
おまえも出かけるんだよ
恋
恋
私も？　え、どうして……っ！？
私も？　え、どうして……っ！？
恋
恋
も、もしかして……デートに誘ってます……？
も、もしかして……デートに誘ってます……？
恭一
恭一
似たようなもんだな
似たようなもんだな
恋
恋
……な、なんで急に……今まで、私のことバカにしてたのに
……な、なんで急に……今まで、私のことバカにしてたのに
恭一
恭一
嫌ならいい
嫌ならいい
恋
恋
い……嫌ではないですけど……
い……嫌ではないですけど……
恋
恋
どうせ、また本屋に連れて行きたいとか、そう言うオチでしょう？
どうせ、また本屋に連れて行きたいとか、そう言うオチでしょう？
恋
恋
私に本を買わせたいだけなら、そういってください
私に本を買わせたいだけなら、そういってください
恭一
恭一
オレがそんな酷い男に見えるか？
オレがそんな酷い男に見えるか？
恋
恋
思い切り見えます
思い切り見えます
恭一
恭一
信用も地に落ちたもんだぜ
信用も地に落ちたもんだぜ
恭一
恭一
今回は、そう言うオチはない。純粋におまえを誘ってるんだ
今回は、そう言うオチはない。純粋におまえを誘ってるんだ
恋
恋
お金を使わせたりしませんか？
お金を使わせたりしませんか？
恭一
恭一
しない
しない
恋
恋
無茶なこと、しませんか？
無茶なこと、しませんか？
恭一
恭一
しない
しない
恋
恋
え、エッチなことも、しないですか？
え、エッチなことも、しないですか？
恭一
恭一
誰がするんだよ。気持ち悪い
誰がするんだよ。気持ち悪い
恋
恋
……なら、別にいいですけど……
……なら、別にいいですけど……
恭一
恭一
じゃあ行くんだな？　よし決まりだ
じゃあ行くんだな？　よし決まりだ
恋
恋
ご、強引です……
ご、強引です……
恭一
恭一
男は強引なくらいがちょうどいいんだよ
男は強引なくらいがちょうどいいんだよ
恋
恋
…………
…………
じっと、オレを見る恋。
じっと、オレを見る恋。
恭一
恭一
なんだ
なんだ
恋
恋
いえ……なんでもないですっ
いえ……なんでもないですっ
恭一
恭一
おい、まだか？
おい、まだか？
飯を終えてから２時間が経過した。
飯を終えてから２時間が経過した。
恋
恋
もうすぐ、もうすぐですからっ
もうすぐ、もうすぐですからっ
恭一
恭一
こんなやり取り、この前もやったな……
こんなやり取り、この前もやったな……
恋
恋
お、お待たせしましたっ
お、お待たせしましたっ
恭一
恭一
行くぞ
行くぞ
恋
恋
……な、何か感想とか、ないんですか……
……な、何か感想とか、ないんですか……
恭一
恭一
感想？
感想？
恋
恋
頑張って、おめかししたんですけど……
頑張って、おめかししたんですけど……
恭一
恭一
んなもん、すぐダメになるぜ？
んなもん、すぐダメになるぜ？
恋
恋
だ、ダメになる？
だ、ダメになる？
恋
恋
こ……ここって……
こ……ここって……
恭一
恭一
見ればわかるだろ。下層区画だ
見ればわかるだろ。下層区画だ
恋
恋
……デート、じゃなかったんですか？
……デート、じゃなかったんですか？
恭一
恭一
みたいなもんだ、って言ったろ
みたいなもんだ、って言ったろ
恋
恋
どうして……
どうして……
恋
恋
私は恭一さんを巻き込みたくないって、言ったじゃないですか
私は恭一さんを巻き込みたくないって、言ったじゃないですか
恭一
恭一
オレも言っただろ。おまえはオレを図り損ねてるって
オレも言っただろ。おまえはオレを図り損ねてるって
恭一
恭一
オレが度々下層区画に足を運んでたのは、大体分かってるな？
オレが度々下層区画に足を運んでたのは、大体分かってるな？
恋
恋
……何となくは、そう思っていました
……何となくは、そう思っていました
恭一
恭一
元々、オレは自分自身を試すために、ここに来ていた
元々、オレは自分自身を試すために、ここに来ていた
恋
恋
試す……何を、試すためですか
試す……何を、試すためですか
恭一
恭一
オレとは何者なのか、だ
オレとは何者なのか、だ
恭一
恭一
初めてここにきたとき、オレはある種安堵のようなものを感じていた
初めてここにきたとき、オレはある種安堵のようなものを感じていた
恋
恋
この危険な場所に、ですか
この危険な場所に、ですか
恭一
恭一
そうだ。オレにとって、ここは危険な場所なんかじゃない
そうだ。オレにとって、ここは危険な場所なんかじゃない
恭一
恭一
身体がそう告げていた
身体がそう告げていた
恭一
恭一
もちろん他の目的もあったけどな
もちろん他の目的もあったけどな
奥へと歩いていく。
奥へと歩いていく。
恋は、慌ててオレの後を追ってきた。
恋は、慌ててオレの後を追ってきた。
恋
恋
あ、危ないです
あ、危ないです
恭一
恭一
危ないねえ……
危ないねえ……
男Ｉ
男Ｉ
…………
…………
恋
恋
っ……
っ……
スッと、影から男の一人が出てくる。
スッと、影から男の一人が出てくる。
男Ｉ
男Ｉ
あんたは……もう、ここには来ないでくれって頼んだはずだ……
あんたは……もう、ここには来ないでくれって頼んだはずだ……
恭一
恭一
ちょっと探しものがあってな
ちょっと探しものがあってな
恭一
恭一
丁度いい、例の場所に案内しろ
丁度いい、例の場所に案内しろ
男Ｉ
男Ｉ
……そっちの女は？
……そっちの女は？
恭一
恭一
オレの連れだ
オレの連れだ
恭一
恭一
安心しろ。目的を果たしたらここには来ねえよ
安心しろ。目的を果たしたらここには来ねえよ
男Ｉ
男Ｉ
……ついてこい
……ついてこい
恋
恋
ど、どういうことですか？　あの方は？
ど、どういうことですか？　あの方は？
恭一
恭一
さぁな。名前も知らねえ
さぁな。名前も知らねえ
恋
恋
きっ、危険です……そんな人にどこか案内させるなんて
きっ、危険です……そんな人にどこか案内させるなんて
恭一
恭一
おまえの父親が亡くなったとされる、崩落場所を見つけた
おまえの父親が亡くなったとされる、崩落場所を見つけた
恋
恋
……ほんと、ですか
……ほんと、ですか
オレは頷く。
オレは頷く。
恋
恋
もしかして……何度もここに足を運んでたのって……
もしかして……何度もここに足を運んでたのって……
恭一
恭一
…………
…………
恋
恋
……私のために……
……私のために……
恭一
恭一
おら、ぼさっとしてないでさっさと行くぞ
おら、ぼさっとしてないでさっさと行くぞ
恋
恋
は、はい
は、はい
恋
恋
でも、気を付けてください。ここは危険な人たちがたくさんいますから
でも、気を付けてください。ここは危険な人たちがたくさんいますから
恭一
恭一
危険ねぇ
危険ねぇ
恭一
恭一
まず襲われることはないと思うけどな
まず襲われることはないと思うけどな
恋
恋
えっ？
えっ？
オレは、程なくして崩落場所にたどり着く。
オレは、程なくして崩落場所にたどり着く。
恋
恋
な、何事もなくたどり着けました
な、何事もなくたどり着けました
恭一
恭一
運が良かったな
運が良かったな
恋
恋
なにかしたんですか？　恭一さんが
なにかしたんですか？　恭一さんが
男Ｉ
男Ｉ
何かしたも何も……この男を襲う物好きなんざ、もうここにはいない
何かしたも何も……この男を襲う物好きなんざ、もうここにはいない
恋
恋
……それって、どういう？
……それって、どういう？
男Ｉ
男Ｉ
あんた何も知らないんだな……こいつは化け物だ
あんた何も知らないんだな……こいつは化け物だ
男Ｉ
男Ｉ
いや、化け物って言葉すら生ぬるい……
いや、化け物って言葉すら生ぬるい……
俺は長年この区画に住んでるが、こんな奴を見たのは初めてだ
俺は長年この区画に住んでるが、こんな奴を見たのは初めてだ
男Ｉ
男Ｉ
と、ともかく案内はした。約束は守ってくれよ
と、ともかく案内はした。約束は守ってくれよ
恭一
恭一
ああ
ああ
男は立ち去っていく。
男は立ち去っていく。
恋
恋
……恭一さん。何をしたんですか？
……恭一さん。何をしたんですか？
恭一
恭一
下層区画の危険と呼ばれる連中を片っ端から潰した。それだけだ
下層区画の危険と呼ばれる連中を片っ端から潰した。それだけだ
恋
恋
つ、潰したって……
つ、潰したって……
恭一
恭一
おまえの言う喧嘩、ってやつでな
おまえの言う喧嘩、ってやつでな
恋
恋
そ、そんなことできるわけないじゃないですか……
そ、そんなことできるわけないじゃないですか……
恭一
恭一
信じるも信じないも、おまえの自由だ
信じるも信じないも、おまえの自由だ
恋
恋
…………
…………
恭一
恭一
ま、んなことはいい。探すぞ
ま、んなことはいい。探すぞ
恭一
恭一
折角ノーリスクでここまで辿りついたんだ。探さないと損だぜ？
折角ノーリスクでここまで辿りついたんだ。探さないと損だぜ？
恭一
恭一
目の前には、お前が捜し求めていた場所があるんだ
目の前には、お前が捜し求めていた場所があるんだ
恋
恋
は、はいっ
は、はいっ
もちろん、オレはここに来た時軽く探しては見た。
もちろん、オレはここに来た時軽く探しては見た。
だが、ネックレスらしきものは見つかっていない。
だが、ネックレスらしきものは見つかっていない。
考えられるパターンは２つ。
考えられるパターンは２つ。
ネックレスは既に誰かに盗られているか、
ネックレスは既に誰かに盗られているか、
この瓦礫の遥か向こうのどちらか。
この瓦礫の遥か向こうのどちらか。
どちらにしてもつみだ。
どちらにしてもつみだ。
オレがここにこいつを連れて来たのは、
オレがここにこいつを連れて来たのは、
今日ここで、ネックレスへの想いを絶つため。
今日ここで、ネックレスへの想いを絶つため。
気の済むまで調べさせてやることだけだ。
気の済むまで調べさせてやることだけだ。
恋
恋
んっ……
んっ……
恋はしゃがみこみ、瓦礫を１つ１つどかす。
恋はしゃがみこみ、瓦礫を１つ１つどかす。
恭一
恭一
オレは周囲を警戒しておく
オレは周囲を警戒しておく
恋
恋
はい……お願いします
はい……お願いします
恋は、息を切らせながらも作業を続けていた。
恋は、息を切らせながらも作業を続けていた。
恋
恋
ふう……ふうっ……
ふう……ふうっ……
元々体力のなさそうな恋には、瓦礫ひとつ動かすのも重労働だ。
元々体力のなさそうな恋には、瓦礫ひとつ動かすのも重労働だ。
恭一
恭一
おまえの父親は、どんな奴だったんだ？
おまえの父親は、どんな奴だったんだ？
だめもとで聞いてみる。
だめもとで聞いてみる。
すると、予想に反して答えが返ってきた。
すると、予想に反して答えが返ってきた。
恋
恋
……特務官をしていました……
……特務官をしていました……
恋
恋
優しくて、力持ちで……街のヒーローだったんです
優しくて、力持ちで……街のヒーローだったんです
恋
恋
そんな父は、地上のことをよく勉強していました。
そんな父は、地上のことをよく勉強していました。
いつか地上に出ることが、父の夢だったんです……
いつか地上に出ることが、父の夢だったんです……
恋
恋
んっ……
んっ……
瓦礫をどかす。
瓦礫をどかす。
恋
恋
だから、この場所……地上に通じる道の再開発にも積極的でした
だから、この場所……地上に通じる道の再開発にも積極的でした
恋
恋
なんとかして地上へと繋げたい。その一心で働いていたんです
なんとかして地上へと繋げたい。その一心で働いていたんです
恋
恋
でも……
でも……
がらがらと音をたて、瓦礫が崩れる。
がらがらと音をたて、瓦礫が崩れる。
恋
恋
でも……視察に来ていた時に、ここで崩落事故に巻き込まれました
でも……視察に来ていた時に、ここで崩落事故に巻き込まれました
恋
恋
奇跡的に、事故にあったのは父だけで済みましたが……即死だったそうです
奇跡的に、事故にあったのは父だけで済みましたが……即死だったそうです
恭一
恭一
おまえは、父親の意思を継ぐために特務官になったのか？
おまえは、父親の意思を継ぐために特務官になったのか？
恋
恋
いえ……私には、地上に対する夢はありません。
いえ……私には、地上に対する夢はありません。
でも、父が誇りを持っていた特務官には、なりたいと思っていました
でも、父が誇りを持っていた特務官には、なりたいと思っていました
恋
恋
何とか特務官になれましたが、いつも先輩方の足を引っ張ってばかりで
何とか特務官になれましたが、いつも先輩方の足を引っ張ってばかりで
恋
恋
色々な場に出させていただいているのに、役に立てなくて……
色々な場に出させていただいているのに、役に立てなくて……
恋
恋
だから、私あなたのお話を聞いた時、立候補したんです
だから、私あなたのお話を聞いた時、立候補したんです
恋
恋
地上って言葉に、運命も感じました
地上って言葉に、運命も感じました
恋
恋
……恭一さんは、凄く手のかかる人で、苦労は絶えませんが……
……恭一さんは、凄く手のかかる人で、苦労は絶えませんが……
恋
恋
ん、しょ……しょっと……
ん、しょ……しょっと……
動かせるだけの瓦礫は、殆ど動かしたと言ってもいい。
動かせるだけの瓦礫は、殆ど動かしたと言ってもいい。
だが、当然ネックレスは見当たらない。
だが、当然ネックレスは見当たらない。
恋
恋
ネックレスは、母の形見で、父はいつも肌身離さず持っていました
ネックレスは、母の形見で、父はいつも肌身離さず持っていました
恭一
恭一
高いものか？
高いものか？
恋
恋
さぁ。それほどでは、ないと思いますが
さぁ。それほどでは、ないと思いますが
恋
恋
いつか、私がお嫁に行く時くれる、そう約束していたんです……
いつか、私がお嫁に行く時くれる、そう約束していたんです……
恋
恋
……ない、かなあ……
……ない、かなあ……
その場に座り込んで、恋は小さくそう言った。
その場に座り込んで、恋は小さくそう言った。
恋
恋
見つかりませんね……
見つかりませんね……
恭一
恭一
諦めるか？
諦めるか？
恋
恋
……もう少しだけ、続けてもいいでしょうか？
……もう少しだけ、続けてもいいでしょうか？
恭一
恭一
オレは見てるだけだからな。好きにすればいい
オレは見てるだけだからな。好きにすればいい
恋
恋
ごめんなさい。ありがとうございます
ごめんなさい。ありがとうございます
恭一
恭一
……どんなネックレスなんだ？　それは
……どんなネックレスなんだ？　それは
恋
恋
えと……銀色で、３つくらいの輪になったやつなんです
えと……銀色で、３つくらいの輪になったやつなんです
恭一
恭一
はぁん……
はぁん……
恋
恋
見つからないなぁ……
見つからないなぁ……
恋
恋
この瓦礫の向こう……なんでしょうか
この瓦礫の向こう……なんでしょうか
恭一
恭一
その可能性は十分ある。正直お手上げだろう
その可能性は十分ある。正直お手上げだろう
恋
恋
……んっ
……んっ
恋は、ぴょんとジャンプして瓦礫につかまり、よじ登ろうとした。
恋は、ぴょんとジャンプして瓦礫につかまり、よじ登ろうとした。
恭一
恭一
無茶するな、どうにもならない
無茶するな、どうにもならない
恋
恋
でも……もうちょっと……探したくて……
でも……もうちょっと……探したくて……
必死に昇るが、昇ってもその先に光はない。
必死に昇るが、昇ってもその先に光はない。
この瓦礫は、人の手でどかすにはあまりに大きすぎる。
この瓦礫は、人の手でどかすにはあまりに大きすぎる。
恋
恋
ネックレス……ネックレス……
ネックレス……ネックレス……
見えない暗闇に手を伸ばす恋。
見えない暗闇に手を伸ばす恋。
恋
恋
っ！？
っ！？
無理な体勢を維持していたため、恋は足場を失う。
無理な体勢を維持していたため、恋は足場を失う。
恋
恋
きゃ！
きゃ！
そして、重力に引かれ背中から地面に落ちる。
そして、重力に引かれ背中から地面に落ちる。
高さはそれほどでもないが、下は瓦礫の山だ。
高さはそれほどでもないが、下は瓦礫の山だ。
恭一
恭一
ち！
ち！
オレは素早く駆け、瓦礫の山に飛び込んだ。
オレは素早く駆け、瓦礫の山に飛び込んだ。
se地面を転げまわる
se地面を転げまわる
背中を、強く強打する。
背中を、強く強打する。
恭一
恭一
……おい、大丈夫か？
……おい、大丈夫か？
恋
恋
ん……
ん……
ゆっくりと目を開く恋。
ゆっくりと目を開く恋。
恋
恋
きょ、恭一さん……
きょ、恭一さん……
恭一
恭一
無茶しすぎだ。下手したら今の高さでも死ぬぞ
無茶しすぎだ。下手したら今の高さでも死ぬぞ
恋
恋
……ご、ごめんなさい
……ご、ごめんなさい
恋
恋
助けて、くれたんですね……
助けて、くれたんですね……
恭一
恭一
別に。ちょっと転んだらたまたまおまえが降ってきたんだ
別に。ちょっと転んだらたまたまおまえが降ってきたんだ
恋
恋
それ、どんな転び方……あっ
それ、どんな転び方……あっ
恭一
恭一
どうした
どうした
恋
恋
顔、怪我してます、血が……
顔、怪我してます、血が……
恭一
恭一
大したことはない
大したことはない
恋
恋
でも……！
でも……！
恋が、オレの顔に手を伸ばす。
恋が、オレの顔に手を伸ばす。
恋
恋
私のせいで……ごめんなさい……
私のせいで……ごめんなさい……
se心臓の鼓動 (2
se心臓の鼓動 (2
ドクッ。
ドクッ。
オレの鼓動が、１つ大きく跳ねた。
オレの鼓動が、１つ大きく跳ねた。
なんだ……？
なんだ……？
se心臓の鼓動 (2
se心臓の鼓動 (2
ドクッ。
ドクッ。
オレを見つめる、濡れた瞳。
オレを見つめる、濡れた瞳。
力のない腕。
力のない腕。
なにか、何かが引っかか
なにか、何かが引っかか
その瞬間、オレの脳はショートした。
その瞬間、オレの脳はショートした。
恭一
恭一
……あ
……あ
恭一
恭一
ぐあああああああああああああああああああっ！！
ぐあああああああああああああああああああっ！！
恋
恋
きょ、恭一さん！　恭一さん！？
きょ、恭一さん！　恭一さん！？
…………。
…………。
恭一
恭一
……っ……
……っ……
頬に、何かが落ちてきた。
頬に、何かが落ちてきた。
恋
恋
あっ……
あっ……
小さな声が、届く。
小さな声が、届く。
恋
恋
良かった……目が、覚めてくれて……
良かった……目が、覚めてくれて……
恭一
恭一
オレは……
オレは……
さっきまで上に居たはずのオレが、何故か恋の膝の上に居る。
さっきまで上に居たはずのオレが、何故か恋の膝の上に居る。
恋
恋
突然、恭一さん頭を抱えて……
突然、恭一さん頭を抱えて……
恋
恋
すごく苦しそうでした……
すごく苦しそうでした……
恭一
恭一
そうか……
そうか……
確かに、一瞬頭が割れるような痛みに襲われた。
確かに、一瞬頭が割れるような痛みに襲われた。
だが、気づいたら今だった。
だが、気づいたら今だった。
意識を繋ぎとめておく、と言う行為すら不可能だった。
意識を繋ぎとめておく、と言う行為すら不可能だった。
恭一
恭一
逆に心配かけたな
逆に心配かけたな
恋
恋
いえ……ご無事なら、それで……
いえ……ご無事なら、それで……
恭一
恭一
ネックレスはもういいのか？
ネックレスはもういいのか？
恋
恋
はい。諦めがつきました
はい。諦めがつきました
恋
恋
もう見つからないんだと思います
もう見つからないんだと思います
恋の手は傷だらけだった。
恋の手は傷だらけだった。
これ以上ないくらい、必死に探し回った証拠だ。
これ以上ないくらい、必死に探し回った証拠だ。
恭一
恭一
そうか……
そうか……
恋
恋
帰りましょう、恭一さん
帰りましょう、恭一さん
２０分ほどかけて、オレたちはドリームタウンへと戻ってきた。
２０分ほどかけて、オレたちはドリームタウンへと戻ってきた。
恋
恋
……ありがとうございました。これで、諦めることができます
……ありがとうございました。これで、諦めることができます
恋
恋
恭一さんには、感謝してもしきれません
恭一さんには、感謝してもしきれません
恭一
恭一
本当は、見つかることが一番だったがな
本当は、見つかることが一番だったがな
恋
恋
いいんです。きっと、もうあの場所にはありません
いいんです。きっと、もうあの場所にはありません
恋
恋
それが分かっただけでも、良かったです
それが分かっただけでも、良かったです
恭一
恭一
おまえが納得できたのなら、それでいい
おまえが納得できたのなら、それでいい
恋
恋
はい
はい
恭一
恭一
おまえは、もう少し人を頼ることを覚えろ
おまえは、もう少し人を頼ることを覚えろ
恭一
恭一
少なくとも同居人のオレを頼っても、罰は当たらないだろ
少なくとも同居人のオレを頼っても、罰は当たらないだろ
恋
恋
……はい
……はい
素直に、そう頷いた。
素直に、そう頷いた。
恋
恋
あなたの優しさが……感じられましたから
あなたの優しさが……感じられましたから
恭一
恭一
優しさねえ
優しさねえ
オレは、ぺろんと、恋のケツを撫でた。
オレは、ぺろんと、恋のケツを撫でた。
恋
恋
ひゃうわ！？
ひゃうわ！？
飛び跳ねる。
飛び跳ねる。
恋
恋
ななな、何するんですか！
ななな、何するんですか！
恭一
恭一
ケツを撫でただけだ
ケツを撫でただけだ
恋
恋
セクハラです！　変態です！　エッチです！
セクハラです！　変態です！　エッチです！
恭一
恭一
優しいオレへのお礼と思えば安いもんだろ
優しいオレへのお礼と思えば安いもんだろ
恋
恋
さ、さいてーです！
さ、さいてーです！
恭一
恭一
ケツを撫でただけで最低か
ケツを撫でただけで最低か
恋
恋
どうして、あなたはいつもいつも
どうして、あなたはいつもいつも
恭一
恭一
ふっ
ふっ
恋
恋
な、何がおかしいんですかっ
な、何がおかしいんですかっ
恭一
恭一
いや。そうやって怒ってる方が似合うと思ってな
いや。そうやって怒ってる方が似合うと思ってな
恋
恋
私を怒らせるのは恭一さんだけですっ
私を怒らせるのは恭一さんだけですっ
恭一
恭一
ほら帰るぞ
ほら帰るぞ
ペロン。
ペロン。
恋
恋
うきゃあ！　ま、また触りましたね！
うきゃあ！　ま、また触りましたね！
恭一
恭一
女のケツってのはいいな。柔らかくて
女のケツってのはいいな。柔らかくて
恋
恋
やっぱり最低の人です……！
やっぱり最低の人です……！
麦蔵
麦蔵
俺の言った通り、ネックレスは見つからなかったようだな
俺の言った通り、ネックレスは見つからなかったようだな
恭一
恭一
あれだけ瓦礫がひどいと、取り除きようもないな
あれだけ瓦礫がひどいと、取り除きようもないな
麦蔵
麦蔵
取り除けるもんならとっくにそうしてる
取り除けるもんならとっくにそうしてる
麦蔵
麦蔵
あれは数十、数百メートルにも及んで崩落してるからな
あれは数十、数百メートルにも及んで崩落してるからな
手の施しようがないわけだ。
手の施しようがないわけだ。
麦蔵
麦蔵
長谷川は、諦めもついたのか？
長谷川は、諦めもついたのか？
恭一
恭一
どうだろうな
どうだろうな
恭一
恭一
まぁ、当分無茶はしないだろう
まぁ、当分無茶はしないだろう
龍也
龍也
お疲れ様です。ただいま戻りました
お疲れ様です。ただいま戻りました
室内でおっさんと話していると、龍也がやって来た。
室内でおっさんと話していると、龍也がやって来た。
龍也
龍也
……恭一君も居たんですね
……恭一君も居たんですね
恭一
恭一
居ちゃ駄目だったか？
居ちゃ駄目だったか？
龍也
龍也
そういうわけではありませんが……
そういうわけではありませんが……
麦蔵
麦蔵
報告を聞かせてもらおうか
報告を聞かせてもらおうか
龍也
龍也
彼が居る前で、よろしいのですか？
彼が居る前で、よろしいのですか？
麦蔵
麦蔵
こいつが知ったところで、なんの益にもならんさ
こいつが知ったところで、なんの益にもならんさ
麦蔵
麦蔵
俺が聞きたいことは分かっているな？
俺が聞きたいことは分かっているな？
龍也
龍也
例の土地を何故勝ち得たか、ですね？
例の土地を何故勝ち得たか、ですね？
麦蔵
麦蔵
そうだ。どういうことだ、高坂。どこであんな金を用意した
そうだ。どういうことだ、高坂。どこであんな金を用意した
龍也
龍也
クイーンと取引をしたに過ぎません
クイーンと取引をしたに過ぎません
麦蔵
麦蔵
クイーンとは手を結ばなかったんじゃないのか？
クイーンとは手を結ばなかったんじゃないのか？
龍也
龍也
気が変わりまして。彼を倒すには必要な力だったんです
気が変わりまして。彼を倒すには必要な力だったんです
麦蔵
麦蔵
ふん、最初から奴に譲るつもりはなかったと言うことか
ふん、最初から奴に譲るつもりはなかったと言うことか
龍也
龍也
彼は特務官に就任以後、危うい状況を作りつつもすべて成功を収めてきた
彼は特務官に就任以後、危うい状況を作りつつもすべて成功を収めてきた
龍也
龍也
ここらで失敗をさせておかないと、後々怖いと思いましてね
ここらで失敗をさせておかないと、後々怖いと思いましてね
麦蔵
麦蔵
それは早計だったかも知れんぞ
それは早計だったかも知れんぞ
龍也
龍也
と、言いますと？
と、言いますと？
麦蔵
麦蔵
失敗することで潰れる男なら、怖くはない。
失敗することで潰れる男なら、怖くはない。
問題は、この失敗を更なる糧とし、成長することだ
問題は、この失敗を更なる糧とし、成長することだ
龍也
龍也
そうなったら、また次の手を考えるだけです
そうなったら、また次の手を考えるだけです
麦蔵
麦蔵
まぁいい。喜ばしいことに変わりはないのだからな
まぁいい。喜ばしいことに変わりはないのだからな
恭一
恭一
奴ってのは誰だ？
奴ってのは誰だ？
龍也
龍也
ホープタウンに住む、若い特務官のことです。恭一君には関係ありませんよ
ホープタウンに住む、若い特務官のことです。恭一君には関係ありませんよ
恭一
恭一
はぁん
はぁん
あおい
あおい
失礼します
失礼します
ノックの後、女が入ってきた。
ノックの後、女が入ってきた。
麦蔵
麦蔵
来たか
来たか
龍也
龍也
彼女に何か？
彼女に何か？
麦蔵
麦蔵
おまえのボディーガードだったな、こいつは
おまえのボディーガードだったな、こいつは
龍也
龍也
はい。街で一番優秀な方です
はい。街で一番優秀な方です
恭一
恭一
女のボディーガードで、一番？
女のボディーガードで、一番？
あおい
あおい
…………
…………
龍也
龍也
それは女性蔑視だよ恭一くん。彼女は男性よりも強い
それは女性蔑視だよ恭一くん。彼女は男性よりも強い
麦蔵
麦蔵
最近は物騒だからな。俺も護衛をつけようと考えている
最近は物騒だからな。俺も護衛をつけようと考えている
龍也
龍也
ようやく決意して頂けましたか
ようやく決意して頂けましたか
麦蔵
麦蔵
おまえには何度も忠告されていたな。護衛をつけろと
おまえには何度も忠告されていたな。護衛をつけろと
龍也
龍也
大河内代表が希望されるなら、あおいさんを推薦します。
大河内代表が希望されるなら、あおいさんを推薦します。
代表を守るのは、最も優秀なボディーガードがいいでしょう
代表を守るのは、最も優秀なボディーガードがいいでしょう
麦蔵
麦蔵
いや、俺は恭一をボディーガードにするつもりだ
いや、俺は恭一をボディーガードにするつもりだ
龍也
龍也
……ご冗談を
……ご冗談を
麦蔵
麦蔵
本気さ。こいつの身体能力の数値は見たことがあるだろ
本気さ。こいつの身体能力の数値は見たことがあるだろ
龍也
龍也
確かに驚異的です。ですが、俄かには信じがたい。
確かに驚異的です。ですが、俄かには信じがたい。
仮に数値が本当だとしても、それが強さには繋がりません
仮に数値が本当だとしても、それが強さには繋がりません
麦蔵
麦蔵
おまえならそういうと思っていた。
おまえならそういうと思っていた。
宮川、と言う名前だったな、確か
宮川、と言う名前だったな、確か
あおい
あおい
はい。宮川あおいと申します
はい。宮川あおいと申します
麦蔵
麦蔵
この男を、危険人物と想定し、全力で叩きのめせ
この男を、危険人物と想定し、全力で叩きのめせ
あおい
あおい
よろしいのですか？
よろしいのですか？
麦蔵
麦蔵
ああ。おまえが倒せたなら、今日からおまえが俺の護衛だ
ああ。おまえが倒せたなら、今日からおまえが俺の護衛だ
恭一
恭一
俺は抵抗していいんだよな
俺は抵抗していいんだよな
麦蔵
麦蔵
おまえも同じだ。この宮川を敵と認識しろ
おまえも同じだ。この宮川を敵と認識しろ
恭一
恭一
全力でやっていいと？
全力でやっていいと？
麦蔵
麦蔵
当然だ
当然だ
恭一
恭一
ま、興味は無いが。自分が一番だと自負してる奴の心を折るのも面白そうだ
ま、興味は無いが。自分が一番だと自負してる奴の心を折るのも面白そうだ
あおい
あおい
……参ります
……参ります
恭一
恭一
いちいち確認なんて取らず、かかってこい
いちいち確認なんて取らず、かかってこい
龍也
龍也
よろしいのですか、本当に
よろしいのですか、本当に
麦蔵
麦蔵
好奇心だ。この男が本物かどうか知りたい
好奇心だ。この男が本物かどうか知りたい
あおい
あおい
がはっ！！
がはっ！！
オレは女の頭を掴んだまま、テーブルにたたき付けた。
オレは女の頭を掴んだまま、テーブルにたたき付けた。
あおい
あおい
ぐ……っ……
ぐ……っ……
まだ若干意識があるのか、弱弱しい力でオレの腕を握る。
まだ若干意識があるのか、弱弱しい力でオレの腕を握る。
恭一
恭一
終わりだ
終わりだ
そのまま頭を上に持ち上げ、
そのまま頭を上に持ち上げ、
もう一度テーブルにたたきつける。
もう一度テーブルにたたきつける。
女が次に反応することはなかった。
女が次に反応することはなかった。
オレは、更に頭を持ち上げる。
オレは、更に頭を持ち上げる。
麦蔵
麦蔵
……そこまでだ
……そこまでだ
恭一
恭一
もういいのか？
もういいのか？
麦蔵
麦蔵
それ以上続ければ、死にかねん
それ以上続ければ、死にかねん
恭一
恭一
やれやれ
やれやれ
手を離すと、女はテーブルから床に崩れ落ちた。
手を離すと、女はテーブルから床に崩れ落ちた。
龍也
龍也
み、宮川くん！　……急ぎ医療班を！
み、宮川くん！　……急ぎ医療班を！
室内の電話から、そう呼びかける。
室内の電話から、そう呼びかける。
麦蔵
麦蔵
どうだった。このボディーガードは
どうだった。このボディーガードは
恭一
恭一
これが一番じゃ、質が知れるな
これが一番じゃ、質が知れるな
龍也
龍也
……っ……
……っ……
麦蔵
麦蔵
おまえが強すぎるだけだ。くくっ、とんでもない男だ
おまえが強すぎるだけだ。くくっ、とんでもない男だ
龍也
龍也
相手が女性でも、容赦しないんですね
相手が女性でも、容赦しないんですね
恭一
恭一
戦いに男も女も無い。そうだろ
戦いに男も女も無い。そうだろ
麦蔵
麦蔵
決まりだな
決まりだな
恭一
恭一
あ？　オレはおまえの護衛につくつもりなんてないぜ
あ？　オレはおまえの護衛につくつもりなんてないぜ
麦蔵
麦蔵
安心しろ。引っ張りまわしたりするつもりはない
安心しろ。引っ張りまわしたりするつもりはない
麦蔵
麦蔵
ここぞと言うところで役に立ってくれればな
ここぞと言うところで役に立ってくれればな
恭一
恭一
ここぞ？
ここぞ？
麦蔵
麦蔵
近いうち天国に連れて行ってやる
近いうち天国に連れて行ってやる
恭一
恭一
天国ねぇ
天国ねぇ
…………。
…………。
……。
……。
