今日も今日とて、オレはドリームタウンのカジノへ足を運んでいた。
今日も今日とて、オレはドリームタウンのカジノへ足を運んでいた。
希望
希望
こんにちは秀隆くん
こんにちは秀隆くん
秀隆
秀隆
よっ。悪いな、呼び出しちゃって
よっ。悪いな、呼び出しちゃって
希望
希望
別に平気だよ。私の家でもあるし
別に平気だよ。私の家でもあるし
秀隆
秀隆
毎日喧騒の中に生きるって、ちょっと大変そうだよな
毎日喧騒の中に生きるって、ちょっと大変そうだよな
希望
希望
そうだね。でも寂しくはならないから、一長一短かな
そうだね。でも寂しくはならないから、一長一短かな
秀隆
秀隆
そう言う考え方も出来るか
そう言う考え方も出来るか
希望
希望
今日はどうしたの？
今日はどうしたの？
秀隆
秀隆
一人でカジノを楽しむって気分でもないし、
一人でカジノを楽しむって気分でもないし、
希望と一緒に回れば、退屈しないだろうと思ったんだ
希望と一緒に回れば、退屈しないだろうと思ったんだ
希望
希望
楽しむ？　いつも、見て回るだけなのに？
楽しむ？　いつも、見て回るだけなのに？
秀隆
秀隆
お金のないオレは、雰囲気を楽しむと言う特技が身についた
お金のないオレは、雰囲気を楽しむと言う特技が身についた
希望
希望
うわ、なんか惨めな感じだね
うわ、なんか惨めな感じだね
秀隆
秀隆
惨め言うな。これはこれで、いいスキルだぞ
惨め言うな。これはこれで、いいスキルだぞ
秀隆
秀隆
あ、こんにちは静乃さん！
あ、こんにちは静乃さん！
静乃
静乃
どうも……
どうも……
秀隆
秀隆
いやぁいつ見てもお美しい
いやぁいつ見てもお美しい
希望
希望
カジノに通ってる目的って、実は不純な動機だったりしない？
カジノに通ってる目的って、実は不純な動機だったりしない？
秀隆
秀隆
しないしない。気のせいだって
しないしない。気のせいだって
静乃
静乃
では、私はこれで
では、私はこれで
秀隆
秀隆
うーん、あのちょっとツンとした感じがまたいいよな
うーん、あのちょっとツンとした感じがまたいいよな
希望
希望
凛ちゃん見たいなタイプが好みってこと？
凛ちゃん見たいなタイプが好みってこと？
秀隆
秀隆
凛と静乃さんを一緒にするな、失礼だろ
凛と静乃さんを一緒にするな、失礼だろ
希望
希望
それはどっちに対してどう失礼なのかな？
それはどっちに対してどう失礼なのかな？
秀隆
秀隆
ははははは、それはノーコメントだ
ははははは、それはノーコメントだ
希望
希望
あとで凛ちゃんに言っておくね
あとで凛ちゃんに言っておくね
秀隆
秀隆
どっちでもいいじゃないか。二人とも素晴らしい女性なんだから。うん
どっちでもいいじゃないか。二人とも素晴らしい女性なんだから。うん
秀隆
秀隆
遊んでもいないオレが聞くのもあれなんだけどさ、
遊んでもいないオレが聞くのもあれなんだけどさ、
高額当選した人って、どういう風になるんだ？
高額当選した人って、どういう風になるんだ？
希望
希望
どういうことかな？
どういうことかな？
秀隆
秀隆
いやほら、その場で大金を渡されたりするのかなと
いやほら、その場で大金を渡されたりするのかなと
希望
希望
現金か電信か選べるんじゃなかったかな。
現金か電信か選べるんじゃなかったかな。
でも、電信による送金をお勧めしてるよ。危ないし
でも、電信による送金をお勧めしてるよ。危ないし
秀隆
秀隆
そうだよな。これだけ人が多い場所で
そうだよな。これだけ人が多い場所で
ジャックポットでもさせようものなら、大騒ぎだ
ジャックポットでもさせようものなら、大騒ぎだ
それだけで目を付けられてしまうことだってありうる。
それだけで目を付けられてしまうことだってありうる。
秀隆
秀隆
今日も、フロアのどこかで大金持ちになった人間がいるんだろうな
今日も、フロアのどこかで大金持ちになった人間がいるんだろうな
秀隆
秀隆
夢の街だよ、ほんと
夢の街だよ、ほんと
希望
希望
けど、結構悲惨だったりするかも
けど、結構悲惨だったりするかも
秀隆
秀隆
負けた人間のことか？
負けた人間のことか？
希望
希望
当たった人のこと。素直に喜ぶだけじゃすまないんじゃないかな
当たった人のこと。素直に喜ぶだけじゃすまないんじゃないかな
秀隆
秀隆
大金が手に入るのにか？
大金が手に入るのにか？
希望
希望
お金が入ると、環境もガラリと変わっちゃうみたいで。
お金が入ると、環境もガラリと変わっちゃうみたいで。
周囲の人たちからの見方が変わって、生き辛くなったとかさ
周囲の人たちからの見方が変わって、生き辛くなったとかさ
秀隆
秀隆
……そうか。そうかもな
……そうか。そうかもな
昨日まで隣人だった友人や親戚が、
昨日まで隣人だった友人や親戚が、
突如金持ちになったら、そら状況は変わるよな。
突如金持ちになったら、そら状況は変わるよな。
希望
希望
私は、街には賭け事があることが当たり前の中で育ってきたから、
私は、街には賭け事があることが当たり前の中で育ってきたから、
今まではそう言うことも特に思うことはなかった
今まではそう言うことも特に思うことはなかった
希望
希望
けど、ホープタウンを知って、少し変わったかな。
けど、ホープタウンを知って、少し変わったかな。
平和に生活できる街も、ここと同じくらい幸せなんだろうなって
平和に生活できる街も、ここと同じくらい幸せなんだろうなって
同じ人間、同じ日本人でも、
同じ人間、同じ日本人でも、
育つ環境が違えば思想も大きくことなる。
育つ環境が違えば思想も大きくことなる。
自分では当たり前だと思っていたことが、そうじゃなかったり。
自分では当たり前だと思っていたことが、そうじゃなかったり。
それは、街を知り、外の世界を知らなければ分からないことだ。
それは、街を知り、外の世界を知らなければ分からないことだ。
規制緩和が成立すれば、皆世界を知ることが出来る。
規制緩和が成立すれば、皆世界を知ることが出来る。
そう考えれば、オレも少しは前向きに戦うことが出来るかもしれない。
そう考えれば、オレも少しは前向きに戦うことが出来るかもしれない。
ただ唐沢代表への後ろめたさを抱いて、戦うのは辛いだけだ。
ただ唐沢代表への後ろめたさを抱いて、戦うのは辛いだけだ。
皆が丸く、喜べるように出来るなら―――。
皆が丸く、喜べるように出来るなら―――。
秀隆
秀隆
そうだ、今週って高坂特務官の予定がどうなってるかとか知ってるか？
そうだ、今週って高坂特務官の予定がどうなってるかとか知ってるか？
希望
希望
私は仕事のスケジュールはわからないかな
私は仕事のスケジュールはわからないかな
希望
希望
ただ、明日と明後日は、ホープタウンで仕事があるみたい。
ただ、明日と明後日は、ホープタウンで仕事があるみたい。
泊まりがけだって言ってた
泊まりがけだって言ってた
秀隆
秀隆
そうなのか。高坂特務官も大変だな
そうなのか。高坂特務官も大変だな
希望
希望
でもそれがどうかしたの？
でもそれがどうかしたの？
秀隆
秀隆
明日大河内代表にお会いしようと思っててさ、
明日大河内代表にお会いしようと思っててさ、
そのついでに挨拶が出来たらってね。それだけだ
そのついでに挨拶が出来たらってね。それだけだ
希望
希望
そっか。残念だね
そっか。残念だね
秀隆
秀隆
仕方ないさ。高坂特務官は多忙だから
仕方ないさ。高坂特務官は多忙だから
秀隆
秀隆
さて……そろそろ帰ろうかな
さて……そろそろ帰ろうかな
希望
希望
あれ、意外と早いんだね。もうちょっとゆっくりしていけばいいのに
あれ、意外と早いんだね。もうちょっとゆっくりしていけばいいのに
秀隆
秀隆
いや、ちょっと今日は別の用件もあるんだ。また来るよ
いや、ちょっと今日は別の用件もあるんだ。また来るよ
希望
希望
残念だけど、仕方ないね。それじゃあ、また今度
残念だけど、仕方ないね。それじゃあ、また今度
秀隆
秀隆
明日と明後日、高坂特務官が不在か……
明日と明後日、高坂特務官が不在か……
時期的には、願ったり叶ったりのタイミングと言える。
時期的には、願ったり叶ったりのタイミングと言える。
秀隆
秀隆
あれ？　今のは杉村さん？　……まさか
あれ？　今のは杉村さん？　……まさか
いや、でもオレが杉村さんを見間違うはずもないし、
いや、でもオレが杉村さんを見間違うはずもないし、
何より杉村さんみたいな美人が早々いるはずもない。
何より杉村さんみたいな美人が早々いるはずもない。
じゃあ、やっぱり杉村さん？
じゃあ、やっぱり杉村さん？
すれ違った彼女は、カジノの中へ。
すれ違った彼女は、カジノの中へ。
オレは少し気になったので、追いかけてみることにした。
オレは少し気になったので、追いかけてみることにした。
多くの人がいるため、簡単には見つけられない。
多くの人がいるため、簡単には見つけられない。
そう思っていたけど、杉村さんのことを知りつくしているオレは、
そう思っていたけど、杉村さんのことを知りつくしているオレは、
すぐにその後ろ姿を発見する。
すぐにその後ろ姿を発見する。
秀隆
秀隆
杉村さん？
杉村さん？
まだ確証はなかったため、疑問形で声をかける。
まだ確証はなかったため、疑問形で声をかける。
杉村
杉村
あら、島津くん？
あら、島津くん？
振り返ったその人は天女、いや、杉村さんだった。
振り返ったその人は天女、いや、杉村さんだった。
秀隆
秀隆
どうして杉村さんがドリームタウンに？
どうして杉村さんがドリームタウンに？
杉村
杉村
島津くんこそ。なんかすっかり特務官らしいことしてるじゃない
島津くんこそ。なんかすっかり特務官らしいことしてるじゃない
オレの格好と、手に持った鞄を見て言った。
オレの格好と、手に持った鞄を見て言った。
杉村
杉村
今日は精神科医の先生同士で集まるシンポジウムがあるのよ
今日は精神科医の先生同士で集まるシンポジウムがあるのよ
杉村
杉村
それで許可をもらって足を運んだの
それで許可をもらって足を運んだの
秀隆
秀隆
へえ。そんな集まりがあるんですね
へえ。そんな集まりがあるんですね
杉村
杉村
精神科医の先生は、需要に対してすごく少ないの。
精神科医の先生は、需要に対してすごく少ないの。
だから少しでも多くの人に理解してもらおうってことで開催してるらしいのよ
だから少しでも多くの人に理解してもらおうってことで開催してるらしいのよ
杉村
杉村
それで？　何か私に用事かしら？
それで？　何か私に用事かしら？
秀隆
秀隆
いえ。杉村さん似の美人だったので、もしやと思いまして
いえ。杉村さん似の美人だったので、もしやと思いまして
秀隆
秀隆
ドリームタウンでお会いするとか運命を感じますね
ドリームタウンでお会いするとか運命を感じますね
杉村
杉村
そう？　私は何も感じないわね
そう？　私は何も感じないわね
秀隆
秀隆
ははは、相変わらず厳しいですね！
ははは、相変わらず厳しいですね！
杉村
杉村
ごめんなさい。そろそろ行かないと
ごめんなさい。そろそろ行かないと
秀隆
秀隆
了解です。引き留めてしまってすみませんでした
了解です。引き留めてしまってすみませんでした
杉村
杉村
ううん。それじゃ、またね
ううん。それじゃ、またね
秀隆
秀隆
はい。お疲れ様です
はい。お疲れ様です
秀隆
秀隆
あー、やっぱり杉村さんは最高だなあ
あー、やっぱり杉村さんは最高だなあ
秀隆
秀隆
よっ。こんばんわ
よっ。こんばんわ
愛佳
愛佳
センセいらっしゃい。今日はどうしたの？
センセいらっしゃい。今日はどうしたの？
秀隆
秀隆
裕輔は帰ってるか？
裕輔は帰ってるか？
愛佳
愛佳
うん、帰ってるけど……
うん、帰ってるけど……
秀隆
秀隆
良かったら、少しお邪魔してもいいか
良かったら、少しお邪魔してもいいか
愛佳
愛佳
もちろん大丈夫。入って入って
もちろん大丈夫。入って入って
オレは愛佳に連れられリビングへ。
オレは愛佳に連れられリビングへ。
裕輔
裕輔
秀隆？　どうしたんだ今日は
秀隆？　どうしたんだ今日は
秀隆
秀隆
怪我の方はどうだ？
怪我の方はどうだ？
裕輔
裕輔
大丈夫だ。ほぼ問題ない
大丈夫だ。ほぼ問題ない
秀隆
秀隆
それは良かった
それは良かった
愛佳
愛佳
お茶入れるね。あ、センセはコーヒーだっけ
お茶入れるね。あ、センセはコーヒーだっけ
秀隆
秀隆
ブラックで頼む
ブラックで頼む
愛佳
愛佳
はーい
はーい
裕輔
裕輔
連絡をくれれば、しっかり出迎えたんだが
連絡をくれれば、しっかり出迎えたんだが
秀隆
秀隆
悪いな。出来れば履歴に残したくなかったんだ
悪いな。出来れば履歴に残したくなかったんだ
裕輔
裕輔
どういうことだ？
どういうことだ？
秀隆
秀隆
突然で悪いんだが、明日ドリームタウンに出てくることは出来ないか
突然で悪いんだが、明日ドリームタウンに出てくることは出来ないか
裕輔
裕輔
ドリームタウンに？　父親に話を通してみないとなんとも判断が出来ないが
ドリームタウンに？　父親に話を通してみないとなんとも判断が出来ないが
秀隆
秀隆
どうしても裕輔の力を借りたいんだ
どうしても裕輔の力を借りたいんだ
裕輔
裕輔
貧困街か？
貧困街か？
秀隆
秀隆
それとは完全に別件だ
それとは完全に別件だ
裕輔
裕輔
父親の方に確認を取ってみよう
父親の方に確認を取ってみよう
秀隆
秀隆
時間のほうが、これになる
時間のほうが、これになる
紙に書いておいたダイヤを手渡す。
紙に書いておいたダイヤを手渡す。
裕輔
裕輔
待たせたな。さすがに事情を求められた。
待たせたな。さすがに事情を求められた。
後学のためだと言って、一応納得してもらうことが出来た
後学のためだと言って、一応納得してもらうことが出来た
裕輔
裕輔
それで、俺は何をすればいい？
それで、俺は何をすればいい？
秀隆
秀隆
それは
それは
オレはドリームタウンの、カジノフロアの地図を広げる。
オレはドリームタウンの、カジノフロアの地図を広げる。
そして、裕輔に説明を始めた。
そして、裕輔に説明を始めた。
裕輔
裕輔
そんなことでいいのか。それなら特に問題はなさそうだ
そんなことでいいのか。それなら特に問題はなさそうだ
秀隆
秀隆
特務官とは無関係だからこそ、使える手段だと思ってる
特務官とは無関係だからこそ、使える手段だと思ってる
裕輔
裕輔
取り決め通り、俺はここに居ればいいんだな？
取り決め通り、俺はここに居ればいいんだな？
秀隆
秀隆
当日はこっちの方角に注意を向けてくれ。
当日はこっちの方角に注意を向けてくれ。
オレが通ることに気づかなかったら、意味が無いからな
オレが通ることに気づかなかったら、意味が無いからな
裕輔
裕輔
気をつけるようにしよう
気をつけるようにしよう
…………。
…………。
……。
……。
