秀隆
秀隆
説明会？
説明会？
まどか
まどか
そう。明日ホープタウンとドリームタウンで、
そう。明日ホープタウンとドリームタウンで、
競売に参加する企業の代表が集まる説明会があるの
競売に参加する企業の代表が集まる説明会があるの
秀隆
秀隆
いや、それは知ってるけど、オレたちには関係ないだろ
いや、それは知ってるけど、オレたちには関係ないだろ
それは交渉とは関係なく、企業の代表や役員が参加するものだ。
それは交渉とは関係なく、企業の代表や役員が参加するものだ。
まどか
まどか
丸の内さんの会社は、彼しか役員がいないみたいで、
丸の内さんの会社は、彼しか役員がいないみたいで、
その丸の内さんが、急遽行けなくなってしまったみたいなのよ
その丸の内さんが、急遽行けなくなってしまったみたいなのよ
秀隆
秀隆
なんでまた
なんでまた
まどか
まどか
何でも最近仕事中に足を骨折したみたいで。数日は厳しいみたい
何でも最近仕事中に足を骨折したみたいで。数日は厳しいみたい
秀隆
秀隆
うげ、マジか
うげ、マジか
まどか
まどか
だから、代わりに島津くんに参加して欲しいって
だから、代わりに島津くんに参加して欲しいって
秀隆
秀隆
そう言うことなら、もちろん行かせてもらうけど
そう言うことなら、もちろん行かせてもらうけど
まどか
まどか
それで、良かったら私と磯部くんも参加させてもらえないかしら？
それで、良かったら私と磯部くんも参加させてもらえないかしら？
秀隆
秀隆
いいんじゃないか。間違いなく勉強の機会になると思う
いいんじゃないか。間違いなく勉強の機会になると思う
まどか
まどか
ええ。それで、島津くんに許可を取って貰えないかと思ったの
ええ。それで、島津くんに許可を取って貰えないかと思ったの
秀隆
秀隆
分かった。後で唐沢さんの方に掛け合っておくよ
分かった。後で唐沢さんの方に掛け合っておくよ
まどか
まどか
ありがとう
ありがとう
オレは早速、唐沢さんの代表室へ向かった。
オレは早速、唐沢さんの代表室へ向かった。
秀隆
秀隆
失礼します
失礼します
se特務室の扉開閉音
se特務室の扉開閉音
唐沢
唐沢
今日はどうしたのかな？
今日はどうしたのかな？
室内に入ると、唐沢代表と竹内氏が向かい合わせに座っていた。
室内に入ると、唐沢代表と竹内氏が向かい合わせに座っていた。
そこには書類がいくつか置かれており、
そこには書類がいくつか置かれており、
仕事のやり取りをしていたんだろう。
仕事のやり取りをしていたんだろう。
秀隆
秀隆
お忙しい中申し訳ございません。ご相談がございまして
お忙しい中申し訳ございません。ご相談がございまして
唐沢
唐沢
かまわないよ
かまわないよ
秀隆
秀隆
実は、競売に参加することになっている企業より、
実は、競売に参加することになっている企業より、
明日の説明会に代表として参加して貰いたいとの要請を受けました
明日の説明会に代表として参加して貰いたいとの要請を受けました
秀隆
秀隆
そこで、佐々野、磯部両名にドリームタウンへの渡航許可を
そこで、佐々野、磯部両名にドリームタウンへの渡航許可を
頂けないかと思いお願いに来ました
頂けないかと思いお願いに来ました
唐沢
唐沢
島津くん一人では行けないのかな？
島津くん一人では行けないのかな？
説明会と交渉に直接の関係性は無いと思うけどね
説明会と交渉に直接の関係性は無いと思うけどね
秀隆
秀隆
特務官にとって、貴重な勉強の場だと考えています
特務官にとって、貴重な勉強の場だと考えています
競売に関する細かな取り決めは理解しているつもりだが、
競売に関する細かな取り決めは理解しているつもりだが、
恐らくただの説明会では終わらないだろう。
恐らくただの説明会では終わらないだろう。
一部の人たちにとっては、情報収集にうってつけの場だ。
一部の人たちにとっては、情報収集にうってつけの場だ。
ドリームタウンがどんな企業を送り込んでくるのか、知ることも出来る。
ドリームタウンがどんな企業を送り込んでくるのか、知ることも出来る。
竹内
竹内
いいのではないでしょうか。
いいのではないでしょうか。
プロジェクトのリーダーは島津くんです。
プロジェクトのリーダーは島津くんです。
彼の監督のもとやらせてみるのも面白いかと
彼の監督のもとやらせてみるのも面白いかと
唐沢
唐沢
竹内くんがそう言うなら、きっと力になるんだろうね。
竹内くんがそう言うなら、きっと力になるんだろうね。
わかった、佐々野くんと磯部くんに渡航許可を出すことにしよう
わかった、佐々野くんと磯部くんに渡航許可を出すことにしよう
秀隆
秀隆
ありがとうございます
ありがとうございます
竹内
竹内
しかし、君も明日の説明会に参加するのか
しかし、君も明日の説明会に参加するのか
秀隆
秀隆
も、ということは……
も、ということは……
竹内
竹内
私も参加することになっていてね。
私も参加することになっていてね。
ついでだ、君たちも私と一緒に説明会に向かうかね？
ついでだ、君たちも私と一緒に説明会に向かうかね？
秀隆
秀隆
よろしいのですか
よろしいのですか
竹内氏は頷く。
竹内氏は頷く。
秀隆
秀隆
ぜひ、よろしくお願いいたします
ぜひ、よろしくお願いいたします
磯部
磯部
た、竹内特務官と一緒にドリームタウンに！？
た、竹内特務官と一緒にドリームタウンに！？
まどか
まどか
嘘……
嘘……
二人に話すと、飛び上がる勢いで驚いた。
二人に話すと、飛び上がる勢いで驚いた。
秀隆
秀隆
問題ないよな？
問題ないよな？
磯部
磯部
問題ないどころか、すげえうれしいぜ
問題ないどころか、すげえうれしいぜ
グッとガッツポーズを作る磯部。
グッとガッツポーズを作る磯部。
磯部
磯部
まどか、おまえも嬉しいだろ？
まどか、おまえも嬉しいだろ？
あの竹内特務官と一緒に行動できるんだぜ？
あの竹内特務官と一緒に行動できるんだぜ？
まどか
まどか
ええ、そうね
ええ、そうね
そりゃそうだろうなあ。
そりゃそうだろうなあ。
オレも２回目とはいえ、竹内特務官といられるのは素直にうれしい。
オレも２回目とはいえ、竹内特務官といられるのは素直にうれしい。
それが例え、付き人のような形だったとしてもだ。
それが例え、付き人のような形だったとしてもだ。
秀隆
秀隆
明日の昼前にはドリームタウンに向かうことになってる。
明日の昼前にはドリームタウンに向かうことになってる。
朝は普通に出社して貰うことになるんで、よろし―――く
朝は普通に出社して貰うことになるんで、よろし―――く
磯部
磯部
帰りに髪切りに行くかな
帰りに髪切りに行くかな
まどか
まどか
私もちょっと美容室に寄るわ
私もちょっと美容室に寄るわ
どうやら、既にオレの声は聞こえていなかった。
どうやら、既にオレの声は聞こえていなかった。
憧れの竹内特務官と一緒に行動するんだ、当然無理もないが。
憧れの竹内特務官と一緒に行動するんだ、当然無理もないが。
明日まで、二人は緊張と興奮状態ですごすんだろうなあ。
明日まで、二人は緊張と興奮状態ですごすんだろうなあ。
後でしっかり、時間のことを二人にメールしておくことにしよう。
後でしっかり、時間のことを二人にメールしておくことにしよう。
秀隆
秀隆
すっかり遅くなったなぁ……
すっかり遅くなったなぁ……
オレはなんとなく、そのまま帰る気にはなれず、
オレはなんとなく、そのまま帰る気にはなれず、
街をぶらぶらとしていた。
街をぶらぶらとしていた。
秀隆
秀隆
今のは杉村さんっ？
今のは杉村さんっ？
オレの巨乳センサーがピクリと反応した。
オレの巨乳センサーがピクリと反応した。
秀隆
秀隆
やっぱり。いやぁついてるなあ、杉村さんに会えるなんて
やっぱり。いやぁついてるなあ、杉村さんに会えるなんて
オレは声をかけようと近づき……
オレは声をかけようと近づき……
杉村さんが唐沢さんと一緒に居ることに気づいた。
杉村さんが唐沢さんと一緒に居ることに気づいた。
秀隆
秀隆
っちゃぁ、デート中か……
っちゃぁ、デート中か……
かけようとした声を飲み込む。
かけようとした声を飲み込む。
でも、そう言う時に限って、唐沢さんはオレに気がついた。
でも、そう言う時に限って、唐沢さんはオレに気がついた。
唐沢
唐沢
島津くんじゃないか。偶然だね
島津くんじゃないか。偶然だね
秀隆
秀隆
あー、どうも、こんばんは……
あー、どうも、こんばんは……
杉村
杉村
こんばんは、島津くん
こんばんは、島津くん
二人はくっつくように横に並んでいる。
二人はくっつくように横に並んでいる。
秀隆
秀隆
うう……
うう……
唐沢
唐沢
どうして少し泣きそうなんだい？
どうして少し泣きそうなんだい？
秀隆
秀隆
いえ、気にしないでください。改めて認識しているだけです
いえ、気にしないでください。改めて認識しているだけです
秀隆
秀隆
それより、これからデートですか？
それより、これからデートですか？
唐沢
唐沢
え、はは。参ったな。島津くんは知っていたのか
え、はは。参ったな。島津くんは知っていたのか
秀隆
秀隆
お二人を見れば一目瞭然です
お二人を見れば一目瞭然です
杉村
杉村
もうっ
もうっ
唐沢
唐沢
こんな時間でないと、中々出歩けなくてね。
こんな時間でないと、中々出歩けなくてね。
僕が街を歩くと、それだけで注目を集めてしまうから
僕が街を歩くと、それだけで注目を集めてしまうから
秀隆
秀隆
仕方ありません、唐沢さんは街の代表ですから
仕方ありません、唐沢さんは街の代表ですから
秀隆
秀隆
お二人の邪魔をするわけにもいかないので、オレは帰ります
お二人の邪魔をするわけにもいかないので、オレは帰ります
唐沢
唐沢
そんな、僕らの間柄じゃないか。一緒にご飯でもどうだい？
そんな、僕らの間柄じゃないか。一緒にご飯でもどうだい？
秀隆
秀隆
折角ですが遠慮しておきます。杉村さんに怒られたくないですし
折角ですが遠慮しておきます。杉村さんに怒られたくないですし
杉村
杉村
もうっ、それどういうこと？
もうっ、それどういうこと？
秀隆
秀隆
そのままの意味です。それじゃ、良い夜を
そのままの意味です。それじゃ、良い夜を
怒る杉村さんに笑い、
怒る杉村さんに笑い、
オレは頭を下げて帰ることにした。
オレは頭を下げて帰ることにした。
…………。
…………。
……。
……。
秀隆
秀隆
とまぁ、そのまままっすぐ帰ろうかと思ったんだけどさ、
とまぁ、そのまままっすぐ帰ろうかと思ったんだけどさ、
なんか心が痛くって。酒が飲みたい気分になったってわけだ
なんか心が痛くって。酒が飲みたい気分になったってわけだ
ユウキ
ユウキ
わかる、わかるぞ秀隆ぁ。
わかる、わかるぞ秀隆ぁ。
俺も幾度と無く失恋を味わってきたから
俺も幾度と無く失恋を味わってきたから
秀隆
秀隆
１００年も生きてれば、いろんなことを経験するよな
１００年も生きてれば、いろんなことを経験するよな
ユウキ
ユウキ
ほら、遠慮せず飲め。今日は俺が奢っちゃる
ほら、遠慮せず飲め。今日は俺が奢っちゃる
秀隆
秀隆
いいのか？
いいのか？
ユウキ
ユウキ
これでも、一応かずはちんにはお金貰ってるしね
これでも、一応かずはちんにはお金貰ってるしね
秀隆
秀隆
じゃあ、マスター一番高いの頂戴
じゃあ、マスター一番高いの頂戴
ユウキ
ユウキ
奢りと聞いたとたん、一番高いのかよ……
奢りと聞いたとたん、一番高いのかよ……
秀隆
秀隆
先に言っておくが、高い酒と安い酒の違いは殆どわからん
先に言っておくが、高い酒と安い酒の違いは殆どわからん
ユウキ
ユウキ
マスター、こいつのは水で薄めといていいよ！
マスター、こいつのは水で薄めといていいよ！
秀隆
秀隆
よせよユウキ。オレはロックな気分なんだよ。
よせよユウキ。オレはロックな気分なんだよ。
失恋したのに水割りとか、なんか虚しいだろ……
失恋したのに水割りとか、なんか虚しいだろ……
ユウキ
ユウキ
秀隆がそこまで熱を入れてたってことは……
秀隆がそこまで熱を入れてたってことは……
ユウキが胸の辺りでわさわさとやった。
ユウキが胸の辺りでわさわさとやった。
ユウキ
ユウキ
その病院の先生ってグラマーなん？
その病院の先生ってグラマーなん？
秀隆
秀隆
オレが知る中でも、３指に入るベスト巨乳だ
オレが知る中でも、３指に入るベスト巨乳だ
ユウキ
ユウキ
おお、それは是非一度拝ませていただきたいっ
おお、それは是非一度拝ませていただきたいっ
秀隆
秀隆
あの人の生乳が見れるなら、オレは死んでもいい
あの人の生乳が見れるなら、オレは死んでもいい
ユウキ
ユウキ
おおおおお、そこまで言わせるとは、さすがベスト巨乳
おおおおお、そこまで言わせるとは、さすがベスト巨乳
se着信（バイブ
se着信（バイブ
秀隆
秀隆
お、どうやらもうすぐ着くらしい
お、どうやらもうすぐ着くらしい
メールの受信相手は、裕輔だ。
メールの受信相手は、裕輔だ。
秀隆
秀隆
電話でも伝えたと思うけど、今日は一人友達を紹介するから
電話でも伝えたと思うけど、今日は一人友達を紹介するから
ユウキ
ユウキ
男の友達って言ってたけど、珍しいな
男の友達って言ってたけど、珍しいな
秀隆
秀隆
すごくいい奴だから、すぐ馴染めると思う
すごくいい奴だから、すぐ馴染めると思う
ユウキ
ユウキ
いやぁ嬉しいぜ。俺友達は大歓迎だからさ。
いやぁ嬉しいぜ。俺友達は大歓迎だからさ。
もちろん、男だけじゃなくて女の子の友達もいっぱいほしい
もちろん、男だけじゃなくて女の子の友達もいっぱいほしい
秀隆
秀隆
どっちかって言うとそっちだろ？
どっちかって言うとそっちだろ？
ユウキ
ユウキ
それは否定しない
それは否定しない
ユウキ
ユウキ
もっと言うなら女友達より彼女がほしい
もっと言うなら女友達より彼女がほしい
秀隆
秀隆
オレも、杉村さんみたいな彼女がほしいぜ……
オレも、杉村さんみたいな彼女がほしいぜ……
きっと毎日が幸せに違いない。
きっと毎日が幸せに違いない。
ユウキ
ユウキ
オレはやっぱり女子学生かなぁ
オレはやっぱり女子学生かなぁ
秀隆
秀隆
それは倫理的にアウトだ
それは倫理的にアウトだ
ユウキ
ユウキ
愛があれば何でも許されるんだよ
愛があれば何でも許されるんだよ
秀隆
秀隆
愛ねぇ。オレはやっぱ、学生との恋愛はないな
愛ねぇ。オレはやっぱ、学生との恋愛はないな
ユウキ
ユウキ
先生だったから？
先生だったから？
秀隆
秀隆
だな
だな
ユウキ
ユウキ
その割には、女子生徒に色々お熱だったらしいじゃん？
その割には、女子生徒に色々お熱だったらしいじゃん？
秀隆
秀隆
お熱って別にオレは
お熱って別にオレは
ユウキ
ユウキ
学園１巨乳の子を誘ったりさ
学園１巨乳の子を誘ったりさ
秀隆
秀隆
何故ソレを、知っている……
何故ソレを、知っている……
ユウキ
ユウキ
秋ちゃんに聞いた
秋ちゃんに聞いた
秀隆
秀隆
くそ、秋のやつめ、余計なことを……
くそ、秋のやつめ、余計なことを……
ユウキ
ユウキ
なんだかんだ言って、女子学生狙ってたんだろ？
なんだかんだ言って、女子学生狙ってたんだろ？
秀隆
秀隆
ちょっとお近づきになりたいと思っただけだ。
ちょっとお近づきになりたいと思っただけだ。
オレは断固として女子生徒なんて狙わないっ
オレは断固として女子生徒なんて狙わないっ
ユウキ
ユウキ
じゃあもし、学生の子と付き合いだしたらロリコン扱いしてやる
じゃあもし、学生の子と付き合いだしたらロリコン扱いしてやる
秀隆
秀隆
ないから好きにしてくれ
ないから好きにしてくれ
裕輔
裕輔
すまない、待たせたな
すまない、待たせたな
秀隆
秀隆
お、きたな。お疲れさん
お、きたな。お疲れさん
ユウキ
ユウキ
お？　ひょっとして？
お？　ひょっとして？
秀隆
秀隆
ああ。紹介するよ。オレの友達の裕輔。こっちがユウキだ
ああ。紹介するよ。オレの友達の裕輔。こっちがユウキだ
裕輔
裕輔
片桐裕輔だ。よろしく頼む
片桐裕輔だ。よろしく頼む
ユウキ
ユウキ
俺はユウキ。秀隆から説明は受けてる？
俺はユウキ。秀隆から説明は受けてる？
裕輔
裕輔
一応、アンドロイドと言うことは……そうは見えないな
一応、アンドロイドと言うことは……そうは見えないな
秀隆
秀隆
言ったろ？　こいつは人間と変わらないって
言ったろ？　こいつは人間と変わらないって
オレをはさむ様にして、裕輔が腰を下ろした。
オレをはさむ様にして、裕輔が腰を下ろした。
裕輔
裕輔
ビールを
ビールを
ユウキ
ユウキ
裕輔って呼んでもいいか？
裕輔って呼んでもいいか？
裕輔
裕輔
構わない。俺もユウキと呼ばせてもらおう
構わない。俺もユウキと呼ばせてもらおう
ユウキ
ユウキ
……なんか、すげぇイケメンなんだけど
……なんか、すげぇイケメンなんだけど
秀隆
秀隆
そうなんだよ。すげぇイケメンなんだよ
そうなんだよ。すげぇイケメンなんだよ
裕輔
裕輔
ところで、今日はどういう集まりなんだ。
ところで、今日はどういう集まりなんだ。
友人を紹介してもらえたのは嬉しいが随分急だったな
友人を紹介してもらえたのは嬉しいが随分急だったな
秀隆
秀隆
悪い悪い、ちょっと事情があってさ。
悪い悪い、ちょっと事情があってさ。
どうしても愚痴をこぼしたかったんだ
どうしても愚痴をこぼしたかったんだ
裕輔が首を傾げる。
裕輔が首を傾げる。
ユウキ
ユウキ
憧れの女医さんに、男が居たって話さ
憧れの女医さんに、男が居たって話さ
秀隆
秀隆
聞くも涙、語るも涙の話、聞いてください
聞くも涙、語るも涙の話、聞いてください
裕輔
裕輔
そう言うことか。電話を受けたとき泣いていたからな。少し焦った
そう言うことか。電話を受けたとき泣いていたからな。少し焦った
秀隆
秀隆
あの時は感情をコントロールできなかったんだ
あの時は感情をコントロールできなかったんだ
ユウキ
ユウキ
俺もどこか怪我して、その人に見てもらおうかなぁ
俺もどこか怪我して、その人に見てもらおうかなぁ
秀隆
秀隆
言っとくが、杉村さんは精神科医だからな
言っとくが、杉村さんは精神科医だからな
ユウキ
ユウキ
え、そうなの？　珍しいところだな
え、そうなの？　珍しいところだな
秀隆
秀隆
以前お世話になってさ。それで知り合ったんだ
以前お世話になってさ。それで知り合ったんだ
裕輔
裕輔
精神科医に世話？
精神科医に世話？
秀隆
秀隆
ああ、前にオレがね
ああ、前にオレがね
裕輔
裕輔
初耳だ……
初耳だ……
秀隆
秀隆
そうか、おまえらには話してなかったっけ
そうか、おまえらには話してなかったっけ
秀隆
秀隆
ま、大したことじゃない。もう完治したようなもんだしさ
ま、大したことじゃない。もう完治したようなもんだしさ
ユウキ
ユウキ
なになに、興味あるけど、どういうことなんだよ
なになに、興味あるけど、どういうことなんだよ
秀隆
秀隆
それは秘密だ
それは秘密だ
秀隆
秀隆
もし杉村さんに会いたいなら、
もし杉村さんに会いたいなら、
適当に眠れないんですとか、そういう理由で訪ねればいい
適当に眠れないんですとか、そういう理由で訪ねればいい
ユウキ
ユウキ
よーし、メモメモと
よーし、メモメモと
どうやら、本当に会いに行く気らしい。
どうやら、本当に会いに行く気らしい。
裕輔
裕輔
おまえは精神的にも強いタイプかと思っていた
おまえは精神的にも強いタイプかと思っていた
秀隆
秀隆
メンタルは繊細よ、うん
メンタルは繊細よ、うん
裕輔
裕輔
…………
…………
それ以上は立ち入る領域じゃないと思ったのか、
それ以上は立ち入る領域じゃないと思ったのか、
裕輔は何も聞いてこなかった。
裕輔は何も聞いてこなかった。
秀隆
秀隆
今日は付き合ってくれてありがとな。また
今日は付き合ってくれてありがとな。また
ユウキ
ユウキ
おつかれ
おつかれ
別方向のユウキとは現地で別れ、
別方向のユウキとは現地で別れ、
オレと裕輔は並んで帰宅することに。
オレと裕輔は並んで帰宅することに。
秀隆
秀隆
面白い奴だろ、ユウキ
面白い奴だろ、ユウキ
裕輔
裕輔
ああ。俺に紹介してよかったのか？
ああ。俺に紹介してよかったのか？
裕輔
裕輔
自分で言うのもなんだが、満足に喋れない人間だ
自分で言うのもなんだが、満足に喋れない人間だ
秀隆
秀隆
全然そんなことないって。しっかり馴染めてたよ
全然そんなことないって。しっかり馴染めてたよ
裕輔
裕輔
ならいいんだが……
ならいいんだが……
秀隆
秀隆
次からは、時間が合えば一緒に誘ってもいいか？
次からは、時間が合えば一緒に誘ってもいいか？
裕輔
裕輔
断る理由が無い
断る理由が無い
秀隆
秀隆
っと、それじゃあここで
っと、それじゃあここで
裕輔
裕輔
ああ
ああ
秀隆
秀隆
お疲れ
お疲れ
裕輔
裕輔
秀隆
秀隆
秀隆
秀隆
なんだー？
なんだー？
裕輔
裕輔
もし困ったことがあったら、いつでも相談してくれ
もし困ったことがあったら、いつでも相談してくれ
秀隆
秀隆
なんだよ。もしかして精神科のこと気にしてるのか？
なんだよ。もしかして精神科のこと気にしてるのか？
裕輔
裕輔
気にならないと言えばうそになる
気にならないと言えばうそになる
秀隆
秀隆
大丈夫だ。もうオレは
大丈夫だ。もうオレは
秀隆
秀隆
だから心配しなくていいぞ
だから心配しなくていいぞ
裕輔
裕輔
……わかった。だが、いつでも相談に乗るとは言っておく
……わかった。だが、いつでも相談に乗るとは言っておく
秀隆
秀隆
それを心配してるって言うんだけど、ありがたく受け取っておくよ
それを心配してるって言うんだけど、ありがたく受け取っておくよ
秀隆
秀隆
またな
またな
裕輔
裕輔
また
また
オレを見送る裕輔を背に、家路へと戻る。
オレを見送る裕輔を背に、家路へと戻る。
大丈夫さ。
大丈夫さ。
誰かに助けてもらうような話じゃないからな。
誰かに助けてもらうような話じゃないからな。
…………。
…………。
……。
……。
