オレはキズナの私服とブラをたくしあげ、キズナのおっぱいにしゃぶりついた。
オレはキズナの私服とブラをたくしあげ、キズナのおっぱいにしゃぶりついた。
キズナ
キズナ
あっ……
あっ……
秀隆
秀隆
あー、キズナのちっぱい最高だ。ぺろぺろ
あー、キズナのちっぱい最高だ。ぺろぺろ
キズナ
キズナ
つ、ついにひーくんにもちっぱいと口にされてしまいましたっ
つ、ついにひーくんにもちっぱいと口にされてしまいましたっ
秀隆
秀隆
いいじゃないか。ちっぱい最高だぞ。キズナのは特にな
いいじゃないか。ちっぱい最高だぞ。キズナのは特にな
キズナ
キズナ
むう、嬉しいですけどちょっと複雑です
むう、嬉しいですけどちょっと複雑です
秀隆
秀隆
なんていうか、可愛い乳首って最高だよな
なんていうか、可愛い乳首って最高だよな
指先で優しくピンとはじく。
指先で優しくピンとはじく。
キズナ
キズナ
あんっ……も、もう……
あんっ……も、もう……
秀隆
秀隆
オレだけのキズナ。オレだけのちっぱいだ
オレだけのキズナ。オレだけのちっぱいだ
ピンク色の乳首を、ちゅーっと吸い上げる。
ピンク色の乳首を、ちゅーっと吸い上げる。
キズナ
キズナ
んっ、ん……ひ、ひーくんっ……んっ……
んっ、ん……ひ、ひーくんっ……んっ……
キズナ
キズナ
あわ失敗しました……今から中断は出来ませんか？
あわ失敗しました……今から中断は出来ませんか？
秀隆
秀隆
中断って、なんで？
中断って、なんで？
キズナ
キズナ
まだ、お風呂に入ってなかったです
まだ、お風呂に入ってなかったです
秀隆
秀隆
お風呂に？
お風呂に？
キズナ
キズナ
はい。ひょっとすると、汗の臭いとかしちゃうかもです……
はい。ひょっとすると、汗の臭いとかしちゃうかもです……
秀隆
秀隆
ほほほう
ほほほう
キズナ
キズナ
……どうして、そんな嬉しそうなんですか？
……どうして、そんな嬉しそうなんですか？
秀隆
秀隆
むしろ興奮してきた
むしろ興奮してきた
ガチャガチャとベルトを外し、オレは堂々とパンツを下ろした。
ガチャガチャとベルトを外し、オレは堂々とパンツを下ろした。
秀隆
秀隆
ガッチガチだ
ガッチガチだ
キズナ
キズナ
ほんとです……ピンク色のが、顔を覗かせちゃってます……
ほんとです……ピンク色のが、顔を覗かせちゃってます……
秀隆
秀隆
キズナが剥いてくれ
キズナが剥いてくれ
キズナ
キズナ
はいです……
はいです……
そっとキズナが手を伸ばし、オレの先っちょを握った。
そっとキズナが手を伸ばし、オレの先っちょを握った。
そして、ぐっと皮を剥く。
そして、ぐっと皮を剥く。
秀隆
秀隆
キズナの大好きなオチ○チンの完成だ
キズナの大好きなオチ○チンの完成だ
キズナ
キズナ
私の太ももに、スリスリされちゃってます
私の太ももに、スリスリされちゃってます
秀隆
秀隆
早く入れたいよーって言ってるんだよ
早く入れたいよーって言ってるんだよ
キズナ
キズナ
あはは。やっぱり可愛いです
あはは。やっぱり可愛いです
秀隆
秀隆
でも、まずはこのちっぱいだな。３日も堪能できないなんて辛すぎる
でも、まずはこのちっぱいだな。３日も堪能できないなんて辛すぎる
オレはキズナの髪をなでながら、ぷっくりとした先端を舐めあげる。
オレはキズナの髪をなでながら、ぷっくりとした先端を舐めあげる。
キズナ
キズナ
ひゃ、あっ……んっ……ひーくんのお口、気持ちいいです
ひゃ、あっ……んっ……ひーくんのお口、気持ちいいです
キズナがオレの頭に手を伸ばし、引き寄せるように撫でた。
キズナがオレの頭に手を伸ばし、引き寄せるように撫でた。
秀隆
秀隆
まだ子供の癖に、乳首舐められて感じすぎだろ
まだ子供の癖に、乳首舐められて感じすぎだろ
キズナ
キズナ
すっかり開発されてしまったようです、ひーくんに
すっかり開発されてしまったようです、ひーくんに
キズナ
キズナ
ん、あ……あぁっ、ん……はぁっ……
ん、あ……あぁっ、ん……はぁっ……
秀隆
秀隆
あそこも触っていいか？
あそこも触っていいか？
キズナ
キズナ
ど、どうぞ……
ど、どうぞ……
オレはキズナの許可を得て、スカートの下から下着に触れる。
オレはキズナの許可を得て、スカートの下から下着に触れる。
そして、膨らんだあそこを優しく撫でた。
そして、膨らんだあそこを優しく撫でた。
秀隆
秀隆
ここ、キズナのオマ○コだな
ここ、キズナのオマ○コだな
キズナ
キズナ
言葉責めも、すっかり板についてきましたねっ
言葉責めも、すっかり板についてきましたねっ
秀隆
秀隆
ほらほら、オマ○コがいいって言って見ろッ
ほらほら、オマ○コがいいって言って見ろッ
調子に乗ってみる。
調子に乗ってみる。
キズナ
キズナ
ひーくんのヘタなテクニックでは、なんとも……
ひーくんのヘタなテクニックでは、なんとも……
seガシャン
seガシャン
秀隆
秀隆
ぐふっ……！
ぐふっ……！
そして、キズナのおっぱいに崩れ落ちる。
そして、キズナのおっぱいに崩れ落ちる。
キズナ
キズナ
責めてくる割に、打たれ弱いですねっ
責めてくる割に、打たれ弱いですねっ
秀隆
秀隆
エッチのテクなんて、全然ないんだから仕方ないだろ……うう
エッチのテクなんて、全然ないんだから仕方ないだろ……うう
キズナ
キズナ
ひーくんがテクニシャンならテクニシャンで、嫌です
ひーくんがテクニシャンならテクニシャンで、嫌です
キズナ
キズナ
それに、私の中ではひーくんは最高の人ですよ
それに、私の中ではひーくんは最高の人ですよ
秀隆
秀隆
そ、そう？　オレのフィンガーテクニック、最高？
そ、そう？　オレのフィンガーテクニック、最高？
キズナ
キズナ
あ、でもそれを証明するためには、
あ、でもそれを証明するためには、
私が他の男性に抱かれないと証明されませんね
私が他の男性に抱かれないと証明されませんね
秀隆
秀隆
絶対駄目だぞ？
絶対駄目だぞ？
キズナ
キズナ
てへへ、もちろんですよ。悪い冗談でした
てへへ、もちろんですよ。悪い冗談でした
秀隆
秀隆
ったく……キズナのちっぱいも、オマ○コも、全部オレのなんだからな
ったく……キズナのちっぱいも、オマ○コも、全部オレのなんだからな
スリスリ下着の上からこすっていると、
スリスリ下着の上からこすっていると、
感じてきたのか下着が湿ってきた。
感じてきたのか下着が湿ってきた。
キズナ
キズナ
んっ……ん……ひーくん……んっ……
んっ……ん……ひーくん……んっ……
キズナ
キズナ
ああ、あっ、あっ、あっ……そんな、強く吸われたらっ、あっ、あっ！
ああ、あっ、あっ、あっ……そんな、強く吸われたらっ、あっ、あっ！
キズナ
キズナ
はああ、あっ……
はああ、あっ……
オレは乳首から、乳房まで隅々を舐めまわし、こね回す。
オレは乳首から、乳房まで隅々を舐めまわし、こね回す。
キズナ
キズナ
ひゃ、ああっ、あっ、ちっぱい、私のちっぱい、好きですかっ？
ひゃ、ああっ、あっ、ちっぱい、私のちっぱい、好きですかっ？
秀隆
秀隆
大好きだぞ、ちっぱい
大好きだぞ、ちっぱい
キズナ
キズナ
将来は、おっぱいに、クラスチェンジしますから……
将来は、おっぱいに、クラスチェンジしますから……
キズナ
キズナ
一粒で、二度美味しいはずですっ……
一粒で、二度美味しいはずですっ……
秀隆
秀隆
そうだな。それは凄い楽しみだ。乳輪サイズとか、凄いことになるかな？
そうだな。それは凄い楽しみだ。乳輪サイズとか、凄いことになるかな？
キズナ
キズナ
い、いえ、それはどうでしょうか……
い、いえ、それはどうでしょうか……
キズナ
キズナ
あんっ、あっ、ああっ……んっ……
あんっ、あっ、ああっ……んっ……
オレは執拗に乳首を責めながら、下着を脱がせていく。
オレは執拗に乳首を責めながら、下着を脱がせていく。
そして、スカートの間から手を差し込み、
そして、スカートの間から手を差し込み、
キズナの狭い入り口に指を滑らせた。
キズナの狭い入り口に指を滑らせた。
キズナ
キズナ
ひゃっ！　ひ、ひーくんの指先、私の中に入ってきましたっ……
ひゃっ！　ひ、ひーくんの指先、私の中に入ってきましたっ……
既にぬれ始めていたそこは、
既にぬれ始めていたそこは、
すぐにくちゅくちゅと音を立て始める。
すぐにくちゅくちゅと音を立て始める。
秀隆
秀隆
エッチな音だな、キズナ
エッチな音だな、キズナ
キズナ
キズナ
は、はい。エッチな音します……
は、はい。エッチな音します……
秀隆
秀隆
オチ○チンがほしいって、言ってるように聞こえるぞ
オチ○チンがほしいって、言ってるように聞こえるぞ
キズナ
キズナ
もちろん、ほしいです……
もちろん、ほしいです……
キズナ
キズナ
ひーくんの可愛いオチ○チン……
ひーくんの可愛いオチ○チン……
秀隆
秀隆
どこまでも可愛い責めか……なら、覚悟しておけよ
どこまでも可愛い責めか……なら、覚悟しておけよ
オレは股間をキズナのあそこに近づけていく。
オレは股間をキズナのあそこに近づけていく。
秀隆
秀隆
ほーら、キズナの好きなオチ○チンだぞー
ほーら、キズナの好きなオチ○チンだぞー
キズナ
キズナ
あははは。もう、ムード台無しじゃないですかっ
あははは。もう、ムード台無しじゃないですかっ
秀隆
秀隆
明るいエッチの方が、オレたちらしくていいんじゃないか？
明るいエッチの方が、オレたちらしくていいんじゃないか？
キズナ
キズナ
なるほど。言われてみれば、そうかも知れませんね
なるほど。言われてみれば、そうかも知れませんね
オレたちは笑いあった。
オレたちは笑いあった。
秀隆
秀隆
じゃあ、入れるぞ……
じゃあ、入れるぞ……
キズナ
キズナ
はい。どうぞ
はい。どうぞ
オレはキズナのあそこに息子の先端をあてがい、ゆっくりと沈めていく。
オレはキズナのあそこに息子の先端をあてがい、ゆっくりと沈めていく。
秀隆
秀隆
あー……イきそう……
あー……イきそう……
先っちょを入れただけで、凄い気持ちいい。
先っちょを入れただけで、凄い気持ちいい。
やっぱり生っていいよな……。
やっぱり生っていいよな……。
なんて思いながら。
なんて思いながら。
キズナ
キズナ
ひーくんが入ってきただけで、ちょっと大変です
ひーくんが入ってきただけで、ちょっと大変です
秀隆
秀隆
大変？
大変？
キズナ
キズナ
気持ちよくて……その……んっ……
気持ちよくて……その……んっ……
キズナ
キズナ
あの、動いて貰いたいです……
あの、動いて貰いたいです……
秀隆
秀隆
エッチな子だなぁ、ほんと。よし、たっぷり可愛がってやるぞ
エッチな子だなぁ、ほんと。よし、たっぷり可愛がってやるぞ
キズナ
キズナ
お願いしますっ……
お願いしますっ……
オレはキズナのおねだりに答えるように、
オレはキズナのおねだりに答えるように、
腰を動かし始める。
腰を動かし始める。
キズナ
キズナ
ん……あっ……なかで、擦れて……はぁ、あっ……
ん……あっ……なかで、擦れて……はぁ、あっ……
キズナ
キズナ
ひーくんの顔を見ながら、沢山、感じてしまいます
ひーくんの顔を見ながら、沢山、感じてしまいます
秀隆
秀隆
オレも、おまえの感じてる顔見ててすげぇ興奮する
オレも、おまえの感じてる顔見ててすげぇ興奮する
秀隆
秀隆
こんな顔見られるのは、オレだけなんだよな……
こんな顔見られるのは、オレだけなんだよな……
キズナ
キズナ
ですよ？　ふふ……
ですよ？　ふふ……
秀隆
秀隆
キズナ……っ……
キズナ……っ……
オレは腰を動かし、キズナのなかで暴れていく。
オレは腰を動かし、キズナのなかで暴れていく。
キズナ
キズナ
んっ、ああっ、あっ……はぁっ、あっ、ああっ、あああっ
んっ、ああっ、あっ……はぁっ、あっ、ああっ、あああっ
秀隆
秀隆
もっと聞かせてくれ。キズナのエッチな声
もっと聞かせてくれ。キズナのエッチな声
キズナ
キズナ
は、はいっ。聞いてください……私のエッチな声……っ
は、はいっ。聞いてください……私のエッチな声……っ
キズナ
キズナ
はあっ、あああっ、んっ……感じますっ……ひーくんのっ……
はあっ、あああっ、んっ……感じますっ……ひーくんのっ……
オレはどんどんと腰を加速させながら、
オレはどんどんと腰を加速させながら、
快楽に身を委ねるキズナを見下ろし満たされていく。
快楽に身を委ねるキズナを見下ろし満たされていく。
オレの愛情表現を受け入れ、感じてくれる。
オレの愛情表現を受け入れ、感じてくれる。
秀隆
秀隆
はぁっ、あっ……
はぁっ、あっ……
キズナ
キズナ
はぁっ、ああっ、あっ、んあっ、ああっ、ああああっ！
はぁっ、ああっ、あっ、んあっ、ああっ、ああああっ！
キズナ
キズナ
ひーくんのオチ○チン、気持ちいいですっ、はあっ、あっ、ああ！
ひーくんのオチ○チン、気持ちいいですっ、はあっ、あっ、ああ！
キズナ
キズナ
ど、どんどん早くなってますっ、ひーくんっ！
ど、どんどん早くなってますっ、ひーくんっ！
秀隆
秀隆
キズナ、キズナが締め付けてくるからっ……
キズナ、キズナが締め付けてくるからっ……
キズナ
キズナ
は、はふっ、ん、ふぅあっ、あっ、ああっ、ああああっ！
は、はふっ、ん、ふぅあっ、あっ、ああっ、ああああっ！
気持ち良すぎるのか、キズナが身体を捻る。
気持ち良すぎるのか、キズナが身体を捻る。
キズナ
キズナ
びくびくって、私の中、ひゃ、あは、はああっ、ああああっ、あっ
びくびくって、私の中、ひゃ、あは、はああっ、ああああっ、あっ
キズナ
キズナ
はぁ、あ、ああああああっ、あっ、あっ、んっ
はぁ、あ、ああああああっ、あっ、あっ、んっ
キズナ
キズナ
ひゃんっ、んっ。ふあぁっ、あっ、ああっ。いい、気持ちいいです……
ひゃんっ、んっ。ふあぁっ、あっ、ああっ。いい、気持ちいいです……
秀隆
秀隆
オレも、オレもどんどん気持ちよくなって……
オレも、オレもどんどん気持ちよくなって……
秀隆
秀隆
腰が止まらないっ……
腰が止まらないっ……
キズナ
キズナ
あんっ、ああっ、ひーくん、んぅっ、はぁっ、くんっ、んっ！
あんっ、ああっ、ひーくん、んぅっ、はぁっ、くんっ、んっ！
キズナ
キズナ
はぁっ、あ、あっあ、あっ、んぅっ、ひや、ああっ、あああっ！
はぁっ、あ、あっあ、あっ、んぅっ、ひや、ああっ、あああっ！
キズナ
キズナ
お、お腹のなか、突き入れられて、はぁっ、びりびりって、んぁあっ、あっ！
お、お腹のなか、突き入れられて、はぁっ、びりびりって、んぁあっ、あっ！
キズナ
キズナ
おふぅっ、あっ、んっ、はぁっ、ひぃっ、はぁっあっ、あっ、あっ……
おふぅっ、あっ、んっ、はぁっ、ひぃっ、はぁっあっ、あっ、あっ……
キズナ
キズナ
だ、駄目です、こんな、はあ、あっ、お、溺れちゃいますっ……
だ、駄目です、こんな、はあ、あっ、お、溺れちゃいますっ……
キズナ
キズナ
快楽に、溺れちゃいますっ……うぁっ、ふああっ、ああっ
快楽に、溺れちゃいますっ……うぁっ、ふああっ、ああっ
秀隆
秀隆
こ、これ以上強く締め付けられたら……！
こ、これ以上強く締め付けられたら……！
キズナ
キズナ
ひぅ、あっ、い、いいんですよっ……
ひぅ、あっ、い、いいんですよっ……
キズナ
キズナ
ひーくんのエッチなお汁、私の中に入れていただいてもっ……！
ひーくんのエッチなお汁、私の中に入れていただいてもっ……！
秀隆
秀隆
キズナ、キズナっ……！
キズナ、キズナっ……！
キズナ
キズナ
はぁっ、あっ、あああっ、ひゃ、はぁっ、もっと、
はぁっ、あっ、あああっ、ひゃ、はぁっ、もっと、
もっと奥でっ……
もっと奥でっ……
キズナ
キズナ
ふんっ、ああっ、ふ、あっ、か、感じすぎて……は、ああっ……！
ふんっ、ああっ、ふ、あっ、か、感じすぎて……は、ああっ……！
キズナ
キズナ
私の一番奥で、イってほしいですっ……！
私の一番奥で、イってほしいですっ……！
秀隆
秀隆
あ、あああっ、キズナのなかで、いくぞっ……
あ、あああっ、キズナのなかで、いくぞっ……
キズナ
キズナ
はぁっ、ああっ、ああっ、あっ、んっ、やぁっ、はぁ……
はぁっ、ああっ、ああっ、あっ、んっ、やぁっ、はぁ……
キズナ
キズナ
お、お願いしますっ。ひーくん、奥、奥でっ……！
お、お願いしますっ。ひーくん、奥、奥でっ……！
ぎゅっと強く、キズナの膣内がオレを締め付けた気がした。
ぎゅっと強く、キズナの膣内がオレを締め付けた気がした。
だから、オレは一番奥まで突き入れた時に、
だから、オレは一番奥まで突き入れた時に、
我慢の限界を全て吐き出した。
我慢の限界を全て吐き出した。
キズナ
キズナ
ふああ、あっ、ああああっ！　ひ、ひううううっ！！
ふああ、あっ、ああああっ！　ひ、ひううううっ！！
ゾクゾクと感じ、キズナが背中をそらした。
ゾクゾクと感じ、キズナが背中をそらした。
キズナのあそこの奥に液を吐き出していく。
キズナのあそこの奥に液を吐き出していく。
男は、本能からか、外で出す時よりも全然気持ちいい。
男は、本能からか、外で出す時よりも全然気持ちいい。
秀隆
秀隆
くっうっ……
くっうっ……
本当の意味で全てをキズナに許され、支配しているような感覚。
本当の意味で全てをキズナに許され、支配しているような感覚。
キズナ
キズナ
ふあああっ、あっ……あっ……！
ふあああっ、あっ……あっ……！
キズナも同じように感じてくれているんだろうか。
キズナも同じように感じてくれているんだろうか。
とろんとした表情でオレを見つめている。
とろんとした表情でオレを見つめている。
キズナ
キズナ
ひーくんに中出しされて、凄く……嬉しい、です……
ひーくんに中出しされて、凄く……嬉しい、です……
秀隆
秀隆
キズナっ……！
キズナっ……！
オレは繋がったまま、キズナをぎゅっと抱きしめた。
オレは繋がったまま、キズナをぎゅっと抱きしめた。
