秀隆
秀隆
頭痛い……なのに、なんでこんなに冷めてんだろうね……
頭痛い……なのに、なんでこんなに冷めてんだろうね……
二日酔いしているのに、頭の中は恐ろしいほどクリアだ。
二日酔いしているのに、頭の中は恐ろしいほどクリアだ。
秀隆
秀隆
どうせなら、今日一日のことを忘れてるくらいでよかったのに
どうせなら、今日一日のことを忘れてるくらいでよかったのに
秀隆
秀隆
おはようさん……
おはようさん……
のっそりとリビングに顔を出すと、秋以外の２人が集まっていた。
のっそりとリビングに顔を出すと、秋以外の２人が集まっていた。
秀隆
秀隆
秋は寝てるのか
秋は寝てるのか
アクセラ
アクセラ
はい、今朝はまだ一度も見ておりません
はい、今朝はまだ一度も見ておりません
休日だからな、オレと顔を合わせる必要もないからだろう。
休日だからな、オレと顔を合わせる必要もないからだろう。
アクセラ
アクセラ
今日は三者面談に行かれるのですよね？
今日は三者面談に行かれるのですよね？
秀隆
秀隆
頑張れよキズナ
頑張れよキズナ
キズナ
キズナ
現実逃避してはいけませんよ、ひーくん
現実逃避してはいけませんよ、ひーくん
秀隆
秀隆
うぐ……
うぐ……
アクセラ
アクセラ
そうですよ。自分で行くと仰ったではないですか
そうですよ。自分で行くと仰ったではないですか
秀隆
秀隆
記憶にございません
記憶にございません
アクセラ
アクセラ
では一語一句違わず、思い出すために私が申し上げましょうか？
では一語一句違わず、思い出すために私が申し上げましょうか？
秀隆
秀隆
いえいいです……覚えてます
いえいいです……覚えてます
アクセラ
アクセラ
それはよかったです
それはよかったです
秀隆
秀隆
はあああっ……行きたくないな……
はあああっ……行きたくないな……
キズナ
キズナ
そんなに嫌なんですか？
そんなに嫌なんですか？
秀隆
秀隆
嫌だよ
嫌だよ
キズナ
キズナ
わ、即答っ
わ、即答っ
秀隆
秀隆
……いいよ。おまえらにこんなこと言っても仕方ないし
……いいよ。おまえらにこんなこと言っても仕方ないし
キズナ
キズナ
いつになったら仲直りするんでしょうね
いつになったら仲直りするんでしょうね
アクセラ
アクセラ
それは私も知りたいです。
それは私も知りたいです。
今日のようなことを機会に仲直りすればよいのですが
今日のようなことを機会に仲直りすればよいのですが
秀隆
秀隆
あーうるさいうるさい。もういいって
あーうるさいうるさい。もういいって
ひらひらっと手を振って、会話を終わらせる。
ひらひらっと手を振って、会話を終わらせる。
昼過ぎ。
昼過ぎ。
まだ、秋は一度も姿を見せなかった。
まだ、秋は一度も姿を見せなかった。
秀隆
秀隆
秋は体調不良だったんだ！　三者面談は中止だ！
秋は体調不良だったんだ！　三者面談は中止だ！
アクセラ
アクセラ
とても元気にされておいでですよ
とても元気にされておいでですよ
秀隆
秀隆
さいですか……
さいですか……
アクセラ
アクセラ
余計なお節介かも知れませんが、
余計なお節介かも知れませんが、
そろそろ仲直りされては如何ですか？
そろそろ仲直りされては如何ですか？
秀隆
秀隆
そりゃーお節介だな。おまえだって分かってるだろ。
そりゃーお節介だな。おまえだって分かってるだろ。
オレと秋の仲を修復するのは不可能だってことくらい
オレと秋の仲を修復するのは不可能だってことくらい
アクセラ
アクセラ
それは……
それは……
秀隆
秀隆
あいつは今でも、オレを殺したいと思ってるはずさ
あいつは今でも、オレを殺したいと思ってるはずさ
聞かなくても分かる。
聞かなくても分かる。
ただの兄妹喧嘩じゃない。
ただの兄妹喧嘩じゃない。
嫌い嫌いは大好きの裏返し、なんて甘いオチは無いんだ。
嫌い嫌いは大好きの裏返し、なんて甘いオチは無いんだ。
秀隆
秀隆
って、こんな真昼間の、ましてリビングでする話じゃないない
って、こんな真昼間の、ましてリビングでする話じゃないない
アクセラ
アクセラ
そうですね。私も無神経なお話をしてしまいました
そうですね。私も無神経なお話をしてしまいました
秀隆
秀隆
別にいいけどな……
別にいいけどな……
にしても、無神経か。
にしても、無神経か。
アンドロイドが言うようなことじゃないよな。
アンドロイドが言うようなことじゃないよな。
秀隆
秀隆
生徒の方が、先に学園に入ることになってる。
生徒の方が、先に学園に入ることになってる。
オレは６時前に家を出るから、また声をかけてくれ
オレは６時前に家を出るから、また声をかけてくれ
アクセラ
アクセラ
畏まりました
畏まりました
秀隆
秀隆
三者面談まで、うだうだすることにしよう
三者面談まで、うだうだすることにしよう
…………。
…………。
……。
……。
キズナ
キズナ
ひーくんひーくん
ひーくんひーくん
秀隆
秀隆
ん？　悪いが、そろそろ出かけるぞオレは
ん？　悪いが、そろそろ出かけるぞオレは
時刻は５時を回った。
時刻は５時を回った。
秋は既に学園に向かっている。
秋は既に学園に向かっている。
キズナ
キズナ
三者面談ですよね？　私も途中まで一緒に行っていいですか？
三者面談ですよね？　私も途中まで一緒に行っていいですか？
秀隆
秀隆
それは、まぁ別にいいけど
それは、まぁ別にいいけど
アクセラ
アクセラ
キズナ様は活発なお年頃ですから
キズナ様は活発なお年頃ですから
秀隆
秀隆
活発ねえ
活発ねえ
秀隆
秀隆
じゃあ、１０分ほど待ってくれ。着替えてくるから
じゃあ、１０分ほど待ってくれ。着替えてくるから
キズナ
キズナ
わかりましたっ
わかりましたっ
キズナと一緒に、慶桜学園に向かう。
キズナと一緒に、慶桜学園に向かう。
何が嬉しいのか鼻歌交じりに歩いている。
何が嬉しいのか鼻歌交じりに歩いている。
秀隆
秀隆
今後、キズナの方針はどうしていくんだろうな。聞いてるか？
今後、キズナの方針はどうしていくんだろうな。聞いてるか？
キズナ
キズナ
方針ですか？
方針ですか？
秀隆
秀隆
現代に馴染んだら学園にだって通いたいだろ
現代に馴染んだら学園にだって通いたいだろ
キズナ
キズナ
あーそうですね。お友達とかたくさん作りたいです
あーそうですね。お友達とかたくさん作りたいです
秋や愛佳だけでなく、同い年の子と知り合って行きたいはずだ。
秋や愛佳だけでなく、同い年の子と知り合って行きたいはずだ。
引っ込み思案な性格の子なら、友達なんて……
引っ込み思案な性格の子なら、友達なんて……
と言うかも知れないが、やはりキズナはそうじゃないらしい。
と言うかも知れないが、やはりキズナはそうじゃないらしい。
キズナ
キズナ
でも、特に急ぐつもりはありません。
でも、特に急ぐつもりはありません。
私の立場が少し特殊なことは把握したつもりですし、
私の立場が少し特殊なことは把握したつもりですし、
皆さんが良いと判断されたところで、行ければ大丈夫です
皆さんが良いと判断されたところで、行ければ大丈夫です
秀隆
秀隆
大人みたいだな
大人みたいだな
キズナ
キズナ
れでぃーですから
れでぃーですから
秀隆
秀隆
その年齢と体型でレディーを名乗るなんざおこがましいぜ
その年齢と体型でレディーを名乗るなんざおこがましいぜ
キズナ
キズナ
将来的れでぃーと訂正しますっ
将来的れでぃーと訂正しますっ
秀隆
秀隆
そうなればいいけどな
そうなればいいけどな
秀隆
秀隆
それより、何か生活で困ったこととかはないか？
それより、何か生活で困ったこととかはないか？
キズナ
キズナ
んー。特にはないですね
んー。特にはないですね
キズナ
キズナ
でも、知れば知るほど、不思議な世界だなとは思っちゃいます
でも、知れば知るほど、不思議な世界だなとは思っちゃいます
秀隆
秀隆
不思議？
不思議？
キズナ
キズナ
人が地下深くに住んでいることとか、
人が地下深くに住んでいることとか、
地上が住めなくなってしまっているとか、そう言うことですね
地上が住めなくなってしまっているとか、そう言うことですね
秀隆
秀隆
何も不思議な点なんてなさそうだけどな
何も不思議な点なんてなさそうだけどな
キズナ
キズナ
実感がイマイチ、沸かないからかも知れません
実感がイマイチ、沸かないからかも知れません
キズナ
キズナ
本当に地上は住めないんでしょうか？
本当に地上は住めないんでしょうか？
秀隆
秀隆
そりゃそうだろ。住めないから地下にいるんだし
そりゃそうだろ。住めないから地下にいるんだし
秀隆
秀隆
もし地上が無事だったら、地下から出ない理由なんてないだろ？
もし地上が無事だったら、地下から出ない理由なんてないだろ？
まがりなりにも、オレは社会を教えていた。
まがりなりにも、オレは社会を教えていた。
地上がかつてどんな場所であったかは、ある程度学んでいる。
地上がかつてどんな場所であったかは、ある程度学んでいる。
大きな海があり、空があり、太陽があり……。
大きな海があり、空があり、太陽があり……。
様々な動物や植物、とにかく生命に満ち溢れた場所。
様々な動物や植物、とにかく生命に満ち溢れた場所。
秀隆
秀隆
オレにとってはこの世界が全てだから、
オレにとってはこの世界が全てだから、
わざわざ地上に行きたいとは思わないが、
わざわざ地上に行きたいとは思わないが、
少なくとも資源が取れるなら地上に出ているはずだ
少なくとも資源が取れるなら地上に出ているはずだ
キズナ
キズナ
言われてみれば、そうかもしれません
言われてみれば、そうかもしれません
秀隆
秀隆
よし、それじゃあ行って来る
よし、それじゃあ行って来る
キズナ
キズナ
いってらっしゃいです
いってらっしゃいです
秀隆
秀隆
さて、ついに来てしまったワケなんだが……
さて、ついに来てしまったワケなんだが……
慶応学園前。
慶応学園前。
今日は三者面談と言うこともあってか、
今日は三者面談と言うこともあってか、
ちらほらと親御さんの姿も見受けられる。
ちらほらと親御さんの姿も見受けられる。
何人かはオレに見覚えがあったのか、
何人かはオレに見覚えがあったのか、
ぺこりと頭を下げて挨拶をしてくれた。
ぺこりと頭を下げて挨拶をしてくれた。
秀隆
秀隆
まだ教師だと思ってるのかもな
まだ教師だと思ってるのかもな
警備員の人に挨拶し、三者面談のことを伝え、建物の中へ。
警備員の人に挨拶し、三者面談のことを伝え、建物の中へ。
ちょうど、次がオレの番らしく、教室の中へと通された。
ちょうど、次がオレの番らしく、教室の中へと通された。
秋
秋
…………
…………
懐かしい教室では、秋が席に座ってじっとしていた。
懐かしい教室では、秋が席に座ってじっとしていた。
秀隆
秀隆
山田先生はまだみたいだな
山田先生はまだみたいだな
秋
秋
……はい
……はい
オレは秋の隣に用意された席へと腰を下ろした。
オレは秋の隣に用意された席へと腰を下ろした。
互いに、それ以外に交わす言葉なんてない。
互いに、それ以外に交わす言葉なんてない。
手を伸ばさずとも触れられる距離に居ながら、
手を伸ばさずとも触れられる距離に居ながら、
オレたちは誰よりも遠い距離に居る。
オレたちは誰よりも遠い距離に居る。
最近、そんなことを考えるようになってしまった。
最近、そんなことを考えるようになってしまった。
どうしてだろう。
どうしてだろう。
隣に座る秋の表情は、いつものように無表情で。
隣に座る秋の表情は、いつものように無表情で。
でも、どうしてかな、その無表情からも何を考えているか分かってしまう。
でも、どうしてかな、その無表情からも何を考えているか分かってしまう。
秀隆
秀隆
ちっ……
ちっ……
誰かに向けて発したわけでもなく、
誰かに向けて発したわけでもなく、
自分自身に対する舌打ちだったが、それは秋の耳に届いてしまった。
自分自身に対する舌打ちだったが、それは秋の耳に届いてしまった。
秋
秋
来なくても良かったのに……
来なくても良かったのに……
秀隆
秀隆
別に、そう言う意味じゃない
別に、そう言う意味じゃない
秋
秋
そう言う意味じゃないなら、どう言う意味ですか。
そう言う意味じゃないなら、どう言う意味ですか。
わざわざ私に聞こえるように舌打ちしましたよね？
わざわざ私に聞こえるように舌打ちしましたよね？
秀隆
秀隆
別に、違う
別に、違う
秋
秋
正直に言って、不愉快です
正直に言って、不愉快です
秀隆
秀隆
うるせぇな……そう言う意味じゃないって言っただろ
うるせぇな……そう言う意味じゃないって言っただろ
秋
秋
ですから―――もういいです
ですから―――もういいです
秀隆
秀隆
途中で折れるくらいなら、最初から言うな
途中で折れるくらいなら、最初から言うな
秋
秋
…………
…………
ピリピリとした空気がその場に流れる。
ピリピリとした空気がその場に流れる。
秀隆
秀隆
なんでオレたち、一緒に居るんだろうな
なんでオレたち、一緒に居るんだろうな
秋
秋
兄さんが、三者面談に来るとか言い出すからです
兄さんが、三者面談に来るとか言い出すからです
秀隆
秀隆
ああ。悪かったよ、後悔してる。後悔先に立たずだ
ああ。悪かったよ、後悔してる。後悔先に立たずだ
秋
秋
後先考えずに言うからですよ。今からでも遅くありません、
後先考えずに言うからですよ。今からでも遅くありません、
帰ってください
帰ってください
秀隆
秀隆
あのな、ここまで来たって記録は残ってんだ。
あのな、ここまで来たって記録は残ってんだ。
今更帰ったりしたら、オレのメンツが丸つぶれだっての
今更帰ったりしたら、オレのメンツが丸つぶれだっての
秋
秋
兄さんにメンツなんてあったんですか
兄さんにメンツなんてあったんですか
秀隆
秀隆
大有りだ。臨時教師ならいざ知らず、今は特務官だぞ？
大有りだ。臨時教師ならいざ知らず、今は特務官だぞ？
秋
秋
……そうですか。もういいです
……そうですか。もういいです
秀隆
秀隆
だったら、最初から言うな
だったら、最初から言うな
秋
秋
自分勝手……
自分勝手……
秀隆
秀隆
自分勝手結構。オレはお前に良い顔するつもりはない
自分勝手結構。オレはお前に良い顔するつもりはない
秋
秋
知ってます。兄さんこそ、思い出したみたいですね
知ってます。兄さんこそ、思い出したみたいですね
秀隆
秀隆
思い出す？　オレは一度たりとも忘れたことはないさ
思い出す？　オレは一度たりとも忘れたことはないさ
秋
秋
それが自分勝手って言うんです……いえ、本当にもういいです。
それが自分勝手って言うんです……いえ、本当にもういいです。
結局私が何を言ったって、最終的に悪いのは私なんですから
結局私が何を言ったって、最終的に悪いのは私なんですから
秀隆
秀隆
だったら、不愉快とか言い出すな
だったら、不愉快とか言い出すな
秋
秋
…………
…………
秋は口を閉じてしまう。
秋は口を閉じてしまう。
秀隆
秀隆
ちっ
ちっ
もう一度。
もう一度。
今度はわざと、舌打ちをした。
今度はわざと、舌打ちをした。
秋
秋
私は、卒業したら家を出ます
私は、卒業したら家を出ます
秀隆
秀隆
前に聞いたよ
前に聞いたよ
秋
秋
今までにお世話になった分は、キチンとお金で返します
今までにお世話になった分は、キチンとお金で返します
秀隆
秀隆
そうか、そうしてくれ。お前に使った金は少なくないからな
そうか、そうしてくれ。お前に使った金は少なくないからな
秀隆
秀隆
ただ、家を出るのは金を返し終わってからだ。
ただ、家を出るのは金を返し終わってからだ。
そうじゃなきゃ、お前は逃げる可能性があるからな
そうじゃなきゃ、お前は逃げる可能性があるからな
秋
秋
……逃げません
……逃げません
秀隆
秀隆
そんな保障がどこにあるんだよ
そんな保障がどこにあるんだよ
秀隆
秀隆
金を払い終わったら、お前の好きにしろ
金を払い終わったら、お前の好きにしろ
秋
秋
分かりました……そうします
分かりました……そうします
秀隆
秀隆
お前も嫌だろうが、オレもいい加減うんざりだよ
お前も嫌だろうが、オレもいい加減うんざりだよ
秋
秋
はい。そうですね
はい。そうですね
何で一緒に居るんだろうか。
何で一緒に居るんだろうか。
オレが秋と一緒に居る理由……。
オレが秋と一緒に居る理由……。
やめだ、考えるのはやめ。
やめだ、考えるのはやめ。
…………。
…………。
それから、暫くして山田先生がやってきた。
それから、暫くして山田先生がやってきた。
山田
山田
お久しぶりですね、島津先生。いえ、今は島津特務官かしら？
お久しぶりですね、島津先生。いえ、今は島津特務官かしら？
秀隆
秀隆
ご無沙汰しております山田先生
ご無沙汰しております山田先生
三角メガネの奥の鋭い視線が、オレたちを見つめる。
三角メガネの奥の鋭い視線が、オレたちを見つめる。
山田
山田
今日は島津秋さんの三者面談になります
今日は島津秋さんの三者面談になります
山田先生が作ったと思われる秋の資料が提示される。
山田先生が作ったと思われる秋の資料が提示される。
山田先生は生徒の評判こそよくないが、
山田先生は生徒の評判こそよくないが、
細かい資料まで作成するしっかりとした先生だ。
細かい資料まで作成するしっかりとした先生だ。
まぁ、こういう真面目な先生ほど生徒に嫌われるのは仕方ないかもしれない。
まぁ、こういう真面目な先生ほど生徒に嫌われるのは仕方ないかもしれない。
山田
山田
成績は文句のつけようがありませんね。
成績は文句のつけようがありませんね。
学年でも常に上位争いをしていますし、生活態度も良好です
学年でも常に上位争いをしていますし、生活態度も良好です
秀隆
秀隆
そうですか
そうですか
山田
山田
身体が弱い分体育はすべて見学ですが、レポートも問題ありません
身体が弱い分体育はすべて見学ですが、レポートも問題ありません
山田
山田
これから、どの大学を受験しても進学が望めそうですね
これから、どの大学を受験しても進学が望めそうですね
秀隆
秀隆
秋、おまえはどう考えてるんだ？
秋、おまえはどう考えてるんだ？
秋
秋
そうですね……進学はあまり考えていません
そうですね……進学はあまり考えていません
オレたちはそれまでの会話が嘘のように、
オレたちはそれまでの会話が嘘のように、
表面上仲の良い兄妹を演出し、進路希望について話し合う。
表面上仲の良い兄妹を演出し、進路希望について話し合う。
秋
秋
出来れば就職したいと思っています
出来れば就職したいと思っています
山田
山田
就職ですか。もったいないですね……いい大学も狙えますよ？
就職ですか。もったいないですね……いい大学も狙えますよ？
島津先生、いえ、島津さんが特務官になられたことで、経済的にも余裕ができていますよね
島津先生、いえ、島津さんが特務官になられたことで、経済的にも余裕ができていますよね
秀隆
秀隆
え、ええまぁ。そうですね
え、ええまぁ。そうですね
山田
山田
私は就職ではなく進学をするべきだと思いますが……
私は就職ではなく進学をするべきだと思いますが……
秀隆
秀隆
秋。オレに遠慮することなく、考えてもいいんだぞ？　進学
秋。オレに遠慮することなく、考えてもいいんだぞ？　進学
秋
秋
でも……
でも……
秀隆
秀隆
必要ならいくらでも学費は出してやるし
必要ならいくらでも学費は出してやるし
秋
秋
ありがとうございます
ありがとうございます
秋はうっすらと微笑み、オレに頭を下げた。
秋はうっすらと微笑み、オレに頭を下げた。
山田先生はそんなオレたちを見て、
山田先生はそんなオレたちを見て、
自分のおかげだというように何度か頷いていた。
自分のおかげだというように何度か頷いていた。
山田
山田
では進学の方向で検討されてみますか？
では進学の方向で検討されてみますか？
秋
秋
……一度、考えさせていただいてもいいですか？
……一度、考えさせていただいてもいいですか？
秋は就職を望んでいるが、山田先生はそれを勿体ないと言った。
秋は就職を望んでいるが、山田先生はそれを勿体ないと言った。
だから、オレたちはあえて、この場で反論することはしなかった。
だから、オレたちはあえて、この場で反論することはしなかった。
いちいち相手にしていたら時間が長引くだけ。
いちいち相手にしていたら時間が長引くだけ。
普通の兄妹を演じるために。
普通の兄妹を演じるために。
秋
秋
今日はありがとうございました
今日はありがとうございました
秋が山田先生に頭を下げる。
秋が山田先生に頭を下げる。
山田
山田
お二人で話し合って、しっかりと将来を決めてください
お二人で話し合って、しっかりと将来を決めてください
秋
秋
はい
はい
秀隆
秀隆
よかったな秋、スムーズに話が進んで
よかったな秋、スムーズに話が進んで
秋
秋
はい。兄さんもありがとうございました
はい。兄さんもありがとうございました
秀隆
秀隆
いや、兄として当然のことをしただけだ。それじゃあ山田先生
いや、兄として当然のことをしただけだ。それじゃあ山田先生
オレたちは教室を後にした。
オレたちは教室を後にした。
外に出ると、消灯時刻が過ぎていた。
外に出ると、消灯時刻が過ぎていた。
本当ならどこか寄り道して酒でも引っ掛けたいところだが、生憎と明日も朝は早い。
本当ならどこか寄り道して酒でも引っ掛けたいところだが、生憎と明日も朝は早い。
オレたちは先ほどの弾む会話も嘘のように、
オレたちは先ほどの弾む会話も嘘のように、
静かに帰りの道を歩いていた。
静かに帰りの道を歩いていた。
秀隆
秀隆
…………
…………
秋
秋
…………
…………
何か特別な会話が思いつくわけでもない。
何か特別な会話が思いつくわけでもない。
静かな時間。
静かな時間。
消灯時刻を過ぎていたこともあって、辺りは静寂に包まれている。
消灯時刻を過ぎていたこともあって、辺りは静寂に包まれている。
正直、嫌な間だ。
正直、嫌な間だ。
こうして秋と二人きりで歩くなんていつ以来だろうか。
こうして秋と二人きりで歩くなんていつ以来だろうか。
思い返そうとしても、思い出せないほど、昔のこと。
思い返そうとしても、思い出せないほど、昔のこと。
秀隆
秀隆
で、結局どうするんだよ。仕事は何をするんだ
で、結局どうするんだよ。仕事は何をするんだ
そんな間に耐え切れず、オレは口を開いた。
そんな間に耐え切れず、オレは口を開いた。
秋
秋
家を出ることしか決めていません
家を出ることしか決めていません
秋
秋
それは、約束しますから安心して下さい
それは、約束しますから安心して下さい
秀隆
秀隆
仕事が決まらなかったら、出るも出ないもないだろ。
仕事が決まらなかったら、出るも出ないもないだろ。
まずどうやって金を返すのか決めなきゃダメだろ
まずどうやって金を返すのか決めなきゃダメだろ
秋
秋
決めます
決めます
秀隆
秀隆
自信ありか
自信ありか
秋
秋
……最悪、どんな仕事でもしますから
……最悪、どんな仕事でもしますから
秀隆
秀隆
なんだよ、その最悪の仕事って
なんだよ、その最悪の仕事って
秋
秋
一人で生きていけるなら、何でもするということです
一人で生きていけるなら、何でもするということです
秀隆
秀隆
……そうか
……そうか
オレが想像したもの、では無いかもしれないが、
オレが想像したもの、では無いかもしれないが、
その想像したものすら、やる覚悟だってことだろう。
その想像したものすら、やる覚悟だってことだろう。
別にいいさ、それは秋の自由だ。
別にいいさ、それは秋の自由だ。
秀隆
秀隆
…………
…………
秋
秋
…………
…………
本当に嫌な間だ。
本当に嫌な間だ。
キズナでも居てくれれば、多分空気は全然違うものだろうな。
キズナでも居てくれれば、多分空気は全然違うものだろうな。
こんなことなら、無理に面談なんて行くんじゃなかった。
こんなことなら、無理に面談なんて行くんじゃなかった。
秋
秋
私は頼んでいません
私は頼んでいません
秀隆
秀隆
人の心を見透かしたような発言はやめてくれ
人の心を見透かしたような発言はやめてくれ
秋
秋
多分、私と同じ気持ちだろうと思ったので
多分、私と同じ気持ちだろうと思ったので
秀隆
秀隆
だろうな……
だろうな……
秋からは、常に離れろ、話しかけるなって空気が出ている。
秋からは、常に離れろ、話しかけるなって空気が出ている。
オレだって、そうしたい。
オレだって、そうしたい。
秀隆
秀隆
世間体ってのは、どうしてこうウザったいんだろうな
世間体ってのは、どうしてこうウザったいんだろうな
秋
秋
知りません
知りません
秀隆
秀隆
…………
…………
秋
秋
私は兄さんほど、世間を気にしていませんから
私は兄さんほど、世間を気にしていませんから
秀隆
秀隆
なら、普段から堂々と距離を置いとけってことか？
なら、普段から堂々と距離を置いとけってことか？
秋
秋
私はその選択も、あるとはと思っています
私はその選択も、あるとはと思っています
秋
秋
こんなに嫌な思いをしてまで、世間に取り繕っていくのは嫌です
こんなに嫌な思いをしてまで、世間に取り繕っていくのは嫌です
秀隆
秀隆
今更だけどな
今更だけどな
秀隆
秀隆
今、お前のその提案を受けることは出来ない
今、お前のその提案を受けることは出来ない
秀隆
秀隆
オレは特務官として、家庭に問題があるように見せるわけにはいかない
オレは特務官として、家庭に問題があるように見せるわけにはいかない
秀隆
秀隆
不必要に仲良くする必要はないが、
不必要に仲良くする必要はないが、
少なくともお互いが憎みあってるなんて知られるわけにはいかないんだ
少なくともお互いが憎みあってるなんて知られるわけにはいかないんだ
秋
秋
わかっていますよ。だから、こうやって三者面談も許可したんです
わかっていますよ。だから、こうやって三者面談も許可したんです
秋
秋
私には拒否権がない。ちゃんと従っているじゃないですか
私には拒否権がない。ちゃんと従っているじゃないですか
秀隆
秀隆
そうだったな
そうだったな
秋
秋
もういいですか？　これ以上は疲れるだけです
もういいですか？　これ以上は疲れるだけです
秀隆
秀隆
はいはい、悪かったよ
はいはい、悪かったよ
兄妹って、なんなんだろうな？
兄妹って、なんなんだろうな？
近くて遠い距離。
近くて遠い距離。
オレたちの関係は、５年前に終わった。
オレたちの関係は、５年前に終わった。
終わったんだ。
終わったんだ。
秀隆
秀隆
ふう、ただいま
ふう、ただいま
秋
秋
ただいま
ただいま
家の中に入る。
家の中に入る。
秀隆
秀隆
……ただいま
……ただいま
もう一度。
もう一度。
…………。
…………。
秀隆
秀隆
ただいま？
ただいま？
三度目。
三度目。
しかし、いつもの音（スリッパ）はいつまでも聞こえてこない。
しかし、いつもの音（スリッパ）はいつまでも聞こえてこない。
もしかすると、風呂に入ってるタイミングだったか？
もしかすると、風呂に入ってるタイミングだったか？
靴を脱ぎ、リビングへ。
靴を脱ぎ、リビングへ。
秀隆
秀隆
ふう
ふう
アクセラ
アクセラ
…………
…………
秀隆
秀隆
うおっ！？
うおっ！？
椅子に座って、じっとしているアクセラを見て心臓が止まるかと思った。
椅子に座って、じっとしているアクセラを見て心臓が止まるかと思った。
秀隆
秀隆
いるなら返事くらいしろ！
いるなら返事くらいしろ！
アクセラ
アクセラ
……秀隆様？
……秀隆様？
秀隆
秀隆
なんだよ。オレが帰ってきちゃおかしいか？
なんだよ。オレが帰ってきちゃおかしいか？
アクセラ
アクセラ
いえ……
いえ……
秋
秋
私部屋で休むね
私部屋で休むね
露骨にオレを相手にしたから疲れた、って雰囲気を残し、秋は部屋に消えた。
露骨にオレを相手にしたから疲れた、って雰囲気を残し、秋は部屋に消えた。
秀隆
秀隆
性格最悪だよ、あいつは
性格最悪だよ、あいつは
アクセラ
アクセラ
…………
…………
秀隆
秀隆
ん？　さっきからボーっとしてどうした？
ん？　さっきからボーっとしてどうした？
アクセラ
アクセラ
おはようございます
おはようございます
秀隆
秀隆
は？　……何言ってんだよ
は？　……何言ってんだよ
どう切り替えしていいかわからず、呆然とする。
どう切り替えしていいかわからず、呆然とする。
アクセラ
アクセラ
…………
…………
アクセラ
アクセラ
失礼致しました。お帰りなさいませ、秀隆様
失礼致しました。お帰りなさいませ、秀隆様
アクセラ
アクセラ
本日はドリームタウンへのご出張でしたね
本日はドリームタウンへのご出張でしたね
秀隆
秀隆
あ、ああ？
あ、ああ？
何だか、アクセラの様子がおかしい。
何だか、アクセラの様子がおかしい。
アクセラ
アクセラ
お食事にしますか？　お風呂になさいますか？
お食事にしますか？　お風呂になさいますか？
秀隆
秀隆
え……っと、そうだな。風呂にしようかな
え……っと、そうだな。風呂にしようかな
アクセラ
アクセラ
畏まりました。すぐお湯を入れますね
畏まりました。すぐお湯を入れますね
気がつけば、アクセラはいつものように振舞っていた。
気がつけば、アクセラはいつものように振舞っていた。
秀隆
秀隆
まさかオレをからかっていたのか？
まさかオレをからかっていたのか？
何か異常があれば、普通言うよな？
何か異常があれば、普通言うよな？
何か様子が気になりながらも、オレは風呂に入ることにした。
何か様子が気になりながらも、オレは風呂に入ることにした。
…………。
…………。
……。
……。
