…………。
…………。
微かな物音がした。
微かな物音がした。
そして人の気配。
そして人の気配。
意識が覚醒する。
意識が覚醒する。
いや、違うな。
いや、違うな。
人の気配で、意識が覚醒した。
人の気配で、意識が覚醒した。
その次に微かな物音。
その次に微かな物音。
どうでもいいような前後関係に見えて、
どうでもいいような前後関係に見えて、
この情報は大きな違いと意味を持つ。
この情報は大きな違いと意味を持つ。
恭一
恭一
…………
…………
この部屋の主は、ゆっくりと足音を殺し、
この部屋の主は、ゆっくりと足音を殺し、
リビングの引き出しを開けた。
リビングの引き出しを開けた。
そして何かを探しているのか、暫くそこを調べていた。
そして何かを探しているのか、暫くそこを調べていた。
調べ物が見つかったのか、ゆっくりと部屋に戻ろうとする。
調べ物が見つかったのか、ゆっくりと部屋に戻ろうとする。
恭一
恭一
……ん……恋、か？　……随分と早い目覚めだな
……ん……恋、か？　……随分と早い目覚めだな
恋
恋
あ……起こしてしまいましたか？　ごめんなさい
あ……起こしてしまいましたか？　ごめんなさい
恋は平静を装ったが、無意識のうちに後ろ手に何かを隠した。
恋は平静を装ったが、無意識のうちに後ろ手に何かを隠した。
オレはそれに気づかないフリをし、寝返りを打つ。
オレはそれに気づかないフリをし、寝返りを打つ。
恭一
恭一
……飯がまだなら、もう少し寝る……
……飯がまだなら、もう少し寝る……
恋
恋
はい。あと２時間くらいしたら、起こします。
はい。あと２時間くらいしたら、起こします。
昨日の頭痛のことも気になりますし、ゆっくり休んでください
昨日の頭痛のことも気になりますし、ゆっくり休んでください
恭一
恭一
ああ……
ああ……
…………。
…………。
恋
恋
今朝はごめんなさい。起こしてしまって
今朝はごめんなさい。起こしてしまって
恭一
恭一
気にするな。リビングを使ってればそう言うこともあるだろ
気にするな。リビングを使ってればそう言うこともあるだろ
恭一
恭一
誰だって深夜にウンコしたくなることはある
誰だって深夜にウンコしたくなることはある
恋
恋
違います……
違います……
恭一
恭一
気にするな。女だってウンコするから
気にするな。女だってウンコするから
恋
恋
……食事前に最低ですね
……食事前に最低ですね
恭一
恭一
食事前じゃなくても最低呼ばわりするだろ
食事前じゃなくても最低呼ばわりするだろ
恋
恋
だって、あなたは最低ですから
だって、あなたは最低ですから
恭一
恭一
おまえと生活を続けてる間に、オレは何回最低呼ばわりされるだろうな？
おまえと生活を続けてる間に、オレは何回最低呼ばわりされるだろうな？
恋
恋
きっと数え切れないくらい多いと思います
きっと数え切れないくらい多いと思います
恭一
恭一
だろうな
だろうな
恭一
恭一
それでウンコに起きてきたのか？
それでウンコに起きてきたのか？
恋
恋
違いますっ。喉が渇いたので、水を飲みに
違いますっ。喉が渇いたので、水を飲みに
恭一
恭一
そう言うことにしておいてやろう
そう言うことにしておいてやろう
恋
恋
あなたは自分の納得しない答え以外は認めないだけでしょう？
あなたは自分の納得しない答え以外は認めないだけでしょう？
恭一
恭一
オレのことが分かってきたみたいだな
オレのことが分かってきたみたいだな
恋
恋
嫌でも分からされてますから
嫌でも分からされてますから
オレ自身も、オレのことを掴み始めていた。
オレ自身も、オレのことを掴み始めていた。
オレはものすごく適当な人間だと。
オレはものすごく適当な人間だと。
恋
恋
それじゃあ、私は仕事に行ってきます
それじゃあ、私は仕事に行ってきます
恭一
恭一
本の手土産を頼むぞ
本の手土産を頼むぞ
恋
恋
ダメです。これ以上家に増えても困ります。
ダメです。これ以上家に増えても困ります。
今は端末でも本を買える時代です、それでもいいですか？
今は端末でも本を買える時代です、それでもいいですか？
恭一
恭一
電子書籍って奴か？　勘弁してくれ。オレはそんなものに興味ない
電子書籍って奴か？　勘弁してくれ。オレはそんなものに興味ない
恭一
恭一
本ってのは紙だから意味があるのさ
本ってのは紙だから意味があるのさ
恋
恋
今はそう言う時代ではありません。殆ど需要はありませんよ
今はそう言う時代ではありません。殆ど需要はありませんよ
恭一
恭一
なら、何でこういう本が存在する
なら、何でこういう本が存在する
恋
恋
さあ？　きっと恭一さんのような変わり者もいるからじゃありませんか？
さあ？　きっと恭一さんのような変わり者もいるからじゃありませんか？
恭一
恭一
違うな。紙媒体であることの重要性を分かってる人間がいるからだ
違うな。紙媒体であることの重要性を分かってる人間がいるからだ
恭一
恭一
パソコンは便利なもんだが、電気がなきゃ見ることも出来ない
パソコンは便利なもんだが、電気がなきゃ見ることも出来ない
恭一
恭一
それに目が疲れるから結果的に頭にも入ってこない
それに目が疲れるから結果的に頭にも入ってこない
恋
恋
それはそうかも知れませんが……
それはそうかも知れませんが……
恋
恋
必要な情報をすぐ引き出せる利点もあります
必要な情報をすぐ引き出せる利点もあります
恭一
恭一
それは利点でもあり欠点でもある。
それは利点でもあり欠点でもある。
自分で調べるって労力を省いているせいで身につくものは少ない
自分で調べるって労力を省いているせいで身につくものは少ない
恋
恋
む……
む……
恭一
恭一
どれだけ時代が進んでも、大切なことはメモに取ったりしないか？　違うか？
どれだけ時代が進んでも、大切なことはメモに取ったりしないか？　違うか？
恋
恋
そういわれると……そうかも知れません
そういわれると……そうかも知れません
何か思い当たるフシがあったのか、肯定した。
何か思い当たるフシがあったのか、肯定した。
恋
恋
でも、本は買ってきませんよ？
でも、本は買ってきませんよ？
恭一
恭一
そこは買って来いよ……
そこは買って来いよ……
恋が仕事に出かけた後、オレは例の引き出しをあけた。
恋が仕事に出かけた後、オレは例の引き出しをあけた。
朝方、こそこそしてまで持ち出す必要があるもの。
朝方、こそこそしてまで持ち出す必要があるもの。
だが、その引き出しの中には何も入っていなかった。
だが、その引き出しの中には何も入っていなかった。
恭一
恭一
当然と言えば当然か……
当然と言えば当然か……
恐らく、その持ち出した何かはまだ恋の部屋だ。
恐らく、その持ち出した何かはまだ恋の部屋だ。
あるいは仕事に行く際、持って行った可能性もある。
あるいは仕事に行く際、持って行った可能性もある。
恭一
恭一
調べられるところから調べるか
調べられるところから調べるか
当然、オレは恋の寝室に足を向ける。
当然、オレは恋の寝室に足を向ける。
が……。
が……。
扉は硬く閉ざされていて、許可なき侵入者を阻もうとしていた。
扉は硬く閉ざされていて、許可なき侵入者を阻もうとしていた。
恭一
恭一
生意気な
生意気な
オレが部屋に入ることを危惧し、鍵を掛けていきやがった。
オレが部屋に入ることを危惧し、鍵を掛けていきやがった。
少しは人間を信じる心を覚えろ。
少しは人間を信じる心を覚えろ。
さて……。
さて……。
となれば、どうにかして開錠する必要がある。
となれば、どうにかして開錠する必要がある。
鍵の仕組みは、非常にシンプルで、難易度自体は低そうだ。
鍵の仕組みは、非常にシンプルで、難易度自体は低そうだ。
オレは台所に行き、何か使えないモノがないか探す。
オレは台所に行き、何か使えないモノがないか探す。
恭一
恭一
……ダメだな
……ダメだな
鍵穴に入りそうなものが見当たらない。
鍵穴に入りそうなものが見当たらない。
次にリビングの引き出しを開け、物色する。
次にリビングの引き出しを開け、物色する。
３つ目に開けた引き出しには、裁縫セットのようなものが。
３つ目に開けた引き出しには、裁縫セットのようなものが。
恭一
恭一
これなら使えそうだな
これなら使えそうだな
その中からピンセットを回収。
その中からピンセットを回収。
更に、別の引き出しからヘアピンを回収した。
更に、別の引き出しからヘアピンを回収した。
オレは恋の部屋の前に戻り、
オレは恋の部屋の前に戻り、
その２つを使って鍵の開錠を試みる。
その２つを使って鍵の開錠を試みる。
どうしてかは分からない。
どうしてかは分からない。
だが、オレの手は淀みなく動く。
だが、オレの手は淀みなく動く。
元々地上にいた頃は、空き巣でもやってたのかもな。
元々地上にいた頃は、空き巣でもやってたのかもな。
開錠を始めること数十秒。
開錠を始めること数十秒。
カチャ、と言う金属の音が聞こえてきた。
カチャ、と言う金属の音が聞こえてきた。
恭一
恭一
開いたか
開いたか
オレは恋が居ない時間、部屋の中を調べることにした。
オレは恋が居ない時間、部屋の中を調べることにした。
この中に、あいつの隠そうとする何かが残っているはずだ。
この中に、あいつの隠そうとする何かが残っているはずだ。
恭一
恭一
この辺りから調べるか
この辺りから調べるか
部屋の適当な引き出しを開ける。
部屋の適当な引き出しを開ける。
目に飛び込んできたのは、爽やかな色から
目に飛び込んできたのは、爽やかな色から
女が好きそうな色の、下着だった。
女が好きそうな色の、下着だった。
恭一
恭一
ハズレか
ハズレか
オレはその下着の群れを見ながら
オレはその下着の群れを見ながら
拝借した
拝借した
味わった
味わった
オレは下着のひとつを手に取り、口の中に頬張った。
オレは下着のひとつを手に取り、口の中に頬張った。
恭一
恭一
……甘いな……
……甘いな……
と言うこともなく、繊維の味しかしない。
と言うこともなく、繊維の味しかしない。
強いて言うなら、香りは悪くないが。
強いて言うなら、香りは悪くないが。
オレは口から吐き出し、そのまま元に戻した。
オレは口から吐き出し、そのまま元に戻した。
そのうちの一つをポケットに入れ、拝借する。
そのうちの一つをポケットに入れ、拝借する。
今度あの若い特務官にでもくれてやることにしよう。
今度あの若い特務官にでもくれてやることにしよう。
下着の引き出しを閉じ、オレは別の場所を捜す。
下着の引き出しを閉じ、オレは別の場所を捜す。
そして、ドレッサーにある引き出しから、古ぼけたノートを見つけた。
そして、ドレッサーにある引き出しから、古ぼけたノートを見つけた。
明らかにこのノートだけが、環境に溶け込んでいない。
明らかにこのノートだけが、環境に溶け込んでいない。
ノートを引っ張り出し、中を確認する。
ノートを引っ張り出し、中を確認する。
恭一
恭一
……日記か
……日記か
日付的に、かなり古い。
日付的に、かなり古い。
それに、これは恋の日記ではなかった。
それに、これは恋の日記ではなかった。
オレは日記を読み終えた後、それを元に戻し部屋を後にした。
オレは日記を読み終えた後、それを元に戻し部屋を後にした。
仕事を終え、帰ってきた恋は、寝室に向かう。
仕事を終え、帰ってきた恋は、寝室に向かう。
そして扉を開けようとして……。
そして扉を開けようとして……。
逆に鍵がかかる。
逆に鍵がかかる。
オレが開錠して、当然そのままだったからだ。
オレが開錠して、当然そのままだったからだ。
道具を使って鍵を開けられても、閉めることは簡単に出来ない。
道具を使って鍵を開けられても、閉めることは簡単に出来ない。
恋
恋
……恭一さん。私がいない間に、部屋に入りましたか？
……恭一さん。私がいない間に、部屋に入りましたか？
恭一
恭一
悪い悪い。ちょっとこいつを取りにな。
悪い悪い。ちょっとこいつを取りにな。
前にあの部屋に本があったのを思い出したんだ
前にあの部屋に本があったのを思い出したんだ
そういい、本を一冊見せる。
そういい、本を一冊見せる。
そして更に続けた。
そして更に続けた。
恭一
恭一
勝手に入られるのが嫌なら、部屋に鍵でもかけておくんだな
勝手に入られるのが嫌なら、部屋に鍵でもかけておくんだな
恋
恋
そうですか。でも、今後は無断で入らないでくださいね
そうですか。でも、今後は無断で入らないでくださいね
恭一
恭一
いちいちうるさいな。わかったよ
いちいちうるさいな。わかったよ
恭一
恭一
日頃のオレを見てれば、無理もないことか
日頃のオレを見てれば、無理もないことか
恋が寝室に消える。
恋が寝室に消える。
あいつ本人は鍵をかけて出かけたつもりだろうが、
あいつ本人は鍵をかけて出かけたつもりだろうが、
オレが先手を打つことでかけ忘れの可能性を感じただろう。
オレが先手を打つことでかけ忘れの可能性を感じただろう。
さすがに道具を使って進入した、と確定すれば後々面倒だ。
さすがに道具を使って進入した、と確定すれば後々面倒だ。
恭一
恭一
しかし……地上への道か……
しかし……地上への道か……
オレは読んだ日記の内容を思い出しながら、ソファーに寝転がった。
オレは読んだ日記の内容を思い出しながら、ソファーに寝転がった。
恋の父親が残していた日記。
恋の父親が残していた日記。
恋の父親は、大河内……つまりオッサンに頼まれ、
恋の父親は、大河内……つまりオッサンに頼まれ、
地上への道に関する情報を集めていた特務官だった。
地上への道に関する情報を集めていた特務官だった。
下層区画と呼ばれる場所に、地上へと通じる道があるらしい。
下層区画と呼ばれる場所に、地上へと通じる道があるらしい。
恭一
恭一
面白ぇ……
面白ぇ……
どうせ時間は有り余っている、調べてみるのもいいかもしれない。
どうせ時間は有り余っている、調べてみるのもいいかもしれない。
オレは寝かせた身体を起こし、街へと繰り出すことにした。
オレは寝かせた身体を起こし、街へと繰り出すことにした。
下層区画、と呼ばれる場所がどこにあるのか。
下層区画、と呼ばれる場所がどこにあるのか。
まずはその情報を集めるのが先決だ。
まずはその情報を集めるのが先決だ。
とは言え、迂闊な聞き込みは出来ない。
とは言え、迂闊な聞き込みは出来ない。
仮にもオレの存在を公にするなと、周囲が目の色を変えている。
仮にもオレの存在を公にするなと、周囲が目の色を変えている。
コレだけ狭い街なら、情報が回るのも早いと考えた方がいいだろう。
コレだけ狭い街なら、情報が回るのも早いと考えた方がいいだろう。
オレは、カジノに足を運んでいた。
オレは、カジノに足を運んでいた。
ここなら、自然と情報は集まり、耳にも届きやすい。
ここなら、自然と情報は集まり、耳にも届きやすい。
オレは酒を提供している場所のカウンターに、腰を下ろした。
オレは酒を提供している場所のカウンターに、腰を下ろした。
静乃
静乃
あの
あの
恭一
恭一
あん？　……あんたは、先日の
あん？　……あんたは、先日の
静乃
静乃
覚えていていただけましたか。私ディーラーの静乃と申します
覚えていていただけましたか。私ディーラーの静乃と申します
静乃
静乃
先日は熱い勝負、ありがとうございました
先日は熱い勝負、ありがとうございました
恭一
恭一
そりゃ２５０万全部回収したんだ、ありがとうだろうよ
そりゃ２５０万全部回収したんだ、ありがとうだろうよ
静乃
静乃
いえ、そのような意味では……
いえ、そのような意味では……
恭一
恭一
冗談だ。気にするな
冗談だ。気にするな
静乃
静乃
私と勝負されるお客様は、少額の方が多いですので
私と勝負されるお客様は、少額の方が多いですので
恭一
恭一
ま、あんたを見るために勝負してる連中ばっかりだろうしな
ま、あんたを見るために勝負してる連中ばっかりだろうしな
静乃
静乃
ディーラーとしては、少々複雑なところですが
ディーラーとしては、少々複雑なところですが
静乃
静乃
お客様ありきなので、もちろん文句は言えません
お客様ありきなので、もちろん文句は言えません
恭一
恭一
それで、挨拶だけなら行くぜ？
それで、挨拶だけなら行くぜ？
静乃
静乃
あの、おひとりですか？
あの、おひとりですか？
そういい、隣の席を見る。
そういい、隣の席を見る。
恭一
恭一
ああ。いつもは１００人くらい美女を侍らせてるんだけどな
ああ。いつもは１００人くらい美女を侍らせてるんだけどな
静乃
静乃
では、こちらは空けておいた方が良いでしょうか？
では、こちらは空けておいた方が良いでしょうか？
女が笑う。
女が笑う。
恭一
恭一
いや、今日は大丈夫だ。遠慮なく座れ
いや、今日は大丈夫だ。遠慮なく座れ
静乃
静乃
……ありがとうございます
……ありがとうございます
静乃が隣に腰を下ろした。
静乃が隣に腰を下ろした。
恭一
恭一
何か飲むか？
何か飲むか？
静乃
静乃
今は休憩時間でして。終わったらすぐ仕事なんです
今は休憩時間でして。終わったらすぐ仕事なんです
そういい、マスターに声をかける。
そういい、マスターに声をかける。
静乃
静乃
ノンアルコールのカクテルをお願いします
ノンアルコールのカクテルをお願いします
恭一
恭一
で、わざわざ座り込んで何の用だ？　男あさりでもないだろ
で、わざわざ座り込んで何の用だ？　男あさりでもないだろ
静乃
静乃
実は、もう一度あなたにお会いしたいと思っていたんです
実は、もう一度あなたにお会いしたいと思っていたんです
静乃
静乃
最後の勝負。あなたの仰った意味が気になっていましたので
最後の勝負。あなたの仰った意味が気になっていましたので
恭一
恭一
言った言葉？
言った言葉？
静乃
静乃
見事な手さばきだった、と
見事な手さばきだった、と
恭一
恭一
ただ褒めただけだ。それがどうした
ただ褒めただけだ。それがどうした
静乃
静乃
本当にそれだけですか？
本当にそれだけですか？
女の鋭い視線がオレを射抜く。
女の鋭い視線がオレを射抜く。
静乃
静乃
私には、何か他の意味があったように思えてならないんです
私には、何か他の意味があったように思えてならないんです
恭一
恭一
気のせいだろ
気のせいだろ
静乃
静乃
そうでしょうか？
そうでしょうか？
恭一
恭一
やけに食いついてくるな
やけに食いついてくるな
静乃
静乃
あの時、ブラックジャックと宣言したとき、
あの時、ブラックジャックと宣言したとき、
あなたはカードではなく私の方を見ていましたよね？
あなたはカードではなく私の方を見ていましたよね？
恭一
恭一
オレの視線に気づいてたってことか
オレの視線に気づいてたってことか
静乃
静乃
……やはり
……やはり
作られたカクテルを一杯口に含む。
作られたカクテルを一杯口に含む。
静乃
静乃
なぜ、あの場で咎めなかったのですか？
なぜ、あの場で咎めなかったのですか？
恭一
恭一
イカサマを……か？
イカサマを……か？
静乃
静乃
はい
はい
オレは、最後の勝負。
オレは、最後の勝負。
この静乃と言う女が袖からカードを出したのが見えた。
この静乃と言う女が袖からカードを出したのが見えた。
それは本当に一瞬。
それは本当に一瞬。
オレでなければ気づくことは出来なかっただろう。
オレでなければ気づくことは出来なかっただろう。
どうやら、オレは自分が思っているよりもずっと目がいいらしい。
どうやら、オレは自分が思っているよりもずっと目がいいらしい。
恭一
恭一
興味がなかったからな。それだけだ
興味がなかったからな。それだけだ
静乃
静乃
興味ですか……大金がかかっていたんですよ？
興味ですか……大金がかかっていたんですよ？
恭一
恭一
金に興味はない
金に興味はない
静乃
静乃
おかしなことを仰るんですね。なら、何故ギャンブルを？
おかしなことを仰るんですね。なら、何故ギャンブルを？
恭一
恭一
知的好奇心。終わり
知的好奇心。終わり
静乃
静乃
……変わった人、と言うことだけはわかりました
……変わった人、と言うことだけはわかりました
恭一
恭一
少なくとも今のオレに金は必要ないな
少なくとも今のオレに金は必要ないな
静乃
静乃
だから、あんな大金を容易くベット出来た、と
だから、あんな大金を容易くベット出来た、と
くすりと笑う。
くすりと笑う。
静乃
静乃
お金に興味のない方なんて、いらっしゃるんですね
お金に興味のない方なんて、いらっしゃるんですね
恭一
恭一
タダでくれるなら貰ってやってもいんだけどな
タダでくれるなら貰ってやってもいんだけどな
静乃
静乃
仮に２５０万あったら、何に使いますか？
仮に２５０万あったら、何に使いますか？
恭一
恭一
本
本
静乃
静乃
…………
…………
恭一
恭一
…………
…………
静乃
静乃
ほかには？
ほかには？
恭一
恭一
本
本
静乃
静乃
え、本だけ、ですか？
え、本だけ、ですか？
恭一
恭一
そうだ
そうだ
静乃
静乃
理解不能ですね……
理解不能ですね……
恭一
恭一
本を舐めるなよ？　例えばそこに酒場のマスターがいるだろ
本を舐めるなよ？　例えばそこに酒場のマスターがいるだろ
静乃
静乃
はい
はい
恭一
恭一
こいつもマスターになるために、本を読んで勉強した。そうだろ？
こいつもマスターになるために、本を読んで勉強した。そうだろ？
マスター
マスター
いえ、自分は本を読んだことは一度もないですね
いえ、自分は本を読んだことは一度もないですね
静乃
静乃
だ、そうですが？
だ、そうですが？
恭一
恭一
多分素直に認められないんだろ
多分素直に認められないんだろ
マスター
マスター
本当に読んだことないです
本当に読んだことないです
恭一
恭一
読んだことあるよな？
読んだことあるよな？
マスター
マスター
こ、子供の頃から本が大好きなんです
こ、子供の頃から本が大好きなんです
恭一
恭一
ほらな？
ほらな？
静乃
静乃
今、頭を叩かれませんでした？
今、頭を叩かれませんでした？
恭一
恭一
気のせいだ
気のせいだ
静乃
静乃
本がお好きなんですか
本がお好きなんですか
恭一
恭一
多分な
多分な
静乃
静乃
……多分？
……多分？
恭一
恭一
多分は多分だ
多分は多分だ
オレも、好きだと思うとしかわからない。
オレも、好きだと思うとしかわからない。
だが、本を読んでいる時は心が落ちつく。
だが、本を読んでいる時は心が落ちつく。
恭一
恭一
おまえ、静乃はここで働いて長いのか？
おまえ、静乃はここで働いて長いのか？
静乃
静乃
もう５年になります
もう５年になります
恭一
恭一
いつもか？
いつもか？
恭一
恭一
いつもあんなイカサマをやってんのか？
いつもあんなイカサマをやってんのか？
静乃
静乃
まさか。高額ベットになった時のみです
まさか。高額ベットになった時のみです
あっさりと認める。
あっさりと認める。
静乃
静乃
私のイカサマを見破った人に、今更隠し事をしても意味がありませんから
私のイカサマを見破った人に、今更隠し事をしても意味がありませんから
恭一
恭一
意味ねぇ……
意味ねぇ……
恭一
恭一
このカジノはディーラー絡みでイカサマを？
このカジノはディーラー絡みでイカサマを？
静乃
静乃
いいえ私だけです。あまりに多くの人間がイカサマをやれば、気づかれてしまいます
いいえ私だけです。あまりに多くの人間がイカサマをやれば、気づかれてしまいます
静乃
静乃
それに、誰にも気づかれず行うには才能が必要になります
それに、誰にも気づかれず行うには才能が必要になります
そういうと、静乃は手の平から巧みにトランプを取り出した。
そういうと、静乃は手の平から巧みにトランプを取り出した。
目にもとまらぬ速さとはこのことか。
目にもとまらぬ速さとはこのことか。
素早く２枚を選び、オレの方へとカードを滑らせる
素早く２枚を選び、オレの方へとカードを滑らせる
静乃
静乃
ブラックジャックです
ブラックジャックです
オレがカードをめくると、そこにはハートのＡと１０が。
オレがカードをめくると、そこにはハートのＡと１０が。
恭一
恭一
すごい技術だな
すごい技術だな
静乃
静乃
身に着けるのには、数年は必要です。お客様にバレたら、それで終わりの世界ですから
身に着けるのには、数年は必要です。お客様にバレたら、それで終わりの世界ですから
恭一
恭一
ま、そうだな
ま、そうだな
恭一
恭一
だが、そんなにペラペラと話していいのか
だが、そんなにペラペラと話していいのか
恭一
恭一
あの時、あんたが袖からカードを出したのはわかった。
あの時、あんたが袖からカードを出したのはわかった。
だが、全てのイカサマを見破れるわけでもないんだぜ？
だが、全てのイカサマを見破れるわけでもないんだぜ？
静乃
静乃
言ったようにバレたら終わりです。１つも２つも関係ありません
言ったようにバレたら終わりです。１つも２つも関係ありません
静乃
静乃
それに……バレたのがあなたなので、問題ありません
それに……バレたのがあなたなので、問題ありません
恭一
恭一
オレだから問題ない？
オレだから問題ない？
静乃
静乃
はい。恭一さん
はい。恭一さん
恭一
恭一
……どこでオレの名前を？
……どこでオレの名前を？
静乃
静乃
では、私は選ばれなかったということですね。
では、私は選ばれなかったということですね。
一応私が候補に挙がっていたんです、あなたの面倒を見る役目に
一応私が候補に挙がっていたんです、あなたの面倒を見る役目に
静乃
静乃
彼からリストを受け取ったと思うのですが
彼からリストを受け取ったと思うのですが
恭一
恭一
そういうことか
そういうことか
どうやら、この静乃は大河内と深いつながりがあるようだ。
どうやら、この静乃は大河内と深いつながりがあるようだ。
恭一
恭一
街の代表者と、ディーラーの繋がりか
街の代表者と、ディーラーの繋がりか
静乃
静乃
それを考えて、何が思い浮かびますか？
それを考えて、何が思い浮かびますか？
恭一
恭一
あいつの女、ってことだろうな
あいつの女、ってことだろうな
静乃
静乃
ストレートですね
ストレートですね
恭一
恭一
回りくどく言っても仕方ないだろ
回りくどく言っても仕方ないだろ
静乃
静乃
確かにそうかも知れません
確かにそうかも知れません
静乃
静乃
正確には、その一人、ですが
正確には、その一人、ですが
恭一
恭一
あのおっさん、立場を利用していろいろ好き放題やってるようだな
あのおっさん、立場を利用していろいろ好き放題やってるようだな
静乃
静乃
権力を持つ者が、この街では絶対の勝者ですから
権力を持つ者が、この街では絶対の勝者ですから
恭一
恭一
……そういうことか
……そういうことか
静乃
静乃
なにがですか？
なにがですか？
この女が、イカサマの話をしても動じないわけだ。
この女が、イカサマの話をしても動じないわけだ。
恭一
恭一
おまえがオレのことを知っていたってことは、
おまえがオレのことを知っていたってことは、
オレがどういう人間か把握してるってことだろ
オレがどういう人間か把握してるってことだろ
静乃
静乃
はい。例の施設からの人物だと聞いています
はい。例の施設からの人物だと聞いています
恭一
恭一
そこまで知ってるってことは、イカサマもおっさんの指示だな？
そこまで知ってるってことは、イカサマもおっさんの指示だな？
静乃
静乃
なぜ、そう思われるんです？
なぜ、そう思われるんです？
恭一
恭一
あのおっさんの思考は、大体理解した。そういうやつだ
あのおっさんの思考は、大体理解した。そういうやつだ
こっちに黙ってあれこれと実験のようなことを繰り返す。
こっちに黙ってあれこれと実験のようなことを繰り返す。
オレのことを知っていて意味なくイカサマをするとは考えにくい。
オレのことを知っていて意味なくイカサマをするとは考えにくい。
間違いなくオレと言う人間を図ろうとしている。
間違いなくオレと言う人間を図ろうとしている。
静乃
静乃
お見事ですね
お見事ですね
恭一
恭一
随分あっさりと認めたな
随分あっさりと認めたな
静乃
静乃
事実に気づかれるようなら、話しても良いと伺っていますから
事実に気づかれるようなら、話しても良いと伺っていますから
恭一
恭一
ち。オレが見抜くことも考慮済みか
ち。オレが見抜くことも考慮済みか
食えないおっさんだ。
食えないおっさんだ。
そこから考えるに、どうもオレは一本嵌められたらしい。
そこから考えるに、どうもオレは一本嵌められたらしい。
恭一
恭一
最初の連勝も、おまえの技か何かか
最初の連勝も、おまえの技か何かか
静乃
静乃
ふふ、どうでしょう？
ふふ、どうでしょう？
恭一
恭一
さすがはプロってところか
さすがはプロってところか
そのことには気づかなかったぜ。
そのことには気づかなかったぜ。
静乃
静乃
私では彼女、長谷川さんの変わりは務まりませんか？
私では彼女、長谷川さんの変わりは務まりませんか？
恭一
恭一
別にそういうんじゃない。あんたとは多少気もあいそうだしな
別にそういうんじゃない。あんたとは多少気もあいそうだしな
恭一
恭一
だが、今更戻ってパートナーを変えてくれと言うつもりはない
だが、今更戻ってパートナーを変えてくれと言うつもりはない
静乃
静乃
そうですか
そうですか
恭一
恭一
おまえにとってみれば、オレはただの厄介者のはずだ。
おまえにとってみれば、オレはただの厄介者のはずだ。
それをわざわざ誘うってのはどういう了見だ？
それをわざわざ誘うってのはどういう了見だ？
静乃
静乃
大河内代表が、それを望まれていたからです
大河内代表が、それを望まれていたからです
恭一
恭一
権力を持つ者には従うと？
権力を持つ者には従うと？
静乃
静乃
いけませんか？
いけませんか？
恭一
恭一
見返りはなんだよ。金か？
見返りはなんだよ。金か？
静乃
静乃
何もありません。私が好きで彼に従っているだけです
何もありません。私が好きで彼に従っているだけです
恭一
恭一
はぁん……
はぁん……
静乃
静乃
あなたは、彼の権力に従う意思はないんですか？
あなたは、彼の権力に従う意思はないんですか？
恭一
恭一
権力ってものに、興味がない。
権力ってものに、興味がない。
自分が持つことも、相手が持っていることにもな
自分が持つことも、相手が持っていることにもな
静乃
静乃
そうですか
そうですか
恭一
恭一
大河内は、長谷川は訳ありだと言ってた。その理由を知ってるのか？
大河内は、長谷川は訳ありだと言ってた。その理由を知ってるのか？
静乃
静乃
気になりますか？
気になりますか？
恭一
恭一
気にならないと言えば嘘になる。オレは好奇心旺盛なんだ
気にならないと言えば嘘になる。オレは好奇心旺盛なんだ
静乃
静乃
さぁ、私は存じません。と、言っておくべきところなんでしょうね
さぁ、私は存じません。と、言っておくべきところなんでしょうね
恭一
恭一
なんだそりゃ
なんだそりゃ
どうも、あの長谷川って女には何かありそうだな。
どうも、あの長谷川って女には何かありそうだな。
静乃
静乃
これは彼女の個人的なことですから
これは彼女の個人的なことですから
恭一
恭一
その個人的なことを、あんたは知ってるってことか。本人に聞いたのか？
その個人的なことを、あんたは知ってるってことか。本人に聞いたのか？
静乃
静乃
それもノーコメントでお願いします
それもノーコメントでお願いします
恭一
恭一
なるほど。なかなかあんたも食えないな
なるほど。なかなかあんたも食えないな
静乃
静乃
気になるようでしたら、直接彼女に聞いてみたらいかがです？
気になるようでしたら、直接彼女に聞いてみたらいかがです？
恭一
恭一
残念ながら、あいつには既に最低の烙印を幾度となく押されてる
残念ながら、あいつには既に最低の烙印を幾度となく押されてる
恭一
恭一
聞いたところで答えちゃくれないだろうな
聞いたところで答えちゃくれないだろうな
静乃
静乃
では頑張るしかありませんね
では頑張るしかありませんね
恭一
恭一
頑張るねえ……
頑張るねえ……
静乃
静乃
それじゃあ、私はこれで。そろそろ仕事ですので
それじゃあ、私はこれで。そろそろ仕事ですので
恭一
恭一
ああ。じゃあな
ああ。じゃあな
オレは静乃と別れ、下層区画についての情報が得られないか、
オレは静乃と別れ、下層区画についての情報が得られないか、
ゆっくりと酒を飲み続けることにした。
ゆっくりと酒を飲み続けることにした。
