秀隆
秀隆
全員そろってるな？　今からホープタウンに戻るぞ
全員そろってるな？　今からホープタウンに戻るぞ
キズナ
キズナ
あっという間の３日間でしたね
あっという間の３日間でしたね
秀隆
秀隆
そうだな。また来れるといいな
そうだな。また来れるといいな
キズナ
キズナ
はい、そう思いますっ！
はい、そう思いますっ！
ユウキ
ユウキ
秋ちゃん、また俺と一緒に遊びに来てくれる？
秋ちゃん、また俺と一緒に遊びに来てくれる？
秋
秋
私でよければ、喜んで
私でよければ、喜んで
ユウキ
ユウキ
モッチノロン！
モッチノロン！
希望
希望
いつ実現するのかな？　皆が自由に行き来できるのって
いつ実現するのかな？　皆が自由に行き来できるのって
秀隆
秀隆
どうかな……まだ、当分は先だと思う
どうかな……まだ、当分は先だと思う
秀隆
秀隆
一気に規制の糸を緩めると、事件も起きやすい
一気に規制の糸を緩めると、事件も起きやすい
希望
希望
事件？
事件？
秀隆
秀隆
例えば、密輸とかな
例えば、密輸とかな
秀隆
秀隆
一般人が悪い奴の誘惑に負けて、
一般人が悪い奴の誘惑に負けて、
禁止されてる輸出物を密輸してしまうことだってある
禁止されてる輸出物を密輸してしまうことだってある
希望
希望
なるほど……
なるほど……
秀隆
秀隆
今までは少数だったから管理できたことも、
今までは少数だったから管理できたことも、
大勢になれば隙が生まれ、ミスが生まれる
大勢になれば隙が生まれ、ミスが生まれる
秀隆
秀隆
だから慎重にやらなきゃいけないんだよ
だから慎重にやらなきゃいけないんだよ
アクセラ
アクセラ
秀隆様がちょっと博識に見えますね
秀隆様がちょっと博識に見えますね
秀隆
秀隆
これでも特務官だからな
これでも特務官だからな
秋
秋
大した自慢でもないと思います
大した自慢でもないと思います
秀隆
秀隆
ふ、ふん。別に自慢したわけじゃねえよ
ふ、ふん。別に自慢したわけじゃねえよ
秀隆
秀隆
楽しめたか？
楽しめたか？
アクセラ
アクセラ
はい。今回の旅行、私は一生の思い出になりました
はい。今回の旅行、私は一生の思い出になりました
秀隆
秀隆
それはよかった。連れて来たかいがあったよ
それはよかった。連れて来たかいがあったよ
アクセラ
アクセラ
私のようなアンドロイドまで、同行させていただきありがとうございました
私のようなアンドロイドまで、同行させていただきありがとうございました
秀隆
秀隆
よせよ。自分からそんな風に言うな
よせよ。自分からそんな風に言うな
秀隆
秀隆
オレも秋も、キズナ、いや全員、おまえを大切な存在として見てくれてるよ
オレも秋も、キズナ、いや全員、おまえを大切な存在として見てくれてるよ
アクセラ
アクセラ
そうであれば嬉しいです。
そうであれば嬉しいです。
でも、どう思われていても私は平気です
でも、どう思われていても私は平気です
アクセラ
アクセラ
秀隆様と秋様が、そう思ってくださっているのなら、それが一番の幸せです
秀隆様と秋様が、そう思ってくださっているのなら、それが一番の幸せです
秀隆
秀隆
そうか
そうか
アクセラ
アクセラ
はいっ
はいっ
少しは、アクセラに対えられただろうか。
少しは、アクセラに対えられただろうか。
またいつか、一緒にドリームタウンに行きたい。
またいつか、一緒にドリームタウンに行きたい。
そう思わずにはいられなかった。
そう思わずにはいられなかった。
秀隆
秀隆
３日間、付き合ってくれてありがとうな。すごく楽しかった
３日間、付き合ってくれてありがとうな。すごく楽しかった
希望
希望
ううん、そんな、私だって楽しかったよ。お礼を言うのは私だよ
ううん、そんな、私だって楽しかったよ。お礼を言うのは私だよ
秀隆
秀隆
…………
…………
希望
希望
…………
…………
目と目があう。
目と目があう。
この３日間で、希望との距離が信じられないくらい詰まった気がする。
この３日間で、希望との距離が信じられないくらい詰まった気がする。
秀隆
秀隆
あー。まぁ、えっとな？
あー。まぁ、えっとな？
希望
希望
なにかな？
なにかな？
秀隆
秀隆
……明日。ホープタウンに出てこれるか？
……明日。ホープタウンに出てこれるか？
秋たちだけじゃなく、希望たちの学園も休みだったはずだ。
秋たちだけじゃなく、希望たちの学園も休みだったはずだ。
希望
希望
許可取れば、多分。でもどうして？
許可取れば、多分。でもどうして？
秀隆
秀隆
これだけドリームタウンの良い所を見せてもらったんだ。
これだけドリームタウンの良い所を見せてもらったんだ。
改めてホープタウンを案内させてもらいたいと思ってさ
改めてホープタウンを案内させてもらいたいと思ってさ
秀隆
秀隆
明日、高坂特務官がホープタウンに来るって話を聞いたんだ。
明日、高坂特務官がホープタウンに来るって話を聞いたんだ。
もし、それについてこれるようだったら、どうかと思ってさ
もし、それについてこれるようだったら、どうかと思ってさ
希望
希望
そっか。じゃあ、お邪魔しようかな……
そっか。じゃあ、お邪魔しようかな……
秀隆
秀隆
おう
おう
なんだか、それだけのことなのに嬉しく感じてしまう。
なんだか、それだけのことなのに嬉しく感じてしまう。
そしてソレと同時に、背徳感のようなものも感じていた。
そしてソレと同時に、背徳感のようなものも感じていた。
手を出してはいけない存在。
手を出してはいけない存在。
分かっている、つもりだ。
分かっている、つもりだ。
秀隆
秀隆
たった数日だったけど、なんか久しぶりって感じだな
たった数日だったけど、なんか久しぶりって感じだな
ユウキ
ユウキ
ほんとだな。旅行っていいよなぁやっぱり
ほんとだな。旅行っていいよなぁやっぱり
秀隆
秀隆
やっぱりって、旅行は初めてなんだろ？
やっぱりって、旅行は初めてなんだろ？
ユウキ
ユウキ
あれ？　そういやそうだな。なんでだろ
あれ？　そういやそうだな。なんでだろ
秀隆
秀隆
おかしな奴だな
おかしな奴だな
ユウキ
ユウキ
それじゃ、俺は帰るよ。またね秋ちゃん
それじゃ、俺は帰るよ。またね秋ちゃん
秋
秋
はい。お疲れ様でした、ユウキさん
はい。お疲れ様でした、ユウキさん
ユウキ
ユウキ
愛佳ちゃんも、裕輔も、アクセラちゃんもまたね
愛佳ちゃんも、裕輔も、アクセラちゃんもまたね
秀隆
秀隆
おー……ってオレを忘れてるぞ！
おー……ってオレを忘れてるぞ！
ユウキ
ユウキ
あはは、冗談だよ。またな秀隆っ
あはは、冗談だよ。またな秀隆っ
秀隆
秀隆
ったく
ったく
最後の最後まで元気に、ユウキは走りながら帰っていった。
最後の最後まで元気に、ユウキは走りながら帰っていった。
ホープタウンに戻ってきたオレたちは、
ホープタウンに戻ってきたオレたちは、
片桐兄妹と一緒に途中まで一緒に戻ってきた。
片桐兄妹と一緒に途中まで一緒に戻ってきた。
愛佳
愛佳
先生ありがと。本当に楽しかった
先生ありがと。本当に楽しかった
秀隆
秀隆
喜んでもらえたみたいでよかった
喜んでもらえたみたいでよかった
秀隆
秀隆
きっと近いうち、一般人でも行き来できるようになるはずだ
きっと近いうち、一般人でも行き来できるようになるはずだ
秀隆
秀隆
その時はまた、一緒に行こうな
その時はまた、一緒に行こうな
愛佳
愛佳
うんっ。絶対に！
うんっ。絶対に！
裕輔
裕輔
じゃあな
じゃあな
秀隆
秀隆
気をつけて帰れよ
気をつけて帰れよ
帰り道。
帰り道。
オレたちは四人並んで歩く。
オレたちは四人並んで歩く。
アクセラ
アクセラ
キズナ様、秋様、旅行のほうは如何でしたか？
キズナ様、秋様、旅行のほうは如何でしたか？
キズナ
キズナ
凄く楽しかったですっ
凄く楽しかったですっ
秋
秋
うん。楽しかった
うん。楽しかった
アクセラ
アクセラ
それはよろしゅうございました
それはよろしゅうございました
秀隆
秀隆
…………
…………
キズナは心の底から嬉しそうに言う。
キズナは心の底から嬉しそうに言う。
でも、秋の表情に笑顔は一切なかった。
でも、秋の表情に笑顔は一切なかった。
アクセラ
アクセラ
どうかなさいましたか、秋様
どうかなさいましたか、秋様
誰よりも身近で接するアクセラは、その異変にすぐ気がついた。
誰よりも身近で接するアクセラは、その異変にすぐ気がついた。
アクセラ
アクセラ
何かご不満がありましたか？
何かご不満がありましたか？
その場合は、主催者である秀隆様に苦情をお願いします
その場合は、主催者である秀隆様に苦情をお願いします
秀隆
秀隆
……おぃ
……おぃ
秋
秋
楽しかったよ。すごく
楽しかったよ。すごく
キズナ
キズナ
では、どうしてそんなに寂しそうなんですか？
では、どうしてそんなに寂しそうなんですか？
秋
秋
寂しいって言うか……
寂しいって言うか……
秋
秋
…………
…………
秋はそれ以上何も言わなかったが、
秋はそれ以上何も言わなかったが、
オレにはその表情が何を言いたいのか理解できた。
オレにはその表情が何を言いたいのか理解できた。
楽しい時間の後には、必然、悲しい時間が訪れる。
楽しい時間の後には、必然、悲しい時間が訪れる。
祭りの後の静けさのように。
祭りの後の静けさのように。
生きる喜びを知った後、死ねる喜びを知ってしまう。
生きる喜びを知った後、死ねる喜びを知ってしまう。
そう言えば、時期も時期だっけか……。
そう言えば、時期も時期だっけか……。
もうすぐ、姉さんが死んで―――。
もうすぐ、姉さんが死んで―――。
…………。
…………。
竹内
竹内
ご無沙汰しておりました、大河内代表
ご無沙汰しておりました、大河内代表
麦蔵
麦蔵
ああ。競売説明会の日以来か
ああ。競売説明会の日以来か
竹内
竹内
自分が過労で倒れるとは、歳は取りたくないものです
自分が過労で倒れるとは、歳は取りたくないものです
麦蔵
麦蔵
しかし、ホープタウンの英雄と呼ばれた貴様が、本当にいいのか？
しかし、ホープタウンの英雄と呼ばれた貴様が、本当にいいのか？
竹内
竹内
唐沢代表は、あまりに保身的な考え過ぎましてね。
唐沢代表は、あまりに保身的な考え過ぎましてね。
私にはどうもその消極的な姿勢がスタイルに合わないらしい
私にはどうもその消極的な姿勢がスタイルに合わないらしい
竹内
竹内
それに今後もドリームタウンと争い続ければ、
それに今後もドリームタウンと争い続ければ、
高坂特務官と激しい凌ぎあいを繰り広げることになります。
高坂特務官と激しい凌ぎあいを繰り広げることになります。
そうなれば、もはやこの身一つで勝てる戦ではなくなるでしょう
そうなれば、もはやこの身一つで勝てる戦ではなくなるでしょう
麦蔵
麦蔵
長いものには巻かれろ、と言うことか
長いものには巻かれろ、と言うことか
竹内
竹内
地位やプライドも大切ですが、最も尊く大切なものはお金です
地位やプライドも大切ですが、最も尊く大切なものはお金です
麦蔵
麦蔵
なるほど。確かにそうだ
なるほど。確かにそうだ
麦蔵
麦蔵
どれだけの批判批評を浴びようとも、結局金さえあれば何とかなる
どれだけの批判批評を浴びようとも、結局金さえあれば何とかなる
大河内は酒を飲むと、床にお猪口を放り投げた。
大河内は酒を飲むと、床にお猪口を放り投げた。
麦蔵
麦蔵
決まりだ。すぐに動くぞ、竹内
決まりだ。すぐに動くぞ、竹内
竹内
竹内
畏まりました。大河内代表
畏まりました。大河内代表
麦蔵
麦蔵
だが、その前にひとつおまえに聞いておきたいことがある
だが、その前にひとつおまえに聞いておきたいことがある
竹内
竹内
なんですかな？
なんですかな？
麦蔵
麦蔵
島津秀隆。奴をおまえはどう見ている
島津秀隆。奴をおまえはどう見ている
竹内
竹内
面白い男……あるいは、不穏分子とも取れますが。それが何か
面白い男……あるいは、不穏分子とも取れますが。それが何か
麦蔵
麦蔵
奴はお前の指示通りクイーンに取り入った。
奴はお前の指示通りクイーンに取り入った。
そしてこの俺を出し抜き、唐沢を世論で動かし、倉屋敷の署名を勝ち得た
そしてこの俺を出し抜き、唐沢を世論で動かし、倉屋敷の署名を勝ち得た
麦蔵
麦蔵
ただのマグレか？　それとも……
ただのマグレか？　それとも……
竹内
竹内
どちらとも取れるでしょう
どちらとも取れるでしょう
麦蔵
麦蔵
どっちもか……やはり面白い男のようだな
どっちもか……やはり面白い男のようだな
麦蔵
麦蔵
俺は島津をドリームタウンに引き込む。異存はないな？
俺は島津をドリームタウンに引き込む。異存はないな？
竹内
竹内
そうおっしゃると思い、情報は事前に集めております
そうおっしゃると思い、情報は事前に集めております
竹内は書類を取り出すと、それを大河内の前に差し出した。
竹内は書類を取り出すと、それを大河内の前に差し出した。
麦蔵
麦蔵
さすがだな
さすがだな
seめくる (1
seめくる (1
竹内
竹内
しかし、簡単には行かないでしょう。
しかし、簡単には行かないでしょう。
彼は唐沢代表を心から信頼し、尊敬している
彼は唐沢代表を心から信頼し、尊敬している
麦蔵
麦蔵
金で動かない人間などいない。それに……
金で動かない人間などいない。それに……
資料に目を通し、大河内は納得の表情を見せた。
資料に目を通し、大河内は納得の表情を見せた。
麦蔵
麦蔵
付け入る隙も十分にある
付け入る隙も十分にある
麦蔵
麦蔵
俺の誘いに乗らないようなら、叩き潰すだけよ
俺の誘いに乗らないようなら、叩き潰すだけよ
…………。
…………。
……。
……。
