麦蔵
麦蔵
今日集まって貰ったのは他でもない。
今日集まって貰ったのは他でもない。
例の共同開発地区の探索で面白いものが見つかった
例の共同開発地区の探索で面白いものが見つかった
龍也
龍也
面白いもの、ですか？
面白いもの、ですか？
麦蔵
麦蔵
おまえは直接参加していなかったな
おまえは直接参加していなかったな
龍也
龍也
探索の際は別のプロジェクトで手がいっぱいだったので
探索の際は別のプロジェクトで手がいっぱいだったので
麦蔵
麦蔵
今から話すことは他言無用だ。
今から話すことは他言無用だ。
誰か一人でも裏切れば、厳しい罰則を下す
誰か一人でも裏切れば、厳しい罰則を下す
龍也
龍也
随分と大事のようですね
随分と大事のようですね
麦蔵
麦蔵
おい、入って来い
おい、入って来い
オレは男……オッサンに呼ばれ、予定通り扉を開いた。
オレは男……オッサンに呼ばれ、予定通り扉を開いた。
麦蔵
麦蔵
俺の隣に座れ
俺の隣に座れ
？？？】※恭一
？？？】※恭一
手短にしてくれ
手短にしてくれ
オレは隣に座る。
オレは隣に座る。
こちらをじろじろと見る数人の男女。
こちらをじろじろと見る数人の男女。
その視線は好奇の視線を向けてくる。
その視線は好奇の視線を向けてくる。
そのうちの一人を睨んでやると、びくっと肩を一度上下させた。
そのうちの一人を睨んでやると、びくっと肩を一度上下させた。
麦蔵
麦蔵
からかってやるな。こいつらは全員真面目の塊だ
からかってやるな。こいつらは全員真面目の塊だ
？？？】※恭一
？？？】※恭一
まるで俺が不真面目みたいだな
まるで俺が不真面目みたいだな
麦蔵
麦蔵
この男は、例の共同開発地区に、
この男は、例の共同開発地区に、
冷凍保存されてて眠っていた
冷凍保存されてて眠っていた
周囲がその事実を知り、驚きの表情に変わる。
周囲がその事実を知り、驚きの表情に変わる。
龍也
龍也
……長い間眠っていたと言うことですか
……長い間眠っていたと言うことですか
麦蔵
麦蔵
約１５０年。地上時代の生き残りってことだ
約１５０年。地上時代の生き残りってことだ
恋
恋
１５０年……
１５０年……
龍也
龍也
それは、確かにとんでもないお話のようですね
それは、確かにとんでもないお話のようですね
龍也
龍也
しかし随分とまた時間がかかりましたね。
しかし随分とまた時間がかかりましたね。
例の施設を探索したのは、かれこれ３ヶ月ほど前になりますが
例の施設を探索したのは、かれこれ３ヶ月ほど前になりますが
麦蔵
麦蔵
カプセルの保存状態が著しく悪くてな。
カプセルの保存状態が著しく悪くてな。
技術者を集めて蘇生するのに手間取った
技術者を集めて蘇生するのに手間取った
龍也
龍也
なるほど。そう言うことでしたか
なるほど。そう言うことでしたか
麦蔵
麦蔵
目覚めてから暫くは地下に閉じ込めていたが、
目覚めてから暫くは地下に閉じ込めていたが、
さすがにこのまま永遠に地下生活と言うわけにもいかん
さすがにこのまま永遠に地下生活と言うわけにもいかん
麦蔵
麦蔵
そこで、この男の処遇をどうするか決めたいと思った訳だ
そこで、この男の処遇をどうするか決めたいと思った訳だ
龍也
龍也
例の書類では、生き残りはなかったとご報告されていました。
例の書類では、生き残りはなかったとご報告されていました。
つまり、ホープタウンに知らせるつもりはないということですね
つまり、ホープタウンに知らせるつもりはないということですね
麦蔵
麦蔵
奴らは地上に関するデータを一切開示しない。
奴らは地上に関するデータを一切開示しない。
この男のことを知れば、奴らは引渡しを要求する可能性もある
この男のことを知れば、奴らは引渡しを要求する可能性もある
龍也
龍也
手に入れた武器は、手の内に置いておきたいと
手に入れた武器は、手の内に置いておきたいと
麦蔵
麦蔵
そう言うことだ。何か案はあるか？
そう言うことだ。何か案はあるか？
龍也
龍也
大河内代表の傍に置き続けるには、多少目立ちそうですしね
大河内代表の傍に置き続けるには、多少目立ちそうですしね
立石
立石
ホテルを借りると言うのはどうでしょう？
ホテルを借りると言うのはどうでしょう？
詳細な手続きを必要としない場所に限定すれば
詳細な手続きを必要としない場所に限定すれば
龍也
龍也
１週間ほどならともかく、
１週間ほどならともかく、
長期滞在ともなれば、人の出入りが行われるホテル
長期滞在ともなれば、人の出入りが行われるホテル
を利用すると言うのは賢い選択とは言えないでしょう
を利用すると言うのは賢い選択とは言えないでしょう
立石
立石
ホテルをハシゴすると言う手も……
ホテルをハシゴすると言う手も……
龍也
龍也
ドリームタウンにおけるホテルは全部で７つ。
ドリームタウンにおけるホテルは全部で７つ。
内簡単な手続きで泊まれるとしても３つほどでしょう。
内簡単な手続きで泊まれるとしても３つほどでしょう。
ローテーションし続けるには向いているとは言いがたい
ローテーションし続けるには向いているとは言いがたい
龍也
龍也
ベターなのは、今の状況を聞き及んでいる
ベターなのは、今の状況を聞き及んでいる
この中の人間が匿うことでしょうね
この中の人間が匿うことでしょうね
立石
立石
なるほど……
なるほど……
全員、口ごもりながら視線をそらす。
全員、口ごもりながら視線をそらす。
？？？】※恭一
？？？】※恭一
厄介ごとを抱え込むのはごめんのようだな
厄介ごとを抱え込むのはごめんのようだな
麦蔵
麦蔵
得たいの知れない男ともなれば、警戒するのは普通だ
得たいの知れない男ともなれば、警戒するのは普通だ
麦蔵
麦蔵
だが、これは出世のチャンスだ。
だが、これは出世のチャンスだ。
俺を助けておけば、後々応えてやることも出来るだろう
俺を助けておけば、後々応えてやることも出来るだろう
麦蔵のオッサンがそう言うと、
麦蔵のオッサンがそう言うと、
沈みかけていた男たちの目の色が変わった。
沈みかけていた男たちの目の色が変わった。
オレの記憶にある社会と、なんら変わらない。
オレの記憶にある社会と、なんら変わらない。
１５０年経っても、人間は人間と言うことか。
１５０年経っても、人間は人間と言うことか。
そして、誰が一番先に手を上げるのか、
そして、誰が一番先に手を上げるのか、
そう言う状況になり始めた時、すっと１つの手が上がった。
そう言う状況になり始めた時、すっと１つの手が上がった。
恋
恋
大河内代表。私ではダメでしょうか……？
大河内代表。私ではダメでしょうか……？
麦蔵
麦蔵
なに……？
なに……？
龍也
龍也
な、何を言ってるんだい長谷川くん。君は女性じゃないか
な、何を言ってるんだい長谷川くん。君は女性じゃないか
麦蔵
麦蔵
まぁまて。理由を聞いてからでも遅くない
まぁまて。理由を聞いてからでも遅くない
恋
恋
今いらっしゃる方々の中で、
今いらっしゃる方々の中で、
人を匿うのに一番適しているのは私だと思います
人を匿うのに一番適しているのは私だと思います
恋
恋
大河内代表や高坂特務官は、
大河内代表や高坂特務官は、
仰っていたように非常に注目の高い方です
仰っていたように非常に注目の高い方です
恋
恋
立石特務官や、他の特務官の方々も、
立石特務官や、他の特務官の方々も、
家族と住まわれていたり注目されている人物と言えます
家族と住まわれていたり注目されている人物と言えます
恋
恋
私であれば両親は他界しておりますし、問題も少ないかと
私であれば両親は他界しておりますし、問題も少ないかと
龍也
龍也
一人暮らしの女性の家に男性が出入りすれば、
一人暮らしの女性の家に男性が出入りすれば、
それこそが注目を集めてしまう行為になります
それこそが注目を集めてしまう行為になります
恋
恋
なら、それを事実として振舞えばいいんじゃないでしょうか？
なら、それを事実として振舞えばいいんじゃないでしょうか？
恋
恋
恋人と同棲していると周囲に公言すれば、
恋人と同棲していると周囲に公言すれば、
そこには不自然なものは生まれなくなります
そこには不自然なものは生まれなくなります
se机を強く叩く3
se机を強く叩く3
龍也
龍也
しかし、それでも問題解決とは言えない
しかし、それでも問題解決とは言えない
男は机をたたきながら、反論を述べる。
男は机をたたきながら、反論を述べる。
龍也
龍也
今まで一人暮らしだった長谷川くんの家に男性が出入りする―――それが仮に恋人と言う設定だったとしても、彼の話をされたらどうするつもりだい？
今まで一人暮らしだった長谷川くんの家に男性が出入りする―――それが仮に恋人と言う設定だったとしても、彼の話をされたらどうするつもりだい？
龍也
龍也
職場の人間と言えば、いずれ嘘がバレるかも知れない。
職場の人間と言えば、いずれ嘘がバレるかも知れない。
ドリームタウンの人間と名乗っても、ソレは真実ではない
ドリームタウンの人間と名乗っても、ソレは真実ではない
麦蔵
麦蔵
そんなことを言ってたら、
そんなことを言ってたら、
結局こいつは地下に閉じ込めておくしかなくなる
結局こいつは地下に閉じ込めておくしかなくなる
龍也
龍也
本来はそうするのが、一番ベストです
本来はそうするのが、一番ベストです
麦蔵
麦蔵
……俺も高坂には賛同したいところだが、ほかに適任者がいないのも事実だ
……俺も高坂には賛同したいところだが、ほかに適任者がいないのも事実だ
麦蔵
麦蔵
おまえに任せるのが、選択としては一番賢いんだろうな
おまえに任せるのが、選択としては一番賢いんだろうな
恋
恋
ありがとうございます……
ありがとうございます……
麦蔵
麦蔵
おまえはどうだ？
おまえはどうだ？
？？？】※恭一
？？？】※恭一
男の家に住むよりは１００倍マシだな
男の家に住むよりは１００倍マシだな
麦蔵
麦蔵
と、言うことだ
と、言うことだ
龍也
龍也
僕は賛同できません。彼の存在を隠すと言う点だけ
僕は賛同できません。彼の存在を隠すと言う点だけ
見れば一番問題は少ないかもしれませんが、倫理的に反する
見れば一番問題は少ないかもしれませんが、倫理的に反する
龍也
龍也
この中でなら相良特務官の自宅が一番
この中でなら相良特務官の自宅が一番
恋
恋
私にやらせてください。高坂特務官。お願いします
私にやらせてください。高坂特務官。お願いします
長谷川は、高坂を強い意志で見つめる。
長谷川は、高坂を強い意志で見つめる。
龍也
龍也
……どうしてそこまで……
……どうしてそこまで……
恋
恋
私は皆さんの中でも一番の足手まといであると自覚しています……。
私は皆さんの中でも一番の足手まといであると自覚しています……。
日々、多くの仲間に助けてもらってばかり……
日々、多くの仲間に助けてもらってばかり……
恋
恋
だからこそ、何とか少しでもお役に立ちたいんです！
だからこそ、何とか少しでもお役に立ちたいんです！
長谷川の強い主張が、全員に響きわたる。
長谷川の強い主張が、全員に響きわたる。
ある者は頷き、ある者は長谷川をしっかりと見つめ、
ある者は頷き、ある者は長谷川をしっかりと見つめ、
この場のほとんどのものが彼女に賛同しようとしていた。
この場のほとんどのものが彼女に賛同しようとしていた。
龍也
龍也
君は足手まといなんかじゃない。
君は足手まといなんかじゃない。
だから、今この場の勢いだけで判断してほしくない
だから、今この場の勢いだけで判断してほしくない
そんな中、高坂だけは、いまだ納得できずにいる。
そんな中、高坂だけは、いまだ納得できずにいる。
恋
恋
私が匿うことこそが、一番正しいと思っただけです。
私が匿うことこそが、一番正しいと思っただけです。
相良特務官には、恋人がいらっしゃいます。
相良特務官には、恋人がいらっしゃいます。
その恋人には、同棲する彼のことをどう説明しますか？
その恋人には、同棲する彼のことをどう説明しますか？
龍也
龍也
それは……いくらでもやりようがあるよ
それは……いくらでもやりようがあるよ
恋
恋
私にも、方法はいくらでもあると思います
私にも、方法はいくらでもあると思います
互いに、主張を譲らない。
互いに、主張を譲らない。
その状況を見かねた大河内。
その状況を見かねた大河内。
麦蔵
麦蔵
高坂。おまえの言いたいことも分かる。
高坂。おまえの言いたいことも分かる。
だが、面倒やリスクを一番回避できるのは長谷川だ
だが、面倒やリスクを一番回避できるのは長谷川だ
麦蔵
麦蔵
今回最も大切なのは、この男の正体を隠すことだ。
今回最も大切なのは、この男の正体を隠すことだ。
なら、リスクの少ない長谷川に預けるのが賢明だろう
なら、リスクの少ない長谷川に預けるのが賢明だろう
龍也
龍也
くっ……
くっ……
高坂と呼ばれる男にもそれは分かるのか、
高坂と呼ばれる男にもそれは分かるのか、
苦々しい表情でオレを見てきた。
苦々しい表情でオレを見てきた。
龍也
龍也
この男が間違いを起こさないと、断言できるんですか
この男が間違いを起こさないと、断言できるんですか
？？？】※恭一
？？？】※恭一
間違いってのは何だよ？
間違いってのは何だよ？
龍也
龍也
それは……道徳に反する行為をしないか、と言うことです
それは……道徳に反する行為をしないか、と言うことです
？？？】※恭一
？？？】※恭一
道徳ねぇ
道徳ねぇ
オレは、両足をテーブルの上に置いた。
オレは、両足をテーブルの上に置いた。
その瞬間、全員が驚きと怒り、呆れや衝撃と言った
その瞬間、全員が驚きと怒り、呆れや衝撃と言った
さまざまな感情がよぎった様だった。
さまざまな感情がよぎった様だった。
？？？】※恭一
？？？】※恭一
こういう行為は、道徳に反するのか？
こういう行為は、道徳に反するのか？
龍也
龍也
……君は今、どういう人間を目の前にしてるか分かっているんですか？
……君は今、どういう人間を目の前にしてるか分かっているんですか？
？？？】※恭一
？？？】※恭一
中年のオッサンに、男が数人と女が一人。それだけだろ
中年のオッサンに、男が数人と女が一人。それだけだろ
麦蔵
麦蔵
くくく
くくく
オッサンは笑う。
オッサンは笑う。
麦蔵
麦蔵
やめておけ高坂。この男はまともに相手にするだけ無駄だ
やめておけ高坂。この男はまともに相手にするだけ無駄だ
龍也
龍也
よろしいんですか。幾ら特別な存在でも、無礼すぎる
よろしいんですか。幾ら特別な存在でも、無礼すぎる
麦蔵
麦蔵
地下で散々虐め抜いたが、効果は無かった。
地下で散々虐め抜いたが、効果は無かった。
この男は縛りの外、ナニをやっても押さえつけるのは不可能だ
この男は縛りの外、ナニをやっても押さえつけるのは不可能だ
龍也
龍也
僕は認められそうにもありませんが
僕は認められそうにもありませんが
麦蔵
麦蔵
それはそれでいいだろう。一人は警戒心を持った奴がいてもいい
それはそれでいいだろう。一人は警戒心を持った奴がいてもいい
麦蔵
麦蔵
それに……長谷川
それに……長谷川
恋
恋
は、はいっ
は、はいっ
麦蔵
麦蔵
おまえは自分の力不足を、自分なりによく理解している。
おまえは自分の力不足を、自分なりによく理解している。
そのうえで仲間のために努力する姿勢、俺は嫌いじゃないぜ
そのうえで仲間のために努力する姿勢、俺は嫌いじゃないぜ
恋
恋
……あ、ありがとうございます
……あ、ありがとうございます
麦蔵
麦蔵
だが、この男はこういうやつだ。
だが、この男はこういうやつだ。
おまえでは持て余すことになるかも知れん。それでもいいのか？
おまえでは持て余すことになるかも知れん。それでもいいのか？
恋
恋
…………
…………
長谷川は、一度男の姿を改めて確認する。
長谷川は、一度男の姿を改めて確認する。
大河内代表の前にも関わらず、まるで臆することなく、
大河内代表の前にも関わらず、まるで臆することなく、
それどころか場を支配するような存在感さえ漂わせている。
それどころか場を支配するような存在感さえ漂わせている。
大河内代表に操れない人物を、
大河内代表に操れない人物を、
自分が監督することなど、出来るのか。
自分が監督することなど、出来るのか。
恋
恋
不安は……あります。
不安は……あります。
ですが、やらせていただきたい、その気持ちは変わりません
ですが、やらせていただきたい、その気持ちは変わりません
麦蔵
麦蔵
だ、そうだ。高坂よ
だ、そうだ。高坂よ
龍也
龍也
話の流れは分かりました。納得はしていませんが了解します
話の流れは分かりました。納得はしていませんが了解します
龍也
龍也
だけど、まずはその足を下ろしてもらおう
だけど、まずはその足を下ろしてもらおう
？？？】※恭一
？？？】※恭一
…………
…………
龍也
龍也
聞こえなかったかい？　名無しくん
聞こえなかったかい？　名無しくん
麦蔵
麦蔵
下ろしてやれ。話を長引かしても意味のないことだ
下ろしてやれ。話を長引かしても意味のないことだ
？？？】※恭一
？？？】※恭一
そうでもないさ。真面目な坊やをからかうのも面白い
そうでもないさ。真面目な坊やをからかうのも面白い
高坂の忠告を受けず、男は未だ堂々と足を乗せたままだ。
高坂の忠告を受けず、男は未だ堂々と足を乗せたままだ。
龍也
龍也
坊やですか……
坊やですか……
？？？】※恭一
？？？】※恭一
そう怒るなよ坊や
そう怒るなよ坊や
龍也
龍也
っ……
っ……
麦蔵
麦蔵
高坂。後でこいつには言い聞かせておく。この場で揉めても無駄なだけだ
高坂。後でこいつには言い聞かせておく。この場で揉めても無駄なだけだ
龍也
龍也
……分かりました
……分かりました
渋々承諾し、着席する。
渋々承諾し、着席する。
龍也
龍也
大河内代表に感謝してください
大河内代表に感謝してください
？？？】※恭一
？？？】※恭一
さぁな
さぁな
堅苦しい話し合いが終わる。
堅苦しい話し合いが終わる。
？？？】※恭一
？？？】※恭一
面倒臭えな。どうにも
面倒臭えな。どうにも
麦蔵
麦蔵
そういうな。おまえの存在は、あまりに大きすぎる。
そういうな。おまえの存在は、あまりに大きすぎる。
地上への復帰を絶たれた、俺たちドリームタウンの住人にとってはな
地上への復帰を絶たれた、俺たちドリームタウンの住人にとってはな
麦蔵
麦蔵
各自解散だ。通常の業務に戻れ
各自解散だ。通常の業務に戻れ
オッサンによって解散が命じられ、
オッサンによって解散が命じられ、
男たちはオレを気にしながらも退室していく。
男たちはオレを気にしながらも退室していく。
麦蔵
麦蔵
俺からもあえて忠告するが、長谷川に手を上げる真似はするな
俺からもあえて忠告するが、長谷川に手を上げる真似はするな
恭一
恭一
随分と念を押すんだな
随分と念を押すんだな
麦蔵
麦蔵
部下の心配をするのは当然のことだ
部下の心配をするのは当然のことだ
恭一
恭一
あんたがそういう人間には見えないけどな
あんたがそういう人間には見えないけどな
麦蔵
麦蔵
…………
…………
高坂と呼ばれた男は、オレへと近づいてきた。
高坂と呼ばれた男は、オレへと近づいてきた。
龍也
龍也
もし何らかの不祥事を働けば、
もし何らかの不祥事を働けば、
僕は社会的に君を抹殺するよ。そのつもりでいてほしい
僕は社会的に君を抹殺するよ。そのつもりでいてほしい
？？？】※恭一
？？？】※恭一
おまえもか。この世界で、社会的に殺すも何もないだろ
おまえもか。この世界で、社会的に殺すも何もないだろ
？？？】※恭一
？？？】※恭一
おまえがさっき言ったように、オレは名無しだ
おまえがさっき言ったように、オレは名無しだ
龍也
龍也
それはどうかな。幾らでも方法はある
それはどうかな。幾らでも方法はある
龍也
龍也
その気になれば、永久に地下に入れておくことも出来るってことさ
その気になれば、永久に地下に入れておくことも出来るってことさ
？？？】※恭一
？？？】※恭一
それも悪くないけどな
それも悪くないけどな
？？？】※恭一
？？？】※恭一
まぁどちらにせよ、その忠告は覚えておいてやる
まぁどちらにせよ、その忠告は覚えておいてやる
もしも、オレの前に立ち塞がるなら、
もしも、オレの前に立ち塞がるなら、
その時は先手必勝でオレが現実から消し去ってやるよ。
その時は先手必勝でオレが現実から消し去ってやるよ。
そんな言葉が喉の奥から出かけたが、やめておく。
そんな言葉が喉の奥から出かけたが、やめておく。
どうも以前のオレは、
どうも以前のオレは、
そんな物騒なことを考えてしまう人間のようだ。
そんな物騒なことを考えてしまう人間のようだ。
高坂という男は、女に近づき声をかけた。
高坂という男は、女に近づき声をかけた。
龍也
龍也
彼は非常に性格に難がある。
彼は非常に性格に難がある。
彼が地上の人間だと言うことを公言しないよう見張ってほしい
彼が地上の人間だと言うことを公言しないよう見張ってほしい
龍也
龍也
君は頑張りすぎる傾向がある。一人で抱えこみ過ぎないように
君は頑張りすぎる傾向がある。一人で抱えこみ過ぎないように
恋
恋
はい
はい
龍也
龍也
とにかく、細心の注意を払うよう
とにかく、細心の注意を払うよう
恋
恋
大丈夫です。きっとお役に立って見せます
大丈夫です。きっとお役に立って見せます
女がしっかりと頷く。
女がしっかりと頷く。
龍也
龍也
それから……君はけして足でまといなんかじゃない。
それから……君はけして足でまといなんかじゃない。
僕は君が居てくれて助かっている。本当だ
僕は君が居てくれて助かっている。本当だ
恋
恋
ありがとうございます
ありがとうございます
龍也
龍也
……困ったことがあったら、すぐ僕に相談してほしい
……困ったことがあったら、すぐ僕に相談してほしい
恋
恋
分かりました。高坂特務官
分かりました。高坂特務官
龍也
龍也
それじゃ、僕は行くよ
それじゃ、僕は行くよ
恋
恋
は、初めまして。あの、私は長谷川恋といいます
は、初めまして。あの、私は長谷川恋といいます
？？？】※恭一
？？？】※恭一
そうか
そうか
恋
恋
えっと……あなたのお名前は？　お教えいただけませんか？
えっと……あなたのお名前は？　お教えいただけませんか？
？？？】※恭一
？？？】※恭一
オレはこんぶ豆豆太郎
オレはこんぶ豆豆太郎
恋
恋
……え？
……え？
？？？】※恭一
？？？】※恭一
こんぶ豆、豆太郎だ。気軽にお豆さんと呼んでいいぞ
こんぶ豆、豆太郎だ。気軽にお豆さんと呼んでいいぞ
恋
恋
お豆……さん……？
お豆……さん……？
こんぶ豆豆太郎？】※恭一
こんぶ豆豆太郎？】※恭一
そうだ
そうだ
恋
恋
よ、よろしくお願いします。お、お豆さん……
よ、よろしくお願いします。お、お豆さん……
こんぶ豆豆太郎？】※恭一
こんぶ豆豆太郎？】※恭一
…………
…………
恋
恋
本当のお名前ですか？
本当のお名前ですか？
こんぶ豆豆太郎？】※恭一
こんぶ豆豆太郎？】※恭一
もちろんだ
もちろんだ
女は慌てて持っていた資料に目を通す。
女は慌てて持っていた資料に目を通す。
そして一度頷いた。
そして一度頷いた。
恋
恋
……ここには記憶がないと書かれてあります。つまり、今のは嘘ですね？
……ここには記憶がないと書かれてあります。つまり、今のは嘘ですね？
こんぶ豆豆太郎？】※恭一
こんぶ豆豆太郎？】※恭一
今思い出したんだよ
今思い出したんだよ
恋
恋
……いえ、そんな名前の人、いるはずありません
……いえ、そんな名前の人、いるはずありません
こんぶ豆豆太郎？】※恭一
こんぶ豆豆太郎？】※恭一
おい、おまえ全国のお豆さんに失礼だろ
おい、おまえ全国のお豆さんに失礼だろ
恋
恋
そ、そういう名前の人は存在しないですから。失礼も存在しません
そ、そういう名前の人は存在しないですから。失礼も存在しません
こんぶ豆豆太郎？】※恭一
こんぶ豆豆太郎？】※恭一
決めつけか？　命かけるか？
決めつけか？　命かけるか？
恋
恋
……ここに虚言癖ありとも書かれてあります
……ここに虚言癖ありとも書かれてあります
こんぶ豆豆太郎？】※恭一
こんぶ豆豆太郎？】※恭一
書かれてあることすべてが真実じゃない
書かれてあることすべてが真実じゃない
恋
恋
少なくとも、今のあなたよりは信用できます
少なくとも、今のあなたよりは信用できます
こんぶ豆豆太郎？】※恭一
こんぶ豆豆太郎？】※恭一
いつオレの信頼はなくなったんだ？
いつオレの信頼はなくなったんだ？
恋
恋
出会ったばかりで、信頼も何もありませんし、
出会ったばかりで、信頼も何もありませんし、
大河内代表や高坂特務官の前での失礼な行動は、
大河内代表や高坂特務官の前での失礼な行動は、
私の中の信頼を無くすに十分な行動でした
私の中の信頼を無くすに十分な行動でした
恋
恋
極めつけは今のやり取りです。
極めつけは今のやり取りです。
私なりに精一杯接したつもりでしたが、
私なりに精一杯接したつもりでしたが、
真面目に答えてはもらえなかった……
真面目に答えてはもらえなかった……
恋
恋
これで信用しろと言うのは、少し難しいです
これで信用しろと言うのは、少し難しいです
？？？】※恭一
？？？】※恭一
ち……
ち……
恋
恋
本当は名前もわからない。そうですよね？
本当は名前もわからない。そうですよね？
？？？】※恭一
？？？】※恭一
ああ。まぁ適当に呼んでくれ。イケメンとか、天才とか、神とか
ああ。まぁ適当に呼んでくれ。イケメンとか、天才とか、神とか
恋
恋
何か名前を考えておかないと、問題が出そうですね
何か名前を考えておかないと、問題が出そうですね
？？？】※恭一
？？？】※恭一
無視かよ
無視かよ
恋
恋
資料には、冗談や狂言が多数を占めるため、まともには相手にするなと
資料には、冗談や狂言が多数を占めるため、まともには相手にするなと
？？？】※恭一
？？？】※恭一
あのオッサン、随分と余計なことを書きやがって
あのオッサン、随分と余計なことを書きやがって
恋
恋
ここであなたと話し込んでいても無駄そうですね
ここであなたと話し込んでいても無駄そうですね
？？？】※恭一
？？？】※恭一
だから決めつけるなよ
だから決めつけるなよ
恋
恋
お話なら後でお伺いします。そろそろ行きましょうか
お話なら後でお伺いします。そろそろ行きましょうか
？？？】※恭一
？？？】※恭一
行くってどこに
行くってどこに
恋
恋
もちろん私の部屋です。これからあなたの住む部屋にもなりますから
もちろん私の部屋です。これからあなたの住む部屋にもなりますから
？？？】※恭一
？？？】※恭一
部屋ねぇ……
部屋ねぇ……
恋
恋
案内します。ちゃんとついてきてくださいね
案内します。ちゃんとついてきてくださいね
？？？】※恭一
？？？】※恭一
任せろ
任せろ
？？？】※恭一
？？？】※恭一
ほー……ここが外か。軽く聞いてはいたがすごいもんだな
ほー……ここが外か。軽く聞いてはいたがすごいもんだな
恋
恋
こちらです
こちらです
？？？】※恭一
？？？】※恭一
いちいち言わなくてもわかってる。子供扱いするな
いちいち言わなくてもわかってる。子供扱いするな
余韻に浸っている暇もありゃしない。
余韻に浸っている暇もありゃしない。
恋
恋
ご、ごめんなさい。でも急がないと。
ご、ごめんなさい。でも急がないと。
あなたを目撃する人が多ければ多いほど、リスクは高まりますから
あなたを目撃する人が多ければ多いほど、リスクは高まりますから
恋
恋
そう言えば、これから何とお呼びすればよろしいですか？
そう言えば、これから何とお呼びすればよろしいですか？
恋
恋
名前がないと言っても、呼び方がないと困りますよね。
名前がないと言っても、呼び方がないと困りますよね。
あなた、とかそこの人、では別の方が反応してしまうかも知れません
あなた、とかそこの人、では別の方が反応してしまうかも知れません
恋
恋
……あの、聞いてますか？
……あの、聞いてますか？
……振り返ると、そこに男はいなかった。
……振り返ると、そこに男はいなかった。
恋
恋
あ、あれ？　あの……名無しさん？
あ、あれ？　あの……名無しさん？
恋
恋
……迷子になってる……
……迷子になってる……
？？？】※恭一
？？？】※恭一
ここが未来か……確かに違和感はあるな。
ここが未来か……確かに違和感はあるな。
ま、本当に未来ならの話だが
ま、本当に未来ならの話だが
オレは歩いている適当な人間を捕まえることにする。
オレは歩いている適当な人間を捕まえることにする。
ちょうど、街を歩くチャラ男みたいなやつを見つけた。
ちょうど、街を歩くチャラ男みたいなやつを見つけた。
？？？】※恭一
？？？】※恭一
おい
おい
チャラ男
チャラ男
あぁ？　んだよ
あぁ？　んだよ
？？？】※恭一
？？？】※恭一
今西暦何年だ
今西暦何年だ
チャラ男
チャラ男
はぁ？　っざけてんじゃねぞコラ。失せろ。ペッ
はぁ？　っざけてんじゃねぞコラ。失せろ。ペッ
チャラ男の吐いた唾が。オレの服にかかる。
チャラ男の吐いた唾が。オレの服にかかる。
オレは、その唾をねっとりと自分の手のひらで拭った。
オレは、その唾をねっとりと自分の手のひらで拭った。
？？？】※恭一
？？？】※恭一
おい
おい
チャラ男
チャラ男
っだからンなんだ―――おべっ！
っだからンなんだ―――おべっ！
オレは手で男の顔面を掴み、唾をこすりつけ返す。
オレは手で男の顔面を掴み、唾をこすりつけ返す。
？？？】※恭一
？？？】※恭一
これはお前のだろ。返しとくわ
これはお前のだろ。返しとくわ
チャラ男
チャラ男
く、くせぇっ！
く、くせぇっ！
？？？】※恭一
？？？】※恭一
自分の唾だ。我慢しろ
自分の唾だ。我慢しろ
チャラ男
チャラ男
ぶっ殺す！
ぶっ殺す！
チャラ男
チャラ男
はぶ！
はぶ！
？？？】※恭一
？？？】※恭一
……正当防衛だ。多分な
……正当防衛だ。多分な
男のボディーに一発叩き込むと、そのまま地面に崩れ落ちた。
男のボディーに一発叩き込むと、そのまま地面に崩れ落ちた。
恋
恋
な、なにしてるんですかっ！？
な、なにしてるんですかっ！？
？？？】※恭一
？？？】※恭一
何って。ちょっと質問をだな
何って。ちょっと質問をだな
恋
恋
大丈夫ですか！
大丈夫ですか！
女が男を抱き起こすが、意識は戻らない。
女が男を抱き起こすが、意識は戻らない。
恋
恋
なんて野蛮な人なんですか、あなたは！　これは質問ではなく暴力です！
なんて野蛮な人なんですか、あなたは！　これは質問ではなく暴力です！
？？？】※恭一
？？？】※恭一
おい
おい
恋
恋
な、なんですか
な、なんですか
？？？】※恭一
？？？】※恭一
おまえ、オレがこいつを殴ったところを見たのか？
おまえ、オレがこいつを殴ったところを見たのか？
恋
恋
え……いえ、それは、見てませんけど……
え……いえ、それは、見てませんけど……
？？？】※恭一
？？？】※恭一
オレは道を聞こうとしただけだ。そしたら男が突然倒れたんだよ
オレは道を聞こうとしただけだ。そしたら男が突然倒れたんだよ
恋
恋
そ、そうだったんですか？
そ、そうだったんですか？
わ、私……あなたが殴ったものだとばかり
わ、私……あなたが殴ったものだとばかり
？？？】※恭一
？？？】※恭一
謝ってもらおうか
謝ってもらおうか
恋
恋
ごめんなさい……あなたを疑ってしまいました
ごめんなさい……あなたを疑ってしまいました
恋
恋
……恥ずべき行為だったと、反省しています
……恥ずべき行為だったと、反省しています
？？？】※恭一
？？？】※恭一
ふん、分かればいいんだ。今後二度と、オレを疑うなよ
ふん、分かればいいんだ。今後二度と、オレを疑うなよ
恋
恋
……はい
……はい
チャラ男
チャラ男
う。うぅっ……
う。うぅっ……
恋
恋
気がついたみたいです。大丈夫ですか！？
気がついたみたいです。大丈夫ですか！？
チャラ男
チャラ男
お、男に、突然殴られたんだ……
お、男に、突然殴られたんだ……
恋
恋
どんな人でしたかっ、人相を覚えていますか？
どんな人でしたかっ、人相を覚えていますか？
チャラ男
チャラ男
そ……そこの、男……
そ……そこの、男……
プルプルと腕を振るわせ、あろうことかオレを指さす。
プルプルと腕を振るわせ、あろうことかオレを指さす。
恋
恋
……どういうことでしょう。
……どういうことでしょう。
あなた、殴ってないって言いましたよね？
あなた、殴ってないって言いましたよね？
？？？】※恭一
？？？】※恭一
言ってない。オレは殴ったところを見たのか？　って言っただけだ
言ってない。オレは殴ったところを見たのか？　って言っただけだ
恋
恋
この人が突然倒れたと言いましたよね？
この人が突然倒れたと言いましたよね？
？？？】※恭一
？？？】※恭一
正確には、ボディーに一発叩き込んだら突然倒れたんだ
正確には、ボディーに一発叩き込んだら突然倒れたんだ
恋
恋
……つまり、殴ったということですよね？
……つまり、殴ったということですよね？
？？？】※恭一
？？？】※恭一
直訳するとそうなるな
直訳するとそうなるな
恋
恋
あ、あなたって人は……最低です！
あ、あなたって人は……最低です！
その後、女は謝り倒し、その場を逃げるように立ち去った。
その後、女は謝り倒し、その場を逃げるように立ち去った。
恋
恋
もうっ、どうしてこんなことに……
もうっ、どうしてこんなことに……
？？？】※恭一
？？？】※恭一
おまえも助けずに見捨てるなんて、ひどい奴だな
おまえも助けずに見捨てるなんて、ひどい奴だな
恋
恋
あなたの正体を知られないためです。
あなたの正体を知られないためです。
それに、お詫びのお金はおいてきました
それに、お詫びのお金はおいてきました
恋
恋
もちろんお金で終わらせられる問題でもありませんので、
もちろんお金で終わらせられる問題でもありませんので、
ちゃんと封筒の中には私の名刺も入れておきました
ちゃんと封筒の中には私の名刺も入れておきました
？？？】※恭一
？？？】※恭一
封筒って、シールで止めてるやつか
封筒って、シールで止めてるやつか
恋
恋
そうですそうです。ピンクのシールで止めてあるやつです
そうですそうです。ピンクのシールで止めてあるやつです
？？？】※恭一
？？？】※恭一
これ、中身はお詫びの金だったのか
これ、中身はお詫びの金だったのか
オレはひらりと白い封筒を見せる。
オレはひらりと白い封筒を見せる。
恋
恋
……それ……
……それ……
？？？】※恭一
？？？】※恭一
ひぃふぅ……３枚か
ひぃふぅ……３枚か
オレの知ってる紙幣のイラストではなかったが、桁は１００００円だった。
オレの知ってる紙幣のイラストではなかったが、桁は１００００円だった。
恋
恋
ど、どうしてお詫びのお金をあなたが持って来たんですか！
ど、どうしてお詫びのお金をあなたが持って来たんですか！
恋
恋
私はあの人にちゃんと渡したはずなんです！
私はあの人にちゃんと渡したはずなんです！
？？？】※恭一
？？？】※恭一
いや、何となく？
いや、何となく？
恋
恋
最低です……ほんとに
最低です……ほんとに
頭を抱える女。
頭を抱える女。
？？？】※恭一
？？？】※恭一
熱か？　体調管理には気をつけろよ
熱か？　体調管理には気をつけろよ
恋
恋
あなたって人はどうして……どこにいくんですかっ
あなたって人はどうして……どこにいくんですかっ
？？？】※恭一
？？？】※恭一
臨時収入があったもんだから、散財でもしに行こうかと
臨時収入があったもんだから、散財でもしに行こうかと
恋
恋
ふざけないでくださいっ
ふざけないでくださいっ
オレから封筒を取り上げ、女はオレの横に並んだ。
オレから封筒を取り上げ、女はオレの横に並んだ。
恋
恋
これならあなたを見失わないですみます。早く自宅に行きましょう
これならあなたを見失わないですみます。早く自宅に行きましょう
相当怒っているのか、こっちを見ようともしない。
相当怒っているのか、こっちを見ようともしない。
？？？】※恭一
？？？】※恭一
怒ったのか？
怒ったのか？
恋
恋
はい。私は怒っています。あなたが変なことばかりするからです
はい。私は怒っています。あなたが変なことばかりするからです
？？？】※恭一
？？？】※恭一
目覚めたばかりなんだから仕方ないだろ
目覚めたばかりなんだから仕方ないだろ
恋
恋
その部分だけをうまく言い訳に使わないでください
その部分だけをうまく言い訳に使わないでください
ぴしゃりと言い放たれた。
ぴしゃりと言い放たれた。
恋
恋
…………
…………
？？？】※恭一
？？？】※恭一
おい
おい
恋
恋
…………
…………
？？？】※恭一
？？？】※恭一
おい、女
おい、女
恋
恋
さっきからなんですか？　あなたの相手は、凄く疲れます。出来れば余計な会話は避けたいです
さっきからなんですか？　あなたの相手は、凄く疲れます。出来れば余計な会話は避けたいです
？？？】※恭一
？？？】※恭一
出会ったばっかりだぜ？　もっと気楽にやれないのか
出会ったばっかりだぜ？　もっと気楽にやれないのか
恋
恋
無理です。自信ありません
無理です。自信ありません
？？？】※恭一
？？？】※恭一
そんな弱気でどうすんだ。
そんな弱気でどうすんだ。
他の連中に認めてもらうんじゃないのか？
他の連中に認めてもらうんじゃないのか？
恋
恋
あ、あなたには関係のないことです！
あ、あなたには関係のないことです！
？？？】※恭一
？？？】※恭一
ま、確かにな。だが、１つくらい質問に答えてくれてもいいだろ
ま、確かにな。だが、１つくらい質問に答えてくれてもいいだろ
恋
恋
それは……ちゃんとした質問なんですか？
それは……ちゃんとした質問なんですか？
恭一
恭一
当たり前だ。いい加減オレを疑うのをやめろ
当たり前だ。いい加減オレを疑うのをやめろ
恭一
恭一
オレだって真面目な時は真面目なんだよ
オレだって真面目な時は真面目なんだよ
恋
恋
……わかりました、お聞きします。
……わかりました、お聞きします。
私に聞きたいことってなんですか？
私に聞きたいことってなんですか？
？？？】※恭一
？？？】※恭一
おまえ処女だろ
おまえ処女だろ
恋
恋
……な……
……な……
愕然と、と言う言葉が似合いそうなほど、驚きの反応を見せる。
愕然と、と言う言葉が似合いそうなほど、驚きの反応を見せる。
恭一
恭一
やっぱりな
やっぱりな
恋
恋
あ……あなたには関係ないでしょうっ！？
あ……あなたには関係ないでしょうっ！？
真面目に話を聞こうとした私がバカでした！
真面目に話を聞こうとした私がバカでした！
？？？】※恭一
？？？】※恭一
そう怒るなよ
そう怒るなよ
恋
恋
もう知りません、何も知りませんっ！
もう知りません、何も知りませんっ！
？？？】※恭一
？？？】※恭一
やれやれ
やれやれ
恋
恋
……ここです。ここが私の家です
……ここです。ここが私の家です
家に着いたにも関わらず、まだ怒っていた。
家に着いたにも関わらず、まだ怒っていた。
今までのやりとりのせいか、処女だとからかわれたことか。
今までのやりとりのせいか、処女だとからかわれたことか。
どちらにせよ、怒っていることに違いはない。
どちらにせよ、怒っていることに違いはない。
だが、オレが改善を図る前に、女は大きく一度深呼吸した。
だが、オレが改善を図る前に、女は大きく一度深呼吸した。
恋
恋
ここが私の家になります
ここが私の家になります
出来る限り不満を抑え、もう一度そういった。
出来る限り不満を抑え、もう一度そういった。
？？？】※恭一
？？？】※恭一
こりゃまた、随分と立派な部屋だな。一人で住んでるんだろ？
こりゃまた、随分と立派な部屋だな。一人で住んでるんだろ？
恋
恋
父に用意してもらいました。私には過ぎた家です
父に用意してもらいました。私には過ぎた家です
？？？】※恭一
？？？】※恭一
その親父はどうしたんだよ
その親父はどうしたんだよ
恋
恋
それは……あなたには関係ありません。
それは……あなたには関係ありません。
と言うか、お話しするつもりはありません。
と言うか、お話しするつもりはありません。
あなたに話たら、真面目な話も全部おふざけにされてしまいます
あなたに話たら、真面目な話も全部おふざけにされてしまいます
？？？】※恭一
？？？】※恭一
そりゃ確かに
そりゃ確かに
恋
恋
自分で認めないでください……
自分で認めないでください……
オレは部屋のソファーにどっかりと腰を下ろした。
オレは部屋のソファーにどっかりと腰を下ろした。
？？？】※恭一
？？？】※恭一
酒
酒
恋
恋
ここはバーではありません、出てきたりしません
ここはバーではありません、出てきたりしません
？？？】※恭一
？？？】※恭一
たくさん並んでるだろ棚に
たくさん並んでるだろ棚に
恋
恋
これは父がコレクションしていたものです。あなたには飲ませません
これは父がコレクションしていたものです。あなたには飲ませません
？？？】※恭一
？？？】※恭一
そうけち臭いこと言うなよ。オレとお前の仲だろ？
そうけち臭いこと言うなよ。オレとお前の仲だろ？
恋
恋
まだお互いに名前すら知らないじゃないですか
まだお互いに名前すら知らないじゃないですか
？？？】※恭一
？？？】※恭一
長谷川恋
長谷川恋
恋
恋
っ……お、覚えて、たんですか……？
っ……お、覚えて、たんですか……？
？？？】※恭一
？？？】※恭一
ああ
ああ
恋
恋
だ、だったらどうして呼んでくれないんですかっ。
だ、だったらどうして呼んでくれないんですかっ。
ちゃんと人の名前、憶えられるんじゃないですか……
ちゃんと人の名前、憶えられるんじゃないですか……
恋はほっとした表情を見せ、ソファーに腰を下ろした。
恋はほっとした表情を見せ、ソファーに腰を下ろした。
そしてテーブルに置いてある資料に目が行く。
そしてテーブルに置いてある資料に目が行く。
そこには、氏名記入欄に『長谷川恋』と書かれている。
そこには、氏名記入欄に『長谷川恋』と書かれている。
恋
恋
もしかして……覚えていたんじゃなくて、今見た……んですか？
もしかして……覚えていたんじゃなくて、今見た……んですか？
？？？】※恭一
？？？】※恭一
そうとも言う
そうとも言う
恋
恋
……はぁっ……一瞬でも感心した私がバカでした……
……はぁっ……一瞬でも感心した私がバカでした……
？？？】※恭一
？？？】※恭一
別になんだっていいだろ。名前は覚えたんだ
別になんだっていいだろ。名前は覚えたんだ
恋
恋
もうそれでいいです
もうそれでいいです
恋
恋
とりあえず、あなたの名前を決めなければいけませんね
とりあえず、あなたの名前を決めなければいけませんね
？？？】※恭一
？？？】※恭一
名前ねぇ
名前ねぇ
恋
恋
資料によると、あなたの名前が記載されていた部分は、
資料によると、あなたの名前が記載されていた部分は、
経年劣化と崩落の影響で削り落ち、読むことが出来なかったそうです
経年劣化と崩落の影響で削り落ち、読むことが出来なかったそうです
恋
恋
たったひとつ、Ｋと言うアルファベットを除いて
たったひとつ、Ｋと言うアルファベットを除いて
？？？】※恭一
？？？】※恭一
Ｋ？
Ｋ？
恋
恋
はい。それがあなたの名字名前の頭文字なのか、
はい。それがあなたの名字名前の頭文字なのか、
それとも途中のものだったのか、それは定かではありません。
それとも途中のものだったのか、それは定かではありません。
位置的には、名前の頭文字だった可能性が高いと思われますけど
位置的には、名前の頭文字だった可能性が高いと思われますけど
？？？】※恭一
？？？】※恭一
Ｋか……
Ｋか……
恋
恋
何か思い出しますか？
何か思い出しますか？
？？？】※恭一
？？？】※恭一
オレの名前は、カールだった気がする
オレの名前は、カールだった気がする
恋
恋
あなたは日本人ですから、それはありえません
あなたは日本人ですから、それはありえません
？？？】※恭一
？？？】※恭一
なんだそうなのか。これだけイケメンなら外人かと思ってたぜ
なんだそうなのか。これだけイケメンなら外人かと思ってたぜ
恋
恋
Ｋですから……浩一、とか、慶介、とか。そんな感じでしょうか
Ｋですから……浩一、とか、慶介、とか。そんな感じでしょうか
？？？】※恭一
？？？】※恭一
じゃあロビンソンと呼んでくれ
じゃあロビンソンと呼んでくれ
恋
恋
全然Ｋ関係ないじゃないですか……
全然Ｋ関係ないじゃないですか……
？？？
？？？
うふふ、オッケー☆
うふふ、オッケー☆
恋
恋
えっ！？　な、何ですか今の声！？
えっ！？　な、何ですか今の声！？
？？？】※恭一
？？？】※恭一
何となくやってみたら出来た
何となくやってみたら出来た
恋
恋
ほ、本物の女の子みたいでしたよ！？
ほ、本物の女の子みたいでしたよ！？
？？？】※恭一
？？？】※恭一
だな。ちょっと自分でも驚いてる。あー、あー
だな。ちょっと自分でも驚いてる。あー、あー
喉を抑え、声のトーンを調整する。
喉を抑え、声のトーンを調整する。
恋？
恋？
私、男をとっかえひっかえ、食いまくってる長谷川恋です、きゃぴっ
私、男をとっかえひっかえ、食いまくってる長谷川恋です、きゃぴっ
恋
恋
わ、私の真似！？
わ、私の真似！？
？？？】※恭一
？？？】※恭一
おー。オレは非常に器用だったのかも知れないな
おー。オレは非常に器用だったのかも知れないな
恋
恋
き、器用と言うレベルを超えてる気がしますが……
き、器用と言うレベルを超えてる気がしますが……
？？？】※恭一
？？？】※恭一
そんなことより名前だ、声色で遊んでる場合じゃないぞ
そんなことより名前だ、声色で遊んでる場合じゃないぞ
恋
恋
遊んでたのはあなたじゃないですか……
遊んでたのはあなたじゃないですか……
恋
恋
では……恭一さんと言うのはどうでしょう？
では……恭一さんと言うのはどうでしょう？
？？？】※恭一
？？？】※恭一
ペットみたいに、勝手に昔の男の名前を付けてるんじゃないだろうな？
ペットみたいに、勝手に昔の男の名前を付けてるんじゃないだろうな？
恋
恋
違います。割と真剣に考えてみました
違います。割と真剣に考えてみました
？？？】※恭一
？？？】※恭一
恭一ねぇ……。まぁ、それでいいか
恭一ねぇ……。まぁ、それでいいか
記憶がない以上、特に名前が重要ってことはないだろう。
記憶がない以上、特に名前が重要ってことはないだろう。
恭一
恭一
おまえのことは恋と呼んでやる。感謝しろ
おまえのことは恋と呼んでやる。感謝しろ
恋
恋
別に感謝はしません
別に感謝はしません
恭一
恭一
面白くない女だよな
面白くない女だよな
恋
恋
あなたに面白いと思って貰わなくて結構です
あなたに面白いと思って貰わなくて結構です
恋は露骨に不機嫌な表情を見せると、ソファーを立った。
恋は露骨に不機嫌な表情を見せると、ソファーを立った。
恭一
恭一
どこ行くんだ？
どこ行くんだ？
恋
恋
どこだっていいじゃないですか。あなたには関係ありません
どこだっていいじゃないですか。あなたには関係ありません
恭一
恭一
トイレか
トイレか
恋
恋
っ！？
っ！？
分かりやすい女。
分かりやすい女。
恭一
恭一
よし、扉の前で聞き耳でも立ててやるか
よし、扉の前で聞き耳でも立ててやるか
恋
恋
……最低です
……最低です
そういい残し、恋はトイレ？へ向かう。
そういい残し、恋はトイレ？へ向かう。
そしてリビングを出る前に振り返る。
そしてリビングを出る前に振り返る。
恋
恋
そこから一歩も動かないでください
そこから一歩も動かないでください
恭一
恭一
それはどうかな
それはどうかな
恋
恋
もし……もし動いたら、私は許しませんから
もし……もし動いたら、私は許しませんから
恭一
恭一
面倒な女のところに来てしまったかもな
面倒な女のところに来てしまったかもな
聞き耳をたてに行くのも面白いと思ったが、
聞き耳をたてに行くのも面白いと思ったが、
オレはそれよりも面白いものを見つけた。
オレはそれよりも面白いものを見つけた。
勝手に開けた引き出しの中に入っていた、１冊の本。
勝手に開けた引き出しの中に入っていた、１冊の本。
seめくる (1
seめくる (1
恭一
恭一
ドリームタウンの歴史か……
ドリームタウンの歴史か……
この街を知るには、足で見て回るだけかと思っていたが、
この街を知るには、足で見て回るだけかと思っていたが、
本と言う知識から得て行くことも出来る。
本と言う知識から得て行くことも出来る。
順序よく行くならこっちの方がいいのかも知れない。
順序よく行くならこっちの方がいいのかも知れない。
恭一
恭一
どれだけ時代が進んでも、本は本か
どれだけ時代が進んでも、本は本か
恋
恋
……何してるんですか
……何してるんですか
恭一
恭一
ちょっと、本をな
ちょっと、本をな
恋
恋
それ、引き出しにしまっておいたものです。勝手にあけないでください
それ、引き出しにしまっておいたものです。勝手にあけないでください
恭一
恭一
ケチくさいこと言うな。減るもんじゃない
ケチくさいこと言うな。減るもんじゃない
恋
恋
記憶がないのに、どうしてここまでふざけたことが出来るんでしょう……
記憶がないのに、どうしてここまでふざけたことが出来るんでしょう……
恭一
恭一
記憶がないからこうなのか、記憶があってもこうなのか
記憶がないからこうなのか、記憶があってもこうなのか
恭一
恭一
気になるな
気になるな
恋
恋
はぁ……役に立ちたいと思って引き受けた仕事ですけど、正直心が折れそうです
はぁ……役に立ちたいと思って引き受けた仕事ですけど、正直心が折れそうです
恭一
恭一
まだ行動を始めて一時間くらいしか経ってないのにか？
まだ行動を始めて一時間くらいしか経ってないのにか？
恋
恋
一時間あなたと二人でいる私自身を褒めてあげたいです
一時間あなたと二人でいる私自身を褒めてあげたいです
恋
恋
まだ、本を読んでたんですか
まだ、本を読んでたんですか
リビングから姿を消していた恋が戻ってきた。
リビングから姿を消していた恋が戻ってきた。
恭一
恭一
今３章だ。いいところなんだよ
今３章だ。いいところなんだよ
恋
恋
……そろそろ晩御飯なんですけど
……そろそろ晩御飯なんですけど
恭一
恭一
適当に頼むわ
適当に頼むわ
恋
恋
食べられるものとか、食べられないものとか……
食べられるものとか、食べられないものとか……
恭一
恭一
記憶のないオレにわかるわけないだろ
記憶のないオレにわかるわけないだろ
恋
恋
それもそうですね……じゃあ、適当に作ります
それもそうですね……じゃあ、適当に作ります
恭一
恭一
料理出来るのか？
料理出来るのか？
恋
恋
……人並ですけど
……人並ですけど
そう良い、恋はエプロンをつけて台所に立った。
そう良い、恋はエプロンをつけて台所に立った。
ま、そんなことはどうでもいい。
ま、そんなことはどうでもいい。
オレは今本に夢中だった。
オレは今本に夢中だった。
恋
恋
食事の用意が出来ました。
食事の用意が出来ました。
本を読むのはいったんやめにしてください
本を読むのはいったんやめにしてください
恭一
恭一
読みながら食べる
読みながら食べる
恋
恋
ダメです
ダメです
ぱっとオレの本を恋が取り上げる。
ぱっとオレの本を恋が取り上げる。
恭一
恭一
何すんだ、殺すぞ
何すんだ、殺すぞ
恋
恋
本を取り上げただけで殺すとか言わないでください。野蛮です
本を取り上げただけで殺すとか言わないでください。野蛮です
恭一
恭一
オレの本返せ
オレの本返せ
恋
恋
いつからあなたの本になったんですか……これは私の本です
いつからあなたの本になったんですか……これは私の本です
恭一
恭一
おまえのものはオレのモノだ
おまえのものはオレのモノだ
恋
恋
違います
違います
くそまじめに返される。
くそまじめに返される。
恭一
恭一
それろくに読んでもないだろ。栞が最初の方に挟まってたぞ
それろくに読んでもないだろ。栞が最初の方に挟まってたぞ
恋
恋
べ、別に読む読まないは個人の自由です
べ、別に読む読まないは個人の自由です
恭一
恭一
ふん、じゃあ１分で食べて続きを読むだけだ
ふん、じゃあ１分で食べて続きを読むだけだ
恋
恋
ダメです。ちゃんと噛んで食べてください
ダメです。ちゃんと噛んで食べてください
恭一
恭一
いちいちうるさい奴だな
いちいちうるさい奴だな
恋
恋
あなたほどじゃありません
あなたほどじゃありません
恭一
恭一
…………
…………
なんか、ちょっとの間にだいぶオレに順応してきたな。
なんか、ちょっとの間にだいぶオレに順応してきたな。
仕方なくオレはテーブルに並べられた料理を見る。
仕方なくオレはテーブルに並べられた料理を見る。
恭一
恭一
なるほど。さっぱりわからん食べ物ばっかりだ
なるほど。さっぱりわからん食べ物ばっかりだ
恋
恋
ドリームタウンでは基本的な食事です。早くなれるようにしてください
ドリームタウンでは基本的な食事です。早くなれるようにしてください
恭一
恭一
……不味くはないな。褒めてもらえなくて残念か？
……不味くはないな。褒めてもらえなくて残念か？
恋
恋
いいえ。あなたに褒めてもらいたいとは思いません
いいえ。あなたに褒めてもらいたいとは思いません
恭一
恭一
まずっすげえまず。こりゃ作った奴の性格がにじみ出てるな
まずっすげえまず。こりゃ作った奴の性格がにじみ出てるな
恋
恋
好きに言ってください
好きに言ってください
恭一
恭一
ほんと面白くない女だ
ほんと面白くない女だ
食後、オレは本を読みながらテレビをつける。
食後、オレは本を読みながらテレビをつける。
未来と言っても、オレの感覚とこれらにそれほどの違いはない。
未来と言っても、オレの感覚とこれらにそれほどの違いはない。
要は技術力がどれだけ発達したかであって、
要は技術力がどれだけ発達したかであって、
人間性のようなものは１５０年で劇的には変わらないということだ。
人間性のようなものは１５０年で劇的には変わらないということだ。
恋
恋
こちらが着替えです。多分、サイズもいけると思います
こちらが着替えです。多分、サイズもいけると思います
恭一
恭一
これ誰の古着だよ
これ誰の古着だよ
恋
恋
父のものです
父のものです
恭一
恭一
はぁん。ま、着れればなんでもいい
はぁん。ま、着れればなんでもいい
恋
恋
それからタオルがここにあります。お風呂で使ってください
それからタオルがここにあります。お風呂で使ってください
恭一
恭一
……女の匂いだな
……女の匂いだな
オレはタオルを手に取り、匂ってみた。
オレはタオルを手に取り、匂ってみた。
恋
恋
……最低です
……最低です
そういい残し、奥の部屋に消えていく。
そういい残し、奥の部屋に消えていく。
オレは本を持って、風呂場へ。
オレは本を持って、風呂場へ。
…………。
…………。
恭一
恭一
おい。どうやって風呂に入るんだよ。使い方がわからん
おい。どうやって風呂に入るんだよ。使い方がわからん
恋
恋
ごめんなさい。……使い方、教えてませんでした
ごめんなさい。……使い方、教えてませんでした
奥から慌てて恋が出てくる。
奥から慌てて恋が出てくる。
恋
恋
そこの―――きゃっ！
そこの―――きゃっ！
こちらに来るなり、慌てて顔を逸らす恋。
こちらに来るなり、慌てて顔を逸らす恋。
恭一
恭一
あ？
あ？
恋
恋
ふ、服着てください！
ふ、服着てください！
恭一
恭一
全裸ならともかく、上が裸なくらいでうるせぇよ
全裸ならともかく、上が裸なくらいでうるせぇよ
恋
恋
最低です！
最低です！
背中を向ける恋。
背中を向ける恋。
恋
恋
右から３番目のボタンを押せばシャワーが出ます……。
右から３番目のボタンを押せばシャワーが出ます……。
止める時も同じボタンです。お湯は２番を押してください
止める時も同じボタンです。お湯は２番を押してください
恭一
恭一
なるほど。意外にシンプルだ
なるほど。意外にシンプルだ
それだけ告げると、恋は戻って行った。
それだけ告げると、恋は戻って行った。
恭一
恭一
もしオレが、突然チ○コを振り回したらぶっ倒れるだろうな
もしオレが、突然チ○コを振り回したらぶっ倒れるだろうな
恭一
恭一
あー……風呂はいいな。１５０年経っても変わらぬクオリティだ
あー……風呂はいいな。１５０年経っても変わらぬクオリティだ
オレはややきつめのパジャマを着て、リビングに戻ってきた。
オレはややきつめのパジャマを着て、リビングに戻ってきた。
そして、再び本を読む。
そして、再び本を読む。
恋
恋
よいしょ……
よいしょ……
ソファーの上に、どっかりと布団が置かれる。
ソファーの上に、どっかりと布団が置かれる。
恋
恋
これは説明が要らないと思いますが、必要ですか？
これは説明が要らないと思いますが、必要ですか？
恭一
恭一
オレの寝る場所はどこだ？
オレの寝る場所はどこだ？
恋
恋
……説明がいるみたいですね、あなたが寝る場所はここです
……説明がいるみたいですね、あなたが寝る場所はここです
そういい、ソファーを指さす。
そういい、ソファーを指さす。
恭一
恭一
オレにソファーで寝ろってことか？
オレにソファーで寝ろってことか？
恋
恋
それしかありません。後は私の寝室しかありませんから
それしかありません。後は私の寝室しかありませんから
恭一
恭一
だったら一緒に寝ればいいだろ
だったら一緒に寝ればいいだろ
恋
恋
冗談はよしてください。そんなこと出来るはずありません
冗談はよしてください。そんなこと出来るはずありません
恭一
恭一
なんで
なんで
恋
恋
なんでって……答えるまでもありません。
なんでって……答えるまでもありません。
一緒にベッドで寝ることが許されるのは家族だけです
一緒にベッドで寝ることが許されるのは家族だけです
恭一
恭一
……あほくさ
……あほくさ
恭一
恭一
オレがソファー？　おいおい、オレは客だぜ？
オレがソファー？　おいおい、オレは客だぜ？
恐らくこの時代、もっとも偉そうな客はオレだろう。
恐らくこの時代、もっとも偉そうな客はオレだろう。
自分でもそう思った。
自分でもそう思った。
それから１時間ほどして、風呂から上がった恋が、
それから１時間ほどして、風呂から上がった恋が、
無言でオレの横を通っていく。
無言でオレの横を通っていく。
恭一
恭一
寝るのか？
寝るのか？
恋
恋
そうです。おやすみなさい、恭一さん
そうです。おやすみなさい、恭一さん
ややぶっきらぼうに言い、寝室へと消えた。
ややぶっきらぼうに言い、寝室へと消えた。
恭一
恭一
男の怖さってやつを、まだまだ分かってないようだな
男の怖さってやつを、まだまだ分かってないようだな
脅かしに行こうと思ったが……とりあえずこれを読み切ろう。
脅かしに行こうと思ったが……とりあえずこれを読み切ろう。
それから１時間ほどして、オレは本を閉じる。
それから１時間ほどして、オレは本を閉じる。
恭一
恭一
素直に……面白かった
素直に……面白かった
惜しむらくは、これは第一冊目で、まだまだ続きがありそうなことだ。
惜しむらくは、これは第一冊目で、まだまだ続きがありそうなことだ。
地上を放棄してこのドリームタウンへとのがれてきてから、
地上を放棄してこのドリームタウンへとのがれてきてから、
３０年ほどの時代しか綴られていない。
３０年ほどの時代しか綴られていない。
オレはソファーから立つと、迷わず恋の部屋へ足を向けた。
オレはソファーから立つと、迷わず恋の部屋へ足を向けた。
そして、ノックもせず開ける。
そして、ノックもせず開ける。
恋
恋
っ！？
っ！？
突然の訪問に、まだ起きていた恋がびくりと跳ねた。
突然の訪問に、まだ起きていた恋がびくりと跳ねた。
どうやら、まだ鏡の前で色々やっていたらしい。
どうやら、まだ鏡の前で色々やっていたらしい。
恋
恋
か、勝手に寝室に入らないでください！
か、勝手に寝室に入らないでください！
恭一
恭一
本の続きは？
本の続きは？
恋
恋
えっ？
えっ？
恭一
恭一
あの本、読み終わったんだよ。次のはどこだ
あの本、読み終わったんだよ。次のはどこだ
恋
恋
ありません。買ってないですから
ありません。買ってないですから
恭一
恭一
なに？　……まじか
なに？　……まじか
恋
恋
もう読み終わったんですか、あの本……
もう読み終わったんですか、あの本……
恭一
恭一
続き買っといてくれ
続き買っといてくれ
恋
恋
……わかりました。買っておきますから、部屋に戻ってください
……わかりました。買っておきますから、部屋に戻ってください
恭一
恭一
なんで
なんで
恋
恋
ここは私の部屋です
ここは私の部屋です
恭一
恭一
私の部屋、ねぇ……
私の部屋、ねぇ……
オレはどっかりと、ベッドに寝転んだ。
オレはどっかりと、ベッドに寝転んだ。
恭一
恭一
寝るならやっぱりベッドだよな
寝るならやっぱりベッドだよな
恋
恋
もう、やめてください。
もう、やめてください。
どうしてそんな勝手ばっかりするんですかっ
どうしてそんな勝手ばっかりするんですかっ
恭一
恭一
どうしてって、そうしたいからに決まってるだろ
どうしてって、そうしたいからに決まってるだろ
恋
恋
……ここは私のベッドですっ
……ここは私のベッドですっ
怒り、恋は立ち上がるとオレの腕を掴んで引っ張り起こそうとする。
怒り、恋は立ち上がるとオレの腕を掴んで引っ張り起こそうとする。
恋
恋
んー……っ！
んー……っ！
精一杯のつもりだろうが、まったく力がない。
精一杯のつもりだろうが、まったく力がない。
恭一
恭一
おまえ、昼間にあの坊やが言ってたこと、覚えてるのか？
おまえ、昼間にあの坊やが言ってたこと、覚えてるのか？
恋
恋
坊やって……高坂特務官のことですか？
坊やって……高坂特務官のことですか？
恭一
恭一
ああ。あいつは言ってたよな、道徳に反する行為をしないか心配だと
ああ。あいつは言ってたよな、道徳に反する行為をしないか心配だと
恋
恋
……それが、どうしたっていうんですか
……それが、どうしたっていうんですか
恭一
恭一
こういうことだ
こういうことだ
オレは掴む恋の腕を握り、ベッドへと引きずり倒した。
オレは掴む恋の腕を握り、ベッドへと引きずり倒した。
恋
恋
っ！？
っ！？
そして素早く体位を入れ替え、恋の両腕を捕まえ、上に乗った。
そして素早く体位を入れ替え、恋の両腕を捕まえ、上に乗った。
恋
恋
な、なにをするんですかっ！
な、なにをするんですかっ！
恭一
恭一
こっちは１５０年、性欲を抑えてたんだぜ？
こっちは１５０年、性欲を抑えてたんだぜ？
男女が夜を共にすれば、ヤりにこいって言われてるようなもんだ
男女が夜を共にすれば、ヤりにこいって言われてるようなもんだ
恭一
恭一
おまえも大人だ。それくらいのことは覚悟の上だろ？
おまえも大人だ。それくらいのことは覚悟の上だろ？
恋
恋
……最低です……あなたは
……最低です……あなたは
恭一
恭一
最低で結構。オレは多分元々そういう人間だ
最低で結構。オレは多分元々そういう人間だ
恋の服へと手をかける。
恋の服へと手をかける。
恋
恋
……好きにすれば、いいじゃないですか……
……好きにすれば、いいじゃないですか……
恭一
恭一
なに？
なに？
恋
恋
私は、あなたを引き受けると大河内代表と高坂特務官。
私は、あなたを引き受けると大河内代表と高坂特務官。
そして他の仲間に誓いを立ててきました……そのことから、逃げるつもりはありません
そして他の仲間に誓いを立ててきました……そのことから、逃げるつもりはありません
恭一
恭一
覚悟は決めてたってことか
覚悟は決めてたってことか
恋
恋
……ですが、私は一生あなたを軽蔑し続けます
……ですが、私は一生あなたを軽蔑し続けます
恭一
恭一
関係ないな
関係ないな
ゆっくり、服の中へ手を忍ばせていく。
ゆっくり、服の中へ手を忍ばせていく。
本当に覚悟を決めたのか、恋は抵抗を見せない。
本当に覚悟を決めたのか、恋は抵抗を見せない。
表情も歯を食いしばり、耐えている。
表情も歯を食いしばり、耐えている。
だが……。
だが……。
恐怖は、簡単に抑えきれるものじゃない。
恐怖は、簡単に抑えきれるものじゃない。
自分自身でも気づかない中で、恋は震えていた。
自分自身でも気づかない中で、恋は震えていた。
それは恐らく、想像もつかないような恐怖なんだろう。
それは恐らく、想像もつかないような恐怖なんだろう。
今日であったばかりの男に、襲われ、犯される。
今日であったばかりの男に、襲われ、犯される。
普通なら、覚悟を決めることなんてできはしない。
普通なら、覚悟を決めることなんてできはしない。
こいつは本当に、あの場で言っていたように、役に立ちたいと心に誓っていたのか。
こいつは本当に、あの場で言っていたように、役に立ちたいと心に誓っていたのか。
恭一
恭一
…………
…………
オレは、恋の手を離し立ち上がる。
オレは、恋の手を離し立ち上がる。
恭一
恭一
良く考えたら、おまえはオレのタイプじゃないな。犯す価値もない
良く考えたら、おまえはオレのタイプじゃないな。犯す価値もない
恋
恋
…………
…………
それだけ言い残し、オレはリビングに退散した。
それだけ言い残し、オレはリビングに退散した。
恭一
恭一
元々そんなつもりはなかったんだがな……
元々そんなつもりはなかったんだがな……
早々に限度を超えた扱いをすれば、泣き言をいうと思ったんだが……。
早々に限度を超えた扱いをすれば、泣き言をいうと思ったんだが……。
そうもいかないらしい。
そうもいかないらしい。
恭一
恭一
……寝るか
……寝るか
