キズナ
キズナ
お出かけしませんかっ？
お出かけしませんかっ？
秀隆
秀隆
お出かけ？　デートってことか？
お出かけ？　デートってことか？
キズナ
キズナ
そうです。ひーくんとお出かけしたいなと思いまして
そうです。ひーくんとお出かけしたいなと思いまして
キズナ
キズナ
それに、ついでに色々できると思います
それに、ついでに色々できると思います
秀隆
秀隆
野外プレイ……てことか？
野外プレイ……てことか？
キズナ
キズナ
いえ、違います
いえ、違います
ばっさりと切り捨てられる。
ばっさりと切り捨てられる。
キズナ
キズナ
違法アンドロイドの調査とか、地上のこととか
違法アンドロイドの調査とか、地上のこととか
キズナ
キズナ
デート中にも色々調べられるかと思いまして
デート中にも色々調べられるかと思いまして
秀隆
秀隆
ちょっと物々しい感じはするけどな……
ちょっと物々しい感じはするけどな……
出来れば健全なデートを希望したい。
出来れば健全なデートを希望したい。
キズナ
キズナ
違法捜査の方は、何か分かったことはないんですか？
違法捜査の方は、何か分かったことはないんですか？
秀隆
秀隆
なんでそんなに気にするんだ？
なんでそんなに気にするんだ？
キズナ
キズナ
ひーくん、私にも手伝わせてくれると言ったきりです
ひーくん、私にも手伝わせてくれると言ったきりです
キズナ
キズナ
もしかしたら、一人で調査しているのかと思いまして
もしかしたら、一人で調査しているのかと思いまして
秀隆
秀隆
そんなことはない。まぁ、資料なんかは仕事中に探してるが、
そんなことはない。まぁ、資料なんかは仕事中に探してるが、
黙って街中でどうこう、みたいなことはしてないから安心しろ
黙って街中でどうこう、みたいなことはしてないから安心しろ
秀隆
秀隆
本当だ
本当だ
キズナ
キズナ
信じますっ
信じますっ
秀隆
秀隆
それに、外に出て調べられることなんて限られてる。
それに、外に出て調べられることなんて限られてる。
あの日の現場聞き込みも無駄足だったしな
あの日の現場聞き込みも無駄足だったしな
秀隆
秀隆
どっちかというと、今は地上の調査に集中すべきかもな
どっちかというと、今は地上の調査に集中すべきかもな
秀隆
秀隆
恭一さんが言ってた。地上の人間を調べるより、地上を知る人物がいるはずだと
恭一さんが言ってた。地上の人間を調べるより、地上を知る人物がいるはずだと
キズナ
キズナ
どういうことなんでしょうか？
どういうことなんでしょうか？
秀隆
秀隆
発言の真意は計り損ねてるが、ちょっと気になってさ
発言の真意は計り損ねてるが、ちょっと気になってさ
秀隆
秀隆
飯でも食べて帰るか
飯でも食べて帰るか
キズナ
キズナ
はい、そうしましょうっ
はい、そうしましょうっ
秀隆
秀隆
ん……？
ん……？
キズナ
キズナ
どうかしましたか？
どうかしましたか？
秀隆
秀隆
いや……気のせいかな
いや……気のせいかな
今、恭一さんの姿を見た気がしたけど。
今、恭一さんの姿を見た気がしたけど。
秀隆
秀隆
ラモールに行くか。この時間ならそれほど混んでないだろ
ラモールに行くか。この時間ならそれほど混んでないだろ
キズナ
キズナ
はいっ
はいっ
キズナ
キズナ
あうー。お腹いっぱい食べ過ぎました
あうー。お腹いっぱい食べ過ぎました
ぽんぽん、とお腹を叩き満足そうに笑った。
ぽんぽん、とお腹を叩き満足そうに笑った。
秀隆
秀隆
おお、確かにお腹でてるな
おお、確かにお腹でてるな
キズナ
キズナ
あまり見ないで下さい。ちょっと恥ずかしいです
あまり見ないで下さい。ちょっと恥ずかしいです
秀隆
秀隆
いやいや、これはこれで中々……
いやいや、これはこれで中々……
キズナのお腹に触ってみる。
キズナのお腹に触ってみる。
秀隆
秀隆
妊娠してるみたいにも見えるし
妊娠してるみたいにも見えるし
キズナ
キズナ
実は……ゆうちゃんの子供なんです
実は……ゆうちゃんの子供なんです
秀隆
秀隆
な、なんだとおおお！？
な、なんだとおおお！？
キズナ
キズナ
ってことになったら、ひーくん卒倒しますか？
ってことになったら、ひーくん卒倒しますか？
秀隆
秀隆
するわ！　冗談でもびびる……
するわ！　冗談でもびびる……
キズナ
キズナ
大丈夫です、もし生まれるとしてもひーくんの子供ですよっ
大丈夫です、もし生まれるとしてもひーくんの子供ですよっ
秀隆
秀隆
当たり前だ
当たり前だ
キズナ
キズナ
早く私も子供が欲しいです
早く私も子供が欲しいです
秀隆
秀隆
な、なんだよ。オレの子供が欲しいとか……？
な、なんだよ。オレの子供が欲しいとか……？
キズナ
キズナ
欲しいと思っちゃいけませんか？
欲しいと思っちゃいけませんか？
秀隆
秀隆
いや……そりゃ、嬉しいけど……全然まだ早いだろ
いや……そりゃ、嬉しいけど……全然まだ早いだろ
キズナ
キズナ
子供を産むなら、早い方がいいと思うんです。
子供を産むなら、早い方がいいと思うんです。
私もひーくんも、若いママとパパになるべきかなと
私もひーくんも、若いママとパパになるべきかなと
秀隆
秀隆
なるほど……
なるほど……
でも、今のキズナを妊娠させたら、オレへのバッシングは……。
でも、今のキズナを妊娠させたら、オレへのバッシングは……。
秀隆
秀隆
ちょっと休憩してから帰ろうか
ちょっと休憩してから帰ろうか
キズナ
キズナ
そうですね。もうちょっと二人でゆっくりしたいです
そうですね。もうちょっと二人でゆっくりしたいです
秀隆
秀隆
じゃあ飲み物買ってくるから、そこ座って待っててくれ
じゃあ飲み物買ってくるから、そこ座って待っててくれ
キズナ
キズナ
了解ですっ
了解ですっ
キズナを待たせ、オレは自販機に歩いていく。
キズナを待たせ、オレは自販機に歩いていく。
秀隆
秀隆
……キズナ？
……キズナ？
辺りに、キズナの姿が見えなかった。
辺りに、キズナの姿が見えなかった。
秀隆
秀隆
キズナ？　おい、どこだよ
キズナ？　おい、どこだよ
辺りを見渡すが、どこにもキズナの姿が見えない。
辺りを見渡すが、どこにもキズナの姿が見えない。
秀隆
秀隆
…………
…………
オレはとりあえず、ベンチに腰を下ろした。
オレはとりあえず、ベンチに腰を下ろした。
だが、待てど暮らせどキズナが出てくる様子はない。
だが、待てど暮らせどキズナが出てくる様子はない。
携帯にも、何か連絡が届いているわけじゃなかった。
携帯にも、何か連絡が届いているわけじゃなかった。
ざわざわと、胸に押し寄せてくる。
ざわざわと、胸に押し寄せてくる。
秀隆
秀隆
悪ふざけ……じゃないよな……
悪ふざけ……じゃないよな……
キズナは時々人をからかうが、
キズナは時々人をからかうが、
こんな風に本当に心配させるようなことはしない。
こんな風に本当に心配させるようなことはしない。
何か、よっぽどの理由があっていなくなったのか。
何か、よっぽどの理由があっていなくなったのか。
それとも―――。
それとも―――。
オレはベンチから立ち上がると、
オレはベンチから立ち上がると、
飲み物をその上に置いたまま、駆け足で自宅へ。
飲み物をその上に置いたまま、駆け足で自宅へ。
帰宅したオレは、靴を脱ぎ捨てリビングへ。
帰宅したオレは、靴を脱ぎ捨てリビングへ。
アクセラは夕食の準備なのか、台所で食材を用意していた。
アクセラは夕食の準備なのか、台所で食材を用意していた。
秀隆
秀隆
アクセラ、キズナは帰ってないか？
アクセラ、キズナは帰ってないか？
アクセラ
アクセラ
キズナ様ですか？　いえ、お戻りになられておりませんが
キズナ様ですか？　いえ、お戻りになられておりませんが
秀隆
秀隆
そうか……
そうか……
アクセラ
アクセラ
何かあったのですか？
何かあったのですか？
秀隆
秀隆
もし帰ってきたらすぐオレに連絡をくれ。頼んだぞ
もし帰ってきたらすぐオレに連絡をくれ。頼んだぞ
アクセラ
アクセラ
畏まりました
畏まりました
秀隆
秀隆
まさか……
まさか……
オレはホープタウンで考えられる限りの場所を当たる。
オレはホープタウンで考えられる限りの場所を当たる。
だが、そのどこにもキズナの姿は見つけられない。
だが、そのどこにもキズナの姿は見つけられない。
秀隆
秀隆
落ち着け……こう言う時こそ、冷静になれ……
落ち着け……こう言う時こそ、冷静になれ……
突然、姿を消したキズナ。
突然、姿を消したキズナ。
考えられるパターンはそう多くない。
考えられるパターンはそう多くない。
秀隆
秀隆
すいません、片桐、片桐裕輔さんを呼んでもらえますか
すいません、片桐、片桐裕輔さんを呼んでもらえますか
プラントの男性
プラントの男性
ゆ、裕輔さんですか？　えっと……どちら様ですか
ゆ、裕輔さんですか？　えっと……どちら様ですか
秀隆
秀隆
島津と言います。急ぎ、お願いします
島津と言います。急ぎ、お願いします
プラントの男性
プラントの男性
……少々お待ちください
……少々お待ちください
オレは焦る気持ちを抑え、裕輔が来るのを待つ。
オレは焦る気持ちを抑え、裕輔が来るのを待つ。
しかし
しかし
プラントの男性
プラントの男性
すみません。今裕輔さんは、社長とお出かけ中のようです
すみません。今裕輔さんは、社長とお出かけ中のようです
秀隆
秀隆
そ、そうですか。ありがとうざいます
そ、そうですか。ありがとうざいます
居ない以上仕方が無い、他の人にあたるしかない。
居ない以上仕方が無い、他の人にあたるしかない。
プラントから立ち去る直前、一台の車が止まった。
プラントから立ち去る直前、一台の車が止まった。
そして
そして
裕輔
裕輔
秀隆？　プラントで何をしている
秀隆？　プラントで何をしている
秀隆
秀隆
裕輔！　すまん、ちょっと手を貸してほしい。大至急だ
裕輔！　すまん、ちょっと手を貸してほしい。大至急だ
裕輔
裕輔
……ちょっと待ってくれ。今こちらも立て込んでいる
……ちょっと待ってくれ。今こちらも立て込んでいる
そういい、裕輔は車を振り返る。
そういい、裕輔は車を振り返る。
中からは片桐社長が降りてきた。
中からは片桐社長が降りてきた。
裕輔
裕輔
すまない、少し待っていてもらえるか
すまない、少し待っていてもらえるか
片桐
片桐
……緊急のようだな。わかった
……緊急のようだな。わかった
裕輔は断りをいれ、オレの場所へと戻ってくる。
裕輔は断りをいれ、オレの場所へと戻ってくる。
裕輔
裕輔
どうした
どうした
秀隆
秀隆
悪い、どうしても助けてもらいたいことがあるんだ
悪い、どうしても助けてもらいたいことがあるんだ
秀隆
秀隆
キズナが姿を消した……探すのを手伝ってもらいたい
キズナが姿を消した……探すのを手伝ってもらいたい
裕輔
裕輔
姿を消した？
姿を消した？
秀隆
秀隆
……何者かに、
……何者かに、
さら
さら
われた、と考えるのが妥当だ
われた、と考えるのが妥当だ
裕輔
裕輔
話が見えない。どうしてキズナが攫われることになる
話が見えない。どうしてキズナが攫われることになる
秀隆
秀隆
それは
それは
ここで違法アンドロイドの話や、
ここで違法アンドロイドの話や、
地上に関する話をしても仕方がない。
地上に関する話をしても仕方がない。
裕輔
裕輔
わかった。話せないなら無理に聞き出すつもりはない
わかった。話せないなら無理に聞き出すつもりはない
裕輔
裕輔
助けを必要としているなら、力を貸そう
助けを必要としているなら、力を貸そう
秀隆
秀隆
本当に助かる……
本当に助かる……
警察や他の人間には頼ることが出来ない。
警察や他の人間には頼ることが出来ない。
キズナが地上時代の生き残りであることを、伏せていなければならないからだ。
キズナが地上時代の生き残りであることを、伏せていなければならないからだ。
裕輔のように、事情を聞かずに手を貸してくれる人物がありがたかった。
裕輔のように、事情を聞かずに手を貸してくれる人物がありがたかった。
裕輔
裕輔
あてはあるのか？
あてはあるのか？
地上のことは絶対に話せない。
地上のことは絶対に話せない。
だが、違法アンドロイドの件なら構わないだろう。
だが、違法アンドロイドの件なら構わないだろう。
傍にいる片桐社長も、元々は無関係じゃなかった。
傍にいる片桐社長も、元々は無関係じゃなかった。
秀隆
秀隆
もしかしたら、アンドロイドが関わっているかも知れない
もしかしたら、アンドロイドが関わっているかも知れない
裕輔
裕輔
アンドロイドが……
アンドロイドが……
片桐
片桐
……島津、と言ったな？
……島津、と言ったな？
秀隆
秀隆
片桐社長！？
片桐社長！？
片桐
片桐
違法アンドロイドの件、追及することが出来たのか？
違法アンドロイドの件、追及することが出来たのか？
秀隆
秀隆
前に助言を頂いてから探りましたが、
前に助言を頂いてから探りましたが、
後一歩のところで追い詰めることは出来ませんでした
後一歩のところで追い詰めることは出来ませんでした
秀隆
秀隆
ただ、柳沢製薬が関係している、ということだけ……
ただ、柳沢製薬が関係している、ということだけ……
秀隆
秀隆
そして、大河内代表とも何らかの接点がある、としか
そして、大河内代表とも何らかの接点がある、としか
片桐
片桐
その誘拐のことは分からないが、
その誘拐のことは分からないが、
ドリームタウンと深く関係があるんじゃないのか？
ドリームタウンと深く関係があるんじゃないのか？
秀隆
秀隆
……可能性はあります。ですが、
……可能性はあります。ですが、
まず周辺を調べる必要があると思っています
まず周辺を調べる必要があると思っています
裕輔
裕輔
すまないが、俺は秀隆に力を貸す
すまないが、俺は秀隆に力を貸す
片桐
片桐
仕方ないだろう。仕事は私一人でやっておく
仕方ないだろう。仕事は私一人でやっておく
裕輔
裕輔
悪いな
悪いな
裕輔
裕輔
攫われたのはいつ、どこでだ？
攫われたのはいつ、どこでだ？
秀隆
秀隆
それは歩きながら説明する
それは歩きながら説明する
…………。
…………。
……。
……。
裕輔
裕輔
大体の事情は分かった。これから愛佳の方にも声をかけてみよう
大体の事情は分かった。これから愛佳の方にも声をかけてみよう
秀隆
秀隆
助かるよ……
助かるよ……
しかし、人手が増えたからと言って、簡単に見つかるだろうか。
しかし、人手が増えたからと言って、簡単に見つかるだろうか。
裕輔
裕輔
おまえは、急ぎドリームタウンに向かうべきじゃないか？
おまえは、急ぎドリームタウンに向かうべきじゃないか？
先ほどの片桐社長とのやりとりを聞いていた裕輔が言う。
先ほどの片桐社長とのやりとりを聞いていた裕輔が言う。
秀隆
秀隆
でも
でも
裕輔
裕輔
キズナはその可能性が高い、そうだな？
キズナはその可能性が高い、そうだな？
秀隆
秀隆
……ああ
……ああ
裕輔
裕輔
ホープタウンの方は、俺のほうで探しておく。
ホープタウンの方は、俺のほうで探しておく。
何か手がかりがあればすぐメールで連絡を取ることにしよう
何か手がかりがあればすぐメールで連絡を取ることにしよう
秀隆
秀隆
任せてもいいか
任せてもいいか
裕輔
裕輔
当然だ
当然だ
秀隆
秀隆
……ありがとう
……ありがとう
何度目か分からない言葉を告げ、オレはステーションへと向かった。
何度目か分からない言葉を告げ、オレはステーションへと向かった。
