秀隆
秀隆
ご無沙汰しております、高坂特務官
ご無沙汰しております、高坂特務官
龍也
龍也
こんにちは島津くん。例のパーティー以来だね
こんにちは島津くん。例のパーティー以来だね
秀隆
秀隆
はい。その節ではお世話になりました
はい。その節ではお世話になりました
龍也
龍也
僕の方も色々勉強させてもらったよ
僕の方も色々勉強させてもらったよ
互いに視線を交わらせる。
互いに視線を交わらせる。
龍也
龍也
今日は仕事と言うことだったね。
今日は仕事と言うことだったね。
特務官として僕に会いたいと言うことだけれど
特務官として僕に会いたいと言うことだけれど
秀隆
秀隆
お時間のほうは大丈夫でしたか。
お時間のほうは大丈夫でしたか。
急にお会いしたいとお願いしてしまいましたので
急にお会いしたいとお願いしてしまいましたので
龍也
龍也
うん。今日は一日オフィスに篭ってる予定だったから
うん。今日は一日オフィスに篭ってる予定だったから
秀隆
秀隆
ありがとうございます
ありがとうございます
龍也
龍也
じゃあ、用件を聞かせてもらおうかな
じゃあ、用件を聞かせてもらおうかな
秀隆
秀隆
高坂特務官は、柳沢製薬をご存知ですか？
高坂特務官は、柳沢製薬をご存知ですか？
龍也
龍也
柳沢製薬？　僕が真っ先に浮かべたものでいいのかな
柳沢製薬？　僕が真っ先に浮かべたものでいいのかな
秀隆
秀隆
恐らく差異はないと思われます
恐らく差異はないと思われます
龍也
龍也
君から柳沢製薬の名前が出るなんて、驚いたな。
君から柳沢製薬の名前が出るなんて、驚いたな。
もちろん知っているよ。ドリームタウンの企業だからね
もちろん知っているよ。ドリームタウンの企業だからね
秀隆
秀隆
その会社の代表、柳沢軍司とは、どういう人物なんでしょうか？
その会社の代表、柳沢軍司とは、どういう人物なんでしょうか？
龍也
龍也
どうして彼のことを知りたいんだい？
どうして彼のことを知りたいんだい？
秀隆
秀隆
少し興味がありました。ぜひご教授願えればと思っております
少し興味がありました。ぜひご教授願えればと思っております
龍也
龍也
そうだね……企業を大きくすることに貪欲で、熱心な人かな
そうだね……企業を大きくすることに貪欲で、熱心な人かな
龍也
龍也
ドリームタウンでも珍しいくらい向上心の強い人だよ
ドリームタウンでも珍しいくらい向上心の強い人だよ
秀隆
秀隆
直接お話されたことは？
直接お話されたことは？
龍也
龍也
パーティーなんかでは話すこともあるけど、どうかしたのかい？
パーティーなんかでは話すこともあるけど、どうかしたのかい？
秀隆
秀隆
いえ……
いえ……
龍也
龍也
何か仕事が絡んでいるなら、僕が立ち入るわけにもいかないかな
何か仕事が絡んでいるなら、僕が立ち入るわけにもいかないかな
秀隆
秀隆
そうではないんです。ただ、まだ憶測の領域を出ていないので……
そうではないんです。ただ、まだ憶測の領域を出ていないので……
龍也
龍也
もしよかったら、聞かせてもらっても？
もしよかったら、聞かせてもらっても？
力になれるかどうかは分からないけど、相談くらい乗れると思うよ？
力になれるかどうかは分からないけど、相談くらい乗れると思うよ？
龍也
龍也
他言するなと言うなら、当然秘密にしておくし
他言するなと言うなら、当然秘密にしておくし
秀隆
秀隆
ありがとうございます。では、話半分で聞いていただけますか
ありがとうございます。では、話半分で聞いていただけますか
龍也
龍也
うん、わかった
うん、わかった
秀隆
秀隆
柳沢製薬は、ここ数年多額の融資を受けるため、
柳沢製薬は、ここ数年多額の融資を受けるため、
大河内代表やクイーン、銀行に直接交渉をしていると耳にしました
大河内代表やクイーン、銀行に直接交渉をしていると耳にしました
秀隆
秀隆
その話は本当のことでしょうか？
その話は本当のことでしょうか？
龍也
龍也
そうだね、確かにそう言う話は聞いたことがあるよ
そうだね、確かにそう言う話は聞いたことがあるよ
秀隆
秀隆
企業としては５年以上黒字経営が続いています。
企業としては５年以上黒字経営が続いています。
なのに莫大な融資を受けると言うのは、どういうことなんでしょうか？
なのに莫大な融資を受けると言うのは、どういうことなんでしょうか？
龍也
龍也
さっきも言ったけど、彼は向上心が強い。
さっきも言ったけど、彼は向上心が強い。
製薬会社として常に上を目指しているんじゃないかな
製薬会社として常に上を目指しているんじゃないかな
秀隆
秀隆
つまり、製薬の研究費、と言うことですか
つまり、製薬の研究費、と言うことですか
龍也
龍也
年々従業員の数も増やしているしね。何も不思議なことじゃない
年々従業員の数も増やしているしね。何も不思議なことじゃない
秀隆
秀隆
そうですか……
そうですか……
龍也
龍也
それがどうかしたのかい？
それがどうかしたのかい？
秀隆
秀隆
実はある噂を耳にしたんです
実はある噂を耳にしたんです
秀隆
秀隆
柳沢製薬が、受けた融資の多くを使って、
柳沢製薬が、受けた融資の多くを使って、
違法アンドロイドの製造に着手していると
違法アンドロイドの製造に着手していると
龍也
龍也
違法アンドロイド？　まさか……彼の会社は製薬会社だよ？
違法アンドロイド？　まさか……彼の会社は製薬会社だよ？
秀隆
秀隆
あくまでも噂の範疇です
あくまでも噂の範疇です
龍也
龍也
でも、只の噂だけで君が動くとは思えない。
でも、只の噂だけで君が動くとは思えない。
何か自分なりの理由や確証があるんじゃないかな
何か自分なりの理由や確証があるんじゃないかな
秀隆
秀隆
詳しくは申し上げられませんが、
詳しくは申し上げられませんが、
違法アンドロイドそのものが作られている証拠は手に入れました
違法アンドロイドそのものが作られている証拠は手に入れました
秀隆
秀隆
そこから辿っていくうちに、柳沢製薬の名前が浮上したんです
そこから辿っていくうちに、柳沢製薬の名前が浮上したんです
龍也
龍也
俄かには信じがたい話と言わざるを得ないね
俄かには信じがたい話と言わざるを得ないね
龍也
龍也
どうだろう、彼の会社を直接訪ねてみると言うのは
どうだろう、彼の会社を直接訪ねてみると言うのは
秀隆
秀隆
尋ねる、ですか
尋ねる、ですか
龍也
龍也
何か証拠となるものが見つかるかもしれない
何か証拠となるものが見つかるかもしれない
秀隆
秀隆
なるほど……
なるほど……
秀隆
秀隆
さらに疑問なことがありまして
さらに疑問なことがありまして
秀隆
秀隆
どこかの誰かが、違法アンドロイドを製造しているのは間違いありません。では、何故そのようなものを作るんだと思いますか？
どこかの誰かが、違法アンドロイドを製造しているのは間違いありません。では、何故そのようなものを作るんだと思いますか？
龍也
龍也
なぜ、か……君はどう思うんだい？
なぜ、か……君はどう思うんだい？
秀隆
秀隆
正直、皆目見当がつきません……
正直、皆目見当がつきません……
龍也
龍也
違法アンドロイドには、性的な目的をそれとしたものが多いと聞く
違法アンドロイドには、性的な目的をそれとしたものが多いと聞く
秀隆
秀隆
ダッチワイフへの改造ですね
ダッチワイフへの改造ですね
龍也
龍也
うん。それの延長線上みたいなものじゃないかな、と僕は思う
うん。それの延長線上みたいなものじゃないかな、と僕は思う
龍也
龍也
アンドロイドにそれらを求める人種は、
アンドロイドにそれらを求める人種は、
恐らく限りなく人間に近付けることを目標としているはずだ
恐らく限りなく人間に近付けることを目標としているはずだ
龍也
龍也
なら、よりリアルにするために、そういった改造を施しているんじゃないかな
なら、よりリアルにするために、そういった改造を施しているんじゃないかな
秀隆
秀隆
街のセキュリティすらも突破して、ですか
街のセキュリティすらも突破して、ですか
龍也
龍也
アンドロイドと街中で手を繋いだり、
アンドロイドと街中で手を繋いだり、
キスしたりするのを誰かが見れば、どう思うかな。
キスしたりするのを誰かが見れば、どう思うかな。
きっとそれは、異常と見なされてしまう
きっとそれは、異常と見なされてしまう
龍也
龍也
アンドロイドを性的な、同じ人間として扱う人種にとっては、
アンドロイドを性的な、同じ人間として扱う人種にとっては、
アンドロイドと言う事実を隠しておきたいものなんだと僕は考える
アンドロイドと言う事実を隠しておきたいものなんだと僕は考える
秀隆
秀隆
つまり……そのためならばどんな改造でも行うと
つまり……そのためならばどんな改造でも行うと
龍也
龍也
僕個人の想像だけどね
僕個人の想像だけどね
秀隆
秀隆
なるほど、すごく参考になります
なるほど、すごく参考になります
龍也
龍也
他には何か聞きたいことはないかな？
他には何か聞きたいことはないかな？
秀隆
秀隆
ドリームタウンの、アンドロイド事業の方は如何ですか
ドリームタウンの、アンドロイド事業の方は如何ですか
龍也
龍也
ホープタウンに追いつこうと頑張ってはいるけど、
ホープタウンに追いつこうと頑張ってはいるけど、
相手が倉屋敷だとね。まだまだ時間はかかるよ
相手が倉屋敷だとね。まだまだ時間はかかるよ
秀隆
秀隆
それだけ、倉屋敷の技術力が高い、と言うことですね
それだけ、倉屋敷の技術力が高い、と言うことですね
龍也
龍也
あそこは機密管理の高さも最高峰だからね。情報流出もありえない
あそこは機密管理の高さも最高峰だからね。情報流出もありえない
ホープ、ドリーム問わず、倉屋敷に対する評価は高いようだ。
ホープ、ドリーム問わず、倉屋敷に対する評価は高いようだ。
秀隆
秀隆
今日はありがとうございました。ご相談に乗っていただきまして
今日はありがとうございました。ご相談に乗っていただきまして
龍也
龍也
少しはお役に立てたかな？
少しはお役に立てたかな？
秀隆
秀隆
はい。非常に参考になりました
はい。非常に参考になりました
龍也
龍也
またいつでも相談してほしい
またいつでも相談してほしい
秀隆
秀隆
ありがとうございます
ありがとうございます
オレは高坂特務官に見送られながら、カジノを後にした。
オレは高坂特務官に見送られながら、カジノを後にした。
龍也
龍也
少しよろしいですか、大河内代表
少しよろしいですか、大河内代表
麦蔵
麦蔵
悪いが後にしろ。今少し立てこんでる
悪いが後にしろ。今少し立てこんでる
龍也
龍也
……そうしたいところですが、急ぎ耳に入れたほうがよいかと
……そうしたいところですが、急ぎ耳に入れたほうがよいかと
麦蔵
麦蔵
わかった。なんだ？
わかった。なんだ？
龍也
龍也
出来れば、彼には席をはずしていただきたいのですが
出来れば、彼には席をはずしていただきたいのですが
麦蔵
麦蔵
かまわん。今は俺の護衛だ、そう教えたはずだが？
かまわん。今は俺の護衛だ、そう教えたはずだが？
龍也
龍也
しかし
しかし
麦蔵
麦蔵
俺がいいと言ったんだ。二度は言わせるな
俺がいいと言ったんだ。二度は言わせるな
龍也
龍也
失礼しました。実は本日、島津特務官が僕のもとへきました
失礼しました。実は本日、島津特務官が僕のもとへきました
龍也
龍也
そこで思いがけぬ名前が出まして
そこで思いがけぬ名前が出まして
麦蔵
麦蔵
思いがけない名前？
思いがけない名前？
龍也
龍也
柳沢製薬
柳沢製薬
麦蔵
麦蔵
……なぜ奴からその名前が出る。接点はないだろ
……なぜ奴からその名前が出る。接点はないだろ
龍也
龍也
違法アンドロイドとの接点を探っています
違法アンドロイドとの接点を探っています
麦蔵
麦蔵
バカな。どこからそれが漏れた。クイーンか？
バカな。どこからそれが漏れた。クイーンか？
龍也
龍也
どうでしょう。可能性はありますが、
どうでしょう。可能性はありますが、
彼女らに情報を掴まれるようなミスは特になかったかと
彼女らに情報を掴まれるようなミスは特になかったかと
麦蔵
麦蔵
柳沢自身のミスはどうだ
柳沢自身のミスはどうだ
龍也
龍也
彼の首が絞まることですからね、
彼の首が絞まることですからね、
もし何かミスを犯したなら、すぐ報告に来ているでしょう
もし何かミスを犯したなら、すぐ報告に来ているでしょう
麦蔵
麦蔵
出所は不明か
出所は不明か
龍也
龍也
今はまだこちらとの接点に気づいては居ないと思いますが、
今はまだこちらとの接点に気づいては居ないと思いますが、
このまま問題を放置すれば、最悪答えにたどり着くかも知れません
このまま問題を放置すれば、最悪答えにたどり着くかも知れません
麦蔵
麦蔵
どうするべきだと考える
どうするべきだと考える
龍也
龍也
今の研究施設を破棄させ、証拠を隠滅するのが先決でしょう
今の研究施設を破棄させ、証拠を隠滅するのが先決でしょう
龍也
龍也
柳沢氏自身にもこのことを通達し、管理の再徹底を促すべきかと
柳沢氏自身にもこのことを通達し、管理の再徹底を促すべきかと
麦蔵
麦蔵
よし、その処理はおまえに任せる
よし、その処理はおまえに任せる
龍也
龍也
畏まりました
畏まりました
恭一
恭一
……色々と大変だなおまえも
……色々と大変だなおまえも
龍也
龍也
これが仕事ですから。では
これが仕事ですから。では
麦蔵
麦蔵
島津と言う男は面白い男だが、目障りな部分も多いな
島津と言う男は面白い男だが、目障りな部分も多いな
恭一
恭一
それだけ脅威に感じてるってことだろ
それだけ脅威に感じてるってことだろ
麦蔵
麦蔵
かもな……
かもな……
麦蔵
麦蔵
ひとつ頼まれちゃくれねぇか
ひとつ頼まれちゃくれねぇか
恭一
恭一
断ると言ったら？
断ると言ったら？
麦蔵
麦蔵
おまえにしか出来そうにないことだ
おまえにしか出来そうにないことだ
恭一
恭一
はぁん。ま、聞くだけ聞いてやる
はぁん。ま、聞くだけ聞いてやる
麦蔵
麦蔵
俺にまとわりついているスパイ、そいつを排除したい
俺にまとわりついているスパイ、そいつを排除したい
恭一
恭一
スパイ？
スパイ？
麦蔵
麦蔵
おまえもよく知る人物だ
おまえもよく知る人物だ
恭一
恭一
で、そのスパイをオレに始末しろと？
で、そのスパイをオレに始末しろと？
麦蔵
麦蔵
舞台は俺が用意する
舞台は俺が用意する
恭一
恭一
気乗りはしないが、話くらいは聞いてやるよ。多少面白そうだ
気乗りはしないが、話くらいは聞いてやるよ。多少面白そうだ
恭一
恭一
遊びのつもりでやってみるのも悪くない
遊びのつもりでやってみるのも悪くない
…………。
…………。
秀隆
秀隆
今日、オレはドリームタウンに行ってきた
今日、オレはドリームタウンに行ってきた
秀隆
秀隆
そこで、高坂特務官と話をさせてもらった。違法アンドロイドに関してな
そこで、高坂特務官と話をさせてもらった。違法アンドロイドに関してな
まどか
まどか
もしかして、柳沢製薬のこと？
もしかして、柳沢製薬のこと？
秀隆
秀隆
そうだ。オレが考えるに、その違法アンドロイドを開発、
そうだ。オレが考えるに、その違法アンドロイドを開発、
研究する資金の出所は、ドリームタウン、大河内代表からの可能性が高い
研究する資金の出所は、ドリームタウン、大河内代表からの可能性が高い
磯部
磯部
大河内代表だって？　そんなこと……
大河内代表だって？　そんなこと……
秀隆
秀隆
今回のこの、違法アンドロイドの事件。
今回のこの、違法アンドロイドの事件。
オレたちは散々調べてきたわけだけど……
オレたちは散々調べてきたわけだけど……
この改造を施した人間の狙いって、なんだと考える？
この改造を施した人間の狙いって、なんだと考える？
秀隆
秀隆
わざわざ人間に見せかけ、様々な制限まで解除したそのアンドロイドの役目だ
わざわざ人間に見せかけ、様々な制限まで解除したそのアンドロイドの役目だ
磯部
磯部
そうだな……人間に見せかけたかったってことは、
そうだな……人間に見せかけたかったってことは、
アンドロイドだと知られたくなかったって事だろ
アンドロイドだと知られたくなかったって事だろ
まどか
まどか
そうね。自分で使うことが目的ではない……
そうね。自分で使うことが目的ではない……
二人は、どんどんと可能性を絞り込んでいく。
二人は、どんどんと可能性を絞り込んでいく。
磯部
磯部
……何か、情報を探るため、か？
……何か、情報を探るため、か？
磯部
磯部
スパイのようなことをさせるのには、アンドロイドは最適だ
スパイのようなことをさせるのには、アンドロイドは最適だ
まどか
まどか
私もそう思う
私もそう思う
秀隆
秀隆
正解だ。恐らく二人の考えは合ってると思う
正解だ。恐らく二人の考えは合ってると思う
磯部
磯部
まぁ、これだけ情報が出揃ってれば、意外とたどり着けるな
まぁ、これだけ情報が出揃ってれば、意外とたどり着けるな
秀隆
秀隆
そうなんだ。確証はなくても、その答えにはたどり着ける
そうなんだ。確証はなくても、その答えにはたどり着ける
秀隆
秀隆
でも高坂特務官は、そうは答えなかったんだ
でも高坂特務官は、そうは答えなかったんだ
秀隆
秀隆
彼の口からは一言も、スパイ目的だとは言わなかった
彼の口からは一言も、スパイ目的だとは言わなかった
まどか
まどか
たまたま、思いつかなかっただけじゃないの？
たまたま、思いつかなかっただけじゃないの？
秀隆
秀隆
あの高坂特務官がか？
あの高坂特務官がか？
磯部
磯部
……ありえないだろ
……ありえないだろ
秀隆
秀隆
そう。ありえない。絶対にこの答えにたどり着くはずなんだ
そう。ありえない。絶対にこの答えにたどり着くはずなんだ
秀隆
秀隆
でも、彼はたどり着かなかった。いや、たどり着いていて、教えなかった
でも、彼はたどり着かなかった。いや、たどり着いていて、教えなかった
秀隆
秀隆
じゃあ、何で教えなかったんだと思う？
じゃあ、何で教えなかったんだと思う？
まどか
まどか
それは
それは
磯部
磯部
……その違法アンドロイドと、繋がりがある……
……その違法アンドロイドと、繋がりがある……
秀隆
秀隆
そういうことになるな
そういうことになるな
磯部
磯部
ちょ、ちょっとまてよ。もしそうだとしたら……
ちょ、ちょっとまてよ。もしそうだとしたら……
秀隆
秀隆
高坂特務官は、オレたちが地上時代の生き残り、
高坂特務官は、オレたちが地上時代の生き残り、
キズナをかくまっていることを何かしら掴んでいた
キズナをかくまっていることを何かしら掴んでいた
秀隆
秀隆
それは、そのスパイを使って活動した成果なんじゃないか？
それは、そのスパイを使って活動した成果なんじゃないか？
磯部
磯部
特務官の中に、アンドロイドがいるなんて、言わないだろうな？
特務官の中に、アンドロイドがいるなんて、言わないだろうな？
秀隆
秀隆
さあ。それはないと思うけど、なんともいえないな
さあ。それはないと思うけど、なんともいえないな
秀隆
秀隆
オレたちの身近に潜んでるって可能性は、十分にある
オレたちの身近に潜んでるって可能性は、十分にある
磯部
磯部
……信じられない
……信じられない
まどか
まどか
だけど、それが一番、考えられることね
だけど、それが一番、考えられることね
磯部
磯部
どうやって調べればいいんだよ。アンドロイドかどうかなんて
どうやって調べればいいんだよ。アンドロイドかどうかなんて
磯部
磯部
直接アンドロイドか問いかけたって、答えちゃくれないだろうしな
直接アンドロイドか問いかけたって、答えちゃくれないだろうしな
秀隆
秀隆
正直分からない。どうにも出来ないのが現状だ
正直分からない。どうにも出来ないのが現状だ
個人のプロフィールを辿っていけば、たどり着くかも知れないが、
個人のプロフィールを辿っていけば、たどり着くかも知れないが、
それには途方もない時間が必要になるだろう。
それには途方もない時間が必要になるだろう。
磯部
磯部
野放しにするしかないのかよ。そのアンドロイド
野放しにするしかないのかよ。そのアンドロイド
秀隆
秀隆
これを見てくれ
これを見てくれ
se端末機同音【ピッ
se端末機同音【ピッ
オレは端末に地図を表示し、それを二人の端末に送る。
オレは端末に地図を表示し、それを二人の端末に送る。
まどか
まどか
ドリームタウン、の地図ね
ドリームタウン、の地図ね
秀隆
秀隆
ここにその研究施設があるかもしれない
ここにその研究施設があるかもしれない
磯部
磯部
どこで手に入れたんだよ、こんな情報
どこで手に入れたんだよ、こんな情報
秀隆
秀隆
柳沢製薬に絞ってからは、研究施設の絞込みを行ってたからな
柳沢製薬に絞ってからは、研究施設の絞込みを行ってたからな
磯部
磯部
……なら、信憑性はあるって事か
……なら、信憑性はあるって事か
秀隆
秀隆
オレは明日、この場所に行って見ようと思う。
オレは明日、この場所に行って見ようと思う。
もしも本当に研究所があれば、突き止められるかも知れない
もしも本当に研究所があれば、突き止められるかも知れない
まどか
まどか
私も行くわ
私も行くわ
磯部
磯部
俺もだ
俺もだ
秀隆
秀隆
でも、相手は違法アンドロイドを所持してる。危ないぞ
でも、相手は違法アンドロイドを所持してる。危ないぞ
磯部
磯部
あのな、おまえ一人で行かせたらもっと危ないだろ
あのな、おまえ一人で行かせたらもっと危ないだろ
まどか
まどか
３人いれば、何とかなるかもしれない
３人いれば、何とかなるかもしれない
秀隆
秀隆
……まどか、おまえは駄目だ
……まどか、おまえは駄目だ
まどか
まどか
ど、どうして？
ど、どうして？
秀隆
秀隆
女の子を連れて行くわけにはいかないだろ
女の子を連れて行くわけにはいかないだろ
磯部
磯部
島津に同意だ。おまえは残ってくれ
島津に同意だ。おまえは残ってくれ
まどか
まどか
私だって特務官の一人よ。覚悟は出来てる
私だって特務官の一人よ。覚悟は出来てる
秀隆
秀隆
特務官は危険な仕事をするのが役目じゃない。
特務官は危険な仕事をするのが役目じゃない。
おまえは、残ってオレたちの情報を待ってくれ
おまえは、残ってオレたちの情報を待ってくれ
まどか
まどか
でも
でも
秀隆
秀隆
もし無理やりついていっても、足を引っ張るだけだ
もし無理やりついていっても、足を引っ張るだけだ
秀隆
秀隆
アンドロイドに襲われたら、真っ先に狙われる
アンドロイドに襲われたら、真っ先に狙われる
まどか
まどか
っ……
っ……
磯部
磯部
俺たちも、お前を心配しながらじゃ動きづらくなる
俺たちも、お前を心配しながらじゃ動きづらくなる
磯部
磯部
気持ちは分かるけど、堪えてくれ
気持ちは分かるけど、堪えてくれ
まどか
まどか
……わかった。ここに残るわ
……わかった。ここに残るわ
まどか
まどか
だけど、あなたたちだけで大丈夫なの？
だけど、あなたたちだけで大丈夫なの？
秀隆
秀隆
心配ない。もう一人連れて行こうと思ってる
心配ない。もう一人連れて行こうと思ってる
磯部
磯部
誰だよ
誰だよ
秀隆
秀隆
頼りがいのある仲間だ
頼りがいのある仲間だ
…………。
…………。
……。
……。
オレの描いた筋書きは、想像を遥かに越えるものだった。
オレの描いた筋書きは、想像を遥かに越えるものだった。
柳沢軍司と言う男は、大河内代表から多額の融資を受け、
柳沢軍司と言う男は、大河内代表から多額の融資を受け、
違法アンドロイドの開発、研究を行っている。
違法アンドロイドの開発、研究を行っている。
その融資の見返りに、柳沢は人間と区別のつかないアンドロイドを製造。
その融資の見返りに、柳沢は人間と区別のつかないアンドロイドを製造。
そして、そのアンドロイドを使い、ホープタウンへスパイを送り込んだ。
そして、そのアンドロイドを使い、ホープタウンへスパイを送り込んだ。
例えば……極秘であるはずのキズナにドリームタウンが気づいたのも、そのアンドロイドがスパイ活動を行ったが故、と言うことも考えられる。
例えば……極秘であるはずのキズナにドリームタウンが気づいたのも、そのアンドロイドがスパイ活動を行ったが故、と言うことも考えられる。
アクセラの件もあり、オレは違法アンドロイドの存在を知り、
アクセラの件もあり、オレは違法アンドロイドの存在を知り、
そして中小企業のどこかが多額の資金を使い研究している可能性を見つけた。
そして中小企業のどこかが多額の資金を使い研究している可能性を見つけた。
それを聞いた高坂特務官は、当然大河内代表へと相談する。
それを聞いた高坂特務官は、当然大河内代表へと相談する。
それらの違法性が見つかることを恐れ、
それらの違法性が見つかることを恐れ、
大河内代表が急ぎ研究所の移動、撤去を行ったとしたら、
大河内代表が急ぎ研究所の移動、撤去を行ったとしたら、
その迅速な対応にも納得がいく。
その迅速な対応にも納得がいく。
…………。
…………。
……。
……。
