水野凛さんへの、ＣＭ交渉二日目。
水野凛さんへの、ＣＭ交渉二日目。
テレビ局スタジオ内。
テレビ局スタジオ内。
秀隆
秀隆
おはよーございます！
おはよーございます！
オレは、本番前の緊張漂う収録現場で、大きく声を張り上げた。
オレは、本番前の緊張漂う収録現場で、大きく声を張り上げた。
見慣れない男の存在に、
見慣れない男の存在に、
周囲のスタッフたちが怪訝そうな表情を見せる。
周囲のスタッフたちが怪訝そうな表情を見せる。
坪倉
坪倉
島津さん、ど、どうされたんですか？　こんな朝早くから
島津さん、ど、どうされたんですか？　こんな朝早くから
驚いた坪倉マネージャーが、オレのもとに歩み寄ってきた。
驚いた坪倉マネージャーが、オレのもとに歩み寄ってきた。
秀隆
秀隆
おはようございます。凛さんいらしてますか？
おはようございます。凛さんいらしてますか？
坪倉
坪倉
今はプロデューサーと打ち合わせをしていますが……
今はプロデューサーと打ち合わせをしていますが……
もしかして……
もしかして……
秀隆
秀隆
もしかしてももしかして、ＣＭの契約でお話に伺いました
もしかしてももしかして、ＣＭの契約でお話に伺いました
オレは満面の笑みで答える。
オレは満面の笑みで答える。
坪倉
坪倉
昨日、お断りの方向でお話はまとまったかと思ったのですが……
昨日、お断りの方向でお話はまとまったかと思ったのですが……
秀隆
秀隆
まだＣＭの契約は正式に決まっていませんよね？
まだＣＭの契約は正式に決まっていませんよね？
坪倉
坪倉
それは……書面上では、まだですが……
それは……書面上では、まだですが……
秀隆
秀隆
であれば、私たち特務官としては、
であれば、私たち特務官としては、
この件を簡単に諦めるわけにはいきません
この件を簡単に諦めるわけにはいきません
坪倉
坪倉
ですがアンドロイドのことが絡むと、凛も不安を覚えますので……
ですがアンドロイドのことが絡むと、凛も不安を覚えますので……
秀隆
秀隆
それは、重々承知した上で……
それは、重々承知した上で……
凛
凛
あんた……また来たの？
あんた……また来たの？
坪倉
坪倉
あ、凛。島津さんが
あ、凛。島津さんが
凛
凛
どうせＣＭの件でしょ？
どうせＣＭの件でしょ？
こちらを一瞥した後、ため息混じりにそう言った。
こちらを一瞥した後、ため息混じりにそう言った。
秀隆
秀隆
はい。何とか、再度交渉させていただきたいと思いまして……
はい。何とか、再度交渉させていただきたいと思いまして……
凛
凛
あれだけ嫌だって言ったのに、聞き分けないのね
あれだけ嫌だって言ったのに、聞き分けないのね
秀隆
秀隆
諦めの悪さが、唯一の取り柄でして
諦めの悪さが、唯一の取り柄でして
凛
凛
あ、っそ。だったら、勝手にすれば？
あ、っそ。だったら、勝手にすれば？
何があってもあたしの気持ちは変わらないけどね
何があってもあたしの気持ちは変わらないけどね
坪倉
坪倉
凛！？
凛！？
凛
凛
時間が経てば、あたしを相手にするだけ無駄だってわかるでしょ
時間が経てば、あたしを相手にするだけ無駄だってわかるでしょ
くすりと笑って、凛は背中を向けた。
くすりと笑って、凛は背中を向けた。
凛
凛
それじゃ、そろそろ本番だから
それじゃ、そろそろ本番だから
秀隆
秀隆
はい。終わるまでお待ちしております
はい。終わるまでお待ちしております
坪倉
坪倉
終わるまでって、これから５時間はかかりますよ？
終わるまでって、これから５時間はかかりますよ？
秀隆
秀隆
大丈夫です。許可は貰ってきていますので
大丈夫です。許可は貰ってきていますので
こちらが引く様子を見せないでいると、
こちらが引く様子を見せないでいると、
折れたのか深いため息をついた。
折れたのか深いため息をついた。
坪倉
坪倉
……邪魔だけは、しないようにしてくださいね
……邪魔だけは、しないようにしてくださいね
秀隆
秀隆
もちろんですっ
もちろんですっ
本番が始まる。
本番が始まる。
オレは初めての収録スタジオに、若干興奮を隠しきれていなかった。
オレは初めての収録スタジオに、若干興奮を隠しきれていなかった。
秀隆
秀隆
家からそんなに遠くないのに、まるで別世界だな
家からそんなに遠くないのに、まるで別世界だな
いつも画面の向こう側だった住人たちが、
いつも画面の向こう側だった住人たちが、
こうして目の前で様々な表情を作っている。
こうして目の前で様々な表情を作っている。
なんていうか、こう言うのを見てると、
なんていうか、こう言うのを見てると、
現場監督なんかもちょっと面白そうだよな。
現場監督なんかもちょっと面白そうだよな。
回想枠
回想枠
凛
凛
さて、来週の虹丸マーケットは！
さて、来週の虹丸マーケットは！
秀隆
秀隆
はいカットカット！　それじゃぜんっぜんだめだ！
はいカットカット！　それじゃぜんっぜんだめだ！
凛
凛
か、監督っ、私、どこかダメだったでしょうか？
か、監督っ、私、どこかダメだったでしょうか？
秀隆
秀隆
もっとスェクシィーに！　太ももガッと出して！
もっとスェクシィーに！　太ももガッと出して！
凛
凛
は、はいっ！
は、はいっ！
秀隆
秀隆
胸元も、もっと解放的に！　なんのためのおっぱいだ！
胸元も、もっと解放的に！　なんのためのおっぱいだ！
秀隆
秀隆
誰のためのおっぱいだ？　君のためのおっぱいじゃないぞ！
誰のためのおっぱいだ？　君のためのおっぱいじゃないぞ！
秀隆
秀隆
その大きなおっぱいは、アピールするためのものだっ！
その大きなおっぱいは、アピールするためのものだっ！
凛
凛
はいっ！　こうですか、監督！
はいっ！　こうですか、監督！
秀隆
秀隆
そう、そうだ凛、おまえならもっと上を目指せる
そう、そうだ凛、おまえならもっと上を目指せる
秀隆
秀隆
オレが連れていってやる、おまえを高みへ！
オレが連れていってやる、おまえを高みへ！
凛
凛
素敵！　抱いて下さい、監督ぅ！
素敵！　抱いて下さい、監督ぅ！
秀隆
秀隆
なんつって！　まいっちゃうぜ！
なんつって！　まいっちゃうぜ！
……ふう、ちょっぴり虚しくなった。
……ふう、ちょっぴり虚しくなった。
監督
監督
はいカット！　今日も輝いてるよ、凛ちゃん！
はいカット！　今日も輝いてるよ、凛ちゃん！
凛
凛
ありがとうございますっ
ありがとうございますっ
オレの目の前では、本物の監督さんが凛さんに言葉を投げていた。
オレの目の前では、本物の監督さんが凛さんに言葉を投げていた。
監督
監督
でもごめんねぇ、今日も台本分かりづらくって
でもごめんねぇ、今日も台本分かりづらくって
凛
凛
いえ
いえ
監督
監督
おい霧月！　テメェちゃんと仕事しろ！　このクズ！
おい霧月！　テメェちゃんと仕事しろ！　このクズ！
おまえの台本は賢ぶりすぎて臭ぇんだよ！
おまえの台本は賢ぶりすぎて臭ぇんだよ！
アシスタントディレクターらしき、
アシスタントディレクターらしき、
メガネをかけた、細身でソバカスの男性にメガホンを投げつける。
メガネをかけた、細身でソバカスの男性にメガホンを投げつける。
霧月
霧月
す、すみませんっ……
す、すみませんっ……
監督
監督
だからいつまで立っても、おまえの脚本はつまんねえんだ！
だからいつまで立っても、おまえの脚本はつまんねえんだ！
どうやら、脚本家のようだった。
どうやら、脚本家のようだった。
監督
監督
凛ちゃんに飲み物買って来い！
凛ちゃんに飲み物買って来い！
霧月
霧月
は、はいっ
は、はいっ
慌てて、こちらの方へかけて来る。
慌てて、こちらの方へかけて来る。
そのすれ違いざま
そのすれ違いざま
霧月
霧月
いつか殺してやる、糞監督がっ……！
いつか殺してやる、糞監督がっ……！
僕の考えた脚本が面白くないだと？　見る目ねえんだよ！
僕の考えた脚本が面白くないだと？　見る目ねえんだよ！
そんな呪詛のような囁きが聞こえてきた。
そんな呪詛のような囁きが聞こえてきた。
秀隆
秀隆
どこも、ああいうのってあるんだなぁ……
どこも、ああいうのってあるんだなぁ……
監督
監督
ごめんねぇ凛ちゃん、ちょっと待ってねぇ
ごめんねぇ凛ちゃん、ちょっと待ってねぇ
凛
凛
はーい
はーい
秀隆
秀隆
あのオッサン、凛さんにデレデレだな
あのオッサン、凛さんにデレデレだな
まあ、あれだけ可愛くておっぱいが大ききゃ無理ないけど。
まあ、あれだけ可愛くておっぱいが大ききゃ無理ないけど。
スタッフ
スタッフ
休憩入りまーす！
休憩入りまーす！
３時間ほど経ち、スタッフの一人が大声で休憩を知らせた。
３時間ほど経ち、スタッフの一人が大声で休憩を知らせた。
秀隆
秀隆
……っと、いけないいけない
……っと、いけないいけない
オレは借りたパイプ椅子の上で、うとうととしてしまっていた。
オレは借りたパイプ椅子の上で、うとうととしてしまっていた。
慌てて立ち上がり、休憩に入る有名人たちに頭を下げた。
慌てて立ち上がり、休憩に入る有名人たちに頭を下げた。
秀隆
秀隆
えーっと、凛さんはと……
えーっと、凛さんはと……
凛さんは、女優らしき人と話していた。
凛さんは、女優らしき人と話していた。
秀隆
秀隆
うおっ、あれ、アイドルの佐々木優花じゃん！
うおっ、あれ、アイドルの佐々木優花じゃん！
凛さんが話してる相手は、素人のオレも見知った顔だった。
凛さんが話してる相手は、素人のオレも見知った顔だった。
昔はＧカップの巨乳アイドルで話題を集めたんだよな。
昔はＧカップの巨乳アイドルで話題を集めたんだよな。
秀隆
秀隆
本物はテレビで見る１００倍可愛いんだけど……！
本物はテレビで見る１００倍可愛いんだけど……！
なんだよあの胸、反則だろ。
なんだよあの胸、反則だろ。
彼女のグラビア写真には何度お世話になったことか。
彼女のグラビア写真には何度お世話になったことか。
秀隆
秀隆
夢にまで見たことあるアイドルが、目と鼻の先に……
夢にまで見たことあるアイドルが、目と鼻の先に……
ああ、もし優花と話が出来たなら
ああ、もし優花と話が出来たなら
そんな淡い幻想を抱いていると、
そんな淡い幻想を抱いていると、
優花さんはこちらに来ることなく奥へと姿を消してしまった。
優花さんはこちらに来ることなく奥へと姿を消してしまった。
凛さんだけが、オレの方へと歩いてくる。
凛さんだけが、オレの方へと歩いてくる。
秀隆
秀隆
あ、お疲れ様です……
あ、お疲れ様です……
凛
凛
お疲れ。って、なんでそんな悲しそうな顔してんのよ
お疲れ。って、なんでそんな悲しそうな顔してんのよ
秀隆
秀隆
いえ……気のせいです
いえ……気のせいです
凛
凛
？
？
秀隆
秀隆
これからお昼ですか？
これからお昼ですか？
凛
凛
そ。なんかおススメの場所とかある？
そ。なんかおススメの場所とかある？
ホープタウンのことは全然分からなくてさ
ホープタウンのことは全然分からなくてさ
秀隆
秀隆
じゃあ、案内しましょうか
じゃあ、案内しましょうか
凛
凛
んー……そうね、そうしようかな
んー……そうね、そうしようかな
オレは凛さんを連れ、テレビ局を後にしようとした。
オレは凛さんを連れ、テレビ局を後にしようとした。
しかし……。
しかし……。
？？？】※金本
？？？】※金本
凛ちゃぁん、ちょっといいかなぁ？
凛ちゃぁん、ちょっといいかなぁ？
甘ったるいような気持ち悪いような声が、背後から届く。
甘ったるいような気持ち悪いような声が、背後から届く。
凛
凛
ちっ……
ちっ……
凛さんは聞こえない程度に舌打ちした後振り返った。
凛さんは聞こえない程度に舌打ちした後振り返った。
凛
凛
お疲れ様ですっ、金本さん
お疲れ様ですっ、金本さん
金本
金本
お疲れちゃあん
お疲れちゃあん
この撮影の共演者である、芸人の金本さんだ。
この撮影の共演者である、芸人の金本さんだ。
金本
金本
いやー相変わらず魅力的だよね、凛ちゃんのおっぱいは。
いやー相変わらず魅力的だよね、凛ちゃんのおっぱいは。
触ったら気持ちいいんだろうねえ
触ったら気持ちいいんだろうねえ
堂々と言葉にし、にやりと笑った。
堂々と言葉にし、にやりと笑った。
凛
凛
や、やだぁ……
や、やだぁ……
金本
金本
これからお昼にいくんでしょ？　一緒にどう？
これからお昼にいくんでしょ？　一緒にどう？
辛い物食べに行こうよ
辛い物食べに行こうよ
凛
凛
すみません、これから特務官の方とお仕事の話がありまして
すみません、これから特務官の方とお仕事の話がありまして
金本
金本
特務官？
特務官？
秀隆
秀隆
初めまして。特務官の島津と申します
初めまして。特務官の島津と申します
さっと名刺を出すが、無視されてしまう。
さっと名刺を出すが、無視されてしまう。
金本
金本
じゃあ凛ちゃん、また明日にでも
じゃあ凛ちゃん、また明日にでも
凛
凛
はい、すみません……行きましょう、島津さん
はい、すみません……行きましょう、島津さん
秀隆
秀隆
あ、ああ
あ、ああ
背中を押されるようにして、凛さんと歩く。
背中を押されるようにして、凛さんと歩く。
午後１時過ぎ、オレは凛さんとテレビスタジオを後にしていた。
午後１時過ぎ、オレは凛さんとテレビスタジオを後にしていた。
凛
凛
なんであんなのと共演しなきゃいけないのよ
なんであんなのと共演しなきゃいけないのよ
秀隆
秀隆
ですが、あの人結構人気者ですよ？　女の子ウケはしないけど
ですが、あの人結構人気者ですよ？　女の子ウケはしないけど
凛
凛
信じられないけど、ね……
信じられないけど、ね……
秀隆
秀隆
ちょっと不思議に思ったんですが、
ちょっと不思議に思ったんですが、
収録のお昼って少し遅いんですね
収録のお昼って少し遅いんですね
凛
凛
真昼間に休憩取っちゃうと、色々面倒だから。
真昼間に休憩取っちゃうと、色々面倒だから。
下手に注目を浴びると、厄介でしょ？
下手に注目を浴びると、厄介でしょ？
凛
凛
平日の１時過ぎって人がいないから、行動しやすいのよね
平日の１時過ぎって人がいないから、行動しやすいのよね
秀隆
秀隆
なるほど、確かに
なるほど、確かに
大体、学生にしても社会人にしても、
大体、学生にしても社会人にしても、
１２時から１時までの休憩が多い。
１２時から１時までの休憩が多い。
実際今、人通りは限りなく少なかった。
実際今、人通りは限りなく少なかった。
凛
凛
にしても、どこにでもああいう監督はいるのよねぇ
にしても、どこにでもああいう監督はいるのよねぇ
秀隆
秀隆
監督さんが何か？
監督さんが何か？
凛
凛
もうあたしへの下心丸出し。あんたも分かるでしょ？
もうあたしへの下心丸出し。あんたも分かるでしょ？
秀隆
秀隆
まぁ……確かに
まぁ……確かに
凛
凛
アイドルのマ○コに突っ込むことしか、
アイドルのマ○コに突っ込むことしか、
頭の中じゃ考えてないのよ、きっと
頭の中じゃ考えてないのよ、きっと
秀隆
秀隆
あの、さらっと凄いこと言わないでください
あの、さらっと凄いこと言わないでください
凛
凛
あぁごめんごめん。あんたもアイドルに幻想抱いてる口？
あぁごめんごめん。あんたもアイドルに幻想抱いてる口？
秀隆
秀隆
それなりには……
それなりには……
凛
凛
可哀想だけど、あたしと居ると幻想は壊れてくわよ
可哀想だけど、あたしと居ると幻想は壊れてくわよ
秀隆
秀隆
なんか、先日からそんな気はしてます
なんか、先日からそんな気はしてます
秀隆
秀隆
けど、アイドルと言うか女の子として問題もありそうですけど
けど、アイドルと言うか女の子として問題もありそうですけど
凛
凛
なんか言った？
なんか言った？
秀隆
秀隆
はははまさかそんな
はははまさかそんな
凛
凛
口の利き方に気をつけないと、契約の可能性なくしちゃうわよ？
口の利き方に気をつけないと、契約の可能性なくしちゃうわよ？
意地悪そうに笑う。
意地悪そうに笑う。
それを言われたら、こっちには何も言えない以上、
それを言われたら、こっちには何も言えない以上、
頭をかくしかなかった。
頭をかくしかなかった。
凛
凛
ここ？　あんたのおススメって
ここ？　あんたのおススメって
秀隆
秀隆
女子学生に人気のスポットですよ
女子学生に人気のスポットですよ
凛
凛
へえ。ま、確かにオシャレな感じはするわね
へえ。ま、確かにオシャレな感じはするわね
秀隆
秀隆
何にします？　メニューはこれです
何にします？　メニューはこれです
凛
凛
じゃあ、これにしようかな
じゃあ、これにしようかな
凛さんは迷わずメニューを決めたようだった。
凛さんは迷わずメニューを決めたようだった。
オレたちは、出来上がるのを待ってからテーブルへ。
オレたちは、出来上がるのを待ってからテーブルへ。
秀隆
秀隆
では改めまして……先日はお電話ありがとうございました
では改めまして……先日はお電話ありがとうございました
凛
凛
……別に。何となくよ、何となく
……別に。何となくよ、何となく
秀隆
秀隆
何となくでも、頼っていただけたので嬉しいです
何となくでも、頼っていただけたので嬉しいです
凛
凛
頼ったと言うか、仕方がなかったと言うか
頼ったと言うか、仕方がなかったと言うか
凛さんはストローを使い、ドリンクをチューっと飲んだ。
凛さんはストローを使い、ドリンクをチューっと飲んだ。
秀隆
秀隆
失礼だとは思いますが、詳しくお話を聞いても？
失礼だとは思いますが、詳しくお話を聞いても？
凛
凛
あれこれ話すのは嫌だから、質問形式にして
あれこれ話すのは嫌だから、質問形式にして
凛さんは注文したパンを口に運ぶ。
凛さんは注文したパンを口に運ぶ。
秀隆
秀隆
わかりました
わかりました
秀隆
秀隆
ではまず、ストーカー行為に気付いたのはいつですか？
ではまず、ストーカー行為に気付いたのはいつですか？
凛
凛
３ヶ月くらい前かな。
３ヶ月くらい前かな。
友達とカフェでお茶してたことがあったんだけど
友達とカフェでお茶してたことがあったんだけど
凛
凛
その帰り、あたしカフェに携帯を忘れちゃっててさ、慌てて取りに戻ったわけよ
その帰り、あたしカフェに携帯を忘れちゃっててさ、慌てて取りに戻ったわけよ
秀隆
秀隆
その携帯が無かったと？
その携帯が無かったと？
凛
凛
ううん、携帯はそのまま。
ううん、携帯はそのまま。
でも――あたしが飲んでたカップだけなかったの
でも――あたしが飲んでたカップだけなかったの
凛
凛
友達のは全部残ってたのに、あたしのだけね
友達のは全部残ってたのに、あたしのだけね
秀隆
秀隆
…………
…………
凛
凛
でもさ、最初はあたしに気付いたファンのちょっとした仕業だと思ったわけ
でもさ、最初はあたしに気付いたファンのちょっとした仕業だと思ったわけ
凛
凛
あたしって売れっ子だから、
あたしって売れっ子だから、
そう言うの盗られたりもするかなって
そう言うの盗られたりもするかなって
凛
凛
だけど……それからもそう言うことが度々起こって……
だけど……それからもそう言うことが度々起こって……
凛
凛
偶然だ偶然だって、自分に言い聞かせてはいたんだけど
偶然だ偶然だって、自分に言い聞かせてはいたんだけど
凛さんは、やや怯えたような声に変わっていた。
凛さんは、やや怯えたような声に変わっていた。
秀隆
秀隆
その被害は、ドリームタウンだけのことですか？
その被害は、ドリームタウンだけのことですか？
凛
凛
ええ。今のところね
ええ。今のところね
とすると、オレはあまり力を貸すことは出来ないかも知れない。
とすると、オレはあまり力を貸すことは出来ないかも知れない。
ドリームタウンへ向かう許可を持ち合わせていないからだ。
ドリームタウンへ向かう許可を持ち合わせていないからだ。
凛
凛
でも、なんていうか嫌な視線はこっちでも感じる気がする
でも、なんていうか嫌な視線はこっちでも感じる気がする
秀隆
秀隆
視線ですか……
視線ですか……
凛
凛
アバウトで悪いけど、そうとしか言えないのよ。
アバウトで悪いけど、そうとしか言えないのよ。
もう、自分で自分を追い込んで、被害妄想も入ってるかも
もう、自分で自分を追い込んで、被害妄想も入ってるかも
本当に参っているのか、自分の前髪をくしゃっと握った。
本当に参っているのか、自分の前髪をくしゃっと握った。
その表情は、本当に疲れていそうだ。
その表情は、本当に疲れていそうだ。
凛
凛
ちゃんと眠れない日が続いたり、仕事中もストレスになっちゃって。昨日あたしがアンドロイドのことで怒った時だって、いつもならもうちょっと自制は出来てたと思うし
ちゃんと眠れない日が続いたり、仕事中もストレスになっちゃって。昨日あたしがアンドロイドのことで怒った時だって、いつもならもうちょっと自制は出来てたと思うし
秀隆
秀隆
凛さんのお話を元に考えるなら、
凛さんのお話を元に考えるなら、
……そのストーカーは二つの街を行き来できる人物
……そのストーカーは二つの街を行き来できる人物
凛
凛
多分、ね。だから、あたしはあんたに話してみようと思ったの
多分、ね。だから、あたしはあんたに話してみようと思ったの
秀隆
秀隆
悪戯電話や、直接的な被害は？
悪戯電話や、直接的な被害は？
凛
凛
なにも無い
なにも無い
秀隆
秀隆
怪しげな人を見た、ってこともないんですよね？
怪しげな人を見た、ってこともないんですよね？
凛
凛
うん
うん
秀隆
秀隆
それで、凛さんはどうしたいと考えているんですか？
それで、凛さんはどうしたいと考えているんですか？
秀隆
秀隆
大事を避けたいと仰ってましたが、
大事を避けたいと仰ってましたが、
それはつまりストーカーを表沙汰にしたくない、ってことですよね
それはつまりストーカーを表沙汰にしたくない、ってことですよね
秀隆
秀隆
警察に連絡したり、世間に知られるような行動は避けると
警察に連絡したり、世間に知られるような行動は避けると
凛
凛
そう言うこと。ただストーカーをやめてもらいたいだけなの
そう言うこと。ただストーカーをやめてもらいたいだけなの
秀隆
秀隆
そうですか
そうですか
それは、恐らく容易なことじゃない。
それは、恐らく容易なことじゃない。
仮にストーカーを見つけられても、
仮にストーカーを見つけられても、
これ以上悪さはやめてくださいと言って済むとは思えないからだ。
これ以上悪さはやめてくださいと言って済むとは思えないからだ。
もちろん、相手の正体次第では、
もちろん、相手の正体次第では、
手の打ちようもあるかもしれないが。
手の打ちようもあるかもしれないが。
凛
凛
こんなでも、手伝ってくれるの？
こんなでも、手伝ってくれるの？
凛さんは、試すような、窺っているような視線を向けてきた。
凛さんは、試すような、窺っているような視線を向けてきた。
秀隆
秀隆
もちろんです。これも、何かの縁だと思うんですよね
もちろんです。これも、何かの縁だと思うんですよね
凛
凛
縁ねぇ
縁ねぇ
再び、ちゅーっとストローからジュースを飲む。
再び、ちゅーっとストローからジュースを飲む。
秀隆
秀隆
協力させて下さい
協力させて下さい
凛
凛
…………
…………
秀隆
秀隆
自分では頼りになりませんか？
自分では頼りになりませんか？
凛
凛
そう言うことじゃなく、ってさ。見返りは？　いらないわけ
そう言うことじゃなく、ってさ。見返りは？　いらないわけ
秀隆
秀隆
見返りですか
見返りですか
凛
凛
この件が解決したら、ＣＭの承諾をしてくれ、
この件が解決したら、ＣＭの承諾をしてくれ、
とか言わないでいいのかってこと
とか言わないでいいのかってこと
秀隆
秀隆
いやぁ、それはもちろん嬉しいですけどね。
いやぁ、それはもちろん嬉しいですけどね。
検討さえしてもらえれば、それで十分です
検討さえしてもらえれば、それで十分です
凛
凛
じゃあ解決するしないに関わらず、あたしは契約しないわよ？
じゃあ解決するしないに関わらず、あたしは契約しないわよ？
秀隆
秀隆
そう言いきられると耳が痛いですが……
そう言いきられると耳が痛いですが……
秀隆
秀隆
何にせよ、この話を聞いて放置するつもりはないですし、
何にせよ、この話を聞いて放置するつもりはないですし、
これをダシに交渉を迫るつもりも毛頭ありません
これをダシに交渉を迫るつもりも毛頭ありません
ストーカーの行為がいつ、エスカレートするかわからない。
ストーカーの行為がいつ、エスカレートするかわからない。
そんなことは、絶対に許してはならないことだ。
そんなことは、絶対に許してはならないことだ。
それに―――オレは、自分で見た姉さんの幻覚が気になっていた。
それに―――オレは、自分で見た姉さんの幻覚が気になっていた。
交渉をまとめたいとか、凛さんを救いたいとかは、
交渉をまとめたいとか、凛さんを救いたいとかは、
ひょっとするとどうでもいいとさえ思っているのかも知れない。
ひょっとするとどうでもいいとさえ思っているのかも知れない。
何故、姉さんが凛さんを示したのか。
何故、姉さんが凛さんを示したのか。
それが気になっていた。
それが気になっていた。
秀隆
秀隆
信用できませんか？　見返りを求められないと
信用できませんか？　見返りを求められないと
凛
凛
ま、少しね
ま、少しね
凛
凛
だけど、あんたは悪いヤツじゃなさそう。信頼するわ
だけど、あんたは悪いヤツじゃなさそう。信頼するわ
秀隆
秀隆
ありがとうございます
ありがとうございます
凛
凛
じゃ、あたしが思いついてる作戦を話すわね
じゃ、あたしが思いついてる作戦を話すわね
秀隆
秀隆
思いついてる作戦、そんなのがあるんですか
思いついてる作戦、そんなのがあるんですか
凛
凛
ええ。名付けて
ええ。名付けて
ストーカーイライラあぶり出し作戦』よ！
ストーカーイライラあぶり出し作戦』よ！
秀隆
秀隆
……はい？
……はい？
凛
凛
ストーカーってのは、つまるとこあたしが好きなわけよね？
ストーカーってのは、つまるとこあたしが好きなわけよね？
秀隆
秀隆
そうですね、それは間違いないと思います
そうですね、それは間違いないと思います
凛
凛
ならそのストーカーが一番嫌がることって何だと思う？
ならそのストーカーが一番嫌がることって何だと思う？
秀隆
秀隆
嫌がること……
嫌がること……
オレがストーカーだったとしたら、どうだろうか。
オレがストーカーだったとしたら、どうだろうか。
大好きなアイドルにされて、嫌なこと。
大好きなアイドルにされて、嫌なこと。
秀隆
秀隆
色恋沙汰、とかですかね？
色恋沙汰、とかですかね？
アイドルたちに彼氏が居ると分かれば、ファンは落胆する。
アイドルたちに彼氏が居ると分かれば、ファンは落胆する。
ストーカーも当然、その心中穏やかなはずがない。
ストーカーも当然、その心中穏やかなはずがない。
凛
凛
その通り。つまり、あたしに恋人がいればいいわけよ
その通り。つまり、あたしに恋人がいればいいわけよ
秀隆
秀隆
はぁ
はぁ
凛
凛
だからあんたには、しばらく恋人のフリをしてもらうから
だからあんたには、しばらく恋人のフリをしてもらうから
秀隆
秀隆
えっ？
えっ？
彼氏？　誰が？　オレが？
彼氏？　誰が？　オレが？
秀隆
秀隆
……あの、聞き間違いかも知れないので、もう一度お願いしても？
……あの、聞き間違いかも知れないので、もう一度お願いしても？
凛
凛
だぁかぁらあ、あたしと恋人のフリをしてって言ってんの
だぁかぁらあ、あたしと恋人のフリをしてって言ってんの
秀隆
秀隆
…………
…………
凛
凛
理解できた？
理解できた？
秀隆
秀隆
なんでですのん！？
なんでですのん！？
凛
凛
ズバリ、名づけて『本当にストーカーがいるならいぶり出し作戦』よ
ズバリ、名づけて『本当にストーカーがいるならいぶり出し作戦』よ
秀隆
秀隆
作戦名変わってますけど……本気ですか
作戦名変わってますけど……本気ですか
凛
凛
見えない敵に狙われ続けるのって、落ち着かないじゃない？
見えない敵に狙われ続けるのって、落ち着かないじゃない？
だから手っ取り早く方をつけちゃいたいわけよ
だから手っ取り早く方をつけちゃいたいわけよ
秀隆
秀隆
いや、だとしても危険でしょ……
いや、だとしても危険でしょ……
凛
凛
だいじょぶだいじょぶ。ほんとにストーカーがいたとしても、
だいじょぶだいじょぶ。ほんとにストーカーがいたとしても、
真っ先に狙われるのは彼氏役になるあんただからさ
真っ先に狙われるのは彼氏役になるあんただからさ
ポンと肩に手を置かれ、ぐっと親指を立てられる。
ポンと肩に手を置かれ、ぐっと親指を立てられる。
秀隆
秀隆
お断りします！
お断りします！
凛
凛
ちょっと、特務官は街のヒーローじゃなかったの！？
ちょっと、特務官は街のヒーローじゃなかったの！？
秀隆
秀隆
凛さんはドリームタウン側の人間だから、無効ですね
凛さんはドリームタウン側の人間だから、無効ですね
凛
凛
さらっと逃げてんじゃないわよ。
さらっと逃げてんじゃないわよ。
助けるって言ったのは嘘だったわけ？
助けるって言ったのは嘘だったわけ？
秀隆
秀隆
いや、けして嘘ってわけじゃないですけど……
いや、けして嘘ってわけじゃないですけど……
凛
凛
どうせアイドルのファンなんて、
どうせアイドルのファンなんて、
メガネでオタクの太ったヤツでしょ？
メガネでオタクの太ったヤツでしょ？
グーパンで一発だって。ね？
グーパンで一発だって。ね？
秀隆
秀隆
さらっとファンを敵に回すような発言しないでくださいよ……
さらっとファンを敵に回すような発言しないでくださいよ……
凛
凛
あたしは割と本気よ？
あたしは割と本気よ？
秀隆
秀隆
どうですかね……オレは、賛成しかねます
どうですかね……オレは、賛成しかねます
なんでよ、とクビを傾げる凛さん。
なんでよ、とクビを傾げる凛さん。
秀隆
秀隆
ストーカーはいる、と言う前提で動いた方がいいし、
ストーカーはいる、と言う前提で動いた方がいいし、
いるとすれば、やはりその行動は危険でしかありません
いるとすれば、やはりその行動は危険でしかありません
秀隆
秀隆
ハイリスクローリターンってやつですね。
ハイリスクローリターンってやつですね。
オレを狙うと言いますが、
オレを狙うと言いますが、
凛さんが狙われる可能性も十分ありますし
凛さんが狙われる可能性も十分ありますし
凛
凛
じゃあどうするって言うのよ？　良い解決策が他にあるわけ？
じゃあどうするって言うのよ？　良い解決策が他にあるわけ？
秀隆
秀隆
もう少し時間を貰えれば
もう少し時間を貰えれば
凛
凛
もうすぐドラマの仕事が始まる。
もうすぐドラマの仕事が始まる。
こんな不安な気持ちを抱えたままじゃ、絶対に支障が出る
こんな不安な気持ちを抱えたままじゃ、絶対に支障が出る
凛
凛
あんただって、ＣＭ契約に賭けてるんでしょ？
あんただって、ＣＭ契約に賭けてるんでしょ？
２週間経てば、あたしは間違いなく飲料メーカーの依頼を受けるからね
２週間経てば、あたしは間違いなく飲料メーカーの依頼を受けるからね
秀隆
秀隆
…………
…………
凛
凛
それにあんたが手伝ってくれなきゃ、他の人に頼むだけ
それにあんたが手伝ってくれなきゃ、他の人に頼むだけ
凛
凛
ま、頼れる人間がいないから、正直どうなるかわかんないけど
ま、頼れる人間がいないから、正直どうなるかわかんないけど
凛
凛
例えひとりでも、あたしは引くつもりは無いから
例えひとりでも、あたしは引くつもりは無いから
秀隆
秀隆
……本気、ですね
……本気、ですね
凛
凛
ええ
ええ
オレを見つめる眼は真っ直ぐで、迷いがない。
オレを見つめる眼は真っ直ぐで、迷いがない。
ここで断れば、自分ひとりでも対処する覚悟がある、そう感じられた。
ここで断れば、自分ひとりでも対処する覚悟がある、そう感じられた。
秀隆
秀隆
…………
…………
秀隆
秀隆
分かりました、多少危険ですが、引き受けましょう
分かりました、多少危険ですが、引き受けましょう
凛
凛
そう言ってくれると思ってた
そう言ってくれると思ってた
秀隆
秀隆
そう言わせたんでしょ……
そう言わせたんでしょ……
ですが凛さん、過度な行動はやめましょう
ですが凛さん、過度な行動はやめましょう
凛
凛
あのさ、まずその、凛さんってのやめにしない？
あのさ、まずその、凛さんってのやめにしない？
秀隆
秀隆
え？
え？
凛
凛
凛でいいわよ。これから恋人役をするのにさん付けはないでしょ
凛でいいわよ。これから恋人役をするのにさん付けはないでしょ
秀隆
秀隆
はぁ……
はぁ……
凛
凛
あぁもう、あんたって頼りになるんだかならないんだか、わかんないわね
あぁもう、あんたって頼りになるんだかならないんだか、わかんないわね
秀隆
秀隆
自慢じゃないですが、自分では頼りにならないと思ってます
自慢じゃないですが、自分では頼りにならないと思ってます
凛
凛
それじゃダメでしょ……！
それじゃダメでしょ……！
秀隆
秀隆
わははは
わははは
凛
凛
激しく不安になってきたわ
激しく不安になってきたわ
頭を抱え込む。
頭を抱え込む。
凛
凛
……なんにせよ、決まりね
……なんにせよ、決まりね
秀隆
秀隆
それでですね、恋人を演じるのは分かりました。
それでですね、恋人を演じるのは分かりました。
ですが、オレの考えには従ってもらいますよ
ですが、オレの考えには従ってもらいますよ
凛
凛
考え？
考え？
秀隆
秀隆
歩きながら話します。そろそろ仕事の時間ですよね
歩きながら話します。そろそろ仕事の時間ですよね
オレは凛さんと歩きながら、作戦を練ることにした。
オレは凛さんと歩きながら、作戦を練ることにした。
ハッキリ言って凛さんの作戦は無茶だ。
ハッキリ言って凛さんの作戦は無茶だ。
万が一にも、大事を起こしてしまってはならない。
万が一にも、大事を起こしてしまってはならない。
秀隆
秀隆
仮にオレがストーカーであるなら、
仮にオレがストーカーであるなら、
凛さん……凛の行動は全て把握していると思います
凛さん……凛の行動は全て把握していると思います
凛
凛
うげ……最悪、それ
うげ……最悪、それ
秀隆
秀隆
もちろん、実際には限度があると思いますが。
もちろん、実際には限度があると思いますが。
それくらいの気持ちで行動した方が安全です。
それくらいの気持ちで行動した方が安全です。
用心しておくに越したことはない
用心しておくに越したことはない
凛
凛
ま……そうね
ま……そうね
秀隆
秀隆
なら、凛に恋人がいないことも把握しているはず。ですよね？
なら、凛に恋人がいないことも把握しているはず。ですよね？
凛
凛
もちろんよ。今はフリーだしね
もちろんよ。今はフリーだしね
秀隆
秀隆
そんな中、オレがいきなり恋人として登場するには、ちょっと
そんな中、オレがいきなり恋人として登場するには、ちょっと
無理がある
無理がある
秀隆
秀隆
だから、今はまだ恋人の関係にまでは至っていない。
だから、今はまだ恋人の関係にまでは至っていない。
あくまでも特務官とアイドルとして知り合ったままにしましょう
あくまでも特務官とアイドルとして知り合ったままにしましょう
凛
凛
本当の恋愛みたいに、ステップを踏むってこと？
本当の恋愛みたいに、ステップを踏むってこと？
秀隆
秀隆
そうです
そうです
凛
凛
そんな悠長に構えてる時間はないってば
そんな悠長に構えてる時間はないってば
秀隆
秀隆
例え１週間、いえ数日だとしても、
例え１週間、いえ数日だとしても、
段階を踏むことで見えてくることもあります。
段階を踏むことで見えてくることもあります。
今こうして歩いてるのも、そのステップの内ってことで
今こうして歩いてるのも、そのステップの内ってことで
凛
凛
……わかったわよ
……わかったわよ
秀隆
秀隆
ありがとうございます
ありがとうございます
秀隆
秀隆
とにかく、ストーカーがどこまで把握しているのかがポイントですね
とにかく、ストーカーがどこまで把握しているのかがポイントですね
凛
凛
把握って？
把握って？
秀隆
秀隆
ひょっとすると、今オレと一緒に歩いていることすら、
ひょっとすると、今オレと一緒に歩いていることすら、
知られているかも知れないってことです
知られているかも知れないってことです
凛
凛
ストーカーが、あたしの後を追ってる、ってこと？
ストーカーが、あたしの後を追ってる、ってこと？
振り返ろうとした凛を制止する。
振り返ろうとした凛を制止する。
秀隆
秀隆
さっきも言ったように、
さっきも言ったように、
それくらいに考えておいた方がいいってことですね
それくらいに考えておいた方がいいってことですね
秀隆
秀隆
あと、過剰な反応は見せずいつも通りに。
あと、過剰な反応は見せずいつも通りに。
凛がいつもと違うと感じれば、ストーカーも警戒するはずです
凛がいつもと違うと感じれば、ストーカーも警戒するはずです
凛
凛
……わかった。従うわ
……わかった。従うわ
秀隆
秀隆
感謝します
感謝します
凛
凛
あたしからも１つ。その敬語もやめたほうがいいんじゃない？
あたしからも１つ。その敬語もやめたほうがいいんじゃない？
呼び捨てにしてるのに効果半減って感じ
呼び捨てにしてるのに効果半減って感じ
秀隆
秀隆
……だな
……だな
この段階から多少親しげにする方が、凛を狙ってる男っぽい。
この段階から多少親しげにする方が、凛を狙ってる男っぽい。
秀隆
秀隆
今の仕事が終わるまでの時間は？
今の仕事が終わるまでの時間は？
凛
凛
あと１時間くらいはあるかな
あと１時間くらいはあるかな
オレと凛が親しくなり始めていることを印象付ける。
オレと凛が親しくなり始めていることを印象付ける。
ストーカーが見ていなくとも、
ストーカーが見ていなくとも、
周囲が気付くことで自然と情報は拡散していく。
周囲が気付くことで自然と情報は拡散していく。
だが、これでは別の問題が浮き彫りになってしまう。
だが、これでは別の問題が浮き彫りになってしまう。
秀隆
秀隆
オレとの噂が広まれば、芸能活動に支障が生じるよな
オレとの噂が広まれば、芸能活動に支障が生じるよな
凛
凛
それは絶対避けられないわね……少しは覚悟してるけど
それは絶対避けられないわね……少しは覚悟してるけど
秀隆
秀隆
いや、ダメだ
いや、ダメだ
凛
凛
え？
え？
秀隆
秀隆
オレたちの関係が例え嘘でも、
オレたちの関係が例え嘘でも、
恋人がいると周囲に知られるのには問題がある
恋人がいると周囲に知られるのには問題がある
アイドルにとっては、彼氏問題は当然致命的なものになる。
アイドルにとっては、彼氏問題は当然致命的なものになる。
凛としては、芝居だし事実関係はないからと思っているだろうが、
凛としては、芝居だし事実関係はないからと思っているだろうが、
そう言う噂が立つこと自体、本当なら避けたいところだ。
そう言う噂が立つこと自体、本当なら避けたいところだ。
凛
凛
それって無理な話じゃない？　理想はそうだけどさ
それって無理な話じゃない？　理想はそうだけどさ
秀隆
秀隆
もちろん完璧にってわけにはいかない。
もちろん完璧にってわけにはいかない。
でも、少しでも対策を打っておくに、越したことはないな
でも、少しでも対策を打っておくに、越したことはないな
凛
凛
…………
…………
オレは特務官邸に戻るなり、磯部くんのもとへと向かった。
オレは特務官邸に戻るなり、磯部くんのもとへと向かった。
秀隆
秀隆
磯部くん
磯部くん
磯部
磯部
あ？
あ？
けだるそうにこちらを振り返る。
けだるそうにこちらを振り返る。
秀隆
秀隆
実は、ＣＭプロジェクトの件でお願いがありまして
実は、ＣＭプロジェクトの件でお願いがありまして
磯部
磯部
諦めたんじゃなかっ
諦めたんじゃなかっ
秀隆
秀隆
彼女の過去のスケジュールを確認し、
彼女の過去のスケジュールを確認し、
頻繁に会っている芸能人をリスト化してもらいたいんです
頻繁に会っている芸能人をリスト化してもらいたいんです
磯部くんの言葉をさえぎる様に、オレは言葉を続けた。
磯部くんの言葉をさえぎる様に、オレは言葉を続けた。
秀隆
秀隆
それも、出来る限り詳しく
それも、出来る限り詳しく
磯部
磯部
なんだそりゃ……もうＣＭは諦めた方が賢明だろ……
なんだそりゃ……もうＣＭは諦めた方が賢明だろ……
秀隆
秀隆
実は
実は
磯部
磯部
ストーカー……か
ストーカー……か
秀隆
秀隆
はい。無事に解決することが出来れば、
はい。無事に解決することが出来れば、
彼女は契約を前向きに考えると約束してくれました
彼女は契約を前向きに考えると約束してくれました
やや誇張表現だったが、
やや誇張表現だったが、
これくらいなら言っておいても大丈夫だろう。
これくらいなら言っておいても大丈夫だろう。
磯部
磯部
契約に関しては分かった。でもな、コレは特務官の仕事じゃない
契約に関しては分かった。でもな、コレは特務官の仕事じゃない
磯部
磯部
そもそも、芸能人のリストを調べろってのは、どう言うことだ
そもそも、芸能人のリストを調べろってのは、どう言うことだ
秀隆
秀隆
犯人は芸能界に通じる人間の可能性が高いってことです
犯人は芸能界に通じる人間の可能性が高いってことです
磯部
磯部
芸能人だろうがなんだろうが、
芸能人だろうがなんだろうが、
相手は犯罪者だぞ。警察に任せるべき内容だ
相手は犯罪者だぞ。警察に任せるべき内容だ
秀隆
秀隆
ならどうしますか。彼女は警察への連絡は望んでいません
ならどうしますか。彼女は警察への連絡は望んでいません
秀隆
秀隆
自分たちが動かなければ、彼女は１人で戦うことになります
自分たちが動かなければ、彼女は１人で戦うことになります
磯部
磯部
それは……無理やりにでも通報してだな
それは……無理やりにでも通報してだな
秀隆
秀隆
それでもし、彼女が芸能界で困ることになっても、ですか？
それでもし、彼女が芸能界で困ることになっても、ですか？
磯部
磯部
…………
…………
秀隆
秀隆
今はまだ、ストーカーの件も１００％じゃありません。
今はまだ、ストーカーの件も１００％じゃありません。
物的証拠もないままでは、警察も動くことは出来ないでしょう。
物的証拠もないままでは、警察も動くことは出来ないでしょう。
つまり根本的解決には何も繋がらないと言うことになります
つまり根本的解決には何も繋がらないと言うことになります
秀隆
秀隆
逆に、ストーカーを怒らせて危険な目に遭うことも考えられます
逆に、ストーカーを怒らせて危険な目に遭うことも考えられます
秀隆
秀隆
そして当然、信用を裏切った代償にＣＭの件は白紙。
そして当然、信用を裏切った代償にＣＭの件は白紙。
それだけで済めばいい方です、もし悪い噂が広まれば、
それだけで済めばいい方です、もし悪い噂が広まれば、
特務官の芸能関係に関する仕事にも支障をきたすでしょう
特務官の芸能関係に関する仕事にも支障をきたすでしょう
秀隆
秀隆
確かにリスクはあります。
確かにリスクはあります。
警察に連絡をする方が正しいとも思います
警察に連絡をする方が正しいとも思います
秀隆
秀隆
ですが、正しいことをすることが、正しい答えになるとは限らない
ですが、正しいことをすることが、正しい答えになるとは限らない
秀隆
秀隆
特務官だからこそ、彼女を助けられるかもしれない。オレはそう考えます
特務官だからこそ、彼女を助けられるかもしれない。オレはそう考えます
磯部
磯部
……ち。ペラペラと調子の良いことが出てくるもんだ
……ち。ペラペラと調子の良いことが出てくるもんだ
磯部くんは立ち上がると、会議室の出口へ向かう。
磯部くんは立ち上がると、会議室の出口へ向かう。
秀隆
秀隆
磯部く
磯部く
磯部
磯部
調べればいいんだろ。調べれば
調べればいいんだろ。調べれば
秀隆
秀隆
ありがとうございます
ありがとうございます
オレの満面の笑みを見て、
オレの満面の笑みを見て、
何故か磯部くんは吐くような素振りを見せた。
何故か磯部くんは吐くような素振りを見せた。
秀隆
秀隆
それからもうひとつお願いがあります
それからもうひとつお願いがあります
磯部
磯部
……なんだよ
……なんだよ
秀隆
秀隆
このことは、佐々野さんにはいわないようにしてください
このことは、佐々野さんにはいわないようにしてください
磯部
磯部
何言ってんだおまえ。出来るわけないだろそんなこと
何言ってんだおまえ。出来るわけないだろそんなこと
秀隆
秀隆
彼女がストーカーの件を知れば、黙っていません。
彼女がストーカーの件を知れば、黙っていません。
オレがリーダーだとしても、絶対に止めるでしょう
オレがリーダーだとしても、絶対に止めるでしょう
磯部
磯部
そりゃそうだろうな。だが、黙るなんて出来るわけがない
そりゃそうだろうな。だが、黙るなんて出来るわけがない
磯部
磯部
おまえはリーダーかもしれないが、
おまえはリーダーかもしれないが、
俺もまどかも、チームの一員だ。仲間はずれには出来ない
俺もまどかも、チームの一員だ。仲間はずれには出来ない
秀隆
秀隆
必要なことです。今は内部で揉める時じゃない
必要なことです。今は内部で揉める時じゃない
秀隆
秀隆
それに彼女には、彼女にしか出来ないことで協力してもらいます
それに彼女には、彼女にしか出来ないことで協力してもらいます
秀隆
秀隆
当然チームの一員として
当然チームの一員として
磯部
磯部
なら、もしもの時は辞める覚悟があるってことだな？
なら、もしもの時は辞める覚悟があるってことだな？
秀隆
秀隆
はい。全ての責任は自分が負います
はい。全ての責任は自分が負います
オレの覚悟が本物だと分かったのか、磯部くんは鼻を鳴らした。
オレの覚悟が本物だと分かったのか、磯部くんは鼻を鳴らした。
磯部
磯部
ならいいぜ。さっさとしくじってやめてもらうだけだ
ならいいぜ。さっさとしくじってやめてもらうだけだ
se5時のチャイムS
se5時のチャイムS
定時がやって来る。
定時がやって来る。
すぐに席を立つと、オレは仕事場を後にした。
すぐに席を立つと、オレは仕事場を後にした。
凛に貰っているスケジュール表から時刻を確認し、
凛に貰っているスケジュール表から時刻を確認し、
オレはテレビ局を訪れていた。
オレはテレビ局を訪れていた。
大切なのは、周囲に異常な関係だと思わせること。
大切なのは、周囲に異常な関係だと思わせること。
ただの特務官が、一人やたら凛に接触を図っている。
ただの特務官が、一人やたら凛に接触を図っている。
仕事が終わる時間を待ち、一緒に帰ろうとする。
仕事が終わる時間を待ち、一緒に帰ろうとする。
それは、傍目にはオレが凛を狙っていると映っても不思議ではない。
それは、傍目にはオレが凛を狙っていると映っても不思議ではない。
凛のことに敏感なストーカーなら、尚のこと。
凛のことに敏感なストーカーなら、尚のこと。
このスタジオの中にストーカーが居る可能性だってあるのだ。
このスタジオの中にストーカーが居る可能性だってあるのだ。
秀隆
秀隆
よう凛！
よう凛！
ちょっと大げさに、
ちょっと大げさに、
オレは仕事が終わったばかりの凛へと声をかけた。
オレは仕事が終わったばかりの凛へと声をかけた。
凛
凛
なんだあんた、また来たの？　結構しつこいわね
なんだあんた、また来たの？　結構しつこいわね
秀隆
秀隆
ＣＭの契約が諦めきれなくてな。それより、これから帰りか？
ＣＭの契約が諦めきれなくてな。それより、これから帰りか？
凛
凛
そうだけど……
そうだけど……
秀隆
秀隆
特に予定がないなら、途中まで送っていく
特に予定がないなら、途中まで送っていく
凛
凛
別にいいわよ
別にいいわよ
そう言い、凛はオレの横を素通りしようとした。
そう言い、凛はオレの横を素通りしようとした。
秀隆
秀隆
そう言うなって。な？
そう言うなって。な？
それを阻止するように、オレは周りこむ。
それを阻止するように、オレは周りこむ。
秀隆
秀隆
いいだろ？　別に何かするってわけでもないんだから
いいだろ？　別に何かするってわけでもないんだから
そして、優しくお願いを繰り返した。
そして、優しくお願いを繰り返した。
凛
凛
……はぁ、仕方ないわね
……はぁ、仕方ないわね
凛は嫌々ながらも承諾する素振りを見せる。
凛は嫌々ながらも承諾する素振りを見せる。
凛
凛
ステーションまでよ
ステーションまでよ
秀隆
秀隆
もちろん
もちろん
当然これも計画の通りだ。
当然これも計画の通りだ。
最初から凛の好感度が不自然に高いのもおかしい。
最初から凛の好感度が不自然に高いのもおかしい。
今まで凛が、色恋沙汰に事欠かない人物ならまだしも、
今まで凛が、色恋沙汰に事欠かない人物ならまだしも、
これまで一度もそういったスキャンダルを掴まれたことはない。
これまで一度もそういったスキャンダルを掴まれたことはない。
常にガードは固い、と言うイメージを崩してはならない。
常にガードは固い、と言うイメージを崩してはならない。
そして不自然には行動しない。
そして不自然には行動しない。
ストーカーがいるかもしれないと、
ストーカーがいるかもしれないと、
キョロキョロ辺りを見渡すのはリスクが高い。
キョロキョロ辺りを見渡すのはリスクが高い。
だがもしも芸能関係者にストーカーがいれば、
だがもしも芸能関係者にストーカーがいれば、
オレの存在はさぞ凶悪な害虫に映っていることだろう。
オレの存在はさぞ凶悪な害虫に映っていることだろう。
スタジオを出ようとしていると、
スタジオを出ようとしていると、
メガネをかけた、霧月という脚本家が近づいてきた。
メガネをかけた、霧月という脚本家が近づいてきた。
霧月
霧月
あ、あの、凛さん
あ、あの、凛さん
凛
凛
はい？
はい？
一瞬で無愛想な顔から、作り物の笑みへと変わる。
一瞬で無愛想な顔から、作り物の笑みへと変わる。
さすが売れっ子アイドル。
さすが売れっ子アイドル。
霧月
霧月
つ、次の脚本です
つ、次の脚本です
凛
凛
いつもありがとうっ
いつもありがとうっ
霧月
霧月
いえっ……
いえっ……
霧月さんはにやっと笑い、台本を手渡す。
霧月さんはにやっと笑い、台本を手渡す。
その際、ごくごく自然に凛の手にちょっとだけ触れた。
その際、ごくごく自然に凛の手にちょっとだけ触れた。
霧月
霧月
こ、今度僕の考えた
こ、今度僕の考えた
ショートストーリーが掲載されることになりまして
ショートストーリーが掲載されることになりまして
凛
凛
へーそうなんだ！　凄いじゃないですか！　おめでとうございます！
へーそうなんだ！　凄いじゃないですか！　おめでとうございます！
霧月
霧月
あ、ありがとうございますっ。伝奇ストーリーなんですけど……
あ、ありがとうございますっ。伝奇ストーリーなんですけど……
霧月さんはもじもじしながら、凛の目を見つめ……たが、
霧月さんはもじもじしながら、凛の目を見つめ……たが、
恥ずかしくなったのかまたすぐ下を向いてしまった。
恥ずかしくなったのかまたすぐ下を向いてしまった。
霧月
霧月
凛さんにナレーションをしていただきたいな、と……
凛さんにナレーションをしていただきたいな、と……
凛
凛
ほんとですかぁ！？　出来たら凄く嬉しいです！
ほんとですかぁ！？　出来たら凄く嬉しいです！
霧月
霧月
は、はは！　か、監督にも話してみます！
は、はは！　か、監督にも話してみます！
そ、それじゃあ、僕はこれで……！
そ、それじゃあ、僕はこれで……！
そしてチラッとオレを見た後、立ち去って行った。
そしてチラッとオレを見た後、立ち去って行った。
凛
凛
キモッ
キモッ
秀隆
秀隆
いなくなるなり、容赦ないな！
いなくなるなり、容赦ないな！
凛
凛
だってねえ？
だってねえ？
seパンパンと、霧月さんが触れた箇所を払う。
seパンパンと、霧月さんが触れた箇所を払う。
パンパンと、霧月さんが触れた箇所を払う。
パンパンと、霧月さんが触れた箇所を払う。
凛
凛
気付かれないとでも思ってんのかしら
気付かれないとでも思ってんのかしら
どうやら、意図的に触ったものだったらしい。
どうやら、意図的に触ったものだったらしい。
凛
凛
まだマシだけどね。アイドルの握手会なんか、
まだマシだけどね。アイドルの握手会なんか、
手に精液つけてくるヤツとかいるし
手に精液つけてくるヤツとかいるし
秀隆
秀隆
うげ……それでよくやってられるよな
うげ……それでよくやってられるよな
凛
凛
向こうはあたしが何にも知らない乙女と思ってるわけよ。
向こうはあたしが何にも知らない乙女と思ってるわけよ。
でも、精子がどんなもんかくらい、皆分かってるっての
でも、精子がどんなもんかくらい、皆分かってるっての
凛
凛
もう臭いのなんの。まあ、それも仕事なんだけどさ
もう臭いのなんの。まあ、それも仕事なんだけどさ
凛
凛
合コンするにしても、恋愛するにしても、
合コンするにしても、恋愛するにしても、
ファンのためには悟られるわけには絶対いかないのよね
ファンのためには悟られるわけには絶対いかないのよね
アイドルって、思ったよりもずっと過酷な仕事なのかも。
アイドルって、思ったよりもずっと過酷な仕事なのかも。
秀隆
秀隆
しかし、とんでもない演技力だな
しかし、とんでもない演技力だな
凛
凛
なにが？
なにが？
秀隆
秀隆
打ち合わせ通りだってのに、
打ち合わせ通りだってのに、
オレが誘いに来た時の嫌がる素振りだよ
オレが誘いに来た時の嫌がる素振りだよ
凛
凛
半分素だし
半分素だし
秀隆
秀隆
……それって……
……それって……
凛
凛
あんまり真面目に考えない方がいいわよ？　落ち込むから
あんまり真面目に考えない方がいいわよ？　落ち込むから
くすりと笑う凛。
くすりと笑う凛。
秀隆
秀隆
そうした方が良さそうだな……
そうした方が良さそうだな……
凛
凛
それで、どこまで送ってってくれるわけ？
それで、どこまで送ってってくれるわけ？
秀隆
秀隆
凛の言ったようにステーションの入り口が限界だな。
凛の言ったようにステーションの入り口が限界だな。
オレにはドリームタウンに行く権限がない
オレにはドリームタウンに行く権限がない
凛
凛
そっか、そうよね
そっか、そうよね
秀隆
秀隆
とりあえず、この送り迎えを何度か繰り返そう
とりあえず、この送り迎えを何度か繰り返そう
凛
凛
それはいいけど……ストーカーは動いてくるかしら？
それはいいけど……ストーカーは動いてくるかしら？
秀隆
秀隆
まだ様子見、だろうな。でも何かあったらすぐ連絡しろよ
まだ様子見、だろうな。でも何かあったらすぐ連絡しろよ
凛
凛
分かってる。けど、頼りになるのかどうか……
分かってる。けど、頼りになるのかどうか……
自分で頼りにならないとか言ってたし
自分で頼りにならないとか言ってたし
秀隆
秀隆
オレってそんなに頼りなさそうかな？
オレってそんなに頼りなさそうかな？
凛
凛
負のオーラが出てることは間違いないわね
負のオーラが出てることは間違いないわね
そんなオーラが出ているなんて、知らなかったぞ……。
そんなオーラが出ているなんて、知らなかったぞ……。
凛
凛
まぁ変にプライドが高い特務官よりはいいかな
まぁ変にプライドが高い特務官よりはいいかな
凛
凛
あたしとしても接しやすいし？
あたしとしても接しやすいし？
うーん、ちょっと複雑だが、まだマシな扱いってことだろうか。
うーん、ちょっと複雑だが、まだマシな扱いってことだろうか。
秀隆
秀隆
それから、これを
それから、これを
オレは用意しておいたものを差し出した。
オレは用意しておいたものを差し出した。
凛
凛
なにこれ
なにこれ
秀隆
秀隆
開けてもらえればわかる
開けてもらえればわかる
凛は、小さな箱を開ける。
凛は、小さな箱を開ける。
凛
凛
サングラス……それも結構いいブランドじゃない。センスも悪くない
サングラス……それも結構いいブランドじゃない。センスも悪くない
秀隆
秀隆
オレと外で行動する時はそれをかけてくれ
オレと外で行動する時はそれをかけてくれ
凛
凛
でも、これかけたらストーカーが気付かないんじゃ？
でも、これかけたらストーカーが気付かないんじゃ？
秀隆
秀隆
大丈夫だ。犯人は君の事を誰よりも見ている。
大丈夫だ。犯人は君の事を誰よりも見ている。
サングラスをかけただけで分からなくなるってのは考えにくい
サングラスをかけただけで分からなくなるってのは考えにくい
凛
凛
嬉しい話じゃないわね……
嬉しい話じゃないわね……
秀隆
秀隆
ともかく、オレたちが接することで動きがあるようなら、
ともかく、オレたちが接することで動きがあるようなら、
そいつはホープタウンに行き来出来る人物ってことになる
そいつはホープタウンに行き来出来る人物ってことになる
凛
凛
動きがなければ、ドリームタウンの人間ってことね
動きがなければ、ドリームタウンの人間ってことね
秀隆
秀隆
そう言うことだ。ともかく要所ではサングラスをかけてくれ
そう言うことだ。ともかく要所ではサングラスをかけてくれ
秀隆
秀隆
一般人にオレとの噂を立てられるのはよくないしな
一般人にオレとの噂を立てられるのはよくないしな
凛
凛
……わかったわ
……わかったわ
そう言い、凛はサングラスをかけた。
そう言い、凛はサングラスをかけた。
凛
凛
似合ってる？
似合ってる？
秀隆
秀隆
ああ。ばっちりだ
ああ。ばっちりだ
ステーション入り口までやって来た。
ステーション入り口までやって来た。
凛
凛
それじゃ、また後日
それじゃ、また後日
秀隆
秀隆
ああ。気をつけてな
ああ。気をつけてな
凛
凛
あんたこそ、ストーカーに刺されたりしないようにね
あんたこそ、ストーカーに刺されたりしないようにね
秀隆
秀隆
お、おう……
お、おう……
ひらっと手を振った凛に答え、オレはステーションを後にした。
ひらっと手を振った凛に答え、オレはステーションを後にした。
凛と別れた後、丁度消灯時刻を過ぎ、あたりは暗くなった。
凛と別れた後、丁度消灯時刻を過ぎ、あたりは暗くなった。
se着信（バイブ
se着信（バイブ
ポケットの中の携帯が震える。
ポケットの中の携帯が震える。
秀隆
秀隆
裕輔か
裕輔か
先日、酒を飲みに行く話をしていたのを思い出した。
先日、酒を飲みに行く話をしていたのを思い出した。
秀隆
秀隆
このまま向かうとするか
このまま向かうとするか
オレたちは２人、並んで酒を飲み交わしていた。
オレたちは２人、並んで酒を飲み交わしていた。
秀隆
秀隆
仕事の方は？　順調か？
仕事の方は？　順調か？
裕輔
裕輔
今まで通りそれなりにやっている。
今まで通りそれなりにやっている。
正直、父親とは固執を生む覚悟もしていた
正直、父親とは固執を生む覚悟もしていた
裕輔
裕輔
だが不思議なことに、今まで以上に父親と距離が詰まった気がする。元々酒が入らなければ、良い父親だったからかも知れないが
だが不思議なことに、今まで以上に父親と距離が詰まった気がする。元々酒が入らなければ、良い父親だったからかも知れないが
秀隆
秀隆
そうか……
そうか……
本当に良かった、裕輔にも愛佳にも幸せになってもらいたい。
本当に良かった、裕輔にも愛佳にも幸せになってもらいたい。
そうすれば、オレがしたことはけして
そうすれば、オレがしたことはけして
無意味ではなかったと言うことなのだから。
無意味ではなかったと言うことなのだから。
裕輔
裕輔
今はもう新しい仕事に取り掛かってるのか？
今はもう新しい仕事に取り掛かってるのか？
秀隆
秀隆
ああ。初めてプロジェクトの責任者にされたよ
ああ。初めてプロジェクトの責任者にされたよ
裕輔
裕輔
頑張っているようだな
頑張っているようだな
秀隆
秀隆
どうかな……それはこれからってところさ
どうかな……それはこれからってところさ
seグラスで氷が鳴る1
seグラスで氷が鳴る1
グラスを手に取り、酒を飲む。
グラスを手に取り、酒を飲む。
それに合わせるようにして、裕輔も酒を飲んだ。
それに合わせるようにして、裕輔も酒を飲んだ。
秀隆
秀隆
なあ、左手を怪我したのか？
なあ、左手を怪我したのか？
裕輔
裕輔
……どうしてそう思う？
……どうしてそう思う？
秀隆
秀隆
少しだけ腕の動きが変だからな
少しだけ腕の動きが変だからな
裕輔
裕輔
よく気がついたな。
よく気がついたな。
俺はいつものようにしてるつもりだったんだが
俺はいつものようにしてるつもりだったんだが
そう言い、左腕をまくる。
そう言い、左腕をまくる。
裕輔
裕輔
仕事中に打撲してな。大したものじゃない
仕事中に打撲してな。大したものじゃない
秀隆
秀隆
プラントの仕事ってのは、
プラントの仕事ってのは、
思ったよりずっと、危ない仕事なんだな
思ったよりずっと、危ない仕事なんだな
裕輔
裕輔
殆ど機械任せとは言っても、
殆ど機械任せとは言っても、
要所要所は人の手がいる。仕方が無い
要所要所は人の手がいる。仕方が無い
秀隆
秀隆
今の仕事で、満足出来てるか？
今の仕事で、満足出来てるか？
裕輔
裕輔
満足……と言われれば、即答は難しい。
満足……と言われれば、即答は難しい。
だが、不満があるかと言われれば、特別なにも出てこない
だが、不満があるかと言われれば、特別なにも出てこない
裕輔
裕輔
……正直、妙な気分だ
……正直、妙な気分だ
秀隆
秀隆
ん？
ん？
裕輔
裕輔
俺は今まで、こうして誰かと酒を酌み交わしたことはなかった
俺は今まで、こうして誰かと酒を酌み交わしたことはなかった
裕輔
裕輔
１人で居ることが、当たり前だったんだがな
１人で居ることが、当たり前だったんだがな
裕輔
裕輔
友と過ごす時間と言うのも、悪くは無い
友と過ごす時間と言うのも、悪くは無い
秀隆
秀隆
そう言ってもらえると、オレとしても嬉しいね
そう言ってもらえると、オレとしても嬉しいね
秀隆
秀隆
オレも、こうやって友達と飲む機会は殆どないからなぁ
オレも、こうやって友達と飲む機会は殆どないからなぁ
裕輔
裕輔
そうなのか。交友関係は広そうに見えるが
そうなのか。交友関係は広そうに見えるが
秀隆
秀隆
いや、そうでもないんだな、これが
いや、そうでもないんだな、これが
そう、本当にそうだ。
そう、本当にそうだ。
オレは１度５年前に全てを失った。
オレは１度５年前に全てを失った。
自分から捨てた。
自分から捨てた。
だから友達と呼べる存在なんて、殆ど居ないんだ。
だから友達と呼べる存在なんて、殆ど居ないんだ。
裕輔
裕輔
変なことを聞いてしまったか
変なことを聞いてしまったか
秀隆
秀隆
あぁいや、大丈夫だ
あぁいや、大丈夫だ
オレの表情を読み取って、何かを感じたのだろう。
オレの表情を読み取って、何かを感じたのだろう。
心配させまいと笑顔を作った。
心配させまいと笑顔を作った。
…………。
…………。
……。
……。
