アクセラ
アクセラ
秀隆様……
秀隆様……
あーん
あーん
秀隆
秀隆
あーん……ぱくっ
あーん……ぱくっ
朝、オレはアクセラに朝食を食べさせてもらっていた。
朝、オレはアクセラに朝食を食べさせてもらっていた。
秀隆
秀隆
うん、美味いっ。相変わらずおまえの料理は最高だな
うん、美味いっ。相変わらずおまえの料理は最高だな
ナデナデ。
ナデナデ。
肩を撫でながら、オレは満面の笑みで褒めた。
肩を撫でながら、オレは満面の笑みで褒めた。
アクセラ
アクセラ
ありがとうございます。秀隆様にお褒め頂き、光栄です
ありがとうございます。秀隆様にお褒め頂き、光栄です
アクセラ
アクセラ
さ、もう一口。
さ、もう一口。
あーん
あーん
秀隆
秀隆
あーん
あーん
もぐもぐ。
もぐもぐ。
いやぁ、実に幸せだ。
いやぁ、実に幸せだ。
秀隆
秀隆
あれ？　秋は……？
あれ？　秋は……？
キズナ
キズナ
深いため息をついて、部屋に戻っていきましたよ
深いため息をついて、部屋に戻っていきましたよ
秀隆
秀隆
どうしたんだあいつ。飯も半分くらい残して
どうしたんだあいつ。飯も半分くらい残して
キズナ
キズナ
きっと、目の前の熱々ぶりにお腹が一杯になったんだと思います
きっと、目の前の熱々ぶりにお腹が一杯になったんだと思います
キズナ
キズナ
死ねばいいのに』、と羨ましそうに言っていましたっ
死ねばいいのに』、と羨ましそうに言っていましたっ
秀隆
秀隆
う、うん。それはきっと、
う、うん。それはきっと、
羨ましくて言ったんじゃないと思うなっ☆
羨ましくて言ったんじゃないと思うなっ☆
アクセラ
アクセラ
何か、秋様の気に障るようなことを、してしまいましたでしょうか？
何か、秋様の気に障るようなことを、してしまいましたでしょうか？
キズナ
キズナ
恋は盲目といいますが、まさにその通りですねっ
恋は盲目といいますが、まさにその通りですねっ
アクセラ
アクセラ
何か改善したほうが良いことがありましたら、お教え願えませんか？
何か改善したほうが良いことがありましたら、お教え願えませんか？
キズナ
キズナ
改善といいますか……
改善といいますか……
キズナがオレたちを見る。
キズナがオレたちを見る。
アクセラはぴったりとオレに寄り添い、
アクセラはぴったりとオレに寄り添い、
そしてオレもまた、アクセラを抱き寄せている状態だ。
そしてオレもまた、アクセラを抱き寄せている状態だ。
キズナ
キズナ
まぁ、それはそれでいいと私は思いますよっ
まぁ、それはそれでいいと私は思いますよっ
まどか
まどか
最低ね……
最低ね……
秀隆
秀隆
どうした？
どうした？
仕事中、まどかが不機嫌そうに言った。
仕事中、まどかが不機嫌そうに言った。
まどか
まどか
これを見て。今年の違法アンドロイドの記事なんだけど
これを見て。今年の違法アンドロイドの記事なんだけど
端末に表示された文。
端末に表示された文。
まどか
まどか
逮捕された男性のコメント、酷くない？
逮捕された男性のコメント、酷くない？
秀隆
秀隆
えーっと……？
えーっと……？
まどか
まどか
僕はアンドロイドを一人の人間として愛している、
僕はアンドロイドを一人の人間として愛している、
だから性行為を必要としているし、そのために改造したことを
だから性行為を必要としているし、そのために改造したことを
悪いとは思っていない
悪いとは思っていない
まどか
まどか
道具に対して愛情を抱くなんて、病気ね
道具に対して愛情を抱くなんて、病気ね
秀隆
秀隆
は、はは……
は、はは……
まどか
まどか
どうしたの？
どうしたの？
秀隆
秀隆
い、いえ。実にその通りだと思いまして
い、いえ。実にその通りだと思いまして
まどか
まどか
そうよね。アンドロイドに対して欲情するなんて頭おかしいのよ
そうよね。アンドロイドに対して欲情するなんて頭おかしいのよ
秀隆
秀隆
で……でもですね。そこまで言わなくてもいいんじゃないですか？
で……でもですね。そこまで言わなくてもいいんじゃないですか？
まどか
まどか
犯罪者を庇うってこと？
犯罪者を庇うってこと？
秀隆
秀隆
庇うと言うか、その、同情の余地くらいはあるんじゃないかなーと
庇うと言うか、その、同情の余地くらいはあるんじゃないかなーと
まどか
まどか
なんだか彼らの気持ちが分かるみたいな言い方ね
なんだか彼らの気持ちが分かるみたいな言い方ね
秀隆
秀隆
けしてそういうわけでは……
けしてそういうわけでは……
アクセラとあんなことやこんなことをしたり、
アクセラとあんなことやこんなことをしたり、
互いに愛を語り合っているなどとは、どんなことがあっても言えないぞ。
互いに愛を語り合っているなどとは、どんなことがあっても言えないぞ。
まどか
まどか
やっぱり、もっと積極的に摘発を行ってもらうべきよね
やっぱり、もっと積極的に摘発を行ってもらうべきよね
秀隆
秀隆
か、かもしれないな
か、かもしれないな
秀隆
秀隆
じゃあ、オレはこれで……
じゃあ、オレはこれで……
ススっと席に戻った。
ススっと席に戻った。
仕事も終わろうかと言う頃、オレはアクセラに一通のメールを送った。
仕事も終わろうかと言う頃、オレはアクセラに一通のメールを送った。
今日、６時に公園で待ち合わせ。
今日、６時に公園で待ち合わせ。
シンプルな内容だ。
シンプルな内容だ。
まどか
まどか
お疲れさま島津くん
お疲れさま島津くん
秀隆
秀隆
お、おおうっ？
お、おおうっ？
まどか
まどか
ごめん。今メールが見えちゃって。誰かと待ち合わせなの？
ごめん。今メールが見えちゃって。誰かと待ち合わせなの？
秀隆
秀隆
あ、えっと。その。ほら、キズナと
あ、えっと。その。ほら、キズナと
秀隆
秀隆
あいつ外で遊ぶのが好きだから、少しくらい付き合ってやろうと思ってさ
あいつ外で遊ぶのが好きだから、少しくらい付き合ってやろうと思ってさ
まどか
まどか
ちゃんと面倒見てて偉いわね
ちゃんと面倒見てて偉いわね
秀隆
秀隆
それほどでも……
それほどでも……
まどか
まどか
私も会ってみようかしら？
私も会ってみようかしら？
秀隆
秀隆
いや、それはやめておいた方がいい。
いや、それはやめておいた方がいい。
不用意に接触して、万が一のことがあったらまずいからな
不用意に接触して、万が一のことがあったらまずいからな
まどか
まどか
それもそうね……。じゃあ、私は帰るわね
それもそうね……。じゃあ、私は帰るわね
秀隆
秀隆
おつかれー
おつかれー
まどか
まどか
おつかれさま
おつかれさま
……危ない危ない。
……危ない危ない。
危うく、オレもまどかに変態扱いをされるところだった。
危うく、オレもまどかに変態扱いをされるところだった。
仕事が終わるなり、オレはすぐ官邸を出て公園へ。
仕事が終わるなり、オレはすぐ官邸を出て公園へ。
アクセラ
アクセラ
秀隆様っ
秀隆様っ
秀隆
秀隆
お疲れ。ちょっと急だったけど、出てきてくれたんだな
お疲れ。ちょっと急だったけど、出てきてくれたんだな
アクセラ
アクセラ
もちろんです
もちろんです
秀隆
秀隆
お、おう。うれしいよ
お、おう。うれしいよ
眩しい笑顔を受け、ちょっとびびった。
眩しい笑顔を受け、ちょっとびびった。
秀隆
秀隆
アクセラ
アクセラ
オレはそっと腕を差し出す。
オレはそっと腕を差し出す。
アクセラ
アクセラ
あの？
あの？
秀隆
秀隆
恋人同士なら、腕を絡めて歩くのが普通だ
恋人同士なら、腕を絡めて歩くのが普通だ
そう聞いた瞬間、嬉しそうに微笑み、オレの腕へと自らの腕を絡めて来た。
そう聞いた瞬間、嬉しそうに微笑み、オレの腕へと自らの腕を絡めて来た。
アクセラ
アクセラ
エスコート、よろしくお願いいたします
エスコート、よろしくお願いいたします
秀隆
秀隆
任せろ
任せろ
帰り道、ほんの２０分ほどだけど。
帰り道、ほんの２０分ほどだけど。
アクセラ
アクセラ
秀隆様は、今どのようなお仕事をされているのですか？
秀隆様は、今どのようなお仕事をされているのですか？
秀隆
秀隆
オレか？　オレはまだ特務官としては日が浅いからな。
オレか？　オレはまだ特務官としては日が浅いからな。
雑用がメインだ。たまに、ちょっとした企画を任されることもあるけど
雑用がメインだ。たまに、ちょっとした企画を任されることもあるけど
秀隆
秀隆
違法アンドロイドの情報も、中々目新しいものがないしな
違法アンドロイドの情報も、中々目新しいものがないしな
アクセラ
アクセラ
違法アンドロイド……
違法アンドロイド……
秀隆
秀隆
オレが倉屋敷社長に約束した件だ。犯人を必ず捕まえるってな
オレが倉屋敷社長に約束した件だ。犯人を必ず捕まえるってな
秀隆
秀隆
でも中々尻尾を掴ませない。正直、手がかりは尽きてるよ
でも中々尻尾を掴ませない。正直、手がかりは尽きてるよ
アクセラ
アクセラ
……そうですか
……そうですか
秀隆
秀隆
どうした
どうした
アクセラの表情が暗い。
アクセラの表情が暗い。
アクセラ
アクセラ
私は、違法アンドロイドなんですよね……？
私は、違法アンドロイドなんですよね……？
秀隆
秀隆
あ、ああ
あ、ああ
アクセラ
アクセラ
本来……こうして稼動することは、許されない存在で……
本来……こうして稼動することは、許されない存在で……
秀隆
秀隆
バカ。お前は倉屋敷社長にも認可された、正式なアンドロイドだ
バカ。お前は倉屋敷社長にも認可された、正式なアンドロイドだ
秀隆
秀隆
今こうして、堂々と外を歩いてるのがその証拠だろ
今こうして、堂々と外を歩いてるのがその証拠だろ
アクセラ
アクセラ
それは分かっております。ですが……
それは分かっております。ですが……
アクセラ
アクセラ
私は、秀隆様と出会う前、どこで何をしていたのでしょうか……
私は、秀隆様と出会う前、どこで何をしていたのでしょうか……
秀隆
秀隆
それは
それは
アクセラ
アクセラ
違法とつく以上、けして良いことが目的ではなかったはずです
違法とつく以上、けして良いことが目的ではなかったはずです
秀隆
秀隆
今、そんなことを考えたって仕方ない。
今、そんなことを考えたって仕方ない。
第一、それはアクセラには全く関係のないことだ
第一、それはアクセラには全く関係のないことだ
秀隆
秀隆
事実、当時の記憶は全く残ってないわけだからな
事実、当時の記憶は全く残ってないわけだからな
アクセラ
アクセラ
ですが……
ですが……
アクセラは自分の手のひらを見た。
アクセラは自分の手のひらを見た。
アクセラ
アクセラ
キズナ様が、ご自分の過去を知りたがっているように、
キズナ様が、ご自分の過去を知りたがっているように、
やはり私も、秀隆様と出会う前に何をしていたのかが知りたいです
やはり私も、秀隆様と出会う前に何をしていたのかが知りたいです
秀隆
秀隆
あのな……オレは、そんなこと気にして欲しくない
あのな……オレは、そんなこと気にして欲しくない
秀隆
秀隆
それに、オレは全く気にしてないぞ
それに、オレは全く気にしてないぞ
それは嘘だった。
それは嘘だった。
オレ自身、何度も何度も、アクセラの過去が気になって仕方が無かった。
オレ自身、何度も何度も、アクセラの過去が気になって仕方が無かった。
だが、振り返っても仕方が無い。
だが、振り返っても仕方が無い。
けして良い過去が、出てくることはないのだから。
けして良い過去が、出てくることはないのだから。
アクセラ
アクセラ
私は、秀隆様のお傍に居て、よろしいのでしょうか
私は、秀隆様のお傍に居て、よろしいのでしょうか
秀隆
秀隆
当たり前だ
当たり前だ
アクセラ
アクセラ
……ありがとございます
……ありがとございます
嬉しそうに一瞬微笑んだが、表情はすぐ曇ってしまう。
嬉しそうに一瞬微笑んだが、表情はすぐ曇ってしまう。
アクセラ
アクセラ
何もない、普通のアンドロイドとして秀隆様に出会えていれば……
何もない、普通のアンドロイドとして秀隆様に出会えていれば……
アクセラ
アクセラ
こんな風に悩むことは、なかったんでしょうか……
こんな風に悩むことは、なかったんでしょうか……
秀隆
秀隆
あぁもう、おまえがそんなことで悩むな
あぁもう、おまえがそんなことで悩むな
パン、とお尻を叩く。
パン、とお尻を叩く。
アクセラ
アクセラ
ひゃっ
ひゃっ
それに反応して、アクセラが可愛く鳴いた。
それに反応して、アクセラが可愛く鳴いた。
秀隆
秀隆
いいか？　もしおまえが違法アンドロイドじゃなかったら、
いいか？　もしおまえが違法アンドロイドじゃなかったら、
オレはアクセラとエッチなことは出来なかった
オレはアクセラとエッチなことは出来なかった
秀隆
秀隆
例えおまえのことを好きになっていても、
例えおまえのことを好きになっていても、
互いが互いを求め合うことは出来なかったってことだ
互いが互いを求め合うことは出来なかったってことだ
アクセラ
アクセラ
あ……
あ……
そう、通常のアンドロイドには性機能は付いていない。
そう、通常のアンドロイドには性機能は付いていない。
秀隆
秀隆
違法、って部分をマイナスだけに捉えるな
違法、って部分をマイナスだけに捉えるな
秀隆
秀隆
オレはおまえが、違法アンドロイドであってくれてよかった
オレはおまえが、違法アンドロイドであってくれてよかった
秀隆
秀隆
心の底から、そう思ってるよ
心の底から、そう思ってるよ
アクセラ
アクセラ
エッチのなせる想い、ということでしょうか？
エッチのなせる想い、ということでしょうか？
秀隆
秀隆
その通り！
その通り！
秀隆
秀隆
乳輪と乳首のないおっぱいに魅力はないし、
乳輪と乳首のないおっぱいに魅力はないし、
そもそも性感帯がない以上、何をさせても面白くもない
そもそも性感帯がない以上、何をさせても面白くもない
秀隆
秀隆
そんなの寂しすぎるだろ
そんなの寂しすぎるだろ
アクセラ
アクセラ
ふふっ、さすが秀隆様ですね
ふふっ、さすが秀隆様ですね
秀隆
秀隆
笑ったら可愛いんだから、ずっと笑ってろ
笑ったら可愛いんだから、ずっと笑ってろ
アクセラ
アクセラ
……はい
……はい
ぎゅっと、オレの手を握り締めてきた。
ぎゅっと、オレの手を握り締めてきた。
オレはアクセラとの幸せを噛みしめながら帰宅した。
オレはアクセラとの幸せを噛みしめながら帰宅した。
もちろん今日も、アクセラとは……愛を育む。
もちろん今日も、アクセラとは……愛を育む。
…………。
…………。
……。
……。
