秀隆
秀隆
おはよう秋。体調の方はどうだ？
おはよう秋。体調の方はどうだ？
秋
秋
兄さん……おはようございます……
兄さん……おはようございます……
オレが部屋に入ってきたのを感じ、身体を起こそうとする。
オレが部屋に入ってきたのを感じ、身体を起こそうとする。
秀隆
秀隆
無理するな。別に気を使う必要はない
無理するな。別に気を使う必要はない
秋
秋
すみません……
すみません……
秀隆
秀隆
珍しいな。おまえがこんなに熱が続くなんて
珍しいな。おまえがこんなに熱が続くなんて
秋
秋
そうですね、今まで経験したことがないです……
そうですね、今まで経験したことがないです……
今も荒々しい呼吸が続いている。
今も荒々しい呼吸が続いている。
秀隆
秀隆
病院の方には行ったのか？
病院の方には行ったのか？
秋
秋
いえ、まだです……すぐ、熱が引くと思っていたので
いえ、まだです……すぐ、熱が引くと思っていたので
秋
秋
今日様子を見ても下がらないようなら、病院に行ってきます
今日様子を見ても下がらないようなら、病院に行ってきます
秀隆
秀隆
そうか。わかった。どうしても辛くなったらすぐに言うんだぞ
そうか。わかった。どうしても辛くなったらすぐに言うんだぞ
秋
秋
はい。兄さんはお仕事ですよね？
はい。兄さんはお仕事ですよね？
秀隆
秀隆
ああ、そろそろ出なきゃいけない
ああ、そろそろ出なきゃいけない
秋
秋
……いってらっしゃい、兄さん
……いってらっしゃい、兄さん
秀隆
秀隆
……いってくる
……いってくる
秋
秋
ん……
ん……
オレは秋の頬っぺたにそっとキスをして、その場を離れた。
オレは秋の頬っぺたにそっとキスをして、その場を離れた。
秀隆
秀隆
秋の様子が気がかりだ。逐一確認を怠らないようにしてくれ
秋の様子が気がかりだ。逐一確認を怠らないようにしてくれ
アクセラ
アクセラ
畏まりました
畏まりました
ひょっとしたら、秋の体調への負担はオレが原因かも知れない。
ひょっとしたら、秋の体調への負担はオレが原因かも知れない。
そのことを考えると、どうしても不安になってしまう。
そのことを考えると、どうしても不安になってしまう。
幾ら望まれていたこととは言え、
幾ら望まれていたこととは言え、
秋に何度も激しい運動をさせてしまった。
秋に何度も激しい運動をさせてしまった。
秀隆
秀隆
くそっ……
くそっ……
オレはその日の仕事も、満足に手が付けられない。
オレはその日の仕事も、満足に手が付けられない。
どうしても秋のことが気になって仕方が無いのだ。
どうしても秋のことが気になって仕方が無いのだ。
まどか
まどか
何か困りごと？
何か困りごと？
秀隆
秀隆
いつもいつも、まどかは勘が鋭いな
いつもいつも、まどかは勘が鋭いな
秀隆
秀隆
これでも一応わからないように平静を装ってるんだけどな
これでも一応わからないように平静を装ってるんだけどな
まどか
まどか
そこそこ付き合いは長いから。
そこそこ付き合いは長いから。
それに島津くん、プライベートなことは結構分かりやすいし
それに島津くん、プライベートなことは結構分かりやすいし
秀隆
秀隆
マジで？
マジで？
まどか
まどか
ええ。本当よ
ええ。本当よ
まどか
まどか
私でよければ、相談くらい聞いてあげられるけど？
私でよければ、相談くらい聞いてあげられるけど？
秀隆
秀隆
秋のことでもか？
秋のことでもか？
まどか
まどか
もちろん。この間は険悪になっちゃったけど、
もちろん。この間は険悪になっちゃったけど、
私は好き好んで、秋ちゃんと険悪になったわけじゃないし
私は好き好んで、秋ちゃんと険悪になったわけじゃないし
まどか
まどか
それで、何があったの？
それで、何があったの？
秀隆
秀隆
熱が下がらないんだ。秋の
熱が下がらないんだ。秋の
まどか
まどか
それって……病気が進行してるとか、そう言うこと？
それって……病気が進行してるとか、そう言うこと？
秀隆
秀隆
可能性としては十分ある。
可能性としては十分ある。
今までは１日、長くても２日で熱が引いてきた
今までは１日、長くても２日で熱が引いてきた
秀隆
秀隆
３日以上続いたのは、経験のないケースだ
３日以上続いたのは、経験のないケースだ
まどか
まどか
病院は？
病院は？
秀隆
秀隆
今日熱が下がらなければ行かせるつもりだ
今日熱が下がらなければ行かせるつもりだ
まどか
まどか
それ、すぐにでも連れて行ったほうがいいわ。
それ、すぐにでも連れて行ったほうがいいわ。
もしものことがあったら……大変なことになるかも知れない
もしものことがあったら……大変なことになるかも知れない
秀隆
秀隆
別にオレは楽観視してるつもりはない
別にオレは楽観視してるつもりはない
秀隆
秀隆
……もちろん、病院に連れて行くのがベターなのは分かってるさ
……もちろん、病院に連れて行くのがベターなのは分かってるさ
まどか
まどか
だったらどうして？
だったらどうして？
秀隆
秀隆
秋の病気は、薬を使う以外に基本的に手立ては無い。
秋の病気は、薬を使う以外に基本的に手立ては無い。
それも付け焼刃で、ただ熱を抑えるだけの作用しかない
それも付け焼刃で、ただ熱を抑えるだけの作用しかない
秀隆
秀隆
あいつには施せる手段が存在しないんだ
あいつには施せる手段が存在しないんだ
まどか
まどか
……病院に連れて行っても、無駄ってこと？
……病院に連れて行っても、無駄ってこと？
秀隆
秀隆
まあ、もちろん他の病気を併発してる可能性もある。
まあ、もちろん他の病気を併発してる可能性もある。
だが、秋の態度を見ていれば何となく分かるよ
だが、秋の態度を見ていれば何となく分かるよ
秀隆
秀隆
まるで……自分の死を悟っているかのような……
まるで……自分の死を悟っているかのような……
まどか
まどか
バカなこと言わないで。そんなの、許しちゃダメ
バカなこと言わないで。そんなの、許しちゃダメ
まどか
まどか
やっと気持ちが通じ合ったのに、すぐお別れなんて
やっと気持ちが通じ合ったのに、すぐお別れなんて
秀隆
秀隆
あいつに無理をさせた代償だ。
あいつに無理をさせた代償だ。
その代わりに得たものが大きかったのかどうか……
その代わりに得たものが大きかったのかどうか……
秀隆
秀隆
今日、帰りに病院に寄ってみるつもりだ。
今日、帰りに病院に寄ってみるつもりだ。
とりあえず担当医の先生を家に呼んでみてもらおうと思う
とりあえず担当医の先生を家に呼んでみてもらおうと思う
まどか
まどか
最低でも、そうした方がいいわね
最低でも、そうした方がいいわね
秀隆
秀隆
まどかに、ひとつだけ難しいことを聞いても構わないか？
まどかに、ひとつだけ難しいことを聞いても構わないか？
まどか
まどか
難しいこと？
難しいこと？
秀隆
秀隆
もし、おまえが重大な病に冒されて、長く生きられないとしてだ
もし、おまえが重大な病に冒されて、長く生きられないとしてだ
秀隆
秀隆
コールドスリープで生きながらえたいと思うか？
コールドスリープで生きながらえたいと思うか？
それとも、大切な誰かの傍で、死にたいと思うか？
それとも、大切な誰かの傍で、死にたいと思うか？
まどか
まどか
それは
それは
秀隆
秀隆
オレは、その答えがずっと出せないでいるんだ
オレは、その答えがずっと出せないでいるんだ
まどか
まどか
それは……
それは……
まどか
まどか
…………
…………
秀隆
秀隆
答えようが無いよな。何が正しいかなんて
答えようが無いよな。何が正しいかなんて
秀隆
秀隆
きっと二人の間で、答えが一致することなんて無いと思う
きっと二人の間で、答えが一致することなんて無いと思う
秀隆
秀隆
オレは生きて欲しいと思う。
オレは生きて欲しいと思う。
だが、秋はオレの傍に居ることを選ぶ
だが、秋はオレの傍に居ることを選ぶ
秀隆
秀隆
どっちも正しくて、どっちも間違いなんだろうさ
どっちも正しくて、どっちも間違いなんだろうさ
秀隆
秀隆
嫌な選択だよ……
嫌な選択だよ……
秀隆
秀隆
どうして、あいつは弱い身体に産まれてしまったのか
どうして、あいつは弱い身体に産まれてしまったのか
秀隆
秀隆
そんな理不尽なことを考えてしまうほどにな
そんな理不尽なことを考えてしまうほどにな
まどか
まどか
……島津くん……
……島津くん……
オレは仕事帰り、病院へと足を運んだ。
オレは仕事帰り、病院へと足を運んだ。
秀隆
秀隆
先生はいらっしゃいますか？
先生はいらっしゃいますか？
看護師
看護師
申し訳御座いません、本日はお休みを頂いておりまして……
申し訳御座いません、本日はお休みを頂いておりまして……
看護師
看護師
必要であれば、連絡先をお教えすることも出来ますが
必要であれば、連絡先をお教えすることも出来ますが
秀隆
秀隆
いえ、そうですか。失礼します
いえ、そうですか。失礼します
ついてないことに、秋を担当する先生は非番だった。
ついてないことに、秋を担当する先生は非番だった。
部屋の中に、荒い息が響いている。
部屋の中に、荒い息が響いている。
秀隆
秀隆
秋？
秋？
なんだか、様子がおかしい。
なんだか、様子がおかしい。
そこには悶える秋が居た。
そこには悶える秋が居た。
秋
秋
っ……く……はぁっ……なんで……はぁっ……
っ……く……はぁっ……なんで……はぁっ……
秋
秋
は、あ、……はぁっ……あっ……
は、あ、……はぁっ……あっ……
秀隆
秀隆
秋……？
秋……？
秋
秋
はぁ、はぁっ……はぁっ……は、はぁ……っ
はぁ、はぁっ……はぁっ……は、はぁ……っ
秋は、胸を押さえながら、苦しそうに呼吸をしていた。
秋は、胸を押さえながら、苦しそうに呼吸をしていた。
秀隆
秀隆
お、おい。大丈夫か？　秋っ！
お、おい。大丈夫か？　秋っ！
秋
秋
ご、ごめんなさい……兄さん……っ
ご、ごめんなさい……兄さん……っ
秋
秋
はっ、はあ、はあ……っ！
はっ、はあ、はあ……っ！
秋
秋
はぁっ、はぁっ……苦し……っ……！
はぁっ、はぁっ……苦し……っ……！
秀隆
秀隆
しっかりしろ、秋っ！
しっかりしろ、秋っ！
…………。
…………。
秀隆
秀隆
秋……
秋……
オレは、荒々しく呼吸する秋の手を握った。
オレは、荒々しく呼吸する秋の手を握った。
今、意識はない。
今、意識はない。
上田
上田
島津さんちょっと
島津さんちょっと
秀隆
秀隆
……はい
……はい
上田
上田
医師としてお聞きしますが、ご自分が何をされていたか、
医師としてお聞きしますが、ご自分が何をされていたか、
分かっているんですね？
分かっているんですね？
秀隆
秀隆
はい。分かっています……自分の責任です
はい。分かっています……自分の責任です
上田
上田
性交渉は、想像しているより遥かに体力を消耗します。
性交渉は、想像しているより遥かに体力を消耗します。
報告は受けていると思いますが、秋ちゃんの身体は前々から限界に近づいていました
報告は受けていると思いますが、秋ちゃんの身体は前々から限界に近づいていました
秀隆
秀隆
はい……診断書を、見ました。そう長くはないと……
はい……診断書を、見ました。そう長くはないと……
上田
上田
それを分かっていて、どうしてそんな無茶を……
それを分かっていて、どうしてそんな無茶を……
秀隆
秀隆
それが分かっていたから、かもしれません……
それが分かっていたから、かもしれません……
秀隆
秀隆
……答えてあげたかったんです
……答えてあげたかったんです
上田
上田
……お気持ちはわかります。ですが……覚悟してください
……お気持ちはわかります。ですが……覚悟してください
上田
上田
恐らく、もう……
恐らく、もう……
秀隆
秀隆
そうですか……
そうですか……
秀隆
秀隆
……ごめんな、秋……
……ごめんな、秋……
オレは手を握り、秋に謝った。
オレは手を握り、秋に謝った。
秀隆
秀隆
オレがもっとしっかりしていれば……
オレがもっとしっかりしていれば……
秀隆
秀隆
暴力を振るったことだって、きっと、お前の寿命を縮めたはずだ
暴力を振るったことだって、きっと、お前の寿命を縮めたはずだ
秀隆
秀隆
やっぱり、オレのやり方は大きく間違ってたんだ
やっぱり、オレのやり方は大きく間違ってたんだ
秀隆
秀隆
どうしてそんなことも、当時のオレは分からなかったのか……
どうしてそんなことも、当時のオレは分からなかったのか……
悔いても悔いきれない。
悔いても悔いきれない。
秋
秋
……どうして……謝るんですか……っ……
……どうして……謝るんですか……っ……
秀隆
秀隆
秋！？　お、おまえ、いつから……
秋！？　お、おまえ、いつから……
秋
秋
はぁ、はぁっ……
はぁ、はぁっ……
今回の熱は……下がりそうに、ありませんねっ……
今回の熱は……下がりそうに、ありませんねっ……
秀隆
秀隆
秋……オレが、お前の身体のことを分かってて、無理に……
秋……オレが、お前の身体のことを分かってて、無理に……
秋
秋
むり？　全部私が、兄さんを誘ったんです……
むり？　全部私が、兄さんを誘ったんです……
兄さんは、一度も自分から、しようとはしませんでした……
兄さんは、一度も自分から、しようとはしませんでした……
秋
秋
私のこと、気遣ってくれて、ありがとうございます……
私のこと、気遣ってくれて、ありがとうございます……
秋
秋
私、嬉しかった……３回も……愛し合えた……
私、嬉しかった……３回も……愛し合えた……
秀隆
秀隆
バカ……たった３回だろ……これから、何十、何百と……
バカ……たった３回だろ……これから、何十、何百と……
秋は首を横に振る。
秋は首を横に振る。
秋
秋
私……もう、助からないんですね……
私……もう、助からないんですね……
秀隆
秀隆
安心しろ。おまえは絶対、オレが助ける……
安心しろ。おまえは絶対、オレが助ける……
秋
秋
それは……コールドスリープのことですよね……
それは……コールドスリープのことですよね……
秀隆
秀隆
そうだ……
そうだ……
秋
秋
私、兄さんに言ったはずです……それは、嫌だ、って……
私、兄さんに言ったはずです……それは、嫌だ、って……
秋
秋
私は……幸せ、になれたから……
私は……幸せ、になれたから……
秋
秋
もう、悔いはありません……
もう、悔いはありません……
秀隆
秀隆
バカ言うな。１年後、２年後に治る可能性だってあるんだ
バカ言うな。１年後、２年後に治る可能性だってあるんだ
秋
秋
でも……そうじゃない可能性の方が、高いんですよね？
でも……そうじゃない可能性の方が、高いんですよね？
秋
秋
……だったら……
……だったら……
秀隆
秀隆
自分から、生きる可能性を放棄すんな。そうだろ
自分から、生きる可能性を放棄すんな。そうだろ
秋
秋
だって……兄さん、困らせるから……
だって……兄さん、困らせるから……
秋
秋
私、兄さんを誰にも渡したくないです……
私、兄さんを誰にも渡したくないです……
秋
秋
でも……私のせいで、兄さんの人生を奪いたくないから……っ……
でも……私のせいで、兄さんの人生を奪いたくないから……っ……
秋
秋
は、はぁっ……あっ……はぁっ……
は、はぁっ……あっ……はぁっ……
秀隆
秀隆
もういい。とにかく今は休むんだ……
もういい。とにかく今は休むんだ……
秋
秋
お願い……私に、惨めな想いを……させないでください……
お願い……私に、惨めな想いを……させないでください……
秀隆
秀隆
…………
…………
うつらうつら、としていたオレは、
うつらうつら、としていたオレは、
視線を感じて意識を戻した。
視線を感じて意識を戻した。
気がつくと、ベッドで横になる秋が、ジッとオレを見つめていた。
気がつくと、ベッドで横になる秋が、ジッとオレを見つめていた。
秋
秋
ごめんなさい、起こしてしまいましたか……
ごめんなさい、起こしてしまいましたか……
秀隆
秀隆
秋……体調は？
秋……体調は？
秋
秋
少しだけ落ち着きました……まだ、熱は残っていますが
少しだけ落ち着きました……まだ、熱は残っていますが
オレは秋の額に手を置く。
オレは秋の額に手を置く。
そこはフライパンのように熱い。
そこはフライパンのように熱い。
秀隆
秀隆
無理して喋る必要はない。
無理して喋る必要はない。
オレはずっと傍にいるから、ゆっくり休め
オレはずっと傍にいるから、ゆっくり休め
秋
秋
兄さんと、お話がしたいです……
兄さんと、お話がしたいです……
秀隆
秀隆
別に今話す必要はないだろ。いつだっておしゃべりは出来る
別に今話す必要はないだろ。いつだっておしゃべりは出来る
秋
秋
今、したいんです
今、したいんです
秀隆
秀隆
……なんでだよ
……なんでだよ
秋
秋
そうしたいと、思ったからです
そうしたいと、思ったからです
秀隆
秀隆
体調が治ったら、いつでも話し相手になってやる
体調が治ったら、いつでも話し相手になってやる
秀隆
秀隆
な？
な？
秋
秋
今、お話したいな……
今、お話したいな……
秀隆
秀隆
……わかった……じゃあ、ちょっとだけだぞ……？
……わかった……じゃあ、ちょっとだけだぞ……？
秋
秋
うん……
うん……
秋
秋
…………
…………
暫く話していたが、うつらうつらとした秋は、やがて寝息を立てだした。
暫く話していたが、うつらうつらとした秋は、やがて寝息を立てだした。
時折苦しそうにしながら。
時折苦しそうにしながら。
秀隆
秀隆
…………
…………
秀隆
秀隆
唐沢さん……オレは、決めました
唐沢さん……オレは、決めました
秀隆
秀隆
秋に、コールドスリープを施してください
秋に、コールドスリープを施してください
唐沢
唐沢
いいんだね……それで
いいんだね……それで
秀隆
秀隆
はい
はい
唐沢
唐沢
……わかった。話は、既に倉屋敷社長に通してある
……わかった。話は、既に倉屋敷社長に通してある
秀隆
秀隆
倉屋敷社長、ですか？
倉屋敷社長、ですか？
唐沢
唐沢
他の誰が担当するより、信頼できる人に任せるべきだと思ったんだ
他の誰が担当するより、信頼できる人に任せるべきだと思ったんだ
唐沢
唐沢
今からたずねてみるといい
今からたずねてみるといい
秀隆
秀隆
わかりました
わかりました
和葉
和葉
なるほどな……
なるほどな……
深夜、オレは秋を抱いて倉屋敷社長の元を訪ねていた。
深夜、オレは秋を抱いて倉屋敷社長の元を訪ねていた。
秀隆
秀隆
身勝手なお願いだとは思っていますが、
身勝手なお願いだとは思っていますが、
こんなことに対応してくれるのは、倉屋敷社長しかいません
こんなことに対応してくれるのは、倉屋敷社長しかいません
秀隆
秀隆
ここには、カプセルのためのお金もあります
ここには、カプセルのためのお金もあります
唐沢さんより託されたものを差し出す。
唐沢さんより託されたものを差し出す。
秀隆
秀隆
秋を……救ってやってください
秋を……救ってやってください
和葉
和葉
本来、これは別の人間がやることだ。あたしの担当じゃない
本来、これは別の人間がやることだ。あたしの担当じゃない
秀隆
秀隆
分かっています。でも、あなたにしか頼めないことです。
分かっています。でも、あなたにしか頼めないことです。
どうか、よろしくお願いします……！
どうか、よろしくお願いします……！
和葉
和葉
覚悟は堅いってことだな
覚悟は堅いってことだな
秀隆
秀隆
はい……
はい……
和葉
和葉
だったら、今すぐやる。それでもいいんだな？
だったら、今すぐやる。それでもいいんだな？
秀隆
秀隆
構いません。秋を……死なせたくないんです
構いません。秋を……死なせたくないんです
和葉
和葉
記憶はどうする？　本来記憶除去には本人の同意が必要だ
記憶はどうする？　本来記憶除去には本人の同意が必要だ
秀隆
秀隆
……消してください
……消してください
秀隆
秀隆
１年後、２年後なら話も別ですが、
１年後、２年後なら話も別ですが、
秋が次に目覚められるのはいつか分からない
秋が次に目覚められるのはいつか分からない
秀隆
秀隆
そんな残酷な想いを、させることは出来ません
そんな残酷な想いを、させることは出来ません
和葉
和葉
いいだろう。この少女の記憶を消す。それでいいんだな
いいだろう。この少女の記憶を消す。それでいいんだな
秀隆
秀隆
はい
はい
オレは用意されたストレッチャーに秋を乗せた。
オレは用意されたストレッチャーに秋を乗せた。
手放したくなんてない。
手放したくなんてない。
ずっと、オレの傍に居てほしい。
ずっと、オレの傍に居てほしい。
でも、秋が死んでしまうよりはマシだ……。
でも、秋が死んでしまうよりはマシだ……。
和葉
和葉
さっさと連れていけ
さっさと連れていけ
社長に命令され、ユウキは奥へと秋を連れていく。
社長に命令され、ユウキは奥へと秋を連れていく。
秀隆
秀隆
感動の別れもさせてもらえないですか
感動の別れもさせてもらえないですか
和葉
和葉
未練が残るだけだ。んなもんは
未練が残るだけだ。んなもんは
秀隆
秀隆
……ですね……
……ですね……
和葉
和葉
記憶を除去して眠りにつけば、おまえは二度と会うことを許されない
記憶を除去して眠りにつけば、おまえは二度と会うことを許されない
和葉
和葉
そのことは分かっているな？
そのことは分かっているな？
秀隆
秀隆
もちろんです……
もちろんです……
記憶が消えれば、オレと秋の関係性もなくなってしまう。
記憶が消えれば、オレと秋の関係性もなくなってしまう。
もちろん、本当の兄妹じゃない以上、完全に他人と同じだ。
もちろん、本当の兄妹じゃない以上、完全に他人と同じだ。
和葉
和葉
あたしにはわからない考えだな
あたしにはわからない考えだな
秀隆
秀隆
かもしれませんね
かもしれませんね
和葉
和葉
……ともかく、これで終わりだ
……ともかく、これで終わりだ
秀隆
秀隆
……なんか、呆気ないっていうか……
……なんか、呆気ないっていうか……
腕から手放した瞬間、するりと秋がいなくなったような。
腕から手放した瞬間、するりと秋がいなくなったような。
秀隆
秀隆
まだ、実感はわきません
まだ、実感はわきません
和葉
和葉
すぐに嫌でも思うだろうさ。自分のした選択は正しかったのかと
すぐに嫌でも思うだろうさ。自分のした選択は正しかったのかと
和葉
和葉
コールドスリープによる治療は、本人だけじゃなく
コールドスリープによる治療は、本人だけじゃなく
その周囲に居る関係者にも、深い傷跡を残す
その周囲に居る関係者にも、深い傷跡を残す
和葉
和葉
そのことは、よく覚えておけ
そのことは、よく覚えておけ
秀隆
秀隆
はい……。あの、もう一つお願いを聞いていただけませんか
はい……。あの、もう一つお願いを聞いていただけませんか
和葉
和葉
あ？　まだあんのか
あ？　まだあんのか
秀隆
秀隆
オレは無理でも、アクセラを傍に置いてやることは出来るはずです
オレは無理でも、アクセラを傍に置いてやることは出来るはずです
秀隆
秀隆
だから、どうか目覚めたときに、アクセラを……
だから、どうか目覚めたときに、アクセラを……
和葉
和葉
やれやれ。また面倒な
やれやれ。また面倒な
秀隆
秀隆
お願いします
お願いします
和葉
和葉
わかったよ
わかったよ
秀隆
秀隆
ありがとうございます、倉屋敷社長
ありがとうございます、倉屋敷社長
和葉
和葉
……泣くくらいだったら、最期まで看取るって手もあるんだ
……泣くくらいだったら、最期まで看取るって手もあるんだ
秀隆
秀隆
いいんです……秋に、生きていてもらえさえすれば……
いいんです……秋に、生きていてもらえさえすれば……
キズナがやって来る。
キズナがやって来る。
隣にはアクセラが居る。
隣にはアクセラが居る。
秀隆
秀隆
夜中に無理言ってごめんな
夜中に無理言ってごめんな
キズナ
キズナ
いえ……
いえ……
秋はベッドの上で、眠っている。
秋はベッドの上で、眠っている。
投与された薬がよく効いているのか、目覚める気配はない。
投与された薬がよく効いているのか、目覚める気配はない。
アクセラ
アクセラ
秀隆様。本当によろしいのですか？
秀隆様。本当によろしいのですか？
アクセラ
アクセラ
秋様は、最期の最期まで、秀隆様と一緒にいたいと思っているはずです
秋様は、最期の最期まで、秀隆様と一緒にいたいと思っているはずです
アクセラ
アクセラ
その思いを踏みにじることに、なってしまいますよ？
その思いを踏みにじることに、なってしまいますよ？
秀隆
秀隆
……覚悟は決まったよ
……覚悟は決まったよ
秀隆
秀隆
オレは秋を死なせない。あいつに、また恨まれるとしてもだ
オレは秋を死なせない。あいつに、また恨まれるとしてもだ
キズナ
キズナ
ひーくんの決意は、固いと思います
ひーくんの決意は、固いと思います
キズナ
キズナ
何となくなんですけど……私は、こういう状況を知っている気がします
何となくなんですけど……私は、こういう状況を知っている気がします
秀隆
秀隆
え？
え？
キズナ
キズナ
もしかしたら私も、コールドスリープをする直前、
もしかしたら私も、コールドスリープをする直前、
そう言う会話をしたのかも知れませんね
そう言う会話をしたのかも知れませんね
秀隆
秀隆
…………
…………
キズナ
キズナ
あっきーは強い子です。例え何年先であったとしても……
あっきーは強い子です。例え何年先であったとしても……
キズナ
キズナ
記憶がなくなったとしても……きっと強く生きていくと思います
記憶がなくなったとしても……きっと強く生きていくと思います
秀隆
秀隆
ああ。オレもそれは心配してないさ
ああ。オレもそれは心配してないさ
アクセラ
アクセラ
秀隆様……
秀隆様……
秀隆
秀隆
アクセラ、よく覚えておいて欲しい
アクセラ、よく覚えておいて欲しい
秀隆
秀隆
もし、秋の病気の完治が、オレが生きている間に行われなかったとしたら……
もし、秋の病気の完治が、オレが生きている間に行われなかったとしたら……
秀隆
秀隆
その時は、またアクセラに、秋の傍にいてもらいたい
その時は、またアクセラに、秋の傍にいてもらいたい
アクセラ
アクセラ
……畏まりました。お約束いたします
……畏まりました。お約束いたします
秀隆
秀隆
頼むよ……
頼むよ……
和葉
和葉
もういいか？　あたしも暇じゃないんだ、さっさと終わらせたい
もういいか？　あたしも暇じゃないんだ、さっさと終わらせたい
どんな時でも、変わらないな社長は。
どんな時でも、変わらないな社長は。
秀隆
秀隆
よろしくお願いします
よろしくお願いします
オレは、ゆっくりとベッドを押していく。
オレは、ゆっくりとベッドを押していく。
秋の表情を、見つめながら。
秋の表情を、見つめながら。
やがて扉の前までたどり着く。
やがて扉の前までたどり着く。
和葉
和葉
おまえはここまでだ。ここから先は入れない
おまえはここまでだ。ここから先は入れない
秀隆
秀隆
はい……
はい……
秀隆
秀隆
…………
…………
和葉
和葉
おい、聞いてんのか
おい、聞いてんのか
秀隆
秀隆
はい……
はい……
キズナ
キズナ
ひーくん……
ひーくん……
オレはベッドを握った手を離せなかった。
オレはベッドを握った手を離せなかった。
これを離せば、もう二度と秋には会えない気がして……。
これを離せば、もう二度と秋には会えない気がして……。
秀隆
秀隆
秋っ……
秋っ……
秀隆
秀隆
秋……っ……
秋……っ……
アクセラ
アクセラ
秀隆様……
秀隆様……
和葉
和葉
ったく、面倒臭ぇな……どうしてこう、凡人って奴は……
ったく、面倒臭ぇな……どうしてこう、凡人って奴は……
和葉
和葉
……かーっ
……かーっ
社長は髪の毛をかきむしった。
社長は髪の毛をかきむしった。
和葉
和葉
バカばっかりだな、本当に
バカばっかりだな、本当に
和葉
和葉
おまえにとっては、この秋って奴が一番大切なんだろ？
おまえにとっては、この秋って奴が一番大切なんだろ？
こんな無茶な契約をするくらいだ、それこそ命よりも大切なはずだ
こんな無茶な契約をするくらいだ、それこそ命よりも大切なはずだ
秀隆
秀隆
はい……
はい……
和葉
和葉
それでどうして、もっと柔軟な発想が出来ないのか。理解に苦しむ
それでどうして、もっと柔軟な発想が出来ないのか。理解に苦しむ
秀隆
秀隆
柔軟な発想……ですか
柔軟な発想……ですか
和葉
和葉
バカなお前は、さっさと死んだ方が世のためだな
バカなお前は、さっさと死んだ方が世のためだな
秀隆
秀隆
え……？
え……？
和葉
和葉
天才のあたしが、賢い生き方って奴をレクチャーしてやろう
天才のあたしが、賢い生き方って奴をレクチャーしてやろう
秀隆
秀隆
何を言ってるんですか……社長
何を言ってるんですか……社長
和葉
和葉
あたしの独断で決定する。この女、秋の記憶は消さない
あたしの独断で決定する。この女、秋の記憶は消さない
秀隆
秀隆
ちょ、ちょっと待ってください。それは、オレは賛成できません！
ちょ、ちょっと待ってください。それは、オレは賛成できません！
和葉
和葉
元々記憶を消すには本人の同意がいる。
元々記憶を消すには本人の同意がいる。
恐らくこの女は、記憶を消すことを拒んだんだろ？
恐らくこの女は、記憶を消すことを拒んだんだろ？
秀隆
秀隆
それは……ですが、秋にはあまりに辛すぎます！
それは……ですが、秋にはあまりに辛すぎます！
和葉
和葉
その辛い選択を迫ろうとしてるおまえは、意外と鬼畜ってことだな
その辛い選択を迫ろうとしてるおまえは、意外と鬼畜ってことだな
秀隆
秀隆
どういわれようと、オレは秋に生きてもらいたいだけです
どういわれようと、オレは秋に生きてもらいたいだけです
秀隆
秀隆
辛い記憶だけを残したら、きっと秋は前を向いて生きていけない
辛い記憶だけを残したら、きっと秋は前を向いて生きていけない
和葉
和葉
それを判断できるのは、おまえじゃない。こいつだけだ
それを判断できるのは、おまえじゃない。こいつだけだ
秀隆
秀隆
社長は秋のことを何も知らないから、そんなことが言えるんです
社長は秋のことを何も知らないから、そんなことが言えるんです
和葉
和葉
あたしは確かにこの女の事は何も知らない。
あたしは確かにこの女の事は何も知らない。
だけどな、少なくともテメェよりも人間を理解してるつもりだ
だけどな、少なくともテメェよりも人間を理解してるつもりだ
和葉
和葉
人間ってのは、そんなに柔な生き物じゃねえんだよ
人間ってのは、そんなに柔な生き物じゃねえんだよ
和葉
和葉
おまえは祈るんだな。１、２年後にこの秋の病気が完治することを
おまえは祈るんだな。１、２年後にこの秋の病気が完治することを
秀隆
秀隆
社長！
社長！
和葉
和葉
議論は終わりだ
議論は終わりだ
ドン、と社長はオレを蹴り飛ばした。
ドン、と社長はオレを蹴り飛ばした。
和葉
和葉
糞して寝ろ
糞して寝ろ
秀隆
秀隆
オレは
オレは
扉が開かれ、秋と共に姿を消す倉屋敷社長。
扉が開かれ、秋と共に姿を消す倉屋敷社長。
秀隆
秀隆
オレは……
オレは……
何が正しくて、何が間違いなのか。
何が正しくて、何が間違いなのか。
コールドスリープすることは正しい？　間違い？
コールドスリープすることは正しい？　間違い？
記憶を残すことは間違い？　それとも正しい？
記憶を残すことは間違い？　それとも正しい？
分からない……。
分からない……。
オレは秋に生きて欲しい。
オレは秋に生きて欲しい。
それだけでいいはずなのに……。
それだけでいいはずなのに……。
秀隆
秀隆
……秋……
……秋……
オレの最後の呟きは、誰に聞こえることもなく、淡く空中に溶けた。
オレの最後の呟きは、誰に聞こえることもなく、淡く空中に溶けた。
