アクセラ
アクセラ
秀隆様。秀隆様はどうされるおつもりですか？
秀隆様。秀隆様はどうされるおつもりですか？
秀隆
秀隆
そうだなぁ……
そうだなぁ……
アクセラ
アクセラ
凛様や希望様、キズナ様はウォータースライダーを楽しまれるそうです
凛様や希望様、キズナ様はウォータースライダーを楽しまれるそうです
秀隆
秀隆
秋のやつは？
秋のやつは？
アクセラ
アクセラ
愛佳様、裕輔様、ユウキ様と行動されるようです
愛佳様、裕輔様、ユウキ様と行動されるようです
秀隆
秀隆
見事に水着組と私服組で別れたわけだな
見事に水着組と私服組で別れたわけだな
アクセラ
アクセラ
そのようです
そのようです
アクセラも私服のままだ。
アクセラも私服のままだ。
秀隆
秀隆
おまえのことだから、秋についてると思ったよ
おまえのことだから、秋についてると思ったよ
アクセラ
アクセラ
進言したのですが、今日くらいは自由に遊んでほしいと
進言したのですが、今日くらいは自由に遊んでほしいと
秀隆
秀隆
秋なりの配慮ってやつか
秋なりの配慮ってやつか
アクセラ
アクセラ
念のためお薬も持たせましたし、
念のためお薬も持たせましたし、
何かあればすぐ連絡を貰うようお願いしてあります
何かあればすぐ連絡を貰うようお願いしてあります
秀隆
秀隆
裕輔やユウキもついてるなら、心配はいらないだろうな
裕輔やユウキもついてるなら、心配はいらないだろうな
何人に絡まれたって、余裕で撃退するだろう。
何人に絡まれたって、余裕で撃退するだろう。
秀隆
秀隆
じゃあ二人で適当に遊ぶか？
じゃあ二人で適当に遊ぶか？
アクセラ
アクセラ
よろしいのですか？
よろしいのですか？
秀隆
秀隆
おまえに一人で遊べとは言わないよ。それに、オレも退屈だしな
おまえに一人で遊べとは言わないよ。それに、オレも退屈だしな
秀隆
秀隆
とりあえず着替えて合流しようか
とりあえず着替えて合流しようか
アクセラ
アクセラ
畏まりました
畏まりました
オレは一足先に着替え終え、先ほどの地点でアクセラを待つ。
オレは一足先に着替え終え、先ほどの地点でアクセラを待つ。
アクセラ
アクセラ
お待たせしました
お待たせしました
秀隆
秀隆
おう
おう
秀隆
秀隆
……おうっ！？
……おうっ！？
秀隆
秀隆
あ、アクセラ。おまえ、おまえってやつは……
あ、アクセラ。おまえ、おまえってやつは……
アクセラ
アクセラ
はい。どうかされましたか？
はい。どうかされましたか？
秀隆
秀隆
なんて破壊力なんだ、これは……。
なんて破壊力なんだ、これは……。
人間とアンドロイドの差は、思ったよりもないのかも知れない
人間とアンドロイドの差は、思ったよりもないのかも知れない
アクセラ
アクセラ
あの、何を仰っているのかは理解できませんが、近すぎます
あの、何を仰っているのかは理解できませんが、近すぎます
オレの顔は、アクセラの胸元１０センチほどまで近づいていた。
オレの顔は、アクセラの胸元１０センチほどまで近づいていた。
秀隆
秀隆
すまんすまん。ちょっと諸事情があってな
すまんすまん。ちょっと諸事情があってな
アクセラ
アクセラ
私のおっぱいに興味がおありなのですか？
私のおっぱいに興味がおありなのですか？
秀隆
秀隆
おおおお、おっぱい言うな
おおおお、おっぱい言うな
アクセラ
アクセラ
……ずっと視線が固定されているのが気がかりなのですが
……ずっと視線が固定されているのが気がかりなのですが
秀隆
秀隆
オレの視線って元々下の方にあるし
オレの視線って元々下の方にあるし
アクセラ
アクセラ
はぁ……
はぁ……
秀隆
秀隆
じゃあ行こうか、おっぱ、違う、アクセラ
じゃあ行こうか、おっぱ、違う、アクセラ
アクセラ
アクセラ
理由を申し上げると主を著しく傷つけるため避けさせて頂きますが……
理由を申し上げると主を著しく傷つけるため避けさせて頂きますが……
アクセラ
アクセラ
不愉快です
不愉快です
秀隆
秀隆
はっ！？
はっ！？
アクセラの棘のような一言を受け、オレは我に返った。
アクセラの棘のような一言を受け、オレは我に返った。
秀隆
秀隆
わ、悪い。オレは今までいったい何を……
わ、悪い。オレは今までいったい何を……
アクセラ
アクセラ
究極のセクシャルハラスメントでした
究極のセクシャルハラスメントでした
秀隆
秀隆
そりゃ不愉快になるよな……悪い
そりゃ不愉快になるよな……悪い
アクセラ
アクセラ
私は何も、胸を見られたことを怒っているわけではありません
私は何も、胸を見られたことを怒っているわけではありません
秀隆
秀隆
え、違うのか？
え、違うのか？
アクセラ
アクセラ
私は秀隆様のアンドロイドでもあります。
私は秀隆様のアンドロイドでもあります。
必要とあれば、こんなものでよければ見ていただいても問題ありません
必要とあれば、こんなものでよければ見ていただいても問題ありません
アクセラ
アクセラ
しかし、顔も見もせず胸だけを見られては、
しかし、顔も見もせず胸だけを見られては、
私ではなくとも秀隆様は満足されているということになります
私ではなくとも秀隆様は満足されているということになります
秀隆
秀隆
うん？
うん？
イマイチアクセラの言っていることが理解できなかった。
イマイチアクセラの言っていることが理解できなかった。
アクセラ
アクセラ
……どうも、今私は自分で不可解なことを申し上げたようです
……どうも、今私は自分で不可解なことを申し上げたようです
アクセラ自身も、そのことに気づいたようだ。
アクセラ自身も、そのことに気づいたようだ。
アクセラ
アクセラ
失礼いたしました
失礼いたしました
秀隆
秀隆
や、別にいいけどさ。言語に異常が出てるとかじゃないなら
や、別にいいけどさ。言語に異常が出てるとかじゃないなら
アクセラ
アクセラ
はい。それは全く問題ございません
はい。それは全く問題ございません
秀隆
秀隆
ならいいんだ
ならいいんだ
秀隆
秀隆
んじゃ行くか
んじゃ行くか
オレはアクセラの隣に並び、歩き出す。
オレはアクセラの隣に並び、歩き出す。
秀隆
秀隆
……けしからんおっぱいだな
……けしからんおっぱいだな
アクセラ
アクセラ
本当に胸が好きなのですね、秀隆様は
本当に胸が好きなのですね、秀隆様は
秀隆
秀隆
男は皆好きなんだよ。周りの視線を見てみろ
男は皆好きなんだよ。周りの視線を見てみろ
アクセラはオレに言われた通り、ぐるりと周囲を見渡す。
アクセラはオレに言われた通り、ぐるりと周囲を見渡す。
アクセラのことをアンドロイドだと知らない世の男たちは、
アクセラのことをアンドロイドだと知らない世の男たちは、
当然その完成された顔と、プロポーションを食い入るように見ていた。
当然その完成された顔と、プロポーションを食い入るように見ていた。
目が合った男たちは、テレたように視線をそらす。
目が合った男たちは、テレたように視線をそらす。
アクセラ
アクセラ
なるほど。先ほどから視線を感じていたのはそういうことでしたか
なるほど。先ほどから視線を感じていたのはそういうことでしたか
秀隆
秀隆
おまえは世の男たちを知らないからな。これでわかっただろ？
おまえは世の男たちを知らないからな。これでわかっただろ？
アクセラ
アクセラ
はい。男性によるセクハラが如何に女性にとって精神的苦痛であるか理解しました
はい。男性によるセクハラが如何に女性にとって精神的苦痛であるか理解しました
秀隆
秀隆
そういう部分は理解してほしくなかったけど……
そういう部分は理解してほしくなかったけど……
秀隆
秀隆
うーむ……立派だ
うーむ……立派だ
改めてアクセラの胸を凝視する。
改めてアクセラの胸を凝視する。
アクセラ
アクセラ
見たいと仰るのであれば止めはしませんが……
見たいと仰るのであれば止めはしませんが……
秀隆
秀隆
やっぱり不快か？
やっぱり不快か？
アクセラ
アクセラ
今はそうでもありません
今はそうでもありません
アクセラ
アクセラ
だからこそ、ひとつ新たな疑問が生まれてしまいました
だからこそ、ひとつ新たな疑問が生まれてしまいました
秀隆
秀隆
疑問？
疑問？
アクセラ
アクセラ
今私は秀隆様に見られることは苦痛ではありません。
今私は秀隆様に見られることは苦痛ではありません。
しかし、周囲の方に視線を向けられることを、不快に感じています
しかし、周囲の方に視線を向けられることを、不快に感じています
アクセラ
アクセラ
その違いは何なのでしょうか？
その違いは何なのでしょうか？
秀隆
秀隆
答え。オレがあまりに堂々と見ているから
答え。オレがあまりに堂々と見ているから
秀隆
秀隆
他のやつらはコソコソ視線を向けるだけだからな
他のやつらはコソコソ視線を向けるだけだからな
アクセラ
アクセラ
なるほど、そうなのですか
なるほど、そうなのですか
秀隆
秀隆
いや、真面目に信じすぎるなよ。適当に言ってるから
いや、真面目に信じすぎるなよ。適当に言ってるから
アクセラ
アクセラ
真実ではないということですか
真実ではないということですか
秀隆
秀隆
おまえの考え方をオレに理解できるわけないだろ
おまえの考え方をオレに理解できるわけないだろ
アクセラ
アクセラ
そうですね、失礼いたしました
そうですね、失礼いたしました
ハゲ男
ハゲ男
よう姉ちゃん。ワシと遊ぼうや
よう姉ちゃん。ワシと遊ぼうや
秀隆
秀隆
んげっ
んげっ
大きな体の男が、のしのしとオレたちの前に現れた。
大きな体の男が、のしのしとオレたちの前に現れた。
そして隣に男（オレ）がいるにも関わらず、堂々とナンパをかけてきた。
そして隣に男（オレ）がいるにも関わらず、堂々とナンパをかけてきた。
秀隆
秀隆
あのすいません、これオレの連れなんで……
あのすいません、これオレの連れなんで……
ハゲ男
ハゲ男
ああ？　なんじゃワレぇ
ああ？　なんじゃワレぇ
大きな掌で、オレの胸元を押される。
大きな掌で、オレの胸元を押される。
アクセラ
アクセラ
秀隆様っ
秀隆様っ
秀隆
秀隆
ああいや、大丈夫だ。平気平気
ああいや、大丈夫だ。平気平気
と言いつつも、結構痛かったりする。
と言いつつも、結構痛かったりする。
このおっさん、体格通りすげぇ力してやがる。
このおっさん、体格通りすげぇ力してやがる。
当然喧嘩すれば、結果はどうなるかわからない。
当然喧嘩すれば、結果はどうなるかわからない。
ハゲ男
ハゲ男
よっしゃいくで
よっしゃいくで
男はアクセラの腕を握った。
男はアクセラの腕を握った。
なんつー強引な男だ。
なんつー強引な男だ。
アクセラ
アクセラ
困ります。離してください
困ります。離してください
秀隆
秀隆
離してもらえませんか、その手
離してもらえませんか、その手
ハゲ男
ハゲ男
文句ある言うんか、潰してまうで？
文句ある言うんか、潰してまうで？
秀隆
秀隆
あの、彼女迷惑がってますので
あの、彼女迷惑がってますので
ハゲ男
ハゲ男
引っ込んどれや！
引っ込んどれや！
再び、押される。
再び、押される。
それも先ほどの倍以上の力で。
それも先ほどの倍以上の力で。
オレは後ろに吹き飛び、そのままプールへと叩き落された。
オレは後ろに吹き飛び、そのままプールへと叩き落された。
秀隆
秀隆
ぶはっ！
ぶはっ！
アクセラ
アクセラ
……何をなさるのですか
……何をなさるのですか
ハゲ男
ハゲ男
邪魔な虫をおっぱらっただけやで
邪魔な虫をおっぱらっただけやで
アクセラ
アクセラ
…………
…………
アクセラは無言で、男の太い腕を握った。
アクセラは無言で、男の太い腕を握った。
ハゲ男
ハゲ男
なんや、姉ちゃんもその気に……
なんや、姉ちゃんもその気に……
いででで！
いででで！
男の太い腕を、アクセラが力で握りしめる。
男の太い腕を、アクセラが力で握りしめる。
アクセラ
アクセラ
秀隆様に謝ってください
秀隆様に謝ってください
秀隆
秀隆
お、おいアクセラ！？
お、おいアクセラ！？
オレは慌ててプールサイドから身を乗り出し、水から出た。
オレは慌ててプールサイドから身を乗り出し、水から出た。
アクセラ
アクセラ
謝ってください
謝ってください
ハゲ男
ハゲ男
わ、悪かった、わしが悪かった！
わ、悪かった、わしが悪かった！
その言葉を聞いた後、アクセラが手を放す。
その言葉を聞いた後、アクセラが手を放す。
ハゲ男
ハゲ男
な、何ちゅー力や！　おまえほんまに女か！？
な、何ちゅー力や！　おまえほんまに女か！？
そういい、男は逃げ出すように去って行った。
そういい、男は逃げ出すように去って行った。
秀隆
秀隆
……そうか。プログラムはそのままなのか……
……そうか。プログラムはそのままなのか……
倉屋敷社長が言っていたことを思い出す。
倉屋敷社長が言っていたことを思い出す。
アクセラは人を傷つけることもできると。
アクセラは人を傷つけることもできると。
本来、警護用でもないアクセラは主人であるオレの身が危険に迫っても、人間に対しては抵抗する手段がない。
本来、警護用でもないアクセラは主人であるオレの身が危険に迫っても、人間に対しては抵抗する手段がない。
なのに、こいつは平然と男の腕を握りしめた。
なのに、こいつは平然と男の腕を握りしめた。
アクセラ
アクセラ
お怪我はありませんか？　秀隆様
お怪我はありませんか？　秀隆様
秀隆
秀隆
お怪我はないが……危ないだろ、ああいうことしたら
お怪我はないが……危ないだろ、ああいうことしたら
アクセラ
アクセラ
問題ございません。撃退可能だとわかっておりました
問題ございません。撃退可能だとわかっておりました
秀隆
秀隆
そういうことを言ってるんじゃない。
そういうことを言ってるんじゃない。
オレはおまえがアンドロイドだとバレて問題になるのが嫌なんだ
オレはおまえがアンドロイドだとバレて問題になるのが嫌なんだ
アクセラ
アクセラ
あ……
あ……
秀隆
秀隆
もしアンドロイドの傷害事件なんてなってみろ、そうだろ？
もしアンドロイドの傷害事件なんてなってみろ、そうだろ？
アクセラ
アクセラ
はい……。申し訳ございませんでした
はい……。申し訳ございませんでした
秀隆
秀隆
アクセラ。おまえらしくない
アクセラ。おまえらしくない
オレは、アクセラを外出させたり、ドリームタウンに連れて来たりと、それなりのリスクを冒している。
オレは、アクセラを外出させたり、ドリームタウンに連れて来たりと、それなりのリスクを冒している。
その上、もしも傷害罪なんかの騒ぎになれば、洒落にならない。
その上、もしも傷害罪なんかの騒ぎになれば、洒落にならない。
アクセラ
アクセラ
秀隆様が困っていると思い……
秀隆様が困っていると思い……
秀隆
秀隆
気持ちは嬉しいが、気を付けてくれ。な？
気持ちは嬉しいが、気を付けてくれ。な？
アクセラ
アクセラ
はい……
はい……
まぁ、オレも正直、アクセラに触れられた時にはカチンと来た。
まぁ、オレも正直、アクセラに触れられた時にはカチンと来た。
どの道アクセラが何かしなければ、オレが抵抗していただろうけど。
どの道アクセラが何かしなければ、オレが抵抗していただろうけど。
出来れば揉め事は起こしたくない。
出来れば揉め事は起こしたくない。
アクセラ
アクセラ
申し訳ございません……
申し訳ございません……
自分の中でやってしまったことに対する罪悪感が生まれたのか、
自分の中でやってしまったことに対する罪悪感が生まれたのか、
アクセラは暗い表情になりもう一度謝った。
アクセラは暗い表情になりもう一度謝った。
秀隆
秀隆
分かればいいんだ。でも、もう責めるつもりはない
分かればいいんだ。でも、もう責めるつもりはない
秀隆
秀隆
今から遊んで楽しもうとしてるんだぜ？　落ち込むのはなしだ
今から遊んで楽しもうとしてるんだぜ？　落ち込むのはなしだ
アクセラ
アクセラ
……はい。わかりました
……はい。わかりました
秀隆
秀隆
よし、じゃあ行くぞ
よし、じゃあ行くぞ
オレはアクセラとプールサイドを歩きながらあちこち見て回ることにした。
オレはアクセラとプールサイドを歩きながらあちこち見て回ることにした。
