キズナのルーツを探る。
キズナのルーツを探る。
それは、思っているよりも遥かに大変なことだろう。
それは、思っているよりも遥かに大変なことだろう。
手がかりは殆どない。
手がかりは殆どない。
とにかく、まずはあたって砕けてみるか。
とにかく、まずはあたって砕けてみるか。
オレは昼休み直前、オフィスを後にした。
オレは昼休み直前、オフィスを後にした。
そして、そのまま代表室へ向かう。
そして、そのまま代表室へ向かう。
秀隆
秀隆
島津です、唐沢代表はいらっしゃいますでしょうか？
島津です、唐沢代表はいらっしゃいますでしょうか？
唐沢
唐沢
……開いているよ、入って
……開いているよ、入って
秀隆
秀隆
失礼します
失礼します
秀隆
秀隆
お疲れ様です、唐沢さん
お疲れ様です、唐沢さん
唐沢
唐沢
島津くん、今日はどうしたのかな
島津くん、今日はどうしたのかな
秀隆
秀隆
少しお時間を頂いてもよろしいでしょうか。
少しお時間を頂いてもよろしいでしょうか。
キズナ……例の少女のことで、ご相談があります
キズナ……例の少女のことで、ご相談があります
唐沢
唐沢
聞こう
聞こう
秀隆
秀隆
少女と接してきて、ほぼ現代の生活に馴染めたかと思います
少女と接してきて、ほぼ現代の生活に馴染めたかと思います
唐沢
唐沢
それは良かった。喜ばしいことだね。
それは良かった。喜ばしいことだね。
先日のドリームタウンへの旅行でも問題はなかったかな？
先日のドリームタウンへの旅行でも問題はなかったかな？
秀隆
秀隆
はい、ですが心に余裕ができたことで、
はい、ですが心に余裕ができたことで、
自分が生まれた環境や育った過去を捜し求めるようになりました
自分が生まれた環境や育った過去を捜し求めるようになりました
唐沢
唐沢
時を越えた者の多くが辿る道だ、不思議なことではないさ
時を越えた者の多くが辿る道だ、不思議なことではないさ
秀隆
秀隆
そこで、少女の過去を探る手助けをしてやりたいと思っています
そこで、少女の過去を探る手助けをしてやりたいと思っています
秀隆
秀隆
恐らく何も出て来ないかとは思いますが、
恐らく何も出て来ないかとは思いますが、
それで少女が納得するのなら、助けてやりたいんです
それで少女が納得するのなら、助けてやりたいんです
唐沢
唐沢
君の気持ちは良く分かるよ。
君の気持ちは良く分かるよ。
身近で接していれば、そう思うことは不思議じゃない
身近で接していれば、そう思うことは不思議じゃない
唐沢
唐沢
だけど、それはやめておいた方がいい。
だけど、それはやめておいた方がいい。
１５０年前のことを探っても、結局何も出て来ないのが目に見えている
１５０年前のことを探っても、結局何も出て来ないのが目に見えている
秀隆
秀隆
それでも構わないんじゃないでしょうか。
それでも構わないんじゃないでしょうか。
少女が知りたいのは、その何も出てこなかった、と言う事実です
少女が知りたいのは、その何も出てこなかった、と言う事実です
秀隆
秀隆
今の宙ぶらりんな、何か出てくるかもしれない、
今の宙ぶらりんな、何か出てくるかもしれない、
と言う状態を維持してしまうことが、最も避けたいことですから
と言う状態を維持してしまうことが、最も避けたいことですから
唐沢
唐沢
なるほど。相変わらず君は外堀を埋めてから攻め立てるね
なるほど。相変わらず君は外堀を埋めてから攻め立てるね
秀隆
秀隆
いえ……
いえ……
唐沢
唐沢
それで、どういうプランを考えているんだい？
それで、どういうプランを考えているんだい？
秀隆
秀隆
官邸にある資料室、地上時代の資料の開示をお願いしたく
官邸にある資料室、地上時代の資料の開示をお願いしたく
唐沢
唐沢
それは出来ない相談だね島津くん
それは出来ない相談だね島津くん
間髪入れず唐沢代表は首を横に振った。
間髪入れず唐沢代表は首を横に振った。
秀隆
秀隆
それは、何故でしょうか
それは、何故でしょうか
唐沢
唐沢
資料室に眠る地上時代の資料は、
資料室に眠る地上時代の資料は、
極秘資料として保存、封印されているものだ。
極秘資料として保存、封印されているものだ。
君のような一特務官に開示することは出来ない
君のような一特務官に開示することは出来ない
秀隆
秀隆
…………
…………
唐沢
唐沢
君が憎くて言っているわけではないよ？
君が憎くて言っているわけではないよ？
これが、仮に竹内くんだったとしても、同じように許可は出せない
これが、仮に竹内くんだったとしても、同じように許可は出せない
秀隆
秀隆
そうですか……
そうですか……
わかっちゃいたことだが、やはり無理だったか。
わかっちゃいたことだが、やはり無理だったか。
唐沢
唐沢
僕は賛同しかねるが、君が彼女のために頑張ることを否定はしないよ
僕は賛同しかねるが、君が彼女のために頑張ることを否定はしないよ
唐沢
唐沢
出来る範囲でケアしてあげること、それも君の役目だ
出来る範囲でケアしてあげること、それも君の役目だ
秀隆
秀隆
はい……。すみません、自分からのお話は以上です。失礼します
はい……。すみません、自分からのお話は以上です。失礼します
唐沢
唐沢
島津くん
島津くん
秀隆
秀隆
はい
はい
唐沢
唐沢
ひとつ君に確認し忘れていたことがあったんだ
ひとつ君に確認し忘れていたことがあったんだ
唐沢
唐沢
君は以前、違法アンドロイドに関する調査を進めていたそうだね。
君は以前、違法アンドロイドに関する調査を進めていたそうだね。
何でも倉屋敷社長から直々に頼まれたことだったとか
何でも倉屋敷社長から直々に頼まれたことだったとか
秀隆
秀隆
詳細な報告書は、既に提出済みです
詳細な報告書は、既に提出済みです
唐沢
唐沢
うん。僕もそれは拝見したよ
うん。僕もそれは拝見したよ
唐沢
唐沢
結局彼女が探していた業者は発見できなかったんだね
結局彼女が探していた業者は発見できなかったんだね
秀隆
秀隆
痕跡を辿っていたのですが、手がかりは途切れてしまいました
痕跡を辿っていたのですが、手がかりは途切れてしまいました
秀隆
秀隆
それがなにか？
それがなにか？
唐沢
唐沢
もう完全に手は引いた、そうだね？
もう完全に手は引いた、そうだね？
秀隆
秀隆
え、ええ
え、ええ
唐沢
唐沢
そうか。ならいいんだ
そうか。ならいいんだ
秀隆
秀隆
あの、どういう意味でしょうか。何か問題があったと言うことですか？
あの、どういう意味でしょうか。何か問題があったと言うことですか？
唐沢
唐沢
いや、特に大したことはないんだ。下がってくれていいよ
いや、特に大したことはないんだ。下がってくれていいよ
秀隆
秀隆
…………
…………
オレがまだ、違法アンドロイドの調査を独自に進めていることに、気づいている？
オレがまだ、違法アンドロイドの調査を独自に進めていることに、気づいている？
唐沢
唐沢
ん？
ん？
オレが代表室を後にしようとしたとき、訪問者があった。
オレが代表室を後にしようとしたとき、訪問者があった。
竹内
竹内
竹内です。よろしいでしょうか？
竹内です。よろしいでしょうか？
唐沢
唐沢
ああ構わないよ。どうぞ
ああ構わないよ。どうぞ
秀隆
秀隆
では、自分はこれで失礼します
では、自分はこれで失礼します
唐沢
唐沢
うん、また
うん、また
se特務室の扉開閉音
se特務室の扉開閉音
竹内
竹内
おや？
おや？
秀隆
秀隆
お疲れ様です。竹内特務官。失礼します
お疲れ様です。竹内特務官。失礼します
竹内
竹内
……いや、ちょっと待ちたまえ
……いや、ちょっと待ちたまえ
秀隆
秀隆
はい。なんでしょうか？
はい。なんでしょうか？
オレは竹内特務官に呼び止められる。
オレは竹内特務官に呼び止められる。
竹内
竹内
事のついでだ、君も聞いていくといい。どうぞ
事のついでだ、君も聞いていくといい。どうぞ
そう言うと、竹内特務官の後、
そう言うと、竹内特務官の後、
入り口から一人の男……大河内代表が入って来た。
入り口から一人の男……大河内代表が入って来た。
唐沢
唐沢
こ、これはこれは、大河内代表！？
こ、これはこれは、大河内代表！？
唐沢さんが慌てて立ち上がる。
唐沢さんが慌てて立ち上がる。
麦蔵
麦蔵
事前連絡もなく押しかけて申し訳ない
事前連絡もなく押しかけて申し訳ない
何やら、ただならぬ雰囲気が漂っている。
何やら、ただならぬ雰囲気が漂っている。
唐沢
唐沢
い、いえ。どうぞこちらへ
い、いえ。どうぞこちらへ
麦蔵
麦蔵
…………
…………
大河内代表は一度オレを見た後、そのままソファーへと腰を下ろした。
大河内代表は一度オレを見た後、そのままソファーへと腰を下ろした。
唐沢
唐沢
正直驚きましたよ。今日は一体、どのようなご用件で……？
正直驚きましたよ。今日は一体、どのようなご用件で……？
麦蔵
麦蔵
なに、大きな人事異動がありましてな。直接動いた方が問題も少ないと思っただけです
なに、大きな人事異動がありましてな。直接動いた方が問題も少ないと思っただけです
唐沢
唐沢
人事異動？　一体何の話ですか―――？
人事異動？　一体何の話ですか―――？
竹内
竹内
唐沢代表
唐沢代表
竹内特務官は一歩踏み出すと、懐から１通の白い封筒を取りだした。
竹内特務官は一歩踏み出すと、懐から１通の白い封筒を取りだした。
唐沢
唐沢
これは？
これは？
竹内
竹内
私の辞表になります
私の辞表になります
唐沢
唐沢
……辞表？
……辞表？
オレの目の前で、信じがたいことが展開され始めた。
オレの目の前で、信じがたいことが展開され始めた。
唐沢
唐沢
いや、すまない、僕には話が理解できていないようだ。
いや、すまない、僕には話が理解できていないようだ。
この辞表は誰の……まさか、君の、なのか？
この辞表は誰の……まさか、君の、なのか？
竹内
竹内
私はこれから、大河内代表のもとで働かせていただこうと考えております
私はこれから、大河内代表のもとで働かせていただこうと考えております
唐沢
唐沢
な……
な……
秀隆
秀隆
っ！？
っ！？
唐沢
唐沢
ば、バカな。突然何を言ってるんだ……
ば、バカな。突然何を言ってるんだ……
ウソだろ……。
ウソだろ……。
竹内代表が、ドリームタウンに？
竹内代表が、ドリームタウンに？
大河内代表は一瞬だけオレを見た。
大河内代表は一瞬だけオレを見た。
その眼は、『俺に出来ないことはない』そういった先日の出来事が思い起こされる。
その眼は、『俺に出来ないことはない』そういった先日の出来事が思い起こされる。
麦蔵
麦蔵
今回の規制緩和は、何も通行申請の許可が容易くなっただけではない。輸出入による大幅な新規商品の緩和に加え、転職による街の永住移動も可能になった
今回の規制緩和は、何も通行申請の許可が容易くなっただけではない。輸出入による大幅な新規商品の緩和に加え、転職による街の永住移動も可能になった
麦蔵
麦蔵
そのことはご存知ですな？
そのことはご存知ですな？
唐沢
唐沢
し、しかし……！
し、しかし……！
麦蔵
麦蔵
職を選ぶ自由。街を選ぶ自由は、その人間にあるべき正しい主張だ
職を選ぶ自由。街を選ぶ自由は、その人間にあるべき正しい主張だ
唐沢
唐沢
例外もあるでしょう。竹内特務官は、ホープタウンになくてはならない存在です
例外もあるでしょう。竹内特務官は、ホープタウンになくてはならない存在です
麦蔵
麦蔵
俺に言われても困りますな。これは彼が決めたことだ
俺に言われても困りますな。これは彼が決めたことだ
唐沢
唐沢
竹内くん、一体どうして……。本気なのかい？
竹内くん、一体どうして……。本気なのかい？
唐沢代表の訴えに、竹内特務官は眉ひとつ動かさない。
唐沢代表の訴えに、竹内特務官は眉ひとつ動かさない。
唐沢
唐沢
どうして君が……
どうして君が……
竹内
竹内
唐沢代表。私は２０年以上あなたと共に働いてきました。
唐沢代表。私は２０年以上あなたと共に働いてきました。
あなたは街の人々にとって、最高の代表者の一人として数えられる
あなたは街の人々にとって、最高の代表者の一人として数えられる
竹内
竹内
ですが……私のような支える側の人間には、苦労が絶えなかった
ですが……私のような支える側の人間には、苦労が絶えなかった
竹内
竹内
それだけのことです
それだけのことです
唐沢
唐沢
考え直してほしい。君がいなくなれば、誰がホープタウンを支えると言うんだっ
考え直してほしい。君がいなくなれば、誰がホープタウンを支えると言うんだっ
唐沢代表は恥を捨て竹内代表を引き留める。
唐沢代表は恥を捨て竹内代表を引き留める。
それは当然のことだ。
それは当然のことだ。
今竹内特務官が抜ければ、後任の育っていないホープタウンは壊滅する。
今竹内特務官が抜ければ、後任の育っていないホープタウンは壊滅する。
竹内
竹内
あなたの期待する存在が、ここにいるではありませんか
あなたの期待する存在が、ここにいるではありませんか
そう言い、竹内特務官がオレを見据えた。
そう言い、竹内特務官がオレを見据えた。
その眼は、戦う時の竹内特務官の目だ。
その眼は、戦う時の竹内特務官の目だ。
唐沢
唐沢
バカな、島津くんは今年入社したばかりの新人だ。
バカな、島津くんは今年入社したばかりの新人だ。
君の代わりなど到底務まるものではないよ
君の代わりなど到底務まるものではないよ
竹内
竹内
勿論、規定はしっかりと把握しているつもりです。
勿論、規定はしっかりと把握しているつもりです。
重要なポストを預かる人間が街の移住をする際には、半年間働けない義務が課せられる
重要なポストを預かる人間が街の移住をする際には、半年間働けない義務が課せられる
新しく決められた取り決めのルールだ。
新しく決められた取り決めのルールだ。
竹内
竹内
もちろんプロとして、ホープタウンでの情報を漏らすつもりもありません
もちろんプロとして、ホープタウンでの情報を漏らすつもりもありません
唐沢
唐沢
そうまでして……ドリームタウンに移りたいのかい……
そうまでして……ドリームタウンに移りたいのかい……
唐沢
唐沢
もしお金の交渉をしたいのなら
もしお金の交渉をしたいのなら
竹内
竹内
もしも私を引き留めたいと仰ってくれるのなら、街の代表を辞めて頂きたい
もしも私を引き留めたいと仰ってくれるのなら、街の代表を辞めて頂きたい
唐沢
唐沢
なっ……！？
なっ……！？
竹内
竹内
あなたには、無理なことでしょうがね
あなたには、無理なことでしょうがね
唐沢
唐沢
…………
…………
麦蔵
麦蔵
俺たちは何もルール違反をおかしてるわけじゃない。
俺たちは何もルール違反をおかしてるわけじゃない。
そうだろ唐沢代表
そうだろ唐沢代表
唐沢
唐沢
ルール上は正しくとも、これはモラルに反する行動です、大河内代表
ルール上は正しくとも、これはモラルに反する行動です、大河内代表
唐沢
唐沢
……もし、このような人事異動を認めてしまえば、
……もし、このような人事異動を認めてしまえば、
これから街と街の間で、諜報活動のようなことが増えてしまう……
これから街と街の間で、諜報活動のようなことが増えてしまう……
唐沢
唐沢
企業が互いに腹の内を探り合い、技術者の引き抜きが始まる……
企業が互いに腹の内を探り合い、技術者の引き抜きが始まる……
唐沢
唐沢
そんなものを、私に認めろと言うのですか
そんなものを、私に認めろと言うのですか
麦蔵
麦蔵
そういうルールに変わったんだ。そうだよな島津
そういうルールに変わったんだ。そうだよな島津
秀隆
秀隆
っ
っ
麦蔵
麦蔵
お前がきっかけで成立した法案のルールにのっとって、
お前がきっかけで成立した法案のルールにのっとって、
俺は動いたに過ぎない。ここは弱肉強食の世界だ。食われる方が悪い
俺は動いたに過ぎない。ここは弱肉強食の世界だ。食われる方が悪い
麦蔵
麦蔵
そもそも、外交戦略にモラルも糞もないだろ。
そもそも、外交戦略にモラルも糞もないだろ。
俺もあんたも、根っからの嘘つきじゃねえか
俺もあんたも、根っからの嘘つきじゃねえか
唐沢
唐沢
仰ってる意味がわかりません。何故私たちが嘘つきなのか……
仰ってる意味がわかりません。何故私たちが嘘つきなのか……
麦蔵
麦蔵
地上時代の生き残り、その事実を報告いただいていないが？
地上時代の生き残り、その事実を報告いただいていないが？
唐沢
唐沢
何のことだか、わかりませんね
何のことだか、わかりませんね
麦蔵
麦蔵
今更白を切っても無駄だ。
今更白を切っても無駄だ。
そこの島津が匿っていることも調べがついている
そこの島津が匿っていることも調べがついている
どうやら、本当に筒抜けのようだ。
どうやら、本当に筒抜けのようだ。
キズナの存在だけではなく、
キズナの存在だけではなく、
オレが匿っていることまで知られているなんて。
オレが匿っていることまで知られているなんて。
もしかしたら竹内特務官が話したのかも知れない。
もしかしたら竹内特務官が話したのかも知れない。
麦蔵
麦蔵
これのどこにモラルがあるって言うんだ？
これのどこにモラルがあるって言うんだ？
唐沢
唐沢
あれは……少女の人生を守るために、やむなく行ったことです
あれは……少女の人生を守るために、やむなく行ったことです
麦蔵
麦蔵
そんなものは関係ない。
そんなものは関係ない。
俺たちは契約書によって関係を結んでいたんだ
俺たちは契約書によって関係を結んでいたんだ
麦蔵
麦蔵
そうだろ？
そうだろ？
唐沢
唐沢
…………
…………
唐沢代表は反論の弁を失う。
唐沢代表は反論の弁を失う。
それは、大河内代表が正しいからだ。
それは、大河内代表が正しいからだ。
もちろん、彼も恭一さんと言う地上時代の生き残りと思われる人物を隠しているが、まだそれが本当にそうだと言う証拠は出ていない。
もちろん、彼も恭一さんと言う地上時代の生き残りと思われる人物を隠しているが、まだそれが本当にそうだと言う証拠は出ていない。
麦蔵
麦蔵
今日ここに来たのは、それだけだ
今日ここに来たのは、それだけだ
そう言い、大河内代表は立ち上がった。
そう言い、大河内代表は立ち上がった。
秀隆
秀隆
…………
…………
麦蔵
麦蔵
行くぞ竹内
行くぞ竹内
竹内
竹内
はい、大河内代表
はい、大河内代表
オレは一言も発することが出来ず、その光景を漫然と見守っていた。
オレは一言も発することが出来ず、その光景を漫然と見守っていた。
いや、立ち尽くすことしか出来なかった。
いや、立ち尽くすことしか出来なかった。
竹内
竹内
お世話になりました、唐沢代表。どうぞお元気で
お世話になりました、唐沢代表。どうぞお元気で
唐沢
唐沢
…………
…………
唐沢代表もかける言葉尽き、うな垂れるだけだった。
唐沢代表もかける言葉尽き、うな垂れるだけだった。
突如として訪れる静寂。
突如として訪れる静寂。
唐沢
唐沢
くっ……！
くっ……！
se机を強く叩く1
se机を強く叩く1
唐沢代表は、見たこともない表情でテーブルを叩いた。
唐沢代表は、見たこともない表情でテーブルを叩いた。
内々でのこととはいえ、
内々でのこととはいえ、
かつてないほどの屈辱を味わったのではないだろうか。
かつてないほどの屈辱を味わったのではないだろうか。
２０年以上苦楽を共にした、名実共にトップの人間だった竹内代表。
２０年以上苦楽を共にした、名実共にトップの人間だった竹内代表。
そんな彼が、あっさりと唐沢代表を切り捨てた。
そんな彼が、あっさりと唐沢代表を切り捨てた。
迷いも何も感じさせず。
迷いも何も感じさせず。
唐沢
唐沢
だから僕は……規制緩和の改正には反対だったんだ……！
だから僕は……規制緩和の改正には反対だったんだ……！
それは独り言であり、オレへのあてつけだろう。
それは独り言であり、オレへのあてつけだろう。
秀隆
秀隆
失礼します……
失礼します……
オレは頭を下げ、急ぎ代表室を後にする。
オレは頭を下げ、急ぎ代表室を後にする。
秀隆
秀隆
竹内特務官！
竹内特務官！
竹内
竹内
島津くんか。どうかしたかね
島津くんか。どうかしたかね
秀隆
秀隆
本当に……本当にホープタウンを去るつもりですか
本当に……本当にホープタウンを去るつもりですか
竹内
竹内
もちろんだ。そうでなければ辞表など出さない
もちろんだ。そうでなければ辞表など出さない
秀隆
秀隆
どうして……
どうして……
秀隆
秀隆
どうしてこんなことが……
どうしてこんなことが……
麦蔵
麦蔵
俺はおまえに言ったはずだ。ホープタウンはあと数年以内に終わると
俺はおまえに言ったはずだ。ホープタウンはあと数年以内に終わると
麦蔵
麦蔵
これはその始まりにすぎん
これはその始まりにすぎん
秀隆
秀隆
……させません
……させません
秀隆
秀隆
オレが、必ずホープタウンを守って見せます
オレが、必ずホープタウンを守って見せます
麦蔵
麦蔵
地位も立場もない若輩のおまえが、高坂や竹内に立ち向かえるとでも？
地位も立場もない若輩のおまえが、高坂や竹内に立ち向かえるとでも？
秀隆
秀隆
絶対に……
絶対に……
麦蔵
麦蔵
せいぜい、俺の誘いを断ったことを、後悔しないようにな
せいぜい、俺の誘いを断ったことを、後悔しないようにな
大河内代表は不敵に笑い、オレに背中を向けた。
大河内代表は不敵に笑い、オレに背中を向けた。
竹内
竹内
島津くん
島津くん
秀隆
秀隆
竹内特務官……
竹内特務官……
竹内
竹内
以前私が、君に言ったことを覚えているかね？
以前私が、君に言ったことを覚えているかね？
誰かを信じ、誰かのために働き、誰かのために死ぬ。
誰かを信じ、誰かのために働き、誰かのために死ぬ。
それでは、いずれ自分自身を追い詰める結果になる、と
それでは、いずれ自分自身を追い詰める結果になる、と
秀隆
秀隆
はい……
はい……
竹内
竹内
唐沢代表の傍に居れば君もすぐ気づくだろう
唐沢代表の傍に居れば君もすぐ気づくだろう
竹内
竹内
彼が何を信じ、何にすがり……何を犠牲にしているのか
彼が何を信じ、何にすがり……何を犠牲にしているのか
竹内
竹内
それを知っても、尚唐沢代表の傍に居られるのか……
それを知っても、尚唐沢代表の傍に居られるのか……
竹内
竹内
私はそれが楽しみだよ
私はそれが楽しみだよ
大河内代表も、竹内代表も唐沢代表に対し、何故そんなことを言うのか。
大河内代表も、竹内代表も唐沢代表に対し、何故そんなことを言うのか。
オレはどんなことがあっても、あの人を信じて助け続けたい。
オレはどんなことがあっても、あの人を信じて助け続けたい。
秀隆
秀隆
……お疲れ様でした、竹内特務官
……お疲れ様でした、竹内特務官
精一杯の言葉を贈る。
精一杯の言葉を贈る。
竹内
竹内
半年後……待っているよ。交渉の舞台で
半年後……待っているよ。交渉の舞台で
そう言い残し、竹内特務官はゆっくりと歩いて行った。
そう言い残し、竹内特務官はゆっくりと歩いて行った。
ホープタウンには、何の未練もないと言い切るように。
ホープタウンには、何の未練もないと言い切るように。
これが
これが
竹内特務官の覚悟、という奴なんだろうか。
竹内特務官の覚悟、という奴なんだろうか。
磯部
磯部
……嘘だろ？
……嘘だろ？
秀隆
秀隆
残念ながら、本当のことだ
残念ながら、本当のことだ
オレは磯部とまどかを呼び、竹内特務官が、
オレは磯部とまどかを呼び、竹内特務官が、
急遽ホープタウンの特務官を辞めたことを伝えた。
急遽ホープタウンの特務官を辞めたことを伝えた。
まどか
まどか
どうして、竹内特務官が……信じられない
どうして、竹内特務官が……信じられない
秀隆
秀隆
紛れもない事実だ。今日唐沢代表から正式に発表があるはずだ
紛れもない事実だ。今日唐沢代表から正式に発表があるはずだ
磯部
磯部
俺は……ずっと竹内特務官に憧れてきたんだ
俺は……ずっと竹内特務官に憧れてきたんだ
磯部
磯部
あの人が居てくれたから、
あの人が居てくれたから、
嫌な雑用も全部、やろうと思えてきたんだっ……
嫌な雑用も全部、やろうと思えてきたんだっ……
秀隆
秀隆
突然のことで、オレも少し混乱してる。
突然のことで、オレも少し混乱してる。
でも、だからってオレたちが落ち込んでちゃ駄目じゃないか？
でも、だからってオレたちが落ち込んでちゃ駄目じゃないか？
秀隆
秀隆
彼が抜ける分まで、何とかフォローできるようにしないと
彼が抜ける分まで、何とかフォローできるようにしないと
磯部
磯部
フォロー？　……バカかよ
フォロー？　……バカかよ
磯部
磯部
竹内特務官がドリームタウンに行ったってことは、
竹内特務官がドリームタウンに行ったってことは、
高坂特務官とタッグを組んで、最強の特務官になるってことだ
高坂特務官とタッグを組んで、最強の特務官になるってことだ
磯部
磯部
そうなったら、もうホープタウンには何も出来ない
そうなったら、もうホープタウンには何も出来ない
まどか
まどか
…………
…………
それはまどかも同じだったのか、
それはまどかも同じだったのか、
下を向いて黙り込んでしまった。
下を向いて黙り込んでしまった。
秀隆
秀隆
オレは頑張る。竹内特務官を超えられるように
オレは頑張る。竹内特務官を超えられるように
磯部
磯部
おまえ如きが竹内特務官に適う訳ないだろうが
おまえ如きが竹内特務官に適う訳ないだろうが
秀隆
秀隆
少なくとも、一人抜けたくらいで落ち込む奴よりましだ
少なくとも、一人抜けたくらいで落ち込む奴よりましだ
磯部
磯部
俺は……
俺は……
秀隆
秀隆
そうだろ？　磯部
そうだろ？　磯部
磯部
磯部
……くそっ
……くそっ
磯部
磯部
竹内特務官がホープタウンを去ったのは、
竹内特務官がホープタウンを去ったのは、
恐らく俺たち新人がだらしなかったからに違いない
恐らく俺たち新人がだらしなかったからに違いない
磯部
磯部
もっと、ちゃんとしていれば、竹内特務官はここにいたはずだ
もっと、ちゃんとしていれば、竹内特務官はここにいたはずだ
秀隆
秀隆
かも
かも
磯部
磯部
……ちょっと、顔洗ってくる
……ちょっと、顔洗ってくる
どうやら、少し目が覚めたらしい。
どうやら、少し目が覚めたらしい。
まどか
まどか
私も少しだけ、席を外すわね
私も少しだけ、席を外すわね
秀隆
秀隆
頑張っていくしかないんだオレたちは
頑張っていくしかないんだオレたちは
秀隆
秀隆
……信じられねぇな……
……信じられねぇな……
竹内特務官が、前触れもなく特務官をやめたことが。
竹内特務官が、前触れもなく特務官をやめたことが。
秀隆
秀隆
いや……
いや……
前触れはあったのか。
前触れはあったのか。
彼は、オレの前で伝えようとしていた。
彼は、オレの前で伝えようとしていた。
……大河内代表の言った言葉も、気になってしまう。
……大河内代表の言った言葉も、気になってしまう。
唐沢代表が、何か秘密を握っている。
唐沢代表が、何か秘密を握っている。
秋
秋
ふう……
ふう……
唐沢
唐沢
おや？　ひょっとして、秋ちゃんかい？
おや？　ひょっとして、秋ちゃんかい？
秋
秋
えっ？
えっ？
ふと声をかけられ顔を上げると、懐かしい人がいた。
ふと声をかけられ顔を上げると、懐かしい人がいた。
秋
秋
唐沢さん、ですか？
唐沢さん、ですか？
唐沢
唐沢
……ああ。随分と久しぶりだね。まさか、こんなところで会うなんて
……ああ。随分と久しぶりだね。まさか、こんなところで会うなんて
唐沢さん。
唐沢さん。
街の代表で、私と兄さんを何度となく助けてくれた人だ。
街の代表で、私と兄さんを何度となく助けてくれた人だ。
と言っても、私は殆ど話をしたことはないけれど。
と言っても、私は殆ど話をしたことはないけれど。
秋
秋
お久しぶりです。えっと……
お久しぶりです。えっと……
唐沢
唐沢
３年ほど会わずじまいだったかな
３年ほど会わずじまいだったかな
秋
秋
それくらいになります。ご挨拶にも行かず申し訳ありません
それくらいになります。ご挨拶にも行かず申し訳ありません
唐沢
唐沢
いやいや。誰かと待ち合わせかい？　もう消灯時刻も過ぎているけど
いやいや。誰かと待ち合わせかい？　もう消灯時刻も過ぎているけど
秋
秋
ちょっと考え事をしていました
ちょっと考え事をしていました
唐沢
唐沢
考え事？　ふむ、僕で何か相談に乗れることかな？
考え事？　ふむ、僕で何か相談に乗れることかな？
秋
秋
あ、いえそんな……唐沢さんにご相談するほどのことでは……
あ、いえそんな……唐沢さんにご相談するほどのことでは……
唐沢
唐沢
遠慮はしないでほしいな。杉村からもよく君のことは聞いてるよ
遠慮はしないでほしいな。杉村からもよく君のことは聞いてるよ
唐沢
唐沢
座ってもいいかな？
座ってもいいかな？
そう言い、私の隣を指差した。
そう言い、私の隣を指差した。
秋
秋
どうぞ……
どうぞ……
唐沢さんは、断りを入れて私の隣に腰を下ろす。
唐沢さんは、断りを入れて私の隣に腰を下ろす。
秋
秋
今日も遅くまで、お仕事ご苦労様です
今日も遅くまで、お仕事ご苦労様です
唐沢
唐沢
いやいや、そう言うわけじゃないんだ。
いやいや、そう言うわけじゃないんだ。
実は、島津くんのところに顔を出そうと思っていたんだ
実は、島津くんのところに顔を出そうと思っていたんだ
秋
秋
兄さんに？
兄さんに？
唐沢
唐沢
携帯に連絡したんだけど、どうも圏外らしくてね
携帯に連絡したんだけど、どうも圏外らしくてね
秋
秋
そうでしたか
そうでしたか
唐沢
唐沢
それで、どんな悩みなんだい？
それで、どんな悩みなんだい？
秋
秋
それは……
それは……
唐沢
唐沢
遠慮しないで話してほしい。僕で力になれるかは分からないけれどね
遠慮しないで話してほしい。僕で力になれるかは分からないけれどね
秋
秋
本当に、迷惑だと思いますし
本当に、迷惑だと思いますし
唐沢
唐沢
僕は君たちに力を貸すべきだと思ってる。
僕は君たちに力を貸すべきだと思ってる。
だから、遠慮せずに聞かせてほしい。お願いだ
だから、遠慮せずに聞かせてほしい。お願いだ
そう言い、膝に手をついて頭を下げた。
そう言い、膝に手をついて頭を下げた。
秋
秋
や、やめてください。……本当に、大したことじゃないんです
や、やめてください。……本当に、大したことじゃないんです
秋
秋
あと１年で学園も卒業するので、その後どうしようかと
あと１年で学園も卒業するので、その後どうしようかと
唐沢
唐沢
それは、進路を悩んでるってことかな
それは、進路を悩んでるってことかな
秋
秋
はい
はい
唐沢
唐沢
島津くんはなんて？
島津くんはなんて？
秋
秋
好きにすればいいと
好きにすればいいと
唐沢
唐沢
彼らしからぬ行動だね。……まだ、仲は悪いままなのかい？
彼らしからぬ行動だね。……まだ、仲は悪いままなのかい？
秋
秋
仕方ありません
仕方ありません
唐沢
唐沢
……そうか
……そうか
唐沢は事情を察し、消灯時刻を迎えようとする空を見上げた。
唐沢は事情を察し、消灯時刻を迎えようとする空を見上げた。
唐沢
唐沢
僕はこれから島津くんの家に向かうけど、どうする？
僕はこれから島津くんの家に向かうけど、どうする？
秋
秋
私はもう少しここでゆっくりして行きます
私はもう少しここでゆっくりして行きます
唐沢
唐沢
わかった。あまり遅くなり過ぎないようにね。じゃあまた
わかった。あまり遅くなり過ぎないようにね。じゃあまた
秋
秋
はい。お疲れ様です
はい。お疲れ様です
キズナ
キズナ
ひーくんひーくん、ちょっといいですかっ
ひーくんひーくん、ちょっといいですかっ
秀隆
秀隆
どした？
どした？
キズナ
キズナ
ひーくんにお客さんです
ひーくんにお客さんです
秀隆
秀隆
客って、家に？
客って、家に？
キズナ
キズナ
はい。念のためアクセラさんは部屋に待機させてます
はい。念のためアクセラさんは部屋に待機させてます
秀隆
秀隆
すぐに行く
すぐに行く
リビングに出て玄関へ。
リビングに出て玄関へ。
そこに立っていたのは……。
そこに立っていたのは……。
唐沢
唐沢
やぁ
やぁ
秀隆
秀隆
か、唐沢代表！？
か、唐沢代表！？
思いがけない来訪者に驚く。
思いがけない来訪者に驚く。
秀隆
秀隆
あの、一体どのようなご用件で？
あの、一体どのようなご用件で？
唐沢
唐沢
うん。すぐ終わるんだけどね、ちょっといいかな？
うん。すぐ終わるんだけどね、ちょっといいかな？
秀隆
秀隆
はい、どうぞ
はい、どうぞ
オレは唐沢代表をリビングへ通す。
オレは唐沢代表をリビングへ通す。
秀隆
秀隆
キズナ、お茶を入れてあげてくれないか
キズナ、お茶を入れてあげてくれないか
キズナ
キズナ
わかりましたっ
わかりましたっ
唐沢
唐沢
ありがとう。悪いね
ありがとう。悪いね
秀隆
秀隆
今日はいったい、どのようなご用件で？
今日はいったい、どのようなご用件で？
昼間の一件があるだけに、どう対応していいか困る。
昼間の一件があるだけに、どう対応していいか困る。
唐沢
唐沢
これだよ
これだよ
そういい、書類を取り出す。
そういい、書類を取り出す。
秀隆
秀隆
これは……
これは……
唐沢
唐沢
君が特務官になる前に見せた、あれだよ
君が特務官になる前に見せた、あれだよ
秀隆
秀隆
…………
…………
唐沢
唐沢
決算の関係上、すぐ処理してしまわないと不味そうだったからね
決算の関係上、すぐ処理してしまわないと不味そうだったからね
唐沢
唐沢
急で申し訳ない
急で申し訳ない
秀隆
秀隆
そんな……お願いするのは、オレのほうなんですから
そんな……お願いするのは、オレのほうなんですから
秀隆
秀隆
高い……途方もなく高い買い物ですし
高い……途方もなく高い買い物ですし
キズナ
キズナ
何を買ったんですか？　家ですか？　車ですか？
何を買ったんですか？　家ですか？　車ですか？
秀隆
秀隆
そう言うんじゃないさ。悪いけどおまえは部屋に戻っててくれ
そう言うんじゃないさ。悪いけどおまえは部屋に戻っててくれ
キズナは素直に頷くと、部屋に戻って行った。
キズナは素直に頷くと、部屋に戻って行った。
秀隆
秀隆
いいんですか、唐沢代表
いいんですか、唐沢代表
唐沢
唐沢
ん？
ん？
秀隆
秀隆
自分は、唐沢代表の想いには応えられていない現実があります。
自分は、唐沢代表の想いには応えられていない現実があります。
だからこの契約内容を破棄されても、文句を言える立場にはありません
だからこの契約内容を破棄されても、文句を言える立場にはありません
秀隆
秀隆
特に最近は……
特に最近は……
唐沢
唐沢
ああ……すまない。昼間、僕は君に八つ当たりのようなことを言ってしまった
ああ……すまない。昼間、僕は君に八つ当たりのようなことを言ってしまった
唐沢
唐沢
あの件にはもう、触れないと約束していたのにね
あの件にはもう、触れないと約束していたのにね
秀隆
秀隆
竹内特務官が辞めるなんて、考えもしませんでしたから
竹内特務官が辞めるなんて、考えもしませんでしたから
唐沢
唐沢
うん……。これからは、厳しい戦いになる
うん……。これからは、厳しい戦いになる
唐沢
唐沢
僕は契約を無効にするつもりなんてないよ。
僕は契約を無効にするつもりなんてないよ。
そもそも、この契約は君が特務官になった時点で成立している
そもそも、この契約は君が特務官になった時点で成立している
唐沢
唐沢
君が受け取るべき正当な報酬だ
君が受け取るべき正当な報酬だ
秀隆
秀隆
……しかし……
……しかし……
唐沢
唐沢
竹内くんが抜けた今、いつまでも下を向いてはいられない
竹内くんが抜けた今、いつまでも下を向いてはいられない
唐沢
唐沢
僕たちはホープタウンの人間として、戦っていかなければならないんだ
僕たちはホープタウンの人間として、戦っていかなければならないんだ
秀隆
秀隆
はい……
はい……
唐沢
唐沢
君にも、佐々野くんや磯部くんにも、強く期待しているよ
君にも、佐々野くんや磯部くんにも、強く期待しているよ
秀隆
秀隆
ありがとうございます
ありがとうございます
唐沢
唐沢
それじゃ、僕は帰るよ。長居すると悪いから
それじゃ、僕は帰るよ。長居すると悪いから
秀隆
秀隆
あ、送ります
あ、送ります
唐沢
唐沢
はは、大丈夫だよ
はは、大丈夫だよ
唐沢
唐沢
あ、そうだ。余計なことかも知れないけど……
あ、そうだ。余計なことかも知れないけど……
唐沢
唐沢
さっき、公園で秋ちゃんを見かけたよ
さっき、公園で秋ちゃんを見かけたよ
秀隆
秀隆
秋を？
秋を？
唐沢
唐沢
進路のことで悩んでるみたいだった。相談に乗ってあげてほしい
進路のことで悩んでるみたいだった。相談に乗ってあげてほしい
秀隆
秀隆
すみません、余計なご心配をいただいて
すみません、余計なご心配をいただいて
唐沢
唐沢
それじゃ、また明日
それじゃ、また明日
秀隆
秀隆
はい。お疲れ様です
はい。お疲れ様です
オレは唐沢代表を玄関で見送り、頭を下げた。
オレは唐沢代表を玄関で見送り、頭を下げた。
振り返ると、キズナがジーっとオレを見ている。
振り返ると、キズナがジーっとオレを見ている。
秀隆
秀隆
なんだよ……
なんだよ……
キズナ
キズナ
いえっ
いえっ
そう言い、ニヘラっと笑うと部屋に戻っていった。
そう言い、ニヘラっと笑うと部屋に戻っていった。
秀隆
秀隆
なんなんだ？
なんなんだ？
オレはテーブルに置かれた書類を手に取る。
オレはテーブルに置かれた書類を手に取る。
秀隆
秀隆
……万一にも、これを見られるわけにはいかないしな
……万一にも、これを見られるわけにはいかないしな
書類を手に取り、部屋へと戻った。
書類を手に取り、部屋へと戻った。
キズナ
キズナ
アクセラさんアクセラさんっ
アクセラさんアクセラさんっ
アクセラ
アクセラ
どうなさいましたか、キズナ様
どうなさいましたか、キズナ様
キズナ
キズナ
実は私、大変なことを知ってしまったかも知れません
実は私、大変なことを知ってしまったかも知れません
アクセラ
アクセラ
と、いいますと？
と、いいますと？
キズナ
キズナ
この家の家計に大打撃を与えることになるかも知れないです
この家の家計に大打撃を与えることになるかも知れないです
アクセラ
アクセラ
それは聞き捨てなりませんね。なんでしょうか
それは聞き捨てなりませんね。なんでしょうか
キズナ
キズナ
ひーくんが、私たちに内緒で高い物を買ったようです
ひーくんが、私たちに内緒で高い物を買ったようです
アクセラ
アクセラ
なっ―――！？
なっ―――！？
キズナ
キズナ
何を購入したのか、チェックしておくべきではっ
何を購入したのか、チェックしておくべきではっ
アクセラ
アクセラ
それは一大事です。ただでさえ家計に余裕はありません
それは一大事です。ただでさえ家計に余裕はありません
キズナ
キズナ
どうしますか。拉致して拷問、吐かせますかっ
どうしますか。拉致して拷問、吐かせますかっ
アクセラ
アクセラ
そうしたいのは山々ですが、
そうしたいのは山々ですが、
生憎と私の権限ではそのような行動は取れません
生憎と私の権限ではそのような行動は取れません
アクセラ
アクセラ
直接お聞きするしかないかと
直接お聞きするしかないかと
キズナ
キズナ
正攻法で聞いても、答えてはくれないと思います
正攻法で聞いても、答えてはくれないと思います
アクセラ
アクセラ
では、どう致しましょうか……
では、どう致しましょうか……
キズナ
キズナ
その買ったものの、明細票みたいなものを、
その買ったものの、明細票みたいなものを、
ひーくんは持っていると思います
ひーくんは持っていると思います
アクセラ
アクセラ
なんと……それを拝見することが出来れば
なんと……それを拝見することが出来れば
キズナ
キズナ
買ったものが何か、分かると言うわけです
買ったものが何か、分かると言うわけです
キズナ
キズナ
では、早速探って来たいと思いますっ
では、早速探って来たいと思いますっ
アクセラ
アクセラ
大丈夫ですか？　もし悟られるようなことになれば、
大丈夫ですか？　もし悟られるようなことになれば、
恐らく秀隆様は、その証拠を隠滅するでしょう
恐らく秀隆様は、その証拠を隠滅するでしょう
アクセラ
アクセラ
慎重にことを運ぶ必要があるかと思います
慎重にことを運ぶ必要があるかと思います
キズナ
キズナ
作戦を練る、と言うことですねっ
作戦を練る、と言うことですねっ
アクセラ
アクセラ
はい。二人で協力すれば可能ではないでしょうか
はい。二人で協力すれば可能ではないでしょうか
アクセラ
アクセラ
秀隆様
秀隆様
秀隆
秀隆
どした？
どした？
アクセラ
アクセラ
お風呂のご用意が出来ておりますが、いかがなさいますか？
お風呂のご用意が出来ておりますが、いかがなさいますか？
秀隆
秀隆
他のみんなは？
他のみんなは？
アクセラ
アクセラ
キズナ様は、既に入られております。秋様はお戻りになっておりません
キズナ様は、既に入られております。秋様はお戻りになっておりません
秀隆
秀隆
んじゃ、入ろうかな
んじゃ、入ろうかな
アクセラ
アクセラ
どうぞ、ごゆっくり
どうぞ、ごゆっくり
秀隆
秀隆
ああ
ああ
オレは脱衣所へ。
オレは脱衣所へ。
キズナ
キズナ
ひーくんは？
ひーくんは？
アクセラ
アクセラ
お風呂に入られました。早くとも２０分は中におられるかと
お風呂に入られました。早くとも２０分は中におられるかと
キズナ
キズナ
了解ですっ
了解ですっ
アクセラ
アクセラ
一応、私は秀隆様のアンドロイドですので、
一応、私は秀隆様のアンドロイドですので、
キズナ様が秀隆様のお部屋に入られることは容認できません
キズナ様が秀隆様のお部屋に入られることは容認できません
キズナ
キズナ
でも、武力行使で止めることは出来ないんですよね？
でも、武力行使で止めることは出来ないんですよね？
アクセラ
アクセラ
はい
はい
キズナ
キズナ
じゃあ行ってきます。島津家の家計を守るためにっ
じゃあ行ってきます。島津家の家計を守るためにっ
キズナは敬礼し、秀隆の部屋へと足を踏み入れた。
キズナは敬礼し、秀隆の部屋へと足を踏み入れた。
キズナ
キズナ
部屋自体には、それほどモノが多くないので……
部屋自体には、それほどモノが多くないので……
探せる場所は非常に限られている。
探せる場所は非常に限られている。
机回りかベッドの下。
机回りかベッドの下。
あるいは角に積まれてある書類のあたり。
あるいは角に積まれてある書類のあたり。
キズナ
キズナ
見つからないです……
見つからないです……
アクセラ
アクセラ
そろそろ秀隆様がお風呂からあがられるお時間です
そろそろ秀隆様がお風呂からあがられるお時間です
キズナ
キズナ
ひーくんは、確かに部屋に書類を持って戻りました。
ひーくんは、確かに部屋に書類を持って戻りました。
だから部屋の中にあるのは確定だと思うのですが……
だから部屋の中にあるのは確定だと思うのですが……
調べられる範囲は全て調べた。
調べられる範囲は全て調べた。
そのうえでどこにも見当たらない。
そのうえでどこにも見当たらない。
キズナ
キズナ
天井なんかにもないですし……
天井なんかにもないですし……
奇抜な場所も調べてみたが、当然見当たらない。
奇抜な場所も調べてみたが、当然見当たらない。
アクセラ
アクセラ
キズナ様、限界です
キズナ様、限界です
秀隆
秀隆
あ～いい湯だった
あ～いい湯だった
アクセラ
アクセラ
さっぱりされたみたいですね
さっぱりされたみたいですね
秀隆
秀隆
ああ。後でアクセラも入ればいい
ああ。後でアクセラも入ればいい
アクセラ
アクセラ
はい。そうさせていただきます
はい。そうさせていただきます
秀隆
秀隆
どうしたキズナ。難しい顔してるみたいだが？
どうしたキズナ。難しい顔してるみたいだが？
キズナ
キズナ
そうですか？　いえ、特に何かあるわけではないですっ
そうですか？　いえ、特に何かあるわけではないですっ
秀隆
秀隆
そっか
そっか
オレは気にせず自分の部屋に。
オレは気にせず自分の部屋に。
キズナ
キズナ
失敗でした……
失敗でした……
アクセラ
アクセラ
どこかわからないところに隠したんでしょうか？
どこかわからないところに隠したんでしょうか？
キズナ
キズナ
くまなく探したんですが……
くまなく探したんですが……
キズナ
キズナ
もしかすると、ひーくんは自分で持っていたのかも知れません
もしかすると、ひーくんは自分で持っていたのかも知れません
アクセラ
アクセラ
脱衣所にまで持ち込んでいたということですか？
脱衣所にまで持ち込んでいたということですか？
キズナ
キズナ
可能性はあると思います
可能性はあると思います
アクセラ
アクセラ
もしそうであるなら、深刻な事態かも知れません
もしそうであるなら、深刻な事態かも知れません
キズナ
キズナ
……島津家崩壊、かもですっ
……島津家崩壊、かもですっ
アクセラ
アクセラ
もしそのようなことになれば、秋様に合わせる顔がありません
もしそのようなことになれば、秋様に合わせる顔がありません
アクセラ
アクセラ
キズナ様も、路頭に迷うことになってしまいます
キズナ様も、路頭に迷うことになってしまいます
キズナ
キズナ
明日には書類はなくなってしまいそうなので、
明日には書類はなくなってしまいそうなので、
私は多少危険を覚悟でひーくんに突撃してきます
私は多少危険を覚悟でひーくんに突撃してきます
アクセラ
アクセラ
それは、非常にリスキーな選択になりますが……
それは、非常にリスキーな選択になりますが……
キズナ
キズナ
ご心配なくですっ
ご心配なくですっ
アクセラ
アクセラ
ご武運を、キズナ様……
ご武運を、キズナ様……
小一時間後。
小一時間後。
オレは偵察に来たキズナの首根っこを掴まえ、リビングへ。
オレは偵察に来たキズナの首根っこを掴まえ、リビングへ。
秀隆
秀隆
ったく、おまえも協力者なのか？　アクセラ
ったく、おまえも協力者なのか？　アクセラ
キズナ
キズナ
アクセラさんは悪くありませんっ、関係ないですっ。ね？
アクセラさんは悪くありませんっ、関係ないですっ。ね？
アクセラ
アクセラ
申し訳ありません
申し訳ありません
秀隆
秀隆
まぁいいけどさ
まぁいいけどさ
キズナは明らかにアクセラを庇っていたが、
キズナは明らかにアクセラを庇っていたが、
わざわざ責め立てるようなことじゃない。
わざわざ責め立てるようなことじゃない。
アクセラ
アクセラ
あの、いったい何をお買い上げになったんですか？
あの、いったい何をお買い上げになったんですか？
キズナ
キズナ
結局私には教えてくれませんでした
結局私には教えてくれませんでした
二人が教えてほしそうにこちらを見る。
二人が教えてほしそうにこちらを見る。
秀隆
秀隆
ちょっとな
ちょっとな
アクセラ
アクセラ
秀隆様には何度も申し上げておりますが、家計に余裕はありません
秀隆様には何度も申し上げておりますが、家計に余裕はありません
秀隆
秀隆
心配するな。借金はしてないから
心配するな。借金はしてないから
アクセラ
アクセラ
信用してよろしいのですね？
信用してよろしいのですね？
秀隆
秀隆
ああ
ああ
アクセラ
アクセラ
分かりました。そう仰るのであれば、信用します
分かりました。そう仰るのであれば、信用します
キズナ
キズナ
うーん、何を買ったのか気になります
うーん、何を買ったのか気になります
秀隆
秀隆
飯にしてくれ。もうお腹ぺこぺこだ
飯にしてくれ。もうお腹ぺこぺこだ
キズナ
キズナ
あれ？　あっきーは帰ってきましたっけ？
あれ？　あっきーは帰ってきましたっけ？
アクセラ
アクセラ
まだお戻りになっておりません
まだお戻りになっておりません
時刻は８時を回っている。
時刻は８時を回っている。
アクセラ
アクセラ
携帯の方は何度か鳴らしているのですが、反応はありません
携帯の方は何度か鳴らしているのですが、反応はありません
キズナ
キズナ
何かあったのかも知れません、ひーくんっ
何かあったのかも知れません、ひーくんっ
秀隆
秀隆
そうか
そうか
秀隆
秀隆
とりあえず飯にしようか
とりあえず飯にしようか
キズナ
キズナ
いいんですか？
いいんですか？
秀隆
秀隆
唐沢代表の話じゃ、一人で公園にいるらしい。ほっとけばいいさ
唐沢代表の話じゃ、一人で公園にいるらしい。ほっとけばいいさ
秀隆
秀隆
それより飯だって
それより飯だって
アクセラ
アクセラ
申し訳ございません、秀隆様。秋様をお探しに行ってまいります
申し訳ございません、秀隆様。秋様をお探しに行ってまいります
秀隆
秀隆
子供じゃないんだから心配する必要ないぞ
子供じゃないんだから心配する必要ないぞ
アクセラ
アクセラ
そうはいきません。今までこのような前例はありませんから
そうはいきません。今までこのような前例はありませんから
秀隆
秀隆
前例ねぇ……
前例ねぇ……
キズナ
キズナ
私もあっきーを迎えに行きます
私もあっきーを迎えに行きます
アクセラ
アクセラ
ではまいりましょう
ではまいりましょう
キズナ
キズナ
はいっ
はいっ
秀隆
秀隆
いや、あの……オレの飯……
いや、あの……オレの飯……
その場に残され、ポツンとオレは佇んだ。
その場に残され、ポツンとオレは佇んだ。
ったく。
ったく。
アクセラたちが戻ってくるまで、
アクセラたちが戻ってくるまで、
オレは資料でも見ながら待つことにしよう。
オレは資料でも見ながら待つことにしよう。
オレは一人テーブルに座る。
オレは一人テーブルに座る。
そして、職場から持ち帰ったデータを端末に表示する。
そして、職場から持ち帰ったデータを端末に表示する。
ここ最近かき集めた柳沢製薬の資料だ。
ここ最近かき集めた柳沢製薬の資料だ。
秀隆
秀隆
…………
…………
彼はこの先、何をしようとしているのか。
彼はこの先、何をしようとしているのか。
もっともっと、注意深く動向を探っていかなきゃな。
もっともっと、注意深く動向を探っていかなきゃな。
キズナ
キズナ
すっかり暗くなってしまいましたね
すっかり暗くなってしまいましたね
アクセラ
アクセラ
そうですね
そうですね
キズナ
キズナ
あっきーは公園に居るでしょうか？
あっきーは公園に居るでしょうか？
アクセラ
アクセラ
秋様は突然体調を崩されることもありますので、心配です
秋様は突然体調を崩されることもありますので、心配です
キズナ
キズナ
もう一度携帯鳴らしてみてはどうでしょう？
もう一度携帯鳴らしてみてはどうでしょう？
アクセラ
アクセラ
……申し訳ございません、携帯は持たず出て来てしまいました
……申し訳ございません、携帯は持たず出て来てしまいました
キズナ
キズナ
では私の携帯でかけてみますね
では私の携帯でかけてみますね
キズナは携帯で秋のアドレスを呼び出す。
キズナは携帯で秋のアドレスを呼び出す。
少し不安になりながら、キズナが電話をかける。
少し不安になりながら、キズナが電話をかける。
１コール、２コール……。
１コール、２コール……。
キズナ
キズナ
ダメです。留守電になってしまいました
ダメです。留守電になってしまいました
アクセラ
アクセラ
やはり、直接探すしかありませんね
やはり、直接探すしかありませんね
キズナ
キズナ
あのアクセラさん。やっぱりひーくんとあっきーの間に何があったのか、それを教えてもらうことは出来ないのですか？
あのアクセラさん。やっぱりひーくんとあっきーの間に何があったのか、それを教えてもらうことは出来ないのですか？
キズナ
キズナ
私、お二人の、そしてアクセラさんの力になりたいんです
私、お二人の、そしてアクセラさんの力になりたいんです
アクセラ
アクセラ
こればかりはキズナ様にお話することは出来ません。
こればかりはキズナ様にお話することは出来ません。
私には秘密を守るよう秀隆様、秋様にそれぞれ指示されております
私には秘密を守るよう秀隆様、秋様にそれぞれ指示されております
キズナ
キズナ
そうですか……では、少し質問を変えさせてください
そうですか……では、少し質問を変えさせてください
キズナ
キズナ
アクセラさんは、それぞれの事情をすべて把握しているんですか？
アクセラさんは、それぞれの事情をすべて把握しているんですか？
アクセラ
アクセラ
私が知ることが全てである保証はございませんが、
私が知ることが全てである保証はございませんが、
少なくとも私よりも事情を知るものは、この街にはいないと思います
少なくとも私よりも事情を知るものは、この街にはいないと思います
キズナ
キズナ
じゃあ、全てを知るアクセラさんは、
じゃあ、全てを知るアクセラさんは、
それを知ったうえでお二人のことをどう思われていますか？
それを知ったうえでお二人のことをどう思われていますか？
アクセラ
アクセラ
もちろん、どちらも掛け替えのない家族だと思っていますよ
もちろん、どちらも掛け替えのない家族だと思っていますよ
キズナ
キズナ
なるほどです。それがわかれば十分ですねっ
なるほどです。それがわかれば十分ですねっ
キズナ
キズナ
急ぎ探しましょう、あっきーを
急ぎ探しましょう、あっきーを
その後、秋はキズナたちと一緒に帰ってきた。
その後、秋はキズナたちと一緒に帰ってきた。
だが、オレは一度も顔を合わせることなく、その日は眠りについた。
だが、オレは一度も顔を合わせることなく、その日は眠りについた。
…………。
…………。
……。
……。
