まどか
まどか
あら？　おはよう島津くん
あら？　おはよう島津くん
秀隆
秀隆
お、おう、おはようさん
お、おう、おはようさん
まどか
まどか
今ステーションの方から出てきたみたいだったけど……
今ステーションの方から出てきたみたいだったけど……
まどか
まどか
もしかして、昨日泊まりでどこか行ってた？
もしかして、昨日泊まりでどこか行ってた？
秀隆
秀隆
ちょっとな
ちょっとな
まどか
まどか
あれ、でも確か今島津くんが担当してる仕事って
あれ、でも確か今島津くんが担当してる仕事って
ホープタウン関連の仕事よね……
ホープタウン関連の仕事よね……
一緒に仕事場へ向かいながら、
一緒に仕事場へ向かいながら、
不可解な部分をまどかに突っ込まれる。
不可解な部分をまどかに突っ込まれる。
まどか
まどか
ねえ。ひょっとして……
ねえ。ひょっとして……
まどか
まどか
……なんでもない
……なんでもない
秀隆
秀隆
なんだよ。言いかけたのにやめられると気になるだろ？
なんだよ。言いかけたのにやめられると気になるだろ？
まどか
まどか
私が聞くようなことじゃないけど、
私が聞くようなことじゃないけど、
島津くん、もしかして彼女ができた？
島津くん、もしかして彼女ができた？
秀隆
秀隆
……なんでそう思う？
……なんでそう思う？
鋭い指摘が飛んできた。
鋭い指摘が飛んできた。
まどか
まどか
何となくよ。別に理由なんてないけど
何となくよ。別に理由なんてないけど
秀隆
秀隆
そうだな、そんなところだ
そうだな、そんなところだ
まどか
まどか
へえ。よかったじゃない、おめでとう
へえ。よかったじゃない、おめでとう
秀隆
秀隆
おう、ありがとな。オレもやっと独り身を卒業だ
おう、ありがとな。オレもやっと独り身を卒業だ
まどか
まどか
……と言うことは、その彼女の家に泊まってた、ってこと？
……と言うことは、その彼女の家に泊まってた、ってこと？
秀隆
秀隆
まあ……
まあ……
まどか
まどか
そう
そう
秀隆
秀隆
…………
…………
まどか
まどか
…………
…………
まどか
まどか
ごめんなさい。変なこと聞いて、忘れて
ごめんなさい。変なこと聞いて、忘れて
秀隆
秀隆
大丈夫だ。別に大したことでもないし
大丈夫だ。別に大したことでもないし
秀隆
秀隆
気を使われる方がアレだしな
気を使われる方がアレだしな
まどか
まどか
その彼女とはどこで知り合ったの？
その彼女とはどこで知り合ったの？
秀隆
秀隆
ちょっと仕事で、かな
ちょっと仕事で、かな
まどか
まどか
へえ……
へえ……
秀隆
秀隆
よし
よし
オレは端末を終了させ、席を立った。
オレは端末を終了させ、席を立った。
どうにか、調べていたもの全ての情報が出揃ったな。
どうにか、調べていたもの全ての情報が出揃ったな。
携帯を手に取ったオレは、一通のメールを凛に送る。
携帯を手に取ったオレは、一通のメールを凛に送る。
消灯直後、凛が小走りにやってくる。
消灯直後、凛が小走りにやってくる。
凛
凛
ごめ、ちょっと仕事長引いちゃった。待たせちゃった？
ごめ、ちょっと仕事長引いちゃった。待たせちゃった？
秀隆
秀隆
気にするな。そんな大した時間じゃないよ
気にするな。そんな大した時間じゃないよ
凛
凛
でも急に遊びに来てくれなんて、どういうこと？
でも急に遊びに来てくれなんて、どういうこと？
秀隆
秀隆
彼女として、一度くらいは家に招きたいだろ。アクセラと秋に報告もいるし
彼女として、一度くらいは家に招きたいだろ。アクセラと秋に報告もいるし
凛
凛
あ、まだしてなかったんだ
あ、まだしてなかったんだ
秀隆
秀隆
一応凛も同席した方が良いと思ってさ
一応凛も同席した方が良いと思ってさ
キズナには、まだ凛とのことは伏せるように伝えている。
キズナには、まだ凛とのことは伏せるように伝えている。
秀隆
秀隆
泊まる許可は取れたか？
泊まる許可は取れたか？
凛
凛
かなりギリギリだったけど。何とかスタッフが手配してくれた
かなりギリギリだったけど。何とかスタッフが手配してくれた
秀隆
秀隆
よっし。これで今日も一日凛とすごせるな
よっし。これで今日も一日凛とすごせるな
凛
凛
でもエッチは無しよ？
でもエッチは無しよ？
秀隆
秀隆
わ、分かってるって。さすがに自宅でそんなことする勇気はない
わ、分かってるって。さすがに自宅でそんなことする勇気はない
凛
凛
どーだか
どーだか
秀隆
秀隆
ただいまーっと
ただいまーっと
アクセラ
アクセラ
お帰りなさいませ、秀隆様
お帰りなさいませ、秀隆様
凛
凛
こんばんわ
こんばんわ
アクセラ
アクセラ
凛様。お疲れ様です。さ、スリッパをどうぞ
凛様。お疲れ様です。さ、スリッパをどうぞ
凛
凛
……あのさ、アクセラ
……あのさ、アクセラ
アクセラ
アクセラ
はい。なんでしょうか？
はい。なんでしょうか？
凛
凛
いつもあたしに優しくしてくれてありがと。感謝してる
いつもあたしに優しくしてくれてありがと。感謝してる
アクセラ
アクセラ
とんでもございません。凛様に喜んでいただけて嬉しく思います
とんでもございません。凛様に喜んでいただけて嬉しく思います
秀隆
秀隆
…………
…………
オレと凛は、報告をするために全員が揃うのを待った。
オレと凛は、報告をするために全員が揃うのを待った。
秋
秋
今日は何だか、いつもと違う感じがしますね
今日は何だか、いつもと違う感じがしますね
キズナ
キズナ
ですね。キリリっとした雰囲気がしますっ
ですね。キリリっとした雰囲気がしますっ
凛
凛
ほら秀隆。さっさと言っちゃったら？
ほら秀隆。さっさと言っちゃったら？
隣に座る凛に、肘で突かれた。
隣に座る凛に、肘で突かれた。
秀隆
秀隆
そうだな……えっと。おまえたち３人に報告があるんだ
そうだな……えっと。おまえたち３人に報告があるんだ
秀隆
秀隆
でも、今から言うことは内密にしておいてもらいたい
でも、今から言うことは内密にしておいてもらいたい
秋
秋
なんですか？
なんですか？
秀隆
秀隆
……オレ、ここに居る、水野凛さんとお付き合いさせてもらってます
……オレ、ここに居る、水野凛さんとお付き合いさせてもらってます
秋
秋
……あの、そういう冗談はいいです
……あの、そういう冗談はいいです
秀隆
秀隆
…………
…………
凛
凛
プっ。信じて貰えてないでやんの
プっ。信じて貰えてないでやんの
秀隆
秀隆
あのな、信じられない気持ちは分かるが、
あのな、信じられない気持ちは分かるが、
マジでオレと凛は付き合ってるんだって
マジでオレと凛は付き合ってるんだって
アクセラ
アクセラ
秀隆様。少しは現実と向き合ってください。
秀隆様。少しは現実と向き合ってください。
どこをどうやれば、秀隆様如きが凛様とお付き合いできると？
どこをどうやれば、秀隆様如きが凛様とお付き合いできると？
凛
凛
あははは。アクセラあんた面白いわね
あははは。アクセラあんた面白いわね
アクセラ
アクセラ
ありがとうございます。ただ、私は真実を述べただけですので
ありがとうございます。ただ、私は真実を述べただけですので
秋
秋
いつもすみません、兄が変なことを言って
いつもすみません、兄が変なことを言って
凛
凛
いいのいいの。慣れてるから
いいのいいの。慣れてるから
秀隆
秀隆
いや、おまえも何かいえよ！　こいつら微塵も信じてないぞ！
いや、おまえも何かいえよ！　こいつら微塵も信じてないぞ！
凛
凛
んなこと言われても
んなこと言われても
こいつ、状況を楽しんでやがる……。
こいつ、状況を楽しんでやがる……。
秀隆
秀隆
今日はそのことを報告するために、凛を連れて来たんだ
今日はそのことを報告するために、凛を連れて来たんだ
凛
凛
あたし初耳だけど？
あたし初耳だけど？
秀隆
秀隆
おい……
おい……
秋
秋
兄さん。これ以上凛さんを困らせないでください
兄さん。これ以上凛さんを困らせないでください
秀隆
秀隆
別に嘘ついてるわけじゃ……
別に嘘ついてるわけじゃ……
秀隆
秀隆
キズナ、おまえはオレたちが付き合ってること知ってるもんな。
キズナ、おまえはオレたちが付き合ってること知ってるもんな。
前に街で会ったときに、ちゃんと教えたよな？
前に街で会ったときに、ちゃんと教えたよな？
キズナ
キズナ
そうなんですか？
そうなんですか？
ぐ、こいつ……。
ぐ、こいつ……。
絶対オレをからかってるだろ。
絶対オレをからかってるだろ。
秀隆
秀隆
よし。なら付き合ってるって言う証明を見せてやる
よし。なら付き合ってるって言う証明を見せてやる
キズナ
キズナ
どうやってですか？
どうやってですか？
秀隆
秀隆
凛、キスしよう
凛、キスしよう
凛
凛
はぁ？　嫌に決まってるでしょ
はぁ？　嫌に決まってるでしょ
秀隆
秀隆
…………
…………
アクセラ
アクセラ
公然とアイドルにキスを求めるなんて……
公然とアイドルにキスを求めるなんて……
キズナ
キズナ
最低ですねえ、ひーくん
最低ですねえ、ひーくん
秀隆
秀隆
凛、おまえなぁ……
凛、おまえなぁ……
凛
凛
なになに。あたしには事態が呑み込めないんだけど
なになに。あたしには事態が呑み込めないんだけど
キズナだけじゃなく、凛まで明らかにわざと楽しんでいる。
キズナだけじゃなく、凛まで明らかにわざと楽しんでいる。
秀隆
秀隆
オレと凛なんて、めっちゃお似合いのカップルだろ？
オレと凛なんて、めっちゃお似合いのカップルだろ？
秋
秋
これ以上は痛々しいだけですよ、兄さん
これ以上は痛々しいだけですよ、兄さん
アクセラ
アクセラ
全然釣り合っていません。凛様ならもっと上の男性を目指せます
全然釣り合っていません。凛様ならもっと上の男性を目指せます
凛
凛
だって？
だって？
秀隆
秀隆
ぐ……
ぐ……
秀隆
秀隆
お前らが言たいことも、わからないでもない。
お前らが言たいことも、わからないでもない。
でもオレは真剣に凛を愛してるし、愛して貰えてると思ってる
でもオレは真剣に凛を愛してるし、愛して貰えてると思ってる
キズナ
キズナ
ひーくん……
ひーくん……
秋
秋
兄さん……
兄さん……
アクセラ
アクセラ
警察に通報しましょう
警察に通報しましょう
秋
秋
そうですね。これ以上妄想が膨らんだら、凛さんに何をするか……
そうですね。これ以上妄想が膨らんだら、凛さんに何をするか……
キズナ
キズナ
早く正気に戻ってくださいっ
早く正気に戻ってくださいっ
秀隆
秀隆
う、うぅっ……
う、うぅっ……
オレはテーブルに崩れ落ちた。
オレはテーブルに崩れ落ちた。
何を言っても、言葉でこいつらに信じてもらえる自信がない。
何を言っても、言葉でこいつらに信じてもらえる自信がない。
凛
凛
特務官も大したことないわね
特務官も大したことないわね
秀隆
秀隆
うるせえ。こいつらはオレに対する信用度がないから無理なんだよ
うるせえ。こいつらはオレに対する信用度がないから無理なんだよ
凛
凛
まったく
まったく
やれやれ、と凛はため息をついた。
やれやれ、と凛はため息をついた。
凛
凛
今秀隆が言ったこと、本当なの。あたしたち付き合い始めたの
今秀隆が言ったこと、本当なの。あたしたち付き合い始めたの
秋
秋
…………
…………
アクセラ
アクセラ
…………
…………
２人がオレと凛を交互に見やる。
２人がオレと凛を交互に見やる。
秋
秋
どんな弱みを握られたんですか？
どんな弱みを握られたんですか？
アクセラ
アクセラ
もしもの時は私が押さえつけますので
もしもの時は私が押さえつけますので
凛
凛
あんた、普段家でどんな扱い受けてるわけ？
あんた、普段家でどんな扱い受けてるわけ？
秀隆
秀隆
聞くも語るも涙だ
聞くも語るも涙だ
凛
凛
別にあたしは弱みも握られてないし、困ってもない。
別にあたしは弱みも握られてないし、困ってもない。
秀隆に好きって言ってもらって、あたしはそれに答えただけなの
秀隆に好きって言ってもらって、あたしはそれに答えただけなの
凛はオレの肩にそっと触れる。
凛はオレの肩にそっと触れる。
凛
凛
普段は頼りないとこもあるけど、いざって時はカッコいい。
普段は頼りないとこもあるけど、いざって時はカッコいい。
それは多分、ここにいる全員もわかってるんじゃない？
それは多分、ここにいる全員もわかってるんじゃない？
アクセラ
アクセラ
では、本当に……
では、本当に……
凛
凛
そ。今日はその報告をしにきたってわけ
そ。今日はその報告をしにきたってわけ
秋
秋
兄さんが、凛さんと……
兄さんが、凛さんと……
秋とアクセラが、露骨に驚きの表情を見せる。
秋とアクセラが、露骨に驚きの表情を見せる。
秀隆
秀隆
やっと信じて貰えたようだな……
やっと信じて貰えたようだな……
凛
凛
よろしく……お願いできる？
よろしく……お願いできる？
秋
秋
はい。本当に兄さんなんかでいいのか、と言う疑問は残りますが
はい。本当に兄さんなんかでいいのか、と言う疑問は残りますが
凛
凛
それは、一応毎日考えてる
それは、一応毎日考えてる
秀隆
秀隆
考えられてるの！？
考えられてるの！？
アクセラ
アクセラ
秀隆様。凛様を泣かせてはいけませんよ？
秀隆様。凛様を泣かせてはいけませんよ？
秀隆
秀隆
分かってるよ。ちゃんと大切にするさ
分かってるよ。ちゃんと大切にするさ
秀隆
秀隆
よし、じゃあおまえたちには特別にオレと凛のなり染めを……
よし、じゃあおまえたちには特別にオレと凛のなり染めを……
凛
凛
あ、もう秀隆は部屋に戻っていいわよ。今から３人とおしゃべりするから
あ、もう秀隆は部屋に戻っていいわよ。今から３人とおしゃべりするから
秀隆
秀隆
え？
え？
キズナ
キズナ
女の子同士の会話に、男の子は不要ですしね
女の子同士の会話に、男の子は不要ですしね
秀隆
秀隆
あ、あの？
あ、あの？
秋
秋
兄さんの悪いところ全部、凛さんにお教えしておきますから
兄さんの悪いところ全部、凛さんにお教えしておきますから
アクセラ
アクセラ
秀隆様はご退場ください
秀隆様はご退場ください
秀隆
秀隆
ちょ、ちょっと？　ねえ、ちょっと？
ちょ、ちょっと？　ねえ、ちょっと？
オレは全員に追い出され、部屋に押し込められた。
オレは全員に追い出され、部屋に押し込められた。
それから１時間ほどして、凛がオレの部屋にやって来た。
それから１時間ほどして、凛がオレの部屋にやって来た。
凛
凛
やっほー
やっほー
秀隆
秀隆
やっほーじゃない。ったく、いつまで女だけで話してるつもりだ
やっほーじゃない。ったく、いつまで女だけで話してるつもりだ
凛
凛
ごめんごめん、秀隆の悪口で盛り上がっちゃってさ
ごめんごめん、秀隆の悪口で盛り上がっちゃってさ
秀隆
秀隆
本当にそこで盛り上がってたのか……
本当にそこで盛り上がってたのか……
凛
凛
だって、秋の口から出るわ出るわ、秀隆の悪いところ
だって、秋の口から出るわ出るわ、秀隆の悪いところ
秀隆
秀隆
あいつのは変なフィルターがかかってるんだ、気にするな
あいつのは変なフィルターがかかってるんだ、気にするな
凛
凛
一番身近で秀隆を見てきた存在だし、案外当たってたりして
一番身近で秀隆を見てきた存在だし、案外当たってたりして
一体何をお聞きになったのか……。
一体何をお聞きになったのか……。
後でこっそりアクセラに確認しておこう。
後でこっそりアクセラに確認しておこう。
凛
凛
前と同じで、アクセラのベッドを借りることにしたから
前と同じで、アクセラのベッドを借りることにしたから
秀隆
秀隆
そうか
そうか
凛
凛
じゃあ、あたしお風呂入らせてもらうわね
じゃあ、あたしお風呂入らせてもらうわね
秀隆
秀隆
ちょっと待ってくれ。少し話があるんだ
ちょっと待ってくれ。少し話があるんだ
凛
凛
エッチなことじゃないでしょうね？
エッチなことじゃないでしょうね？
秀隆
秀隆
真面目な話だ。座ってほしい
真面目な話だ。座ってほしい
凛
凛
……何よ。まぁ、聞くけどさ
……何よ。まぁ、聞くけどさ
やや警戒しながら、凛はベッドに腰をおろした。
やや警戒しながら、凛はベッドに腰をおろした。
秀隆
秀隆
単刀直入に言う。凛……オレはお前の携帯を勝手に見た
単刀直入に言う。凛……オレはお前の携帯を勝手に見た
凛
凛
え……
え……
秀隆
秀隆
希望が遊びに来た日、おまえが部屋に居なかった時だ
希望が遊びに来た日、おまえが部屋に居なかった時だ
凛
凛
な、なんでそんなこと……
な、なんでそんなこと……
秀隆
秀隆
悪かったと思ってる。でも、嫌な予感がしたんだ
悪かったと思ってる。でも、嫌な予感がしたんだ
秀隆
秀隆
……どうして、相談してくれなかったんだ
……どうして、相談してくれなかったんだ
凛
凛
そっか……何か、何度か変な雰囲気、あったと思ってたけど
そっか……何か、何度か変な雰囲気、あったと思ってたけど
凛
凛
秀隆、ずっとあたしから言うの、待ってたのね
秀隆、ずっとあたしから言うの、待ってたのね
秀隆
秀隆
ああ……出来れば、凛の口から聞きたかった
ああ……出来れば、凛の口から聞きたかった
秀隆
秀隆
それに、これは凛の問題だと思ってたからだ。
それに、これは凛の問題だと思ってたからだ。
芸能界での戦いには、本来オレが口を挟むべきことじゃない
芸能界での戦いには、本来オレが口を挟むべきことじゃない
秀隆
秀隆
だからこそ、凛も黙ってたんだろ？
だからこそ、凛も黙ってたんだろ？
凛は、静かに頷いた。
凛は、静かに頷いた。
凛
凛
前に話したことあると思うけど、芸能界には黒い部分ってあるからさ
前に話したことあると思うけど、芸能界には黒い部分ってあるからさ
凛
凛
芸能界って言うか、どんな仕事でもそうだと思うけど
芸能界って言うか、どんな仕事でもそうだと思うけど
秀隆
秀隆
そうだな
そうだな
凛
凛
あたしって、可愛いからさ。マネージャーだったり、
あたしって、可愛いからさ。マネージャーだったり、
共演者の芸人だったりに狙われても無理ないって言うか
共演者の芸人だったりに狙われても無理ないって言うか
凛
凛
実際今までも、コレに似たことって経験あったから……
実際今までも、コレに似たことって経験あったから……
秀隆
秀隆
直接、オレが殴りこんで凛に手を出すな、
直接、オレが殴りこんで凛に手を出すな、
って言えたらどれだけ楽だろうって、何度も考えたよ
って言えたらどれだけ楽だろうって、何度も考えたよ
秀隆
秀隆
だけどそれが出来ないことはわかってるし、
だけどそれが出来ないことはわかってるし、
仮に出来たとしても、そう言うやり方は賢いとは言えない
仮に出来たとしても、そう言うやり方は賢いとは言えない
オレは真っ直ぐと凛を見つめる。
オレは真っ直ぐと凛を見つめる。
秀隆
秀隆
……オレはあの人を、金本を許せそうにない
……オレはあの人を、金本を許せそうにない
凛
凛
許せないって……あたし、直接は何もされてないし。
許せないって……あたし、直接は何もされてないし。
そりゃ、セクハラ発言や多少触られたりはしてるけど……
そりゃ、セクハラ発言や多少触られたりはしてるけど……
秀隆
秀隆
オレがあの人を怒ってるのは、凛のことだけじゃない
オレがあの人を怒ってるのは、凛のことだけじゃない
秀隆
秀隆
彼が、これまでどんなことをしてきたのか、していたのかを調べたんだ
彼が、これまでどんなことをしてきたのか、していたのかを調べたんだ
秀隆
秀隆
確かに仕事には闇がつき物だ。
確かに仕事には闇がつき物だ。
でも、気づいた以上、それを放置するなんてオレには出来ない
でも、気づいた以上、それを放置するなんてオレには出来ない
凛
凛
あたし、情けなくないかな……？
あたし、情けなくないかな……？
秀隆
秀隆
情けない？
情けない？
凛
凛
これはあたしの戦いなのに……秀隆に頼ってもいいのかな
これはあたしの戦いなのに……秀隆に頼ってもいいのかな
秀隆
秀隆
当たり前だろ。オレはお前の彼氏なんだぞ？
当たり前だろ。オレはお前の彼氏なんだぞ？
秀隆
秀隆
金本だって、プロダクションの力を使う。
金本だって、プロダクションの力を使う。
あるいは人脈を駆使して戦っている。なら、凛も同じだ
あるいは人脈を駆使して戦っている。なら、凛も同じだ
秀隆
秀隆
なら、遠慮なんてするな。オレを頼ってくれ
なら、遠慮なんてするな。オレを頼ってくれ
凛
凛
……どうしたらいい……？
……どうしたらいい……？
凛
凛
あの金本に、あたしは心底ムカついてる
あの金本に、あたしは心底ムカついてる
凛
凛
あたしや他のアイドルたちが、どれだけ食い物にされたか……
あたしや他のアイドルたちが、どれだけ食い物にされたか……
凛
凛
身近で見てきたあたしは、誰よりも知ってるつもり
身近で見てきたあたしは、誰よりも知ってるつもり
秀隆
秀隆
……覚悟はあるか？　自分の血肉を犠牲にする、そんな覚悟が
……覚悟はあるか？　自分の血肉を犠牲にする、そんな覚悟が
凛
凛
……あたしは……
……あたしは……
凛の瞳に宿された意思は、やはり弱くなんてない。
凛の瞳に宿された意思は、やはり弱くなんてない。
凛はしっかりと頷いた。
凛はしっかりと頷いた。
秀隆
秀隆
よし。じゃあ、明日はデートだな。
よし。じゃあ、明日はデートだな。
オレの練りに練ったプランを聞かせてやる
オレの練りに練ったプランを聞かせてやる
明日を切り開くために……。
明日を切り開くために……。
…………。
…………。
……。
……。
