秀隆
秀隆
ん……もう朝か……
ん……もう朝か……
秀隆
秀隆
飯ー
飯ー
朝、眠い目を擦りながら、オレはリビングに出てきた。
朝、眠い目を擦りながら、オレはリビングに出てきた。
希望
希望
はい。ご飯
はい。ご飯
そう言って、何も乗っていない皿を差し出される。
そう言って、何も乗っていない皿を差し出される。
秀隆
秀隆
おーサンキュー……って、これは食べ物じゃねえよ
おーサンキュー……って、これは食べ物じゃねえよ
希望
希望
お皿は食べられない？
お皿は食べられない？
秀隆
秀隆
当たり前だ
当たり前だ
席につく。
席につく。
隣に腰を下ろす金髪の少女。
隣に腰を下ろす金髪の少女。
秀隆
秀隆
あー眠い……
あー眠い……
希望
希望
夜遅かったの？
夜遅かったの？
秀隆
秀隆
ちょっとなぁ。仕事の資料整理してたら……
ちょっとなぁ。仕事の資料整理してたら……
秀隆
秀隆
え？
え？
希望
希望
おはよう秀隆くん
おはよう秀隆くん
秀隆
秀隆
……何をしてるのかな？　君は
……何をしてるのかな？　君は
希望
希望
遊びにきちゃった
遊びにきちゃった
秀隆
秀隆
いや、遊びにきちゃった、じゃないから……
いや、遊びにきちゃった、じゃないから……
オレの隣には、いつもの希望がいた。
オレの隣には、いつもの希望がいた。
ころころと表情を変え、笑みを浮かべる女の子が。
ころころと表情を変え、笑みを浮かべる女の子が。
どう考えても冷戦状態みたいになっていたと思うんだが……。
どう考えても冷戦状態みたいになっていたと思うんだが……。
それよりも何よりも……。
それよりも何よりも……。
秀隆
秀隆
今日は平日だろ
今日は平日だろ
希望
希望
そうだね
そうだね
秀隆
秀隆
学園は？
学園は？
希望
希望
お休みになったよ
お休みになったよ
秀隆
秀隆
それは、お前の中でか？　学園全体がか？
それは、お前の中でか？　学園全体がか？
希望
希望
痛いところを突いてくるね。前者だったりするかなぁ
痛いところを突いてくるね。前者だったりするかなぁ
秀隆
秀隆
……大河内代表に知れたら大目玉食らうんじゃないか？
……大河内代表に知れたら大目玉食らうんじゃないか？
希望
希望
その辺は放任主義だから大丈夫
その辺は放任主義だから大丈夫
秀隆
秀隆
ったく……ステーションの許可はどうやったんだよ
ったく……ステーションの許可はどうやったんだよ
希望
希望
じゃんっ
じゃんっ
そう言い、ごそごそと何かを取り出す。
そう言い、ごそごそと何かを取り出す。
希望
希望
Ｂクラスの権限を持ったＩＤカードだったり
Ｂクラスの権限を持ったＩＤカードだったり
秀隆
秀隆
どうしたんだよこれ……
どうしたんだよこれ……
希望
希望
龍也さんに貰ったの。規制緩和した後に
龍也さんに貰ったの。規制緩和した後に
秀隆
秀隆
……職権乱用だな
……職権乱用だな
希望
希望
あははは
あははは
秀隆
秀隆
まぁ……
まぁ……
何にせよ、いつもの希望が見られたことは良かった。
何にせよ、いつもの希望が見られたことは良かった。
希望
希望
ありがとう
ありがとう
秀隆
秀隆
なんだよ突然。お礼を言われるようなことはしてないぞ
なんだよ突然。お礼を言われるようなことはしてないぞ
希望
希望
何となく言いたかったの。駄目？
何となく言いたかったの。駄目？
秀隆
秀隆
駄目じゃないよ
駄目じゃないよ
希望
希望
あはは
あはは
オレは、希望が好きだ。
オレは、希望が好きだ。
だけどこれでいいんだろう。
だけどこれでいいんだろう。
希望が今の関係を望んでいるのなら、
希望が今の関係を望んでいるのなら、
オレはその関係を続けていくだけだ。
オレはその関係を続けていくだけだ。
アクセラ
アクセラ
おはようございます秀隆様
おはようございます秀隆様
秀隆
秀隆
ああ、おはよう。キズナは―――今調理中か
ああ、おはよう。キズナは―――今調理中か
台所では楽しそうな鼻歌が聞こえてくる。
台所では楽しそうな鼻歌が聞こえてくる。
アクセラ
アクセラ
はい。今日はキズナ様の担当ですので
はい。今日はキズナ様の担当ですので
希望
希望
秋ちゃんは？
秋ちゃんは？
秀隆
秀隆
あいつは朝弱いからな。まだ準備中だろう。すぐ出てくるさ
あいつは朝弱いからな。まだ準備中だろう。すぐ出てくるさ
秀隆
秀隆
ところで、朝飯は食ってきたのか？
ところで、朝飯は食ってきたのか？
希望
希望
えっとね、お腹は空いてるよ
えっとね、お腹は空いてるよ
秀隆
秀隆
と言うことらしい
と言うことらしい
アクセラ
アクセラ
追加でご用意いたしますね
追加でご用意いたしますね
希望
希望
ありがとっ
ありがとっ
アクセラはキズナの元へ。
アクセラはキズナの元へ。
秀隆
秀隆
しかし、いくら大河内代表の娘とは言え、
しかし、いくら大河内代表の娘とは言え、
Ｂクラスの権限を軽く得るなんて恐ろしいな
Ｂクラスの権限を軽く得るなんて恐ろしいな
希望
希望
そんなに凄いものなの？　秀隆くんは？
そんなに凄いものなの？　秀隆くんは？
秀隆
秀隆
オレは……一応Ａクラスだけどな……でも、仮のものだぞ？
オレは……一応Ａクラスだけどな……でも、仮のものだぞ？
秀隆
秀隆
実際普通特務官に与えられるのはＣクラスが妥当なところだ。
実際普通特務官に与えられるのはＣクラスが妥当なところだ。
それこそ企業の社長ですら、ＤクラスやＣクラスが基本になる
それこそ企業の社長ですら、ＤクラスやＣクラスが基本になる
だろうし
だろうし
希望
希望
そんなに凄いんだ、これ
そんなに凄いんだ、これ
秀隆
秀隆
規制緩和の影響で、昔よりは大幅にクラスの差はなくなったけどな
規制緩和の影響で、昔よりは大幅にクラスの差はなくなったけどな
実際、Ｄクラスまでは廃止の声も上がっている。
実際、Ｄクラスまでは廃止の声も上がっている。
希望
希望
じゃあ別に大したものでもないんじゃない？
じゃあ別に大したものでもないんじゃない？
ぐにっとＩＤカードを曲げる。
ぐにっとＩＤカードを曲げる。
秀隆
秀隆
コラコラ……！　折れたらどうするつもりだ！
コラコラ……！　折れたらどうするつもりだ！
慌てて制止する。
慌てて制止する。
秀隆
秀隆
Ｂクラスのカードをぞんざいに扱うなよ
Ｂクラスのカードをぞんざいに扱うなよ
秀隆
秀隆
……まぁ、希望らしくていいのかも知れないが
……まぁ、希望らしくていいのかも知れないが
秋
秋
あれ、希望さん。おはよう、ございます
あれ、希望さん。おはよう、ございます
秋が起きてきた。
秋が起きてきた。
来客があると思っていなかったのか、
来客があると思っていなかったのか、
髪はまだ少し寝癖が残ってしまっている。
髪はまだ少し寝癖が残ってしまっている。
希望
希望
おはよう秋ちゃん
おはよう秋ちゃん
秋
秋
随分早いですが、どうしたんですか？
随分早いですが、どうしたんですか？
希望
希望
ちょっと遊びに来たの
ちょっと遊びに来たの
悪びれた様子もなく言う。
悪びれた様子もなく言う。
秀隆
秀隆
こいつは平気で学園をサボる悪い生徒だからな
こいつは平気で学園をサボる悪い生徒だからな
希望
希望
私生活を縛られるのは好きじゃないんだよ
私生活を縛られるのは好きじゃないんだよ
秀隆
秀隆
……おい
……おい
希望
希望
それはさすがに冗談だよ。やだな、本気にした？
それはさすがに冗談だよ。やだな、本気にした？
今日はどうしても遊びたい気分だったから
今日はどうしても遊びたい気分だったから
秀隆
秀隆
百歩譲ってそれを認めるとしても、
百歩譲ってそれを認めるとしても、
オレは仕事。秋もキズナも、この後学園があるんだぞ？
オレは仕事。秋もキズナも、この後学園があるんだぞ？
希望
希望
秀隆くんについていこうかな。見学させてもらったりとか
秀隆くんについていこうかな。見学させてもらったりとか
秀隆
秀隆
ダメだ
ダメだ
希望
希望
ダメなの？
ダメなの？
秀隆
秀隆
官邸は遊ぶところじゃない
官邸は遊ぶところじゃない
希望
希望
じゃあ、こんな風に真面目な顔していけばいいかな？
じゃあ、こんな風に真面目な顔していけばいいかな？
キリッと表情を変えてはいるが、全然真面目そうには見えない。
キリッと表情を変えてはいるが、全然真面目そうには見えない。
秀隆
秀隆
それのどこが真面目な顔だ
それのどこが真面目な顔だ
アクセラ
アクセラ
秀隆さまなんて、普段から不真面目な顔じゃないですか
秀隆さまなんて、普段から不真面目な顔じゃないですか
秀隆
秀隆
いやいや、めっちゃシリアスだろ。キリッ
いやいや、めっちゃシリアスだろ。キリッ
秋
秋
……全然見えません
……全然見えません
秀隆
秀隆
うるせぇ！
うるせぇ！
キズナ
キズナ
はいっ。ご飯ができましたー
はいっ。ご飯ができましたー
希望
希望
わ、美味しそうだね
わ、美味しそうだね
キズナ
キズナ
きぼうちゃんのために、いつもより多く調味料を振り掛けましたっ
きぼうちゃんのために、いつもより多く調味料を振り掛けましたっ
秀隆
秀隆
それはサービスとして成立しているのか……？
それはサービスとして成立しているのか……？
食事を終え、身支度を済ませた。
食事を終え、身支度を済ませた。
希望はアクセラと何気ない雑談をしていたようだった。
希望はアクセラと何気ない雑談をしていたようだった。
秀隆
秀隆
どうする。アクセラとなら話しててもいいぞ？
どうする。アクセラとなら話しててもいいぞ？
希望
希望
んー……途中までなら着いていってもいい？
んー……途中までなら着いていってもいい？
秀隆
秀隆
ま、途中までならな
ま、途中までならな
アクセラ
アクセラ
いってらっしゃいませ
いってらっしゃいませ
秀隆
秀隆
なんかあったのか？
なんかあったのか？
希望
希望
え？
え？
秀隆
秀隆
いや、別に悪い意味で思い返させるわけじゃなくてさ。
いや、別に悪い意味で思い返させるわけじゃなくてさ。
今日の希望はどこか、いつもと違う気がしてさ
今日の希望はどこか、いつもと違う気がしてさ
希望
希望
そうかな？
そうかな？
秀隆
秀隆
もしかして……オレのせいで何かあっ
もしかして……オレのせいで何かあっ
希望
希望
それはないから、大丈夫
それはないから、大丈夫
オレが言おうとした言葉を遮る。
オレが言おうとした言葉を遮る。
秀隆
秀隆
そうか
そうか
オレが希望にしたことで、高坂特務官との関係が悪化した。
オレが希望にしたことで、高坂特務官との関係が悪化した。
あるいは大河内代表との間に何かあった。
あるいは大河内代表との間に何かあった。
そう言う可能性を考えた。
そう言う可能性を考えた。
だけど、すぐ否定したところを見ると見当違いなようだ。
だけど、すぐ否定したところを見ると見当違いなようだ。
表情や仕草からも、それは感じ取れない。
表情や仕草からも、それは感じ取れない。
言葉を遮ったのは、もうぶり返したくないことからだろう。
言葉を遮ったのは、もうぶり返したくないことからだろう。
だが、こういう反応を見るに、
だが、こういう反応を見るに、
まだオレと接することには多少なり抵抗が残っている証拠。
まだオレと接することには多少なり抵抗が残っている証拠。
なら朝から顔を突き合わせるような真似を気軽にするとは思えない。
なら朝から顔を突き合わせるような真似を気軽にするとは思えない。
何か、よっぽどの理由が……。
何か、よっぽどの理由が……。
秀隆
秀隆
ダメだな……
ダメだな……
希望
希望
ダメって、ナニがかな？
ダメって、ナニがかな？
秀隆
秀隆
あぁ、いや。独り言
あぁ、いや。独り言
アレコレと思考しすぎるのは良くない。
アレコレと思考しすぎるのは良くない。
仕事とは関係ないんだから。
仕事とは関係ないんだから。
秀隆
秀隆
もうすぐ官邸だが、どうする？
もうすぐ官邸だが、どうする？
希望
希望
んー。どうしようかな……
んー。どうしようかな……
秀隆
秀隆
今からは仕事だし、昼飯だけ合流するってのも変な話しだしな
今からは仕事だし、昼飯だけ合流するってのも変な話しだしな
秀隆
秀隆
ドリームタウンに戻った方がいいんじゃないか？
ドリームタウンに戻った方がいいんじゃないか？
希望
希望
色々考えてみる。今日はごめんね、朝早くから押しかけたりして
色々考えてみる。今日はごめんね、朝早くから押しかけたりして
秀隆
秀隆
凛とのやり取りで、おまえがそう言う奴だっていうのは分かってる
凛とのやり取りで、おまえがそう言う奴だっていうのは分かってる
希望
希望
あはは。そうだね
あはは。そうだね
秀隆
秀隆
じゃあな。何かあったらいつでも連絡してくれ
じゃあな。何かあったらいつでも連絡してくれ
秀隆
秀隆
困ったことがあったら、なんでもいいんだからな？
困ったことがあったら、なんでもいいんだからな？
一度だけ、念を押すように言った。
一度だけ、念を押すように言った。
希望
希望
うん。ありがとう
うん。ありがとう
秀隆
秀隆
単純に、オレとの関係を修復しようって気持ちだけ、なのか？
単純に、オレとの関係を修復しようって気持ちだけ、なのか？
正直、判断が難しい。
正直、判断が難しい。
オレのことが、しかも感情的なことで絡んでいると、
オレのことが、しかも感情的なことで絡んでいると、
それを計算に入れるのはとても難しいからだ。
それを計算に入れるのはとても難しいからだ。
数値にして推測することが出来ない。
数値にして推測することが出来ない。
とりあえず、凛にメールだけでもしておこう。
とりあえず、凛にメールだけでもしておこう。
…………。
…………。
……。
……。
秀隆
秀隆
今日も仕事は終わり、と
今日も仕事は終わり、と
定時を過ぎ、オレはタイムカードを切って帰ることにする。
定時を過ぎ、オレはタイムカードを切って帰ることにする。
ここ数日は希望に会うために、バタバタ帰宅してたからな。
ここ数日は希望に会うために、バタバタ帰宅してたからな。
久しぶりにゆっくり帰ることが出来そうだ。
久しぶりにゆっくり帰ることが出来そうだ。
外に出る。
外に出る。
すると、官邸に置かれてあるベンチに座る一人の少女が。
すると、官邸に置かれてあるベンチに座る一人の少女が。
秀隆
秀隆
……何やってんだ、ここで
……何やってんだ、ここで
希望
希望
休憩？
休憩？
顔をあげて、そう言った希望。
顔をあげて、そう言った希望。
秀隆
秀隆
まさか今日一日、ずっとそこに居たんじゃないだろうな？
まさか今日一日、ずっとそこに居たんじゃないだろうな？
希望
希望
うん。昼は街の方をぶらぶらと
うん。昼は街の方をぶらぶらと
秀隆
秀隆
同じようなもんだ。帰らなくていいのか？
同じようなもんだ。帰らなくていいのか？
希望
希望
まだいいかな、って
まだいいかな、って
秀隆
秀隆
……ったく
……ったく
希望
希望
これから秀隆くんの家に遊びに行っていい？
これから秀隆くんの家に遊びに行っていい？
秀隆
秀隆
オレが断ったらどうする？
オレが断ったらどうする？
希望
希望
もう少しここに残るかな。他の人には迷惑かけられないし
もう少しここに残るかな。他の人には迷惑かけられないし
秀隆
秀隆
オレにはかけてもいいのか……
オレにはかけてもいいのか……
希望
希望
他の誰よりも信頼してるってことだよ
他の誰よりも信頼してるってことだよ
秀隆
秀隆
嘘付け
嘘付け
希望
希望
バレちゃった？
バレちゃった？
秀隆
秀隆
やっぱり嘘だったか……一人でいるくらいなら、家に来い
やっぱり嘘だったか……一人でいるくらいなら、家に来い
希望
希望
秀隆くんなら、そう言ってくれると思ってた
秀隆くんなら、そう言ってくれると思ってた
何か理由がある。
何か理由がある。
それだけははっきりした。
それだけははっきりした。
希望
希望
一日の時間が経つのって早いね
一日の時間が経つのって早いね
秀隆
秀隆
今日もそう思ったのか？
今日もそう思ったのか？
希望
希望
うん。どうして？
うん。どうして？
秀隆
秀隆
ベンチに座ってたり、街をただぶらつくだけだと、
ベンチに座ってたり、街をただぶらつくだけだと、
一日の時間が経つのを遅く感じたりするもんだ
一日の時間が経つのを遅く感じたりするもんだ
希望
希望
そうかな？　いろんな発見があって楽しいからじゃないかな
そうかな？　いろんな発見があって楽しいからじゃないかな
秀隆
秀隆
もしくは、何か考え事をしてた、とかな
もしくは、何か考え事をしてた、とかな
希望
希望
考え事って、なに？
考え事って、なに？
秀隆
秀隆
さぁ。それはおまえが一番分かってるんじゃないのか？
さぁ。それはおまえが一番分かってるんじゃないのか？
希望
希望
…………
…………
秀隆
秀隆
今日突然オレのところに来たのには、理由があるだろ
今日突然オレのところに来たのには、理由があるだろ
ただのサボりだったら、きっとオレのところには来なかった。
ただのサボりだったら、きっとオレのところには来なかった。
まだ絶対気まずさが残っているからだ。
まだ絶対気まずさが残っているからだ。
希望
希望
そんなことないよ
そんなことないよ
へらっと笑うが、オレはその視線を捕らえる。
へらっと笑うが、オレはその視線を捕らえる。
秀隆
秀隆
おまえはオレをたずねてきた。
おまえはオレをたずねてきた。
それは、他に行くあてがなかったからだ。違うか
それは、他に行くあてがなかったからだ。違うか
希望
希望
……あはは
……あはは
秀隆
秀隆
何があったんだ？　オレには話せないことか？
何があったんだ？　オレには話せないことか？
希望
希望
秀隆くんは、鋭いからなぁ……見抜かれたか
秀隆くんは、鋭いからなぁ……見抜かれたか
秀隆
秀隆
おまえをちゃんと見てれば分かる
おまえをちゃんと見てれば分かる
希望
希望
そっか……
そっか……
希望はちょっとだけ俯きながら、地面を一度蹴った。
希望はちょっとだけ俯きながら、地面を一度蹴った。
希望
希望
お父さんと喧嘩したんだ
お父さんと喧嘩したんだ
秀隆
秀隆
……なんと
……なんと
希望
希望
それで、もうこんな家出てってやる！　みたいな？
それで、もうこんな家出てってやる！　みたいな？
秀隆
秀隆
さすがにそんな言い方はしてないだろ
さすがにそんな言い方はしてないだろ
希望
希望
似たようなものだよ
似たようなものだよ
希望と大河内代表の関係は深く知らないが、
希望と大河内代表の関係は深く知らないが、
関係が良好であることだけは、分かっている。
関係が良好であることだけは、分かっている。
実際、希望は大河内代表の考えには基本的に従っている。
実際、希望は大河内代表の考えには基本的に従っている。
だからこそ、高坂特務官との結婚にも、反対をしていないんだ。
だからこそ、高坂特務官との結婚にも、反対をしていないんだ。
その希望が喧嘩するって、相当なことなんじゃないだろうか。
その希望が喧嘩するって、相当なことなんじゃないだろうか。
秀隆
秀隆
大河内代表と喧嘩するのは珍しい、よな？
大河内代表と喧嘩するのは珍しい、よな？
希望
希望
うん。初めてかな。本気で怒らせたのは
うん。初めてかな。本気で怒らせたのは
秀隆
秀隆
なにがあったんだ？
なにがあったんだ？
希望
希望
それは……ごめん。秀隆くんでも話せない
それは……ごめん。秀隆くんでも話せない
秀隆
秀隆
じゃあ、高坂特務官には？
じゃあ、高坂特務官には？
希望
希望
龍也さんにも、まだ話せない……
龍也さんにも、まだ話せない……
よっぽど深刻な喧嘩らしい。
よっぽど深刻な喧嘩らしい。
秀隆
秀隆
ちゃんと家には帰るんだろうな？
ちゃんと家には帰るんだろうな？
希望
希望
大喧嘩で飛び出したのに、家には帰れないかな
大喧嘩で飛び出したのに、家には帰れないかな
秀隆
秀隆
じゃあどうするんだ
じゃあどうするんだ
希望
希望
今日は凛ちゃんのところに、泊めてもらうことになってるんだ
今日は凛ちゃんのところに、泊めてもらうことになってるんだ
秀隆
秀隆
なるほど
なるほど
希望
希望
夜仕事が終わったら合流することになってて。
夜仕事が終わったら合流することになってて。
それまでは暇だから、ホープタウンに遊びに来たの
それまでは暇だから、ホープタウンに遊びに来たの
希望
希望
秀隆くん家に遊びに行った後、そっちに行くから心配しないで
秀隆くん家に遊びに行った後、そっちに行くから心配しないで
秀隆
秀隆
それはいいんだけどな……
それはいいんだけどな……
秀隆
秀隆
凛、今テレビ局に泊りがけで仕事なんじゃないか？
凛、今テレビ局に泊りがけで仕事なんじゃないか？
驚いたように、オレを見上げる。
驚いたように、オレを見上げる。
秀隆
秀隆
朝おまえと別れた後、凛に連絡を取った。
朝おまえと別れた後、凛に連絡を取った。
もしかしたら希望と何か話してるんじゃないかと思ってな
もしかしたら希望と何か話してるんじゃないかと思ってな
秀隆
秀隆
そしたら、暫く泊り込みで仕事だって言ってた
そしたら、暫く泊り込みで仕事だって言ってた
希望
希望
むぅ、まさかそんな根回しが行ってるなんて
むぅ、まさかそんな根回しが行ってるなんて
秀隆
秀隆
根回しっつーか、解決の糸口になればいいと思ってさ
根回しっつーか、解決の糸口になればいいと思ってさ
希望
希望
さすが期待の新人特務官だね。出来る
さすが期待の新人特務官だね。出来る
秀隆
秀隆
どうしても、家には帰るつもりはないってことか
どうしても、家には帰るつもりはないってことか
希望
希望
……一日で帰ったら、さすがに格好悪いし
……一日で帰ったら、さすがに格好悪いし
希望
希望
……私の言葉が軽くなっちゃうから
……私の言葉が軽くなっちゃうから
秀隆
秀隆
言葉？
言葉？
希望
希望
……なんでもない
……なんでもない
喧嘩の発端に関することだろうか。
喧嘩の発端に関することだろうか。
深くは聞いて欲しくなさそうなので、深入りはよそう。
深くは聞いて欲しくなさそうなので、深入りはよそう。
ただでさえ、オレと希望の関係にはヒビが入っている。
ただでさえ、オレと希望の関係にはヒビが入っている。
不用意な詮索は、また傷をつけかねない。
不用意な詮索は、また傷をつけかねない。
もう、あの日のような希望の顔は見たくないんだ。
もう、あの日のような希望の顔は見たくないんだ。
秀隆
秀隆
金は持ってるのか？
金は持ってるのか？
希望
希望
うん、缶ジュースくらいは買えるよ
うん、缶ジュースくらいは買えるよ
秀隆
秀隆
つまり持ってないってことだな
つまり持ってないってことだな
希望
希望
そうとも言うかもしれないね
そうとも言うかもしれないね
ったくこいつは、いつもと変わらない態度で言いやがる。
ったくこいつは、いつもと変わらない態度で言いやがる。
秀隆
秀隆
家には部屋の空きがないから、
家には部屋の空きがないから、
キズナと同じ部屋で寝ることになるけどいいか？
キズナと同じ部屋で寝ることになるけどいいか？
希望
希望
え……？
え……？
秀隆
秀隆
事情を知っていながら、お前に野宿させるわけにも行かないだろ？
事情を知っていながら、お前に野宿させるわけにも行かないだろ？
希望
希望
秀隆くん……
秀隆くん……
希望
希望
私……
私……
秀隆
秀隆
遠慮するなって
遠慮するなって
希望
希望
私……
私……
別に、ホテル代を貸してくれてもいいんだよ？
別に、ホテル代を貸してくれてもいいんだよ？
秀隆
秀隆
そんな金はない！
そんな金はない！
秀隆
秀隆
つーわけで、少しの間希望を泊めることになった
つーわけで、少しの間希望を泊めることになった
希望
希望
よろしくお願いします
よろしくお願いします
深々と頭を下げる。
深々と頭を下げる。
キズナ
キズナ
賑やかになりますね！
賑やかになりますね！
キズナは嬉しそうに言う。
キズナは嬉しそうに言う。
秋
秋
私は兄さんがいいなら、反対はしません。
私は兄さんがいいなら、反対はしません。
でも、お父さんと仲直りしないと……
でも、お父さんと仲直りしないと……
秀隆
秀隆
少し時間を空けたら、二人とも話し合えるさ。な？
少し時間を空けたら、二人とも話し合えるさ。な？
希望
希望
うん……
うん……
アクセラ
アクセラ
眠る際は私のベッドをご使用ください
眠る際は私のベッドをご使用ください
希望
希望
だけど、アクセラさんは？
だけど、アクセラさんは？
キズナ
キズナ
ひーくんと一緒に寝るみたいです
ひーくんと一緒に寝るみたいです
アクセラ
アクセラ
そのような仕打ちを受けるくらいであれば、
そのような仕打ちを受けるくらいであれば、
私は全裸で街中を走り回る選択を致します
私は全裸で街中を走り回る選択を致します
秀隆
秀隆
そこまで拒絶することないだろ！
そこまで拒絶することないだろ！
アクセラ
アクセラ
無論、冗談です
無論、冗談です
秀隆
秀隆
…………
…………
アクセラ
アクセラ
私はリビングのほうで休ませていただきますので
私はリビングのほうで休ませていただきますので
希望
希望
だけど、そんなの悪いよ
だけど、そんなの悪いよ
秀隆
秀隆
アクセラはアンドロイドだ。あまり気にするな
アクセラはアンドロイドだ。あまり気にするな
キズナ
キズナ
私と一緒に寝ますか？
私と一緒に寝ますか？
アクセラ
アクセラ
それは、キズナ様にご迷惑がかかります
それは、キズナ様にご迷惑がかかります
キズナ
キズナ
そんなことないですっ。是非ご一緒しましょう
そんなことないですっ。是非ご一緒しましょう
アクセラ
アクセラ
ありがとうございます
ありがとうございます
秀隆
秀隆
オレも一緒に寝てやろうか？
オレも一緒に寝てやろうか？
秋
秋
…………
…………
秀隆
秀隆
なんてな……
なんてな……
冷たい視線を受けたので、ぼそっと付け加えておく。
冷たい視線を受けたので、ぼそっと付け加えておく。
希望
希望
皆良い人たちばっかりだね
皆良い人たちばっかりだね
アクセラ
アクセラ
キズナ様も秋様も、素晴らしいお方です
キズナ様も秋様も、素晴らしいお方です
キズナ
キズナ
てれます
てれます
秋
秋
もう、アクセラったら
もう、アクセラったら
秀隆
秀隆
……オレは？
……オレは？
アクセラ
アクセラ
秀隆様も
秀隆様も
秀隆
秀隆
そんな最後に付け足されても嬉しくねえ！
そんな最後に付け足されても嬉しくねえ！
アクセラ
アクセラ
ご自分から望まれたことではありませんか
ご自分から望まれたことではありませんか
秀隆
秀隆
あーもういい。これだから女ばっかりは
あーもういい。これだから女ばっかりは
希望
希望
男女差別だよ、それは
男女差別だよ、それは
秀隆
秀隆
くっ……
くっ……
本来立場が一番低いはずの客人に、追い込まれる。
本来立場が一番低いはずの客人に、追い込まれる。
希望
希望
ふーっ。ご飯凄く美味しいね。
ふーっ。ご飯凄く美味しいね。
ホープタウンの食事、結構好きかも
ホープタウンの食事、結構好きかも
秀隆
秀隆
朝も美味しそうに食べてたな
朝も美味しそうに食べてたな
希望
希望
全然違うのに、でもどこか一緒って言うか。
全然違うのに、でもどこか一緒って言うか。
やっぱり街が違っても同じ人間だからなのかなあ
やっぱり街が違っても同じ人間だからなのかなあ
秀隆
秀隆
オレもドリームタウンの食事に抵抗はなかったし、
オレもドリームタウンの食事に抵抗はなかったし、
キズナや秋たちも、美味しそうに食べてたからそうなんだろうな
キズナや秋たちも、美味しそうに食べてたからそうなんだろうな
希望
希望
元々は同じ地上に住んでたんだから、当然なのかな
元々は同じ地上に住んでたんだから、当然なのかな
秀隆
秀隆
どうだろうなぁ
どうだろうなぁ
希望
希望
……ありがとう。秀隆くん
……ありがとう。秀隆くん
秀隆
秀隆
なんだよ改まって
なんだよ改まって
希望
希望
今日、泊めてくれたこと
今日、泊めてくれたこと
秀隆
秀隆
あのな、そんなの当たり前と言うか、お礼にもならないって
あのな、そんなの当たり前と言うか、お礼にもならないって
秀隆
秀隆
おまえを助けないでほったらかすような真似したら、
おまえを助けないでほったらかすような真似したら、
キズナや秋、何より凛にオレは軽蔑されるぞ
キズナや秋、何より凛にオレは軽蔑されるぞ
希望
希望
それって、凛ちゃんたちがいなかったら、助けてない、ってこと？
それって、凛ちゃんたちがいなかったら、助けてない、ってこと？
秀隆
秀隆
……そんなわけないだろ
……そんなわけないだろ
希望
希望
あ……いや、ごめん。別に深い意味とかはないんだけどね
あ……いや、ごめん。別に深い意味とかはないんだけどね
ちょっと慌てたように、希望が言った。
ちょっと慌てたように、希望が言った。
希望
希望
秀隆くんは優しいから、当然だよね
秀隆くんは優しいから、当然だよね
秀隆
秀隆
なんだよ、何か言いたいことがあるのなら、言ってもいいんだぞ？
なんだよ、何か言いたいことがあるのなら、言ってもいいんだぞ？
希望
希望
ううん。何でもない
ううん。何でもない
秀隆
秀隆
そっか……あ、そうだ。風呂入れよ、アクセラに詳細聞けばわかるから
そっか……あ、そうだ。風呂入れよ、アクセラに詳細聞けばわかるから
希望
希望
うん
うん
希望を見送った後、オレは自室に戻った。
希望を見送った後、オレは自室に戻った。
秀隆
秀隆
どうもぎこちないね……
どうもぎこちないね……
キズナ
キズナ
ぎこちないんですか？
ぎこちないんですか？
秀隆
秀隆
ぎこちないんだよ
ぎこちないんだよ
キズナ
キズナ
先日から悩んでいるのは、きぼうちゃんとのことなんですか？
先日から悩んでいるのは、きぼうちゃんとのことなんですか？
秀隆
秀隆
希望とのことなん……何のことだか
希望とのことなん……何のことだか
キズナ
キズナ
ここまで露骨なひーくんを見れる機会は中々ありませんねっ
ここまで露骨なひーくんを見れる機会は中々ありませんねっ
秀隆
秀隆
普段から結構やらかしてると思うけどな
普段から結構やらかしてると思うけどな
キズナ
キズナ
それはそうかも知れません
それはそうかも知れません
キズナ
キズナ
何があったんですか？
何があったんですか？
秀隆
秀隆
ちょっと、喧嘩、みたいなもんをな
ちょっと、喧嘩、みたいなもんをな
キズナ
キズナ
へえ……意外ですね。きぼうちゃんが怒るイメージはあまりないです
へえ……意外ですね。きぼうちゃんが怒るイメージはあまりないです
秀隆
秀隆
そうだな
そうだな
秀隆
秀隆
あの希望を怒らせるくらいの喧嘩だったってことだ
あの希望を怒らせるくらいの喧嘩だったってことだ
キズナ
キズナ
ですけど、今朝は普通でしたよね？
ですけど、今朝は普通でしたよね？
秀隆
秀隆
表面上は許してくれたんじゃないかな。表面上は
表面上は許してくれたんじゃないかな。表面上は
キズナ
キズナ
ふむふむ……それで、具体的には何があったんですか？
ふむふむ……それで、具体的には何があったんですか？
秀隆
秀隆
それは秘密だ
それは秘密だ
キズナ
キズナ
肝心なところは伏せられてしまいました
肝心なところは伏せられてしまいました
秀隆
秀隆
希望の奴、親とも喧嘩してるみたいだから、
希望の奴、親とも喧嘩してるみたいだから、
お風呂から上がってきたら相手をしてやってくれないか？
お風呂から上がってきたら相手をしてやってくれないか？
キズナ
キズナ
もちろんです。いっぱいきぼうちゃんとお話します
もちろんです。いっぱいきぼうちゃんとお話します
キズナ
キズナ
それに、ひーくんよりも落としやすそうですし
それに、ひーくんよりも落としやすそうですし
オレとの喧嘩についても追求するらしい。
オレとの喧嘩についても追求するらしい。
秀隆
秀隆
あいつはあいつで、口は堅いと思うぞ
あいつはあいつで、口は堅いと思うぞ
キズナ
キズナ
いつもニヘラ、っとしてるのできっと柔らかいはずです
いつもニヘラ、っとしてるのできっと柔らかいはずです
秀隆
秀隆
確かにそう見えるんだけど、そうじゃないんだよ
確かにそう見えるんだけど、そうじゃないんだよ
秀隆
秀隆
まぁ、頑張って聞き出してみるんだな
まぁ、頑張って聞き出してみるんだな
キズナ
キズナ
ではでは、私は部屋に戻って待機しますっ
ではでは、私は部屋に戻って待機しますっ
秀隆
秀隆
おう
おう
…………。
…………。
……。
……。
