午後７時、ドリームタウン。
午後７時、ドリームタウン。
竹内は固い表情で、正面の男と向き合っていた。
竹内は固い表情で、正面の男と向き合っていた。
対する男は、落ち着いた物腰で薄っすらと微笑を保っている。
対する男は、落ち着いた物腰で薄っすらと微笑を保っている。
ドリームタウン特務官、高坂龍也。
ドリームタウン特務官、高坂龍也。
飛ぶ鳥を落とす勢いで、様々な交渉を成功させている男。
飛ぶ鳥を落とす勢いで、様々な交渉を成功させている男。
常勝を誇っていた竹内に土をつけ、
常勝を誇っていた竹内に土をつけ、
そして主導権を握りつつある存在。
そして主導権を握りつつある存在。
龍也
龍也
いよいよ、来週からですね。例のプロジェクト
いよいよ、来週からですね。例のプロジェクト
竹内
竹内
途中想定外のトラブルが起きましたがね……
途中想定外のトラブルが起きましたがね……
龍也
龍也
そうですね、元々共同を売りにしていたはずが、
そうですね、元々共同を売りにしていたはずが、
結果的に相対することになってしまいましたから
結果的に相対することになってしまいましたから
竹内
竹内
お手柔らかにお願いしたいものです
お手柔らかにお願いしたいものです
龍也
龍也
こちらこそ。竹内特務官には胸を借りるつもりで、挑ませて頂きます
こちらこそ。竹内特務官には胸を借りるつもりで、挑ませて頂きます
ホープ、ドリームそれぞれ巨額の投資を行い始まった、共同開発。
ホープ、ドリームそれぞれ巨額の投資を行い始まった、共同開発。
その土地を巡っての戦いが、始まろうとしていた。
その土地を巡っての戦いが、始まろうとしていた。
…………。
…………。
……。
……。
男性
男性
今回の交渉、本当にありがとうございましたっ！
今回の交渉、本当にありがとうございましたっ！
男性
男性
あなた方のお力がなければ、
あなた方のお力がなければ、
商談は間違いなく失敗していたと思います！
商談は間違いなく失敗していたと思います！
秀隆
秀隆
いえ、自分などはまだまだで……
いえ、自分などはまだまだで……
男性
男性
最初竹内特務官に引き受けていただけなかった時には、
最初竹内特務官に引き受けていただけなかった時には、
正直もうだめなんじゃないかと何度も考えました……
正直もうだめなんじゃないかと何度も考えました……
目の前にいる男性が、深々と頭を下げる。
目の前にいる男性が、深々と頭を下げる。
オレも、それに釣られて頭を下げた。
オレも、それに釣られて頭を下げた。
男性
男性
またご相談することがありましたら、
またご相談することがありましたら、
その時は何卒よろしくお願いいたします……！
その時は何卒よろしくお願いいたします……！
何度も振り返り頭を下げ、男性は笑顔を見せた後帰って行った。
何度も振り返り頭を下げ、男性は笑顔を見せた後帰って行った。
秀隆
秀隆
ふう……何とか上手く行ったか
ふう……何とか上手く行ったか
凛のＣＭが放送され始めてから、１ヶ月ほど経った頃。
凛のＣＭが放送され始めてから、１ヶ月ほど経った頃。
オレは任されていたプロジェクトの１つを丁度完遂させていた。
オレは任されていたプロジェクトの１つを丁度完遂させていた。
凛のＣＭから数えて、やっと３つ。
凛のＣＭから数えて、やっと３つ。
どれも小さな、本来であれば特務官に
どれも小さな、本来であれば特務官に
依頼するような話でもない交渉話をまとめてきた。
依頼するような話でもない交渉話をまとめてきた。
少しは特務官の仲間入りが出来てきただろうか？
少しは特務官の仲間入りが出来てきただろうか？
秀隆
秀隆
お疲れ様です池田さん、小林さん。見送り終わりました
お疲れ様です池田さん、小林さん。見送り終わりました
池田
池田
……お疲れ
……お疲れ
小林
小林
お疲れ様
お疲れ様
今回のプロジェクトで一緒になった特務官の２人に報告をする。
今回のプロジェクトで一緒になった特務官の２人に報告をする。
池田さんは助特務官の中で一番の最年長だけあって、
池田さんは助特務官の中で一番の最年長だけあって、
落ち着いた物腰と冷静な判断力を持った人だ。
落ち着いた物腰と冷静な判断力を持った人だ。
今回のプロジェクトもリーダーを務め、しっかりと纏め上げてくれた。
今回のプロジェクトもリーダーを務め、しっかりと纏め上げてくれた。
小林さんはオレの３つ年上、中々にナイスバディな女性で、美人。
小林さんはオレの３つ年上、中々にナイスバディな女性で、美人。
仕事一筋で、学生時代以降彼氏はいないらしい。
仕事一筋で、学生時代以降彼氏はいないらしい。
それも相まって社内での人気は上々だ。
それも相まって社内での人気は上々だ。
ある事情から小林さんの姿をお見せ出来ないのは非常に残念である。
ある事情から小林さんの姿をお見せ出来ないのは非常に残念である。
秀隆
秀隆
またご一緒する機会がありましたら、よろしくお願いします
またご一緒する機会がありましたら、よろしくお願いします
小林
小林
こちらこそ……
こちらこそ……
秀隆
秀隆
では、失礼します
では、失礼します
自分の席に戻り、オレはパソコンから勤務表の一覧を開いた。
自分の席に戻り、オレはパソコンから勤務表の一覧を開いた。
そこには、竹内特務官が定めた各人員の仕事の割り当てが書かれてある。
そこには、竹内特務官が定めた各人員の仕事の割り当てが書かれてある。
次に誰が、どんな相手とどんな仕事を行うのか。
次に誰が、どんな相手とどんな仕事を行うのか。
片桐食糧プラントの時のように、
片桐食糧プラントの時のように、
助特務官全員が一丸となって仕事に当たる場合もあるが、
助特務官全員が一丸となって仕事に当たる場合もあるが、
大体の場合３人～５人で１つのプロジェクトに当たることが多い。
大体の場合３人～５人で１つのプロジェクトに当たることが多い。
オレはこれまでのプロジェクトで、
オレはこれまでのプロジェクトで、
大よその助特務官たちと仕事をさせてもらった。
大よその助特務官たちと仕事をさせてもらった。
新人であることを配慮してか、
新人であることを配慮してか、
竹内特務官はそういう組み合わせを意図的にしたのではないだろうか。
竹内特務官はそういう組み合わせを意図的にしたのではないだろうか。
お陰で、オレは色んなタイプの特務官と話をすることが出来た。
お陰で、オレは色んなタイプの特務官と話をすることが出来た。
特務官女性
特務官女性
あ、丁度良かった。島津さん、唐沢代表がお呼びです
あ、丁度良かった。島津さん、唐沢代表がお呼びです
秀隆
秀隆
唐沢代表が？　ありがとうございます、すぐ行きます
唐沢代表が？　ありがとうございます、すぐ行きます
背後から声をかけられ、オレはすぐ向かうことにした。
背後から声をかけられ、オレはすぐ向かうことにした。
磯部
磯部
…………
…………
オレは唐沢さんに呼ばれ、代表室へと足を運ぶ。
オレは唐沢さんに呼ばれ、代表室へと足を運ぶ。
秀隆
秀隆
お呼びでしょうか
お呼びでしょうか
唐沢
唐沢
よく来てくれたね。ひとまず、座ってほしい
よく来てくれたね。ひとまず、座ってほしい
秀隆
秀隆
失礼します
失礼します
オレは竹内特務官の前に腰掛けた。
オレは竹内特務官の前に腰掛けた。
目の前では、あいも変わらず迫力ある竹内特務官がこちらを見ている。
目の前では、あいも変わらず迫力ある竹内特務官がこちらを見ている。
竹内
竹内
緊張しているようだが、大丈夫かね
緊張しているようだが、大丈夫かね
秀隆
秀隆
はい……
はい……
そりゃ、緊張するなと言うのが無理な話だ。
そりゃ、緊張するなと言うのが無理な話だ。
いつもと違い、ピリピリとした空気が室内に漂っている。
いつもと違い、ピリピリとした空気が室内に漂っている。
竹内
竹内
最近、立て続けにプロジェクトを成功させているようだね
最近、立て続けにプロジェクトを成功させているようだね
秀隆
秀隆
先輩方のお陰です。新人の自分に、
先輩方のお陰です。新人の自分に、
いつも的確なアドバイスを頂いております
いつも的確なアドバイスを頂いております
竹内
竹内
報告書を見ていると、実に面白い。
報告書を見ていると、実に面白い。
君の戦い方は、相手の予測を上回るものが多いようだ
君の戦い方は、相手の予測を上回るものが多いようだ
竹内
竹内
聞けば今回リーダーを担当した池田くんは、
聞けば今回リーダーを担当した池田くんは、
君の考えた考案を採用して用いたそうじゃないか
君の考えた考案を採用して用いたそうじゃないか
秀隆
秀隆
たまたまです。自分には単純に正面から戦う力がないだけです
たまたまです。自分には単純に正面から戦う力がないだけです
竹内
竹内
先のＣＭ契約の件でも、想定外の動きを見せたようだね
先のＣＭ契約の件でも、想定外の動きを見せたようだね
秀隆
秀隆
とんでもありません……正直、無茶をしすぎました。
とんでもありません……正直、無茶をしすぎました。
恐らく刑事介入すべき案件だったと思います
恐らく刑事介入すべき案件だったと思います
竹内
竹内
確かに、それは否定できない部分だ。
確かに、それは否定できない部分だ。
過程だけを聞けば、とてもじゃないが許容できることではない
過程だけを聞けば、とてもじゃないが許容できることではない
秀隆
秀隆
はい。もし他の特務官が担当されていれば、
はい。もし他の特務官が担当されていれば、
より正しい方法を選ばれたと思います
より正しい方法を選ばれたと思います
竹内
竹内
確かに正しい方法を選んだだろう。
確かに正しい方法を選んだだろう。
だが結果だけを見れば、君のしたことは正しかったことになる
だが結果だけを見れば、君のしたことは正しかったことになる
竹内
竹内
方法が正しくとも、結果が正しくなるとは限らない。
方法が正しくとも、結果が正しくなるとは限らない。
このＣＭプロジェクトは、まさにその言葉通りだろう
このＣＭプロジェクトは、まさにその言葉通りだろう
竹内
竹内
食糧プラントの件に関してもそうだ。
食糧プラントの件に関してもそうだ。
君は通常の特務官には不可能なことをやり、街を救って見せた
君は通常の特務官には不可能なことをやり、街を救って見せた
竹内
竹内
私は過程よりも結果を重視する。唐沢代表もそうだ
私は過程よりも結果を重視する。唐沢代表もそうだ
竹内
竹内
素直に言わせて貰いたい。よくやった
素直に言わせて貰いたい。よくやった
秀隆
秀隆
……ありがとうございます
……ありがとうございます
あの竹内氏から、そんな言葉を貰えると思っていなかった。
あの竹内氏から、そんな言葉を貰えると思っていなかった。
素直に喜べはしなかったが、オレは深々と頭を下げた。
素直に喜べはしなかったが、オレは深々と頭を下げた。
凛自身にも、オレは強いリスクを背負わせてしまった。
凛自身にも、オレは強いリスクを背負わせてしまった。
そのことは強く反省しなければならない。
そのことは強く反省しなければならない。
唐沢
唐沢
あまり嬉しそうではないね
あまり嬉しそうではないね
秀隆
秀隆
その、自分は特務官としての知識も薄く、
その、自分は特務官としての知識も薄く、
こんな自分が褒められることが、落ち着かないといいますか
こんな自分が褒められることが、落ち着かないといいますか
秀隆
秀隆
幾ら結果が出ていても、やはり過程は無茶なものばかりです
幾ら結果が出ていても、やはり過程は無茶なものばかりです
竹内
竹内
格好を付けるだけが、特務官の姿ではないということだ
格好を付けるだけが、特務官の姿ではないということだ
竹内
竹内
知識は後からでもついてくる
知識は後からでもついてくる
そう言ってもらえると、オレの気持ちも少しは楽になりそうだ。
そう言ってもらえると、オレの気持ちも少しは楽になりそうだ。
竹内
竹内
唐沢さんの言うように、
唐沢さんの言うように、
君には特別な何かがあるということだろう
君には特別な何かがあるということだろう
秀隆
秀隆
…………
…………
恥ずかしいような申し訳ないような気分になり、
恥ずかしいような申し訳ないような気分になり、
思わず視線を合わせていられなくなった。
思わず視線を合わせていられなくなった。
竹内
竹内
そこで、その特別な何かを私も借りたいと思ってね。本題に入ろう
そこで、その特別な何かを私も借りたいと思ってね。本題に入ろう
秀隆
秀隆
はい
はい
竹内
竹内
明日、島津くんには、私と行動を共にしてもらう
明日、島津くんには、私と行動を共にしてもらう
一瞬仰っている意味が分からず、混乱してしまう。
一瞬仰っている意味が分からず、混乱してしまう。
秀隆
秀隆
……えっ？　と、いいますと……
……えっ？　と、いいますと……
竹内
竹内
助特務官と言う立場は変わらないが、
助特務官と言う立場は変わらないが、
より刺激的な仕事を通して、成長をしていってもらいたい
より刺激的な仕事を通して、成長をしていってもらいたい
秀隆
秀隆
じ、自分が竹内氏と？
じ、自分が竹内氏と？
竹内
竹内
そうだ。急な話で申し訳ないが、
そうだ。急な話で申し訳ないが、
明日ドリームタウンに出向くことになっている
明日ドリームタウンに出向くことになっている
竹内
竹内
大河内代表の就任５年目を記念して、
大河内代表の就任５年目を記念して、
パーティーが開かれるらしい
パーティーが開かれるらしい
秀隆
秀隆
パーティーですか
パーティーですか
竹内
竹内
そこに、私と共に特務官の代表として出席してもらいたいのだよ
そこに、私と共に特務官の代表として出席してもらいたいのだよ
秀隆
秀隆
…………
…………
信じられないような話だ。
信じられないような話だ。
オレが、竹内特務官とドリームタウンに？
オレが、竹内特務官とドリームタウンに？
ましてホープタウンの特務官代表として、だって？
ましてホープタウンの特務官代表として、だって？
唐沢
唐沢
そう深く考える必要はないよ。ただパーティーに出席するだけだ。
そう深く考える必要はないよ。ただパーティーに出席するだけだ。
竹内くんの指示通りにしていれば、心配することは何もない
竹内くんの指示通りにしていれば、心配することは何もない
秀隆
秀隆
は、はいっ……
は、はいっ……
竹内
竹内
しかし佐々野くんたちには、
しかし佐々野くんたちには、
このことは伏せておいた方がいいだろう
このことは伏せておいた方がいいだろう
竹内
竹内
強すぎる刺激は、よくないからね。
強すぎる刺激は、よくないからね。
幸い明日は土曜日で仕事も休みだ。不都合は無いと思う
幸い明日は土曜日で仕事も休みだ。不都合は無いと思う
秀隆
秀隆
……分かりました
……分かりました
確かに、これはプロジェクトを任された時以上のことかも知れない。
確かに、これはプロジェクトを任された時以上のことかも知れない。
幾ら業務に直接関係ないこととは言え、
幾ら業務に直接関係ないこととは言え、
特務官の代表としてオレが出席するなんてとんでもない話だ。
特務官の代表としてオレが出席するなんてとんでもない話だ。
まどかたちが、快く送り出してくれることはないだろう。
まどかたちが、快く送り出してくれることはないだろう。
だが、いずれ知られることになる。
だが、いずれ知られることになる。
その時真実をまどかたちはどう思うだろうか？
その時真実をまどかたちはどう思うだろうか？
……もちろん、これまで以上に険悪な関係になる予感しかしない。
……もちろん、これまで以上に険悪な関係になる予感しかしない。
竹内
竹内
仲間思いは結構だが、それが許されるのは学生までだ
仲間思いは結構だが、それが許されるのは学生までだ
竹内
竹内
いつまでも仲良く歩き、
いつまでも仲良く歩き、
手を繋いで仕事が出来るとは思っていないだろう？
手を繋いで仕事が出来るとは思っていないだろう？
秀隆
秀隆
それは心得ているつもりです
それは心得ているつもりです
竹内
竹内
ならばよろしい
ならばよろしい
秀隆
秀隆
失礼します
失礼します
そう言い、オレは代表室を後にした。
そう言い、オレは代表室を後にした。
磯部
磯部
今日はどんな悪巧みを話してきたんだ？
今日はどんな悪巧みを話してきたんだ？
その直後、磯部に話かけられた。
その直後、磯部に話かけられた。
秀隆
秀隆
悪巧みって、何でもないって
悪巧みって、何でもないって
磯部
磯部
ふんっ。いずれボロを出しておまえはクビにされろ
ふんっ。いずれボロを出しておまえはクビにされろ
秀隆
秀隆
その時は磯部に助けてもらう予定だから大丈夫だ
その時は磯部に助けてもらう予定だから大丈夫だ
磯部の肩にポンと手を置いた。
磯部の肩にポンと手を置いた。
磯部
磯部
人を頼るな！
人を頼るな！
怒って手を払うと、オレに背を向けて立ち去っていく。
怒って手を払うと、オレに背を向けて立ち去っていく。
秀隆
秀隆
……やっぱり気になるよな
……やっぱり気になるよな
偶然ここに居たにしちゃ、タイミングが良すぎる。
偶然ここに居たにしちゃ、タイミングが良すぎる。
オレがどう言う理由で呼ばれたのかが、
オレがどう言う理由で呼ばれたのかが、
気になって仕方ないんだろう。
気になって仕方ないんだろう。
口止めをされている以上、素直に教えるわけにはいかないが、
口止めをされている以上、素直に教えるわけにはいかないが、
正直あまりキモチの良いものではない。
正直あまりキモチの良いものではない。
その日の夜、帰宅したオレは
その日の夜、帰宅したオレは
秋たちに明日のことを話しておくことにした。
秋たちに明日のことを話しておくことにした。
アクセラ
アクセラ
出張ですか
出張ですか
秀隆
秀隆
ああ。とは言っても、日帰りの予定だけどな
ああ。とは言っても、日帰りの予定だけどな
アクセラ
アクセラ
朝食のお時間はどうなりますでしょう？
朝食のお時間はどうなりますでしょう？
秀隆
秀隆
いつも通りで大丈夫だ。向こうに向かうのは午後からだから
いつも通りで大丈夫だ。向こうに向かうのは午後からだから
アクセラ
アクセラ
畏まりました
畏まりました
キズナ
キズナ
いいですね、ドリームタウンに行けるの
いいですね、ドリームタウンに行けるの
秀隆
秀隆
これが遊びだったら言うことはないんだけどなぁ
これが遊びだったら言うことはないんだけどなぁ
秋
秋
先日もドリームタウンに行かれたんですよね？
先日もドリームタウンに行かれたんですよね？
秀隆
秀隆
ああ。でも、今回は前のとは比べ物にならない重要なことだ
ああ。でも、今回は前のとは比べ物にならない重要なことだ
仮にも竹内代表と共にで赴くことになったんだからな。
仮にも竹内代表と共にで赴くことになったんだからな。
アクセラ
アクセラ
出世された、と言うことでしょうか？
出世された、と言うことでしょうか？
何故、そんなに目を輝かせる……。
何故、そんなに目を輝かせる……。
秀隆
秀隆
単純に社会勉強の一環だ。
単純に社会勉強の一環だ。
まだまだ新米であることに変わりはない
まだまだ新米であることに変わりはない
アクセラ
アクセラ
そうですか。まぁ、そう言うものだとは思っていました
そうですか。まぁ、そう言うものだとは思っていました
一気に冷めたような態度に戻る。
一気に冷めたような態度に戻る。
アクセラ
アクセラ
ではしっかり働いて、早く昇進してください
ではしっかり働いて、早く昇進してください
秀隆
秀隆
……おう
……おう
ホープタウンとドリームタウンでは、
ホープタウンとドリームタウンでは、
街の仕組みは言うに及ばず、適用される法律も異なる。
街の仕組みは言うに及ばず、適用される法律も異なる。
無許可で画像を撮影し持ち帰ることも、固く禁じられているほどだ。
無許可で画像を撮影し持ち帰ることも、固く禁じられているほどだ。
明日は大河内代表と会う機会もあるだろう。
明日は大河内代表と会う機会もあるだろう。
……大河内代表か。
……大河内代表か。
テレビや噂では、何度か見たことがある。
テレビや噂では、何度か見たことがある。
大胆な政策で、一部反感を買いながらも、
大胆な政策で、一部反感を買いながらも、
多くの人々に指示されるカリスマ。
多くの人々に指示されるカリスマ。
彼が考案したカジノ運営は空前の大ヒットをし、
彼が考案したカジノ運営は空前の大ヒットをし、
一日にして貧民から富豪へと成り上がることが可能になった。
一日にして貧民から富豪へと成り上がることが可能になった。
そこから次々と打ち出した娯楽施設も、
そこから次々と打ち出した娯楽施設も、
後を追うように巨額の金を生んだ。
後を追うように巨額の金を生んだ。
遊園地、映画館、とにかく、大衆娯楽を。
遊園地、映画館、とにかく、大衆娯楽を。
だが、裏を返せば破産する人間も居るということ。
だが、裏を返せば破産する人間も居るということ。
負債を抱え自殺に追い込まれたり、住む場所を失った者も多い。
負債を抱え自殺に追い込まれたり、住む場所を失った者も多い。
安定政策を図るホープタウンとは真逆の存在だ。
安定政策を図るホープタウンとは真逆の存在だ。
一概にどちらが正しいとは言えないが、
一概にどちらが正しいとは言えないが、
正直オレはホープタウンに生まれてよかったと思う。
正直オレはホープタウンに生まれてよかったと思う。
もちろん、それはホープタウンの生まれだからの発想なんだろうが。
もちろん、それはホープタウンの生まれだからの発想なんだろうが。
…………。
…………。
……。
……。
