キズナ
キズナ
ひーくん、もうヘトヘトですか？
ひーくん、もうヘトヘトですか？
秀隆
秀隆
おまえ何件目だと思ってるんだ……これで６件目だぞ
おまえ何件目だと思ってるんだ……これで６件目だぞ
キズナ
キズナ
仕方ありません。安いお店を探すのが、
仕方ありません。安いお店を探すのが、
私がアクセラさんに課せられた使命なんですから
私がアクセラさんに課せられた使命なんですから
秀隆
秀隆
使命つってもだな、限度があるだろ
使命つってもだな、限度があるだろ
休日、オレはアクセラに買い物を頼まれていた。
休日、オレはアクセラに買い物を頼まれていた。
生活必需品から、今晩のおかずまで様々だ。
生活必需品から、今晩のおかずまで様々だ。
なんでも今日は街全体で特別に安い日らしく、
なんでも今日は街全体で特別に安い日らしく、
今のうちに買い込んできてほしいとの話だった。
今のうちに買い込んできてほしいとの話だった。
家主として、節制のためならばと快く協力したが、
家主として、節制のためならばと快く協力したが、
同じ協力者のキズナが、えらいケチな性格と言うか。
同じ協力者のキズナが、えらいケチな性格と言うか。
秀隆
秀隆
１円２円の差なんてどうでもいいだろ……
１円２円の差なんてどうでもいいだろ……
キズナ
キズナ
駄目です。地域最安値を是非と頼まれています
駄目です。地域最安値を是非と頼まれています
秀隆
秀隆
オレとおまえの労働力を込めたら、それ以上の値段だ
オレとおまえの労働力を込めたら、それ以上の値段だ
秀隆
秀隆
１円安いものを買うために３０分捜し歩くだけで、
１円安いものを買うために３０分捜し歩くだけで、
実質２０００円くらい損してるぞ
実質２０００円くらい損してるぞ
キズナ
キズナ
休日のひーくんは無給です。私も無給です。
休日のひーくんは無給です。私も無給です。
なので、１０時間出歩いても０円なので問題ないです
なので、１０時間出歩いても０円なので問題ないです
秀隆
秀隆
異議あり。今日の疲労を明日に持ち越せば
異議あり。今日の疲労を明日に持ち越せば
平日の仕事に差し支える可能性がある
平日の仕事に差し支える可能性がある
キズナ
キズナ
異議ありです。それは不確定要素なので、
異議ありです。それは不確定要素なので、
今の段階では議論することではないです。よって却下です
今の段階では議論することではないです。よって却下です
秀隆
秀隆
それに対して異議アリだ。期待値や予測値を
それに対して異議アリだ。期待値や予測値を
出すのは利益では当然のことだし、今回のケースも当てはまる
出すのは利益では当然のことだし、今回のケースも当てはまる
キズナ
キズナ
あー言えばこう言いますねっ
あー言えばこう言いますねっ
秀隆
秀隆
自分が楽をするためなら全力を出すぞオレは
自分が楽をするためなら全力を出すぞオレは
キズナ
キズナ
むむむっ……
むむむっ……
秀隆
秀隆
というわけでささっと買い物を済ませて帰るぞ
というわけでささっと買い物を済ませて帰るぞ
キズナ
キズナ
ひーくんは、私と一緒にいるのが嫌なんじゃないですか？
ひーくんは、私と一緒にいるのが嫌なんじゃないですか？
笑顔だったキズナの表情が、辛そうなものに変わっていく。
笑顔だったキズナの表情が、辛そうなものに変わっていく。
秀隆
秀隆
な、なに？
な、なに？
キズナ
キズナ
疲れるとか、時間の無駄と言うのは、
疲れるとか、時間の無駄と言うのは、
実は私がそばにいることに対して、苦痛に感じているからなんじゃ
実は私がそばにいることに対して、苦痛に感じているからなんじゃ
秀隆
秀隆
誰がいつそんなこと言ったんだよ。そんなことないって
誰がいつそんなこと言ったんだよ。そんなことないって
キズナ
キズナ
ひーくんは優しいですから、口にはしません。
ひーくんは優しいですから、口にはしません。
でも、私はそう解釈しました。来ない方が良かったですね、私
でも、私はそう解釈しました。来ない方が良かったですね、私
秀隆
秀隆
お、おい……
お、おい……
今にも泣き出しそうに、下を向いてしまう。
今にも泣き出しそうに、下を向いてしまう。
秀隆
秀隆
オレは別に、おまえといるのは嫌じゃない。本当だ
オレは別に、おまえといるのは嫌じゃない。本当だ
キズナ
キズナ
だけど、切り上げたそうにしています……
だけど、切り上げたそうにしています……
秀隆
秀隆
それは労力の無駄だって……
それは労力の無駄だって……
キズナ
キズナ
私だって、本当は１円２円安いことなんて、どうでもいいです
私だって、本当は１円２円安いことなんて、どうでもいいです
キズナ
キズナ
ただ、一緒に、少しでも長く二人で遊びたいなって……
ただ、一緒に、少しでも長く二人で遊びたいなって……
キズナ
キズナ
そのついでに、アクセラさんの期待に応えられたらなって……
そのついでに、アクセラさんの期待に応えられたらなって……
秀隆
秀隆
キズナ……
キズナ……
確かに、オレはキズナと二人きりで出かける機会が多くない。
確かに、オレはキズナと二人きりで出かける機会が多くない。
まだ友達だって殆どいないから、キズナは大半一人だ。
まだ友達だって殆どいないから、キズナは大半一人だ。
こうやってたまの休日、
こうやってたまの休日、
遊びたいと言い出す気持ちは分からないでもない。
遊びたいと言い出す気持ちは分からないでもない。
この間オレと秋を連れ出した時のように。
この間オレと秋を連れ出した時のように。
……最低だなオレは。
……最低だなオレは。
キズナはそんなに弱い子じゃないと、決め付けていた。
キズナはそんなに弱い子じゃないと、決め付けていた。
勝手に予測して、見切ったつもりでいた。
勝手に予測して、見切ったつもりでいた。
恥じろ、島津秀隆。
恥じろ、島津秀隆。
己の勝手な思い込みをっ。
己の勝手な思い込みをっ。
秀隆
秀隆
悪かった……
悪かった……
秀隆
秀隆
おまえの言う通りだ
おまえの言う通りだ
キズナ
キズナ
いいんです……お店で買い物して、帰りましょう……
いいんです……お店で買い物して、帰りましょう……
とぼとぼと歩き出す。
とぼとぼと歩き出す。
オレは、そのキズナの手を握った。
オレは、そのキズナの手を握った。
秀隆
秀隆
嫌じゃない。おまえと出かけるのは楽しいぞ
嫌じゃない。おまえと出かけるのは楽しいぞ
キズナ
キズナ
…………
…………
秀隆
秀隆
わかった。好きなだけ付き合ってやる
わかった。好きなだけ付き合ってやる
キズナ
キズナ
無理して、ませんか？
無理して、ませんか？
秀隆
秀隆
してない
してない
キズナ
キズナ
後で、やっぱり帰ろうって、言いませんか？
後で、やっぱり帰ろうって、言いませんか？
秀隆
秀隆
言わないよ。約束する
言わないよ。約束する
キズナ
キズナ
そうですか……
そうですか……
ぎゅっとオレの手を、キズナが握り返してきた。
ぎゅっとオレの手を、キズナが握り返してきた。
力強い手だ。
力強い手だ。
ぎゅぎゅぎゅ。
ぎゅぎゅぎゅ。
秀隆
秀隆
う……
う……
力強すぎる気もするぞ。
力強すぎる気もするぞ。
キズナ
キズナ
ひーくん
ひーくん
くるりと振り返ったキズナは、満面の笑みを浮かべていた。
くるりと振り返ったキズナは、満面の笑みを浮かべていた。
キズナ
キズナ
では私の気が済むまでお付き合いいただきますねっ！
では私の気が済むまでお付き合いいただきますねっ！
秀隆
秀隆
お、おうって……あれ……
お、おうって……あれ……
先ほどまで泣きそうにしていた奴の顔じゃない。
先ほどまで泣きそうにしていた奴の顔じゃない。
……まさか。
……まさか。
キズナ
キズナ
ひーくんは女性の泣き落としに弱い、と
ひーくんは女性の泣き落としに弱い、と
秀隆
秀隆
は、図ったな！？
は、図ったな！？
キズナ
キズナ
テヘペロ☆
テヘペロ☆
秀隆
秀隆
くそっ、オレは帰
くそっ、オレは帰
キズナ
キズナ
私の知るひーくんは、どんな形であれ
私の知るひーくんは、どんな形であれ
一度した約束を破るような人ではありません
一度した約束を破るような人ではありません
秀隆
秀隆
い、異議アリ！　嘘泣きにだまされた被害者だオレは！
い、異議アリ！　嘘泣きにだまされた被害者だオレは！
キズナ
キズナ
異議アリです。今のが嘘である証拠がありません
異議アリです。今のが嘘である証拠がありません
秀隆
秀隆
めっちゃ笑顔だろうが、ええおい！
めっちゃ笑顔だろうが、ええおい！
キズナ
キズナ
これはひーくんの温かい言葉を受け、
これはひーくんの温かい言葉を受け、
私の心がポカポカになったからです。さっきは泣いてました
私の心がポカポカになったからです。さっきは泣いてました
秀隆
秀隆
全然目も赤くない！
全然目も赤くない！
キズナ
キズナ
見た目への変化が必ずしもそうであるとは限りません。
見た目への変化が必ずしもそうであるとは限りません。
少なくとも私の心は冷たく、悲しい気持ちになっていましたから
少なくとも私の心は冷たく、悲しい気持ちになっていましたから
秀隆
秀隆
ぐ……ああいえばこういいやがる……
ぐ……ああいえばこういいやがる……
キズナ
キズナ
じゃあ行きましょー
じゃあ行きましょー
秀隆
秀隆
二度と騙されないからな！
二度と騙されないからな！
それからも、オレとキズナはあちこちの店を歩き回った。
それからも、オレとキズナはあちこちの店を歩き回った。
そして出かけてから６時間後、
そして出かけてから６時間後、
必要としていたものが全て揃った。
必要としていたものが全て揃った。
秀隆
秀隆
永遠に終わらないかと思ったぞ……。
永遠に終わらないかと思ったぞ……。
キズナもさすがに長い間で疲れたんじゃないか？
キズナもさすがに長い間で疲れたんじゃないか？
キズナ
キズナ
全然平気です、１５０年眠り続けていたくらいですから
全然平気です、１５０年眠り続けていたくらいですから
秀隆
秀隆
自分をネタにするな、ネタに
自分をネタにするな、ネタに
やはりオレの見立ては間違っていなかったようだ。
やはりオレの見立ては間違っていなかったようだ。
キズナは強い。
キズナは強い。
犯人を捕まえた時の肉体的な強さはもちろん、
犯人を捕まえた時の肉体的な強さはもちろん、
何よりも精神的に強いと言わざるを得ない。
何よりも精神的に強いと言わざるを得ない。
キズナ
キズナ
ちょっと休憩してから帰りませんか？
ちょっと休憩してから帰りませんか？
オレの疲労を見越してか、キズナがそう言った。
オレの疲労を見越してか、キズナがそう言った。
秀隆
秀隆
そうだな……確かにちょっとくたくただ
そうだな……確かにちょっとくたくただ
荷物も多いし、今から無理して帰ってもしんどいだけだ。
荷物も多いし、今から無理して帰ってもしんどいだけだ。
オレたちは空いたベンチに座ることにする。
オレたちは空いたベンチに座ることにする。
キズナ
キズナ
ただ座っていても勿体無いので、おしゃべりしましょう
ただ座っていても勿体無いので、おしゃべりしましょう
秀隆
秀隆
おしゃべりねぇ
おしゃべりねぇ
キズナ
キズナ
ひーくんのことを教えてください。
ひーくんのことを教えてください。
学生時代はどんな感じだったのか、とか。知りたいです
学生時代はどんな感じだったのか、とか。知りたいです
秀隆
秀隆
人の過去なんて聞いても楽しくないと思うぞ
人の過去なんて聞いても楽しくないと思うぞ
キズナ
キズナ
それはこちらで判断しますから。
それはこちらで判断しますから。
私もお話してあげられるなら、聞かせてあげたいのですが
私もお話してあげられるなら、聞かせてあげたいのですが
記憶のない彼女には、過去を語ることも出来ない。
記憶のない彼女には、過去を語ることも出来ない。
秀隆
秀隆
仕方ない、ちょっとだけ教えてやるか
仕方ない、ちょっとだけ教えてやるか
キズナ
キズナ
やったですっ
やったですっ
オレは、自分に差し支えのない範囲で、教えてやることにした。
オレは、自分に差し支えのない範囲で、教えてやることにした。
秀隆
秀隆
幼少期は、周りからよく神童と呼ばれてた。ははは自慢じゃないぞぉ？
幼少期は、周りからよく神童と呼ばれてた。ははは自慢じゃないぞぉ？
キズナ
キズナ
素敵なくらい自慢話に聞こえますねっ
素敵なくらい自慢話に聞こえますねっ
秀隆
秀隆
何でも器用にこなすし、友達思いだし、冷静な少年だった
何でも器用にこなすし、友達思いだし、冷静な少年だった
秀隆
秀隆
多分、１００年に１人の逸材レベルだったんじゃないかな
多分、１００年に１人の逸材レベルだったんじゃないかな
キズナ
キズナ
そんな神童が、どうしてこんなになっちゃったんでしょう？
そんな神童が、どうしてこんなになっちゃったんでしょう？
秀隆
秀隆
……今のオレも、そこそこいけてない？
……今のオレも、そこそこいけてない？
キズナ
キズナ
少なくとも神童という感じではありませんね
少なくとも神童という感じではありませんね
秀隆
秀隆
確かに……どこで間違ったんだろうな
確かに……どこで間違ったんだろうな
キズナ
キズナ
今みたいにエッチなことばっかり言ってたんですか？
今みたいにエッチなことばっかり言ってたんですか？
秀隆
秀隆
お、おい。そんな普通のトーンでエッチとか言うなっ
お、おい。そんな普通のトーンでエッチとか言うなっ
キズナ
キズナ
下ネタ
下ネタ
秀隆
秀隆
言い方の問題じゃない！
言い方の問題じゃない！
キズナ
キズナ
私は気にしませんよ？
私は気にしませんよ？
秀隆
秀隆
おまえの精神がやたら強いのは分かったから……
おまえの精神がやたら強いのは分かったから……
秀隆
秀隆
見た目普通なんだから、マジやめとけって
見た目普通なんだから、マジやめとけって
キズナ
キズナ
近くのお手本にしている人が、ひーくんなので仕方ありません
近くのお手本にしている人が、ひーくんなので仕方ありません
どうやら、オレの方針が悪かったらしい。
どうやら、オレの方針が悪かったらしい。
記憶のないキズナは、いわば真っ白の紙。
記憶のないキズナは、いわば真っ白の紙。
そこにオレと言う桃色ピンクな色を塗りたくってしまったようだ。
そこにオレと言う桃色ピンクな色を塗りたくってしまったようだ。
キズナのご両親が健在だったら、卒倒されていたかも。
キズナのご両親が健在だったら、卒倒されていたかも。
キズナ
キズナ
特務官になるのは、小さい頃からの夢だったんですか？
特務官になるのは、小さい頃からの夢だったんですか？
秀隆
秀隆
そうだな。大体の子供は、やっぱり一度は憧れる職業だ
そうだな。大体の子供は、やっぱり一度は憧れる職業だ
キズナ
キズナ
夢を叶えるなんて、ひー君はすごいですね
夢を叶えるなんて、ひー君はすごいですね
秀隆
秀隆
ははは
ははは
苦笑いが漏れた。
苦笑いが漏れた。
唐沢さんに推挙してもらえなければ、
唐沢さんに推挙してもらえなければ、
オレが特務官になることなんて絶対なかったわけだが。
オレが特務官になることなんて絶対なかったわけだが。
秀隆
秀隆
おまえも、早く夢を見つけないとな
おまえも、早く夢を見つけないとな
キズナ
キズナ
そうですね。私もなにか、やりたいことを見つけたいです
そうですね。私もなにか、やりたいことを見つけたいです
とは言えキズナの年齢ならまだまだ時間はたっぷりある。
とは言えキズナの年齢ならまだまだ時間はたっぷりある。
現代に馴染んでしまえば、後はどうとでもなるだろう。
現代に馴染んでしまえば、後はどうとでもなるだろう。
秀隆
秀隆
そう言えば、おまえの今の学力ってどんなもんなんだろうな
そう言えば、おまえの今の学力ってどんなもんなんだろうな
キズナ
キズナ
学力ですか
学力ですか
秀隆
秀隆
歴史なんかは無理にしても、数学なんかは今も昔もそれほど変わらないだろうし
歴史なんかは無理にしても、数学なんかは今も昔もそれほど変わらないだろうし
キズナ
キズナ
どうなんでしょう。そういうのは自分でも分からないですね
どうなんでしょう。そういうのは自分でも分からないですね
秀隆
秀隆
良かったら、後日テストみたいなことしてやろうか？
良かったら、後日テストみたいなことしてやろうか？
キズナ
キズナ
それ、すごく興味ありますっ
それ、すごく興味ありますっ
秀隆
秀隆
任せとけ。歴史以外のテストは作ったことがないけど、何とかなるだろ
任せとけ。歴史以外のテストは作ったことがないけど、何とかなるだろ
キズナ
キズナ
ひーくんは歴史の先生だったんですか？
ひーくんは歴史の先生だったんですか？
秀隆
秀隆
ああ。このジオフロントの歴史を教えて来た
ああ。このジオフロントの歴史を教えて来た
キズナ
キズナ
その話も聞きたいです
その話も聞きたいです
秀隆
秀隆
ユウキから教わってるんじゃないのか？
ユウキから教わってるんじゃないのか？
キズナ
キズナ
はい。でもひーくんからも教わりたいです
はい。でもひーくんからも教わりたいです
秀隆
秀隆
別にいいけど
別にいいけど
キズナ
キズナ
やふー
やふー
嬉しそうに万歳して喜ぶ。
嬉しそうに万歳して喜ぶ。
本当に無邪気なやつ。
本当に無邪気なやつ。
秀隆
秀隆
それじゃ、そろそろ帰るか
それじゃ、そろそろ帰るか
キズナ
キズナ
わかりましたっ
わかりましたっ
二人で並んで家を目指す。
二人で並んで家を目指す。
キズナ
キズナ
歴史の先生だったってことは、ひーくん冷凍保存に関することとか詳しいですか？
歴史の先生だったってことは、ひーくん冷凍保存に関することとか詳しいですか？
秀隆
秀隆
冷凍保存って、キズナみたいな人たちに関することだよな
冷凍保存って、キズナみたいな人たちに関することだよな
キズナ
キズナ
はい。実は最近、そのことがすごく気になっていまして。
はい。実は最近、そのことがすごく気になっていまして。
私と同じような境遇の人たちは、どうしてきたんだろうって
私と同じような境遇の人たちは、どうしてきたんだろうって
秀隆
秀隆
その疑問はもっともだけど、正直オレにはわからないな
その疑問はもっともだけど、正直オレにはわからないな
秀隆
秀隆
冷凍保存カプセルってのが、どういうものかってことなら、大体知ってるんだが
冷凍保存カプセルってのが、どういうものかってことなら、大体知ってるんだが
キズナ
キズナ
それも聞きたいです
それも聞きたいです
秀隆
秀隆
じゃあ、帰りながら軽く聞かせてやろうか
じゃあ、帰りながら軽く聞かせてやろうか
キズナ
キズナ
お願いします
お願いします
秀隆
秀隆
冷凍保存カプセルの技術が開発されたのは、もう２００年近く前だって聞いてる。キズナが１５０年以上眠っていたように、地上時代に作り出された技術のひとつだな
冷凍保存カプセルの技術が開発されたのは、もう２００年近く前だって聞いてる。キズナが１５０年以上眠っていたように、地上時代に作り出された技術のひとつだな
キズナ
キズナ
ですね。私もどういうものか、の概要くらいはわかります
ですね。私もどういうものか、の概要くらいはわかります
秀隆
秀隆
主な用途は、重い病気、現代で完治させられない命に関わる病気の対策のため
主な用途は、重い病気、現代で完治させられない命に関わる病気の対策のため
秀隆
秀隆
おまえは確かセムフェリナという、当時治すことのできない病気だったために、冷凍保存によって眠らされ、治療が出来る時代の訪れを待っていたことになる
おまえは確かセムフェリナという、当時治すことのできない病気だったために、冷凍保存によって眠らされ、治療が出来る時代の訪れを待っていたことになる
キズナ
キズナ
その病気はどんな病気だったんでしょう？
その病気はどんな病気だったんでしょう？
秀隆
秀隆
一応調べてみた。セムフェリナって病気は当時は不治の病とされ、かかったものはいずれ命を落としてしまう病気だったらしい
一応調べてみた。セムフェリナって病気は当時は不治の病とされ、かかったものはいずれ命を落としてしまう病気だったらしい
秀隆
秀隆
まあ、病気も元を辿れば風邪でも死んでしまうんだから、不思議なことじゃない
まあ、病気も元を辿れば風邪でも死んでしまうんだから、不思議なことじゃない
どんな病気も、殆ど対策が取られるまでは不治の病だったのだ。
どんな病気も、殆ど対策が取られるまでは不治の病だったのだ。
秀隆
秀隆
発症の原因は主に２つ。１つは不衛生、不健康な生活を続けた際に体内に溜まった不純物が遺伝子に刺激を与え、やがてセムフェリナという悪性の病気が遺伝子を傷つけてしまうってものだ
発症の原因は主に２つ。１つは不衛生、不健康な生活を続けた際に体内に溜まった不純物が遺伝子に刺激を与え、やがてセムフェリナという悪性の病気が遺伝子を傷つけてしまうってものだ
キズナ
キズナ
わぁ、私は不衛生だったんでしょうかっ
わぁ、私は不衛生だったんでしょうかっ
秀隆
秀隆
いや、その可能性は低い。何故ならその病気は成人してから発症することが多いからだ
いや、その可能性は低い。何故ならその病気は成人してから発症することが多いからだ
秀隆
秀隆
恐らくキズナはもう一つの可能性だろうな
恐らくキズナはもう一つの可能性だろうな
キズナ
キズナ
それはどんなものでしょうか
それはどんなものでしょうか
秀隆
秀隆
親からの遺伝だ
親からの遺伝だ
秀隆
秀隆
セムフェリナという病気は、父親か母親が同じ症状の場合、子に遺伝することがある
セムフェリナという病気は、父親か母親が同じ症状の場合、子に遺伝することがある
秀隆
秀隆
その場合は生まれながら傷ついた遺伝子を持って生まれてくるから、発症が早い
その場合は生まれながら傷ついた遺伝子を持って生まれてくるから、発症が早い
キズナ
キズナ
私の両親が、そういう病気だった、と……
私の両親が、そういう病気だった、と……
秀隆
秀隆
恐らくな
恐らくな
秀隆
秀隆
ご両親はキズナを失わないために、冷凍保存技術を使い、おまえを眠らせた
ご両親はキズナを失わないために、冷凍保存技術を使い、おまえを眠らせた
秀隆
秀隆
今でも保存カプセルを利用するには何千万と言う費用が必要になる
今でも保存カプセルを利用するには何千万と言う費用が必要になる
キズナ
キズナ
……そうですか
……そうですか
秀隆
秀隆
そういうことを読み取っていけば、
そういうことを読み取っていけば、
おまえがどれだけ親から愛情を貰っていたか、断片的に読み取ることが出来る
おまえがどれだけ親から愛情を貰っていたか、断片的に読み取ることが出来る
秀隆
秀隆
本当はもっと詳しく調べてから、教えてもよかったんだけどな
本当はもっと詳しく調べてから、教えてもよかったんだけどな
キズナ
キズナ
いえっ、聞けて嬉しかったです
いえっ、聞けて嬉しかったです
秀隆
秀隆
そか
そか
キズナ
キズナ
誰でも簡単に利用できるものではないんですね
誰でも簡単に利用できるものではないんですね
秀隆
秀隆
そういうことだ
そういうことだ
秀隆
秀隆
でも、おまえが望んでる情報は残念ながら持ってない。
でも、おまえが望んでる情報は残念ながら持ってない。
冷凍保存から目覚めた人たちがどうなっているかは、オレも知らないんだ
冷凍保存から目覚めた人たちがどうなっているかは、オレも知らないんだ
キズナ
キズナ
誰に聞けばわかるんでしょう？
誰に聞けばわかるんでしょう？
秀隆
秀隆
そりゃやっぱり、あの人だろうなぁ
そりゃやっぱり、あの人だろうなぁ
…………。
…………。
……。
……。
