秀隆
秀隆
今日の予定？
今日の予定？
ユウキ
ユウキ
ああ。秋ちゃんにどう声をかけたもんかと思ってさ
ああ。秋ちゃんにどう声をかけたもんかと思ってさ
秀隆
秀隆
そうだな……夕方の５時にはいったんホテルに再集合してほしい
そうだな……夕方の５時にはいったんホテルに再集合してほしい
秀隆
秀隆
全員でカジノに行こうと思ってるんだ
全員でカジノに行こうと思ってるんだ
ユウキ
ユウキ
カジノか、面白そうだな、了解っ
カジノか、面白そうだな、了解っ
裕輔
裕輔
それはいいが、愛佳やお前の妹たちは大丈夫なのか？
それはいいが、愛佳やお前の妹たちは大丈夫なのか？
秀隆
秀隆
大丈夫って、何が？
大丈夫って、何が？
裕輔
裕輔
カジノに入るには年齢制限があるだろう
カジノに入るには年齢制限があるだろう
秀隆
秀隆
ああ。１８歳未満は入場できないな。子供に遊ばせるわけにはいかないし
ああ。１８歳未満は入場できないな。子供に遊ばせるわけにはいかないし
裕輔
裕輔
…………
…………
秀隆
秀隆
…………
…………
裕輔
裕輔
問題、ないか
問題、ないか
秀隆
秀隆
当たり前だろ？　登場人物は全員１８歳以上なんだから
当たり前だろ？　登場人物は全員１８歳以上なんだから
秋も愛佳も、もちろんそうだ。
秋も愛佳も、もちろんそうだ。
だから、何の問題もあろうはずがない。
だから、何の問題もあろうはずがない。
裕輔
裕輔
そうだな、俺は変なことを言ってしまったらしい
そうだな、俺は変なことを言ってしまったらしい
秀隆
秀隆
楽しみすぎて寝不足なんじゃないか？　無理するなよ
楽しみすぎて寝不足なんじゃないか？　無理するなよ
裕輔
裕輔
ああ、わかった
ああ、わかった
希望
希望
おはよ
おはよ
裕輔とロビーにおりると、既に全員揃っているようだった。
裕輔とロビーにおりると、既に全員揃っているようだった。
秀隆
秀隆
おはようさん
おはようさん
秋
秋
……おはようございます、兄さん
……おはようございます、兄さん
秀隆
秀隆
おう
おう
キズナ
キズナ
ひーくん。行きましょう？
ひーくん。行きましょう？
秀隆
秀隆
ああ、ちょっと待ってくれ。１通メールを打たせてくれ
ああ、ちょっと待ってくれ。１通メールを打たせてくれ
キズナ
キズナ
もしかしてお仕事ですか？
もしかしてお仕事ですか？
秀隆
秀隆
大丈夫だ。ちょっとした私用だから
大丈夫だ。ちょっとした私用だから
軽くメールを打って、一通出しておく。
軽くメールを打って、一通出しておく。
裕輔
裕輔
秀隆
秀隆
秀隆
秀隆
ん？
ん？
裕輔
裕輔
昨日の風呂でのことなんだが
昨日の風呂でのことなんだが
秀隆
秀隆
あ、あー。ひょっとして愛佳のことか？
あ、あー。ひょっとして愛佳のことか？
裕輔
裕輔
今日の予定はどうなのかと思ってな
今日の予定はどうなのかと思ってな
秀隆
秀隆
そうだな……
そうだな……
別に愛佳と回ることに不都合は無い。
別に愛佳と回ることに不都合は無い。
でも、裕輔が期待するような方向にはならないと思うんだよな。
でも、裕輔が期待するような方向にはならないと思うんだよな。
秀隆
秀隆
今回は、折角だから友達と行動したほうがいいだろう
今回は、折角だから友達と行動したほうがいいだろう
秀隆
秀隆
キズナや秋、凛に希望もいる。だろ？
キズナや秋、凛に希望もいる。だろ？
秀隆
秀隆
今は何よりも、友達を大切にする時期だ
今は何よりも、友達を大切にする時期だ
裕輔
裕輔
そうか……そうかも知れない
そうか……そうかも知れない
凛
凛
…………
…………
ふと、凛からの強い視線を感じた。
ふと、凛からの強い視線を感じた。
秀隆
秀隆
お、オレに惚れてしまったのか……
お、オレに惚れてしまったのか……
凛
凛
バーカ
バーカ
どうやら違うらしい。
どうやら違うらしい。
でも、じゃあ今の視線は一体？
でも、じゃあ今の視線は一体？
秀隆
秀隆
秋、ちょっといいか？
秋、ちょっといいか？
秋
秋
なんですか、兄さん
なんですか、兄さん
秀隆
秀隆
今日のことなんだが、オレとユウキも一緒していいか？
今日のことなんだが、オレとユウキも一緒していいか？
ユウキ
ユウキ
一緒してもいいかなっ？
一緒してもいいかなっ？
秋
秋
あ……はい。もちろん構いません
あ……はい。もちろん構いません
ユウキの手前、無下に断ることはしないだろうとは思っていた。
ユウキの手前、無下に断ることはしないだろうとは思っていた。
アクセラ
アクセラ
私もお供いたします
私もお供いたします
秀隆
秀隆
ああ。頼むよ
ああ。頼むよ
４人で、ドリームタウンの街へ繰り出す。
４人で、ドリームタウンの街へ繰り出す。
ユウキと秋を先頭に、オレとアクセラは後ろを歩く。
ユウキと秋を先頭に、オレとアクセラは後ろを歩く。
ユウキ
ユウキ
秋ちゃん秋ちゃん。今日はいっぱい楽しもうな！
秋ちゃん秋ちゃん。今日はいっぱい楽しもうな！
秋
秋
は、はい。ご迷惑をおかけしなければいいんですが
は、はい。ご迷惑をおかけしなければいいんですが
ユウキ
ユウキ
何を迷惑かけることがあるって言うんだよ
何を迷惑かけることがあるって言うんだよ
秋
秋
前にも言いましたが、あまり身体が強くないので……
前にも言いましたが、あまり身体が強くないので……
ユウキ
ユウキ
もしもの時は、俺が何とかするさっ
もしもの時は、俺が何とかするさっ
何とかって、どうするつもりだよ……。
何とかって、どうするつもりだよ……。
アクセラ
アクセラ
お優しい方ですね、ユウキ様は
お優しい方ですね、ユウキ様は
秀隆
秀隆
おまえと同じアンドロイドだけどな。それを感じさせないだろ
おまえと同じアンドロイドだけどな。それを感じさせないだろ
アクセラ
アクセラ
はい。秋様も少し心を開かれているように思います
はい。秋様も少し心を開かれているように思います
秀隆
秀隆
そうだな……
そうだな……
確かに、秋がここまで笑ったりするのは珍しい。
確かに、秋がここまで笑ったりするのは珍しい。
秋
秋
同じ街なのに、こんなに違うものなんですね
同じ街なのに、こんなに違うものなんですね
ユウキ
ユウキ
ほんとになぁ。空がないせいかな、ここまで違って感じるのは
ほんとになぁ。空がないせいかな、ここまで違って感じるのは
秋
秋
空……確かに……
空……確かに……
ユウキ
ユウキ
どうしてドリームタウンには空がないんだろ
どうしてドリームタウンには空がないんだろ
秋
秋
私も、少し気になります
私も、少し気になります
アクセラ
アクセラ
秀隆様は理由をご存知ですか？
秀隆様は理由をご存知ですか？
秀隆
秀隆
ドリームタウンには、ホープタウンほど電力がない。
ドリームタウンには、ホープタウンほど電力がない。
ホログラムを街全体に映し出すような技術は、膨大に電気を消費する
ホログラムを街全体に映し出すような技術は、膨大に電気を消費する
秀隆
秀隆
カジノなんかの施設に回す電力で精一杯ってことだな
カジノなんかの施設に回す電力で精一杯ってことだな
ユウキ
ユウキ
なるほど、さすが秀隆だな
なるほど、さすが秀隆だな
秀隆
秀隆
まぁね
まぁね
秋
秋
それほど自慢する話じゃないと思います
それほど自慢する話じゃないと思います
秀隆
秀隆
……まぁね
……まぁね
ユウキ
ユウキ
ねえねえ秋ちゃん、あっちの方に行ってみようよ
ねえねえ秋ちゃん、あっちの方に行ってみようよ
秋
秋
はい
はい
秀隆
秀隆
アクセラ。二人を任せてもいいか？
アクセラ。二人を任せてもいいか？
アクセラ
アクセラ
それは構いませんが、秀隆様はどうなさるのですか？
それは構いませんが、秀隆様はどうなさるのですか？
秀隆
秀隆
オレは別行動を取るよ
オレは別行動を取るよ
秀隆
秀隆
オレがいたら秋も満足に楽しめないだろうからな
オレがいたら秋も満足に楽しめないだろうからな
オレはアクセラに任せ、別行動を取ることに決めた。
オレはアクセラに任せ、別行動を取ることに決めた。
秀隆
秀隆
あれ、アクセラ？
あれ、アクセラ？
アクセラ
アクセラ
はい。なんでしょう秀隆様
はい。なんでしょう秀隆様
秀隆
秀隆
いや秋はどうしたんだよ
いや秋はどうしたんだよ
気がつけば、秋たちの姿がなかった。
気がつけば、秋たちの姿がなかった。
アクセラ
アクセラ
先日と同じです。皆様と街へ行かれてしまいました
先日と同じです。皆様と街へ行かれてしまいました
秀隆
秀隆
ったく、あいつも連れて行ってやればよかったのに
ったく、あいつも連れて行ってやればよかったのに
アクセラ
アクセラ
私のせいかも知れません
私のせいかも知れません
秀隆
秀隆
アクセラの？
アクセラの？
アクセラ
アクセラ
私が余計なことを進言してしまったからだと思います
私が余計なことを進言してしまったからだと思います
アクセラ
アクセラ
昨日プールで秀隆様と
昨日プールで秀隆様と
遊んだことが面白かったと報告しましたら
遊んだことが面白かったと報告しましたら
秀隆
秀隆
しましたら？
しましたら？
アクセラ
アクセラ
じゃあ、今日も遊べばいい、
じゃあ、今日も遊べばいい、
と不機嫌そうに命令をされてしまいました
と不機嫌そうに命令をされてしまいました
秀隆
秀隆
そりゃするだろ……
そりゃするだろ……
秀隆
秀隆
おまえがオレと遊んで楽しかったなんて報告、あいつが喜ぶわけがない
おまえがオレと遊んで楽しかったなんて報告、あいつが喜ぶわけがない
秀隆
秀隆
そんなこと、アクセラが一番理解してるはずだ
そんなこと、アクセラが一番理解してるはずだ
アクセラ
アクセラ
はい。ですが、嘘をつくことは出来ませんでした
はい。ですが、嘘をつくことは出来ませんでした
秀隆
秀隆
気遣いとして今までできていたはずだろ。そこは
気遣いとして今までできていたはずだろ。そこは
アクセラ
アクセラ
……ですが……
……ですが……
アクセラ
アクセラ
嫌だったのです。楽しくなかったと嘘をつくことが
嫌だったのです。楽しくなかったと嘘をつくことが
秀隆
秀隆
…………
…………
アクセラ
アクセラ
処罰は覚悟しているつもりです
処罰は覚悟しているつもりです
秀隆
秀隆
処罰？　大げさすぎ。別に何もしやしない
処罰？　大げさすぎ。別に何もしやしない
アクセラ
アクセラ
ベッドに縛り付けて、罰としてこいつをぶち込んでやる、
ベッドに縛り付けて、罰としてこいつをぶち込んでやる、
みたいなことはなさらなくていいのですか？
みたいなことはなさらなくていいのですか？
秀隆
秀隆
どんな罰だよ、どんな……
どんな罰だよ、どんな……
秀隆
秀隆
昨日に続いて、今日もオレたちだけが取り残されたわけか
昨日に続いて、今日もオレたちだけが取り残されたわけか
アクセラ
アクセラ
そのようです
そのようです
秀隆
秀隆
しゃーない。じゃあ今日は二人でドリームタウンを見て回るか
しゃーない。じゃあ今日は二人でドリームタウンを見て回るか
アクセラ
アクセラ
私と回ることは、苦渋の決断と言うことでしょうか？
私と回ることは、苦渋の決断と言うことでしょうか？
秀隆
秀隆
は？
は？
アクセラ
アクセラ
しゃーない、とは仕方がない、の言葉を崩したものですよね？
しゃーない、とは仕方がない、の言葉を崩したものですよね？
仕方がないから本日は私と二人でドリームタウンを見て回る
仕方がないから本日は私と二人でドリームタウンを見て回る
アクセラ
アクセラ
それはつまり、本当なら行きたくないけれど無理するか、と言うことです
それはつまり、本当なら行きたくないけれど無理するか、と言うことです
アクセラ
アクセラ
だから、秀隆様は私と回るのが嫌だ、と言うことになります
だから、秀隆様は私と回るのが嫌だ、と言うことになります
秀隆
秀隆
い、いや、そんな一言から複雑に読み取られても……
い、いや、そんな一言から複雑に読み取られても……
秀隆
秀隆
別におまえと行動するのが嫌とかじゃなくてだな
別におまえと行動するのが嫌とかじゃなくてだな
アクセラ
アクセラ
嫌でなければ、しゃーない、と言う言葉は出てこないかと思います
嫌でなければ、しゃーない、と言う言葉は出てこないかと思います
アクセラ
アクセラ
仮にここにいたのが凛様であれば、
仮にここにいたのが凛様であれば、
秀隆様は笑顔でどこに行く？と相談を始めていたはずです
秀隆様は笑顔でどこに行く？と相談を始めていたはずです
秀隆
秀隆
それはおまえの勝手な想像だけどな
それはおまえの勝手な想像だけどな
アクセラ
アクセラ
想像出来るだけのサンプルは持っているつもりです
想像出来るだけのサンプルは持っているつもりです
アクセラ
アクセラ
違いますか？
違いますか？
秀隆
秀隆
違わない……かも知れないが
違わない……かも知れないが
アクセラ
アクセラ
そうですよね？　……そうだと思いました
そうですよね？　……そうだと思いました
しゅんとしたアクセラが、下を向く。
しゅんとしたアクセラが、下を向く。
アクセラ
アクセラ
無理に同行したいとは申しません。
無理に同行したいとは申しません。
部屋で待機していた方がよいのであれば、私はそうさせていただきます
部屋で待機していた方がよいのであれば、私はそうさせていただきます
秀隆
秀隆
別にそういう意味で言ったんじゃない
別にそういう意味で言ったんじゃない
アクセラ
アクセラ
では、どう言う意味でしょうか？
では、どう言う意味でしょうか？
秀隆
秀隆
なんか変だぞアクセラ
なんか変だぞアクセラ
アクセラ
アクセラ
……変、ですか？
……変、ですか？
秀隆
秀隆
変だろ。なんでそんな変なところにこだわるんだ
変だろ。なんでそんな変なところにこだわるんだ
アクセラ
アクセラ
……確かに。言われてみれば、非常に変ですね
……確かに。言われてみれば、非常に変ですね
ふと気づいたように、思考する。
ふと気づいたように、思考する。
アクセラ
アクセラ
どうしてなのでしょう？
どうしてなのでしょう？
秀隆
秀隆
だからそれをオレに言われても困る……
だからそれをオレに言われても困る……
秀隆
秀隆
本当にどこにも異常ないんだろうな？
本当にどこにも異常ないんだろうな？
アクセラ
アクセラ
はい。オールグリーンです
はい。オールグリーンです
アクセラ
アクセラ
忘れてください、先ほどのお話は。失礼いたしました
忘れてください、先ほどのお話は。失礼いたしました
秀隆
秀隆
いいよ、オレも確かに言い方は悪かった。
いいよ、オレも確かに言い方は悪かった。
でも別に嫌な訳じゃない。それだけは本当だ
でも別に嫌な訳じゃない。それだけは本当だ
アクセラ
アクセラ
それはよかったです
それはよかったです
誰だって、適当に扱われれば怒るよな。
誰だって、適当に扱われれば怒るよな。
それはアンドロイドだって同じだ。
それはアンドロイドだって同じだ。
失礼な物言いだったことは、反省しなければならない。
失礼な物言いだったことは、反省しなければならない。
オレたちは二人ドリームタウンの街に繰り出した。
オレたちは二人ドリームタウンの街に繰り出した。
アクセラ
アクセラ
ホープタウンとは違った生活がありますね、こちらには
ホープタウンとは違った生活がありますね、こちらには
秀隆
秀隆
改めて感じるか？　そういうのを
改めて感じるか？　そういうのを
アクセラ
アクセラ
はい。人々は同じでも、
はい。人々は同じでも、
これだけ住む街並みが違いますと思います
これだけ住む街並みが違いますと思います
秀隆
秀隆
青空がないのは、どうしても閉鎖的に感じてしまうよな
青空がないのは、どうしても閉鎖的に感じてしまうよな
秀隆
秀隆
まぁ元々の面積が違うわけだから、根本的なものの違いでもあるけど
まぁ元々の面積が違うわけだから、根本的なものの違いでもあるけど
アクセラ
アクセラ
私がホープタウンの方がよいと感じてしまうのは、
私がホープタウンの方がよいと感じてしまうのは、
やはり生活に慣れてしまっているせいでしょうか？
やはり生活に慣れてしまっているせいでしょうか？
秀隆
秀隆
外に出始めたのは最近だろうけど、やっぱ少しはあるだろうな。
外に出始めたのは最近だろうけど、やっぱ少しはあるだろうな。
オレもホープタウンの方がいいと思うけど、凛に言わせればドリームタウンの方がいいらしいし
オレもホープタウンの方がいいと思うけど、凛に言わせればドリームタウンの方がいいらしいし
アクセラ
アクセラ
…………
…………
秀隆
秀隆
あいつは景色じゃなく、法律のことを言ってるんだけどな。
あいつは景色じゃなく、法律のことを言ってるんだけどな。
自分で働いて自分で稼ぐスタイルがあってるとかなんとか
自分で働いて自分で稼ぐスタイルがあってるとかなんとか
秀隆
秀隆
ん、どうした？
ん、どうした？
アクセラ
アクセラ
何故、凛様を例えに出されたのですか？
何故、凛様を例えに出されたのですか？
秀隆
秀隆
なにが
なにが
アクセラ
アクセラ
希望様でもよかったはずです。その例えを出すのは
希望様でもよかったはずです。その例えを出すのは
秀隆
秀隆
ん？　まぁ。凛から聞いたことがあるってだけだ
ん？　まぁ。凛から聞いたことがあるってだけだ
アクセラ
アクセラ
そうですか。失礼いたしました
そうですか。失礼いたしました
秀隆
秀隆
なんだぁ？
なんだぁ？
秀隆
秀隆
でもよかったよ。おまえを外に連れていけるようになってさ
でもよかったよ。おまえを外に連れていけるようになってさ
アクセラ
アクセラ
私も、こんな生活が送れるようになるとは思ってもいませんでした
私も、こんな生活が送れるようになるとは思ってもいませんでした
アクセラ
アクセラ
ほんの少し前までは、考えることもしませんでしたし
ほんの少し前までは、考えることもしませんでしたし
秀隆
秀隆
だよな
だよな
秀隆
秀隆
やっぱり、ホープにしろドリームにしろ外はいいか？
やっぱり、ホープにしろドリームにしろ外はいいか？
アクセラ
アクセラ
外の素晴らしさに気づけたことは嬉しく思います。
外の素晴らしさに気づけたことは嬉しく思います。
ですが、私はそれ以上に自分が居る場所の幸せに気づきました
ですが、私はそれ以上に自分が居る場所の幸せに気づきました
秀隆
秀隆
居る場所の幸せ？
居る場所の幸せ？
アクセラ
アクセラ
家に戻ればキズナ様が居て、秋様が居て
家に戻ればキズナ様が居て、秋様が居て
アクセラ
アクセラ
そして秀隆様が居る。私はそんな場所にお仕えしているのだなと……
そして秀隆様が居る。私はそんな場所にお仕えしているのだなと……
外出先から帰宅したとき、何気なく感じたことがあります
外出先から帰宅したとき、何気なく感じたことがあります
秀隆
秀隆
そっか……そう言ってもらえると、ちょっと嬉しいな
そっか……そう言ってもらえると、ちょっと嬉しいな
今までずっと我慢を強いて来た。
今までずっと我慢を強いて来た。
下手すりゃ、別のところに仕えたいと思う感情が湧き出ても仕方ない。
下手すりゃ、別のところに仕えたいと思う感情が湧き出ても仕方ない。
アンドロイドがいくら主人に絶対服従だとしても、
アンドロイドがいくら主人に絶対服従だとしても、
心の中ではどう思っているかはまた別問題だと思う。
心の中ではどう思っているかはまた別問題だと思う。
秀隆
秀隆
ありがとうな。いつもいつも、オレたちを助けてくれて
ありがとうな。いつもいつも、オレたちを助けてくれて
アクセラ
アクセラ
当たり前のことを当たり前のようにこなしているだけです
当たり前のことを当たり前のようにこなしているだけです
アクセラ
アクセラ
第一、私はいつも秋様やキズナ様、秀隆様に助けられています
第一、私はいつも秋様やキズナ様、秀隆様に助けられています
秀隆
秀隆
世話になりっぱなしだぞ、オレたちは
世話になりっぱなしだぞ、オレたちは
アクセラ
アクセラ
廃棄すれば済む私を、秀隆様は自らの犠牲を覚悟で救ってくださいました
廃棄すれば済む私を、秀隆様は自らの犠牲を覚悟で救ってくださいました
秀隆
秀隆
それは秋やキズナが、おまえを強く望んだからだ
それは秋やキズナが、おまえを強く望んだからだ
アクセラ
アクセラ
はい。ですからお二人にも感謝を。そして、秀隆様にも
はい。ですからお二人にも感謝を。そして、秀隆様にも
秀隆
秀隆
いや、ほんと大したことじゃないって……
いや、ほんと大したことじゃないって……
アクセラ
アクセラ
命がけとも言える行動で助けて下さった皆さんには、
命がけとも言える行動で助けて下さった皆さんには、
今まで仕えた時間だけではとても恩を返しきれません
今まで仕えた時間だけではとても恩を返しきれません
アクセラ
アクセラ
少なくとも、あと５０年はお仕えさせていただかないと
少なくとも、あと５０年はお仕えさせていただかないと
秀隆
秀隆
全員生きててもジジババだな……
全員生きててもジジババだな……
アクセラ
アクセラ
オムツは替えさせて頂くのでご心配なく
オムツは替えさせて頂くのでご心配なく
秀隆
秀隆
う、うーむ
う、うーむ
あんまり考えたくはないけど、そういうことになるのか？
あんまり考えたくはないけど、そういうことになるのか？
アクセラは何年経っても外見が劣化することはない。
アクセラは何年経っても外見が劣化することはない。
つことは……案外悪くないかもしれないな。
つことは……案外悪くないかもしれないな。
秀隆
秀隆
でへへへ
でへへへ
アクセラ
アクセラ
やっぱり、オムツはご自分でお願いいたします
やっぱり、オムツはご自分でお願いいたします
秀隆
秀隆
そういうなよアクセラちゃん。頼むよぉ
そういうなよアクセラちゃん。頼むよぉ
アクセラ
アクセラ
気持ち悪いです秀隆様
気持ち悪いです秀隆様
秀隆
秀隆
キズナ
キズナ
キズナ
キズナ
はい？
はい？
秀隆
秀隆
今日は誰か他の奴と街を回るつもりか？
今日は誰か他の奴と街を回るつもりか？
キズナ
キズナ
あっきーやイカイカと回ろうと思っていますっ
あっきーやイカイカと回ろうと思っていますっ
キズナ
キズナ
どうかしましたか？
どうかしましたか？
秀隆
秀隆
そっか。じゃあいいんだ
そっか。じゃあいいんだ
オレはその場を立ち去ろうとする。
オレはその場を立ち去ろうとする。
あいつらと一緒に行動するなら、邪魔しない方が良いだろう。
あいつらと一緒に行動するなら、邪魔しない方が良いだろう。
キズナ
キズナ
えっと。ちょっと待っててくださいです
えっと。ちょっと待っててくださいです
秀隆
秀隆
キズナ？
キズナ？
オレに待つよう言い、キズナは皆のところへ。
オレに待つよう言い、キズナは皆のところへ。
キズナ
キズナ
ごめんなさい、今日は私ひーくんと遊んで来ようと思います
ごめんなさい、今日は私ひーくんと遊んで来ようと思います
そう言った。
そう言った。
そしてオレのところに戻ってくる。
そしてオレのところに戻ってくる。
キズナ
キズナ
承諾を貰ってきましたっ
承諾を貰ってきましたっ
秀隆
秀隆
いや、いいのか？　せっかくあいつらと……
いや、いいのか？　せっかくあいつらと……
キズナ
キズナ
皆と一緒に遊ぶのもいいですが、ひーくんと一緒に街を回りたいと思ったので
皆と一緒に遊ぶのもいいですが、ひーくんと一緒に街を回りたいと思ったので
キズナ
キズナ
どうして、私を誘ってくれたんですか？
どうして、私を誘ってくれたんですか？
秀隆
秀隆
なんだ、おまえまで変な勘ぐりをしてるのか？
なんだ、おまえまで変な勘ぐりをしてるのか？
キズナ
キズナ
そう言うわけではなく、単純に素朴な疑問ですね
そう言うわけではなく、単純に素朴な疑問ですね
秀隆
秀隆
強いて理由を挙げるとするなら……地上に関すること、かな
強いて理由を挙げるとするなら……地上に関すること、かな
秀隆
秀隆
他の子たちの前じゃ、出来ない話題だろ？
他の子たちの前じゃ、出来ない話題だろ？
キズナ
キズナ
なるほど。それはそうかも知れません
なるほど。それはそうかも知れません
秀隆
秀隆
折角ドリームタウンを見て回るんだ、
折角ドリームタウンを見て回るんだ、
何かキズナ自身にも変わった影響が出るかもしれない
何かキズナ自身にも変わった影響が出るかもしれない
秀隆
秀隆
実際、昨日今日とドリームタウンで生活をしてみて、どう思った？
実際、昨日今日とドリームタウンで生活をしてみて、どう思った？
キズナ
キズナ
地上と地下では生活は大きく異なると思いますが、
地上と地下では生活は大きく異なると思いますが、
それは時代による技術力の差であって、根本はそれほど変わらないのかも知れません
それは時代による技術力の差であって、根本はそれほど変わらないのかも知れません
秀隆
秀隆
似たような印象ってことか？
似たような印象ってことか？
キズナ
キズナ
極端な違いは感じられないように思います
極端な違いは感じられないように思います
秀隆
秀隆
ホープタウンとドリームタウンじゃ、どっちが地上に近いんだ？
ホープタウンとドリームタウンじゃ、どっちが地上に近いんだ？
キズナ
キズナ
それは、間違いなくホープタウンだと思います。でも、
それは、間違いなくホープタウンだと思います。でも、
細かな部分ではドリームタウンも負けていないと思います……
細かな部分ではドリームタウンも負けていないと思います……
キズナ
キズナ
ひーくんも、地上に興味が出てきたんですか？
ひーくんも、地上に興味が出てきたんですか？
秀隆
秀隆
いや、どうかな……何となく気になるって程度なんだが……
いや、どうかな……何となく気になるって程度なんだが……
キズナ
キズナ
それにしては、目を輝かせていたように思います
それにしては、目を輝かせていたように思います
秀隆
秀隆
知識としての探求は、したくなってるかもな。
知識としての探求は、したくなってるかもな。
行きたいというよりは、知りたいって方が表現的にも近い
行きたいというよりは、知りたいって方が表現的にも近い
キズナ
キズナ
なるほどです
なるほどです
秀隆
秀隆
オレにはホープタウンって言う世界があるし、
オレにはホープタウンって言う世界があるし、
それ以上のものを望んだことは、一度もないからな
それ以上のものを望んだことは、一度もないからな
キズナ
キズナ
凄くいいところですもんね、ホープタウン
凄くいいところですもんね、ホープタウン
キズナ
キズナ
このドリームタウンも、凄く良いところだと思います
このドリームタウンも、凄く良いところだと思います
秀隆
秀隆
でも、やっぱりどこか変じゃないか？
でも、やっぱりどこか変じゃないか？
秀隆
秀隆
オレは初めてドリームタウンに来た時、
オレは初めてドリームタウンに来た時、
ちょっとした息苦しさみたいなものを感じたことがある
ちょっとした息苦しさみたいなものを感じたことがある
キズナ
キズナ
空がないから、ですか？
空がないから、ですか？
秀隆
秀隆
ああ。外なのに建物の中と言うか、変な違和感をな
ああ。外なのに建物の中と言うか、変な違和感をな
キズナ
キズナ
それはあるかも知れませんね。
それはあるかも知れませんね。
私も少しですけど、頭の中がくるくる回ってます
私も少しですけど、頭の中がくるくる回ってます
秀隆
秀隆
ま、ドリームタウンを堪能して馴染んでいこう
ま、ドリームタウンを堪能して馴染んでいこう
キズナ
キズナ
はいですっ
はいですっ
…………。
…………。
……。
……。
凛
凛
折角ドリームタウンに来たんだし、皆で行動しない？
折角ドリームタウンに来たんだし、皆で行動しない？
秀隆
秀隆
それはありだな。変にグループを作る必要もないか
それはありだな。変にグループを作る必要もないか
希望
希望
私も凛ちゃんに賛成。大勢で遊んだ方が絶対楽しいよね
私も凛ちゃんに賛成。大勢で遊んだ方が絶対楽しいよね
秀隆
秀隆
楽しいのは間違いないけど、はしゃぎすぎて迷惑かけないようにな
楽しいのは間違いないけど、はしゃぎすぎて迷惑かけないようにな
ユウキ
ユウキ
そんな堅苦しいこと言いっこなしだぜ。先生みたいだな
そんな堅苦しいこと言いっこなしだぜ。先生みたいだな
秀隆
秀隆
元先生だからな。その辺気になるんだよ
元先生だからな。その辺気になるんだよ
ユウキ
ユウキ
そんな気にするほどのことかなあ？
そんな気にするほどのことかなあ？
秀隆
秀隆
三人寄れば姦しいってな。女の子ってのはうるさいもんなんだ
三人寄れば姦しいってな。女の子ってのはうるさいもんなんだ
凛
凛
秀隆如きが女の子語ってるわよ？
秀隆如きが女の子語ってるわよ？
希望
希望
これを図々しいって言うのかな？
これを図々しいって言うのかな？
秋
秋
鬱陶しいとも言いますね
鬱陶しいとも言いますね
秀隆
秀隆
…………
…………
キズナ
キズナ
モテモテですね、ひーくんっ
モテモテですね、ひーくんっ
秀隆
秀隆
こういうのをモテモテとは言わないぞ……
こういうのをモテモテとは言わないぞ……
ユウキ
ユウキ
うらやましいぜ、秀隆っ
うらやましいぜ、秀隆っ
羨ましがってる奴一人……。
羨ましがってる奴一人……。
オレたちは全員でひとつとなって、行動することにした。
オレたちは全員でひとつとなって、行動することにした。
オレは何となく凛のことが気になり、
オレは何となく凛のことが気になり、
話しかけようかと思ったが、凛は常に誰かに話しかけられている。
話しかけようかと思ったが、凛は常に誰かに話しかけられている。
ユウキ
ユウキ
分かるぜ秀隆。凛ちゃんは可愛いもんな
分かるぜ秀隆。凛ちゃんは可愛いもんな
秀隆
秀隆
なにが分かるぜ、なのかが分からないけどな
なにが分かるぜ、なのかが分からないけどな
ユウキ
ユウキ
凛ちゃん狙いなんだろ？
凛ちゃん狙いなんだろ？
秀隆
秀隆
べ、別に狙うとか狙わないとか。そんなんじゃない
べ、別に狙うとか狙わないとか。そんなんじゃない
ユウキ
ユウキ
でも、エッチさせてくれるって言ったらするだろ？
でも、エッチさせてくれるって言ったらするだろ？
秀隆
秀隆
それはもちろ―――いや、なんでそう言う話になる
それはもちろ―――いや、なんでそう言う話になる
ユウキ
ユウキ
男は皆ケダモノだからさっ
男は皆ケダモノだからさっ
秀隆
秀隆
ケダモノねぇ……
ケダモノねぇ……
ユウキ
ユウキ
俺はさー、時々思うんだよ。男女の恋愛って価値観が違うよなって
俺はさー、時々思うんだよ。男女の恋愛って価値観が違うよなって
ユウキ
ユウキ
男は口では大切だとか愛してるとか言うけど、
男は口では大切だとか愛してるとか言うけど、
つまるとこエッチがしたいだけだと思うんだよ
つまるとこエッチがしたいだけだと思うんだよ
ユウキ
ユウキ
や、もちろん感情ありきなのは分かるんだけど、
や、もちろん感情ありきなのは分かるんだけど、
もし好きになった子がエッチＮＧだったら付き合えないだろ？
もし好きになった子がエッチＮＧだったら付き合えないだろ？
秀隆
秀隆
まあ……そうかもな
まあ……そうかもな
なんで折角の旅行でこんな話してるんだか。
なんで折角の旅行でこんな話してるんだか。
ユウキ
ユウキ
逆に女の子は、エッチ出来なくても大丈夫って子、結構いそうじゃん？
逆に女の子は、エッチ出来なくても大丈夫って子、結構いそうじゃん？
秀隆
秀隆
それは聞いてみないとわからないだろ
それは聞いてみないとわからないだろ
ユウキ
ユウキ
じゃ聞いてみてくれよ。凛ちゃんとか希望ちゃんとかに
じゃ聞いてみてくれよ。凛ちゃんとか希望ちゃんとかに
秀隆
秀隆
間違いなく殺されるから嫌だ。知りたいならおまえが聞けよ
間違いなく殺されるから嫌だ。知りたいならおまえが聞けよ
ユウキ
ユウキ
俺って紳士で通ってるじゃん？　だから無理
俺って紳士で通ってるじゃん？　だから無理
秀隆
秀隆
いつユウキが紳士として扱われたのか教えて欲しい……
いつユウキが紳士として扱われたのか教えて欲しい……
キズナ
キズナ
何のお話をしてるんですか？　二人で
何のお話をしてるんですか？　二人で
秀隆
秀隆
別になんでもないから気にするな
別になんでもないから気にするな
キズナ
キズナ
女の子もエッチがしたいのか、ですよね？
女の子もエッチがしたいのか、ですよね？
秀隆
秀隆
聞いてたのかよ……
聞いてたのかよ……
キズナ
キズナ
聞いてたと言いますか、聞こえていたと言いますか
聞いてたと言いますか、聞こえていたと言いますか
ユウキ
ユウキ
キズナちゃんには、まだ早いよなぁこういう話は
キズナちゃんには、まだ早いよなぁこういう話は
キズナ
キズナ
女の子は、性に関する知識を身につけるのは
女の子は、性に関する知識を身につけるのは
男の子よりはやいかも知れませんよ？
男の子よりはやいかも知れませんよ？
秀隆
秀隆
あーこらこら、普通にこの会話に参加してこない
あーこらこら、普通にこの会話に参加してこない
キズナ
キズナ
どうしてですか？　私は全然平気ですし、興味ありますよ？
どうしてですか？　私は全然平気ですし、興味ありますよ？
ユウキ
ユウキ
お、おぉ、さすがキズナちゃん
お、おぉ、さすがキズナちゃん
ユウキ
ユウキ
じゃああの、お言葉に甘えて質問してもいいですか
じゃああの、お言葉に甘えて質問してもいいですか
キズナ
キズナ
どうぞどうぞっ
どうぞどうぞっ
秀隆
秀隆
おまえにはプライドってものがないのか？　ユウキ
おまえにはプライドってものがないのか？　ユウキ
ユウキ
ユウキ
プライドよりも目先のアダルトっ！
プライドよりも目先のアダルトっ！
ユウキ
ユウキ
そ、そのキズナちゃんはエッチしたいとか、思ったりする？
そ、そのキズナちゃんはエッチしたいとか、思ったりする？
キズナ
キズナ
うーんどうでしょう。興味がないと言えば嘘になりますが
うーんどうでしょう。興味がないと言えば嘘になりますが
キズナ
キズナ
エッチがどういうものか、
エッチがどういうものか、
体験してみないことには分かりませんね
体験してみないことには分かりませんね
ユウキ
ユウキ
よし、じゃあ俺と今日にでも
よし、じゃあ俺と今日にでも
冗談だから秀隆、そんな怖そうな顔しないでくれよ
冗談だから秀隆、そんな怖そうな顔しないでくれよ
秀隆
秀隆
キズナは大切な同居人だからな。
キズナは大切な同居人だからな。
間違っても変な方向に連れて行かれないようにしないと
間違っても変な方向に連れて行かれないようにしないと
キズナ
キズナ
ユウキ先生は、エッチしたいんですか？
ユウキ先生は、エッチしたいんですか？
ユウキ
ユウキ
それはもう、死ぬほどしたい！
それはもう、死ぬほどしたい！
キズナ
キズナ
経験が無くてもですかっ
経験が無くてもですかっ
ユウキ
ユウキ
経験が無いからこそ、エッチへのあくなき探究心が尽きないのさ
経験が無いからこそ、エッチへのあくなき探究心が尽きないのさ
キズナ
キズナ
なるほど。そう言う積極さは見習わないと
なるほど。そう言う積極さは見習わないと
秀隆
秀隆
見習う必要は全くない
見習う必要は全くない
キズナ
キズナ
ひーくんはその辺どう考えてるんですか？
ひーくんはその辺どう考えてるんですか？
秀隆
秀隆
オレ？　オレは別に……
オレ？　オレは別に……
キズナ
キズナ
目の前に可愛い女の子がいて、
目の前に可愛い女の子がいて、
エッチしてもいいよって言ってきたら？
エッチしてもいいよって言ってきたら？
秀隆
秀隆
飛び込むようにしてさせていただきます
飛び込むようにしてさせていただきます
凛
凛
……あんた、いきなりキズナの前で何言ってるわけ？
……あんた、いきなりキズナの前で何言ってるわけ？
秀隆
秀隆
げ……
げ……
気がつけば、凛がこっちを見て睨んでいた。
気がつけば、凛がこっちを見て睨んでいた。
凛
凛
あんたが如何に最低の男か、みっちり教えて上げる必要がありそうね
あんたが如何に最低の男か、みっちり教えて上げる必要がありそうね
秀隆
秀隆
ち、違うんだ凛。これはユウキとキズナが言い出したことで！
ち、違うんだ凛。これはユウキとキズナが言い出したことで！
キズナ
キズナ
ユウキ先生、あれはなんでしょうか？
ユウキ先生、あれはなんでしょうか？
ユウキ
ユウキ
そうだなぁ。多分ドリームタウンのデパートじゃないか？
そうだなぁ。多分ドリームタウンのデパートじゃないか？
キズナ
キズナ
おおなるほどー。行ってみたいですね
おおなるほどー。行ってみたいですね
秀隆
秀隆
おい……
おい……
凛
凛
おい、はこっちのセリフよ。さ、覚悟してもらうわよ秀隆
おい、はこっちのセリフよ。さ、覚悟してもらうわよ秀隆
秀隆
秀隆
どうしてオレだけこうなるんだ！
どうしてオレだけこうなるんだ！
希望
希望
…………
…………
ふと希望を見ると、先ほどまでの明るさは消え、
ふと希望を見ると、先ほどまでの明るさは消え、
妙に真剣な、神妙な面持ちをしていた。
妙に真剣な、神妙な面持ちをしていた。
秀隆
秀隆
どうかしたのか？
どうかしたのか？
希望
希望
えっ？　なにが？
えっ？　なにが？
秀隆
秀隆
今ちょっと考え事するような顔してたからさ
今ちょっと考え事するような顔してたからさ
希望
希望
そうかな……？
そうかな……？
秀隆
秀隆
何かあったのか？
何かあったのか？
希望
希望
ううん何も
ううん何も
希望
希望
強いて言うなら、皆にどう説明したら
強いて言うなら、皆にどう説明したら
ドリームタウンを好きになってもらえるか考えてたの
ドリームタウンを好きになってもらえるか考えてたの
希望
希望
秋ちゃんや愛佳ちゃん、キズナちゃんたちは、
秋ちゃんや愛佳ちゃん、キズナちゃんたちは、
私と違って頻繁にこっちには来られないよね？
私と違って頻繁にこっちには来られないよね？
秀隆
秀隆
もちろん、方法がないわけじゃないが、そうだな。
もちろん、方法がないわけじゃないが、そうだな。
次に来られるのは当分先だろうな
次に来られるのは当分先だろうな
希望
希望
だから楽しんでもらえるようにしたいんだよ
だから楽しんでもらえるようにしたいんだよ
秀隆
秀隆
へぇ……
へぇ……
秀隆
秀隆
ちょっと驚いたな
ちょっと驚いたな
希望
希望
驚いた？
驚いた？
秀隆
秀隆
希望って、普段適当に生きてるって言うか、
希望って、普段適当に生きてるって言うか、
そんなこと考えることもあるんだなと思って
そんなこと考えることもあるんだなと思って
希望
希望
あはは、失礼だなぁ秀隆くんは。
あはは、失礼だなぁ秀隆くんは。
私だって色々悩んだりすることもあるんだよ？
私だって色々悩んだりすることもあるんだよ？
秀隆
秀隆
例えば？
例えば？
希望
希望
欲しい服があったとして、赤にするか青にするか、とか？
欲しい服があったとして、赤にするか青にするか、とか？
秀隆
秀隆
……それは悩みのうちには入らんだろ……
……それは悩みのうちには入らんだろ……
希望
希望
じゃあ、どういうのが悩みって言うの？
じゃあ、どういうのが悩みって言うの？
秀隆
秀隆
人に言いたくても言えないことがあるとか、そう言うのだよ
人に言いたくても言えないことがあるとか、そう言うのだよ
希望
希望
私は無いかな
私は無いかな
秀隆
秀隆
じゃあ、やっぱり悩むタイプじゃないってことか
じゃあ、やっぱり悩むタイプじゃないってことか
希望
希望
やっぱり悩んだりもするかな？
やっぱり悩んだりもするかな？
秀隆
秀隆
嘘付け。単純に悩みがあるっぽく見せたいだけだろ
嘘付け。単純に悩みがあるっぽく見せたいだけだろ
希望
希望
そんなことないって。うんうん
そんなことないって。うんうん
秀隆
秀隆
まあ、悩みなんて持たないに越したことはないんだけどさ
まあ、悩みなんて持たないに越したことはないんだけどさ
希望
希望
悩みを抱えるのはやっぱり辛い？
悩みを抱えるのはやっぱり辛い？
秀隆
秀隆
必要なこととは思うが、楽じゃないよな
必要なこととは思うが、楽じゃないよな
秀隆
秀隆
悩んでることが吹っ切れたり、あるいは解決したり。
悩んでることが吹っ切れたり、あるいは解決したり。
それまでに要する時間は、単純なようでいてそうじゃない
それまでに要する時間は、単純なようでいてそうじゃない
希望
希望
そっか
そっか
秀隆
秀隆
もし悩みがあったら、その時は仲間を頼れ
もし悩みがあったら、その時は仲間を頼れ
秀隆
秀隆
きっと希望の力になってくれるから
きっと希望の力になってくれるから
希望
希望
わかった。秀隆くん以外に頼ることにするね
わかった。秀隆くん以外に頼ることにするね
秀隆
秀隆
オレも頼ってくれよ！
オレも頼ってくれよ！
希望
希望
あはははは
あはははは
オレたちは再び合流した後、ドリームタウンの目玉、カジノに足を運んだ。
オレたちは再び合流した後、ドリームタウンの目玉、カジノに足を運んだ。
ガードマン
ガードマン
失礼ですがそちらの方々は
失礼ですがそちらの方々は
希望
希望
私の友達なの
私の友達なの
ガードマン
ガードマン
希望様！？　なるほど、そうでしたか。どうぞお通りください
希望様！？　なるほど、そうでしたか。どうぞお通りください
希望
希望
ささ、どうぞどうぞ
ささ、どうぞどうぞ
秀隆
秀隆
さすが希望だな。すんなりと入れた
さすが希望だな。すんなりと入れた
もちろん、希望がいなくても１８歳以上である皆は、入れるに決まってるんだが。
もちろん、希望がいなくても１８歳以上である皆は、入れるに決まってるんだが。
面倒な手続きを省けたってことだ。
面倒な手続きを省けたってことだ。
キズナ
キズナ
うわあっ……！
うわあっ……！
建物の中に入るなり、キズナが驚きの歓声を上げた。
建物の中に入るなり、キズナが驚きの歓声を上げた。
それはキズナだけじゃなく、秋や愛佳も同じだった。
それはキズナだけじゃなく、秋や愛佳も同じだった。
愛佳
愛佳
すっご……これが、ドリームタウンのカジノ……
すっご……これが、ドリームタウンのカジノ……
秋
秋
本当にすごい……
本当にすごい……
秀隆
秀隆
ホープタウンには、こんな大きな建物は存在しないからなぁ
ホープタウンには、こんな大きな建物は存在しないからなぁ
まだ午前中だと言うのに無数の人で溢れ返っている。
まだ午前中だと言うのに無数の人で溢れ返っている。
愛佳
愛佳
希望ちゃんって、このカジノオーナーの娘さんなんでしょ？
希望ちゃんって、このカジノオーナーの娘さんなんでしょ？
希望
希望
えと、そうだね、一応そうなるかな
えと、そうだね、一応そうなるかな
愛佳
愛佳
将来安泰じゃない！
将来安泰じゃない！
片桐食料プラントの娘である愛佳も、
片桐食料プラントの娘である愛佳も、
一般レベルで見れば相当すごいんだけどな。
一般レベルで見れば相当すごいんだけどな。
ただ、希望と比べては形無しか。
ただ、希望と比べては形無しか。
仮に大河内代表が、代表の座を退くことになっても、
仮に大河内代表が、代表の座を退くことになっても、
このカジノのオーナーであることに変わりはない。
このカジノのオーナーであることに変わりはない。
アクセラ
アクセラ
秀隆様。ここは一攫千金を夢見てはどうでしょうか？
秀隆様。ここは一攫千金を夢見てはどうでしょうか？
秀隆
秀隆
何急に目を輝かせてるんだよ。
何急に目を輝かせてるんだよ。
昨日あれほどギャンブルはやめてくださいって言ってただろ
昨日あれほどギャンブルはやめてくださいって言ってただろ
アクセラ
アクセラ
そうではなく、希望様のことです
そうではなく、希望様のことです
秀隆
秀隆
希望？
希望？
アクセラはそっと耳打ちをする。
アクセラはそっと耳打ちをする。
アクセラ
アクセラ
希望様を奥様にすれば、このカジノは秀隆様の物です
希望様を奥様にすれば、このカジノは秀隆様の物です
秀隆
秀隆
おいおい、なんちゅーことを……
おいおい、なんちゅーことを……
アクセラ
アクセラ
いえ、もちろん確率が低いことは存じ上げております。
いえ、もちろん確率が低いことは存じ上げております。
恐らく秀隆様が希望様を射止められる確率は、
恐らく秀隆様が希望様を射止められる確率は、
１００万分の１、いえ、１０００万分の１くらいでしょう
１００万分の１、いえ、１０００万分の１くらいでしょう
秀隆
秀隆
それは言いすぎ
それは言いすぎ
アクセラ
アクセラ
ですがリスクは殆どございません。
ですがリスクは殆どございません。
であれば、ここは一か八かチャレンジしてみては？
であれば、ここは一か八かチャレンジしてみては？
秀隆
秀隆
オレには多々リスクがあるっての。
オレには多々リスクがあるっての。
それに、希望には婚約者だっている。無理無理
それに、希望には婚約者だっている。無理無理
アクセラ
アクセラ
秀隆様にその気はない、と言うことですか
秀隆様にその気はない、と言うことですか
秀隆
秀隆
ない。オレからしたら、教え子に近い感覚だよ希望は
ない。オレからしたら、教え子に近い感覚だよ希望は
アクセラ
アクセラ
そうですか。残念です
そうですか。残念です
秀隆
秀隆
それはお前……
それはお前……
アクセラ
アクセラ
……どうなのですか？
……どうなのですか？
秀隆
秀隆
いや、だから、希望には婚約者がいるから
いや、だから、希望には婚約者がいるから
アクセラ
アクセラ
秀隆様に希望様を想う気持ちはない、と言うことですね？
秀隆様に希望様を想う気持ちはない、と言うことですね？
秀隆
秀隆
ない
ない
希望
希望
ん？　何がないの？
ん？　何がないの？
秀隆
秀隆
えっ？
えっ？
屈託のない笑みで希望が覗き込んできた。
屈託のない笑みで希望が覗き込んできた。
秀隆
秀隆
えーっと、そのだな……
えーっと、そのだな……
秀隆
秀隆
あれだ。そう、忘れ物はないってことだ
あれだ。そう、忘れ物はないってことだ
希望
希望
うん？　それはよかったね
うん？　それはよかったね
秀隆
秀隆
おう
おう
アクセラ
アクセラ
…………
…………
希望は、うんうんと頷いた後、秋に話しかけにいった。
希望は、うんうんと頷いた後、秋に話しかけにいった。
アクセラ
アクセラ
これは―――予感！？
これは―――予感！？
秀隆
秀隆
なにがだよ
なにがだよ
アクセラ
アクセラ
これからどうなさるおつもりですか？
これからどうなさるおつもりですか？
秀隆
秀隆
せっかくカジノに来たんだから、少しくらいは遊びたいよな
せっかくカジノに来たんだから、少しくらいは遊びたいよな
アクセラ
アクセラ
そうですね……皆様期待はされているかと
そうですね……皆様期待はされているかと
秀隆
秀隆
よし、悪いけどちょっと待っててくれ
よし、悪いけどちょっと待っててくれ
オレは全員をその場に待たせ、チップの換金所へ。
オレは全員をその場に待たせ、チップの換金所へ。
チップは、何も高額しかないわけではない。
チップは、何も高額しかないわけではない。
１枚１０万円以上の高額チップもあれば、
１枚１０万円以上の高額チップもあれば、
逆に１枚１０円と言う非常に小額なチップも存在する。
逆に１枚１０円と言う非常に小額なチップも存在する。
無論、その小額専用のカジノも、少数だが用意されている。
無論、その小額専用のカジノも、少数だが用意されている。
ＩＤカードを挿入し、最少額のチップを選択。
ＩＤカードを挿入し、最少額のチップを選択。
オレはケースの中にチップを大量に入れ、全員のところに戻った。
オレはケースの中にチップを大量に入れ、全員のところに戻った。
秀隆
秀隆
折角カジノまで来たんだ。記念に遊んで帰らないと損だろ
折角カジノまで来たんだ。記念に遊んで帰らないと損だろ
秋
秋
兄さん、賭け事はよくないと思います
兄さん、賭け事はよくないと思います
秀隆
秀隆
賭け事って言っても、額は非常に少ないから安心しろ
賭け事って言っても、額は非常に少ないから安心しろ
オレは、手元にあるチップ全てあわせて、２万円弱しかないことを伝えた。
オレは、手元にあるチップ全てあわせて、２万円弱しかないことを伝えた。
愛佳
愛佳
いいじゃない。あたしちょっとやりたかったし。
いいじゃない。あたしちょっとやりたかったし。
それに、持ってる分以上に減っちゃうことはないんでしょ？
それに、持ってる分以上に減っちゃうことはないんでしょ？
秀隆
秀隆
ああ。割り振ったら一人３０００円。遊園地の入場料金より安いぞ
ああ。割り振ったら一人３０００円。遊園地の入場料金より安いぞ
秋
秋
まあ……そういうことでしたら
まあ……そういうことでしたら
キズナ
キズナ
一攫千金で、億万長者になってみます！
一攫千金で、億万長者になってみます！
秀隆
秀隆
夢を持つのは結構だが、無理だと思うぞ……
夢を持つのは結構だが、無理だと思うぞ……
元手３０００円でスタートだと、
元手３０００円でスタートだと、
途方もない勝ち運が必要になってくる。
途方もない勝ち運が必要になってくる。
キズナはオレの傍に寄ってくると、
キズナはオレの傍に寄ってくると、
他の者には聞こえないように言った。
他の者には聞こえないように言った。
キズナ
キズナ
実は、このカジノって、私の記憶にもあるんです
実は、このカジノって、私の記憶にもあるんです
秀隆
秀隆
……それって、地上にも同じようなものがあったってことか
……それって、地上にも同じようなものがあったってことか
キズナ
キズナ
恐らくですが。カジノ、と言う意味や、
恐らくですが。カジノ、と言う意味や、
周りで動いているゲームの種類も、大体わかる気がします
周りで動いているゲームの種類も、大体わかる気がします
秀隆
秀隆
へえ……
へえ……
キズナ
キズナ
なので、ルーレットにしようと思うんです
なので、ルーレットにしようと思うんです
秀隆
秀隆
ルーレットか。わかりやすいな
ルーレットか。わかりやすいな
キズナ
キズナ
ひーくんも一緒にしますか？
ひーくんも一緒にしますか？
秀隆
秀隆
そうだな。よし、一緒にルーレットするか
そうだな。よし、一緒にルーレットするか
オレたちはキズナの要望に沿って、ルーレットの台へと向かった。
オレたちはキズナの要望に沿って、ルーレットの台へと向かった。
さすがに小額台は空いており、全員が同じ卓に着くことが出来た。
さすがに小額台は空いており、全員が同じ卓に着くことが出来た。
ユウキは参加せず、見ていることにしたらしい。
ユウキは参加せず、見ていることにしたらしい。
秋の後ろに立ち、時折雑談に参加している。
秋の後ろに立ち、時折雑談に参加している。
キズナ
キズナ
楽しみですっ
楽しみですっ
凛
凛
ねえねえ。どうせなら、あたしたちの中でも賭けをしない？
ねえねえ。どうせなら、あたしたちの中でも賭けをしない？
秀隆
秀隆
どういうことだ？
どういうことだ？
凛
凛
ルーレットで、一番多く稼いだ人が、
ルーレットで、一番多く稼いだ人が、
最下位の人に対して好きな命令を１つ下せる、ってのはどう？
最下位の人に対して好きな命令を１つ下せる、ってのはどう？
秀隆
秀隆
面白そうだな
面白そうだな
凛
凛
でしょ？　他の皆もどう？
でしょ？　他の皆もどう？
愛佳
愛佳
あたしは賛成！　そういうの楽しそうだし
あたしは賛成！　そういうの楽しそうだし
秀隆
秀隆
最下位が複数いた場合は？
最下位が複数いた場合は？
凛
凛
その時は、一位が最下位の中から任意で指名できるってことで
その時は、一位が最下位の中から任意で指名できるってことで
秀隆
秀隆
わかった。ルールは特に複雑でもないし、皆理解しただろう
わかった。ルールは特に複雑でもないし、皆理解しただろう
秀隆
秀隆
それから勝負数を予め決めておこう。
それから勝負数を予め決めておこう。
５回終了時点で、一番勝ってた奴の勝利ってことで
５回終了時点で、一番勝ってた奴の勝利ってことで
希望
希望
意義なーし
意義なーし
秀隆
秀隆
それから後ひとつ
それから後ひとつ
凛
凛
なによ、まだあるわけ？
なによ、まだあるわけ？
秀隆
秀隆
５回のルーレットが終わるまでに、
５回のルーレットが終わるまでに、
全員最初の所持金である３０００円以上のベットをする、
全員最初の所持金である３０００円以上のベットをする、
って言う条件を付け加えた方がいいと思う
って言う条件を付け加えた方がいいと思う
秋
秋
どういうことですか、兄さん
どういうことですか、兄さん
秀隆
秀隆
最下位を免れるために、大きな金額を張らない方法もある。
最下位を免れるために、大きな金額を張らない方法もある。
３０００円近いお金を残しておいたら、ほぼ負けはないからな
３０００円近いお金を残しておいたら、ほぼ負けはないからな
秀隆
秀隆
それに、確率的には１位になることだってありうるわけだし
それに、確率的には１位になることだってありうるわけだし
凛
凛
言われて見ればそうかも知れないけど、
言われて見ればそうかも知れないけど、
普通誰もそんなケチ臭いこと考えないわよ
普通誰もそんなケチ臭いこと考えないわよ
愛佳
愛佳
だね。それって卑怯者っぽいし
だね。それって卑怯者っぽいし
真っ先に、ベットせず３０００円残すことを考えた、とは言えないな。
真っ先に、ベットせず３０００円残すことを考えた、とは言えないな。
秀隆
秀隆
とにかく、それを条件に加えてもらいたい
とにかく、それを条件に加えてもらいたい
凛
凛
わかったわ。採用
わかったわ。採用
誰も反対意見はないのか、承諾したようだった。
誰も反対意見はないのか、承諾したようだった。
秀隆
秀隆
さてと……
さてと……
全５回の勝負、どうやって賭けていくかだな。
全５回の勝負、どうやって賭けていくかだな。
罰ゲームの有無もそうだけど、
罰ゲームの有無もそうだけど、
例えお小遣い程度でも、お金はお金だ。
例えお小遣い程度でも、お金はお金だ。
やる以上は増やして終わりたい。
やる以上は増やして終わりたい。
ルーレットはシンプル。
ルーレットはシンプル。
１～３６の数字を、賭け方に合わせて倍率が変動するシンプルなもの。
１～３６の数字を、賭け方に合わせて倍率が変動するシンプルなもの。
１点がけなら３６倍。
１点がけなら３６倍。
複数の組み合わせなら２倍から１６倍まで、幅広くある。
複数の組み合わせなら２倍から１６倍まで、幅広くある。
秀隆
秀隆
まずは
まずは
オレは、２００円分のチップを、２倍の倍率場所、赤へ置いた。
オレは、２００円分のチップを、２倍の倍率場所、赤へ置いた。
約５０％の確率で、勝てる計算だ。
約５０％の確率で、勝てる計算だ。
他のメンツはどうだろうか？
他のメンツはどうだろうか？
秋
秋
どうしようかな……
どうしようかな……
愛佳
愛佳
あたし、今日のラッキーカラーとナンバー、黒と８なんだよね
あたし、今日のラッキーカラーとナンバー、黒と８なんだよね
そう言い、愛佳は５０円のチップをそれぞれ２箇所、
そう言い、愛佳は５０円のチップをそれぞれ２箇所、
黒の場所と８の場所に置いた。
黒の場所と８の場所に置いた。
秋
秋
私も一緒のところにしようかな
私も一緒のところにしようかな
秋は愛佳とまったく同じにするのか、同じようにチップを置く。
秋は愛佳とまったく同じにするのか、同じようにチップを置く。
凛
凛
あたしはここかな
あたしはここかな
凛は、３倍ゾーンの中（数字の１３～２４）へと、５００円ほどのチップを置いた。
凛は、３倍ゾーンの中（数字の１３～２４）へと、５００円ほどのチップを置いた。
秋
秋
さ、最初から強気ですね凛さん
さ、最初から強気ですね凛さん
凛
凛
ちまちま賭けたって、バックも小さいからね。
ちまちま賭けたって、バックも小さいからね。
あたしは大きく張って、そこそこの確率を狙うわ
あたしは大きく張って、そこそこの確率を狙うわ
希望
希望
私は……
私は……
希望は少し悩んでいたようだったが、最終的に１００円分のチップを、小と大（１～１２、２５～３６）の３倍ゾーンの２箇所にベットした。
希望は少し悩んでいたようだったが、最終的に１００円分のチップを、小と大（１～１２、２５～３６）の３倍ゾーンの２箇所にベットした。
約６６％の確率で、当たれば１００円増えることになる。
約６６％の確率で、当たれば１００円増えることになる。
アクセラ
アクセラ
確か、先月の秀隆様の手取りが３６万円ほどでしたので……
確か、先月の秀隆様の手取りが３６万円ほどでしたので……
アクセラが３６番に、１０円分のチップを置いた。
アクセラが３６番に、１０円分のチップを置いた。
秀隆
秀隆
どんな基準で置いてもいいけど、
どんな基準で置いてもいいけど、
少なっ！
少なっ！
アクセラ
アクセラ
まず当たらないと思いまして
まず当たらないと思いまして
秀隆
秀隆
だったらそんな基準を選ぶなよ……
だったらそんな基準を選ぶなよ……
アクセラ
アクセラ
不合理に身をゆだねてこそ、ギャンブルかと
不合理に身をゆだねてこそ、ギャンブルかと
秀隆
秀隆
そんなギャンブルジャンキーの名言みたいなのはいらん……
そんなギャンブルジャンキーの名言みたいなのはいらん……
秀隆
秀隆
なんかこう、理詰めでないのか？
なんかこう、理詰めでないのか？
アクセラ
アクセラ
理詰め、ですか？
理詰め、ですか？
秀隆
秀隆
ルーレットの回転する速度や玉の重さを計算して、
ルーレットの回転する速度や玉の重さを計算して、
どこの位置で止まるかを見極める、みたいな
どこの位置で止まるかを見極める、みたいな
アクセラ
アクセラ
無理です
無理です
秀隆
秀隆
そ、そう……
そ、そう……
間髪入れず否定された。
間髪入れず否定された。
アンドロイドは原則カジノには入店できないから、
アンドロイドは原則カジノには入店できないから、
そう言うような理由があるのかと思ったのに。
そう言うような理由があるのかと思ったのに。
裕輔
裕輔
いいものだな、こうやって大勢で楽しむのも
いいものだな、こうやって大勢で楽しむのも
秀隆
秀隆
だな。って、裕輔は賭けないのか？
だな。って、裕輔は賭けないのか？
裕輔
裕輔
とりあえず今回は、他の仲間を見ていることにする
とりあえず今回は、他の仲間を見ていることにする
秀隆
秀隆
なるほど。そう言う作戦もありだな……
なるほど。そう言う作戦もありだな……
裕輔は一回戦、皆の出かたを観察するようだ。
裕輔は一回戦、皆の出かたを観察するようだ。
秀隆
秀隆
キズナ、おまえはどうするんだ？
キズナ、おまえはどうするんだ？
キズナ
キズナ
私はここに賭けます
私はここに賭けます
そう言い、キズナは―――６００円分のチップを、８番の枠に置いた。
そう言い、キズナは―――６００円分のチップを、８番の枠に置いた。
キズナ
キズナ
一攫千金を狙うなら単掛けは基本ですよねっ
一攫千金を狙うなら単掛けは基本ですよねっ
秀隆
秀隆
大胆な行動に出たな……
大胆な行動に出たな……
ルーレットの締め切りが過ぎ、男のディーラーは抽選を始めた。
ルーレットの締め切りが過ぎ、男のディーラーは抽選を始めた。
白い玉を投げ入れると、カンカンと玉が跳ね、
白い玉を投げ入れると、カンカンと玉が跳ね、
高速で回転するルーレットの中を縦横無尽に飛び回る。
高速で回転するルーレットの中を縦横無尽に飛び回る。
愛佳
愛佳
すごーい！　見てみて！
すごーい！　見てみて！
キャイキャイと、愛佳と秋が手を取り合ってはしゃぐ。
キャイキャイと、愛佳と秋が手を取り合ってはしゃぐ。
やがて、チンチン、と言うベルの音が鳴り、
やがて、チンチン、と言うベルの音が鳴り、
ベットの変更が禁止される。
ベットの変更が禁止される。
最も、希望や凛を除く全員が驚くのも無理はないけど。
最も、希望や凛を除く全員が驚くのも無理はないけど。
そして、やがて玉の勢いはなくなり、白い玉は
そして、やがて玉の勢いはなくなり、白い玉は
２２番の黒で停止した。
２２番の黒で停止した。
当たったのは、凛と愛佳、秋の３人。
当たったのは、凛と愛佳、秋の３人。
愛佳
愛佳
当たった当たった！
当たった当たった！
凛
凛
当然よね
当然よね
秋
秋
……面白い……
……面白い……
秀隆
秀隆
凛の奴やるなあ
凛の奴やるなあ
一気に１０００円の収入だ。
一気に１０００円の収入だ。
凛
凛
ふふーん。最下位になった相手には、容赦ない命令をするわよ
ふふーん。最下位になった相手には、容赦ない命令をするわよ
２回戦開始。
２回戦開始。
凛が頭ひとつ抜け出したものの、まだ全員に余裕がある。
凛が頭ひとつ抜け出したものの、まだ全員に余裕がある。
オレは次に４００円を、再び２倍の赤へとベット。
オレは次に４００円を、再び２倍の赤へとベット。
凛
凛
チマチマ行くのねえ
チマチマ行くのねえ
凛は勝ったことで強気になっているのか、
凛は勝ったことで強気になっているのか、
今度は１０００円ベットを中の３倍へと置いた。
今度は１０００円ベットを中の３倍へと置いた。
凛
凛
勝ち分はそのままドカンと使わないとね
勝ち分はそのままドカンと使わないとね
凛以外は、それほど大金を使うことなく、
凛以外は、それほど大金を使うことなく、
全員が２００円前後のベットを貼っていた。
全員が２００円前後のベットを貼っていた。
キズナ
キズナ
私は……ここですっ
私は……ここですっ
その中、キズナだけはまたも６００円を１点掛けしていた。
その中、キズナだけはまたも６００円を１点掛けしていた。
そして２回目のルーレットが始まる。
そして２回目のルーレットが始まる。
…………。
…………。
結果は、１３の黒。
結果は、１３の黒。
凛
凛
いよっし！
いよっし！
秀隆
秀隆
マジか……
マジか……
凛の２連勝。
凛の２連勝。
キズナ
キズナ
むむっ、差が開き始めました
むむっ、差が開き始めました
それから、３回戦４回戦と戦いが進む。
それから、３回戦４回戦と戦いが進む。
５回戦前。
５回戦前。
３回戦は２の黒、４回戦は１５の黒と、黒４連続。
３回戦は２の黒、４回戦は１５の黒と、黒４連続。
オレは全部赤の２倍にかけてきたので四連敗。
オレは全部赤の２倍にかけてきたので四連敗。
ここまでのトータル金額を計算すると……。
ここまでのトータル金額を計算すると……。
オレが２００円、４００円、６００円、８００円を賭けて、
オレが２００円、４００円、６００円、８００円を賭けて、
外したから２０００円のマイナス。
外したから２０００円のマイナス。
凛は１、２回戦とも３倍ゾーンで成功したものの、
凛は１、２回戦とも３倍ゾーンで成功したものの、
３、４回戦は外してしまい、勝った分の金額をすべて吐き出す形に。
３、４回戦は外してしまい、勝った分の金額をすべて吐き出す形に。
凛はマイナス１０００円。
凛はマイナス１０００円。
アクセラは１回戦の遊びはともかく、
アクセラは１回戦の遊びはともかく、
ちまちまと数字を重ね、マイナス１５００円。
ちまちまと数字を重ね、マイナス１５００円。
裕輔と愛佳は二人ともマイナス２５００円超えで後がない。
裕輔と愛佳は二人ともマイナス２５００円超えで後がない。
秋がプラス６００円、希望がプラス１５００円と健闘中だ。
秋がプラス６００円、希望がプラス１５００円と健闘中だ。
そしてキズナはここまで同じ４連敗。
そしてキズナはここまで同じ４連敗。
そのすべてを一点掛け、６００円の金額で勝負していた。
そのすべてを一点掛け、６００円の金額で勝負していた。
わかりやすい戦法だ。
わかりやすい戦法だ。
３０００円を５回に分け、全部３６倍を狙う。
３０００円を５回に分け、全部３６倍を狙う。
勝てば確実に勝利というわけだ。
勝てば確実に勝利というわけだ。
キズナ
キズナ
私は、最後はここにします
私は、最後はここにします
しかし、キズナは最後の最後、３６倍ではなく３目掛けの１２倍へ。
しかし、キズナは最後の最後、３６倍ではなく３目掛けの１２倍へ。
まぁ、どういう形にせよ当たれば勝ちというわけだ。
まぁ、どういう形にせよ当たれば勝ちというわけだ。
オレはそれを見て、残り１０００円を９倍ゾーンへと置く。
オレはそれを見て、残り１０００円を９倍ゾーンへと置く。
最終ゲームにお金を残しておくことで、
最終ゲームにお金を残しておくことで、
最終的にあててしまえば勝てる、という作戦を取ることにした。
最終的にあててしまえば勝てる、という作戦を取ることにした。
１回の勝負に限って言えば、オレはキズナよりも有利な確率で勝てることになる。
１回の勝負に限って言えば、オレはキズナよりも有利な確率で勝てることになる。
キズナ
キズナ
むむ、そう来ましたかひーくん
むむ、そう来ましたかひーくん
だが、これでオレは安心かと言えばそうでもない。
だが、これでオレは安心かと言えばそうでもない。
賭ける場所は時間ギリギリまで変更可能なのだ。
賭ける場所は時間ギリギリまで変更可能なのだ。
寸前でキズナがそれ以上の倍率へ動かすことも考えられる。
寸前でキズナがそれ以上の倍率へ動かすことも考えられる。
それに、何より一番金を持ってる凛がいる。
それに、何より一番金を持ってる凛がいる。
もっとも、希望が小張して１０００円残す作戦を取った以上、
もっとも、希望が小張して１０００円残す作戦を取った以上、
所持金を持っているとはいえ凛は２０００円までしか使えない。
所持金を持っているとはいえ凛は２０００円までしか使えない。
勝つには最低でも６倍以上に賭けなければならないのだ。
勝つには最低でも６倍以上に賭けなければならないのだ。
運命のルーレットが回る。
運命のルーレットが回る。
オレは締め切られる寸前、コインへと手を伸ばした。
オレは締め切られる寸前、コインへと手を伸ばした。
キズナはその瞬間を見逃さない。
キズナはその瞬間を見逃さない。
オレが１２倍ゾーンへスライドさせると、
オレが１２倍ゾーンへスライドさせると、
キズナは１８倍ゾーンへと移行。
キズナは１８倍ゾーンへと移行。
キズナ
キズナ
勝負ですひーくんっ！
勝負ですひーくんっ！
秀隆
秀隆
かかってこいっ
かかってこいっ
そして
そして
ルーレットは、赤の１６。
ルーレットは、赤の１６。
秀隆
秀隆
まさか……！？
まさか……！？
キズナの１８倍ゾーン。
キズナの１８倍ゾーン。
そこは、赤の１６と黒の１７。
そこは、赤の１６と黒の１７。
キズナ
キズナ
やふー！　私の勝ちですっ！
やふー！　私の勝ちですっ！
秀隆
秀隆
お、おいおい……
お、おいおい……
オレはと言うと、当然当たることもなく、所持金を使い切る。
オレはと言うと、当然当たることもなく、所持金を使い切る。
秀隆
秀隆
恐れを知らない少女だ……
恐れを知らない少女だ……
裕輔
裕輔
若さだな
若さだな
結局、結果は凄まじいものとなった。
結局、結果は凄まじいものとなった。
裕輔
裕輔
ギャンブルは、誰が勝つか分からない遊びだな……
ギャンブルは、誰が勝つか分からない遊びだな……
秀隆
秀隆
いやほんと、そう思うわ……
いやほんと、そう思うわ……
最後の最後、１８倍をものにしたキズナのぶっちぎりだった。
最後の最後、１８倍をものにしたキズナのぶっちぎりだった。
キズナ
キズナ
じゃあ、最下位の人に命令できるんですね
じゃあ、最下位の人に命令できるんですね
最下位は所持金０のオレと裕輔、それからアクセラだ。
最下位は所持金０のオレと裕輔、それからアクセラだ。
キズナ
キズナ
ひーくんにします！
ひーくんにします！
秀隆
秀隆
なんとなく、そんな気はしてましたよっと……
なんとなく、そんな気はしてましたよっと……
キズナ
キズナ
罰は少し考えておきますね
罰は少し考えておきますね
秀隆
秀隆
好きにしてくれ。勝負だったからな、仕方ないさ
好きにしてくれ。勝負だったからな、仕方ないさ
キズナ
キズナ
楽しみですっ
楽しみですっ
こうして、キズナとの楽しくもハラハラしたカジノは終わりを告げた。
こうして、キズナとの楽しくもハラハラしたカジノは終わりを告げた。
オレたちはルーレットを終え、再びカジノ内を歩く。
オレたちはルーレットを終え、再びカジノ内を歩く。
秀隆
秀隆
ん？
ん？
秀隆
秀隆
今、磯部じゃなかったか？
今、磯部じゃなかったか？
もしかしたら、あいつも休暇を取って遊びに来ているのかも知れない。
もしかしたら、あいつも休暇を取って遊びに来ているのかも知れない。
まどかとのお泊りデートだったりしてな。
まどかとのお泊りデートだったりしてな。
どこに行ったんだろうと姿を探す。
どこに行ったんだろうと姿を探す。
そして、遠くの方で磯部の背中らしき人物を見つけた。
そして、遠くの方で磯部の背中らしき人物を見つけた。
が……。
が……。
秀隆
秀隆
あれ……磯部、だよな？　でも……
あれ……磯部、だよな？　でも……
その隣に居る人物はまどかじゃなかった。
その隣に居る人物はまどかじゃなかった。
秀隆
秀隆
……まさか浮気か？　なんて、あいつにそんなことする勇気はないよな
……まさか浮気か？　なんて、あいつにそんなことする勇気はないよな
人違いだった可能性もある、オレは気にしないことにした。
人違いだった可能性もある、オレは気にしないことにした。
秋
秋
…………
…………
愛佳
愛佳
ねえ秋ちゃん、今度は２階の方を見に行ってみない？
ねえ秋ちゃん、今度は２階の方を見に行ってみない？
秋
秋
…………
…………
愛佳
愛佳
秋ちゃん？
秋ちゃん？
秋
秋
え？　あ、う、うん……なに？
え？　あ、う、うん……なに？
愛佳
愛佳
だから、２階の方にも行ってみないかなって思って
だから、２階の方にも行ってみないかなって思って
秋
秋
そうだね……
そうだね……
アクセラ
アクセラ
秋様、大丈夫ですか？
秋様、大丈夫ですか？
ユウキ
ユウキ
秋ちゃん大丈夫？
秋ちゃん大丈夫？
秋
秋
平気……平気……
平気……平気……
秀隆
秀隆
強がりやがって
強がりやがって
オレは口出しせず、秋の方を見ていた。
オレは口出しせず、秋の方を見ていた。
踏ん張ってはいたようだが、ついに限界になったんだろう。
踏ん張ってはいたようだが、ついに限界になったんだろう。
秋
秋
ごめん、ちょっと、休んでもいいかな……
ごめん、ちょっと、休んでもいいかな……
これ以上迷惑かけるといけないと気づいたのか、
これ以上迷惑かけるといけないと気づいたのか、
秋は申し訳なさそうに謝った。
秋は申し訳なさそうに謝った。
愛佳
愛佳
やっぱり体調悪いの？　うそうそっ
やっぱり体調悪いの？　うそうそっ
愛佳は慌てて秋に寄り添おうとするが、
愛佳は慌てて秋に寄り添おうとするが、
秋はその場に蹲ってしまう。
秋はその場に蹲ってしまう。
アクセラ
アクセラ
秋様
秋様
アクセラはすぐしゃがみこみ、秋の体を支える。
アクセラはすぐしゃがみこみ、秋の体を支える。
秋
秋
はあ、はあっ……！
はあ、はあっ……！
アクセラ
アクセラ
ひどい熱です。とにかくどこか横になれる場所に
ひどい熱です。とにかくどこか横になれる場所に
愛佳
愛佳
大変だよ先生、秋ちゃんを休めるところに連れて行ってあげて
大変だよ先生、秋ちゃんを休めるところに連れて行ってあげて
秀隆
秀隆
…………
…………
秋
秋
アクセラに、連れて行ってもらうから
アクセラに、連れて行ってもらうから
オレは一度アクセラを見る。
オレは一度アクセラを見る。
アクセラなら、薬を持っているはずだ。
アクセラなら、薬を持っているはずだ。
だが、薬を取り出す様子がない。
だが、薬を取り出す様子がない。
どうやら、薬もホテルに忘れてしまったようだ。
どうやら、薬もホテルに忘れてしまったようだ。
秀隆
秀隆
いや、悪いんだがユウキ、秋を手伝ってやってくれ
いや、悪いんだがユウキ、秋を手伝ってやってくれ
ユウキ
ユウキ
俺？　別にいいけど……
俺？　別にいいけど……
秀隆
秀隆
アクセラはホテルに戻って薬を持ってきてくれ
アクセラはホテルに戻って薬を持ってきてくれ
アクセラ
アクセラ
畏まりました。私はホテルの方に薬を取りに戻ります
畏まりました。私はホテルの方に薬を取りに戻ります
秀隆
秀隆
ああ
ああ
秋
秋
すみません、ユウキさん……
すみません、ユウキさん……
秋はこちらを見ることもなく、弱々しくそう言った。
秋はこちらを見ることもなく、弱々しくそう言った。
ユウキ
ユウキ
気にしないでくれよ。俺は秋ちゃんのためなら何でもやるよ
気にしないでくれよ。俺は秋ちゃんのためなら何でもやるよ
秀隆
秀隆
悪いな希望。こんなところを借りてしまって
悪いな希望。こんなところを借りてしまって
希望
希望
ううん。困ってるときは助けるの当たり前だよ
ううん。困ってるときは助けるの当たり前だよ
秀隆
秀隆
にしても、薬を持って来なかったのか
にしても、薬を持って来なかったのか
秋
秋
……朝はなんともなかったので
……朝はなんともなかったので
秀隆
秀隆
なるほどな
なるほどな
秋
秋
私のことはいいから、皆は楽しんできて……
私のことはいいから、皆は楽しんできて……
愛佳
愛佳
秋ちゃんが苦しんでるのに、そんなわけにはいかないって
秋ちゃんが苦しんでるのに、そんなわけにはいかないって
秋
秋
治ったら、すぐに行くから。ね？
治ったら、すぐに行くから。ね？
愛佳
愛佳
でも
でも
秋
秋
私のせいで楽しめないなんて、嫌だから……
私のせいで楽しめないなんて、嫌だから……
凛
凛
どうする……？
どうする……？
秀隆
秀隆
おまえらは楽しんできた方がいいかもな
おまえらは楽しんできた方がいいかもな
希望
希望
でも秋ちゃんが……
でも秋ちゃんが……
秀隆
秀隆
あいつは体調を崩して、周りがそれに合わせるのを嫌がってる
あいつは体調を崩して、周りがそれに合わせるのを嫌がってる
秀隆
秀隆
だから楽しんできてもらった方が……
だから楽しんできてもらった方が……
柳沢
柳沢
ちょっと失礼
ちょっと失礼
部屋にノックの音が聞こえる。
部屋にノックの音が聞こえる。
希望
希望
誰だろ？
誰だろ？
希望が扉を開くと、一人の男性が入ってきた。
希望が扉を開くと、一人の男性が入ってきた。
希望
希望
あの、どちら様でしょうか？
あの、どちら様でしょうか？
柳沢
柳沢
失礼。私は柳沢と申しますが、
失礼。私は柳沢と申しますが、
先ほど具合の悪そうな方が部屋に入られるのが見えまして
先ほど具合の悪そうな方が部屋に入られるのが見えまして
秀隆
秀隆
柳沢社長！？
柳沢社長！？
柳沢
柳沢
おや、島津さんじゃないですか……驚きましたね
おや、島津さんじゃないですか……驚きましたね
柳沢
柳沢
あなたですね、体調を崩されたのは
あなたですね、体調を崩されたのは
秋
秋
は、はい
は、はい
柳沢
柳沢
失礼します
失礼します
ユウキ
ユウキ
な、なあ。秀隆、このおじさんは誰なんだ？
な、なあ。秀隆、このおじさんは誰なんだ？
秀隆
秀隆
ドリームタウンの製薬会社の社長さんだ
ドリームタウンの製薬会社の社長さんだ
秋
秋
大丈夫、です……から
大丈夫、です……から
柳沢
柳沢
いえ、申し訳ありませんが、大丈夫そうには見えないですね
いえ、申し訳ありませんが、大丈夫そうには見えないですね
柳沢
柳沢
普段は柳沢製薬の社長をしておりますが、
普段は柳沢製薬の社長をしておりますが、
医師免許も持っていまして。少しよろしいですか
医師免許も持っていまして。少しよろしいですか
そう言い、秋の額に手をあてる。
そう言い、秋の額に手をあてる。
柳沢
柳沢
ひとまず……熱を抑えるお薬を処方しましょう
ひとまず……熱を抑えるお薬を処方しましょう
スーツケースから白い袋を取り出すと、
スーツケースから白い袋を取り出すと、
柳沢社長はペットボトルも取り出した。
柳沢社長はペットボトルも取り出した。
この前オレに処方してくれたように、常備しているようだ。
この前オレに処方してくれたように、常備しているようだ。
柳沢
柳沢
熱を抑える薬です。飲めますか？
熱を抑える薬です。飲めますか？
秋
秋
…………
…………
秋は小さく頷き、薬を飲む。
秋は小さく頷き、薬を飲む。
柳沢
柳沢
これで、少しすれば効果も現れるでしょう
これで、少しすれば効果も現れるでしょう
秀隆
秀隆
すみません柳沢社長。ありがとうございます
すみません柳沢社長。ありがとうございます
柳沢
柳沢
いえいえ。私は困っている人をほうっておけないたちで
いえいえ。私は困っている人をほうっておけないたちで
柳沢
柳沢
特に、体調面で困っている方はね
特に、体調面で困っている方はね
秀隆
秀隆
職業柄、と言うことですね
職業柄、と言うことですね
柳沢
柳沢
それにしても驚きました。お友達ですか？
それにしても驚きました。お友達ですか？
ぐるりと見渡す柳沢社長。
ぐるりと見渡す柳沢社長。
秀隆
秀隆
はい。旅行でドリームタウンの方にやってきました
はい。旅行でドリームタウンの方にやってきました
柳沢
柳沢
そうでしたか。あまりお邪魔してもいけませんね
そうでしたか。あまりお邪魔してもいけませんね
鞄を閉じ、柳沢社長は立ち上がった。
鞄を閉じ、柳沢社長は立ち上がった。
秀隆
秀隆
あの、お幾らでしょう？
あの、お幾らでしょう？
柳沢
柳沢
お幾ら？　いえそんな、私が勝手にやったことです。お金なんていりません
お幾ら？　いえそんな、私が勝手にやったことです。お金なんていりません
柳沢
柳沢
ただ、この薬は一時的に熱を抑えるものです。
ただ、この薬は一時的に熱を抑えるものです。
すぐかかり付けの医師に貰っている薬を飲ませてあげてください
すぐかかり付けの医師に貰っている薬を飲ませてあげてください
どうやら、秋がただの熱じゃないと分かったんだろう。
どうやら、秋がただの熱じゃないと分かったんだろう。
医師免許を持っていると言うのは伊達じゃないらしい。
医師免許を持っていると言うのは伊達じゃないらしい。
柳沢
柳沢
友人をフロアに待たせておりますので、これで失礼します
友人をフロアに待たせておりますので、これで失礼します
秀隆
秀隆
ありがとうございました
ありがとうございました
柳沢
柳沢
それでは。良い旅を
それでは。良い旅を
ユウキ
ユウキ
いい人だな、あのおじさん
いい人だな、あのおじさん
秀隆
秀隆
ちょっとこの場を頼むぞ
ちょっとこの場を頼むぞ
ユウキ
ユウキ
え、あ、おい、秀隆？
え、あ、おい、秀隆？
オレは皆に秋を任せ、応接室を後にした。
オレは皆に秋を任せ、応接室を後にした。
秀隆
秀隆
……くそ
……くそ
もう、辺りには柳沢社長の姿はなかった。
もう、辺りには柳沢社長の姿はなかった。
彼とアクセラを出会わせていたら、何か掴めたかもしれない。
彼とアクセラを出会わせていたら、何か掴めたかもしれない。
オレはカジノの外へと向かう。
オレはカジノの外へと向かう。
何故だか、柳沢社長がそこにいると思ったからだ。
何故だか、柳沢社長がそこにいると思ったからだ。
秀隆
秀隆
柳沢社長！
柳沢社長！
柳沢
柳沢
……どうしました？　島津さん
……どうしました？　島津さん
オレの読みどおり、柳沢社長はカジノの外に居た。
オレの読みどおり、柳沢社長はカジノの外に居た。
秀隆
秀隆
……今日、オレの前に現れたのは偶然ですか？
……今日、オレの前に現れたのは偶然ですか？
柳沢
柳沢
どういう意味、ですか？
どういう意味、ですか？
秀隆
秀隆
友人をフロアに待たせていると仰いましたが、
友人をフロアに待たせていると仰いましたが、
あなたは今カジノの外にいる。どういうことでしょうか？
あなたは今カジノの外にいる。どういうことでしょうか？
柳沢
柳沢
問いに問いを重ねてこられましたね
問いに問いを重ねてこられましたね
柳沢社長はこちらへと振り返った。
柳沢社長はこちらへと振り返った。
柳沢
柳沢
あなたには、何かが見えていると言うことですかね。
あなたには、何かが見えていると言うことですかね。
私の元へ、一直線に向かってきたことですし
私の元へ、一直線に向かってきたことですし
秀隆
秀隆
いえ、そう言うわけではありませんが
いえ、そう言うわけではありませんが
柳沢
柳沢
もういいでしょう、島津さん
もういいでしょう、島津さん
柳沢
柳沢
あなたは今も私を疑われているようだ
あなたは今も私を疑われているようだ
秀隆
秀隆
…………
…………
柳沢
柳沢
この際、それには目を瞑ることにしましょう
この際、それには目を瞑ることにしましょう
柳沢
柳沢
しかし、解せないことが１つだけあるんですよ
しかし、解せないことが１つだけあるんですよ
柳沢
柳沢
あなたが私の元へ辿りついた明確な理由は、なんだったのかと
あなたが私の元へ辿りついた明確な理由は、なんだったのかと
柳沢
柳沢
どうやって、その結論にたどり着いたのだろうと。興味が尽きません
どうやって、その結論にたどり着いたのだろうと。興味が尽きません
秀隆
秀隆
あなたは、やはり
あなたは、やはり
柳沢
柳沢
あなたの想像通りですよ、島津さん
あなたの想像通りですよ、島津さん
秀隆
秀隆
っ！？
っ！？
柳沢
柳沢
ですが、証拠はどこにもありはしません。
ですが、証拠はどこにもありはしません。
あなたがどんな理由で私に辿りついたとしてもね
あなたがどんな理由で私に辿りついたとしてもね
秀隆
秀隆
何故、お認めになったんですか……
何故、お認めになったんですか……
それはあなたにとって、不利なことでしかありません
それはあなたにとって、不利なことでしかありません
喧騒の中で、柳沢社長の声がはっきりと聞こえる。
喧騒の中で、柳沢社長の声がはっきりと聞こえる。
柳沢
柳沢
あなたへの褒美ですよ、島津さん
あなたへの褒美ですよ、島津さん
柳沢
柳沢
正直、ここまで出来る方だとは思っていませんでした
正直、ここまで出来る方だとは思っていませんでした
柳沢
柳沢
私とあなたが直接話した回数は少なくとも、
私とあなたが直接話した回数は少なくとも、
私は誰よりあなたのことを知っているつもりです
私は誰よりあなたのことを知っているつもりです
確かに、オレも妙な違和感を感じている。
確かに、オレも妙な違和感を感じている。
柳沢社長は、オレのことをよく理解している。
柳沢社長は、オレのことをよく理解している。
オレのことを、ずっと昔から見てきたんじゃないかと思うほどに。
オレのことを、ずっと昔から見てきたんじゃないかと思うほどに。
柳沢
柳沢
次に会うときは、恐らく―――もう少し楽しい話が出来るかも
次に会うときは、恐らく―――もう少し楽しい話が出来るかも
知れませんね
知れませんね
柳沢社長は、いつものように笑みを浮かべたまま、
柳沢社長は、いつものように笑みを浮かべたまま、
人々の波に飲まれていった。
人々の波に飲まれていった。
オレは彼を見送り、その場に暫く立ち尽くした。
オレは彼を見送り、その場に暫く立ち尽くした。
柳沢社長が違法アンドロイドに絡んでいることは間違いなかったが、
柳沢社長が違法アンドロイドに絡んでいることは間違いなかったが、
まさか本人がオレを前に認めるとは思えなかった。
まさか本人がオレを前に認めるとは思えなかった。
秀隆
秀隆
影響は何も無い、って思ってるんだろうな……
影響は何も無い、って思ってるんだろうな……
彼は、違法アンドロイドを使い資金を集めていた、と言うことになる。
彼は、違法アンドロイドを使い資金を集めていた、と言うことになる。
株式の儲けや、情報通なのも、その辺りが関係しているだろう。
株式の儲けや、情報通なのも、その辺りが関係しているだろう。
でも、それだけ、なのだろうか？
でも、それだけ、なのだろうか？
大河内代表や高坂特務官と接触していることも気にかかる。
大河内代表や高坂特務官と接触していることも気にかかる。
アクセラの改造は、人間にも危害が加えられる設定。
アクセラの改造は、人間にも危害が加えられる設定。
秀隆
秀隆
これからも、調べていく必要がありそうだな……
これからも、調べていく必要がありそうだな……
希望
希望
戻って来ないね、秀隆くん
戻って来ないね、秀隆くん
ユウキ
ユウキ
ほんとだな。もう１時間くらいは経つのに……
ほんとだな。もう１時間くらいは経つのに……
秋
秋
皆さん、ご心配おかけしました
皆さん、ご心配おかけしました
ソファーで横になっていた秋が、身体を起こす。
ソファーで横になっていた秋が、身体を起こす。
ユウキ
ユウキ
まだ寝てたほうが……
まだ寝てたほうが……
秋
秋
いえ、大丈夫です。もう熱の方は引きました。
いえ、大丈夫です。もう熱の方は引きました。
よくあるんです、一時的に熱が出ることが……
よくあるんです、一時的に熱が出ることが……
アクセラ
アクセラ
失礼します
失礼します
アクセラは手の平を額にあてる。
アクセラは手の平を額にあてる。
アクセラ
アクセラ
どうやら、秋様の仰るように平熱になったようです
どうやら、秋様の仰るように平熱になったようです
秋
秋
嘘なんてつかないよ、アクセラ
嘘なんてつかないよ、アクセラ
アクセラ
アクセラ
そうですね
そうですね
ユウキ
ユウキ
そっか、良かったよ
そっか、良かったよ
秋
秋
ごめんなさい。私のせいで、折角の旅行なのに……
ごめんなさい。私のせいで、折角の旅行なのに……
ユウキ
ユウキ
何いってるんだよ。秋ちゃんは何も悪くないよ。なあ？
何いってるんだよ。秋ちゃんは何も悪くないよ。なあ？
全員が、頷く。
全員が、頷く。
愛佳
愛佳
そうだよ。秋ちゃんと旅行に来れて、あたし嬉しいよ
そうだよ。秋ちゃんと旅行に来れて、あたし嬉しいよ
秋
秋
ありがとう……
ありがとう……
ユウキ
ユウキ
じゃあ、もうちょっとだけ休んだら気を取り直して遊ぼうぜ！
じゃあ、もうちょっとだけ休んだら気を取り直して遊ぼうぜ！
秋
秋
はい
はい
秋は皆のやさしさに感謝すると同時に、複雑な思いだった。
秋は皆のやさしさに感謝すると同時に、複雑な思いだった。
秋
秋
ごめんね……
ごめんね……
その、ごめんね、の本当の意味を、
その、ごめんね、の本当の意味を、
この場に居る誰もが理解できていなかった。
この場に居る誰もが理解できていなかった。
秀隆
秀隆
……柳沢は、よくカジノに足を運んでいるんだよな
……柳沢は、よくカジノに足を運んでいるんだよな
もちろん、ここにはありとあらゆる情報が集まる。
もちろん、ここにはありとあらゆる情報が集まる。
違法アンドロイドの前に、一企業の社長として
違法アンドロイドの前に、一企業の社長として
頻繁に出入りしていてもおかしいことではない。
頻繁に出入りしていてもおかしいことではない。
でも、アンドロイドが無関係とも言えないだろう。
でも、アンドロイドが無関係とも言えないだろう。
遠くで、ワーッと歓声が上がった。
遠くで、ワーッと歓声が上がった。
見るとテーブルの一角が異常に盛り上がっている。
見るとテーブルの一角が異常に盛り上がっている。
秀隆
秀隆
静乃さんか。今日も大人気だな
静乃さんか。今日も大人気だな
ユウキに紹介してやったら、泣いて喜ぶんだろうけど。
ユウキに紹介してやったら、泣いて喜ぶんだろうけど。
あれだけの盛況ぶりだと、行っても邪魔になるだけだ。
あれだけの盛況ぶりだと、行っても邪魔になるだけだ。
……柳沢社長がオレの存在に気づいたのが偶然じゃないとしたら。
……柳沢社長がオレの存在に気づいたのが偶然じゃないとしたら。
どこで、情報を得ているんだ……。
どこで、情報を得ているんだ……。
このカジノはあまりに広く人が多すぎる。
このカジノはあまりに広く人が多すぎる。
恋
恋
こんにちは島津さん
こんにちは島津さん
秀隆
秀隆
お？　お、おおおおっ、恋さん！　こんにちはっ！
お？　お、おおおおっ、恋さん！　こんにちはっ！
恋
恋
今日はお仕事でこちらにいらしたんですか？
今日はお仕事でこちらにいらしたんですか？
秀隆
秀隆
いえっ。完全なプライベートでして。
いえっ。完全なプライベートでして。
家族や友人と遊びに来てるんです。例のＩＤカードで
家族や友人と遊びに来てるんです。例のＩＤカードで
恋
恋
そうでしたか。ゆっくりしていってくださいね
そうでしたか。ゆっくりしていってくださいね
秀隆
秀隆
はい！
はい！
ああ、いつみても可憐だ。
ああ、いつみても可憐だ。
静乃さんには会えなかったけど、恋さんに会えたなら良しとしよう。
静乃さんには会えなかったけど、恋さんに会えたなら良しとしよう。
秀隆
秀隆
あの、つかぬ事をお聞きしてもよろしいですか
あの、つかぬ事をお聞きしてもよろしいですか
恋
恋
何でしょう？
何でしょう？
秀隆
秀隆
柳沢軍司、と言う方はご存知ですか？
柳沢軍司、と言う方はご存知ですか？
恋
恋
はい。柳沢製薬の方、ですよね？
はい。柳沢製薬の方、ですよね？
秀隆
秀隆
その方はよくカジノに来られていますよね
その方はよくカジノに来られていますよね
恋
恋
そうですね。大河内代表と話す機会も、比較的多い方かと
そうですね。大河内代表と話す機会も、比較的多い方かと
秀隆
秀隆
他に、話し込むような方っていらっしゃいます？
他に、話し込むような方っていらっしゃいます？
恋
恋
どうでしょうか……
どうでしょうか……
んー、と考える仕草を見せる。
んー、と考える仕草を見せる。
そんな姿も可愛い。
そんな姿も可愛い。
恋
恋
私は１、２度しかお話をしたことがなくて。
私は１、２度しかお話をしたことがなくて。
ただ、お見かけする時は色々な方とお話をされていますね
ただ、お見かけする時は色々な方とお話をされていますね
恋
恋
企業の社長さんから、お客さん、ディーラーともよく話しますし
企業の社長さんから、お客さん、ディーラーともよく話しますし
秀隆
秀隆
お顔が広いってことですね
お顔が広いってことですね
恋
恋
と思います
と思います
さすがに、ピンポイントで誰かと話し込んだりはしないか。
さすがに、ピンポイントで誰かと話し込んだりはしないか。
その相手がもしかしたらアンドロイドかも、
その相手がもしかしたらアンドロイドかも、
と思ったが、そんなところでボロを出すような人物じゃない。
と思ったが、そんなところでボロを出すような人物じゃない。
アクセラ
アクセラ
結局秀隆様はお戻りになりませんでしたね
結局秀隆様はお戻りになりませんでしたね
ユウキ
ユウキ
ったく何してるんだよ秀隆は。
ったく何してるんだよ秀隆は。
とりあえず解散しよっか。また晩御飯の時にでも
とりあえず解散しよっか。また晩御飯の時にでも
凛
凛
あの、ユウキさんに裕輔さん。少しいいですか？
あの、ユウキさんに裕輔さん。少しいいですか？
ユウキ
ユウキ
いいよいいよ！　なになに？
いいよいいよ！　なになに？
凛
凛
よかったら、ご飯が終わった後、あたしの部屋に来ませんか？
よかったら、ご飯が終わった後、あたしの部屋に来ませんか？
裕輔
裕輔
……どういうこと
……どういうこと
ユウキ
ユウキ
行く行く！　喜んで行かせていただきます！
行く行く！　喜んで行かせていただきます！
凛
凛
それじゃ、待ってますね
それじゃ、待ってますね
裕輔
裕輔
事情も聞かずに引き受けてよかったのか
事情も聞かずに引き受けてよかったのか
ユウキ
ユウキ
女の子が部屋に呼んでるんだ、理由なんて不要さ！
女の子が部屋に呼んでるんだ、理由なんて不要さ！
ユウキ
ユウキ
や、やばい、興奮してきたぁ
や、やばい、興奮してきたぁ
裕輔
裕輔
そんな展開は無いと思うがな。あっても困るが
そんな展開は無いと思うがな。あっても困るが
凛
凛
さ、どうぞどうぞ
さ、どうぞどうぞ
ユウキ
ユウキ
おじゃましま～す……
おじゃましま～す……
こ、ここが凛ちゃんの部屋
こ、ここが凛ちゃんの部屋
裕輔
裕輔
ホテルの一室だ。特別変わったところは無い
ホテルの一室だ。特別変わったところは無い
ユウキ
ユウキ
夢のないことを言うなよ。
夢のないことを言うなよ。
じゃああれだ。凛ちゃんの酸素が充満した部屋！
じゃああれだ。凛ちゃんの酸素が充満した部屋！
裕輔
裕輔
正確には二酸化炭素だ
正確には二酸化炭素だ
ユウキ
ユウキ
……どっちでもいいじゃん
……どっちでもいいじゃん
キズナ
キズナ
こんばんわ
こんばんわ
ユウキ
ユウキ
あれ、キズナちゃん？　どうしてここに？
あれ、キズナちゃん？　どうしてここに？
キズナ
キズナ
リンリンに呼ばれたからです。あっきーたちも居ますよ
リンリンに呼ばれたからです。あっきーたちも居ますよ
ユウキ
ユウキ
な、なんだ。密会じゃないのか……
な、なんだ。密会じゃないのか……
裕輔
裕輔
残念だったな
残念だったな
ユウキ
ユウキ
ま、それはそれこれはこれ。女の子がいっぱい嬉しい！
ま、それはそれこれはこれ。女の子がいっぱい嬉しい！
裕輔
裕輔
元気な奴だ
元気な奴だ
凛
凛
適当に座ってください
適当に座ってください
裕輔
裕輔
秀隆がいないようだが？
秀隆がいないようだが？
凛
凛
いいのいいの。今日はあいつの話だからちょっと邪魔だし
いいのいいの。今日はあいつの話だからちょっと邪魔だし
裕輔
裕輔
俺はあいつをのけ者にするような真似は賛成できない
俺はあいつをのけ者にするような真似は賛成できない
凛
凛
……どう思う？
……どう思う？
キズナ
キズナ
プンプン臭いやがりますねっ
プンプン臭いやがりますねっ
愛佳
愛佳
お、お兄ちゃん……
お、お兄ちゃん……
裕輔
裕輔
どういうことだ？
どういうことだ？
凛
凛
まぁ、とりあえず座ってください
まぁ、とりあえず座ってください
裕輔
裕輔
…………
…………
凛
凛
えっと、実はあたしたち、昨日恋バナで盛り上がったんです
えっと、実はあたしたち、昨日恋バナで盛り上がったんです
裕輔
裕輔
コイバナ？
コイバナ？
ユウキ
ユウキ
そんなことも知らないのかよ。恋の話ってことだ。ねー？
そんなことも知らないのかよ。恋の話ってことだ。ねー？
凛
凛
恋愛全般ですね。あの子が好きだとか、付き合ってるだとか
恋愛全般ですね。あの子が好きだとか、付き合ってるだとか
希望
希望
それで、男性陣の話も聞きたいなと
それで、男性陣の話も聞きたいなと
ユウキ
ユウキ
はい！　俺はみんな大好きです！
はい！　俺はみんな大好きです！
凛
凛
誰とでも付き合いたいってこと？
誰とでも付き合いたいってこと？
ユウキ
ユウキ
求められれば、お答えしたいのが男としての役目っ
求められれば、お答えしたいのが男としての役目っ
凛
凛
みんなどう思う？
みんなどう思う？
キズナ
キズナ
いい人どまりですね
いい人どまりですね
愛佳
愛佳
そんな感じだよね。仲のいい男の子って感じ？
そんな感じだよね。仲のいい男の子って感じ？
ユウキ
ユウキ
がーん！　じゃ、じゃあ秋ちゃんと付き合いたいです！
がーん！　じゃ、じゃあ秋ちゃんと付き合いたいです！
凛
凛
そんなとってつけたような言い方、逆に嫌われますよ？
そんなとってつけたような言い方、逆に嫌われますよ？
ユウキ
ユウキ
ががーん！
ががーん！
秋
秋
わ、私は別に嫌ったりしません……
わ、私は別に嫌ったりしません……
ユウキ
ユウキ
ううう、秋ちゃんは本当に優しい子だぁ。
ううう、秋ちゃんは本当に優しい子だぁ。
最初から素直になって秋ちゃん一筋ですって言えばよかった……
最初から素直になって秋ちゃん一筋ですって言えばよかった……
凛
凛
じゃああたしが告白してもだめなんだ？
じゃああたしが告白してもだめなんだ？
ユウキ
ユウキ
付き合ってください！
付き合ってください！
凛
凛
……だめだこりゃ
……だめだこりゃ
希望
希望
裕輔さんは、誰か気になる子とかいるんですか？
裕輔さんは、誰か気になる子とかいるんですか？
凛
凛
付き合ってる子くらいいそうですよね
付き合ってる子くらいいそうですよね
裕輔
裕輔
…………
…………
凛
凛
あの？
あの？
裕輔
裕輔
それは、答えなければならないのか？
それは、答えなければならないのか？
凛
凛
出来れば
出来れば
裕輔
裕輔
いない
いない
キズナ
キズナ
モテそうなのに、不思議ですっ
モテそうなのに、不思議ですっ
凛
凛
じゃあ例えば、この中だと誰が一番タイプですか
じゃあ例えば、この中だと誰が一番タイプですか
裕輔
裕輔
……いや、そういうのは答えられない
……いや、そういうのは答えられない
ユウキ
ユウキ
なんか俺の時と対応が違う、悲しい……
なんか俺の時と対応が違う、悲しい……
キズナ
キズナ
まぁまぁ。今日のメインはこれからなのです
まぁまぁ。今日のメインはこれからなのです
ユウキ
ユウキ
メイン？
メイン？
凛
凛
もうぶっちゃけ聞きますけど……
もうぶっちゃけ聞きますけど……
凛
凛
裕輔さんって、秀隆が好き、だったりしません？
裕輔さんって、秀隆が好き、だったりしません？
裕輔
裕輔
……何を、バカな
……何を、バカな
希望
希望
い、今の間と反応を見た？
い、今の間と反応を見た？
愛佳
愛佳
み、見ちゃった。どうしよ、本当にそうなのかも……
み、見ちゃった。どうしよ、本当にそうなのかも……
裕輔
裕輔
待て。俺は何も言っていない
待て。俺は何も言っていない
凛
凛
これはもう、あたしの勘なんですけど。
これはもう、あたしの勘なんですけど。
裕輔さんの秀隆を見る目とか、話す時ってすごく特別って言うか
裕輔さんの秀隆を見る目とか、話す時ってすごく特別って言うか
凛
凛
もうビビッと熱いものを感じるんですよね
もうビビッと熱いものを感じるんですよね
ユウキ
ユウキ
そ、そうだったんか裕輔！？
そ、そうだったんか裕輔！？
裕輔
裕輔
ち、違う。俺はそんなことは
ち、違う。俺はそんなことは
キズナ
キズナ
いいんですよゆうちゃん。恋は人それぞれです
いいんですよゆうちゃん。恋は人それぞれです
キズナ
キズナ
そこを否定することは、自分自身を否定すること、
そこを否定することは、自分自身を否定すること、
そしてひーくんを否定することにも繋がってしまいます
そしてひーくんを否定することにも繋がってしまいます
裕輔
裕輔
っ！？
っ！？
アクセラ
アクセラ
見事な切り込みですキズナ様
見事な切り込みですキズナ様
キズナ
キズナ
えっへん、です
えっへん、です
凛
凛
別にあたしたちは、笑いものにしようと思って言ってるんじゃないんです
別にあたしたちは、笑いものにしようと思って言ってるんじゃないんです
凛
凛
ただ……その想いを確認したかったんです
ただ……その想いを確認したかったんです
希望
希望
凛ちゃんが楽しむために？
凛ちゃんが楽しむために？
凛
凛
そりゃそうでしょ
そりゃそうでしょ
ということもなく
ということもなく
秋
秋
今、ちょっと本音が聞こえたような……
今、ちょっと本音が聞こえたような……
凛
凛
ともかく、どうなんですか？
ともかく、どうなんですか？
愛佳
愛佳
お兄ちゃん、聞かせて
お兄ちゃん、聞かせて
裕輔
裕輔
……わからん
……わからん
裕輔
裕輔
俺は誰かを好きになる、と言うことそのものがわからない
俺は誰かを好きになる、と言うことそのものがわからない
裕輔
裕輔
愛佳を大切だと思っているのは家族として当然だが、
愛佳を大切だと思っているのは家族として当然だが、
それ以外の人間に対して、何かを思ったことは一度も無い
それ以外の人間に対して、何かを思ったことは一度も無い
凛
凛
秀隆も？
秀隆も？
裕輔
裕輔
あいつは……俺の恩人だ。大切な友だと思っている
あいつは……俺の恩人だ。大切な友だと思っている
裕輔
裕輔
一緒にいれば楽しいと思うし、俺も笑うことが出来る
一緒にいれば楽しいと思うし、俺も笑うことが出来る
裕輔
裕輔
あいつが笑えば、俺は嬉しい。それだけのことだ
あいつが笑えば、俺は嬉しい。それだけのことだ
凛
凛
うん、そう……そうですか……
うん、そう……そうですか……
キズナ
キズナ
確定ですね
確定ですね
愛佳
愛佳
まさか、あたしのお兄ちゃんがそっち系だったなんて……
まさか、あたしのお兄ちゃんがそっち系だったなんて……
裕輔
裕輔
なぜそうなる。俺は大切な友だと言っただけだ
なぜそうなる。俺は大切な友だと言っただけだ
ユウキ
ユウキ
俺が言うのもなんだけどさ、裕輔
俺が言うのもなんだけどさ、裕輔
ユウキ
ユウキ
それって、恋だ
それって、恋だ
裕輔
裕輔
ば、バカな……
ば、バカな……
凛
凛
他の女の子と話してる秀隆を見ると、
他の女の子と話してる秀隆を見ると、
ちょっと心がキュッってなったりしません？
ちょっと心がキュッってなったりしません？
裕輔
裕輔
…………
…………
凛
凛
なんとも無いフリをしてても、
なんとも無いフリをしてても、
他の子に笑いかける秀隆を見て、イライラしたり
他の子に笑いかける秀隆を見て、イライラしたり
凛
凛
今日だって、希望や愛佳と楽しく話す秀隆、楽しそうだったなぁ、とか
今日だって、希望や愛佳と楽しく話す秀隆、楽しそうだったなぁ、とか
キズナ
キズナ
よく見てますね
よく見てますね
凛
凛
……たまたまね
……たまたまね
凛
凛
とにかく、そういうのを見て感情がふつふつと湧き上がりませんか？
とにかく、そういうのを見て感情がふつふつと湧き上がりませんか？
裕輔
裕輔
…………
…………
ユウキ
ユウキ
ゆ、裕輔が恋する乙女のような顔に……！？
ゆ、裕輔が恋する乙女のような顔に……！？
裕輔
裕輔
なった覚えは無い
なった覚えは無い
ユウキ
ユウキ
それはちょっと言いすぎた
それはちょっと言いすぎた
愛佳
愛佳
まさかお兄ちゃんがライバルだったなんて……
まさかお兄ちゃんがライバルだったなんて……
キズナ
キズナ
あの、私に提案がありますっ
あの、私に提案がありますっ
挙手したキズナ。
挙手したキズナ。
凛
凛
はいキズナ
はいキズナ
キズナ
キズナ
ゆうちゃんとひーくんを二人きりにするのはどうでしょうかっ
ゆうちゃんとひーくんを二人きりにするのはどうでしょうかっ
凛
凛
ちょっとキズナ……
ちょっとキズナ……
愛佳
愛佳
ええっ、それは幾らなんでも
ええっ、それは幾らなんでも
凛
凛
採用！
採用！
愛佳
愛佳
採用なのっ！？
採用なのっ！？
裕輔
裕輔
勝手な真似をされても困る
勝手な真似をされても困る
キズナ
キズナ
ゆうちゃんいいですか。私は真面目にそう思っているんです
ゆうちゃんいいですか。私は真面目にそう思っているんです
裕輔
裕輔
しかし、単純に俺を笑い者にしているとしか
しかし、単純に俺を笑い者にしているとしか
キズナ
キズナ
確かにリンリンはふざけているかも知れません
確かにリンリンはふざけているかも知れません
凛
凛
なぬっ！？
なぬっ！？
キズナ
キズナ
でも私は至って冷静かつ、真剣に考えていますよ
でも私は至って冷静かつ、真剣に考えていますよ
キズナ
キズナ
今ゆうちゃんがここで想いを押し付けたら、
今ゆうちゃんがここで想いを押し付けたら、
恐らくいずれ押し付けた分が自分に跳ね返ってきます
恐らくいずれ押し付けた分が自分に跳ね返ってきます
キズナ
キズナ
そうならないためにも、自分の気持ちを確かめるんです
そうならないためにも、自分の気持ちを確かめるんです
裕輔
裕輔
自分の気持ちを確かめる……
自分の気持ちを確かめる……
キズナ
キズナ
そこで恋愛感情として好きなのか、
そこで恋愛感情として好きなのか、
単純に友人として好きなのかを見極めるべきなんです
単純に友人として好きなのかを見極めるべきなんです
裕輔
裕輔
誤解している。俺は秀隆を友人として尊敬しているだけだ
誤解している。俺は秀隆を友人として尊敬しているだけだ
キズナ
キズナ
じゃあ、尚更二人きりになることに抵抗はないですよね？
じゃあ、尚更二人きりになることに抵抗はないですよね？
裕輔
裕輔
それは
それは
キズナ
キズナ
ここで迷うと言うことは、ゆうちゃん自身が、
ここで迷うと言うことは、ゆうちゃん自身が、
今の時点でひーくんを好きだと認めることと同義ですよ
今の時点でひーくんを好きだと認めることと同義ですよ
ユウキ
ユウキ
な、なんかすごい説得力だぞ……
な、なんかすごい説得力だぞ……
裕輔
裕輔
……わかった。友として、秀隆に会おう
……わかった。友として、秀隆に会おう
キズナ
キズナ
そうです。気軽に会えばいいだけですっ
そうです。気軽に会えばいいだけですっ
希望
希望
裕輔さんと秀隆くんが……
裕輔さんと秀隆くんが……
凛
凛
どしたの、希望
どしたの、希望
希望
希望
ううん、なんでもない。なんでもないよ
ううん、なんでもない。なんでもないよ
凛
凛
もし本当にくっついちゃったら、どうすんのよ……
もし本当にくっついちゃったら、どうすんのよ……
キズナ
キズナ
その時はその時ということで
その時はその時ということで
凛
凛
取り返しがつかなくなっても知らないわよ
取り返しがつかなくなっても知らないわよ
アクセラ
アクセラ
…………
…………
秋
秋
どうしたのアクセラ？
どうしたのアクセラ？
アクセラ
アクセラ
いえ、何やら理解できない感情が発生しております
いえ、何やら理解できない感情が発生しております
秋
秋
まぁ、男の人同士って言うのは、理解できないよね
まぁ、男の人同士って言うのは、理解できないよね
アクセラ
アクセラ
…………
…………
裕輔
裕輔
す、すまないな秀隆。もう部屋で休んでいただろう
す、すまないな秀隆。もう部屋で休んでいただろう
秀隆
秀隆
大丈夫だ。仕事の方進めてただけだから
大丈夫だ。仕事の方進めてただけだから
オレは柳沢社長のことを調べていたが、携帯を閉じた。
オレは柳沢社長のことを調べていたが、携帯を閉じた。
裕輔
裕輔
休日まで仕事か。大変なんだな
休日まで仕事か。大変なんだな
秀隆
秀隆
気にするなって。それで、なんなんだ？　話って
気にするなって。それで、なんなんだ？　話って
裕輔
裕輔
いや……
いや……
秀隆
秀隆
ん、裕輔、ちょっと動くなよ？
ん、裕輔、ちょっと動くなよ？
なんだか、少しだけ裕輔の顔が赤い。
なんだか、少しだけ裕輔の顔が赤い。
ひょっとすると、熱でも出しただろうか。
ひょっとすると、熱でも出しただろうか。
オレは手のひらを裕輔の額に当てる。
オレは手のひらを裕輔の額に当てる。
裕輔
裕輔
なっ、なにを！？
なっ、なにを！？
秀隆
秀隆
ジッとしてろって……
ジッとしてろって……
裕輔
裕輔
っ！
っ！
秀隆
秀隆
……熱はなさそうだな
……熱はなさそうだな
裕輔
裕輔
大丈夫、大丈夫だ……
大丈夫、大丈夫だ……
秀隆
秀隆
そうか
そうか
でも、様子は明らかにおかしい。
でも、様子は明らかにおかしい。
いつも冷静な裕輔が、いつになく乱れている。
いつも冷静な裕輔が、いつになく乱れている。
秀隆
秀隆
やっぱり何かあったんだな？
やっぱり何かあったんだな？
裕輔
裕輔
なんでもない。俺はおまえとは友だと思っている
なんでもない。俺はおまえとは友だと思っている
支離滅裂である。
支離滅裂である。
一方、キズナたちは。
一方、キズナたちは。
キズナ
キズナ
間違いなくゆうちゃんは、ひーくんにホの字ですね
間違いなくゆうちゃんは、ひーくんにホの字ですね
凛
凛
秀隆も、よりによって男にモテるなんて……
秀隆も、よりによって男にモテるなんて……
希望
希望
私たちこんなところから覗いてていいのかな？
私たちこんなところから覗いてていいのかな？
秋
秋
先ほどから、通る人たちに奇怪な目で見られています
先ほどから、通る人たちに奇怪な目で見られています
凛
凛
いいのいいの。奇怪なのはあっちなんだから
いいのいいの。奇怪なのはあっちなんだから
キズナ
キズナ
ひとつ疑問が浮かんだんですが
ひとつ疑問が浮かんだんですが
凛
凛
なによキズナ
なによキズナ
キズナ
キズナ
この場合、どちらが攻めで、どちらが受けなんでしょう？
この場合、どちらが攻めで、どちらが受けなんでしょう？
凛
凛
そんなの裕輔さんが受けに決まってるでしょ。ねえ？
そんなの裕輔さんが受けに決まってるでしょ。ねえ？
秋
秋
そ、そうなんですか？
そ、そうなんですか？
希望
希望
私はよくわからないけど……
私はよくわからないけど……
愛佳
愛佳
うん、まぁ、そうだね。お兄ちゃんがこの場合は受けかも
うん、まぁ、そうだね。お兄ちゃんがこの場合は受けかも
アクセラ
アクセラ
凛様と愛佳様は状況を理解しておられるようですね
凛様と愛佳様は状況を理解しておられるようですね
秀隆
秀隆
あれだったら、とりあえず呑みに行くか？
あれだったら、とりあえず呑みに行くか？
裕輔
裕輔
ふ、二人きりでか？
ふ、二人きりでか？
秀隆
秀隆
別にユウキ呼んでもいいけど
別にユウキ呼んでもいいけど
裕輔
裕輔
……だ、大丈夫だ。あいつも、もう休んでいるだろう
……だ、大丈夫だ。あいつも、もう休んでいるだろう
秀隆
秀隆
じゃあ行くか。ドリームタウンの酒も美味いぞ
じゃあ行くか。ドリームタウンの酒も美味いぞ
裕輔
裕輔
ああ……
ああ……
希望
希望
えーっと……結局どういうことなんだろう？
えーっと……結局どういうことなんだろう？
ユウキ
ユウキ
ホモ……か？
ホモ……か？
凛
凛
微妙なところね
微妙なところね
ユウキ
ユウキ
ま、まぁ俺としては間違いであってほしいけど。
ま、まぁ俺としては間違いであってほしいけど。
もし俺の貞操が狙われたら……
もし俺の貞操が狙われたら……
ひい！
ひい！
…………。
…………。
……。
……。
