秀隆
秀隆
ようやく、話す決心がついたみたいだな
ようやく、話す決心がついたみたいだな
真剣な眼差しをした希望が、ベッドに座った。
真剣な眼差しをした希望が、ベッドに座った。
希望
希望
うん。私が、どうしてお父さんに反発したのか……
うん。私が、どうしてお父さんに反発したのか……
希望
希望
こんな意地を張って、頑なに帰ることを嫌に思っているのか……
こんな意地を張って、頑なに帰ることを嫌に思っているのか……
希望
希望
それを、秀隆くんには知ってもらいたいって、思ってた
それを、秀隆くんには知ってもらいたいって、思ってた
希望
希望
思ってたけど、でも、話す勇気がなかった……
思ってたけど、でも、話す勇気がなかった……
秀隆
秀隆
きついことなら、無理する必要はないんだぞ？
きついことなら、無理する必要はないんだぞ？
秀隆
秀隆
もちろん、手を貸してほしいことなら、オレは力を貸すつもりだ
もちろん、手を貸してほしいことなら、オレは力を貸すつもりだ
希望
希望
あはは、それは、うん、そうだと嬉しいけど。どうかなあ
あはは、それは、うん、そうだと嬉しいけど。どうかなあ
希望
希望
……とりあえず、話すね
……とりあえず、話すね
秀隆
秀隆
ああ
ああ
オレはくるりと椅子を回転させ、希望に身体を向けた。
オレはくるりと椅子を回転させ、希望に身体を向けた。
希望
希望
……私が……
……私が……
希望
希望
私がお父さんと喧嘩した原因はね……
私がお父さんと喧嘩した原因はね……
希望
希望
龍也さんとの婚約を解消したい、って申し出たからなの
龍也さんとの婚約を解消したい、って申し出たからなの
秀隆
秀隆
……そうか……
……そうか……
内心の予感があった分、表情には色濃く出なかった。
内心の予感があった分、表情には色濃く出なかった。
でも、それは当然、俄かには信じがたいことでもある。
でも、それは当然、俄かには信じがたいことでもある。
秀隆
秀隆
おまえは、龍也さんのこと嫌いじゃないよな？
おまえは、龍也さんのこと嫌いじゃないよな？
希望
希望
もちろんだよ
もちろんだよ
秀隆
秀隆
オレの前で、結婚を決めた、とも言ってたよな？
オレの前で、結婚を決めた、とも言ってたよな？
希望
希望
うん
うん
秀隆
秀隆
……つまり、その後で何か理由が生まれた、ってことだろ？
……つまり、その後で何か理由が生まれた、ってことだろ？
希望
希望
うん……
うん……
秀隆
秀隆
もしかして……それはオレのせいか？
もしかして……それはオレのせいか？
オレが、内心予感していた理由。
オレが、内心予感していた理由。
許可もなく、婚約者の唇を奪ってしまったから。
許可もなく、婚約者の唇を奪ってしまったから。
希望
希望
……そうだよ
……そうだよ
希望
希望
秀隆くんが、あんなことしなかったら……
秀隆くんが、あんなことしなかったら……
希望
希望
私は龍也さんと結婚していたと思う
私は龍也さんと結婚していたと思う
秀隆
秀隆
……そうか
……そうか
秀隆
秀隆
そうだよな……
そうだよな……
婚約者の唇を無許可で奪った。
婚約者の唇を無許可で奪った。
それは高坂特務官にとっても屈辱的なことだし、
それは高坂特務官にとっても屈辱的なことだし、
希望にとっても、耐え難いような辛い記憶になったはずだ。
希望にとっても、耐え難いような辛い記憶になったはずだ。
あの時の様子からしても、希望は男とキスをしたことがない。
あの時の様子からしても、希望は男とキスをしたことがない。
そんな初めてのキスを、オレなんかが奪ってしまったのだ。
そんな初めてのキスを、オレなんかが奪ってしまったのだ。
秀隆
秀隆
思っていたより、ずっとオレの責任は大きかった……か
思っていたより、ずっとオレの責任は大きかった……か
オレは今でも希望が女の子として好きだ。
オレは今でも希望が女の子として好きだ。
だが、高坂特務官と婚約を解消したと聞いても、
だが、高坂特務官と婚約を解消したと聞いても、
少しも嬉しいとは思えなかった。
少しも嬉しいとは思えなかった。
何か他の要因であったならともかく、
何か他の要因であったならともかく、
この件はオレが引き金となってしまったことなのだ。
この件はオレが引き金となってしまったことなのだ。
それも、最低な形で。
それも、最低な形で。
秀隆
秀隆
大河内代表には、理由を聞かれたんじゃないか？
大河内代表には、理由を聞かれたんじゃないか？
希望
希望
もちろん、聞かれたよ。急に言い出すなんてどうしたんだ、って
もちろん、聞かれたよ。急に言い出すなんてどうしたんだ、って
希望
希望
秀隆くんにキスされたから、とは伝えてないから大丈夫
秀隆くんにキスされたから、とは伝えてないから大丈夫
秀隆
秀隆
う……
う……
希望
希望
そんなことお父さんに伝えたら、多分大変なことになるしさ
そんなことお父さんに伝えたら、多分大変なことになるしさ
秀隆
秀隆
オレは殺されるかも知れないな……
オレは殺されるかも知れないな……
秀隆
秀隆
いや、でも話されたとしても仕方ない。それが事実なんだ
いや、でも話されたとしても仕方ない。それが事実なんだ
秀隆
秀隆
どんな処罰をされても文句は言えない
どんな処罰をされても文句は言えない
希望
希望
その覚悟はある？
その覚悟はある？
秀隆
秀隆
ああ、あるさ
ああ、あるさ
希望
希望
……って、何してるの？
……って、何してるの？
秀隆
秀隆
いや、ちょっと預金残高を調べてだな……逃走資金を……
いや、ちょっと預金残高を調べてだな……逃走資金を……
希望
希望
全然覚悟ないじゃない……
全然覚悟ないじゃない……
秀隆
秀隆
冗談だ。オレには逃走資金はないからな
冗談だ。オレには逃走資金はないからな
希望
希望
え、そこ？　逃走資金あったら逃げる？
え、そこ？　逃走資金あったら逃げる？
秀隆
秀隆
逃げ……るわけないだろ。嫌だな希望、オレがそんなクズだとでも？
逃げ……るわけないだろ。嫌だな希望、オレがそんなクズだとでも？
希望
希望
だよね
だよね
秀隆
秀隆
ははははは
ははははは
希望
希望
あははは
あははは
疑いの笑みを向けられた。
疑いの笑みを向けられた。
希望
希望
秀隆くん。私……今は感謝してるんだよ
秀隆くん。私……今は感謝してるんだよ
秀隆
秀隆
感謝？
感謝？
希望
希望
あの時、キスされたことは嫌だった。
あの時、キスされたことは嫌だった。
でも、私が本当に嫌だったのは、キスをされたことじゃないの
でも、私が本当に嫌だったのは、キスをされたことじゃないの
希望
希望
キスされて……自分の気持ちに気づいてしまったから
キスされて……自分の気持ちに気づいてしまったから
希望
希望
龍也さんを―――好きにならなきゃいけない人を、好きじゃないってこと
龍也さんを―――好きにならなきゃいけない人を、好きじゃないってこと
希望
希望
異性としては、好きになれていなかったこと。
異性としては、好きになれていなかったこと。
それを、再認識されせられた
それを、再認識されせられた
秀隆
秀隆
その覚悟は、してたんじゃないのか？
その覚悟は、してたんじゃないのか？
希望
希望
してた。してたよ。でも、それは他に好きな人がいない時に限る、だよ
してた。してたよ。でも、それは他に好きな人がいない時に限る、だよ
希望
希望
……私も、きっと、秀隆くんとプールで遊んだ時からだね……
……私も、きっと、秀隆くんとプールで遊んだ時からだね……
希望
希望
意識しないように、意識しないようにやってきたけど……
意識しないように、意識しないようにやってきたけど……
希望
希望
無意識のうちに、秀隆くんを好きになってたんだと思う
無意識のうちに、秀隆くんを好きになってたんだと思う
秀隆
秀隆
え……？
え……？
希望
希望
だから、好きじゃない人と結婚することが、どれだけ辛いか分かっちゃった
だから、好きじゃない人と結婚することが、どれだけ辛いか分かっちゃった
希望
希望
うん。私大河内希望は、秀隆くんが好きなんだよ
うん。私大河内希望は、秀隆くんが好きなんだよ
秀隆
秀隆
……希望
……希望
希望
希望
ごめんね、気持ちを整理するのが、遅くなって
ごめんね、気持ちを整理するのが、遅くなって
秀隆
秀隆
いや、そんなことはないが……
いや、そんなことはないが……
希望
希望
今更、秀隆くんに答えてもらえるとは思ってないから、大丈夫
今更、秀隆くんに答えてもらえるとは思ってないから、大丈夫
希望
希望
私の今の気持ちを、伝えられただけで十分だから
私の今の気持ちを、伝えられただけで十分だから
希望
希望
今以上の関係を求めたりしないから
今以上の関係を求めたりしないから
秀隆
秀隆
待て
待て
希望
希望
んっ？
んっ？
秀隆
秀隆
何勝手に話を締めくくりそうな流れに持って行ってんだよ
何勝手に話を締めくくりそうな流れに持って行ってんだよ
希望
希望
あ、でも、そうだよ？　これで割と話は終わりだったり……
あ、でも、そうだよ？　これで割と話は終わりだったり……
秀隆
秀隆
一方的に話して、一方的に解決させて終わるなって。
一方的に話して、一方的に解決させて終わるなって。
喧嘩にはオレも大きく関係してたってことじゃないか
喧嘩にはオレも大きく関係してたってことじゃないか
希望
希望
それはそうなんだけど……
それはそうなんだけど……
秀隆
秀隆
そもそも、一番大切なのは希望がオレを好きだといってくれたことだ
そもそも、一番大切なのは希望がオレを好きだといってくれたことだ
希望
希望
遅かった……けど
遅かった……けど
秀隆
秀隆
遅かろうと、なんだろうと、大事なのはそこだ
遅かろうと、なんだろうと、大事なのはそこだ
秀隆
秀隆
何で両想いなのに話を終わらせなきゃならないんだってことだよ
何で両想いなのに話を終わらせなきゃならないんだってことだよ
秀隆
秀隆
オレだって希望が好きなんだ。だったら
オレだって希望が好きなんだ。だったら
秀隆
秀隆
だったら、オレと付き合ってくれよ
だったら、オレと付き合ってくれよ
希望
希望
で、でも。私、あの時秀隆くんを振っちゃったし……
で、でも。私、あの時秀隆くんを振っちゃったし……
秀隆
秀隆
関係ない
関係ない
希望
希望
今から、私も好きだって言うのはずるいっていうか……
今から、私も好きだって言うのはずるいっていうか……
秀隆
秀隆
関係ない
関係ない
希望
希望
……けど……
……けど……
秀隆
秀隆
関係ない
関係ない
秀隆
秀隆
つか、オレ希望のこと好きだし
つか、オレ希望のこと好きだし
希望
希望
さ、さっきも聞いたよ
さ、さっきも聞いたよ
秀隆
秀隆
何度でも言う。好きなんだよ。好き
何度でも言う。好きなんだよ。好き
希望
希望
き、聞いたってばっ
き、聞いたってばっ
秀隆
秀隆
じゃあ付き合ってくれ
じゃあ付き合ってくれ
希望
希望
……い、いいの……？
……い、いいの……？
秀隆
秀隆
当たり前だ。つか、オレで本当にいいんだったらだけど
当たり前だ。つか、オレで本当にいいんだったらだけど
オレは手を差し出した。
オレは手を差し出した。
秀隆
秀隆
もう一度言う。オレは希望が好きだ。付き合って欲しい
もう一度言う。オレは希望が好きだ。付き合って欲しい
希望
希望
……秀隆くん……
……秀隆くん……
希望が、ゆっくりと手を差し伸べ……。
希望が、ゆっくりと手を差し伸べ……。
そしてオレの手を
そしてオレの手を
握らなかった。
握らなかった。
希望
希望
ごめんなさい
ごめんなさい
秀隆
秀隆
えええええええええっ！？！？
えええええええええっ！？！？
希望
希望
っていうのは冗談っ
っていうのは冗談っ
パッと慌ててオレの手を握る。
パッと慌ててオレの手を握る。
希望
希望
なんか、ここ冗談で流しちゃったら後悔する気がした
なんか、ここ冗談で流しちゃったら後悔する気がした
秀隆
秀隆
し、心臓に悪いわ！　ここでまた振られたらきついわ！
し、心臓に悪いわ！　ここでまた振られたらきついわ！
希望
希望
……私も、秀隆くんが好きです……
……私も、秀隆くんが好きです……
秀隆
秀隆
……おう
……おう
希望
希望
でも、大変だよ？　すごく
でも、大変だよ？　すごく
希望
希望
お父さんとか、説得するのは苦労すると思う
お父さんとか、説得するのは苦労すると思う
秀隆
秀隆
……オレ、殺されたりしないよな？
……オレ、殺されたりしないよな？
希望
希望
それは、否定しきれないかも
それは、否定しきれないかも
秀隆
秀隆
や、やっぱりお付き合いするのはもう少し待った方がいいか……
や、やっぱりお付き合いするのはもう少し待った方がいいか……
希望
希望
ダメだよ。もう、私手を握っちゃったし
ダメだよ。もう、私手を握っちゃったし
秀隆
秀隆
う……
う……
手を引こうと思ったら、両手でがっちりと掴まれてしまった。
手を引こうと思ったら、両手でがっちりと掴まれてしまった。
希望
希望
龍也さんには、秀隆くんを好きだってこと、伝えたから
龍也さんには、秀隆くんを好きだってこと、伝えたから
秀隆
秀隆
それで、許してくれたのか？
それで、許してくれたのか？
希望
希望
うんっ
うんっ
秀隆
秀隆
そっか
そっか
高坂特務官は、どんな形であれ希望が拒めば、許しただろう。
高坂特務官は、どんな形であれ希望が拒めば、許しただろう。
それに、彼自身が別の女性を好きになっていた。
それに、彼自身が別の女性を好きになっていた。
なら、それほど驚くことじゃない。
なら、それほど驚くことじゃない。
秀隆
秀隆
いつ、大河内代表とは向き合うつもりなんだ？
いつ、大河内代表とは向き合うつもりなんだ？
希望
希望
それは……まぁ、ほら、ね？
それは……まぁ、ほら、ね？
逃げ腰だった。
逃げ腰だった。
希望
希望
……あのさ。秀隆くんは、私の彼氏、になったんだよね？
……あのさ。秀隆くんは、私の彼氏、になったんだよね？
秀隆
秀隆
そのつもりだ。つか、付き合うってそう言うことだし
そのつもりだ。つか、付き合うってそう言うことだし
希望
希望
お父さんと戦う時も、協力してくれるってことだよね？
お父さんと戦う時も、協力してくれるってことだよね？
秀隆
秀隆
当然だ
当然だ
希望
希望
な、なんで自信なさげ！？
な、なんで自信なさげ！？
お互いに逃げ腰だった。
お互いに逃げ腰だった。
秀隆
秀隆
いや、だってなぁ。大河内代表だし
いや、だってなぁ。大河内代表だし
オレは前の規制緩和の時に目をつけられてるしな。
オレは前の規制緩和の時に目をつけられてるしな。
希望
希望
何か良い手段はないかなぁ……
何か良い手段はないかなぁ……
秀隆
秀隆
オレが彼氏になりました、って乗り込んでも、一刀両断だろうし
オレが彼氏になりました、って乗り込んでも、一刀両断だろうし
希望
希望
……だね
……だね
秀隆
秀隆
いっそ、強引に既成事実を作る、とかな
いっそ、強引に既成事実を作る、とかな
希望
希望
既成事実……
既成事実……
秀隆
秀隆
冗談だ。それなら効果はあるだろうけど、問題点の方が多い
冗談だ。それなら効果はあるだろうけど、問題点の方が多い
希望
希望
でも、秀隆くん無許可でキスしたよね
でも、秀隆くん無許可でキスしたよね
秀隆
秀隆
うっ
うっ
秀隆
秀隆
あ、あれは、その……面目ない
あ、あれは、その……面目ない
希望
希望
あはは。もういいよ。あのキスのおかげで、こうなったんだし
あはは。もういいよ。あのキスのおかげで、こうなったんだし
希望
希望
でもそっか、既成事実……か……
でもそっか、既成事実……か……
ちらり、とオレを見る希望。
ちらり、とオレを見る希望。
希望
希望
作っちゃう……？　既成事実
作っちゃう……？　既成事実
秀隆
秀隆
は？　おまえな、意味分かっていってんのか？
は？　おまえな、意味分かっていってんのか？
恋愛における既成事実って言うのは、キスとかじゃなくて
恋愛における既成事実って言うのは、キスとかじゃなくて
希望
希望
私だって、子供じゃないんだよ？
私だって、子供じゃないんだよ？
希望
希望
これがどういう意味を指すかくらい、わかってる
これがどういう意味を指すかくらい、わかってる
秀隆
秀隆
だったら尚更だ
だったら尚更だ
秀隆
秀隆
特に希望は、大河内代表の娘だ。普通とは大きく異なる
特に希望は、大河内代表の娘だ。普通とは大きく異なる
希望
希望
それは、裏を返せば、それだけ既成事実に強い意味があるって
それは、裏を返せば、それだけ既成事実に強い意味があるって
ことになるよね？
ことになるよね？
希望から鋭い指摘が入る。
希望から鋭い指摘が入る。
秀隆
秀隆
ゆっくり、ってわけにはいかないのか？
ゆっくり、ってわけにはいかないのか？
今すぐ結論を出さなくても、何か解決策を見つけられるかも
今すぐ結論を出さなくても、何か解決策を見つけられるかも
希望
希望
もし、私が秀隆くんと付き合ってる事実が知られたら、
もし、私が秀隆くんと付き合ってる事実が知られたら、
お父さんは絶対に認めないと思う
お父さんは絶対に認めないと思う
秀隆
秀隆
ま、高坂特務官と比べたら形無しだしな
ま、高坂特務官と比べたら形無しだしな
大河内代表が最も求めるものは、ドリームタウンでの地位と名誉だろう。
大河内代表が最も求めるものは、ドリームタウンでの地位と名誉だろう。
高坂特務官を婿として受け入れれば、
高坂特務官を婿として受け入れれば、
彼のドリームタウンでのそれは、約束されたも同然だ。
彼のドリームタウンでのそれは、約束されたも同然だ。
だが、オレの場合はそうじゃない。
だが、オレの場合はそうじゃない。
一介の特務官に過ぎず、しかもホープタウンの人間だ。
一介の特務官に過ぎず、しかもホープタウンの人間だ。
その事実を知って、認めることは通常ではありえない。
その事実を知って、認めることは通常ではありえない。
希望
希望
でもさ、その事実が知られたとき……私たちの関係が、
でもさ、その事実が知られたとき……私たちの関係が、
その、そう言う関係だったら、きっと別れろ、だけじゃすまないよね……？
その、そう言う関係だったら、きっと別れろ、だけじゃすまないよね……？
秀隆
秀隆
……どうかな
……どうかな
もしも、オレが希望と、深い関係だったとしたら。
もしも、オレが希望と、深い関係だったとしたら。
それを知った大河内代表は、当然激怒するだろう。
それを知った大河内代表は、当然激怒するだろう。
もちろん、オレとは手を切れと言って来るし、
もちろん、オレとは手を切れと言って来るし、
最悪オレの身には想像を絶する処罰が襲いくるかも知れない。
最悪オレの身には想像を絶する処罰が襲いくるかも知れない。
しかし、裏を返せば取り返しの付かない現実も目の当たりにする。
しかし、裏を返せば取り返しの付かない現実も目の当たりにする。
言葉は汚いが、希望が男のモノになってしまった、と言う、まさに既成事実。
言葉は汚いが、希望が男のモノになってしまった、と言う、まさに既成事実。
これは大河内代表の娘としての価値を大きく下げることになるだろう。
これは大河内代表の娘としての価値を大きく下げることになるだろう。
それこそが、つけ入る隙といえば、隙になる。
それこそが、つけ入る隙といえば、隙になる。
どう考えても、リスクの方が大きいけど。
どう考えても、リスクの方が大きいけど。
秀隆
秀隆
つか、アレだ。そりゃ、大河内代表に認めてもらうことが必要になる
つか、アレだ。そりゃ、大河内代表に認めてもらうことが必要になる
秀隆
秀隆
オレが希望と付き合っていくなら、避けては通れない道だ
オレが希望と付き合っていくなら、避けては通れない道だ
希望
希望
うん。そうだね
うん。そうだね
秀隆
秀隆
だけど、そのために既成事実を作るってのは、ちょっと違うだろ
だけど、そのために既成事実を作るってのは、ちょっと違うだろ
秀隆
秀隆
結果的にそうなるなら話は別だが、順序が逆だ
結果的にそうなるなら話は別だが、順序が逆だ
希望
希望
…………
…………
秀隆
秀隆
不満か？
不満か？
希望
希望
ううん。そうじゃなくて、その通りだなって
ううん。そうじゃなくて、その通りだなって
希望
希望
なんか、お父さんを認めさせたくて……
なんか、お父さんを認めさせたくて……
冷静に考えてみたら、私変なこと言ってたなって
冷静に考えてみたら、私変なこと言ってたなって
秀隆
秀隆
だろ？
だろ？
希望
希望
なんか、折角お互い、気持ちが通じ合えたばかりなのに
なんか、折角お互い、気持ちが通じ合えたばかりなのに
秀隆
秀隆
気にするなって
気にするなって
秀隆
秀隆
それに……
それに……
希望
希望
それに？
それに？
秀隆
秀隆
そう言う後ろ背景抜きで、ほら……
そう言う後ろ背景抜きで、ほら……
男としては、好きな子と色々したいもんだし
男としては、好きな子と色々したいもんだし
希望
希望
な、なるほど……
な、なるほど……
秀隆
秀隆
とりあえず、今日はこの辺にして、部屋に戻れ
とりあえず、今日はこの辺にして、部屋に戻れ
希望
希望
戻った方がいい？
戻った方がいい？
秀隆
秀隆
……戻った方がいいな
……戻った方がいいな
中途半端に想像してしまっただけに、理性が暴走しかねない。
中途半端に想像してしまっただけに、理性が暴走しかねない。
希望
希望
じゃあ、ひとつだけお願いしてもいいかな
じゃあ、ひとつだけお願いしてもいいかな
秀隆
秀隆
ん？　なんだよ
ん？　なんだよ
希望
希望
……キス、したいな……なぁんて
……キス、したいな……なぁんて
秀隆
秀隆
…………
…………
希望
希望
ほ、ほら。ファーストキスがあれだと、さ。
ほ、ほら。ファーストキスがあれだと、さ。
衝撃が強すぎて、頭が真っ白だったって言うか。
衝撃が強すぎて、頭が真っ白だったって言うか。
キスの味もわからないって言うか……
キスの味もわからないって言うか……
秀隆
秀隆
そうだな。オレも、よく覚えてない。確かめるか
そうだな。オレも、よく覚えてない。確かめるか
希望
希望
……うん……
……うん……
オレは立ち上がると、それにあわせて希望も立ち上がった。
オレは立ち上がると、それにあわせて希望も立ち上がった。
お互いに、触れ合えるほどの距離まで詰める。
お互いに、触れ合えるほどの距離まで詰める。
秀隆
秀隆
なんか、ものすごく恥ずかしいぞ
なんか、ものすごく恥ずかしいぞ
希望
希望
私だって、そうだよ。ドキドキしてる……
私だって、そうだよ。ドキドキしてる……
秀隆
秀隆
じゃ、じゃあ
じゃ、じゃあ
両手を、肩に置く。
両手を、肩に置く。
希望
希望
き、緊張……
き、緊張……
秀隆
秀隆
うむ……
うむ……
目を閉じる希望。
目を閉じる希望。
オレは、ちょん、とだけ唇を希望に触れた。
オレは、ちょん、とだけ唇を希望に触れた。
秀隆
秀隆
お、終わったぞ
お、終わったぞ
希望
希望
あ、あの……
あ、あの……
希望
希望
一瞬過ぎて、また、よく分からなかった……
一瞬過ぎて、また、よく分からなかった……
秀隆
秀隆
実はオレも……
実はオレも……
希望
希望
最初の時、がばーってしてきたのに
最初の時、がばーってしてきたのに
秀隆
秀隆
アレはほら、勢いがあったからな。
アレはほら、勢いがあったからな。
今はその、なんていうかちょっと戸惑うと言うか
今はその、なんていうかちょっと戸惑うと言うか
秀隆
秀隆
じゃあ、もう一度……いいか？
じゃあ、もう一度……いいか？
希望
希望
うん……いいよ……
うん……いいよ……
希望
希望
ちゅ……
ちゅ……
優しく唇に触れる。
優しく唇に触れる。
今度は、長く、長く。
今度は、長く、長く。
希望
希望
ん……っ……
ん……っ……
互いの息が持たないくらい、唇を合わせ続ける。
互いの息が持たないくらい、唇を合わせ続ける。
希望
希望
ぷはっ……っ……は、恥ずかしい……
ぷはっ……っ……は、恥ずかしい……
秀隆
秀隆
だな……
だな……
お互い、なんていっていいか分からず、少し気まずい。
お互い、なんていっていいか分からず、少し気まずい。
秀隆
秀隆
でも、もっとキスしたい……
でも、もっとキスしたい……
希望
希望
……うん……
……うん……
希望
希望
ちゅ、ちゅっ……ちゅ……
ちゅ、ちゅっ……ちゅ……
希望
希望
……へへ
……へへ
秀隆
秀隆
なんだよ、急に笑い出して
なんだよ、急に笑い出して
希望
希望
なんか、恥ずかしいけど、嬉しいな、って思って
なんか、恥ずかしいけど、嬉しいな、って思って
希望
希望
キスって、凄く素敵なんだね……
キスって、凄く素敵なんだね……
秀隆
秀隆
だな……
だな……
希望
希望
えっと、もう一個お願いができたんだけど……
えっと、もう一個お願いができたんだけど……
秀隆
秀隆
なんだよ
なんだよ
希望
希望
……抱きしめて、見て欲しいなぁ……なんて
……抱きしめて、見て欲しいなぁ……なんて
希望
希望
ダメかな？
ダメかな？
秀隆
秀隆
……ダメじゃない、けど……それは、ちょっと……
……ダメじゃない、けど……それは、ちょっと……
実は、オレはちょっと希望に対して引け腰だった。
実は、オレはちょっと希望に対して引け腰だった。
希望
希望
嫌？
嫌？
秀隆
秀隆
嫌とかじゃなくて、そりゃ嬉しいんだけど……
嫌とかじゃなくて、そりゃ嬉しいんだけど……
希望
希望
……じゃあ、ぎゅってしても、いい？
……じゃあ、ぎゅってしても、いい？
秀隆
秀隆
あーえと、その……うーん……
あーえと、その……うーん……
希望
希望
あれれ、なんだかほんとに嫌そう。ショックかも……
あれれ、なんだかほんとに嫌そう。ショックかも……
秀隆
秀隆
嫌じゃないって、そりゃオレだって抱きしめられたいけど……
嫌じゃないって、そりゃオレだって抱きしめられたいけど……
希望
希望
なら抱きしめるよ？
なら抱きしめるよ？
秀隆
秀隆
……いや、しかしだな……
……いや、しかしだな……
希望
希望
む……
む……
希望
希望
えいっ
えいっ
オレの態度が気に食わなかったのか、希望はオレに抱きついてきた。
オレの態度が気に食わなかったのか、希望はオレに抱きついてきた。
秀隆
秀隆
げっ……！？
げっ……！？
希望の体が、オレにぶつかってくる。
希望の体が、オレにぶつかってくる。
希望
希望
抱きついちゃっ
抱きついちゃっ


オレを見上げ笑った希望の笑みが、氷のように固まる。
オレを見上げ笑った希望の笑みが、氷のように固まる。
そして、瞬く間に顔が真っ赤になっていく。
そして、瞬く間に顔が真っ赤になっていく。
秀隆
秀隆
……だから、嫌だったんだよ……
……だから、嫌だったんだよ……
希望
希望
なななな、なんでっ！？
なななな、なんでっ！？
秀隆
秀隆
そういわれてもな……
そういわれてもな……
慌てて距離をとる希望。
慌てて距離をとる希望。
そして、向けられた視線はオレの顔ではなく、股間。
そして、向けられた視線はオレの顔ではなく、股間。
必死に腰を引いて隠していた、そこ。
必死に腰を引いて隠していた、そこ。
ズボンを押し上げている、盛り上がった股間がばれてしまった。
ズボンを押し上げている、盛り上がった股間がばれてしまった。
秀隆
秀隆
し、仕方ないだろ。好きな子と何度もキスしてたんだから……
し、仕方ないだろ。好きな子と何度もキスしてたんだから……
必死に堪えようとしても、半立ち以上にはなってしまう。
必死に堪えようとしても、半立ち以上にはなってしまう。
希望
希望
うう……
うう……
秀隆
秀隆
と、とにかく部屋に戻れって。これ以上は襲っちゃうぞ
と、とにかく部屋に戻れって。これ以上は襲っちゃうぞ
希望
希望
お、襲われちゃうの？
お、襲われちゃうの？
秀隆
秀隆
そりゃ、そうだ。希望可愛いし。オレの彼女だし
そりゃ、そうだ。希望可愛いし。オレの彼女だし
希望
希望
…………
…………
秀隆
秀隆
いや、マジで。ほんとの既成事実になるぞ
いや、マジで。ほんとの既成事実になるぞ
希望
希望
あ、あのね。あの、そう言うのじゃなくてね……
あ、あのね。あの、そう言うのじゃなくてね……
希望
希望
私だって、その、興味はあるんだよ……？
私だって、その、興味はあるんだよ……？
秀隆
秀隆
…………
…………
希望
希望
つ、付き合ったその日に、その、
つ、付き合ったその日に、その、
そう言うことをするのも、普通だって、よく聞くし……
そう言うことをするのも、普通だって、よく聞くし……
秀隆
秀隆
それは、大人の恋愛とかだと、そうかもだけど……
それは、大人の恋愛とかだと、そうかもだけど……
希望
希望
秀隆くん、大人だし……
秀隆くん、大人だし……
秀隆
秀隆
ま、まぁ……
ま、まぁ……
秀隆
秀隆
……その……
……その……
オレは、希望の腕を捕まえる。
オレは、希望の腕を捕まえる。
希望
希望
あ……
あ……
秀隆
秀隆
じゃあ、もう一回抱きしめさせてくれ
じゃあ、もう一回抱きしめさせてくれ
秀隆
秀隆
それで嫌だったら、部屋に戻ればいいから
それで嫌だったら、部屋に戻ればいいから
希望
希望
……う、うん
……う、うん
オレは恥ずかしさを感じながらも、希望を抱きよせた。
オレは恥ずかしさを感じながらも、希望を抱きよせた。
そして、今度は腰を引かず、堂々と抱きしめる。
そして、今度は腰を引かず、堂々と抱きしめる。
希望
希望
っ……
っ……
もちろん、オレのつきあがった股間が、
もちろん、オレのつきあがった股間が、
希望の身体へと押し当てられることになる。
希望の身体へと押し当てられることになる。
希望
希望
か、固いよ……
か、固いよ……
秀隆
秀隆
ガチガチだ……
ガチガチだ……
希望
希望
…………
…………
秀隆
秀隆
…………
…………
秀隆
秀隆
部屋、戻らなくていいのか？
部屋、戻らなくていいのか？
希望
希望
抱きしめられてたら、部屋に戻れないよ……
抱きしめられてたら、部屋に戻れないよ……
秀隆
秀隆
だな……
だな……
でも、お互いに腕を緩めない。
でも、お互いに腕を緩めない。
秀隆
秀隆
希望の匂いがする
希望の匂いがする
希望
希望
変じゃない？
変じゃない？
秀隆
秀隆
ああ
ああ
希望
希望
…………
…………
お互いに見つめあう。
お互いに見つめあう。
今までで一番近い距離。
今までで一番近い距離。
そして―――。
そして―――。
希望
希望
ん……っ……
ん……っ……
キス。
キス。
柔らかい唇を再び奪う。
柔らかい唇を再び奪う。
秀隆
秀隆
……正直に言うと
……正直に言うと
秀隆
秀隆
希望を部屋に帰したくない。オレ、おまえとエッチしたい
希望を部屋に帰したくない。オレ、おまえとエッチしたい
秀隆
秀隆
コレから先が見えないからこそ、
コレから先が見えないからこそ、
今、お前の身体を、オレだけのモノにしたい
今、お前の身体を、オレだけのモノにしたい
希望
希望
……私も不安だよ。どうなるのか、全然わからない
……私も不安だよ。どうなるのか、全然わからない
希望
希望
だから……今、秀隆くんのモノになりたい……
だから……今、秀隆くんのモノになりたい……
秀隆
秀隆
ああ……
ああ……
オレは、希望の腕を引き、そっとベッドへと横に倒した。
オレは、希望の腕を引き、そっとベッドへと横に倒した。
最終章・希望ルート７』希望H
最終章・希望ルート７』希望H
秀隆
秀隆
はぁっ、はあっ……はあっ……
はぁっ、はあっ……はあっ……
希望
希望
はあ、は、はぁっ……はぁ、はぁっ……
はあ、は、はぁっ……はぁ、はぁっ……
絶頂を迎えた後、オレたちは抱き合いながら互いに息を切らせていた。
絶頂を迎えた後、オレたちは抱き合いながら互いに息を切らせていた。
秀隆
秀隆
痛かっただろ？　ごめんな
痛かっただろ？　ごめんな
希望
希望
ううん……秀隆くんと一緒だから、大丈夫だったよ……
ううん……秀隆くんと一緒だから、大丈夫だったよ……
秀隆
秀隆
優しいな、希望は
優しいな、希望は
希望の顔は、泣きながらも真っ赤になっている。
希望の顔は、泣きながらも真っ赤になっている。
希望
希望
う……す、凄いこと、しちゃったんだね、私たち……
う……す、凄いこと、しちゃったんだね、私たち……
秀隆
秀隆
そ、そうだな……
そ、そうだな……
お互いに肌と肌を重ねあった。
お互いに肌と肌を重ねあった。
これで、オレと希望には切っても切れない関係が生まれた。
これで、オレと希望には切っても切れない関係が生まれた。
それは必然。
それは必然。
お互いに想いあい、惹かれあったからなんだ。
お互いに想いあい、惹かれあったからなんだ。
秀隆
秀隆
えっと……これからよろしくな……
えっと……これからよろしくな……
希望
希望
私こそ、よろしく……
私こそ、よろしく……
…………。
…………。
……。
……。
