秀隆
秀隆
うーん……
うーん……
ぼやっと覚醒していく思考、広がっていく視界。
ぼやっと覚醒していく思考、広がっていく視界。
どうやら、また朝がやって来たようだ。
どうやら、また朝がやって来たようだ。
折角の休日だと言うのに、もう目が覚めてしまったのか。
折角の休日だと言うのに、もう目が覚めてしまったのか。
アクセラ
アクセラ
…………
…………
秀隆
秀隆
うおっ！？
うおっ！？
突如、目の前に（てか、ベッドの脇に立って）いたアクセラに、
突如、目の前に（てか、ベッドの脇に立って）いたアクセラに、
心臓が跳ね上がった。
心臓が跳ね上がった。
秀隆
秀隆
びびったわ！　何してんだよ！
びびったわ！　何してんだよ！
アクセラ
アクセラ
おはようございます。秀隆さま
おはようございます。秀隆さま
こちらの驚きも何のその、いつもの反応が返って来る。
こちらの驚きも何のその、いつもの反応が返って来る。
アクセラ
アクセラ
今日は休日となります
今日は休日となります
秀隆
秀隆
それが？
それが？
アクセラ
アクセラ
まだ起きられないのですか？
まだ起きられないのですか？
秀隆
秀隆
休日だからな。ゆっくりしてたっていいだろ？
休日だからな。ゆっくりしてたっていいだろ？
アクセラ
アクセラ
安月給の身で、随分と怠慢な態度ですね
安月給の身で、随分と怠慢な態度ですね
秀隆
秀隆
……え、今ディスった？　オレをディスった？
……え、今ディスった？　オレをディスった？
アクセラ
アクセラ
休みの日にこそ、早く起きて、規則正しい生活を送られては如何ですか？
休みの日にこそ、早く起きて、規則正しい生活を送られては如何ですか？
秀隆
秀隆
なんで俺がアンドロイドに朝からボロクソ言われなきゃいけないんだ……
なんで俺がアンドロイドに朝からボロクソ言われなきゃいけないんだ……
アクセラ
アクセラ
秋様は、もう起きていらっしゃいますよ？
秋様は、もう起きていらっしゃいますよ？
秀隆
秀隆
あいつは真面目の塊だからいいんだよ
あいつは真面目の塊だからいいんだよ
アクセラ
アクセラ
秀隆様は不真面目の塊ですよね
秀隆様は不真面目の塊ですよね
秀隆
秀隆
お、おまえ、ほんと容赦なくなったぞ、最近……
お、おまえ、ほんと容赦なくなったぞ、最近……
どこか故障してるんじゃないの……。
どこか故障してるんじゃないの……。
秀隆
秀隆
けど残念だったな。ボロクソに言われるのは慣れてる
けど残念だったな。ボロクソに言われるのは慣れてる
オレはごろっと横になる。
オレはごろっと横になる。
秀隆
秀隆
好きなだけ悪口言ってろ
好きなだけ悪口言ってろ
アクセラ
アクセラ
不潔、不衛生、自堕落、お調子者、社会不適合者、反面教師
不潔、不衛生、自堕落、お調子者、社会不適合者、反面教師
秀隆
秀隆
無視無視……
無視無視……
アクセラ
アクセラ
ゴミ、カス、アホ、間抜け、バカ、ダボ
ゴミ、カス、アホ、間抜け、バカ、ダボ
秀隆
秀隆
……む、むしむし……
……む、むしむし……
アクセラ
アクセラ
さっさと起きてください、この包茎野郎
さっさと起きてください、この包茎野郎
秀隆
秀隆
えっ！？
えっ！？
がばっと俺は起き上がり、アクセラを凝視する。
がばっと俺は起き上がり、アクセラを凝視する。
アクセラ
アクセラ
なにか？
なにか？
秀隆
秀隆
い、いや。なんでもない、なんでもないぞ……
い、いや。なんでもない、なんでもないぞ……
アクセラ
アクセラ
起きられますか？
起きられますか？
秀隆
秀隆
……そうだな
……そうだな
なんか、心臓がバクバクいって、眠気も飛んじゃったし。
なんか、心臓がバクバクいって、眠気も飛んじゃったし。
食卓に出ると、既にそこに秋の姿はなかった。
食卓に出ると、既にそこに秋の姿はなかった。
秀隆
秀隆
あれ、秋は？
あれ、秋は？
アクセラ
アクセラ
今日は調子がよいらしく、先ほど散歩に出かけられました
今日は調子がよいらしく、先ほど散歩に出かけられました
秀隆
秀隆
そうか
そうか
なら、オレは落ち着いて食事することが出来るわけだ。
なら、オレは落ち着いて食事することが出来るわけだ。
休日は我が家のルール適用外だ、一緒に食事を取る必要はない。
休日は我が家のルール適用外だ、一緒に食事を取る必要はない。
アクセラ
アクセラ
今日は家の大掃除を行おうと思っています
今日は家の大掃除を行おうと思っています
秀隆
秀隆
いいんじゃねえの。好きにすれば
いいんじゃねえの。好きにすれば
アクセラ
アクセラ
ありがとうございます。では、秀隆様は外出なさってくださいね
ありがとうございます。では、秀隆様は外出なさってくださいね
秀隆
秀隆
なんでだよ……
なんでだよ……
アクセラ
アクセラ
掃除をするからです
掃除をするからです
秀隆
秀隆
掃除は勝手にしろよ。オレは部屋にいるから
掃除は勝手にしろよ。オレは部屋にいるから
アクセラ
アクセラ
秀隆様のお部屋も掃除します
秀隆様のお部屋も掃除します
秀隆
秀隆
いや、だったら、オレの部屋を掃除する時はリビングに移動するから
いや、だったら、オレの部屋を掃除する時はリビングに移動するから
アクセラ
アクセラ
こう言えば分かりますか？　邪魔です
こう言えば分かりますか？　邪魔です
秀隆
秀隆
う……
う……
オレはアクセラにややにらまれる様な形になり
オレはアクセラにややにらまれる様な形になり
掃除の邪魔をする
掃除の邪魔をする
掃除を手伝う
掃除を手伝う
素直に外出する
素直に外出する
秀隆
秀隆
……はい。外出します
……はい。外出します
こうして、俺は貴重な休日、アクセラの冷たい一言により家を追い出された。
こうして、俺は貴重な休日、アクセラの冷たい一言により家を追い出された。
秀隆
秀隆
別に、やることないんだよな……
別に、やることないんだよな……
特別な趣味を持ち合わせていない俺は、休日を持て余すことが間々ある。
特別な趣味を持ち合わせていない俺は、休日を持て余すことが間々ある。
そんな時は、大体睡眠を貪っているんだが。
そんな時は、大体睡眠を貪っているんだが。
秀隆
秀隆
無趣味だからな、オレ
無趣味だからな、オレ
ぽつーんとその場に佇む自分の姿は、実に間抜けに映ることだろう。
ぽつーんとその場に佇む自分の姿は、実に間抜けに映ることだろう。
秀隆
秀隆
ん？　あれは……
ん？　あれは……
視線の先に見えたのは、片桐だった。
視線の先に見えたのは、片桐だった。
真っ赤な髪は特徴があるから、すぐに分かった。
真っ赤な髪は特徴があるから、すぐに分かった。
いつもこの辺りをうろついているのだろうか。
いつもこの辺りをうろついているのだろうか。
秀隆
秀隆
うーむ、後姿だけ見れば、高得点なんだけどな
うーむ、後姿だけ見れば、高得点なんだけどな
如何せん、あの子の性格には少し付いていけない。
如何せん、あの子の性格には少し付いていけない。
流行を追う女の子と言うか、オシャレと言うか。
流行を追う女の子と言うか、オシャレと言うか。
歳相応くらいでいいと思うんだけどな。
歳相応くらいでいいと思うんだけどな。
もっとも、見知らぬ男なら、放っておかないだろう。
もっとも、見知らぬ男なら、放っておかないだろう。
そう思っている傍から、
そう思っている傍から、
これまた赤い髪をした男が片桐に近づいて行った。
これまた赤い髪をした男が片桐に近づいて行った。
にこやかな笑みで片桐に話しかける。
にこやかな笑みで片桐に話しかける。
知り合いだろうか。
知り合いだろうか。
それか彼氏なんだろうかと思い見ていると、
それか彼氏なんだろうかと思い見ていると、
どうにも初対面っぽい感じだった。
どうにも初対面っぽい感じだった。
俗に言うナンパ、だろう。
俗に言うナンパ、だろう。
秀隆
秀隆
一応、教え子だしな、助けてやるか
一応、教え子だしな、助けてやるか
いらぬお節介だとは思ったが、身体は既に歩き出していた。
いらぬお節介だとは思ったが、身体は既に歩き出していた。
秀隆
秀隆
ちょっとそこのお兄さん。その子、困ってるじゃないですか
ちょっとそこのお兄さん。その子、困ってるじゃないですか
愛佳
愛佳
あっ、先生っ
あっ、先生っ
秀隆
秀隆
大丈夫か？　片桐
大丈夫か？　片桐
愛佳
愛佳
え、大丈夫？　って？
え、大丈夫？　って？
秀隆
秀隆
悪いけどこの子、うちの生徒なんだ。ナンパはやめてくれ
悪いけどこの子、うちの生徒なんだ。ナンパはやめてくれ
？？？】※ユウキ
？？？】※ユウキ
あら、ちょっと強引だったかな。ごめんごめん
あら、ちょっと強引だったかな。ごめんごめん
振り向いた男がにっこりと笑う。
振り向いた男がにっこりと笑う。
？？？】※ユウキ
？？？】※ユウキ
可愛かったから、つい話しかけちゃった
可愛かったから、つい話しかけちゃった
愛佳
愛佳
先生、あたし可愛いってさ
先生、あたし可愛いってさ
秀隆
秀隆
はいはいよかったな
はいはいよかったな
愛佳
愛佳
と言うか、あたし別に困ってないけど？
と言うか、あたし別に困ってないけど？
秀隆
秀隆
へっ？
へっ？
愛佳
愛佳
むしろナンパ待ちって感じ？
むしろナンパ待ちって感じ？
秀隆
秀隆
……なんだ、そうだったのか
……なんだ、そうだったのか
愛佳
愛佳
でもタイプじゃないから、どうしようかなって思ってたところ
でもタイプじゃないから、どうしようかなって思ってたところ
？？？】※ユウキ
？？？】※ユウキ
うわっ！　ストレートに言われた！
うわっ！　ストレートに言われた！
愛佳
愛佳
ごめんね。それじゃ、あたし街の方に行くから
ごめんね。それじゃ、あたし街の方に行くから
何事もなかったかのように片桐は歩いていってしまった。
何事もなかったかのように片桐は歩いていってしまった。
後には、オレと男が残される。
後には、オレと男が残される。
秀隆
秀隆
すみません……
すみません……
どう考えても、オレが悪かった、ってことで頭を下げる。
どう考えても、オレが悪かった、ってことで頭を下げる。
？？？】※ユウキ
？？？】※ユウキ
あーはは、いいっていいって。どうせ振られてたし
あーはは、いいっていいって。どうせ振られてたし
見た目は悪くない。
見た目は悪くない。
爽やかな男の子、って感じだった。
爽やかな男の子、って感じだった。
？？？】※ユウキ
？？？】※ユウキ
んじゃ！
んじゃ！
秀隆
秀隆
あ、はい
あ、はい
オレはそのまま、赤い髪の男の人を見送った。
オレはそのまま、赤い髪の男の人を見送った。
秀隆
秀隆
学生……に見えなくもなかったな
学生……に見えなくもなかったな
秀隆
秀隆
なら……そう、掃除を手伝うってことならどうだ？
なら……そう、掃除を手伝うってことならどうだ？
アクセラ
アクセラ
秀隆様が掃除を？　……秀隆様が、掃除を手伝うということですか？
秀隆様が掃除を？　……秀隆様が、掃除を手伝うということですか？
秀隆
秀隆
なんで二回言ったんだよ
なんで二回言ったんだよ
アクセラ
アクセラ
とても信じられることではありませんでしたので……失礼しました
とても信じられることではありませんでしたので……失礼しました
秀隆
秀隆
本当に失礼されちゃったな。マジだマジ
本当に失礼されちゃったな。マジだマジ
出かける手間を考えたら、手伝ってささっと終わらせた方がいい。
出かける手間を考えたら、手伝ってささっと終わらせた方がいい。
アクセラ
アクセラ
本当にお手伝いくださるのですか？　妨害するわけではなく
本当にお手伝いくださるのですか？　妨害するわけではなく
秀隆
秀隆
なんでオレが掃除の邪魔をするんだよ
なんでオレが掃除の邪魔をするんだよ
アクセラ
アクセラ
もしかしたら秀隆様の心の選択肢には、そう言うのもあったのではないかと
もしかしたら秀隆様の心の選択肢には、そう言うのもあったのではないかと
秀隆
秀隆
あ、あるわけないだろそんなの
あ、あるわけないだろそんなの
アクセラ
アクセラ
そうですよね。あるはずありませんよね
そうですよね。あるはずありませんよね
秀隆
秀隆
当たり前だ……
当たり前だ……
アクセラ
アクセラ
なぜちょっと自信なさげなのでしょう？
なぜちょっと自信なさげなのでしょう？
秀隆
秀隆
気にしないでくれ。ほら、さっさと始めよう。なにすればいい？
気にしないでくれ。ほら、さっさと始めよう。なにすればいい？
アクセラ
アクセラ
では、こちらの掃除機を使って床を綺麗にしてください
では、こちらの掃除機を使って床を綺麗にしてください
秀隆
秀隆
わかった
わかった
オレは掃除機を受け取り
オレは掃除機を受け取り
やっぱり受け取らない
やっぱり受け取らない
破壊する
破壊する
アクセラに叩きつける
アクセラに叩きつける
秀隆
秀隆
いやいやいやいや、幾らなんでもどれもひど過ぎるだろ！
いやいやいやいや、幾らなんでもどれもひど過ぎるだろ！
アクセラ
アクセラ
え？
え？
秀隆
秀隆
な、何でもない
な、何でもない
オレは謎の欲求に逆らいながら、掃除機を受け取った。
オレは謎の欲求に逆らいながら、掃除機を受け取った。
秀隆
秀隆
ささっと終わらせるか
ささっと終わらせるか
アクセラ
アクセラ
はい
はい
オレは掃除機のスイッチを入れようとして……。
オレは掃除機のスイッチを入れようとして……。
秀隆
秀隆
で……どのボタンを押せばいいんだ？
で……どのボタンを押せばいいんだ？
アクセラ
アクセラ
あの、やはり妨害を狙われているのでしょうか？
あの、やはり妨害を狙われているのでしょうか？
ここ数年満足に掃除機すら握っていなかったオレは、
ここ数年満足に掃除機すら握っていなかったオレは、
戦力はおろか邪魔になるだけの存在だった。
戦力はおろか邪魔になるだけの存在だった。
秀隆
秀隆
おっと、いかん、うとうとしてしまってたか……
おっと、いかん、うとうとしてしまってたか……
掃除を手伝い、久々に身体をみっちり動かしたからか、そのまま眠ってしまってたようだ。
掃除を手伝い、久々に身体をみっちり動かしたからか、そのまま眠ってしまってたようだ。
秀隆
秀隆
ちょっと汗臭いかも……
ちょっと汗臭いかも……
折角掃除したのに、部屋を汗臭くしてしまってはたまらない。
折角掃除したのに、部屋を汗臭くしてしまってはたまらない。
オレは眠気を飛ばす意味も含め、軽くシャワーを浴びることにした。
オレは眠気を飛ばす意味も含め、軽くシャワーを浴びることにした。
リビングを抜け、脱衣所へ。
リビングを抜け、脱衣所へ。
いつものように、見慣れた……場所ではあったが、
いつものように、見慣れた……場所ではあったが、
見慣れない物が目の前にあった。
見慣れない物が目の前にあった。
アクセラ
アクセラ
秀隆様……お目覚めになられていたのですね
秀隆様……お目覚めになられていたのですね
秀隆
秀隆
……あ、あぁ
……あ、あぁ
上半身を裸にしたアクセラが、こちらをじっと見てとらえた。
上半身を裸にしたアクセラが、こちらをじっと見てとらえた。
アクセラ
アクセラ
先ほどは掃除を手伝っていただき、ありがとう御座いました
先ほどは掃除を手伝っていただき、ありがとう御座いました
秀隆
秀隆
……あ、あぁ
……あ、あぁ
アクセラ
アクセラ
秀隆様でも、たまにはお役に立つことがあるのですね
秀隆様でも、たまにはお役に立つことがあるのですね
秀隆
秀隆
……あ、あぁ
……あ、あぁ
アホみたいにあぁを繰り返していたのにはわけがある。
アホみたいにあぁを繰り返していたのにはわけがある。
作り物とは言え、その圧倒的な胸のボリュームに、思わず唾を飲み込んでいたのだ。
作り物とは言え、その圧倒的な胸のボリュームに、思わず唾を飲み込んでいたのだ。
男の悲しい性かな、胸から視線が離れない。
男の悲しい性かな、胸から視線が離れない。
あ、嘘つきました。
あ、嘘つきました。
顔見て、胸見て、下半身見て、太もも見て、
顔見て、胸見て、下半身見て、太もも見て、
それからまた胸見てます、ハイ。
それからまた胸見てます、ハイ。
つまり忙しなく男の本能のままです。
つまり忙しなく男の本能のままです。
アクセラ
アクセラ
では……
では……
アクセラは何事もないかのように、
アクセラは何事もないかのように、
身に着けた最後の下着に手をかけた。
身に着けた最後の下着に手をかけた。
秀隆
秀隆
待て待て！　何やってんだ、おいっ
待て待て！　何やってんだ、おいっ
さすがに少し慌てたオレは、アクセラの行動を制止する。
さすがに少し慌てたオレは、アクセラの行動を制止する。
アクセラ
アクセラ
これからシャワーを浴びさせていただこうと思っていたのですが
これからシャワーを浴びさせていただこうと思っていたのですが
アクセラ
アクセラ
何か不都合が御座いましたでしょうか？
何か不都合が御座いましたでしょうか？
秀隆
秀隆
せめてオレが出て行ってから脱いでくれ
せめてオレが出て行ってから脱いでくれ
アクセラ
アクセラ
……なるほど。失礼致しました
……なるほど。失礼致しました
と言うか、アクセラを怒るより、オレがさっと出て行けばいいんだったな。
と言うか、アクセラを怒るより、オレがさっと出て行けばいいんだったな。
秀隆
秀隆
ゆっくりしてってくれ
ゆっくりしてってくれ
オレは踵を返す。
オレは踵を返す。
そして、もう一度踵を返す。
そして、もう一度踵を返す。
秀隆
秀隆
…………
…………
アクセラ
アクセラ
…………
…………
いやぁ、やっぱり女性の身体ってのは、いいねぇ。
いやぁ、やっぱり女性の身体ってのは、いいねぇ。
アクセラ
アクセラ
…………
…………
アクセラはこちらをみたまま、ぴたりと動きを止めている。
アクセラはこちらをみたまま、ぴたりと動きを止めている。
秀隆
秀隆
恥ずかしくないか？
恥ずかしくないか？
アクセラ
アクセラ
恥ずかしい？　ですか。よくわかりませんが
恥ずかしい？　ですか。よくわかりませんが
秀隆
秀隆
……だよな
……だよな
恥ずかしければ、少しでも隠すそぶりを見せるはずだ。
恥ずかしければ、少しでも隠すそぶりを見せるはずだ。
そのたわわに実った果実は、惜しげもなくオレの眼前に晒されているままだ。
そのたわわに実った果実は、惜しげもなくオレの眼前に晒されているままだ。
もう、絶対見てるだけで分かる、触ったら柔らかいに違いない。
もう、絶対見てるだけで分かる、触ったら柔らかいに違いない。
ってそうじゃねえよ……。
ってそうじゃねえよ……。
アクセラは単純にオレが見ている間は
アクセラは単純にオレが見ている間は
脱ぐなと言うことだけを遂行しているんだろう。
脱ぐなと言うことだけを遂行しているんだろう。
小１時間突っ立っていても、微動だにせずオレの行動を見守り続けるだろう。
小１時間突っ立っていても、微動だにせずオレの行動を見守り続けるだろう。
秀隆
秀隆
いや悪かった。なんでもないんだ
いや悪かった。なんでもないんだ
オレは踵を返す。
オレは踵を返す。
そして、もう一度踵を
そして、もう一度踵を
アクセラ
アクセラ
返すんですか？
返すんですか？
秀隆
秀隆
返しません……
返しません……
いそいそと、脱衣所を退室した。
いそいそと、脱衣所を退室した。
秀隆
秀隆
かー……とんでもないもん、みちまった……
かー……とんでもないもん、みちまった……
いや、アクセラと生活を始めて５年以上になるが、こんなアクシデントは初めてだ。
いや、アクセラと生活を始めて５年以上になるが、こんなアクシデントは初めてだ。
せめてもの救いは、この場に秋がいなかったことだ。
せめてもの救いは、この場に秋がいなかったことだ。
もしこんなところを見られたら、ますます寒い視線を向けられていただろう。
もしこんなところを見られたら、ますます寒い視線を向けられていただろう。
秀隆
秀隆
アンドロイドなんかの裸体で、半勃ちになった自分が恥ずかしい…
アンドロイドなんかの裸体で、半勃ちになった自分が恥ずかしい…
汗臭いからだのまま、オレはベッドの上で悶え、反省することにした。
汗臭いからだのまま、オレはベッドの上で悶え、反省することにした。
秀隆
秀隆
いや、邪魔するとか、どんな嫌がらせだよ
いや、邪魔するとか、どんな嫌がらせだよ
秀隆
秀隆
……無理
……無理
秀隆
秀隆
アクセラ
アクセラ
アクセラ
アクセラ
はい
はい
秀隆
秀隆
とうっ！
とうっ！
オレはそこそこの力で、アクセラの右足にローキックをかました！
オレはそこそこの力で、アクセラの右足にローキックをかました！
秀隆
秀隆
いでええええええ！！！
いでええええええ！！！
アクセラ
アクセラ
……一体なにがしたいのですか？
……一体なにがしたいのですか？
アンドロイドのアクセラは、普通の女性よりも遥かに丈夫だ。
アンドロイドのアクセラは、普通の女性よりも遥かに丈夫だ。
蹴ったはずのオレが痛みに襲われてしまった。
蹴ったはずのオレが痛みに襲われてしまった。
秀隆
秀隆
邪魔をするってのは容易なことじゃない、わかったか？
邪魔をするってのは容易なことじゃない、わかったか？
涙目になりながら、オレはこれからどうするか考えた。
涙目になりながら、オレはこれからどうするか考えた。
秀隆
秀隆
邪魔はしません
邪魔はしません
秀隆
秀隆
邪魔しませんてば
邪魔しませんてば
秀隆
秀隆
だから邪魔しま
だから邪魔しま
アクセラ
アクセラ
掃除の邪魔なので、いい加減外に出かけてくれませんでしょうか？
掃除の邪魔なので、いい加減外に出かけてくれませんでしょうか？
秀隆
秀隆
……しゅん……
……しゅん……
何はともあれ、結果的に見事掃除の邪魔をしていたようだ。
何はともあれ、結果的に見事掃除の邪魔をしていたようだ。
夜、オレは秋の部屋を訪ねていた。
夜、オレは秋の部屋を訪ねていた。
秀隆
秀隆
また熱が出たんだって？
また熱が出たんだって？
秋
秋
はい……
はい……
秀隆
秀隆
最近遅くまで本を読んでるって聞いてるぞ。そのせいじゃないのか？
最近遅くまで本を読んでるって聞いてるぞ。そのせいじゃないのか？
秋
秋
そんなことは……今日の朝は、とても調子が良かったんです
そんなことは……今日の朝は、とても調子が良かったんです
秀隆
秀隆
そうか。まあ、いつ体調が悪くなるかなんて、わかんないもんな
そうか。まあ、いつ体調が悪くなるかなんて、わかんないもんな
秀隆
秀隆
ただ無理はするなよ
ただ無理はするなよ
秋
秋
……はい。ごめんなさい
……はい。ごめんなさい
秀隆
秀隆
別に謝る必要はないって。オレの体調が悪くなったわけじゃないんだ
別に謝る必要はないって。オレの体調が悪くなったわけじゃないんだ
秋
秋
そうですね……
そうですね……
秀隆
秀隆
それじゃあ、オレは部屋に戻る。何かあったらアクセラに言えよ
それじゃあ、オレは部屋に戻る。何かあったらアクセラに言えよ
秋
秋
分かっています
分かっています
軽く言葉を交わし、オレは居心地の悪さから逃げるように秋の部屋を出た。
軽く言葉を交わし、オレは居心地の悪さから逃げるように秋の部屋を出た。
秀隆
秀隆
ふう
ふう
兄妹で二人っきりってのは、何か気持ち悪いと言うか、落ち着かないんだよな。
兄妹で二人っきりってのは、何か気持ち悪いと言うか、落ち着かないんだよな。
アクセラ
アクセラ
どうかされましたか？
どうかされましたか？
秀隆
秀隆
いや、何でもない。秋を頼むぞ
いや、何でもない。秋を頼むぞ
アクセラ
アクセラ
もちろんです
もちろんです
こんなとき、アンドロイドの存在は本当にありがたいと思う。
こんなとき、アンドロイドの存在は本当にありがたいと思う。
必要とあれば、２４時間ずっと秋の看病をしてもらうことが出来る。
必要とあれば、２４時間ずっと秋の看病をしてもらうことが出来る。
アクセラが家に来てから、オレは一度も満足に秋の看病をした覚えがない。
アクセラが家に来てから、オレは一度も満足に秋の看病をした覚えがない。
それだけ、こいつに頼っている証拠だ。
それだけ、こいつに頼っている証拠だ。
秀隆
秀隆
オレはテストの採点があるから。後で夜食作ってくれ
オレはテストの採点があるから。後で夜食作ってくれ
アクセラ
アクセラ
畏まりました
畏まりました
オレは部屋に戻って、月曜日のためにちょっとだけ仕事をすることにした。
オレは部屋に戻って、月曜日のためにちょっとだけ仕事をすることにした。
