オレはまだ、どこか分からない場所に居た。
オレはまだ、どこか分からない場所に居た。
……ここはどこなんだろう。
……ここはどこなんだろう。
どうして、オレはこんなところに居るんだろう……。
どうして、オレはこんなところに居るんだろう……。
アクセラ
アクセラ
秀隆様……
秀隆様……
声がする。
声がする。
アクセラ
アクセラ
秀隆様……
秀隆様……
また、確かに声が聞こえた。
また、確かに声が聞こえた。
回想枠
回想枠
秀隆
秀隆
ここは……
ここは……
アクセラ
アクセラ
おはようございます。秀隆様
おはようございます。秀隆様
秀隆
秀隆
ああ、おはよう……
ああ、おはよう……
アクセラ
アクセラ
何やらうなされていましたが、悪い夢でも見ていたのですか？
何やらうなされていましたが、悪い夢でも見ていたのですか？
秀隆
秀隆
どうかな……
どうかな……
秀隆
秀隆
おまえ、なんでここにいるんだ？
おまえ、なんでここにいるんだ？
アクセラ
アクセラ
ずっと秀隆様の寝顔を見ておりました
ずっと秀隆様の寝顔を見ておりました
秀隆
秀隆
……なんだそれ
……なんだそれ
秀隆
秀隆
ふわ……あれ、なんでだ……また、眠くなってきた
ふわ……あれ、なんでだ……また、眠くなってきた
アクセラ
アクセラ
お休みになられますか？
お休みになられますか？
秀隆
秀隆
そうする……
そうする……
オレは睡魔に逆らえず、ベッドで横になった。
オレは睡魔に逆らえず、ベッドで横になった。
秀隆
秀隆
…………
…………
アクセラ
アクセラ
手を、握ってもよろしいでしょうか？
手を、握ってもよろしいでしょうか？
秀隆
秀隆
なんだよ急に……
なんだよ急に……
アクセラ
アクセラ
何故だか無性に、手を握りたくなったんです
何故だか無性に、手を握りたくなったんです
秀隆
秀隆
……好きにしろ
……好きにしろ
アクセラ
アクセラ
ありがとうございます
ありがとうございます
アクセラが、オレの手を握る。
アクセラが、オレの手を握る。
秀隆
秀隆
また悪夢を見たら……起こしてくれるか？
また悪夢を見たら……起こしてくれるか？
アクセラ
アクセラ
はい。私がしっかり手を握っておりますので、何も怖くありません
はい。私がしっかり手を握っておりますので、何も怖くありません
秀隆
秀隆
そっか……
そっか……
秀隆
秀隆
だったら、オレは安心して眠れそうだ……
だったら、オレは安心して眠れそうだ……
……………。
……………。
……。
……。
