キズナ
キズナ
おはようございますっ
おはようございますっ
愛佳
愛佳
あたし、あれから一日考えたの。先生の言ったこと。
あたし、あれから一日考えたの。先生の言ったこと。
そしたら、やっぱりどうしても信じられなかった
そしたら、やっぱりどうしても信じられなかった
愛佳
愛佳
あたしたちのために、街のために、
あたしたちのために、街のために、
いつも全力で頑張ってる先生が、秋ちゃんに暴力を振るうなんて、
いつも全力で頑張ってる先生が、秋ちゃんに暴力を振るうなんて、
とても信じられなくて。お兄ちゃんも同じ気持ち
とても信じられなくて。お兄ちゃんも同じ気持ち
裕輔
裕輔
ああ。どうしても納得がいかない
ああ。どうしても納得がいかない
裕輔
裕輔
あいつはそんな残酷なことをするような男じゃない
あいつはそんな残酷なことをするような男じゃない
キズナ
キズナ
それは一緒に暮らしている私も同じです
それは一緒に暮らしている私も同じです
愛佳
愛佳
うん。だから、キズナにお願いがあるの
うん。だから、キズナにお願いがあるの
愛佳
愛佳
なんとかして、二人の過去を調べられないかな？
なんとかして、二人の過去を調べられないかな？
あたしたちの知らない過去に、何があったのか知りたいの
あたしたちの知らない過去に、何があったのか知りたいの
キズナ
キズナ
それは簡単にはいかないと思います。
それは簡単にはいかないと思います。
私も何度か聞きだそうとしましたが、駄目でした
私も何度か聞きだそうとしましたが、駄目でした
キズナ
キズナ
それに
それに
裕輔
裕輔
それに？
それに？
キズナ
キズナ
ひーくんの話したことが、全て事実の可能性もあります
ひーくんの話したことが、全て事実の可能性もあります
愛佳
愛佳
そ、それは、でもあたしは信じられ
そ、それは、でもあたしは信じられ
キズナ
キズナ
お気持ちは分かります。
お気持ちは分かります。
だけど、その可能性もあると思っていないなら、
だけど、その可能性もあると思っていないなら、
私は真実を追究することをお勧めはしません
私は真実を追究することをお勧めはしません
愛佳
愛佳
…………
…………
裕輔
裕輔
キズナの言う通りだ。その覚悟を持っておくべきだろう
キズナの言う通りだ。その覚悟を持っておくべきだろう
愛佳
愛佳
お兄ちゃん……
お兄ちゃん……
裕輔
裕輔
大切なのは真実がどうあるかじゃない。
大切なのは真実がどうあるかじゃない。
俺は秀隆にどんな過去があったにせよ、あいつが友であることに変わりは無い
俺は秀隆にどんな過去があったにせよ、あいつが友であることに変わりは無い
愛佳
愛佳
うん、そうだね……センセは、センセだよね
うん、そうだね……センセは、センセだよね
イカイカは自分を納得させるように、２度、３度と頷いた。
イカイカは自分を納得させるように、２度、３度と頷いた。
愛佳
愛佳
知りたい。センセの過去
知りたい。センセの過去
裕輔
裕輔
力を貸してくれ。俺たちだけでは、過去に辿りつくことが出来ない
力を貸してくれ。俺たちだけでは、過去に辿りつくことが出来ない
キズナ
キズナ
どうやら覚悟はあるようですね
どうやら覚悟はあるようですね
キズナ
キズナ
じゃあ、調べちゃいましょう
じゃあ、調べちゃいましょう
キズナは笑い、一度ピョンと飛び跳ねた。
キズナは笑い、一度ピョンと飛び跳ねた。
裕輔
裕輔
問題は、どこからその過去にたどり着くかだ。
問題は、どこからその過去にたどり着くかだ。
当然秀隆に聞いたところで、真実は見えてこないだろう
当然秀隆に聞いたところで、真実は見えてこないだろう
キズナ
キズナ
あっきーも、絶対に口を開かないと思います
あっきーも、絶対に口を開かないと思います
愛佳
愛佳
あ、センセのところのアンドロイドに聞くってのはどう？
あ、センセのところのアンドロイドに聞くってのはどう？
キズナ
キズナ
アクセラさんなら、多分沢山知ってると思いますよ
アクセラさんなら、多分沢山知ってると思いますよ
裕輔
裕輔
なら決まりだ
なら決まりだ
キズナ
キズナ
ですが、それも簡単にはいかないと思います
ですが、それも簡単にはいかないと思います
キズナ
キズナ
アクセラさんは島津家のアンドロイドです。
アクセラさんは島津家のアンドロイドです。
主人の命令には絶対逆らわないので、お答えしてくれないと思います
主人の命令には絶対逆らわないので、お答えしてくれないと思います
裕輔
裕輔
事情を説明することを止められている、と言うことか
事情を説明することを止められている、と言うことか
キズナ
キズナ
はい
はい
愛佳
愛佳
じゃあ、どうしたらいいんだろう……
じゃあ、どうしたらいいんだろう……
あたし改めて考えてみたら、先生のこと何も知らないんだね……
あたし改めて考えてみたら、先生のこと何も知らないんだね……
裕輔
裕輔
それは俺も同じだ。あいつは、深く自分の過去を語らない
それは俺も同じだ。あいつは、深く自分の過去を語らない
裕輔
裕輔
重たい過去を、自分の中で閉じ込めてしまっている
重たい過去を、自分の中で閉じ込めてしまっている
キズナ
キズナ
三人寄らば文殊の知恵と言います。ひとまず召集をかけてみましょう
三人寄らば文殊の知恵と言います。ひとまず召集をかけてみましょう
愛佳
愛佳
召集？
召集？
キズナ
キズナ
リンリンときぼうちゃんです。何か知っているかも知れません
リンリンときぼうちゃんです。何か知っているかも知れません
凛
凛
そっか、なるほどね
そっか、なるほどね
事情を説明し終えると、リンリンは腕を組みました。
事情を説明し終えると、リンリンは腕を組みました。
凛
凛
そりゃあたしもあの場に居た人間として、気にはなってるけど
そりゃあたしもあの場に居た人間として、気にはなってるけど
希望
希望
でもそんな勝手なことをして、秀隆くんが怒らない？
でもそんな勝手なことをして、秀隆くんが怒らない？
キズナ
キズナ
まず間違いなく怒ると思います
まず間違いなく怒ると思います
希望
希望
だよね？　それでも調べるつもりなの？
だよね？　それでも調べるつもりなの？
裕輔
裕輔
このままこの問題を放置すれば、
このままこの問題を放置すれば、
いずれ、秀隆やその周りの人間には固執が生まれていくかも知れない
いずれ、秀隆やその周りの人間には固執が生まれていくかも知れない
凛
凛
それ、ちょっと大げさなんじゃない？
それ、ちょっと大げさなんじゃない？
裕輔
裕輔
昨日の秀隆を見て、本当にそう思っているのか？
昨日の秀隆を見て、本当にそう思っているのか？
凛
凛
それは……
それは……
裕輔
裕輔
あいつはむやみやたらに怒ったりするタイプの男じゃない。
あいつはむやみやたらに怒ったりするタイプの男じゃない。
にも関わらず、昨日のあいつはそれを抑えようとはしなかった
にも関わらず、昨日のあいつはそれを抑えようとはしなかった
裕輔
裕輔
それだけ過去に対する比重が強いと言うことだ
それだけ過去に対する比重が強いと言うことだ
凛
凛
だったら、だったら尚更じゃない。
だったら、だったら尚更じゃない。
あたしたちが余計なことしなければ、いつもの秀隆に戻るってことよ
あたしたちが余計なことしなければ、いつもの秀隆に戻るってことよ
凛
凛
あたしはあんな秀隆を二度と見たくない。
あたしはあんな秀隆を二度と見たくない。
秀隆が変わってしまうくらいなら、過去なんて知りたくない
秀隆が変わってしまうくらいなら、過去なんて知りたくない
希望
希望
凛ちゃん……
凛ちゃん……
キズナ
キズナ
それも一つの考え方だとは思います。ただ、もう遅いかもしれませんね
それも一つの考え方だとは思います。ただ、もう遅いかもしれませんね
凛
凛
どういう、こと？
どういう、こと？
キズナ
キズナ
どこまで本当かは不明ですが、
どこまで本当かは不明ですが、
ひーくんが閉ざしていた過去を語ったのは真実です
ひーくんが閉ざしていた過去を語ったのは真実です
キズナ
キズナ
その真実が変わらない以上、
その真実が変わらない以上、
今までのように接していくことは難しいと思います
今までのように接していくことは難しいと思います
裕輔
裕輔
秀隆も、今までのように接して来ない可能性がある、か
秀隆も、今までのように接して来ない可能性がある、か
キズナ
キズナ
過去を守るためなら、そうすることも考えられます
過去を守るためなら、そうすることも考えられます
希望
希望
そんなのは嫌だよ。絶対に
そんなのは嫌だよ。絶対に
愛佳
愛佳
このまま、秋ちゃんとの関係を
このまま、秋ちゃんとの関係を
最悪なままにしておくの、友達として出来ないの
最悪なままにしておくの、友達として出来ないの
凛
凛
そうね。それはあたしも思う。
そうね。それはあたしも思う。
まさかあそこまで劣悪だと思ってなかったけどさ
まさかあそこまで劣悪だと思ってなかったけどさ
希望
希望
秀隆くんの過去を知ってる人って、誰がいるのかなぁ
秀隆くんの過去を知ってる人って、誰がいるのかなぁ
凛
凛
そういえば……特務官の女性に、秀隆の知り合いがいたっけ
そういえば……特務官の女性に、秀隆の知り合いがいたっけ
希望
希望
あ、なるほどっ
あ、なるほどっ
二人に思い当たることがあったみたいです。
二人に思い当たることがあったみたいです。
愛佳
愛佳
だれだれ？
だれだれ？
希望
希望
確か佐々野さんって言う、凄い美人の特務官がいるの
確か佐々野さんって言う、凄い美人の特務官がいるの
愛佳
愛佳
美人の特務官……もしかして、巨乳？
美人の特務官……もしかして、巨乳？
凛
凛
あたしと同じくらいはあるわね
あたしと同じくらいはあるわね
愛佳
愛佳
あ……
あ……
キズナ
キズナ
どうしましたかっ？？
どうしましたかっ？？
愛佳
愛佳
美人で特務官で巨乳……覚えがあるかも
美人で特務官で巨乳……覚えがあるかも
愛佳
愛佳
確かに凄い美人だったなぁ……はぁ、強力なライバル……
確かに凄い美人だったなぁ……はぁ、強力なライバル……
凛
凛
大丈夫大丈夫。秀隆が相手にされるようなレベルじゃないって
大丈夫大丈夫。秀隆が相手にされるようなレベルじゃないって
希望
希望
そうだねっ
そうだねっ
愛佳
愛佳
それ、センセのことバカにしてる？
それ、センセのことバカにしてる？
愛佳
愛佳
突然押しかけて、ごめんなさい
突然押しかけて、ごめんなさい
まどか
まどか
え、っと……？　あなた確か、片桐食料プラントの……
え、っと……？　あなた確か、片桐食料プラントの……
愛佳
愛佳
片桐愛佳といいます
片桐愛佳といいます
まどか
まどか
今日はどうしたの？　大勢お友達も一緒みたいだけど
今日はどうしたの？　大勢お友達も一緒みたいだけど
愛佳
愛佳
少しお時間いただけますか。センセ、島津秀隆さんのことで
少しお時間いただけますか。センセ、島津秀隆さんのことで
お聞きしたいことがあります
お聞きしたいことがあります
まどか
まどか
島津くんのことで？
島津くんのことで？
愛佳
愛佳
お邪魔します……
お邪魔します……
キズナ
キズナ
失礼しますっ
失礼しますっ
まどか
まどか
どうぞ。好きな席に座ってくれる？
どうぞ。好きな席に座ってくれる？
凛
凛
いいんですか？　お邪魔しちゃって
いいんですか？　お邪魔しちゃって
まどか
まどか
定時は過ぎたし。少しくらいなら大丈夫よ
定時は過ぎたし。少しくらいなら大丈夫よ
まどか
まどか
それに、何か真剣な話みたいだし
それに、何か真剣な話みたいだし
キズナ
キズナ
実は、ひーくんのことで、教えてもらいたいことがあるんです
実は、ひーくんのことで、教えてもらいたいことがあるんです
まどか
まどか
私に分かることでよかったら
私に分かることでよかったら
まどか
まどか
だけどその前に教えてくれる？　どうしてそんなことを聞くの？
だけどその前に教えてくれる？　どうしてそんなことを聞くの？
まどか
まどか
もしかして、島津くんが刺されたことと何か関係があるとか？
もしかして、島津くんが刺されたことと何か関係があるとか？
キズナ
キズナ
無関係ではないです。それが引き金ではありましたので
無関係ではないです。それが引き金ではありましたので
愛佳
愛佳
先生のことって、いつから知ってますか？
先生のことって、いつから知ってますか？
まどか
まどか
いつから？　そうね……もう、８年になるかな……
いつから？　そうね……もう、８年になるかな……
凛
凛
８年、ってことは……
８年、ってことは……
まどか
まどか
彼とは同級生なの
彼とは同級生なの
全員が驚きの表情を見せた後、期待の目へと変わる。
全員が驚きの表情を見せた後、期待の目へと変わる。
凛
凛
じゃあ、秀隆の過去のこと、事件のことって知ってますか
じゃあ、秀隆の過去のこと、事件のことって知ってますか
まどか
まどか
事件……どうしてそのことを？
事件……どうしてそのことを？
凛
凛
あたしたち、先日秀隆のお見舞いに言ったとき、
あたしたち、先日秀隆のお見舞いに言ったとき、
秋ちゃんがお見舞いに来ないのはおかしいって話になったんです
秋ちゃんがお見舞いに来ないのはおかしいって話になったんです
まどか
まどか
…………
…………
凛
凛
そこで、秀隆が言ったんです。
そこで、秀隆が言ったんです。
オレは昔、秋を傷つけて不仲になってしまったって
オレは昔、秋を傷つけて不仲になってしまったって
まどか
まどか
……そう
……そう
まどか
まどか
あなたたちに、話したのね
あなたたちに、話したのね
愛佳
愛佳
センセが秋ちゃんに暴力を振るったって言うのは、本当なんですか？
センセが秋ちゃんに暴力を振るったって言うのは、本当なんですか？
まどか
まどか
それは
それは
愛佳
愛佳
あたしにはどうしても信じられないんです。
あたしにはどうしても信じられないんです。
先生はいつも面白くて、優しくて、頼りになって……
先生はいつも面白くて、優しくて、頼りになって……
愛佳
愛佳
そんな先生が秋ちゃんを傷つけるとは、思えないんです
そんな先生が秋ちゃんを傷つけるとは、思えないんです
まどか
まどか
…………
…………
まどかは重い表情へと変わっていく。
まどかは重い表情へと変わっていく。
まどか
まどか
島津くんの、お姉さんのことは聞いた？
島津くんの、お姉さんのことは聞いた？
希望
希望
火事で亡くなったって
火事で亡くなったって
キズナ
キズナ
はい。耳にしました
はい。耳にしました
まどか
まどか
彼にとって、お姉さんは誰よりも大切だった。
彼にとって、お姉さんは誰よりも大切だった。
そのお姉さんが死んでしまったとき、彼は壊れてしまったの
そのお姉さんが死んでしまったとき、彼は壊れてしまったの
裕輔
裕輔
暴力は……あったのか
暴力は……あったのか
まどか
まどか
ええ
ええ
愛佳
愛佳
っ！？
っ！？
まどか
まどか
こんなこと、本当は聞かせるような話じゃない。
こんなこと、本当は聞かせるような話じゃない。
多分島津くんだって望んでいないことだと思う
多分島津くんだって望んでいないことだと思う
まどか
まどか
でも、だからこそ、私が知ってることを教えてあげる
でも、だからこそ、私が知ってることを教えてあげる
まどか
まどか
そうする必要が、あると思うから
そうする必要が、あると思うから
キズナ
キズナ
それは、どうしてですか？
それは、どうしてですか？
まどか
まどか
これ以上あなたたちが、深入りして傷ついてしまわないように
これ以上あなたたちが、深入りして傷ついてしまわないように
まどか
まどか
私は島津くんのフォローをすることは出来ないわよ？
私は島津くんのフォローをすることは出来ないわよ？
まどか
まどか
きっと皆は、それを望んでいるんだと思うけど……
きっと皆は、それを望んでいるんだと思うけど……
凛
凛
…………
…………
希望
希望
秀隆くんが、一方的に悪い、ってことですか？
秀隆くんが、一方的に悪い、ってことですか？
まどか
まどか
……そうね……
……そうね……
まどか
まどか
お姉さんが死んだ直後は、島津くんは怖いくらい静かだった
お姉さんが死んだ直後は、島津くんは怖いくらい静かだった
まどか
まどか
魂が抜け落ちたみたいに無口になって……
魂が抜け落ちたみたいに無口になって……
まどか
まどか
だけど、葬儀が終わって１週間くらいして、
だけど、葬儀が終わって１週間くらいして、
突然島津くんは人が変わったように気性が荒くなった
突然島津くんは人が変わったように気性が荒くなった
まどか
まどか
態度も言葉遣いも、荒々しいものに変わっていった。
態度も言葉遣いも、荒々しいものに変わっていった。
溜め込んでいた悲しみや怒りを全て、爆発させるように
溜め込んでいた悲しみや怒りを全て、爆発させるように
裕輔
裕輔
そのはけ口となったのが、妹だったのか
そのはけ口となったのが、妹だったのか
まどか
まどか
彼は事故の原因は秋ちゃんだと思うようになった
彼は事故の原因は秋ちゃんだと思うようになった
凛
凛
確かに秋ちゃんはキッカケだったかも知れない。
確かに秋ちゃんはキッカケだったかも知れない。
でも、それは責められるべきことじゃないと私は思います
でも、それは責められるべきことじゃないと私は思います
キズナ
キズナ
ひーくんは頭のいい人です。
ひーくんは頭のいい人です。
普通、あっきーが悪くないってことは、分かりそうなものです
普通、あっきーが悪くないってことは、分かりそうなものです
キズナ
キズナ
大切なお姉さんが亡くなった、としてもです
大切なお姉さんが亡くなった、としてもです
まどか
まどか
そうね。普通ならそう。だけど
そうね。普通ならそう。だけど
まどか
まどか
秋ちゃん自身が、自分自身を強く責めたの
秋ちゃん自身が、自分自身を強く責めたの
まどか
まどか
何度も何度も、島津くんの前で後悔を口にした。
何度も何度も、島津くんの前で後悔を口にした。
私が余計なことをしなければ、お姉さんは死なずにすんだって
私が余計なことをしなければ、お姉さんは死なずにすんだって
まどか
まどか
お父さんが死んだ悲しみもあったでしょうに、
お父さんが死んだ悲しみもあったでしょうに、
それを堪えて、秋ちゃんは島津くんに頭を下げ続けた
それを堪えて、秋ちゃんは島津くんに頭を下げ続けた
まどか
まどか
秋ちゃんは自分を追い込んでいって……
秋ちゃんは自分を追い込んでいって……
そして、ついに―――自ら命を絶とうとした
そして、ついに―――自ら命を絶とうとした
希望
希望
あ、秋ちゃんが、自殺しようとしたってこと……？
あ、秋ちゃんが、自殺しようとしたってこと……？
まどか
まどか
私は、ちょうどその現場に居合わせたの。
私は、ちょうどその現場に居合わせたの。
玄関をあけると、血だらけで倒れている秋ちゃんの姿を見つけた
玄関をあけると、血だらけで倒れている秋ちゃんの姿を見つけた
まどか
まどか
今でも覚えてる。そのときの島津君の顔を
今でも覚えてる。そのときの島津君の顔を
まどか
まどか
大切な妹が死に掛けているのに、
大切な妹が死に掛けているのに、
冷たい冷たい目をして、見下ろしていたことを……
冷たい冷たい目をして、見下ろしていたことを……
まどか
まどか
多分、島津くんの中で、自分の姉を死なせたのは、
多分、島津くんの中で、自分の姉を死なせたのは、
秋ちゃんのせいだと思い込むようになってたんだと思う
秋ちゃんのせいだと思い込むようになってたんだと思う
まどか
まどか
秋ちゃんが謝り続けたことや、
秋ちゃんが謝り続けたことや、
自分の命で責任を取ろうとしたことが原因じゃないかしら
自分の命で責任を取ろうとしたことが原因じゃないかしら
まどか
まどか
お姉さんが死んだのは、秋ちゃんのせいなんじゃないか、って
お姉さんが死んだのは、秋ちゃんのせいなんじゃないか、って
愛佳
愛佳
そんな……そんなことって……
そんな……そんなことって……
まどか
まどか
けしておかしな話じゃないと思う。
けしておかしな話じゃないと思う。
それだけ悲惨な状況だったから、記憶が曖昧になることだって
それだけ悲惨な状況だったから、記憶が曖昧になることだって
あるわ
あるわ
まどか
まどか
その時秋ちゃんは一命を取り留めたけど、
その時秋ちゃんは一命を取り留めたけど、
そこから島津くんの、暴力を振るう日々が始まった
そこから島津くんの、暴力を振るう日々が始まった
キズナ
キズナ
本当に暴力はあったんですか？
本当に暴力はあったんですか？
まどか
まどか
信じられない？
信じられない？
キズナ
キズナ
はい。ひーくんはそんなことをする人じゃありません
はい。ひーくんはそんなことをする人じゃありません
希望
希望
私もそう思います
私もそう思います
まどか
まどか
でも、暴力を振るっていたことだけは本当よ
でも、暴力を振るっていたことだけは本当よ
まどか
まどか
私は誰よりも、あの兄妹の傍にいたから……
私は誰よりも、あの兄妹の傍にいたから……
まどか
まどか
実際、秋ちゃんに暴力を振るってるところだって、見たことがあるの
実際、秋ちゃんに暴力を振るってるところだって、見たことがあるの
まどか
まどか
私は何とか二人の間を取り持とうとしたけどダメだった。
私は何とか二人の間を取り持とうとしたけどダメだった。
島津くんは話を聞いてくれないし、秋ちゃんもふさぎ込んでしまって……
島津くんは話を聞いてくれないし、秋ちゃんもふさぎ込んでしまって……
まどか
まどか
私が知ってるのはここまで。
私が知ってるのはここまで。
それ以降どれだけ暴力が続いたのか、どれだけひどいことをしたのかは知らない
それ以降どれだけ暴力が続いたのか、どれだけひどいことをしたのかは知らない
凛
凛
どうして、どうして佐々野さんはそんなに詳しいんですか？
どうして、どうして佐々野さんはそんなに詳しいんですか？
凛
凛
普通の同級生だったら、知らないような話じゃないですか
普通の同級生だったら、知らないような話じゃないですか
まどか
まどか
それは……
それは……
まどか
まどか
……それは、私が学生のとき、島津くんと付き合っていたから
……それは、私が学生のとき、島津くんと付き合っていたから
愛佳
愛佳
せ、先生と？
せ、先生と？
凛
凛
……っ
……っ
まどか
まどか
結局その事件がキッカケで、関係は終わってしまったんだけどね
結局その事件がキッカケで、関係は終わってしまったんだけどね
希望
希望
そんな……
そんな……
まどか
まどか
私もお節介だったと思う。家庭の事情に口を出してたから
私もお節介だったと思う。家庭の事情に口を出してたから
まどか
まどか
でも、別れてからは、一度も会うことはなかった
でも、別れてからは、一度も会うことはなかった
まどか
まどか
一応、噂だけは何度も聞いたわ。
一応、噂だけは何度も聞いたわ。
精神を病んだ彼が、精神科に通いだしたことや、臨時教師になったこと
精神を病んだ彼が、精神科に通いだしたことや、臨時教師になったこと
まどか
まどか
体面上は秋ちゃんと仲直りしたこと
体面上は秋ちゃんと仲直りしたこと
まどか
まどか
今の二人の関係がどうなのかは、詳しくはわからないけれど
今の二人の関係がどうなのかは、詳しくはわからないけれど
まどか
まどか
彼が特務官になって目の前に現れた時は、本当に驚いた
彼が特務官になって目の前に現れた時は、本当に驚いた
裕輔
裕輔
偶然の再会に？
偶然の再会に？
まどか
まどか
いいえ。彼が……まるで別人だったことに
いいえ。彼が……まるで別人だったことに
希望
希望
別人……？
別人……？
まどか
まどか
もちろん言葉の比喩だけどね。
もちろん言葉の比喩だけどね。
まるで元の人格が壊れてなくなってしまったようだった
まるで元の人格が壊れてなくなってしまったようだった
まどか
まどか
今あなたたちの知る島津くんと、
今あなたたちの知る島津くんと、
私が過去知ってる島津くんとでは、全然違うもの
私が過去知ってる島津くんとでは、全然違うもの
まどか
まどか
下ネタだって言わないし、冗談だって口にはしない。
下ネタだって言わないし、冗談だって口にはしない。
誰からも頼られる、スーパーマンみたいな人だったから
誰からも頼られる、スーパーマンみたいな人だったから
キズナ
キズナ
今のひーくんからは、ちょっと想像できないです
今のひーくんからは、ちょっと想像できないです
まどか
まどか
ええ。そうね
ええ。そうね
まどか
まどか
色々なことがありすぎて、心が壊れちゃったのよ
色々なことがありすぎて、心が壊れちゃったのよ
まどか
まどか
……それを、私には救うことが出来なかった
……それを、私には救うことが出来なかった
裕輔
裕輔
そうか……
そうか……
まどか
まどか
これが、あなたたちの知りたがっていた、島津くんの過去
これが、あなたたちの知りたがっていた、島津くんの過去
まどか
まどか
私が知っている、彼の全て
私が知っている、彼の全て
まどか
まどか
あなたたちは、どうするつもりなの？
あなたたちは、どうするつもりなの？
キズナ
キズナ
今はわかりません。ただ、真実が知りたいと思っています
今はわかりません。ただ、真実が知りたいと思っています
まどか
まどか
これ以上は、辛いだけになるかも知れない。それでも？
これ以上は、辛いだけになるかも知れない。それでも？
キズナ
キズナ
全員その覚悟は出来ています
全員その覚悟は出来ています
ほぼ全員が、一斉に頷いた。
ほぼ全員が、一斉に頷いた。
まどか
まどか
そう……その覚悟は出来てる、か……
そう……その覚悟は出来てる、か……
キズナ
キズナ
まだまだ、ひーくんとあっきーのことでは分からないことだらけですね
まだまだ、ひーくんとあっきーのことでは分からないことだらけですね
まどか
まどか
……だったら、杉村先生を訪ねてみたらどうかしら
……だったら、杉村先生を訪ねてみたらどうかしら
裕輔
裕輔
杉村と言うと、精神科医の先生か
杉村と言うと、精神科医の先生か
まどか
まどか
ええ。彼女は、誰よりも身近で島津くんを見てきた一人よ
ええ。彼女は、誰よりも身近で島津くんを見てきた一人よ
まどか
まどか
この５年間のことなら、一番知ってると思う
この５年間のことなら、一番知ってると思う
凛
凛
……なんか、重いわね。すごく
……なんか、重いわね。すごく
愛佳
愛佳
うん……覚悟はしてきたつもりだったけど、心が痛いよ
うん……覚悟はしてきたつもりだったけど、心が痛いよ
裕輔
裕輔
それでも、俺たちは知るべきだろう
それでも、俺たちは知るべきだろう
裕輔
裕輔
これからも、あいつの友でいるために
これからも、あいつの友でいるために
杉村
杉村
あらあら、これはまた、沢山のお客さんね
あらあら、これはまた、沢山のお客さんね
裕輔
裕輔
急に押しかけてすまない
急に押しかけてすまない
杉村
杉村
いいのよ。島津くんのことで、気になることがあるのよね？
いいのよ。島津くんのことで、気になることがあるのよね？
キズナ
キズナ
はい。教えていただきたいことがあります
はい。教えていただきたいことがあります
杉村
杉村
まずはその前に……全員の自己紹介をお願いしたいな
まずはその前に……全員の自己紹介をお願いしたいな
愛佳
愛佳
えっと、片桐愛佳といいます
えっと、片桐愛佳といいます
裕輔
裕輔
兄の、片桐裕輔だ
兄の、片桐裕輔だ
希望
希望
私は大河内希望といいます
私は大河内希望といいます
キズナ
キズナ
私はキズナです
私はキズナです
ユウキ
ユウキ
俺はユウキ。よろしくっ！
俺はユウキ。よろしくっ！
凛
凛
…………
…………
杉村
杉村
そう。島津くんが話したのね。事情は大体理解しました
そう。島津くんが話したのね。事情は大体理解しました
キズナ
キズナ
教えてください。知っているひーくんのことを
教えてください。知っているひーくんのことを
杉村
杉村
あなたたちの気持ちは良くわかりました。
あなたたちの気持ちは良くわかりました。
けれど、私は医者です。患者のプライバシーを守る義務がある
けれど、私は医者です。患者のプライバシーを守る義務がある
杉村
杉村
だから、彼のことについて、話すことは出来ません
だから、彼のことについて、話すことは出来ません
希望
希望
そんな……
そんな……
杉村
杉村
……そう。私には、医者として嘘はつけない
……そう。私には、医者として嘘はつけない
杉村はそういい、自らの胸に着けているネームプレートを外した。
杉村はそういい、自らの胸に着けているネームプレートを外した。
杉村
杉村
だから今からは、一人の人間として、島津くんのことを教えます
だから今からは、一人の人間として、島津くんのことを教えます
裕輔
裕輔
どういうつもりだ
どういうつもりだ
杉村
杉村
今から話すことは、医者としては絶対にしてはいけないこと。
今から話すことは、医者としては絶対にしてはいけないこと。
なら、島津くんのことを教える以上、医者を続けるわけにはいきません
なら、島津くんのことを教える以上、医者を続けるわけにはいきません
凛
凛
ちょ、ちょっと待って
ちょ、ちょっと待って
杉村
杉村
私はね、島津くんの専属医として、彼を助けたいと思ってきました
私はね、島津くんの専属医として、彼を助けたいと思ってきました
杉村
杉村
だけど、結局私は、完全に島津くんを救うことが出来なかった
だけど、結局私は、完全に島津くんを救うことが出来なかった
杉村
杉村
あなたたちに、私の想いを託したい
あなたたちに、私の想いを託したい
裕輔
裕輔
だが、あんたが医者をやめれば、秀隆は心を痛める
だが、あんたが医者をやめれば、秀隆は心を痛める
杉村
杉村
大丈夫よ。私は元々、もうすぐやめる予定だったの
大丈夫よ。私は元々、もうすぐやめる予定だったの
キズナ
キズナ
そうなんですか？
そうなんですか？
杉村
杉村
今度結婚が決まって、晴れて専業主婦が決まっていたの。
今度結婚が決まって、晴れて専業主婦が決まっていたの。
もっとも、辞めるからと言って、個人のプライバシーを話していいわけにはならないけれど
もっとも、辞めるからと言って、個人のプライバシーを話していいわけにはならないけれど
杉村
杉村
一応優良な医師としてやってきた私の、たった一つの謀反かな
一応優良な医師としてやってきた私の、たった一つの謀反かな
そういうと、杉村は立ち上がり電話を手に取った。
そういうと、杉村は立ち上がり電話を手に取った。
杉村
杉村
島津くんのことを語る上で、あと一人。
島津くんのことを語る上で、あと一人。
欠かせない人を呼びます。それで全ての答えが見えると思うわ
欠かせない人を呼びます。それで全ての答えが見えると思うわ
杉村
杉村
じゃあ、あの人が来るまでの間、
じゃあ、あの人が来るまでの間、
まずは、あなたたちの知っていることを教えて
まずは、あなたたちの知っていることを教えて
キズナ
キズナ
わかりましたっ
わかりましたっ
…………。
…………。
……。
……。
裕輔
裕輔
秀隆も、秋も、ずっと戦っていたんだな
秀隆も、秋も、ずっと戦っていたんだな
愛佳
愛佳
うん。あたし、自分だけが辛い思いをしてるんだと思ってた
うん。あたし、自分だけが辛い思いをしてるんだと思ってた
愛佳
愛佳
なんか、みっともないよ。情けないな……
なんか、みっともないよ。情けないな……
凛
凛
でもさ……あたしたちはどうすることが正しいんだろう
でもさ……あたしたちはどうすることが正しいんだろう
凛は、目の端に涙を溜めていた。
凛は、目の端に涙を溜めていた。
今まで気丈に振舞ってきた凛だったが、
今まで気丈に振舞ってきた凛だったが、
杉村からの話を聞き、堪えられなくなっていた。
杉村からの話を聞き、堪えられなくなっていた。
凛
凛
本当の、本当のことが知りたい……
本当の、本当のことが知りたい……
裕輔
裕輔
……そうだな……
……そうだな……
キズナ
キズナ
私、あっきーにひーくんに会うよう言います
私、あっきーにひーくんに会うよう言います
キズナ
キズナ
だから、皆さんにお願いがあります
だから、皆さんにお願いがあります
裕輔
裕輔
賭け、だな
賭け、だな
キズナからの説明を受け、裕輔はそう呟いた。
キズナからの説明を受け、裕輔はそう呟いた。
キズナ
キズナ
でもこれしかないと思います
でもこれしかないと思います
ユウキ
ユウキ
やってみるしか、ないんじゃないの。もうさ
やってみるしか、ないんじゃないの。もうさ
希望
希望
そうだね……ここまで、勝手に調べちゃったんだもん
そうだね……ここまで、勝手に調べちゃったんだもん
希望
希望
もう、後には引けないよね
もう、後には引けないよね
凛
凛
……わかった。あんたの賭けに、乗ってみる
……わかった。あんたの賭けに、乗ってみる
キズナ
キズナ
ありがとうございますっ
ありがとうございますっ
キズナ
キズナ
あっきー、いますか？
あっきー、いますか？
秋の部屋の前で、キズナが声をかけた。
秋の部屋の前で、キズナが声をかけた。
アクセラは少し離れたところで、キズナの背中を見守っている。
アクセラは少し離れたところで、キズナの背中を見守っている。
秋
秋
……なに？
……なに？
ゆっくりと秋が部屋から姿を見せる。
ゆっくりと秋が部屋から姿を見せる。
キズナ
キズナ
ひーくんのお見舞いに行きませんか？　皆待っていますよ
ひーくんのお見舞いに行きませんか？　皆待っていますよ
秋
秋
どういうこと？　私はお見舞いには行かない。何度も言ったよね？
どういうこと？　私はお見舞いには行かない。何度も言ったよね？
キズナ
キズナ
はい。でも私はあっきーにお見舞いに来てほしいんです
はい。でも私はあっきーにお見舞いに来てほしいんです
秋
秋
嫌。私は兄さんのお見舞いになんて行かない
嫌。私は兄さんのお見舞いになんて行かない
キズナ
キズナ
どうしてそこまでひーくんを避けるんですか
どうしてそこまでひーくんを避けるんですか
秋
秋
キズナには関係ない
キズナには関係ない
秋
秋
あなたは部外者なんだから、私たちの問題に口を挟まないで
あなたは部外者なんだから、私たちの問題に口を挟まないで
そういい、部屋に戻ろうとする。
そういい、部屋に戻ろうとする。
その秋の手を、キズナが握りしめた。
その秋の手を、キズナが握りしめた。
キズナ
キズナ
話を聞いてください
話を聞いてください
秋
秋
離して……
離して……
キズナ
キズナ
話を聞いてくれるまで、離しません
話を聞いてくれるまで、離しません
秋
秋
話を聞いたって仕方ない
話を聞いたって仕方ない
キズナ
キズナ
そんなことはありません。話を聞けばあっきーにも分かってもらえると思います
そんなことはありません。話を聞けばあっきーにも分かってもらえると思います
秋
秋
分かる？　分かるって何が？
分かる？　分かるって何が？
キズナ
キズナ
とにかく病院に来てください。お願いします
とにかく病院に来てください。お願いします
秋
秋
だから嫌だって……
だから嫌だって……
キズナ
キズナ
あっきー
あっきー
秋
秋
もうやめてキズナ。どうしてそんなに私と兄さんの仲を取り持とうとするの？
もうやめてキズナ。どうしてそんなに私と兄さんの仲を取り持とうとするの？
キズナ
キズナ
ひーくんとあっきーに、幸せになってほしいからです
ひーくんとあっきーに、幸せになってほしいからです
秋
秋
幸せ？　無理に決まってるじゃない
幸せ？　無理に決まってるじゃない
秋
秋
私と兄さんは、お互いに憎んでる。それはずっと変わらないこと
私と兄さんは、お互いに憎んでる。それはずっと変わらないこと
秋
秋
もう余計なことしないで……
もう余計なことしないで……
キズナ
キズナ
どうしても、来ていただけないんですか
どうしても、来ていただけないんですか
秋
秋
行かない
行かない
キズナ
キズナ
……真実から目を背けたままで、いいんですか
……真実から目を背けたままで、いいんですか
秋
秋
私はいつも真実と向き合ってる。
私はいつも真実と向き合ってる。
真実と向き合ってないのは、私じゃなくて兄さんの方
真実と向き合ってないのは、私じゃなくて兄さんの方
秋
秋
……もういいでしょ？
……もういいでしょ？
キズナ
キズナ
ひーくんに聞きました
ひーくんに聞きました
キズナは決意を固め、それを口にする。
キズナは決意を固め、それを口にする。
キズナ
キズナ
昔、ひーくんの大切なお姉さんが死んだこと
昔、ひーくんの大切なお姉さんが死んだこと
秋
秋
っ！？
っ！？
キズナ
キズナ
それをあっきーのせいに、ひーくんがしてしまったこと
それをあっきーのせいに、ひーくんがしてしまったこと
秋
秋
誰……アクセラが話したわけじゃないよね？
誰……アクセラが話したわけじゃないよね？
アクセラ
アクセラ
秀隆様が、皆様にお話になりました
秀隆様が、皆様にお話になりました
秋
秋
なにそれ……なんで兄さんが、そのことを……
なにそれ……なんで兄さんが、そのことを……
キズナ
キズナ
ひーくんは、確かにあっきーに悪いことをしてしまったかも知れません。だけど、今きっとひーくんは現実と向き合おうとしています
ひーくんは、確かにあっきーに悪いことをしてしまったかも知れません。だけど、今きっとひーくんは現実と向き合おうとしています
秋
秋
知ったようなこと、言わないで……
知ったようなこと、言わないで……
キズナ
キズナ
ひーくんと仲直りが出来るとしたら、今しかないんです
ひーくんと仲直りが出来るとしたら、今しかないんです
秋
秋
無理……意味がわからない
無理……意味がわからない
秋
秋
例え兄さんが過去を話したんだとしても、過去は変わらない
例え兄さんが過去を話したんだとしても、過去は変わらない
秋
秋
私が兄さんを恨んでいる事実は変わらないっ
私が兄さんを恨んでいる事実は変わらないっ
キズナ
キズナ
それでも、それでももう一度ひーくんと向き合ってください。
それでも、それでももう一度ひーくんと向き合ってください。
今のままじゃ、兄妹の関係は全部壊れてしまいますっ！
今のままじゃ、兄妹の関係は全部壊れてしまいますっ！
秋
秋
知ったようなこと言わないで！
知ったようなこと言わないで！
se平手うち (5
se平手うち (5
秋が、キズナの頬を叩いた。
秋が、キズナの頬を叩いた。
キズナ
キズナ
あっきーが辛い思いをしたこと、半分くらいは分かったつもりです
あっきーが辛い思いをしたこと、半分くらいは分かったつもりです
キズナ
キズナ
だけど、あっきーは一度、ひーくんと向き合わなければならないと思います
だけど、あっきーは一度、ひーくんと向き合わなければならないと思います
秋
秋
嫌……絶対に嫌っ
嫌……絶対に嫌っ
秋
秋
あの人は私をずっとずっとずっとずっと恨んできたっ。
あの人は私をずっとずっとずっとずっと恨んできたっ。
事故の原因を全部私に押し付けて、痛めつけてきたっ！
事故の原因を全部私に押し付けて、痛めつけてきたっ！
秋
秋
死ぬことも許されず、残酷に生かし続けるようなあの人と、
死ぬことも許されず、残酷に生かし続けるようなあの人と、
向き合うつもりなんてないっ！
向き合うつもりなんてないっ！
秋
秋
兄さんは、私が死ぬのを待ってる
兄さんは、私が死ぬのを待ってる
病気が身体を蝕んで、最後の最後まで苦しむのを見届けようと
病気が身体を蝕んで、最後の最後まで苦しむのを見届けようと
待ってる！
待ってる！
キズナ
キズナ
本当にそうでしょうか……？
本当にそうでしょうか……？
キズナ
キズナ
本当にそうなんでしょうか？
本当にそうなんでしょうか？
秋
秋
そうよ、そうに決まってるじゃない！
そうよ、そうに決まってるじゃない！
キズナ
キズナ
私にはそうは思えません
私にはそうは思えません
そう言い、キズナは唐沢より預かった書類を取り出した。
そう言い、キズナは唐沢より預かった書類を取り出した。
キズナ
キズナ
これは、ひーくんが特務官になる前に、
これは、ひーくんが特務官になる前に、
唐沢さんと交わした契約書のようです
唐沢さんと交わした契約書のようです
秋
秋
なにそれ……私には関係ない
なにそれ……私には関係ない
キズナ
キズナ
それがあるんです
それがあるんです
秋
秋
…………
…………
キズナ
キズナ
見ていただければ、私の言っている意味が理解できると思います
見ていただければ、私の言っている意味が理解できると思います
秋は、躊躇いながらもその書類を受け取った。
秋は、躊躇いながらもその書類を受け取った。
唐沢
唐沢
そうか、君たちは答えを捜し求めているのか
そうか、君たちは答えを捜し求めているのか
唐沢
唐沢
僕は確かに、島津くんを、島津兄妹をよく知っている人間の一人だろう
僕は確かに、島津くんを、島津兄妹をよく知っている人間の一人だろう
キズナ
キズナ
教えてください。その答えを
教えてください。その答えを
キズナ
キズナ
ひーくんがお姉さんを亡くしたこと、あっきーを傷つけたこと。
ひーくんがお姉さんを亡くしたこと、あっきーを傷つけたこと。
それは聞きました。でも、やっぱりどこか納得がいかないんです
それは聞きました。でも、やっぱりどこか納得がいかないんです
キズナ
キズナ
だから教えてください。ひーくんがどんな過去を歩んできたのか
だから教えてください。ひーくんがどんな過去を歩んできたのか
唐沢
唐沢
どんな過去を歩んできたのか……
どんな過去を歩んできたのか……
キズナ
キズナ
本当にひーくんは、あっきーを殺したいほど憎んでいるだけなんでしょうか？
本当にひーくんは、あっきーを殺したいほど憎んでいるだけなんでしょうか？
キズナ
キズナ
お姉さんが死んだのは、あっキーのせいだと思っているんでしょうか？
お姉さんが死んだのは、あっキーのせいだと思っているんでしょうか？
唐沢
唐沢
なるほど。君たちが知りたいのは、そこなんだね
なるほど。君たちが知りたいのは、そこなんだね
唐沢
唐沢
島津くんが秋ちゃんと仲良くしない、その理由が信じられないのか
島津くんが秋ちゃんと仲良くしない、その理由が信じられないのか
キズナ
キズナ
はい……
はい……
唐沢
唐沢
僕自身も、それは図りかねている部分があるんだ
僕自身も、それは図りかねている部分があるんだ
唐沢
唐沢
だけど、それでも今君たちが持っていない答えのひとつを、
だけど、それでも今君たちが持っていない答えのひとつを、
僕は持っている
僕は持っている
キズナ
キズナ
なんですか。その答えというのは
なんですか。その答えというのは
唐沢
唐沢
教えてあげたいのは山々だけど、本来はそれが出来ないんだ。
教えてあげたいのは山々だけど、本来はそれが出来ないんだ。
何故なら、僕は島津くんと秘密保持契約を結んでいる
何故なら、僕は島津くんと秘密保持契約を結んでいる
唐沢
唐沢
街の代表としては、それを簡単に破るわけにはいかないんだ
街の代表としては、それを簡単に破るわけにはいかないんだ
キズナ
キズナ
ですが、このままでは
ですが、このままでは
唐沢
唐沢
事情は聞いたから、理解しているつもりだよ
事情は聞いたから、理解しているつもりだよ
唐沢
唐沢
だから、君たちは黙って聞いていて欲しい。質問はなしだ
だから、君たちは黙って聞いていて欲しい。質問はなしだ
唐沢
唐沢
今から僕は、ここで一人ごとを話す
今から僕は、ここで一人ごとを話す
唐沢
唐沢
皆はただ、偶然耳にしてしまっただけに過ぎない。
皆はただ、偶然耳にしてしまっただけに過ぎない。
そう言うことにしてもらえるかな？
そう言うことにしてもらえるかな？
キズナ
キズナ
……分かりました
……分かりました
唐沢
唐沢
うん。そうだね……どこから話せばいいかな……
うん。そうだね……どこから話せばいいかな……
唐沢
唐沢
僕が島津くんと出会ったのは、佐々野くんや杉村くんよりも前になるんだ
僕が島津くんと出会ったのは、佐々野くんや杉村くんよりも前になるんだ
唐沢
唐沢
と言うより、彼のご両親と知り合いだったのが大きいんだけど……
と言うより、彼のご両親と知り合いだったのが大きいんだけど……
唐沢
唐沢
さすがにこの件とは無関係だから、割愛させてもらうよ
さすがにこの件とは無関係だから、割愛させてもらうよ
唐沢
唐沢
彼は小さい頃から、凄く頭のいい子だった。
彼は小さい頃から、凄く頭のいい子だった。
成績は常に一番で、皆に慕われ、どんな時でも話の中心にいるような人物だった
成績は常に一番で、皆に慕われ、どんな時でも話の中心にいるような人物だった
唐沢
唐沢
彼は常々僕に言っていたよ。将来の夢は特務官になることで、
彼は常々僕に言っていたよ。将来の夢は特務官になることで、
竹内特務官を越える凄い人になりたいと言ってね
竹内特務官を越える凄い人になりたいと言ってね
唐沢
唐沢
僕はホープタウンの未来が明るいことを確信した
僕はホープタウンの未来が明るいことを確信した
唐沢
唐沢
事実、高等学園に入ってからも、彼の成長は留まることを知らず、
事実、高等学園に入ってからも、彼の成長は留まることを知らず、
次々と歴史を塗り替えていく勢いで周囲を圧倒していた
次々と歴史を塗り替えていく勢いで周囲を圧倒していた
唐沢
唐沢
そんな時だよ……彼のお姉さんと、その夫が亡くなったのは
そんな時だよ……彼のお姉さんと、その夫が亡くなったのは
唐沢
唐沢
あの時島津くんは、強くあろうとしていたんだろうね。
あの時島津くんは、強くあろうとしていたんだろうね。
僕の前じゃけして弱音を吐かず、秋ちゃんの心のケアに必死だった
僕の前じゃけして弱音を吐かず、秋ちゃんの心のケアに必死だった
唐沢
唐沢
でも―――それは秋ちゃんには届かなかった。
でも―――それは秋ちゃんには届かなかった。
秋ちゃんは自らの意思で死を選び、償おうとした
秋ちゃんは自らの意思で死を選び、償おうとした
唐沢
唐沢
ここまでは、君たちも知っているね？
ここまでは、君たちも知っているね？
キズナは小さく頷いた。
キズナは小さく頷いた。
唐沢
唐沢
それからも、僕は定期的に島津くんと連絡を取り続けたよ。
それからも、僕は定期的に島津くんと連絡を取り続けたよ。
あのまま放っておけば、最悪二人の命が危ないと思ったから
あのまま放っておけば、最悪二人の命が危ないと思ったから
唐沢
唐沢
社会復帰のために、杉村くんを紹介したし、
社会復帰のために、杉村くんを紹介したし、
仕事をした方が良いと言うことで、臨時教師の仕事も斡旋した
仕事をした方が良いと言うことで、臨時教師の仕事も斡旋した
唐沢
唐沢
その間に僕が感じたことは……島津くんと秋ちゃんとの妙な関係だ
その間に僕が感じたことは……島津くんと秋ちゃんとの妙な関係だ
唐沢
唐沢
島津くんは秋ちゃんに冷たくあたりだし、
島津くんは秋ちゃんに冷たくあたりだし、
今まで罪を懺悔し続けてきた秋ちゃんは、
今まで罪を懺悔し続けてきた秋ちゃんは、
露骨に島津くんに対し恨みや怒りを抱くようになった
露骨に島津くんに対し恨みや怒りを抱くようになった
唐沢
唐沢
杉村の話によると、島津くんは過去の一部を
杉村の話によると、島津くんは過去の一部を
勝手に改変したんじゃないか、と言うことだった
勝手に改変したんじゃないか、と言うことだった
杉村がその言葉に頷いた。
杉村がその言葉に頷いた。
唐沢
唐沢
無理も無いことだと思ったよ。
無理も無いことだと思ったよ。
辛い記憶に脳が耐え切れず、そうせざるを得なかったんだろうと
辛い記憶に脳が耐え切れず、そうせざるを得なかったんだろうと
唐沢
唐沢
でも僕は、それでも島津くんは心の底から秋ちゃんを憎んではいないと、信じていた
でも僕は、それでも島津くんは心の底から秋ちゃんを憎んではいないと、信じていた
唐沢
唐沢
きっといつか、自分のしたことに対する過ちに気づいてくれると
きっといつか、自分のしたことに対する過ちに気づいてくれると
唐沢
唐沢
……君たちは、秋ちゃんの体が弱いことは知っているね？
……君たちは、秋ちゃんの体が弱いことは知っているね？
唐沢
唐沢
秋ちゃんの病は、思っているよりもずっと重いものだ
秋ちゃんの病は、思っているよりもずっと重いものだ
唐沢
唐沢
このまま放っておけば、命も長くは無い
このまま放っておけば、命も長くは無い
唐沢
唐沢
秋ちゃんが助かる方法はたった一つ。
秋ちゃんが助かる方法はたった一つ。
それはコールドスリープによる治療を行うことだ
それはコールドスリープによる治療を行うことだ
唐沢
唐沢
だけど、コールドスリープには莫大なお金が必要になる
だけど、コールドスリープには莫大なお金が必要になる
唐沢
唐沢
僕はそこで、非常に残酷な手段を思いついた
僕はそこで、非常に残酷な手段を思いついた
唐沢
唐沢
それがこれだ
それがこれだ
唐沢は書類を取り出し、それを見せる。
唐沢は書類を取り出し、それを見せる。
唐沢
唐沢
これが僕と島津くんが、秘密保持契約によって結んだ契約書だ
これが僕と島津くんが、秘密保持契約によって結んだ契約書だ
ゆっくりと、中から紙を取り出す秋。
ゆっくりと、中から紙を取り出す秋。
そこに書かれてあるのは
そこに書かれてあるのは
秋
秋
私の、診断書……
私の、診断書……
キズナ
キズナ
はい。あっきーの健康状態を記したものです。
はい。あっきーの健康状態を記したものです。
日付は前のものですが、身体が悪化してきていると書かれてあります
日付は前のものですが、身体が悪化してきていると書かれてあります
秋
秋
それがどうかしたの……
それがどうかしたの……
キズナ
キズナ
ひーくんは、最初特務官をやるつもりなんてなかったんです
ひーくんは、最初特務官をやるつもりなんてなかったんです
キズナ
キズナ
でも、どうして特務官をやると決めたんだと思いますか？
でも、どうして特務官をやると決めたんだと思いますか？
秋
秋
自分の夢だから、でしょ……
自分の夢だから、でしょ……
キズナ
キズナ
違います。あっきーのことを想ってのことだったんです
違います。あっきーのことを想ってのことだったんです
秋
秋
なにそれ、意味が分からない……
なにそれ、意味が分からない……
キズナ
キズナ
もう一枚の紙に、その証拠が書かれてあります
もう一枚の紙に、その証拠が書かれてあります
秋
秋
…………
…………
診断書の後ろには、もう一枚の紙があった。
診断書の後ろには、もう一枚の紙があった。
契約書、と書かれてあり、印鑑まで押されている。
契約書、と書かれてあり、印鑑まで押されている。
その内容は
その内容は
自らが特務官として働く条件として
自らが特務官として働く条件として
病状が悪化し、非常事態を迫られたとき、
病状が悪化し、非常事態を迫られたとき、
島津秋にコールドスリープによる治療を、唐沢負担の元行うこと
島津秋にコールドスリープによる治療を、唐沢負担の元行うこと
そう記されていた。
そう記されていた。
秋
秋
なにこれ……
なにこれ……
キズナ
キズナ
本当に死を望んでいたら、
本当に死を望んでいたら、
ひーくんはそんな契約書を交わすでしょうか？
ひーくんはそんな契約書を交わすでしょうか？
キズナ
キズナ
死なせたくないと想わなければ、
死なせたくないと想わなければ、
コールドスリープによる治療の選択なんて、絶対にしませんっ
コールドスリープによる治療の選択なんて、絶対にしませんっ
秋
秋
悪い冗談……
悪い冗談……
秋の、キズナを見る目は冷めていた。
秋の、キズナを見る目は冷めていた。
秋
秋
これは兄さんの書いたものじゃない。
これは兄さんの書いたものじゃない。
兄さんが、私のためにこんなことをするなんて、ありえない
兄さんが、私のためにこんなことをするなんて、ありえない
キズナ
キズナ
…………
…………
秋
秋
キズナが作ったの？　随分手の込んだことをするんだ……
キズナが作ったの？　随分手の込んだことをするんだ……
秋
秋
最低
最低
キズナ
キズナ
信じていただけないのも、無理はありません
信じていただけないのも、無理はありません
キズナ
キズナ
私も、どうしてこんなことをしたのか、理解できていません
私も、どうしてこんなことをしたのか、理解できていません
キズナ
キズナ
だからこそ、一度向き合って欲しいんです。
だからこそ、一度向き合って欲しいんです。
何が正しくて、何が間違っているのか。それを知って欲しい。
何が正しくて、何が間違っているのか。それを知って欲しい。
私もそれを知りたい。知って、力になりたい
私もそれを知りたい。知って、力になりたい
秋
秋
もう、いい加減にして。私は、何も受け入れるつもりはない
もう、いい加減にして。私は、何も受け入れるつもりはない
秋
秋
過去は変わらないし、間違っていたとも思ってない
過去は変わらないし、間違っていたとも思ってない
秋
秋
兄さんは私が憎い。だから暴力を振るった。
兄さんは私が憎い。だから暴力を振るった。
私は兄さんが憎い。だから今も恨み続ける。それが全て
私は兄さんが憎い。だから今も恨み続ける。それが全て
キズナ
キズナ
病院に行きましょう、あっきー
病院に行きましょう、あっきー
秋
秋
いや、絶対に嫌
いや、絶対に嫌
アクセラ
アクセラ
秋様
秋様
今まで黙って聞いていたアクセラが、口を開いた。
今まで黙って聞いていたアクセラが、口を開いた。
秋
秋
アクセラは知ってるよね。
アクセラは知ってるよね。
私がどれだけひどい暴力を受けてきたか。
私がどれだけひどい暴力を受けてきたか。
どれだけ兄さんに恨まれてきたかっ
どれだけ兄さんに恨まれてきたかっ
アクセラ
アクセラ
秋様、今すぐ、秀隆様のもとに参りましょう
秋様、今すぐ、秀隆様のもとに参りましょう
秋
秋
……どうして？　どうしてなのアクセラ
……どうして？　どうしてなのアクセラ
アクセラ
アクセラ
それは、私の口からは申し上げられません。
それは、私の口からは申し上げられません。
ですが、キズナ様の言うように、向き合われるべきだと思います
ですが、キズナ様の言うように、向き合われるべきだと思います
秋
秋
どうしてっ！
どうしてっ！
アクセラ
アクセラ
このままでは、家族が崩壊してしまうからです！
このままでは、家族が崩壊してしまうからです！
秋
秋
っ！？
っ！？
キズナ
キズナ
あ、アクセラさん……
あ、アクセラさん……
アクセラは、自分でも信じられないほどの声で、秋へと語りかけていた。
アクセラは、自分でも信じられないほどの声で、秋へと語りかけていた。
アクセラ
アクセラ
私は、私は全てを知っております。
私は、私は全てを知っております。
秋様の苦悩も、秀隆様の苦悩も、全て、全て知っております！
秋様の苦悩も、秀隆様の苦悩も、全て、全て知っております！
アクセラ
アクセラ
ですが、私の口からはどうしてもお答えすることが出来ません。
ですが、私の口からはどうしてもお答えすることが出来ません。
求めている答えをお教えしたくても、伝えることが出来ないのですっ
求めている答えをお教えしたくても、伝えることが出来ないのですっ
アクセラ
アクセラ
島津家の、家族として―――私も辛いんですっ！
島津家の、家族として―――私も辛いんですっ！
秋
秋
……アクセラ……
……アクセラ……
アクセラ
アクセラ
どうか、お願いいたします。秀隆様の下へ……秋様っ！
どうか、お願いいたします。秀隆様の下へ……秋様っ！
秋
秋
待ってるのは、辛い現実だけだよ、アクセラ……
待ってるのは、辛い現実だけだよ、アクセラ……
秋
秋
兄さんが、どうしてそんなものを用意したのかはわからない
兄さんが、どうしてそんなものを用意したのかはわからない
秋
秋
でも私が知ってる兄さんは、最低の人……
でも私が知ってる兄さんは、最低の人……
秋
秋
それは、まぎれもない事実なんだから……
それは、まぎれもない事実なんだから……
アクセラ
アクセラ
秋様……
秋様……
秋
秋
でも、分かった……。病院に、行く……
でも、分かった……。病院に、行く……
秋
秋
それは私の為でも、兄さんの為でもない。
それは私の為でも、兄さんの為でもない。
私は、アクセラに助けられてきた。
私は、アクセラに助けられてきた。
たった一人の家族として、私はアクセラを大切に思ってる
たった一人の家族として、私はアクセラを大切に思ってる
秋
秋
だから
だから
秋
秋
だから、一度だけ……
だから、一度だけ……
アクセラ
アクセラ
はい。ありがとうございます、秋様
はい。ありがとうございます、秋様
唐沢
唐沢
どんな理由にせよ、島津くんはこの契約書にサインをした
どんな理由にせよ、島津くんはこの契約書にサインをした
唐沢
唐沢
これは、紛れも無く秋ちゃんを想ってのことのはずだよ
これは、紛れも無く秋ちゃんを想ってのことのはずだよ
唐沢
唐沢
そうでなければ、こんな契約書にサインなんてしない
そうでなければ、こんな契約書にサインなんてしない
唐沢
唐沢
だから僕は、心の底から秋ちゃんを憎んでいるとは思えないんだ
だから僕は、心の底から秋ちゃんを憎んでいるとは思えないんだ
唐沢
唐沢
昔はどうあれ、今はきっとね……
昔はどうあれ、今はきっとね……
杉村
杉村
こんばんは
こんばんは
秀隆
秀隆
杉村さん、来てくれたんですね！
杉村さん、来てくれたんですね！
杉村
杉村
あぁこら、そんなに動かないの。傷口が痛むわよ
あぁこら、そんなに動かないの。傷口が痛むわよ
秀隆
秀隆
杉村さんの笑顔を見れば、ばっちりですよ
杉村さんの笑顔を見れば、ばっちりですよ
杉村
杉村
もう、現金な子ね
もう、現金な子ね
秀隆
秀隆
どうぞ座ってください
どうぞ座ってください
杉村
杉村
ええ
ええ
杉村さんがいすに腰を下ろす。
杉村さんがいすに腰を下ろす。
杉村
杉村
ちょっと小耳に挟んだことなんだけど
ちょっと小耳に挟んだことなんだけど
秀隆
秀隆
なんですか？
なんですか？
杉村
杉村
島津くん、お友達に刺されたこと、なんて説明したの？
島津くん、お友達に刺されたこと、なんて説明したの？
秀隆
秀隆
え、っと意味がわからないんですが
え、っと意味がわからないんですが
杉村
杉村
軽症だから心配するな。って言ったそうじゃない
軽症だから心配するな。って言ったそうじゃない
秀隆
秀隆
誰から聞いたんですか、それ
誰から聞いたんですか、それ
杉村
杉村
どうしてそんなことを言ったの？
どうしてそんなことを言ったの？
秀隆
秀隆
そりゃ心配させないためですよ
そりゃ心配させないためですよ
杉村
杉村
そうかも知れない。でも、あなたは一歩間違えば死んでいたのよ？
そうかも知れない。でも、あなたは一歩間違えば死んでいたのよ？
秀隆
秀隆
めった刺しの目にあったなんて、いえませんよ
めった刺しの目にあったなんて、いえませんよ
秀隆
秀隆
聞けば心配させるだけです
聞けば心配させるだけです
杉村
杉村
あのね島津くん。あなたのその気配りが悪いとは言わないわ。
あのね島津くん。あなたのその気配りが悪いとは言わないわ。
だけど、いつもいつも、心配を自分の中に留めすぎてる
だけど、いつもいつも、心配を自分の中に留めすぎてる
秀隆
秀隆
お説教が始まっちゃいましたか
お説教が始まっちゃいましたか
杉村
杉村
犯人は、まだ見つかっていないそうね
犯人は、まだ見つかっていないそうね
秀隆
秀隆
はい
はい
杉村
杉村
今回あなたは命を失わないで済んだ。
今回あなたは命を失わないで済んだ。
だけど、これは警告のようなものだと私は思うの
だけど、これは警告のようなものだと私は思うの
秀隆
秀隆
警告、ですか
警告、ですか
杉村
杉村
お仕事に関係してるんじゃないの？
お仕事に関係してるんじゃないの？
秀隆
秀隆
……そうですね
……そうですね
可能性は否定しきれない。
可能性は否定しきれない。
杉村
杉村
特務官は立派なお仕事よ。でも、同時に危険な仕事でもある
特務官は立派なお仕事よ。でも、同時に危険な仕事でもある
杉村
杉村
誰かが喜べば、誰かが苦しむことだってある。
誰かが喜べば、誰かが苦しむことだってある。
どんな仕事をしているかは知りませんが、もう深入りはやめて
どんな仕事をしているかは知りませんが、もう深入りはやめて
杉村
杉村
次はきっと、無事ではいられなくなる……
次はきっと、無事ではいられなくなる……
秀隆
秀隆
杉村さん……
杉村さん……
杉村
杉村
お願い。もう、無茶なことはやめて
お願い。もう、無茶なことはやめて
秀隆
秀隆
……はい。約束します
……はい。約束します
杉村
杉村
ありがとう
ありがとう
杉村
杉村
それから、あなたにはもう一つお話しがあります
それから、あなたにはもう一つお話しがあります
秀隆
秀隆
またお説教だったりします？
またお説教だったりします？
杉村
杉村
似たようなものかも知れないわね
似たようなものかも知れないわね
秀隆
秀隆
今日は厳しいなぁ
今日は厳しいなぁ
杉村
杉村
みんな、入ってきてくれる？
みんな、入ってきてくれる？
秀隆
秀隆
皆って……
皆って……
凛
凛
お邪魔します
お邪魔します
凛を先頭に、希望、ユウキ、裕輔、愛佳が入ってきた。
凛を先頭に、希望、ユウキ、裕輔、愛佳が入ってきた。
秀隆
秀隆
……これ、どう言うことですか杉村さん
……これ、どう言うことですか杉村さん
扉の向こうにこいつらが待機していたと言うことは、
扉の向こうにこいつらが待機していたと言うことは、
オレの怪我の状態も、立ち聞きしていたと言うことだろう。
オレの怪我の状態も、立ち聞きしていたと言うことだろう。
杉村
杉村
皆あなたを心配して、一日飛び回っていたの
皆あなたを心配して、一日飛び回っていたの
秀隆
秀隆
意味がわかりませんね
意味がわかりませんね
杉村
杉村
私は、彼女たちに島津くんの全てを話しました
私は、彼女たちに島津くんの全てを話しました
秀隆
秀隆
……全て、ですか。なんのことだか
……全て、ですか。なんのことだか
杉村
杉村
あなたのお姉さんが死んだこと。
あなたのお姉さんが死んだこと。
秋ちゃんを傷つけてしまったこと。幻覚に悩まされたこと
秋ちゃんを傷つけてしまったこと。幻覚に悩まされたこと
秀隆
秀隆
悪い冗談、じゃなさそうですね
悪い冗談、じゃなさそうですね
秀隆
秀隆
いくら杉村さんでも、それは許されることじゃない
いくら杉村さんでも、それは許されることじゃない
杉村
杉村
分かっています。私なりに責任は取るつもり。
分かっています。私なりに責任は取るつもり。
島津くんが私を責めるのも、全部受け止めるつもりよ
島津くんが私を責めるのも、全部受け止めるつもりよ
秀隆
秀隆
まさか……こんな形で、知られることになるなんて
まさか……こんな形で、知られることになるなんて
秀隆
秀隆
杉村さんから漏れるのは、想定していませんでしたよ
杉村さんから漏れるのは、想定していませんでしたよ
裕輔
裕輔
彼女を責めないでやってくれ。
彼女を責めないでやってくれ。
非は無理やり聞きだした俺たちにある
非は無理やり聞きだした俺たちにある
秀隆
秀隆
釘を刺したつもりだったんだけどな。甘かったか
釘を刺したつもりだったんだけどな。甘かったか
秀隆
秀隆
まあバレたものは仕方ない。
まあバレたものは仕方ない。
それで、おまえたちに見えたものはなんだった？
それで、おまえたちに見えたものはなんだった？
秀隆
秀隆
結局は、オレの言った言葉通りだっただろ？
結局は、オレの言った言葉通りだっただろ？
秀隆
秀隆
姉さんが死に、秋に暴力を振るった。それが事実だ
姉さんが死に、秋に暴力を振るった。それが事実だ
秀隆
秀隆
そうだろ？
そうだろ？
希望
希望
それは……
それは……
杉村
杉村
確かにそうね。その通り
確かにそうね。その通り
杉村
杉村
でも私は、それが全てじゃないと思っています
でも私は、それが全てじゃないと思っています
秀隆
秀隆
全てですよ。オレは秋が憎い。秋もオレが憎い。それだけ
全てですよ。オレは秋が憎い。秋もオレが憎い。それだけ
杉村
杉村
本当に秋ちゃんを憎いと思っているなら、
本当に秋ちゃんを憎いと思っているなら、
あなたはどうして、自ら大変な契約を結んだの？
あなたはどうして、自ら大変な契約を結んだの？
秀隆
秀隆
……契約？
……契約？
杉村
杉村
唐沢さんから提案された、あの契約のことよ
唐沢さんから提案された、あの契約のことよ
全員が、オレを見る。
全員が、オレを見る。
秀隆
秀隆
最悪ですね。唐沢さんにまで、裏切られたってことか
最悪ですね。唐沢さんにまで、裏切られたってことか
希望
希望
秋ちゃんのために、高額な治療を受けさせる準備してた。
秋ちゃんのために、高額な治療を受けさせる準備してた。
本当に秋ちゃんを恨んでるなら、そんなこと出来ないはずだよ
本当に秋ちゃんを恨んでるなら、そんなこと出来ないはずだよ
秀隆
秀隆
……確かに、オレは唐沢さんと契約を結んだ
……確かに、オレは唐沢さんと契約を結んだ
秀隆
秀隆
だが、おまえらの考えてる方向とはまるで別の理由だ
だが、おまえらの考えてる方向とはまるで別の理由だ
希望
希望
なんなの、その別の理由って。私にはわからないよ
なんなの、その別の理由って。私にはわからないよ
秀隆
秀隆
このまま治療を受けさせなければ、秋はすぐに死ぬ
このまま治療を受けさせなければ、秋はすぐに死ぬ
秀隆
秀隆
あいつは死にたがりだからな。死なせてたまるかよ
あいつは死にたがりだからな。死なせてたまるかよ
秀隆
秀隆
何年でも生かしてやるさ。恨みをぶつけるためなら、何でもやる
何年でも生かしてやるさ。恨みをぶつけるためなら、何でもやる
秀隆
秀隆
まさかオレが秋を守るためだとでも思ったのか？
まさかオレが秋を守るためだとでも思ったのか？
おまえらはどこまでもお人好しって言うか、呑気な連中だな
おまえらはどこまでもお人好しって言うか、呑気な連中だな
秀隆
秀隆
ほら、もういいだろ。オレなんかに構うな
ほら、もういいだろ。オレなんかに構うな
しっし、と手で払う。
しっし、と手で払う。
だが、全員その場を動こうとしなかった。
だが、全員その場を動こうとしなかった。
希望
希望
そんなの嘘だよ……そんなこと、信じられない
そんなの嘘だよ……そんなこと、信じられない
ユウキ
ユウキ
悪いけど俺もだ秀隆。お前はそう言う奴じゃない
悪いけど俺もだ秀隆。お前はそう言う奴じゃない
昨日とは打って変わって、
昨日とは打って変わって、
オレがどれだけ言っても表情は変わらなかった。
オレがどれだけ言っても表情は変わらなかった。
恐らく杉村さんや唐沢さんと話したことで、
恐らく杉村さんや唐沢さんと話したことで、
何か心情に変化が現れてしまったのだろう。
何か心情に変化が現れてしまったのだろう。
どれだけ巧妙な嘘をついたとしても、
どれだけ巧妙な嘘をついたとしても、
絶対に真実には敵わない。
絶対に真実には敵わない。
契約の話まで知られてしまったら、
契約の話まで知られてしまったら、
これ以上、何を隠そうとしても無駄、と言うことか。
これ以上、何を隠そうとしても無駄、と言うことか。
下手に嘘をつき続ければ、
下手に嘘をつき続ければ、
オレが積み上げてきたものが、失われてしまいかねない。
オレが積み上げてきたものが、失われてしまいかねない。
計画の軌道修正を強いられる。
計画の軌道修正を強いられる。
大丈夫だ。
大丈夫だ。
何とかなる。
何とかなる。
そう、こいつらに知られてしまったことは、最悪ではないんだ。
そう、こいつらに知られてしまったことは、最悪ではないんだ。
肝心なのは、秋の耳に入らないこと。
肝心なのは、秋の耳に入らないこと。
それさえ守れるなら―――。
それさえ守れるなら―――。
秀隆
秀隆
昨日あれだけ、おまえたちに酷いことを言っておきながら、
昨日あれだけ、おまえたちに酷いことを言っておきながら、
自分勝手なことを言わせて貰う……
自分勝手なことを言わせて貰う……
秀隆
秀隆
おまえたちに、頼みがある……
おまえたちに、頼みがある……
秀隆
秀隆
どうしても、聞いてもらいたい頼みがあるんだ
どうしても、聞いてもらいたい頼みがあるんだ
裕輔
裕輔
なんだ、その頼みとは
なんだ、その頼みとは
秀隆
秀隆
おまえたちが今日、知ったこの事実と、
おまえたちが今日、知ったこの事実と、
今から話すことは、絶対に秋には言わないでくれ
今から話すことは、絶対に秋には言わないでくれ
秀隆
秀隆
頼む。頼むから、約束してくれ……
頼む。頼むから、約束してくれ……
オレは深く、深く頭を下げた。
オレは深く、深く頭を下げた。
体が動くなら、土下座をしたいくらいに。
体が動くなら、土下座をしたいくらいに。
杉村
杉村
あなたは、何を抱え込んでいるの？
あなたは、何を抱え込んでいるの？
秀隆
秀隆
……オレは……
……オレは……
秀隆
秀隆
オレは今の今まで……
オレは今の今まで……
秀隆
秀隆
たった一度だって……
たった一度だって……
オレが、すべてを捨ててでも、守ろうとしていたもの。
オレが、すべてを捨ててでも、守ろうとしていたもの。
たったひとつ。
たったひとつ。
そのひとつを守るために、この５年間を生き長らえて来た。
そのひとつを守るために、この５年間を生き長らえて来た。
秀隆
秀隆
オレはあいつを―――秋を……一度だって恨んだことはない
オレはあいつを―――秋を……一度だって恨んだことはない
秀隆
秀隆
秋を、誰よりも……ここにいる、誰よりも愛してる……
秋を、誰よりも……ここにいる、誰よりも愛してる……
秀隆
秀隆
大切に、想ってるんだ……
大切に、想ってるんだ……
この言葉を絞り出すのは、本当に大変だった。
この言葉を絞り出すのは、本当に大変だった。
これはオレの記憶が、直に触れてはいけない部分だから。
これはオレの記憶が、直に触れてはいけない部分だから。
愛佳
愛佳
っ……そ、それなら、どうして
っ……そ、それなら、どうして
秀隆
秀隆
……姉さんが死んだ……オレは、そのことに酷く落ち込んだよ
……姉さんが死んだ……オレは、そのことに酷く落ち込んだよ
秀隆
秀隆
オレの姿を見た秋は……姉さんの死を、自分のせいだと思い込んだ
オレの姿を見た秋は……姉さんの死を、自分のせいだと思い込んだ
秀隆
秀隆
バカだよな。秋のせいなんかじゃないのに。
バカだよな。秋のせいなんかじゃないのに。
あんなのは、ただ不運が重なっただけで、誰のせいでもないんだ
あんなのは、ただ不運が重なっただけで、誰のせいでもないんだ
秀隆
秀隆
でも……オレが秋のせいじゃないと言っても、
でも……オレが秋のせいじゃないと言っても、
あいつはひたすら、自分を責め続けた
あいつはひたすら、自分を責め続けた
秀隆
秀隆
ずっとずっと、オレにすがり、泣き、許しを願った
ずっとずっと、オレにすがり、泣き、許しを願った
秀隆
秀隆
大丈夫だから。責めていないと言っても、言葉は届かなかった
大丈夫だから。責めていないと言っても、言葉は届かなかった
秀隆
秀隆
涙が枯れ果て感情が枯れ果てても、秋は懺悔を続けた
涙が枯れ果て感情が枯れ果てても、秋は懺悔を続けた
秀隆
秀隆
オレの姉さんを殺せた責任を、どう取ればいいのか悩んでいた
オレの姉さんを殺せた責任を、どう取ればいいのか悩んでいた
秀隆
秀隆
そして秋は自分の中で、一つの答えにたどり着いた。
そして秋は自分の中で、一つの答えにたどり着いた。
自分が許される方法は、自らの命で償うしかないと
自分が許される方法は、自らの命で償うしかないと
秀隆
秀隆
オレが少し家を空けた時、あいつは、自殺を図っていた
オレが少し家を空けた時、あいつは、自殺を図っていた
秀隆
秀隆
言葉じゃ、秋をこの世界に繋ぎとめて置くことは出来なかった
言葉じゃ、秋をこの世界に繋ぎとめて置くことは出来なかった
秀隆
秀隆
オレは怒ったよ。命を粗末にする秋を、許せなかった
オレは怒ったよ。命を粗末にする秋を、許せなかった
秀隆
秀隆
そして、それと同時に秋を絶対に死なせてはいけないと悟った
そして、それと同時に秋を絶対に死なせてはいけないと悟った
秀隆
秀隆
当たり前だ。オレの大切な家族を、二度と失いたくないからだ
当たり前だ。オレの大切な家族を、二度と失いたくないからだ
杉村
杉村
……あなたは、自分を
……あなたは、自分を
にえ
にえ
にしたのね……？
にしたのね……？
裕輔
裕輔
贄……？
贄……？
秀隆
秀隆
優しさは残酷だ。慰めも残酷だ。
優しさは残酷だ。慰めも残酷だ。
本来人を救うその行為は、秋にとって毒だった
本来人を救うその行為は、秋にとって毒だった
秀隆
秀隆
その残酷な行為をオレが繰り返したせいで、秋は自ら命を絶ってしまった
その残酷な行為をオレが繰り返したせいで、秋は自ら命を絶ってしまった
秀隆
秀隆
優しく、大切に接すれば接するほど、秋は苦しんだんだろうな
優しく、大切に接すれば接するほど、秋は苦しんだんだろうな
秀隆
秀隆
姉さんを死なせた恨み事を一つも言わないオレに対して、心を閉ざしていった
姉さんを死なせた恨み事を一つも言わないオレに対して、心を閉ざしていった
秀隆
秀隆
オレは秋の自殺を見た時に思ったよ
オレは秋の自殺を見た時に思ったよ
秀隆
秀隆
秋を救うのは、優しさ、じゃあないって
秋を救うのは、優しさ、じゃあないって
秀隆
秀隆
なら、どうすればいい？　優しさが死であるならば、生とは？
なら、どうすればいい？　優しさが死であるならば、生とは？
秀隆
秀隆
ああ、そうか。―――それが恨みだったなら。
ああ、そうか。―――それが恨みだったなら。
オレが、秋を責め立てることで、憎しみへと変えることが出来たなら
オレが、秋を責め立てることで、憎しみへと変えることが出来たなら
秀隆
秀隆
あいつは死ぬことをやめる
あいつは死ぬことをやめる
秀隆
秀隆
そう、思ったんだ……
そう、思ったんだ……
秀隆
秀隆
オレはあいつを殴った時のことを、一度だって忘れたことはない
オレはあいつを殴った時のことを、一度だって忘れたことはない
秀隆
秀隆
手に残る感触を忘れたことなんて、一度だってない
手に残る感触を忘れたことなんて、一度だってない
秀隆
秀隆
大切な家族を本気で殴るってのが、どれほど心が痛いことか
大切な家族を本気で殴るってのが、どれほど心が痛いことか
秀隆
秀隆
だけど、最愛の家族を、残された妹を失うよりはいい
だけど、最愛の家族を、残された妹を失うよりはいい
秀隆
秀隆
オレが恨まれたっていい。生きてさえ、いてくれるのなら……
オレが恨まれたっていい。生きてさえ、いてくれるのなら……
オレは顔を上げた。
オレは顔を上げた。
そして、全員の目をゆっくりと見ていく。
そして、全員の目をゆっくりと見ていく。
秀隆
秀隆
こんなことが秋に知れたら、あいつは……どうなると思う？
こんなことが秋に知れたら、あいつは……どうなると思う？
秀隆
秀隆
オレが、おまえらに取り繕うために、堂々と嘘をついている。
オレが、おまえらに取り繕うために、堂々と嘘をついている。
そう考えてくれるならまだいい。だが……
そう考えてくれるならまだいい。だが……
秀隆
秀隆
あいつが過去を思い出してしまったら。
あいつが過去を思い出してしまったら。
きっとあいつは自分を責める。そしたら、また命を絶つかも知れない
きっとあいつは自分を責める。そしたら、また命を絶つかも知れない
秀隆
秀隆
だからどうか、言わないでくれ。
だからどうか、言わないでくれ。
秋を―――オレから、家族を奪わないでくれ……
秋を―――オレから、家族を奪わないでくれ……
希望
希望
ちょ、ちょっと待って……じゃあ昨日……
ちょ、ちょっと待って……じゃあ昨日……
秀隆
秀隆
……今更、許してくれとは言えない。
……今更、許してくれとは言えない。
そのつもりもない。ただ、秋を守るために、お前らを傷つけてしまった
そのつもりもない。ただ、秋を守るために、お前らを傷つけてしまった
秀隆
秀隆
そのことは本当にすまないと思っている
そのことは本当にすまないと思っている
凛
凛
あんた、どんだけ自分を虐めてんのよ……
あんた、どんだけ自分を虐めてんのよ……
昨日あたしたちに言ったことだって、全部、全部……
昨日あたしたちに言ったことだって、全部、全部……
秀隆
秀隆
秋のためなら、オレは何だってするさ……
秋のためなら、オレは何だってするさ……
秀隆
秀隆
それが自分を傷つけることなら、楽なもんだ
それが自分を傷つけることなら、楽なもんだ
秀隆
秀隆
だから秋に伝えるのだけはやめてほしい。
だから秋に伝えるのだけはやめてほしい。
あいつはオレを恨み続けることで、何とか今を生きている
あいつはオレを恨み続けることで、何とか今を生きている
秀隆
秀隆
こんなことを知ったら
こんなことを知ったら
希望
希望
……そんなの悲しすぎるよ
……そんなの悲しすぎるよ
秀隆
秀隆
今以上を望もうなんて思っちゃいない
今以上を望もうなんて思っちゃいない
裕輔
裕輔
事情は、全部分かった
事情は、全部分かった
裕輔
裕輔
このことは、確かに秋の耳に入れない方がいいだろう
このことは、確かに秋の耳に入れない方がいいだろう
希望
希望
でもそれじゃ、秀隆くんは、一生秋ちゃんに恨まれ続けるよ
でもそれじゃ、秀隆くんは、一生秋ちゃんに恨まれ続けるよ
裕輔
裕輔
そうする他ない。違うか？
そうする他ない。違うか？
希望
希望
秋ちゃんだって、秀隆くんの気持ちを知ればきっと
秋ちゃんだって、秀隆くんの気持ちを知ればきっと
杉村
杉村
それは、分からないわね……
それは、分からないわね……
杉村
杉村
秋ちゃんは、自分を強く責める子よ。
秋ちゃんは、自分を強く責める子よ。
お姉さんの死に対する責任と、
お姉さんの死に対する責任と、
そして島津くんの優しさに、心は耐えられなくなる
そして島津くんの優しさに、心は耐えられなくなる
希望
希望
そんなのってないよ……。
そんなのってないよ……。
大切に想ってる人に、恨まれ続けるなんて……
大切に想ってる人に、恨まれ続けるなんて……
秀隆
秀隆
いいんだよ希望。今までだってそうしてきた。
いいんだよ希望。今までだってそうしてきた。
秋が生きていてくれるなら、それで満足なんだ
秋が生きていてくれるなら、それで満足なんだ
ユウキ
ユウキ
な、なぁ。だとしたら早めに手を打たないとまずいんじゃないか？
な、なぁ。だとしたら早めに手を打たないとまずいんじゃないか？
秀隆
秀隆
どういうことだ？
どういうことだ？
ざわ、と周囲が慌てだした。
ざわ、と周囲が慌てだした。
裕輔
裕輔
すまないが、俺は一度席を外す。
すまないが、俺は一度席を外す。
俺たちがやろうとしていたことは、失敗だったようだ
俺たちがやろうとしていたことは、失敗だったようだ
杉村
杉村
どういうこと？
どういうこと？
裕輔
裕輔
今日、この場に秋を呼ぶようにキズナに頼んでいた
今日、この場に秋を呼ぶようにキズナに頼んでいた
ユウキ
ユウキ
もうすぐ秋ちゃんを連れてくる手はずだったんだよ。
もうすぐ秋ちゃんを連れてくる手はずだったんだよ。
それで二人に仲直りしてもらうつもりだったからさ……
それで二人に仲直りしてもらうつもりだったからさ……
秀隆
秀隆
だからキズナがいなかったのか……
だからキズナがいなかったのか……
この場には絶対いそうなものだが、見当たらないのは不自然だと思っていた。
この場には絶対いそうなものだが、見当たらないのは不自然だと思っていた。
裕輔
裕輔
今この場に秋が来ても、説明できることは何も無い
今この場に秋が来ても、説明できることは何も無い
秀隆
秀隆
悪いけど、そうしてくれ。どうせ真実を話すつもりはない
悪いけど、そうしてくれ。どうせ真実を話すつもりはない
凛
凛
そうね……すぐ、連絡しないと
そうね……すぐ、連絡しないと
裕輔が、入り口の扉に手をかけようとした。
裕輔が、入り口の扉に手をかけようとした。
その時―――。
その時―――。
扉の向こうで、微かに音がした。
扉の向こうで、微かに音がした。
そして、遠ざかっていく足音。
そして、遠ざかっていく足音。
嫌な予感しか、しない……。
嫌な予感しか、しない……。
ユウキ
ユウキ
な、なあ……今の……
な、なあ……今の……
裕輔が扉を開く。
裕輔が扉を開く。
se医務室（杉村さん部屋）
se医務室（杉村さん部屋）
キズナ
キズナ
…………
…………
そこに立っていたのは、キズナだった。
そこに立っていたのは、キズナだった。
裕輔
裕輔
まさか……
まさか……
キズナ
キズナ
はい……さすがに私も、想定外でした。ひーくんの話
はい……さすがに私も、想定外でした。ひーくんの話
キズナが手首を見せる。
キズナが手首を見せる。
そこには、誰かがキズナの手首を握った手のあとが強く残っていた。
そこには、誰かがキズナの手首を握った手のあとが強く残っていた。
キズナ
キズナ
全部、知られてしまったようです。あっきーに
全部、知られてしまったようです。あっきーに
どうしてこう、次から次へと、危うい方向へと進んでしまうのか。
どうしてこう、次から次へと、危うい方向へと進んでしまうのか。
それが、オレに課せられた呪いなのか？
それが、オレに課せられた呪いなのか？
姉さん……。
姉さん……。
…………。
…………。
……。
……。
