何の手立ても浮かばないまま、数日が過ぎた。
何の手立ても浮かばないまま、数日が過ぎた。
オレは朝、一人で静かに朝食をとる。
オレは朝、一人で静かに朝食をとる。
秋は起きて来ない。
秋は起きて来ない。
まだ熱が引いていないのか。
まだ熱が引いていないのか。
熱があるなら、ルール適用外だ。
熱があるなら、ルール適用外だ。
秀隆
秀隆
どうするかな……
どうするかな……
アクセラを助けてやりたいって思い。
アクセラを助けてやりたいって思い。
どうしようもないだろと思う気持ち。
どうしようもないだろと思う気持ち。
それらが入り混じって、半ばパニック状態だ。
それらが入り混じって、半ばパニック状態だ。
何をすることが正しくて、何が間違いなのか。
何をすることが正しくて、何が間違いなのか。
誰か明確な答えを持った奴が居てくれればいいのに。
誰か明確な答えを持った奴が居てくれればいいのに。
ありもしないことを期待しても、駄目なんだけどな。
ありもしないことを期待しても、駄目なんだけどな。
秋
秋
…………
…………
真っ青な顔をして、じっとテーブルを見つめている。
真っ青な顔をして、じっとテーブルを見つめている。
誰の目にも、まだ体調が悪いのは明らかだった。
誰の目にも、まだ体調が悪いのは明らかだった。
秀隆
秀隆
……寝てなくていいのか？
……寝てなくていいのか？
秋
秋
大丈夫です……
大丈夫です……
秀隆
秀隆
何が大丈夫だよ。全然大丈夫じゃないだろ
何が大丈夫だよ。全然大丈夫じゃないだろ
秋
秋
私が大丈夫だと言ってるんです、気にしないでください
私が大丈夫だと言ってるんです、気にしないでください
秀隆
秀隆
……しらねえからな
……しらねえからな
黙々と食事を始めるオレとは対照的に、
黙々と食事を始めるオレとは対照的に、
体調の優れない秋の動きは遅く、おぼつかない様子だった。
体調の優れない秋の動きは遅く、おぼつかない様子だった。
秀隆
秀隆
そんなに体調が悪いなら、休んでれば良かっただろ
そんなに体調が悪いなら、休んでれば良かっただろ
秀隆
秀隆
それとも、わざとオレに迷惑をかけてるのか？
それとも、わざとオレに迷惑をかけてるのか？
秋
秋
兄さんに迷惑なんてかけません
兄さんに迷惑なんてかけません
秀隆
秀隆
あぁそうかよ
あぁそうかよ
秋
秋
…………
…………
秀隆
秀隆
…………
…………
２人きりの食事。
２人きりの食事。
２人きりの時間。
２人きりの時間。
それが家族同士なら、きっと心温まる瞬間なんだろう。
それが家族同士なら、きっと心温まる瞬間なんだろう。
でも
でも
秋
秋
あっ
あっ
手に持ったスプーンを、床へと落とす秋。
手に持ったスプーンを、床へと落とす秋。
それを拾おうとして、テーブルのトレーに腕をあててしまう。
それを拾おうとして、テーブルのトレーに腕をあててしまう。
ガシャンと音を立てトレーごと床へと落ちる。
ガシャンと音を立てトレーごと床へと落ちる。
当然、トレーに乗っていた食べ物も散乱して。
当然、トレーに乗っていた食べ物も散乱して。
秋は苛立ちを含んでいたが、何も言わず床に座り込む。
秋は苛立ちを含んでいたが、何も言わず床に座り込む。
そして、黙々とその後片付けを始めた。
そして、黙々とその後片付けを始めた。
秀隆
秀隆
謝罪の一言もなしか？
謝罪の一言もなしか？
秋
秋
……謝罪？　兄さんに？　どうしてですか
……謝罪？　兄さんに？　どうしてですか
秋
秋
私が落としたので、私が片付けているだけです
私が落としたので、私が片付けているだけです
秋
秋
それに、今日の食事は佐々野さんが用意したものですから
それに、今日の食事は佐々野さんが用意したものですから
秀隆
秀隆
先日から何だよ、その態度は
先日から何だよ、その態度は
秋
秋
その態度ってなんですか。私は今も昔もこうです
その態度ってなんですか。私は今も昔もこうです
秀隆
秀隆
そんなわけないだろ
そんなわけないだろ
秋
秋
兄さんこそ、やけに私に構うじゃないですか
兄さんこそ、やけに私に構うじゃないですか
秀隆
秀隆
オレは別に
オレは別に
秋
秋
私のことは放っておいてください
私のことは放っておいてください
秀隆
秀隆
ちっ
ちっ
秋
秋
何をイライラしてるんですか。私のせいですか？
何をイライラしてるんですか。私のせいですか？
秀隆
秀隆
うるさい……
うるさい……
秋
秋
私に当たらないでください
私に当たらないでください
秀隆
秀隆
もういい、喋るな
もういい、喋るな
秋
秋
そう言われると、喋りたくなります
そう言われると、喋りたくなります
秋
秋
そもそも
そもそも
秀隆
秀隆
うるさいって言ってるだろ！
うるさいって言ってるだろ！
オレは、座り込む秋の胸倉を掴み上げていた。
オレは、座り込む秋の胸倉を掴み上げていた。
秋
秋
……殴りますか？　私を
……殴りますか？　私を
秀隆
秀隆
黙れって言ってるんだ……
黙れって言ってるんだ……
秋
秋
黙りません
黙りません
秀隆
秀隆
…………
…………
オレを見据える目には、怒りも恐怖もない。
オレを見据える目には、怒りも恐怖もない。
ただただ、死にたいと言う欲求が滲み出ていた。
ただただ、死にたいと言う欲求が滲み出ていた。
反吐が出る。
反吐が出る。
秋
秋
何をじっと見てるんですか。殴らなくていいんですか？
何をじっと見てるんですか。殴らなくていいんですか？
殴ってやる……殴ってやるよ。
殴ってやる……殴ってやるよ。
秀隆
秀隆
そこまで望むなら
そこまで望むなら
気がつくと、オレは右手を振り上げていた。
気がつくと、オレは右手を振り上げていた。
だが、オレは寸前の所で腕を止めてしまう。
だが、オレは寸前の所で腕を止めてしまう。
秋
秋
殴らないでいいんですか
殴らないでいいんですか
秀隆
秀隆
殴ったりなんて、しない……
殴ったりなんて、しない……
秋
秋
……何を遠慮してるんです？　殴ればいいじゃないですか
……何を遠慮してるんです？　殴ればいいじゃないですか
秋
秋
また、あの時みたいに、殴ればいいじゃないですか！
また、あの時みたいに、殴ればいいじゃないですか！
秀隆
秀隆
なに、言ってる……。オレは、お前を殴ったりなんか……
なに、言ってる……。オレは、お前を殴ったりなんか……
秋
秋
つくづく自分に都合のいい人ですね……
つくづく自分に都合のいい人ですね……
秋
秋
私は覚えてますよ。兄さんに本気で殴られたこと
私は覚えてますよ。兄さんに本気で殴られたこと
秋
秋
思い出してください
思い出してください
秀隆
秀隆
やめろ……
やめろ……
秋
秋
何度も何度も殴りましたよね？　顔も、お腹も、身体も
何度も何度も殴りましたよね？　顔も、お腹も、身体も
秀隆
秀隆
やめろ！！！
やめろ！！！
どうして、いつ、どこで？
どうして、いつ、どこで？
オレたち兄妹は間違ったんだろう……。
オレたち兄妹は間違ったんだろう……。
今日も、そんなことを考える。
今日も、そんなことを考える。
秀隆
秀隆
…………
…………
まどか
まどか
島津くん、ちょっといい？
島津くん、ちょっといい？
秀隆
秀隆
…………
…………
まどか
まどか
島津くん？
島津くん？
秀隆
秀隆
え、あ、どうしたんだ？
え、あ、どうしたんだ？
まどか
まどか
秋ちゃんのことで悩んでるんでしょうけど、
秋ちゃんのことで悩んでるんでしょうけど、
仕事中にぼーっとすることが増えてるわよ。注意して
仕事中にぼーっとすることが増えてるわよ。注意して
秀隆
秀隆
悪い
悪い
まどか
まどか
ちょっと、資料整理を手伝ってもらいたいんだけど、いい？
ちょっと、資料整理を手伝ってもらいたいんだけど、いい？
秀隆
秀隆
ああ。今は手が空いてるから、任せてくれ
ああ。今は手が空いてるから、任せてくれ
オレはまどかから資料を受け取る。
オレはまどかから資料を受け取る。
まどか
まどか
それじゃあ、よろしくね
それじゃあ、よろしくね
このまま、ずっと仕事をしていられたら。
このまま、ずっと仕事をしていられたら。
何も考えずに過ごせたらどれだけ楽だろう。
何も考えずに過ごせたらどれだけ楽だろう。
だけど、時間は残酷に過ぎていく。
だけど、時間は残酷に過ぎていく。
帰宅したオレを待っていたのは、暗いリビング。
帰宅したオレを待っていたのは、暗いリビング。
玄関には秋の靴が置かれてある。
玄関には秋の靴が置かれてある。
秀隆
秀隆
…………
…………
リビングは静まり返っていた。
リビングは静まり返っていた。
台所には１つ、コップが置かれてあり、水滴が付着していた。
台所には１つ、コップが置かれてあり、水滴が付着していた。
起きた秋が、水を飲んだってところだろう。
起きた秋が、水を飲んだってところだろう。
部屋に戻るなり、オレはすぐベッドに横になった。
部屋に戻るなり、オレはすぐベッドに横になった。
秀隆
秀隆
しんどい……
しんどい……
オレまで熱が出てきそうだ。
オレまで熱が出てきそうだ。
少し休もう。
少し休もう。
…………。
…………。
……。
……。
深夜、オレは足音を殺しアクセラの部屋に向かった。
深夜、オレは足音を殺しアクセラの部屋に向かった。
部屋は当然静まり返っていて、呼吸の音すら聞こえない。
部屋は当然静まり返っていて、呼吸の音すら聞こえない。
秀隆
秀隆
……おまえがいなくなって、オレも秋も参ってるよ
……おまえがいなくなって、オレも秋も参ってるよ
横になったアクセラは微動だにしない。
横になったアクセラは微動だにしない。
秀隆
秀隆
ったく……どうしてこんなになっちまったんだ……
ったく……どうしてこんなになっちまったんだ……
秀隆
秀隆
なんで、壊れちまったんだよ……
なんで、壊れちまったんだよ……
アクセラの存在は、大きかった。
アクセラの存在は、大きかった。
家に家族が居ることのありがたみ。
家に家族が居ることのありがたみ。
家族を失うことの悲しみ。
家族を失うことの悲しみ。
そうだ、５年前だって、同じような気持ちだった。
そうだ、５年前だって、同じような気持ちだった。
もう家族を失うのは嫌なんだ……。
もう家族を失うのは嫌なんだ……。
秀隆
秀隆
アクセラ……っ……
アクセラ……っ……
手を握り締めても、そこに体温はない。
手を握り締めても、そこに体温はない。
時間と共に機能が失われているのか、死人同然だった。
時間と共に機能が失われているのか、死人同然だった。
小さく音を立てて、部屋の扉が開いた。
小さく音を立てて、部屋の扉が開いた。
秋
秋
っ……
っ……
秋だった。
秋だった。
秀隆
秀隆
……どうした、こんな夜中に
……どうした、こんな夜中に
秋
秋
水を、飲もうと思って……そしたら、音が聞こえたから……
水を、飲もうと思って……そしたら、音が聞こえたから……
秋
秋
もしかしたら、アクセラが動いたのかと……
もしかしたら、アクセラが動いたのかと……
秀隆
秀隆
そうか……
そうか……
辛辣な表情を浮かべたままの秋が、後ろに立った。
辛辣な表情を浮かべたままの秋が、後ろに立った。
頬は赤く腫れ、痛々しい姿になっている。
頬は赤く腫れ、痛々しい姿になっている。
秀隆
秀隆
体調はどうだ、熱は引いたのか？
体調はどうだ、熱は引いたのか？
秋
秋
……私の体調は気にしないでください
……私の体調は気にしないでください
そう言われたら、これ以上言えることはない。
そう言われたら、これ以上言えることはない。
秋
秋
このまま、アクセラを見殺しにするしか方法はないの……？
このまま、アクセラを見殺しにするしか方法はないの……？
秀隆
秀隆
それは……
それは……
オレだって、アクセラをこのまま失いたくはない。
オレだって、アクセラをこのまま失いたくはない。
だが、事はそうシンプルではないのだ。
だが、事はそうシンプルではないのだ。
秀隆
秀隆
仕方ないだろ、こうなってしまった以上は。
仕方ないだろ、こうなってしまった以上は。
こんな日が来ることは、予想できていたことだ。そうだろ
こんな日が来ることは、予想できていたことだ。そうだろ
秋
秋
あの時と、今とじゃ状況は異なります。
あの時と、今とじゃ状況は異なります。
もう、アクセラ抜きで、兄さんとは暮らせません。
もう、アクセラ抜きで、兄さんとは暮らせません。
それは兄さんだって同じはずです。違いますか？
それは兄さんだって同じはずです。違いますか？
何も違わない。
何も違わない。
秋の言う通り、オレも秋も、もう兄妹であって兄妹じゃない。
秋の言う通り、オレも秋も、もう兄妹であって兄妹じゃない。
壊れてしまった関係。
壊れてしまった関係。
その関係を無理やり繋ぎとめていたのがアクセラの存在だ。
その関係を無理やり繋ぎとめていたのがアクセラの存在だ。
彼女なしで、島津家の関係は成立しない。
彼女なしで、島津家の関係は成立しない。
秀隆
秀隆
アクセラ
アクセラ
もう一度話しかけてみるが、反応はない。
もう一度話しかけてみるが、反応はない。
でもきっと、オレの言葉は、まだ届いている。
でもきっと、オレの言葉は、まだ届いている。
届いてくれているはずだ。
届いてくれているはずだ。
秋
秋
私は、数えきれないほどアクセラに助けられてきました。
私は、数えきれないほどアクセラに助けられてきました。
それは兄さんだって同じはずです
それは兄さんだって同じはずです
秋
秋
無茶なことは分かってますが……アクセラを、助けて
無茶なことは分かってますが……アクセラを、助けて
オレに殴られながら、ぶつかり合いながら、
オレに殴られながら、ぶつかり合いながら、
殺したいほど憎み合いながら。
殺したいほど憎み合いながら。
それでも、秋はアクセラを救って欲しいと、言葉を絞りだした。
それでも、秋はアクセラを救って欲しいと、言葉を絞りだした。
アクセラが大切な家族だからだ。
アクセラが大切な家族だからだ。
秋にとって、たった一人、愛することの出来る家族だからだ。
秋にとって、たった一人、愛することの出来る家族だからだ。
自分の心を傷つけてまで、アクセラを救いたいと考えている。
自分の心を傷つけてまで、アクセラを救いたいと考えている。
そのことだけは、痛いほどに伝わってきた。
そのことだけは、痛いほどに伝わってきた。
秀隆
秀隆
…………
…………
秋
秋
なんて……無理ですよね……もう、無理ですよね
なんて……無理ですよね……もう、無理ですよね
秋の声が、やがて色を失っていく。
秋の声が、やがて色を失っていく。
アクセラの死を、受け入れていく。
アクセラの死を、受け入れていく。
秀隆
秀隆
オレは、おまえを助けるつもりなんてない
オレは、おまえを助けるつもりなんてない
秀隆
秀隆
だけど……アクセラを助けたいとは思ってる
だけど……アクセラを助けたいとは思ってる
もう、これ以上悩む必要がどこにある。
もう、これ以上悩む必要がどこにある。
覚悟を決めるしかない。
覚悟を決めるしかない。
これからの生活も何も、アクセラがいなくなれば全てお終いだ。
これからの生活も何も、アクセラがいなくなれば全てお終いだ。
そんなこと、最初から分かっていたはずだ。
そんなこと、最初から分かっていたはずだ。
全てを失うリスクを背負わずして、直せないのなら、
全てを失うリスクを背負わずして、直せないのなら、
そのリスクを背負ってしまえばいい。
そのリスクを背負ってしまえばいい。
それだけの価値が、アクセラにはある。
それだけの価値が、アクセラにはある。
秀隆
秀隆
……オレに考えがある
……オレに考えがある
秋
秋
……え？
……え？
秀隆
秀隆
アクセラを直す方法が、あるかも知れない
アクセラを直す方法が、あるかも知れない
秋
秋
本当、ですか？
本当、ですか？
秀隆
秀隆
ああ……
ああ……
少し前から、考えていたことだ。
少し前から、考えていたことだ。
アクセラを直せるとしたら、恐らくその方法しかない。
アクセラを直せるとしたら、恐らくその方法しかない。
時刻は深夜２時を回ったところ。
時刻は深夜２時を回ったところ。
もし行動するとしたら、今がベストだろう。
もし行動するとしたら、今がベストだろう。
秀隆
秀隆
秋、今から出かける準備をする
秋、今から出かける準備をする
秋
秋
今から……こんな時間に、ですか
今から……こんな時間に、ですか
秀隆
秀隆
手間だとは思うんだが、アクセラを着替えさせてやってくれ
手間だとは思うんだが、アクセラを着替えさせてやってくれ
例え深夜でも、さすがにメイドの格好では目立つ。
例え深夜でも、さすがにメイドの格好では目立つ。
秋
秋
わかりました……
わかりました……
秀隆
秀隆
やれることはやってみる。だが、直せる保証はないぞ
やれることはやってみる。だが、直せる保証はないぞ
秋
秋
はい、それは……覚悟しています
はい、それは……覚悟しています
オレはその間に、自分の部屋へと戻る。
オレはその間に、自分の部屋へと戻る。
そして鍵を使い引き出しを開けた。
そして鍵を使い引き出しを開けた。
下手したら、オレは家に戻って来れない可能性がある。
下手したら、オレは家に戻って来れない可能性がある。
引き出しから取り出した、一枚のメモリ。
引き出しから取り出した、一枚のメモリ。
それを机の上に置き、オレはリビングに出た。
それを机の上に置き、オレはリビングに出た。
２０分ほどして、秋は部屋から出てきた。
２０分ほどして、秋は部屋から出てきた。
秋
秋
着替えの方、終わりました
着替えの方、終わりました
秀隆
秀隆
そうか
そうか
秋は額に汗を浮かべている。
秋は額に汗を浮かべている。
体調が悪い状態で、よく着替えさせたと思う。
体調が悪い状態で、よく着替えさせたと思う。
椅子に座ろうとして、ふらりとテーブルに倒れこんだ。
椅子に座ろうとして、ふらりとテーブルに倒れこんだ。
秋
秋
……後は、お願いします
……後は、お願いします
オレは一度頷いて、アクセラの部屋へ。
オレは一度頷いて、アクセラの部屋へ。
着替え終わっても、アクセラは微動だにする様子がなかった。
着替え終わっても、アクセラは微動だにする様子がなかった。
アクセラを起こし、自分の背中にかつぐ。
アクセラを起こし、自分の背中にかつぐ。
秀隆
秀隆
ぐ……
ぐ……
秀隆
秀隆
中々、重いな……！
中々、重いな……！
想像以上の重量に、思わず前のめりに倒れそうになった。
想像以上の重量に、思わず前のめりに倒れそうになった。
秀隆
秀隆
女の子は軽いって言うオレの幻想が打ち砕かれた気分だ
女の子は軽いって言うオレの幻想が打ち砕かれた気分だ
とは言え……。
とは言え……。
オレは気合でアクセラを背負った。
オレは気合でアクセラを背負った。
オレには頑張れる理由がある。
オレには頑張れる理由がある。
この
この
背中にあたる、大きなおっぱいの感触のために！
背中にあたる、大きなおっぱいの感触のために！
秀隆
秀隆
体温がないのは不気味だけどな……
体温がないのは不気味だけどな……
でも、柔らかい。
でも、柔らかい。
柔らかければ、それで許される。
柔らかければ、それで許される。
秀隆
秀隆
い、いかん、別の意味で前のめりになりそうだ……
い、いかん、別の意味で前のめりになりそうだ……
秀隆
秀隆
ちょっと我慢してくれよ
ちょっと我慢してくれよ
深夜の静かな街を、アクセラと二人で歩く。
深夜の静かな街を、アクセラと二人で歩く。
秀隆
秀隆
見えるか？　おまえにとっちゃ、５年ぶりの外だ
見えるか？　おまえにとっちゃ、５年ぶりの外だ
秀隆
秀隆
思えば、おまえには悪いことをしたのかもしれない
思えば、おまえには悪いことをしたのかもしれない
秀隆
秀隆
アンドロイドだからって、
アンドロイドだからって、
ずっと家の中に閉じ込め続けてしまった
ずっと家の中に閉じ込め続けてしまった
秀隆
秀隆
オレたちの罪を隠すために、犠牲にしてしまった……
オレたちの罪を隠すために、犠牲にしてしまった……
それは、許されて良いことではない。
それは、許されて良いことではない。
秀隆
秀隆
悪かったな……
悪かったな……
アクセラの瞳に、この景色は映っているのだろうか。
アクセラの瞳に、この景色は映っているのだろうか。
ちゃんと、オレの顔は見えているだろうか？
ちゃんと、オレの顔は見えているだろうか？
それとも何も見えず、何も聞こえないのだろうか。
それとも何も見えず、何も聞こえないのだろうか。
秀隆
秀隆
後でいくらでも不満聞いてやるから、少しだけ我慢してくれ
後でいくらでも不満聞いてやるから、少しだけ我慢してくれ
ゆっくりと、ゆっくりとオレは目的地へと歩き出す。
ゆっくりと、ゆっくりとオレは目的地へと歩き出す。
ここまでたどり着くのに、１時間ほどかかってしまった。
ここまでたどり着くのに、１時間ほどかかってしまった。
秀隆
秀隆
すみません
すみません
ゲートの前に立つ警備員さんに声をかける。
ゲートの前に立つ警備員さんに声をかける。
警備員
警備員
あんたか。こんな遅くにどうした？
あんたか。こんな遅くにどうした？
何度も足を運んでいたおかげか、
何度も足を運んでいたおかげか、
すっかり顔を覚えてもらえたようで助かる。
すっかり顔を覚えてもらえたようで助かる。
秀隆
秀隆
アポはないんですが、どうしても社長にお会いしたいんです
アポはないんですが、どうしても社長にお会いしたいんです
警備員
警備員
社長に？　何時だと思ってるんだ。出直しなさい
社長に？　何時だと思ってるんだ。出直しなさい
秀隆
秀隆
お手数ですが、今すぐ掛け合っていただけないでしょうか
お手数ですが、今すぐ掛け合っていただけないでしょうか
警備員
警備員
緊急、と言うことか……
緊急、と言うことか……
オレの支えるアクセラへと視線を向けた。
オレの支えるアクセラへと視線を向けた。
秀隆
秀隆
はい。どうしても今、お会いしたいんです
はい。どうしても今、お会いしたいんです
警備員
警備員
……ちょっと待て
……ちょっと待て
警備員さんはそう言うと、機器を手に取った。
警備員さんはそう言うと、機器を手に取った。
ほどなくして、やりとりを終えた警備員さんがこちらを向いた。
ほどなくして、やりとりを終えた警備員さんがこちらを向いた。
警備員
警備員
許可が下りた。入ってくれ
許可が下りた。入ってくれ
秀隆
秀隆
ありがとうございます。恩にきます
ありがとうございます。恩にきます
se倉屋敷重工（エレベータ
se倉屋敷重工（エレベータ
エントランスからエレベーターに乗り込み最上階へ。
エントランスからエレベーターに乗り込み最上階へ。
そして、社長室へとやって来た。
そして、社長室へとやって来た。
秀隆
秀隆
ついたぞ
ついたぞ
許可は貰ってないが、アクセラを座らせる。
許可は貰ってないが、アクセラを座らせる。
程なくして、奥から気だるそうな倉屋敷社長が姿を見せた。
程なくして、奥から気だるそうな倉屋敷社長が姿を見せた。
和葉
和葉
こんな夜中に訪ねてくるなんて、相変わらずふざけた奴だな。
こんな夜中に訪ねてくるなんて、相変わらずふざけた奴だな。
今回はどんな厄介ごとを持ってきたんだ？
今回はどんな厄介ごとを持ってきたんだ？
寝ていた、と言うわけではなさそうだ。
寝ていた、と言うわけではなさそうだ。
秀隆
秀隆
はは、耳が痛いですね……
はは、耳が痛いですね……
秀隆
秀隆
厄介ごと、ってのは残念ながら否定できませんが
厄介ごと、ってのは残念ながら否定できませんが
そういいオレはアクセラへと視線を移す。
そういいオレはアクセラへと視線を移す。
和葉
和葉
そいつは？
そいつは？
秀隆
秀隆
アクセラと言って、うちのアンドロイドです
アクセラと言って、うちのアンドロイドです
和葉
和葉
ふうん。で？
ふうん。で？
秀隆
秀隆
最近、挙動がおかしく、言葉を間違えたり、
最近、挙動がおかしく、言葉を間違えたり、
あるいは物忘れをするというようなことがありまして
あるいは物忘れをするというようなことがありまして
秀隆
秀隆
先日機能が、停止してしまいました
先日機能が、停止してしまいました
和葉
和葉
アンドロイドは万能じゃない。故障することもある。
アンドロイドは万能じゃない。故障することもある。
まして不調と分かっていながら放置したなら無理ないことだろ
まして不調と分かっていながら放置したなら無理ないことだろ
秀隆
秀隆
すみません
すみません
和葉
和葉
しかし、なんであたしのところに持ってきた
しかし、なんであたしのところに持ってきた
和葉
和葉
自分とこのアンドロイドが故障して不安な気持ちは分かるが、
自分とこのアンドロイドが故障して不安な気持ちは分かるが、
見たところそれほど重い故障じゃない
見たところそれほど重い故障じゃない
一目見ただけで、ある程度把握してしまったのか。
一目見ただけで、ある程度把握してしまったのか。
あるいは、彼女にかかってしまっては、どんな故障も大したことはないのか。
あるいは、彼女にかかってしまっては、どんな故障も大したことはないのか。
和葉
和葉
下のフロアには修理専門の連中がいる、そこに持っていきな
下のフロアには修理専門の連中がいる、そこに持っていきな
秀隆
秀隆
いえ……それができないので、こちらに直接お伺いしました
いえ……それができないので、こちらに直接お伺いしました
和葉
和葉
意味不明だ
意味不明だ
ユウキ
ユウキ
あれ？　秀隆じゃん
あれ？　秀隆じゃん
秀隆
秀隆
ユウキか
ユウキか
ユウキ
ユウキ
うお、その可愛い子誰！？
うお、その可愛い子誰！？
秀隆
秀隆
うちのアンドロイドだ
うちのアンドロイドだ
ユウキ
ユウキ
なんだ、アンドロイドか。期待して損したぜ。あ、お前もコーヒー飲む？
なんだ、アンドロイドか。期待して損したぜ。あ、お前もコーヒー飲む？
秀隆
秀隆
いや、大丈夫だ
いや、大丈夫だ
ユウキ
ユウキ
そか。ほい和葉ちん
そか。ほい和葉ちん
和葉
和葉
ん
ん
コーヒーを受け取り、和葉はコーヒーを飲む。
コーヒーを受け取り、和葉はコーヒーを飲む。
秀隆
秀隆
修理に出せない理由は……
修理に出せない理由は……
秀隆
秀隆
……このアンドロイドの所有者は……オレじゃないんです
……このアンドロイドの所有者は……オレじゃないんです
和葉
和葉
話が呑み込めないな
話が呑み込めないな
秀隆
秀隆
アンドロイドは、この街の法律によって固く守られています。一般家庭は１世帯につき１台までしか、アンドロイドを所持することはできない
アンドロイドは、この街の法律によって固く守られています。一般家庭は１世帯につき１台までしか、アンドロイドを所持することはできない
秀隆
秀隆
その所有するアンドロイドがメンテナンスや修理、
その所有するアンドロイドがメンテナンスや修理、
あるいは買い替えであっても、持ち主の確認が必ずされます
あるいは買い替えであっても、持ち主の確認が必ずされます
和葉
和葉
子供でも知ってるような話だ
子供でも知ってるような話だ
和葉
和葉
おまえが所有者でないなら、所有者をさっさと連れてこい。
おまえが所有者でないなら、所有者をさっさと連れてこい。
そんでサポートセンターにでも持って行け
そんでサポートセンターにでも持って行け
秀隆
秀隆
……このアンドロイドは……アクセラは……
……このアンドロイドは……アクセラは……
５年間。
５年間。
オレと秋が、秘密にし続けていたこと。
オレと秋が、秘密にし続けていたこと。
それは
それは
秀隆
秀隆
オレが……過去に、他人から盗んだものなんです……
オレが……過去に、他人から盗んだものなんです……
和葉
和葉
……は
……は
和葉
和葉
こりゃいい。なかなか面白いことを言うじゃないか
こりゃいい。なかなか面白いことを言うじゃないか
秀隆
秀隆
事実です。オレは、罰せられることも覚悟で、ここに来ました
事実です。オレは、罰せられることも覚悟で、ここに来ました
和葉
和葉
ますます面白いな。まさかお前が盗人だったとはな
ますます面白いな。まさかお前が盗人だったとはな
ケラケラと笑う倉屋敷社長。
ケラケラと笑う倉屋敷社長。
秀隆
秀隆
普通に頼み込んでも修理してもらえないですし、
普通に頼み込んでも修理してもらえないですし、
オレが捕まってそれでおしまいです
オレが捕まってそれでおしまいです
和葉
和葉
ま、そうなるだろうな
ま、そうなるだろうな
秀隆
秀隆
オレのことは後で警察に突き出していただいても構わないので、
オレのことは後で警察に突き出していただいても構わないので、
なんとか、このアクセラを修理していただけないでしょうか？
なんとか、このアクセラを修理していただけないでしょうか？
和葉
和葉
どう処罰されても文句はないってことか
どう処罰されても文句はないってことか
秀隆
秀隆
はい
はい
倉屋敷社長は、鋭い瞳でオレを見上げた。
倉屋敷社長は、鋭い瞳でオレを見上げた。
和葉
和葉
そんなにこのアンドロイドが大切なのか
そんなにこのアンドロイドが大切なのか
秀隆
秀隆
家族です。かけがえのない家族なんです
家族です。かけがえのない家族なんです
和葉
和葉
ふん……
ふん……
和葉
和葉
そこで待ってろ。見てやる
そこで待ってろ。見てやる
秀隆
秀隆
わかりました。ありがとうございますっ
わかりました。ありがとうございますっ
秀隆
秀隆
良かった……本当に良かった
良かった……本当に良かった
オレはその場に座り込んで、安堵した。
オレはその場に座り込んで、安堵した。
オレは刑罰に問われるかもしれないが、
オレは刑罰に問われるかもしれないが、
倉屋敷社長に任せておけばアクセラは間違いなく直る。
倉屋敷社長に任せておけばアクセラは間違いなく直る。
もっとも、その後アクセラは本当の所有者の元へ戻されるだろう。
もっとも、その後アクセラは本当の所有者の元へ戻されるだろう。
だけど、最悪それでもいい。
だけど、最悪それでもいい。
アクセラを無残に殺してしまうことは、オレには出来ない。
アクセラを無残に殺してしまうことは、オレには出来ない。
ユウキ
ユウキ
よっ
よっ
秀隆
秀隆
ユウキ。どうしたんだよ
ユウキ。どうしたんだよ
ユウキ
ユウキ
待ってる間退屈だろうと思って。話し相手になるぜ
待ってる間退屈だろうと思って。話し相手になるぜ
秀隆
秀隆
悪いな。こんな遅くに押しかけて、厄介ごとを持ち込んだ
悪いな。こんな遅くに押しかけて、厄介ごとを持ち込んだ
ユウキ
ユウキ
元々かずはちんは深夜が活動時間だ、気にするなよ。
元々かずはちんは深夜が活動時間だ、気にするなよ。
それに、俺はすげぇ嬉しいんだよ。秀隆の言ったことがさ
それに、俺はすげぇ嬉しいんだよ。秀隆の言ったことがさ
秀隆
秀隆
言ったこと？
言ったこと？
ユウキ
ユウキ
アクセラってアンドロイドが、かけがえのない家族だって
アクセラってアンドロイドが、かけがえのない家族だって
秀隆
秀隆
……本当のことを、言っただけさ
……本当のことを、言っただけさ
ユウキ
ユウキ
だとしても、普通の人には簡単には言えない。
だとしても、普通の人には簡単には言えない。
そもそも秀隆は、いろんな危険を冒してまで頼んできた
そもそも秀隆は、いろんな危険を冒してまで頼んできた
ユウキ
ユウキ
肉親だったとしても、容易じゃないことさ
肉親だったとしても、容易じゃないことさ
秀隆
秀隆
そうかな……
そうかな……
ユウキ
ユウキ
アクセラちゃん、だっけ。彼女も幸せだと思うぜ
アクセラちゃん、だっけ。彼女も幸せだと思うぜ
秀隆
秀隆
そうだといいんだけどな。
そうだといいんだけどな。
オレは今まで、自分の犯罪を隠すために我慢を強いてきた。
オレは今まで、自分の犯罪を隠すために我慢を強いてきた。
アンドロイドだって、もっと自由にありたかったはずだ
アンドロイドだって、もっと自由にありたかったはずだ
秀隆
秀隆
おまえだって、ずっと家に閉じ込められたら嫌だろ？
おまえだって、ずっと家に閉じ込められたら嫌だろ？
ユウキ
ユウキ
まぁ、そりゃちょっとは不満に思うかもな
まぁ、そりゃちょっとは不満に思うかもな
秀隆
秀隆
オレはそんな生活を５年以上も押し付けてきたんだ。
オレはそんな生活を５年以上も押し付けてきたんだ。
アンドロイドだからって、何でも無茶なことをさせすぎた
アンドロイドだからって、何でも無茶なことをさせすぎた
ユウキ
ユウキ
いや、でもそれが普通なんだって。
いや、でもそれが普通なんだって。
俺たちアンドロイドは、人間のために作られたんだ
俺たちアンドロイドは、人間のために作られたんだ
秀隆
秀隆
最初はそう考えてた。いや、つい最近までだ。
最初はそう考えてた。いや、つい最近までだ。
だけど、今はそれが正しいことだとは思っていない
だけど、今はそれが正しいことだとは思っていない
秀隆
秀隆
アクセラが倒れてそう実感した
アクセラが倒れてそう実感した
秀隆
秀隆
このままアクセラが死んだら、
このままアクセラが死んだら、
オレは自分を恥じて生きることになる
オレは自分を恥じて生きることになる
ユウキ
ユウキ
それで連れてきたんだな
それで連れてきたんだな
秀隆
秀隆
ああ。他の誰かのところに持っていくより、
ああ。他の誰かのところに持っていくより、
倉屋敷社長に見てもらうのが、一番信頼できると思った
倉屋敷社長に見てもらうのが、一番信頼できると思った
ユウキ
ユウキ
そっか……
そっか……
どれだけの時間が経っただろうか。
どれだけの時間が経っただろうか。
ユウキとの会話もなくなり、オレはじっとその時を待った。
ユウキとの会話もなくなり、オレはじっとその時を待った。
se倉屋敷重工（和葉研究室
se倉屋敷重工（和葉研究室
奥の部屋から、倉屋敷社長が出てくる。
奥の部屋から、倉屋敷社長が出てくる。
秀隆
秀隆
っ！
っ！
オレは慌てて立ち上がり、倉屋敷社長へと詰め寄った。
オレは慌てて立ち上がり、倉屋敷社長へと詰め寄った。
しかし、そこにアクセラの姿はない。
しかし、そこにアクセラの姿はない。
秀隆
秀隆
……それでアクセラは？
……それでアクセラは？
和葉
和葉
ユウキ
ユウキ
ユウキ
ユウキ
あいよー
あいよー
一度ユウキは奥に消え、
一度ユウキは奥に消え、
その後ストレッチャーに乗せられたアクセラが運ばれてくる。
その後ストレッチャーに乗せられたアクセラが運ばれてくる。
秀隆
秀隆
……これは？
……これは？
横にされ、ぴくりとも動かないアクセラ。
横にされ、ぴくりとも動かないアクセラ。
手で触れてみると、熱がない。
手で触れてみると、熱がない。
完全に機能を停止させている状態だった。
完全に機能を停止させている状態だった。
先ほどまでと何ら変わらない。
先ほどまでと何ら変わらない。
和葉
和葉
今は機能を停止させている
今は機能を停止させている
秀隆
秀隆
直らなかった、んですか……？
直らなかった、んですか……？
和葉
和葉
このあたしに直せないアンドロイドがあるわけないだろ。殺すぞ
このあたしに直せないアンドロイドがあるわけないだろ。殺すぞ
秀隆
秀隆
う……ですよね
う……ですよね
アンドロイドの第一人者である倉屋敷社長なら、
アンドロイドの第一人者である倉屋敷社長なら、
どんな最悪な状態からでも直せるだろう。
どんな最悪な状態からでも直せるだろう。
和葉
和葉
故障個所自体は大したことはなかった
故障個所自体は大したことはなかった
秀隆
秀隆
じゃあ、どうして……
じゃあ、どうして……
和葉
和葉
おまえはこいつを盗んだ、と言ったな？
おまえはこいつを盗んだ、と言ったな？
秀隆
秀隆
……はい。紛れもない事実です
……はい。紛れもない事実です
和葉
和葉
その経緯を事細かに話せ。
その経緯を事細かに話せ。
そしてあたしを納得させられなければ、これは廃棄だ
そしてあたしを納得させられなければ、これは廃棄だ
秀隆
秀隆
は、廃棄！？
は、廃棄！？
秀隆
秀隆
確かにオレは、こいつの所有者じゃないです。
確かにオレは、こいつの所有者じゃないです。
でも、だからって廃棄にするなんて！
でも、だからって廃棄にするなんて！
和葉
和葉
おい
おい
秀隆
秀隆
元の所有者に返してあげることくらい出来るでしょう！？
元の所有者に返してあげることくらい出来るでしょう！？
和葉
和葉
おい
おい
秀隆
秀隆
倉屋敷しゃ
倉屋敷しゃ
秀隆
秀隆
おぶっ！？
おぶっ！？
前触れなく、強烈なボディーブローをもらった。
前触れなく、強烈なボディーブローをもらった。
和葉
和葉
うっせぇ
うっせぇ
秀隆
秀隆
い、痛いっす……
い、痛いっす……
和葉
和葉
てめぇは人の話を聞いてなかったのか？
てめぇは人の話を聞いてなかったのか？
和葉
和葉
こいつを手に入れた経緯を話せ、と言ったんだ。
こいつを手に入れた経緯を話せ、と言ったんだ。
これ以上グダグダ言えば今すぐスクラップにしてやる
これ以上グダグダ言えば今すぐスクラップにしてやる
秀隆
秀隆
う……
う……
いろいろと言いかけた言葉をあわてて呑み込む。
いろいろと言いかけた言葉をあわてて呑み込む。
この人は、やると決めたら即実行するからな……。
この人は、やると決めたら即実行するからな……。
どうやら包み隠さず話すことが、
どうやら包み隠さず話すことが、
アクセラを救う唯一の方法のようだ。
アクセラを救う唯一の方法のようだ。
ここまでさらけ出した以上、全てを語っても同じことか。
ここまでさらけ出した以上、全てを語っても同じことか。
秀隆
秀隆
……わかりました。すべて、お話しします
……わかりました。すべて、お話しします
秀隆
秀隆
ただ、ひとつだけ、お願いがあります
ただ、ひとつだけ、お願いがあります
和葉
和葉
お願いだと？
お願いだと？
秀隆
秀隆
情けない話ですが……過去のことを思い出すと、
情けない話ですが……過去のことを思い出すと、
自分を見失ってしまうことがあります……
自分を見失ってしまうことがあります……
秀隆
秀隆
もし取り乱すことがあったら、申し訳ないです……
もし取り乱すことがあったら、申し訳ないです……
和葉
和葉
安心しろ。そうなったらぶん殴ってやるから
安心しろ。そうなったらぶん殴ってやるから
秀隆
秀隆
はは……お手柔らかにお願いします
はは……お手柔らかにお願いします
seコーヒーをテーブルに置く1
seコーヒーをテーブルに置く1
社長はソファーにどかっと腰を下ろし、コーヒーカップを手に取った。
社長はソファーにどかっと腰を下ろし、コーヒーカップを手に取った。
オレもいつもの席に腰を下ろす。
オレもいつもの席に腰を下ろす。
既に、若干心音が早いが、必死にそれを抑える。
既に、若干心音が早いが、必死にそれを抑える。
秀隆
秀隆
アクセラと出会ったのは、今から５年前です……
アクセラと出会ったのは、今から５年前です……
秀隆
秀隆
オレは出会いの少し前に、家族を失いました……
オレは出会いの少し前に、家族を失いました……
秀隆
秀隆
かけがえのない、姉を失いました……
かけがえのない、姉を失いました……
そう、今でも脳裏に焼き付いている。
そう、今でも脳裏に焼き付いている。
いやよそう、今はそのことは可能な限り考えるな……。
いやよそう、今はそのことは可能な限り考えるな……。
秀隆
秀隆
オレと妹は、二人きりになりました……。
オレと妹は、二人きりになりました……。
でも、仲の良い兄妹とはお世辞にも言えませんでした
でも、仲の良い兄妹とはお世辞にも言えませんでした
秀隆
秀隆
お互いに反発しあい、ぶつかり合う毎日で……
お互いに反発しあい、ぶつかり合う毎日で……
秀隆
秀隆
山梨ビル爆発事件はご存知ですか
山梨ビル爆発事件はご存知ですか
和葉
和葉
５年前に耳にしたことはある
５年前に耳にしたことはある
秀隆
秀隆
原因不明の爆発により、多数の死傷者が出た事件ですが、
原因不明の爆発により、多数の死傷者が出た事件ですが、
オレと妹はその日、ちょうどビルの傍にいたんです
オレと妹はその日、ちょうどビルの傍にいたんです
ユウキ
ユウキ
あの時期って、やたらめったら事故が多かったよな
あの時期って、やたらめったら事故が多かったよな
そう、本当に災難続きだった。
そう、本当に災難続きだった。
秀隆
秀隆
あの日、物凄い爆発音がして、慌てて現場に行きました
あの日、物凄い爆発音がして、慌てて現場に行きました
秀隆
秀隆
ビルはひどく崩れ、黒煙と炎があがっていて、
ビルはひどく崩れ、黒煙と炎があがっていて、
すでに亡くなっている人たちの姿も見ました
すでに亡くなっている人たちの姿も見ました
秀隆
秀隆
……そして、その中にアクセラがいたんです
……そして、その中にアクセラがいたんです
秀隆
秀隆
…………
…………
秋
秋
…………
…………
悲惨な事故現場を見つめていたオレたちが見つけたもの。
悲惨な事故現場を見つめていたオレたちが見つけたもの。
秀隆
秀隆
生きて、るのか……？
生きて、るのか……？
目立った外傷もなく、瓦礫の中で座り込む１人の女性。
目立った外傷もなく、瓦礫の中で座り込む１人の女性。
秋
秋
…………
…………
秋は、黙ったまま女性へと近づいていく。
秋は、黙ったまま女性へと近づいていく。
少し迷ったが、オレも秋に続いた。
少し迷ったが、オレも秋に続いた。
秀隆
秀隆
おい、しっかりしろ。大丈夫か？
おい、しっかりしろ。大丈夫か？
肩を揺すってみるが、うんともすんとも言わない。
肩を揺すってみるが、うんともすんとも言わない。
死んでる……？
死んでる……？
女性
女性
……システムエラーが起きています……
……システムエラーが起きています……
女性
女性
ただちにシステムの再起動を要求します。
ただちにシステムの再起動を要求します。
承認されない場合、重大な欠損に繋がる恐れがあります
承認されない場合、重大な欠損に繋がる恐れがあります
秀隆
秀隆
え？　……こいつ、アンドロイドか……？
え？　……こいつ、アンドロイドか……？
秋
秋
…………
…………
オレたちの前で、無機質な声が繰り返しシステムの再起動を要求していた。
オレたちの前で、無機質な声が繰り返しシステムの再起動を要求していた。
秀隆
秀隆
ダメだ……もう壊れてる。帰るぞ
ダメだ……もう壊れてる。帰るぞ
秋
秋
…………
…………
だが、秋は傍から離れようとしなかった。
だが、秋は傍から離れようとしなかった。
秀隆
秀隆
何してる
何してる
秋
秋
……助け、られませんか……
……助け、られませんか……
秀隆
秀隆
おまえ……
おまえ……
オレの前で久しく言葉を発しなかった秋が、しゃべった。
オレの前で久しく言葉を発しなかった秋が、しゃべった。
そのことに驚きながらも、オレは冷静にそれを告げる。
そのことに驚きながらも、オレは冷静にそれを告げる。
秀隆
秀隆
アンドロイドは、管理者以外の命令は聞かないようにできてる。
アンドロイドは、管理者以外の命令は聞かないようにできてる。
例えオレたちが再起動を承認しても、認めてはくれない
例えオレたちが再起動を承認しても、認めてはくれない
アンドロイド
アンドロイド
システムの再起動の承認を確認しました
システムの再起動の承認を確認しました
秀隆
秀隆
……なに？
……なに？
こちらの声に反応したのか、女性が言葉を続ける。
こちらの声に反応したのか、女性が言葉を続ける。
アンドロイド
アンドロイド
システム再起動中。しばらくお待ちください
システム再起動中。しばらくお待ちください
アンドロイド
アンドロイド
……システム再起動、全てのメモリー消去を行っています
……システム再起動、全てのメモリー消去を行っています
アンドロイド
アンドロイド
…………システム再起動に入ります…………
…………システム再起動に入ります…………
そして、ぴたりと動きを静止した。
そして、ぴたりと動きを静止した。
瞳には光がなく、完全に停止していた。
瞳には光がなく、完全に停止していた。
やがて、瞳に光が灯る。
やがて、瞳に光が灯る。
アンドロイド
アンドロイド
……再起動完了。サーバーより現在地習得……不可。
……再起動完了。サーバーより現在地習得……不可。
続いて時間の確認……不可。サーバーに接続できません
続いて時間の確認……不可。サーバーに接続できません
アンドロイド
アンドロイド
手動での設定をお願いします
手動での設定をお願いします
アンドロイド
アンドロイド
管理者の設定がされておりません。管理者の設定を行いますか？
管理者の設定がされておりません。管理者の設定を行いますか？
秀隆
秀隆
…………
…………
本来なら、誰かにこのことを伝えるべきだった。
本来なら、誰かにこのことを伝えるべきだった。
アンドロイドは高価なものだし、
アンドロイドは高価なものだし、
持ち主が探している可能性は十分にあったからだ。
持ち主が探している可能性は十分にあったからだ。
だが、オレはそうしなかった。
だが、オレはそうしなかった。
名も知らぬアンドロイドを連れ、秋と共に家へと急いだ。
名も知らぬアンドロイドを連れ、秋と共に家へと急いだ。
秋がこのアンドロイドに対して、心を開く気がしたのだ。
秋がこのアンドロイドに対して、心を開く気がしたのだ。
秋も、オレを止めようとはしなかった。
秋も、オレを止めようとはしなかった。
オレたちの関係が、あまりに酷かったことを、
オレたちの関係が、あまりに酷かったことを、
誰よりも強く理解していたからだろう。
誰よりも強く理解していたからだろう。
そして、家に戻ったオレたちは、アンドロイドの管理者になった。
そして、家に戻ったオレたちは、アンドロイドの管理者になった。
名前をつけ、自分たちのアンドロイドにした。
名前をつけ、自分たちのアンドロイドにした。
秀隆
秀隆
これが、アクセラとの出会いです……
これが、アクセラとの出会いです……
和葉
和葉
そうか
そうか
社長は何が知りたかったのだろうか。
社長は何が知りたかったのだろうか。
和葉
和葉
なぜそんなことを聞いたのか、ってツラだな
なぜそんなことを聞いたのか、ってツラだな
秀隆
秀隆
はい……
はい……
和葉
和葉
はっきり言って、これが盗まれたものだとか、
はっきり言って、これが盗まれたものだとか、
おまえらの過去がどうだったとか、そういうことはどうでもいい
おまえらの過去がどうだったとか、そういうことはどうでもいい
和葉
和葉
あたしにとっちゃ興味の対象にもなりはしないからな
あたしにとっちゃ興味の対象にもなりはしないからな
面白そうに笑ってたくせに。
面白そうに笑ってたくせに。
和葉
和葉
まぁ警察に突き出すより、おまえを一生奴隷にしたり、
まぁ警察に突き出すより、おまえを一生奴隷にしたり、
パシリに使うなり、実験台にするなり色々プランは考えてはいたわけだが……
パシリに使うなり、実験台にするなり色々プランは考えてはいたわけだが……
怖っ、この人怖っ。
怖っ、この人怖っ。
和葉
和葉
このアンドロイドを実際に修理することで、状況が一変した
このアンドロイドを実際に修理することで、状況が一変した
秀隆
秀隆
どういうことですか
どういうことですか
和葉
和葉
こいつはＭ－２と言って、あたしが開発した数タイプ前のアンドロイドだ
こいつはＭ－２と言って、あたしが開発した数タイプ前のアンドロイドだ
和葉
和葉
しかし
しかし
和葉
和葉
こいつはノーマルタイプのアンドロイドとは異なる。
こいつはノーマルタイプのアンドロイドとは異なる。
いや、完全に別物だと言ってもいいだろう
いや、完全に別物だと言ってもいいだろう
秀隆
秀隆
どういうことですか……
どういうことですか……
和葉
和葉
俗世間に合わせて呼び名をつけるとすれば、違法アンドロイド
俗世間に合わせて呼び名をつけるとすれば、違法アンドロイド
秀隆
秀隆
違法、アンドロイド……
違法、アンドロイド……
その言葉に、オレは戸惑いを隠せなかった。
その言葉に、オレは戸惑いを隠せなかった。
無論、軽く耳にしたことはある。
無論、軽く耳にしたことはある。
だけど、それとアクセラを結びつけるものなんて……。
だけど、それとアクセラを結びつけるものなんて……。
和葉
和葉
こいつには、アンドロイド法を無視した、
こいつには、アンドロイド法を無視した、
それも非常に
それも非常に
たち
たち
性質
性質
の悪い改造が施されてるってことだ
の悪い改造が施されてるってことだ
秀隆
秀隆
なんですかそれ。こいつは別に、変なところなんか……
なんですかそれ。こいつは別に、変なところなんか……
和葉
和葉
何年も一緒に生活していて気づかなかったのか？
何年も一緒に生活していて気づかなかったのか？
秀隆
秀隆
そうは言われても、アンドロイドの所有はアクセラが初めてですし
そうは言われても、アンドロイドの所有はアクセラが初めてですし
和葉
和葉
ったく、これだから素人は
ったく、これだから素人は
秀隆
秀隆
社長から見たら、誰もが素人になりますよ……
社長から見たら、誰もが素人になりますよ……
和葉
和葉
これは倉屋敷ビルに入った人間の履歴だ
これは倉屋敷ビルに入った人間の履歴だ
そういい、こちらへとディスプレイを向ける。
そういい、こちらへとディスプレイを向ける。
和葉
和葉
今から３時間前に、おまえがビルに入った記録が残っている
今から３時間前に、おまえがビルに入った記録が残っている
秀隆
秀隆
そりゃそうです。中に入ったんですから
そりゃそうです。中に入ったんですから
和葉
和葉
だが、この時間このビルを出入りしたのはおまえだけだ
だが、この時間このビルを出入りしたのはおまえだけだ
和葉
和葉
このアンドロイドは、今現在ビルに存在しないことになっている。
このアンドロイドは、今現在ビルに存在しないことになっている。
これがどういうことだか、アホのおまえにもわかるだろう
これがどういうことだか、アホのおまえにもわかるだろう
秀隆
秀隆
アンドロイドだと……認識されてない、ってことですか
アンドロイドだと……認識されてない、ってことですか
和葉
和葉
そうだ。故障していようがいまいが、
そうだ。故障していようがいまいが、
基本的に通過記録には必ず残る。だがそれが残らない。何故だ？
基本的に通過記録には必ず残る。だがそれが残らない。何故だ？
和葉
和葉
どっかのバカが改造したものってことだ。
どっかのバカが改造したものってことだ。
もちろん、ただ認識を回避しているだけの改造じゃないがな
もちろん、ただ認識を回避しているだけの改造じゃないがな
和葉
和葉
こいつの裸を見たことはあるか？
こいつの裸を見たことはあるか？
秀隆
秀隆
はい！　……い、いえ。まぁ、事故で一度だけ
はい！　……い、いえ。まぁ、事故で一度だけ
秀隆
秀隆
いえ、見たことはありません
いえ、見たことはありません
和葉
和葉
他のアンドロイドの裸を見たことは？
他のアンドロイドの裸を見たことは？
秀隆
秀隆
ありません。それが……？
ありません。それが……？
和葉
和葉
普通のアンドロイドには、乳房はあっても乳頭はない。
普通のアンドロイドには、乳房はあっても乳頭はない。
下腹部には本来何も無いが、こいつにはそれがある
下腹部には本来何も無いが、こいつにはそれがある
秀隆
秀隆
……知らなかった
……知らなかった
オレが裸を見てしまったとき、確かにアクセラには胸があった。
オレが裸を見てしまったとき、確かにアクセラには胸があった。
あれは、他のアンドロイドには無いものだったのか……。
あれは、他のアンドロイドには無いものだったのか……。
和葉
和葉
こいつはＩＤの偽証機能、ダッチワイフの機能、
こいつはＩＤの偽証機能、ダッチワイフの機能、
パワー制御のリミッターまで解除されている
パワー制御のリミッターまで解除されている
和葉
和葉
そして……とびきりのオマケに、人間に対する危害も加えられる設定だ
そして……とびきりのオマケに、人間に対する危害も加えられる設定だ
秀隆
秀隆
危害って……
危害って……
和葉
和葉
やろうと思えば、人も殺せるってことさ
やろうと思えば、人も殺せるってことさ
秀隆
秀隆
まさか……？
まさか……？
和葉
和葉
データベースにも、こいつが正規のものとして登録された記録はなかった
データベースにも、こいつが正規のものとして登録された記録はなかった
和葉
和葉
おまえは盗んだだの犯罪だのと言っていたが、この世に存在しないものを盗んでも、犯罪にはならない。このアンドロイドが盗まれたものだとも、知らなかったようだしな
おまえは盗んだだの犯罪だのと言っていたが、この世に存在しないものを盗んでも、犯罪にはならない。このアンドロイドが盗まれたものだとも、知らなかったようだしな
和葉
和葉
おまえが改造したわけでもないだろ？
おまえが改造したわけでもないだろ？
秀隆
秀隆
さすがに、そんなことはしていません
さすがに、そんなことはしていません
和葉
和葉
だろうな
だろうな
秀隆
秀隆
信じて頂けてうれしいです
信じて頂けてうれしいです
和葉
和葉
は？　誰が誰を信じるって？
は？　誰が誰を信じるって？
秀隆
秀隆
いや、オレが改造したんじゃないって信じてくれたんですよね
いや、オレが改造したんじゃないって信じてくれたんですよね
和葉
和葉
おまえの学歴を調べたが、
おまえの学歴を調べたが、
アンドロイドの製造法を学んだ事実もなかった
アンドロイドの製造法を学んだ事実もなかった
めちゃめちゃ疑われていたらしい。
めちゃめちゃ疑われていたらしい。
和葉
和葉
冗談だ。こいつは、個人の改造でどうこうなるレベルじゃない。
冗談だ。こいつは、個人の改造でどうこうなるレベルじゃない。
恐らく大掛かりな施設、潤沢な資金、
恐らく大掛かりな施設、潤沢な資金、
優秀なスタッフを用意した上で行われた改造だろう
優秀なスタッフを用意した上で行われた改造だろう
そんな話は、これまで一度だって聞いたことはない。
そんな話は、これまで一度だって聞いたことはない。
人に危害を加えられるようなアンドロイドが存在するなら、
人に危害を加えられるようなアンドロイドが存在するなら、
街の人間がそれを放置したりなんてしないからだ。
街の人間がそれを放置したりなんてしないからだ。
秀隆
秀隆
ともかく、こいつは何なんですか
ともかく、こいつは何なんですか
和葉
和葉
さぁな
さぁな
和葉
和葉
おまえにとっちゃ、そんなことは意味のないことだ
おまえにとっちゃ、そんなことは意味のないことだ
和葉
和葉
大切なのはこの後
大切なのはこの後
秀隆
秀隆
この後……？
この後……？
和葉
和葉
アンドロイドに対する改造は固く禁じられている。
アンドロイドに対する改造は固く禁じられている。
それを破ったこの違法アンドロイドを、あたしが野放しにするとでも？
それを破ったこの違法アンドロイドを、あたしが野放しにするとでも？
秀隆
秀隆
アクセラを、どうするつもりですか……
アクセラを、どうするつもりですか……
和葉
和葉
スクラップだな
スクラップだな
秀隆
秀隆
なっ！？
なっ！？
和葉
和葉
当たり前だろ。違法アンドロイドを野放しにするつもりはない。
当たり前だろ。違法アンドロイドを野放しにするつもりはない。
ましてこのアンドロイドは、Ｓ級に危険な改造を施してやがる
ましてこのアンドロイドは、Ｓ級に危険な改造を施してやがる
秀隆
秀隆
だとしても、違法パーツを取り除くとか、
だとしても、違法パーツを取り除くとか、
そう言う方法だって……！
そう言う方法だって……！
和葉
和葉
まぁ、全てを組みなおせば話は別だが、
まぁ、全てを組みなおせば話は別だが、
そんなことをするくらいなら、破棄して最新型にしろ
そんなことをするくらいなら、破棄して最新型にしろ
秀隆
秀隆
記憶は……アクセラの記憶はどうなりますか
記憶は……アクセラの記憶はどうなりますか
和葉
和葉
記憶部分に関しては、当然消去だ。破壊する
記憶部分に関しては、当然消去だ。破壊する
秀隆
秀隆
…………
…………
オレは、身構えるように倉屋敷社長を見据えた。
オレは、身構えるように倉屋敷社長を見据えた。
このまま黙ってスクラップにさせるわけにはいかない。
このまま黙ってスクラップにさせるわけにはいかない。
ユウキ
ユウキ
悪いことは言わないよ秀隆
悪いことは言わないよ秀隆
背後から、ユウキの声。
背後から、ユウキの声。
ユウキ
ユウキ
俺が本気を出したら、どうなるか分かるよな？
俺が本気を出したら、どうなるか分かるよな？
秀隆
秀隆
っ……
っ……
オレが少しでも抵抗すれば、取り押さえるってことだ。
オレが少しでも抵抗すれば、取り押さえるってことだ。
それで済めば、いいほうかも知れない。
それで済めば、いいほうかも知れない。
それが分かっているからこそ、ユウキも警告をしたんだろう。
それが分かっているからこそ、ユウキも警告をしたんだろう。
秀隆
秀隆
悪い。ちょっと、混乱しただけだ。抵抗しないよ
悪い。ちょっと、混乱しただけだ。抵抗しないよ
ユウキ
ユウキ
よかったよ。友達を傷つけたくはないからさ
よかったよ。友達を傷つけたくはないからさ
秀隆
秀隆
オレは、アクセラを失いたくないんです
オレは、アクセラを失いたくないんです
和葉
和葉
うっせぇな。話は最後まで聞け
うっせぇな。話は最後まで聞け
和葉
和葉
このアンドロイドをスクラップにする……それじゃ解決にはならない
このアンドロイドをスクラップにする……それじゃ解決にはならない
秀隆
秀隆
え……？
え……？
和葉
和葉
このアンドロイド一体スクラップにしたところで、
このアンドロイド一体スクラップにしたところで、
この改造を施した人間はノウノウと次の改造を行うだろう
この改造を施した人間はノウノウと次の改造を行うだろう
和葉
和葉
そこで取引をしようじゃないか、島津秀隆
そこで取引をしようじゃないか、島津秀隆
秀隆
秀隆
……なんでしょう……
……なんでしょう……
和葉
和葉
このアンドロイドに改造を施したクズを見つけ出せ。
このアンドロイドに改造を施したクズを見つけ出せ。
そしてあたしの前に連れて来い。そしたら、このアンドロイドを助けてやる
そしてあたしの前に連れて来い。そしたら、このアンドロイドを助けてやる
秀隆
秀隆
社長……
社長……
和葉
和葉
それ以上の妥協は出来ない。どうする？
それ以上の妥協は出来ない。どうする？
秀隆
秀隆
…………
…………
和葉
和葉
不服か？
不服か？
社長は不敵に、にやりと笑った。
社長は不敵に、にやりと笑った。
秀隆
秀隆
いえ……やります。必ず、見つけ出します
いえ……やります。必ず、見つけ出します
和葉
和葉
いいだろう
いいだろう
seキーボードを叩く音 (1
seキーボードを叩く音 (1
そういうと、倉屋敷社長は端末を操作しはじめた。
そういうと、倉屋敷社長は端末を操作しはじめた。
ユウキ
ユウキ
よかったな、秀隆
よかったな、秀隆
秀隆
秀隆
ああ……っ
ああ……っ
和葉
和葉
よし
よし
倉屋敷社長は端末操作を終了させ、アクセラを起動させる。
倉屋敷社長は端末操作を終了させ、アクセラを起動させる。
アクセラ
アクセラ
…………
…………
閉じられていたアクセラの瞳が、静かに開いていく。
閉じられていたアクセラの瞳が、静かに開いていく。
アクセラ
アクセラ
……ここは……
……ここは……
秀隆
秀隆
アクセラ
アクセラ
アクセラ
アクセラ
秀隆様……そう、そうでした……
秀隆様……そう、そうでした……
アクセラ
アクセラ
言語機能等に支障が出て、活動が不完全になっておりました
言語機能等に支障が出て、活動が不完全になっておりました
アクセラ
アクセラ
ですが、すでに機能はすべて回復しております
ですが、すでに機能はすべて回復しております
秀隆
秀隆
それは良かった
それは良かった
秀隆
秀隆
本当に良かった……
本当に良かった……
アクセラ
アクセラ
ご迷惑をおかけしました
ご迷惑をおかけしました
和葉
和葉
……おいハゲ
……おいハゲ
秀隆
秀隆
オレはハゲてませんっ！　なんでしょう
オレはハゲてませんっ！　なんでしょう
和葉
和葉
そいつを正規のアンドロイドとして登録しておいてやった。餞別だ
そいつを正規のアンドロイドとして登録しておいてやった。餞別だ
秀隆
秀隆
何から何まで、ありがとうございます……
何から何まで、ありがとうございます……
和葉
和葉
そのアンドロイドの所有者は今後お前だ。
そのアンドロイドの所有者は今後お前だ。
以後、街中に連れて行こうとそれは自由だ
以後、街中に連れて行こうとそれは自由だ
秀隆
秀隆
……はい
……はい
和葉
和葉
でもな、そのアンドロイドに改造を施した
でもな、そのアンドロイドに改造を施した
自称所有者』はどこかに存在する。そのことだけは忘れるなよ
自称所有者』はどこかに存在する。そのことだけは忘れるなよ
秀隆
秀隆
大丈夫です
大丈夫です
和葉
和葉
いや、分かっちゃいない。その改造野郎はかなり危険人物ってことだ
いや、分かっちゃいない。その改造野郎はかなり危険人物ってことだ
秀隆
秀隆
……危険人物
……危険人物
和葉
和葉
通過記録に何も引っかからないのは、何故だか分かるか？
通過記録に何も引っかからないのは、何故だか分かるか？
秀隆
秀隆
アンドロイドだと悟られないため、ですよね
アンドロイドだと悟られないため、ですよね
和葉
和葉
だが、記録が残らなければ監視員には不自然に映る
だが、記録が残らなければ監視員には不自然に映る
秀隆
秀隆
それは確かに……
それは確かに……
和葉
和葉
恐らく元所有者は、そいつに別のＩＤ登録をしていたはずだ
恐らく元所有者は、そいつに別のＩＤ登録をしていたはずだ
秀隆
秀隆
架空の人間として登録していた、ってことですか
架空の人間として登録していた、ってことですか
和葉
和葉
もしくは実在する人間をな
もしくは実在する人間をな
秀隆
秀隆
それは
それは
不可能ではない、か。
不可能ではない、か。
和葉
和葉
基本アンドロイドはインターネットに常時接続していて、
基本アンドロイドはインターネットに常時接続していて、
データを収集されている。だが、それも完全に遮断されていた
データを収集されている。だが、それも完全に遮断されていた
和葉
和葉
アクセスしようと試みたことはないのか？
アクセスしようと試みたことはないのか？
秀隆
秀隆
みっともない話ですが、ネットへのアクセスは足が付くと思ってやってませんでした
みっともない話ですが、ネットへのアクセスは足が付くと思ってやってませんでした
和葉
和葉
なるほど。もっともな話か
なるほど。もっともな話か
秀隆
秀隆
……アクセラ
……アクセラ
アクセラ
アクセラ
はい。なんでしょうか？
はい。なんでしょうか？
秀隆
秀隆
途中から話は聞いてたと思うが、
途中から話は聞いてたと思うが、
オレはお前の本当の所有者じゃなかったんだ
オレはお前の本当の所有者じゃなかったんだ
秀隆
秀隆
悪かったな……
悪かったな……
アクセラ
アクセラ
それは、どう言う謝罪でしょう？
それは、どう言う謝罪でしょう？
私は今、秀隆様にお仕え出来ていることを幸せに思っています
私は今、秀隆様にお仕え出来ていることを幸せに思っています
アクセラ
アクセラ
私が私であることは、この記憶が無くならない
私が私であることは、この記憶が無くならない
限り絶対に変わらないことです
限り絶対に変わらないことです
秀隆
秀隆
アクセラ……
アクセラ……
和葉
和葉
アンドロイドは機械だ。人間じゃない。
アンドロイドは機械だ。人間じゃない。
だが、あたしは１人の人間と対等だと思っている
だが、あたしは１人の人間と対等だと思っている
和葉
和葉
おまえがモノとして扱わなければ、
おまえがモノとして扱わなければ、
そのアンドロイドはお前にとって、これからも
そのアンドロイドはお前にとって、これからも
大切な存在であり続けるだろう
大切な存在であり続けるだろう
秀隆
秀隆
はい。分かっています……
はい。分かっています……
オレにとって、秋にとって、アクセラは特別だ。
オレにとって、秋にとって、アクセラは特別だ。
他のアンドロイドでは絶対に代わりは勤まらない。
他のアンドロイドでは絶対に代わりは勤まらない。
ユウキ
ユウキ
良い話だけど、和葉ちんは俺に厳しいよね
良い話だけど、和葉ちんは俺に厳しいよね
和葉
和葉
あたしはいいんだよ
あたしはいいんだよ
げしっとユウキの足を蹴る。
げしっとユウキの足を蹴る。
ユウキ
ユウキ
うう、愛を感じられないぜ
うう、愛を感じられないぜ
和葉
和葉
おいハゲ。もう一つ、おまえ忘れてないだろうな
おいハゲ。もう一つ、おまえ忘れてないだろうな
秀隆
秀隆
だからハゲじゃないですけど……なんですか？
だからハゲじゃないですけど……なんですか？
和葉
和葉
署名したら、例の男を連れてくるって話だ
署名したら、例の男を連れてくるって話だ
秀隆
秀隆
あ……もちろん覚えています。彼には一応話は通していますが、
あ……もちろん覚えています。彼には一応話は通していますが、
まだステーションの行き来が難しく難航しています
まだステーションの行き来が難しく難航しています
和葉
和葉
そうか。忘れてないならいい
そうか。忘れてないならいい
秀隆
秀隆
必ずお連れします
必ずお連れします
和葉
和葉
ああ
ああ
ユウキ
ユウキ
動作系も、しっかり直ってるみたいだな
動作系も、しっかり直ってるみたいだな
アクセラ
アクセラ
はい。完璧なメンテナンスでした
はい。完璧なメンテナンスでした
秀隆
秀隆
口は悪いけど、腕は確かなんだよな、倉屋敷社長は
口は悪いけど、腕は確かなんだよな、倉屋敷社長は
ユウキ
ユウキ
そうそう。口は悪いんだけどなー
そうそう。口は悪いんだけどなー
ユウキ
ユウキ
アクセラちゃん、いい主人に巡り合えてよかったな
アクセラちゃん、いい主人に巡り合えてよかったな
アクセラ
アクセラ
……はい
……はい
ユウキ
ユウキ
秀隆も、いいアンドロイドに出会えたよな
秀隆も、いいアンドロイドに出会えたよな
秀隆
秀隆
ああ。これ以上のアンドロイドはいないよ
ああ。これ以上のアンドロイドはいないよ
ユウキ
ユウキ
それじゃ、またな。今度一緒に遊ぼうぜ
それじゃ、またな。今度一緒に遊ぼうぜ
アクセラ
アクセラ
ありがとうございました。ユウキ様も、今度遊びにいらしてください
ありがとうございました。ユウキ様も、今度遊びにいらしてください
ユウキ
ユウキ
行く行く。秋ちゃんにも会いたいしね
行く行く。秋ちゃんにも会いたいしね
ユウキに別れを告げ、オレたちは倉屋敷ビルを出た。
ユウキに別れを告げ、オレたちは倉屋敷ビルを出た。
アクセラ
アクセラ
ありがとうございました、秀隆様
ありがとうございました、秀隆様
秀隆
秀隆
なにが
なにが
アクセラ
アクセラ
ずっと、聞こえておりました。秀隆様と秋様、キズナ様の声が
ずっと、聞こえておりました。秀隆様と秋様、キズナ様の声が
秀隆
秀隆
そうか……
そうか……
アクセラ
アクセラ
ご心配おかけしました
ご心配おかけしました
秀隆
秀隆
別に。あいつが泣くからな。おまえがいなくなると
別に。あいつが泣くからな。おまえがいなくなると
秀隆
秀隆
感謝するなら、秋やキズナにしてやってくれ
感謝するなら、秋やキズナにしてやってくれ
アクセラ
アクセラ
もちろんお二人にもいたします。
もちろんお二人にもいたします。
ですが、私は同じくらい、秀隆様にも感謝したいです
ですが、私は同じくらい、秀隆様にも感謝したいです
秀隆
秀隆
……そうか
……そうか
アクセラ
アクセラ
ただ、チ○コをぷるぷる振り回すのは勘弁して下さいね
ただ、チ○コをぷるぷる振り回すのは勘弁して下さいね
秀隆
秀隆
……そこも聞かれていたのか……
……そこも聞かれていたのか……
アクセラ
アクセラ
それから、女性の体重が重いとの発言は侮辱です
それから、女性の体重が重いとの発言は侮辱です
秀隆
秀隆
すいません……
すいません……
どこかに逃げたい気持ちになった。
どこかに逃げたい気持ちになった。
アクセラ
アクセラ
あの……
あの……
秀隆
秀隆
ん？
ん？
アクセラ
アクセラ
もしよろしければ、今日だけ……
もしよろしければ、今日だけ……
ほんの少しだけ、街を見て帰るわけにはいかないでしょうか？
ほんの少しだけ、街を見て帰るわけにはいかないでしょうか？
秀隆
秀隆
外に、出たかったか
外に、出たかったか
アクセラ
アクセラ
出たくなかった、と言えば嘘になってしまいます
出たくなかった、と言えば嘘になってしまいます
秀隆
秀隆
…………
…………
アクセラ
アクセラ
いけません、でしょうか？
いけません、でしょうか？
秀隆
秀隆
そうじゃない。もう、おまえは気にしないでいいんだ。
そうじゃない。もう、おまえは気にしないでいいんだ。
今日だけじゃなくて、これからは自由に外を出歩いていいんだ
今日だけじゃなくて、これからは自由に外を出歩いていいんだ
アクセラ
アクセラ
よろしいんですか？
よろしいんですか？
秀隆
秀隆
とはいっても、課題も残ってる。
とはいっても、課題も残ってる。
おまえに改造を施した人間を捕まえるまでは油断できないからな。
おまえに改造を施した人間を捕まえるまでは油断できないからな。
たまに出かける、ってくらいにしておけば問題ない
たまに出かける、ってくらいにしておけば問題ない
アクセラ
アクセラ
……ありがとうございます
……ありがとうございます
オレとアクセラは、街の方へ寄っていくことにした。
オレとアクセラは、街の方へ寄っていくことにした。
アクセラ
アクセラ
ここが、秀隆様の住まれている街、なんですね……
ここが、秀隆様の住まれている街、なんですね……
街につくなり、アクセラは目を輝かせてあたりを見渡した。
街につくなり、アクセラは目を輝かせてあたりを見渡した。
秀隆
秀隆
おまえ、そんなに街が見たかったのか
おまえ、そんなに街が見たかったのか
アクセラ
アクセラ
はいっ。
はいっ。
あ、いえ、その……申し訳ございません
あ、いえ、その……申し訳ございません
秀隆
秀隆
悪かった……オレがおまえを家に閉じ込めたばかりに……
悪かった……オレがおまえを家に閉じ込めたばかりに……
アクセラ
アクセラ
どうして秀隆様が謝られるのですか？
どうして秀隆様が謝られるのですか？
私はアンドロイドです。ご主人様の命令に従うのは当然のことです
私はアンドロイドです。ご主人様の命令に従うのは当然のことです
秀隆
秀隆
それは
それは
なぜだろうか？
なぜだろうか？
アクセラが普通のアンドロイドじゃなかったから？
アクセラが普通のアンドロイドじゃなかったから？
どうなんだろうか……。
どうなんだろうか……。
秀隆
秀隆
アクセラ。オレは多分
アクセラ。オレは多分
秀隆
秀隆
…………
…………
アクセラ
アクセラ
多分、なんですか？
多分、なんですか？
秀隆
秀隆
何でもない。忘れてくれ
何でもない。忘れてくれ
アクセラ
アクセラ
畏まりました
畏まりました
何を言おうとしたんだ、偉そうに。
何を言おうとしたんだ、偉そうに。
家族のようだと思っていた、なんて。
家族のようだと思っていた、なんて。
そんなふざけたこと、言えるわけないじゃないか。
そんなふざけたこと、言えるわけないじゃないか。
秀隆
秀隆
ただいま
ただいま
秋
秋
兄さん、アクセラは！
兄さん、アクセラは！
血相を変え、秋がオレの元へ駆け寄ってきた。
血相を変え、秋がオレの元へ駆け寄ってきた。
アクセラ
アクセラ
ご心配おかけしました、秋様
ご心配おかけしました、秋様
秋
秋
アクセラ！
アクセラ！
秋はアクセラを見るなり、その体に駆け寄った。
秋はアクセラを見るなり、その体に駆け寄った。
大きな胸にうずくまるように、ぎゅっと抱きしめる。
大きな胸にうずくまるように、ぎゅっと抱きしめる。
アクセラもそれに答えるように秋を包み込んだ。
アクセラもそれに答えるように秋を包み込んだ。
…………。
…………。
……。
……。
