日曜日。
日曜日。
それは憩いの日であると同時に、辛く暗い側面も持つ曜日だ。
それは憩いの日であると同時に、辛く暗い側面も持つ曜日だ。
何故なら、日曜日の次は月曜日だからである。
何故なら、日曜日の次は月曜日だからである。
だから人は、日曜日を大切にし、貴重だと考える。
だから人は、日曜日を大切にし、貴重だと考える。
１秒１秒を噛み締め、月曜日なんて永遠に来るなと願う。
１秒１秒を噛み締め、月曜日なんて永遠に来るなと願う。
そんな大事な１日だと言うのに、
そんな大事な１日だと言うのに、
お昼を過ぎてもオレはベッドの上に居た。
お昼を過ぎてもオレはベッドの上に居た。
seゴロゴロ（お腹痛い）
seゴロゴロ（お腹痛い）
秀隆
秀隆
うー
うー
唸るような声をたまに出しては、お腹をなでなでと撫でる。
唸るような声をたまに出しては、お腹をなでなでと撫でる。
アクセラ
アクセラ
大丈夫ですか？
大丈夫ですか？
秀隆
秀隆
だいぶ出尽くしたとは思う……
だいぶ出尽くしたとは思う……
アクセラ
アクセラ
最近お腹の調子が良くないことは存じておりましたが、
最近お腹の調子が良くないことは存じておりましたが、
一度病院に行ってみていただいた方がいいのでは？
一度病院に行ってみていただいた方がいいのでは？
アクセラ
アクセラ
いくらなんでも、ちょっと異常な頻度です
いくらなんでも、ちょっと異常な頻度です
秀隆
秀隆
かもな……
かもな……
そう、オレは強い腹痛と下痢に襲われていた。
そう、オレは強い腹痛と下痢に襲われていた。
１０分２０分ごとにトイレに行きたくなるようでは、
１０分２０分ごとにトイレに行きたくなるようでは、
満足に外を出歩くことはできないだろう。
満足に外を出歩くことはできないだろう。
アクセラ
アクセラ
もしかして、とは思いますが……
もしかして、とは思いますが……
外で拾い食いなどされていませんか？　ゴミ箱漁ったり
外で拾い食いなどされていませんか？　ゴミ箱漁ったり
秀隆
秀隆
してないしてない。つか、オレがそんなことするか？
してないしてない。つか、オレがそんなことするか？
アクセラ
アクセラ
可能性は否定しきれないかと
可能性は否定しきれないかと
秀隆
秀隆
あ、そう……
あ、そう……
秀隆
秀隆
週末は酒も飲んでたからじゃねえかな
週末は酒も飲んでたからじゃねえかな
アクセラ
アクセラ
お酒を飲まれても、今まではこんなことはなかったと記憶しています
お酒を飲まれても、今まではこんなことはなかったと記憶しています
秀隆
秀隆
たまたまだと思うけど……
たまたまだと思うけど……
アクセラ
アクセラ
ですが幾らなんでも、お腹を壊しすぎです
ですが幾らなんでも、お腹を壊しすぎです
アクセラ
アクセラ
ほぼ毎週のようにお腹を痛めておりますよ？
ほぼ毎週のようにお腹を痛めておりますよ？
秀隆
秀隆
まあ……
まあ……
それは本当のことだった。
それは本当のことだった。
ここ最近では快便状態だったことの方が少ない。
ここ最近では快便状態だったことの方が少ない。
アクセラ
アクセラ
何か食べられますか？
何か食べられますか？
秀隆
秀隆
いや、やめとくよ……どうせすぐ外に出るし。食欲もない
いや、やめとくよ……どうせすぐ外に出るし。食欲もない
アクセラ
アクセラ
分かりました。お腹が空きましたら声をおかけください
分かりました。お腹が空きましたら声をおかけください
秀隆
秀隆
わかった
わかった
アクセラ
アクセラ
それでは、失礼します
それでは、失礼します
秀隆
秀隆
ふー……
ふー……
天井を向いていた身体を、ごろっと横にする。
天井を向いていた身体を、ごろっと横にする。
心なしかお尻がひりひりする。
心なしかお尻がひりひりする。
秀隆
秀隆
虚しい……
虚しい……
…………。
…………。
……。
……。
