秀隆
秀隆
今から時間、あるか？
今から時間、あるか？
凛
凛
今日は一日寝て過ごすつもりだったから。大丈夫よ
今日は一日寝て過ごすつもりだったから。大丈夫よ
秀隆
秀隆
じゃあ少し付き合ってくれ
じゃあ少し付き合ってくれ
凛
凛
なにそれ。ひょっとしてデート的なものを希望なわけ？
なにそれ。ひょっとしてデート的なものを希望なわけ？
秀隆
秀隆
べ、別にデートとかってわけじゃない。
べ、別にデートとかってわけじゃない。
ただ、折角ドリームタウンに来たんだから、色々見て回りたいし
ただ、折角ドリームタウンに来たんだから、色々見て回りたいし
凛
凛
それ、職権濫用なんじゃないの。
それ、職権濫用なんじゃないの。
ドリームタウンで遊ぶために特務官になったわけ？
ドリームタウンで遊ぶために特務官になったわけ？
秀隆
秀隆
ぐ……
ぐ……
凛
凛
なんてね。仕方ないわね、ちょっと付き合ってあげる
なんてね。仕方ないわね、ちょっと付き合ってあげる
秀隆
秀隆
だったら最初からそう言ってくれっての……
だったら最初からそう言ってくれっての……
凛
凛
でもあんたも幸せ者よね、あたしと遊べるなんてさ
でもあんたも幸せ者よね、あたしと遊べるなんてさ
秀隆
秀隆
とことんにまで自分を持ち上げるんだな
とことんにまで自分を持ち上げるんだな
凛
凛
当たり前でしょ。あたしは貴重な天然素材よ？
当たり前でしょ。あたしは貴重な天然素材よ？
そう言い、すっとオレの顔付近へと自らの顔を近づける。
そう言い、すっとオレの顔付近へと自らの顔を近づける。
大きな瞳に、甘い匂い。
大きな瞳に、甘い匂い。
その整った顔立ち、そりゃ、並みの女の子ではない。
その整った顔立ち、そりゃ、並みの女の子ではない。
凛
凛
ドキドキするでしょ
ドキドキするでしょ
秀隆
秀隆
……危うく、衝動で胸を揉むところだった
……危うく、衝動で胸を揉むところだった
凛
凛
どんな衝動よ……
どんな衝動よ……
スッと距離を取られた、警戒されたのかも知れない。
スッと距離を取られた、警戒されたのかも知れない。
凛
凛
それで、どこ行く？
それで、どこ行く？
秀隆
秀隆
普段休日なんかは、どこで過ごしてるんだ？
普段休日なんかは、どこで過ごしてるんだ？
凛
凛
特に決めてないかな。ここは色々目立っちゃうしね
特に決めてないかな。ここは色々目立っちゃうしね
秀隆
秀隆
そうか、そうだよな
そうか、そうだよな
今はホープタウンでも人気絶頂の凛だが、
今はホープタウンでも人気絶頂の凛だが、
ドリームタウンではより目立ってしまうことだろう。
ドリームタウンではより目立ってしまうことだろう。
かといって、仕事が無い時、凛にはホープタウンに行くことは出来ない。
かといって、仕事が無い時、凛にはホープタウンに行くことは出来ない。
秀隆
秀隆
どこかお店に入って飯でも食べるか
どこかお店に入って飯でも食べるか
凛
凛
そうね
そうね
オレたちは休日を二人で過ごすことにした。
オレたちは休日を二人で過ごすことにした。
…………。
…………。
……。
……。
