キズナ
キズナ
おはようございますっ、ひーくん
おはようございますっ、ひーくん
秀隆
秀隆
……キズナか。おはようさん……
……キズナか。おはようさん……
キズナ
キズナ
あれ？　なんだか元気がないですねっ
あれ？　なんだか元気がないですねっ
秀隆
秀隆
入院してるのに元気があったらおかしいだろ？
入院してるのに元気があったらおかしいだろ？
キズナ
キズナ
言われてみればそうかもしれません
言われてみればそうかもしれません
キズナはいつものように元気な様子で、オレの傍に座った。
キズナはいつものように元気な様子で、オレの傍に座った。
キズナ
キズナ
私、心配しました。アクセラさんも、たくさん心配していました
私、心配しました。アクセラさんも、たくさん心配していました
秀隆
秀隆
悪いな。でももう大丈夫だ
悪いな。でももう大丈夫だ
キズナ
キズナ
何があったんですか？　背中をいっぱい刺されたと聞きました
何があったんですか？　背中をいっぱい刺されたと聞きました
秀隆
秀隆
……何って……
……何って……
記憶を掘り起こそうとしてみるが、正直わからない。
記憶を掘り起こそうとしてみるが、正直わからない。
秀隆
秀隆
帰り道、いきなり後ろから襲われたってだけだし
帰り道、いきなり後ろから襲われたってだけだし
秀隆
秀隆
昔捨てた女の恨みかもな
昔捨てた女の恨みかもな
キズナ
キズナ
冗談を言ってる場合じゃないです。私は本気で心配しているんですっ
冗談を言ってる場合じゃないです。私は本気で心配しているんですっ
秀隆
秀隆
そ、そんなムキになって怒るなよ。オレが全否定されてるみたいだろ……
そ、そんなムキになって怒るなよ。オレが全否定されてるみたいだろ……
キズナ
キズナ
あ、いえ。けしてひーくんがモテない、と言ってるわけじゃありません
あ、いえ。けしてひーくんがモテない、と言ってるわけじゃありません
キズナ
キズナ
けして
けして
秀隆
秀隆
……怪しい
……怪しい
キズナ
キズナ
ひーくんは、そんなポイ捨てのように女性を扱う人じゃありませんから
ひーくんは、そんなポイ捨てのように女性を扱う人じゃありませんから
秀隆
秀隆
おまえにそれが言い切れるのか？
おまえにそれが言い切れるのか？
キズナ
キズナ
もう付き合いも長くなりますから
もう付き合いも長くなりますから
秀隆
秀隆
む……
む……
上手く言いくるめられた気がしないでもない。
上手く言いくるめられた気がしないでもない。
キズナ
キズナ
…………
…………
秀隆
秀隆
どうした？
どうした？
ふと、真剣な顔つきでオレを見ているキズナがいた。
ふと、真剣な顔つきでオレを見ているキズナがいた。
キズナ
キズナ
あ、いえ……
あ、いえ……
秀隆
秀隆
なんだよ
なんだよ
キズナ
キズナ
ちょっとだけ、変なことを聞いても構いませんか？
ちょっとだけ、変なことを聞いても構いませんか？
秀隆
秀隆
いつもアレコレと聞いてるキズナらしくないな。なんでも聞いてみろよ
いつもアレコレと聞いてるキズナらしくないな。なんでも聞いてみろよ
キズナ
キズナ
はい。あの、ひーくんにはお姉さんがいるんですか？
はい。あの、ひーくんにはお姉さんがいるんですか？
秀隆
秀隆
え……
え……
もっとくだらないことだと思っていたオレは、
もっとくだらないことだと思っていたオレは、
変化球のような質問に思わず驚いた。
変化球のような質問に思わず驚いた。
秀隆
秀隆
どうして、どこでその話を……？
どうして、どこでその話を……？
オレは布団の中で、きゅっと拳を握りしめた。
オレは布団の中で、きゅっと拳を握りしめた。
キズナ
キズナ
……ひーくんが、言ってました。姉さん、と
……ひーくんが、言ってました。姉さん、と
秀隆
秀隆
……そっか
……そっか
オレの意識がなかった時、自然に口を突いて出ていたってことか。
オレの意識がなかった時、自然に口を突いて出ていたってことか。
確かに、オレは夢の中で姉さんを見た気がした。
確かに、オレは夢の中で姉さんを見た気がした。
秀隆
秀隆
ああ。そうだな、姉がいたよ
ああ。そうだな、姉がいたよ
キズナ
キズナ
いた、ってことは……
いた、ってことは……
秀隆
秀隆
……悪いんだけどさ、この話は無しにしないか？
……悪いんだけどさ、この話は無しにしないか？
秀隆
秀隆
好きな話じゃないんだ
好きな話じゃないんだ
今更、過去のことを思い返しても仕方が無い。
今更、過去のことを思い返しても仕方が無い。
キズナ
キズナ
もちろんです。ひーくんが嫌ならやめておきましょう
もちろんです。ひーくんが嫌ならやめておきましょう
秀隆
秀隆
悪いな
悪いな
キズナ
キズナ
謝るようなことじゃありません。
謝るようなことじゃありません。
私も勝手にひーくんの言葉を拾ってしまったわけですから
私も勝手にひーくんの言葉を拾ってしまったわけですから
秀隆
秀隆
……そうだ。この間……オレが刺された日のことだけどな
……そうだ。この間……オレが刺された日のことだけどな
キズナ
キズナ
はい。どうしましたか？
はい。どうしましたか？
秀隆
秀隆
いや、恭一さんや倉屋敷社長と繋がりがあったこと
いや、恭一さんや倉屋敷社長と繋がりがあったこと
キズナ
キズナ
すごく驚きましたね
すごく驚きましたね
秀隆
秀隆
あれじゃあ、お前の求めてる答えにはならないのかって、思ってさ
あれじゃあ、お前の求めてる答えにはならないのかって、思ってさ
キズナ
キズナ
正直なところ、半分は見えたかもしれません。
正直なところ、半分は見えたかもしれません。
でも、おとーさんの記憶がない以上、ちゃんとした答えは見つかりませんよね？
でも、おとーさんの記憶がない以上、ちゃんとした答えは見つかりませんよね？
秀隆
秀隆
それはまぁ……
それはまぁ……
キズナ
キズナ
それに、私のことに、それほど興味はないと思うんですよ
それに、私のことに、それほど興味はないと思うんですよ
秀隆
秀隆
おまえが娘だとしても、あの人は気に留めそうにないしな……
おまえが娘だとしても、あの人は気に留めそうにないしな……
恭一さん自身が、キズナに対して興味を示さなかった。
恭一さん自身が、キズナに対して興味を示さなかった。
だけどどうしてだろう。
だけどどうしてだろう。
秀隆
秀隆
性格は全然違うのに、どことなく親子っぽいかもな
性格は全然違うのに、どことなく親子っぽいかもな
どっちもマイペースと言うか、周囲に流されないと言うか。
どっちもマイペースと言うか、周囲に流されないと言うか。
キズナ
キズナ
やっぱり、私のルーツを探るうえで、地上の存在は欠かせないと思うんです
やっぱり、私のルーツを探るうえで、地上の存在は欠かせないと思うんです
秀隆
秀隆
地上ね……やっぱり諦めてなかったか
地上ね……やっぱり諦めてなかったか
キズナ
キズナ
興味津々ですよ、私
興味津々ですよ、私
秀隆
秀隆
どうにか調べてやりたいとは思うけど、手がかりがなさすぎるんだよな
どうにか調べてやりたいとは思うけど、手がかりがなさすぎるんだよな
以前唐沢代表に聞いた時には、相手にもしてもらえなかった。
以前唐沢代表に聞いた時には、相手にもしてもらえなかった。
かといって、無断で情報を持ち出すのは、かなりの至難だし。
かといって、無断で情報を持ち出すのは、かなりの至難だし。
キズナ
キズナ
難しいですかやっぱり
難しいですかやっぱり
秀隆
秀隆
もう少し時間をくれ
もう少し時間をくれ
キズナ
キズナ
急いでないので、全然大丈夫です。
急いでないので、全然大丈夫です。
それに、まずは違法アンドロイドさんのことからじゃないでしょうか？
それに、まずは違法アンドロイドさんのことからじゃないでしょうか？
秀隆
秀隆
そうかもな……
そうかもな……
キズナ
キズナ
そろそろ、かずちーのところに行く時間なので、行ってきます
そろそろ、かずちーのところに行く時間なので、行ってきます
秀隆
秀隆
おう。オレは少し寝ることにするよ、
おう。オレは少し寝ることにするよ、
どうもまだ体力が万全じゃないから、疲れて来た
どうもまだ体力が万全じゃないから、疲れて来た
キズナ
キズナ
また、帰りに寄ってもいいですか？
また、帰りに寄ってもいいですか？
秀隆
秀隆
もちろん。ありがとな
もちろん。ありがとな
キズナ
キズナ
いえいえっ。じゃあ、また夕方にですっ
いえいえっ。じゃあ、また夕方にですっ
…………。
…………。
……。
……。
キズナ
キズナ
やってきましたっ
やってきましたっ
キズナは公言通り、夕方にやってきた。
キズナは公言通り、夕方にやってきた。
一眠りしているとあっと言う間に一日が流れていく。
一眠りしているとあっと言う間に一日が流れていく。
手には何やら大きなもの。
手には何やら大きなもの。
秀隆
秀隆
それは？
それは？
キズナ
キズナ
アクセラさんからお預かりしました。ひーくんの着替えです
アクセラさんからお預かりしました。ひーくんの着替えです
秀隆
秀隆
お、わざわざ悪いな
お、わざわざ悪いな
キズナ
キズナ
アクセラさんが持っていく予定だったんですが、
アクセラさんが持っていく予定だったんですが、
あっきーが体調を崩してしまったので、私が持って来たんです
あっきーが体調を崩してしまったので、私が持って来たんです
秀隆
秀隆
なるほどな
なるほどな
オレとしても、その配慮はありがたい。
オレとしても、その配慮はありがたい。
アクセラにはオレの面倒よりも、秋の面倒を見てもらいたいからな。
アクセラにはオレの面倒よりも、秋の面倒を見てもらいたいからな。
キズナは椅子に座ると、オレの顔を覗き込んできた。
キズナは椅子に座ると、オレの顔を覗き込んできた。
秀隆
秀隆
なんだ？
なんだ？
キズナ
キズナ
今日の朝、私がひーくんにお聞きしたことは覚えていますか
今日の朝、私がひーくんにお聞きしたことは覚えていますか
秀隆
秀隆
まぁ、一応
まぁ、一応
キズナ
キズナ
私はひーくんにお聞きしたいことをいっぱい持っています。
私はひーくんにお聞きしたいことをいっぱい持っています。
だけど、全部ひーくんにとっては話したくないことばかりなので、お聞きできません
だけど、全部ひーくんにとっては話したくないことばかりなので、お聞きできません
秀隆
秀隆
姉さんの話……だけじゃないってことか
姉さんの話……だけじゃないってことか
恐らく、秋との関係も含めて、ってことなんだろう。
恐らく、秋との関係も含めて、ってことなんだろう。
前々から、キズナは何度もそのことを気にかけている節があった。
前々から、キズナは何度もそのことを気にかけている節があった。
キズナ
キズナ
はい。だから、私は話したくないと言われれば無理に聞こうとは思いません。だって、それでひーくんに嫌われたくないからです
はい。だから、私は話したくないと言われれば無理に聞こうとは思いません。だって、それでひーくんに嫌われたくないからです
秀隆
秀隆
そんなことでキズナを嫌ったりはしないよ。
そんなことでキズナを嫌ったりはしないよ。
事情を知らないんだから、色々と聞きたくなるのも仕方のないことだ
事情を知らないんだから、色々と聞きたくなるのも仕方のないことだ
キズナ
キズナ
……知りたい、と思っていてもいいですか？
……知りたい、と思っていてもいいですか？
秀隆
秀隆
それは……オレが言って止められることでもないだろ
それは……オレが言って止められることでもないだろ
秀隆
秀隆
人の好奇心を、コントロールするなんてできっこない
人の好奇心を、コントロールするなんてできっこない
秀隆
秀隆
でもおススメはしないぞ
でもおススメはしないぞ
キズナ
キズナ
私はひーくんの、ひーくんたちのことが気になります。
私はひーくんの、ひーくんたちのことが気になります。
一緒に生活をさせてもらって、もっともっと沢山のことを知りたいと思いました
一緒に生活をさせてもらって、もっともっと沢山のことを知りたいと思いました
秀隆
秀隆
他にも知るべきことはたくさんあるぞ。
他にも知るべきことはたくさんあるぞ。
島津家のことなんて、記憶するだけ無駄つか、もったいない
島津家のことなんて、記憶するだけ無駄つか、もったいない
キズナ
キズナ
私はひーくんたちのことが知りたいんです
私はひーくんたちのことが知りたいんです
秀隆
秀隆
……なんで
……なんで
キズナ
キズナ
私に記憶がないから、かも知れません。もし生まれ育ったのがこの世界だったなら、私はたくさんのことでひーくんたちと意識を共有できていたと思います
私に記憶がないから、かも知れません。もし生まれ育ったのがこの世界だったなら、私はたくさんのことでひーくんたちと意識を共有できていたと思います
キズナ
キズナ
ごめんなさい、ちょっとうまく説明できないですが……
ごめんなさい、ちょっとうまく説明できないですが……
キズナ
キズナ
家族が……ほしいと思っているのかも知れません
家族が……ほしいと思っているのかも知れません
秀隆
秀隆
でも、お前には倉屋敷社長や恭一さんって言う、本当の意味で
でも、お前には倉屋敷社長や恭一さんって言う、本当の意味で
家族に近い存在が居たこともわかっただろ？
家族に近い存在が居たこともわかっただろ？
血の繋がりって観点から見れば、恭一さんは父親なんだ。
血の繋がりって観点から見れば、恭一さんは父親なんだ。
この遥か未来の世界で起きた、一つの奇跡とも言える。
この遥か未来の世界で起きた、一つの奇跡とも言える。
キズナ
キズナ
それはもちろん、嬉しかったです。でも……
それはもちろん、嬉しかったです。でも……
キズナ
キズナ
私はひーくんやあっきー、アクセラさんと、家族になりたいんです
私はひーくんやあっきー、アクセラさんと、家族になりたいんです
キズナの表情は真剣そのもので、
キズナの表情は真剣そのもので、
固い意志の篭った瞳をしていた。
固い意志の篭った瞳をしていた。
秀隆
秀隆
…………
…………
秀隆
秀隆
家族……か
家族……か
秀隆
秀隆
でも、オレは十分、おまえのことも家族だと思ってるぞ？
でも、オレは十分、おまえのことも家族だと思ってるぞ？
秀隆
秀隆
オレだけじゃない。秋も、アクセラもそうだ。
オレだけじゃない。秋も、アクセラもそうだ。
まあ、秋の場合はいろいろと性格的に難があるのは間違いないけどな
まあ、秋の場合はいろいろと性格的に難があるのは間違いないけどな
秀隆
秀隆
そりゃ……正直に言えば、最初は違った
そりゃ……正直に言えば、最初は違った
秀隆
秀隆
単純に仕事だったからおまえを引き受けたよ。
単純に仕事だったからおまえを引き受けたよ。
地上時代の生き残りだって聞いて、少し面倒だなとも思った
地上時代の生き残りだって聞いて、少し面倒だなとも思った
秀隆
秀隆
でも、キズナと一緒に暮らして、色んなものを共有できたと思ってる
でも、キズナと一緒に暮らして、色んなものを共有できたと思ってる
秀隆
秀隆
良いことも悪いことも
良いことも悪いことも
キズナはオレの言うことを黙って聞いていた。
キズナはオレの言うことを黙って聞いていた。
秀隆
秀隆
それじゃ、納得出来ないか？
それじゃ、納得出来ないか？
ゆっくりと首を横に振り、そして笑顔で頷いた。
ゆっくりと首を横に振り、そして笑顔で頷いた。
キズナ
キズナ
ありがとうございます
ありがとうございます
秀隆
秀隆
おまえが望んでくれるなら、いつまでも一緒に生活したって構わない
おまえが望んでくれるなら、いつまでも一緒に生活したって構わない
秀隆
秀隆
もちろん、どこか自由に飛び出すのもいいと思う
もちろん、どこか自由に飛び出すのもいいと思う
秀隆
秀隆
その選択を選ぶのも、おまえの自由だ
その選択を選ぶのも、おまえの自由だ
キズナ
キズナ
ん……
ん……
キズナ
キズナ
贅沢ですね、私。ひーくんの言葉は嬉しいのに、満足していません
贅沢ですね、私。ひーくんの言葉は嬉しいのに、満足していません
秀隆
秀隆
言いたいことは分かってる
言いたいことは分かってる
秀隆
秀隆
オレとの、オレたちとの間に、溝を感じてるってことなんだな？
オレとの、オレたちとの間に、溝を感じてるってことなんだな？
キズナ
キズナ
嬉しいことも、悲しいことも共有したい、そう思っています
嬉しいことも、悲しいことも共有したい、そう思っています
秀隆
秀隆
……嬉しいことも、悲しいことも、か
……嬉しいことも、悲しいことも、か
キズナ
キズナ
ダメですか？
ダメですか？
秀隆
秀隆
そんなことはない。おまえの気持ちは嬉しいし、本当の家族ってそういうもんだ
そんなことはない。おまえの気持ちは嬉しいし、本当の家族ってそういうもんだ
秀隆
秀隆
良いことも悪いことも共有するのが、家族なんだろう
良いことも悪いことも共有するのが、家族なんだろう
秀隆
秀隆
でもなキズナ。オレにはオレの、信念と理由があるんだ
でもなキズナ。オレにはオレの、信念と理由があるんだ
秀隆
秀隆
それは、家族として大切に想うからこそ、話せないことだってある
それは、家族として大切に想うからこそ、話せないことだってある
秀隆
秀隆
オレの姉さんのことも、その一つだ
オレの姉さんのことも、その一つだ
キズナ
キズナ
あっきーが、ひーくんを嫌っていてもですか？
あっきーが、ひーくんを嫌っていてもですか？
秀隆
秀隆
そうだ
そうだ
オレは言い切る。
オレは言い切る。
秀隆
秀隆
秋とのことも、オレは話すつもりはない
秋とのことも、オレは話すつもりはない
秀隆
秀隆
それを不満に思われることも覚悟の上だ
それを不満に思われることも覚悟の上だ
オレを見据えて動かないキズナ。
オレを見据えて動かないキズナ。
秀隆
秀隆
……なあキズナ
……なあキズナ
キズナ
キズナ
はいっ
はいっ
秀隆
秀隆
ひとつだけ、おまえに理解してほしいことがある。
ひとつだけ、おまえに理解してほしいことがある。
オレは今の現状を何一つ不満に思っていないし、困ってもいないんだ
オレは今の現状を何一つ不満に思っていないし、困ってもいないんだ
秀隆
秀隆
秋がオレを嫌っていて、オレも秋を嫌っている。それでいいんだよ
秋がオレを嫌っていて、オレも秋を嫌っている。それでいいんだよ
秀隆
秀隆
本来家族が仲良くしていなきゃいけないことも分かってる。
本来家族が仲良くしていなきゃいけないことも分かってる。
でも、オレは、オレたちだけは、そんな関係でもいいんじゃないかってな
でも、オレは、オレたちだけは、そんな関係でもいいんじゃないかってな
キズナ
キズナ
強いですね
強いですね
秀隆
秀隆
強い？　オレは別に強くあろうなんて思ってないぞ
強い？　オレは別に強くあろうなんて思ってないぞ
秀隆
秀隆
これが当たり前なんだ
これが当たり前なんだ
秀隆
秀隆
何も特別なことはないぞ
何も特別なことはないぞ
キズナ
キズナ
人は、それを強いと言うんです
人は、それを強いと言うんです
キズナ
キズナ
大切な人を嫌って、嫌われて……それが平気な人はいません
大切な人を嫌って、嫌われて……それが平気な人はいません
キズナ
キズナ
もしもひーくんがそれを心から平気だと感じているなら、
もしもひーくんがそれを心から平気だと感じているなら、
それはきっと、心がマヒしてしまっているんだと思います
それはきっと、心がマヒしてしまっているんだと思います
秀隆
秀隆
……かもな
……かもな
キズナ
キズナ
ひーくんの強い意志は、伝わってきました
ひーくんの強い意志は、伝わってきました
キズナ
キズナ
もう無理に聞き出そうとするのはやめにします
もう無理に聞き出そうとするのはやめにします
キズナ
キズナ
だけど、私がひーくんを支えたいと思っていることは、本当です
だけど、私がひーくんを支えたいと思っていることは、本当です
秀隆
秀隆
その気持ちだけで嬉しいよ
その気持ちだけで嬉しいよ
秀隆
秀隆
その気持ちがあれば、オレたちは家族としてやっていけるはずだ
その気持ちがあれば、オレたちは家族としてやっていけるはずだ
キズナが頷く。
キズナが頷く。
キズナ
キズナ
この世界で、誰よりも先に私を助けてくれた
この世界で、誰よりも先に私を助けてくれた
キズナ
キズナ
私は……本当にうれしかったです
私は……本当にうれしかったです
秀隆
秀隆
でもそれは、ただの偶然
でもそれは、ただの偶然
キズナが、ゆっくりとオレに手を伸ばしてきた。
キズナが、ゆっくりとオレに手を伸ばしてきた。
秀隆
秀隆
キズナ……？
キズナ……？
そして、オレの唇へと、その唇を重ね合わせる。
そして、オレの唇へと、その唇を重ね合わせる。
まるで母親が、愛する息子へと愛情を伝えるために行うように。
まるで母親が、愛する息子へと愛情を伝えるために行うように。
優しく、力強く。
優しく、力強く。
オレは……確かに心がマヒしているのかもしない。
オレは……確かに心がマヒしているのかもしない。
そのキズナの優しさや想いが、自分の中に強く広がっていくのが分かる。
そのキズナの優しさや想いが、自分の中に強く広がっていくのが分かる。
感謝しなければならないのは、オレの方かも知れない。
感謝しなければならないのは、オレの方かも知れない。
キズナが居てくれたおかげで、
キズナが居てくれたおかげで、
オレは潰れずにすんでいるんじゃないか、と。
オレは潰れずにすんでいるんじゃないか、と。
秋と生活することが出来ているんじゃないか、と。
秋と生活することが出来ているんじゃないか、と。
キズナ
キズナ
元気を出してください
元気を出してください
秀隆
秀隆
オレは……元気だぞ一応。身体は大怪我だけどな
オレは……元気だぞ一応。身体は大怪我だけどな
キズナ
キズナ
身体の傷はすぐに治っても、心の傷は簡単じゃありません
身体の傷はすぐに治っても、心の傷は簡単じゃありません
キズナ
キズナ
私は、あなたの両方を……治してあげたいんです……
私は、あなたの両方を……治してあげたいんです……
離れた唇が、再び近づいてくる。
離れた唇が、再び近づいてくる。
キズナは、もう一度オレに口づけをした。
キズナは、もう一度オレに口づけをした。
…………。
…………。
……。
……。
