恋
恋
失礼します
失礼します
恭一
恭一
なんだおまえか
なんだおまえか
恋
恋
私で悪かったですね
私で悪かったですね
恭一
恭一
誰がいつそんなこと言ったんだよ
誰がいつそんなこと言ったんだよ
恋
恋
顔に書いてあります
顔に書いてあります
恭一
恭一
嘘付け
嘘付け
恋
恋
……怪我の具合は、大丈夫ですか？
……怪我の具合は、大丈夫ですか？
恭一
恭一
別に大したもんでもない。が、暫くは安静だそうだ
別に大したもんでもない。が、暫くは安静だそうだ
恋
恋
当たり前です。一体どこをどうしたら、そんな怪我になるんですか……
当たり前です。一体どこをどうしたら、そんな怪我になるんですか……
恭一
恭一
色々とな
色々とな
恋
恋
色々って……その、静乃さんは？　今朝、見かけませんでした。
色々って……その、静乃さんは？　今朝、見かけませんでした。
もしかして、静乃さんも怪我をされたんですか？
もしかして、静乃さんも怪我をされたんですか？
恭一
恭一
さぁな。この怪我とは直接関係ない
さぁな。この怪我とは直接関係ない
恋
恋
で、でも……
で、でも……
そりゃ、疑うのも無理は無い。
そりゃ、疑うのも無理は無い。
オレと静乃がホテルに入っていくのを恋は見ていた。
オレと静乃がホテルに入っていくのを恋は見ていた。
そして出てきたときにオレが怪我をしていた。
そして出てきたときにオレが怪我をしていた。
となれば、何かあったと思うのが必然。
となれば、何かあったと思うのが必然。
恭一
恭一
おまえが口を出すことじゃない
おまえが口を出すことじゃない
恋
恋
そ、そうかも知れませんが……私はあなたを監督する身です
そ、そうかも知れませんが……私はあなたを監督する身です
恋
恋
何かあったら責任問題になります
何かあったら責任問題になります
恭一
恭一
…………
…………
恋
恋
恭一さん。私はそんなに信用なりませんか？
恭一さん。私はそんなに信用なりませんか？
恋
恋
私だって、あなたの力になりたい。そう思っちゃいけませんか？
私だって、あなたの力になりたい。そう思っちゃいけませんか？
恭一
恭一
そんなにオレの力になりたいのか
そんなにオレの力になりたいのか
恋
恋
はい……
はい……
恭一
恭一
こっちに来い
こっちに来い
恋
恋
え？
え？
恭一
恭一
オレの力になりたいんだろ？　早くしろ
オレの力になりたいんだろ？　早くしろ
恋
恋
は、はぁ……
は、はぁ……
恋がスッとオレの傍に寄った。
恋がスッとオレの傍に寄った。
オレは手を伸ばすと、当然その柔らかい尻を撫でる。
オレは手を伸ばすと、当然その柔らかい尻を撫でる。
恋
恋
いっ！？
いっ！？
恭一
恭一
女の役目はどの時代でも、こういうのに限る
女の役目はどの時代でも、こういうのに限る
恋
恋
な、何するんですか！
な、何するんですか！
恭一
恭一
なんだ。役に立ちたいんじゃなかったのか？
なんだ。役に立ちたいんじゃなかったのか？
恋
恋
こういうことじゃありません！　さいてーです！
こういうことじゃありません！　さいてーです！
恭一
恭一
やれやれ
やれやれ
恋
恋
……もうっ
……もうっ
恭一
恭一
こんな怪我は、多分オレの中で怪我のうちに入らないのさ
こんな怪我は、多分オレの中で怪我のうちに入らないのさ
恋
恋
どういうことですか……
どういうことですか……
恭一
恭一
そのままの意味だ
そのままの意味だ
オレは、上着に手をかける。
オレは、上着に手をかける。
そしてバッと上半身裸になる。
そしてバッと上半身裸になる。
恋
恋
わ、わぁっ！？
わ、わぁっ！？
慌てて目を伏せる。
慌てて目を伏せる。
恭一
恭一
目をあけろ
目をあけろ
恋
恋
い、嫌です。裸なんて見たくありません！
い、嫌です。裸なんて見たくありません！
恭一
恭一
見ろ
見ろ
恋
恋
で、でも……
で、でも……
恭一
恭一
いいから
いいから
オレは恋の腕を掴み、顔から引き剥がした。
オレは恋の腕を掴み、顔から引き剥がした。
恋は真っ赤な顔をしながら、おそるおそるオレを見る。
恋は真っ赤な顔をしながら、おそるおそるオレを見る。
恋
恋
っ！？
っ！？
恭一
恭一
分かるか？
分かるか？
オレの体には、昨日の怪我をした部分に包帯が巻かれてある。
オレの体には、昨日の怪我をした部分に包帯が巻かれてある。
だが、注目するべきはそれ以外の部分だ。
だが、注目するべきはそれ以外の部分だ。
鍛え上げていたと思われる肉体に刻まれた、無数の傷跡。
鍛え上げていたと思われる肉体に刻まれた、無数の傷跡。
それは、思わず目を背けたくなってしまうレベルのものだ。
それは、思わず目を背けたくなってしまうレベルのものだ。
恭一
恭一
オレは記憶を失う前、こんな怪我は日常茶飯事だったんだろうな
オレは記憶を失う前、こんな怪我は日常茶飯事だったんだろうな
恭一
恭一
聞けば、ありとあらゆる拷問を受けた可能性がある、とまで言われた
聞けば、ありとあらゆる拷問を受けた可能性がある、とまで言われた
恋
恋
ご、拷問……
ご、拷問……
恭一
恭一
事実、オレは刺されて痛みを感じても、
事実、オレは刺されて痛みを感じても、
だからどうしたって感じだった。屁でもないんだよ、こんなのは
だからどうしたって感じだった。屁でもないんだよ、こんなのは
恋
恋
……だ、だからって、今怪我をしていい理由にはなりません
……だ、だからって、今怪我をしていい理由にはなりません
恋
恋
あなたは今、恭一、と言う人として生きているんですよ？
あなたは今、恭一、と言う人として生きているんですよ？
過去がどうあったかなんて、関係ないじゃないですか
過去がどうあったかなんて、関係ないじゃないですか
恭一
恭一
確かに。オレはオレだ。だが、それでも過去はなくならない
確かに。オレはオレだ。だが、それでも過去はなくならない
恭一
恭一
例え１５０年経とうが、オレと言う人間を構築してきたのは過去のオレだ
例え１５０年経とうが、オレと言う人間を構築してきたのは過去のオレだ
恭一
恭一
それは絶対に変わらない
それは絶対に変わらない
恋
恋
…………
…………
恭一
恭一
結局、オレは記憶を失ってもオレなんだろうさ。
結局、オレは記憶を失ってもオレなんだろうさ。
人には出来ない役目ってのを背負う運命にあるのかもしれない
人には出来ない役目ってのを背負う運命にあるのかもしれない
オレは上着を着なおす。
オレは上着を着なおす。
恭一
恭一
だから心配するな
だから心配するな
恋
恋
そんなの……納得いきません
そんなの……納得いきません
恋
恋
私は……私は心配なんです
私は……私は心配なんです
恭一
恭一
オレが誰かにやられるとでも思ってるのか？
オレが誰かにやられるとでも思ってるのか？
恋
恋
そう言うことじゃなくて……あなたは、いつもふらふらして、
そう言うことじゃなくて……あなたは、いつもふらふらして、
危険なことをして、こうして怪我までして……
危険なことをして、こうして怪我までして……
恭一
恭一
おまえはオレを厄介者だと思っていればいい。
おまえはオレを厄介者だと思っていればいい。
おっさんの方には掛け合う。オレが出て行けるようにな
おっさんの方には掛け合う。オレが出て行けるようにな
恋
恋
……家を、出たいんですか？
……家を、出たいんですか？
恭一
恭一
その方がおまえとしても助かるだろ
その方がおまえとしても助かるだろ
恋
恋
あ、当たり前です
あ、当たり前です
恋
恋
でも……恭一さん一人じゃ絶対まともな生活送れないに決まってます
でも……恭一さん一人じゃ絶対まともな生活送れないに決まってます
恭一
恭一
決め付けんなよ
決め付けんなよ
恋
恋
決め付けます
決め付けます
恋
恋
そんな人を、放り出したら街の皆さんに迷惑をかけますから
そんな人を、放り出したら街の皆さんに迷惑をかけますから
そういい、恋はオレの手を取った。
そういい、恋はオレの手を取った。
恋
恋
あなたが喧嘩しなくなる時まで、目を離しません
あなたが喧嘩しなくなる時まで、目を離しません
恭一
恭一
それは中々に無理難題だな
それは中々に無理難題だな
恋
恋
じゃあ、諦めて家で我慢してください
じゃあ、諦めて家で我慢してください
恭一
恭一
やれやれ……厄介な女に捕まったもんだ
やれやれ……厄介な女に捕まったもんだ
恋
恋
それはお互い様です
それはお互い様です
微笑む恋。
微笑む恋。
恭一
恭一
…………
…………
こいつの笑顔を見ると、オレの心に暖かいものが広がっていく。
こいつの笑顔を見ると、オレの心に暖かいものが広がっていく。
そしてそれと同時に冷たく悲しい感情が広がっていく。
そしてそれと同時に冷たく悲しい感情が広がっていく。
それが何であるのか、オレには分からない。
それが何であるのか、オレには分からない。
だが
だが
守って行きたい。
守って行きたい。
そう、思った。
そう、思った。
…………。
…………。
……。
……。
