まどか
まどか
それで、急成長を見せた企業のリストアップがほしいってことね
それで、急成長を見せた企業のリストアップがほしいってことね
秀隆
秀隆
ああ。クイーンと片桐社長から得たヒントだ。
ああ。クイーンと片桐社長から得たヒントだ。
恐らくそれを突き詰めることができたら、たどり着くはずだ
恐らくそれを突き詰めることができたら、たどり着くはずだ
ドリームタウンで急成長を見せる企業。
ドリームタウンで急成長を見せる企業。
そこに、オレたちの捜し求める答えがある。
そこに、オレたちの捜し求める答えがある。
まどか
まどか
すぐ調べてみるわね
すぐ調べてみるわね
まどか
まどか
ここ１０年で、急激な企業の成長を見せた会社は、全部で４社
ここ１０年で、急激な企業の成長を見せた会社は、全部で４社
オレはそのリストに目を通す。
オレはそのリストに目を通す。
どれもこれも知っている名前の、最近台頭してきた企業ばかりだ。
どれもこれも知っている名前の、最近台頭してきた企業ばかりだ。
その中には
その中には
柳沢製薬。
柳沢製薬。
オレが知り合った、柳沢社長の名前もリストにあった。
オレが知り合った、柳沢社長の名前もリストにあった。
秀隆
秀隆
そうか、あそこもその一つか……
そうか、あそこもその一つか……
何となくその部分が気になりながらも、オレは他の企業に目を通していく。
何となくその部分が気になりながらも、オレは他の企業に目を通していく。
しかしこれと言って、ピンと来る企業はひとつもない。
しかしこれと言って、ピンと来る企業はひとつもない。
磯部
磯部
どこもアンドロイドとはまず無関係だよなぁ
どこもアンドロイドとはまず無関係だよなぁ
秀隆
秀隆
どの企業もアンドロイドを労働力としては使用していないみたいだしな
どの企業もアンドロイドを労働力としては使用していないみたいだしな
磯部
磯部
まあ、違法アンドロイドを使うとなれば、
まあ、違法アンドロイドを使うとなれば、
そんな露骨なところにヒントが落ちてるはずもないだろうが
そんな露骨なところにヒントが落ちてるはずもないだろうが
まどか
まどか
どこも、過去の不正なんかは記録に無いクリーンな会社よ
どこも、過去の不正なんかは記録に無いクリーンな会社よ
磯部
磯部
どうする島津。ここから先に進むのは容易じゃないぜ？
どうする島津。ここから先に進むのは容易じゃないぜ？
磯部
磯部
仮にこの４社の中に違法アンドロイドを扱う人間が居たとしても、
仮にこの４社の中に違法アンドロイドを扱う人間が居たとしても、
それと急成長を裏付けるものが出てこない限り前には進めねえ
それと急成長を裏付けるものが出てこない限り前には進めねえ
秀隆
秀隆
ああ、もちろんそれは分かってる
ああ、もちろんそれは分かってる
磯部
磯部
しらみつぶしに可能性を消していくしかないか……
しらみつぶしに可能性を消していくしかないか……
秀隆
秀隆
……これは……
……これは……
オレはある一文に着目した。
オレはある一文に着目した。
秀隆
秀隆
なあ、この柳沢製薬の資本金は幾らだ？
なあ、この柳沢製薬の資本金は幾らだ？
まどか
まどか
資本金は１００万円からね。でも、４年後に資本金を１億まで
資本金は１００万円からね。でも、４年後に資本金を１億まで
増やしてる
増やしてる
磯部
磯部
うへっ、株で億以上の儲けを出したのか。すげぇ剛運……
うへっ、株で億以上の儲けを出したのか。すげぇ剛運……
秀隆
秀隆
…………
…………
まどか
まどか
ここが引っかかるの？
ここが引っかかるの？
秀隆
秀隆
ちょっと、な
ちょっと、な
磯部
磯部
裏で取引が行われてた、とかなんとか、そう言うことか？
裏で取引が行われてた、とかなんとか、そう言うことか？
秀隆
秀隆
いやそうじゃないけど……
いやそうじゃないけど……
秀隆
秀隆
２人は、この３社の企業の詳細を追ってくれ。
２人は、この３社の企業の詳細を追ってくれ。
オレは、この柳沢製薬のことを調べてみる
オレは、この柳沢製薬のことを調べてみる
製薬会社のことと言えば、またあいつに頼ってみるか。
製薬会社のことと言えば、またあいつに頼ってみるか。
秀隆
秀隆
よう
よう
山之内
山之内
久しぶりだな、島津。元気にしてたか？
久しぶりだな、島津。元気にしてたか？
秀隆
秀隆
おまえの方こそ。食糧プラントの件じゃ、世話になったな
おまえの方こそ。食糧プラントの件じゃ、世話になったな
山之内
山之内
なに、結果的には原因特定まで至らなかったんだ。情けないよ
なに、結果的には原因特定まで至らなかったんだ。情けないよ
秀隆
秀隆
おまえがいなかったら、オレは倉屋敷社長と知り合うことはなかったし、片桐食糧プラントの不正に気づくことも無かったんだ。
おまえがいなかったら、オレは倉屋敷社長と知り合うことはなかったし、片桐食糧プラントの不正に気づくことも無かったんだ。
感謝してる
感謝してる
山之内は苦笑いを見せた。
山之内は苦笑いを見せた。
秀隆
秀隆
いつもながら、急に呼び出してすまない
いつもながら、急に呼び出してすまない
山之内
山之内
いいさ。俺も、おまえに話したいことがあったし
いいさ。俺も、おまえに話したいことがあったし
山之内から話したいこと？　なんだろうか。
山之内から話したいこと？　なんだろうか。
山之内
山之内
それにしても、ステーションの規制緩和。アレに絡んでるのは
それにしても、ステーションの規制緩和。アレに絡んでるのは
おまえだろ？
おまえだろ？
秀隆
秀隆
どこでその話を？
どこでその話を？
山之内
山之内
あんな大それたこと出来るのは、おまえくらいだ
あんな大それたこと出来るのは、おまえくらいだ
秀隆
秀隆
オレは橋渡しをしたに過ぎないさ
オレは橋渡しをしたに過ぎないさ
山之内
山之内
それで、今回は俺に何のようだ？
それで、今回は俺に何のようだ？
秀隆
秀隆
薬剤師のおまえなら、ドリームタウンの
薬剤師のおまえなら、ドリームタウンの
柳沢製薬のこと、知ってるんじゃないかと思ってさ
柳沢製薬のこと、知ってるんじゃないかと思ってさ
山之内は、大きく口を開け、驚いた。
山之内は、大きく口を開け、驚いた。
秀隆
秀隆
どうした？
どうした？
山之内
山之内
い、いや。続けてくれ。
い、いや。続けてくれ。
柳沢製薬には色々勉強させてもらってるよ
柳沢製薬には色々勉強させてもらってるよ
柳沢と言う言葉に引っかかったようだが、
柳沢と言う言葉に引っかかったようだが、
ひとまず話を続けることにしよう。
ひとまず話を続けることにしよう。
秀隆
秀隆
おまえの目には、どう映ってる？
おまえの目には、どう映ってる？
山之内
山之内
街の、一般人には心強く頼もしい会社、だな
街の、一般人には心強く頼もしい会社、だな
秀隆
秀隆
妙な言い回しだな
妙な言い回しだな
山之内
山之内
俺たち薬に関する仕事をしている身からすれば、関わりたくない相手だ
俺たち薬に関する仕事をしている身からすれば、関わりたくない相手だ
秀隆
秀隆
それは、ライバルって意味でか？
それは、ライバルって意味でか？
山之内
山之内
なんていうかな、これはあくまでも噂なんだがな？
なんていうかな、これはあくまでも噂なんだがな？
秀隆
秀隆
なんでもいい。教えてくれ
なんでもいい。教えてくれ
山之内
山之内
柳沢薬品は、他社の製品に類似したものが非常に多い。
柳沢薬品は、他社の製品に類似したものが非常に多い。
薬剤界じゃ、盗人の柳沢とまで言われてたりするんだよ
薬剤界じゃ、盗人の柳沢とまで言われてたりするんだよ
秀隆
秀隆
盗人……だが、そんな話は表に出てないよな
盗人……だが、そんな話は表に出てないよな
山之内
山之内
そこが柳沢製薬のすごいところだ。普通他社の商品を真似れば、大体劣化するか、良くて同程度の商品だ
そこが柳沢製薬のすごいところだ。普通他社の商品を真似れば、大体劣化するか、良くて同程度の商品だ
山之内
山之内
だが、あの柳沢製薬はオリジナルのそれを上回ってくる。
だが、あの柳沢製薬はオリジナルのそれを上回ってくる。
恐らく柳沢製薬は、他社の薬を徹底解明し、改良を加えているんだ
恐らく柳沢製薬は、他社の薬を徹底解明し、改良を加えているんだ
山之内
山之内
それも、調べても分からないような改良をな
それも、調べても分からないような改良をな
秀隆
秀隆
…………
…………
山之内
山之内
上位互換を出されちゃ、何とも言えないのさ
上位互換を出されちゃ、何とも言えないのさ
秀隆
秀隆
相当優秀なんだな、柳沢製薬は
相当優秀なんだな、柳沢製薬は
山之内
山之内
ああ。同業者からは逆恨みを買っているが、
ああ。同業者からは逆恨みを買っているが、
その実力は今の製薬会社の中では頭ひとつ飛びぬけている。
その実力は今の製薬会社の中では頭ひとつ飛びぬけている。
俺もよく、資料や研究の参考にさせてもらってるよ
俺もよく、資料や研究の参考にさせてもらってるよ
秀隆
秀隆
なるほど……
なるほど……
それだけでは決め手に欠けるか……。
それだけでは決め手に欠けるか……。
秀隆
秀隆
そういえば、さっき言いかけたことはなんだったんだ？
そういえば、さっき言いかけたことはなんだったんだ？
山之内
山之内
それなんだが……
それなんだが……
結局、食糧プラントの件はうやむやになったのか？
結局、食糧プラントの件はうやむやになったのか？
秀隆
秀隆
ああ。真相の追究はしていない。
ああ。真相の追究はしていない。
片桐社長単独、と言うことでオレたちの中じゃ完結している
片桐社長単独、と言うことでオレたちの中じゃ完結している
秀隆
秀隆
迂闊な調査が知れたら、関係にヒビが入りかねないからな
迂闊な調査が知れたら、関係にヒビが入りかねないからな
山之内
山之内
お前に貰った、倉屋敷の調査データ、あったよな
お前に貰った、倉屋敷の調査データ、あったよな
片桐食糧プラントの事件の後、
片桐食糧プラントの事件の後、
オレは山之内に、倉屋敷の調査データを見せてほしいと頼まれた。
オレは山之内に、倉屋敷の調査データを見せてほしいと頼まれた。
本来は極秘扱いであり、永久に開示されることのない
本来は極秘扱いであり、永久に開示されることのない
情報として終われるものだったが、
情報として終われるものだったが、
オレは山之内にそのデータのコピーを渡していた。
オレは山之内にそのデータのコピーを渡していた。
どんな真相にせよ、トウモロコシに危険な改良を加えた犯人がいる。
どんな真相にせよ、トウモロコシに危険な改良を加えた犯人がいる。
それはいずれ、また街に災いを運んでくるかもしれない。
それはいずれ、また街に災いを運んでくるかもしれない。
そう思っての保険だった。
そう思っての保険だった。
山之内
山之内
俺はずっと、その資料と睨めっこしながら調査を続けていたんだ。
俺はずっと、その資料と睨めっこしながら調査を続けていたんだ。
専門分野じゃないとは言え、興味の尽きない対象だったからな
専門分野じゃないとは言え、興味の尽きない対象だったからな
秀隆
秀隆
それがどうかしたのか？
それがどうかしたのか？
山之内
山之内
最近気づいたんだ。その使われていたαと呼ばれるモノが、
最近気づいたんだ。その使われていたαと呼ばれるモノが、
ある製薬会社の商品にも使われている、ってことにな
ある製薬会社の商品にも使われている、ってことにな
秀隆
秀隆
まさか……
まさか……
山之内
山之内
そのまさか。柳沢製薬の薬だ
そのまさか。柳沢製薬の薬だ
秀隆
秀隆
…………
…………
山之内
山之内
おまえから柳沢の名前が出た時は驚いた。
おまえから柳沢の名前が出た時は驚いた。
ただの偶然にしちゃ、あまりにもできすぎてるってな
ただの偶然にしちゃ、あまりにもできすぎてるってな
柳沢製薬と片桐食糧プラントに、そんなつながりがあったのか。
柳沢製薬と片桐食糧プラントに、そんなつながりがあったのか。
秀隆
秀隆
なら、柳沢製薬の薬には危険性があるってことか
なら、柳沢製薬の薬には危険性があるってことか
山之内
山之内
ああ。だが、正直問題にはならないだろう
ああ。だが、正直問題にはならないだろう
秀隆
秀隆
と、言うと？
と、言うと？
山之内
山之内
このαと呼ばれるものは、
このαと呼ばれるものは、
大量に摂取しない限り人体に影響を及ぼすことはまず考えられない
大量に摂取しない限り人体に影響を及ぼすことはまず考えられない
秀隆
秀隆
そうか、薬は食べ物みたいに無尽蔵には消費しないか
そうか、薬は食べ物みたいに無尽蔵には消費しないか
山之内
山之内
ああ。正直薬剤界だけ取ってみれば、革命ともいえるものだ
ああ。正直薬剤界だけ取ってみれば、革命ともいえるものだ
秀隆
秀隆
開発者は紛れもなく天才ってことだな
開発者は紛れもなく天才ってことだな
山之内
山之内
おまえがどうするかは任せる。俺は調べるまでが仕事だ
おまえがどうするかは任せる。俺は調べるまでが仕事だ
秀隆
秀隆
……ああ。ありがとう
……ああ。ありがとう
柳沢軍司は、過去片桐社長に接触を図った。
柳沢軍司は、過去片桐社長に接触を図った。
その目的はアンドロイドを売り込むため。
その目的はアンドロイドを売り込むため。
だが、片桐社長はそれを拒んだ。
だが、片桐社長はそれを拒んだ。
でも……柳沢製薬で使われるαは、片桐食糧プラントのトウモロコシから検出された。
でも……柳沢製薬で使われるαは、片桐食糧プラントのトウモロコシから検出された。
それは―――単なる偶然なんかではないだろう。
それは―――単なる偶然なんかではないだろう。
オレの中で、バラバラだったものが、ひとつに固まっていく。
オレの中で、バラバラだったものが、ひとつに固まっていく。
秀隆
秀隆
ただいま
ただいま
帰宅する。
帰宅する。
…………。
…………。
反応がない。
反応がない。
秀隆
秀隆
ただいま？
ただいま？
改めて言う。
改めて言う。
テトテトテト。
テトテトテト。
小さな足音。
小さな足音。
キズナ
キズナ
お帰りなさい、ひーくんっ。今日もお仕事ご苦労様でした
お帰りなさい、ひーくんっ。今日もお仕事ご苦労様でした
秀隆
秀隆
ただいま。あれ、アクセラは？
ただいま。あれ、アクセラは？
キズナ
キズナ
今はいません。お鞄お預かりしますね
今はいません。お鞄お預かりしますね
秀隆
秀隆
あ、ああ。居ないって……どういうことだ
あ、ああ。居ないって……どういうことだ
キズナ
キズナ
買い物に行かれました
買い物に行かれました
秀隆
秀隆
買い物に？　アクセラ一人でか
買い物に？　アクセラ一人でか
秋
秋
私が行かせたんです。
私が行かせたんです。
アクセラが、どうしても一度行ってみたかったと
アクセラが、どうしても一度行ってみたかったと
リビングには、学園から戻ったばかりなのか、制服姿の秋。
リビングには、学園から戻ったばかりなのか、制服姿の秋。
秋
秋
いけませんでしたか？
いけませんでしたか？
キズナ
キズナ
アクセラさんも、その事でひーくんに何か言われるかもって気にしてたんです
アクセラさんも、その事でひーくんに何か言われるかもって気にしてたんです
キズナ
キズナ
でも、許されるなら一度一人で買い物に行ってみたいって
でも、許されるなら一度一人で買い物に行ってみたいって
秋をフォローするためか、キズナが口を挟む。
秋をフォローするためか、キズナが口を挟む。
秀隆
秀隆
いや、絶対外に出すなってことはなかったし、
いや、絶対外に出すなってことはなかったし、
元々はオレが自由にしてやれって言ったことだからな
元々はオレが自由にしてやれって言ったことだからな
秀隆
秀隆
ただ、秋はアクセラを外に出すのは反対の立場だった。ちょっと驚いただけだ
ただ、秋はアクセラを外に出すのは反対の立場だった。ちょっと驚いただけだ
まぁこの状況を見て、大方予想はついた。
まぁこの状況を見て、大方予想はついた。
恐らくキズナが出かけている時に、秋が帰宅したんだろう。
恐らくキズナが出かけている時に、秋が帰宅したんだろう。
そして、アクセラは買い物か何かの話を切り出したが、
そして、アクセラは買い物か何かの話を切り出したが、
帰宅した秋が、微熱を出していることに気づき買い物を頼むのをやめた。
帰宅した秋が、微熱を出していることに気づき買い物を頼むのをやめた。
そこでアクセラは自分が代わりに買いに行くと提案した、そんなところか。
そこでアクセラは自分が代わりに買いに行くと提案した、そんなところか。
キズナが家に居たら間違いなく自分から買いに行くと進言するし、
キズナが家に居たら間違いなく自分から買いに行くと進言するし、
最悪アクセラと一緒に出かけていたのは間違いない。
最悪アクセラと一緒に出かけていたのは間違いない。
秀隆
秀隆
外出させるのは構わないが、
外出させるのは構わないが、
出来れば今後はオレに一言相談をくれ
出来れば今後はオレに一言相談をくれ
秀隆
秀隆
万が一のことがあってからじゃ遅いからな
万が一のことがあってからじゃ遅いからな
秋
秋
はい、わかっています
はい、わかっています
秀隆
秀隆
ならいいんだ。オレが言いたいのはそれだけだ
ならいいんだ。オレが言いたいのはそれだけだ
キズナ
キズナ
良かったです
良かったです
オレは何となくアクセラの帰りが気になり、座って待つことにする。
オレは何となくアクセラの帰りが気になり、座って待つことにする。
キズナも秋の隣に腰を下ろした。
キズナも秋の隣に腰を下ろした。
オレは秋の微熱に気づかないフリをする。
オレは秋の微熱に気づかないフリをする。
秀隆
秀隆
もしかして、二人ともアクセラの帰りを待ってるのか？
もしかして、二人ともアクセラの帰りを待ってるのか？
キズナ
キズナ
はいですっ
はいですっ
秋
秋
……まぁ……
……まぁ……
秀隆
秀隆
ちょっと落ち着かないもんだよな。アクセラが外出してるってのは
ちょっと落ち着かないもんだよな。アクセラが外出してるってのは
秋
秋
道に迷ってなければ、いいんですが
道に迷ってなければ、いいんですが
いつもはオレとの会話を良しとしない秋が、すぐ返事を返してくる。
いつもはオレとの会話を良しとしない秋が、すぐ返事を返してくる。
自分で許可を出したものの、気が気じゃないんだろう。
自分で許可を出したものの、気が気じゃないんだろう。
秀隆
秀隆
そういえば、目的はあるのか？　アクセラの
そういえば、目的はあるのか？　アクセラの
キズナ
キズナ
今日の夕食を買いに行くって言ってました
今日の夕食を買いに行くって言ってました
秀隆
秀隆
なんで今日のタイミングなんだろうな？
なんで今日のタイミングなんだろうな？
秋
秋
タイムバーゲンに参加してみたいって、言ってました
タイムバーゲンに参加してみたいって、言ってました
秀隆
秀隆
は？　た、タイムバーゲン？
は？　た、タイムバーゲン？
タイムバーゲンって、あのおばさんたちがワゴンの中身を競うあれか？
タイムバーゲンって、あのおばさんたちがワゴンの中身を競うあれか？
秋
秋
ちょっと違う気もしますけど、そんなのです
ちょっと違う気もしますけど、そんなのです
秀隆
秀隆
なんでわざわざ、そんな戦場みたいなもんを……
なんでわざわざ、そんな戦場みたいなもんを……
キズナ
キズナ
主婦の醍醐味ですから。
主婦の醍醐味ですから。
アクセラさんはお母さんみたいなものですし
アクセラさんはお母さんみたいなものですし
秀隆
秀隆
そうかも知れないけど、タイムバーゲンねぇ……
そうかも知れないけど、タイムバーゲンねぇ……
オレなら、行けと言われても行きたくない。
オレなら、行けと言われても行きたくない。
秀隆
秀隆
…………
…………
秋
秋
…………
…………
キズナ
キズナ
…………
…………
会話が途切れる。
会話が途切れる。
キズナは何やら楽しそうに携帯を触っているが、
キズナは何やら楽しそうに携帯を触っているが、
オレも秋も手持無沙汰で気まずく感じる。
オレも秋も手持無沙汰で気まずく感じる。
いや、秋が気まずいと感じてる保証はないんだけど。
いや、秋が気まずいと感じてる保証はないんだけど。
秀隆
秀隆
キズナは今なにしてるんだ？
キズナは今なにしてるんだ？
当然話しかけやすい方に、オレは言葉を投げかける。
当然話しかけやすい方に、オレは言葉を投げかける。
キズナ
キズナ
ユウキ先生とメールしてました
ユウキ先生とメールしてました
秀隆
秀隆
いつの間にメール交換を……
いつの間にメール交換を……
se着信（共通
se着信（共通
キズナ
キズナ
あ、ごめんなさいです。ユウキ先生から電話です
あ、ごめんなさいです。ユウキ先生から電話です
se通話ボタン
se通話ボタン
キズナ
キズナ
もしもし。キズナです、はい、ちゃんと繋がってますよ
もしもし。キズナです、はい、ちゃんと繋がってますよ
オレたちの前で話すのが悪いと思ったのか、
オレたちの前で話すのが悪いと思ったのか、
キズナは軽く会釈して、話しながら自室へと姿を消してしまう。
キズナは軽く会釈して、話しながら自室へと姿を消してしまう。
当然、この場にはオレと秋だけが残される。
当然、この場にはオレと秋だけが残される。
秀隆
秀隆
…………
…………
秋
秋
…………
…………
秀隆
秀隆
あー
あー
秋
秋
いつも言いますが、無理して話す必要はないと思います
いつも言いますが、無理して話す必要はないと思います
秀隆
秀隆
……そうなんだけどな
……そうなんだけどな
秀隆
秀隆
おまえと無言の中に居たら、息苦しくてさ
おまえと無言の中に居たら、息苦しくてさ
秋
秋
それは私も同じです、ご心配なく
それは私も同じです、ご心配なく
秀隆
秀隆
なんで二人して息苦しいところに居なきゃいけないんだよ
なんで二人して息苦しいところに居なきゃいけないんだよ
秋
秋
ごもっともですね。どうぞお部屋へ
ごもっともですね。どうぞお部屋へ
秀隆
秀隆
なんでオレが戻らなきゃいけないんだ
なんでオレが戻らなきゃいけないんだ
秋
秋
私はここでアクセラを迎えるつもりです
私はここでアクセラを迎えるつもりです
秀隆
秀隆
オレだって同じだ
オレだって同じだ
初めて一人で外出したアクセラ。
初めて一人で外出したアクセラ。
アクセラの帰りに立ち会いたいと思うのは当然だ。
アクセラの帰りに立ち会いたいと思うのは当然だ。
秋
秋
じゃあ文句言わないでください。最初に待ってたのは私です
じゃあ文句言わないでください。最初に待ってたのは私です
秀隆
秀隆
最初ったって、別にそんな時間差があるわけでもないだろ
最初ったって、別にそんな時間差があるわけでもないだろ
秋
秋
１秒でも時間は時間ですから
１秒でも時間は時間ですから
くそ、よく喋るやつ。
くそ、よく喋るやつ。
そんなにアクセラを迎えたいのか。
そんなにアクセラを迎えたいのか。
秀隆
秀隆
じゃあこのままで我慢しろよ？
じゃあこのままで我慢しろよ？
秋
秋
一度も不満を口にした覚えはありません。我慢していますから
一度も不満を口にした覚えはありません。我慢していますから
秀隆
秀隆
そういうの、口にしてるって言うんだよ
そういうの、口にしてるって言うんだよ
秋
秋
兄さんが余計なことを言わなければ、何も言っていませんでした
兄さんが余計なことを言わなければ、何も言っていませんでした
秀隆
秀隆
余計なことって……
余計なことって……
秋
秋
ひとつ聞いてもいいですか
ひとつ聞いてもいいですか
秀隆
秀隆
嫌いなオレに聞きたいことがあるってのか？
嫌いなオレに聞きたいことがあるってのか？
秋
秋
はい
はい
秀隆
秀隆
言ってみろ……
言ってみろ……
秋
秋
これは、私が兄さんを嫌いだからかも知れませんが……
これは、私が兄さんを嫌いだからかも知れませんが……
変な前置きをする。
変な前置きをする。
秋
秋
どうして、そう不定期に私を怒らせたがるんでしょうか
どうして、そう不定期に私を怒らせたがるんでしょうか
秀隆
秀隆
なんだそりゃ。意味がわかんねぇよ
なんだそりゃ。意味がわかんねぇよ
秋
秋
ここ１、２年。兄さんが私を怒らせた回数はそれほど多くありません。何故なら、殆ど会話と言う会話がなかったからです
ここ１、２年。兄さんが私を怒らせた回数はそれほど多くありません。何故なら、殆ど会話と言う会話がなかったからです
秀隆
秀隆
まぁ、朝の挨拶くらいだわな
まぁ、朝の挨拶くらいだわな
秋
秋
でも最近は、今みたいにしつこく話しかけてきます
でも最近は、今みたいにしつこく話しかけてきます
秀隆
秀隆
しつこくってほど話しかけてはいないだろ
しつこくってほど話しかけてはいないだろ
ちょっと不機嫌そうに言うと、秋は……。
ちょっと不機嫌そうに言うと、秋は……。
秋
秋
ほら、今みたいな返事をすぐします。なんですかそれ
ほら、今みたいな返事をすぐします。なんですかそれ
秋
秋
意図的に私を怒らせようとしているの、バレバレです
意図的に私を怒らせようとしているの、バレバレです
秀隆
秀隆
…………
…………
秋
秋
そんなに私が憎いですか。嫌いですか
そんなに私が憎いですか。嫌いですか
秀隆
秀隆
知ってるだろ
知ってるだろ
秋
秋
はい。いつもいつも、兄さんの性根の悪さには敬服します
はい。いつもいつも、兄さんの性根の悪さには敬服します
秋
秋
キズナや他の人には、兄さんがこんな風に私を怒らせてるとは
キズナや他の人には、兄さんがこんな風に私を怒らせてるとは
考えもしないでしょうね
考えもしないでしょうね
秀隆
秀隆
おまえにしかわからないようにやってるからな
おまえにしかわからないようにやってるからな
秋
秋
でしょうね……
でしょうね……
オレと秋の仲が悪いことは、キズナや凛は気づいている。
オレと秋の仲が悪いことは、キズナや凛は気づいている。
でも、オレがこうやって話しかけて意図的に秋を怒らせているとは思っていない。
でも、オレがこうやって話しかけて意図的に秋を怒らせているとは思っていない。
何故なら、秋の怒りの沸点を知り尽くしているのがオレだけだからだ。
何故なら、秋の怒りの沸点を知り尽くしているのがオレだけだからだ。
秀隆
秀隆
暇つぶしだ。おまえを怒らせてるのは
暇つぶしだ。おまえを怒らせてるのは
秋
秋
理由もまた、イラッとしますね
理由もまた、イラッとしますね
秀隆
秀隆
だろぃ？
だろぃ？
ちまちました一言の応酬だが、秋が相当いらだっているのがわかる。
ちまちました一言の応酬だが、秋が相当いらだっているのがわかる。
オレの一言一言に、本当はブチ切れたいところだろう。
オレの一言一言に、本当はブチ切れたいところだろう。
秀隆
秀隆
おまえが選んだ道だ。今更逃げるなよ
おまえが選んだ道だ。今更逃げるなよ
秋
秋
蒸し返さないでください。十分理解しています
蒸し返さないでください。十分理解しています
秀隆
秀隆
どうだか。最近妙に生意気だからな、態度が
どうだか。最近妙に生意気だからな、態度が
秀隆
秀隆
おまえは大人しくオレの不満を受け止めていればいいんだよ
おまえは大人しくオレの不満を受け止めていればいいんだよ
秋
秋
……そうですね
……そうですね
そう答えて、秋は黙り込んだ。
そう答えて、秋は黙り込んだ。
これ以上相手にしたくないと考えてのことだ。
これ以上相手にしたくないと考えてのことだ。
秀隆
秀隆
進路どうするか決めたのか？
進路どうするか決めたのか？
そんな秋に、オレはあえて追撃を加える。
そんな秋に、オレはあえて追撃を加える。
秋
秋
…………
…………
露骨に睨むような視線を向けてきたが、ゆっくりと口を開く。
露骨に睨むような視線を向けてきたが、ゆっくりと口を開く。
秋
秋
まだです
まだです
秀隆
秀隆
さっさと決めろよ。就職して出ていくんだろ？
さっさと決めろよ。就職して出ていくんだろ？
秋
秋
……決めますよ
……決めますよ
秀隆
秀隆
ったく。おまえはいつも決断が遅いからなぁ
ったく。おまえはいつも決断が遅いからなぁ
我ながら、なんて嫌なやつなんだろうと思う。
我ながら、なんて嫌なやつなんだろうと思う。
今なら誰がどう見ても、
今なら誰がどう見ても、
秋を怒らせようとしてる風にしか見えない。
秋を怒らせようとしてる風にしか見えない。
キズナ
キズナ
はい。じゃあまたですっ
はい。じゃあまたですっ
部屋の扉が開き、キズナが出て来た。
部屋の扉が開き、キズナが出て来た。
ちょうどユウキとの会話が終わったらしい。
ちょうどユウキとの会話が終わったらしい。
キズナ
キズナ
あれ、お二人ともどうかされたんですか？
あれ、お二人ともどうかされたんですか？
秀隆
秀隆
別に
別に
秋
秋
何もないよ
何もないよ
キズナ
キズナ
そうですか？
そうですか？
それから、３０分ほど経った。
それから、３０分ほど経った。
秀隆
秀隆
遅いな、アクセラのやつ。出かけてどれくらいだ？
遅いな、アクセラのやつ。出かけてどれくらいだ？
秋
秋
１時間と少しです
１時間と少しです
秀隆
秀隆
……そろそろ帰ってきてもいいけどな
……そろそろ帰ってきてもいいけどな
秀隆
秀隆
電話してみるか？
電話してみるか？
キズナ
キズナ
心配性だと思われますよ？　せっかく初めてお出かけしたのに
心配性だと思われますよ？　せっかく初めてお出かけしたのに
秀隆
秀隆
それはわかるんだが……
それはわかるんだが……
帰りが遅いなんて電話すれば、アクセラは自分が迷惑をかけたと
帰りが遅いなんて電話すれば、アクセラは自分が迷惑をかけたと
思うだろう。
思うだろう。
そしたら、今後出かけないように配慮してしまうかもしれない。
そしたら、今後出かけないように配慮してしまうかもしれない。
もちろんそれはオレにも秋にもわかっているが……。
もちろんそれはオレにも秋にもわかっているが……。
万が一外で、前の所有者に遭遇したら？
万が一外で、前の所有者に遭遇したら？
記憶はなくとも、何か不都合が起こる可能性はある。
記憶はなくとも、何か不都合が起こる可能性はある。
秋
秋
そわそわしすぎです
そわそわしすぎです
秀隆
秀隆
っせえな。おまえだって落ち着きがないぞ
っせえな。おまえだって落ち着きがないぞ
秋
秋
私は別に……
私は別に……
キズナ
キズナ
まぁまぁ落ち着きましょう。コーヒーでも淹れますね
まぁまぁ落ち着きましょう。コーヒーでも淹れますね
秀隆
秀隆
悪いな
悪いな
気を利かせたキズナが台所へ向かう。
気を利かせたキズナが台所へ向かう。
秀隆
秀隆
どこかの誰かと違って、気配りができるよなキズナは
どこかの誰かと違って、気配りができるよなキズナは
秀隆
秀隆
どこかの誰かはコーヒーも満足に淹れられないし
どこかの誰かはコーヒーも満足に淹れられないし
秋
秋
自分で飲まないのに、兄さんに淹れるとか冗談ですよね
自分で飲まないのに、兄さんに淹れるとか冗談ですよね
秀隆
秀隆
言うじゃねえか……
言うじゃねえか……
秋
秋
兄さんが変なところを突っ込んできたからですよ
兄さんが変なところを突っ込んできたからですよ
秀隆
秀隆
あーはいはい。オレが悪かったですよっと
あーはいはい。オレが悪かったですよっと
秋
秋
少しも反省していませんね
少しも反省していませんね
秀隆
秀隆
いやいや、これでも反省してるんだ、心土下座だ
いやいや、これでも反省してるんだ、心土下座だ
秋
秋
そうですか
そうですか
秀隆
秀隆
……ふん
……ふん
それから、さらに１時間ほど経った。
それから、さらに１時間ほど経った。
間もなく消灯時刻も過ぎる。
間もなく消灯時刻も過ぎる。
秀隆
秀隆
いくらなんでも遅すぎないか？
いくらなんでも遅すぎないか？
２杯目のコーヒーも空になり、カップも冷めてしまっている。
２杯目のコーヒーも空になり、カップも冷めてしまっている。
秋
秋
さすがに遅いかも……
さすがに遅いかも……
キズナ
キズナ
バーゲンが６時前からなので……確かにそうですね
バーゲンが６時前からなので……確かにそうですね
満場一致で意見が一致する。
満場一致で意見が一致する。
秀隆
秀隆
ちょっと近くのスーパーまで行ってくる
ちょっと近くのスーパーまで行ってくる
秋
秋
私が行きます
私が行きます
秀隆
秀隆
なんでお前なんだよ
なんでお前なんだよ
秋
秋
私がアクセラに許可を出したんです。責任は私にあります
私がアクセラに許可を出したんです。責任は私にあります
秀隆
秀隆
おまえとろくさいから余計時間かかるだろ
おまえとろくさいから余計時間かかるだろ
秋
秋
スーパーに行くだけならそれほど変わらないと思います
スーパーに行くだけならそれほど変わらないと思います
秀隆
秀隆
途中で体調崩したら共倒れだろ
途中で体調崩したら共倒れだろ
秋
秋
それくらいの体調管理は出来ますから、ご心配なく
それくらいの体調管理は出来ますから、ご心配なく
秀隆
秀隆
別に心配してない。邪魔くさいって話だ
別に心配してない。邪魔くさいって話だ
キズナ
キズナ
あ、あの。どうしてそんなに今日は険悪なんですか？
あ、あの。どうしてそんなに今日は険悪なんですか？
秀隆
秀隆
別に
別に
秋
秋
……別に
……別に
キズナ
キズナ
妙なところでは息があってますが……
妙なところでは息があってますが……
キズナ
キズナ
では間を取って私が迎えに行くということで
では間を取って私が迎えに行くということで
秀隆
秀隆
いやでもだな……
いやでもだな……
誰が探しに行くか議論をしていると、玄関の扉が開く音。
誰が探しに行くか議論をしていると、玄関の扉が開く音。
秋
秋
アクセラ？　……
アクセラ？　……
アクセラっ
アクセラっ
秋が慌てて立ち上がり、玄関へ。
秋が慌てて立ち上がり、玄関へ。
オレもキズナもそれに続いた。
オレもキズナもそれに続いた。
アクセラ
アクセラ
ただいま戻りました。秋様
ただいま戻りました。秋様
秋
秋
お帰り、アクセラ
お帰り、アクセラ
秀隆
秀隆
お帰り
お帰り
キズナ
キズナ
お帰りですっ！
お帰りですっ！
アクセラ
アクセラ
た、ただいま戻りました。あの、どうされたのですか？
た、ただいま戻りました。あの、どうされたのですか？
３人の鬼気迫る感じの出迎えに、驚くアクセラ。
３人の鬼気迫る感じの出迎えに、驚くアクセラ。
秀隆
秀隆
一人で買い物に行ったんだって？
一人で買い物に行ったんだって？
アクセラ
アクセラ
はい。秋様に承諾いただきまして、行ってまいりました
はい。秋様に承諾いただきまして、行ってまいりました
アクセラの両手には沢山のものが握られている。
アクセラの両手には沢山のものが握られている。
秀隆
秀隆
また、ずいぶん買いこんだな……
また、ずいぶん買いこんだな……
アクセラ
アクセラ
タイムバーゲンとは、実に楽しいものですね。
タイムバーゲンとは、実に楽しいものですね。
つい、色々なお店の安売りに飛び込んでしまいました
つい、色々なお店の安売りに飛び込んでしまいました
どうやら、それで帰りが遅くなったらしい。
どうやら、それで帰りが遅くなったらしい。
アクセラ
アクセラ
……不思議なものですね
……不思議なものですね
秋
秋
不思議って、なにが？
不思議って、なにが？
アクセラ
アクセラ
いつも、私は秋様たちの方で皆様をお迎えするのに。
いつも、私は秋様たちの方で皆様をお迎えするのに。
今日は反対の玄関側から、皆様にお迎えされています
今日は反対の玄関側から、皆様にお迎えされています
アクセラ
アクセラ
それが、少し違和感を感じまして……
それが、少し違和感を感じまして……
秋
秋
確かにそうだね
確かにそうだね
アクセラ
アクセラ
ですが、たまには良いものですね。迎えられるというのも
ですが、たまには良いものですね。迎えられるというのも
アクセラはそう言い微笑んだ。
アクセラはそう言い微笑んだ。
秋も、それを見て不機嫌なものは全部飛んで行ったようだ。
秋も、それを見て不機嫌なものは全部飛んで行ったようだ。
ちなみにオレも。
ちなみにオレも。
やっぱり、この家にはアクセラが必要不可欠だ。
やっぱり、この家にはアクセラが必要不可欠だ。
…………。
…………。
……。
……。
