秀隆
秀隆
うーむ……
うーむ……
秀隆
秀隆
おはよう……
おはよう……
キズナ
キズナ
おはようございますっ
おはようございますっ
朝、少し早く目が覚めたオレがリビングに来ると、
朝、少し早く目が覚めたオレがリビングに来ると、
キズナは既に席についていて、オレを見つけると駆け寄ってきた。
キズナは既に席についていて、オレを見つけると駆け寄ってきた。
アクセラは台所で朝食の準備をしている。
アクセラは台所で朝食の準備をしている。
秀隆
秀隆
相変わらず、早いんだな
相変わらず、早いんだな
キズナ
キズナ
今日はちょっと、早くに目が覚めてしまいました
今日はちょっと、早くに目が覚めてしまいました
秀隆
秀隆
なんだよ。何かあったのか？
なんだよ。何かあったのか？
キズナ
キズナ
もちろんひーくんとのことですっ
もちろんひーくんとのことですっ
う……。
う……。
そんな眩しい笑顔で言われても……。
そんな眩しい笑顔で言われても……。
キズナ
キズナ
ひーくんは、いつも通りの朝を迎えましたか？
ひーくんは、いつも通りの朝を迎えましたか？
秀隆
秀隆
ま、まぁな
ま、まぁな
嘘をついた。
嘘をついた。
キズナ
キズナ
そうですか……ちょっと残念ですね
そうですか……ちょっと残念ですね
悲しそうな表情を見せるキズナに、ちょっとだけ心が痛む。
悲しそうな表情を見せるキズナに、ちょっとだけ心が痛む。
でも、家の中で不用意にベタベタする真似は避けたほうがいいだろう。
でも、家の中で不用意にベタベタする真似は避けたほうがいいだろう。
秀隆
秀隆
今日は、倉屋敷に予定はあるのか？
今日は、倉屋敷に予定はあるのか？
キズナ
キズナ
はい。顔を出そうと思っています
はい。顔を出そうと思っています
秀隆
秀隆
折角だし、途中まで一緒に行くか
折角だし、途中まで一緒に行くか
キズナ
キズナ
わかりましたっ
わかりましたっ
キズナと二人で、一緒に外へ。
キズナと二人で、一緒に外へ。
ややアクセラから冷ややかな視線を送られたが、無視することにする。
ややアクセラから冷ややかな視線を送られたが、無視することにする。
秀隆
秀隆
やっぱり色々問題あるのかねえ……
やっぱり色々問題あるのかねえ……
キズナ
キズナ
歳の差ですか？
歳の差ですか？
秀隆
秀隆
そりゃ気になるだろ。正直かなりの差があるのは事実だしな
そりゃ気になるだろ。正直かなりの差があるのは事実だしな
キズナ
キズナ
でも考え方次第ですよ。ひーくんはむしろ喜ばしいことじゃないですか？
でも考え方次第ですよ。ひーくんはむしろ喜ばしいことじゃないですか？
秀隆
秀隆
喜ばしいこと？
喜ばしいこと？
キズナ
キズナ
今から１０年経ったら、ひーくんはお幾つですか？
今から１０年経ったら、ひーくんはお幾つですか？
秀隆
秀隆
オレは３３歳だな
オレは３３歳だな
キズナ
キズナ
その時私は？
その時私は？
秀隆
秀隆
ピチピチだな……
ピチピチだな……
ここではとても口には出来ないような。
ここではとても口には出来ないような。
キズナ
キズナ
素敵だと思いませんか？
素敵だと思いませんか？
秀隆
秀隆
かも……
かも……
キズナ
キズナ
もしひーくんの同い年なら、３３歳ですしね
もしひーくんの同い年なら、３３歳ですしね
１０年経てば、まどかも３３歳か。
１０年経てば、まどかも３３歳か。
もちろん良い女のオーラが増えてはいるんだろうけど。
もちろん良い女のオーラが増えてはいるんだろうけど。
それでも歳は感じるだろう。
それでも歳は感じるだろう。
秀隆
秀隆
うーむ、オレってひょっとして理想的な彼女を手に入れた？
うーむ、オレってひょっとして理想的な彼女を手に入れた？
キズナ
キズナ
ですよ
ですよ
秀隆
秀隆
じゃ、行って来る
じゃ、行って来る
キズナ
キズナ
いってらっしゃいです、ひーくんっ
いってらっしゃいです、ひーくんっ
今日もキズナに見送られ、オレは仕事に向かうことにした。
今日もキズナに見送られ、オレは仕事に向かうことにした。
まどか
まどか
島津くん。最近一人で行動してることが多いみたいだけど、
島津くん。最近一人で行動してることが多いみたいだけど、
どうしたの？
どうしたの？
秀隆
秀隆
ん？　いや、今少し地上のことを調べてるんだよ
ん？　いや、今少し地上のことを調べてるんだよ
まどか
まどか
地上の？　また、変わったことを調べてるのね
地上の？　また、変わったことを調べてるのね
秀隆
秀隆
ほら、一応無関係じゃないだろ？
ほら、一応無関係じゃないだろ？
まどか
まどか
そうか、そう言われればそうよね
そうか、そう言われればそうよね
まどか
まどか
私も興味がないわけじゃないんだけど……
私も興味がないわけじゃないんだけど……
まどかが少し話したいのか、隣の空席に腰を下ろした。
まどかが少し話したいのか、隣の空席に腰を下ろした。
まどか
まどか
地上に関する資料って、年々姿を消してるのよね
地上に関する資料って、年々姿を消してるのよね
秀隆
秀隆
ああ。情報規制と言うか、不要になった情報って扱いを受けだしてる
ああ。情報規制と言うか、不要になった情報って扱いを受けだしてる
秀隆
秀隆
今の子供たちには、地上って言う無駄な知識を植え付けず、
今の子供たちには、地上って言う無駄な知識を植え付けず、
ホープタウンの創生からで十分なんじゃないかってことになってるんだ
ホープタウンの創生からで十分なんじゃないかってことになってるんだ
まどか
まどか
実際それでいい気もするわ。私たちみたいにあれこれ考えるだけ、
実際それでいい気もするわ。私たちみたいにあれこれ考えるだけ、
時間の浪費になるわけだし
時間の浪費になるわけだし
まどか
まどか
調べたところで、地上に行けるわけでもないしね
調べたところで、地上に行けるわけでもないしね
秀隆
秀隆
地上に行けるわけない……か
地上に行けるわけない……か
まどか
まどか
だって、地上は滅んでしまっているのよ？
だって、地上は滅んでしまっているのよ？
秀隆
秀隆
それは誰が決めたんだよ
それは誰が決めたんだよ
まどか
まどか
誰って、詳しい調査の結果で……
誰って、詳しい調査の結果で……
秀隆
秀隆
その調査を行ったのは誰で、どういう人物なんだ？
その調査を行ったのは誰で、どういう人物なんだ？
まどか
まどか
それは……私は知らないけど。調べればすぐに
それは……私は知らないけど。調べればすぐに
秀隆
秀隆
出てこない。オレは何度も調べた
出てこない。オレは何度も調べた
まどか
まどか
…………
…………
秀隆
秀隆
ある一定までは広く広まってるくせに、
ある一定までは広く広まってるくせに、
詳しく調べようとしても何一つ出てこない。何かおかしいんだよ
詳しく調べようとしても何一つ出てこない。何かおかしいんだよ
ネットだろうが、官邸の資料だろうが、
ネットだろうが、官邸の資料だろうが、
とにかく知りたいと思った部分がことごとく存在しない。
とにかく知りたいと思った部分がことごとく存在しない。
まどか
まどか
大変そうね。手が空いた時でよければ、私も手伝うわ
大変そうね。手が空いた時でよければ、私も手伝うわ
秀隆
秀隆
いや、それはやめておこう
いや、それはやめておこう
まどか
まどか
私じゃ役に立てない？
私じゃ役に立てない？
秀隆
秀隆
そうじゃない。まどかを危険に巻き込みたくないんだ。
そうじゃない。まどかを危険に巻き込みたくないんだ。
地上のことを調べるのはオレだけにしておきたい
地上のことを調べるのはオレだけにしておきたい
まどか
まどか
危険って……
危険って……
秀隆
秀隆
オレが刺された原因の１つに、地上のことを調べていたからって可能性がある
オレが刺された原因の１つに、地上のことを調べていたからって可能性がある
秀隆
秀隆
誰かが、地上に対することを調べられるのを恐れてるかもしれない
誰かが、地上に対することを調べられるのを恐れてるかもしれない
何も、柳沢軍司が犯人とは限らないんだ。
何も、柳沢軍司が犯人とは限らないんだ。
まどか
まどか
そんなことって……
そんなことって……
秀隆
秀隆
可能性は高くないが、低くもない。だから、まどかには協力させられない
可能性は高くないが、低くもない。だから、まどかには協力させられない
まどか
まどか
……あなたが、そういうなら……
……あなたが、そういうなら……
秀隆
秀隆
まどかの気持ちはありがたく受け取っておくよ
まどかの気持ちはありがたく受け取っておくよ
まどか
まどか
だけど、ならどうして私に、地上を調べるって教えたの？
だけど、ならどうして私に、地上を調べるって教えたの？
秀隆
秀隆
オレの身に万が一何かあった時、そのことを周囲に広めてもらえるだろ？
オレの身に万が一何かあった時、そのことを周囲に広めてもらえるだろ？
秀隆
秀隆
そしたら、他の誰かが真相を突き止めるかもしれない
そしたら、他の誰かが真相を突き止めるかもしれない
まどか
まどか
何かあったらって。そんな縁起でもないこと言わないで
何かあったらって。そんな縁起でもないこと言わないで
秀隆
秀隆
悪い悪い。でも、そういう狙いがあるのは本当だ
悪い悪い。でも、そういう狙いがあるのは本当だ
まどか
まどか
…………
…………
秀隆
秀隆
でも、まどかもオレの心配をしてくれるようになったんだな。嬉しいよ
でも、まどかもオレの心配をしてくれるようになったんだな。嬉しいよ
まどか
まどか
ば、バカ。そんなの同僚だから、に決まってるじゃない
ば、バカ。そんなの同僚だから、に決まってるじゃない
秀隆
秀隆
同僚として見てもらえるようになったんだろ？　嬉しいさ
同僚として見てもらえるようになったんだろ？　嬉しいさ
まどか
まどか
む……もう。私行くから
む……もう。私行くから
顔を赤くして立ち上がると、まどかは部屋を出ていった。
顔を赤くして立ち上がると、まどかは部屋を出ていった。
秀隆
秀隆
さて……オレはもう少し探ってみるか
さて……オレはもう少し探ってみるか
秀隆
秀隆
こんばんは
こんばんは
ユウキ
ユウキ
秀隆じゃん。どうしたんだよ、こんな時間にさ
秀隆じゃん。どうしたんだよ、こんな時間にさ
和葉
和葉
ったく、友達の家じゃねえんだぞ？　ホイホイ来るな
ったく、友達の家じゃねえんだぞ？　ホイホイ来るな
秀隆
秀隆
すみません。ちょっと、どうしてもご報告がありまして
すみません。ちょっと、どうしてもご報告がありまして
和葉
和葉
報告？　くだらないことじゃないだろうな
報告？　くだらないことじゃないだろうな
秀隆
秀隆
どうでしょう……微妙なところですね
どうでしょう……微妙なところですね
和葉
和葉
さっさと言え。あたしの時間は貴重だって知ってるだろ
さっさと言え。あたしの時間は貴重だって知ってるだろ
秀隆
秀隆
はい。その、キズナのことです
はい。その、キズナのことです
ユウキ
ユウキ
キズナちゃん？　どうしたんだよ
キズナちゃん？　どうしたんだよ
秀隆
秀隆
……オレ、キズナと付き合うことにしました
……オレ、キズナと付き合うことにしました
ユウキ
ユウキ
な
な
ユウキ
ユウキ
なぬううううううううう！！！！
なぬううううううううう！！！！
和葉
和葉
るせぇ
るせぇ
ユウキ
ユウキ
いでっ！
いでっ！
秀隆
秀隆
そのことを、伝えておこうと思いまして
そのことを、伝えておこうと思いまして
ユウキ
ユウキ
お、おま、おま、
お、おま、おま、
それは犯罪だろ秀隆！
それは犯罪だろ秀隆！
秀隆
秀隆
犯罪ってな……別に問題はないだろ。年齢的にも
犯罪ってな……別に問題はないだろ。年齢的にも
ユウキ
ユウキ
いやいや、だってキズナちゃんは１……
いやいや、だってキズナちゃんは１……
ユウキ
ユウキ
うう、俺には恐ろしすぎて口にするのも躊躇われるっ！
うう、俺には恐ろしすぎて口にするのも躊躇われるっ！
秀隆
秀隆
心配ない。あいつはある意味オレより年上だから
心配ない。あいつはある意味オレより年上だから
ユウキ
ユウキ
そんな解釈の仕方、俺は認めないぞ！
そんな解釈の仕方、俺は認めないぞ！
和葉
和葉
で、それだけか？
で、それだけか？
秀隆
秀隆
それだけ、ですけど。怒ったりしないんですか
それだけ、ですけど。怒ったりしないんですか
和葉
和葉
なんであたしが。別に関係ない
なんであたしが。別に関係ない
和葉
和葉
おまえが無理やり何かしたってんなら色々問題はあるだろうけどな
おまえが無理やり何かしたってんなら色々問題はあるだろうけどな
ユウキ
ユウキ
まっ、まさか何かしたんじゃないだろうな！　俺が許さんぞ！
まっ、まさか何かしたんじゃないだろうな！　俺が許さんぞ！
和葉
和葉
やかましいんだよ！
やかましいんだよ！
ユウキ
ユウキ
ぎゃふん！
ぎゃふん！
秀隆
秀隆
うお、見事な回し蹴り……
うお、見事な回し蹴り……
和葉
和葉
報告がそれだけならさっさと帰りな
報告がそれだけならさっさと帰りな
秀隆
秀隆
いいんですか。オレ、あいつを
いいんですか。オレ、あいつを
和葉
和葉
さっきも言ったろ。あたしには関係ない。
さっきも言ったろ。あたしには関係ない。
キズナはもうこの世界の、この時代を生きる存在だ。
キズナはもうこの世界の、この時代を生きる存在だ。
そこで誰と恋愛して誰と何をしようが、それはキズナの自由だ
そこで誰と恋愛して誰と何をしようが、それはキズナの自由だ
和葉
和葉
そうだろ？　おまえだってそれを理解した上のことだろうしな
そうだろ？　おまえだってそれを理解した上のことだろうしな
秀隆
秀隆
……はい
……はい
ユウキ
ユウキ
ぜ、絶対に幸せにしろよ……
ぜ、絶対に幸せにしろよ……
ううっ
ううっ
秀隆
秀隆
幸せにはするが、おまえは秋が本命じゃなかったのか
幸せにはするが、おまえは秋が本命じゃなかったのか
ユウキ
ユウキ
もちろん、俺は将来秀隆をお義兄さんと呼ぶつもりさ！
もちろん、俺は将来秀隆をお義兄さんと呼ぶつもりさ！
秀隆
秀隆
そうなったら、喜んで呼ばせてやるよ
そうなったら、喜んで呼ばせてやるよ
秀隆
秀隆
それじゃ、失礼します
それじゃ、失礼します
オレは二人に報告だけを済ませ、部屋を後にした。
オレは二人に報告だけを済ませ、部屋を後にした。
秀隆
秀隆
倉屋敷社長は、さすがっていうかなんていうか
倉屋敷社長は、さすがっていうかなんていうか
秀隆
秀隆
ほんと凄い人だな……
ほんと凄い人だな……
つくづくそう思った。
つくづくそう思った。
キズナ
キズナ
お帰りなさいです
お帰りなさいです
秀隆
秀隆
マンションの下で何やってんだよ、キズナ
マンションの下で何やってんだよ、キズナ
キズナ
キズナ
ひーくんの帰りを待っていました。また、無茶しているんじゃないかと思って
ひーくんの帰りを待っていました。また、無茶しているんじゃないかと思って
秀隆
秀隆
倉屋敷社長のところに行ってたんだよ
倉屋敷社長のところに行ってたんだよ
キズナ
キズナ
かずちーのところに？
かずちーのところに？
秀隆
秀隆
ああ。おまえとのことを報告してきた。一人の女性して、大切に想ってますって
ああ。おまえとのことを報告してきた。一人の女性して、大切に想ってますって
キズナ
キズナ
そうでしたか
そうでしたか
秀隆
秀隆
キズナが、どういう存在かなんて、オレには関係ないからな
キズナが、どういう存在かなんて、オレには関係ないからな
キズナ
キズナ
なんか格好いいこと言ってますねっ
なんか格好いいこと言ってますねっ
秀隆
秀隆
……なんか変な感じだな
……なんか変な感じだな
キズナ
キズナ
変な感じですか？
変な感じですか？
秀隆
秀隆
オレもおまえも、今はただの同居人って関係じゃないわけだろ？
オレもおまえも、今はただの同居人って関係じゃないわけだろ？
秀隆
秀隆
多分言いかえるなら、同棲生活って奴が始まってるわけだし
多分言いかえるなら、同棲生活って奴が始まってるわけだし
キズナ
キズナ
アクセラさんもあっきーも一緒ですよ？
アクセラさんもあっきーも一緒ですよ？
秀隆
秀隆
それはまぁ、色々問題がないといえば嘘になるが
それはまぁ、色々問題がないといえば嘘になるが
キズナ
キズナ
エッチなこともしづらいですねっ！
エッチなこともしづらいですねっ！
秀隆
秀隆
そ、そういうことじゃないっ！
そ、そういうことじゃないっ！
秀隆
秀隆
とも言い切れない……
とも言い切れない……
キズナ
キズナ
あら、エッチなことがしたいと思い始めちゃいましたか？
あら、エッチなことがしたいと思い始めちゃいましたか？
秀隆
秀隆
……別に
……別に
精一杯虚勢を張ってみた。
精一杯虚勢を張ってみた。
キズナ
キズナ
そうですか。じゃああと２０年はお預けですね
そうですか。じゃああと２０年はお預けですね
秀隆
秀隆
に、二十年……
に、二十年……
オレもおっさん、キズナもすっかり熟れてしまった後か……。
オレもおっさん、キズナもすっかり熟れてしまった後か……。
秀隆
秀隆
ただいま、っと
ただいま、っと
アクセラ
アクセラ
お帰りなさい秀隆様
お帰りなさい秀隆様
リビングからアクセラの声が聞こえた。
リビングからアクセラの声が聞こえた。
が、姿が見えない。
が、姿が見えない。
キズナ
キズナ
アクセラさん、今忙しくて手が離せないようです
アクセラさん、今忙しくて手が離せないようです
秀隆
秀隆
飯でも作ってんのかな？
飯でも作ってんのかな？
アクセラ
アクセラ
秀隆様、食事になさいますか？　お風呂になさいますか？
秀隆様、食事になさいますか？　お風呂になさいますか？
アクセラ
アクセラ
それともぉ……私になさいますか？
それともぉ……私になさいますか？
秀隆
秀隆
ぶっ！
ぶっ！
オレは慌てて靴を脱ぎ捨て、リビングへ。
オレは慌てて靴を脱ぎ捨て、リビングへ。
秀隆
秀隆
おま、なんつーことを言ってんだ！　キズナもいるんだぞ！
おま、なんつーことを言ってんだ！　キズナもいるんだぞ！
恭一
恭一
帰ったようだな
帰ったようだな
秀隆
秀隆
……あ、恭一さん、どうも。って、あれ、アクセラは……？
……あ、恭一さん、どうも。って、あれ、アクセラは……？
台所にはアクセラの姿はない。
台所にはアクセラの姿はない。
というかリビングに居ない。
というかリビングに居ない。
キズナ
キズナ
きょーくん、さっき遊びに来たんです
きょーくん、さっき遊びに来たんです
秀隆
秀隆
遊びにって……そんな自由に街を行ったり来たりして大丈夫なんですか
遊びにって……そんな自由に街を行ったり来たりして大丈夫なんですか
恭一
恭一
いいんだよ。オレはオレのやりたいようにする
いいんだよ。オレはオレのやりたいようにする
秀隆
秀隆
恋さんは一緒じゃないんですか？
恋さんは一緒じゃないんですか？
恭一
恭一
あいつには黙って出てきたからな
あいつには黙って出てきたからな
秀隆
秀隆
な、なるほど。って、いや、今はそれどころじゃなかった
な、なるほど。って、いや、今はそれどころじゃなかった
秀隆
秀隆
アクセラを見ませんでした？
アクセラを見ませんでした？
恭一
恭一
見てないな
見てないな
おかしい。
おかしい。
すぐに部屋に戻ってしまったんだろうか。
すぐに部屋に戻ってしまったんだろうか。
オレはアクセラの居るであろう寝室に向かおうとして
オレはアクセラの居るであろう寝室に向かおうとして
アクセラ
アクセラ
やっぱり私を召し上がりたいんですね……ポッ
やっぱり私を召し上がりたいんですね……ポッ
秀隆
秀隆
えぇっ！？
えぇっ！？
背後からの声に、慌てて振り返る。
背後からの声に、慌てて振り返る。
恭一
恭一
どうした
どうした
秀隆
秀隆
…………
…………
背後には恭一さんと、ニコニコするキズナだけ。
背後には恭一さんと、ニコニコするキズナだけ。
秀隆
秀隆
すいません。ちょっと仕事疲れかも知れません……
すいません。ちょっと仕事疲れかも知れません……
水でも飲もう……。
水でも飲もう……。
キズナ
キズナ
このイカレポンチ野郎。ぶっ殺しますよ？
このイカレポンチ野郎。ぶっ殺しますよ？
秀隆
秀隆
き、キズナ！？
き、キズナ！？
振り返る。
振り返る。
キズナ
キズナ
はい。どうしましたか？
はい。どうしましたか？
秀隆
秀隆
今、不良というか何と言うか、汚い言葉使ったか？
今、不良というか何と言うか、汚い言葉使ったか？
キズナ
キズナ
いえ、私に覚えはありませんです
いえ、私に覚えはありませんです
秀隆
秀隆
あ、あれぇ……やっぱり疲れてんのかな、オレ
あ、あれぇ……やっぱり疲れてんのかな、オレ
キズナ
キズナ
ひゃっは～。ぶっ殺しまくってやるぜぇ
ひゃっは～。ぶっ殺しまくってやるぜぇ
秀隆
秀隆
…………
…………
オレの目の前、無表情で恐ろしいほどキズナに似た声を出す恭一さん。
オレの目の前、無表情で恐ろしいほどキズナに似た声を出す恭一さん。
というか、どう聞いてもキズナそのものだった。
というか、どう聞いてもキズナそのものだった。
キズナ
キズナ
きょーくんの演技だったのでした。まるっ
きょーくんの演技だったのでした。まるっ
秀隆
秀隆
演技ってレベル超えてるだろ！
演技ってレベル超えてるだろ！
恭一
恭一
ふん、それほどでもある
ふん、それほどでもある
キズナ
キズナ
さっきひーくんの物真似もしてもらったんですよ
さっきひーくんの物真似もしてもらったんですよ
秀隆
秀隆
オレの物真似も……？　た、試しにやってもらえます？
オレの物真似も……？　た、試しにやってもらえます？
秀隆
秀隆
オレの名前は島津秀隆。ホープタウンの特務官だ
オレの名前は島津秀隆。ホープタウンの特務官だ
秀隆
秀隆
お、おぉ……なんか似てる気がする
お、おぉ……なんか似てる気がする
自分で発して聞く自分の声と、
自分で発して聞く自分の声と、
別口で聞く声は違って聞こえるから、はっきりとは言えないけど。
別口で聞く声は違って聞こえるから、はっきりとは言えないけど。
キズナ
キズナ
凄くそっくりですよ
凄くそっくりですよ
秀隆
秀隆
一体どうやってるんですか……
一体どうやってるんですか……
恭一
恭一
適当だ
適当だ
適当でそんな何人もの声色を使い分けられるのか。
適当でそんな何人もの声色を使い分けられるのか。
秀隆
秀隆
それで、今日は遊びに来た、ってことのようですが……
それで、今日は遊びに来た、ってことのようですが……
恭一
恭一
正確には用事のついでに寄ってみただけだ。気にするな
正確には用事のついでに寄ってみただけだ。気にするな
キズナ
キズナ
先ほどまで、アクセラさんと話し込まれていたんですっ
先ほどまで、アクセラさんと話し込まれていたんですっ
秀隆
秀隆
へえ、アクセラと……
へえ、アクセラと……
恭一
恭一
あのアンドロイド、意外と面白いな
あのアンドロイド、意外と面白いな
椅子から立ち上がる恭一さん。
椅子から立ち上がる恭一さん。
恭一
恭一
そろそろ帰る
そろそろ帰る
秀隆
秀隆
良かったらご飯くらい食べていきませんか？
良かったらご飯くらい食べていきませんか？
恭一
恭一
必要ない。戻ったらどうせ、あいつが飯を用意してるしな
必要ない。戻ったらどうせ、あいつが飯を用意してるしな
秀隆
秀隆
そうですか
そうですか
キズナ
キズナ
玄関までお見送りしますっ
玄関までお見送りしますっ
恭一
恭一
必要ねえよ
必要ねえよ
キズナ
キズナ
振られてしまいました
振られてしまいました
オレは恭一さんが帰ったのを確認した後、アクセラを呼び出す。
オレは恭一さんが帰ったのを確認した後、アクセラを呼び出す。
アクセラ
アクセラ
先ほどは失礼しました。恭一様とキズナ様に、秀隆様を驚かせるために部屋に居て欲しいと頼まれてしまっていたので
先ほどは失礼しました。恭一様とキズナ様に、秀隆様を驚かせるために部屋に居て欲しいと頼まれてしまっていたので
秀隆
秀隆
それは別にいいんだ。ただ、恭一さんと何を話してたんだ？
それは別にいいんだ。ただ、恭一さんと何を話してたんだ？
アクセラ
アクセラ
何を、ですか？
何を、ですか？
アクセラ
アクセラ
普段は何をしているのか聞かれました。ですので、基本的には
普段は何をしているのか聞かれました。ですので、基本的には
島津家の家事とお世話係を勤めさせていただいている、と
島津家の家事とお世話係を勤めさせていただいている、と
秀隆
秀隆
……他には？
……他には？
アクセラ
アクセラ
後は本当に他愛もない雑談になります
後は本当に他愛もない雑談になります
アクセラ
アクセラ
キズナ様も、私と一緒におられましたので
キズナ様も、私と一緒におられましたので
キズナ
キズナ
はい。特別なことは何も話してなかったです
はい。特別なことは何も話してなかったです
秀隆
秀隆
そうか
そうか
でも、妙に引っかかるな。
でも、妙に引っかかるな。
最近の恭一さんの行動と照らし合わせると、何かを探っているとしか思えない。
最近の恭一さんの行動と照らし合わせると、何かを探っているとしか思えない。
その探し物が、アクセラに関係しているとしたら。
その探し物が、アクセラに関係しているとしたら。
それは―――必然と柳沢へと繋がってくるんじゃないだろうか。
それは―――必然と柳沢へと繋がってくるんじゃないだろうか。
秀隆
秀隆
まさかな……
まさかな……
そうは思っても、一度浮かんだ疑念は簡単には消えない。
そうは思っても、一度浮かんだ疑念は簡単には消えない。
オレは恭一さんなら心配ないと思い、違法アンドロイドのことを話した。
オレは恭一さんなら心配ないと思い、違法アンドロイドのことを話した。
でも、そんな迂闊に信じてしまってよかったのだろうか。
でも、そんな迂闊に信じてしまってよかったのだろうか。
彼はオレの味方、最悪でも中立と呼べるのだろうか。
彼はオレの味方、最悪でも中立と呼べるのだろうか。
夜、寝る前に明日の準備をしていると、訪問者があった。
夜、寝る前に明日の準備をしていると、訪問者があった。
秀隆
秀隆
誰だ？
誰だ？
キズナ
キズナ
私です。入ってもいいですか？
私です。入ってもいいですか？
秀隆
秀隆
ああ、好きにしろー
ああ、好きにしろー
キズナ
キズナ
もう寝るところでしたか？
もう寝るところでしたか？
秀隆
秀隆
いや、まだ仕事の整理が残ってたから大丈夫だ。どうした？
いや、まだ仕事の整理が残ってたから大丈夫だ。どうした？
秀隆
秀隆
もう夜も遅いし寝る時間だろ……って、まだ制服だったのか
もう夜も遅いし寝る時間だろ……って、まだ制服だったのか
キズナ
キズナ
着替えていないのにはひとつ理由がありまして
着替えていないのにはひとつ理由がありまして
秀隆
秀隆
理由？
理由？
キズナ
キズナ
それは後で説明するとして……ここに来たのは、
それは後で説明するとして……ここに来たのは、
お仕事の疲れを癒してあげようと思ったからなんです。
お仕事の疲れを癒してあげようと思ったからなんです。
肩、おもみしますよ
肩、おもみしますよ
秀隆
秀隆
いいのか？　オレとしては嬉しいけど
いいのか？　オレとしては嬉しいけど
最近は、資料整理が多くて肩が凝ってしかたない。
最近は、資料整理が多くて肩が凝ってしかたない。
キズナ
キズナ
大切な彼氏をケアするのも、彼女の務めですから。ささ、どうぞ
大切な彼氏をケアするのも、彼女の務めですから。ささ、どうぞ
秀隆
秀隆
お、おう
お、おう
オレは甘えるようにベッドに横になった。
オレは甘えるようにベッドに横になった。
キズナはオレの背中に乗り、ぎゅっと肩をもみ始める。
キズナはオレの背中に乗り、ぎゅっと肩をもみ始める。
秀隆
秀隆
あー気持ちいい……
あー気持ちいい……
キズナ
キズナ
そうですか。よかったです
そうですか。よかったです
キズナ
キズナ
あの、ひーくん。ちょっと気になることがありまして
あの、ひーくん。ちょっと気になることがありまして
秀隆
秀隆
気になること？
気になること？
キズナ
キズナ
素朴な疑問を聞いてもいいですか
素朴な疑問を聞いてもいいですか
秀隆
秀隆
ん？　なんだよ
ん？　なんだよ
肩を揉んでもらっていると、上からキズナが言った。
肩を揉んでもらっていると、上からキズナが言った。
キズナ
キズナ
男の子と女の子が好き同士になって、付き合うと言うことは、
男の子と女の子が好き同士になって、付き合うと言うことは、
そのあとはやっぱりエッチなことをするんですよね？
そのあとはやっぱりエッチなことをするんですよね？
秀隆
秀隆
ぶっ！
ぶっ！
秀隆
秀隆
な、なに言ってんだおまえはっ！
な、なに言ってんだおまえはっ！
キズナ
キズナ
別に慌てるようなことじゃないと思います。
別に慌てるようなことじゃないと思います。
だって、恋愛に下心があるのは当たり前じゃないでしょうか
だって、恋愛に下心があるのは当たり前じゃないでしょうか
キズナ
キズナ
今日もひーくん、ちょっとエッチしたそうにしてましたし
今日もひーくん、ちょっとエッチしたそうにしてましたし
秀隆
秀隆
それが事実だとしてもだなぁ……
それが事実だとしてもだなぁ……
そういうのは口にしないもんだろ、ましてお前みたいな子供が
そういうのは口にしないもんだろ、ましてお前みたいな子供が
キズナ
キズナ
年齢は関係ないと思います。もし関係あるならひーくんは逮捕です
年齢は関係ないと思います。もし関係あるならひーくんは逮捕です
秀隆
秀隆
ば、バカ言うな。なんで逮捕されるんだよ
ば、バカ言うな。なんで逮捕されるんだよ
秀隆
秀隆
キズナコールドスリープしてたことも考えると、
キズナコールドスリープしてたことも考えると、
むしろオレが若すぎるくらいだ
むしろオレが若すぎるくらいだ
秀隆
秀隆
人類史上最も歳の離れた恋人同士だろうな、オレたちは
人類史上最も歳の離れた恋人同士だろうな、オレたちは
秀隆
秀隆
ってことで、ババアのキズナ相手に倫理的な問題が起こることはない
ってことで、ババアのキズナ相手に倫理的な問題が起こることはない
キズナ
キズナ
……未熟な果実も、美味しいと思いますよ？
……未熟な果実も、美味しいと思いますよ？
こちらの答弁など気にした様子も泣く、
こちらの答弁など気にした様子も泣く、
ちょっとからかうように、キズナがオレの耳元で囁いた。
ちょっとからかうように、キズナがオレの耳元で囁いた。
秀隆
秀隆
あのなぁ……おまえ、オレにどうかされてもいいのか？
あのなぁ……おまえ、オレにどうかされてもいいのか？
キズナ
キズナ
はい。私はひーくんにどうかされたいと思っていますから
はい。私はひーくんにどうかされたいと思っていますから
秀隆
秀隆
…………
…………
そんな言葉を言われると、
そんな言葉を言われると、
背中に触れるキズナの感触が気になってしまう。
背中に触れるキズナの感触が気になってしまう。
今制服を来た可愛い子が、オレの上にいるんだ。
今制服を来た可愛い子が、オレの上にいるんだ。
キズナ
キズナ
女の子だって、男の子のことで沢山考えたりします
女の子だって、男の子のことで沢山考えたりします
キズナ
キズナ
ひーくんを意識し始めた時から、そう思っています
ひーくんを意識し始めた時から、そう思っています
秀隆
秀隆
……キズナ……
……キズナ……
スッと立ち上がると、キズナは床に降り立った。
スッと立ち上がると、キズナは床に降り立った。
キズナ
キズナ
どうしますか？
どうしますか？
秀隆
秀隆
……どうするって……いや、でもだな……
……どうするって……いや、でもだな……
最終章・レミニセンスその８』キズナH
最終章・レミニセンスその８』キズナH
秀隆
秀隆
オレたちが結婚したら、島津キズナか。なんかちょっと変だな
オレたちが結婚したら、島津キズナか。なんかちょっと変だな
キズナ
キズナ
そうですか？　私は悪くないと思いますよ
そうですか？　私は悪くないと思いますよ
秀隆
秀隆
そっか
そっか
キズナ
キズナ
でも気が早いですね。もうそんなことまで考えているなんて
でも気が早いですね。もうそんなことまで考えているなんて
秀隆
秀隆
何となくだよ何となく
何となくだよ何となく
キズナ
キズナ
若い果実の魅力に取りつかれてしまったと言うことですね
若い果実の魅力に取りつかれてしまったと言うことですね
秀隆
秀隆
だから、その若い果実って言うのやめろって
だから、その若い果実って言うのやめろって
キズナ
キズナ
でも……実際はどうだったんですか？
でも……実際はどうだったんですか？
秀隆
秀隆
……犯罪的に最高でした
……犯罪的に最高でした
キズナ
キズナ
あはは。正直ですね
あはは。正直ですね
キズナ
キズナ
初めては、痛かったです。でも、気持ちいいこともいっぱい知りました
初めては、痛かったです。でも、気持ちいいこともいっぱい知りました
キズナ
キズナ
おっぱいを舐められると気持ちいいことや、
おっぱいを舐められると気持ちいいことや、
あそこ……オマ○コを舐められると感じちゃうこと
あそこ……オマ○コを舐められると感じちゃうこと
キズナ
キズナ
ディープキスはエッチで、気持ちよくて、ひーくんの顔が見えること
ディープキスはエッチで、気持ちよくて、ひーくんの顔が見えること
キズナ
キズナ
もっともっと、これからエッチしましょうね
もっともっと、これからエッチしましょうね
秀隆
秀隆
もちろんだ。毎日３回はやりたいぞ
もちろんだ。毎日３回はやりたいぞ
キズナ
キズナ
あはは。それは、ちょっと多すぎかもです
あはは。それは、ちょっと多すぎかもです
笑うキズナを抱き寄せ、オレたちは眠りにつくことにした。
笑うキズナを抱き寄せ、オレたちは眠りにつくことにした。
…………。
…………。
……。
……。
