磯部
磯部
…………
…………
秀隆
秀隆
うおっ！？
うおっ！？
オフィスに入るなり、死にそうな顔をした磯部に出くわした。
オフィスに入るなり、死にそうな顔をした磯部に出くわした。
磯部
磯部
俺はもうダメだ……ダメなクズ野郎なんだ……
俺はもうダメだ……ダメなクズ野郎なんだ……
秀隆
秀隆
な、なんだよ。プロジェクトは成功しそうなんだろ？
な、なんだよ。プロジェクトは成功しそうなんだろ？
磯部
磯部
……クライアントが急に態度を変えたんだよ。白紙に戻された
……クライアントが急に態度を変えたんだよ。白紙に戻された
秀隆
秀隆
……そ、そうか……それは災難と言うか……
……そ、そうか……それは災難と言うか……
磯部
磯部
俺は、このまま出世も出来ず、ヒラのまま年老いて行くんだ……
俺は、このまま出世も出来ず、ヒラのまま年老いて行くんだ……
秀隆
秀隆
そんなことないって。つか、オレたちはまだ助特務官なんだぞ？
そんなことないって。つか、オレたちはまだ助特務官なんだぞ？
秀隆
秀隆
失敗することだってあるさ
失敗することだってあるさ
磯部
磯部
……おまえに慰められるようじゃ、俺もおしまいだな……はぁ……
……おまえに慰められるようじゃ、俺もおしまいだな……はぁ……
秀隆
秀隆
うーむ……
うーむ……
こりゃ、相当落ち込んでるようだ。
こりゃ、相当落ち込んでるようだ。
磯部
磯部
明日の全体会議で、どんなこと言えばいいんだよ……はーっ
明日の全体会議で、どんなこと言えばいいんだよ……はーっ
ふらふら歩き、磯部はどこかへと姿を消した。
ふらふら歩き、磯部はどこかへと姿を消した。
秀隆
秀隆
だ、大丈夫だろうか……
だ、大丈夫だろうか……
まどか
まどか
私、ちょっと様子見てくるわね
私、ちょっと様子見てくるわね
秀隆
秀隆
オレは行かない方がいいよな、やっぱり
オレは行かない方がいいよな、やっぱり
まどか
まどか
そうね……島津くんは来ない方がいいと思う
そうね……島津くんは来ない方がいいと思う
秀隆
秀隆
じゃあ悪いけど任せた
じゃあ悪いけど任せた
まどか
まどか
ええ
ええ
磯部の後を追って、まどかはオフィスを後にした。
磯部の後を追って、まどかはオフィスを後にした。
秀隆
秀隆
オレはオレで、人のことを見てる余裕がないってのもあるが
オレはオレで、人のことを見てる余裕がないってのもあるが
ともかく澤木社長の意思を、マスタリーの人たちに伝えなければ。
ともかく澤木社長の意思を、マスタリーの人たちに伝えなければ。
例えどんな無茶でも話を通さないことには始まらない。
例えどんな無茶でも話を通さないことには始まらない。
早速ドリームタウンに足を運んだオレは、
早速ドリームタウンに足を運んだオレは、
マスタリーのお店が入るデパートへと向かった。
マスタリーのお店が入るデパートへと向かった。
ドリームタウン唯一の大きな買い物フロアだ。
ドリームタウン唯一の大きな買い物フロアだ。
秀隆
秀隆
すみません。こちらの店長さんはいらっしゃいますか？
すみません。こちらの店長さんはいらっしゃいますか？
秀隆
秀隆
ご連絡差し上げていた、島津と申します
ご連絡差し上げていた、島津と申します
女性店員
女性店員
少々お待ちください
少々お待ちください
物腰の柔らかい店員さんが、奥へと消えた。
物腰の柔らかい店員さんが、奥へと消えた。
そして、線の細いめがねをかけた初老の男性が出てきた。
そして、線の細いめがねをかけた初老の男性が出てきた。
若林
若林
どうも島津さん。店長の若林です
どうも島津さん。店長の若林です
秀隆
秀隆
お世話になっております。特務官の島津です
お世話になっております。特務官の島津です
どことなく丸の内さんに似ている気がする。
どことなく丸の内さんに似ている気がする。
秀隆
秀隆
メールでもお伝えさせていただいておりましたが、
メールでもお伝えさせていただいておりましたが、
ホープタウンの委託販売に関して、お話をさせていただきたく思っております
ホープタウンの委託販売に関して、お話をさせていただきたく思っております
若林
若林
あの、大変失礼なのですが……
あの、大変失礼なのですが……
実はうちは経営方針の全てを、別の方にお願いしているんです
実はうちは経営方針の全てを、別の方にお願いしているんです
秀隆
秀隆
経営コンサルティングを雇っている、と言うことでしょうか
経営コンサルティングを雇っている、と言うことでしょうか
若林
若林
はい。それで、委託販売に関しても一任をしておりまして。
はい。それで、委託販売に関しても一任をしておりまして。
大変お手数なのですが、直接そちらへ交渉をお願いしてもよろしいでしょうか？
大変お手数なのですが、直接そちらへ交渉をお願いしてもよろしいでしょうか？
秀隆
秀隆
もちろんです。それで、その企業様はどちらに？
もちろんです。それで、その企業様はどちらに？
若林
若林
立花と言う名前になります
立花と言う名前になります
秀隆
秀隆
立花？　……もしかして、あの立花、ですか？
立花？　……もしかして、あの立花、ですか？
若林
若林
さすがにご存知でしたか。では話は早いですね
さすがにご存知でしたか。では話は早いですね
若林
若林
ではよろしくお願いします
ではよろしくお願いします
ぺこりと物腰柔らかく頭を下げると、若林さんは立ち去った。
ぺこりと物腰柔らかく頭を下げると、若林さんは立ち去った。
秀隆
秀隆
……まさかクイーンが絡んでるとは
……まさかクイーンが絡んでるとは
こりゃ、想像よりも遥かに厄介な仕事になりそうだな。
こりゃ、想像よりも遥かに厄介な仕事になりそうだな。
秀隆
秀隆
マリアさん
マリアさん
マリア
マリア
島津様、お疲れ様です。本日はどのようなご用件でしょうか？
島津様、お疲れ様です。本日はどのようなご用件でしょうか？
いつものように黒服にチェックを受けた後、
いつものように黒服にチェックを受けた後、
オレはマリアさんに手を挙げて呼びかけた。
オレはマリアさんに手を挙げて呼びかけた。
秀隆
秀隆
マリアさんに会いに来ました
マリアさんに会いに来ました
マリア
マリア
まぁ。それは嬉しいことを仰ってくださいますね
まぁ。それは嬉しいことを仰ってくださいますね
秀隆
秀隆
と言うことで、デートしてください！
と言うことで、デートしてください！
マリア
マリア
検討後、お断りのご連絡をメールでさせていただきますね
検討後、お断りのご連絡をメールでさせていただきますね
秀隆
秀隆
……断られるの確定じゃないですか
……断られるの確定じゃないですか
マリア
マリア
ふふ。島津様が本当にデートを申し込まれているのなら、
ふふ。島津様が本当にデートを申し込まれているのなら、
検討いたしますが……
検討いたしますが……
マリア
マリア
私には、それが目的でたずねて来られたようには思えません
私には、それが目的でたずねて来られたようには思えません
秀隆
秀隆
はは……見透かされてましたか
はは……見透かされてましたか
秀隆
秀隆
その、デートのお誘いはまた後日するとして……
その、デートのお誘いはまた後日するとして……
クイーンにお会いしたいのですが、可能でしょうか？
クイーンにお会いしたいのですが、可能でしょうか？
マリア
マリア
やはりお仕事でいらっしゃったのですね
やはりお仕事でいらっしゃったのですね
秀隆
秀隆
はい。マスタリー、と言う委託販売を専門とするお店に関して、
はい。マスタリー、と言う委託販売を専門とするお店に関して、
ホープタウンの人間より依頼を承ってまいりました
ホープタウンの人間より依頼を承ってまいりました
マリア
マリア
なるほど……確かにマスタリーは立花の管轄する企業ですね。
なるほど……確かにマスタリーは立花の管轄する企業ですね。
姉に確認させていただきますので、少々お待ちください
姉に確認させていただきますので、少々お待ちください
秀隆
秀隆
ありがとうございます
ありがとうございます
オレは椅子へと案内される。
オレは椅子へと案内される。
しかし、クイーンは資金を貸すだけじゃなく
しかし、クイーンは資金を貸すだけじゃなく
経営コンサルタントのようなこともしていたのか。
経営コンサルタントのようなこともしていたのか。
正直意外だった。
正直意外だった。
少しして、マリアさんが戻ってきた。
少しして、マリアさんが戻ってきた。
マリア
マリア
お待たせしました。姉がお会いになるそうです
お待たせしました。姉がお会いになるそうです
秀隆
秀隆
そうですか。ありがとうございます
そうですか。ありがとうございます
マリア
マリア
どうぞこちらへ
どうぞこちらへ
マリアさんについて、オレはクイーンの下へ。
マリアさんについて、オレはクイーンの下へ。
うーむ、マリアさんの後姿も美しい。
うーむ、マリアさんの後姿も美しい。
むちっとしたお尻なんかも、触ったら間違いなく天国気分だ。
むちっとしたお尻なんかも、触ったら間違いなく天国気分だ。
もちろん、触ったら地獄行きなわけだが。
もちろん、触ったら地獄行きなわけだが。
っと、いかんいかん。
っと、いかんいかん。
今は真面目な仕事でここにやってきてるんだ。
今は真面目な仕事でここにやってきてるんだ。
この素敵なお尻のことは、夜中に思い返すことにしよう。
この素敵なお尻のことは、夜中に思い返すことにしよう。
クイーン
クイーン
商談を持ってきた、と言うことかしら？
商談を持ってきた、と言うことかしら？
秀隆
秀隆
はい。ご相談させていただければと思っております
はい。ご相談させていただければと思っております
クイーン
クイーン
マスタリーに関する話だそうね
マスタリーに関する話だそうね
秀隆
秀隆
はい。ホープタウンで展開する飲食店から、
はい。ホープタウンで展開する飲食店から、
ドリームタウンへの委託販売をお願いしたいと打診を受けました
ドリームタウンへの委託販売をお願いしたいと打診を受けました
クイーン
クイーン
なるほど……
なるほど……
秀隆
秀隆
しかし驚きました。まさかクイーンが経営コンサルタントまでされているなんて
しかし驚きました。まさかクイーンが経営コンサルタントまでされているなんて
クイーン
クイーン
金貸しをしていると、経営に口出ししたりすることも当然増えてくるのよ
金貸しをしていると、経営に口出ししたりすることも当然増えてくるのよ
クイーン
クイーン
貸したものを返させるために、仕方なくやっていることよ
貸したものを返させるために、仕方なくやっていることよ
理由はどうあれ、それには当然手腕も問われる。
理由はどうあれ、それには当然手腕も問われる。
クイーンはそう言う部分の才覚も持ち合わせていると言うことだろう。
クイーンはそう言う部分の才覚も持ち合わせていると言うことだろう。
秀隆
秀隆
それで……如何でしょうか。お話を聞いていただけますか？
それで……如何でしょうか。お話を聞いていただけますか？
秀隆
秀隆
クイーンにとっては、取るに足らない規模の話かも知れませんが
クイーンにとっては、取るに足らない規模の話かも知れませんが
クイーン
クイーン
いいわ。話を聞いてあげなさい。マリア
いいわ。話を聞いてあげなさい。マリア
マリア
マリア
畏まりました
畏まりました
秀隆
秀隆
え？　マリアさんと、ですか？
え？　マリアさんと、ですか？
そういえば、いつもは退室しているはずのマリアさんが、
そういえば、いつもは退室しているはずのマリアさんが、
今日に限って室内に立ち会っている。
今日に限って室内に立ち会っている。
クイーン
クイーン
そうよ。何か問題がある？
そうよ。何か問題がある？
秀隆
秀隆
いえ……少し驚いただけです
いえ……少し驚いただけです
単純に、規模の小さい仕事はマリアさんが担当している、と言うことだろうか。
単純に、規模の小さい仕事はマリアさんが担当している、と言うことだろうか。
いや……そうと決めてかからない方がいいだろう。
いや……そうと決めてかからない方がいいだろう。
マリア
マリア
では、私は一足先に、資料のほうをまとめて参ります
では、私は一足先に、資料のほうをまとめて参ります
クイーン
クイーン
頼んだわよ
頼んだわよ
マリアさんが退室する。
マリアさんが退室する。
クイーン
クイーン
マリアは私の秘書を勤めると同時に、
マリアは私の秘書を勤めると同時に、
中小企業のマネージメントもやらせているの
中小企業のマネージメントもやらせているの
秀隆
秀隆
マリアさんが……
マリアさんが……
クイーン
クイーン
あの子と商談をしてまとめなさい
あの子と商談をしてまとめなさい
秀隆
秀隆
ありがとうございます
ありがとうございます
ロビーに戻ると、マリアさんがオレを出迎えてくれた。
ロビーに戻ると、マリアさんがオレを出迎えてくれた。
マリア
マリア
島津様とお仕事するのは、初めてになりますね。よろしくお願いいたします
島津様とお仕事するのは、初めてになりますね。よろしくお願いいたします
秀隆
秀隆
こちらこそ、よろしくお願いいたします
こちらこそ、よろしくお願いいたします
マリアさんとは、これまで直接の仕事をしたことはない。
マリアさんとは、これまで直接の仕事をしたことはない。
だから、考え方などはクイーンよりも理解できていない部分が多い。
だから、考え方などはクイーンよりも理解できていない部分が多い。
無論仕事をクイーンから任されている以上、無能と言うことはないだろう。
無論仕事をクイーンから任されている以上、無能と言うことはないだろう。
だけど、正直ありがたい。
だけど、正直ありがたい。
どれだけ優秀であったとしても、
どれだけ優秀であったとしても、
百戦錬磨のクイーンを相手にするより、遥かに楽な相手だ。
百戦錬磨のクイーンを相手にするより、遥かに楽な相手だ。
それに、とびきりの美人だし。
それに、とびきりの美人だし。
そう、とびきりの美人だ。
そう、とびきりの美人だ。
役得とはこのことか。
役得とはこのことか。
仕事を通じて芽生える、ラブ……。
仕事を通じて芽生える、ラブ……。
マリア
マリア
島津様……好き……
島津様……好き……
秀隆
秀隆
オレもだよマリア。いや、マーちゃん
オレもだよマリア。いや、マーちゃん
マリア
マリア
……マーちゃんのおっぱいは、島津様のものです……
……マーちゃんのおっぱいは、島津様のものです……
秀隆
秀隆
むほー！　むしゃぶりついちゃうぞー！
むほー！　むしゃぶりついちゃうぞー！
秀隆
秀隆
なんつって！　参ったな畜生！
なんつって！　参ったな畜生！
マリア
マリア
どうなさいましたか？
どうなさいましたか？
秀隆
秀隆
い、いえ。失礼しました。若き衝動が暴走してしまったようです
い、いえ。失礼しました。若き衝動が暴走してしまったようです
マリア
マリア
若き衝動……ですか
若き衝動……ですか
秀隆
秀隆
お気になさらず。自分はいつでも大丈夫です
お気になさらず。自分はいつでも大丈夫です
マリア
マリア
では、どうぞおかけください
では、どうぞおかけください
秀隆
秀隆
失礼します
失礼します
マリア
マリア
それでマスタリーとはどのような契約をご希望なのでしょうか？
それでマスタリーとはどのような契約をご希望なのでしょうか？
秀隆
秀隆
こちらを見ていただけますか
こちらを見ていただけますか
秀隆
秀隆
依頼者からの意見をまとめたものになります
依頼者からの意見をまとめたものになります
マリア
マリア
…………
…………
オレが手渡したものには、澤木社長の現在の希望から、
オレが手渡したものには、澤木社長の現在の希望から、
そして将来的にはどうしたいかの要望を書きまとめている。
そして将来的にはどうしたいかの要望を書きまとめている。
その資料に目を通してもらいながら、オレは口頭で説明を始める。
その資料に目を通してもらいながら、オレは口頭で説明を始める。
秀隆
秀隆
今回自分が依頼を受けたのは、
今回自分が依頼を受けたのは、
ホープタウンにあるラモールという飲食店を経営する社長からです
ホープタウンにあるラモールという飲食店を経営する社長からです
秀隆
秀隆
ラモールはオープンして間もない飲食店ですが、
ラモールはオープンして間もない飲食店ですが、
ホープタウンでの売り上げは、非常に好調で黒字を続けています
ホープタウンでの売り上げは、非常に好調で黒字を続けています
秀隆
秀隆
ラモールは店舗拡大を希望しており、
ラモールは店舗拡大を希望しており、
今の段階からドリームタウンへの基盤を築きたいと考えています
今の段階からドリームタウンへの基盤を築きたいと考えています
秀隆
秀隆
そこでまず、ラモールで人気のメニューであるパンを、
そこでまず、ラモールで人気のメニューであるパンを、
持ち帰り用として加工します
持ち帰り用として加工します
秀隆
秀隆
そして加工したものを、毎朝ステーションより納品。
そして加工したものを、毎朝ステーションより納品。
マスタリー』……総合ファーストフードのお店で、商品を取り扱っていただきたいんです
マスタリー』……総合ファーストフードのお店で、商品を取り扱っていただきたいんです
マリア
マリア
…………
…………
マリアさんは微笑んだままオレの話を聞いている。
マリアさんは微笑んだままオレの話を聞いている。
秀隆
秀隆
マスタリーは幅広い経営ノウハウも持っていますし、
マスタリーは幅広い経営ノウハウも持っていますし、
トラブルや苦情に関する対応も、かなり高水準だと伺っています
トラブルや苦情に関する対応も、かなり高水準だと伺っています
秀隆
秀隆
委託販売を通し、利益とラモールの名前をドリームタウンで
委託販売を通し、利益とラモールの名前をドリームタウンで
売り出し、展開を広げていきたいと考えています
売り出し、展開を広げていきたいと考えています
マリア
マリア
将来的に、ドリームタウンにお店を構えたい、と言うことですね？
将来的に、ドリームタウンにお店を構えたい、と言うことですね？
秀隆
秀隆
はい。依頼主であるラモールの社長は、可能な限りの早期展開を強く望まれています
はい。依頼主であるラモールの社長は、可能な限りの早期展開を強く望まれています
マリア
マリア
なるほど……早期展開とは、具体的にはいつ頃をご希望されていますか？
なるほど……早期展開とは、具体的にはいつ頃をご希望されていますか？
秀隆
秀隆
委託販売による実績で認められれば、すぐにでも
委託販売による実績で認められれば、すぐにでも
秀隆
秀隆
もちろん、資金を確保できるか、と言う部分も大きな影響を与えますが
もちろん、資金を確保できるか、と言う部分も大きな影響を与えますが
マリア
マリア
ご希望は分かりました。幾つか気になった点がございますので、
ご希望は分かりました。幾つか気になった点がございますので、
お聞きしてもよろしいでしょうか？
お聞きしてもよろしいでしょうか？
秀隆
秀隆
もちろんです
もちろんです
マリア
マリア
この、ラモールというお店の設立から資本金、
この、ラモールというお店の設立から資本金、
従業員数などをお教えいただきたいのですが
従業員数などをお教えいただきたいのですが
秀隆
秀隆
もちろんです。こちらにご用意させていただいております
もちろんです。こちらにご用意させていただいております
マリア
マリア
……設立されて１年も経っていないのですね。支店もないようですし
……設立されて１年も経っていないのですね。支店もないようですし
秀隆
秀隆
確かに、飲食店としては新規のお店ですが、
確かに、飲食店としては新規のお店ですが、
ホープタウンにおける人気ランキングでも、常に上位を記録しております
ホープタウンにおける人気ランキングでも、常に上位を記録しております
オレは雑誌やネットに取り上げられている記事を印刷したものを取り出した。
オレは雑誌やネットに取り上げられている記事を印刷したものを取り出した。
秀隆
秀隆
検索ランキングで、月間３０位内に入ることもあります
検索ランキングで、月間３０位内に入ることもあります
マリア
マリア
開業して僅かにも関わらず、素晴らしい功績のようですね。
開業して僅かにも関わらず、素晴らしい功績のようですね。
島津様の仰られたように、この黒字経営も立派だと思います
島津様の仰られたように、この黒字経営も立派だと思います
秀隆
秀隆
勢いがある今だからこそ、
勢いがある今だからこそ、
老舗に負けない強い展開も望めると考えます
老舗に負けない強い展開も望めると考えます
マリア
マリア
しかし、開業して間もないと言うことは、
しかし、開業して間もないと言うことは、
資金自体は多く確保できていないのではないでしょうか
資金自体は多く確保できていないのではないでしょうか
秀隆
秀隆
確かに、資本金は１００万円ですし、
確かに、資本金は１００万円ですし、
ホープタウンにオープンしたお店の回収も済んではおりません
ホープタウンにオープンしたお店の回収も済んではおりません
マリア
マリア
では、支店を出す際には融資を希望していく、と言うことになりますね
では、支店を出す際には融資を希望していく、と言うことになりますね
秀隆
秀隆
そうですね。そうなると思います
そうですね。そうなると思います
秀隆
秀隆
とにかく、今は一日も早くドリームタウンで、
とにかく、今は一日も早くドリームタウンで、
ラモールの食べ物が美味しい、と言うことを知ってもらいたいと考えています
ラモールの食べ物が美味しい、と言うことを知ってもらいたいと考えています
秀隆
秀隆
澤木様と言う女性の社長なのですが、
澤木様と言う女性の社長なのですが、
社長は、出店さえできれば必ず評判になると確信しております
社長は、出店さえできれば必ず評判になると確信しております
マリア
マリア
島津様も、お召し上がりになられたのでしょうか？
島津様も、お召し上がりになられたのでしょうか？
秀隆
秀隆
はい。頂きました。基本的に女性をターゲットとしたお店ですが、
はい。頂きました。基本的に女性をターゲットとしたお店ですが、
自分が食べてもとても美味しいと思えるものでした
自分が食べてもとても美味しいと思えるものでした
マリア
マリア
そうですか
そうですか
マリア
マリア
委託販売を行うことに付きましては、
委託販売を行うことに付きましては、
それほど厳しい条件は設けておりません。売り上げの２５％を
それほど厳しい条件は設けておりません。売り上げの２５％を
頂戴するだけです
頂戴するだけです
マリア
マリア
この条件はどのお店からも一律同じ割合でお願いしております
この条件はどのお店からも一律同じ割合でお願いしております
秀隆
秀隆
２５％ですか
２５％ですか
マリア
マリア
けして高すぎる、と言うことは無いと思うのですが、いかがでしょうか？
けして高すぎる、と言うことは無いと思うのですが、いかがでしょうか？
秀隆
秀隆
はい。％自体に不満があるわけではありません。ただ……
はい。％自体に不満があるわけではありません。ただ……
マリア
マリア
ただ……なんでしょう？
ただ……なんでしょう？
秀隆
秀隆
今回自分がお伺いしたのは、通常の契約ではない方法を
今回自分がお伺いしたのは、通常の契約ではない方法を
澤木社長が望まれているからなんです
澤木社長が望まれているからなんです
マリア
マリア
通常の契約ではない方法……それはどのような？
通常の契約ではない方法……それはどのような？
秀隆
秀隆
澤木社長は、ドリームタウンでの展開に、期待と同時に不安も
澤木社長は、ドリームタウンでの展開に、期待と同時に不安も
感じておられます
感じておられます
秀隆
秀隆
何故なら、マスタリーの客層や展開の方法を詳しく存じ上げないからです
何故なら、マスタリーの客層や展開の方法を詳しく存じ上げないからです
マリア
マリア
無理なからぬことです。私どもも、
無理なからぬことです。私どもも、
ホープタウンからの委託販売を引き受けたことは一度もありませんし
ホープタウンからの委託販売を引き受けたことは一度もありませんし
秀隆
秀隆
規制緩和されるまでは、不可能でしたからね
規制緩和されるまでは、不可能でしたからね
マリア
マリア
はい。それにそれぞれの街では、微妙に食事の内容も異なります。
はい。それにそれぞれの街では、微妙に食事の内容も異なります。
どこまで通用するか、と言うのは未知数だと言わざるを得ません
どこまで通用するか、と言うのは未知数だと言わざるを得ません
秀隆
秀隆
澤木社長もそこを懸念されておりました
澤木社長もそこを懸念されておりました
マリア
マリア
今回のお話は、規模そのものは非常に小さいですが、
今回のお話は、規模そのものは非常に小さいですが、
恐らく今後の飲食関係に大きな指数を残すことになりそうですね
恐らく今後の飲食関係に大きな指数を残すことになりそうですね
秀隆
秀隆
そうなって欲しいですし、そうならなければならないと思います
そうなって欲しいですし、そうならなければならないと思います
マリア
マリア
彼女の望まれる希望とは、どのようなものでしょう？
彼女の望まれる希望とは、どのようなものでしょう？
秀隆
秀隆
ラモールより出荷するパンを、
ラモールより出荷するパンを、
まずマスタリーに全て買い取って頂きたい、と考えています
まずマスタリーに全て買い取って頂きたい、と考えています
マリア
マリア
買取ですか……
買取ですか……
マリアさんの表情が、若干曇る。
マリアさんの表情が、若干曇る。
当然の反応だろう。
当然の反応だろう。
秀隆
秀隆
パン１つに付き２５０円で買い取って頂き、販売価格は３５０円を希望します
パン１つに付き２５０円で買い取って頂き、販売価格は３５０円を希望します
秀隆
秀隆
この形であれば、売り上げの％に換算すれば、
この形であれば、売り上げの％に換算すれば、
マスタリーとしても２５％以上の利益になると思います
マスタリーとしても２５％以上の利益になると思います
秀隆
秀隆
契約期間は１年もしくは２年。日曜日を除く週６日間の納品を行う
契約期間は１年もしくは２年。日曜日を除く週６日間の納品を行う
マリア
マリア
それが、澤木様の希望される条件、ですか？
それが、澤木様の希望される条件、ですか？
秀隆
秀隆
はい。この契約でお願いしたいと考えています
はい。この契約でお願いしたいと考えています
秀隆
秀隆
またマスタリーには詳細なレポートを書いていただき
またマスタリーには詳細なレポートを書いていただき
マリア
マリア
島津様
島津様
秀隆
秀隆
はい
はい
マリア
マリア
率直に申し上げさせていただきますが……
率直に申し上げさせていただきますが……
マリア
マリア
その条件を飲むことは、恐らく出来ないでしょう
その条件を飲むことは、恐らく出来ないでしょう
秀隆
秀隆
…………
…………
マリア
マリア
それでは、あまりに澤木様のラモールが、有利な条件になります
それでは、あまりに澤木様のラモールが、有利な条件になります
マリア
マリア
澤木様の仰る提案をそのまま受け入れれば、
澤木様の仰る提案をそのまま受け入れれば、
マスタリーは適当に利用され、後で放り出される、
マスタリーは適当に利用され、後で放り出される、
と言うことになりかねません
と言うことになりかねません
秀隆
秀隆
…………
…………
マリア
マリア
このようなことは、私が申し上げるまでもなく、
このようなことは、私が申し上げるまでもなく、
島津様ならご理解していると思いますが。違いますか？
島津様ならご理解していると思いますが。違いますか？
マリア
マリア
契約と言うものは、双方にとってフェア、
契約と言うものは、双方にとってフェア、
つまり平等なものでなければ、そもそも成立しないか、
つまり平等なものでなければ、そもそも成立しないか、
あるいは成立したとしても、後でトラブルになるでしょう
あるいは成立したとしても、後でトラブルになるでしょう
マリア
マリア
今のお話は、経営のノウハウが無い。販売実績がない。
今のお話は、経営のノウハウが無い。販売実績がない。
債権回収のリスクが怖いので、負担の殆どをマスタリーに押し付けたい、と言うものです
債権回収のリスクが怖いので、負担の殆どをマスタリーに押し付けたい、と言うものです
秀隆
秀隆
いえ、その通りだと思います。
いえ、その通りだと思います。
大変失礼なお話をしたと思っております
大変失礼なお話をしたと思っております
オレは深々と頭を下げた。
オレは深々と頭を下げた。
秀隆
秀隆
大変不愉快な思いをさせる話をしてしまいました
大変不愉快な思いをさせる話をしてしまいました
マリア
マリア
大丈夫です。島津様は、あくまでもクライアントの
大丈夫です。島津様は、あくまでもクライアントの
現段階の希望をお伝えした、と言うことでしょう
現段階の希望をお伝えした、と言うことでしょう
もちろん、その希望が通るのが理想だが、当然世の中甘くない。
もちろん、その希望が通るのが理想だが、当然世の中甘くない。
マリアさんでも、それを見過ごすはずがないってことだ。
マリアさんでも、それを見過ごすはずがないってことだ。
秀隆
秀隆
はい。ここから、お互いに納得のいくラインに持っていく必要があると思っています
はい。ここから、お互いに納得のいくラインに持っていく必要があると思っています
マリア
マリア
島津様は、どのような契約なら成立可能とお考えですか？
島津様は、どのような契約なら成立可能とお考えですか？
秀隆
秀隆
基本ベースは、澤木社長の望まれる契約にしたいと思っています
基本ベースは、澤木社長の望まれる契約にしたいと思っています
マリア
マリア
つまり買取と言う部分は残したい、と言うことですね
つまり買取と言う部分は残したい、と言うことですね
秀隆
秀隆
そうです。ですがこのままではマリアさんの言うように
そうです。ですがこのままではマリアさんの言うように
不平等であり、マスタリー側には納得していただけません
不平等であり、マスタリー側には納得していただけません
秀隆
秀隆
そこで、予め契約内容に、追加で項目を設けたいと思っています
そこで、予め契約内容に、追加で項目を設けたいと思っています
秀隆
秀隆
例えば契約が１年だった場合、その中に販売の目標を設定します
例えば契約が１年だった場合、その中に販売の目標を設定します
秀隆
秀隆
そして、その目標を達成した場合には、マスタリーとはより親密な契約に移行する、と言うことを条件に盛り込ませていただきます
そして、その目標を達成した場合には、マスタリーとはより親密な契約に移行する、と言うことを条件に盛り込ませていただきます
秀隆
秀隆
支店からの利益を還元する等、ですね
支店からの利益を還元する等、ですね
秀隆
秀隆
これならば、どのような状態になっても、マスタリーを保護することが可能です
これならば、どのような状態になっても、マスタリーを保護することが可能です
マリア
マリア
なるほど。確かにその契約となれば、
なるほど。確かにその契約となれば、
マスタリーは切り捨てられる心配をしなくてよくなる、
マスタリーは切り捨てられる心配をしなくてよくなる、
と言うことですね
と言うことですね
秀隆
秀隆
はい。無論、その契約の設定は双方話し合いの下で、決定できればと思っています
はい。無論、その契約の設定は双方話し合いの下で、決定できればと思っています
マリア
マリア
しかし―――リスクがあることに変わりはありません
しかし―――リスクがあることに変わりはありません
マリア
マリア
最も大切なことは、このラモールの商品が、
最も大切なことは、このラモールの商品が、
本当にドリームタウンにおいて通用するものなのかどうか、です
本当にドリームタウンにおいて通用するものなのかどうか、です
マリア
マリア
商品が売れなければその赤字の全てをマスタリーが背負うことになります
商品が売れなければその赤字の全てをマスタリーが背負うことになります
マリア
マリア
買取ではなく、単純な委託販売からではダメなのでしょうか？
買取ではなく、単純な委託販売からではダメなのでしょうか？
秀隆
秀隆
それは澤木社長が望まれておりません
それは澤木社長が望まれておりません
秀隆
秀隆
ホープタウンで軌道に乗り始めたとは言え、彼女にはまだ多くの負債があります
ホープタウンで軌道に乗り始めたとは言え、彼女にはまだ多くの負債があります
秀隆
秀隆
それに、澤木社長は販売面に強い不信感を抱いております。
それに、澤木社長は販売面に強い不信感を抱いております。
マスタリーが正しく商品を販売し、実績を作れるのかを疑っている状態です
マスタリーが正しく商品を販売し、実績を作れるのかを疑っている状態です
秀隆
秀隆
その状況で更なるリスクをとる選択は、出来ないでしょう
その状況で更なるリスクをとる選択は、出来ないでしょう
マリア
マリア
…………
…………
マリアさんは表情こそ変えないが、率直な意見を口にした。
マリアさんは表情こそ変えないが、率直な意見を口にした。
マリア
マリア
随分と、大変なお仕事をお引き受けになりましたね
随分と、大変なお仕事をお引き受けになりましたね
秀隆
秀隆
特務官をしていれば、こういうこともあります。仕方ありません
特務官をしていれば、こういうこともあります。仕方ありません
マリア
マリア
お話のほどは、理解いたしました。
お話のほどは、理解いたしました。
ですが、現状ではそのお話をマスタリー側に提案することは、
ですが、現状ではそのお話をマスタリー側に提案することは、
簡単には出来ません
簡単には出来ません
マリア
マリア
澤木様がリスクを恐れるように、
澤木様がリスクを恐れるように、
マスタリーも当然リスクを恐れます
マスタリーも当然リスクを恐れます
秀隆
秀隆
お互いが、お互いを信頼できない状態、ですからね
お互いが、お互いを信頼できない状態、ですからね
マリア
マリア
何か、良い案は御座いますか？
何か、良い案は御座いますか？
秀隆
秀隆
そうですね……まずは一度、マリアさんに
そうですね……まずは一度、マリアさんに
ラモールまで足を運んでいただけないでしょうか？
ラモールまで足を運んでいただけないでしょうか？
秀隆
秀隆
そこで、澤木社長の作られているパンがどのようなものなのか、
そこで、澤木社長の作られているパンがどのようなものなのか、
どれだけお客さんが入っているのか、それを見ていただきたいのです
どれだけお客さんが入っているのか、それを見ていただきたいのです
秀隆
秀隆
まだ一般人による街の移動は制限がかかっていて、
まだ一般人による街の移動は制限がかかっていて、
澤木社長をマスタリーへお連れすることは難しい状況ですし
澤木社長をマスタリーへお連れすることは難しい状況ですし
秀隆
秀隆
仮に澤木社長をドリームタウンへお連れ出来ても、
仮に澤木社長をドリームタウンへお連れ出来ても、
彼女には正しい経営かどうかを判断することは出来ないでしょう
彼女には正しい経営かどうかを判断することは出来ないでしょう
マリア
マリア
なるほど……
なるほど……
マリア
マリア
そうですね。私も、まずはそうしてみるべきだと思っていました
そうですね。私も、まずはそうしてみるべきだと思っていました
マリア
マリア
それでは……今週末、お伺いさせていただいてもよろしいでしょうか？
それでは……今週末、お伺いさせていただいてもよろしいでしょうか？
秀隆
秀隆
もちろんです。澤木社長の方には、こちらからご連絡しておきます
もちろんです。澤木社長の方には、こちらからご連絡しておきます
マリア
マリア
よろしくお願いいたします
よろしくお願いいたします
秀隆
秀隆
今日お話できるのは、ここまでです。
今日お話できるのは、ここまでです。
急なお話をお聞きくださり、ありがとうございました
急なお話をお聞きくださり、ありがとうございました
マリア
マリア
良い方向でまとめられると良いですね
良い方向でまとめられると良いですね
秀隆
秀隆
そう願います
そう願います
オレは資料をまとめ、立ち上がる。
オレは資料をまとめ、立ち上がる。
マリア
マリア
こうして島津様と共に働けること、とても光栄に思っています
こうして島津様と共に働けること、とても光栄に思っています
秀隆
秀隆
マ、マリアしゃん……
マ、マリアしゃん……
マリア
マリア
島津様……
島津様……
まさか、フラグが……。
まさか、フラグが……。
仕事を通じて目覚める、ラブがッ……？
仕事を通じて目覚める、ラブがッ……？
マリア
マリア
玄関までお見送りさせていただきますね
玄関までお見送りさせていただきますね
秀隆
秀隆
え？　あ……はい……（しゅん）
え？　あ……はい……（しゅん）
ホープタウンへと戻ったオレは、そのまま急ぎラモールへとやって来た。
ホープタウンへと戻ったオレは、そのまま急ぎラモールへとやって来た。
澤木
澤木
昨日の今日で、話はまとまったの？
昨日の今日で、話はまとまったの？
秀隆
秀隆
澤木社長のご希望される買取は、やはり一筋縄ではいかないようです
澤木社長のご希望される買取は、やはり一筋縄ではいかないようです
秀隆
秀隆
ただ、一度マスタリーの経営を担当されている方が、
ただ、一度マスタリーの経営を担当されている方が、
ラモールの料理を食べてみたいと仰ってくださいまして
ラモールの料理を食べてみたいと仰ってくださいまして
秀隆
秀隆
味にご納得いただければ、可能性はあると考えています
味にご納得いただければ、可能性はあると考えています
澤木
澤木
なるほどね
なるほどね
秀隆
秀隆
それで大変お手数なのですが、
それで大変お手数なのですが、
週末席を確保しておいて貰えないでしょうか？
週末席を確保しておいて貰えないでしょうか？
澤木
澤木
うちは予約制じゃないわよ？
うちは予約制じゃないわよ？
秀隆
秀隆
分かっています。しかしドリームタウンから
分かっています。しかしドリームタウンから
視察に来る様なものですので、待たせるわけには……
視察に来る様なものですので、待たせるわけには……
なんとか、お願いいたします
なんとか、お願いいたします
澤木
澤木
わかったわよ。じゃあ席を空けておけばいいのね
わかったわよ。じゃあ席を空けておけばいいのね
秀隆
秀隆
はい。よろしくお願いいたします
はい。よろしくお願いいたします
秀隆
秀隆
さて、後は資料や条件の見直しかな
さて、後は資料や条件の見直しかな
今のままじゃ逆立ちしてもマリアさんは条件を飲んではくれない。
今のままじゃ逆立ちしてもマリアさんは条件を飲んではくれない。
妥協案でどこまでこちらが譲歩するか……。
妥協案でどこまでこちらが譲歩するか……。
磯部
磯部
だから―――仕事で戻れないんだよ
だから―――仕事で戻れないんだよ
秀隆
秀隆
ん？
ん？
聞いたことのある声が、オレに届いた。
聞いたことのある声が、オレに届いた。
秀隆
秀隆
磯部……？
磯部……？
後姿だったが、携帯を手に誰かと口論しているようだった。
後姿だったが、携帯を手に誰かと口論しているようだった。
磯部
磯部
……やめないぜ俺は。絶対に
……やめないぜ俺は。絶対に
磯部
磯部
悪いけどもう切る。これから商談なんだよ
悪いけどもう切る。これから商談なんだよ
se通話ボタン
se通話ボタン
磯部
磯部
はあ……
はあ……
秀隆
秀隆
商談って、もう夜も遅いぞ？
商談って、もう夜も遅いぞ？
磯部
磯部
うおっ！？　な、なんでおまえがこんなところにいんだよ！
うおっ！？　な、なんでおまえがこんなところにいんだよ！
秀隆
秀隆
なんでって、今まで仕事してたんだ。磯部こそどうしたんだ？
なんでって、今まで仕事してたんだ。磯部こそどうしたんだ？
磯部
磯部
別に……おまえには関係ないだろ
別に……おまえには関係ないだろ
秀隆
秀隆
関係はないかも知れないが、心配はするぞ
関係はないかも知れないが、心配はするぞ
磯部
磯部
すんなよ。気持ち悪ぃ
すんなよ。気持ち悪ぃ
秀隆
秀隆
今電話で、仕事で戻れないって言ってたよな？
今電話で、仕事で戻れないって言ってたよな？
磯部
磯部
ちっ、聞いてたのかよ
ちっ、聞いてたのかよ
秀隆
秀隆
仕事って？　なんだよ
仕事って？　なんだよ
磯部
磯部
……おまえには関係ない
……おまえには関係ない
どうやら、ちょっとワケアリのようだ。
どうやら、ちょっとワケアリのようだ。
秀隆
秀隆
そうだ。良かったらこの後、ちょっと一杯飲みに行かないか？
そうだ。良かったらこの後、ちょっと一杯飲みに行かないか？
磯部
磯部
は？　なんでおまえと飲みに行かなきゃならないんだ
は？　なんでおまえと飲みに行かなきゃならないんだ
秀隆
秀隆
もちろん、誘ったオレが奢るよ
もちろん、誘ったオレが奢るよ
磯部
磯部
……本当だろうな。最初の一杯だけとか言うなよ？
……本当だろうな。最初の一杯だけとか言うなよ？
秀隆
秀隆
いや、そんなケチなことしないって
いや、そんなケチなことしないって
磯部
磯部
どうだか……
どうだか……
文句を言いながらも、磯部はオレの隣に立った。
文句を言いながらも、磯部はオレの隣に立った。
磯部
磯部
おまえ、今日はどこに行ってたんだよ
おまえ、今日はどこに行ってたんだよ
秀隆
秀隆
新しいプロジェクトでね。ちょっとドリームタウンのほうに
新しいプロジェクトでね。ちょっとドリームタウンのほうに
磯部
磯部
詳細は聞いてないぞ
詳細は聞いてないぞ
秀隆
秀隆
まだ正式なオファーと決まったわけじゃないんだ。
まだ正式なオファーと決まったわけじゃないんだ。
先方の意見を聞いて、一致するようなら依頼するらしい
先方の意見を聞いて、一致するようなら依頼するらしい
磯部
磯部
ふぅん……
ふぅん……
くっとグラスを傾け、酒を飲む磯部。
くっとグラスを傾け、酒を飲む磯部。
秀隆
秀隆
さっきの電話誰だったんだ？　特務官じゃ、なさそうだったよな
さっきの電話誰だったんだ？　特務官じゃ、なさそうだったよな
磯部
磯部
なんで俺の家庭事情を、お前に話さなきゃならないんだ
なんで俺の家庭事情を、お前に話さなきゃならないんだ
秀隆
秀隆
家庭事情なのか
家庭事情なのか
磯部
磯部
う……
う……
迂闊なミスだ。
迂闊なミスだ。
秀隆
秀隆
あーでも、家庭事情だとオレは相談相手にもなれないだろうな
あーでも、家庭事情だとオレは相談相手にもなれないだろうな
磯部
磯部
両親がいないんだよな、おまえは
両親がいないんだよな、おまえは
秀隆
秀隆
ああ。だから、家庭とは無縁なんだよな
ああ。だから、家庭とは無縁なんだよな
磯部
磯部
その方が楽でいいだろ。変なしがらみが生まれることもない
その方が楽でいいだろ。変なしがらみが生まれることもない
秀隆
秀隆
磯部んところはしがらみがあるのか
磯部んところはしがらみがあるのか
磯部
磯部
うっ……
うっ……
更なる迂闊なミス。
更なる迂闊なミス。
磯部は酒に弱いからなぁ。
磯部は酒に弱いからなぁ。
それとも、誰かに話したかったのか。
それとも、誰かに話したかったのか。
秀隆
秀隆
まーけど、何も分からないからこそ、良いかもしれないぜ？
まーけど、何も分からないからこそ、良いかもしれないぜ？
磯部
磯部
なんだそりゃ
なんだそりゃ
秀隆
秀隆
中立って言うか、客観的に見た意見を言ってやれる気がする
中立って言うか、客観的に見た意見を言ってやれる気がする
磯部
磯部
俺は別に、そんなもの求めてない
俺は別に、そんなもの求めてない
秀隆
秀隆
じゃあ何でついてきたんだよ
じゃあ何でついてきたんだよ
磯部
磯部
おまえが奢るって言うからだろ
おまえが奢るって言うからだろ
秀隆
秀隆
普段、そう言っても中々ついてこないけどな
普段、そう言っても中々ついてこないけどな
磯部
磯部
……ちっ。おまえはやりづれぇな……
……ちっ。おまえはやりづれぇな……
秀隆
秀隆
磯部は俺のことを嫌いかもしれないけど、
磯部は俺のことを嫌いかもしれないけど、
オレにとっては、大切な仲間だし。困ってたら助けたい
オレにとっては、大切な仲間だし。困ってたら助けたい
秀隆
秀隆
それが力になれるかどうかは別だけど、その姿勢を崩したくは
それが力になれるかどうかは別だけど、その姿勢を崩したくは
無いんだよ
無いんだよ
磯部
磯部
余計なお世話って奴だな。おまえなんて仲間だと思ってない
余計なお世話って奴だな。おまえなんて仲間だと思ってない
秀隆
秀隆
それでいいさ、磯部は
それでいいさ、磯部は
秀隆
秀隆
いつか認めてくれれば、それでいい
いつか認めてくれれば、それでいい
磯部
磯部
そんな日は来ない。ずっとな
そんな日は来ない。ずっとな
秀隆
秀隆
手厳しいな
手厳しいな
磯部
磯部
……なんで言い返さねえんだよ
……なんで言い返さねえんだよ
秀隆
秀隆
え？
え？
磯部
磯部
いつもいつも、俺に文句言われて、腹が立たないのかよ
いつもいつも、俺に文句言われて、腹が立たないのかよ
秀隆
秀隆
意外と言われることは図星だしなあ
意外と言われることは図星だしなあ
磯部
磯部
内心じゃ、オレに舌を出してバカにしてんだろ？
内心じゃ、オレに舌を出してバカにしてんだろ？
磯部
磯部
外から見れば、おまえは幾つもプロジェクトを成功させてる。
外から見れば、おまえは幾つもプロジェクトを成功させてる。
大して俺はパッとしない企画さえも、白紙に戻される始末だ
大して俺はパッとしない企画さえも、白紙に戻される始末だ
磯部
磯部
最悪だぜ……
最悪だぜ……
秀隆
秀隆
オレは一度も、磯部をバカにしたことなんてない
オレは一度も、磯部をバカにしたことなんてない
磯部
磯部
嘘付けよ
嘘付けよ
秀隆
秀隆
本当だ。まぁ、からかったりはするかも知れないけど、
本当だ。まぁ、からかったりはするかも知れないけど、
仕事の面で、特務官として、一度もそんなことを思ったことは
仕事の面で、特務官として、一度もそんなことを思ったことは
無い
無い
磯部
磯部
……言い切るかよ
……言い切るかよ
秀隆
秀隆
言い切るさ。事実だからな
言い切るさ。事実だからな
秀隆
秀隆
オレのプロジェクトが成功したのは、
オレのプロジェクトが成功したのは、
磯部のお陰で、まどかのお陰で、小林さんや高橋さんのおかげだ
磯部のお陰で、まどかのお陰で、小林さんや高橋さんのおかげだ
秀隆
秀隆
今までの殆どが、仲間の力があって達成できたことだ
今までの殆どが、仲間の力があって達成できたことだ
秀隆
秀隆
言っただろ、前にも
言っただろ、前にも
磯部
磯部
……ふん
……ふん
秀隆
秀隆
たまには、オレも特務官の仲間を助けたい
たまには、オレも特務官の仲間を助けたい
秀隆
秀隆
磯部が困ってたら、せめて相談相手くらいにはなりたいと思う
磯部が困ってたら、せめて相談相手くらいにはなりたいと思う
磯部
磯部
あーうるせぇ。ムカつくんだよおまえは
あーうるせぇ。ムカつくんだよおまえは
ダン、と少しだけ強くグラスをテーブルに置いた。
ダン、と少しだけ強くグラスをテーブルに置いた。
磯部
磯部
親父が、特務官をやめろってうるさいんだよ
親父が、特務官をやめろってうるさいんだよ
秀隆
秀隆
……お父さんが？　特務官をするの反対なのか
……お父さんが？　特務官をするの反対なのか
磯部
磯部
学生の頃からな。親父は跡をついで欲しがってた
学生の頃からな。親父は跡をついで欲しがってた
磯部
磯部
今でも特務官を辞めて、つげって思ってるのさ
今でも特務官を辞めて、つげって思ってるのさ
秀隆
秀隆
なんか、よくある家庭問題っぽいな
なんか、よくある家庭問題っぽいな
磯部
磯部
当事者になると大変なんだよ、嫌でも家じゃ顔を合わせることになるしな
当事者になると大変なんだよ、嫌でも家じゃ顔を合わせることになるしな
磯部
磯部
一人暮らししたくても、さすがに金が足りないしよ
一人暮らししたくても、さすがに金が足りないしよ
秀隆
秀隆
ホープタウンは住みやすい街だけど、
ホープタウンは住みやすい街だけど、
一人暮らしするとなると、かなり金がかかるからなぁ
一人暮らしするとなると、かなり金がかかるからなぁ
ホープタウンは最低保証で、働いているかどうか
ホープタウンは最低保証で、働いているかどうか
それに関係なく家族に１つ住居が提供されている。
それに関係なく家族に１つ住居が提供されている。
でも、その枠を超えて、
でも、その枠を超えて、
結婚などの特別な理由を除き住居を持とうとしたら、
結婚などの特別な理由を除き住居を持とうとしたら、
相当な金持ちでもないと借りることはできない。
相当な金持ちでもないと借りることはできない。
それこそ愛佳のようなレベルでないと。
それこそ愛佳のようなレベルでないと。
特務官の給料じゃ、早々一人暮らしは出来ないってことだな。
特務官の給料じゃ、早々一人暮らしは出来ないってことだな。
磯部
磯部
極力家じゃ顔を合わせないようにしてる
極力家じゃ顔を合わせないようにしてる
秀隆
秀隆
お母さんの方は、どっちの味方なんだ？
お母さんの方は、どっちの味方なんだ？
磯部
磯部
一応、俺の味方はしてくれてる。
一応、俺の味方はしてくれてる。
親父の機嫌もあるから、表立っては言わないけどな
親父の機嫌もあるから、表立っては言わないけどな
秀隆
秀隆
なるほどな。事情は何となく分かったよ
なるほどな。事情は何となく分かったよ
磯部
磯部
話したところで、別に何にもならないけどな……
話したところで、別に何にもならないけどな……
秀隆
秀隆
オレは磯部が正しいと思う
オレは磯部が正しいと思う
磯部
磯部
んだよ
んだよ
秀隆
秀隆
お父さんの気持ちも分かるけど、
お父さんの気持ちも分かるけど、
磯部が特務官をやりたいって気持ちは優先されるべきだろ
磯部が特務官をやりたいって気持ちは優先されるべきだろ
磯部
磯部
だから俺は、ずっと抵抗してんだよ
だから俺は、ずっと抵抗してんだよ
磯部
磯部
親がなんと言おうと、俺は特務官を続ける
親がなんと言おうと、俺は特務官を続ける
秀隆
秀隆
それでいいと思う
それでいいと思う
磯部
磯部
俺に同調しておけば、機嫌が取れて楽だろ
俺に同調しておけば、機嫌が取れて楽だろ
秀隆
秀隆
合わせてるだけのつもりはないけどな。
合わせてるだけのつもりはないけどな。
誰だって夢を持つし、その夢のために頑張りたいと思う
誰だって夢を持つし、その夢のために頑張りたいと思う
秀隆
秀隆
オレだって、そのために特務官になったんだ
オレだって、そのために特務官になったんだ
磯部
磯部
夢ねえ……
夢ねえ……
秀隆
秀隆
磯部は、どうして特務官になろうと思ったんだよ
磯部は、どうして特務官になろうと思ったんだよ
磯部
磯部
どうしてって……
どうしてって……
磯部
磯部
俺はただ、竹内特務官に憧れてただけだ
俺はただ、竹内特務官に憧れてただけだ
秀隆
秀隆
やっぱりそうだよな。うんうん
やっぱりそうだよな。うんうん
磯部
磯部
んだよ、おまえも竹内特務官に憧れた口か？
んだよ、おまえも竹内特務官に憧れた口か？
秀隆
秀隆
ああ。実際、特務官になろうと思ったのは、
ああ。実際、特務官になろうと思ったのは、
やっぱり竹内特務官の活躍を見てたからなんだよな
やっぱり竹内特務官の活躍を見てたからなんだよな
秀隆
秀隆
もう１５年とか前かな……。
もう１５年とか前かな……。
小さい頃、竹内特務官を街中で一度見かけたことがあってさ
小さい頃、竹内特務官を街中で一度見かけたことがあってさ
秀隆
秀隆
仕事中に決まってるのに、オレは嬉しくて話しかけたっけ
仕事中に決まってるのに、オレは嬉しくて話しかけたっけ
秀隆
秀隆
握手してください！ってさ
握手してください！ってさ
秀隆
秀隆
そしたら、竹内特務官は握手してくれたんだ
そしたら、竹内特務官は握手してくれたんだ
秀隆
秀隆
すげえ嬉しかったのを、今でも覚えてる
すげえ嬉しかったのを、今でも覚えてる
磯部
磯部
……そんな昔からか
……そんな昔からか
秀隆
秀隆
ま、竹内特務官は、オレがその時の子供だなんて覚えてないだろうけど
ま、竹内特務官は、オレがその時の子供だなんて覚えてないだろうけど
と言うより、そんな子供と接したことすら記憶に無いだろう。
と言うより、そんな子供と接したことすら記憶に無いだろう。
でもオレにとっては、それが何よりも嬉しかった。
でもオレにとっては、それが何よりも嬉しかった。
あんな大きな存在の人に、なりたいと思った。
あんな大きな存在の人に、なりたいと思った。
磯部
磯部
何か嫌だな、お前と同じ動機って
何か嫌だな、お前と同じ動機って
秀隆
秀隆
そんなこと言うなよ。オレはより嬉しかったけどな
そんなこと言うなよ。オレはより嬉しかったけどな
磯部
磯部
……どれだけ憧れても、竹内特務官のようにはなれないけどな
……どれだけ憧れても、竹内特務官のようにはなれないけどな
秀隆
秀隆
そりゃ、竹内特務官って目標は遥か先だけど。
そりゃ、竹内特務官って目標は遥か先だけど。
でもいつか、オレたちだってあの人みたいになれるかも知れない
でもいつか、オレたちだってあの人みたいになれるかも知れない
磯部
磯部
無理だな。竹内特務官は特別なんだよ
無理だな。竹内特務官は特別なんだよ
磯部
磯部
俺とお前は、同じ動機じゃないみたいだな。
俺とお前は、同じ動機じゃないみたいだな。
俺はただ、いつか竹内特務官の隣に立てる男になりたいと思った
俺はただ、いつか竹内特務官の隣に立てる男になりたいと思った
磯部
磯部
あの人を支えられる存在に成れれば、それでいいんだ
あの人を支えられる存在に成れれば、それでいいんだ
秀隆
秀隆
支えられる存在か……
支えられる存在か……
磯部
磯部
……なんで俺、おまえとこんなこと話してんだ？
……なんで俺、おまえとこんなこと話してんだ？
秀隆
秀隆
お酒の席だからな。そんなもんだろ
お酒の席だからな。そんなもんだろ
磯部
磯部
……そんなもんか……
……そんなもんか……
誰にだって、悩みのひとつやふたつある。
誰にだって、悩みのひとつやふたつある。
そんな当たり前のことを再認識した夜だった。
そんな当たり前のことを再認識した夜だった。
…………。
…………。
……。
……。
