キズナ
キズナ
ひーくんひーくん
ひーくんひーくん
秀隆
秀隆
んん？
んん？
仕事からの帰宅直後。
仕事からの帰宅直後。
キズナ
キズナ
お出かけしましょう
お出かけしましょう
制服姿のキズナにそう言われた。
制服姿のキズナにそう言われた。
秀隆
秀隆
何だよ急に。仕事が終わったばっかりだし、
何だよ急に。仕事が終わったばっかりだし、
ゆっくり自宅で過ごしたいんだが
ゆっくり自宅で過ごしたいんだが
先日の出張では緊張を持続させ過ぎたため、疲れが抜けきっていない。
先日の出張では緊張を持続させ過ぎたため、疲れが抜けきっていない。
キズナ
キズナ
嫌ですか？
嫌ですか？
秀隆
秀隆
別に嫌ってほどじゃないけど……
別に嫌ってほどじゃないけど……
キズナ
キズナ
あっきーも一緒に
あっきーも一緒に
秋
秋
え？
え？
キズナ
キズナ
どうですかっ
どうですかっ
秋
秋
私はいいです
私はいいです
キズナ
キズナ
お出かけは嫌いですか？
お出かけは嫌いですか？
秋
秋
出かけるのは嫌いじゃないけど
出かけるのは嫌いじゃないけど
キズナ
キズナ
けど？
けど？
含みのある言い方に、キズナが首を傾げた。
含みのある言い方に、キズナが首を傾げた。
こちらを見ることはなかったが、その含みは多分オレのことだろう。
こちらを見ることはなかったが、その含みは多分オレのことだろう。
秋
秋
出かけるなら、兄さんとどうぞ
出かけるなら、兄さんとどうぞ
キズナ
キズナ
私はお２人と一緒にお出かけしたいなと思いまして
私はお２人と一緒にお出かけしたいなと思いまして
秋
秋
絶対に嫌
絶対に嫌
アクセラ
アクセラ
いいではありませんか。たまには皆さんで外出されても
いいではありませんか。たまには皆さんで外出されても
秀隆
秀隆
え？
え？
思いがけない横槍が入る。
思いがけない横槍が入る。
秋も驚いたのか、アクセラの方へと向く。
秋も驚いたのか、アクセラの方へと向く。
アクセラ
アクセラ
私も、出来れば本格的にお掃除がしたいですし。
私も、出来れば本格的にお掃除がしたいですし。
皆さんが外出して下さればそれも容易きかと
皆さんが外出して下さればそれも容易きかと
秋
秋
でも私は
でも私は
アクセラ
アクセラ
何も秀隆様とお２人で出かけるわけではありません。
何も秀隆様とお２人で出かけるわけではありません。
キズナ様もいらっしゃるのですから、よろしいじゃないですか
キズナ様もいらっしゃるのですから、よろしいじゃないですか
キズナはうんうんと頷いていた。
キズナはうんうんと頷いていた。
気のせいか、キズナとアクセラの仲が妙に深まっている気がする。
気のせいか、キズナとアクセラの仲が妙に深まっている気がする。
これも同じ部屋で生活している影響だろうか。
これも同じ部屋で生活している影響だろうか。
キズナ
キズナ
いきましょうあっきー
いきましょうあっきー
秋
秋
…………
…………
アクセラ
アクセラ
いかれてはどうでしょう、秋様
いかれてはどうでしょう、秋様
秋
秋
私は行かな
私は行かな
！？
！？
２人に囲まれる秋。
２人に囲まれる秋。
キズナとアクセラは、秋の周りをぐるぐると回りだした。
キズナとアクセラは、秋の周りをぐるぐると回りだした。
キズナ
キズナ
行きましょう
行きましょう
アクセラ
アクセラ
行ってらっしゃいませ
行ってらっしゃいませ
秋
秋
な、なに、どう言うこと！？
な、なに、どう言うこと！？
ちょっとパニックになっていた。
ちょっとパニックになっていた。
キズナ
キズナ
行きましょう行きましょう行きましょう
行きましょう行きましょう行きましょう
アクセラ
アクセラ
行ってらっしゃいませ行ってらっしゃいませ行ってらっしゃいませ
行ってらっしゃいませ行ってらっしゃいませ行ってらっしゃいませ
ぐるぐるぐるぐる。
ぐるぐるぐるぐる。
秋
秋
うう……！
うう……！
それはまるで、呪いの儀式だった。
それはまるで、呪いの儀式だった。
輪の外にいるオレまで、ちょっと恐怖に駆られる。
輪の外にいるオレまで、ちょっと恐怖に駆られる。
秋
秋
わ、分かった。行く、行くからぐるぐる回るのやめてっ……！
わ、分かった。行く、行くからぐるぐる回るのやめてっ……！
その降伏宣言を受け、２人は同時にニヤリと笑った。
その降伏宣言を受け、２人は同時にニヤリと笑った。
あの秋がしてやられるとは……。
あの秋がしてやられるとは……。
秀隆
秀隆
まぁオレはパスさせても
まぁオレはパスさせても
行きます。行かせて頂きます！
行きます。行かせて頂きます！
２人の足がこちらを向いたので、無条件降伏を申し入れた。
２人の足がこちらを向いたので、無条件降伏を申し入れた。
キズナ
キズナ
勝った
勝った
アクセラ
アクセラ
勝ちました
勝ちました
２人はパンと互いの手を合わせた。
２人はパンと互いの手を合わせた。
秀隆
秀隆
……街だ
……街だ
夕方、オレは妹と居候を連れ、街にやって来ていた。
夕方、オレは妹と居候を連れ、街にやって来ていた。
秋
秋
…………
…………
秋は家を出てから一言も喋っていない。
秋は家を出てから一言も喋っていない。
もちろん３人の並びも、キズナが中心に立っている。
もちろん３人の並びも、キズナが中心に立っている。
そのキズナも、終始ニコニコしているだけで無言だった。
そのキズナも、終始ニコニコしているだけで無言だった。
秀隆
秀隆
えーあー……帰るのに、賛成の人
えーあー……帰るのに、賛成の人
スッと秋が手を上げる。
スッと秋が手を上げる。
オレも素早く手を上げた。
オレも素早く手を上げた。
キズナ
キズナ
ダメです。外に出たばかりですから
ダメです。外に出たばかりですから
上げた２つの手をキズナが降ろさせる。
上げた２つの手をキズナが降ろさせる。
秀隆
秀隆
じゃあどこに行くんだよ
じゃあどこに行くんだよ
キズナ
キズナ
どこでもいいんです。歩いて行きましょうー
どこでもいいんです。歩いて行きましょうー
秀隆
秀隆
どこでもって……目的も決めないのかよ
どこでもって……目的も決めないのかよ
キズナ
キズナ
じゃあ決めましょうか
じゃあ決めましょうか
秀隆
秀隆
例えば
例えば
愛佳
愛佳
あっれ～？　秋ちゃん？
あっれ～？　秋ちゃん？
どこに行くか迷っていると、前方から愛佳がやって来た。
どこに行くか迷っていると、前方から愛佳がやって来た。
そして、その少し後ろを裕輔が歩いていた。
そして、その少し後ろを裕輔が歩いていた。
オレは思わず満面の笑みを浮かべ、裕輔に駆け寄った。
オレは思わず満面の笑みを浮かべ、裕輔に駆け寄った。
秀隆
秀隆
裕輔～！
裕輔～！
裕輔
裕輔
な、なんだ。どうした
な、なんだ。どうした
ただならぬ気配を感じ取ったのか、半歩後ろに下がる。
ただならぬ気配を感じ取ったのか、半歩後ろに下がる。
オレは逃がすまいとその腕を取った。
オレは逃がすまいとその腕を取った。
秀隆
秀隆
もちろん付き合ってくれるよな？　オレと
もちろん付き合ってくれるよな？　オレと
愛佳
愛佳
出会い頭におホモだち宣言！？
出会い頭におホモだち宣言！？
裕輔
裕輔
……どう言うことか説明を求める
……どう言うことか説明を求める
どうやらどちらも言葉を勘違いして受け取ったのか、少し引いていた。
どうやらどちらも言葉を勘違いして受け取ったのか、少し引いていた。
愛佳
愛佳
あたしは片桐愛佳って言うの。よろしくねキズナ
あたしは片桐愛佳って言うの。よろしくねキズナ
キズナ
キズナ
はい。よろしくお願いしますっ
はい。よろしくお願いしますっ
とりあえず話をすることになったので、必然自己紹介が始まった。
とりあえず話をすることになったので、必然自己紹介が始まった。
愛佳
愛佳
こっちがあたしのお兄ちゃんで、裕輔って言うの
こっちがあたしのお兄ちゃんで、裕輔って言うの
裕輔
裕輔
…………
…………
小さく頷く裕輔、うむ、傍目に見ても実にイケメンだ。
小さく頷く裕輔、うむ、傍目に見ても実にイケメンだ。
キズナ
キズナ
格好いいお兄さんですねー
格好いいお兄さんですねー
愛佳
愛佳
そうかな？
そうかな？
自分が褒められたように喜ぶ愛佳。
自分が褒められたように喜ぶ愛佳。
キズナ
キズナ
はいっ。とても格好いいと思います。ねえひーくん
はいっ。とても格好いいと思います。ねえひーくん
秀隆
秀隆
まぁな、オレもコイツのイケメン振りは認めざるを
まぁな、オレもコイツのイケメン振りは認めざるを
秀隆
秀隆
ってちょっと待てキズナ。そのセリフ秋に言ってないぞ
ってちょっと待てキズナ。そのセリフ秋に言ってないぞ
キズナ
キズナ
と言いますと？
と言いますと？
秀隆
秀隆
秋のお兄さんって超格好いいですねっ、とか？
秋のお兄さんって超格好いいですねっ、とか？
ばさっと髪をわざとらしくかきあげてみる。
ばさっと髪をわざとらしくかきあげてみる。
秋
秋
言うわけないと思います
言うわけないと思います
秀隆
秀隆
ぐ……
ぐ……
キズナ
キズナ
ひーくんは格好イイ人ではなく、面白い人です
ひーくんは格好イイ人ではなく、面白い人です
秋
秋
良かったですね兄さん
良かったですね兄さん
秀隆
秀隆
ちっとも嬉しくねーよ！
ちっとも嬉しくねーよ！
裕輔
裕輔
つまらない男と呼ばれるよりはイイだろう。
つまらない男と呼ばれるよりはイイだろう。
俺もお前は面白い男だと思う
俺もお前は面白い男だと思う
秀隆
秀隆
感心したように頷くなよ……
感心したように頷くなよ……
面白い人、って言われるより格好いい人って呼ばれる方がうれしいに決まってる。
面白い人、って言われるより格好いい人って呼ばれる方がうれしいに決まってる。
愛佳
愛佳
ひーくんだって。先生も随分可愛い呼ばれ方してるねえ
ひーくんだって。先生も随分可愛い呼ばれ方してるねえ
秀隆
秀隆
うるさいな。おまえもあだ名を付けられるぞ
うるさいな。おまえもあだ名を付けられるぞ
愛佳
愛佳
へ？
へ？
秀隆
秀隆
コイツはなんて呼ぶつもりなんだ？
コイツはなんて呼ぶつもりなんだ？
キズナ
キズナ
んーそうですね……あいか、ですから……イカちゃん？
んーそうですね……あいか、ですから……イカちゃん？
愛佳
愛佳
なんで！？
なんで！？
秀隆
秀隆
イカちゃんか。はは、中々可愛い名前じゃないか
イカちゃんか。はは、中々可愛い名前じゃないか
愛佳
愛佳
あたしってわかんないでしょ！　もっと分かるのにしてよ！
あたしってわかんないでしょ！　もっと分かるのにしてよ！
キズナ
キズナ
じゃあ、イッカちゃん
じゃあ、イッカちゃん
愛佳
愛佳
そんなに変わってない！？
そんなに変わってない！？
キズナ
キズナ
ではイカイカにしますっ
ではイカイカにしますっ
愛佳
愛佳
更に酷くなってる！？
更に酷くなってる！？
秀隆
秀隆
よかったなイカイカ
よかったなイカイカ
愛佳
愛佳
な、なによそれえ……！
な、なによそれえ……！
キズナ
キズナ
それで、あなたがゆうちゃんです
それで、あなたがゆうちゃんです
びしっと指を向けるキズナ。
びしっと指を向けるキズナ。
裕輔
裕輔
…………
…………
無表情だった裕輔の表情が、一瞬歪んだ。
無表情だった裕輔の表情が、一瞬歪んだ。
秀隆
秀隆
ゆ、ゆうちゃん……ププッ！　プフフフフフ！
ゆ、ゆうちゃん……ププッ！　プフフフフフ！
イケメンがぶち壊しの可愛すぎるあだ名に、
イケメンがぶち壊しの可愛すぎるあだ名に、
オレは笑いを堪え切れなかった。
オレは笑いを堪え切れなかった。
秋
秋
……っ
……っ
思わず貰い笑いしたのか、一瞬だけだが秋がクスリと笑った。
思わず貰い笑いしたのか、一瞬だけだが秋がクスリと笑った。
でもそこは大人と言うか、冷静な対応ですぐ我慢して堪えた。
でもそこは大人と言うか、冷静な対応ですぐ我慢して堪えた。
キズナ
キズナ
ゆうちゃん、問題ありますか？
ゆうちゃん、問題ありますか？
裕輔
裕輔
……少し
……少し
キズナ
キズナ
そうですか。では、ゆうちゃんで決まりですねっ！
そうですか。では、ゆうちゃんで決まりですねっ！
裕輔
裕輔
…………
…………
……思ったよりもずっと、キズナは鬼畜かもしれない。
……思ったよりもずっと、キズナは鬼畜かもしれない。
裕輔
裕輔
悪いな秀隆……帰ってもいいか？
悪いな秀隆……帰ってもいいか？
秀隆
秀隆
それはダメだ
それはダメだ
がっちりと裕輔の腕を掴む。
がっちりと裕輔の腕を掴む。
秀隆
秀隆
ここにオレを一人残さないでくれ
ここにオレを一人残さないでくれ
裕輔
裕輔
……ならあだ名の変更を求める
……ならあだ名の変更を求める
どうやら、相当嫌らしい。
どうやら、相当嫌らしい。
秀隆
秀隆
キズナ～。裕輔があだ名の変更を求めてるぞ
キズナ～。裕輔があだ名の変更を求めてるぞ
愛佳
愛佳
あたしも求める！
あたしも求める！
キズナ
キズナ
気に入りませんでしたか？　私は気に入りましたよ
気に入りませんでしたか？　私は気に入りましたよ
愛佳
愛佳
一応参考までに、秋ちゃんのあだ名も教えて
一応参考までに、秋ちゃんのあだ名も教えて
秋
秋
私は、あっきーって呼ばれてるの
私は、あっきーって呼ばれてるの
愛佳
愛佳
なんか普通！　あたしも普通な感じがいいな
なんか普通！　あたしも普通な感じがいいな
キズナ
キズナ
では却下でお願いします
では却下でお願いします
愛佳
愛佳
却下された！
却下された！
キズナ
キズナ
ゆうちゃんも、ゆうちゃんで行こうと思います
ゆうちゃんも、ゆうちゃんで行こうと思います
裕輔
裕輔
……帰る
……帰る
秀隆
秀隆
落ち着けよ裕輔。ここはオレが交渉するから、な？
落ち着けよ裕輔。ここはオレが交渉するから、な？
帰りたがる裕輔をなだめ、キズナへ。
帰りたがる裕輔をなだめ、キズナへ。
秀隆
秀隆
なあキズナ、何とか新しいあだ名をだな……。考えてやってくれ
なあキズナ、何とか新しいあだ名をだな……。考えてやってくれ
キズナ
キズナ
ひーくんがどうしてもと言うなら、少し提案をします
ひーくんがどうしてもと言うなら、少し提案をします
秀隆
秀隆
是非頼む
是非頼む
キズナ
キズナ
では、お二人が私にじゃんけんで勝ったら変更してあげます
では、お二人が私にじゃんけんで勝ったら変更してあげます
愛佳
愛佳
やるやる、勝負勝負！
やるやる、勝負勝負！
ぐるぐると愛佳が腕を回す。
ぐるぐると愛佳が腕を回す。
キズナ
キズナ
一回勝負です。いきますよー。じゃんけん
一回勝負です。いきますよー。じゃんけん
愛佳
愛佳
ぽん！
ぽん！
キズナはパー、愛佳はグー。
キズナはパー、愛佳はグー。
キズナ
キズナ
イカイカで永久決定ですっ
イカイカで永久決定ですっ
愛佳
愛佳
うう……負けた……！
うう……負けた……！
裕輔
裕輔
俺も頼む
俺も頼む
普段無口な男が、自ら前に出る。
普段無口な男が、自ら前に出る。
秀隆
秀隆
そんなに嫌なのか……
そんなに嫌なのか……
キズナ
キズナ
じゃあいきますよっ。じゃん、けん、ぽんっ！
じゃあいきますよっ。じゃん、けん、ぽんっ！
キズナはチョキ、裕輔はパー。
キズナはチョキ、裕輔はパー。
裕輔
裕輔
くっ！
くっ！
キズナ
キズナ
ゆうちゃんで永久決定です！
ゆうちゃんで永久決定です！
裕輔
裕輔
無念だっ……
無念だっ……
苦悶の表情を浮かべ、その場に崩れる裕輔。
苦悶の表情を浮かべ、その場に崩れる裕輔。
キズナ
キズナ
ゆうちゃんもイカイカも、これから一緒に遊びませんか？
ゆうちゃんもイカイカも、これから一緒に遊びませんか？
愛佳
愛佳
いいの？
いいの？
って、あああ、イカイカに反応しちゃった！
って、あああ、イカイカに反応しちゃった！
秋
秋
……イカイカ（ぼそ）
……イカイカ（ぼそ）
愛佳
愛佳
秋ちゃんまでそんな呼び方して！　やめてよー！
秋ちゃんまでそんな呼び方して！　やめてよー！
秋
秋
ちょっと可愛いかも？
ちょっと可愛いかも？
キズナ
キズナ
無駄な抵抗はだめですよイカイカ。勝負の世界は非情なんです
無駄な抵抗はだめですよイカイカ。勝負の世界は非情なんです
愛佳
愛佳
せめて、世間には広まらないでほしい……
せめて、世間には広まらないでほしい……
秀隆
秀隆
よし、行こうぜゆうちゃ
よし、行こうぜゆうちゃ
う、嘘だから拳を握り締めるな！
う、嘘だから拳を握り締めるな！
裕輔
裕輔
おまえは普通に呼べ……
おまえは普通に呼べ……
ゆうちゃん、いや、片桐兄妹は屈辱なあだ名を付けられてしまった。
ゆうちゃん、いや、片桐兄妹は屈辱なあだ名を付けられてしまった。
メンバーが５人に増え、３人の女子は先頭を歩いていた。
メンバーが５人に増え、３人の女子は先頭を歩いていた。
オレは隣を歩くゆうちゃん……裕輔へと声をかけた。
オレは隣を歩くゆうちゃん……裕輔へと声をかけた。
秀隆
秀隆
こんな時間から二人でどこか行く予定だったのか？
こんな時間から二人でどこか行く予定だったのか？
裕輔
裕輔
愛佳がデパートで買い物をしたがっていてな。
愛佳がデパートで買い物をしたがっていてな。
丁度休日で暇だったから、荷物持ちでついてきていた
丁度休日で暇だったから、荷物持ちでついてきていた
どうやら、裕輔は今日が非番らしい。
どうやら、裕輔は今日が非番らしい。
秀隆
秀隆
貴重な休みだろ。拒否しなかったのかよ
貴重な休みだろ。拒否しなかったのかよ
裕輔
裕輔
特別な用事があれば別だが、断る理由はない。
特別な用事があれば別だが、断る理由はない。
愛佳が助かるというなら、俺には喜ばしいことだ
愛佳が助かるというなら、俺には喜ばしいことだ
秀隆
秀隆
ほんとクールな割に優しいな……
ほんとクールな割に優しいな……
さぞ、モテて仕方ないことだろう。
さぞ、モテて仕方ないことだろう。
裕輔
裕輔
おまえにも妹がいると聞いていたが、そう言うことだったのか
おまえにも妹がいると聞いていたが、そう言うことだったのか
秀隆
秀隆
なんだよ、そう言うことって
なんだよ、そう言うことって
裕輔
裕輔
公園で言っていただろ。妹を大切にするのは当たり前だと
公園で言っていただろ。妹を大切にするのは当たり前だと
秀隆
秀隆
あぁいや……
あぁいや……
どうやら、オレは家庭的で優しい兄とでも思われたに違いない。
どうやら、オレは家庭的で優しい兄とでも思われたに違いない。
まあ、いちいち反論することでもないので、適当に流しておく。
まあ、いちいち反論することでもないので、適当に流しておく。
愛佳
愛佳
良かったらデパートに行かない？
良かったらデパートに行かない？
あたし、今日はデパートで買い物する予定だったんだ
あたし、今日はデパートで買い物する予定だったんだ
キズナ
キズナ
いいですねっ。私も行って見たいです
いいですねっ。私も行って見たいです
秋
秋
じゃあそこで決まりね
じゃあそこで決まりね
愛佳
愛佳
あのさ、キズナとはどう言う関係なの？
あのさ、キズナとはどう言う関係なの？
秋
秋
えっ？
えっ？
愛佳
愛佳
秋ちゃんに妹が居るって話は一度も聞いたことがないし。
秋ちゃんに妹が居るって話は一度も聞いたことがないし。
普通の友達、にしてはちょっと不思議な感じがしたから
普通の友達、にしてはちょっと不思議な感じがしたから
愛佳はキズナの制服を見ながら言う。
愛佳はキズナの制服を見ながら言う。
こう言っちゃなんだが、愛佳が学園に無関心だったのが幸いした。
こう言っちゃなんだが、愛佳が学園に無関心だったのが幸いした。
下手したら見たこともないキズナの存在に、
下手したら見たこともないキズナの存在に、
色々突っ込まれていただろう。
色々突っ込まれていただろう。
秋
秋
えっと……
えっと……
しまった……秋にキズナとのことを聞かれたらどうするか教えてなかった。
しまった……秋にキズナとのことを聞かれたらどうするか教えてなかった。
まさかこうして、秋とキズナが外出するなんて思いもしなかったからな。
まさかこうして、秋とキズナが外出するなんて思いもしなかったからな。
今更ながら迂闊だったことを反省する。
今更ながら迂闊だったことを反省する。
長い間、間が開けばそれだけ怪しまれることになる。
長い間、間が開けばそれだけ怪しまれることになる。
オレはフォローを入れるべく口を挟もうとしたが、
オレはフォローを入れるべく口を挟もうとしたが、
その前にキズナが口を開いた。
その前にキズナが口を開いた。
キズナ
キズナ
実は……隠し子なんです、私
実は……隠し子なんです、私
秀隆
秀隆
えっ！？
えっ！？
キズナ
キズナ
ひーくんやあっきーとは、腹違いの妹なんですっ
ひーくんやあっきーとは、腹違いの妹なんですっ
愛佳
愛佳
うわ、そうだったんだ！　って、今先生驚いてなかった？
うわ、そうだったんだ！　って、今先生驚いてなかった？
秀隆
秀隆
お、驚いてない。うん、そう、腹違いの妹なんだよ。
お、驚いてない。うん、そう、腹違いの妹なんだよ。
長い間離れ離れに育ったんだが、やっと再会出来てな……
長い間離れ離れに育ったんだが、やっと再会出来てな……
愛佳
愛佳
なんか複雑そうだね
なんか複雑そうだね
秀隆
秀隆
……ああ。今はこうして明るく振舞ってるんだがな
……ああ。今はこうして明るく振舞ってるんだがな
愛佳
愛佳
ごめんね不用意に聞いちゃって
ごめんね不用意に聞いちゃって
キズナ
キズナ
平気です。２人がいますから
平気です。２人がいますから
そう言い、オレの手と秋の手を取った。
そう言い、オレの手と秋の手を取った。
キズナ
キズナ
仲良し兄妹ですから。ね？
仲良し兄妹ですから。ね？
秀隆
秀隆
お、おう
お、おう
秋
秋
そうだね……
そうだね……
愛佳
愛佳
二人とも顔が引きつってない？
二人とも顔が引きつってない？
秀隆
秀隆
気のせいに決まってるだろ
気のせいに決まってるだろ
秋
秋
う、うん。気のせい気のせい
う、うん。気のせい気のせい
キズナ
キズナ
そうですよ。仲良し仲良し
そうですよ。仲良し仲良し
そういうと、キズナはオレと秋の手を無理やり繋げた。
そういうと、キズナはオレと秋の手を無理やり繋げた。
秀隆
秀隆
…………
…………
秋
秋
…………
…………
愛佳
愛佳
なんか二人とも、死にそうな顔してない？
なんか二人とも、死にそうな顔してない？
秀隆
秀隆
そそそ、そんなわけなななないだろろろろ
そそそ、そんなわけなななないだろろろろ
秋
秋
……蕁麻疹がでそう
……蕁麻疹がでそう
秀隆
秀隆
おい
おい
キズナ
キズナ
とにかく仲良し三人兄妹ですっ
とにかく仲良し三人兄妹ですっ
秀隆
秀隆
だな……
だな……
作り笑いを浮かべながら、早くこの話題を変えなければと思った。
作り笑いを浮かべながら、早くこの話題を変えなければと思った。
オレたちは程無くしてデパートにつく。
オレたちは程無くしてデパートにつく。
秋
秋
じゃあ行こうか
じゃあ行こうか
キズナ
キズナ
はいっ
はいっ
愛佳
愛佳
２人はそこで待っててね
２人はそこで待っててね
ぽつりとその場に取り残され、
ぽつりとその場に取り残され、
女の子３人は人気の洋服店へと姿を消した。
女の子３人は人気の洋服店へと姿を消した。
秀隆
秀隆
たく、これじゃついて来た意味がないぞ
たく、これじゃついて来た意味がないぞ
裕輔
裕輔
女の買い物は、こう言うものだ
女の買い物は、こう言うものだ
秀隆
秀隆
う……
う……
ベンチに落ち着いて腰掛ける裕輔。
ベンチに落ち着いて腰掛ける裕輔。
女の子に振り回されることなく、どっしりとした面構えだった。
女の子に振り回されることなく、どっしりとした面構えだった。
男のオレから見ても、明らかにモテる……。
男のオレから見ても、明らかにモテる……。
裕輔
裕輔
さっきからジロジロ、なんだ？
さっきからジロジロ、なんだ？
秀隆
秀隆
おまえさ……今彼女とかいんの？
おまえさ……今彼女とかいんの？
裕輔
裕輔
急に何を言い出すかと思えば。今はいない
急に何を言い出すかと思えば。今はいない
秀隆
秀隆
今はいないってことは、前はいたんだよな？
今はいないってことは、前はいたんだよな？
裕輔
裕輔
学生の時にな。だが、それがどうかしたのか
学生の時にな。だが、それがどうかしたのか
秀隆
秀隆
べ、別に……
べ、別に……
モテそうだよな、とは何か言いたくなかった。
モテそうだよな、とは何か言いたくなかった。
しかし、学生の時ってことは、もう５年以上はいないのか？
しかし、学生の時ってことは、もう５年以上はいないのか？
オレと同じような感じかもしれない。
オレと同じような感じかもしれない。
片桐食糧プラントの従業員は多くが男性だ。
片桐食糧プラントの従業員は多くが男性だ。
まして、工場内で直接身体を動かす人間に絞れば、男性ばかり。
まして、工場内で直接身体を動かす人間に絞れば、男性ばかり。
仕事の後や休憩中、事務の女の子と仲良く喋るタイプにも見えないし。
仕事の後や休憩中、事務の女の子と仲良く喋るタイプにも見えないし。
裕輔
裕輔
おまえの方こそどうなんだ？
おまえの方こそどうなんだ？
秀隆
秀隆
オレも、学生ン時が最後だな……それっきり出逢いがなくてな
オレも、学生ン時が最後だな……それっきり出逢いがなくてな
裕輔
裕輔
特務官なら、いくらでも相手が見つかりそうだ
特務官なら、いくらでも相手が見つかりそうだ
秀隆
秀隆
んなことねーって。そう言うのを期待した時期もあったけど
んなことねーって。そう言うのを期待した時期もあったけど
実際は、どこにいっても後ろ指指されてたからな。
実際は、どこにいっても後ろ指指されてたからな。
最近こそ、何となくちょっと減った気がするが。
最近こそ、何となくちょっと減った気がするが。
秀隆
秀隆
彼女欲しいぜ
彼女欲しいぜ
裕輔
裕輔
欲しいのか？
欲しいのか？
秀隆
秀隆
なんでそんな驚く。誰だって欲しいに決まってるだろ
なんでそんな驚く。誰だって欲しいに決まってるだろ
裕輔
裕輔
そう言うものか
そう言うものか
秀隆
秀隆
当たり前だろ。おまえだって出逢いがあれば彼女作るだろ
当たり前だろ。おまえだって出逢いがあれば彼女作るだろ
裕輔
裕輔
どうかな……
どうかな……
裕輔
裕輔
俺はあまり、そう言うことに興味がない
俺はあまり、そう言うことに興味がない
秀隆
秀隆
ぐ……
ぐ……
よくわからんが、王者の高みから喋られてる気がしてならない。
よくわからんが、王者の高みから喋られてる気がしてならない。
裕輔
裕輔
学生の時には、度々告白されることがあった
学生の時には、度々告白されることがあった
秀隆
秀隆
……だろうな
……だろうな
裕輔
裕輔
だが、俺自身がどうこうと、思ったことは一度もない。
だが、俺自身がどうこうと、思ったことは一度もない。
ただ何となく、一度付き合ってみるのも経験かと思って付き合った
ただ何となく、一度付き合ってみるのも経験かと思って付き合った
秀隆
秀隆
それ女の子にとっちゃ最低だな
それ女の子にとっちゃ最低だな
裕輔
裕輔
そうかも知れん。結局２、３ヶ月ほどで別れることになった
そうかも知れん。結局２、３ヶ月ほどで別れることになった
秀隆
秀隆
もしかして、その彼女だけか？　付き合ったの
もしかして、その彼女だけか？　付き合ったの
裕輔
裕輔
ああ。俺には誰かを好きになる気持ちが良くわからん
ああ。俺には誰かを好きになる気持ちが良くわからん
秀隆
秀隆
へぇ……
へぇ……
ちょっと、同情、じゃないけど意外に思った。
ちょっと、同情、じゃないけど意外に思った。
これだけのイケメンなら、女は捨てるほど寄って来るはずだ。
これだけのイケメンなら、女は捨てるほど寄って来るはずだ。
オレなら間違いなくとっかえひっかえするだろうな。
オレなら間違いなくとっかえひっかえするだろうな。
裕輔
裕輔
１つ聞いてもいいか
１つ聞いてもいいか
秀隆
秀隆
ん？
ん？
裕輔
裕輔
うちの妹は、世間では可愛い方なのか？
うちの妹は、世間では可愛い方なのか？
秀隆
秀隆
そりゃそうだろ。周りを見てみろよ
そりゃそうだろ。周りを見てみろよ
裕輔
裕輔
周り？
周り？
デパートには、若い女性が沢山行きかっている。
デパートには、若い女性が沢山行きかっている。
だが、どれも中々愛佳のレベルに達してる女の子はいない。
だが、どれも中々愛佳のレベルに達してる女の子はいない。
秀隆
秀隆
愛佳なら８０点以上だろ、低く見ても。
愛佳なら８０点以上だろ、低く見ても。
って、人の妹に点数付けるのも酷い話か……
って、人の妹に点数付けるのも酷い話か……
裕輔
裕輔
おまえは何点以上ならいいんだ？
おまえは何点以上ならいいんだ？
秀隆
秀隆
なんでそんなこと聞くんだよ……
なんでそんなこと聞くんだよ……
うーん、点数で言えば、６０点超えてればいいかな
うーん、点数で言えば、６０点超えてればいいかな
おっぱいが大きければもちろん、絶大に加点される。
おっぱいが大きければもちろん、絶大に加点される。
裕輔
裕輔
なら愛佳と付き合えばいい
なら愛佳と付き合えばいい
秀隆
秀隆
ぶっ！
ぶっ！
秀隆
秀隆
おま、突然何を……！
おま、突然何を……！
裕輔
裕輔
点数では問題はないんだろう？
点数では問題はないんだろう？
秀隆
秀隆
そりゃそうだけど、教え子だぞ、愛佳は
そりゃそうだけど、教え子だぞ、愛佳は
裕輔
裕輔
元教え子、だ。ならば特に問題はないだろう
元教え子、だ。ならば特に問題はないだろう
秀隆
秀隆
……兄としてどうなんだよ、その辺。男を容認するなよな
……兄としてどうなんだよ、その辺。男を容認するなよな
裕輔
裕輔
なら、お前は妹に彼氏が出来ることは反対なのか？
なら、お前は妹に彼氏が出来ることは反対なのか？
秀隆
秀隆
別にそれは思ってない。
別にそれは思ってない。
秋に好きな男が出来たなら、自然とそうなるものだと思ってる
秋に好きな男が出来たなら、自然とそうなるものだと思ってる
裕輔
裕輔
同じことだ
同じことだ
秀隆
秀隆
う……そう言われると否定し辛いが。
う……そう言われると否定し辛いが。
だとしてもオレを勧めるのはどうなんだよ
だとしてもオレを勧めるのはどうなんだよ
裕輔
裕輔
おまえなら安心して任せられる
おまえなら安心して任せられる
きっぱりはっきりと言われてしまう。
きっぱりはっきりと言われてしまう。
秀隆
秀隆
おまえがそう言ってくれるのは嬉しいけど、
おまえがそう言ってくれるのは嬉しいけど、
いくら何でも無茶だ。愛佳の気持ちもあるし
いくら何でも無茶だ。愛佳の気持ちもあるし
裕輔
裕輔
あいつ自身の態度を見ればわかる。おまえに好感を抱いている。
あいつ自身の態度を見ればわかる。おまえに好感を抱いている。
それに気付かないほど、おまえは鈍感な人間じゃないはずだ
それに気付かないほど、おまえは鈍感な人間じゃないはずだ
秀隆
秀隆
……嫌われてないってことはな。
……嫌われてないってことはな。
でも、恋愛ってのはそう簡単にはいかないんだよ
でも、恋愛ってのはそう簡単にはいかないんだよ
裕輔と目を合わせていられなくなり、逸らした。
裕輔と目を合わせていられなくなり、逸らした。
秀隆
秀隆
本当の意味で、お互いが好きじゃなきゃ意味がない
本当の意味で、お互いが好きじゃなきゃ意味がない
裕輔
裕輔
意外と冷静なんだな
意外と冷静なんだな
秀隆
秀隆
隙あらば食っちゃえ、とか考えるタイプだと思ったのか？
隙あらば食っちゃえ、とか考えるタイプだと思ったのか？
裕輔
裕輔
ふ、確かに。そう言うキャラには見えないな
ふ、確かに。そう言うキャラには見えないな
秀隆
秀隆
だろ？　オレは紳士なんだよ
だろ？　オレは紳士なんだよ
裕輔
裕輔
……すまない。紳士には見えない
……すまない。紳士には見えない
秀隆
秀隆
そんな、本気ですまなそうな顔で言うなよ……。オレが虚しくなるだろ
そんな、本気ですまなそうな顔で言うなよ……。オレが虚しくなるだろ
裕輔は、チャラそうな外見とは裏腹に、非常に真面目だ。
裕輔は、チャラそうな外見とは裏腹に、非常に真面目だ。
秀隆
秀隆
おまえって、昔は凄い悪だったんだよな？
おまえって、昔は凄い悪だったんだよな？
裕輔
裕輔
人を殴ることは多かったな。それを悪というなら、そうなんだろう
人を殴ることは多かったな。それを悪というなら、そうなんだろう
秀隆
秀隆
めっちゃ悪だっての
めっちゃ悪だっての
秀隆
秀隆
でも、何で喧嘩してたんだ？
でも、何で喧嘩してたんだ？
裕輔
裕輔
家族のことで、からかわれることが多かった。それだけだ
家族のことで、からかわれることが多かった。それだけだ
秀隆
秀隆
母親が早くにいないことを、か？
母親が早くにいないことを、か？
裕輔
裕輔
ああ。だが意味がないことに気付いた。だから喧嘩はやめた
ああ。だが意味がないことに気付いた。だから喧嘩はやめた
裕輔
裕輔
あの時、あんなバカな道に走っていなければ、
あの時、あんなバカな道に走っていなければ、
俺ももう少し違った人生を歩んでいたのかも知れないな
俺ももう少し違った人生を歩んでいたのかも知れないな
秀隆
秀隆
何かやりたい仕事でもあったのか？
何かやりたい仕事でもあったのか？
裕輔
裕輔
特務官、と言えば笑うか？
特務官、と言えば笑うか？
秀隆
秀隆
えっ……
えっ……
裕輔
裕輔
今の俺からは想像もつかないかも知れないが。
今の俺からは想像もつかないかも知れないが。
そんな時期もあっただけだ
そんな時期もあっただけだ
秀隆
秀隆
……裕輔
……裕輔
裕輔
裕輔
忘れてくれ。どうせ昔の話だ。
忘れてくれ。どうせ昔の話だ。
今自分の仕事には、きちんと誇りを持ってやっている
今自分の仕事には、きちんと誇りを持ってやっている
意外な裕輔の一面を見た気がした。
意外な裕輔の一面を見た気がした。
それから、オレたちは夕食を食べるためにここへやって来た。
それから、オレたちは夕食を食べるためにここへやって来た。
キズナ
キズナ
お腹ぺこぺこです
お腹ぺこぺこです
愛佳
愛佳
デパートってのは、女の子が体力を消耗する場所だからね
デパートってのは、女の子が体力を消耗する場所だからね
秀隆
秀隆
体力を使ってるのは男だっての。買いすぎだおまえら
体力を使ってるのは男だっての。買いすぎだおまえら
オレの手には、それぞれ秋とキズナが買った服がどっさりある。
オレの手には、それぞれ秋とキズナが買った服がどっさりある。
秀隆
秀隆
つか、よくお小遣い足りたな。結構したんじゃないか？
つか、よくお小遣い足りたな。結構したんじゃないか？
秋
秋
兄さんと違って、しっかり貯蓄してますから
兄さんと違って、しっかり貯蓄してますから
秀隆
秀隆
あ、そう……
あ、そう……
そりゃオレは万年金欠だけど。
そりゃオレは万年金欠だけど。
秀隆
秀隆
キズナはキズナで、どうしたんだよ
キズナはキズナで、どうしたんだよ
キズナ
キズナ
かずちーに貰っているので
かずちーに貰っているので
秀隆
秀隆
あの社長か……
あの社長か……
キズナ
キズナ
必要なものは幾らでも買って良いと
必要なものは幾らでも買って良いと
秀隆
秀隆
マジで。じゃあオレも何か買ってもらおうかな
マジで。じゃあオレも何か買ってもらおうかな
キズナ
キズナ
ひーくんにはビタ一文使うなと釘を刺されています
ひーくんにはビタ一文使うなと釘を刺されています
秀隆
秀隆
ちっ、あのチビ社長め
ちっ、あのチビ社長め
キズナ
キズナ
一語一句違わず伝えておきますね
一語一句違わず伝えておきますね
秀隆
秀隆
あの美人社長めぇ
あの美人社長めぇ
キズナ
キズナ
チビ社長
チビ社長
秀隆
秀隆
……ごめんなさい。もう言いません
……ごめんなさい。もう言いません
キズナ
キズナ
今回は目を瞑ることにしますっ
今回は目を瞑ることにしますっ
オレはキズナの優しさに命を救われた。
オレはキズナの優しさに命を救われた。
しかし、一体キズナのＩＤには幾ら入っているんだろう。
しかし、一体キズナのＩＤには幾ら入っているんだろう。
まず間違いなく、オレのお小遣いよりは入ってるんだろうな。
まず間違いなく、オレのお小遣いよりは入ってるんだろうな。
各自が、好きなものを食べるべくお店のメニュー表を見る。
各自が、好きなものを食べるべくお店のメニュー表を見る。
オレはよく食べる定食にしよう。
オレはよく食べる定食にしよう。
さて、どうするかな？
さて、どうするかな？
裕輔と話す
裕輔と話す
愛佳と話す
愛佳と話す
キズナと話す
キズナと話す
秋と話す
秋と話す
裕輔と話す
裕輔と話す
愛佳と話す
愛佳と話す
キズナと話す
キズナと話す
嫌だ。
嫌だ。
今日はオレと出かけさせられてることもあって機嫌が悪い。
今日はオレと出かけさせられてることもあって機嫌が悪い。
他のヤツにしよう。
他のヤツにしよう。
だから嫌だって。
だから嫌だって。
そもそも秋と何を話すんだよ……。
そもそも秋と何を話すんだよ……。
オレは秋と話す選択を消した。
オレは秋と話す選択を消した。
どうしてこうも、物好きな選択を選ぶのか。
どうしてこうも、物好きな選択を選ぶのか。
秀隆
秀隆
……はぁ
……はぁ
オレは一度ため息をついてから、秋のほうを向いた。
オレは一度ため息をついてから、秋のほうを向いた。
秋
秋
…………
…………
オレの葛藤を知っていたのか、視線があう。
オレの葛藤を知っていたのか、視線があう。
そして軽くメンチを切られた。
そして軽くメンチを切られた。
話しかけてくるな』と。
話しかけてくるな』と。
開きかけた口は閉じ、オレは殻に閉じこもった。
開きかけた口は閉じ、オレは殻に閉じこもった。
秀隆
秀隆
何を頼んだんだ？
何を頼んだんだ？
キズナ
キズナ
えっと、よくわかりませんっ
えっと、よくわかりませんっ
そういい、にっこりと笑う。
そういい、にっこりと笑う。
秀隆
秀隆
よく分からないって……
よく分からないって……
キズナの手元にある食事を見ると……。
キズナの手元にある食事を見ると……。
秀隆
秀隆
なんだ、それか
なんだ、それか
キズナ
キズナ
知らない名前だったので頼んでみました
知らない名前だったので頼んでみました
愛佳
愛佳
え？　あんたそれ知らないの？　嘘でしょ？
え？　あんたそれ知らないの？　嘘でしょ？
秀隆
秀隆
世間知らずだからな
世間知らずだからな
愛佳
愛佳
世間知らずって、そう言うレベルじゃないような……
世間知らずって、そう言うレベルじゃないような……
秀隆
秀隆
隠し子だからな……やっぱ、隔離されて育ったんだろう
隠し子だからな……やっぱ、隔離されて育ったんだろう
愛佳
愛佳
ああ……
ああ……
キズナ
キズナ
すみません、常識が無くてっ
すみません、常識が無くてっ
愛佳
愛佳
ええっと、そんな、別に悪口を言ったつもりはないし。ごめんね
ええっと、そんな、別に悪口を言ったつもりはないし。ごめんね
キズナ
キズナ
イカイカは優しいです
イカイカは優しいです
愛佳
愛佳
う、うん、あの、そのイカイカってのは、やっぱり……
う、うん、あの、そのイカイカってのは、やっぱり……
キズナ
キズナ
可愛いと思います。イカイカ。そうですよね？
可愛いと思います。イカイカ。そうですよね？
キズナが期待を込めた目で、オレを見ている。
キズナが期待を込めた目で、オレを見ている。
秀隆
秀隆
ま、まぁ……愛嬌があって、いいと思うぞ……？
ま、まぁ……愛嬌があって、いいと思うぞ……？
秀隆
秀隆
最近、よく笑うようになったよな
最近、よく笑うようになったよな
愛佳
愛佳
あたし？　あたしって昔から笑顔振りまいてたけど？
あたし？　あたしって昔から笑顔振りまいてたけど？
秀隆
秀隆
なんつーか、優しい笑顔するようになった
なんつーか、優しい笑顔するようになった
愛佳
愛佳
そ、そうかな？
そ、そうかな？
秀隆
秀隆
ああ。だから、友達も増えたんじゃないか？
ああ。だから、友達も増えたんじゃないか？
愛佳
愛佳
……どうなんだろ。自分じゃちょっとわかんないな
……どうなんだろ。自分じゃちょっとわかんないな
テレたのか、チュー、とストローでジュースを飲んだ。
テレたのか、チュー、とストローでジュースを飲んだ。
愛佳
愛佳
悩みがなくなったから、周りを見る余裕が出来たのかも
悩みがなくなったから、周りを見る余裕が出来たのかも
秀隆
秀隆
いいことだ
いいことだ
愛佳
愛佳
うん……
うん……
秀隆
秀隆
おまえ、それで足りるのか？
おまえ、それで足りるのか？
裕輔の夕食は、小さいパンと飲み物が置かれてあるだけだった。
裕輔の夕食は、小さいパンと飲み物が置かれてあるだけだった。
裕輔
裕輔
今日は仕事もないしな、これで十分だ
今日は仕事もないしな、これで十分だ
秀隆
秀隆
ダイエット中の女の子じゃあるまいし……
ダイエット中の女の子じゃあるまいし……
こっちは、パンにサラダに肉にどっさりだっていうのに。
こっちは、パンにサラダに肉にどっさりだっていうのに。
裕輔
裕輔
若いうちはいいが、後々大変だぞ。そう言うのばかりだと
若いうちはいいが、後々大変だぞ。そう言うのばかりだと
秀隆
秀隆
……いいんだよ。オレは好きに食べて好きに死ぬ
……いいんだよ。オレは好きに食べて好きに死ぬ
ザクリとフォークを肉に突き立てた。
ザクリとフォークを肉に突き立てた。
夕昼を終えたオレたちは、５人でぶらぶらと歩く。
夕昼を終えたオレたちは、５人でぶらぶらと歩く。
秀隆
秀隆
ふう、ふう……
ふう、ふう……
女の子たちは楽しそうに雑談をし、
女の子たちは楽しそうに雑談をし、
オレたちは荷物を持ってぜーぜー息を切らせていた。
オレたちは荷物を持ってぜーぜー息を切らせていた。
裕輔
裕輔
大丈夫か？
大丈夫か？
息を切らせていたのは、オレだけだった。
息を切らせていたのは、オレだけだった。
秀隆
秀隆
だ、大丈夫だ。このくらい
だ、大丈夫だ。このくらい
日頃運動をしていないせいか、
日頃運動をしていないせいか、
ちょっと重いものを持っただけでこれだ。
ちょっと重いものを持っただけでこれだ。
キズナ
キズナ
手伝います、ひーくん
手伝います、ひーくん
秀隆
秀隆
女の子に持たせられるわけないだろ
女の子に持たせられるわけないだろ
キズナ
キズナ
私は気にしませんよ？
私は気にしませんよ？
秀隆
秀隆
おまえが気にしなくても、オレが気にするから
おまえが気にしなくても、オレが気にするから
秋
秋
妙なところで優しいんですね、兄さんは
妙なところで優しいんですね、兄さんは
秀隆
秀隆
オレはいつも優しい
オレはいつも優しい
秋
秋
そうでしたか？
そうでしたか？
秀隆
秀隆
……なんでもありません
……なんでもありません
愛佳
愛佳
あのさ、ちょっと思ってたんだけどさ
あのさ、ちょっと思ってたんだけどさ
秋
秋
なに？
なに？
愛佳
愛佳
ひょっとして秋ちゃんと先生って仲が悪い？
ひょっとして秋ちゃんと先生って仲が悪い？
秀隆
秀隆
なんでだ？　別にそんなことはないぞ。なあ？
なんでだ？　別にそんなことはないぞ。なあ？
秋
秋
そうよ、普通
そうよ、普通
愛佳
愛佳
学園で仲が良いって言われてる時ほどじゃないって言うか
学園で仲が良いって言われてる時ほどじゃないって言うか
愛佳
愛佳
今喧嘩中なのかと思ってさ
今喧嘩中なのかと思ってさ
秀隆
秀隆
違う違う
違う違う
秋
秋
何もないから、大丈夫
何もないから、大丈夫
愛佳
愛佳
そう？　ならいいんだけど。兄妹は仲良くしないとね
そう？　ならいいんだけど。兄妹は仲良くしないとね
オレが臨時教師をしていた頃は、
オレが臨時教師をしていた頃は、
学園で兄妹の不仲説が流れないよう強く配慮していた。
学園で兄妹の不仲説が流れないよう強く配慮していた。
でも、こうしてプライベートな時間まで、それを続けるのは困難だ。
でも、こうしてプライベートな時間まで、それを続けるのは困難だ。
だから無意識のうちに、お互いが嫌っている、
だから無意識のうちに、お互いが嫌っている、
と言う雰囲気のようなものが漏れているんだろう。
と言う雰囲気のようなものが漏れているんだろう。
気をつけなきゃいけないとは思っているが、難しい。
気をつけなきゃいけないとは思っているが、難しい。
キズナ
キズナ
イカイカの言う通りですね。うんうん
イカイカの言う通りですね。うんうん
愛佳
愛佳
イカイカ……すっかり定着しちゃってる……
イカイカ……すっかり定着しちゃってる……
さすがにショックなあだ名のようだが、
さすがにショックなあだ名のようだが、
愛佳はどこか楽しそうだった。
愛佳はどこか楽しそうだった。
出会ったばかりのキズナと、愛佳は打ち解け始めていた。
出会ったばかりのキズナと、愛佳は打ち解け始めていた。
秀隆
秀隆
変わったよな、愛佳
変わったよな、愛佳
裕輔
裕輔
おまえのお陰だ。随分と笑うようになった。
おまえのお陰だ。随分と笑うようになった。
それに、こうして友達と楽しむ姿を、見られるようになった
それに、こうして友達と楽しむ姿を、見られるようになった
秀隆
秀隆
オレは何かをした覚えはないぞ。
オレは何かをした覚えはないぞ。
変わったのは愛佳自身だし、裕輔自身だ
変わったのは愛佳自身だし、裕輔自身だ
裕輔
裕輔
しかし
しかし
秀隆
秀隆
もうやめにしよう
もうやめにしよう
オレは裕輔の言葉を遮る。
オレは裕輔の言葉を遮る。
秀隆
秀隆
何度も感謝してくれるのはありがたいけど、
何度も感謝してくれるのはありがたいけど、
オレはそんなこと抜きで、おまえたちを友達だと思ってる
オレはそんなこと抜きで、おまえたちを友達だと思ってる
秀隆
秀隆
友達ってのはそんなんじゃないだろ？
友達ってのはそんなんじゃないだろ？
秀隆
秀隆
助けたり助けられたりは当たり前のことだ。な？
助けたり助けられたりは当たり前のことだ。な？
裕輔
裕輔
……そうだな……
……そうだな……
女性
女性
きゃああ！！
きゃああ！！
それは、一瞬の出来事だった。
それは、一瞬の出来事だった。
傍を歩いていた親子、その母親が悲鳴をあげた。
傍を歩いていた親子、その母親が悲鳴をあげた。
女性
女性
泥棒！
泥棒！
そんな声が響き渡る。
そんな声が響き渡る。
犯人らしき男が母親の傍から走り去って行く。
犯人らしき男が母親の傍から走り去って行く。
秀隆
秀隆
泥棒？　……ホープタウンで珍しいな……
泥棒？　……ホープタウンで珍しいな……
そんなオレの呟きの直後。
そんなオレの呟きの直後。
隣にいた裕輔が、駆け出そうとしていた。
隣にいた裕輔が、駆け出そうとしていた。
だが、その裕輔よりも１歩早く、キズナが駆け出していた。
だが、その裕輔よりも１歩早く、キズナが駆け出していた。
素早い動きで人波をかいくぐり、犯人を追いかける。
素早い動きで人波をかいくぐり、犯人を追いかける。
秀隆
秀隆
お、おいっ！
お、おいっ！
オレもこのまま見送ってはまずいと、慌ててその後を追った。
オレもこのまま見送ってはまずいと、慌ててその後を追った。
下手に犯人に追いつき、逆上させてしまっては危ない。
下手に犯人に追いつき、逆上させてしまっては危ない。
まだ幼く、ましてや女の子であるキズナに、勝ち目などあるはずがないからだ。
まだ幼く、ましてや女の子であるキズナに、勝ち目などあるはずがないからだ。
しかし、その先で見た光景は、オレの想像を遥かに超えるものだった。
しかし、その先で見た光景は、オレの想像を遥かに超えるものだった。
けして動きの遅くない犯人に追いつき、腕を掴んだかと思うと、
けして動きの遅くない犯人に追いつき、腕を掴んだかと思うと、
次の瞬間、犯人を押し倒しその上に乗りかかっていたのだ。
次の瞬間、犯人を押し倒しその上に乗りかかっていたのだ。
犯人
犯人
ぐっ！！
ぐっ！！
キズナ
キズナ
いけませんよ、人のモノを盗っちゃ
いけませんよ、人のモノを盗っちゃ
自分よりも遥かに大きい男が、なすすべなく崩れ落ちている。
自分よりも遥かに大きい男が、なすすべなく崩れ落ちている。
抵抗しているようだったが、がっちりと固められているのか、動くことが出来ていない。
抵抗しているようだったが、がっちりと固められているのか、動くことが出来ていない。
直後に追いついた裕輔も、そのキズナの姿に呆気にとられている。
直後に追いついた裕輔も、そのキズナの姿に呆気にとられている。
秀隆
秀隆
キズナ！
キズナ！
駆け寄ると、キズナは笑顔をオレに向けた。
駆け寄ると、キズナは笑顔をオレに向けた。
キズナ
キズナ
ひーくん。これ、さっきの女性に返してあげてください
ひーくん。これ、さっきの女性に返してあげてください
そう言い、差し出したのはバッグ。
そう言い、差し出したのはバッグ。
キズナ
キズナ
バッグから抜き取る時間はなかったと思いますが、
バッグから抜き取る時間はなかったと思いますが、
念のため中身は確認してもらってください
念のため中身は確認してもらってください
秀隆
秀隆
あ、ああ……
あ、ああ……
間抜けな声を出した後、バッグを受け取った。
間抜けな声を出した後、バッグを受け取った。
犯人
犯人
た、たのむ、見逃してくれっ！
た、たのむ、見逃してくれっ！
逃げ出せないと思ったのか、犯人はすがるようにそう言った。
逃げ出せないと思ったのか、犯人はすがるようにそう言った。
秀隆
秀隆
盗みを働いておいて見逃せるわけがないだろ
盗みを働いておいて見逃せるわけがないだろ
犯人
犯人
ほんの出来心だったんだ、反省してるっ！
ほんの出来心だったんだ、反省してるっ！
キズナ
キズナ
本当に反省しているなら、ちゃんと罪を償ってください
本当に反省しているなら、ちゃんと罪を償ってください
犯人
犯人
こんなことが家族に知れたら、俺は終わりだっ！
こんなことが家族に知れたら、俺は終わりだっ！
キズナ
キズナ
罪を隠し続けることの方が辛いですよ
罪を隠し続けることの方が辛いですよ
犯人
犯人
ぐぐ……
ぐぐ……
犯人
犯人
……わかった、従う。従うから、手を離してくれっ
……わかった、従う。従うから、手を離してくれっ
押さえつけられた手が痛くて仕方ないのだろう。
押さえつけられた手が痛くて仕方ないのだろう。
キズナ
キズナ
逃げたりしませんか？
逃げたりしませんか？
犯人
犯人
誓う、誓う！
誓う、誓う！
キズナ
キズナ
わかりました
わかりました
そう言い、キズナはすっと男の身体からどいた。
そう言い、キズナはすっと男の身体からどいた。
犯人
犯人
ふう……
ふう……
男は圧迫感と拘束の痛みから解放され、のそりと立ち上がる。
男は圧迫感と拘束の痛みから解放され、のそりと立ち上がる。
犯人
犯人
とんでもないお嬢ちゃんだ……
とんでもないお嬢ちゃんだ……
キズナ
キズナ
もう悪さは
もう悪さは
犯人の男は、大きな腕を伸ばすと、キズナの背後から動きを封じた。
犯人の男は、大きな腕を伸ばすと、キズナの背後から動きを封じた。
そしてナイフを取り出し首元に近づけた。
そしてナイフを取り出し首元に近づけた。
犯人
犯人
動くな！　動くとこの子供の命はねーぞ！
動くな！　動くとこの子供の命はねーぞ！
秀隆
秀隆
お、おいっ！
お、おいっ！
犯人
犯人
動くなっつったろうが！　捕まってたまるかよ！
動くなっつったろうが！　捕まってたまるかよ！
キズナ
キズナ
…………
…………
犯人
犯人
悪く思うなよ。逃げ切ったら無事に帰してやるから、大人しくしとけっ
悪く思うなよ。逃げ切ったら無事に帰してやるから、大人しくしとけっ
キズナ
キズナ
約束、破られました
約束、破られました
犯人
犯人
あぁっ？
あぁっ？
キズナ
キズナ
罪を償うんじゃなかったんですか？
罪を償うんじゃなかったんですか？
犯人
犯人
これが俺なりの償いよっ
これが俺なりの償いよっ
キズナ
キズナ
そうですか……ならもういいです
そうですか……ならもういいです
犯人
犯人
あ？　なにがもういいって
あ？　なにがもういいって
犯人
犯人
え―――？
え―――？
キズナの肘が、男のみぞおちに突き刺さった。
キズナの肘が、男のみぞおちに突き刺さった。
怯んだ瞬間、腕を掴まれ、持っていたナイフを叩き落とされる。
怯んだ瞬間、腕を掴まれ、持っていたナイフを叩き落とされる。
そして……。
そして……。
またも、男は地面へと叩きつけられた。
またも、男は地面へと叩きつけられた。
犯人
犯人
なぁっ！？
なぁっ！？
秀隆
秀隆
嘘だろ……
嘘だろ……
目の前で見ていたオレ自身、正直はっきりとは分からない。
目の前で見ていたオレ自身、正直はっきりとは分からない。
ただ、このキズナって子は……並の女の子じゃないってことだ。
ただ、このキズナって子は……並の女の子じゃないってことだ。
キズナ
キズナ
もう容赦しません
もう容赦しません
ゾクリとするような冷めた目で、男を睨み付ける。
ゾクリとするような冷めた目で、男を睨み付ける。
犯人
犯人
ど、どけ！　ぶっ殺すぞ！
ど、どけ！　ぶっ殺すぞ！
キズナ
キズナ
それ以上抵抗や暴言を続けるようであれば、
それ以上抵抗や暴言を続けるようであれば、
私にも考えがあります。それでもいいですか？
私にも考えがあります。それでもいいですか？
そう言い、キズナは男の手首をぐっと押さえた。
そう言い、キズナは男の手首をぐっと押さえた。
やろうと思えば、腕を折ることもできる……
やろうと思えば、腕を折ることもできる……
そんな風に言っているように感じられたのだ。
そんな風に言っているように感じられたのだ。
犯人
犯人
な、なんなんだおまえはっ！？
な、なんなんだおまえはっ！？
大の男が、小さな少女の威圧感に恐怖を覚えていた。
大の男が、小さな少女の威圧感に恐怖を覚えていた。
キズナ
キズナ
私は
私は
秀隆
秀隆
ごくっ……
ごくっ……
キズナ
キズナ
私は……
私は……
キズナ
キズナ
普通の可愛い女の子ですっ
普通の可愛い女の子ですっ
秀隆
秀隆
いやいや……！
いやいや……！
ちょっと遠巻きに、ツッコミを入れておいた。
ちょっと遠巻きに、ツッコミを入れておいた。
秋
秋
キズナ、凄い……
キズナ、凄い……
途中で駆けつけてきた秋たちは、キズナに賞賛の眼差しを送っていた。
途中で駆けつけてきた秋たちは、キズナに賞賛の眼差しを送っていた。
愛佳
愛佳
凄く強いんだ！
凄く強いんだ！
キズナ
キズナ
いえ、そんな自慢するようなことではありませんです
いえ、そんな自慢するようなことではありませんです
秀隆
秀隆
だとしても危ないだろ。相手はナイフ持ってたんだぞ
だとしても危ないだろ。相手はナイフ持ってたんだぞ
愛佳
愛佳
まぁいいじゃない。無事だったんだし
まぁいいじゃない。無事だったんだし
秀隆
秀隆
無事だったからって、それで済ませていいのか？
無事だったからって、それで済ませていいのか？
万が一のことがあってからじゃ遅いだろ
万が一のことがあってからじゃ遅いだろ
愛佳
愛佳
それはまぁ……そうだけど
それはまぁ……そうだけど
キズナ
キズナ
すみません。何となく身体が動くなぁと、思いまして
すみません。何となく身体が動くなぁと、思いまして
キズナ
キズナ
もしかしたら、私はこう言うことに慣れていたのかも？
もしかしたら、私はこう言うことに慣れていたのかも？
秀隆
秀隆
だとしてもだなぁ……
だとしてもだなぁ……
女の子が、大の大人に歯向かっていくのを容認できるはずがない。
女の子が、大の大人に歯向かっていくのを容認できるはずがない。
警官
警官
すみません。ちょっとお話を窺ってもよろしいですか
すみません。ちょっとお話を窺ってもよろしいですか
キズナ
キズナ
あ。はいっ
あ。はいっ
どうやら、犯人を捕まえた経緯を聞きたいらしい。
どうやら、犯人を捕まえた経緯を聞きたいらしい。
秋と愛佳もキズナについて警官と話を始めた。
秋と愛佳もキズナについて警官と話を始めた。
秀隆
秀隆
まさか、キズナがあんなに強いなんてな……
まさか、キズナがあんなに強いなんてな……
秀隆
秀隆
とても男をねじ伏せる力があるとは思えないんだが
とても男をねじ伏せる力があるとは思えないんだが
裕輔
裕輔
単純な筋力は、それほど高くはなさそうだったが
単純な筋力は、それほど高くはなさそうだったが
裕輔
裕輔
見ていた限り、相当訓練を積んでいるように見える
見ていた限り、相当訓練を積んでいるように見える
秀隆
秀隆
訓練？
訓練？
裕輔
裕輔
空手や柔道、そう言う武術の経験と言うことだ
空手や柔道、そう言う武術の経験と言うことだ
秀隆
秀隆
柔よく剛を制す、みたいな？
柔よく剛を制す、みたいな？
裕輔
裕輔
恐らくな
恐らくな
秀隆
秀隆
そうか……
そうか……
裕輔
裕輔
妹なのに、何も知らないんだな
妹なのに、何も知らないんだな
秀隆
秀隆
長い間離れ離れだったからな
長い間離れ離れだったからな
裕輔
裕輔
正直、俺が相手をしても勝てる保障は無い
正直、俺が相手をしても勝てる保障は無い
秀隆
秀隆
……そんなにか？
……そんなにか？
裕輔
裕輔
技を決められれば、さっきの犯人のように身動きが取れなくなるだろう
技を決められれば、さっきの犯人のように身動きが取れなくなるだろう
今までそれほど気に止めてこなかったが、
今までそれほど気に止めてこなかったが、
キズナの過去は、一体どんなものだったのだろうか。
キズナの過去は、一体どんなものだったのだろうか。
けして戻ることのない記憶。
けして戻ることのない記憶。
それは、自分の軌跡を生涯取り戻すことができないということ。
それは、自分の軌跡を生涯取り戻すことができないということ。
自分がどうして強いのかを知ることすら絶対に出来ない。
自分がどうして強いのかを知ることすら絶対に出来ない。
そのことは、思ったよりもずっとずっと、重いことなのかもしれない。
そのことは、思ったよりもずっとずっと、重いことなのかもしれない。
愛佳
愛佳
それじゃあ、またね。秋ちゃん、キズナ
それじゃあ、またね。秋ちゃん、キズナ
キズナ
キズナ
はいっ
はいっ
消灯時刻が近づき、オレたちは最初に会った場所で解散をした。
消灯時刻が近づき、オレたちは最初に会った場所で解散をした。
秀隆
秀隆
疲れた……
疲れた……
キズナ
キズナ
楽しかったです。あっきーも楽しかったですか？
楽しかったです。あっきーも楽しかったですか？
秋
秋
うん
うん
キズナ
キズナ
ひーくんはお疲れみたいですね
ひーくんはお疲れみたいですね
秀隆
秀隆
疲れたが、おまえが楽しかったならそれでいいさ
疲れたが、おまえが楽しかったならそれでいいさ
キズナ
キズナ
さすが、一家の大黒柱は言うことが違いますねっ
さすが、一家の大黒柱は言うことが違いますねっ
秀隆
秀隆
にしてもキズナ、おまえって何者なんだろうな？
にしてもキズナ、おまえって何者なんだろうな？
キズナ
キズナ
ひょっとすると、某国の女スパイだったのかもっ
ひょっとすると、某国の女スパイだったのかもっ
秀隆
秀隆
……と言うようなことはないだろうな
……と言うようなことはないだろうな
キズナ
キズナ
がっくり
がっくり
秋
秋
でも、あまり無茶はしない方がいいよ
でも、あまり無茶はしない方がいいよ
キズナ
キズナ
そうですね。ご心配、ご迷惑おかけしました
そうですね。ご心配、ご迷惑おかけしました
ぺこりと頭を下げる。
ぺこりと頭を下げる。
素直で良い子だ。
素直で良い子だ。
…………。
…………。
……。
……。
深夜、日付が変わろうかと言う頃、オレはリビングで本を開いていた。
深夜、日付が変わろうかと言う頃、オレはリビングで本を開いていた。
秀隆
秀隆
…………
…………
アクセラ
アクセラ
何をなさっているのですか？
何をなさっているのですか？
リビングでの物音を聞いてか、アクセラが部屋から出てきた。
リビングでの物音を聞いてか、アクセラが部屋から出てきた。
秀隆
秀隆
悪い、うるさかったか？
悪い、うるさかったか？
アクセラ
アクセラ
いえ、そう言うわけでは。それは？
いえ、そう言うわけでは。それは？
秀隆
秀隆
同僚に借りたんだ。専門学生の頃の教科書
同僚に借りたんだ。専門学生の頃の教科書
アクセラ
アクセラ
特務官になられてから、
特務官になられてから、
よく夜遅くまで起きられていると思っていましたが、そう言うことでしたか
よく夜遅くまで起きられていると思っていましたが、そう言うことでしたか
秀隆
秀隆
これくらいのことしないと、とてもついていけそうにないからな
これくらいのことしないと、とてもついていけそうにないからな
秀隆
秀隆
それに、多分これくらいのことは他の特務官もやってる
それに、多分これくらいのことは他の特務官もやってる
アクセラ
アクセラ
ですが、偉いと思います
ですが、偉いと思います
秀隆
秀隆
ありがとよ。つか、最近はおまえに沢山迷惑かけてるよな
ありがとよ。つか、最近はおまえに沢山迷惑かけてるよな
アクセラ
アクセラ
迷惑ですか？
迷惑ですか？
秀隆
秀隆
ああ。凄く感謝してるよ
ああ。凄く感謝してるよ
アクセラ
アクセラ
……まさか、熱が！？
……まさか、熱が！？
秀隆
秀隆
何でだよ……
何でだよ……
アクセラ
アクセラ
秀隆様が私をお褒めになるなんて、普通では考えられません
秀隆様が私をお褒めになるなんて、普通では考えられません
アクセラ
アクセラ
なにか後ろめたいことでもありましたか？
なにか後ろめたいことでもありましたか？
アクセラ
アクセラ
それとも何か犯罪をしてしまったのですか？
それとも何か犯罪をしてしまったのですか？
隠蔽工作を手伝えと言うなら、今すぐ準備してまいりますが
隠蔽工作を手伝えと言うなら、今すぐ準備してまいりますが
秀隆
秀隆
物騒だな！　オレが真面目に褒めちゃいけないのか？
物騒だな！　オレが真面目に褒めちゃいけないのか？
アクセラ
アクセラ
いけないと言いますか、胡散臭いと言いますか
いけないと言いますか、胡散臭いと言いますか
秀隆
秀隆
どこまでオレの評価が低いんだよ……
どこまでオレの評価が低いんだよ……
秀隆
秀隆
オレは純粋に感謝したくなっただけなんだよ
オレは純粋に感謝したくなっただけなんだよ
秀隆
秀隆
キズナが同居人になって、おまえの負担も増えたしな
キズナが同居人になって、おまえの負担も増えたしな
アクセラ
アクセラ
やはり熱が……
やはり熱が……
秀隆
秀隆
なら２度と言わないぞ……
なら２度と言わないぞ……
アクセラ
アクセラ
冗談です。嘘です。褒めてください
冗談です。嘘です。褒めてください
秀隆
秀隆
なんだそりゃ……
なんだそりゃ……
こいつは淡々と物事をこなすが、
こいつは淡々と物事をこなすが、
こうして思いがけないほど人間臭いことも言う。
こうして思いがけないほど人間臭いことも言う。
沢山見てきたアンドロイドとは、どうも違うんだよな。
沢山見てきたアンドロイドとは、どうも違うんだよな。
そう、あのユウキと接している時のような。
そう、あのユウキと接している時のような。
思わず人間として扱ってしまいそうになるほど。
思わず人間として扱ってしまいそうになるほど。
アクセラ
アクセラ
たまには褒められるのも悪くありませんね
たまには褒められるのも悪くありませんね
秀隆
秀隆
だろ？
だろ？
アクセラ
アクセラ
コーヒー空になっております。淹れましょうか？
コーヒー空になっております。淹れましょうか？
秀隆
秀隆
あ、ああ
あ、ああ
アクセラはカップを持って台所へ。
アクセラはカップを持って台所へ。
秀隆
秀隆
何なんだろうな、アンドロイドって……
何なんだろうな、アンドロイドって……
アクセラは間違いなく人間じゃない。
アクセラは間違いなく人間じゃない。
だが、どうしても人間に見えてしまう。
だが、どうしても人間に見えてしまう。
どうしてアンドロイドは人間の形をそっくりそのまま真似したんだろう。
どうしてアンドロイドは人間の形をそっくりそのまま真似したんだろう。
そんなことを、倉屋敷社長に聞いてみたくなった。
そんなことを、倉屋敷社長に聞いてみたくなった。
秀隆
秀隆
質問しても、怒られるだけ、だろうけどな……
質問しても、怒られるだけ、だろうけどな……
…………。
…………。
……。
……。
