秀隆
秀隆
……臭っ！
……臭っ！
オレは、再び凶悪な臭いを嗅ぎ、目を覚ました。
オレは、再び凶悪な臭いを嗅ぎ、目を覚ました。
秀隆
秀隆
ッて言うか目が痛い、痛いっ！
ッて言うか目が痛い、痛いっ！
秀隆
秀隆
どういうつもりだ秋！
どういうつもりだ秋！
秋
秋
おはようございます兄さん。でも、何がですか？
おはようございます兄さん。でも、何がですか？
秀隆
秀隆
料理はアクセラやキズナを参考にするって約束だろ！
料理はアクセラやキズナを参考にするって約束だろ！
秋
秋
はい。もちろん参考にしました
はい。もちろん参考にしました
秀隆
秀隆
え……
え……
アクセラ
アクセラ
材料や分量は基本的に問題ないのですが……
材料や分量は基本的に問題ないのですが……
キズナ
キズナ
明らかに料理の腕が足りませんねっ……
明らかに料理の腕が足りませんねっ……
鼻を抑え言った。
鼻を抑え言った。
秋
秋
愛情があれば大丈夫。そうですよね、兄さんっ
愛情があれば大丈夫。そうですよね、兄さんっ
秀隆
秀隆
お、おう……
お、おう……
そんな満面の笑みで仰られると……文句も引っ込みますよ。
そんな満面の笑みで仰られると……文句も引っ込みますよ。
アクセラ
アクセラ
秋様、手が止まっておられます。
秋様、手が止まっておられます。
既にトウモロコシは２分以上も調理時間をオーバーしていますよ
既にトウモロコシは２分以上も調理時間をオーバーしていますよ
秋
秋
そうかな？　まだ煮込んだ方がいいと思うんだけど……
そうかな？　まだ煮込んだ方がいいと思うんだけど……
アクセラ
アクセラ
それは煮込むとは名ばかりで、焦がしています
それは煮込むとは名ばかりで、焦がしています
秀隆
秀隆
冷静に観察してないで止めろよ！
冷静に観察してないで止めろよ！
アクセラ
アクセラ
手出しは無用といわれておりますので
手出しは無用といわれておりますので
秋
秋
次はどうすればいいの？
次はどうすればいいの？
アクセラ
アクセラ
では、そろそろ火を止めましょう
では、そろそろ火を止めましょう
秀隆
秀隆
また、あの黒い物体を食べなきゃならないのか……
また、あの黒い物体を食べなきゃならないのか……
キズナ
キズナ
愛情がたっぷり込められてますよっ
愛情がたっぷり込められてますよっ
秀隆
秀隆
じゃあキズナも付き合ってくれるよな？
じゃあキズナも付き合ってくれるよな？
キズナ
キズナ
あはは
あはは
秀隆
秀隆
……付き合ってくれるよな？
……付き合ってくれるよな？
秀隆
秀隆
オレたちは家族だよな？
オレたちは家族だよな？
キズナ
キズナ
うわあ、家族を持ち出されてしまいました……
うわあ、家族を持ち出されてしまいました……
キズナ
キズナ
分かりました。死なば諸共、お供させていただきますっ
分かりました。死なば諸共、お供させていただきますっ
秋
秋
お待たせしました。特製トウモロコシスープです
お待たせしました。特製トウモロコシスープです
ゴトリ。
ゴトリ。
白い皿に、黒い液状のスープが運ばれてきた。
白い皿に、黒い液状のスープが運ばれてきた。
秀隆
秀隆
はっはっは。実に美味しそうだ。なあキズナ
はっはっは。実に美味しそうだ。なあキズナ
キズナ
キズナ
そうですねっ。脳までとろけそうな匂いがぷんぷんしますっ
そうですねっ。脳までとろけそうな匂いがぷんぷんしますっ
秀隆
秀隆
まさか、立て続けに秋の料理を食べることになるとは
まさか、立て続けに秋の料理を食べることになるとは
秋
秋
何か問題がありますか？　兄さん
何か問題がありますか？　兄さん
秀隆
秀隆
なにひとつ問題はありません
なにひとつ問題はありません
秋
秋
じゃあ早速食べてください
じゃあ早速食べてください
秀隆
秀隆
つかぬことを聞くが、どうしてお前の料理は美味しそうなんだ？
つかぬことを聞くが、どうしてお前の料理は美味しそうなんだ？
秋の方には、黄色い美味しそうなスープが。
秋の方には、黄色い美味しそうなスープが。
アクセラ
アクセラ
こちらは私が秋様のために作らせて頂きました
こちらは私が秋様のために作らせて頂きました
秀隆
秀隆
なんで一緒のじゃないんだよ
なんで一緒のじゃないんだよ
アクセラ
アクセラ
もちろん、当初はそのつもりで、
もちろん、当初はそのつもりで、
秋様には３人分の食材をお渡ししていたのですが……
秋様には３人分の食材をお渡ししていたのですが……
秀隆
秀隆
が？
が？
アクセラ
アクセラ
調理の最中に、１名分蒸発してしまったようですね
調理の最中に、１名分蒸発してしまったようですね
秀隆
秀隆
蒸発て……
蒸発て……
秋
秋
大丈夫です。今回は味に自信がありますから
大丈夫です。今回は味に自信がありますから
秀隆
秀隆
本当かよ……
本当かよ……
明らかに墨を液状にしたものにしか見えない。
明らかに墨を液状にしたものにしか見えない。
秋
秋
私を信じてください
私を信じてください
秀隆
秀隆
……よしキズナ、行けっ
……よしキズナ、行けっ
キズナ
キズナ
頂きます！
頂きます！
ばっとスプーンを持つと、切り込み隊長のキズナがスープを口に運んだ。
ばっとスプーンを持つと、切り込み隊長のキズナがスープを口に運んだ。
キズナ
キズナ
……
……
これはっ……！
これはっ……！
秀隆
秀隆
ど、どうだ？
ど、どうだ？
キズナ
キズナ
……ぽっくり……
……ぽっくり……
ぽろりとスプーンを落とし、キズナはその場に崩れ落ちた。
ぽろりとスプーンを落とし、キズナはその場に崩れ落ちた。
秀隆
秀隆
き、キズナ……キズナーーーーーーーっ！！！
き、キズナ……キズナーーーーーーーっ！！！
秋
秋
料理で遊ばないでキズナ
料理で遊ばないでキズナ
秀隆
秀隆
バカ野郎！　キズナは、キズナはなぁっ！
バカ野郎！　キズナは、キズナはなぁっ！
秀隆
秀隆
今、後を追うぞ、キズナあああっ！
今、後を追うぞ、キズナあああっ！
オレもスープを口に運んだ。
オレもスープを口に運んだ。
ラスター用パターン
ラスター用パターン
口の中に広がる、焦げた墨の味。
口の中に広がる、焦げた墨の味。
ああ、この味だよ。
ああ、この味だよ。
懐かしい……。
懐かしい……。
秀隆
秀隆
ぽっくり
ぽっくり
…………。
…………。
秀隆
秀隆
…………
…………
まどか
まどか
島津くん
島津くん
秀隆
秀隆
…………
…………
まどか
まどか
島津くん？
島津くん？
秀隆
秀隆
え？　あ、な、なんだ？
え？　あ、な、なんだ？
まどか
まどか
なんだって……さっきから微動だにしないから。どうしたのかと思って
なんだって……さっきから微動だにしないから。どうしたのかと思って
秀隆
秀隆
いや……ちょっと体調が悪くてな
いや……ちょっと体調が悪くてな
まどか
まどか
大丈夫？
大丈夫？
秀隆
秀隆
心配ない多分な……
心配ない多分な……
何とか通常業務を終え、オレは帰宅することにする。
何とか通常業務を終え、オレは帰宅することにする。
秋
秋
お疲れ様です、兄さん
お疲れ様です、兄さん
秀隆
秀隆
今日も待ってたのか……連絡くれればよかったのに
今日も待ってたのか……連絡くれればよかったのに
秋
秋
だって、お仕事の邪魔はしたくないですから
だって、お仕事の邪魔はしたくないですから
秀隆
秀隆
でも２時間以上も待たせたんだぞ？
でも２時間以上も待たせたんだぞ？
秋
秋
２時間？　そんなに経ってたんですね……
２時間？　そんなに経ってたんですね……
秋
秋
兄さんのこと考えてたから、全然気づきませんでした
兄さんのこと考えてたから、全然気づきませんでした
秀隆
秀隆
…………
…………
秋
秋
帰りましょう。兄さん
帰りましょう。兄さん
消灯時刻の過ぎた帰り道。
消灯時刻の過ぎた帰り道。
オレと秋は手を繋ぎながら帰っていた。
オレと秋は手を繋ぎながら帰っていた。
秋
秋
私、起きてから寝る前まで、ずっと兄さんのことばっかり考えてしまうんです
私、起きてから寝る前まで、ずっと兄さんのことばっかり考えてしまうんです
秋
秋
多分、空白の５年間を埋めたいって、心が言ってるからだと思うんです
多分、空白の５年間を埋めたいって、心が言ってるからだと思うんです
秋
秋
兄さんも私のこと、考えてくれてますか？
兄さんも私のこと、考えてくれてますか？
秀隆
秀隆
ああ。誰よりも考えてるよ
ああ。誰よりも考えてるよ
秋
秋
……嬉しい……
……嬉しい……
手を握る力が強くなる。
手を握る力が強くなる。
秀隆
秀隆
……秋
……秋
オレも秋の手を握り返す。
オレも秋の手を握り返す。
この手を離したくない。
この手を離したくない。
いつまでもいつまでも……。
いつまでもいつまでも……。
秋
秋
あ……
あ……
秀隆
秀隆
どうした？
どうした？
秋
秋
兄さんは、制服は好きですか？
兄さんは、制服は好きですか？
秀隆
秀隆
制服って、その制服か？
制服って、その制服か？
秋
秋
はい
はい
秀隆
秀隆
まぁ、もちろん好きだけど……
まぁ、もちろん好きだけど……
秋
秋
家に帰ったら、着替えなきゃいけません。
家に帰ったら、着替えなきゃいけません。
だから、制服でエッチとか、出来ないと思うんです
だから、制服でエッチとか、出来ないと思うんです
秀隆
秀隆
え、エッチって……
え、エッチって……
秋
秋
兄さん……私に遠慮していますよね……
兄さん……私に遠慮していますよね……
秀隆
秀隆
別にそんなつもりは……
別にそんなつもりは……
秋
秋
絶対、遠慮しています。体のことを気遣ってます
絶対、遠慮しています。体のことを気遣ってます
秀隆
秀隆
……気も遣うさ。身体には、凄い負担がかかるんだ
……気も遣うさ。身体には、凄い負担がかかるんだ
秋
秋
……兄さんと、エッチなことがしたいです……
……兄さんと、エッチなことがしたいです……
秀隆
秀隆
無理する必要ないんじゃないか？
無理する必要ないんじゃないか？
エッチしてからそれほど経ってないわけだし
エッチしてからそれほど経ってないわけだし
秋
秋
したいんです
したいんです
強い意志の込められた視線だった。
強い意志の込められた視線だった。
秋は自分の身体のことを誰よりも理解している。
秋は自分の身体のことを誰よりも理解している。
未来よりも、今を取ろうとしている。
未来よりも、今を取ろうとしている。
オレ自身はその考えに否定的だが、拒絶することは出来ない。
オレ自身はその考えに否定的だが、拒絶することは出来ない。
秋は今、オレと言う存在に生きる意味を見出している。
秋は今、オレと言う存在に生きる意味を見出している。
秀隆
秀隆
じゃあ、ひとつだけ約束してくれ
じゃあ、ひとつだけ約束してくれ
秀隆
秀隆
辛くなったら必ず申告するんだ。いいな？
辛くなったら必ず申告するんだ。いいな？
秋
秋
…………
…………
秋は小さく頷いた。
秋は小さく頷いた。
秀隆
秀隆
……秋……
……秋……
オレは、そっと秋を後ろから抱きしめた。
オレは、そっと秋を後ろから抱きしめた。
秀隆
秀隆
じゃあ……今、ここでしてもいいか？
じゃあ……今、ここでしてもいいか？
秋
秋
はい……
はい……
最終章・島津兄妹９』秋H
最終章・島津兄妹９』秋H
秀隆
秀隆
さて……家の前についたわけだが
さて……家の前についたわけだが
秋
秋
あの、私降りた方がいいですか？
あの、私降りた方がいいですか？
秀隆
秀隆
いや。それは別に問題じゃない。ただ……
いや。それは別に問題じゃない。ただ……
オレたちは発情しあった後で、間違いなく凄いいやらしい匂いを
オレたちは発情しあった後で、間違いなく凄いいやらしい匂いを
発している。
発している。
この状態で帰宅すれば、何を言われるか。
この状態で帰宅すれば、何を言われるか。
秀隆
秀隆
悩んだって、帰るしかないんだけどな
悩んだって、帰るしかないんだけどな
秋
秋
私は気にしません
私は気にしません
ぎゅっと、オレを強く秋が抱きしめた。
ぎゅっと、オレを強く秋が抱きしめた。
秋
秋
むしろ自慢します。兄さんにいっぱいいっぱい、
むしろ自慢します。兄さんにいっぱいいっぱい、
愛してもらったって
愛してもらったって
秀隆
秀隆
それは嬉しいけど、ちょっと怖い自慢だな
それは嬉しいけど、ちょっと怖い自慢だな
秋
秋
どうしてですか？　アクセラは絶対に怒らないし、
どうしてですか？　アクセラは絶対に怒らないし、
喜んでくれます
喜んでくれます
秋
秋
キズナは、そう言うことを気にする子じゃないですし
キズナは、そう言うことを気にする子じゃないですし
秀隆
秀隆
それはそうなんだが……
それはそうなんだが……
秋
秋
何か兄さんにとって、不都合があるってことですか？
何か兄さんにとって、不都合があるってことですか？
秋
秋
私との関係を、あまり教えたくないような……
私との関係を、あまり教えたくないような……
秀隆
秀隆
いや、あの、そう言うのは一切ないので。
いや、あの、そう言うのは一切ないので。
低く暗く、怖いテンションでオレの耳元に囁かないでくれます？
低く暗く、怖いテンションでオレの耳元に囁かないでくれます？
秋
秋
兄さんが浮気したら……私、その子殺しちゃうかもしれません
兄さんが浮気したら……私、その子殺しちゃうかもしれません
秀隆
秀隆
だ、大丈夫だ。大丈夫だから、な？
だ、大丈夫だ。大丈夫だから、な？
秋
秋
……信じます
……信じます
秀隆
秀隆
はは……さ、仲良く帰りましょうね
はは……さ、仲良く帰りましょうね
家にたどり着くなり、オレはアクセラを呼ぶ。
家にたどり着くなり、オレはアクセラを呼ぶ。
アクセラ
アクセラ
お帰りなさいませ
お帰りなさいませ
秀隆
秀隆
今すぐ秋を連れて、お風呂場へ行け
今すぐ秋を連れて、お風呂場へ行け
秋
秋
……兄さんも一緒に入りますか？
……兄さんも一緒に入りますか？
秀隆
秀隆
オレは後で入るから
オレは後で入るから
秋
秋
はい……
はい……
残念がる秋を、ゆっくりと下に降ろす。
残念がる秋を、ゆっくりと下に降ろす。
秋は足をつくと、歩こうとして前のめりに倒れた。
秋は足をつくと、歩こうとして前のめりに倒れた。
アクセラ
アクセラ
危ないです
危ないです
さっとアクセラが秋に手を差し伸べ、抱きとめる。
さっとアクセラが秋に手を差し伸べ、抱きとめる。
秋
秋
ごめん。ちょっと、まだ足が震えてて……
ごめん。ちょっと、まだ足が震えてて……
アクセラ
アクセラ
これは……なるほど
これは……なるほど
全ての事態を把握したアクセラ。
全ての事態を把握したアクセラ。
アクセラ
アクセラ
秀隆様に鬼畜プレイを強要された、と言うことですね
秀隆様に鬼畜プレイを強要された、と言うことですね
秀隆
秀隆
別に強要していません
別に強要していません
アクセラ
アクセラ
果たしてそうでしょうか？
果たしてそうでしょうか？
と、それよりも……
と、それよりも……
秋
秋
ごめんアクセラ。お風呂場までお願い
ごめんアクセラ。お風呂場までお願い
アクセラ
アクセラ
しかし
しかし
秋
秋
いいから。ね？
いいから。ね？
アクセラ
アクセラ
畏まりました
畏まりました
秀隆
秀隆
じゃあ、オレは部屋で待ってるから
じゃあ、オレは部屋で待ってるから
アクセラ
アクセラ
それは構いませんが、かなり汗の臭いがなさいます
それは構いませんが、かなり汗の臭いがなさいます
秀隆
秀隆
う……やっぱり臭うか？
う……やっぱり臭うか？
アクセラ
アクセラ
キズナ様には、嗅がせたくない匂いですね
キズナ様には、嗅がせたくない匂いですね
秋
秋
私は別にいいけど……
私は別にいいけど……
全然良くない。
全然良くない。
アクセラ
アクセラ
ですが秋様。秀隆様の匂いも嗅がせてしまう、と言うことになりますよ？
ですが秋様。秀隆様の匂いも嗅がせてしまう、と言うことになりますよ？
秋
秋
それは嫌。兄さんの匂いは、全部私のだから
それは嫌。兄さんの匂いは、全部私のだから
アクセラ
アクセラ
でしょう？
でしょう？
秋
秋
うん……
うん……
さすがアクセラ、秋の扱い方を十分心得ているようだ。
さすがアクセラ、秋の扱い方を十分心得ているようだ。
二人が風呂場に消えたので、オレも靴を脱いで入る。
二人が風呂場に消えたので、オレも靴を脱いで入る。
キズナ
キズナ
私に嗅がせたくない匂いってなんですか？
私に嗅がせたくない匂いってなんですか？
秀隆
秀隆
き、キズナ
き、キズナ
キズナ
キズナ
お帰りなさいです。玄関が騒がしかったので
お帰りなさいです。玄関が騒がしかったので
秀隆
秀隆
そうか。ほら、ささっとリビングに戻るんだ
そうか。ほら、ささっとリビングに戻るんだ
キズナ
キズナ
ですが……ちょっと気になりますね
ですが……ちょっと気になりますね
そういい、キズナはオレに近づくと臭いを嗅いだ。
そういい、キズナはオレに近づくと臭いを嗅いだ。
キズナ
キズナ
おお……これはひーくんとあっきーの匂いが混ざり合ってますね
おお……これはひーくんとあっきーの匂いが混ざり合ってますね
秀隆
秀隆
おまえ、匂いってより状況で判断してるだろ……
おまえ、匂いってより状況で判断してるだろ……
キズナ
キズナ
あはは、バレちゃいましたか。これぞ、男女の香りですね
あはは、バレちゃいましたか。これぞ、男女の香りですね
秀隆
秀隆
嗅ぐなって
嗅ぐなって
秀隆
秀隆
ふー……
ふー……
オレはお風呂からあがり、さっぱりした状態で部屋に戻ってきた。
オレはお風呂からあがり、さっぱりした状態で部屋に戻ってきた。
秀隆
秀隆
もしかして、今日も秋が部屋に来たりするのか？
もしかして、今日も秋が部屋に来たりするのか？
なら、また忙しくなるが……。
なら、また忙しくなるが……。
正直もうエッチなことは辞めておいた方が良いかもしれない。
正直もうエッチなことは辞めておいた方が良いかもしれない。
あいつは嫌でも求めてくるかもしれないが、
あいつは嫌でも求めてくるかもしれないが、
正直身体への負担は計り知れないものがある。
正直身体への負担は計り知れないものがある。
お互いに気持ちや感情を共有しあうには、十分なほど愛し合ったはずだ。
お互いに気持ちや感情を共有しあうには、十分なほど愛し合ったはずだ。
それに、激しくない範囲で出来ることだって沢山ある。
それに、激しくない範囲で出来ることだって沢山ある。
秀隆
秀隆
そろそろ潮時だろう……
そろそろ潮時だろう……
秋には、長く生きてもらわなければならない。
秋には、長く生きてもらわなければならない。
オレの妹として、彼女として、傍に居てもらいたい。
オレの妹として、彼女として、傍に居てもらいたい。
アクセラ
アクセラ
秀隆様
秀隆様
秀隆
秀隆
アクセラか。開いてるぞ
アクセラか。開いてるぞ
アクセラ
アクセラ
失礼します
失礼します
秀隆
秀隆
どうした？
どうした？
アクセラ
アクセラ
秋様が、熱を出されました
秋様が、熱を出されました
秀隆
秀隆
……そうか。体力を使った後、風呂に入ったのがいけなかったか？
……そうか。体力を使った後、風呂に入ったのがいけなかったか？
アクセラ
アクセラ
いえ、その前の段階から体調はよくなかったようです
いえ、その前の段階から体調はよくなかったようです
秀隆
秀隆
帰ってきたときには、既にか
帰ってきたときには、既にか
アクセラ
アクセラ
はい。秀隆様の体温も上昇していたので、
はい。秀隆様の体温も上昇していたので、
気づかなかったのでしょう
気づかなかったのでしょう
秀隆
秀隆
ちょっと行って来る
ちょっと行って来る
秀隆
秀隆
秋。入るぞ
秋。入るぞ
秋
秋
あ……兄さん……
あ……兄さん……
秀隆
秀隆
やっぱり、エッチの負担は大きいみたいだな
やっぱり、エッチの負担は大きいみたいだな
秋
秋
違います。その、お風呂に入ったから……
違います。その、お風呂に入ったから……
秀隆
秀隆
アクセラが言ってたぞ。
アクセラが言ってたぞ。
帰ってきたときには様子がおかしかったって
帰ってきたときには様子がおかしかったって
秋
秋
もう……口止めして置けばよかった
もう……口止めして置けばよかった
秀隆
秀隆
なに言ってんだ。体調管理はしっかりしなきゃダメだろ
なに言ってんだ。体調管理はしっかりしなきゃダメだろ
秀隆
秀隆
やっぱり、エッチの直後……あるいは最中からか？
やっぱり、エッチの直後……あるいは最中からか？
秋は首を横に振る。
秋は首を横に振る。
秋
秋
最近、ちょっと……無茶しすぎたからかもしれません
最近、ちょっと……無茶しすぎたからかもしれません
秀隆
秀隆
あくまでもエッチを原因だと認めたくないのか
あくまでもエッチを原因だと認めたくないのか
秋
秋
だって……
だって……
秀隆
秀隆
オレは、お前を苦しめたくないんだ
オレは、お前を苦しめたくないんだ
秋
秋
……嫌です
……嫌です
秀隆
秀隆
なにが
なにが
秋
秋
兄さんと、エッチなこと出来なくなるの、嫌です……
兄さんと、エッチなこと出来なくなるの、嫌です……
秀隆
秀隆
あのな。これ以上続けてると、本当に取り返しの付かないことに
あのな。これ以上続けてると、本当に取り返しの付かないことに
秋
秋
例えそうなるとしても……
例えそうなるとしても……
秋
秋
私は最期の瞬間まで、兄さんと、兄さんの愛を感じたいんです
私は最期の瞬間まで、兄さんと、兄さんの愛を感じたいんです
秀隆
秀隆
……秋……
……秋……
秋
秋
私は５年間、兄さんの愛情を感じてこなかった。
私は５年間、兄さんの愛情を感じてこなかった。
ずっと、その愛情を、気づかないで捨ててしまってた……
ずっと、その愛情を、気づかないで捨ててしまってた……
秋
秋
それを取り戻したいんです
それを取り戻したいんです
秀隆
秀隆
その気持ちは分かった。
その気持ちは分かった。
でも、それはエッチなことが全てじゃない
でも、それはエッチなことが全てじゃない
オレは秋の手を握る。
オレは秋の手を握る。
秀隆
秀隆
こうやってお前の手を握れば、ちゃんと感じられる
こうやってお前の手を握れば、ちゃんと感じられる
秀隆
秀隆
オレは、秋にだって伝わってると思ってる。違うか？
オレは、秋にだって伝わってると思ってる。違うか？
秋
秋
……兄さんの、感じます……
……兄さんの、感じます……
秀隆
秀隆
だろ？
だろ？
秀隆
秀隆
それに、秋の身体はたっぷり愛させてもらった。
それに、秋の身体はたっぷり愛させてもらった。
当分エッチをお預けされても、我慢できるさ
当分エッチをお預けされても、我慢できるさ
秋
秋
他の人でエッチなことしませんか？
他の人でエッチなことしませんか？
秀隆
秀隆
するわけないだろ
するわけないだろ
秋
秋
一人でするのも禁止、ですよ？
一人でするのも禁止、ですよ？
秀隆
秀隆
それは無茶だ
それは無茶だ
秋
秋
じゃあダメです
じゃあダメです
秀隆
秀隆
わ、わかった。じゃあ秋をおかずにしよう
わ、わかった。じゃあ秋をおかずにしよう
秋
秋
そうしてください。必要なら、その、色々提供しますし
そうしてください。必要なら、その、色々提供しますし
秀隆
秀隆
て、提供？
て、提供？
秋
秋
写真とか……動画とか……
写真とか……動画とか……
秀隆
秀隆
ほ、ほう……
ほ、ほう……
それはいいかもしれない。
それはいいかもしれない。
秋
秋
とにかく兄さんは私以外のもので欲情するのは禁止です
とにかく兄さんは私以外のもので欲情するのは禁止です
秀隆
秀隆
わかったよ。約束する
わかったよ。約束する
秋
秋
はい
はい
秀隆
秀隆
んじゃ、しっかりと体調を治す様に
んじゃ、しっかりと体調を治す様に
秀隆
秀隆
ゆっくり休めよ
ゆっくり休めよ
秋
秋
はい……
はい……
秀隆
秀隆
オレは部屋に戻るから。何かあったらアクセラに言え。
オレは部屋に戻るから。何かあったらアクセラに言え。
もちろん、オレを呼んでも良いけどな
もちろん、オレを呼んでも良いけどな
秋
秋
分かりました
分かりました
秀隆
秀隆
おやすみ、秋
おやすみ、秋
秋
秋
おやすみなさい兄さん……ちゅっ
おやすみなさい兄さん……ちゅっ
秋の唇に一度口付けし、オレは部屋を後にした。
秋の唇に一度口付けし、オレは部屋を後にした。
秀隆
秀隆
今後は、気をつけないとな……
今後は、気をつけないとな……
…………。
…………。
……。
……。
