秀隆
秀隆
失礼します
失礼します
オレは厳しい表情で、応接室に足を踏み入れた。
オレは厳しい表情で、応接室に足を踏み入れた。
龍也
龍也
やぁ島津くん。今日はどうしたのかな
やぁ島津くん。今日はどうしたのかな
秀隆
秀隆
…………
…………
龍也
龍也
随分と、怖い顔をしているね
随分と、怖い顔をしているね
秀隆
秀隆
オレがここに来た理由は、高坂特務官が一番ご存知なのでは？
オレがここに来た理由は、高坂特務官が一番ご存知なのでは？
龍也
龍也
とりあえず、座ってくれるかな
とりあえず、座ってくれるかな
秀隆
秀隆
オレは今怒っています。それも、とてつもなく
オレは今怒っています。それも、とてつもなく
龍也
龍也
理由はちゃんと聞くから。とりあえず座ろう
理由はちゃんと聞くから。とりあえず座ろう
秀隆
秀隆
……分かりました
……分かりました
確かに、立ったままだと、オレはいつ高坂特務官に飛び掛るとも知れない。
確かに、立ったままだと、オレはいつ高坂特務官に飛び掛るとも知れない。
落ち着くためにも椅子へと腰をおろした。
落ち着くためにも椅子へと腰をおろした。
龍也
龍也
君が今日ここに来たのは
君が今日ここに来たのは
秀隆
秀隆
キズナをどこにやったんですか
キズナをどこにやったんですか
龍也
龍也
……キズナ、と言うんだね、彼女の名前は
……キズナ、と言うんだね、彼女の名前は
高坂特務官は、オレの言葉を否定しなかった。
高坂特務官は、オレの言葉を否定しなかった。
今更驚きはしないが、高坂特務官は地上時代の生き残りを知っていた。
今更驚きはしないが、高坂特務官は地上時代の生き残りを知っていた。
そして、恐らくその情報源は、柳沢軍司の違法アンドロイド。
そして、恐らくその情報源は、柳沢軍司の違法アンドロイド。
秀隆
秀隆
キズナを返してください
キズナを返してください
龍也
龍也
それはできない相談だね
それはできない相談だね
秀隆
秀隆
こちらに従わない場合、法的措置を取ることにもなります
こちらに従わない場合、法的措置を取ることにもなります
龍也
龍也
法的措置？　一体僕が何をしたと言うんだい？
法的措置？　一体僕が何をしたと言うんだい？
秀隆
秀隆
無理やりキズナを誘拐して、何をした、ですか
無理やりキズナを誘拐して、何をした、ですか
龍也
龍也
君は誘拐と言うけれど、僕は理解できないよ。
君は誘拐と言うけれど、僕は理解できないよ。
そのキズナと言う子は、ホープタウンに戸籍があるのかい？
そのキズナと言う子は、ホープタウンに戸籍があるのかい？
そう来たか……。
そう来たか……。
龍也
龍也
誰が父親で、誰が母親なんだい？
誰が父親で、誰が母親なんだい？
兄弟は？　親戚は？　よければ教えてもらえないだろうか
兄弟は？　親戚は？　よければ教えてもらえないだろうか
秀隆
秀隆
ふざけないでください
ふざけないでください
麦蔵
麦蔵
ふざけてなんざいねぇよ
ふざけてなんざいねぇよ
秀隆
秀隆
っ！？
っ！？
奥から大河内代表が姿を見せる。
奥から大河内代表が姿を見せる。
麦蔵
麦蔵
地上時代の生き残りを隠蔽してきたホープタウンこそ、重罪だ
地上時代の生き残りを隠蔽してきたホープタウンこそ、重罪だ
秀隆
秀隆
なら、そちらの隠されている恭一さんはどうなんですか
なら、そちらの隠されている恭一さんはどうなんですか
秀隆
秀隆
こちらが重罪なら、そちらも同じ重罪でしょう
こちらが重罪なら、そちらも同じ重罪でしょう
もはや、オレには伏せていることは出来ない。
もはや、オレには伏せていることは出来ない。
こうなった以上、全てをぶつけるだけ。
こうなった以上、全てをぶつけるだけ。
麦蔵
麦蔵
ふん。やはりその情報も漏れてやがるか
ふん。やはりその情報も漏れてやがるか
しかし、こちらの情報を耳にしても、驚かない。
しかし、こちらの情報を耳にしても、驚かない。
まぁ、今までの経緯から考えれば、当然とも言えるが。
まぁ、今までの経緯から考えれば、当然とも言えるが。
秀隆
秀隆
彼女は地上時代の記憶を持っていない。
彼女は地上時代の記憶を持っていない。
恭一さんと同じと言うことです。なら、彼女に用はないはずだ
恭一さんと同じと言うことです。なら、彼女に用はないはずだ
龍也
龍也
それが本当かどうか、僕らにはまだ知りえていない話だ。
それが本当かどうか、僕らにはまだ知りえていない話だ。
記憶が無いのか否か、確かめる権利を保有していると思わないかい？
記憶が無いのか否か、確かめる権利を保有していると思わないかい？
秀隆
秀隆
仮にそうだとしても、横暴な行動を見過ごすことは出来ません
仮にそうだとしても、横暴な行動を見過ごすことは出来ません
秀隆
秀隆
キズナはどこですか
キズナはどこですか
麦蔵
麦蔵
強行突破してでも探し出すってツラだな
強行突破してでも探し出すってツラだな
秀隆
秀隆
必要とあらば、オレは何でもします
必要とあらば、オレは何でもします
麦蔵
麦蔵
その小娘は、おまえにとって大切な存在と言うことか
その小娘は、おまえにとって大切な存在と言うことか
秀隆
秀隆
……そうです
……そうです
麦蔵
麦蔵
おい
おい
大河内代表が声をかける。
大河内代表が声をかける。
オレは一瞬、キズナが出てくるのかと思ったが
オレは一瞬、キズナが出てくるのかと思ったが
恭一
恭一
…………
…………
奥から出てきたのは、恭一さんだった。
奥から出てきたのは、恭一さんだった。
秀隆
秀隆
どうしてキズナを攫うような真似、したんですか
どうしてキズナを攫うような真似、したんですか
思い返せば、恭一さんには不審な点が多い。
思い返せば、恭一さんには不審な点が多い。
ホープタウンの地理や場所、移動時間を計算していた。
ホープタウンの地理や場所、移動時間を計算していた。
何より、キズナを易々と捕縛できるとしたら、恭一さんくらいなものだ。
何より、キズナを易々と捕縛できるとしたら、恭一さんくらいなものだ。
恭一
恭一
攫うねぇ……
攫うねぇ……
恭一さんはオレの言葉に対し、興味なさそうに呟く。
恭一さんはオレの言葉に対し、興味なさそうに呟く。
それを黙って聞いていた高坂特務官は、
それを黙って聞いていた高坂特務官は、
大河内代表へと向く。
大河内代表へと向く。
龍也
龍也
やはり、ホープタウンが仕掛けた可能性は低そうです
やはり、ホープタウンが仕掛けた可能性は低そうです
麦蔵
麦蔵
最初から分かりきっていたことだ。回りくどい
最初から分かりきっていたことだ。回りくどい
龍也
龍也
ことは慎重を要します。決め付けは最も危ない行為ですよ
ことは慎重を要します。決め付けは最も危ない行為ですよ
秀隆
秀隆
何の話ですか……
何の話ですか……
龍也
龍也
すまない島津くん。本当のことを話そう
すまない島津くん。本当のことを話そう
秀隆
秀隆
本当のこと？
本当のこと？
龍也
龍也
僕たちドリームタウンは、確かにキズナちゃんのことを知っていた
僕たちドリームタウンは、確かにキズナちゃんのことを知っていた
龍也
龍也
だけど、その彼女を誘拐したのは僕らじゃないんだよ
だけど、その彼女を誘拐したのは僕らじゃないんだよ
秀隆
秀隆
嘘はよしてください。あなたたち以外に考えられる存在はいない
嘘はよしてください。あなたたち以外に考えられる存在はいない
秀隆
秀隆
キズナが誘拐された時、恭一さんを見ました
キズナが誘拐された時、恭一さんを見ました
そんな偶然、簡単にあるものじゃない。
そんな偶然、簡単にあるものじゃない。
恭一
恭一
…………
…………
秀隆
秀隆
大河内代表が差し向けたんじゃないんですか？　キズナを攫うために
大河内代表が差し向けたんじゃないんですか？　キズナを攫うために
龍也
龍也
そう考えるのも無理は無い。でも、真実はそうじゃない
そう考えるのも無理は無い。でも、真実はそうじゃない
龍也
龍也
僕たちは、むしろ誘拐を防ぐために動いていたんだ
僕たちは、むしろ誘拐を防ぐために動いていたんだ
秀隆
秀隆
防ぐために……？
防ぐために……？
秀隆
秀隆
……話が見えません
……話が見えません
龍也
龍也
ここにいる恭一くんは、確かに地上の生き残りだ。
ここにいる恭一くんは、確かに地上の生き残りだ。
キズナちゃんと同じ存在と言ってもいいだろう
キズナちゃんと同じ存在と言ってもいいだろう
龍也
龍也
キズナちゃんを誘拐したのは……柳沢と言う男だよ
キズナちゃんを誘拐したのは……柳沢と言う男だよ
秀隆
秀隆
柳沢……柳沢、軍司ですか
柳沢……柳沢、軍司ですか
龍也
龍也
そう。君が調べていた違法アンドロイドを手がける男さ
そう。君が調べていた違法アンドロイドを手がける男さ
秀隆
秀隆
何故彼が、キズナに手を出すんですか
何故彼が、キズナに手を出すんですか
あの人がやっていることは未知数だが、
あの人がやっていることは未知数だが、
何故、キズナにまで手を出す真似をしたのか。
何故、キズナにまで手を出す真似をしたのか。
麦蔵
麦蔵
やつは強欲な男だ。俺と同じで金と地位、権力に飢えている。
やつは強欲な男だ。俺と同じで金と地位、権力に飢えている。
だからこそ、地上と言うものに誰よりも憧れと野望を抱いているのさ
だからこそ、地上と言うものに誰よりも憧れと野望を抱いているのさ
麦蔵
麦蔵
キズナや恭一を調べれば、何かを得られるとふんだんだろう
キズナや恭一を調べれば、何かを得られるとふんだんだろう
麦蔵
麦蔵
恭一を向かわせたが一歩遅かったようだな
恭一を向かわせたが一歩遅かったようだな
大河内代表の言葉を信じるなら、
大河内代表の言葉を信じるなら、
あの時見かけたのは、ただ偵察していただけだったと。
あの時見かけたのは、ただ偵察していただけだったと。
秀隆
秀隆
あの時そのことを教えてくだされば、
あの時そのことを教えてくだされば、
こんな回りくどいことをしないで済んだんじゃ？
こんな回りくどいことをしないで済んだんじゃ？
龍也
龍也
今の話し合いで、その可能性がないと分かった、ってことさ
今の話し合いで、その可能性がないと分かった、ってことさ
秀隆
秀隆
…………
…………
ドリームタウンはドリームタウンで、
ドリームタウンはドリームタウンで、
柳沢に振り回されてるってことだろうか。
柳沢に振り回されてるってことだろうか。
龍也
龍也
それに、こちらにもこちらの事情があったんだ。
それに、こちらにもこちらの事情があったんだ。
僕らだって、キズナちゃん自身に強い興味はあった。
僕らだって、キズナちゃん自身に強い興味はあった。
言葉は悪いが、狙っていたと言うことだよ
言葉は悪いが、狙っていたと言うことだよ
秀隆
秀隆
寄って集って大人が少女の奪い合いですか
寄って集って大人が少女の奪い合いですか
麦蔵
麦蔵
ホープタウンもな。存在をひた隠しにして、情報を取っていただろうが
ホープタウンもな。存在をひた隠しにして、情報を取っていただろうが
秀隆
秀隆
情報を？　バカな。ホープタウンはキズナを守ろうと
情報を？　バカな。ホープタウンはキズナを守ろうと
ばさりとテーブルの上に資料がばら撒かれる。
ばさりとテーブルの上に資料がばら撒かれる。
麦蔵
麦蔵
おまえは所詮、新人特務官ってことだ
おまえは所詮、新人特務官ってことだ
秀隆
秀隆
……これは……
……これは……
龍也
龍也
キズナちゃんの詳細な記録データだ。
キズナちゃんの詳細な記録データだ。
日々の身体能力や、起床就寝時刻まで全て記載されている
日々の身体能力や、起床就寝時刻まで全て記載されている
秀隆
秀隆
なんだ、これ……
なんだ、これ……
キズナの全裸の写真が掲載され、
キズナの全裸の写真が掲載され、
本人さえも知りえないような個人情報までが書かれてある。
本人さえも知りえないような個人情報までが書かれてある。
麦蔵
麦蔵
これは唐沢の元に極秘ファイルとして保管されていたものだ
これは唐沢の元に極秘ファイルとして保管されていたものだ
秀隆
秀隆
……そんな、まさか……
……そんな、まさか……
麦蔵
麦蔵
ヤツがただの偽善行為をしていると思っていたのか？
ヤツがただの偽善行為をしていると思っていたのか？
秀隆
秀隆
これが、唐沢代表が集めた資料とは限りません……
これが、唐沢代表が集めた資料とは限りません……
麦蔵
麦蔵
これが偽造だとでも？
これが偽造だとでも？
秀隆
秀隆
いえ……
いえ……
資料には、とても憶測だけで書いたとは思えないものが書いてある。
資料には、とても憶測だけで書いたとは思えないものが書いてある。
龍也
龍也
君が思っている以上に、僕たちも、
君が思っている以上に、僕たちも、
そしてホープタウンも、街のために行動している。
そしてホープタウンも、街のために行動している。
その中で、キズナちゃんという存在が巻き込まれてしまった
その中で、キズナちゃんという存在が巻き込まれてしまった
麦蔵
麦蔵
柳沢と言う男は頭もキレるが、相当優秀な護衛も多い
柳沢と言う男は頭もキレるが、相当優秀な護衛も多い
秀隆
秀隆
優秀な護衛ですか……
優秀な護衛ですか……
麦蔵
麦蔵
人間を襲うことができるアンドロイドを持っているからな
人間を襲うことができるアンドロイドを持っているからな
秀隆
秀隆
っ……
っ……
アクセラのようなタイプが、やはり他にもいるってことだ。
アクセラのようなタイプが、やはり他にもいるってことだ。
そして大河内代表たちも、よくそれを理解している。
そして大河内代表たちも、よくそれを理解している。
麦蔵
麦蔵
あの時は、お前と言う狂犬を飼ってよかったと思ったもんだ
あの時は、お前と言う狂犬を飼ってよかったと思ったもんだ
恭一
恭一
嬉しくないほめ言葉だな
嬉しくないほめ言葉だな
秀隆
秀隆
全てをオレに話したのは、どうしてですか
全てをオレに話したのは、どうしてですか
麦蔵
麦蔵
おまえが嗅ぎまわっていた時とは状況が異なる。
おまえが嗅ぎまわっていた時とは状況が異なる。
ヤツは俺を裏切った。敵に回ったと言うことだ
ヤツは俺を裏切った。敵に回ったと言うことだ
麦蔵
麦蔵
俺にとっては、柳沢はつぶすべき相手に変わったが、
俺にとっては、柳沢はつぶすべき相手に変わったが、
唐沢の秘密を暴くことも目的としている
唐沢の秘密を暴くことも目的としている
麦蔵
麦蔵
おまえも知りたくはないか？　ヤツの隠している秘密を
おまえも知りたくはないか？　ヤツの隠している秘密を
秀隆
秀隆
秘密……
秘密……
オレは思わず、キズナの資料に目を落とした。
オレは思わず、キズナの資料に目を落とした。
龍也
龍也
僕たちはね、地上が滅びてないと思っているんだ
僕たちはね、地上が滅びてないと思っているんだ
秀隆
秀隆
地上が、滅んでいない……まさか……
地上が、滅んでいない……まさか……
次から次へと、混乱を招くような話が飛び込んでくる。
次から次へと、混乱を招くような話が飛び込んでくる。
そんなことをオレやキズナ以外に、
そんなことをオレやキズナ以外に、
口にするような人物がいるとは思っていなかった。
口にするような人物がいるとは思っていなかった。
龍也
龍也
無論無事な確証はない。だけど、滅びている確証もない
無論無事な確証はない。だけど、滅びている確証もない
その考え方も、ほぼ同じだ。
その考え方も、ほぼ同じだ。
龍也
龍也
ホープタウンの所有する電気量が、
ホープタウンの所有する電気量が、
通常考えうる水力発電では、とてもまかない切れるものじゃない
通常考えうる水力発電では、とてもまかない切れるものじゃない
秀隆
秀隆
それと、地上に何の関係があるんですか
それと、地上に何の関係があるんですか
龍也
龍也
君は聞いたことがないかも知れないが、
君は聞いたことがないかも知れないが、
電気には太陽光発電と言うもうひとつの生産方法がある
電気には太陽光発電と言うもうひとつの生産方法がある
秀隆
秀隆
太陽光……
太陽光……
太陽とは、宇宙に浮かぶとされている星のことだ。
太陽とは、宇宙に浮かぶとされている星のことだ。
麦蔵
麦蔵
ヤツは地上は間違いなく滅んでいると言うが、
ヤツは地上は間違いなく滅んでいると言うが、
それが本当かどうか、この目で確かめなきゃ納得がいかん
それが本当かどうか、この目で確かめなきゃ納得がいかん
龍也
龍也
君が協力してくれるというのなら、
君が協力してくれるというのなら、
キズナちゃんの救出に一役買ってもいい、と言うことさ
キズナちゃんの救出に一役買ってもいい、と言うことさ
秀隆
秀隆
交渉、と言うことですか
交渉、と言うことですか
麦蔵
麦蔵
俺や高坂では、さすがに唐沢の裏を取るのは容易くない。
俺や高坂では、さすがに唐沢の裏を取るのは容易くない。
だが、おまえならその懐にもぐりこむことが出来るだろう？
だが、おまえならその懐にもぐりこむことが出来るだろう？
麦蔵
麦蔵
その代わりにこちらは柳沢に対抗する武器を貸す
その代わりにこちらは柳沢に対抗する武器を貸す
恭一
恭一
どこに武器があるんだ？
どこに武器があるんだ？
麦蔵
麦蔵
当然おまえだ、恭一
当然おまえだ、恭一
恭一
恭一
おいおい、またオレをアンドロイドにぶつけるつもりか？
おいおい、またオレをアンドロイドにぶつけるつもりか？
麦蔵
麦蔵
おまえなら何とかできるだろ
おまえなら何とかできるだろ
恭一
恭一
面倒臭ぇ……
面倒臭ぇ……
麦蔵
麦蔵
おまえが動かなきゃ、柳沢はどんな手を打つかわからん
おまえが動かなきゃ、柳沢はどんな手を打つかわからん
恭一
恭一
……貸しは高くつくぜ？
……貸しは高くつくぜ？
麦蔵
麦蔵
ああ。それに応えるだけの権力は持っているつもりだ
ああ。それに応えるだけの権力は持っているつもりだ
龍也
龍也
場所の特定は済んでいる。というより
場所の特定は済んでいる。というより
彼自身がねぐらを変えるつもりがないと言ったほうがいいね
彼自身がねぐらを変えるつもりがないと言ったほうがいいね
秀隆
秀隆
それだけ護衛に自信を持っていると
それだけ護衛に自信を持っていると
龍也
龍也
だろうね
だろうね
恭一
恭一
その柳沢って男、どうすればいいんだ
その柳沢って男、どうすればいいんだ
麦蔵
麦蔵
無論、捕縛して連れて来い。この世の地獄を見せてやる
無論、捕縛して連れて来い。この世の地獄を見せてやる
秀隆
秀隆
大河内代表。その前に、彼を捕まえた後、
大河内代表。その前に、彼を捕まえた後、
一度ホープタウンに連行させていただけないでしょうか
一度ホープタウンに連行させていただけないでしょうか
麦蔵
麦蔵
なんだと？
なんだと？
秀隆
秀隆
倉屋敷社長に、違法アンドロイドの主犯を連れてくるよう頼まれています
倉屋敷社長に、違法アンドロイドの主犯を連れてくるよう頼まれています
龍也
龍也
倉屋敷か……それは安易に無視は出来ませんね
倉屋敷か……それは安易に無視は出来ませんね
麦蔵
麦蔵
いいだろう。好きにしろ
いいだろう。好きにしろ
秀隆
秀隆
ありがとうございます
ありがとうございます
恭一
恭一
じゃあ行って来るとするか
じゃあ行って来るとするか
秀隆
秀隆
あの、オレも同行して構いませんか
あの、オレも同行して構いませんか
恭一
恭一
邪魔だ
邪魔だ
秀隆
秀隆
キズナを、助けたいんです
キズナを、助けたいんです
恭一
恭一
おまえが襲われても、オレは無視するぞ
おまえが襲われても、オレは無視するぞ
秀隆
秀隆
それでも構いません
それでも構いません
恭一
恭一
だったら好きにしろ
だったら好きにしろ
恭一さんは応接室の扉を開け、出て行く。
恭一さんは応接室の扉を開け、出て行く。
オレは恭一さんについて、向かおうとした。
オレは恭一さんについて、向かおうとした。
龍也
龍也
島津くん
島津くん
秀隆
秀隆
はい？
はい？
龍也
龍也
ひとつだけ、言っておきたいことがある
ひとつだけ、言っておきたいことがある
龍也
龍也
君は、唐沢代表のこととなると冷静さを欠くようだね
君は、唐沢代表のこととなると冷静さを欠くようだね
秀隆
秀隆
そんなことはありません……と、言いたいところですが……
そんなことはありません……と、言いたいところですが……
秀隆
秀隆
オレにとって、唐沢さんは恩人なんです。
オレにとって、唐沢さんは恩人なんです。
そこに私情を挟まないようにするのは、困難です
そこに私情を挟まないようにするのは、困難です
龍也
龍也
そうだね。そう思うよ
そうだね。そう思うよ
龍也
龍也
だけど勘違いしないで貰いたいことがある
だけど勘違いしないで貰いたいことがある
秀隆
秀隆
なんでしょうか……？
なんでしょうか……？
龍也
龍也
僕たちも唐沢代表も、けして正義じゃない。
僕たちも唐沢代表も、けして正義じゃない。
そして悪でもない。と言うことを
そして悪でもない。と言うことを
秀隆
秀隆
その二つは、どうやって決めるんでしょうか
その二つは、どうやって決めるんでしょうか
龍也
龍也
見るもの次第、と言ったところじゃないかな。
見るもの次第、と言ったところじゃないかな。
君から見える僕ら、君から見える唐沢代表
君から見える僕ら、君から見える唐沢代表
龍也
龍也
僕たちから見る唐沢代表。見方でどちらにも見える
僕たちから見る唐沢代表。見方でどちらにも見える
秀隆
秀隆
そうかもしれません
そうかもしれません
秀隆
秀隆
オレにとっては、例えどんなことがあっても
オレにとっては、例えどんなことがあっても
唐沢代表が正しいと信じています。信じたいと強く願っています
唐沢代表が正しいと信じています。信じたいと強く願っています
龍也
龍也
君はそうあればいい。そうあらなければならない
君はそうあればいい。そうあらなければならない
秀隆
秀隆
……はい
……はい
龍也
龍也
世の中は時に残酷な現実を突きつける。
世の中は時に残酷な現実を突きつける。
竹内特務官が、ドリームタウン側についたように
竹内特務官が、ドリームタウン側についたように
秀隆
秀隆
今でも……少し信じられないことです
今でも……少し信じられないことです
麦蔵
麦蔵
ホープタウンってのが、それだけ危うい街だってことだ
ホープタウンってのが、それだけ危うい街だってことだ
麦蔵
麦蔵
平和、平等を掲げるのは簡単だが、実際は難しい
平和、平等を掲げるのは簡単だが、実際は難しい
麦蔵
麦蔵
竹内はどれだけ働いても、得られる金が
竹内はどれだけ働いても、得られる金が
変わらないことに、ずっと不満を抱え込んできた。
変わらないことに、ずっと不満を抱え込んできた。
俺はそこを突き奴を金で落とした
俺はそこを突き奴を金で落とした
秀隆
秀隆
…………
…………
麦蔵
麦蔵
奴とて、けして軽々しく裏切ったわけじゃない。
奴とて、けして軽々しく裏切ったわけじゃない。
唐沢とは何十年と苦楽を共にしてきたわけだからな
唐沢とは何十年と苦楽を共にしてきたわけだからな
龍也
龍也
キズナちゃんを助け出したら、唐沢代表と彼と向き合うことだ
キズナちゃんを助け出したら、唐沢代表と彼と向き合うことだ
龍也
龍也
それが出来るのは、恐らく君だけだからね
それが出来るのは、恐らく君だけだからね
秀隆
秀隆
……はい
……はい
恭一
恭一
やれやれ。随分と面倒なことになったな
やれやれ。随分と面倒なことになったな
秀隆
秀隆
恭一さん。恭一さんは、いつから違法アンドロイドのことを知っていたんですか？
恭一さん。恭一さんは、いつから違法アンドロイドのことを知っていたんですか？
恭一
恭一
いつから？　それを聞いたところで何の意味がある
いつから？　それを聞いたところで何の意味がある
秀隆
秀隆
……教えてください
……教えてください
恭一
恭一
おまえの見舞いに行く少し前だ
おまえの見舞いに行く少し前だ
恭一
恭一
オレも恋も、もっと早い段階でお前の入院の事実は知っていた
オレも恋も、もっと早い段階でお前の入院の事実は知っていた
秀隆
秀隆
そうなんですか……？
そうなんですか……？
恭一
恭一
ああ。だが、生憎とその時期は、オレが動くに動けなくてな
ああ。だが、生憎とその時期は、オレが動くに動けなくてな
恭一
恭一
おまえと同じように、病院のベッドで恋に縛り付けられていた
おまえと同じように、病院のベッドで恋に縛り付けられていた
秀隆
秀隆
どういうことですか……
どういうことですか……
恭一
恭一
静乃って女のディーラーは知っているか？
静乃って女のディーラーは知っているか？
秀隆
秀隆
もちろんです。ドリームタウンのカジノでは最も有名な人ですし
もちろんです。ドリームタウンのカジノでは最も有名な人ですし
恭一
恭一
なら話は早い。つまりはそう言うことだ
なら話は早い。つまりはそう言うことだ
秀隆
秀隆
まさか……
まさか……
恭一
恭一
あの女は柳沢って男が
あの女は柳沢って男が
ドリームタウンの情報を集めるために用意したアンドロイドだ
ドリームタウンの情報を集めるために用意したアンドロイドだ
秀隆
秀隆
……信じられない……あの、静乃さんが……
……信じられない……あの、静乃さんが……
オレには、彼女がアンドロイドである、ということすら分からなかった。
オレには、彼女がアンドロイドである、ということすら分からなかった。
秀隆
秀隆
彼女に、襲われた、ということですか？
彼女に、襲われた、ということですか？
恭一
恭一
厳密にはこっちから仕掛けたんだがな
厳密にはこっちから仕掛けたんだがな
恭一
恭一
何にせよアンドロイドとの一戦で入院してたってわけだ
何にせよアンドロイドとの一戦で入院してたってわけだ
秀隆
秀隆
よく無事でしたね……生身の人間がアンドロイドと戦うなんて
よく無事でしたね……生身の人間がアンドロイドと戦うなんて
恭一
恭一
大体その時だな。オレが違法アンドロイドの存在を知るようになったのは
大体その時だな。オレが違法アンドロイドの存在を知るようになったのは
秀隆
秀隆
じゃあ、ホープタウンで色々と調べていたのは……
じゃあ、ホープタウンで色々と調べていたのは……
恭一
恭一
お前の家からステーション、公園、
お前の家からステーション、公園、
主要施設に要する地理、移動時間なんかを計算していたってことだ
主要施設に要する地理、移動時間なんかを計算していたってことだ
恭一
恭一
オレは動くつもりなんてなかったが、
オレは動くつもりなんてなかったが、
事を荒立てないために、おっさんがやれやれと喚きたてやがった
事を荒立てないために、おっさんがやれやれと喚きたてやがった
確かに、キズナが誘拐されなければ、
確かに、キズナが誘拐されなければ、
今回オレは大河内代表や高坂特務官から話を聞けることはなかった。
今回オレは大河内代表や高坂特務官から話を聞けることはなかった。
未だ違法アンドロイドとの関係性は不透明のままだったはずだ。
未だ違法アンドロイドとの関係性は不透明のままだったはずだ。
秀隆
秀隆
オレは事前にアクセラのことをお話しておいたはずです……
オレは事前にアクセラのことをお話しておいたはずです……
秀隆
秀隆
アクセラが違法アンドロイドであり、オレがその事件を追っていると
アクセラが違法アンドロイドであり、オレがその事件を追っていると
恭一
恭一
ああ、言ってたな
ああ、言ってたな
秀隆
秀隆
……もし、もっと早くに情報を共有できていれば……
……もし、もっと早くに情報を共有できていれば……
秀隆
秀隆
柳沢がキズナを狙う可能性があると、教えてくれていれば……
柳沢がキズナを狙う可能性があると、教えてくれていれば……
秀隆
秀隆
キズナが誘拐なんてされることはなかったかもしれません
キズナが誘拐なんてされることはなかったかもしれません
恭一
恭一
どうだろうな。オレはお前に話さなかったことが正しいことだと判断してる
どうだろうな。オレはお前に話さなかったことが正しいことだと判断してる
恭一
恭一
不用意に中途半端な情報を与えれば、柳沢にそれが知れ渡った
不用意に中途半端な情報を与えれば、柳沢にそれが知れ渡った
可能性もある。そうなれば、おまえは再びアンドロイドの刺客を向けられ……
可能性もある。そうなれば、おまえは再びアンドロイドの刺客を向けられ……
親指で、首を切る仕草を見せた。
親指で、首を切る仕草を見せた。
恭一
恭一
今頃は仏になってたかもな
今頃は仏になってたかもな
秀隆
秀隆
それは―――否定できませんけど
それは―――否定できませんけど
竹内
竹内
今から、柳沢の研究所に向かうそうだね
今から、柳沢の研究所に向かうそうだね
秀隆
秀隆
た、竹内特務官っ……
た、竹内特務官っ……
竹内
竹内
そう驚くこともないだろう。私は今、ドリームタウンの住人なのだ
そう驚くこともないだろう。私は今、ドリームタウンの住人なのだ
秀隆
秀隆
それはそうなんですが……
それはそうなんですが……
恭一
恭一
たっぷり怒られたぜ。もっと早く情報を教えろってな
たっぷり怒られたぜ。もっと早く情報を教えろってな
秀隆
秀隆
竹内特務官とお知り合いだったんですか
竹内特務官とお知り合いだったんですか
恭一
恭一
知り合いってほど知っちゃいない
知り合いってほど知っちゃいない
秀隆
秀隆
…………
…………
竹内
竹内
君自身、色々と思うことはあるだろうが……
君自身、色々と思うことはあるだろうが……
竹内
竹内
大河内代表から、地上に関する話は聞いたかね？
大河内代表から、地上に関する話は聞いたかね？
秀隆
秀隆
すみません。今は、キズナの救出に急ぎます
すみません。今は、キズナの救出に急ぎます
竹内
竹内
なるほど、島津くんの言う通りだった。急ぎたまえ
なるほど、島津くんの言う通りだった。急ぎたまえ
秀隆
秀隆
失礼します
失礼します
竹内
竹内
もし、落ち着いて物事が冷静に見られるようになったら、
もし、落ち着いて物事が冷静に見られるようになったら、
改めて地上のことを考えてみるといい
改めて地上のことを考えてみるといい
竹内
竹内
そして行き詰ったなら、私のところに来なさい
そして行き詰ったなら、私のところに来なさい
秀隆
秀隆
…………
…………
オレは何も答えず、ゆっくりと歩みを進めた。
オレは何も答えず、ゆっくりと歩みを進めた。
恭一
恭一
随分と萎縮してたな。あの男そんなに偉いのか？
随分と萎縮してたな。あの男そんなに偉いのか？
秀隆
秀隆
ホープタウンじゃ、知らない人はいないくらい凄い人物ですよ
ホープタウンじゃ、知らない人はいないくらい凄い人物ですよ
秀隆
秀隆
あの人に憧れて特務官になる人が殆どです
あの人に憧れて特務官になる人が殆どです
恭一
恭一
はぁん
はぁん
秀隆
秀隆
だから、未だこうやって、仕事以外で顔を合わせるのには慣れません
だから、未だこうやって、仕事以外で顔を合わせるのには慣れません
秀隆
秀隆
どれだけ時間が経っても割り切れていないんです
どれだけ時間が経っても割り切れていないんです
恭一
恭一
信じてたってことだな？
信じてたってことだな？
秀隆
秀隆
はい……
はい……
恭一
恭一
人間ってのは誰でも裏切る。そう思って生きた方が楽だぜ
人間ってのは誰でも裏切る。そう思って生きた方が楽だぜ
秀隆
秀隆
行き方としては楽かも知れませんが、それだけです
行き方としては楽かも知れませんが、それだけです
秀隆
秀隆
本当の意味で充実し、納得のいく生き方は出来ないと思います
本当の意味で充実し、納得のいく生き方は出来ないと思います
恭一
恭一
オレは十分納得して人生を謳歌させてもらってる
オレは十分納得して人生を謳歌させてもらってる
秀隆
秀隆
それは恭一さんが特殊だからだと思いますよ
それは恭一さんが特殊だからだと思いますよ
恭一
恭一
この辺りじゃないのか？
この辺りじゃないのか？
秀隆
秀隆
っと……
っと……
話し込んでいる間に、下層区画にたどり着いていた。
話し込んでいる間に、下層区画にたどり着いていた。
オレはマップを参照し、ゆっくりと扉を開く。
オレはマップを参照し、ゆっくりと扉を開く。
とあるマンションの、使われていない一室。
とあるマンションの、使われていない一室。
秀隆
秀隆
情報によると、此処に地下への階段があるとか……
情報によると、此処に地下への階段があるとか……
恭一
恭一
ここだろうな
ここだろうな
すぐに、恭一さんはそのありかを見つける。
すぐに、恭一さんはそのありかを見つける。
恭一
恭一
ここだけ埃が積もっていない。人が出入りした証拠だ
ここだけ埃が積もっていない。人が出入りした証拠だ
秀隆
秀隆
ここが、研究所……
ここが、研究所……
地下へと続く階段を降りると、そこには広大な施設が広がっていた。
地下へと続く階段を降りると、そこには広大な施設が広がっていた。
恭一
恭一
ジオフロントには土地がない。
ジオフロントには土地がない。
土地を確保するために横へと面積を広げるのには膨大な費用と時間、そしてリスクを伴う。だが、更に下へと掘り進むのは例外だ
土地を確保するために横へと面積を広げるのには膨大な費用と時間、そしてリスクを伴う。だが、更に下へと掘り進むのは例外だ
恭一
恭一
主要施設の１つくらいなら、コスト、リスクを抑えて確保することができる
主要施設の１つくらいなら、コスト、リスクを抑えて確保することができる
秀隆
秀隆
よく考えられているってことですね……
よく考えられているってことですね……
恭一
恭一
のんびりしてる時間はない。急ぐぞ
のんびりしてる時間はない。急ぐぞ
秀隆
秀隆
恭一さん
恭一さん
恭一
恭一
あ？
あ？
秀隆
秀隆
こんな時にする質問ではないのかも知れませんが……
こんな時にする質問ではないのかも知れませんが……
秀隆
秀隆
オレがこれまで観察してきた限り、
オレがこれまで観察してきた限り、
恭一さんは損得で動くような人間じゃないと思っています
恭一さんは損得で動くような人間じゃないと思っています
恭一
恭一
まぁそうだな。読みたい本があれば、話は別だが
まぁそうだな。読みたい本があれば、話は別だが
秀隆
秀隆
それは例外としても、やはり簡単に動かせる人じゃありません
それは例外としても、やはり簡単に動かせる人じゃありません
秀隆
秀隆
そんなあなたが、今こうして手を貸してくれているのはどうしてですか？
そんなあなたが、今こうして手を貸してくれているのはどうしてですか？
恭一
恭一
まさかキズナのために動いた、そう思ってるんじゃないだろうな？
まさかキズナのために動いた、そう思ってるんじゃないだろうな？
秀隆
秀隆
……そう考えたくなるのが、人の心情ってもんです
……そう考えたくなるのが、人の心情ってもんです
恭一
恭一
残念ながら違うな
残念ながら違うな
恭一
恭一
オレが求めているものは『娯楽』という名の楽しみだ
オレが求めているものは『娯楽』という名の楽しみだ
秀隆
秀隆
違法アンドロイドの調査が、娯楽……ですか
違法アンドロイドの調査が、娯楽……ですか
秀隆
秀隆
下手したら、命を落とすかも知れないんですよ？
下手したら、命を落とすかも知れないんですよ？
恭一
恭一
それはないな
それはないな
はっきりと言い切る。
はっきりと言い切る。
恭一
恭一
確かにアンドロイドって奴は、生身の人間よりも能力は上だ。
確かにアンドロイドって奴は、生身の人間よりも能力は上だ。
だが、戦いってのは能力の良し悪しだけで決まるもんじゃない
だが、戦いってのは能力の良し悪しだけで決まるもんじゃない
ニヤッと笑う。
ニヤッと笑う。
恭一
恭一
静乃をぶっ殺した時の楽しみを、もう一度味わいたい、そう思っただけだ
静乃をぶっ殺した時の楽しみを、もう一度味わいたい、そう思っただけだ
秀隆
秀隆
っ！？
っ！？
その言葉が、本当なのか嘘なのか。
その言葉が、本当なのか嘘なのか。
オレには判断がつかない。
オレには判断がつかない。
だけど、ひとつだけ間違いのないことがある。
だけど、ひとつだけ間違いのないことがある。
それは心底この状況を楽しもうとしているってことだ。
それは心底この状況を楽しもうとしているってことだ。
恭一
恭一
面倒臭いことしてここまで来てんだ。オレは楽しませてもらう
面倒臭いことしてここまで来てんだ。オレは楽しませてもらう
恭一
恭一
お前はお前で、勝手にキズナを助ければいい
お前はお前で、勝手にキズナを助ければいい
秀隆
秀隆
は、はい
は、はい
そう答えるしか出来なかった。
そう答えるしか出来なかった。
恭一
恭一
……待て
……待て
秀隆
秀隆
どうしました？
どうしました？
恭一
恭一
おまえは先に行け。オレは少しやることがある
おまえは先に行け。オレは少しやることがある
秀隆
秀隆
で、でも
で、でも
恭一
恭一
いいからさっさと行け
いいからさっさと行け
秀隆
秀隆
わ、分かりました
わ、分かりました
オレは、施設の最深部にまでやって来た。
オレは、施設の最深部にまでやって来た。
秀隆
秀隆
キズナ！
キズナ！
キズナ
キズナ
ひーくん！
ひーくん！
柳沢
柳沢
ほぅ。随分と早い到着でしたね、島津さん
ほぅ。随分と早い到着でしたね、島津さん
椅子に縛り付けられたキズナと、柳沢がいた。
椅子に縛り付けられたキズナと、柳沢がいた。
秀隆
秀隆
どうして、キズナを誘拐するような真似、したんですか
どうして、キズナを誘拐するような真似、したんですか
柳沢
柳沢
どうして……ですか？　興味深い対象だからですよ。
どうして……ですか？　興味深い対象だからですよ。
地上時代の生き残りが、どうしても私は欲しかった
地上時代の生き残りが、どうしても私は欲しかった
柳沢
柳沢
ずっと機会を伺っていたんです。
ずっと機会を伺っていたんです。
大河内代表も、唐沢代表も、自らの手の内に隠し、
大河内代表も、唐沢代表も、自らの手の内に隠し、
世間に公表するつもりは無いようでしたからね
世間に公表するつもりは無いようでしたからね
秀隆
秀隆
だからって、犯罪を犯していい理由にはなりません
だからって、犯罪を犯していい理由にはなりません
柳沢
柳沢
私もこんな強硬手段は取りたくなかったんです。
私もこんな強硬手段は取りたくなかったんです。
ですが、少々予定外のことが起こってしまいましてね
ですが、少々予定外のことが起こってしまいましてね
秀隆
秀隆
予定外……？
予定外……？
柳沢
柳沢
ドリームタウンに潜入させていた、
ドリームタウンに潜入させていた、
私のアンドロイドと連絡がつかなくなってしまったんです
私のアンドロイドと連絡がつかなくなってしまったんです
柳沢
柳沢
そのアンドロイドを使って、恭一と言う人間を狙っていたんですがね
そのアンドロイドを使って、恭一と言う人間を狙っていたんですがね
秀隆
秀隆
恭一さんを……
恭一さんを……
柳沢
柳沢
だから仕方なく、ホープタウンで襲撃させたわけです。
だから仕方なく、ホープタウンで襲撃させたわけです。
私の手が届かなくなる前に、確保しなければならなかった
私の手が届かなくなる前に、確保しなければならなかった
秀隆
秀隆
それでキズナを
それでキズナを
柳沢
柳沢
機材を揃えるのに時間がかかりましてね。
機材を揃えるのに時間がかかりましてね。
今から彼女を調べさせてもらおうと言うわけです
今から彼女を調べさせてもらおうと言うわけです
柳沢
柳沢
調べが終わったら、あなたにお返ししますよ。だから待っていてください
調べが終わったら、あなたにお返ししますよ。だから待っていてください
秀隆
秀隆
悪いが、それを許可するわけには行かない
悪いが、それを許可するわけには行かない
秀隆
秀隆
キズナ……何も、されてないだろうな？
キズナ……何も、されてないだろうな？
オレは、ゆっくりとにじり寄っていく。
オレは、ゆっくりとにじり寄っていく。
キズナ
キズナ
いえ、結構色々されてしまったかも知れません
いえ、結構色々されてしまったかも知れません
秀隆
秀隆
っ！？
っ！？
キズナ
キズナ
乙女の身体を、色々と観察されてしまいました
乙女の身体を、色々と観察されてしまいました
柳沢
柳沢
それも私の研究のためですよ。仕方の無いことです
それも私の研究のためですよ。仕方の無いことです
秀隆
秀隆
テメェ……
テメェ……
キズナ
キズナ
でも大丈夫です。視姦で済んでいますっ
でも大丈夫です。視姦で済んでいますっ
秀隆
秀隆
い、いや、全然大丈夫じゃないから、それ
い、いや、全然大丈夫じゃないから、それ
柳沢
柳沢
面白い子ですね、この子は
面白い子ですね、この子は
秀隆
秀隆
うるせぇ。勝手にキズナの身体を見たおまえは許さん……
うるせぇ。勝手にキズナの身体を見たおまえは許さん……
柳沢
柳沢
私は島津さんと違って、卑猥な目的は持っていません。
私は島津さんと違って、卑猥な目的は持っていません。
第一、この少女はまだ子供じゃないですか。あなたロリコンですか
第一、この少女はまだ子供じゃないですか。あなたロリコンですか
秀隆
秀隆
う……！
う……！
ぐさりと胸に突き刺さる。
ぐさりと胸に突き刺さる。
キズナ
キズナ
子供って……
子供って……
どうやら、キズナにも深い何かが突き刺さったようだ。
どうやら、キズナにも深い何かが突き刺さったようだ。
秀隆
秀隆
う、うるさい！　キズナはオレの大切な存在だ。
う、うるさい！　キズナはオレの大切な存在だ。
あんたにどうこうさせるつもりは全くない！
あんたにどうこうさせるつもりは全くない！
キズナ
キズナ
格好いいですっ、ひーくん
格好いいですっ、ひーくん
秀隆
秀隆
ふっ……って、そんな格好つけてる場合じゃないっ
ふっ……って、そんな格好つけてる場合じゃないっ
秀隆
秀隆
必要なら、強引にやるしかない……
必要なら、強引にやるしかない……
柳沢
柳沢
やれやれ、参りましたね。私は戦いは得意じゃないんです
やれやれ、参りましたね。私は戦いは得意じゃないんです
柳沢
柳沢
この場で出来ることと言ったら
この場で出来ることと言ったら
柳沢は、ナイフのようなものを取り出す。
柳沢は、ナイフのようなものを取り出す。
秀隆
秀隆
なっ！　人質のつもりか！
なっ！　人質のつもりか！
柳沢
柳沢
人質？　何故ですか。私にとって彼女は大切な存在だ。
人質？　何故ですか。私にとって彼女は大切な存在だ。
人質にしてもし殺してしまったら取り返しがつきません
人質にしてもし殺してしまったら取り返しがつきません
柳沢
柳沢
これであなたと戦うしかなさそうだ
これであなたと戦うしかなさそうだ
どうやら、オレに対抗するための武器らしい。
どうやら、オレに対抗するための武器らしい。
秀隆
秀隆
そこまでして、キズナを調べたいのか……
そこまでして、キズナを調べたいのか……
柳沢
柳沢
私は地上のことが知りたいだけですよ。
私は地上のことが知りたいだけですよ。
調べられるのなら、別に恭一さんでも良かったんです
調べられるのなら、別に恭一さんでも良かったんです
秀隆
秀隆
だったら恭一さんを調べてくれ。
だったら恭一さんを調べてくれ。
あの人なら多少何かされても問題なさそうだから
あの人なら多少何かされても問題なさそうだから
柳沢
柳沢
では、彼と交換しましょうか。それでもいいんですよ
では、彼と交換しましょうか。それでもいいんですよ
秀隆
秀隆
……やっぱ無しだ
……やっぱ無しだ
幾らなんでも、無茶な提案過ぎた。
幾らなんでも、無茶な提案過ぎた。
柳沢
柳沢
まったく、君が後少し遅れてたどり着いてくれればよかったんだけどね
まったく、君が後少し遅れてたどり着いてくれればよかったんだけどね
柳沢
柳沢
見張っていた彼女が姿を見せないところを見ると、
見張っていた彼女が姿を見せないところを見ると、
君はひょっとして、誰か他の味方を引き連れてきたのかな？
君はひょっとして、誰か他の味方を引き連れてきたのかな？
秀隆
秀隆
……そうだ。彼女って誰のことだ？
……そうだ。彼女って誰のことだ？
柳沢
柳沢
結果はどうあれ、間に合いそうにないか。
結果はどうあれ、間に合いそうにないか。
私としては少しでも多くのデータが取りたかったんだけどね
私としては少しでも多くのデータが取りたかったんだけどね
そういい、ナイフでキズナの縄を切った。
そういい、ナイフでキズナの縄を切った。
キズナ
キズナ
どうして……ですか？
どうして……ですか？
柳沢
柳沢
私は快楽殺人者ではありませんよ。興味本位で動いているだけなんです
私は快楽殺人者ではありませんよ。興味本位で動いているだけなんです
柳沢
柳沢
食糧プラントのこと、君なら気づいていますよね、島津さん
食糧プラントのこと、君なら気づいていますよね、島津さん
秀隆
秀隆
あんたが犯人だって事は分かってる
あんたが犯人だって事は分かってる
柳沢
柳沢
あれも、けして何か悪さを企んでいたわけではありません
あれも、けして何か悪さを企んでいたわけではありません
秀隆
秀隆
商品には異常があったし、裏で金も受け取ろうとしていた。
商品には異常があったし、裏で金も受け取ろうとしていた。
それを悪事と言わずして、なんて言うんだよ
それを悪事と言わずして、なんて言うんだよ
柳沢
柳沢
見解の相違ですね。あなたは技術者には向いていない
見解の相違ですね。あなたは技術者には向いていない
秀隆
秀隆
キズナっ
キズナっ
キズナ
キズナ
ご心配おかけしましたっ
ご心配おかけしましたっ
オレはキズナを抱きしめる。
オレはキズナを抱きしめる。
柳沢
柳沢
感動の再会と言ったところですか
感動の再会と言ったところですか
秀隆
秀隆
あんたを倉屋敷社長のところに連れて行く
あんたを倉屋敷社長のところに連れて行く
秀隆
秀隆
違法アンドロイドの件で、追及してもらうつもりだ
違法アンドロイドの件で、追及してもらうつもりだ
柳沢
柳沢
倉屋敷？　なるほど、それはちょうどいい。
倉屋敷？　なるほど、それはちょうどいい。
私の知りたかった地上について、何か聞けるかもしれない
私の知りたかった地上について、何か聞けるかもしれない
柳沢
柳沢
喜んでお付き合いしましょう。うん、実に興味深い
喜んでお付き合いしましょう。うん、実に興味深い
なんなんだ、この柳沢って男は。
なんなんだ、この柳沢って男は。
本当に、ただ興味本位だけで動いているのか？
本当に、ただ興味本位だけで動いているのか？
だとしたら……。
だとしたら……。
秀隆
秀隆
彼を倉屋敷ビルまで。お願います
彼を倉屋敷ビルまで。お願います
オレが外に出ると、既に大河内代表の手の者がきていた。
オレが外に出ると、既に大河内代表の手の者がきていた。
柳沢を引き渡す。
柳沢を引き渡す。
キズナ
キズナ
彼は、一体何がしたかったのでしょうか？
彼は、一体何がしたかったのでしょうか？
秀隆
秀隆
さぁな……
さぁな……
恭一
恭一
終わったようだな
終わったようだな
秀隆
秀隆
恭一さ……だ、大丈夫ですか！？
恭一さ……だ、大丈夫ですか！？
恭一さんの右腕は、だらりと明らかにおかしな状態になっている。
恭一さんの右腕は、だらりと明らかにおかしな状態になっている。
キズナ
キズナ
手は大丈夫ですか？
手は大丈夫ですか？
恭一
恭一
心配ない。オレはもう帰るぞ
心配ない。オレはもう帰るぞ
秀隆
秀隆
わ、わかりました。ありがとうございました
わ、わかりました。ありがとうございました
恭一
恭一
別に。そいつを助け出したのはおまえだ
別に。そいつを助け出したのはおまえだ
それだけ言い、恭一さんは帰っていく。
それだけ言い、恭一さんは帰っていく。
いつものように、恭一さんはマイペースに去って行った。
いつものように、恭一さんはマイペースに去って行った。
秀隆
秀隆
あれ……
あれ……
キズナ
キズナ
どうしたんですか？
どうしたんですか？
秀隆
秀隆
いや、何でもない……
いや、何でもない……
今恭一さんの手に持っていたネックレス……。
今恭一さんの手に持っていたネックレス……。
秀隆
秀隆
まさかな
まさかな
キズナ
キズナ
ご迷惑おかけしました。情けないです、私
ご迷惑おかけしました。情けないです、私
秀隆
秀隆
なんだよ情けないって
なんだよ情けないって
キズナ
キズナ
自分の力を過信し過ぎていました……
自分の力を過信し過ぎていました……
私が居れば、ひーくんを守れると思っていたのに……
私が居れば、ひーくんを守れると思っていたのに……
秀隆
秀隆
お前を誘拐したのは？アンドロイドだったんだろ？
お前を誘拐したのは？アンドロイドだったんだろ？
なら仕方ないさ。人間に勝てる相手じゃない
なら仕方ないさ。人間に勝てる相手じゃない
キズナ
キズナ
それはそうかも知れませんが……
それはそうかも知れませんが……
キズナ
キズナ
助けるどころか、ひーくんに助けて頂きました。
助けるどころか、ひーくんに助けて頂きました。
本当にごめんなさい
本当にごめんなさい
秀隆
秀隆
謝ることなんかじゃない。彼女を、大切な子を命がけで助けるのは男の本望だ
謝ることなんかじゃない。彼女を、大切な子を命がけで助けるのは男の本望だ
キズナ
キズナ
……そう言って頂けると、少しは気持ちも楽になります
……そう言って頂けると、少しは気持ちも楽になります
秀隆
秀隆
でも、おまえは落ち着いてたよな。怖くなかったのか？
でも、おまえは落ち着いてたよな。怖くなかったのか？
キズナ
キズナ
そうですね……
そうですね……
キズナ
キズナ
情けないって思いながらも、心の中では、ひーくんが来てくれるんじゃないかと思っていたので。だから、怖くなかったんだと思います
情けないって思いながらも、心の中では、ひーくんが来てくれるんじゃないかと思っていたので。だから、怖くなかったんだと思います
秀隆
秀隆
……そうか
……そうか
キズナは、ぎゅーっとオレの腕を抱きしめた。
キズナは、ぎゅーっとオレの腕を抱きしめた。
キズナ
キズナ
ありがとうです。ひーくん
ありがとうです。ひーくん
秀隆
秀隆
おう
おう
秀隆
秀隆
あ、そうだ。これで一応アンドロイドの件は片付いたってことになる
あ、そうだ。これで一応アンドロイドの件は片付いたってことになる
秀隆
秀隆
だから明日から、地上のことについて調べるのを再開しようと思うんだ
だから明日から、地上のことについて調べるのを再開しようと思うんだ
キズナ
キズナ
ほんとですかっ
ほんとですかっ
秀隆
秀隆
ああ。おまえの知りたがっている真相、たどり着いてみるか
ああ。おまえの知りたがっている真相、たどり着いてみるか
キズナ
キズナ
はいですっ
はいですっ
大河内代表、高坂特務官が言っていたことが、引っかかっている。
大河内代表、高坂特務官が言っていたことが、引っかかっている。
秀隆
秀隆
ただ、お前は今から倉屋敷に行って来い
ただ、お前は今から倉屋敷に行って来い
キズナ
キズナ
かずちーのところにですか？
かずちーのところにですか？
秀隆
秀隆
柳沢が、おまえに何かしている可能性もある。
柳沢が、おまえに何かしている可能性もある。
あいつはアンドロイドだけじゃなく薬品に関する知識も膨大だ
あいつはアンドロイドだけじゃなく薬品に関する知識も膨大だ
秀隆
秀隆
何か危険なものを投与されてることだって、ありえるだろう
何か危険なものを投与されてることだって、ありえるだろう
キズナ
キズナ
なるほどです
なるほどです
秀隆
秀隆
倉屋敷社長なら、異常があれば必ず見つけ出して、解決してくれるだろうしな
倉屋敷社長なら、異常があれば必ず見つけ出して、解決してくれるだろうしな
キズナ
キズナ
信頼しているんですね、かずちーを
信頼しているんですね、かずちーを
秀隆
秀隆
あの人の技術だけは、間違いなく本物だからな
あの人の技術だけは、間違いなく本物だからな
秀隆
秀隆
ビルまで送って行くよ
ビルまで送って行くよ
キズナ
キズナ
ありがとうございます
ありがとうございます
キズナ
キズナ
ひーくん、私のこと心配しましたか？
ひーくん、私のこと心配しましたか？
秀隆
秀隆
当たり前だろ。すげぇ心配した
当たり前だろ。すげぇ心配した
キズナ
キズナ
そうですか。……心配をおかけしたことは申し訳なく思いますが、嬉しいです
そうですか。……心配をおかけしたことは申し訳なく思いますが、嬉しいです
キズナ
キズナ
私はひーくんに大切に想われているんですね
私はひーくんに大切に想われているんですね
秀隆
秀隆
ったり前だ
ったり前だ
キズナ
キズナ
ラブメーター、マックス振り切っちゃいますね
ラブメーター、マックス振り切っちゃいますね
秀隆
秀隆
無限大に膨れ上がってるよ
無限大に膨れ上がってるよ
秀隆
秀隆
それだけに、柳沢の奴には腸が煮えくり返りそうなほどむかついてる
それだけに、柳沢の奴には腸が煮えくり返りそうなほどむかついてる
秀隆
秀隆
オレのキズナを誘拐しただけじゃなく、
オレのキズナを誘拐しただけじゃなく、
あいつはキズナの裸を見たんだろ？
あいつはキズナの裸を見たんだろ？
秀隆
秀隆
くそっ！
くそっ！
キズナ
キズナ
あはは、それはそうですけど、性的な目では見られていませんでしたよ
あはは、それはそうですけど、性的な目では見られていませんでしたよ
キズナ
キズナ
って、なんか自分で言っててある意味ちょっとショックですが
って、なんか自分で言っててある意味ちょっとショックですが
秀隆
秀隆
どんな目的にせよ、キズナの裸を見ていい男はオレだけだ
どんな目的にせよ、キズナの裸を見ていい男はオレだけだ
キズナ
キズナ
おお、これが独占厨という奴でしょうか？
おお、これが独占厨という奴でしょうか？
秀隆
秀隆
彼女を独占したいと思うのは当然だ
彼女を独占したいと思うのは当然だ
秀隆
秀隆
おまえだって、オレを独占していたいと思ってくれてるだろ？
おまえだって、オレを独占していたいと思ってくれてるだろ？
キズナ
キズナ
他に狙っている人も居ないと思いますっ
他に狙っている人も居ないと思いますっ
秀隆
秀隆
それは言わない約束だ……虚しくなるから
それは言わない約束だ……虚しくなるから
キズナ
キズナ
でも、そうですね。私もひーくんを見せたくはないです
でも、そうですね。私もひーくんを見せたくはないです
秀隆
秀隆
だろ？
だろ？
キズナ
キズナ
……手を握ってもいいですか？
……手を握ってもいいですか？
秀隆
秀隆
もちろんだ
もちろんだ
オレはキズナの手を握る。
オレはキズナの手を握る。
ドリームタウンにもキズナの存在が明白になった以上、
ドリームタウンにもキズナの存在が明白になった以上、
キズナのことを今までのように警戒する必要はないだろう。
キズナのことを今までのように警戒する必要はないだろう。
オレは小さな手を握り、キズナを倉屋敷ビルへと送っていった。
オレは小さな手を握り、キズナを倉屋敷ビルへと送っていった。
夜、携帯が鳴った。
夜、携帯が鳴った。
秀隆
秀隆
もしもし？
もしもし？
キズナ
キズナ
私です
私です
秀隆
秀隆
どうした？　まだ帰って来ないのか？　そろそろ夕飯だぞ
どうした？　まだ帰って来ないのか？　そろそろ夕飯だぞ
キズナ
キズナ
すみません。念のため数日泊まって検査を受けてほしいそうです
すみません。念のため数日泊まって検査を受けてほしいそうです
秀隆
秀隆
もしかして、何か異常があったのか？
もしかして、何か異常があったのか？
キズナ
キズナ
いえ、今かずちー忙しいみたいで
いえ、今かずちー忙しいみたいで
何やら、電話の向こうが騒がしい。
何やら、電話の向こうが騒がしい。
秀隆
秀隆
なんかうるさいな
なんかうるさいな
キズナ
キズナ
かずちーが、あのヒゲのおじさんを虐めてます
かずちーが、あのヒゲのおじさんを虐めてます
秀隆
秀隆
そ、そうか……ちゃんとユウキは見張ってくれてるんだよな？
そ、そうか……ちゃんとユウキは見張ってくれてるんだよな？
キズナ
キズナ
はい。ちゃんと見ててくれてますよ
はい。ちゃんと見ててくれてますよ
キズナ
キズナ
それで、手が離せないみたいで。まだ検査は受けてないんです
それで、手が離せないみたいで。まだ検査は受けてないんです
秀隆
秀隆
別にあいつに同情するつもりはないけど……死なないようにな
別にあいつに同情するつもりはないけど……死なないようにな
キズナ
キズナ
それじゃあ、また後日に
それじゃあ、また後日に
秀隆
秀隆
わかった
わかった
キズナ
キズナ
寂しいですか？
寂しいですか？
秀隆
秀隆
そりゃそうだろ……
そりゃそうだろ……
キズナ
キズナ
チュッ
チュッ
電話越しに、キズナのキス音が聞こえる。
電話越しに、キズナのキス音が聞こえる。
秀隆
秀隆
な、なんか恥ずかしいな
な、なんか恥ずかしいな
キズナ
キズナ
ひーくんもキスください
ひーくんもキスください
秀隆
秀隆
ったく仕方ないな……
ったく仕方ないな……
オレは口をすぼめ、キスしようとして……。
オレは口をすぼめ、キスしようとして……。
アクセラ
アクセラ
…………
…………
秀隆
秀隆
うわっ！
うわっ！
se通話ボタン
se通話ボタン
オレは慌てて通話を切った。
オレは慌てて通話を切った。
すすすっと退室していくアクセラ。
すすすっと退室していくアクセラ。
秀隆
秀隆
見っとも無いところを見られてしまった……
見っとも無いところを見られてしまった……
…………。
…………。
……。
……。
