秀隆
秀隆
慣れないベッドじゃ、やっぱり落ち着いて眠れないな……
慣れないベッドじゃ、やっぱり落ち着いて眠れないな……
秀隆
秀隆
にしても……
にしても……
昨日、なんであいつ……。
昨日、なんであいつ……。
まだ唇に触れたキズナの熱が残っている気がする。
まだ唇に触れたキズナの熱が残っている気がする。
今まで強く意識していなかったのに、どうしても気になってしまう。
今まで強く意識していなかったのに、どうしても気になってしまう。
秀隆
秀隆
でもなぁ、キズナだからなぁ……
でもなぁ、キズナだからなぁ……
あいつなら、何の考えもなしにキスしそうだ。
あいつなら、何の考えもなしにキスしそうだ。
アクセラ
アクセラ
キズナ様がどうかされたのですか？
キズナ様がどうかされたのですか？
着替えを持ってやってきていたアクセラが、不思議そうに聞いてきた。
着替えを持ってやってきていたアクセラが、不思議そうに聞いてきた。
秀隆
秀隆
え……何が？
え……何が？
アクセラ
アクセラ
今、キズナ様だからなぁ、と仰いましたが？
今、キズナ様だからなぁ、と仰いましたが？
秀隆
秀隆
そんなこと言ったか？　オレ
そんなこと言ったか？　オレ
アクセラ
アクセラ
はい。それもやや気持ち悪い感じで
はい。それもやや気持ち悪い感じで
秀隆
秀隆
別に気持ち悪くは言ってないだろ……多分
別に気持ち悪くは言ってないだろ……多分
秀隆
秀隆
なあ、昨日家でキズナの様子はどうだった？
なあ、昨日家でキズナの様子はどうだった？
アクセラ
アクセラ
キズナ様のご様子ですか。特に変わったところはなかったかと
キズナ様のご様子ですか。特に変わったところはなかったかと
思いますが
思いますが
秀隆
秀隆
何も気づかなかったか？
何も気づかなかったか？
アクセラ
アクセラ
はい。例えばどのような感じにでしょう？
はい。例えばどのような感じにでしょう？
秀隆
秀隆
そうだな……ぼーっと物思いにふけったり、
そうだな……ぼーっと物思いにふけったり、
あるいは時折唇を気にしたりとか……顔を赤くしたりとか
あるいは時折唇を気にしたりとか……顔を赤くしたりとか
アクセラ
アクセラ
そのようなことは全くありませんね
そのようなことは全くありませんね
秀隆
秀隆
あ、そう……
あ、そう……
まぁ、あいつなら感情を上手く隠してるって可能性はあるけど、
まぁ、あいつなら感情を上手く隠してるって可能性はあるけど、
アクセラの言うように何にも変わらないんだろうな。
アクセラの言うように何にも変わらないんだろうな。
アクセラ
アクセラ
では私は、家の仕事が残っておりますので、これで失礼します
では私は、家の仕事が残っておりますので、これで失礼します
秀隆
秀隆
わざわざ悪かったな
わざわざ悪かったな
秀隆
秀隆
……ふう。ったく……
……ふう。ったく……
今にも、いつものようにキズナが現れそうだ。
今にも、いつものようにキズナが現れそうだ。
se医務室（杉村さん部屋）
se医務室（杉村さん部屋）
キズナ
キズナ
おはよーございます、ひーくんっ
おはよーございます、ひーくんっ
秀隆
秀隆
ほれ見たことか……
ほれ見たことか……
なんの恥じらいや戸惑いもなく、キズナが病室に入ってきた。
なんの恥じらいや戸惑いもなく、キズナが病室に入ってきた。
秀隆
秀隆
いつもいつも、お見舞いに来る必要ないんだぞ？
いつもいつも、お見舞いに来る必要ないんだぞ？
キズナ
キズナ
そうは言っても、ひーくんは穴だらけになったんです。心配です
そうは言っても、ひーくんは穴だらけになったんです。心配です
秀隆
秀隆
穴だらけねぇ
穴だらけねぇ
腹には、まだぐるぐると包帯が巻きつけられている。
腹には、まだぐるぐると包帯が巻きつけられている。
キズナ
キズナ
傷跡とか、沢山残っちゃうんじゃないですか？
傷跡とか、沢山残っちゃうんじゃないですか？
秀隆
秀隆
いや、傷口を消す治療があるからな。問題ない
いや、傷口を消す治療があるからな。問題ない
キズナ
キズナ
おーっ。そんな治療法があるんですね
おーっ。そんな治療法があるんですね
秀隆
秀隆
幸い保険も降りるし、何とかアクセラに殺されないで済みそうだ
幸い保険も降りるし、何とかアクセラに殺されないで済みそうだ
キズナはベッド隣の椅子に腰を下ろす。
キズナはベッド隣の椅子に腰を下ろす。
秀隆
秀隆
今日は倉屋敷に行かなくていいのか？
今日は倉屋敷に行かなくていいのか？
キズナ
キズナ
行きます。でも、その前にひーくんのお顔を見ておこうと思いまして
行きます。でも、その前にひーくんのお顔を見ておこうと思いまして
秀隆
秀隆
……見たってなんもないぞ
……見たってなんもないぞ
キズナ
キズナ
そんなことありません。ひーくんを見てると楽しいです
そんなことありません。ひーくんを見てると楽しいです
秀隆
秀隆
……そうか？
……そうか？
キズナ
キズナ
はいっ
はいっ
何が楽しいのか、本当にニコニコとしている。
何が楽しいのか、本当にニコニコとしている。
秀隆
秀隆
あー。あのな、ちょっと聞いてもいいか
あー。あのな、ちょっと聞いてもいいか
キズナ
キズナ
なんですかっ？
なんですかっ？
秀隆
秀隆
昨日のことなんだが……
昨日のことなんだが……
キズナ
キズナ
ひーくんの話ではなく、キスのことでしょうか？
ひーくんの話ではなく、キスのことでしょうか？
秀隆
秀隆
直球だな……そうだ。どうしてあんなことしたんだ？
直球だな……そうだ。どうしてあんなことしたんだ？
キズナ
キズナ
理由を考えると、少し難しいかも知れません。
理由を考えると、少し難しいかも知れません。
ただなんとなく、キスしたかったから、ではいけませんか
ただなんとなく、キスしたかったから、ではいけませんか
秀隆
秀隆
女の子が軽々しく唇を許すのは問題があるだろ
女の子が軽々しく唇を許すのは問題があるだろ
キズナ
キズナ
軽々しくしたつもりはありません。
軽々しくしたつもりはありません。
ひーくんだから、そうしただけです
ひーくんだから、そうしただけです
秀隆
秀隆
おま……
おま……
まぶしい笑顔で、なんつーことを。
まぶしい笑顔で、なんつーことを。
キズナ
キズナ
嫌でしたか？　不快にさせてしまったのなら、ごめんなさいです
嫌でしたか？　不快にさせてしまったのなら、ごめんなさいです
秀隆
秀隆
不快だなんて思ってない
不快だなんて思ってない
秀隆
秀隆
……だけど……
……だけど……
キズナ
キズナ
だけど、なんですか？
だけど、なんですか？
秀隆
秀隆
だけど……
だけど……
その、つまり……。
その、つまり……。
オレは背中がぞわぞわと痒くなっていくのを感じて、首を振った。
オレは背中がぞわぞわと痒くなっていくのを感じて、首を振った。
秀隆
秀隆
……腹減った
……腹減った
キズナ
キズナ
あ、朝ごはんまだなんですか？
あ、朝ごはんまだなんですか？
秀隆
秀隆
病院食が出たは出たけど、全然足りないなぁと
病院食が出たは出たけど、全然足りないなぁと
キズナ
キズナ
何か買ってきましょうか
何か買ってきましょうか
秀隆
秀隆
大丈夫だ。余計なもの食べると先生に怒られる
大丈夫だ。余計なもの食べると先生に怒られる
オレは言いかけたことを堪え、話題を変えた。
オレは言いかけたことを堪え、話題を変えた。
今の、オレたちの関係を変化させるのは好ましくない。
今の、オレたちの関係を変化させるのは好ましくない。
キズナの記憶がどうとか、地上時代の生き残りだとか、
キズナの記憶がどうとか、地上時代の生き残りだとか、
そう言う以前の、根本的なところに問題がある。
そう言う以前の、根本的なところに問題がある。
歳の差だ。
歳の差だ。
幾つとは具体的に出せない（キズナの生年月日が不明だから）が、
幾つとは具体的に出せない（キズナの生年月日が不明だから）が、
それはもう、感覚的に倍近いようなもんだ。
それはもう、感覚的に倍近いようなもんだ。
犯罪、ってレベルじゃねえぞ。
犯罪、ってレベルじゃねえぞ。
秀隆
秀隆
ほら、そろそろ倉屋敷に行って勉強して来い
ほら、そろそろ倉屋敷に行って勉強して来い
キズナ
キズナ
分かりました。じゃあ、また帰りに寄りますね
分かりました。じゃあ、また帰りに寄りますね
秀隆
秀隆
ああ
ああ
キズナを見送る。
キズナを見送る。
オレは独りきりになった後、ごろりと横になった。
オレは独りきりになった後、ごろりと横になった。
秀隆
秀隆
……忘れよう。あいつも、全く気にしてはいなかったし
……忘れよう。あいつも、全く気にしてはいなかったし
こっちだけ下手に意識すると、却ってよくない。
こっちだけ下手に意識すると、却ってよくない。
これから家に戻ってからも、キズナとは顔を合わせるんだから。
これから家に戻ってからも、キズナとは顔を合わせるんだから。
竹内
竹内
失礼するよ
失礼するよ
秀隆
秀隆
……え、竹内特務官……？　つっ！
……え、竹内特務官……？　つっ！
思わぬ来客に慌てて体を起こそうとするが、
思わぬ来客に慌てて体を起こそうとするが、
まだふさがったばかりの傷口がずきりと痛んだ。
まだふさがったばかりの傷口がずきりと痛んだ。
竹内
竹内
無理する必要はない。横になっていたまえ
無理する必要はない。横になっていたまえ
秀隆
秀隆
し、しかし……
し、しかし……
竹内
竹内
次の職が決まっているとはいえ、今は移行期間だ。
次の職が決まっているとはいえ、今は移行期間だ。
ある意味私は無職のようなものだからね。上司ではないのだ
ある意味私は無職のようなものだからね。上司ではないのだ
秀隆
秀隆
……すみません
……すみません
竹内氏に諭され、オレはお言葉に甘えることにした。
竹内氏に諭され、オレはお言葉に甘えることにした。
竹内
竹内
本当なら今君に会うつもりはなかったのだが……
本当なら今君に会うつもりはなかったのだが……
官邸の方に最後の手続きにいったところ、君の話を聞いてね
官邸の方に最後の手続きにいったところ、君の話を聞いてね
竹内
竹内
刺された……そうだね
刺された……そうだね
秀隆
秀隆
はい……
はい……
竹内
竹内
こうやって話せているところを見ると、無事だった、でいいのかな
こうやって話せているところを見ると、無事だった、でいいのかな
秀隆
秀隆
命の危険はあったらしいですが、おかげさまで乗り切りました
命の危険はあったらしいですが、おかげさまで乗り切りました
竹内
竹内
そうか。よかったよ
そうか。よかったよ
秀隆
秀隆
……竹内特務官は、本当に辞められたのですね
……竹内特務官は、本当に辞められたのですね
竹内
竹内
残念だが、その事実は変わらない。
残念だが、その事実は変わらない。
磯部くんや佐々野くんたちにも、同じことを言われた
磯部くんや佐々野くんたちにも、同じことを言われた
秀隆
秀隆
どうしてですか……オレにはまだ信じられません
どうしてですか……オレにはまだ信じられません
秀隆
秀隆
何故竹内特務官が……
何故竹内特務官が……
竹内
竹内
君の言いたいことはわかる。
君の言いたいことはわかる。
だが、社会は常にどんなことが起こるかわからない場所だ
だが、社会は常にどんなことが起こるかわからない場所だ
竹内
竹内
新人の君にも、それくらいはわかってるはずだが？
新人の君にも、それくらいはわかってるはずだが？
秀隆
秀隆
ですが……！　竹内特務官は、ホープタウンを見捨てるような人ではありません
ですが……！　竹内特務官は、ホープタウンを見捨てるような人ではありません
秀隆
秀隆
長年、ホープタウンを守り続けて来た人が、
長年、ホープタウンを守り続けて来た人が、
そんな簡単に街を捨てるなんてこと、出来るはずがない
そんな簡単に街を捨てるなんてこと、出来るはずがない
竹内
竹内
見捨てる人ではない、出来るはずがない。随分と言いきったものだ
見捨てる人ではない、出来るはずがない。随分と言いきったものだ
竹内
竹内
……君に私が特務官として過ごした２０年以上の理解が出来ると？
……君に私が特務官として過ごした２０年以上の理解が出来ると？
竹内
竹内
私がどれだけ血と汗と涙を流してきたか、君は知っているというのかね？
私がどれだけ血と汗と涙を流してきたか、君は知っているというのかね？
秀隆
秀隆
そ、それは……
そ、それは……
竹内
竹内
軽々しく見捨てるような人ではないと、断言するものじゃない。
軽々しく見捨てるような人ではないと、断言するものじゃない。
そんなことをすれば、相手は同調するどころか逆に不信感を強めるだろう
そんなことをすれば、相手は同調するどころか逆に不信感を強めるだろう
竹内
竹内
相手は分かっているフリをしているだけで、こちらのことを何もわかっていないと
相手は分かっているフリをしているだけで、こちらのことを何もわかっていないと
秀隆
秀隆
……っ
……っ
言い返せなかった。
言い返せなかった。
確かに、オレは竹内特務官がそんな人じゃないと言いながら、
確かに、オレは竹内特務官がそんな人じゃないと言いながら、
実際のところ、竹内特務官のことをよく知りはしないのだ。
実際のところ、竹内特務官のことをよく知りはしないのだ。
オレが知っているのは、全てを完璧にこなす一流の竹内特務官だけ。
オレが知っているのは、全てを完璧にこなす一流の竹内特務官だけ。
竹内
竹内
……残念、だとは思っているよ
……残念、だとは思っているよ
竹内
竹内
島津くんとはもう少し、上司と部下の関係でいたかった
島津くんとはもう少し、上司と部下の関係でいたかった
竹内
竹内
一時期私は、唐沢代表に君を育てさせてほしいと直訴したこともある
一時期私は、唐沢代表に君を育てさせてほしいと直訴したこともある
秀隆
秀隆
だったら、何故ですか……
だったら、何故ですか……
竹内
竹内
事情と言うものは、常に変化する可能性を秘めている。
事情と言うものは、常に変化する可能性を秘めている。
昨日はよかったことも、今日の朝にはダメになっている。それが大人の世界
昨日はよかったことも、今日の朝にはダメになっている。それが大人の世界
竹内
竹内
何かの歯車が違えば、ゆっくりと互いの関係を築いていたかも
何かの歯車が違えば、ゆっくりと互いの関係を築いていたかも
知れない
知れない
竹内
竹内
例えば……君が佐々野くんたちと同じ時期に入社していれば、
例えば……君が佐々野くんたちと同じ時期に入社していれば、
あるいは私のことをもう少し理解していたかもしれない、と言うように
あるいは私のことをもう少し理解していたかもしれない、と言うように
オレに話しかける竹内特務官は、妙に優しげだった。
オレに話しかける竹内特務官は、妙に優しげだった。
だけど、それを好意的に受け取ることは出来ない。
だけど、それを好意的に受け取ることは出来ない。
嵐の前の静けさ、と言う表現が近いか。
嵐の前の静けさ、と言う表現が近いか。
竹内
竹内
君は私のことを何も知らない。理解できていない
君は私のことを何も知らない。理解できていない
秀隆
秀隆
確かに……理解はできていないかも知れません。
確かに……理解はできていないかも知れません。
ですが、竹内特務官には背負っているものがります
ですが、竹内特務官には背負っているものがります
秀隆
秀隆
ホープタウンの英雄としての、絶対的な存在であることです
ホープタウンの英雄としての、絶対的な存在であることです
この事実が公に出れば、恐らくかなりの混乱が予想される。
この事実が公に出れば、恐らくかなりの混乱が予想される。
竹内
竹内
ホープタウンの英雄？　街を守るために戦ってきた？
ホープタウンの英雄？　街を守るために戦ってきた？
君はいつまでそんな寝ぼけたことを言っているのかね
君はいつまでそんな寝ぼけたことを言っているのかね
秀隆
秀隆
…………
…………
竹内
竹内
特務官と言えど所詮人だ。平気で嘘をつき、裏切る
特務官と言えど所詮人だ。平気で嘘をつき、裏切る
竹内
竹内
金や女、名誉を望み、誰よりも上になりたいと強く胸に抱く
金や女、名誉を望み、誰よりも上になりたいと強く胸に抱く
竹内
竹内
君の周りにいる人間も皆そのはずだ。違うかね
君の周りにいる人間も皆そのはずだ。違うかね
秀隆
秀隆
……それは……
……それは……
竹内
竹内
磯部くんは、君にライバル心を抱いているね。
磯部くんは、君にライバル心を抱いているね。
それは君より上に立ちたい、優位に立ち、名誉を得たいと思っているからだ
それは君より上に立ちたい、優位に立ち、名誉を得たいと思っているからだ
竹内
竹内
助特務官の佐々野くんが、君に苛立ちを感じていることに気づいていただろう
助特務官の佐々野くんが、君に苛立ちを感じていることに気づいていただろう
竹内
竹内
私も同じだよ島津くん。彼らと何も変わらない
私も同じだよ島津くん。彼らと何も変わらない
竹内
竹内
私の実力では、高坂特務官には及ばない。
私の実力では、高坂特務官には及ばない。
ならばどうするべきか？　勝てないとわかっていて、戦うのかね？
ならばどうするべきか？　勝てないとわかっていて、戦うのかね？
竹内
竹内
それは勇気でも英断でもない。ただ玉砕覚悟の無謀と言えるだろう。私は負けないために、彼の仲間になることを決意した。
それは勇気でも英断でもない。ただ玉砕覚悟の無謀と言えるだろう。私は負けないために、彼の仲間になることを決意した。
もちろん、表向きは大河内代表に忠義を尽くす、と言う建前だ
もちろん、表向きは大河内代表に忠義を尽くす、と言う建前だ
竹内
竹内
私自ら、高坂特務官には勝てないとは口が裂けても言えないのでね
私自ら、高坂特務官には勝てないとは口が裂けても言えないのでね
竹内
竹内
それは特務官のプライドが許さない
それは特務官のプライドが許さない
竹内
竹内
ホープやドリームの前に、私は特務官なのだよ。
ホープやドリームの前に、私は特務官なのだよ。
どんな交渉にも勝ち続ける、最強の特務官でなければならない
どんな交渉にも勝ち続ける、最強の特務官でなければならない
秀隆
秀隆
なぜ……
なぜ……
秀隆
秀隆
なぜそのようなことを、オレに話すんですか
なぜそのようなことを、オレに話すんですか
秀隆
秀隆
話を聞かせても、得なんてないはずです
話を聞かせても、得なんてないはずです
竹内
竹内
何故だろうな……
何故だろうな……
竹内
竹内
強いて理由を探すならば、島津への、詫び、と言うところか
強いて理由を探すならば、島津への、詫び、と言うところか
秀隆
秀隆
……どういうことですか？
……どういうことですか？
オレの質問に、竹内特務官は答えてくれなかった。
オレの質問に、竹内特務官は答えてくれなかった。
竹内
竹内
君はまだ若い。そして未熟だ。だが才能はある。
君はまだ若い。そして未熟だ。だが才能はある。
いずれ私たちが再び戦う時、君は今よりもずっと成長していることだろう
いずれ私たちが再び戦う時、君は今よりもずっと成長していることだろう
竹内
竹内
そうであることを祈っているよ
そうであることを祈っているよ
竹内
竹内
……話が過ぎたかもしれない
……話が過ぎたかもしれない
そう言い、竹内特務官が立ち上がる。
そう言い、竹内特務官が立ち上がる。
竹内
竹内
ひとまず、君が無事だったことに安心したよ
ひとまず、君が無事だったことに安心したよ
秀隆
秀隆
ま、待ってください
ま、待ってください
竹内
竹内
まだ何かあるのかね
まだ何かあるのかね
秀隆
秀隆
島津への詫びって、なんですか……
島津への詫びって、なんですか……
秀隆
秀隆
竹内特務官が今見ているものは、何なんですかっ
竹内特務官が今見ているものは、何なんですかっ
秀隆
秀隆
あなたがホープを捨てた理由もわかりませんが、
あなたがホープを捨てた理由もわかりませんが、
オレにもまだまだ分からないことがたくさんあります
オレにもまだまだ分からないことがたくさんあります
竹内
竹内
当然だ。君はまだ若いのだから。何も知らなくて当然なのだ
当然だ。君はまだ若いのだから。何も知らなくて当然なのだ
秀隆
秀隆
しかし
しかし
竹内
竹内
焦る必要はない。以前君に言っただろう。いずれ分かる時がくると
焦る必要はない。以前君に言っただろう。いずれ分かる時がくると
竹内
竹内
今はまず目の前の現実と戦うべきだろう
今はまず目の前の現実と戦うべきだろう
そう言い、竹内特務官はオレに背中を向けた。
そう言い、竹内特務官はオレに背中を向けた。
オレは呼び止める言葉も思いつかず、目を瞑る。
オレは呼び止める言葉も思いつかず、目を瞑る。
何を残していったのか。
何を残していったのか。
何を伝えたかったのか。
何を伝えたかったのか。
結局、オレは最初から最後まで、竹内義人と言う人を理解できなかった。
結局、オレは最初から最後まで、竹内義人と言う人を理解できなかった。
でも……それは終わりと言うわけじゃない。
でも……それは終わりと言うわけじゃない。
彼はドリームタウンの特務官になる。
彼はドリームタウンの特務官になる。
つまり、その気になれば幾らでもお互いをぶつけ合うことが出来る。
つまり、その気になれば幾らでもお互いをぶつけ合うことが出来る。
いずれは知ることが出来るのかもしれない。
いずれは知ることが出来るのかもしれない。
……いずれ。
……いずれ。
秀隆
秀隆
竹内特務官……最後の最後に、１つだけ聞かせてください
竹内特務官……最後の最後に、１つだけ聞かせてください
竹内
竹内
今度こそ、島津くんと再会するのは当分先だろう。
今度こそ、島津くんと再会するのは当分先だろう。
その別れにひとつだけ、質問に答えることにするよ。なんだね？
その別れにひとつだけ、質問に答えることにするよ。なんだね？
秀隆
秀隆
……あなたが……規制緩和の事実を、マスコミに流したんですか？
……あなたが……規制緩和の事実を、マスコミに流したんですか？
竹内
竹内
…………
…………
秀隆
秀隆
もちろん、表ざたにするつもりは全くありません
もちろん、表ざたにするつもりは全くありません
秀隆
秀隆
そのつもりだったなら、とっくにそうしていますから
そのつもりだったなら、とっくにそうしていますから
竹内
竹内
何故それが最後の質問なのかね？
何故それが最後の質問なのかね？
秀隆
秀隆
自分のこれからに、必要な答えだと思ったからです
自分のこれからに、必要な答えだと思ったからです
竹内
竹内
…………
…………
竹内
竹内
私ではないよ、島津くん
私ではないよ、島津くん
秀隆
秀隆
……そうですか。ありがとうございました、竹内特務官
……そうですか。ありがとうございました、竹内特務官
竹内
竹内
それでは、いずれまた
それでは、いずれまた
それから少しして……。
それから少しして……。
唐沢
唐沢
失礼するよ
失礼するよ
今度は唐沢代表がやってきた。
今度は唐沢代表がやってきた。
秀隆
秀隆
お疲れ様です
お疲れ様です
唐沢
唐沢
先ほど竹内くんとすれ違ったんだが……ひょっとして？
先ほど竹内くんとすれ違ったんだが……ひょっとして？
秀隆
秀隆
はい。心配して頂けたようで。お見舞いにきてくださいました
はい。心配して頂けたようで。お見舞いにきてくださいました
唐沢
唐沢
そうか……
そうか……
秀隆
秀隆
あ、どうぞおかけください
あ、どうぞおかけください
唐沢
唐沢
ありがとう
ありがとう
秀隆
秀隆
竹内特務官に唐沢代表。すごい人たちにお見舞いに来ていただけて嬉しいですよ
竹内特務官に唐沢代表。すごい人たちにお見舞いに来ていただけて嬉しいですよ
唐沢
唐沢
そんなに嬉しいなら、また入院するかい？
そんなに嬉しいなら、また入院するかい？
秀隆
秀隆
う……もうコリゴリです
う……もうコリゴリです
唐沢
唐沢
今回も、例の規制緩和の時のように無茶していたのかな？
今回も、例の規制緩和の時のように無茶していたのかな？
秀隆
秀隆
……違法アンドロイドに関して、調べていました
……違法アンドロイドに関して、調べていました
唐沢
唐沢
そのことからは手を引いたと思っていたんだけどね
そのことからは手を引いたと思っていたんだけどね
秀隆
秀隆
新しい手がかりを手に入れたんです。それで、つい……
新しい手がかりを手に入れたんです。それで、つい……
唐沢
唐沢
思いつめたら一直線。か
思いつめたら一直線。か
唐沢
唐沢
最近佐々野くんと話す機会があってね。そう言っていたよ
最近佐々野くんと話す機会があってね。そう言っていたよ
秀隆
秀隆
なんか、オレって色々なレッテルを貼られてる気がしますね
なんか、オレって色々なレッテルを貼られてる気がしますね
唐沢
唐沢
杉村に、君がどういう状態だったのか詳しく聞いたよ
杉村に、君がどういう状態だったのか詳しく聞いたよ
唐沢
唐沢
あと少し発見が遅かったら、死んでいたかも知れないそうだ
あと少し発見が遅かったら、死んでいたかも知れないそうだ
秀隆
秀隆
そうですか……
そうですか……
唐沢
唐沢
どうして犯人は、君を殺さなかったんだろうね
どうして犯人は、君を殺さなかったんだろうね
秀隆
秀隆
それはオレも疑問に感じています。やろうと思えば絶対にやれましたから
それはオレも疑問に感じています。やろうと思えば絶対にやれましたから
唐沢
唐沢
これは僕なりの考えで申し訳ないが、警告のようなものじゃないだろうか
これは僕なりの考えで申し訳ないが、警告のようなものじゃないだろうか
秀隆
秀隆
……違法アンドロイドのことを探るな、ってことですか
……違法アンドロイドのことを探るな、ってことですか
唐沢
唐沢
そう読み取れる気がしてならないんだ
そう読み取れる気がしてならないんだ
秀隆
秀隆
可能性としては、十分にあるとは思います
可能性としては、十分にあるとは思います
正直、オレが刺される理由は２つに１つ。
正直、オレが刺される理由は２つに１つ。
唐沢代表の言うように違法アンドロイドのことを探っていて。
唐沢代表の言うように違法アンドロイドのことを探っていて。
柳沢軍司がしびれを切らしオレを襲った、襲わせた可能性。
柳沢軍司がしびれを切らしオレを襲った、襲わせた可能性。
次に考えれるのが、地上のことを探っていたから。
次に考えれるのが、地上のことを探っていたから。
あの日は恭一さんたちと大きく接触を試みていた。
あの日は恭一さんたちと大きく接触を試みていた。
それを見ていた何者かが……ってことも考えられる。
それを見ていた何者かが……ってことも考えられる。
そして、その何者か、と言うのが……。
そして、その何者か、と言うのが……。
唐沢
唐沢
ともかく、君が無事でよかった
ともかく、君が無事でよかった
秀隆
秀隆
ありがとうございます。一日でも早く復帰できるように頑張りますので
ありがとうございます。一日でも早く復帰できるように頑張りますので
唐沢
唐沢
君が戻ってくるのを楽しみにはしているけど、無理して急ぐ必要はない
君が戻ってくるのを楽しみにはしているけど、無理して急ぐ必要はない
唐沢
唐沢
ゆっくり療養して、万全になってから戻ってきてくれ
ゆっくり療養して、万全になってから戻ってきてくれ
秀隆
秀隆
わかりました
わかりました
唐沢
唐沢
それから……過ぎたおせっかいだとは思うが聞いてほしい。
それから……過ぎたおせっかいだとは思うが聞いてほしい。
違法アンドロイドにせよ、他のプロジェクトにせよ、危険なものにはこれ以上関わらないことだよ
違法アンドロイドにせよ、他のプロジェクトにせよ、危険なものにはこれ以上関わらないことだよ
唐沢
唐沢
わかったね？
わかったね？
秀隆
秀隆
はい、そうさせていただきます
はい、そうさせていただきます
唐沢
唐沢
じゃあ僕は帰ることにするよ。またね、島津くん。次は官邸で
じゃあ僕は帰ることにするよ。またね、島津くん。次は官邸で
秀隆
秀隆
はい、お疲れ様です。唐沢さん
はい、お疲れ様です。唐沢さん
…………。
…………。
……。
……。
