アクセラ
アクセラ
はーっ……
はーっ……
秋
秋
…………
…………
アクセラ
アクセラ
……はーっ……
……はーっ……
キズナ
キズナ
…………
…………
アクセラ
アクセラ
はぁっ……
はぁっ……
秋
秋
アクセラ。あの、どうしたの？
アクセラ。あの、どうしたの？
アクセラ
アクセラ
秋様？　どうした、とはどういう意味でしょう？
秋様？　どうした、とはどういう意味でしょう？
秋
秋
さっきから、ずっとため息ついてるけど……
さっきから、ずっとため息ついてるけど……
アクセラ
アクセラ
私がですか？　ため息を？
私がですか？　ため息を？
秋
秋
気づいてなかったの？
気づいてなかったの？
アクセラ
アクセラ
……はい。完全に無意識でした
……はい。完全に無意識でした
キズナ
キズナ
アクセラさんがため息をつくところ、初めて見ました
アクセラさんがため息をつくところ、初めて見ました
秋
秋
何かあったの？
何かあったの？
アクセラ
アクセラ
いえ、何でもないんです
いえ、何でもないんです
キズナ
キズナ
なんでもないって顔じゃないです。
なんでもないって顔じゃないです。
相談してくれれば、解決することもあると思いますよ
相談してくれれば、解決することもあると思いますよ
アクセラ
アクセラ
本当に何でもないんです
本当に何でもないんです
アクセラは台所へと朝食を作りに移動する。
アクセラは台所へと朝食を作りに移動する。
キズナ
キズナ
どうしたんでしょう、アクセラさん
どうしたんでしょう、アクセラさん
秋
秋
さあ……
さあ……
秋
秋
一応、命令すれば理由を聞き出すことは出来るけど……
一応、命令すれば理由を聞き出すことは出来るけど……
キズナ
キズナ
それはしないほうがいいと思います
それはしないほうがいいと思います
秋
秋
そうだよね……話したくないことだって、あると思うし
そうだよね……話したくないことだって、あると思うし
秀隆
秀隆
ぼそぼそ二人で何話してるんだ？
ぼそぼそ二人で何話してるんだ？
秋
秋
兄さん。今日もアクセラの様子がおかしくて。
兄さん。今日もアクセラの様子がおかしくて。
朝からずっと、繰り返しため息をついてるみたいなんです
朝からずっと、繰り返しため息をついてるみたいなんです
秀隆
秀隆
アクセラがため息を？
アクセラがため息を？
アクセラ
アクセラ
はーっ……
はーっ……
秀隆
秀隆
ほんとだ……
ほんとだ……
秋
秋
明らかに、この間から様子がおかしいですよね。なんなんでしょうか？
明らかに、この間から様子がおかしいですよね。なんなんでしょうか？
秀隆
秀隆
さ、さぁ……
さ、さぁ……
その原因は、９割９分オレが関係しているが、迂闊なことは言えない。
その原因は、９割９分オレが関係しているが、迂闊なことは言えない。
オレは知らないフリしてやり過ごす。
オレは知らないフリしてやり過ごす。
秀隆
秀隆
さて……飯も食ったし、仕事に行くとするか
さて……飯も食ったし、仕事に行くとするか
キズナは自室へ、秋も学園に行くために部屋で着替えをしている。
キズナは自室へ、秋も学園に行くために部屋で着替えをしている。
アクセラに話しかけるなら今だと思い、台所へ。
アクセラに話しかけるなら今だと思い、台所へ。
秀隆
秀隆
アクセラ、ちょっといいか？
アクセラ、ちょっといいか？
アクセラ
アクセラ
秀隆様。なんでしょうか？
秀隆様。なんでしょうか？
朝食の後片付けをしていたアクセラが振り返る。
朝食の後片付けをしていたアクセラが振り返る。
秀隆
秀隆
オレの部屋で少し話があるんだ。夜、キズナが寝た後来てくれ
オレの部屋で少し話があるんだ。夜、キズナが寝た後来てくれ
アクセラ
アクセラ
キズナ様が眠った後ですね。畏まりました
キズナ様が眠った後ですね。畏まりました
アクセラ
アクセラ
…………
…………
秀隆
秀隆
な、なんだ？
な、なんだ？
アクセラ
アクセラ
い、いえ。なんでもありません……
い、いえ。なんでもありません……
顔を赤くし、アクセラはオレに背中を向け片づけを再開した。
顔を赤くし、アクセラはオレに背中を向け片づけを再開した。
……仕事に行こう。
……仕事に行こう。
…………。
…………。
……。
……。
深夜、時刻は既に２時を回った。
深夜、時刻は既に２時を回った。
秋やキズナは当然、ぐっすりと眠りに落ちているだろう。
秋やキズナは当然、ぐっすりと眠りに落ちているだろう。
オレの隣には、ベッドに腰を下ろしたアクセラが座っている。
オレの隣には、ベッドに腰を下ろしたアクセラが座っている。
オレの言いつけ通り、部屋へとやって来た。
オレの言いつけ通り、部屋へとやって来た。
アクセラ
アクセラ
こ、このようなお時間に、どうされましたか？
こ、このようなお時間に、どうされましたか？
秀隆
秀隆
い、いや。その、たまには２人きりの時間も必要、だろ？
い、いや。その、たまには２人きりの時間も必要、だろ？
アクセラ
アクセラ
……は、はい……
……は、はい……
ポツリと、だが確かにアクセラはそう言い、頷いた。
ポツリと、だが確かにアクセラはそう言い、頷いた。
秀隆
秀隆
最近はその、キズナの面倒を見ることも増えたが、どうだ？
最近はその、キズナの面倒を見ることも増えたが、どうだ？
アクセラ
アクセラ
問題ありません。関係も良好ですし、私自身楽しいです
問題ありません。関係も良好ですし、私自身楽しいです
秀隆
秀隆
そうか、そりゃよかった
そうか、そりゃよかった
アクセラ
アクセラ
はい
はい
秀隆
秀隆
うんうん、よかったよかった
うんうん、よかったよかった
アクセラ
アクセラ
はい
はい
秀隆
秀隆
…………
…………
基本、会話をキャッチすることが多いアクセラが相手だと、
基本、会話をキャッチすることが多いアクセラが相手だと、
どうしても静かな無言の時間が多くなってしまう。
どうしても静かな無言の時間が多くなってしまう。
アクセラ
アクセラ
それで、ご用件はなんでしょうか？
それで、ご用件はなんでしょうか？
何かを期待するような、そんな目を向けてくる。
何かを期待するような、そんな目を向けてくる。
秀隆
秀隆
えっと……
えっと……
秀隆
秀隆
この間、オレお前に言ったよな。アクセラはオレを好きなんじゃないかって
この間、オレお前に言ったよな。アクセラはオレを好きなんじゃないかって
アクセラ
アクセラ
は、はい……
は、はい……
秀隆
秀隆
改めて……どうなんだ、その。おまえの感情は
改めて……どうなんだ、その。おまえの感情は
アクセラ
アクセラ
……なんと表現していいのか、まだわかりません
……なんと表現していいのか、まだわかりません
アクセラ
アクセラ
ですが、日増しに秀隆様を見るのが辛くなってきました
ですが、日増しに秀隆様を見るのが辛くなってきました
アクセラ
アクセラ
お顔を見るだけで、機能が停止してしまいそうになります……
お顔を見るだけで、機能が停止してしまいそうになります……
秀隆
秀隆
そ、そっか……
そ、そっか……
秀隆
秀隆
こう言うことをだな……改めて言うのは、何なんだが……
こう言うことをだな……改めて言うのは、何なんだが……
秀隆
秀隆
オレはおまえのこと、大切だと思ってる、からな
オレはおまえのこと、大切だと思ってる、からな
アクセラ
アクセラ
それは先日、お聞きいたしました。
それは先日、お聞きいたしました。
今でも私は、その時のことを鮮明に記憶しています
今でも私は、その時のことを鮮明に記憶しています
秀隆
秀隆
あーうん、そうか、そりゃ良かった……
あーうん、そうか、そりゃ良かった……
アクセラ
アクセラ
ただ……私自身、分からないこともあります……
ただ……私自身、分からないこともあります……
秀隆
秀隆
なんだよ、分からないことって
なんだよ、分からないことって
アクセラ
アクセラ
……秀隆様の言う、大切、と言う言葉の意味です
……秀隆様の言う、大切、と言う言葉の意味です
アクセラ
アクセラ
それはどう言う大切、なのでしょうか？　あれから考えましたが、わからないんです
それはどう言う大切、なのでしょうか？　あれから考えましたが、わからないんです
秀隆
秀隆
……そこは、重要なのか？
……そこは、重要なのか？
アクセラ
アクセラ
それも分かりません。私には、判断がつきません
それも分かりません。私には、判断がつきません
アクセラ
アクセラ
ですが……お聞きしたいと思っている自分がいます
ですが……お聞きしたいと思っている自分がいます
秀隆
秀隆
そうか……
そうか……
秀隆
秀隆
ん、とだな……それは、なんていうか……
ん、とだな……それは、なんていうか……
秀隆
秀隆
家族……としても大切だと思ってる
家族……としても大切だと思ってる
アクセラ
アクセラ
ありがとうございます
ありがとうございます
アクセラ
アクセラ
ですが、も、と言うことは他にも意味があるのですか？
ですが、も、と言うことは他にも意味があるのですか？
秀隆
秀隆
……かも、な
……かも、な
アクセラ
アクセラ
お聞きしたいです
お聞きしたいです
秀隆
秀隆
重要か？　そこ……
重要か？　そこ……
アクセラ
アクセラ
私は非常に重要だ、と考えています
私は非常に重要だ、と考えています
アクセラ
アクセラ
お願いします、教えてください
お願いします、教えてください
秀隆
秀隆
……その、だな……
……その、だな……
秀隆
秀隆
つまりなんだ……
つまりなんだ……
秀隆
秀隆
オレは……
オレは……
横に座るアクセラへと顔を向ける。
横に座るアクセラへと顔を向ける。
アクセラはオレを見て、じっとしていた。
アクセラはオレを見て、じっとしていた。
その視線はオレの口元を見ているような気がする。
その視線はオレの口元を見ているような気がする。
秀隆
秀隆
……あー……
……あー……
秀隆
秀隆
だからその……
だからその……
秀隆
秀隆
おまえが……一人の女として……す、好き、ってことだ……
おまえが……一人の女として……す、好き、ってことだ……
ついに言ってしまった。
ついに言ってしまった。
オレは、アンドロイドに告白をしたのだ。
オレは、アンドロイドに告白をしたのだ。
傍目に見れば、変態の極致だろう。
傍目に見れば、変態の極致だろう。
アクセラの反応は
アクセラの反応は
そう思い視線を送ると、
そう思い視線を送ると、
アクセラ
アクセラ
ぷぺぽっ！
ぷぺぽっ！
秀隆
秀隆
え？
え？
突然、変な擬音を発した。
突然、変な擬音を発した。
アクセラ
アクセラ
し、失礼致しましたッ
し、失礼致しましたッ
そう言い、さっと俯いてしまった。
そう言い、さっと俯いてしまった。
最近のアクセラは、よく俯く気がする。
最近のアクセラは、よく俯く気がする。
秀隆
秀隆
な、なんだよ。こんなこと、言われて迷惑だったか？
な、なんだよ。こんなこと、言われて迷惑だったか？
秀隆
秀隆
そっ、そりゃおまえに、本当の意味で恋や愛を理解しろとは言えないけど……
そっ、そりゃおまえに、本当の意味で恋や愛を理解しろとは言えないけど……
秀隆
秀隆
……忘れてくれ
……忘れてくれ
アクセラ
アクセラ
忘れたくないです……
忘れたくないです……
秀隆
秀隆
えっ？
えっ？
アクセラ
アクセラ
今仰っていただいたことは、忘れねばならないのでしょうか？
今仰っていただいたことは、忘れねばならないのでしょうか？
秀隆
秀隆
いや、別に、覚えてても、いいけど……
いや、別に、覚えてても、いいけど……
アクセラ
アクセラ
はい、でしたら私は忘れたくありません
はい、でしたら私は忘れたくありません
秀隆
秀隆
じゃあ何で、そんな俯いてるんだよ……
じゃあ何で、そんな俯いてるんだよ……
アクセラ
アクセラ
分かりません……
分かりません……
アクセラ
アクセラ
いえ、分かります。分かりますが、分かりません
いえ、分かります。分かりますが、分かりません
秀隆
秀隆
なんだそりゃ……
なんだそりゃ……
アクセラ
アクセラ
もう、一秒たりとも秀隆様のお顔を、見れないのです……
もう、一秒たりとも秀隆様のお顔を、見れないのです……
アクセラ
アクセラ
見ようとすると、顔を背けてしまいます
見ようとすると、顔を背けてしまいます
秀隆
秀隆
……こっちを向け、命令だ
……こっちを向け、命令だ
アクセラ
アクセラ
聞きたくない命令は聞かなくてもいいんですよね？
聞きたくない命令は聞かなくてもいいんですよね？
秀隆
秀隆
本当に聞きたくない命令なら……な
本当に聞きたくない命令なら……な
アクセラ
アクセラ
そうでした……
そうでした……
アクセラは、恐る恐るオレのほうへと向く。
アクセラは、恐る恐るオレのほうへと向く。
その顔は、誰の目から見ても、真っ赤になっていた。
その顔は、誰の目から見ても、真っ赤になっていた。
こちらを向いてはいるが、視線はうろうろとしている。
こちらを向いてはいるが、視線はうろうろとしている。
アクセラ
アクセラ
……す、凄く、その、緊張してしまいます……
……す、凄く、その、緊張してしまいます……
アクセラ
アクセラ
どうしてでしょうか？
どうしてでしょうか？
もじもじと身体をくねらせ、真っ赤な顔でオレを見つめるアクセラ。
もじもじと身体をくねらせ、真っ赤な顔でオレを見つめるアクセラ。
思わず抱きしめたい衝動に駆られたが、
思わず抱きしめたい衝動に駆られたが、
それをするには、勇気が足りない。
それをするには、勇気が足りない。
と言うか、大前提が足りない。
と言うか、大前提が足りない。
秀隆
秀隆
おまえは、その……どう、感じる？
おまえは、その……どう、感じる？
秀隆
秀隆
オレのことを、どう思ってるんだ？
オレのことを、どう思ってるんだ？
アクセラ
アクセラ
それは―――命令、でしょうか？
それは―――命令、でしょうか？
秀隆
秀隆
……いや、違う。おまえが言いたくないなら言わなくてもいい
……いや、違う。おまえが言いたくないなら言わなくてもいい
秀隆
秀隆
素直な気持ちが、知りたいだけなんだ
素直な気持ちが、知りたいだけなんだ
アクセラ
アクセラ
……今までわからなかった答えは出ました……でも……
……今までわからなかった答えは出ました……でも……
アクセラ
アクセラ
私は……アンドロイドです。
私は……アンドロイドです。
越えては行けないものが、何なのか、分かっているつもりです
越えては行けないものが、何なのか、分かっているつもりです
アクセラ
アクセラ
ですから、私のこのような気持ちなど、
ですから、私のこのような気持ちなど、
秀隆様にはお伝えしない方が良いと思います
秀隆様にはお伝えしない方が良いと思います
アクセラ
アクセラ
きっと、酷く、軽蔑されると思います……
きっと、酷く、軽蔑されると思います……
秀隆
秀隆
聞かなきゃ分からないだろ、そんなこと
聞かなきゃ分からないだろ、そんなこと
アクセラ
アクセラ
ですが……
ですが……
秀隆
秀隆
頼む教えてくれ。どんな答えであっても、オレは受け入れる
頼む教えてくれ。どんな答えであっても、オレは受け入れる
アクセラ
アクセラ
秀隆様……
秀隆様……
秀隆
秀隆
オレのこと、どう思ってるんだ？
オレのこと、どう思ってるんだ？
アクセラ
アクセラ
…………
…………
アクセラ
アクセラ
……お慕い……申しております……
……お慕い……申しております……
顔を隠すように、アクセラはオレの肩に顔を寄せてきた。
顔を隠すように、アクセラはオレの肩に顔を寄せてきた。
秀隆
秀隆
…………
…………
自分から要求しておいて、顔から湯気が出そうだった。
自分から要求しておいて、顔から湯気が出そうだった。
オレは恐る恐る、アクセラの肩へと手を置く。
オレは恐る恐る、アクセラの肩へと手を置く。
アクセラはアンドロイドだ。
アクセラはアンドロイドだ。
誰かに作られたモノであり、人間ではない。
誰かに作られたモノであり、人間ではない。
だが
だが
オレは、アンドロイドに恋をした。
オレは、アンドロイドに恋をした。
それは変えようのない事実であり、現実だ。
それは変えようのない事実であり、現実だ。
他の誰かが聞けば、それは嫌悪することなのかも知れない。
他の誰かが聞けば、それは嫌悪することなのかも知れない。
後ろ指さされることなのかも知れない。
後ろ指さされることなのかも知れない。
でも、それでも
でも、それでも
秀隆
秀隆
病院で言ったよな。オレは、人間だとかアンドロイドだとか、
病院で言ったよな。オレは、人間だとかアンドロイドだとか、
そう言うことはもう、関係ないと思ってる
そう言うことはもう、関係ないと思ってる
秀隆
秀隆
ただ一人の異性として、おまえが、その……好きだ……
ただ一人の異性として、おまえが、その……好きだ……
アクセラ
アクセラ
……どのように、お答えすれば良いか、分かりません
……どのように、お答えすれば良いか、分かりません
アクセラ
アクセラ
嬉しくて、恥ずかしくて、満足に顔が見られません
嬉しくて、恥ずかしくて、満足に顔が見られません
アクセラ
アクセラ
でも、心が、私の感情が温かくなります
でも、心が、私の感情が温かくなります
アクセラ
アクセラ
これが、恋をすると言うことなのでしょうか……？
これが、恋をすると言うことなのでしょうか……？
秀隆
秀隆
アクセラ……
アクセラ……
オレは、髪をかき上げ、両手で頬にそっと触れる。
オレは、髪をかき上げ、両手で頬にそっと触れる。
そして顔をゆっくりとこちらへ向けさせた。
そして顔をゆっくりとこちらへ向けさせた。
秀隆
秀隆
おまえに、今、キスしたい
おまえに、今、キスしたい
アクセラ
アクセラ
秀隆様……
秀隆様……
そして、オレはゆっくりと目を閉じ
そして、オレはゆっくりと目を閉じ
アクセラ
アクセラ
……お断りします……
……お断りします……
秀隆
秀隆
アクセラ……って、断るのかよっ！
アクセラ……って、断るのかよっ！
アクセラ
アクセラ
何故、私が秀隆様とキスをしなければならないのでしょう？
何故、私が秀隆様とキスをしなければならないのでしょう？
秀隆
秀隆
な、何でって、この流れは、そう言う流れだろ！？
な、何でって、この流れは、そう言う流れだろ！？
アクセラ
アクセラ
そう、申されましても……嫌なことは断ってもいいと
そう、申されましても……嫌なことは断ってもいいと
秀隆
秀隆
そ、そりゃそういったけどもさ！？
そ、そりゃそういったけどもさ！？
アクセラ
アクセラ
病気でもうつされたら、どう責任を取るおつもりですか
病気でもうつされたら、どう責任を取るおつもりですか
秀隆
秀隆
い、いや、おまえアンドロイドだし、病気とかないだろ……
い、いや、おまえアンドロイドだし、病気とかないだろ……
瞬く間に、最高だったムードは、いつもの雰囲気へと逆戻りした。
瞬く間に、最高だったムードは、いつもの雰囲気へと逆戻りした。
秀隆
秀隆
くそっ、くそっ！
くそっ、くそっ！
バンバンとベッドを叩く。
バンバンとベッドを叩く。
オレのこの、消化不良の気持ちはどこにぶつければいいんだっ！
オレのこの、消化不良の気持ちはどこにぶつければいいんだっ！
アクセラ
アクセラ
あの……
あの……
秀隆
秀隆
なんだよっ！
なんだよっ！
オレはちょっと涙目だったかもしれない。
オレはちょっと涙目だったかもしれない。
アクセラ
アクセラ
お断りする、と言うのは、ほんの冗談だったのですが……
お断りする、と言うのは、ほんの冗談だったのですが……
秀隆
秀隆
え、いいの？
え、いいの？
アクセラ
アクセラ
あ、やっぱりお断りします
あ、やっぱりお断りします
秀隆
秀隆
どっちだよ！
どっちだよ！
アクセラ
アクセラ
ヨコシマな感情がなければ、問題ないです
ヨコシマな感情がなければ、問題ないです
秀隆
秀隆
アクセラ
アクセラ
オレは、ポンと肩に手を置く。
オレは、ポンと肩に手を置く。
秀隆
秀隆
それは無理だぁ
それは無理だぁ
アクセラ
アクセラ
その悟ったかのような開き直り、さすがですね……
その悟ったかのような開き直り、さすがですね……
秀隆
秀隆
いいか、男って生き物は、一度火がついたら簡単には止まらない
いいか、男って生き物は、一度火がついたら簡単には止まらない
秀隆
秀隆
それはもう、ひたすら暴走を続けるものなんだ
それはもう、ひたすら暴走を続けるものなんだ
アクセラ
アクセラ
はぁ……
はぁ……
秀隆
秀隆
だから、キスしよう。な？
だから、キスしよう。な？
アクセラ
アクセラ
アンドロイドに性的興奮を覚える、２３歳無職童貞
アンドロイドに性的興奮を覚える、２３歳無職童貞
秀隆
秀隆
ぜ、前半はともかく、
ぜ、前半はともかく、
無職童貞は嘘だっ
無職童貞は嘘だっ
アクセラ
アクセラ
アンドロイドへの性的興奮を覚える変態、までは納得されたのですね
アンドロイドへの性的興奮を覚える変態、までは納得されたのですね
秀隆
秀隆
余計な一文が追加されてるぞ……
余計な一文が追加されてるぞ……
アクセラ
アクセラ
変態をお認めにならないのであれば、キスは無理です
変態をお認めにならないのであれば、キスは無理です
秀隆
秀隆
変態です
変態です
アクセラ
アクセラ
……あの、そんなにキスされたいのですか？
……あの、そんなにキスされたいのですか？
秀隆
秀隆
したい。猛烈にしたい
したい。猛烈にしたい
秀隆
秀隆
ていうか、させてください
ていうか、させてください
恥もプライドも捨て、オレは頭を下げた。
恥もプライドも捨て、オレは頭を下げた。
アクセラ
アクセラ
……格好悪いです、秀隆様
……格好悪いです、秀隆様
そう言い、立ち去りかけたアクセラが戻ってきた。
そう言い、立ち去りかけたアクセラが戻ってきた。
オレはこの機を逃すまいと、アクセラを自らの膝の上へと座らせた。
オレはこの機を逃すまいと、アクセラを自らの膝の上へと座らせた。
アクセラ
アクセラ
あ、あの……
あ、あの……
秀隆
秀隆
いつまでも格好悪いオレだと思うなよ？
いつまでも格好悪いオレだと思うなよ？
アクセラ
アクセラ
えっ？
えっ？
オレはアクセラ頭に手を伸ばすと、そっとこちらへと顔を向けさせた。
オレはアクセラ頭に手を伸ばすと、そっとこちらへと顔を向けさせた。
そして、ジッとアクセラの顔を見つめる。
そして、ジッとアクセラの顔を見つめる。
アクセラは顔を再び赤くし、視線を逸らす。
アクセラは顔を再び赤くし、視線を逸らす。
秀隆
秀隆
今から、格好良い秀隆になってやる
今から、格好良い秀隆になってやる
アクセラ
アクセラ
ど、どう言うことですか
ど、どう言うことですか
秀隆
秀隆
キスするぞ
キスするぞ
アクセラ
アクセラ
もう、疑問系にすらなっておりませんが
もう、疑問系にすらなっておりませんが
秀隆
秀隆
実行することを決めたからな
実行することを決めたからな
アクセラ
アクセラ
……突然悲鳴を上げても良いですか？
……突然悲鳴を上げても良いですか？
秀隆
秀隆
やめてください……
やめてください……
いつまで経っても、前に進めそうにない……。
いつまで経っても、前に進めそうにない……。
秀隆
秀隆
キスするからな。もし嫌なら逃げろ
キスするからな。もし嫌なら逃げろ
秀隆
秀隆
そしたら、もうしない
そしたら、もうしない
アクセラ
アクセラ
……ではお言葉に甘えて
……ではお言葉に甘えて
スッと立ち上がろうとしたアクセラ。
スッと立ち上がろうとしたアクセラ。
オレはがっちりと肩を抑えているので、立ち上がらせない。
オレはがっちりと肩を抑えているので、立ち上がらせない。
アクセラ
アクセラ
あの、逃げられないのですが……
あの、逃げられないのですが……
秀隆
秀隆
……本当に、嫌だったりするのか？
……本当に、嫌だったりするのか？
アクセラ
アクセラ
泣きそうにならないでください
泣きそうにならないでください
アクセラ
アクセラ
その、ただ、なんと言いますか……
その、ただ、なんと言いますか……
アクセラ
アクセラ
キスする、と言う行為が、とても、あの……
キスする、と言う行為が、とても、あの……
アクセラ
アクセラ
結果何を導き出すのか、思考できないんです
結果何を導き出すのか、思考できないんです
秀隆
秀隆
キスすればわかる。な？
キスすればわかる。な？
アクセラ
アクセラ
……必死ですね
……必死ですね
秀隆
秀隆
好きなんだ、おまえが
好きなんだ、おまえが
アクセラ
アクセラ
それは……お聞きしました。とても、嬉しいです
それは……お聞きしました。とても、嬉しいです
秀隆
秀隆
キスしたいんだ、おまえと
キスしたいんだ、おまえと
アクセラ
アクセラ
それも……お聞きしました。お断り
それも……お聞きしました。お断り
アクセラ
アクセラ
いえ、やめておきます。これ以上は
いえ、やめておきます。これ以上は
秀隆
秀隆
じゃあ、いいのか？
じゃあ、いいのか？
アクセラ
アクセラ
秀隆様のお気持ちが変わってしまうのが、怖くなりました
秀隆様のお気持ちが変わってしまうのが、怖くなりました
アクセラ
アクセラ
……してください
……してください
秀隆
秀隆
……いいのか？
……いいのか？
アクセラ
アクセラ
先ほどまでの勢いはどうしたのですか
先ほどまでの勢いはどうしたのですか
秀隆
秀隆
い、いや、改めて言われると……な……
い、いや、改めて言われると……な……
アクセラ
アクセラ
大丈夫です。どうぞ
大丈夫です。どうぞ
秀隆
秀隆
おっ、おう……
おっ、おう……
オレは、汗ばむ手に力を入れ、顔をアクセラへと近づけた。
オレは、汗ばむ手に力を入れ、顔をアクセラへと近づけた。
そして
そして
最終章・アクセラルートその６』アクセラH
最終章・アクセラルートその６』アクセラH
アクセラ
アクセラ
秀隆様……
秀隆様……
秀隆
秀隆
ん？
ん？
アクセラ
アクセラ
私の前で、必死に腰を振る秀隆様……素敵でした
私の前で、必死に腰を振る秀隆様……素敵でした
秀隆
秀隆
そ、そうかな？
そ、そうかな？
アクセラ
アクセラ
はい……今も、素敵です
はい……今も、素敵です
オレの腕に抱き付くアクセラ。
オレの腕に抱き付くアクセラ。
秀隆
秀隆
あ、アクセラのおっぱいもな……
あ、アクセラのおっぱいもな……
アクセラ
アクセラ
このおっぱいは、秀隆様専用です、いつでもご使用ください
このおっぱいは、秀隆様専用です、いつでもご使用ください
秀隆
秀隆
じゃあ遠慮なく
じゃあ遠慮なく
オレはバフッとアクセラの胸に顔を埋めた。
オレはバフッとアクセラの胸に顔を埋めた。
両手でもみもみしながら、スーハ―スーハ―。
両手でもみもみしながら、スーハ―スーハ―。
変態です。
変態です。
秀隆
秀隆
あのさ……おっぱい吸いながら寝てもいいか？
あのさ……おっぱい吸いながら寝てもいいか？
アクセラ
アクセラ
もちろん、秀隆様の望まれるままに
もちろん、秀隆様の望まれるままに
オレは、アクセラのぷっくりとした乳首に吸い付く。
オレは、アクセラのぷっくりとした乳首に吸い付く。
アクセラ
アクセラ
あっ……ん……
あっ……ん……
アクセラが優しく抱きしめてくれる。
アクセラが優しく抱きしめてくれる。
うん、オレ、このまま死んでも文句はありません。
うん、オレ、このまま死んでも文句はありません。
…………。
…………。
……。
……。
