恋
恋
忘れ物はありませんか？
忘れ物はありませんか？
恭一
恭一
大丈夫だ。携帯に、賃貸の契約書と、ばっちりと持ったぜ
大丈夫だ。携帯に、賃貸の契約書と、ばっちりと持ったぜ
恋
恋
どうして賃貸の契約書を持っていく必要があるんですかっ！
どうして賃貸の契約書を持っていく必要があるんですかっ！
恭一
恭一
何となくだな
何となくだな
恋
恋
何となくで家の契約書を持ち出さないで下さい……
何となくで家の契約書を持ち出さないで下さい……
恋
恋
楽しみですね、ホープタウン
楽しみですね、ホープタウン
恭一
恭一
おまえも行ったことはないのか？
おまえも行ったことはないのか？
恋
恋
はい。特務官でも、私のような役立たずでは同行も出来ませんから
はい。特務官でも、私のような役立たずでは同行も出来ませんから
恭一
恭一
自分で役立たずだと言って虚しくないか？
自分で役立たずだと言って虚しくないか？
恋
恋
事実だから仕方ありません
事実だから仕方ありません
恭一
恭一
そんなんじゃ、一生お茶汲みどまりだな
そんなんじゃ、一生お茶汲みどまりだな
恋
恋
そうならないよう、一応頑張ってはいるつもりです
そうならないよう、一応頑張ってはいるつもりです
前向きなんだかむしろ向きなんだか。
前向きなんだかむしろ向きなんだか。
恭一
恭一
ここがステーションか
ここがステーションか
恭一
恭一
今ホームに止まっている電車が、ホープタウンに行くんだよな
今ホームに止まっている電車が、ホープタウンに行くんだよな
恋
恋
そうだと思います
そうだと思います
中に入り、オレたちは適当に腰を降ろした。
中に入り、オレたちは適当に腰を降ろした。
恋
恋
ちょっと緊張しますね
ちょっと緊張しますね
恭一
恭一
なんならケツでも触ってやろうか？
なんならケツでも触ってやろうか？
恋
恋
結構です。あなたに触らせるためのものではありませんっ
結構です。あなたに触らせるためのものではありませんっ
恭一
恭一
じゃあ誰にならいいんだよ
じゃあ誰にならいいんだよ
恋
恋
だ、誰でもダメです
だ、誰でもダメです
恭一
恭一
んなこと言っても、いつかは触らせるわけだろ？
んなこと言っても、いつかは触らせるわけだろ？
恋
恋
触らせませんよっ！
触らせませんよっ！
顔を真っ赤にして怒る。
顔を真っ赤にして怒る。
恭一
恭一
そんな様子じゃ、セックスの時どうすんだよ
そんな様子じゃ、セックスの時どうすんだよ
恋
恋
そ、そう言う発言は最低だと思います……
そ、そう言う発言は最低だと思います……
恭一
恭一
最低ねえ
最低ねえ
程なくして電車が動きだす。
程なくして電車が動きだす。
恭一
恭一
暫く寝る。ついたら起こせ
暫く寝る。ついたら起こせ
恋
恋
すぐ着くと思いますけど……昨日寝てなかったんですか？
すぐ着くと思いますけど……昨日寝てなかったんですか？
恭一
恭一
ホープタウンに行くと聞いて、色々調べてたからな
ホープタウンに行くと聞いて、色々調べてたからな
恭一
恭一
…………
…………
恋
恋
そういうところ、子供みたいで可愛いのに……
そういうところ、子供みたいで可愛いのに……
恭一
恭一
ついたのか……？
ついたのか……？
恋
恋
多分……
多分……
オレたちは電車から降りる。
オレたちは電車から降りる。
しかし、そこはさっきみたステーションと同じ形だった。
しかし、そこはさっきみたステーションと同じ形だった。
恭一
恭一
構造は同じだと知ってたが、ここまで一緒なのか
構造は同じだと知ってたが、ここまで一緒なのか
恋
恋
とりあえず、外に出てみましょうか
とりあえず、外に出てみましょうか
恭一
恭一
それはいいが、おまえちゃんと調べてきたんだろうな
それはいいが、おまえちゃんと調べてきたんだろうな
恋
恋
え？
え？
恭一
恭一
お互い知らない土地に足を踏み入れるんだ。
お互い知らない土地に足を踏み入れるんだ。
事前にどこに行くかとか、調べてきてないのか？
事前にどこに行くかとか、調べてきてないのか？
恋
恋
調べてないです……ついてから考えようと思って
調べてないです……ついてから考えようと思って
恭一
恭一
バカかおまえは。一日は限られてんだぜ？
バカかおまえは。一日は限られてんだぜ？
そんなもん調べてくるのが常識だろうが
そんなもん調べてくるのが常識だろうが
恋
恋
そ、それなら恭一さんが調べてきてもいいじゃないですかっ
そ、それなら恭一さんが調べてきてもいいじゃないですかっ
恭一
恭一
オレはホープタウンの知識を得るので手一杯だ
オレはホープタウンの知識を得るので手一杯だ
恭一
恭一
そう言う細かいところはおまえの役目だろ
そう言う細かいところはおまえの役目だろ
恋
恋
い、いつから私の役目に……
い、いつから私の役目に……
恋
恋
わかりました。じゃあ、ちょっと連絡してみることにします
わかりました。じゃあ、ちょっと連絡してみることにします
恭一
恭一
連絡？
連絡？
恋
恋
はい
はい
そう言うと、恋は携帯を手に取った。
そう言うと、恋は携帯を手に取った。
秀隆
秀隆
もしもし？
もしもし？
恋
恋
あの、島津さんの携帯でよろしいでしょうか？
あの、島津さんの携帯でよろしいでしょうか？
秀隆
秀隆
そうですけど……
そうですけど……
恋
恋
私、ドリームタウンの特務官、長谷川です
私、ドリームタウンの特務官、長谷川です
秀隆
秀隆
……はせがわ……
……はせがわ……
秀隆
秀隆
恋さん！？
恋さん！？
恋
恋
は、はい。そうです。突然お電話してしまい申し訳御座いません
は、はい。そうです。突然お電話してしまい申し訳御座いません
秀隆
秀隆
いえいえいえいえ、何を仰いますやら！
いえいえいえいえ、何を仰いますやら！
恋
恋
今、少しお時間よろしいでしょうか？
今、少しお時間よろしいでしょうか？
秀隆
秀隆
もちろんです。あなたのために空けておきましたっ
もちろんです。あなたのために空けておきましたっ
秀隆
秀隆
あれ？　電話が通じてるってことは……
あれ？　電話が通じてるってことは……
恋
恋
はい。今ホープタウンに来ているんです。恭一さんと
はい。今ホープタウンに来ているんです。恭一さんと
秀隆
秀隆
……恭一さんと……？
……恭一さんと……？
恋
恋
では、お待ちしております。お手数ですがよろしくお願いします
では、お待ちしております。お手数ですがよろしくお願いします
恭一
恭一
なるほどな。島津を案内に使うわけか。なかなかの機転だ
なるほどな。島津を案内に使うわけか。なかなかの機転だ
恋
恋
一応、快く引き受けては下さいました
一応、快く引き受けては下さいました
恋
恋
恭一さんと違って優しい方ですよね。急なお願いなのに
恭一さんと違って優しい方ですよね。急なお願いなのに
恭一
恭一
下心があるだけだろ
下心があるだけだろ
恋
恋
どうしてそう、恭一さんはすぐそんな方向に話しをもって行くんですか
どうしてそう、恭一さんはすぐそんな方向に話しをもって行くんですか
恋
恋
もっと正しい目で物事見た方がいいと思います
もっと正しい目で物事見た方がいいと思います
恭一
恭一
正しい目ねえ
正しい目ねえ
恭一
恭一
よし、とりあえず外を見てくる
よし、とりあえず外を見てくる
恋
恋
だ、ダメですよ、すぐ島津さんがきてくれますからっ
だ、ダメですよ、すぐ島津さんがきてくれますからっ
恭一
恭一
ちょっと見てくるだけだ。来るまでには戻る
ちょっと見てくるだけだ。来るまでには戻る
恋
恋
あ、もう、まってください！　恭一さん！
あ、もう、まってください！　恭一さん！
秀隆
秀隆
お待たせしましたっ
お待たせしましたっ
恋
恋
こちらこそ、急に押しかけてしまい申し訳ありません
こちらこそ、急に押しかけてしまい申し訳ありません
秀隆
秀隆
いえいえ。でも、どうしてオレの番号が分かったんですか？
いえいえ。でも、どうしてオレの番号が分かったんですか？
恋
恋
希望ちゃんに教えてもらったんです
希望ちゃんに教えてもらったんです
秀隆
秀隆
なるほど
なるほど
秀隆
秀隆
それで、恭一さんは？
それで、恭一さんは？
恋
恋
それが……ジッとしているように言ったんですが……
それが……ジッとしているように言ったんですが……
秀隆
秀隆
もしかして
もしかして
恋
恋
はい。勝手にどこかへ……
はい。勝手にどこかへ……
恋
恋
あの人は、ほんといつもそうなんです……
あの人は、ほんといつもそうなんです……
街に出れば勝手にフラフラして、おまけにすぐトラブルに巻き込まれて
街に出れば勝手にフラフラして、おまけにすぐトラブルに巻き込まれて
恋
恋
私がお願いしても全然言うこと聞いてくれませんし……
私がお願いしても全然言うこと聞いてくれませんし……
恋
恋
この間も見知らぬ人に突然喧嘩を吹っ掛けたり……
この間も見知らぬ人に突然喧嘩を吹っ掛けたり……
秀隆
秀隆
な、なんだか大変そうですね
な、なんだか大変そうですね
恋
恋
はい。苦労が絶えません……
はい。苦労が絶えません……
秀隆
秀隆
だけど、それでもお付き合いしてるってことは、好きってことですよね
だけど、それでもお付き合いしてるってことは、好きってことですよね
恋
恋
それは……色々複雑な事情があるんです
それは……色々複雑な事情があるんです
恋
恋
……好きでは、ありますけど……
……好きでは、ありますけど……
秀隆
秀隆
恭一さん、携帯はお持ちじゃないんですか
恭一さん、携帯はお持ちじゃないんですか
恋
恋
持ってはいるんですが、繋がらなくて……
持ってはいるんですが、繋がらなくて……
秀隆
秀隆
そうですか。あちらの方にいかれたんですよね？　探しましょう
そうですか。あちらの方にいかれたんですよね？　探しましょう
恋
恋
本当にすみません。朝からお呼びたてしたうえに、捜索まで
本当にすみません。朝からお呼びたてしたうえに、捜索まで
秀隆
秀隆
構いません。元々遊びに来て下さいとお願いしたのはオレですし
構いません。元々遊びに来て下さいとお願いしたのはオレですし
秀隆
秀隆
ホープタウンは初めてですか？
ホープタウンは初めてですか？
恋
恋
私も恭一さんも初めてです
私も恭一さんも初めてです
秀隆
秀隆
なら、それを案内できるなんて光栄なことです。ようこそ、ホープタウンへ
なら、それを案内できるなんて光栄なことです。ようこそ、ホープタウンへ
恋
恋
……お優しいんですね、島津さんは
……お優しいんですね、島津さんは
秀隆
秀隆
いやぁあああ
いやぁあああ
恋
恋
なんだか、私たちの住む街とは全く違うんですね……
なんだか、私たちの住む街とは全く違うんですね……
周囲を見渡し、そして空を見上げていった。
周囲を見渡し、そして空を見上げていった。
秀隆
秀隆
やっぱり青空の存在は大きいと思います。
やっぱり青空の存在は大きいと思います。
同じようなジオフロントでも、広々として見えますよね
同じようなジオフロントでも、広々として見えますよね
恋
恋
はい。人々にも、すごく活気があるといいますか
はい。人々にも、すごく活気があるといいますか
秀隆
秀隆
まぁ、カジノのような熱狂さは、足りないかもですが
まぁ、カジノのような熱狂さは、足りないかもですが
秀隆
秀隆
よかった。どうやら遠くには行ってなかったようですね
よかった。どうやら遠くには行ってなかったようですね
恋
恋
勝手にうろうろしちゃ駄目って言ったじゃないですかっ
勝手にうろうろしちゃ駄目って言ったじゃないですかっ
恭一
恭一
しっかりしろバカ者
しっかりしろバカ者
恋
恋
え、ええっ！？
え、ええっ！？
恭一
恭一
おまえがはぐれるから探すのに大変だっただろ
おまえがはぐれるから探すのに大変だっただろ
恋
恋
私ははぐれてませんっ。はぐれたのは恭一さんです
私ははぐれてませんっ。はぐれたのは恭一さんです
恭一
恭一
罪の擦り付けあいほど見っともないものはないな
罪の擦り付けあいほど見っともないものはないな
恋
恋
そ、そんなこと言われても、私は悪くない……ですよ……
そ、そんなこと言われても、私は悪くない……ですよ……
秀隆
秀隆
おはようございます恭一さん。朝から飛ばしてますね
おはようございます恭一さん。朝から飛ばしてますね
恭一
恭一
飛ばす？　何言ってんだおまえ。頭大丈夫か？
飛ばす？　何言ってんだおまえ。頭大丈夫か？
秀隆
秀隆
い、いえ
い、いえ
恋
恋
失礼な物言いをしないでください。
失礼な物言いをしないでください。
島津さんはわざわざ休日に出てきてくださったんですから
島津さんはわざわざ休日に出てきてくださったんですから
恭一
恭一
頼んだ覚えはないけどな
頼んだ覚えはないけどな
恋
恋
恭一さん！
恭一さん！
恭一
恭一
……うるさい女だ
……うるさい女だ
恭一
恭一
アレが噂の空か
アレが噂の空か
とても映像とは思えない空が広がっている。
とても映像とは思えない空が広がっている。
これが偽物だってのか……凄い世の中になったもんだ。
これが偽物だってのか……凄い世の中になったもんだ。
秀隆
秀隆
噂の？
噂の？
恭一
恭一
おまえに貰った資料に書かれてあった
おまえに貰った資料に書かれてあった
秀隆
秀隆
あぁそうか……はい。ホログラムによる映像です
あぁそうか……はい。ホログラムによる映像です
恭一
恭一
まるで本物みたいだな
まるで本物みたいだな
秀隆
秀隆
……そうですね
……そうですね
恭一
恭一
それで、お前はどこに案内してくれるんだ？
それで、お前はどこに案内してくれるんだ？
秀隆
秀隆
ホープタウンで、最も観光として有名な場所にご案内します
ホープタウンで、最も観光として有名な場所にご案内します
恋
恋
凄い……こんなにも、沢山の自然が……！
凄い……こんなにも、沢山の自然が……！
秀隆
秀隆
何か特別な機具があったりするわけじゃないんですけど
何か特別な機具があったりするわけじゃないんですけど
恋
恋
凄い、凄いですっ
凄い、凄いですっ
恭一
恭一
よくこれだけの広大な敷地を確保したもんだな
よくこれだけの広大な敷地を確保したもんだな
秀隆
秀隆
元々、ジオフロントの大きさが圧倒的に違いますから
元々、ジオフロントの大きさが圧倒的に違いますから
恭一
恭一
ドリームじゃ、土地がない土地がないと喚いているが、
ドリームじゃ、土地がない土地がないと喚いているが、
こっちにはそんな悩みは微塵もなさそうだな
こっちにはそんな悩みは微塵もなさそうだな
秀隆
秀隆
どこに比重を置くかではないでしょうか。
どこに比重を置くかではないでしょうか。
この公園はホープタウンの象徴です。
この公園はホープタウンの象徴です。
例え土地がなくても取り壊すような真似はしないでしょう
例え土地がなくても取り壊すような真似はしないでしょう
恋
恋
もう、どうしてあなたは素直に感動することが出来ないんですか？
もう、どうしてあなたは素直に感動することが出来ないんですか？
恭一
恭一
オレは景色に対する感動よりも、ジオフロントそのものの構造に興味がある
オレは景色に対する感動よりも、ジオフロントそのものの構造に興味がある
秀隆
秀隆
ここは、ドリームタウンにとってのカジノと同じなんです。
ここは、ドリームタウンにとってのカジノと同じなんです。
平日には誰かがベンチで食事をし、休日には親子連れでスポーツを楽しむ
平日には誰かがベンチで食事をし、休日には親子連れでスポーツを楽しむ
秀隆
秀隆
それがホープタウンにある娯楽です
それがホープタウンにある娯楽です
恭一
恭一
なるほどな。この広い公園そのものに、大きな意味があると
なるほどな。この広い公園そのものに、大きな意味があると
秀隆
秀隆
はい。どうですか、ホープタウンの印象は
はい。どうですか、ホープタウンの印象は
恭一
恭一
悪くない。むしろ、こっちの方が落ち着くくらいだ
悪くない。むしろ、こっちの方が落ち着くくらいだ
秀隆
秀隆
それはよかったです
それはよかったです
恋
恋
来た甲斐がありましたね
来た甲斐がありましたね
秀隆
秀隆
そういえば、今日はまたどうしてホープタウンに？
そういえば、今日はまたどうしてホープタウンに？
恋
恋
大河内代表にＶＩＰチケットを頂いたんです。
大河内代表にＶＩＰチケットを頂いたんです。
特務官の方々には、殆ど配られたそうなんですけど。
特務官の方々には、殆ど配られたそうなんですけど。
折角なので、休日の今利用させていただこうとなりまして
折角なので、休日の今利用させていただこうとなりまして
秀隆
秀隆
そうでしたか
そうでしたか
恭一
恭一
あのでかいビルは？
あのでかいビルは？
恋
恋
倉屋敷、じゃないでしょうか
倉屋敷、じゃないでしょうか
秀隆
秀隆
正解です。ホープタウンのもう一つの象徴です
正解です。ホープタウンのもう一つの象徴です
恭一
恭一
倉屋敷と言えば、アンドロイドの製造を手がける企業だったな
倉屋敷と言えば、アンドロイドの製造を手がける企業だったな
恋
恋
社長はものすごく頭の良い方だと聞き及んでいます
社長はものすごく頭の良い方だと聞き及んでいます
秀隆
秀隆
頭脳はもう。……人間としては欠陥だらけですが
頭脳はもう。……人間としては欠陥だらけですが
恋
恋
えっ？
えっ？
秀隆
秀隆
いえいえいえ。もし聞かれたらオレの命がないので……
いえいえいえ。もし聞かれたらオレの命がないので……
ユウキ
ユウキ
でさあでさあ。この後お茶でもどう、って思ってさ
でさあでさあ。この後お茶でもどう、って思ってさ
秀隆
秀隆
相変わらずだな……
相変わらずだな……
秀隆
秀隆
……そうだ。工場の見学とかもしてみます？
……そうだ。工場の見学とかもしてみます？
恋
恋
工場見学、ですか？
工場見学、ですか？
秀隆
秀隆
はい。ドリームタウンから来られた方は、
はい。ドリームタウンから来られた方は、
よく工場の方を見たいと仰るようで
よく工場の方を見たいと仰るようで
秀隆
秀隆
許可を取れば、工場内部の見学とかも出来るんですよ
許可を取れば、工場内部の見学とかも出来るんですよ
恋
恋
まぁ。それは興味があります
まぁ。それは興味があります
秀隆
秀隆
じゃあ行って見ましょうか
じゃあ行って見ましょうか
秀隆
秀隆
すみません、工場見学がしたいんですが……はい
すみません、工場見学がしたいんですが……はい
秀隆
秀隆
もし片桐裕輔さんがいるようなら
もし片桐裕輔さんがいるようなら
秀隆
秀隆
あ、休みですか。じゃあ、どなたでも大丈夫です
あ、休みですか。じゃあ、どなたでも大丈夫です
秀隆
秀隆
ちょっとお待ちください。案内の方がいらっしゃるので
ちょっとお待ちください。案内の方がいらっしゃるので
恭一
恭一
かなり大きな工場だな。何を作ってる？
かなり大きな工場だな。何を作ってる？
秀隆
秀隆
良くぞ聞いていただきました！
良くぞ聞いていただきました！
秀隆
秀隆
我らがトウモロコシを！
我らがトウモロコシを！
恋
恋
私、あまりトウモロコシは好きではないんです……
私、あまりトウモロコシは好きではないんです……
恭一
恭一
好きでも嫌いでもないな
好きでも嫌いでもないな
秀隆
秀隆
…………
…………
秀隆
秀隆
二人とも分かってるんですか？　あのトウモロコシですよ？
二人とも分かってるんですか？　あのトウモロコシですよ？
子供も大好き、大人も大好き、皆大好きなあのトウモロコシですよ！？
子供も大好き、大人も大好き、皆大好きなあのトウモロコシですよ！？
恭一
恭一
なんだこいつ、頭どこかおかしいんじゃないのか？
なんだこいつ、頭どこかおかしいんじゃないのか？
恋
恋
確かに変だとは思いますが、恭一さんほどではありません
確かに変だとは思いますが、恭一さんほどではありません
恭一
恭一
それもそうだな
それもそうだな
恋
恋
納得なさらないで下さい……
納得なさらないで下さい……
秀隆
秀隆
…………
…………
恭一
恭一
おい、なんか急にやさぐれだしたぞ
おい、なんか急にやさぐれだしたぞ
恋
恋
恭一さんが興味なさげにされているからじゃないですか？
恭一さんが興味なさげにされているからじゃないですか？
恭一
恭一
……よくそんなことが平然と言えるな
……よくそんなことが平然と言えるな
プラント受付女性
プラント受付女性
お待たせしました。準備が出来ましたのでどうぞ
お待たせしました。準備が出来ましたのでどうぞ
秀隆
秀隆
行きましょうか
行きましょうか
恋
恋
はいっ
はいっ
…………。
…………。
秀隆
秀隆
いやぁまさか、出来立てのトウモロコシが貰えるなんて
いやぁまさか、出来立てのトウモロコシが貰えるなんて
秀隆
秀隆
実に有意義な見学だったでしょ？
実に有意義な見学だったでしょ？
恋
恋
凄く興味深かったです
凄く興味深かったです
恭一
恭一
そうだな。工場を見学するってのも悪くない
そうだな。工場を見学するってのも悪くない
秀隆
秀隆
案内した甲斐がありましたよ
案内した甲斐がありましたよ
秀隆
秀隆
今日は、お時間大丈夫なんですか？
今日は、お時間大丈夫なんですか？
恋
恋
今日は一泊して帰るつもりだったので、大丈夫です
今日は一泊して帰るつもりだったので、大丈夫です
秀隆
秀隆
それはよかった。じゃあ、もう一つ工場見学は如何ですか？
それはよかった。じゃあ、もう一つ工場見学は如何ですか？
秀隆
秀隆
あそこに見える倉屋敷ビルなんですが
あそこに見える倉屋敷ビルなんですが
恭一
恭一
アンドロイドを作ってるところが見学できるのか
アンドロイドを作ってるところが見学できるのか
秀隆
秀隆
そうですね。普段は中々見学できないんですが、
そうですね。普段は中々見学できないんですが、
ステーションの規制緩和に伴い、一時的に許可されてるんです
ステーションの規制緩和に伴い、一時的に許可されてるんです
恋
恋
じゃあ、今しか見られない可能性もあるんですね
じゃあ、今しか見られない可能性もあるんですね
秀隆
秀隆
はい。どうでしょうか？
はい。どうでしょうか？
恋
恋
是非、よろしくお願いします
是非、よろしくお願いします
秀隆
秀隆
わかりました。じゃあ、ご案内しますね
わかりました。じゃあ、ご案内しますね
恋
恋
近くで見ると……凄く大きいですね……
近くで見ると……凄く大きいですね……
秀隆
秀隆
ホープタウンの技術力が集結した場所、ですからね
ホープタウンの技術力が集結した場所、ですからね
恭一
恭一
…………
…………
確かに、これは興味を持たざるを得ない。
確かに、これは興味を持たざるを得ない。
オレと恋はビルに向かう。
オレと恋はビルに向かう。
だが、島津は立ち止まりジッとこちらを窺っていた。
だが、島津は立ち止まりジッとこちらを窺っていた。
恭一
恭一
なにしてる。さっさと行くぞ
なにしてる。さっさと行くぞ
秀隆
秀隆
お二人に、確認させていただかなければならないことがあります
お二人に、確認させていただかなければならないことがあります
恭一
恭一
あ？
あ？
恋
恋
はい。なんでしょうか？
はい。なんでしょうか？
秀隆
秀隆
いきなりの質問で驚かれるかも知れませんが、ご了承ください
いきなりの質問で驚かれるかも知れませんが、ご了承ください
秀隆
秀隆
恭一さん。あなたは、本当にドリームタウンの住民なのですか？
恭一さん。あなたは、本当にドリームタウンの住民なのですか？
恭一
恭一
意味が理解できないな
意味が理解できないな
オレはそう答えるが、隣の恋は、露骨なまでの反応を見せた。
オレはそう答えるが、隣の恋は、露骨なまでの反応を見せた。
秀隆
秀隆
橋田恭一さん。と言う人物は、本当は存在しないんじゃないですか？
橋田恭一さん。と言う人物は、本当は存在しないんじゃないですか？
恋
恋
ど、どうして恭一さんの苗字を―――！？
ど、どうして恭一さんの苗字を―――！？
恭一
恭一
おまえは少し黙っていろ
おまえは少し黙っていろ
こいつはカマをかけている。
こいつはカマをかけている。
不用意なことを言えば、付け込まれる。
不用意なことを言えば、付け込まれる。
恋
恋
っ……ご、ごめんなさい
っ……ご、ごめんなさい
秀隆
秀隆
あなたが地上時代の生き残りであることは、既に把握しています
あなたが地上時代の生き残りであることは、既に把握しています
恭一
恭一
オレに対して何か探っているとは思っていたが、そう言うことか
オレに対して何か探っているとは思っていたが、そう言うことか
秀隆
秀隆
答えていただけませんか、恭一さん
答えていただけませんか、恭一さん
恭一
恭一
まったくの見当違いだ……と、言いたいところだが
まったくの見当違いだ……と、言いたいところだが
恭一
恭一
まぁ、この女の態度も露骨だからな。これ以上意味はないか
まぁ、この女の態度も露骨だからな。これ以上意味はないか
恭一
恭一
そうだ。オレは確かに地上の生き残りだ
そうだ。オレは確かに地上の生き残りだ
恋
恋
…………
…………
恭一
恭一
オレたちにホープタウンを案内すると言ったのも、この日のためか
オレたちにホープタウンを案内すると言ったのも、この日のためか
恋
恋
っ……
っ……
秀隆
秀隆
はい
はい
秀隆
秀隆
もちろん、純粋にホープタウンを案内したかったという気持ちもありますが、それを伝えたところで、信じてはいただけないでしょうから
もちろん、純粋にホープタウンを案内したかったという気持ちもありますが、それを伝えたところで、信じてはいただけないでしょうから
恭一
恭一
そうだな
そうだな
恭一
恭一
それで、その事実を掴んでどうするつもりだ？
それで、その事実を掴んでどうするつもりだ？
秀隆
秀隆
ホープタウンを治める唐沢という者はご存知ですね？
ホープタウンを治める唐沢という者はご存知ですね？
恭一
恭一
街の代表だな
街の代表だな
恭一
恭一
特務官のおまえが、こちらの情報を探っていたってことか
特務官のおまえが、こちらの情報を探っていたってことか
秀隆
秀隆
はい。オレは唐沢代表に指示を受け、前から調査していました
はい。オレは唐沢代表に指示を受け、前から調査していました
秀隆
秀隆
あなたが地上時代の生き残りであると分かった今、オレには報告義務があります
あなたが地上時代の生き残りであると分かった今、オレには報告義務があります
秀隆
秀隆
ですが―――ひとつ条件を飲んでいただけると言うなら、
ですが―――ひとつ条件を飲んでいただけると言うなら、
あなたが地上時代の生き残りであると伏せても構いません
あなたが地上時代の生き残りであると伏せても構いません
恭一
恭一
何故そんな条件を提示する。
何故そんな条件を提示する。
おまえは特務官として任務を受けたんだろ
おまえは特務官として任務を受けたんだろ
恭一
恭一
事実を報告する義務があるんじゃないのか？
事実を報告する義務があるんじゃないのか？
秀隆
秀隆
確かにそうです。でも、こちらにも事情がありますので
確かにそうです。でも、こちらにも事情がありますので
恭一
恭一
その条件、言うだけ言ってみろ
その条件、言うだけ言ってみろ
秀隆
秀隆
今から倉屋敷社長にお会いしてください。
今から倉屋敷社長にお会いしてください。
彼女はあなたに会いたがっています
彼女はあなたに会いたがっています
恭一
恭一
……断る、と言ったら？
……断る、と言ったら？
秀隆
秀隆
事実を唐沢代表に報告させていただき、
事実を唐沢代表に報告させていただき、
外交問題として指摘させていただくだけです
外交問題として指摘させていただくだけです
秀隆
秀隆
つまり、生き残りがいると隠蔽した大河内代表の是非を問わせていただくと言うことです
つまり、生き残りがいると隠蔽した大河内代表の是非を問わせていただくと言うことです
恭一
恭一
オレは別に、奴がどうなろうと知ったことじゃない
オレは別に、奴がどうなろうと知ったことじゃない
恋
恋
きょ、恭一さん！？
きょ、恭一さん！？
秀隆
秀隆
それでよろしいのですか？
それでよろしいのですか？
このことが明るみになれば、大河内代表は犯人探しを行います。一体誰が事実を漏らしたのかと
このことが明るみになれば、大河内代表は犯人探しを行います。一体誰が事実を漏らしたのかと
秀隆
秀隆
そうなれば、恐らく攻め立てられるのは恋さんになるでしょう
そうなれば、恐らく攻め立てられるのは恋さんになるでしょう
恭一
恭一
なるほど。オレを囲うために、その狙いもあったわけだな
なるほど。オレを囲うために、その狙いもあったわけだな
秀隆
秀隆
卑劣な真似をするようで気が引けますが、
卑劣な真似をするようで気が引けますが、
正直あなたとサシでやりあえば、簡単にはいきません。
正直あなたとサシでやりあえば、簡単にはいきません。
それは今までのやり取りで理解していますから
それは今までのやり取りで理解していますから
恭一
恭一
理解ね……
理解ね……
それはどうかな
それはどうかな
秀隆
秀隆
どういう意味です？
どういう意味です？
恭一
恭一
おまえはオレと言う男を測り損ねているってことだ
おまえはオレと言う男を測り損ねているってことだ
恭一
恭一
もしも、今この場でオレがお前の口を封じたらどうする？
もしも、今この場でオレがお前の口を封じたらどうする？
恋
恋
な、何をするつもりですか、恭一さん……
な、何をするつもりですか、恭一さん……
恭一
恭一
殺してしまえば、恋が漏らしたという証拠も糞もない
殺してしまえば、恋が漏らしたという証拠も糞もない
秀隆
秀隆
なるほど……確かに、今事実を知っているのはオレだけです
なるほど……確かに、今事実を知っているのはオレだけです
恭一
恭一
おまえの言うように、オレは地上時代の生き残りだ
おまえの言うように、オレは地上時代の生き残りだ
恭一
恭一
存在しない人間を裁くのは簡単じゃないぜ？
存在しない人間を裁くのは簡単じゃないぜ？
秀隆
秀隆
先ほども言いましたが、
先ほども言いましたが、
これでも、あなたのことを理解しているつもりです
これでも、あなたのことを理解しているつもりです
島津の合図によって、ビルから男たちがかけてくる。
島津の合図によって、ビルから男たちがかけてくる。
どうやら、オレの技量も考えての行動のようだ。
どうやら、オレの技量も考えての行動のようだ。
秀隆
秀隆
あなたが非常に危険な人物なのは、前に見させていただきましたから
あなたが非常に危険な人物なのは、前に見させていただきましたから
秀隆
秀隆
予め手を打たせてもらいました
予め手を打たせてもらいました
恭一
恭一
それでオレを抑え込んだつもりか？
それでオレを抑え込んだつもりか？
恭一
恭一
やはり、おまえはオレを理解できていない。
やはり、おまえはオレを理解できていない。
この程度の数が無意味だってことを教えてやろう
この程度の数が無意味だってことを教えてやろう
恋
恋
だ、駄目です恭一さん。争えば大問題になります！
だ、駄目です恭一さん。争えば大問題になります！
恭一
恭一
オレは誰かに踊らされるのが嫌なのさ
オレは誰かに踊らされるのが嫌なのさ
秀隆
秀隆
あなたは、どこまでも自分らしさを貫かれるんですね
あなたは、どこまでも自分らしさを貫かれるんですね
恭一
恭一
それがオレだ
それがオレだ
オレは、腰を少し落とす。
オレは、腰を少し落とす。
真っ先に島津を蹴散らし、突破を図る。
真っ先に島津を蹴散らし、突破を図る。
まだ全員身構え終わらないうちに、
まだ全員身構え終わらないうちに、
オレは島津の懐に入り込んだ。
オレは島津の懐に入り込んだ。
そして、手加減抜きの一撃を叩き込む。
そして、手加減抜きの一撃を叩き込む。
恭一
恭一
…………
…………
だが、そのオレの拳は、呆気なく一人の存在に受け止められた。
だが、そのオレの拳は、呆気なく一人の存在に受け止められた。
秀隆
秀隆
ふう。助かったよ
ふう。助かったよ
ユウキ
ユウキ
ユウキ
ユウキ
いきなり殴りかかってくるなんて、物騒な男だなぁ
いきなり殴りかかってくるなんて、物騒な男だなぁ
恭一
恭一
……何者だ、おまえ
……何者だ、おまえ
オレは次の攻撃を繰り出すべく体に力を入れる。
オレは次の攻撃を繰り出すべく体に力を入れる。
しかし
しかし
ズキリ、と頭に痛みが響いた。
ズキリ、と頭に痛みが響いた。
秀隆
秀隆
先ほども言いましたが、オレはあなたを理解しているつもりです
先ほども言いましたが、オレはあなたを理解しているつもりです
秀隆
秀隆
恭一さんを抑える策は張らせて頂いていますよ
恭一さんを抑える策は張らせて頂いていますよ
恭一
恭一
こいつが、その策ってことか
こいつが、その策ってことか
オレは平静を装いながら、遅い来る頭痛に立ち向かう。
オレは平静を装いながら、遅い来る頭痛に立ち向かう。
秀隆
秀隆
彼はユウキと言って、倉屋敷重工が作り出した警護用アンドロイドです
彼はユウキと言って、倉屋敷重工が作り出した警護用アンドロイドです
恋
恋
あ、アンドロイド……
あ、アンドロイド……
秀隆
秀隆
いくら恭一さんでも、戦闘に特化したアンドロイドには勝てません
いくら恭一さんでも、戦闘に特化したアンドロイドには勝てません
秀隆
秀隆
これ以上はやめにしませんか。無益な争いになるだけです
これ以上はやめにしませんか。無益な争いになるだけです
恭一
恭一
無益な争いか。それはそれで面白いと思わないか？
無益な争いか。それはそれで面白いと思わないか？
秀隆
秀隆
…………
…………
恋
恋
恭一さん。やめてください。責任は全て、私にあります
恭一さん。やめてください。責任は全て、私にあります
恋
恋
ここまで騒ぎになった以上、どうにもなりません……
ここまで騒ぎになった以上、どうにもなりません……
確かに、ここで無理やり突破しても無駄か。
確かに、ここで無理やり突破しても無駄か。
恋まで連れて逃げるのは無理だろうしな。
恋まで連れて逃げるのは無理だろうしな。
それに……さすがに今の状況で戦いを続けるのは厳しそうだ。
それに……さすがに今の状況で戦いを続けるのは厳しそうだ。
恭一
恭一
やれやれ
やれやれ
オレは拳をおろす。
オレは拳をおろす。
秀隆
秀隆
悪いようにはしません。それはお約束します
悪いようにはしません。それはお約束します
恭一
恭一
倉屋敷とやらの場所に案内しろ
倉屋敷とやらの場所に案内しろ
秀隆
秀隆
はい
はい
秀隆
秀隆
どこか具合が悪いんじゃないですか？
どこか具合が悪いんじゃないですか？
恭一
恭一
……別に
……別に
恋
恋
きょ、恭一さん、まさか、また頭痛が―――！？
きょ、恭一さん、まさか、また頭痛が―――！？
余計なことを言い、恋が心配そうな表情を向ける。
余計なことを言い、恋が心配そうな表情を向ける。
恭一
恭一
大したことじゃない
大したことじゃない
恋
恋
こ、こんな時までポーカーフェイスにならなくてもいいじゃないですかっ！
こ、こんな時までポーカーフェイスにならなくてもいいじゃないですかっ！
恭一
恭一
いちいちうるせぇな
いちいちうるせぇな
恋
恋
うるさくもなります！
うるさくもなります！
恭一
恭一
うるせえっての
うるせえっての
黙らせるべく、オレは行動を起こした。
黙らせるべく、オレは行動を起こした。
恋のそこそこしかない胸に手を伸ばす。
恋のそこそこしかない胸に手を伸ばす。
恋
恋
っ！？！？！？！？
っ！？！？！？！？
手で掴んだ果実の感触そのものは、悪くない。
手で掴んだ果実の感触そのものは、悪くない。
恋
恋
…………
…………
恭一
恭一
よし、黙り込んだな
よし、黙り込んだな
力が抜け、その場に蹲る。
力が抜け、その場に蹲る。
秀隆
秀隆
な、なんつー人だ、この人は……！
な、なんつー人だ、この人は……！
ユウキ
ユウキ
う……うらやましい！
う……うらやましい！
秀隆
秀隆
いや、そう言うことじゃないから……
いや、そう言うことじゃないから……
秀隆
秀隆
あの、大丈夫ですか？
あの、大丈夫ですか？
恋
恋
は、はい。あの、ほんと、
は、はい。あの、ほんと、
見っとも無い姿をお見せしてしまって……
見っとも無い姿をお見せしてしまって……
秀隆
秀隆
無理ないです。人前で、ああいうのをされると
無理ないです。人前で、ああいうのをされると
恋
恋
あの人は、本当にデリカシーがないので……
あの人は、本当にデリカシーがないので……
恭一
恭一
おまえがうじうじしてたから、元気づけてやったんだよ
おまえがうじうじしてたから、元気づけてやったんだよ
恋
恋
あ、あんな元気づけ方は間違ってます！　最低ですあなたは！
あ、あんな元気づけ方は間違ってます！　最低ですあなたは！
恭一
恭一
何度目の最低なんだか……
何度目の最低なんだか……
恋
恋
お聞きしてもよろしいですか……？
お聞きしてもよろしいですか……？
秀隆
秀隆
何でも聞いてください。彼女は随時募集中です
何でも聞いてください。彼女は随時募集中です
恋
恋
そうではなくて……いつから、恭一さんのことを？
そうではなくて……いつから、恭一さんのことを？
秀隆
秀隆
……ホープタウンの情報収集も、甘くはないってことですね
……ホープタウンの情報収集も、甘くはないってことですね
秀隆
秀隆
何ヶ月か前の段階で、目はつけていました
何ヶ月か前の段階で、目はつけていました
恋
恋
そうでしたか……
そうでしたか……
秀隆
秀隆
でも確信を持ったのは今日です
でも確信を持ったのは今日です
恋
恋
きょ、今日、ですか？
きょ、今日、ですか？
秀隆
秀隆
お二人にお会いするまでは、本当に観光案内しかするつもりはなかったんですよ
お二人にお会いするまでは、本当に観光案内しかするつもりはなかったんですよ
恋
恋
私、何か至らないことを言ってしまったでしょうか……？
私、何か至らないことを言ってしまったでしょうか……？
秀隆
秀隆
いえ。恋さんではなく、恭一さんの行動と言葉で確信しました
いえ。恋さんではなく、恭一さんの行動と言葉で確信しました
恭一
恭一
オレの？
オレの？
何か失言をした記憶は無い。
何か失言をした記憶は無い。
秀隆
秀隆
驚かれるのも無理はありません
驚かれるのも無理はありません
秀隆
秀隆
恭一さん。さっきオレと合流したときのことを覚えていますか？
恭一さん。さっきオレと合流したときのことを覚えていますか？
秀隆
秀隆
恭一さんは、あのとき青空を見上げながらこう言ったんです
恭一さんは、あのとき青空を見上げながらこう言ったんです
秀隆
秀隆
まるで本物のようだな、と
まるで本物のようだな、と
秀隆
秀隆
そんなこと、本物の青空を見たことがある人じゃないと絶対に言いません
そんなこと、本物の青空を見たことがある人じゃないと絶対に言いません
秀隆
秀隆
だって、青空がどんなものであるのか、
だって、青空がどんなものであるのか、
オレたちは知らないんですから
オレたちは知らないんですから
恋
恋
…………
…………
恭一
恭一
なるほどな。確かにその通りだな。気づかなかったぜ
なるほどな。確かにその通りだな。気づかなかったぜ
恭一
恭一
今更かもしれないが、さっきの条件を飲ませろ
今更かもしれないが、さっきの条件を飲ませろ
恭一
恭一
オレのことがバレたのは、オレ自身のミスにある。
オレのことがバレたのは、オレ自身のミスにある。
このことで恋が責任を負わされる必要はない
このことで恋が責任を負わされる必要はない
恋
恋
きょ、恭一さん……
きょ、恭一さん……
恭一
恭一
今からオレを調べることに抵抗しないと約束する
今からオレを調べることに抵抗しないと約束する
秀隆
秀隆
大丈夫です。オレは今の段階で、唐沢代表にこのことを報告するつもりはありませんよ
大丈夫です。オレは今の段階で、唐沢代表にこのことを報告するつもりはありませんよ
恋
恋
それは、どうしてですか？　報告すればあなたの手柄になるはずです
それは、どうしてですか？　報告すればあなたの手柄になるはずです
秀隆
秀隆
確かにそうです。でも、それ以上にマイナス要素が大きい
確かにそうです。でも、それ以上にマイナス要素が大きい
秀隆
秀隆
ドリームタウンも、きっと何か情報を掴んでいるんですよね？
ドリームタウンも、きっと何か情報を掴んでいるんですよね？
秀隆
秀隆
ホープタウンにも、地上に関する秘密があることを
ホープタウンにも、地上に関する秘密があることを
恋
恋
それは
それは
秀隆
秀隆
でも、向こうは未だ静観している。
でも、向こうは未だ静観している。
それは、これを公にすれば外交戦争が起こり兼ねないからです
それは、これを公にすれば外交戦争が起こり兼ねないからです
秀隆
秀隆
どちらかが得をするわけでもない話ですから
どちらかが得をするわけでもない話ですから
恭一
恭一
なるほどな
なるほどな
秀隆
秀隆
どうでしょうか、恋さん
どうでしょうか、恋さん
恋
恋
私も……今日、今ここでの出来事は、伏せておきます
私も……今日、今ここでの出来事は、伏せておきます
恋
恋
それがきっと、正しいことに繋がると思いますから
それがきっと、正しいことに繋がると思いますから
秀隆
秀隆
ありがとうございます
ありがとうございます
ユウキ
ユウキ
連れてきたぜ、かずはちん
連れてきたぜ、かずはちん
和葉
和葉
ご苦労だったな
ご苦労だったな
オレの目の前にやって来たチビ。
オレの目の前にやって来たチビ。
恭一
恭一
このチビが、倉屋敷なのか？
このチビが、倉屋敷なのか？
和葉
和葉
うるせぇよ
うるせぇよ
秀隆
秀隆
うげっ！
うげっ！
初対面でオレを蹴るとは。
初対面でオレを蹴るとは。
しかも、結構いい蹴りしてやがる。
しかも、結構いい蹴りしてやがる。
恭一
恭一
で、オレに何を聞きたいんだ？　チビ
で、オレに何を聞きたいんだ？　チビ
秀隆
秀隆
あわわわわあわわ
あわわわわあわわ
ユウキ
ユウキ
こ、怖いもの知らずにも程があるだろ……！
こ、怖いもの知らずにも程があるだろ……！
和葉
和葉
くっくっく。こりゃ、実験しがいのある男みたいだな。
くっくっく。こりゃ、実験しがいのある男みたいだな。
今すぐストレッチャーに乗せろ。それから奥に連れて行け
今すぐストレッチャーに乗せろ。それから奥に連れて行け
恋
恋
あ、あの。恭一さんに何をなさるおつもりなんですか？
あ、あの。恭一さんに何をなさるおつもりなんですか？
和葉
和葉
誰だ？
誰だ？
秀隆
秀隆
恭一さんの彼女、です
恭一さんの彼女、です
和葉
和葉
なに、ちょっとあちこち体をいじくるだけだ。大したことはない
なに、ちょっとあちこち体をいじくるだけだ。大したことはない
秀隆
秀隆
大したことあると思うんですが
大したことあると思うんですが
和葉
和葉
あぁ？
あぁ？
秀隆
秀隆
な、なんでもありません
な、なんでもありません
和葉
和葉
心配するな。五体満足で返してやる
心配するな。五体満足で返してやる
恋
恋
は、はい……
は、はい……
それから、倉屋敷社長とユウキ、そして恭一さんは奥の部屋に消えた。
それから、倉屋敷社長とユウキ、そして恭一さんは奥の部屋に消えた。
恋
恋
大丈夫でしょうか……
大丈夫でしょうか……
秀隆
秀隆
倉屋敷社長は、ああみえてもちゃんとした人ですから
倉屋敷社長は、ああみえてもちゃんとした人ですから
秀隆
秀隆
ただ検査を行うだけです
ただ検査を行うだけです
恋
恋
どうして、倉屋敷さんは恭一さんに興味があるのでしょう？
どうして、倉屋敷さんは恭一さんに興味があるのでしょう？
秀隆
秀隆
詳しくはオレにも分かりませんが……
詳しくはオレにも分かりませんが……
秀隆
秀隆
間違ったことをする人じゃない。と、オレは思っています
間違ったことをする人じゃない。と、オレは思っています
恋
恋
わかりました。島津さんを信用します
わかりました。島津さんを信用します
秀隆
秀隆
心が痛いですね。オレは、恋さんを利用したんです
心が痛いですね。オレは、恋さんを利用したんです
秀隆
秀隆
本当なら強く責められても文句は言えません
本当なら強く責められても文句は言えません
恋
恋
島津さんにとっても、必要なことだっただけですよね
島津さんにとっても、必要なことだっただけですよね
恋
恋
ただ手柄だけを考える人だったら、きっと唐沢代表に報告されています
ただ手柄だけを考える人だったら、きっと唐沢代表に報告されています
秀隆
秀隆
……そう言っていただけると嬉しいです
……そう言っていただけると嬉しいです
和葉
和葉
さて。とりあえず身体検査させてもらう
さて。とりあえず身体検査させてもらう
恭一
恭一
全裸になればいいのか？
全裸になればいいのか？
和葉
和葉
全部脱ぐ必要はない。上だけで十分だ
全部脱ぐ必要はない。上だけで十分だ
恭一
恭一
あ、そう
あ、そう
ユウキ
ユウキ
キズナちゃんからは、特に変わった点って出なかったんだよな？
キズナちゃんからは、特に変わった点って出なかったんだよな？
和葉
和葉
まぁな
まぁな
恭一
恭一
キズナ？
キズナ？
和葉
和葉
おまえが気にすることじゃない。ユウキも余計なこと言うな
おまえが気にすることじゃない。ユウキも余計なこと言うな
ユウキ
ユウキ
おっと、ごめんごめん
おっと、ごめんごめん
オレは上着を脱ぐ。
オレは上着を脱ぐ。
ユウキ
ユウキ
お、おぉ……
お、おぉ……
和葉
和葉
……随分と傷だらけのようだな
……随分と傷だらけのようだな
恭一
恭一
みりゃ分かると思うが、昨日今日のもんじゃない。気にするな
みりゃ分かると思うが、昨日今日のもんじゃない。気にするな
和葉
和葉
地上時代の名残か
地上時代の名残か
ユウキ
ユウキ
それにしたって、随分傷だらけだなぁ……
それにしたって、随分傷だらけだなぁ……
ユウキ
ユウキ
一体どんなことしたら、そんな風になるんだよ
一体どんなことしたら、そんな風になるんだよ
恭一
恭一
わかるなら、オレも知りたいところだ
わかるなら、オレも知りたいところだ
ユウキ
ユウキ
だってその傷とか
だってその傷とか
和葉
和葉
ユウキ、ちょっと黙ってろ。あたしが調べる
ユウキ、ちょっと黙ってろ。あたしが調べる
ユウキ
ユウキ
ふぁいっ
ふぁいっ
和葉
和葉
凄い数値が出たもんだな
凄い数値が出たもんだな
和葉
和葉
記憶を失くす前は、相当な筋肉バカだったのか？
記憶を失くす前は、相当な筋肉バカだったのか？
恭一
恭一
さぁな
さぁな
和葉
和葉
今はどうだ。身体を鍛える行為そのものはしてるのか？
今はどうだ。身体を鍛える行為そのものはしてるのか？
恭一
恭一
そうだな。身体を動かすのは嫌いじゃない
そうだな。身体を動かすのは嫌いじゃない
恭一
恭一
事実、動かさなきゃ落ち着かない時もある
事実、動かさなきゃ落ち着かない時もある
和葉
和葉
性格だけじゃなく、習慣まで記憶を無くす前と似てくることがある
性格だけじゃなく、習慣まで記憶を無くす前と似てくることがある
和葉
和葉
おまえはその一人と言うことだ
おまえはその一人と言うことだ
恭一
恭一
それほど珍しい例でもないってことか
それほど珍しい例でもないってことか
和葉
和葉
それ自体は驚くことじゃないな
それ自体は驚くことじゃないな
恭一
恭一
はぁん……
はぁん……
和葉
和葉
次は血液検査だ
次は血液検査だ
恭一
恭一
注射？　オレは注射は苦手なんだ、勘弁してくれ
注射？　オレは注射は苦手なんだ、勘弁してくれ
和葉
和葉
よし、なら極太のをぶち込んでやる
よし、なら極太のをぶち込んでやる
恭一
恭一
注射は得意だから安心しろ
注射は得意だから安心しろ
和葉
和葉
そうか。なら超極太のをぶち込んでやる
そうか。なら超極太のをぶち込んでやる
恭一
恭一
どちらにせよ手加減なしか
どちらにせよ手加減なしか
和葉
和葉
なんであたしが、いちいちおまえに合わせて優しくしなきゃならない
なんであたしが、いちいちおまえに合わせて優しくしなきゃならない
恭一
恭一
オレに惚れるなよ？
オレに惚れるなよ？
和葉
和葉
安心しろ。あたしにはそう言う感情そのものがない
安心しろ。あたしにはそう言う感情そのものがない
恭一
恭一
……なるほど
……なるほど
秀隆
秀隆
遅いですね……
遅いですね……
恋
恋
ま、まさか……恭一さんが何か悪さをしたのでは……
ま、まさか……恭一さんが何か悪さをしたのでは……
秀隆
秀隆
ユウキが、アンドロイドの警護があるので、それはないと思いますが
ユウキが、アンドロイドの警護があるので、それはないと思いますが
se倉屋敷重工（和葉研究室
se倉屋敷重工（和葉研究室
和葉
和葉
全部終わった。五体満足で返してやる
全部終わった。五体満足で返してやる
恋
恋
大丈夫、でしたか？
大丈夫、でしたか？
恭一
恭一
いや……大丈夫じゃない
いや……大丈夫じゃない
オレはその場に膝から崩れ落ちた。
オレはその場に膝から崩れ落ちた。
恋
恋
きょ、恭一さん！？
きょ、恭一さん！？
恭一
恭一
この女に、オレのアナルへバイブを突っ込まれた。もう駄目だ……
この女に、オレのアナルへバイブを突っ込まれた。もう駄目だ……
恋
恋
そんな、ひ、ひどい！　……
そんな、ひ、ひどい！　……
そんなわけありませんよね、
そんなわけありませんよね、
恭一さん
恭一さん
恭一
恭一
おまえはオレを信用しないのか？
おまえはオレを信用しないのか？
恋
恋
はい
はい
恭一
恭一
ち。随分と図太くなったじゃねえか
ち。随分と図太くなったじゃねえか
秀隆
秀隆
それで、どうだったんですか、倉屋敷社長
それで、どうだったんですか、倉屋敷社長
和葉
和葉
追々な
追々な
秀隆
秀隆
…………
…………
秀隆
秀隆
お二人とも、すみませんでした！
お二人とも、すみませんでした！
秀隆
秀隆
折角ホープタウンを楽しみに旅行に着たのに……
折角ホープタウンを楽しみに旅行に着たのに……
オレはそれを利用して、不快な思いをさせてしまいました……
オレはそれを利用して、不快な思いをさせてしまいました……
秀隆
秀隆
本当に申し訳ありません……
本当に申し訳ありません……
恋
恋
そんな……顔を上げてください島津さん。
そんな……顔を上げてください島津さん。
あなたが悪いことは何もありません
あなたが悪いことは何もありません
恭一
恭一
いや悪いだろ。折角の旅行気分が台無
いや悪いだろ。折角の旅行気分が台無
なんでもない
なんでもない
和葉
和葉
あたしが連れてくるよう、こいつに命令してたんだよ。
あたしが連れてくるよう、こいつに命令してたんだよ。
もし地上の生き残りならサンプルデータが欲しいってな
もし地上の生き残りならサンプルデータが欲しいってな
恋
恋
そうでしたか……
そうでしたか……
秀隆
秀隆
え、今のって社長なりの助け舟みたいなものですか？
え、今のって社長なりの助け舟みたいなものですか？
和葉
和葉
事実を言っただけだ
事実を言っただけだ
秀隆
秀隆
社長……
社長……
秀隆
秀隆
社長にも、人間の血が流れていたんですね……
社長にも、人間の血が流れていたんですね……
和葉
和葉
殺すぞ？
殺すぞ？
秀隆
秀隆
オレの血を流そうとしないで下さい！
オレの血を流そうとしないで下さい！
恭一
恭一
やれやれ。騒がしい連中だ
やれやれ。騒がしい連中だ
恭一
恭一
折角足を運んだんだ、茶くらい出してもらおうか
折角足を運んだんだ、茶くらい出してもらおうか
和葉
和葉
どんだけ上から目線なんだ、おまえは
どんだけ上から目線なんだ、おまえは
恭一
恭一
おまえはチビのくせに上から目線なんだな。傑作だ
おまえはチビのくせに上から目線なんだな。傑作だ
和葉
和葉
あぁ？
あぁ？
恭一
恭一
あぁ？
あぁ？
秀隆
秀隆
ゆ、ユウキくん、皆の分のお茶を
ゆ、ユウキくん、皆の分のお茶を
ユウキ
ユウキ
イエッサ！
イエッサ！
恋
恋
すみません……うちの恭一さんがご迷惑をおかけしまして
すみません……うちの恭一さんがご迷惑をおかけしまして
恭一
恭一
うちの？　おいおい、いつから勝手に女房気取りなんだ
うちの？　おいおい、いつから勝手に女房気取りなんだ
恋
恋
わ、私は別に女房気取りになったつもりなんて！
わ、私は別に女房気取りになったつもりなんて！
恭一
恭一
一回セックスしたくらいでしがみ付かれたらたまったもんじゃないな
一回セックスしたくらいでしがみ付かれたらたまったもんじゃないな
恋
恋
…………
…………
オレの冗談が効きすぎたのか、いつもの最低ですね、が飛んでこない。
オレの冗談が効きすぎたのか、いつもの最低ですね、が飛んでこない。
恋は無言で歩き出すと、
恋は無言で歩き出すと、
テーブルに置かれてある何かを掴んだ。
テーブルに置かれてある何かを掴んだ。
そしてオレのもとへ戻ってくる。
そしてオレのもとへ戻ってくる。
和葉
和葉
おい。それはあたしが作った新型アンドロイドの基板だぞ
おい。それはあたしが作った新型アンドロイドの基板だぞ
se投げる（「ぶんっ」）0
se投げる（「ぶんっ」）0
se物を壊す (1
se物を壊す (1
恋
恋
デリカシーの欠片もない、サイテーのクズ男です！　あなたは！
デリカシーの欠片もない、サイテーのクズ男です！　あなたは！
秀隆
秀隆
れ、恋さん！
れ、恋さん！
恭一
恭一
……あいつ、こんなもんで普通思い切り殴るか？　下手したら死ぬぞ
……あいつ、こんなもんで普通思い切り殴るか？　下手したら死ぬぞ
和葉
和葉
半日かけて作った基板が……
半日かけて作った基板が……
秀隆
秀隆
全面的に悪いのは恭一さんじゃないでしょうか……？
全面的に悪いのは恭一さんじゃないでしょうか……？
恭一
恭一
オレが？　何故に
オレが？　何故に
秀隆
秀隆
何故って……こういうとこで言う言葉じゃないっていうか
何故って……こういうとこで言う言葉じゃないっていうか
恭一
恭一
セックスがか？　んな大したもんでもないだろ。なあチビ
セックスがか？　んな大したもんでもないだろ。なあチビ
和葉
和葉
テメェ、殺すぞ？　おまえのあほな発言のせいで基板が粉々だ
テメェ、殺すぞ？　おまえのあほな発言のせいで基板が粉々だ
恭一
恭一
あ？　やるならいつでもやってやろうか？
あ？　やるならいつでもやってやろうか？
秀隆
秀隆
ちょっとちょっとちょっと！　すぐ臨戦態勢にならんでください！
ちょっとちょっとちょっと！　すぐ臨戦態勢にならんでください！
秀隆
秀隆
ユウキもきょろきょろしてないで止めてくれよ！
ユウキもきょろきょろしてないで止めてくれよ！
ユウキ
ユウキ
あれ、恋ちゃんは？　俺の恋ちゃんはどこに？
あれ、恋ちゃんは？　俺の恋ちゃんはどこに？
秀隆
秀隆
いつからユウキのになったんだ……
いつからユウキのになったんだ……
恭一
恭一
それで、オレに関する興味深いデータは取れたのか？
それで、オレに関する興味深いデータは取れたのか？
和葉
和葉
詳細な結果はもう少し後で出る。今はいろいろとチェック中だ
詳細な結果はもう少し後で出る。今はいろいろとチェック中だ
恭一
恭一
オレ自身、自分の過去には興味がないわけじゃない。
オレ自身、自分の過去には興味がないわけじゃない。
何かわかるようなら知っておくのも一興だと思ってる
何かわかるようなら知っておくのも一興だと思ってる
和葉
和葉
あと２時間もすれば、全ての答えが出るはずだ
あと２時間もすれば、全ての答えが出るはずだ
恭一
恭一
なら、それまで待たせてもらっても？
なら、それまで待たせてもらっても？
和葉
和葉
好きにしな
好きにしな
和葉
和葉
しかし、個人的におまえの状態には気になる点が多い。
しかし、個人的におまえの状態には気になる点が多い。
例えば身体の至るところに出来た傷なんかがそうだ
例えば身体の至るところに出来た傷なんかがそうだ
秀隆
秀隆
傷、ですか……
傷、ですか……
和葉
和葉
銃創という奴だな
銃創という奴だな
秀隆
秀隆
じゅう、そう？
じゅう、そう？
和葉
和葉
馴染みがなくても無理はない。
馴染みがなくても無理はない。
拳銃なんてこの地下社会でお目にかかることは早々あるもんじゃない
拳銃なんてこの地下社会でお目にかかることは早々あるもんじゃない
恭一
恭一
記憶を失う前のオレのことだ。理由なんて知らねぇよ
記憶を失う前のオレのことだ。理由なんて知らねぇよ
和葉
和葉
あたしが知りたいのはそこじゃない。
あたしが知りたいのはそこじゃない。
消そうと思えば消せる傷を何故消さないのかだ。
消そうと思えば消せる傷を何故消さないのかだ。
記憶がないのなら、尚更不要なものだろ
記憶がないのなら、尚更不要なものだろ
恭一
恭一
さぁな。少なくとも傷を消せば、過去のオレは完全に消える
さぁな。少なくとも傷を消せば、過去のオレは完全に消える
恭一
恭一
それを否定したかった、んじゃないか？
それを否定したかった、んじゃないか？
ユウキ
ユウキ
なんとなく分かるね、その気持ち
なんとなく分かるね、その気持ち
恭一
恭一
アンドロイドに分かると？
アンドロイドに分かると？
ユウキ
ユウキ
俺もさ、地上時代からずっと生きてるアンドロイドなんだよ。
俺もさ、地上時代からずっと生きてるアンドロイドなんだよ。
でさ、なんつーか、ここに過去の記憶が詰まってたんだ
でさ、なんつーか、ここに過去の記憶が詰まってたんだ
ユウキ
ユウキ
もう思い出すことは出来ないってわかってても、
もう思い出すことは出来ないってわかってても、
これを肌身離さず身につけてるのは、
これを肌身離さず身につけてるのは、
やっぱり過去の自分を捨てたくないからなんだよな
やっぱり過去の自分を捨てたくないからなんだよな
恭一
恭一
…………
…………
ユウキ
ユウキ
恭一って言ったっけ。なんか、
恭一って言ったっけ。なんか、
同じ地上時代の存在って分かったからなんかな、初めて会った気がしないぜ
同じ地上時代の存在って分かったからなんかな、初めて会った気がしないぜ
恭一
恭一
男に言われても嬉しくはないセリフだ
男に言われても嬉しくはないセリフだ
ユウキ
ユウキ
ははは、そりゃ確かに
ははは、そりゃ確かに
ユウキ
ユウキ
とりあえず、自己紹介が遅れたけど、俺はユウキってんだ。よろしく
とりあえず、自己紹介が遅れたけど、俺はユウキってんだ。よろしく
恭一
恭一
…………
…………
恭一
恭一
オレは恭一だ
オレは恭一だ
ユウキ
ユウキ
なはは。またこれで友達が一人増えたぜ
なはは。またこれで友達が一人増えたぜ
秀隆
秀隆
ある意味凄いやつだよ、おまえって
ある意味凄いやつだよ、おまえって
恭一
恭一
結果まで時間があるなら、オレはあの女を捜しに行く
結果まで時間があるなら、オレはあの女を捜しに行く
秀隆
秀隆
自分も手伝います。こうなった責任がありますので
自分も手伝います。こうなった責任がありますので
恭一
恭一
当然だな
当然だな
ユウキ
ユウキ
おっしゃ、俺も手伝うぜ
おっしゃ、俺も手伝うぜ
和葉
和葉
おまえは奥の片づけだ
おまえは奥の片づけだ
ユウキ
ユウキ
うげ、まじかよ
うげ、まじかよ
和葉
和葉
あぁ？
あぁ？
ユウキ
ユウキ
喜んでやらせていただきます！
喜んでやらせていただきます！
ユウキ
ユウキ
それじゃ、残念だけどまたな
それじゃ、残念だけどまたな
恭一
恭一
…………
…………
恭一
恭一
島津だったな
島津だったな
秀隆
秀隆
はい
はい
恭一
恭一
こっちの街にも、オレと同じ地上時代の生き残りが居る、そうだな？
こっちの街にも、オレと同じ地上時代の生き残りが居る、そうだな？
秀隆
秀隆
それは、自分の口からは申し上げることが出来ません
それは、自分の口からは申し上げることが出来ません
恭一
恭一
オレとそいつを会わせろ
オレとそいつを会わせろ
秀隆
秀隆
どういうお考えですか？
どういうお考えですか？
恭一
恭一
単純に興味本位だ。同じ時代の人間なら話も合うかもしれないだろ
単純に興味本位だ。同じ時代の人間なら話も合うかもしれないだろ
秀隆
秀隆
お気持ちはわかりましたが、やはりお答えしかねます
お気持ちはわかりましたが、やはりお答えしかねます
恭一
恭一
役人らしい答えだ
役人らしい答えだ
恭一
恭一
なにふてくされてんだ
なにふてくされてんだ
恋
恋
っ……何しに来たんですか、最低の人
っ……何しに来たんですか、最低の人
恭一
恭一
最低ねぇ
最低ねぇ
恭一
恭一
そんなにオレの言ったことは悪いことだったのか？
そんなにオレの言ったことは悪いことだったのか？
恋
恋
そんなこともわからない人には、何を言っても無駄です
そんなこともわからない人には、何を言っても無駄です
恭一
恭一
やれやれ
やれやれ
恋
恋
座らないでください
座らないでください
恭一
恭一
オレの勝手だ
オレの勝手だ
恋
恋
最低です……
最低です……
恭一
恭一
知るか
知るか
恋
恋
…………
…………
秀隆
秀隆
オレ、上で待ってますね
オレ、上で待ってますね
恭一
恭一
軽い冗談だろ。気にするなよ
軽い冗談だろ。気にするなよ
恋
恋
気にします……最低すぎます……
気にします……最低すぎます……
恭一
恭一
……悪かった
……悪かった
恋
恋
え……？
え……？
恭一
恭一
確かに、言い過ぎた。そんな気はする
確かに、言い過ぎた。そんな気はする
恋
恋
恭一さんが素直に謝るなんて……何か裏があるんですか？
恭一さんが素直に謝るなんて……何か裏があるんですか？
恭一
恭一
裏があってほしいのか？
裏があってほしいのか？
恋
恋
欲しくないです……
欲しくないです……
恭一
恭一
なら、裏は無い
なら、裏は無い
恋
恋
なんですかそれ……
なんですかそれ……
恭一
恭一
それと、おまえにはもう一つ謝らないとな
それと、おまえにはもう一つ謝らないとな
恋
恋
なんですか……？
なんですか……？
恭一
恭一
おまえも楽しみだっただろ、ホープタウン。
おまえも楽しみだっただろ、ホープタウン。
オレの存在のせいで、妙なことに巻き込ませた
オレの存在のせいで、妙なことに巻き込ませた
恋
恋
そ、それは違います。私がいけなかったんです……
そ、それは違います。私がいけなかったんです……
島津さんが、特務官だったってことを、失念していました
島津さんが、特務官だったってことを、失念していました
恋
恋
恭一さんのことを調べているなんて、思いもしなかったから……
恭一さんのことを調べているなんて、思いもしなかったから……
恋
恋
私が上手く隠し通せていたら、こんなことにはなりませんでした
私が上手く隠し通せていたら、こんなことにはなりませんでした
恭一
恭一
あいつはとっくに気づいていた。
あいつはとっくに気づいていた。
おまえがボロを出す出さないに関わらずかわらなかっただろうさ
おまえがボロを出す出さないに関わらずかわらなかっただろうさ
恋
恋
気づいていた、って、どこで……？
気づいていた、って、どこで……？
恭一
恭一
さあな。少なくとも、この間のパーティーじゃめぼしはつけてた様子だったが
さあな。少なくとも、この間のパーティーじゃめぼしはつけてた様子だったが
恭一
恭一
とにかくおまえが気に病むことじゃない
とにかくおまえが気に病むことじゃない
恋
恋
……恭一さん……
……恭一さん……
恭一
恭一
とりあえず泣き止め。そしたら、戻って結果を聞くぞ
とりあえず泣き止め。そしたら、戻って結果を聞くぞ
恋
恋
はい……
はい……
se倉屋敷重工（和葉研究室
se倉屋敷重工（和葉研究室
和葉
和葉
待たせたな
待たせたな
恭一
恭一
それで、何かわかったのか？
それで、何かわかったのか？
和葉
和葉
今からデータを見るところだ
今からデータを見るところだ
seめくる (1
seめくる (1
恭一
恭一
この女は、アンドロイド分野が専門なんだろ？
この女は、アンドロイド分野が専門なんだろ？
秀隆
秀隆
はい。でもその他の分野においても、超がつく天才です
はい。でもその他の分野においても、超がつく天才です
恋
恋
倉屋敷の技術は、ドリームタウンよりも数十年先を進んでいる、と聞いています
倉屋敷の技術は、ドリームタウンよりも数十年先を進んでいる、と聞いています
恭一
恭一
はぁん……そんなに凄いのか
はぁん……そんなに凄いのか
秀隆
秀隆
それで社長、結果は？
それで社長、結果は？
和葉
和葉
うるせえな。黙って待てよ
うるせえな。黙って待てよ
バシャッ。
バシャッ。
秀隆
秀隆
熱っ！！
熱っ！！
秀隆
秀隆
アツアツのコーヒーをぶっかけないでくださいよ！
アツアツのコーヒーをぶっかけないでくださいよ！
恭一
恭一
バカなやりとりしてないでさっさと教えろチビ
バカなやりとりしてないでさっさと教えろチビ
和葉
和葉
テメェもうるさい
テメェもうるさい
バシャッ。
バシャッ。
恋
恋
わ！？
わ！？
秀隆
秀隆
うげ……
うげ……
チビはオレに向けてコーヒーをぶちまけた。
チビはオレに向けてコーヒーをぶちまけた。
恭一
恭一
……やってくれるじゃねえか
……やってくれるじゃねえか
和葉
和葉
こりゃ……は、嘘だろ？
こりゃ……は、嘘だろ？
和葉
和葉
……あたしが計算をミスったか？　んなのは絶対ありえねぇ……
……あたしが計算をミスったか？　んなのは絶対ありえねぇ……
和葉
和葉
ってことは……
ってことは……
秀隆
秀隆
な、何か凄いことでも分かったんですか？
な、何か凄いことでも分かったんですか？
和葉
和葉
……ちょっと待て。確実な裏を取る
……ちょっと待て。確実な裏を取る
恭一
恭一
まだ待たせるつもりか
まだ待たせるつもりか
和葉
和葉
緊急事態なんだよ糞野郎
緊急事態なんだよ糞野郎
秀隆
秀隆
緊急事態って……
緊急事態って……
和葉
和葉
キズナをここに呼べ
キズナをここに呼べ
有無を言わせない迫力で、短くそう言う。
有無を言わせない迫力で、短くそう言う。
秀隆
秀隆
わ、わかりました
わ、わかりました
恋
恋
あの……どなたがいらっしゃるんですか？
あの……どなたがいらっしゃるんですか？
正直、恭一さんのことを見られるのは……
正直、恭一さんのことを見られるのは……
秀隆
秀隆
あー……
あー……
和葉
和葉
心配すんな。今からくるキズナってのも、地上の生き残りだ
心配すんな。今からくるキズナってのも、地上の生き残りだ
秀隆
秀隆
ちょ、倉屋敷社長！？
ちょ、倉屋敷社長！？
和葉
和葉
いいんだよ
いいんだよ
秀隆
秀隆
い、いいって……
い、いいって……
恭一
恭一
そりゃいい。オレも会いたいと思ってたところだ
そりゃいい。オレも会いたいと思ってたところだ
恋
恋
す、凄いことになりそうですね……
す、凄いことになりそうですね……
秀隆
秀隆
すごいってか、何考えてるんだ……
すごいってか、何考えてるんだ……
キズナ
キズナ
こんにちはですっ
こんにちはですっ
一人の女が、入ってきた。
一人の女が、入ってきた。
恋
恋
……この子が、地上の生き残り……なんですか？
……この子が、地上の生き残り……なんですか？
和葉
和葉
そうだ。名前はキズナ
そうだ。名前はキズナ
キズナ
キズナ
初めまして。私キズナです。あれ、でもいいんですか？
初めまして。私キズナです。あれ、でもいいんですか？
和葉
和葉
構わん。そっちの男もおまえと同じだ
構わん。そっちの男もおまえと同じだ
キズナ
キズナ
同じ……
同じ……
キズナ
キズナ
地上の人ですか？
地上の人ですか？
恭一
恭一
ああ
ああ
キズナ
キズナ
なんとなんと！　こんな感じでお会いするとは思ってもいませんでしたっ！
なんとなんと！　こんな感じでお会いするとは思ってもいませんでしたっ！
キズナ
キズナ
お名前は何というんですかっ？
お名前は何というんですかっ？
恭一
恭一
阿倍野小路清麿だ
阿倍野小路清麿だ
恋
恋
さらっとひどい嘘をつかないでください。
さらっとひどい嘘をつかないでください。
この人は恭一っていいます
この人は恭一っていいます
キズナ
キズナ
恭一さん。えと、可愛いあなたは？
恭一さん。えと、可愛いあなたは？
恋
恋
か、可愛い？
か、可愛い？
恭一
恭一
子供のお世辞だ。真に受けるな
子供のお世辞だ。真に受けるな
恋
恋
わ、わかっていますっ。
わ、わかっていますっ。
私は長谷川恋と言います。よろしくね
私は長谷川恋と言います。よろしくね
キズナ
キズナ
はい、よろしくですっ
はい、よろしくですっ
秀隆
秀隆
自己紹介は終わったみたいですけど……
自己紹介は終わったみたいですけど……
和葉
和葉
そうか
そうか
秀隆
秀隆
あれ？
あれ？
秀隆
秀隆
それ、さっきまでありませんでしたよね？
それ、さっきまでありませんでしたよね？
和葉
和葉
血ぃ抜いた
血ぃ抜いた
秀隆
秀隆
な、なんでまたこのタイミングで
な、なんでまたこのタイミングで
和葉
和葉
……よし
……よし
和葉
和葉
まず最初に、おまえの身体から地上に関する手がかりは得られなかった
まず最初に、おまえの身体から地上に関する手がかりは得られなかった
和葉
和葉
ま、元々人体から何かが出る可能性も低かったから、驚きもないがな
ま、元々人体から何かが出る可能性も低かったから、驚きもないがな
秀隆
秀隆
手がかりはなかったのに、キズナを呼び寄せたんですか？
手がかりはなかったのに、キズナを呼び寄せたんですか？
和葉
和葉
今回は、ぶっちゃけ身内トークだ。地上は関係ない
今回は、ぶっちゃけ身内トークだ。地上は関係ない
秀隆
秀隆
は？　身内トーク？
は？　身内トーク？
和葉
和葉
あたしは回りくどいのは嫌いだから、そのまま伝える
あたしは回りくどいのは嫌いだから、そのまま伝える
和葉
和葉
おまえ
おまえ
オレを指さす。
オレを指さす。
和葉
和葉
おまえ
おまえ
そして今度は、キズナを指さす。
そして今度は、キズナを指さす。
和葉
和葉
親子だ
親子だ
恭一
恭一
…………
…………
恋
恋
…………
…………
秀隆
秀隆
…………
…………
キズナ
キズナ
…………
…………
もちろん、突然のカミングアウトに、全員がフリーズする。
もちろん、突然のカミングアウトに、全員がフリーズする。
秀隆
秀隆
え……
え……
恋
恋
ええええええええええええええええっ！？
ええええええええええええええええっ！？
秀隆
秀隆
おおお、親子、親子ってどういうことですか！？
おおお、親子、親子ってどういうことですか！？
和葉
和葉
どういうこともなにも、検査もろもろの結果のことだ
どういうこともなにも、検査もろもろの結果のことだ
キズナ
キズナ
わ、私のお兄さん、じゃなくて、お父さん？
わ、私のお兄さん、じゃなくて、お父さん？
和葉
和葉
親子だからな。そういうことになる
親子だからな。そういうことになる
秀隆
秀隆
ちょ待ってください。だって、恭一さんの年齢は……
ちょ待ってください。だって、恭一さんの年齢は……
和葉
和葉
コールドスリープしたんだったら、何の不思議もない
コールドスリープしたんだったら、何の不思議もない
秀隆
秀隆
そうか……
そうか……
秀隆
秀隆
で、でもそんな偶然、ありえるんですか……
で、でもそんな偶然、ありえるんですか……
和葉
和葉
全然あるだろ。同じ施設に眠ってたんだ。
全然あるだろ。同じ施設に眠ってたんだ。
近しい人間が一緒に眠っていたとしても不思議じゃない
近しい人間が一緒に眠っていたとしても不思議じゃない
和葉
和葉
恐らく、おまえもセムフェリナにかかっていたんだろうな
恐らく、おまえもセムフェリナにかかっていたんだろうな
恭一
恭一
聞いた名前だ。オレが記憶をなくす前にかかった病気と記憶している
聞いた名前だ。オレが記憶をなくす前にかかった病気と記憶している
和葉
和葉
あれは親から子に遺伝する
あれは親から子に遺伝する
キズナ
キズナ
な、なんだかとんでもないことになりましたっ
な、なんだかとんでもないことになりましたっ
恋
恋
きょ、恭一さん……子供、いたんですね……
きょ、恭一さん……子供、いたんですね……
恭一
恭一
オレの記憶には当然ないけどな
オレの記憶には当然ないけどな
キズナ
キズナ
そうなんですか？
そうなんですか？
和葉
和葉
こいつもおまえと同じで記憶がない。
こいつもおまえと同じで記憶がない。
いや、重度で言えば、圧倒的にお前よりもひどいな
いや、重度で言えば、圧倒的にお前よりもひどいな
和葉
和葉
たまに頭痛があるだろ
たまに頭痛があるだろ
恭一
恭一
……ああ
……ああ
和葉
和葉
脳の一部が欠損してるからな、無理もない
脳の一部が欠損してるからな、無理もない
キズナ
キズナ
それは大丈夫なんですか？
それは大丈夫なんですか？
和葉
和葉
手の施しようはない
手の施しようはない
秀隆
秀隆
命に係わるとか？
命に係わるとか？
和葉
和葉
頭痛の痛みは、恐らく想像の遥か上だ。痛みのせいで死ぬことはありえる
頭痛の痛みは、恐らく想像の遥か上だ。痛みのせいで死ぬことはありえる
秀隆
秀隆
…………
…………
恭一
恭一
生憎と、オレは痛みに強い身体みたいでな
生憎と、オレは痛みに強い身体みたいでな
和葉
和葉
ここで元気にしてるところをみると、そのようだな
ここで元気にしてるところをみると、そのようだな
秀隆
秀隆
いや、でも……こんなことがあるなんて……
いや、でも……こんなことがあるなんて……
和葉
和葉
だが親子とわかったところで、それほど意味はない。
だが親子とわかったところで、それほど意味はない。
どっちも記憶が蘇ることもないんだ。半分他人みたいなもんだろ
どっちも記憶が蘇ることもないんだ。半分他人みたいなもんだろ
恭一
恭一
そうだな
そうだな
キズナ
キズナ
わ、あっさり捨てられちゃいました
わ、あっさり捨てられちゃいました
恋
恋
ひ、ひどいこと言っちゃだめですよ！
ひ、ひどいこと言っちゃだめですよ！
恭一
恭一
ひどい？　普通のことだろ
ひどい？　普通のことだろ
恭一
恭一
オレはもう別の人生を歩みはじめてる。こいつもだ
オレはもう別の人生を歩みはじめてる。こいつもだ
恭一
恭一
今更親子だとわかったからって、一緒に暮せとでも？
今更親子だとわかったからって、一緒に暮せとでも？
恋
恋
それは……そうですけど……
それは……そうですけど……
キズナ
キズナ
えと、さすがにおとーさんと呼ぶのは、あれですよね？
えと、さすがにおとーさんと呼ぶのは、あれですよね？
恭一
恭一
やめろ
やめろ
キズナ
キズナ
じゃあ、あだ名で呼ぶことにしますっ
じゃあ、あだ名で呼ぶことにしますっ
キズナ
キズナ
かーくん、でどうでしょうか！
かーくん、でどうでしょうか！
秀隆
秀隆
かーくん？　なんで？
かーくん？　なんで？
キズナ
キズナ
あれ？　なんででしょう。間違えました
あれ？　なんででしょう。間違えました
キズナ
キズナ
恭一さんだから、眼光くんですね
恭一さんだから、眼光くんですね
秀隆
秀隆
が、眼光くん？
が、眼光くん？
キズナ
キズナ
はい。何か人を平気で殺しそうなくらい怖い目をしてますっ
はい。何か人を平気で殺しそうなくらい怖い目をしてますっ
恋
恋
それは……言えてますね
それは……言えてますね
恭一
恭一
こんな穏やかなイケメンを捕まえて、よく言うぜ
こんな穏やかなイケメンを捕まえて、よく言うぜ
秀隆
秀隆
幾らなんでも眼光君は……呼びづらいだろ
幾らなんでも眼光君は……呼びづらいだろ
キズナ
キズナ
じゃあおとーさんにしますね
じゃあおとーさんにしますね
恭一
恭一
…………
…………
秀隆
秀隆
そりゃ、そう呼ぶのが一番なのかも知れないけど……
そりゃ、そう呼ぶのが一番なのかも知れないけど……
和葉
和葉
感動の再会は終わったな
感動の再会は終わったな
秀隆
秀隆
どこにも感動らしさはありませんでしたけど……
どこにも感動らしさはありませんでしたけど……
和葉
和葉
もう一つ報告することがある
もう一つ報告することがある
秀隆
秀隆
ま、まだあるんですか？
ま、まだあるんですか？
和葉
和葉
おまえ
おまえ
再び、オレを指す。
再び、オレを指す。
和葉
和葉
おまえ
おまえ
そして、次にキズナに。
そして、次にキズナに。
和葉
和葉
あたし
あたし
最後に自分。
最後に自分。
和葉
和葉
祖先と子孫
祖先と子孫
恭一
恭一
…………
…………
恋
恋
…………
…………
秀隆
秀隆
…………
…………
キズナ
キズナ
…………
…………
またもわけのわからないことに、フリーズする全員。
またもわけのわからないことに、フリーズする全員。
秀隆
秀隆
す、すいません、今回は事態が呑み込めなくて叫べないです
す、すいません、今回は事態が呑み込めなくて叫べないです
和葉
和葉
あたしの身体には、この男の血が流れてる。
あたしの身体には、この男の血が流れてる。
んで、この男の娘であるキズナとも、必然的に関係性がある
んで、この男の娘であるキズナとも、必然的に関係性がある
秀隆
秀隆
ま、マジ……っすか？
ま、マジ……っすか？
和葉
和葉
んなことで嘘ついても仕方ないだろ
んなことで嘘ついても仕方ないだろ
和葉
和葉
元々キズナを調べた時に、
元々キズナを調べた時に、
あたしと関係があるのはわかってたけどな
あたしと関係があるのはわかってたけどな
キズナ
キズナ
そ、そうなんですか？
そ、そうなんですか？
和葉
和葉
ああ。だが、母親は別だな
ああ。だが、母親は別だな
恭一
恭一
え、なに。おまえオレの子孫？
え、なに。おまえオレの子孫？
和葉
和葉
そういうことだ
そういうことだ
恭一
恭一
こりゃたまげたな
こりゃたまげたな
恋
恋
……はう
……はう
キズナ
キズナ
今日は驚きの連続です！
今日は驚きの連続です！
キズナ
キズナ
てことは、おとーさんはヤリチンさんなんですかっ？
てことは、おとーさんはヤリチンさんなんですかっ？
恭一
恭一
オレのようなシャイボーイになんてことを言うガキだ
オレのようなシャイボーイになんてことを言うガキだ
恋
恋
どこがシャイボーイですか……絶対そうに決まってます
どこがシャイボーイですか……絶対そうに決まってます
恭一
恭一
睨み付けてもなにもでねぇぞ
睨み付けてもなにもでねぇぞ
恋
恋
……知りませんっ
……知りませんっ
和葉
和葉
ま、今日あたしが言いたかったのはそれで終わりだ
ま、今日あたしが言いたかったのはそれで終わりだ
秀隆
秀隆
倉屋敷社長は何か思うことはないんですか？
倉屋敷社長は何か思うことはないんですか？
和葉
和葉
思うこと？　別に。事実には驚いたが、それだけだ
思うこと？　別に。事実には驚いたが、それだけだ
和葉
和葉
しかし……ユウキは席を外させて正解だった
しかし……ユウキは席を外させて正解だった
秀隆
秀隆
そういえば、ユウキがいませんね
そういえば、ユウキがいませんね
和葉
和葉
下手したら、あいつも関係者だからな……
下手したら、あいつも関係者だからな……
秀隆
秀隆
え？
え？
和葉
和葉
なんでもねーよ。どうせもう意味のないことだ
なんでもねーよ。どうせもう意味のないことだ
和葉
和葉
以上、解散
以上、解散
外に出ると、既に消灯時刻が過ぎてしまっていた。
外に出ると、既に消灯時刻が過ぎてしまっていた。
秀隆
秀隆
これじゃ観光は難しいですね……
これじゃ観光は難しいですね……
恋
恋
私は凄く疲れたので……もう観光はいいです
私は凄く疲れたので……もう観光はいいです
恭一
恭一
別に関係ないだろ。誰と誰の血が繋がっていようが。今は他人だ
別に関係ないだろ。誰と誰の血が繋がっていようが。今は他人だ
秀隆
秀隆
それは、ちょっと言い過ぎじゃないですか？
それは、ちょっと言い過ぎじゃないですか？
秀隆
秀隆
例え記憶がなくても、親子って言う事実は残ります
例え記憶がなくても、親子って言う事実は残ります
恭一
恭一
オレはオレのことにしか興味がない
オレはオレのことにしか興味がない
秀隆
秀隆
でも……
でも……
キズナ
キズナ
私はそれでいいと思います
私はそれでいいと思います
キズナ
キズナ
おとーさんの考え方も、よくわかりますし
おとーさんの考え方も、よくわかりますし
キズナ
キズナ
それに……おとーさんと呼んでみるものの、実感はありません
それに……おとーさんと呼んでみるものの、実感はありません
恭一
恭一
だろうな。オレも呼ばれたところで何も感じない
だろうな。オレも呼ばれたところで何も感じない
キズナ
キズナ
私は、血の繋がった人が生きていたと知って、嬉しかったです
私は、血の繋がった人が生きていたと知って、嬉しかったです
キズナ
キズナ
その事実だけで十分ですよ、ひーくん
その事実だけで十分ですよ、ひーくん
キズナ
キズナ
でも、またいつか、会いたいです
でも、またいつか、会いたいです
恭一
恭一
世界は狭いからな。可能性はあるだろ
世界は狭いからな。可能性はあるだろ
キズナ
キズナ
はいっ
はいっ
恭一
恭一
じゃあな。今日は色々と興味深い話が聞けて面白かった
じゃあな。今日は色々と興味深い話が聞けて面白かった
恋
恋
……はぁ～っ……
……はぁ～っ……
恭一
恭一
随分と深いため息だな
随分と深いため息だな
恋
恋
だって……恭一さんに子供がいるなんて、信じられなくて……
だって……恭一さんに子供がいるなんて、信じられなくて……
恭一
恭一
あれが本当にオレのガキだとしても、今は関係ない
あれが本当にオレのガキだとしても、今は関係ない
恭一
恭一
記憶もなけりゃ、生きてきた時間にもズレがある。
記憶もなけりゃ、生きてきた時間にもズレがある。
今更親子だと判明したところで、何の意味もありはしない
今更親子だと判明したところで、何の意味もありはしない
恋
恋
でも
でも
恋
恋
恭一さんには、愛した女性が居た、ってことですよね
恭一さんには、愛した女性が居た、ってことですよね
恭一
恭一
そうとは限らないだろ。風俗の女との間に出来た子かもな
そうとは限らないだろ。風俗の女との間に出来た子かもな
恋
恋
……愛した女性が、居たってことですよ
……愛した女性が、居たってことですよ
聞いちゃいないな。
聞いちゃいないな。
恭一
恭一
それがどうした。お前には関係ないだろ
それがどうした。お前には関係ないだろ
恋
恋
その女性は、どんな気分だったんでしょうね……
その女性は、どんな気分だったんでしょうね……
恭一
恭一
あ？
あ？
恋
恋
愛する旦那さんとお子さんが、コールドスリープで眠ってしまった
愛する旦那さんとお子さんが、コールドスリープで眠ってしまった
恋
恋
つまり、一人だけその世界に取り残されたってことじゃないですか
つまり、一人だけその世界に取り残されたってことじゃないですか
恋
恋
どんな気持ちで、その後過ごしたんでしょう……
どんな気持ちで、その後過ごしたんでしょう……
恭一
恭一
さあな。それはそいつ本人にしか分からないことだ
さあな。それはそいつ本人にしか分からないことだ
恭一
恭一
おまえが考えても仕方の無いことだろ
おまえが考えても仕方の無いことだろ
恋
恋
気になるんだから仕方ないじゃないですか！
気になるんだから仕方ないじゃないですか！
恭一
恭一
…………
…………
恋
恋
ご、ごめんなさい
ご、ごめんなさい
恭一
恭一
謝るな。謝ることじゃない
謝るな。謝ることじゃない
恋
恋
私は、ただ……
私は、ただ……
恋
恋
ただ
ただ
…………。
…………。
……。
……。
