秀隆
秀隆
くーっ……！　よく眠った！
くーっ……！　よく眠った！
眠る薬かなにかが、身体に入ってたらしい。
眠る薬かなにかが、身体に入ってたらしい。
オレはあれから１日近く寝てしまってたようで、すっかり日付が変わっていた。
オレはあれから１日近く寝てしまってたようで、すっかり日付が変わっていた。
秀隆
秀隆
よっ、と……
よっ、と……
身体を起こす。
身体を起こす。
寝すぎで多少身体がだるいが、問題はなさそうだ。
寝すぎで多少身体がだるいが、問題はなさそうだ。
モニターにはオレの体調を示す数値が映っている。
モニターにはオレの体調を示す数値が映っている。
ほぼオールグリーンだ。
ほぼオールグリーンだ。
秀隆
秀隆
これなら大丈夫だろ。帰らせてもらおうかな
これなら大丈夫だろ。帰らせてもらおうかな
所定の退院手続きを済ませた後、病院を後にした。
所定の退院手続きを済ませた後、病院を後にした。
秀隆
秀隆
……４日も寝てたから、身体が重く感じるぜ
……４日も寝てたから、身体が重く感じるぜ
時刻は８時ちょい前。
時刻は８時ちょい前。
秀隆
秀隆
家に帰ってる余裕はなさそうだな
家に帰ってる余裕はなさそうだな
このまま特務室へ向かうことにしよう。
このまま特務室へ向かうことにしよう。
秀隆
秀隆
おはようっざいます～！
おはようっざいます～！
欠勤明けなので、元気よく挨拶する。
欠勤明けなので、元気よく挨拶する。
オレの声は部屋の隅々まで届いたのか、ほぼ全員が一斉に振り向いた。
オレの声は部屋の隅々まで届いたのか、ほぼ全員が一斉に振り向いた。
秀隆
秀隆
おはようございます、おはようございますー
おはようございます、おはようございますー
席に辿りつくまでのあいだ、皆さんに声をかける。
席に辿りつくまでのあいだ、皆さんに声をかける。
返って来る返事は殆どなかったが、
返って来る返事は殆どなかったが、
中には軽く言葉を出してくれる人もいた。
中には軽く言葉を出してくれる人もいた。
磯部
磯部
んだよ、もう来たのかよ
んだよ、もう来たのかよ
磯部くんもその一人だ。
磯部くんもその一人だ。
文句を言いながらも話しかけてくれる。
文句を言いながらも話しかけてくれる。
磯部
磯部
何ニコニコしてんだよ、気持ち悪ぃな……
何ニコニコしてんだよ、気持ち悪ぃな……
秀隆
秀隆
話しかけてもらえるって嬉しいものなんだなと思いまして
話しかけてもらえるって嬉しいものなんだなと思いまして
磯部
磯部
頭おかしいんじゃねえのか……？　事故の後遺症か
頭おかしいんじゃねえのか……？　事故の後遺症か
秀隆
秀隆
オレの方はいつも通り、バリバリ元気になりました。
オレの方はいつも通り、バリバリ元気になりました。
最近の医療技術は素晴らしいですね
最近の医療技術は素晴らしいですね
磯部
磯部
ケッ。元気になったって誰も受け入れやしねえよ
ケッ。元気になったって誰も受け入れやしねえよ
磯部くんの言うように、幾ら挨拶をして貰えても、
磯部くんの言うように、幾ら挨拶をして貰えても、
相変わらず、この場の空気はオレを拒絶するようだった。
相変わらず、この場の空気はオレを拒絶するようだった。
でも一難去った後だからか、それほど気になりはしなかった。
でも一難去った後だからか、それほど気になりはしなかった。
まどか
まどか
おはよう島津くん。早速だけど、先日の話をさせて貰える？
おはよう島津くん。早速だけど、先日の話をさせて貰える？
秀隆
秀隆
ああ、オレもちょっと気になってたんだ
ああ、オレもちょっと気になってたんだ
あの施設に眠っていた少女、
あの施設に眠っていた少女、
それに、腐敗した死体のこと。
それに、腐敗した死体のこと。
気にしないでいることの方が無茶ってもんだろう。
気にしないでいることの方が無茶ってもんだろう。
まどか
まどか
じゃあ、行きましょ
じゃあ、行きましょ
どうやらここで話せるレベルじゃないらしい。
どうやらここで話せるレベルじゃないらしい。
他の特務官には聞かせられない話、ってことか。
他の特務官には聞かせられない話、ってことか。
秀隆
秀隆
でも、行くってどこに？
でも、行くってどこに？
まどか
まどか
決まってるでしょ。唐沢代表のところよ
決まってるでしょ。唐沢代表のところよ
se特務室の扉開閉音
se特務室の扉開閉音
秀隆
秀隆
失礼します
失礼します
代表室に足を踏み入れると、唐沢さんが柔らかい笑みで迎えてくれた。
代表室に足を踏み入れると、唐沢さんが柔らかい笑みで迎えてくれた。
まどかが恐縮しながらオレの隣に立つ。
まどかが恐縮しながらオレの隣に立つ。
唐沢
唐沢
よく来たね。島津くん、身体の方はもう大丈夫かい？
よく来たね。島津くん、身体の方はもう大丈夫かい？
椅子から立ち上がり、オレの前まで来ると、ニッコリと微笑んだ。
椅子から立ち上がり、オレの前まで来ると、ニッコリと微笑んだ。
秀隆
秀隆
はい、その節はご迷惑おかけしました。もう大丈夫です
はい、その節はご迷惑おかけしました。もう大丈夫です
ちょっとしたことだが、唐沢さんの優しさが伝わってくる。
ちょっとしたことだが、唐沢さんの優しさが伝わってくる。
代表席に座って出迎えてくれるのと、
代表席に座って出迎えてくれるのと、
こうして目の前で優しく声をかけてくれるのとでは、全然違う。
こうして目の前で優しく声をかけてくれるのとでは、全然違う。
オレが嬉しいのはもちろんだが、
オレが嬉しいのはもちろんだが、
隣にいるまどかや竹内氏も感服していることだろう。
隣にいるまどかや竹内氏も感服していることだろう。
唐沢
唐沢
そうか、それは良かった。とりあえず、かけてくれるかな
そうか、それは良かった。とりあえず、かけてくれるかな
まどか
まどか
失礼します
失礼します
竹内氏の前に、オレたち２人は腰を降ろした。
竹内氏の前に、オレたち２人は腰を降ろした。
唐沢代表も、竹内氏の隣に腰を下ろす。
唐沢代表も、竹内氏の隣に腰を下ろす。
唐沢
唐沢
君が大怪我をしたと聞いた時には驚いたよ……
君が大怪我をしたと聞いた時には驚いたよ……
秀隆
秀隆
ドジ踏んでしまいました。申し訳ありません
ドジ踏んでしまいました。申し訳ありません
唐沢
唐沢
いやいや、むしろ僕は
いやいや、むしろ僕は
何かを言いかけた唐沢さんの言葉が止まる。
何かを言いかけた唐沢さんの言葉が止まる。
唐沢
唐沢
この話は後にしよう。竹内くん、先に説明をお願いするよ
この話は後にしよう。竹内くん、先に説明をお願いするよ
竹内
竹内
はい。早速だが、わかったことを伝える
はい。早速だが、わかったことを伝える
秀隆
秀隆
わかったこと？
わかったこと？
竹内
竹内
先日、君たちが発見した冷凍保存カプセルのことだ
先日、君たちが発見した冷凍保存カプセルのことだ
秀隆
秀隆
やっぱりあれは、そうだったんですね
やっぱりあれは、そうだったんですね
竹内
竹内
あの崩落施設は、地上崩壊以前に建築された冷凍保存施設だった
あの崩落施設は、地上崩壊以前に建築された冷凍保存施設だった
秀隆
秀隆
地上崩壊以前って、１５０年以上も前ですか……
地上崩壊以前って、１５０年以上も前ですか……
竹内
竹内
我々が確認した、施設のカプセル総数は男女含め４３名。
我々が確認した、施設のカプセル総数は男女含め４３名。
ホープタウンが２３名、ドリームタウンが２０名だ
ホープタウンが２３名、ドリームタウンが２０名だ
どうやら、ホープタウンが女性の保存場所を、
どうやら、ホープタウンが女性の保存場所を、
ドリームタウンが男性の保存場所を発見したらしい。
ドリームタウンが男性の保存場所を発見したらしい。
それで、互いにその施設が冷凍保存所であることを把握したのか。
それで、互いにその施設が冷凍保存所であることを把握したのか。
竹内
竹内
カプセルには全て自力発電の設備があったようだが、崩落した衝撃で稼動停止したんだろう。その殆どが既に亡くなっていた。死後数十年のものから、数ヶ月前のものまで、バラバラだったがね
カプセルには全て自力発電の設備があったようだが、崩落した衝撃で稼動停止したんだろう。その殆どが既に亡くなっていた。死後数十年のものから、数ヶ月前のものまで、バラバラだったがね
秀隆
秀隆
…………
…………
竹内
竹内
だが、奇跡的に稼動停止を免れ生存していた者が３名が確認された
だが、奇跡的に稼動停止を免れ生存していた者が３名が確認された
秀隆
秀隆
３人の生存者……
３人の生存者……
１５０年の時を永らえ、生きていた、と言うことか。
１５０年の時を永らえ、生きていた、と言うことか。
竹内
竹内
もっとも……すぐに息を引き取ったがね
もっとも……すぐに息を引き取ったがね
秀隆
秀隆
……どういうことです？
……どういうことです？
竹内
竹内
生存していた者の機能も、一部が破損していた。
生存していた者の機能も、一部が破損していた。
誰の目にも、明らかに蘇生は無理だった
誰の目にも、明らかに蘇生は無理だった
秀隆
秀隆
全滅ですか……
全滅ですか……
唐沢
唐沢
本題はここからなんだよ、島津くん
本題はここからなんだよ、島津くん
そういい、もう一枚の紙を落とした。
そういい、もう一枚の紙を落とした。
秀隆
秀隆
これは……
これは……
そこに写されていた画像の人物には、覚えがある。
そこに写されていた画像の人物には、覚えがある。
竹内
竹内
４４人目の……たった１名の生存者だ
４４人目の……たった１名の生存者だ
秀隆
秀隆
ちょっと待ってください。先ほどは、全部で４３名って……
ちょっと待ってください。先ほどは、全部で４３名って……
竹内
竹内
この子の資料は、あちら側には提出していない
この子の資料は、あちら側には提出していない
隣のまどかが息を呑む。
隣のまどかが息を呑む。
どうやら、この話が本命のようだ。
どうやら、この話が本命のようだ。
唐沢
唐沢
つまりドリームタウンには知られていないと言うことだ
つまりドリームタウンには知られていないと言うことだ
秀隆
秀隆
今回の探索では、発見したこと、見つけたこと、
今回の探索では、発見したこと、見つけたこと、
気付いたことなどは隠さず報告する契約が結ばれていましたよね？
気付いたことなどは隠さず報告する契約が結ばれていましたよね？
秀隆
秀隆
なのに、この情報を渡していないということは
なのに、この情報を渡していないということは
秀隆
秀隆
……情報の隠蔽、ですか
……情報の隠蔽、ですか
オレの一言に、竹内氏の表情が険しくなった。
オレの一言に、竹内氏の表情が険しくなった。
竹内
竹内
余計な混乱を避けるための、最善処置と言ってもらおう
余計な混乱を避けるための、最善処置と言ってもらおう
唐沢
唐沢
竹内くんの言う通り、これは仕方が無かったんだ
竹内くんの言う通り、これは仕方が無かったんだ
唐沢
唐沢
生き残った少女のためを思って、行うことなんだよ
生き残った少女のためを思って、行うことなんだよ
唐沢
唐沢
僕たちが地上を放棄してから、１５０年。
僕たちが地上を放棄してから、１５０年。
未だに地上は荒れ、人々が住む状態でないことは、科学的根拠で示されている
未だに地上は荒れ、人々が住む状態でないことは、科学的根拠で示されている
唐沢
唐沢
もし地上時代の生き残りであることを知られれば、
もし地上時代の生き残りであることを知られれば、
とてつもない大混乱が起こってしまうことだってありうる
とてつもない大混乱が起こってしまうことだってありうる
唐沢
唐沢
マスコミに利用され、少女に興味を示す科学者、
マスコミに利用され、少女に興味を示す科学者、
あるいは研究者たちに付きまとわれることだって最悪ありうるだろうね
あるいは研究者たちに付きまとわれることだって最悪ありうるだろうね
唐沢
唐沢
人々は住めない地上に夢を抱き、今の環境に不満を唱えるかも知れない
人々は住めない地上に夢を抱き、今の環境に不満を唱えるかも知れない
唐沢
唐沢
確率は高くないかも知れないが、
確率は高くないかも知れないが、
このホープタウンの存在そのものを揺るがしかねないんだよ
このホープタウンの存在そのものを揺るがしかねないんだよ
秀隆
秀隆
…………
…………
唐沢さんの言うことはもっともだ。
唐沢さんの言うことはもっともだ。
確かに、こんな話を隠蔽したところで、
確かに、こんな話を隠蔽したところで、
さしてホープタウンにメリットはない。
さしてホープタウンにメリットはない。
地上に強く関心を示しているならまだしも、
地上に強く関心を示しているならまだしも、
この街は皆、今の生活を気に入っている。
この街は皆、今の生活を気に入っている。
地上に強い関心を示すドリームタウンに知られることの方が、
地上に強い関心を示すドリームタウンに知られることの方が、
より大きな災いを引き起こすことは明らかだろう。
より大きな災いを引き起こすことは明らかだろう。
唐沢
唐沢
だからと言って、少女の存在をなかったことには出来ない。
だからと言って、少女の存在をなかったことには出来ない。
まして、地下に閉じ込めておくなど、許されるはずもないだろう
まして、地下に閉じ込めておくなど、許されるはずもないだろう
秀隆
秀隆
はい、その通りです。こちらの事情のために、
はい、その通りです。こちらの事情のために、
その生き残った少女に苦行を強いるのは間違いだと思います
その生き残った少女に苦行を強いるのは間違いだと思います
唐沢代表は深く頷いた。
唐沢代表は深く頷いた。
唐沢
唐沢
僕はこの少女にごく普通の人生を送らせてあげたい。そう思ったんだ
僕はこの少女にごく普通の人生を送らせてあげたい。そう思ったんだ
秀隆
秀隆
そのための事実隠蔽……ですね
そのための事実隠蔽……ですね
何となく事態を把握することが出来た。
何となく事態を把握することが出来た。
唐沢さんの言うことは、実に納得の行く話だった。
唐沢さんの言うことは、実に納得の行く話だった。
事が公になって、少女がどうなるのかは、深く考えるまでもない。
事が公になって、少女がどうなるのかは、深く考えるまでもない。
竹内
竹内
この子を発見した数名の特務官、
この子を発見した数名の特務官、
つまり君たちには黙秘を頼みたい。頼まれてくれるね？
つまり君たちには黙秘を頼みたい。頼まれてくれるね？
まどか
まどか
わかりました
わかりました
秀隆
秀隆
わかりました
わかりました
オレたちは迷うことなく、２人同時に頷いた。
オレたちは迷うことなく、２人同時に頷いた。
竹内
竹内
ここに誓約書がある。問題なければサインを
ここに誓約書がある。問題なければサインを
秀隆
秀隆
はい
はい
オレたちはペンを取り、書類に目を通す。
オレたちはペンを取り、書類に目を通す。
そこには少女が地上時代の生き残りであることを口外しない取り決めが書かれていた。
そこには少女が地上時代の生き残りであることを口外しない取り決めが書かれていた。
秀隆
秀隆
それで、その少女は今どこに？
それで、その少女は今どこに？
書類にサインをし、竹内氏に提出する。
書類にサインをし、竹内氏に提出する。
唐沢
唐沢
今日目覚めたばかりでね、今は倉屋敷社長の元で説明を受けている
今日目覚めたばかりでね、今は倉屋敷社長の元で説明を受けている
秀隆
秀隆
そうですか
そうですか
これから、ゆっくり時間をかけて現代に馴染ませていくんだろう。
これから、ゆっくり時間をかけて現代に馴染ませていくんだろう。
あの倉屋敷社長が動くなんて珍しい、
あの倉屋敷社長が動くなんて珍しい、
いや、地上の生き残り、と言う存在がそれだけ凄いってことか。
いや、地上の生き残り、と言う存在がそれだけ凄いってことか。
唐沢
唐沢
……今後の少女の対応についてなんだが
……今後の少女の対応についてなんだが
秀隆
秀隆
周囲の人間には、正体を話さない、ですよね
周囲の人間には、正体を話さない、ですよね
唐沢
唐沢
勿論そうなんだが、当然これからの生活を考えなければいけない
勿論そうなんだが、当然これからの生活を考えなければいけない
唐沢
唐沢
少女の存在を知っているのは、私と竹内くん、倉屋敷社長。島津君。そして共に行動していた佐々野くん等の特務官数名だ
少女の存在を知っているのは、私と竹内くん、倉屋敷社長。島津君。そして共に行動していた佐々野くん等の特務官数名だ
秀隆
秀隆
はい
はい
唐沢
唐沢
つまり、この中の誰かに、
つまり、この中の誰かに、
少女を預かってもらうのがベストだと思っている
少女を預かってもらうのがベストだと思っている
まどか
まどか
同居させる、と言うことですか
同居させる、と言うことですか
唐沢さんは小さく頷いた。
唐沢さんは小さく頷いた。
唐沢
唐沢
本来であれば、冷凍保存から目覚めた者は、
本来であれば、冷凍保存から目覚めた者は、
施設に入り、社会復帰の訓練を受けた後に自由になる
施設に入り、社会復帰の訓練を受けた後に自由になる
唐沢
唐沢
でも今回、その少女を施設に預け入れることは非常に難しい
でも今回、その少女を施設に預け入れることは非常に難しい
まどか
まどか
世間に地上時代の生き残りであることが知られるリスク、ですね
世間に地上時代の生き残りであることが知られるリスク、ですね
唐沢さんは再度頷く。
唐沢さんは再度頷く。
街はコールドスリープ状態にある人物を全て把握している。
街はコールドスリープ状態にある人物を全て把握している。
そこにリストにない少女を連れて行けば、疑いは広がっていくだろう。
そこにリストにない少女を連れて行けば、疑いは広がっていくだろう。
施設の関係者も少なくは無い、
施設の関係者も少なくは無い、
多くの者の目に触れれば触れるほど、少女の噂は広まっていく。
多くの者の目に触れれば触れるほど、少女の噂は広まっていく。
唐沢
唐沢
ここからは消去法になるが、誰に同居させることが可能か、だ
ここからは消去法になるが、誰に同居させることが可能か、だ
唐沢
唐沢
私は何かと注目を浴びる上に、
私は何かと注目を浴びる上に、
年頃の子を家に招き入れるわけにもいかない
年頃の子を家に招き入れるわけにもいかない
唐沢
唐沢
僕と同じく注目を浴び、多忙な竹内くんも同じく難しいだろうね
僕と同じく注目を浴び、多忙な竹内くんも同じく難しいだろうね
唐沢
唐沢
佐々野くんや磯部くんも、ご両親と暮らされているね？
佐々野くんや磯部くんも、ご両親と暮らされているね？
まどか
まどか
はい。私は４人家族で、磯部くんも同じになります
はい。私は４人家族で、磯部くんも同じになります
唐沢
唐沢
島津くん
島津くん
秀隆
秀隆
はい
はい
唐沢
唐沢
君なら、この中で最も適任なんだが……引き受けてはもらえないだろうか？
君なら、この中で最も適任なんだが……引き受けてはもらえないだろうか？
唐沢
唐沢
家にいるのは秋ちゃんだけで、彼女なら口外する心配も少ない。
家にいるのは秋ちゃんだけで、彼女なら口外する心配も少ない。
何より大切な人物を任せるなら、最低限信頼できる者に託したいんだ
何より大切な人物を任せるなら、最低限信頼できる者に託したいんだ
秀隆
秀隆
うちなら、確かに問題は少ないかもしれませんが……
うちなら、確かに問題は少ないかもしれませんが……
実際は、かなり問題がある。
実際は、かなり問題がある。
秋以外の人間を、家に入れることを極力避けたいと思っているからだ。
秋以外の人間を、家に入れることを極力避けたいと思っているからだ。
ここ５年間、誰かを家に上げた記憶は殆ど無い。
ここ５年間、誰かを家に上げた記憶は殆ど無い。
秀隆
秀隆
倉屋敷社長にお願いは出来ないのですか？
倉屋敷社長にお願いは出来ないのですか？
倉屋敷社長なら人間の１人や２人匿うことはわけないはず。
倉屋敷社長なら人間の１人や２人匿うことはわけないはず。
唐沢
唐沢
我々もそう思って、真っ先に頼み込んだんだが……断られてしまってね
我々もそう思って、真っ先に頼み込んだんだが……断られてしまってね
秀隆
秀隆
は、はは……
は、はは……
あの人なら、唐沢さんの頼みでも容赦なく断りそうだ。
あの人なら、唐沢さんの頼みでも容赦なく断りそうだ。
唐沢
唐沢
何か引き受けられない事情があるのかい？
何か引き受けられない事情があるのかい？
秀隆
秀隆
いえ。そう言うわけでは……
いえ。そう言うわけでは……
ともかく、ここで不自然に拒むことはできない。
ともかく、ここで不自然に拒むことはできない。
秀隆
秀隆
１つだけお願いがあります
１つだけお願いがあります
唐沢
唐沢
ん？
ん？
秀隆
秀隆
家で同居させられるよう秋に交渉してみますが、
家で同居させられるよう秋に交渉してみますが、
この写真の少女が地上時代の生き残りであると、説明させてください
この写真の少女が地上時代の生き残りであると、説明させてください
竹内
竹内
それは避けてもらいたい。余計なリスクを高めたくはない
それは避けてもらいたい。余計なリスクを高めたくはない
唐沢
唐沢
いや、大丈夫だよ竹内くん。秋ちゃんなら信頼できる
いや、大丈夫だよ竹内くん。秋ちゃんなら信頼できる
竹内
竹内
ですが……
ですが……
唐沢
唐沢
下手に素性を隠して同居すれば、不信感も募る。
下手に素性を隠して同居すれば、不信感も募る。
ここは正直に話して理解を得た方がいいだろうね
ここは正直に話して理解を得た方がいいだろうね
唐沢
唐沢
それに、秋ちゃんが彼と同居しているのは、むしろ好材料だ
それに、秋ちゃんが彼と同居しているのは、むしろ好材料だ
唐沢
唐沢
もし島津くんが一人暮らしなら、
もし島津くんが一人暮らしなら、
年頃の少女を家に招きいれることに不信感が生まれる
年頃の少女を家に招きいれることに不信感が生まれる
確かに、そうかも知れない。
確かに、そうかも知れない。
秋がいることで、その少女が混ざったとしても
秋がいることで、その少女が混ざったとしても
周囲から好奇な視線を向けられることは抑えられるだろう。
周囲から好奇な視線を向けられることは抑えられるだろう。
竹内
竹内
……でしたら、最低でも彼らと同じ誓約書を書いていただきたい
……でしたら、最低でも彼らと同じ誓約書を書いていただきたい
唐沢
唐沢
どうだろう、構わないかな？
どうだろう、構わないかな？
秀隆
秀隆
分かりました。大丈夫です。もちろん秋が良いと言えばですが
分かりました。大丈夫です。もちろん秋が良いと言えばですが
唐沢
唐沢
そう言ってくれると助かるよ。すまないね
そう言ってくれると助かるよ。すまないね
秀隆
秀隆
いえ……他に候補がいないのであれば、仕方ありません
いえ……他に候補がいないのであれば、仕方ありません
唐沢
唐沢
秋ちゃんの了承が得られたら、すぐに連絡を貰えるかな。
秋ちゃんの了承が得られたら、すぐに連絡を貰えるかな。
食事のことなども考え、君には一時的に昇給の形で給与を多く
食事のことなども考え、君には一時的に昇給の形で給与を多く
振り込ませる
振り込ませる
唐沢
唐沢
先の食糧プラントでの活躍も考慮すれば、
先の食糧プラントでの活躍も考慮すれば、
この昇給はけして不自然なものには映らないだろう。
この昇給はけして不自然なものには映らないだろう。
それで彼女の面倒を見てあげて欲しい
それで彼女の面倒を見てあげて欲しい
色々な意味で、カモフラージュするにはオレが最適な人物らしい。
色々な意味で、カモフラージュするにはオレが最適な人物らしい。
秀隆
秀隆
分かりました。お引き受けします
分かりました。お引き受けします
竹内
竹内
後の詳細は倉屋敷社長から聞いてもらうことになる
後の詳細は倉屋敷社長から聞いてもらうことになる
竹内
竹内
これからすぐ倉屋敷ビルに行って貰おう。
これからすぐ倉屋敷ビルに行って貰おう。
今日の業務はそれで終わりだ、同居の話を進めてもらいたい
今日の業務はそれで終わりだ、同居の話を進めてもらいたい
秀隆
秀隆
了解しました
了解しました
唐沢
唐沢
そうだ。さっき島津くんに言いかけたことなんだけど
そうだ。さっき島津くんに言いかけたことなんだけど
秀隆
秀隆
後にしようって言った話ですね。大丈夫です、理解しました
後にしようって言った話ですね。大丈夫です、理解しました
オレは笑って答えた。
オレは笑って答えた。
唐沢
唐沢
君が事故に巻き込まれた結果、少女は世間の目に晒されずに済んだ。もしも調査が普通に行われていればそうはいかなかっただろう
君が事故に巻き込まれた結果、少女は世間の目に晒されずに済んだ。もしも調査が普通に行われていればそうはいかなかっただろう
唐沢
唐沢
だから僕は、結果的によかったと思っている。島津くんも無事だったしね
だから僕は、結果的によかったと思っている。島津くんも無事だったしね
秀隆
秀隆
はい。これこそ怪我の巧妙というやつかも知れませんね。では、失礼します
はい。これこそ怪我の巧妙というやつかも知れませんね。では、失礼します
まどか
まどか
大変なことになっちゃったわね
大変なことになっちゃったわね
秀隆
秀隆
経緯や事情はともかく、中身は比較的シンプルだ。
経緯や事情はともかく、中身は比較的シンプルだ。
新人のオレにも役に立てることがあるなら、断る理由もないさ
新人のオレにも役に立てることがあるなら、断る理由もないさ
まどか
まどか
とか言って、女の子と一緒に生活出来るから、
とか言って、女の子と一緒に生活出来るから、
なんていう不純な動機が混ざっているわけじゃないわよね？
なんていう不純な動機が混ざっているわけじゃないわよね？
秀隆
秀隆
あのな、家には秋が居るんだぞ？
あのな、家には秋が居るんだぞ？
秀隆
秀隆
こっちが悪巧みしたところで、どうにもならないさ
こっちが悪巧みしたところで、どうにもならないさ
まどか
まどか
それもそうね、彼女が居れば問題ない、か
それもそうね、彼女が居れば問題ない、か
説得力のある一言だったのか、まどかはあっさりと頷いた。
説得力のある一言だったのか、まどかはあっさりと頷いた。
一度荷物を取りに、オフィスへと戻る。
一度荷物を取りに、オフィスへと戻る。
秀隆
秀隆
じゃあまた明日な。これから倉屋敷ビルに向かうよ
じゃあまた明日な。これから倉屋敷ビルに向かうよ
まどか
まどか
ええ
ええ
秀隆
秀隆
とりあえず鞄だけあればいいか
とりあえず鞄だけあればいいか
磯部
磯部
マジかよ……
マジかよ……
何やら、磯部くんがパソコンの記事を読んで驚いていた。
何やら、磯部くんがパソコンの記事を読んで驚いていた。
まどか
まどか
どうしたの？
どうしたの？
磯部
磯部
いや、ちょっとな……
いや、ちょっとな……
アンドロイドの開発者が島流しにあったって噂を聞いて、驚いてる
アンドロイドの開発者が島流しにあったって噂を聞いて、驚いてる
まどか
まどか
そうなの？
そうなの？
２人の会話も多少気になったが、オレは倉屋敷ビルに向かおう。
２人の会話も多少気になったが、オレは倉屋敷ビルに向かおう。
オレは、再びここ、倉屋敷社長のいる建物へと足を運んだ。
オレは、再びここ、倉屋敷社長のいる建物へと足を運んだ。
警備員さんに頭を下げゲートをくぐる。
警備員さんに頭を下げゲートをくぐる。
警備員３
警備員３
待て
待て
秀隆
秀隆
えっ！？
えっ！？
予想外なことに、オレはゲートで呼び止められた。
予想外なことに、オレはゲートで呼び止められた。
秀隆
秀隆
あ、あの、オレ今日は許可を貰って来たんですが？
あ、あの、オレ今日は許可を貰って来たんですが？
警備員３
警備員３
こちらに話は来ていない
こちらに話は来ていない
秀隆
秀隆
特務官の島津が、社長に会う予定になってるとお伝えください
特務官の島津が、社長に会う予定になってるとお伝えください
警備員３
警備員３
少し待っていろ
少し待っていろ
厳しい顔つきで、確認を取る警備員さん。
厳しい顔つきで、確認を取る警備員さん。
全く、相変わらず厳しい管理体制だ。
全く、相変わらず厳しい管理体制だ。
警備員３
警備員３
そうか、わかった
そうか、わかった
無線でのやり取りを終え、警備員さんがこちらを見た。
無線でのやり取りを終え、警備員さんがこちらを見た。
秀隆
秀隆
それじゃあ、お邪魔します
それじゃあ、お邪魔します
改めてゲートをくぐろうと一歩を踏み出した。
改めてゲートをくぐろうと一歩を踏み出した。
警備員３
警備員３
帰れ
帰れ
秀隆
秀隆
ええっ！？　な、なんでですか！？
ええっ！？　な、なんでですか！？
警備員３
警備員３
残念だが社長に取り次ぐことが出来なかった。
残念だが社長に取り次ぐことが出来なかった。
事実の確認が取れない以上、お前を入れるわけにはいかない
事実の確認が取れない以上、お前を入れるわけにはいかない
秀隆
秀隆
う、嘘でしょ……
う、嘘でしょ……
秀隆
秀隆
ちゃんと確認してください。そしたら、分かると思います！
ちゃんと確認してください。そしたら、分かると思います！
冗談じゃないぞ、こんなところで立ち往生なんて。
冗談じゃないぞ、こんなところで立ち往生なんて。
警備員３
警備員３
分かった分かった。今は取り込み中のようだから、
分かった分かった。今は取り込み中のようだから、
確認が取れるまで、大人しく待っていなさい
確認が取れるまで、大人しく待っていなさい
秀隆
秀隆
は、はぁ……
は、はぁ……
オレはゲートの前で、ポツンと待つことになった。
オレはゲートの前で、ポツンと待つことになった。
それから――――オレは約５時間、ただただ無駄な時間を過ごした。
それから――――オレは約５時間、ただただ無駄な時間を過ごした。
警備員３
警備員３
よし、通っていいぞ
よし、通っていいぞ
秀隆
秀隆
ど、どうも……
ど、どうも……
消灯時刻も迫ろうかと言う頃、ようやく許可がおりた。
消灯時刻も迫ろうかと言う頃、ようやく許可がおりた。
そして倉屋敷社長のオフィスについた。
そして倉屋敷社長のオフィスについた。
秀隆
秀隆
失礼します……
失礼します……
和葉
和葉
遅い
遅い
秀隆
秀隆
悪魔ですかっ！！！
悪魔ですかっ！！！
秀隆
秀隆
倉屋敷社長が許可をくれないから、こっちは５時間も待ちぼうけですよ！
倉屋敷社長が許可をくれないから、こっちは５時間も待ちぼうけですよ！
以前慣れていたからよかったものの、
以前慣れていたからよかったものの、
普通の人なら忘れられているんじゃないかと危惧するところだ。
普通の人なら忘れられているんじゃないかと危惧するところだ。
しかも開口一番謝るのかと思えば、遅いと文句を言われる始末。
しかも開口一番謝るのかと思えば、遅いと文句を言われる始末。
秀隆
秀隆
謝罪の一言でもあっていいんじゃないですかねえっ
謝罪の一言でもあっていいんじゃないですかねえっ
和葉
和葉
知るか。バーカ
知るか。バーカ
き、鬼畜め……。
き、鬼畜め……。
和葉
和葉
ったく。あんたに白羽の矢が立つなんて、何の因果なんだか
ったく。あんたに白羽の矢が立つなんて、何の因果なんだか
どっかりとソファーに腰を下ろし踏ん反り返る倉屋敷社長がいた。
どっかりとソファーに腰を下ろし踏ん反り返る倉屋敷社長がいた。
秀隆
秀隆
ご無沙汰してます、ってほど日数は経ってませんね
ご無沙汰してます、ってほど日数は経ってませんね
和葉
和葉
くだらない挨拶はいいから、そこ座れば？
くだらない挨拶はいいから、そこ座れば？
指差されたのは地面。
指差されたのは地面。
５時間待たされた挙句、座っていいのは地べた……。
５時間待たされた挙句、座っていいのは地べた……。
秀隆
秀隆
ここですか……？　椅子とか座っちゃダメっすか……？
ここですか……？　椅子とか座っちゃダメっすか……？
和葉
和葉
あんたに椅子座る権利とかないし。床に座れるだけありがたいと思え
あんたに椅子座る権利とかないし。床に座れるだけありがたいと思え
秀隆
秀隆
う、うす……
う、うす……
仕方なく地面に座ろうとしたら、
仕方なく地面に座ろうとしたら、
和葉
和葉
冗談もわかんないの？　適当に座れってことよ。バカ
冗談もわかんないの？　適当に座れってことよ。バカ
秀隆
秀隆
は、はぁ
は、はぁ
相変わらず開幕から飛ばす社長。
相変わらず開幕から飛ばす社長。
オレは、もうひとつの存在へと視線を向けることにした。
オレは、もうひとつの存在へと視線を向けることにした。
？？？】※キズナ
？？？】※キズナ
こんにちは
こんにちは
にっこりと笑う少女。
にっこりと笑う少女。
秀隆
秀隆
どうも……
どうも……
間違いない、彼女は薄れ行く意識の中見た、あのカプセルの中で眠っていた少女だ。
間違いない、彼女は薄れ行く意識の中見た、あのカプセルの中で眠っていた少女だ。
秀隆
秀隆
一通り説明はされたんですか？
一通り説明はされたんですか？
和葉
和葉
まぁね
まぁね
秀隆
秀隆
…………
…………
それはつまり、１５０年経っているという事実を知ったと言うことだ。
それはつまり、１５０年経っているという事実を知ったと言うことだ。
和葉
和葉
あ、気ぃつかう必要はない。この子、かなり冷静だから
あ、気ぃつかう必要はない。この子、かなり冷静だから
秀隆
秀隆
え、あ……
え、あ……
オレが思っていたことは見抜かれたらしい。
オレが思っていたことは見抜かれたらしい。
長いコールドスリープから目覚めた者は、精神的に錯乱を起こしやすい。
長いコールドスリープから目覚めた者は、精神的に錯乱を起こしやすい。
まして、こんな年端も行かない少女となれば尚更と思っていたが。
まして、こんな年端も行かない少女となれば尚更と思っていたが。
？？？】※キズナ
？？？】※キズナ
どうにも、記憶が全くありませんでして
どうにも、記憶が全くありませんでして
秀隆
秀隆
記憶が？
記憶が？
和葉
和葉
記憶消去の手続きを済ませた子だった、ってことよ
記憶消去の手続きを済ませた子だった、ってことよ
秀隆
秀隆
……なるほど
……なるほど
コールドスリープは、主に不治の病に冒された者に使用される。
コールドスリープは、主に不治の病に冒された者に使用される。
そして、その病の治療法が確立されるまでに、時に膨大な年月が
そして、その病の治療法が確立されるまでに、時に膨大な年月が
必要になる。
必要になる。
５０年１００年と眠ることだって、十分にありうるのだ。
５０年１００年と眠ることだって、十分にありうるのだ。
その際記憶の一部をあらかじめ消しておくことで、
その際記憶の一部をあらかじめ消しておくことで、
目覚めた時に新しい人生をやり直しやすいようにできている。
目覚めた時に新しい人生をやり直しやすいようにできている。
無論、彼女の意思と、その家族の意思を合わせて納得した上でしていることだが。
無論、彼女の意思と、その家族の意思を合わせて納得した上でしていることだが。
和葉
和葉
それでも、意味記憶はそのままだから、その差異を埋める作業は必要だけどね
それでも、意味記憶はそのままだから、その差異を埋める作業は必要だけどね
なるほど
なるほど
確か意味記憶って
確か意味記憶って
秀隆
秀隆
確か、法律で厳しく管理されてるんですよね
確か、法律で厳しく管理されてるんですよね
和葉
和葉
バカにしちゃよく分かってるじゃないか
バカにしちゃよく分かってるじゃないか
和葉
和葉
コールドスリープによって消して構わない記憶は
コールドスリープによって消して構わない記憶は
エピソード記憶』だけに限られてる
エピソード記憶』だけに限られてる
和葉
和葉
エピソード記憶ってのは、父親が誰で、
エピソード記憶ってのは、父親が誰で、
母親が誰で、自分の友達は誰、なにをして育ってきたか、って部分だ
母親が誰で、自分の友達は誰、なにをして育ってきたか、って部分だ
和葉
和葉
そしてこの子が覚えているのは、意味記憶。
そしてこの子が覚えているのは、意味記憶。
父親とはどう言う意味か、机とは何か、見たいな部分よ
父親とはどう言う意味か、机とは何か、見たいな部分よ
秀隆
秀隆
つまり、生活に関する物事なんかはしっかりしてるってことですね
つまり、生活に関する物事なんかはしっかりしてるってことですね
和葉
和葉
そう言うこと。意味記憶まで消したら、
そう言うこと。意味記憶まで消したら、
それこそ赤ん坊からやり直すようなもんよ
それこそ赤ん坊からやり直すようなもんよ
秀隆
秀隆
そうか……
そうか……
だから、ここにいる少女とは、会話が通じているんだろう。
だから、ここにいる少女とは、会話が通じているんだろう。
秀隆
秀隆
なんにせよ、私生活を送る上で問題がないようでよかった
なんにせよ、私生活を送る上で問題がないようでよかった
和葉
和葉
そんな簡単にいくわけないっての
そんな簡単にいくわけないっての
秀隆
秀隆
え？
え？
和葉
和葉
あんた１５０年前と今の水準が同じだとでも思ってるわけ？
あんた１５０年前と今の水準が同じだとでも思ってるわけ？
和葉
和葉
まして地上の頃と比べれば、これはもう異世界に迷い込んだも
まして地上の頃と比べれば、これはもう異世界に迷い込んだも
同然でしょ
同然でしょ
秀隆
秀隆
そうか……そう言うもの、ですよね……
そうか……そう言うもの、ですよね……
イマイチ１５０年と言う歳月が掴みきれないが、
イマイチ１５０年と言う歳月が掴みきれないが、
この少女にとっては、この世界は当たり前の世界ではないのか。
この少女にとっては、この世界は当たり前の世界ではないのか。
和葉
和葉
このあたしにも地上とココとの差異がどれほどかは分からない。
このあたしにも地上とココとの差異がどれほどかは分からない。
何を理解できて何を理解できないのか、手探りでやっていくしかない
何を理解できて何を理解できないのか、手探りでやっていくしかない
秀隆
秀隆
なるほど……
なるほど……
？？？】※キズナ
？？？】※キズナ
私がどこの誰で、どう言う過去を持っていたのか、
私がどこの誰で、どう言う過去を持っていたのか、
そう言うのは知ることが出来ないのですか？
そう言うのは知ることが出来ないのですか？
和葉
和葉
あんたの情報は、残念ながら完全にロストしてしまってる。
あんたの情報は、残念ながら完全にロストしてしまってる。
眠ってた施設の損傷が激しくて、データは全て修復不可能だった
眠ってた施設の損傷が激しくて、データは全て修復不可能だった
和葉
和葉
それに加えて、どうも火災が起きてたみたいでな。
それに加えて、どうも火災が起きてたみたいでな。
書面上に残されていた個人情報も全部燃え尽きてたってオチよ
書面上に残されていた個人情報も全部燃え尽きてたってオチよ
？？？】※キズナ
？？？】※キズナ
そうですか
そうですか
ショックを受けている様子はなかった。
ショックを受けている様子はなかった。
そもそもの記憶がないから、悲しむ道理もないのだろうか。
そもそもの記憶がないから、悲しむ道理もないのだろうか。
和葉
和葉
まあ、何かが引き金でエピソード記憶が断片的に蘇る可能性はある。もっとも、仮に思い出した所で一部だろうがな
まあ、何かが引き金でエピソード記憶が断片的に蘇る可能性はある。もっとも、仮に思い出した所で一部だろうがな
？？？】※キズナ
？？？】※キズナ
なるほどです
なるほどです
秀隆
秀隆
えーっと、社長、オレのことは説明されてます？
えーっと、社長、オレのことは説明されてます？
和葉
和葉
んなもん、おまえがやれ
んなもん、おまえがやれ
秀隆
秀隆
……はい。ですよね
……はい。ですよね
オレは少女に向き直り、手を差し出した。
オレは少女に向き直り、手を差し出した。
秀隆
秀隆
こほん。オレは島津秀隆って言うんだ。よろしく
こほん。オレは島津秀隆って言うんだ。よろしく
ニッコリと笑うと、迷わずオレの手を取った。
ニッコリと笑うと、迷わずオレの手を取った。
？？？】※キズナ
？？？】※キズナ
はい、よろしくお願いします。えっと、私は……
はい、よろしくお願いします。えっと、私は……
？？？】※キズナ
？？？】※キズナ
キズナ……という名前のようです
キズナ……という名前のようです
秀隆
秀隆
キズナ……
キズナ……
和葉
和葉
カプセルに刻まれてた部分で読み取れたのが、それだけってことよ
カプセルに刻まれてた部分で読み取れたのが、それだけってことよ
そうだ、確かにキズナと書かれてあった。
そうだ、確かにキズナと書かれてあった。
この少女に残されたのは、自分の名前だけか。
この少女に残されたのは、自分の名前だけか。
名前が分かっただけ、よかったのかも知れないが。
名前が分かっただけ、よかったのかも知れないが。
秀隆
秀隆
施設に居た人たちが眠っていた理由は分かったんですか？
施設に居た人たちが眠っていた理由は分かったんですか？
和葉
和葉
すべて何らかの病気によって保存されていた説が有力だ
すべて何らかの病気によって保存されていた説が有力だ
和葉
和葉
実際、このキズナはセムフェリナと言う病にかかっていた
実際、このキズナはセムフェリナと言う病にかかっていた
秀隆
秀隆
せむ……？
せむ……？
和葉
和葉
聞きなれなくても無理はない。今はもう殆ど見かけることの出来ない病気だ。当時は不治の病とされていたが、今はちょっとした治療で治すことが出来る
聞きなれなくても無理はない。今はもう殆ど見かけることの出来ない病気だ。当時は不治の病とされていたが、今はちょっとした治療で治すことが出来る
秀隆
秀隆
既に治療は済んでいるんですか？
既に治療は済んでいるんですか？
和葉
和葉
ああ、問題ない。さっさと連れて行って構わないぞ
ああ、問題ない。さっさと連れて行って構わないぞ
秀隆
秀隆
分かりました
分かりました
和葉
和葉
ただし
ただし
オレの目の前までやって来た倉屋敷社長は、オレへと手を伸ばした。
オレの目の前までやって来た倉屋敷社長は、オレへと手を伸ばした。
秀隆
秀隆
うぐっ！？
うぐっ！？
そしてネクタイを掴まれ、引っ張られる。
そしてネクタイを掴まれ、引っ張られる。
和葉
和葉
その子は非常に貴重な存在だ。扱いは慎重にしろ
その子は非常に貴重な存在だ。扱いは慎重にしろ
秀隆
秀隆
ぐ、ぐるじぃ……！
ぐ、ぐるじぃ……！
和葉
和葉
分かったな？
分かったな？
秀隆
秀隆
そ、そんなに心配なら、社長が預かれば
そ、そんなに心配なら、社長が預かれば
和葉
和葉
ああ？　文句あるのか？
ああ？　文句あるのか？
秀隆
秀隆
あっ、ありませんっ……！
あっ、ありませんっ……！
和葉
和葉
なら行け
なら行け
パッとネクタイを掴んだ手を離す。
パッとネクタイを掴んだ手を離す。
秀隆
秀隆
はぁはぁ、なんつー力で引っ張るんですか……！
はぁはぁ、なんつー力で引っ張るんですか……！
前々から思っていたが、外見に似合わず結構力が強い。
前々から思っていたが、外見に似合わず結構力が強い。
和葉
和葉
用事が済んだんなら、さっさと帰れ
用事が済んだんなら、さっさと帰れ
秀隆
秀隆
あ、そうだ。ひとつだけ聞かせて頂いてもいいですか
あ、そうだ。ひとつだけ聞かせて頂いてもいいですか
和葉
和葉
なんだ
なんだ
秀隆
秀隆
ＤＮＡ鑑定はされたんですか？
ＤＮＡ鑑定はされたんですか？
キズナに兄弟がいれば、子孫がいる可能性も
キズナに兄弟がいれば、子孫がいる可能性も
和葉
和葉
……そんなことを知ってなんの意味がある。
……そんなことを知ってなんの意味がある。
１５０年前の先祖様だから、おまえの家に住まわせろとでも？
１５０年前の先祖様だから、おまえの家に住まわせろとでも？
秀隆
秀隆
いや、そう言うわけじゃないんですが
いや、そう言うわけじゃないんですが
秀隆
秀隆
何となく気になったので
何となく気になったので
和葉
和葉
一応は調べた。だが、該当者は無しだ
一応は調べた。だが、該当者は無しだ
秀隆
秀隆
そうですか
そうですか
キズナは、完全に一人ってわけか。
キズナは、完全に一人ってわけか。
和葉
和葉
もういいだろ。帰れ帰れ
もういいだろ。帰れ帰れ
秀隆
秀隆
はいはいっ！
はいはいっ！
追い出されるようにして、オレは少女と部屋を後にした。
追い出されるようにして、オレは少女と部屋を後にした。
和葉
和葉
キズナ、か……
キズナ、か……
和葉
和葉
ふん
ふん
和葉はＤＮＡ鑑定結果に、ゆっくりと目を落とす。
和葉はＤＮＡ鑑定結果に、ゆっくりと目を落とす。
ホープタウンに住まう人々、全てのＤＮＡ。
ホープタウンに住まう人々、全てのＤＮＡ。
そこから導き出されたひとつの答え。
そこから導き出されたひとつの答え。
和葉
和葉
まさか、キズナの血縁関係に
まさか、キズナの血縁関係に
引っかかったのがあたしだとはね……
引っかかったのがあたしだとはね……
和葉
和葉
どうにも、興味が尽きない対象になりそうだ
どうにも、興味が尽きない対象になりそうだ
アンドロイド以外に興味のない彼女を動かした、理由だった。
アンドロイド以外に興味のない彼女を動かした、理由だった。
キズナ
キズナ
なんだか、これからあなたの家でお世話になることが決まったそうで
なんだか、これからあなたの家でお世話になることが決まったそうで
秀隆
秀隆
あぁ……よろしく頼む
あぁ……よろしく頼む
キズナ
キズナ
はい。こちらこそ、よろしくお願いします
はい。こちらこそ、よろしくお願いします
秀隆
秀隆
とりあえず今から家に案内はするが……
とりあえず今から家に案内はするが……
キズナ
キズナ
お世話かけます
お世話かけます
秀隆
秀隆
……さて、秋のヤツがなんて言うかね……
……さて、秋のヤツがなんて言うかね……
特務官になってから、オレと秋の関係は以前より悪化してしまっている。
特務官になってから、オレと秋の関係は以前より悪化してしまっている。
ここにきて居候の話なんて持ち出せば、良い顔はしないだろう。
ここにきて居候の話なんて持ち出せば、良い顔はしないだろう。
秀隆
秀隆
面倒なことにならなきゃいいが……
面倒なことにならなきゃいいが……
キズナ
キズナ
んしょっと
んしょっと
秀隆
秀隆
気になってたんだが、その大きなトランクはなんだ？
気になってたんだが、その大きなトランクはなんだ？
キズナは大きなトランクを持って歩いていた。
キズナは大きなトランクを持って歩いていた。
キズナ
キズナ
さっき頂きました。生活で必要になるだろうって
さっき頂きました。生活で必要になるだろうって
秀隆
秀隆
社長が？　持ってやるよ
社長が？　持ってやるよ
キズナ
キズナ
ですが、重たいです
ですが、重たいです
秀隆
秀隆
だから代わるんだ。女の子にはきついだろ
だから代わるんだ。女の子にはきついだろ
キズナ
キズナ
紳士ですねっ
紳士ですねっ
秀隆
秀隆
いや、別に……
いや、別に……
そんな言い方をされると、妙にテレるぞ。
そんな言い方をされると、妙にテレるぞ。
キズナ
キズナ
では遠慮なく……お願いします
では遠慮なく……お願いします
秀隆
秀隆
ああ
ああ
トランクを持って、歩き出す。
トランクを持って、歩き出す。
秀隆
秀隆
うごっ！
うごっ！
一歩を踏み出したところで、ぐっと後ろに引っ張られた。
一歩を踏み出したところで、ぐっと後ろに引っ張られた。
いや、正確には思っていたよりも遥かにトランクが重かったのだ。
いや、正確には思っていたよりも遥かにトランクが重かったのだ。
秀隆
秀隆
何が入ってんだよ！
何が入ってんだよ！
キズナ
キズナ
生活に必要なもの、らしいです
生活に必要なもの、らしいです
機械部品とか出てくるんじゃないだろうな……。
機械部品とか出てくるんじゃないだろうな……。
つか、こんな重いトランクを運んでたのか、この子は。
つか、こんな重いトランクを運んでたのか、この子は。
外見からは想像できない力に驚きつつ、
外見からは想像できない力に驚きつつ、
オレは気合を入れてトランクを持つことにした。
オレは気合を入れてトランクを持つことにした。
キズナ
キズナ
あの、お手伝いしましょうか？
あの、お手伝いしましょうか？
秀隆
秀隆
だ、大丈夫だ……
だ、大丈夫だ……
秀隆
秀隆
……でも、疲れたらちょっと休ませてくれな
……でも、疲れたらちょっと休ませてくれな
キズナ
キズナ
わ……
わ……
秀隆
秀隆
どうした？
どうした？
キズナ
キズナ
いえ、初めて建物の外に出たので……こう言う場所だったんですね
いえ、初めて建物の外に出たので……こう言う場所だったんですね
秀隆
秀隆
まだ外に出てなかったのか
まだ外に出てなかったのか
キズナ
キズナ
はい。目覚めたばかり、と言うヤツでして
はい。目覚めたばかり、と言うヤツでして
キズナ
キズナ
なんて言えばいいんでしょう。
なんて言えばいいんでしょう。
ジェネレーションギャップを感じます
ジェネレーションギャップを感じます
辺りを見渡して、うんうんと頷く。
辺りを見渡して、うんうんと頷く。
キズナ
キズナ
私には前の記憶がありませんが、
私には前の記憶がありませんが、
ここが知っている世界と違うことは分かります
ここが知っている世界と違うことは分かります
秀隆
秀隆
どんな気分だ？　なんて聞くと失礼かも知れないが……
どんな気分だ？　なんて聞くと失礼かも知れないが……
キズナ
キズナ
うーん……正直分かりません。
うーん……正直分かりません。
特に嬉しいとも悲しいとも思えないと言いますか
特に嬉しいとも悲しいとも思えないと言いますか
キズナ
キズナ
まだここが遠い未来だと言う実感は薄いです
まだここが遠い未来だと言う実感は薄いです
秀隆
秀隆
そうか……。変なことを聞いて悪かったな
そうか……。変なことを聞いて悪かったな
キズナ
キズナ
構いません。私、とても図太い人間のようです
構いません。私、とても図太い人間のようです
そう言って笑みを見せた。
そう言って笑みを見せた。
確かに、ここまで冷静なケースは珍しいかも知れない。
確かに、ここまで冷静なケースは珍しいかも知れない。
秀隆
秀隆
ひとまずは、寄り道せずに自宅に戻る。街の案内は後でしてやるよ
ひとまずは、寄り道せずに自宅に戻る。街の案内は後でしてやるよ
キズナ
キズナ
ありがとうございます
ありがとうございます
トランクを持った腕がプルプルしていたからが理由なのは、ここだけの秘密だ。
トランクを持った腕がプルプルしていたからが理由なのは、ここだけの秘密だ。
秀隆
秀隆
さて、そろそろ家に着くんだが……
さて、そろそろ家に着くんだが……
秀隆
秀隆
説明はオレがするから、とりあえず余計なことは言わないでくれ
説明はオレがするから、とりあえず余計なことは言わないでくれ
キズナ
キズナ
私の境遇などは、と言うことですね？
私の境遇などは、と言うことですね？
秀隆
秀隆
ああ
ああ
キズナ
キズナ
分かりましたっ
分かりましたっ
オレは決意を固め、家の扉を開く。
オレは決意を固め、家の扉を開く。
秀隆
秀隆
ただいま
ただいま
やや重い足取りで、自宅の扉を開いた。
やや重い足取りで、自宅の扉を開いた。
音を聞きつけたアクセラが、パタパタとスリッパの音をさせて出迎える。
音を聞きつけたアクセラが、パタパタとスリッパの音をさせて出迎える。
アクセラ
アクセラ
お帰りなさい―――ませ
お帰りなさい―――ませ
想定できていたことだが、アクセラはぴたっと動きを止めた。
想定できていたことだが、アクセラはぴたっと動きを止めた。
秀隆
秀隆
まぁ、そう言う反応になるよな……
まぁ、そう言う反応になるよな……
アクセラ
アクセラ
悪いことは言いません。今すぐ自首しましょう
悪いことは言いません。今すぐ自首しましょう
秀隆
秀隆
なんでそうなる！　オレが無理やり連れてきてるように見えるか？
なんでそうなる！　オレが無理やり連れてきてるように見えるか？
アクセラ
アクセラ
弱みを握っている、と言う可能性はありますね……
弱みを握っている、と言う可能性はありますね……
アクセラ
アクセラ
大丈夫ですか？　誘拐されてきたわけじゃありませんか？
大丈夫ですか？　誘拐されてきたわけじゃありませんか？
秀隆
秀隆
ぅおい……
ぅおい……
キズナ
キズナ
大丈夫です。私の意志でここにいます
大丈夫です。私の意志でここにいます
アクセラ
アクセラ
……上手く懐柔しましたね
……上手く懐柔しましたね
秀隆
秀隆
まだ言うか……
まだ言うか……
アクセラ
アクセラ
冗談です
冗談です
オレから鞄を受け取ると、キズナ用のスリッパを取り出した。
オレから鞄を受け取ると、キズナ用のスリッパを取り出した。
アクセラ
アクセラ
どうぞ
どうぞ
キズナ
キズナ
ありがとうございます
ありがとうございます
アクセラ
アクセラ
秀隆様、お身体の方は大丈夫ですか？
秀隆様、お身体の方は大丈夫ですか？
秀隆
秀隆
ああ、大丈夫だ。すっかり完治したよ
ああ、大丈夫だ。すっかり完治したよ
アクセラ
アクセラ
それは良かったです。秋様が心配しておられましたよ
それは良かったです。秋様が心配しておられましたよ
秀隆
秀隆
それは嘘だろ？
それは嘘だろ？
アクセラ
アクセラ
はい。盛大な嘘を申してしまいました、申し訳ありません
はい。盛大な嘘を申してしまいました、申し訳ありません
秀隆
秀隆
別にいいよ。秋のことを思って言ったんだろ
別にいいよ。秋のことを思って言ったんだろ
アクセラ
アクセラ
秋様のことと言うより、
秋様のことと言うより、
秀隆様が寂しがると思ってのフォローですね
秀隆様が寂しがると思ってのフォローですね
秀隆
秀隆
あ、そ……
あ、そ……
秀隆
秀隆
それで、その秋のヤツは帰ってるか？
それで、その秋のヤツは帰ってるか？
アクセラ
アクセラ
はい。今は自室におられますが
はい。今は自室におられますが
秀隆
秀隆
なら丁度いい、リビングに呼んでくれ。この子に関して話がある
なら丁度いい、リビングに呼んでくれ。この子に関して話がある
アクセラ
アクセラ
畏まりました
畏まりました
キズナ
キズナ
綺麗な人ですね～。ひょっとして彼女さんですか？
綺麗な人ですね～。ひょっとして彼女さんですか？
秀隆
秀隆
いや、違う。……とりあえず、リビングで色々説明するよ
いや、違う。……とりあえず、リビングで色々説明するよ
キズナ
キズナ
はい
はい
空いている席にキズナを座らせ、オレもその横に腰を下ろした。
空いている席にキズナを座らせ、オレもその横に腰を下ろした。
程なくして、自室から秋が姿を現す。
程なくして、自室から秋が姿を現す。
秋
秋
兄さんお帰りなさ――――い
兄さんお帰りなさ――――い
オレを見て、隣の存在に気付くなりぴたっと動きが止まった。
オレを見て、隣の存在に気付くなりぴたっと動きが止まった。
秀隆
秀隆
うん、おまえもそう言う反応になるよな
うん、おまえもそう言う反応になるよな
秋
秋
自首してください、兄さん
自首してください、兄さん
秀隆
秀隆
それも言うと思ったわ！
それも言うと思ったわ！
秋
秋
あの……どう言うことですか？　どうして家に人を連れて来たんですか
あの……どう言うことですか？　どうして家に人を連れて来たんですか
秀隆
秀隆
言いたいことはわかってるさ
言いたいことはわかってるさ
秋
秋
分かってるって……だって……
分かってるって……だって……
秋はちらりとアクセラを見た後、顔を伏せた。
秋はちらりとアクセラを見た後、顔を伏せた。
秀隆
秀隆
まぁともかく、席についてくれ。アクセラ、３人分のコーヒー
まぁともかく、席についてくれ。アクセラ、３人分のコーヒー
アクセラ
アクセラ
畏まりました
畏まりました
秀隆
秀隆
ちょっと、話は長くなると思う
ちょっと、話は長くなると思う
秋
秋
はぁ……
はぁ……
こちらの厄介話に嫌々相槌を返した。
こちらの厄介話に嫌々相槌を返した。
キズナ
キズナ
申し訳ないです
申し訳ないです
その様子を見たキズナが、ぺこりと頭を下げる。
その様子を見たキズナが、ぺこりと頭を下げる。
秋
秋
いえ……悪いのはこっちの人でしょうから
いえ……悪いのはこっちの人でしょうから
秀隆
秀隆
決め付けは良くないと思うぞ
決め付けは良くないと思うぞ
秋は、そのまま自分の席に腰を下ろした。
秋は、そのまま自分の席に腰を下ろした。
やはり、一言も怪我のことに対して聞いてはこない。
やはり、一言も怪我のことに対して聞いてはこない。
それほど、秋はオレへの関心が薄い。
それほど、秋はオレへの関心が薄い。
オレもそれを寂しいとか、悲しいとは思わなかった。
オレもそれを寂しいとか、悲しいとは思わなかった。
もし仮に、オレが事故で死んでいたとしたら、
もし仮に、オレが事故で死んでいたとしたら、
秋は何も思わないか、喜んでいたんじゃないだろうか。
秋は何も思わないか、喜んでいたんじゃないだろうか。
だからなのか、何も言わないことに安堵すら覚えてしまう。
だからなのか、何も言わないことに安堵すら覚えてしまう。
秋は席に座ると一度オレの方をみた。
秋は席に座ると一度オレの方をみた。
秀隆
秀隆
なんだよ
なんだよ
秋
秋
……いえ
……いえ
一瞬、オレの身体を心配してくれたのかと思ったが、それはない。
一瞬、オレの身体を心配してくれたのかと思ったが、それはない。
秋の視線は、そう言う類のものではなかったからだ。
秋の視線は、そう言う類のものではなかったからだ。
でも特に何かを言うつもりはなかったのか、口は開かない。
でも特に何かを言うつもりはなかったのか、口は開かない。
秀隆
秀隆
おまえも座ってくれ
おまえも座ってくれ
キズナ
キズナ
ありがとうございます
ありがとうございます
オレは隣の席にキズナを座らせる。
オレは隣の席にキズナを座らせる。
秀隆
秀隆
……えーと、まずは自己紹介だな。この子の名前はキズナだ
……えーと、まずは自己紹介だな。この子の名前はキズナだ
秋
秋
……秋です
……秋です
キズナ
キズナ
初めまして
初めまして
秋
秋
どうも……
どうも……
２人の短い自己紹介が終わる。
２人の短い自己紹介が終わる。
アクセラ
アクセラ
コーヒーです
コーヒーです
seコーヒーをテーブルに置く1
seコーヒーをテーブルに置く1
秀隆
秀隆
サンキュ
サンキュ
キズナ、秋、オレの順番にコーヒーが配られる。
キズナ、秋、オレの順番にコーヒーが配られる。
この辺りでもオレの立場が弱いことは良く分かるよな……。
この辺りでもオレの立場が弱いことは良く分かるよな……。
秀隆
秀隆
こっちのはアクセラ
こっちのはアクセラ
アクセラ
アクセラ
初めまして。アクセラです
初めまして。アクセラです
キズナ
キズナ
初めましてッ、なんだか変わったお名前ですね。外国人さんですか？
初めましてッ、なんだか変わったお名前ですね。外国人さんですか？
秀隆
秀隆
おまえ、アンドロイドって分かるか？
おまえ、アンドロイドって分かるか？
キズナ
キズナ
えっと、ロボット……のことですよね？
えっと、ロボット……のことですよね？
秀隆
秀隆
ああ。で、このアクセラはアンドロイドだ
ああ。で、このアクセラはアンドロイドだ
キズナ
キズナ
え？
え？
オレの顔と、アクセラの顔を交互に見やる。
オレの顔と、アクセラの顔を交互に見やる。
キズナ
キズナ
人間さんではないってことですか？
人間さんではないってことですか？
秀隆
秀隆
ああ。百聞は一見にしかず。見せてやってくれ
ああ。百聞は一見にしかず。見せてやってくれ
アクセラ
アクセラ
はい
はい
アクセラはすっと腕を見せると、
アクセラはすっと腕を見せると、
その人工皮膚の下に隠れた精密な機械を見せる。
その人工皮膚の下に隠れた精密な機械を見せる。
キズナ
キズナ
うわ……！　凄いですね……触ってみても大丈夫ですか？
うわ……！　凄いですね……触ってみても大丈夫ですか？
アクセラ
アクセラ
大丈夫ですよ
大丈夫ですよ
キズナは無邪気な子供のように笑みを見せると、
キズナは無邪気な子供のように笑みを見せると、
興味深げにアクセラの肌を触り始めた。
興味深げにアクセラの肌を触り始めた。
キズナ
キズナ
こんなに技術が発展していたんですね
こんなに技術が発展していたんですね
秋
秋
あの兄さん、これはどう言うことですか？
あの兄さん、これはどう言うことですか？
アンドロイドの存在に驚くキズナに、不信感を示す。
アンドロイドの存在に驚くキズナに、不信感を示す。
違うか……アクセラの存在を安易に見せたことに対して、だろうな。
違うか……アクセラの存在を安易に見せたことに対して、だろうな。
無論、秋の承諾を得る前にアクセラのことを話したのは作戦だ。
無論、秋の承諾を得る前にアクセラのことを話したのは作戦だ。
こうすることで、秋の退路を断つことが出来る。
こうすることで、秋の退路を断つことが出来る。
秀隆
秀隆
これから話すことは、誰にも他言しないと約束してくれ
これから話すことは、誰にも他言しないと約束してくれ
秋
秋
どう言う意味ですか
どう言う意味ですか
秀隆
秀隆
非常に大切な話なんだ
非常に大切な話なんだ
秋
秋
……分かりました
……分かりました
一度間を置き、オレは話し始めた。
一度間を置き、オレは話し始めた。
秀隆
秀隆
先日オレが、地区開発で崩落した施設に足を運んだのは覚えてるな？
先日オレが、地区開発で崩落した施設に足を運んだのは覚えてるな？
秀隆
秀隆
その施設は地上時代に作られた冷凍保存施設だった
その施設は地上時代に作られた冷凍保存施設だった
秀隆
秀隆
つまりこの子は、１５０年間冷凍保存で眠っていたんだ
つまりこの子は、１５０年間冷凍保存で眠っていたんだ
秋
秋
１５０年も……？　じゃあ、ご両親……
１５０年も……？　じゃあ、ご両親……
秀隆
秀隆
ああ、もちろん既に亡くなっているだろう
ああ、もちろん既に亡くなっているだろう
秀隆
秀隆
それで、彼女には当然行く場所がない。
それで、彼女には当然行く場所がない。
だからこれから、キズナと一緒に同居したいと思っている
だからこれから、キズナと一緒に同居したいと思っている
秋
秋
……本気、ですか？
……本気、ですか？
秀隆
秀隆
ああ
ああ
秋
秋
到底受け入れることは出来ません
到底受け入れることは出来ません
きっぱりと秋が言う。
きっぱりと秋が言う。
秀隆
秀隆
じゃあ、この子がどうなってもいいのか？
じゃあ、この子がどうなってもいいのか？
秋
秋
彼女が可哀想だとは思いますが、一緒に生活するなんて……
彼女が可哀想だとは思いますが、一緒に生活するなんて……
アクセラ
アクセラ
冷凍保存で長い間眠りについていた人が
冷凍保存で長い間眠りについていた人が
社会復帰するための施設があると耳にしたことがあります
社会復帰するための施設があると耳にしたことがあります
秋
秋
そうです、特務官の兄さんが同居させる理由が分かりません
そうです、特務官の兄さんが同居させる理由が分かりません
アクセラ
アクセラ
もしや……淫行！？
もしや……淫行！？
秀隆
秀隆
アホか！
アホか！
秋
秋
私も一瞬、そうじゃないかと思ったんですが
私も一瞬、そうじゃないかと思ったんですが
秀隆
秀隆
おまえらってホント……酷いよな
おまえらってホント……酷いよな
秀隆
秀隆
よく見てみろ。どうみても子供だろキズナは
よく見てみろ。どうみても子供だろキズナは
アクセラ
アクセラ
未熟な果実の方が良いって、以前言ってませんでした？
未熟な果実の方が良いって、以前言ってませんでした？
秀隆
秀隆
言ってねぇよ！
言ってねぇよ！
こんな下世話な会話にも関わらずキズナは笑顔だ。
こんな下世話な会話にも関わらずキズナは笑顔だ。
秀隆
秀隆
何とか受け入れて貰えないか？　……頼む
何とか受け入れて貰えないか？　……頼む
秋は首を縦に振らない。
秋は首を縦に振らない。
秋
秋
その子以外にも、眠っていた人がいたはずです。その人たちは？
その子以外にも、眠っていた人がいたはずです。その人たちは？
秀隆
秀隆
全部死んでた。生き残っていたのはキズナだけだ
全部死んでた。生き残っていたのはキズナだけだ
秋
秋
…………
…………
秀隆
秀隆
キズナは１５０年以上も眠っていた人たちの中の、唯一の生き残りだ
キズナは１５０年以上も眠っていた人たちの中の、唯一の生き残りだ
秀隆
秀隆
１５０年、これがどう言うことか分かるか？
１５０年、これがどう言うことか分かるか？
秀隆
秀隆
この世界にたった１人の、地上の生き残りと言うことだ。
この世界にたった１人の、地上の生き残りと言うことだ。
当然親も、親戚も、家族もいないだろう
当然親も、親戚も、家族もいないだろう
秋
秋
…………
…………
秋の視線が、ゆっくりとキズナに向けられる。
秋の視線が、ゆっくりとキズナに向けられる。
キズナは優しく微笑むだけだった。
キズナは優しく微笑むだけだった。
秀隆
秀隆
キズナは記憶を失っているが、
キズナは記憶を失っているが、
記憶が蘇る可能性は０じゃないらしい
記憶が蘇る可能性は０じゃないらしい
秀隆
秀隆
もしもこの事実が明るみに出れば、
もしもこの事実が明るみに出れば、
キズナは世間の目に晒され、大変な目にあうことはわかりきってる
キズナは世間の目に晒され、大変な目にあうことはわかりきってる
マスコミは言うに及ばず、学者たちはキズナへと群がってくる。
マスコミは言うに及ばず、学者たちはキズナへと群がってくる。
何より、地上への関心が高いドリームタウンに知られれば、
何より、地上への関心が高いドリームタウンに知られれば、
キズナはこれから先、大きく取り上げられることになる。
キズナはこれから先、大きく取り上げられることになる。
彼女の記憶を取り戻そうと躍起になるだろう。
彼女の記憶を取り戻そうと躍起になるだろう。
その話題だけで、テレビや記者は暫く食うのにも困らないはずだ。
その話題だけで、テレビや記者は暫く食うのにも困らないはずだ。
秀隆
秀隆
だから、事実を知る少数の中で話を留めておきたいんだ
だから、事実を知る少数の中で話を留めておきたいんだ
アクセラ
アクセラ
それで、秀隆様が……？
それで、秀隆様が……？
秀隆
秀隆
ああ。他の特務官にも事実を知る人間はいるが、
ああ。他の特務官にも事実を知る人間はいるが、
家庭の問題で多くの人間が知ることとなってしまうからな
家庭の問題で多くの人間が知ることとなってしまうからな
秀隆
秀隆
でも、家なら話が漏れる心配もまずない
でも、家なら話が漏れる心配もまずない
アクセラは当然として、秋も他言することはないだろう。
アクセラは当然として、秋も他言することはないだろう。
秀隆
秀隆
それに唐沢さんには、返しても返しきれない恩がある。
それに唐沢さんには、返しても返しきれない恩がある。
おまえには悪いが、なんとか受け入れては貰えないか？
おまえには悪いが、なんとか受け入れては貰えないか？
秋
秋
……なるほど。大体の事情は把握しました
……なるほど。大体の事情は把握しました
秋
秋
兄さんの好きにすれば良いと思います
兄さんの好きにすれば良いと思います
秀隆
秀隆
いいのか？
いいのか？
秋
秋
そのような事情があるなら、拒否することは出来ません
そのような事情があるなら、拒否することは出来ません
秀隆
秀隆
そうか……助かる
そうか……助かる
秋
秋
ただ、私から１つだけ。
ただ、私から１つだけ。
アクセラのことだけは、キチンと話しておいてください。
アクセラのことだけは、キチンと話しておいてください。
彼女のことが明るみ出るのは、嫌ですから
彼女のことが明るみ出るのは、嫌ですから
秀隆
秀隆
わかってるさ
わかってるさ
オレが頷くと、秋は席を立った。
オレが頷くと、秋は席を立った。
キズナ
キズナ
これから、よろしくお願いします
これから、よろしくお願いします
秋
秋
……はい
……はい
そして、自分の部屋に戻って行った。
そして、自分の部屋に戻って行った。
好意的には受け入れてもらえなかったが、
好意的には受け入れてもらえなかったが、
なんとか同居の許可を得ることが出来た。
なんとか同居の許可を得ることが出来た。
キズナ
キズナ
すみません、やはり私の存在はお邪魔ですよね
すみません、やはり私の存在はお邪魔ですよね
けして自傷気味に言ったわけではなかったが、
けして自傷気味に言ったわけではなかったが、
自分の置かれた立場に不安は感じていたのだろう。
自分の置かれた立場に不安は感じていたのだろう。
秀隆
秀隆
悪いな、秋は元々家ではあんな感じなんだ。
悪いな、秋は元々家ではあんな感じなんだ。
別にキズナの存在を嫌に思ってるってことはないから
別にキズナの存在を嫌に思ってるってことはないから
キズナ
キズナ
家では、ですか？
家では、ですか？
秀隆
秀隆
これから一緒に暮らしていくから、
これから一緒に暮らしていくから、
その言葉の意味はすぐ分かると思う
その言葉の意味はすぐ分かると思う
後は、我が家のルールを幾つか説明しておくだけか。
後は、我が家のルールを幾つか説明しておくだけか。
秀隆
秀隆
家で生活していく上で、数少ないルールが幾つかある
家で生活していく上で、数少ないルールが幾つかある
秀隆
秀隆
それを説明させてもらってもいいか？
それを説明させてもらってもいいか？
キズナ
キズナ
もちろんですっ
もちろんですっ
秀隆
秀隆
まず第一に、アクセラのことは誰にも言わないでほしい
まず第一に、アクセラのことは誰にも言わないでほしい
キズナ
キズナ
どう言うことでしょう？
どう言うことでしょう？
秀隆
秀隆
家にはアンドロイドは居ない。
家にはアンドロイドは居ない。
つまり、オレと秋の二人暮らしだと思って欲しいんだ
つまり、オレと秋の二人暮らしだと思って欲しいんだ
アクセラ
アクセラ
お手数ですが、よろしくお願いいたします
お手数ですが、よろしくお願いいたします
キズナ
キズナ
なるほど、分かりました。秘密さんなんですね
なるほど、分かりました。秘密さんなんですね
理由を問い返すこともなく、キズナは了承してくれた。
理由を問い返すこともなく、キズナは了承してくれた。
秀隆
秀隆
悪いな、いきなりこんなことを言って
悪いな、いきなりこんなことを言って
キズナ
キズナ
いえ。どのようなご家庭にも、事情は様々あると思います
いえ。どのようなご家庭にも、事情は様々あると思います
キズナ
キズナ
私は居候させていただく身ですから、不満は何もありません
私は居候させていただく身ですから、不満は何もありません
秀隆
秀隆
ありがとう
ありがとう
秀隆
秀隆
それから、寝る場所はアクセラと同室になる。いいか？
それから、寝る場所はアクセラと同室になる。いいか？
キズナ
キズナ
大丈夫ですっ
大丈夫ですっ
秀隆
秀隆
後は……
後は……
アクセラ
アクセラ
秀隆様のお部屋に入るときはご注意を
秀隆様のお部屋に入るときはご注意を
秀隆
秀隆
なんでだ……
なんでだ……
アクセラ
アクセラ
特に寝癖が悪いので、朝には要注意です
特に寝癖が悪いので、朝には要注意です
キズナ
キズナ
ちょっぴり興味ありますっ
ちょっぴり興味ありますっ
秀隆
秀隆
…………
…………
アクセラ
アクセラ
それから、お風呂もご注意を。
それから、お風呂もご注意を。
うっかり秀隆様に裸を見られてしまう可能性もあります
うっかり秀隆様に裸を見られてしまう可能性もあります
秀隆
秀隆
ねーよ！
ねーよ！
アクセラ
アクセラ
私の裸を見ました、ですよね？
私の裸を見ました、ですよね？
秀隆
秀隆
あ、あれは、その、事故だ事故……
あ、あれは、その、事故だ事故……
アクセラ
アクセラ
などと供述しており
などと供述しており
キズナ
キズナ
なるほど、それは中々スケベェですねっ！
なるほど、それは中々スケベェですねっ！
秀隆
秀隆
オレのイメージが壊れるから、
オレのイメージが壊れるから、
これ以上の暴露話は勘弁してくれっ！
これ以上の暴露話は勘弁してくれっ！
秀隆
秀隆
と、ともかく、他に説明することはなかったか？
と、ともかく、他に説明することはなかったか？
アクセラ
アクセラ
食事は極力、ご一緒された方が良いですね。特に平日の朝は
食事は極力、ご一緒された方が良いですね。特に平日の朝は
秀隆
秀隆
そうだな。飯の時間も後で教えるから、覚えておいてくれ
そうだな。飯の時間も後で教えるから、覚えておいてくれ
キズナ
キズナ
はいっ
はいっ
秀隆
秀隆
それじゃ、飯まで少し時間もある。街を案内しようか
それじゃ、飯まで少し時間もある。街を案内しようか
キズナ
キズナ
はいっ
はいっ
秀隆
秀隆
悪いんだが、この書類を秋に渡して、サインを貰っておいてくれ
悪いんだが、この書類を秋に渡して、サインを貰っておいてくれ
アクセラ
アクセラ
畏まりました
畏まりました
アクセラに契約書を手渡す。
アクセラに契約書を手渡す。
アクセラ
アクセラ
ところで……今後お食事等は３人分お作りすればよろしいですか
ところで……今後お食事等は３人分お作りすればよろしいですか
秀隆
秀隆
ああ問題ない、頼む
ああ問題ない、頼む
アクセラ
アクセラ
承知しました
承知しました
秀隆
秀隆
食費等については、オレの給料に追加して
食費等については、オレの給料に追加して
キズナの分も支給されるから心配するな
キズナの分も支給されるから心配するな
アクセラ
アクセラ
それはよかったです、心配していました。どうやって秀隆様の
それはよかったです、心配していました。どうやって秀隆様の
お小遣いを減らすか考える手間が省けます
お小遣いを減らすか考える手間が省けます
秀隆
秀隆
そんなこと考えてたのか……恐ろしい
そんなこと考えてたのか……恐ろしい
オレは唐沢さんに一本電話を入れ、
オレは唐沢さんに一本電話を入れ、
キズナの受け入れが上手く行ったことを報告した。
キズナの受け入れが上手く行ったことを報告した。
それからキズナを連れ、外へ。
それからキズナを連れ、外へ。
秀隆
秀隆
一通り、必要そうな施設の場所と説明をしていく―――あれ？
一通り、必要そうな施設の場所と説明をしていく―――あれ？
隣を見ると、キズナの姿がない。
隣を見ると、キズナの姿がない。
キズナは入り口に立ち止まり、空を見上げていた。
キズナは入り口に立ち止まり、空を見上げていた。
キズナ
キズナ
さっきは、あまりに普通すぎて気にしていませんでしたが、
さっきは、あまりに普通すぎて気にしていませんでしたが、
あの空は偽物、なんですよね？　ここは地下の街だとお聞きしました
あの空は偽物、なんですよね？　ここは地下の街だとお聞きしました
秀隆
秀隆
ああ。ホログラム技術を使った疑似映像だ
ああ。ホログラム技術を使った疑似映像だ
この空を見て、何か思うことでもあるのだろうか？
この空を見て、何か思うことでもあるのだろうか？
キズナ
キズナ
まるで……本物の空みたいですね……
まるで……本物の空みたいですね……
目を細め、キズナは小さく呟いた。
目を細め、キズナは小さく呟いた。
秀隆
秀隆
まるで本物、か。じゃあこれは青空と呼ぶものなんだな
まるで本物、か。じゃあこれは青空と呼ぶものなんだな
キズナ
キズナ
あ、すみません。行きましょうか
あ、すみません。行きましょうか
立ち止まっていたキズナが歩き出す。
立ち止まっていたキズナが歩き出す。
オレも深くは追求せず、向かうことにした。
オレも深くは追求せず、向かうことにした。
秀隆
秀隆
もし分からないことがあったら、随時質問してくれ
もし分からないことがあったら、随時質問してくれ
オレの言葉に気づき、キズナが笑顔を向けてきた。
オレの言葉に気づき、キズナが笑顔を向けてきた。
キズナ
キズナ
はいっ、ひーくん
はいっ、ひーくん
秀隆
秀隆
行くか……ひーくん？
行くか……ひーくん？
キズナ
キズナ
秀隆くんなので、ひーくん。ダメですか？
秀隆くんなので、ひーくん。ダメですか？
秀隆
秀隆
別にダメってことはないけど……
別にダメってことはないけど……
キズナ
キズナ
じゃあひーくんですね
じゃあひーくんですね
秀隆
秀隆
……ああ
……ああ
そんな風に呼ばれたことがなかったので、変な感じだ。
そんな風に呼ばれたことがなかったので、変な感じだ。
秀隆
秀隆
何度か聞いてると思うが、ここはホープタウンと呼ばれる街だ
何度か聞いてると思うが、ここはホープタウンと呼ばれる街だ
秀隆
秀隆
先にあるステーションからドリームタウンに行くことが出来るが、
先にあるステーションからドリームタウンに行くことが出来るが、
一般人は基本的に許可を貰わないと運行することは不可能だ
一般人は基本的に許可を貰わないと運行することは不可能だ
キズナ
キズナ
街を出るのに許可が必要なんですか
街を出るのに許可が必要なんですか
秀隆
秀隆
ああ。街が違えば法律も違うからな
ああ。街が違えば法律も違うからな
キズナ
キズナ
そうなんですか
そうなんですか
キズナ
キズナ
そうすると、ドリームタウンと呼ばれる街以外に
そうすると、ドリームタウンと呼ばれる街以外に
行く場合も、許可が必要だったりするんですか？
行く場合も、許可が必要だったりするんですか？
秀隆
秀隆
ドリームタウン以外に街はない
ドリームタウン以外に街はない
キズナ
キズナ
えっ？
えっ？
秀隆
秀隆
この世界にあるのは、ホープとドリームだけだ
この世界にあるのは、ホープとドリームだけだ
秀隆
秀隆
いや、正確には違うな。他の街は存在すると思うけど、
いや、正確には違うな。他の街は存在すると思うけど、
行き来することは不可能なんだ。道が繋がってないからな
行き来することは不可能なんだ。道が繋がってないからな
キズナ
キズナ
…………
…………
キズナは驚いたようで、目を大きく開いていた。
キズナは驚いたようで、目を大きく開いていた。
秀隆
秀隆
地上が無事だった頃は、何十億もの人間が生きてたんだってな
地上が無事だった頃は、何十億もの人間が生きてたんだってな
キズナ
キズナ
はい。今はどれくらいなんですか？
はい。今はどれくらいなんですか？
秀隆
秀隆
さあ……想像もつかないな
さあ……想像もつかないな
ジオフロントの建造が間に合わなかった国も多数あると記録されている。
ジオフロントの建造が間に合わなかった国も多数あると記録されている。
特に東アジアはそうだ。
特に東アジアはそうだ。
かなりの人数が犠牲になったと聞く。
かなりの人数が犠牲になったと聞く。
ジオフロントの建築が間に合ったのは、日本と中国、台湾くらいだろう。
ジオフロントの建築が間に合ったのは、日本と中国、台湾くらいだろう。
しかし、その中国や台湾とも連絡が取れない以上、
しかし、その中国や台湾とも連絡が取れない以上、
もはやそんな国の名前は、空想のものでしかないのかも知れない。
もはやそんな国の名前は、空想のものでしかないのかも知れない。
ともかく、これら全ての東アジアは、多大な被害を受けたと言う。
ともかく、これら全ての東アジアは、多大な被害を受けたと言う。
１億……いや、５０００万人も生きていないかも知れない。
１億……いや、５０００万人も生きていないかも知れない。
下手をするとホープとドリーム以外には現存していないことだってありうる。
下手をするとホープとドリーム以外には現存していないことだってありうる。
秀隆
秀隆
確かめる術は無い
確かめる術は無い
キズナ
キズナ
地上は、もう人が住むことは出来なくなってるんですか
地上は、もう人が住むことは出来なくなってるんですか
秀隆
秀隆
かつては地上に戻る計画が立てられたこともあるらしいけど、
かつては地上に戻る計画が立てられたこともあるらしいけど、
結局汚染状況が酷いってことで、頓挫したって聞いたことがある
結局汚染状況が酷いってことで、頓挫したって聞いたことがある
秀隆
秀隆
それに、今更って感じだろ
それに、今更って感じだろ
そう、地上に興味が無いかと言われれば嘘になるが、
そう、地上に興味が無いかと言われれば嘘になるが、
何が何でも地上で生活をしたいと思うことはない。
何が何でも地上で生活をしたいと思うことはない。
この街には、必要なものは全て揃っている。
この街には、必要なものは全て揃っている。
なら危険を冒してまで、地上への道を切り開く必要は無い。
なら危険を冒してまで、地上への道を切り開く必要は無い。
秀隆
秀隆
やっぱり、地上が恋しいなんて、思ったりするか？
やっぱり、地上が恋しいなんて、思ったりするか？
キズナ
キズナ
どうでしょう。今は分かりません
どうでしょう。今は分かりません
秀隆
秀隆
そうか……そうだよな
そうか……そうだよな
目覚めて間もない少女に、そんなことを聞くのは残酷だった。
目覚めて間もない少女に、そんなことを聞くのは残酷だった。
配慮が足りなかった自分に腹が立つ。
配慮が足りなかった自分に腹が立つ。
キズナ
キズナ
あ、気にしないでくださいね？
あ、気にしないでくださいね？
俯いたオレの顔を覗き込むように、キズナの顔が視界に飛び込んだ。
俯いたオレの顔を覗き込むように、キズナの顔が視界に飛び込んだ。
キズナ
キズナ
私は平気です。特に悲しいとかも、思ってたりしません
私は平気です。特に悲しいとかも、思ってたりしません
秀隆
秀隆
…………
…………
強がっている、と言うふうには見えないが……。
強がっている、と言うふうには見えないが……。
キズナ
キズナ
記憶を失う前の私は結構図太い性格だったようです。
記憶を失う前の私は結構図太い性格だったようです。
かずちーが言っていました、記憶は消えても、
かずちーが言っていました、記憶は消えても、
元々の性格に似ていくだろうって
元々の性格に似ていくだろうって
キズナ
キズナ
だから大丈夫ですよ。何を言われても
だから大丈夫ですよ。何を言われても
秀隆
秀隆
そうか……って、かずちーって、まさか倉屋敷社長のことか？
そうか……って、かずちーって、まさか倉屋敷社長のことか？
キズナ
キズナ
そうです
そうです
秀隆
秀隆
そんな呼び方したら、色々デンジャラスだぞ……
そんな呼び方したら、色々デンジャラスだぞ……
キズナ
キズナ
そうでしょうか？　可愛いと思いますけど
そうでしょうか？　可愛いと思いますけど
秀隆
秀隆
そう言う問題じゃない……多分……
そう言う問題じゃない……多分……
オレがかずちー、なんて呼ぼうものなら……
オレがかずちー、なんて呼ぼうものなら……
そうだな、掘削ドリルで削り殺されるだろうな……。
そうだな、掘削ドリルで削り殺されるだろうな……。
キズナ
キズナ
多分？
多分？
秀隆
秀隆
いや、オレの考えた妄想が恐ろしすぎて、とても口には
いや、オレの考えた妄想が恐ろしすぎて、とても口には
秀隆
秀隆
とにかく、倉屋敷社長はこわあああああい人物だから、気をつけろ
とにかく、倉屋敷社長はこわあああああい人物だから、気をつけろ
キズナ
キズナ
大丈夫だと思いますが、分かりましたっ
大丈夫だと思いますが、分かりましたっ
秀隆
秀隆
おっと、もうこんな時間か。そろそろ夕飯の時間だ、帰ろうか
おっと、もうこんな時間か。そろそろ夕飯の時間だ、帰ろうか
キズナ
キズナ
夕飯？
夕飯？
秀隆
秀隆
どうした
どうした
キズナ
キズナ
まだ明るいですが、随分早いんですね
まだ明るいですが、随分早いんですね
秀隆
秀隆
もうすぐ消灯だ。……そうか、それも知らないのか
もうすぐ消灯だ。……そうか、それも知らないのか
キズナ
キズナ
えっ？
えっ？
秀隆
秀隆
今見えてる空がホログラムのものであることは説明したよな
今見えてる空がホログラムのものであることは説明したよな
秀隆
秀隆
午後７時になると、電源が落とされるようになってるんだ
午後７時になると、電源が落とされるようになってるんだ
携帯が、ちょうど７時になろうとしていた。
携帯が、ちょうど７時になろうとしていた。
秀隆
秀隆
見てみ
見てみ
そう言い、空を見上げた。
そう言い、空を見上げた。
キズナも追いかけるようにして、空を見上げる。
キズナも追いかけるようにして、空を見上げる。
そして
そして
音も無く、静かに青空の映像は消えた。
音も無く、静かに青空の映像は消えた。
キズナ
キズナ
わ……
わ……
秀隆
秀隆
消灯時刻だ
消灯時刻だ
キズナ
キズナ
これが―――ひーくんの住んでる世界、なんですね
これが―――ひーくんの住んでる世界、なんですね
秀隆
秀隆
ああ
ああ
キズナ
キズナ
…………
…………
この時、キズナは何を考えていたのだろうか。
この時、キズナは何を考えていたのだろうか。
オレには正直言って、少しも分かりはしなかった。
オレには正直言って、少しも分かりはしなかった。
ただ、暗くなった空を見上げ続けていた。
ただ、暗くなった空を見上げ続けていた。
秀隆
秀隆
んじゃ帰るか
んじゃ帰るか
キズナ
キズナ
あ。その前に１つ、聞いてもいいですか？
あ。その前に１つ、聞いてもいいですか？
秀隆
秀隆
ん？
ん？
キズナ
キズナ
ひーくんのご両親はどうされているんですか。ご自宅には、そういう気配がなかったので
ひーくんのご両親はどうされているんですか。ご自宅には、そういう気配がなかったので
秀隆
秀隆
ああ。両親は死んだんだ。オレが子供だったときに
ああ。両親は死んだんだ。オレが子供だったときに
キズナ
キズナ
そうでしたか
そうでしたか
秀隆
秀隆
でも気にする必要はない。昔のことだし、今は何ともないから
でも気にする必要はない。昔のことだし、今は何ともないから
秀隆
秀隆
アクセラも秋もいる。寂しいと思うことはないよ
アクセラも秋もいる。寂しいと思うことはないよ
キズナ
キズナ
わかりました。ありがとうございます
わかりました。ありがとうございます
秀隆
秀隆
ただいま
ただいま
アクセラ
アクセラ
お帰りなさいませ秀隆様
お帰りなさいませ秀隆様
キズナ
キズナ
こんばんわ。お邪魔しますっ
こんばんわ。お邪魔しますっ
アクセラ
アクセラ
キズナ様
キズナ様
キズナ
キズナ
はいっ？
はいっ？
アクセラ
アクセラ
ただいま、で大丈夫です。今日から家族ですから
ただいま、で大丈夫です。今日から家族ですから
秀隆
秀隆
…………
…………
アクセラ
アクセラ
いけませんでしょうか？
いけませんでしょうか？
秀隆
秀隆
いや……全然。そうだな、って思っただけさ
いや……全然。そうだな、って思っただけさ
キズナ
キズナ
えっと、では……ただいま、です
えっと、では……ただいま、です
アクセラ
アクセラ
はい。お帰りなさいませ、キズナ様
はい。お帰りなさいませ、キズナ様
アクセラ
アクセラ
ご夕食の準備が出来ておりますので
ご夕食の準備が出来ておりますので
秀隆
秀隆
わかった
わかった
いつもと違う景色が、そこにはあった。
いつもと違う景色が、そこにはあった。
秋
秋
いただきます
いただきます
目の前の秋は、いつもと変わらず淡々としていたが。
目の前の秋は、いつもと変わらず淡々としていたが。
キズナ
キズナ
いただきますっ
いただきますっ
スプーンを持つと、キズナは嬉しそうに食事へと手を伸ばした。
スプーンを持つと、キズナは嬉しそうに食事へと手を伸ばした。
そして、口の中へと運んでいく。
そして、口の中へと運んでいく。
オレとアクセラは、何となく反応が気になり視線を送る。
オレとアクセラは、何となく反応が気になり視線を送る。
キズナ
キズナ
ん……
ん……
そして少しの間吟味したあと、口を開いた。
そして少しの間吟味したあと、口を開いた。
キズナ
キズナ
私の中にある記憶には無い味ですが、とても美味しいですっ
私の中にある記憶には無い味ですが、とても美味しいですっ
アクセラ
アクセラ
そうですか、それは良かったです
そうですか、それは良かったです
パンと手を合わせ、アクセラは嬉しそうに笑った。
パンと手を合わせ、アクセラは嬉しそうに笑った。
アクセラ
アクセラ
日頃、安い食材で料理を工夫して作っても、
日頃、安い食材で料理を工夫して作っても、
秀隆様は美味しいの一言も発してはくれませんので
秀隆様は美味しいの一言も発してはくれませんので
秀隆
秀隆
オレを鬼畜みたいに言うなっ
オレを鬼畜みたいに言うなっ
キズナ
キズナ
ひーくんは、鬼畜、と。覚えておきますね
ひーくんは、鬼畜、と。覚えておきますね
秀隆
秀隆
おいおい……
おいおい……
アクセラ
アクセラ
１人増えるだけで、随分賑やかな感じになりますね
１人増えるだけで、随分賑やかな感じになりますね
秀隆
秀隆
多分それは……
多分それは……
オレと秋じゃ、ほとんどまともな会話が成立しないからだろう。
オレと秋じゃ、ほとんどまともな会話が成立しないからだろう。
アクセラ
アクセラ
どんどん食べてください。足りなくなったら秀隆様の所からどうぞ
どんどん食べてください。足りなくなったら秀隆様の所からどうぞ
キズナ
キズナ
はいっ
はいっ
秀隆
秀隆
…………
…………
秋
秋
今、さり気なくトウモロコシを隠しましたよ
今、さり気なくトウモロコシを隠しましたよ
秀隆
秀隆
こら、余計なことを言うなっ
こら、余計なことを言うなっ
キズナ
キズナ
あはは、何だか嬉しいです
あはは、何だか嬉しいです
秀隆
秀隆
ん？
ん？
キズナ
キズナ
正直、色々覚悟していたんです。これからのことを
正直、色々覚悟していたんです。これからのことを
キズナ
キズナ
でも……皆さん温かく迎え入れてくださいました
でも……皆さん温かく迎え入れてくださいました
秀隆
秀隆
…………
…………
キズナ
キズナ
こんな風に笑えるのが、とても嬉しくて
こんな風に笑えるのが、とても嬉しくて
秋
秋
兄さんには手を焼くことになると思いますよ（ぼそ）
兄さんには手を焼くことになると思いますよ（ぼそ）
秀隆
秀隆
コラ、何さり気なく伝えてるんだ。誤解を招くだろ
コラ、何さり気なく伝えてるんだ。誤解を招くだろ
秋
秋
私は事実を伝えているだけです
私は事実を伝えているだけです
アクセラ
アクセラ
確かに、秀隆様には手を焼かされっぱなしですからね
確かに、秀隆様には手を焼かされっぱなしですからね
キズナ
キズナ
しっかりしてそうですけど
しっかりしてそうですけど
秋
秋
全然
全然
アクセラ
アクセラ
これっぽっちも
これっぽっちも
アクセラ
アクセラ
小さい頃は神童なんて呼ばれていたらしいですが、
小さい頃は神童なんて呼ばれていたらしいですが、
まぁ全て自己申告なので、９７％は虚言ではないかと思われます
まぁ全て自己申告なので、９７％は虚言ではないかと思われます
秀隆
秀隆
辛口批評が過ぎるぞアクセラ
辛口批評が過ぎるぞアクセラ
アクセラ
アクセラ
失礼致しました
失礼致しました
食事が終わると、アクセラはキズナを連れて自室へ向かう。
食事が終わると、アクセラはキズナを連れて自室へ向かう。
アクセラ
アクセラ
これからのことについて、色々とお話しいたしますね
これからのことについて、色々とお話しいたしますね
キズナ
キズナ
よろしくお願いしますっ
よろしくお願いしますっ
オレと秋が、その場に残される。
オレと秋が、その場に残される。
秋
秋
部屋に戻ります
部屋に戻ります
二人きりになるのを嫌った秋。
二人きりになるのを嫌った秋。
秀隆
秀隆
今日は無理言って悪かったな
今日は無理言って悪かったな
秋
秋
……いえ
……いえ
秀隆
秀隆
不満に思うのは理解してる。だけど暫くの間我慢してくれ
不満に思うのは理解してる。だけど暫くの間我慢してくれ
秋
秋
暫くって、明確な期日はわからないんですよね
暫くって、明確な期日はわからないんですよね
秀隆
秀隆
そうだな。キズナがこの世界に慣れるまで、だろうな
そうだな。キズナがこの世界に慣れるまで、だろうな
秋
秋
そうですか……じゃあ、先に家を出るのは私かも知れませんね
そうですか……じゃあ、先に家を出るのは私かも知れませんね
それはどう言う意味で言ったのだろうか。
それはどう言う意味で言ったのだろうか。
それはオレには分からない。
それはオレには分からない。
秀隆
秀隆
その可能性は０じゃないな
その可能性は０じゃないな
キズナが一人暮らしするには、まだまだ厳しいものがある。
キズナが一人暮らしするには、まだまだ厳しいものがある。
もっとも、秋もキズナも、
もっとも、秋もキズナも、
簡単に一人暮らしなんて許されないだろう。
簡単に一人暮らしなんて許されないだろう。
ホープタウンの住居問題は、非常に大きな課題になってるからな。
ホープタウンの住居問題は、非常に大きな課題になってるからな。
って、今はそんなことは関係ないか。
って、今はそんなことは関係ないか。
秋
秋
私は、不必要に彼女と仲良くするつもりはありませんから
私は、不必要に彼女と仲良くするつもりはありませんから
秀隆
秀隆
それはおまえの自由だ。でも、不必要に嫌うこともないと思うぞ
それはおまえの自由だ。でも、不必要に嫌うこともないと思うぞ
秋
秋
分かっています
分かっています
そう言い残し、秋は部屋に戻った。
そう言い残し、秋は部屋に戻った。
秀隆
秀隆
ふう……
ふう……
シャワーを浴び終え、オレはネットを使って調べ物をしていた。
シャワーを浴び終え、オレはネットを使って調べ物をしていた。
秀隆
秀隆
地上に関するデータは、やっぱり殆どないな……
地上に関するデータは、やっぱり殆どないな……
オレたち人間が地上を放棄して、もう１５０年以上が経つ。
オレたち人間が地上を放棄して、もう１５０年以上が経つ。
その間に、世界は大きく変化した。
その間に、世界は大きく変化した。
地上への憧れや希望は徐々に減っていき、夢を見ることを忘れた。
地上への憧れや希望は徐々に減っていき、夢を見ることを忘れた。
オレもその１人だ。
オレもその１人だ。
産まれた時から、１度だって地上を見たいと思ったことはない。
産まれた時から、１度だって地上を見たいと思ったことはない。
まして行きたいとは考えたことすらなかった。
まして行きたいとは考えたことすらなかった。
ここには全てが揃っているし、オレにとってはここが世界だからだ。
ここには全てが揃っているし、オレにとってはここが世界だからだ。
そう……初めて地上と呼ばれる場所に興味を持った。
そう……初めて地上と呼ばれる場所に興味を持った。
でも、結局はっきりとしたことは分からなくて。
でも、結局はっきりとしたことは分からなくて。
秀隆
秀隆
ん？　はい
ん？　はい
キズナ
キズナ
私です。キズナです
私です。キズナです
秀隆
秀隆
勝手に入ってくれていいぞ。部屋の外にスイッチがあるだろ？
勝手に入ってくれていいぞ。部屋の外にスイッチがあるだろ？
少しだけ沈黙が流れた後、部屋の扉が開いた。
少しだけ沈黙が流れた後、部屋の扉が開いた。
キズナ
キズナ
すごいハイテクですね
すごいハイテクですね
秀隆
秀隆
今では、それが普通なんだけどな。どうした、眠れないか？
今では、それが普通なんだけどな。どうした、眠れないか？
キズナ
キズナ
いえ。その、改めてお礼が言いたくて
いえ。その、改めてお礼が言いたくて
秀隆
秀隆
お礼？
お礼？
キズナ
キズナ
私を迎えてくれて、ありがとうございます
私を迎えてくれて、ありがとうございます
秀隆
秀隆
…………
…………
キズナ
キズナ
ただ、それが言いたくて
ただ、それが言いたくて
秀隆
秀隆
そうか
そうか
秀隆
秀隆
その気持ちは伝わったよ。でも、もうこれ以上言うのは禁止だ
その気持ちは伝わったよ。でも、もうこれ以上言うのは禁止だ
キズナ
キズナ
禁止、ですか？
禁止、ですか？
秀隆
秀隆
おまえには、当たり前に生活を送る権利がある。
おまえには、当たり前に生活を送る権利がある。
だから、特別何かを背負っていく必要はないってことだ
だから、特別何かを背負っていく必要はないってことだ
秀隆
秀隆
ここを自分の家だと思って使ってくれ
ここを自分の家だと思って使ってくれ
キズナ
キズナ
……はい。お休みなさい、ひーくん
……はい。お休みなさい、ひーくん
秀隆
秀隆
おやすみ
おやすみ
微かな香りを残して、キズナは部屋に戻った。
微かな香りを残して、キズナは部屋に戻った。
秀隆
秀隆
良い子、だな
良い子、だな
何となく、オレの気持ちがほっこりとしていた。
何となく、オレの気持ちがほっこりとしていた。
あの子となら、問題なく生活していけるだろう。
あの子となら、問題なく生活していけるだろう。
そして気がつけば、オレは眠りへと落ちているのだった。
そして気がつけば、オレは眠りへと落ちているのだった。
…………。
…………。
……。
……。
