あたしは朝、ホープタウンに足を運んだ。
あたしは朝、ホープタウンに足を運んだ。
どうしても確かめたいことがあったからだ。
どうしても確かめたいことがあったからだ。
先日、秀隆のお見舞いに行った時に見かけた、杉村と言う医者。
先日、秀隆のお見舞いに行った時に見かけた、杉村と言う医者。
あの人と、どうしても話をしなければならない。
あの人と、どうしても話をしなければならない。
嫌な予感がする。
嫌な予感がする。
秀隆が、危険な目にあう予感。
秀隆が、危険な目にあう予感。
あたしのこう言う時の勘は、結構当たるのよね。
あたしのこう言う時の勘は、結構当たるのよね。
だからあたしが確かめる。
だからあたしが確かめる。
一度深呼吸し、病院の中に向かった。
一度深呼吸し、病院の中に向かった。
アクセラ
アクセラ
あれは……凛様？
あれは……凛様？
凛
凛
……失礼します
……失礼します
あたしは、緊張を隠し、その部屋に足を踏み入れた。
あたしは、緊張を隠し、その部屋に足を踏み入れた。
その部屋の中はとても管理が行き届いていて、衛生的だ。
その部屋の中はとても管理が行き届いていて、衛生的だ。
その部屋の真ん中、ソファーに座る一人の女性。
その部屋の真ん中、ソファーに座る一人の女性。
杉村
杉村
こんにちは。今日は私に話があるってことだけど、どうしたの？
こんにちは。今日は私に話があるってことだけど、どうしたの？
凛
凛
ちょっと、お伺いしたいことがありまして
ちょっと、お伺いしたいことがありまして
杉村
杉村
なにかしら？
なにかしら？
凛
凛
あたしって、ホープタウンの法律に詳しくないんで、
あたしって、ホープタウンの法律に詳しくないんで、
ちょっと失礼な言い方になるかも知れませんが、いいですか
ちょっと失礼な言い方になるかも知れませんが、いいですか
杉村
杉村
ええ、構わないけれど……？
ええ、構わないけれど……？
凛
凛
人間同士じゃない結婚って、認められるんですか？
人間同士じゃない結婚って、認められるんですか？
杉村
杉村
はい？
はい？
凛
凛
とぼけても無駄です。あなた、人間じゃありませんよね？
とぼけても無駄です。あなた、人間じゃありませんよね？
杉村
杉村
えぇっと、こう言う時、どういう風に返すのがいいのかしら。
えぇっと、こう言う時、どういう風に返すのがいいのかしら。
若い子の感性には、もうついていけなくて……ごめんなさい
若い子の感性には、もうついていけなくて……ごめんなさい
凛
凛
アンドロイドですよね、杉村さん
アンドロイドですよね、杉村さん
杉村
杉村
そうよ
そうよ
凛
凛
っ！？
っ！？
杉村
杉村
って、答えるのがいいのかしら？　うーん……
って、答えるのがいいのかしら？　うーん……
どうして水野さんがそんなことを言い出したのかわからないけれど……
どうして水野さんがそんなことを言い出したのかわからないけれど……
杉村
杉村
一応これでも、れっきとした人間なのよ？
一応これでも、れっきとした人間なのよ？
凛
凛
精神科の先生なら、ご存知かと思いますが。
精神科の先生なら、ご存知かと思いますが。
幼少期に様々な体験をした子は、変わった能力を持つことが多いそうです
幼少期に様々な体験をした子は、変わった能力を持つことが多いそうです
凛
凛
あるいは、五感の一部を失うことで、別の感覚が常人以上に研ぎ澄まされたり
あるいは、五感の一部を失うことで、別の感覚が常人以上に研ぎ澄まされたり
杉村
杉村
そうね。そう言うことは十分にありうる話ね
そうね。そう言うことは十分にありうる話ね
凛
凛
あたしも、そう言うちょっとした力があるんです。
あたしも、そう言うちょっとした力があるんです。
まぁ、力っていうほど役に立つものじゃないんですけど
まぁ、力っていうほど役に立つものじゃないんですけど
凛
凛
小さい頃、暴走したアンドロイドに殺されそうになったことがあって。それ以来わかるようになったんです
小さい頃、暴走したアンドロイドに殺されそうになったことがあって。それ以来わかるようになったんです
杉村
杉村
何が分かるようになったの？
何が分かるようになったの？
凛
凛
あたしの傍にいる人が、アンドロイドなのかどうか
あたしの傍にいる人が、アンドロイドなのかどうか
杉村
杉村
そうなの。すごい力ねえ。でも、私は普通の人間ですよ？
そうなの。すごい力ねえ。でも、私は普通の人間ですよ？
凛
凛
そうですか。白を切るならこちらにも調べる方法は幾らでもあります
そうですか。白を切るならこちらにも調べる方法は幾らでもあります
凛
凛
秀隆にはその力で頼りにされたこともありますから。
秀隆にはその力で頼りにされたこともありますから。
あたしは自分の力を信じて、彼に相談することにします
あたしは自分の力を信じて、彼に相談することにします
こうして向かい合って、会話をしてあたしは確信を持った。
こうして向かい合って、会話をしてあたしは確信を持った。
この杉村さんは……間違いなくアンドロイドだ。
この杉村さんは……間違いなくアンドロイドだ。
杉村
杉村
あらあら……困ったわね。島津くんは退院したばかりだし。
あらあら……困ったわね。島津くんは退院したばかりだし。
変なことを言って困らせない方がいいんじゃないかしら？
変なことを言って困らせない方がいいんじゃないかしら？
凛
凛
これ以上は話しても無駄ですね。失礼します
これ以上は話しても無駄ですね。失礼します
杉村
杉村
水野さん
水野さん
凛
凛
……なんですか？
……なんですか？
杉村
杉村
あなたは正義感が強く、そして優しい子なのね
あなたは正義感が強く、そして優しい子なのね
杉村
杉村
そう言う力があったということは、
そう言う力があったということは、
前に私と会った時に、そう感じてた、ってことよね？
前に私と会った時に、そう感じてた、ってことよね？
そう。
そう。
秀隆のお見舞いに行った日。
秀隆のお見舞いに行った日。
あたしは数十秒、と言う僅かな時間しかこの人と接触しなかった。
あたしは数十秒、と言う僅かな時間しかこの人と接触しなかった。
絶対の確信が持てなかった。
絶対の確信が持てなかった。
だから、今こうして直接確かめに来た。
だから、今こうして直接確かめに来た。
凛
凛
はい
はい
杉村
杉村
それは、多分もしも間違いだったら島津くんを傷つけるから
それは、多分もしも間違いだったら島津くんを傷つけるから
杉村
杉村
改めてアンドロイドだと確信が持てるまで、
改めてアンドロイドだと確信が持てるまで、
そのことを伝えるのは伏せておこうと考えた。そうね？
そのことを伝えるのは伏せておこうと考えた。そうね？
凛
凛
じゃあ、やっぱり……
じゃあ、やっぱり……
杉村
杉村
あなたのその力、素直に褒めさせて
あなたのその力、素直に褒めさせて
杉村はソファーから立ち上がる。
杉村はソファーから立ち上がる。
杉村
杉村
でも残念。もう、その力を発揮することはないわね
でも残念。もう、その力を発揮することはないわね
凛
凛
っ！
っ！
あたしは慌てて、部屋の入り口へ駆けようと試みた。
あたしは慌てて、部屋の入り口へ駆けようと試みた。
だが、杉村に腕を掴まれてしまう。
だが、杉村に腕を掴まれてしまう。
杉村
杉村
今はまだ、私がアンドロイドであることを知られるわけにはいかないの。だからあなたには、この場で死んでもらいます
今はまだ、私がアンドロイドであることを知られるわけにはいかないの。だからあなたには、この場で死んでもらいます
凛
凛
だ、誰か！　離して！
だ、誰か！　離して！
思い切り腕を引くが、杉村の強烈な力によりびくともしない。
思い切り腕を引くが、杉村の強烈な力によりびくともしない。
杉村
杉村
あなたがもう少し利口で保守的な考えの持ち主だったら、
あなたがもう少し利口で保守的な考えの持ち主だったら、
きっと私は窮地に追い詰められていたと思う
きっと私は窮地に追い詰められていたと思う
凛
凛
や
や
杉村の強烈な拳が、凛のボディーへと叩き込まれた。
杉村の強烈な拳が、凛のボディーへと叩き込まれた。
凛
凛
かはっ！
かはっ！
息にならない息が漏れ、凛がその場に蹲る。
息にならない息が漏れ、凛がその場に蹲る。
杉村
杉村
あなたを殺す前に、念のため聞き出しておく必要があります。
あなたを殺す前に、念のため聞き出しておく必要があります。
あなたのその力を知る人は他にどれくらいいるの？
あなたのその力を知る人は他にどれくらいいるの？
杉村
杉村
今日ここに来ることは、誰かに伝えたの？
今日ここに来ることは、誰かに伝えたの？
凛
凛
はぁ、はぁっ……う、うぅっ……
はぁ、はぁっ……う、うぅっ……
杉村
杉村
少し強くやりすぎたかしら。内臓が破裂していなければいいんだけど
少し強くやりすぎたかしら。内臓が破裂していなければいいんだけど
杉村は凛の髪を掴み上げる。
杉村は凛の髪を掴み上げる。
杉村
杉村
教えてくれるかしら？
教えてくれるかしら？
凛
凛
は、はぁっ、はあ……
は、はぁっ、はあ……
杉村
杉村
教えてくれないと、使い物にならない顔になっちゃうわよ？
教えてくれないと、使い物にならない顔になっちゃうわよ？
杉村が、腕を引く。
杉村が、腕を引く。
se医務室（杉村さん部屋）
se医務室（杉村さん部屋）
不意に、扉が開いた。
不意に、扉が開いた。
杉村
杉村
っ！？
っ！？
アクセラ
アクセラ
あの……凛様？
あの……凛様？
凛の後を追ってきたアクセラが、室内の物音を聞き入ってきた。
凛の後を追ってきたアクセラが、室内の物音を聞き入ってきた。
杉村
杉村
……あなた……
……あなた……
凛
凛
あ、かはっ……あくせ、ら……
あ、かはっ……あくせ、ら……
息も絶え絶えに、凛がアクセラに手を伸ばす。
息も絶え絶えに、凛がアクセラに手を伸ばす。
アクセラ
アクセラ
凛様！？　あ、あの、これは一体……！
凛様！？　あ、あの、これは一体……！
杉村
杉村
あなたがここに来るなんてね。
あなたがここに来るなんてね。
ちょっと今立て込んでいるから、少し待ってて
ちょっと今立て込んでいるから、少し待ってて
凛
凛
あ……く……！
あ……く……！
アクセラ
アクセラ
お止めください！　どうしてこのようなことを！
お止めください！　どうしてこのようなことを！
杉村
杉村
どうして？　……やはり記憶がなくなっているのね
どうして？　……やはり記憶がなくなっているのね
杉村は凛の首から手を離すと、アクセラへと寄った。
杉村は凛の首から手を離すと、アクセラへと寄った。
杉村
杉村
……この場じゃ、多くを語るには落ち着きが無いわね。
……この場じゃ、多くを語るには落ち着きが無いわね。
それよりも、どうしてあなたがここに？　まさか島津くんもいるの？
それよりも、どうしてあなたがここに？　まさか島津くんもいるの？
アクセラ
アクセラ
いえ……秀隆様はおられません……
いえ……秀隆様はおられません……
杉村
杉村
そう。まあ、彼が居たところでそれほど影響はないけどね
そう。まあ、彼が居たところでそれほど影響はないけどね
杉村は、そのまま出口へと向かう。
杉村は、そのまま出口へと向かう。
凛
凛
ど、どこに……行くつもりっ……！
ど、どこに……行くつもりっ……！
杉村
杉村
あなたたちに正体がバレた以上、私がここに留まるメリットはない。私は私の帰るべき場所に帰らせてもらうの
あなたたちに正体がバレた以上、私がここに留まるメリットはない。私は私の帰るべき場所に帰らせてもらうの
そういい、杉村は眼鏡を外し、それを部屋に放り投げた。
そういい、杉村は眼鏡を外し、それを部屋に放り投げた。
杉村
杉村
今日で精神科医の先生はお終い
今日で精神科医の先生はお終い
微笑み、そう言う。
微笑み、そう言う。
杉村
杉村
あなた、島津くんのところにずっと居たの？
あなた、島津くんのところにずっと居たの？
アクセラ
アクセラ
それが……なにか……
それが……なにか……
アクセラは凛を抱き起しながら、杉村に視線を送る。
アクセラは凛を抱き起しながら、杉村に視線を送る。
杉村
杉村
島津くんとは随分仲が良さそうだったわね。彼、私にゾッコンだったのに
島津くんとは随分仲が良さそうだったわね。彼、私にゾッコンだったのに
アクセラ
アクセラ
っ。秀隆様は、私の大切なお方です
っ。秀隆様は、私の大切なお方です
杉村
杉村
……もしかして、そう言うこと？
……もしかして、そう言うこと？
杉村
杉村
記憶をなくして、随分幸せな生活を送っていたのね
記憶をなくして、随分幸せな生活を送っていたのね
杉村
杉村
でも……あなたの本当の正体を知ったら、彼はどう思うかしら？
でも……あなたの本当の正体を知ったら、彼はどう思うかしら？
アクセラ
アクセラ
私の、正体……？
私の、正体……？
杉村
杉村
あなたが記憶を失う前にやっていた事の話
あなたが記憶を失う前にやっていた事の話
にやりと杉村が笑う。
にやりと杉村が笑う。
杉村
杉村
きっと島津くんが知れば、あなたを拒絶するでしょうね
きっと島津くんが知れば、あなたを拒絶するでしょうね
杉村
杉村
それどころか……
それどころか……
アクセラ
アクセラ
私は、過去に何を……過去に何をしたんですか
私は、過去に何を……過去に何をしたんですか
杉村
杉村
さぁ。何かしら……
さぁ。何かしら……
杉村
杉村
もし気になるなら、ここにいらっしゃい
もし気になるなら、ここにいらっしゃい
杉村は端末を取り出し、それを放り投げた。
杉村は端末を取り出し、それを放り投げた。
杉村
杉村
いつでも歓迎するから。それじゃあ、さようなら
いつでも歓迎するから。それじゃあ、さようなら
凛
凛
っ…く……ぅっ
っ…く……ぅっ
アクセラ
アクセラ
凛様！
凛様！
…………。
…………。
……。
……。
