恋
恋
今日は少し遅くなると思います
今日は少し遅くなると思います
恭一
恭一
仕事か？
仕事か？
恋
恋
それもありますが、その後パーティーがあるんです
それもありますが、その後パーティーがあるんです
恭一
恭一
パーティー？
パーティー？
恋
恋
共同開発成功を祝った記念パーティーです
共同開発成功を祝った記念パーティーです
恭一
恭一
なるほど
なるほど
恭一
恭一
ってことは、カジノでも使うのか？
ってことは、カジノでも使うのか？
恋
恋
はい。そうですけど……
はい。そうですけど……
恭一
恭一
よし、オレも行ってやろう
よし、オレも行ってやろう
恋
恋
行ってやろうって……恭一さんには関係ないじゃないですか
行ってやろうって……恭一さんには関係ないじゃないですか
恭一
恭一
関係なくてもいいだろ別に
関係なくてもいいだろ別に
恋
恋
招待状もないのに無理です
招待状もないのに無理です
恭一
恭一
おっさんに手配させる
おっさんに手配させる
恋
恋
……本気ですか？
……本気ですか？
恭一
恭一
ああ。興味あるからな、どういう連中が集まるのか
ああ。興味あるからな、どういう連中が集まるのか
恋
恋
あなたは仮にも地上の生き残りなんですよ？
あなたは仮にも地上の生き残りなんですよ？
今日のパーティーにはホープタウンの関係者も多く参加されます
今日のパーティーにはホープタウンの関係者も多く参加されます
恋
恋
もし不審な行動を取れば今までのようには行きません
もし不審な行動を取れば今までのようには行きません
恭一
恭一
大人しくしているから安心しろ
大人しくしているから安心しろ
恋
恋
それを信じられないから言ってるんです
それを信じられないから言ってるんです
恭一
恭一
おまえが止めても行くからな。
おまえが止めても行くからな。
それよりは、承諾して一緒に行動した方が安心だと思わないか？
それよりは、承諾して一緒に行動した方が安心だと思わないか？
恋
恋
それは……。わ、分かりました、じゃあ、私と行動してください
それは……。わ、分かりました、じゃあ、私と行動してください
恭一
恭一
いいだろう
いいだろう
恋
恋
大河内代表には私から話して見ます
大河内代表には私から話して見ます
恭一
恭一
吉報を待ってるぜ
吉報を待ってるぜ
恋が出かけた後、オレは横になった。
恋が出かけた後、オレは横になった。
少し仮眠を取ることにしよう。
少し仮眠を取ることにしよう。
恋
恋
こっちです、恭一さん
こっちです、恭一さん
カジノ前で出迎えた恋。
カジノ前で出迎えた恋。
恋
恋
これが招待状です。出入りではこれを提示してください
これが招待状です。出入りではこれを提示してください
恭一
恭一
投げ捨てたらどうなる？
投げ捨てたらどうなる？
恋
恋
投げ捨ては禁止です。もちろん折り曲げたり食べたりもダメですよ
投げ捨ては禁止です。もちろん折り曲げたり食べたりもダメですよ
恭一
恭一
食べるわけ無いだろ
食べるわけ無いだろ
恋
恋
恭一さんならそんな素っ頓狂なことも言い出しかねませんから
恭一さんならそんな素っ頓狂なことも言い出しかねませんから
いつもよりも、遥かに人が多い。
いつもよりも、遥かに人が多い。
それは中に入った直後の喧騒？に強く感じた。
それは中に入った直後の喧騒？に強く感じた。
恭一
恭一
共同開発は、相当大規模なものだったんだな
共同開発は、相当大規模なものだったんだな
恋
恋
はい。今までの歴史で、ここまで大きな規模で協力し合ったことはありません
はい。今までの歴史で、ここまで大きな規模で協力し合ったことはありません
恋
恋
実際軌道に乗るまではトラブルが絶えなかったそうです
実際軌道に乗るまではトラブルが絶えなかったそうです
恭一
恭一
利権が絡むと簡単には行かないだろうからな
利権が絡むと簡単には行かないだろうからな
恋
恋
すみません、呼び出しです。私は少し離れます。
すみません、呼び出しです。私は少し離れます。
お願いですから、大人しくしていてくださいね？
お願いですから、大人しくしていてくださいね？
恭一
恭一
当たり前だろ。オレを誰だと思ってるんだ
当たり前だろ。オレを誰だと思ってるんだ
恋
恋
人の話を聞かない、言うことを聞かない、そう言う人です
人の話を聞かない、言うことを聞かない、そう言う人です
恭一
恭一
ふふん
ふふん
恋
恋
自慢しないで下さい。えっと、このあたりに居てくださいね
自慢しないで下さい。えっと、このあたりに居てくださいね
恭一
恭一
ああ
ああ
恋
恋
絶対ですよ？　絶対ですからね？
絶対ですよ？　絶対ですからね？
フラグか何かを立てようとしてるのか？　こいつは。
フラグか何かを立てようとしてるのか？　こいつは。
恭一
恭一
わかったから行ってこい
わかったから行ってこい
恋
恋
はい
はい
恋
恋
よかった、大人しくしてくれていたんですね
よかった、大人しくしてくれていたんですね
恭一
恭一
当たり前だろ。少しはオレを信用しろ
当たり前だろ。少しはオレを信用しろ
恋
恋
すみません……あ、ちょっとお願いがあるんですがいいですか？
すみません……あ、ちょっとお願いがあるんですがいいですか？
嫌だ
嫌だ
いいぜ
いいぜ
恭一
恭一
別にいいぜ。なんだ
別にいいぜ。なんだ
seガシャン
seガシャン
恭一
恭一
嫌だ
嫌だ
近くで誰かがグラスを落として、割ったようだ。
近くで誰かがグラスを落として、割ったようだ。
恋
恋
すみません、今の音でなんて言ったか聞こえませんでした……
すみません、今の音でなんて言ったか聞こえませんでした……
恋
恋
それで、お願いがあるんですがいいですか？
それで、お願いがあるんですがいいですか？
恭一
恭一
…………
…………
恋
恋
恭一さん？
恭一さん？
恭一
恭一
何回グラスが割れれば気が済むんだろうと思ってな……
何回グラスが割れれば気が済むんだろうと思ってな……
恋
恋
はい？
はい？
恭一
恭一
なんでもない。わかった、お願いを聞けばいいんだろ
なんでもない。わかった、お願いを聞けばいいんだろ
恋
恋
いいんですか？
いいんですか？
恭一
恭一
恐らく神の意思によって運命は決められているんだろう
恐らく神の意思によって運命は決められているんだろう
恋
恋
は、はぁ……
は、はぁ……
恋
恋
実は島津さんが、恭一さんにお会いしたがっていて
実は島津さんが、恭一さんにお会いしたがっていて
恭一
恭一
あいつが？　オレは会いたくない
あいつが？　オレは会いたくない
恋
恋
いいじゃないですか。どうせ突っ立ってお酒飲んでるだけなんですから
いいじゃないですか。どうせ突っ立ってお酒飲んでるだけなんですから
恭一
恭一
おまえはオレをバカにしてるのか？
おまえはオレをバカにしてるのか？
恋
恋
きっと、お礼を言いたいんだと思いますよ
きっと、お礼を言いたいんだと思いますよ
恭一
恭一
お礼ねえ
お礼ねえ
そうだ、あいつには本を頼んでいるんだった。
そうだ、あいつには本を頼んでいるんだった。
その辺り手配してる可能性はあるな。
その辺り手配してる可能性はあるな。
恭一
恭一
いいだろう。行くぞ
いいだろう。行くぞ
恋
恋
島津さん
島津さん
秀隆
秀隆
はい？
はい？
恋
恋
恭一さんに何か御用があるようでしたので、連れてまいりました
恭一さんに何か御用があるようでしたので、連れてまいりました
秀隆
秀隆
わ、わざわざすみません！
わ、わざわざすみません！
静乃
静乃
では、私は仕事の方に戻りますね
では、私は仕事の方に戻りますね
秀隆
秀隆
あ、お疲れ様ですっ
あ、お疲れ様ですっ
静乃
静乃
恭一さんも、また
恭一さんも、また
恭一
恭一
ああ
ああ
秀隆
秀隆
え……
え……
秀隆
秀隆
すみません、来ていただきまして
すみません、来ていただきまして
恭一
恭一
オレは男に用はないんだがな
オレは男に用はないんだがな
秀隆
秀隆
う、いきなりですね……
う、いきなりですね……
とりあえず、その、先日はありがとうございました
とりあえず、その、先日はありがとうございました
秀隆
秀隆
あなたがいなければ、
あなたがいなければ、
オレは松下さんを見つけることは出来ませんでした
オレは松下さんを見つけることは出来ませんでした
恭一
恭一
お礼は現金で頼む
お礼は現金で頼む
恋
恋
恭一さんっ？
恭一さんっ？
恭一
恭一
と、言うのは冗談だから安心しろ
と、言うのは冗談だから安心しろ
恭一
恭一
俺に用ってのは、なんだ？
俺に用ってのは、なんだ？
秀隆
秀隆
はい。実は……一度ホープタウンに遊びに来ていただけないかと思いまして
はい。実は……一度ホープタウンに遊びに来ていただけないかと思いまして
秀隆
秀隆
もちろん、恋さんもご一緒に、です
もちろん、恋さんもご一緒に、です
恋
恋
ご招待は嬉しいですが、私たちには渡航の権限が
ご招待は嬉しいですが、私たちには渡航の権限が
ありませんので……
ありませんので……
秀隆
秀隆
もちろん今すぐと言う話じゃないです。
もちろん今すぐと言う話じゃないです。
機会があった際には、是非一度案内をさせてほしいと思いまして
機会があった際には、是非一度案内をさせてほしいと思いまして
恋
恋
そう言うことでしたら。喜んで。ね、恭一さん
そう言うことでしたら。喜んで。ね、恭一さん
恭一
恭一
気が向いたらな
気が向いたらな
恋
恋
あなたは、いつもいつも、天邪鬼のようなことを言いますね。
あなたは、いつもいつも、天邪鬼のようなことを言いますね。
この間はホープタウンに行きたいと言ってベッドの上で裸踊りを始めたじゃないですかっ！
この間はホープタウンに行きたいと言ってベッドの上で裸踊りを始めたじゃないですかっ！
恭一
恭一
若気の至りと言う奴だな
若気の至りと言う奴だな
秀隆
秀隆
そうだ。恭一さんって、ワインはお好きですか？
そうだ。恭一さんって、ワインはお好きですか？
恭一
恭一
酒は嫌いじゃない。それがどうした
酒は嫌いじゃない。それがどうした
秀隆
秀隆
今日は記念パーティーと言うことで、
今日は記念パーティーと言うことで、
ホープタウンからも幾つか地酒をお持ちしているんです
ホープタウンからも幾つか地酒をお持ちしているんです
秀隆
秀隆
こちら、一口試飲してみませんか？
こちら、一口試飲してみませんか？
恭一
恭一
……いや、オレは遠慮しておく
……いや、オレは遠慮しておく
恋
恋
どうしてですか？　恭一さん、ワインはお好きですよね？
どうしてですか？　恭一さん、ワインはお好きですよね？
恭一
恭一
グラスを取ってきてくれ
グラスを取ってきてくれ
秀隆
秀隆
あ、すみません……オレの飲みかけじゃ嫌ですよね……
あ、すみません……オレの飲みかけじゃ嫌ですよね……
恋
恋
そんな。恭一さんはそのようなことを気にする繊細な方ではありません。もう、一口くらい頂いたらどうですか？
そんな。恭一さんはそのようなことを気にする繊細な方ではありません。もう、一口くらい頂いたらどうですか？
恭一
恭一
やれやれ。なら一口貰おうか
やれやれ。なら一口貰おうか
秀隆
秀隆
どうぞ
どうぞ
恋
恋
あっ！
あっ！
seガシャン
seガシャン
恭一
恭一
悪い。手が滑った。大丈夫か？
悪い。手が滑った。大丈夫か？
秀隆
秀隆
はい、大丈夫です
はい、大丈夫です
恭一
恭一
それはフロアの担当に任せておけばいい
それはフロアの担当に任せておけばいい
秀隆
秀隆
大したことじゃないですよ。邪魔になるので片づけを手伝います
大したことじゃないですよ。邪魔になるので片づけを手伝います
恭一
恭一
無理するな。オレが落とした不始末を片付けさせられない
無理するな。オレが落とした不始末を片付けさせられない
恋
恋
そうですよ。不用意にガラスに触ると危険です
そうですよ。不用意にガラスに触ると危険です
秀隆
秀隆
そ、そうですね……
そ、そうですね……
恭一
恭一
…………
…………
騒ぎに気づいたフロアの人間が、
騒ぎに気づいたフロアの人間が、
布巾を持ってきて片づけをはじめた。
布巾を持ってきて片づけをはじめた。
ウェイトレス
ウェイトレス
新しいお飲み物は如何ですか？
新しいお飲み物は如何ですか？
秀隆
秀隆
あ、頂きます……
あ、頂きます……
ウェイトレスさんの持ったトレーには、
ウェイトレスさんの持ったトレーには、
小さなコップが幾つか並べられていた。
小さなコップが幾つか並べられていた。
ウェイトレス
ウェイトレス
こちらは試飲用のものになります。
こちらは試飲用のものになります。
お口にあったワインをお選びいただければと思います
お口にあったワインをお選びいただければと思います
恋
恋
パーティー側で、試飲のサービスをやっていたみたいですね
パーティー側で、試飲のサービスをやっていたみたいですね
恭一
恭一
そうらしい
そうらしい
秀隆
秀隆
じゃあ、試飲させてもらいましょうか
じゃあ、試飲させてもらいましょうか
それぞれが、街のワインを試し飲みする。
それぞれが、街のワインを試し飲みする。
秀隆
秀隆
……深い味わいがします。美味しいです
……深い味わいがします。美味しいです
恋
恋
ホープタウンのワインはのど越しが良くて、爽やかですね
ホープタウンのワインはのど越しが良くて、爽やかですね
恭一
恭一
悪くないな
悪くないな
ウェイトレス
ウェイトレス
では、こちらをどうぞ
では、こちらをどうぞ
ウェイトレスさんはワイングラスをそれぞれに手渡すと、
ウェイトレスさんはワイングラスをそれぞれに手渡すと、
試飲用のコップを回収して、他の来客へと歩いていった。
試飲用のコップを回収して、他の来客へと歩いていった。
恭一
恭一
ウェイトレスを追いかけなくていいのか？
ウェイトレスを追いかけなくていいのか？
恋
恋
え、どうしてですか？
え、どうしてですか？
恭一
恭一
未練そうに見ていたからな
未練そうに見ていたからな
秀隆
秀隆
いやぁ、バレてしまいましたか
いやぁ、バレてしまいましたか
秀隆
秀隆
実はあのウェイトレス、オレの好みなんですよ
実はあのウェイトレス、オレの好みなんですよ
恋
恋
まぁ
まぁ
驚いたように恋さんが口元に手をやった。
驚いたように恋さんが口元に手をやった。
秀隆
秀隆
でも今は我慢します。また今度お見かけしたら、
でも今は我慢します。また今度お見かけしたら、
その時は運命と思って話しかけてみますよ
その時は運命と思って話しかけてみますよ
恭一
恭一
……そうか
……そうか
秀隆
秀隆
あぁそうだ。今日は恭一さんにお渡しするものがあったんです
あぁそうだ。今日は恭一さんにお渡しするものがあったんです
秀隆
秀隆
例の、お約束していたものです。
例の、お約束していたものです。
原本はさすがに難しいので、コピーで許していただけますと助かります
原本はさすがに難しいので、コピーで許していただけますと助かります
恭一
恭一
読めれば何でもいい。それは返さなくてもいいんだな？
読めれば何でもいい。それは返さなくてもいいんだな？
秀隆
秀隆
はい。そちらで処分していただいて結構です
はい。そちらで処分していただいて結構です
恋
恋
それは何なのですか？
それは何なのですか？
秀隆
秀隆
恭一さんへのお礼です。大したものではありませんから
恭一さんへのお礼です。大したものではありませんから
恭一
恭一
オレは帰る
オレは帰る
恋
恋
え、ええっ！？　まだパーティーが始まってそれほど経っていませんよ？
え、ええっ！？　まだパーティーが始まってそれほど経っていませんよ？
恭一
恭一
オレには元々きてほしくなかったんだろ？　なら問題ないはずだ
オレには元々きてほしくなかったんだろ？　なら問題ないはずだ
恋
恋
それはそうですけど……それが関係してるんですか？
それはそうですけど……それが関係してるんですか？
オレの手に持った袋を見る。
オレの手に持った袋を見る。
恭一
恭一
まぁな
まぁな
恋
恋
もしかして、何か本のようなものですか
もしかして、何か本のようなものですか
恭一
恭一
貴様何者だ……
貴様何者だ……
恋
恋
だって恭一さんがそこまで興味を示すものって、それくらいしかありませんし
だって恭一さんがそこまで興味を示すものって、それくらいしかありませんし
恭一
恭一
とにかくそう言うことだ
とにかくそう言うことだ
恋
恋
もうっ。本当に身勝手ですね
もうっ。本当に身勝手ですね
恋
恋
私は暫く残りますから、遅くなると思います
私は暫く残りますから、遅くなると思います
恭一
恭一
しっかり働けよ。オレのまだ見ぬ本のために
しっかり働けよ。オレのまだ見ぬ本のために
…………。
…………。
……。
……。
