秀隆
秀隆
さて、折角の初プールだ、思い出になる人物と過ごしたいな
さて、折角の初プールだ、思い出になる人物と過ごしたいな
この貴重な体験を過ごす相手は、誰にしようか？
この貴重な体験を過ごす相手は、誰にしようか？
秀隆
秀隆
選択肢が１つしかないなんてひどいよ！
選択肢が１つしかないなんてひどいよ！
折角の楽しい旅行なのに、何故秋と会話しなきゃならんのか。
折角の楽しい旅行なのに、何故秋と会話しなきゃならんのか。
別の子を選ぼう。
別の子を選ぼう。
だからさ、秋は嫌だって。
だからさ、秋は嫌だって。
あいつだって、話しかけて欲しいなんて思ってないんだから。
あいつだって、話しかけて欲しいなんて思ってないんだから。
秀隆
秀隆
いやです。ごめんなさい
いやです。ごめんなさい
秀隆
秀隆
…………
…………
秀隆
秀隆
…………
…………
秀隆
秀隆
…………
…………
秀隆
秀隆
ふー……
ふー……
オレは深いため息をついた後、秋のほうへと向いた。
オレは深いため息をついた後、秋のほうへと向いた。
秋
秋
…………
…………
秋はオレを見ようとしていないので、気付いた様子はない。
秋はオレを見ようとしていないので、気付いた様子はない。
だが、ジッと見ていると、やがて
だが、ジッと見ていると、やがて
視線を感じたのかオレの方へと顔を向けた。
視線を感じたのかオレの方へと顔を向けた。
秋
秋
なんですか……
なんですか……
秀隆
秀隆
いや、別に……
いや、別に……
秋
秋
そうですか
そうですか
秀隆
秀隆
じゃあ、オレはちょっと遊んでくるな
じゃあ、オレはちょっと遊んでくるな
秋
秋
はい
はい
秀隆
秀隆
ってあれ、他の皆は？
ってあれ、他の皆は？
見渡すと、誰の姿もない。
見渡すと、誰の姿もない。
秋
秋
聞いてなかったんですか？　さっきの話。皆でどうするか話し合っていたじゃないですか
聞いてなかったんですか？　さっきの話。皆でどうするか話し合っていたじゃないですか
秀隆
秀隆
ちょっと、選択肢と遊んでてな……それに集中してたんだ
ちょっと、選択肢と遊んでてな……それに集中してたんだ
秋
秋
？
？
秋
秋
キズナ、アクセラ、凛さん、希望さんはウォータースライダーを、やってくるそうです
キズナ、アクセラ、凛さん、希望さんはウォータースライダーを、やってくるそうです
そう言い、指差した先。
そう言い、指差した先。
皆は楽しそうに高台を目指しているようだった。
皆は楽しそうに高台を目指しているようだった。
秋
秋
裕輔さんと愛佳は、二人でその辺りを散歩するそうです
裕輔さんと愛佳は、二人でその辺りを散歩するそうです
秀隆
秀隆
なるほど……
なるほど……
あの二人らしい配慮ということか。
あの二人らしい配慮ということか。
オレたちが楽しめるようにしてくれたんだろう。
オレたちが楽しめるようにしてくれたんだろう。
秀隆
秀隆
あれ、ユウキは？
あれ、ユウキは？
ユウキなら、秋の傍にいそうなもんだが。
ユウキなら、秋の傍にいそうなもんだが。
秋
秋
あ、ユウキさんにも遊びに行くようお願いしました
あ、ユウキさんにも遊びに行くようお願いしました
秀隆
秀隆
それを素直に聞く男でも……
それを素直に聞く男でも……
辺りを見渡す。
辺りを見渡す。
そこは、様々な美女が水着を着てうろうろしている。
そこは、様々な美女が水着を着てうろうろしている。
秀隆
秀隆
あいつがじっとしてるとは思えないな……
あいつがじっとしてるとは思えないな……
今ごろ、どこかでナンパでもしていることだろう。
今ごろ、どこかでナンパでもしていることだろう。
秋
秋
…………
…………
秀隆
秀隆
…………
…………
秋と２人きりかよ。
秋と２人きりかよ。
ウォータースライダーにおまえは行かないのか？
ウォータースライダーにおまえは行かないのか？
とはさすがのオレにも言えない。
とはさすがのオレにも言えない。
秋にあれだけ激しい運動は厳しいだろう。
秋にあれだけ激しい運動は厳しいだろう。
もし無理に滑って体調を崩せば、その後皆に迷惑がかかる。
もし無理に滑って体調を崩せば、その後皆に迷惑がかかる。
秋は、敷かれたシーツの上に座り込んだ。
秋は、敷かれたシーツの上に座り込んだ。
秀隆
秀隆
アクセラのやつ、なんで残らなかったんだ？　秋のアンドロイドだろうに
アクセラのやつ、なんで残らなかったんだ？　秋のアンドロイドだろうに
秋
秋
一緒に行かせました。折角の外出なのに、
一緒に行かせました。折角の外出なのに、
私に付き添ってばかりじゃ楽しくないですから
私に付き添ってばかりじゃ楽しくないですから
秀隆
秀隆
……そうか
……そうか
どうやら秋が指示したことのようだ。
どうやら秋が指示したことのようだ。
秀隆
秀隆
じゃあ、オレも遊んでくるから
じゃあ、オレも遊んでくるから
秋
秋
はい
はい
オレはその場に秋一人を残し、ウォータースライダーへと向かった。
オレはその場に秋一人を残し、ウォータースライダーへと向かった。
秀隆
秀隆
おーい
おーい
オレは、ウォータースライダーをやろうとする４人に合流をした。
オレは、ウォータースライダーをやろうとする４人に合流をした。
凛
凛
あんたも来たんだ
あんたも来たんだ
秀隆
秀隆
まぁ一人で行動しても面白くないしな
まぁ一人で行動しても面白くないしな
キズナ
キズナ
じゃあひーくんも一緒に遊びましょう
じゃあひーくんも一緒に遊びましょう
秀隆
秀隆
そうだ、な……
そうだ、な……
オレは上りかけの状態から、下を見下ろした。
オレは上りかけの状態から、下を見下ろした。
秀隆
秀隆
……怖っ！
……怖っ！
こんな高いところから滑れるわけないっしょ！
こんな高いところから滑れるわけないっしょ！
アクセラ
アクセラ
あの、秀隆様
あの、秀隆様
秀隆
秀隆
ん？
ん？
アクセラ
アクセラ
秋様は、どうされているのですか？
秋様は、どうされているのですか？
秀隆
秀隆
どうって。見えるだろ
どうって。見えるだろ
そう言って、指さす。
そう言って、指さす。
下の方で、プールサイド傍に座っている秋の姿が見える。
下の方で、プールサイド傍に座っている秋の姿が見える。
希望
希望
秋ちゃん一人残してきちゃったの？
秋ちゃん一人残してきちゃったの？
秀隆
秀隆
だって仕方ないだろ。あいつは滑れないんだし
だって仕方ないだろ。あいつは滑れないんだし
キズナ
キズナ
あっきーひとりで可哀想です。寂しそうな顔してます
あっきーひとりで可哀想です。寂しそうな顔してます
秀隆
秀隆
寂しそうな顔って、ここからは見えるわけないだろ
寂しそうな顔って、ここからは見えるわけないだろ
キズナ
キズナ
私目がいいのでっ
私目がいいのでっ
秀隆
秀隆
どんだけだよ……
どんだけだよ……
アクセラ
アクセラ
私は秋様に命令を受けてここに来ました。
私は秋様に命令を受けてここに来ました。
その命令に背いて戻ることは出来ません
その命令に背いて戻ることは出来ません
秀隆
秀隆
まぁそうだな
まぁそうだな
アクセラ
アクセラ
秋様の傍についてあげられませんでしょうか？
秋様の傍についてあげられませんでしょうか？
秀隆
秀隆
オレが？　冗談だろ……
オレが？　冗談だろ……
凛
凛
ったく、なんで仲悪いのよあんたたち
ったく、なんで仲悪いのよあんたたち
秀隆
秀隆
不必要に仲良くないだけだ。兄妹は馴れ馴れしくしないんだよ普通
不必要に仲良くないだけだ。兄妹は馴れ馴れしくしないんだよ普通
とにかく、早くこの話題を終わらせたい。
とにかく、早くこの話題を終わらせたい。
アクセラ
アクセラ
……秀隆様
……秀隆様
秀隆
秀隆
オレは行かないって
オレは行かないって
キズナ
キズナ
私が戻りますね
私が戻りますね
アクセラ
アクセラ
キズナ様？
キズナ様？
キズナ
キズナ
あっきーの傍に居ることにします
あっきーの傍に居ることにします
秀隆
秀隆
それがいいかもな。キズナとなら会話も弾むだろ
それがいいかもな。キズナとなら会話も弾むだろ
凛
凛
でも、ちょっと待って。あんた一番楽しみにしてたじゃない
でも、ちょっと待って。あんた一番楽しみにしてたじゃない
凛がキズナの肩を捕まえる。
凛がキズナの肩を捕まえる。
希望
希望
そうだよ。私たちはいつでも滑れるけど……
そうだよ。私たちはいつでも滑れるけど……
キズナ
キズナ
確かに楽しみでした。
確かに楽しみでした。
でも、あっきーを一人にしたまま楽しめません
でも、あっきーを一人にしたまま楽しめません
キズナ
キズナ
私は戻ります
私は戻ります
キズナは迷うことなく、笑いながら言った。
キズナは迷うことなく、笑いながら言った。
秀隆
秀隆
悪いなキズナ
悪いなキズナ
凛
凛
ちょっと秀隆
ちょっと秀隆
秀隆
秀隆
ん？
ん？
凛
凛
あたしにどうこう言う資格はないし、
あたしにどうこう言う資格はないし、
押し付けるつもりもない。でも本当にそれでいいの？
押し付けるつもりもない。でも本当にそれでいいの？
秀隆
秀隆
なんだよ、本当にいいのって
なんだよ、本当にいいのって
秀隆
秀隆
オレはキズナもアクセラも戻る必要はないと思ってる。
オレはキズナもアクセラも戻る必要はないと思ってる。
それでも戻ると言うなら、オレは止めるつもりはない
それでも戻ると言うなら、オレは止めるつもりはない
キズナ
キズナ
はい。その通りです。私は私の意志で戻るだけですから
はい。その通りです。私は私の意志で戻るだけですから
アクセラ
アクセラ
ひでた
ひでた
キズナ
キズナ
アクセラさん
アクセラさん
キズナはアクセラの言葉を遮る。
キズナはアクセラの言葉を遮る。
キズナ
キズナ
行ってきますね
行ってきますね
そして、笑顔で降りて行った。
そして、笑顔で降りて行った。
秀隆
秀隆
オレもここに居ると邪魔そうだな。行くわ。どうせ怖くて滑れないし
オレもここに居ると邪魔そうだな。行くわ。どうせ怖くて滑れないし
３人を残し、降りる。
３人を残し、降りる。
後ろから全員の冷たい視線を向けられている気がしたが、気にしない。
後ろから全員の冷たい視線を向けられている気がしたが、気にしない。
秀隆
秀隆
のんびりするさ。オレは一人で
のんびりするさ。オレは一人で
