テレビの前。
テレビの前。
オレと家の住人全員、テレビの前で夕食の時間を迎えていた。
オレと家の住人全員、テレビの前で夕食の時間を迎えていた。
いつもなら、食事を終えているはずの時間。
いつもなら、食事を終えているはずの時間。
でもオレたちの食事は半分と進んでいなかった。
でもオレたちの食事は半分と進んでいなかった。
全員の視線は、テレビの向こうへと向けられている。
全員の視線は、テレビの向こうへと向けられている。
男性司会者
男性司会者
さぁ、今年も始まりました。芸能人夢の大運動会！
さぁ、今年も始まりました。芸能人夢の大運動会！
男性司会者
男性司会者
新人アイドルから大物俳優まで、様々な方々をご用意しております！
新人アイドルから大物俳優まで、様々な方々をご用意しております！
男性司会者
男性司会者
それでは早速、順番に説明してまいりましょう！
それでは早速、順番に説明してまいりましょう！
キズナ
キズナ
いよいよですね
いよいよですね
秀隆
秀隆
ああ
ああ
アクセラ
アクセラ
いつも身近に居る方が、
いつも身近に居る方が、
こうしてテレビに出て活躍されていると言うのは、不思議なものですね
こうしてテレビに出て活躍されていると言うのは、不思議なものですね
秋
秋
私って、凛さんと知り合いなんだよね……確かに不思議
私って、凛さんと知り合いなんだよね……確かに不思議
秀隆
秀隆
それもこれも、オレと言うつながりがあってこそだけどな
それもこれも、オレと言うつながりがあってこそだけどな
アクセラ
アクセラ
そのような蛇足的アピールは不要です、秀隆様
そのような蛇足的アピールは不要です、秀隆様
秀隆
秀隆
はい……
はい……
キズナ
キズナ
落ち込まないで下さい。ひーくんは偉い偉い、です
落ち込まないで下さい。ひーくんは偉い偉い、です
秀隆
秀隆
うう……そんな風に慰められると逆に虚しい
うう……そんな風に慰められると逆に虚しい
アクセラ
アクセラ
テレビに凛様が出てますよ
テレビに凛様が出てますよ
秀隆
秀隆
おっ
おっ
男性司会者
男性司会者
エントリーナンバー１４、今話題沸騰の人気アイドル、水野凛ちゃんです！
エントリーナンバー１４、今話題沸騰の人気アイドル、水野凛ちゃんです！
凛
凛
水野凛です！　よろしくお願いします！
水野凛です！　よろしくお願いします！
男性司会者
男性司会者
元気があって実にいいですね。ぜひ、上位を目指してもらいたいと思います
元気があって実にいいですね。ぜひ、上位を目指してもらいたいと思います
男性司会者
男性司会者
それでは次の
それでは次の
キズナ
キズナ
あや、りんりんの出番すぐ終わっちゃいました
あや、りんりんの出番すぐ終わっちゃいました
秀隆
秀隆
仕方ないさ。出てる芸能人はどれも一流どころだしな。
仕方ないさ。出てる芸能人はどれも一流どころだしな。
メンツだけで言えば、凛は遥かに新人のカテゴリだし
メンツだけで言えば、凛は遥かに新人のカテゴリだし
秋
秋
なんだか、勝てるとも思われていなさそうですね
なんだか、勝てるとも思われていなさそうですね
秀隆
秀隆
注目するべき人がたくさんいるからな。
注目するべき人がたくさんいるからな。
でも、だからこそダークホース的な存在として場を盛り上げるはずだ
でも、だからこそダークホース的な存在として場を盛り上げるはずだ
オレたちが見守る中運動会が始まる。
オレたちが見守る中運動会が始まる。
キズナ
キズナ
芸能界の人たちの中にも、凄い人は沢山いるんですね
芸能界の人たちの中にも、凄い人は沢山いるんですね
徒競走を見ながら、キズナが感心して頷いた。
徒競走を見ながら、キズナが感心して頷いた。
秀隆
秀隆
一流アスリートにも負けない芸能人も、わんさかいるからな
一流アスリートにも負けない芸能人も、わんさかいるからな
秀隆
秀隆
それに、アスリートから芸能界への逆輸入もあるし
それに、アスリートから芸能界への逆輸入もあるし
キズナ
キズナ
あ、次はりんりんの出番みたいですね
あ、次はりんりんの出番みたいですね
女子の３組目。
女子の３組目。
そこに凛の名前があった。
そこに凛の名前があった。
秀隆
秀隆
……やっぱりスタイルいいよな
……やっぱりスタイルいいよな
芸能人たちの中でも、特にいい。
芸能人たちの中でも、特にいい。
そしてあの豊満な胸。
そしてあの豊満な胸。
徒競走の時にはぶるんぶるんゆれちゃうんだろうな。
徒競走の時にはぶるんぶるんゆれちゃうんだろうな。
秋
秋
最低な目でテレビを見ている人が居ます
最低な目でテレビを見ている人が居ます
アクセラ
アクセラ
見てはいけません秋様。病気をうつされてしまいます
見てはいけません秋様。病気をうつされてしまいます
秀隆
秀隆
どんな病気だよ、どんな
どんな病気だよ、どんな
キズナ
キズナ
変態スケベェ病ですねっ
変態スケベェ病ですねっ
秀隆
秀隆
君は君で、相変わらず凄いことをサラッと言わないように
君は君で、相変わらず凄いことをサラッと言わないように
テレビの向こうでは、白熱した運動会が始まった。
テレビの向こうでは、白熱した運動会が始まった。
オレは端末から自分の作ったグラフを呼び出し、
オレは端末から自分の作ったグラフを呼び出し、
凛の結果を順次当てはめていく。
凛の結果を順次当てはめていく。
運動会が始まってからは、１位以外の人のコメントは中々取り上げられない。
運動会が始まってからは、１位以外の人のコメントは中々取り上げられない。
仮に１位を取ったとしても、盛り上がりに欠ける種目だったり、
仮に１位を取ったとしても、盛り上がりに欠ける種目だったり、
注目すべき選手が他に居る場合は割愛される。
注目すべき選手が他に居る場合は割愛される。
ビジュアル的な意味では、時折凛がすっぱ抜かれることもあったが、
ビジュアル的な意味では、時折凛がすっぱ抜かれることもあったが、
やはり全体的には出番が少ないと言わざるを得ない。
やはり全体的には出番が少ないと言わざるを得ない。
秀隆
秀隆
でも
でも
凛は、着実にシミュレーションとほぼ同じ成績を収めていた。
凛は、着実にシミュレーションとほぼ同じ成績を収めていた。
運動会も後半戦へと突入し、凛の順位は現在６位。
運動会も後半戦へと突入し、凛の順位は現在６位。
やや後ろだが、まだ得意種目は残されている。
やや後ろだが、まだ得意種目は残されている。
秀隆
秀隆
頑張れ。頑張れよ凛……！
頑張れ。頑張れよ凛……！
手に汗を握り応援するオレを、
手に汗を握り応援するオレを、
他の三人はやや冷めた目で見ていた。
他の三人はやや冷めた目で見ていた。
恐らく、オレのおっぱい、いや、よからぬ部分を見抜いていたんだろうが。
恐らく、オレのおっぱい、いや、よからぬ部分を見抜いていたんだろうが。
秀隆
秀隆
よし！
よし！
運動会最後の種目である５０Ｍ走りのゴールを切った凛。
運動会最後の種目である５０Ｍ走りのゴールを切った凛。
息を切らせながらも、カメラを向けられ満面の笑みを見せた。
息を切らせながらも、カメラを向けられ満面の笑みを見せた。
そこには汗だくの凛の姿が。
そこには汗だくの凛の姿が。
テレビには、芸能人たちの細かな得点から発表されていく。
テレビには、芸能人たちの細かな得点から発表されていく。
男性司会者
男性司会者
えー、では、見事２位になりました、水野凛ちゃんです。
えー、では、見事２位になりました、水野凛ちゃんです。
おめでとう！
おめでとう！
凛
凛
ありがとうございまーす！
ありがとうございまーす！
満面の笑みで、凛がマイクにこたえる。
満面の笑みで、凛がマイクにこたえる。
男性司会者
男性司会者
なんと凛ちゃんは、初参戦にして、お立ち台に上ると言う偉業を達成しました
なんと凛ちゃんは、初参戦にして、お立ち台に上ると言う偉業を達成しました
男性司会者
男性司会者
過去それが出来たのは、今回優勝した保住さん以来だそうですよ？
過去それが出来たのは、今回優勝した保住さん以来だそうですよ？
凛
凛
ほんとですか？　すごくうれしいです。私、懸命にやっただけなので……
ほんとですか？　すごくうれしいです。私、懸命にやっただけなので……
男性司会者
男性司会者
今の喜びを誰に伝えたいですか？
今の喜びを誰に伝えたいですか？
凛
凛
私のことを応援してくれてたファンの方や、お友達にです
私のことを応援してくれてたファンの方や、お友達にです
男性司会者
男性司会者
そうですか。ありがとうございました
そうですか。ありがとうございました
凛
凛
ありがとうございました！
ありがとうございました！
さわやかな笑顔の凛。
さわやかな笑顔の凛。
秀隆
秀隆
さすがにテレビは猫かぶりモードだな
さすがにテレビは猫かぶりモードだな
キズナ
キズナ
でもすごく可愛いですね
でもすごく可愛いですね
秀隆
秀隆
まぁな……
まぁな……
誰がどう見ても清純アイドルだ。
誰がどう見ても清純アイドルだ。
秀隆
秀隆
とりあえず、あいつが勝ててよかった
とりあえず、あいつが勝ててよかった
秋
秋
嬉しそうですね兄さん
嬉しそうですね兄さん
秀隆
秀隆
当たり前だろ
当たり前だろ
キズナ
キズナ
何かりんりんと約束してるみたいですし
何かりんりんと約束してるみたいですし
秀隆
秀隆
それはそれ、これはこれだ
それはそれ、これはこれだ
オレはほっと溜息をついた。
オレはほっと溜息をついた。
…………。
…………。
……。
……。
