龍也
龍也
ご無沙汰しております、クイーン
ご無沙汰しております、クイーン
入札が行われる一日前。
入札が行われる一日前。
高坂はクイーンのもとへ足を運んでいた。
高坂はクイーンのもとへ足を運んでいた。
クイーン
クイーン
あなたが再びここを訪れるとは思っていなかったわ
あなたが再びここを訪れるとは思っていなかったわ
龍也
龍也
僕も最初は、そのつもりでした。ですが、事情が変わりまして
僕も最初は、そのつもりでした。ですが、事情が変わりまして
クイーン
クイーン
どういうことかしら？
どういうことかしら？
龍也
龍也
ステーションの規制緩和と言う難しい命題が、達成されそうだと言うことです
ステーションの規制緩和と言う難しい命題が、達成されそうだと言うことです
クイーン
クイーン
島津秀隆と言う男、思ったよりも使えると言うことね
島津秀隆と言う男、思ったよりも使えると言うことね
龍也
龍也
ええ。僕の想像以上に優秀なようだ。
ええ。僕の想像以上に優秀なようだ。
これで特務官としての経験を積めば、厄介な敵になる
これで特務官としての経験を積めば、厄介な敵になる
クイーン
クイーン
それで、まさかそんなことを話しに来たわけじゃないでしょ？
それで、まさかそんなことを話しに来たわけじゃないでしょ？
龍也
龍也
ああいうタイプは、成功を糧とする。調子に乗せてはいけない
ああいうタイプは、成功を糧とする。調子に乗せてはいけない
龍也
龍也
ならば早めに叩き潰すべきか、と考えているわけです
ならば早めに叩き潰すべきか、と考えているわけです
龍也
龍也
今回、あなたは島津くんに、見返りとして
今回、あなたは島津くんに、見返りとして
共同開発地区に融資を決めていますね
共同開発地区に融資を決めていますね
クイーン
クイーン
ええ。もちろん、幾らかは答えられないわ
ええ。もちろん、幾らかは答えられないわ
金貸しとしてのルール。
金貸しとしてのルール。
クイーンはけしてそれを破らない。
クイーンはけしてそれを破らない。
龍也
龍也
その金額が幾らかなど興味ありません。ただ
その金額が幾らかなど興味ありません。ただ
龍也
龍也
大河内代表が、今になってゴネだしてしまいまして。
大河内代表が、今になってゴネだしてしまいまして。
このままではステーションの規制緩和に賛同できないと
このままではステーションの規制緩和に賛同できないと
クイーン
クイーン
既に署名は得ている。意味のないことね
既に署名は得ている。意味のないことね
龍也
龍也
署名こそ、意味のないものだと思いませんか？
署名こそ、意味のないものだと思いませんか？
クイーン
クイーン
……何が望み？
……何が望み？
龍也
龍也
話が円滑に進み助かります
話が円滑に進み助かります
高坂はメモ用紙を取り出すと、それをクイーンに向けた。
高坂はメモ用紙を取り出すと、それをクイーンに向けた。
競売当日、島津秀隆の入札価格より１万円多く、
競売当日、島津秀隆の入札価格より１万円多く、
ドリームタウン側が入札したことにしてもらいたい
ドリームタウン側が入札したことにしてもらいたい
そう書いたメモを見せる。
そう書いたメモを見せる。
不正行為の要求。
不正行為の要求。
本来であれば、けして飲まれることの無い条件であった。
本来であれば、けして飲まれることの無い条件であった。
クイーン
クイーン
…………
…………
それをクイーンが読んだと確認するや、
それをクイーンが読んだと確認するや、
高坂はライターを取り出し、そのメモ用紙を燃やしてしまう。
高坂はライターを取り出し、そのメモ用紙を燃やしてしまう。
龍也
龍也
その条件を飲んでいただけるのなら、
その条件を飲んでいただけるのなら、
大河内代表は喜んで規制緩和に協力する構えのようです
大河内代表は喜んで規制緩和に協力する構えのようです
クイーン
クイーン
最後の最後に、美味しいところだけを狙っていたのね
最後の最後に、美味しいところだけを狙っていたのね
龍也
龍也
それも戦略の１つですよ、クイーン
それも戦略の１つですよ、クイーン
クイーンにとって、規制緩和の達成は悲願であり、目標であった。
クイーンにとって、規制緩和の達成は悲願であり、目標であった。
不正の一つでそれを守れるのならば、断る理由は無い。
不正の一つでそれを守れるのならば、断る理由は無い。
マリア
マリア
失礼します。先ほど高坂様を玄関までお見送りさせていただきました
失礼します。先ほど高坂様を玄関までお見送りさせていただきました
クイーン
クイーン
そう
そう
マリア
マリア
さすがは高坂様、と言ったところでしょうか？
さすがは高坂様、と言ったところでしょうか？
あの区画は島津様が勝ち得たと思っていましたので少々驚きました
あの区画は島津様が勝ち得たと思っていましたので少々驚きました
クイーン
クイーン
高坂と島津じゃ、踏んだ場数が違うということね。
高坂と島津じゃ、踏んだ場数が違うということね。
どうすればうまく自分が立ち回れるのか、よくわかってる
どうすればうまく自分が立ち回れるのか、よくわかってる
マリア
マリア
そうですね
そうですね
クイーン
クイーン
でも珍しいわね、あなたが私にそんな話を持ち掛けるなんて
でも珍しいわね、あなたが私にそんな話を持ち掛けるなんて
マリア
マリア
そうかもしれませんね
そうかもしれませんね
クイーン
クイーン
島津は、面白い男よ。あなたと同じで私も気に入ってる
島津は、面白い男よ。あなたと同じで私も気に入ってる
クイーン
クイーン
事実、今回彼がいなければ、この話は成立しなかったわけだし
事実、今回彼がいなければ、この話は成立しなかったわけだし
マリア
マリア
そうですね
そうですね
クイーン
クイーン
近いうち、また彼とは共に働くこともあるんじゃないかしら
近いうち、また彼とは共に働くこともあるんじゃないかしら
マリア
マリア
ドリームタウンの繁栄につながる限り、ですね
ドリームタウンの繁栄につながる限り、ですね
クイーン
クイーン
もちろんよ。邪魔な存在になるようなら容赦しないわ。
もちろんよ。邪魔な存在になるようなら容赦しないわ。
その時にはあなたの手で徹底的に潰すのも面白いわね
その時にはあなたの手で徹底的に潰すのも面白いわね
マリア
マリア
必要とあれば、いつでも
必要とあれば、いつでも
…………。
…………。
……。
……。
