キズナとの生活が始まって、半年が経った。
キズナとの生活が始まって、半年が経った。
最初はどうなることかと思ったが、
最初はどうなることかと思ったが、
想像していたよりも遥かに負担は少なかった。
想像していたよりも遥かに負担は少なかった。
倉屋敷社長や唐沢代表たちの助力ももちろんだが、
倉屋敷社長や唐沢代表たちの助力ももちろんだが、
一番大きな要因は、キズナそのものにあると言えるだろう。
一番大きな要因は、キズナそのものにあると言えるだろう。
まだ幼さが残る少女とは、似つかわしくない冷静さ。
まだ幼さが残る少女とは、似つかわしくない冷静さ。
記憶がないことを考慮するとしても、
記憶がないことを考慮するとしても、
家族がいないことへの不安や悲しみを感じていない。
家族がいないことへの不安や悲しみを感じていない。
性格にしても、非常に前向きで、周囲と同調することに何ら抵抗がない。
性格にしても、非常に前向きで、周囲と同調することに何ら抵抗がない。
現代に溶け込み、生きようとする強い意志を持った子と言える。
現代に溶け込み、生きようとする強い意志を持った子と言える。
秀隆
秀隆
ふぅ……
ふぅ……
オレは倉屋敷社長の言いつけどおり、
オレは倉屋敷社長の言いつけどおり、
感じたことをそのまま報告書として記録していく。
感じたことをそのまま報告書として記録していく。
秀隆
秀隆
キズナがよっぽど特別なのか、
キズナがよっぽど特別なのか、
それとも記憶を持たない者は皆そうなんだろうか……？
それとも記憶を持たない者は皆そうなんだろうか……？
生憎と、オレの人生に記憶喪失者の知り合いはキズナだけだ。
生憎と、オレの人生に記憶喪失者の知り合いはキズナだけだ。
ましてや地上時代の生き残りなんて
ましてや地上時代の生き残りなんて
いや、あの人がいるか。
いや、あの人がいるか。
恋さんの彼氏らしき、恭一さん。
恋さんの彼氏らしき、恭一さん。
彼もまた、地上時代の生き残りらしいが……。
彼もまた、地上時代の生き残りらしいが……。
秀隆
秀隆
探ろうとしても、簡単には行かないだろうなぁ
探ろうとしても、簡単には行かないだろうなぁ
カジノでのやり取りを思い出す。
カジノでのやり取りを思い出す。
あの人はこちらの考えや戦略を見切っていた。
あの人はこちらの考えや戦略を見切っていた。
特務官として特別な訓練を受けたわけでもないのに。
特務官として特別な訓練を受けたわけでもないのに。
秀隆
秀隆
地上であれドリームであれ、どんな教育受けたんだよ……
地上であれドリームであれ、どんな教育受けたんだよ……
キズナ
キズナ
ひーくん。朝ですよ、起き
ひーくん。朝ですよ、起き
てました
てました
秀隆
秀隆
おはようキズナ。部屋に入る時はノックしような
おはようキズナ。部屋に入る時はノックしような
キズナ
キズナ
てっきり、いつものように寝ていらっしゃるかと
てっきり、いつものように寝ていらっしゃるかと
秀隆
秀隆
今日は少し早く目が覚めたんだ
今日は少し早く目が覚めたんだ
モニターを切り、報告書の画面を閉じる。
モニターを切り、報告書の画面を閉じる。
見られて困るものじゃないが、
見られて困るものじゃないが、
観察記録を付けられていると知られて気分は良くならないだろう。
観察記録を付けられていると知られて気分は良くならないだろう。
キズナ
キズナ
本日の予定は決まってるんですかっ？
本日の予定は決まってるんですかっ？
秀隆
秀隆
あー、いや、特にはないな。一日ぼーっとするつもりだ
あー、いや、特にはないな。一日ぼーっとするつもりだ
キズナ
キズナ
では遊びに行きましょう
では遊びに行きましょう
秀隆
秀隆
パスでお願いします
パスでお願いします
キズナ
キズナ
パスされてしまいましたっ
パスされてしまいましたっ
秀隆
秀隆
秋と出かけて来い
秋と出かけて来い
キズナ
キズナ
あっきーは、先ほど遊びに行くと出かけてしまいました
あっきーは、先ほど遊びに行くと出かけてしまいました
秀隆
秀隆
おまえもついて行けばよかったろ
おまえもついて行けばよかったろ
キズナ
キズナ
それも少し考えましたが、
それも少し考えましたが、
あっきーは私のことが嫌いですから。邪魔しちゃ悪いです
あっきーは私のことが嫌いですから。邪魔しちゃ悪いです
秀隆
秀隆
……いや、別に嫌ってないと思うぞ
……いや、別に嫌ってないと思うぞ
思わぬキズナのセリフに驚く。
思わぬキズナのセリフに驚く。
キズナ
キズナ
大丈夫です。嫌われていても気にはしません。
大丈夫です。嫌われていても気にはしません。
一応、日々仲良くなろうと努力はしているつもりです
一応、日々仲良くなろうと努力はしているつもりです
秀隆
秀隆
あいつはちょっと特殊なんだ。
あいつはちょっと特殊なんだ。
家の中じゃ素をさらけ出してるから
家の中じゃ素をさらけ出してるから
キズナ
キズナ
理由はよく分かりませんが、分かります
理由はよく分かりませんが、分かります
同居生活も短くはない、大体分かっているだろう。
同居生活も短くはない、大体分かっているだろう。
秀隆
秀隆
オレの前で笑ったりするのが嫌いなんだ。
オレの前で笑ったりするのが嫌いなんだ。
だから、おまえと仲良くして無防備になるのを避けてる
だから、おまえと仲良くして無防備になるのを避けてる
キズナ
キズナ
詰まるところ、ひーくんのせいですねっ
詰まるところ、ひーくんのせいですねっ
秀隆
秀隆
否定しない。それは紛れもない事実だ
否定しない。それは紛れもない事実だ
キズナ
キズナ
仲直りしないんですか
仲直りしないんですか
秀隆
秀隆
しないしするつもりもないし、そもそも無理だ
しないしするつもりもないし、そもそも無理だ
秀隆
秀隆
もちろん、理由を聞いてきても教えるつもりはない
もちろん、理由を聞いてきても教えるつもりはない
オレからのやや理不尽な対応を受けるが、
オレからのやや理不尽な対応を受けるが、
キズナは何一つ嫌な顔を見せることはなかった。
キズナは何一つ嫌な顔を見せることはなかった。
秀隆
秀隆
悪い、ちょっと刺々しい言い方だったな。この話はとにかく無しだ
悪い、ちょっと刺々しい言い方だったな。この話はとにかく無しだ
キズナ
キズナ
では話題を変えてもいいですか
では話題を変えてもいいですか
秀隆
秀隆
ああ、もちろんいいぞ
ああ、もちろんいいぞ
キズナ
キズナ
今日お出かけしたいと言ったのは、
今日お出かけしたいと言ったのは、
ただ遊びに行きたいからではないんです
ただ遊びに行きたいからではないんです
秀隆
秀隆
さっき、遊びに行きたいって言ったよな？
さっき、遊びに行きたいって言ったよな？
キズナ
キズナ
聞き間違いです。私は言ってないです
聞き間違いです。私は言ってないです
秀隆
秀隆
……いや、言ったろ
……いや、言ったろ
キズナ
キズナ
過ぎたことにいつまでもこだわっちゃダメです
過ぎたことにいつまでもこだわっちゃダメです
キズナ
キズナ
私に協力すると思って、お出かけしてください
私に協力すると思って、お出かけしてください
遊ぶのを協力するのは面倒だな。
遊ぶのを協力するのは面倒だな。
何か理由をつけて断ろうと思っていると、
何か理由をつけて断ろうと思っていると、
思いがけないことを口にした。
思いがけないことを口にした。
キズナ
キズナ
実は―――自分のことを知りたいんです
実は―――自分のことを知りたいんです
秀隆
秀隆
自分のことを？
自分のことを？
キズナ
キズナ
はい。私が何者なのか、それが知りたいんです
はい。私が何者なのか、それが知りたいんです
秀隆
秀隆
それは……どうしてまた
それは……どうしてまた
キズナ
キズナ
この時代、と言いますか、
この時代、と言いますか、
生活にも慣れ始めて余裕が出来たからかも知れません
生活にも慣れ始めて余裕が出来たからかも知れません
キズナ
キズナ
自分が昔どんな人間だったのか、
自分が昔どんな人間だったのか、
それを知ってみたいと考えるようになったんです
それを知ってみたいと考えるようになったんです
秀隆
秀隆
記憶そのものは戻らないのにか？
記憶そのものは戻らないのにか？
キズナ
キズナ
いけませんか？
いけませんか？
秀隆
秀隆
うーん……
うーん……
けして、悪いことではない。
けして、悪いことではない。
誰だって自分が何者か分からなければ、知りたいだろう。
誰だって自分が何者か分からなければ、知りたいだろう。
そう言うことなら、協力してやりたいとは思う。
そう言うことなら、協力してやりたいとは思う。
秀隆
秀隆
倉屋敷社長辺りに聞くのが、一番だろ
倉屋敷社長辺りに聞くのが、一番だろ
キズナ
キズナ
何度かお聞きしましたが、調べてくれないです。
何度かお聞きしましたが、調べてくれないです。
今更過去のことを調べても何もないって
今更過去のことを調べても何もないって
秀隆
秀隆
単純に面倒な作業だからと見た
単純に面倒な作業だからと見た
キズナ
キズナ
それもあるかも知れません
それもあるかも知れません
秀隆
秀隆
例えばどう言うことが知りたいんだ？
例えばどう言うことが知りたいんだ？
キズナ
キズナ
私自身のこともそうですけど、
私自身のこともそうですけど、
両親がどんな人だったのか、とか、
両親がどんな人だったのか、とか、
他に兄妹はいたのかな、とか。そう言うのです
他に兄妹はいたのかな、とか。そう言うのです
キズナ
キズナ
もし兄妹がいたのなら、
もし兄妹がいたのなら、
血の繋がりのある子孫がいるかも知れませんし
血の繋がりのある子孫がいるかも知れませんし
秀隆
秀隆
その可能性は、０じゃないな
その可能性は、０じゃないな
秀隆
秀隆
ただ、もしそれが判明したとしても、
ただ、もしそれが判明したとしても、
自分から名乗り出ることは出来ないんだぞ？
自分から名乗り出ることは出来ないんだぞ？
キズナ
キズナ
もちろんそんなつもりはないです。
もちろんそんなつもりはないです。
１５０年前の祖先なんです、ってことは言いません
１５０年前の祖先なんです、ってことは言いません
秀隆
秀隆
単純に好奇心か
単純に好奇心か
キズナ
キズナ
はい
はい
そう言い、柔らかく笑った。
そう言い、柔らかく笑った。
何か思いつめてってことじゃないようだ。
何か思いつめてってことじゃないようだ。
普通の子なら、当然過去を調べれば辛い現実が待っている。
普通の子なら、当然過去を調べれば辛い現実が待っている。
肉親は全て死んでいるし、会うことも話すことも叶わない。
肉親は全て死んでいるし、会うことも話すことも叶わない。
だけどこのキズナは、本当にただ、純粋な好奇心のみを求めている。
だけどこのキズナは、本当にただ、純粋な好奇心のみを求めている。
それなら、何か間違いが起こることはないだろう。
それなら、何か間違いが起こることはないだろう。
何ヶ月も共に生活しているんだ、それくらいは分かるようになった。
何ヶ月も共に生活しているんだ、それくらいは分かるようになった。
秀隆
秀隆
オレも興味が無いと言えば嘘になる。分かった、手伝ってやるよ
オレも興味が無いと言えば嘘になる。分かった、手伝ってやるよ
キズナ
キズナ
ありがとうございますっ
ありがとうございますっ
パンと手の平を合わせ、キズナが頭を下げた。
パンと手の平を合わせ、キズナが頭を下げた。
秀隆
秀隆
問題は何から手を付けていくかだな
問題は何から手を付けていくかだな
キズナ
キズナ
改めて１から、と言うわけには行きませんか？
改めて１から、と言うわけには行きませんか？
秀隆
秀隆
１から？
１から？
キズナ
キズナ
かつての地上はどういう場所だったのか、
かつての地上はどういう場所だったのか、
どういう理由で滅んでしまったのか。
どういう理由で滅んでしまったのか。
そして、どうやってこの街が誕生したのか
そして、どうやってこの街が誕生したのか
秀隆
秀隆
その辺りはユウキから説明を受けたろ？
その辺りはユウキから説明を受けたろ？
キズナ
キズナ
言葉として、まとめてはお聞きしました。
言葉として、まとめてはお聞きしました。
でも、私はもっと詳しく知りたいです
でも、私はもっと詳しく知りたいです
秀隆
秀隆
教科書に書いてあるような、一般知識以外か
教科書に書いてあるような、一般知識以外か
キズナ
キズナ
はいっ
はいっ
秀隆
秀隆
それは、簡単なことじゃないだろうな
それは、簡単なことじゃないだろうな
キズナ
キズナ
そうなんですか？
そうなんですか？
秀隆
秀隆
飯食ったら外に出るか。そこで続きを話そう
飯食ったら外に出るか。そこで続きを話そう
リビングでは着々とアクセラの手によって朝食の準備が進められている。
リビングでは着々とアクセラの手によって朝食の準備が進められている。
しかし、朝食は２つだけ。
しかし、朝食は２つだけ。
アクセラは暗い表情をしていた。
アクセラは暗い表情をしていた。
秀隆
秀隆
秋の分は？
秋の分は？
アクセラ
アクセラ
本日は朝食が必要ないと
本日は朝食が必要ないと
秀隆
秀隆
そうか
そうか
アクセラ
アクセラ
あの、余計なこととは思いますが……
あの、余計なこととは思いますが……
アクセラが近づいてくる。
アクセラが近づいてくる。
どうも、本当に余計なことの予感がする。
どうも、本当に余計なことの予感がする。
アクセラ
アクセラ
ドリームタウンでの旅行以来、
ドリームタウンでの旅行以来、
少し秋様の様子が変ではありませんか？
少し秋様の様子が変ではありませんか？
秀隆
秀隆
……ま、そうだな
……ま、そうだな
アクセラ
アクセラ
秀隆様が素直にお認めになる、と言うことは、そうなのですね……
秀隆様が素直にお認めになる、と言うことは、そうなのですね……
秀隆
秀隆
おまえも５年一緒に居るんだ。秋のことは大体わかるだろ
おまえも５年一緒に居るんだ。秋のことは大体わかるだろ
アクセラ
アクセラ
はい、ではやはり……
はい、ではやはり……
秀隆
秀隆
わかってるさ
わかってるさ
オレはアクセラに笑いかける。
オレはアクセラに笑いかける。
アクセラ
アクセラ
秀隆様、もしかして……
秀隆様、もしかして……
秀隆
秀隆
それ以上は必要ない。おまえはわかってるはずだろ
それ以上は必要ない。おまえはわかってるはずだろ
アクセラ
アクセラ
ですが……また、また繰り返されるおつもりですか……
ですが……また、また繰り返されるおつもりですか……
アクセラ
アクセラ
これ以上は、どちらも悪戯に傷口を広げるだけです
これ以上は、どちらも悪戯に傷口を広げるだけです
秀隆
秀隆
もう傷は化膿して腐ってるんだ。今更だろ
もう傷は化膿して腐ってるんだ。今更だろ
秀隆
秀隆
この件で、おまえの意見を聞くつもりは一切ない。わかったな
この件で、おまえの意見を聞くつもりは一切ない。わかったな
アクセラ
アクセラ
畏まりました……
畏まりました……
秀隆
秀隆
おまえが秋の味方をするのはわかってる。それでいいさ
おまえが秋の味方をするのはわかってる。それでいいさ
秀隆
秀隆
だがオレが秋を許すことは絶対にない
だがオレが秋を許すことは絶対にない
それだけ言い、席に着く。
それだけ言い、席に着く。
アクセラはまだ何か言いたそうだったが、オレは視線を向けなかった。
アクセラはまだ何か言いたそうだったが、オレは視線を向けなかった。
朝食を食べた後、オレとキズナはすぐに出かけた。
朝食を食べた後、オレとキズナはすぐに出かけた。
キズナ
キズナ
先ほどの、簡単じゃないってことなんですが
先ほどの、簡単じゃないってことなんですが
どういうことですか、とキズナが続けた。
どういうことですか、とキズナが続けた。
秀隆
秀隆
これはオレも人づてで聞いた話なんだが、
これはオレも人づてで聞いた話なんだが、
ホープタウンは地上についての情報開示を制限してるって話だ
ホープタウンは地上についての情報開示を制限してるって話だ
キズナ
キズナ
制限ですか？
制限ですか？
秀隆
秀隆
例えば、キズナが四方を壁に囲まれた部屋にいるとするだろ
例えば、キズナが四方を壁に囲まれた部屋にいるとするだろ
キズナ
キズナ
はい
はい
秀隆
秀隆
お前はその部屋で、ナニ不自由なく暮らしていて、
お前はその部屋で、ナニ不自由なく暮らしていて、
欲しいものは、知識として考えうる限り全部揃ってるとしよう
欲しいものは、知識として考えうる限り全部揃ってるとしよう
キズナ
キズナ
きっと快適な生活だと思いますっ
きっと快適な生活だと思いますっ
秀隆
秀隆
お前はその部屋の存在しか知らなくて、
お前はその部屋の存在しか知らなくて、
その部屋が世界の全てだと思っている
その部屋が世界の全てだと思っている
秀隆
秀隆
だから悠々自適に生活を送るんだろうが、
だから悠々自適に生活を送るんだろうが、
もしその部屋に１つの扉が付いていたとしたら？
もしその部屋に１つの扉が付いていたとしたら？
秀隆
秀隆
その扉の向こうが、危険だと言われたら？
その扉の向こうが、危険だと言われたら？
危ないと分かっていながらも、開けてみたくならないか？
危ないと分かっていながらも、開けてみたくならないか？
キズナ
キズナ
なるかも知れません
なるかも知れません
秀隆
秀隆
多分、おまえは興味を持つよな。
多分、おまえは興味を持つよな。
部屋の外はいったい、どうなっているんだろうって
部屋の外はいったい、どうなっているんだろうって
秀隆
秀隆
これはそっくりそのまま、
これはそっくりそのまま、
ホープタウンと地上に関係してくる
ホープタウンと地上に関係してくる
キズナ
キズナ
ホープタウンが部屋で、地上が扉の外ですね
ホープタウンが部屋で、地上が扉の外ですね
秀隆
秀隆
そうだ。街が扉の存在を公にしないおかげで、
そうだ。街が扉の存在を公にしないおかげで、
危険なことへの興味を持たせないようにしてるってことだ
危険なことへの興味を持たせないようにしてるってことだ
キズナ
キズナ
人が住めなくなった地上に行きたいって人が出たら困りますね
人が住めなくなった地上に行きたいって人が出たら困りますね
秀隆
秀隆
多分街のどこかには、地上に繋がる道もあるだろうし
多分街のどこかには、地上に繋がる道もあるだろうし
オレはその存在を知らないが、
オレはその存在を知らないが、
地上から移住してきた以上、そのルートは必ずあるはず。
地上から移住してきた以上、そのルートは必ずあるはず。
秀隆
秀隆
既に破壊されて閉ざしてるかも知れないけどな
既に破壊されて閉ざしてるかも知れないけどな
不用意な危険性を残すくらいなら、その方が賢明かも。
不用意な危険性を残すくらいなら、その方が賢明かも。
キズナ
キズナ
じゃあ、詳しく調べるのは無理ってことですか
じゃあ、詳しく調べるのは無理ってことですか
秀隆
秀隆
無理とまでは言わない。調べる手立ては幾つかあるだろう
無理とまでは言わない。調べる手立ては幾つかあるだろう
秀隆
秀隆
１つは、官邸だ。あそこにはほぼ全ての資料が揃ってる。
１つは、官邸だ。あそこにはほぼ全ての資料が揃ってる。
権限さえあれば、案外あっさりと情報を得られるかも
権限さえあれば、案外あっさりと情報を得られるかも
キズナ
キズナ
ひーくんはその権限を
ひーくんはその権限を
秀隆
秀隆
当然持ってない
当然持ってない
キズナ
キズナ
ですよねっ
ですよねっ
秀隆
秀隆
……下っ端で悪いな
……下っ端で悪いな
キズナ
キズナ
いえいえ、そんなことは微塵も思っていません
いえいえ、そんなことは微塵も思っていません
本当かよ……。
本当かよ……。
秀隆
秀隆
特務官とはまた別の分野だからな。歴史資料の管理って
特務官とはまた別の分野だからな。歴史資料の管理って
以前オレがこっそり入った方の資料室には、
以前オレがこっそり入った方の資料室には、
ホープタウンの歴史はあっても地上時代の代物はなかったはず。
ホープタウンの歴史はあっても地上時代の代物はなかったはず。
恐らく、特殊な権限が必要な資料室にあるのだろう。
恐らく、特殊な権限が必要な資料室にあるのだろう。
キズナ
キズナ
権限を得るのは難しいですか
権限を得るのは難しいですか
秀隆
秀隆
お願いしますって言っても無理なのは間違いないな
お願いしますって言っても無理なのは間違いないな
キズナ
キズナ
他の手立てに行きましょう
他の手立てに行きましょう
秀隆
秀隆
次に思い浮かぶのは、最初に言ったが、倉屋敷社長に聞く、かな
次に思い浮かぶのは、最初に言ったが、倉屋敷社長に聞く、かな
秀隆
秀隆
あの人のところにもそれなりの情報はあるだろうし、
あの人のところにもそれなりの情報はあるだろうし、
最悪調べようと思えば、あの人なら何でも調べられるだろうからな
最悪調べようと思えば、あの人なら何でも調べられるだろうからな
やろうと思えば唐沢代表に対し、権限を迫ることも出来る。
やろうと思えば唐沢代表に対し、権限を迫ることも出来る。
そして唐沢代表にも、それを拒むことは恐らく無理だ。
そして唐沢代表にも、それを拒むことは恐らく無理だ。
倉屋敷の名前は、それほどまでに強大ってこと。
倉屋敷の名前は、それほどまでに強大ってこと。
キズナ
キズナ
聞いて教えてくれるでしょうか？
聞いて教えてくれるでしょうか？
秀隆
秀隆
無理だな
無理だな
個人的には、資料室の権限を得るより難しい気がする。
個人的には、資料室の権限を得るより難しい気がする。
秀隆
秀隆
その次、恐らくこれが一番現実的だが、
その次、恐らくこれが一番現実的だが、
ドリームタウンに行って情報を集めるのが近道だ
ドリームタウンに行って情報を集めるのが近道だ
キズナ
キズナ
ドリームタウンですか
ドリームタウンですか
秀隆
秀隆
ホープタウンと違って、情報の制限なんかは無いからだよ
ホープタウンと違って、情報の制限なんかは無いからだよ
キズナ
キズナ
それはどうしてなんですか？
それはどうしてなんですか？
興味をもたれたら、危ないと思います
興味をもたれたら、危ないと思います
秀隆
秀隆
持ってもどうにもならないからさ
持ってもどうにもならないからさ
秀隆
秀隆
ドリームタウンの、地上へと通じる道は完全に崩壊してる
ドリームタウンの、地上へと通じる道は完全に崩壊してる
キズナ
キズナ
崩壊……
崩壊……
秀隆
秀隆
オレは一度その場所に足を運んだけど、
オレは一度その場所に足を運んだけど、
道は完全に閉ざされていて、瓦礫の山が広がってた
道は完全に閉ざされていて、瓦礫の山が広がってた
秀隆
秀隆
個人で行きたいと思っても絶対に不可能ってことだ
個人で行きたいと思っても絶対に不可能ってことだ
秀隆
秀隆
街全体で総力を上げて作業しても、
街全体で総力を上げて作業しても、
数十年って歳月がかかるだろうし
数十年って歳月がかかるだろうし
それも、理想的にことが運んでそれだ。
それも、理想的にことが運んでそれだ。
実際問題、不可能に近いだろう。
実際問題、不可能に近いだろう。
だから誰も、その場所に心血を注ぐようなことはしない。
だから誰も、その場所に心血を注ぐようなことはしない。
秀隆
秀隆
とは言っても、結局は知りたい情報のレベルによるよな。
とは言っても、結局は知りたい情報のレベルによるよな。
詳しい地上時代の資料となれば、簡単にはいかないだろうし
詳しい地上時代の資料となれば、簡単にはいかないだろうし
キズナ
キズナ
どれも簡単にはいきそうにないですね
どれも簡単にはいきそうにないですね
秀隆
秀隆
普通の人は調べない事柄だしな
普通の人は調べない事柄だしな
ホープタウン広しと言えど、
ホープタウン広しと言えど、
地上にここまで興味を持っているのはキズナくらいだろう。
地上にここまで興味を持っているのはキズナくらいだろう。
自分の出生に関わっていれば、当然とも言えるが。
自分の出生に関わっていれば、当然とも言えるが。
話をしながらぶらぶらしていると、
話をしながらぶらぶらしていると、
前方から見慣れた人物が歩いてきた。
前方から見慣れた人物が歩いてきた。
ユウキ
ユウキ
よーっ！　おはようさん！
よーっ！　おはようさん！
秀隆
秀隆
こんなところで会うなんて珍し……くもないな
こんなところで会うなんて珍し……くもないな
ユウキはいつもナンパしてるんだった。
ユウキはいつもナンパしてるんだった。
キズナ
キズナ
おはようございますっ
おはようございますっ
ユウキ
ユウキ
キズナちゃんもおはよ……
キズナちゃんもおはよ……
はっ！？
はっ！？
何かに気づいたのか、ユウキが苦痛の表情を浮かべる。
何かに気づいたのか、ユウキが苦痛の表情を浮かべる。
ユウキ
ユウキ
ま、まさかデー
ま、まさかデー
秀隆
秀隆
違うから安心しろ
違うから安心しろ
ユウキ
ユウキ
そうだよな！　俺の考え過ぎだよな。
そうだよな！　俺の考え過ぎだよな。
危うくボディーブローを叩き込むところだったぜ
危うくボディーブローを叩き込むところだったぜ
秀隆
秀隆
危ないなほんとに！
危ないなほんとに！
キズナ
キズナ
折角の休日なので、ぶらぶらしていたんです
折角の休日なので、ぶらぶらしていたんです
ユウキ
ユウキ
よーし、俺も混ぜてもらっちゃおうかな
よーし、俺も混ぜてもらっちゃおうかな
キズナ
キズナ
歓迎ですっ
歓迎ですっ
秀隆
秀隆
だな。それに、何気におまえが役に立つかも
だな。それに、何気におまえが役に立つかも
ユウキ
ユウキ
ん？　なになに
ん？　なになに
ユウキ
ユウキ
地上時代の詳細かー
地上時代の詳細かー
３人、キズナを真ん中にして、オレたちはベンチに座って話を始めた。
３人、キズナを真ん中にして、オレたちはベンチに座って話を始めた。
秀隆
秀隆
おまえなら、色々知ってるんじゃないかと思ってさ
おまえなら、色々知ってるんじゃないかと思ってさ
ユウキ
ユウキ
悪い。その地上に関する情報は基本的なことしか分からないんだ
悪い。その地上に関する情報は基本的なことしか分からないんだ
秀隆
秀隆
仕方ないよな……そもそも滅んでしまった
仕方ないよな……そもそも滅んでしまった
地上の情報を残しておいたって、意味はないわけだし
地上の情報を残しておいたって、意味はないわけだし
秀隆
秀隆
社会の授業なんかでも、年々地上に関する歴史は減らされている。
社会の授業なんかでも、年々地上に関する歴史は減らされている。
あと何十年かすれば、そもそも地上って言葉すら知らない者で溢れかえるだろうな
あと何十年かすれば、そもそも地上って言葉すら知らない者で溢れかえるだろうな
キズナ
キズナ
どうして一度に無くしてしまわないんでしょう？
どうして一度に無くしてしまわないんでしょう？
ユウキ
ユウキ
そうだよな。中途半端に知るより、
そうだよな。中途半端に知るより、
もう関係ないんだったら教えなきゃいいのに
もう関係ないんだったら教えなきゃいいのに
秀隆
秀隆
確かにそうだな。それが一番手っ取り早い
確かにそうだな。それが一番手っ取り早い
キズナ
キズナ
誰でも思いつきそうなものですが……
誰でも思いつきそうなものですが……
秀隆
秀隆
てことは、何か理由があって、そうしているってことだ
てことは、何か理由があって、そうしているってことだ
ユウキ
ユウキ
どういうことだよ
どういうことだよ
秀隆
秀隆
そうだな……
そうだな……
秀隆
秀隆
例えば、今オレたちの真上にはホログラムの青空が見えてるよな？
例えば、今オレたちの真上にはホログラムの青空が見えてるよな？
秀隆
秀隆
無くてもいいものではあるけど、
無くてもいいものではあるけど、
オレたちホープタウンの街の象徴として人々に支持されてるものだ
オレたちホープタウンの街の象徴として人々に支持されてるものだ
秀隆
秀隆
もしこれが、突然なくなったら人々はどう思う？
もしこれが、突然なくなったら人々はどう思う？
キズナ
キズナ
不審に思います。どうして無くしたのか、抗議すると思います
不審に思います。どうして無くしたのか、抗議すると思います
秀隆
秀隆
ああ。でも、これをもし２００年かけて、少しずつなくしていったら？
ああ。でも、これをもし２００年かけて、少しずつなくしていったら？
秀隆
秀隆
やがて人々は空というものに関心を示さなくなるんじゃないか？
やがて人々は空というものに関心を示さなくなるんじゃないか？
ユウキ
ユウキ
うーん、イマイチ想像はしづらいなぁ
うーん、イマイチ想像はしづらいなぁ
秀隆
秀隆
１００年２００年ってのは、容易な想像は出来ないもんさ
１００年２００年ってのは、容易な想像は出来ないもんさ
今から２００年遡れば地上は平和そのものだし、
今から２００年遡れば地上は平和そのものだし、
その地上時代から２００年遡れば電気もないような世界かも知れない。
その地上時代から２００年遡れば電気もないような世界かも知れない。
さすがのオレも、地上時代から遡った２００年がどんなものかは
さすがのオレも、地上時代から遡った２００年がどんなものかは
分からない。
分からない。
秀隆
秀隆
人々の記憶から、ゆっくり消していく方針のため。
人々の記憶から、ゆっくり消していく方針のため。
そう考えるのがオレたちに想像できる精一杯だろうな
そう考えるのがオレたちに想像できる精一杯だろうな
ユウキ
ユウキ
そうかぁ。それが一番しっくりくるかな
そうかぁ。それが一番しっくりくるかな
秀隆
秀隆
情報が外に出ないよう規制されている以上、苦労するだけかもな
情報が外に出ないよう規制されている以上、苦労するだけかもな
キズナ
キズナ
ですが……
ですが……
ユウキ
ユウキ
大変なのはわかるけどさ、なんとかしてやれない？
大変なのはわかるけどさ、なんとかしてやれない？
なんて言うか、俺少しだけキズナちゃんの気持ち分かるんだよね
なんて言うか、俺少しだけキズナちゃんの気持ち分かるんだよね
ユウキ
ユウキ
前にちょっとだけ、このペンダントのことを話したの覚えてるだろ？
前にちょっとだけ、このペンダントのことを話したの覚えてるだろ？
そう言い、胸のペンダントを手に取った。
そう言い、胸のペンダントを手に取った。
秀隆
秀隆
確か地上時代の記憶が入ってた、だっけか
確か地上時代の記憶が入ってた、だっけか
ユウキ
ユウキ
そそ。これが壊れてなかったら、可能性もあったんだけどさ
そそ。これが壊れてなかったら、可能性もあったんだけどさ
秀隆
秀隆
倉屋敷社長でも直せないんじゃお手上げだよな
倉屋敷社長でも直せないんじゃお手上げだよな
ユウキ
ユウキ
この中のデータは、言わば俺の記憶なわけじゃん？
この中のデータは、言わば俺の記憶なわけじゃん？
地上時代に、記憶をなくす前の俺が居たわけなんだから
地上時代に、記憶をなくす前の俺が居たわけなんだから
秀隆
秀隆
そうだな、そう言うことになるよな
そうだな、そう言うことになるよな
ペンダントを握り締めるユウキ。
ペンダントを握り締めるユウキ。
キズナ
キズナ
仲間ですっ
仲間ですっ
キズナはそんなユウキを見て、笑った。
キズナはそんなユウキを見て、笑った。
そのキズナを見て、ユウキも笑う。
そのキズナを見て、ユウキも笑う。
ユウキ
ユウキ
何とか力になってあげたいなぁ
何とか力になってあげたいなぁ
キズナの気持ちがよく分かるのか、ユウキはしみじみ言った。
キズナの気持ちがよく分かるのか、ユウキはしみじみ言った。
秀隆
秀隆
失った記憶を捜し求める……か
失った記憶を捜し求める……か
記憶を無くせたら、と思ったことは何度もある。
記憶を無くせたら、と思ったことは何度もある。
でも、思い出したいと思ったことは今までに殆ど無い。
でも、思い出したいと思ったことは今までに殆ど無い。
だから、オレは本当の意味で二人の気持ちを理解することは出来ない。
だから、オレは本当の意味で二人の気持ちを理解することは出来ない。
キズナ
キズナ
図書館とか、そう言う場所はないんですか？
図書館とか、そう言う場所はないんですか？
秀隆
秀隆
としょかん？
としょかん？
聞きなれない言葉に、首を傾げる。
聞きなれない言葉に、首を傾げる。
キズナ
キズナ
え、っと？　図書館です。本が沢山置かれてある
え、っと？　図書館です。本が沢山置かれてある
秀隆
秀隆
いや……オレは覚えが無いな。それが今の資料室だと思うが
いや……オレは覚えが無いな。それが今の資料室だと思うが
キズナ
キズナ
この時代には無いものなんでしょうか
この時代には無いものなんでしょうか
秀隆
秀隆
そもそも本の需要や供給が殆どないからな。
そもそも本の需要や供給が殆どないからな。
だから本が沢山置かれてたりするケースは限りなく少ない
だから本が沢山置かれてたりするケースは限りなく少ない
キズナ
キズナ
そうなんですね。資料室と言うことは、
そうなんですね。資料室と言うことは、
それがさっきの官邸にある場所みたいなものでしょうか
それがさっきの官邸にある場所みたいなものでしょうか
秀隆
秀隆
そう言うこと。権限がなきゃ閲覧できない。
そう言うこと。権限がなきゃ閲覧できない。
キズナには説明したけど、相当上の階級じゃないと
キズナには説明したけど、相当上の階級じゃないと
資料室なんかには立ち入ることも出来ないようになってる
資料室なんかには立ち入ることも出来ないようになってる
一般人が申請しても、もちろん却下される。
一般人が申請しても、もちろん却下される。
ユウキ
ユウキ
権限って、どうやれば得られるんだ？
権限って、どうやれば得られるんだ？
秀隆
秀隆
どうなんだろうなぁ……。
どうなんだろうなぁ……。
例えば土地開拓を行う際なんかには見られるかもな
例えば土地開拓を行う際なんかには見られるかもな
秀隆
秀隆
地上時代のことを知ることで、危険性を知ることもできるし
地上時代のことを知ることで、危険性を知ることもできるし
あくまでも想像なので、違ってる可能性もある。
あくまでも想像なので、違ってる可能性もある。
ユウキ
ユウキ
うーん、簡単じゃないよなぁ
うーん、簡単じゃないよなぁ
秀隆
秀隆
そりゃそうだ
そりゃそうだ
年々授業の内容からも消えていく地上に関する知識。
年々授業の内容からも消えていく地上に関する知識。
事実、オレが学生の頃に教わったジオフロントの歴史も、
事実、オレが学生の頃に教わったジオフロントの歴史も、
今の秋や愛佳たち生徒には、半分ほどしか教えていない。
今の秋や愛佳たち生徒には、半分ほどしか教えていない。
ホープタウンにとって、地上、と言う言葉は不要な存在なんだ。
ホープタウンにとって、地上、と言う言葉は不要な存在なんだ。
やはり、諦めるのが無難だ。
やはり、諦めるのが無難だ。
もちろん力になってやれるなら、そうしたいが……。
もちろん力になってやれるなら、そうしたいが……。
se着信（共通
se着信（共通
秀隆
秀隆
っと悪い。ちょっと電話だ
っと悪い。ちょっと電話だ
二人に断りをいれ携帯に出る。
二人に断りをいれ携帯に出る。
se通話ボタン
se通話ボタン
秀隆
秀隆
もしもし？
もしもし？
杉村
杉村
杉村ですけど、島津くん、ちょっといいかしら？
杉村ですけど、島津くん、ちょっといいかしら？
秀隆
秀隆
杉村さん！　全然大丈夫っすよ！
杉村さん！　全然大丈夫っすよ！
杉村
杉村
実は島津くんに、折り入ってお願いがあるの。
実は島津くんに、折り入ってお願いがあるの。
よかったら、今日どこかのタイミングで会えないかしら？
よかったら、今日どこかのタイミングで会えないかしら？
秀隆
秀隆
いつでもいいんですか？
いつでもいいんですか？
杉村
杉村
ええ。今日は元々非番だったから、予定は空けてあるの
ええ。今日は元々非番だったから、予定は空けてあるの
秀隆
秀隆
と言うことで、やってきました！
と言うことで、やってきました！
電話を終えてからおよそ１０分で、病院にたどり着いた。
電話を終えてからおよそ１０分で、病院にたどり着いた。
杉村
杉村
あ、相変わらず早いわね……
あ、相変わらず早いわね……
秀隆
秀隆
ちょうど出かけてましたんで
ちょうど出かけてましたんで
杉村
杉村
何か用事だったんじゃないの？　平気？
何か用事だったんじゃないの？　平気？
秀隆
秀隆
暇なんでぶらぶらしてただけです
暇なんでぶらぶらしてただけです
ユウキとキズナに断りをいれて来た。
ユウキとキズナに断りをいれて来た。
二人はもう少し調べてみるらしく、
二人はもう少し調べてみるらしく、
街を適当に散策すると言っていた。
街を適当に散策すると言っていた。
オレがソファーに腰を下ろすと、
オレがソファーに腰を下ろすと、
杉村さんがコーヒーを淹れてくれる。
杉村さんがコーヒーを淹れてくれる。
seコーヒーをテーブルに置く1
seコーヒーをテーブルに置く1
秀隆
秀隆
それで、オレに連絡だなんてどうしたんですか？
それで、オレに連絡だなんてどうしたんですか？
杉村
杉村
えっとね……
えっとね……
秀隆
秀隆
もしかして、夜が寂しいとか……オレでよければ―――！
もしかして、夜が寂しいとか……オレでよければ―――！
杉村
杉村
そんなことは全くないから安心してね
そんなことは全くないから安心してね
秀隆
秀隆
残念です……
残念です……
杉村
杉村
実は、秋ちゃんのことなの
実は、秋ちゃんのことなの
秀隆
秀隆
秋の……ですか
秋の……ですか
杉村
杉村
最近発熱の間隔が徐々に狭まってきててね。
最近発熱の間隔が徐々に狭まってきててね。
日常生活はどうなのかなって思って
日常生活はどうなのかなって思って
秀隆
秀隆
いつもどおりですよ。特に変わったところはありません
いつもどおりですよ。特に変わったところはありません
杉村
杉村
そう。特に気づいたことはないのね
そう。特に気づいたことはないのね
秀隆
秀隆
はい
はい
杉村
杉村
私の取り越し苦労ならいいんだけど、
私の取り越し苦労ならいいんだけど、
秋ちゃんの病気が、進行している可能性があります
秋ちゃんの病気が、進行している可能性があります
秀隆
秀隆
内科の先生に聞いたんですか？
内科の先生に聞いたんですか？
オレは秋の担当医の名前を出す。
オレは秋の担当医の名前を出す。
杉村
杉村
ええ。秋ちゃんは弱音を吐く子じゃないから、
ええ。秋ちゃんは弱音を吐く子じゃないから、
彼女も心配していたみたいで。島津くんに話を聞いてほしいって
彼女も心配していたみたいで。島津くんに話を聞いてほしいって
秀隆
秀隆
そうですか
そうですか
杉村
杉村
……心配じゃないの？　秋ちゃんのこと
……心配じゃないの？　秋ちゃんのこと
秀隆
秀隆
兄としては一応気にかけてます。
兄としては一応気にかけてます。
でも、それ以上のことをするつもりはありません
でも、それ以上のことをするつもりはありません
杉村
杉村
私は、長年島津くんと接してきたけれど、
私は、長年島津くんと接してきたけれど、
秋ちゃんとのことだけは、未だによく分からないの
秋ちゃんとのことだけは、未だによく分からないの
秀隆
秀隆
オレもよく分かっていません
オレもよく分かっていません
そう言うと、杉村さんは悲しそうな目を見せた。
そう言うと、杉村さんは悲しそうな目を見せた。
杉村
杉村
私はあなたを信じていいのね？
私はあなたを信じていいのね？
秀隆
秀隆
ちょっと意味が理解できないですね。
ちょっと意味が理解できないですね。
それと秋と、どういう関係があるんですか？
それと秋と、どういう関係があるんですか？
嘘の報告をしてるつもりはありませんけど
嘘の報告をしてるつもりはありませんけど
杉村
杉村
私が言いたいのは……
私が言いたいのは……
何かを言いかけ、だけど躊躇する。
何かを言いかけ、だけど躊躇する。
杉村
杉村
……あなたは、島津君は優しい子だって、こと
……あなたは、島津君は優しい子だって、こと
秀隆
秀隆
やっぱり分かりません。ハッキリ言ってもいいですよ？
やっぱり分かりません。ハッキリ言ってもいいですよ？
杉村
杉村
それは
それは
何を躊躇っているのだろうか。
何を躊躇っているのだろうか。
なんて、分かりきったことだ。
なんて、分かりきったことだ。
杉村
杉村
とにかく、秋ちゃんのことは気にかけておいて
とにかく、秋ちゃんのことは気にかけておいて
秀隆
秀隆
オレが気にかけて何かが変わるとは思えませんが
オレが気にかけて何かが変わるとは思えませんが
秀隆
秀隆
でも分かりました。それで杉村さんが安心出来るなら
でも分かりました。それで杉村さんが安心出来るなら
杉村
杉村
……ええ
……ええ
悲痛そうな表情を見せたが、
悲痛そうな表情を見せたが、
すぐいつもの笑みへと戻し杉村さんは頷いた。
すぐいつもの笑みへと戻し杉村さんは頷いた。
杉村
杉村
ちょっと、変な話しちゃったわね
ちょっと、変な話しちゃったわね
秀隆
秀隆
気にしてません。あ、コーヒーいただきます
気にしてません。あ、コーヒーいただきます
杉村
杉村
どうぞ
どうぞ
seコーヒーをテーブルに置く1
seコーヒーをテーブルに置く1
オレはお気に入りのコーヒーをいただく。
オレはお気に入りのコーヒーをいただく。
秀隆
秀隆
はーっ。やっぱりここのコーヒーは美味しいなあ
はーっ。やっぱりここのコーヒーは美味しいなあ
その後、杉村さんはいつもの様子に戻ったが、
その後、杉村さんはいつもの様子に戻ったが、
オレは少しだけ居心地の悪さを感じていた。
オレは少しだけ居心地の悪さを感じていた。
自宅に戻る頃には、すっかり消灯時刻も過ぎてしまっていた。
自宅に戻る頃には、すっかり消灯時刻も過ぎてしまっていた。
アクセラ
アクセラ
お帰りなさいませ。お食事のご用意は出来ております
お帰りなさいませ。お食事のご用意は出来ております
秀隆
秀隆
そうか。秋は？
そうか。秋は？
アクセラ
アクセラ
既に席についておられますよ
既に席についておられますよ
リビングに足を踏み入れると、
リビングに足を踏み入れると、
秋は座ったままじっとテーブルを見つめていた。
秋は座ったままじっとテーブルを見つめていた。
キズナが台所に立っているところを見ると、
キズナが台所に立っているところを見ると、
今日の食事当番はキズナのようだ。
今日の食事当番はキズナのようだ。
秀隆
秀隆
杉村さんに言われたぞ
杉村さんに言われたぞ
オレは席につくなり、秋にそう告げた。
オレは席につくなり、秋にそう告げた。
秋
秋
何をですか
何をですか
秀隆
秀隆
最近体調を崩すことが多いって
最近体調を崩すことが多いって
秋
秋
ああ……そのことですか
ああ……そのことですか
秀隆
秀隆
杉村さんに説教されるハメになった。
杉村さんに説教されるハメになった。
今度からちゃんと口止めするなりしてくれ
今度からちゃんと口止めするなりしてくれ
秀隆
秀隆
正直、呼び出しやら説明やら面倒臭い
正直、呼び出しやら説明やら面倒臭い
秋
秋
はい。ご迷惑をおかけしました
はい。ご迷惑をおかけしました
もちろん、これは理不尽にも程がある。
もちろん、これは理不尽にも程がある。
身体の弱い秋に、体調を崩すななんて、無理難題だからだ。
身体の弱い秋に、体調を崩すななんて、無理難題だからだ。
でも構わない。
でも構わない。
秀隆
秀隆
それだけだ。しっかりしろよ？　面倒な存在だよお前は
それだけだ。しっかりしろよ？　面倒な存在だよお前は
一言文句を言って秋をイラつかせておく。
一言文句を言って秋をイラつかせておく。
キズナ
キズナ
少しは心配しないんですかっ？
少しは心配しないんですかっ？
料理を運んできたキズナが余計なことを言う。
料理を運んできたキズナが余計なことを言う。
秀隆
秀隆
シンパイダヨー
シンパイダヨー
アクセラ
アクセラ
全然心配されていませんね。最低の兄ですね
全然心配されていませんね。最低の兄ですね
秀隆
秀隆
最低とか言うな。これがオレだッ！
最低とか言うな。これがオレだッ！
びしっとアクセラを指差す。
びしっとアクセラを指差す。
アクセラ
アクセラ
お食事にしましょうか
お食事にしましょうか
どうやら、こちらの態度が気に食わなかったらしい。
どうやら、こちらの態度が気に食わなかったらしい。
アクセラは無視して秋の後ろに立った。
アクセラは無視して秋の後ろに立った。
アクセラ
アクセラ
秀隆様の言うことは無視してください
秀隆様の言うことは無視してください
秋
秋
分かってる。兄さんは昔からこうだから
分かってる。兄さんは昔からこうだから
秀隆
秀隆
昔からねぇ
昔からねぇ
秋
秋
なんですか。まだ言い足りないことでも？
なんですか。まだ言い足りないことでも？
秀隆
秀隆
最近腐ったような顔してることが多いからな。不細工だと思って
最近腐ったような顔してることが多いからな。不細工だと思って
秋
秋
別にかまいません。誰かに迷惑をかけるわけでもないので
別にかまいません。誰かに迷惑をかけるわけでもないので
秀隆
秀隆
迷惑ねえ。少なくともオレは被ってるけどな。
迷惑ねえ。少なくともオレは被ってるけどな。
杉村さんに怒られたりしたことだってその一つだ
杉村さんに怒られたりしたことだってその一つだ
秋
秋
はい、わかりました。以後気を付けます
はい、わかりました。以後気を付けます
秀隆
秀隆
ちっ
ちっ
キズナ
キズナ
ひーくん。舌うちはいけないと思います
ひーくん。舌うちはいけないと思います
秀隆
秀隆
いいんだよ別に
いいんだよ別に
秀隆
秀隆
腹が立つんだから仕方ないだろ
腹が立つんだから仕方ないだろ
キズナ
キズナ
……ひーくん……
……ひーくん……
食事を終え、オレはリビングでまったりとした時間を過ごす。
食事を終え、オレはリビングでまったりとした時間を過ごす。
秋は既に部屋に戻っていて、リビングでは
秋は既に部屋に戻っていて、リビングでは
キズナとアクセラが雑談しながら後片付けしている。
キズナとアクセラが雑談しながら後片付けしている。
秀隆
秀隆
片付けとか、面倒なだけじゃないか？
片付けとか、面倒なだけじゃないか？
キズナにそう投げかけるが、明るい声が返ってきた。
キズナにそう投げかけるが、明るい声が返ってきた。
キズナ
キズナ
私は楽しいです。アクセラさんとお話も出来ますし
私は楽しいです。アクセラさんとお話も出来ますし
アクセラ
アクセラ
光栄です
光栄です
キズナ
キズナ
それに、昔はアンドロイドさんが
それに、昔はアンドロイドさんが
お片づけをしてくれる時代ではなかったと思います。
お片づけをしてくれる時代ではなかったと思います。
だからこういうことは日常生活の一部だったかと
だからこういうことは日常生活の一部だったかと
秀隆
秀隆
なるほどなぁ。それはあるか
なるほどなぁ。それはあるか
一度便利な生活を覚えてしまうと、
一度便利な生活を覚えてしまうと、
オレたち現代人は中々不便さには耐えられない。
オレたち現代人は中々不便さには耐えられない。
でもキズナの体感では、
でもキズナの体感では、
食事の用意や片付けは当たり前の習慣なんだろう。
食事の用意や片付けは当たり前の習慣なんだろう。
秀隆
秀隆
さて……風呂に入って寝るかな
さて……風呂に入って寝るかな
キズナ
キズナ
おやすみなさいです、ひーくん
おやすみなさいです、ひーくん
秋
秋
はぁ……
はぁ……
私は夕食の後、ベッドの上に倒れこんだ。
私は夕食の後、ベッドの上に倒れこんだ。
秋
秋
もう嫌……
もう嫌……
何もかも嫌。
何もかも嫌。
どうしてこんな憂鬱な日々が、毎日繰り返されてしまうのだろう。
どうしてこんな憂鬱な日々が、毎日繰り返されてしまうのだろう。
生きていることの、楽しさや嬉しさが感じられない。
生きていることの、楽しさや嬉しさが感じられない。
愛佳やさやかたちと過ごす日々は、申し訳ない時間へと変わっていく。
愛佳やさやかたちと過ごす日々は、申し訳ない時間へと変わっていく。
私と過ごすことで、
私と過ごすことで、
彼女たちはやがて無駄な時間を過ごしたと気づくだろう。
彼女たちはやがて無駄な時間を過ごしたと気づくだろう。
秋
秋
死にたい……死んで、楽になりたい……
死にたい……死んで、楽になりたい……
息を止める。
息を止める。
このまま、呼吸を止めたまま死ねたら、どれだけ楽だろうか。
このまま、呼吸を止めたまま死ねたら、どれだけ楽だろうか。
でも……。
でも……。
兄さんの顔が脳裏を過ぎるたび、憎しみがこみ上げてくる。
兄さんの顔が脳裏を過ぎるたび、憎しみがこみ上げてくる。
私が死ねば、あの人は喜ぶ。
私が死ねば、あの人は喜ぶ。
それがたまらなく悔しい。
それがたまらなく悔しい。
今死んでも、病気で死んでも、それはきっと同じだ。
今死んでも、病気で死んでも、それはきっと同じだ。
いつ喜ぶかの違いだけ。
いつ喜ぶかの違いだけ。
悔しい……。
悔しい……。
私の目標は、たった１つ。
私の目標は、たった１つ。
卒業まで生き延びること。
卒業まで生き延びること。
そうすれば、最悪一人で死ぬことが出来るかもしれない。
そうすれば、最悪一人で死ぬことが出来るかもしれない。
だから頑張りたい。
だから頑張りたい。
それだけが、今私が生きていけるたった一つの理由。
それだけが、今私が生きていけるたった一つの理由。
憎しみだけが、私の心を支えている。
憎しみだけが、私の心を支えている。
もしかしたら兄さんには、私の心が透けて見えているかも知れない。
もしかしたら兄さんには、私の心が透けて見えているかも知れない。
それもまた、私を苛立たせるひとつだ。
それもまた、私を苛立たせるひとつだ。
無様に生にすがる私を、あざわらうかのように。
無様に生にすがる私を、あざわらうかのように。
そして、私に理不尽な怒りをぶつけることに。
そして、私に理不尽な怒りをぶつけることに。
どうして……こんな風になっちゃったんだろう……。
どうして……こんな風になっちゃったんだろう……。
…………。
…………。
……。
……。
