秀隆
秀隆
うーんっ……
うーんっ……
目覚めの朝。
目覚めの朝。
やっぱり、病室より自室だな。
やっぱり、病室より自室だな。
秀隆
秀隆
今日からまた、頑張ろう
今日からまた、頑張ろう
休んだ分、しっかりと取り戻さないとな。
休んだ分、しっかりと取り戻さないとな。
キズナ
キズナ
待ってくださいっ
待ってくださいっ
仕事に向かおうと家を出ると、キズナが後を追って出て来た。
仕事に向かおうと家を出ると、キズナが後を追って出て来た。
秀隆
秀隆
どうした？
どうした？
キズナ
キズナ
いえっ、途中まで一緒に歩いて行ってもいいですか？
いえっ、途中まで一緒に歩いて行ってもいいですか？
秀隆
秀隆
それは構わないが、倉屋敷に行くにしては早すぎないか？
それは構わないが、倉屋敷に行くにしては早すぎないか？
キズナ
キズナ
今日は何となく散歩しようと思いまして。一人でするよりは、
今日は何となく散歩しようと思いまして。一人でするよりは、
二人がいいなって
二人がいいなって
秀隆
秀隆
そか。ま、オレは別にいいけど、官邸までそれほどないぞ
そか。ま、オレは別にいいけど、官邸までそれほどないぞ
キズナ
キズナ
１０分でも２０分でもいいんです。行きましょう、ひーくん
１０分でも２０分でもいいんです。行きましょう、ひーくん
オレとキズナは、二人で公園を歩く。
オレとキズナは、二人で公園を歩く。
秀隆
秀隆
おまえもすっかり定着したようだな。この街に
おまえもすっかり定着したようだな。この街に
キズナ
キズナ
そうですね。何だかんだ、数か月は経ちますから
そうですね。何だかんだ、数か月は経ちますから
秀隆
秀隆
数か月か。早いもんだよなぁ
数か月か。早いもんだよなぁ
まだ、ついこの間キズナと知り合ったような気がする。
まだ、ついこの間キズナと知り合ったような気がする。
秀隆
秀隆
なんていうか、キズナは大人だよな
なんていうか、キズナは大人だよな
キズナ
キズナ
いえ、私はまだまだです……
いえ、私はまだまだです……
秀隆
秀隆
なんでそこで胸を見る？
なんでそこで胸を見る？
キズナ
キズナ
ちっぱい的な意味かと思いまして
ちっぱい的な意味かと思いまして
秀隆
秀隆
んなわけないだろ……
んなわけないだろ……
キズナ
キズナ
どう言うところが大人だと思うんですか？
どう言うところが大人だと思うんですか？
秀隆
秀隆
んー……冷静さとか、落ち着きとか
んー……冷静さとか、落ち着きとか
秀隆
秀隆
ちょっと失礼な言い方かも知れないが、恭一さんとの共通点を感じるよ
ちょっと失礼な言い方かも知れないが、恭一さんとの共通点を感じるよ
キズナ
キズナ
どんなに離れていたり、記憶がなかったとしても、
どんなに離れていたり、記憶がなかったとしても、
やっぱり親子、ってことなのかも知れませんね
やっぱり親子、ってことなのかも知れませんね
秀隆
秀隆
だな
だな
キズナ
キズナ
私自身は大人のつもりはありませんが、子供っぽくはないかもですね
私自身は大人のつもりはありませんが、子供っぽくはないかもですね
キズナ
キズナ
ほら、武術の達人っぽい感じもありますし
ほら、武術の達人っぽい感じもありますし
秀隆
秀隆
恭一さんも凄く強いんだぞ
恭一さんも凄く強いんだぞ
キズナ
キズナ
そうなんですかっ
そうなんですかっ
秀隆
秀隆
てか、強いって次元を超えてしまってるレベルだ
てか、強いって次元を超えてしまってるレベルだ
あれは人の皮を被った化け物とも言える。
あれは人の皮を被った化け物とも言える。
キズナ
キズナ
おぉーっ。一体昔はどんな関係だったんでしょう
おぉーっ。一体昔はどんな関係だったんでしょう
秀隆
秀隆
暗殺を生業とした親子だったりしてな
暗殺を生業とした親子だったりしてな
キズナ
キズナ
ロマン溢れますねっ
ロマン溢れますねっ
いや、ロマンは溢れない……。
いや、ロマンは溢れない……。
秀隆
秀隆
っと、ここまでだな
っと、ここまでだな
キズナ
キズナ
わ。雑談してるとあっと言う間についてしまいますね
わ。雑談してるとあっと言う間についてしまいますね
秀隆
秀隆
んじゃ、行って来るな
んじゃ、行って来るな
キズナ
キズナ
はい。いってらっしゃいですっ
はい。いってらっしゃいですっ
オレはキズナに見送られながら官邸へ。
オレはキズナに見送られながら官邸へ。
仕事場へ。
仕事場へ。
秀隆
秀隆
おはようございます！
おはようございます！
オレは開口一番、元気な声で室内に挨拶した。
オレは開口一番、元気な声で室内に挨拶した。
まどか
まどか
おはよう島津くん。もう体の方は大丈夫なの？
おはよう島津くん。もう体の方は大丈夫なの？
秀隆
秀隆
ああ、ばっちりだ
ああ、ばっちりだ
まどかを筆頭に、次々と特務官の人たちがオレの傍へと寄ってきた。
まどかを筆頭に、次々と特務官の人たちがオレの傍へと寄ってきた。
そして、それぞれが退院おめでとうと言ってくれる。
そして、それぞれが退院おめでとうと言ってくれる。
秀隆
秀隆
ご迷惑おかけしましたが、もう大丈夫です。今日からまた、バリバリ働きますのでっ！
ご迷惑おかけしましたが、もう大丈夫です。今日からまた、バリバリ働きますのでっ！
秀隆
秀隆
なんか、ちょっと嬉しかったかも
なんか、ちょっと嬉しかったかも
まどか
まどか
嬉しかったって、何が？
嬉しかったって、何が？
秀隆
秀隆
オレが退院したことを、その、祝ってくれたのが意外だったというか
オレが退院したことを、その、祝ってくれたのが意外だったというか
まどか
まどか
島津くんも少しずつ認められ始めたってことよ
島津くんも少しずつ認められ始めたってことよ
秀隆
秀隆
そうだとありがたいね
そうだとありがたいね
秀隆
秀隆
ところで磯部は？　もしかして今日は休みか？
ところで磯部は？　もしかして今日は休みか？
まどか
まどか
あ……
あ……
いつもの席に、朝から磯部の姿はなかった。
いつもの席に、朝から磯部の姿はなかった。
まどか
まどか
ここのところ、磯部くん休んでるの……
ここのところ、磯部くん休んでるの……
秀隆
秀隆
体調でも崩したのか？
体調でも崩したのか？
まどか
まどか
…………
…………
秀隆
秀隆
もしかして、竹内特務官のことで？
もしかして、竹内特務官のことで？
まどか
まどか
多分ね……無断欠勤だから
多分ね……無断欠勤だから
秀隆
秀隆
お、おいおい……
お、おいおい……
まどか
まどか
何度も電話したんだけど、磯部くん電話に出てくれなくて
何度も電話したんだけど、磯部くん電話に出てくれなくて
秀隆
秀隆
気持ちはわからないでもないけど……このままじゃヤバイんじゃないか？
気持ちはわからないでもないけど……このままじゃヤバイんじゃないか？
まどか
まどか
そうね。もしこんなことが続くようだと……最悪解雇もありえるわ
そうね。もしこんなことが続くようだと……最悪解雇もありえるわ
秀隆
秀隆
何やってんだよ磯部
何やってんだよ磯部
オレは廊下に出ると、磯部の携帯を鳴らした。
オレは廊下に出ると、磯部の携帯を鳴らした。
だが、何度鳴らしても出る気配がない。
だが、何度鳴らしても出る気配がない。
まどか
まどか
どうだった？
どうだった？
秀隆
秀隆
だめだ、出ない
だめだ、出ない
秀隆
秀隆
というか、まどかがかけて出ないのに、オレがかけて出るわけもないよな
というか、まどかがかけて出ないのに、オレがかけて出るわけもないよな
まどか
まどか
……私、今日彼の家まで行ってみる
……私、今日彼の家まで行ってみる
秀隆
秀隆
そうだな。それがいいと思う
そうだな。それがいいと思う
秀隆
秀隆
もし困ったことがあったら、すぐ連絡くれ
もし困ったことがあったら、すぐ連絡くれ
まどか
まどか
ええ
ええ
キズナ
キズナ
お帰りなさいひーくん
お帰りなさいひーくん
秀隆
秀隆
ただいまキズナ
ただいまキズナ
秀隆
秀隆
アクセラと秋は？
アクセラと秋は？
キズナ
キズナ
帰ってきてから、あっきーちょっと熱が出てしまったみたいで。
帰ってきてから、あっきーちょっと熱が出てしまったみたいで。
今はアクセラさんが部屋で看病されています
今はアクセラさんが部屋で看病されています
秀隆
秀隆
そうか
そうか
キズナ
キズナ
今日のご飯は私の担当なので、準備の方は出来ていますよっ！
今日のご飯は私の担当なので、準備の方は出来ていますよっ！
秀隆
秀隆
じゃあ食べようかな。おなかぺこぺこだし
じゃあ食べようかな。おなかぺこぺこだし
秀隆
秀隆
あっと言う間に、料理も上手になったよな
あっと言う間に、料理も上手になったよな
バリエーションも随分と増えた。
バリエーションも随分と増えた。
アクセラとそん色ない腕前と言っていいだろう。
アクセラとそん色ない腕前と言っていいだろう。
食べ終わった後、コーヒーで一服をしながら感心するように頷いた。
食べ終わった後、コーヒーで一服をしながら感心するように頷いた。
キズナ
キズナ
えへへ、ありがとうございます
えへへ、ありがとうございます
ちょこんと隣に座るキズナ。
ちょこんと隣に座るキズナ。
秀隆
秀隆
…………
…………
何が楽しいのか、ニコニコとオレを見つめている。
何が楽しいのか、ニコニコとオレを見つめている。
オレはちらりと秋の部屋のほうを見た。
オレはちらりと秋の部屋のほうを見た。
どうやら、まだアクセラは秋の看病をしているらしい。
どうやら、まだアクセラは秋の看病をしているらしい。
話をするなら、今ってことか……。
話をするなら、今ってことか……。
秀隆
秀隆
あのさ……
あのさ……
キズナ
キズナ
なんですか？
なんですか？
秀隆
秀隆
いや……おまえは、何を考えてるんだろうって、ちょっと思ってさ
いや……おまえは、何を考えてるんだろうって、ちょっと思ってさ
キズナ
キズナ
よく分からないです。どういう意味でしょうか
よく分からないです。どういう意味でしょうか
秀隆
秀隆
キズナは……その……
キズナは……その……
秀隆
秀隆
つまり……
つまり……
秀隆
秀隆
いや、なんでもない
いや、なんでもない
ずずっとコーヒーを飲んで誤魔化す。
ずずっとコーヒーを飲んで誤魔化す。
キズナ
キズナ
なんですか？
なんですか？
秀隆
秀隆
だから、なんでもない……
だから、なんでもない……
キズナ
キズナ
んぅ？
んぅ？
秀隆
秀隆
……あー……そろそろ寝ようかな。仕事で疲れてるし
……あー……そろそろ寝ようかな。仕事で疲れてるし
キズナ
キズナ
そうですか、お風呂に入りますか？
そうですか、お風呂に入りますか？
秀隆
秀隆
キズナもまだだろ。先に入れよ、オレは後でいいから
キズナもまだだろ。先に入れよ、オレは後でいいから
キズナ
キズナ
私の入った後のお湯で、いけないことをするんですねっ
私の入った後のお湯で、いけないことをするんですねっ
秀隆
秀隆
しねえよ……！
しねえよ……！
キズナ
キズナ
さて、それはどうでしょうか
さて、それはどうでしょうか
秀隆
秀隆
じゃあオレが先に入ればいいんだな？
じゃあオレが先に入ればいいんだな？
キズナ
キズナ
ひーくんが入った後の危険なお湯に私を入れて、色々想像するんですねっ
ひーくんが入った後の危険なお湯に私を入れて、色々想像するんですねっ
秀隆
秀隆
……オレには風呂に入るなってことか？　ん？
……オレには風呂に入るなってことか？　ん？
キズナ
キズナ
冗談です、怒っちゃいましたか？
冗談です、怒っちゃいましたか？
秀隆
秀隆
怒ってないよ。こういうことは慣れてるしな。それに……
怒ってないよ。こういうことは慣れてるしな。それに……
キズナ
キズナ
それに……なんですか？
それに……なんですか？
秀隆
秀隆
…………
…………
秀隆
秀隆
……さっさと風呂に入れ
……さっさと風呂に入れ
オレは逃げるようにして自室へと戻った。
オレは逃げるようにして自室へと戻った。
夜、まどかから一本の電話が入る。
夜、まどかから一本の電話が入る。
まどか
まどか
磯部くん、会ってもくれなかった……
磯部くん、会ってもくれなかった……
秀隆
秀隆
そうか……相当参ってるみたいだな
そうか……相当参ってるみたいだな
まどか
まどか
このまま、磯部くんが辞めていくのを
このまま、磯部くんが辞めていくのを
黙ってるしかないのかしら……？
黙ってるしかないのかしら……？
秀隆
秀隆
一応、強引に磯部と連絡をつける手段はある
一応、強引に磯部と連絡をつける手段はある
まどか
まどか
え？　どうやって？
え？　どうやって？
秀隆
秀隆
それは秘密だ。とにかくその方法を使って連絡してみるよ
それは秘密だ。とにかくその方法を使って連絡してみるよ
まどか
まどか
でも
でも
秀隆
秀隆
また明日な、まどか
また明日な、まどか
まどか
まどか
あ、ちょっ
あ、ちょっ
se通話ボタン
se通話ボタン
オレは少し強引に通話を終了させた。
オレは少し強引に通話を終了させた。
そして磯部のアドレスを呼び出す。
そして磯部のアドレスを呼び出す。
電話ではなく、メールで。
電話ではなく、メールで。
メールなら、返事はなくとも目を通す可能性は高い。
メールなら、返事はなくとも目を通す可能性は高い。
そして、短い文章を打ち、送った。
そして、短い文章を打ち、送った。
秀隆
秀隆
あとは読んでくれることを祈るだけだ
あとは読んでくれることを祈るだけだ
コトリと携帯を置いて、端末で仕事をしようとしたら
コトリと携帯を置いて、端末で仕事をしようとしたら
se着信（共通
se着信（共通
即行で携帯が鳴った。
即行で携帯が鳴った。
秀隆
秀隆
効果ばっちりだな……
効果ばっちりだな……
se通話ボタン
se通話ボタン
秀隆
秀隆
あ、もしもし？　オレだけどぉ
あ、もしもし？　オレだけどぉ
磯部
磯部
てめえ、ぶっ殺す―――！
てめえ、ぶっ殺す―――！
秀隆
秀隆
そ、そんな殺気立つなよ。一体何があったんだ？
そ、そんな殺気立つなよ。一体何があったんだ？
磯部
磯部
何があった、じゃねえ。てめぇまどかに何しやがった！
何があった、じゃねえ。てめぇまどかに何しやがった！
秀隆
秀隆
別に何も？
別に何も？
磯部
磯部
何もだぁ？　じゃあさっきのメールはなんだよ！
何もだぁ？　じゃあさっきのメールはなんだよ！
秀隆
秀隆
ああ、さっきのメール？　あれは……
ああ、さっきのメール？　あれは……
オレが打った文章、それは――。
オレが打った文章、それは――。
秀隆
秀隆
オレ、まどかと実は―――』だろ？
オレ、まどかと実は―――』だろ？
磯部
磯部
そうだよ！
そうだよ！
秀隆
秀隆
実は―――今日一緒に仕事したんだよね、って打とうとしたんだ
実は―――今日一緒に仕事したんだよね、って打とうとしたんだ
磯部
磯部
な、なんだと？
な、なんだと？
秀隆
秀隆
磯部とどうしても話がしたくて、煽ってみた
磯部とどうしても話がしたくて、煽ってみた
磯部
磯部
て、てめえ……！
て、てめえ……！
秀隆
秀隆
このまま、特務官辞めるつもりか？
このまま、特務官辞めるつもりか？
磯部
磯部
お前には関係ない
お前には関係ない
秀隆
秀隆
あるよ。だって、仲間だし
あるよ。だって、仲間だし
磯部
磯部
俺はお前を仲間だと思ったことは一度もないっ
俺はお前を仲間だと思ったことは一度もないっ
秀隆
秀隆
オレは最初から思ってる
オレは最初から思ってる
秀隆
秀隆
だから磯部には辞めて欲しくないんだよ
だから磯部には辞めて欲しくないんだよ
磯部
磯部
……なんなんだよ。俺がいない方が、おまえも楽だろうが
……なんなんだよ。俺がいない方が、おまえも楽だろうが
秀隆
秀隆
いや、困るし。相談相手や話し相手が減るだろ
いや、困るし。相談相手や話し相手が減るだろ
秀隆
秀隆
それに、なんか面白くないんだよな。磯部がいないとさ
それに、なんか面白くないんだよな。磯部がいないとさ
磯部
磯部
な……
な……
秀隆
秀隆
オレのこと嫌いでもいいさ。でもさ、特務官は辞めるなよ
オレのこと嫌いでもいいさ。でもさ、特務官は辞めるなよ
磯部
磯部
あの人が、竹内特務官が辞めたんだぞ……
あの人が、竹内特務官が辞めたんだぞ……
磯部
磯部
もうおしまいだ、ホープタウンは
もうおしまいだ、ホープタウンは
磯部
磯部
俺の夢も、何もかもおしまいだ
俺の夢も、何もかもおしまいだ
秀隆
秀隆
いいのかよ、それで本当に
いいのかよ、それで本当に
秀隆
秀隆
竹内特務官は、きっと待ってるぞ？　磯部が成長するのを
竹内特務官は、きっと待ってるぞ？　磯部が成長するのを
磯部
磯部
意味わかんねえ……
意味わかんねえ……
秀隆
秀隆
確かに竹内特務官は、ホープタウンから去ったかも知れない。
確かに竹内特務官は、ホープタウンから去ったかも知れない。
でも、別に特務官を辞めたわけじゃないだろ
でも、別に特務官を辞めたわけじゃないだろ
磯部
磯部
同じことだ。いや、もっと悲惨だ。敵になったんだよあの人は
同じことだ。いや、もっと悲惨だ。敵になったんだよあの人は
秀隆
秀隆
そうだな。確かに、竹内特務官は強敵だ
そうだな。確かに、竹内特務官は強敵だ
秀隆
秀隆
けどだからこそ、オレは燃えてくるけどな
けどだからこそ、オレは燃えてくるけどな
磯部
磯部
燃える……？
燃える……？
秀隆
秀隆
大河内代表に、高坂特務官に、竹内特務官。
大河内代表に、高坂特務官に、竹内特務官。
おいおい何だそれ、ボスキャラが３人も揃ってやがる
おいおい何だそれ、ボスキャラが３人も揃ってやがる
秀隆
秀隆
これ以上ない目標が出来たってことだよ。ライバルとして
これ以上ない目標が出来たってことだよ。ライバルとして
磯部
磯部
寝ぼけてやがる……勝てるわけないだろ
寝ぼけてやがる……勝てるわけないだろ
秀隆
秀隆
今はな。でも、これから先はわからないだろ
今はな。でも、これから先はわからないだろ
秀隆
秀隆
オレも、まどかも、磯部も、まだまだこれからだ
オレも、まどかも、磯部も、まだまだこれからだ
磯部
磯部
全然周りが見えてねぇな……やっぱアホだおまえは
全然周りが見えてねぇな……やっぱアホだおまえは
秀隆
秀隆
ま、そういうわけで。明日から出てこいよな、じゃ
ま、そういうわけで。明日から出てこいよな、じゃ
磯部
磯部
は？　お、おいっ
は？　お、おいっ
se通話ボタン
se通話ボタン
オレは会話の途中にも関わらず、通話を切った。
オレは会話の途中にも関わらず、通話を切った。
秀隆
秀隆
さて寝るか
さて寝るか
…………。
…………。
……。
……。
