秀隆
秀隆
あれ、秋やキズナは？
あれ、秋やキズナは？
アクセラ
アクセラ
今日は朝からお出かけされたようです。
今日は朝からお出かけされたようです。
キズナ様は倉屋敷ビルへ。秋様はお友達と遊びに出られました
キズナ様は倉屋敷ビルへ。秋様はお友達と遊びに出られました
秀隆
秀隆
なるほどね。コーヒーくれ、それとトウモロコシ
なるほどね。コーヒーくれ、それとトウモロコシ
アクセラ
アクセラ
畏まりました。少々お待ちください
畏まりました。少々お待ちください
アクセラ
アクセラ
お待たせしました
お待たせしました
頼んでから僅か数分、コーヒーが運ばれてきた。
頼んでから僅か数分、コーヒーが運ばれてきた。
秀隆
秀隆
ご苦労。ちゃんとドリップにしてくれたか？
ご苦労。ちゃんとドリップにしてくれたか？
アクセラ
アクセラ
もちろんです
もちろんです
秀隆
秀隆
うむ。苦しゅうないぞ
うむ。苦しゅうないぞ
アクセラ
アクセラ
それから、トウモロコシのブロックです
それから、トウモロコシのブロックです
秀隆
秀隆
コーヒーとトウモロコシ、最強の組み合わせだよな
コーヒーとトウモロコシ、最強の組み合わせだよな
アクセラ
アクセラ
子供の嫌いな食べ物ランキング第三位に、
子供の嫌いな食べ物ランキング第三位に、
こちらのトウモロコシブロックがエントリーしております
こちらのトウモロコシブロックがエントリーしております
秀隆
秀隆
最近の子供にはこの美味しさが分からないんだよ
最近の子供にはこの美味しさが分からないんだよ
アクセラ
アクセラ
なお、これで１３年連続のランクインのようです
なお、これで１３年連続のランクインのようです
秀隆
秀隆
…………
…………
アクセラ
アクセラ
そのランキングが始まったのが１３年前なので、
そのランキングが始まったのが１３年前なので、
実質全ての年にランキングされておりますね
実質全ての年にランキングされておりますね
秀隆
秀隆
そんな細かい補足まで入れなくていい。
そんな細かい補足まで入れなくていい。
ったく、配給食のありがたみを理解しろってんだ
ったく、配給食のありがたみを理解しろってんだ
ドリームタウンじゃ、自分で食い扶持を稼がなきゃいけないんだぞ。
ドリームタウンじゃ、自分で食い扶持を稼がなきゃいけないんだぞ。
アクセラ
アクセラ
コーヒーに至っては、子供が嫌いな飲み物１位です
コーヒーに至っては、子供が嫌いな飲み物１位です
秀隆
秀隆
これは大人の飲み物だからな。お子ちゃまには無理だ
これは大人の飲み物だからな。お子ちゃまには無理だ
アクセラ
アクセラ
大人のランキングでも６位に入っておりますが？
大人のランキングでも６位に入っておりますが？
秀隆
秀隆
…………
…………
アクセラ
アクセラ
つまり、秀隆様は世間では嫌われている飲食が好き、と
つまり、秀隆様は世間では嫌われている飲食が好き、と
秀隆
秀隆
朝からオレの機嫌を損ねて、アクセラに得があるのか？
朝からオレの機嫌を損ねて、アクセラに得があるのか？
アクセラ
アクセラ
いえ。そのような意図はけして
いえ。そのような意図はけして
アクセラ
アクセラ
少々変わっておられるな、と思っただけです
少々変わっておられるな、と思っただけです
秀隆
秀隆
オレは平均的なタイプだ
オレは平均的なタイプだ
アクセラ
アクセラ
頭脳や顔は人並みですね
頭脳や顔は人並みですね
秀隆
秀隆
……その辺は人並み以上でありたい
……その辺は人並み以上でありたい
アクセラ
アクセラ
実に我侭です。さすが秀隆様ですね。態度は大物です
実に我侭です。さすが秀隆様ですね。態度は大物です
やはり、オレはからかわれているようだ。
やはり、オレはからかわれているようだ。
秀隆
秀隆
なんか、オレ怒らせるようなことしたか？
なんか、オレ怒らせるようなことしたか？
アクセラ
アクセラ
……いえ
……いえ
少し間があったな。
少し間があったな。
秀隆
秀隆
なんだよ。思ったことがあるなら言え
なんだよ。思ったことがあるなら言え
アクセラ
アクセラ
先日の……三者面談のことです
先日の……三者面談のことです
秀隆
秀隆
ああ。なるほど、それで気にしてるのか
ああ。なるほど、それで気にしてるのか
アクセラ
アクセラ
どうだったのですか？
どうだったのですか？
アクセラ
アクセラ
秋様は、将来何になりたいと仰っていましたか
秋様は、将来何になりたいと仰っていましたか
秀隆
秀隆
どうだったもなにも、オレは行ってない。三者面談には参加しなかった
どうだったもなにも、オレは行ってない。三者面談には参加しなかった
アクセラは少し驚いた後、悲しそうな表情を見せる。
アクセラは少し驚いた後、悲しそうな表情を見せる。
アクセラ
アクセラ
それでよろしいのですか
それでよろしいのですか
秀隆
秀隆
いいよ
いいよ
秀隆
秀隆
こうするべきだってのは、おまえも分かってるだろ
こうするべきだってのは、おまえも分かってるだろ
オレはコーヒーを飲む。
オレはコーヒーを飲む。
そして、思い出した。
そして、思い出した。
秀隆
秀隆
いや……おまえは、反対派だったか
いや……おまえは、反対派だったか
アクセラ
アクセラ
申し訳御座いません
申し訳御座いません
秀隆
秀隆
謝ることじゃない。どう考えようとソレはおまえの自由だ
謝ることじゃない。どう考えようとソレはおまえの自由だ
秀隆
秀隆
どうせオレには、選択肢はない
どうせオレには、選択肢はない
そう、選択肢は無いんだ。
そう、選択肢は無いんだ。
秀隆
秀隆
ふー。食べた食べた
ふー。食べた食べた
つい食が進み、朝からブロック８本も食べてしまった。
つい食が進み、朝からブロック８本も食べてしまった。
ふと台所を見るとアクセラの姿がない。
ふと台所を見るとアクセラの姿がない。
秀隆
秀隆
部屋にでも戻ったかな
部屋にでも戻ったかな
オレも折角静かな休日だ、一日家で過ごすことにしよう。
オレも折角静かな休日だ、一日家で過ごすことにしよう。
その前に、軽くシャワーでも浴びておくか。
その前に、軽くシャワーでも浴びておくか。
脱衣所へ。
脱衣所へ。
秀隆
秀隆
…………
…………
アクセラ
アクセラ
お食事が終わりになられたようですね、秀隆様
お食事が終わりになられたようですね、秀隆様
秀隆
秀隆
まぁ……うん
まぁ……うん
脱衣所で、アクセラに出くわしてしまう。
脱衣所で、アクセラに出くわしてしまう。
そのポロンと出された乳を見て、
そのポロンと出された乳を見て、
数ヶ月前の記憶がフラッシュバックする。
数ヶ月前の記憶がフラッシュバックする。
うん、やっぱりおっぱいって……。
うん、やっぱりおっぱいって……。
イイネ！
イイネ！
アクセラ
アクセラ
ひょっとして、お風呂をお使いになられますか？
ひょっとして、お風呂をお使いになられますか？
秀隆
秀隆
お、おぱかいになられます
お、おぱかいになられます
アクセラ
アクセラ
失礼致しました。すぐ着替えますのでお待ちくださいませ
失礼致しました。すぐ着替えますのでお待ちくださいませ
どうやら今までアクセラもシャワーを浴びていたらしい。
どうやら今までアクセラもシャワーを浴びていたらしい。
秀隆
秀隆
じゃあ、リビングで、待ってる
じゃあ、リビングで、待ってる
アクセラ
アクセラ
はい
はい
秀隆
秀隆
……おっぱい……
……おっぱい……
いかんいかんと思いつつも、今のことを思い返してしまう。
いかんいかんと思いつつも、今のことを思い返してしまう。
あれだよな。
あれだよな。
オレ、触ろうと思えば、あの乳に触れるんだよな。
オレ、触ろうと思えば、あの乳に触れるんだよな。
もちろんアンドロイドの乳を触っても虚しいだけだが、
もちろんアンドロイドの乳を触っても虚しいだけだが、
それでも触れば、きっと楽しいし嬉しいし気持ちいいはず。
それでも触れば、きっと楽しいし嬉しいし気持ちいいはず。
口止めさえしておけばバレる心配も……。
口止めさえしておけばバレる心配も……。
アクセラ
アクセラ
お待たせしました。どうぞ
お待たせしました。どうぞ
秀隆
秀隆
さ、触ってもいいのかっ！？
さ、触ってもいいのかっ！？
アクセラ
アクセラ
何をでしょう？
何をでしょう？
秀隆
秀隆
……なんでもありません。お風呂が空いたってことね
……なんでもありません。お風呂が空いたってことね
アクセラ
アクセラ
それ以外になにか
それ以外になにか
秀隆
秀隆
……なんでもないです
……なんでもないです
アクセラ
アクセラ
あ、それともおっぱいを触りたいとか？
あ、それともおっぱいを触りたいとか？
秀隆
秀隆
幾らオレでも、そこまで落ちぶれていない。バカにするな
幾らオレでも、そこまで落ちぶれていない。バカにするな
アクセラ
アクセラ
失礼致しました。反省いたします
失礼致しました。反省いたします
秀隆
秀隆
次からそんな失言は許さんぞ
次からそんな失言は許さんぞ
オレは厳しく言い残し、そそくさと風呂場へと消えた。
オレは厳しく言い残し、そそくさと風呂場へと消えた。
…………。
…………。
こら、オレの右手、こらこら……。
こら、オレの右手、こらこら……。
秀隆
秀隆
ふう、すっきりした
ふう、すっきりした
アクセラ
アクセラ
それを言うなら、さっぱりした、が適切ではありませんか？
それを言うなら、さっぱりした、が適切ではありませんか？
秀隆
秀隆
いいんだよ、この場合はすっきりしたで
いいんだよ、この場合はすっきりしたで
アクセラは理解できないのか、不思議そうに首を傾げた。
アクセラは理解できないのか、不思議そうに首を傾げた。
秀隆
秀隆
じゃあオレは部屋に戻る
じゃあオレは部屋に戻る
アクセラ
アクセラ
本日は在宅なさいますか？
本日は在宅なさいますか？
秀隆
秀隆
出かける予定はないな。多分いると思う
出かける予定はないな。多分いると思う
アクセラ
アクセラ
そうですか。では少しだけお時間を頂けないでしょうか
そうですか。では少しだけお時間を頂けないでしょうか
秀隆
秀隆
時間？　それはいいけど……
時間？　それはいいけど……
アクセラ
アクセラ
秀隆様に、お願いがございまして……
秀隆様に、お願いがございまして……
アクセラが、オレとの距離を詰めてくる。
アクセラが、オレとの距離を詰めてくる。
さっきのこともあり、オレは一瞬ドキッとする。
さっきのこともあり、オレは一瞬ドキッとする。
アクセラ
アクセラ
出来れば秀隆様のお部屋で……
出来れば秀隆様のお部屋で……
秀隆
秀隆
べ、別にいいけど
べ、別にいいけど
アクセラ
アクセラ
ありがとうございます。
ありがとうございます。
少しだけ準備が必要ですので、先にお部屋でお待ちください
少しだけ準備が必要ですので、先にお部屋でお待ちください
秀隆
秀隆
わかった
わかった
秀隆
秀隆
……お願い？　アクセラが？
……お願い？　アクセラが？
しかも、誰もいない時に、オレの部屋で？
しかも、誰もいない時に、オレの部屋で？
まさか―――。
まさか―――。
いや、そんなまさか。
いや、そんなまさか。
でも可能性は０じゃない。
でも可能性は０じゃない。
アンドロイドだって感情はある。
アンドロイドだって感情はある。
このオレという存在に、心を奪われてしまったとしたら
このオレという存在に、心を奪われてしまったとしたら
秀隆
秀隆
…………
…………
アクセラ
アクセラ
失礼致します
失礼致します
アクセラが、部屋に入ってきた。
アクセラが、部屋に入ってきた。
心なしかどこか、落ち着かない様子だ。
心なしかどこか、落ち着かない様子だ。
秀隆
秀隆
は、早かったな。とりあえず、ベッドに座れよ
は、早かったな。とりあえず、ベッドに座れよ
アクセラ
アクセラ
それは、その、ちょっと……
それは、その、ちょっと……
秀隆
秀隆
遠慮するなって
遠慮するなって
アクセラ
アクセラ
ですが、出来れば、椅子にお座りいただきたいのですが
ですが、出来れば、椅子にお座りいただきたいのですが
秀隆
秀隆
え……椅子に？
え……椅子に？
アクセラ
アクセラ
はい。こちらをご確認頂きたいと思いましたので
はい。こちらをご確認頂きたいと思いましたので
そう言うと、アクセラは手に持っていた紙を並べだした。
そう言うと、アクセラは手に持っていた紙を並べだした。
秀隆
秀隆
なんだこれ……
なんだこれ……
沢山の数字が踊っている。
沢山の数字が踊っている。
アクセラ
アクセラ
過去２年間の、家計簿です
過去２年間の、家計簿です
秀隆
秀隆
まぁ家計簿なのはすぐ分かったけど。
まぁ家計簿なのはすぐ分かったけど。
管理はアクセラに任せてるはずだ
管理はアクセラに任せてるはずだ
アクセラ
アクセラ
秀隆様が臨時教師の頃より、お給料は上がられましたね？
秀隆様が臨時教師の頃より、お給料は上がられましたね？
秀隆
秀隆
そりゃそうだ。倍くらいになってるだろ
そりゃそうだ。倍くらいになってるだろ
アクセラ
アクセラ
それでも支出を計算するとかなり苦しい状況です
それでも支出を計算するとかなり苦しい状況です
秀隆
秀隆
…………
…………
確かに、よく見ると家計は火の車状態だった。
確かに、よく見ると家計は火の車状態だった。
貯金できている金額も、本当に僅かだ。
貯金できている金額も、本当に僅かだ。
秀隆
秀隆
仕方ないだろ？　こっちは切り詰めてやってるんだし
仕方ないだろ？　こっちは切り詰めてやってるんだし
アクセラ
アクセラ
私が申し上げたいのは、こちらの使途不明金です
私が申し上げたいのは、こちらの使途不明金です
そういい、給与額の部分を指差してきた。
そういい、給与額の部分を指差してきた。
アクセラ
アクセラ
秀隆様。お給料の基本額を、私に誤魔化しておりますね？
秀隆様。お給料の基本額を、私に誤魔化しておりますね？
秀隆
秀隆
調べたのか……
調べたのか……
アクセラ
アクセラ
臨時教師の時代から、一部抜いているのは気づいていました
臨時教師の時代から、一部抜いているのは気づいていました
秀隆
秀隆
なるほど
なるほど
アクセラ
アクセラ
無論、お給料は秀隆様の労働で得られる収入です。
無論、お給料は秀隆様の労働で得られる収入です。
私が何かを申し上げることは、本来出来ません
私が何かを申し上げることは、本来出来ません
アクセラ
アクセラ
しかしながら、現状のまま行きますと、
しかしながら、現状のまま行きますと、
状況によっては赤字になる場合がございます
状況によっては赤字になる場合がございます
秀隆
秀隆
その不明金があれば、なんとかなる計算ってことだな
その不明金があれば、なんとかなる計算ってことだな
アクセラ
アクセラ
はい
はい
秀隆
秀隆
それはわかった。でも、残念ながら金はない
それはわかった。でも、残念ながら金はない
アクセラ
アクセラ
既に全額使われていると言うことでしょうか
既に全額使われていると言うことでしょうか
秀隆
秀隆
そうだ
そうだ
アクセラ
アクセラ
失礼かとは思いますが、何に使われておりますか？
失礼かとは思いますが、何に使われておりますか？
秀隆
秀隆
ぶっちゃければ、酒だな。飲みに使ってる
ぶっちゃければ、酒だな。飲みに使ってる
アクセラ
アクセラ
そうですか。了解いたしました
そうですか。了解いたしました
秀隆
秀隆
一応、次回から気をつけるようにするさ
一応、次回から気をつけるようにするさ
アクセラ
アクセラ
よろしくお願いいたします
よろしくお願いいたします
秀隆
秀隆
……にしても、前々から気づいてたなんてな
……にしても、前々から気づいてたなんてな
アクセラ
アクセラ
長い間秀隆様とお供させていただいておりますので
長い間秀隆様とお供させていただいておりますので
秀隆
秀隆
責めないのか？
責めないのか？
アクセラ
アクセラ
先ほども申し上げましたが、
先ほども申し上げましたが、
基本的に秀隆様が稼がれているお金です。責めることは出来ません
基本的に秀隆様が稼がれているお金です。責めることは出来ません
秀隆
秀隆
そうだな。確かにその通りだ
そうだな。確かにその通りだ
秀隆
秀隆
オレが自分のために幾ら使おうと、自由だからな
オレが自分のために幾ら使おうと、自由だからな
アクセラ
アクセラ
はい
はい
秀隆
秀隆
必要もないと思うが、先に言っとく
必要もないと思うが、先に言っとく
オレは一度椅子から立ち上がると、
オレは一度椅子から立ち上がると、
アクセラを見据えてやや強い口調で言い放った。
アクセラを見据えてやや強い口調で言い放った。
秀隆
秀隆
この使途不明金に関することは、オレとおまえだけの秘密だ
この使途不明金に関することは、オレとおまえだけの秘密だ
秀隆
秀隆
今後誰が相手であっても、口にすることは禁止にする。命令だ
今後誰が相手であっても、口にすることは禁止にする。命令だ
アクセラ
アクセラ
畏まりました
畏まりました
深々と頭を下げ、オレの命令を聞き入れるアクセラ。
深々と頭を下げ、オレの命令を聞き入れるアクセラ。
秀隆
秀隆
よし。それじゃ、戻っていいぞ
よし。それじゃ、戻っていいぞ
アクセラ
アクセラ
失礼致します。秀隆様
失礼致します。秀隆様
秀隆
秀隆
うーむ、まさか気づかれてたなんてな
うーむ、まさか気づかれてたなんてな
最近、オレが飲んで帰る度にあきれ返っていたんだろう。
最近、オレが飲んで帰る度にあきれ返っていたんだろう。
でもアクセラから、誰かに漏れる心配はない。
でもアクセラから、誰かに漏れる心配はない。
オレは一度自分の引き出しに視線を送った後、ベッドにダイブした。
オレは一度自分の引き出しに視線を送った後、ベッドにダイブした。
秀隆
秀隆
一眠りするか
一眠りするか
…………。
…………。
……。
……。
