秀隆
秀隆
うおっ……
うおっ……
目の前に、ブラジャー越しとはいえ、
目の前に、ブラジャー越しとはいえ、
アイドルの巨乳なおっぱいがさらされる。
アイドルの巨乳なおっぱいがさらされる。
凛
凛
あたしが本気で言ってるってのは、伝わった？
あたしが本気で言ってるってのは、伝わった？
秀隆
秀隆
……なんで、こんなこと？
……なんで、こんなこと？
凛
凛
とりあえず、遠慮してないで触りなさいよ
とりあえず、遠慮してないで触りなさいよ
秀隆
秀隆
あ、ああ……
あ、ああ……
オレは遠慮がちに、凛の隣に座った。
オレは遠慮がちに、凛の隣に座った。
凛
凛
別に触ったっていいのよ？
別に触ったっていいのよ？
秀隆
秀隆
い、いいのか？　……本当に
い、いいのか？　……本当に
凛
凛
あのさ、ひとつだけ勘違いしないでほしいんだけど
あのさ、ひとつだけ勘違いしないでほしいんだけど
凛
凛
あたし、誰にだって身体を開くわけじゃないわよ。
あたし、誰にだって身体を開くわけじゃないわよ。
あんたみたいに認めた男以外とは、絶対にしない
あんたみたいに認めた男以外とは、絶対にしない
秀隆
秀隆
凛……
凛……
凛
凛
エッチするのに、１日も１年もないとは思ってる。
エッチするのに、１日も１年もないとは思ってる。
その時、その感情が動いたら、してもいいものだって考えてる
その時、その感情が動いたら、してもいいものだって考えてる
凛
凛
あんたが今日あたしとしたいと思って来たように。
あんたが今日あたしとしたいと思って来たように。
あたしだって、まったく考えてなかったら家になんてあげない
あたしだって、まったく考えてなかったら家になんてあげない
秀隆
秀隆
……ほんとに、いいのか？
……ほんとに、いいのか？
オレがこうやって念を押したのには、わけがあった。
オレがこうやって念を押したのには、わけがあった。
秀隆
秀隆
おまえ、最近なんかあったんじゃないか？
おまえ、最近なんかあったんじゃないか？
凛
凛
なによ、最近あったって
なによ、最近あったって
秀隆
秀隆
……悩みとか、ないか？
……悩みとか、ないか？
凛
凛
ないない。あたしがエッチさせるって言ったのが信じられない？
ないない。あたしがエッチさせるって言ったのが信じられない？
秀隆
秀隆
オレは……おまえが心から望んでくれてるなら、それでいいけど……
オレは……おまえが心から望んでくれてるなら、それでいいけど……
凛
凛
当たり前でしょ。何度も言わせないで
当たり前でしょ。何度も言わせないで
凛
凛
あたしはあんたが好きだし。応えてあげたいとも思った
あたしはあんたが好きだし。応えてあげたいとも思った
凛
凛
そこに、他の理由なんてない
そこに、他の理由なんてない
秀隆
秀隆
……最後の確認だ。するからな？
……最後の確認だ。するからな？
凛
凛
うん。いいよ
うん。いいよ
凛は、迷わずそう言った。
凛は、迷わずそう言った。
オレは、ゆっくりと凛の身体に手を伸ばし、
オレは、ゆっくりと凛の身体に手を伸ばし、
そしてブラの上からおっぱいの上に手を置く。
そしてブラの上からおっぱいの上に手を置く。
触れた瞬間、指が沈み込むんじゃないかってくらいの弾力。
触れた瞬間、指が沈み込むんじゃないかってくらいの弾力。
柔らかさが押し寄せてくる。
柔らかさが押し寄せてくる。
凛は慣れたもので、その様子を楽しそうに見ている。
凛は慣れたもので、その様子を楽しそうに見ている。
凛
凛
ねえ、ちょっと野暮なこと聞いてもいい？
ねえ、ちょっと野暮なこと聞いてもいい？
秀隆
秀隆
なんだよ、野暮なことって
なんだよ、野暮なことって
凛
凛
あんたさっき童貞じゃないって言ったわよね
あんたさっき童貞じゃないって言ったわよね
秀隆
秀隆
本当に野暮なことだな……
本当に野暮なことだな……
凛
凛
別に嫌なら答えなくてもいいけど
別に嫌なら答えなくてもいいけど
秀隆
秀隆
あーっと……さっきにも言ったが、学生の時にな
あーっと……さっきにも言ったが、学生の時にな
秀隆
秀隆
その時の彼女と、ちょっと
その時の彼女と、ちょっと
凛
凛
ふーん
ふーん
そんなに気にした様子はないのか、それで終わりだった。
そんなに気にした様子はないのか、それで終わりだった。
秀隆
秀隆
それだけか？
それだけか？
凛
凛
それだけ
それだけ
そんなことを聞かれると、オレだって気になってしまう。
そんなことを聞かれると、オレだって気になってしまう。
秀隆
秀隆
お前こそ
お前こそ
凛
凛
あたしのほうこそ？
あたしのほうこそ？
秀隆
秀隆
……って、それこそ本当の野暮か
……って、それこそ本当の野暮か
凛
凛
ああ。経験人数？
ああ。経験人数？
秀隆
秀隆
まあ……
まあ……
凛
凛
そんなに多くないかな。３人
そんなに多くないかな。３人
秀隆
秀隆
へえ……
へえ……
それが最近の子にしては、多いか少ないかは分からない。
それが最近の子にしては、多いか少ないかは分からない。
でも、うん、あんま積極的に聞くことじゃないな。
でも、うん、あんま積極的に聞くことじゃないな。
別に嫌ってわけじゃないが、ちょっと複雑になる。
別に嫌ってわけじゃないが、ちょっと複雑になる。
誰にだって恋愛の１つや２つあって然るべきだし、
誰にだって恋愛の１つや２つあって然るべきだし、
いちいちそこに何かを求めていたら、恋なんて成立しない。
いちいちそこに何かを求めていたら、恋なんて成立しない。
だから、今のは聞かなかったことにしておこう。
だから、今のは聞かなかったことにしておこう。
そんなオレの心境を察したのか、凛がにやりと笑った。
そんなオレの心境を察したのか、凛がにやりと笑った。
凛
凛
気になるけど、突っ込まないでおこう、ってとこ？
気になるけど、突っ込まないでおこう、ってとこ？
秀隆
秀隆
いちいち追及するまでのことじゃないだろ
いちいち追及するまでのことじゃないだろ
凛
凛
なかなか器が大きいじゃない
なかなか器が大きいじゃない
凛
凛
じゃ、そんなあんたには、いよいよお披露目、ね
じゃ、そんなあんたには、いよいよお披露目、ね
そう言い、凛は自分の背中へと手を伸ばし、
そう言い、凛は自分の背中へと手を伸ばし、
ブラのホックを外す。
ブラのホックを外す。
凛
凛
じゃーん。これが、皆のアイドル水野凛ちゃんの生おっぱいで
じゃーん。これが、皆のアイドル水野凛ちゃんの生おっぱいで
むにゅ！
むにゅ！
オレはフライング気味に、その生おっぱいに手を伸ばしていた。
オレはフライング気味に、その生おっぱいに手を伸ばしていた。
秀隆
秀隆
うおおおおおお！！
うおおおおおお！！
凛
凛
ちょっとちょっと……
ちょっとちょっと……
秀隆
秀隆
な、なんだこれ、ほんとに同じ人間かよ……
な、なんだこれ、ほんとに同じ人間かよ……
あまりにも気持ちよすぎて、意思に関係なく手が動く。
あまりにも気持ちよすぎて、意思に関係なく手が動く。
オレは興味津々、子供のようにおっぱいに集中する。
オレは興味津々、子供のようにおっぱいに集中する。
凛
凛
なんか、子供みたい
なんか、子供みたい
秀隆
秀隆
男はおっぱいの前では坊やなのさ
男はおっぱいの前では坊やなのさ
凛
凛
何カッコつけてんのよ
何カッコつけてんのよ
呆れてため息をつく。
呆れてため息をつく。
秀隆
秀隆
とりあえず……失礼して、と
とりあえず……失礼して、と
オレはより、凛との距離を詰める。
オレはより、凛との距離を詰める。
凛
凛
な、なによ
な、なによ
秀隆
秀隆
いやその……もっと間近で見たいなと
いやその……もっと間近で見たいなと
凛
凛
まあ、正直今後一生拝めない可能性もあるしね
まあ、正直今後一生拝めない可能性もあるしね
秀隆
秀隆
出来ればこれからも、沢山拝みたいのですが
出来ればこれからも、沢山拝みたいのですが
凛
凛
それはあんたの心がけ次第
それはあんたの心がけ次第
秀隆
秀隆
相応しい男になれるよう頑張ります
相応しい男になれるよう頑張ります
凛
凛
よろしい
よろしい
秀隆
秀隆
じゃあ、改めて……
じゃあ、改めて……
オレは下乳から触れるようにして、
オレは下乳から触れるようにして、
その乳房を手のひらに包み込む。
その乳房を手のひらに包み込む。
とは言え、胸の大きさには適わないが。
とは言え、胸の大きさには適わないが。
凛
凛
…………
…………
そして、大事に大事に、取っておいたピンク色のそこへと、指先を向かわせる。
そして、大事に大事に、取っておいたピンク色のそこへと、指先を向かわせる。
ぷっくりと起立したそこに、指先を這わせた。
ぷっくりと起立したそこに、指先を這わせた。
凛
凛
あ……
あ……
それまで余裕だった凛が、少し顔を赤らめた。
それまで余裕だった凛が、少し顔を赤らめた。
オレは精一杯の知識と浅い経験を元に、
オレは精一杯の知識と浅い経験を元に、
なんとか凛に気持ちよくなってもらいたいと指を動かした。
なんとか凛に気持ちよくなってもらいたいと指を動かした。
凛
凛
……ん……
……ん……
だが、凛の表情はそれほど変わった様子はない。
だが、凛の表情はそれほど変わった様子はない。
凛
凛
っ……んっ…………っ……
っ……んっ…………っ……
かすかに声を漏らし、オレの行動を素直に受け入れてはくれている。
かすかに声を漏らし、オレの行動を素直に受け入れてはくれている。
でも、本当に感じてはもらえてない。
でも、本当に感じてはもらえてない。
それは伝わってきた。
それは伝わってきた。
凛
凛
ん……ん……っ……ぁっ…………
ん……ん……っ……ぁっ…………
凛なりに応えようと、オレの行為に対して喘いでくれている。
凛なりに応えようと、オレの行為に対して喘いでくれている。
それが、どうしようもなく情けなく思えてきた。
それが、どうしようもなく情けなく思えてきた。
男って身勝手なもんである。
男って身勝手なもんである。
秀隆
秀隆
…………
…………
凛
凛
どしたの？
どしたの？
魅力的なおっぱいを前に、オレは少しテンションダウンしていた。
魅力的なおっぱいを前に、オレは少しテンションダウンしていた。
秀隆
秀隆
ごめんな凛
ごめんな凛
凛
凛
え？　なにが？
え？　なにが？
秀隆
秀隆
オレ、上手くないから……満足させてやれないかも……
オレ、上手くないから……満足させてやれないかも……
凛
凛
もしかして、表情が暗かったのってそういうこと？
もしかして、表情が暗かったのってそういうこと？
秀隆
秀隆
……情けないなと思ってさ
……情けないなと思ってさ
凛
凛
エッチが上手ければいいって問題でもなくない？
エッチが上手ければいいって問題でもなくない？
あたしはあんたを好きになって……全部を見せてる。
あたしはあんたを好きになって……全部を見せてる。
それにエッチが上手いとか下手とか関係ないし
それにエッチが上手いとか下手とか関係ないし
凛
凛
秀隆の精一杯愛してくれる姿が、一番うれしいんだから
秀隆の精一杯愛してくれる姿が、一番うれしいんだから
秀隆
秀隆
……おまえ、良い女じゃない？
……おまえ、良い女じゃない？
凛
凛
あのね、当たり前でしょ？　あたしを誰だと思ってんのよ
あのね、当たり前でしょ？　あたしを誰だと思ってんのよ
秀隆
秀隆
……凛っ！
……凛っ！
オレは、一瞬で元気を取り戻す。
オレは、一瞬で元気を取り戻す。
そうだよ、こんな魅力的な凛を前に、何やってんだ。
そうだよ、こんな魅力的な凛を前に、何やってんだ。
再び強くおっぱいに触れ、その感触を手のひらに集中させた神経で感じ取る。
再び強くおっぱいに触れ、その感触を手のひらに集中させた神経で感じ取る。
凛
凛
な、なんか急に元気になってない……あっ……
な、なんか急に元気になってない……あっ……
秀隆
秀隆
おまえのおかげで、自信と勇気を取り戻した。
おまえのおかげで、自信と勇気を取り戻した。
目の前のおっぱいに向かって突き進むだけだって分かったんだよ
目の前のおっぱいに向かって突き進むだけだって分かったんだよ
凛
凛
かっこいいんだか悪いんだか……わかんないわね
かっこいいんだか悪いんだか……わかんないわね
両方のおっぱいを揉みながら、オレは凛の乳首に口を近づけた。
両方のおっぱいを揉みながら、オレは凛の乳首に口を近づけた。
凛
凛
ん！　ちょ、ちょっと……そんながっつか、あ、やっ……！
ん！　ちょ、ちょっと……そんながっつか、あ、やっ……！
秀隆
秀隆
凛のおっぱいってさ、なんでこんなに完璧なんだよ……
凛のおっぱいってさ、なんでこんなに完璧なんだよ……
大きさ、弾力、乳輪のサイズ、それらすべて、オレの求める理想の１つだ。
大きさ、弾力、乳輪のサイズ、それらすべて、オレの求める理想の１つだ。
凛
凛
言ったでしょ、あたしは完璧だって。しかも、天然ものよ？
言ったでしょ、あたしは完璧だって。しかも、天然ものよ？
凛
凛
なにひとつ弄っちゃいないんだから
なにひとつ弄っちゃいないんだから
秀隆
秀隆
……最高すぎます
……最高すぎます
オレは凛の胸に顔を埋め、おっぱいの間に自分の顔を挟んだ。
オレは凛の胸に顔を埋め、おっぱいの間に自分の顔を挟んだ。
秀隆
秀隆
ここで窒息死しても、悔いはないな……
ここで窒息死しても、悔いはないな……
凛
凛
バーカ……
バーカ……
凛のぷっくらとした乳輪に舌先を這わせ、口に含んでいく。
凛のぷっくらとした乳輪に舌先を這わせ、口に含んでいく。
オレは自らの舌を突き出し、乳房へとしゃぶりついた。
オレは自らの舌を突き出し、乳房へとしゃぶりついた。
凛
凛
んっ！？
んっ！？
びくんと身体が弓のようにしなり、凛の身体が浮いた。
びくんと身体が弓のようにしなり、凛の身体が浮いた。
凛
凛
ちょ、やだ！
ちょ、やだ！
秀隆
秀隆
こんなおっぱい前にして、我慢も限界だ
こんなおっぱい前にして、我慢も限界だ
ぐっと乳房を摘み、その突起の先端からミルクを
ぐっと乳房を摘み、その突起の先端からミルクを
吸い出すような形でチューチューと吸い上げる。
吸い出すような形でチューチューと吸い上げる。
凛
凛
ひゃ、や、んっ……なに、これぇっ……！
ひゃ、や、んっ……なに、これぇっ……！
特別なテクなんか、少しも知らないが、
特別なテクなんか、少しも知らないが、
凛は想像以上の快感に襲われているようだった。
凛は想像以上の快感に襲われているようだった。
オレはその反応を見て、より嬉しくなる。
オレはその反応を見て、より嬉しくなる。
凛
凛
あ……ふ、ん……っ……バカ、がっつきすぎ……ないでよっ……
あ……ふ、ん……っ……バカ、がっつきすぎ……ないでよっ……
秀隆
秀隆
……っぷは……やべ、夢中になって吸い過ぎた
……っぷは……やべ、夢中になって吸い過ぎた
オレは顔をあげ、ふと大切なことに気づいた。
オレは顔をあげ、ふと大切なことに気づいた。
凛
凛
な、なに？
な、なに？
オレの考えが理解できていない凛。
オレの考えが理解できていない凛。
オレはその無防備な凛の唇に、自分の唇を押し付けた。
オレはその無防備な凛の唇に、自分の唇を押し付けた。
凛
凛
んっ―――！
んっ―――！
秀隆
秀隆
キスしてなかったろ……
キスしてなかったろ……
凛
凛
そ、そうだった……でも、いきなりは……ん、んぅっ……
そ、そうだった……でも、いきなりは……ん、んぅっ……
唇を押し付ける。
唇を押し付ける。
おっぱいの感触を確かめるのは、もちろん怠らない。
おっぱいの感触を確かめるのは、もちろん怠らない。
凛
凛
んっ、んっ……うん、秀隆の手、優しいね……すごく、気持ちいい
んっ、んっ……うん、秀隆の手、優しいね……すごく、気持ちいい
凛
凛
はあ、あ……
はあ、あ……
凛の腕が、オレの身体に回され、服の中に手を入れられた。
凛の腕が、オレの身体に回され、服の中に手を入れられた。
凛
凛
思った通り、しっかりした体つき……
思った通り、しっかりした体つき……
秀隆
秀隆
そ、そうか？
そ、そうか？
凛
凛
うん……ん、ちゅっ……んっ……
うん……ん、ちゅっ……んっ……
凛は自らキスを求め、そしてオレの中に舌を突き入れて来た。
凛は自らキスを求め、そしてオレの中に舌を突き入れて来た。
それは想定外だったが、いずれオレから向かいたいと思っていたくらいなので、喜んで応酬すべく舌を絡める。
それは想定外だったが、いずれオレから向かいたいと思っていたくらいなので、喜んで応酬すべく舌を絡める。
凛の舌は、思っていたよりもずっと乱暴な動きで荒々しい。
凛の舌は、思っていたよりもずっと乱暴な動きで荒々しい。
秀隆
秀隆
すげえ、エロイキス……
すげえ、エロイキス……
凛
凛
喋ってないで……もっとキスしよ。エッチなキス、しよ？
喋ってないで……もっとキスしよ。エッチなキス、しよ？
秀隆
秀隆
ああ……
ああ……
凛の舌とオレの舌を絡めあわせる。
凛の舌とオレの舌を絡めあわせる。
凛
凛
ん、く、ちゅ、ちゅっ……ちゅっ、んぅふっ……結構、上手いじゃない
ん、く、ちゅ、ちゅっ……ちゅっ、んぅふっ……結構、上手いじゃない
秀隆
秀隆
そ、そうか？
そ、そうか？
オレは自分のテクにも自信がないし、そもそも指数がわからないけど。
オレは自分のテクにも自信がないし、そもそも指数がわからないけど。
ともかく必死で凛に応えるしかない。
ともかく必死で凛に応えるしかない。
凛
凛
はむっ、ちゅ、くちゅるっ、ちゅ、ちゅくっ、ちゅっ
はむっ、ちゅ、くちゅるっ、ちゅ、ちゅくっ、ちゅっ
凛
凛
ん、ふぅっ、あるむ、にゅ、ふぅっ……あは、はっ。すご……んっ！
ん、ふぅっ、あるむ、にゅ、ふぅっ……あは、はっ。すご……んっ！
凛
凛
んちゅ、ちゅ、ちゅっ、ちゅるっ……ぷあっ……はぁっ……
んちゅ、ちゅ、ちゅっ、ちゅるっ……ぷあっ……はぁっ……
ディープキスとおっぱいだけで、オレの股間は限界を迎えられそうだ。
ディープキスとおっぱいだけで、オレの股間は限界を迎えられそうだ。
二人の混ざり合った液体が、凛の身体を伝う。
二人の混ざり合った液体が、凛の身体を伝う。
凛
凛
ちゅ……ん……ちゅっ、ちゅっ……
ちゅ……ん……ちゅっ、ちゅっ……
凛
凛
んっ……なんか、ちょっと、秀隆と近づけた気がして……あっ……いいかも……
んっ……なんか、ちょっと、秀隆と近づけた気がして……あっ……いいかも……
秀隆
秀隆
オレも、より凛が可愛く見える。もっと、もっと凛の顔が見たい
オレも、より凛が可愛く見える。もっと、もっと凛の顔が見たい
凛
凛
あっ、あ……
あっ、あ……
そんな、強く吸ったら、音が響いちゃうじゃない……っ
そんな、強く吸ったら、音が響いちゃうじゃない……っ
凛
凛
エロぉ……
エロぉ……
秀隆
秀隆
だな……
だな……
凛
凛
てか、さっきからずっとおっぱい揉んでる
てか、さっきからずっとおっぱい揉んでる
秀隆
秀隆
すげぇ気持ちいんだもん、仕方ないだろ……嫌か？
すげぇ気持ちいんだもん、仕方ないだろ……嫌か？
凛
凛
嫌じゃないけど、あたしばっかり、不公平じゃない
嫌じゃないけど、あたしばっかり、不公平じゃない
秀隆
秀隆
えっ？
えっ？
凛
凛
あんたもその……脱ぎなさいよ
あんたもその……脱ぎなさいよ
秀隆
秀隆
いや、そのオレは……ほら、男が全裸になっても、な？
いや、そのオレは……ほら、男が全裸になっても、な？
凛
凛
な？　じゃないわよ。脱がなきゃここでお終い
な？　じゃないわよ。脱がなきゃここでお終い
秀隆
秀隆
ええっ、そんな殺生な……
ええっ、そんな殺生な……
秀隆
秀隆
せめて……電気消してくれよ
せめて……電気消してくれよ
凛
凛
生娘の発言じゃないんだから、男らしくしなさいよ
生娘の発言じゃないんだから、男らしくしなさいよ
オレの煮え切らない態度に何か気付いたのか、にや～っと凛が笑った。
オレの煮え切らない態度に何か気付いたのか、にや～っと凛が笑った。
凛
凛
大丈夫、男はサイズじゃないから
大丈夫、男はサイズじゃないから
秀隆
秀隆
ぐっ！
ぐっ！
ズバリなことを言われてしまった。
ズバリなことを言われてしまった。
い、いや、けしてサイズが小さいとは思っていない。
い、いや、けしてサイズが小さいとは思っていない。
でも、多分標準サイズが関の山。
でも、多分標準サイズが関の山。
それに
それに
凛
凛
ほらほら
ほらほら
凛は楽しそうに、上半身裸のままオレに詰め寄ってきた。
凛は楽しそうに、上半身裸のままオレに詰め寄ってきた。
凛
凛
さっきまでの勢いはどうしたのかな？
さっきまでの勢いはどうしたのかな？
そして、腰の上に乗っかられる。
そして、腰の上に乗っかられる。
ぷるんと胸が重力に従って下向きになる。
ぷるんと胸が重力に従って下向きになる。
その姿を見ただけで、悲しいかな息子は元気に脈を打った。
その姿を見ただけで、悲しいかな息子は元気に脈を打った。
凛
凛
勃ってる勃ってる
勃ってる勃ってる
うんうんと頷き、慣れたような手付きでジッパーへと手を伸ばした。
うんうんと頷き、慣れたような手付きでジッパーへと手を伸ばした。
秀隆
秀隆
な、なぁ、その……笑うなよ？
な、なぁ、その……笑うなよ？
凛
凛
大丈夫だって
大丈夫だって
ベルトも緩められ、ずるずるとズボンを脱がされる。
ベルトも緩められ、ずるずるとズボンを脱がされる。
そして、オレの下半身はトランクス一枚に。
そして、オレの下半身はトランクス一枚に。
もちろん縛り付けるズボンがなくなったことで、
もちろん縛り付けるズボンがなくなったことで、
オレの股間は隠しようもないほどに勃起全開である。
オレの股間は隠しようもないほどに勃起全開である。
凛
凛
もうびんびんじゃない
もうびんびんじゃない
そして、トランクスの上から、オレのそれに手を持って来た。
そして、トランクスの上から、オレのそれに手を持って来た。
秀隆
秀隆
凛……っ
凛……っ
さわさわと竿の先端から、タマの辺りまで撫でてくる。
さわさわと竿の先端から、タマの辺りまで撫でてくる。
そして、可愛らしい舌を出すと、
そして、可愛らしい舌を出すと、
トランクスの上からそれを這わせ始めた。
トランクスの上からそれを這わせ始めた。
秀隆
秀隆
くっ！
くっ！
布越しにも関わらず、強烈な快感が襲ってくる。
布越しにも関わらず、強烈な快感が襲ってくる。
凛
凛
ふふ……可愛い顔、するじゃない
ふふ……可愛い顔、するじゃない
撫でたり揉んだりしながら、ぺろぺろと舐められていく。
撫でたり揉んだりしながら、ぺろぺろと舐められていく。
このままでも、十分射精できそうだった。
このままでも、十分射精できそうだった。
しかし、こんな段階で果てるわけにもいかない。
しかし、こんな段階で果てるわけにもいかない。
凛にがっかりされたら、立ち直れないだろう。
凛にがっかりされたら、立ち直れないだろう。
凛
凛
さぁて、それじゃあそろそろ……
さぁて、それじゃあそろそろ……
そう言い、トランクスへと手をかけた。
そう言い、トランクスへと手をかけた。
するすると、足の方へとずりさげられる。
するすると、足の方へとずりさげられる。
秀隆
秀隆
あーうー……
あーうー……
そして、息子は凛の目の前へとさらけ出された。
そして、息子は凛の目の前へとさらけ出された。
ポロんと、頂上を向いたチ○コ。
ポロんと、頂上を向いたチ○コ。
すっげぇ恥ずかしい。
すっげぇ恥ずかしい。
セックスになったら当然でも、すげぇ恥ずかしい。
セックスになったら当然でも、すげぇ恥ずかしい。
凛
凛
なんだ、結構大きいじゃないの
なんだ、結構大きいじゃないの
秀隆
秀隆
本当かよ……
本当かよ……
凛
凛
自信持っていいわよ
自信持っていいわよ
そう言われると、嬉しくもあり複雑でもあった。
そう言われると、嬉しくもあり複雑でもあった。
今までの男のサイズはどんくらいだった？　とか、
今までの男のサイズはどんくらいだった？　とか、
テクはやっぱり凄かったのか？　とか。
テクはやっぱり凄かったのか？　とか。
芸能人ってそれだけで凄そうだからな。
芸能人ってそれだけで凄そうだからな。
でも、そんなことを聞くのは失礼だろう。
でも、そんなことを聞くのは失礼だろう。
それに反応次第ではオレがへこむ。
それに反応次第ではオレがへこむ。
とにかく、自信を持っていいと言われたんだ、自信を持って
とにかく、自信を持っていいと言われたんだ、自信を持って
凛
凛
でも、皮被ってるんだぁ？
でも、皮被ってるんだぁ？
秀隆
秀隆
がはっ！
がはっ！
凛
凛
あれ……そこって重要なところだった？
あれ……そこって重要なところだった？
女の子にとっては、軽い一言のつもりだったんだろう。
女の子にとっては、軽い一言のつもりだったんだろう。
だが、男にとって短小と包茎は、恥ずべきもの（言いすぎ）だ。
だが、男にとって短小と包茎は、恥ずべきもの（言いすぎ）だ。
秀隆
秀隆
見るな、見ないでくれ……
見るな、見ないでくれ……
ジタジタと逃げ回るような仕草を見せた。
ジタジタと逃げ回るような仕草を見せた。
凛
凛
あんたって……ほんと、面白いわね
あんたって……ほんと、面白いわね
凛
凛
ほら、そんな恥ずかしがらないでよ
ほら、そんな恥ずかしがらないでよ
そう言い、凛はオレの息子を、その手で握り締めた。
そう言い、凛はオレの息子を、その手で握り締めた。
凛
凛
十分立派よ……
十分立派よ……
秀隆
秀隆
…………
…………
その一言で、もやもやしたものがどこかへと飛んでいった。
その一言で、もやもやしたものがどこかへと飛んでいった。
オレは凛の胸を、そして凛はオレの息子へと手を伸ばし、
オレは凛の胸を、そして凛はオレの息子へと手を伸ばし、
オレは手で凛のおっぱいを、大切に愛で始めた。
オレは手で凛のおっぱいを、大切に愛で始めた。
凛
凛
ん……気持ちよく、なってきた……？
ん……気持ちよく、なってきた……？
秀隆
秀隆
ああ、凛の手、すげぇ気持ちいい……
ああ、凛の手、すげぇ気持ちいい……
秀隆
秀隆
オレ、下手糞だからさ
オレ、下手糞だからさ
凛
凛
またそんなこと言って。そんなことない。沢山愛してあげる……
またそんなこと言って。そんなことない。沢山愛してあげる……
そういうと、凛は舌先でオレの先端へ触れて来た。
そういうと、凛は舌先でオレの先端へ触れて来た。
秀隆
秀隆
うっ……！
うっ……！
凛
凛
あたしの舌で、秀隆の皮剥いてあげる……
あたしの舌で、秀隆の皮剥いてあげる……
オレの皮の中に、凛が舌をねじ込んできた。
オレの皮の中に、凛が舌をねじ込んできた。
そして、ねっとりとかき回すようにしながら、皮を剥く。
そして、ねっとりとかき回すようにしながら、皮を剥く。
凛
凛
んぅっ、れるっ……んっ……ふふ、出て来た……ぁ……
んぅっ、れるっ……んっ……ふふ、出て来た……ぁ……
皮の剥かれたチ○ポをしごきながら、凛は口を開きそれをしゃぶり始める。
皮の剥かれたチ○ポをしごきながら、凛は口を開きそれをしゃぶり始める。
秀隆
秀隆
ちょ……うっ！
ちょ……うっ！
オレは思わずのけぞり、天井を見上げた。
オレは思わずのけぞり、天井を見上げた。
あの凛が、オレのチ○コをしゃぶっている。
あの凛が、オレのチ○コをしゃぶっている。
その光景に思考が追い付いていない。
その光景に思考が追い付いていない。
凛
凛
ん……おいひぃ……秀隆のオチ○チン、興味、あったんだから……
ん……おいひぃ……秀隆のオチ○チン、興味、あったんだから……
そう言い、ねっとりねっとりとした舌が亀頭を舐める。
そう言い、ねっとりねっとりとした舌が亀頭を舐める。
秀隆
秀隆
あうっ！
あうっ！
オレは思わず凛の頭を押さえ、動きを抑制しようとした。
オレは思わず凛の頭を押さえ、動きを抑制しようとした。
でも、それがかえって凛を面白くさせたんだろう。
でも、それがかえって凛を面白くさせたんだろう。
凛
凛
ん、じゅっ、ちゅっ……じゅるっ……んぅ、んっ、んぅっ……はむっ
ん、じゅっ、ちゅっ……じゅるっ……んぅ、んっ、んぅっ……はむっ
秀隆
秀隆
り、凛っ……
り、凛っ……
凛
凛
ひれら
ひれら
ガリッ。
ガリッ。
秀隆
秀隆
あぶそりゅと！？！？
あぶそりゅと！？！？
凛
凛
あ、ご、ごめ！
あ、ご、ごめ！
凛がもごっと口を動かしたとき、オレの亀頭に歯が強く当たった。
凛がもごっと口を動かしたとき、オレの亀頭に歯が強く当たった。
秀隆
秀隆
ひい！　ひいっ！
ひい！　ひいっ！
凛
凛
だ……だいじょぶ？
だ……だいじょぶ？
秀隆
秀隆
ぜ、全然大丈夫じゃないっ……けど……
ぜ、全然大丈夫じゃないっ……けど……
凛のおっぱいに必死に手を伸ばす。
凛のおっぱいに必死に手を伸ばす。
それに触れることで、オレはなんとか自らの強度を維持した。
それに触れることで、オレはなんとか自らの強度を維持した。
秀隆
秀隆
ふーっ……おっぱい最高……
ふーっ……おっぱい最高……
凛
凛
ごめん。ちゃんと、舐めなきゃ
ごめん。ちゃんと、舐めなきゃ
そういい、凛は横になってるオレの股間に再び顔を近づけた。
そういい、凛は横になってるオレの股間に再び顔を近づけた。
そして、また柔らかく温かい口の中へと運ぶ。
そして、また柔らかく温かい口の中へと運ぶ。
ジーンと痛む部分が、逆に快感でもあった。
ジーンと痛む部分が、逆に快感でもあった。
凛
凛
ん、じゅっ、ちゅっ……じるっ……ん、んっ、んぅっ……はむっ
ん、じゅっ、ちゅっ……じるっ……ん、んっ、んぅっ……はむっ
凛
凛
気持ちよく、なって……あたしの口で……はうむっ……
気持ちよく、なって……あたしの口で……はうむっ……
凛
凛
ちゅ、じゅっ、ちゅっ……じゅるっ……んぅ、はっ、うぅっ……んっ
ちゅ、じゅっ、ちゅっ……じゅるっ……んぅ、はっ、うぅっ……んっ
秀隆
秀隆
や、やべ……まじやべ……
や、やべ……まじやべ……
オレは自分がいってしまうのを感じ、凛を止める。
オレは自分がいってしまうのを感じ、凛を止める。
凛
凛
な、なに？　気持ちよくなかった？
な、なに？　気持ちよくなかった？
秀隆
秀隆
その逆だ……気持ちよすぎて、いってしまう……
その逆だ……気持ちよすぎて、いってしまう……
凛
凛
別にいいのに……
別にいいのに……
秀隆
秀隆
オレ、凛の中でイきたい……
オレ、凛の中でイきたい……
凛
凛
……そ
……そ
凛
凛
いいよ。秀隆がそういうなら
いいよ。秀隆がそういうなら
凛
凛
それに……あたしも、もう十分すぎるくらい濡れちゃった
それに……あたしも、もう十分すぎるくらい濡れちゃった
恥ずかしそうに言う凛の一言。
恥ずかしそうに言う凛の一言。
凛
凛
さすがに初日くらいは、電気消そう、かな
さすがに初日くらいは、電気消そう、かな
秀隆
秀隆
オレとしては、もっと凛の可愛いところを見たいんだが
オレとしては、もっと凛の可愛いところを見たいんだが
凛
凛
バーカ。そんなのこれから幾らでも見せてあげるわよ
バーカ。そんなのこれから幾らでも見せてあげるわよ
凛
凛
でも今日だけはダメ。ムードって大切じゃない
でも今日だけはダメ。ムードって大切じゃない
そう言い手を伸ばし、パチッとライトを切った。
そう言い手を伸ばし、パチッとライトを切った。
凛
凛
今、ちょっとまともに秀隆の顔見れないかもしれないし
今、ちょっとまともに秀隆の顔見れないかもしれないし
恥ずかしそうに言う凛の一言。
恥ずかしそうに言う凛の一言。
秀隆
秀隆
お、おう……
お、おう……
オレはすっかり、童貞気分でおろおろしてしまっていた。
オレはすっかり、童貞気分でおろおろしてしまっていた。
凛
凛
どうしたの？
どうしたの？
秀隆
秀隆
いや……
いや……
凛
凛
あーはいはい。あんたは横になって
あーはいはい。あんたは横になって
秀隆
秀隆
え？
え？
凛
凛
あたしがリードしてあげるから
あたしがリードしてあげるから
ポンと肩を叩き、オレをやや強引に横にさせた。
ポンと肩を叩き、オレをやや強引に横にさせた。
凛
凛
ここは、勃ったままみたいだけどね
ここは、勃ったままみたいだけどね
クスリと笑って、オレの息子をピンと人差し指で弾いた。
クスリと笑って、オレの息子をピンと人差し指で弾いた。
凛
凛
秀隆……
秀隆……
凛は腰を落とし、その中へとオレのモノを進めていく。
凛は腰を落とし、その中へとオレのモノを進めていく。
凛
凛
ん……
ん……
声を漏らしながらも、凛はオレのモノを受け入れた。
声を漏らしながらも、凛はオレのモノを受け入れた。
凛の膣内は、狭くてキツイ。
凛の膣内は、狭くてキツイ。
その締め付けに、動かずとも高ぶっていく。
その締め付けに、動かずとも高ぶっていく。
凛
凛
やっぱ、結構大きい……ん……凄いよ……
やっぱ、結構大きい……ん……凄いよ……
普段はオレをバカにしながらも、
普段はオレをバカにしながらも、
しっかりと持ち上げてくれる。
しっかりと持ち上げてくれる。
それが演技でも、悪い気はしなかった。
それが演技でも、悪い気はしなかった。
凛
凛
あたしの中……気持ちいい？
あたしの中……気持ちいい？
秀隆
秀隆
ああ。理性が消し飛びそうだ
ああ。理性が消し飛びそうだ
凛
凛
ふふ、全部はいっちゃった
ふふ、全部はいっちゃった
秀隆
秀隆
……凛……すげぇ、可愛い
……凛……すげぇ、可愛い
凛
凛
当たり前、でしょ？
当たり前、でしょ？
凛はオレの手を握ると、それを自らのおっぱいへと向けた。
凛はオレの手を握ると、それを自らのおっぱいへと向けた。
凛
凛
たくさん揉んでいいから
たくさん揉んでいいから
秀隆
秀隆
あ、ああ
あ、ああ
オレがおっぱいを揉み始めると、凛はそれを受け入れ、そして凛はすぐに腰の前後運動を始めた。
オレがおっぱいを揉み始めると、凛はそれを受け入れ、そして凛はすぐに腰の前後運動を始めた。
凛の腰が浮き、そして下ろされる。
凛の腰が浮き、そして下ろされる。
凛
凛
んっ……
んっ……
凛から漏れる声。
凛から漏れる声。
凛
凛
あたし、いやらしい子でしょ……自分からオチ○チン咥え込んで、腰振ってるなんて……
あたし、いやらしい子でしょ……自分からオチ○チン咥え込んで、腰振ってるなんて……
秀隆
秀隆
ああ、すげえいやらしい……
ああ、すげえいやらしい……
凛
凛
秀隆の前でだけ、本当のあたしを見せてあげる……
秀隆の前でだけ、本当のあたしを見せてあげる……
秀隆
秀隆
くっ……
くっ……
強すぎる締め付けを受けながら、凛は腰を浮かせオレの竿を出入りさせる。
強すぎる締め付けを受けながら、凛は腰を浮かせオレの竿を出入りさせる。
凛
凛
あっ……はあ、あんっ……んっ……秀隆のカリ首が、中で引っかかって……
あっ……はあ、あんっ……んっ……秀隆のカリ首が、中で引っかかって……
凛
凛
オチ○チン、凄く気持ちよくて……あたし、もっと淫らな姿見せちゃうかも……
オチ○チン、凄く気持ちよくて……あたし、もっと淫らな姿見せちゃうかも……
そういい、少しずつ腰を前後させる速度を速めていく。
そういい、少しずつ腰を前後させる速度を速めていく。
ねちょねちょと、竿とマ○コの結合部が音をたて始める。
ねちょねちょと、竿とマ○コの結合部が音をたて始める。
凛
凛
あっ、あああ、あっ、あっ……オマ○コ、
あっ、あああ、あっ、あっ……オマ○コ、
気持ちいい……秀隆のオチ○チンが、あたしを刺激してるっ
気持ちいい……秀隆のオチ○チンが、あたしを刺激してるっ
秀隆
秀隆
凛……凛っ……
凛……凛っ……
オレは乳首をコリコリと刺激し、そして自らも凛の腰に合わせて動く。
オレは乳首をコリコリと刺激し、そして自らも凛の腰に合わせて動く。
ちょうどぶつかり合うタイミングで。
ちょうどぶつかり合うタイミングで。
凛
凛
ひぐっ！？　ちょ、強すぎっ……！
ひぐっ！？　ちょ、強すぎっ……！
子宮の奥まで貫くように、凛のマ○コを突き上げる。
子宮の奥まで貫くように、凛のマ○コを突き上げる。
凛
凛
や、やぁっ、あっ、あっ……あ、あたし、こんな気持ちいいの、初めてかもっ
や、やぁっ、あっ、あっ……あ、あたし、こんな気持ちいいの、初めてかもっ
パンパンと肌と肌がぶつかりあう。
パンパンと肌と肌がぶつかりあう。
オレは凛の腰元を抑え、力強く突き上げる。
オレは凛の腰元を抑え、力強く突き上げる。
もう我慢できない。
もう我慢できない。
射精の瞬間まで、ひたすら腰だけを振り続けてやる。
射精の瞬間まで、ひたすら腰だけを振り続けてやる。
パンパンパンパンっ！
パンパンパンパンっ！
凛
凛
あっ、いっ、いっ……くぅっ、あ……かはっ……あっ！
あっ、いっ、いっ……くぅっ、あ……かはっ……あっ！
強いて残念なことをあげるなら、暗くて凛の顔がはっきり見えないことだ。
強いて残念なことをあげるなら、暗くて凛の顔がはっきり見えないことだ。
喘いでくれてるから、気持ちよくは感じてくれている。
喘いでくれてるから、気持ちよくは感じてくれている。
そう信じたい。
そう信じたい。
パンパンパンパンッ！
パンパンパンパンッ！
どんどんとスパンをあげていく。
どんどんとスパンをあげていく。
自分がどこまで速く、どれだけ強く突き上げられるのか。
自分がどこまで速く、どれだけ強く突き上げられるのか。
凛
凛
ひぁ、あぁっ、あっい、っ、くっ……ん、んんっ！　んんんっ！！
ひぁ、あぁっ、あっい、っ、くっ……ん、んんっ！　んんんっ！！
秀隆
秀隆
凛、凛……すげえ、気持ちいいっ！
凛、凛……すげえ、気持ちいいっ！
凛
凛
あ、あた、あたしも……く、んっ、く……あ、はあっ……
あ、あた、あたしも……く、んっ、く……あ、はあっ……
凛
凛
ひ、秀隆……あ、あたし、あんたのこと、大好きだからっ……！
ひ、秀隆……あ、あたし、あんたのこと、大好きだからっ……！
秀隆
秀隆
ああ、わかってる。オレもだ、凛っ
ああ、わかってる。オレもだ、凛っ
凛
凛
あ、はぁっ、は、はぁっ、ま、まだいかないの？　ねえ、まだ、いかないのっ？
あ、はぁっ、は、はぁっ、ま、まだいかないの？　ねえ、まだ、いかないのっ？
秀隆
秀隆
もう少し……我慢、するから……凛に感じてもらいたい……っ
もう少し……我慢、するから……凛に感じてもらいたい……っ
凛
凛
はあっ、ああっ、んあっ、いった……！　あ、ああ、こんなの、死んじゃうっ……！
はあっ、ああっ、んあっ、いった……！　あ、ああ、こんなの、死んじゃうっ……！
パンパンパンパン！
パンパンパンパン！
凛はオレの腕を信じられないほど強く握り、胸へと持っていく。
凛はオレの腕を信じられないほど強く握り、胸へと持っていく。
オレはその胸をしっかり揉みほぐす。
オレはその胸をしっかり揉みほぐす。
絶頂を誘っているような行為。
絶頂を誘っているような行為。
凛
凛
お、おねが、ひでた、か！　あ、あたし、もうだめだから、おねが、お願いっ！
お、おねが、ひでた、か！　あ、あたし、もうだめだから、おねが、お願いっ！
せつなすぎるほどの声で、オレの射精を願う。
せつなすぎるほどの声で、オレの射精を願う。
秀隆
秀隆
わ、わかった……！
わ、わかった……！
オレはもう少し耐えようと思ったが、凛が限界だと言うならそれに合わせよう。
オレはもう少し耐えようと思ったが、凛が限界だと言うならそれに合わせよう。
パンパンパンパン！
パンパンパンパン！
凛
凛
ひ、あ、ああ、っ……ほんと、もうっ……！　おねが、くはあっ、ああっ！
ひ、あ、ああ、っ……ほんと、もうっ……！　おねが、くはあっ、ああっ！
ぽたぽたと、水のようなものがオレの頬に散った。
ぽたぽたと、水のようなものがオレの頬に散った。
秀隆
秀隆
凛、凛、凛！
凛、凛、凛！
オレは何度も名前を呼び、そして……。
オレは何度も名前を呼び、そして……。
凛の中で、激しく迸った。
凛の中で、激しく迸った。
凛
凛
あああああっ、ああっ！
あああああっ、ああっ！
