秀隆
秀隆
以上が、ステーション規制緩和に伴い予測される双方の街の収益シミュレーションだ
以上が、ステーション規制緩和に伴い予測される双方の街の収益シミュレーションだ
端末から作り出したグラフを表示させ、二人へとプレゼンを行った。
端末から作り出したグラフを表示させ、二人へとプレゼンを行った。
二人は口を挟むことなく、ただ黙って話しに耳を傾けていた。
二人は口を挟むことなく、ただ黙って話しに耳を傾けていた。
磯部
磯部
何を調べていたのかと思ったら、そう言うことか
何を調べていたのかと思ったら、そう言うことか
秀隆
秀隆
磯部は言ったよな。ホープタウンの不利益に繋がる恐れがあると
磯部は言ったよな。ホープタウンの不利益に繋がる恐れがあると
秀隆
秀隆
だが、実際のところ、高い確率でホープタウンが損失を出すことにはならない
だが、実際のところ、高い確率でホープタウンが損失を出すことにはならない
秀隆
秀隆
確かにドリームタウンには多くの娯楽施設がある。
確かにドリームタウンには多くの娯楽施設がある。
そこに人々がお金を落とすことにもなってしまうだろう
そこに人々がお金を落とすことにもなってしまうだろう
秀隆
秀隆
だけど、それ以上に技術力の高いホープタウンは、
だけど、それ以上に技術力の高いホープタウンは、
その特産品による収入、特許による収入で多くの利益をあげられる
その特産品による収入、特許による収入で多くの利益をあげられる
まどか
まどか
これなら、やってみてもいいんじゃないかしら
これなら、やってみてもいいんじゃないかしら
オレは磯部を納得させられると思ったが、
オレは磯部を納得させられると思ったが、
その表情が柔らかくなることはなかった。
その表情が柔らかくなることはなかった。
それどころか、磯部の表情はみるみる厳しいものになっていく。
それどころか、磯部の表情はみるみる厳しいものになっていく。
磯部
磯部
これはおまえが作ったシミュレーションだ。あてになるか
これはおまえが作ったシミュレーションだ。あてになるか
まどか
まどか
見た限り、どこにも穴はなかったと思う。違う？
見た限り、どこにも穴はなかったと思う。違う？
秀隆
秀隆
何度も確認しましたし、問題はないかと思います
何度も確認しましたし、問題はないかと思います
磯部
磯部
……仮にあっていたとしても、ならやろう、ってわけにはいかないだろ。この前も言ったが、大事なのは唐沢代表の意向だ
……仮にあっていたとしても、ならやろう、ってわけにはいかないだろ。この前も言ったが、大事なのは唐沢代表の意向だ
まどか
まどか
磯部くんの話は正しいと思う。
磯部くんの話は正しいと思う。
唐沢代表の意見が、すごく大切なのは私もわかってるつもりよ
唐沢代表の意見が、すごく大切なのは私もわかってるつもりよ
まどか
まどか
だけど、私には島津くんの気持ちもよく分かる。
だけど、私には島津くんの気持ちもよく分かる。
一番の理想は、唐沢代表の許しを貰ってやることよ
一番の理想は、唐沢代表の許しを貰ってやることよ
磯部
磯部
だったら
だったら
まどか
まどか
でも、その許可を得るのは簡単じゃない。
でも、その許可を得るのは簡単じゃない。
だって唐沢代表が賛同することは、まずありえないから
だって唐沢代表が賛同することは、まずありえないから
秀隆
秀隆
ああ。説得で動くような人じゃないだろう
ああ。説得で動くような人じゃないだろう
磯部
磯部
街の代表が反対しているのに、俺たちが推進するってのかよ
街の代表が反対しているのに、俺たちが推進するってのかよ
秀隆
秀隆
唐沢代表個人が反対されていることであって、
唐沢代表個人が反対されていることであって、
オレたちがどう考え、どう主張しても自由だ。特務官も例外じゃない
オレたちがどう考え、どう主張しても自由だ。特務官も例外じゃない
秀隆
秀隆
違うか？　磯部
違うか？　磯部
磯部
磯部
……どうかな。俺はやっぱり、納得いってない
……どうかな。俺はやっぱり、納得いってない
まだ、磯部は反対の姿勢を貫いていた。
まだ、磯部は反対の姿勢を貫いていた。
それも一つの形、いや、多数の意見として正しい。
それも一つの形、いや、多数の意見として正しい。
磯部
磯部
だが、どうしてもって言うなら勝手にしろ
だが、どうしてもって言うなら勝手にしろ
秀隆
秀隆
そう言ってくれると思ってたよ
そう言ってくれると思ってたよ
まどか
まどか
多分島津くんの頑固に付き合うのが疲れただけだと思うけど
多分島津くんの頑固に付き合うのが疲れただけだと思うけど
磯部は何度もうんうんと頷いた。
磯部は何度もうんうんと頷いた。
秀隆
秀隆
いつものように、責任はオレが持つ。何かあれば出るところに出るさ
いつものように、責任はオレが持つ。何かあれば出るところに出るさ
磯部
磯部
当たり前だ。……俺は反対の立場は変わらないからな
当たり前だ。……俺は反対の立場は変わらないからな
そう言い、ゆっくりと腕を組んだ。
そう言い、ゆっくりと腕を組んだ。
一応協力はしてくれるらしい。
一応協力はしてくれるらしい。
秀隆
秀隆
決まり、だな
決まり、だな
まどか
まどか
なら早速だけど、どこから切り崩すかが最も大切よ
なら早速だけど、どこから切り崩すかが最も大切よ
秀隆
秀隆
オレは大河内代表から、落としていくべきだと考えている。
オレは大河内代表から、落としていくべきだと考えている。
彼はステーションの規制緩和に対して、賛成の表明をされてるしな
彼はステーションの規制緩和に対して、賛成の表明をされてるしな
磯部
磯部
おまえみたいなペーペーの特務官が大河内代表にアポ取れると思ってんのか？
おまえみたいなペーペーの特務官が大河内代表にアポ取れると思ってんのか？
秀隆
秀隆
それは確かに難しい。
それは確かに難しい。
でも、オレなりに当たっては見てるところだ
でも、オレなりに当たっては見てるところだ
オレは希望と言う存在のことを二人に話す。
オレは希望と言う存在のことを二人に話す。
まどか
まどか
そういえば、親しくしてたわね、あなたとお嬢さん。
そういえば、親しくしてたわね、あなたとお嬢さん。
だけど良いの？　利用する形になるんじゃないの？
だけど良いの？　利用する形になるんじゃないの？
秀隆
秀隆
同じようなことを言われた。でも、遠慮するつもりはない
同じようなことを言われた。でも、遠慮するつもりはない
秀隆
秀隆
利用出来るものは全部利用するつもりだ
利用出来るものは全部利用するつもりだ
まどか
まどか
…………
…………
磯部
磯部
万一にアポ取れたとしても、聞く耳なんて持って貰えないさ
万一にアポ取れたとしても、聞く耳なんて持って貰えないさ
秀隆
秀隆
このままだったら間違いなくな
このままだったら間違いなくな
秀隆
秀隆
でも、唯一動かせる可能性があるのが、大河内代表だとオレは思う
でも、唯一動かせる可能性があるのが、大河内代表だとオレは思う
秀隆
秀隆
唐沢代表はより聞く耳を持たないだろうし、
唐沢代表はより聞く耳を持たないだろうし、
倉屋敷も同じだ。倉屋敷の場合はちょっと特殊だけど
倉屋敷も同じだ。倉屋敷の場合はちょっと特殊だけど
まどか
まどか
あなたの言うように、もし何らかの方法で
あなたの言うように、もし何らかの方法で
大河内代表と接触出来たとして、どうするつもり？　考えはあるの？
大河内代表と接触出来たとして、どうするつもり？　考えはあるの？
秀隆
秀隆
ある
ある
オレは用意しておいたファイルを取り出す。
オレは用意しておいたファイルを取り出す。
秀隆
秀隆
お願いに上がるなら、向こうのお願いを聞くのが筋だろ？
お願いに上がるなら、向こうのお願いを聞くのが筋だろ？
まどか
まどか
まぁ、交渉の基本ではあるわね
まぁ、交渉の基本ではあるわね
秀隆
秀隆
そこで、これを見てくれ
そこで、これを見てくれ
ファイルに書かれてある資料に二人が目を通す。
ファイルに書かれてある資料に二人が目を通す。
まどか
まどか
これ、ドリームタウンで建築中の高級ホテルね
これ、ドリームタウンで建築中の高級ホテルね
秀隆
秀隆
ああ。街で最大のホテルにする予定のものらしい
ああ。街で最大のホテルにする予定のものらしい
秀隆
秀隆
この前、ドリームタウンに行ったついでに調べてきた
この前、ドリームタウンに行ったついでに調べてきた
磯部
磯部
このホテルがどうしたってんだよ
このホテルがどうしたってんだよ
秀隆
秀隆
このホテルは、共同開発地区に一番近い。
このホテルは、共同開発地区に一番近い。
多分それを狙った上でのホテル建設なんだろう
多分それを狙った上でのホテル建設なんだろう
秀隆
秀隆
ホテルのオープンは、今から１ヵ月後。
ホテルのオープンは、今から１ヵ月後。
共同地区の競売が終わった直後辺りだ
共同地区の競売が終わった直後辺りだ
秀隆
秀隆
２枚目の資料を見て欲しい
２枚目の資料を見て欲しい
二人が資料をめくる。
二人が資料をめくる。
そこには広い建物の内部が映されている。
そこには広い建物の内部が映されている。
秀隆
秀隆
そのホテルの最大の目玉、美術館だ
そのホテルの最大の目玉、美術館だ
まどか
まどか
美術館？　それにしては何も内装が決まってないみたいだけど
美術館？　それにしては何も内装が決まってないみたいだけど
磯部
磯部
オープン１ヶ月前で何も飾られてないのか
オープン１ヶ月前で何も飾られてないのか
秀隆
秀隆
この美術館の最大出資者は、大河内代表だ。
この美術館の最大出資者は、大河内代表だ。
その大河内代表が、美術館に飾る絵を決めることになってる
その大河内代表が、美術館に飾る絵を決めることになってる
秀隆
秀隆
彼が地上に強い興味を示してるのは知ってるよな？
彼が地上に強い興味を示してるのは知ってるよな？
まどか
まどか
ええ。それとどう関係があるの？
ええ。それとどう関係があるの？
秀隆
秀隆
どうも大河内代表は、この美術館に地上の絵を飾りたいらしい
どうも大河内代表は、この美術館に地上の絵を飾りたいらしい
まどか
まどか
地上の絵……？
地上の絵……？
秀隆
秀隆
ああ。それで、地上の絵を描ける人物を探してるって話だ
ああ。それで、地上の絵を描ける人物を探してるって話だ
秀隆
秀隆
だけどまだ、その地上の絵の描き手は見つかっていない
だけどまだ、その地上の絵の描き手は見つかっていない
磯部
磯部
つまりおまえが言いたいのは、
つまりおまえが言いたいのは、
その地上の絵を描くことが出来る人物を見つけることか？
その地上の絵を描くことが出来る人物を見つけることか？
秀隆
秀隆
ああ。もちろん過去に多くの地上の絵を描いている人物をな
ああ。もちろん過去に多くの地上の絵を描いている人物をな
今から描き手を見つけて、一から描かせるわけにも行かない。
今から描き手を見つけて、一から描かせるわけにも行かない。
秀隆
秀隆
もし見つけることができたなら、それが交渉材料になるはずだ
もし見つけることができたなら、それが交渉材料になるはずだ
秀隆
秀隆
今からオレは、地上の絵を描く人を探してみようと思ってる
今からオレは、地上の絵を描く人を探してみようと思ってる
まどか
まどか
……地上の絵か……
……地上の絵か……
まどかが何か考える素振りを見せる。
まどかが何か考える素振りを見せる。
まどか
まどか
二人とも、松下吉平って人を知ってる？
二人とも、松下吉平って人を知ってる？
秀隆
秀隆
まつしたきっぺい？　いや、オレは聞いたことないな
まつしたきっぺい？　いや、オレは聞いたことないな
磯部
磯部
俺もないな
俺もないな
まどか
まどか
天才画家で、数少ない地上時代の絵を描く人物らしいの
天才画家で、数少ない地上時代の絵を描く人物らしいの
磯部
磯部
へえ……じゃあ有名なのか？
へえ……じゃあ有名なのか？
まどか
まどか
アンダーグラウンドの世界限定だけど。
アンダーグラウンドの世界限定だけど。
地上の絵を正当に鑑定できる人は、もう存在しないから
地上の絵を正当に鑑定できる人は、もう存在しないから
秀隆
秀隆
そうか……描かれた絵が地上の絵と証明できないのか
そうか……描かれた絵が地上の絵と証明できないのか
単なる絵の技術力だけならともかく、
単なる絵の技術力だけならともかく、
地上の絵となればその題材、中身が大事だ。
地上の絵となればその題材、中身が大事だ。
適当にでっち上げたものかどうかを見極められなければ意味がない。
適当にでっち上げたものかどうかを見極められなければ意味がない。
秀隆
秀隆
その人はホープタウンの人間なのか？
その人はホープタウンの人間なのか？
まどか
まどか
ううん、ドリームタウンの人よ
ううん、ドリームタウンの人よ
磯部
磯部
なら既に大河内代表が声をかけてるだろ。へたくそでもない限り
なら既に大河内代表が声をかけてるだろ。へたくそでもない限り
まどか
まどか
それはどうかしら……その可能性は低いわね
それはどうかしら……その可能性は低いわね
秀隆
秀隆
その吉平って人物に、何か問題でもあるのか？
その吉平って人物に、何か問題でもあるのか？
まどか
まどか
ここ数年姿を見かけないらしいの。
ここ数年姿を見かけないらしいの。
噂によると、ある日突然姿を消したって話で
噂によると、ある日突然姿を消したって話で
秀隆
秀隆
姿を消したって、なんでまた？
姿を消したって、なんでまた？
まどか
まどか
そこまではちょっと……
そこまではちょっと……
秀隆
秀隆
でも、失踪ったってすぐに見つかりそうなもんだけどなあ
でも、失踪ったってすぐに見つかりそうなもんだけどなあ
まどか
まどか
向こうは主要施設以外の入場にはカードがいらないから。
向こうは主要施設以外の入場にはカードがいらないから。
足がつかないように行動しようと思えば、幾らでも出来るんじゃないかしら
足がつかないように行動しようと思えば、幾らでも出来るんじゃないかしら
秀隆
秀隆
なるほどな
なるほどな
秀隆
秀隆
松下吉平か
松下吉平か
まどか
まどか
ええ。調べて見る価値はあると思う
ええ。調べて見る価値はあると思う
磯部が頷く。
磯部が頷く。
磯部
磯部
なるほど
なるほど
まどか
まどか
もちろん、何年も見つからない男を捜すのは楽じゃない。
もちろん、何年も見つからない男を捜すのは楽じゃない。
下手すればとっくに死んでるって可能性もあるから
下手すればとっくに死んでるって可能性もあるから
磯部
磯部
リーダーはお前だ。判断は任せる
リーダーはお前だ。判断は任せる
失踪した画家、松下吉平……か。
失踪した画家、松下吉平……か。
もし見つけ出すことが出来れば、可能性はあるかも知れない。
もし見つけ出すことが出来れば、可能性はあるかも知れない。
秀隆
秀隆
オレは早速ドリームタウンに行ってみようと思う。
オレは早速ドリームタウンに行ってみようと思う。
まどかと磯部は他にも地上の絵を描ける人がいないか探してくれ
まどかと磯部は他にも地上の絵を描ける人がいないか探してくれ
まどか
まどか
わかったわ
わかったわ
二人が頷く。
二人が頷く。
まどか
まどか
でもいいわね、あなたは自由にドリームタウンへ行き来できて
でもいいわね、あなたは自由にドリームタウンへ行き来できて
秀隆
秀隆
あぁそうだ。ちょうどいい。後で二人は唐沢代表のところに行ってくれ
あぁそうだ。ちょうどいい。後で二人は唐沢代表のところに行ってくれ
磯部
磯部
唐沢代表のところに？
唐沢代表のところに？
まどか
まどか
どういうことなの？
どういうことなの？
秀隆
秀隆
おまえたちのＩＤに、Ｃクラスの権限が一時的に加わることになった
おまえたちのＩＤに、Ｃクラスの権限が一時的に加わることになった
まどか
まどか
Ｃクラスって……
Ｃクラスって……
磯部
磯部
マジかよ。一部の特務官しか持ってないだろ
マジかよ。一部の特務官しか持ってないだろ
秀隆
秀隆
ああ。でもぬか喜びはするなよ？　言ったように、一時的に、だ
ああ。でもぬか喜びはするなよ？　言ったように、一時的に、だ
磯部
磯部
Ｃクラスって言えば、申請さえ出せば
Ｃクラスって言えば、申請さえ出せば
自由にドリームタウンに行き来出きるんだよな？
自由にドリームタウンに行き来出きるんだよな？
秀隆
秀隆
そう言うことになるな
そう言うことになるな
まどか
まどか
信じられない……私たちがそんな権限を得られるなんて
信じられない……私たちがそんな権限を得られるなんて
秀隆
秀隆
おまえたちも、これで移動が可能になる。そう言うわけだから頼むよ
おまえたちも、これで移動が可能になる。そう言うわけだから頼むよ
磯部
磯部
わ、わかった
わ、わかった
磯部は緊張した面持ちで頷いた。
磯部は緊張した面持ちで頷いた。
まどか
まどか
もしかして、島津くんが掛け合ってくれたの？
もしかして、島津くんが掛け合ってくれたの？
秀隆
秀隆
二人がオレに不満を感じてたのはわかってたし、
二人がオレに不満を感じてたのはわかってたし、
先輩である二人より先に権限を貰っていたのは悪かったと思ってる
先輩である二人より先に権限を貰っていたのは悪かったと思ってる
まどか
まどか
そんな……私は別に……
そんな……私は別に……
秀隆
秀隆
これでオレもまどかも同じだ
これでオレもまどかも同じだ
まどか
まどか
……ありがとう
……ありがとう
さて、オレは新しい情報を手に入れるために行動を起こすことにしよう。
さて、オレは新しい情報を手に入れるために行動を起こすことにしよう。
オフィスに戻ると、オレは早速地上の絵を描ける人物を探し出す。
オフィスに戻ると、オレは早速地上の絵を描ける人物を探し出す。
探すのは松下と言う人物だけではない。
探すのは松下と言う人物だけではない。
地上の絵を描くことが出来れば、条件には当てはまるのだ。
地上の絵を描くことが出来れば、条件には当てはまるのだ。
検索には、軽く調べただけでも数人は見つかるようだったが、そこ止まり。
検索には、軽く調べただけでも数人は見つかるようだったが、そこ止まり。
やはり今は殆ど存在しない証拠だった。
やはり今は殆ど存在しない証拠だった。
検索を続ける中で、気になる記事を見つける。
検索を続ける中で、気になる記事を見つける。
それは今から４年ほど前のものだったが、
それは今から４年ほど前のものだったが、
大河内代表がインタビューを受けた時のものだった。
大河内代表がインタビューを受けた時のものだった。
そこに、松下吉平の絵を購入した、と言う一文があったのだ。
そこに、松下吉平の絵を購入した、と言う一文があったのだ。
秀隆
秀隆
大河内代表は、松下さんの存在を知っているのか……
大河内代表は、松下さんの存在を知っているのか……
しかも、わざわざ絵を購入するくらいだ、嫌っていることはないだろう。
しかも、わざわざ絵を購入するくらいだ、嫌っていることはないだろう。
もしかすると、美術館の絵が埋まりきっていないのも、
もしかすると、美術館の絵が埋まりきっていないのも、
その松下さんの絵を飾りたいと考えているからじゃないのか？
その松下さんの絵を飾りたいと考えているからじゃないのか？
可能性としては、十分ある……。
可能性としては、十分ある……。
オレは暫く検索を続けた後、ドリームタウンに向かうことを決めた。
オレは暫く検索を続けた後、ドリームタウンに向かうことを決めた。
秀隆
秀隆
静乃さーん
静乃さーん
静乃
静乃
島津さん。こんにちは。カジノに遊びにいらしたんですか？
島津さん。こんにちは。カジノに遊びにいらしたんですか？
秀隆
秀隆
静乃さんに会いに来ました
静乃さんに会いに来ました
静乃
静乃
私に？　わざわざありがとうございます。
私に？　わざわざありがとうございます。
あと少しお待ちいただいてもよろしいですか？
あと少しお待ちいただいてもよろしいですか？
秀隆
秀隆
えっ。デートとかしていただけるんですか？！
えっ。デートとかしていただけるんですか？！
静乃
静乃
デート？　いえ、私に会いに来てくださったんですよね？
デート？　いえ、私に会いに来てくださったんですよね？
秀隆
秀隆
そうですけど……
そうですけど……
静乃
静乃
今日はポーカーの担当ですので、お相手可能ですよ
今日はポーカーの担当ですので、お相手可能ですよ
秀隆
秀隆
……そう言えば、客として相手にしてもらえるんでした
……そう言えば、客として相手にしてもらえるんでした
静乃
静乃
では後ほどお会いしましょう
では後ほどお会いしましょう
秀隆
秀隆
は、はい
は、はい
ま、まぁそれでもいいか。
ま、まぁそれでもいいか。
本当の目的は、松下吉平と言う人のことを聞きたかったんだけど。
本当の目的は、松下吉平と言う人のことを聞きたかったんだけど。
ディーラーで数多くのお客さんを相手にする静乃さんなら、
ディーラーで数多くのお客さんを相手にする静乃さんなら、
そう言う情報を持っている可能性もある。
そう言う情報を持っている可能性もある。
それから、オレは少しして静乃さんのいる台に。
それから、オレは少しして静乃さんのいる台に。
休憩直後にも関わらず、既に多くの人が静乃さんを取り囲んでいた。
休憩直後にも関わらず、既に多くの人が静乃さんを取り囲んでいた。
男性客
男性客
ねえねえ静乃ちゃん。俺が勝ったらデートしてよ
ねえねえ静乃ちゃん。俺が勝ったらデートしてよ
男性客２
男性客２
おいおい、抜け駆けはなしだぞ
おいおい、抜け駆けはなしだぞ
静乃
静乃
まずは勝負から致しましょう
まずは勝負から致しましょう
秀隆
秀隆
オレもやります！
オレもやります！
残り１つ空いていた席に、滑り込む。
残り１つ空いていた席に、滑り込む。
秀隆
秀隆
オレも勝ったらデートしてください！
オレも勝ったらデートしてください！
静乃
静乃
では始めましょうか
では始めましょうか
…………。
…………。
静乃
静乃
またのお越しをお待ちしております
またのお越しをお待ちしております
オレたち３人の男は、見事に返り討ちにあった。
オレたち３人の男は、見事に返り討ちにあった。
秀隆
秀隆
ギャンブルって運だけじゃないのかもな……
ギャンブルって運だけじゃないのかもな……
静乃さんとのデートは夢のまた夢だ。
静乃さんとのデートは夢のまた夢だ。
秀隆
秀隆
オマケに、松下さんの情報も得られなかったし
オマケに、松下さんの情報も得られなかったし
静乃さんは名前にすら聞き覚えがないと言う。
静乃さんは名前にすら聞き覚えがないと言う。
あっさり見つかるなんてことはなさそうだ。
あっさり見つかるなんてことはなさそうだ。
…………。
…………。
……。
……。
