恭一
恭一
……なんだ。おまえら
……なんだ。おまえら
オレの前に、1人の男が立ちはだかった。
オレの前に、1人の男が立ちはだかった。
男Ｇ
男Ｇ
見ない顔だな。何の用だ？
見ない顔だな。何の用だ？
恭一
恭一
散歩だ。特に意味は無い
散歩だ。特に意味は無い
男Ｇ
男Ｇ
こんな場所に散歩も何もあったもんじゃないだろ
こんな場所に散歩も何もあったもんじゃないだろ
恭一
恭一
ほっとけ
ほっとけ
無視して進もうとすると、男はわざとらしく肩をぶつけてきた。
無視して進もうとすると、男はわざとらしく肩をぶつけてきた。
男Ｇ
男Ｇ
金目のもの、置いてってもらおうか。生意気な兄ちゃんよぉ
金目のもの、置いてってもらおうか。生意気な兄ちゃんよぉ
恭一
恭一
生憎と手ぶらだ
生憎と手ぶらだ
男Ｇ
男Ｇ
そうかい。なら、それが本当かどうか確かめさせてもらおう、かっ！
そうかい。なら、それが本当かどうか確かめさせてもらおう、かっ！
思い切り蹴りを繰り出してくる。
思い切り蹴りを繰り出してくる。
オレはその蹴りを軽く避け、逆に一発拳を見舞った。
オレはその蹴りを軽く避け、逆に一発拳を見舞った。
男Ｇ
男Ｇ
うぐっ！？
うぐっ！？
鼻に一発受け、よろりと後退した。
鼻に一発受け、よろりと後退した。
男Ｇ
男Ｇ
て、てめぇっ……
て、てめぇっ……
恭一
恭一
ここにはおまえらみたいなのばっかりがいるのか？
ここにはおまえらみたいなのばっかりがいるのか？
男Ｇ
男Ｇ
うらぁ！
うらぁ！
話を聞くために意識を残したが、男はキレてしまったようだ。
話を聞くために意識を残したが、男はキレてしまったようだ。
めちゃくちゃに腕を振るう。
めちゃくちゃに腕を振るう。
男Ｇ
男Ｇ
死ね！
死ね！
物騒な。
物騒な。
恭一
恭一
ったく
ったく
男Ｇ
男Ｇ
なっ！？
なっ！？
無防備な腕をかいくぐり、オレは男の懐にもぐりこんだ。
無防備な腕をかいくぐり、オレは男の懐にもぐりこんだ。
そして、ボディーに強い一撃を与える。
そして、ボディーに強い一撃を与える。
男Ｇ
男Ｇ
ぐ……！
ぐ……！
地面に崩れ落ちる男。
地面に崩れ落ちる男。
今度は完全に意識を絶った。
今度は完全に意識を絶った。
男Ｈ
男Ｈ
…………
…………
更に奥に進むと、また見知らぬ男がオレの前に立ちふさがる。
更に奥に進むと、また見知らぬ男がオレの前に立ちふさがる。
先ほどの男と違い、最初からオレを警戒している。
先ほどの男と違い、最初からオレを警戒している。
恭一
恭一
隠れて見物してたってことか
隠れて見物してたってことか
男Ｈ
男Ｈ
っしゃ！
っしゃ！
話し合いを持つ前に、仕掛けてくる。
話し合いを持つ前に、仕掛けてくる。
オレを伸した後、ゆっくり物色しようと言う腹だろう。
オレを伸した後、ゆっくり物色しようと言う腹だろう。
残念なことに、本当に手ぶらなんだが。
残念なことに、本当に手ぶらなんだが。
それとも、何か別のモノでもあるのだろうか。
それとも、何か別のモノでもあるのだろうか。
オレは金を持っているように見える人間じゃない。
オレは金を持っているように見える人間じゃない。
よそ者だからなのか。
よそ者だからなのか。
それとも、もっと別の理由があるのか。
それとも、もっと別の理由があるのか。
男Ｈ
男Ｈ
がふっ！
がふっ！
腹に膝蹴りを叩き込むと、腹部をおさえ膝から崩れ落ちた。
腹に膝蹴りを叩き込むと、腹部をおさえ膝から崩れ落ちた。
恭一
恭一
ちょっと話でもしようか
ちょっと話でもしようか
男Ｈ
男Ｈ
よ、よそ者と、話すことなんざないっ……
よ、よそ者と、話すことなんざないっ……
恭一
恭一
そう言うなよ。別に手荒なまねをするつもりはないぜ？
そう言うなよ。別に手荒なまねをするつもりはないぜ？
男Ｈ
男Ｈ
ふざけんな……仕掛けてきたのは、てめぇだ……
ふざけんな……仕掛けてきたのは、てめぇだ……
恭一
恭一
いやいやいや、先に手ぇ出したのはおまえらだろ……
いやいやいや、先に手ぇ出したのはおまえらだろ……
恭一
恭一
まぁどっちでもいい。ちょっと聞きたいことがある。この区画には地上に通じる道があるって聞いたんだが、本当か？
まぁどっちでもいい。ちょっと聞きたいことがある。この区画には地上に通じる道があるって聞いたんだが、本当か？
男Ｈ
男Ｈ
そんなことを聞いて、どうするつもりだ……
そんなことを聞いて、どうするつもりだ……
恭一
恭一
興味本位だ
興味本位だ
男Ｈ
男Ｈ
……この先のブロックにある。だが、ただ瓦礫の山があるだけだ……
……この先のブロックにある。だが、ただ瓦礫の山があるだけだ……
恭一
恭一
自分の目で確かめる
自分の目で確かめる
男Ｈ
男Ｈ
ぶ、無事にここを出られるとおもうなよ？
ぶ、無事にここを出られるとおもうなよ？
恭一
恭一
楽しみにしとくぜ
楽しみにしとくぜ
オレは男の言葉を話し半分に、奥へと足を進める。
オレは男の言葉を話し半分に、奥へと足を進める。
それが罠だったとしても、別に気にするようなことじゃない。
それが罠だったとしても、別に気にするようなことじゃない。
それならそれで、別の楽しみを見出すだけだからな。
それならそれで、別の楽しみを見出すだけだからな。
男Ｉ
男Ｉ
……顔を貸してもらおうか
……顔を貸してもらおうか
男Ｊ
男Ｊ
これ以上好き勝手暴れさせるわけにはいかねぇ
これ以上好き勝手暴れさせるわけにはいかねぇ
恭一
恭一
今度は複数人か
今度は複数人か
４、５……７人。
４、５……７人。
そのどれもが、仲間と言うわけだ。
そのどれもが、仲間と言うわけだ。
じりじりとオレを包囲する。
じりじりとオレを包囲する。
恭一
恭一
ふう。ここは手荒な場所だな
ふう。ここは手荒な場所だな
恭一
恭一
いいぜ、運動がてら遊んでやる
いいぜ、運動がてら遊んでやる
オレも、自分自身がどれだけのポテンシャルを秘めているのか図るには丁度いい。
オレも、自分自身がどれだけのポテンシャルを秘めているのか図るには丁度いい。
男Ｉ
男Ｉ
やっちまうぞ！
やっちまうぞ！
男Ｊ
男Ｊ
うおおおおお！
うおおおおお！
…………。
…………。
……
……
恭一
恭一
帰ったぞ
帰ったぞ
恋
恋
お帰りなさい恭一さん。ちょうどお風呂から上がったところなんで、入ってください
お帰りなさい恭一さん。ちょうどお風呂から上がったところなんで、入ってください
恭一
恭一
そうか。そりゃタイミングがよかった
そうか。そりゃタイミングがよかった
恋
恋
あの……服が汚れていますが、どうかしたんですか？
あの……服が汚れていますが、どうかしたんですか？
恭一
恭一
別に何もない。風呂に入る
別に何もない。風呂に入る
恋
恋
は、はい
は、はい
オレは衣服を脱ぎ捨て、それを機械の中にぶち込む。
オレは衣服を脱ぎ捨て、それを機械の中にぶち込む。
今日は少し暴れ過ぎたからな。
今日は少し暴れ過ぎたからな。
手にはべっとりとついた返り血。
手にはべっとりとついた返り血。
恭一
恭一
７、８割ってところか……
７、８割ってところか……
オレが風呂からあがると、恋の姿はもうなかった。
オレが風呂からあがると、恋の姿はもうなかった。
食事の準備は終わっていて、オレの分だけが置かれてある。
食事の準備は終わっていて、オレの分だけが置かれてある。
恭一
恭一
ああそうだ、すっかり忘れてたな
ああそうだ、すっかり忘れてたな
オレはポケットに入れておいた箱を取り出し、恋の部屋へ。
オレはポケットに入れておいた箱を取り出し、恋の部屋へ。
恭一
恭一
おい
おい
恋
恋
も、もう。入る前はノックしてくださいって、お願いしましたよね？
も、もう。入る前はノックしてくださいって、お願いしましたよね？
恭一
恭一
細かいことでうるさいやつだな
細かいことでうるさいやつだな
恋
恋
全然細かくありません……なんですか？
全然細かくありません……なんですか？
恭一
恭一
これやるよ。カジノの景品で持って帰ってきた
これやるよ。カジノの景品で持って帰ってきた
オレはポンと箱を放り投げる。
オレはポンと箱を放り投げる。
恋
恋
なんですか？　これ
なんですか？　これ
恭一
恭一
読んでみればわかる
読んでみればわかる
恋
恋
えっと……極薄くん……て書かれてます
えっと……極薄くん……て書かれてます
恋
恋
何なんですか？　脅威の0.02mmって
何なんですか？　脅威の0.02mmって
恭一
恭一
まだわかんねえのか？　開けてみろよ
まだわかんねえのか？　開けてみろよ
恋
恋
は、はぁ
は、はぁ
がさごそと、恋が箱を開ける。
がさごそと、恋が箱を開ける。
そこから個別に包装された四角いものを取り出した。
そこから個別に包装された四角いものを取り出した。
恋
恋
なんですかこれ……
なんですかこれ……
答えのわからない恋が、びりびりと開け、中を取り出す。
答えのわからない恋が、びりびりと開け、中を取り出す。
もちろんコンドームだ。
もちろんコンドームだ。
恋
恋
……？
……？
伸ばしたり縮めたりしている。
伸ばしたり縮めたりしている。
恭一
恭一
避妊具だ
避妊具だ
恋
恋
なんだ、避妊具……避妊具！？
なんだ、避妊具……避妊具！？
恭一
恭一
男のここにハメるやつだな
男のここにハメるやつだな
オレが股間を指さすと、ゴムを投げつけられた。
オレが股間を指さすと、ゴムを投げつけられた。
恋
恋
あなたって最低です！
あなたって最低です！
se机を強く叩く2
se机を強く叩く2
追い出された。
追い出された。
やれやれ、せっかく人が親切に教えてやったのに。
やれやれ、せっかく人が親切に教えてやったのに。
…………。
…………。
……。
……。
