オレは……改めて言うのもなんだが、
オレは……改めて言うのもなんだが、
重度のシスコンだと自覚している。
重度のシスコンだと自覚している。
え？　そのわりに秋に冷たいって？
え？　そのわりに秋に冷たいって？
残念だが、オレが大好きだったのは妹ではなく姉だ。
残念だが、オレが大好きだったのは妹ではなく姉だ。
親の愛情を殆ど知らないオレにとって、姉は姉以上の存在だった。
親の愛情を殆ど知らないオレにとって、姉は姉以上の存在だった。
だから小さいときは、いつもいつも、姉さんの後ろにくっついて歩いていた。
だから小さいときは、いつもいつも、姉さんの後ろにくっついて歩いていた。
楽しい時も悲しいときも、いつも一緒だったんだ。
楽しい時も悲しいときも、いつも一緒だったんだ。
姉さんの笑った顔が大好きだった。
姉さんの笑った顔が大好きだった。
姉さんの優しい微笑みが大好きだった。
姉さんの優しい微笑みが大好きだった。
この世界で誰よりも、美しいと思っていた。
この世界で誰よりも、美しいと思っていた。
でも、今はもう、その笑顔すら思い出すことは出来ない。
でも、今はもう、その笑顔すら思い出すことは出来ない。
冷たい目をした、何の感情も持たない姉の幼い頃の姿だけが、
冷たい目をした、何の感情も持たない姉の幼い頃の姿だけが、
オレの脳裏に焼きついて残された、最期の記憶。
オレの脳裏に焼きついて残された、最期の記憶。
どうして、大きい時の姉を思い出せないのか。
どうして、大きい時の姉を思い出せないのか。
まるでそれを考えるのを良しとしないよう、脳がセーブしているようだ。
まるでそれを考えるのを良しとしないよう、脳がセーブしているようだ。
姉さんに会いたい……。
姉さんに会いたい……。
姉さんに会いたい……。
姉さんに会いたい……。
この、苦しい場所を抜け出して、
この、苦しい場所を抜け出して、
姉さんに抱きしめてもらえるなら……。
姉さんに抱きしめてもらえるなら……。
例えどんなことでもやるだろう。
例えどんなことでもやるだろう。
会いたい……。
会いたい……。
もう一度、姉さんに会いたい……。
もう一度、姉さんに会いたい……。
…………。
…………。
……。
……。
秀隆
秀隆
ぅ……ん……
ぅ……ん……
ふっと、淡く意識が戻ってきた。
ふっと、淡く意識が戻ってきた。
あれ……なんだ、この天井、知らねぇなあ……。
あれ……なんだ、この天井、知らねぇなあ……。
頭がぼーっとしている。
頭がぼーっとしている。
手を動かそうとしたが、身体が重く思うように動かなかった。
手を動かそうとしたが、身体が重く思うように動かなかった。
秀隆
秀隆
……あぁ……
……あぁ……
なんとなく、状況を思い出してきた。
なんとなく、状況を思い出してきた。
オレは都市開発のために、例の施設に足を運んだ。
オレは都市開発のために、例の施設に足を運んだ。
そして、落下して……怪我して。
そして、落下して……怪我して。
つまりここは、察するに病院、ってことか。
つまりここは、察するに病院、ってことか。
理解できるようになると、自然と身体が動き始めた。
理解できるようになると、自然と身体が動き始めた。
うん、大丈夫、ちょっと痛むけど問題なさそうだ。
うん、大丈夫、ちょっと痛むけど問題なさそうだ。
秀隆
秀隆
どれくらい時間が経ったんだろうか……
どれくらい時間が経ったんだろうか……
数時間？　それとも、数日？
数時間？　それとも、数日？
室内にはオレの携帯が見当たらず、
室内にはオレの携帯が見当たらず、
また他に時刻や日付を知るものは置かれていなかった。
また他に時刻や日付を知るものは置かれていなかった。
se医務室（杉村さん部屋）
se医務室（杉村さん部屋）
あれこれと状況整理していると、扉からまどかが入ってくる。
あれこれと状況整理していると、扉からまどかが入ってくる。
秀隆
秀隆
よう……
よう……
まどか
まどか
あ
あ
少し驚いた顔を見せたが、すぐ表情は柔らかくなった。
少し驚いた顔を見せたが、すぐ表情は柔らかくなった。
まどか
まどか
眼が覚めてたのね。仕事帰りついでに、お見舞いに来て見たの
眼が覚めてたのね。仕事帰りついでに、お見舞いに来て見たの
秀隆
秀隆
わざわざ悪いな
わざわざ悪いな
まどか
まどか
体の方はどう？　痛んだりしない？
体の方はどう？　痛んだりしない？
秀隆
秀隆
特に痛いところはないかな……
特に痛いところはないかな……
痛いと伝えると不安にさせてしまうと思ったオレは、軽い嘘をついた。
痛いと伝えると不安にさせてしまうと思ったオレは、軽い嘘をついた。
秀隆
秀隆
ついさっき目が覚めたところでさ、
ついさっき目が覚めたところでさ、
何かまだ状況が呑み込めてないんだ。怪我の状態はどうなんだ？
何かまだ状況が呑み込めてないんだ。怪我の状態はどうなんだ？
まどか
まどか
右足骨折、腹部にヒビ、その他全身裂傷１７箇所ね
右足骨折、腹部にヒビ、その他全身裂傷１７箇所ね
秀隆
秀隆
うへ……
うへ……
そりゃまた、随分派手にやったもんだ。
そりゃまた、随分派手にやったもんだ。
まどか
まどか
生きてることに感謝しなきゃいけないわよ。
生きてることに感謝しなきゃいけないわよ。
正直言って、最悪の事態が起きてもおかしくはなかった
正直言って、最悪の事態が起きてもおかしくはなかった
秀隆
秀隆
だな……
だな……
まどか
まどか
怪我の方は、骨折も含めて全て治療は完了してるみたい
怪我の方は、骨折も含めて全て治療は完了してるみたい
秀隆
秀隆
医学の進歩に、日々感謝だな
医学の進歩に、日々感謝だな
オレの身体からは、見える外傷は消えてなくなっていた。
オレの身体からは、見える外傷は消えてなくなっていた。
恐らく服の下も同じような状態だろう。
恐らく服の下も同じような状態だろう。
右足の方も、痛むが問題なく動きそうだ。
右足の方も、痛むが問題なく動きそうだ。
まどか
まどか
まだ無理はしないようにって先生が言ってたわ
まだ無理はしないようにって先生が言ってたわ
秀隆
秀隆
ジョギングは控えるようにするよ
ジョギングは控えるようにするよ
まどか
まどか
そんなもの、普段してないくせに
そんなもの、普段してないくせに
秀隆
秀隆
今日からしようと思ってたんだよ
今日からしようと思ってたんだよ
まどか
まどか
落下する直前のことは、その、覚えてる？
落下する直前のことは、その、覚えてる？
秀隆
秀隆
何となくはな……また、見ちまったよ
何となくはな……また、見ちまったよ
話しながら、だけど深くは考えないようにする。
話しながら、だけど深くは考えないようにする。
まどか
まどか
……ご両親のことが引き金になったのかしら
……ご両親のことが引き金になったのかしら
それとも……と言いかけたが、まどかはすぐに一度口を閉じた。
それとも……と言いかけたが、まどかはすぐに一度口を閉じた。
オレが態度を濁すと、まどかはそれ以上深くは聞いてこなかった。
オレが態度を濁すと、まどかはそれ以上深くは聞いてこなかった。
その配慮が地味にありがたい。
その配慮が地味にありがたい。
オレの性格や考えをよく理解してくれている証拠だ。
オレの性格や考えをよく理解してくれている証拠だ。
まどか
まどか
あ、もちろん、私が口を出すことじゃないのは分かってるけれど
あ、もちろん、私が口を出すことじゃないのは分かってるけれど
そしてすかさずフォローを入れる。
そしてすかさずフォローを入れる。
秀隆
秀隆
悪いな、心配させて
悪いな、心配させて
オレは言動を制止させるよう、早口に言葉を挟んだ。
オレは言動を制止させるよう、早口に言葉を挟んだ。
まどか
まどか
ううん……
ううん……
まどかはまだ何か言いたげだったが、結局口にはしなかった。
まどかはまだ何か言いたげだったが、結局口にはしなかった。
まどか
まどか
とにかく無事でよかった
とにかく無事でよかった
秀隆
秀隆
心配したか？
心配したか？
まどか
まどか
当たり前でしょ。それにあなたがいなかったら、どうなっていたか
当たり前でしょ。それにあなたがいなかったら、どうなっていたか
秀隆
秀隆
どう言う意味だ？
どう言う意味だ？
まどか
まどか
だって、突然足場が崩れるなんて想定外だったもの。
だって、突然足場が崩れるなんて想定外だったもの。
下手したら、最悪私たち全員事故に巻き込まれていたかも……
下手したら、最悪私たち全員事故に巻き込まれていたかも……
秀隆
秀隆
なら結果的には最善だったわけだ
なら結果的には最善だったわけだ
まどか
まどか
あなたのその状態を見て、素直には喜べないけれど、ね
あなたのその状態を見て、素直には喜べないけれど、ね
se医務室（杉村さん部屋）
se医務室（杉村さん部屋）
磯部
磯部
……なんだ。もう目が覚めたのか
……なんだ。もう目が覚めたのか
秀隆
秀隆
誰かと思えば、磯部くんじゃないですか。わざわざお見舞いに？
誰かと思えば、磯部くんじゃないですか。わざわざお見舞いに？
磯部
磯部
誰がお前なんかに。まどかを飯に誘うついでだ
誰がお前なんかに。まどかを飯に誘うついでだ
秀隆
秀隆
テレなくてもいいのに
テレなくてもいいのに
磯部
磯部
けっ、あのまま死んでれば良かったんだ
けっ、あのまま死んでれば良かったんだ
まどか
まどか
磯部くん。言っていいことと悪いことがあるわよ
磯部くん。言っていいことと悪いことがあるわよ
磯部
磯部
はいはい。無事でよかった無事でよかった
はいはい。無事でよかった無事でよかった
なんとも投げやりなお見舞いに、思わず笑ってしまった。
なんとも投げやりなお見舞いに、思わず笑ってしまった。
磯部くんに睨まれたので、すぐに真顔に戻す。
磯部くんに睨まれたので、すぐに真顔に戻す。
秀隆
秀隆
ところで、オレはどれくらい眠っていたんだ？
ところで、オレはどれくらい眠っていたんだ？
まどか
まどか
あれから丸３日くらいね
あれから丸３日くらいね
秀隆
秀隆
そんなに寝てたのか……それで、例の取り決めは？
そんなに寝てたのか……それで、例の取り決めは？
まどか
まどか
竹内特務官の元、既に開発の話合いは済んだわ
竹内特務官の元、既に開発の話合いは済んだわ
秀隆
秀隆
そうか……まどかも参加したんだよな？
そうか……まどかも参加したんだよな？
まどか
まどか
ええ
ええ
オレも、できればその場に参加したかったなぁ。
オレも、できればその場に参加したかったなぁ。
もちろん、発言なんて許されるわけは無いだろうが。
もちろん、発言なんて許されるわけは無いだろうが。
街と街の交渉。
街と街の交渉。
それこそが、特務官としてのもっとも華やかな仕事だろう。
それこそが、特務官としてのもっとも華やかな仕事だろう。
これでまた、まどかたちとは経験の差が少し開いてしまったわけだ。
これでまた、まどかたちとは経験の差が少し開いてしまったわけだ。
秀隆
秀隆
なあ
なあ
まどか
まどか
なに？
なに？
秀隆
秀隆
あの時、オレが倒れてた場所に、カプセルが
あの時、オレが倒れてた場所に、カプセルが
まどか
まどか
待って
待って
秀隆
秀隆
ん？
ん？
まどか
まどか
そのことに関しては極秘扱いだから。ここではちょっと
そのことに関しては極秘扱いだから。ここではちょっと
秀隆
秀隆
……極秘
……極秘
まどかは少し大げさに、周りを見渡すように言葉を制止した。
まどかは少し大げさに、周りを見渡すように言葉を制止した。
詳細はともかく、やっぱりあれは、確かにあったんだな……。
詳細はともかく、やっぱりあれは、確かにあったんだな……。
崩落した施設の底で見つけた、少女の入ったカプセル。
崩落した施設の底で見つけた、少女の入ったカプセル。
オレの知っている形とは少し異なるが、
オレの知っている形とは少し異なるが、
あれは、コールドスリープ装置のように思えた。
あれは、コールドスリープ装置のように思えた。
まどか
まどか
せめて今日一日はゆっくり休んで
せめて今日一日はゆっくり休んで
秀隆
秀隆
ああ、わざわざありがとうな。磯部くんも
ああ、わざわざありがとうな。磯部くんも
磯部
磯部
あれで死なれたら
あれで死なれたら
目覚めが悪いから来ただけだ。勘違いすんなよ
目覚めが悪いから来ただけだ。勘違いすんなよ
まどか
まどか
同僚として当然のことよ
同僚として当然のことよ
２人がほぼ同時に、対照的なことを言った。
２人がほぼ同時に、対照的なことを言った。
まどか
まどか
先生もすぐに退院できるって言ってたから。
先生もすぐに退院できるって言ってたから。
目が覚めたことを伝えたら明日にも退院できるんじゃないかしら？
目が覚めたことを伝えたら明日にも退院できるんじゃないかしら？
秀隆
秀隆
そしたら今日は、ゆっくり休もうかな
そしたら今日は、ゆっくり休もうかな
まどか
まどか
オフィスで待ってるから
オフィスで待ってるから
秀隆
秀隆
おう
おう
磯部
磯部
ま、そのまま辞めてくれれば、言うことねぇけどな
ま、そのまま辞めてくれれば、言うことねぇけどな
秀隆
秀隆
あはは、それはちょっと勘弁してください……！
あはは、それはちょっと勘弁してください……！
磯部
磯部
けっ
けっ
二人が退室しようと背を向ける。
二人が退室しようと背を向ける。
秀隆
秀隆
佐々野さん。ちょっと聞きたいことがあるんだ
佐々野さん。ちょっと聞きたいことがあるんだ
まどか
まどか
なに？
なに？
秀隆
秀隆
あいつ……秋は、このことを？
あいつ……秋は、このことを？
まどか
まどか
……ええ
……ええ
一瞬迷ったような顔をしたが、すぐ元に戻った。
一瞬迷ったような顔をしたが、すぐ元に戻った。
まどか
まどか
病院に搬送された直後、すぐ伝えたわ。
病院に搬送された直後、すぐ伝えたわ。
でも……一度もお見舞いとかには、来てないみたい
でも……一度もお見舞いとかには、来てないみたい
秀隆
秀隆
そうか
そうか
まどか
まどか
あ、ほら……命に別状があったわけでもないし
あ、ほら……命に別状があったわけでもないし
秀隆
秀隆
いや。別に気を使う必要はないさ
いや。別に気を使う必要はないさ
秀隆
秀隆
逆にそれを聞けて安心した。
逆にそれを聞けて安心した。
もしもあいつが見舞いに来てたら、家に帰り辛いだろ
もしもあいつが見舞いに来てたら、家に帰り辛いだろ
まどか
まどか
そう……変わらないのね
そう……変わらないのね
秀隆
秀隆
ずっとな。これからも変わらない。
ずっとな。これからも変わらない。
あいつはオレが死んだとしても、顔色一つ変えないだろうさ
あいつはオレが死んだとしても、顔色一つ変えないだろうさ
むしろ……喜ぶだろう。冗談でも何でもなく、本当に。
むしろ……喜ぶだろう。冗談でも何でもなく、本当に。
今にして思えば、調査当日、過去の話を持ち出したのも、
今にして思えば、調査当日、過去の話を持ち出したのも、
オレを憎むが故の行動だったんじゃないだろうか。
オレを憎むが故の行動だったんじゃないだろうか。
露骨に姉の話をしたことも……。
露骨に姉の話をしたことも……。
憶測でしかないが、そこまで秋がする可能性は、十分にある。
憶測でしかないが、そこまで秋がする可能性は、十分にある。
まどか
まどか
…………
…………
秀隆
秀隆
引き止めて悪かったな
引き止めて悪かったな
まどか
まどか
ううん。じゃ、そう言うことで
ううん。じゃ、そう言うことで
秀隆
秀隆
ああ
ああ
まどかが部屋を出る。
まどかが部屋を出る。
ふと、磯部くんが一度振り返る。
ふと、磯部くんが一度振り返る。
磯部
磯部
…………
…………
何か言いたげな表情で、オレを睨むようにしてこちらを見ている。
何か言いたげな表情で、オレを睨むようにしてこちらを見ている。
別にオレたちの話を聞いていたってわけじゃないだろう。
別にオレたちの話を聞いていたってわけじゃないだろう。
秀隆
秀隆
どうかしましたか？
どうかしましたか？
磯部
磯部
なんでもねえよ
なんでもねえよ
そう吐き捨て、部屋を出て行った。
そう吐き捨て、部屋を出て行った。
何か思うことがあったような気がしたけど……。
何か思うことがあったような気がしたけど……。
今のオレには、知りようもないことだった。
今のオレには、知りようもないことだった。
se医務室（杉村さん部屋）
se医務室（杉村さん部屋）
秀隆
秀隆
ふぅ……
ふぅ……
病室にひとり残された後、目を閉じた。
病室にひとり残された後、目を閉じた。
そうだ……オレはどこか、心の片隅に姉のことを追いやっていた。
そうだ……オレはどこか、心の片隅に姉のことを追いやっていた。
思い出すと、精神が不安定になるからだ。
思い出すと、精神が不安定になるからだ。
鼓動が早くなるのを感じる。
鼓動が早くなるのを感じる。
やめろ、落ち着け、落ち着くんだ……。
やめろ、落ち着け、落ち着くんだ……。
考えちゃいけない。
考えちゃいけない。
姉さんのことを、考えないようにしないといけない。
姉さんのことを、考えないようにしないといけない。
でも心のコントロールはとてつもなく難しい。
でも心のコントロールはとてつもなく難しい。
考えないようにするということは、かなり困難なことなのだ。
考えないようにするということは、かなり困難なことなのだ。
秀隆
秀隆
今回も、死ねなかったか……
今回も、死ねなかったか……
あのまま死んでた方が、幸せだったんじゃなかろうか。
あのまま死んでた方が、幸せだったんじゃなかろうか。
秋も、本当の笑顔を取り戻せていたかもしれない。
秋も、本当の笑顔を取り戻せていたかもしれない。
秀隆
秀隆
悪運だけは、強いからなぁ
悪運だけは、強いからなぁ
秀隆
秀隆
一思いに殺してくれた方が、助かるんだけどな……姉さん……
一思いに殺してくれた方が、助かるんだけどな……姉さん……
きっと、そんなオレの心を見透かしているんだろう。
きっと、そんなオレの心を見透かしているんだろう。
だから生かされている。
だから生かされている。
ってオイオイ、だからアレコレ考えたらダメだろ。
ってオイオイ、だからアレコレ考えたらダメだろ。
悪循環に陥る。
悪循環に陥る。
何か良いことを想像しよう、良いことを。
何か良いことを想像しよう、良いことを。
えーっとそうだな、えーっと……。
えーっとそうだな、えーっと……。
そうだ、まどか。
そうだ、まどか。
あいつはやっぱりイイヤツだよな、こんなオレにも見舞いに来てくれるんだから。
あいつはやっぱりイイヤツだよな、こんなオレにも見舞いに来てくれるんだから。
しかし―――あいつは学生の時より胸が大きくなったよなあ。
しかし―――あいつは学生の時より胸が大きくなったよなあ。
秀隆
秀隆
胸か……
胸か……
まどかの裸……。
まどかの裸……。
悶々と想像するが、肝心な部分が上手くいかない。
悶々と想像するが、肝心な部分が上手くいかない。
秀隆
秀隆
……いかん、妙な気分になってきた
……いかん、妙な気分になってきた
秀隆
秀隆
うん……ちょっと、この気分は払拭しないとな……
うん……ちょっと、この気分は払拭しないとな……
…………。
…………。
……。
……。
しばらくして、眠りから覚めたオレは
しばらくして、眠りから覚めたオレは
ぼーっとベッドの上で過ごしていた。
ぼーっとベッドの上で過ごしていた。
杉村
杉村
島津くん
島津くん
秀隆
秀隆
あ、杉村さん
あ、杉村さん
杉村
杉村
目が覚めたって聞いたから、お見舞いに
目が覚めたって聞いたから、お見舞いに
秀隆
秀隆
わざわざすみません、ありがとうございます
わざわざすみません、ありがとうございます
杉村
杉村
あらあら、島津くんらしくないわね。
あらあら、島津くんらしくないわね。
てっきり会うなりセクハラ発言されると思ってた。ごめんなさい
てっきり会うなりセクハラ発言されると思ってた。ごめんなさい
秀隆
秀隆
やめてくださいよ。オレだっていつも
やめてくださいよ。オレだっていつも
エロいこと考えてるわけじゃないんです
エロいこと考えてるわけじゃないんです
オレの真面目な顔つきに、杉村さんが驚いた。
オレの真面目な顔つきに、杉村さんが驚いた。
杉村
杉村
見直したわ。島津くん
見直したわ。島津くん
秀隆
秀隆
どもっす
どもっす
杉村
杉村
あら、ティッシュが切れてるわね？
あら、ティッシュが切れてるわね？
後で補充しておかないといけないわねぇ
後で補充しておかないといけないわねぇ
秀隆
秀隆
そそそ、そうっすね。最初から切れてたみたいですよ！
そそそ、そうっすね。最初から切れてたみたいですよ！
杉村
杉村
ごめんなさい。そんなに必死になるなんて……必要だった？
ごめんなさい。そんなに必死になるなんて……必要だった？
秀隆
秀隆
ひひひ、必死じゃないです！
ひひひ、必死じゃないです！
杉村
杉村
？
？
こちらの慌てように、一人首を傾げる杉村さん。
こちらの慌てように、一人首を傾げる杉村さん。
秀隆
秀隆
あ、えっと、オレいつ退院できますかね？
あ、えっと、オレいつ退院できますかね？
空のティッシュから視線を背けさせるため話題を変える。
空のティッシュから視線を背けさせるため話題を変える。
杉村
杉村
身体の方はもう大丈夫よ。明日からでも仕事に戻れると思います
身体の方はもう大丈夫よ。明日からでも仕事に戻れると思います
秀隆
秀隆
そうですか。ご迷惑おかけしました
そうですか。ご迷惑おかけしました
杉村
杉村
よかったわね
よかったわね
優しく笑ってから、椅子に腰かけた。
優しく笑ってから、椅子に腰かけた。
秀隆
秀隆
まだ仕事中なんじゃ？
まだ仕事中なんじゃ？
杉村
杉村
うん、そうなんだけど……ちょっと気がかりがあって
うん、そうなんだけど……ちょっと気がかりがあって
杉村
杉村
島津くん、幻覚を見たそうね
島津くん、幻覚を見たそうね
秀隆
秀隆
あぁ……やっぱり耳に入っちゃいましたか
あぁ……やっぱり耳に入っちゃいましたか
秀隆
秀隆
もしかしたら、完治したのかも、なんて思ってたのに……
もしかしたら、完治したのかも、なんて思ってたのに……
杉村
杉村
何か、心に触れるような出来事でもあった？
何か、心に触れるような出来事でもあった？
オレは脳裏に秋と交わした会話が浮かんだが、
オレは脳裏に秋と交わした会話が浮かんだが、
それを言っても、始まりはしないだろう。
それを言っても、始まりはしないだろう。
秀隆
秀隆
もしかしたら、両親のことを考えたせいかも知れません
もしかしたら、両親のことを考えたせいかも知れません
まどかの言葉を拝借することにした。
まどかの言葉を拝借することにした。
秋の話題はできるだけしたくない。
秋の話題はできるだけしたくない。
杉村
杉村
確か、島津くんのご家族は……
確か、島津くんのご家族は……
秀隆
秀隆
はい。調査中の落盤事故で亡くなりました
はい。調査中の落盤事故で亡くなりました
秀隆
秀隆
考えないようにはしてましたが、
考えないようにはしてましたが、
なんとなく、それが幻覚の引き金だったのかも
なんとなく、それが幻覚の引き金だったのかも
秀隆
秀隆
…………
…………
少しだけ、ずきりと頭の中が痛くなった。
少しだけ、ずきりと頭の中が痛くなった。
杉村
杉村
ごめんね
ごめんね
そんなオレを敏感に感じ取ったのか、杉村さんが申し訳なく謝る。
そんなオレを敏感に感じ取ったのか、杉村さんが申し訳なく謝る。
秀隆
秀隆
いやいや、すみません。大丈夫っす
いやいや、すみません。大丈夫っす
秀隆
秀隆
特務官をやると決めてから、覚悟していましたから
特務官をやると決めてから、覚悟していましたから
杉村
杉村
そう……私が知らないうちに、島津くんは大きくなったのね
そう……私が知らないうちに、島津くんは大きくなったのね
秀隆
秀隆
別のところも、太く逞しくなりましたよ。見ます？
別のところも、太く逞しくなりましたよ。見ます？
わざとらしく、元気なところをアピールするためにセクハラ発言をしてみた。
わざとらしく、元気なところをアピールするためにセクハラ発言をしてみた。
杉村
杉村
うふふ、見てあげましょうか？　本当に太く逞しいのなら
うふふ、見てあげましょうか？　本当に太く逞しいのなら
秀隆
秀隆
は、はは……やっぱりやめておきます……
は、はは……やっぱりやめておきます……
そっちの方には、全く持って自信がない。
そっちの方には、全く持って自信がない。
唐沢さんとか、絶対極太だからな（勝手な想像）。
唐沢さんとか、絶対極太だからな（勝手な想像）。
秀隆
秀隆
やっぱり治ってないんですかね……
やっぱり治ってないんですかね……
杉村
杉村
多少心の乱れはあるみたいだけど、当時と比べれば、全然いいわけだし
多少心の乱れはあるみたいだけど、当時と比べれば、全然いいわけだし
杉村
杉村
確実に完治に近づいているはずよ。あなたはよくやってる
確実に完治に近づいているはずよ。あなたはよくやってる
杉村
杉村
正面から、過去と向き合っていく
正面から、過去と向き合っていく
覚悟がなければ、特務官をやろうとは思わないはずよ
覚悟がなければ、特務官をやろうとは思わないはずよ
秀隆
秀隆
そんな大したもんじゃないッスよ
そんな大したもんじゃないッスよ
立ち向かう理由が出来ただけのことだ。
立ち向かう理由が出来ただけのことだ。
杉村
杉村
じゃあ今日のところは、私はこれで失礼するわね
じゃあ今日のところは、私はこれで失礼するわね
秀隆
秀隆
いつでもきてください。待ってますから
いつでもきてください。待ってますから
杉村
杉村
お断りします。何度も怪我をした君を見たくないから
お断りします。何度も怪我をした君を見たくないから
秀隆
秀隆
ははは
ははは
杉村
杉村
あ、忘れてたけど、これ
あ、忘れてたけど、これ
そう言い、一枚の紙を差し出される。
そう言い、一枚の紙を差し出される。
秀隆
秀隆
何ですか？　もしかして杉村さんからのラブレターとか？
何ですか？　もしかして杉村さんからのラブレターとか？
杉村
杉村
私からじゃないけど、ある意味ラブレターみたいなものね
私からじゃないけど、ある意味ラブレターみたいなものね
冗談のつもりだったのだが、一体なんだろうか。
冗談のつもりだったのだが、一体なんだろうか。
オレはワクワクしながらその紙に目を通す。
オレはワクワクしながらその紙に目を通す。
杉村
杉村
今回の治療費。結構高くついてるわよ？
今回の治療費。結構高くついてるわよ？
秀隆
秀隆
……本当だ
……本当だ
杉村
杉村
結構な怪我だったから。それじゃ、お大事に
結構な怪我だったから。それじゃ、お大事に
秀隆
秀隆
…………
…………
０が１個多いと突っ込みたくなる請求額を見て、がっくりとうな垂れる。
０が１個多いと突っ込みたくなる請求額を見て、がっくりとうな垂れる。
こりゃ分割払いするしかないな。
こりゃ分割払いするしかないな。
秀隆
秀隆
帰ったらアクセラに怒られるな……
帰ったらアクセラに怒られるな……
特務官になっても、しばらくは苦しい生活が続きそうだ。
特務官になっても、しばらくは苦しい生活が続きそうだ。
杉村さんが去った後、病室は急に静けさに包まれた。
杉村さんが去った後、病室は急に静けさに包まれた。
オレは横になると布団にくるまる。
オレは横になると布団にくるまる。
今日は眠ろう。
今日は眠ろう。
また、明日から特務官としての日々が始まる。
また、明日から特務官としての日々が始まる。
…………。
…………。
……。
……。
