秀隆
秀隆
あの、本当にいいんですか？　軽くお話をするだけなのに……
あの、本当にいいんですか？　軽くお話をするだけなのに……
龍也
龍也
僕は大河内代表に、ここを自由に使うことを許されているから
僕は大河内代表に、ここを自由に使うことを許されているから
そう言って爽やかに笑う。
そう言って爽やかに笑う。
龍也
龍也
遠慮しないで座ってほしい
遠慮しないで座ってほしい
秀隆
秀隆
失礼します
失礼します
オレは、会釈してソファーへと座った。
オレは、会釈してソファーへと座った。
龍也
龍也
改まって話がしたいと言われて、カジノフロアでともいかないしね
改まって話がしたいと言われて、カジノフロアでともいかないしね
秀隆
秀隆
すみません
すみません
龍也
龍也
それで、僕に話って何かな？
それで、僕に話って何かな？
秀隆
秀隆
遠まわしな言い方をしてもアレなので、そのまま言います
遠まわしな言い方をしてもアレなので、そのまま言います
秀隆
秀隆
実は、最近希望が、高坂特務官との関係に少し戸惑ってるみたいなんです
実は、最近希望が、高坂特務官との関係に少し戸惑ってるみたいなんです
龍也
龍也
えーっと、それはどういう意味かな
えーっと、それはどういう意味かな
秀隆
秀隆
あ、悪くとらないでください。
あ、悪くとらないでください。
ただ、接し方が分からずにいると言いますか
ただ、接し方が分からずにいると言いますか
秀隆
秀隆
駄目だ……遠まわしになってるな。すみません、改めて言います
駄目だ……遠まわしになってるな。すみません、改めて言います
龍也
龍也
うん？
うん？
秀隆
秀隆
高坂特務官には、実は好きな女性がいらっしゃるんじゃないかと
高坂特務官には、実は好きな女性がいらっしゃるんじゃないかと
龍也
龍也
……驚いたな。一体どこからそんな話が？
……驚いたな。一体どこからそんな話が？
秀隆
秀隆
希望からです
希望からです
龍也
龍也
まさか。僕は希望ちゃん以外に相手なんていないよ？
まさか。僕は希望ちゃん以外に相手なんていないよ？
秀隆
秀隆
もちろん浮気とか、そういうことじゃないのは分かっています
もちろん浮気とか、そういうことじゃないのは分かっています
秀隆
秀隆
でも、希望が言うには、高坂特務官は長谷川さんが好きだと
でも、希望が言うには、高坂特務官は長谷川さんが好きだと
龍也
龍也
僕が不思議に思ったことを聞いてもいいかい？
僕が不思議に思ったことを聞いてもいいかい？
秀隆
秀隆
はい。何でしょうか
はい。何でしょうか
龍也
龍也
希望ちゃんは、君にそんなことまで相談していた、と言う事実に驚いてるよ
希望ちゃんは、君にそんなことまで相談していた、と言う事実に驚いてるよ
龍也
龍也
それだけ、君は希望ちゃんに頼りにされているのかな、ってね
それだけ、君は希望ちゃんに頼りにされているのかな、ってね
秀隆
秀隆
自分は元教師なので、それも影響しているんじゃないかと
自分は元教師なので、それも影響しているんじゃないかと
秀隆
秀隆
学生と教師と思えば、相談事を受けても不思議じゃありません
学生と教師と思えば、相談事を受けても不思議じゃありません
龍也
龍也
僕はてっきり、君と彼女にちょっとした関係があるんだと思った
僕はてっきり、君と彼女にちょっとした関係があるんだと思った
秀隆
秀隆
ま、まさか。そんなことは絶対に無いです
ま、まさか。そんなことは絶対に無いです
龍也
龍也
今までも、これからも、かい？
今までも、これからも、かい？
秀隆
秀隆
先のことまで確約は出来ませんが……今はまだ何も
先のことまで確約は出来ませんが……今はまだ何も
龍也
龍也
素直だな君は
素直だな君は
秀隆
秀隆
それでその……長谷川さんのことなんですが
それでその……長谷川さんのことなんですが
龍也
龍也
確かに僕は彼女と親しくしている。
確かに僕は彼女と親しくしている。
でもそれは、学生時代からの長い付き合いだからなんだよ
でもそれは、学生時代からの長い付き合いだからなんだよ
秀隆
秀隆
同級生、ですか
同級生、ですか
龍也
龍也
いや。彼女は１つ下なんだけどね、いつも一緒に行動していた
いや。彼女は１つ下なんだけどね、いつも一緒に行動していた
龍也
龍也
それで、そういう風に希望ちゃんに見られちゃったんじゃないかな
それで、そういう風に希望ちゃんに見られちゃったんじゃないかな
秀隆
秀隆
じゃあ希望が思っているようなことはないんですね
じゃあ希望が思っているようなことはないんですね
龍也
龍也
もちろん
もちろん
秀隆
秀隆
そうですか、良かったです
そうですか、良かったです
そう言いながら、オレは心のどこかで、
そう言いながら、オレは心のどこかで、
少しだけ残念だと言う気持ちがあることに気づいた。
少しだけ残念だと言う気持ちがあることに気づいた。
それがどうしてなのかは分からない。
それがどうしてなのかは分からない。
龍也
龍也
もしかして、このことを確かめるためにわざわざ？
もしかして、このことを確かめるためにわざわざ？
秀隆
秀隆
彼女にとっては、とても大切なことです。
彼女にとっては、とても大切なことです。
頼られた以上、やれることはやっておきたいと思っていたので
頼られた以上、やれることはやっておきたいと思っていたので
龍也
龍也
何事にも全力ってことか。いいね
何事にも全力ってことか。いいね
龍也
龍也
そう言う真っ直ぐなところは、君の武器だよ
そう言う真っ直ぐなところは、君の武器だよ
ソファーから立ち上がり、高坂特務官が笑った。
ソファーから立ち上がり、高坂特務官が笑った。
龍也
龍也
よかったら、この後少し一緒にカジノで遊んでいかないかい？
よかったら、この後少し一緒にカジノで遊んでいかないかい？
秀隆
秀隆
お付き合いさせていただきます
お付き合いさせていただきます
龍也
龍也
君の運がどれほどのものか、見させてもらうよ
君の運がどれほどのものか、見させてもらうよ
オレは高坂特務官と共に、フロアに向かうことを決めた。
オレは高坂特務官と共に、フロアに向かうことを決めた。
もちろん、結果は言うまでもなく惨敗に終わった。
もちろん、結果は言うまでもなく惨敗に終わった。
秀隆
秀隆
……しかし……
……しかし……
ミイラ取りがミイラになる、と言うか。
ミイラ取りがミイラになる、と言うか。
希望に気があると思っていた……か。
希望に気があると思っていた……か。
秀隆
秀隆
オレが？　まさか……
オレが？　まさか……
だけど、オレは確かに残念だと思っていた。
だけど、オレは確かに残念だと思っていた。
どこか高坂特務官が、恋さんのことを、気にかけていてくれないかと。
どこか高坂特務官が、恋さんのことを、気にかけていてくれないかと。
そうすれば―――と。
そうすれば―――と。
秀隆
秀隆
まさか……
まさか……
…………。
…………。
……。
……。
