龍也
龍也
少しよろしいですか、大河内代表
少しよろしいですか、大河内代表
麦蔵
麦蔵
悪いが後にしろ。今少し立てこんでる
悪いが後にしろ。今少し立てこんでる
龍也
龍也
……そうしたいところですが、急ぎ耳に入れたほうがよいかと
……そうしたいところですが、急ぎ耳に入れたほうがよいかと
麦蔵
麦蔵
わかった。なんだ？
わかった。なんだ？
龍也
龍也
出来れば、彼には席をはずしていただきたいのですが
出来れば、彼には席をはずしていただきたいのですが
麦蔵
麦蔵
かまわん。今は俺の護衛だ、そう教えたはずだが？
かまわん。今は俺の護衛だ、そう教えたはずだが？
龍也
龍也
しかし
しかし
麦蔵
麦蔵
俺がいいと言ったんだ。二度は言わせるな
俺がいいと言ったんだ。二度は言わせるな
龍也
龍也
失礼しました。実は本日、島津特務官が僕のもとへきました
失礼しました。実は本日、島津特務官が僕のもとへきました
龍也
龍也
そこで思いがけぬ名前が出まして
そこで思いがけぬ名前が出まして
麦蔵
麦蔵
思いがけない名前？
思いがけない名前？
龍也
龍也
柳沢製薬
柳沢製薬
麦蔵
麦蔵
……なぜ奴からその名前が出る。接点はないだろ
……なぜ奴からその名前が出る。接点はないだろ
龍也
龍也
違法アンドロイドとの接点を探っています
違法アンドロイドとの接点を探っています
麦蔵
麦蔵
バカな。どこからそれが漏れた。クイーンか？
バカな。どこからそれが漏れた。クイーンか？
龍也
龍也
どうでしょう。可能性はありますが、
どうでしょう。可能性はありますが、
彼女らに情報を掴まれるようなミスは特になかったかと
彼女らに情報を掴まれるようなミスは特になかったかと
麦蔵
麦蔵
柳沢自身のミスはどうだ
柳沢自身のミスはどうだ
龍也
龍也
彼の首が絞まることですからね、
彼の首が絞まることですからね、
もし何かミスを冒したなら、すぐ報告に来ているでしょう
もし何かミスを冒したなら、すぐ報告に来ているでしょう
麦蔵
麦蔵
出所は不明か
出所は不明か
龍也
龍也
今はまだこちらとの接点に気づいては居ないと思いますが、
今はまだこちらとの接点に気づいては居ないと思いますが、
このまま問題を放置すれば、最悪答えにたどり着くかも知れません
このまま問題を放置すれば、最悪答えにたどり着くかも知れません
麦蔵
麦蔵
どうするべきだと考える
どうするべきだと考える
龍也
龍也
今の研究施設を破棄させ、証拠を隠滅するのが先決でしょう
今の研究施設を破棄させ、証拠を隠滅するのが先決でしょう
龍也
龍也
柳沢氏自身にもこのことを通達し、管理の再徹底を促すべきかと
柳沢氏自身にもこのことを通達し、管理の再徹底を促すべきかと
麦蔵
麦蔵
よし、その処理はおまえに任せる
よし、その処理はおまえに任せる
龍也
龍也
畏まりました
畏まりました
恭一
恭一
……色々と大変だなおまえも
……色々と大変だなおまえも
龍也
龍也
これが仕事ですから。では
これが仕事ですから。では
麦蔵
麦蔵
島津と言う男は面白い男だが、目障りな部分も多いな
島津と言う男は面白い男だが、目障りな部分も多いな
恭一
恭一
それだけ脅威に感じてるってことだろ
それだけ脅威に感じてるってことだろ
麦蔵
麦蔵
かもな……
かもな……
麦蔵
麦蔵
ひとつ頼まれちゃくれねぇか
ひとつ頼まれちゃくれねぇか
恭一
恭一
断ると言ったら？
断ると言ったら？
麦蔵
麦蔵
おまえにしか出来そうにないことだ
おまえにしか出来そうにないことだ
恭一
恭一
はぁん。ま、聞くだけ聞いてやる
はぁん。ま、聞くだけ聞いてやる
麦蔵
麦蔵
俺はにまとわりついているスパイ、そいつを排除したい
俺はにまとわりついているスパイ、そいつを排除したい
恭一
恭一
スパイ？
スパイ？
麦蔵
麦蔵
おまえもよく知る人物だ
おまえもよく知る人物だ
恭一
恭一
で、そのスパイをオレに始末しろと？
で、そのスパイをオレに始末しろと？
麦蔵
麦蔵
舞台は俺が用意する
舞台は俺が用意する
恭一
恭一
気乗りはしないが、話くらいは聞いてやるよ。多少面白そうだ
気乗りはしないが、話くらいは聞いてやるよ。多少面白そうだ
オレは立ち上がる。
オレは立ち上がる。
恭一
恭一
遊びのつもりでやってみるのも悪くない
遊びのつもりでやってみるのも悪くない
静乃
静乃
失礼します
失礼します
麦蔵
麦蔵
来たな
来たな
オッサンと飯を食っていると、静乃がやってきた。
オッサンと飯を食っていると、静乃がやってきた。
麦蔵
麦蔵
恭一の隣に座れ
恭一の隣に座れ
静乃
静乃
失礼します
失礼します
言われるまま、オレの隣に腰を下ろした。
言われるまま、オレの隣に腰を下ろした。
麦蔵
麦蔵
おまえとこうして飯を食うのは久しぶりだな、静乃
おまえとこうして飯を食うのは久しぶりだな、静乃
そういい、コップにビールを注ぎ差し出す。
そういい、コップにビールを注ぎ差し出す。
静乃
静乃
ありがとうございます、いただきます
ありがとうございます、いただきます
静乃は頭を下げ、ビールをいっぱい飲み干した。
静乃は頭を下げ、ビールをいっぱい飲み干した。
麦蔵
麦蔵
俺はこいつの飲みっぷりも気に入ってる
俺はこいつの飲みっぷりも気に入ってる
恭一
恭一
で、オレとこいつを引き合わせてどうしようってんだ？
で、オレとこいつを引き合わせてどうしようってんだ？
静乃もそれが気になったのか、おっさんに視線を向ける。
静乃もそれが気になったのか、おっさんに視線を向ける。
麦蔵
麦蔵
静乃。ひとつ俺に頼まれちゃくれないか？
静乃。ひとつ俺に頼まれちゃくれないか？
静乃
静乃
なんでしょう？
なんでしょう？
麦蔵
麦蔵
こいつは目覚めてからまだ一度も女を抱いてない。抱かせてやってくれ
こいつは目覚めてからまだ一度も女を抱いてない。抱かせてやってくれ
静乃
静乃
……大河内代表のお願いとあれば、お断りする理由はありませんが……
……大河内代表のお願いとあれば、お断りする理由はありませんが……
一度静乃はオレを見る。
一度静乃はオレを見る。
麦蔵
麦蔵
男としては文句のつけようがないはずだ
男としては文句のつけようがないはずだ
静乃
静乃
はい。だからこそ、何故私なのか、と言う疑問が残ります
はい。だからこそ、何故私なのか、と言う疑問が残ります
麦蔵
麦蔵
おまえがとびきり良い女だから、ってのじゃダメなのか？
おまえがとびきり良い女だから、ってのじゃダメなのか？
どうせなら最高の女を抱かせてやりたいじゃねえか
どうせなら最高の女を抱かせてやりたいじゃねえか
静乃
静乃
ありがとうございます
ありがとうございます
恭一
恭一
あんたのお古ってのは、どうも気に入らないがな
あんたのお古ってのは、どうも気に入らないがな
麦蔵
麦蔵
安心しろ。使い古したわけじゃない。こいつは俺のお気に入りだ
安心しろ。使い古したわけじゃない。こいつは俺のお気に入りだ
麦蔵
麦蔵
てめぇには今日一日貸し出すだけよ
てめぇには今日一日貸し出すだけよ
恭一
恭一
なるほど
なるほど
麦蔵
麦蔵
他にも理由はあるぜ。こいつの身体はちょっと異常なんだよ
他にも理由はあるぜ。こいつの身体はちょっと異常なんだよ
恭一
恭一
悪いな、巨根で
悪いな、巨根で
麦蔵
麦蔵
あ？　ぶははは、そういうことだけじゃねえ
あ？　ぶははは、そういうことだけじゃねえ
麦蔵
麦蔵
おまえの傷跡はあまりに目立ちすぎるってことだ
おまえの傷跡はあまりに目立ちすぎるってことだ
恭一
恭一
そういうことか
そういうことか
静乃
静乃
傷跡ですか
傷跡ですか
麦蔵
麦蔵
ああ。こいつの身体には無数の傷跡がある。
ああ。こいつの身体には無数の傷跡がある。
事情の知らない女が見れば、それこそ逃げ出すほどのな。
事情の知らない女が見れば、それこそ逃げ出すほどのな。
だが、その点おまえなら何も気にする必要はない、違うか？
だが、その点おまえなら何も気にする必要はない、違うか？
静乃
静乃
色々な意味で、私が適任と言うことですね
色々な意味で、私が適任と言うことですね
恭一
恭一
ま、女を抱きたいと思ってたのは事実だ。オレは拒む理由はない
ま、女を抱きたいと思ってたのは事実だ。オレは拒む理由はない
静乃
静乃
私も事態は把握しました。よろしくお願いします
私も事態は把握しました。よろしくお願いします
程なくして、料理が運ばれてくる。
程なくして、料理が運ばれてくる。
麦蔵
麦蔵
遠慮せず食え
遠慮せず食え
静乃
静乃
ありがとうございます
ありがとうございます
恭一
恭一
あんたは食わないのか？
あんたは食わないのか？
運ばれてきた料理は２人前。
運ばれてきた料理は２人前。
麦蔵
麦蔵
俺はこの後、別件で高坂と飯を食うことになってる。気にするな
俺はこの後、別件で高坂と飯を食うことになってる。気にするな
麦蔵
麦蔵
静乃。おまえの評判は後を絶たないな。ひっきりなしに客が来るそうじゃねえか
静乃。おまえの評判は後を絶たないな。ひっきりなしに客が来るそうじゃねえか
静乃
静乃
おかげさまで、なんとかやらせていただいております
おかげさまで、なんとかやらせていただいております
麦蔵
麦蔵
身体目当ての男も少なくないだろ
身体目当ての男も少なくないだろ
静乃
静乃
どうでしょうか。さほど興味はありません
どうでしょうか。さほど興味はありません
麦蔵
麦蔵
おまえはいい女だが、ノリが悪いのだけはどうしようもねえな
おまえはいい女だが、ノリが悪いのだけはどうしようもねえな
静乃
静乃
それが私ですので。すみません
それが私ですので。すみません
麦蔵
麦蔵
こんな女だが、体は保証するぜ
こんな女だが、体は保証するぜ
恭一
恭一
穴があればいい
穴があればいい
麦蔵
麦蔵
く、くははは、穴があればいいか。そりゃいい
く、くははは、穴があればいいか。そりゃいい
何が面白いのか、愉快そうに笑う。
何が面白いのか、愉快そうに笑う。
静乃
静乃
では恭一さんは、男性でもよろしいのですか？
では恭一さんは、男性でもよろしいのですか？
麦蔵
麦蔵
そう苛めてやるな静乃
そう苛めてやるな静乃
恭一
恭一
そうだな。別に男でも問題はなさそうだ
そうだな。別に男でも問題はなさそうだ
麦蔵
麦蔵
むぐっ……
むぐっ……
酒を飲んでいたおっさんがむせた。
酒を飲んでいたおっさんがむせた。
静乃
静乃
もしかしたら、大河内代表をお望みなのでは？
もしかしたら、大河内代表をお望みなのでは？
麦蔵
麦蔵
……バカを言うな
……バカを言うな
恭一
恭一
ま、好き好んでオッサンのケツにいれたくはない。どうせなら女だが
ま、好き好んでオッサンのケツにいれたくはない。どうせなら女だが
麦蔵
麦蔵
…………
…………
静乃
静乃
今少しホッとされました？
今少しホッとされました？
麦蔵
麦蔵
してねぇよ
してねぇよ
それから１時間ほど飲食を繰り返した。
それから１時間ほど飲食を繰り返した。
麦蔵
麦蔵
そろそろ高坂と待ち合わせの時間になる、
そろそろ高坂と待ち合わせの時間になる、
おまえらはさっさと行って来い
おまえらはさっさと行って来い
恭一
恭一
んじゃ、お言葉に甘えさせてもらうことにする。いくぞ
んじゃ、お言葉に甘えさせてもらうことにする。いくぞ
静乃
静乃
わかりました
わかりました
静乃
静乃
失礼します
失礼します
恭一
恭一
オッサンの言うことだからって、いいのか？
オッサンの言うことだからって、いいのか？
静乃
静乃
私は元々、大河内代表に拾われた身です。お役に立てるなら構いません
私は元々、大河内代表に拾われた身です。お役に立てるなら構いません
恭一
恭一
でもいいのか？　オレに抱かれたら、おっさんとのセックスが嫌になるぜ？
でもいいのか？　オレに抱かれたら、おっさんとのセックスが嫌になるぜ？
静乃
静乃
一度も女性を抱いた記憶がなくても、ですか？
一度も女性を抱いた記憶がなくても、ですか？
恭一
恭一
テクってのは体が覚えてるもんなんだ
テクってのは体が覚えてるもんなんだ
静乃
静乃
楽しみです
楽しみです
そういい、静乃はオレの手に自らの手を絡めて来た。
そういい、静乃はオレの手に自らの手を絡めて来た。
特に拒む理由はない。
特に拒む理由はない。
静乃
静乃
大きくて、力強い手ですね
大きくて、力強い手ですね
恭一
恭一
おまえの手は……うわ、毛深すぎだろ
おまえの手は……うわ、毛深すぎだろ
静乃
静乃
……ありませんけど
……ありませんけど
恭一
恭一
勘違いだったみたいだ。スベスベだな
勘違いだったみたいだ。スベスベだな
静乃
静乃
どういう勘違いなのか……理解に苦しみますね
どういう勘違いなのか……理解に苦しみますね
恭一
恭一
さっさといくか
さっさといくか
静乃
静乃
はい
はい
恋
恋
あ、あれ……恭一さん？
あ、あれ……恭一さん？
オレと静乃がホテルに向かう途中、恋と会った。
オレと静乃がホテルに向かう途中、恋と会った。
恭一
恭一
今帰りか？　今日は随分遅いな
今帰りか？　今日は随分遅いな
恋
恋
打ち合わせが長引いてしまって……
打ち合わせが長引いてしまって……
静乃はさりげなくオレの手から逃れる。
静乃はさりげなくオレの手から逃れる。
静乃
静乃
こんばんは、長谷川さん
こんばんは、長谷川さん
恋
恋
こんばんは……お二人とも、お知り合いだったんですね
こんばんは……お二人とも、お知り合いだったんですね
恭一
恭一
前にカジノで遊んでからな。つっても、会うのはこれが３度目か？
前にカジノで遊んでからな。つっても、会うのはこれが３度目か？
静乃
静乃
先ほどまで、大河内代表とお食事をしていたんです
先ほどまで、大河内代表とお食事をしていたんです
恭一
恭一
その帰りだ
その帰りだ
恋
恋
そうなんですか……
そうなんですか……
恋は、オレの左手をじっと見ていた。
恋は、オレの左手をじっと見ていた。
恋
恋
これから、帰りですか？　一緒に帰ります？
これから、帰りですか？　一緒に帰ります？
恭一
恭一
いや、少し寄り道をしてから帰る
いや、少し寄り道をしてから帰る
恋
恋
そ、そうですか……
そ、そうですか……
恭一
恭一
行くぞ静乃
行くぞ静乃
静乃
静乃
あの、よろしいんですか？
あの、よろしいんですか？
恭一
恭一
なにが
なにが
静乃
静乃
また、後日でもいいんですよ？
また、後日でもいいんですよ？
恭一
恭一
別に気にする必要はない。ただの同居人だ
別に気にする必要はない。ただの同居人だ
恋
恋
私……先に帰ってますね
私……先に帰ってますね
恭一
恭一
そうしろ
そうしろ
静乃
静乃
彼女、ずっとあなたの手を見てましたね
彼女、ずっとあなたの手を見てましたね
恭一
恭一
だから？
だから？
静乃
静乃
いえ、別に
いえ、別に
オレは自ら左手を伸ばし、静乃の手を握った。
オレは自ら左手を伸ばし、静乃の手を握った。
恭一
恭一
逃げ口上を与えるつもりはないぜ
逃げ口上を与えるつもりはないぜ
静乃
静乃
そのつもりはないので、ご安心を
そのつもりはないので、ご安心を
予め大河内が予約していたホテルへと入る。
予め大河内が予約していたホテルへと入る。
部屋の番号は１３２０号室。
部屋の番号は１３２０号室。
オレと静乃は並んでエレベーターに乗り込んだ。
オレと静乃は並んでエレベーターに乗り込んだ。
恭一
恭一
悪くないホテルだな
悪くないホテルだな
静乃
静乃
最近オープンしたばかりと聞いています
最近オープンしたばかりと聞いています
恭一
恭一
はぁん
はぁん
静乃
静乃
私はシャワーを浴びてきます
私はシャワーを浴びてきます
恭一
恭一
いや、必要ない
いや、必要ない
オレはシャワー室に向かおうとする静乃の腕を引き、ベッドに倒した。
オレはシャワー室に向かおうとする静乃の腕を引き、ベッドに倒した。
静乃
静乃
強引なんですね
強引なんですね
恭一
恭一
ワイルドだろぉ？
ワイルドだろぉ？
静乃
静乃
はぁ……
はぁ……
恭一
恭一
悪いが、全開で行かせてもらうぞ
悪いが、全開で行かせてもらうぞ
静乃
静乃
お手並みを拝見させていただきます
お手並みを拝見させていただきます
オレは静乃の上にまたがり、ゆっくりと顔を近づけた。
オレは静乃の上にまたがり、ゆっくりと顔を近づけた。
隠しシナリオ・その１６』静乃H
隠しシナリオ・その１６』静乃H
その瞬間、静乃腕がオレの首を狙って飛んでくる。
その瞬間、静乃腕がオレの首を狙って飛んでくる。
静乃
静乃
っ！？
っ！？
オレは、その腕を待っていたかのように掴みあげた。
オレは、その腕を待っていたかのように掴みあげた。
恭一
恭一
当然、隙を突くならここしかないよな？
当然、隙を突くならここしかないよな？
オスは射精直後、その一瞬無防備になる。
オスは射精直後、その一瞬無防備になる。
予め予測していなければ、不意を突かれるウィークポイントだ。
予め予測していなければ、不意を突かれるウィークポイントだ。
静乃
静乃
貴様……
貴様……
恭一
恭一
ここ数か月、おっさんとセックスする機会がないって言ったろ？
ここ数か月、おっさんとセックスする機会がないって言ったろ？
残念だが、おっさんはある程度おまえが怪しいと目星をつけていたからだ
残念だが、おっさんはある程度おまえが怪しいと目星をつけていたからだ
恭一
恭一
いつ寝首をかかれるかわからない、ってな
いつ寝首をかかれるかわからない、ってな
恭一
恭一
まぁ、オレを当て馬に使うあたり、どうかとも思うが
まぁ、オレを当て馬に使うあたり、どうかとも思うが
静乃
静乃
なるほど。さすがにバカではないということか
なるほど。さすがにバカではないということか
絶頂を迎えたばかりとは思えない。
絶頂を迎えたばかりとは思えない。
淡々とした表情でオレを見下ろしている。
淡々とした表情でオレを見下ろしている。
静乃
静乃
なぜこんな回りくどいことをした。
なぜこんな回りくどいことをした。
それだけ疑っていたのなら、もっとやりようもあったはずだ
それだけ疑っていたのなら、もっとやりようもあったはずだ
恭一
恭一
おっさんはそのつもりだったらしいけどな
おっさんはそのつもりだったらしいけどな
オレは笑う。
オレは笑う。
恭一
恭一
この方がおもしろそうだと思ったからだ。ただそれだけだ
この方がおもしろそうだと思ったからだ。ただそれだけだ
静乃
静乃
それで命をおとすことになってもか？
それで命をおとすことになってもか？
静乃が、ぐっと腕を前に、オレの首を狙う。
静乃が、ぐっと腕を前に、オレの首を狙う。
恭一
恭一
……すごい力だな
……すごい力だな
オレは全力で腕を抑えているが、ゆっくりと首に手が近づいてくる。
オレは全力で腕を抑えているが、ゆっくりと首に手が近づいてくる。
静乃
静乃
貴様も大したものだ。私の腕を握る握力は、１００を軽く超えている
貴様も大したものだ。私の腕を握る握力は、１００を軽く超えている
静乃
静乃
それに、その冷静さ。とても人間とは思えないな
それに、その冷静さ。とても人間とは思えないな
恭一
恭一
そういうお前は、アンドロイド。いや、まさかセックスがこんなに気持ちいいなんてな
そういうお前は、アンドロイド。いや、まさかセックスがこんなに気持ちいいなんてな
恭一
恭一
後にも先にも、アナルに指を入れて確かめたのはオレだけだろうがな
後にも先にも、アナルに指を入れて確かめたのはオレだけだろうがな
オレは静乃の肛門に指を突き入れた。
オレは静乃の肛門に指を突き入れた。
しかし、抜いたオレの指は臭いも何もついていなかった。
しかし、抜いたオレの指は臭いも何もついていなかった。
通常そんなことはありえない。
通常そんなことはありえない。
もちろん事前に万全にしておけば話も違うが、
もちろん事前に万全にしておけば話も違うが、
今回はシャワーを浴びに行く時間も与えなかった。
今回はシャワーを浴びに行く時間も与えなかった。
静乃
静乃
そういう狙いがあったのか
そういう狙いがあったのか
恭一
恭一
予め聞いてはいたが、確かめたくってな
予め聞いてはいたが、確かめたくってな
静乃
静乃
おまえを殺すつもりはなかったが、仕方がない
おまえを殺すつもりはなかったが、仕方がない
静乃の指先が、オレの首に触れた。
静乃の指先が、オレの首に触れた。
恭一
恭一
オレを殺すつもりか？
オレを殺すつもりか？
静乃
静乃
残念だが、それは避けられない
残念だが、それは避けられない
恭一
恭一
なるほど
なるほど
オレは、腰を浮かせる。
オレは、腰を浮かせる。
静乃
静乃
無駄だ
無駄だ
恭一
恭一
なにが
なにが
静乃
静乃
逃げることは出来ない
逃げることは出来ない
恭一
恭一
誰が逃げるつったんだよ
誰が逃げるつったんだよ
オレは浮かせた腰を落とし、そして強く突き上げた。
オレは浮かせた腰を落とし、そして強く突き上げた。
もちろん１回じゃない。
もちろん１回じゃない。
静乃
静乃
どういうつもりだ？
どういうつもりだ？
恭一
恭一
セックスだよ。どうせつながったままなら、気持ちよくなりたいだろ？
セックスだよ。どうせつながったままなら、気持ちよくなりたいだろ？
静乃
静乃
強がり、ではなさそうだな。脈拍は正常だ
強がり、ではなさそうだな。脈拍は正常だ
恭一
恭一
あー気持ちいい。人間じゃなくても、あそこ具合は完璧だな
あー気持ちいい。人間じゃなくても、あそこ具合は完璧だな
こちらのテクにまったく反応しなくなったのは残念だが。
こちらのテクにまったく反応しなくなったのは残念だが。
押さえつける以上のパワーで、静乃の指先がオレの首にまとわりつく。
押さえつける以上のパワーで、静乃の指先がオレの首にまとわりつく。
se首を絞められる2
se首を絞められる2
そして一気に首へと力が込められていく。
そして一気に首へと力が込められていく。
静乃
静乃
……何故、平然した顔でいられるか、理解に苦しむな
……何故、平然した顔でいられるか、理解に苦しむな
恭一
恭一
そりゃ……
そりゃ……
オレは静乃の腕を掴んだまま……思い切り体を起こした。
オレは静乃の腕を掴んだまま……思い切り体を起こした。
腕を引きはがすパワーが足りなくとも、静乃の体重はしれている。
腕を引きはがすパワーが足りなくとも、静乃の体重はしれている。
オレは体そのものを浮かせ、逆に静乃の優位に立った。
オレは体そのものを浮かせ、逆に静乃の優位に立った。
繋がっていた部分から、オレの竿が抜け落ちる。
繋がっていた部分から、オレの竿が抜け落ちる。
すぐさま静乃の足がオレの急所を狙ってきたため、オレは飛びのいた。
すぐさま静乃の足がオレの急所を狙ってきたため、オレは飛びのいた。
静乃
静乃
……大河内がお前の詳細データを隠そうとするわけだ。信じがたい身体能力だな。満点だ
……大河内がお前の詳細データを隠そうとするわけだ。信じがたい身体能力だな。満点だ
恭一
恭一
セックスのテクも採点してもらいたいもんだぜ
セックスのテクも採点してもらいたいもんだぜ
静乃
静乃
安心しろ。私が知る中では、最も性行為の技術も高かった
安心しろ。私が知る中では、最も性行為の技術も高かった
恭一
恭一
素直に褒めてくれると、うれしいもんだ
素直に褒めてくれると、うれしいもんだ
静乃
静乃
その平静さが、どこまで続くのか非常に興味が沸いてきた
その平静さが、どこまで続くのか非常に興味が沸いてきた
そういうと、静乃は自らの鞄に手を入れる。
そういうと、静乃は自らの鞄に手を入れる。
そこから出て来たのは、刃渡り２０センチを超えるナイフだった。
そこから出て来たのは、刃渡り２０センチを超えるナイフだった。
恭一
恭一
そんな物騒なもん持ち歩いてたのか。アンドロイドには不要だろ
そんな物騒なもん持ち歩いてたのか。アンドロイドには不要だろ
静乃
静乃
アンドロイドだからこそ、ナイフを使う必要がある。
アンドロイドだからこそ、ナイフを使う必要がある。
パワーのみで相手を殺せば、それだけで不信感が生まれる
パワーのみで相手を殺せば、それだけで不信感が生まれる
恭一
恭一
なるほど。確かにな
なるほど。確かにな
静乃
静乃
どうする？　命乞いでもしてみるか？
どうする？　命乞いでもしてみるか？
恭一
恭一
命乞いして、助けてもらえるのかよ
命乞いして、助けてもらえるのかよ
静乃
静乃
そうだな。腕一本差し出せば、命を助けてやってもいい
そうだな。腕一本差し出せば、命を助けてやってもいい
恭一
恭一
嘘くさい話だ
嘘くさい話だ
静乃
静乃
信じるか信じないかは、もちろん貴様の自由だ
信じるか信じないかは、もちろん貴様の自由だ
恭一
恭一
なら、やってみるか？
なら、やってみるか？
オレは左腕を差し出した。
オレは左腕を差し出した。
恭一
恭一
腕だ
腕だ
静乃
静乃
…………
…………
もちろん、オレが腕を差し出すとは思っていないんだろう。
もちろん、オレが腕を差し出すとは思っていないんだろう。
罠を警戒する。
罠を警戒する。
恭一
恭一
オレは見た目通り裸だ。何も隠しようがない。それに
オレは見た目通り裸だ。何も隠しようがない。それに
こちらが喋り終わる前に、静乃は一気に距離を詰めて来た。
こちらが喋り終わる前に、静乃は一気に距離を詰めて来た。
信じがたい速度で。
信じがたい速度で。
オレはそして迷いなくオレの左腕にナイフを突き刺した。
オレはそして迷いなくオレの左腕にナイフを突き刺した。
恭一
恭一
ありがとよ。素直に刺してくれて
ありがとよ。素直に刺してくれて
オレは刺さったまま左腕を引き、静乃を引き寄せる。
オレは刺さったまま左腕を引き、静乃を引き寄せる。
そして拳を静乃のボディーに叩き込んだ。
そして拳を静乃のボディーに叩き込んだ。
だが、静乃は微動だにせず、ナイフを捻りオレの傷口を広げにかかった。
だが、静乃は微動だにせず、ナイフを捻りオレの傷口を広げにかかった。
se指から、だばだばと血液が噴出していた。
se指から、だばだばと血液が噴出していた。
左腕から血しぶきが吹きあがる。
左腕から血しぶきが吹きあがる。
恭一
恭一
さすがに一発叩き込んだだけじゃ、アンドロイドは落ちないか
さすがに一発叩き込んだだけじゃ、アンドロイドは落ちないか
静乃
静乃
……理解不能だ。貴様、何故平然としていられる
……理解不能だ。貴様、何故平然としていられる
恭一
恭一
なにが
なにが
静乃
静乃
通常、その痛みに人は耐えることが出来ない
通常、その痛みに人は耐えることが出来ない
恭一
恭一
あ、そう
あ、そう
静乃
静乃
……っ……
……っ……
２発目。
２発目。
静乃の身体が浮き上がるほどの一撃を与えるが、それでも顔色を変えない。
静乃の身体が浮き上がるほどの一撃を与えるが、それでも顔色を変えない。
静乃はナイフを思い切り引き抜き、それをオレの胸元に突き刺してきた。
静乃はナイフを思い切り引き抜き、それをオレの胸元に突き刺してきた。
狭い部屋の中、オレは後ろに後退する。
狭い部屋の中、オレは後ろに後退する。
静乃
静乃
正直驚いている。出来ることなら、お前を徹底的に調べ上げたかった
正直驚いている。出来ることなら、お前を徹底的に調べ上げたかった
恭一
恭一
今からベッドで四つん這いになってオレがほしいって言えば、調べさせてやる
今からベッドで四つん這いになってオレがほしいって言えば、調べさせてやる
静乃
静乃
理解不能だ。やはり
理解不能だ。やはり
びゅっとナイフを振ると、付着していた血がカーテンにまで飛び散った。
びゅっとナイフを振ると、付着していた血がカーテンにまで飛び散った。
恭一
恭一
清掃員が来たら腰を抜かすぜ
清掃員が来たら腰を抜かすぜ
静乃
静乃
安心しろ。掃除どころじゃなくなる
安心しろ。掃除どころじゃなくなる
再び静乃が距離を詰めてくる。
再び静乃が距離を詰めてくる。
だが、下がろうにも後ろはすぐ壁だ。
だが、下がろうにも後ろはすぐ壁だ。
なら
なら
恭一
恭一
とりあえず刺させてやるのが一番か
とりあえず刺させてやるのが一番か
目の前にいる女の攻撃は、避けようと思って避けきれるものじゃない。
目の前にいる女の攻撃は、避けようと思って避けきれるものじゃない。
それだけの速さかつ正確さを持っている。
それだけの速さかつ正確さを持っている。
オレは軌道を逸らすことで、胸ではなく腹部にその一撃を受けた。
オレは軌道を逸らすことで、胸ではなく腹部にその一撃を受けた。
静乃
静乃
終わりだ
終わりだ
恭一
恭一
どうかな……
どうかな……
３度目。
３度目。
静乃の身体が、完璧に宙に浮いた。
静乃の身体が、完璧に宙に浮いた。
その静乃に、オレは回し蹴りを顔面へ叩き込む。
その静乃に、オレは回し蹴りを顔面へ叩き込む。
se壁に叩きつけられる
se壁に叩きつけられる
吹っ飛んだ衝撃で、静乃が壁に叩きつけられる。
吹っ飛んだ衝撃で、静乃が壁に叩きつけられる。
だが、それだけでこいつは沈黙しない。
だが、それだけでこいつは沈黙しない。
静乃
静乃
……人間にはどうすることも出来ない
……人間にはどうすることも出来ない
恭一
恭一
そうでもないみたいだけどな
そうでもないみたいだけどな
静乃
静乃
……なんだ、これは……
……なんだ、これは……
静乃は立ち上がろうとしたが、その場に崩れ落ちる。
静乃は立ち上がろうとしたが、その場に崩れ落ちる。
恭一
恭一
痛みを感じないてのも考え物だな
痛みを感じないてのも考え物だな
静乃
静乃
腹部、各セクションに致命的な損傷……バランスが保てない……？
腹部、各セクションに致命的な損傷……バランスが保てない……？
静乃の腹部は信じられないほどにへこみ、
静乃の腹部は信じられないほどにへこみ、
機械の一部がはみ出している。
機械の一部がはみ出している。
恭一
恭一
これじゃ、勃つものも勃たないな
これじゃ、勃つものも勃たないな
静乃
静乃
……何者だ……おまえは
……何者だ……おまえは
恭一
恭一
ただの若者だ。いや、イケメンの若者だ
ただの若者だ。いや、イケメンの若者だ
オレは自らの腹部に刺さったままのナイフを引き抜く。
オレは自らの腹部に刺さったままのナイフを引き抜く。
恭一
恭一
これは返すわ
これは返すわ
引き抜いたナイフを、身動きの取れない静乃の額に突き刺した。
引き抜いたナイフを、身動きの取れない静乃の額に突き刺した。
麦蔵
麦蔵
な、なんだこれは……！？
な、なんだこれは……！？
恭一
恭一
来たか
来たか
麦蔵
麦蔵
……お、おい、その体……すぐに応援を呼ぶ！
……お、おい、その体……すぐに応援を呼ぶ！
恭一
恭一
騒ぎはまずいだろ、これもある
騒ぎはまずいだろ、これもある
沈黙した静乃を指さす。
沈黙した静乃を指さす。
麦蔵
麦蔵
化け物だな……おまえは
化け物だな……おまえは
恭一
恭一
失礼な奴だな、まぁ、とにかくオレは楽しむだけ楽しんだ
失礼な奴だな、まぁ、とにかくオレは楽しむだけ楽しんだ
恭一
恭一
とりあえずカジノの地下でいいんだな？
とりあえずカジノの地下でいいんだな？
麦蔵
麦蔵
ああ。あそこの連中はおまえのことをわかっている
ああ。あそこの連中はおまえのことをわかっている
恭一
恭一
オレは行くぜ。このまま３０分もいたらヤバい
オレは行くぜ。このまま３０分もいたらヤバい
痛む身体を我慢しながら、オレはホテルの外に出た。
痛む身体を我慢しながら、オレはホテルの外に出た。
恭一
恭一
……何してんだ、そんなとこで
……何してんだ、そんなとこで
ホテルの階段に座り込んで、丸くなっている女を見つける。
ホテルの階段に座り込んで、丸くなっている女を見つける。
恋
恋
恭一さんが、静乃さんとホテルに入っていきました……
恭一さんが、静乃さんとホテルに入っていきました……
こちらを振り返らず、そんなことを言う。
こちらを振り返らず、そんなことを言う。
恋
恋
しかも……１時間以上経ってます……
しかも……１時間以上経ってます……
恭一
恭一
それで、張り込みみたいな真似をしたと
それで、張り込みみたいな真似をしたと
恋
恋
べ、別に張り込んでなんて……不潔だと思っただけです
べ、別に張り込んでなんて……不潔だと思っただけです
恭一
恭一
不潔ね……とりあえず行こうぜ
不潔ね……とりあえず行こうぜ
恋
恋
汚らわしい人と一緒になんてー―ー
汚らわしい人と一緒になんてー―ー
振り返った恋。
振り返った恋。
恋
恋
な……
な……
恭一
恭一
どうした
どうした
恋
恋
ど、どうしたって……それ、私のセリフです！
ど、どうしたって……それ、私のセリフです！
慌てて立ち上がった恋が、オレの惨状を見て悲鳴を上げた。
慌てて立ち上がった恋が、オレの惨状を見て悲鳴を上げた。
恋
恋
びょ、病院に！
びょ、病院に！
恭一
恭一
落ち着け。カジノの地下だ。あそこならバレる心配はない
落ち着け。カジノの地下だ。あそこならバレる心配はない
恋
恋
は、はい
は、はい
病院に運ばれたオレは、治療を受け病室へと通された。
病院に運ばれたオレは、治療を受け病室へと通された。
恭一
恭一
随分と大げさなことだな
随分と大げさなことだな
恋
恋
お、お腹を刺されたんですよ！？　大げさに決まってます！
お、お腹を刺されたんですよ！？　大げさに決まってます！
恭一
恭一
耳元でギャーギャーと、うるさい女だ
耳元でギャーギャーと、うるさい女だ
恋
恋
何があったんですか……あのホテルで
何があったんですか……あのホテルで
恭一
恭一
別に。セックスパーティーを楽しんでただけだ
別に。セックスパーティーを楽しんでただけだ
恋
恋
どうしてあなたは、いつもそうやって……
どうしてあなたは、いつもそうやって……
麦蔵
麦蔵
邪魔するぜ
邪魔するぜ
恋
恋
お、大河内代表……
お、大河内代表……
麦蔵
麦蔵
長谷川か。どうしておまえがここにいる
長谷川か。どうしておまえがここにいる
恭一
恭一
オレと静乃がホテルに行く途中でばったり会った
オレと静乃がホテルに行く途中でばったり会った
恭一
恭一
で、こいつはその様子が気になってホテル前で待機してた。だろ？
で、こいつはその様子が気になってホテル前で待機してた。だろ？
恋
恋
そ、それは……それは、その……
そ、それは……それは、その……
麦蔵
麦蔵
なるほどな
なるほどな
麦蔵
麦蔵
長谷川。おまえは席を外せ。恭一に話がある
長谷川。おまえは席を外せ。恭一に話がある
恋
恋
大河内代表。私にも説明をしてください……
大河内代表。私にも説明をしてください……
どうして恭一さんが、こんな酷い目にあっているんですかっ
どうして恭一さんが、こんな酷い目にあっているんですかっ
麦蔵
麦蔵
気持ちは分からんでもないが、お前には知る権利が無い
気持ちは分からんでもないが、お前には知る権利が無い
麦蔵
麦蔵
わかったならさっさと出ていろ
わかったならさっさと出ていろ
恋
恋
っ……分かりました……失礼します
っ……分かりました……失礼します
恭一
恭一
あいつに聞かせるような話じゃないな
あいつに聞かせるような話じゃないな
麦蔵
麦蔵
ドリームタウンは狭い。偶然が重なっても驚きはしない
ドリームタウンは狭い。偶然が重なっても驚きはしない
麦蔵
麦蔵
部屋は、オレの方で全部処理させておく
部屋は、オレの方で全部処理させておく
恭一
恭一
そうしろ
そうしろ
麦蔵
麦蔵
俺は今から柳沢をあぶりだす。お前はとにかく傷を癒せ
俺は今から柳沢をあぶりだす。お前はとにかく傷を癒せ
恭一
恭一
またオレを利用するつもりじゃないだろうな？
またオレを利用するつもりじゃないだろうな？
麦蔵
麦蔵
利用するさ。アンドロイドと殺し合いができる人間なんざ、
利用するさ。アンドロイドと殺し合いができる人間なんざ、
この世界にはお前以外にいないからな
この世界にはお前以外にいないからな
麦蔵
麦蔵
俺は暫く地下に潜る。静乃から情報が拾えるかもしれないからな
俺は暫く地下に潜る。静乃から情報が拾えるかもしれないからな
麦蔵
麦蔵
それから、長谷川にはどう説明するつもりだ？
それから、長谷川にはどう説明するつもりだ？
恭一
恭一
どうもこうも、説明するつもりはない
どうもこうも、説明するつもりはない
恭一
恭一
おっさんとしても、避けたいところだろ
おっさんとしても、避けたいところだろ
麦蔵
麦蔵
まぁな。だが、ある程度の説明はおまえの判断に任せる
まぁな。だが、ある程度の説明はおまえの判断に任せる
恭一
恭一
それはまた、随分と寛大なことだな
それはまた、随分と寛大なことだな
麦蔵
麦蔵
どうも長谷川は、おまえを男として認識しているようだしな
どうも長谷川は、おまえを男として認識しているようだしな
恭一
恭一
イケメンの辛いところだ
イケメンの辛いところだ
麦蔵
麦蔵
……長谷川を頼むぜ
……長谷川を頼むぜ
恭一
恭一
……なるようにしかならないけどな
……なるようにしかならないけどな
麦蔵
麦蔵
終わったぜ
終わったぜ
恋
恋
あ……はい……
あ……はい……
麦蔵
麦蔵
なんだ、泣いてやがったのか
なんだ、泣いてやがったのか
恋
恋
すみません……そんなつもりはなかったんですが
すみません……そんなつもりはなかったんですが
麦蔵
麦蔵
恭一と静乃のことが気になるか？
恭一と静乃のことが気になるか？
恋
恋
えっ……そ、それは……
えっ……そ、それは……
麦蔵
麦蔵
おまえが不安に思う気持ちはわからないでもない。
おまえが不安に思う気持ちはわからないでもない。
だが、心配するな。恭一は想像以上に、おまえを大切に考えてるはずだ
だが、心配するな。恭一は想像以上に、おまえを大切に考えてるはずだ
恋
恋
そうでしょうか……私には、全く自信がありません
そうでしょうか……私には、全く自信がありません
麦蔵
麦蔵
暫く病室にいてやれ。あいつも喜ぶだろう
暫く病室にいてやれ。あいつも喜ぶだろう
恋
恋
……はい。失礼します
……はい。失礼します
麦蔵
麦蔵
ったく。ガキどもの色恋沙汰に口出すなんざ、俺も焼きが回ったか？
ったく。ガキどもの色恋沙汰に口出すなんざ、俺も焼きが回ったか？
…………。
…………。
……。
……。
