まどか
まどか
ひ、秀隆……っ……
ひ、秀隆……っ……
大きく弾力のある胸を、手で強く、けれどどこか優しく揉む。
大きく弾力のある胸を、手で強く、けれどどこか優しく揉む。
その行為を、まどかはすんなりと受け入れてくれる。
その行為を、まどかはすんなりと受け入れてくれる。
オレの腕を掴み、自らへと誘導するように。
オレの腕を掴み、自らへと誘導するように。
秀隆
秀隆
まどかの胸、すげえ柔らかい……ブラの上からでも、よくわかる
まどかの胸、すげえ柔らかい……ブラの上からでも、よくわかる
まどか
まどか
私も秀隆の手の熱を感じる……んっ……
私も秀隆の手の熱を感じる……んっ……
ブラ越しではすぐに我慢できなくなり、
ブラ越しではすぐに我慢できなくなり、
オレはブラの中へと指先を滑らせていく。
オレはブラの中へと指先を滑らせていく。
まどか
まどか
だ、だめ……恥ずかしっ……
だ、だめ……恥ずかしっ……
そして、すぐまどかの乳首へと爪の先がたどり着いた。
そして、すぐまどかの乳首へと爪の先がたどり着いた。
その瞬間、びくりとまどかの体が震える。
その瞬間、びくりとまどかの体が震える。
まどか
まどか
秀隆……どうしよう、すごく、恥ずかしい……
秀隆……どうしよう、すごく、恥ずかしい……
オレに寄りかかりながら、まどかが頬を赤らめる。
オレに寄りかかりながら、まどかが頬を赤らめる。
そんな姿がどうしようもなくかわいいと思ったオレは、
そんな姿がどうしようもなくかわいいと思ったオレは、
再びまどかの唇を奪いにかかった。
再びまどかの唇を奪いにかかった。
まどか
まどか
んっ、ちゅっ、ちゅ……ちゅっ……ふっ……
んっ、ちゅっ、ちゅ……ちゅっ……ふっ……
積極的にお互いを求め合う。
積極的にお互いを求め合う。
上唇を挟み込むように加えたり、下唇を少し噛んでみたり。
上唇を挟み込むように加えたり、下唇を少し噛んでみたり。
それを繰り返しながら、オレはたどり着いたまどかの乳首を指で挟み、コリコリと弄りはじめた。
それを繰り返しながら、オレはたどり着いたまどかの乳首を指で挟み、コリコリと弄りはじめた。
まどか
まどか
ひゃぁ、あ……秀隆の手が、私のに……
ひゃぁ、あ……秀隆の手が、私のに……
秀隆
秀隆
昔より、明らかに胸大きくなったよな
昔より、明らかに胸大きくなったよな
耳元で囁きながら、手のひらに収まりきらない乳房をぎゅっと揉む。
耳元で囁きながら、手のひらに収まりきらない乳房をぎゅっと揉む。
まどか
まどか
昔から、ん、ちゅ……秀隆、胸のこと、ばっかり……ちゅっ
昔から、ん、ちゅ……秀隆、胸のこと、ばっかり……ちゅっ
秀隆
秀隆
否定はしない。けど……昔は今ほどあれこれ言ってなかったぞ
否定はしない。けど……昔は今ほどあれこれ言ってなかったぞ
まどか
まどか
ちゅる、ちゅぷ、はぁ、はぁっ……
ちゅる、ちゅぷ、はぁ、はぁっ……
そんな勇気もなかったというか、童貞と処女だったからな。
そんな勇気もなかったというか、童貞と処女だったからな。
右も左もわからず、まともに挿入できたのも２回目だった。
右も左もわからず、まともに挿入できたのも２回目だった。
あの時も、結局１、２分ほどでやめてしまった。
あの時も、結局１、２分ほどでやめてしまった。
秀隆
秀隆
まともにエッチしたのって、３回目だった、よな
まともにエッチしたのって、３回目だった、よな
まどか
まどか
そう……だったね……
そう……だったね……
まどかも当時を思い出したのか、目を細めて同意した。
まどかも当時を思い出したのか、目を細めて同意した。
秀隆
秀隆
なぁ……まどかのおっぱい、ちゃんと見てもいいか？
なぁ……まどかのおっぱい、ちゃんと見てもいいか？
服に差し入れた自分の手で、まだちゃんと拝めていない。
服に差し入れた自分の手で、まだちゃんと拝めていない。
もちろん、手を休めることなくお伺いを立てる。
もちろん、手を休めることなくお伺いを立てる。
まどか
まどか
だ、ダメって言ったら、許してくれるの……？
だ、ダメって言ったら、許してくれるの……？
秀隆
秀隆
残念ながら無理だな……
残念ながら無理だな……
オレはスーツの上着を脱がせ、シャツのボタンを外していく。
オレはスーツの上着を脱がせ、シャツのボタンを外していく。
すぐにまどかの胸はシャツを押し上げ、
すぐにまどかの胸はシャツを押し上げ、
３つ目のボタンが外れた瞬間、飛び出してきた。
３つ目のボタンが外れた瞬間、飛び出してきた。
秀隆
秀隆
……やばいな、このボリューム……
……やばいな、このボリューム……
もちろんわかってはいたことだが、
もちろんわかってはいたことだが、
こうして目の前に広がると改めてすごさを実感する。
こうして目の前に広がると改めてすごさを実感する。
オレはがっつくようにブラを外した。
オレはがっつくようにブラを外した。
まどか
まどか
やぁ……み、見ないで秀隆……すごく、恥ずかしいから……
やぁ……み、見ないで秀隆……すごく、恥ずかしいから……
秀隆
秀隆
……っ
……っ
オレは何かを言葉にするのも忘れ、思わず息をのんだ。
オレは何かを言葉にするのも忘れ、思わず息をのんだ。
まどか
まどか
ど、どうして黙るの……？
ど、どうして黙るの……？
それを不安に思ったまどかが、泣きそうな声でオレを見た。
それを不安に思ったまどかが、泣きそうな声でオレを見た。
秀隆
秀隆
悪い。その、なんて言ったらいいか……
悪い。その、なんて言ったらいいか……
秀隆
秀隆
すげぇ綺麗だ……
すげぇ綺麗だ……
まどか
まどか
な……
な……
オレは手を伸ばし、直接まどかの乳房に触れた。
オレは手を伸ばし、直接まどかの乳房に触れた。
秀隆
秀隆
もう止まれないからな……オレ
もう止まれないからな……オレ
元々止まれるとは思っていなかったが、
元々止まれるとは思っていなかったが、
最後の最後、回路が焼き切れるまでつっぱしることが決まった。
最後の最後、回路が焼き切れるまでつっぱしることが決まった。
まどか
まどか
ひ、秀隆、ちょっと、強すぎる……んあ、はあっ、あああっ……
ひ、秀隆、ちょっと、強すぎる……んあ、はあっ、あああっ……
両手を使って左右の乳房を揉みながら、
両手を使って左右の乳房を揉みながら、
オレは着々と股間のスタンバイを始める。
オレは着々と股間のスタンバイを始める。
もう、今すぐにでも突き破りたい。
もう、今すぐにでも突き破りたい。
その衝動に駆られる。
その衝動に駆られる。
まどかも同じように感じてくれている、それを聞かなくてもわかる。
まどかも同じように感じてくれている、それを聞かなくてもわかる。
過去に愛し合ったことがあるから。
過去に愛し合ったことがあるから。
お互いの気持ちを、幾度となく交換し合ったことがあるあら。
お互いの気持ちを、幾度となく交換し合ったことがあるあら。
まどか
まどか
……ぁ、っ……秀隆……私、感じてる……みたい……
……ぁ、っ……秀隆……私、感じてる……みたい……
秀隆
秀隆
……確かめてもいいか？
……確かめてもいいか？
まどか
まどか
うん……
うん……
オレはスカートの中、その下着の中に手を突っ込む。
オレはスカートの中、その下着の中に手を突っ込む。
柔らかな曲線ののち、深い茂みへとたどり着いた。
柔らかな曲線ののち、深い茂みへとたどり着いた。
そこはまどかの言うように、既に湿っていて、指先にねっとりとしたものが絡みつく。
そこはまどかの言うように、既に湿っていて、指先にねっとりとしたものが絡みつく。
まどか
まどか
あ……
あ……
小さく漏らした声。
小さく漏らした声。
オレは、茂みをかきわけ、まどかの秘所、その入り口を指の腹でこすりつけた。
オレは、茂みをかきわけ、まどかの秘所、その入り口を指の腹でこすりつけた。
まどか
まどか
やっ……あ……秀隆の指……触ってる……
やっ……あ……秀隆の指……触ってる……
まどか
まどか
……秀隆が……んっ……は、恥ずかしい……っ
……秀隆が……んっ……は、恥ずかしい……っ
秀隆
秀隆
……濡れてるぞ……
……濡れてるぞ……
オレは指先についた愛液を、わざとまどかの前に持っていく。
オレは指先についた愛液を、わざとまどかの前に持っていく。
まどか
まどか
ば、バカ……
ば、バカ……
秀隆
秀隆
……もう、準備は出来てるってことだよな
……もう、準備は出来てるってことだよな
まどか
まどか
……あなたが判断してよ……
……あなたが判断してよ……
オレはズボンをおろし。モノを取り出す。
オレはズボンをおろし。モノを取り出す。
何となくまどかの視線を感じたが、この際気にしないでおこう。
何となくまどかの視線を感じたが、この際気にしないでおこう。
まどか
まどか
ん……
ん……
オレは、ゆっくりと腰を沈め、まどかの中に入っていく。
オレは、ゆっくりと腰を沈め、まどかの中に入っていく。
まどか
まどか
は、い、痛っ……ご、ごめんなさい、ちょっと待ってっ……
は、い、痛っ……ご、ごめんなさい、ちょっと待ってっ……
思いがけない言葉に、オレは慌てて腰を止める。
思いがけない言葉に、オレは慌てて腰を止める。
秀隆
秀隆
だ、大丈夫か？
だ、大丈夫か？
まどか
まどか
はあ、はぁっ……最悪。過去の記憶がよみがえっちゃったかも……
はあ、はぁっ……最悪。過去の記憶がよみがえっちゃったかも……
秀隆
秀隆
なんだよ、過去の記憶って……
なんだよ、過去の記憶って……
まどか
まどか
私が初めての時、秀隆……強引にいれてきた……痛いって言ったのに
私が初めての時、秀隆……強引にいれてきた……痛いって言ったのに
秀隆
秀隆
あ、あれはだな……
あ、あれはだな……
秀隆
秀隆
我慢できなかったというか、何と言うか……
我慢できなかったというか、何と言うか……
オレも初めてだったから、夢中だったんだよ……
オレも初めてだったから、夢中だったんだよ……
まどか
まどか
同じくらい、痛い……かも
同じくらい、痛い……かも
秀隆
秀隆
そ、そうか。じゃあ、ゆっくり……だな
そ、そうか。じゃあ、ゆっくり……だな
まどかにとっても、オレにとっても５年ぶりのセックス。
まどかにとっても、オレにとっても５年ぶりのセックス。
もう、経験値はなくなって振り出しみたいなもんか。
もう、経験値はなくなって振り出しみたいなもんか。
まぁ、あの時よりは心の余裕がある。
まぁ、あの時よりは心の余裕がある。
まどか
まどか
んっ……ん……ん……ちゅっ、ちゅる、ちゅ……
んっ……ん……ん……ちゅっ、ちゅる、ちゅ……
先っぽだけをいれたまま、オレはまどかにキスを繰り返した。
先っぽだけをいれたまま、オレはまどかにキスを繰り返した。
そして、おっぱいを愛おしく撫で、痛みを和らげようと試みる。
そして、おっぱいを愛おしく撫で、痛みを和らげようと試みる。
まどか
まどか
……ありがと
……ありがと
秀隆
秀隆
キスしたり、おっぱい触って感謝されるなら、何時間でもするぞ
キスしたり、おっぱい触って感謝されるなら、何時間でもするぞ
オレは笑って、再びまどかの唇を求めた。
オレは笑って、再びまどかの唇を求めた。
まどか
まどか
はむっ、ん……くちゅ、ちゅっ……
はむっ、ん……くちゅ、ちゅっ……
まどかが差し入れてくれた舌を、優しく甘噛みする。
まどかが差し入れてくれた舌を、優しく甘噛みする。
濃厚な蜜が、絞り出てくるようだ。
濃厚な蜜が、絞り出てくるようだ。
まどか
まどか
お酒の味……はむっ、ん……秀隆の、味……んんぅ、んっ、ん……
お酒の味……はむっ、ん……秀隆の、味……んんぅ、んっ、ん……
いやらしいほどに唇を重ねながら、腰を落としていく。
いやらしいほどに唇を重ねながら、腰を落としていく。
まどか
まどか
っ、っ……んんっ、ん……
っ、っ……んんっ、ん……
そして、オレのモノが深く沈み込んでいった。
そして、オレのモノが深く沈み込んでいった。
まどか
まどか
ぷあ、あっ……は、ん……はいった？
ぷあ、あっ……は、ん……はいった？
秀隆
秀隆
入ったよ……
入ったよ……
まどか
まどか
……秀隆のキスのおかげ
……秀隆のキスのおかげ
まどか
まどか
……私、秀隆とセックスしちゃってる……
……私、秀隆とセックスしちゃってる……
まどか
まどか
……っ
……っ
もしかしたら、磯部のことが頭を過ぎったのかもしれない。
もしかしたら、磯部のことが頭を過ぎったのかもしれない。
一瞬だけまどかが表情を曇らせた。
一瞬だけまどかが表情を曇らせた。
オレは、そのことに身勝手ながら少しだけ苛立ちを感じる。
オレは、そのことに身勝手ながら少しだけ苛立ちを感じる。
オレの前で、他の男のことを考えさせたくないと。
オレの前で、他の男のことを考えさせたくないと。
そしてそれと同時に、征服感までもが出てくる。
そしてそれと同時に、征服感までもが出てくる。
オレはまどかの乳房に齧り付き、子供のように乳首を吸い上げた。
オレはまどかの乳房に齧り付き、子供のように乳首を吸い上げた。
まどか
まどか
あぁっ！　ひ、秀隆、子供みたいなこと……んっ！
あぁっ！　ひ、秀隆、子供みたいなこと……んっ！
腰を引き、ゆっくりと突き入れる。
腰を引き、ゆっくりと突き入れる。
まどか
まどか
んあっ！
んあっ！
腰を引き、突き入れる。
腰を引き、突き入れる。
まどか
まどか
あぅっ！
あぅっ！
痛みと共に、まどかが快楽も感じる。
痛みと共に、まどかが快楽も感じる。
磯部の知らないまどかの顔を、オレの目に焼き付ける。
磯部の知らないまどかの顔を、オレの目に焼き付ける。
秀隆
秀隆
まどか……
まどか……
まどか
まどか
んっ、ちゅ、んくちゅ、ちゅ……ちゅぱ、んちゅ、ちゅっ……
んっ、ちゅ、んくちゅ、ちゅ……ちゅぱ、んちゅ、ちゅっ……
まどか
まどか
キス……好き……
キス……好き……
秀隆
秀隆
オレも
オレも
腰を振りながらも、オレはひたすらまどかの唇を求めた。
腰を振りながらも、オレはひたすらまどかの唇を求めた。
なんでキスってこんなにも気持ちいいんだろうか。
なんでキスってこんなにも気持ちいいんだろうか。
股間に伝わってくる熱にも負けないほど。
股間に伝わってくる熱にも負けないほど。
オレは徐々にスピードを上げていく。
オレは徐々にスピードを上げていく。
腰の速度をあげ、ピストンを繰り返していく。
腰の速度をあげ、ピストンを繰り返していく。
まどか
まどか
や、早い……もうちょっと、ゆっくり……あっ、く！
や、早い……もうちょっと、ゆっくり……あっ、く！
秀隆
秀隆
悪い、腰が勝手に……
悪い、腰が勝手に……
まどか
まどか
も、もう、成長したと、思ったのに……んっ、ん、ぅ！
も、もう、成長したと、思ったのに……んっ、ん、ぅ！
まどか
まどか
だ、だめ、だめっ、もう私……！
だ、だめ、だめっ、もう私……！
秀隆
秀隆
オレも……限界だっ！
オレも……限界だっ！
まどか
まどか
あ、あああっ、秀隆、秀隆っ！
あ、あああっ、秀隆、秀隆っ！
一際まどかの声が大きくなった瞬間、オレはまどかの中にすべてを注ぎ込んだ。
一際まどかの声が大きくなった瞬間、オレはまどかの中にすべてを注ぎ込んだ。
まどか
まどか
あ、ああっ！　あああっ……ふあ……はぁっ……
あ、ああっ！　あああっ……ふあ……はぁっ……
