秋はオレのトランクスを、自分からするりとずらした。
秋はオレのトランクスを、自分からするりとずらした。
そして、迷うことなくオレの竿に口を重ねて来た。
そして、迷うことなくオレの竿に口を重ねて来た。
秀隆
秀隆
ちょ、ちょっとは躊躇しろよ！？
ちょ、ちょっとは躊躇しろよ！？
秋
秋
……だって……ずっと、兄さんのこれ、気になってました
……だって……ずっと、兄さんのこれ、気になってました
そういい、たどたどしい舌で、オレの竿を舐めはじめる。
そういい、たどたどしい舌で、オレの竿を舐めはじめる。
秋
秋
朝……兄さんが寝てる時も、大きくなってました……
朝……兄さんが寝てる時も、大きくなってました……
秀隆
秀隆
男の生理現象って奴だな……
男の生理現象って奴だな……
秋
秋
ちゅ……ちゅっ……
ちゅ……ちゅっ……
秋は恐れることもなく、まるで我が子を愛するように唇を引っ付けてくる。
秋は恐れることもなく、まるで我が子を愛するように唇を引っ付けてくる。
秋
秋
兄さんの匂いがします……ちゅっ……
兄さんの匂いがします……ちゅっ……
秀隆
秀隆
う……
う……
秋も大体は男を理解しているのか、優しく竿を握って上下させる。
秋も大体は男を理解しているのか、優しく竿を握って上下させる。
そして、ためらうこともなく、口内に鬼頭から銜え込んだ。
そして、ためらうこともなく、口内に鬼頭から銜え込んだ。
秋
秋
はむっ……んっ……にゅ、ちゅうっ……
はむっ……んっ……にゅ、ちゅうっ……
秀隆
秀隆
っ……
っ……
その動きはたどたどしく、時折歯が当たって痛みが走る。
その動きはたどたどしく、時折歯が当たって痛みが走る。
でも、秋が上目づかいにオレのチ○コをしゃぶっている、と言う現実だけで、十分だった。
でも、秋が上目づかいにオレのチ○コをしゃぶっている、と言う現実だけで、十分だった。
秋
秋
ちゅるっ、ん、ちゅ……れるっ……ちゅっ、ん……
ちゅるっ、ん、ちゅ……れるっ……ちゅっ、ん……
秋
秋
兄さんのオチ○チン……こんなに固くなってる……
兄さんのオチ○チン……こんなに固くなってる……
秀隆
秀隆
お、オチ○チンて……
お、オチ○チンて……
秋
秋
兄さんの前でだけなら、私……はむ、んっ……じゅるっ
兄さんの前でだけなら、私……はむ、んっ……じゅるっ
口の中で舌をべろべろと動かし、カリ首に吸い付く。
口の中で舌をべろべろと動かし、カリ首に吸い付く。
秋
秋
はぁむ、ん、んっ……
はぁむ、ん、んっ……
兄さん……私のお口、気持ちいいですか……？
兄さん……私のお口、気持ちいいですか……？
秀隆
秀隆
あ、ああ。最高だ……
あ、ああ。最高だ……
秋
秋
うれひぃ……ちゅ、ん、ん……じゅっ……
うれひぃ……ちゅ、ん、ん……じゅっ……
ガリッ。
ガリッ。
秀隆
秀隆
はぐっ！
はぐっ！
秋
秋
……んぅ？
……んぅ？
歯が思い切り当たったが、そのことに気づかない秋。
歯が思い切り当たったが、そのことに気づかない秋。
オレが敏感に感じたと思ったのか、嬉しそうに目を細めた。
オレが敏感に感じたと思ったのか、嬉しそうに目を細めた。
秋
秋
じゅ、じゅるるるっ、じゅ、んちゅ、ん……
じゅ、じゅるるるっ、じゅ、んちゅ、ん……
秋
秋
私……兄さんの精液、飲んでみたいです……
私……兄さんの精液、飲んでみたいです……
秀隆
秀隆
お、おい正気か？　あんなもん飲むもんじゃないと思うが……
お、おい正気か？　あんなもん飲むもんじゃないと思うが……
秋
秋
お願いします……
お願いします……
秀隆
秀隆
おチ○ポミルク飲みたいですって言ったら、飲ませてやってもいいぞ
おチ○ポミルク飲みたいですって言ったら、飲ませてやってもいいぞ
からかってみる。
からかってみる。
秋
秋
兄さんの……おチ○ポミルク、飲みたいです……
兄さんの……おチ○ポミルク、飲みたいです……
秀隆
秀隆
……まじか……
……まじか……
秋
秋
私本気です……
私本気です……
秋
秋
ん、んっ、ぅっ……じゅる、ちゅっ……くちゅ、んちゅ……
ん、んっ、ぅっ……じゅる、ちゅっ……くちゅ、んちゅ……
秀隆
秀隆
く、っ……まじか……
く、っ……まじか……
オレは、秋の頭をガッと抑える。
オレは、秋の頭をガッと抑える。
秋
秋
んっ！
んっ！
秋の喉の奥に鬼頭を押し当てるようにして、オレは秋の顔を前後させる。
秋の喉の奥に鬼頭を押し当てるようにして、オレは秋の顔を前後させる。
秋
秋
んぶっ！　ん！　んむっ、あ、んうっ！
んぶっ！　ん！　んむっ、あ、んうっ！
苦しそうに声は漏らすが、オレのチ○コを舐める舌は激しさを増していく。
苦しそうに声は漏らすが、オレのチ○コを舐める舌は激しさを増していく。
男がマ○コに夢中になるのと同じなんだろうか？
男がマ○コに夢中になるのと同じなんだろうか？
そんなことを考えていると、秋はますますペースを速めた。
そんなことを考えていると、秋はますますペースを速めた。
オレの手の力に逆らうことなく、喉の奥まで銜え込む。
オレの手の力に逆らうことなく、喉の奥まで銜え込む。
ここまでされたら、出さないわけにはいかない（というか出したい）。
ここまでされたら、出さないわけにはいかない（というか出したい）。
秀隆
秀隆
秋……本当にいいんだなっ？
秋……本当にいいんだなっ？
秋
秋
は、はひぃっ。兄さんのおチ○ポミルク、私にくらはいっ……
は、はひぃっ。兄さんのおチ○ポミルク、私にくらはいっ……
秋
秋
ん、んっ……んむっ、んぐっ……はむっ……
ん、んっ……んむっ、んぐっ……はむっ……
秀隆
秀隆
もうだめだっ……！
もうだめだっ……！
秀隆
秀隆
無念にて、候っ……！
無念にて、候っ……！
オレは、秋の喉奥で果てる。
オレは、秋の喉奥で果てる。
秋
秋
んぶっ！
んぶっ！
秋の奥に飛び出すように、オレは白濁液をまき散らした。
秋の奥に飛び出すように、オレは白濁液をまき散らした。
秋
秋
ん、んっ……んっ……！
ん、んっ……んっ……！
ごくごくと、必死に飲んでいるのが分かるが、それでもあふれた
ごくごくと、必死に飲んでいるのが分かるが、それでもあふれた
精子が唇を伝っていく。
精子が唇を伝っていく。
秀隆
秀隆
妹の口の中に、出してしまった……
妹の口の中に、出してしまった……
昨日もっとヤバいところに出してるんだが……けほけほ。
昨日もっとヤバいところに出してるんだが……けほけほ。
秋
秋
兄さんの、これが……
兄さんの、これが……
口を離した後も、秋は精液をぺろりと舐めとった。
口を離した後も、秋は精液をぺろりと舐めとった。
秀隆
秀隆
無茶するなよ……？
無茶するなよ……？
秋
秋
私が飲んで……どう思いますか……
私が飲んで……どう思いますか……
秀隆
秀隆
そ、そりゃ興奮するし嬉しいけど……
そ、そりゃ興奮するし嬉しいけど……
秋
秋
じゃあ何も問題、ありませんね
じゃあ何も問題、ありませんね
頬を赤らめ、秋は言った。
頬を赤らめ、秋は言った。
秀隆
秀隆
……はあ、はぁ……オレ何やってんだ……
……はあ、はぁ……オレ何やってんだ……
平日の朝から、秋のフェラでイってしまった。
平日の朝から、秋のフェラでイってしまった。
秋
秋
ん……に、兄さんの、まだ、凄く元気です……
ん……に、兄さんの、まだ、凄く元気です……
秀隆
秀隆
ま、まぁ若いから……
ま、まぁ若いから……
オレは裸になった秋を見て、さらに硬度を高める。
オレは裸になった秋を見て、さらに硬度を高める。
秀隆
秀隆
えっと、その……
えっと、その……
秋
秋
あまり時間はありませんけど……私、兄さんに満足してもらいたいです
あまり時間はありませんけど……私、兄さんに満足してもらいたいです
秀隆
秀隆
いや、でもゴムが……
いや、でもゴムが……
秋
秋
大丈夫です。安全日ですから
大丈夫です。安全日ですから
秀隆
秀隆
昨日違うって言ったろ……！
昨日違うって言ったろ……！
秋
秋
今日が、本当の安全日なんです……
今日が、本当の安全日なんです……
秀隆
秀隆
ほんとかよ……
ほんとかよ……
秋
秋
兄さんは、私の言うことを信じてくれないんですか？
兄さんは、私の言うことを信じてくれないんですか？
秀隆
秀隆
……う……
……う……
秋
秋
私の言うこと……
私の言うこと……
秀隆
秀隆
じゃ、じゃあ……安全日なら安心だし、するか……
じゃ、じゃあ……安全日なら安心だし、するか……
秋
秋
は、はいっ
は、はいっ
秋
秋
えと……私はどうすればいいですか？
えと……私はどうすればいいですか？
秀隆
秀隆
そうだな……よし、秋、こっちにおいで
そうだな……よし、秋、こっちにおいで
秋
秋
はい……
はい……
オレは秋を呼び寄せる。
オレは秋を呼び寄せる。
秀隆
秀隆
オレのチ○コしゃぶってる間に、濡れてるな……
オレのチ○コしゃぶってる間に、濡れてるな……
秋
秋
ご、ごめんなさい……兄さんの、凄く……だったから……
ご、ごめんなさい……兄さんの、凄く……だったから……
秀隆
秀隆
謝ることじゃない。すげえ嬉しいよ
謝ることじゃない。すげえ嬉しいよ
とりあえず、準備の方は出来てるってことだ。
とりあえず、準備の方は出来てるってことだ。
秀隆
秀隆
うしろ向いて
うしろ向いて
秋
秋
……はい
……はい
後ろを向くと、秋の可愛いお尻がオレの方へ。
後ろを向くと、秋の可愛いお尻がオレの方へ。
秋
秋
に、兄さん、この体勢は、あの、恥ずかしいですっ……
に、兄さん、この体勢は、あの、恥ずかしいですっ……
そういい、後ろに手をまわそうとしたのでしっかり阻止する。
そういい、後ろに手をまわそうとしたのでしっかり阻止する。
秀隆
秀隆
なんで恥ずかしいんだよ
なんで恥ずかしいんだよ
秋
秋
だ、だって……お尻の穴……見えるからっ……
だ、だって……お尻の穴……見えるからっ……
秀隆
秀隆
可愛いよ。秋のお尻
可愛いよ。秋のお尻
秋
秋
っ！？
っ！？
秀隆
秀隆
ほら、ゆっくりと腰をおろして
ほら、ゆっくりと腰をおろして
オレは秋のお尻を掴んで、竿へと導いていく。
オレは秋のお尻を掴んで、竿へと導いていく。
秋
秋
ん……あ……
ん……あ……
ズプズプと、秋のマ○コへと吸い込まれていった、オレの竿。
ズプズプと、秋のマ○コへと吸い込まれていった、オレの竿。
秀隆
秀隆
ふーっ……どうだ、痛くないか？
ふーっ……どうだ、痛くないか？
秋
秋
先日に比べれば……全然、大丈夫です。
先日に比べれば……全然、大丈夫です。
でも、痛みよりも、恥ずかしくて……
でも、痛みよりも、恥ずかしくて……
秀隆
秀隆
なんで。こんなにかわいいんだからいいだろ
なんで。こんなにかわいいんだからいいだろ
すべすべのお尻をなでなでする。
すべすべのお尻をなでなでする。
秋
秋
やぁっ……に、兄さんっ……
やぁっ……に、兄さんっ……
秀隆
秀隆
秋、動けるなら動いてみ？
秋、動けるなら動いてみ？
秋
秋
ど、どうすればいいんですか？
ど、どうすればいいんですか？
秀隆
秀隆
自分のペースで腰を浮かすんだ
自分のペースで腰を浮かすんだ
秋
秋
は……はい……
は……はい……
オレに言われるまま、秋が腰を浮かす。
オレに言われるまま、秋が腰を浮かす。
べっとりと愛液がまとわりついた竿が姿を見せた。
べっとりと愛液がまとわりついた竿が姿を見せた。
秀隆
秀隆
それで、今度は下ろす
それで、今度は下ろす
お尻に手を添え、秋の腰を落とさせる。
お尻に手を添え、秋の腰を落とさせる。
秋
秋
ひゃうっ……！
ひゃうっ……！
秀隆
秀隆
そうだ。上手だぞ秋
そうだ。上手だぞ秋
秋
秋
は、恥ずかし……っ。んっ……でも、兄さんが、気持ちよくなってくれるなら……
は、恥ずかし……っ。んっ……でも、兄さんが、気持ちよくなってくれるなら……
秀隆
秀隆
ああ。オレは凄く気持ちいい。秋が頑張ってくれれば、それだけ気持ちいいよ
ああ。オレは凄く気持ちいい。秋が頑張ってくれれば、それだけ気持ちいいよ
秋
秋
じゃ、じゃあ、頑張りますっ……
じゃ、じゃあ、頑張りますっ……
秋
秋
あ、あぁっ、んっ……んっ……
あ、あぁっ、んっ……んっ……
秋が腰を動かし始める。
秋が腰を動かし始める。
秋
秋
や、ひゃあ、兄さんが、私のなか、出たり入ったり……
や、ひゃあ、兄さんが、私のなか、出たり入ったり……
してますっ……
してますっ……
秀隆
秀隆
すげぇ光景……
すげぇ光景……
秋のお尻の穴も、あれも、全部丸見えだ。
秋のお尻の穴も、あれも、全部丸見えだ。
上下運動繰り返していると……。
上下運動繰り返していると……。
プスッ、プピュッ、と言う空気音のようなものが聞こえ始めた。
プスッ、プピュッ、と言う空気音のようなものが聞こえ始めた。
秋
秋
あ、や、ち、違いますっ、これ、違いますからっ！？
あ、や、ち、違いますっ、これ、違いますからっ！？
秀隆
秀隆
ん？　何が違うんだ？　今の、秋の可愛いオナラだったりして
ん？　何が違うんだ？　今の、秋の可愛いオナラだったりして
秋
秋
そ、そうじゃない、違いますっ！
そ、そうじゃない、違いますっ！
いやいやと首を振る。
いやいやと首を振る。
もちろん、それがそうじゃないことはすぐに分かったが、
もちろん、それがそうじゃないことはすぐに分かったが、
オレはちょっとからかうことにした。
オレはちょっとからかうことにした。
秀隆
秀隆
秋もオナラとかするんだな。このお尻の穴からか？
秋もオナラとかするんだな。このお尻の穴からか？
秋
秋
ち、違う、違いますっ……！
ち、違う、違いますっ……！
秋
秋
どこから、出てるのか、私、わからなくてっ……
どこから、出てるのか、私、わからなくてっ……
だんだんと音が、ズボズボといった感じに変わり始める。
だんだんと音が、ズボズボといった感じに変わり始める。
秋
秋
なんで、なんでっ？　違うのにっ……
なんで、なんでっ？　違うのにっ……
秀隆
秀隆
秋はいやらしい子だなぁ
秋はいやらしい子だなぁ
秋
秋
いやぁ、こんなの、いやっ……
いやぁ、こんなの、いやっ……
でも、秋はオレの言いつけ通りに腰を動かし続ける。
でも、秋はオレの言いつけ通りに腰を動かし続ける。
秋
秋
んっ、っ、あんっ、んっ……兄さん、あっ、んっ……
んっ、っ、あんっ、んっ……兄さん、あっ、んっ……
秋
秋
私、もし兄さんに捨てられたら……
私、もし兄さんに捨てられたら……
絶対、生きていけないからっ……
絶対、生きていけないからっ……
秋
秋
こんな恥ずかしいこと、全部見られてるからっ……
こんな恥ずかしいこと、全部見られてるからっ……
あっ、ああっ、んぁっ！
あっ、ああっ、んぁっ！
秀隆
秀隆
あたりまえだ。オレも、おまえのこんな姿、他のやつにみせない
あたりまえだ。オレも、おまえのこんな姿、他のやつにみせない
秋
秋
なぁっ、あっ、あぁ、わ、私……
なぁっ、あっ、あぁ、わ、私……
きもちよく、なってきましたっ……
きもちよく、なってきましたっ……
さっきよりも、秋が腰を前後させる速度が速くなってきた。
さっきよりも、秋が腰を前後させる速度が速くなってきた。
秋
秋
兄さん……にいさ、兄さんっ……好き、好きですっ……兄さんっ！
兄さん……にいさ、兄さんっ……好き、好きですっ……兄さんっ！
秀隆
秀隆
秋……っ秋っ……
秋……っ秋っ……
互いに呼び合い、腰を振りあう。
互いに呼び合い、腰を振りあう。
秋
秋
い、イってください、兄さんっ。私の中、イってくださいっ……！
い、イってください、兄さんっ。私の中、イってくださいっ……！
秋
秋
あ、っあ、ああっ、あっ、あぁ、
あ、っあ、ああっ、あっ、あぁ、
腰が止まらない、止まらないのっ！
腰が止まらない、止まらないのっ！
秀隆
秀隆
秋っ！
秋っ！
オレは最も秋と深くつながった瞬間、秋の中に精子を吐き出した。
オレは最も秋と深くつながった瞬間、秋の中に精子を吐き出した。
秋
秋
あうふっ！
あうふっ！
秋が、オレの精子を受け止めぎゅっと股を強く閉じた。
秋が、オレの精子を受け止めぎゅっと股を強く閉じた。
秋
秋
あぁっあ……また、兄さんが……ああっ……う、嬉しい、れす……
あぁっあ……また、兄さんが……ああっ……う、嬉しい、れす……
射精されることがそんなに嬉しいのか、笑みを浮かべる。
射精されることがそんなに嬉しいのか、笑みを浮かべる。
秀隆
秀隆
うー……気持ちよすぎだ……
うー……気持ちよすぎだ……
…………。
…………。
……。
……。
