秀隆
秀隆
おはようございますっ
おはようございますっ
竹内
竹内
……島津くん。おはよう
……島津くん。おはよう
秀隆
秀隆
おはようございます、竹内特務官
おはようございます、竹内特務官
竹内
竹内
少しいいかね？
少しいいかね？
秀隆
秀隆
はい
はい
秀隆
秀隆
自分に何か
自分に何か
竹内
竹内
昨日の……大河内代表の話はなんだったのかと思ってね
昨日の……大河内代表の話はなんだったのかと思ってね
秀隆
秀隆
大したことではありません。お断りしましたので
大したことではありません。お断りしましたので
竹内
竹内
……そうか。わかった
……そうか。わかった
それだけ言うと、竹内特務官は歩き出す。
それだけ言うと、竹内特務官は歩き出す。
竹内
竹内
島津くん
島津くん
そして立ち止まり、振り向かず声をかけてきた。
そして立ち止まり、振り向かず声をかけてきた。
竹内
竹内
君はまだ若いな。とても若い
君はまだ若いな。とても若い
そう言い、廊下の角へと消えていった。
そう言い、廊下の角へと消えていった。
秀隆
秀隆
竹内特務官……
竹内特務官……
もしかして、あの人はオレが大河内代表と何を話していたのか知っていたのか？
もしかして、あの人はオレが大河内代表と何を話していたのか知っていたのか？
まさかな……。
まさかな……。
磯部
磯部
今日も今日で、竹内特務官と何を話してたんだよ
今日も今日で、竹内特務官と何を話してたんだよ
秀隆
秀隆
……悪い磯部。後にしてくれないか
……悪い磯部。後にしてくれないか
磯部
磯部
なに？
なに？
オレの険しい表情を見て、磯部がたじろいだ。
オレの険しい表情を見て、磯部がたじろいだ。
秀隆
秀隆
オレは竹内特務官と話してる最中、ずっと我慢してたんだよ
オレは竹内特務官と話してる最中、ずっと我慢してたんだよ
磯部
磯部
な、何をだよ
な、何をだよ
秀隆
秀隆
それは……
それは……
秀隆
秀隆
い、今にも、二日酔いで吐きそうってことを……うぶっ
い、今にも、二日酔いで吐きそうってことを……うぶっ
秀隆
秀隆
ゲロゲロッ
ゲロゲロッ
磯部
磯部
ぶわあああああああああああああ！？！？！？
ぶわあああああああああああああ！？！？！？
まどか
まどか
島津くん……オフィスで吐くなんて信じられないわ……
島津くん……オフィスで吐くなんて信じられないわ……
鼻を押さえながら、まどかに怒られていた。
鼻を押さえながら、まどかに怒られていた。
秀隆
秀隆
す、すまん。我慢できなくて……磯部は？
す、すまん。我慢できなくて……磯部は？
まどか
まどか
着替えを取りに戻ってる
着替えを取りに戻ってる
秀隆
秀隆
磯部にも悪いことしたなぁ。後でパンでも奢ってやろう
磯部にも悪いことしたなぁ。後でパンでも奢ってやろう
まどか
まどか
逆にもっと怒らせると思うけど……
逆にもっと怒らせると思うけど……
まどか
まどか
平日なのに飲みすぎよ
平日なのに飲みすぎよ
秀隆
秀隆
悪い。皆さんもすいません
悪い。皆さんもすいません
ぎろりと睨まれた。
ぎろりと睨まれた。
そりゃ、オフィスをすっぱい匂いにさせてしまったんだから仕方ないけど。
そりゃ、オフィスをすっぱい匂いにさせてしまったんだから仕方ないけど。
と言うことでお昼休み。
と言うことでお昼休み。
オレはまどかと磯部を連れて、外へと出ていた。
オレはまどかと磯部を連れて、外へと出ていた。
秀隆
秀隆
磯部には、お詫びとして飯を奢らせて貰いたいと思って
磯部には、お詫びとして飯を奢らせて貰いたいと思って
磯部
磯部
それくらいは当然だ。人にゲロぶちまけたんだからな
それくらいは当然だ。人にゲロぶちまけたんだからな
秀隆
秀隆
好きなだけ食べてもらって構わないから
好きなだけ食べてもらって構わないから
まどか
まどか
どこに行くつもりなの？
どこに行くつもりなの？
秀隆
秀隆
ラモールはどうかな
ラモールはどうかな
まどか
まどか
へぇ。島津くんにしては中々良いチョイスじゃない
へぇ。島津くんにしては中々良いチョイスじゃない
秀隆
秀隆
だろ？
だろ？
磯部
磯部
別に自慢するようなことでもないけどな
別に自慢するようなことでもないけどな
オレたちは昼休みになるなり急いでラモールにやって来たが、
オレたちは昼休みになるなり急いでラモールにやって来たが、
既にランチを楽しもうと多くのお客さんが訪れている。
既にランチを楽しもうと多くのお客さんが訪れている。
秀隆
秀隆
何とかギリギリ、待たずに座れて良かった
何とかギリギリ、待たずに座れて良かった
まどか
まどか
相変わらずここは人気店ね
相変わらずここは人気店ね
秀隆
秀隆
オレランチ時に食べるのは初めてなんだよな
オレランチ時に食べるのは初めてなんだよな
まどか
まどか
日替わりからスペシャルセットまで色々あるわよ
日替わりからスペシャルセットまで色々あるわよ
秀隆
秀隆
お、日替わりが安い。磯部、日替わりから好きなの選んでいいぞ
お、日替わりが安い。磯部、日替わりから好きなの選んでいいぞ
磯部
磯部
なんで日替わり限定なんだよ。俺はこのスペシャルにするぞ
なんで日替わり限定なんだよ。俺はこのスペシャルにするぞ
秀隆
秀隆
日替わりの３倍値段がするんだけど……
日替わりの３倍値段がするんだけど……
磯部
磯部
それくらい当然だ
それくらい当然だ
秀隆
秀隆
こっちの日替わりＢセットの方が美味しそうだから、
こっちの日替わりＢセットの方が美味しそうだから、
こっちにすれば？
こっちにすれば？
磯部
磯部
俺はスペシャルランチにする
俺はスペシャルランチにする
磯部
磯部
俺はスペシャルランチが食べたい
俺はスペシャルランチが食べたい
秀隆
秀隆
い、いやでも
い、いやでも
磯部
磯部
スペシャルだ
スペシャルだ
秀隆
秀隆
……わかったよ
……わかったよ
まどか
まどか
じゃあ、私はこの日替わりＢセットにしようかしら
じゃあ、私はこの日替わりＢセットにしようかしら
秀隆
秀隆
さすがまどか。話が分かるなあ
さすがまどか。話が分かるなあ
磯部
磯部
おまえもスペシャルランチにしろよ
おまえもスペシャルランチにしろよ
まどか
まどか
え？　でも……
え？　でも……
磯部
磯部
ここは島津の奢りだし、遠慮する必要はないだろ
ここは島津の奢りだし、遠慮する必要はないだろ
磯部
磯部
暫くオフィスには嫌なにおいが残っただろ
暫くオフィスには嫌なにおいが残っただろ
まどか
まどか
それは確かに……
それは確かに……
秀隆
秀隆
よ、余計なこと言うなよ磯部。
よ、余計なこと言うなよ磯部。
まどかが折角日替わりにするって言ってるんだから
まどかが折角日替わりにするって言ってるんだから
まどか
まどか
うーん……やっぱり日替わりセットにするわ。こっちの方が食べたいし
うーん……やっぱり日替わりセットにするわ。こっちの方が食べたいし
秀隆
秀隆
いやーさすがまどか。やっぱり見る目が違うなあ
いやーさすがまどか。やっぱり見る目が違うなあ
磯部
磯部
甘いんだよな、おまえは
甘いんだよな、おまえは
まどか
まどか
本当に食べたいのがこっちだから
本当に食べたいのがこっちだから
磯部
磯部
……そうか
……そうか
秀隆
秀隆
オレは日替わりのＡセットにしようかな……
オレは日替わりのＡセットにしようかな……
誰かがスペシャルを頼まなかったら、別のが食べれるんだけど
誰かがスペシャルを頼まなかったら、別のが食べれるんだけど
磯部
磯部
誰が何と言おうと、俺は絶対スペシャルにするけどな
誰が何と言おうと、俺は絶対スペシャルにするけどな
秀隆
秀隆
…………
…………
磯部
磯部
まどか、おまえ家族とはドリームタウンに行ったのか？
まどか、おまえ家族とはドリームタウンに行ったのか？
まどか
まどか
ええ。凄く喜んでた。ドリームタウンに行ける日が来るなんて
ええ。凄く喜んでた。ドリームタウンに行ける日が来るなんて
夢にも思ってなかったみたいで
夢にも思ってなかったみたいで
秀隆
秀隆
磯部の家族とかは行ったのか？
磯部の家族とかは行ったのか？
磯部
磯部
いや、家は元々仕事でドリームタウンに行き来してるからな
いや、家は元々仕事でドリームタウンに行き来してるからな
秀隆
秀隆
へぇ……磯部のご両親って何の仕事してるんだ？
へぇ……磯部のご両親って何の仕事してるんだ？
まどか
まどか
そっか、島津くん磯部くんのご両親を知らないのね
そっか、島津くん磯部くんのご両親を知らないのね
磯部
磯部
別にコイツに話すことじゃねえよ
別にコイツに話すことじゃねえよ
まどか
まどか
でも話したって別に問題はないでしょ？
でも話したって別に問題はないでしょ？
磯部
磯部
そりゃまぁ……
そりゃまぁ……
まどか
まどか
磯部グループって聞いたことない？
磯部グループって聞いたことない？
秀隆
秀隆
磯部グループって、あの大手ゼネコンの？
磯部グループって、あの大手ゼネコンの？
まどか
まどか
ええ
ええ
秀隆
秀隆
ってことは、凄いお坊ちゃんなのか……
ってことは、凄いお坊ちゃんなのか……
磯部
磯部
お坊ちゃんとか言うな
お坊ちゃんとか言うな
秀隆
秀隆
金持ちってのは知ってたけど、そこまでとは……
金持ちってのは知ってたけど、そこまでとは……
秀隆
秀隆
総資産もン億とかだろ？　働く必要なさそうだけどな……
総資産もン億とかだろ？　働く必要なさそうだけどな……
磯部
磯部
親の金がいくらあっても、俺には関係ない
親の金がいくらあっても、俺には関係ない
秀隆
秀隆
へえ……
へえ……
磯部
磯部
なんだよ
なんだよ
秀隆
秀隆
なんか、ちょっと格好いいと思ってさ
なんか、ちょっと格好いいと思ってさ
磯部
磯部
何が格好いいんだ。こんなもん普通だろ
何が格好いいんだ。こんなもん普通だろ
まどか
まどか
そんなことないと思う。ご両親に頼らずに自立するって、
そんなことないと思う。ご両親に頼らずに自立するって、
簡単じゃないし
簡単じゃないし
秀隆
秀隆
だな。まして、親に金があるなら尚更楽したくなるのが人間だ
だな。まして、親に金があるなら尚更楽したくなるのが人間だ
秀隆
秀隆
オレだったら間違いなく、遊んで暮らしてるだろうなあ
オレだったら間違いなく、遊んで暮らしてるだろうなあ
磯部
磯部
俺としては一人暮らししたいんだけどな。
俺としては一人暮らししたいんだけどな。
さすがに部屋を借りるだけの金はまだない
さすがに部屋を借りるだけの金はまだない
そう言えば、そんなこと前に言ってたっけ。
そう言えば、そんなこと前に言ってたっけ。
まどか
まどか
そうなんだ。知らなかった
そうなんだ。知らなかった
磯部
磯部
まだ実行に移せてるわけでもないしな、話してはなかった
まだ実行に移せてるわけでもないしな、話してはなかった
磯部
磯部
まどかにはそう言う考えはないのか？
まどかにはそう言う考えはないのか？
まどか
まどか
私は家族と生活することに抵抗はないし、
私は家族と生活することに抵抗はないし、
それに両親が寂しがることを考えたら一人暮らしはね
それに両親が寂しがることを考えたら一人暮らしはね
秀隆
秀隆
へえ。皆色々考えてるんだな
へえ。皆色々考えてるんだな
オレは個人的に、磯部から家の事情を少しだけ聞いている。
オレは個人的に、磯部から家の事情を少しだけ聞いている。
でも、この場ではあえて知らないフリをするのが良いだろう。
でも、この場ではあえて知らないフリをするのが良いだろう。
というより、磯部がそう誘導している。
というより、磯部がそう誘導している。
恐らくオレにプライベートなことを話した、と思われたくないのだろう。
恐らくオレにプライベートなことを話した、と思われたくないのだろう。
秀隆
秀隆
一人暮らしかー。どうなんだろうな
一人暮らしかー。どうなんだろうな
磯部
磯部
そういえば、お前のところって妹が一人、なんだよな？
そういえば、お前のところって妹が一人、なんだよな？
秀隆
秀隆
え？　ああ。親はオレが小さい頃に死んだよ
え？　ああ。親はオレが小さい頃に死んだよ
磯部
磯部
……どうやって生活してきたんだ？
……どうやって生活してきたんだ？
秀隆
秀隆
ま……それほど大変でもなかったさ
ま……それほど大変でもなかったさ
まどか
まどか
磯部くん。スペシャルランチ美味しい？
磯部くん。スペシャルランチ美味しい？
磯部
磯部
え？　ああ、かなり美味い。ボリュームもあるしな
え？　ああ、かなり美味い。ボリュームもあるしな
まどか
まどか
そう。今度来たら私も食べてみようかしら
そう。今度来たら私も食べてみようかしら
磯部
磯部
……俺は、何か聞いちゃいけないことを聞いたか？
……俺は、何か聞いちゃいけないことを聞いたか？
まどか
まどか
え？　ど、どうして？
え？　ど、どうして？
磯部
磯部
あからさまに話題を変えようとしただろ
あからさまに話題を変えようとしただろ
まどか
まどか
そ、そんなことは……
そ、そんなことは……
秀隆
秀隆
もろ露骨だったぞ
もろ露骨だったぞ
まどか
まどか
……ごめんなさい
……ごめんなさい
磯部
磯部
悪いな島津。家庭の問題を聞くのはよくないな
悪いな島津。家庭の問題を聞くのはよくないな
秀隆
秀隆
別に気にすることないって。
別に気にすることないって。
オレには両親がいないのが当たり前だったし、
オレには両親がいないのが当たり前だったし、
今更そのことを聞かれて何かを思うことはない
今更そのことを聞かれて何かを思うことはない
秀隆
秀隆
それに
それに
磯部
磯部
それに？
それに？
秀隆
秀隆
……っと、ゆっくりしてる暇はなさそうだ。
……っと、ゆっくりしてる暇はなさそうだ。
早く食べないと昼休みが終わってしまう
早く食べないと昼休みが終わってしまう
オレは言いかけた言葉を飲み込み、食事を終わらせることにした。
オレは言いかけた言葉を飲み込み、食事を終わらせることにした。
磯部
磯部
……おい
……おい
まどかがお手洗いに立った直後、磯部が話しかけてきた。
まどかがお手洗いに立った直後、磯部が話しかけてきた。
磯部
磯部
俺に話を合わせることに抵抗はなかったのかよ
俺に話を合わせることに抵抗はなかったのかよ
秀隆
秀隆
まあ、何となくそうした方がいいと思って
まあ、何となくそうした方がいいと思って
秀隆
秀隆
あの時は酒の席だったしさ
あの時は酒の席だったしさ
磯部
磯部
そりゃ、そうだけどな
そりゃ、そうだけどな
秀隆
秀隆
それともオレが、前にその話は磯部から聞いた、って言えばよかったか？
それともオレが、前にその話は磯部から聞いた、って言えばよかったか？
磯部
磯部
やめろ。まどかに変な誤解をされる
やめろ。まどかに変な誤解をされる
秀隆
秀隆
だからオレにまた話した。そうだよな
だからオレにまた話した。そうだよな
磯部
磯部
ちっ。相変わらずムカつくやつ
ちっ。相変わらずムカつくやつ
秀隆
秀隆
まどかも初めて聞くみたいだったけど、話してなかったのか？
まどかも初めて聞くみたいだったけど、話してなかったのか？
磯部
磯部
家庭の事情なんて話しても仕方ないだろ
家庭の事情なんて話しても仕方ないだろ
秀隆
秀隆
彼氏だったら、別に不自然なことでもないと思うけど
彼氏だったら、別に不自然なことでもないと思うけど
磯部
磯部
彼氏ね……そんなことを本気で思ってる奴なんて、どれだけいるんだか
彼氏ね……そんなことを本気で思ってる奴なんて、どれだけいるんだか
秀隆
秀隆
どういうことだよ
どういうことだよ
磯部
磯部
おまえだっていい加減分かってんだろ。
おまえだっていい加減分かってんだろ。
俺とまどかの関係なんて、彼氏彼女ごっこに過ぎないってよ
俺とまどかの関係なんて、彼氏彼女ごっこに過ぎないってよ
秀隆
秀隆
そんなことは
そんなことは
磯部
磯部
誰よりも俺が、まどかが、それを分かってんだ
誰よりも俺が、まどかが、それを分かってんだ
磯部
磯部
いちいち取り繕う必要なんてない
いちいち取り繕う必要なんてない
秀隆
秀隆
磯部……
磯部……
まどか
まどか
ごめんなさい。お待たせ
ごめんなさい。お待たせ
秀隆
秀隆
いや、待ってないぞ全然。なあ
いや、待ってないぞ全然。なあ
磯部
磯部
ああ。そろそろ仕事に戻ろうぜ
ああ。そろそろ仕事に戻ろうぜ
まどか
まどか
え、ええ
え、ええ
定時が終わり、オレは席を立った。
定時が終わり、オレは席を立った。
磯部
磯部
げ……
げ……
どうやら磯部も帰るらしく、同じタイミングで入り口へ。
どうやら磯部も帰るらしく、同じタイミングで入り口へ。
磯部
磯部
…………
…………
秀隆
秀隆
そんな露骨に嫌がらなくても
そんな露骨に嫌がらなくても
磯部
磯部
今日は一日、悪いことが起きるかもな
今日は一日、悪いことが起きるかもな
秀隆
秀隆
オレは疫病神か何かの扱いか……
オレは疫病神か何かの扱いか……
磯部
磯部
似たようなもんだろ
似たようなもんだろ
竹内
竹内
君たち、今から帰りかね？
君たち、今から帰りかね？
磯部
磯部
た、竹内特務官！　お疲れ様です！
た、竹内特務官！　お疲れ様です！
秀隆
秀隆
お疲れ様です
お疲れ様です
竹内
竹内
お疲れ
お疲れ
オレたちは竹内特務官よりも先に帰るわけにはいかない。
オレたちは竹内特務官よりも先に帰るわけにはいかない。
その場に立ち止まり見送ることにする。
その場に立ち止まり見送ることにする。
竹内
竹内
…………
…………
ところが、竹内特務官は数歩歩いた後、
ところが、竹内特務官は数歩歩いた後、
立ち止まりこちらを振り返った。
立ち止まりこちらを振り返った。
竹内
竹内
二人とも、この後の予定は？
二人とも、この後の予定は？
磯部
磯部
自分たちは、このまま帰宅するだけですが……なあ？
自分たちは、このまま帰宅するだけですが……なあ？
秀隆
秀隆
はい
はい
竹内
竹内
もし良かったら、今夜付き合わないか
もし良かったら、今夜付き合わないか
磯部
磯部
えっ！？
えっ！？
竹内
竹内
都合が悪ければ無理にとは言わないがね
都合が悪ければ無理にとは言わないがね
磯部
磯部
も、もちろん空いてます！　なあ島津！
も、もちろん空いてます！　なあ島津！
秀隆
秀隆
お、おう
お、おう
磯部の迫力に気おされながら、頷いた。
磯部の迫力に気おされながら、頷いた。
やってきたのは、いつものバー。
やってきたのは、いつものバー。
竹内
竹内
急に誘ってしまって、悪かったね
急に誘ってしまって、悪かったね
磯部
磯部
いえそんな。凄く光栄です
いえそんな。凄く光栄です
竹内
竹内
今日は一人で飲むつもりだったんだが、
今日は一人で飲むつもりだったんだが、
何となく誰かと飲みたいとも思い始めていたところだったんだ
何となく誰かと飲みたいとも思い始めていたところだったんだ
秀隆
秀隆
竹内特務官は、よく唐沢さんと飲みに行かれるイメージがありました
竹内特務官は、よく唐沢さんと飲みに行かれるイメージがありました
竹内
竹内
彼とは同期だからね。確かに飲みに行くことは多い
彼とは同期だからね。確かに飲みに行くことは多い
竹内
竹内
しかし、親しいからといって、いつも飲みに行くとは限らない
しかし、親しいからといって、いつも飲みに行くとは限らない
竹内
竹内
時には君たちのような若者と、飲みたくもなるんだよ
時には君たちのような若者と、飲みたくもなるんだよ
磯部
磯部
…………
…………
磯部は嬉しそうに、けど笑顔を殺して聞いていた。
磯部は嬉しそうに、けど笑顔を殺して聞いていた。
竹内
竹内
磯部くん。最近プロジェクトの方は順調かね？
磯部くん。最近プロジェクトの方は順調かね？
磯部
磯部
ま、まだまだ、失敗も多く、先輩方には遠く及びませんっ！
ま、まだまだ、失敗も多く、先輩方には遠く及びませんっ！
竹内
竹内
そんなに緊張することはない。落ち着きたまえ
そんなに緊張することはない。落ち着きたまえ
磯部
磯部
は、はいっ！
は、はいっ！
全然落ち着いていない。
全然落ち着いていない。
竹内
竹内
私は助特務官の活動にも、逐一目を通させてもらっている。
私は助特務官の活動にも、逐一目を通させてもらっている。
君はまだまだ間違った選択をすることも多いが、誰よりも積極的だ
君はまだまだ間違った選択をすることも多いが、誰よりも積極的だ
竹内
竹内
事実、あの部屋の中では、一番多くのプロジェクトに関わっている
事実、あの部屋の中では、一番多くのプロジェクトに関わっている
竹内
竹内
その経験はいずれ、君の力になるだろう
その経験はいずれ、君の力になるだろう
磯部
磯部
あ、ありがとうございます！
あ、ありがとうございます！
秀隆
秀隆
ちょっとは落ち着けって。
ちょっとは落ち着けって。
ほら、洗浄アルコールでも一気飲みしてさ
ほら、洗浄アルコールでも一気飲みしてさ
磯部
磯部
よ、よし……
よ、よし……
って、のめるか！
って、のめるか！
磯部
磯部
おまえはどうしていつもそう、ふざけてんだよっ
おまえはどうしていつもそう、ふざけてんだよっ
竹内
竹内
…………
…………
オレたちのやり取りを、竹内特務官はジッと見つめていた。
オレたちのやり取りを、竹内特務官はジッと見つめていた。
磯部
磯部
も、申し訳ありません！　島津はいつもこうで……
も、申し訳ありません！　島津はいつもこうで……
竹内
竹内
いや構わんよ。何故かな、君たちを見ていると昔を思い出す
いや構わんよ。何故かな、君たちを見ていると昔を思い出す
磯部
磯部
昔……ですか？
昔……ですか？
竹内
竹内
君たちは入社時期こそ違うが、年齢は同じだったね？
君たちは入社時期こそ違うが、年齢は同じだったね？
秀隆
秀隆
はい。そうですが、それが何か？
はい。そうですが、それが何か？
竹内
竹内
私がまだ、新人特務官だった頃は、
私がまだ、新人特務官だった頃は、
同期の仲間とよく口論を繰り広げたものだと思ってね。
同期の仲間とよく口論を繰り広げたものだと思ってね。
懐かしくなった
懐かしくなった
磯部
磯部
竹内特務官の新人時代……全然想像できませんね
竹内特務官の新人時代……全然想像できませんね
竹内
竹内
色々と無茶もやったよ。磯部くんよりも多くの失敗もした
色々と無茶もやったよ。磯部くんよりも多くの失敗もした
竹内
竹内
時には、島津くんのような無茶もした
時には、島津くんのような無茶もした
秀隆
秀隆
へえ……
へえ……
竹内
竹内
特に同期のある特務官とは折り合いが悪くてね。
特に同期のある特務官とは折り合いが悪くてね。
プロジェクトで一緒に組む度に、つかみ合う喧嘩をしたものだよ
プロジェクトで一緒に組む度に、つかみ合う喧嘩をしたものだよ
磯部
磯部
竹内特務官にたてつくなんて生意気な……
竹内特務官にたてつくなんて生意気な……
磯部
磯部
あれ？　しかし、今竹内特務官の同期なんていましたっけ……
あれ？　しかし、今竹内特務官の同期なんていましたっけ……
竹内
竹内
残念ながら、今はもう誰も残っていない
残念ながら、今はもう誰も残っていない
竹内
竹内
厳しい競争の中、途中で力尽きて行った者たちばかりだ
厳しい競争の中、途中で力尽きて行った者たちばかりだ
秀隆
秀隆
その折り合いが悪かった特務官も？
その折り合いが悪かった特務官も？
竹内
竹内
……いや、彼は少し違う
……いや、彼は少し違う
竹内
竹内
才能だけで言えば、私よりもずっと上だった
才能だけで言えば、私よりもずっと上だった
磯部
磯部
そんな特務官がいるわけないじゃないですか
そんな特務官がいるわけないじゃないですか
竹内
竹内
世の中には、努力だけでは勝てない、真の才能を持った人間が
世の中には、努力だけでは勝てない、真の才能を持った人間が
存在する
存在する
竹内
竹内
彼は、まさに才能の塊だったと言えるだろう
彼は、まさに才能の塊だったと言えるだろう
秀隆
秀隆
どうしてその人は、特務官を辞めたんですか？
どうしてその人は、特務官を辞めたんですか？
竹内
竹内
……島津くん
……島津くん
秀隆
秀隆
はい
はい
竹内
竹内
その彼は、君のように直感を信じて行動するタイプだった
その彼は、君のように直感を信じて行動するタイプだった
竹内
竹内
自分が正しいと思ったことに、どこまでも真っ直ぐ突き進む
自分が正しいと思ったことに、どこまでも真っ直ぐ突き進む
竹内
竹内
周りがどれだけ反対しても、ひたすら追い続けるような人間だった
周りがどれだけ反対しても、ひたすら追い続けるような人間だった
秀隆
秀隆
…………
…………
磯部
磯部
別に島津が凄いってわけじゃないぞ。勘違いすんなよ
別に島津が凄いってわけじゃないぞ。勘違いすんなよ
秀隆
秀隆
分かってるって
分かってるって
竹内
竹内
磯部くん。君は私の若い頃に似ている
磯部くん。君は私の若い頃に似ている
磯部
磯部
え……じ、自分が竹内特務官に！？
え……じ、自分が竹内特務官に！？
竹内
竹内
もちろん島津くんを好いていない、という部分が昔の自分と重なるだけだがね
もちろん島津くんを好いていない、という部分が昔の自分と重なるだけだがね
竹内特務官が、意地悪そうに笑った。
竹内特務官が、意地悪そうに笑った。
磯部
磯部
そ、そう言う意味ですか……
そ、そう言う意味ですか……
磯部
磯部
いえっ、自分は同僚を嫌っているなんてことはっ！？
いえっ、自分は同僚を嫌っているなんてことはっ！？
事態に気づき、慌ててフォローする。
事態に気づき、慌ててフォローする。
竹内
竹内
心配しなくてもいい。例え同期でも折り合いの付かない人間はいる。それに君は、私たちの前でそれを見せまいと努力している
心配しなくてもいい。例え同期でも折り合いの付かない人間はいる。それに君は、私たちの前でそれを見せまいと努力している
竹内
竹内
それは十分立派なことだ
それは十分立派なことだ
磯部
磯部
そんな……
そんな……
秀隆
秀隆
竹内特務官。いつになく饒舌ですね
竹内特務官。いつになく饒舌ですね
磯部
磯部
おまえはおまえで、どうしてそんな余計なことを
おまえはおまえで、どうしてそんな余計なことを
竹内
竹内
気にすることはない。
気にすることはない。
事実、今日の私は少し、話をしたい気分なんだ
事実、今日の私は少し、話をしたい気分なんだ
竹内
竹内
君たち若者の英気を分けてもらいたいと、思っているのかもしれない
君たち若者の英気を分けてもらいたいと、思っているのかもしれない
秀隆
秀隆
もしかして……何か悩み事でも？
もしかして……何か悩み事でも？
竹内
竹内
ふ、ふふ……全く、君という男は……
ふ、ふふ……全く、君という男は……
磯部
磯部
困っていることがあれば、その、お力になります
困っていることがあれば、その、お力になります
磯部
磯部
もちろん、役に立てるかどうかはわからないんですが……
もちろん、役に立てるかどうかはわからないんですが……
竹内
竹内
二人の気持ちだけ受け取っておくよ
二人の気持ちだけ受け取っておくよ
竹内
竹内
私は悩んでなどいない。覚悟を、改めていたところだ
私は悩んでなどいない。覚悟を、改めていたところだ
磯部
磯部
覚悟……
覚悟……
竹内
竹内
君たち若手の成長は、ホープタウンには必ず必要なものだ
君たち若手の成長は、ホープタウンには必ず必要なものだ
竹内
竹内
私は強く期待しているよ
私は強く期待しているよ
磯部
磯部
は、はいっ
は、はいっ
竹内
竹内
それじゃあ、私はここで。お疲れ様
それじゃあ、私はここで。お疲れ様
磯部
磯部
お、お疲れ様です！
お、お疲れ様です！
秀隆
秀隆
お疲れ様です
お疲れ様です
二人で頭を下げ、竹内特務官を見送る。
二人で頭を下げ、竹内特務官を見送る。
磯部
磯部
……頑張るぞ、俺は
……頑張るぞ、俺は
磯部
磯部
竹内特務官の隣に立てるような、そんな特務官になるために
竹内特務官の隣に立てるような、そんな特務官になるために
秀隆
秀隆
そうだな……
そうだな……
オレもいつか、竹内特務官を越えるような存在を目指して。
オレもいつか、竹内特務官を越えるような存在を目指して。
…………。
…………。
……。
……。
