秀隆
秀隆
むにゅ……
むにゅ……
秀隆
秀隆
り、凛……ダメだ。こ、これ以上は……
り、凛……ダメだ。こ、これ以上は……
秀隆
秀隆
お、おれは特務官で、おまえは、アイドル……だめなんだっ……
お、おれは特務官で、おまえは、アイドル……だめなんだっ……
キズナ
キズナ
なにがダメなんでしょう？
なにがダメなんでしょう？
秀隆
秀隆
そ、そこは……
そ、そこは……
あっ！
あっ！
キズナ
キズナ
あやー。何だかすごいことになってますね……ぴくぴく動いてます。まさか起こしにきてこんなイベントに遭遇するなんてっ
あやー。何だかすごいことになってますね……ぴくぴく動いてます。まさか起こしにきてこんなイベントに遭遇するなんてっ
キズナの前にさらけ出される、オレの股間。
キズナの前にさらけ出される、オレの股間。
もちろん、残念なことにオレは眠ってしまっている。
もちろん、残念なことにオレは眠ってしまっている。
大きくそそり立ったソレは、朝と夢のおかげでガッチガチだ。
大きくそそり立ったソレは、朝と夢のおかげでガッチガチだ。
秀隆
秀隆
り、りん……オレ……おまえのことがっ……
り、りん……オレ……おまえのことがっ……
キズナ
キズナ
りんりんのことが？
りんりんのことが？
びくびくんっ。
びくびくんっ。
キズナ
キズナ
おおぉ……なんだかすごいですねぇ……
おおぉ……なんだかすごいですねぇ……
秀隆
秀隆
く……！　……んぁ……？
く……！　……んぁ……？
抱きしめようとしたところで、目が覚める。
抱きしめようとしたところで、目が覚める。
秀隆
秀隆
あーもういいところだったのに
あーもういいところだったのに
見っともない話だが、朝立ちブレンドで勃起してしまっている。
見っともない話だが、朝立ちブレンドで勃起してしまっている。
秀隆
秀隆
オレもまだまだ若いなぁ
オレもまだまだ若いなぁ
キズナ
キズナ
…………
…………
秀隆
秀隆
…………
…………
なぜか、部屋の中にいたキズナと目が合う。
なぜか、部屋の中にいたキズナと目が合う。
キズナ
キズナ
おはようございますっ
おはようございますっ
秀隆
秀隆
おはｙ……
おはｙ……
うおいっ！？
うおいっ！？
オレは容赦なくさらけ出されている股間を手で隠す。
オレは容赦なくさらけ出されている股間を手で隠す。
が、勃起のせいで隠しきれない。
が、勃起のせいで隠しきれない。
秀隆
秀隆
ぱぱ、パンツ、オレのパンツは！？
ぱぱ、パンツ、オレのパンツは！？
キズナ
キズナ
床に落ちてますです
床に落ちてますです
キズナがトランクスをひょいっと拾い上げる。
キズナがトランクスをひょいっと拾い上げる。
キズナ
キズナ
どぞです
どぞです
秀隆
秀隆
ども……
ども……
って、おまえ出ていけ！
って、おまえ出ていけ！
キズナを部屋から追い出し、オレは一人虚しくパンツを履いた。
キズナを部屋から追い出し、オレは一人虚しくパンツを履いた。
秀隆
秀隆
なんで女の子に股間みられなきゃならないんだよ……
なんで女の子に股間みられなきゃならないんだよ……
それも勃起＆勃起の状態で。
それも勃起＆勃起の状態で。
泣きそう……。
泣きそう……。
se着信（共通
se着信（共通
携帯が鳴った。
携帯が鳴った。
秀隆
秀隆
……凛？
……凛？
se通話ボタン
se通話ボタン
秀隆
秀隆
もしもし？
もしもし？
凛
凛
もしもしじゃなあああい！！！
もしもしじゃなあああい！！！
秀隆
秀隆
あがが！　いきなり怒鳴るな！
あがが！　いきなり怒鳴るな！
凛
凛
怒鳴りたくもなるっての。
怒鳴りたくもなるっての。
あんたあたしをどれだけ待たせるつもり！？
あんたあたしをどれだけ待たせるつもり！？
秀隆
秀隆
は？
は？
凛
凛
まさか、約束覚えてないわけ？
まさか、約束覚えてないわけ？
秀隆
秀隆
……思い出した
……思い出した
確か今日の９時、凛とドリームタウンで会う約束してたんだ。
確か今日の９時、凛とドリームタウンで会う約束してたんだ。
もちろん楽しみだったし、覚えてもいた。
もちろん楽しみだったし、覚えてもいた。
秀隆
秀隆
昨日飲みすぎちゃってさ……
昨日飲みすぎちゃってさ……
凛
凛
はいさよなら！
はいさよなら！
秀隆
秀隆
あ、おい！
あ、おい！
携帯を切られる。
携帯を切られる。
……どうやら相当お冠らしい。
……どうやら相当お冠らしい。
時刻はすでに２時。
時刻はすでに２時。
５時間も予定をオーバーしている。
５時間も予定をオーバーしている。
着信履歴も４３件。
着信履歴も４３件。
メールやら電話やら、全部凛からだ。
メールやら電話やら、全部凛からだ。
メールを開いてみる。
メールを開いてみる。
９：０５分　そろそろつきそう？
９：０５分　そろそろつきそう？
９：１５分　あたしステーション前いるよ。
９：１５分　あたしステーション前いるよ。
９：２０分　おーい。
９：２０分　おーい。
９：２３分　もしかして寝てる？
９：２３分　もしかして寝てる？
９：２４分　電話つながらないんだけどー。
９：２４分　電話つながらないんだけどー。
９：３０分　ちょっと……起きなさいって。
９：３０分　ちょっと……起きなさいって。
９：３２分　女の子待たせるなんて最悪。
９：３２分　女の子待たせるなんて最悪。
９：３３分　早く起きろ起きろ起きろ起きろ。
９：３３分　早く起きろ起きろ起きろ起きろ。
９：４０分　久しぶりの休日、待ちぼうけ、だるぅ。
９：４０分　久しぶりの休日、待ちぼうけ、だるぅ。
秀隆
秀隆
だ、だめだ。これ以上見る自信がない
だ、だめだ。これ以上見る自信がない
とにかく電話を……あれ？
とにかく電話を……あれ？
なんで電話が通じたんだ？　待ち合わせはドリームタウン……。
なんで電話が通じたんだ？　待ち合わせはドリームタウン……。
い、いや。
い、いや。
携帯をかける。
携帯をかける。
……つながらない。
……つながらない。
どうやら電源を切られているようだ。
どうやら電源を切られているようだ。
秀隆
秀隆
最悪だ……
最悪だ……
アクセラやキズナなら、怒らせても謝れば許してくれそうだが、
アクセラやキズナなら、怒らせても謝れば許してくれそうだが、
凛や秋のようなタイプは一度怒らせたら厄介だ。
凛や秋のようなタイプは一度怒らせたら厄介だ。
秀隆
秀隆
……とにかく行くっきゃねえ
……とにかく行くっきゃねえ
オレは立ち上がり、ズボンを掴んだ。
オレは立ち上がり、ズボンを掴んだ。
秀隆
秀隆
……凛……
……凛……
の姿は当然ない。
の姿は当然ない。
自宅を訪ねてみるが、出てくる気配もない。
自宅を訪ねてみるが、出てくる気配もない。
秀隆
秀隆
どこいったんだろうな……
どこいったんだろうな……
オレは凛と約束を交わした時のことを思い出す。
オレは凛と約束を交わした時のことを思い出す。
確か、例の年末番組が、そろそろ収録だってことで、
確か、例の年末番組が、そろそろ収録だってことで、
改めて体を鍛えたいとか言ってたな。
改めて体を鍛えたいとか言ってたな。
もしかしたらジムに行ってるのか？
もしかしたらジムに行ってるのか？
そして、午後３時を回る頃、偶然凛を発見した。
そして、午後３時を回る頃、偶然凛を発見した。
秀隆
秀隆
り、凛！
り、凛！
オレが慌てて駆け寄ると……。
オレが慌てて駆け寄ると……。
凛
凛
誰あんた。あたし、あんたみたいなスーパー遅刻寝坊男知らないのよね
誰あんた。あたし、あんたみたいなスーパー遅刻寝坊男知らないのよね
秀隆
秀隆
う……
う……
強烈に睨み付け、オレを無視して歩いていく。
強烈に睨み付け、オレを無視して歩いていく。
秀隆
秀隆
わ、悪かったよ。でも、人間たまにミスすることだってあるだろ？
わ、悪かったよ。でも、人間たまにミスすることだってあるだろ？
凛
凛
…………
…………
秀隆
秀隆
きょ、今日電話もらったけど、あれどこからかけてきたんだ？
きょ、今日電話もらったけど、あれどこからかけてきたんだ？
凛
凛
…………
…………
秀隆
秀隆
り、凛さぁん？
り、凛さぁん？
凛
凛
ついてこないで
ついてこないで
秀隆
秀隆
オレが悪かった、この通り！
オレが悪かった、この通り！
凛
凛
知らない。あたし待たされるの嫌いだから
知らない。あたし待たされるの嫌いだから
凛
凛
１０分や２０分ならともかく、５時間以上って、普通ありえる？
１０分や２０分ならともかく、５時間以上って、普通ありえる？
秀隆
秀隆
か、帰るなりしておけばよかっただろ？
か、帰るなりしておけばよかっただろ？
凛
凛
あぁ？
あぁ？
秀隆
秀隆
な、なんでもありません！　全部オレが悪いです！
な、なんでもありません！　全部オレが悪いです！
凛
凛
ふん
ふん
秀隆
秀隆
…………
…………
とりあえず、オレは凛の後を追っていく。
とりあえず、オレは凛の後を追っていく。
もうそろそろ、凛の家に着く。
もうそろそろ、凛の家に着く。
凛
凛
あんさ、いつまでついてくるつもり？
あんさ、いつまでついてくるつもり？
秀隆
秀隆
凛が許してくれるまで……かな
凛が許してくれるまで……かな
凛
凛
無理
無理
秀隆
秀隆
…………
…………
相当ご立腹のようだ。
相当ご立腹のようだ。
秀隆
秀隆
頼む……この通りだ、許してほしい
頼む……この通りだ、許してほしい
凛
凛
別に、わざわざ謝らなくったっていいんじゃない？
別に、わざわざ謝らなくったっていいんじゃない？
あたしと秀隆は、元々普通の友達ってレベルなわけだし
あたしと秀隆は、元々普通の友達ってレベルなわけだし
凛
凛
住んでる街も違うんだから支障なんてないでしょ
住んでる街も違うんだから支障なんてないでしょ
秀隆
秀隆
お、オレはおまえとこんなことで喧嘩別れしたくないんだよ
お、オレはおまえとこんなことで喧嘩別れしたくないんだよ
凛
凛
……でも、あたしは怒ってるの。
……でも、あたしは怒ってるの。
貴重な休みの日に、待ちぼうけくらったこの現状に
貴重な休みの日に、待ちぼうけくらったこの現状に
秀隆
秀隆
わかってる……だから……
わかってる……だから……
オレは切り札を出すしかないと思い、
オレは切り札を出すしかないと思い、
持ってきていたカバンを取り出す。
持ってきていたカバンを取り出す。
秀隆
秀隆
凛
凛
凛
凛
さっきから何よ。あたしは許すつもりはないってば
さっきから何よ。あたしは許すつもりはないってば
秀隆
秀隆
オレがしたことはミスだ。だから、それなりの誠意も見せるつもりだ
オレがしたことはミスだ。だから、それなりの誠意も見せるつもりだ
凛
凛
誠意？
誠意？
秀隆
秀隆
これ……
これ……
カバンから取り出した。
カバンから取り出した。
凛
凛
何よこれ……
何よこれ……
秀隆
秀隆
この間、凛これをじっと見てたなと思ってさ
この間、凛これをじっと見てたなと思ってさ
凛
凛
……もしかして……
……もしかして……
秀隆
秀隆
ああ。カイテイドウのケーキ、買ってきた
ああ。カイテイドウのケーキ、買ってきた
凛
凛
物で機嫌取ろうってわけ？
物で機嫌取ろうってわけ？
秀隆
秀隆
おう
おう
凛
凛
堂々言い切らないでよ……
堂々言い切らないでよ……
秀隆
秀隆
だって、オレ凛と喧嘩分かれしたくないし
だって、オレ凛と喧嘩分かれしたくないし
凛
凛
そりゃあたしだって、意味のない喧嘩したくないわよ
そりゃあたしだって、意味のない喧嘩したくないわよ
秀隆
秀隆
だったら仲直りしよう
だったら仲直りしよう
秀隆
秀隆
な？
な？
凛
凛
…………
…………
凛
凛
あーもう。あんたすごいムカつく。絶対計算づくでしょ
あーもう。あんたすごいムカつく。絶対計算づくでしょ
秀隆
秀隆
なにが
なにが
凛
凛
どういう理由で怒らせたか、
どういう理由で怒らせたか、
何をすれば、あたしに話を聞いてもらえるか、
何をすれば、あたしに話を聞いてもらえるか、
何を話せばあたしと仲直りできるか……
何を話せばあたしと仲直りできるか……
秀隆
秀隆
んなもん、当たり前だろ
んなもん、当たり前だろ
秀隆
秀隆
おまえと仲直りするために、必死で脳内シミュレートしてきてる
おまえと仲直りするために、必死で脳内シミュレートしてきてる
凛
凛
あーはいはい。さすが特務官様ね。もういいわ
あーはいはい。さすが特務官様ね。もういいわ
凛は再びオレに背を向け歩き出す。
凛は再びオレに背を向け歩き出す。
秀隆
秀隆
お、おいっ？　許してくれないのか……？
お、おいっ？　許してくれないのか……？
凛
凛
うるさいわね……さっさと来なさいよ
うるさいわね……さっさと来なさいよ
秀隆
秀隆
え？
え？
凛
凛
家で食べるわよそのケーキ
家で食べるわよそのケーキ
秀隆
秀隆
じゃあ……許してくれるのか？
じゃあ……許してくれるのか？
凛
凛
ま……美味しかったらね
ま……美味しかったらね
秀隆
秀隆
お、おうっ！
お、おうっ！
凛
凛
……不味ッ
……不味ッ
凛
凛
すっごい不味ッ！
すっごい不味ッ！
秀隆
秀隆
う、嘘つけよ！　オレと仲直りしたくないからって酷いな！
う、嘘つけよ！　オレと仲直りしたくないからって酷いな！
凛
凛
そういうなら、あんたも食べてみなさいよ
そういうなら、あんたも食べてみなさいよ
払うように皿を突き出される。
払うように皿を突き出される。
オレは慌ててケーキにフォークを突き刺し、それを食べる。
オレは慌ててケーキにフォークを突き刺し、それを食べる。
秀隆
秀隆
不味ッ！
不味ッ！
凛
凛
……でしょ？
……でしょ？
秀隆
秀隆
あんなに行列ができてたのに……
あんなに行列ができてたのに……
パサパサで甘みの薄いケーキは、実に口当たりが悪い。
パサパサで甘みの薄いケーキは、実に口当たりが悪い。
しいて言うなら、二度とは食べたくない味だ。
しいて言うなら、二度とは食べたくない味だ。
凛
凛
テレビで取り上げられたからって美味しいわけじゃない典型例ね
テレビで取り上げられたからって美味しいわけじゃない典型例ね
凛
凛
もう、なんで不味いんだか……。残念だけど仲直りはなしね
もう、なんで不味いんだか……。残念だけど仲直りはなしね
秀隆
秀隆
え、えええっ……
え、えええっ……
凛
凛
そういう約束だったでしょ。ってことで帰って
そういう約束だったでしょ。ってことで帰って
しっしと手ではらわれる。
しっしと手ではらわれる。
秀隆
秀隆
そういうなよ凛。オレとお前の仲だろ？
そういうなよ凛。オレとお前の仲だろ？
凛
凛
あたしとあんたにどんな仲があるっていうのよ
あたしとあんたにどんな仲があるっていうのよ
秀隆
秀隆
そういわれると困るんだけど……
そういわれると困るんだけど……
凛
凛
あたしとあんたはただの友達。
あたしとあんたはただの友達。
なんか変なこと期待してるんじゃないでしょうね？
なんか変なこと期待してるんじゃないでしょうね？
秀隆
秀隆
ば、バカ言うな。なんだよ変なことって
ば、バカ言うな。なんだよ変なことって
凛
凛
あたしと付き合えるとか？
あたしと付き合えるとか？
秀隆
秀隆
ないない。お前と付き合いたいなんて思ったこともないし
ないない。お前と付き合いたいなんて思ったこともないし
凛
凛
あ、っそ。だったら帰ってくれる？
あ、っそ。だったら帰ってくれる？
秀隆
秀隆
……だめなら、帰るけどもさ……
……だめなら、帰るけどもさ……
凛
凛
…………
…………
秀隆
秀隆
…………
…………
気まずい空気が、部屋の中に充満していく。
気まずい空気が、部屋の中に充満していく。
それを嫌った凛が言葉を発した。
それを嫌った凛が言葉を発した。
凛
凛
今日、成果見せようと思ってたのよ
今日、成果見せようと思ってたのよ
秀隆
秀隆
……悪い
……悪い
凛
凛
あと１週間で本番。平日は収録なんかで忙しくて、ろくに体も
あと１週間で本番。平日は収録なんかで忙しくて、ろくに体も
動かせない。だから今日は朝からあんたに見てもらって、
動かせない。だから今日は朝からあんたに見てもらって、
色々最終調整したかった
色々最終調整したかった
秀隆
秀隆
……本当に悪かった。寝坊は完全にオレのミスだ
……本当に悪かった。寝坊は完全にオレのミスだ
秀隆
秀隆
おまえが賭ける思いも、十分に理解してる
おまえが賭ける思いも、十分に理解してる
凛
凛
……ほんとに？
……ほんとに？
秀隆
秀隆
理解してなきゃ、オレだってこんなに必死にならない
理解してなきゃ、オレだってこんなに必死にならない
秀隆
秀隆
おまえには勝ってもらいたいんだ。力になってやりたいんだ
おまえには勝ってもらいたいんだ。力になってやりたいんだ
凛
凛
次、寝坊しないって約束できる？
次、寝坊しないって約束できる？
秀隆
秀隆
５分までは……？
５分までは……？
凛
凛
ダメに決まってるでしょ。待ち合わせ１０分前はデフォね
ダメに決まってるでしょ。待ち合わせ１０分前はデフォね
秀隆
秀隆
わ、わかった。必ずそうする
わ、わかった。必ずそうする
凛
凛
約束破ったら、高いもの買わせるわよ？
約束破ったら、高いもの買わせるわよ？
秀隆
秀隆
ど、どれくらいの？
ど、どれくらいの？
凛
凛
さぁ。それはあんたのお給料との相談になるけど
さぁ。それはあんたのお給料との相談になるけど
頭の中でそろばんを弾き出す。
頭の中でそろばんを弾き出す。
秀隆
秀隆
分かった……認めよう
分かった……認めよう
凛
凛
……ふぅ。いいわ、だったら許してあげる
……ふぅ。いいわ、だったら許してあげる
秀隆
秀隆
ほ、本当か？
ほ、本当か？
凛
凛
このまま怒ってたって時間を無駄に浪費するだけだしね
このまま怒ってたって時間を無駄に浪費するだけだしね
硬かった（怖かった）凛の表情がやっと崩れた。
硬かった（怖かった）凛の表情がやっと崩れた。
凛
凛
あたしは何としても、上位入賞するために頑張らなきゃいけない
あたしは何としても、上位入賞するために頑張らなきゃいけない
秀隆
秀隆
ああ、そうだな
ああ、そうだな
秀隆
秀隆
予約してたジムは、さすがに今からじゃ入れないよな？
予約してたジムは、さすがに今からじゃ入れないよな？
凛
凛
無理。今日みたいな休日は完全予約制だから
無理。今日みたいな休日は完全予約制だから
まぁ、そもそもそういう事態じゃなきゃ凛もそこまで怒らなかったかもしれない。
まぁ、そもそもそういう事態じゃなきゃ凛もそこまで怒らなかったかもしれない。
他にもいくつかジムはあるが、凛が利用したことのない店ばかりだ。
他にもいくつかジムはあるが、凛が利用したことのない店ばかりだ。
芸能人だとその辺もデリケートだから、簡単に新しいジムを使うこともできない。
芸能人だとその辺もデリケートだから、簡単に新しいジムを使うこともできない。
今日一日を無駄にしてしまった事実はあるが、
今日一日を無駄にしてしまった事実はあるが、
いつまでもそのことで自分を責めていてもだめだ。
いつまでもそのことで自分を責めていてもだめだ。
凛
凛
例の番組、高得点種目が発表されたの
例の番組、高得点種目が発表されたの
秀隆
秀隆
そうか。やっと出たってわけか
そうか。やっと出たってわけか
凛がリストを印刷したものを見せてくれる。
凛がリストを印刷したものを見せてくれる。
秀隆
秀隆
５０ｍ走に、持久走、それから握力の３つか
５０ｍ走に、持久走、それから握力の３つか
これらの種目に限り得点が他の種目の２倍になる。
これらの種目に限り得点が他の種目の２倍になる。
秀隆
秀隆
５０ｍ走と持久走辺りが入ってるところを見ると、バラエティーって感じだな
５０ｍ走と持久走辺りが入ってるところを見ると、バラエティーって感じだな
単純な能力だけじゃなく、テレビとしてどうか、
単純な能力だけじゃなく、テレビとしてどうか、
ってところまで考えられている。
ってところまで考えられている。
さすがに長寿番組だけあると言えるだろう。
さすがに長寿番組だけあると言えるだろう。
凛
凛
あたし、走ることに関してはほぼノータッチよ？
あたし、走ることに関してはほぼノータッチよ？
秀隆
秀隆
分かってる。凛が取るべきは間違いなく握力測定だな
分かってる。凛が取るべきは間違いなく握力測定だな
ここで１位を取ることが出来れば、１８ポイントを獲得できる。
ここで１位を取ることが出来れば、１８ポイントを獲得できる。
それは非常に大きな要素と言えるだろう。
それは非常に大きな要素と言えるだろう。
秀隆
秀隆
じゃあ、早速だがこれを見てほしい
じゃあ、早速だがこれを見てほしい
オレは印刷しておいた資料とグラフを取り出す。
オレは印刷しておいた資料とグラフを取り出す。
凛
凛
これは？
これは？
秀隆
秀隆
凛が体を鍛えはじめてから結構立つだろ？
凛が体を鍛えはじめてから結構立つだろ？
その間、メールで逐一詳細なデータを送ってもらってたよな？
その間、メールで逐一詳細なデータを送ってもらってたよな？
凛
凛
うん。もしかして、そのグラフ？
うん。もしかして、そのグラフ？
秀隆
秀隆
と、他の芸能人たちの過去のデータをグラフにしたものだ
と、他の芸能人たちの過去のデータをグラフにしたものだ
秀隆
秀隆
この番組に出たことがない芸能人も、
この番組に出たことがない芸能人も、
漁ってたら幾つか他番組での記録なんかが出てきた
漁ってたら幾つか他番組での記録なんかが出てきた
凛
凛
すご……
すご……
秀隆
秀隆
数字を並べたてるだけなら時間も手間もかからないけど、わかりづらい。その点グラフになれば、誰とどれくらい差があるのかも一目瞭然だ
数字を並べたてるだけなら時間も手間もかからないけど、わかりづらい。その点グラフになれば、誰とどれくらい差があるのかも一目瞭然だ
秀隆
秀隆
今年、女の子の部門で強敵となりそうなのは４人
今年、女の子の部門で強敵となりそうなのは４人
リストに名前を表示する。
リストに名前を表示する。
秀隆
秀隆
今現在の凛の状態よりも、正直上だろうな
今現在の凛の状態よりも、正直上だろうな
凛
凛
１人新人がいるけど、後は芸能界でも有名なアスリートね
１人新人がいるけど、後は芸能界でも有名なアスリートね
秀隆
秀隆
例のポイント２倍の３種目を打ち込むと……
例のポイント２倍の３種目を打ち込むと……
現状５位の凛の順位は……６位に下がった。
現状５位の凛の順位は……６位に下がった。
秀隆
秀隆
５０ｍと持久走を取れない前提だと、こうなるな
５０ｍと持久走を取れない前提だと、こうなるな
凛
凛
……厳しそうね。こうやってみると
……厳しそうね。こうやってみると
秀隆
秀隆
簡単にはいかないだろうな
簡単にはいかないだろうな
過去、アスリートの経験のないアイドルが
過去、アスリートの経験のないアイドルが
入賞した回数は、数えるほどしかない。
入賞した回数は、数えるほどしかない。
だからこそ、仕事が増えたりする珍事が起こるんだろうけど。
だからこそ、仕事が増えたりする珍事が起こるんだろうけど。
凛
凛
あと１週間しかないし……今から鍛えても変わらないんじゃない？
あと１週間しかないし……今から鍛えても変わらないんじゃない？
秀隆
秀隆
いや、そんなことはない。これはあくまでも１か月前の状態だ。
いや、そんなことはない。これはあくまでも１か月前の状態だ。
１か月前でこの順位は、凄いと思うぞ
１か月前でこの順位は、凄いと思うぞ
凛
凛
そ、そう？
そ、そう？
秀隆
秀隆
ああ。アイドルとしてだけじゃなくて、
ああ。アイドルとしてだけじゃなくて、
身体能力も芸能界でハイレベルな位置にいるのは間違いない
身体能力も芸能界でハイレベルな位置にいるのは間違いない
凛はテレたのか、頬を少しかいて笑った。
凛はテレたのか、頬を少しかいて笑った。
秀隆
秀隆
だからまだ可能性は十分残されてるさ
だからまだ可能性は十分残されてるさ
秀隆
秀隆
でも、データの有無はともかく、
でも、データの有無はともかく、
勝つためには、この持久走で上位を狙う必要があるだろうな
勝つためには、この持久走で上位を狙う必要があるだろうな
凛
凛
持久力か……どうかなぁ
持久力か……どうかなぁ
練習していないことだからか、自信はなさそうだ。
練習していないことだからか、自信はなさそうだ。
秀隆
秀隆
今日からは、１週間持久力をあげるためのメニューに切り替えていく
今日からは、１週間持久力をあげるためのメニューに切り替えていく
秀隆
秀隆
これからの数日は全力でやるからな。気を抜くなよ？
これからの数日は全力でやるからな。気を抜くなよ？
凛
凛
わ、わかった。なんかあたしが怒ってたはずなのに、命令されてない？
わ、わかった。なんかあたしが怒ってたはずなのに、命令されてない？
秀隆
秀隆
コーチと選手なんてそんなもんだ
コーチと選手なんてそんなもんだ
凛
凛
偉そうに言っちゃって
偉そうに言っちゃって
秀隆
秀隆
とにかく今のデータを出さないことには話にならないな
とにかく今のデータを出さないことには話にならないな
秀隆
秀隆
どこか今からでも入れるジムを探してみるか？
どこか今からでも入れるジムを探してみるか？
凛
凛
芸能人ってバレても、騒がれない場所であることは必須よ？
芸能人ってバレても、騒がれない場所であることは必須よ？
秀隆
秀隆
だよなぁ
だよなぁ
秀隆
秀隆
そうだ、ホープタウンのジムを利用するのはどうだ？
そうだ、ホープタウンのジムを利用するのはどうだ？
凛
凛
ホープタウンの？　それは考えたことなかったけど……いけるの？
ホープタウンの？　それは考えたことなかったけど……いけるの？
凛
凛
ＩＤとかなんとか、色々厳しそうだけどさ
ＩＤとかなんとか、色々厳しそうだけどさ
秀隆
秀隆
もちろんジムによるけど、ないこともないはずだ。
もちろんジムによるけど、ないこともないはずだ。
今は規制緩和の流れで店側も対応を変え始めたからな
今は規制緩和の流れで店側も対応を変え始めたからな
凛
凛
当たってみる価値はあるか……
当たってみる価値はあるか……
秀隆
秀隆
とにかくネットで検索して、近日の予約を入れよう
とにかくネットで検索して、近日の予約を入れよう
ネットで検索すると、ホープタウンのジムで一つだけ見つかった。
ネットで検索すると、ホープタウンのジムで一つだけ見つかった。
そこはドリームタウンの人間もオッケーで、終日基本的にあいている。
そこはドリームタウンの人間もオッケーで、終日基本的にあいている。
凛
凛
なんとか予約できた
なんとか予約できた
秀隆
秀隆
明日は６時にホープタウンでの仕事が終わるんだな
明日は６時にホープタウンでの仕事が終わるんだな
凛
凛
そうよ
そうよ
秀隆
秀隆
その時にデータを出して、最終調整の方向を固めよう
その時にデータを出して、最終調整の方向を固めよう
凛
凛
わかった
わかった
１日の遅れは遅れだけど、まだ巻き返すには十分な時間がある。
１日の遅れは遅れだけど、まだ巻き返すには十分な時間がある。
秀隆
秀隆
…………
…………
オレはどうするのが最善かプランを組みなおす。
オレはどうするのが最善かプランを組みなおす。
凛
凛
あのさ……
あのさ……
秀隆
秀隆
ん？
ん？
凛
凛
ごめん。ちょっと、責めすぎたかも知れない……
ごめん。ちょっと、責めすぎたかも知れない……
秀隆
秀隆
なんだよ。さっきまで怒ってたのに
なんだよ。さっきまで怒ってたのに
凛
凛
秀隆、あたしのために真剣にやってくれてたのは、わかってたし。
秀隆、あたしのために真剣にやってくれてたのは、わかってたし。
それに……今だって必死に考えてくれてるんでしょ？
それに……今だって必死に考えてくれてるんでしょ？
秀隆
秀隆
まあ……オレのミスだしな
まあ……オレのミスだしな
凛
凛
ごめんね
ごめんね
秀隆
秀隆
い、いいって。オレが悪いってことは間違いないんだから
い、いいって。オレが悪いってことは間違いないんだから
秀隆
秀隆
それに、次回以降遅刻しないって話もちゃんと覚えておくから
それに、次回以降遅刻しないって話もちゃんと覚えておくから
凛
凛
いいの？　あんな約束しちゃって
いいの？　あんな約束しちゃって
秀隆
秀隆
ああいう約束が出来るってことは、
ああいう約束が出来るってことは、
またオレと凛が一緒に遊んだりしたりできるってことだろ？
またオレと凛が一緒に遊んだりしたりできるってことだろ？
凛
凛
それはそうだけど……
それはそうだけど……
秀隆
秀隆
オレはそれで十分だから
オレはそれで十分だから
凛
凛
……秀隆……それって……
……秀隆……それって……
秀隆
秀隆
凛
凛
凛
凛
な、なによ
な、なによ
秀隆
秀隆
もしも入賞、３位内に入ったら、何でも好きなこと１つ聞いて
もしも入賞、３位内に入ったら、何でも好きなこと１つ聞いて
もらうからな
もらうからな
凛
凛
え？
え？
秀隆
秀隆
なんでもひとつ、言うことを聞いてくれるって話だったよな？　な？　なぁ？
なんでもひとつ、言うことを聞いてくれるって話だったよな？　な？　なぁ？
凛
凛
あーはいはい。おっぱい触りたいんだっけ？
あーはいはい。おっぱい触りたいんだっけ？
ほんと、ガキよね。ちょっとマジモードになった自分が恥ずかしいわ
ほんと、ガキよね。ちょっとマジモードになった自分が恥ずかしいわ
秀隆
秀隆
ガキで結構。オレはそのために膨大なデータを集めたんだよ
ガキで結構。オレはそのために膨大なデータを集めたんだよ
バンバンと端末を叩く。
バンバンと端末を叩く。
凛
凛
はいはい。あんたのデータがあてになることを期待してる
はいはい。あんたのデータがあてになることを期待してる
秀隆
秀隆
上位になりそうだからって手を抜くなよ！
上位になりそうだからって手を抜くなよ！
凛
凛
んなことしないわよ。何のために今日まで頑張ってきたと思ってんのよ
んなことしないわよ。何のために今日まで頑張ってきたと思ってんのよ
秀隆
秀隆
おまえならやれるぞっ、凛
おまえならやれるぞっ、凛
凛
凛
不純な動機がこうも見えてると、やる気は失せてくるな……
不純な動機がこうも見えてると、やる気は失せてくるな……
時刻は７時を回った。
時刻は７時を回った。
明日の詳細待ちとはいえ、立てられる対策はいくつもある。
明日の詳細待ちとはいえ、立てられる対策はいくつもある。
秀隆
秀隆
大会の前日は軽く運動するだけにしておいて、無茶はしないようにな
大会の前日は軽く運動するだけにしておいて、無茶はしないようにな
凛
凛
ええ、大丈夫。その辺はさすがに心得てるから
ええ、大丈夫。その辺はさすがに心得てるから
凛
凛
それじゃ、また……明日？
それじゃ、また……明日？
秀隆
秀隆
明日だ。徹底的に勝つぞ。おっぱいのために！
明日だ。徹底的に勝つぞ。おっぱいのために！
凛
凛
どんだけおっぱいに興味示してんだか……
どんだけおっぱいに興味示してんだか……
…………。
…………。
……。
……。
