se着信（バイブ
se着信（バイブ
…………。
…………。
…………。
…………。
…………。
…………。
秀隆
秀隆
……んだよ……
……んだよ……
机の上で、携帯が鳴り続けている。
机の上で、携帯が鳴り続けている。
秀隆
秀隆
こんな時間に誰だよ……
こんな時間に誰だよ……
まだ点灯時刻にもなっていない早朝。
まだ点灯時刻にもなっていない早朝。
オレは足をふらふらさせながら、携帯を掴んだ。
オレは足をふらふらさせながら、携帯を掴んだ。
se通話ボタン
se通話ボタン
秀隆
秀隆
もしもぉし……
もしもぉし……
凛
凛
あ、起きてた？
あ、起きてた？
悪びれた様子のない能天気な声が脳に響く。
悪びれた様子のない能天気な声が脳に響く。
秀隆
秀隆
……この声が、起きてたように思うか？
……この声が、起きてたように思うか？
凛
凛
寝てたんだ
寝てたんだ
秀隆
秀隆
うむ……美少女に囲まれる夢を見てたっての
うむ……美少女に囲まれる夢を見てたっての
凛
凛
美少女に囲まれた夢より、
美少女に囲まれた夢より、
アイドルに起こされる現実の方がうれしいでしょ
アイドルに起こされる現実の方がうれしいでしょ
秀隆
秀隆
そのポジティブさは尊敬に値するが、何のようだ？
そのポジティブさは尊敬に値するが、何のようだ？
できれば今すぐ通話を終えて、夢の続きに戻りたいんだ
できれば今すぐ通話を終えて、夢の続きに戻りたいんだ
凛
凛
今ホープタウンのホテルにいてさ、もうすぐ仕事なんだよね
今ホープタウンのホテルにいてさ、もうすぐ仕事なんだよね
秀隆
秀隆
そりゃご苦労さん……
そりゃご苦労さん……
凛
凛
で、それで、夕方には仕事が終わるんだけど空いてないかなと思って
で、それで、夕方には仕事が終わるんだけど空いてないかなと思って
秀隆
秀隆
仕事が終われば、特に予定はないけど……
仕事が終われば、特に予定はないけど……
凛
凛
じゃあさ、６時前に公園に集合ってことで、おっけぇ？
じゃあさ、６時前に公園に集合ってことで、おっけぇ？
秀隆
秀隆
……わかった
……わかった
凛
凛
遅れたら承知しないからね
遅れたら承知しないからね
そう言い、凛の通話が切れる。
そう言い、凛の通話が切れる。
オレは半分以上眠ったままの状態で、少し考えた。
オレは半分以上眠ったままの状態で、少し考えた。
秀隆
秀隆
もしかして、これって……あれか……？
もしかして、これって……あれか……？
切れた通話画面を見つめながら、思う。
切れた通話画面を見つめながら、思う。
秀隆
秀隆
デートの誘い、か？
デートの誘い、か？
いや、まさかな。
いや、まさかな。
あのアイドルの凛さんが、オレをデートに？
あのアイドルの凛さんが、オレをデートに？
仕事やトラブルじゃなくプライベートでオレを誘って来た？
仕事やトラブルじゃなくプライベートでオレを誘って来た？
秀隆
秀隆
そりゃさ、ちょっとフラグ立てちゃったか？　とか。
そりゃさ、ちょっとフラグ立てちゃったか？　とか。
そんな風に考えたことがないわけじゃないけどさ
そんな風に考えたことがないわけじゃないけどさ
秀隆
秀隆
まさかそんな……
まさかそんな……
秀隆
秀隆
まさか
まさか
凛
凛
お待たせ！
お待たせ！
秀隆
秀隆
オぅッ！
オぅッ！
声をかけられ、オレの声が思わず裏返った。
声をかけられ、オレの声が思わず裏返った。
秀隆
秀隆
本日はお日柄もよく、男女が遊ぶには素晴らしい一日というかなんというか！
本日はお日柄もよく、男女が遊ぶには素晴らしい一日というかなんというか！
凛
凛
は？　なにいきなり
は？　なにいきなり
秀隆
秀隆
いや、まさかお前の方からデートの誘いが来るなんて思いもしなかっ……
いや、まさかお前の方からデートの誘いが来るなんて思いもしなかっ……
希望
希望
こんにちは秀隆くん
こんにちは秀隆くん
秀隆
秀隆
……コンニチハ
……コンニチハ
凛の後ろから、普通に顔を覗かせて来た希望。
凛の後ろから、普通に顔を覗かせて来た希望。
凛
凛
デート？　なに、あんたあたしからのデートの誘いと思ったわけ？　傑作
デート？　なに、あんたあたしからのデートの誘いと思ったわけ？　傑作
どうやら、ただ希望を連れて遊びに来たらしい。
どうやら、ただ希望を連れて遊びに来たらしい。
手を叩いて笑われた。
手を叩いて笑われた。
凛
凛
今日希望がホープタウンに来るって言ってたから、そのついでよ
今日希望がホープタウンに来るって言ってたから、そのついでよ
秀隆
秀隆
さいですか。別に期待してなかったしぃ？
さいですか。別に期待してなかったしぃ？
秀隆
秀隆
ドギマギとか全然してなかったしぃ？
ドギマギとか全然してなかったしぃ？
希望
希望
やせ我慢してるね
やせ我慢してるね
凛
凛
アイドルとデートなんて、図々しいっての
アイドルとデートなんて、図々しいっての
べしっと頭を叩かれる。
べしっと頭を叩かれる。
確かに、勝手に決め付けちゃったオレ反省。
確かに、勝手に決め付けちゃったオレ反省。
凛
凛
まぁいいじゃないの。両手に華だと思えば
まぁいいじゃないの。両手に華だと思えば
秀隆
秀隆
両手に華ねぇ
両手に華ねぇ
意図してか、オレの脇にそれぞれが並んだ。
意図してか、オレの脇にそれぞれが並んだ。
女の子に囲まれるって悪くない。
女の子に囲まれるって悪くない。
そんな風に思わされる時点で、オレは色々ダメなんだろうな。
そんな風に思わされる時点で、オレは色々ダメなんだろうな。
秀隆
秀隆
いいけどね
いいけどね
そうクールに答えたつもりだったが、顔はにやけていただろう。
そうクールに答えたつもりだったが、顔はにやけていただろう。
秀隆
秀隆
おまえは今日も、高坂特務官についてきたのか？
おまえは今日も、高坂特務官についてきたのか？
悪びれた様子も無く頷いた。
悪びれた様子も無く頷いた。
秀隆
秀隆
ったく、ステーションの管理はどうなってんだ
ったく、ステーションの管理はどうなってんだ
希望
希望
龍也さんの補佐ってことで通してるから
龍也さんの補佐ってことで通してるから
ブイの字を作る。
ブイの字を作る。
秀隆
秀隆
虚偽申請は罪に問われるんだからな？　訴えるぞ
虚偽申請は罪に問われるんだからな？　訴えるぞ
希望
希望
一応、肩書きは本当だったりするんだ
一応、肩書きは本当だったりするんだ
秀隆
秀隆
……なるほど。高坂特務官がしっかりフォローしてるわけな
……なるほど。高坂特務官がしっかりフォローしてるわけな
なら、どうとでもなるってわけだ。
なら、どうとでもなるってわけだ。
職権濫用だが、まぁ大河内代表の娘だし。
職権濫用だが、まぁ大河内代表の娘だし。
向こうが許せば合法なんだろう。
向こうが許せば合法なんだろう。
秀隆
秀隆
それで今日の目的は？
それで今日の目的は？
凛
凛
ただの観光。あちこち見て回ろうと思ってるだけよ。
ただの観光。あちこち見て回ろうと思ってるだけよ。
どうせ見て回るなら、道先案内人がいたほうがいいじゃない？
どうせ見て回るなら、道先案内人がいたほうがいいじゃない？
それで、オレに白羽の矢が立ったわけだ。
それで、オレに白羽の矢が立ったわけだ。
秀隆
秀隆
そう言うことなら、デパートにでも行くか
そう言うことなら、デパートにでも行くか
凛
凛
デパート？
デパート？
秀隆
秀隆
前に希望と出会ったとき、行きたがってたお店あったろ
前に希望と出会ったとき、行きたがってたお店あったろ
希望
希望
あ！
あ！
その瞬間、希望は嬉しそうに笑顔を見せた。
その瞬間、希望は嬉しそうに笑顔を見せた。
だけど、すぐその笑みは消えてしまう。
だけど、すぐその笑みは消えてしまう。
希望
希望
お店には入れないからなぁ……
お店には入れないからなぁ……
秀隆
秀隆
いいから。とりあえず行ってみようぜ
いいから。とりあえず行ってみようぜ
オレたちは、デパートでもひときわ女の子で賑わう
オレたちは、デパートでもひときわ女の子で賑わう
ハッピーハッピー』と言う洋服店にやってきた。
ハッピーハッピー』と言う洋服店にやってきた。
学園帰りの女の子たちが、絶えず出入りしている。
学園帰りの女の子たちが、絶えず出入りしている。
秀隆
秀隆
凛は来たことあるのか？
凛は来たことあるのか？
凛
凛
過去に一度だけね。でもちょっとした騒ぎになっちゃったからすぐ出たのよ
過去に一度だけね。でもちょっとした騒ぎになっちゃったからすぐ出たのよ
秀隆
秀隆
アイドルの弊害って奴か
アイドルの弊害って奴か
凛は男だけじゃなく、女の子にも強い人気がある。
凛は男だけじゃなく、女の子にも強い人気がある。
だからこんな女子の集まる場所は極力避けてるんだろう。
だからこんな女子の集まる場所は極力避けてるんだろう。
秀隆
秀隆
希望
希望
希望
希望
ん？
ん？
オレはＩＤカードを差し出す。
オレはＩＤカードを差し出す。
秀隆
秀隆
これ使って、凛と買い物して来い
これ使って、凛と買い物して来い
希望
希望
え、でも……
え、でも……
凛
凛
あんた、それって違反なんじゃないの？
あんた、それって違反なんじゃないの？
秀隆
秀隆
他人への貸し出し、譲渡は禁止されてる。
他人への貸し出し、譲渡は禁止されてる。
でも、ちょっとした暗黙のルール的な要素もあるっていうか
でも、ちょっとした暗黙のルール的な要素もあるっていうか
秀隆
秀隆
友人間で貸し出してたりもするからな
友人間で貸し出してたりもするからな
秀隆
秀隆
ほら、さっと行って来い。あんまり長い間は貸せないぞ
ほら、さっと行って来い。あんまり長い間は貸せないぞ
希望
希望
だけど……
だけど……
凛
凛
秀隆がいいって行ってるんだから、甘えたら？
秀隆がいいって行ってるんだから、甘えたら？
どうせ見つかっても、責任を取るのはあっちなんだし
どうせ見つかっても、責任を取るのはあっちなんだし
秀隆
秀隆
ちょっと引っかかるが、そう言うことだ
ちょっと引っかかるが、そう言うことだ
希望
希望
……ありがとう
……ありがとう
希望は、ゆっくりとオレからＩＤカードを受け取った。
希望は、ゆっくりとオレからＩＤカードを受け取った。
凛
凛
あんたへの好感度、ちょっと上がったかもよ？
あんたへの好感度、ちょっと上がったかもよ？
凛がそっとオレに耳打ちしてきた。
凛がそっとオレに耳打ちしてきた。
秀隆
秀隆
人妻予定の子の好感度が上がってもな
人妻予定の子の好感度が上がってもな
凛
凛
とか言いつつも、ちょっとうれしそうじゃないの
とか言いつつも、ちょっとうれしそうじゃないの
秀隆
秀隆
女の子の好感度があがることそのものは、嬉しい
女の子の好感度があがることそのものは、嬉しい
秀隆
秀隆
それじゃ、店の入り口で待ってるからな
それじゃ、店の入り口で待ってるからな
希望
希望
うんっ
うんっ
オレは二人を見送
オレは二人を見送
秀隆
秀隆
念のため言っとくが、勝手に買い物は禁止だからな？
念のため言っとくが、勝手に買い物は禁止だからな？
希望
希望
そうなんだ。残念
そうなんだ。残念
秀隆
秀隆
する気だったんかい……
する気だったんかい……
凛
凛
……やっぱダメだ、この男
……やっぱダメだ、この男
どうやら、オレの好感度は上昇値以上に下降したようだ。
どうやら、オレの好感度は上昇値以上に下降したようだ。
二人が店内に入ってから、２０分ほど経過した。
二人が店内に入ってから、２０分ほど経過した。
女の子は長いって言うけど、本当に時間がかかるようだな。
女の子は長いって言うけど、本当に時間がかかるようだな。
前にキズナや愛佳とデパートに行ったときも、
前にキズナや愛佳とデパートに行ったときも、
平気で２時間近く待たされたことを思い出す。
平気で２時間近く待たされたことを思い出す。
秀隆
秀隆
まさか、あと１時間以上待たされるんじゃないだろうな？
まさか、あと１時間以上待たされるんじゃないだろうな？
そんなことを危惧していると、目の前に学園帰りと思われる愛佳を見つけた。
そんなことを危惧していると、目の前に学園帰りと思われる愛佳を見つけた。
しかもこちら側に歩いてきている。
しかもこちら側に歩いてきている。
秀隆
秀隆
やべ……
やべ……
慌てて顔を背け、やり過ごしを図る。
慌てて顔を背け、やり過ごしを図る。
こんなところで出くわしたら、色々面倒だ。
こんなところで出くわしたら、色々面倒だ。
愛佳
愛佳
でさ、あたしってばおにいちゃんに驚かれちゃって
でさ、あたしってばおにいちゃんに驚かれちゃって
女子生徒
女子生徒
そうなんだー？　でも
そうなんだー？　でも
秀隆
秀隆
あれは確か、同じクラスの……
あれは確か、同じクラスの……
友達が出来たとは聞いていたが、こんなに溶け込んでたのか。
友達が出来たとは聞いていたが、こんなに溶け込んでたのか。
オレは嬉しくなって、思わず愛佳の表情を見つめた。
オレは嬉しくなって、思わず愛佳の表情を見つめた。
凄く自然な良い顔をしている。
凄く自然な良い顔をしている。
オレの目には、その愛佳が眩しく映る。
オレの目には、その愛佳が眩しく映る。
何故だか視線さえ合った気がするのだ。
何故だか視線さえ合った気がするのだ。
どんどんと、オレの中で愛佳の存在が大きくなっていくのを感じる。
どんどんと、オレの中で愛佳の存在が大きくなっていくのを感じる。
これって、恋？　ひょっとして恋なの？
これって、恋？　ひょっとして恋なの？
愛佳
愛佳
センセ、こんなところで何してるの？
センセ、こんなところで何してるの？
恋ではなく、単純にオレが見つかっただけの話だった。
恋ではなく、単純にオレが見つかっただけの話だった。
秀隆
秀隆
なにしてるって、別に。ちょっと休憩？
なにしてるって、別に。ちょっと休憩？
愛佳
愛佳
休憩って、ここで？
休憩って、ここで？
周囲は女子生徒ばかりで、男の姿は殆ど見かけない。
周囲は女子生徒ばかりで、男の姿は殆ど見かけない。
愛佳と一緒にいた生徒がオレを見て一様に騒ぎ始めた。
愛佳と一緒にいた生徒がオレを見て一様に騒ぎ始めた。
女子生徒
女子生徒
お久しぶりです島津先生！
お久しぶりです島津先生！
女子生徒
女子生徒
特務官になったって聞いて驚きました！　凄いですね！
特務官になったって聞いて驚きました！　凄いですね！
秀隆
秀隆
そ、そうかな。うはは、参ったな
そ、そうかな。うはは、参ったな
愛佳
愛佳
嬉しそうだねぇセンセ
嬉しそうだねぇセンセ
秀隆
秀隆
久しぶりに生徒に会ったら、そりゃ嬉しくもなるさ
久しぶりに生徒に会ったら、そりゃ嬉しくもなるさ
秀隆
秀隆
ほら、オレのことはいいから友達と遊んで来い
ほら、オレのことはいいから友達と遊んで来い
女子生徒
女子生徒
あ、私たち先に店の中に入ってるね。
あ、私たち先に店の中に入ってるね。
愛佳は島津先生とゆっくりしていけばいいよ
愛佳は島津先生とゆっくりしていけばいいよ
愛佳
愛佳
ちょ、ちょっとそれどういう意味？
ちょ、ちょっとそれどういう意味？
女子生徒
女子生徒
どういう意味かは、自分が一番分かってるくせに
どういう意味かは、自分が一番分かってるくせに
ニタニタと笑いながら、生徒たちは店内へと消えていった。
ニタニタと笑いながら、生徒たちは店内へと消えていった。
愛佳
愛佳
もうっ……
もうっ……
くるりと振り返ると、愛佳が隣に座る。
くるりと振り返ると、愛佳が隣に座る。
愛佳
愛佳
一人？
一人？
秀隆
秀隆
あ、ああ。もちろん
あ、ああ。もちろん
愛佳
愛佳
だよねえ。一瞬デートかと思って焦っちゃった
だよねえ。一瞬デートかと思って焦っちゃった
秀隆
秀隆
デートだったら普通一緒に店内に入るだろ
デートだったら普通一緒に店内に入るだろ
愛佳
愛佳
あはは、そうだね
あはは、そうだね
急激に汗をかき始め、背中はもうびっしょりになっている。
急激に汗をかき始め、背中はもうびっしょりになっている。
ああ、１分でも長くあいつらが出てきませんように。
ああ、１分でも長くあいつらが出てきませんように。
愛佳
愛佳
昨日のお兄ちゃん、凄く楽しそうだった
昨日のお兄ちゃん、凄く楽しそうだった
秀隆
秀隆
裕輔が？　なんで
裕輔が？　なんで
愛佳
愛佳
なんでって、島津先生が遊びに来てくれたからだよ
なんでって、島津先生が遊びに来てくれたからだよ
愛佳
愛佳
ほら、お兄ちゃんあたしと同じで友達いなかったから
ほら、お兄ちゃんあたしと同じで友達いなかったから
秀隆
秀隆
あんまり喋るタイプじゃないけど、
あんまり喋るタイプじゃないけど、
全然優しくてイイ奴だし、友達なんてすぐ出来そうだけどな
全然優しくてイイ奴だし、友達なんてすぐ出来そうだけどな
愛佳
愛佳
うーん。でも、お兄ちゃん人に無関心って言うかさ
うーん。でも、お兄ちゃん人に無関心って言うかさ
愛佳
愛佳
先生が初めてなんだよね。お兄ちゃんの心開かせたの
先生が初めてなんだよね。お兄ちゃんの心開かせたの
秀隆
秀隆
男の心を開かせたのはやや微妙だな……
男の心を開かせたのはやや微妙だな……
愛佳
愛佳
毎日だって遊びに来てもいいんだからね？
毎日だって遊びに来てもいいんだからね？
秀隆
秀隆
それはさすがに言いすぎだ
それはさすがに言いすぎだ
愛佳
愛佳
ほんとだって。あたしたち、センセの話ばっかりしてるんだから
ほんとだって。あたしたち、センセの話ばっかりしてるんだから
秀隆
秀隆
おまえも？
おまえも？
愛佳
愛佳
えっ！？　あ、うん。まあ……
えっ！？　あ、うん。まあ……
愛佳
愛佳
…………
…………
愛佳は腰を浮かせると、一度座りなおした。
愛佳は腰を浮かせると、一度座りなおした。
ちょっとオレとの距離を詰めて。
ちょっとオレとの距離を詰めて。
愛佳
愛佳
特務官になってから、モテるようになった？
特務官になってから、モテるようになった？
秀隆
秀隆
そりゃもうモテまくり！
そりゃもうモテまくり！
なんて……がくっとオレは肩を落とす。
なんて……がくっとオレは肩を落とす。
秀隆
秀隆
その話は昨日しただろ……何度も掘り返さないでくれ……
その話は昨日しただろ……何度も掘り返さないでくれ……
どうせオレはモテませんよっと……
どうせオレはモテませんよっと……
愛佳
愛佳
そうなんだ。なんでだろうね？
そうなんだ。なんでだろうね？
心底不思議そうに愛佳が首を傾げた。
心底不思議そうに愛佳が首を傾げた。
秀隆
秀隆
それはオレが聞きたい。今頃美女に囲まれてる予定だったのに
それはオレが聞きたい。今頃美女に囲まれてる予定だったのに
愛佳
愛佳
島津センセは好みがなぁ。胸の大きい子ってのが……
島津センセは好みがなぁ。胸の大きい子ってのが……
秀隆
秀隆
なんで自分の胸を見下ろす
なんで自分の胸を見下ろす
愛佳
愛佳
あたしって、普通、だよね？
あたしって、普通、だよね？
秀隆
秀隆
聞くなオレに
聞くなオレに
愛佳
愛佳
一応参考までに聞かせてもらえればと
一応参考までに聞かせてもらえればと
秀隆
秀隆
……参考までにか
……参考までにか
オレは、隣に座る愛佳の胸をじっと見た。
オレは、隣に座る愛佳の胸をじっと見た。
秀隆
秀隆
…………
…………
愛佳
愛佳
…………
…………
秀隆
秀隆
Ｃの７８か、７９
Ｃの７８か、７９
愛佳
愛佳
うそっ……！？
うそっ……！？
愛佳
愛佳
なんで分かったの！？
なんで分かったの！？
顔を赤くし、さっと手で胸元を隠す。
顔を赤くし、さっと手で胸元を隠す。
秀隆
秀隆
オレほどのおっぱいハンターになれば余裕だな
オレほどのおっぱいハンターになれば余裕だな
愛佳
愛佳
友達には８０って言ってるのに……
友達には８０って言ってるのに……
って、そう言う具体的な数字を聞いたわけじゃないの！
って、そう言う具体的な数字を聞いたわけじゃないの！
愛佳
愛佳
先生からみて、その、サイズ的に許容範囲内？
先生からみて、その、サイズ的に許容範囲内？
秀隆
秀隆
減点対象だけど、それ以外がよければよし
減点対象だけど、それ以外がよければよし
愛佳
愛佳
それ以外って？
それ以外って？
秀隆
秀隆
愛佳くらい可愛ければ、何の問題もないってことだな
愛佳くらい可愛ければ、何の問題もないってことだな
愛佳
愛佳
……かーっ
……かーっ
急激に顔を赤らめる愛佳。
急激に顔を赤らめる愛佳。
秀隆
秀隆
悪い悪い。ストレートすぎたな
悪い悪い。ストレートすぎたな
こいつって、こんなに耐性の無い子だったのか……。
こいつって、こんなに耐性の無い子だったのか……。
噂の一人歩きだったとはいえ、加減が難しいな。
噂の一人歩きだったとはいえ、加減が難しいな。
愛佳
愛佳
じゃ、じゃあさ！
じゃ、じゃあさ！
秀隆
秀隆
ん？
ん？
がたりと立ち上がった愛佳は、オレを強い視線で見つめた。
がたりと立ち上がった愛佳は、オレを強い視線で見つめた。
愛佳
愛佳
あ、あた、あたしと……
あ、あた、あたしと……
何かの決意を秘めた目。
何かの決意を秘めた目。
愛佳
愛佳
あたしと、つ、つき、つきっ……！
あたしと、つ、つき、つきっ……！
凛
凛
お待たせ秀隆ー
お待たせ秀隆ー
希望
希望
お待たせ秀隆くん
お待たせ秀隆くん
秀隆
秀隆
んげっ！？
んげっ！？
なんとも神がかったタイミングで、凛と希望が出てきた。
なんとも神がかったタイミングで、凛と希望が出てきた。
愛佳
愛佳
ひで……たか……？
ひで……たか……？
時が止まったかのように、愛佳は動作を停止したまま二人を見た。
時が止まったかのように、愛佳は動作を停止したまま二人を見た。
凛
凛
あれ、知り合い？
あれ、知り合い？
オレを見た後、凛は愛佳を見ていった。
オレを見た後、凛は愛佳を見ていった。
秀隆
秀隆
なんで戻ってくるの早いんだよ……
なんで戻ってくるの早いんだよ……
凛
凛
もっとゆっくりしてもよかったけど、
もっとゆっくりしてもよかったけど、
待ってるあんたのためを思って早く出てきたのよ。感謝しなさい
待ってるあんたのためを思って早く出てきたのよ。感謝しなさい
愛佳
愛佳
……水野、凛、ちゃん……
……水野、凛、ちゃん……
凛
凛
凛でーす
凛でーす
ひらひらと営業スマイルを振りまく。
ひらひらと営業スマイルを振りまく。
今だけは激しく勘弁してほしかった。
今だけは激しく勘弁してほしかった。
愛佳
愛佳
……センセ、一人じゃなかったんだ
……センセ、一人じゃなかったんだ
秀隆
秀隆
あー、いや、その。別に隠すつもりじゃなかったんだ
あー、いや、その。別に隠すつもりじゃなかったんだ
愛佳
愛佳
隠すつもりが無かったら、教えてくれてるよね？
隠すつもりが無かったら、教えてくれてるよね？
秀隆
秀隆
それはそうなんだが、その、なぁ？
それはそうなんだが、その、なぁ？
愛佳
愛佳
ちょっとショック
ちょっとショック
凛
凛
ねえ、なんであの子怒ってんの？
ねえ、なんであの子怒ってんの？
希望
希望
よく分からないけど、秀隆くんが嘘ついたみたいだね
よく分からないけど、秀隆くんが嘘ついたみたいだね
秀隆
秀隆
そう、あれだ！　凛ってアイドルだからな。秘密にしないと
そう、あれだ！　凛ってアイドルだからな。秘密にしないと
秀隆
秀隆
なあ？
なあ？
凛
凛
そりゃ、不用意に話を広められても困るかな
そりゃ、不用意に話を広められても困るかな
秀隆
秀隆
だろ？　だから、そう言う配慮だったんだ
だろ？　だから、そう言う配慮だったんだ
愛佳
愛佳
凛って呼んでる……どういう関係？
凛って呼んでる……どういう関係？
秀隆
秀隆
どういう関係って……
どういう関係って……
凛
凛
主人とそのシモベ？
主人とそのシモベ？
秀隆
秀隆
いや、そこまで成り下がった覚えは無い
いや、そこまで成り下がった覚えは無い
凛
凛
お手
お手
秀隆
秀隆
ワン！　ってだからコレをやらすな！
ワン！　ってだからコレをやらすな！
愛佳
愛佳
かなりショック
かなりショック
凛
凛
ほら、秀隆って特務官してるじゃない？
ほら、秀隆って特務官してるじゃない？
それで、あたしの仕事の関係上知り合ったのよ
それで、あたしの仕事の関係上知り合ったのよ
愛佳
愛佳
そうなんですか……
そうなんですか……
希望
希望
私は偶然だけどね
私は偶然だけどね
愛佳
愛佳
先生にナンパされたとか？
先生にナンパされたとか？
希望
希望
むしろ逆かなー。ナンパではないけど
むしろ逆かなー。ナンパではないけど
凛
凛
そう言うあなたは、秀隆の教え子とか？
そう言うあなたは、秀隆の教え子とか？
愛佳
愛佳
あ、うん。片桐愛佳って言います
あ、うん。片桐愛佳って言います
凛
凛
愛佳ね。あたしのことは凛って呼んで。こっちは希望
愛佳ね。あたしのことは凛って呼んで。こっちは希望
希望
希望
よろしくっ
よろしくっ
愛佳
愛佳
よろしく……
よろしく……
どこか愛佳に元気が無い。
どこか愛佳に元気が無い。
そりゃ、嘘をついたことは悪いと思うが。
そりゃ、嘘をついたことは悪いと思うが。
凛
凛
ふーん……
ふーん……
一方、凛の方は何が嬉しいのかニヤニヤしながら頷いていた。
一方、凛の方は何が嬉しいのかニヤニヤしながら頷いていた。
凛
凛
自分の元教え子ってのはややグレーゾーンだけど、隅におけないわね
自分の元教え子ってのはややグレーゾーンだけど、隅におけないわね
つんつんと腕を肘で突かれる。
つんつんと腕を肘で突かれる。
秀隆
秀隆
なにがだよ……
なにがだよ……
凛
凛
べっつにぃ？
べっつにぃ？
ニヤニヤ。
ニヤニヤ。
なんなんだこいつは。
なんなんだこいつは。
希望
希望
ねぇねぇ、よかったら、これから一緒にどこかに行かない？
ねぇねぇ、よかったら、これから一緒にどこかに行かない？
愛佳
愛佳
どこかって？
どこかって？
凛
凛
特に目的は決めてないかな。
特に目的は決めてないかな。
あたしたちってどっちもドリームタウン出身だから、
あたしたちってどっちもドリームタウン出身だから、
いろんなところに興味あるのよ
いろんなところに興味あるのよ
希望
希望
私、見てみたいところあるかも
私、見てみたいところあるかも
凛
凛
そうなんだ。どこ？
そうなんだ。どこ？
希望
希望
プラント
プラント
凛
凛
プラントって、どうしてまたそんなとこを？
プラントって、どうしてまたそんなとこを？
希望
希望
私、そう言うとこ結構興味あるんだよね
私、そう言うとこ結構興味あるんだよね
秀隆
秀隆
この間、倉屋敷ビルまで足を運んでたよな
この間、倉屋敷ビルまで足を運んでたよな
希望
希望
うん。ドリームタウンには、ああ言う大きな建物が少ないから
うん。ドリームタウンには、ああ言う大きな建物が少ないから
希望
希望
この街で一番大きいのは、片桐食糧プラントって言うんでしょ？
この街で一番大きいのは、片桐食糧プラントって言うんでしょ？
凛
凛
あれ、片桐ってもしかして
あれ、片桐ってもしかして
愛佳
愛佳
あたしん家……
あたしん家……
凛
凛
うわ……大きいわね、近くまで来てみると
うわ……大きいわね、近くまで来てみると
希望
希望
ほんとだねぇ
ほんとだねぇ
プラントを見上げる二人の後ろで、愛佳は複雑そうな表情を見せる。
プラントを見上げる二人の後ろで、愛佳は複雑そうな表情を見せる。
愛佳
愛佳
家を出てからは、一度も帰ってないんだよね
家を出てからは、一度も帰ってないんだよね
秀隆
秀隆
無理して来なくても良かったんじゃないか？
無理して来なくても良かったんじゃないか？
愛佳
愛佳
ううん。いつか戻らなきゃいけないと思ってたわけだし
ううん。いつか戻らなきゃいけないと思ってたわけだし
凛
凛
ここって中の見学とか出来るの？
ここって中の見学とか出来るの？
秀隆
秀隆
確か出来るはずだけど……時期によってやってたりやってなかったりだな
確か出来るはずだけど……時期によってやってたりやってなかったりだな
ほら、と告知されている案内を指差す。
ほら、と告知されている案内を指差す。
丁度今の時期は工場内の見学は受け付けていないらしい。
丁度今の時期は工場内の見学は受け付けていないらしい。
凛
凛
そっか、残念。……なんか元気ないけど、どうしたの？
そっか、残念。……なんか元気ないけど、どうしたの？
愛佳
愛佳
ううん、そんなことないよ
ううん、そんなことないよ
愛佳
愛佳
……ただ……
……ただ……
片桐
片桐
はい。何卒よろしくお願いいたします
はい。何卒よろしくお願いいたします
プラントの従業員入り口から、片桐社長が姿を見せた。
プラントの従業員入り口から、片桐社長が姿を見せた。
取引相手だろうか、社長は深々と頭を下げているようだった。
取引相手だろうか、社長は深々と頭を下げているようだった。
愛佳
愛佳
…………
…………
愛佳はその姿を見つけ、思わず視線を逸らす。
愛佳はその姿を見つけ、思わず視線を逸らす。
それは父親を避けていると言うより、
それは父親を避けていると言うより、
どんな顔をして会えばいいのかわからない、
どんな顔をして会えばいいのかわからない、
そう言ったもののようにオレは感じた。
そう言ったもののようにオレは感じた。
凛
凛
あの人となんか訳あり？
あの人となんか訳あり？
愛佳
愛佳
あたしのお父さんなんだ。今、ちょっと別居中
あたしのお父さんなんだ。今、ちょっと別居中
別居と言う言葉を聞いて、凛もなんとなく理解したんだろう。
別居と言う言葉を聞いて、凛もなんとなく理解したんだろう。
凛
凛
あちゃ、じゃあまずかった？
あちゃ、じゃあまずかった？
愛佳
愛佳
そんなことないよ。気にしないで
そんなことないよ。気にしないで
愛佳
愛佳
あたし帰るね。じゃあ、また
あたし帰るね。じゃあ、また
希望
希望
愛佳ちゃん！
愛佳ちゃん！
希望が慌てて声をかけるが、愛佳は立ち止まることなく遠ざかっていく。
希望が慌てて声をかけるが、愛佳は立ち止まることなく遠ざかっていく。
希望
希望
ごめんね秀隆くん、私がプラントに行きたいって言ったから
ごめんね秀隆くん、私がプラントに行きたいって言ったから
秀隆
秀隆
なんで謝るんだよ。何も事情を知らないおまえに非なんてあるはずないだろ
なんで謝るんだよ。何も事情を知らないおまえに非なんてあるはずないだろ
希望
希望
だけど……
だけど……
秀隆
秀隆
気にするな。たまたまそう言うめぐり合わせだっただけだろ
気にするな。たまたまそう言うめぐり合わせだっただけだろ
秀隆
秀隆
おまえには全く落ち度はない。分かったか？
おまえには全く落ち度はない。分かったか？
希望
希望
うん。ありがとう
うん。ありがとう
秀隆
秀隆
でも悪い。オレはちょっと愛佳を追いかけるわ
でも悪い。オレはちょっと愛佳を追いかけるわ
凛
凛
当たり前でしょ。悲しんでる女の子を放置するような男、
当たり前でしょ。悲しんでる女の子を放置するような男、
あたしは嫌い
あたしは嫌い
秀隆
秀隆
じゃあまたな
じゃあまたな
希望
希望
うん……愛佳ちゃんのこと、よろしくね
うん……愛佳ちゃんのこと、よろしくね
オレは急いで、愛佳を追いかけた。
オレは急いで、愛佳を追いかけた。
秀隆
秀隆
愛佳
愛佳
愛佳
愛佳
先生……追いかけてきてくれたんだ
先生……追いかけてきてくれたんだ
秀隆
秀隆
当たり前だろ
当たり前だろ
愛佳
愛佳
だって、アイドルと比べられたら、あたしじゃ勝てないし
だって、アイドルと比べられたら、あたしじゃ勝てないし
秀隆
秀隆
なんでそこで凛が出てくるかは分からんが……
なんでそこで凛が出てくるかは分からんが……
希望は何も知らずに言っただけなのは、分かるよな？
希望は何も知らずに言っただけなのは、分かるよな？
愛佳
愛佳
もちろん。ごめんね、折角の観光だったのに
もちろん。ごめんね、折角の観光だったのに
秀隆
秀隆
誰も気にしてない。それより、大丈夫か？
誰も気にしてない。それより、大丈夫か？
見るからに、愛佳から元気が無くなっていた。
見るからに、愛佳から元気が無くなっていた。
愛佳
愛佳
しばらく、プラントには行ってなかったから
しばらく、プラントには行ってなかったから
秀隆
秀隆
まだ正面から父親と向き合うのは無理か
まだ正面から父親と向き合うのは無理か
愛佳
愛佳
ん、どうなんだろうね。あたしもよくわからない
ん、どうなんだろうね。あたしもよくわからない
愛佳
愛佳
元々、あたしはお父さんが嫌いなわけじゃないしさ
元々、あたしはお父さんが嫌いなわけじゃないしさ
愛佳
愛佳
ただ……ちょっと怖いんだと思う。どんな風に接していいかわからないから
ただ……ちょっと怖いんだと思う。どんな風に接していいかわからないから
秀隆
秀隆
そうか……
そうか……
オレは、少し思い上がりを恥じていた。
オレは、少し思い上がりを恥じていた。
上手く解決させられたと思っていたが、
上手く解決させられたと思っていたが、
愛佳はまだこんなにも苦しんでいたんだと。
愛佳はまだこんなにも苦しんでいたんだと。
このまま、時間だけに解決を委ねて、いいのだろうか。
このまま、時間だけに解決を委ねて、いいのだろうか。
…………。
…………。
……。
……。
裕輔
裕輔
愛佳がプラントに来たのか
愛佳がプラントに来たのか
秀隆
秀隆
結局父親の姿を見て、すぐ帰っちゃったんだけどな
結局父親の姿を見て、すぐ帰っちゃったんだけどな
裕輔
裕輔
そうか……
そうか……
秀隆
秀隆
オレももう少し気をつけて、
オレももう少し気をつけて、
近づけないようにしておくべきだったかも知れない
近づけないようにしておくべきだったかも知れない
裕輔
裕輔
おまえが気にすることじゃない。
おまえが気にすることじゃない。
本当に嫌だと思っていたなら、寄り付かなかったはずだ
本当に嫌だと思っていたなら、寄り付かなかったはずだ
秀隆
秀隆
それは確かに
それは確かに
逃げ出そうと思えばいくらでも出来た。
逃げ出そうと思えばいくらでも出来た。
でも、それをしなかったと言うことは、
でも、それをしなかったと言うことは、
あいつなりに前向きに頑張ろうとしている証拠だ。
あいつなりに前向きに頑張ろうとしている証拠だ。
秀隆
秀隆
家での様子はどうだった？
家での様子はどうだった？
裕輔
裕輔
特にいつもと違いは感じられなかった。
特にいつもと違いは感じられなかった。
あいつはそう言う感情を見せるのを嫌うからな。信用されてないんだろう
あいつはそう言う感情を見せるのを嫌うからな。信用されてないんだろう
秀隆
秀隆
おまえに心配させたくないだけだって
おまえに心配させたくないだけだって
秀隆
秀隆
逆の立場だったなら、おまえだってそうするだろ？
逆の立場だったなら、おまえだってそうするだろ？
裕輔
裕輔
そうかも知れない
そうかも知れない
秀隆
秀隆
何か、力になってやれるといいんだけど
何か、力になってやれるといいんだけど
裕輔
裕輔
いや、これ以上おまえの力を借りるわけには……
いや、これ以上おまえの力を借りるわけには……
秀隆
秀隆
裕輔も愛佳も、オレにとっては大切な存在だからな。
裕輔も愛佳も、オレにとっては大切な存在だからな。
友達として、放っておくことなんて出来ないよ
友達として、放っておくことなんて出来ないよ
裕輔
裕輔
……ありがとう
……ありがとう
秀隆
秀隆
オレだって、裕輔や愛佳には沢山世話になってる
オレだって、裕輔や愛佳には沢山世話になってる
秀隆
秀隆
持ちつ持たれつだ
持ちつ持たれつだ
秀隆
秀隆
ああそうだ。これ読んだよ
ああそうだ。これ読んだよ
鞄から、借りていた本を返す。
鞄から、借りていた本を返す。
裕輔
裕輔
もう読み終わったのか。結構な量だと思うんだが
もう読み終わったのか。結構な量だと思うんだが
秀隆
秀隆
元々本や資料と睨めっこするのは得意だからな
元々本や資料と睨めっこするのは得意だからな
裕輔
裕輔
さすがは特務官だ
さすがは特務官だ
秀隆
秀隆
結構使い込んであったけど、何度も読んだのか？
結構使い込んであったけど、何度も読んだのか？
裕輔
裕輔
ああ
ああ
秀隆
秀隆
なんか、裕輔なんて最初から強そうなイメージだけどな
なんか、裕輔なんて最初から強そうなイメージだけどな
本とかに頼るより、毎日トレーニングしてる姿のほうが浮かぶ。
本とかに頼るより、毎日トレーニングしてる姿のほうが浮かぶ。
裕輔
裕輔
なら、明日は少し実践的に体を動かしてみるか
なら、明日は少し実践的に体を動かしてみるか
秀隆
秀隆
よろしく頼む。でもあまりハードにはしないでくれよな
よろしく頼む。でもあまりハードにはしないでくれよな
裕輔
裕輔
ああ
ああ
裕輔
裕輔
なあ、ドリームタウンに行くと言っていた件だが
なあ、ドリームタウンに行くと言っていた件だが
秀隆
秀隆
ん？　それがどうかしたのか
ん？　それがどうかしたのか
裕輔
裕輔
明後日でもいいなら、俺も同行することが出来る
明後日でもいいなら、俺も同行することが出来る
秀隆
秀隆
同行って、どうやってだよ
同行って、どうやってだよ
裕輔
裕輔
父親の代理で、ドリームタウンに営業へ行かせて欲しいと許可を貰った
父親の代理で、ドリームタウンに営業へ行かせて欲しいと許可を貰った
秀隆
秀隆
お父さんの方は許可をくれたのか？
お父さんの方は許可をくれたのか？
裕輔
裕輔
特に反論はされなかったし、理由も聞かれなかった。
特に反論はされなかったし、理由も聞かれなかった。
まだ俺たちに負い目を感じているせいかもしれないな
まだ俺たちに負い目を感じているせいかもしれないな
秀隆
秀隆
……なんでまたそんなことを？
……なんでまたそんなことを？
裕輔
裕輔
おまえはセンスがあるし、身体能力も高い。
おまえはセンスがあるし、身体能力も高い。
恐らく鍛錬を積めば相当強くなるだろう。
恐らく鍛錬を積めば相当強くなるだろう。
だが、付け焼刃で行くのは非常に危険だ
だが、付け焼刃で行くのは非常に危険だ
秀隆
秀隆
もしかして、オレを心配してくれてるのか？
もしかして、オレを心配してくれてるのか？
裕輔
裕輔
当たり前だ
当たり前だ
堂々と言い切りやがったよ。
堂々と言い切りやがったよ。
秀隆
秀隆
おまえもう、主人公でいい気がしてきた
おまえもう、主人公でいい気がしてきた
裕輔
裕輔
主人公はおまえだ。俺はおまえを支えられればそれでいい
主人公はおまえだ。俺はおまえを支えられればそれでいい
こちらのボケに、真面目に返された。
こちらのボケに、真面目に返された。
裕輔
裕輔
俺では力不足かも知れないが
俺では力不足かも知れないが
秀隆
秀隆
冗談言うなよ。裕輔が来てくれるなら心強いことこの上ない
冗談言うなよ。裕輔が来てくれるなら心強いことこの上ない
裕輔
裕輔
日程のほうは大丈夫か？　急なことになってしまったが
日程のほうは大丈夫か？　急なことになってしまったが
秀隆
秀隆
ああ、明後日で全く問題ない。悪いけど、頼まれてくれるか
ああ、明後日で全く問題ない。悪いけど、頼まれてくれるか
裕輔
裕輔
わかった。ダイヤが決まり次第連絡する
わかった。ダイヤが決まり次第連絡する
秀隆
秀隆
頼りにしてるぜ、相棒
頼りにしてるぜ、相棒
裕輔
裕輔
俺で役に立てるなら、喜んで力をかそう。
俺で役に立てるなら、喜んで力をかそう。
もっとも、殴り合いになるようなことがなければいいが
もっとも、殴り合いになるようなことがなければいいが
秀隆
秀隆
そうだな。オレも極力争いは避けたい
そうだな。オレも極力争いは避けたい
裕輔からはアドバイスを受けるくらいだと思っていたが、
裕輔からはアドバイスを受けるくらいだと思っていたが、
思わぬ形で協力してもらえることになった。
思わぬ形で協力してもらえることになった。
正直、裕輔がいてくれるなら、あの場所でも何とかなる気がする。
正直、裕輔がいてくれるなら、あの場所でも何とかなる気がする。
暗雲に光明が差し込んできた。
暗雲に光明が差し込んできた。
…………。
…………。
……。
……。
