秀隆
秀隆
鼻毛……出てない。剃り残し、なし。髪型よし
鼻毛……出てない。剃り残し、なし。髪型よし
鏡を前に、オレは入念な自分チェックを行っていた。
鏡を前に、オレは入念な自分チェックを行っていた。
仕上げにと香水を手に取るが、振り掛ける寸前に思いとどまった。
仕上げにと香水を手に取るが、振り掛ける寸前に思いとどまった。
秀隆
秀隆
……ちょっと気合入れすぎか？
……ちょっと気合入れすぎか？
露骨に小奇麗にしていって、逆に笑われることにもなりかねない。
露骨に小奇麗にしていって、逆に笑われることにもなりかねない。
秀隆
秀隆
香水、は……やめとこう
香水、は……やめとこう
いつもしてない匂いまでさせていったら、意識してるのがバレバレだ。
いつもしてない匂いまでさせていったら、意識してるのがバレバレだ。
あくまでも、オレは希望と普通に遊ぶだけに過ぎない。
あくまでも、オレは希望と普通に遊ぶだけに過ぎない。
当然、大河内代表や高坂特務官を敵に回すような真似できないからだ。
当然、大河内代表や高坂特務官を敵に回すような真似できないからだ。
それに今日のオレの目的は別にある。
それに今日のオレの目的は別にある。
その辺は理解しているよな？　島津秀隆。
その辺は理解しているよな？　島津秀隆。
秀隆
秀隆
……遅い
……遅い
午前１０時。
午前１０時。
３度目の電車が、オレの目の前から出発しドリームタウンへと向かった。
３度目の電車が、オレの目の前から出発しドリームタウンへと向かった。
約束は９時のはずだったが、希望は姿を見せない。
約束は９時のはずだったが、希望は姿を見せない。
電話は通じないので、メールを繰り返し送っているが、反応もない。
電話は通じないので、メールを繰り返し送っているが、反応もない。
秀隆
秀隆
何やってんだよあいつ
何やってんだよあいつ
寝坊だろうか。
寝坊だろうか。
こういうとき、電話が使えないのは不便だ。
こういうとき、電話が使えないのは不便だ。
メールの音じゃ相手を起こすことも簡単にはいかない。
メールの音じゃ相手を起こすことも簡単にはいかない。
秀隆
秀隆
待つしかないよな……
待つしかないよな……
希望
希望
秀隆くん！
秀隆くん！
約束の時間から送れること２時間。
約束の時間から送れること２時間。
息を切らせた希望が、オレの元へと駆け寄ってきた。
息を切らせた希望が、オレの元へと駆け寄ってきた。
希望
希望
ご、ごめんね！　はぁっ……どうしても、抜け出せないことがあってっ
ご、ごめんね！　はぁっ……どうしても、抜け出せないことがあってっ
秀隆
秀隆
おいおい、そんなに慌てて喋る必要はないぞ。とりあえず落ち着け
おいおい、そんなに慌てて喋る必要はないぞ。とりあえず落ち着け
秀隆
秀隆
とりあえずベンチにでも座ろうぜ
とりあえずベンチにでも座ろうぜ
希望
希望
う、うん。ごめん……はあ、はーっ……
う、うん。ごめん……はあ、はーっ……
息を整えるようにしながら、オレの隣に腰を下ろす希望。
息を整えるようにしながら、オレの隣に腰を下ろす希望。
しばらく呼吸を整えていた希望が、ゆっくりとオレを向いた。
しばらく呼吸を整えていた希望が、ゆっくりとオレを向いた。
秀隆
秀隆
それで、抜け出せないことって、何があったんだ？
それで、抜け出せないことって、何があったんだ？
希望
希望
あ……えっと、今日出かける前に、お父さんと話をしてたの
あ……えっと、今日出かける前に、お父さんと話をしてたの
希望
希望
そしたら、ちょうどその時企業の社長さんが来客されてね。
そしたら、ちょうどその時企業の社長さんが来客されてね。
私も昔から知ってる顔馴染みの人だったから、抜け出せなくなっちゃって
私も昔から知ってる顔馴染みの人だったから、抜け出せなくなっちゃって
秀隆
秀隆
それで話し込んじゃったわけか
それで話し込んじゃったわけか
希望
希望
うん。本当にごめんね。携帯とか、触るわけにもいかなかったし
うん。本当にごめんね。携帯とか、触るわけにもいかなかったし
秀隆
秀隆
そんなのはオレに謝ることじゃないぞ。
そんなのはオレに謝ることじゃないぞ。
希望は学生でも、大河内代表の娘として責務を果たしたってことだ
希望は学生でも、大河内代表の娘として責務を果たしたってことだ
秀隆
秀隆
急な対応にも、よく冷静に乗り切ったと思う
急な対応にも、よく冷静に乗り切ったと思う
秀隆
秀隆
オレがお前と同じ立場でも、間違いなくそうしたはずだ
オレがお前と同じ立場でも、間違いなくそうしたはずだ
秀隆
秀隆
と言うより、もし疎かにしてたら怒ってたかも知れないぞ
と言うより、もし疎かにしてたら怒ってたかも知れないぞ
そう言うと、希望は柔らかく笑った。
そう言うと、希望は柔らかく笑った。
希望
希望
……ありがとう
……ありがとう
秀隆
秀隆
お礼を言われる、ことでもないけどな。
お礼を言われる、ことでもないけどな。
希望は当然のことをして、ただオレはその話を聞いたに過ぎない
希望は当然のことをして、ただオレはその話を聞いたに過ぎない
希望
希望
それでもだよ。秀隆くんの優しさが感じられたから
それでもだよ。秀隆くんの優しさが感じられたから
秀隆
秀隆
優しさねぇ……
優しさねぇ……
ほんと、こいつって良くわからないな。
ほんと、こいつって良くわからないな。
秀隆
秀隆
希望は普段、どこか抜けてるようなところはあるけど、
希望は普段、どこか抜けてるようなところはあるけど、
それが仕事の、大人の場となれば冷静に行動出来るんだよな
それが仕事の、大人の場となれば冷静に行動出来るんだよな
希望
希望
そう、かなぁ？　私は特に意識したことはないけどね
そう、かなぁ？　私は特に意識したことはないけどね
希望
希望
お父さんや龍也さんの邪魔をしないように、必死にやってるだけ
お父さんや龍也さんの邪魔をしないように、必死にやってるだけ
希望
希望
特別なことは何もしてないよ。私には普通の雑談しか出来ないし
特別なことは何もしてないよ。私には普通の雑談しか出来ないし
秀隆
秀隆
その雑談って言うのが、思っているよりもずっと難しいんだよ
その雑談って言うのが、思っているよりもずっと難しいんだよ
秀隆
秀隆
普通同年代でも、見ず知らずの人間と楽しく会話するには苦労する。だけど希望は年代や性別を越えて相手と接することが出来る。これは十分凄いことだ
普通同年代でも、見ず知らずの人間と楽しく会話するには苦労する。だけど希望は年代や性別を越えて相手と接することが出来る。これは十分凄いことだ
希望
希望
なんかそんな風に言われると、恥ずかしいな
なんかそんな風に言われると、恥ずかしいな
秀隆
秀隆
恥ずかしがる必要なんて何もない
恥ずかしがる必要なんて何もない
秀隆
秀隆
オレは、案外希望は特務官に向いてるんじゃないかと思い出したよ
オレは、案外希望は特務官に向いてるんじゃないかと思い出したよ
希望
希望
私が特務官に……？
私が特務官に……？
秀隆
秀隆
何も知識だけが特務官の全てじゃない。
何も知識だけが特務官の全てじゃない。
交渉においては、如何に相手の懐に潜り込めるかが勝負になったりするしな
交渉においては、如何に相手の懐に潜り込めるかが勝負になったりするしな
秀隆
秀隆
おまえが特務官になったら、ホープタウンにとってはちょっと
おまえが特務官になったら、ホープタウンにとってはちょっと
怖いよ
怖いよ
希望
希望
大げさだよ、秀隆くん
大げさだよ、秀隆くん
秀隆
秀隆
別に大げさに言ったつもりはないが……
別に大げさに言ったつもりはないが……
まぁ、このことで特務官への道を決意されても困る。
まぁ、このことで特務官への道を決意されても困る。
希望
希望
私がもしも特務官になったら、秀隆くんと戦うってことだよね？
私がもしも特務官になったら、秀隆くんと戦うってことだよね？
秀隆
秀隆
別に争いあう必要はないが、そうなるケースも出てくるだろうな
別に争いあう必要はないが、そうなるケースも出てくるだろうな
希望
希望
とてもじゃないけど、秀隆くんと戦える自信はないよ
とてもじゃないけど、秀隆くんと戦える自信はないよ
秀隆
秀隆
オレなんて、大した特務官じゃないぞ？
オレなんて、大した特務官じゃないぞ？
秀隆
秀隆
事実、特務官の才能に恵まれてる方じゃないからな
事実、特務官の才能に恵まれてる方じゃないからな
希望
希望
そうかな？　最近、秀隆くんの名前をよく耳にするよ？
そうかな？　最近、秀隆くんの名前をよく耳にするよ？
今回の規制緩和だって、秀隆くんが成し遂げたことじゃない
今回の規制緩和だって、秀隆くんが成し遂げたことじゃない
秀隆
秀隆
規制緩和に関しては、色々な人の思惑があって成立したことだ。
規制緩和に関しては、色々な人の思惑があって成立したことだ。
オレはたまたまその橋渡しの役をしただけに過ぎない
オレはたまたまその橋渡しの役をしただけに過ぎない
秀隆
秀隆
それに、結果的に正しかったことなのかどうかは分からない
それに、結果的に正しかったことなのかどうかは分からない
秀隆
秀隆
喜ぶ人もいれば、苦しむ人も出てくることになる
喜ぶ人もいれば、苦しむ人も出てくることになる
唐沢さんの、オレを見る目も、大きく変わってしまった。
唐沢さんの、オレを見る目も、大きく変わってしまった。
後悔はしていないが、それでも心にわだかまりは残ってしまう。
後悔はしていないが、それでも心にわだかまりは残ってしまう。
秀隆
秀隆
そう言うわけで、オレ自身は大したことはしていない
そう言うわけで、オレ自身は大したことはしていない
希望
希望
結果が出るのはずっと先かも知れないけど、
結果が出るのはずっと先かも知れないけど、
普通の特務官には無理だと思うな
普通の特務官には無理だと思うな
希望
希望
やっぱり秀隆くんは、凄い特務官だよ。
やっぱり秀隆くんは、凄い特務官だよ。
きっと龍也さんとも、そんなに差はないと思う
きっと龍也さんとも、そんなに差はないと思う
秀隆
秀隆
いやでも、それを言うなら希望も……って、
いやでも、それを言うなら希望も……って、
何でオレたち朝からヨイショ合戦みたいなんしてんだ？
何でオレたち朝からヨイショ合戦みたいなんしてんだ？
希望
希望
言われてみれば……私もわざわざお世辞で秀隆くんを褒める必要はないよね
言われてみれば……私もわざわざお世辞で秀隆くんを褒める必要はないよね
秀隆
秀隆
ろ、露骨にお世辞って言わんでも……
ろ、露骨にお世辞って言わんでも……
希望
希望
あははは、もう、軽い冗談だよ
あははは、もう、軽い冗談だよ
秀隆
秀隆
おまえの発言は意外と本当だったりするからな……
おまえの発言は意外と本当だったりするからな……
希望
希望
ま、まさかぁ
ま、まさかぁ
慌ててる姿を見ると、悲しくなってきた。
慌ててる姿を見ると、悲しくなってきた。
秀隆
秀隆
……深くは追求しないでおくことにする
……深くは追求しないでおくことにする
秀隆
秀隆
今日はこんな話をするために、呼び出したわけでもないしな
今日はこんな話をするために、呼び出したわけでもないしな
希望
希望
えっと、ホープタウンの良さ、を教えてくれるんだっけ？
えっと、ホープタウンの良さ、を教えてくれるんだっけ？
秀隆
秀隆
ああ。何度も足を運んでるとは思うけど、
ああ。何度も足を運んでるとは思うけど、
やっぱりまだまだホープタウンの魅力には気づいてないと思うからな
やっぱりまだまだホープタウンの魅力には気づいてないと思うからな
もちろん、本題は他にあったが、
もちろん、本題は他にあったが、
会ってすぐに切り出すような話でもない。
会ってすぐに切り出すような話でもない。
希望
希望
ホープタウンの魅力かぁ。
ホープタウンの魅力かぁ。
確かに、私はまだ良く分かってないかも
確かに、私はまだ良く分かってないかも
希望
希望
この公園が凄く自然に溢れていて素敵なのは分かるんだけどね
この公園が凄く自然に溢れていて素敵なのは分かるんだけどね
秀隆
秀隆
自然がホープタウンの魅力なのは間違いないからなあ。
自然がホープタウンの魅力なのは間違いないからなあ。
それは、オレもドリームタウンに行き来するようになって真っ先に感じたことだ
それは、オレもドリームタウンに行き来するようになって真っ先に感じたことだ
希望
希望
それ以外だと、どういうものがあるの？
それ以外だと、どういうものがあるの？
秀隆
秀隆
そうだな……それを今から案内するかな
そうだな……それを今から案内するかな
街に繰り出してきたオレたち。
街に繰り出してきたオレたち。
まどか
まどか
あら？　島津くん？
あら？　島津くん？
秀隆
秀隆
うわ……
うわ……
磯部
磯部
何やってんだよ、こんなところで
何やってんだよ、こんなところで
ばったりと、二人に出くわしてしまう。
ばったりと、二人に出くわしてしまう。
希望
希望
こんにちはっ。特務官の方たちですよねっ
こんにちはっ。特務官の方たちですよねっ
磯部
磯部
大河内代表の……おまえ、お嬢さんと何やってんだよ
大河内代表の……おまえ、お嬢さんと何やってんだよ
秀隆
秀隆
何って、別に。普通に観光案内と言うか、なぁ？
何って、別に。普通に観光案内と言うか、なぁ？
希望
希望
何もしないから一緒に遊ぼう、って誘われてしまいまして
何もしないから一緒に遊ぼう、って誘われてしまいまして
まどか
まどか
島津くん、あなた最低ね……
島津くん、あなた最低ね……
秀隆
秀隆
希望は虚言癖があるんだ。真に受けると大変だぞ
希望は虚言癖があるんだ。真に受けると大変だぞ
磯部
磯部
代表のお嬢さんに手を出しただけじゃなく、
代表のお嬢さんに手を出しただけじゃなく、
侮辱までしやがるとは……クズめ！
侮辱までしやがるとは……クズめ！
秀隆
秀隆
だ、だから違うって。希望もふざけてないで何とか言ってくれ
だ、だから違うって。希望もふざけてないで何とか言ってくれ
希望
希望
あはは、ごめんなさい。
あはは、ごめんなさい。
ホープタウンの案内をお願いしてたんです
ホープタウンの案内をお願いしてたんです
まどか
まどか
そうだったんですか。でも、彼でよかったんですか？
そうだったんですか。でも、彼でよかったんですか？
必要とあれば、特務官の誰かを案内役につけることも出来ますが
必要とあれば、特務官の誰かを案内役につけることも出来ますが
希望
希望
秀隆くんといると気軽なので
秀隆くんといると気軽なので
磯部
磯部
緊張感のない男だからな、おまえって
緊張感のない男だからな、おまえって
秀隆
秀隆
えへっ
えへっ
磯部
磯部
別に褒めてねぇよ……ったく、相変わらずな奴
別に褒めてねぇよ……ったく、相変わらずな奴
秀隆
秀隆
お二人は、今日はどんな仕事で？
お二人は、今日はどんな仕事で？
まどか
まどか
今から依頼を受けた企業に挨拶に行くの
今から依頼を受けた企業に挨拶に行くの
秀隆
秀隆
依頼って、例の？
依頼って、例の？
まどか
まどか
ええ。それに、外回りの仕事も多くって。今日は一日ばたばたしてると思う
ええ。それに、外回りの仕事も多くって。今日は一日ばたばたしてると思う
秀隆
秀隆
なるほどな
なるほどな
まどか
まどか
それじゃ、私たちは行くけど、失礼のないようにね。
それじゃ、私たちは行くけど、失礼のないようにね。
失礼します
失礼します
希望
希望
お疲れ様です
お疲れ様です
まどかと磯部は、希望に頭を下げ食糧プラントの方へと向かった。
まどかと磯部は、希望に頭を下げ食糧プラントの方へと向かった。
希望
希望
忙しそうだね、特務官の仕事。デスクワークだけじゃないんだ
忙しそうだね、特務官の仕事。デスクワークだけじゃないんだ
秀隆
秀隆
そうだな。ああやって歩いてあちこち行くのも、勤めの一つかな
そうだな。ああやって歩いてあちこち行くのも、勤めの一つかな
秀隆
秀隆
高坂特務官だって、待機してることの方が少ないだろ？
高坂特務官だって、待機してることの方が少ないだろ？
一瞬考える仕草を見せたが、すぐに納得が行ったのか頷いた。
一瞬考える仕草を見せたが、すぐに納得が行ったのか頷いた。
希望
希望
言われてみれば、そうかも
言われてみれば、そうかも
秀隆
秀隆
だろ？
だろ？
秀隆
秀隆
ちなみに、同期だからってヒイキするわけじゃないけど、
ちなみに、同期だからってヒイキするわけじゃないけど、
今会ったまどかと磯部は、誰よりも足を使って仕事をしてる特務官だ
今会ったまどかと磯部は、誰よりも足を使って仕事をしてる特務官だ
秀隆
秀隆
近い将来、高坂特務官と交えることになるかも知れないぞ
近い将来、高坂特務官と交えることになるかも知れないぞ
希望
希望
龍也さんのライバルになる人たちなんだね
龍也さんのライバルになる人たちなんだね
秀隆
秀隆
そう言うことだ
そう言うことだ
希望
希望
足を使うって言うと、秀隆くんも人一倍動いてるよね
足を使うって言うと、秀隆くんも人一倍動いてるよね
秀隆
秀隆
オレ？　いや、オレは別に……
オレ？　いや、オレは別に……
希望
希望
だって、私が知ってるホープタウンの特務官で、
だって、私が知ってるホープタウンの特務官で、
一番出会ってるのって、多分秀隆くんじゃないかな
一番出会ってるのって、多分秀隆くんじゃないかな
秀隆
秀隆
まぁドリームタウンにはしょっちゅう足を運んでるし、
まぁドリームタウンにはしょっちゅう足を運んでるし、
希望とか個人的な付き合いも多いからな。そう感じるだけだろ
希望とか個人的な付き合いも多いからな。そう感じるだけだろ
秀隆
秀隆
ホープタウンに住んでたら分かるよ。他の特務官だって沢山動いてる
ホープタウンに住んでたら分かるよ。他の特務官だって沢山動いてる
希望
希望
秀隆くんって、普段褒められたがるのに、
秀隆くんって、普段褒められたがるのに、
いざ褒められるとすぐに謙遜するよね
いざ褒められるとすぐに謙遜するよね
秀隆
秀隆
褒められる相手によるってことだな。希望の場合嘘くさい
褒められる相手によるってことだな。希望の場合嘘くさい
希望
希望
もうっ、私は本当のことしか言わないよ？
もうっ、私は本当のことしか言わないよ？
秀隆
秀隆
それが嘘だろ
それが嘘だろ
希望
希望
そうかな？　あはは、そうかも
そうかな？　あはは、そうかも
秀隆
秀隆
ったく……
ったく……
ころころと表情を変える希望。
ころころと表情を変える希望。
オレはその隣を歩いていて、心が温かくなるのを感じていた。
オレはその隣を歩いていて、心が温かくなるのを感じていた。
……この感覚がなんであるのか、理解してはいけない。
……この感覚がなんであるのか、理解してはいけない。
そう思っていても……。
そう思っていても……。
希望
希望
ん？
ん？
オレの視線に気づいた希望が、見上げる。
オレの視線に気づいた希望が、見上げる。
その瞳に見つめられるのが気恥ずかしくなり、慌てて視線をそらした。
その瞳に見つめられるのが気恥ずかしくなり、慌てて視線をそらした。
それが希望には引っかかったんだろう。
それが希望には引っかかったんだろう。
希望
希望
どうしたの？
どうしたの？
秀隆
秀隆
何でもない
何でもない
希望
希望
何でもありそうだったけどなぁ
何でもありそうだったけどなぁ
秀隆
秀隆
そろそろ行こうぜ。時間は有限だからな
そろそろ行こうぜ。時間は有限だからな
希望
希望
あ、うん
あ、うん
それからオレたちは、ホープタウンを色々と歩いて回った。
それからオレたちは、ホープタウンを色々と歩いて回った。
小腹も空き始める頃、オレは質問をぶつけてみることにした。
小腹も空き始める頃、オレは質問をぶつけてみることにした。
秀隆
秀隆
前々から聞いてみたかったことがあるんだけど、いいか？
前々から聞いてみたかったことがあるんだけど、いいか？
希望
希望
なにかな？
なにかな？
秀隆
秀隆
高坂特務官のデビュー当時がどんなだったのか興味あるな
高坂特務官のデビュー当時がどんなだったのか興味あるな
希望
希望
龍也さんのデビュー当時……
龍也さんのデビュー当時……
秀隆
秀隆
資料を読む限りじゃさ、新人とは思えないアイデアや発想、
資料を読む限りじゃさ、新人とは思えないアイデアや発想、
知識で、僅か３年に満たない時間でトップまで上り詰めた、って書いてあった
知識で、僅か３年に満たない時間でトップまで上り詰めた、って書いてあった
秀隆
秀隆
実際傍に居た希望も、それを感じていたのかなってさ
実際傍に居た希望も、それを感じていたのかなってさ
希望
希望
うーん……正直に言うと、よくわからないかな
うーん……正直に言うと、よくわからないかな
秀隆
秀隆
わからない？
わからない？
希望
希望
私と龍也さんが婚約したのは、その頃だしね
私と龍也さんが婚約したのは、その頃だしね
秀隆
秀隆
そうだったのか……オレは、てっきりデビュー当時からだと思ってた
そうだったのか……オレは、てっきりデビュー当時からだと思ってた
資料には、いつ婚約したか、なんてものまでは記載されていない。
資料には、いつ婚約したか、なんてものまでは記載されていない。
希望
希望
お父さんが、龍也さんの力を認めたのが、理由だと思う
お父さんが、龍也さんの力を認めたのが、理由だと思う
秀隆
秀隆
でも知り合ったのがその頃ってわけじゃあないんだよな？
でも知り合ったのがその頃ってわけじゃあないんだよな？
希望
希望
うん、それはね。学生の頃から知ってるよ
うん、それはね。学生の頃から知ってるよ
秀隆
秀隆
じゃあ、その時の印象とかは？
じゃあ、その時の印象とかは？
希望
希望
今と殆ど変わらないかなぁ。龍也さんは龍也さんって感じ
今と殆ど変わらないかなぁ。龍也さんは龍也さんって感じ
希望
希望
勉強はいつも一番だったし、真面目なところも、そのままかな
勉強はいつも一番だったし、真面目なところも、そのままかな
秀隆
秀隆
学生の頃から凄かったわけね……
学生の頃から凄かったわけね……
敵うはずもないか。
敵うはずもないか。
希望
希望
前にも言ったと思うけど、龍也さんに合わせられる友達はいなかったかも
前にも言ったと思うけど、龍也さんに合わせられる友達はいなかったかも
希望
希望
後輩の人たちや先輩たちに尊敬されることはあっても、
後輩の人たちや先輩たちに尊敬されることはあっても、
一緒に遊ぶような人は、殆どいなかったと思う
一緒に遊ぶような人は、殆どいなかったと思う
秀隆
秀隆
孤高の天才って奴なのかな、あの人は
孤高の天才って奴なのかな、あの人は
希望
希望
秀隆くんの周りには、いつも人がいるよね
秀隆くんの周りには、いつも人がいるよね
秀隆
秀隆
それは、オレのレベルが低いって言いたいのかな？　ん？
それは、オレのレベルが低いって言いたいのかな？　ん？
希望
希望
素直に凄いと思ってるんだよ。
素直に凄いと思ってるんだよ。
ほら、私や凛ちゃんも友達が少ないし
ほら、私や凛ちゃんも友達が少ないし
秀隆
秀隆
そう言えば、そうなんだよな
そう言えば、そうなんだよな
オレの周りには、意外と孤高な人物が多い。
オレの周りには、意外と孤高な人物が多い。
本人が言ったように希望や凛、裕輔なんかもそうだ。
本人が言ったように希望や凛、裕輔なんかもそうだ。
あとは、恭一さんなんか孤高って感じだ。
あとは、恭一さんなんか孤高って感じだ。
あの人だけは、そう言うくくりで終わらない気もするけど。
あの人だけは、そう言うくくりで終わらない気もするけど。
秀隆
秀隆
まぁ若い子たちは、妙な壁を沢山持ってたりするからなあ
まぁ若い子たちは、妙な壁を沢山持ってたりするからなあ
秀隆
秀隆
おまえも凛も、話せばいい子だって、ちゃんと分かるんだけどな
おまえも凛も、話せばいい子だって、ちゃんと分かるんだけどな
秀隆
秀隆
勝手にイメージや名前だけが先行して、避けられてしまってんだろう
勝手にイメージや名前だけが先行して、避けられてしまってんだろう
希望
希望
私や凛ちゃんに問題があるのかも知れないよ？
私や凛ちゃんに問題があるのかも知れないよ？
秀隆
秀隆
もしそうなら、愛佳や秋と仲良くなれてないだろ
もしそうなら、愛佳や秋と仲良くなれてないだろ
希望
希望
……それは、ほら。秋ちゃんや愛佳ちゃんが凄いんだよ
……それは、ほら。秋ちゃんや愛佳ちゃんが凄いんだよ
希望
希望
なんていうか、そう言う友達が出来るオーラ持ってるし
なんていうか、そう言う友達が出来るオーラ持ってるし
秀隆
秀隆
オーラねぇ
オーラねぇ
秋も愛佳も、元はそう言うタイプじゃない。
秋も愛佳も、元はそう言うタイプじゃない。
結局は理解しあえる友達がいて、どう変わっていくかなんだが。
結局は理解しあえる友達がいて、どう変わっていくかなんだが。
希望
希望
私も社会人になったら、環境が変わったりするのかな？
私も社会人になったら、環境が変わったりするのかな？
秀隆
秀隆
そうだなぁ……
そうだなぁ……
秀隆
秀隆
希望の場合は、社会に出ても苦労するかも知れないぞ。
希望の場合は、社会に出ても苦労するかも知れないぞ。
大きすぎる肩書きはむしろ、社会に出てから大きく影響を受ける
大きすぎる肩書きはむしろ、社会に出てから大きく影響を受ける
希望
希望
そっか、そうだね
そっか、そうだね
秀隆
秀隆
でも、おまえが大河内代表の娘として生まれたことは、
でも、おまえが大河内代表の娘として生まれたことは、
凡人の遥か上を行くほど幸せなことだってことは、覚えておけよ
凡人の遥か上を行くほど幸せなことだってことは、覚えておけよ
希望
希望
悲観するなってことだね。大丈夫だよ
悲観するなってことだね。大丈夫だよ
秀隆
秀隆
だな。肩書きが重たいからって、左右される人間じゃないよな
だな。肩書きが重たいからって、左右される人間じゃないよな
この辺りは、さすが大河内代表の娘ってことなんだろうか。
この辺りは、さすが大河内代表の娘ってことなんだろうか。
秀隆
秀隆
とにかく、人は人、自分は自分だ
とにかく、人は人、自分は自分だ
希望
希望
あはは、そのセリフ、私も秀隆くんに言いたいよ
あはは、そのセリフ、私も秀隆くんに言いたいよ
秀隆
秀隆
え？
え？
希望
希望
だって、しょっちゅう龍也さんのこと気にしてるし
だって、しょっちゅう龍也さんのこと気にしてるし
秀隆
秀隆
う……
う……
希望
希望
人は人、自分は自分だよ？
人は人、自分は自分だよ？
秀隆
秀隆
それは、まぁ……
それは、まぁ……
ただ、なんていうかな。
ただ、なんていうかな。
希望から見て、オレが格好悪く映ってるんじゃないかって。
希望から見て、オレが格好悪く映ってるんじゃないかって。
そんな風に思ってしまう。
そんな風に思ってしまう。
同じくらい年上の男で、特務官。
同じくらい年上の男で、特務官。
そして誰よりも希望の傍にいる。
そして誰よりも希望の傍にいる。
秀隆
秀隆
…………
…………
比べたくもなってしまうだろう。
比べたくもなってしまうだろう。
何か１つだけでも、勝っていたいって。
何か１つだけでも、勝っていたいって。
秀隆
秀隆
あれ？
あれ？
希望
希望
ん？　どうしたの？
ん？　どうしたの？
どうしてオレは、高坂特務官と自分を比べているんだ？
どうしてオレは、高坂特務官と自分を比べているんだ？
……それは、つまり……。
……それは、つまり……。
オレを無垢な瞳で見上げる少女、希望。
オレを無垢な瞳で見上げる少女、希望。
やっぱり、オレはこの子を……。
やっぱり、オレはこの子を……。
でも、その気持ちに気づいたところで、打ち明けることは出来ない。
でも、その気持ちに気づいたところで、打ち明けることは出来ない。
希望と高坂特務官の関係は良好だし、
希望と高坂特務官の関係は良好だし、
オレがつけ入る隙なんてどこにもありはしないだろう。
オレがつけ入る隙なんてどこにもありはしないだろう。
それに、オレが今日希望を誘い出したのは、
それに、オレが今日希望を誘い出したのは、
そう言うことを考え、思うためなんかじゃない。
そう言うことを考え、思うためなんかじゃない。
秀隆
秀隆
ちょっと話があるんだ
ちょっと話があるんだ
希望
希望
話？　うん、いいけど、なんだか改まってるね
話？　うん、いいけど、なんだか改まってるね
オレは場所を、街中のお店、ラモールへと移した。
オレは場所を、街中のお店、ラモールへと移した。
秀隆
秀隆
よし、何でも頼んでいいぞ
よし、何でも頼んでいいぞ
希望
希望
ありがと
ありがと
メニューを受け取った希望が、目を通していく。
メニューを受け取った希望が、目を通していく。
切り出すなら、今が妥当なところか……。
切り出すなら、今が妥当なところか……。
秀隆
秀隆
なあ、希望
なあ、希望
料理が運ばれてくるまでの間、オレは希望に本題をぶつけることにした。
料理が運ばれてくるまでの間、オレは希望に本題をぶつけることにした。
希望
希望
んっ？　あ、さっき言いかけてた話のことかな
んっ？　あ、さっき言いかけてた話のことかな
店を見渡していた希望が、正面を向きなおす。
店を見渡していた希望が、正面を向きなおす。
秀隆
秀隆
ああ。この間の旅行……遊園地に行った後から思ってたことなんだけどな
ああ。この間の旅行……遊園地に行った後から思ってたことなんだけどな
希望
希望
うん。どうしたの？
うん。どうしたの？
秀隆
秀隆
ちょっと、おまえの様子が変だなって、感じてたんだよ
ちょっと、おまえの様子が変だなって、感じてたんだよ
希望
希望
私の様子が？　そうかな？
私の様子が？　そうかな？
殆ど表情に変化はなかったが、一瞬だけ希望は目を伏せた。
殆ど表情に変化はなかったが、一瞬だけ希望は目を伏せた。
秀隆
秀隆
何かあったのか？
何かあったのか？
希望
希望
別に何も。何もないよ？
別に何も。何もないよ？
秀隆
秀隆
オレたちも付き合いは短くない。そうだよな？
オレたちも付き合いは短くない。そうだよな？
希望
希望
うん、そうだね。でも、私は本当に
うん、そうだね。でも、私は本当に
秀隆
秀隆
オレには話してもらえないか？
オレには話してもらえないか？
希望
希望
…………
…………
希望
希望
何もない……とは、言えないのかな……うん。
何もない……とは、言えないのかな……うん。
さすが秀隆くんだね
さすが秀隆くんだね
観念したかのように、希望は一度頭を下げた。
観念したかのように、希望は一度頭を下げた。
希望
希望
なんか、今日誘ってくれたのも少しおかしいって思ってたの。
なんか、今日誘ってくれたのも少しおかしいって思ってたの。
ホープタウンを案内するなら、凛ちゃんを誘ったっておかしくないし
ホープタウンを案内するなら、凛ちゃんを誘ったっておかしくないし
希望
希望
もしかしたら、何か話があるかも、って思ってた
もしかしたら、何か話があるかも、って思ってた
希望も、オレが何かを話そうとしていたことには気づいていたらしい。
希望も、オレが何かを話そうとしていたことには気づいていたらしい。
希望
希望
だから、もしかしたら何か話があるんじゃないかって考えてた
だから、もしかしたら何か話があるんじゃないかって考えてた
希望
希望
それが……私のことだったのは驚いたけど
それが……私のことだったのは驚いたけど
秀隆
秀隆
何となくだけど、空元気に見えるんだ
何となくだけど、空元気に見えるんだ
秀隆
秀隆
どうなんだ？
どうなんだ？
希望
希望
……かも……
……かも……
希望は短く肯定した。
希望は短く肯定した。
希望
希望
あの日、秀隆くんと遊園地に行った日……
あの日、秀隆くんと遊園地に行った日……
希望
希望
少し、その、動揺することがあって……
少し、その、動揺することがあって……
秀隆
秀隆
動揺？
動揺？
希望
希望
卒業したら、龍也さんと式を挙げろ、って
卒業したら、龍也さんと式を挙げろ、って
秀隆
秀隆
……そんな話が……
……そんな話が……
希望
希望
いつか来るとは思ってたけど、想像より早かったかな、って
いつか来るとは思ってたけど、想像より早かったかな、って
希望
希望
将来のこととか、色々考え始めてた時期だったから
将来のこととか、色々考え始めてた時期だったから
秀隆
秀隆
そう、か。そうだな。……確かに早いよな
そう、か。そうだな。……確かに早いよな
もちろん、卒業を区切りに結婚することになる、
もちろん、卒業を区切りに結婚することになる、
その可能性は昔から希望も考えていただろう。
その可能性は昔から希望も考えていただろう。
事実、出会った時からそれを口にしていた。
事実、出会った時からそれを口にしていた。
だけど……いざ、本当の話になると、
だけど……いざ、本当の話になると、
急に現実が押し寄せてくるようだった。
急に現実が押し寄せてくるようだった。
秀隆
秀隆
希望には、まだ将来を決めかねてる段階だし。
希望には、まだ将来を決めかねてる段階だし。
急ぐことはないだろ
急ぐことはないだろ
希望
希望
うん……でも、私とお父さんと、龍也さんとの約束だから
うん……でも、私とお父さんと、龍也さんとの約束だから
希望
希望
私自身、結婚が嫌だって思ったことはないし
私自身、結婚が嫌だって思ったことはないし
希望
希望
今までそんなこと、考えてなかった……
今までそんなこと、考えてなかった……
秀隆
秀隆
じゃあ、どうしてそんな顔してるんだ？
じゃあ、どうしてそんな顔してるんだ？
秀隆
秀隆
納得してないように見えるぞ
納得してないように見えるぞ
希望
希望
それは……
それは……
秀隆
秀隆
もし将来のことで結婚が障害になるようなら、
もし将来のことで結婚が障害になるようなら、
オレは結論を急ぐ必要はないと思ってる
オレは結論を急ぐ必要はないと思ってる
希望
希望
……でも……
……でも……
秀隆
秀隆
よく考えた方がいいんじゃないのか？
よく考えた方がいいんじゃないのか？
希望
希望
私は
私は
女店員
女店員
お待たせしました
お待たせしました
空気を読まず、店員が料理を運んできてしまう。
空気を読まず、店員が料理を運んできてしまう。
開きかけた希望の口が閉ざされ、
開きかけた希望の口が閉ざされ、
それ以上、希望は何も言わなかった。
それ以上、希望は何も言わなかった。
オレも、これ以上、無理やり聞き出すことは出来ない。
オレも、これ以上、無理やり聞き出すことは出来ない。
秀隆
秀隆
じゃあ、食べようか
じゃあ、食べようか
希望
希望
そうだね
そうだね
まどか
まどか
あら？
あら？
食べようとしていると、ばったりと、まどかたちに再び会った。
食べようとしていると、ばったりと、まどかたちに再び会った。
オレと磯部は、ほぼ同時に複雑な表情を見せる。
オレと磯部は、ほぼ同時に複雑な表情を見せる。
希望
希望
これからお食事ですか？
これからお食事ですか？
まどか
まどか
ええ。少し遅くなりましたが
ええ。少し遅くなりましたが
希望
希望
良かったら一緒に食べませんか？
良かったら一緒に食べませんか？
まどか
まどか
よろしいんですか？
よろしいんですか？
希望
希望
皆で食べる方が、美味しいですから。ね？
皆で食べる方が、美味しいですから。ね？
秀隆
秀隆
え？　ああ、そうだな
え？　ああ、そうだな
磯部
磯部
なんでこーなんだよ……
なんでこーなんだよ……
オレの隣に腰を下ろす磯部。
オレの隣に腰を下ろす磯部。
希望とまどかが、当然隣同士だ。
希望とまどかが、当然隣同士だ。
まどか
まどか
希望さんのそれ、美味しそうですね。私もそれにしようかしら
希望さんのそれ、美味しそうですね。私もそれにしようかしら
磯部
磯部
じゃあ、俺もそれで
じゃあ、俺もそれで
秀隆
秀隆
オレのも美味しそうだぞ？　こっちにしたらどうだ？
オレのも美味しそうだぞ？　こっちにしたらどうだ？
磯部
磯部
なんで俺がおまえと同じもの食べなきゃならないんだよ
なんで俺がおまえと同じもの食べなきゃならないんだよ
頬杖つき、磯部は明後日を向きながら言う。
頬杖つき、磯部は明後日を向きながら言う。
秀隆
秀隆
オレだけ別の食べ物になって寂しいだろ
オレだけ別の食べ物になって寂しいだろ
磯部
磯部
なにが寂しいだ。気持ち悪ぃ
なにが寂しいだ。気持ち悪ぃ
希望
希望
二人は仲が悪いの？
二人は仲が悪いの？
磯部
磯部
いえ、別に。そう言うわけじゃないんです
いえ、別に。そう言うわけじゃないんです
大河内代表の娘に話すことではないと思ったのか、
大河内代表の娘に話すことではないと思ったのか、
磯部は取り繕いそう言った。
磯部は取り繕いそう言った。
前も、こんな風に取り繕ったのを覚えてるぞ……。
前も、こんな風に取り繕ったのを覚えてるぞ……。
磯部
磯部
それより、自分たちのことは気にせず食べてください
それより、自分たちのことは気にせず食べてください
希望
希望
ううん、折角だから一緒に
ううん、折角だから一緒に
まどか
まどか
ですが……
ですが……
秀隆
秀隆
希望は頑固だからな。ささっと頼んだ方が賢明だぞ
希望は頑固だからな。ささっと頼んだ方が賢明だぞ
まどか
まどか
……すみません、注文をお願いします
……すみません、注文をお願いします
まどかもそれを感じ取ったのか、慌てて店員を呼んだ。
まどかもそれを感じ取ったのか、慌てて店員を呼んだ。
秀隆
秀隆
にしても
にしても
四人分並べられた食事。
四人分並べられた食事。
まさか、こんなメンツで飯を食べる日がこようとは。
まさか、こんなメンツで飯を食べる日がこようとは。
人生どうなるかわからないもんだ。
人生どうなるかわからないもんだ。
まどか
まどか
街の案内はどうだったの？
街の案内はどうだったの？
秀隆
秀隆
ぼちぼちってところかな
ぼちぼちってところかな
希望
希望
ホープタウンには何度か足を運んでますけど、
ホープタウンには何度か足を運んでますけど、
来るたびに新しい発見があって面白いです
来るたびに新しい発見があって面白いです
まどか
まどか
そうですか。ご満足いただけているようで、良かったです
そうですか。ご満足いただけているようで、良かったです
希望
希望
あの、折角なんで色々質問してもいいですか？
あの、折角なんで色々質問してもいいですか？
希望はいつもと変わらないテンションで、
希望はいつもと変わらないテンションで、
まどかへと好奇の視線を向ける。
まどかへと好奇の視線を向ける。
まどか
まどか
はい、私にお答えできることでしたら、何でもどうぞ
はい、私にお答えできることでしたら、何でもどうぞ
希望
希望
えっと……仕事場での秀隆くんって、どんな感じなんですか？
えっと……仕事場での秀隆くんって、どんな感じなんですか？
まどか
まどか
はい？
はい？
秀隆
秀隆
いきなり何を聞いてんだよ。もっと他のことにしろよ
いきなり何を聞いてんだよ。もっと他のことにしろよ
希望
希望
いいじゃない。こんな機会中々ないし
いいじゃない。こんな機会中々ないし
磯部
磯部
島津の話なんて聞いても、ろくなことありませんよ
島津の話なんて聞いても、ろくなことありませんよ
希望
希望
えっと、磯部さん、ですよね。磯部さんは秀隆くんが嫌いですよね？
えっと、磯部さん、ですよね。磯部さんは秀隆くんが嫌いですよね？
磯部
磯部
え？　いや、ですから、別にそう言うわけでは……
え？　いや、ですから、別にそう言うわけでは……
希望
希望
嫌いなら、それでもいいと思います。
嫌いなら、それでもいいと思います。
私に気を使って、隠す必要はありませんよ？
私に気を使って、隠す必要はありませんよ？
磯部
磯部
う……
う……
見透かすような視線に磯部が気おされる。
見透かすような視線に磯部が気おされる。
希望
希望
それに、嫌ってる理由とかも、知りたいですし
それに、嫌ってる理由とかも、知りたいですし
わくわくするような、楽しむような、いつもの希望。
わくわくするような、楽しむような、いつもの希望。
希望
希望
秀隆くんのどういうところが嫌いなんですか？
秀隆くんのどういうところが嫌いなんですか？
再度聞かれる。
再度聞かれる。
磯部
磯部
いえ、えー、その……
いえ、えー、その……
秀隆
秀隆
ほらオレってイケメンだからさ。
ほらオレってイケメンだからさ。
同僚女性の視線を独り占めしちゃってるから
同僚女性の視線を独り占めしちゃってるから
磯部
磯部
こういうところが嫌いなんです
こういうところが嫌いなんです
秀隆
秀隆
…………
…………
希望
希望
あーなるほどぉ
あーなるほどぉ
秀隆
秀隆
納得する要素がありました？
納得する要素がありました？
まどか
まどか
大有り、でしょ？　分かってるくせに
大有り、でしょ？　分かってるくせに
希望
希望
まぁ、秀隆くんってこういう人だし。合わない人とは合わないかも
まぁ、秀隆くんってこういう人だし。合わない人とは合わないかも
まどか
まどか
随分と理解しているんですね、島津くんのことを
随分と理解しているんですね、島津くんのことを
希望
希望
付き合いも長いですので。ね？
付き合いも長いですので。ね？
秀隆
秀隆
え？　あ、あぁ、まぁ
え？　あ、あぁ、まぁ
まどか
まどか
とても、ちょっとした関係には見えないわね
とても、ちょっとした関係には見えないわね
秀隆
秀隆
や、やだな。何を疑っていらっしゃるんです？
や、やだな。何を疑っていらっしゃるんです？
まどか
まどか
島津くんがよからぬ道に走らないかと思って
島津くんがよからぬ道に走らないかと思って
秀隆
秀隆
よからぬ道って……
よからぬ道って……
磯部
磯部
彼女は大河内代表の娘なんだからな。分かってんだろうな？
彼女は大河内代表の娘なんだからな。分かってんだろうな？
秀隆
秀隆
当たり前だろ。オレを誰だと思ってるんだ
当たり前だろ。オレを誰だと思ってるんだ
磯部
磯部
島津だろ。問題児の
島津だろ。問題児の
秀隆
秀隆
う……
う……
希望
希望
問題児なんだ？
問題児なんだ？
磯部
磯部
問題児も問題児ですよ。今まで首になってないのが不思議なくらいの
問題児も問題児ですよ。今まで首になってないのが不思議なくらいの
磯部
磯部
社内のルールを守らず、身勝手な行動ばかりで。
社内のルールを守らず、身勝手な行動ばかりで。
その癖、人に頼る時はやたらしつこく頼ってくるし
その癖、人に頼る時はやたらしつこく頼ってくるし
希望
希望
でも、色々頑張ってるって聞いてます。幾つか仕事も成功してるとか
でも、色々頑張ってるって聞いてます。幾つか仕事も成功してるとか
磯部
磯部
周りの堅実なサポートがあってこそです。
周りの堅実なサポートがあってこそです。
コイツ一人だったら、お使いにも行けませんよ
コイツ一人だったら、お使いにも行けませんよ
秀隆
秀隆
それは言いすぎ
それは言いすぎ
まどか
まどか
似たようなものじゃない？
似たようなものじゃない？
秀隆
秀隆
……ひどい同僚だ
……ひどい同僚だ
希望
希望
あははは。秀隆くんの扱いって、どこでも変わらないんだね
あははは。秀隆くんの扱いって、どこでも変わらないんだね
秀隆
秀隆
ほんとにな
ほんとにな
まどか
まどか
昔は、こう見えても結構しっかりしてたのよ？
昔は、こう見えても結構しっかりしてたのよ？
希望
希望
昔、ですか？
昔、ですか？
秀隆
秀隆
おい。余計なことを言うと、希望が食いつくだろ
おい。余計なことを言うと、希望が食いつくだろ
まどか
まどか
あ……ごめんなさい
あ……ごめんなさい
磯部
磯部
…………
…………
希望
希望
昔ってなんですか？　秀隆くんは特務官になったばかりですよね？
昔ってなんですか？　秀隆くんは特務官になったばかりですよね？
まどか
まどか
いえ、その、なんでもないんです
いえ、その、なんでもないんです
磯部
磯部
別に隠すことじゃないだろ？
別に隠すことじゃないだろ？
ここに居るまどかと、島津は学生時代の同級生なんですよ
ここに居るまどかと、島津は学生時代の同級生なんですよ
希望
希望
そうなんだ
そうなんだ
秀隆
秀隆
まあ、それだけだけどな
まあ、それだけだけどな
磯部
磯部
本当にそれだけなのかよ
本当にそれだけなのかよ
オレとまどかが、学生時代付き合っていたことを知りながら、
オレとまどかが、学生時代付き合っていたことを知りながら、
意地悪そうに磯部が言った。
意地悪そうに磯部が言った。
秀隆
秀隆
なんだよ磯部。何か言いたいことがあるのか？
なんだよ磯部。何か言いたいことがあるのか？
磯部
磯部
別になんもねえけどな
別になんもねえけどな
希望
希望
…………
…………
オレたちのやりとりを、交互にみやる希望。
オレたちのやりとりを、交互にみやる希望。
希望
希望
何かあるとみたよ？
何かあるとみたよ？
秀隆
秀隆
見るなよ
見るなよ
希望
希望
あの、磯部さんと佐々野さんって、ただの同僚なんですか？
あの、磯部さんと佐々野さんって、ただの同僚なんですか？
まどか
まどか
えっ！？
えっ！？
希望
希望
何か深い関係なのかなぁ、と思いまして
何か深い関係なのかなぁ、と思いまして
磯部
磯部
いやそう言うのは話すほどのことでは……彼女です
いやそう言うのは話すほどのことでは……彼女です
秀隆
秀隆
めっちゃ自分から話してるし……
めっちゃ自分から話してるし……
希望
希望
なるほど
なるほど
何か一人納得がいったのか、頷く。
何か一人納得がいったのか、頷く。
希望
希望
佐々野さん綺麗だから、秀隆くんが手を出さないか心配なんですね
佐々野さん綺麗だから、秀隆くんが手を出さないか心配なんですね
磯部
磯部
俺は別に……
俺は別に……
希望
希望
でも大丈夫です。佐々野さんみたいな綺麗な女性に、秀隆くんが相手にされるとは思えないし
でも大丈夫です。佐々野さんみたいな綺麗な女性に、秀隆くんが相手にされるとは思えないし
磯部
磯部
まぁ、確かに
まぁ、確かに
秀隆
秀隆
真実でも、そこで納得しないで欲しいんだが？
真実でも、そこで納得しないで欲しいんだが？
まどか
まどか
…………
…………
まどかの表情が曇る。
まどかの表情が曇る。
曇る、と言っても微弱な変化だ。
曇る、と言っても微弱な変化だ。
でもオレにはその変化が手に取るようにわかる。
でもオレにはその変化が手に取るようにわかる。
何とかして話を逸らさないと……。
何とかして話を逸らさないと……。
希望
希望
佐々野さん、どうかしたんですか？
佐々野さん、どうかしたんですか？
だが、その前に希望が変化に感づいてしまう。
だが、その前に希望が変化に感づいてしまう。
まどか
まどか
私はどうもしないですよ
私はどうもしないですよ
希望
希望
なんだか、急に元気がなくなった気がして
なんだか、急に元気がなくなった気がして
秀隆
秀隆
おまえがデリカシーのないことを聞くからだろ
おまえがデリカシーのないことを聞くからだろ
希望
希望
そ、そうかな……そうだったかも……
そ、そうかな……そうだったかも……
堂々と聞きすぎたことに、さすがに反省を見せた。
堂々と聞きすぎたことに、さすがに反省を見せた。
秀隆
秀隆
二人はまだカップルになって日が浅いんだから、そっとしておいてやれ
二人はまだカップルになって日が浅いんだから、そっとしておいてやれ
磯部
磯部
テメェにいちいち言われる筋合いはねえよ
テメェにいちいち言われる筋合いはねえよ
秀隆
秀隆
あーもう、いちいち噛み付くなって。ここで話を終わらせよう
あーもう、いちいち噛み付くなって。ここで話を終わらせよう
磯部
磯部
……そうだな
……そうだな
まどか
まどか
すみません希望さん
すみません希望さん
希望
希望
こちらこそ、ごめんなさい
こちらこそ、ごめんなさい
秀隆
秀隆
ほら、さっさと食べよう。飯が不味くなるだろ
ほら、さっさと食べよう。飯が不味くなるだろ
まどか
まどか
そうね……頂きましょうか
そうね……頂きましょうか
それから、３０分ほど、小さな雑談を交えつつ食事を済ませる。
それから、３０分ほど、小さな雑談を交えつつ食事を済ませる。
まどか
まどか
どうでしたか？　ここの料理は
どうでしたか？　ここの料理は
希望
希望
凄く美味しかったです。
凄く美味しかったです。
ドリームタウンとはまたちょっと違う感じで
ドリームタウンとはまたちょっと違う感じで
まどか
まどか
お口に合ってよかったです
お口に合ってよかったです
まどか
まどか
すみません。少し化粧室に行ってきます
すみません。少し化粧室に行ってきます
希望
希望
私もご一緒していいですか？
私もご一緒していいですか？
まどか
まどか
もちろんです
もちろんです
二人が席を立った。
二人が席を立った。
その場に、オレと磯部がぽつんと残される。
その場に、オレと磯部がぽつんと残される。
当然会話はない。
当然会話はない。
まどか
まどか
それじゃあ、私たちは仕事に戻ります
それじゃあ、私たちは仕事に戻ります
希望
希望
今日は楽しかったです。また今度、ご一緒しましょう
今日は楽しかったです。また今度、ご一緒しましょう
まどか
まどか
はい。ぜひ
はい。ぜひ
磯部
磯部
失礼します。
失礼します。
おい、くれぐれも失礼のないようにしろよ
おい、くれぐれも失礼のないようにしろよ
秀隆
秀隆
もしもの時は磯部先輩の命令だったって言っとくわ
もしもの時は磯部先輩の命令だったって言っとくわ
磯部
磯部
言うな！
言うな！
ようやく嵐が通り過ぎる。
ようやく嵐が通り過ぎる。
二人は仕事へと戻り、オレと希望が二人残された。
二人は仕事へと戻り、オレと希望が二人残された。
秀隆
秀隆
それじゃ、ホープタウンの案内を再会するか
それじゃ、ホープタウンの案内を再会するか
希望
希望
あ、うん。今度はどこにつれてってくれるの？
あ、うん。今度はどこにつれてってくれるの？
秀隆
秀隆
どうだった？　ホープタウンは
どうだった？　ホープタウンは
オレはデパートから、最近出来たお店まで、
オレはデパートから、最近出来たお店まで、
知りうる限りの施設を希望と二人で巡った。
知りうる限りの施設を希望と二人で巡った。
消灯時刻も過ぎ、希望もドリームタウンへと帰らなければならない。
消灯時刻も過ぎ、希望もドリームタウンへと帰らなければならない。
オレは希望と、夜の公園をゆっくりと歩いていた。
オレは希望と、夜の公園をゆっくりと歩いていた。
気が付くと当たり前のように隣にいて、当たり前のように笑いあう。
気が付くと当たり前のように隣にいて、当たり前のように笑いあう。
そんな存在になっていた。
そんな存在になっていた。
希望
希望
いつもありがとう
いつもありがとう
秀隆
秀隆
なんだよ、急に
なんだよ、急に
希望
希望
秀隆くんには、いつも助けられてばっかりだなって思って。
秀隆くんには、いつも助けられてばっかりだなって思って。
今日だって、私のことを気遣って、楽しませてくれたし
今日だって、私のことを気遣って、楽しませてくれたし
希望
希望
凄く嬉しかった。秀隆くんみたいな友達が居て、私は幸せ者だね
凄く嬉しかった。秀隆くんみたいな友達が居て、私は幸せ者だね
秀隆
秀隆
オレは別に……何度も言うけど特別なことはしていない
オレは別に……何度も言うけど特別なことはしていない
秀隆
秀隆
それに、今からのことが大切だ
それに、今からのことが大切だ
希望
希望
ん？
ん？
秀隆
秀隆
どうするつもりなんだ。高坂特務官とのこと
どうするつもりなんだ。高坂特務官とのこと
希望
希望
卒業したら
卒業したら
希望
希望
私は、龍也さんと結婚するよ
私は、龍也さんと結婚するよ
秀隆
秀隆
……それが、希望の意思なのか？
……それが、希望の意思なのか？
希望
希望
さあ、どうかな。それはまだわからない。
さあ、どうかな。それはまだわからない。
というより、私は私の気持ちが理解できてないって言うか
というより、私は私の気持ちが理解できてないって言うか
希望
希望
むしろ、私が聞きたいもん。自分の気持ちはどうなの？　って
むしろ、私が聞きたいもん。自分の気持ちはどうなの？　って
秀隆
秀隆
自分の気持ちを知りたいと思うことは、変なことじゃない
自分の気持ちを知りたいと思うことは、変なことじゃない
秀隆
秀隆
はっきりしてないんだったら、焦る必要はないはずだ。
はっきりしてないんだったら、焦る必要はないはずだ。
おまえが望むなら、取りやめることだって出来るだろ
おまえが望むなら、取りやめることだって出来るだろ
希望
希望
私は嫌じゃないよ。龍也さんのことは大切だと思ってる
私は嫌じゃないよ。龍也さんのことは大切だと思ってる
秀隆
秀隆
でも、高坂特務官は、恋さんのことを……
でも、高坂特務官は、恋さんのことを……
希望
希望
そうだね。そこは、確かに引っかかるよ
そうだね。そこは、確かに引っかかるよ
希望
希望
だけど、龍也さんが構わないと思ってくれるなら、私はうれしいと思う
だけど、龍也さんが構わないと思ってくれるなら、私はうれしいと思う
秀隆
秀隆
……そうか
……そうか
秀隆
秀隆
それが、おまえの決断なんだな……
それが、おまえの決断なんだな……
希望
希望
うん正面から向き合っていく勇気、ついた
うん正面から向き合っていく勇気、ついた
秀隆
秀隆
…………
…………
希望
希望
だけどそのためには、
だけどそのためには、
ひとつ乗り越えなきゃならない壁があるんだよね
ひとつ乗り越えなきゃならない壁があるんだよね
秀隆
秀隆
乗り越えないといけない壁？
乗り越えないといけない壁？
希望
希望
うん
うん
希望
希望
私、もう秀隆くんに会いにくるのはやめるね
私、もう秀隆くんに会いにくるのはやめるね
希望はオレを見上げ、笑顔でそう言った。
希望はオレを見上げ、笑顔でそう言った。
秀隆
秀隆
な
な
希望
希望
いつまでも私が迷ってたら、きっと良くないし、
いつまでも私が迷ってたら、きっと良くないし、
今日みたいに秀隆くんにも迷惑をかけちゃうし
今日みたいに秀隆くんにも迷惑をかけちゃうし
秀隆
秀隆
オレは迷惑なんて思ったことはないぞ
オレは迷惑なんて思ったことはないぞ
希望
希望
ありがと。でも、ほんとやめにする
ありがと。でも、ほんとやめにする
希望
希望
結婚したら、ホープタウンにも自由に来れないかも知れないし
結婚したら、ホープタウンにも自由に来れないかも知れないし
秀隆
秀隆
おまえが決めたんなら、きっとそれは正しいんだろうな
おまえが決めたんなら、きっとそれは正しいんだろうな
秀隆
秀隆
きっと……
きっと……
希望
希望
そうだといいな
そうだといいな
もうすぐ、公園の出口だ。
もうすぐ、公園の出口だ。
静かな気配が、オレの思考をクリアにしていく。
静かな気配が、オレの思考をクリアにしていく。
希望は代表の娘として、その人生を全うしようとしている。
希望は代表の娘として、その人生を全うしようとしている。
もちろん、嫌々ではなく、自分で納得した上で。
もちろん、嫌々ではなく、自分で納得した上で。
だから、オレのような人間がでしゃばることは何一つない。
だから、オレのような人間がでしゃばることは何一つない。
でも
でも
どうしてだろう。
どうしてだろう。
オレは今、どうしようもなく心がざわめいている。
オレは今、どうしようもなく心がざわめいている。
希望
希望
じゃあ、ここまででいいよ
じゃあ、ここまででいいよ
秀隆
秀隆
希望。本当に、本当に後悔しないか？
希望。本当に、本当に後悔しないか？
希望
希望
うん。今日、はっきりと決心がついたよ
うん。今日、はっきりと決心がついたよ
希望
希望
不思議だね。決心したら、スーッと心が軽くなったって言うか
不思議だね。決心したら、スーッと心が軽くなったって言うか
希望
希望
別に何かが解決したわけでもないんだけど……
別に何かが解決したわけでもないんだけど……
秀隆
秀隆
オレは……反対だ。希望の人生を、夢を捨てるには早すぎるだろ
オレは……反対だ。希望の人生を、夢を捨てるには早すぎるだろ
希望
希望
私はお嫁さんになるのも、悪くないと思ってるよ
私はお嫁さんになるのも、悪くないと思ってるよ
秀隆
秀隆
オレは嫌なんだ……おまえが、高坂特務官と結婚すること
オレは嫌なんだ……おまえが、高坂特務官と結婚すること
希望
希望
え？　どうして
え？　どうして
そう言う希望に、オレは手を伸ばしてしまっていた。
そう言う希望に、オレは手を伸ばしてしまっていた。
完全な不意打ち。
完全な不意打ち。
他人のモノである少女の、唇を奪った。
他人のモノである少女の、唇を奪った。
希望
希望
っ！？
っ！？
オレたちは相思相愛ではない。
オレたちは相思相愛ではない。
希望には捧げようと決めている人がいる。
希望には捧げようと決めている人がいる。
それを、オレは奪ってしまいたかった。
それを、オレは奪ってしまいたかった。
反射的に逃げようとする顔を手で抑え、
反射的に逃げようとする顔を手で抑え、
希望の唇に強く自らの唇を重ね合わせる。
希望の唇に強く自らの唇を重ね合わせる。
希望は抵抗し、オレの唇を強く噛んできた。
希望は抵抗し、オレの唇を強く噛んできた。
秀隆
秀隆
っ……
っ……
鋭い痛みが走る。
鋭い痛みが走る。
希望はオレを突き飛ばし、距離を取った。
希望はオレを突き飛ばし、距離を取った。
自らの動揺、混乱を含んだ瞳が、オレを見つめる。
自らの動揺、混乱を含んだ瞳が、オレを見つめる。
希望
希望
な……
な……
希望
希望
な……んで……
な……んで……
唇を拭う希望。
唇を拭う希望。
秀隆
秀隆
悪い。なんか、止まらなかった
悪い。なんか、止まらなかった
秀隆
秀隆
希望が、もうオレと会わないって言った瞬間、すげぇ効いた
希望が、もうオレと会わないって言った瞬間、すげぇ効いた
秀隆
秀隆
おまえが、高坂特務官と結婚する意志を固めたことが、嫌だった
おまえが、高坂特務官と結婚する意志を固めたことが、嫌だった
秀隆
秀隆
……希望には高坂特務官がいる。
……希望には高坂特務官がいる。
偉大なお父さんがいて、その背景もある程度理解してるつもりだ
偉大なお父さんがいて、その背景もある程度理解してるつもりだ
秀隆
秀隆
それでも―――オレは、おまえのことが
それでも―――オレは、おまえのことが
希望
希望
聞きたくない……
聞きたくない……
秀隆
秀隆
でもオレは
でもオレは
希望
希望
ごめん、聞きたくないよ……
ごめん、聞きたくないよ……
秀隆
秀隆
おまえが好きになったんだ。希望
おまえが好きになったんだ。希望
希望
希望
……聞きたく、ない……
……聞きたく、ない……
希望はオレに背中を向け歩き出した。
希望はオレに背中を向け歩き出した。
さよなら、とも、またね、とも口にせず。
さよなら、とも、またね、とも口にせず。
怒りもせず、涙も見せず。
怒りもせず、涙も見せず。
オレはその姿を追いかけることも、出来なかった。
オレはその姿を追いかけることも、出来なかった。
秀隆
秀隆
……ごめんな
……ごめんな
そう、聞こえない声で希望に謝った。
そう、聞こえない声で希望に謝った。
…………。
…………。
……。
……。
