…………。
…………。
……。
……。
金本
金本
ん……こ、ここは、どこだ……？　警察じゃ、ないのか？
ん……こ、ここは、どこだ……？　警察じゃ、ないのか？
恭一
恭一
残念だったな
残念だったな
金本
金本
……誰だ、おまえ……僕を誰だと思ってる
……誰だ、おまえ……僕を誰だと思ってる
金本
金本
おぐっ！？
おぐっ！？
恭一
恭一
誰？　さぁ、知らねぇな
誰？　さぁ、知らねぇな
金本
金本
な、何するっ！　あの特務官の仲間か！？
な、何するっ！　あの特務官の仲間か！？
恭一
恭一
知らねぇな。オレは、おまえの教育を頼まれただけだ
知らねぇな。オレは、おまえの教育を頼まれただけだ
金本
金本
教育？　だ、誰にっ！？
教育？　だ、誰にっ！？
恭一
恭一
おまえは下手を打ったんだよ。それだけだ
おまえは下手を打ったんだよ。それだけだ
金本
金本
や、やめ、何を、何をするつもりだ……
や、やめ、何を、何をするつもりだ……
金本
金本
いいのか？　携帯のデータを公表すれば、水野凛は終わるんだぞ！
いいのか？　携帯のデータを公表すれば、水野凛は終わるんだぞ！
恭一
恭一
携帯の画像ってこれか？
携帯の画像ってこれか？
金本
金本
そ、そうだ
そ、そうだ
恭一
恭一
はぁん
はぁん
seガラスヒビ (2
seガラスヒビ (2
携帯を手放し、地面に落とすと、恭一はそれを踏みつけた。
携帯を手放し、地面に落とすと、恭一はそれを踏みつけた。
金本
金本
なっ！？
なっ！？
恭一
恭一
証拠なんて、無くなってしまえば意味のないものだ
証拠なんて、無くなってしまえば意味のないものだ
金本
金本
なんの権限があって、そんなことを！
なんの権限があって、そんなことを！
恭一
恭一
なんの？　さーてな
なんの？　さーてな
金本
金本
や、やめろおおおおおおおおおおおおおおお！！！
や、やめろおおおおおおおおおおおおおおお！！！
凛
凛
ちょっと、秀隆？
ちょっと、秀隆？
秀隆
秀隆
大河内代表は、ある人に尋問をお願いしたらしいんだけど……
大河内代表は、ある人に尋問をお願いしたらしいんだけど……
いくら恭一さんでも、死ぬような目に合わせないだろう。
いくら恭一さんでも、死ぬような目に合わせないだろう。
多分……。
多分……。
凛
凛
ん？
ん？
秀隆
秀隆
いや、それより……よく頑張ったな
いや、それより……よく頑張ったな
凛
凛
まあ、似たような経験もしてるし。それに、あいつにはムカついてたし
まあ、似たような経験もしてるし。それに、あいつにはムカついてたし
凛
凛
泣かされた子たち、凄い感謝してた……けどさ……
泣かされた子たち、凄い感謝してた……けどさ……
凛
凛
あいつは、どうなっちゃうの？
あいつは、どうなっちゃうの？
秀隆
秀隆
少なくとも芸能界への復帰はない。
少なくとも芸能界への復帰はない。
プロダクションの社長も、それで納得してるよ
プロダクションの社長も、それで納得してるよ
凛
凛
そう……
そう……
秀隆
秀隆
凛が気に病むことじゃない。彼は戦い、敗れただけだ
凛が気に病むことじゃない。彼は戦い、敗れただけだ
秀隆
秀隆
その鉄槌を下したのはオレだ。凛は何も考えないでいいんだ
その鉄槌を下したのはオレだ。凛は何も考えないでいいんだ
凛
凛
大丈夫。分かってるから、社会のことは、あたしにだって
大丈夫。分かってるから、社会のことは、あたしにだって
凛
凛
でも、彼の言う中で、ひとつだけ心に刺さったことがあるの
でも、彼の言う中で、ひとつだけ心に刺さったことがあるの
秀隆
秀隆
刺さったこと？
刺さったこと？
凛
凛
あたしが、アイドルとしてやっていく上で、乗り越える必要があること
あたしが、アイドルとしてやっていく上で、乗り越える必要があること
凛
凛
……多分、あたしが思ってる以上に辛いことになると思う
……多分、あたしが思ってる以上に辛いことになると思う
秀隆
秀隆
何を考えてるんだ……？
何を考えてるんだ……？
凛
凛
ねえ。あたし、秀隆を頼ってもいい？　弱い姿、見せちゃってもいい？
ねえ。あたし、秀隆を頼ってもいい？　弱い姿、見せちゃってもいい？
秀隆
秀隆
もちろんだ。オレは、おまえを支えるよ
もちろんだ。オレは、おまえを支えるよ
凛
凛
……ありがと。その言葉だけで、やれる気がする
……ありがと。その言葉だけで、やれる気がする
凛
凛
じゃあ、帰ろうか。秀隆
じゃあ、帰ろうか。秀隆
そう言い、凛はオレに手を差し出した。
そう言い、凛はオレに手を差し出した。
秀隆
秀隆
お、おい。ここはテレビ局……
お、おい。ここはテレビ局……
凛
凛
いいの。大丈夫だから
いいの。大丈夫だから
秀隆
秀隆
大丈夫だからって……
大丈夫だからって……
凛
凛
ほら、さっさと出しなさいよ。アイドルの手を拒むつもり？
ほら、さっさと出しなさいよ。アイドルの手を拒むつもり？
秀隆
秀隆
……あ、ああ
……あ、ああ
オレは気おされるように、凛の手を握った。
オレは気おされるように、凛の手を握った。
強い、意志を秘めた手を。
強い、意志を秘めた手を。
…………。
…………。
……。
……。
凛
凛
実は、今日は皆さんに、ご報告しなければならないことがあります
実は、今日は皆さんに、ご報告しなければならないことがあります
凛
凛
私は今まで、男性とお付き合いしたことがありませんでした
私は今まで、男性とお付き合いしたことがありませんでした
凛
凛
でも……最近、好きな人が出来たんです
でも……最近、好きな人が出来たんです
女性司会者
女性司会者
み、水野さん！？　い、一体何を……
み、水野さん！？　い、一体何を……
凛
凛
いいんです。言わせてください
いいんです。言わせてください
凛
凛
今日は、アイドル生命をかけて、この場に立つことを決意しましたから
今日は、アイドル生命をかけて、この場に立つことを決意しましたから
凛
凛
私は……今、その好きな人と、お付き合いをさせていただいております
私は……今、その好きな人と、お付き合いをさせていただいております
凛を見に集まっていたギャラリーが、悲鳴をあげる。
凛を見に集まっていたギャラリーが、悲鳴をあげる。
凛
凛
批判も、覚悟の上です。アイドルが、恋愛を許されない風潮にあることは理解しているつもりです。仮に恋愛をしていても、それを口にしないのが、ある種のマナーだとも思います
批判も、覚悟の上です。アイドルが、恋愛を許されない風潮にあることは理解しているつもりです。仮に恋愛をしていても、それを口にしないのが、ある種のマナーだとも思います
凛
凛
でも……私は今の仕事が大好きです。芸能界が、大好きなんです
でも……私は今の仕事が大好きです。芸能界が、大好きなんです
凛
凛
だからこそ、仕事に嘘を持ち込んじゃいけないって気づきました
だからこそ、仕事に嘘を持ち込んじゃいけないって気づきました
凛
凛
……だから……
……だから……
凛は、満面の笑みで大きく手を開いた。
凛は、満面の笑みで大きく手を開いた。
凛
凛
あたしは、あたしらしく、素の自分を曝け出して行こうと思うの
あたしは、あたしらしく、素の自分を曝け出して行こうと思うの
凛
凛
清純派？　清楚？　ごめ、あたしって、実はそう言うキャラじゃないんだよね
清純派？　清楚？　ごめ、あたしって、実はそう言うキャラじゃないんだよね
凛
凛
批判だって受けて上げるし、喧嘩だって上等
批判だって受けて上げるし、喧嘩だって上等
凛
凛
それがあたし。水野凛、って人間だから
それがあたし。水野凛、って人間だから
凛
凛
ってことで、今から今度始まるドラマの番宣しますね。
ってことで、今から今度始まるドラマの番宣しますね。
何と何と、ピンポイントに彼氏が居ないフリをした女の子の物語
何と何と、ピンポイントに彼氏が居ないフリをした女の子の物語
凛
凛
見事なまでに現実と被ってて、正直凄く驚いたんだけどね
見事なまでに現実と被ってて、正直凄く驚いたんだけどね
テレビの前で、凛は自分を曝け出した。
テレビの前で、凛は自分を曝け出した。
その姿には迷いがなく、自身に満ち溢れている。
その姿には迷いがなく、自身に満ち溢れている。
彼女のこの行動は、大きな波紋を呼び、テレビや雑誌でも大きく取り上げられた。
彼女のこの行動は、大きな波紋を呼び、テレビや雑誌でも大きく取り上げられた。
もちろん、凛の発言には強い批判も多数集まり、
もちろん、凛の発言には強い批判も多数集まり、
実際男性の支持率は下落し、瞬く間にアイドルとして終わりを迎えた。
実際男性の支持率は下落し、瞬く間にアイドルとして終わりを迎えた。
しかし―――この凛の行為が、意外なところから大きな支持率を集めた。
しかし―――この凛の行為が、意外なところから大きな支持率を集めた。
それは、女性ファンの存在だ。
それは、女性ファンの存在だ。
今までも凛には女性ファンはいたが、
今までも凛には女性ファンはいたが、
それでも男性に比べれば圧倒的に数は少なかった。
それでも男性に比べれば圧倒的に数は少なかった。
ところが、彼女の正直な姿勢や生き方が、若い子たちに受け入れられた。
ところが、彼女の正直な姿勢や生き方が、若い子たちに受け入れられた。
様々な女性誌やファッション雑誌に取り上げられ、
様々な女性誌やファッション雑誌に取り上げられ、
女性向けのドラマで主演をやれば、視聴率はうなぎ上り。
女性向けのドラマで主演をやれば、視聴率はうなぎ上り。
元々、凛は芸能界という場所で生きたいと思っていたので、
元々、凛は芸能界という場所で生きたいと思っていたので、
アイドル業が廃業になることには、何の抵抗も見せなかった。
アイドル業が廃業になることには、何の抵抗も見せなかった。
凛
凛
あ、そうだ。放送みてる？　秀隆。ちゃんと録画しなさいよね
あ、そうだ。放送みてる？　秀隆。ちゃんと録画しなさいよね
こんなことまで、堂々と言い切ってしまうレベルである。
こんなことまで、堂々と言い切ってしまうレベルである。
おかげで、オレも街中ではちょっとした有名人だ。
おかげで、オレも街中ではちょっとした有名人だ。
凛
凛
それじゃあ、皆、これからもよろしくっ！
それじゃあ、皆、これからもよろしくっ！
