休みが明け、月曜日。
休みが明け、月曜日。
予定の時刻から過ぎること１０分ほどで、山之内がやって来た。
予定の時刻から過ぎること１０分ほどで、山之内がやって来た。
山之内
山之内
待たせたな
待たせたな
秀隆
秀隆
どうせ謹慎中だから、心配ないよ
どうせ謹慎中だから、心配ないよ
山之内
山之内
……おまえ、先日より酷くなってるぞ……ぼろぼろじゃないか
……おまえ、先日より酷くなってるぞ……ぼろぼろじゃないか
秀隆
秀隆
男同士、拳の語り合いをしたんだよ
男同士、拳の語り合いをしたんだよ
山之内
山之内
そう言うキャラじゃないだろ
そう言うキャラじゃないだろ
秀隆
秀隆
う……いや、一応本当なんだけどな
う……いや、一応本当なんだけどな
山之内
山之内
最近の特務官は暴力も振るうのか？
最近の特務官は暴力も振るうのか？
秀隆
秀隆
ちょ、物騒なことを言うなって。誰が聞いてるかわからんだろ
ちょ、物騒なことを言うなって。誰が聞いてるかわからんだろ
山之内
山之内
ははは、すまんすまん
ははは、すまんすまん
どかっとベンチに腰を下ろすと、山之内は空を見上げた。
どかっとベンチに腰を下ろすと、山之内は空を見上げた。
山之内
山之内
ふう……
ふう……
笑っていた山之内から笑みが消える。
笑っていた山之内から笑みが消える。
山之内
山之内
結果が出た
結果が出た
短くそう言う。
短くそう言う。
横顔からは、答えを読み取ることが出来ない。
横顔からは、答えを読み取ることが出来ない。
秀隆
秀隆
どうだった……？
どうだった……？
オレは、不安を隠したつもりだったが、
オレは、不安を隠したつもりだったが、
声は微かに震えていたかも知れない。
声は微かに震えていたかも知れない。
山之内
山之内
…………
…………
山之内はじっと空を見上げたまま、何も言わなかった。
山之内はじっと空を見上げたまま、何も言わなかった。
そして、手に持っていた茶封筒をオレに差し出してきた。
そして、手に持っていた茶封筒をオレに差し出してきた。
オレはそれを受け取り、そっと中を開いた。
オレはそれを受け取り、そっと中を開いた。
seめくる (1
seめくる (1
そこからは、幾枚かの書類が出てくる。
そこからは、幾枚かの書類が出てくる。
検査の結果だ。
検査の結果だ。
秀隆
秀隆
…………
…………
秀隆
秀隆
……そうか……
……そうか……
読み終えた後、オレも、山之内と同じように空を見上げた。
読み終えた後、オレも、山之内と同じように空を見上げた。
山之内
山之内
俺なりに精一杯調べたが、何も出なかったよ
俺なりに精一杯調べたが、何も出なかったよ
山之内
山之内
片桐食糧プラントの食品は、間違いなく安全だ
片桐食糧プラントの食品は、間違いなく安全だ
秀隆
秀隆
……だな
……だな
se封筒へしまう
se封筒へしまう
オレは微かに笑い、その書類を封筒へとしまった。
オレは微かに笑い、その書類を封筒へとしまった。
秀隆
秀隆
サンキューな、急にこんな無理きいてもらって
サンキューな、急にこんな無理きいてもらって
山之内
山之内
学生時代、おまえにはよく助けられたよな
学生時代、おまえにはよく助けられたよな
山之内
山之内
おまえの言うことは、いつも正しかった
おまえの言うことは、いつも正しかった
山之内
山之内
今回のとんでもない話も、もしかしたらって思ったんだよ
今回のとんでもない話も、もしかしたらって思ったんだよ
秀隆
秀隆
勘も鈍ったってことだろ
勘も鈍ったってことだろ
検査の結果は、またも異常なし。
検査の結果は、またも異常なし。
この食品には……どこにも問題がないということだ。
この食品には……どこにも問題がないということだ。
山之内
山之内
この結果を見ても、まだ信じられないか？
この結果を見ても、まだ信じられないか？
秀隆
秀隆
いや……もう、さすがに自信はないよ
いや……もう、さすがに自信はないよ
秀隆
秀隆
オレのミスだった
オレのミスだった
山之内
山之内
……顔は、納得してるようには見えないけどな
……顔は、納得してるようには見えないけどな
秀隆
秀隆
ただ認められないだけだと思う。自分の過ちを
ただ認められないだけだと思う。自分の過ちを
秀隆
秀隆
誰もが違うと言う中、正しいと証明したかっただけなんだ
誰もが違うと言う中、正しいと証明したかっただけなんだ
秀隆
秀隆
ダセェなぁ……
ダセェなぁ……
秀隆
秀隆
ほんと、ダセェ……
ほんと、ダセェ……
秀隆
秀隆
笑ってくれよ
笑ってくれよ
山之内
山之内
笑いやしないさ。おまえって、元々そう言うやつだ
笑いやしないさ。おまえって、元々そう言うやつだ
山之内
山之内
間違ってると思ったことにとことん向かっていく
間違ってると思ったことにとことん向かっていく
山之内
山之内
そして最後には、いつも正しさを証明してきた
そして最後には、いつも正しさを証明してきた
山之内
山之内
学生ん時は、ちょっとした伝説だったからな
学生ん時は、ちょっとした伝説だったからな
秀隆
秀隆
その伝説とやらも、今日で終わりさ
その伝説とやらも、今日で終わりさ
山之内
山之内
もし
もし
秀隆
秀隆
ん？
ん？
山之内
山之内
まだ、自分自身に納得が行かないって言うなら、
まだ、自分自身に納得が行かないって言うなら、
あと一箇所だけ可能性のある場所がある
あと一箇所だけ可能性のある場所がある
秀隆
秀隆
いや、オレはもう……
いや、オレはもう……
ピースは揃いきらなかったが、これで戦うしかない。
ピースは揃いきらなかったが、これで戦うしかない。
山之内
山之内
まあ聞け
まあ聞け
秀隆
秀隆
…………
…………
山之内
山之内
俺がこの世で、天才を一人だけ挙げろといわれたら、
俺がこの世で、天才を一人だけ挙げろといわれたら、
間違いなく倉屋敷和葉の名前を出すだろう
間違いなく倉屋敷和葉の名前を出すだろう
秀隆
秀隆
倉屋敷和葉……
倉屋敷和葉……
その名前を聞いたことがない者はいない。
その名前を聞いたことがない者はいない。
それは、ここからでも見える、あの聳え立つビルの社長。
それは、ここからでも見える、あの聳え立つビルの社長。
この街の最大権力者とも囁かれている人物だ。
この街の最大権力者とも囁かれている人物だ。
山之内
山之内
彼女に調べてもらうことが出来れば、
彼女に調べてもらうことが出来れば、
恐らくこれ以上はない納得が出来るんじゃないだろうか
恐らくこれ以上はない納得が出来るんじゃないだろうか
秀隆
秀隆
だが、倉屋敷はアンドロイドが専門分野だろ？
だが、倉屋敷はアンドロイドが専門分野だろ？
秀隆
秀隆
とても今回の件で力になれるとは
とても今回の件で力になれるとは
山之内
山之内
専門外でも、トップクラスの技術を持ってるってことだ
専門外でも、トップクラスの技術を持ってるってことだ
山之内
山之内
俺は言うまでもなく、ホープタウンやドリームタウンよりもな
俺は言うまでもなく、ホープタウンやドリームタウンよりもな
秀隆
秀隆
……まだ、オレを信じてくれるのか？
……まだ、オレを信じてくれるのか？
山之内
山之内
どうかね。俺は、その食品には異常がないと結論付けた身だ。
どうかね。俺は、その食品には異常がないと結論付けた身だ。
だから疑う余地はないと思ってる
だから疑う余地はないと思ってる
山之内
山之内
ただなぁ……おまえの勘はいつも当たるからな
ただなぁ……おまえの勘はいつも当たるからな
にやりと笑って、オレのほうを見た。
にやりと笑って、オレのほうを見た。
山之内
山之内
俺はその勘を信じるよ
俺はその勘を信じるよ
山之内
山之内
最後の最後、ぶつかってみる価値はあるんじゃねえか？
最後の最後、ぶつかってみる価値はあるんじゃねえか？
山之内
山之内
あそこでダメなら、この世のどこを探したって無駄だと思えるはずさ
あそこでダメなら、この世のどこを探したって無駄だと思えるはずさ
秀隆
秀隆
……そうか
……そうか
山之内
山之内
もっとも、そう簡単には調べて貰えないだろう
もっとも、そう簡単には調べて貰えないだろう
秀隆
秀隆
そりゃ専門分野じゃないからな
そりゃ専門分野じゃないからな
山之内
山之内
そうじゃない。倉屋敷和葉は人間嫌いとして有名なんだ
そうじゃない。倉屋敷和葉は人間嫌いとして有名なんだ
山之内
山之内
ほっとけば、１年でも２年でも、研究室に篭ってるらしい
ほっとけば、１年でも２年でも、研究室に篭ってるらしい
秀隆
秀隆
人間嫌い、か
人間嫌い、か
山之内
山之内
彼女に会いたいと願う人は五万といるが、
彼女に会いたいと願う人は五万といるが、
実際に倉屋敷和葉に会った人間の話は殆ど聞かない
実際に倉屋敷和葉に会った人間の話は殆ど聞かない
秀隆
秀隆
なるほどな……
なるほどな……
山之内
山之内
それだけじゃない。
それだけじゃない。
何とかして会えたとしても、一筋縄では行かない
何とかして会えたとしても、一筋縄では行かない
山之内
山之内
彼女は自分の時間が潰されることを、最も嫌うようだからな
彼女は自分の時間が潰されることを、最も嫌うようだからな
山之内
山之内
帰れと一瞥されるのが目に見えて明らかだ
帰れと一瞥されるのが目に見えて明らかだ
秀隆
秀隆
とんでもないハードルってわけか
とんでもないハードルってわけか
山之内
山之内
そう言うことだ
そう言うことだ
秀隆
秀隆
ま、今の状況より悪くなることはないだろ。
ま、今の状況より悪くなることはないだろ。
どうせこのまま何もしなければ、それまでなんだ
どうせこのまま何もしなければ、それまでなんだ
山之内
山之内
おう。行って来い行って来い
おう。行って来い行って来い
山之内
山之内
それでこそ島津秀隆だ
それでこそ島津秀隆だ
なんとかして倉屋敷社長にアポイントを取る。
なんとかして倉屋敷社長にアポイントを取る。
そして話を聞いてもらおう。
そして話を聞いてもらおう。
愛嬌あるオレのスマイルを見せれば、案外簡単だったりして。
愛嬌あるオレのスマイルを見せれば、案外簡単だったりして。
警備員３
警備員３
帰れ
帰れ
秀隆
秀隆
ちょ！　少しくらい話を聞いてくれたっていいでしょ！？
ちょ！　少しくらい話を聞いてくれたっていいでしょ！？
警備員３
警備員３
アポイントの無い者を会わせることは出来ない
アポイントの無い者を会わせることは出来ない
秀隆
秀隆
ならアポイント取ってくださいよ！
ならアポイント取ってくださいよ！
警備員３
警備員３
私にそんな権限は無い
私にそんな権限は無い
秀隆
秀隆
な、ならどうすればいいんすかね？
な、ならどうすればいいんすかね？
警備員３
警備員３
諦めるんだな
諦めるんだな
秀隆
秀隆
そんな……そこをなんとか、５分だけでもいいんで！
そんな……そこをなんとか、５分だけでもいいんで！
警備員３
警備員３
あまりしつこいと、警察に突き出すぞ？
あまりしつこいと、警察に突き出すぞ？
秀隆
秀隆
うぐ……
うぐ……
なんてことだ、本当に取り付く島がない。
なんてことだ、本当に取り付く島がない。
年中ビルの研究室に閉じこもってるって話は、本当みたいだな……。
年中ビルの研究室に閉じこもってるって話は、本当みたいだな……。
このまま諦めるしかないのか……。
このまま諦めるしかないのか……。
ユウキ
ユウキ
あっれ、秀隆じゃん。こんなところでなにやってんの？
あっれ、秀隆じゃん。こんなところでなにやってんの？
秀隆
秀隆
……なんだ、ユウキか
……なんだ、ユウキか
ユウキ
ユウキ
なんだって、そんながっかりしなくても
なんだって、そんながっかりしなくても
秀隆
秀隆
悪いけど今立て込んでるんだ、また今度な
悪いけど今立て込んでるんだ、また今度な
ユウキ
ユウキ
そっか。俺も帰るとこだったし、また今度な
そっか。俺も帰るとこだったし、また今度な
秀隆
秀隆
ああ……
ああ……
くそう、このゲートをくぐることが、こんなに難しいなんて。
くそう、このゲートをくぐることが、こんなに難しいなんて。
ユウキが、目の前のゲートをスタスタと通っていく。
ユウキが、目の前のゲートをスタスタと通っていく。
秀隆
秀隆
……え？
……え？
あれ、なんであいつ、あれ？
あれ、なんであいつ、あれ？
警備員も、止める様子は無い。
警備員も、止める様子は無い。
今なら通れるのか！？
今なら通れるのか！？
オレも後に続く。
オレも後に続く。
警備員３
警備員３
止まれ！　入れないと言っただろ！
止まれ！　入れないと言っただろ！
秀隆
秀隆
や、え。あいつはいいんすか！？
や、え。あいつはいいんすか！？
警備員３
警備員３
あいつ？　あぁ、あれはいいんだ
あいつ？　あぁ、あれはいいんだ
秀隆
秀隆
ちょ、ゆ、ユウキ！？
ちょ、ゆ、ユウキ！？
オレは事情も理解できないまま、ユウキを呼び止める。
オレは事情も理解できないまま、ユウキを呼び止める。
ユウキ
ユウキ
ん？　なんだよ、忙しいんじゃないの？
ん？　なんだよ、忙しいんじゃないの？
秀隆
秀隆
こ、こっち来てくれ！
こ、こっち来てくれ！
ユウキ
ユウキ
変なヤツだなぁ
変なヤツだなぁ
くぐったゲートを、何事もなかったように戻ってくる。
くぐったゲートを、何事もなかったように戻ってくる。
秀隆
秀隆
おまえ、その……ひょっとして倉屋敷の関係者？
おまえ、その……ひょっとして倉屋敷の関係者？
ユウキ
ユウキ
そうだけど？
そうだけど？
さらっと言いやがったよ、こいつ……。
さらっと言いやがったよ、こいつ……。
まさかこんな身近に、可能性が転がっていたなんて……。
まさかこんな身近に、可能性が転がっていたなんて……。
ともかく、これはチャンスだ。
ともかく、これはチャンスだ。
倉屋敷社長には会えないとしても、
倉屋敷社長には会えないとしても、
なんとか少しでも希望を見つけなければ。
なんとか少しでも希望を見つけなければ。
秀隆
秀隆
ユウキ、なんとかして、倉屋敷社長にアポイント取れないか？
ユウキ、なんとかして、倉屋敷社長にアポイント取れないか？
ユウキ
ユウキ
へ？
へ？
秀隆
秀隆
無茶なお願いだってのは分かってる。
無茶なお願いだってのは分かってる。
だが、なんとか話だけでも出来る状態にしたいんだ
だが、なんとか話だけでも出来る状態にしたいんだ
ユウキ
ユウキ
いいぜ。案内しようか？
いいぜ。案内しようか？
秀隆
秀隆
頼むッ…………あんない？
頼むッ…………あんない？
ユウキ
ユウキ
和葉ちんに会いたいんだろ？　連れてってやるよ
和葉ちんに会いたいんだろ？　連れてってやるよ
秀隆
秀隆
……マジで？　つか、和葉ちんて……
……マジで？　つか、和葉ちんて……
確か社長の名前が倉屋敷和葉だよな？　こいつ、何者なんだ……？
確か社長の名前が倉屋敷和葉だよな？　こいつ、何者なんだ……？
ユウキ
ユウキ
別に危害を加えるってわけじゃないんだろ？
別に危害を加えるってわけじゃないんだろ？
秀隆
秀隆
そりゃ勿論！
そりゃ勿論！
ユウキ
ユウキ
ならいいよ。いこうか
ならいいよ。いこうか
秀隆
秀隆
い、行こうかって……警備の人が通してくれないし
い、行こうかって……警備の人が通してくれないし
ユウキ
ユウキ
あのさ、こいつ俺の友達なんだけど、中入れてもいいよね？
あのさ、こいつ俺の友達なんだけど、中入れてもいいよね？
警備員３
警備員３
それは……まぁ、ちゃんと監視してくれるなら……
それは……まぁ、ちゃんと監視してくれるなら……
ユウキ
ユウキ
それは大丈夫。秀隆は信用できると思うけど、俺が傍にいるからさ
それは大丈夫。秀隆は信用できると思うけど、俺が傍にいるからさ
警備員３
警備員３
了解した
了解した
あれだけ固かった警備の人間が、すっと通した。
あれだけ固かった警備の人間が、すっと通した。
秀隆
秀隆
おまえ、何者なんだよ……
おまえ、何者なんだよ……
ユウキ
ユウキ
何者って。前に話したじゃん。ボディーガードだけど？
何者って。前に話したじゃん。ボディーガードだけど？
秀隆
秀隆
……もしかして、その警護の対象って……
……もしかして、その警護の対象って……
ユウキ
ユウキ
さっきから秀隆が口にしてる、和葉ちんだよ
さっきから秀隆が口にしてる、和葉ちんだよ
秀隆
秀隆
…………
…………
オレは、とんでもないヤツと友達になってたのかも……。
オレは、とんでもないヤツと友達になってたのかも……。
警備員の人に睨まれながらも、オレはユウキと倉屋敷ビルの中へ。
警備員の人に睨まれながらも、オレはユウキと倉屋敷ビルの中へ。
秀隆
秀隆
うっわ……なんだここ……
うっわ……なんだここ……
ユウキ
ユウキ
ここが科学の最先端が詰まった倉屋敷ビルさ
ここが科学の最先端が詰まった倉屋敷ビルさ
秀隆
秀隆
なんか、ほんと未来的って言うか……
なんか、ほんと未来的って言うか……
ユウキ
ユウキ
早速行こうぜ
早速行こうぜ
秀隆
秀隆
お、おう……
お、おう……
緊張してきた。
緊張してきた。
秀隆
秀隆
なぁ、倉屋敷社長って、どんな人なんだ？
なぁ、倉屋敷社長って、どんな人なんだ？
色々調べて見たけど、殆ど情報がなくってさ
色々調べて見たけど、殆ど情報がなくってさ
ユウキ
ユウキ
あ～ん～……チビ？
あ～ん～……チビ？
秀隆
秀隆
ち、チビ……？
ち、チビ……？
ユウキ
ユウキ
口やかましくて、暴力的
口やかましくて、暴力的
秀隆
秀隆
……なんか、子供みたいな人だな……
……なんか、子供みたいな人だな……
歳は２６歳って資料に書いてあったはずだけど。
歳は２６歳って資料に書いてあったはずだけど。
まあ、それでもこの大企業の社長が２６歳ってのは、凄いことなんだが。
まあ、それでもこの大企業の社長が２６歳ってのは、凄いことなんだが。
ユウキ
ユウキ
会ってみればわかるって
会ってみればわかるって
se倉屋敷重工（エレベータ
se倉屋敷重工（エレベータ
エレベーターに乗り、上の階へと移動する。
エレベーターに乗り、上の階へと移動する。
落ち着け……落ち着け。
落ち着け……落ち着け。
ユウキ
ユウキ
着いたぜ
着いたぜ
大きな扉の前に、たどり着く。
大きな扉の前に、たどり着く。
se和葉研究室【ユウキ指紋認証
se和葉研究室【ユウキ指紋認証
扉の認証装置の上に、ユウキが手を置く。
扉の認証装置の上に、ユウキが手を置く。
指紋による認証だろうか。
指紋による認証だろうか。
グリーンとなり、扉が開く。
グリーンとなり、扉が開く。
se倉屋敷重工（和葉研究室
se倉屋敷重工（和葉研究室
そこは、オレが知る常識の範囲を越えていた。
そこは、オレが知る常識の範囲を越えていた。
埋め尽くされたデータの数。
埋め尽くされたデータの数。
そこに出た英文や数値は、まるで理解できない。
そこに出た英文や数値は、まるで理解できない。
？？？】※和葉
？？？】※和葉
ちょっとユウキ～。
ちょっとユウキ～。
戻ったばっかのとこ悪いんだけどコーヒー入れてくんない？
戻ったばっかのとこ悪いんだけどコーヒー入れてくんない？
部屋の奥から女性の声が響く。
部屋の奥から女性の声が響く。
ユウキ
ユウキ
それはいいんだけどさ、ちょっといいかな和葉ちん
それはいいんだけどさ、ちょっといいかな和葉ちん
和葉
和葉
なによ、今忙しいんだけどー
なによ、今忙しいんだけどー
ユウキ
ユウキ
ちょっと友達連れてきたんだよ
ちょっと友達連れてきたんだよ
和葉
和葉
はぁ？　友達ぃ？　あんたが？
はぁ？　友達ぃ？　あんたが？
和葉
和葉
ったく。勝手に研究室に連れて来ないでくれる
ったく。勝手に研究室に連れて来ないでくれる
のそっと、小柄な人物が出てきた。
のそっと、小柄な人物が出てきた。
和葉
和葉
……コーヒー
……コーヒー
ユウキ
ユウキ
おっと、ちょっとまってくれ
おっと、ちょっとまってくれ
秀隆
秀隆
あのぉ、すみません突然押しかけてしまって
あのぉ、すみません突然押しかけてしまって
和葉
和葉
勝手に話しかけないで
勝手に話しかけないで
秀隆
秀隆
や、その……
や、その……
和葉
和葉
悪いけどさ、ユウキ戻ったら出てって。
悪いけどさ、ユウキ戻ったら出てって。
ここは一般人は立ち入り禁止なのよね
ここは一般人は立ち入り禁止なのよね
秀隆
秀隆
実は倉屋敷社長にお話がありまして
実は倉屋敷社長にお話がありまして
秀隆
秀隆
今自分、特務官として働いてるんです
今自分、特務官として働いてるんです
和葉
和葉
話しかけないで、と言わなかった？
話しかけないで、と言わなかった？
鋭い目つきで睨まれる。
鋭い目つきで睨まれる。
和葉
和葉
頭悪いヤツ、嫌いなのよね
頭悪いヤツ、嫌いなのよね
秀隆
秀隆
う……
う……
なんつーか、凄い威圧感だな……。
なんつーか、凄い威圧感だな……。
外見はチ……小さいが……。
外見はチ……小さいが……。
ユウキ
ユウキ
お待たせ和葉ちん
お待たせ和葉ちん
和葉
和葉
あんた、余計なの連れて来ないでよ
あんた、余計なの連れて来ないでよ
ユウキ
ユウキ
ま～そう言わないでさ。話があるみたいなんだよ
ま～そう言わないでさ。話があるみたいなんだよ
和葉
和葉
聞く耳持たない。以上
聞く耳持たない。以上
秀隆
秀隆
あっ！
あっ！
奥に消えてしまった。
奥に消えてしまった。
ユウキ
ユウキ
あーらら……相手にしてくれないみたいだなぁ
あーらら……相手にしてくれないみたいだなぁ
秀隆
秀隆
噂通りと言うか、さすがだな……
噂通りと言うか、さすがだな……
ユウキ
ユウキ
悪いけど今日は帰った方がいいかも。
悪いけど今日は帰った方がいいかも。
思ったより和葉ちんの機嫌悪いみたいだ
思ったより和葉ちんの機嫌悪いみたいだ
秀隆
秀隆
しかし、何とか話だけでも
しかし、何とか話だけでも
ユウキ
ユウキ
多分無理だわ、融通が効かないからさ。
多分無理だわ、融通が効かないからさ。
ここで無理して粘るより、また改めた方が賢いって
ここで無理して粘るより、また改めた方が賢いって
秀隆
秀隆
……そうか
……そうか
ユウキがそう言うなら、間違いないんだろう。
ユウキがそう言うなら、間違いないんだろう。
ただ追い返すだけなら、そもそもここまで案内はしてくれない。
ただ追い返すだけなら、そもそもここまで案内はしてくれない。
秀隆
秀隆
……悪かったなユウキ、巻き込んで
……悪かったなユウキ、巻き込んで
ユウキ
ユウキ
なぁに、大したことじゃないって。
なぁに、大したことじゃないって。
また機会があったら会わせるよう計らうからさ
また機会があったら会わせるよう計らうからさ
秀隆
秀隆
おう。サンキュ
おう。サンキュ
とは言え、かなりへこんでいた。
とは言え、かなりへこんでいた。
直接会話できればなんとかなる、なんて思ったのが甘かった。
直接会話できればなんとかなる、なんて思ったのが甘かった。
大誤算だ……。
大誤算だ……。
オレの特務官としてのデビューから、ずっと連敗続き。
オレの特務官としてのデビューから、ずっと連敗続き。
さすがにちょっと、情けなくなってきた。
さすがにちょっと、情けなくなってきた。
和葉
和葉
あんさー。なんであんなの連れてきたわけ？
あんさー。なんであんなの連れてきたわけ？
ユウキ
ユウキ
ん～？　なんでって言われてもなぁ。友達だから？
ん～？　なんでって言われてもなぁ。友達だから？
和葉
和葉
それ、その友達ってヤツ。なんなのそれ
それ、その友達ってヤツ。なんなのそれ
和葉
和葉
あんたに友達がいたなんて、生まれてから一度も知らないんだけど
あんたに友達がいたなんて、生まれてから一度も知らないんだけど
ユウキ
ユウキ
最近出来たんだよ
最近出来たんだよ
ユウキ
ユウキ
なんかさ、面白いヤツなんだよな、あいつ
なんかさ、面白いヤツなんだよな、あいつ
和葉
和葉
ふぅん。あんたがどこで誰と何しててもいいけど。
ふぅん。あんたがどこで誰と何しててもいいけど。
ともかく、今後ああいったのを連れてくるのはやめて
ともかく、今後ああいったのを連れてくるのはやめて
ユウキ
ユウキ
でも、なんか和葉ちんに大事な用みたいだったんだよね
でも、なんか和葉ちんに大事な用みたいだったんだよね
和葉
和葉
そんなもん、あたしには関係ない。
そんなもん、あたしには関係ない。
次に連れてきたら、あんたをスクラップにしてやる
次に連れてきたら、あんたをスクラップにしてやる
ユウキ
ユウキ
またまた……冗談だよな？
またまた……冗談だよな？
和葉
和葉
あたしがそんな冗談を言うとでも？
あたしがそんな冗談を言うとでも？
それが嫌なら、金輪際外部の人間を中に入れるな
それが嫌なら、金輪際外部の人間を中に入れるな
ユウキ
ユウキ
あ、あはは……はは……はい……
あ、あはは……はは……はい……
…………。
…………。
……。
……。
