秋
秋
眠れない……
眠れない……
私は、部屋の天井を見つめながら、今日あったことを振り返っていた。
私は、部屋の天井を見つめながら、今日あったことを振り返っていた。
病室で、兄さんが言っていたこと。
病室で、兄さんが言っていたこと。
秋
秋
嘘よ……
嘘よ……
秋
秋
嘘に決まってる……
嘘に決まってる……
そんなはずはない。
そんなはずはない。
兄さんが、私を大切に想っている？
兄さんが、私を大切に想っている？
あるはずないじゃない……。
あるはずないじゃない……。
今でも鮮明に覚えてる……あの人が私にしたことを。
今でも鮮明に覚えてる……あの人が私にしたことを。
私が、何をしたのかを。
私が、何をしたのかを。
秋
秋
覚えてるんだから……
覚えてるんだから……
私は目を閉じ、昔のことを想い出す。
私は目を閉じ、昔のことを想い出す。
まだ兄さんを嫌いになる前……
まだ兄さんを嫌いになる前……
私はどんな風に兄さんを見ていただろうか。
私はどんな風に兄さんを見ていただろうか。
秋
秋
最悪の気分……
最悪の気分……
秀隆
秀隆
…………
…………
深夜、オレは背中の痛みで目が覚めた。
深夜、オレは背中の痛みで目が覚めた。
秀隆
秀隆
……痛いな……痛い……
……痛いな……痛い……
でも、背中の痛みよりも、心の痛みの方がひどく辛い。
でも、背中の痛みよりも、心の痛みの方がひどく辛い。
秋はオレの話を耳にしてしまった。
秋はオレの話を耳にしてしまった。
５年間オレが隠し通してきた嘘を。
５年間オレが隠し通してきた嘘を。
きっと、あいつは信じない。
きっと、あいつは信じない。
だけど―――。
だけど―――。
それでも心のどこかに、昨日の話は残り続ける。
それでも心のどこかに、昨日の話は残り続ける。
それはまるで死神の鎌のよう。
それはまるで死神の鎌のよう。
秋の命を刈り取ろうとする、言葉の凶器となってしまう。
秋の命を刈り取ろうとする、言葉の凶器となってしまう。
どうしてこんなことになったんだろうか。
どうしてこんなことになったんだろうか。
オレたち島津兄妹は、どこで道を誤ってしまったのか。
オレたち島津兄妹は、どこで道を誤ってしまったのか。
あれは、今から８年以上も前になる。
あれは、今から８年以上も前になる。
オレがまだまどかに出会うより前の話。
オレがまだまどかに出会うより前の話。
秀隆
秀隆
は？　わ、悪い、今なんて言ったんだよ姉さん
は？　わ、悪い、今なんて言ったんだよ姉さん
姉
姉
だ、だから、私に好きな人が出来たって言ったの
だ、だから、私に好きな人が出来たって言ったの
秀隆
秀隆
……冗談だろ？
……冗談だろ？
姉
姉
こんなつまらないことで冗談なんて言わないわよ
こんなつまらないことで冗談なんて言わないわよ
秀隆
秀隆
だって、姉さんだぞ？　凶暴な性格で、ガサツで
だって、姉さんだぞ？　凶暴な性格で、ガサツで
姉
姉
あんたね……私だってもう立派な大人だってことよ
あんたね……私だってもう立派な大人だってことよ
秀隆
秀隆
……どこのどいつだよ
……どこのどいつだよ
姉
姉
特務官、やっててね……凄く誠実な人で……
特務官、やっててね……凄く誠実な人で……
もじもじと話し出す。
もじもじと話し出す。
姉さんは特務官邸の受付で働いていた。
姉さんは特務官邸の受付で働いていた。
そんな姉さんが、出会った一人の男性。
そんな姉さんが、出会った一人の男性。
それは、特務官の緑川と言う男だった。
それは、特務官の緑川と言う男だった。
姉さん曰く、緑川は社交的な方じゃないため友達は多くないが、
姉さん曰く、緑川は社交的な方じゃないため友達は多くないが、
仕事に一生懸命で、笑った笑顔が凄く可愛いらしい。
仕事に一生懸命で、笑った笑顔が凄く可愛いらしい。
昼休みの食事にたまたま席が一緒だった時、知り合ったらしい。
昼休みの食事にたまたま席が一緒だった時、知り合ったらしい。
それから、互いに惹かれあい、恋に落ちた。
それから、互いに惹かれあい、恋に落ちた。
オレはたった一人の家族である姉さんが、
オレはたった一人の家族である姉さんが、
オレ以外の誰かを好きになり、愛することに抵抗があった。
オレ以外の誰かを好きになり、愛することに抵抗があった。
だから、最初は嫌で嫌で仕方が無かったけど、
だから、最初は嫌で嫌で仕方が無かったけど、
それでも姉の幸せを祝いたいと、必死に自分に言い聞かせていた。
それでも姉の幸せを祝いたいと、必死に自分に言い聞かせていた。
姉さんの告白から、しばらく経ったある日。
姉さんの告白から、しばらく経ったある日。
初めて姉さんが緑川を家に連れてきた。
初めて姉さんが緑川を家に連れてきた。
緑川
緑川
君が、秀隆くんだね？　お姉さんから話はよく聞いているよ
君が、秀隆くんだね？　お姉さんから話はよく聞いているよ
秀隆
秀隆
…………
…………
姉
姉
こら、ちゃんと挨拶しなさい
こら、ちゃんと挨拶しなさい
秀隆
秀隆
ども……
ども……
姉
姉
もう、何なのよその淡白な挨拶は
もう、何なのよその淡白な挨拶は
緑川
緑川
すごく優秀なんだってね。しかも特務官を夢見てるとか
すごく優秀なんだってね。しかも特務官を夢見てるとか
秀隆
秀隆
あんたには関係ないだろ
あんたには関係ないだろ
姉
姉
このバカ！
このバカ！
秀隆
秀隆
って、なにすんだよ！
って、なにすんだよ！
姉
姉
目上の人に対する口の利き方がなってない！
目上の人に対する口の利き方がなってない！
ごめんなさい、拓海さん
ごめんなさい、拓海さん
緑川
緑川
いやいや、突然紹介されたら、嫌でもそうなるよ
いやいや、突然紹介されたら、嫌でもそうなるよ
姉さんの男ってことも気に入らなかったが、
姉さんの男ってことも気に入らなかったが、
何より嫌だったのは、その外見と年齢だった。
何より嫌だったのは、その外見と年齢だった。
弱々しい外見な上に、どうみても３０代後半で、
弱々しい外見な上に、どうみても３０代後半で、
姉さんとは一回りは年齢が違う。
姉さんとは一回りは年齢が違う。
緑川
緑川
それより……今日は秋を連れて来たんだ。秀隆くんに紹介しようと思ってね
それより……今日は秋を連れて来たんだ。秀隆くんに紹介しようと思ってね
秀隆
秀隆
あき？
あき？
姉
姉
拓海さんの娘さん
拓海さんの娘さん
秀隆
秀隆
娘さんって、こいつ子持ちかよ……
娘さんって、こいつ子持ちかよ……
姉
姉
奥さんは、早くに病気で亡くなって、拓海さんが一人で育ててたの
奥さんは、早くに病気で亡くなって、拓海さんが一人で育ててたの
どおりでおっさんなわけだ……。
どおりでおっさんなわけだ……。
緑川
緑川
ほら秋。ちゃんとご挨拶しなさい
ほら秋。ちゃんとご挨拶しなさい
秋
秋
…………
…………
男の後ろに隠れているそいつは、父親のズボンをぎゅっと握っていた。
男の後ろに隠れているそいつは、父親のズボンをぎゅっと握っていた。
緑川
緑川
まったく、この子は誰に似たんだか、恥ずかしがり屋でね
まったく、この子は誰に似たんだか、恥ずかしがり屋でね
秋
秋
あっ……！
あっ……！
男は、ちょっと強引に秋を抱き上げ、オレたちの前に引っ張り出した。
男は、ちょっと強引に秋を抱き上げ、オレたちの前に引っ張り出した。
秋
秋
や、やっ……！
や、やっ……！
女の子は泣きそうな顔をしながら、後ろに逃げようとする。
女の子は泣きそうな顔をしながら、後ろに逃げようとする。
秀隆
秀隆
なんだこいつ。震えてるぞ
なんだこいつ。震えてるぞ
姉
姉
そんな言い方しない！
そんな言い方しない！
秀隆
秀隆
人の頭をばかすか叩くな！
人の頭をばかすか叩くな！
秋
秋
…………
…………
緑川
緑川
やれやれ。これじゃ満足な挨拶もできそうにないなあ
やれやれ。これじゃ満足な挨拶もできそうにないなあ
姉
姉
こういう時は年上のあんたがしっかりしなさいよ
こういう時は年上のあんたがしっかりしなさいよ
秀隆
秀隆
んなことを言われてもだな……
んなことを言われてもだな……
姉
姉
あぁ？
あぁ？
秀隆
秀隆
わ、わかったよ。ったく、なんでこんな女を好きになるかね……
わ、わかったよ。ったく、なんでこんな女を好きになるかね……
秀隆
秀隆
あーえと……オレは島津秀隆、って言うんだ
あーえと……オレは島津秀隆、って言うんだ
秋
秋
…………
…………
秀隆
秀隆
おい、聞いてんのか？
おい、聞いてんのか？
秋
秋
…………
…………
後ろから、出てくる気配は全くない。
後ろから、出てくる気配は全くない。
オレと秋との出会いは、こんな変なものだった。
オレと秋との出会いは、こんな変なものだった。
会話どころか、自己紹介もままならない。
会話どころか、自己紹介もままならない。
オレ自身、姉さんが男と結婚することになるなんて、思っていなかったってのもあるが。
オレ自身、姉さんが男と結婚することになるなんて、思っていなかったってのもあるが。
それからも、男はちょくちょくと秋を連れて遊びに来た。
それからも、男はちょくちょくと秋を連れて遊びに来た。
姉
姉
それじゃ、私たちはちょっと出かけてくるから。
それじゃ、私たちはちょっと出かけてくるから。
秋ちゃんを頼んだわよ？
秋ちゃんを頼んだわよ？
秀隆
秀隆
頼んだとか言われてもな……オレ、一度も喋ったことないんだぞ？
頼んだとか言われてもな……オレ、一度も喋ったことないんだぞ？
姉
姉
もう４、５回は会ってんだし、そろそろ打ち解けなさいよね
もう４、５回は会ってんだし、そろそろ打ち解けなさいよね
秀隆
秀隆
オレはともかく、向こうが拒絶状態だからな……
オレはともかく、向こうが拒絶状態だからな……
姉
姉
男の子でしょ
男の子でしょ
秀隆
秀隆
こういう時だけ男女を持ち出すなよ
こういう時だけ男女を持ち出すなよ
姉
姉
じゃ、頼んだからね
じゃ、頼んだからね
秀隆
秀隆
いやいや……
いやいや……
相変わらずマイペースつかなんつーか……。
相変わらずマイペースつかなんつーか……。
姉さんは男と一緒にデートに出かけてしまった。
姉さんは男と一緒にデートに出かけてしまった。
秀隆
秀隆
…………
…………
秋
秋
…………
…………
秋は部屋の隅っこに逃げて、しゃがみこんでいる。
秋は部屋の隅っこに逃げて、しゃがみこんでいる。
秀隆
秀隆
どうしろってんだよ……
どうしろってんだよ……
オレは、秋を無視して勉強を始めた。
オレは、秋を無視して勉強を始めた。
もうすぐテストが近いから、しっかりと復習しておく必要がある。
もうすぐテストが近いから、しっかりと復習しておく必要がある。
特務官になるためにこんなテストで立ち止まるわけにはいかない。
特務官になるためにこんなテストで立ち止まるわけにはいかない。
秀隆
秀隆
…………
…………
んだが……。
んだが……。
たまに、椅子の後ろで動く髪が、どうしても気になって仕方ない。
たまに、椅子の後ろで動く髪が、どうしても気になって仕方ない。
秀隆
秀隆
おまえさ、そんなとこに隠れてても仕方ないだろ
おまえさ、そんなとこに隠れてても仕方ないだろ
声をかける。
声をかける。
が、返ってこない。
が、返ってこない。
秀隆
秀隆
おい
おい
…………。
…………。
秀隆
秀隆
あーもう、イライラするな！
あーもう、イライラするな！
ずんずん歩き、秋のところへ。
ずんずん歩き、秋のところへ。
秋
秋
っ！？
っ！？
オレの襲来を感じ取ったのか、慌てて逃げようとする。
オレの襲来を感じ取ったのか、慌てて逃げようとする。
が……転んだ。
が……転んだ。
秋
秋
痛い……
痛い……
秀隆
秀隆
痛い……じゃねえよ。いちいち逃げんな
痛い……じゃねえよ。いちいち逃げんな
秋
秋
…………
…………
こちらを見上げ、秋は既に泣きそうだ。
こちらを見上げ、秋は既に泣きそうだ。
なんか、オレが秋を苛めてるみたいだった。
なんか、オレが秋を苛めてるみたいだった。
秀隆
秀隆
おまえ、父親とうちの姉さんが結婚すると思うか？
おまえ、父親とうちの姉さんが結婚すると思うか？
秋
秋
…………
…………
秀隆
秀隆
オレとしてはさっさと別れてほしいんだよな。
オレとしてはさっさと別れてほしいんだよな。
おまえみたいなのが家族になっても困るし
おまえみたいなのが家族になっても困るし
秀隆
秀隆
第一歳が離れすぎなんだよ。姉さんは二十歳だぞ？
第一歳が離れすぎなんだよ。姉さんは二十歳だぞ？
おまえんとこの父親は３０超えてるし、犯罪だろ
おまえんとこの父親は３０超えてるし、犯罪だろ
秋
秋
…………
…………
秀隆
秀隆
だから何か言えって！
だから何か言えって！
秋
秋
ひっ！
ひっ！
オレの怒気に、秋は恐怖したのか、目の端にぶわっと涙があふれた。
オレの怒気に、秋は恐怖したのか、目の端にぶわっと涙があふれた。
秋
秋
う、ぅう……！
う、ぅう……！
秀隆
秀隆
ぐ……なんなんだよ、もう。これだからガキは嫌いなんだ……
ぐ……なんなんだよ、もう。これだからガキは嫌いなんだ……
もう知るか。
もう知るか。
オレは勉強に集中する。
オレは勉強に集中する。
…………。
…………。
……。
……。
ぐぅっ。
ぐぅっ。
腹の虫が鳴いた。
腹の虫が鳴いた。
秀隆
秀隆
やべ、集中しすぎてたか……
やべ、集中しすぎてたか……
時刻を見ると、もう６時前。
時刻を見ると、もう６時前。
秀隆
秀隆
あの二人いつまで出かけてんだよ
あの二人いつまで出かけてんだよ
昼過ぎに出てから、既に５時間以上が経過している。
昼過ぎに出てから、既に５時間以上が経過している。
秀隆
秀隆
まさかホテルとか……いや、そういう想像はやめよ
まさかホテルとか……いや、そういう想像はやめよ
とにかく腹が減ったし、トウモロコシでも食うか。
とにかく腹が減ったし、トウモロコシでも食うか。
ふと視界に入るのは、ずっとしゃがみこんでいる秋の姿だ。
ふと視界に入るのは、ずっとしゃがみこんでいる秋の姿だ。
秀隆
秀隆
おまえも腹減ったろ？　なんか食うか？
おまえも腹減ったろ？　なんか食うか？
……。
……。
秀隆
秀隆
食べないのか？
食べないのか？
……。
……。
秀隆
秀隆
じゃあ食べないってことで
じゃあ食べないってことで
無視して、オレは一人分の黄ブロックを取り出した。
無視して、オレは一人分の黄ブロックを取り出した。
秀隆
秀隆
これが美味いんだな
これが美味いんだな
お手軽に食べられるのも魅力のひとつだ。
お手軽に食べられるのも魅力のひとつだ。
もさもさと口に運びながら、勉強を再開する。
もさもさと口に運びながら、勉強を再開する。
しかし、オレはふと考える。
しかし、オレはふと考える。
この状況で姉さんが帰ってきたら、どう思うだろうか。
この状況で姉さんが帰ってきたら、どう思うだろうか。
秋に飯を与えず、オレだけが食べているこの状況を見たら。
秋に飯を与えず、オレだけが食べているこの状況を見たら。
秀隆
秀隆
殴ってくるな、間違いなく……
殴ってくるな、間違いなく……
秀隆
秀隆
なんでオレが苦労しなきゃならないんだ
なんでオレが苦労しなきゃならないんだ
理不尽に思いながらも、オレは再び台所に立った。
理不尽に思いながらも、オレは再び台所に立った。
ふと、秋がこちらをこっそりとみている。
ふと、秋がこちらをこっそりとみている。
秀隆
秀隆
んだよ
んだよ
秋
秋
……っ……
……っ……
オレに睨まれ、慌てて視線を逸らす。
オレに睨まれ、慌てて視線を逸らす。
秀隆
秀隆
どうせ腹減ってんだろ？　素直に言えっての
どうせ腹減ってんだろ？　素直に言えっての
トウモロコシを持ち出し、それを秋の元へ。
トウモロコシを持ち出し、それを秋の元へ。
オレから逃げようとしたので、素早く回り込む。
オレから逃げようとしたので、素早く回り込む。
秋
秋
ひっ！？
ひっ！？
秀隆
秀隆
んな怯えるなって。何もしねえよ、ほら
んな怯えるなって。何もしねえよ、ほら
皿に乗せたブロックを突き出す。
皿に乗せたブロックを突き出す。
秀隆
秀隆
食え
食え
じっとその皿を見つめるものの、受け取ろうとしない。
じっとその皿を見つめるものの、受け取ろうとしない。
秀隆
秀隆
さっさと受け取らないと、ジリジリ詰め寄って泣かせるぞ？
さっさと受け取らないと、ジリジリ詰め寄って泣かせるぞ？
秋
秋
っ……！
っ……！
それが嫌だったのか、秋はさっと皿を受け取った。
それが嫌だったのか、秋はさっと皿を受け取った。
秀隆
秀隆
よし
よし
これで、ちゃんと食事は与えたことになる。
これで、ちゃんと食事は与えたことになる。
文句も言われないだろう。
文句も言われないだろう。
ところが、待てど暮らせど秋はトウモロコシに手をつけない。
ところが、待てど暮らせど秋はトウモロコシに手をつけない。
秀隆
秀隆
なんで食わないんだよ。腹減ってないのか？
なんで食わないんだよ。腹減ってないのか？
秀隆
秀隆
おまえのせいで、オレが怒られるかもしれないんだ
おまえのせいで、オレが怒られるかもしれないんだ
秀隆
秀隆
おい、なんとか言えよ
おい、なんとか言えよ
秋
秋
…………
…………
秀隆
秀隆
あのな、おいっ
あのな、おいっ
秋
秋
だ……だって……
だ……だって……
秀隆
秀隆
お？
お？
喋った。
喋った。
秋
秋
……これ、嫌い……
……これ、嫌い……
秀隆
秀隆
は、はぁっ！？　おま、これが嫌いだと！？
は、はぁっ！？　おま、これが嫌いだと！？
世界で最も美味い食べ物に数えられる、トウモロコシが嫌い？
世界で最も美味い食べ物に数えられる、トウモロコシが嫌い？
秀隆
秀隆
……そんな奴が存在したのか……
……そんな奴が存在したのか……
い、いやでも思い返してみたら、
い、いやでも思い返してみたら、
これを好きだって言うやつにはあまり出会ったことがないかも。
これを好きだって言うやつにはあまり出会ったことがないかも。
秀隆
秀隆
なんにせよ、嫌いだとか抜かす奴に食わせるつもりはない
なんにせよ、嫌いだとか抜かす奴に食わせるつもりはない
オレは皿を取り上げる。
オレは皿を取り上げる。
秀隆
秀隆
……何なら食べられるんだ？
……何なら食べられるんだ？
秋
秋
…………
…………
秀隆
秀隆
それくらい答えろよ。いい加減
それくらい答えろよ。いい加減
…………。
…………。
……。
……。
秀隆
秀隆
ダメだこりゃ
ダメだこりゃ
秋
秋
お腹……空きました……
お腹……空きました……
秀隆
秀隆
食べたいものは要求しないくせに、主張だけはするってか
食べたいものは要求しないくせに、主張だけはするってか
秀隆
秀隆
いっとくけど、うちは貧乏だからな。ろくなもんはないぞ
いっとくけど、うちは貧乏だからな。ろくなもんはないぞ
秀隆
秀隆
とりあえずこっちにこい
とりあえずこっちにこい
秋
秋
ぇ……？
ぇ……？
オレに手招きされ、ぶるぶると震えだす。
オレに手招きされ、ぶるぶると震えだす。
秀隆
秀隆
取って食ったりしない。冷蔵庫の中身を見せるから、食べたいの食べろ
取って食ったりしない。冷蔵庫の中身を見せるから、食べたいの食べろ
秀隆
秀隆
あーほら、じゃあこうする。冷蔵庫勝手に開けて好きなの食べろ
あーほら、じゃあこうする。冷蔵庫勝手に開けて好きなの食べろ
秀隆
秀隆
それなら出来るだろ？
それなら出来るだろ？
オレは冷蔵庫を開け、距離を取った。
オレは冷蔵庫を開け、距離を取った。
それを見ていた秋が、ゆっくりと冷蔵庫に向かう。
それを見ていた秋が、ゆっくりと冷蔵庫に向かう。
秀隆
秀隆
なんでこんな手間なんだか……
なんでこんな手間なんだか……
秋は冷蔵庫を覗き込んだ。
秋は冷蔵庫を覗き込んだ。
そして、ひとつのモノに目を付ける。
そして、ひとつのモノに目を付ける。
それは一番上の段に置かれた、姉専用プリン。
それは一番上の段に置かれた、姉専用プリン。
必死に手を伸ばすが、秋の身長ではちょっと届かないようだった。
必死に手を伸ばすが、秋の身長ではちょっと届かないようだった。
秀隆
秀隆
それは……
それは……
まぁ、仕方ないか。
まぁ、仕方ないか。
オレはそっと冷蔵庫に近づくと、秋の後ろから手を伸ばしてプリンを取った。
オレはそっと冷蔵庫に近づくと、秋の後ろから手を伸ばしてプリンを取った。
秋
秋
っ！？
っ！？
秀隆
秀隆
あーはいはい。逃げるな逃げるな。とってやっただけだ
あーはいはい。逃げるな逃げるな。とってやっただけだ
逃げようとする秋にプリンを手渡す。
逃げようとする秋にプリンを手渡す。
秀隆
秀隆
スプーンはそこだから
スプーンはそこだから
とりあえず、これで大丈夫だろう。
とりあえず、これで大丈夫だろう。
オレは机に戻り、勉強を再開する。
オレは机に戻り、勉強を再開する。
秋は、部屋の隅っこに座りプリンを食べ始めた。
秋は、部屋の隅っこに座りプリンを食べ始めた。
それから１時間ほどして……。
それから１時間ほどして……。
姉
姉
ごっめーん、遅くなっちゃった
ごっめーん、遅くなっちゃった
と、悪びれた様子もなく姉さんと男が帰ってきた。
と、悪びれた様子もなく姉さんと男が帰ってきた。
秀隆
秀隆
どこ行ってたんだよ！
どこ行ってたんだよ！
姉
姉
いやー、それがデートのはずだったんだけどね……
いやー、それがデートのはずだったんだけどね……
途中で唐沢さんに会っちゃって、色々と話し込んじゃった
途中で唐沢さんに会っちゃって、色々と話し込んじゃった
秀隆
秀隆
唐沢さんに？
唐沢さんに？
姉
姉
だからご飯とかも食べてなくって。あーお腹空いた
だからご飯とかも食べてなくって。あーお腹空いた
姉
姉
今から何か作るけど、拓海さんも食べていきますよね？
今から何か作るけど、拓海さんも食べていきますよね？
緑川
緑川
うん。ごちそうになろうかな
うん。ごちそうになろうかな
姉
姉
じゃ、腕を振るっちゃいますか
じゃ、腕を振るっちゃいますか
秀隆
秀隆
大して上手くもないくせに
大して上手くもないくせに
姉
姉
ああ？
ああ？
秀隆
秀隆
なんでもねえよ……
なんでもねえよ……
姉が冷蔵庫を開ける。
姉が冷蔵庫を開ける。
姉
姉
えーっと……？
えーっと……？
姉
姉
あれ……
あれ……
そして、すぐ異常に気付いた。
そして、すぐ異常に気付いた。
姉
姉
ねえ、私プリン買っておいたよね？
ねえ、私プリン買っておいたよね？
秀隆
秀隆
さぁ、そうだったか？
さぁ、そうだったか？
姉
姉
間違いない。今日帰ったら食べようと思ってたし……
間違いない。今日帰ったら食べようと思ってたし……
ビクッと秋の身体が震えた。
ビクッと秋の身体が震えた。
プリンの空は、台所に堂々と置かれてある。
プリンの空は、台所に堂々と置かれてある。
もちろん、それを姉さんが見過ごすはずもない。
もちろん、それを姉さんが見過ごすはずもない。
姉
姉
あああっ、私のプリン！
あああっ、私のプリン！
空の容器を掴み、鬼の形相で睨み付けて来た。
空の容器を掴み、鬼の形相で睨み付けて来た。
姉
姉
誰が食べたのよ！　ここに書いてあるでしょ！　私専用って！
誰が食べたのよ！　ここに書いてあるでしょ！　私専用って！
ぶるぶるぶる。
ぶるぶるぶる。
露骨に震えだし、鼻をすすり始める秋。
露骨に震えだし、鼻をすすり始める秋。
秀隆
秀隆
ったく……
ったく……
秀隆
秀隆
オレが食ったんだよ
オレが食ったんだよ
姉
姉
この薄情者！
この薄情者！
秀隆
秀隆
って！　プリン食ったくらいで殴んな！
って！　プリン食ったくらいで殴んな！
姉
姉
私はプリンのために生きてんのよ！
私はプリンのために生きてんのよ！
あんた、自分のトウモロコシを無断で食べられて許せる？！
あんた、自分のトウモロコシを無断で食べられて許せる？！
秀隆
秀隆
ゆ、許せない
ゆ、許せない
姉
姉
でしょうが！
でしょうが！
緑川
緑川
ははは、ほんと面白いなぁ二人は
ははは、ほんと面白いなぁ二人は
姉
姉
は！？　い、いけない私ったら、拓海さんの前で……恥ずかしい
は！？　い、いけない私ったら、拓海さんの前で……恥ずかしい
秀隆
秀隆
キモ
キモ
姉
姉
ああ？
ああ？
秀隆
秀隆
なんでもねえよ……
なんでもねえよ……
秋
秋
…………
…………
泣きそうな顔で、秋がオレの方を見ていた。
泣きそうな顔で、秋がオレの方を見ていた。
あーあー、そんな顔しやがって。
あーあー、そんな顔しやがって。
私が犯人ですって顔に書いてやがる。
私が犯人ですって顔に書いてやがる。
緑川
緑川
今日はご馳走様。楽しい一日だったよ
今日はご馳走様。楽しい一日だったよ
姉
姉
そ、そうですか？　ならいいんですけど……
そ、そうですか？　ならいいんですけど……
緑川
緑川
ほら秋、二人にサヨナラの挨拶をしなさい
ほら秋、二人にサヨナラの挨拶をしなさい
秋
秋
……さ、さよなら……
……さ、さよなら……
姉
姉
お？
お？
いつも無口だった秋が、小さくそう言った。
いつも無口だった秋が、小さくそう言った。
姉
姉
はい、さよなら秋ちゃん。またね
はい、さよなら秋ちゃん。またね
秀隆
秀隆
永久にさよならしてくれると助か―――睨むなよ姉さん
永久にさよならしてくれると助か―――睨むなよ姉さん
秋が、男の後ろから少し顔を覗かせオレを見上げていた。
秋が、男の後ろから少し顔を覗かせオレを見上げていた。
秀隆
秀隆
……なんだよ
……なんだよ
秋
秋
……さよ、なら……
……さよ、なら……
秀隆
秀隆
あーはいはい。あばよ、もうくんなよ
あーはいはい。あばよ、もうくんなよ
姉
姉
またきてね、でしょ？
またきてね、でしょ？
秀隆
秀隆
ま、マタキテネ……
ま、マタキテネ……
姉
姉
今日は悪かったわね
今日は悪かったわね
秀隆
秀隆
ほんとだよ。オレに秋を押し付けやがって。何なんだよあいつは
ほんとだよ。オレに秋を押し付けやがって。何なんだよあいつは
姉
姉
……悪く思わないであげて。あの子、凄く辛い目にあってるんだから
……悪く思わないであげて。あの子、凄く辛い目にあってるんだから
秀隆
秀隆
辛い目？
辛い目？
姉
姉
あの子は、自分が不幸を呼ぶ存在だと思ってる。
あの子は、自分が不幸を呼ぶ存在だと思ってる。
だから、誰とも関わろうとしていないの
だから、誰とも関わろうとしていないの
姉
姉
お母さんが早くに亡くなったのは教えたわよね？
お母さんが早くに亡くなったのは教えたわよね？
秀隆
秀隆
ああ
ああ
姉
姉
事故だったのよ
事故だったのよ
秀隆
秀隆
事故……
事故……
姉
姉
お母さんが亡くなった日、秋ちゃんの授業参観の日だったらしいの。だけど、お母さんは仕事で忙しくて、代わりにお父さんが行くことになってた
お母さんが亡くなった日、秋ちゃんの授業参観の日だったらしいの。だけど、お母さんは仕事で忙しくて、代わりにお父さんが行くことになってた
姉
姉
でも、秋ちゃんはお母さんがいいって当日になって駄々をこねてね
でも、秋ちゃんはお母さんがいいって当日になって駄々をこねてね
姉
姉
参観日に来るのは、殆どの家庭がお母さんだったから
参観日に来るのは、殆どの家庭がお母さんだったから
姉
姉
それで……それを気にしたお母さんは、仕事を抜け出して授業参観に向かった
それで……それを気にしたお母さんは、仕事を抜け出して授業参観に向かった
秀隆
秀隆
まさか……
まさか……
姉
姉
その時ね
その時ね
秀隆
秀隆
…………
…………
姉
姉
秋ちゃんは、自分が我儘を言ったせいで、お母さんが死んだと思ってる
秋ちゃんは、自分が我儘を言ったせいで、お母さんが死んだと思ってる
姉
姉
それ以来、友達とも遊ばなくなって、話さなくなっていった……
それ以来、友達とも遊ばなくなって、話さなくなっていった……
姉
姉
私は秋ちゃんと知り合って１年以上経つけど、
私は秋ちゃんと知り合って１年以上経つけど、
それこそ挨拶をかわせるようになったのは最近
それこそ挨拶をかわせるようになったのは最近
秀隆
秀隆
……そうか……
……そうか……
姉
姉
私たちもさ、ついてるほうじゃない。両親は死んでるし、家計も楽じゃない
私たちもさ、ついてるほうじゃない。両親は死んでるし、家計も楽じゃない
姉
姉
だからこそ秋ちゃんの気持ちを、少しは理解してあげなきゃ。
だからこそ秋ちゃんの気持ちを、少しは理解してあげなきゃ。
あの子は愛に飢えてる。私は、拓海さんと秋ちゃん、二人を幸せにしたい
あの子は愛に飢えてる。私は、拓海さんと秋ちゃん、二人を幸せにしたい
姉
姉
もちろん秀隆、あんたのことも
もちろん秀隆、あんたのことも
秀隆
秀隆
愛ねぇ……姉さんからはほど遠い言葉なんだけどな
愛ねぇ……姉さんからはほど遠い言葉なんだけどな
姉
姉
あんたはまた、そんなことを言う
あんたはまた、そんなことを言う
姉
姉
プリン食べたの、あの子なんでしょ？
プリン食べたの、あの子なんでしょ？
秀隆
秀隆
んだよ、気づいてたのか
んだよ、気づいてたのか
姉
姉
まぁ、最初は怒りで気づいてなかったんだけど……
まぁ、最初は怒りで気づいてなかったんだけど……
姉
姉
あんたが庇ってくれてよかった
あんたが庇ってくれてよかった
秀隆
秀隆
別に
別に
秀隆
秀隆
姉さんは見境がないからな。秋を叱り付けたら彼氏に嫌われるかもしれないだろ
姉さんは見境がないからな。秋を叱り付けたら彼氏に嫌われるかもしれないだろ
姉
姉
私と拓海さんのことは、応援してないのに？
私と拓海さんのことは、応援してないのに？
秀隆
秀隆
それは
それは
姉
姉
秋ちゃんのためを思って庇ったのは、みえみえよ。
秋ちゃんのためを思って庇ったのは、みえみえよ。
何年あんたと姉弟やってると思ってんのよ
何年あんたと姉弟やってると思ってんのよ
秀隆
秀隆
バレすぎってのも、嫌なもんだ
バレすぎってのも、嫌なもんだ
姉
姉
……あんたなら、秋ちゃんと仲良くできる。私はそう信じてる
……あんたなら、秋ちゃんと仲良くできる。私はそう信じてる
秀隆
秀隆
勝手な期待だ、それは
勝手な期待だ、それは
結局、姉さんは、男と結婚することを決めた。
結局、姉さんは、男と結婚することを決めた。
オレは内心反対したかったが、幸せそうな姉を見て、やめた。
オレは内心反対したかったが、幸せそうな姉を見て、やめた。
今までオレのために働き続けて来た姉さんが幸せなら、それでいいと。
今までオレのために働き続けて来た姉さんが幸せなら、それでいいと。
姉
姉
ってことで、今日も秋ちゃんとお留守番頼むわね
ってことで、今日も秋ちゃんとお留守番頼むわね
秀隆
秀隆
またかよ……
またかよ……
姉
姉
別にいいでしょ。プロポーズされた日くらい、拓海さんと過ごしたいのよ
別にいいでしょ。プロポーズされた日くらい、拓海さんと過ごしたいのよ
姉
姉
この家じゃ、狭すぎるし
この家じゃ、狭すぎるし
秀隆
秀隆
さかりのついた動物だな
さかりのついた動物だな
姉
姉
デリカシーないこと言わない
デリカシーないこと言わない
秀隆
秀隆
ちっ。さっさと出かけて来いよ。
ちっ。さっさと出かけて来いよ。
そんで孕まされてくればいいだろ
そんで孕まされてくればいいだろ
姉
姉
次言ったら、本気で殴るからね？
次言ったら、本気で殴るからね？
秀隆
秀隆
い、今のが本気じゃないとでも……？
い、今のが本気じゃないとでも……？
姉
姉
それじゃ、よろしくね
それじゃ、よろしくね
そして、また秋と二人残される。
そして、また秋と二人残される。
秋
秋
……私、じっと、してますから……
……私、じっと、してますから……
たどたどしくそう言うと、秋はいつもの指定席、隅っこへと移動する。
たどたどしくそう言うと、秋はいつもの指定席、隅っこへと移動する。
秀隆
秀隆
……そんなところでじっとしてても、面白くないだろ
……そんなところでじっとしてても、面白くないだろ
秋
秋
いいんです……
いいんです……
秀隆
秀隆
いいんですって……
いいんですって……
秋
秋
……ご迷惑、おかけします……
……ご迷惑、おかけします……
まともにしゃべるようになったかと思えば、なんだその喋りかた。
まともにしゃべるようになったかと思えば、なんだその喋りかた。
秀隆
秀隆
社会人かよ……
社会人かよ……
秀隆
秀隆
いつもそうやって、一人でいるんだって？
いつもそうやって、一人でいるんだって？
秋
秋
…………
…………
秀隆
秀隆
父親にも、距離を置いてるとか言ってたぞ、姉さんは。
父親にも、距離を置いてるとか言ってたぞ、姉さんは。
なんでなんだよ
なんでなんだよ
秋
秋
……私が、不幸にしちゃいますから……
……私が、不幸にしちゃいますから……
秀隆
秀隆
不幸って……んな大げさな
不幸って……んな大げさな
秋
秋
私に、関わらないでください
私に、関わらないでください
秀隆
秀隆
あのな、関わりたくなくても関わるしかないんだよ。
あのな、関わりたくなくても関わるしかないんだよ。
うちの姉とおまえんとこの父親は結婚するんだ。意味わかるだろ？
うちの姉とおまえんとこの父親は結婚するんだ。意味わかるだろ？
秋
秋
……よく、わかりません……
……よく、わかりません……
秀隆
秀隆
オレとオレの姉さんが、おまえの家族になるってことだ
オレとオレの姉さんが、おまえの家族になるってことだ
秋
秋
かぞく……私の家族はお父さんだけです……
かぞく……私の家族はお父さんだけです……
秀隆
秀隆
だからそうじゃなくなるんだよ
だからそうじゃなくなるんだよ
秋
秋
…………
…………
秀隆
秀隆
うちの姉さんが、おまえのお母さんになるんだ
うちの姉さんが、おまえのお母さんになるんだ
秋
秋
……おかあさんは、私のせいで死にました……もういません
……おかあさんは、私のせいで死にました……もういません
秀隆
秀隆
法律上そうなるんだよ。おまえの気持ちがどうあろうとな
法律上そうなるんだよ。おまえの気持ちがどうあろうとな
秋
秋
…………
…………
ぶわ、と目の端に涙があふれた。
ぶわ、と目の端に涙があふれた。
秋
秋
おかあさん、もういないです……
おかあさん、もういないです……
秀隆
秀隆
あーもう……
あーもう……
子供には理屈が通用しないからやりづらい。
子供には理屈が通用しないからやりづらい。
秀隆
秀隆
これじゃ、オレが兄になるってことも分かってないんだろうな
これじゃ、オレが兄になるってことも分かってないんだろうな
秋
秋
……あに？
……あに？
秀隆
秀隆
結婚するってことは、オレとおまえは兄妹になる
結婚するってことは、オレとおまえは兄妹になる
秋
秋
……ダメ……
……ダメ……
秀隆
秀隆
ダメと言われても仕方ない。多分一緒に暮らすことになるな
ダメと言われても仕方ない。多分一緒に暮らすことになるな
秋
秋
そんなの、ダメです……不幸になっちゃいます……
そんなの、ダメです……不幸になっちゃいます……
秀隆
秀隆
ま、あながちその話は嘘じゃないかもな。
ま、あながちその話は嘘じゃないかもな。
おまえみたいな辛気臭いやつと一緒に居たら、不幸になる
おまえみたいな辛気臭いやつと一緒に居たら、不幸になる
秋
秋
……はい……
……はい……
秀隆
秀隆
素直に認めんな
素直に認めんな
秀隆
秀隆
じゃあ、オレはお前を家族とは認めない。それでいいな？
じゃあ、オレはお前を家族とは認めない。それでいいな？
秋
秋
はい……
はい……
…………。
…………。
……。
……。
姉
姉
えーっと、今日から一緒に暮らすことになりました、拓海さんと秋ちゃんです
えーっと、今日から一緒に暮らすことになりました、拓海さんと秋ちゃんです
秀隆
秀隆
改めて言うまでもないだろ
改めて言うまでもないだろ
姉
姉
いいのよ。改めて言って
いいのよ。改めて言って
秀隆
秀隆
こんな狭い家で一緒に暮らすとか正気じゃねえな
こんな狭い家で一緒に暮らすとか正気じゃねえな
緑川
緑川
僕の家だと、両親が居てね。もっと狭くなっちゃうんだよ
僕の家だと、両親が居てね。もっと狭くなっちゃうんだよ
秀隆
秀隆
……それは嫌だな
……それは嫌だな
秋
秋
…………
…………
緑川
緑川
ほら秋、改めてあいさつしなさい
ほら秋、改めてあいさつしなさい
秋
秋
……よろしく、お願いします……
……よろしく、お願いします……
姉
姉
はい、よろしくね秋ちゃん。今日からは私がお母さんの代わりになるからね
はい、よろしくね秋ちゃん。今日からは私がお母さんの代わりになるからね
秀隆
秀隆
どこが母親って面だよ
どこが母親って面だよ
姉
姉
優しいお母さんになれるよう頑張るから
優しいお母さんになれるよう頑張るから
秀隆
秀隆
ど、どこが優しいんだ……
ど、どこが優しいんだ……
同棲が始まってからも、秋は一向に打ち解けようとしなかった。
同棲が始まってからも、秋は一向に打ち解けようとしなかった。
唯一まともに会話をするのは父親だけ。
唯一まともに会話をするのは父親だけ。
でも、その父親ともどこかに遊びに行ったりはしない。
でも、その父親ともどこかに遊びに行ったりはしない。
学園が終わったら、まっすぐ家に帰ってきて、一人で部屋の隅に座る。
学園が終わったら、まっすぐ家に帰ってきて、一人で部屋の隅に座る。
それの繰り返し。
それの繰り返し。
そんな生活が１か月も続くと、姉さんも半ば諦め気味になっていった。
そんな生活が１か月も続くと、姉さんも半ば諦め気味になっていった。
父親は既に諦めてしまっているのか、そんな秋に無理に接しようとしない。
父親は既に諦めてしまっているのか、そんな秋に無理に接しようとしない。
腫れ物には触らないようにしている状態が続いていた。
腫れ物には触らないようにしている状態が続いていた。
オレは、その逆。
オレは、その逆。
弱弱しい考え方に、腹が立ち、限界を迎えていた。
弱弱しい考え方に、腹が立ち、限界を迎えていた。
秀隆
秀隆
おまえさ、それでいいのか？
おまえさ、それでいいのか？
秋
秋
なにがですか……？
なにがですか……？
秀隆
秀隆
友達もいない、家族もいない。そんな生活で楽しいのかよ
友達もいない、家族もいない。そんな生活で楽しいのかよ
秋
秋
楽しくはないです。でも、仕方ありません
楽しくはないです。でも、仕方ありません
秀隆
秀隆
子供のくせに達観したようなこと言いやがって
子供のくせに達観したようなこと言いやがって
秋
秋
誰にも迷惑をかけたくないから……こうするしかないんです
誰にも迷惑をかけたくないから……こうするしかないんです
秀隆
秀隆
まだ本気で思ってるのか？　自分が不幸を呼ぶ存在だって
まだ本気で思ってるのか？　自分が不幸を呼ぶ存在だって
秋
秋
……私のせいで、お母さんが死んだから……
……私のせいで、お母さんが死んだから……
秀隆
秀隆
オレも詳しく話を聞いたが、あれは事故だ。お前は関係ない
オレも詳しく話を聞いたが、あれは事故だ。お前は関係ない
秋
秋
私が参観日に来てほしいって、お願いしなかったら……死にませんでした
私が参観日に来てほしいって、お願いしなかったら……死にませんでした
秀隆
秀隆
本当にそうか？　おまえがお願いしなくても、
本当にそうか？　おまえがお願いしなくても、
母親はおまえのために参観日に向かったんじゃないのか？
母親はおまえのために参観日に向かったんじゃないのか？
秋
秋
違います……私がお願いしたからです……
違います……私がお願いしたからです……
秀隆
秀隆
……どんだけだよ
……どんだけだよ
秋
秋
私のことは、放っておいてください
私のことは、放っておいてください
秀隆
秀隆
別に放っておいてもいいけどな。
別に放っておいてもいいけどな。
おまえが不幸を呼ぶと思い込んでるのが気に入らないんだよ
おまえが不幸を呼ぶと思い込んでるのが気に入らないんだよ
秀隆
秀隆
おまえが辛いのは分かる。お母さんが死んだんだからな
おまえが辛いのは分かる。お母さんが死んだんだからな
秀隆
秀隆
でも、自分だけが不幸だとは思うなよ？
でも、自分だけが不幸だとは思うなよ？
秀隆
秀隆
オレも姉さんも、幼い時に両親が死んでる。親戚もいなかった
オレも姉さんも、幼い時に両親が死んでる。親戚もいなかった
秀隆
秀隆
この世で頼れるのは、たった一人の姉と弟だったんだ
この世で頼れるのは、たった一人の姉と弟だったんだ
秋
秋
…………
…………
秀隆
秀隆
お前には、お前を愛してくれる父親がいる。それのどこが不幸だ
お前には、お前を愛してくれる父親がいる。それのどこが不幸だ
秀隆
秀隆
おまえの父親が不幸だと言ったことがあったか？
おまえの父親が不幸だと言ったことがあったか？
秋がいなければ、母親が死なずに済んだと言ったことがあったか？
秋がいなければ、母親が死なずに済んだと言ったことがあったか？
秋
秋
私のせいで、お母さんは死にました……
私のせいで、お母さんは死にました……
秀隆
秀隆
あーそうかよ。ほんと、むかつくやつだ
あーそうかよ。ほんと、むかつくやつだ
秋
秋
……ごめんなさい
……ごめんなさい
秀隆
秀隆
何に対して謝ってんだ、意味わかんね
何に対して謝ってんだ、意味わかんね
…………。
…………。
姉
姉
ちょっと、秀隆。秀隆ってば！
ちょっと、秀隆。秀隆ってば！
秀隆
秀隆
ん……あ？　なんだよ姉さん……
ん……あ？　なんだよ姉さん……
どうやら、オレはうたた寝をしてしまったらしい。
どうやら、オレはうたた寝をしてしまったらしい。
目を覚ますと姉さんが必死にオレを起こしていた。
目を覚ますと姉さんが必死にオレを起こしていた。
姉
姉
あんた、秋ちゃんがどこに行ったか知らない？
あんた、秋ちゃんがどこに行ったか知らない？
秀隆
秀隆
秋が？　……知らない
秋が？　……知らない
姉
姉
もう消灯時刻も過ぎてるのに、帰ってこないのよ
もう消灯時刻も過ぎてるのに、帰ってこないのよ
秀隆
秀隆
…………
…………
秀隆
秀隆
父親は？
父親は？
姉
姉
今探しに行ってる。私も今から後を追うつもり
今探しに行ってる。私も今から後を追うつもり
秀隆
秀隆
もう消灯過ぎてるんだろ？　オレが行く
もう消灯過ぎてるんだろ？　オレが行く
姉
姉
え？
え？
秀隆
秀隆
秋が帰って来た時にオレが居ても、あいつは嫌がるかもしれないだろ
秋が帰って来た時にオレが居ても、あいつは嫌がるかもしれないだろ
姉
姉
でも……
でも……
秀隆
秀隆
姉さんは母親なんだから、家で帰りを待っててやればいい
姉さんは母親なんだから、家で帰りを待っててやればいい
姉
姉
……わかった。お願いね
……わかった。お願いね
秀隆
秀隆
ったく、どこに行ったんだか……
ったく、どこに行ったんだか……
オレは家を出て、辺りを散策していた。
オレは家を出て、辺りを散策していた。
本当は探しに行きたくなんてない。
本当は探しに行きたくなんてない。
でも、あいつが飛び出したのはオレのせいじゃないかと思っていた。
でも、あいつが飛び出したのはオレのせいじゃないかと思っていた。
そして……オレは秋を見つけてしまった。
そして……オレは秋を見つけてしまった。
父親でもなく、姉さんでもなく。
父親でもなく、姉さんでもなく。
どうしてオレが見つけてしまったのか。
どうしてオレが見つけてしまったのか。
公園の丘の上で、膝を抱え込んで泣いている秋を見つけてしまった。
公園の丘の上で、膝を抱え込んで泣いている秋を見つけてしまった。
秀隆
秀隆
んなところで、何やってんだよ
んなところで、何やってんだよ
秋
秋
っ、すんっ……すんっ……
っ、すんっ……すんっ……
ずっと泣いていたのか、もう声は枯れ果ててしまっている。
ずっと泣いていたのか、もう声は枯れ果ててしまっている。
秀隆
秀隆
何やってんだって、聞いてたんだ
何やってんだって、聞いてたんだ
秋
秋
……な、なんでも、ありませんっ……
……な、なんでも、ありませんっ……
秀隆
秀隆
こんな時まで社会人かよ……どんだけ……
こんな時まで社会人かよ……どんだけ……
オレは秋の隣に腰を下ろした。
オレは秋の隣に腰を下ろした。
秀隆
秀隆
……オレが言ったことが、気に障ったなら悪かった。
……オレが言ったことが、気に障ったなら悪かった。
もう二度と、お前に余計なことは言わない
もう二度と、お前に余計なことは言わない
秀隆
秀隆
……それでいいだろ？
……それでいいだろ？
秋
秋
……私……
……私……
秀隆
秀隆
ん？
ん？
秋
秋
……私……不幸な子なんかじゃ、ないもん……
……私……不幸な子なんかじゃ、ないもん……
秀隆
秀隆
…………
…………
秋
秋
お父さんに、幸せになってほしいもん……
お父さんに、幸せになってほしいもん……
秀隆
秀隆
なんだそれ。おまえ、自分で不幸になるって言ってたんだろ……
なんだそれ。おまえ、自分で不幸になるって言ってたんだろ……
ふと、秋のポケットからはみ出している紙を見つけた。
ふと、秋のポケットからはみ出している紙を見つけた。
秀隆
秀隆
なんだよこれ
なんだよこれ
オレは、それをすっと抜き取る。
オレは、それをすっと抜き取る。
それは１通の手紙だった。
それは１通の手紙だった。
秀隆
秀隆
…………
…………
中を開く。
中を開く。
秀隆
秀隆
な……！？
な……！？
そこには、子供たちの字と思われる、無数の誹謗中傷。
そこには、子供たちの字と思われる、無数の誹謗中傷。
もちろん、語彙はシンプルなものばかりだ。
もちろん、語彙はシンプルなものばかりだ。
でも……どれもこれもが、残酷に心へと突き刺さるような文字ばかり。
でも……どれもこれもが、残酷に心へと突き刺さるような文字ばかり。
近づくな。
近づくな。
不幸が移る。
不幸が移る。
母親を殺した犯罪者。
母親を殺した犯罪者。
挙句の果てには、秋のせいで誰々が怪我をした、なんてものまで。
挙句の果てには、秋のせいで誰々が怪我をした、なんてものまで。
秀隆
秀隆
学園の子に、渡されたのか……
学園の子に、渡されたのか……
秋
秋
…………
…………
秀隆
秀隆
おまえ、これ……初めてじゃないな？
おまえ、これ……初めてじゃないな？
ひょっとすると、何度も何度も、こんな手紙……。
ひょっとすると、何度も何度も、こんな手紙……。
あるいは子供じみた悪意を、直接向けられていたんじゃないだろうか。
あるいは子供じみた悪意を、直接向けられていたんじゃないだろうか。
秀隆
秀隆
くだらねぇ……
くだらねぇ……
秋
秋
ごめんなさい……
ごめんなさい……
秀隆
秀隆
なんでオレに謝るんだよ
なんでオレに謝るんだよ
秋
秋
私の、せいで……
私の、せいで……
秀隆
秀隆
自分で言っただろ。不幸な子なんかじゃないって
自分で言っただろ。不幸な子なんかじゃないって
秋
秋
でも……
でも……
秀隆
秀隆
証明してやる
証明してやる
秀隆
秀隆
オレが、おまえは不幸じゃないって証明してやる
オレが、おまえは不幸じゃないって証明してやる
秋
秋
……どうやって……？
……どうやって……？
秀隆
秀隆
オレたちは兄妹なんだぞ？　だったら仲良くすればいい
オレたちは兄妹なんだぞ？　だったら仲良くすればいい
秀隆
秀隆
それでわかるはずだ。オレもお前も、けして不幸になんてならない
それでわかるはずだ。オレもお前も、けして不幸になんてならない
秀隆
秀隆
もちろん、父親も、姉さんもだ。全員が幸せになる
もちろん、父親も、姉さんもだ。全員が幸せになる
秋
秋
……でも……
……でも……
秀隆
秀隆
議論は無しだ。終わり終わり
議論は無しだ。終わり終わり
オレは秋の腕を握り、無理やり立たせる。
オレは秋の腕を握り、無理やり立たせる。
秋
秋
あうっ……！
あうっ……！
秀隆
秀隆
うわ、なんつー顔してんだ。鼻水とかいっぱいついてるぞ！
うわ、なんつー顔してんだ。鼻水とかいっぱいついてるぞ！
秋
秋
ううっ……
ううっ……
恥ずかしくなったのか、ごしごしと拭くが、それで逆にひどくなった。
恥ずかしくなったのか、ごしごしと拭くが、それで逆にひどくなった。
秀隆
秀隆
ひでぇブスだな
ひでぇブスだな
秋
秋
っ！
っ！
ぶわっと泣きはじめる。
ぶわっと泣きはじめる。
秀隆
秀隆
あーうそ、うそうそ。世界一可愛い、世界一
あーうそ、うそうそ。世界一可愛い、世界一
秋
秋
そんな盛大な嘘、逆に傷つきます……
そんな盛大な嘘、逆に傷つきます……
秀隆
秀隆
そりゃそうだ……
そりゃそうだ……
秀隆
秀隆
とりあえず、帰るぞ。二人とも心配してるから
とりあえず、帰るぞ。二人とも心配してるから
秋
秋
……ごめんなさい
……ごめんなさい
秀隆
秀隆
また謝る。何回謝るつもりだ
また謝る。何回謝るつもりだ
秋
秋
……ん……
……ん……
帰り道。
帰り道。
なんとなく繋いだままになった手。
なんとなく繋いだままになった手。
小さい手だけど、伝わってくるぬくもりは他の人と変わらない。
小さい手だけど、伝わってくるぬくもりは他の人と変わらない。
秀隆
秀隆
なんか、一緒に暮らし始めて、初めて妹が出来たって実感がわいてきたわ
なんか、一緒に暮らし始めて、初めて妹が出来たって実感がわいてきたわ
秋
秋
私が……妹……？
私が……妹……？
秀隆
秀隆
他に誰がいるんだよ
他に誰がいるんだよ
秋
秋
じゃあ……秀隆さんは……？
じゃあ……秀隆さんは……？
秀隆
秀隆
秀隆さん？　初めて名前を呼ばれたけど、すげぇ嬉しくないな
秀隆さん？　初めて名前を呼ばれたけど、すげぇ嬉しくないな
秋
秋
だ、だって……
だ、だって……
秀隆
秀隆
お兄ちゃん、か？　いや、兄貴か？
お兄ちゃん、か？　いや、兄貴か？
秀隆
秀隆
ともかく、オレたちは兄妹になったんだ
ともかく、オレたちは兄妹になったんだ
秀隆
秀隆
なんか適当に、呼んでくれればいい
なんか適当に、呼んでくれればいい
秋
秋
嫌じゃ、ないんですか……
嫌じゃ、ないんですか……
秀隆
秀隆
嫌ッつか、仕方ないっつか。なるようにしかならんだろ
嫌ッつか、仕方ないっつか。なるようにしかならんだろ
秋
秋
…………
…………
秀隆
秀隆
別に今すぐ本当の兄妹みたいになれるとは思ってない
別に今すぐ本当の兄妹みたいになれるとは思ってない
秀隆
秀隆
どうせ時間はたっぷりあるんだ、ゆっくりいけばいいだろ
どうせ時間はたっぷりあるんだ、ゆっくりいけばいいだろ
秋
秋
……はい……
……はい……
秋
秋
わかりました……に、兄さん……
わかりました……に、兄さん……
秀隆
秀隆
……兄さん？　また、その社会人みたいな……
……兄さん？　また、その社会人みたいな……
秋の顔を見ると、真っ赤になっていた。
秋の顔を見ると、真っ赤になっていた。
秀隆
秀隆
……ま、いいけどな
……ま、いいけどな
その帰り道は、どこか心が温かくなった。
その帰り道は、どこか心が温かくなった。
…………。
…………。
……。
……。
それからの秋は少しずつ前を向き始めた。
それからの秋は少しずつ前を向き始めた。
やや暗い性格は健在だったが、オレとも積極的に会話をするようになった。
やや暗い性格は健在だったが、オレとも積極的に会話をするようになった。
秋
秋
兄さん、おめでとうございます
兄さん、おめでとうございます
秀隆
秀隆
なにが？
なにが？
秋
秋
受験、受かったって聞きました
受験、受かったって聞きました
秀隆
秀隆
ああ。まあ、オレからしたらただの通過点だけどな
ああ。まあ、オレからしたらただの通過点だけどな
秀隆
秀隆
もちろんトップの成績だ
もちろんトップの成績だ
秋
秋
すごいです……
すごいです……
秀隆
秀隆
ふふん。まぁな
ふふん。まぁな
姉
姉
勉強くらいしか、あんたに取り柄ないもんね
勉強くらいしか、あんたに取り柄ないもんね
秀隆
秀隆
そこうるせえぞ。素直に祝えないのか。なあ秋
そこうるせえぞ。素直に祝えないのか。なあ秋
秋
秋
はい。素直に祝ってあげてください
はい。素直に祝ってあげてください
姉
姉
む……最近、秋ちゃんが秀隆の味方ばっかりするようになった気がする
む……最近、秋ちゃんが秀隆の味方ばっかりするようになった気がする
秀隆
秀隆
当たり前だ。秋はオレの妹だからな
当たり前だ。秋はオレの妹だからな
姉
姉
そんなこと言ったら、私なんてお母さんよ？　ねえ？
そんなこと言ったら、私なんてお母さんよ？　ねえ？
秀隆
秀隆
ちっとも母親に見えないからだろ。なあ？
ちっとも母親に見えないからだろ。なあ？
秋
秋
あ、えと……
あ、えと……
ちょっと困ってオロオロする。
ちょっと困ってオロオロする。
秀隆
秀隆
でもあれだろ。おまえもすごく成績はいいんだよな
でもあれだろ。おまえもすごく成績はいいんだよな
秋
秋
いえ、私なんて兄さんに比べたら……
いえ、私なんて兄さんに比べたら……
秀隆
秀隆
なんだよ、謙遜する必要なんてないだろ。なあ姉さん
なんだよ、謙遜する必要なんてないだろ。なあ姉さん
姉
姉
そうよ。どうせなら秀隆より賢くなってバカにしてやればいいし
そうよ。どうせなら秀隆より賢くなってバカにしてやればいいし
秀隆
秀隆
それは無理だな
それは無理だな
姉
姉
どんだけ自信過剰なのよ
どんだけ自信過剰なのよ
秋
秋
…………
…………
秋が、下を俯いている。
秋が、下を俯いている。
こういう時は、顔を見られたくないときだ。
こういう時は、顔を見られたくないときだ。
秀隆
秀隆
お、なんだテレたのか？
お、なんだテレたのか？
秋
秋
っ！
っ！
下から覗き込むと、慌てて視線を逸らされた。
下から覗き込むと、慌てて視線を逸らされた。
秀隆
秀隆
おーおー、テレてるテレてる
おーおー、テレてるテレてる
秋
秋
や、やめてくださいっ
や、やめてくださいっ
耐えきれなくなったのか、慌てて逃げ出す。
耐えきれなくなったのか、慌てて逃げ出す。
姉
姉
あんまりからかっちゃだめよ？
あんまりからかっちゃだめよ？
秀隆
秀隆
姉さんが言いだしたんだけどな
姉さんが言いだしたんだけどな
姉
姉
いつもありがとね、秀隆
いつもありがとね、秀隆
秀隆
秀隆
なにが
なにが
姉
姉
秋ちゃんが勉強のできる子になったの、あんたのおかげよ
秋ちゃんが勉強のできる子になったの、あんたのおかげよ
秀隆
秀隆
あいつ、一時期学園が嫌いだったからな。授業もついていけてないみたいだったし
あいつ、一時期学園が嫌いだったからな。授業もついていけてないみたいだったし
秀隆
秀隆
ほっといたらアホの子に育つ。オレの妹がアホとか嫌だろ
ほっといたらアホの子に育つ。オレの妹がアホとか嫌だろ
姉
姉
ったく、素直に言えないの？　誰に似たんだか
ったく、素直に言えないの？　誰に似たんだか
秀隆
秀隆
オレが手本にしてきたのは姉さんしかいないけどな……
オレが手本にしてきたのは姉さんしかいないけどな……
いや、よくこんな手本を見ながら立派に成長したとおもうよ
いや、よくこんな手本を見ながら立派に成長したとおもうよ
姉
姉
っさいわねえ
っさいわねえ
姉
姉
なんにせよ、よかった。秋ちゃんが元気になって
なんにせよ、よかった。秋ちゃんが元気になって
秀隆
秀隆
もうすぐ学年も変わるし、今の秋なら友達も新しくできるだろ
もうすぐ学年も変わるし、今の秋なら友達も新しくできるだろ
姉
姉
そうね
そうね
姉
姉
あとは私の目標だけかな
あとは私の目標だけかな
秀隆
秀隆
目標？
目標？
姉
姉
あんたがお兄ちゃんって認められたように、
あんたがお兄ちゃんって認められたように、
私も早く、秋ちゃんにお母さんって呼んでもらえるようにならないと
私も早く、秋ちゃんにお母さんって呼んでもらえるようにならないと
秀隆
秀隆
それは……
それは……
姉
姉
なによ
なによ
秀隆
秀隆
なんでもない
なんでもない
そのためには、まだまだ努力しないといけないだろうな。
そのためには、まだまだ努力しないといけないだろうな。
秋
秋
あの……
あの……
姉
姉
あら、どうしたの秋ちゃん。座って待ってていいのよ？
あら、どうしたの秋ちゃん。座って待ってていいのよ？
ある日の夕方、秋が台所で姉さんに話しかけていた。
ある日の夕方、秋が台所で姉さんに話しかけていた。
秋
秋
わ、私も料理、覚えたいです
わ、私も料理、覚えたいです
姉
姉
料理を？　それはいいけど、どうしてまた急に？
料理を？　それはいいけど、どうしてまた急に？
秋
秋
それは……
それは……
秋がオレを見る。
秋がオレを見る。
秀隆
秀隆
なんだよ
なんだよ
秋
秋
……兄さんに、食べてもらいたいから
……兄さんに、食べてもらいたいから
秀隆
秀隆
オレに？
オレに？
秋
秋
いつも、トウモロコシばっかりたべてるし
いつも、トウモロコシばっかりたべてるし
姉
姉
秀隆のトウモロコシ好きは治らないと思うけどなぁ
秀隆のトウモロコシ好きは治らないと思うけどなぁ
秀隆
秀隆
オレはトウモロコシがあれば幸せだぜ
オレはトウモロコシがあれば幸せだぜ
貧乏と言う家庭で育ったからこそ、
貧乏と言う家庭で育ったからこそ、
配給食であるトウモロコシのありがたみを知っている。
配給食であるトウモロコシのありがたみを知っている。
秋
秋
でも……
でも……
姉
姉
ま、秋ちゃんの意思が固いなら、私は喜んで教えてあげるけどね
ま、秋ちゃんの意思が固いなら、私は喜んで教えてあげるけどね
秋
秋
あ、ありがとうございますっ
あ、ありがとうございますっ
秀隆
秀隆
秋、あんまり姉さんを師事するなよ？　その人料理下手だから
秋、あんまり姉さんを師事するなよ？　その人料理下手だから
秋
秋
それは知っています。いつもご飯食べていますから
それは知っています。いつもご飯食べていますから
姉
姉
あーっははは。それはどういう意味かなあ？
あーっははは。それはどういう意味かなあ？
秋
秋
あ、いえっ、その……ごめんなさい
あ、いえっ、その……ごめんなさい
姉
姉
素直に謝られると、なんか傷つく……
素直に謝られると、なんか傷つく……
秀隆
秀隆
なあ、飯まだかよ？
なあ、飯まだかよ？
姉
姉
あーうん、えっと……出来るにはできたんだけど……
あーうん、えっと……出来るにはできたんだけど……
緑川
緑川
随分と歯切れが悪いね？
随分と歯切れが悪いね？
秀隆
秀隆
だな……
だな……
秋
秋
兄さん、できましたっ
兄さん、できましたっ
トレーを持って、料理を運んでくる。
トレーを持って、料理を運んでくる。
秀隆
秀隆
腹減ってるんだ、早くしろ
腹減ってるんだ、早くしろ
秋
秋
はいっ
はいっ
秋が、テーブルに置く。
秋が、テーブルに置く。
秀隆
秀隆
……なんだ、これ……
……なんだ、これ……
秋
秋
妹特製スペシャル料理です
妹特製スペシャル料理です
秀隆
秀隆
…………
…………
見るからにまずそうなんだが……。
見るからにまずそうなんだが……。
姉
姉
はいあなた、私の愛情たっぷりの料理
はいあなた、私の愛情たっぷりの料理
緑川
緑川
ありがとう。美味しそうだね
ありがとう。美味しそうだね
秀隆
秀隆
た、確かに……
た、確かに……
いつもおいしそうじゃない姉さんの料理が、
いつもおいしそうじゃない姉さんの料理が、
秋の料理と比べるとあら不思議、美味しそうに見える。
秋の料理と比べるとあら不思議、美味しそうに見える。
秋
秋
頑張って作りました
頑張って作りました
秀隆
秀隆
頑張って作っても、美味しくなかったら意味ないからな？
頑張って作っても、美味しくなかったら意味ないからな？
秋
秋
きっと大丈夫だと思います
きっと大丈夫だと思います
秋
秋
ね？
ね？
姉
姉
も、もちろんよ。秀隆が喜んで食べてくれるって
も、もちろんよ。秀隆が喜んで食べてくれるって
秀隆
秀隆
……おい
……おい
姉
姉
頑張れ、秀隆っ
頑張れ、秀隆っ
秋
秋
どうぞ、召し上がってください。兄さん
どうぞ、召し上がってください。兄さん
秀隆
秀隆
人体に有害なものが入ってるとかないよな？
人体に有害なものが入ってるとかないよな？
秋
秋
もちろんです
もちろんです
そんな満面の笑みを向けられると逆に困る。
そんな満面の笑みを向けられると逆に困る。
秀隆
秀隆
じゃ、とりあえず一口
じゃ、とりあえず一口
秋
秋
はいっ。どうぞっ
はいっ。どうぞっ
秀隆
秀隆
……パクッ
……パクッ
ポックリ。
ポックリ。
…………。
…………。
……。
……。
秀隆
秀隆
不味すぎる！
不味すぎる！
秋
秋
え、えぇっ！？
え、えぇっ！？
秀隆
秀隆
こんなもん食えるか！
こんなもん食えるか！
姉
姉
ちょっと秀隆、それはいくらなんでも酷すぎよ。
ちょっと秀隆、それはいくらなんでも酷すぎよ。
秋ちゃんが可哀想じゃない
秋ちゃんが可哀想じゃない
秀隆
秀隆
じゃあお前が食え！　今すぐ食え！
じゃあお前が食え！　今すぐ食え！
姉
姉
それはぁ……
それはぁ……
秀隆
秀隆
おら！
おら！
姉
姉
パクッ
パクッ
ポックリ。
ポックリ。
姉が崩れ落ちる。
姉が崩れ落ちる。
秀隆
秀隆
次はもちろん、あんただ
次はもちろん、あんただ
緑川
緑川
ぼ、ぼく？　いやでもそれは秋が秀隆くんのために
ぼ、ぼく？　いやでもそれは秋が秀隆くんのために
秀隆
秀隆
問答無用！
問答無用！
緑川
緑川
パクッ
パクッ
ポックリ。
ポックリ。
父親が崩れ落ちた。
父親が崩れ落ちた。
秀隆
秀隆
見ろ秋……おまえの料理のせいで、こんなになったぞ
見ろ秋……おまえの料理のせいで、こんなになったぞ
秋
秋
そ、そんなに不味かったですか……？！
そ、そんなに不味かったですか……？！
秀隆
秀隆
不味いって言葉すら生ぬるいかもしれん。ゴミだな
不味いって言葉すら生ぬるいかもしれん。ゴミだな
秋
秋
……うっ……
……うっ……
じわり、と泣く。
じわり、と泣く。
秀隆
秀隆
今回ばかりはオレは心を鬼にして言う。これはゴミだ
今回ばかりはオレは心を鬼にして言う。これはゴミだ
秋
秋
で、でも一生懸命……
で、でも一生懸命……
秀隆
秀隆
報われなきゃ意味がないんだよ。さらば秋
報われなきゃ意味がないんだよ。さらば秋
オレはスプーンで秋の口に料理を叩き込む。
オレはスプーンで秋の口に料理を叩き込む。
秋
秋
パクッ
パクッ
ポックリ。
ポックリ。
そして、秋も崩れ落ちた。
そして、秋も崩れ落ちた。
秀隆
秀隆
おまえには、いや……我が家は、料理のセンスがないんだと思うぞ
おまえには、いや……我が家は、料理のセンスがないんだと思うぞ
…………。
…………。
……。
……。
