メールを受けたオレは、カジノへと足を運んでいた。
メールを受けたオレは、カジノへと足を運んでいた。
恭一
恭一
入るぜ。何の用だよ、おっさん
入るぜ。何の用だよ、おっさん
応接室。
応接室。
そこにおっさんの姿はなかった。
そこにおっさんの姿はなかった。
変わりにいたのは……。
変わりにいたのは……。
竹内
竹内
君が恭一くんかね
君が恭一くんかね
めがねをかけた線の細い男一人。
めがねをかけた線の細い男一人。
恭一
恭一
あんたの顔、どっかで見たことがあるな……
あんたの顔、どっかで見たことがあるな……
竹内
竹内
私は竹内だ。以前はホープタウンの特務官として働いていた
私は竹内だ。以前はホープタウンの特務官として働いていた
恭一
恭一
……なるほど。どこかで見たと思ったが、テレビか何かだな
……なるほど。どこかで見たと思ったが、テレビか何かだな
差し出された手を一度見て、オレはソファーに腰を下ろす。
差し出された手を一度見て、オレはソファーに腰を下ろす。
恭一
恭一
あんたもおっさんに呼ばれた口か？
あんたもおっさんに呼ばれた口か？
竹内
竹内
いや、今日君を呼び出したのは私だよ
いや、今日君を呼び出したのは私だよ
恭一
恭一
どういうことだ
どういうことだ
竹内
竹内
大河内代表は、暫くの間表立っての君との接触を避ける方針のようだ
大河内代表は、暫くの間表立っての君との接触を避ける方針のようだ
恭一
恭一
なんだそりゃ
なんだそりゃ
竹内
竹内
柳沢軍司と言う男が、大河内代表の動きを常に探っている
柳沢軍司と言う男が、大河内代表の動きを常に探っている
竹内
竹内
念のための保険だよ
念のための保険だよ
恭一
恭一
……でオレに何を言いたい？
……でオレに何を言いたい？
竹内
竹内
私は彼から一通りの説明を受けてね。
私は彼から一通りの説明を受けてね。
今ホープタウンにいる地上の生き残り……
今ホープタウンにいる地上の生き残り……
キズナと言う少女を彼が狙っていると聞かされた
キズナと言う少女を彼が狙っていると聞かされた
恭一
恭一
やれやれ。地上の生き残りを調べたところで、
やれやれ。地上の生き残りを調べたところで、
得られるものなんて何もありはしないんだがな
得られるものなんて何もありはしないんだがな
竹内
竹内
彼らのような研究者は調べずにはいられないのだろう
彼らのような研究者は調べずにはいられないのだろう
竹内
竹内
柳沢は大河内代表の周辺にも違法アンドロイドを
柳沢は大河内代表の周辺にも違法アンドロイドを
もぐりこませていた様だが、それは君が始末したらしいね
もぐりこませていた様だが、それは君が始末したらしいね
恭一
恭一
いい女だったけどな
いい女だったけどな
竹内
竹内
資料を見たときには、正直信じがたかったよ。
資料を見たときには、正直信じがたかったよ。
アンドロイドを単身、それも生身で撃退するなど通常では考えられない
アンドロイドを単身、それも生身で撃退するなど通常では考えられない
恭一
恭一
そんなことはどうでもいい。本題を話せ
そんなことはどうでもいい。本題を話せ
竹内
竹内
君には、このキズナと言う少女の保護を頼みたい
君には、このキズナと言う少女の保護を頼みたい
恭一
恭一
断る
断る
竹内
竹内
そう言うだろう、と大河内代表からは聞かされている
そう言うだろう、と大河内代表からは聞かされている
竹内
竹内
しかし、聞いてもらわねば後々厄介なことになるんだよ
しかし、聞いてもらわねば後々厄介なことになるんだよ
恭一
恭一
キズナがどうされようと、おっさんらには関係ないはずだ
キズナがどうされようと、おっさんらには関係ないはずだ
竹内
竹内
そうとも言い切れないだろう
そうとも言い切れないだろう
竹内
竹内
柳沢と大河内代表にはかつて繋がりがあった。
柳沢と大河内代表にはかつて繋がりがあった。
彼と手を組み、ホープタウンの内部情報を入手していたからだ
彼と手を組み、ホープタウンの内部情報を入手していたからだ
竹内
竹内
だが、その事実を明るみに出すわけにはいかない
だが、その事実を明るみに出すわけにはいかない
竹内
竹内
万が一、少女が柳沢に拉致、
万が一、少女が柳沢に拉致、
監禁された場合ホープタウンでは間違いなく騒ぎになるだろう
監禁された場合ホープタウンでは間違いなく騒ぎになるだろう
恭一
恭一
そこから繋がりがバレる可能性があるってか
そこから繋がりがバレる可能性があるってか
竹内
竹内
そう言うことだ
そう言うことだ
竹内
竹内
特に少女の傍には、島津と言う特務官がいる
特に少女の傍には、島津と言う特務官がいる
恭一
恭一
あいつか
あいつか
竹内
竹内
面識があるのかね
面識があるのかね
恭一
恭一
何度かな
何度かな
竹内
竹内
なら、君にも分かるはずだ。彼は鋭い感性を持っている。
なら、君にも分かるはずだ。彼は鋭い感性を持っている。
少女の行方が分からなくなれば、すぐ大河内代表の下にたどり着くだろう
少女の行方が分からなくなれば、すぐ大河内代表の下にたどり着くだろう
竹内
竹内
大河内代表としては、それを黙って見過ごすことは出来ない
大河内代表としては、それを黙って見過ごすことは出来ない
恭一
恭一
めんどくせぇな
めんどくせぇな
竹内
竹内
無論……タダ、と言うつもりはない
無論……タダ、と言うつもりはない
めがねのおっさんは、鞄から一冊の本を取り出した。
めがねのおっさんは、鞄から一冊の本を取り出した。
竹内
竹内
これはホープタウンの資料だ。
これはホープタウンの資料だ。
君が望むなら、これを見せても構わないと思っている
君が望むなら、これを見せても構わないと思っている
恭一
恭一
資料ねえ
資料ねえ
この本には見覚えがある。
この本には見覚えがある。
以前島津がオレのところに届けた資料だ。
以前島津がオレのところに届けた資料だ。
恭一
恭一
やれやれ。どいつもこいつも、本でオレが釣れると思ってやがる
やれやれ。どいつもこいつも、本でオレが釣れると思ってやがる
オレは立ち上がると、その資料を受け取った。
オレは立ち上がると、その資料を受け取った。
恭一
恭一
具体的に何をしろって？
具体的に何をしろって？
竹内
竹内
定期的にホープタウンに足を運び、少女の様子を探ってもらいたい
定期的にホープタウンに足を運び、少女の様子を探ってもらいたい
恭一
恭一
仮にも、オレも地上の生き残りなんだぜ？
仮にも、オレも地上の生き残りなんだぜ？
竹内
竹内
君の言動には多くの問題点がありそうだが、
君の言動には多くの問題点がありそうだが、
人間としては完成されていると見ている
人間としては完成されていると見ている
竹内
竹内
私も大河内代表も、その点では心配していない
私も大河内代表も、その点では心配していない
恭一
恭一
実にありがたいお言葉だ
実にありがたいお言葉だ
竹内
竹内
何か分からないことがあれば、いつでも連絡をくれて構わない
何か分からないことがあれば、いつでも連絡をくれて構わない
連絡先を貰ったオレは立ち上がる。
連絡先を貰ったオレは立ち上がる。
恭一
恭一
適当にやらせてもらう
適当にやらせてもらう
オレは島津の家のチャイムを鳴らした。
オレは島津の家のチャイムを鳴らした。
アクセラ
アクセラ
はい。どちら様でしょうか？
はい。どちら様でしょうか？
恭一
恭一
餃子の楽ちゃんです。お届けに参りましたー
餃子の楽ちゃんです。お届けに参りましたー
アクセラ
アクセラ
恭一様ですね。少々お待ちください
恭一様ですね。少々お待ちください
恭一
恭一
…………
…………
アクセラ
アクセラ
こんばんは。本日はどのようなご用件でしょうか？
こんばんは。本日はどのようなご用件でしょうか？
恭一
恭一
よくオレだって分かったな
よくオレだって分かったな
アクセラ
アクセラ
一度お会いして、お声の方を覚えておりましたので
一度お会いして、お声の方を覚えておりましたので
恭一
恭一
なるほど。さすがはアンドロイドってところか
なるほど。さすがはアンドロイドってところか
キズナ
キズナ
おぉっ、きょーくんじゃないですか。こんばんわですっ！
おぉっ、きょーくんじゃないですか。こんばんわですっ！
恭一
恭一
ああ
ああ
キズナ
キズナ
あの、まだひーくんは帰っていないのですがっ
あの、まだひーくんは帰っていないのですがっ
知ってる。
知ってる。
恭一
恭一
そうか。なら帰ってくるまで少し待たせてもらっても？
そうか。なら帰ってくるまで少し待たせてもらっても？
キズナ
キズナ
もちろんです。構いませんよね？
もちろんです。構いませんよね？
アクセラ
アクセラ
ええ。どうぞお入りください
ええ。どうぞお入りください
恭一
恭一
あいつが戻ってくるまで、おまえら話し相手になれ
あいつが戻ってくるまで、おまえら話し相手になれ
キズナ
キズナ
いいんですか？
いいんですか？
恭一
恭一
このままぼけっとしてても、ただ時間の垂れ流しになるだけだ
このままぼけっとしてても、ただ時間の垂れ流しになるだけだ
恭一
恭一
それなら多少会話でもしてた方が有意義だろ
それなら多少会話でもしてた方が有意義だろ
キズナ
キズナ
やったですっ。凄く嬉しいです
やったですっ。凄く嬉しいです
恭一
恭一
あんたもどうだ
あんたもどうだ
アクセラ
アクセラ
はい。私でよければ
はい。私でよければ
コーヒーが運ばれてきた。
コーヒーが運ばれてきた。
キズナ
キズナ
普段、きょーくんはドリームタウンで何をしてるんですか？
普段、きょーくんはドリームタウンで何をしてるんですか？
恭一
恭一
別に何も。適当に出歩いたり、家で本を読んでる
別に何も。適当に出歩いたり、家で本を読んでる
キズナ
キズナ
実に有意義で自堕落な生活を送ってるんですねっ
実に有意義で自堕落な生活を送ってるんですねっ
恭一
恭一
どうせおまえも大して変わらないんだろ
どうせおまえも大して変わらないんだろ
キズナ
キズナ
あはは、バレてますか
あはは、バレてますか
恭一
恭一
地上の生き残りが、ホイホイ表に出れる状況じゃないことくらい分かる
地上の生き残りが、ホイホイ表に出れる状況じゃないことくらい分かる
キズナ
キズナ
そうですね
そうですね
キズナ
キズナ
でも、私はしっかりと家事をお手伝いしていますから
でも、私はしっかりと家事をお手伝いしていますから
恭一
恭一
そうなのか？
そうなのか？
アクセラ
アクセラ
はい。キズナ様が助けてくれるお陰で、私も楽が出来ています
はい。キズナ様が助けてくれるお陰で、私も楽が出来ています
恭一
恭一
あんたは普段何をしてるんだ
あんたは普段何をしてるんだ
アクセラ
アクセラ
島津家の家事を担当させていただいております
島津家の家事を担当させていただいております
キズナ
キズナ
アクセラさんは何をやっても凄く優秀なんです
アクセラさんは何をやっても凄く優秀なんです
恭一
恭一
ま、アンドロイドなら当然だな
ま、アンドロイドなら当然だな
多少トゲのある言い方をしてみたが、気にした様子はなかった。
多少トゲのある言い方をしてみたが、気にした様子はなかった。
恭一
恭一
それだけか？　おまえの役目は
それだけか？　おまえの役目は
アクセラ
アクセラ
はい。それだけですが、他に何か？
はい。それだけですが、他に何か？
恭一
恭一
いや、オレがアンドロイドを持ってたら芸を仕込んでやるんだがな
いや、オレがアンドロイドを持ってたら芸を仕込んでやるんだがな
キズナ
キズナ
ゲイ？　ウホッ、ですか？
ゲイ？　ウホッ、ですか？
恭一
恭一
つまんねーボケだな。一発芸とかの芸だ
つまんねーボケだな。一発芸とかの芸だ
キズナ
キズナ
おお、なるほどっ。何か仕込むほどのネタをお持ちなんですかっ
おお、なるほどっ。何か仕込むほどのネタをお持ちなんですかっ
恭一
恭一
オレほどの人間になると、卓越した芸を持ってるからな
オレほどの人間になると、卓越した芸を持ってるからな
アクセラ
アクセラ
それは、是非拝見したいですね
それは、是非拝見したいですね
恭一
恭一
いいだろう。スペシャルサービスだ
いいだろう。スペシャルサービスだ
アクセラ
アクセラ
あーあ、島津家の家事なんてやってらんねー。マジ超だりぃ
あーあ、島津家の家事なんてやってらんねー。マジ超だりぃ
オレはアンドロイドの声帯を真似、声を出した。
オレはアンドロイドの声帯を真似、声を出した。
キズナ
キズナ
お、おおおおおっ！？
お、おおおおおっ！？
アクセラ
アクセラ
何と……
何と……
恭一
恭一
それだけじゃない
それだけじゃない
秀隆
秀隆
きょ、恭一さん。お、オレ、実はホモなんですっ。ケツを掘ってください！
きょ、恭一さん。お、オレ、実はホモなんですっ。ケツを掘ってください！
アクセラ
アクセラ
ひ、秀隆様と同じ声です……寸分の狂いもありません
ひ、秀隆様と同じ声です……寸分の狂いもありません
恭一
恭一
当然だな
当然だな
キズナ
キズナ
そんな凄い芸をお持ちだったとは……
そんな凄い芸をお持ちだったとは……
キズナ
キズナ
もしかしたら、私にも出来るかも知れませんっ。アクセラさんの真似をしてみますっ
もしかしたら、私にも出来るかも知れませんっ。アクセラさんの真似をしてみますっ
キズナ
キズナ
お帰りなさいませ秀隆様っ。お鞄お持ちしますねっ
お帰りなさいませ秀隆様っ。お鞄お持ちしますねっ
恭一
恭一
全然ダメだな。全くなってない
全然ダメだな。全くなってない
キズナ
キズナ
がっくし
がっくし
恭一
恭一
まぁ、簡単に真似できないから、卓越した芸って言うんだけどな
まぁ、簡単に真似できないから、卓越した芸って言うんだけどな
アクセラ
アクセラ
お見事です恭一様
お見事です恭一様
ぱちぱちと拍手を受ける。
ぱちぱちと拍手を受ける。
キズナ
キズナ
私も何か頑張りますっ
私も何か頑張りますっ
どうやら、芸を探すことを決めたらしい。
どうやら、芸を探すことを決めたらしい。
恭一
恭一
しかし、おまえは随分とこの未来に馴染んでいるようだな
しかし、おまえは随分とこの未来に馴染んでいるようだな
キズナ
キズナ
それはお互い様だと思います
それはお互い様だと思います
アクセラ
アクセラ
そうですね、恭一様も凄く馴染んでいるようにお見受けします
そうですね、恭一様も凄く馴染んでいるようにお見受けします
恭一
恭一
オレは周囲がどうあろうと、自分は自分だからな
オレは周囲がどうあろうと、自分は自分だからな
キズナ
キズナ
それは私も同じですよ。
それは私も同じですよ。
未来でも、例え過去だとしても、私は私なんだと思います
未来でも、例え過去だとしても、私は私なんだと思います
恭一
恭一
ガキの癖に生意気な
ガキの癖に生意気な
秀隆
秀隆
ただいま、っと
ただいま、っと
アクセラ
アクセラ
お帰りなさい秀隆様
お帰りなさい秀隆様
キズナ
キズナ
アクセラさん、今忙しくて手が離せないようです
アクセラさん、今忙しくて手が離せないようです
秀隆
秀隆
飯でも作ってんのかな？
飯でも作ってんのかな？
アクセラ
アクセラ
秀隆様、食事になさいますか？　お風呂になさいますか？
秀隆様、食事になさいますか？　お風呂になさいますか？
アクセラ
アクセラ
それともぉ……私になさいますか？
それともぉ……私になさいますか？
秀隆
秀隆
ぶっ！
ぶっ！
オレは慌てて靴を脱ぎ捨て、リビングへ。
オレは慌てて靴を脱ぎ捨て、リビングへ。
秀隆
秀隆
おま、なんつーことを言ってんだ！　キズナもいるんだぞ！
おま、なんつーことを言ってんだ！　キズナもいるんだぞ！
恭一
恭一
帰ったようだな
帰ったようだな
秀隆
秀隆
……あ、恭一さん、どうも。って、あれ、アクセラは……？
……あ、恭一さん、どうも。って、あれ、アクセラは……？
キズナ
キズナ
きょーくん、さっき遊びに来たんです
きょーくん、さっき遊びに来たんです
秀隆
秀隆
遊びにって……そんな自由に街を行ったりきたりして大丈夫なんですか
遊びにって……そんな自由に街を行ったりきたりして大丈夫なんですか
恭一
恭一
いいんだよ。オレはオレのやりたいようにする
いいんだよ。オレはオレのやりたいようにする
秀隆
秀隆
恋さんは一緒じゃないんですか？
恋さんは一緒じゃないんですか？
恭一
恭一
あいつには黙って出てきたからな
あいつには黙って出てきたからな
秀隆
秀隆
な、なるほど。って、いや、今はそれどころじゃなかった
な、なるほど。って、いや、今はそれどころじゃなかった
秀隆
秀隆
アクセラを見ませんでした？
アクセラを見ませんでした？
恭一
恭一
見てないな
見てないな
アクセラ
アクセラ
やっぱり私を召し上がりたいんですね……ポッ
やっぱり私を召し上がりたいんですね……ポッ
秀隆
秀隆
えぇっ！？
えぇっ！？
恭一
恭一
どうした
どうした
秀隆
秀隆
…………
…………
秀隆
秀隆
すいません。ちょっと仕事疲れかも知れません……
すいません。ちょっと仕事疲れかも知れません……
キズナ
キズナ
このイカレポンチ野郎。ぶっ殺しますよ？
このイカレポンチ野郎。ぶっ殺しますよ？
秀隆
秀隆
き、キズナ！？
き、キズナ！？
キズナ
キズナ
はい。どうしましたか？
はい。どうしましたか？
秀隆
秀隆
今、不良というか何と言うか、汚い言葉使ったか？
今、不良というか何と言うか、汚い言葉使ったか？
キズナ
キズナ
いえ、私に覚えはありませんです
いえ、私に覚えはありませんです
秀隆
秀隆
あ、あれぇ……やっぱり疲れてんのかな、オレ
あ、あれぇ……やっぱり疲れてんのかな、オレ
キズナ
キズナ
ひゃっは～。ぶっ殺しまくってやるぜぇ
ひゃっは～。ぶっ殺しまくってやるぜぇ
秀隆
秀隆
…………
…………
キズナ
キズナ
きょーくんの演技だったのでした。まるっ
きょーくんの演技だったのでした。まるっ
秀隆
秀隆
演技ってレベル超えてるだろ！
演技ってレベル超えてるだろ！
恭一
恭一
ふん、それほどでもある
ふん、それほどでもある
キズナ
キズナ
さっきひーくんの物真似もしてもらったんですよ
さっきひーくんの物真似もしてもらったんですよ
秀隆
秀隆
オレも物真似も……？　た、試しにやってもらえます？
オレも物真似も……？　た、試しにやってもらえます？
秀隆
秀隆
オレの名前は島津秀隆。ホープタウンの特務官だ
オレの名前は島津秀隆。ホープタウンの特務官だ
秀隆
秀隆
お、おぉ……なんか似てる気がする
お、おぉ……なんか似てる気がする
キズナ
キズナ
凄くそっくりですよ
凄くそっくりですよ
秀隆
秀隆
一体どうやってるんですか……
一体どうやってるんですか……
恭一
恭一
適当だ
適当だ
秀隆
秀隆
それで、今日は遊びに来た、ってことのようですが……
それで、今日は遊びに来た、ってことのようですが……
恭一
恭一
正確には用事のついでに寄ってみただけだ。気にするな
正確には用事のついでに寄ってみただけだ。気にするな
キズナ
キズナ
先ほどまで、アクセラさんと話し込まれていたんですっ
先ほどまで、アクセラさんと話し込まれていたんですっ
秀隆
秀隆
へえ、アクセラと……
へえ、アクセラと……
恭一
恭一
あのアンドロイド、意外と面白いな
あのアンドロイド、意外と面白いな
オレは椅子から立ち上がる。
オレは椅子から立ち上がる。
恭一
恭一
そろそろ帰る
そろそろ帰る
秀隆
秀隆
良かったらご飯くらい食べていきませんか？
良かったらご飯くらい食べていきませんか？
恭一
恭一
必要ない。戻ったらどうせ、あいつが飯を用意してるしな
必要ない。戻ったらどうせ、あいつが飯を用意してるしな
秀隆
秀隆
そうですか
そうですか
キズナ
キズナ
玄関までお見送りしますっ
玄関までお見送りしますっ
恭一
恭一
必要ねえよ
必要ねえよ
キズナ
キズナ
振られてしまいました
振られてしまいました
…………。
…………。
……。
……。
