希望
希望
おはよう、秀隆くん
おはよう、秀隆くん
秀隆
秀隆
おう、起きたか。おはようさん。朝は弱くないみたいだな
おう、起きたか。おはようさん。朝は弱くないみたいだな
希望
希望
お世話になってるのに、ひとりだけ寝てるわけにはいかないよ
お世話になってるのに、ひとりだけ寝てるわけにはいかないよ
秀隆
秀隆
希望にしちゃあ、殊勝な心がけだな
希望にしちゃあ、殊勝な心がけだな
希望
希望
私にしては、ってどういう意味かな
私にしては、ってどういう意味かな
秀隆
秀隆
そのままの意味だ。おまえって、そう言う奴だろ？
そのままの意味だ。おまえって、そう言う奴だろ？
希望
希望
なんか、気がついたら秀隆くんの中で印象変わってる？
なんか、気がついたら秀隆くんの中で印象変わってる？
図々しい女の子だって思われてたりして
図々しい女の子だって思われてたりして
割と早い段階から、気づいていたけどな……。
割と早い段階から、気づいていたけどな……。
希望
希望
これでも結構、控えめなんだよ？
これでも結構、控えめなんだよ？
秀隆
秀隆
それで控えめだと、将来が不安になるな
それで控えめだと、将来が不安になるな
まどか
まどか
島津くん、ちょっといいかしら
島津くん、ちょっといいかしら
秀隆
秀隆
どうした？
どうした？
やや慌てた様子でまどかが近づいてきた。
やや慌てた様子でまどかが近づいてきた。
まどか
まどか
お客さんが来てるんだけど……
お客さんが来てるんだけど……
秀隆
秀隆
客？
客？
まどか
まどか
もしかして、また何かやったってことはないわよね？
もしかして、また何かやったってことはないわよね？
秀隆
秀隆
待て待て。話が見えない。なんのことだ？
待て待て。話が見えない。なんのことだ？
まどか
まどか
高坂特務官がきてるの。あなたに会いに
高坂特務官がきてるの。あなたに会いに
秀隆
秀隆
高坂特務官が？　……そうか
高坂特務官が？　……そうか
まどか
まどか
会議室の方に通してあるから
会議室の方に通してあるから
秀隆
秀隆
わかった
わかった
秀隆
秀隆
失礼します
失礼します
龍也
龍也
やぁ、ごめんね、朝早くに押しかけてしまって
やぁ、ごめんね、朝早くに押しかけてしまって
秀隆
秀隆
いえそんな。今日来られたのは、希望の件ですね？
いえそんな。今日来られたのは、希望の件ですね？
龍也
龍也
うん。島津くんの家でお世話になっているとか
うん。島津くんの家でお世話になっているとか
秀隆
秀隆
一昨日からですね。今日も自宅のほうで待機しているかと
一昨日からですね。今日も自宅のほうで待機しているかと
龍也
龍也
本当に申し訳ない
本当に申し訳ない
秀隆
秀隆
頭を下げないでください。こちらこそ、不安にさせたかと思います
頭を下げないでください。こちらこそ、不安にさせたかと思います
婚約者を男の家に泊めるなんて、想像するだけでも不安になる。
婚約者を男の家に泊めるなんて、想像するだけでも不安になる。
龍也
龍也
島津くんのことは信頼してるから
島津くんのことは信頼してるから
秀隆
秀隆
…………
…………
耳の痛い言葉だ。
耳の痛い言葉だ。
その思いに対して、オレは応えることが出来ない。
その思いに対して、オレは応えることが出来ない。
秀隆
秀隆
メールでもご報告させていただきましたが、
メールでもご報告させていただきましたが、
家には妹が２人と、アンドロイドがおりますので。ご心配には
家には妹が２人と、アンドロイドがおりますので。ご心配には
及びません
及びません
龍也
龍也
ありがとう
ありがとう
秀隆
秀隆
それで、希望が家を出た理由は分かりましたか？
それで、希望が家を出た理由は分かりましたか？
龍也
龍也
そう、だね。大河内代表から話は聞いたよ
そう、だね。大河内代表から話は聞いたよ
秀隆
秀隆
では早速対応をお願いしてもいいですか。
では早速対応をお願いしてもいいですか。
このまま希望を何日も泊め続けるわけにはいかないので
このまま希望を何日も泊め続けるわけにはいかないので
龍也
龍也
うん、僕もこのままじゃいけないと思う
うん、僕もこのままじゃいけないと思う
龍也
龍也
だけど、事はそう簡単なことじゃないんだ
だけど、事はそう簡単なことじゃないんだ
秀隆
秀隆
と、言いますと？
と、言いますと？
龍也
龍也
今はまだ話せない。先に、希望ちゃんに会いたい
今はまだ話せない。先に、希望ちゃんに会いたい
秀隆
秀隆
そうですね、それが一番だと思います
そうですね、それが一番だと思います
龍也
龍也
もし良かったら、島津くんの家に伺ってもいいかな？
もし良かったら、島津くんの家に伺ってもいいかな？
もちろんです、と言いたいところだが……。
もちろんです、と言いたいところだが……。
問題は、高坂特務官とキズナを会わせて良いかということだ。
問題は、高坂特務官とキズナを会わせて良いかということだ。
気づかれることはないと思うが、
気づかれることはないと思うが、
ドリームタウンはこちらに探りを入れている。
ドリームタウンはこちらに探りを入れている。
万が一にも地上の生き残りであるとは教えるわけには行かない。
万が一にも地上の生き残りであるとは教えるわけには行かない。
できれば自宅は避けたいところだ。
できれば自宅は避けたいところだ。
秀隆
秀隆
もちろん構いませんが、少し話し辛いのでは？
もちろん構いませんが、少し話し辛いのでは？
龍也
龍也
それは……
それは……
秀隆
秀隆
内々の話もあるでしょうから、
内々の話もあるでしょうから、
自分が希望を外に連れ出します。そこでお話になられるのがベターかと
自分が希望を外に連れ出します。そこでお話になられるのがベターかと
龍也
龍也
うん、そうだね。そうしてくれると、助かるよ
うん、そうだね。そうしてくれると、助かるよ
秀隆
秀隆
わかりました。もし必要であれば、この会議室もお使いいただけます
わかりました。もし必要であれば、この会議室もお使いいただけます
秀隆
秀隆
ここなら誰かに聞かれる心配もありません
ここなら誰かに聞かれる心配もありません
龍也
龍也
ありがとう……
ありがとう……
秀隆
秀隆
お昼ごはんを一緒に食べると言って、呼び出しましょう
お昼ごはんを一緒に食べると言って、呼び出しましょう
龍也
龍也
いいのかい？　君に嘘をつかせることになってしまう
いいのかい？　君に嘘をつかせることになってしまう
秀隆
秀隆
最初は嘘でも、最後に本当にしてしまえばいいでしょう
最初は嘘でも、最後に本当にしてしまえばいいでしょう
オレが笑って言うと、龍也さんも少しだけ笑った。
オレが笑って言うと、龍也さんも少しだけ笑った。
昼休みに入る頃、自宅から希望がやって来た。
昼休みに入る頃、自宅から希望がやって来た。
もちろん、事前に詳細を伝えていないため、
もちろん、事前に詳細を伝えていないため、
高坂特務官を見た瞬間に表情が曇った。
高坂特務官を見た瞬間に表情が曇った。
希望
希望
あれ……龍也、さん……
あれ……龍也、さん……
龍也
龍也
やぁ
やぁ
希望
希望
ねえ、秀隆くん、これってどういうことかな？
ねえ、秀隆くん、これってどういうことかな？
秀隆
秀隆
高坂特務官がおまえと話をしたいそうだ
高坂特務官がおまえと話をしたいそうだ
希望
希望
嘘ついたの？　秀隆くん……
嘘ついたの？　秀隆くん……
秀隆
秀隆
嘘？　いいや？　話し合いが終わったら、その後で飯だな
嘘？　いいや？　話し合いが終わったら、その後で飯だな
希望
希望
……ひどいよ……
……ひどいよ……
秀隆
秀隆
オレをどう思ってもいいけど、自分と向き合うんだ
オレをどう思ってもいいけど、自分と向き合うんだ
秀隆
秀隆
今おまえは、高坂特務官と向き合う必要がある。そうだろ？
今おまえは、高坂特務官と向き合う必要がある。そうだろ？
秀隆
秀隆
それじゃあ高坂特務官、後のことはよろしくお願いします
それじゃあ高坂特務官、後のことはよろしくお願いします
龍也
龍也
…………
…………
秀隆
秀隆
あー嫌な役回り引き受けたもんだ
あー嫌な役回り引き受けたもんだ
会議室から出て、自分の格好悪さにため息が出た。
会議室から出て、自分の格好悪さにため息が出た。
これじゃ、希望に見直されるどころか、逆戻りかもな。
これじゃ、希望に見直されるどころか、逆戻りかもな。
オレは廊下でコーヒーでも飲みながら、
オレは廊下でコーヒーでも飲みながら、
二人の話が終わるのを静かに待つことにした。
二人の話が終わるのを静かに待つことにした。
…………。
…………。
……。
……。
龍也
龍也
島津くん
島津くん
秀隆
秀隆
高坂特務官。どうでしたか、希望との話し合いは
高坂特務官。どうでしたか、希望との話し合いは
時計を見ると、３０分ほど経っていた。
時計を見ると、３０分ほど経っていた。
龍也
龍也
うん、なんとか終わったよ
うん、なんとか終わったよ
どこか、全てを終えたような、そんな顔をしていた。
どこか、全てを終えたような、そんな顔をしていた。
秀隆
秀隆
どうだったんですか。その、希望は
どうだったんですか。その、希望は
龍也
龍也
ひとまず、僕らの間では問題は解決したかな。
ひとまず、僕らの間では問題は解決したかな。
うん、多分ね。でも、まだハードルは残ってる
うん、多分ね。でも、まだハードルは残ってる
龍也
龍也
それで……非常に心苦しいお願いなんだけど、いいかな
それで……非常に心苦しいお願いなんだけど、いいかな
秀隆
秀隆
乗りかけた船です。何でも言ってください
乗りかけた船です。何でも言ってください
龍也
龍也
もう少しの間、希望ちゃんを預かってもらえないかい？
もう少しの間、希望ちゃんを預かってもらえないかい？
秀隆
秀隆
え？　いや、しかしそれは……
え？　いや、しかしそれは……
龍也
龍也
まだ大河内代表と向き合う勇気は、彼女にはない。
まだ大河内代表と向き合う勇気は、彼女にはない。
だから、君が力になってあげてほしいんだ
だから、君が力になってあげてほしいんだ
秀隆
秀隆
その役目は高坂特務官がふさわしいと思います
その役目は高坂特務官がふさわしいと思います
龍也
龍也
どうかな。僕には色々と邪念が多いから
どうかな。僕には色々と邪念が多いから
秀隆
秀隆
それって……
それって……
龍也
龍也
君も知っての通り。僕は長谷川くんが気になってる
君も知っての通り。僕は長谷川くんが気になってる
秀隆
秀隆
…………
…………
龍也
龍也
今更隠したって、意味のないことだ
今更隠したって、意味のないことだ
龍也
龍也
情けない話だけど、本当のことさ。
情けない話だけど、本当のことさ。
僕はちゃんと隠してるつもりだったんだけどね
僕はちゃんと隠してるつもりだったんだけどね
秀隆
秀隆
そのこと、希望には？
そのこと、希望には？
龍也
龍也
伝えたよ。ちゃんと
伝えたよ。ちゃんと
秀隆
秀隆
希望、落ち込んだでしょうね……
希望、落ち込んだでしょうね……
わかっていても、直接本人に言われて平気なはずが無い。
わかっていても、直接本人に言われて平気なはずが無い。
龍也
龍也
ふふ。それは君の目で確かめてみればいい。
ふふ。それは君の目で確かめてみればいい。
僕も希望ちゃんも、互いに納得の行く話しが出来たはずさ
僕も希望ちゃんも、互いに納得の行く話しが出来たはずさ
秀隆
秀隆
でも、本当にいいんですか。オレが預かっても
でも、本当にいいんですか。オレが預かっても
秀隆
秀隆
オレは、希望のことが
オレは、希望のことが
龍也
龍也
その続きは、今は聞かないでおくよ
その続きは、今は聞かないでおくよ
オレの言葉が遮られる。
オレの言葉が遮られる。
龍也
龍也
分かりきっていたとしても、
分かりきっていたとしても、
それを知る順番というのは、案外大切なんだ
それを知る順番というのは、案外大切なんだ
龍也
龍也
今彼女が必要としているのは君だ。
今彼女が必要としているのは君だ。
そうでなければ、君を訪ねてホープタウンにまで来たりはしない
そうでなければ、君を訪ねてホープタウンにまで来たりはしない
秀隆
秀隆
…………
…………
龍也
龍也
それじゃあ、希望ちゃんをよろしく
それじゃあ、希望ちゃんをよろしく
秀隆
秀隆
あ、ちょっと！
あ、ちょっと！
秀隆
秀隆
オレに任せるって言ったって……
オレに任せるって言ったって……
希望
希望
…………
…………
会議室に戻ると、希望は椅子に座り俯いていた。
会議室に戻ると、希望は椅子に座り俯いていた。
この位置からでは、その表情をう窺い知ることはできない。
この位置からでは、その表情をう窺い知ることはできない。
秀隆
秀隆
の、希望さん……？
の、希望さん……？
希望
希望
秀隆くんは、意外と意地悪だよね……
秀隆くんは、意外と意地悪だよね……
秀隆
秀隆
意地悪と言うか、なんと言うか……
意地悪と言うか、なんと言うか……
秀隆
秀隆
否定はしない
否定はしない
希望
希望
龍也さんから、何か聞いた？
龍也さんから、何か聞いた？
秀隆
秀隆
とりあえず、もう少しおまえを預かってほしいって
とりあえず、もう少しおまえを預かってほしいって
秀隆
秀隆
大河内代表と向き合えるようになるまで、ってな
大河内代表と向き合えるようになるまで、ってな
希望
希望
……うん。少しだけ、時間がほしいな
……うん。少しだけ、時間がほしいな
秀隆
秀隆
わかった。とりあえず、昼飯行くか？
わかった。とりあえず、昼飯行くか？
希望
希望
高いもの奢ってもらわなきゃ
高いもの奢ってもらわなきゃ
秀隆
秀隆
何でも食べていいぞ。ただし５００円までだけどな
何でも食べていいぞ。ただし５００円までだけどな
希望
希望
それ、全然高くないよ
それ、全然高くないよ
秀隆
秀隆
庶民の中では十分高いんだよ！
庶民の中では十分高いんだよ！
寝る前、オレは希望を部屋に呼び出していた。
寝る前、オレは希望を部屋に呼び出していた。
もちろん、話の内容は今日の高坂特務官とのことだ。
もちろん、話の内容は今日の高坂特務官とのことだ。
秀隆
秀隆
希望は怒っただろうけど、オレは必要なことだと思った
希望は怒っただろうけど、オレは必要なことだと思った
希望
希望
龍也さんに連絡すること？
龍也さんに連絡すること？
秀隆
秀隆
ああ。正確には、大河内代表に伝えることが、だけどな
ああ。正確には、大河内代表に伝えることが、だけどな
秀隆
秀隆
喧嘩している事実は別として、
喧嘩している事実は別として、
一人娘が所在不明になれば、当然周囲は心配する
一人娘が所在不明になれば、当然周囲は心配する
秀隆
秀隆
どこで何をしているのか、それくらいは教えておかないと大事にだってなりかねない
どこで何をしているのか、それくらいは教えておかないと大事にだってなりかねない
秀隆
秀隆
違うか？
違うか？
希望
希望
それは、理屈は分かるけど……
それは、理屈は分かるけど……
希望
希望
わざわざ私がここに居る、って伝えたら、なんか喧嘩っぽくないって言うか
わざわざ私がここに居る、って伝えたら、なんか喧嘩っぽくないって言うか
秀隆
秀隆
そうだ。だからオレは希望の承諾を取らずに伝えたんだ
そうだ。だからオレは希望の承諾を取らずに伝えたんだ
秀隆
秀隆
もちろん向こうにも、オレの独断で判断したと伝えてある
もちろん向こうにも、オレの独断で判断したと伝えてある
秀隆
秀隆
あくまでも、喧嘩を解決するのは両者だ。それ以上でもそれ以下でもない
あくまでも、喧嘩を解決するのは両者だ。それ以上でもそれ以下でもない
秀隆
秀隆
二人が向き合わなきゃ、絶対に解決しないことだからな
二人が向き合わなきゃ、絶対に解決しないことだからな
希望
希望
うん
うん
秀隆
秀隆
ただ、今日高坂特務官が尋ねてきたのは予想外だったけど
ただ、今日高坂特務官が尋ねてきたのは予想外だったけど
秀隆
秀隆
大河内代表が心配したからよこした、って感じじゃなかったよな
大河内代表が心配したからよこした、って感じじゃなかったよな
彼の発言内容には、やや違う重みがあった気がする。
彼の発言内容には、やや違う重みがあった気がする。
オレの気持ちも分かっている、そんな感じだった。
オレの気持ちも分かっている、そんな感じだった。
希望
希望
お父さんに聞いたみたい。私と喧嘩した原因を
お父さんに聞いたみたい。私と喧嘩した原因を
秀隆
秀隆
オレ、は知る権利がないんだよな？
オレ、は知る権利がないんだよな？
希望
希望
権利は……あるよ
権利は……あるよ
希望
希望
だけど、今は待ってもらえないかな……？
だけど、今は待ってもらえないかな……？
秀隆
秀隆
待てというなら、いつまでも待つさ
待てというなら、いつまでも待つさ
希望
希望
正直、いつかは話さなきゃいけないことだと思ってた。
正直、いつかは話さなきゃいけないことだと思ってた。
でも……なかなか、その、勇気が出なくって
でも……なかなか、その、勇気が出なくって
希望
希望
……もう一日だけ待って。私、話すようにするから
……もう一日だけ待って。私、話すようにするから
秀隆
秀隆
そんなに慌てなくてもいいぞ？　１日も２日も変わらないし
そんなに慌てなくてもいいぞ？　１日も２日も変わらないし
希望
希望
ううん。私も、話したいとは思ってるから
ううん。私も、話したいとは思ってるから
希望
希望
話さなきゃいけないことだと。思ってるから
話さなきゃいけないことだと。思ってるから
秀隆
秀隆
そうか……わかった
そうか……わかった
秀隆
秀隆
じゃあ、明日、この時間でいいか？
じゃあ、明日、この時間でいいか？
希望
希望
うん。じゃあ、また明日
うん。じゃあ、また明日
秀隆
秀隆
ああ
ああ
オレは希望の背中を見送り、ゆっくりとベッドへと倒れ込んだ。
オレは希望の背中を見送り、ゆっくりとベッドへと倒れ込んだ。
…………。
…………。
……。
……。
