夜、凛からのメールが来た。
夜、凛からのメールが来た。
街が別である以上、メールでやり取りをするしか方法はない。
街が別である以上、メールでやり取りをするしか方法はない。
明日はいよいよ本番。そっちでも生中継されるから、ちゃんと応援しなさいよね
明日はいよいよ本番。そっちでも生中継されるから、ちゃんと応援しなさいよね
そんな一文。
そんな一文。
どう返信しようか、悩んでいると次の一通が飛んでくる。
どう返信しようか、悩んでいると次の一通が飛んでくる。
明日は早いから寝るね。お休み
明日は早いから寝るね。お休み
体力のことを考えたら、正しい判断だ。
体力のことを考えたら、正しい判断だ。
オレは短く、『必ず応援する』とだけ書いてメールを送り返した。
オレは短く、『必ず応援する』とだけ書いてメールを送り返した。
３位内に入れば……アイドルのおっぱい。
３位内に入れば……アイドルのおっぱい。
秀隆
秀隆
いかんいかん。あくまでも、それはオマケだ
いかんいかん。あくまでも、それはオマケだ
秀隆
秀隆
……おっぱいか……
……おっぱいか……
ムフフ。
ムフフ。
…………。
…………。
……。
……。
