秀隆
秀隆
お呼びでしょうか、竹内特務官
お呼びでしょうか、竹内特務官
オレは、竹内氏に呼び出され入院する病院に足を運んでいた。
オレは、竹内氏に呼び出され入院する病院に足を運んでいた。
唐沢さんも居るようで、竹内氏の隣に座っている。
唐沢さんも居るようで、竹内氏の隣に座っている。
竹内
竹内
かけてくれ
かけてくれ
秀隆
秀隆
失礼します
失礼します
頭を下げ、二人の前に腰を下ろした。
頭を下げ、二人の前に腰を下ろした。
秀隆
秀隆
お体の方は大丈夫ですか？
お体の方は大丈夫ですか？
竹内
竹内
日頃の仕事疲れが溜まっていたらしい。私も歳かな
日頃の仕事疲れが溜まっていたらしい。私も歳かな
唐沢
唐沢
働きすぎだよ。僕らが君に頼りっぱなしだったせいだね
働きすぎだよ。僕らが君に頼りっぱなしだったせいだね
竹内
竹内
仕事があることは光栄なことです。お気になさらず
仕事があることは光栄なことです。お気になさらず
竹内
竹内
それより、例の少女とは上手くいっているようだね
それより、例の少女とは上手くいっているようだね
秀隆
秀隆
はい。唐沢代表と、そして倉屋敷重工のバックアップがあってこそです
はい。唐沢代表と、そして倉屋敷重工のバックアップがあってこそです
唐沢さんはニッコリと微笑み頷いた。
唐沢さんはニッコリと微笑み頷いた。
竹内
竹内
先日の、大河内代表とのやり取りは覚えているね？
先日の、大河内代表とのやり取りは覚えているね？
秀隆
秀隆
……地上時代の生き残りに関して、ですか？
……地上時代の生き残りに関して、ですか？
竹内
竹内
そうだ
そうだ
唐沢
唐沢
その話を聞いた時には驚いたよ。
その話を聞いた時には驚いたよ。
彼がどこで情報を手に入れたのかはわからないが……
彼がどこで情報を手に入れたのかはわからないが……
秀隆
秀隆
あの様子からして、何か確証があるようにも思えました。
あの様子からして、何か確証があるようにも思えました。
予測だけで口にするには、あまりに真に迫るものがありましたし
予測だけで口にするには、あまりに真に迫るものがありましたし
竹内
竹内
その可能性は否定しきれない。
その可能性は否定しきれない。
向こうが何かを掴んだ可能性がある
向こうが何かを掴んだ可能性がある
唐沢
唐沢
僕のほうでも調べてみたが、
僕のほうでも調べてみたが、
特に島津くんや他の特務官に落ち度があった様子もない
特に島津くんや他の特務官に落ち度があった様子もない
竹内
竹内
ええ。何か、我々の想像しない方法を使ったのやも
ええ。何か、我々の想像しない方法を使ったのやも
いったい、どこから情報が漏れたのだろうか。
いったい、どこから情報が漏れたのだろうか。
秀隆
秀隆
もしかして、近くにスパイが潜んでいる、とか？
もしかして、近くにスパイが潜んでいる、とか？
オレは半分冗談みたいな言い方をしたつもりだったが、
オレは半分冗談みたいな言い方をしたつもりだったが、
唐沢さんも竹内特務官も、真面目な表情を崩さなかった。
唐沢さんも竹内特務官も、真面目な表情を崩さなかった。
竹内
竹内
可能性はあるだろう
可能性はあるだろう
秀隆
秀隆
しかし、自分で言っておいてなんですが、
しかし、自分で言っておいてなんですが、
スパイなんて早々できることじゃありません
スパイなんて早々できることじゃありません
唐沢
唐沢
でも、可能性としては非常に高いんじゃないかな。
でも、可能性としては非常に高いんじゃないかな。
僕らの考えも及ばない方法で、情報を得ているのかも知れない
僕らの考えも及ばない方法で、情報を得ているのかも知れない
その１つが、スパイ、ってことか。
その１つが、スパイ、ってことか。
秀隆
秀隆
…………
…………
竹内
竹内
ともかく、これからはよりいっそう警戒して面倒を見て欲しい
ともかく、これからはよりいっそう警戒して面倒を見て欲しい
秀隆
秀隆
不審人物が接触してこないように、ですね
不審人物が接触してこないように、ですね
竹内
竹内
もちろんそうだ。それに、どんな些細な話も外ではしないように
もちろんそうだ。それに、どんな些細な話も外ではしないように
秀隆
秀隆
わかりました。念のため、家の中に盗聴等がないかも調べさせます
わかりました。念のため、家の中に盗聴等がないかも調べさせます
竹内
竹内
その方がいいだろう
その方がいいだろう
唐沢
唐沢
今日君を呼んだのは、それに関連することなんだよ
今日君を呼んだのは、それに関連することなんだよ
どうやらここからが本題らしい。
どうやらここからが本題らしい。
竹内
竹内
実は気になる噂を入手したものでね。
実は気になる噂を入手したものでね。
君にも耳に入れておこうと思って呼び出させてもらった
君にも耳に入れておこうと思って呼び出させてもらった
秀隆
秀隆
気になる噂、ですか
気になる噂、ですか
竹内
竹内
地上時代の生き残りが、ドリームタウンにも居るかもしれない
地上時代の生き残りが、ドリームタウンにも居るかもしれない
秀隆
秀隆
え……
え……
唐沢
唐沢
スパイが潜んでいる可能性と、もう一つ考えられる可能性だよ
スパイが潜んでいる可能性と、もう一つ考えられる可能性だよ
竹内
竹内
彼があんなことを言い出したのは、
彼があんなことを言い出したのは、
あちら側にも生き残りがいたから、と言うのが一番有力な見解だ
あちら側にも生き残りがいたから、と言うのが一番有力な見解だ
竹内氏は一枚の写真を取り出し、テーブルへと置いた。
竹内氏は一枚の写真を取り出し、テーブルへと置いた。
カジノフロアと見られる場所で、何人かの人物が写っている。
カジノフロアと見られる場所で、何人かの人物が写っている。
しかし、明らかにある１人を狙って撮られたものだった。
しかし、明らかにある１人を狙って撮られたものだった。
秀隆
秀隆
この男は……
この男は……
先日、美人ディーラーと巨額の賭けをしていた男に似ている気がする。
先日、美人ディーラーと巨額の賭けをしていた男に似ている気がする。
でもあの時は後姿だけだったから、自信は無い。
でもあの時は後姿だけだったから、自信は無い。
唐沢
唐沢
知っているのかね？
知っているのかね？
秀隆
秀隆
いえ。それで、この男が地上の生き残りである確率は？
いえ。それで、この男が地上の生き残りである確率は？
竹内
竹内
あの施設が発見されてから少しして、
あの施設が発見されてから少しして、
この男が大河内代表や高坂特務官と接触するのを頻繁に目撃するようになった
この男が大河内代表や高坂特務官と接触するのを頻繁に目撃するようになった
秀隆
秀隆
単に他の特務官や、企業関係者ということも考えられるんじゃ
単に他の特務官や、企業関係者ということも考えられるんじゃ
竹内
竹内
無論その可能性は０ではない。
無論その可能性は０ではない。
だが、今のところこの男を知る者は誰もいない
だが、今のところこの男を知る者は誰もいない
秀隆
秀隆
確かドリームタウン側からの調査報告書には、
確かドリームタウン側からの調査報告書には、
見つかった全ての人間は死亡していた、でしたよね？
見つかった全ての人間は死亡していた、でしたよね？
唐沢
唐沢
そうだね
そうだね
つまり、仮にこの男が本当に生き残りであるなら、
つまり、仮にこの男が本当に生き残りであるなら、
大河内代表は嘘の報告書を出させたことになる。
大河内代表は嘘の報告書を出させたことになる。
街の代表が全員死んでいたと報告しているのに、
街の代表が全員死んでいたと報告しているのに、
もしかしてこの男は生き残りなのでは、とは聞くわけにもいかない。
もしかしてこの男は生き残りなのでは、とは聞くわけにもいかない。
先日、大河内代表がこちらに確認をしてきたように。
先日、大河内代表がこちらに確認をしてきたように。
あんなことが出来るのは、大河内代表だからだ。
あんなことが出来るのは、大河内代表だからだ。
不用意にこちらがそんなことをすれば、外交問題に発展する。
不用意にこちらがそんなことをすれば、外交問題に発展する。
まして、向こうが言った後では絶対に口に出来ない。
まして、向こうが言った後では絶対に口に出来ない。
ひょっとすると、彼はこうなることも想定しての行動だったのだろうか。
ひょっとすると、彼はこうなることも想定しての行動だったのだろうか。
仕掛けるとしたら先制攻撃でしか使えないが、良い手だ。
仕掛けるとしたら先制攻撃でしか使えないが、良い手だ。
オレの考えていたことが、二人にも伝わったんだろう。
オレの考えていたことが、二人にも伝わったんだろう。
竹内
竹内
無論、大河内代表を疑うわけではないが、念のためだよ
無論、大河内代表を疑うわけではないが、念のためだよ
秀隆
秀隆
それで……この話を自分にお聞かせになったのはどうしてでしょう？
それで……この話を自分にお聞かせになったのはどうしてでしょう？
耳に入れておきたいだけ、とは考えにくい。
耳に入れておきたいだけ、とは考えにくい。
竹内
竹内
それは……君に、この男の身元調査を頼みたいと考えているからだ
それは……君に、この男の身元調査を頼みたいと考えているからだ
秀隆
秀隆
自分に、ですか
自分に、ですか
竹内
竹内
高坂特務官とも面識がある君が、最も適任だろう。
高坂特務官とも面識がある君が、最も適任だろう。
他の者では、むやみやたらと目立ってしまいかねない
他の者では、むやみやたらと目立ってしまいかねない
唐沢
唐沢
新人ならば、多少強引な行動も不自然には映らないだろう
新人ならば、多少強引な行動も不自然には映らないだろう
秀隆
秀隆
……なるほど
……なるほど
唐沢
唐沢
もしこの男が本当にキズナ君と同じ地上時代の生き残りであるなら、我々はその詳細を把握し、管理する必要があると考えている
もしこの男が本当にキズナ君と同じ地上時代の生き残りであるなら、我々はその詳細を把握し、管理する必要があると考えている
唐沢
唐沢
彼が何を知り、何を思い、どう考えているのかをね
彼が何を知り、何を思い、どう考えているのかをね
秀隆
秀隆
はい。確かにそうですね
はい。確かにそうですね
事と次第によっては、キズナにも影響が出かねない話だ。
事と次第によっては、キズナにも影響が出かねない話だ。
秀隆
秀隆
どこまでお力になれるか分かりませんが、やらせて頂きます
どこまでお力になれるか分かりませんが、やらせて頂きます
竹内
竹内
よろしく頼むよ
よろしく頼むよ
秀隆
秀隆
こちらの写真をお借りしてもよろしいですか
こちらの写真をお借りしてもよろしいですか
竹内
竹内
構わない。しかし、取り扱いは慎重にするよう。
構わない。しかし、取り扱いは慎重にするよう。
私たちが調査していることを気付かれては意味が無いからね
私たちが調査していることを気付かれては意味が無いからね
秀隆
秀隆
わかりました
わかりました
写真を懐にしまいこもうとして、
写真を懐にしまいこもうとして、
オレは一つ気になったことを口にした。
オレは一つ気になったことを口にした。
秀隆
秀隆
こちらの写真は、どなたが入手されたのですか？
こちらの写真は、どなたが入手されたのですか？
このアングル、とても隠し撮りしたものとは思えない。
このアングル、とても隠し撮りしたものとは思えない。
あまりに鮮明すぎるし、距離が近すぎる。
あまりに鮮明すぎるし、距離が近すぎる。
竹内
竹内
そんなことはどうでもいいことだ。君が気にすることじゃない
そんなことはどうでもいいことだ。君が気にすることじゃない
秀隆
秀隆
……失礼しました。そうですね。では、失礼します
……失礼しました。そうですね。では、失礼します
唐沢
唐沢
がんばってくれ、島津くん
がんばってくれ、島津くん
秀隆
秀隆
もう一人の、生き残りか……
もう一人の、生き残りか……
確かにキズナと言う例がある以上、可能性はありえるだろう。
確かにキズナと言う例がある以上、可能性はありえるだろう。
でも、それより気になったのが、この写真の出所だ。
でも、それより気になったのが、この写真の出所だ。
話の時系列を辿るなら、
話の時系列を辿るなら、
昨日今日で入手されたものと言うことになる。
昨日今日で入手されたものと言うことになる。
懐から取り出した写真の前と後ろを確認するが、
懐から取り出した写真の前と後ろを確認するが、
撮影されたと思われる日付は載っていなかった。
撮影されたと思われる日付は載っていなかった。
秀隆
秀隆
これは……誰が用意したものなんだろうか……
これは……誰が用意したものなんだろうか……
そのことだけが、いつまでも頭に引っかかり続けた。
そのことだけが、いつまでも頭に引っかかり続けた。
まどか
まどか
島津くん、ちょっといいかしら……
島津くん、ちょっといいかしら……
オフィスに戻ると、神妙な表情を作るまどかに声をかけられた。
オフィスに戻ると、神妙な表情を作るまどかに声をかけられた。
秀隆
秀隆
どうした？
どうした？
まどか
まどか
例の、競売で悪い結果が出たわ
例の、競売で悪い結果が出たわ
そう言い、書類を手渡してきた。
そう言い、書類を手渡してきた。
seめくる (1
seめくる (1
オレはすぐさま資料に目を通す。
オレはすぐさま資料に目を通す。
まどか
まどか
対抗馬となるドリームタウンのアンドロイド社は、
対抗馬となるドリームタウンのアンドロイド社は、
銀行各社に借り入れを含めて、１７億は用意してるらしいの
銀行各社に借り入れを含めて、１７億は用意してるらしいの
秀隆
秀隆
じゅ、１７億……！？
じゅ、１７億……！？
まどか
まどか
年間の販売台数から計算して、
年間の販売台数から計算して、
２０年ほどの長期計画で投資金回収に持っていく算段みたい
２０年ほどの長期計画で投資金回収に持っていく算段みたい
秀隆
秀隆
最初は痛みを覚悟ってことか……
最初は痛みを覚悟ってことか……
秀隆
秀隆
でもよく１７億も用意できたな
でもよく１７億も用意できたな
まどか
まどか
銀行の借り入れに、高坂特務官も同席していたみたいなの
銀行の借り入れに、高坂特務官も同席していたみたいなの
秀隆
秀隆
高坂特務官が……？
高坂特務官が……？
悪い予感が的中することになってしまったらしい。
悪い予感が的中することになってしまったらしい。
オレたちの参加する地区に、彼も絡んでくるのか。
オレたちの参加する地区に、彼も絡んでくるのか。
まどか
まどか
彼の一言で、銀行が多額の融資をするってことね
彼の一言で、銀行が多額の融資をするってことね
秀隆
秀隆
この情報はどこから？
この情報はどこから？
まどか
まどか
どこからだと思う？　ドリームタウンの新聞に載ってた情報なの
どこからだと思う？　ドリームタウンの新聞に載ってた情報なの
秀隆
秀隆
隠すつもりはサラサラない、ってことか
隠すつもりはサラサラない、ってことか
まどか
まどか
１７億なんて言われたら並みの企業は撤退するしかない。
１７億なんて言われたら並みの企業は撤退するしかない。
多分それが狙いなんじゃないかしら
多分それが狙いなんじゃないかしら
秀隆
秀隆
確かに、１７億は……
確かに、１７億は……
区画の面積から考えても、やや採算を無視した金額だ。
区画の面積から考えても、やや採算を無視した金額だ。
もちろんその全てを競売に投じるとは限らない。
もちろんその全てを競売に投じるとは限らない。
こちらが弱腰に出ると踏んで、１５億と少しに留まる可能性もある。
こちらが弱腰に出ると踏んで、１５億と少しに留まる可能性もある。
秀隆
秀隆
課題は山積みだな
課題は山積みだな
少なくとも、今こちらにある資金では勝ち目が薄くなったと言うこと。
少なくとも、今こちらにある資金では勝ち目が薄くなったと言うこと。
秀隆
秀隆
競売まではまだ時間がある。じっくり考えよう
競売まではまだ時間がある。じっくり考えよう
…………。
…………。
……。
……。
秋
秋
あ……
あ……
夜、１０時をまわった頃。
夜、１０時をまわった頃。
喉が渇いてリビングへ出ると、秋が慌てたように何かを隠した。
喉が渇いてリビングへ出ると、秋が慌てたように何かを隠した。
秀隆
秀隆
何だよ。見られたくないものでも見てたのか？
何だよ。見られたくないものでも見てたのか？
秋
秋
いえ、別に……
いえ、別に……
秀隆
秀隆
いいけどな
いいけどな
オレに対して、隠し事の１つや２つ、あって当然だろうし。
オレに対して、隠し事の１つや２つ、あって当然だろうし。
秋
秋
部屋に戻ります
部屋に戻ります
そう言い、椅子を引くと秋は立ち上がり部屋へと足を向けた。
そう言い、椅子を引くと秋は立ち上がり部屋へと足を向けた。
その瞬間何かに躓いたのか、ふらっと床に倒れこむ。
その瞬間何かに躓いたのか、ふらっと床に倒れこむ。
オレは手を差し伸べることもできたが、結局手を出すことはなかった。
オレは手を差し伸べることもできたが、結局手を出すことはなかった。
秋
秋
いたた……
いたた……
秀隆
秀隆
ドン臭いヤツだな
ドン臭いヤツだな
秋
秋
なにか、足元に落ちていたので……
なにか、足元に落ちていたので……
そう言った、テーブルの下に携帯が落ちていた。
そう言った、テーブルの下に携帯が落ちていた。
秀隆
秀隆
悪いオレの携帯だわ。飯のときに落としてそのままだった
悪いオレの携帯だわ。飯のときに落としてそのままだった
秋
秋
…………
…………
ちょっとだけ睨まれた。
ちょっとだけ睨まれた。
ふと、転んだ拍子に落としてしまったのか、
ふと、転んだ拍子に落としてしまったのか、
白い紙が裏返しで床に落ちていた。
白い紙が裏返しで床に落ちていた。
秀隆
秀隆
落としてるぞ
落としてるぞ
秋
秋
あっ！
あっ！
ひょいと拾い上げる。
ひょいと拾い上げる。
別に読むつもりはなかったが、
別に読むつもりはなかったが、
そこにかかれてあったのは、進路希望調査の紙だった。
そこにかかれてあったのは、進路希望調査の紙だった。
秀隆
秀隆
…………
…………
そう言えば、この間もそんな話が出てたっけか。
そう言えば、この間もそんな話が出てたっけか。
秋
秋
返してください
返してください
秀隆
秀隆
別に取り上げるつもりはない
別に取り上げるつもりはない
スッと返すと、秋は奪い取るように紙を掴んだ。
スッと返すと、秋は奪い取るように紙を掴んだ。
パッと見た限り希望欄は空白だった。
パッと見た限り希望欄は空白だった。
秀隆
秀隆
進路どうするんだ？　前言ってたようにＯＬにでもなるか？
進路どうするんだ？　前言ってたようにＯＬにでもなるか？
秋
秋
兄さんには関係ありません
兄さんには関係ありません
秀隆
秀隆
そりゃそうなんだけどな
そりゃそうなんだけどな
秋
秋
安心して下さい。卒業したら、家は出ますから
安心して下さい。卒業したら、家は出ますから
秀隆
秀隆
そうか
そうか
オレも部屋に戻ろう。
オレも部屋に戻ろう。
秀隆
秀隆
あ
あ
秀隆
秀隆
そろそろ、三者面談じゃないか？
そろそろ、三者面談じゃないか？
秋
秋
大丈夫です。私一人で受けますから
大丈夫です。私一人で受けますから
秀隆
秀隆
受けますから、って。おまえの担任は山田先生だろ？
受けますから、って。おまえの担任は山田先生だろ？
秀隆
秀隆
あの人が、そう言うことを許可すると思うか？
あの人が、そう言うことを許可すると思うか？
まして、おまえにはオレがいることを知ってるわけだし
まして、おまえにはオレがいることを知ってるわけだし
山田先生は規律にうるさい。
山田先生は規律にうるさい。
そりゃ正当な理由があれば別だが、
そりゃ正当な理由があれば別だが、
両親がいない秋にとっては、オレが親代わりになる。
両親がいない秋にとっては、オレが親代わりになる。
山田先生は間違いなく、呼ぶように言うだろう。
山田先生は間違いなく、呼ぶように言うだろう。
いや、もう秋には言っているのかもしれない。
いや、もう秋には言っているのかもしれない。
秋
秋
こう言うとき、学園の事情を知ってると嫌ですね……
こう言うとき、学園の事情を知ってると嫌ですね……
秋
秋
でも大丈夫です。兄さんは特務官の仕事で忙しいと言っておきますから
でも大丈夫です。兄さんは特務官の仕事で忙しいと言っておきますから
秀隆
秀隆
オレは
オレは
行かない
行かない
三者面談に行く
三者面談に行く
秀隆
秀隆
いつだ？
いつだ？
秋
秋
何がですか
何がですか
秀隆
秀隆
三者面談
三者面談
秋
秋
そんなこと聞いても意味ないと思います
そんなこと聞いても意味ないと思います
秀隆
秀隆
いいから。いつなんだよ
いいから。いつなんだよ
秋
秋
……明後日の放課後からです
……明後日の放課後からです
そりゃまた、随分と間近に迫ってたもんだ。
そりゃまた、随分と間近に迫ってたもんだ。
秀隆
秀隆
じゃあ放課後に学園に行くようにする
じゃあ放課後に学園に行くようにする
秋
秋
何を言ってるんですか？　冗談は顔だけにして欲しいです
何を言ってるんですか？　冗談は顔だけにして欲しいです
秀隆
秀隆
いやいや、別に顔も冗談じゃねえけど！
いやいや、別に顔も冗談じゃねえけど！
秋
秋
どう言う風の吹き回しですか
どう言う風の吹き回しですか
秀隆
秀隆
別に。元々慶応学園の教師としては、
別に。元々慶応学園の教師としては、
なんていうか適当にするわけにもいかないだろ？
なんていうか適当にするわけにもいかないだろ？
秋
秋
はぁ……
はぁ……
理解したようなしていないような声を出す。
理解したようなしていないような声を出す。
秋
秋
ちょっと気持ち悪いです
ちょっと気持ち悪いです
秀隆
秀隆
面目を保つうえで、必要だと思っただけだ
面目を保つうえで、必要だと思っただけだ
秋
秋
そうですか
そうですか
秋
秋
なら、止めはしません
なら、止めはしません
ぺこりと頭を下げ、秋は部屋に戻っていった。
ぺこりと頭を下げ、秋は部屋に戻っていった。
秀隆
秀隆
なんでオレ、面談の約束なんてしたんだろうな？
なんでオレ、面談の約束なんてしたんだろうな？
正直、こんなことをしても誰も喜ばない。
正直、こんなことをしても誰も喜ばない。
秀隆
秀隆
面倒臭ぇ……
面倒臭ぇ……
秀隆
秀隆
部屋に戻るわ
部屋に戻るわ
秋
秋
はい。おやすみなさい、兄さん
はい。おやすみなさい、兄さん
オレはそそくさと部屋に戻ることにした。
オレはそそくさと部屋に戻ることにした。
秀隆
秀隆
ふう……
ふう……
オレは部屋に戻った後、気だるさを感じベッドに倒れ込んだ。
オレは部屋に戻った後、気だるさを感じベッドに倒れ込んだ。
秋と会話をしたせいだろうか……。
秋と会話をしたせいだろうか……。
心の中に靄がかかっていて、正直気分は良くない。
心の中に靄がかかっていて、正直気分は良くない。
秀隆
秀隆
何か、楽しいことでも考えるか……
何か、楽しいことでも考えるか……
楽しいことか……。
楽しいことか……。
オレは―――誰か別の奴を思い浮かべる。
オレは―――誰か別の奴を思い浮かべる。
希望
希望
アクセラ
アクセラ
キズナ
キズナ
秀隆
秀隆
キズナか……最初はどうなることかと思ったけど、
キズナか……最初はどうなることかと思ったけど、
正直キズナが家に来てくれて、正解だった気がする
正直キズナが家に来てくれて、正解だった気がする
秋との生活も、キズナのお陰で負担は軽減された。
秋との生活も、キズナのお陰で負担は軽減された。
助けるつもりが、いつの間にか助けられている。
助けるつもりが、いつの間にか助けられている。
いつも明るいキズナの笑顔を見ているだけで、
いつも明るいキズナの笑顔を見ているだけで、
周囲のオレや、アクセラ、秋を幸せな気分にしてくれる。
周囲のオレや、アクセラ、秋を幸せな気分にしてくれる。
そう言うのは、経験なんかじゃ得ることの出来ない、天性のものだ。
そう言うのは、経験なんかじゃ得ることの出来ない、天性のものだ。
オレはキズナのことを考えながら、眠りにつくことにした。
オレはキズナのことを考えながら、眠りにつくことにした。
アクセラの存在は、本当に大きい。
アクセラの存在は、本当に大きい。
この５年間、何とか秋と生活を続けてこられたのは、
この５年間、何とか秋と生活を続けてこられたのは、
間違いなくアクセラのお陰だろう。
間違いなくアクセラのお陰だろう。
今までもこれからも、オレにとってアクセラは掛け替えのない存在だ。
今までもこれからも、オレにとってアクセラは掛け替えのない存在だ。
もしアクセラがいなければ、
もしアクセラがいなければ、
島津家はとっくに崩壊して、存在しなかっただろう。
島津家はとっくに崩壊して、存在しなかっただろう。
オレはアクセラに日々の感謝をしながら、眠りについた。
オレはアクセラに日々の感謝をしながら、眠りについた。
希望か。
希望か。
秀隆
秀隆
あいつといると、今みたいな嫌なことを考えないで済むんだよな
あいつといると、今みたいな嫌なことを考えないで済むんだよな
いつも笑顔で、前向きな希望。
いつも笑顔で、前向きな希望。
特務官になれたのだって、希望のお陰だ。
特務官になれたのだって、希望のお陰だ。
こう言う時、希望が居てくれたらな。
こう言う時、希望が居てくれたらな。
秋との嫌な生活にも、少しは変わった変化が訪れるだろうに。
秋との嫌な生活にも、少しは変わった変化が訪れるだろうに。
秀隆
秀隆
今頃何してるんだろうな。凛の奴
今頃何してるんだろうな。凛の奴
まだ仕事中だろうか？
まだ仕事中だろうか？
それとも、自宅に帰ってゆっくり休んでるんだろうか。
それとも、自宅に帰ってゆっくり休んでるんだろうか。
秀隆
秀隆
あのおっぱいは、いつ見ても最高だよな……
あのおっぱいは、いつ見ても最高だよな……
おっぱい……。
おっぱい……。
いかんいかん、眠るつもりが、別のところが起き始めた。
いかんいかん、眠るつもりが、別のところが起き始めた。
秀隆
秀隆
……凛とだったら、毎日楽しくやれるんだけどな
……凛とだったら、毎日楽しくやれるんだけどな
…………。
…………。
……。
……。
