竹内
竹内
島津くん
島津くん
秀隆
秀隆
竹内特務官、お疲れ様です
竹内特務官、お疲れ様です
竹内
竹内
これからどこかに出かけるのかね？
これからどこかに出かけるのかね？
秀隆
秀隆
はい、そのつもりですが、何か？
はい、そのつもりですが、何か？
竹内
竹内
私も今からドリームタウンで会議でね。途中まで一緒にどうかね
私も今からドリームタウンで会議でね。途中まで一緒にどうかね
秀隆
秀隆
もちろんです
もちろんです
オレは竹内特務官と二人で官邸を後にする。
オレは竹内特務官と二人で官邸を後にする。
竹内
竹内
最近、何やら活発に行動しているみたいだね。
最近、何やら活発に行動しているみたいだね。
何でも違法アンドロイドの調査……を行っているとか
何でも違法アンドロイドの調査……を行っているとか
秀隆
秀隆
ご存知でしたか……
ご存知でしたか……
竹内
竹内
君と同じ助特務官からの報告を受けたんだよ。
君と同じ助特務官からの報告を受けたんだよ。
本来責務にない仕事を、独自の判断と行動で行っているとね
本来責務にない仕事を、独自の判断と行動で行っているとね
竹内
竹内
本来それは、特務官が行うべき案件ではないね？
本来それは、特務官が行うべき案件ではないね？
秀隆
秀隆
はい……元々は、個人的に引き受けたものです
はい……元々は、個人的に引き受けたものです
秀隆
秀隆
お叱りは覚悟の上です
お叱りは覚悟の上です
竹内
竹内
いや、私は君たちを叱るつもりはない。
いや、私は君たちを叱るつもりはない。
本来特務官とは、自ら動き、自らの信念を元に行動を起こすものだ
本来特務官とは、自ら動き、自らの信念を元に行動を起こすものだ
竹内
竹内
もし君が課せられた使命をこなしていなければ、
もし君が課せられた使命をこなしていなければ、
さすがに私も話をせざるを得なかっただろうが。
さすがに私も話をせざるを得なかっただろうが。
君は通常業務も卒なくこなしている
君は通常業務も卒なくこなしている
竹内
竹内
となれば、認めざるを得ないだろう。君の行動を
となれば、認めざるを得ないだろう。君の行動を
秀隆
秀隆
……ありがとうございます
……ありがとうございます
竹内
竹内
それに、君は倉屋敷社長との貴重なつながりを持っている。
それに、君は倉屋敷社長との貴重なつながりを持っている。
唐沢さんでも容易には接触出来ない相手だ
唐沢さんでも容易には接触出来ない相手だ
竹内特務官は表情こそ硬かったが、言葉に棘はない。
竹内特務官は表情こそ硬かったが、言葉に棘はない。
竹内
竹内
君がその仕事を特務官として引き受けたのは、むしろ好都合だ。
君がその仕事を特務官として引き受けたのは、むしろ好都合だ。
彼女にも、特務官がよき存在であると認識してもらうための機会になるだろう
彼女にも、特務官がよき存在であると認識してもらうための機会になるだろう
秀隆
秀隆
そうなればよいと思っています
そうなればよいと思っています
竹内
竹内
それで、これからどこに？
それで、これからどこに？
秀隆
秀隆
片桐食糧プラントに、アンドロイドに詳しい人物がいると耳にしまして。その事実関係を取りに向かうところです
片桐食糧プラントに、アンドロイドに詳しい人物がいると耳にしまして。その事実関係を取りに向かうところです
竹内
竹内
そうかね。期待しているよ
そうかね。期待しているよ
秀隆
秀隆
ありがとうございます
ありがとうございます
竹内
竹内
実はひとつ、個人的に聞いてみたいことがあったのだが……
実はひとつ、個人的に聞いてみたいことがあったのだが……
秀隆
秀隆
竹内特務官が、自分にですか
竹内特務官が、自分にですか
竹内
竹内
君は周りが反対する中、いつも自分の意思を貫き通している。
君は周りが反対する中、いつも自分の意思を貫き通している。
食糧プラント、ＣＭ交渉、そして競売にしてもそうだ
食糧プラント、ＣＭ交渉、そして競売にしてもそうだ
竹内
竹内
どんな困難な状況であっても、諦めない強い意志を持っている
どんな困難な状況であっても、諦めない強い意志を持っている
秀隆
秀隆
ただ我武者羅なだけです
ただ我武者羅なだけです
竹内
竹内
仮に、それが君の言う我武者羅さ、だったとしてもだ
仮に、それが君の言う我武者羅さ、だったとしてもだ
竹内特務官が立ち止まり、オレも歩みを止める。
竹内特務官が立ち止まり、オレも歩みを止める。
竹内
竹内
君は何のために、戦っているんだね？
君は何のために、戦っているんだね？
秀隆
秀隆
何のために……
何のために……
竹内
竹内
金、地位、名誉、そういう類のものだ
金、地位、名誉、そういう類のものだ
秀隆
秀隆
そのどれも、ほしいとは思っています
そのどれも、ほしいとは思っています
秀隆
秀隆
それに、生まれ育ったこの世界を、この街を守りたいとも思っています
それに、生まれ育ったこの世界を、この街を守りたいとも思っています
竹内
竹内
街のヒーローを目指している、と言うことかね
街のヒーローを目指している、と言うことかね
秀隆
秀隆
それだけではありません。いえ、恐らく自分が一番望んでいるのは……
それだけではありません。いえ、恐らく自分が一番望んでいるのは……
秀隆
秀隆
唐沢代表に恩を返したい。その１点だと思います
唐沢代表に恩を返したい。その１点だと思います
竹内
竹内
…………
…………
竹内
竹内
唐沢さんに恩を返したい、か。なるほど……
唐沢さんに恩を返したい、か。なるほど……
竹内
竹内
それが君の戦う理由なのか
それが君の戦う理由なのか
秀隆
秀隆
はい
はい
竹内
竹内
島津くん。君のその考えを、私は否定するつもりはない
島津くん。君のその考えを、私は否定するつもりはない
竹内
竹内
どんな考え方を持っていてもそれは個人の自由だからだ
どんな考え方を持っていてもそれは個人の自由だからだ
竹内特務官は再び歩き出す。
竹内特務官は再び歩き出す。
その横顔は、険しいものとなっていた。
その横顔は、険しいものとなっていた。
竹内
竹内
しかし……
しかし……
竹内
竹内
その考えは、やがて自らの身を滅ぼすことになるだろう
その考えは、やがて自らの身を滅ぼすことになるだろう
秀隆
秀隆
身を滅ぼす……ですか
身を滅ぼす……ですか
竹内
竹内
誰かを信じ、誰かのために働き、誰かのために死ぬ。
誰かを信じ、誰かのために働き、誰かのために死ぬ。
それでは、いずれ自分自身を追い詰める結果になる
それでは、いずれ自分自身を追い詰める結果になる
秀隆
秀隆
では竹内特務官は、何のために働いているんですか？
では竹内特務官は、何のために働いているんですか？
竹内
竹内
かつては街のため、そして代表のためだけに……
かつては街のため、そして代表のためだけに……
竹内
竹内
だが今は
だが今は
そう言いかけたところで、分かれ道についた。
そう言いかけたところで、分かれ道についた。
竹内
竹内
どうやら、ここまでのようだね。この続きはいずれまた
どうやら、ここまでのようだね。この続きはいずれまた
秀隆
秀隆
はい、失礼します
はい、失礼します
自らの身を滅ぼす……か。
自らの身を滅ぼす……か。
でも、それでもいいんじゃないだろうか。
でも、それでもいいんじゃないだろうか。
オレは唐沢さんに救われた。
オレは唐沢さんに救われた。
その結果、身を滅ぼすことになっても、オレは仕方がないと諦められる気がする。
その結果、身を滅ぼすことになっても、オレは仕方がないと諦められる気がする。
オレは早速裕輔の言葉を頼りに、食料プラントを訪ねていた。
オレは早速裕輔の言葉を頼りに、食料プラントを訪ねていた。
秀隆
秀隆
すみません。私特務官の島津と申しますが、
すみません。私特務官の島津と申しますが、
搬入係の油谷月さんをお願いできないでしょうか？
搬入係の油谷月さんをお願いできないでしょうか？
受付の人間に声をかけ、油谷月さんを呼んでもらう。
受付の人間に声をかけ、油谷月さんを呼んでもらう。
１０分ほど待っていると、細い体形の、メガネをかけた男性が出てきた。
１０分ほど待っていると、細い体形の、メガネをかけた男性が出てきた。
油谷月
油谷月
あ、あの……僕が油谷月ですが、何か……
あ、あの……僕が油谷月ですが、何か……
秀隆
秀隆
急におよびたてしてしまい、申し訳御座いません
急におよびたてしてしまい、申し訳御座いません
秀隆
秀隆
少しよろしいですか
少しよろしいですか
オレは通りを避け、影の差す場所へと油谷月さんを連れる。
オレは通りを避け、影の差す場所へと油谷月さんを連れる。
警戒しているのかおどおどしているようだった。
警戒しているのかおどおどしているようだった。
秀隆
秀隆
そう警戒なさらなくても大丈夫です。
そう警戒なさらなくても大丈夫です。
今日はひとつ、お聞きしたいことがございまして
今日はひとつ、お聞きしたいことがございまして
秀隆
秀隆
油谷月さんはアンドロイドにお詳しいとか？
油谷月さんはアンドロイドにお詳しいとか？
油谷月
油谷月
ぼ、僕は何もしてません……！
ぼ、僕は何もしてません……！
秀隆
秀隆
はい。もちろんです
はい。もちろんです
秀隆
秀隆
ここでお話したことが、あなたの不利益になることは絶対にありません
ここでお話したことが、あなたの不利益になることは絶対にありません
油谷月
油谷月
そ、そんなこと言われても、僕は何も……
そ、そんなこと言われても、僕は何も……
かなり警戒心が強いのか、油谷月さんは目を合わせようともしない。
かなり警戒心が強いのか、油谷月さんは目を合わせようともしない。
秀隆
秀隆
違法アンドロイドについて、知っていることを教えていただけないでしょうか
違法アンドロイドについて、知っていることを教えていただけないでしょうか
油谷月
油谷月
いい、違法アンドロイド？　僕は何も知らないっ
いい、違法アンドロイド？　僕は何も知らないっ
秀隆
秀隆
落ち着いてください。先ほども言いましたが、
落ち着いてください。先ほども言いましたが、
ここでお聞きすることであなたの不利益になることは絶対にありません
ここでお聞きすることであなたの不利益になることは絶対にありません
油谷月
油谷月
知らない、僕は何も知らない！
知らない、僕は何も知らない！
何かに怯えるように逃げ出そうとする。
何かに怯えるように逃げ出そうとする。
この様子はただ事じゃないな。
この様子はただ事じゃないな。
人間不信だとか、コミュニケーション障害だとか、
人間不信だとか、コミュニケーション障害だとか、
そう言うベクトルとは違うものを感じる。
そう言うベクトルとは違うものを感じる。
油谷月
油谷月
ぼ、僕はこれで失礼するっ！
ぼ、僕はこれで失礼するっ！
秀隆
秀隆
待ってください油谷月さん。ここで立ち去られると、
待ってください油谷月さん。ここで立ち去られると、
こちらとしても、少し強引な手立てを行わねばなりません
こちらとしても、少し強引な手立てを行わねばなりません
油谷月
油谷月
ご、強引な、手立て？
ご、強引な、手立て？
オレはカマをかけてみることにした。
オレはカマをかけてみることにした。
秀隆
秀隆
あなたが所有するアンドロイドを、調べさせていただくことになります
あなたが所有するアンドロイドを、調べさせていただくことになります
油谷月
油谷月
なななな！？　そ、そんなこと許されるわけないっ！
なななな！？　そ、そんなこと許されるわけないっ！
秀隆
秀隆
それは、あなたに不正がなかった場合に限られます
それは、あなたに不正がなかった場合に限られます
油谷月
油谷月
僕はなにも、して、していないっ
僕はなにも、して、していないっ
オレはそっと油谷月さんに近づき、呟く。
オレはそっと油谷月さんに近づき、呟く。
秀隆
秀隆
ダッチワイフへの改造は、法律で罰せられます
ダッチワイフへの改造は、法律で罰せられます
油谷月
油谷月
っっっ！！！！
っっっ！！！！
ビンゴだ。
ビンゴだ。
彼は、違法アンドロイドへの改造を行っている。
彼は、違法アンドロイドへの改造を行っている。
油谷月
油谷月
ぼ、僕、僕はっ……
ぼ、僕、僕はっ……
秀隆
秀隆
ご安心ください。こちらの質問にお答えいただければ、
ご安心ください。こちらの質問にお答えいただければ、
その件を不問にさせていただいても構いません
その件を不問にさせていただいても構いません
油谷月
油谷月
……ほ、本当に？
……ほ、本当に？
秀隆
秀隆
はい。お約束します
はい。お約束します
油谷月
油谷月
……ぼ、僕に何を聞きたいの……
……ぼ、僕に何を聞きたいの……
秀隆
秀隆
違法アンドロイドについて、知っていること全てです
違法アンドロイドについて、知っていること全てです
油谷月
油谷月
ぼ、僕が知ってるのはそれだけです
ぼ、僕が知ってるのはそれだけです
秀隆
秀隆
なるほど……そうですか
なるほど……そうですか
残念ながら、油谷月さんの情報から役に立ちそうな話は出てこなかった。
残念ながら、油谷月さんの情報から役に立ちそうな話は出てこなかった。
やはり、早々アンダーグラウンドな話は掴めないか。
やはり、早々アンダーグラウンドな話は掴めないか。
彼がこれ以上何かを隠している、ってことはないだろうし。
彼がこれ以上何かを隠している、ってことはないだろうし。
片桐
片桐
何をしているのかね
何をしているのかね
油谷月
油谷月
あ、しゃ、社長っ！？
あ、しゃ、社長っ！？
秀隆
秀隆
……ご無沙汰しております
……ご無沙汰しております
オレと油谷月さんが話している姿を目にとめた片桐社長が、
オレと油谷月さんが話している姿を目にとめた片桐社長が、
こっちに向かって歩いてきた。
こっちに向かって歩いてきた。
片桐
片桐
君はすぐ作業に戻りなさい
君はすぐ作業に戻りなさい
油谷月
油谷月
しっ、失礼します……あの、さっきのことは……
しっ、失礼します……あの、さっきのことは……
秀隆
秀隆
分かっています。ご安心を
分かっています。ご安心を
片桐
片桐
うちの社員に何かようかね？
うちの社員に何かようかね？
秀隆
秀隆
いえ、ご迷惑おかけしました。少しお話を聞きたかっただけなんです
いえ、ご迷惑おかけしました。少しお話を聞きたかっただけなんです
秀隆
秀隆
失礼します
失礼します
片桐
片桐
……待て
……待て
呼び止められる。
呼び止められる。
片桐
片桐
君は……裕輔や愛佳と、仲良くしているそうだな
君は……裕輔や愛佳と、仲良くしているそうだな
秀隆
秀隆
はい。二人には何かとお世話になっております
はい。二人には何かとお世話になっております
片桐
片桐
……愛佳は元気にしているか？
……愛佳は元気にしているか？
秀隆
秀隆
それを、自分から聞いても仕方のないことではないでしょうか
それを、自分から聞いても仕方のないことではないでしょうか
片桐
片桐
ふん、そうだな……君に聞いた私がバカだった
ふん、そうだな……君に聞いた私がバカだった
秀隆
秀隆
…………
…………
片桐社長は、オレに恨みを抱いている。
片桐社長は、オレに恨みを抱いている。
自分が悪事を働いていたとは言え、
自分が悪事を働いていたとは言え、
オレはその内情を全て暴露した人間であることにかわりはない。
オレはその内情を全て暴露した人間であることにかわりはない。
片桐
片桐
先ほど違法アンドロイドがどうとか言っていたな
先ほど違法アンドロイドがどうとか言っていたな
秀隆
秀隆
それが何か
それが何か
片桐
片桐
そう気を張る必要もないだろう。
そう気を張る必要もないだろう。
私も君も、もう今は関係がないんだ。そうだろう
私も君も、もう今は関係がないんだ。そうだろう
秀隆
秀隆
いえ、自分は別に……
いえ、自分は別に……
そう、オレは別に片桐社長を避けたいとは思っていない。
そう、オレは別に片桐社長を避けたいとは思っていない。
あくまでも、片桐社長がオレを相手にしたくない、
あくまでも、片桐社長がオレを相手にしたくない、
そう配慮して立ち去ろうとしているだけなのだ。
そう配慮して立ち去ろうとしているだけなのだ。
事実、こちらに対し良い印象を持っている気配ない。
事実、こちらに対し良い印象を持っている気配ない。
だけど社長は言葉を止めず続けた。
だけど社長は言葉を止めず続けた。
片桐
片桐
なぜ、違法アンドロイドのことを聞いていた？
なぜ、違法アンドロイドのことを聞いていた？
秀隆
秀隆
彼がアンドロイドに詳しいと裕輔に聞きまして。
彼がアンドロイドに詳しいと裕輔に聞きまして。
それで、何かヒントを得られればと思ってお伺いしたんです
それで、何かヒントを得られればと思ってお伺いしたんです
片桐
片桐
それで、成果は得られたのかね？
それで、成果は得られたのかね？
秀隆
秀隆
残念ながら何も。自分が探している業者は、
残念ながら何も。自分が探している業者は、
普通の違法アンドロイドとは一線を画すものですので
普通の違法アンドロイドとは一線を画すものですので
秀隆
秀隆
片桐社長には、関係のないことと思いますが
片桐社長には、関係のないことと思いますが
片桐
片桐
普通の違法アンドロイドとは異なる、か
普通の違法アンドロイドとは異なる、か
秀隆
秀隆
何か思い当たるフシがある、んですか？
何か思い当たるフシがある、んですか？
片桐
片桐
私は以前、アンドロイドの大量導入を検討した時期がある。
私は以前、アンドロイドの大量導入を検討した時期がある。
アンドロイドなら昼夜問わず、働かせ続けることができるからな
アンドロイドなら昼夜問わず、働かせ続けることができるからな
片桐
片桐
だが、その時は結局見送った。コストの問題もあったが、
だが、その時は結局見送った。コストの問題もあったが、
力仕事をさせるにしても、パワーの制限が厳しかったからだ
力仕事をさせるにしても、パワーの制限が厳しかったからだ
秀隆
秀隆
安全性の問題だと思われます。仕方ありません
安全性の問題だと思われます。仕方ありません
片桐
片桐
ああ。だから私はアンドロイドの導入を諦めた。
ああ。だから私はアンドロイドの導入を諦めた。
しかし、その時私のところに交渉を持ちかけてきた男がいた
しかし、その時私のところに交渉を持ちかけてきた男がいた
秀隆
秀隆
交渉を……？
交渉を……？
片桐
片桐
その男は私にこう言ったよ、
その男は私にこう言ったよ、
自分たちの用意したアンドロイドなら、制限の縛りは無いと
自分たちの用意したアンドロイドなら、制限の縛りは無いと
秀隆
秀隆
……制限の縛りがない……？　パワー制限の解除が出来る、と言うことですか
……制限の縛りがない……？　パワー制限の解除が出来る、と言うことですか
片桐
片桐
本当かどうか、私は確かめていないが、その男は確かにそう言ったよ
本当かどうか、私は確かめていないが、その男は確かにそう言ったよ
秀隆
秀隆
……その男の名前や、企業名はお分かりになりますか
……その男の名前や、企業名はお分かりになりますか
片桐
片桐
ひとつ聞きたい。おまえは何故、その違法アンドロイドを調べている
ひとつ聞きたい。おまえは何故、その違法アンドロイドを調べている
秀隆
秀隆
……それが、後々ホープタウンの危険に繋がる可能性があるからです
……それが、後々ホープタウンの危険に繋がる可能性があるからです
片桐
片桐
そうか……
そうか……
秀隆
秀隆
お教え頂けませんか、知っていることがあるのなら
お教え頂けませんか、知っていることがあるのなら
片桐
片桐
残念だが、私はその男の名前を知らない
残念だが、私はその男の名前を知らない
秀隆
秀隆
では、何か特徴だけでも
では、何か特徴だけでも
片桐
片桐
ドリームタウンを調べてみろ。私にはそう教えてやることしかできん
ドリームタウンを調べてみろ。私にはそう教えてやることしかできん
秀隆
秀隆
ドリームタウンを……
ドリームタウンを……
片桐
片桐
おまえの探し求める答えは、きっとそこにあるだろう
おまえの探し求める答えは、きっとそこにあるだろう
秀隆
秀隆
どうして、オレにそんなことを教えてくれるんですか
どうして、オレにそんなことを教えてくれるんですか
片桐
片桐
君には借りがある……それを返したに過ぎない
君には借りがある……それを返したに過ぎない
そういい、片桐社長はオレに背中を向けた。
そういい、片桐社長はオレに背中を向けた。
片桐
片桐
気をつけろ。あの男は、恐らく只者じゃない
気をつけろ。あの男は、恐らく只者じゃない
秀隆
秀隆
ご忠告ありがとうございます
ご忠告ありがとうございます
秀隆
秀隆
愛佳は、あなたに、お父さんに会いたがっています
愛佳は、あなたに、お父さんに会いたがっています
片桐
片桐
…………
…………
秀隆
秀隆
どうか会いにいって上げてください
どうか会いにいって上げてください
片桐
片桐
どの面を下げて、会いに行くというのか……
どの面を下げて、会いに行くというのか……
秀隆
秀隆
それは、会えばおのずと分かるんじゃないでしょうか
それは、会えばおのずと分かるんじゃないでしょうか
秀隆
秀隆
あなたと愛佳、そして裕輔は親子なんですから
あなたと愛佳、そして裕輔は親子なんですから
片桐
片桐
私は
私は
秀隆
秀隆
それでは、失礼します。ありがとうございました
それでは、失礼します。ありがとうございました
秀隆
秀隆
ドリームタウンか……
ドリームタウンか……
クイーンも、ドリームタウンを調べろと言っていた。
クイーンも、ドリームタウンを調べろと言っていた。
これが単なる偶然だとは思えない。
これが単なる偶然だとは思えない。
…………。
…………。
……。
……。
