秀隆
秀隆
ふ、ふへへ。ふへへへへへ！
ふ、ふへへ。ふへへへへへ！
仕事帰り。
仕事帰り。
オレは手に大きな袋を持って帰宅した。
オレは手に大きな袋を持って帰宅した。
秀隆
秀隆
ただいま帰ったぞ！
ただいま帰ったぞ！
アクセラ
アクセラ
お帰りなさいませ、秀隆様
お帰りなさいませ、秀隆様
秀隆
秀隆
うむ。アクセラ、今夜オレの部屋に来なさい。しっかりと身を清めて
うむ。アクセラ、今夜オレの部屋に来なさい。しっかりと身を清めて
アクセラ
アクセラ
秀隆様……
秀隆様……
はいっ
はいっ
アクセラはすぐに察したのか、頬を赤らめ頷いた。
アクセラはすぐに察したのか、頬を赤らめ頷いた。
秀隆
秀隆
それから、その時にはこれを身に着けてくるんだ
それから、その時にはこれを身に着けてくるんだ
オレは、持ち帰った大きな袋をアクセラに手渡した。
オレは、持ち帰った大きな袋をアクセラに手渡した。
アクセラ
アクセラ
これは？
これは？
秀隆
秀隆
後で確認したら分かる
後で確認したら分かる
アクセラ
アクセラ
畏まりました
畏まりました
オレはスキップしたい気分で、自室に戻る。
オレはスキップしたい気分で、自室に戻る。
いやぁ、夜が楽しみだ。
いやぁ、夜が楽しみだ。
そして、待ちに待った夜がやってくる。
そして、待ちに待った夜がやってくる。
時刻は深夜の１時過ぎ。
時刻は深夜の１時過ぎ。
アクセラ
アクセラ
あ、あの……失礼します。秀隆様
あ、あの……失礼します。秀隆様
部屋に入ってくるアクセラ。
部屋に入ってくるアクセラ。
秀隆
秀隆
お、おお……これは、なんともすばらしい……
お、おお……これは、なんともすばらしい……
アクセラ
アクセラ
秀隆様に、まさかこのような趣味がおありになるなんて……
秀隆様に、まさかこのような趣味がおありになるなんて……
秀隆
秀隆
し……辛抱たまらん！
し……辛抱たまらん！
オレは襲い掛かるようにして、アクセラの身体を抱きついた。
オレは襲い掛かるようにして、アクセラの身体を抱きついた。
アクセラ
アクセラ
ひ、秀隆様っ。何故だか、いつもより激しい気がしますっ
ひ、秀隆様っ。何故だか、いつもより激しい気がしますっ
秀隆
秀隆
当たり前だ。コスプレは男の性欲を掻き立てるものだからなっ
当たり前だ。コスプレは男の性欲を掻き立てるものだからなっ
アクセラ
アクセラ
それほど、学生服というものは刺激的なのですか？
それほど、学生服というものは刺激的なのですか？
秀隆
秀隆
うむ。しかもアクセラのようなむちっとした子が着たら尚更な
うむ。しかもアクセラのようなむちっとした子が着たら尚更な
おっぱいを、がしっと手で掴む。
おっぱいを、がしっと手で掴む。
アクセラ
アクセラ
んっ……！
んっ……！
秀隆
秀隆
こんなけしからんおっぱいをした女子生徒は、先生がお仕置きするぞぉ
こんなけしからんおっぱいをした女子生徒は、先生がお仕置きするぞぉ
秀隆
秀隆
それになんだこの尻は。フェロモンムンムンじゃないかっ
それになんだこの尻は。フェロモンムンムンじゃないかっ
アクセラ
アクセラ
す、好きでこのようなお尻になったわけではっ……あぁっ……
す、好きでこのようなお尻になったわけではっ……あぁっ……
秀隆
秀隆
けしからん、けしからんっ
けしからん、けしからんっ
パン、パンとスカートをまくしあげ、お尻を叩く。
パン、パンとスカートをまくしあげ、お尻を叩く。
そのたびに、ぷるんぷるんとお尻が弾む。
そのたびに、ぷるんぷるんとお尻が弾む。
秀隆
秀隆
うーむ、見事な尻……
うーむ、見事な尻……
なでなで。
なでなで。
アクセラ
アクセラ
これは、中々の羞恥プレイですね……
これは、中々の羞恥プレイですね……
秀隆
秀隆
アンドロイドも羞恥心を理解できるようで、オレは嬉しいぞ
アンドロイドも羞恥心を理解できるようで、オレは嬉しいぞ
アクセラ
アクセラ
穴があったら隠れたい状況です
穴があったら隠れたい状況です
秀隆
秀隆
穴？　穴って言ったら、こっちの穴か？
穴？　穴って言ったら、こっちの穴か？
つつっと下着を撫でながら、お尻の穴付近で指の腹を擦りつけた。
つつっと下着を撫でながら、お尻の穴付近で指の腹を擦りつけた。
アクセラ
アクセラ
っ……ち、違いますっ
っ……ち、違いますっ
秀隆
秀隆
じゃあ、こっちの大切な穴の方か？
じゃあ、こっちの大切な穴の方か？
今度は、手のひらを前に持っていき、
今度は、手のひらを前に持っていき、
アクセラのオマ○コ付近で同じように腹を擦りつけた。
アクセラのオマ○コ付近で同じように腹を擦りつけた。
アクセラ
アクセラ
わ、私が言ったのは、ことわざであって、実際の穴とは違いますっ
わ、私が言ったのは、ことわざであって、実際の穴とは違いますっ
秀隆
秀隆
なんだそうだったのか……まあ、オレはことわざよりこっちの穴の方が好きだけどな
なんだそうだったのか……まあ、オレはことわざよりこっちの穴の方が好きだけどな
下着の中に手をいれ、アクセラの穴に触れる。
下着の中に手をいれ、アクセラの穴に触れる。
アクセラ
アクセラ
あぁっ……！
あぁっ……！
既に、半分洪水のような状態になっていて、
既に、半分洪水のような状態になっていて、
触れた傍から手のひらがびしょびしょになっていく。
触れた傍から手のひらがびしょびしょになっていく。
秀隆
秀隆
相変わらず感度抜群だな
相変わらず感度抜群だな
アクセラ
アクセラ
ひ、秀隆様のことを考えるだけで、いつもこうです……
ひ、秀隆様のことを考えるだけで、いつもこうです……
秀隆
秀隆
そ、それは大変だろ、色々と
そ、それは大変だろ、色々と
アクセラ
アクセラ
……はい……
……はい……
秀隆
秀隆
その時はどうしてるんだ？
その時はどうしてるんだ？
アクセラ
アクセラ
それは……
それは……
秀隆
秀隆
もしかして、オナニー、とか？
もしかして、オナニー、とか？
アクセラ
アクセラ
っ……そ、その……最近は、その、自慰行為を、覚えてしまいました
っ……そ、その……最近は、その、自慰行為を、覚えてしまいました
秀隆
秀隆
なんと……
なんと……
アンドロイドは学習するが、オナニーまで覚えていたとは。
アンドロイドは学習するが、オナニーまで覚えていたとは。
秀隆
秀隆
よし、今度アクセラのオナニーを見せてもらおうかな
よし、今度アクセラのオナニーを見せてもらおうかな
アクセラ
アクセラ
そ、それはどのような仕打ちですかっ
そ、それはどのような仕打ちですかっ
秀隆
秀隆
駄目か？　オレ、アクセラのオナニーしてるところが見たい
駄目か？　オレ、アクセラのオナニーしてるところが見たい
アクセラ
アクセラ
……もちろん、秀隆様が望まれるならば……
……もちろん、秀隆様が望まれるならば……
秀隆
秀隆
よしよし
よしよし
オレはパンツを下ろす。
オレはパンツを下ろす。
アクセラの頭を撫でながら、穴の中に指を突っ込む。
アクセラの頭を撫でながら、穴の中に指を突っ込む。
アクセラ
アクセラ
ひうっ！
ひうっ！
じゅくっと水の音がすると同時に、
じゅくっと水の音がすると同時に、
暖かいマ○コがオレの指を吸い付くように絡め取った。
暖かいマ○コがオレの指を吸い付くように絡め取った。
秀隆
秀隆
アクセラの中、オレの指を逃がさないようにしてる
アクセラの中、オレの指を逃がさないようにしてる
じゅくじゅくと中でかき混ぜると、アクセラの身体が震えた。
じゅくじゅくと中でかき混ぜると、アクセラの身体が震えた。
アクセラ
アクセラ
や、あぁ、き、気持ちいいですっ……んんっ、ああっ……
や、あぁ、き、気持ちいいですっ……んんっ、ああっ……
アクセラ
アクセラ
はぁっ、ああっ、あっ、も、もっと、もっとかき混ぜてくださいっ
はぁっ、ああっ、あっ、も、もっと、もっとかき混ぜてくださいっ
秀隆
秀隆
お、おうっ
お、おうっ
アクセラのよがりに生唾を飲むオレ。
アクセラのよがりに生唾を飲むオレ。
普段家族のために時間を惜しまず働くアクセラは、
普段家族のために時間を惜しまず働くアクセラは、
オレの前だけは発情したメスとして、吐息を漏らす。
オレの前だけは発情したメスとして、吐息を漏らす。
アクセラ
アクセラ
んっ、んんっ、ん、ちゅ、はぁ、あっ、ああ……
んっ、んんっ、ん、ちゅ、はぁ、あっ、ああ……
キスをしながら、指のピストンを早めていく。
キスをしながら、指のピストンを早めていく。
中指を震わせ、アクセラの蜜をかきだすように繰り返した。
中指を震わせ、アクセラの蜜をかきだすように繰り返した。
アクセラ
アクセラ
やぁっ、ああっ、あっ、ああっ、ああ、ああああっ……
やぁっ、ああっ、あっ、ああっ、ああ、ああああっ……
オレはその声を聞きながら、ガチガチに硬くしたチ○コを
オレはその声を聞きながら、ガチガチに硬くしたチ○コを
アクセラの太ももに押し付け、こすりつける。
アクセラの太ももに押し付け、こすりつける。
アクセラ
アクセラ
あ、当たってます。秀隆様の、アレが、当たってますっ……
あ、当たってます。秀隆様の、アレが、当たってますっ……
秀隆
秀隆
指なんかより、こっちをいれてほしいんじゃないか？
指なんかより、こっちをいれてほしいんじゃないか？
アクセラ
アクセラ
い、入れてほしいです……
い、入れてほしいです……
アクセラ
アクセラ
秀隆様のオチ○チン……私のに、入れてほしいですっ……
秀隆様のオチ○チン……私のに、入れてほしいですっ……
秀隆
秀隆
でも、指だけでも気持ちよさそうだぞ？
でも、指だけでも気持ちよさそうだぞ？
ペースを更に速めると、イヤイヤとアクセラが首を振った。
ペースを更に速めると、イヤイヤとアクセラが首を振った。
アクセラ
アクセラ
こっ、このままでは、イってしまいます……！
こっ、このままでは、イってしまいます……！
私……秀隆様のオチ○チンで、イいきたいです……
私……秀隆様のオチ○チンで、イいきたいです……
潤んだ瞳で求められれば、男として答えないわけにはいかない。
潤んだ瞳で求められれば、男として答えないわけにはいかない。
秀隆
秀隆
いい子だ。じゃあ、望みどおり……
いい子だ。じゃあ、望みどおり……
オレは自分のモノをアクセラのお尻の穴に当てた。
オレは自分のモノをアクセラのお尻の穴に当てた。
アクセラ
アクセラ
そ、そちらに入れるのですか？
そ、そちらに入れるのですか？
秀隆
秀隆
嫌か？
嫌か？
アクセラ
アクセラ
いえ……私は、その、どちらでも……
いえ……私は、その、どちらでも……
うーむ、すっかりアナルも癖になってしまっているようだ。
うーむ、すっかりアナルも癖になってしまっているようだ。
秀隆
秀隆
じゃあ、こっちから……
じゃあ、こっちから……
オレは、アクセラの承諾を得たことだしと、アクセラのアナルへと竿を沈めていく。
オレは、アクセラの承諾を得たことだしと、アクセラのアナルへと竿を沈めていく。
マ○コとは違った締め付けが、きつい入り口がオレを出迎える。
マ○コとは違った締め付けが、きつい入り口がオレを出迎える。
アクセラ
アクセラ
あふっ……！
あふっ……！
秀隆
秀隆
く……こっちのほうは、やっぱり普通とはしまりが違うな……
く……こっちのほうは、やっぱり普通とはしまりが違うな……
アクセラの身体を押さえたまま、
アクセラの身体を押さえたまま、
オレは腰を前後させてお尻の中を行ったり来たり。
オレは腰を前後させてお尻の中を行ったり来たり。
アクセラ
アクセラ
あ、はあっ、秀隆様の固いのが……私の中を……んっ！
あ、はあっ、秀隆様の固いのが……私の中を……んっ！
秀隆
秀隆
気持ち良いか？　アクセラ
気持ち良いか？　アクセラ
アクセラ
アクセラ
は、はい。凄く気持ちいいです……秀隆様
は、はい。凄く気持ちいいです……秀隆様
アクセラ
アクセラ
私の中で、秀隆様が暴れているのが分かります……
私の中で、秀隆様が暴れているのが分かります……
秀隆
秀隆
もっともっと暴れるぞっ
もっともっと暴れるぞっ
アクセラ
アクセラ
あふっ、ふああ、あっ、あっ、あんっ、あっ……！
あふっ、ふああ、あっ、あっ、あんっ、あっ……！
アクセラは声を出すとオレが喜ぶのを知っている。
アクセラは声を出すとオレが喜ぶのを知っている。
だから、感じたら遠慮せず声を出しているんだろう。
だから、感じたら遠慮せず声を出しているんだろう。
秀隆
秀隆
可愛いよな、アクセラは
可愛いよな、アクセラは
アクセラ
アクセラ
う、嬉しいです。秀隆様に、可愛いといっていただきましたっ……
う、嬉しいです。秀隆様に、可愛いといっていただきましたっ……
秀隆
秀隆
おっぱいも魅力的だし
おっぱいも魅力的だし
後ろから、その手に余る大きさの果実を鷲づかみにする。
後ろから、その手に余る大きさの果実を鷲づかみにする。
アクセラ
アクセラ
はぁ、あんっ、あんっ……エッチすぎます、秀隆様っ……
はぁ、あんっ、あんっ……エッチすぎます、秀隆様っ……
秀隆
秀隆
アクセラはいけない生徒だな。先生の前で、こんなにエッチになって
アクセラはいけない生徒だな。先生の前で、こんなにエッチになって
アクセラ
アクセラ
そ、それはっ、んっ……先生が素敵だからです……
そ、それはっ、んっ……先生が素敵だからです……
アクセラ
アクセラ
先生に見つめられるだけで、私、身体が熱くなってしまいます
先生に見つめられるだけで、私、身体が熱くなってしまいます
秀隆
秀隆
もっと夢中にさせてやるよ……
もっと夢中にさせてやるよ……
耳元で囁くと、アクセラは嬉しそうに頬を赤らめた。
耳元で囁くと、アクセラは嬉しそうに頬を赤らめた。
オレはアクセラのお尻の中で、ピストンを早めていく。
オレはアクセラのお尻の中で、ピストンを早めていく。
秀隆
秀隆
はぁ、あっ、はぁっ……
はぁ、あっ、はぁっ……
ちゅぽん、っとお尻の穴からオレの竿が抜ける。
ちゅぽん、っとお尻の穴からオレの竿が抜ける。
アクセラ
アクセラ
あぁっ……
あぁっ……
切なそうな声を漏らすアクセラ。
切なそうな声を漏らすアクセラ。
アクセラ
アクセラ
ひ、秀隆様ぁ……
ひ、秀隆様ぁ……
秀隆
秀隆
待ってろ……
待ってろ……
オレはお尻の穴に入れなおそうと思ったが……。
オレはお尻の穴に入れなおそうと思ったが……。
秀隆
秀隆
いや……やっぱりこっちだな
いや……やっぱりこっちだな
オレは、アクセラのあそこへとターゲットを変えた。
オレは、アクセラのあそこへとターゲットを変えた。
そこは洪水になっていて、股まで愛液が垂れまくっている。
そこは洪水になっていて、股まで愛液が垂れまくっている。
アクセラ
アクセラ
あ、あぁっ……い、いじわるしないでください、秀隆様……
あ、あぁっ……い、いじわるしないでください、秀隆様……
オレは自分のモノの先端を、アクセラの大切なところですりすりと押し付け、
オレは自分のモノの先端を、アクセラの大切なところですりすりと押し付け、
でも中にいれずにじらす行動を取った。
でも中にいれずにじらす行動を取った。
秀隆
秀隆
おねだりしたら、いれてやってもいいぞ？
おねだりしたら、いれてやってもいいぞ？
アクセラ
アクセラ
いじわるです……秀隆様が……欲しいです……どうか、私の中に……
いじわるです……秀隆様が……欲しいです……どうか、私の中に……
秀隆
秀隆
よしよし
よしよし
アクセラの髪を撫で、オレはご褒美をあげることにした。
アクセラの髪を撫で、オレはご褒美をあげることにした。
アクセラの中へと進めていくと、驚くほどすんなりと中に入る。
アクセラの中へと進めていくと、驚くほどすんなりと中に入る。
それほど、アクセラはオレを求めていた証拠だ。
それほど、アクセラはオレを求めていた証拠だ。
アクセラ
アクセラ
あふ……あ、んっ……ああっ、こ、これが、欲しかったんです……
あふ……あ、んっ……ああっ、こ、これが、欲しかったんです……
甘い声を漏らし、オレの進入を歓迎するアクセラ。
甘い声を漏らし、オレの進入を歓迎するアクセラ。
すっぽりと竿が中に納まると、きゅうきゅうとオレのものを締め付けてきた。
すっぽりと竿が中に納まると、きゅうきゅうとオレのものを締め付けてきた。
秀隆
秀隆
アクセラの中、締め付けが強くて、凄く暖かい……
アクセラの中、締め付けが強くて、凄く暖かい……
アクセラ
アクセラ
気持ちいい、ですか？
気持ちいい、ですか？
秀隆
秀隆
ああ。凄く気持ちいいよ
ああ。凄く気持ちいいよ
アクセラ
アクセラ
たくさん、気持ちよくなってください……
たくさん、気持ちよくなってください……
アクセラの奉仕と、願いに答えるべく、オレは最初から激しく腰を振り始めた。
アクセラの奉仕と、願いに答えるべく、オレは最初から激しく腰を振り始めた。
肌と肌がぶつかりあい、淫靡な音が部屋の中に響く。
肌と肌がぶつかりあい、淫靡な音が部屋の中に響く。
アクセラ
アクセラ
あんっ、んっ……ん……エッチな音がします……
あんっ、んっ……ん……エッチな音がします……
秀隆
秀隆
そりゃ、エッチなことしてるからな……
そりゃ、エッチなことしてるからな……
隣の部屋では、いつものように秋が眠っている。
隣の部屋では、いつものように秋が眠っている。
壁が薄くないとは言え、オレたちの行為も悟られているだろう。
壁が薄くないとは言え、オレたちの行為も悟られているだろう。
アクセラ
アクセラ
はぁっ、ああっ、ああっ、あっ……秀隆様……気持ちいいっ……
はぁっ、ああっ、ああっ、あっ……秀隆様……気持ちいいっ……
秀隆
秀隆
キスしよう、アクセラ……
キスしよう、アクセラ……
アクセラ
アクセラ
は、はい。はいっ。キスしたいです、たくさん、したいです……
は、はい。はいっ。キスしたいです、たくさん、したいです……
腰を振りながら、オレはアクセラにキスを求める。
腰を振りながら、オレはアクセラにキスを求める。
舌を突き出しあい、それを乱雑に絡めあいながら、愛を確かめあう。
舌を突き出しあい、それを乱雑に絡めあいながら、愛を確かめあう。
アクセラ
アクセラ
んああっ、あっ、あっ……ちゅ、ちゅっ……んっ……！
んああっ、あっ、あっ……ちゅ、ちゅっ……んっ……！
アクセラ
アクセラ
ひ、ひれたかさま、はぁっ、ちゅるっ、んっ、ちゅっ……
ひ、ひれたかさま、はぁっ、ちゅるっ、んっ、ちゅっ……
アクセラ自身、無意識なのか、腰を使いより感じようとしていた。
アクセラ自身、無意識なのか、腰を使いより感じようとしていた。
オレの動きに合わせ、様々な仕草を見せ始める。
オレの動きに合わせ、様々な仕草を見せ始める。
秀隆
秀隆
そんなに気持ちいいのか？　オレのち○ぽが
そんなに気持ちいいのか？　オレのち○ぽが
アクセラ
アクセラ
は、はいっ。これがないと、私は生きていけませんっ……
は、はいっ。これがないと、私は生きていけませんっ……
オレのことを慕うアクセラの、その愛情に満ちた一言が嬉しくて、
オレのことを慕うアクセラの、その愛情に満ちた一言が嬉しくて、
いつもよりも、オレは自らのモノが膨張しているのを感じる。
いつもよりも、オレは自らのモノが膨張しているのを感じる。
アクセラ
アクセラ
はあ、はあっ、秀隆様の、凄く、私の中で逞しくなっています……
はあ、はあっ、秀隆様の、凄く、私の中で逞しくなっています……
それを感じ取ったのか、アクセラは嬉しそうにそう言った。
それを感じ取ったのか、アクセラは嬉しそうにそう言った。
アクセラ
アクセラ
はぁっ、あっ、ああっ、あっ、あっ……や、はぁっ……
はぁっ、あっ、ああっ、あっ、あっ……や、はぁっ……
アクセラ
アクセラ
も、申し訳ありません秀隆様……わ、私……もうっ……
も、申し訳ありません秀隆様……わ、私……もうっ……
秀隆
秀隆
よ、よし……アクセラ、行くぞ……
よ、よし……アクセラ、行くぞ……
アクセラの限界を感じ取ったオレは、
アクセラの限界を感じ取ったオレは、
最後のフィニッシュを決めるために腰を打ちつけた。
最後のフィニッシュを決めるために腰を打ちつけた。
アクセラ
アクセラ
や、あっ、あっ、す、好き、好きです、秀隆さまっ
や、あっ、あっ、す、好き、好きです、秀隆さまっ
秀隆
秀隆
オレもだ。オレも好きだぞ、アクセラっ……
オレもだ。オレも好きだぞ、アクセラっ……
互いに見つめあいながら、求め合いながら。
互いに見つめあいながら、求め合いながら。
共に果てるために本能のまま絡み合う。
共に果てるために本能のまま絡み合う。
人間もアンドロイドも関係ない。
人間もアンドロイドも関係ない。
今ここに居るのは、ただの男と女。
今ここに居るのは、ただの男と女。
アクセラ
アクセラ
や、ぁ、はぁっ、あっ、あっ、ああっ、あっ……ああああっ
や、ぁ、はぁっ、あっ、あっ、ああっ、あっ……ああああっ
アクセラ
アクセラ
なっ、なか、いつものように、中に沢山くださいっ……！
なっ、なか、いつものように、中に沢山くださいっ……！
秀隆
秀隆
い、いくぞ、アクセラ……っ
い、いくぞ、アクセラ……っ
アクセラ
アクセラ
はいっ、はい……きてください、秀隆様っ……！
はいっ、はい……きてください、秀隆様っ……！
オレはアクセラの承認を得て、最後の一突きを、思い切り打ち付けた。
オレはアクセラの承認を得て、最後の一突きを、思い切り打ち付けた。
アクセラ
アクセラ
は、あああっ、ああああああああああっ！！
は、あああっ、ああああああああああっ！！
一際大きな声と同時に、オレは自らのモノをアクセラの中で吐き出した。
一際大きな声と同時に、オレは自らのモノをアクセラの中で吐き出した。
ぎゅっとおっぱいを揉みながら、ドクドクと注ぎ込んでいく。
ぎゅっとおっぱいを揉みながら、ドクドクと注ぎ込んでいく。
アクセラ
アクセラ
あふっ！　ふあ、ああっ……気持ち、良すぎます……！
あふっ！　ふあ、ああっ……気持ち、良すぎます……！
秀隆
秀隆
く……っ
く……っ
アクセラの中で、一滴残らず吐き出すと、アクセラはそれを全て受け入れるように、
アクセラの中で、一滴残らず吐き出すと、アクセラはそれを全て受け入れるように、
ぎゅーっと竿を締め付けてきた。
ぎゅーっと竿を締め付けてきた。
秀隆
秀隆
はぁ、ああっ……アクセラっ……
はぁ、ああっ……アクセラっ……
オレは小刻みに腰を振って、最後の快楽を味わう。
オレは小刻みに腰を振って、最後の快楽を味わう。
アクセラ
アクセラ
はあ、はぁっ……はぁっ……
はあ、はぁっ……はぁっ……
秀隆
秀隆
はぁ、はあ……
はぁ、はあ……
お互いの荒い息と、よがった声。
お互いの荒い息と、よがった声。
秀隆
秀隆
なあ……
なあ……
オレは繋がったまま、アクセラを見つめる。
オレは繋がったまま、アクセラを見つめる。
アクセラ
アクセラ
何でしょうか、秀隆様……？
何でしょうか、秀隆様……？
秀隆
秀隆
２回戦、してもいいか？
２回戦、してもいいか？
アクセラ
アクセラ
え？　……はい……もちろんです
え？　……はい……もちろんです
オレたちの夜は、まだまだ終わらない。
オレたちの夜は、まだまだ終わらない。
…………。
…………。
……。
……。
