秀隆
秀隆
凛は起きてるか？
凛は起きてるか？
キズナ
キズナ
あ、おはようございますひーくん。りんりんは起きてますよ
あ、おはようございますひーくん。りんりんは起きてますよ
凛
凛
おはよう秀隆
おはよう秀隆
秀隆
秀隆
おう、おはようさん
おう、おはようさん
どうやら部屋で支度をしていたらしい。
どうやら部屋で支度をしていたらしい。
アクセラ
アクセラ
凛様がお泊りになっているせいか、
凛様がお泊りになっているせいか、
スムーズに起きて来られましたね、秀隆様
スムーズに起きて来られましたね、秀隆様
秀隆
秀隆
そりゃ、格好悪いところは見せられないからな
そりゃ、格好悪いところは見せられないからな
凛
凛
見せられないって、散々見せてきたと思うんだけど……
見せられないって、散々見せてきたと思うんだけど……
秀隆
秀隆
そ、そうだっけ？
そ、そうだっけ？
アクセラ
アクセラ
もうすぐ朝食の用意が出来ますので、お待ちくださいね
もうすぐ朝食の用意が出来ますので、お待ちくださいね
凛
凛
ありがと
ありがと
凛
凛
……ねえアクセラ
……ねえアクセラ
アクセラ
アクセラ
はい。なんでしょうか？
はい。なんでしょうか？
凛
凛
今までと言うか、これまでと言うか……ごめんね、冷たくして
今までと言うか、これまでと言うか……ごめんね、冷たくして
凛
凛
あたし今までアンドロイドのこと、嫌いだったし、苦手だった
あたし今までアンドロイドのこと、嫌いだったし、苦手だった
凛
凛
でも、アクセラとは、そんな関係を続けていきたくない
でも、アクセラとは、そんな関係を続けていきたくない
凛
凛
そう思うようになったの
そう思うようになったの
アクセラ
アクセラ
凛様……
凛様……
凛
凛
あんたのこと、純粋に好きになり始めたって言うかさ。
あんたのこと、純粋に好きになり始めたって言うかさ。
それに、一応秀隆とも付き合っていくことになったわけだしね
それに、一応秀隆とも付き合っていくことになったわけだしね
秀隆
秀隆
オレはついでかっ！
オレはついでかっ！
凛は、笑顔と少しだけテレた表情で、手を差し出した。
凛は、笑顔と少しだけテレた表情で、手を差し出した。
アクセラ
アクセラ
秀隆様はエッチで、変態で、色々ご迷惑はおかけすることになるかと思いますが
秀隆様はエッチで、変態で、色々ご迷惑はおかけすることになるかと思いますが
秀隆
秀隆
どんな前置きだよっ！
どんな前置きだよっ！
アクセラ
アクセラ
そんな秀隆様ともども、よろしくお願いいたします
そんな秀隆様ともども、よろしくお願いいたします
重なり合う、手と手。
重なり合う、手と手。
アクセラ
アクセラ
平気ですか？　凛様
平気ですか？　凛様
凛
凛
……うん。全然大丈夫
……うん。全然大丈夫
キズナ
キズナ
なんだか、ちょっと感動しますねっ
なんだか、ちょっと感動しますねっ
秀隆
秀隆
だな
だな
秋
秋
ふわ……おはよ……
ふわ……おはよ……
秋
秋
……皆で何をしてるんですか……？
……皆で何をしてるんですか……？
そんな中に、寝起きの秋が起きてきた。
そんな中に、寝起きの秋が起きてきた。
アクセラ
アクセラ
本日は、お二人でデートをされるのですか？
本日は、お二人でデートをされるのですか？
秀隆
秀隆
一応そのつもりだ。なあ？
一応そのつもりだ。なあ？
凛
凛
一応ね。予定って奴。何か優先すべきことがあれば、繰り下げるから
一応ね。予定って奴。何か優先すべきことがあれば、繰り下げるから
秀隆
秀隆
いやーオレの彼女ってツンデレだからなぁ。全くコイツぅ
いやーオレの彼女ってツンデレだからなぁ。全くコイツぅ
キズナ
キズナ
現実逃避していますよ？
現実逃避していますよ？
アクセラ
アクセラ
秀隆様。しっかりと凛様を捕まえておかないと、捨てられてしまいますよ
秀隆様。しっかりと凛様を捕まえておかないと、捨てられてしまいますよ
秀隆
秀隆
大丈夫だ。凛につりあうベスト男子を目指してるから
大丈夫だ。凛につりあうベスト男子を目指してるから
キズナ
キズナ
ベスト男子ですかっ。どういうのですか？
ベスト男子ですかっ。どういうのですか？
秀隆
秀隆
それはもう、ベストな感じだ。ファッションに気を使ったりとか
それはもう、ベストな感じだ。ファッションに気を使ったりとか
秋
秋
兄さんがおしゃれを気にするとは思えません
兄さんがおしゃれを気にするとは思えません
凛
凛
あはは、確かにね。秀隆には似合いそうにないわね
あはは、確かにね。秀隆には似合いそうにないわね
秀隆
秀隆
ぐ……凛はともかく、秋に言われる筋合いはない
ぐ……凛はともかく、秋に言われる筋合いはない
秀隆
秀隆
おまえだって気を使ってないだろお洒落になんて
おまえだって気を使ってないだろお洒落になんて
凛
凛
え……あんた、秋が気を使ってないとでも思ってんの？
え……あんた、秋が気を使ってないとでも思ってんの？
キズナ
キズナ
あっきーは、中々良い趣味をしていると思いますよ
あっきーは、中々良い趣味をしていると思いますよ
秀隆
秀隆
な、なんだと？
な、なんだと？
凛
凛
私服のチョイスだって、自分を知り尽くした上で着てる感じだし
私服のチョイスだって、自分を知り尽くした上で着てる感じだし
凛
凛
少なくとも秀隆よりは全然上ね
少なくとも秀隆よりは全然上ね
秋
秋
兄さんより上、と言うのは褒め言葉にはなりませんが
兄さんより上、と言うのは褒め言葉にはなりませんが
凛
凛
あっはは、そうね。ごめんごめん
あっはは、そうね。ごめんごめん
秀隆
秀隆
秋ってファッションに気を使ってたのか
秋ってファッションに気を使ってたのか
アクセラ
アクセラ
そのようなことも知らないで、秋様の兄をされていたなんて
そのようなことも知らないで、秋様の兄をされていたなんて
凛
凛
ねえ秋。今度一緒に服でも買いに行きましょ
ねえ秋。今度一緒に服でも買いに行きましょ
秋
秋
あ、はい。私なんかでよければ、いつでも大丈夫です
あ、はい。私なんかでよければ、いつでも大丈夫です
凛
凛
じゃあ今日行っちゃう？
じゃあ今日行っちゃう？
秀隆
秀隆
おい……
おい……
キズナ
キズナ
いいですねっ、私もついていっていいですか？
いいですねっ、私もついていっていいですか？
凛
凛
当たり前でしょ。当然アクセラも一緒にね
当たり前でしょ。当然アクセラも一緒にね
アクセラ
アクセラ
喜んでお供させていただきます
喜んでお供させていただきます
秀隆
秀隆
待て待て。今日はオレとのデートだろ？
待て待て。今日はオレとのデートだろ？
凛
凛
言ったでしょ、予定は未定だって
言ったでしょ、予定は未定だって
秀隆
秀隆
いや、そんなことは一言も聞いてない……
いや、そんなことは一言も聞いてない……
秀隆
秀隆
あーよかった。危うく秋たちのせいでデートが無くなるところだった
あーよかった。危うく秋たちのせいでデートが無くなるところだった
凛
凛
心配しすぎ。別にあたしは逃げないわよ？
心配しすぎ。別にあたしは逃げないわよ？
秀隆
秀隆
そう言うことだけじゃなくてだな……
そう言うことだけじゃなくてだな……
秀隆
秀隆
オレにだって、色々考えたプランがあるんだからさ
オレにだって、色々考えたプランがあるんだからさ
凛
凛
そうね。今日は、そのプランって奴にとことん付き合ってあげる
そうね。今日は、そのプランって奴にとことん付き合ってあげる
秀隆
秀隆
おう。ばっちりエスコートしてやる
おう。ばっちりエスコートしてやる
凛
凛
うん、分かってる。ちゃんとエスコートしなさいよ
うん、分かってる。ちゃんとエスコートしなさいよ
そういい、サングラスをかけた凛はオレの腕に絡みついてきた。
そういい、サングラスをかけた凛はオレの腕に絡みついてきた。
それからオレたちは、ドリームタウンを歩き回る。
それからオレたちは、ドリームタウンを歩き回る。
凛
凛
思えば、こんな風に二人でゆっくり歩くのってさ、出会った時くらいだったよね
思えば、こんな風に二人でゆっくり歩くのってさ、出会った時くらいだったよね
凛
凛
あの時は事件を解決するためだったけど、四六時中一緒にいたっけ
あの時は事件を解決するためだったけど、四六時中一緒にいたっけ
秀隆
秀隆
そういえばそうだな
そういえばそうだな
凛
凛
あの頃から、あたしのこと結構見てたわよね、秀隆は
あの頃から、あたしのこと結構見てたわよね、秀隆は
秀隆
秀隆
べ、別に見てなんて
べ、別に見てなんて
凛
凛
見てたなんて？
見てたなんて？
秀隆
秀隆
……見てました、はい
……見てました、はい
凛
凛
素直でよろしい。まあ、あたしが可愛いから当然なんだけどね
素直でよろしい。まあ、あたしが可愛いから当然なんだけどね
秀隆
秀隆
相変わらず自信満々なことで
相変わらず自信満々なことで
凛
凛
そりゃそうよ。あたしアイドルだし
そりゃそうよ。あたしアイドルだし
凛
凛
でも、そう言うの抜きにしたって、あたしは堂々としてるわよ
でも、そう言うの抜きにしたって、あたしは堂々としてるわよ
凛
凛
少なくとも秀隆の前じゃ、常に可愛いくありたいと思ってるし
少なくとも秀隆の前じゃ、常に可愛いくありたいと思ってるし
秀隆
秀隆
なんかそんな風に言われるとテレるな
なんかそんな風に言われるとテレるな
凛
凛
秀隆だって、あたしの前じゃかっこよくいたいでしょ？
秀隆だって、あたしの前じゃかっこよくいたいでしょ？
秀隆
秀隆
もちろんだ
もちろんだ
凛
凛
付き合いたてだから、とかじゃなくてさ。
付き合いたてだから、とかじゃなくてさ。
１年後も２年後も……ううん、ずっと先まで、こういう関係でいたいなって思う
１年後も２年後も……ううん、ずっと先まで、こういう関係でいたいなって思う
凛
凛
好きな人と腕を組んで街中でデートしたり
好きな人と腕を組んで街中でデートしたり
凛
凛
ね？
ね？
秀隆
秀隆
お、おう
お、おう
その可愛すぎる笑顔に、オレは思わず顔を赤らめた。
その可愛すぎる笑顔に、オレは思わず顔を赤らめた。
いくら距離が近づいても、こんな可愛い子の笑顔を向けられたら、
いくら距離が近づいても、こんな可愛い子の笑顔を向けられたら、
テレてしまうのも無理ない。
テレてしまうのも無理ない。
凛
凛
今日はあたしも秀隆も休みだし、遊び倒すわよ？
今日はあたしも秀隆も休みだし、遊び倒すわよ？
秀隆
秀隆
その覚悟はしてきたつもりだ。ドンとこい
その覚悟はしてきたつもりだ。ドンとこい
二人で買い物したり、普通に雑談したり。
二人で買い物したり、普通に雑談したり。
カフェで休憩なんかもしたりして。
カフェで休憩なんかもしたりして。
楽しい時間はあっという間に過ぎていく。
楽しい時間はあっという間に過ぎていく。
秀隆
秀隆
この後は、実はホテルを取ってあるんだよ
この後は、実はホテルを取ってあるんだよ
凛
凛
ホテル？　わざわざ？　泊まるなら家を使えばいいじゃない
ホテル？　わざわざ？　泊まるなら家を使えばいいじゃない
秀隆
秀隆
たまには、そう言う贅沢もいいだろ？
たまには、そう言う贅沢もいいだろ？
秀隆
秀隆
例の最上階のレストランも予約したし。
例の最上階のレストランも予約したし。
偶然キャンセルが出てさ、そこに入れてもらえたんだ
偶然キャンセルが出てさ、そこに入れてもらえたんだ
凛
凛
まぁ、サプライズとしては悪くないか
まぁ、サプライズとしては悪くないか
どうやら、納得してくれたらしい。
どうやら、納得してくれたらしい。
オレたちは食事をしに、上のフロアへ。
オレたちは食事をしに、上のフロアへ。
凛
凛
あー美味しかった
あー美味しかった
秀隆
秀隆
満足できたか？
満足できたか？
凛
凛
うん、やっぱりあそこの料理は美味しいわね
うん、やっぱりあそこの料理は美味しいわね
秀隆
秀隆
肉料理が、特に美味しかったよな。肉なんて、中々食べられないし
肉料理が、特に美味しかったよな。肉なんて、中々食べられないし
凛
凛
そうねー
そうねー
秀隆
秀隆
精もついたし、これでハッスルできるな
精もついたし、これでハッスルできるな
凛
凛
出た。エッチしたいって流れ？
出た。エッチしたいって流れ？
秀隆
秀隆
そりゃ、ホテルに来たんだから期待するだろ？
そりゃ、ホテルに来たんだから期待するだろ？
凛
凛
……分かってるわよ。でも……
……分かってるわよ。でも……
凛
凛
とりあえずシャワーからね
とりあえずシャワーからね
秀隆
秀隆
お供します
お供します
凛
凛
見るのもお触りも禁止だけど、それでもいいなら
見るのもお触りも禁止だけど、それでもいいなら
秀隆
秀隆
せめて、見るのだけは許可してください
せめて、見るのだけは許可してください
凛
凛
絶対に見るだけだからね？
絶対に見るだけだからね？
秀隆
秀隆
うむ
うむ
凛
凛
……全然信じられないけど……
……全然信じられないけど……
凛
凛
……見るだけって約束だったのに……騙された
……見るだけって約束だったのに……騙された
秀隆
秀隆
い、いや、だって凛も途中からその気になっただろ？
い、いや、だって凛も途中からその気になっただろ？
風呂上り、オレは凛から強烈な睨みを受けていた。
風呂上り、オレは凛から強烈な睨みを受けていた。
凛
凛
いきなりあたしの裸見ながらオナニー始めるほうが悪い
いきなりあたしの裸見ながらオナニー始めるほうが悪い
秀隆
秀隆
一応見るだけって約束だったから、ほら、な？
一応見るだけって約束だったから、ほら、な？
凛
凛
ったくもう。こんな時にまで、いつも通りなんだから
ったくもう。こんな時にまで、いつも通りなんだから
秀隆
秀隆
こういう時だからこそ、いつも通りに振舞うんだよ
こういう時だからこそ、いつも通りに振舞うんだよ
凛
凛
……そうね。いつも通りなら、これであってるのか
……そうね。いつも通りなら、これであってるのか
se着信（共通
se着信（共通
凛の携帯が鳴った。
凛の携帯が鳴った。
秀隆
秀隆
また、金本さんからか？
また、金本さんからか？
凛
凛
ううん、あたしのマネージャーみたい
ううん、あたしのマネージャーみたい
se通話ボタン
se通話ボタン
凛は携帯を取る。
凛は携帯を取る。
凛
凛
もしもし？　どうしたんですか？　……はい
もしもし？　どうしたんですか？　……はい
凛
凛
はい。え、こんな時間から打ち合わせ、ですか……
はい。え、こんな時間から打ち合わせ、ですか……
凛
凛
でも、あたし今日は休みを貰ってて……
でも、あたし今日は休みを貰ってて……
分かりました
分かりました
凛
凛
じゃあ、すぐ向かいます。３０分くらい時間ください。はい
じゃあ、すぐ向かいます。３０分くらい時間ください。はい
se通話ボタン
se通話ボタン
携帯をきる。
携帯をきる。
凛
凛
どうしても打ち合わせがしたいって、共演者が言ってるみたい
どうしても打ち合わせがしたいって、共演者が言ってるみたい
秀隆
秀隆
そうか。すぐ帰れそうなのか？
そうか。すぐ帰れそうなのか？
凛
凛
わかんないけど……いかなきゃならないかな
わかんないけど……いかなきゃならないかな
秀隆
秀隆
そっか。仕事なら仕方ないよ
そっか。仕事なら仕方ないよ
凛
凛
途中まで送ってくれる？
途中まで送ってくれる？
秀隆
秀隆
もちろん
もちろん
オレは凛の支度を待って、二人で廊下に。
オレは凛の支度を待って、二人で廊下に。
凛
凛
終わったら、すぐ連絡するね
終わったら、すぐ連絡するね
秀隆
秀隆
ああ
ああ
秀隆
秀隆
すぐに終わるさ、きっと
すぐに終わるさ、きっと
凛
凛
ええ
ええ
秀隆
秀隆
じゃあ、行くか
じゃあ、行くか
金本
金本
なるほどねー
なるほどねー
秀隆
秀隆
！？
！？
オレたちが手を繋ぎながらホテルを出ると、
オレたちが手を繋ぎながらホテルを出ると、
そこには不気味な笑みを浮かべる金本さんが居た。
そこには不気味な笑みを浮かべる金本さんが居た。
凛
凛
こ、こんばんは金本さんっ
こ、こんばんは金本さんっ
慌てて繋いでいた手を離した凛だが、それは逆効果、あるいは無意味だっただろう。
慌てて繋いでいた手を離した凛だが、それは逆効果、あるいは無意味だっただろう。
金本
金本
前々から、とは思ってたけど……ダメだなぁ凛ちゃん
前々から、とは思ってたけど……ダメだなぁ凛ちゃん
凛
凛
な、何がですか？
な、何がですか？
珍しく凛が動揺を隠しきれていない。
珍しく凛が動揺を隠しきれていない。
それも無理ないことか。
それも無理ないことか。
オレたちは直前まで、当然部屋では表に出せないようなことをしていた。
オレたちは直前まで、当然部屋では表に出せないようなことをしていた。
それに、ここにいる金本さんは偶然ここにいるとは思えない。
それに、ここにいる金本さんは偶然ここにいるとは思えない。
金本
金本
街の清純派アイドル、深夜の密会。淫らな裏の性活。
街の清純派アイドル、深夜の密会。淫らな裏の性活。
見出しは決まりだ
見出しは決まりだ
凛
凛
えと、よくわからないんですけど……
えと、よくわからないんですけど……
私と島津さんは、そこでばったり会って
私と島津さんは、そこでばったり会って
金本
金本
やめようよ凛ちゃん。僕は君より人生も芸能生活も長いんだよ？
やめようよ凛ちゃん。僕は君より人生も芸能生活も長いんだよ？
金本
金本
君たちの関係がどういうものかくらいわかるよ
君たちの関係がどういうものかくらいわかるよ
凛
凛
っ……あ、あたし……
っ……あ、あたし……
金本
金本
今日、君たちがデートするって情報、あるスジから入手してさ。
今日、君たちがデートするって情報、あるスジから入手してさ。
実は夕方からずっと付回してたんだよねぇ
実は夕方からずっと付回してたんだよねぇ
金本
金本
大胆にもホテルで宿泊なんて。今日はもう出てこないかと思ってたよ
大胆にもホテルで宿泊なんて。今日はもう出てこないかと思ってたよ
秀隆
秀隆
ずっと、外で見張ってたんですか……
ずっと、外で見張ってたんですか……
金本
金本
うん。２時間待ったよ。何発お楽しみだったのかなぁ？
うん。２時間待ったよ。何発お楽しみだったのかなぁ？
金本
金本
我慢できなくて、マネージャーに凛ちゃんを呼び出してもらったんだよ
我慢できなくて、マネージャーに凛ちゃんを呼び出してもらったんだよ
凛
凛
じゃあ、さっき私が受けた電話って……
じゃあ、さっき私が受けた電話って……
金本
金本
そう。僕がお願いしてかけてもらったんだ。
そう。僕がお願いしてかけてもらったんだ。
僕からのメールや電話を、凛ちゃん全部無視するからさぁ
僕からのメールや電話を、凛ちゃん全部無視するからさぁ
ニヤニヤと笑う。
ニヤニヤと笑う。
凛
凛
お願いします金本さん、このことは、内密にしていただ
お願いします金本さん、このことは、内密にしていただ
秀隆
秀隆
それで、何がお望みですか？
それで、何がお望みですか？
凛の言葉をオレが遮る。
凛の言葉をオレが遮る。
金本
金本
さすがは特務官。凛ちゃんと違って物分かりがいいねぇ
さすがは特務官。凛ちゃんと違って物分かりがいいねぇ
秀隆
秀隆
わざわざオレたちの前に現れたんです、何か狙いがあると考えるのが普通ですよ
わざわざオレたちの前に現れたんです、何か狙いがあると考えるのが普通ですよ
金本
金本
へへへ
へへへ
嫌な笑いを浮かべる。
嫌な笑いを浮かべる。
金本
金本
二人の密会はこの目でしっかり確かめたし、携帯に証拠もとった。
二人の密会はこの目でしっかり確かめたし、携帯に証拠もとった。
もし僕がこれを持って関係各社回れば、君は一日でアイドルの座から転落する
もし僕がこれを持って関係各社回れば、君は一日でアイドルの座から転落する
金本
金本
これはあらがいようのない事実だ
これはあらがいようのない事実だ
秀隆
秀隆
証拠？　本当にそんな証拠があるんですか
証拠？　本当にそんな証拠があるんですか
金本
金本
あるとも
あるとも
そういい、金本さんは携帯を取り出し、
そういい、金本さんは携帯を取り出し、
オレと凛が手を繋いでいる写真を見せてきた。
オレと凛が手を繋いでいる写真を見せてきた。
金本
金本
アイドルがプライベートで男の手を握って歩いてれば、それだけで証拠としては十分だ
アイドルがプライベートで男の手を握って歩いてれば、それだけで証拠としては十分だ
金本
金本
後は、このホテルのことなんかをちょいっと漏らしてやれば……
後は、このホテルのことなんかをちょいっと漏らしてやれば……
凛
凛
どうすれば……黙っていていただけるんですか……？
どうすれば……黙っていていただけるんですか……？
金本
金本
やっと理解したようだねえ、事情を
やっと理解したようだねえ、事情を
金本
金本
僕とも一回エッチしてよ。そしたら、証拠のデータは消すし、
僕とも一回エッチしてよ。そしたら、証拠のデータは消すし、
黙っておくと誓うよ
黙っておくと誓うよ
凛
凛
なっ！？
なっ！？
秀隆
秀隆
…………
…………
金本
金本
悪い条件じゃないでしょお。彼氏にしてることを僕にしてくれればいいんだよ
悪い条件じゃないでしょお。彼氏にしてることを僕にしてくれればいいんだよ
凛
凛
そ、そんなこと無理です……っ
そ、そんなこと無理です……っ
金本
金本
だそうだけど。それでいいと思うかい？　彼氏の君は
だそうだけど。それでいいと思うかい？　彼氏の君は
秀隆
秀隆
…………
…………
圧倒的に不利な状況。
圧倒的に不利な状況。
一方的に弱みを握られている状況だ。
一方的に弱みを握られている状況だ。
この最低な提案を断れば、恐らくこの人は容赦なくマスコミに公開するだろう。
この最低な提案を断れば、恐らくこの人は容赦なくマスコミに公開するだろう。
何故なら失うものは何もなく、リターンしかないからだ。
何故なら失うものは何もなく、リターンしかないからだ。
公開されれば、下手したら凛は芸能活動が出来なくなり、
公開されれば、下手したら凛は芸能活動が出来なくなり、
オレに至っても今まで通りと言うことはいかない。
オレに至っても今まで通りと言うことはいかない。
仕事関係者に手を出す特務官として取り上げられるかもしれない。
仕事関係者に手を出す特務官として取り上げられるかもしれない。
凛
凛
秀隆……
秀隆……
凛が、オレに助けを求める声を出した。
凛が、オレに助けを求める声を出した。
秀隆
秀隆
凛
凛
秀隆
秀隆
金本さんの提案を受けるしかない
金本さんの提案を受けるしかない
凛
凛
え……っ……
え……っ……
凛の乾いた声。
凛の乾いた声。
そして、金本さんの不気味な笑み。
そして、金本さんの不気味な笑み。
秀隆
秀隆
彼は頭のいい人だ。この話、凛だけが居る時にしてもよさそうなのに、金本さんはあえてオレのいるところで話をした。
彼は頭のいい人だ。この話、凛だけが居る時にしてもよさそうなのに、金本さんはあえてオレのいるところで話をした。
それはなぜか？
それはなぜか？
秀隆
秀隆
恐らく凛一人と話しても断られるとわかっているからだろう。
恐らく凛一人と話しても断られるとわかっているからだろう。
だからオレを利用して交渉を有利に進めようと考えた
だからオレを利用して交渉を有利に進めようと考えた
秀隆
秀隆
オレや凛がいくら頭を下げたって、この人は説得できるタイプじゃない
オレや凛がいくら頭を下げたって、この人は説得できるタイプじゃない
金本
金本
正解だぁ。若いのに感心感心
正解だぁ。若いのに感心感心
凛
凛
あ、あたしは……あたしが、他の人に、抱かれてもいいってこと？
あ、あたしは……あたしが、他の人に、抱かれてもいいってこと？
秀隆
秀隆
良いはずないだろ
良いはずないだろ
秀隆
秀隆
良いはずはないが……これ以外に方法はない
良いはずはないが……これ以外に方法はない
凛
凛
……お金、お金をお支払いします。それで、秘密にしていただけませんか！
……お金、お金をお支払いします。それで、秘密にしていただけませんか！
金本
金本
お金ねぇ。僕は別にお金に困ってないし、
お金ねぇ。僕は別にお金に困ってないし、
それにお金を受け取ると、バレたときのリスクが大きいんだよ。
それにお金を受け取ると、バレたときのリスクが大きいんだよ。
巨額のお金が動けば、それだけ多くの証拠も残っちゃうしね
巨額のお金が動けば、それだけ多くの証拠も残っちゃうしね
金本
金本
僕は君とエッチ出来れば、それでいいんだよ。
僕は君とエッチ出来れば、それでいいんだよ。
出来るか出来ないか、その２択だけなんだよお
出来るか出来ないか、その２択だけなんだよお
そう言い、股間の付近で人差し指を伸ばしたり曲げたりする。
そう言い、股間の付近で人差し指を伸ばしたり曲げたりする。
凛
凛
そんな……
そんな……
金本
金本
１、２時間目を瞑って我慢するだけでいいんだから、簡単でしょ
１、２時間目を瞑って我慢するだけでいいんだから、簡単でしょ
秀隆
秀隆
……金本さん
……金本さん
金本
金本
んん？
んん？
秀隆
秀隆
あなたは、それが脅しであると、
あなたは、それが脅しであると、
分かっていてのことなんですか……
分かっていてのことなんですか……
金本
金本
脅し？　おいおい、物騒だな君は。
脅し？　おいおい、物騒だな君は。
僕はただ事実を秘密にして上げるって言ってるんだよ
僕はただ事実を秘密にして上げるって言ってるんだよ
金本
金本
いいんだよ？　僕はこの情報を持ってマスコミに駆け込むだけなんだから
いいんだよ？　僕はこの情報を持ってマスコミに駆け込むだけなんだから
そういい、携帯を手にニヤニヤと笑う。
そういい、携帯を手にニヤニヤと笑う。
秀隆
秀隆
凛……ここは、おまえが決断するしかない
凛……ここは、おまえが決断するしかない
凛
凛
ひ、秀隆……決断、決断って何よ……
ひ、秀隆……決断、決断って何よ……
秀隆
秀隆
オレたちのことをマスコミに知られてアイドル生命を絶つか……
オレたちのことをマスコミに知られてアイドル生命を絶つか……
あるいは、金本さんの条件を飲むか……
あるいは、金本さんの条件を飲むか……
凛
凛
あた……あたしは……
あた……あたしは……
秀隆
秀隆
オレは、おまえをこんな男に抱かせたくなんてない。
オレは、おまえをこんな男に抱かせたくなんてない。
でも―――凛がアイドルとして終わってしまうのは、もっと嫌だ
でも―――凛がアイドルとして終わってしまうのは、もっと嫌だ
秀隆
秀隆
凛の夢を、仕事を、生きがいを……失ってほしくないんだ
凛の夢を、仕事を、生きがいを……失ってほしくないんだ
秀隆
秀隆
もしもその覚悟があるのなら……
もしもその覚悟があるのなら……
オレは凛の肩をそっと撫でた後、金本さんを睨みつけた。
オレは凛の肩をそっと撫でた後、金本さんを睨みつけた。
秀隆
秀隆
今回限りにする、約束していただけますね？
今回限りにする、約束していただけますね？
金本
金本
もちろんだよ
もちろんだよ
秀隆
秀隆
……まだ、ホテルの部屋は借りてあります
……まだ、ホテルの部屋は借りてあります
オレはルームキーを取り出し、それを金本さんに差し出した。
オレはルームキーを取り出し、それを金本さんに差し出した。
秀隆
秀隆
１時間だけです……それ以上は、絶対に
１時間だけです……それ以上は、絶対に
金本
金本
わかったよ。じゃあ、行こうか凛ちゃん
わかったよ。じゃあ、行こうか凛ちゃん
金本さんは凛の隣に立つと、大胆に腰ごと抱き寄せた。
金本さんは凛の隣に立つと、大胆に腰ごと抱き寄せた。
凛
凛
……はい……
……はい……
凛は泣きかけていたが、それでも弱音を吐くことはしなかった。
凛は泣きかけていたが、それでも弱音を吐くことはしなかった。
凛にとって、アイドルは自分そのものなんだ。
凛にとって、アイドルは自分そのものなんだ。
金本
金本
そう、泣きそうな顔はやめてくれよ。
そう、泣きそうな顔はやめてくれよ。
僕がホテルに無理やり連れ込んだみたいになっちゃうからさ
僕がホテルに無理やり連れ込んだみたいになっちゃうからさ
金本
金本
あくまでも僕と凛ちゃんは、同意の下なんだから
あくまでも僕と凛ちゃんは、同意の下なんだから
凛
凛
…………
…………
金本
金本
やれやれ、僕も嫌われたもんだ。
やれやれ、僕も嫌われたもんだ。
でも、いいさ。すーぐ素直な身体にしてあげるからさ
でも、いいさ。すーぐ素直な身体にしてあげるからさ
金本
金本
さてと。お風呂はいいよね、どうせ入った後なんだろ？
さてと。お風呂はいいよね、どうせ入った後なんだろ？
金本
金本
あの特務官とセックスした直後ってのが、また燃えるよねぇ
あの特務官とセックスした直後ってのが、また燃えるよねぇ
金本
金本
ほら、さっさと裸になって、ベッドに四つんばいになって
ほら、さっさと裸になって、ベッドに四つんばいになって
凛
凛
…………
…………
金本
金本
なにぼさっとしてるんだ、早くしろよビッチ！
なにぼさっとしてるんだ、早くしろよビッチ！
凛
凛
っ……
っ……
金本に突き飛ばされるように、ベッドへと押し倒される凛。
金本に突き飛ばされるように、ベッドへと押し倒される凛。
凛
凛
あたしが、誰かに助けを求めたらどうするんですか……
あたしが、誰かに助けを求めたらどうするんですか……
金本
金本
君はそんなことしない。アイドルへの道が絶たれるからだ
君はそんなことしない。アイドルへの道が絶たれるからだ
金本
金本
だからここまでついてきたんだろ？
だからここまでついてきたんだろ？
凛
凛
違う……あたしは、秀隆を信じているだけ。
違う……あたしは、秀隆を信じているだけ。
あいつが言うことに、間違いなんてないって、信じてるだけ
あいつが言うことに、間違いなんてないって、信じてるだけ
凛
凛
例えあんたに身体を穢されても、ただじゃ済まさないから……
例えあんたに身体を穢されても、ただじゃ済まさないから……
金本
金本
いいねいいね、そう言う凛ちゃんも素敵だよ
いいねいいね、そう言う凛ちゃんも素敵だよ
凛
凛
気持ち悪い……
気持ち悪い……
金本
金本
口が悪い子には……
口が悪い子には……
se平手うち (1
se平手うち (1
金本
金本
躾がいるようだねぇ
躾がいるようだねぇ
乾いた音が、部屋に響き渡る。
乾いた音が、部屋に響き渡る。
凛
凛
……ったいわね……
……ったいわね……
金本
金本
僕は生意気な子が嫌いでね。特に、口の利き方を知らない子はね
僕は生意気な子が嫌いでね。特に、口の利き方を知らない子はね
se首を絞められる0
se首を絞められる0
凛の上にまたがると、強く首を締め上げる。
凛の上にまたがると、強く首を締め上げる。
凛
凛
かはっ……！
かはっ……！
金本
金本
首を絞められると、苦しいだろう？　嫌なら反抗しないことだよ
首を絞められると、苦しいだろう？　嫌なら反抗しないことだよ
金本
金本
１時間我慢していれば、それで君は自由だ。そうだろ？
１時間我慢していれば、それで君は自由だ。そうだろ？
金本
金本
それに、君は僕を最低な人間だと思っているだろうけど、
それに、君は僕を最低な人間だと思っているだろうけど、
君も十分最低な女である自覚は持った方がいいよ
君も十分最低な女である自覚は持った方がいいよ
凛
凛
っ、く……ぁ……！
っ、く……ぁ……！
数秒締め付けた後、手をはなす。
数秒締め付けた後、手をはなす。
凛
凛
さ、最低な人間……あたしが……？
さ、最低な人間……あたしが……？
金本
金本
清純派？　笑わせてくれるね。処女でもなんでもなくなった君が、
清純派？　笑わせてくれるね。処女でもなんでもなくなった君が、
いつまでファンを騙し続けていくのか……十分最低だと思わないかい？
いつまでファンを騙し続けていくのか……十分最低だと思わないかい？
凛
凛
それは……仕事だから……
それは……仕事だから……
金本
金本
仕事だからって、嘘をついていいことにはならないよ。
仕事だからって、嘘をついていいことにはならないよ。
その点、僕は最低だとののしられながらも、いつも本当の自分で勝負している
その点、僕は最低だとののしられながらも、いつも本当の自分で勝負している
凛
凛
あたしが……最低……
あたしが……最低……
凛は抵抗を弱め、ぐてっとする。
凛は抵抗を弱め、ぐてっとする。
金本
金本
最低な僕と最低な凛ちゃん。いい組み合わせじゃないか
最低な僕と最低な凛ちゃん。いい組み合わせじゃないか
凛
凛
…………
…………
金本
金本
そう。それでいいんだ。抵抗なんてよくないよ。
そう。それでいいんだ。抵抗なんてよくないよ。
君も立て続けの不幸なんて嫌だろ？
君も立て続けの不幸なんて嫌だろ？
マネージャーにレイプされそうになった上に、僕にまで……
マネージャーにレイプされそうになった上に、僕にまで……
金本
金本
僕としても、和姦がいいと思っているんだからさ
僕としても、和姦がいいと思っているんだからさ
そう言うと、金本は凛の服に手をかけ、上着を脱がせた。
そう言うと、金本は凛の服に手をかけ、上着を脱がせた。
そして、強引にブラジャーをもはぎとる。
そして、強引にブラジャーをもはぎとる。
金本
金本
お、おおおおっ……僕は何人もアイドルを食べてきたけど、
お、おおおおっ……僕は何人もアイドルを食べてきたけど、
これほどすばらしい身体に出会ったことはないかもしれない
これほどすばらしい身体に出会ったことはないかもしれない
金本
金本
その覚悟と怒りの表情がいつまで持つのか、楽しみだよ
その覚悟と怒りの表情がいつまで持つのか、楽しみだよ
金本が、凛の上へとのしかかり、乳房を鷲づかみにする。
金本が、凛の上へとのしかかり、乳房を鷲づかみにする。
金本
金本
最高だ、ああ、最高だ！
最高だ、ああ、最高だ！
そして、むしゃぶりつこうと、唇を乳輪へと近づけた。
そして、むしゃぶりつこうと、唇を乳輪へと近づけた。
se着信（共通
se着信（共通
金本
金本
あぁ？　なんだよ、こんな時に……
あぁ？　なんだよ、こんな時に……
金本の携帯が鳴る。
金本の携帯が鳴る。
se通話ボタン
se通話ボタン
金本が乱暴にポケットから取り出すと、通話ボタンを押し着信を切った。
金本が乱暴にポケットから取り出すと、通話ボタンを押し着信を切った。
se着信（共通
se着信（共通
だが、すぐにまた着信が鳴る。
だが、すぐにまた着信が鳴る。
金本
金本
くそ、なんだよ
くそ、なんだよ
携帯の着信相手は、自らのマネージャー。
携帯の着信相手は、自らのマネージャー。
金本は苛立ちを隠さないまま、携帯を手に取った。
金本は苛立ちを隠さないまま、携帯を手に取った。
se通話ボタン
se通話ボタン
金本
金本
今取り込み中なんだ、後に……え？
今取り込み中なんだ、後に……え？
金本
金本
いや、今は、ああ、確かにホテルにいる……どうしてそれを……？
いや、今は、ああ、確かにホテルにいる……どうしてそれを……？
金本
金本
な、なんだ？　まさか特務官の奴が乗り込んで
な、なんだ？　まさか特務官の奴が乗り込んで
警官３
警官３
貴様、何をしている！
貴様、何をしている！
部屋に飛び込んできたのは、数人の男性たち。
部屋に飛び込んできたのは、数人の男性たち。
凛
凛
っ……
っ……
金本
金本
なんだおまえたちは！？
なんだおまえたちは！？
警官３
警官３
警察だ！
警察だ！
金本
金本
け、警察ぅ！？
け、警察ぅ！？
警官が男に駆け寄ると、金本を凛から引き剥がし、地面に組み伏せた。
警官が男に駆け寄ると、金本を凛から引き剥がし、地面に組み伏せた。
警官
警官
大丈夫かい？
大丈夫かい？
凛
凛
う、うう、ううっ……！
う、うう、ううっ……！
凛
凛
こ……殺されるかと、思いましたっ……う、ううっ……
こ……殺されるかと、思いましたっ……う、ううっ……
金本
金本
ちっ、違う。違うんだよ、これは！
ちっ、違う。違うんだよ、これは！
金本
金本
り、凛ちゃぁん、冗談きついよぉ。僕と君とは同意の上だったでしょ？
り、凛ちゃぁん、冗談きついよぉ。僕と君とは同意の上だったでしょ？
金本
金本
ほら、彼のこともあるし、間違った証言をすると―――ね？
ほら、彼のこともあるし、間違った証言をすると―――ね？
凛
凛
わ、私、首とか絞められて、無理やり身体を……
わ、私、首とか絞められて、無理やり身体を……
金本
金本
凛ちゃん！
凛ちゃん！
警官
警官
詳しい話は、署で聞こうか。こいっ
詳しい話は、署で聞こうか。こいっ
金本
金本
僕は何もしてないんですよぉ、刑事さん。この部屋も、僕の部屋じゃなくて……
僕は何もしてないんですよぉ、刑事さん。この部屋も、僕の部屋じゃなくて……
警官
警官
いいから来い！
いいから来い！
警官２
警官２
君も、辛いとは思うけど証言してくれるね？
君も、辛いとは思うけど証言してくれるね？
凛
凛
……はい……
……はい……
秀隆
秀隆
凛！
凛！
希望
希望
凛ちゃん！
凛ちゃん！
凛
凛
秀隆っ！　希望っ！
秀隆っ！　希望っ！
オレと希望は、ホテルの外で凛が出てくるのを待っていた。
オレと希望は、ホテルの外で凛が出てくるのを待っていた。
凛の少し後ろを、金本が歩いてくる。
凛の少し後ろを、金本が歩いてくる。
金本
金本
島津君、ちゃんと説明してもらうよ……後悔する前にね
島津君、ちゃんと説明してもらうよ……後悔する前にね
秀隆
秀隆
何のことですか……凛に何をしたんですかっ！
何のことですか……凛に何をしたんですかっ！
金本
金本
何をって……どういうつもりだっ
何をって……どういうつもりだっ
警官
警官
何を喋っている。来いっ
何を喋っている。来いっ
金本
金本
は、はい。ちゃんと説明させていただきますよ刑事さん。
は、はい。ちゃんと説明させていただきますよ刑事さん。
僕が無実だということ、それから、彼女の秘密についても、
僕が無実だということ、それから、彼女の秘密についても、
しっかりと
しっかりと
凛
凛
…………
…………
秀隆
秀隆
何も心配要らない
何も心配要らない
凛
凛
うん。それは分かってる、あたしは、秀隆を信じてるから
うん。それは分かってる、あたしは、秀隆を信じてるから
秀隆
秀隆
怖い思いをさせたな、凛
怖い思いをさせたな、凛
凛
凛
ううん。もっと早くに、秀隆に相談していればよかった
ううん。もっと早くに、秀隆に相談していればよかった
凛
凛
そしたら、きっと良い解決方法もあったと思う
そしたら、きっと良い解決方法もあったと思う
凛
凛
だけど……本当に、大丈夫かな？
だけど……本当に、大丈夫かな？
秀隆
秀隆
心配要らない。彼には、金本にはどうすることも出来ない
心配要らない。彼には、金本にはどうすることも出来ない
秀隆
秀隆
……後は、大河内代表と唐沢代表の審判を仰ぐ、それだけでいいだろう
……後は、大河内代表と唐沢代表の審判を仰ぐ、それだけでいいだろう
凛
凛
あの人は……あたしたちの証拠とか、持ってるよね……
あの人は……あたしたちの証拠とか、持ってるよね……
秀隆
秀隆
もちろん、そこは心配することはない
もちろん、そこは心配することはない
秀隆
秀隆
闇は闇へ飲み込まれる
闇は闇へ飲み込まれる
秀隆
秀隆
それが、社会の戦いだ
それが、社会の戦いだ
凛
凛
……秀隆……
……秀隆……
オレは、凛を強く抱きしめる。
オレは、凛を強く抱きしめる。
秀隆
秀隆
ごめんな……
ごめんな……
凛
凛
なに謝ってんのよ。あたしは平気。というか、謝るのはあたしかも
なに謝ってんのよ。あたしは平気。というか、謝るのはあたしかも
凛
凛
仕方なかったとは言え、ちょっとおっぱい触らせちゃった
仕方なかったとは言え、ちょっとおっぱい触らせちゃった
秀隆
秀隆
むっ……し、仕方ないとは言え、それは確かに許せないかも……
むっ……し、仕方ないとは言え、それは確かに許せないかも……
秀隆
秀隆
後で、嫌な感触はオレが忘れさせてやるからな
後で、嫌な感触はオレが忘れさせてやるからな
凛
凛
……うん
……うん
希望
希望
うーん、なんだか、私はお邪魔な気がしてきた
うーん、なんだか、私はお邪魔な気がしてきた
秀隆
秀隆
悪いな。カモフラージュのために呼んだのに。もう必要ないわ
悪いな。カモフラージュのために呼んだのに。もう必要ないわ
希望
希望
うわ、ひどいなぁ。なんて、確かに私は帰ったほうがよさそうだね
うわ、ひどいなぁ。なんて、確かに私は帰ったほうがよさそうだね
希望
希望
じゃあ、また明日遊びに行くね
じゃあ、また明日遊びに行くね
秀隆
秀隆
お邪魔する気満々じゃないか……
お邪魔する気満々じゃないか……
希望は笑いながら帰っていく。
希望は笑いながら帰っていく。
凛
凛
……秀隆……
……秀隆……
秀隆
秀隆
ん？
ん？
凛
凛
好き、よ
好き、よ
秀隆
秀隆
オレもだよ、凛
オレもだよ、凛
オレたちは、身を隠しながら、街中でそっと口付けを交わした。
オレたちは、身を隠しながら、街中でそっと口付けを交わした。
