週末。
週末。
金曜日の朝、オレはゆったりと朝の食事を楽しんでいた。
金曜日の朝、オレはゆったりと朝の食事を楽しんでいた。
秀隆
秀隆
美味いなあ。実に美味い
美味いなあ。実に美味い
こんなに美味しいものが配給品でいいのだろうか。
こんなに美味しいものが配給品でいいのだろうか。
アクセラ
アクセラ
トウモロコシ追加されますか？
トウモロコシ追加されますか？
秀隆
秀隆
そうだな。もう一個くらい貰っとこうかな
そうだな。もう一個くらい貰っとこうかな
これだけならいくらでも食べられるぞ。
これだけならいくらでも食べられるぞ。
アクセラ
アクセラ
食べる分は、きっちりと働いてくださいね。馬車馬のように
食べる分は、きっちりと働いてくださいね。馬車馬のように
秀隆
秀隆
……なんだか、急に食欲が失せてきた
……なんだか、急に食欲が失せてきた
アクセラ
アクセラ
では追加のトウモロコシはなかったことに致しましょう
では追加のトウモロコシはなかったことに致しましょう
秀隆
秀隆
いえ、ください。馬車馬のように働きますので
いえ、ください。馬車馬のように働きますので
アクセラ
アクセラ
精根尽きるまで、お願いいたします
精根尽きるまで、お願いいたします
悪びれた様子もなく悪態を吐くアクセラ。
悪びれた様子もなく悪態を吐くアクセラ。
ひょっとしてどこか壊れてるんじゃないだろうか。
ひょっとしてどこか壊れてるんじゃないだろうか。
アンドロイドを買うこと、検討してみるか……？
アンドロイドを買うこと、検討してみるか……？
秀隆
秀隆
なんて、んな金の余裕ないっての
なんて、んな金の余裕ないっての
今日を生きるのに精一杯の我が家が、
今日を生きるのに精一杯の我が家が、
アンドロイドを購入するなんて夢のまた夢の話だ。
アンドロイドを購入するなんて夢のまた夢の話だ。
秀隆
秀隆
あぁそうだ。今日は帰りに杉村さんの所に寄って来るから
あぁそうだ。今日は帰りに杉村さんの所に寄って来るから
秋
秋
そうですか
そうですか
特に気にした様子もなく、秋は黙々と食事を続けていた。
特に気にした様子もなく、秋は黙々と食事を続けていた。
秀隆
秀隆
さてと
さてと
久しぶりに杉村さんに会うんだ、ビシッと決めて行くっきゃないな。
久しぶりに杉村さんに会うんだ、ビシッと決めて行くっきゃないな。
seゴロゴロ（お腹痛い）
seゴロゴロ（お腹痛い）
秀隆
秀隆
いででで！
いででで！
ビシッと決めるつもりが、１０分後オレはトイレの中でブリッとしていた。
ビシッと決めるつもりが、１０分後オレはトイレの中でブリッとしていた。
ケツからは、見事なまでに食べたものが出てきている。
ケツからは、見事なまでに食べたものが出てきている。
秀隆
秀隆
最近下痢続きだ……
最近下痢続きだ……
健康には自信があるんだけどなぁ……。
健康には自信があるんだけどなぁ……。
トイレから出たら下痢止めを飲んでおこう。
トイレから出たら下痢止めを飲んでおこう。
学園は今日も何一つ変わりがない。
学園は今日も何一つ変わりがない。
淡々と授業をこなし、就業時間が終わるのを待つ。
淡々と授業をこなし、就業時間が終わるのを待つ。
そして、やってくる放課後。
そして、やってくる放課後。
週末の街と言うこともあり、人の出はいつもより多い。
週末の街と言うこともあり、人の出はいつもより多い。
金曜日と土曜日は、消灯時間も１時間ほど延長されるから、
金曜日と土曜日は、消灯時間も１時間ほど延長されるから、
学生たちも、今日はちょっと遅くまで遊んでいることだろう。
学生たちも、今日はちょっと遅くまで遊んでいることだろう。
病院に向かう途中、そんなことを考えていると……。
病院に向かう途中、そんなことを考えていると……。
愛佳
愛佳
…………
…………
私服姿の片桐が、ベンチに座って携帯を触っていた。
私服姿の片桐が、ベンチに座って携帯を触っていた。
恐らくこれから彼氏と待ち合わせか何かだろう。
恐らくこれから彼氏と待ち合わせか何かだろう。
秀隆
秀隆
学生はいいねえ
学生はいいねえ
オレも杉村さんと、あぁいう関係を築くことが出来たらな……。
オレも杉村さんと、あぁいう関係を築くことが出来たらな……。
大人の恋愛ってのは、学生のようには行かない。
大人の恋愛ってのは、学生のようには行かない。
ちょっぴり羨ましいぜ。
ちょっぴり羨ましいぜ。
片桐の邪魔はしないよう、声を掛けずに通り過ぎた。
片桐の邪魔はしないよう、声を掛けずに通り過ぎた。
早く杉村さんに会いに行こう。
早く杉村さんに会いに行こう。
見慣れた景色を進み、ある白い建物のひとつに入る。
見慣れた景色を進み、ある白い建物のひとつに入る。
そこは街でも一番有名な、坂ノ宮病院だ。
そこは街でも一番有名な、坂ノ宮病院だ。
そこの６階に杉村さんのいる病室がある。
そこの６階に杉村さんのいる病室がある。
ＩＤを通すとすんなりとグリーンになった。
ＩＤを通すとすんなりとグリーンになった。
エレベーターに乗り、６階-精神科-と書かれたボタンを押した。
エレベーターに乗り、６階-精神科-と書かれたボタンを押した。
se医務室（杉村さん部屋）
se医務室（杉村さん部屋）
精神科のドアが開くと、すぐにコーヒーの匂いが鼻をついた。
精神科のドアが開くと、すぐにコーヒーの匂いが鼻をついた。
オレが知るいつもの部屋だ。
オレが知るいつもの部屋だ。
秀隆
秀隆
こんにちは、杉村さんっ
こんにちは、杉村さんっ
杉村
杉村
あら、よく来てくれたわね。こんにちは、島津くん
あら、よく来てくれたわね。こんにちは、島津くん
ソファーに座っていた、巨乳のお姉さん……
ソファーに座っていた、巨乳のお姉さん……
杉村佳奈美さんが微笑んだ。
杉村佳奈美さんが微笑んだ。
seコーヒーをテーブルに置く0
seコーヒーをテーブルに置く0
手に持っていたコーヒーカップを置く。
手に持っていたコーヒーカップを置く。
立ち上がり、入り口に立つオレを出迎えてくれた。
立ち上がり、入り口に立つオレを出迎えてくれた。
杉村
杉村
ささ、入って入って。でも思ったより早かったわね
ささ、入って入って。でも思ったより早かったわね
秀隆
秀隆
そりゃ、杉村さんから連絡を貰えば飛んできますって
そりゃ、杉村さんから連絡を貰えば飛んできますって
杉村
杉村
ふふ、相変わらず元気そうね
ふふ、相変わらず元気そうね
笑う杉村さんの胸がプルンと揺れた。
笑う杉村さんの胸がプルンと揺れた。
秀隆
秀隆
す、杉村さんも、相変わらず暴力的なおっぱいしてますねぇ
す、杉村さんも、相変わらず暴力的なおっぱいしてますねぇ
思わず視線を向けてしまう。
思わず視線を向けてしまう。
あの胸の谷間に顔をうずめて良い権利が貰えるなら、
あの胸の谷間に顔をうずめて良い権利が貰えるなら、
寿命の１年くらい喜んで差し出すぞ、オレは。
寿命の１年くらい喜んで差し出すぞ、オレは。
杉村
杉村
うふふ。セクハラが過ぎると訴えるわよ？
うふふ。セクハラが過ぎると訴えるわよ？
秀隆
秀隆
目が笑ってないっす、杉村さん……
目が笑ってないっす、杉村さん……
杉村
杉村
島津くんは、言葉だけじゃなくて、視線もいやらしいかな
島津くんは、言葉だけじゃなくて、視線もいやらしいかな
秀隆
秀隆
や、ははは……なんと、バレてましたか
や、ははは……なんと、バレてましたか
杉村
杉村
女性は男性の視線に敏感だから、気をつけたほうがいいわよ
女性は男性の視線に敏感だから、気をつけたほうがいいわよ
秀隆
秀隆
はい……
はい……
と言うものの、こんな暴力的な胸をしてるんだから仕方ない。
と言うものの、こんな暴力的な胸をしてるんだから仕方ない。
注意されても胸に目が行ってしまうのだ。
注意されても胸に目が行ってしまうのだ。
杉村
杉村
ともかく、座ってちょうだい
ともかく、座ってちょうだい
秀隆
秀隆
うす。失礼しまっす
うす。失礼しまっす
オレは杉村さんのぴったり隣に腰を下ろす。
オレは杉村さんのぴったり隣に腰を下ろす。
秀隆
秀隆
ふう、美人の隣は緊張しますね！　熱も伝わってきますし！
ふう、美人の隣は緊張しますね！　熱も伝わってきますし！
杉村
杉村
島津くん。もうちょっと離れて座ってね。
島津くん。もうちょっと離れて座ってね。
顔面にコーヒーぶちまけるわよ？
顔面にコーヒーぶちまけるわよ？
秀隆
秀隆
……う、うっす
……う、うっす
残念ではあるが、怒らせる前に、距離をあけて座りなおす。
残念ではあるが、怒らせる前に、距離をあけて座りなおす。
お茶目な杉村さんは本当にぶちまけてくるから、
お茶目な杉村さんは本当にぶちまけてくるから、
気をつけないといけない。
気をつけないといけない。
秀隆
秀隆
メール。なんかちょっと畏まってましたけど。
メール。なんかちょっと畏まってましたけど。
もしかして、なんか心配なこととかありましたか。
もしかして、なんか心配なこととかありましたか。
ここしばらくは特に問題なかったと思うんですけど
ここしばらくは特に問題なかったと思うんですけど
杉村
杉村
ええ、島津くんの状態は非常に良好だと思うわ
ええ、島津くんの状態は非常に良好だと思うわ
秀隆
秀隆
うす。それは改めて安心しました
うす。それは改めて安心しました
杉村
杉村
今日は完全に別件なの
今日は完全に別件なの
こちらを向いた杉村さんは、ちょっと真剣な顔つきをしていた。
こちらを向いた杉村さんは、ちょっと真剣な顔つきをしていた。
杉村
杉村
唐沢さんから聞いたことなんだけどね……
唐沢さんから聞いたことなんだけどね……
秀隆
秀隆
唐沢さん、っすか？
唐沢さん、っすか？
そりゃまた、凄い人の名前が出たもんだ。
そりゃまた、凄い人の名前が出たもんだ。
杉村
杉村
５年ほど前に、島津くんを『特務官』に誘った、って
５年ほど前に、島津くんを『特務官』に誘った、って
秀隆
秀隆
５年前……
５年前……
記憶を遡る。
記憶を遡る。
思い当たることは一つしかなかった。
思い当たることは一つしかなかった。
秀隆
秀隆
あの時のことっすかね。ええ、華麗にお断りしましたよ
あの時のことっすかね。ええ、華麗にお断りしましたよ
秀隆
秀隆
それがどうかしたんスか？
それがどうかしたんスか？
杉村
杉村
ううん、別に何か他意があるわけじゃないんだけど。
ううん、別に何か他意があるわけじゃないんだけど。
どうして断ったりしたのかなぁって
どうして断ったりしたのかなぁって
どうして断ったのか、そんなこと決まってる。
どうして断ったのか、そんなこと決まってる。
あの日、あの時の出来事が、オレの全てをぶち壊したからだ。
あの日、あの時の出来事が、オレの全てをぶち壊したからだ。
どうしてあんなことになったのか。
どうしてあんなことになったのか。
誰の、せいだったのか……。
誰の、せいだったのか……。
秀隆
秀隆
どうして断ったも何も、オレには無理っすよ
どうして断ったも何も、オレには無理っすよ
秀隆
秀隆
あの時はまだ、病気も酷いもんでしたし……
あの時はまだ、病気も酷いもんでしたし……
なんとなく座ってられなくなり、ソファーから立つ。
なんとなく座ってられなくなり、ソファーから立つ。
秀隆
秀隆
止めましょうよ、昔の話なんて
止めましょうよ、昔の話なんて
秀隆
秀隆
昔を振り返るより今っスよ
昔を振り返るより今っスよ
秀隆
秀隆
もし杉村さんさえ良ければ、オレと付き合ってくれても、なんて
もし杉村さんさえ良ければ、オレと付き合ってくれても、なんて
秀隆
秀隆
いや、それはないか。オレじゃ不釣合いですもんね
いや、それはないか。オレじゃ不釣合いですもんね
秀隆
秀隆
臨時教師のオレじゃ収入も不安定だからなあ
臨時教師のオレじゃ収入も不安定だからなあ
秀隆
秀隆
ほんと、いつまで臨時教師で使い倒すつもりなんでしょうねえ、
ほんと、いつまで臨時教師で使い倒すつもりなんでしょうねえ、
いい加減、正社員になりたいっつの
いい加減、正社員になりたいっつの
秀隆
秀隆
それに、病院の先生たちも杉村さんを狙ってる話聞くんですよ。
それに、病院の先生たちも杉村さんを狙ってる話聞くんですよ。
くそー、そりゃそうですよねえ。オレも職場に杉村さんみたいな人がいたら放っておかないし
くそー、そりゃそうですよねえ。オレも職場に杉村さんみたいな人がいたら放っておかないし
杉村
杉村
島津くん
島津くん
秀隆
秀隆
や、すません。口が過ぎました
や、すません。口が過ぎました
秀隆
秀隆
ただほら、杉村さんはオレの憧れって言うか
ただほら、杉村さんはオレの憧れって言うか
秀隆
秀隆
おっぱい大きいし、おっぱい大きいから、もうたまらんと言うか
おっぱい大きいし、おっぱい大きいから、もうたまらんと言うか
秀隆
秀隆
家に帰ってオカズにした回数なんて数知れず
家に帰ってオカズにした回数なんて数知れず
杉村
杉村
島津くんっ
島津くんっ
秀隆
秀隆
うわ、今とんでもないことを口走っ――――はいっ？
うわ、今とんでもないことを口走っ――――はいっ？
オレの腕を、杉村さんが掴んでいた。
オレの腕を、杉村さんが掴んでいた。
杉村
杉村
落ち着いて。今日は別に、カウンセリングじゃないんだから
落ち着いて。今日は別に、カウンセリングじゃないんだから
秀隆
秀隆
えっ……？
えっ……？
杉村
杉村
……ね？
……ね？
深く慈愛の篭った瞳をしていた。
深く慈愛の篭った瞳をしていた。
その瞳を見ているだけで、オレは杉村さんに引き込まれそうになる。
その瞳を見ているだけで、オレは杉村さんに引き込まれそうになる。
そして、ハッとした。
そして、ハッとした。
気がつけば、オレはソファーの傍を繰り返し歩いていたのだ。
気がつけば、オレはソファーの傍を繰り返し歩いていたのだ。
心拍数が早い。
心拍数が早い。
心なしか、自発呼吸も速くなっている気がする。
心なしか、自発呼吸も速くなっている気がする。
また……我を失っていたのか？
また……我を失っていたのか？
直前まで自分が何を話していたのか、よく分からなくなる。
直前まで自分が何を話していたのか、よく分からなくなる。
秀隆
秀隆
大丈夫、大丈夫っす
大丈夫、大丈夫っす
自分に言い聞かせるように、杉村さんに告げる。
自分に言い聞かせるように、杉村さんに告げる。
杉村
杉村
座りましょ
座りましょ
秀隆
秀隆
うす……
うす……
オレは杉村さんの横に、一呼吸おいて、腰を下ろし直した。
オレは杉村さんの横に、一呼吸おいて、腰を下ろし直した。
杉村
杉村
話の内容によっては、やっぱり集中力の持続は、まだ難しいみたいね
話の内容によっては、やっぱり集中力の持続は、まだ難しいみたいね
秀隆
秀隆
元々雑念が多いですから。格好悪いっス
元々雑念が多いですから。格好悪いっス
ちょっと記憶を遡るだけでこの様だ。
ちょっと記憶を遡るだけでこの様だ。
杉村さんには、数え切れないくらい情けない姿見せてるよなぁ、オレって。
杉村さんには、数え切れないくらい情けない姿見せてるよなぁ、オレって。
杉村
杉村
あくまでも世間話であること、忘れないで
あくまでも世間話であること、忘れないで
杉村
杉村
今私とあなたは、昔話で盛り上がっているの
今私とあなたは、昔話で盛り上がっているの
秀隆
秀隆
大丈夫ですよ。大丈夫です
大丈夫ですよ。大丈夫です
杉村
杉村
うん
うん
にっこりと微笑む。
にっこりと微笑む。
秀隆
秀隆
杉村さんの笑顔、眩しいなぁ……
杉村さんの笑顔、眩しいなぁ……
いててて！
いててて！
ぎゅっと手の甲をつねられる。
ぎゅっと手の甲をつねられる。
杉村
杉村
今、胸触ろうとしたでしょう？
今、胸触ろうとしたでしょう？
秀隆
秀隆
つい条件反射で
つい条件反射で
杉村
杉村
条件反射って……いつか逮捕されちゃいそうね……
条件反射って……いつか逮捕されちゃいそうね……
あきれる杉村さんの表情もたまらないなぁ。
あきれる杉村さんの表情もたまらないなぁ。
杉村
杉村
おほんっ
おほんっ
杉村
杉村
もう、５年になるわね。島津くんと出会って
もう、５年になるわね。島津くんと出会って
秀隆
秀隆
そんななりますかね？
そんななりますかね？
いやぁ、杉村さんの魅力は変わらないなぁ
いやぁ、杉村さんの魅力は変わらないなぁ
秀隆
秀隆
杉村さんのおっぱいは５年前と何も変わらず最高で
杉村さんのおっぱいは５年前と何も変わらず最高で
杉村
杉村
話が進まないから、程ほどにしてね
話が進まないから、程ほどにしてね
秀隆
秀隆
い、いいパンチっスね……あ、鼻血が……
い、いいパンチっスね……あ、鼻血が……
杉村さんは慈愛に満ちてはいるが、セクハラには結構厳しいのだ。
杉村さんは慈愛に満ちてはいるが、セクハラには結構厳しいのだ。
杉村
杉村
ティッシュは勝手に使ってね
ティッシュは勝手に使ってね
秀隆
秀隆
その優しさが目に染みるっス
その優しさが目に染みるっス
杉村
杉村
５年、もう５年目なのよね
５年、もう５年目なのよね
ふがふが……鼻の奥にティッシュを詰め、抜く。
ふがふが……鼻の奥にティッシュを詰め、抜く。
見事に先端が真っ赤に染まっていた。
見事に先端が真っ赤に染まっていた。
秀隆
秀隆
早いもんですねぇ。オレも色々ガキでした
早いもんですねぇ。オレも色々ガキでした
杉村
杉村
最近は、どうなの？
最近は、どうなの？
秀隆
秀隆
最近っすか
最近っすか
ティッシュを丸め、ゴミ箱に放り込む。
ティッシュを丸め、ゴミ箱に放り込む。
秀隆
秀隆
大丈夫ですよ
大丈夫ですよ
秀隆
秀隆
大丈夫です
大丈夫です
秀隆
秀隆
もう、ずっと見てません
もう、ずっと見てません
杉村
杉村
よかった。やっぱり、良くなって来てるわね
よかった。やっぱり、良くなって来てるわね
オレの一言を聞いた杉村さんが満面の笑みを浮かべた。
オレの一言を聞いた杉村さんが満面の笑みを浮かべた。
杉村
杉村
そろそろ、通院も卒業かしら
そろそろ、通院も卒業かしら
秀隆
秀隆
オレとしては毎日でも杉村さんに会いにきたいですけど。
オレとしては毎日でも杉村さんに会いにきたいですけど。
さっきも言いましたが、割と本気で付き合ってくださいってお願いしてみたり
さっきも言いましたが、割と本気で付き合ってくださいってお願いしてみたり
杉村
杉村
でね、ちょっと話は変わるんだけど
でね、ちょっと話は変わるんだけど
秀隆
秀隆
あ、はい……いえ、べつに流していただいていいですけどね……
あ、はい……いえ、べつに流していただいていいですけどね……
もうちょっと食いついてくれてもよくないです？
もうちょっと食いついてくれてもよくないです？
杉村
杉村
島津くんと真面目に話してると疲れるもの
島津くんと真面目に話してると疲れるもの
溢れんばかりの笑顔だった。
溢れんばかりの笑顔だった。
秀隆
秀隆
ははっ！　死にたくなりました！
ははっ！　死にたくなりました！
杉村
杉村
この間、島津くんの過去のデータ、
この間、島津くんの過去のデータ、
唐沢さんが見せて欲しいって頼んできたの
唐沢さんが見せて欲しいって頼んできたの
秀隆
秀隆
データって、もしかして……？
データって、もしかして……？
小さく頷いた。
小さく頷いた。
オレの状態確認と言うことか。
オレの状態確認と言うことか。
杉村
杉村
もちろん医者として、個人のプライバシー公開は出来ない
もちろん医者として、個人のプライバシー公開は出来ない
杉村
杉村
だから言葉で、非常に良好です、ってことは教えたの
だから言葉で、非常に良好です、ってことは教えたの
秀隆
秀隆
そうですか
そうですか
杉村
杉村
唐沢さん……すごく嬉しそうだった
唐沢さん……すごく嬉しそうだった
秀隆
秀隆
ずっと、ご心配いただいてたみたいで
ずっと、ご心配いただいてたみたいで
杉村
杉村
実を言うとね、ここ５年間、
実を言うとね、ここ５年間、
何度も何度も、私に君のことを聞きにきてたの
何度も何度も、私に君のことを聞きにきてたの
杉村
杉村
心の問題は時間がかかるって言ったんだけど、
心の問題は時間がかかるって言ったんだけど、
唐沢さん、それでもあなたに期待してる、って
唐沢さん、それでもあなたに期待してる、って
秀隆
秀隆
買いかぶりっすねぇ……何に期待していただいてるんだか……
買いかぶりっすねぇ……何に期待していただいてるんだか……
秀隆
秀隆
唐沢さんには、迷惑をかけてばっかりですよ
唐沢さんには、迷惑をかけてばっかりですよ
秀隆
秀隆
臨時教師の話も、唐沢さんが助けてくれたお陰だし
臨時教師の話も、唐沢さんが助けてくれたお陰だし
秀隆
秀隆
そうでなきゃ、オレなんかが職につけるわけないですしね
そうでなきゃ、オレなんかが職につけるわけないですしね
杉村
杉村
そんなことないわよ。それは君が頑張ったからじゃない
そんなことないわよ。それは君が頑張ったからじゃない
秀隆
秀隆
でも……やっぱり理解できないです。
でも……やっぱり理解できないです。
どうして未だにオレを特務官に誘おうとしているのか
どうして未だにオレを特務官に誘おうとしているのか
杉村
杉村
私にも、唐沢さんが何を考えているのかは分からないけど……
私にも、唐沢さんが何を考えているのかは分からないけど……
くるくるっと、杉村さんが綺麗な髪の先を指に絡める。
くるくるっと、杉村さんが綺麗な髪の先を指に絡める。
ちょっと困ったときに見せる仕草だ。
ちょっと困ったときに見せる仕草だ。
杉村
杉村
だけど、彼は本心から、あなたを特務官として迎え入れたいと思ってる
だけど、彼は本心から、あなたを特務官として迎え入れたいと思ってる
杉村
杉村
唐沢さんとも長い付き合いなんだから、知ってるわね？
唐沢さんとも長い付き合いなんだから、知ってるわね？
秀隆
秀隆
……まぁ、ほんと、買いかぶりですけど
……まぁ、ほんと、買いかぶりですけど
杉村
杉村
やってみるつもり、ないかな？　特務官
やってみるつもり、ないかな？　特務官
秀隆
秀隆
無理っすよ。オレにはとても、そんな大きなこと
無理っすよ。オレにはとても、そんな大きなこと
再び早くなり出した心拍数を、必死に抑えようと心でもがく。
再び早くなり出した心拍数を、必死に抑えようと心でもがく。
秀隆
秀隆
今の臨時教師で、精一杯です
今の臨時教師で、精一杯です
秀隆
秀隆
それにほら、女子学生と過ごすライフは楽しいと言うか
それにほら、女子学生と過ごすライフは楽しいと言うか
杉村
杉村
最後の克服だと思う
最後の克服だと思う
オレの茶化しにも、食いついてはくれなかった。
オレの茶化しにも、食いついてはくれなかった。
秀隆
秀隆
……克服？
……克服？
杉村さんは一口コーヒーを飲む。
杉村さんは一口コーヒーを飲む。
杉村
杉村
あなたの心の病を治す、最後の治療
あなたの心の病を治す、最後の治療
杉村
杉村
それはきっと、特務官、ってことにあるんじゃないかなって
それはきっと、特務官、ってことにあるんじゃないかなって
秀隆
秀隆
それはまた、極端ですね
それはまた、極端ですね
秀隆
秀隆
あ、オレもコーヒー、貰ってもいいスか
あ、オレもコーヒー、貰ってもいいスか
杉村
杉村
ええ、どうぞ
ええ、どうぞ
オレは目の前にある、杉村さんの飲みかけコーヒーに手を伸ばす。
オレは目の前にある、杉村さんの飲みかけコーヒーに手を伸ばす。
秀隆
秀隆
間接キス―――ッ！
間接キス―――ッ！
秀隆
秀隆
な、なにふるんふか……！？
な、なにふるんふか……！？
杉村
杉村
ほんと疲れるからやめてね
ほんと疲れるからやめてね
秀隆
秀隆
すいまへん……
すいまへん……
席を立ち、慣れた手つきでボタンを押す。
席を立ち、慣れた手つきでボタンを押す。
秀隆
秀隆
ここのコーヒー、好きなんですよ
ここのコーヒー、好きなんですよ
コーヒーブロックが、カップに落ちる。
コーヒーブロックが、カップに落ちる。
そして、どろりと溶け熱々のコーヒーになった。
そして、どろりと溶け熱々のコーヒーになった。
秀隆
秀隆
あちち
あちち
カップを持ってソファーに戻る。
カップを持ってソファーに戻る。
杉村
杉村
それで、どうかな？　改めて考えてみるつもり、ない？
それで、どうかな？　改めて考えてみるつもり、ない？
秀隆
秀隆
杉村さんがおっぱい触らせてくれるならいいっすよ
杉村さんがおっぱい触らせてくれるならいいっすよ
オレは殴られるのを予想し、身構える。
オレは殴られるのを予想し、身構える。
ところが、予想に反して、杉村さんは悲しそうな瞳を向けるだけだった。
ところが、予想に反して、杉村さんは悲しそうな瞳を向けるだけだった。
杉村
杉村
あなたの心の病を治したいの
あなたの心の病を治したいの
秀隆
秀隆
いや、その、そう言う気持ちは嬉しいんですけどねぇ
いや、その、そう言う気持ちは嬉しいんですけどねぇ
秀隆
秀隆
そもそもの話、特務官なんてオレには無理っすよ
そもそもの話、特務官なんてオレには無理っすよ
杉村
杉村
それは実力が伴わないから？　それとも……
それは実力が伴わないから？　それとも……
秀隆
秀隆
もちろんどっちもです。ふーっ、あちぃ
もちろんどっちもです。ふーっ、あちぃ
ズズッとコーヒーを飲む。
ズズッとコーヒーを飲む。
秀隆
秀隆
妹も反対するだろうし
妹も反対するだろうし
杉村
杉村
そう……そうかも、知れないわね
そう……そうかも、知れないわね
秀隆
秀隆
唐沢さんにも、杉村さんにも、ほんと、感謝してます
唐沢さんにも、杉村さんにも、ほんと、感謝してます
秀隆
秀隆
何度も何度も助けてもらって……
何度も何度も助けてもらって……
杉村
杉村
そんなことないのよぉ。頑張ったのは、島津くんなんだから
そんなことないのよぉ。頑張ったのは、島津くんなんだから
秀隆
秀隆
杉村さん……
杉村さん……
杉村
杉村
今のあなたがあるのは５年間必死に病気と闘ってきたからよ
今のあなたがあるのは５年間必死に病気と闘ってきたからよ
杉村
杉村
本当に、よく頑張ったね
本当に、よく頑張ったね
秀隆
秀隆
杉村、さん……杉村さぁん！
杉村、さん……杉村さぁん！
杉村
杉村
だからって、抱きつくのはなしね？
だからって、抱きつくのはなしね？
秀隆
秀隆
あ、当たり前じゃないふか……
あ、当たり前じゃないふか……
心の病を治す前に、顔面の治療をお願いしたい……。
心の病を治す前に、顔面の治療をお願いしたい……。
秀隆
秀隆
すみませんが、特務官のお話は、誰に何度言われても無理です
すみませんが、特務官のお話は、誰に何度言われても無理です
秀隆
秀隆
オレはもう、何の未練もありませんから
オレはもう、何の未練もありませんから
杉村
杉村
そう……
そう……
秀隆
秀隆
それじゃあそろそろ、おいとまします。
それじゃあそろそろ、おいとまします。
他の患者さんも待ってるでしょうし
他の患者さんも待ってるでしょうし
杉村
杉村
気を悪くしたのなら、ごめんなさい
気を悪くしたのなら、ごめんなさい
秀隆
秀隆
まさか。こんなことで何とも思わないっすよ
まさか。こんなことで何とも思わないっすよ
立ち上がりドアの方に向かうと、杉村先生が入り口までついてきてくれた。
立ち上がりドアの方に向かうと、杉村先生が入り口までついてきてくれた。
秀隆
秀隆
それじゃ、また来ます
それじゃ、また来ます
杉村
杉村
待ってる
待ってる
優しく笑ってくれた杉村先生に頭を下げ、オレは家路を目指すことにした。
優しく笑ってくれた杉村先生に頭を下げ、オレは家路を目指すことにした。
杉村
杉村
あ、もしもし。杉村です
あ、もしもし。杉村です
携帯電話を耳にあて、杉村はある人物に連絡を入れた。
携帯電話を耳にあて、杉村はある人物に連絡を入れた。
杉村
杉村
やはり、島津くんは聞き入れてはくれないようです
やはり、島津くんは聞き入れてはくれないようです
杉村は悲しげな表情で書類に目を通す。
杉村は悲しげな表情で書類に目を通す。
何度、そこに書かれてあることを読み返しただろうか。
何度、そこに書かれてあることを読み返しただろうか。
どれだけ繰り返しても、残酷な内容は変わるはずもなく……。
どれだけ繰り返しても、残酷な内容は変わるはずもなく……。
杉村
杉村
私の力不足を痛感してます……いえ、はい。はい……よろしくお願いします
私の力不足を痛感してます……いえ、はい。はい……よろしくお願いします
杉村
杉村
彼の心を動かせるとしたら、あなたしかいないと思う、だから……
彼の心を動かせるとしたら、あなたしかいないと思う、だから……
se通話ボタン
se通話ボタン
それだけ告げ静かに電話を切ると、杉村は小さくため息をついた。
それだけ告げ静かに電話を切ると、杉村は小さくため息をついた。
杉村
杉村
もう……手遅れなのかも知れないけど……それでも……
もう……手遅れなのかも知れないけど……それでも……
そう、小さく思うのだった。
そう、小さく思うのだった。
…………。
…………。
……。
……。
秀隆
秀隆
なんか色々、思い出しちまったな……
なんか色々、思い出しちまったな……
病院を出た後、妙に感傷的な気持ちになってしまっていた。
病院を出た後、妙に感傷的な気持ちになってしまっていた。
特務官になんて、オレがなれるはずないよな。
特務官になんて、オレがなれるはずないよな。
どうして唐沢さんは……。
どうして唐沢さんは……。
ドンッ。
ドンッ。
人とすれ違うとき、肩がぶつかった。
人とすれ違うとき、肩がぶつかった。
男
男
どこに目ぇつけてんだコラァ！
どこに目ぇつけてんだコラァ！
オレは胸元を掴まれる。
オレは胸元を掴まれる。
男
男
さっさと謝れよ、殴られんぞ！　……ひいっ！
さっさと謝れよ、殴られんぞ！　……ひいっ！
パッと手を離すと、おびえた表情に変わった。
パッと手を離すと、おびえた表情に変わった。
男
男
す、すいませんっした！　ほんと、前見てなくて！
す、すいませんっした！　ほんと、前見てなくて！
男
男
ほ、ほんとすいませんっしたあ！
ほ、ほんとすいませんっしたあ！
そう言うと、全力で逃げ去っていった。
そう言うと、全力で逃げ去っていった。
秀隆
秀隆
なんだ？　なんか怖がってたような……
なんだ？　なんか怖がってたような……
ガラスに映った自分の顔を見る。
ガラスに映った自分の顔を見る。
秀隆
秀隆
うわ怖ッ！　物騒！
うわ怖ッ！　物騒！
どうやら、ちょっと怖い顔になってたらしい。
どうやら、ちょっと怖い顔になってたらしい。
爽やかが売りのオレとしたことが、いけないいけない。
爽やかが売りのオレとしたことが、いけないいけない。
秀隆
秀隆
…………
…………
ふっと、ため息をついた。
ふっと、ため息をついた。
気がつけば、いつもの表情に戻っていた。
気がつけば、いつもの表情に戻っていた。
秀隆
秀隆
……情けねぇ顔だな……
……情けねぇ顔だな……
ヘラヘラと笑みを浮かべるオレの顔を、自分でぶん殴りたくなった。
ヘラヘラと笑みを浮かべるオレの顔を、自分でぶん殴りたくなった。
もっとも、満足に人を殴ったこともないオレに、
もっとも、満足に人を殴ったこともないオレに、
自分のをぶん殴るなんて芸当、出来そうにないけど。
自分のをぶん殴るなんて芸当、出来そうにないけど。
だって痛いだろうし……。
だって痛いだろうし……。
アクセラ
アクセラ
お帰りなさいませ、秀隆様
お帰りなさいませ、秀隆様
自宅に戻ると、玄関には秋の靴はなかった。
自宅に戻ると、玄関には秋の靴はなかった。
秀隆
秀隆
秋の奴どこか出かけてるのか？
秋の奴どこか出かけてるのか？
アクセラ
アクセラ
今日は病院の日です
今日は病院の日です
秀隆
秀隆
あぁ……そうか。そうだったな
あぁ……そうか。そうだったな
てことは、まだ病院の中にいたのかも知れない。
てことは、まだ病院の中にいたのかも知れない。
別にそれを知ってたからって、待ちはしなかっただろうけどな。
別にそれを知ってたからって、待ちはしなかっただろうけどな。
秀隆
秀隆
ちょっと横になる。飯の時間になったら起こしてくれ
ちょっと横になる。飯の時間になったら起こしてくれ
アクセラ
アクセラ
畏まりました
畏まりました
部屋に戻り、ベッドにどっかりと腰をおろした。
部屋に戻り、ベッドにどっかりと腰をおろした。
兄妹揃って通院か。
兄妹揃って通院か。
ま……オレよりもずっと、秋の方は深刻だけどな。
ま……オレよりもずっと、秋の方は深刻だけどな。
オレの妹である秋は、世間で言うところの、不治の病に冒されている。
オレの妹である秋は、世間で言うところの、不治の病に冒されている。
現代の医学では解明しきれない、身体を蝕む病気。
現代の医学では解明しきれない、身体を蝕む病気。
それは、やがて命に関わると医者に言われている。
それは、やがて命に関わると医者に言われている。
今出来ることは、その病気の進行を薬で遅らせることだけだ。
今出来ることは、その病気の進行を薬で遅らせることだけだ。
あるいは……。
あるいは……。
コールドスリープ治療を行うこと。
コールドスリープ治療を行うこと。
今、重大な病に対し、もっとも有効とされる手段。
今、重大な病に対し、もっとも有効とされる手段。
だが、その治療には膨大な費用がかかる。
だが、その治療には膨大な費用がかかる。
当然オレのような安月給には、払いきれるものではない。
当然オレのような安月給には、払いきれるものではない。
いや、仮にオレが金を持っていたとしても、
いや、仮にオレが金を持っていたとしても、
秋がその治療を選択することはまずないだろう。
秋がその治療を選択することはまずないだろう。
オレを憎んでいる秋が、施しを受けることは絶対にない。
オレを憎んでいる秋が、施しを受けることは絶対にない。
そう言う関係。
そう言う関係。
オレたち兄妹は、そう言う薄い関係なんだ。
オレたち兄妹は、そう言う薄い関係なんだ。
横になる。
横になる。
天井を見上げ、そしてまた目を閉じた。
天井を見上げ、そしてまた目を閉じた。
朝起きて、学園に行き、授業をして帰る。
朝起きて、学園に行き、授業をして帰る。
その繰り返し。
その繰り返し。
なにも、特別なことなんて起きはしない。
なにも、特別なことなんて起きはしない。
オレは凡人なんだ。
オレは凡人なんだ。
並か、それ以下の生活を送り老いて死ぬ。
並か、それ以下の生活を送り老いて死ぬ。
昔は―――どうだっただろう。
昔は―――どうだっただろう。
こんなありきたりな人生を望んでいただろうか。
こんなありきたりな人生を望んでいただろうか。
夢と希望に満ち満ちてはいなかっただろうか。
夢と希望に満ち満ちてはいなかっただろうか。
オレなら、何でも出来ると、思い込んでいなかっただろうか。
オレなら、何でも出来ると、思い込んでいなかっただろうか。
秀隆
秀隆
なんて、な
なんて、な
オレには何もない。
オレには何もない。
何も、欲しいとは思わない。
何も、欲しいとは思わない。
ありきたりな人生、上等だ。
ありきたりな人生、上等だ。
なぜなら
なぜなら
オレが欲しいものは、もう、手に入らないのだから―――。
オレが欲しいものは、もう、手に入らないのだから―――。
…………。
…………。
……。
……。
一眠りした後、夕食の準備が出来たと言う声に、リビングへと出てきた。
一眠りした後、夕食の準備が出来たと言う声に、リビングへと出てきた。
既に食卓の椅子には秋が座っていた。
既に食卓の椅子には秋が座っていた。
秀隆
秀隆
病院、どうだった
病院、どうだった
秋
秋
いつもと変わりありません
いつもと変わりありません
秀隆
秀隆
薬は？
薬は？
秋
秋
ちゃんと貰ってきました
ちゃんと貰ってきました
秀隆
秀隆
そうか……
そうか……
秋は、けしてオレと目を合わせて話さない。
秋は、けしてオレと目を合わせて話さない。
それは、オレも同じだけど。
それは、オレも同じだけど。
目の前に座っているのに、互いに関心が薄い。
目の前に座っているのに、互いに関心が薄い。
秀隆
秀隆
最近晩御飯はちょっと豪勢だな
最近晩御飯はちょっと豪勢だな
アクセラ
アクセラ
少し前から配給される食料が、若干増えましたので
少し前から配給される食料が、若干増えましたので
秀隆
秀隆
そうなのか？　知らなかったな
そうなのか？　知らなかったな
アクセラ
アクセラ
先生なら、最近の社会情勢くらいは勉強した方がいいかと
先生なら、最近の社会情勢くらいは勉強した方がいいかと
秀隆
秀隆
…………
…………
秋
秋
アクセラが正しいと思う
アクセラが正しいと思う
秀隆
秀隆
わーってるよ
わーってるよ
se端末機同音【ピッ
se端末機同音【ピッ
むっと来たので、データバンクを呼び出す。
むっと来たので、データバンクを呼び出す。
秀隆
秀隆
……これか
……これか
キー操作し、配給についての記事を呼び出す。
キー操作し、配給についての記事を呼び出す。
秀隆
秀隆
あぁそうか、最近話題になってたっけか
あぁそうか、最近話題になってたっけか
片桐食糧プラントが新開発した、トウモロコシの栽培法。
片桐食糧プラントが新開発した、トウモロコシの栽培法。
その独自の製法で、従来の３倍以上の成長速度を実現したとか。
その独自の製法で、従来の３倍以上の成長速度を実現したとか。
秀隆
秀隆
ありがたい話だよな、全く
ありがたい話だよな、全く
アクセラ
アクセラ
秀隆様の好物ですしね
秀隆様の好物ですしね
アクセラ
アクセラ
トウモロコシだけ与えておけば喜びますし
トウモロコシだけ与えておけば喜びますし
秀隆
秀隆
うるせぇな……
うるせぇな……
事実だが、なんか腹が立つぜ。
事実だが、なんか腹が立つぜ。
…………。
…………。
……。
……。
