秀隆
秀隆
って感じで、ちょっとした脱線事故があってさ。
って感じで、ちょっとした脱線事故があってさ。
今ステーションじゃ大騒ぎさ
今ステーションじゃ大騒ぎさ
希望
希望
死んじゃった人とか……いないよね？
死んじゃった人とか……いないよね？
秀隆
秀隆
ああ。幸いにも怪我人は無し。大事にはならなかったみたいだ
ああ。幸いにも怪我人は無し。大事にはならなかったみたいだ
希望
希望
よかった
よかった
秀隆
秀隆
復旧には数時間かかるみたいで、
復旧には数時間かかるみたいで、
オレが向こうに戻れるのは夜遅くになりそうだよ
オレが向こうに戻れるのは夜遅くになりそうだよ
希望
希望
そっか
そっか
ホッと、安堵した希望が息を吐いた。
ホッと、安堵した希望が息を吐いた。
凛
凛
……で、何で毎度毎度あたしの家なわけ？！
……で、何で毎度毎度あたしの家なわけ？！
秀隆
秀隆
何でって
何でって
希望
希望
何が不思議なの？
何が不思議なの？
苛立ちを隠さない凛は、やや声だかに言う。
苛立ちを隠さない凛は、やや声だかに言う。
凛
凛
仕事で疲れて帰ってみれば、
仕事で疲れて帰ってみれば、
お気楽特務官とお気楽同級生がお出迎え。
お気楽特務官とお気楽同級生がお出迎え。
あたしって、なーんでこう大変な目にばっかりあうのか
あたしって、なーんでこう大変な目にばっかりあうのか
秀隆
秀隆
オレのことはどう言ってもいいが、
オレのことはどう言ってもいいが、
希望のことを悪く言うことは許さないぞ
希望のことを悪く言うことは許さないぞ
希望
希望
秀隆くんのことはどう言ってもいいけど、
秀隆くんのことはどう言ってもいいけど、
親友の私に対しても冷たくされると落ち込むよ！
親友の私に対しても冷たくされると落ち込むよ！
秀隆
秀隆
そうだそうだ！
そうだそうだ！
秀隆
秀隆
……あれ、オレのフォローはなし？
……あれ、オレのフォローはなし？
希望
希望
はっ、フォロー失敗
はっ、フォロー失敗
どうやら、自分の保身だけしか考えていないようだ。
どうやら、自分の保身だけしか考えていないようだ。
凛
凛
でも、脱線事故があったなんて、知らなかった
でも、脱線事故があったなんて、知らなかった
秀隆
秀隆
今日はドリームタウンでの収録だけだったのか？
今日はドリームタウンでの収録だけだったのか？
凛
凛
そそ。あたしも毎日ホープタウンに行ってるわけじゃないからね
そそ。あたしも毎日ホープタウンに行ってるわけじゃないからね
秀隆
秀隆
そりゃそうか。どっちからも引っ張りダコだろうしなぁ
そりゃそうか。どっちからも引っ張りダコだろうしなぁ
凛
凛
まぁね。トラブルはあったけど、結果的には良い方向に転んだし
まぁね。トラブルはあったけど、結果的には良い方向に転んだし
凛の顔には迷いがないようだった。
凛の顔には迷いがないようだった。
希望が心配そうな表情を見せる。
希望が心配そうな表情を見せる。
幾ら前向きになったとは言え、
幾ら前向きになったとは言え、
やっぱりマネージャーの件は心に残り続けるはずだ。
やっぱりマネージャーの件は心に残り続けるはずだ。
凛
凛
もう大丈夫。コイツが解決してくれたし。たまに役に立つのよね
もう大丈夫。コイツが解決してくれたし。たまに役に立つのよね
凛は改めて、そう言った。
凛は改めて、そう言った。
秀隆
秀隆
フッ！
フッ！
凛
凛
……なんか、褒めたの間違いだったかも
……なんか、褒めたの間違いだったかも
秀隆
秀隆
あ、そうだ。コーヒーのお代わりくれよ
あ、そうだ。コーヒーのお代わりくれよ
凛
凛
あのね……いつまで居座るつもり？
あのね……いつまで居座るつもり？
秀隆
秀隆
それは、悪いんだが、帰れるようになるまでここにいさせてくれ
それは、悪いんだが、帰れるようになるまでここにいさせてくれ
凛
凛
は？　それって、何時間居座るつもりよ？
は？　それって、何時間居座るつもりよ？
秀隆
秀隆
さぁ。ステーションの復旧次第かな
さぁ。ステーションの復旧次第かな
凛
凛
……下手したら日付変わったりするんじゃないの
……下手したら日付変わったりするんじゃないの
秀隆
秀隆
可能性はあるな。その時はオレを泊めてくれ
可能性はあるな。その時はオレを泊めてくれ
凛
凛
はあ？　冗談じゃないわよ。
はあ？　冗談じゃないわよ。
なんであたしがあんたを泊めなきゃならないわけ？
なんであたしがあんたを泊めなきゃならないわけ？
秀隆
秀隆
これも何かの縁だろ？　オレを信じろよ
これも何かの縁だろ？　オレを信じろよ
希望
希望
持つべきは友達だね
持つべきは友達だね
凛
凛
あんたみたいなおっぱい星人、信じられるわけないでしょ！
あんたみたいなおっぱい星人、信じられるわけないでしょ！
秀隆
秀隆
信じてくれ
信じてくれ
希望
希望
と言いつつ、両手がワキワキしてるよ？
と言いつつ、両手がワキワキしてるよ？
秀隆
秀隆
これは若き衝動ってヤツだな。特に信頼は揺るがないだろう
これは若き衝動ってヤツだな。特に信頼は揺るがないだろう
凛
凛
物騒な衝動すぎるでしょ！
物騒な衝動すぎるでしょ！
希望
希望
凛ちゃん、秀隆くんを信じてあげてっ
凛ちゃん、秀隆くんを信じてあげてっ
凛
凛
じゃああんたの家に泊めなさいよ
じゃああんたの家に泊めなさいよ
希望
希望
やだな、そんなことできるわけないじゃない
やだな、そんなことできるわけないじゃない
満面の笑みで答える。
満面の笑みで答える。
なんでだろう、凛に拒絶されるよりもショックだ。
なんでだろう、凛に拒絶されるよりもショックだ。
希望
希望
秀隆くんは良い人だと思うけど、二人きりはちょっと怖いよね
秀隆くんは良い人だと思うけど、二人きりはちょっと怖いよね
秀隆
秀隆
オレってそんな風に見られてたのか……
オレってそんな風に見られてたのか……
凛
凛
普段から下ネタばっかり言ってるからよ
普段から下ネタばっかり言ってるからよ
秀隆
秀隆
そんなに言ってるか？
そんなに言ってるか？
希望
希望
言ってるね
言ってるね
どうやら言っているらしい。
どうやら言っているらしい。
凛
凛
誰かに確認しなきゃ分からないなんて、自分の言動に責任持ちなさいよ
誰かに確認しなきゃ分からないなんて、自分の言動に責任持ちなさいよ
希望
希望
秀隆くんは、今日は何の用件でドリームタウンに？
秀隆くんは、今日は何の用件でドリームタウンに？
秀隆
秀隆
ん、ちょっとなぁ
ん、ちょっとなぁ
秀隆
秀隆
いや、明確な目的はないんだ。ドリームタウンに来たくってさ
いや、明確な目的はないんだ。ドリームタウンに来たくってさ
凛
凛
特務官って皆好き勝手街を行き来できるわけ？
特務官って皆好き勝手街を行き来できるわけ？
秀隆
秀隆
そう言うわけじゃない。一定以上の権限が必要だ
そう言うわけじゃない。一定以上の権限が必要だ
そう言い、オレはＡクラスの権限を持ったカードを見せる。
そう言い、オレはＡクラスの権限を持ったカードを見せる。
希望
希望
ドリームタウンでも同じだよ。Ａクラスの権限がいるかな
ドリームタウンでも同じだよ。Ａクラスの権限がいるかな
Ｃクラスから移動できるが、それは主要施設の殆どに立ち入れない。
Ｃクラスから移動できるが、それは主要施設の殆どに立ち入れない。
本当の意味で好き勝手移動できるのはＡクラスが必要だ。
本当の意味で好き勝手移動できるのはＡクラスが必要だ。
秀隆
秀隆
ああ。さすがに大河内代表の娘だけあって詳しいな
ああ。さすがに大河内代表の娘だけあって詳しいな
希望
希望
Ａクラスって、龍也さんの他には２、３人しか持ってない権限だよ。秀隆くんがそれを持ってるなんて、凄いことだよ
Ａクラスって、龍也さんの他には２、３人しか持ってない権限だよ。秀隆くんがそれを持ってるなんて、凄いことだよ
凛
凛
偽装、とか？
偽装、とか？
秀隆
秀隆
……正真正銘の本物だって
……正真正銘の本物だって
希望
希望
それだけ重要な仕事を任されてるんだね
それだけ重要な仕事を任されてるんだね
秀隆
秀隆
竹内特務官が動けないからな。自由に動ける人間が必要なだけさ
竹内特務官が動けないからな。自由に動ける人間が必要なだけさ
凛
凛
そう言うのは、ほら、もっと凄い特務官がいいんじゃない？
そう言うのは、ほら、もっと凄い特務官がいいんじゃない？
秀隆
秀隆
下っ端だからこそ使いやすいってこともあるだろ
下っ端だからこそ使いやすいってこともあるだろ
凛
凛
それもそうね。何か失敗したら切り捨てればいいわけだし
それもそうね。何か失敗したら切り捨てればいいわけだし
秀隆
秀隆
ま、まぁそうだな……
ま、まぁそうだな……
希望
希望
一見して特務官に見えないのも利点だよね
一見して特務官に見えないのも利点だよね
なんだろうか、オレはこういう状況によく遭遇している気がする。
なんだろうか、オレはこういう状況によく遭遇している気がする。
自宅に居るときアクセラと秋を相手にしている感覚に似ている。
自宅に居るときアクセラと秋を相手にしている感覚に似ている。
女二人に囲まれると、すぐターゲットにされるぞ。
女二人に囲まれると、すぐターゲットにされるぞ。
そう言う星の元に生まれてしまったんじゃないだろうか。
そう言う星の元に生まれてしまったんじゃないだろうか。
考え方によっちゃ、ハーレムな状況なんだけど。
考え方によっちゃ、ハーレムな状況なんだけど。
片方は大河内代表の娘で、高坂特務官の婚約者。
片方は大河内代表の娘で、高坂特務官の婚約者。
この子をそう言う対象として見るのは言語道断だろう。
この子をそう言う対象として見るのは言語道断だろう。
もう一方は両街のアイドルで、絶大な人気を誇っている。
もう一方は両街のアイドルで、絶大な人気を誇っている。
外見は十分可愛いが、オレなんかはとても吊りあわない。
外見は十分可愛いが、オレなんかはとても吊りあわない。
現実離れし過ぎててリアルさを感じられないってのが正しいか。
現実離れし過ぎててリアルさを感じられないってのが正しいか。
凛
凛
なーにあたしたちの顔をジロジロ見てんのよ
なーにあたしたちの顔をジロジロ見てんのよ
希望
希望
よくないことを考えてたりして
よくないことを考えてたりして
秀隆
秀隆
厳しい現実を再認識してただけだ……
厳しい現実を再認識してただけだ……
ぐーっと背伸びして、ソファーに背を預けようとすると、
ぐーっと背伸びして、ソファーに背を預けようとすると、
凛がオレの腕を掴んでそうさせなかった。
凛がオレの腕を掴んでそうさせなかった。
凛
凛
何リラックスしようとしてんの。さっさと帰った帰った
何リラックスしようとしてんの。さっさと帰った帰った
秀隆
秀隆
オレを追い出すのか？
オレを追い出すのか？
凛
凛
家主が出てけって言ってんのよ。当然出て行くべきでしょ
家主が出てけって言ってんのよ。当然出て行くべきでしょ
秀隆
秀隆
希望も何とか言ってやれよ
希望も何とか言ってやれよ
希望
希望
ばいばい秀隆くん
ばいばい秀隆くん
凛
凛
あんたも帰るのよ！
あんたも帰るのよ！
希望
希望
あらら、追い出されちゃったね
あらら、追い出されちゃったね
秀隆
秀隆
さすがに連日押しかけるのはまずかったか
さすがに連日押しかけるのはまずかったか
玄関のドアが閉まる瞬間、凛の表情は鬼のようだった。
玄関のドアが閉まる瞬間、凛の表情は鬼のようだった。
秀隆
秀隆
アイドルの顔とは思えなかったな
アイドルの顔とは思えなかったな
希望
希望
最近は疲れ気味みたいだから
最近は疲れ気味みたいだから
少しだけ心配そうに希望が言う。
少しだけ心配そうに希望が言う。
希望
希望
たまに学園にきても、台本読んでたり寝てたりしてるんだよね
たまに学園にきても、台本読んでたり寝てたりしてるんだよね
秀隆
秀隆
売れっ子アイドルには、自宅くらいしか休息の時はないか
売れっ子アイドルには、自宅くらいしか休息の時はないか
そんな中、貴重な時間を使わせてしまったことは反省。
そんな中、貴重な時間を使わせてしまったことは反省。
秀隆
秀隆
あーしかし、どうするかなぁこれから
あーしかし、どうするかなぁこれから
携帯の速報では、まだ復旧の目処は立っていないらしい。
携帯の速報では、まだ復旧の目処は立っていないらしい。
希望
希望
カジノなら２４時間空いてるよ？
カジノなら２４時間空いてるよ？
秀隆
秀隆
そうだなぁ……やっぱりそこしかないかな
そうだなぁ……やっぱりそこしかないかな
例の男を探すことや、情報収集を思えば、行って無駄なことはない。
例の男を探すことや、情報収集を思えば、行って無駄なことはない。
結局、オレは希望を送り届けるついでに、カジノへとやって来た。
結局、オレは希望を送り届けるついでに、カジノへとやって来た。
？？？】※静乃
？？？】※静乃
いらっしゃいませ
いらっしゃいませ
カジノに足を踏み入れるなり、歩いていたディーラーさんに声をかけられる。
カジノに足を踏み入れるなり、歩いていたディーラーさんに声をかけられる。
秀隆
秀隆
美人ディーラーさんだ……
美人ディーラーさんだ……
希望
希望
こんばんは静乃さん
こんばんは静乃さん
静乃
静乃
こんばんは、希望お嬢様
こんばんは、希望お嬢様
挨拶を交わし、すれ違う。
挨拶を交わし、すれ違う。
オレも何度か見かけたことがある、人気の美人ディーラーさんだ。
オレも何度か見かけたことがある、人気の美人ディーラーさんだ。
秀隆
秀隆
ののののの、希望さん？
ののののの、希望さん？
希望
希望
なにかな？
なにかな？
秀隆
秀隆
い、今の美人ディーラーさんと、お知り合いか何かで？
い、今の美人ディーラーさんと、お知り合いか何かで？
希望
希望
うん。お父さんと仲がいいの。それで何度か一緒にご飯食べたことあるよ
うん。お父さんと仲がいいの。それで何度か一緒にご飯食べたことあるよ
秀隆
秀隆
……静乃さん、だっけ
……静乃さん、だっけ
希望
希望
うん
うん
秀隆
秀隆
……あの！
……あの！
オレはすれ違って去っていく静乃さんに声をかける。
オレはすれ違って去っていく静乃さんに声をかける。
静乃
静乃
なにか？
なにか？
秀隆
秀隆
ハンカチ、落としませんでしたか？
ハンカチ、落としませんでしたか？
もちろん、直前までオレの内ポケットに眠っていたハンカチだ。
もちろん、直前までオレの内ポケットに眠っていたハンカチだ。
希望
希望
うわあ、ベタ……
うわあ、ベタ……
静乃
静乃
いえ、それは私のものではありません
いえ、それは私のものではありません
秀隆
秀隆
そうでしたか。失礼しました。
そうでしたか。失礼しました。
いやあオレの勘違いだったよ希望
いやあオレの勘違いだったよ希望
わざと大きな声で呼びかけ、静乃さんの耳に入るように言う。
わざと大きな声で呼びかけ、静乃さんの耳に入るように言う。
静乃
静乃
もしかして、希望お嬢様のお知り合いなのですか
もしかして、希望お嬢様のお知り合いなのですか
秀隆
秀隆
え？　バレちゃいました？
え？　バレちゃいました？
希望
希望
自分から露骨に話してたくせに……
自分から露骨に話してたくせに……
秀隆
秀隆
実は、はい。私希望さんとは大親友と言っても過言ではない関係でして
実は、はい。私希望さんとは大親友と言っても過言ではない関係でして
希望
希望
それは過言だと思うな
それは過言だと思うな
秀隆
秀隆
実を言うと、静乃さんのご活躍は何度か拝見していました。
実を言うと、静乃さんのご活躍は何度か拝見していました。
いつもすごいギャラリーに囲まれていますよね
いつもすごいギャラリーに囲まれていますよね
秀隆
秀隆
もし今からお仕事でしたら、静乃さんと遊ばせていただこうかなぁ
もし今からお仕事でしたら、静乃さんと遊ばせていただこうかなぁ
静乃
静乃
申し訳ありません、休憩を頂いたところなんです
申し訳ありません、休憩を頂いたところなんです
希望
希望
あはは、フラれちゃったね秀隆くん
あはは、フラれちゃったね秀隆くん
オレは瞬時に振り向き、後ろに居る希望を睨み付けた。
オレは瞬時に振り向き、後ろに居る希望を睨み付けた。
そして再び正面の静乃さんに向き直り、満面の笑みを見せる。
そして再び正面の静乃さんに向き直り、満面の笑みを見せる。
秀隆
秀隆
休憩？　なるほど、逆にいいですね。よろしければ
休憩？　なるほど、逆にいいですね。よろしければ
落とし主を間違えたお詫びに何か奢らせてください
落とし主を間違えたお詫びに何か奢らせてください
希望
希望
諦めるどころか、より食いついていったね……
諦めるどころか、より食いついていったね……
それに、それってどんなお詫びなのかなぁ
それに、それってどんなお詫びなのかなぁ
静乃
静乃
いえ、結構で
いえ、結構で
断りを入れようとした静乃さんの動きを見て、
断りを入れようとした静乃さんの動きを見て、
オレは隠し玉を繰り出すことにした。
オレは隠し玉を繰り出すことにした。
秀隆
秀隆
希望さんの方も、ぜひご一緒にと仰っております
希望さんの方も、ぜひご一緒にと仰っております
希望
希望
私そんなこと言ったかなぁ？
私そんなこと言ったかなぁ？
静乃
静乃
希望お嬢様が？　……よろしいのですか？
希望お嬢様が？　……よろしいのですか？
希望
希望
え？　あ、うん。静乃さんがいいなら、私は全然いいけど
え？　あ、うん。静乃さんがいいなら、私は全然いいけど
秀隆
秀隆
希望さんもそう言ってますし。ね？
希望さんもそう言ってますし。ね？
静乃
静乃
……そうですね
……そうですね
さすがに大河内代表の娘と知っていて、断りはしない。
さすがに大河内代表の娘と知っていて、断りはしない。
静乃
静乃
では、ご一緒させていただきます
では、ご一緒させていただきます
秀隆
秀隆
っし！
っし！
希望
希望
無理やり捻じ込んだよね
無理やり捻じ込んだよね
秀隆
秀隆
それもまた正義よ
それもまた正義よ
希望
希望
意味不明かも
意味不明かも
オレは静乃さんを隣に歩く。
オレは静乃さんを隣に歩く。
希望は一歩後ろだ。
希望は一歩後ろだ。
秀隆
秀隆
静乃さんがディーラーとして働いてる姿、凄く格好いいですよね
静乃さんがディーラーとして働いてる姿、凄く格好いいですよね
秀隆
秀隆
だからギャラリーもいつも沢山なんだろうなぁ
だからギャラリーもいつも沢山なんだろうなぁ
静乃
静乃
光栄です
光栄です
秀隆
秀隆
オレも相手をしてもらいたいんですが、ゲームには詳しくなくて
オレも相手をしてもらいたいんですが、ゲームには詳しくなくて
静乃
静乃
よろしければ、今度お教えいたしましょうか？
よろしければ、今度お教えいたしましょうか？
秀隆
秀隆
ぜひ教えてください！
ぜひ教えてください！
希望
希望
ねえねえ秀隆くん
ねえねえ秀隆くん
くいくいと袖を引っ張られる。
くいくいと袖を引っ張られる。
秀隆
秀隆
いつもはブラックジャックを担当されていますよね？
いつもはブラックジャックを担当されていますよね？
静乃
静乃
そこまでご存知でしたか。はい、確かに私はブラックジャック
そこまでご存知でしたか。はい、確かに私はブラックジャック
担当です
担当です
静乃
静乃
ですが、他にもポーカーやルーレットも、時にはやらせていただいていますよ
ですが、他にもポーカーやルーレットも、時にはやらせていただいていますよ
秀隆
秀隆
じゃあ色んなルールを教えてもらえますね
じゃあ色んなルールを教えてもらえますね
希望
希望
秀隆くんってば
秀隆くんってば
くいくい。
くいくい。
秀隆
秀隆
うるせぇぞ希望。オレは今静乃さんと話してるんだよ
うるせぇぞ希望。オレは今静乃さんと話してるんだよ
希望
希望
秀隆くんって、こういう人だけじゃないんだ？
秀隆くんって、こういう人だけじゃないんだ？
そう言い、希望は自分の胸に弧を描いた。
そう言い、希望は自分の胸に弧を描いた。
秀隆
秀隆
美人は正義なんだよ
美人は正義なんだよ
希望
希望
そ、そう。今日の秀隆くん、ガツガツしてて怖いかも
そ、そう。今日の秀隆くん、ガツガツしてて怖いかも
秀隆
秀隆
男はちょっとワイルドなくらいがいいんだよ
男はちょっとワイルドなくらいがいいんだよ
秀隆
秀隆
そう言えば、静乃さんってプレイヤーと戦っていますよね？
そう言えば、静乃さんってプレイヤーと戦っていますよね？
他のディーラーさんのときって、そうじゃないと思うんですけど
他のディーラーさんのときって、そうじゃないと思うんですけど
静乃
静乃
はい。私の場合は特別にカリビアンスタッドポーカーなどのルールでやらせていただいております
はい。私の場合は特別にカリビアンスタッドポーカーなどのルールでやらせていただいております
希望
希望
静乃さんは、カジノ内でも１、２を争う腕前だからね。フロアリーダーだし
静乃さんは、カジノ内でも１、２を争う腕前だからね。フロアリーダーだし
秀隆
秀隆
やっぱりな。他のディーラーとはレベルが違うぜ
やっぱりな。他のディーラーとはレベルが違うぜ
静乃
静乃
お分かりになるんですか？
お分かりになるんですか？
秀隆
秀隆
ええ。こう見えてもディーラーを見る目は確かです
ええ。こう見えてもディーラーを見る目は確かです
希望
希望
ほんとかなぁ……
ほんとかなぁ……
秀隆
秀隆
見てくださいあそこの３番テーブル。
見てくださいあそこの３番テーブル。
あのディーラーなんて全くなっちゃいないですね！
あのディーラーなんて全くなっちゃいないですね！
希望
希望
あの人は、静乃さんと並ぶ腕前のディーラーさんだよ？
あの人は、静乃さんと並ぶ腕前のディーラーさんだよ？
秀隆
秀隆
やっぱりな！　並のディーラーの動きじゃないはずだぜ！
やっぱりな！　並のディーラーの動きじゃないはずだぜ！
希望
希望
あ、ごめん。それはその隣の４番テーブルだった
あ、ごめん。それはその隣の４番テーブルだった
静乃
静乃
３番テーブルは新人の者ですね。手つきですぐ分かります
３番テーブルは新人の者ですね。手つきですぐ分かります
秀隆
秀隆
そうなんだよ。ったく新人はなってないなぁ
そうなんだよ。ったく新人はなってないなぁ
静乃
静乃
…………
…………
希望
希望
……秀隆くん
……秀隆くん
二人の哀れむような蔑むような視線を受け、オレは顔を背けた。
二人の哀れむような蔑むような視線を受け、オレは顔を背けた。
秀隆
秀隆
皆さん、気を取り直して行きましょうかっ
皆さん、気を取り直して行きましょうかっ
希望
希望
気を取り直すのは秀隆くんの方だけど……
気を取り直すのは秀隆くんの方だけど……
静乃
静乃
強いお方ですね
強いお方ですね
希望
希望
こういうところは、凄く強いんです
こういうところは、凄く強いんです
オレたちは、カジノフロアにあるバーに来ていた。
オレたちは、カジノフロアにあるバーに来ていた。
もちろん仕事中の静乃さんにお酒を飲ませるわけには行かない。
もちろん仕事中の静乃さんにお酒を飲ませるわけには行かない。
ノンアルコールのカクテルを頼む。
ノンアルコールのカクテルを頼む。
秀隆
秀隆
希望にはジュースでいいよな
希望にはジュースでいいよな
希望
希望
うん
うん
秀隆
秀隆
オレもノンアルコールにしておくか
オレもノンアルコールにしておくか
それぞれを注文。
それぞれを注文。
秀隆
秀隆
あの、ぶっちゃけ今、静乃さんって彼氏いるんですか？
あの、ぶっちゃけ今、静乃さんって彼氏いるんですか？
希望
希望
うわっ、いきなりぶっちゃけたね
うわっ、いきなりぶっちゃけたね
秀隆
秀隆
ぶっちゃけって言ったろ？
ぶっちゃけって言ったろ？
あはは、と希望が苦笑いを見せる。
あはは、と希望が苦笑いを見せる。
静乃
静乃
彼氏はおりません
彼氏はおりません
秀隆
秀隆
へー、実は今オレも偶然いないんですよー
へー、実は今オレも偶然いないんですよー
希望
希望
５年くらいいないって言ってたよね？
５年くらいいないって言ってたよね？
秀隆
秀隆
……おまえはさっきから、一言余計だと思わない？
……おまえはさっきから、一言余計だと思わない？
静乃
静乃
希望お嬢様に対して、随分と上から目線なのですね
希望お嬢様に対して、随分と上から目線なのですね
秀隆
秀隆
希望さん、どんどん突っ込んじゃってくださいね！
希望さん、どんどん突っ込んじゃってくださいね！
希望
希望
あはは……
あはは……
静乃
静乃
そういえば、まだお名前を伺っておりませんでしたね
そういえば、まだお名前を伺っておりませんでしたね
秀隆
秀隆
おっと。それは失礼しました
おっと。それは失礼しました
コホン、とオレは咳払いする。
コホン、とオレは咳払いする。
秀隆
秀隆
自分は島津秀隆、と申します。以後よろしくお願いいたします
自分は島津秀隆、と申します。以後よろしくお願いいたします
静乃
静乃
島津秀隆……さん
島津秀隆……さん
オレの名前を呼び、じっと視線を向けてくる。
オレの名前を呼び、じっと視線を向けてくる。
ひょっとして……オレに惚れちゃた！？
ひょっとして……オレに惚れちゃた！？
希望
希望
ないない
ないない
秀隆
秀隆
勝手に人の心を読むなっ！
勝手に人の心を読むなっ！
希望
希望
うわ、ほんとに考えてたんだ……
うわ、ほんとに考えてたんだ……
静乃
静乃
すみません。珍しい名字だと思いまして
すみません。珍しい名字だと思いまして
秀隆
秀隆
あ、それは無理ないかも知れないです。
あ、それは無理ないかも知れないです。
自分はホープタウンの人間なんですよ
自分はホープタウンの人間なんですよ
静乃
静乃
そうでしたか。島津さんは何をなされている方なのですか？
そうでしたか。島津さんは何をなされている方なのですか？
うんうん、そういう風に聞いてくれるのを待っていたんです。
うんうん、そういう風に聞いてくれるのを待っていたんです。
秀隆
秀隆
特務官です（キラッ）。ホープタウンの特務官なんです（キラッ）
特務官です（キラッ）。ホープタウンの特務官なんです（キラッ）
静乃
静乃
なるほど、そうでしたか。すごい方だったんですね
なるほど、そうでしたか。すごい方だったんですね
秀隆
秀隆
いやぁそれほどでも……
いやぁそれほどでも……
街のヒーローと言うわけですよ（キララッ）
街のヒーローと言うわけですよ（キララッ）
希望
希望
でもさ、ドリームタウンの人にしてみたら、敵だよね？
でもさ、ドリームタウンの人にしてみたら、敵だよね？
秀隆くんが活躍したら、ドリームタウンが困ることになるし
秀隆くんが活躍したら、ドリームタウンが困ることになるし
秀隆
秀隆
……おまえは、オレと静乃さんをくっつけるつもりがないのか？
……おまえは、オレと静乃さんをくっつけるつもりがないのか？
希望
希望
静乃さんとくっつけると思ってるんだ……
静乃さんとくっつけると思ってるんだ……
秀隆
秀隆
ええい、もうまどろっこしいのはなしだ！
ええい、もうまどろっこしいのはなしだ！
秀隆
秀隆
オレと付き合ってください！
オレと付き合ってください！
静乃
静乃
すみません
すみません
１秒で振られた。
１秒で振られた。
希望
希望
そんないきなり告白しても無理に決まってるじゃない
そんないきなり告白しても無理に決まってるじゃない
秀隆
秀隆
う、ううっ……オレのどこがいけないんでしょう？
う、ううっ……オレのどこがいけないんでしょう？
静乃
静乃
島津さんが悪いということではなく……。今は仕事に集中したいので
島津さんが悪いということではなく……。今は仕事に集中したいので
静乃
静乃
男性とお付き合いしている時間はないんです
男性とお付き合いしている時間はないんです
秀隆
秀隆
……は、はい……
……は、はい……
でもようは、体よく断られたんだ。
でもようは、体よく断られたんだ。
希望
希望
落ち込んじゃダメだよ秀隆くん。静乃さんはガードが固いから
落ち込んじゃダメだよ秀隆くん。静乃さんはガードが固いから
静乃
静乃
そうでしょうか？
そうでしょうか？
希望
希望
今までに告白された回数とか、多いんじゃ？
今までに告白された回数とか、多いんじゃ？
静乃
静乃
１００名ほどです。大したものではありません
１００名ほどです。大したものではありません
秀隆
秀隆
……全然大したことあるじゃないっすか
……全然大したことあるじゃないっすか
静乃
静乃
お客様から、ご好意をいただくことが多いですね
お客様から、ご好意をいただくことが多いですね
希望
希望
結局付き合った男性っていないんじゃないですか？
結局付き合った男性っていないんじゃないですか？
静乃
静乃
ディーラーになってからは一人もおりません
ディーラーになってからは一人もおりません
秀隆
秀隆
てことは、オレと同じくらい出逢いがないってことですねっ！
てことは、オレと同じくらい出逢いがないってことですねっ！
静乃
静乃
そうですが。それが何か？
そうですが。それが何か？
秀隆
秀隆
これこそが運命だと思うんです。なあ希望！？
これこそが運命だと思うんです。なあ希望！？
希望
希望
私はそうは思わないけど？
私はそうは思わないけど？
秀隆
秀隆
そうなんだよっ
そうなんだよっ
これがゲームなら、ここで間違いなくセーブするだろう。
これがゲームなら、ここで間違いなくセーブするだろう。
そして告白が成功するまで繰り返すはずだ。
そして告白が成功するまで繰り返すはずだ。
しかし現実は一発勝負。
しかし現実は一発勝負。
秀隆
秀隆
お友達からでも始めてください！
お友達からでも始めてください！
意を決し、オレは手を伸ばした。
意を決し、オレは手を伸ばした。
静乃
静乃
すみません
すみません
だがその手は握り返されることなく、すかされる。
だがその手は握り返されることなく、すかされる。
秀隆
秀隆
お、お友達も拒否されてしまった……！
お、お友達も拒否されてしまった……！
希望
希望
あら～。見事な玉砕だったね。最初から命中率は０だったけど
あら～。見事な玉砕だったね。最初から命中率は０だったけど
どうやらセーブしていたところで、運命は玉砕だったらしい。
どうやらセーブしていたところで、運命は玉砕だったらしい。
秀隆
秀隆
静乃さんの好みのタイプはどんな男性なんですか？
静乃さんの好みのタイプはどんな男性なんですか？
希望
希望
これだけ盛大にフラれても諦めないんだ
これだけ盛大にフラれても諦めないんだ
秀隆
秀隆
諦めの悪い男だからな、オレは
諦めの悪い男だからな、オレは
静乃
静乃
ギャンブルに強い男性、でしょうか
ギャンブルに強い男性、でしょうか
実にディーラーさんらしい独特の答えだった。
実にディーラーさんらしい独特の答えだった。
秀隆
秀隆
今日からギャンブル好きになりますよ、オレっ
今日からギャンブル好きになりますよ、オレっ
静乃
静乃
ギャンブルの好き嫌いは、また別の問題です
ギャンブルの好き嫌いは、また別の問題です
希望
希望
要は、勝負強い人がいいってことなんだね
要は、勝負強い人がいいってことなんだね
静乃
静乃
はい
はい
秀隆
秀隆
オレ勝負強いですよ！　……多分
オレ勝負強いですよ！　……多分
静乃
静乃
ではひとつ確かめてみますか？
ではひとつ確かめてみますか？
静乃さんは、トランプを取り出す。
静乃さんは、トランプを取り出す。
静乃
静乃
私と島津さんで、それぞれ１枚カードを選んで、
私と島津さんで、それぞれ１枚カードを選んで、
カードの数値が大きい方が強い、と言うシンプルな勝負です
カードの数値が大きい方が強い、と言うシンプルな勝負です
静乃
静乃
もし島津さんが私に勝つようなら、
もし島津さんが私に勝つようなら、
お友達から始めさせていただいても構いません
お友達から始めさせていただいても構いません
秀隆
秀隆
やりましょうっ
やりましょうっ
静乃
静乃
では……
では……
静乃さんは素早くカードをシャッフルし、テーブルに滑らせた。
静乃さんは素早くカードをシャッフルし、テーブルに滑らせた。
静乃
静乃
どうぞお選びください
どうぞお選びください
秀隆
秀隆
じゃあ、これで！
じゃあ、これで！
一枚を指さし、オレはそれを滑らせ抜き取る。
一枚を指さし、オレはそれを滑らせ抜き取る。
静乃
静乃
では私はこちらのカードに……
では私はこちらのカードに……
秀隆
秀隆
待ってください
待ってください
静乃
静乃
はい。なんでしょう？
はい。なんでしょう？
秀隆
秀隆
一度、自分にシャッフルさせていただけませんか？
一度、自分にシャッフルさせていただけませんか？
希望
希望
うわ、静乃さんがイカサマしないか疑ってる。酷い
うわ、静乃さんがイカサマしないか疑ってる。酷い
秀隆
秀隆
静乃さんはプロのディーラーです。
静乃さんはプロのディーラーです。
トランプの扱いにかけては、超一流ですから。念のためです
トランプの扱いにかけては、超一流ですから。念のためです
もしこの並べられたカードを全て把握されていたら勝ち目がない。
もしこの並べられたカードを全て把握されていたら勝ち目がない。
静乃
静乃
その考え方は大切だと思います
その考え方は大切だと思います
柔らかく静乃さんがほほ笑んだ。
柔らかく静乃さんがほほ笑んだ。
静乃
静乃
ではこうしましょう。島津さんが私のカードを選んでください
ではこうしましょう。島津さんが私のカードを選んでください
秀隆
秀隆
い、いいんですか？
い、いいんですか？
静乃
静乃
はい
はい
秀隆
秀隆
じゃ、じゃあこれにします
じゃ、じゃあこれにします
オレは適当にカードを選び、それを抜き出す。
オレは適当にカードを選び、それを抜き出す。
これで、抜き取られた２枚はどちらもオレが選んだことになる。
これで、抜き取られた２枚はどちらもオレが選んだことになる。
当然、静乃さんにゲームをコントロールすることは絶対にできていない。
当然、静乃さんにゲームをコントロールすることは絶対にできていない。
静乃
静乃
では、私がこちらのカードでよろしいのですね？
では、私がこちらのカードでよろしいのですね？
そういい、抜き取ったカードに手を伸ばした。
そういい、抜き取ったカードに手を伸ばした。
まるで自分が負けるとは思っていない様子だ。
まるで自分が負けるとは思っていない様子だ。
そして、トランプを手に取った。
そして、トランプを手に取った。
オレも自分のトランプに視線を移し、それを手に持つ。
オレも自分のトランプに視線を移し、それを手に持つ。
秀隆
秀隆
勝負！
勝負！
ひっくり返す。
ひっくり返す。
トランプの絵柄は……１１。
トランプの絵柄は……１１。
秀隆
秀隆
いよぉっし！
いよぉっし！
希望
希望
結構大きい数字が出たね……これ、勝てるかも
結構大きい数字が出たね……これ、勝てるかも
静乃
静乃
申し訳ありません
申し訳ありません
しかし次の瞬間、静乃さんがめくったカードは……。
しかし次の瞬間、静乃さんがめくったカードは……。
秀隆
秀隆
げ、１３！？
げ、１３！？
オレが静乃さんに選んだカードは１３だった。
オレが静乃さんに選んだカードは１３だった。
静乃
静乃
勝負は私の勝ちですね。お客様からお願いします
勝負は私の勝ちですね。お客様からお願いします
秀隆
秀隆
がっくり
がっくり
静乃
静乃
それでは、私はそろそろ仕事の方に戻ります
それでは、私はそろそろ仕事の方に戻ります
秀隆
秀隆
あ……
あ……
静乃さんは振り返ることもなく、仕事場に戻ってしまった。
静乃さんは振り返ることもなく、仕事場に戻ってしまった。
秀隆
秀隆
脈なしかぁ……
脈なしかぁ……
希望
希望
欠片もなさそうだね
欠片もなさそうだね
秀隆
秀隆
ふ、ふん……いいんだよ。オレにはまだまだ出会いが待ってるはずだ
ふ、ふん……いいんだよ。オレにはまだまだ出会いが待ってるはずだ
希望
希望
そうだといいね
そうだといいね
慰めのような一言をもらい、オレはドリンクを飲み干した。
慰めのような一言をもらい、オレはドリンクを飲み干した。
希望
希望
でもさ、やっぱり特務官って凄いよね
でもさ、やっぱり特務官って凄いよね
秀隆
秀隆
どうしてそう思うんだ？
どうしてそう思うんだ？
希望
希望
静乃さんみたいな人でも、特務官は凄いと思ってるし、
静乃さんみたいな人でも、特務官は凄いと思ってるし、
何よりドリームタウンとホープタウンを好きに移動できるじゃない？
何よりドリームタウンとホープタウンを好きに移動できるじゃない？
秀隆
秀隆
好きにって言うけど、そんなのは一握りの特務官だけだぞ？
好きにって言うけど、そんなのは一握りの特務官だけだぞ？
それに企業の関係者なら申請すれば許可も取れるし
それに企業の関係者なら申請すれば許可も取れるし
希望
希望
でも、秀隆くんは自由に行き来してるんだよね？
でも、秀隆くんは自由に行き来してるんだよね？
秀隆
秀隆
まあ……
まあ……
Ａクラスの権限があれば、誰に申請するでなく移動できるのは確かだ。
Ａクラスの権限があれば、誰に申請するでなく移動できるのは確かだ。
希望
希望
私も自由にホープタウンに行きたいな
私も自由にホープタウンに行きたいな
秀隆
秀隆
そうだよな。自由にいけるほうがいいよなぁ
そうだよな。自由にいけるほうがいいよなぁ
秀隆
秀隆
……そうだよな
……そうだよな
クイーンとのやり取りを思い出す。
クイーンとのやり取りを思い出す。
もし彼女の案を実現させることが出来れば、
もし彼女の案を実現させることが出来れば、
希望の願いが叶うかも知れない。
希望の願いが叶うかも知れない。
秀隆
秀隆
他にも、そう言う風に思ってる子は多いか？
他にも、そう言う風に思ってる子は多いか？
希望
希望
興味ないって子を探す方が難しいと思う
興味ないって子を探す方が難しいと思う
秀隆
秀隆
確かにオレが通ってた学園も、
確かにオレが通ってた学園も、
生徒たちはドリームタウンについて話すことが多かった
生徒たちはドリームタウンについて話すことが多かった
秀隆
秀隆
遊園地に行きたいだ、映画館行きたいだとか
遊園地に行きたいだ、映画館行きたいだとか
希望
希望
こっちは、やっぱり自然が少ないから公園の話題が多いね。
こっちは、やっぱり自然が少ないから公園の話題が多いね。
あとはデパートの品揃えの違いで話し合ったり
あとはデパートの品揃えの違いで話し合ったり
希望
希望
凛ちゃんなんて、たまに学園に行くと買い物ばっかり頼まれるよ
凛ちゃんなんて、たまに学園に行くと買い物ばっかり頼まれるよ
秀隆
秀隆
なるほどなぁ
なるほどなぁ
オレだって、ドリームタウンには昔から興味があった。
オレだって、ドリームタウンには昔から興味があった。
自由に行けるようになれば、嬉しいに決まっている。
自由に行けるようになれば、嬉しいに決まっている。
当然、喜ぶことばかりではない。
当然、喜ぶことばかりではない。
人の行き来が盛んになればなるほど、
人の行き来が盛んになればなるほど、
管理の難しさも問われ、事件や事故も増加してしまうだろう。
管理の難しさも問われ、事件や事故も増加してしまうだろう。
更には、街の経済にも大きな影響を及ぼすことになる。
更には、街の経済にも大きな影響を及ぼすことになる。
どちらかが得をすれば、必ず残りは損をするのだ。
どちらかが得をすれば、必ず残りは損をするのだ。
唐沢代表が慎重な姿勢を貫くのも、十分に理解できる話。
唐沢代表が慎重な姿勢を貫くのも、十分に理解できる話。
希望
希望
難しい顔してるね
難しい顔してるね
秀隆
秀隆
どうするのが正しいんだろう、ってさ
どうするのが正しいんだろう、ってさ
希望
希望
当たって砕けろ、じゃないの？
当たって砕けろ、じゃないの？
秀隆
秀隆
オレひとりの力で実現できるかはさておき、
オレひとりの力で実現できるかはさておき、
全員が望んでの形には絶対出来ないと思うんだよ
全員が望んでの形には絶対出来ないと思うんだよ
希望
希望
そうだね。望む人も居れば、望まない人だっているよね
そうだね。望む人も居れば、望まない人だっているよね
まして、その望まない人が……オレの恩人だとしたら。
まして、その望まない人が……オレの恩人だとしたら。
例え仕事のためでも、やりきれない気持ちはある。
例え仕事のためでも、やりきれない気持ちはある。
希望
希望
ところでさ、秀隆くんは今日何の用事でドリームタウンに来たの？
ところでさ、秀隆くんは今日何の用事でドリームタウンに来たの？
秀隆
秀隆
んー
んー
秀隆
秀隆
大河内代表にアポ取れないかなと思ってさ
大河内代表にアポ取れないかなと思ってさ
秀隆
秀隆
実は朝からずっとカジノにいたんだ
実は朝からずっとカジノにいたんだ
もし出会えれば、声をかけるチャンスもあるかも知れないからな。
もし出会えれば、声をかけるチャンスもあるかも知れないからな。
でも、現実はそんなに甘くない。
でも、現実はそんなに甘くない。
大河内代表を見かけることすら出来なかった。
大河内代表を見かけることすら出来なかった。
希望
希望
そうだったんだ
そうだったんだ
秀隆
秀隆
今日は諦めて帰ろうとしたところで脱線事故だろ。参ったよ
今日は諦めて帰ろうとしたところで脱線事故だろ。参ったよ
一応メールでまどかには連絡しておいたが、
一応メールでまどかには連絡しておいたが、
色々やらなきゃいけなかった仕事は終わらなかった。
色々やらなきゃいけなかった仕事は終わらなかった。
秀隆
秀隆
大河内代表にアポを取ろうにも、窓口がないんだよな
大河内代表にアポを取ろうにも、窓口がないんだよな
オレは少し迷ったが、希望に正面からぶつけることにした。
オレは少し迷ったが、希望に正面からぶつけることにした。
秀隆
秀隆
お前から、オレのことを大河内代表に紹介して貰えないか？
お前から、オレのことを大河内代表に紹介して貰えないか？
希望
希望
…………
…………
秀隆
秀隆
おまえとは、そう言う出会いじゃなかった。
おまえとは、そう言う出会いじゃなかった。
だから、友達を利用するような真似、嫌に感じるかも知れない
だから、友達を利用するような真似、嫌に感じるかも知れない
秀隆
秀隆
でもオレは
でもオレは
希望
希望
謝る必要なんて、何もないよ？
謝る必要なんて、何もないよ？
希望
希望
私に気を使ってくれてるなら、それはちょっと違うし
私に気を使ってくれてるなら、それはちょっと違うし
秀隆
秀隆
違う？
違う？
希望
希望
特務官として、秀隆くんが一流になろうと思うなら、
特務官として、秀隆くんが一流になろうと思うなら、
それはどんな些細なことであっても使うべきなんじゃないかな？
それはどんな些細なことであっても使うべきなんじゃないかな？
希望
希望
私は今、秀隆くんが話を切り出してくれて、ちょっと嬉しいんだ
私は今、秀隆くんが話を切り出してくれて、ちょっと嬉しいんだ
希望
希望
特務官として、街のために全力を尽くしたい。その気持ちが伝わってくるもん
特務官として、街のために全力を尽くしたい。その気持ちが伝わってくるもん
秀隆
秀隆
希望……
希望……
希望
希望
私で力になれるかは分からないけど、お父さんに話して見る
私で力になれるかは分からないけど、お父さんに話して見る
秀隆
秀隆
いいのか
いいのか
希望
希望
いいよ
いいよ
希望は白い歯を見せて笑った。
希望は白い歯を見せて笑った。
秀隆
秀隆
……ありがとな
……ありがとな
罪悪感を感じないと言えば嘘になる。
罪悪感を感じないと言えば嘘になる。
だけど、希望の言うように気にしてなんていられない。
だけど、希望の言うように気にしてなんていられない。
オレが挑もうとしている相手は、とてつもなく大きい存在なんだ。
オレが挑もうとしている相手は、とてつもなく大きい存在なんだ。
…………。
…………。
……。
……。
