秀隆
秀隆
これで良し、と
これで良し、と
荷物をまとめ、オレは病室を見渡した。
荷物をまとめ、オレは病室を見渡した。
２週間ほどの入院を終え、今日退院する。
２週間ほどの入院を終え、今日退院する。
警察にあれこれ事情を聞かれたり、
警察にあれこれ事情を聞かれたり、
治療費がバカ高かったりと大変だったが……。
治療費がバカ高かったりと大変だったが……。
めった刺しにされたことよりも、
めった刺しにされたことよりも、
キズナの唇の感触の方が、鮮明に覚えている。
キズナの唇の感触の方が、鮮明に覚えている。
秀隆
秀隆
凄く柔らかかったよな
凄く柔らかかったよな
キズナ
キズナ
どういう意味ですか？
どういう意味ですか？
秀隆
秀隆
な、なんでもない！
な、なんでもない！
いかん、無意識のうちに呟いてしまっていたようだ。
いかん、無意識のうちに呟いてしまっていたようだ。
秀隆
秀隆
それじゃ、帰ろうか
それじゃ、帰ろうか
キズナ
キズナ
はいですっ
はいですっ
二人で病院の外へ。
二人で病院の外へ。
空が青々しく、開放感に包まれる。
空が青々しく、開放感に包まれる。
秀隆
秀隆
うーーーっ、ずっと室内にいたから、外が新鮮だ
うーーーっ、ずっと室内にいたから、外が新鮮だ
キズナ
キズナ
ちゃんと治ったようでよかったです
ちゃんと治ったようでよかったです
秀隆
秀隆
ほんとにな。２週間前に死にかけたなんて、嘘のようだ
ほんとにな。２週間前に死にかけたなんて、嘘のようだ
キズナ
キズナ
警察の方はなんて言ってたんですか？
警察の方はなんて言ってたんですか？
秀隆
秀隆
そうか。その辺、ちゃんと説明してなかったな
そうか。その辺、ちゃんと説明してなかったな
秀隆
秀隆
あまりいい話じゃないが、まだ犯人は特定出来てないらしい
あまりいい話じゃないが、まだ犯人は特定出来てないらしい
キズナ
キズナ
じゃあ、街の人たちが危ないってことですね
じゃあ、街の人たちが危ないってことですね
秀隆
秀隆
とも言い切れないな。今回は怨恨による可能性が高いってことだ
とも言い切れないな。今回は怨恨による可能性が高いってことだ
キズナ
キズナ
ひーくんが恨まれてるってことですか
ひーくんが恨まれてるってことですか
秀隆
秀隆
盗られた金品もなかったしな
盗られた金品もなかったしな
秀隆
秀隆
普通、何十回もぶっ刺したりするのは怨恨が濃いんだと
普通、何十回もぶっ刺したりするのは怨恨が濃いんだと
秀隆
秀隆
ただ快楽目的の殺人なら、とっくにオレは死んでるだろうし
ただ快楽目的の殺人なら、とっくにオレは死んでるだろうし
キズナ
キズナ
じゃあ、ひーくんが危ないです
じゃあ、ひーくんが危ないです
どうだろうな。
どうだろうな。
もちろん、怨恨ならオレの命は危ない。
もちろん、怨恨ならオレの命は危ない。
だけど、刺された箇所を見せてもらったが、
だけど、刺された箇所を見せてもらったが、
急所は全て外されていた。
急所は全て外されていた。
つまりオレを苦しめようとは思っていたが、
つまりオレを苦しめようとは思っていたが、
殺そうとは思っていなかったことになる。
殺そうとは思っていなかったことになる。
秀隆
秀隆
オレの勝手な推理だけど、
オレの勝手な推理だけど、
違法アンドロイドのことを調べていたからじゃないかと思う
違法アンドロイドのことを調べていたからじゃないかと思う
秀隆
秀隆
警告みたいなもんじゃないだろうか。これ以上立ち入るな、って言う
警告みたいなもんじゃないだろうか。これ以上立ち入るな、って言う
彼が、柳沢軍司本人ではないにしても、
彼が、柳沢軍司本人ではないにしても、
その仲間が仕向けた可能性は十分ある。
その仲間が仕向けた可能性は十分ある。
証拠が出ていないところを見ても、
証拠が出ていないところを見ても、
オレを刺したのはアンドロイドなんじゃないだろうか。
オレを刺したのはアンドロイドなんじゃないだろうか。
キズナ
キズナ
これからどうするつもりなんですか？
これからどうするつもりなんですか？
秀隆
秀隆
正直迷ってる。また刺されたらと思うと怖いし、逃げ出したい
正直迷ってる。また刺されたらと思うと怖いし、逃げ出したい
秀隆
秀隆
だけど、中途半端にはしたくない気持ちも強いんだ
だけど、中途半端にはしたくない気持ちも強いんだ
秀隆
秀隆
違法アンドロイドの危険性を野放しにしておけば、
違法アンドロイドの危険性を野放しにしておけば、
きっと将来、もっともっと大変なことが起こるに違いない
きっと将来、もっともっと大変なことが起こるに違いない
オレが刺されたように、身勝手な行動を繰り返す可能性がある。
オレが刺されたように、身勝手な行動を繰り返す可能性がある。
キズナ
キズナ
警察さんに任せることはできないんでしょうか？
警察さんに任せることはできないんでしょうか？
秀隆
秀隆
違法アンドロイドの話は教えてない。
違法アンドロイドの話は教えてない。
教えたところで物的証拠がなければ、警察は動けないからな
教えたところで物的証拠がなければ、警察は動けないからな
中途半端な行動は、自らの首を絞めるだけじゃなく、
中途半端な行動は、自らの首を絞めるだけじゃなく、
周りの人間まで巻き込んでしまいかねない。
周りの人間まで巻き込んでしまいかねない。
秀隆
秀隆
最終的に警察に任せるとしても、
最終的に警察に任せるとしても、
その確かな証拠を握らない限りは前に進めないんだ
その確かな証拠を握らない限りは前に進めないんだ
キズナ
キズナ
私も手伝います
私も手伝います
秀隆
秀隆
手伝うって……
手伝うって……
キズナ
キズナ
私がひーくんをお守りしますっ
私がひーくんをお守りしますっ
やる気全開で、ぐっと握りこぶしを作る。
やる気全開で、ぐっと握りこぶしを作る。
秀隆
秀隆
あのな……そんなことできるわけないだろ。
あのな……そんなことできるわけないだろ。
女の子のキズナを危険な目にはあわせられない
女の子のキズナを危険な目にはあわせられない
キズナ
キズナ
ひーくんより、私の方が強いと思います
ひーくんより、私の方が強いと思います
キズナが悪党を捕まえた時のことを思い出した。
キズナが悪党を捕まえた時のことを思い出した。
あの時の俊敏さや、身体の動きは凄かった。
あの時の俊敏さや、身体の動きは凄かった。
恭一さんの娘と言われて、最も納得させられる部分だ。
恭一さんの娘と言われて、最も納得させられる部分だ。
でも、それでもキズナが女の子であることに違いはない。
でも、それでもキズナが女の子であることに違いはない。
秀隆
秀隆
どっちが強いかはわかんないだろ？　やってみないと
どっちが強いかはわかんないだろ？　やってみないと
キズナ
キズナ
では、勝負しますか？　私が勝ったらお手伝いさせていただきます
では、勝負しますか？　私が勝ったらお手伝いさせていただきます
秀隆
秀隆
オレが勝ったら？
オレが勝ったら？
キズナ
キズナ
もちろん私はおとなしくしています
もちろん私はおとなしくしています
秀隆
秀隆
…………本気か？
…………本気か？
キズナ
キズナ
はい
はい
確かに、キズナの身体能力が高いのは把握済みだ。
確かに、キズナの身体能力が高いのは把握済みだ。
でも、こんな女の子に手伝わせることなんて絶対に出来ない。
でも、こんな女の子に手伝わせることなんて絶対に出来ない。
犯人は秘密を守るためなら、人を刺すことも躊躇わないのだ。
犯人は秘密を守るためなら、人を刺すことも躊躇わないのだ。
秀隆
秀隆
あのなキズナ、おまえの気持ちはよく分かる
あのなキズナ、おまえの気持ちはよく分かる
オレはキズナの肩に手を伸ばし、手を置いた。
オレはキズナの肩に手を伸ばし、手を置いた。
秀隆
秀隆
だけど、ひとつ教えておいてやる
だけど、ひとつ教えておいてやる
キズナ
キズナ
なにをでしょうか？
なにをでしょうか？
秀隆
秀隆
オレは
オレは
言葉を口にしながら、オレは肩に置いた手をキズナの腕に伸ばした。
言葉を口にしながら、オレは肩に置いた手をキズナの腕に伸ばした。
そして、それを掴み動きを封殺しようと行動を起こす。
そして、それを掴み動きを封殺しようと行動を起こす。
だが
だが
秀隆
秀隆
うおっ！？
うおっ！？
瞬時にそれを読まれ、キズナにこちらの腕をとられた。
瞬時にそれを読まれ、キズナにこちらの腕をとられた。
そして、地面へと押し倒された。
そして、地面へと押し倒された。
キズナ
キズナ
私の勝ちですね、ひーくん
私の勝ちですね、ひーくん
オレの上で、眩しく笑うキズナ。
オレの上で、眩しく笑うキズナ。
秀隆
秀隆
マジか……
マジか……
柔という技で、オレは瞬く間に組み伏せられた。
柔という技で、オレは瞬く間に組み伏せられた。
やばい、と思ったときには、既にこの体勢に追い込まれていた。
やばい、と思ったときには、既にこの体勢に追い込まれていた。
秀隆
秀隆
い、今のは無し。ちょっと油断した
い、今のは無し。ちょっと油断した
キズナ
キズナ
不意打ちを仕掛けてきて、中々言いますねっ
不意打ちを仕掛けてきて、中々言いますねっ
秀隆
秀隆
うぐ……
うぐ……
キズナ
キズナ
ここは大人しく承諾していただけないですか？
ここは大人しく承諾していただけないですか？
私が居た方が、きっとひーくんにとっても助かるはずです
私が居た方が、きっとひーくんにとっても助かるはずです
秀隆
秀隆
でもだな……
でもだな……
キズナ
キズナ
いったん、男の子とか女の子と言う考えは捨てた方が良いかと
いったん、男の子とか女の子と言う考えは捨てた方が良いかと
秀隆
秀隆
……いやしかし……
……いやしかし……
キズナ
キズナ
お願いしますひーくん
お願いしますひーくん
se首を絞められる0
se首を絞められる0
ミシミシミシッ。
ミシミシミシッ。
秀隆
秀隆
痛い痛い！　おま、絞まってる！
痛い痛い！　おま、絞まってる！
キズナ
キズナ
可愛い女の子からの、かわいらしいお願いじゃないですか
可愛い女の子からの、かわいらしいお願いじゃないですか
se首を絞められる2
se首を絞められる2
ミシミシッ。
ミシミシッ。
秀隆
秀隆
ど、どこが可愛らしいお願いだっ！　あ、駄目、折れるっ！
ど、どこが可愛らしいお願いだっ！　あ、駄目、折れるっ！
キズナ
キズナ
許可してくれますよね？（ニッコリ）
許可してくれますよね？（ニッコリ）
秀隆
秀隆
許可、許可します！
許可、許可します！
バンバンと地面をタップして、ようやく解放された。
バンバンと地面をタップして、ようやく解放された。
キズナ
キズナ
良かったです
良かったです
秀隆
秀隆
はーっ、はーっ……おまえのがよっぽど危険だ！
はーっ、はーっ……おまえのがよっぽど危険だ！
キズナ
キズナ
えへへへ
えへへへ
まったく、笑ってる場合じゃないぞ。
まったく、笑ってる場合じゃないぞ。
秀隆
秀隆
おー痛い……
おー痛い……
キズナ
キズナ
ひーくんは、私には絶対勝てません
ひーくんは、私には絶対勝てません
秀隆
秀隆
己の強さを過信しすぎると、いつか痛い目みるからな
己の強さを過信しすぎると、いつか痛い目みるからな
キズナ
キズナ
そうじゃないです。私が強いとか、弱いとかじゃないです。
そうじゃないです。私が強いとか、弱いとかじゃないです。
ひーくん、全然力が入ってませんでした。手加減しましたよね？
ひーくん、全然力が入ってませんでした。手加減しましたよね？
秀隆
秀隆
…………
…………
それまで見抜かれていた。
それまで見抜かれていた。
不意はついたものの、オレは全力で封じにはかかっていなかった。
不意はついたものの、オレは全力で封じにはかかっていなかった。
目の前にいるのが、幼い少女だから、
目の前にいるのが、幼い少女だから、
怪我をさせちゃいけないとセーブさせていた。
怪我をさせちゃいけないとセーブさせていた。
そのことも、キズナには見抜かれていたらしい。
そのことも、キズナには見抜かれていたらしい。
キズナ
キズナ
やっぱりひーくんは、そう言う優しい人です。
やっぱりひーくんは、そう言う優しい人です。
いつか、あっきーにもそのことが伝わってくれると思います
いつか、あっきーにもそのことが伝わってくれると思います
秀隆
秀隆
優しくなんてないって。オレは
優しくなんてないって。オレは
秀隆
秀隆
それに、優しいとか優しくないとか、そう言うことじゃないからなぁ
それに、優しいとか優しくないとか、そう言うことじゃないからなぁ
秀隆
秀隆
さっきキズナが言った、協力したいって話
さっきキズナが言った、協力したいって話
秀隆
秀隆
約束を反故にする、とまで言うつもりはない。
約束を反故にする、とまで言うつもりはない。
でも、違法アンドロイドの件は慎重に行動する必要がある
でも、違法アンドロイドの件は慎重に行動する必要がある
キズナ
キズナ
分かっています。油断するつもりはありません
分かっています。油断するつもりはありません
オレはキズナを横目で見下ろしながら、不安を抱えていた。
オレはキズナを横目で見下ろしながら、不安を抱えていた。
確かにキズナの身体能力は極めて高い。
確かにキズナの身体能力は極めて高い。
オレが全力で挑んでも、恐らく勝つのは困難だ。
オレが全力で挑んでも、恐らく勝つのは困難だ。
でも、それはあくまでも正面から戦えばの話であって、
でも、それはあくまでも正面から戦えばの話であって、
方法なんてものは幾らでも思いつく。
方法なんてものは幾らでも思いつく。
人間一人の力がどれだけ強大でも、
人間一人の力がどれだけ強大でも、
結局は物理的な数、あるいは策略によっては脆く崩れ落ちる。
結局は物理的な数、あるいは策略によっては脆く崩れ落ちる。
例外が居るとしたら、あの人くらいか……。
例外が居るとしたら、あの人くらいか……。
ともかく、キズナが居れば安心、と言う考え方は出来ないし、
ともかく、キズナが居れば安心、と言う考え方は出来ないし、
何よりキズナには隠すべきその正体が付きまとっている。
何よりキズナには隠すべきその正体が付きまとっている。
オレのように何かと目立つ存在と四六時中いれば、
オレのように何かと目立つ存在と四六時中いれば、
やがてドリームタウンの上層部にも嗅ぎつけられるだろう。
やがてドリームタウンの上層部にも嗅ぎつけられるだろう。
秀隆
秀隆
やること、考えることが山積みすぎるぜ……
やること、考えることが山積みすぎるぜ……
秀隆
秀隆
ただいまっとくりゃ
ただいまっとくりゃ
アクセラ
アクセラ
お帰りなさいませキズナ様。
お帰りなさいませキズナ様。
おや、こちらはどなたですか？
おや、こちらはどなたですか？
秀隆
秀隆
あ、どうも。秀隆と言います。キズナの友達で
あ、どうも。秀隆と言います。キズナの友達で
おい
おい
アクセラ
アクセラ
その微妙な反応は、秀隆様ですね。お帰りなさいませ
その微妙な反応は、秀隆様ですね。お帰りなさいませ
秀隆
秀隆
もっかいメンテ受けさせるところだったぜ
もっかいメンテ受けさせるところだったぜ
キズナ
キズナ
あっきーは？
あっきーは？
リビングの椅子に腰をおろし、キズナが言った。
リビングの椅子に腰をおろし、キズナが言った。
アクセラ
アクセラ
今は自室にいらっしゃいます。
今は自室にいらっしゃいます。
秀隆様がお戻りになったことをお伝えして参りますね
秀隆様がお戻りになったことをお伝えして参りますね
アクセラ
アクセラ
秋様からの言伝です。『あ、そう……』だそうです
秋様からの言伝です。『あ、そう……』だそうです
秀隆
秀隆
さすが秋。兄の退院にも全くブレない妹だ
さすが秋。兄の退院にも全くブレない妹だ
秀隆
秀隆
これでこそ、島津家って感じがして落ち着く
これでこそ、島津家って感じがして落ち着く
キズナ
キズナ
マゾですね。ひーくんは
マゾですね。ひーくんは
秀隆
秀隆
……否定しきれない
……否定しきれない
適当な扱いを受けたのに、ちょっと安心してしまっている。
適当な扱いを受けたのに、ちょっと安心してしまっている。
秀隆
秀隆
強く逞しい一家の大黒柱を目指したはずだったんだけどなぁ
強く逞しい一家の大黒柱を目指したはずだったんだけどなぁ
キズナ
キズナ
今は遠く、露と消えましたね
今は遠く、露と消えましたね
秀隆
秀隆
ま、まだ消えてないかも知れないだろ？
ま、まだ消えてないかも知れないだろ？
キズナ
キズナ
どうでしょうか？
どうでしょうか？
くすくすと笑った。
くすくすと笑った。
…………。
…………。
……。
……。
