秀隆
秀隆
いかん……いかんいかん……
いかん……いかんいかん……
オレは最近、ずっとキズナのことばかりを考えてしまっている。
オレは最近、ずっとキズナのことばかりを考えてしまっている。
思い返せば一緒にドリームタウンで行動してから、
思い返せば一緒にドリームタウンで行動してから、
急速にキズナとの距離が詰まっていることは感じていた。
急速にキズナとの距離が詰まっていることは感じていた。
でも、それはあくまで家族と言うか、そういう感覚だと思っていた。
でも、それはあくまで家族と言うか、そういう感覚だと思っていた。
なのに
なのに
あのキスから、完全にオレはキズナを女として意識してしまっている。
あのキスから、完全にオレはキズナを女として意識してしまっている。
白黒させておくべきなのかも知れない。
白黒させておくべきなのかも知れない。
今のキズナの気持ちを。
今のキズナの気持ちを。
今のオレの気持ちを。
今のオレの気持ちを。
秀隆
秀隆
うーん、落ち着かん……
うーん、落ち着かん……
違法アンドロイドの調査や、地上のことを調べるので忙しいはずなのに、どうしてもキズナのことが気になって仕方ない。
違法アンドロイドの調査や、地上のことを調べるので忙しいはずなのに、どうしてもキズナのことが気になって仕方ない。
キズナ
キズナ
何を悩んでいるんですか？
何を悩んでいるんですか？
秀隆
秀隆
え……
え……
キズナ
キズナ
何かお悩みなら、相談に乗りますよ？
何かお悩みなら、相談に乗りますよ？
秀隆
秀隆
相談に乗るって言われてもねえ……
相談に乗るって言われてもねえ……
悩みの種に悩み相談したって仕方ないよな……。
悩みの種に悩み相談したって仕方ないよな……。
秀隆
秀隆
今日は、違法アンドロイドの方で調査しようと思ってる
今日は、違法アンドロイドの方で調査しようと思ってる
オレは正直にキズナに伝えた。
オレは正直にキズナに伝えた。
キズナ
キズナ
じゃあ、私も同行しますね
じゃあ、私も同行しますね
秀隆
秀隆
本当は避けたいんだけどな
本当は避けたいんだけどな
キズナ
キズナ
約束しましたから。ね？
約束しましたから。ね？
秀隆
秀隆
……分かってるよ。だから伝えたんだ
……分かってるよ。だから伝えたんだ
秀隆
秀隆
とりあえず、仕事場に顔を出して、そのあと外に出るから……
とりあえず、仕事場に顔を出して、そのあと外に出るから……
秀隆
秀隆
そうだな。昼過ぎに公園で待ち合わせることにしようか
そうだな。昼過ぎに公園で待ち合わせることにしようか
キズナ
キズナ
了解です
了解です
秀隆
秀隆
おはよーございます！
おはよーございます！
まどか
まどか
あ、島津くんっ
あ、島津くんっ
秀隆
秀隆
ようまどか、今日も美人だ
ようまどか、今日も美人だ
おうっ！？
おうっ！？
入室するなり、オレは胸倉をつかまれ、壁に押し当てられた。
入室するなり、オレは胸倉をつかまれ、壁に押し当てられた。
磯部
磯部
てめえ、昨日電話無視しやがったな！
てめえ、昨日電話無視しやがったな！
秀隆
秀隆
え？　あ、ほんとだ。着信履歴が４０件もあるぞ～？
え？　あ、ほんとだ。着信履歴が４０件もあるぞ～？
磯部
磯部
わざとだろうが！
わざとだろうが！
秀隆
秀隆
あーうるさいうるさい。もうちょっと静かに喋ってくれよ
あーうるさいうるさい。もうちょっと静かに喋ってくれよ
秀隆
秀隆
つか、あれ、特務官辞めるんじゃなかったのか？
つか、あれ、特務官辞めるんじゃなかったのか？
磯部
磯部
……おまえが電話に出ないから、直接文句言いに来てやったんだよ
……おまえが電話に出ないから、直接文句言いに来てやったんだよ
秀隆
秀隆
なんだ、てっきり特務官を辞めたくないのかと思った
なんだ、てっきり特務官を辞めたくないのかと思った
磯部
磯部
……俺はお前が嫌いなんだ
……俺はお前が嫌いなんだ
秀隆
秀隆
それは腐るほど聞かされてる
それは腐るほど聞かされてる
磯部
磯部
おまえは、竹内特務官たちに追いつけると、ありえない夢を見てやがる
おまえは、竹内特務官たちに追いつけると、ありえない夢を見てやがる
秀隆
秀隆
追いつくさ、必ず
追いつくさ、必ず
磯部
磯部
無理だな
無理だな
磯部
磯部
おまえが竹内特務官に追いつけるなら、俺は神様になれる
おまえが竹内特務官に追いつけるなら、俺は神様になれる
秀隆
秀隆
磯部神、なんかちょっと強そうだな
磯部神、なんかちょっと強そうだな
磯部
磯部
俺は竹内特務官に勝てるとは思わない。
俺は竹内特務官に勝てるとは思わない。
でもな、お前にだけは負けるつもりはないからな
でもな、お前にだけは負けるつもりはないからな
磯部
磯部
てめぇにだけは絶対負けねえ
てめぇにだけは絶対負けねえ
秀隆
秀隆
……ああ
……ああ
磯部は胸倉から手を離す。
磯部は胸倉から手を離す。
磯部
磯部
今から唐沢代表のとこ行ってくる
今から唐沢代表のとこ行ってくる
秀隆
秀隆
たっぷり絞られるだろうな
たっぷり絞られるだろうな
磯部
磯部
無断欠勤したんだ、仕方ない。その分は仕事で取り戻す
無断欠勤したんだ、仕方ない。その分は仕事で取り戻す
秀隆
秀隆
やれやれ
やれやれ
まどか
まどか
ねえ島津くん、どうやって磯部くんを説得したの？
ねえ島津くん、どうやって磯部くんを説得したの？
秀隆
秀隆
そうだなぁ。男心を利用したというか、プライドを利用したというか
そうだなぁ。男心を利用したというか、プライドを利用したというか
秀隆
秀隆
とにかく、もう大丈夫だと思う
とにかく、もう大丈夫だと思う
まどか
まどか
……そう。ありがとう
……そう。ありがとう
秀隆
秀隆
大したことじゃない。オレだって、磯部には辞めてほしくない
大したことじゃない。オレだって、磯部には辞めてほしくない
秀隆
秀隆
それに、ちょっと凄いことに気づいたしな
それに、ちょっと凄いことに気づいたしな
まどか
まどか
凄いこと？
凄いこと？
秀隆
秀隆
あ、いや……
あ、いや……
まどかにこのことを伝えるのは早計だった。
まどかにこのことを伝えるのは早計だった。
秀隆
秀隆
また後でな
また後でな
まどか
まどか
え、ええ
え、ええ
オレは代表室の前で、磯部が出てくるのを待っていた。
オレは代表室の前で、磯部が出てくるのを待っていた。
暫くして、神妙な面持ちの磯部が出てくる。
暫くして、神妙な面持ちの磯部が出てくる。
磯部
磯部
な、なんでおまえが外で待ってんだよ
な、なんでおまえが外で待ってんだよ
秀隆
秀隆
どうだった？
どうだった？
磯部
磯部
どうもこうも……別に怒られなかった
どうもこうも……別に怒られなかった
秀隆
秀隆
まあ、唐沢さんだからなあ。驚きはしないけど
まあ、唐沢さんだからなあ。驚きはしないけど
磯部
磯部
怒られなかったことが逆に……自分にすげぇ重くのしかかってきた
怒られなかったことが逆に……自分にすげぇ重くのしかかってきた
磯部
磯部
頑張るしかない、ってな
頑張るしかない、ってな
秀隆
秀隆
いいと思う
いいと思う
磯部
磯部
なんだよ、そんなこと聞くためだけに待ってたのか？
なんだよ、そんなこと聞くためだけに待ってたのか？
秀隆
秀隆
ってことだけじゃない。実は、磯部に確かめないといけないことがあってさ
ってことだけじゃない。実は、磯部に確かめないといけないことがあってさ
磯部
磯部
んだよ
んだよ
秀隆
秀隆
前に、磯部がオレに会議室で言おうとしたこと覚えてるか？
前に、磯部がオレに会議室で言おうとしたこと覚えてるか？
磯部
磯部
あ？　なんでそんな前の話……
あ？　なんでそんな前の話……
秀隆
秀隆
覚えてるよな？
覚えてるよな？
磯部
磯部
ああ。それがなんだよ
ああ。それがなんだよ
秀隆
秀隆
オレ、あの時磯部が何を言おうとしたのか、わかったんだよ
オレ、あの時磯部が何を言おうとしたのか、わかったんだよ
磯部
磯部
はあ？　嘘付け、分かるわけないだろ
はあ？　嘘付け、分かるわけないだろ
秀隆
秀隆
じゃあ、当てたらどうする？
じゃあ、当てたらどうする？
磯部
磯部
なんでもおまえの言うこと聞いてやるよ
なんでもおまえの言うこと聞いてやるよ
秀隆
秀隆
それは止めといた方がいいんじゃないか？　マジで当たるし
それは止めといた方がいいんじゃないか？　マジで当たるし
磯部
磯部
ぜってえ当たんねえから安心しろ
ぜってえ当たんねえから安心しろ
秀隆
秀隆
そこまで自信があるなら、別にいいけどさ
そこまで自信があるなら、別にいいけどさ
磯部
磯部
言っておくけどな、外れたら俺もおまえに言うこと聞かせるぜ？
言っておくけどな、外れたら俺もおまえに言うこと聞かせるぜ？
秀隆
秀隆
いいけど
いいけど
磯部
磯部
ふん。じゃあ言ってみろよ
ふん。じゃあ言ってみろよ
秀隆
秀隆
ここで言っていいのか？　まあ、誰もいないみたいだけど
ここで言っていいのか？　まあ、誰もいないみたいだけど
磯部
磯部
さっさとしろ
さっさとしろ
秀隆
秀隆
おまえさ、岸本特務官と何かあっただろ
おまえさ、岸本特務官と何かあっただろ
オレのストレートな証言に、磯部が一瞬だけ固まった。
オレのストレートな証言に、磯部が一瞬だけ固まった。
磯部
磯部
……は、はぁっ！？　なな、なんで俺が岸本と何かあんだよ！
……は、はぁっ！？　なな、なんで俺が岸本と何かあんだよ！
おー、見事な動揺ぶり。
おー、見事な動揺ぶり。
あ、ちなみに岸本特務官ってのは、助特務官の女の子で、オレたちの１つ上だ。
あ、ちなみに岸本特務官ってのは、助特務官の女の子で、オレたちの１つ上だ。
秀隆
秀隆
まどかって存在がありながら、二股とはねえ
まどかって存在がありながら、二股とはねえ
磯部
磯部
ここここ、こっちに来い！
ここここ、こっちに来い！
オレは腕を引っ張られ、会議室へとぶち込まれた。
オレは腕を引っ張られ、会議室へとぶち込まれた。
磯部
磯部
ど、どういうことだっ
ど、どういうことだっ
秀隆
秀隆
どういうことって。当たっただろ？
どういうことって。当たっただろ？
磯部
磯部
……誰から聞いたんだ、その話っ
……誰から聞いたんだ、その話っ
秀隆
秀隆
誰からも聞いてない
誰からも聞いてない
磯部
磯部
嘘付け！
嘘付け！
秀隆
秀隆
本当だって
本当だって
秀隆
秀隆
ちょっと前から、少しおかしいなとは思ってたんだ。
ちょっと前から、少しおかしいなとは思ってたんだ。
たまに磯部と岸本さんが目で会話してるような時があると感じてたし
たまに磯部と岸本さんが目で会話してるような時があると感じてたし
秀隆
秀隆
それに、決定的な証拠も見たしな
それに、決定的な証拠も見たしな
磯部
磯部
け、決定的な証拠？
け、決定的な証拠？
秀隆
秀隆
ドリームタウンには足を運んでないって言ってただろ？
ドリームタウンには足を運んでないって言ってただろ？
磯部
磯部
それが、どうしたんだよ
それが、どうしたんだよ
秀隆
秀隆
おまえ皆に黙って、岸本さんとドリームタウンでデートしてたろ
おまえ皆に黙って、岸本さんとドリームタウンでデートしてたろ
磯部
磯部
…………
…………
秀隆
秀隆
本当に偶然だけどな、たまたまおまえと岸本さんを見かけたんだ
本当に偶然だけどな、たまたまおまえと岸本さんを見かけたんだ
磯部
磯部
……くっ
……くっ
がくりと、その場に崩れ落ちる。
がくりと、その場に崩れ落ちる。
秀隆
秀隆
一応聞くけど、付き合ってるのか？
一応聞くけど、付き合ってるのか？
磯部
磯部
い、いや……付き合ってはいない
い、いや……付き合ってはいない
秀隆
秀隆
じゃあ、エッチなことはしてないんだな？
じゃあ、エッチなことはしてないんだな？
磯部
磯部
してねぇよ……
してねぇよ……
秀隆
秀隆
でも、デートはしていたと
でも、デートはしていたと
磯部
磯部
……それは、否定しない……
……それは、否定しない……
秀隆
秀隆
まどかのことが、嫌いになったのか？
まどかのことが、嫌いになったのか？
磯部
磯部
なるわけないだろ……俺は、ずっと片思いしてたんだ
なるわけないだろ……俺は、ずっと片思いしてたんだ
秀隆
秀隆
だったらどうして
だったらどうして
磯部
磯部
あいつは、俺のことを好きじゃない。それだけだ……
あいつは、俺のことを好きじゃない。それだけだ……
磯部
磯部
腹が立って仕方ないが、あいつは……きっとまだお前が好きなんだ
腹が立って仕方ないが、あいつは……きっとまだお前が好きなんだ
秀隆
秀隆
…………
…………
磯部
磯部
何度か、まどかを誘ったことがある。
何度か、まどかを誘ったことがある。
でも、一度だってあいつは、俺に答えてはくれなかった
でも、一度だってあいつは、俺に答えてはくれなかった
磯部
磯部
それでもいいと思ってた。いつか答えてくれればそれでいいって
それでもいいと思ってた。いつか答えてくれればそれでいいって
磯部
磯部
だが結局、関係は変わらず仕舞いさ。
だが結局、関係は変わらず仕舞いさ。
まどかはただ、俺が哀れで付き合うって言ってくれたに過ぎないんだ
まどかはただ、俺が哀れで付き合うって言ってくれたに過ぎないんだ
秀隆
秀隆
岸本さんとは、どういう状態なんだよ
岸本さんとは、どういう状態なんだよ
磯部
磯部
……この間、告白された……
……この間、告白された……
磯部
磯部
俺なんかを、好きだって言ってくれたんだ……
俺なんかを、好きだって言ってくれたんだ……
秀隆
秀隆
まどかがいることを承知で、ってことだよな
まどかがいることを承知で、ってことだよな
助特務官の中で、磯部とまどかの関係を知らない奴はいないだろう。
助特務官の中で、磯部とまどかの関係を知らない奴はいないだろう。
磯部
磯部
最初は断った。でも、ずっと好きだからって言われて……
最初は断った。でも、ずっと好きだからって言われて……
磯部
磯部
なんつーか、その……
なんつーか、その……
秀隆
秀隆
わかるよ、磯部
わかるよ、磯部
オレは、そっと磯部の肩に手を置いた。
オレは、そっと磯部の肩に手を置いた。
磯部
磯部
島津……？
島津……？
秀隆
秀隆
岸本さん結構可愛いし、そんな子に告白されたら揺れるよな
岸本さん結構可愛いし、そんな子に告白されたら揺れるよな
磯部
磯部
べ、別にそう言うつもりじゃ
べ、別にそう言うつもりじゃ
秀隆
秀隆
恥じるなよ。オレは責めるつもりはないぜ
恥じるなよ。オレは責めるつもりはないぜ
秀隆
秀隆
据え膳食わぬは何とやら。抱いてもいいって子が現れたら、そら揺れ動く
据え膳食わぬは何とやら。抱いてもいいって子が現れたら、そら揺れ動く
秀隆
秀隆
だろ？
だろ？
磯部
磯部
……くっ……情けねえな俺……
……くっ……情けねえな俺……
秀隆
秀隆
情けないとしたら、まどかに伝えてないことだ
情けないとしたら、まどかに伝えてないことだ
秀隆
秀隆
おまえが岸本さんと付き合うつもりなら、
おまえが岸本さんと付き合うつもりなら、
早いうちにまどかに話してやるべきなんじゃないか？
早いうちにまどかに話してやるべきなんじゃないか？
磯部
磯部
それは
それは
秀隆
秀隆
それともやっぱり岸本さんを諦めるか？
それともやっぱり岸本さんを諦めるか？
外見だけで言えば、正直まどかに軍配が上がる。
外見だけで言えば、正直まどかに軍配が上がる。
だけど、磯部に合っているか、と言う部分で言えば、
だけど、磯部に合っているか、と言う部分で言えば、
オレは岸本さんだと思う。
オレは岸本さんだと思う。
まどかは、正直磯部をどこまで想っているのか疑問だし、
まどかは、正直磯部をどこまで想っているのか疑問だし、
磯部自身も最近は接しづらそうにしている。
磯部自身も最近は接しづらそうにしている。
一方で岸本さんは、磯部の様子を見る限り一途そうだ。
一方で岸本さんは、磯部の様子を見る限り一途そうだ。
もちろん、そんなことは口が裂けても言えないが。
もちろん、そんなことは口が裂けても言えないが。
秀隆
秀隆
どっちを選ぶのも、もちろんおまえの自由だけどさ
どっちを選ぶのも、もちろんおまえの自由だけどさ
磯部
磯部
おまえは、まどかが好きなのか？
おまえは、まどかが好きなのか？
秀隆
秀隆
え？
え？
磯部
磯部
俺と別れさせたいと、思ってるからそう言ってるのか？
俺と別れさせたいと、思ってるからそう言ってるのか？
秀隆
秀隆
……仮に……
……仮に……
秀隆
秀隆
仮にまどかが、磯部の言うようにオレを今でも好きだったとしても、オレはあいつの気持ちに答えてやることはない
仮にまどかが、磯部の言うようにオレを今でも好きだったとしても、オレはあいつの気持ちに答えてやることはない
磯部
磯部
なんでだよ……
なんでだよ……
秀隆
秀隆
その資格がないからだ。オレとまどかの関係は終わってるんだ
その資格がないからだ。オレとまどかの関係は終わってるんだ
秀隆
秀隆
それに……
それに……
秀隆
秀隆
オレにはもう、好きな子が出来た
オレにはもう、好きな子が出来た
秀隆
秀隆
それもまた、変えようのない事実だ
それもまた、変えようのない事実だ
磯部
磯部
……そうか
……そうか
秀隆
秀隆
学生と違ってさ、ずるいよな、大人は
学生と違ってさ、ずるいよな、大人は
磯部
磯部
ほんと、そうだな……
ほんと、そうだな……
磯部
磯部
俺……まどかに言おうと思う。岸本とのこと
俺……まどかに言おうと思う。岸本とのこと
秀隆
秀隆
そっか……
そっか……
磯部
磯部
……まさか、島津に納得させられるなんてな……
……まさか、島津に納得させられるなんてな……
磯部
磯部
悪いな
悪いな
秀隆
秀隆
謝るのはオレじゃないぞ
謝るのはオレじゃないぞ
磯部
磯部
ああ
ああ
立ち上がった磯部は、会議室を後にする。
立ち上がった磯部は、会議室を後にする。
秀隆
秀隆
磯部
磯部
そんな磯部に、オレは声をかけた。
そんな磯部に、オレは声をかけた。
秀隆
秀隆
何でも言うこと聞くって話、絶対忘れるなよー
何でも言うこと聞くって話、絶対忘れるなよー
磯部
磯部
うぐっ！？
うぐっ！？
約束の時刻前に到着すると、既にキズナはベンチに座って待機していた。
約束の時刻前に到着すると、既にキズナはベンチに座って待機していた。
キズナ
キズナ
お待ちしてましたっ。それで、今日はどこに行くんですか？
お待ちしてましたっ。それで、今日はどこに行くんですか？
秀隆
秀隆
あーうん。そうだな、街の方に聞き込みに行こうと思ってる。
あーうん。そうだな、街の方に聞き込みに行こうと思ってる。
先日オレを刺したのはアンドロイドの可能性があるからな
先日オレを刺したのはアンドロイドの可能性があるからな
キズナ
キズナ
そうなんですか
そうなんですか
秀隆
秀隆
あくまでも可能性だけど。一応一通り聞いて回ろうと思う
あくまでも可能性だけど。一応一通り聞いて回ろうと思う
キズナ
キズナ
わかりましたっ
わかりましたっ
本当は、キズナを連れて出歩くのは避けたい。
本当は、キズナを連れて出歩くのは避けたい。
特に平日の昼間、大人と二人で歩いているのは、やや異常だからな。
特に平日の昼間、大人と二人で歩いているのは、やや異常だからな。
とは言え、休日は休日で問題点も多い。
とは言え、休日は休日で問題点も多い。
どっちを取っても、リスクがあるのは変わらない。
どっちを取っても、リスクがあるのは変わらない。
秀隆
秀隆
私服で来たんだな
私服で来たんだな
キズナ
キズナ
制服だと、援助交際と勘違いされるかと思ったので
制服だと、援助交際と勘違いされるかと思ったので
秀隆
秀隆
援助交際って……
援助交際って……
さらっととんでもないことを言いよる……。
さらっととんでもないことを言いよる……。
秀隆
秀隆
とりあえず、アンドロイドの調査の前に……
とりあえず、アンドロイドの調査の前に……
秀隆
秀隆
解決しておかなきゃならないことがあるんだよな
解決しておかなきゃならないことがあるんだよな
この隣に居る少女との関係を、はっきりさせておこう。
この隣に居る少女との関係を、はっきりさせておこう。
オレは……間違いなくキズナを意識している。
オレは……間違いなくキズナを意識している。
秀隆
秀隆
……なあキズナ
……なあキズナ
キズナ
キズナ
はい。なんでしょうか？
はい。なんでしょうか？
秀隆
秀隆
おまえは、その……オレのことをどう思ってる？
おまえは、その……オレのことをどう思ってる？
秀隆
秀隆
あ、いや。今のは無しだ
あ、いや。今のは無しだ
なんでキズナから言質をとろうとしてんだよ。
なんでキズナから言質をとろうとしてんだよ。
男なら、男として自分から伝えなきゃいけないだろう。
男なら、男として自分から伝えなきゃいけないだろう。
秀隆
秀隆
えーと、そのだな……オレは、キズナのことが
えーと、そのだな……オレは、キズナのことが
キズナ
キズナ
私はひーくんのことが好きですよ
私はひーくんのことが好きですよ
秀隆
秀隆
す……
す……
おいっ！
おいっ！
オレが怒鳴ったことに、きょとんとするキズナ。
オレが怒鳴ったことに、きょとんとするキズナ。
秀隆
秀隆
……なんでさらっと言うかね……
……なんでさらっと言うかね……
こんな公園のど真ん中で。
こんな公園のど真ん中で。
真昼間に。
真昼間に。
オレよりも先に。
オレよりも先に。
キズナ
キズナ
本当のことですから
本当のことですから
キズナ
キズナ
ひーくんは、私のことをどう思ってくれていますか？
ひーくんは、私のことをどう思ってくれていますか？
秀隆
秀隆
……オレも、好き……だぞ
……オレも、好き……だぞ
キズナ
キズナ
本当ですか？　気を使っていただいてませんか？
本当ですか？　気を使っていただいてませんか？
秀隆
秀隆
あのな、嘘で言ったって、後で悲しませるだけだろ
あのな、嘘で言ったって、後で悲しませるだけだろ
秀隆
秀隆
腐ってもそんなことはしないぞ、オレは
腐ってもそんなことはしないぞ、オレは
キズナ
キズナ
おぉ、では正真正銘の告白ですかねっ
おぉ、では正真正銘の告白ですかねっ
秀隆
秀隆
そういうことになるな……
そういうことになるな……
秀隆
秀隆
手順は、明らかにミスったんだけどな……
手順は、明らかにミスったんだけどな……
キズナ
キズナ
私も好き、ひーくんも好き、つまりこれは？
私も好き、ひーくんも好き、つまりこれは？
秀隆
秀隆
オレたちは、両思いってことになるな
オレたちは、両思いってことになるな
キズナ
キズナ
そうなりますねっ。ちなみに、私のラブメーターはマックスですよ
そうなりますねっ。ちなみに、私のラブメーターはマックスですよ
秀隆
秀隆
ら、ラブメーター？　なんだよそれ
ら、ラブメーター？　なんだよそれ
キズナ
キズナ
ひーくんのことが好きだ、と言うメーターです
ひーくんのことが好きだ、と言うメーターです
秀隆
秀隆
そんなのがあるのか。いや、溜まったからこそ好きになったのか？
そんなのがあるのか。いや、溜まったからこそ好きになったのか？
何かちょっと哲学になりそうな部分だ。
何かちょっと哲学になりそうな部分だ。
秀隆
秀隆
でも、そんなマックスになるまで溜まるようなことあったかな……
でも、そんなマックスになるまで溜まるようなことあったかな……
秀隆
秀隆
つか、キズナはいつオレのことを、その、好きになったんだよ
つか、キズナはいつオレのことを、その、好きになったんだよ
困るような質問をしたかも、と思ったけど、
困るような質問をしたかも、と思ったけど、
キズナは迷うこともなく口を開いた。
キズナは迷うこともなく口を開いた。
キズナ
キズナ
私がひーくんを強く意識したのは、おとーさんに会った時です
私がひーくんを強く意識したのは、おとーさんに会った時です
秀隆
秀隆
え、あの時？
え、あの時？
特にオレが何かをした覚えはない。
特にオレが何かをした覚えはない。
キズナ
キズナ
私はおとーさんが生きていたことが嬉しかったですけど、
私はおとーさんが生きていたことが嬉しかったですけど、
一緒に暮らしたいとか、そういうのはあまり思いませんでした
一緒に暮らしたいとか、そういうのはあまり思いませんでした
キズナ
キズナ
それよりも、ひーくんと離れ離れになったらどうしようって……
それよりも、ひーくんと離れ離れになったらどうしようって……
キズナ
キズナ
そういうことが頭を過ぎりました
そういうことが頭を過ぎりました
キズナ
キズナ
あ、私ってひーくんのことが、男の子として好きなんだ、と
あ、私ってひーくんのことが、男の子として好きなんだ、と
秀隆
秀隆
なんかわかりやすいな
なんかわかりやすいな
キズナ
キズナ
ですよねっ
ですよねっ
キズナ
キズナ
ひーくんはいつですか？　私のことを好きになってくれたのは
ひーくんはいつですか？　私のことを好きになってくれたのは
秀隆
秀隆
オレもスムーズに出るぞ。いつ好きになっていったのか
オレもスムーズに出るぞ。いつ好きになっていったのか
秀隆
秀隆
ここ数日は、ずっとそればっかり考えてたし
ここ数日は、ずっとそればっかり考えてたし
こほん、と一度咳払い。
こほん、と一度咳払い。
秀隆
秀隆
意識し始めたのは、キズナと二人で遊んだプールから、かな
意識し始めたのは、キズナと二人で遊んだプールから、かな
キズナ
キズナ
私のちっぱいを揉んだ時ですねぇ
私のちっぱいを揉んだ時ですねぇ
秀隆
秀隆
いや、それはよく覚えてないが……
いや、それはよく覚えてないが……
秀隆
秀隆
なんか、おまえといると心から楽しめるって言うか
なんか、おまえといると心から楽しめるって言うか
秀隆
秀隆
そんなんで、意識し始めた
そんなんで、意識し始めた
秀隆
秀隆
でも、それはまだ確信じゃなくて
でも、それはまだ確信じゃなくて
秀隆
秀隆
その流れから、決め手を食らって好きになった、感じかな
その流れから、決め手を食らって好きになった、感じかな
キズナ
キズナ
決め手はなんでしょうっ
決め手はなんでしょうっ
秀隆
秀隆
おまえのキスに決まってるだろ……
おまえのキスに決まってるだろ……
意識し始めていた子にキスされれば、
意識し始めていた子にキスされれば、
そのくすぶっていた想いが何であったのか嫌でも考えさせられる。
そのくすぶっていた想いが何であったのか嫌でも考えさせられる。
秀隆
秀隆
あれからずっと、そのことを考えて仕方なかった
あれからずっと、そのことを考えて仕方なかった
キズナ
キズナ
なるほどなるほど
なるほどなるほど
キズナ
キズナ
ちなみに、ひーくんにはラブメーターはありませんか？
ちなみに、ひーくんにはラブメーターはありませんか？
秀隆
秀隆
ラブメーターか……
ラブメーターか……
秀隆
秀隆
ある……ちゃんと、マックスになってるぞ
ある……ちゃんと、マックスになってるぞ
キズナ
キズナ
それは良かったです。それが減るといろいろ大変ですから
それは良かったです。それが減るといろいろ大変ですから
どう大変なのかは、出来れば聞きたくないな。
どう大変なのかは、出来れば聞きたくないな。
秀隆
秀隆
えーっと、じゃあオレたちって、恋人同士ってことでいいのか？
えーっと、じゃあオレたちって、恋人同士ってことでいいのか？
キズナ
キズナ
もちろんそうなります。そうなりたいです
もちろんそうなります。そうなりたいです
秀隆
秀隆
……なんか、告白って雰囲気じゃあないよな……
……なんか、告白って雰囲気じゃあないよな……
雑談してるかのように淡々と進む。
雑談してるかのように淡々と進む。
秀隆
秀隆
と、とりあえず。よろしく
と、とりあえず。よろしく
キズナ
キズナ
こちらこそよろしくお願いしますっ
こちらこそよろしくお願いしますっ
キズナ
キズナ
なんか、不謹慎かも知れませんが……いいですか？
なんか、不謹慎かも知れませんが……いいですか？
秀隆
秀隆
ん？
ん？
キズナ
キズナ
違法アンドロイドの調査のために、こうして外に出てきましたけど、私、今は、そのことがどうでもいいと思えてしまってます
違法アンドロイドの調査のために、こうして外に出てきましたけど、私、今は、そのことがどうでもいいと思えてしまってます
キズナ
キズナ
ひーくんと両想いになれたことが嬉しくて、そればかり考えてしまいます
ひーくんと両想いになれたことが嬉しくて、そればかり考えてしまいます
秀隆
秀隆
それはオレもだ。悪いな、真昼間からその、こういう話をして
それはオレもだ。悪いな、真昼間からその、こういう話をして
キズナ
キズナ
いえ。でも、どうして今だったんですか？
いえ。でも、どうして今だったんですか？
秀隆
秀隆
聞き込みの前に解決させておきたかったんだ、もやもやを
聞き込みの前に解決させておきたかったんだ、もやもやを
秀隆
秀隆
キズナはオレのことをどう思ってるんだ、とか。
キズナはオレのことをどう思ってるんだ、とか。
いつ話を切り出したらいいんだ、とか。悩んでるの嫌だからさ
いつ話を切り出したらいいんだ、とか。悩んでるの嫌だからさ
キズナ
キズナ
それ、私たちが両想いじゃなかったら大変でしたね
それ、私たちが両想いじゃなかったら大変でしたね
秀隆
秀隆
……言われてみればそうだな
……言われてみればそうだな
そしたら、すげぇ気まずいぞ。
そしたら、すげぇ気まずいぞ。
キズナ
キズナ
きっと、ひーくんのことだから勝算があったんですね
きっと、ひーくんのことだから勝算があったんですね
秀隆
秀隆
勝算……つか、まあ……
勝算……つか、まあ……
秀隆
秀隆
キスしてくれたから、嫌ってはないだろうな、みたいな
キスしてくれたから、嫌ってはないだろうな、みたいな
秀隆
秀隆
それくらいだよ、ほんと……
それくらいだよ、ほんと……
キズナ
キズナ
色々と考えてのことだと思ってしまいました
色々と考えてのことだと思ってしまいました
秀隆
秀隆
恋愛には計算が立たないよ
恋愛には計算が立たないよ
キズナ
キズナ
手とか繋いじゃいますか？
手とか繋いじゃいますか？
秀隆
秀隆
おいおい……今から違法アンドロイドに関して調べるんだぞ？
おいおい……今から違法アンドロイドに関して調べるんだぞ？
キズナ
キズナ
あはは、そうですね
あはは、そうですね
キズナ
キズナ
調査って、どうするつもりですか？
調査って、どうするつもりですか？
秀隆
秀隆
あの日……オレが刺された日、目撃した人が居ないかと思ってさ
あの日……オレが刺された日、目撃した人が居ないかと思ってさ
キズナ
キズナ
そういうのは警察さんが調べたと思うんですがっ
そういうのは警察さんが調べたと思うんですがっ
秀隆
秀隆
警察が調べるだけじゃなく、自分で調べないと納得がいかないんだ
警察が調べるだけじゃなく、自分で調べないと納得がいかないんだ
秀隆
秀隆
それに、オレはあの日話していない事実もある
それに、オレはあの日話していない事実もある
キズナ
キズナ
えっ……？
えっ……？
秀隆
秀隆
刺された時刻だよ。実は警察には少しだけ嘘をついた
刺された時刻だよ。実は警察には少しだけ嘘をついた
キズナ
キズナ
おおっ、なんとなんと、それは……良かったんですか？
おおっ、なんとなんと、それは……良かったんですか？
秀隆
秀隆
下手に警察が介入すると、余計厄介なことになりかねない
下手に警察が介入すると、余計厄介なことになりかねない
本当に刺したのが違法アンドロイドなら、
本当に刺したのが違法アンドロイドなら、
今の警察では対処のしようがないだろうし。
今の警察では対処のしようがないだろうし。
秀隆
秀隆
早速聞き込みを始めよう。キズナ、おまえにも単独で頼みたい
早速聞き込みを始めよう。キズナ、おまえにも単独で頼みたい
オレはキズナの端末にオレが刺されたときの詳細を送る。
オレはキズナの端末にオレが刺されたときの詳細を送る。
キズナ
キズナ
確認しましたっ
確認しましたっ
秀隆
秀隆
一緒に居ても、時間効率が悪いだけだ。
一緒に居ても、時間効率が悪いだけだ。
でも、目に見える範囲から居なくなるのはやめてくれ
でも、目に見える範囲から居なくなるのはやめてくれ
キズナが頷く。
キズナが頷く。
手分けして、それぞれ周辺の住人に話を聞くことに。
手分けして、それぞれ周辺の住人に話を聞くことに。
秀隆
秀隆
私、特務官の島津と申しますが、実は先日ここで起きた事件に関して
私、特務官の島津と申しますが、実は先日ここで起きた事件に関して
秀隆
秀隆
あの、すみません。少しよろしいですか……
あの、すみません。少しよろしいですか……
それから３０分ほど聞き込みを続けたオレだったが……。
それから３０分ほど聞き込みを続けたオレだったが……。
秀隆
秀隆
……得られた手がかりはなし、か
……得られた手がかりはなし、か
聞き込みを行っても、あの日飲んでいたと言う人すら現れない。
聞き込みを行っても、あの日飲んでいたと言う人すら現れない。
翌日が平日だったからな。
翌日が平日だったからな。
そう考えると、何も驚くほどのことじゃない。
そう考えると、何も驚くほどのことじゃない。
秀隆
秀隆
やっぱ警察が調べた後で、それ以上を得るのは難しいか……
やっぱ警察が調べた後で、それ以上を得るのは難しいか……
キズナ
キズナ
どうでしたか、ひーくんっ
どうでしたか、ひーくんっ
キズナが戻ってくる。
キズナが戻ってくる。
秀隆
秀隆
駄目だったよ。目撃者はなかった。そっちは？
駄目だったよ。目撃者はなかった。そっちは？
キズナ
キズナ
残念ですが、私の方も同じです
残念ですが、私の方も同じです
秀隆
秀隆
そうか……あの日は、オレが覚えてる限り人気がなかったからな
そうか……あの日は、オレが覚えてる限り人気がなかったからな
キズナ
キズナ
いつも、その時間は静かなんですか？
いつも、その時間は静かなんですか？
秀隆
秀隆
いや、あの日は特にだ。平日だったからだと思うけど
いや、あの日は特にだ。平日だったからだと思うけど
たまたま人気が少なかったから、犯人もオレを刺したんだろう。
たまたま人気が少なかったから、犯人もオレを刺したんだろう。
事前に刺す場所や日時を決めていたとはとても思えない。
事前に刺す場所や日時を決めていたとはとても思えない。
それから、オレたちは少し休憩を挟んだ後聞き込みを再開したが、
それから、オレたちは少し休憩を挟んだ後聞き込みを再開したが、
やはり得られた情報はなかった。
やはり得られた情報はなかった。
秀隆
秀隆
そろそろ戻らないといけないな
そろそろ戻らないといけないな
キズナ
キズナ
もうそんな時間ですか
もうそんな時間ですか
秀隆
秀隆
オレはいったん仕事場に戻らなきゃいけない。どうする？
オレはいったん仕事場に戻らなきゃいけない。どうする？
キズナ
キズナ
あ、私一人でも戻れ……
あ、私一人でも戻れ……
いえ、ついていってもいいですか
いえ、ついていってもいいですか
秀隆
秀隆
ん？　なんかあるのか？
ん？　なんかあるのか？
キズナ
キズナ
ご迷惑かな、と一瞬思いましたが、
ご迷惑かな、と一瞬思いましたが、
やっぱり一緒に居たいな、と言うヨコシマな考えが出てきました
やっぱり一緒に居たいな、と言うヨコシマな考えが出てきました
てへり、と舌を出すキズナ。
てへり、と舌を出すキズナ。
可愛いぞ……。
可愛いぞ……。
手を繋いだり抱きしめたりしたいが、
手を繋いだり抱きしめたりしたいが、
付き合い始めたばかりだし、何より往来の場所だ。
付き合い始めたばかりだし、何より往来の場所だ。
もしそんな愚行に及べば、瞬く間に悪い噂が広まりかねない。
もしそんな愚行に及べば、瞬く間に悪い噂が広まりかねない。
秀隆
秀隆
よし、じゃあ行くか
よし、じゃあ行くか
キズナ
キズナ
やふーっ。一緒に帰りますっ
やふーっ。一緒に帰りますっ
官邸に寄り、帰り支度を済ませたオレは、キズナと自宅に戻ってきた。
官邸に寄り、帰り支度を済ませたオレは、キズナと自宅に戻ってきた。
キズナ
キズナ
あっきーやアクセラさんにはどうご報告しますか？
あっきーやアクセラさんにはどうご報告しますか？
秀隆
秀隆
報告か。やっぱりしなきゃいけないんだろうなあ
報告か。やっぱりしなきゃいけないんだろうなあ
キズナ
キズナ
ひーくんは嘘が得意ですし、私も多分大丈夫です。
ひーくんは嘘が得意ですし、私も多分大丈夫です。
だから何もないと演じ続けることは出来ますけど……
だから何もないと演じ続けることは出来ますけど……
キズナ
キズナ
いっそのことご報告してしまってはどうでしょうか？
いっそのことご報告してしまってはどうでしょうか？
秀隆
秀隆
オレを家族公認のロリコン野郎にしたいってことか？
オレを家族公認のロリコン野郎にしたいってことか？
キズナ
キズナ
事実を事実として報告することには、何の問題もないと思います
事実を事実として報告することには、何の問題もないと思います
秀隆
秀隆
……はい
……はい
確かに、それが嘘であるならまだしも、事実である以上文句の言いようはない。
確かに、それが嘘であるならまだしも、事実である以上文句の言いようはない。
秀隆
秀隆
報告……したいか？
報告……したいか？
キズナ
キズナ
私は、皆に祝ってほしいです。それに、隠し通すのはいい気分ではありません
私は、皆に祝ってほしいです。それに、隠し通すのはいい気分ではありません
秀隆
秀隆
まぁな……そりゃ、オレだって隠したいわけじゃない
まぁな……そりゃ、オレだって隠したいわけじゃない
キズナ
キズナ
じゃあ決まりですね
じゃあ決まりですね
秀隆
秀隆
でもなあ……オレは間違いなくフルボッコ食らうぞ
でもなあ……オレは間違いなくフルボッコ食らうぞ
キズナ
キズナ
仕方ありません。未熟な果実に手を出したリスクと言いますか
仕方ありません。未熟な果実に手を出したリスクと言いますか
秀隆
秀隆
自分で未熟な果実とか言うな
自分で未熟な果実とか言うな
キズナ
キズナ
事実ですよ？　ほら、肌とか触ってみてください
事実ですよ？　ほら、肌とか触ってみてください
スベスベェ。
スベスベェ。
秀隆
秀隆
すご、何と言うもち肌
すご、何と言うもち肌
キズナ
キズナ
これがじゅうさ……
これがじゅうさ……
キズナ
キズナ
若い女の子の肌と言うやつです
若い女の子の肌と言うやつです
秀隆
秀隆
今危険なことを言いかけたな……
今危険なことを言いかけたな……
キズナ
キズナ
ひーくんがお縄になるところでしたね
ひーくんがお縄になるところでしたね
秀隆
秀隆
ははっははは。オレは何も法に抵触するようなことはしていないぞ？
ははっははは。オレは何も法に抵触するようなことはしていないぞ？
キズナ
キズナ
その割には表情がこわばっています
その割には表情がこわばっています
秀隆
秀隆
君はオレに、何か不都合なことが起こってほしいと思っているのかな？　ん？
君はオレに、何か不都合なことが起こってほしいと思っているのかな？　ん？
キズナ
キズナ
いえいえっ。けしてそのようなことは
いえいえっ。けしてそのようなことは
キズナはオレに歩み寄ってくると、鞄を手に取った。
キズナはオレに歩み寄ってくると、鞄を手に取った。
キズナ
キズナ
そろそろ家に入りましょう
そろそろ家に入りましょう
秀隆
秀隆
ああ
ああ
オレは帰るなり、秋とアクセラを呼び寄せた。
オレは帰るなり、秋とアクセラを呼び寄せた。
秀隆
秀隆
おまえたちに話がある。秋、アクセラ
おまえたちに話がある。秋、アクセラ
アクセラ
アクセラ
……随分と畏まっておられますね
……随分と畏まっておられますね
秋
秋
面倒な話は嫌いなので、アクセラにしておいてください
面倒な話は嫌いなので、アクセラにしておいてください
秀隆
秀隆
駄目だ。今回はおまえにも関係のあることなんだ
駄目だ。今回はおまえにも関係のあることなんだ
秋
秋
私にも……？
私にも……？
秀隆
秀隆
キズナも、座ってくれ
キズナも、座ってくれ
キズナ
キズナ
はいです
はいです
オレはキズナを隣に座らせ、アクセラと秋を正面に座らせた。
オレはキズナを隣に座らせ、アクセラと秋を正面に座らせた。
秀隆
秀隆
ここ島津家において、ちょっと立ち位置というか、関係性が変わる出来事が起きた
ここ島津家において、ちょっと立ち位置というか、関係性が変わる出来事が起きた
アクセラ
アクセラ
どう言う意味でしょうか？　仰ってることが理解できません
どう言う意味でしょうか？　仰ってることが理解できません
秀隆
秀隆
まぁ最後まで聞いてくれ
まぁ最後まで聞いてくれ
秀隆
秀隆
……その……
……その……
いかん、いざ話そうと思って二人の顔を見ると、途端に声が出なくなる。
いかん、いざ話そうと思って二人の顔を見ると、途端に声が出なくなる。
だってアクセラと秋だぞ？
だってアクセラと秋だぞ？
こいつらにオレとキズナのことを報告したら……。
こいつらにオレとキズナのことを報告したら……。
アクセラ
アクセラ
このロリコンゲス野郎
このロリコンゲス野郎
秋
秋
死ねばいいと思います、性犯罪者は
死ねばいいと思います、性犯罪者は
と言うようなことを言われるに違いない。
と言うようなことを言われるに違いない。
つか、絶対に言う。
つか、絶対に言う。
そんな誹謗中傷が待っているとしても、報告しなければならない。
そんな誹謗中傷が待っているとしても、報告しなければならない。
なんて酷なことなんだろうか。
なんて酷なことなんだろうか。
でも……伝えるしかない。
でも……伝えるしかない。
秀隆
秀隆
オレは……キズナが好きなんだ……
オレは……キズナが好きなんだ……
二人の視線がオレに集中する。
二人の視線がオレに集中する。
秀隆
秀隆
それで、これから付き合っていこうと思ってる……
それで、これから付き合っていこうと思ってる……
…………。
…………。
アクセラ
アクセラ
キズナ様。いったい秀隆様に何をされたのですかっ
キズナ様。いったい秀隆様に何をされたのですかっ
キズナ
キズナ
ふえ？
ふえ？
アクセラ
アクセラ
正直に告白してください。私たちはキズナ様の味方です
正直に告白してください。私たちはキズナ様の味方です
秋
秋
兄さんは取り返しのつかないことをしてしまいましたね……
兄さんは取り返しのつかないことをしてしまいましたね……
秀隆
秀隆
落ち着けっておまえら。これは合意の下なんだよ！　なあ！？
落ち着けっておまえら。これは合意の下なんだよ！　なあ！？
キズナ
キズナ
はいです。合意です
はいです。合意です
アクセラ
アクセラ
ご、合意とは、つまりキズナ様が秀隆様をお認めになったと？
ご、合意とは、つまりキズナ様が秀隆様をお認めになったと？
秀隆
秀隆
合意なんだからそうに決まってるだろ
合意なんだからそうに決まってるだろ
アクセラ
アクセラ
し、しかし
し、しかし
秋
秋
どうして？　兄さんなんて、１００害あって１利くらいしかないのに
どうして？　兄さんなんて、１００害あって１利くらいしかないのに
キズナ
キズナ
そんなことはありません。私はひーくんが好きです
そんなことはありません。私はひーくんが好きです
秀隆
秀隆
き、キズナ……
き、キズナ……
オレは胸が熱くなるのを感じると共に、抱きしめたい衝動に駆られる。
オレは胸が熱くなるのを感じると共に、抱きしめたい衝動に駆られる。
もちろん、今ここでそんなことは出来ないが。
もちろん、今ここでそんなことは出来ないが。
秀隆
秀隆
そういうわけだ。だから、これからオレとキズナは恋人同士ってことになる
そういうわけだ。だから、これからオレとキズナは恋人同士ってことになる
アクセラ
アクセラ
下手したら親子ですよ？
下手したら親子ですよ？
秀隆
秀隆
それは言いすぎだ。そこまでは離れてない
それは言いすぎだ。そこまでは離れてない
アクセラ
アクセラ
ですが……社会的には、認められ辛いかと思います
ですが……社会的には、認められ辛いかと思います
秀隆
秀隆
そうかも知れない。でも、少なくともおまえたちには認めてもらいたいんだ
そうかも知れない。でも、少なくともおまえたちには認めてもらいたいんだ
秋
秋
キズナが本心でいいと言うなら、私は別に言うことはありません
キズナが本心でいいと言うなら、私は別に言うことはありません
秋
秋
好きにすればいいと思います
好きにすればいいと思います
キズナ
キズナ
ありがとうございます、あっきー
ありがとうございます、あっきー
秋
秋
でも、私はどんなことになろうと兄さんを許しません
でも、私はどんなことになろうと兄さんを許しません
秀隆
秀隆
……それはオレも同じだ秋。そこは変わらない
……それはオレも同じだ秋。そこは変わらない
キズナ
キズナ
…………
…………
秋
秋
それさえ理解して頂いているなら、これでお終いです
それさえ理解して頂いているなら、これでお終いです
アクセラ
アクセラ
秋様がお認めになられたのなら、私も反対理由はありません
秋様がお認めになられたのなら、私も反対理由はありません
アクセラ
アクセラ
ただ、世間的には多々問題がありますので、ご注意ください
ただ、世間的には多々問題がありますので、ご注意ください
秀隆
秀隆
そりゃ、いくらなんでも外では節操をわきまえるさ
そりゃ、いくらなんでも外では節操をわきまえるさ
アクセラ
アクセラ
そのお言葉、信用させていただくことにします
そのお言葉、信用させていただくことにします
キズナ
キズナ
え……じゃあ、青姦はチャレンジできませんね！
え……じゃあ、青姦はチャレンジできませんね！
秀隆
秀隆
…………
…………
アクセラ
アクセラ
……最低です秀隆様
……最低です秀隆様
秋
秋
見損なっていました
見損なっていました
見損なっていましたて、変わらんてことやん……？
見損なっていましたて、変わらんてことやん……？
つか、別にオレが何か言ったわけじゃないやん？
つか、別にオレが何か言ったわけじゃないやん？
キズナ
キズナ
良かったです。二人に認めていただけました
良かったです。二人に認めていただけました
秀隆
秀隆
そうだな……色々、多分問題は残るんだろうけど
そうだな……色々、多分問題は残るんだろうけど
キズナ
キズナ
ロリコン認定はされてしまいましたね、きっと
ロリコン認定はされてしまいましたね、きっと
秀隆
秀隆
う……
う……
確かに。
確かに。
これでオレは、島津家のロリコン野郎として、
これでオレは、島津家のロリコン野郎として、
未来永劫語り継がれていくことだろう。
未来永劫語り継がれていくことだろう。
秀隆
秀隆
しかし、キズナと関係を持った以上、
しかし、キズナと関係を持った以上、
やっぱり恭一さんには報告した方がいいのかな
やっぱり恭一さんには報告した方がいいのかな
キズナ
キズナ
おとーさんへの挨拶は、未来でも必須ですか
おとーさんへの挨拶は、未来でも必須ですか
秀隆
秀隆
多分遥か昔から必須だろうな。娘さんなわけだし
多分遥か昔から必須だろうな。娘さんなわけだし
恭一さんなら、別に関心を持つことはないと思うけど。
恭一さんなら、別に関心を持つことはないと思うけど。
キズナ
キズナ
もしおとーさんを倒すことが条件だ！　って言われたらどうしますか？
もしおとーさんを倒すことが条件だ！　って言われたらどうしますか？
秀隆
秀隆
キズナを諦めようかな！
キズナを諦めようかな！
キズナ
キズナ
うわ、捨てられちゃいました！
うわ、捨てられちゃいました！
秀隆
秀隆
それは冗談にしても、だ。そんなことになったら……どうしよう
それは冗談にしても、だ。そんなことになったら……どうしよう
秀隆
秀隆
寝込みでも襲うしかないな
寝込みでも襲うしかないな
キズナ
キズナ
正々堂々と戦うつもりはなさそうですね
正々堂々と戦うつもりはなさそうですね
秀隆
秀隆
おまえも一度戦ってみれば分かるよ
おまえも一度戦ってみれば分かるよ
キズナ
キズナ
興味はありますねっ
興味はありますねっ
アクセラ
アクセラ
秀隆様
秀隆様
秀隆
秀隆
ん？　晩飯にしちゃ早いな
ん？　晩飯にしちゃ早いな
アクセラ
アクセラ
秀隆様にお客様がいらしております
秀隆様にお客様がいらしております
秀隆
秀隆
客？　……誰だ
客？　……誰だ
アクセラ
アクセラ
長谷川様、と言う女性の方です
長谷川様、と言う女性の方です
秀隆
秀隆
長谷川……恋さんか！
長谷川……恋さんか！
がばりと飛び起きると、オレは部屋を飛び出した。
がばりと飛び起きると、オレは部屋を飛び出した。
秀隆
秀隆
丁重にもてなすように！
丁重にもてなすように！
それだけ伝え、オレは玄関の扉を開いた。
それだけ伝え、オレは玄関の扉を開いた。
恋
恋
あ、島津さん。すみません、あの、急に訪ねてしまいまして
あ、島津さん。すみません、あの、急に訪ねてしまいまして
恋
恋
実は何度か携帯の方にご連絡差し上げたのですが……
実は何度か携帯の方にご連絡差し上げたのですが……
秀隆
秀隆
そうでしたか。寝てたので気づかなかったみたいです。
そうでしたか。寝てたので気づかなかったみたいです。
あの、よろしかったら中に入りませんか？
あの、よろしかったら中に入りませんか？
恋
恋
いえ、実は今日はお見舞いに来たのですが……
いえ、実は今日はお見舞いに来たのですが……
恋
恋
既に退院されて、元気になられたようですね
既に退院されて、元気になられたようですね
秀隆
秀隆
そう言うことでしたか……。わざわざすみません
そう言うことでしたか……。わざわざすみません
恋
恋
こちらこそ遅くなってしまい申し訳ありませんでした
こちらこそ遅くなってしまい申し訳ありませんでした
秀隆
秀隆
全然、謝るようなことじゃないです
全然、謝るようなことじゃないです
秀隆
秀隆
とりあえず入ってください。このまま帰すわけにも行きませんから
とりあえず入ってください。このまま帰すわけにも行きませんから
恭一
恭一
なら丁度いい。邪魔させてもらおうぜ
なら丁度いい。邪魔させてもらおうぜ
秀隆
秀隆
恭一さんもいらしたんですね
恭一さんもいらしたんですね
恭一
恭一
祝ってやろうと思ってな
祝ってやろうと思ってな
秀隆
秀隆
意外でした。恭一さんが祝ってくれようとしてたなんて……
意外でした。恭一さんが祝ってくれようとしてたなんて……
秀隆
秀隆
祝って？
祝って？
オレが退院したことを知らなかったわけだよな？
オレが退院したことを知らなかったわけだよな？
恋
恋
もう！　どうしてそう、捻くれた言い方をするんですかっ
もう！　どうしてそう、捻くれた言い方をするんですかっ
秀隆
秀隆
はは。そのほうが恭一さんらしいですが
はは。そのほうが恭一さんらしいですが
秀隆
秀隆
どうぞどうぞ
どうぞどうぞ
靴を脱ぎ、恭一さんがドカドカと上がりこんだ。
靴を脱ぎ、恭一さんがドカドカと上がりこんだ。
恋
恋
ああもうっ……ほんとすみません……
ああもうっ……ほんとすみません……
秀隆
秀隆
いいですいいです。あの人の対応にもだいぶ慣れましたから
いいですいいです。あの人の対応にもだいぶ慣れましたから
恭一
恭一
随分と広い家だな
随分と広い家だな
秀隆
秀隆
親の残した遺産みたいなもんです
親の残した遺産みたいなもんです
恭一
恭一
はぁん
はぁん
どかっと椅子に腰を下ろす。
どかっと椅子に腰を下ろす。
恭一
恭一
酒をくれ
酒をくれ
恋
恋
いきなりお邪魔してお酒をたからないで下さい
いきなりお邪魔してお酒をたからないで下さい
秀隆
秀隆
ちょっとお待ちください
ちょっとお待ちください
オレは二人をリビングに残し、寝室へ。
オレは二人をリビングに残し、寝室へ。
秀隆
秀隆
アクセラ。お客さんの対応をお願いしてもいいか
アクセラ。お客さんの対応をお願いしてもいいか
アクセラ
アクセラ
もちろんです。よろしいのですか？
もちろんです。よろしいのですか？
秀隆
秀隆
ああ。あの人たちなら問題ない
ああ。あの人たちなら問題ない
キズナ
キズナ
誰が来てるんですか？
誰が来てるんですか？
秀隆
秀隆
恋さんと恭一さんだ
恋さんと恭一さんだ
キズナ
キズナ
なんとっ
なんとっ
布団でごろごろしていたキズナが、バッと体を起こした。
布団でごろごろしていたキズナが、バッと体を起こした。
アクセラ
アクセラ
お知り合いですか？
お知り合いですか？
秀隆
秀隆
お知り合いというか何と言うか。
お知り合いというか何と言うか。
まあその辺も含めて、ちょっと話でもするか
まあその辺も含めて、ちょっと話でもするか
恋
恋
あわわわ……
あわわわ……
リビングに戻ると、慌てた恋さんがうろうろしていた。
リビングに戻ると、慌てた恋さんがうろうろしていた。
秀隆
秀隆
どうしたんですか？　恋さん
どうしたんですか？　恋さん
恋
恋
す、すみません、すみません！　私は止めたのですが……
す、すみません、すみません！　私は止めたのですが……
ふと視線の先を見ると……。
ふと視線の先を見ると……。
秋の部屋だった。
秋の部屋だった。
秀隆
秀隆
もしかして
もしかして
恭一
恭一
これ、おまえの妹なんだってな
これ、おまえの妹なんだってな
秋
秋
あ、兄さん
あ、兄さん
ベッドに座る秋と、恭一さんがいた。
ベッドに座る秋と、恭一さんがいた。
恋
恋
もうもう！　どうして勝手に入るんですか！
もうもう！　どうして勝手に入るんですか！
秋
秋
あ、こんばんわ……
あ、こんばんわ……
恋
恋
こんばんわっ。
こんばんわっ。
……女の子の部屋に無断で入るなんて信じられません！
……女の子の部屋に無断で入るなんて信じられません！
恭一
恭一
ここが女の部屋かどうかも知らなかったけどな
ここが女の部屋かどうかも知らなかったけどな
恋
恋
誰の部屋かもわからないのに入る方が失礼ですから！
誰の部屋かもわからないのに入る方が失礼ですから！
ぐいっと腕を引っ張る。
ぐいっと腕を引っ張る。
恭一
恭一
やれやれ。おちおち会話もできねえな
やれやれ。おちおち会話もできねえな
秋
秋
……あの、何なんですか？
……あの、何なんですか？
秀隆
秀隆
色々な……一応今からアクセラには説明するけど、おまえはどうする？
色々な……一応今からアクセラには説明するけど、おまえはどうする？
秋
秋
私は遠慮しておきます。興味ありませんから
私は遠慮しておきます。興味ありませんから
秀隆
秀隆
だよな
だよな
恋
恋
妹さん、ですよね？　は、気分を害されていませんでしたか？
妹さん、ですよね？　は、気分を害されていませんでしたか？
秀隆
秀隆
大丈夫です。ちょっと面食らってはいましたけど
大丈夫です。ちょっと面食らってはいましたけど
秀隆
秀隆
それより一人紹介させていただいてもいいですか？
それより一人紹介させていただいてもいいですか？
恋
恋
あ、はい
あ、はい
アクセラ
アクセラ
失礼します。私、島津家でお世話をさせていただいております、アクセラと申します
失礼します。私、島津家でお世話をさせていただいております、アクセラと申します
恋
恋
アクセラさん。アンドロイド、ということでしょうか
アクセラさん。アンドロイド、ということでしょうか
秀隆
秀隆
家では家族同然に扱っていますので
家では家族同然に扱っていますので
恋
恋
なるほど。私は長谷川恋と申します。
なるほど。私は長谷川恋と申します。
こちらは恭一さんといいます。よろしくお願いします
こちらは恭一さんといいます。よろしくお願いします
アクセラ
アクセラ
すぐお茶をご用意いたしますので
すぐお茶をご用意いたしますので
恭一
恭一
コーヒー、ブラックで頼む。特別に熱いのをな
コーヒー、ブラックで頼む。特別に熱いのをな
恋
恋
少しは遠慮というものを覚えてください
少しは遠慮というものを覚えてください
恭一
恭一
こういうのは遠慮しないことが、礼儀ってもんなんだ
こういうのは遠慮しないことが、礼儀ってもんなんだ
恋
恋
どういう理屈ですか……
どういう理屈ですか……
アクセラ
アクセラ
ふふっ。では少しお待ちください
ふふっ。では少しお待ちください
キズナ
キズナ
お二人ともこんばんわですっ
お二人ともこんばんわですっ
恋
恋
こんばんわキズナちゃん。お邪魔しています
こんばんわキズナちゃん。お邪魔しています
キズナ
キズナ
まさか、こんなに早く再会するとは思っていませんでした
まさか、こんなに早く再会するとは思っていませんでした
恭一
恭一
コイツがどうしてもって言って聞かなかったからな
コイツがどうしてもって言って聞かなかったからな
恋
恋
入院されたと聞けば心配にもなります。
入院されたと聞けば心配にもなります。
それに聞くところによると、誰かに刺された、とか？
それに聞くところによると、誰かに刺された、とか？
秀隆
秀隆
はい……
はい……
恭一
恭一
あ、刺したのはオレだ
あ、刺したのはオレだ
秀隆
秀隆
ええええっ！？
ええええっ！？
キズナ
キズナ
まさか、こんなところに犯人さんが、それもおとーさんだったとは！？
まさか、こんなところに犯人さんが、それもおとーさんだったとは！？
……恐ろしい冗談を言う人だな。
……恐ろしい冗談を言う人だな。
恭一
恭一
その父親的な呼び方はやめろ、鬱陶しい
その父親的な呼び方はやめろ、鬱陶しい
恭一
恭一
オレのようなイケメンでも子持ちと勘違いされたらモテにくくなるだろ
オレのようなイケメンでも子持ちと勘違いされたらモテにくくなるだろ
キズナ
キズナ
あや、そうですか……
あや、そうですか……
しゅん、とするキズナ。
しゅん、とするキズナ。
恋
恋
いいじゃないですか。事実お父さんなんですから
いいじゃないですか。事実お父さんなんですから
恭一
恭一
知らねえよ
知らねえよ
キズナ
キズナ
じゃあきょーくんとお呼びしますねっ！
じゃあきょーくんとお呼びしますねっ！
めげずに元気になった。
めげずに元気になった。
恭一
恭一
まぁ、まだマシだな
まぁ、まだマシだな
恋
恋
さすがというか、呆れるというか。
さすがというか、呆れるというか。
実の娘でもあなたは態度が変わらないんですね
実の娘でもあなたは態度が変わらないんですね
恭一
恭一
記憶も糞もないのに、娘とか関係あるかよ
記憶も糞もないのに、娘とか関係あるかよ
恋
恋
それはそうかも知れませんが……
それはそうかも知れませんが……
アクセラ
アクセラ
どうぞ
どうぞ
恭一
恭一
この湯気の立ち具合、８２℃だな
この湯気の立ち具合、８２℃だな
秀隆
秀隆
凄いですね。見ただけで温度が分かるんですか？
凄いですね。見ただけで温度が分かるんですか？
恭一
恭一
分かるわけないだろ。オレはロボットか何かかよ
分かるわけないだろ。オレはロボットか何かかよ
秀隆
秀隆
え、いや、だって凄く自信満々に答えたので……
え、いや、だって凄く自信満々に答えたので……
恋
恋
恭一さん相手に真面目だと、凄く疲れると思います。嘘ばっかりですから
恭一さん相手に真面目だと、凄く疲れると思います。嘘ばっかりですから
恭一
恭一
相手を信じる気持ちを失ったら、人間おしまいだぜ？
相手を信じる気持ちを失ったら、人間おしまいだぜ？
恋
恋
最初に信じる気持ちを失わせたのは誰ですか……
最初に信じる気持ちを失わせたのは誰ですか……
恭一
恭一
ありがたく頂くぜ
ありがたく頂くぜ
秀隆
秀隆
高いものじゃないですが、味は保証しますよ
高いものじゃないですが、味は保証しますよ
恭一
恭一
ずず……
ずず……
熱ッ！
熱ッ！
恭一
恭一
こんな熱いもん飲めるか！
こんな熱いもん飲めるか！
秀隆
秀隆
…………
…………
恭一
恭一
ちっ、面白いボケも出来ないのか
ちっ、面白いボケも出来ないのか
秀隆
秀隆
なんていうか、いつお会いしても凄い人ですよね
なんていうか、いつお会いしても凄い人ですよね
恋
恋
本当に申し訳御座いません……
本当に申し訳御座いません……
恭一
恭一
で、どういう恨みを持たれて刺されたんだ？
で、どういう恨みを持たれて刺されたんだ？
秀隆
秀隆
前触れもなく話を変えましたね……
前触れもなく話を変えましたね……
恭一
恭一
コーヒーの熱い熱くないで時間を取るほど、オレは愚かじゃない
コーヒーの熱い熱くないで時間を取るほど、オレは愚かじゃない
恋
恋
その話題を出したのは恭一さんです
その話題を出したのは恭一さんです
恭一
恭一
外野は黙ってろ
外野は黙ってろ
恋
恋
い、一番の外野はあなたですっ！
い、一番の外野はあなたですっ！
秀隆
秀隆
あの、喧嘩しないでくださいっ
あの、喧嘩しないでくださいっ
秀隆
秀隆
実は、刺された原因は分かってないんです
実は、刺された原因は分かってないんです
恋
恋
もしかして犯人はまだ？
もしかして犯人はまだ？
秀隆
秀隆
ええ。つかまっていません。それどころか、手がかりもなくて
ええ。つかまっていません。それどころか、手がかりもなくて
キズナ
キズナ
私とひーくんで、今犯人さんを探しているところなんです
私とひーくんで、今犯人さんを探しているところなんです
恋
恋
探すって……
探すって……
秀隆
秀隆
危ないので、オレ個人的には反対なんですけど
危ないので、オレ個人的には反対なんですけど
キズナ
キズナ
ひーくんより私のほうが強いんです
ひーくんより私のほうが強いんです
恋
恋
そうなんですか？　それは頼もしいですね
そうなんですか？　それは頼もしいですね
秀隆
秀隆
いや、ほんとに強かったりするんです。こう見えて
いや、ほんとに強かったりするんです。こう見えて
恋
恋
キズナちゃんが、ですか
キズナちゃんが、ですか
秀隆
秀隆
はい。この間も凶悪な犯人を一人で捕まえたんです
はい。この間も凶悪な犯人を一人で捕まえたんです
キズナ
キズナ
てへへ
てへへ
秀隆
秀隆
もしかしたら、恭一さんが鍛えていたのかも知れませんね
もしかしたら、恭一さんが鍛えていたのかも知れませんね
秀隆
秀隆
恭一さんも凄く強いですし
恭一さんも凄く強いですし
恭一
恭一
さあな
さあな
キズナ
キズナ
こう、人間の本能っていうんでしょうか？
こう、人間の本能っていうんでしょうか？
強い人と対面するとワクワクしちゃいますよね
強い人と対面するとワクワクしちゃいますよね
秀隆
秀隆
それ、本来は男の本能だと思うけどな
それ、本来は男の本能だと思うけどな
キズナ
キズナ
きょーくん、良かったら私と勝負しませんかっ
きょーくん、良かったら私と勝負しませんかっ
恭一
恭一
金くれるのか？
金くれるのか？
キズナ
キズナ
お金はありませんけど……ダメですか？
お金はありませんけど……ダメですか？
恭一
恭一
面倒臭ぇ
面倒臭ぇ
恭一
恭一
それに、おまえみたいなガキを相手にしても仕方ない
それに、おまえみたいなガキを相手にしても仕方ない
キズナ
キズナ
あらら、振られちゃいました
あらら、振られちゃいました
キズナ
キズナ
結構いい勝負できると思ったんですけど
結構いい勝負できると思ったんですけど
恋
恋
スキンシップ、じゃないですけど。軽く相手して上げたらどうですか？
スキンシップ、じゃないですけど。軽く相手して上げたらどうですか？
恋
恋
もちろん怪我を負わせない範囲で、ですけど
もちろん怪我を負わせない範囲で、ですけど
秀隆
秀隆
組み手みたいな感じですね
組み手みたいな感じですね
恋
恋
はい。凄くいいと思います
はい。凄くいいと思います
恭一
恭一
面倒だって言ってるだろ
面倒だって言ってるだろ
キズナ
キズナ
あ、無理にとは言いませんから。大丈夫です
あ、無理にとは言いませんから。大丈夫です
秀隆
秀隆
あの……少しお聞きしてもよろしいですか
あの……少しお聞きしてもよろしいですか
恋
恋
はい。なんですか？
はい。なんですか？
秀隆
秀隆
実はここにいるアクセラは、普通のアンドロイドではないんです
実はここにいるアクセラは、普通のアンドロイドではないんです
オレは思いきってアクセラのことを話すことにした。
オレは思いきってアクセラのことを話すことにした。
行き詰った今の状況を打開するには、
行き詰った今の状況を打開するには、
大きな変化を起こす必要がある。
大きな変化を起こす必要がある。
恭一さんとは、幾つかの秘密を共有しあっている。
恭一さんとは、幾つかの秘密を共有しあっている。
この秘密を打ちあけることで、
この秘密を打ちあけることで、
ドリームタウンの誰かに情報が漏れる確率は高くない。
ドリームタウンの誰かに情報が漏れる確率は高くない。
賭けをするには悪くないはずだ。
賭けをするには悪くないはずだ。
恋
恋
えっと、すみません、よくわからないんですが
えっと、すみません、よくわからないんですが
秀隆
秀隆
アクセラは違法アンドロイドなんです
アクセラは違法アンドロイドなんです
恋
恋
違法アンドロイド……ですか
違法アンドロイド……ですか
本当に何も知らないのか、分かっていない様子だ。
本当に何も知らないのか、分かっていない様子だ。
恭一
恭一
要は穴があるってことか
要は穴があるってことか
キズナ
キズナ
あな？
あな？
秀隆
秀隆
あぁえっと、その……まあ、そう言うのもそうですが
あぁえっと、その……まあ、そう言うのもそうですが
この人は歯に衣を着せないからな。
この人は歯に衣を着せないからな。
オレ以外が女の子であることなど、おかまいなしだ。
オレ以外が女の子であることなど、おかまいなしだ。
恋
恋
どういうことですか？
どういうことですか？
恭一
恭一
セックスできるアンドロイドってことだ
セックスできるアンドロイドってことだ
キズナ
キズナ
お、おぉ……
お、おぉ……
恋
恋
なっ！？　なんてこと言うんですかっ！
なっ！？　なんてこと言うんですかっ！
恭一
恭一
事実だ
事実だ
秀隆
秀隆
恭一さんの言ってることは、当たってます。
恭一さんの言ってることは、当たってます。
通常のアンドロイドにはそう言う機能がありませんから
通常のアンドロイドにはそう言う機能がありませんから
恭一
恭一
人間と変わらない締まり具合だから、今度試してみろ
人間と変わらない締まり具合だから、今度試してみろ
アクセラ
アクセラ
ああ、主に開発されてしまうんですね、私は……
ああ、主に開発されてしまうんですね、私は……
恭一
恭一
中々ノリの分かるアンドロイドだな
中々ノリの分かるアンドロイドだな
アクセラ
アクセラ
ありがとうございます
ありがとうございます
どうやら、得られる情報はなかったようだ。
どうやら、得られる情報はなかったようだ。
恋
恋
それで、その、それは大丈夫なのですか？　違法なんですよね？
それで、その、それは大丈夫なのですか？　違法なんですよね？
秀隆
秀隆
はい。倉屋敷社長じきじきに許可を頂いています
はい。倉屋敷社長じきじきに許可を頂いています
秀隆
秀隆
本題は、アクセラ自体ではなく違法アンドロイド全体のことです
本題は、アクセラ自体ではなく違法アンドロイド全体のことです
秀隆
秀隆
ホープタウンとドリームタウンには、
ホープタウンとドリームタウンには、
人間に紛れ込み情報を収集、あるいは凶悪行為を行うアンドロイドがいると思われます
人間に紛れ込み情報を収集、あるいは凶悪行為を行うアンドロイドがいると思われます
秀隆
秀隆
恐らく、以前はアクセラも利用されていた、と推測しています
恐らく、以前はアクセラも利用されていた、と推測しています
恋
恋
今は違うんですよね？
今は違うんですよね？
秀隆
秀隆
もちろんです
もちろんです
恋
恋
私初めて聞きました。違法アンドロイドのお話なんて……
私初めて聞きました。違法アンドロイドのお話なんて……
恋
恋
恭一さんは知ってましたか？
恭一さんは知ってましたか？
恭一
恭一
ただのセックスできる機械だと思ってた
ただのセックスできる機械だと思ってた
恋
恋
わざと下品な言い方しないでくださいっ
わざと下品な言い方しないでくださいっ
恭一
恭一
セックスが下品だってのか？　おまえも、こいつも親のセックスで産まれて来ただろ
セックスが下品だってのか？　おまえも、こいつも親のセックスで産まれて来ただろ
恋
恋
せ、せめて愛を育むとか、そう言う言い方をですね……
せ、せめて愛を育むとか、そう言う言い方をですね……
恭一
恭一
何が違うんだか
何が違うんだか
恭一
恭一
今その話をするってことは、
今その話をするってことは、
おまえは違法アンドロイドにやられたってことか？
おまえは違法アンドロイドにやられたってことか？
秀隆
秀隆
可能性はあると思います
可能性はあると思います
秀隆
秀隆
事実オレは、違法アンドロイドの調査を行っていました
事実オレは、違法アンドロイドの調査を行っていました
恭一
恭一
はぁん
はぁん
秀隆
秀隆
もし恭一さんや恋さんが知っていることがあれば、
もし恭一さんや恋さんが知っていることがあれば、
情報を共有したいと思いお話してみたんです
情報を共有したいと思いお話してみたんです
恭一
恭一
生憎とオレは目覚めて時間も浅い。覚えがないな。なあ？
生憎とオレは目覚めて時間も浅い。覚えがないな。なあ？
恋
恋
私もアンドロイドのことはさっぱりで……すみません
私もアンドロイドのことはさっぱりで……すみません
秀隆
秀隆
謝らないでください。知らなくて当然です
謝らないでください。知らなくて当然です
恋
恋
なんだか物騒ですね、違法アンドロイドだなんて
なんだか物騒ですね、違法アンドロイドだなんて
秀隆
秀隆
だからこそ、一日も早く解決する必要があると思っています
だからこそ、一日も早く解決する必要があると思っています
恋
恋
では、高坂特務官の方にも話を聞いてみます。
では、高坂特務官の方にも話を聞いてみます。
もしかしたら何かご存知かも知れません
もしかしたら何かご存知かも知れません
秀隆
秀隆
それは無駄でしょう
それは無駄でしょう
恋
恋
もしかして、既にお尋ねになられましたか？
もしかして、既にお尋ねになられましたか？
秀隆
秀隆
そうなんです。なので、もう一度聞いても失礼かと思いますし
そうなんです。なので、もう一度聞いても失礼かと思いますし
高坂特務官が関与している可能性がある、とは言えないな。
高坂特務官が関与している可能性がある、とは言えないな。
恭一
恭一
おまえは調べてどうするつもりだ？
おまえは調べてどうするつもりだ？
秀隆
秀隆
もちろん、違法な製造を中止させるつもりです
もちろん、違法な製造を中止させるつもりです
恭一
恭一
そうか
そうか
恋
恋
あ、恭一さん。そろそろおいとましましょう。時間が
あ、恭一さん。そろそろおいとましましょう。時間が
恭一
恭一
そのことなんだが
そのことなんだが
恋
恋
はい？
はい？
恭一
恭一
お前に黙ってたことがある
お前に黙ってたことがある
恋
恋
はい。なんでしょう？
はい。なんでしょう？
恭一
恭一
ホープタウンについてすぐ、オレが踊りながら奇声を上げたのは知ってるよな？
ホープタウンについてすぐ、オレが踊りながら奇声を上げたのは知ってるよな？
恋
恋
……あれは最低でした
……あれは最低でした
秀隆
秀隆
踊りながら奇声をあげたんですか……
踊りながら奇声をあげたんですか……
恭一
恭一
もちろん意味もなくな
もちろん意味もなくな
秀隆
秀隆
は、はぁ……
は、はぁ……
恭一
恭一
その時にＩＤカードを落とした。つまり失くしたってことだな
その時にＩＤカードを落とした。つまり失くしたってことだな
恋
恋
え、
え、
ええええっ！？
ええええっ！？
秀隆
秀隆
マジですか……
マジですか……
キズナ
キズナ
そんなに慌てることなんですか？
そんなに慌てることなんですか？
再発行とか、そう言うことしてもらえないんでしょうか
再発行とか、そう言うことしてもらえないんでしょうか
アクセラ
アクセラ
可能だと思われます。時には紛失されたり、あるいは壊されてしまう方もいらっしゃいますので
可能だと思われます。時には紛失されたり、あるいは壊されてしまう方もいらっしゃいますので
秀隆
秀隆
恭一さんの場合は、そうも行かないんじゃないですか……？
恭一さんの場合は、そうも行かないんじゃないですか……？
秀隆
秀隆
いや、そもそも恭一さんのＩＤって、存在しないはずですよね
いや、そもそも恭一さんのＩＤって、存在しないはずですよね
恭一さんはドリームタウンの住人じゃない。
恭一さんはドリームタウンの住人じゃない。
ドリームタウンの情報機関に細工は出来ても、
ドリームタウンの情報機関に細工は出来ても、
ホープタウンのサーバーまで書き換えることは不可能だ。
ホープタウンのサーバーまで書き換えることは不可能だ。
秀隆
秀隆
前回と今回、どうやってホープタウンに？
前回と今回、どうやってホープタウンに？
恋
恋
それは……
それは……
恭一
恭一
実在する特務官のＩＤを利用してんだよ
実在する特務官のＩＤを利用してんだよ
秀隆
秀隆
なるほど……まぁ、それしかありませんよね
なるほど……まぁ、それしかありませんよね
当然違法だし、重罪だが大河内代表の考えた話だろうしな。
当然違法だし、重罪だが大河内代表の考えた話だろうしな。
そこはわざわざ追求するようなことじゃない。
そこはわざわざ追求するようなことじゃない。
秀隆
秀隆
再発行となると、顔写真から指紋など、様々なチェックも必要になります
再発行となると、顔写真から指紋など、様々なチェックも必要になります
それを恭一さんが受けることは出来ない。
それを恭一さんが受けることは出来ない。
恋
恋
ど、どうしましょう……
ど、どうしましょう……
秀隆
秀隆
大河内代表に連絡するしかありませんね。
大河内代表に連絡するしかありませんね。
ホープタウンへ渡航した記録があるのに、紛失したと本人がドリームタウンへ再発行を申し出ることも出来ませんし
ホープタウンへ渡航した記録があるのに、紛失したと本人がドリームタウンへ再発行を申し出ることも出来ませんし
秀隆
秀隆
裏で手を回して、届けてもらうしかないでしょう
裏で手を回して、届けてもらうしかないでしょう
恋
恋
どうして大切なものだって分かってるのに失くすんですか……！
どうして大切なものだって分かってるのに失くすんですか……！
恭一
恭一
大切なものほど失くしやすい。昔の記憶のようにな
大切なものほど失くしやすい。昔の記憶のようにな
恋
恋
ちょっと綺麗にまとめないでください！
ちょっと綺麗にまとめないでください！
恭一
恭一
いいだろ、まとめても。それに失くしたことを責め続けても仕方ない
いいだろ、まとめても。それに失くしたことを責め続けても仕方ない
恭一
恭一
今はどう対応するか、それを問われている。そうだろ？
今はどう対応するか、それを問われている。そうだろ？
秀隆
秀隆
自分が悪いはずなのに、このふてぶてしさ……さすがですね
自分が悪いはずなのに、このふてぶてしさ……さすがですね
恭一
恭一
島津の案は採用してもいいだろう。
島津の案は採用してもいいだろう。
おっさんに連絡して本人をホープタウンに来させろ
おっさんに連絡して本人をホープタウンに来させろ
恭一
恭一
ま、おっさんに言えば上手くやるだろ
ま、おっさんに言えば上手くやるだろ
恋
恋
ご自分の責任なんですから、自分で連絡してくださいよ
ご自分の責任なんですから、自分で連絡してくださいよ
恭一
恭一
おまえの監督不行き届きって伝えるぞ？
おまえの監督不行き届きって伝えるぞ？
恋
恋
脅しじゃないですか……
脅しじゃないですか……
恭一
恭一
やれやれ。わかった、オレがメールすればいいんだろ
やれやれ。わかった、オレがメールすればいいんだろ
恋
恋
当然です
当然です
恭一
恭一
ＩＤ失くした、すぐ変わりよこせ』と
ＩＤ失くした、すぐ変わりよこせ』と
嘘かまことか、そう言って携帯を操作した。
嘘かまことか、そう言って携帯を操作した。
恭一
恭一
返事がいつあるかはわからないが、
返事がいつあるかはわからないが、
何にせよ今日帰るのは難しいだろうな
何にせよ今日帰るのは難しいだろうな
恋
恋
ホープタウンって、確かＩＤがないとホテルって泊まれません、よね？
ホープタウンって、確かＩＤがないとホテルって泊まれません、よね？
秀隆
秀隆
はい。施設の利用には必ずＩＤが必要になります
はい。施設の利用には必ずＩＤが必要になります
恋
恋
……の、野宿？
……の、野宿？
恭一
恭一
いいのかよ、ここに泊めてもらって。悪いな
いいのかよ、ここに泊めてもらって。悪いな
秀隆
秀隆
一言も言ってないですけど……家でよかったら泊まって行きますか？
一言も言ってないですけど……家でよかったら泊まって行きますか？
恋
恋
そんな。恭一さんが多大なるご迷惑をおかけすることに
そんな。恭一さんが多大なるご迷惑をおかけすることに
なりますし……
なりますし……
キズナ
キズナ
ぜひ泊まっていって下さい。きょーくんも、れんれんも
ぜひ泊まっていって下さい。きょーくんも、れんれんも
初めて聞いたが、どうやら恋さんのあだ名はれんれんらしい。
初めて聞いたが、どうやら恋さんのあだ名はれんれんらしい。
秀隆
秀隆
オレが刺されたからってわけじゃないですが、
オレが刺されたからってわけじゃないですが、
今は外も物騒です。無理しないほうがいいと思います
今は外も物騒です。無理しないほうがいいと思います
恭一
恭一
こういってるんだ、お言葉に甘えたらどうだ？
こういってるんだ、お言葉に甘えたらどうだ？
恋
恋
……ご迷惑おかけします
……ご迷惑おかけします
秀隆
秀隆
困った時はお互い様ですし、オレはお二人に借りを作っていますから
困った時はお互い様ですし、オレはお二人に借りを作っていますから
恋
恋
え？　借りなんて、そんなのありましたか？
え？　借りなんて、そんなのありましたか？
秀隆
秀隆
恭一さんを、無理やり倉屋敷に連れて行きましたし
恭一さんを、無理やり倉屋敷に連れて行きましたし
恭一
恭一
これで借りを返せたと思うなよ？
これで借りを返せたと思うなよ？
どうやら、まだまだ貸し付けておきたいらしい。
どうやら、まだまだ貸し付けておきたいらしい。
秀隆
秀隆
好きなだけ居てくれて大丈夫です
好きなだけ居てくれて大丈夫です
問題は寝る場所だ。
問題は寝る場所だ。
恋さんはアクセラのベッドを使わせるにしても、
恋さんはアクセラのベッドを使わせるにしても、
恭一さんをどこで眠らせるか。
恭一さんをどこで眠らせるか。
秀隆
秀隆
良かったら、恭一さんオレの部屋で寝ます？
良かったら、恭一さんオレの部屋で寝ます？
恭一
恭一
なんだ、オレに掘られたいのか？
なんだ、オレに掘られたいのか？
秀隆
秀隆
いや、あのオレはノーマルなので……（多分）
いや、あのオレはノーマルなので……（多分）
秀隆
秀隆
自分はリビングを使いますから
自分はリビングを使いますから
恋
恋
いけません島津さん。恭一さんはお世話になる身ですから。
いけません島津さん。恭一さんはお世話になる身ですから。
リビングでもトイレでも好きなところで寝かせます
リビングでもトイレでも好きなところで寝かせます
秀隆
秀隆
折角のお客さんですから。遠慮しないで大丈夫ですよ
折角のお客さんですから。遠慮しないで大丈夫ですよ
恭一
恭一
よし、じゃあオレはお前の部屋で寝ることにしよう
よし、じゃあオレはお前の部屋で寝ることにしよう
恋
恋
こんな風に、遠慮なんてしない人ですよ？
こんな風に、遠慮なんてしない人ですよ？
秀隆
秀隆
それくらい堂々とされてる方が、むしろいいですよ
それくらい堂々とされてる方が、むしろいいですよ
恭一
恭一
みたか？　恋。これがお客様をもてなす心というやつだ
みたか？　恋。これがお客様をもてなす心というやつだ
恭一
恭一
それに比べてお前の心の狭いこと狭いこと
それに比べてお前の心の狭いこと狭いこと
恋
恋
島津さんが優しいだけです。調子に乗らないでください
島津さんが優しいだけです。調子に乗らないでください
秀隆
秀隆
ここがオレの部屋です
ここがオレの部屋です
恭一
恭一
思ったよりも片付いてるみたいだな。で、本はどこだ
思ったよりも片付いてるみたいだな。で、本はどこだ
秀隆
秀隆
本ですか？　いえ、家には殆ど無いですけど。
本ですか？　いえ、家には殆ど無いですけど。
強いて言うならこれくらいですかね
強いて言うならこれくらいですかね
裕輔に借りた武術の本を取り出す。
裕輔に借りた武術の本を取り出す。
恭一
恭一
これでも無いよりはマシだ
これでも無いよりはマシだ
ぶんどるように奪い取られた。
ぶんどるように奪い取られた。
恭一
恭一
じゃあな
じゃあな
秀隆
秀隆
恭一さんは自分に正直というか、真っ直ぐすぎると言うか……
恭一さんは自分に正直というか、真っ直ぐすぎると言うか……
秀隆
秀隆
……恭一さんが来ると一気に賑やかと言うか、騒がしくなりますね
……恭一さんが来ると一気に賑やかと言うか、騒がしくなりますね
それはそれで楽しいからいいんだけど。
それはそれで楽しいからいいんだけど。
アクセラ
アクセラ
お布団をお持ちしました
お布団をお持ちしました
秀隆
秀隆
さんきゅ。適当に置いておいてくれ
さんきゅ。適当に置いておいてくれ
恋
恋
島津さん、本当に申し訳御座いません……
島津さん、本当に申し訳御座いません……
泊めていただくだけじゃなく、恭一さんの我侭まで聞いていただいて……
泊めていただくだけじゃなく、恭一さんの我侭まで聞いていただいて……
秀隆
秀隆
気にしないで下さい。多少なり、恭一さんのことは理解したつもりです
気にしないで下さい。多少なり、恭一さんのことは理解したつもりです
秀隆
秀隆
それに、返しても返しきれない恩がありますから
それに、返しても返しきれない恩がありますから
秀隆
秀隆
あの人がいなかったら、オレは規制緩和を成し遂げられませんでしたし
あの人がいなかったら、オレは規制緩和を成し遂げられませんでしたし
恋
恋
そう言っていただけると……
そう言っていただけると……
申し訳なさそうに頭を下げた。
申し訳なさそうに頭を下げた。
ほんと礼儀正しい人だなぁ。
ほんと礼儀正しい人だなぁ。
アクセラ
アクセラ
秀隆様には勿体無いお言葉ですね
秀隆様には勿体無いお言葉ですね
秀隆
秀隆
全くだな。感謝されるほどのことでもないし
全くだな。感謝されるほどのことでもないし
秀隆
秀隆
何か困ったことがあれば、アクセラに相談してください。
何か困ったことがあれば、アクセラに相談してください。
家のことであれば、自分なんかよりもしっかり把握していますから
家のことであれば、自分なんかよりもしっかり把握していますから
恋
恋
何から何まで、ありがとうございます
何から何まで、ありがとうございます
キズナ
キズナ
れんれん、部屋で沢山お話しましょうっ。アクセラさんも一緒に
れんれん、部屋で沢山お話しましょうっ。アクセラさんも一緒に
アクセラ
アクセラ
私は構いませんが、よろしいのですか？
私は構いませんが、よろしいのですか？
キズナ
キズナ
もちろんですっ
もちろんですっ
恋
恋
私でよろしければ。喜んで
私でよろしければ。喜んで
こういう時、キズナの明るさというか、積極性には助けられる。
こういう時、キズナの明るさというか、積極性には助けられる。
会話が弾まずに気まずい空気になるのが一番避けたい部分だし。
会話が弾まずに気まずい空気になるのが一番避けたい部分だし。
秀隆
秀隆
ちょっと眠れないな……
ちょっと眠れないな……
普段飯を食うところで寝る経験って殆どないから、不思議なもんだ。
普段飯を食うところで寝る経験って殆どないから、不思議なもんだ。
オレは台所へと足を運ぶと、冷蔵庫から秘蔵のお酒を取り出した。
オレは台所へと足を運ぶと、冷蔵庫から秘蔵のお酒を取り出した。
ま、秘蔵って言っても安酒なんだけど。
ま、秘蔵って言っても安酒なんだけど。
それを手に、自分の部屋へ。
それを手に、自分の部屋へ。
秀隆
秀隆
恭一さ
恭一さ
部屋に足を踏み入れると、恭一さんは机に座り、
部屋に足を踏み入れると、恭一さんは机に座り、
オレから受け取った本を食い入るように読んでいた。
オレから受け取った本を食い入るように読んでいた。
秀隆
秀隆
あの？
あの？
恭一
恭一
聞こえてる。なんだ？
聞こえてる。なんだ？
秀隆
秀隆
本当に本が好きなんですね。そう言うのでも面白いんですか？
本当に本が好きなんですね。そう言うのでも面白いんですか？
恭一
恭一
面白いから読んでる
面白いから読んでる
秀隆
秀隆
…………
…………
なんていうか、普段の破天荒な性格を見ていると、
なんていうか、普段の破天荒な性格を見ていると、
落ち着いた物腰で本を読んでいる時に違和感を感じるな。
落ち着いた物腰で本を読んでいる時に違和感を感じるな。
こういう一面を見ると、女だと好きになるかもしれない。
こういう一面を見ると、女だと好きになるかもしれない。
秀隆
秀隆
良かったら、お酒でも飲まないかなと思いまして
良かったら、お酒でも飲まないかなと思いまして
恭一
恭一
オレは男と熱く語り合って酒を飲む趣味は無いけどな
オレは男と熱く語り合って酒を飲む趣味は無いけどな
ばたりと本を閉じ、グラスを受け取る。
ばたりと本を閉じ、グラスを受け取る。
恭一
恭一
酒そのものは嫌いじゃない
酒そのものは嫌いじゃない
秀隆
秀隆
熱く語り合いたい、なんてことまでは言いませんけど、
熱く語り合いたい、なんてことまでは言いませんけど、
普段恭一さんとお会いする機会も殆どないので、
普段恭一さんとお会いする機会も殆どないので、
良かったら少しだけ話をしても構いませんか？
良かったら少しだけ話をしても構いませんか？
恭一
恭一
好きにしろ。おまえが、オレに聞きたいと思うことがあっても
好きにしろ。おまえが、オレに聞きたいと思うことがあっても
驚きはしない
驚きはしない
恭一
恭一
特務官として地上の情報を探ってるだろうからな
特務官として地上の情報を探ってるだろうからな
秀隆
秀隆
もちろん、特務官としての責務もあります。
もちろん、特務官としての責務もあります。
ですが実際には個人的な感情の方が多くを占めていますから
ですが実際には個人的な感情の方が多くを占めていますから
秀隆
秀隆
キズナと出会ったことで、地上という存在を、強く意識するようになりました
キズナと出会ったことで、地上という存在を、強く意識するようになりました
秀隆
秀隆
生きてきた２０年以上の中で、
生きてきた２０年以上の中で、
地上のことをこれだけ考えたのは初めてです
地上のことをこれだけ考えたのは初めてです
恭一
恭一
前にも言ったが、オレには記憶がない。
前にも言ったが、オレには記憶がない。
地上と言う存在に関して話せる部分は無いといってもいい
地上と言う存在に関して話せる部分は無いといってもいい
恭一
恭一
それこそ、キズナってガキと同等の知識がいいところだ
それこそ、キズナってガキと同等の知識がいいところだ
秀隆
秀隆
恭一さん以外の、生き残りはいなかったんですか
恭一さん以外の、生き残りはいなかったんですか
恭一
恭一
居た。だが全員これだ
居た。だが全員これだ
そういい、頭の上でくるくると指を回した。
そういい、頭の上でくるくると指を回した。
恭一
恭一
地上のことを探るんなら、別の方向から攻めたほうが効率的だろう
地上のことを探るんなら、別の方向から攻めたほうが効率的だろう
秀隆
秀隆
別方向、ですか
別方向、ですか
恭一
恭一
地上の生き残りから、地上のことなんざ何も分からないってことだ
地上の生き残りから、地上のことなんざ何も分からないってことだ
恭一
恭一
仮に記憶を持っていたところで、それほど大きな差はない
仮に記憶を持っていたところで、それほど大きな差はない
恭一
恭一
この地下に至ったルーツを探った方が、よっぽど意味がある
この地下に至ったルーツを探った方が、よっぽど意味がある
秀隆
秀隆
恭一さんやキズナには、特別な価値はないってことですか
恭一さんやキズナには、特別な価値はないってことですか
恭一
恭一
ただの記憶を失くした人間。それだけだ
ただの記憶を失くした人間。それだけだ
恭一
恭一
あのチビだって、オレをすぐに返した。違うか？
あのチビだって、オレをすぐに返した。違うか？
秀隆
秀隆
……そうですね
……そうですね
倉屋敷社長が恭一さんたちの血縁者だったことには驚いたけど、
倉屋敷社長が恭一さんたちの血縁者だったことには驚いたけど、
結局はそれだけで、長時間拘束するようなことはしなかった。
結局はそれだけで、長時間拘束するようなことはしなかった。
それはつまり、得られる情報は限られていると言うこと。
それはつまり、得られる情報は限られていると言うこと。
地上への鍵は恭一さん、キズナから得られると思っていたけど、
地上への鍵は恭一さん、キズナから得られると思っていたけど、
それは間違いだったのかもしれない。
それは間違いだったのかもしれない。
秀隆
秀隆
地上への興味はありますか？
地上への興味はありますか？
恭一
恭一
そこそこな。だが、今は他に面白いものもある
そこそこな。だが、今は他に面白いものもある
秀隆
秀隆
面白いもの、ですか
面白いもの、ですか
恭一
恭一
この本のように、得られる知識が山ほどある。
この本のように、得られる知識が山ほどある。
地上がどうこう言う前に、まずはこの地下世界の把握が先だな
地上がどうこう言う前に、まずはこの地下世界の把握が先だな
秀隆
秀隆
なるほど……言われてみればそうかも知れませんね
なるほど……言われてみればそうかも知れませんね
恭一
恭一
記憶がないことで、知識が湯水のように脳に染み込んで来るのさ
記憶がないことで、知識が湯水のように脳に染み込んで来るのさ
秀隆
秀隆
記憶が無いことを楽しんでるみたいですね
記憶が無いことを楽しんでるみたいですね
恭一
恭一
戻るはずも無い記憶だ。嘆いたところでどうにもならないだろ
戻るはずも無い記憶だ。嘆いたところでどうにもならないだろ
恭一
恭一
それに未来の酒ってのも、中々どうして悪くない。
それに未来の酒ってのも、中々どうして悪くない。
飲んだこともない酒を味わえるのも、人生の楽しみだと思わないか？
飲んだこともない酒を味わえるのも、人生の楽しみだと思わないか？
秀隆
秀隆
そうですね……
そうですね……
未知なるものとの遭遇は、不安もあるが期待や夢も膨らむ。
未知なるものとの遭遇は、不安もあるが期待や夢も膨らむ。
秀隆
秀隆
今日、あなたと会えたのは幸運だったかも知れません
今日、あなたと会えたのは幸運だったかも知れません
恭一
恭一
あ？
あ？
秀隆
秀隆
ひとつ、恭一さんにご報告しておきたいことがあったんです
ひとつ、恭一さんにご報告しておきたいことがあったんです
恭一
恭一
言って見ろ
言って見ろ
秀隆
秀隆
オレは……あなたの娘さんであるキズナさんと、
オレは……あなたの娘さんであるキズナさんと、
お付き合いさせていただくことになりました
お付き合いさせていただくことになりました
恭一
恭一
つまり？
つまり？
秀隆
秀隆
お互いに、告白しあった、ってことです
お互いに、告白しあった、ってことです
恭一
恭一
そうじゃない。それをオレに伝えて何の意味がある？
そうじゃない。それをオレに伝えて何の意味がある？
秀隆
秀隆
どんな経緯にせよ、恭一さんが父親であることは事実です。
どんな経緯にせよ、恭一さんが父親であることは事実です。
なら、オレは説明をして責務を果たす必要があると考えます
なら、オレは説明をして責務を果たす必要があると考えます
恭一
恭一
ならそのルールに乗っ取って、オレは反対すればいいのか？
ならそのルールに乗っ取って、オレは反対すればいいのか？
恭一
恭一
娘はやらないと言えば、それに従うのか？
娘はやらないと言えば、それに従うのか？
秀隆
秀隆
……いえ。その場合は納得していただけるように
……いえ。その場合は納得していただけるように
恭一
恭一
ならオレを倒したら許可してやるよ
ならオレを倒したら許可してやるよ
秀隆
秀隆
う……
う……
恭一
恭一
そう言われたら一生無理だろ？
そう言われたら一生無理だろ？
恭一
恭一
オレにとって、あいつは娘でも何でもない。赤の他人だ
オレにとって、あいつは娘でも何でもない。赤の他人だ
秀隆
秀隆
……それは……
……それは……
恭一
恭一
キズナのことを思って、オレに話を持ってきたんだろうが、
キズナのことを思って、オレに話を持ってきたんだろうが、
余計なことをする必要はない。それが、あいつ自身の考えでもある
余計なことをする必要はない。それが、あいつ自身の考えでもある
秀隆
秀隆
……分かりました
……分かりました
それ以降、恭一さんは本当に何も言わなかった。
それ以降、恭一さんは本当に何も言わなかった。
この人にとっては、今を生きている。
この人にとっては、今を生きている。
そのことのみが重要で、大切なことなんだろう。
そのことのみが重要で、大切なことなんだろう。
もちろん記憶があれば話も変わってくるのかも知れないが……。
もちろん記憶があれば話も変わってくるのかも知れないが……。
その記憶も、戻ってくることはない。
その記憶も、戻ってくることはない。
…………。
…………。
……。
……。
