目が覚める……。
目が覚める……。
秋
秋
眠たい……
眠たい……
今朝早く、杉村さんから電話を受けたせいだろう。
今朝早く、杉村さんから電話を受けたせいだろう。
身体は寝足りなくて、ベッドから抜け出るのが苦痛だ。
身体は寝足りなくて、ベッドから抜け出るのが苦痛だ。
秋
秋
うぅ～……
うぅ～……
唸るような声を漏らし目を開こうとするが、
唸るような声を漏らし目を開こうとするが、
瞼が重くなかなかうまくいかない。
瞼が重くなかなかうまくいかない。
秋
秋
……アクセラたちは、帰ってきてるのかな……
……アクセラたちは、帰ってきてるのかな……
それに、兄さんはどうなったんだろうか。
それに、兄さんはどうなったんだろうか。
重体と言うからには、命の危険がある。
重体と言うからには、命の危険がある。
もしかしたら、既に死んでしまっていることもありえるのだ。
もしかしたら、既に死んでしまっていることもありえるのだ。
秋
秋
……知らない……
……知らない……
少なくとも確定していない今の状況に興味はない。
少なくとも確定していない今の状況に興味はない。
１０分ほど睡魔と格闘した私は、のっそりと体を起こした。
１０分ほど睡魔と格闘した私は、のっそりと体を起こした。
リビングに出ると、そこは静寂に包まれていた。
リビングに出ると、そこは静寂に包まれていた。
どうやら、まだアクセラは戻ってきていないみたい。
どうやら、まだアクセラは戻ってきていないみたい。
秋
秋
……ご飯、どうしよう……
……ご飯、どうしよう……
顔を洗った後、台所に立ったものの、どうしていいかわからない。
顔を洗った後、台所に立ったものの、どうしていいかわからない。
子供のころから家の中で苦手な場所だ。
子供のころから家の中で苦手な場所だ。
秋
秋
材料とか、どこにあるかもわからないし……
材料とか、どこにあるかもわからないし……
今日は朝ごはん抜きかな……。
今日は朝ごはん抜きかな……。
そんなことを考えていると、玄関から音がした。
そんなことを考えていると、玄関から音がした。
アクセラ
アクセラ
秋様、おはようございます
秋様、おはようございます
秋
秋
アクセラ、帰って来たんだ
アクセラ、帰って来たんだ
アクセラ
アクセラ
遅くなって申し訳ありませんでした。すぐ朝食のご用意をいたします
遅くなって申し訳ありませんでした。すぐ朝食のご用意をいたします
秋
秋
うん、お願い
うん、お願い
私はアクセラに台所を任せ、いつもの席につく。
私はアクセラに台所を任せ、いつもの席につく。
アクセラ
アクセラ
秀隆様のこと……お聞きにならないのですか？
秀隆様のこと……お聞きにならないのですか？
秋
秋
話したいなら話してもいいよ
話したいなら話してもいいよ
アクセラ
アクセラ
……はい。秀隆様はまだ大変危険な状態です
……はい。秀隆様はまだ大変危険な状態です
秋
秋
そう……
そう……
アクセラ
アクセラ
帰り道、誰かに後ろから刺されたそうです。それも、何度も……
帰り道、誰かに後ろから刺されたそうです。それも、何度も……
秋
秋
そうなんだ……
そうなんだ……
私が関心を示そうとしないと、アクセラは諦めたようだった。
私が関心を示そうとしないと、アクセラは諦めたようだった。
アクセラ
アクセラ
朝食になります
朝食になります
そういい、運ばれてきたご飯。
そういい、運ばれてきたご飯。
いつもよりもシンプルな作りだった。
いつもよりもシンプルな作りだった。
アクセラ
アクセラ
申し訳ありません。すぐ秀隆様のところに戻ろうと思っています
申し訳ありません。すぐ秀隆様のところに戻ろうと思っています
秋
秋
分かった。私は普通に学園に行くから
分かった。私は普通に学園に行くから
アクセラ
アクセラ
病院には足を運ばれるご予定はありませんか？
病院には足を運ばれるご予定はありませんか？
秋
秋
行かない。私は絶対に
行かない。私は絶対に
アクセラ
アクセラ
……そうですか
……そうですか
秋
秋
アクセラは優しいもん。言いたいことはわかってるよ
アクセラは優しいもん。言いたいことはわかってるよ
秋
秋
だけど私には、兄さんを心配することは出来ない
だけど私には、兄さんを心配することは出来ない
アクセラ
アクセラ
理解しているつもりです……っ
理解しているつもりです……っ
何か、アクセラは目で私に訴えているように見えた。
何か、アクセラは目で私に訴えているように見えた。
秋
秋
なに？
なに？
アクセラ
アクセラ
いえ……何でもありません
いえ……何でもありません
私のことを冷たいと思ってるのかな。
私のことを冷たいと思ってるのかな。
そんなことないよね？
そんなことないよね？
アクセラは、兄さんがどれだけひどい人かわかってくれてるはず。
アクセラは、兄さんがどれだけひどい人かわかってくれてるはず。
だから、私を責めるようなことは絶対にしないはずだ。
だから、私を責めるようなことは絶対にしないはずだ。
なのに―――。
なのに―――。
じっとアクセラは私を見つめている。
じっとアクセラは私を見つめている。
秋
秋
何かあるなら言ってもいいよ？
何かあるなら言ってもいいよ？
アクセラ
アクセラ
……何でもございません
……何でもございません
秋
秋
……そう
……そう
アクセラは私に隠し事が出来ない。
アクセラは私に隠し事が出来ない。
何かあるのなら、もう口にしているはず。
何かあるのなら、もう口にしているはず。
それでも何でもないってことは、ただ私を見ていただけ。
それでも何でもないってことは、ただ私を見ていただけ。
よくわからない。
よくわからない。
私にとっては、いつもと変わらない……ううん、
私にとっては、いつもと変わらない……ううん、
いつもよりも穏やかな一日が始まった。
いつもよりも穏やかな一日が始まった。
愛佳
愛佳
おはよう、秋ちゃん
おはよう、秋ちゃん
秋
秋
おはよう愛佳
おはよう愛佳
私はいつものように愛佳と待ち合わせの公園で合流する。
私はいつものように愛佳と待ち合わせの公園で合流する。
最近は、愛佳と一緒に行くのが日課だ。
最近は、愛佳と一緒に行くのが日課だ。
愛佳
愛佳
今日のテスト、大丈夫？
今日のテスト、大丈夫？
秋
秋
あ、うん。一応勉強はしてるから。大丈夫だと思う
あ、うん。一応勉強はしてるから。大丈夫だと思う
愛佳
愛佳
あたしは全然ダメ……赤点覚悟かなぁ
あたしは全然ダメ……赤点覚悟かなぁ
秋
秋
良かったら、今度一緒に勉強する？
良かったら、今度一緒に勉強する？
愛佳
愛佳
いいの？　秋ちゃんとだったら、勉強も楽しくやれそうな気がする
いいの？　秋ちゃんとだったら、勉強も楽しくやれそうな気がする
秋
秋
どこか、コーヒーショップとかでする？
どこか、コーヒーショップとかでする？
愛佳
愛佳
んー……
んー……
愛佳は少し考えた後、ちょっとテレたように言う。
愛佳は少し考えた後、ちょっとテレたように言う。
愛佳
愛佳
秋ちゃんの家とか、ダメかな？
秋ちゃんの家とか、ダメかな？
秋
秋
私の家？　別に大丈夫だよ
私の家？　別に大丈夫だよ
愛佳
愛佳
やったっ
やったっ
ぐっとガッツポーズを作る。
ぐっとガッツポーズを作る。
それを見た私は、旅行でのことを思い出した。
それを見た私は、旅行でのことを思い出した。
秋
秋
愛佳って……本当に兄さんが好きなの？
愛佳って……本当に兄さんが好きなの？
愛佳
愛佳
え！？　あ、えと……うん。マジだよ
え！？　あ、えと……うん。マジだよ
秋
秋
あの人のどこがいいの？
あの人のどこがいいの？
愛佳
愛佳
どこって……
どこって……
秋
秋
喋ったら大体下ネタだし。自分勝手だし
喋ったら大体下ネタだし。自分勝手だし
愛佳
愛佳
あはは、下ネタっていうのはそうだね。
あはは、下ネタっていうのはそうだね。
でもさ、真面目な時のセンセって、すごく格好いいんだよね
でもさ、真面目な時のセンセって、すごく格好いいんだよね
愛佳
愛佳
それに優しいし……なんか改めて言うと恥ずかしいけど
それに優しいし……なんか改めて言うと恥ずかしいけど
秋
秋
優しい……
優しい……
それは私が抱く兄さんのイメージと一番遠いものだ。
それは私が抱く兄さんのイメージと一番遠いものだ。
愛佳
愛佳
秋ちゃんは、先生と喧嘩してる、んだよね？
秋ちゃんは、先生と喧嘩してる、んだよね？
秋
秋
喧嘩……そうだね……
喧嘩……そうだね……
愛佳
愛佳
何が原因なの？
何が原因なの？
秋
秋
それは秘密。多分愛佳は知らない方がいいよ
それは秘密。多分愛佳は知らない方がいいよ
愛佳
愛佳
ど、どうして？
ど、どうして？
秋
秋
きっと兄さんのこと、嫌いになるから
きっと兄さんのこと、嫌いになるから
さやか
さやか
おはよー秋ちゃん、愛佳ちゃん
おはよー秋ちゃん、愛佳ちゃん
愛佳
愛佳
はよはよーっ
はよはよーっ
秋
秋
おはよう
おはよう
さやか
さやか
ねぇねぇ秋ちゃん。今日のテスト、どこが出るかなぁ？
ねぇねぇ秋ちゃん。今日のテスト、どこが出るかなぁ？
秋
秋
うーん、多分だけどこの間授業を受けた
うーん、多分だけどこの間授業を受けた
さやか
さやか
あっ、メモするから待って待って！
あっ、メモするから待って待って！
秋
秋
もうさやかったら。前の日から相談してくれてればよかったのに
もうさやかったら。前の日から相談してくれてればよかったのに
愛佳
愛佳
あ、あたしもいい？　付け焼刃でも聞いておこうかな……
あ、あたしもいい？　付け焼刃でも聞いておこうかな……
秋
秋
愛佳まで……
愛佳まで……
しょうがないなぁ
しょうがないなぁ
私はいつものように授業を受ける。
私はいつものように授業を受ける。
私には兄さんが刺されたことなんて関係ない。
私には兄さんが刺されたことなんて関係ない。
こうやって、何気ない日常を送ることだってできる。
こうやって、何気ない日常を送ることだってできる。
出来るから……。
出来るから……。
…………。
…………。
……。
……。
