オレは翌日の仕事終わり、希望にあらかじめ連絡を
オレは翌日の仕事終わり、希望にあらかじめ連絡を
入れた上でドリームタウンへとやってきていた。
入れた上でドリームタウンへとやってきていた。
秀隆
秀隆
お邪魔します、っと……
お邪魔します、っと……
希望
希望
どうぞどうぞ
どうぞどうぞ
オレはカジノフロアを抜け、応接室へと通された。
オレはカジノフロアを抜け、応接室へと通された。
秀隆
秀隆
いいのか、ここつかっちゃって
いいのか、ここつかっちゃって
希望
希望
だって私の家だよ？
だって私の家だよ？
秀隆
秀隆
オレの中じゃ、仕事場みたいなもんだからなぁ
オレの中じゃ、仕事場みたいなもんだからなぁ
企業説明を受けたり大河内代表や高坂特務官と会談したり。
企業説明を受けたり大河内代表や高坂特務官と会談したり。
何かと緊張を感じてしまう。
何かと緊張を感じてしまう。
希望
希望
場所変えたほうがいいかな？　私の部屋にする？
場所変えたほうがいいかな？　私の部屋にする？
秀隆
秀隆
それがいいね！
それがいいね！
希望
希望
身の危険を感じたから、やめておくね
身の危険を感じたから、やめておくね
秀隆
秀隆
……そう言う風に捉えられるとは……
……そう言う風に捉えられるとは……
単純にここじゃない場所に喜んだだけなんだが。
単純にここじゃない場所に喜んだだけなんだが。
秀隆
秀隆
まぁ、別の意味でここがぴったりかも知れないけどな
まぁ、別の意味でここがぴったりかも知れないけどな
希望
希望
制服のままでいろってことだったけど……どうしてなの？
制服のままでいろってことだったけど……どうしてなの？
秀隆
秀隆
やっぱり制服はいいよな。うんうん
やっぱり制服はいいよな。うんうん
希望
希望
もしかして、ただ制服が好きだからとか言わない、よね？
もしかして、ただ制服が好きだからとか言わない、よね？
秀隆
秀隆
いつもならそうだ、って言うところだが今日は違うぞ
いつもならそうだ、って言うところだが今日は違うぞ
オレは正面にいる希望へと真剣なまなざしを向ける。
オレは正面にいる希望へと真剣なまなざしを向ける。
希望も何かあるとわかったのだろう、視線を合わせてきた。
希望も何かあるとわかったのだろう、視線を合わせてきた。
秀隆
秀隆
大河内希望。座りなさい
大河内希望。座りなさい
希望
希望
あ、はい……え、どうしたの秀隆くん？
あ、はい……え、どうしたの秀隆くん？
秀隆
秀隆
それから、今からは島津先生と呼ぶように
それから、今からは島津先生と呼ぶように
状況が飲み込めていない希望に、
状況が飲み込めていない希望に、
オレはここにやってきた理由を告げる。
オレはここにやってきた理由を告げる。
秀隆
秀隆
今から進路相談を始めるぞ
今から進路相談を始めるぞ
希望
希望
進路相談……
進路相談……
口を開け、きょとんとした顔でオレを見る。
口を開け、きょとんとした顔でオレを見る。
秀隆
秀隆
前回は傾向や対策もなしだったからな。
前回は傾向や対策もなしだったからな。
今日は今までの話を元に、色々データを用意してきた
今日は今までの話を元に、色々データを用意してきた
希望
希望
…………
…………
秀隆
秀隆
何ぼーっとしてるんだ。席につけ
何ぼーっとしてるんだ。席につけ
希望
希望
う、うん……
う、うん……
希望が少し戸惑いながらソファーに座った。
希望が少し戸惑いながらソファーに座った。
秀隆
秀隆
パンツ見えてるぞ
パンツ見えてるぞ
希望
希望
ええっ！？
ええっ！？
秀隆
秀隆
嘘だ
嘘だ
希望
希望
……サイテーだよ秀隆くん……
……サイテーだよ秀隆くん……
秀隆
秀隆
だから秀隆くんじゃない、島津先生だ
だから秀隆くんじゃない、島津先生だ
希望
希望
……最低の外道鬼畜だよ、島津先生
……最低の外道鬼畜だよ、島津先生
秀隆
秀隆
最低とか外道とか鬼畜とかモテないとか、
最低とか外道とか鬼畜とかモテないとか、
そう言う余計な言葉はいらん
そう言う余計な言葉はいらん
希望
希望
ごめんごめん
ごめんごめん
秀隆
秀隆
最後のモテない、は言われてなかったョ？
最後のモテない、は言われてなかったョ？
希望
希望
そうだっけ？
そうだっけ？
秀隆
秀隆
……まぁ、それは後で話すとして。
……まぁ、それは後で話すとして。
今から進路相談の話し合いを始めます
今から進路相談の話し合いを始めます
希望
希望
は、はい
は、はい
秀隆
秀隆
えー前回の進路希望調査では、
えー前回の進路希望調査では、
第一希望に特務官、第二希望に進学、
第一希望に特務官、第二希望に進学、
そして第三希望に専業主婦、と言うことだったな
そして第三希望に専業主婦、と言うことだったな
秀隆
秀隆
まぁ、普通専業主婦を候補には上げないなら、２つだな
まぁ、普通専業主婦を候補には上げないなら、２つだな
オレは作成しておいた資料を取り出し、希望に配布する。
オレは作成しておいた資料を取り出し、希望に配布する。
秀隆
秀隆
これが大河内希望の学力テストの結果だ
これが大河内希望の学力テストの結果だ
希望
希望
ええっ、これ、どうしたの？
ええっ、これ、どうしたの？
秀隆
秀隆
学問の分野においては、ホープタウンとドリームタウンで
学問の分野においては、ホープタウンとドリームタウンで
互いの結果や詳細なデータを共有しあっている。
互いの結果や詳細なデータを共有しあっている。
調べようと思えばそんなに難しくない
調べようと思えばそんなに難しくない
希望
希望
そうなんだ……
そうなんだ……
もちろん、通常は教育委員会しか知りえない情報だ。
もちろん、通常は教育委員会しか知りえない情報だ。
特務官だからこそ、強引に引っ張れた情報とも言える。
特務官だからこそ、強引に引っ張れた情報とも言える。
希望
希望
改めてみると、なんか私の成績って恥ずかしいな……よくないから
改めてみると、なんか私の成績って恥ずかしいな……よくないから
秀隆
秀隆
そんなことは気にすることじゃない。
そんなことは気にすることじゃない。
自分が恥じているなら、それだけで十分だ
自分が恥じているなら、それだけで十分だ
秀隆
秀隆
それに、今必要なのは長所を伸ばすことだ。
それに、今必要なのは長所を伸ばすことだ。
希望は理数系のほうが得意みたいだからな
希望は理数系のほうが得意みたいだからな
秀隆
秀隆
今の成績だと、合格が望める大学は２つか。
今の成績だと、合格が望める大学は２つか。
もちろん頑張り次第じゃ、１つ上のランクを目指すことも出来る
もちろん頑張り次第じゃ、１つ上のランクを目指すことも出来る
秀隆
秀隆
特に、ここの南丘大学は、偏差値そのものは高いが、
特に、ここの南丘大学は、偏差値そのものは高いが、
おまえの得意な数学を大きなポイントに捉えている
おまえの得意な数学を大きなポイントに捉えている
秀隆
秀隆
重点的に勉強していけばチャンスもあるだろう
重点的に勉強していけばチャンスもあるだろう
希望
希望
そうなんだ……
そうなんだ……
自分で調べたことがなかったのか、驚きを見せる。
自分で調べたことがなかったのか、驚きを見せる。
秀隆
秀隆
ただ、今は女子学園だから問題はないが、
ただ、今は女子学園だから問題はないが、
南丘大学は男女共学になる。その点には注意するように
南丘大学は男女共学になる。その点には注意するように
秀隆
秀隆
男子学園や女子学園に通ってきた子供たちは、
男子学園や女子学園に通ってきた子供たちは、
共学に切り替わるときどうしても戸惑いを持つものだからな
共学に切り替わるときどうしても戸惑いを持つものだからな
秀隆
秀隆
些細なことのように思えるかも知れないが、
些細なことのように思えるかも知れないが、
共学に馴染めず学園を辞めていった子も過去には沢山いる
共学に馴染めず学園を辞めていった子も過去には沢山いる
希望の着ている制服は、ドリームタウンの女子学園のものだ。
希望の着ている制服は、ドリームタウンの女子学園のものだ。
そう言う点も考慮として必要だろう。
そう言う点も考慮として必要だろう。
希望
希望
そっか、そうだね。どうしていいか分からないかも
そっか、そうだね。どうしていいか分からないかも
秀隆
秀隆
もし女子大がいいなら、この坂谷女子大学がお勧めだ
もし女子大がいいなら、この坂谷女子大学がお勧めだ
秀隆
秀隆
希望の成績でも十分射程圏内だし、
希望の成績でも十分射程圏内だし、
今通っている学園からエスカレートで来る子たちも多い
今通っている学園からエスカレートで来る子たちも多い
秀隆
秀隆
友達はいないって言うかも知れないが、
友達はいないって言うかも知れないが、
顔見知りがいるだけでも心強かったりするもんだ
顔見知りがいるだけでも心強かったりするもんだ
希望
希望
うんうん
うんうん
秀隆
秀隆
もし進学するとしたら、どこがいい？
もし進学するとしたら、どこがいい？
もちろんこの場で決める必要はなく、ざっくばらんで大丈夫だ
もちろんこの場で決める必要はなく、ざっくばらんで大丈夫だ
希望
希望
そうだね、共学って言うのはあまり考えなかったし、
そうだね、共学って言うのはあまり考えなかったし、
ちょっとイメージが湧きづらいから、女子大がいいかも
ちょっとイメージが湧きづらいから、女子大がいいかも
秀隆
秀隆
じゃあ、時間があるときはこれに目を通すように
じゃあ、時間があるときはこれに目を通すように
オレは鞄から白い写真の印刷された封筒を取り出す。
オレは鞄から白い写真の印刷された封筒を取り出す。
希望
希望
これ……
これ……
秀隆
秀隆
学園のパンフレットだ
学園のパンフレットだ
希望
希望
そこまで、用意してたの……？
そこまで、用意してたの……？
秀隆
秀隆
これこそ大したことじゃない。大学には幾らでも置いてある
これこそ大したことじゃない。大学には幾らでも置いてある
希望
希望
そうかも知れないけど……
そうかも知れないけど……
秀隆
秀隆
教師なら、それくらい当たり前のことだ。
教師なら、それくらい当たり前のことだ。
いちいち気にしてたって仕方ないぞ
いちいち気にしてたって仕方ないぞ
希望
希望
だって秀隆く……島津先生は教師じゃないし
だって秀隆く……島津先生は教師じゃないし
秀隆
秀隆
そう言うマジ突っ込みはいらん。今だけは教師だ
そう言うマジ突っ込みはいらん。今だけは教師だ
希望
希望
…………
…………
秀隆
秀隆
何か自分で気になってることとかないのか？
何か自分で気になってることとかないのか？
希望
希望
あ、えっと……あるんだけど、聞いてもいいのかな？
あ、えっと……あるんだけど、聞いてもいいのかな？
秀隆
秀隆
オレは先生だぞ。もちろん質問してくれ
オレは先生だぞ。もちろん質問してくれ
希望
希望
進学とか就職とかの割合って、
進学とか就職とかの割合って、
どうなってるんだろうって。分かるかな？
どうなってるんだろうって。分かるかな？
秀隆
秀隆
もちろんだ
もちろんだ
オレはあらかじめ、あとで見せるつもりだった資料を取り出す。
オレはあらかじめ、あとで見せるつもりだった資料を取り出す。
秀隆
秀隆
これが、ドリームタウンの１０年以内の進学、就職の統計だ
これが、ドリームタウンの１０年以内の進学、就職の統計だ
希望
希望
わ、こんなものまで……
わ、こんなものまで……
秀隆
秀隆
ドリームタウンは７割以上の生徒が、就職を選択してるな。
ドリームタウンは７割以上の生徒が、就職を選択してるな。
残りの３割が大学だったり短大、専門学園へ進学してることになる
残りの３割が大学だったり短大、専門学園へ進学してることになる
希望
希望
就職のほうが圧倒的に多いんだね
就職のほうが圧倒的に多いんだね
秀隆
秀隆
これがホープタウンだと、また結果が違うんだけどな
これがホープタウンだと、また結果が違うんだけどな
秀隆
秀隆
ホープタウンだと、進学も就職も半々くらいだ
ホープタウンだと、進学も就職も半々くらいだ
希望
希望
そうなんだ。どうしてそこまで違うんだろう？
そうなんだ。どうしてそこまで違うんだろう？
秀隆
秀隆
街の法律が全然違うからだろうな。
街の法律が全然違うからだろうな。
ホープタウンは生活の最低保障がされている分、進学しやすい
ホープタウンは生活の最低保障がされている分、進学しやすい
秀隆
秀隆
ドリームタウンは進学するとなると、
ドリームタウンは進学するとなると、
最低限それなりに稼いでいる家庭に限られてくる
最低限それなりに稼いでいる家庭に限られてくる
希望
希望
そっか……そうかも
そっか……そうかも
秀隆
秀隆
もちろん自分の手で金を稼いで進学するって方法もあるが、
もちろん自分の手で金を稼いで進学するって方法もあるが、
とにかく保障のあるホープタウンと比べれば差が出るのは当然だな
とにかく保障のあるホープタウンと比べれば差が出るのは当然だな
秀隆
秀隆
ちなみに就職率は最終学歴が高等学園の方が８５％と高い就職率を誇ってる
ちなみに就職率は最終学歴が高等学園の方が８５％と高い就職率を誇ってる
一方大学を出た場合は８０％だ。
一方大学を出た場合は８０％だ。
希望
希望
大学を出るより、就職率がいいのはどうしてなの？
大学を出るより、就職率がいいのはどうしてなの？
本当に何も知らないんだな。
本当に何も知らないんだな。
２年生の授業なら、当然教えて然るべきだが、
２年生の授業なら、当然教えて然るべきだが、
希望の場合はサボり癖も合わさっているせいなのか。
希望の場合はサボり癖も合わさっているせいなのか。
それにしても、担任は何を教えているんだと怒鳴りたくなる。
それにしても、担任は何を教えているんだと怒鳴りたくなる。
秀隆
秀隆
もちろん正確な答えを知ってるわけじゃないが、
もちろん正確な答えを知ってるわけじゃないが、
オレなりに推理するとしたら、今企業は若い子を必要としてるんだろうな
オレなりに推理するとしたら、今企業は若い子を必要としてるんだろうな
秀隆
秀隆
大学で思考や性格が決まる前に、
大学で思考や性格が決まる前に、
自分たちの元で大きく成長してほしいと思ってるのかも知れない
自分たちの元で大きく成長してほしいと思ってるのかも知れない
希望
希望
じゃあ、進学せず就職したほうがよさそうじゃない？
じゃあ、進学せず就職したほうがよさそうじゃない？
秀隆
秀隆
そうとも限らないぞ
そうとも限らないぞ
秀隆
秀隆
例えば、おまえが第一希望の特務官についてだが
例えば、おまえが第一希望の特務官についてだが
希望
希望
は、はいっ
は、はいっ
秀隆
秀隆
やっぱりドリームタウンも、ホープタウンと同じだった。
やっぱりドリームタウンも、ホープタウンと同じだった。
基本的には高等学園、あるいは大学を卒業後、
基本的には高等学園、あるいは大学を卒業後、
指定の専門学園を卒業することで就職することが出来る
指定の専門学園を卒業することで就職することが出来る
希望
希望
大学にいかなくてもいいんだ
大学にいかなくてもいいんだ
秀隆
秀隆
ああ。基本的に特務官の勉強って言うのは、
ああ。基本的に特務官の勉強って言うのは、
高等学園や大学じゃ教えてもらえないからな。
高等学園や大学じゃ教えてもらえないからな。
どっちが最終学歴にしろ、専門学園で学べば同じってことだ
どっちが最終学歴にしろ、専門学園で学べば同じってことだ
秀隆
秀隆
でも当然、大学卒業者が有利なのは間違いない。
でも当然、大学卒業者が有利なのは間違いない。
それまでの人生経験はもちろん、知識量も上だからな
それまでの人生経験はもちろん、知識量も上だからな
秀隆
秀隆
学園での勉強は無駄だと決め付けがちだが、
学園での勉強は無駄だと決め付けがちだが、
無意識なレベルで知識の蓄えは行われていて、
無意識なレベルで知識の蓄えは行われていて、
それは様々な仕事や日常で引き出しとして使われる
それは様々な仕事や日常で引き出しとして使われる
希望
希望
じゃあ、どちらにせよ大学に進むのが正解？
じゃあ、どちらにせよ大学に進むのが正解？
秀隆
秀隆
とも言い切れないのが、特務官って仕事だ
とも言い切れないのが、特務官って仕事だ
秀隆
秀隆
これはホープタウンとドリームタウンにおける
これはホープタウンとドリームタウンにおける
高等学園卒業生と、大学卒業生の就職率を表したものだ
高等学園卒業生と、大学卒業生の就職率を表したものだ
秀隆
秀隆
大卒の特務官が４５％なのに対し、高卒は５５％だ
大卒の特務官が４５％なのに対し、高卒は５５％だ
希望
希望
それはどうしてなの？
それはどうしてなの？
秀隆
秀隆
勉強ってのは、小さい子供であるほど吸収率がいい。
勉強ってのは、小さい子供であるほど吸収率がいい。
知識を身に付けていくと、どうしても物事を合理的に考える癖がつく
知識を身に付けていくと、どうしても物事を合理的に考える癖がつく
秀隆
秀隆
問題を間違えるとみっともない、恥ずかしいって気持ちから、
問題を間違えるとみっともない、恥ずかしいって気持ちから、
自然と消極的になったり、小さなところで差が生まれ始める
自然と消極的になったり、小さなところで差が生まれ始める
秀隆
秀隆
その結果が、僅かに出てるんだろうな
その結果が、僅かに出てるんだろうな
オレの周りじゃ、まどかや磯部がそうだ。
オレの周りじゃ、まどかや磯部がそうだ。
あの二人は高等学園を卒業後、すぐ専門学園に進んだ。
あの二人は高等学園を卒業後、すぐ専門学園に進んだ。
ちなみに高坂特務官も高等学園卒業後専門学園に入っている。
ちなみに高坂特務官も高等学園卒業後専門学園に入っている。
もちろん大卒組も大勢いる。
もちろん大卒組も大勢いる。
竹内特務官や、池田特務官たちだ。
竹内特務官や、池田特務官たちだ。
秀隆
秀隆
希望の成績や、学園に対する取り組みから考えるなら、
希望の成績や、学園に対する取り組みから考えるなら、
オレは大学に進むより専門学園に進むほうがいいと思う
オレは大学に進むより専門学園に進むほうがいいと思う
秀隆
秀隆
ただし、それには特務官になる決意が必要だ
ただし、それには特務官になる決意が必要だ
秀隆
秀隆
少しでも迷いがあるようなら、当然大学にいくべきだろう
少しでも迷いがあるようなら、当然大学にいくべきだろう
希望
希望
島津先生自身は、どう考えてるの？
島津先生自身は、どう考えてるの？
大学に通うことに対する考え方みたいなもの
大学に通うことに対する考え方みたいなもの
秀隆
秀隆
そうだな。大学に進むことは悪いことじゃない。
そうだな。大学に進むことは悪いことじゃない。
正しく力を身につければ、当然それは財産になる。
正しく力を身につければ、当然それは財産になる。
でも、大学に進むことが偉いことにも繋がらないとオレは思う
でも、大学に進むことが偉いことにも繋がらないとオレは思う
秀隆
秀隆
これはどの仕事に就職しても言えることなんだが、
これはどの仕事に就職しても言えることなんだが、
大学を卒業した人間はすぐ、他人を見下しがちだ。
大学を卒業した人間はすぐ、他人を見下しがちだ。
大学も出ていない癖に、と意味不明な難癖をつける
大学も出ていない癖に、と意味不明な難癖をつける
秀隆
秀隆
でもそんなものは全く関係ない。
でもそんなものは全く関係ない。
大学に進むことと、仕事が出来ることはイコールじゃないんだ
大学に進むことと、仕事が出来ることはイコールじゃないんだ
秀隆
秀隆
だから、大学に行くのなら、
だから、大学に行くのなら、
それが偉いことだと勘違いしないようにしなきゃいけない
それが偉いことだと勘違いしないようにしなきゃいけない
秀隆
秀隆
それを履き違える愚か者になるくらいなら、高卒の方がマシだ
それを履き違える愚か者になるくらいなら、高卒の方がマシだ
秀隆
秀隆
なんて……これは、高卒のオレが僻みを言ってるように聞こえるかもな
なんて……これは、高卒のオレが僻みを言ってるように聞こえるかもな
秀隆
秀隆
あくまでも、オレ個人の考え方だ
あくまでも、オレ個人の考え方だ
希望
希望
私はなんとなく共感できるよ。
私はなんとなく共感できるよ。
やっぱり、学歴を自慢する人ってお父さんの周りにも多いから
やっぱり、学歴を自慢する人ってお父さんの周りにも多いから
希望
希望
相手が自分より下のランクだと分かると、
相手が自分より下のランクだと分かると、
仕事上での立場も忘れて、偉そうにする人とかいるし
仕事上での立場も忘れて、偉そうにする人とかいるし
秀隆
秀隆
よく分かってるな……
よく分かってるな……
希望
希望
小さい頃から、企業の社長さんとかと話すことも多かったから
小さい頃から、企業の社長さんとかと話すことも多かったから
秀隆
秀隆
若いうちから目が肥え過ぎなのも考えものだけど……
若いうちから目が肥え過ぎなのも考えものだけど……
希望
希望
今日はありがとう。私、初めて学園の先生と話しをした気がする
今日はありがとう。私、初めて学園の先生と話しをした気がする
秀隆
秀隆
本日限り、限定の先生だけどな
本日限り、限定の先生だけどな
希望
希望
私にとっては、どの先生よりも本物だったよ
私にとっては、どの先生よりも本物だったよ
秀隆
秀隆
今でも教師を続けてたら、臨時教師から昇格してたかな？
今でも教師を続けてたら、臨時教師から昇格してたかな？
希望
希望
それはどうかなぁ。微妙なところだね
それはどうかなぁ。微妙なところだね
秀隆
秀隆
これでも微妙なのかよ……
これでも微妙なのかよ……
希望
希望
男子校だったら正社員かも？
男子校だったら正社員かも？
秀隆
秀隆
お断りします
お断りします
希望
希望
ってところが、臨時教師のままだった所以じゃないかなぁ
ってところが、臨時教師のままだった所以じゃないかなぁ
秀隆
秀隆
うるせぇ。男は女の子に囲まれていたいんだよ
うるせぇ。男は女の子に囲まれていたいんだよ
希望
希望
欲望丸出し
欲望丸出し
秀隆
秀隆
それで結構コケコッコ
それで結構コケコッコ
秀隆
秀隆
もしまた道に迷ったら、いつでも相談しろ
もしまた道に迷ったら、いつでも相談しろ
希望
希望
そうだね、そのときはお願いしようかな
そうだね、そのときはお願いしようかな
秀隆
秀隆
でもな希望
でもな希望
オレは後ひとつだけ、お節介なことを言うことにした。
オレは後ひとつだけ、お節介なことを言うことにした。
秀隆
秀隆
おまえを大河内代表の娘として、
おまえを大河内代表の娘として、
過度に扱う学園の先生の態度は、オレは間違っていると思う
過度に扱う学園の先生の態度は、オレは間違っていると思う
秀隆
秀隆
でもそれは、けして先生たちのせいだけじゃない。
でもそれは、けして先生たちのせいだけじゃない。
おまえ自身も、消極的に取り組んでいることは無関係じゃないぞ
おまえ自身も、消極的に取り組んでいることは無関係じゃないぞ
希望
希望
あ……
あ……
秀隆
秀隆
そのことだけは忘れないように
そのことだけは忘れないように
希望
希望
うん、そうだね。私はたぶん、自分で決め付けてた部分もあると思う
うん、そうだね。私はたぶん、自分で決め付けてた部分もあると思う
秀隆
秀隆
そうか。それを自覚してるならきっと大丈夫だ
そうか。それを自覚してるならきっと大丈夫だ
秀隆
秀隆
それじゃ、また今度な
それじゃ、また今度な
希望
希望
うん。ありがとうっ
うん。ありがとうっ
…………。
…………。
……。
……。
