秀隆
秀隆
皆に集まって貰ったのは他でもない。
皆に集まって貰ったのは他でもない。
実はここのお店、ラモールの食事を食べてもらいたくてなんだ
実はここのお店、ラモールの食事を食べてもらいたくてなんだ
ぐるりとメンツを見渡し、オレは言った。
ぐるりとメンツを見渡し、オレは言った。
秋
秋
ここに来たことは、何度かあります
ここに来たことは、何度かあります
秀隆
秀隆
そうなのか？
そうなのか？
アクセラ
アクセラ
ここは女の子にも人気のお店です。特に不思議な話ではありません
ここは女の子にも人気のお店です。特に不思議な話ではありません
秋
秋
ただ、一人じゃ入り辛いお店かも知れません
ただ、一人じゃ入り辛いお店かも知れません
アクセラ
アクセラ
そうなのですか？
そうなのですか？
秋
秋
やっぱり、女の子はグループで行動することが多いから
やっぱり、女の子はグループで行動することが多いから
辺りを見渡すと、確かにグループで来店している子たちばかりだ。
辺りを見渡すと、確かにグループで来店している子たちばかりだ。
アクセラ
アクセラ
なるほど。女性はグループで行動する、と
なるほど。女性はグループで行動する、と
希望
希望
あのさ、私まで来て良かったの？
あのさ、私まで来て良かったの？
秀隆
秀隆
もちろん。高坂特務官にくっついて来てて、嬉しいと思ったのは初めてだ
もちろん。高坂特務官にくっついて来てて、嬉しいと思ったのは初めてだ
最初は仕事で凛が来ていればとメールをしたが、
最初は仕事で凛が来ていればとメールをしたが、
生憎と今日はドリームタウンだけの仕事だった。
生憎と今日はドリームタウンだけの仕事だった。
だが、その凛から希望が高坂特務官と一緒に
だが、その凛から希望が高坂特務官と一緒に
ホープタウンへ遊びに来てると教えてもらったのだ。
ホープタウンへ遊びに来てると教えてもらったのだ。
秀隆
秀隆
希望が居てくれたのは、ほんとラッキーだった
希望が居てくれたのは、ほんとラッキーだった
希望
希望
私が？　どうして？
私が？　どうして？
秀隆
秀隆
一人でも多くに食べてもらって、感想を聞きたいからな
一人でも多くに食べてもらって、感想を聞きたいからな
秋
秋
目的はなんですか？　このお店に就職でもするつもりですか
目的はなんですか？　このお店に就職でもするつもりですか
秀隆
秀隆
詳しくは話せないが、仕事で関係してることだ
詳しくは話せないが、仕事で関係してることだ
秀隆
秀隆
ラモールの味がどれほどのモノか、それが知りたい
ラモールの味がどれほどのモノか、それが知りたい
マリアさんを迎え入れる前に、
マリアさんを迎え入れる前に、
徹底的にラモールの味を学んでおく必要がある。
徹底的にラモールの味を学んでおく必要がある。
キズナ
キズナ
ひーくんは食べてみたんですか？
ひーくんは食べてみたんですか？
秀隆
秀隆
ああ、一応少しだけ。実際美味しかったと思うが、
ああ、一応少しだけ。実際美味しかったと思うが、
この店のターゲットは女性に向けた料理だ。はっきりとはわからない
この店のターゲットは女性に向けた料理だ。はっきりとはわからない
秀隆
秀隆
キズナの判断が、
キズナの判断が、
オレの将来を左右すると言っても大げさではない
オレの将来を左右すると言っても大げさではない
アクセラ
アクセラ
それは間違いなく大げさだと思うのですが
それは間違いなく大げさだと思うのですが
秀隆
秀隆
……そうだな
……そうだな
秀隆
秀隆
でも、この味の有無が大きな影響を及ぼすのは間違いない
でも、この味の有無が大きな影響を及ぼすのは間違いない
キズナ
キズナ
なんだか責任重大そうですねっ
なんだか責任重大そうですねっ
秀隆
秀隆
しっかりとした、正直な意見を頼むぞ
しっかりとした、正直な意見を頼むぞ
キズナ
キズナ
私はこのお店初めてなので、純粋に楽しみですっ。
私はこのお店初めてなので、純粋に楽しみですっ。
美味しいものを食べるのが嫌いな人はいませんから
美味しいものを食べるのが嫌いな人はいませんから
秋
秋
それで、何を食べるんですか？
それで、何を食べるんですか？
アクセラ
アクセラ
ここは色々なメニューがあるんですね。パスタも有名とか
ここは色々なメニューがあるんですね。パスタも有名とか
秀隆
秀隆
すぐに分かるさ
すぐに分かるさ
程なくして、テーブルに運ばれてくるのは、
程なくして、テーブルに運ばれてくるのは、
ラモールが売り出そうとしているパン。
ラモールが売り出そうとしているパン。
それも、作りたてではなく少し時間を置いたものだ。
それも、作りたてではなく少し時間を置いたものだ。
秀隆
秀隆
食べたことあるか？
食べたことあるか？
秋
秋
もちろんありますけど、お店で食べるものじゃないですよね？
もちろんありますけど、お店で食べるものじゃないですよね？
秀隆
秀隆
悪いな。今日はパスタでもスープでもなく、パンなんだ
悪いな。今日はパスタでもスープでもなく、パンなんだ
秋
秋
あ、別に嫌なわけじゃないです。これも凄くおいしいし
あ、別に嫌なわけじゃないです。これも凄くおいしいし
希望
希望
そうなんだ。楽しみだな
そうなんだ。楽しみだな
キズナ
キズナ
私も楽しみです
私も楽しみです
それぞれの目の前に、パンがいきわたる。
それぞれの目の前に、パンがいきわたる。
秀隆
秀隆
ドリンクも、このラモール特製のジュースだ
ドリンクも、このラモール特製のジュースだ
これも、展開の仕方によっては売り出す可能性がある。
これも、展開の仕方によっては売り出す可能性がある。
キズナ
キズナ
いただきますっ
いただきますっ
希望
希望
いただきまーす
いただきまーす
それぞれが、パンを手に取った。
それぞれが、パンを手に取った。
そして一斉に口に運んでいく。
そして一斉に口に運んでいく。
キズナ
キズナ
もぐもぐ
もぐもぐ
希望
希望
……ん……
……ん……
アクセラ
アクセラ
なんだか緊張しますね。秀隆様
なんだか緊張しますね。秀隆様
秀隆
秀隆
なんでおまえが緊張するんだよ
なんでおまえが緊張するんだよ
アクセラ
アクセラ
皆さんの感想に、秀隆様の運命が左右されるかと思うと……
皆さんの感想に、秀隆様の運命が左右されるかと思うと……
キズナ
キズナ
これは
これは
秀隆
秀隆
どうだ、キズナ
どうだ、キズナ
キズナ
キズナ
凄く美味しいですっ！
凄く美味しいですっ！
希望
希望
ほんと、何このパン……
ほんと、何このパン……
こんなに甘くて美味しいの、初めて食べたかも
こんなに甘くて美味しいの、初めて食べたかも
秀隆
秀隆
お、おお……
お、おお……
秋
秋
うん。いつ食べても美味しい……
うん。いつ食べても美味しい……
秋も小さくだが、そう言った。
秋も小さくだが、そう言った。
どうやら、満場一致で太鼓判らしい。
どうやら、満場一致で太鼓判らしい。
秀隆
秀隆
ドリームタウンには、こういうパンは売ってないのか？
ドリームタウンには、こういうパンは売ってないのか？
希望
希望
似たような甘めのパンはあるけど、
似たような甘めのパンはあるけど、
こんなに濃厚で美味しいと感じたのは、食べたことないよ
こんなに濃厚で美味しいと感じたのは、食べたことないよ
秀隆
秀隆
そうか……これなら、ドリームタウンでも通用するかもな
そうか……これなら、ドリームタウンでも通用するかもな
希望の言う通りだとすれば、ラモールのパンは
希望の言う通りだとすれば、ラモールのパンは
ホープタウンと似たような感じになる可能性もある。
ホープタウンと似たような感じになる可能性もある。
何とか、澤木社長の夢を叶えてやりたい。
何とか、澤木社長の夢を叶えてやりたい。
希望
希望
あれ、もしかしてこのために私って呼ばれたの？
あれ、もしかしてこのために私って呼ばれたの？
秀隆
秀隆
ああ。ばっちり役に立ってくれたぞ
ああ。ばっちり役に立ってくれたぞ
秀隆
秀隆
何ならこの後、皆で遊びに行けばいい
何ならこの後、皆で遊びに行けばいい
キズナ
キズナ
おー。それがいいと思います。私きぼうちゃんと遊びたいです
おー。それがいいと思います。私きぼうちゃんと遊びたいです
希望
希望
私も時間はあるし、全然大丈夫だよ
私も時間はあるし、全然大丈夫だよ
アクセラ
アクセラ
私もお供して構いませんでしょうか？
私もお供して構いませんでしょうか？
秋
秋
もちろんいいですよね、兄さん
もちろんいいですよね、兄さん
秀隆
秀隆
ああ。好きにしてくれ
ああ。好きにしてくれ
キズナ
キズナ
ひーくんは一緒に行かないですか？
ひーくんは一緒に行かないですか？
秀隆
秀隆
オレは少し用事がある。悪いけどパスだ
オレは少し用事がある。悪いけどパスだ
キズナや希望たちの舌には確かにマッチした。
キズナや希望たちの舌には確かにマッチした。
でも、最後の一押しが欲しい。
でも、最後の一押しが欲しい。
確信を得るために、食べてもらいたい女性が居る。
確信を得るために、食べてもらいたい女性が居る。
その人を納得させられれば、
その人を納得させられれば、
きっとラモールの料理は美味しいと言い切れる。
きっとラモールの料理は美味しいと言い切れる。
希望
希望
それじゃあ秀隆くん、また今度
それじゃあ秀隆くん、また今度
秀隆
秀隆
キズナや希望を頼んだぞアクセラ
キズナや希望を頼んだぞアクセラ
アクセラ
アクセラ
お任せください。秋様もしっかり、頼まれました
お任せください。秋様もしっかり、頼まれました
秀隆
秀隆
一言も秋の名前は出してないけどな
一言も秋の名前は出してないけどな
オレは持ち帰り用に作ってもらったものをもち、倉屋敷ビルへ。
オレは持ち帰り用に作ってもらったものをもち、倉屋敷ビルへ。
秀隆
秀隆
失礼します
失礼します
ユウキ
ユウキ
よー秀隆。どうしたんだよ？
よー秀隆。どうしたんだよ？
秀隆
秀隆
ちょっと倉屋敷社長にお願いがあってさ。居る？
ちょっと倉屋敷社長にお願いがあってさ。居る？
ユウキ
ユウキ
居るに決まってるじゃん。かずはちんが外に出かけるわけないし
居るに決まってるじゃん。かずはちんが外に出かけるわけないし
秀隆
秀隆
そりゃそうだ
そりゃそうだ
和葉
和葉
うるせぇな。殺すぞ
うるせぇな。殺すぞ
秀隆
秀隆
うるさいくらいで殺さないで下さい……
うるさいくらいで殺さないで下さい……
和葉
和葉
あたしに何のようだよ
あたしに何のようだよ
秀隆
秀隆
実は、社長に食べていただきたいものがありまして
実は、社長に食べていただきたいものがありまして
和葉
和葉
は？
は？
秀隆
秀隆
これなんです
これなんです
怪しむ社長の前に、オレはラモールのパンを取り出した。
怪しむ社長の前に、オレはラモールのパンを取り出した。
秀隆
秀隆
どうぞ
どうぞ
和葉
和葉
こんな怪しいもん、誰が食うか
こんな怪しいもん、誰が食うか
秀隆
秀隆
怪しくないですって。これは
怪しくないですって。これは
ユウキ
ユウキ
あれ、それってラモールのパンじゃね？
あれ、それってラモールのパンじゃね？
秀隆
秀隆
よく知ってるな、ユウキ。行った事あるのか？
よく知ってるな、ユウキ。行った事あるのか？
ユウキ
ユウキ
あるある。ほら、あのお店って若い子が沢山出入りしてるじゃん？
あるある。ほら、あのお店って若い子が沢山出入りしてるじゃん？
秀隆
秀隆
そう言う不純な動機か……
そう言う不純な動機か……
ユウキ
ユウキ
ここのパン、女の子に凄く人気なんだよな
ここのパン、女の子に凄く人気なんだよな
秀隆
秀隆
今日も実際、オレの知り合いの女の子たちに食べてもらった
今日も実際、オレの知り合いの女の子たちに食べてもらった
ユウキ
ユウキ
なんで俺を呼んでくれないんだよ！　折角の出会いが！
なんで俺を呼んでくれないんだよ！　折角の出会いが！
秀隆
秀隆
ってことになると思って、呼んでないんだ。
ってことになると思って、呼んでないんだ。
今日の議題は、オレの仕事に関わる大事なことだからな
今日の議題は、オレの仕事に関わる大事なことだからな
ユウキ
ユウキ
……それが、かずはちんが食べることに繋がる？
……それが、かずはちんが食べることに繋がる？
秀隆
秀隆
ああ。女の子が食べて本当に美味しいと思える食べ物なのかどうか
ああ。女の子が食べて本当に美味しいと思える食べ物なのかどうか
秀隆
秀隆
それを見極めたいんだ
それを見極めたいんだ
ユウキ
ユウキ
女の子って……
女の子って……
ユウキが、倉屋敷社長を見る。
ユウキが、倉屋敷社長を見る。
ユウキ
ユウキ
かずはちんは、四捨五入したら３０だぜ？　女の子ってより、
かずはちんは、四捨五入したら３０だぜ？　女の子ってより、
おばさん……
おばさん……
秀隆
秀隆
四捨五入する必要性は全くないと思うぞ……
四捨五入する必要性は全くないと思うぞ……
秀隆
秀隆
と言うことで、倉屋敷社長。ぱくっといっちゃってください
と言うことで、倉屋敷社長。ぱくっといっちゃってください
すっと差し出す。
すっと差し出す。
和葉
和葉
いらん
いらん
べしっと払われ、手に持っていたパンが床に落ちる。
べしっと払われ、手に持っていたパンが床に落ちる。
秀隆
秀隆
ちょ、ちょっと落とさないでくださいよ
ちょ、ちょっと落とさないでくださいよ
慌てて拾いあげる。
慌てて拾いあげる。
もちろん、ラップに包まれてあるので大丈夫だが。
もちろん、ラップに包まれてあるので大丈夫だが。
改めて差し出す。
改めて差し出す。
秀隆
秀隆
食べてみれば、分かりますから
食べてみれば、分かりますから
和葉
和葉
いらないつってんだろ
いらないつってんだろ
ベシッ。
ベシッ。
また、床に落ちる。
また、床に落ちる。
秀隆
秀隆
……お願いします。倉屋敷社長
……お願いします。倉屋敷社長
和葉
和葉
しつこいなおまえも。おい、追い出せユウキ
しつこいなおまえも。おい、追い出せユウキ
ユウキ
ユウキ
食べてあげればいいのに
食べてあげればいいのに
和葉
和葉
あたしの命令に逆らうつもりか？
あたしの命令に逆らうつもりか？
ユウキ
ユウキ
め、滅相もありません
め、滅相もありません
ユウキがオレの腕を掴む。
ユウキがオレの腕を掴む。
ユウキ
ユウキ
悪いな。かずはちんの命令じゃ、どうにもならんわ
悪いな。かずはちんの命令じゃ、どうにもならんわ
秀隆
秀隆
倉屋敷社長
倉屋敷社長
オレは、倉屋敷社長に食べてもらうために―――。
オレは、倉屋敷社長に食べてもらうために―――。
おっぱいを触る
おっぱいを触る
全力を尽くす
全力を尽くす
秀隆
秀隆
もし、このパンが不味かったら……。その責任を取るつもりです
もし、このパンが不味かったら……。その責任を取るつもりです
ユウキ
ユウキ
パンひとつで大げさな
パンひとつで大げさな
秀隆
秀隆
特務官として、このパン１つが大きな鍵を握ってると感じてる
特務官として、このパン１つが大きな鍵を握ってると感じてる
秀隆
秀隆
美味しいか美味しくないかは、非常に大切なことなんだ
美味しいか美味しくないかは、非常に大切なことなんだ
和葉
和葉
おまえがあたしに対し、何をどう取るつもりだ？
おまえがあたしに対し、何をどう取るつもりだ？
秀隆
秀隆
これまでのご迷惑に対して……方法は委ねます
これまでのご迷惑に対して……方法は委ねます
和葉
和葉
委ねる、つまりあたしに何をされても構わない、ってことだな？
委ねる、つまりあたしに何をされても構わない、ってことだな？
秀隆
秀隆
はい。煮るなり焼くなり、ご自由にどうぞ
はい。煮るなり焼くなり、ご自由にどうぞ
和葉
和葉
なら、おまえを人体実験に使ってやる
なら、おまえを人体実験に使ってやる
秀隆
秀隆
人体実験、ですか
人体実験、ですか
和葉
和葉
そうだ。その覚悟があるなら、食ってやる
そうだ。その覚悟があるなら、食ってやる
秀隆
秀隆
……分かりました。約束します
……分かりました。約束します
ユウキ
ユウキ
い、いいのかよ秀隆。そんな約束しちゃって。
い、いいのかよ秀隆。そんな約束しちゃって。
気づいたら脳みそだけにされて、培養液の中で生きることになるかも……
気づいたら脳みそだけにされて、培養液の中で生きることになるかも……
秀隆
秀隆
オレは仕事の１つ１つに全力でぶつかっていく。それだけだ
オレは仕事の１つ１つに全力でぶつかっていく。それだけだ
ユウキ
ユウキ
秀隆……格好いいぜっ
秀隆……格好いいぜっ
和葉
和葉
よし貸せ
よし貸せ
秀隆
秀隆
はいっ
はいっ
オレはパンを差し出す。
オレはパンを差し出す。
倉屋敷社長はそれを受け取るなり、ラップを外してかぶりついた。
倉屋敷社長はそれを受け取るなり、ラップを外してかぶりついた。
和葉
和葉
……もぐもぐ
……もぐもぐ
初めて見る、倉屋敷社長が何かを食べるところ。
初めて見る、倉屋敷社長が何かを食べるところ。
本人は気づいているのかいないのか、
本人は気づいているのかいないのか、
片方の頬を膨らませて食べていた。
片方の頬を膨らませて食べていた。
これを、なんて表現すればいいのだろうか。
これを、なんて表現すればいいのだろうか。
ユウキ
ユウキ
リスみたいだよな、かずはちんの食べ方って
リスみたいだよな、かずはちんの食べ方って
秀隆
秀隆
リス？
リス？
ユウキ
ユウキ
そう言う動物だよ。まぁ、秀隆が知らなくても無理は無いけど
そう言う動物だよ。まぁ、秀隆が知らなくても無理は無いけど
和葉
和葉
もぐもぐ……
もぐもぐ……
秀隆
秀隆
う、うーむ
う、うーむ
小さい口で必死に頬張る姿が、地味に可愛いぞ……。
小さい口で必死に頬張る姿が、地味に可愛いぞ……。
和葉
和葉
……ごくんっ
……ごくんっ
何度もかんだ後、飲み込んだ。
何度もかんだ後、飲み込んだ。
和葉
和葉
……ちっ
……ちっ
そして舌打ち。
そして舌打ち。
秀隆
秀隆
ど、どうですか？
ど、どうですか？
和葉
和葉
悪くないな
悪くないな
そう、短く言った。
そう、短く言った。
秀隆
秀隆
そ、そうですか、美味しいですかっ！
そ、そうですか、美味しいですかっ！
和葉
和葉
あたしは悪くないって言ったんだ。別に美味いとは言ってない
あたしは悪くないって言ったんだ。別に美味いとは言ってない
秀隆
秀隆
いやーよかった。倉屋敷社長に美味しいって言ってもらえるなら大丈夫ですね
いやーよかった。倉屋敷社長に美味しいって言ってもらえるなら大丈夫ですね
和葉
和葉
聞けよ、人の話
聞けよ、人の話
ユウキ
ユウキ
かずはちんのことだから、嘘でも不味いって言うと思ったのに
かずはちんのことだから、嘘でも不味いって言うと思ったのに
ユウキ
ユウキ
そう言う心配はしなかったのかよ、秀隆
そう言う心配はしなかったのかよ、秀隆
秀隆
秀隆
社長は素直な人じゃないですけど、嘘を付く人じゃないですから
社長は素直な人じゃないですけど、嘘を付く人じゃないですから
秀隆
秀隆
ですよね、社長
ですよね、社長
和葉
和葉
おまえにあたしの何が分かるってんだか
おまえにあたしの何が分かるってんだか
秀隆
秀隆
その何かを、分かって欲しいとも思っていない、ってところとか、ですかね？
その何かを、分かって欲しいとも思っていない、ってところとか、ですかね？
和葉
和葉
ふん……
ふん……
秀隆
秀隆
あと２つほど用意してあるので、良かったら夜食にどうぞ。
あと２つほど用意してあるので、良かったら夜食にどうぞ。
時間が経ってから食べても美味しいですよ
時間が経ってから食べても美味しいですよ
オレはテーブルの上に置き、頭を下げた。
オレはテーブルの上に置き、頭を下げた。
秀隆
秀隆
これで、この商品に自信を持って接することができます
これで、この商品に自信を持って接することができます
秀隆
秀隆
じゃ、また後日
じゃ、また後日
和葉
和葉
後日も何も、くんなっ
後日も何も、くんなっ
…………。
…………。
……。
……。
いや、考え直せオレ。
いや、考え直せオレ。
どうしてこの場面でおっぱいを触るなんて判断になるんだ？
どうしてこの場面でおっぱいを触るなんて判断になるんだ？
いいか？　倉屋敷社長のおっぱいを触るなんて無理だ。
いいか？　倉屋敷社長のおっぱいを触るなんて無理だ。
和葉
和葉
おい、何さっきからぼーっとしてる。用がないなら帰れ
おい、何さっきからぼーっとしてる。用がないなら帰れ
オレはただ、ラモールのパンを食べてもらおうと思っただけなんだ。
オレはただ、ラモールのパンを食べてもらおうと思っただけなんだ。
だから、思いとどまろう。
だから、思いとどまろう。
な？
な？
……思いとどまるつもりはないと？
……思いとどまるつもりはないと？
おまえ、もしオレが倉屋敷社長のおっぱいを触ったらどうなると思ってる。
おまえ、もしオレが倉屋敷社長のおっぱいを触ったらどうなると思ってる。
秀隆
秀隆
えいっ！
えいっ！
ぷにゅっ。
ぷにゅっ。
和葉
和葉
あっ……！　ば、バカ、どこ触ってんだっ！？
あっ……！　ば、バカ、どこ触ってんだっ！？
秀隆
秀隆
倉屋敷社長、いえ、和葉社長のおっぱい、柔らかい……
倉屋敷社長、いえ、和葉社長のおっぱい、柔らかい……
和葉
和葉
ふ、ふざけんな、こ、殺すぞっ……んっ！？
ふ、ふざけんな、こ、殺すぞっ……んっ！？
秀隆
秀隆
感じてるじゃないですか
感じてるじゃないですか
和葉
和葉
あ、あたしは感じてなんて……はぁっ、や、やめろっ……！
あ、あたしは感じてなんて……はぁっ、や、やめろっ……！
秀隆
秀隆
なんてことには絶対にならないんだぞ？
なんてことには絶対にならないんだぞ？
妄想を楽しませたし、もういいだろ？
妄想を楽しませたし、もういいだろ？
悪いけど、今回だけは諦めてくれ。
悪いけど、今回だけは諦めてくれ。
これは無限ループです。ごめんなさい。
これは無限ループです。ごめんなさい。
これは無限ループです。ごめんなさい。
これは無限ループです。ごめんなさい。
…………。
…………。
どうしても引くつもりはないと？
どうしても引くつもりはないと？
秀隆
秀隆
ど、どうなっても知らないぞ！
ど、どうなっても知らないぞ！
オレは、おもむろに手を伸ばし、倉屋敷社長の小さな山脈に触れた。
オレは、おもむろに手を伸ばし、倉屋敷社長の小さな山脈に触れた。
てっきり感触もなにも感じないと思ったのに、
てっきり感触もなにも感じないと思ったのに、
ぷにゅっ、と音がしそうな柔らかい感触が指先に伝わった。
ぷにゅっ、と音がしそうな柔らかい感触が指先に伝わった。
和葉
和葉
……どういうつもりだ……？
……どういうつもりだ……？
小さく、低く、暗い声。
小さく、低く、暗い声。
秀隆
秀隆
い、いえ、これはその、オレの意思ではなくて、ですね……
い、いえ、これはその、オレの意思ではなくて、ですね……
オレは手を離そうとしたが、倉屋敷社長に掴まれる。
オレは手を離そうとしたが、倉屋敷社長に掴まれる。
まだ手のひらにはおっぱいの感触が伝わったままだ。
まだ手のひらにはおっぱいの感触が伝わったままだ。
だが、オレは恐怖と共に指先を動かせなかった。
だが、オレは恐怖と共に指先を動かせなかった。
和葉
和葉
生きては帰れないんだ。なあに、遠慮することなく触っていけ
生きては帰れないんだ。なあに、遠慮することなく触っていけ
秀隆
秀隆
や、あ、あのその……
や、あ、あのその……
和葉
和葉
どうした震えてるぞ？　何を恐れてるんだ？
どうした震えてるぞ？　何を恐れてるんだ？
まるで最後の晩餐を振舞うように、
まるで最後の晩餐を振舞うように、
倉屋敷社長はオレにおっぱいの感触を堪能させる。
倉屋敷社長はオレにおっぱいの感触を堪能させる。
秀隆
秀隆
か……神様……
か……神様……
だが、オレはもう、その感触を１％だって楽しいとは思えていない。
だが、オレはもう、その感触を１％だって楽しいとは思えていない。
和葉
和葉
この世には神も仏もいやしない。
この世には神も仏もいやしない。
あるのは死、って事実だけなんだよ
あるのは死、って事実だけなんだよ
秀隆
秀隆
ひ―――！？
ひ―――！？
その日以来、島津秀隆を見かけた者は、誰一人いないという。
その日以来、島津秀隆を見かけた者は、誰一人いないという。
皆さん、覚えておいてください。
皆さん、覚えておいてください。
この人は、殺ると決めたら、本当に殺る人なんです……。
この人は、殺ると決めたら、本当に殺る人なんです……。
