キズナ
キズナ
私では、魅力が足りませんか？
私では、魅力が足りませんか？
秀隆
秀隆
お、おいっ！
お、おいっ！
キズナはスカートをたくしあげ、オレに隠すことなく下着を見せて来た。
キズナはスカートをたくしあげ、オレに隠すことなく下着を見せて来た。
キズナ
キズナ
挑発してみましたっ
挑発してみましたっ
秀隆
秀隆
う……
う……
その挑発、すげぇ効きます……。
その挑発、すげぇ効きます……。
秀隆
秀隆
つかそのための制服だったわけか……
つかそのための制服だったわけか……
キズナ
キズナ
男の子は学園の制服に弱いといいますから
男の子は学園の制服に弱いといいますから
それは確かに……。
それは確かに……。
オレはダメだと思いながらも、キズナの下半身を見てしまう。
オレはダメだと思いながらも、キズナの下半身を見てしまう。
可愛らしい下着。
可愛らしい下着。
その中心の膨らみを。
その中心の膨らみを。
キズナ
キズナ
あと１０秒あげます。その間に答えを出してください
あと１０秒あげます。その間に答えを出してください
キズナ
キズナ
じゅ
じゅ
秀隆
秀隆
エッチなことしたいぞ！
エッチなことしたいぞ！
キズナ
キズナ
うわ、想像以上に早かったです！
うわ、想像以上に早かったです！
秀隆
秀隆
おまえの言う通りだよ。好きになるってことは、エッチしたいってことだ
おまえの言う通りだよ。好きになるってことは、エッチしたいってことだ
秀隆
秀隆
ずっと、触りたいと思ってた……
ずっと、触りたいと思ってた……
キズナ
キズナ
倫理的な問題を考え、思いとどまっていたと
倫理的な問題を考え、思いとどまっていたと
秀隆
秀隆
……一応な
……一応な
オレは、床に座り込んで、その絶景を見上げた。
オレは、床に座り込んで、その絶景を見上げた。
キズナ
キズナ
ちゃんと見えますか？
ちゃんと見えますか？
秀隆
秀隆
見える……
見える……
キズナ
キズナ
あ、私新発見しました
あ、私新発見しました
秀隆
秀隆
なにを？
なにを？
キズナ
キズナ
下半身を見られていると、恥ずかしい、と言うことですっ
下半身を見られていると、恥ずかしい、と言うことですっ
秀隆
秀隆
そんなことに今頃気づくなっ
そんなことに今頃気づくなっ
キズナ
キズナ
あはは。多分好きな人に見せているからだと思います
あはは。多分好きな人に見せているからだと思います
秀隆
秀隆
好きじゃない人に見せても恥ずかしいと思うぞ……
好きじゃない人に見せても恥ずかしいと思うぞ……
キズナ
キズナ
あの、なんかちょっとずつ近づいてきてませんか？
あの、なんかちょっとずつ近づいてきてませんか？
秀隆
秀隆
視力が悪くて、よく見えないんだ
視力が悪くて、よく見えないんだ
キズナ
キズナ
一応お聞きしますが、視力はお幾つですか？
一応お聞きしますが、視力はお幾つですか？
秀隆
秀隆
２．０
２．０
キズナ
キズナ
ばっちり見えてると思いますっ
ばっちり見えてると思いますっ
秀隆
秀隆
……匂いとか、嗅いでも良いか？
……匂いとか、嗅いでも良いか？
キズナ
キズナ
いきなり変態的発言ですね……
いきなり変態的発言ですね……
秀隆
秀隆
なんか、もうラインを超えたら押さえが利かなくなりそうだ
なんか、もうラインを超えたら押さえが利かなくなりそうだ
キズナ
キズナ
匂いは……うーん……
匂いは……うーん……
キズナ
キズナ
一応お風呂に入っているので、大丈夫だと思いますが
一応お風呂に入っているので、大丈夫だと思いますが
秀隆
秀隆
じゃあ嗅ぐからなっ！
じゃあ嗅ぐからなっ！
キズナ
キズナ
満面の笑みで言われてしまいました……
満面の笑みで言われてしまいました……
オレは辛抱たまらなくなり、鼻の先をキズナのパンツ……大切な部分に押し付けた。
オレは辛抱たまらなくなり、鼻の先をキズナのパンツ……大切な部分に押し付けた。
キズナ
キズナ
きゃっ……ひ、ひーくん強引過ぎです……
きゃっ……ひ、ひーくん強引過ぎです……
パンツに鼻を押し当てたまま、オレは思い切り空気を吸い込む。
パンツに鼻を押し当てたまま、オレは思い切り空気を吸い込む。
そして、それを何度も繰り返す。
そして、それを何度も繰り返す。
キズナ
キズナ
うぅ、なるほど。これは想像以上ですね……
うぅ、なるほど。これは想像以上ですね……
秀隆
秀隆
キズナの匂いがする
キズナの匂いがする
キズナ
キズナ
それは褒め言葉、なんでしょうか？
それは褒め言葉、なんでしょうか？
秀隆
秀隆
もちろんだ
もちろんだ
キズナ
キズナ
じゃあ、いいです……
じゃあ、いいです……
オレは嗅いでいるだけでは満足できなくなり、
オレは嗅いでいるだけでは満足できなくなり、
唇でパンツをはむはむするように上下させ始めた。
唇でパンツをはむはむするように上下させ始めた。
キズナ
キズナ
や……匂いだけじゃ、なかったんですか？
や……匂いだけじゃ、なかったんですか？
秀隆
秀隆
エッチなこと、してもいいんだろ？
エッチなこと、してもいいんだろ？
キズナ
キズナ
それは、もちろんそうなのですが……
それは、もちろんそうなのですが……
秀隆
秀隆
エッチなことって言うのは、そう言うことだ
エッチなことって言うのは、そう言うことだ
オレは何度か繰り返しながら、そして舌先を突き出し、
オレは何度か繰り返しながら、そして舌先を突き出し、
キズナの大切なところをべろべろと舐め始めた。
キズナの大切なところをべろべろと舐め始めた。
キズナ
キズナ
ん……や……こ、これは困りました……っ
ん……や……こ、これは困りました……っ
キズナが慌ててオレの頭を持ち動きを抑制しようとするが、
キズナが慌ててオレの頭を持ち動きを抑制しようとするが、
オレはキズナの腰に腕を回し固定し、沢山舐めていく。
オレはキズナの腰に腕を回し固定し、沢山舐めていく。
キズナ
キズナ
んっ、っ……な、なんか声が出てしまいます……ちょっとくすぐったいですし
んっ、っ……な、なんか声が出てしまいます……ちょっとくすぐったいですし
秀隆
秀隆
じゃあ、気持ちよくしてやるからな……
じゃあ、気持ちよくしてやるからな……
オレはキズナの下着に手をかけた。
オレはキズナの下着に手をかけた。
キズナ
キズナ
もしかして、脱がせてしまいますか
もしかして、脱がせてしまいますか
秀隆
秀隆
脱がせてしまいます
脱がせてしまいます
キズナ
キズナ
……どうしてもですか？
……どうしてもですか？
秀隆
秀隆
どうしても脱がせます
どうしても脱がせます
キズナ
キズナ
……はいです……
……はいです……
オレはゆっくりと、可愛いパンツを脱がせていく。
オレはゆっくりと、可愛いパンツを脱がせていく。
若干の熱気が、オレの顔に飛んでくる。
若干の熱気が、オレの顔に飛んでくる。
そして……。
そして……。
オレの目の前には、キズナのあそこが曝け出された。
オレの目の前には、キズナのあそこが曝け出された。
秀隆
秀隆
キズナ……まだ、はえてないんだな……
キズナ……まだ、はえてないんだな……
キズナ
キズナ
あや、それを突っ込まれてしまいましたか……いや、お恥ずかしいです
あや、それを突っ込まれてしまいましたか……いや、お恥ずかしいです
秀隆
秀隆
別に恥ずかしがる必要ないだろ。なんていうか……エロいな……これはこれで
別に恥ずかしがる必要ないだろ。なんていうか……エロいな……これはこれで
つるつるですべすべだ。
つるつるですべすべだ。
隠すものがないから、キズナのマ○コはしっかりと見えてしまっている。
隠すものがないから、キズナのマ○コはしっかりと見えてしまっている。
秀隆
秀隆
女性だよな、ここ見るとさ……
女性だよな、ここ見るとさ……
キズナ
キズナ
見てて、何か思うこと、あるんですか？
見てて、何か思うこと、あるんですか？
秀隆
秀隆
ある。すげえ興奮するし、嬉しい。
ある。すげえ興奮するし、嬉しい。
キズナがオレに見せてくれてるって事実が、どうしようもなく嬉しい
キズナがオレに見せてくれてるって事実が、どうしようもなく嬉しい
キズナ
キズナ
……ひーくんだけですよ
……ひーくんだけですよ
秀隆
秀隆
ああ……
ああ……
オレはむき出しになったマ○コに、顔をうずめる。
オレはむき出しになったマ○コに、顔をうずめる。
そして、舌でキズナの割れ目をゆっくりとなぞっていく。
そして、舌でキズナの割れ目をゆっくりとなぞっていく。
キズナ
キズナ
ひゃ……し、下着の上からと、全然違いますっ……
ひゃ……し、下着の上からと、全然違いますっ……
秀隆
秀隆
そりゃそうだ……
そりゃそうだ……
秀隆
秀隆
じかに、キズナのオマ○コ舐めてるんだから
じかに、キズナのオマ○コ舐めてるんだから
キズナ
キズナ
そう言うこと、ストレートに口にすると恥ずかしいです
そう言うこと、ストレートに口にすると恥ずかしいです
秀隆
秀隆
おまえだって、さっきまで色々言ってただろ
おまえだって、さっきまで色々言ってただろ
キズナ
キズナ
あれはその……そうなんですが……
あれはその……そうなんですが……
秀隆
秀隆
オレ、今キズナのどこ舐めてるか言ってみ？
オレ、今キズナのどこ舐めてるか言ってみ？
キズナ
キズナ
言わせたいですか
言わせたいですか
秀隆
秀隆
言ってくれないと……
言ってくれないと……
オレはキズナのクリ○リスにツンと舌先でノックするように押し当てた。
オレはキズナのクリ○リスにツンと舌先でノックするように押し当てた。
キズナ
キズナ
っ！　はっ……！　や、そ、そこは……
っ！　はっ……！　や、そ、そこは……
秀隆
秀隆
言ってみ？　オレ、今キズナのどこを舐めてる？
言ってみ？　オレ、今キズナのどこを舐めてる？
キズナ
キズナ
わ、私の……オマ○コ、です……
わ、私の……オマ○コ、です……
秀隆
秀隆
よくできました
よくできました
オレは、再度クリ○リスを突き、そして唇に含んだ。
オレは、再度クリ○リスを突き、そして唇に含んだ。
キズナ
キズナ
やああっ！　や、止めるどころかエスカレートしてます！
やああっ！　や、止めるどころかエスカレートしてます！
秀隆
秀隆
正解したら、激しくしようと思ってたんだ
正解したら、激しくしようと思ってたんだ
マ○コに口を押し当てたまま、オレはもごもごと話す。
マ○コに口を押し当てたまま、オレはもごもごと話す。
もう、夢中だった。
もう、夢中だった。
キズナの、幼く未熟な、でも確かに女性のそこを、
キズナの、幼く未熟な、でも確かに女性のそこを、
一心不乱に嗅ぎ、舐め、堪能していく。
一心不乱に嗅ぎ、舐め、堪能していく。
キズナ
キズナ
はあっ、あっ……んっ……ひ、ひーくん……
はあっ、あっ……んっ……ひ、ひーくん……
キズナの両足が、ぷるぷると震えるのが分かる。
キズナの両足が、ぷるぷると震えるのが分かる。
秀隆
秀隆
気持ちいいのか？
気持ちいいのか？
キズナ
キズナ
半分くすぐったくて……半分気持ちいいです……
半分くすぐったくて……半分気持ちいいです……
秀隆
秀隆
そうか……
そうか……
唾液と分泌された愛液の影響で、キズナのあそこが濡れていく。
唾液と分泌された愛液の影響で、キズナのあそこが濡れていく。
秀隆
秀隆
エッチな子だな。キズナは
エッチな子だな。キズナは
キズナ
キズナ
そこは、男の子も女の子も同じです……興味は沢山ありますから
そこは、男の子も女の子も同じです……興味は沢山ありますから
キズナ
キズナ
で、でも、ひーくんはちょっと夢中すぎですっ……んっ……
で、でも、ひーくんはちょっと夢中すぎですっ……んっ……
秀隆
秀隆
男のエロに賭ける情熱は凄まじいからな
男のエロに賭ける情熱は凄まじいからな
キズナ
キズナ
ふあっ、あっ……んっ……ぺろぺろされてます、私っ……
ふあっ、あっ……んっ……ぺろぺろされてます、私っ……
キズナ
キズナ
はぁっ、はぁっ、ひーくんの舌、ぞくぞくしちゃいますっ……
はぁっ、はぁっ、ひーくんの舌、ぞくぞくしちゃいますっ……
スカートの中でオレの頭が動くたび、キズナが身をよじる。
スカートの中でオレの頭が動くたび、キズナが身をよじる。
オレは指先を使って何かをしたくなり、そっと両手をマ○コへと向かわせた。
オレは指先を使って何かをしたくなり、そっと両手をマ○コへと向かわせた。
そして、閉ざされている割れ目を、ぐっと指で押し広げる。
そして、閉ざされている割れ目を、ぐっと指で押し広げる。
秀隆
秀隆
うわ……
うわ……
キズナ
キズナ
っ……な、なんか、全部見られている気がします……
っ……な、なんか、全部見られている気がします……
キズナの開かれたマ○コは、鮮明なピンク色だ。
キズナの開かれたマ○コは、鮮明なピンク色だ。
オレはそこに舌をねじ込むように、自らの舌を細めて突入させた。
オレはそこに舌をねじ込むように、自らの舌を細めて突入させた。
キズナ
キズナ
んくっ……はあっ……あ……ひーくんの舌が……
んくっ……はあっ……あ……ひーくんの舌が……
秀隆
秀隆
キズナのマ○コ、凄く美味しい……
キズナのマ○コ、凄く美味しい……
キズナ
キズナ
そ、そうなんですかっ……？　一応、念入りに洗っておきましたが……
そ、そうなんですかっ……？　一応、念入りに洗っておきましたが……
秀隆
秀隆
じゃあ、オレにこうされることは想像してたんだな
じゃあ、オレにこうされることは想像してたんだな
キズナ
キズナ
無い……とは言い切れません……んっ……
無い……とは言い切れません……んっ……
キズナ
キズナ
はあっ、はぁっ……なんだか、気持ちよさが勝ってきました……
はあっ、はぁっ……なんだか、気持ちよさが勝ってきました……
キズナ
キズナ
もっともっと、ひーくんにしてもらいたいです……
もっともっと、ひーくんにしてもらいたいです……
秀隆
秀隆
……ズボンがきつい……
……ズボンがきつい……
キズナ
キズナ
えっ？
えっ？
秀隆
秀隆
悪い。オレもう、相当来てるみたいだ……
悪い。オレもう、相当来てるみたいだ……
ズボンをぐいぐいと押し上げすぎて、息子が悲鳴を上げている。
ズボンをぐいぐいと押し上げすぎて、息子が悲鳴を上げている。
座っている体勢の問題もあり、オレはチャックをおろした。
座っている体勢の問題もあり、オレはチャックをおろした。
ビン、とトランクスごと押し上げられる股間。
ビン、とトランクスごと押し上げられる股間。
キズナ
キズナ
……大きく、なってるみたいですね……
……大きく、なってるみたいですね……
秀隆
秀隆
オチ○ポのこともちゃんと知ってるんだな
オチ○ポのこともちゃんと知ってるんだな
キズナ
キズナ
一応……知識は身につけてあります
一応……知識は身につけてあります
秀隆
秀隆
キズナのを舐めてたから、こんなになったんだ
キズナのを舐めてたから、こんなになったんだ
オレは既に我慢汁でしみこみ始めているトランクスを指差す。
オレは既に我慢汁でしみこみ始めているトランクスを指差す。
キズナ
キズナ
……見せていただいてもいいですか？　以前は、あまり意識していなかったので
……見せていただいてもいいですか？　以前は、あまり意識していなかったので
秀隆
秀隆
なんだよ以前って……
なんだよ以前って……
キズナ
キズナ
なんでもないです。お願いします
なんでもないです。お願いします
秀隆
秀隆
ああ……
ああ……
オレはチャックの中に手をいれ、トランクスをずらす。
オレはチャックの中に手をいれ、トランクスをずらす。
そして、そこから息子が飛び出してきた。
そして、そこから息子が飛び出してきた。
キズナ
キズナ
……なんか、ぬれてます……
……なんか、ぬれてます……
秀隆
秀隆
男も感じてると濡れるんだ
男も感じてると濡れるんだ
キズナ
キズナ
勉強になりますね……
勉強になりますね……
秀隆
秀隆
なあ、キズナ。オレ、おまえとひとつになりたい
なあ、キズナ。オレ、おまえとひとつになりたい
キズナ
キズナ
セックスが、したいということですね
セックスが、したいということですね
秀隆
秀隆
そうだ。おまえと、セックスがしたい
そうだ。おまえと、セックスがしたい
秀隆
秀隆
おまえのここに、オレのこれを入れたいと思ってる
おまえのここに、オレのこれを入れたいと思ってる
キズナ
キズナ
お預け、って言ったらどうしますか？
お預け、って言ったらどうしますか？
秀隆
秀隆
それは……泣くだろうな
それは……泣くだろうな
キズナ
キズナ
本当に泣きそうですね。お断りしたら
本当に泣きそうですね。お断りしたら
キズナ
キズナ
私は、その覚悟を持って来ましたから。いいですよ、しましょうひーくん
私は、その覚悟を持って来ましたから。いいですよ、しましょうひーくん
キズナは自ら、ベッドへとその身を倒した。
キズナは自ら、ベッドへとその身を倒した。
オレも、そのキズナへと覆いかぶさるようにベッドへ。
オレも、そのキズナへと覆いかぶさるようにベッドへ。
秀隆
秀隆
……そういえば、おっぱいにはまだ手付かずだったっけ……
……そういえば、おっぱいにはまだ手付かずだったっけ……
キズナ
キズナ
ちっぱいです。興味ないと思います
ちっぱいです。興味ないと思います
秀隆
秀隆
それを決めるのはオレだ
それを決めるのはオレだ
ってことで、制服の上からおっぱいに手を触れた。
ってことで、制服の上からおっぱいに手を触れた。
秀隆
秀隆
…………
…………
キズナ
キズナ
がっかり、ですね
がっかり、ですね
秀隆
秀隆
いや……
いや……
もみもみと手を動かす。
もみもみと手を動かす。
確かに小ぶりだが、その感触は、巨乳に触れている時と何ら変わらない。
確かに小ぶりだが、その感触は、巨乳に触れている時と何ら変わらない。
むしろそれ以上か……。
むしろそれ以上か……。
単純に好きになった子なら、大きさなんて関係ないのかも知れない。
単純に好きになった子なら、大きさなんて関係ないのかも知れない。
オレはキズナの許可もなく、制服のボタンに手をかける。
オレはキズナの許可もなく、制服のボタンに手をかける。
秀隆
秀隆
我慢できないから、キズナのおっぱい全部見せてくれ
我慢できないから、キズナのおっぱい全部見せてくれ
キズナ
キズナ
本当に我慢できて無いんですね……
本当に我慢できて無いんですね……
秀隆
秀隆
……感無量であります
……感無量であります
パン、と手を合わせるオレ。
パン、と手を合わせるオレ。
キズナ
キズナ
小さいですよ？
小さいですよ？
秀隆
秀隆
もう、関係ないみたいです
もう、関係ないみたいです
オレはそれぞれのおっぱいに手を伸ばし、それに触れる。
オレはそれぞれのおっぱいに手を伸ばし、それに触れる。
手のひらに収まりきるサイズだが、申し分ない柔らかさや張りだ。
手のひらに収まりきるサイズだが、申し分ない柔らかさや張りだ。
それに、乳首は当然男のオレなんかよりも大きくて、
それに、乳首は当然男のオレなんかよりも大きくて、
それが一人前の女性であることを象徴していた。
それが一人前の女性であることを象徴していた。
秀隆
秀隆
乳首吸うけどいいよな？　ありがとう
乳首吸うけどいいよな？　ありがとう
キズナ
キズナ
ついに自作自演を始めてしまいました……あっ……
ついに自作自演を始めてしまいました……あっ……
オレはキズナのおっぱいを揉みながら、
オレはキズナのおっぱいを揉みながら、
乳首を押し上げそこにしゃぶりついた。
乳首を押し上げそこにしゃぶりついた。
キズナ
キズナ
んっ……ひ、ひーくんのお口が、私のおっぱいに……
んっ……ひ、ひーくんのお口が、私のおっぱいに……
キズナ
キズナ
そ、そんなに音を立てながら吸っちゃ駄目です……
そ、そんなに音を立てながら吸っちゃ駄目です……
キズナ
キズナ
母乳とか、出たりしませんよ……んっ、あっ……ぁっ……
母乳とか、出たりしませんよ……んっ、あっ……ぁっ……
秀隆
秀隆
キズナのおっぱい美味しい……
キズナのおっぱい美味しい……
キズナ
キズナ
つい今朝方まで、自制していた人とは思えない変わりようです
つい今朝方まで、自制していた人とは思えない変わりようです
秀隆
秀隆
人生そう言うもんだ
人生そう言うもんだ
キズナ
キズナ
堂々と言い切られてしまいました
堂々と言い切られてしまいました
オレは、おっぱい全部を口の中に含む勢いで、
オレは、おっぱい全部を口の中に含む勢いで、
大きく口を開け、乳輪全部を吸い上げる。
大きく口を開け、乳輪全部を吸い上げる。
そして、痛くないよう甘く乳首を噛む。
そして、痛くないよう甘く乳首を噛む。
キズナ
キズナ
っ、あ……ひ、ひーくん……おっぱい、虐めちゃ駄目です……
っ、あ……ひ、ひーくん……おっぱい、虐めちゃ駄目です……
キズナ
キズナ
はあっ、あ……はぁっ……ひ、ひーくん……
はあっ、あ……はぁっ……ひ、ひーくん……
キズナ
キズナ
おっぱい吸われて、気持ちいいです……
おっぱい吸われて、気持ちいいです……
キズナ
キズナ
私のおっぱいでも、満足してくれてるみたいで、良かったです……
私のおっぱいでも、満足してくれてるみたいで、良かったです……
秀隆
秀隆
最高だ。キズナのおっぱい。もう巨乳とかどうでもいいぞ
最高だ。キズナのおっぱい。もう巨乳とかどうでもいいぞ
キズナ
キズナ
はぁっ、ん……や、あ、っ、はぁっ……んっ……
はぁっ、ん……や、あ、っ、はぁっ……んっ……
オレはキズナのおっぱいをしゃぶりつくしながら、
オレはキズナのおっぱいをしゃぶりつくしながら、
股間から飛び出した息子を、キズナのあそこにこすり付ける。
股間から飛び出した息子を、キズナのあそこにこすり付ける。
今からここに、入れたいんだという自己アピールをするように、
今からここに、入れたいんだという自己アピールをするように、
ねちねちとカウパーをこすり付けていく。
ねちねちとカウパーをこすり付けていく。
キズナ
キズナ
あぁっ……ん……い、入れたいんですか……？
あぁっ……ん……い、入れたいんですか……？
秀隆
秀隆
凄く、入れたい……おっぱいにしゃぶりつきながら、
凄く、入れたい……おっぱいにしゃぶりつきながら、
キズナのオマ○コに、オレのチ○コを突き入れたい
キズナのオマ○コに、オレのチ○コを突き入れたい
キズナ
キズナ
……本能に忠実ですね……
……本能に忠実ですね……
キズナ
キズナ
入れてもいいですけど、条件が２つあります
入れてもいいですけど、条件が２つあります
秀隆
秀隆
……なんだ？
……なんだ？
キズナ
キズナ
ひとつは、キスしてください
ひとつは、キスしてください
秀隆
秀隆
……おう
……おう
オレは顔をあげ、キズナの顔を見つめた。
オレは顔をあげ、キズナの顔を見つめた。
キズナ
キズナ
んっ……
んっ……
キズナ
キズナ
……ありがとです
……ありがとです
秀隆
秀隆
オレもしたかった。ちょっと、おっぱいに夢中だったけど
オレもしたかった。ちょっと、おっぱいに夢中だったけど
今も手は休まず動かしている。
今も手は休まず動かしている。
秀隆
秀隆
それで、もうひとつは？
それで、もうひとつは？
キズナ
キズナ
好き……って言ってください
好き……って言ってください
秀隆
秀隆
……そうだな……
……そうだな……
秀隆
秀隆
もちろん、オレはキズナが好きだ
もちろん、オレはキズナが好きだ
秀隆
秀隆
でも、今は別の言葉を贈りたいと思ってる
でも、今は別の言葉を贈りたいと思ってる
キズナ
キズナ
別の言葉ですか……？
別の言葉ですか……？
秀隆
秀隆
愛してる
愛してる
キズナ
キズナ
っ……
っ……
キズナ
キズナ
な、なるほど……それは、中々ですね……くらっときました
な、なるほど……それは、中々ですね……くらっときました
秀隆
秀隆
おまえをオレのものにしたい。いいか？
おまえをオレのものにしたい。いいか？
キズナ
キズナ
はい……私もひーくんを好き、愛していますよ
はい……私もひーくんを好き、愛していますよ
秀隆
秀隆
…………
…………
オレは、自分のナニを握り、キズナの入り口を探し当てる。
オレは、自分のナニを握り、キズナの入り口を探し当てる。
キズナ
キズナ
あ……
あ……
秀隆
秀隆
ん？　心の準備ができて無いか？
ん？　心の準備ができて無いか？
キズナ
キズナ
いえ、そうではなく。ひとつだけお伝えしておかないといけません
いえ、そうではなく。ひとつだけお伝えしておかないといけません
秀隆
秀隆
なんだ？
なんだ？
キズナ
キズナ
私は過去の記憶が無いので……
私は過去の記憶が無いので……
もしかしたら初めてではないかも知れません
もしかしたら初めてではないかも知れません
キズナ
キズナ
そのことだけは、理解してほしいです
そのことだけは、理解してほしいです
秀隆
秀隆
……そうか
……そうか
キズナが初めてであるかどうか、その保証は無い。
キズナが初めてであるかどうか、その保証は無い。
秀隆
秀隆
でも、今の気持ちはオレだけなんだろ？
でも、今の気持ちはオレだけなんだろ？
キズナ
キズナ
もちろんです。ひーくんしか考えられません
もちろんです。ひーくんしか考えられません
秀隆
秀隆
だったら何も問題ない
だったら何も問題ない
秀隆
秀隆
おまえだって、オレの過去で気にしたりはしないだろ？
おまえだって、オレの過去で気にしたりはしないだろ？
キズナ
キズナ
はい。今、ひーくんが私を好きで居てくれるなら
はい。今、ひーくんが私を好きで居てくれるなら
秀隆
秀隆
そう言うことだ
そう言うことだ
オレは、キズナのマ○コの入り口を見つけ、そこに竿を固定させた。
オレは、キズナのマ○コの入り口を見つけ、そこに竿を固定させた。
秀隆
秀隆
入れるぞ……
入れるぞ……
キズナ
キズナ
はい……
はい……
そして、ゆっくりと沈めていく。
そして、ゆっくりと沈めていく。
キズナ
キズナ
ん……
ん……
キズナは、それほど痛そうな表情を見せない。
キズナは、それほど痛そうな表情を見せない。
秀隆
秀隆
痛くないか？
痛くないか？
キズナ
キズナ
痛いか痛くないかで言えば、痛いですが……
痛いか痛くないかで言えば、痛いですが……
キズナ
キズナ
ある程度痛いことは平気みたいなので、心配はいりません
ある程度痛いことは平気みたいなので、心配はいりません
秀隆
秀隆
そっか……でも、無理はするなよ。
そっか……でも、無理はするなよ。
きついと思ったらちゃんと自己申告するように
きついと思ったらちゃんと自己申告するように
キズナ
キズナ
わかりました
わかりました
腰を沈めていく。
腰を沈めていく。
その入り口は、非常に狭い。
その入り口は、非常に狭い。
キズナの身体が未熟だから、と言うことも、その大きな要因のひとつだろう。
キズナの身体が未熟だから、と言うことも、その大きな要因のひとつだろう。
秀隆
秀隆
本当に平気か？
本当に平気か？
オレの竿が入らないと思うくらい狭い場所だったため、
オレの竿が入らないと思うくらい狭い場所だったため、
オレは不安になりキズナの顔を見つめた。
オレは不安になりキズナの顔を見つめた。
キズナ
キズナ
はい。平気ですよ、どうぞ
はい。平気ですよ、どうぞ
でも、キズナは若干苦しそうにするだけで、微笑を絶やさない。
でも、キズナは若干苦しそうにするだけで、微笑を絶やさない。
秀隆
秀隆
強いんだな、おまえは……
強いんだな、おまえは……
キズナ
キズナ
きっとヤリマンだったからだと思います
きっとヤリマンだったからだと思います
秀隆
秀隆
……たく
……たく
その辺のこともいつも通りだ。
その辺のこともいつも通りだ。
キズナ
キズナ
はあっ……っ……ふーっ……入りました、か？
はあっ……っ……ふーっ……入りました、か？
秀隆
秀隆
ああ、しっかり奥まで入ったよ
ああ、しっかり奥まで入ったよ
キズナ
キズナ
良かったです。ひーくん以上のサイズだったら無理でしたね
良かったです。ひーくん以上のサイズだったら無理でしたね
秀隆
秀隆
それは褒め言葉か？　それとも……
それは褒め言葉か？　それとも……
キズナ
キズナ
もちろん褒め言葉です。ひーくんに捧げるための私のここですから
もちろん褒め言葉です。ひーくんに捧げるための私のここですから
上手く言われてしまい、テレる。
上手く言われてしまい、テレる。
秀隆
秀隆
えっと、じゃあ動いてもいいんだろうか……
えっと、じゃあ動いてもいいんだろうか……
キズナ
キズナ
はい。どうぞ？
はい。どうぞ？
オレはキズナの承諾を得て、ゆっくりと腰を引いた。
オレはキズナの承諾を得て、ゆっくりと腰を引いた。
そして……。
そして……。
秀隆
秀隆
あ……
あ……
キズナ
キズナ
どうしましたか？
どうしましたか？
秀隆
秀隆
いや、血が……
いや、血が……
キズナ
キズナ
おおっ……おめでとうございますひーくん。私は処女だったようです
おおっ……おめでとうございますひーくん。私は処女だったようです
秀隆
秀隆
だな……
だな……
気にして無いつもりだったが、
気にして無いつもりだったが、
オレはそれを見て、嬉しいと思ってしまった。
オレはそれを見て、嬉しいと思ってしまった。
秀隆
秀隆
おまえの初めての男になれたみたいだ
おまえの初めての男になれたみたいだ
キズナ
キズナ
よかったですね
よかったですね
秀隆
秀隆
おまえは、嬉しいと思うか？　オレが初めてで
おまえは、嬉しいと思うか？　オレが初めてで
キズナ
キズナ
もちろんですよ
もちろんですよ
秀隆
秀隆
そか……って、じゃあ凄く痛いだろ……
そか……って、じゃあ凄く痛いだろ……
キズナ
キズナ
先ほども言いましたが、痛いです。でも、耐えられない痛みじゃありません
先ほども言いましたが、痛いです。でも、耐えられない痛みじゃありません
秀隆
秀隆
その割には、表情に出て無いな……
その割には、表情に出て無いな……
キズナ
キズナ
どうしてでしょうね。私にもよくわかりません
どうしてでしょうね。私にもよくわかりません
キズナ
キズナ
すごく痛いと思っているのに、表情に出したくないんです
すごく痛いと思っているのに、表情に出したくないんです
秀隆
秀隆
出したくない？
出したくない？
キズナ
キズナ
痛がっている姿を見せる、と言うことは、
痛がっている姿を見せる、と言うことは、
それは自らの弱点を露呈していることになる……
それは自らの弱点を露呈していることになる……
キズナ
キズナ
そんなことが、頭を過ぎるんです
そんなことが、頭を過ぎるんです
秀隆
秀隆
……もしかしたら、恭一さんに何か教わったのかもな
……もしかしたら、恭一さんに何か教わったのかもな
秀隆
秀隆
あの人も、そう言うタイプな気がする
あの人も、そう言うタイプな気がする
キズナ
キズナ
そうですか……ところどころ共通点がありますね
そうですか……ところどころ共通点がありますね
秀隆
秀隆
ああ……
ああ……
オレは、ゆっくりと腰を戻していく。
オレは、ゆっくりと腰を戻していく。
いくら表情に表れないと言っても、痛みは恐らく相当なもののはず。
いくら表情に表れないと言っても、痛みは恐らく相当なもののはず。
なら、優しく壊れ物のように扱わなければならない。
なら、優しく壊れ物のように扱わなければならない。
キズナ
キズナ
優しいんですね、ひーくん
優しいんですね、ひーくん
秀隆
秀隆
……締め付けは、強すぎるくらいだ。
……締め付けは、強すぎるくらいだ。
腰なんて動かさなくても、正直いつ暴発するかわからない
腰なんて動かさなくても、正直いつ暴発するかわからない
キズナ
キズナ
でも、ジッとしていても事態は好転しないと思います
でも、ジッとしていても事態は好転しないと思います
キズナ
キズナ
私はひーくんの思うように動いてもらいたいです
私はひーくんの思うように動いてもらいたいです
秀隆
秀隆
でも……
でも……
キズナ
キズナ
お願いします
お願いします
秀隆
秀隆
……わかった
……わかった
秀隆
秀隆
だけど……
だけど……
オレはキズナの顔に近づき、キスをした。
オレはキズナの顔に近づき、キスをした。
そして、キズナの口の中でねっとりと暴れまわる。
そして、キズナの口の中でねっとりと暴れまわる。
キズナ
キズナ
んっ……ちゅっ。にゅるっ、んっ……れるっ……
んっ……ちゅっ。にゅるっ、んっ……れるっ……
少しでも痛みを和らげてやりたいと思う、
少しでも痛みを和らげてやりたいと思う、
オレにできる数少ないことのひとつだ。
オレにできる数少ないことのひとつだ。
オレの舌を拒絶することなく受け入れ、キズナも絡めてくる。
オレの舌を拒絶することなく受け入れ、キズナも絡めてくる。
お互いに不慣れなキスだったが、それで十分だった。
お互いに不慣れなキスだったが、それで十分だった。
オレは腰をゆっくりと前後させはじめ、狭い膣内を動く。
オレは腰をゆっくりと前後させはじめ、狭い膣内を動く。
出血は痛々しいが、キズナはしっかりと受け入れてくれているようだった。
出血は痛々しいが、キズナはしっかりと受け入れてくれているようだった。
キズナ
キズナ
ん……ん……んっ……ふぅっ、ん、ちゅっ……
ん……ん……んっ……ふぅっ、ん、ちゅっ……
ディープキスを続けながら、下半身でキズナを攻め立てる。
ディープキスを続けながら、下半身でキズナを攻め立てる。
ちょっと激しく、だけど精一杯労わりながら。
ちょっと激しく、だけど精一杯労わりながら。
キズナ
キズナ
はぁっ、んっ……んぅっ……え、エッチって、すごいれす……んちゅっ
はぁっ、んっ……んぅっ……え、エッチって、すごいれす……んちゅっ
キズナ
キズナ
ひーくんのしらと、おち○ちんが、わたしを……んぅっ
ひーくんのしらと、おち○ちんが、わたしを……んぅっ
秀隆
秀隆
キズナ……キズナっ……
キズナ……キズナっ……
腰を振りながら、オレはキズナの名前を呼んだ。
腰を振りながら、オレはキズナの名前を呼んだ。
おっぱいを愛しながら、キズナを言葉でも愛す。
おっぱいを愛しながら、キズナを言葉でも愛す。
キズナ
キズナ
はぁっ、あっ、あっ……ひーくん、ひーくんっ……
はぁっ、あっ、あっ……ひーくん、ひーくんっ……
オレの問いかけに答えるように、キズナもオレを呼ぶ。
オレの問いかけに答えるように、キズナもオレを呼ぶ。
けして快楽に包まれただけの声じゃなかったが、
けして快楽に包まれただけの声じゃなかったが、
それでもキズナは苦しい表情ひとつオレに見せなかった。
それでもキズナは苦しい表情ひとつオレに見せなかった。
キズナ
キズナ
あっ、あっ、んっ……はぁっ、ひーくんのオチ○チンを、
あっ、あっ、んっ……はぁっ、ひーくんのオチ○チンを、
とても、深く、熱く、強く感じます……
とても、深く、熱く、強く感じます……
キズナ
キズナ
気持ちいいですか……はあっ、私、ちゃんとできてますか？
気持ちいいですか……はあっ、私、ちゃんとできてますか？
秀隆
秀隆
ああ。キズナは、ちゃんとしてる……凄く気持ちいい
ああ。キズナは、ちゃんとしてる……凄く気持ちいい
秀隆
秀隆
多分、オレ、もう保たない……
多分、オレ、もう保たない……
キズナ
キズナ
んっ、あっ。あぁっ、んっ……かまいませんよ……
んっ、あっ。あぁっ、んっ……かまいませんよ……
キズナ
キズナ
ひーくん、我慢しないで下さいね……
ひーくん、我慢しないで下さいね……
秀隆
秀隆
お、オレ……キズナ……
お、オレ……キズナ……
キズナ
キズナ
い、いきそうなんですか……？　どうぞ、いってください……
い、いきそうなんですか……？　どうぞ、いってください……
秀隆
秀隆
あ、ああ……悪い。そろそろっ……
あ、ああ……悪い。そろそろっ……
キズナ
キズナ
あの……どちらでも、好きにしていただいて大丈夫ですが、
あの……どちらでも、好きにしていただいて大丈夫ですが、
私の中で出されても、何の問題もありませんので……
私の中で出されても、何の問題もありませんので……
秀隆
秀隆
い、いや。中で出すと妊娠するかも知れないぞ……
い、いや。中で出すと妊娠するかも知れないぞ……
キズナ
キズナ
その心配はまだ、要らないと思います。
その心配はまだ、要らないと思います。
かずちーに、んっ……ちゃんと聞いていますから……
かずちーに、んっ……ちゃんと聞いていますから……
秀隆
秀隆
聞いてる？
聞いてる？
キズナ
キズナ
私はまだ、迎えていないそうなので……妊娠はしないと
私はまだ、迎えていないそうなので……妊娠はしないと
秀隆
秀隆
そ、そうか……
そ、そうか……
ナニを、とは聞くまでもないだろう。
ナニを、とは聞くまでもないだろう。
キズナ
キズナ
男の子は、中で出したいって聞きます……
男の子は、中で出したいって聞きます……
キズナ
キズナ
だから、私の中で、いっぱい出してください……
だから、私の中で、いっぱい出してください……
私も、中で出されるってどういうものなのか、
私も、中で出されるってどういうものなのか、
興味ありますから……
興味ありますから……
秀隆
秀隆
わ……わかった
わ……わかった
キズナは不用意な嘘は絶対につかない。
キズナは不用意な嘘は絶対につかない。
なら、オレは遠慮する必要もないってことだ。
なら、オレは遠慮する必要もないってことだ。
最後のスパートをかけ、思い切り腰を振った。
最後のスパートをかけ、思い切り腰を振った。
秀隆
秀隆
中で、出すからなっ……
中で、出すからなっ……
キズナ
キズナ
んっ、んっんっ、んっ、ど、どうぞっ、んっ……！
んっ、んっんっ、んっ、ど、どうぞっ、んっ……！
おっぱいをぶるぶる揺らせながら、オレはキズナに突き入れた。
おっぱいをぶるぶる揺らせながら、オレはキズナに突き入れた。
キズナ
キズナ
はぁ、あっ、はああっ、あっ、あっ……んっ！！！
はぁ、あっ、はああっ、あっ、あっ……んっ！！！
そして、オレはキズナの中で、遠慮なく果てた。
そして、オレはキズナの中で、遠慮なく果てた。
ぎりぎりまで押さえ込んでいた分、見ていなくても
ぎりぎりまで押さえ込んでいた分、見ていなくても
どれだけ勢いよく飛び出しているかは安易に想像がついた。
どれだけ勢いよく飛び出しているかは安易に想像がついた。
キズナ
キズナ
あ、こ、これが……っ……な、中で出されるって、ことなんですねっ……
あ、こ、これが……っ……な、中で出されるって、ことなんですねっ……
何かを感じるのか、キズナがそう言った。
何かを感じるのか、キズナがそう言った。
キズナ
キズナ
出されているのが分かります……熱いの、感じてしまいます……
出されているのが分かります……熱いの、感じてしまいます……
秀隆
秀隆
はあっ、はぁっ……
はあっ、はぁっ……
オレは崩れるように、キズナのおっぱいに顔をうずめた。
オレは崩れるように、キズナのおっぱいに顔をうずめた。
秀隆
秀隆
キズナ……ありがとうな……
キズナ……ありがとうな……
キズナ
キズナ
それは私もです。ありがとうです、ひーくん
それは私もです。ありがとうです、ひーくん
