朝が来た。
朝が来た。
秋が熱を出してから、５日目。
秋が熱を出してから、５日目。
幾らなんでも、そろそろ熱が引いていて欲しい。
幾らなんでも、そろそろ熱が引いていて欲しい。
そう思いながらオレはリビングへ。
そう思いながらオレはリビングへ。
秀隆
秀隆
アクセラ、秋の様子は？
アクセラ、秋の様子は？
アクセラ
アクセラ
……それが、芳しくありません……まだ、変わらず高熱を維持しています
……それが、芳しくありません……まだ、変わらず高熱を維持しています
秀隆
秀隆
そうか……
そうか……
もしかしたら、とは思っていたが、本当に長引いている。
もしかしたら、とは思っていたが、本当に長引いている。
秀隆
秀隆
無かったよな？　今までこんなこと
無かったよな？　今までこんなこと
アクセラ
アクセラ
少なくとも私が知る５年間には、一度もありませんでした
少なくとも私が知る５年間には、一度もありませんでした
アクセラ
アクセラ
どんなに長くても２日で熱は下がっていたと記憶しています
どんなに長くても２日で熱は下がっていたと記憶しています
秀隆
秀隆
そうだよな。オレもそう認識してる
そうだよな。オレもそう認識してる
３日目には、殆ど平熱になっていたはずだ。
３日目には、殆ど平熱になっていたはずだ。
秋
秋
……兄さん……
……兄さん……
秀隆
秀隆
悪い、起こしたか？
悪い、起こしたか？
秋
秋
いえ……いいんです。兄さんの顔、見れたから……
いえ……いいんです。兄さんの顔、見れたから……
秀隆
秀隆
汗ひどいぞ……アクセラに声かけとくから
汗ひどいぞ……アクセラに声かけとくから
秋
秋
はい……ごめんなさい
はい……ごめんなさい
秀隆
秀隆
謝ることじゃない
謝ることじゃない
秀隆
秀隆
一日も早く治して、エッチなこといっぱいするぞ
一日も早く治して、エッチなこといっぱいするぞ
秋
秋
そうですね……いっぱいいっぱい、したいです
そうですね……いっぱいいっぱい、したいです
うとうととしている。
うとうととしている。
このまま寝させてやった方がいいだろう。
このまま寝させてやった方がいいだろう。
オレはそっと髪をなで、静かに部屋を後にした。
オレはそっと髪をなで、静かに部屋を後にした。
秀隆
秀隆
いつも通り、オレが不在の間は頼むぞ
いつも通り、オレが不在の間は頼むぞ
アクセラ
アクセラ
心得ております
心得ております
オレは１秒でもスムーズに仕事を終わらせ、帰宅するべく働く。
オレは１秒でもスムーズに仕事を終わらせ、帰宅するべく働く。
余計な雑談も極力避ける。
余計な雑談も極力避ける。
秋が元気になるまでは、残業もしないようにしたい。
秋が元気になるまでは、残業もしないようにしたい。
唐沢
唐沢
島津くん、いるかな？
島津くん、いるかな？
秀隆
秀隆
唐沢さん。お疲れ様です、わざわざオフィスに御用ですか？
唐沢さん。お疲れ様です、わざわざオフィスに御用ですか？
唐沢
唐沢
良かったら、今夜少し付き合ってくれないかな？
良かったら、今夜少し付き合ってくれないかな？
秀隆
秀隆
今夜……ですか
今夜……ですか
唐沢
唐沢
何か不都合があったら、後日にしても構わないよ？
何か不都合があったら、後日にしても構わないよ？
唐沢
唐沢
一度、島津くんと落ち着いて話がしたいんだ
一度、島津くんと落ち着いて話がしたいんだ
秀隆
秀隆
いえ……分かりました。大丈夫です
いえ……分かりました。大丈夫です
唐沢
唐沢
僕に気を使わなくてもいいんだよ？　用事があれば予定は変更するから
僕に気を使わなくてもいいんだよ？　用事があれば予定は変更するから
秀隆
秀隆
構いません。何時に、どこにお伺いすればよろしいでしょうか？
構いません。何時に、どこにお伺いすればよろしいでしょうか？
唐沢
唐沢
仕事が終わったら、いつものバーで
仕事が終わったら、いつものバーで
秀隆
秀隆
わかりました。時間になったらすぐお伺いします
わかりました。時間になったらすぐお伺いします
唐沢
唐沢
よろしく頼むよ
よろしく頼むよ
オレは、唐沢さんに呼ばれるまま、一人夜の街に繰り出した。
オレは、唐沢さんに呼ばれるまま、一人夜の街に繰り出した。
秀隆
秀隆
すみません、お待たせしました
すみません、お待たせしました
唐沢
唐沢
いや……僕もさっきついたところだから。気にしないで欲しい
いや……僕もさっきついたところだから。気にしないで欲しい
唐沢
唐沢
さぁ、座って
さぁ、座って
秀隆
秀隆
失礼します
失礼します
オレは唐沢さんの隣に腰を降ろす。
オレは唐沢さんの隣に腰を降ろす。
唐沢
唐沢
島津くんには悪いと思ったけど、先に一杯頂いてるよ
島津くんには悪いと思ったけど、先に一杯頂いてるよ
秀隆
秀隆
気になさらないで下さい
気になさらないで下さい
秀隆
秀隆
それよりも、改まってどうしたんですか？
それよりも、改まってどうしたんですか？
唐沢
唐沢
うん……僕は、一人の人間として失格な行動を取ってしまった
うん……僕は、一人の人間として失格な行動を取ってしまった
唐沢
唐沢
そのことで、島津くんに謝らなければならない
そのことで、島津くんに謝らなければならない
秀隆
秀隆
それは、例のコールドスリープに関してですね？
それは、例のコールドスリープに関してですね？
唐沢
唐沢
そうだ。僕は君の信頼を裏切り、多くの人たちに聞かせてしまった
そうだ。僕は君の信頼を裏切り、多くの人たちに聞かせてしまった
唐沢
唐沢
その行為自体は、けして許されるものじゃない
その行為自体は、けして許されるものじゃない
秀隆
秀隆
確かに、ＮＤＡを破られたことには、ある種腹も立てました
確かに、ＮＤＡを破られたことには、ある種腹も立てました
秀隆
秀隆
でも、オレは唐沢さんを責めるつもりは毛頭ありません
でも、オレは唐沢さんを責めるつもりは毛頭ありません
秀隆
秀隆
その理由は２つあります。
その理由は２つあります。
１つは、秋との関係が良好になったこと
１つは、秋との関係が良好になったこと
秀隆
秀隆
唐沢さんが話してくれたことがきっかけで、
唐沢さんが話してくれたことがきっかけで、
オレは秋と仲直りすることができました。それも、昔以上に
オレは秋と仲直りすることができました。それも、昔以上に
唐沢
唐沢
そ、そうか……そうか……
そ、そうか……そうか……
何かひとつ、重たいものが取れたかのように、
何かひとつ、重たいものが取れたかのように、
唐沢さんはほっと一息をついた。
唐沢さんはほっと一息をついた。
秀隆
秀隆
それともう一つ。オレも長い間唐沢さんに嘘をついていました
それともう一つ。オレも長い間唐沢さんに嘘をついていました
唐沢
唐沢
……うそ？
……うそ？
秀隆
秀隆
オレは唐沢さんのような親しい人たちに対して、
オレは唐沢さんのような親しい人たちに対して、
秋を嫌っている、と言う風に見せてきましたから
秋を嫌っている、と言う風に見せてきましたから
オレは、これまでのことを話す。
オレは、これまでのことを話す。
自らへの自己暗示を行い、秋を嫌っているように見せてきたこと。
自らへの自己暗示を行い、秋を嫌っているように見せてきたこと。
その事実を。
その事実を。
唐沢
唐沢
君は、精神病を利用して……そこまで周到に計画を立てていたのか
君は、精神病を利用して……そこまで周到に計画を立てていたのか
秀隆
秀隆
そうしなければ、意味がないと思ったからです
そうしなければ、意味がないと思ったからです
秀隆
秀隆
一度命を絶とうとした秋を救う方法は、それしか思いつかなかった
一度命を絶とうとした秋を救う方法は、それしか思いつかなかった
唐沢
唐沢
……不謹慎な話だけど、過去のことだから聞かせて欲しい
……不謹慎な話だけど、過去のことだから聞かせて欲しい
唐沢
唐沢
罪を感じた彼女を、死なせてやろうと思ったことはないのかい？
罪を感じた彼女を、死なせてやろうと思ったことはないのかい？
秀隆
秀隆
一度たりともありません。と言うより、秋は死を本心から望んではいなかった
一度たりともありません。と言うより、秋は死を本心から望んではいなかった
唐沢
唐沢
本心から、望んでいなかった……？
本心から、望んでいなかった……？
秀隆
秀隆
追い詰められ、手首を切った事実は確かにあります。
追い詰められ、手首を切った事実は確かにあります。
ですが、本当に死のうと思っていたら、玄関で切ったりしません
ですが、本当に死のうと思っていたら、玄関で切ったりしません
秀隆
秀隆
それこそ家の中なら、風呂場でやった方が確実でしょうし
それこそ家の中なら、風呂場でやった方が確実でしょうし
秀隆
秀隆
秋は悔いながら、辛い思いをしながらも、
秋は悔いながら、辛い思いをしながらも、
心の底ではきっと、生きたいと思っていたに違いありません
心の底ではきっと、生きたいと思っていたに違いありません
秀隆
秀隆
だからあいつは、玄関で、オレに見つかるように手首を切ったんです
だからあいつは、玄関で、オレに見つかるように手首を切ったんです
秀隆
秀隆
まぁ、発見したときは、命を粗末にした秋が許せなくて、
まぁ、発見したときは、命を粗末にした秋が許せなくて、
冷静に物事を考えることができませんでしたが……
冷静に物事を考えることができませんでしたが……
秀隆
秀隆
ともかく、オレは唐沢さんを恨んではいないってことです
ともかく、オレは唐沢さんを恨んではいないってことです
唐沢
唐沢
君がそういってくれると、僕としても助かるよ……
君がそういってくれると、僕としても助かるよ……
唐沢
唐沢
なあ、島津くん
なあ、島津くん
秀隆
秀隆
はい？
はい？
唐沢
唐沢
君は、本当にマスコミに規制緩和の情報を流さなかった、んだね？
君は、本当にマスコミに規制緩和の情報を流さなかった、んだね？
唐沢
唐沢
……すまない。僕はもう君にこの話題をしないといっておきながら、考えるたびにどうしても、そのことが頭を過ぎってしまうんだ
……すまない。僕はもう君にこの話題をしないといっておきながら、考えるたびにどうしても、そのことが頭を過ぎってしまうんだ
秀隆
秀隆
唐沢さんに認めさせるには、世論を動かすしかない。
唐沢さんに認めさせるには、世論を動かすしかない。
その結論には至りましたし、事実途中までオレはそのつもりでした
その結論には至りましたし、事実途中までオレはそのつもりでした
秀隆
秀隆
でも……最終的には出来なかったんです
でも……最終的には出来なかったんです
秀隆
秀隆
どうしても、唐沢さんを困らせることが……
どうしても、唐沢さんを困らせることが……
秀隆
秀隆
あの情報を流したのは、オレではありません
あの情報を流したのは、オレではありません
唐沢
唐沢
……うん。信じよう、君のことを
……うん。信じよう、君のことを
唐沢
唐沢
今までの僕の非礼を許して欲しい。君には冷たい態度をとったね
今までの僕の非礼を許して欲しい。君には冷たい態度をとったね
秀隆
秀隆
やめてください。頭を下げるようなことじゃないです。
やめてください。頭を下げるようなことじゃないです。
オレを疑うのは仕方ないことだったと思います
オレを疑うのは仕方ないことだったと思います
唐沢
唐沢
島津くん……
島津くん……
秀隆
秀隆
さ、どうぞ
さ、どうぞ
空になったグラスに酒を注ぐ。
空になったグラスに酒を注ぐ。
唐沢
唐沢
ありがとう
ありがとう
唐沢
唐沢
秋ちゃんのことは心配しなくていいから。彼女のことは僕が保証する
秋ちゃんのことは心配しなくていいから。彼女のことは僕が保証する
秀隆
秀隆
ありがとうございます
ありがとうございます
秀隆
秀隆
でも、秋がその選択をするかどうか……
でも、秋がその選択をするかどうか……
唐沢
唐沢
事実を知った今でも、コールドスリープを否定するのかい？
事実を知った今でも、コールドスリープを否定するのかい？
秀隆
秀隆
コールドスリープには、様々なリスクを伴いますから
コールドスリープには、様々なリスクを伴いますから
秀隆
秀隆
あいつが一番恐れているのは、自分だけが取り残される、と言う事実です
あいつが一番恐れているのは、自分だけが取り残される、と言う事実です
秀隆
秀隆
もしも１００年先まで眠り続ければ、
もしも１００年先まで眠り続ければ、
キズナのように一人きりの世界で生きていくことになる
キズナのように一人きりの世界で生きていくことになる
唐沢
唐沢
……そうだね。確かにその通りだ
……そうだね。確かにその通りだ
秀隆
秀隆
でもオレは
でもオレは
秀隆
秀隆
オレはあいつを
オレはあいつを
…………。
…………。
秀隆
秀隆
唐沢さん。オレ、今秋と深い関係にあります
唐沢さん。オレ、今秋と深い関係にあります
唐沢
唐沢
うん？
うん？
オレの言ったことが理解できなかったのか、首を傾げる。
オレの言ったことが理解できなかったのか、首を傾げる。
秀隆
秀隆
秋と、兄妹の垣根を越えて、付き合っている、ってことです
秋と、兄妹の垣根を越えて、付き合っている、ってことです
唐沢
唐沢
…………
…………
秀隆
秀隆
後悔はしていません。今は、互いに両想いです
後悔はしていません。今は、互いに両想いです
唐沢
唐沢
そうか……
そうか……
秀隆
秀隆
あまり驚かれないんですね
あまり驚かれないんですね
唐沢
唐沢
もちろん驚いてはいるよ。でも、不思議と納得もいくんだ
もちろん驚いてはいるよ。でも、不思議と納得もいくんだ
唐沢
唐沢
秋ちゃんが島津くんに好意を寄せていたことは、知っているからね
秋ちゃんが島津くんに好意を寄せていたことは、知っているからね
秀隆
秀隆
そうなんですか？
そうなんですか？
唐沢
唐沢
今の秋ちゃんはともかく、昔はあからさまというか、露骨というか
今の秋ちゃんはともかく、昔はあからさまというか、露骨というか
唐沢
唐沢
島津くん以外には全く興味のない子だったし
島津くん以外には全く興味のない子だったし
秀隆
秀隆
はは……
はは……
唐沢
唐沢
でも、体の方は大丈夫なのかい？
でも、体の方は大丈夫なのかい？
秀隆
秀隆
いえ……それは……
いえ……それは……
唐沢
唐沢
何かあったのかな
何かあったのかな
秀隆
秀隆
今、秋は熱を出して寝込んでいます。
今、秋は熱を出して寝込んでいます。
今まではすぐに引いた熱が、今回は長引いているんです
今まではすぐに引いた熱が、今回は長引いているんです
秀隆
秀隆
もしかしたら、その時が近づいているのかも知れません
もしかしたら、その時が近づいているのかも知れません
唐沢
唐沢
……可能性としては、十分にある話だね
……可能性としては、十分にある話だね
秀隆
秀隆
はい。元々、オレくらいの年齢まで生きられる保証がないと
はい。元々、オレくらいの年齢まで生きられる保証がないと
いわれていましたし
いわれていましたし
秀隆
秀隆
このタイミングで、あいつの限界が来ても何の不思議もありません
このタイミングで、あいつの限界が来ても何の不思議もありません
唐沢
唐沢
僕はすぐにでも動けるよう準備は進めてある
僕はすぐにでも動けるよう準備は進めてある
唐沢
唐沢
何なら、今すぐにでもコールドスリープを始めても……
何なら、今すぐにでもコールドスリープを始めても……
秀隆
秀隆
コールドスリープには、秋の同意が必要です。
コールドスリープには、秋の同意が必要です。
あいつの意思を無視して、勝手に進めるわけにはいきません
あいつの意思を無視して、勝手に進めるわけにはいきません
唐沢
唐沢
だけど、秋ちゃんは認めないんじゃないかな……？
だけど、秋ちゃんは認めないんじゃないかな……？
秀隆
秀隆
そう思います……
そう思います……
秀隆
秀隆
自分の命が消えるとしても、最後まで生きることを選ぶと思います
自分の命が消えるとしても、最後まで生きることを選ぶと思います
唐沢
唐沢
難しい決断を迫られることは避けられない
難しい決断を迫られることは避けられない
唐沢
唐沢
悔いの残らない形を、選べればいいんだけど……
悔いの残らない形を、選べればいいんだけど……
秀隆
秀隆
…………
…………
悔いのない選択肢なんて、選びようがあるのだろうか。
悔いのない選択肢なんて、選びようがあるのだろうか。
…………。
…………。
……。
……。
