秀隆
秀隆
キズナ。実は昨日これを手に入れてきたんだ
キズナ。実は昨日これを手に入れてきたんだ
オレは日曜日の朝、キズナを部屋に呼び出していた。
オレは日曜日の朝、キズナを部屋に呼び出していた。
今日は秋もアクセラも外出していて不在だ。
今日は秋もアクセラも外出していて不在だ。
キズナ
キズナ
なんですか？　これは
なんですか？　これは
袋を受け取り、キズナが不思議そうに首を傾げる。
袋を受け取り、キズナが不思議そうに首を傾げる。
秀隆
秀隆
中を見てくれれば分かる
中を見てくれれば分かる
キズナ
キズナ
わかりました
わかりました
キズナが何だろうと興味津々に袋の中を調べる。
キズナが何だろうと興味津々に袋の中を調べる。
そして……。
そして……。
キズナ
キズナ
これは……見覚えがあります。体操服という奴ですねっ
これは……見覚えがあります。体操服という奴ですねっ
秀隆
秀隆
や、やっぱりか。そう言う名前で合ってるのか
や、やっぱりか。そう言う名前で合ってるのか
キズナ
キズナ
今の時代にもあったんですね。正直驚きました
今の時代にもあったんですね。正直驚きました
秀隆
秀隆
あるスジに聞いたところ、今恋人たちの間ではこれを着てエッチするのが流行ってるらしい
あるスジに聞いたところ、今恋人たちの間ではこれを着てエッチするのが流行ってるらしい
キズナ
キズナ
いつの時代も、変態さんはいっぱいいるんですねぇ……
いつの時代も、変態さんはいっぱいいるんですねぇ……
秀隆
秀隆
ということで、これを着てエッチしようキズナ
ということで、これを着てエッチしようキズナ
キズナ
キズナ
もちろんいいですよっ。ひーくんがそれを望むなら
もちろんいいですよっ。ひーくんがそれを望むなら
秀隆
秀隆
さすがキズナだ……おまえはいい子だな
さすがキズナだ……おまえはいい子だな
ぎゅっと抱きしめる。
ぎゅっと抱きしめる。
キズナ
キズナ
ひーくんに対するラブメーターは、ずっとマックスのままですから
ひーくんに対するラブメーターは、ずっとマックスのままですから
キズナ
キズナ
必要とあれば、ＳＭプレイからスカトロプレイまでオッケーですっ
必要とあれば、ＳＭプレイからスカトロプレイまでオッケーですっ
秀隆
秀隆
ほ、ほう……
ほ、ほう……
キズナ
キズナ
あれ、本気で想像してしまいました？
あれ、本気で想像してしまいました？
秀隆
秀隆
そっちの気は今のところないけど、可能性はあるかも知れないからな……
そっちの気は今のところないけど、可能性はあるかも知れないからな……
キズナ
キズナ
あはは……
あはは……
キズナが、その場で服を脱ぐ。
キズナが、その場で服を脱ぐ。
秀隆
秀隆
ごくり……
ごくり……
キズナ
キズナ
まだ駄目ですよ？　触ったりしたら、着替える前にエッチが始まっちゃいます
まだ駄目ですよ？　触ったりしたら、着替える前にエッチが始まっちゃいます
秀隆
秀隆
確かに……
確かに……
そのまま押し倒してプレイを始めてしまいそうだ。
そのまま押し倒してプレイを始めてしまいそうだ。
オレはあえて感動を増すために、後ろを向く。
オレはあえて感動を増すために、後ろを向く。
秀隆
秀隆
着替え終わったら教えてくれ
着替え終わったら教えてくれ
キズナ
キズナ
わかりましたっ
わかりましたっ
衣類の擦れる音が聞こえ、オレの興奮ボルテージが上がっていく。
衣類の擦れる音が聞こえ、オレの興奮ボルテージが上がっていく。
秀隆
秀隆
しかしＳＭやスカトロか……うーむ……
しかしＳＭやスカトロか……うーむ……
キズナ
キズナ
ひーくんはＳとＭどちらがいいですか？
ひーくんはＳとＭどちらがいいですか？
秀隆
秀隆
オレは、やっぱり……悩むな
オレは、やっぱり……悩むな
ＳもＭもよさそうだ。
ＳもＭもよさそうだ。
キズナ
キズナ
あはは。じゃあ、今度両方試して見ましょう
あはは。じゃあ、今度両方試して見ましょう
秀隆
秀隆
オレがＭの時は、キズナ様、とか言ってムチで打たれるのかな
オレがＭの時は、キズナ様、とか言ってムチで打たれるのかな
キズナ
キズナ
そう言うことになるかも知れませんね
そう言うことになるかも知れませんね
キズナ
キズナ
私の脇を舐めなさいっみたいな？
私の脇を舐めなさいっみたいな？
秀隆
秀隆
喜んで舐めるぞ、うん
喜んで舐めるぞ、うん
キズナ
キズナ
ブルマーとか……今の時代は履きませんよね？
ブルマーとか……今の時代は履きませんよね？
秀隆
秀隆
多分な。体育の時はジャージがデフォだ
多分な。体育の時はジャージがデフォだ
秀隆
秀隆
キズナは昔ははいてたんだろうか
キズナは昔ははいてたんだろうか
キズナ
キズナ
どうでしょうか。知識にはあるので、そうかも知れませんね
どうでしょうか。知識にはあるので、そうかも知れませんね
キズナ
キズナ
…………
…………
秀隆
秀隆
キズナ？
キズナ？
キズナ
キズナ
いいですよ、ひーくん
いいですよ、ひーくん
秀隆
秀隆
お、おおっ
お、おおっ
振り向くと……そこには体操着姿のキズナがいた。
振り向くと……そこには体操着姿のキズナがいた。
秀隆
秀隆
……なんだ、これは……
……なんだ、これは……
ただ衣装がいつもと違うだけに過ぎないのに、エロすぎて仕方ない。
ただ衣装がいつもと違うだけに過ぎないのに、エロすぎて仕方ない。
秀隆
秀隆
てか、太ももととか、露出させすぎだろ……けしからん
てか、太ももととか、露出させすぎだろ……けしからん
キズナ
キズナ
けしからんのはひーくんのオチ○チンです
けしからんのはひーくんのオチ○チンです
秀隆
秀隆
勃起するに決まってるだろ！
勃起するに決まってるだろ！
股間は、既にズボンをぐいぐいと押し上げてしまっている。
股間は、既にズボンをぐいぐいと押し上げてしまっている。
秀隆
秀隆
とりあえず、エッチだエッチ。着衣エッチ
とりあえず、エッチだエッチ。着衣エッチ
キズナ
キズナ
鼻息荒いです
鼻息荒いです
秀隆
秀隆
げへへへ、襲ってやるぞ、キズナぁ
げへへへ、襲ってやるぞ、キズナぁ
キズナ
キズナ
きゃーけだものですー
きゃーけだものですー
キズナは楽しそうに笑いながら、でも逃げずにオレにあっさりと捕まった。
キズナは楽しそうに笑いながら、でも逃げずにオレにあっさりと捕まった。
秀隆
秀隆
お兄さんのオチ○チ○で、気持ちよくしてあげるからね
お兄さんのオチ○チ○で、気持ちよくしてあげるからね
もう、大胆にチャックから竿を取り出す。
もう、大胆にチャックから竿を取り出す。
キズナ
キズナ
戦闘準備、ばっちりみたいですけど……
戦闘準備、ばっちりみたいですけど……
秀隆
秀隆
もちろん、すぐには入れないぞ
もちろん、すぐには入れないぞ
オレは体操服の上から、キズナのからだを触っていく。
オレは体操服の上から、キズナのからだを触っていく。
秀隆
秀隆
あー気持ちいいなぁ、キズナの身体は
あー気持ちいいなぁ、キズナの身体は
キズナ
キズナ
実は最近ちょっとずつおっぱいが大きくなってきたんですよ？
実は最近ちょっとずつおっぱいが大きくなってきたんですよ？
秀隆
秀隆
そうなのか？　言われてみれば、そんな気も……
そうなのか？　言われてみれば、そんな気も……
秀隆
秀隆
するような、しないような……
するような、しないような……
キズナ
キズナ
まだはっきりとは分からないかも知れませんが、
まだはっきりとは分からないかも知れませんが、
確実に私がグラマーな女性に近づいている証拠だと思います
確実に私がグラマーな女性に近づいている証拠だと思います
秀隆
秀隆
じゃあ、今のうちに小さいキズナを堪能しておかないとな
じゃあ、今のうちに小さいキズナを堪能しておかないとな
キズナ
キズナ
そうですね。成長しきったらそれまでですから
そうですね。成長しきったらそれまでですから
秀隆
秀隆
……おっぱいとか、見ちゃうぞ
……おっぱいとか、見ちゃうぞ
体操服を上にあげ、キズナの可愛いおっぱいを取り出す。
体操服を上にあげ、キズナの可愛いおっぱいを取り出す。
キズナ
キズナ
あくまでも半脱ぎなんですね
あくまでも半脱ぎなんですね
秀隆
秀隆
オフコース
オフコース
キズナ
キズナ
やっ……んっ……子供みたいに、吸い付かれちゃいました……
やっ……んっ……子供みたいに、吸い付かれちゃいました……
秀隆
秀隆
キズナの乳首、大好きだからな……
キズナの乳首、大好きだからな……
キズナ
キズナ
えへへ……そういわれちゃうと、テレ嬉しいです
えへへ……そういわれちゃうと、テレ嬉しいです
キズナ
キズナ
あっ……んっ……んっ……ちゅーちゅー、聞こえます……
あっ……んっ……んっ……ちゅーちゅー、聞こえます……
秀隆
秀隆
あーキズナのおっぱい最高……なんでこんなにいいんだろうな……
あーキズナのおっぱい最高……なんでこんなにいいんだろうな……
揉んでも挟んでも、引っ張っても触っても最高だ。
揉んでも挟んでも、引っ張っても触っても最高だ。
舌を這わせて、乳輪をたっぷりと舐めまわす。
舌を這わせて、乳輪をたっぷりと舐めまわす。
キズナ
キズナ
ん……んっ……いつもより、エッチは感じします……
ん……んっ……いつもより、エッチは感じします……
秀隆
秀隆
だな……
だな……
キズナ
キズナ
あっ、んっ……やだ……ブルマーに、手をいれちゃ……
あっ、んっ……やだ……ブルマーに、手をいれちゃ……
ブルマの中に手をいれ、下着の中に手を入れる。
ブルマの中に手をいれ、下着の中に手を入れる。
秀隆
秀隆
パンツ、濡れちゃってるじゃないか……
パンツ、濡れちゃってるじゃないか……
キズナ
キズナ
エッチなコ、ですから
エッチなコ、ですから
秀隆
秀隆
ったく……可愛いやつ
ったく……可愛いやつ
オレは中指を折り曲げ、キズナのマ○コへと指を這わせた。
オレは中指を折り曲げ、キズナのマ○コへと指を這わせた。
そして、穴へと導くと、にゅるりと吸い込まれた。
そして、穴へと導くと、にゅるりと吸い込まれた。
キズナ
キズナ
はぁっ……あ……指が、入ってきました……
はぁっ……あ……指が、入ってきました……
秀隆
秀隆
動かすからな……
動かすからな……
指を動かし、キズナのマ○コの中を出入りさせる。
指を動かし、キズナのマ○コの中を出入りさせる。
キズナはオレに抱きつくような形を取り、身を預けてきた。
キズナはオレに抱きつくような形を取り、身を預けてきた。
キズナ
キズナ
んっ、あっ、あっ、ああっ、んっ……気持ちいいです……
んっ、あっ、あっ、ああっ、んっ……気持ちいいです……
キズナ
キズナ
ひーくんの指、私のオマ○コの中で、ぐにぐに動いてます……
ひーくんの指、私のオマ○コの中で、ぐにぐに動いてます……
秀隆
秀隆
もっと、ペースをあげるからな
もっと、ペースをあげるからな
もっと感じさせようとクリ○リスへと刺激も行っていく。
もっと感じさせようとクリ○リスへと刺激も行っていく。
キズナ
キズナ
や、っ、やっ、あっ、あっ、んっ、あっ、あっ、あっ
や、っ、やっ、あっ、あっ、んっ、あっ、あっ、あっ
小刻みに震わせるたびに、キズナが可愛く鳴く。
小刻みに震わせるたびに、キズナが可愛く鳴く。
キズナ
キズナ
はっ、あっ、あっ、んっ、んっ、んんっ、あああ、あっ、ひやぁっ、あっ
はっ、あっ、あっ、んっ、んっ、んんっ、あああ、あっ、ひやぁっ、あっ
キズナ
キズナ
だ、駄目、うそ、こんな早く、私、や、あっ、あっ！
だ、駄目、うそ、こんな早く、私、や、あっ、あっ！
愛液がどろどろと溢れ出し、キズナが目をうつろにさせる。
愛液がどろどろと溢れ出し、キズナが目をうつろにさせる。
キズナ
キズナ
だ、駄目ですよ、ひ、ひーくん、私、や、あぁっ、あっ！
だ、駄目ですよ、ひ、ひーくん、私、や、あぁっ、あっ！
ぐちゅっと一際愛液が溢れたかと思うと、キズナがその場で潮を吹き始めた。
ぐちゅっと一際愛液が溢れたかと思うと、キズナがその場で潮を吹き始めた。
キズナ
キズナ
ひあっ！　ああっ！　あ、んっ、あっ！　と、とまらないです！
ひあっ！　ああっ！　あ、んっ、あっ！　と、とまらないです！
オレもまた、それをかきだすように刺激を与え続けると、
オレもまた、それをかきだすように刺激を与え続けると、
まるでお漏らしのようにじゃばじゃばと愛液が溢れ、吹き出した。
まるでお漏らしのようにじゃばじゃばと愛液が溢れ、吹き出した。
キズナ
キズナ
ひーっ、ひーっ……うそ、こんな……早く、イっちゃいました……
ひーっ、ひーっ……うそ、こんな……早く、イっちゃいました……
秀隆
秀隆
コスプレ効果って凄いな……
コスプレ効果って凄いな……
オレの手は、ずぶぬれ状態だ。
オレの手は、ずぶぬれ状態だ。
秀隆
秀隆
見えるか？　ほら
見えるか？　ほら
キズナ
キズナ
驚きです……こ、こんな、あうう、あ……まともに喋れません……
驚きです……こ、こんな、あうう、あ……まともに喋れません……
よっぽど気持ちよかったのか、キズナはそう言った。
よっぽど気持ちよかったのか、キズナはそう言った。
秀隆
秀隆
よ、よーし。オレもそろそろ……
よ、よーし。オレもそろそろ……
今絶頂を迎えたばかりで、快楽を継続したままのキズナに、オレはブルマを横にずらして竿を当てた。
今絶頂を迎えたばかりで、快楽を継続したままのキズナに、オレはブルマを横にずらして竿を当てた。
キズナ
キズナ
今ひーくんの、オチ○チンが入ってきたら、どうなるか分かりません……
今ひーくんの、オチ○チンが入ってきたら、どうなるか分かりません……
キズナ
キズナ
私、壊れちゃうかもです……
私、壊れちゃうかもです……
秀隆
秀隆
おまえの壊れたところが見たいから、当然続行だな……
おまえの壊れたところが見たいから、当然続行だな……
キズナ
キズナ
エッチすぎるコでも、愛してくれますか？
エッチすぎるコでも、愛してくれますか？
秀隆
秀隆
ますます愛しちゃうかも
ますます愛しちゃうかも
キズナ
キズナ
じゃあ……えへへ、いいですよ……
じゃあ……えへへ、いいですよ……
秀隆
秀隆
……おう
……おう
キズナの中に、ち○ぽを沈めていく。
キズナの中に、ち○ぽを沈めていく。
キズナ
キズナ
んっ……は、入ってきました。ひーくんが……
んっ……は、入ってきました。ひーくんが……
秀隆
秀隆
ぬるぬるだから、凄く入りやすいぞ……
ぬるぬるだから、凄く入りやすいぞ……
いつも入れるだけでも一苦労だからな。
いつも入れるだけでも一苦労だからな。
キズナ
キズナ
あ……んっ……ひ、ひーくんっ……
あ……んっ……ひ、ひーくんっ……
すっぽりとキズナの中に入ったオレは、すぐに腰を前後させ始めた。
すっぽりとキズナの中に入ったオレは、すぐに腰を前後させ始めた。
キズナ
キズナ
ん……ひ、ひーくん、今日はいつもより、力強い気がします……
ん……ひ、ひーくん、今日はいつもより、力強い気がします……
キズナ
キズナ
心なしか、オチ○チンも、大きく感じます……
心なしか、オチ○チンも、大きく感じます……
秀隆
秀隆
こんな可愛いキズナを見たら、当然いつもより大きくなるだろ……
こんな可愛いキズナを見たら、当然いつもより大きくなるだろ……
キズナ
キズナ
んっ、んっ……オチ○チンが……出入りしちゃってますっ……
んっ、んっ……オチ○チンが……出入りしちゃってますっ……
ぐちゅぐちゅと音を立て、激しく出入りする。
ぐちゅぐちゅと音を立て、激しく出入りする。
オレのカウパーとキズナの愛液が混ざり合い、泡だって出てくる。
オレのカウパーとキズナの愛液が混ざり合い、泡だって出てくる。
秀隆
秀隆
すご……見ろよこれ、エロすぎだろ……
すご……見ろよこれ、エロすぎだろ……
キズナ
キズナ
んっ、んっ……な、なんか白くなっちゃってますっ……
んっ、んっ……な、なんか白くなっちゃってますっ……
秀隆
秀隆
オレとキズナのエッチな液が混ざったからだな……
オレとキズナのエッチな液が混ざったからだな……
キズナ
キズナ
エッチ……エッチですう……
エッチ……エッチですう……
秀隆
秀隆
はぁっ、っ……
はぁっ、っ……
オレは夢中になって、キズナのマ○コを攻め立てる。
オレは夢中になって、キズナのマ○コを攻め立てる。
そしてむき出しのおっぱいにしゃぶりつきながら、キズナのお尻にも手を伸ばす。
そしてむき出しのおっぱいにしゃぶりつきながら、キズナのお尻にも手を伸ばす。
キズナ
キズナ
やぁ、あっ、はぁ、あっ……ひ、ひーくん……んっ……
やぁ、あっ、はぁ、あっ……ひ、ひーくん……んっ……
秀隆
秀隆
イったばっかりだからな、また、すぐ気持ちよくなったんじゃないか？
イったばっかりだからな、また、すぐ気持ちよくなったんじゃないか？
キズナ
キズナ
は、はい。またイっちゃいそうです……ひーくんのオチ○チンでイってしまいそうですっ……
は、はい。またイっちゃいそうです……ひーくんのオチ○チンでイってしまいそうですっ……
秀隆
秀隆
そりゃ、イって貰わないとな……
そりゃ、イって貰わないとな……
キズナをイかせようと思い、必死に腰を振る。
キズナをイかせようと思い、必死に腰を振る。
キズナ
キズナ
はぁっ、やっ、あっ……んっ……ひ、ひーくん……っ
はぁっ、やっ、あっ……んっ……ひ、ひーくん……っ
キズナ
キズナ
んっ、ぁっ、あっ、はぁっ……オマ○コ、気持ちいいですっ……
んっ、ぁっ、あっ、はぁっ……オマ○コ、気持ちいいですっ……
キズナ
キズナ
こんな、エッチ覚えちゃったら、もう、絶対ひーくんなしじゃ生きられないですっ
こんな、エッチ覚えちゃったら、もう、絶対ひーくんなしじゃ生きられないですっ
秀隆
秀隆
オレも、おまえなしなんて、絶対無理だ……
オレも、おまえなしなんて、絶対無理だ……
キズナ
キズナ
もっと、もっと沢山エッチして、気持ちよくなって……んっ……
もっと、もっと沢山エッチして、気持ちよくなって……んっ……
キズナ
キズナ
愛し合って、語り合って、沢山沢山、同じ時間を、共有……はっ、あっ……
愛し合って、語り合って、沢山沢山、同じ時間を、共有……はっ、あっ……
キズナ
キズナ
共有したいですっ……っ、ああっ、ああっ
共有したいですっ……っ、ああっ、ああっ
秀隆
秀隆
オレもだ、キズナ……ずっと、一緒だからなっ……
オレもだ、キズナ……ずっと、一緒だからなっ……
キズナ
キズナ
お、お願いです……も、もうっ、だから……！
お、お願いです……も、もうっ、だから……！
秀隆
秀隆
キズナ……キズナっ！
キズナ……キズナっ！
キズナ
キズナ
はぁっ、あっ、あっ、ああっ、んっ、はぁぁっ、か、ああ、んっ！
はぁっ、あっ、あっ、ああっ、んっ、はぁぁっ、か、ああ、んっ！
キズナ
キズナ
頭の中真っ白になって、私、もう、何も、考えられなくてっ！
頭の中真っ白になって、私、もう、何も、考えられなくてっ！
秀隆
秀隆
くっ！
くっ！
キズナ
キズナ
ひやあ、ああ、ひゃあ、もう、ほんと、だ、だめ、だめっ！
ひやあ、ああ、ひゃあ、もう、ほんと、だ、だめ、だめっ！
いやいやと首を振るキズナ。
いやいやと首を振るキズナ。
キズナ
キズナ
イっちゃいます、もう、イっちゃいますっ！
イっちゃいます、もう、イっちゃいますっ！
秀隆
秀隆
あ、あ、くっ……！
あ、あ、くっ……！
キズナ
キズナ
あああああああああああああああああああっ！！
あああああああああああああああああああっ！！
キズナを抱きしめ、オレはキズナとほぼ同時に絶頂に達した。
キズナを抱きしめ、オレはキズナとほぼ同時に絶頂に達した。
キズナ
キズナ
は……！　あああ、っあっ、あああっ……！　ふああっ！
は……！　あああ、っあっ、あああっ……！　ふああっ！
キズナ
キズナ
こ、こんな、こんなのっ……絶対反則ですっ……！
こ、こんな、こんなのっ……絶対反則ですっ……！
秀隆
秀隆
く……っ
く……っ
中に注ぎ込み、オレはキズナと共に果てた。
中に注ぎ込み、オレはキズナと共に果てた。
キズナ
キズナ
はぁっ、はぁっ……ひ、ひーくん……
はぁっ、はぁっ……ひ、ひーくん……
秀隆
秀隆
な、なんだ……？
な、なんだ……？
キズナ
キズナ
また明日も……コスプレエッチ、したいです……
また明日も……コスプレエッチ、したいです……
秀隆
秀隆
同意だ……次は、白衣とかいいかも……
同意だ……次は、白衣とかいいかも……
オレたちは繋がりあったまま、明日のエッチについて考え出した。
オレたちは繋がりあったまま、明日のエッチについて考え出した。
