秋
秋
兄さん
兄さん
秀隆
秀隆
……なんだね我が妹よ。島津家の食卓に何か不満でもあるのかね？
……なんだね我が妹よ。島津家の食卓に何か不満でもあるのかね？
秋
秋
どうして、凛さんがいらっしゃるんですか？
どうして、凛さんがいらっしゃるんですか？
秀隆
秀隆
なんでって……今日会う約束してたからだよ
なんでって……今日会う約束してたからだよ
凛
凛
ごめんね秋。急に押しかけちゃって
ごめんね秋。急に押しかけちゃって
秋
秋
いえ……
いえ……
キズナ
キズナ
私は凄くうれしいですっ。りんりんがいると家が明るくなりますっ
私は凄くうれしいですっ。りんりんがいると家が明るくなりますっ
秋
秋
私が家を暗くしてるってこと？
私が家を暗くしてるってこと？
キズナ
キズナ
いえっ、けしてそういう意味では……
いえっ、けしてそういう意味では……
珍しくキズナが慌てる。
珍しくキズナが慌てる。
秋からの鋭い突っ込みが飛んでくるとは思っていなかったんだろう。
秋からの鋭い突っ込みが飛んでくるとは思っていなかったんだろう。
凛
凛
アクセラは？
アクセラは？
秀隆
秀隆
ん？　ああ、部屋で休んでるよ
ん？　ああ、部屋で休んでるよ
凛
凛
……気を遣わせてる、ってことね
……気を遣わせてる、ってことね
秀隆
秀隆
アンドロイドに慣れてきたって言っても、完全克服できたわけじゃないだろ？
アンドロイドに慣れてきたって言っても、完全克服できたわけじゃないだろ？
凛
凛
まぁ……
まぁ……
罰の悪そうに凛が頷いた。
罰の悪そうに凛が頷いた。
秀隆
秀隆
だったら無理する必要はないぞ。あいつはそんなこと気にする奴じゃない
だったら無理する必要はないぞ。あいつはそんなこと気にする奴じゃない
秀隆
秀隆
ちょっとずつ慣れていけばそれでいいと思う
ちょっとずつ慣れていけばそれでいいと思う
凛
凛
ん。頑張れるか、考えてみる
ん。頑張れるか、考えてみる
凛なりに、アクセラのことを考えて発言してくれているようだ。
凛なりに、アクセラのことを考えて発言してくれているようだ。
だからこそここで、不用意に呼んでくれとは言わないんだろう。
だからこそここで、不用意に呼んでくれとは言わないんだろう。
そして無碍に扱っているわけでもない。
そして無碍に扱っているわけでもない。
最初こそ拒絶を示していただけだったが、
最初こそ拒絶を示していただけだったが、
前の旅行での同行だって、難色を示すことはなかった。
前の旅行での同行だって、難色を示すことはなかった。
アンドロイドの克服は無理でも、
アンドロイドの克服は無理でも、
せめてアクセラとは仲良くなってもらいたい。
せめてアクセラとは仲良くなってもらいたい。
家族としての勝手な願いも込めつつ、そうなればいいなと思う。
家族としての勝手な願いも込めつつ、そうなればいいなと思う。
秀隆
秀隆
あ、そうだ。秋
あ、そうだ。秋
秋
秋
……なんです？
……なんです？
秀隆
秀隆
年末にやってる芸能人の運動会みたいな番組は知ってるか？
年末にやってる芸能人の運動会みたいな番組は知ってるか？
突然何を、と言った感じの表情を見せた秋だったが、
突然何を、と言った感じの表情を見せた秋だったが、
すぐに理解したのか不思議がることもなく言った。
すぐに理解したのか不思議がることもなく言った。
秋
秋
はい。すごく有名ですし、何度か見たことがあります
はい。すごく有名ですし、何度か見たことがあります
秀隆
秀隆
今度、凛がそれに出るんだよ
今度、凛がそれに出るんだよ
秋
秋
そうなんですか
そうなんですか
凛
凛
そ。私凛ちゃん、大勝負ってこと
そ。私凛ちゃん、大勝負ってこと
キズナ
キズナ
おぉー。私応援します！
おぉー。私応援します！
凛
凛
よろしくね
よろしくね
キズナ
キズナ
はいですっ
はいですっ
秋
秋
もしかして、そのことと兄さんが関係ありますか？
もしかして、そのことと兄さんが関係ありますか？
この間、兄さんリビングで色々調べてましたよね？
この間、兄さんリビングで色々調べてましたよね？
オレが調べものをしていたこと、知っていたらしい。
オレが調べものをしていたこと、知っていたらしい。
秀隆
秀隆
ああ。凛を勝たせるために協力してやろうと思ってな
ああ。凛を勝たせるために協力してやろうと思ってな
凛
凛
ある目的のためにね
ある目的のためにね
秀隆
秀隆
こ、こら。そういうことは言わなくていいんだよ
こ、こら。そういうことは言わなくていいんだよ
キズナ
キズナ
ある目的ってなんですか？
ある目的ってなんですか？
キズナが食いつく。
キズナが食いつく。
凛
凛
それはね……
それはね……
秀隆
秀隆
凛さん、それは僕の威厳と尊厳がなくなるのでやめていただけませんか
凛さん、それは僕の威厳と尊厳がなくなるのでやめていただけませんか
凛
凛
あんたのどこに威厳と尊厳が残ってるっての？
あんたのどこに威厳と尊厳が残ってるっての？
秀隆
秀隆
もちろん、たっぷりと残ってますが。なにか？
もちろん、たっぷりと残ってますが。なにか？
凛
凛
でね、秀隆があたしに要求してきたことなんだけど
でね、秀隆があたしに要求してきたことなんだけど
キズナ
キズナ
ほうほうっ
ほうほうっ
秀隆
秀隆
だからやめいて！
だからやめいて！
秋
秋
聞かなくても何となくわかります。どうせくだらないことですよね
聞かなくても何となくわかります。どうせくだらないことですよね
凛
凛
せーかい。さすが妹ね、兄のことよくわかってるわ
せーかい。さすが妹ね、兄のことよくわかってるわ
秀隆
秀隆
待て待て。くだらないことなんかじゃないぞ！
待て待て。くだらないことなんかじゃないぞ！
キズナ
キズナ
では、どうくだらなくないのか教えてくださいですっ
では、どうくだらなくないのか教えてくださいですっ
秀隆
秀隆
……子供に話すことじゃないな
……子供に話すことじゃないな
凛
凛
この人、あたしのおっ……
この人、あたしのおっ……
そんな睨まないでもいいじゃない
そんな睨まないでもいいじゃない
オレが強烈に（泣きそうな）睨みつけると、
オレが強烈に（泣きそうな）睨みつけると、
凛も悪いと思ったのか中断した。
凛も悪いと思ったのか中断した。
おっぱい触るためだなんて言ったら、どんな目に合わされるか。
おっぱい触るためだなんて言ったら、どんな目に合わされるか。
いや……いつもと変わらない？
いや……いつもと変わらない？
秋
秋
それじゃ、私は部屋に戻ります。ご馳走様
それじゃ、私は部屋に戻ります。ご馳走様
食事が終わるなり、秋は席を立った。
食事が終わるなり、秋は席を立った。
それを見送った凛は、オレを見る。
それを見送った凛は、オレを見る。
凛
凛
あんさ、あんたと秋何があるわけ？
あんさ、あんたと秋何があるわけ？
秀隆
秀隆
凛が気にするようなことはなにもないって
凛が気にするようなことはなにもないって
凛
凛
旅行中も、殆ど秋と話してなかったし
旅行中も、殆ど秋と話してなかったし
秀隆
秀隆
いちいちそんな細かいところまで見てるのか
いちいちそんな細かいところまで見てるのか
凛
凛
何があったか知らないけど仲直りしなさいよね
何があったか知らないけど仲直りしなさいよね
秀隆
秀隆
……仲直りね。別に、喧嘩ってほどのもんじゃない
……仲直りね。別に、喧嘩ってほどのもんじゃない
秀隆
秀隆
そう、そう言うんでもないんだよ
そう、そう言うんでもないんだよ
凛
凛
何を意地になってんだか
何を意地になってんだか
夕食後少し休憩した後、オレと凛は部屋に向かう。
夕食後少し休憩した後、オレと凛は部屋に向かう。
秀隆
秀隆
最終まで時間がないから、手早く説明するぞ
最終まで時間がないから、手早く説明するぞ
凛
凛
お願い
お願い
オレは凛と計測した最新のデータを入力し、反映させる。
オレは凛と計測した最新のデータを入力し、反映させる。
結果……４位までの浮上になった。
結果……４位までの浮上になった。
凛
凛
惜し～っ
惜し～っ
秀隆
秀隆
いや、でも上出来だ。１か月足らずでよくここまでやったな
いや、でも上出来だ。１か月足らずでよくここまでやったな
秀隆
秀隆
仕事と学園に行きながらやるなんてすごいぞ
仕事と学園に行きながらやるなんてすごいぞ
凛
凛
元々体を動かすのは嫌いじゃないし、
元々体を動かすのは嫌いじゃないし、
それにアイドルって結構運動出来る子多いのよ
それにアイドルって結構運動出来る子多いのよ
そういい、凛は座ると柔軟体操を見せる。
そういい、凛は座ると柔軟体操を見せる。
非常に柔らかく、オレには無理そうな位置にまで体を動かす。
非常に柔らかく、オレには無理そうな位置にまで体を動かす。
凛
凛
プロモーションの維持は絶対だからね
プロモーションの維持は絶対だからね
秀隆
秀隆
なるほど。確かに太ったりだらしない体には出来ないよな
なるほど。確かに太ったりだらしない体には出来ないよな
凛
凛
だから、ある程度は苦にならない。仕事と割り切れるから
だから、ある程度は苦にならない。仕事と割り切れるから
秀隆
秀隆
なるほどなぁ
なるほどなぁ
アイドルたちは、その産まれ持っての外見だけで
アイドルたちは、その産まれ持っての外見だけで
楽に商売してる……言葉は悪いけどそう言う見方もなかったわけじゃない。
楽に商売してる……言葉は悪いけどそう言う見方もなかったわけじゃない。
でも、よく考えたらプロモーションの維持だって簡単じゃないよな。
でも、よく考えたらプロモーションの維持だって簡単じゃないよな。
それを当たり前のようにこなし、理想の体型を作り上げるのは、
それを当たり前のようにこなし、理想の体型を作り上げるのは、
膨大な努力と時間を必要としていることだろう。
膨大な努力と時間を必要としていることだろう。
４位。
４位。
表彰台にこそ乗れていないものの、勝負は時の運。
表彰台にこそ乗れていないものの、勝負は時の運。
場合によっては２位３位だって狙えるが、
場合によっては２位３位だって狙えるが、
それは逆も言えることで、５位６位になることだってある。
それは逆も言えることで、５位６位になることだってある。
確実に上位に入るには……。
確実に上位に入るには……。
今回の計測では、握力の項目が３位となっていた。
今回の計測では、握力の項目が３位となっていた。
秀隆
秀隆
握力測定で最低でも２位を取る必要があるな。
握力測定で最低でも２位を取る必要があるな。
メンツの中では、今の凛でも十分可能性はあると思う
メンツの中では、今の凛でも十分可能性はあると思う
凛
凛
あたしも握力にはちょっと自信あるかな。
あたしも握力にはちょっと自信あるかな。
家でも簡単に出来るトレーニングだからずっとやってたし
家でも簡単に出来るトレーニングだからずっとやってたし
凛
凛
手、出してみて
手、出してみて
秀隆
秀隆
おう？
おう？
オレは言われるがまま右手を差し出す。
オレは言われるがまま右手を差し出す。
凛はその手を握りしめた。
凛はその手を握りしめた。
凛
凛
思い切り握ってもいい？
思い切り握ってもいい？
秀隆
秀隆
ああ、別にいいけど……
ああ、別にいいけど……
凛
凛
痛かったらすぐ言ってね
痛かったらすぐ言ってね
凛は、ぐっと右手に力を入れる。
凛は、ぐっと右手に力を入れる。
一体何がしたいんだ？
一体何がしたいんだ？
凛
凛
っ、くっ……ん！　い、痛くない？
っ、くっ……ん！　い、痛くない？
秀隆
秀隆
別に……
別に……
凛
凛
はーっ……ダメ。握力が上がったって言っても、こんなもんかあ
はーっ……ダメ。握力が上がったって言っても、こんなもんかあ
秀隆
秀隆
男と比べるなよ。基礎能力が違うんだから
男と比べるなよ。基礎能力が違うんだから
凛
凛
握力８０ってどんなもんなの？　なんか想像もつかない
握力８０ってどんなもんなの？　なんか想像もつかない
凛
凛
ちょっと力入れてみてよ
ちょっと力入れてみてよ
秀隆
秀隆
いや、それは……
いや、それは……
思い切り握ったら、こんな繊細な手はひとたまりもない。
思い切り握ったら、こんな繊細な手はひとたまりもない。
凛
凛
いいからいいから
いいからいいから
秀隆
秀隆
じゃあ、まぁ……
じゃあ、まぁ……
オレは少しだけ力を入れてみる。
オレは少しだけ力を入れてみる。
凛
凛
うわ……すご、マジで？　うわ、うわ、凄い力……
うわ……すご、マジで？　うわ、うわ、凄い力……
驚きながら焦る凛。
驚きながら焦る凛。
っても、多分４０くらいしか出てないんだけどな。
っても、多分４０くらいしか出てないんだけどな。
凛
凛
もうちょっと強くできるの？
もうちょっと強くできるの？
秀隆
秀隆
出来るけど……
出来るけど……
凛
凛
やってみて
やってみて
興味津々なのか、微笑みながら言う。
興味津々なのか、微笑みながら言う。
秀隆
秀隆
じゃあ、もうちょっとだけな
じゃあ、もうちょっとだけな
グッ。
グッ。
凛
凛
いっ！？　いたた、いたたたた！
いっ！？　いたた、いたたたた！
ジタジタと暴れる凛。
ジタジタと暴れる凛。
オレは慌てて手を離した。
オレは慌てて手を離した。
凛
凛
手がつぶれるかと思った！
手がつぶれるかと思った！
秀隆
秀隆
だから言ったろ。一応言っておくと、多分今のが５０くらいだからな
だから言ったろ。一応言っておくと、多分今のが５０くらいだからな
凛
凛
今ので５０って……８０だったらテレビとか潰せる！？
今ので５０って……８０だったらテレビとか潰せる！？
秀隆
秀隆
わけないだろ……飛躍しすぎだ
わけないだろ……飛躍しすぎだ
テレビを握りつぶせるような人外のパワーがあれば、
テレビを握りつぶせるような人外のパワーがあれば、
多分オレは特務官をやってないで別の仕事をしてるだろう。
多分オレは特務官をやってないで別の仕事をしてるだろう。
凛
凛
男の人って、全然違うのね……そりゃ一緒にしないわけね
男の人って、全然違うのね……そりゃ一緒にしないわけね
大会は、もちろん男女別で行われる。
大会は、もちろん男女別で行われる。
もし行えば、当然男の方が圧倒的に勝ってしまうからだ。
もし行えば、当然男の方が圧倒的に勝ってしまうからだ。
秀隆
秀隆
今お前はそういうところに気を使ってる場合じゃないぞ
今お前はそういうところに気を使ってる場合じゃないぞ
秀隆
秀隆
週末に行われる大会に向けて最後の調整だ
週末に行われる大会に向けて最後の調整だ
凛
凛
わかってるって
わかってるって
秀隆
秀隆
おまえには勝ってもらわなきゃいけないんだからな
おまえには勝ってもらわなきゃいけないんだからな
そういい、凛のおっぱいに視線を向ける。
そういい、凛のおっぱいに視線を向ける。
凛
凛
うわぁ……
うわぁ……
軽蔑のまなざしを向けられた。
軽蔑のまなざしを向けられた。
秀隆
秀隆
合法的におっぱいが……目前だ
合法的におっぱいが……目前だ
凛
凛
大会やめようかな……
大会やめようかな……
se着信（バイブ
se着信（バイブ
凛の携帯が１回震えた。
凛の携帯が１回震えた。
凛
凛
…………
…………
だが、凛はあえてそれに目もくれない。
だが、凛はあえてそれに目もくれない。
秀隆
秀隆
メールみたいだけど、チェックしなくていいのか？
メールみたいだけど、チェックしなくていいのか？
凛
凛
うん、別に。後でチェックするし
うん、別に。後でチェックするし
秀隆
秀隆
そか
そか
やや引っかかったが、プライベートに口を出すのはお門違いだ。
やや引っかかったが、プライベートに口を出すのはお門違いだ。
何か困ったことがあれば、相談してくれるだろうし。
何か困ったことがあれば、相談してくれるだろうし。
秀隆
秀隆
握力もそうだし、あとは持久走だな
握力もそうだし、あとは持久走だな
凛
凛
今から走りこみするぞ、とか言い出さないでよ？
今から走りこみするぞ、とか言い出さないでよ？
秀隆
秀隆
さすがに今からだと４日。厳しいな
さすがに今からだと４日。厳しいな
秀隆
秀隆
その分サプリメントの方で調整を行うことにしよう
その分サプリメントの方で調整を行うことにしよう
凛
凛
サプリで？
サプリで？
秀隆
秀隆
一時的にスタミナの上昇を狙うなら、アミノ酸を摂取することだ
一時的にスタミナの上昇を狙うなら、アミノ酸を摂取することだ
秀隆
秀隆
もちろん目に見えてってわけじゃないが、何もやらないよりはいい
もちろん目に見えてってわけじゃないが、何もやらないよりはいい
凛
凛
アミノ酸か……詳しいわね
アミノ酸か……詳しいわね
秀隆
秀隆
一応、その辺も調べておいたから。気になるなら読んでおけばいい
一応、その辺も調べておいたから。気になるなら読んでおけばいい
オレは予め集めておいたデータの入ったメモリを凛に手渡す。
オレは予め集めておいたデータの入ったメモリを凛に手渡す。
凛
凛
ふーん……
ふーん……
半信半疑な凛が、メモリを受け取った。
半信半疑な凛が、メモリを受け取った。
秀隆
秀隆
持久走と握力の両方で２位以上が取れれば、
持久走と握力の両方で２位以上が取れれば、
結構な確率で３位内に入ることが出来る
結構な確率で３位内に入ることが出来る
秀隆
秀隆
あとは……
あとは……
se着信（バイブ
se着信（バイブ
また震える。
また震える。
se着信（バイブ
se着信（バイブ
se着信（バイブ
se着信（バイブ
異常な回数。
異常な回数。
でも、凛は携帯に見向きもしない。
でも、凛は携帯に見向きもしない。
秀隆
秀隆
なんか急ぎの用件なんじゃ―――？
なんか急ぎの用件なんじゃ―――？
凛
凛
大したことじゃないって。秀隆が気にすることじゃないから
大したことじゃないって。秀隆が気にすることじゃないから
明らかに、凛の態度が不機嫌になっている。
明らかに、凛の態度が不機嫌になっている。
秀隆
秀隆
悪い。プライベートなことだよな
悪い。プライベートなことだよな
それは最初から理解しているが、やや態度がおかしい。
それは最初から理解しているが、やや態度がおかしい。
オレは、凛の携帯が何度も鳴っていることが気になって仕方がなかった。
オレは、凛の携帯が何度も鳴っていることが気になって仕方がなかった。
学園や芸能界の友だち？　希望？
学園や芸能界の友だち？　希望？
それとも……と言うやつだ。
それとも……と言うやつだ。
凛
凛
そろそろ帰ろうかな……終電も近いし
そろそろ帰ろうかな……終電も近いし
秀隆
秀隆
そうだな。送ってくよ
そうだな。送ってくよ
凛
凛
うん……
うん……
オレは凛を送っていくために、一緒に外へ。
オレは凛を送っていくために、一緒に外へ。
凛
凛
…………
…………
秀隆
秀隆
…………
…………
オレと凛は、会話もなく歩く。
オレと凛は、会話もなく歩く。
その沈黙は少し居心地の悪いものだった。
その沈黙は少し居心地の悪いものだった。
お互いに携帯のことが引っかかっている、ってところか。
お互いに携帯のことが引っかかっている、ってところか。
凛が話さない以上、これ以上は踏み込めない。
凛が話さない以上、これ以上は踏み込めない。
それが少しもどかしかった。
それが少しもどかしかった。
中身も気になるが、何か困っているなら頼ってほしい。
中身も気になるが、何か困っているなら頼ってほしい。
そう考えている自分がいる。
そう考えている自分がいる。
凛
凛
あ、そうだ。あたし明日からドリームタウンでの仕事ばっかりなのよ
あ、そうだ。あたし明日からドリームタウンでの仕事ばっかりなのよ
秀隆
秀隆
なんだ、そうなのか。ならしばらく会えないか
なんだ、そうなのか。ならしばらく会えないか
凛
凛
それで、大会も近いし早めに帰って体調を整えようと思ってる
それで、大会も近いし早めに帰って体調を整えようと思ってる
ホープタウンに寄ることもしないってことだな。
ホープタウンに寄ることもしないってことだな。
秀隆
秀隆
じゃあ次に会うのは大会が終わった後か
じゃあ次に会うのは大会が終わった後か
凛
凛
そういうこと。寂しい？
そういうこと。寂しい？
秀隆
秀隆
な、なんでだよ。やかましい凛に会わないでいいと思うとありがたいね
な、なんでだよ。やかましい凛に会わないでいいと思うとありがたいね
凛
凛
ふーん、へー、ほーっ
ふーん、へー、ほーっ
秀隆
秀隆
んだよ
んだよ
凛
凛
てっきり、あたしのことが好きになってると思ったのに
てっきり、あたしのことが好きになってると思ったのに
秀隆
秀隆
あるわけないだろ、んなこと
あるわけないだろ、んなこと
凛
凛
あっそ。別にいいけど
あっそ。別にいいけど
秀隆
秀隆
…………
…………
凛
凛
お疲れ様。送ってくれてありがと
お疲れ様。送ってくれてありがと
秀隆
秀隆
頑張って来いよ、必ず入賞してくれ
頑張って来いよ、必ず入賞してくれ
凛
凛
はいはい。あんたのために頑張ってくるわよ
はいはい。あんたのために頑張ってくるわよ
秀隆
秀隆
……おう
……おう
凛は手を振って乗り込んだ。
凛は手を振って乗り込んだ。
手には携帯電話、急いで中身を確認しようとしていた。
手には携帯電話、急いで中身を確認しようとしていた。
秀隆
秀隆
って、いかんいかん……帰ろう
って、いかんいかん……帰ろう
…………。
…………。
……。
……。
