その事件が起こったのは、
その事件が起こったのは、
オレが唐沢代表との交渉に失敗してから、５日後のことだった。
オレが唐沢代表との交渉に失敗してから、５日後のことだった。
磯部
磯部
お、おい島津、まどか、ちょっときてくれ！
お、おい島津、まどか、ちょっときてくれ！
あわてたように磯部が声を荒げた。
あわてたように磯部が声を荒げた。
まどか
まどか
どうしたの？
どうしたの？
磯部
磯部
いいから、早く！
いいから、早く！
そう言い、会議室の方へと向かう。
そう言い、会議室の方へと向かう。
秀隆
秀隆
何なんだろうな？
何なんだろうな？
まどか
まどか
さぁ……とにかく行って見ましょう
さぁ……とにかく行って見ましょう
二人で、急ぎ会議室へと向かった。
二人で、急ぎ会議室へと向かった。
会議室に入ると、テレビがつけられていた。
会議室に入ると、テレビがつけられていた。
磯部
磯部
これ
これ
キャスター】※女
キャスター】※女
先日、ある記者が掴んだ情報です。
先日、ある記者が掴んだ情報です。
現在極秘裏に、ステーション規制緩和の成立を求め、
現在極秘裏に、ステーション規制緩和の成立を求め、
各代表が署名による活動をしていることが判明しました
各代表が署名による活動をしていることが判明しました
まどか
まどか
これって、私たちが担当してる件、よね……
これって、私たちが担当してる件、よね……
秀隆
秀隆
だな……
だな……
テレビには、オレが持っているものを含め
テレビには、オレが持っているものを含め
４部しか存在しない書類の映像まで映し出されている。
４部しか存在しない書類の映像まで映し出されている。
アナウンサーは規制緩和の詳細についてや、
アナウンサーは規制緩和の詳細についてや、
街の人々がどう考えているかのアンケートまでとっているようだった。
街の人々がどう考えているかのアンケートまでとっているようだった。
磯部
磯部
どこからか情報が漏れたってことだ……
どこからか情報が漏れたってことだ……
秀隆
秀隆
まだ全員の署名を集められていないのに、最悪だな……
まだ全員の署名を集められていないのに、最悪だな……
磯部
磯部
おまえ、ちゃんと書類の管理は出来てるんだろうな？
おまえ、ちゃんと書類の管理は出来てるんだろうな？
秀隆
秀隆
もちろんだ。不使用時には、金庫に入れてある
もちろんだ。不使用時には、金庫に入れてある
秀隆
秀隆
オレと同じ書類を、大河内代表とクイーンが持ってるからな。
オレと同じ書類を、大河内代表とクイーンが持ってるからな。
どっちからか、情報が漏れてしまったんじゃないか？
どっちからか、情報が漏れてしまったんじゃないか？
倉屋敷社長は受け取らなかったため、オレが１部保管している。
倉屋敷社長は受け取らなかったため、オレが１部保管している。
まどか
まどか
だけど……これはホープタウンのニュースよ？
だけど……これはホープタウンのニュースよ？
島津くんがどこかで書類を盗み見られた可能性も……
島津くんがどこかで書類を盗み見られた可能性も……
書類には通し番号が打たれてある。
書類には通し番号が打たれてある。
だが、テレビに映し出された書類の番号が書かれてある場所には、
だが、テレビに映し出された書類の番号が書かれてある場所には、
もちろん、当然のようにモザイクがかけられていた。
もちろん、当然のようにモザイクがかけられていた。
磯部
磯部
……最悪じゃねえか
……最悪じゃねえか
秀隆
秀隆
否定はしきれない。だけど、オレはそんな隙を作った記憶はない
否定はしきれない。だけど、オレはそんな隙を作った記憶はない
磯部
磯部
おまえはそうでも、ミスは誰にだってあるだろ
おまえはそうでも、ミスは誰にだってあるだろ
まどか
まどか
それに、これを見た唐沢代表がどう判断されるか……
それに、これを見た唐沢代表がどう判断されるか……
磯部
磯部
少なくとも終わりだ。これで唐沢代表が署名する可能性は１％もなくなった
少なくとも終わりだ。これで唐沢代表が署名する可能性は１％もなくなった
秀隆
秀隆
いや……そうとは限らない
いや……そうとは限らない
秀隆
秀隆
むしろこれは、千載一遇のチャンスだ
むしろこれは、千載一遇のチャンスだ
磯部
磯部
どういうことだよ、それ……
どういうことだよ、それ……
秀隆
秀隆
とにかく、まずは唐沢代表に報告するべきだろう
とにかく、まずは唐沢代表に報告するべきだろう
まどか
まどか
そうね……
そうね……
秀隆
秀隆
まだニュースそのものが、
まだニュースそのものが、
ホープタウンだけで済んでいるなら、
ホープタウンだけで済んでいるなら、
早急に手を打てばドリームタウンでは流されないかも
早急に手を打てばドリームタウンでは流されないかも
秀隆
秀隆
失礼します、唐沢代表
失礼します、唐沢代表
唐沢
唐沢
……座りたまえ
……座りたまえ
秀隆
秀隆
はい
はい
部屋の中にいた唐沢代表の表情は、明るいとは嘘でも言えなかった。
部屋の中にいた唐沢代表の表情は、明るいとは嘘でも言えなかった。
唐沢
唐沢
君がここに来たのは、先ほどテレビで報道されていた件、だね？
君がここに来たのは、先ほどテレビで報道されていた件、だね？
秀隆
秀隆
ご存知でしたか。どう言う経緯かは不明ですが、
ご存知でしたか。どう言う経緯かは不明ですが、
自分が動いていることがマスコミに知られてしまいました
自分が動いていることがマスコミに知られてしまいました
唐沢
唐沢
随分と白々しいね。君なんだろう？　マスコミに情報を流したのは
随分と白々しいね。君なんだろう？　マスコミに情報を流したのは
秀隆
秀隆
いえ、自分ではありません
いえ、自分ではありません
唐沢
唐沢
君は僕に交渉を突っぱねられた。
君は僕に交渉を突っぱねられた。
その腹いせに、マスコミに情報を流した。そうじゃないのかい？
その腹いせに、マスコミに情報を流した。そうじゃないのかい？
秀隆
秀隆
自分がマスコミに情報を流すメリットがありません
自分がマスコミに情報を流すメリットがありません
秀隆
秀隆
交渉に失敗したのは、単純に自分の実力不足です。
交渉に失敗したのは、単純に自分の実力不足です。
そのことを逆恨みしてこんな行動を取る意味が
そのことを逆恨みしてこんな行動を取る意味が
唐沢
唐沢
意味、意味か。意味ならあるじゃないか
意味、意味か。意味ならあるじゃないか
唐沢代表は椅子から立ち上がり、こちらへと歩いてくる。
唐沢代表は椅子から立ち上がり、こちらへと歩いてくる。
唐沢
唐沢
マスコミの報道を見たかい？
マスコミの報道を見たかい？
大河内代表、クイーン、倉屋敷がサインしたにも関わらず、
大河内代表、クイーン、倉屋敷がサインしたにも関わらず、
唐沢は未だ返事を保留している、と
唐沢は未だ返事を保留している、と
唐沢
唐沢
ホープタウンの弱腰外交に疑問の声。唐沢への不信
ホープタウンの弱腰外交に疑問の声。唐沢への不信
ばさりと新聞が置かれる。
ばさりと新聞が置かれる。
唐沢
唐沢
今朝の時点で、こんなものが配られていたくらいだ
今朝の時点で、こんなものが配られていたくらいだ
唐沢
唐沢
既にテレビでは、規制緩和についてのアンケートまで実施されている
既にテレビでは、規制緩和についてのアンケートまで実施されている
秀隆
秀隆
……圧倒的多数が、賛成派、と言うことですか
……圧倒的多数が、賛成派、と言うことですか
唐沢
唐沢
君は僕を直接落とせないと踏んで、
君は僕を直接落とせないと踏んで、
世論を動かす策略に打って出た。そうだね？
世論を動かす策略に打って出た。そうだね？
秀隆
秀隆
いいえ、誓って自分ではありません。
いいえ、誓って自分ではありません。
大河内代表かクイーンのどちらかが
大河内代表かクイーンのどちらかが
唐沢
唐沢
彼らは確かに規制緩和を目論んでいる。
彼らは確かに規制緩和を目論んでいる。
だけど、彼らのような大物が動けば、世間は敏感に嗅ぎつける
だけど、彼らのような大物が動けば、世間は敏感に嗅ぎつける
唐沢
唐沢
自らマスコミにリークするのはリスクが大きいんだよ
自らマスコミにリークするのはリスクが大きいんだよ
秀隆
秀隆
自分が疑われるのは仕方が無いと思います。
自分が疑われるのは仕方が無いと思います。
ですが、信じていただきたいとしか申し上げられません
ですが、信じていただきたいとしか申し上げられません
唐沢
唐沢
君がクイーンと会っていたことや、
君がクイーンと会っていたことや、
規制緩和で勝手な動きをしていたことは、眼を瞑ろう。
規制緩和で勝手な動きをしていたことは、眼を瞑ろう。
それは君が勝ち得た交渉なのだから、否定する権利は僕にない
それは君が勝ち得た交渉なのだから、否定する権利は僕にない
唐沢
唐沢
丸の内社長のために必死だったのも理解できる
丸の内社長のために必死だったのも理解できる
唐沢
唐沢
だけどね……どうして僕を陥れる真似をしたんだい
だけどね……どうして僕を陥れる真似をしたんだい
秀隆
秀隆
…………
…………
唐沢
唐沢
君は僕の力になってくれる。そう信じていたのに
君は僕の力になってくれる。そう信じていたのに
秀隆
秀隆
やはり、信じてください、としか言いようがありません……
やはり、信じてください、としか言いようがありません……
唐沢
唐沢
僕だって君を信じたい。だけど、信じることは出来ないよ
僕だって君を信じたい。だけど、信じることは出来ないよ
ゆっくりと眼を閉じ、唐沢さんはうな垂れた。
ゆっくりと眼を閉じ、唐沢さんはうな垂れた。
唐沢
唐沢
君しか考えられないんだ。どう推理してもね
君しか考えられないんだ。どう推理してもね
唐沢
唐沢
食糧プラントでの、勝手な調査。ＣＭ交渉での警察沙汰。
食糧プラントでの、勝手な調査。ＣＭ交渉での警察沙汰。
それらのことを平気でやってのける君しか、考えられないんだよ
それらのことを平気でやってのける君しか、考えられないんだよ
秀隆
秀隆
……オレは……
……オレは……
唐沢
唐沢
いい。君にこれ以上言葉を求めるつもりはない
いい。君にこれ以上言葉を求めるつもりはない
唐沢
唐沢
この件で、犯人探しをしてもしょうがないことだ。
この件で、犯人探しをしてもしょうがないことだ。
僕が下手に動けば、マスコミが喜ぶだけなんだよ
僕が下手に動けば、マスコミが喜ぶだけなんだよ
秀隆
秀隆
どうなさるおつもりですか、唐沢代表
どうなさるおつもりですか、唐沢代表
唐沢
唐沢
元々、ホープタウンから規制緩和を求める声は強かった。
元々、ホープタウンから規制緩和を求める声は強かった。
だけど、それでも僕は一抹の不安を感じていた。
だけど、それでも僕は一抹の不安を感じていた。
不用意に規制を緩めれば、ホープタウンは危機に見舞われると
不用意に規制を緩めれば、ホープタウンは危機に見舞われると
唐沢
唐沢
だから一貫して反対の立場を表明し、守り続けて来た
だから一貫して反対の立場を表明し、守り続けて来た
唐沢
唐沢
これは僕の代からじゃない。
これは僕の代からじゃない。
父である先代から受け継いできた大切な意思でもあったんだよ
父である先代から受け継いできた大切な意思でもあったんだよ
唐沢
唐沢
だけどこうなった以上、もう僕には止められないだろう
だけどこうなった以上、もう僕には止められないだろう
唐沢
唐沢
動き出した世論は僕を置いて、一人歩きを始めてしまった
動き出した世論は僕を置いて、一人歩きを始めてしまった
唐沢
唐沢
僕だけが反対し続けたら、恐らく支持率は下がり、最悪失脚までありえる
僕だけが反対し続けたら、恐らく支持率は下がり、最悪失脚までありえる
秀隆
秀隆
…………
…………
唐沢
唐沢
君の個性は、強い武器だ。
君の個性は、強い武器だ。
だけど、その武器は仲間をも傷つけてしまうもろ刃の剣。
だけど、その武器は仲間をも傷つけてしまうもろ刃の剣。
でも、まさか僕が斬られるとは夢にも思っていなかった
でも、まさか僕が斬られるとは夢にも思っていなかった
唐沢
唐沢
君の勝ちだよ島津くん
君の勝ちだよ島津くん
唐沢代表は冷めた声でそう言った。
唐沢代表は冷めた声でそう言った。
唐沢代表の読みは、当たっていた。
唐沢代表の読みは、当たっていた。
保留を貫き通す唐沢代表の下には、
保留を貫き通す唐沢代表の下には、
昼夜を問わずマスコミが押し寄せ取材を繰り返した。
昼夜を問わずマスコミが押し寄せ取材を繰り返した。
ドリームタウン側の記事にもそれは取り上げられ、
ドリームタウン側の記事にもそれは取り上げられ、
あまりに弱腰な唐沢代表を疑問視する声も上がり始めた。
あまりに弱腰な唐沢代表を疑問視する声も上がり始めた。
これ以上事が大きくなることを危惧した唐沢代表は、
これ以上事が大きくなることを危惧した唐沢代表は、
正式にステーション規制緩和へ向けて動き出すと表明することになる。
正式にステーション規制緩和へ向けて動き出すと表明することになる。
ホープタウンの人々はその決断に、沸き返った。
ホープタウンの人々はその決断に、沸き返った。
…………。
…………。
……。
……。
