オレは、翌日キズナと共に倉屋敷ビルを訪れた。
オレは、翌日キズナと共に倉屋敷ビルを訪れた。
ユウキ
ユウキ
よっ、二人ともおはようさん
よっ、二人ともおはようさん
キズナ
キズナ
おはようございますユウキ先生
おはようございますユウキ先生
秀隆
秀隆
おはようさん
おはようさん
秀隆
秀隆
前々から思ってたんだけど、ひょっとして
前々から思ってたんだけど、ひょっとして
そのユウキ先生ってのがあだ名だったりするのか？
そのユウキ先生ってのがあだ名だったりするのか？
キズナ
キズナ
そうですっ
そうですっ
秀隆
秀隆
ユウキと先生って、ミスマッチにも程があるだろ
ユウキと先生って、ミスマッチにも程があるだろ
ユウキ
ユウキ
失礼だぞ秀隆。キズナちゃんの前じゃ俺は先生なのさ
失礼だぞ秀隆。キズナちゃんの前じゃ俺は先生なのさ
嬉しそうに言う。
嬉しそうに言う。
ユウキ
ユウキ
ちょっと教師に憧れてたからな。先生って言われるのはいいよな
ちょっと教師に憧れてたからな。先生って言われるのはいいよな
秀隆
秀隆
不純な動機だ
不純な動機だ
ユウキ
ユウキ
今日は二人して、どうしたんだ？
今日は二人して、どうしたんだ？
秀隆
秀隆
ちょっと倉屋敷社長に聞きたいことがあってさ。いるか？
ちょっと倉屋敷社長に聞きたいことがあってさ。いるか？
ユウキ
ユウキ
いるにはいるけど、今はちょっと無理かも。寝てるんだよね
いるにはいるけど、今はちょっと無理かも。寝てるんだよね
秀隆
秀隆
あちゃ、来た時間が悪かったか……
あちゃ、来た時間が悪かったか……
キズナ
キズナ
どうしましょうか
どうしましょうか
ユウキ
ユウキ
もし良かったら、待っててもらってもいいんだぜ？
もし良かったら、待っててもらってもいいんだぜ？
多分あと２時間くらいで起きてくると思うし
多分あと２時間くらいで起きてくると思うし
秀隆
秀隆
いいのか？
いいのか？
ユウキ
ユウキ
秀隆とキズナちゃんは、通してもいいって言われてっから
秀隆とキズナちゃんは、通してもいいって言われてっから
キズナ
キズナ
じゃあお言葉に甘えて待たせてもらいましょう
じゃあお言葉に甘えて待たせてもらいましょう
秀隆
秀隆
そうだな。その間も、調べてればいいだけのことだしな
そうだな。その間も、調べてればいいだけのことだしな
ユウキ
ユウキ
調べる？
調べる？
秀隆
秀隆
今、キズナのように冷凍保存されてた人間のことを調べてる
今、キズナのように冷凍保存されてた人間のことを調べてる
キズナ
キズナ
ひーくん結構詳しいんです
ひーくん結構詳しいんです
秀隆
秀隆
詳しいって言っても、ネットで調べられる範囲だけどな
詳しいって言っても、ネットで調べられる範囲だけどな
ユウキ
ユウキ
へぇ。興味でもあったの？
へぇ。興味でもあったの？
秀隆
秀隆
キズナと出会ってから、ある程度知識はいるんじゃないかと思ってさ
キズナと出会ってから、ある程度知識はいるんじゃないかと思ってさ
秀隆
秀隆
でも、なかなか出て来ないんだよな、情報が
でも、なかなか出て来ないんだよな、情報が
秀隆
秀隆
特に蘇生された後の人の話というか、体験談とかが
特に蘇生された後の人の話というか、体験談とかが
ユウキ
ユウキ
仕方ないって。個人情報の保護があるしさ
仕方ないって。個人情報の保護があるしさ
秀隆
秀隆
やっぱりそこか
やっぱりそこか
ユウキ
ユウキ
何十年眠り続けた子って、やっぱり注目を浴びがちだし、
何十年眠り続けた子って、やっぱり注目を浴びがちだし、
年齢が低ければ低いほど、悪気のない悪意を向けられるしさ
年齢が低ければ低いほど、悪気のない悪意を向けられるしさ
秀隆
秀隆
そうだな……
そうだな……
学園に、何十年前の子が転校してきた、なんてなれば、
学園に、何十年前の子が転校してきた、なんてなれば、
それは良くも悪くも注目の的になってしまう。
それは良くも悪くも注目の的になってしまう。
下手すれば虐められることだってありうるだろうし。
下手すれば虐められることだってありうるだろうし。
秀隆
秀隆
オレが知りたいのは、精神状態とか、
オレが知りたいのは、精神状態とか、
その後の生活で支障が無かったのか、そう言うことなんだ
その後の生活で支障が無かったのか、そう言うことなんだ
ユウキ
ユウキ
なるほどな
なるほどな
秀隆
秀隆
キズナは強い子だから、特に問題はないんだけど、
キズナは強い子だから、特に問題はないんだけど、
他の子も同様に気にしてないのか、それとも、って具合で
他の子も同様に気にしてないのか、それとも、って具合で
それを知ったから、どうこう出来るわけじゃない。
それを知ったから、どうこう出来るわけじゃない。
ただ、その傾向を知ることで、
ただ、その傾向を知ることで、
よりキズナとの接し方が良くなることもありえるだろう。
よりキズナとの接し方が良くなることもありえるだろう。
ユウキ
ユウキ
よーし俺も手伝うぜ
よーし俺も手伝うぜ
秀隆
秀隆
やっぱり出てこないな
やっぱり出てこないな
キズナ
キズナ
皆、その事実を隠して生きているんですね
皆、その事実を隠して生きているんですね
秀隆
秀隆
キズナなんて、ほっといたら自分から話しそうだよな
キズナなんて、ほっといたら自分から話しそうだよな
キズナ
キズナ
口止めされてなかったら、言ってると思います
口止めされてなかったら、言ってると思います
秀隆
秀隆
だろうな……
だろうな……
それで注目が集まっても堂々としてるだろうし、
それで注目が集まっても堂々としてるだろうし、
仮にからかわれても、笑って済ませそうだ。
仮にからかわれても、笑って済ませそうだ。
ユウキ
ユウキ
やっぱかずはちんに聞くのが一番なんだろうな
やっぱかずはちんに聞くのが一番なんだろうな
秀隆
秀隆
元々、冷凍保存技術って倉屋敷が開発したんだよな？
元々、冷凍保存技術って倉屋敷が開発したんだよな？
ユウキ
ユウキ
正式に認められたものは、そうみたいだな
正式に認められたものは、そうみたいだな
秀隆
秀隆
冷凍保存だったりアンドロイドだったり、
冷凍保存だったりアンドロイドだったり、
倉屋敷の技術力ってのはとんでもないな
倉屋敷の技術力ってのはとんでもないな
秀隆
秀隆
実際、倉屋敷社長の知識はすごいし
実際、倉屋敷社長の知識はすごいし
ユウキ
ユウキ
性格はちょっとアレだけどな
性格はちょっとアレだけどな
秀隆
秀隆
おいおい、聞かれたらスクラップにされるぞ？
おいおい、聞かれたらスクラップにされるぞ？
ユウキ
ユウキ
大丈夫大丈夫。まだ起きて来ないから
大丈夫大丈夫。まだ起きて来ないから
和葉
和葉
起きてたりするんだな、これが
起きてたりするんだな、これが
ユウキ
ユウキ
…………
…………
ぴたりとユウキが硬直する。
ぴたりとユウキが硬直する。
ユウキ
ユウキ
お、起きていらしたんですか、かずはちんさん……
お、起きていらしたんですか、かずはちんさん……
和葉
和葉
殺されるのと破壊されるのとどっちがいい？
殺されるのと破壊されるのとどっちがいい？
ユウキ
ユウキ
出来れば、優しく抱きしめてくだ
出来れば、優しく抱きしめてくだ
ユウキ
ユウキ
あみばっ！
あみばっ！
se地面を転げまわる
se地面を転げまわる
思い切り蹴り飛ばされ、ユウキが床を転げまわった。
思い切り蹴り飛ばされ、ユウキが床を転げまわった。
秀隆
秀隆
アンドロイドを蹴り飛ばすとか、どんだけ……
アンドロイドを蹴り飛ばすとか、どんだけ……
和葉
和葉
またくだらないことを調べてるようだな
またくだらないことを調べてるようだな
秀隆
秀隆
社長。お、おはようございます
社長。お、おはようございます
むっくりと起き上がったユウキが、頬をかきながらいう。
むっくりと起き上がったユウキが、頬をかきながらいう。
ユウキ
ユウキ
和葉ちん、シャワー浴びてきたら？
和葉ちん、シャワー浴びてきたら？
和葉
和葉
いいんだよ。別に毎日風呂に入らないといけないわけじゃない
いいんだよ。別に毎日風呂に入らないといけないわけじゃない
秀隆
秀隆
社長、毎日入ってないんですか……
社長、毎日入ってないんですか……
和葉
和葉
面倒臭い
面倒臭い
ユウキ
ユウキ
出不精だからさ、かずはちんは。
出不精だからさ、かずはちんは。
ほっといたら３日でも４日でもそのままだったりするし
ほっといたら３日でも４日でもそのままだったりするし
和葉
和葉
風呂に入る時間があったら、その分何か出来るだろ
風呂に入る時間があったら、その分何か出来るだろ
秀隆
秀隆
どこまでも研究者なんですね……
どこまでも研究者なんですね……
seキーボードを叩く音 (1
seキーボードを叩く音 (1
起きてくるなり、社長は端末の操作を始めた。
起きてくるなり、社長は端末の操作を始めた。
和葉
和葉
人間の寿命は限られてるんだ。
人間の寿命は限られてるんだ。
無駄に使ってる余裕は、あたしにはない
無駄に使ってる余裕は、あたしにはない
キズナ
キズナ
かずちーは何をしたいと思ってるんですか？
かずちーは何をしたいと思ってるんですか？
和葉
和葉
自分自身の可能性の追求
自分自身の可能性の追求
ユウキはコーヒーを淹れてきたのか、社長に渡す。
ユウキはコーヒーを淹れてきたのか、社長に渡す。
和葉
和葉
死ぬまでにやれることはすべてやる。それだけだ
死ぬまでにやれることはすべてやる。それだけだ
秀隆
秀隆
研究に生き、研究に死ぬと
研究に生き、研究に死ぬと
キズナ
キズナ
それは格好いい生き方だと思います。
それは格好いい生き方だと思います。
でも、かずちーって今お幾つなんですか？
でも、かずちーって今お幾つなんですか？
和葉
和葉
２６
２６
秀隆
秀隆
……そういえば、そうだった
……そういえば、そうだった
会ってからそんな印象が無かったから忘れてたけど、
会ってからそんな印象が無かったから忘れてたけど、
倉屋敷社長ってオレよりも年上なんだよな。
倉屋敷社長ってオレよりも年上なんだよな。
外見的に、下手したらキズナと同い年くらいだぞ。
外見的に、下手したらキズナと同い年くらいだぞ。
キズナ
キズナ
子供とか、ほしくないんですかっ？
子供とか、ほしくないんですかっ？
和葉
和葉
別に
別に
淡々と言う。
淡々と言う。
秀隆
秀隆
余計なお世話だと思いますが、
余計なお世話だと思いますが、
倉屋敷の血は残さないと駄目だと思います
倉屋敷の血は残さないと駄目だと思います
和葉
和葉
本当に余計なことだな
本当に余計なことだな
ユウキ
ユウキ
気がつけば、３０過ぎてるんだろうなぁ。
気がつけば、３０過ぎてるんだろうなぁ。
おばさんのかずはちんか、見たくないな
おばさんのかずはちんか、見たくないな
秀隆
秀隆
バカ……
バカ……
絶対殴られるぞ。
絶対殴られるぞ。
そう思ったが、意外にも倉屋敷社長は怒りを見せなかった。
そう思ったが、意外にも倉屋敷社長は怒りを見せなかった。
和葉
和葉
くだらねぇな
くだらねぇな
そう、吐き捨てただけ。
そう、吐き捨てただけ。
キズナ
キズナ
かずちーは、恋愛とかには興味なさそうですね
かずちーは、恋愛とかには興味なさそうですね
和葉
和葉
ない
ない
ばっさりと言い切る。
ばっさりと言い切る。
秀隆
秀隆
もしかして……まだ彼氏とか作ったことないですか
もしかして……まだ彼氏とか作ったことないですか
和葉
和葉
ないっつってんだろ
ないっつってんだろ
seキーボードを叩く音 (1
seキーボードを叩く音 (1
カタカタと端末をいじくりつづける。
カタカタと端末をいじくりつづける。
ユウキ
ユウキ
ほんと、興味ないんだよね
ほんと、興味ないんだよね
秀隆
秀隆
珍しい、とまでは言わないけど……
珍しい、とまでは言わないけど……
まぁこの人が惚れた男にデレデレする姿は想像できないな。
まぁこの人が惚れた男にデレデレする姿は想像できないな。
ユウキ
ユウキ
万に一つ彼氏が出来ても、このままだと思うぜ
万に一つ彼氏が出来ても、このままだと思うぜ
オレの意思が通じたのか、ユウキはそういった。
オレの意思が通じたのか、ユウキはそういった。
秀隆
秀隆
……だな
……だな
秀隆
秀隆
あぁそうだ。倉屋敷社長。目覚めた子たちの話とか知りませんか
あぁそうだ。倉屋敷社長。目覚めた子たちの話とか知りませんか
和葉
和葉
知ってても教えてやんねー
知ってても教えてやんねー
秀隆
秀隆
ぐ……
ぐ……
キズナ
キズナ
教えてくださいかずちー
教えてくださいかずちー
和葉
和葉
断る
断る
キズナのお願いも、問答無用で切り捨てられる。
キズナのお願いも、問答無用で切り捨てられる。
ユウキ
ユウキ
口下手だからなあ
口下手だからなあ
和葉
和葉
そう言う問題じゃない。こいつらに聞かせても意味がない。
そう言う問題じゃない。こいつらに聞かせても意味がない。
どうせキズナの奴には大して影響はないだろ
どうせキズナの奴には大して影響はないだろ
キズナ
キズナ
動じない女ですから
動じない女ですから
秀隆
秀隆
無駄足になっちゃったな
無駄足になっちゃったな
キズナ
キズナ
仕方ありません。私たちだけで調べましょう
仕方ありません。私たちだけで調べましょう
ユウキ
ユウキ
俺も手伝うぜ
俺も手伝うぜ
秀隆
秀隆
でもなー。問題はどうすればいいかだよな
でもなー。問題はどうすればいいかだよな
個人情報がしっかりと保護されてしまっている以上、
個人情報がしっかりと保護されてしまっている以上、
特務官といえど簡単には調べることが出来ない。
特務官といえど簡単には調べることが出来ない。
ネットを使っても出てくる情報は限られている。
ネットを使っても出てくる情報は限られている。
あと出来ることがあるとすれば、
あと出来ることがあるとすれば、
倉屋敷社長みたいに事実を知る人物に話を聞くこと。
倉屋敷社長みたいに事実を知る人物に話を聞くこと。
浮かぶのは唐沢代表や竹内特務官だが、
浮かぶのは唐沢代表や竹内特務官だが、
彼らに聞いても教えてはくれないだろう。
彼らに聞いても教えてはくれないだろう。
秀隆
秀隆
あれ、詰んでる？
あれ、詰んでる？
和葉
和葉
保護された情報を簡単に調べられるなら意味がない
保護された情報を簡単に調べられるなら意味がない
厳しい突っ込みを受けた。
厳しい突っ込みを受けた。
秀隆
秀隆
ごもっともです、はい
ごもっともです、はい
和葉
和葉
特に冷凍保存に関するものは、極秘扱いだ。
特に冷凍保存に関するものは、極秘扱いだ。
その技術を応用すれば、色々悪用も出来るものだからな
その技術を応用すれば、色々悪用も出来るものだからな
どうやら、オレが探ろうとしていたのは、
どうやら、オレが探ろうとしていたのは、
調べちゃいけないようなカテゴリに該当するらしい。
調べちゃいけないようなカテゴリに該当するらしい。
和葉
和葉
そう言うわけだから、これ以上の詮索はやめとけ
そう言うわけだから、これ以上の詮索はやめとけ
秀隆
秀隆
そうします
そうします
キズナ
キズナ
残念です
残念です
キズナは言葉通り残念そうにしていたが、
キズナは言葉通り残念そうにしていたが、
倉屋敷社長に言われ仕方がないと理解したんだろう。
倉屋敷社長に言われ仕方がないと理解したんだろう。
それ以上何も言うことはなかった。
それ以上何も言うことはなかった。
ユウキ
ユウキ
まぁさ、キズナちゃんは過去のことより、
まぁさ、キズナちゃんは過去のことより、
未来をどう楽しく生きるか、そこを考えた方がいいと思うぜ
未来をどう楽しく生きるか、そこを考えた方がいいと思うぜ
キズナ
キズナ
未来ですか
未来ですか
ユウキ
ユウキ
だって、過去は変えられないけど
だって、過去は変えられないけど
未来ならこれから自由に決めていけるんだぜ？
未来ならこれから自由に決めていけるんだぜ？
キズナ
キズナ
おぉ、確かにそうですね
おぉ、確かにそうですね
ユウキ
ユウキ
俺のお嫁さんになりた～いとか、そう言う未来を探そうよ
俺のお嫁さんになりた～いとか、そう言う未来を探そうよ
秀隆
秀隆
キズナはおまえにはやらん
キズナはおまえにはやらん
ユウキ
ユウキ
なんでお父さんみたいなんだよ……
なんでお父さんみたいなんだよ……
秀隆
秀隆
一応世話をする人間として、
一応世話をする人間として、
キズナが付き合う人間はチェックさせてもらうぞ
キズナが付き合う人間はチェックさせてもらうぞ
ユウキ
ユウキ
うわぁ、娘が彼氏を作ったら許さないタイプだなこりゃ
うわぁ、娘が彼氏を作ったら許さないタイプだなこりゃ
秀隆
秀隆
壊れ物のように優しく、大切に育てるからな。うんうん
壊れ物のように優しく、大切に育てるからな。うんうん
キズナ
キズナ
じゃあ私はびっちになりますねっ
じゃあ私はびっちになりますねっ
秀隆
秀隆
なるなよ……！
なるなよ……！
その日の夜……。
その日の夜……。
se着信（共通
se着信（共通
se通話ボタン
se通話ボタン
秀隆
秀隆
もしもし
もしもし
唐沢
唐沢
こんばんは
こんばんは
秀隆
秀隆
お疲れ様です唐沢さん
お疲れ様です唐沢さん
唐沢
唐沢
こんな時間に申し訳ない。もう休むところだったかな？
こんな時間に申し訳ない。もう休むところだったかな？
秀隆
秀隆
いえ、まだ起きているつもりでしたので。どうされましたか？
いえ、まだ起きているつもりでしたので。どうされましたか？
唐沢
唐沢
実は今日、仕事でドリームタウンの方に出向くことがあってね。
実は今日、仕事でドリームタウンの方に出向くことがあってね。
そこで高坂特務官と話す機会があったんだよ
そこで高坂特務官と話す機会があったんだよ
唐沢
唐沢
そしたら、いたく君のことを買っていると言うか、褒めていたよ
そしたら、いたく君のことを買っていると言うか、褒めていたよ
秀隆
秀隆
高坂特務官が自分をですか……特に何かした覚えもないんですが
高坂特務官が自分をですか……特に何かした覚えもないんですが
唐沢
唐沢
なんでも君は、大河内代表の娘さんと親しいらしいね
なんでも君は、大河内代表の娘さんと親しいらしいね
秀隆
秀隆
あ、希望のことですね。仲良くさせて頂いてます
あ、希望のことですね。仲良くさせて頂いてます
唐沢
唐沢
彼曰く、そこが島津くんの凄いところだ、と言っていたよ
彼曰く、そこが島津くんの凄いところだ、と言っていたよ
秀隆
秀隆
仰ってる意味が、ちょっと……
仰ってる意味が、ちょっと……
唐沢
唐沢
彼女は高坂特務官の婚約者だ。
彼女は高坂特務官の婚約者だ。
年の近い男性は、どうしても彼女を無意識に避ける。
年の近い男性は、どうしても彼女を無意識に避ける。
ひとつでも問題が起これば、ただではすまないからね
ひとつでも問題が起これば、ただではすまないからね
唐沢
唐沢
その点、君はそのことを全く気にしていない。そこが気に入っていると
その点、君はそのことを全く気にしていない。そこが気に入っていると
秀隆
秀隆
う、うーん。それって褒められてるって言うんでしょうか……
う、うーん。それって褒められてるって言うんでしょうか……
唐沢
唐沢
君はやっぱり、普通には出来ないことを平然とやってのける。
君はやっぱり、普通には出来ないことを平然とやってのける。
僕が期待した通りの成長を、見せてくれているのかも知れないね
僕が期待した通りの成長を、見せてくれているのかも知れないね
秀隆
秀隆
期待にこたえられるようになればいいんですが……
期待にこたえられるようになればいいんですが……
唐沢
唐沢
彼から、君の手綱を握るように言われたんだ。
彼から、君の手綱を握るように言われたんだ。
自由にさせ過ぎると、いつか暴走してしまうかも知れないとね
自由にさせ過ぎると、いつか暴走してしまうかも知れないとね
秀隆
秀隆
は、はは……やっぱり褒めてるわけじゃなさそうですね
は、はは……やっぱり褒めてるわけじゃなさそうですね
唐沢
唐沢
うんごめん、それを伝えたかっただけなんだ
うんごめん、それを伝えたかっただけなんだ
秀隆
秀隆
要約すると、無茶はするな、ってことですね
要約すると、無茶はするな、ってことですね
唐沢
唐沢
ははは。いやいや、君の無茶も個性だ。僕は尊重するよ
ははは。いやいや、君の無茶も個性だ。僕は尊重するよ
秀隆
秀隆
ありがとうございます
ありがとうございます
唐沢
唐沢
それじゃあ、また。今度ゆっくり食事でもしよう
それじゃあ、また。今度ゆっくり食事でもしよう
秀隆
秀隆
はい。お疲れ様です
はい。お疲れ様です
se通話ボタン
se通話ボタン
秀隆
秀隆
高坂特務官がオレのことを、か……
高坂特務官がオレのことを、か……
嬉しくもあり、複雑でもあるな。
嬉しくもあり、複雑でもあるな。
新人のうちからマークされても、良いことは少なそうだ。
新人のうちからマークされても、良いことは少なそうだ。
…………。
…………。
……。
……。
