……もう朝か。
……もう朝か。
ここ数日は色んなことがあって、疲れが抜け切っていない。
ここ数日は色んなことがあって、疲れが抜け切っていない。
休日は休日で、キズナたちに付き合って休めてないのが原因か。
休日は休日で、キズナたちに付き合って休めてないのが原因か。
秀隆
秀隆
体力なくなったな……オレも
体力なくなったな……オレも
学生の時は、運動したり勉強したり、毎日忙しかった。
学生の時は、運動したり勉強したり、毎日忙しかった。
だけどその分しっかりと体力の維持は出来ていた。
だけどその分しっかりと体力の維持は出来ていた。
教師になったり特務官になっても、肉体労働はないからな。
教師になったり特務官になっても、肉体労働はないからな。
それと、まだ違いがあるとすれば、ストレスだろう。
それと、まだ違いがあるとすれば、ストレスだろう。
自分では感じていないつもりでも、
自分では感じていないつもりでも、
日々色々なことに身体はストレスを感じている。
日々色々なことに身体はストレスを感じている。
そういったことが、日々貴重な体力を消耗し、
そういったことが、日々貴重な体力を消耗し、
回復を遅らせている原因だ。
回復を遅らせている原因だ。
秀隆
秀隆
ふう……どうにもならんけどさ、その辺は
ふう……どうにもならんけどさ、その辺は
幸いまだ起きるには早い時間だし、慌てる必要も無いな。
幸いまだ起きるには早い時間だし、慌てる必要も無いな。
秀隆
秀隆
もう少しだけ寝るか
もう少しだけ寝るか
そう思い、ごろりと寝返りを打つ。
そう思い、ごろりと寝返りを打つ。
秀隆
秀隆
……………………
……………………
うおあひっ！？
うおあひっ！？
キズナ
キズナ
おはようございます
おはようございます
秀隆
秀隆
おはよう……じゃねえよ、びっくりするわ！
おはよう……じゃねえよ、びっくりするわ！
キズナ
キズナ
すみません
すみません
バクバク心臓が高鳴ったまま、オレは上半身を起こした。
バクバク心臓が高鳴ったまま、オレは上半身を起こした。
もちろん、上は裸だ。
もちろん、上は裸だ。
しかし、キズナは動じた様子もなく、ニコニコとしている。
しかし、キズナは動じた様子もなく、ニコニコとしている。
秀隆
秀隆
いつからそこに……？
いつからそこに……？
キズナ
キズナ
ほんの５分ほど前です
ほんの５分ほど前です
意識が目覚める前から居たらしい。
意識が目覚める前から居たらしい。
秀隆
秀隆
アクセラも大概気配がないが、おまえも同じだな
アクセラも大概気配がないが、おまえも同じだな
キズナ
キズナ
以前はクノイチだったかも知れませんね
以前はクノイチだったかも知れませんね
秀隆
秀隆
クノイチ？
クノイチ？
キズナ
キズナ
女性の忍者ですねっ
女性の忍者ですねっ
秀隆
秀隆
ニンジャか……聞いたことあるようなないような
ニンジャか……聞いたことあるようなないような
秀隆
秀隆
つか……何か用か？
つか……何か用か？
キズナ
キズナ
そろそろ朝ごはんの時間です
そろそろ朝ごはんの時間です
秀隆
秀隆
ああ、そう……わざわざ起こしにきてくれてありがとよ
ああ、そう……わざわざ起こしにきてくれてありがとよ
キズナ
キズナ
どう致しましてっ
どう致しましてっ
秀隆
秀隆
ふわ……
ふわ……
キズナと共にリビングへ。
キズナと共にリビングへ。
アクセラ
アクセラ
大きなアクビですね。眠気が取れていないように見受けられます
大きなアクビですね。眠気が取れていないように見受けられます
秀隆
秀隆
一家のために働く男だからな、疲れもするっての
一家のために働く男だからな、疲れもするっての
アクセラ
アクセラ
実はクビになっていて、公園で日がな一日過ごしている、
実はクビになっていて、公園で日がな一日過ごしている、
なんてことはありませんか？
なんてことはありませんか？
秀隆
秀隆
ないない
ないない
アクセラ
アクセラ
…………
…………
秀隆
秀隆
何だよその目は。まさか疑ってるのか？
何だよその目は。まさか疑ってるのか？
アクセラ
アクセラ
そんな、私が秀隆様を疑うなどと言うことが……
そんな、私が秀隆様を疑うなどと言うことが……
秀隆
秀隆
あるだろ。日頃たくさん
あるだろ。日頃たくさん
アクセラ
アクセラ
そうですね。否定できないところです
そうですね。否定できないところです
秀隆
秀隆
いつかヒーヒー言わせてやるからな
いつかヒーヒー言わせてやるからな
モミモミと両手で怪しい動きをしてみる。
モミモミと両手で怪しい動きをしてみる。
秋
秋
……朝から気分の悪くなるものを見てしまいました……
……朝から気分の悪くなるものを見てしまいました……
ちょっと寝癖の残った秋が、不機嫌そうな顔で席へと腰を下ろす。
ちょっと寝癖の残った秋が、不機嫌そうな顔で席へと腰を下ろす。
最悪なタイミングで起きてきやがって……。
最悪なタイミングで起きてきやがって……。
秀隆
秀隆
これはおまえ、あれだ、スキンシップってヤツだ
これはおまえ、あれだ、スキンシップってヤツだ
秋
秋
ただのセクハラです
ただのセクハラです
秀隆
秀隆
ぐ……
ぐ……
キズナ
キズナ
ひーくんなりのお茶目ですよ
ひーくんなりのお茶目ですよ
秀隆
秀隆
さすがキズナだ、よく言った。どんどん言ってやるといいぞ
さすがキズナだ、よく言った。どんどん言ってやるといいぞ
秋
秋
お茶目ですめば警察はいらない
お茶目ですめば警察はいらない
ピシャリと言い放たれる。
ピシャリと言い放たれる。
朝っぱらからよろしくない妹ぶりだ。
朝っぱらからよろしくない妹ぶりだ。
キズナ
キズナ
私ので良ければモミモミしてみますか？
私ので良ければモミモミしてみますか？
秀隆
秀隆
なん、だと……？
なん、だと……？
秀隆
秀隆
なん、だと……？
なん、だと……？
思わず文字もはみ出るほど驚くオレ。
思わず文字もはみ出るほど驚くオレ。
アクセラ
アクセラ
いけませんキズナ様。今秀隆様の目が猛獣のそれになりました
いけませんキズナ様。今秀隆様の目が猛獣のそれになりました
秀隆
秀隆
失礼なことを言うな。オレがそのくらいでどど、動揺するとでも？
失礼なことを言うな。オレがそのくらいでどど、動揺するとでも？
アクセラ
アクセラ
凄まじく動揺されておりますね
凄まじく動揺されておりますね
秀隆
秀隆
くっ、大小関係なく、女の子のおっぱいは魅力的ってことかっ
くっ、大小関係なく、女の子のおっぱいは魅力的ってことかっ
秋
秋
最低ですね兄さん
最低ですね兄さん
つどつど、秋からの冷ややかなツッコミが入る。
つどつど、秋からの冷ややかなツッコミが入る。
キズナ
キズナ
男性が揉みたくなるということは、
男性が揉みたくなるということは、
女性は揉まれたくなるものなんですか？
女性は揉まれたくなるものなんですか？
秀隆
秀隆
そりゃもちろ
そりゃもちろ
秋
秋
…………
…………
秀隆
秀隆
この話は終わりだ。朝っぱらからする内容じゃない
この話は終わりだ。朝っぱらからする内容じゃない
アクセラ
アクセラ
夜なら良いという問題でもありませんが。
夜なら良いという問題でもありませんが。
昨日の今日で早速おっぱい話を出されましたね。
昨日の今日で早速おっぱい話を出されましたね。
呆れたようにため息をつかれる。
呆れたようにため息をつかれる。
秀隆
秀隆
あーもううっせうっせ
あーもううっせうっせ
ここは、一発凄い話でも聞かせて
ここは、一発凄い話でも聞かせて
話の流れを変えてやることにしよう。
話の流れを変えてやることにしよう。
秀隆
秀隆
聞いて驚いていいぞ。
聞いて驚いていいぞ。
今日は、何とあの高坂特務官が来ることになってるんだ
今日は、何とあの高坂特務官が来ることになってるんだ
秋
秋
そうですか
そうですか
秀隆
秀隆
……全然驚いてないな。あの高坂特務官だぞ？
……全然驚いてないな。あの高坂特務官だぞ？
秋
秋
あのと言われても……名前は聞いたことありますけど
あのと言われても……名前は聞いたことありますけど
アクセラ
アクセラ
ドリームタウンの特務官、ですよね？
ドリームタウンの特務官、ですよね？
秀隆
秀隆
そうだよ。ドリームタウンで一番凄い特務官だ
そうだよ。ドリームタウンで一番凄い特務官だ
キズナ
キズナ
そうなんですかっ
そうなんですかっ
思ったよりも、淡白な反応ばかりが返ってきた。
思ったよりも、淡白な反応ばかりが返ってきた。
秋
秋
兄さんみたいに、特務官に興味があるわけではありませんから
兄さんみたいに、特務官に興味があるわけではありませんから
秀隆
秀隆
ぐ……
ぐ……
アクセラ
アクセラ
お給料はどれくらいなんでしょうか
お給料はどれくらいなんでしょうか
秀隆
秀隆
そう言うところで食いつくなよ……
そう言うところで食いつくなよ……
アクセラ
アクセラ
では特に興味は御座いません
では特に興味は御座いません
秀隆
秀隆
あ、そう……
あ、そう……
ちょっと寂しくなった。
ちょっと寂しくなった。
キズナ
キズナ
私から質問してもいいですか？
私から質問してもいいですか？
秀隆
秀隆
ああ。秋もアクセラも冷たいヤツだからな。
ああ。秋もアクセラも冷たいヤツだからな。
何でも答えてやるぞお
何でも答えてやるぞお
キズナ
キズナ
ひーくんとどっちが凄い特務官なんでしょう？
ひーくんとどっちが凄い特務官なんでしょう？
秀隆
秀隆
……オレなんかと比べるまでもない。向こうのが圧倒的に上だ
……オレなんかと比べるまでもない。向こうのが圧倒的に上だ
キズナ
キズナ
では、どちらの方が格好いいんですか？
では、どちらの方が格好いいんですか？
秀隆
秀隆
……そりゃ向こうだろ。女の子にも相当モテるし
……そりゃ向こうだろ。女の子にも相当モテるし
キズナ
キズナ
頭がいいのはどちらなんですか？
頭がいいのはどちらなんですか？
秀隆
秀隆
……それも向こうだな。比べたら失礼に値する
……それも向こうだな。比べたら失礼に値する
キズナ
キズナ
…………
…………
秀隆
秀隆
…………
…………
大よそ、オレに高坂特務官に勝てる部分はなかった。
大よそ、オレに高坂特務官に勝てる部分はなかった。
キズナ
キズナ
どんまいですよ、ひーくんっ。
どんまいですよ、ひーくんっ。
ひーくんにはたくさんいいところがあります
ひーくんにはたくさんいいところがあります
秀隆
秀隆
た、例えば？
た、例えば？
キズナ
キズナ
ユーモアがありますっ
ユーモアがありますっ
秀隆
秀隆
それは……うん、喜んでいいんだろうか？
それは……うん、喜んでいいんだろうか？
アクセラ
アクセラ
ユーモアと言うか、ただ適当と言うか、そう言うのですよね
ユーモアと言うか、ただ適当と言うか、そう言うのですよね
秀隆
秀隆
いちいちうるさいなお前は……
いちいちうるさいなお前は……
少しはオレの良いところを引き出そうとしてみろよ
少しはオレの良いところを引き出そうとしてみろよ
アクセラはピタリと動きを止めると、うーんと考え始めた。
アクセラはピタリと動きを止めると、うーんと考え始めた。
…………。
…………。
……。
……。
アクセラ
アクセラ
秀隆様は……
秀隆様は……
秀隆
秀隆
オレは？
オレは？
アクセラ
アクセラ
…………
…………
秀隆
秀隆
…………
…………
アクセラ
アクセラ
申し訳御座いません。１つも思い浮かびませんでした
申し訳御座いません。１つも思い浮かびませんでした
秀隆
秀隆
何か１つくらい思いつけよ！　お世辞でもいいだろ！
何か１つくらい思いつけよ！　お世辞でもいいだろ！
秋
秋
アクセラは何も悪くないです
アクセラは何も悪くないです
秀隆
秀隆
例えば、そう、優しい、とか！
例えば、そう、優しい、とか！
秋
秋
自分で言ってどうするんですか。それに、優しいですか？
自分で言ってどうするんですか。それに、優しいですか？
秀隆
秀隆
優しくないと思います……
優しくないと思います……
アクセラ
アクセラ
嘘を申告することは、私には出来ません
嘘を申告することは、私には出来ません
アンドロイドに言われると、凄く残酷な気がして泣きそうになった。
アンドロイドに言われると、凄く残酷な気がして泣きそうになった。
秀隆
秀隆
人の良いところなんて、簡単には見つからないんだよ！
人の良いところなんて、簡単には見つからないんだよ！
アクセラ
アクセラ
開き直りましたね
開き直りましたね
秀隆
秀隆
アクセラの良いところって何だよ。言ってみろよ、えぇおい
アクセラの良いところって何だよ。言ってみろよ、えぇおい
秋
秋
気が利きます
気が利きます
キズナ
キズナ
優しいです
優しいです
２人が即行で答えた。
２人が即行で答えた。
アクセラ
アクセラ
ありがとうございます
ありがとうございます
反論しようと思ったが、反論できない。
反論しようと思ったが、反論できない。
そりゃ確かにアクセラは気が利く。
そりゃ確かにアクセラは気が利く。
それに優しいという言葉もしっかりあてはまるだろう。
それに優しいという言葉もしっかりあてはまるだろう。
秀隆
秀隆
ば、バカ、アンドロイドは反則だろっ！　なしだなし！
ば、バカ、アンドロイドは反則だろっ！　なしだなし！
秋
秋
兄さんが言い出したんじゃないですか。頭おかしいんですか？
兄さんが言い出したんじゃないですか。頭おかしいんですか？
頭おかしいって、おま、それ言いすぎだろうよぅ……。
頭おかしいって、おま、それ言いすぎだろうよぅ……。
だが、オレはめげずに抵抗を見せることにした。
だが、オレはめげずに抵抗を見せることにした。
秀隆
秀隆
秋の良いところ、そう秋のいいところなんてないよな！　な！
秋の良いところ、そう秋のいいところなんてないよな！　な！
秀隆
秀隆
根暗だし、ぶっきら棒だし、すぐ人の悪口いうし
根暗だし、ぶっきら棒だし、すぐ人の悪口いうし
キズナ
キズナ
でも全部ひーくんに対してだけですよね？
でも全部ひーくんに対してだけですよね？
秀隆
秀隆
うぐ……だがとにかくいいところなんてない！
うぐ……だがとにかくいいところなんてない！
アクセラ
アクセラ
友達想いです
友達想いです
キズナ
キズナ
面倒見がいいです
面倒見がいいです
友達思い、というのは確かに否定しづらいかもしれない。
友達思い、というのは確かに否定しづらいかもしれない。
家でのことはともかく、こいつは愛佳と仲良くなった。
家でのことはともかく、こいつは愛佳と仲良くなった。
それに、キズナのことをなんだかんだで相手にしているし。
それに、キズナのことをなんだかんだで相手にしているし。
秀隆
秀隆
じゃ、じゃあ……キズナは？
じゃ、じゃあ……キズナは？
アクセラ
アクセラ
明るく―――いつも周囲を明るくしてくれます
明るく―――いつも周囲を明るくしてくれます
秋
秋
誰とでも仲良くなれるところです
誰とでも仲良くなれるところです
キズナ
キズナ
いやぁお恥ずかしいです
いやぁお恥ずかしいです
言われてみれば、いつもキズナは明るい。
言われてみれば、いつもキズナは明るい。
どんな話題でも笑顔をなくさないし、不機嫌にもならない。
どんな話題でも笑顔をなくさないし、不機嫌にもならない。
さらに凛ともすぐ打ち解けていた節がある。
さらに凛ともすぐ打ち解けていた節がある。
秀隆
秀隆
……オレは？
……オレは？
アクセラ
アクセラ
…………
…………
秋
秋
…………
…………
キズナ
キズナ
やっぱりユーモアがありますよねっ
やっぱりユーモアがありますよねっ
秀隆
秀隆
もういい！　この話題はお終いだ！
もういい！　この話題はお終いだ！
アクセラ
アクセラ
ご自分からお話を振っておいて、随分都合のいい話ですね
ご自分からお話を振っておいて、随分都合のいい話ですね
秀隆
秀隆
この家は肩身が狭い！　狭すぎる！
この家は肩身が狭い！　狭すぎる！
よくよく考えたら、女の子３人で結束力が強いのは当たり前だ。
よくよく考えたら、女の子３人で結束力が強いのは当たり前だ。
オレの味方をしてくれる頼もしい男友達の存在が欲しいぞ。
オレの味方をしてくれる頼もしい男友達の存在が欲しいぞ。
あ、でもそれでみんなの視線が別の男に行くのは嫌だな。
あ、でもそれでみんなの視線が別の男に行くのは嫌だな。
オレってば我がまま☆
オレってば我がまま☆
秀隆
秀隆
ん？
ん？
朝食直前、玄関の呼び出しが鳴った。
朝食直前、玄関の呼び出しが鳴った。
秀隆
秀隆
客が来るとか珍しいな
客が来るとか珍しいな
オレはのそりと椅子から立ち上がり玄関へ。
オレはのそりと椅子から立ち上がり玄関へ。
こういう仕事は、本来アクセラの担当なんだが、
こういう仕事は、本来アクセラの担当なんだが、
色々と理由があってそれは出来ない。
色々と理由があってそれは出来ない。
秀隆
秀隆
どなたですか？
どなたですか？
凛
凛
あたしあたし
あたしあたし
と、スピーカー越しに凛の声が聞こえた。
と、スピーカー越しに凛の声が聞こえた。
秀隆
秀隆
凛……？
凛……？
凛
凛
おはよ
おはよ
秀隆
秀隆
お、おお。おはよう。どうしたんだよ朝早くから
お、おお。おはよう。どうしたんだよ朝早くから
凛
凛
朝一ロケが入っててホテルに宿泊したんだけど、
朝一ロケが入っててホテルに宿泊したんだけど、
どうせなら秀隆のところでご馳走になろうと思ってさ
どうせなら秀隆のところでご馳走になろうと思ってさ
秀隆
秀隆
ホテルの方が美味しい食事が出るだろうに……とりあえず入れよ
ホテルの方が美味しい食事が出るだろうに……とりあえず入れよ
凛
凛
おじゃましまーす
おじゃましまーす
秋
秋
あ……
あ……
凛
凛
おはよう秋。それにキズナも
おはよう秋。それにキズナも
いつの間にか秋のことを呼び捨てにしていた。
いつの間にか秋のことを呼び捨てにしていた。
サラッと自然にそうなる辺りさすがだな。
サラッと自然にそうなる辺りさすがだな。
キズナ
キズナ
おはようございますっ
おはようございますっ
秋
秋
おはようございます
おはようございます
挨拶を交わし、凛はオレの隣の席に腰を下ろした。
挨拶を交わし、凛はオレの隣の席に腰を下ろした。
凛
凛
朝から賑やかでいいよね
朝から賑やかでいいよね
秀隆
秀隆
賑やか過ぎるのは色々と問題だけどな。
賑やか過ぎるのは色々と問題だけどな。
アクセラ、悪いんだが一人分食事増やせるか？
アクセラ、悪いんだが一人分食事増やせるか？
アクセラ
アクセラ
すぐ対応させていただきます
すぐ対応させていただきます
凛
凛
ありがと
ありがと
運ばれて来た食事に、凛がお礼を言う。
運ばれて来た食事に、凛がお礼を言う。
アクセラ
アクセラ
どう致しまして。遠慮なくお召し上がりください
どう致しまして。遠慮なくお召し上がりください
凛
凛
アクセラって、やっぱりいいアンドロイドよね
アクセラって、やっぱりいいアンドロイドよね
秀隆
秀隆
おまえがそんなこと言うなんて、びっくりだな
おまえがそんなこと言うなんて、びっくりだな
凛
凛
なんか、まぁ苦手は苦手なんだけどさ。
なんか、まぁ苦手は苦手なんだけどさ。
接してると思わず人間と思っちゃうし
接してると思わず人間と思っちゃうし
アクセラ
アクセラ
ありがとうございます
ありがとうございます
凛
凛
それに、よく秀隆の面倒を見てるなと思うと、同情もしちゃうしね
それに、よく秀隆の面倒を見てるなと思うと、同情もしちゃうしね
アクセラ
アクセラ
それをわかっていただけますか
それをわかっていただけますか
凛
凛
わかるわかる。だって大変でしょ？
わかるわかる。だって大変でしょ？
アクセラ
アクセラ
それはもう。日々苦労しております
それはもう。日々苦労しております
秀隆
秀隆
人の悪口を言い合いながら打ち解けるのやめてもらえます？
人の悪口を言い合いながら打ち解けるのやめてもらえます？
凛
凛
女の子ってのは、こういうところから仲良くなってくもんだから
女の子ってのは、こういうところから仲良くなってくもんだから
秋
秋
それはあるかもしれませんね
それはあるかもしれませんね
凛
凛
でしょ？
でしょ？
そ、そうなのか。
そ、そうなのか。
陰であれこれ言われてると思うと複雑だぞ。
陰であれこれ言われてると思うと複雑だぞ。
秀隆
秀隆
そうだ。おまえら凛の良いところはないよな？
そうだ。おまえら凛の良いところはないよな？
凛
凛
は？　いきなり何よ
は？　いきなり何よ
アクセラ
アクセラ
まだ懲りていらっしゃらないのですか、秀隆様……
まだ懲りていらっしゃらないのですか、秀隆様……
秀隆
秀隆
だって、清純派を売りにしてる割に口は悪いし。なあ？
だって、清純派を売りにしてる割に口は悪いし。なあ？
秋
秋
私に同意を求めないでください
私に同意を求めないでください
キズナ
キズナ
りんりんは、思い切りの良さが、よいところだと思います
りんりんは、思い切りの良さが、よいところだと思います
秋
秋
私もそう思う。言えないことを言ってくれる、頼れる人というか
私もそう思う。言えないことを言ってくれる、頼れる人というか
秋
秋
お友達っていうと、失礼かもしれませんが
お友達っていうと、失礼かもしれませんが
凛
凛
やだな。秋とはそんなに話してないけど、あたしは友達になったつもり。これからいろんなところに一緒に遊びに行ったりしましょ
やだな。秋とはそんなに話してないけど、あたしは友達になったつもり。これからいろんなところに一緒に遊びに行ったりしましょ
秋
秋
あ、はい。喜んで
あ、はい。喜んで
キズナ
キズナ
私も仲間にいれてくださいっ
私も仲間にいれてくださいっ
凛
凛
当たり前でしょ。アクセラも今度一緒にどう？
当たり前でしょ。アクセラも今度一緒にどう？
アクセラ
アクセラ
ありがとうございます
ありがとうございます
秀隆
秀隆
あ、ぼ、僕もいいですか？
あ、ぼ、僕もいいですか？
凛
凛
あんたはダメ
あんたはダメ
秀隆
秀隆
……いじけちゃうぞ、オレも
……いじけちゃうぞ、オレも
それから、軽食を口にした凛は、ポーチを手に立ち上がった。
それから、軽食を口にした凛は、ポーチを手に立ち上がった。
凛
凛
ご馳走様。そろそろ行かないと遅刻しちゃうわ
ご馳走様。そろそろ行かないと遅刻しちゃうわ
秀隆
秀隆
そうか。オレはもう少ししてから出る
そうか。オレはもう少ししてから出る
凛
凛
またね
またね
ひらひらっと手を振って、凛は軽快に仕事へと向かった。
ひらひらっと手を振って、凛は軽快に仕事へと向かった。
秋
秋
…………
…………
秀隆
秀隆
で、さっきから何だよ。言いたいことがあるならハッキリ言えよ
で、さっきから何だよ。言いたいことがあるならハッキリ言えよ
秋
秋
凛さんが悪いわけではありませんが、
凛さんが悪いわけではありませんが、
あまり人を連れて来ないようにしてください
あまり人を連れて来ないようにしてください
秀隆
秀隆
オレが連れてきたんじゃなくて、向こうが勝手に来たんだけどな
オレが連れてきたんじゃなくて、向こうが勝手に来たんだけどな
秋
秋
それは、そもそも兄さんが一度家に招いたからじゃないですか
それは、そもそも兄さんが一度家に招いたからじゃないですか
秀隆
秀隆
う……
う……
秋
秋
キズナはともかく、アクセラのことがあります。
キズナはともかく、アクセラのことがあります。
本当なら、誰にも秘密のはずではないですか
本当なら、誰にも秘密のはずではないですか
秀隆
秀隆
分かってるさ
分かってるさ
秀隆
秀隆
でもあいつはドリームタウンの人間だ。
でもあいつはドリームタウンの人間だ。
オレたちのことは知らないし、何か思うことはないだろうさ
オレたちのことは知らないし、何か思うことはないだろうさ
秋
秋
それでも、０じゃありません
それでも、０じゃありません
秀隆
秀隆
……そりゃ、まぁ……
……そりゃ、まぁ……
キズナ
キズナ
あの、深く立ち入るつもりはありませんが、
あの、深く立ち入るつもりはありませんが、
アクセラさんのことを秘密にする理由ってなんなんですか？
アクセラさんのことを秘密にする理由ってなんなんですか？
秋
秋
それは
それは
秀隆
秀隆
それは、聞かない方がいい
それは、聞かない方がいい
オレは、秋の代わりに答えることにした。
オレは、秋の代わりに答えることにした。
秀隆
秀隆
別にキズナを信用してないわけでも、
別にキズナを信用してないわけでも、
ただ意地悪をして聞かせないってわけでもない
ただ意地悪をして聞かせないってわけでもない
秀隆
秀隆
知らない方が、良いこともあるんだ
知らない方が、良いこともあるんだ
キズナ
キズナ
大丈夫です。私は気にしませんよ
大丈夫です。私は気にしませんよ
ニッコリと笑って、キズナは頷いた。
ニッコリと笑って、キズナは頷いた。
キズナに、わざわざ罪の意識を植え付ける必要は無い。
キズナに、わざわざ罪の意識を植え付ける必要は無い。
アクセラのことで悔いるのは、オレと秋だけで十分なんだ。
アクセラのことで悔いるのは、オレと秋だけで十分なんだ。
秀隆
秀隆
はーっ……
はーっ……
まどか
まどか
朝からどうしたの、そんな深いため息ついて
朝からどうしたの、そんな深いため息ついて
秀隆
秀隆
オレにも色々あるんだよ、家庭の事情ってヤツが
オレにも色々あるんだよ、家庭の事情ってヤツが
まどか
まどか
もしかして、あの子とうまくいってない、とか？
もしかして、あの子とうまくいってない、とか？
秀隆
秀隆
いや。そっちの方は怖いくらいバッチリだ。秋のほうだよ
いや。そっちの方は怖いくらいバッチリだ。秋のほうだよ
まどか
まどか
あぁ……そう言うことね
あぁ……そう言うことね
まあ、秋と言うか女の子同士の結束の強さと言うか。
まあ、秋と言うか女の子同士の結束の強さと言うか。
そう言う肩身の狭いことが多々重なるとため息も出る。
そう言う肩身の狭いことが多々重なるとため息も出る。
磯部
磯部
誰だよ秋って
誰だよ秋って
まどか
まどか
島津くんの妹さん
島津くんの妹さん
磯部
磯部
お前に妹ねえ。正直、どう言う子なのか想像つかないな
お前に妹ねえ。正直、どう言う子なのか想像つかないな
まどか
まどか
素直ないい子よ。島津くんと違って
素直ないい子よ。島津くんと違って
秀隆
秀隆
いやいや、オレはめちゃめちゃ素直だって。なあ？
いやいや、オレはめちゃめちゃ素直だって。なあ？
同意を求めたが、磯部は視線を逸らすだけだった。
同意を求めたが、磯部は視線を逸らすだけだった。
まどか
まどか
ずっと秋ちゃんとは、仲が悪いままなの？
ずっと秋ちゃんとは、仲が悪いままなの？
オレは家庭内の事情……秋と不仲であることは伏せている。
オレは家庭内の事情……秋と不仲であることは伏せている。
だが、まどかのように、事情を知る人間もいる。
だが、まどかのように、事情を知る人間もいる。
秀隆
秀隆
いや、仲直りはしたよ。でも、まだどこか違和感があるってだけ
いや、仲直りはしたよ。でも、まだどこか違和感があるってだけ
まどか
まどか
そう……
そう……
何か言いたそうだったが、まどかは口をつぐんだ。
何か言いたそうだったが、まどかは口をつぐんだ。
秀隆
秀隆
悪い、変なこと言ったな。忘れてくれ
悪い、変なこと言ったな。忘れてくれ
仕事に集中しよう。
仕事に集中しよう。
お昼の少し前。
お昼の少し前。
喉が渇いたオレはコーヒーを買うために廊下へ。
喉が渇いたオレはコーヒーを買うために廊下へ。
自販機の前でどれにしようか悩んでいると……。
自販機の前でどれにしようか悩んでいると……。
グイッ。
グイッ。
いきなり背後からスーツを引っ張られた。
いきなり背後からスーツを引っ張られた。
秀隆
秀隆
なんだ！？
なんだ！？
慌てて振り返ると、そこには
慌てて振り返ると、そこには
希望
希望
秀隆くん
秀隆くん
秀隆
秀隆
希望！？　お、お前なんでこんなところに？
希望！？　お、お前なんでこんなところに？
希望
希望
龍也さんについて、遊びにきちゃった
龍也さんについて、遊びにきちゃった
秀隆
秀隆
遊びにきちゃったって、今日は平日だぞ
遊びにきちゃったって、今日は平日だぞ
希望
希望
あはは
あはは
秀隆
秀隆
いや、あははじゃない……学園は真面目に行かなきゃダメだ
いや、あははじゃない……学園は真面目に行かなきゃダメだ
希望
希望
喜んでもらえるかとおもったのに、怒られちゃった
喜んでもらえるかとおもったのに、怒られちゃった
秀隆
秀隆
そりゃ希望に会えたことは嬉しいけどさ、
そりゃ希望に会えたことは嬉しいけどさ、
元教師としては、その辺注意せざるを得ないと言うか
元教師としては、その辺注意せざるを得ないと言うか
希望
希望
まあまあ、たまにはいいじゃない。
まあまあ、たまにはいいじゃない。
龍也さんも息抜きならいいって言ってくれたし
龍也さんも息抜きならいいって言ってくれたし
秀隆
秀隆
高坂特務官が？
高坂特務官が？
龍也
龍也
残念ながら、僕は一言も許可した覚えはありませんけどね
残念ながら、僕は一言も許可した覚えはありませんけどね
希望
希望
あ……
あ……
龍也
龍也
どうも島津くん
どうも島津くん
秀隆
秀隆
高坂特務官！　こ、こんにちは！
高坂特務官！　こ、こんにちは！
龍也
龍也
学園があるからダメだと言ったんですが、
学園があるからダメだと言ったんですが、
どうしてもホープタウンに行くと言って聞かなくて
どうしてもホープタウンに行くと言って聞かなくて
やれやれ、と肩をすくめる。
やれやれ、と肩をすくめる。
秀隆
秀隆
もしかして、何度かそういったこととか、あったりします？
もしかして、何度かそういったこととか、あったりします？
龍也
龍也
ええ。もう何度目か分からないよ
ええ。もう何度目か分からないよ
秀隆
秀隆
なるほど……
なるほど……
たまにこっちで希望を見かけてたのは、そう言うことか。
たまにこっちで希望を見かけてたのは、そう言うことか。
希望は暢気に笑っている。
希望は暢気に笑っている。
秀隆
秀隆
ったく、笑ってる場合じゃないぞ？
ったく、笑ってる場合じゃないぞ？
龍也
龍也
もしお昼がまだであれば、
もしお昼がまだであれば、
希望ちゃんとお昼ご飯に行って貰えないかい？
希望ちゃんとお昼ご飯に行って貰えないかい？
秀隆
秀隆
それは、まだ食べてないので構いませんけど、高坂特務官は
それは、まだ食べてないので構いませんけど、高坂特務官は
ご一緒されないのですか？
ご一緒されないのですか？
龍也
龍也
僕は唐沢代表と昼食の約束があってね。
僕は唐沢代表と昼食の約束があってね。
学園をサボってついてきた彼女を同席させるのは、ちょっと
学園をサボってついてきた彼女を同席させるのは、ちょっと
秀隆
秀隆
確かに……
確かに……
秀隆
秀隆
分かりました。ではお預かりします
分かりました。ではお預かりします
龍也
龍也
すみませんが、よろしくお願いします
すみませんが、よろしくお願いします
希望
希望
子供みたいな扱いされちゃった
子供みたいな扱いされちゃった
秀隆
秀隆
やってることが子供みたいだから、仕方ないな
やってることが子供みたいだから、仕方ないな
龍也
龍也
僕とも今度、是非食事して下さい
僕とも今度、是非食事して下さい
そう言い、高坂特務官は代表室へと向かった。
そう言い、高坂特務官は代表室へと向かった。
秀隆
秀隆
とりあえず……外に行くか
とりあえず……外に行くか
希望
希望
そうだね
そうだね
希望
希望
いつもここで食べてるの？
いつもここで食べてるの？
昼休み、途中で買った軽食を片手に、
昼休み、途中で買った軽食を片手に、
オレたちはベンチに座った。
オレたちはベンチに座った。
秀隆
秀隆
自然に囲まれて食べる食事なんて、最高だろ？
自然に囲まれて食べる食事なんて、最高だろ？
希望
希望
うーん確かに。でも、一人でさびしくない？
うーん確かに。でも、一人でさびしくない？
秀隆
秀隆
子供じゃないんだ。寂しいわけないだろ
子供じゃないんだ。寂しいわけないだろ
希望
希望
どうして寂しそうな顔をしてるの？
どうして寂しそうな顔をしてるの？
秀隆
秀隆
……気のせいだ
……気のせいだ
希望
希望
もしかして、秀隆くんってさ……
もしかして、秀隆くんってさ……
秀隆
秀隆
な、なんだよ……
な、なんだよ……
希望
希望
友達がいないの？
友達がいないの？
秀隆
秀隆
そんなわけないだろ！
そんなわけないだろ！
希望
希望
そ、そんなに必死に否定しなくても
そ、そんなに必死に否定しなくても
秀隆
秀隆
と、友達なんて腐るほどいるさ
と、友達なんて腐るほどいるさ
希望
希望
それならいいんだけど……
それならいいんだけど……
明らかに、希望に疑われている。
明らかに、希望に疑われている。
秀隆
秀隆
……だから、その……鋭意努力中だ
……だから、その……鋭意努力中だ
オレは屈して、友達がいないことを認めた。
オレは屈して、友達がいないことを認めた。
希望
希望
あらら……
あらら……
秀隆
秀隆
ちょっと入社の経緯が特殊だったからさ、
ちょっと入社の経緯が特殊だったからさ、
簡単には打ち解けられないというか、なんと言うか
簡単には打ち解けられないというか、なんと言うか
秀隆
秀隆
途中入社の新入りだから仕方ないんだよ
途中入社の新入りだから仕方ないんだよ
希望
希望
なるほどぉ。それはちょっと複雑だね
なるほどぉ。それはちょっと複雑だね
秀隆
秀隆
ただ、最近は話せる同僚も増えてきた
ただ、最近は話せる同僚も増えてきた
秀隆
秀隆
もうちょっとで、友達になれそうな気はするんだよなぁ
もうちょっとで、友達になれそうな気はするんだよなぁ
むしゃりと、トウモロコシパンにかぶりついた。
むしゃりと、トウモロコシパンにかぶりついた。
希望
希望
そうなんだ。そういう頑張ろうとしてるところ、龍也さんとは違うね
そうなんだ。そういう頑張ろうとしてるところ、龍也さんとは違うね
秀隆
秀隆
高坂特務官と一緒にするなよ。
高坂特務官と一緒にするなよ。
あの人は、仲間も友達もたくさんいるだろうし
あの人は、仲間も友達もたくさんいるだろうし
希望
希望
そんなことないと思うよ？
そんなことないと思うよ？
秀隆
秀隆
え？
え？
予想外の反応が返ってきた。
予想外の反応が返ってきた。
希望
希望
龍也さんを慕う人は沢山いるけど、
龍也さんを慕う人は沢山いるけど、
友達って呼べる人は、たぶん一人もいないと思う
友達って呼べる人は、たぶん一人もいないと思う
秀隆
秀隆
意外だな……
意外だな……
あの人は、仕事も女性も、友達も全部持ってると思っていた。
あの人は、仕事も女性も、友達も全部持ってると思っていた。
希望
希望
多分周りの人は、自分が釣り合わないって感じて、
多分周りの人は、自分が釣り合わないって感じて、
最初から距離を置いてるんじゃないかなぁ
最初から距離を置いてるんじゃないかなぁ
秀隆
秀隆
そう、か。そういわれると、そうかも
そう、か。そういわれると、そうかも
オレなんかも、初対面の時から萎縮しっぱなしだ。
オレなんかも、初対面の時から萎縮しっぱなしだ。
ドリームタウンの特務官たちも、同じ気持ちなのかも知れない。
ドリームタウンの特務官たちも、同じ気持ちなのかも知れない。
希望
希望
良かったら、友達になってあげてね
良かったら、友達になってあげてね
秀隆
秀隆
オレなんかが高坂特務官の友達になるなんて、失礼だよ
オレなんかが高坂特務官の友達になるなんて、失礼だよ
希望
希望
そんなことは無いと思うけどなあ
そんなことは無いと思うけどなあ
秀隆
秀隆
同じなのは、格好良さくらいだって
同じなのは、格好良さくらいだって
希望
希望
あはは、自惚れの天才だね、秀隆くんは
あはは、自惚れの天才だね、秀隆くんは
秀隆
秀隆
……あはははは
……あはははは
希望
希望
あははははっ
あははははっ
秀隆
秀隆
帰る
帰る
希望
希望
わあ、待って待って
わあ、待って待って
ぐいっと腕を掴まれる。
ぐいっと腕を掴まれる。
希望
希望
実はちょっと、聞いてもらいたい話があるんだ
実はちょっと、聞いてもらいたい話があるんだ
秀隆
秀隆
ダサいオレなんかに相談しないで、高坂特務官にしろよ
ダサいオレなんかに相談しないで、高坂特務官にしろよ
希望
希望
格好いい秀隆くんにお願いしたいな
格好いい秀隆くんにお願いしたいな
秀隆
秀隆
今さらだろ、今さら
今さらだろ、今さら
希望
希望
テレ隠しって奴だね
テレ隠しって奴だね
秀隆
秀隆
ホントかよ……
ホントかよ……
オレは、当然無視するわけにも行かず座りなおした。
オレは、当然無視するわけにも行かず座りなおした。
秀隆
秀隆
で……なんだよ相談って
で……なんだよ相談って
希望はにっこりと笑った。
希望はにっこりと笑った。
希望
希望
ちゃんと相談乗ってくれるんだ。ありがと
ちゃんと相談乗ってくれるんだ。ありがと
秀隆
秀隆
別に……
別に……
希望
希望
実は私ね、ちょっと悩んでることがあるの
実は私ね、ちょっと悩んでることがあるの
そう言い、希望は１枚の紙を取り出した。
そう言い、希望は１枚の紙を取り出した。
そこには―――進路調査と書かれてあった。
そこには―――進路調査と書かれてあった。
秀隆
秀隆
進路か
進路か
希望
希望
うん
うん
進路調査表と書かれた紙には、第一～第三の欄が用意されている。
進路調査表と書かれた紙には、第一～第三の欄が用意されている。
言わば、これから先自分がなりたいものを書く。
言わば、これから先自分がなりたいものを書く。
この相談なら、高坂特務官じゃないのもわからないではない。
この相談なら、高坂特務官じゃないのもわからないではない。
秀隆
秀隆
なりたいものがないのか？
なりたいものがないのか？
希望
希望
うーん。なんとなーくは浮かぶけど、
うーん。なんとなーくは浮かぶけど、
結局それは、私が本気でやりたいものではないかなあ
結局それは、私が本気でやりたいものではないかなあ
秀隆
秀隆
参考までに聞かせてくれ
参考までに聞かせてくれ
希望
希望
お嫁さん
お嫁さん
秀隆
秀隆
それは前に聞いた
それは前に聞いた
希望
希望
あはは。えっと、そうだなぁ……特務官とか？
あはは。えっと、そうだなぁ……特務官とか？
秀隆
秀隆
とって付けたような回答だな
とって付けたような回答だな
希望
希望
漠然と考えたことはあるんだよ？
漠然と考えたことはあるんだよ？
秀隆
秀隆
高坂特務官と同じ仕事をしたいとか、そう言う感じ？
高坂特務官と同じ仕事をしたいとか、そう言う感じ？
希望
希望
そだね。でも、なんかぱっとしなくって
そだね。でも、なんかぱっとしなくって
秀隆
秀隆
他には？
他には？
希望
希望
進学するって手も、あると思ってる
進学するって手も、あると思ってる
秀隆
秀隆
なるほど。大学にいける知識があるなら、それはありだな
なるほど。大学にいける知識があるなら、それはありだな
秀隆
秀隆
４年間通ってる間に、やりたいものが見つかる可能性もある
４年間通ってる間に、やりたいものが見つかる可能性もある
希望
希望
そうなんだよね
そうなんだよね
秀隆
秀隆
お父さん、大河内代表はなんて言ってるんだ？
お父さん、大河内代表はなんて言ってるんだ？
希望
希望
おまえの好きなようにしろ。
おまえの好きなようにしろ。
俺はアドバイスもしないが、邪魔をするつもりもない、って
俺はアドバイスもしないが、邪魔をするつもりもない、って
秀隆
秀隆
良くも悪くも放任主義ってことか
良くも悪くも放任主義ってことか
希望
希望
そうだね。だから、相談とかしにくくって
そうだね。だから、相談とかしにくくって
秀隆
秀隆
それでオレに白羽の矢を立ててくれたわけだな
それでオレに白羽の矢を立ててくれたわけだな
希望
希望
立ててくれた？　立てられた、じゃなくて？
立ててくれた？　立てられた、じゃなくて？
秀隆
秀隆
別に嫌じゃないぞ。進路相談なんて、むしろ歓迎だ
別に嫌じゃないぞ。進路相談なんて、むしろ歓迎だ
希望
希望
……ありがとう
……ありがとう
元教師として、学生に相談されるのはうれしいことだ。
元教師として、学生に相談されるのはうれしいことだ。
秀隆
秀隆
そういえば、希望って２年生なんだな
そういえば、希望って２年生なんだな
紙に書かれた紙を見て初めて知る。
紙に書かれた紙を見て初めて知る。
秀隆
秀隆
てことは、凛や希望は秋と同い年なのか
てことは、凛や希望は秋と同い年なのか
希望
希望
凛ちゃんとはそうだよ。
凛ちゃんとはそうだよ。
秋、ちゃんって誰かな？
秋、ちゃんって誰かな？
秀隆
秀隆
あ、オレの妹
あ、オレの妹
希望
希望
へー。秀隆くんって妹さんいるんだー
へー。秀隆くんって妹さんいるんだー
秀隆
秀隆
今朝も凛の奴が勝手に家にやって来て、
今朝も凛の奴が勝手に家にやって来て、
妹共々、色々大変だったけどな
妹共々、色々大変だったけどな
希望
希望
…………
…………
んー、となにやら思考する。
んー、となにやら思考する。
希望
希望
会ってみたいかも
会ってみたいかも
秀隆
秀隆
会ったって何にもならないぞ
会ったって何にもならないぞ
希望
希望
単純に好奇心？　駄目かなあ？
単純に好奇心？　駄目かなあ？
秀隆
秀隆
別に駄目じゃないが……
別に駄目じゃないが……
希望
希望
会いたいな
会いたいな
秀隆
秀隆
ぐ……
ぐ……
上目遣いに、希望がオレを見つめる。
上目遣いに、希望がオレを見つめる。
かわいい女の子に、いや、学生にこんなお願いをされたら……。
かわいい女の子に、いや、学生にこんなお願いをされたら……。
待て待て秀隆、落ち着くんだ。
待て待て秀隆、落ち着くんだ。
可愛いからって秋に会わせてみろ、
可愛いからって秋に会わせてみろ、
後でどういうつもりですか兄さんと言われるのがオチだ。
後でどういうつもりですか兄さんと言われるのがオチだ。
それに今朝アクセラのことで注意されたばかりだ。
それに今朝アクセラのことで注意されたばかりだ。
不用意に家へと連れて行けば、面倒なことになる。
不用意に家へと連れて行けば、面倒なことになる。
ここは心を鬼にしてでも断ろう
ここは心を鬼にしてでも断ろう
希望
希望
秀隆くん、お願い。凛ちゃんも会ったなら、私も会ってみたい
秀隆くん、お願い。凛ちゃんも会ったなら、私も会ってみたい
希望の甘い吐息がオレの鼻孔をくすぐった。
希望の甘い吐息がオレの鼻孔をくすぐった。
秀隆
秀隆
仕方ないヤツだな。今回だけだぞ？
仕方ないヤツだな。今回だけだぞ？
可愛いは正義だ。
可愛いは正義だ。
秀隆
秀隆
けど、何時までこっちにいられるんだ？
けど、何時までこっちにいられるんだ？
今、秋は当然学園の時間だ。
今、秋は当然学園の時間だ。
希望
希望
今日最終で帰るって龍也さんが言ってたから……
今日最終で帰るって龍也さんが言ってたから……
秀隆
秀隆
時間に余裕はあるってことか
時間に余裕はあるってことか
希望
希望
だね
だね
秀隆
秀隆
それなら、まあいいだろ
それなら、まあいいだろ
希望を連れて、官邸に戻ったオレは、高坂特務官さんを探した。
希望を連れて、官邸に戻ったオレは、高坂特務官さんを探した。
竹内
竹内
島津くん
島津くん
秀隆
秀隆
あ、竹内特務官。お疲れ様です
あ、竹内特務官。お疲れ様です
竹内
竹内
お疲れ
お疲れ
希望
希望
こんにちは、竹内さん
こんにちは、竹内さん
竹内
竹内
希望くんの相手をしていたのかね？
希望くんの相手をしていたのかね？
秀隆
秀隆
はい。高坂特務官の元へお連れしようと思っております
はい。高坂特務官の元へお連れしようと思っております
竹内
竹内
今、高坂特務官は唐沢代表と会談中だ。しばらくかかるだろう
今、高坂特務官は唐沢代表と会談中だ。しばらくかかるだろう
秀隆
秀隆
そうでしたか……
そうでしたか……
希望
希望
あの、私見学していっちゃ駄目ですか？
あの、私見学していっちゃ駄目ですか？
希望が、竹内氏に突拍子もないことを言いだした。
希望が、竹内氏に突拍子もないことを言いだした。
竹内
竹内
見学、かね？
見学、かね？
希望
希望
はい。秀隆くんや、他の特務官の仕事場とか、見たいです
はい。秀隆くんや、他の特務官の仕事場とか、見たいです
そんなことを、竹内氏が許可するはずがないだろう。
そんなことを、竹内氏が許可するはずがないだろう。
オレが止めさせようとすると……。
オレが止めさせようとすると……。
竹内
竹内
ぜひ、見学していくといい
ぜひ、見学していくといい
秀隆
秀隆
え？　よ、よろしいんですか？
え？　よ、よろしいんですか？
竹内
竹内
構わんよ。島津くんの監督の元、いろいろ見せてもらうといい
構わんよ。島津くんの監督の元、いろいろ見せてもらうといい
希望
希望
ありがとうございますっ
ありがとうございますっ
秀隆
秀隆
いいのか……
いいのか……
どうやら、大河内代表の娘という部分を考えているんだろう。
どうやら、大河内代表の娘という部分を考えているんだろう。
不用意に断って印象を悪くするよりは良いという判断か。
不用意に断って印象を悪くするよりは良いという判断か。
竹内
竹内
では、私はこれで失礼するよ
では、私はこれで失礼するよ
秀隆
秀隆
お、お疲れ様です
お、お疲れ様です
竹内特務官を見送り、ニコニコとする希望だけが残った。
竹内特務官を見送り、ニコニコとする希望だけが残った。
希望
希望
ブイ
ブイ
秀隆
秀隆
ブイ、っておまえな。怒られたらどうするつもりだったんだよ
ブイ、っておまえな。怒られたらどうするつもりだったんだよ
希望
希望
それはほら、その時に考えるっていうか
それはほら、その時に考えるっていうか
秀隆
秀隆
ったく……
ったく……
大河内代表の娘ならではの、大胆さと言うか、なんと言うか。
大河内代表の娘ならではの、大胆さと言うか、なんと言うか。
秀隆
秀隆
じゃあ、案内するけど、大人しくしてろよ？
じゃあ、案内するけど、大人しくしてろよ？
希望
希望
大丈夫だよ。秀隆くんじゃないんだから
大丈夫だよ。秀隆くんじゃないんだから
オレは普段、どういう風に希望に見られているんだ？
オレは普段、どういう風に希望に見られているんだ？
秀隆
秀隆
お疲れ様です
お疲れ様です
まどか
まどか
お疲れ様。あら、そちらの女性は？
お疲れ様。あら、そちらの女性は？
希望
希望
初めまして。私大河内希望と言います
初めまして。私大河内希望と言います
まどか
まどか
大河内って、もしかして
大河内って、もしかして
秀隆
秀隆
そのもしかして。ドリームタウン代表の娘さんだ
そのもしかして。ドリームタウン代表の娘さんだ
一瞬だけ、ざわりと室内が騒がしくなった。
一瞬だけ、ざわりと室内が騒がしくなった。
でも、さすがに学生とは違う、
でも、さすがに学生とは違う、
すぐにいつもの雰囲気へと戻り、好奇の視線はなくなった。
すぐにいつもの雰囲気へと戻り、好奇の視線はなくなった。
まどか
まどか
そう。希望さんのご用件は？
そう。希望さんのご用件は？
秀隆
秀隆
特務官の働いてるところが見たいそうだ。
特務官の働いてるところが見たいそうだ。
竹内氏から許可も下りてて、一日見学させることになった
竹内氏から許可も下りてて、一日見学させることになった
まどか
まどか
島津くんが監督するってことでいいのかしら？
島津くんが監督するってことでいいのかしら？
秀隆
秀隆
もちろんだ
もちろんだ
希望
希望
ご迷惑おかけしますが、よろしくお願いします
ご迷惑おかけしますが、よろしくお願いします
まどか
まどか
今は忙しい時期なので、ピリピリしてる特務官も多いですが、
今は忙しい時期なので、ピリピリしてる特務官も多いですが、
あまり気になさらず。気楽に見学してください
あまり気になさらず。気楽に見学してください
希望
希望
ありがとうございます
ありがとうございます
まどかが自分の仕事に戻り、
まどかが自分の仕事に戻り、
オレはいったん自分の席に希望を連れて行った。
オレはいったん自分の席に希望を連れて行った。
そして空いた椅子に座らせる。
そして空いた椅子に座らせる。
希望
希望
ここが秀隆くんの席かー
ここが秀隆くんの席かー
興味深そうに覗き込んでくる。
興味深そうに覗き込んでくる。
学園の見学会にやって来た生徒のようで、可愛い。
学園の見学会にやって来た生徒のようで、可愛い。
希望
希望
何にもないね……
何にもないね……
そして、そんな感想を漏らす。
そして、そんな感想を漏らす。
秀隆
秀隆
余計なもののないシンプルな席で、いいだろ
余計なもののないシンプルな席で、いいだろ
希望
希望
うーん、綺麗に使ってるとは思うけど。
うーん、綺麗に使ってるとは思うけど。
なんていうか、この部屋に馴染んでないよね
なんていうか、この部屋に馴染んでないよね
秀隆
秀隆
はははは、それは心に響くから程ほどにしてくれ
はははは、それは心に響くから程ほどにしてくれ
がっくりとうな垂れる。
がっくりとうな垂れる。
秀隆
秀隆
これでも、だいぶ馴染んできた方なんだよ。
これでも、だいぶ馴染んできた方なんだよ。
当初はもう、全員に苛められて大変だったんだ
当初はもう、全員に苛められて大変だったんだ
希望
希望
秀隆くん苛められてたの？
秀隆くん苛められてたの？
秀隆
秀隆
そりゃもう、常に殴る蹴るの暴行を受けて
そりゃもう、常に殴る蹴るの暴行を受けて
秀隆
秀隆
特に磯部って男が容赦なくてさぁ
特に磯部って男が容赦なくてさぁ
磯部
磯部
おいコラ。何根も葉もない嘘を垂れ流してるんだ
おいコラ。何根も葉もない嘘を垂れ流してるんだ
希望
希望
あ、こんにちは
あ、こんにちは
磯部
磯部
こんにちは。自分は特務官の磯部と言います
こんにちは。自分は特務官の磯部と言います
希望
希望
よろしくお願いします
よろしくお願いします
磯部
磯部
おまえ、大河内代表の娘さんに変なことを吹き込むな
おまえ、大河内代表の娘さんに変なことを吹き込むな
秀隆
秀隆
嫌だなウィットなジョークに決まってるだろ
嫌だなウィットなジョークに決まってるだろ
秀隆
秀隆
磯部がオレを苛めるなんて、あるはずないじゃないか
磯部がオレを苛めるなんて、あるはずないじゃないか
秀隆
秀隆
入社初日で胸倉を掴んできたり、
入社初日で胸倉を掴んできたり、
おまえを仲間だとは認めないと暴言はいてきたり、
おまえを仲間だとは認めないと暴言はいてきたり、
そんなことがあるはずないない
そんなことがあるはずないない
磯部
磯部
ぐっ、こいつ……！
ぐっ、こいつ……！
希望
希望
そんなことされたの？
そんなことされたの？
希望は少し驚いて、オレと磯部を交互に見やった。
希望は少し驚いて、オレと磯部を交互に見やった。
磯部は慌てたようにオレの肩に手を回すと、
磯部は慌てたようにオレの肩に手を回すと、
磯部
磯部
もちろんこいつのウィットなジョークですよ。
もちろんこいつのウィットなジョークですよ。
自分と島津は、同い年なので仲良くさせてもらってます
自分と島津は、同い年なので仲良くさせてもらってます
と、世間体を気にして自分を偽った。
と、世間体を気にして自分を偽った。
希望
希望
じゃあ仲良しさんですね
じゃあ仲良しさんですね
同い年ってのが効いたのか、希望は屈託なく笑った。
同い年ってのが効いたのか、希望は屈託なく笑った。
磯部
磯部
あとで覚えてろよ
あとで覚えてろよ
秀隆
秀隆
後で覚えてろってどういう意味？
後で覚えてろってどういう意味？
磯部
磯部
後で飯を一緒に食おうって話だよ！
後で飯を一緒に食おうって話だよ！
希望
希望
仲がいいんだねー
仲がいいんだねー
秀隆
秀隆
ははははは
ははははは
磯部
磯部
ははははは……っ
ははははは……っ
オレの透き通るような笑い声と、
オレの透き通るような笑い声と、
磯部の枯れ果てる笑い声が響き渡った。
磯部の枯れ果てる笑い声が響き渡った。
秀隆
秀隆
しかし
しかし
磯部はオレに苛立ちを見せつつも、
磯部はオレに苛立ちを見せつつも、
どうもうれしそうに見える。
どうもうれしそうに見える。
その視線が、希望を向いているのだ。
その視線が、希望を向いているのだ。
秀隆
秀隆
…………
…………
この間の凛のことと言い、こいつは……。
この間の凛のことと言い、こいつは……。
磯部
磯部
なにじろじろ見てんだよ
なにじろじろ見てんだよ
秀隆
秀隆
分かるぞ磯部。オレには分かるっ
分かるぞ磯部。オレには分かるっ
腕を握り、強く頷いた。
腕を握り、強く頷いた。
磯部
磯部
分かるって、何が
分かるって、何が
秀隆
秀隆
女子学生は最高だよな！
女子学生は最高だよな！
磯部
磯部
……ば、馬鹿かおまえ。くだらねえ
……ば、馬鹿かおまえ。くだらねえ
慌てて否定するところを見ると、間違いない。
慌てて否定するところを見ると、間違いない。
いや、そもそもこんなことは議論するレベルでもない。
いや、そもそもこんなことは議論するレベルでもない。
何故なら、男が女子学生を好きなのは当然だからだ。
何故なら、男が女子学生を好きなのは当然だからだ。
秀隆
秀隆
希望は可愛いしな
希望は可愛いしな
希望
希望
私可愛い？
私可愛い？
秀隆
秀隆
間違いなく。つか、モテるだろ？
間違いなく。つか、モテるだろ？
希望
希望
うーん、そうでもないよ？
うーん、そうでもないよ？
希望
希望
あまり声をかけられないし
あまり声をかけられないし
秀隆
秀隆
マジで？　意外だな……
マジで？　意外だな……
希望
希望
あ、でもどうしてかホープタウンでは声をかけられるかも
あ、でもどうしてかホープタウンでは声をかけられるかも
秀隆
秀隆
……それって、単純に……
……それって、単純に……
大河内代表の娘と知られているかどうか、じゃないのか？
大河内代表の娘と知られているかどうか、じゃないのか？
あの怖そうな人の娘だと、手を出しづらい。
あの怖そうな人の娘だと、手を出しづらい。
まして高坂特務官の婚約者としても有名ならなお更だ。
まして高坂特務官の婚約者としても有名ならなお更だ。
秀隆
秀隆
手を出したら殺されそうだな……
手を出したら殺されそうだな……
磯部
磯部
お、俺は仕事に戻る。おまえの相手なんかしてられるかっ
お、俺は仕事に戻る。おまえの相手なんかしてられるかっ
秀隆
秀隆
じゃあ、飯は今度ってことで
じゃあ、飯は今度ってことで
磯部
磯部
誰がおまえと飯なんかに行くか！
誰がおまえと飯なんかに行くか！
希望
希望
やっぱり、よくわからない関係かも……
やっぱり、よくわからない関係かも……
オレが仕事に戻ってから、
オレが仕事に戻ってから、
希望は静かに室内の見学をしていた。
希望は静かに室内の見学をしていた。
たまに女性特務官に話しかけて、小話で盛り上がっている。
たまに女性特務官に話しかけて、小話で盛り上がっている。
オレは希望がこちらを向いていないタイミングで、まどかに話しかけた。
オレは希望がこちらを向いていないタイミングで、まどかに話しかけた。
秀隆
秀隆
ちょっといいか
ちょっといいか
まどか
まどか
なにかしら？
なにかしら？
秀隆
秀隆
希望のことなんだが、大事なデータは見られないようにしろよ？
希望のことなんだが、大事なデータは見られないようにしろよ？
まどか
まどか
えっと、どういう意味？
えっと、どういう意味？
秀隆
秀隆
そのままの意味だ
そのままの意味だ
まどか
まどか
……彼女が何か、悪いことをするって言いたいの？
……彼女が何か、悪いことをするって言いたいの？
秀隆
秀隆
そんなことはないだろう。でも、用心しておくに越したことはない。希望が無意識のうちに何かを記憶して、誰かに話すこともあるんだ
そんなことはないだろう。でも、用心しておくに越したことはない。希望が無意識のうちに何かを記憶して、誰かに話すこともあるんだ
まどか
まどか
それはそうかもしれないけど、彼女は学生よ？
それはそうかもしれないけど、彼女は学生よ？
秀隆
秀隆
いいから。念のためだ
いいから。念のためだ
秀隆
秀隆
今は、特に気をつけておいたほうがいい
今は、特に気をつけておいたほうがいい
競売の情報が少しでも漏れるのは避けたいところだ。
競売の情報が少しでも漏れるのは避けたいところだ。
まどか
まどか
……わかった。気を付けるわ
……わかった。気を付けるわ
秀隆
秀隆
頼む
頼む
もちろん、オレも希望を疑っているわけじゃないし、
もちろん、オレも希望を疑っているわけじゃないし、
そんなことがないと確信している。
そんなことがないと確信している。
だけど、確信しつつも、管理しなければならないのが役目だ。
だけど、確信しつつも、管理しなければならないのが役目だ。
しかし、ほんと楽しそうに話すよな希望も。
しかし、ほんと楽しそうに話すよな希望も。
秀隆
秀隆
ああやって、打ち解けられるのは才能だ
ああやって、打ち解けられるのは才能だ
ドリームタウンでのパーティーで、
ドリームタウンでのパーティーで、
財界の大物を相手に立ち振る舞う度胸。
財界の大物を相手に立ち振る舞う度胸。
誰とでもある程度距離を詰められるのはすばらしいことだ。
誰とでもある程度距離を詰められるのはすばらしいことだ。
秀隆
秀隆
ああっ、小林さんと楽しそうに話してる。いいな……
ああっ、小林さんと楽しそうに話してる。いいな……
秀隆
秀隆
小林さんの胸で眠れたら、幸せなんだろうなぁ
小林さんの胸で眠れたら、幸せなんだろうなぁ
秀隆
秀隆
……羨ましいぞ希望
……羨ましいぞ希望
って、いかんいかん。
って、いかんいかん。
オレはオレでやるべきことは沢山あるんだ。
オレはオレでやるべきことは沢山あるんだ。
…………。
…………。
……。
……。
se5時のチャイムS
se5時のチャイムS
定時になった。
定時になった。
途中、希望は飽きて退屈にするかと思っていたが、
途中、希望は飽きて退屈にするかと思っていたが、
他の特務官と打ち解けたせいか、暇することはなかったようだ。
他の特務官と打ち解けたせいか、暇することはなかったようだ。
秀隆
秀隆
そろそろ行くか？　家
そろそろ行くか？　家
希望
希望
そうだね
そうだね
まどか
まどか
ちょ、ちょっと。今の発言は聞き捨てならないんだけれど
ちょ、ちょっと。今の発言は聞き捨てならないんだけれど
秀隆
秀隆
なにが
なにが
まどか
まどか
今あなた、自分の家に連れて行くって
今あなた、自分の家に連れて行くって
秀隆
秀隆
ああ。いや、希望が秋に会いたがってるんだ
ああ。いや、希望が秋に会いたがってるんだ
まどか
まどか
秋ちゃんに？
秋ちゃんに？
希望
希望
はい。秀隆くんの妹さん、私と同い年みたいで。
はい。秀隆くんの妹さん、私と同い年みたいで。
それで、良かったらいろんな話を聞いてみたいなって
それで、良かったらいろんな話を聞いてみたいなって
まどか
まどか
そうだったの。私はてっきり
そうだったの。私はてっきり
秀隆
秀隆
てっきりなんだよ？
てっきりなんだよ？
まどか
まどか
……なんでもない
……なんでもない
秀隆
秀隆
まさか、下々な想像したんじゃないだろうな
まさか、下々な想像したんじゃないだろうな
まどか
まどか
しし、してないわよ！
しし、してないわよ！
まどかがムキになって声を荒げた。
まどかがムキになって声を荒げた。
秀隆
秀隆
まどかも、そう言うのを想像する年頃なんだな
まどかも、そう言うのを想像する年頃なんだな
まどか
まどか
してないって言ってるでしょ！
してないって言ってるでしょ！
怒って、立ち去ってしまう。
怒って、立ち去ってしまう。
希望
希望
怒らせちゃっていいんですか？
怒らせちゃっていいんですか？
秀隆
秀隆
こういうのはスキンシップのうちさ
こういうのはスキンシップのうちさ
希望
希望
私にはセクハラに見えたかな
私にはセクハラに見えたかな
希望
希望
佐々野さん、だっけ。すごく美人な人だね
佐々野さん、だっけ。すごく美人な人だね
秀隆
秀隆
だな、それは間違いない
だな、それは間違いない
希望
希望
秀隆くんの好みでしょ、あの人
秀隆くんの好みでしょ、あの人
秀隆
秀隆
べ、別に好みってほどじゃ……
べ、別に好みってほどじゃ……
希望
希望
わかるよ。佐々野さんを見てる目が、違うもん
わかるよ。佐々野さんを見てる目が、違うもん
秀隆
秀隆
うーむ……
うーむ……
希望
希望
ちょっと凛ちゃんに似てる雰囲気もあるしさ
ちょっと凛ちゃんに似てる雰囲気もあるしさ
秀隆
秀隆
そうかぁ？　それはないない
そうかぁ？　それはないない
希望
希望
私はあると思うけど
私はあると思うけど
希望
希望
ひょっとして、佐々野さんを狙ってたりする？
ひょっとして、佐々野さんを狙ってたりする？
秀隆
秀隆
しないよ。そもそも、あいつには彼氏がいるし
しないよ。そもそも、あいつには彼氏がいるし
希望
希望
あらら、そうなんだ
あらら、そうなんだ
秀隆
秀隆
つーことだ
つーことだ
希望
希望
あ、妹さんは、遊びに行ってもいいって言ってくれたの？
あ、妹さんは、遊びに行ってもいいって言ってくれたの？
秀隆
秀隆
確認してない
確認してない
希望
希望
えっ？
えっ？
秀隆
秀隆
女の子紹介したいから連れて行っていいか、
女の子紹介したいから連れて行っていいか、
って言ったら、十中八九あいつは断りを入れるからな
って言ったら、十中八九あいつは断りを入れるからな
断られた上で連れて行けば、二重で怒られる。
断られた上で連れて行けば、二重で怒られる。
でも黙って連れて行けば、怒られるのは１度で済むってわけだ。
でも黙って連れて行けば、怒られるのは１度で済むってわけだ。
希望
希望
私行かない方がいいかな？
私行かない方がいいかな？
秀隆
秀隆
大丈夫だ。他人には優しいから……基本的には
大丈夫だ。他人には優しいから……基本的には
希望
希望
つまり、秀隆くんが嫌われてるってこと？
つまり、秀隆くんが嫌われてるってこと？
秀隆
秀隆
あぁいや、別にそう言うわけじゃない
あぁいや、別にそう言うわけじゃない
秀隆
秀隆
ほら、兄妹って、あんまりベタベタしないもんだから
ほら、兄妹って、あんまりベタベタしないもんだから
希望
希望
そうなんだ。私一人っ子だからなあ
そうなんだ。私一人っ子だからなあ
本来なら、大河内代表の娘である希望を
本来なら、大河内代表の娘である希望を
家に連れて行くのはリスクでしかない。
家に連れて行くのはリスクでしかない。
キズナと遭遇する可能性だって十分あるからだ。
キズナと遭遇する可能性だって十分あるからだ。
でも、この部分だけを綺麗に避けるのはかえって危険だ。
でも、この部分だけを綺麗に避けるのはかえって危険だ。
それに普通の子として紹介すれば、
それに普通の子として紹介すれば、
何ら引っかかるようなことはないだろう。
何ら引っかかるようなことはないだろう。
キズナの秘密を守ることは絶対厳守だが、
キズナの秘密を守ることは絶対厳守だが、
キズナを普通の子として扱うことも同じくらい大切だ。
キズナを普通の子として扱うことも同じくらい大切だ。
友達が出来る機会があるなら、
友達が出来る機会があるなら、
オレにはそれを奪う権利はない。
オレにはそれを奪う権利はない。
秀隆
秀隆
ただいまっと
ただいまっと
キズナ
キズナ
お帰りなさいっ
お帰りなさいっ
リビングにいたのか、とととっとキズナが駆けてきた。
リビングにいたのか、とととっとキズナが駆けてきた。
どうやらキズナは既に帰宅していたらしい。
どうやらキズナは既に帰宅していたらしい。
その瞬間、希望がすばやく前に出る。
その瞬間、希望がすばやく前に出る。
希望
希望
初めましてっ。私大河内希望と言います
初めましてっ。私大河内希望と言います
キズナ
キズナ
こんにちは！　私はキズナって言いますっ
こんにちは！　私はキズナって言いますっ
キズナは見知らぬ女の子にも臆せず、希望へと近づいていく。
キズナは見知らぬ女の子にも臆せず、希望へと近づいていく。
希望
希望
よろし
よろし
……あれ？
……あれ？
秀隆
秀隆
これは、同居人の子だ。妹とはまた別だな
これは、同居人の子だ。妹とはまた別だな
キズナ
キズナ
同居させて頂いております
同居させて頂いております
希望
希望
へええ。キズナちゃんだね、よろしくっ
へええ。キズナちゃんだね、よろしくっ
キズナ
キズナ
よろしくですっ
よろしくですっ
秀隆
秀隆
凛のヤツはこのキズナにも面識があるんだ
凛のヤツはこのキズナにも面識があるんだ
希望
希望
そうなんだ。さすが凛ちゃんだね
そうなんだ。さすが凛ちゃんだね
キズナ
キズナ
こちらの可愛い方は、
こちらの可愛い方は、
リンリンと同じアイドルですか？
リンリンと同じアイドルですか？
希望
希望
私？　私はアイドルなんかじゃないよ
私？　私はアイドルなんかじゃないよ
希望
希望
凛ちゃんの学園の同級生で、秀隆くんの友達なの
凛ちゃんの学園の同級生で、秀隆くんの友達なの
キズナ
キズナ
そうでしたか。いつもひーくんがお世話になっております
そうでしたか。いつもひーくんがお世話になっております
秀隆
秀隆
お世話になってねーよ……
お世話になってねーよ……
希望
希望
しっかりした子だね
しっかりした子だね
秀隆
秀隆
しっかりしすぎてて怖いくらいだ
しっかりしすぎてて怖いくらいだ
アクセラ
アクセラ
お帰りなさいませ
お帰りなさいませ
秀隆
秀隆
ただいま
ただいま
希望
希望
うわ、凄い綺麗な人……秀隆くんの妹には見えないなぁ
うわ、凄い綺麗な人……秀隆くんの妹には見えないなぁ
アクセラ
アクセラ
私が秀隆様の妹？　それはご勘弁願えませんでしょうか？
私が秀隆様の妹？　それはご勘弁願えませんでしょうか？
秀隆
秀隆
そんな切実そうに言うなよ。秋が可哀想だろ
そんな切実そうに言うなよ。秋が可哀想だろ
アクセラ
アクセラ
はい。常々可哀想だと思っておりますが、何か？
はい。常々可哀想だと思っておりますが、何か？
秀隆
秀隆
なんでもごじゃーせん……
なんでもごじゃーせん……
希望
希望
あれ、この人も妹さんじゃないの？
あれ、この人も妹さんじゃないの？
秀隆
秀隆
これはアクセラって言って、うちのアンドロイドだ
これはアクセラって言って、うちのアンドロイドだ
希望
希望
そうなんだ。女の子タイプのアンドロイドなんだね
そうなんだ。女の子タイプのアンドロイドなんだね
秀隆
秀隆
この世には男か女しかいないんだから、不思議じゃないだろ
この世には男か女しかいないんだから、不思議じゃないだろ
アクセラ
アクセラ
毎晩秀隆様の慰み物にされております
毎晩秀隆様の慰み物にされております
希望
希望
え……
え……
ポカンと口をあける希望。
ポカンと口をあける希望。
秀隆
秀隆
お、おまえな。言っていい冗談と駄目な冗談があるぞっ！
お、おまえな。言っていい冗談と駄目な冗談があるぞっ！
希望
希望
秀隆くん、アンドロイドを性的な対象としてみるのは駄目だよ……
秀隆くん、アンドロイドを性的な対象としてみるのは駄目だよ……
秀隆
秀隆
わかっとるわ！
わかっとるわ！
キズナ
キズナ
ダッチワイフというやつですかっ
ダッチワイフというやつですかっ
秀隆
秀隆
コラコラコラコラ！
コラコラコラコラ！
秀隆
秀隆
なんつーことを言うんだおまえらはっ
なんつーことを言うんだおまえらはっ
アクセラ
アクセラ
この暴力的な胸が悪いっ、悪いんだっ！が
この暴力的な胸が悪いっ、悪いんだっ！が
秀隆様がよく口にされる外道で鬼畜な発言です
秀隆様がよく口にされる外道で鬼畜な発言です
キズナ
キズナ
自分を正当化しながら揉みしだくわけですねっ
自分を正当化しながら揉みしだくわけですねっ
秀隆
秀隆
もう部屋に戻って泣いてていいか？
もう部屋に戻って泣いてていいか？
希望
希望
私、秀隆くんに対する見方が変わ……
私、秀隆くんに対する見方が変わ……
うーん、意外と変わらないかもしれないね
うーん、意外と変わらないかもしれないね
どうやら、今までもそんな感じで見られていたらしい。
どうやら、今までもそんな感じで見られていたらしい。
アクセラ
アクセラ
そうでしたか、秋様を訪ねていらしたんですね
そうでしたか、秋様を訪ねていらしたんですね
秀隆
秀隆
その秋は帰ってないみたいだな
その秋は帰ってないみたいだな
アクセラ
アクセラ
先ほどメールは頂いております。６時までには戻ると
先ほどメールは頂いております。６時までには戻ると
ってことは、あと３０分前後ってところか。
ってことは、あと３０分前後ってところか。
秀隆
秀隆
じゃあ、それまで適当にくつろいでてくれ
じゃあ、それまで適当にくつろいでてくれ
キズナ
キズナ
私とお話しましょうっ
私とお話しましょうっ
希望
希望
うん
うん
アクセラ
アクセラ
私はお茶をお淹れしますね
私はお茶をお淹れしますね
それから、暫く希望とキズナ、
それから、暫く希望とキズナ、
そしてアクセラを交えた３人は雑談に華を咲かせた。
そしてアクセラを交えた３人は雑談に華を咲かせた。
秋
秋
ただいま……？
ただいま……？
リビングが騒がしいのを感じ取ったのか、
リビングが騒がしいのを感じ取ったのか、
帰宅した秋はやや警戒しながら入ってきた。
帰宅した秋はやや警戒しながら入ってきた。
アクセラ
アクセラ
お帰りなさいませ秋様。希望様がお待ちです
お帰りなさいませ秋様。希望様がお待ちです
秋
秋
のぞみ、さん？
のぞみ、さん？
きょとんとする秋。
きょとんとする秋。
秀隆
秀隆
これがうちの妹の秋だ
これがうちの妹の秋だ
希望
希望
似てないね
似てないね
秀隆
秀隆
第一印象がそこか
第一印象がそこか
凛と同じようなことを言いやがる。
凛と同じようなことを言いやがる。
希望
希望
私大河内希望って言います。よろしくお願いしますっ
私大河内希望って言います。よろしくお願いしますっ
秋
秋
あ、はい……
あ、はい……
一瞬だけ、秋はジトっとオレを見た。
一瞬だけ、秋はジトっとオレを見た。
もちろん、また新しい人を連れてきて、という怒りだ。
もちろん、また新しい人を連れてきて、という怒りだ。
オレは視線をそらして逃げておく。
オレは視線をそらして逃げておく。
秀隆
秀隆
えっと、凛の同級生なんだよ。友達なんだってさ
えっと、凛の同級生なんだよ。友達なんだってさ
秋
秋
凛さんの……
凛さんの……
希望
希望
秀隆くんに聞いたら、妹さんが私と同級生って話だったから
秀隆くんに聞いたら、妹さんが私と同級生って話だったから
希望
希望
どうしても一度話がしたくて、お邪魔しちゃった
どうしても一度話がしたくて、お邪魔しちゃった
秋
秋
そうでしたか。私は島津秋と言います
そうでしたか。私は島津秋と言います
秋は鞄をアクセラに手渡し、席に座った。
秋は鞄をアクセラに手渡し、席に座った。
希望
希望
進路について、ちょっと同級生の意見が聞きたくって
進路について、ちょっと同級生の意見が聞きたくって
秋
秋
進路、ですか
進路、ですか
秀隆
秀隆
ああ。オレに進路相談してきたからな、助けてやろうと思って
ああ。オレに進路相談してきたからな、助けてやろうと思って
秀隆
秀隆
秋の意見でも聞いたら、少しは可能性も広がるかと考えたんだ
秋の意見でも聞いたら、少しは可能性も広がるかと考えたんだ
秋
秋
……そうですか
……そうですか
なぜだか、呆れるような顔をしたが、すぐに元に戻す。
なぜだか、呆れるような顔をしたが、すぐに元に戻す。
秋
秋
希望さんくらいだったら、
希望さんくらいだったら、
私なんかより他のお友達に聞いた方がいいと思いますよ？
私なんかより他のお友達に聞いた方がいいと思いますよ？
秀隆
秀隆
それはオレも思ったんだよ。他の子はなんていってたんだ？
それはオレも思ったんだよ。他の子はなんていってたんだ？
希望
希望
さあ？
さあ？
秀隆
秀隆
さあって、聞いてないのか
さあって、聞いてないのか
希望
希望
お友達がいないから、聞きようがないんだよね
お友達がいないから、聞きようがないんだよね
秀隆
秀隆
…………
…………
希望の意外な発言に、オレは心底驚いた。
希望の意外な発言に、オレは心底驚いた。
秀隆
秀隆
おまえに友達がいないなんて、嘘だろ？
おまえに友達がいないなんて、嘘だろ？
希望
希望
本当だよ。凛ちゃん以外には誰も友達がいないんだ
本当だよ。凛ちゃん以外には誰も友達がいないんだ
秋
秋
そ、そうなんですか？
そ、そうなんですか？
秋も、受ける印象から信じられないと思ったのか、驚きを隠さない。
秋も、受ける印象から信じられないと思ったのか、驚きを隠さない。
希望
希望
お父さんが有名で、皆が離れて行っちゃう、のかな？
お父さんが有名で、皆が離れて行っちゃう、のかな？
単純に私に、友達を作る才能がないだけかも知れないけど
単純に私に、友達を作る才能がないだけかも知れないけど
それは無い、と思う。
それは無い、と思う。
もちろん同い年の男女に好かれるかどうか、
もちろん同い年の男女に好かれるかどうか、
オレには分かりようがないけど、
オレには分かりようがないけど、
少なくともこの希望が周囲に嫌われるとは思えない。
少なくともこの希望が周囲に嫌われるとは思えない。
ありえるとしたら、今希望が言ったように
ありえるとしたら、今希望が言ったように
勝手に周囲が萎縮して距離を保ってることくらいだ。
勝手に周囲が萎縮して距離を保ってることくらいだ。
秀隆
秀隆
凛は、そう言うところ気にしそうにないもんな
凛は、そう言うところ気にしそうにないもんな
希望
希望
うん。凛ちゃんも学園にはあまり行かないから、
うん。凛ちゃんも学園にはあまり行かないから、
そう言う独り身なところもあって仲良くなったの
そう言う独り身なところもあって仲良くなったの
秀隆
秀隆
おまえ、だから平気で学園サボってるんだな？
おまえ、だから平気で学園サボってるんだな？
希望
希望
バレちゃった？
バレちゃった？
平日、たまにこっちで見かけていたのは、
平日、たまにこっちで見かけていたのは、
学園が面白くなかったからかも知れない。
学園が面白くなかったからかも知れない。
以前の愛佳と同じだ。
以前の愛佳と同じだ。
希望
希望
だから、いろいろお話がしたいなと
だから、いろいろお話がしたいなと
秀隆
秀隆
学園の先生は？　当然親身に接してくれるはずだろ
学園の先生は？　当然親身に接してくれるはずだろ
希望
希望
うーん……
うーん……
だが、希望の表情は硬いものだった。
だが、希望の表情は硬いものだった。
希望
希望
先生は、お父さんの言うことを聞いてればいい。
先生は、お父さんの言うことを聞いてればいい。
私たちが勝手に口出しして、迷惑をかけられないからって
私たちが勝手に口出しして、迷惑をかけられないからって
秀隆
秀隆
なんだそりゃ……
なんだそりゃ……
希望
希望
ともかくね、同い年の子の意見が聞きたいな
ともかくね、同い年の子の意見が聞きたいな
秀隆
秀隆
…………
…………
それ、教師としてどうなんだよ。
それ、教師としてどうなんだよ。
そりゃ大河内代表はドリームタウンの代表で権力者だ。
そりゃ大河内代表はドリームタウンの代表で権力者だ。
でもそれと希望の進路とは関係なんてない。
でもそれと希望の進路とは関係なんてない。
いや、関係があったとしても、持ち込んじゃいけない。
いや、関係があったとしても、持ち込んじゃいけない。
本来なら一人の生徒として扱わなきゃいけないところだ。
本来なら一人の生徒として扱わなきゃいけないところだ。
希望
希望
仕方ないよ。社会ってそう言うものだから
仕方ないよ。社会ってそう言うものだから
希望は小さい頃から、それを繰り返してきたんだろう。
希望は小さい頃から、それを繰り返してきたんだろう。
淡々とした物言いで語る。
淡々とした物言いで語る。
大人の対応に慣れているせいなのか。
大人の対応に慣れているせいなのか。
秀隆
秀隆
秋、何か言ってやれることはあるか？
秋、何か言ってやれることはあるか？
この場の空気を変えるため、オレは秋に投げかける。
この場の空気を変えるため、オレは秋に投げかける。
秋
秋
えーっと、事情は分かりました……。
えーっと、事情は分かりました……。
ですが、正直何も参考にはならないと思います
ですが、正直何も参考にはならないと思います
秋
秋
私も、特に考えていたわけではないので
私も、特に考えていたわけではないので
アクセラ
アクセラ
ではこの機会に、お二人とも秀隆様にご相談に乗って頂けばよろしいかと思います
ではこの機会に、お二人とも秀隆様にご相談に乗って頂けばよろしいかと思います
絶妙なタイミングで、アクセラが切り出した。
絶妙なタイミングで、アクセラが切り出した。
秀隆
秀隆
ぐ……
ぐ……
オレは、しまった、と思うが時既に遅し。
オレは、しまった、と思うが時既に遅し。
以前、オレはアクセラに秋の進路にはタッチしないと明言していた。
以前、オレはアクセラに秋の進路にはタッチしないと明言していた。
そのことを当然、こいつは不満に思っていたんだろう。
そのことを当然、こいつは不満に思っていたんだろう。
今日進路調査の話と知って、
今日進路調査の話と知って、
秋の進路相談に乗るよう誘導させやがった。
秋の進路相談に乗るよう誘導させやがった。
秀隆
秀隆
いやー、オレなんて所詮元臨時教師だからな。
いやー、オレなんて所詮元臨時教師だからな。
役に立てるとはとてもとても
役に立てるとはとてもとても
アクセラ
アクセラ
そんなことはございません。
そんなことはございません。
秀隆様なら、きっとお二人のよき相談相手になるかと
秀隆様なら、きっとお二人のよき相談相手になるかと
秀隆
秀隆
いやいや……
いやいや……
キズナ
キズナ
ひーくんって先生だったんですかっ
ひーくんって先生だったんですかっ
秀隆
秀隆
ああ、キズナには言ってなかったっけ
ああ、キズナには言ってなかったっけ
キズナ
キズナ
イカイカが先生って呼んでいたので、
イカイカが先生って呼んでいたので、
もしやとは思っていたんですがっ
もしやとは思っていたんですがっ
希望
希望
イカイカてなんだろう……
イカイカてなんだろう……
アクセラ
アクセラ
まぁ先生と申されましても、安月給の臨時教師でしたが
まぁ先生と申されましても、安月給の臨時教師でしたが
秀隆
秀隆
っせぇな……
っせぇな……
アクセラ
アクセラ
ささ、希望様も秋様も、安月給で元臨時教師の秀隆様に、
ささ、希望様も秋様も、安月給で元臨時教師の秀隆様に、
進路調査の資料などお見せしたらよいかと思います
進路調査の資料などお見せしたらよいかと思います
秀隆
秀隆
ボロカスやな……
ボロカスやな……
希望
希望
はーい
はーい
希望は素直に、鞄から書類を取り出す。
希望は素直に、鞄から書類を取り出す。
秋
秋
私は、無いからいいよ
私は、無いからいいよ
希望
希望
あれ？　まだ進路調査とかされてないの？
あれ？　まだ進路調査とかされてないの？
秋
秋
えっと、どうだったかな……
えっと、どうだったかな……
アクセラ
アクセラ
秋様。先日進路調査の書類は届いておりましたよ？
秋様。先日進路調査の書類は届いておりましたよ？
秋
秋
…………
…………
秋も、ここでようやくアクセラの狙いを読み取ったようだ。
秋も、ここでようやくアクセラの狙いを読み取ったようだ。
秋は逃げるべく自分の方向を考える。
秋は逃げるべく自分の方向を考える。
秋
秋
私よりまず、希望さんの方から聞いてあげて下さい
私よりまず、希望さんの方から聞いてあげて下さい
秀隆
秀隆
そうだな。秋の進路相談は、いつでも出来るしな
そうだな。秋の進路相談は、いつでも出来るしな
秋
秋
はい。また後日相談させて頂きます
はい。また後日相談させて頂きます
アクセラ
アクセラ
ですが、それでは希望様のご要望通りにはならないかと。
ですが、それでは希望様のご要望通りにはならないかと。
秋様の進路相談を聞かれた上で、参考になさりたいのですよね？
秋様の進路相談を聞かれた上で、参考になさりたいのですよね？
希望
希望
うん、そうだけど……
うん、そうだけど……
アクセラもそこは慣れたもの、希望を利用し再度誘導する。
アクセラもそこは慣れたもの、希望を利用し再度誘導する。
キズナ
キズナ
じゃあまずはあっきーからにしましょう
じゃあまずはあっきーからにしましょう
キズナがアクセラのフォローを入れる。
キズナがアクセラのフォローを入れる。
こいつの場合は、別に何かを考えて言ったわけじゃないだろうけどな。
こいつの場合は、別に何かを考えて言ったわけじゃないだろうけどな。
オレも秋も、逃げ場を失っていた。
オレも秋も、逃げ場を失っていた。
どうするつもりだ、秋。
どうするつもりだ、秋。
目で合図を送る。
目で合図を送る。
こういう時だけは、兄妹としてのフィーリングをいかんなく発揮する。
こういう時だけは、兄妹としてのフィーリングをいかんなく発揮する。
秋
秋
……私は進学したいなと考えています
……私は進学したいなと考えています
秋の出した結論。
秋の出した結論。
それは、非常に無難な逃げ道だったと言えるだろう。
それは、非常に無難な逃げ道だったと言えるだろう。
秀隆
秀隆
そうか進学か。いいんじゃないか？　うん、いいねいいね
そうか進学か。いいんじゃないか？　うん、いいねいいね
秋
秋
ありがとうございます
ありがとうございます
希望
希望
秋ちゃんは進学かー。その後はどうするつもりなの？
秋ちゃんは進学かー。その後はどうするつもりなの？
秋
秋
そこまでは、ちょっと
そこまでは、ちょっと
アクセラ
アクセラ
そう言う部分を、秀隆様にご相談されては如何でしょう？
そう言う部分を、秀隆様にご相談されては如何でしょう？
秋
秋
う……
う……
少しでも隙を見せれば、アクセラがつついてくる。
少しでも隙を見せれば、アクセラがつついてくる。
秋
秋
相談もなにも、本当に何も浮かんでなくて
相談もなにも、本当に何も浮かんでなくて
秋
秋
普通にＯＬ……とかかな
普通にＯＬ……とかかな
秀隆
秀隆
ＯＬって、おまえのどこがＯＬなんだよ
ＯＬって、おまえのどこがＯＬなんだよ
しまった。
しまった。
うまくコンビネーションを合わせるつもりが、思わず突っ込んでしまった。
うまくコンビネーションを合わせるつもりが、思わず突っ込んでしまった。
秋
秋
私が何を目指そうと、兄さんには関係のない話です
私が何を目指そうと、兄さんには関係のない話です
秀隆
秀隆
別に悪いと言ってるわけじゃなくてだな
別に悪いと言ってるわけじゃなくてだな
秋がＯＬなんてやってるところを想像できないだけで……。
秋がＯＬなんてやってるところを想像できないだけで……。
アクセラ
アクセラ
素敵だと私は思います
素敵だと私は思います
キズナ
キズナ
私も、凄く良いと思いますっ
私も、凄く良いと思いますっ
秋
秋
ありがとう、アクセラ、キズナ
ありがとう、アクセラ、キズナ
希望
希望
秀隆くんと違って、二人とも立派だよね
秀隆くんと違って、二人とも立派だよね
秀隆
秀隆
ちょっとくらい皮肉を効かせた方が場も盛り上がるだろ？
ちょっとくらい皮肉を効かせた方が場も盛り上がるだろ？
アクセラ
アクセラ
むしろ冷めるかと
むしろ冷めるかと
希望
希望
いくら兄妹でも、言っていいことと悪いことがあるよ
いくら兄妹でも、言っていいことと悪いことがあるよ
なぜか、この場の空気がオレを悪者扱いしていた。
なぜか、この場の空気がオレを悪者扱いしていた。
そりゃオレが悪いのは分かってるけど、
そりゃオレが悪いのは分かってるけど、
どうして希望が既に、向こう側なんだろう。
どうして希望が既に、向こう側なんだろう。
希望
希望
秋ちゃんの話真剣に聞いてあげてください
秋ちゃんの話真剣に聞いてあげてください
アクセラ
アクセラ
聞いてあげてください
聞いてあげてください
二人が詰め寄ってくる。
二人が詰め寄ってくる。
秋はもちろんそれを望んでいないので、
秋はもちろんそれを望んでいないので、
でもこの会話に関わりたくないから、他所向くだけ。
でもこの会話に関わりたくないから、他所向くだけ。
秀隆
秀隆
こんな展開になるんじゃないかと思ってたんだ……
こんな展開になるんじゃないかと思ってたんだ……
ちょっと希望の上目遣いのお願いに流されてしまって、大きな後悔。
ちょっと希望の上目遣いのお願いに流されてしまって、大きな後悔。
秀隆
秀隆
ＯＬいいんじゃないか？　うん、いい気がしてきた！　さいこー！
ＯＬいいんじゃないか？　うん、いい気がしてきた！　さいこー！
希望
希望
うわー、露骨な嘘だね
うわー、露骨な嘘だね
アクセラ
アクセラ
秀隆様、ますます最低です
秀隆様、ますます最低です
秀隆
秀隆
い、いや。勝手に決め付けるなよ。
い、いや。勝手に決め付けるなよ。
秋のヤツはきっと、今のオレに感銘を受けたはずだ。なあ？
秋のヤツはきっと、今のオレに感銘を受けたはずだ。なあ？
無理やり秋の方へとバトンタッチ。
無理やり秋の方へとバトンタッチ。
秋
秋
……はい。感銘を受けました
……はい。感銘を受けました
素直に頷く。
素直に頷く。
秋だって、これ以上長引かせたくないから渋々答える。
秋だって、これ以上長引かせたくないから渋々答える。
秀隆
秀隆
ほらな？　な？
ほらな？　な？
希望
希望
無理やり言わされたような感じするね。すごく
無理やり言わされたような感じするね。すごく
アクセラ
アクセラ
不憫な秋様……
不憫な秋様……
秀隆
秀隆
な、なんでそう言う方向になるんだ……
な、なんでそう言う方向になるんだ……
秋
秋
えっと、希望さんは何かないんですか？
えっと、希望さんは何かないんですか？
状況を見かねた秋が、別口から切り込んだ。
状況を見かねた秋が、別口から切り込んだ。
希望
希望
将来なりたいもの？
将来なりたいもの？
秀隆くんには少し話したんだけど、
秀隆くんには少し話したんだけど、
特務官になるのも悪くないかなーとは思ってるんだ
特務官になるのも悪くないかなーとは思ってるんだ
秋
秋
……特務官、ですか
……特務官、ですか
少しだけ秋の顔が曇る。
少しだけ秋の顔が曇る。
もちろん、精一杯我慢したつもりだったろうが、
もちろん、精一杯我慢したつもりだったろうが、
まさかの職業に一瞬動じてしまったんだろう。
まさかの職業に一瞬動じてしまったんだろう。
希望
希望
どうかした？
どうかした？
秋
秋
いえ。兄さんも特務官ですから、驚いただけです
いえ。兄さんも特務官ですから、驚いただけです
希望
希望
でもね、これだ！って感じはしてないんだよね。
でもね、これだ！って感じはしてないんだよね。
それに、特務官になるのって凄く難しいんでしょ？
それに、特務官になるのって凄く難しいんでしょ？
秀隆
秀隆
ドリームタウンの規律は知らないけど、
ドリームタウンの規律は知らないけど、
簡単になれるような職業ではないだろうなあ
簡単になれるような職業ではないだろうなあ
希望
希望
だよねえ
だよねえ
アクセラ
アクセラ
大丈夫です希望様。秀隆様でもなれる職業ですから
大丈夫です希望様。秀隆様でもなれる職業ですから
希望
希望
それを聞いたら、なれる気がしてきた不思議
それを聞いたら、なれる気がしてきた不思議
秀隆
秀隆
おいおいおい。特務官の質を落とすようなこと言うなよ
おいおいおい。特務官の質を落とすようなこと言うなよ
秀隆
秀隆
自慢じゃないが、
自慢じゃないが、
オレはコネ入社だからな？
オレはコネ入社だからな？
希望
希望
ほ、本当に自慢じゃないね……
ほ、本当に自慢じゃないね……
秀隆
秀隆
一般人が特務官になるのは、本当に難しいんだ。
一般人が特務官になるのは、本当に難しいんだ。
常に学園内でトップの成績をとってるのが最低条件だな
常に学園内でトップの成績をとってるのが最低条件だな
そんな連中が寄せ集まって、さらに上下関係が生まれる。
そんな連中が寄せ集まって、さらに上下関係が生まれる。
まどかや磯部も学園の筆頭株だったが、
まどかや磯部も学園の筆頭株だったが、
やはり入社して扱いは助特務官止まりなのだ。
やはり入社して扱いは助特務官止まりなのだ。
希望
希望
龍也さんと一緒に働くのも、悪くないと思ったんだけどな
龍也さんと一緒に働くのも、悪くないと思ったんだけどな
秋
秋
龍也さん？
龍也さん？
希望
希望
あ、私の婚約者です
あ、私の婚約者です
秋
秋
こ、婚約者……
こ、婚約者……
秀隆
秀隆
学生の身で、どうもそうらしい
学生の身で、どうもそうらしい
秀隆
秀隆
しかもこの龍也さんってのは高坂特務官のことだ
しかもこの龍也さんってのは高坂特務官のことだ
アクセラ
アクセラ
ドリームタウンで一番凄い特務官、ですね？
ドリームタウンで一番凄い特務官、ですね？
秀隆
秀隆
ああ
ああ
アクセラ
アクセラ
玉の輿ですか、すばらしいことだと思います
玉の輿ですか、すばらしいことだと思います
秀隆
秀隆
いや、そう言うのはどうかと思うが……
いや、そう言うのはどうかと思うが……
それに、言っておくとこいつの親はドリームタウンの代表だ
それに、言っておくとこいつの親はドリームタウンの代表だ
秋
秋
それって、大河内とか言う人のこと？
それって、大河内とか言う人のこと？
希望
希望
うん。私のお父さんだよ
うん。私のお父さんだよ
秋
秋
……凄い……
……凄い……
アクセラ
アクセラ
億万長者ではないですか
億万長者ではないですか
秀隆
秀隆
だから、金で見るなって
だから、金で見るなって
アクセラ
アクセラ
お金は大切です。生活していくうえで欠かせないものですから
お金は大切です。生活していくうえで欠かせないものですから
そんなところを熱く語られてもうれしくない。
そんなところを熱く語られてもうれしくない。
希望
希望
秀隆くんは、見るからに貧乏そうだもんね
秀隆くんは、見るからに貧乏そうだもんね
秀隆
秀隆
うるさいやい！
うるさいやい！
家自体は立派なものなんだが、
家自体は立派なものなんだが、
希望の視点から見れば当然、大したレベルじゃない。
希望の視点から見れば当然、大したレベルじゃない。
アクセラ
アクセラ
そうなんです。
そうなんです。
特務官になられたのに、一向に家計は楽にならず……
特務官になられたのに、一向に家計は楽にならず……
秀隆
秀隆
話を続けるなよ……！
話を続けるなよ……！
アクセラ
アクセラ
どこかの誰かが、大怪我をして、
どこかの誰かが、大怪我をして、
その治療費が毎月圧し掛かっております
その治療費が毎月圧し掛かっております
秀隆
秀隆
う……
う……
希望
希望
貧乏って大変なんだね
貧乏って大変なんだね
秀隆
秀隆
うう……
うう……
オレの進路相談に乗ってもらったほうがいいかも知れない。
オレの進路相談に乗ってもらったほうがいいかも知れない。
それから、何故か進路相談の話から逸れてしまい、
それから、何故か進路相談の話から逸れてしまい、
女の子独特の雑談に華を咲かせだした。
女の子独特の雑談に華を咲かせだした。
オレは頃合いを見て、こっそりと自室に逃げ込む。
オレは頃合いを見て、こっそりと自室に逃げ込む。
秀隆
秀隆
はーしんど……
はーしんど……
部屋に戻るなり、ベッドにダイブ。
部屋に戻るなり、ベッドにダイブ。
希望が帰るまでの時間、体を休めることにしよう。
希望が帰るまでの時間、体を休めることにしよう。
…………。
…………。
……。
……。
オレは希望を送るため、ステーションまでやって来た。
オレは希望を送るため、ステーションまでやって来た。
希望
希望
また遊びに行ってもいいかな？
また遊びに行ってもいいかな？
秀隆
秀隆
もちろんだ。いつでも来ればいい
もちろんだ。いつでも来ればいい
希望
希望
うん
うん
秀隆
秀隆
でも、根本の解決にはならなかったな。悪い
でも、根本の解決にはならなかったな。悪い
希望
希望
そんなことはないよ。沢山参考になったから
そんなことはないよ。沢山参考になったから
秀隆
秀隆
そういってくれると、こっちとしては楽だけど……
そういってくれると、こっちとしては楽だけど……
秀隆
秀隆
普通にお嫁さんになるって選択は、選ぶつもりはないのか？
普通にお嫁さんになるって選択は、選ぶつもりはないのか？
希望
希望
そう、だね。何かチャレンジしてみたいとは思ってるかな
そう、だね。何かチャレンジしてみたいとは思ってるかな
希望
希望
私として生まれた以上、何か１つだけ見つけてみたいの
私として生まれた以上、何か１つだけ見つけてみたいの
しっかりとした意思は持っているように感じられた。
しっかりとした意思は持っているように感じられた。
秀隆
秀隆
それは高坂特務官や大河内代表の背中を見てるから、か？
それは高坂特務官や大河内代表の背中を見てるから、か？
彼らは自らの夢に向かってまっすぐだ。
彼らは自らの夢に向かってまっすぐだ。
希望
希望
ううん、誰かって言うと、凛ちゃんかな
ううん、誰かって言うと、凛ちゃんかな
秀隆
秀隆
……そうか。希望の場合だと、そうだよな
……そうか。希望の場合だと、そうだよな
親友である凛は、日々アイドルとして芸能界で頑張っている。
親友である凛は、日々アイドルとして芸能界で頑張っている。
オレが竹内特務官や唐沢代表に憧れる様なものだ。
オレが竹内特務官や唐沢代表に憧れる様なものだ。
希望
希望
いっぱい苦労話も聞くけど、
いっぱい苦労話も聞くけど、
それを乗り越えたときに笑う凛ちゃんが羨ましくって
それを乗り越えたときに笑う凛ちゃんが羨ましくって
秀隆
秀隆
ひとつだけ
ひとつだけ
希望
希望
ん？
ん？
秀隆
秀隆
夢を押し付けるつもりはないって上で聞いてほしい
夢を押し付けるつもりはないって上で聞いてほしい
希望
希望
うん
うん
秀隆
秀隆
特務官になるのは、凄く難しい。
特務官になるのは、凄く難しい。
激しい競争をして、友を蹴落としてこなきゃいけない
激しい競争をして、友を蹴落としてこなきゃいけない
秀隆
秀隆
だけど、きっとやりがいのある仕事だと思うぞ
だけど、きっとやりがいのある仕事だと思うぞ
希望
希望
……そうかも知れないね。
……そうかも知れないね。
なんだか、秀隆くんから聞くとそう思えてきた
なんだか、秀隆くんから聞くとそう思えてきた
秀隆
秀隆
まぁ、オレはコネ入社なわけだが……
まぁ、オレはコネ入社なわけだが……
希望
希望
そんなこと関係ないよ。
そんなこと関係ないよ。
いっそのこと、私もお父さんに頼んでみようかなぁ
いっそのこと、私もお父さんに頼んでみようかなぁ
それなら、一発で特務官になれる気がする。
それなら、一発で特務官になれる気がする。
もちろん一人娘に特務官をやらせるかは別問題だが。
もちろん一人娘に特務官をやらせるかは別問題だが。
希望
希望
もう一度真剣に考えてみるね
もう一度真剣に考えてみるね
秀隆
秀隆
ああ、そうしてくれ
ああ、そうしてくれ
龍也
龍也
希望ちゃん。島津くん
希望ちゃん。島津くん
高坂特務官がオレたちを見つけてやってきた。
高坂特務官がオレたちを見つけてやってきた。
秀隆
秀隆
お疲れ様です
お疲れ様です
龍也
龍也
今日は本当にありがとう。
今日は本当にありがとう。
仕事でもないのに、希望ちゃんの相手をさせてしまって
仕事でもないのに、希望ちゃんの相手をさせてしまって
秀隆
秀隆
自分も楽しかったですから
自分も楽しかったですから
心なしか、高坂特務官の機嫌が良い気がする。
心なしか、高坂特務官の機嫌が良い気がする。
秀隆
秀隆
良いことでもありましたか
良いことでもありましたか
龍也
龍也
ええ。仕事がひとつ片付いたからね
ええ。仕事がひとつ片付いたからね
どうやら何かの交渉が上手く行ったようだ。
どうやら何かの交渉が上手く行ったようだ。
龍也
龍也
それじゃあ、行こうか
それじゃあ、行こうか
希望
希望
はい
はい
二人並んで、オレに頭を下げた。
二人並んで、オレに頭を下げた。
オレは二人が乗り込むのを見送り、帰ることにした。
オレは二人が乗り込むのを見送り、帰ることにした。
しかし、希望は進路で悩んでいたのか。
しかし、希望は進路で悩んでいたのか。
何かオレにも、まだ力になってやれることはありそうだな。
何かオレにも、まだ力になってやれることはありそうだな。
…………。
…………。
……
……
