ホープタウン。
ホープタウン。
オレが生まれ育った街、そして世界。
オレが生まれ育った街、そして世界。
倉屋敷重工を筆頭に、大きな技術力によって支えられている。
倉屋敷重工を筆頭に、大きな技術力によって支えられている。
この街の外を、オレは知らない。
この街の外を、オレは知らない。
ただ、この見慣れた景色を見ていながらも、
ただ、この見慣れた景色を見ていながらも、
何か新しい感覚に覆われているような気がしていた。
何か新しい感覚に覆われているような気がしていた。
いつもの通学路も、少しだけ違って見える。
いつもの通学路も、少しだけ違って見える。
時折すれ違う生徒が、オレに挨拶を投げかけてくれることが、妙にくすぐったかった。
時折すれ違う生徒が、オレに挨拶を投げかけてくれることが、妙にくすぐったかった。
それと同時に、申し訳なさと感傷的な気分になってしまう。
それと同時に、申し訳なさと感傷的な気分になってしまう。
もうすぐオレは学園を去る。
もうすぐオレは学園を去る。
自分の都合に、生徒が巻き込まれてしまうことには、変わりがない。
自分の都合に、生徒が巻き込まれてしまうことには、変わりがない。
萩野
萩野
先生おはよー
先生おはよー
秀隆
秀隆
おー。おはようさん
おー。おはようさん
萩野が後ろから、たっと駆けて行った、今日も元気いっぱいのようだ。
萩野が後ろから、たっと駆けて行った、今日も元気いっぱいのようだ。
前を行く萩野がぴたっと止まって、振り返った。
前を行く萩野がぴたっと止まって、振り返った。
萩野
萩野
先生なんか元気ない？
先生なんか元気ない？
秀隆
秀隆
ん？　いや、そんなことはないぞ。元気だ元気
ん？　いや、そんなことはないぞ。元気だ元気
萩野
萩野
そうかな？　うん、じゃあ、また後でね
そうかな？　うん、じゃあ、また後でね
秀隆
秀隆
おう
おう
なんか、見抜かれてたかも。
なんか、見抜かれてたかも。
感傷的になるのは早いな、今はまだ、オレは先生なのだから。
感傷的になるのは早いな、今はまだ、オレは先生なのだから。
…………。
…………。
……。
……。
放課後はすぐにやって来た。
放課後はすぐにやって来た。
秀隆
秀隆
…………
…………
いつもなら、まだ昼前かよ、なんて悪態をつくことも珍しくないって言うのに。
いつもなら、まだ昼前かよ、なんて悪態をつくことも珍しくないって言うのに。
もうすぐ教師でなくなると分かった途端、
もうすぐ教師でなくなると分かった途端、
時間はセキを切ったように走り出しやがって。
時間はセキを切ったように走り出しやがって。
自分の現金さには、少々呆れてしまう。
自分の現金さには、少々呆れてしまう。
視界に広がるのは、授業が終わり、誰もいなくなった教室。
視界に広がるのは、授業が終わり、誰もいなくなった教室。
オレは、教壇からぐるりと教室を見渡していた。
オレは、教壇からぐるりと教室を見渡していた。
秀隆
秀隆
なんだかんだ、ここに愛着が沸いてたんだな……
なんだかんだ、ここに愛着が沸いてたんだな……
臨時教師に不満を抱きながら、
臨時教師に不満を抱きながら、
それでもオレは……無意識のうちにここが好きになっていた。
それでもオレは……無意識のうちにここが好きになっていた。
本当に良かったのだろうか？
本当に良かったのだろうか？
教師を辞め、特務官の道を目指すことは、正しかったのだろうか？
教師を辞め、特務官の道を目指すことは、正しかったのだろうか？
……いや。
……いや。
そんなことを考えるのは、まだまだ早いか。
そんなことを考えるのは、まだまだ早いか。
人生の転機が、こんなにも早く結論を出させてくれるはずがない。
人生の転機が、こんなにも早く結論を出させてくれるはずがない。
厳密には、まだ特務官にすらなっていないのだから。
厳密には、まだ特務官にすらなっていないのだから。
ドアが開く音がし、ひとりの女性……理事長がやって来た。
ドアが開く音がし、ひとりの女性……理事長がやって来た。
秀隆
秀隆
お疲れ様です。すみません、本来ならこちらからお伺いするのに
お疲れ様です。すみません、本来ならこちらからお伺いするのに
理事長
理事長
構いません。それで何か？
構いません。それで何か？
オレは放課後、忙しい理事長に無理を言ってアポイントを取っていた。
オレは放課後、忙しい理事長に無理を言ってアポイントを取っていた。
静かに教室へと足を踏み入れると、オレの少し前で立ち止まった。
静かに教室へと足を踏み入れると、オレの少し前で立ち止まった。
理事長
理事長
あまり時間がありません。手短にお願いします
あまり時間がありません。手短にお願いします
出会った時から変わらず、オレには冷たい態度だった。
出会った時から変わらず、オレには冷たい態度だった。
理事長は、人当たりがよく、非常に優しい方だと言うが、
理事長は、人当たりがよく、非常に優しい方だと言うが、
人一倍学園を愛する故に、危険分子には容赦をしない。
人一倍学園を愛する故に、危険分子には容赦をしない。
オレのような男は、厄介者でしかないのだ、だからいつも冷たい。
オレのような男は、厄介者でしかないのだ、だからいつも冷たい。
でもオレは理事長のことは嫌いになれなかった。
でもオレは理事長のことは嫌いになれなかった。
冷たい言葉の裏には、どこか温かみを含んでいる気がしていたからだ。
冷たい言葉の裏には、どこか温かみを含んでいる気がしていたからだ。
秀隆
秀隆
今日は、お願いがございまして……
今日は、お願いがございまして……
理事長
理事長
お願い？
お願い？
怪訝そうな表情を見せる。
怪訝そうな表情を見せる。
理事長
理事長
もしや、正社員にして欲しい、とかですか？
もしや、正社員にして欲しい、とかですか？
秀隆
秀隆
えっ？
えっ？
理事長
理事長
あなたが、臨時教師であることに不満を抱いていることは知っています
あなたが、臨時教師であることに不満を抱いていることは知っています
秀隆
秀隆
あぁいや……その……
あぁいや……その……
うう、そんなことまで広まっているのか……。
うう、そんなことまで広まっているのか……。
秀隆
秀隆
いえ、違います
いえ、違います
理事長
理事長
あら、では何です？　お給料のアップですか？
あら、では何です？　お給料のアップですか？
秀隆
秀隆
あの理事長……自分ってそう言うキャラ扱いなんでしょうか……
あの理事長……自分ってそう言うキャラ扱いなんでしょうか……
理事長
理事長
そう言うキャラもなにも、その通りでしょう？
そう言うキャラもなにも、その通りでしょう？
秀隆
秀隆
はは、は……
はは、は……
理事長も女性……すぐに噂はキャッチするらしい。
理事長も女性……すぐに噂はキャッチするらしい。
口は災いの元だな。
口は災いの元だな。
秀隆
秀隆
その……
その……
秀隆
秀隆
臨時教師を、辞めさせていただきたいと……
臨時教師を、辞めさせていただきたいと……
理事長
理事長
……そうですか
……そうですか
驚いた様子はなかった。
驚いた様子はなかった。
理事長
理事長
新しい就職先が見つかったのですか？
新しい就職先が見つかったのですか？
秀隆
秀隆
はい。また、唐沢さんのお力を借りることになりました
はい。また、唐沢さんのお力を借りることになりました
秀隆
秀隆
特務官に……なろうと思います
特務官に……なろうと思います
理事長
理事長
なるほど……
なるほど……
一言呟いた後、特に何かを言ってくる様子はなかった。
一言呟いた後、特に何かを言ってくる様子はなかった。
理事長
理事長
いつからを予定しているのです？
いつからを予定しているのです？
秀隆
秀隆
来れるようになれば、すぐにでもと
来れるようになれば、すぐにでもと
理事長
理事長
では、今週末までに引継ぎを終わらせてください
では、今週末までに引継ぎを終わらせてください
理事長
理事長
来週からは、もうそちらに行かれて結構ですよ
来週からは、もうそちらに行かれて結構ですよ
秀隆
秀隆
え……よろしい、んですか？
え……よろしい、んですか？
通常どんな仕事でも１ヶ月前と言うのが原則だ。
通常どんな仕事でも１ヶ月前と言うのが原則だ。
早くても後１ヶ月は教師を続けると思っていただけに、
早くても後１ヶ月は教師を続けると思っていただけに、
オレは思わず聞き返してしまっていた。
オレは思わず聞き返してしまっていた。
理事長
理事長
元々教師の枠は非常に競争率が高いのです。
元々教師の枠は非常に競争率が高いのです。
あなた以外にも、ここに来たいと仰っている先生は多い。
あなた以外にも、ここに来たいと仰っている先生は多い。
幸いテスト期間が終わったところですしね
幸いテスト期間が終わったところですしね
理事長
理事長
問題はありません
問題はありません
秀隆
秀隆
なるほど……
なるほど……
少し寂しい気もしたが、仕方がない。
少し寂しい気もしたが、仕方がない。
理事長としても、早くオレに立ち去って欲しいということなんだろう。
理事長としても、早くオレに立ち去って欲しいということなんだろう。
理事長
理事長
用件はそれだけですね？
用件はそれだけですね？
秀隆
秀隆
はい……ありがとうございます。身勝手なお話を引き受けて下さって
はい……ありがとうございます。身勝手なお話を引き受けて下さって
理事長
理事長
私は唐沢さんのお願いを聞き届けたに過ぎません
私は唐沢さんのお願いを聞き届けたに過ぎません
秀隆
秀隆
それでもです……お世話になりました
それでもです……お世話になりました
理事長
理事長
…………
…………
理事長は背中を向け、教室を出ようとした。
理事長は背中を向け、教室を出ようとした。
入り口のところで、ぴたりと足が止まる。
入り口のところで、ぴたりと足が止まる。
理事長
理事長
あなたがここに来て、もう２年でしたか
あなたがここに来て、もう２年でしたか
秀隆
秀隆
あ、はい。それくらいになります
あ、はい。それくらいになります
理事長
理事長
私は学園に何か、災いが起こるのではないかと危惧していたんです
私は学園に何か、災いが起こるのではないかと危惧していたんです
理事長
理事長
今まで男性の職員を雇ったことはありませんでしたし、
今まで男性の職員を雇ったことはありませんでしたし、
何より……あなたのメンタル面に大きく不安を抱いていました
何より……あなたのメンタル面に大きく不安を抱いていました
理事長
理事長
１日も早く辞めてくれればいいと……
１日も早く辞めてくれればいいと……
秀隆
秀隆
…………
…………
理事長
理事長
何も問題が起きなかったことに、ほっとしています
何も問題が起きなかったことに、ほっとしています
秀隆
秀隆
ご心配、おかけしました……
ご心配、おかけしました……
希望の言った通りだった。
希望の言った通りだった。
転んだままのオレは、けして迷惑をかけていなかったわけじゃない。
転んだままのオレは、けして迷惑をかけていなかったわけじゃない。
理事長がその一人であるように、ずっと負担をかけていたんだ。
理事長がその一人であるように、ずっと負担をかけていたんだ。
本当に申し訳なく思う。
本当に申し訳なく思う。
理事長
理事長
私に送ってあげられるのは言葉だけ
私に送ってあげられるのは言葉だけ
理事長
理事長
がんばりなさい。特務官
がんばりなさい。特務官
でも、理事長の言葉は、
でも、理事長の言葉は、
ただ迷惑だったと言いたかったわけじゃないように思える。
ただ迷惑だったと言いたかったわけじゃないように思える。
オレの身勝手な思い込みだろうか？
オレの身勝手な思い込みだろうか？
秀隆
秀隆
理事長……あなたはひょっとして
理事長……あなたはひょっとして
理事長
理事長
頭のいい子は嫌いではありませんよ。
頭のいい子は嫌いではありませんよ。
ただ、野暮ったいことは無しにしましょう。
ただ、野暮ったいことは無しにしましょう。
私たちの関係はこのまま、終わらせた方がいい
私たちの関係はこのまま、終わらせた方がいい
言いかけた言葉は、理事長に遮られた。
言いかけた言葉は、理事長に遮られた。
秀隆
秀隆
……そうですね。そうかも知れません
……そうですね。そうかも知れません
理事長
理事長
それでは
それでは
秀隆
秀隆
……はい。今まで、ありがとうございました
……はい。今まで、ありがとうございました
オレは深々と頭を下げた。
オレは深々と頭を下げた。
秀隆
秀隆
…………
…………
また一人きりになった教室。
また一人きりになった教室。
こことも、お別れか。
こことも、お別れか。
そう思うと、何だか名残惜しいな。
そう思うと、何だか名残惜しいな。
でもこれで大きな問題はひとつ片付いた。
でもこれで大きな問題はひとつ片付いた。
だけど後ひとつ、片付けておかなければならない問題がある。
だけど後ひとつ、片付けておかなければならない問題がある。
あいつに……話をしておかなければならない。
あいつに……話をしておかなければならない。
…………。
…………。
……。
……。
