朝、待機室にはオレ宛への書類が届いていた。
朝、待機室にはオレ宛への書類が届いていた。
送り主は、もちろんホープタウン検査機関。
送り主は、もちろんホープタウン検査機関。
オレは急くように書類を取り出し、その中身に目を通した。
オレは急くように書類を取り出し、その中身に目を通した。
後ろからまどかも覗くようにして確認している。
後ろからまどかも覗くようにして確認している。
ここで僅かでも異常が発見されていれば、
ここで僅かでも異常が発見されていれば、
すぐにでも唐沢さんや竹内氏に話を通さねばならない。
すぐにでも唐沢さんや竹内氏に話を通さねばならない。
だが
だが
秀隆
秀隆
……異常なし
……異常なし
書類には、検査の数値と共に、そんな文字がかかれてあった。
書類には、検査の数値と共に、そんな文字がかかれてあった。
後ろで、まどかが口を開く。
後ろで、まどかが口を開く。
まどか
まどか
これで気が済んだ？
これで気が済んだ？
再度調べる必要もなかった、そう言いたげな顔をしている。
再度調べる必要もなかった、そう言いたげな顔をしている。
前回の結果同様、どこにも異常は見られなかった。
前回の結果同様、どこにも異常は見られなかった。
今回提出したものは検査用として
今回提出したものは検査用として
オレが無作為に選んだサンプルであり、すり替えは不可能だ。
オレが無作為に選んだサンプルであり、すり替えは不可能だ。
……やはり、片桐の嘘だったのか……？
……やはり、片桐の嘘だったのか……？
まどか
まどか
私たちがするべきことはこれじゃない。
私たちがするべきことはこれじゃない。
何とかして交渉を成立させて、従来の関係を保つことよ
何とかして交渉を成立させて、従来の関係を保つことよ
まどか
まどか
関係にヒビを入れるような行動は二度としないで
関係にヒビを入れるような行動は二度としないで
秀隆
秀隆
…………
…………
まどか
まどか
分かった？
分かった？
秀隆
秀隆
まだ納得できないって言ったら、どう思う？
まだ納得できないって言ったら、どう思う？
まどか
まどか
ふざけてるとしか思わない。こんなことは１度きりで十分よ。
ふざけてるとしか思わない。こんなことは１度きりで十分よ。
２度も３度も、検査をお願いするなんて出来っこない
２度も３度も、検査をお願いするなんて出来っこない
まどか
まどか
今回の検査も、後々竹内特務官に追及されるかもしれない
今回の検査も、後々竹内特務官に追及されるかもしれない
まどかなりに、リスクは背負ってくれた、それは理解できる。
まどかなりに、リスクは背負ってくれた、それは理解できる。
秀隆
秀隆
多分もう一度やっても、検査結果は同じだと思う
多分もう一度やっても、検査結果は同じだと思う
まどか
まどか
だったら
だったら
秀隆
秀隆
ホープタウンじゃなく、
ホープタウンじゃなく、
ドリームタウンの検査機関に依頼することは出来ないか？
ドリームタウンの検査機関に依頼することは出来ないか？
考えられる残された手は、検査機関を変えること。
考えられる残された手は、検査機関を変えること。
それしかない。
それしかない。
まどか
まどか
は？　ちょっと、うそでしょ？
は？　ちょっと、うそでしょ？
まどか
まどか
今までの言動はともかく、それは絶対に許されない
今までの言動はともかく、それは絶対に許されない
秀隆
秀隆
ホープタウンの検査機関には、異常を見つけきれていないだけかも
ホープタウンの検査機関には、異常を見つけきれていないだけかも
まどか
まどか
もう、やめてよ島津くん……あなた、どうしちゃったの？
もう、やめてよ島津くん……あなた、どうしちゃったの？
秀隆
秀隆
腑に落ちないんだよ。片桐……愛佳が嘘をつくメリットがない
腑に落ちないんだよ。片桐……愛佳が嘘をつくメリットがない
まどか
まどか
例え元教師でも、そこまで信じられる理由って何？
例え元教師でも、そこまで信じられる理由って何？
まさか親しい関係だった、なんて言うわけじゃないでしょうね
まさか親しい関係だった、なんて言うわけじゃないでしょうね
秀隆
秀隆
違う。ただの教師と生徒だ。いや、今はそんなことすら関係ない
違う。ただの教師と生徒だ。いや、今はそんなことすら関係ない
秀隆
秀隆
彼女が特務官に対して、こんな嘘を言うメリットはないだろ？
彼女が特務官に対して、こんな嘘を言うメリットはないだろ？
まどか
まどか
言っちゃ悪いけど……こう言う悪質な悪戯も、可能性としては
言っちゃ悪いけど……こう言う悪質な悪戯も、可能性としては
ある
ある
まどか
まどか
むしろこの食品に異常がある確率より、遥かに高いと言えるわ
むしろこの食品に異常がある確率より、遥かに高いと言えるわ
秀隆
秀隆
…………
…………
まどか
まどか
それに、ホープタウンの技術力はドリームタウンよりも上よ
それに、ホープタウンの技術力はドリームタウンよりも上よ
まどか
まどか
技術の劣るドリームタウンに依頼して、
技術の劣るドリームタウンに依頼して、
どうこうなる、ってことを考える時点でナンセンスね
どうこうなる、ってことを考える時点でナンセンスね
まどか
まどか
ドリームタウンに交渉が決まった途端、
ドリームタウンに交渉が決まった途端、
そちらの機関でも異常がないか調べてくれなんて、
そちらの機関でも異常がないか調べてくれなんて、
口が裂けても言えるはずがないでしょ
口が裂けても言えるはずがないでしょ
まどか
まどか
向こうは私たちを信頼してくれてる。
向こうは私たちを信頼してくれてる。
だから、私たちが検査した結果で納得してくれているの
だから、私たちが検査した結果で納得してくれているの
まどか
まどか
検査依頼なんて、今回交渉で敗れた腹いせに
検査依頼なんて、今回交渉で敗れた腹いせに
粗を探そうとしているだけにしか見えない
粗を探そうとしているだけにしか見えない
まどか
まどか
そうなれば、最悪外交問題にだって発展しかねないわ
そうなれば、最悪外交問題にだって発展しかねないわ
秀隆
秀隆
…………
…………
まどか
まどか
それとも、そんなことも分からないの？　今のあなたには
それとも、そんなことも分からないの？　今のあなたには
まどかの言うことはごもっともだ。
まどかの言うことはごもっともだ。
なにひとつ間違っちゃいない。
なにひとつ間違っちゃいない。
秀隆
秀隆
オレは……オレはただ、自分の勘を疑いたくないだけだ
オレは……オレはただ、自分の勘を疑いたくないだけだ
まどか
まどか
ありえない……頭痛くなってきた……
ありえない……頭痛くなってきた……
まどか
まどか
それは―――それは……
それは―――それは……
あなたの勘が、良く当たることは知ってる
あなたの勘が、良く当たることは知ってる
まどか
まどか
でも、昔の話でしょ？
でも、昔の話でしょ？
まどか
まどか
あの日以来、あなたは変わってしまった。
あの日以来、あなたは変わってしまった。
それは傍に居た私が……よくわかってる
それは傍に居た私が……よくわかってる
秀隆
秀隆
そうだな……
そうだな……
秀隆
秀隆
その通りだ……
その通りだ……
まどか
まどか
もうやめて。この件に関わるのは
もうやめて。この件に関わるのは
秀隆
秀隆
でもオレは
でもオレは
まどか
まどか
ごめんなさい。これ以上は聞いてあげられない
ごめんなさい。これ以上は聞いてあげられない
強く口を結ぶと、まどかは言い放った。
強く口を結ぶと、まどかは言い放った。
まどか
まどか
あなたを、片桐食糧プラントの一件から外します
あなたを、片桐食糧プラントの一件から外します
まどか
まどか
竹内特務官の要請どおり、再交渉の場には参加させるけど、
竹内特務官の要請どおり、再交渉の場には参加させるけど、
その際にも発言をすることは禁止にします
その際にも発言をすることは禁止にします
まどか
まどか
今から暫くは特務官の心得を勉強していてもらうわ。
今から暫くは特務官の心得を勉強していてもらうわ。
これは命令よ、聞けないならやめてもらうことになる
これは命令よ、聞けないならやめてもらうことになる
秀隆
秀隆
なあまどか
なあまどか
まどか
まどか
それから、今後私のことは佐々野って呼んで。
それから、今後私のことは佐々野って呼んで。
いつまでも学生の時みたいにはいかないの。分かった？
いつまでも学生の時みたいにはいかないの。分かった？
これ以上食い下がっても、無駄なようだった。
これ以上食い下がっても、無駄なようだった。
秀隆
秀隆
……わかった
……わかった
まどか
まどか
その書類はこっちで処分しておくから
その書類はこっちで処分しておくから
秀隆
秀隆
ああ……
ああ……
オレはそっと書類を差し出した。
オレはそっと書類を差し出した。
仕事が始まってからも、
仕事が始まってからも、
オレは目に通すもの全て、頭に入っていなかった。
オレは目に通すもの全て、頭に入っていなかった。
ずっと、片桐食糧プラントのことが離れない。
ずっと、片桐食糧プラントのことが離れない。
片桐愛佳のことが、離れない。
片桐愛佳のことが、離れない。
彼女は片桐社長……つまり父親との関係が悪かった。
彼女は片桐社長……つまり父親との関係が悪かった。
そして、兄裕輔さんの話によると、
そして、兄裕輔さんの話によると、
時折嘘をついては、父親を困らせていたと言う。
時折嘘をついては、父親を困らせていたと言う。
でも、それは全て家庭内だけでの話だった。
でも、それは全て家庭内だけでの話だった。
そして最近、片桐社長は独自開発した遺伝子組み換えにより、
そして最近、片桐社長は独自開発した遺伝子組み換えにより、
トウモロコシの画期的な成長促進に成功する。
トウモロコシの画期的な成長促進に成功する。
愛佳はある日、父親の電話を聞き、
愛佳はある日、父親の電話を聞き、
その製法には異常があると耳にしてしまった。
その製法には異常があると耳にしてしまった。
と、言う話をオレが彼女から聞かされることになった。
と、言う話をオレが彼女から聞かされることになった。
その話は単純にでっち上げだったのだろうか。
その話は単純にでっち上げだったのだろうか。
父親を本気で困らせたかっただけなのだろうか？
父親を本気で困らせたかっただけなのだろうか？
問題はどこにある……どう探ればいい……。
問題はどこにある……どう探ればいい……。
ともかく机に噛り付いていても、解決の糸口は掴めない。
ともかく机に噛り付いていても、解決の糸口は掴めない。
……愛佳の発言を信じるためには、
……愛佳の発言を信じるためには、
まずは彼女のことを知ることが肝要だろう。
まずは彼女のことを知ることが肝要だろう。
昼休み。
昼休み。
オレは足早に席を立つと、特務官官邸を後にした。
オレは足早に席を立つと、特務官官邸を後にした。
そしてある場所へと急ぐ。
そしてある場所へと急ぐ。
秀隆
秀隆
どうもおはよう御座います
どうもおはよう御座います
警備員
警備員
おや、島津くんじゃないか。おはようさん
おや、島津くんじゃないか。おはようさん
警備員
警備員
なんか急に学園やめちゃったらしいけど、どうしたの
なんか急に学園やめちゃったらしいけど、どうしたの
秀隆
秀隆
ちょっと別の就職口を見つけまして
ちょっと別の就職口を見つけまして
そういって、オレは特務官に与えられる証明書を提示した。
そういって、オレは特務官に与えられる証明書を提示した。
警備員
警備員
えええっ！？　島津君特務官になったの！？
えええっ！？　島津君特務官になったの！？
警備員
警備員
と言うか、なれたの！？
と言うか、なれたの！？
秀隆
秀隆
みんなそうやって驚くんスよ
みんなそうやって驚くんスよ
警備員
警備員
だって、ねぇ。お世辞にも優秀とは思えないし
だって、ねぇ。お世辞にも優秀とは思えないし
秀隆
秀隆
ひどいっすね……
ひどいっすね……
警備員
警備員
ごめんごめん。それで、今日はどうしたんだい
ごめんごめん。それで、今日はどうしたんだい
秀隆
秀隆
実は学園に、忘れ物をしてることに気づきまして
実は学園に、忘れ物をしてることに気づきまして
警備員
警備員
忘れ物？
忘れ物？
秀隆
秀隆
教師として働くことになったとき、
教師として働くことになったとき、
妹がプレゼントしてくれた万年筆なんですけど
妹がプレゼントしてくれた万年筆なんですけど
警備員
警備員
そりゃ大変だ。ちょっと待ってくれ
そりゃ大変だ。ちょっと待ってくれ
警備員のおっちゃんは、無線機を使って内部の人間と連絡を取る。
警備員のおっちゃんは、無線機を使って内部の人間と連絡を取る。
秀隆
秀隆
職員室にあるとは思うんですが……
職員室にあるとは思うんですが……
警備員
警備員
わかった。許可が降りたから、行ってくれ
わかった。許可が降りたから、行ってくれ
秀隆
秀隆
ありがとうございます
ありがとうございます
seカードスルー
seカードスルー
オレはＩＤを通し、学園の中へと入った。
オレはＩＤを通し、学園の中へと入った。
そして、職員室へ。
そして、職員室へ。
今の時間帯は、昼食中ということもあり、
今の時間帯は、昼食中ということもあり、
殆どの教師は出払っていた。
殆どの教師は出払っていた。
残っていた何人かの先生が軽く声をかけてくれたが、
残っていた何人かの先生が軽く声をかけてくれたが、
会釈をする程度にしておき、
会釈をする程度にしておき、
オレは元の自分の席付近へと足を運ぶ。
オレは元の自分の席付近へと足を運ぶ。
まだ誰も使用していないみたいだったが、綺麗に片付いている。
まだ誰も使用していないみたいだったが、綺麗に片付いている。
適当に万年筆を捜すフリをしながら、
適当に万年筆を捜すフリをしながら、
オレは秋のクラスの生徒名簿を引っ張り出した。
オレは秋のクラスの生徒名簿を引っ張り出した。
データだけでなく、紙でも記録を残している。
データだけでなく、紙でも記録を残している。
秀隆
秀隆
片桐、片桐、と……
片桐、片桐、と……
オレが探していたのは、片桐愛佳の出席記録だった。
オレが探していたのは、片桐愛佳の出席記録だった。
秀隆
秀隆
……あった
……あった
正直、オレは愛佳について、殆ど知らなかった。
正直、オレは愛佳について、殆ど知らなかった。
オレからすれば、数多い生徒の一人でしかないし、
オレからすれば、数多い生徒の一人でしかないし、
多少目立つといっても、細かいことまで把握なんてしていない。
多少目立つといっても、細かいことまで把握なんてしていない。
記録を見て初めて、オレは彼女が休みがちであることに気が付いた。
記録を見て初めて、オレは彼女が休みがちであることに気が付いた。
けして決まった日に休んでいるわけではない。
けして決まった日に休んでいるわけではない。
月に１回のときもあれば、５回以上欠席している時もある。
月に１回のときもあれば、５回以上欠席している時もある。
そのどれもがサボりだとは言わないが、
そのどれもがサボりだとは言わないが、
体調不良の一言で片付けるには、少々多すぎる回数だ。
体調不良の一言で片付けるには、少々多すぎる回数だ。
それから、オレは担任教師の記録を拝見した。
それから、オレは担任教師の記録を拝見した。
日々の出来事を記録するものだ。
日々の出来事を記録するものだ。
そこで、片桐愛佳の欠席に関することが書かれてあった。
そこで、片桐愛佳の欠席に関することが書かれてあった。
これが書かれてあることは、大よそ想像していた通り。
これが書かれてあることは、大よそ想像していた通り。
休みが多い生徒がいれば、担任としては当然気にかける。
休みが多い生徒がいれば、担任としては当然気にかける。
そして、教師として確認を取るであろう。
そして、教師として確認を取るであろう。
そこに書かれてあったのは、
そこに書かれてあったのは、
担任教師が直接自宅に訪問した、と言う記録。
担任教師が直接自宅に訪問した、と言う記録。
愛佳は学園を休む時、必ず当日連絡をしてくる。
愛佳は学園を休む時、必ず当日連絡をしてくる。
そして、大抵が『体調不良』と言う大きな枠での答えのようだ。
そして、大抵が『体調不良』と言う大きな枠での答えのようだ。
その回数の多さにサボりかも知れない、
その回数の多さにサボりかも知れない、
と杞憂した教師が自宅に向かった、と言うものだった。
と杞憂した教師が自宅に向かった、と言うものだった。
たずねた午後９時ごろ、出迎えたのは片桐社長、つまり愛佳の父親。
たずねた午後９時ごろ、出迎えたのは片桐社長、つまり愛佳の父親。
父親は、愛佳は今部屋で寝込んでいる、と答え、
父親は、愛佳は今部屋で寝込んでいる、と答え、
どうやらサボりではなかった、と締めくくっている。
どうやらサボりではなかった、と締めくくっている。
それ以上のことは書かれていない。
それ以上のことは書かれていない。
問題は無かった、と言うことなんだろう。
問題は無かった、と言うことなんだろう。
秀隆
秀隆
…………
…………
オレは訪問した日付を確認し、愛佳の出席記録をチェックしてみた。
オレは訪問した日付を確認し、愛佳の出席記録をチェックしてみた。
丁度愛佳が休んだ日であり、さらにそこから５日間も休んでいる。
丁度愛佳が休んだ日であり、さらにそこから５日間も休んでいる。
相当、身体を弱らせていたのだろうか？
相当、身体を弱らせていたのだろうか？
半年の記録を軽くメモし、オレは足早に職員室を後にした。
半年の記録を軽くメモし、オレは足早に職員室を後にした。
秀隆
秀隆
ありがとうございました。おかげで見つかりましたよ
ありがとうございました。おかげで見つかりましたよ
あらかじめ持ち込んでおいた万年筆を、少し見せる。
あらかじめ持ち込んでおいた万年筆を、少し見せる。
あまりジロジロ見られると、安物だとバレてしまうからな。
あまりジロジロ見られると、安物だとバレてしまうからな。
警備員
警備員
それはよかった。仕事、頑張れよ
それはよかった。仕事、頑張れよ
秀隆
秀隆
うす。ではまた
うす。ではまた
秀隆
秀隆
さて……
さて……
次にオレは、病院へと向かうことにした。
次にオレは、病院へと向かうことにした。
この辺りに住んでいて、体調を崩した時に行く場所は決まっている。
この辺りに住んでいて、体調を崩した時に行く場所は決まっている。
もちろん坂ノ宮病院だ。
もちろん坂ノ宮病院だ。
近隣の住民なら、恐らく杉村さんの勤めるこの病院に足を運ぶだろう。
近隣の住民なら、恐らく杉村さんの勤めるこの病院に足を運ぶだろう。
今やろうとしていることは、あくまでも『勘』だ。
今やろうとしていることは、あくまでも『勘』だ。
自らの勘に突き動かされる衝動。
自らの勘に突き動かされる衝動。
久しぶりだ、この感覚。
久しぶりだ、この感覚。
病院に入る際には、当然ＩＤを通す必要がある。
病院に入る際には、当然ＩＤを通す必要がある。
オレは慣れた手つきでＩＤを通し中へ。
オレは慣れた手つきでＩＤを通し中へ。
受付のロビーについたところで、時刻を確認する。
受付のロビーについたところで、時刻を確認する。
１２時５２分。
１２時５２分。
そこから、歩いて精神科へ。
そこから、歩いて精神科へ。
まだお昼休みだし、恐らく患者は来ていないだろう。
まだお昼休みだし、恐らく患者は来ていないだろう。
精神科の前に着いたのは、２分後の５４分だった。
精神科の前に着いたのは、２分後の５４分だった。
秀隆
秀隆
す～ぎむらさんっ
す～ぎむらさんっ
杉村
杉村
あら、島津くんじゃな～い。どうしたの？　今日は
あら、島津くんじゃな～い。どうしたの？　今日は
秀隆
秀隆
杉村さんの胸……じゃない、顔が見たくって
杉村さんの胸……じゃない、顔が見たくって
杉村
杉村
あらあら
あらあら
ちょっと困った顔をしていた。
ちょっと困った顔をしていた。
秀隆
秀隆
それは半分。実は、もう半分用件がありまして
それは半分。実は、もう半分用件がありまして
杉村
杉村
なにかしら？
なにかしら？
秀隆
秀隆
オレの過去の診療結果を頂くことってできますか？
オレの過去の診療結果を頂くことってできますか？
杉村
杉村
それは、出来るけれど……どうして？
それは、出来るけれど……どうして？
秀隆
秀隆
特務官になったことだし、
特務官になったことだし、
改めて自分を振り返ってみたくなりまして
改めて自分を振り返ってみたくなりまして
杉村
杉村
私としては、あまりおススメしないけど……
私としては、あまりおススメしないけど……
秀隆
秀隆
お願いします。オレ、もう大丈夫ですから
お願いします。オレ、もう大丈夫ですから
秀隆
秀隆
過去の自分を本当の意味でも打ち倒すために、
過去の自分を本当の意味でも打ち倒すために、
昔の状態がどんなだったか、再確認したいんです
昔の状態がどんなだったか、再確認したいんです
杉村
杉村
…………
…………
じっとオレの目を見つめる杉村さん。
じっとオレの目を見つめる杉村さん。
杉村
杉村
本気、なのね？
本気、なのね？
秀隆
秀隆
はい
はい
杉村
杉村
わかりました。あなた自身のことであれば、私に止める権利は
わかりました。あなた自身のことであれば、私に止める権利は
ありません
ありません
そういい、コンピュータを操作し始めた。
そういい、コンピュータを操作し始めた。
秀隆
秀隆
…………
…………
オレは時刻を確認して、ふう、と息を吐いた。
オレは時刻を確認して、ふう、と息を吐いた。
se着信（共通
se着信（共通
杉村さんの部屋の電話が鳴る。
杉村さんの部屋の電話が鳴る。
杉村
杉村
あ、ごめんなさい。ちょっと待ってね
あ、ごめんなさい。ちょっと待ってね
秀隆
秀隆
了解です
了解です
se通話ボタン
se通話ボタン
杉村
杉村
もしもし杉村です。……お客さん、ですか？
もしもし杉村です。……お客さん、ですか？
杉村
杉村
はい。すぐに降ります
はい。すぐに降ります
秀隆
秀隆
あれ、なんか仕事ですか？
あれ、なんか仕事ですか？
杉村
杉村
わかんない。ちょっと呼ばれてるみたい
わかんない。ちょっと呼ばれてるみたい
杉村
杉村
ソファーにでも座って、待っててもらえる？
ソファーにでも座って、待っててもらえる？
秀隆
秀隆
わかりました。あ、コーヒーいただいても？
わかりました。あ、コーヒーいただいても？
杉村
杉村
ふふ、いいわよ
ふふ、いいわよ
秀隆
秀隆
ありがとうございます
ありがとうございます
杉村
杉村
すぐ戻るから
すぐ戻るから
そういい、杉村さんは足早に部屋を後にした。
そういい、杉村さんは足早に部屋を後にした。
秀隆
秀隆
…………
…………
オレは足早に、無言でコーヒーを作る。
オレは足早に、無言でコーヒーを作る。
seコーヒー流す
seコーヒー流す
そして、出来上がったコーヒーを、そのまま流し台から半分ほど流した。
そして、出来上がったコーヒーを、そのまま流し台から半分ほど流した。
seコーヒーをテーブルに置く0
seコーヒーをテーブルに置く0
コーヒーカップをテーブルの上に置き、コンピュータの前へ。
コーヒーカップをテーブルの上に置き、コンピュータの前へ。
そこには開きかけのオレのファイルがあった。
そこには開きかけのオレのファイルがあった。
秀隆
秀隆
…………
…………
指紋を付けないようにコントロールパネルを操作する。
指紋を付けないようにコントロールパネルを操作する。
オレが見たいものは自分のデータなんかじゃない。
オレが見たいものは自分のデータなんかじゃない。
片桐愛佳の通過記録。
片桐愛佳の通過記録。
つまり、過去病院にどれだけ足を運んでいるかが知りたかった。
つまり、過去病院にどれだけ足を運んでいるかが知りたかった。
そんなアクセス記録を、普通に頼んで見せてもらえるはずがない。
そんなアクセス記録を、普通に頼んで見せてもらえるはずがない。
だからと言って、不在のタイミングを見計らっても、
だからと言って、不在のタイミングを見計らっても、
パスワードの前に追い返されるだけだ。
パスワードの前に追い返されるだけだ。
狙えるのは、そのパスワードを解除した後の状態。
狙えるのは、そのパスワードを解除した後の状態。
オレは偽の呼び出しから戻る杉村さんが戻るまでに、
オレは偽の呼び出しから戻る杉村さんが戻るまでに、
愛佳の通過記録を調べる必要があった。
愛佳の通過記録を調べる必要があった。
ロビーからこの部屋までおよそ２分、往復４分。
ロビーからこの部屋までおよそ２分、往復４分。
エレベーターが混雑すればもう少し時間もかかるだろうが、
エレベーターが混雑すればもう少し時間もかかるだろうが、
希望的観測はやめておいた方がいいだろう。
希望的観測はやめておいた方がいいだろう。
秀隆
秀隆
通過記録、通過記録……
通過記録、通過記録……
秀隆
秀隆
……あった
……あった
そこから、さらに検索をかけ、愛佳の名前を探す。
そこから、さらに検索をかけ、愛佳の名前を探す。
秀隆
秀隆
…………
…………
だが、結論から言って、
だが、結論から言って、
ここ半年以内に愛佳の名前は１度も見当たらなかった。
ここ半年以内に愛佳の名前は１度も見当たらなかった。
もちろん、もっと過去まで調べれば見つかるかもしれないが……。
もちろん、もっと過去まで調べれば見つかるかもしれないが……。
オレは速やかに検索画面を閉じ、最初の画面へと戻した。
オレは速やかに検索画面を閉じ、最初の画面へと戻した。
それから１分ほどして、杉村さんが戻ってきた。
それから１分ほどして、杉村さんが戻ってきた。
秀隆
秀隆
お帰りなさい
お帰りなさい
杉村
杉村
ただいまぁ
ただいまぁ
杉村
杉村
なんか、間違いだったみたい
なんか、間違いだったみたい
秀隆
秀隆
そうですか。色々大変ですね
そうですか。色々大変ですね
杉村
杉村
はい。これがあなたの過去のデータ
はい。これがあなたの過去のデータ
秀隆
秀隆
ありがとうございます
ありがとうございます
杉村
杉村
いい？　絶対に無理しちゃだめよ？
いい？　絶対に無理しちゃだめよ？
秀隆
秀隆
分かってますって。それじゃ、また来ます
分かってますって。それじゃ、また来ます
杉村
杉村
はい。さようなら
はい。さようなら
昼休みが終わってからは、
昼休みが終わってからは、
オレは黙々といつもの資料に目を通す時間を過ごしていた。
オレは黙々といつもの資料に目を通す時間を過ごしていた。
もっとも、その合間に今日手に入れた資料を見直す。
もっとも、その合間に今日手に入れた資料を見直す。
愛佳の行動には疑問点も多い。
愛佳の行動には疑問点も多い。
誰でも体調を崩せば、病院に足を運ぶ。
誰でも体調を崩せば、病院に足を運ぶ。
そりゃ、かすり傷だったりちょっと休めば治るなら、
そりゃ、かすり傷だったりちょっと休めば治るなら、
わざわざ病院には足を運ばないかも知れない。
わざわざ病院には足を運ばないかも知れない。
だが、愛佳は体調を崩すたびに数日休んでいる。
だが、愛佳は体調を崩すたびに数日休んでいる。
しかも頻繁にだ。
しかも頻繁にだ。
なのに、一度も病院に行かないというのは不自然だ。
なのに、一度も病院に行かないというのは不自然だ。
なら……どうして病院に行かないのか。
なら……どうして病院に行かないのか。
あるいは、行くことが出来ないのか……。
あるいは、行くことが出来ないのか……。
秀隆
秀隆
…………
…………
学園を休んだのも、同じ理由、か。
学園を休んだのも、同じ理由、か。
誰かに傷のことを言及されるのを避けたかった。
誰かに傷のことを言及されるのを避けたかった。
なぜ？　決まっている……。
なぜ？　決まっている……。
就業時刻が終わり、皆が家路に帰りだすころ、
就業時刻が終わり、皆が家路に帰りだすころ、
オレはドリームタウンへの連絡を取るべく、
オレはドリームタウンへの連絡を取るべく、
そっと奥の端末室へと足を向けた。
そっと奥の端末室へと足を向けた。
ドリームタウンと連絡を取り合うには、
ドリームタウンと連絡を取り合うには、
専用の機器を用いらないと不可能だからだ。
専用の機器を用いらないと不可能だからだ。
秀隆
秀隆
あ、すみません。そちらドリームタウンの検査機関でしょうか？
あ、すみません。そちらドリームタウンの検査機関でしょうか？
秀隆
秀隆
私ホープタウンの特務官、島津秀隆と申します
私ホープタウンの特務官、島津秀隆と申します
秀隆
秀隆
はい。実は、検査を依頼したいものがございまして
はい。実は、検査を依頼したいものがございまして
これは危険な賭けだ。
これは危険な賭けだ。
もし、これで異常がなければオレは強く責められる。
もし、これで異常がなければオレは強く責められる。
いやそれだけじゃない、
いやそれだけじゃない、
ホープタウン全てに迷惑をかけることになるだろう。
ホープタウン全てに迷惑をかけることになるだろう。
それでも―――危険な可能性がある以上、
それでも―――危険な可能性がある以上、
動かないわけには行かない。
動かないわけには行かない。
秀隆
秀隆
ただいま
ただいま
アクセラ
アクセラ
お帰りなさいませ
お帰りなさいませ
秀隆
秀隆
まず、これを処分しておいてくれ
まず、これを処分しておいてくれ
病院で受け取った資料を手渡す。
病院で受け取った資料を手渡す。
アクセラ
アクセラ
畏まりました
畏まりました
余計なことを聞いてこないアンドロイドだと、頼みごとも楽だ。
余計なことを聞いてこないアンドロイドだと、頼みごとも楽だ。
杉村さんに貰った資料、オレにとっては不要なものだった。
杉村さんに貰った資料、オレにとっては不要なものだった。
過去の自分を見るなんて、恐ろしくて出来そうにもない。
過去の自分を見るなんて、恐ろしくて出来そうにもない。
アクセラ
アクセラ
本日、所定の時刻に病院に電話しろ、
本日、所定の時刻に病院に電話しろ、
と言われていたのはどう言うことだったのでしょう？
と言われていたのはどう言うことだったのでしょう？
秀隆
秀隆
そのことは忘れてくれ
そのことは忘れてくれ
アクセラ
アクセラ
畏まりました
畏まりました
秀隆
秀隆
それで、秋は帰ってるか？
それで、秋は帰ってるか？
アクセラ
アクセラ
はい。帰宅しておられます
はい。帰宅しておられます
秀隆
秀隆
そうか
そうか
夕食の時にでも、切り出すことにしよう。
夕食の時にでも、切り出すことにしよう。
秋
秋
…………
…………
秀隆
秀隆
…………
…………
今日も無言のような夕食が進む。
今日も無言のような夕食が進む。
オレはそのいつもの流れに、一石投じることにした。
オレはそのいつもの流れに、一石投じることにした。
秀隆
秀隆
学園の方は、どうだ？
学園の方は、どうだ？
秋
秋
……普通です
……普通です
秀隆
秀隆
…………
…………
秋
秋
…………
…………
一石投じただけで、終わってしまった。
一石投じただけで、終わってしまった。
諦めず二石目を投じてみる。
諦めず二石目を投じてみる。
秀隆
秀隆
えーっと、そうだ。ほら、おまえのクラスに片桐っているだろ？
えーっと、そうだ。ほら、おまえのクラスに片桐っているだろ？
秀隆
秀隆
片桐愛佳
片桐愛佳
秋
秋
前も話しましたが、別に兄さんの好きな巨乳じゃありませんよ
前も話しましたが、別に兄さんの好きな巨乳じゃありませんよ
秀隆
秀隆
…………
…………
秋
秋
…………
…………
秀隆
秀隆
いや、そうでなくってね。ちょっと聞いてくれる？
いや、そうでなくってね。ちょっと聞いてくれる？
秋
秋
聞いています。最近彼女の話題をよくしますね
聞いています。最近彼女の話題をよくしますね
秀隆
秀隆
ちょっとな
ちょっとな
秋
秋
ちょっと、ですか。別にいいですけど
ちょっと、ですか。別にいいですけど
秀隆
秀隆
あいつって、結構学園休んだりするのか？
あいつって、結構学園休んだりするのか？
少し考えたあと、秋が言った。
少し考えたあと、秋が言った。
秋
秋
……そうかも知れません
……そうかも知れません
どうやら、秋も何となくはそう思っていたようだ。
どうやら、秋も何となくはそう思っていたようだ。
秋
秋
それがどうかしましたか
それがどうかしましたか
珍しく、秋から返ってきた。
珍しく、秋から返ってきた。
秀隆
秀隆
特務官になってから、度々外で見かけるようになってな
特務官になってから、度々外で見かけるようになってな
秋
秋
そうですか
そうですか
すぐ興味を無くしたのか、食事に戻ってしまう。
すぐ興味を無くしたのか、食事に戻ってしまう。
秀隆
秀隆
興味ないか
興味ないか
秋
秋
興味の有無と言うより、
興味の有無と言うより、
兄さんとの会話に意味があるのか疑問はあります
兄さんとの会話に意味があるのか疑問はあります
アクセラ
アクセラ
生産性のなさそうな会話ですしね
生産性のなさそうな会話ですしね
秀隆
秀隆
日常会話に生産性を求めるなよ……
日常会話に生産性を求めるなよ……
秋
秋
お喋りは、好きじゃありません
お喋りは、好きじゃありません
秀隆
秀隆
……そう
……そう
多分、その好きじゃない、には『兄と話す』が付くんだろう。
多分、その好きじゃない、には『兄と話す』が付くんだろう。
だが、ちょっと引くわけには行かない。
だが、ちょっと引くわけには行かない。
秀隆
秀隆
おまえにひとつ頼みがあるんだ
おまえにひとつ頼みがあるんだ
秋
秋
嫌です
嫌です
秀隆
秀隆
……せめて話くらい聞いてくれ
……せめて話くらい聞いてくれ
秋
秋
では話を聞いたうえで断ります。なんですか？
では話を聞いたうえで断ります。なんですか？
秀隆
秀隆
すげぇ話づら……
すげぇ話づら……
アクセラ
アクセラ
私が出来ることであれば聞きましょうか？
私が出来ることであれば聞きましょうか？
秀隆
秀隆
残念だが、それは無理な注文だな
残念だが、それは無理な注文だな
秀隆
秀隆
愛佳と同じクラスのおまえにしか出来ないことだ
愛佳と同じクラスのおまえにしか出来ないことだ
秋
秋
……もしかして兄さん、愛佳さんが好きなんですか？
……もしかして兄さん、愛佳さんが好きなんですか？
秀隆
秀隆
どうしてそうなる
どうしてそうなる
秋
秋
教師でもなくなったのに、興味を示す理由があるとすれば、
教師でもなくなったのに、興味を示す理由があるとすれば、
そう言う低俗なことしか思い浮かばないので
そう言う低俗なことしか思い浮かばないので
アクセラ
アクセラ
私も同意見です。学生に手を出すのはモラルに反しますよ
私も同意見です。学生に手を出すのはモラルに反しますよ
アクセラ
アクセラ
まだ青い果実だというのに……実に鬼畜メガネッ
まだ青い果実だというのに……実に鬼畜メガネッ
秀隆
秀隆
メガネかけてねぇけど……
メガネかけてねぇけど……
秀隆
秀隆
あいつ、学園では結構、その、変な噂があったよな
あいつ、学園では結構、その、変な噂があったよな
秋
秋
……はい、そうですね
……はい、そうですね
秀隆
秀隆
アレは本当なのか？　……売春、してるっての
アレは本当なのか？　……売春、してるっての
秋
秋
私には真実は分かりません。
私には真実は分かりません。
でも……多分、それは嘘だと思います
でも……多分、それは嘘だと思います
秋
秋
私が聞いた話だと、ある女の子の彼氏が、
私が聞いた話だと、ある女の子の彼氏が、
片桐さんを気に入ったとかで、そのことで揉めたらしくて
片桐さんを気に入ったとかで、そのことで揉めたらしくて
秋
秋
たまたま街で男の人に声をかけられてる片桐さんを見たその子が、
たまたま街で男の人に声をかけられてる片桐さんを見たその子が、
勝手に良くない噂を流した、と言うのを聞いたことがあります
勝手に良くない噂を流した、と言うのを聞いたことがあります
秀隆
秀隆
愛佳は否定しなかったのか？
愛佳は否定しなかったのか？
秋
秋
みたいです。そう言うの、気にしていないと言いますか
みたいです。そう言うの、気にしていないと言いますか
秀隆
秀隆
……そうか
……そうか
思えば、街で愛佳に会っても、あいつが男と居る所は見たことが
思えば、街で愛佳に会っても、あいつが男と居る所は見たことが
無い。
無い。
誰かと待ち合わせをしていると思ったこともあったが、
誰かと待ち合わせをしていると思ったこともあったが、
今にして思えば、ただ一人で時間を潰していただけなのかも。
今にして思えば、ただ一人で時間を潰していただけなのかも。
そりゃ可愛いから、声をかけられてるところを見たことはあったが。
そりゃ可愛いから、声をかけられてるところを見たことはあったが。
秋
秋
そう言う噂のせいもあって、友達とか出来ないみたいで
そう言う噂のせいもあって、友達とか出来ないみたいで
秀隆
秀隆
なるほどな……
なるほどな……
秋
秋
でも、それが兄さんに関係あるんですか？
でも、それが兄さんに関係あるんですか？
アクセラ
アクセラ
やはり鬼畜メガネ！
やはり鬼畜メガネ！
秀隆
秀隆
だから違うっつーの。……割と真面目な頼みだ
だから違うっつーの。……割と真面目な頼みだ
秋
秋
……なんですか
……なんですか
秀隆
秀隆
憶測話を聞かせるのは、正直気が進まないが……
憶測話を聞かせるのは、正直気が進まないが……
オレは思い切って話をしてみることにした。
オレは思い切って話をしてみることにした。
秀隆
秀隆
オレは、あいつが親に虐待されてるんじゃないか、と思ってる
オレは、あいつが親に虐待されてるんじゃないか、と思ってる
秋
秋
…………
…………
秋の目が大きく開かれた。
秋の目が大きく開かれた。
アクセラ
アクセラ
…………
…………
アクセラも、いつに無く真剣な眼差しを向けてきた。
アクセラも、いつに無く真剣な眼差しを向けてきた。
秋
秋
根拠はないんですよね……？
根拠はないんですよね……？
秀隆
秀隆
今はない。だから確かめて欲しい
今はない。だから確かめて欲しい
秀隆
秀隆
でも、オレはほぼ間違いないと思ってる
でも、オレはほぼ間違いないと思ってる
秋
秋
…………
…………
秋
秋
なぜ、兄さんがそのことに首を突っ込むんですか。
なぜ、兄さんがそのことに首を突っ込むんですか。
元教師として血でも騒ぎますか
元教師として血でも騒ぎますか
秀隆
秀隆
気づいたから、ってだけさ
気づいたから、ってだけさ
秋
秋
そう言うの、もっと別の人に頼んだ方がいいと思います
そう言うの、もっと別の人に頼んだ方がいいと思います
秀隆
秀隆
根拠がないまま、引き継げる話でもないだろ
根拠がないまま、引き継げる話でもないだろ
秀隆
秀隆
だからって、放置しておくか？　虐待の可能性を
だからって、放置しておくか？　虐待の可能性を
秋
秋
兄さんが、そんなことを言うとは思いませんでした……
兄さんが、そんなことを言うとは思いませんでした……
秀隆
秀隆
どう言う意味だ？
どう言う意味だ？
秋
秋
いえ、別に……
いえ、別に……
秋
秋
でも、私は片桐さんと友達じゃないです
でも、私は片桐さんと友達じゃないです
秋
秋
私に何か出来るとは思えません
私に何か出来るとは思えません
秀隆
秀隆
そうかも知れないが、クラスメイトだろ
そうかも知れないが、クラスメイトだろ
秀隆
秀隆
あいつの身体に、どこか傷が無いか見て欲しい
あいつの身体に、どこか傷が無いか見て欲しい
秀隆
秀隆
そして、その傷の箇所を見つけたら、写真に撮ってくれ
そして、その傷の箇所を見つけたら、写真に撮ってくれ
秋
秋
無茶言わないでください
無茶言わないでください
秋
秋
友達でもない私が、写真撮るなんて不自然です
友達でもない私が、写真撮るなんて不自然です
秀隆
秀隆
オレが撮るよりいいだろ？
オレが撮るよりいいだろ？
アクセラ
アクセラ
それは逮捕されますね
それは逮捕されますね
秀隆
秀隆
外野は黙ってなさい
外野は黙ってなさい
アクセラ
アクセラ
申し訳御座いません
申し訳御座いません
秋
秋
…………
…………
少しだけ困った表情をしていた。
少しだけ困った表情をしていた。
秋
秋
約束は、できませんよ？
約束は、できませんよ？
秀隆
秀隆
ああ。それで構わない
ああ。それで構わない
秋
秋
やれるだけのことは、やってみます
やれるだけのことは、やってみます
秀隆
秀隆
オレの考えでは、あいつは虐待された次の日に学園を休んでる
オレの考えでは、あいつは虐待された次の日に学園を休んでる
秀隆
秀隆
恐らく傷を見られないように、だろう
恐らく傷を見られないように、だろう
秋
秋
私でも、そうすると思います
私でも、そうすると思います
秀隆
秀隆
ちょっとしたことから、あいつとは学園を休まず行く約束をした。
ちょっとしたことから、あいつとは学園を休まず行く約束をした。
首筋には赤い痣が見られたから、それを撮って欲しい
首筋には赤い痣が見られたから、それを撮って欲しい
秋
秋
…………
…………
秀隆
秀隆
細心の注意を払ってくれ。特に愛佳に気づかれるのはＮＧだ
細心の注意を払ってくれ。特に愛佳に気づかれるのはＮＧだ
秋
秋
難しい注文です……
難しい注文です……
秀隆
秀隆
ともかくそう言うわけだから、頼んだ
ともかくそう言うわけだから、頼んだ
秋
秋
ご馳走様
ご馳走様
アクセラ
アクセラ
もうよろしいのですか？
もうよろしいのですか？
秋
秋
ちょっと、食欲なくなったから
ちょっと、食欲なくなったから
秀隆
秀隆
オレが頼みごとをしたからか？
オレが頼みごとをしたからか？
秋
秋
さあ、どうでしょうね……
さあ、どうでしょうね……
秋
秋
私は
私は
秋は何か言いたそうだったが、結局それ以上口を開くことはなかった。
秋は何か言いたそうだったが、結局それ以上口を開くことはなかった。
そのまま部屋に戻っていく。
そのまま部屋に戻っていく。
秀隆
秀隆
あいつ、頼みごとされたからって怒ってやがるな？
あいつ、頼みごとされたからって怒ってやがるな？
アクセラ
アクセラ
秀隆様
秀隆様
秀隆
秀隆
ん？
ん？
アクセラ
アクセラ
秋様がお怒りになられたのは、そのことでは
秋様がお怒りになられたのは、そのことでは
秀隆
秀隆
じゃあなんでだよ
じゃあなんでだよ
アクセラ
アクセラ
それは……いえ、何でも御座いません
それは……いえ、何でも御座いません
秀隆
秀隆
何なんだ？
何なんだ？
不可解なアクセラの発言を聞きながら、食事を続けることにした。
不可解なアクセラの発言を聞きながら、食事を続けることにした。
…………。
…………。
……。
……。
