秀隆
秀隆
いつ来ても、ここは街で一番賑やかな場所だな……
いつ来ても、ここは街で一番賑やかな場所だな……
ホープタウンよりも、比較的に街の印象が暗いが、
ホープタウンよりも、比較的に街の印象が暗いが、
ここだけはどの施設よりも明るく、賑わっている。
ここだけはどの施設よりも明るく、賑わっている。
庶民からＶＩＰの人間までが、
庶民からＶＩＰの人間までが、
同じフロアに揃っているなんてこと通常ではありえない。
同じフロアに揃っているなんてこと通常ではありえない。
私服もスーツも関係なく、この場を楽しんでいる様子だ。
私服もスーツも関係なく、この場を楽しんでいる様子だ。
オレたちの前を、慣れた足取りで歩く竹内特務官。
オレたちの前を、慣れた足取りで歩く竹内特務官。
そしてガチガチに緊張して歩くまどかと磯部。
そしてガチガチに緊張して歩くまどかと磯部。
その３人と共に、カジノの中へと足を進める。
その３人と共に、カジノの中へと足を進める。
まどか
まどか
感無量、ってこういうことを言うのかしら……
感無量、ってこういうことを言うのかしら……
磯部
磯部
ああ。俺も他に言葉が思いつかない……
ああ。俺も他に言葉が思いつかない……
まどかと磯部は、呆然とそのカジノフロアを見渡し呟く。
まどかと磯部は、呆然とそのカジノフロアを見渡し呟く。
秀隆
秀隆
はははは。チミたちが驚くのも無理はないね。
はははは。チミたちが驚くのも無理はないね。
ここはドリームタウンでも最大最高の施設、カジノだからね
ここはドリームタウンでも最大最高の施設、カジノだからね
磯部
磯部
なんだこいつ、自分家みたいに自慢しやがって
なんだこいつ、自分家みたいに自慢しやがって
まどか
まどか
島津くんだって全然来たことないんでしょ？　私たちとかわらないわ
島津くんだって全然来たことないんでしょ？　私たちとかわらないわ
秀隆
秀隆
おいおい、初めてのおまえらと一緒にするなよ
おいおい、初めてのおまえらと一緒にするなよ
秀隆
秀隆
オレは
オレは
回目だからなっ
回目だからなっ
磯部
磯部
激しくウゼェ……
激しくウゼェ……
まどか
まどか
しかも全然大した回数じゃないのに、偉そう
しかも全然大した回数じゃないのに、偉そう
竹内
竹内
何をぼさっとしている。そろそろ説明会の時間だ
何をぼさっとしている。そろそろ説明会の時間だ
秀隆
秀隆
は、はいっ
は、はいっ
オレたち３人は慌てて返事をして、表情を硬くした。
オレたち３人は慌てて返事をして、表情を硬くした。
竹内
竹内
説明会と言っても、ここは既に戦場だ。
説明会と言っても、ここは既に戦場だ。
ドリームタウンの企業も特務官が参加していると知れば警戒するだろう
ドリームタウンの企業も特務官が参加していると知れば警戒するだろう
竹内
竹内
気を抜かないように
気を抜かないように
秀隆
秀隆
わかりました
わかりました
中へと進み、応接室を目指す。
中へと進み、応接室を目指す。
説明会は３つのグループに分けられ、話し合いが行われるらしい。
説明会は３つのグループに分けられ、話し合いが行われるらしい。
オレたちは３回目の話し合いに参加する。
オレたちは３回目の話し合いに参加する。
龍也
龍也
おはようございます、竹内特務官
おはようございます、竹内特務官
竹内
竹内
これはこれは、高坂特務官。おはようございます
これはこれは、高坂特務官。おはようございます
まどか
まどか
お、おはようございます！
お、おはようございます！
磯部
磯部
おはようございます！
おはようございます！
龍也
龍也
今日は随分と賑やかですね
今日は随分と賑やかですね
竹内
竹内
ええ。たまには新人にも刺激ある経験をと思いまして
ええ。たまには新人にも刺激ある経験をと思いまして
龍也
龍也
なるほど
なるほど
うん、と一度頷くと、高坂特務官はオレに笑みを見せた。
うん、と一度頷くと、高坂特務官はオレに笑みを見せた。
龍也
龍也
やっぱり島津くんも参加するんだね
やっぱり島津くんも参加するんだね
秀隆
秀隆
社会勉強させていただきます
社会勉強させていただきます
龍也
龍也
よろしくお願いします。応接室までご案内しましょう。
よろしくお願いします。応接室までご案内しましょう。
僕も１回目の説明会に参加することになっているので
僕も１回目の説明会に参加することになっているので
竹内
竹内
そうですか
そうですか
やや、竹内氏の表情がこわばった。
やや、竹内氏の表情がこわばった。
恐らく、高坂特務官が参加すると知り警戒を強めたんだろう。
恐らく、高坂特務官が参加すると知り警戒を強めたんだろう。
オレたちも迂闊な発言をしないように注意しないとな。
オレたちも迂闊な発言をしないように注意しないとな。
応接室に通される。
応接室に通される。
そこは非常に静かで、何名かの人は無言で待っている様子だった。
そこは非常に静かで、何名かの人は無言で待っている様子だった。
オレたちも、空いた席に腰を下ろす。
オレたちも、空いた席に腰を下ろす。
それから程なくして、説明会が始まった。
それから程なくして、説明会が始まった。
話の内容は、前に竹内特務官に聞いたこととおおよそ同じ。
話の内容は、前に竹内特務官に聞いたこととおおよそ同じ。
競争による入札。
競争による入札。
土地によるそれぞれの最低価格。
土地によるそれぞれの最低価格。
それらの話し合いだ。
それらの話し合いだ。
だが、それ以上でもそれ以下でもなく淡々と時間が流れていく。
だが、それ以上でもそれ以下でもなく淡々と時間が流れていく。
オレたちは特に発言をすることもなく話を聞いていた。
オレたちは特に発言をすることもなく話を聞いていた。
…………。
…………。
……。
……。
女性
女性
では、以上を持ちまして説明会を終わらせて頂きます
では、以上を持ちまして説明会を終わらせて頂きます
司会を務めた女性が、そう言い締めくくった。
司会を務めた女性が、そう言い締めくくった。
秀隆
秀隆
ふう……
ふう……
ただの説明会だったけど、場は常に張り詰めていて緊張した。
ただの説明会だったけど、場は常に張り詰めていて緊張した。
龍也
龍也
お疲れ様でした
お疲れ様でした
説明が終わると同時に、高坂特務官がやってきた。
説明が終わると同時に、高坂特務官がやってきた。
秀隆
秀隆
お疲れ様です
お疲れ様です
龍也
龍也
あの、竹内特務官
あの、竹内特務官
竹内
竹内
は、なんでしょう？
は、なんでしょう？
龍也
龍也
折角こうしてドリームタウンまでお越しいただいたので、
折角こうしてドリームタウンまでお越しいただいたので、
少しお時間いただくことは出来ますでしょうか？
少しお時間いただくことは出来ますでしょうか？
竹内
竹内
ええ構いませんよ。では島津くんたちは先に帰りた
ええ構いませんよ。では島津くんたちは先に帰りた
龍也
龍也
いえ、出来ればそちらの３名も同席して頂けないかなと
いえ、出来ればそちらの３名も同席して頂けないかなと
竹内
竹内
……と、言いますと？
……と、言いますと？
龍也
龍也
うちの特務官たちもご挨拶させたいと思います
うちの特務官たちもご挨拶させたいと思います
竹内
竹内
彼らはまだ新人で、とてもご挨拶するような者では
彼らはまだ新人で、とてもご挨拶するような者では
龍也
龍也
こちらも同じようなものですので、ご心配なく
こちらも同じようなものですので、ご心配なく
竹内
竹内
そうですか……では、ご挨拶だけ
そうですか……では、ご挨拶だけ
龍也
龍也
ありがとうございます。
ありがとうございます。
恐縮ですが、こちらでそのままお待ちください
恐縮ですが、こちらでそのままお待ちください
高坂特務官はそう言うと、足早に室内を後にした。
高坂特務官はそう言うと、足早に室内を後にした。
まどか
まどか
ど、ドリームタウンの特務官に会えるなんて
ど、ドリームタウンの特務官に会えるなんて
小さく興奮した声で漏らす。
小さく興奮した声で漏らす。
竹内
竹内
彼はしたたかな人物だ。ただの挨拶だと思わないほうがいい
彼はしたたかな人物だ。ただの挨拶だと思わないほうがいい
磯部
磯部
どういう、ことですか
どういう、ことですか
竹内
竹内
こちらの腹のうちを探りに来る、と言うことだよ
こちらの腹のうちを探りに来る、と言うことだよ
磯部
磯部
そんな、俺たちは新人ですよ？
そんな、俺たちは新人ですよ？
竹内
竹内
敵にとっては、それは重要ではない。と言うことだろう
敵にとっては、それは重要ではない。と言うことだろう
むしろ、不気味さを感じているのかも知れない。
むしろ、不気味さを感じているのかも知れない。
オレも以前、新人だから、と高坂特務官の前で言ったが、
オレも以前、新人だから、と高坂特務官の前で言ったが、
それが余計に警戒させることになった気がする。
それが余計に警戒させることになった気がする。
逆のパターンだったら、オレだってそうするだろう。
逆のパターンだったら、オレだってそうするだろう。
龍也
龍也
お待たせしました
お待たせしました
数分して戻ってきた高坂特務官。
数分して戻ってきた高坂特務官。
それに続いて、男性２人と女性１人が入ってきた。
それに続いて、男性２人と女性１人が入ってきた。
武者震いするほどの緊張感が部屋を包む。
武者震いするほどの緊張感が部屋を包む。
オレたち４人が一斉に立ち上がった。
オレたち４人が一斉に立ち上がった。
龍也
龍也
紹介します。僕の部下である山田、上地、長谷川です
紹介します。僕の部下である山田、上地、長谷川です
山田さんと上地さんが、それぞれ自己紹介をされる。
山田さんと上地さんが、それぞれ自己紹介をされる。
そして
そして
恋
恋
長谷川恋と申します。よろしくお願いいたします
長谷川恋と申します。よろしくお願いいたします
恋さんと名乗った人は、そう言った。
恋さんと名乗った人は、そう言った。
彼女だけ異彩を放っていたのは、単に美人だから、と言う理由だけじゃない。
彼女だけ異彩を放っていたのは、単に美人だから、と言う理由だけじゃない。
この場でただ一人私服姿だったからだ。
この場でただ一人私服姿だったからだ。
何か理由があるのか、それともドリームタウンには細かな規定がないのか。
何か理由があるのか、それともドリームタウンには細かな規定がないのか。
いや、今はそこに意識を傾けている場合じゃない。
いや、今はそこに意識を傾けている場合じゃない。
緊迫の名刺交換を終え、オレたちは再び椅子に腰を下ろし向かい合った。
緊迫の名刺交換を終え、オレたちは再び椅子に腰を下ろし向かい合った。
龍也
龍也
今僕の元で直接働いて貰ってる仲間です。
今僕の元で直接働いて貰ってる仲間です。
竹内特務官とは、何度かお会いさせて頂いておりますね
竹内特務官とは、何度かお会いさせて頂いておりますね
まどか
まどか
私は佐々野まどか、と申します……
私は佐々野まどか、と申します……
磯部
磯部
お、おれ、いえ、自分は、その、い、磯部雅和です
お、おれ、いえ、自分は、その、い、磯部雅和です
磯部は極度の緊張状態にあったのか、思わず何度も噛んでしまう。
磯部は極度の緊張状態にあったのか、思わず何度も噛んでしまう。
全員、その姿を笑うことなく見ていたが、
全員、その姿を笑うことなく見ていたが、
それが逆に磯部の緊張状態をより高めた。
それが逆に磯部の緊張状態をより高めた。
竹内特務官は厳しい顔付で磯部を見ている。
竹内特務官は厳しい顔付で磯部を見ている。
磯部はその視線のプレッシャーを受け、呆然と立ち尽くしている。
磯部はその視線のプレッシャーを受け、呆然と立ち尽くしている。
秀隆
秀隆
雅和って……
雅和って……
オレが、その場で一言漏らすと、一気に全員の注目が集まった。
オレが、その場で一言漏らすと、一気に全員の注目が集まった。
秀隆
秀隆
磯部って雅和って名前だったんだ。なんか新鮮だなぁ
磯部って雅和って名前だったんだ。なんか新鮮だなぁ
磯部
磯部
おっ、おい。今そんなこと言うところじゃないだろっ
おっ、おい。今そんなこと言うところじゃないだろっ
秀隆
秀隆
え、あ、そうか。すみません！
え、あ、そうか。すみません！
がばりと頭を下げる。
がばりと頭を下げる。
秀隆
秀隆
下の名前を聞いたのは初めてだったので、つい……ほんと申し訳ないです
下の名前を聞いたのは初めてだったので、つい……ほんと申し訳ないです
龍也
龍也
はははは。島津くんは面白い人だなあ
はははは。島津くんは面白い人だなあ
竹内
竹内
新人なものですから、ご容赦頂けると幸いです
新人なものですから、ご容赦頂けると幸いです
龍也
龍也
気にしていません
気にしていません
全員クスクスと、オレを見て笑う。
全員クスクスと、オレを見て笑う。
秀隆
秀隆
あ、自分は島津秀隆と言います。
あ、自分は島津秀隆と言います。
この中でも新人中の新人ですので、どうぞお手柔らかに
この中でも新人中の新人ですので、どうぞお手柔らかに
龍也
龍也
こうは言ってるけど、皆彼には警戒するように
こうは言ってるけど、皆彼には警戒するように
秀隆
秀隆
ええっ、それはひどいですよ！
ええっ、それはひどいですよ！
もちろん高坂特務官なりのギャグだろう。
もちろん高坂特務官なりのギャグだろう。
皆分かっているようで、笑いながら頷いていた。
皆分かっているようで、笑いながら頷いていた。
もっと堅苦しい人たちかと思っていたけど、そうじゃなさそうだ。
もっと堅苦しい人たちかと思っていたけど、そうじゃなさそうだ。
うん、ちょっと悪かった場の空気が軽くなった。
うん、ちょっと悪かった場の空気が軽くなった。
これでまどかと磯部も、少しは落ち着きを取り戻せるだろう。
これでまどかと磯部も、少しは落ち着きを取り戻せるだろう。
龍也
龍也
実はあと一人、ご紹介したい者がおりまして
実はあと一人、ご紹介したい者がおりまして
竹内
竹内
ほう、どなたですかな？
ほう、どなたですかな？
龍也
龍也
そろそろくると思うのですが
そろそろくると思うのですが
高坂特務官が腕時計を気にし始めた頃、扉が開いた。
高坂特務官が腕時計を気にし始めた頃、扉が開いた。
まず一人のメガネをかけた女性が入ってくる、そして
まず一人のメガネをかけた女性が入ってくる、そして
更にその後ろからもう一人
更にその後ろからもう一人
その人物の姿を見た瞬間、
その人物の姿を見た瞬間、
オレと竹内氏は同時に椅子から立ち上がった。
オレと竹内氏は同時に椅子から立ち上がった。
この街の代表者、大河内代表、その人だった。
この街の代表者、大河内代表、その人だった。
和やかになった部屋の空気は一瞬にして凍りつき、
和やかになった部屋の空気は一瞬にして凍りつき、
逃げ出したいほどのプレッシャーが部屋中に広がった。
逃げ出したいほどのプレッシャーが部屋中に広がった。
オレたちの１、２秒後にまどかと磯部も立ち上がり、深々と頭を下げる。
オレたちの１、２秒後にまどかと磯部も立ち上がり、深々と頭を下げる。
竹内
竹内
これはこれは、大河内代表……お疲れ様です
これはこれは、大河内代表……お疲れ様です
さすがの竹内氏も、大河内代表の登場には驚いた。
さすがの竹内氏も、大河内代表の登場には驚いた。
もちろんオレもだ。
もちろんオレもだ。
麦蔵
麦蔵
そう堅苦しくする必要はない。楽にしてくれ
そう堅苦しくする必要はない。楽にしてくれ
竹内
竹内
は……
は……
大河内代表が椅子に座る。
大河内代表が椅子に座る。
全員固まったまま、数秒間動けないでいた。
全員固まったまま、数秒間動けないでいた。
鋭い視線がオレたちを射抜いて初めて、座りなおす。
鋭い視線がオレたちを射抜いて初めて、座りなおす。
麦蔵
麦蔵
高坂。俺にもこいつらを紹介してくれ
高坂。俺にもこいつらを紹介してくれ
龍也
龍也
はい。こちら側より、島津さん、佐々野さん、磯部さんになります
はい。こちら側より、島津さん、佐々野さん、磯部さんになります
龍也
龍也
どなたもホープタウンの将来を背負って立つ人たちです
どなたもホープタウンの将来を背負って立つ人たちです
麦蔵
麦蔵
そうか。中々いい目をした若者たちだ
そうか。中々いい目をした若者たちだ
厳つい外見に驚いたが、物腰は思ったよりも強くない。
厳つい外見に驚いたが、物腰は思ったよりも強くない。
麦蔵
麦蔵
それに、随分と美人もいるじゃないか
それに、随分と美人もいるじゃないか
まどか
まどか
恐縮です……
恐縮です……
麦蔵
麦蔵
ホープタウンの未来は明るいようだ
ホープタウンの未来は明るいようだ
竹内
竹内
ドリームタウンに比べれば、形無しです。
ドリームタウンに比べれば、形無しです。
今や高坂特務官の勢いはとどまることを知りません
今や高坂特務官の勢いはとどまることを知りません
麦蔵
麦蔵
おまえも随分高い評価をもらえるようになったもんだ
おまえも随分高い評価をもらえるようになったもんだ
龍也
龍也
ありがとうございます
ありがとうございます
麦蔵
麦蔵
さて、今日は別に仕事と言うわけではなく、
さて、今日は別に仕事と言うわけではなく、
実はちょっと、面白い話を耳にしてな。聞かせようと思ったわけだ
実はちょっと、面白い話を耳にしてな。聞かせようと思ったわけだ
竹内
竹内
面白い話、ですか
面白い話、ですか
麦蔵
麦蔵
妙な噂を耳にした。それが実に面白い
妙な噂を耳にした。それが実に面白い
竹内
竹内
妙な噂、ですか？
妙な噂、ですか？
麦蔵
麦蔵
高坂、例のを
高坂、例のを
龍也
龍也
はい
はい
高坂特務官は、封筒を取り出すと、それをテーブルに置いた。
高坂特務官は、封筒を取り出すと、それをテーブルに置いた。
そこには『共同開発地区報告書』と書かれてある。
そこには『共同開発地区報告書』と書かれてある。
麦蔵
麦蔵
こちらの書類は当然知っているな？
こちらの書類は当然知っているな？
竹内
竹内
無論です
無論です
オレは直接見たことないが、何であるかは理解している。
オレは直接見たことないが、何であるかは理解している。
共同開発地区における調査報告書、
共同開発地区における調査報告書、
つまりオレやまどかたちで参加したあの場所のことだ。
つまりオレやまどかたちで参加したあの場所のことだ。
麦蔵
麦蔵
この書類は２部あるうちの１部、
この書類は２部あるうちの１部、
つまりこちらが保管してある重要書類だが、３ページ目を開いてくれ
つまりこちらが保管してある重要書類だが、３ページ目を開いてくれ
竹内
竹内
は……失礼します
は……失礼します
seめくる (1
seめくる (1
竹内氏は、書類を手元に寄せ、その３ページ目を開いた。
竹内氏は、書類を手元に寄せ、その３ページ目を開いた。
麦蔵
麦蔵
施設で発見された、冷凍保存された人間のリストがある
施設で発見された、冷凍保存された人間のリストがある
竹内
竹内
ええ
ええ
男女それぞれの大よその年齢と、
男女それぞれの大よその年齢と、
判明した者の名前がずらりと並んでいる。
判明した者の名前がずらりと並んでいる。
麦蔵
麦蔵
ドリームタウンとホープタウンは、
ドリームタウンとホープタウンは、
施設調査の際、きっちり半分ずつ調査を行った。
施設調査の際、きっちり半分ずつ調査を行った。
そして、互いに別のフロアで冷凍保存カプセルを発見
そして、互いに別のフロアで冷凍保存カプセルを発見
麦蔵
麦蔵
我々は男の遺体を、ホープタウンは女の遺体を見つけた
我々は男の遺体を、ホープタウンは女の遺体を見つけた
オレは詳細を知らなかったが、
オレは詳細を知らなかったが、
キズナを見つけたあの場所は女性だけが保存されていた場所だったのか。
キズナを見つけたあの場所は女性だけが保存されていた場所だったのか。
竹内
竹内
これが何か？
これが何か？
麦蔵
麦蔵
男が２０人、女が２３人と書かれてあるが、
男が２０人、女が２３人と書かれてあるが、
この２３人と言うのが、本当なのかどうか、と言うことだ
この２３人と言うのが、本当なのかどうか、と言うことだ
竹内
竹内
すみません、意味が理解できませんな
すみません、意味が理解できませんな
麦蔵
麦蔵
ある者の報告によれば、先日の崩落施設調査において、
ある者の報告によれば、先日の崩落施設調査において、
提出されたこの資料に嘘偽りがあった、と言うんだ
提出されたこの資料に嘘偽りがあった、と言うんだ
竹内
竹内
どう言うことですかな？
どう言うことですかな？
オレは思わず声に出してしまいそうなほど、心臓が早くなるのを感じた。
オレは思わず声に出してしまいそうなほど、心臓が早くなるのを感じた。
大河内代表が言っているのは、キズナのことじゃないのか？　と。
大河内代表が言っているのは、キズナのことじゃないのか？　と。
麦蔵
麦蔵
生存者が居たのではないかとの噂が出ている
生存者が居たのではないかとの噂が出ている
竹内
竹内
それは初耳ですな。我々が調査した限り２３名で間違いありません
それは初耳ですな。我々が調査した限り２３名で間違いありません
麦蔵
麦蔵
もちろんそうだろうな。あくまでも噂の範疇よ
もちろんそうだろうな。あくまでも噂の範疇よ
竹内
竹内
しかし、そのような根も葉もない噂はどこから？
しかし、そのような根も葉もない噂はどこから？
麦蔵
麦蔵
ただの噂だ。出所がどこかは俺も把握していない
ただの噂だ。出所がどこかは俺も把握していない
竹内
竹内
そうですか
そうですか
麦蔵
麦蔵
噂とは言え重大な書類に万が一にも偽りがあっては、大問題だ。
噂とは言え重大な書類に万が一にも偽りがあっては、大問題だ。
失礼を承知で念のため確認させてもらったに過ぎん
失礼を承知で念のため確認させてもらったに過ぎん
竹内
竹内
理解いたしました。誤解がとけてほっとしています
理解いたしました。誤解がとけてほっとしています
麦蔵
麦蔵
では、その噂はまったくのデタラメで、
では、その噂はまったくのデタラメで、
地上時代の生き残りがいる、などと言うことはありえない
地上時代の生き残りがいる、などと言うことはありえない
麦蔵
麦蔵
そう言うことでいいな？
そう言うことでいいな？
竹内
竹内
無論です
無論です
麦蔵
麦蔵
高坂
高坂
龍也
龍也
はい
はい
さらに、高坂特務官は書類を取り出し、
さらに、高坂特務官は書類を取り出し、
竹内氏を除き、１枚ずつオレたちの前に並べた。
竹内氏を除き、１枚ずつオレたちの前に並べた。
麦蔵
麦蔵
島津、佐々野、磯部と言うと、
島津、佐々野、磯部と言うと、
共同開発の調査に参加した者たちであっているな？
共同開発の調査に参加した者たちであっているな？
竹内
竹内
ええ、そうですが
ええ、そうですが
麦蔵
麦蔵
ならば丁度いい。ここにサインを貰いたい
ならば丁度いい。ここにサインを貰いたい
秀隆
秀隆
……失礼します
……失礼します
オレは書類を手に取り、そこに目を通した。
オレは書類を手に取り、そこに目を通した。
麦蔵
麦蔵
なに大したものじゃない。
なに大したものじゃない。
先ほど竹内が言ったことに対する誓約書に過ぎない
先ほど竹内が言ったことに対する誓約書に過ぎない
龍也
龍也
発見された遺体が２３名であること、
発見された遺体が２３名であること、
またその全てが死亡しており、生存者はいない。
またその全てが死亡しており、生存者はいない。
そのことに偽りがないと誓うものです
そのことに偽りがないと誓うものです
竹内
竹内
何故、わざわざこのようなものを？
何故、わざわざこのようなものを？
既に話は終わっていることと思いますが
既に話は終わっていることと思いますが
麦蔵
麦蔵
言ったように念のためだ。
言ったように念のためだ。
報告書に偽りがないのなら、何の問題もないだろう？
報告書に偽りがないのなら、何の問題もないだろう？
磯部
磯部
ば、罰則ですか……
ば、罰則ですか……
その書類には、嘘偽りがあった場合、
その書類には、嘘偽りがあった場合、
各人の処分をドリームタウンに委ねる、と書かれてある。
各人の処分をドリームタウンに委ねる、と書かれてある。
無論、その各人とはオレたちのことだ。
無論、その各人とはオレたちのことだ。
麦蔵
麦蔵
何の問題もあるまい？
何の問題もあるまい？
竹内
竹内
困りますな大河内代表。勝手なことをされては
困りますな大河内代表。勝手なことをされては
竹内
竹内
噂がどうであれ、これは街と街の契約。
噂がどうであれ、これは街と街の契約。
唐沢不在の元このような行為を見過ごすわけにはいかない
唐沢不在の元このような行為を見過ごすわけにはいかない
竹内氏は手を伸ばし、オレたちの書類を回収しようとした。
竹内氏は手を伸ばし、オレたちの書類を回収しようとした。
だが―――その手を大河内代表が掴む。
だが―――その手を大河内代表が掴む。
麦蔵
麦蔵
確かに、多少失礼な話かもしれないが、
確かに、多少失礼な話かもしれないが、
この誓約書にサインすることに不都合はないなずだ
この誓約書にサインすることに不都合はないなずだ
竹内
竹内
……認められませんな
……認められませんな
竹内
竹内
もし書類にサインをさせると言うのであれば、
もし書類にサインをさせると言うのであれば、
こちらも然るべき手順を踏ませて頂きたい
こちらも然るべき手順を踏ませて頂きたい
麦蔵
麦蔵
然るべき手順だと？
然るべき手順だと？
麦蔵
麦蔵
ならば今すぐここに唐沢を呼べ
ならば今すぐここに唐沢を呼べ
竹内
竹内
本日は公務で多忙です。それは難しいですな
本日は公務で多忙です。それは難しいですな
麦蔵
麦蔵
…………
…………
竹内
竹内
…………
…………
両者は、静かに睨みあう。
両者は、静かに睨みあう。
麦蔵
麦蔵
さすがに食えない男だ。だが
さすがに食えない男だ。だが
大河内代表は竹内氏の手を離すと、
大河内代表は竹内氏の手を離すと、
磯部にその視線を向けた。
磯部にその視線を向けた。
麦蔵
麦蔵
さっきから随分と顔色が悪いな
さっきから随分と顔色が悪いな
磯部
磯部
い、いえ……
い、いえ……
麦蔵
麦蔵
そこのお嬢さんも、調子が悪そうだ
そこのお嬢さんも、調子が悪そうだ
まどか
まどか
そんなことはありません
そんなことはありません
二人とも平静を装っていたが、確かにいつもとは違う。
二人とも平静を装っていたが、確かにいつもとは違う。
自分たちが嘘をついていると知った上で、
自分たちが嘘をついていると知った上で、
罰則の部分を知らされては無理もないことだが。
罰則の部分を知らされては無理もないことだが。
竹内
竹内
部下を虐めるのはやめていただきたい。
部下を虐めるのはやめていただきたい。
彼女らは新人です。大河内代表の前では緊張もするでしょう
彼女らは新人です。大河内代表の前では緊張もするでしょう
麦蔵
麦蔵
緊張、緊張か
緊張、緊張か
磯部
磯部
…………
…………
強烈な睨みと追求を受け、磯部は息が荒くなっていく。
強烈な睨みと追求を受け、磯部は息が荒くなっていく。
大河内代表の視線だけじゃない。
大河内代表の視線だけじゃない。
その横で冷静に周囲を観察する高坂特務官の存在も、
その横で冷静に周囲を観察する高坂特務官の存在も、
オレたちにとっては嫌な重圧として圧し掛かっていた。
オレたちにとっては嫌な重圧として圧し掛かっていた。
麦蔵
麦蔵
本当は知ってるんじゃないのか？
本当は知ってるんじゃないのか？
冷凍保存されていた地上時代の生き残りがいることを
冷凍保存されていた地上時代の生き残りがいることを
磯部
磯部
そ、れは―――そんなことは……
そ、れは―――そんなことは……
麦蔵
麦蔵
俺の目を見て話せ
俺の目を見て話せ
磯部
磯部
っ！？
っ！？
強烈な睨みを見せ、大河内代表は磯部の顎を掴んだ。
強烈な睨みを見せ、大河内代表は磯部の顎を掴んだ。
竹内
竹内
大河内代表、お止めいただきたい
大河内代表、お止めいただきたい
麦蔵
麦蔵
引っ込んでろ竹内。俺はこいつに聞いているんだ
引っ込んでろ竹内。俺はこいつに聞いているんだ
出会った時とは比べ物にならない、凄まじいプレッシャーを放つ。
出会った時とは比べ物にならない、凄まじいプレッシャーを放つ。
このままプレッシャーに押され続ければ、
このままプレッシャーに押され続ければ、
思わず口走ってしまうこともありえることだ。
思わず口走ってしまうこともありえることだ。
オレは、スーツのうちポケットに常備しているペンを取り出した。
オレは、スーツのうちポケットに常備しているペンを取り出した。
そしてすばやく、書類へと手を伸ばす。
そしてすばやく、書類へと手を伸ばす。
竹内
竹内
島津くん、何を
島津くん、何を
そして、オレは自らの名前を素早く書き入れた。
そして、オレは自らの名前を素早く書き入れた。
秀隆
秀隆
誓約書を書けと仰るのであれば、提出させて頂きます
誓約書を書けと仰るのであれば、提出させて頂きます
そう言い、その書類を大河内代表の前に出す。
そう言い、その書類を大河内代表の前に出す。
麦蔵
麦蔵
ほう？　中々威勢がいいな
ほう？　中々威勢がいいな
麦蔵
麦蔵
だが、一度出したものは引っ込められない。分かっているのか？
だが、一度出したものは引っ込められない。分かっているのか？
秀隆
秀隆
はい
はい
麦蔵
麦蔵
そうか
そうか
磯部の顎から手を放すと、
磯部の顎から手を放すと、
大河内代表は、オレが記入した書類に手を伸ばす。
大河内代表は、オレが記入した書類に手を伸ばす。
秀隆
秀隆
ですが、その書類を受け取ると言うことは、
ですが、その書類を受け取ると言うことは、
その行為はホープタウンの代表である
その行為はホープタウンの代表である
唐沢を侮辱するも同じことだと判断します
唐沢を侮辱するも同じことだと判断します
秀隆
秀隆
なぜなら、既に共同開発調査報告書、と言う
なぜなら、既に共同開発調査報告書、と言う
唐沢の印が押された書類が公の場に存在するからです
唐沢の印が押された書類が公の場に存在するからです
秀隆
秀隆
それでもよろしい、と仰るならどうぞお受け取りください
それでもよろしい、と仰るならどうぞお受け取りください
麦蔵
麦蔵
…………
…………
書類に触れかかった大河内代表の手が止まる。
書類に触れかかった大河内代表の手が止まる。
そしてオレの方を強く睨みつけてきた。
そしてオレの方を強く睨みつけてきた。
麦蔵
麦蔵
俺を脅しているのか？
俺を脅しているのか？
秀隆
秀隆
それは大河内代表の方ではないでしょうか？
それは大河内代表の方ではないでしょうか？
唐沢代表の署名を信じず、新人である私たちに対して
唐沢代表の署名を信じず、新人である私たちに対して
容赦のないプレッシャーと言葉を投げかけていらっしゃいます
容赦のないプレッシャーと言葉を投げかけていらっしゃいます
秀隆
秀隆
これを脅しと言わないのなら、なんと言えばいいのでしょう
これを脅しと言わないのなら、なんと言えばいいのでしょう
麦蔵
麦蔵
確かに、少々強引だったようだ
確かに、少々強引だったようだ
書類に伸ばしかけた腕を戻す。
書類に伸ばしかけた腕を戻す。
麦蔵
麦蔵
俺は何も、唐沢代表を侮辱するつもりなどない。
俺は何も、唐沢代表を侮辱するつもりなどない。
無論おまえたちを脅すつもりもな。そうだろう？
無論おまえたちを脅すつもりもな。そうだろう？
秀隆
秀隆
はい、そう思っておりました。ありがとうございます
はい、そう思っておりました。ありがとうございます
ピリピリとした痛いほどの視線とプレッシャーだ。
ピリピリとした痛いほどの視線とプレッシャーだ。
麦蔵
麦蔵
ただの噂に流されすぎた。悪かったな竹内
ただの噂に流されすぎた。悪かったな竹内
竹内
竹内
信じていただけたのなら、よかったです
信じていただけたのなら、よかったです
龍也
龍也
ではその話はこれくらいにしましょう。
ではその話はこれくらいにしましょう。
今日はただの顔合わせですから、
今日はただの顔合わせですから、
あまり畏まった話も必要ありません
あまり畏まった話も必要ありません
顔合わせ、か。
顔合わせ、か。
高坂特務官はオレたちの名前を聞いた時から、
高坂特務官はオレたちの名前を聞いた時から、
ここまで運ぶ手はずを描いていたんじゃないだろうか。
ここまで運ぶ手はずを描いていたんじゃないだろうか。
……いや、名前を聞く前の段階かも知れない。
……いや、名前を聞く前の段階かも知れない。
自己紹介をする前から、高坂特務官はこの書類を持ち合わせていた。
自己紹介をする前から、高坂特務官はこの書類を持ち合わせていた。
オレたちの顔を見た瞬間から、かもな……。
オレたちの顔を見た瞬間から、かもな……。
高坂特務官は無記入の書類を回収し、封筒にしまった。
高坂特務官は無記入の書類を回収し、封筒にしまった。
オレの署名が入った書類は、
オレの署名が入った書類は、
こちらで処分して構わないってことだろう。
こちらで処分して構わないってことだろう。
麦蔵
麦蔵
お詫びと言ってはなんだが、この後ディナーでもどうだ
お詫びと言ってはなんだが、この後ディナーでもどうだ
竹内
竹内
……よろしいのですか
……よろしいのですか
麦蔵
麦蔵
もちろんだ。今までの非礼をそれで許してくれ
もちろんだ。今までの非礼をそれで許してくれ
大河内代表は頭を下げた。
大河内代表は頭を下げた。
麦蔵
麦蔵
俺はどうも、地上と聞くと見境がなくなってしまう
俺はどうも、地上と聞くと見境がなくなってしまう
竹内
竹内
頭をお上げください。大河内代表が地上を熱心に研究されていることは存じておりますので
頭をお上げください。大河内代表が地上を熱心に研究されていることは存じておりますので
竹内
竹内
私も、部下たちも気にしてはおりません
私も、部下たちも気にしてはおりません
麦蔵
麦蔵
そう言ってくれると助かる。では、ディナーを楽しんでくれるな？
そう言ってくれると助かる。では、ディナーを楽しんでくれるな？
竹内
竹内
はい、お言葉に甘えさせていただきます
はい、お言葉に甘えさせていただきます
麦蔵
麦蔵
準備には２時間ほどかかる。
準備には２時間ほどかかる。
その間カジノフロアで楽しんでくれ。おい
その間カジノフロアで楽しんでくれ。おい
恋
恋
はい
はい
恋さんは一度奥へと姿を消したが、すぐに戻ってきた。
恋さんは一度奥へと姿を消したが、すぐに戻ってきた。
手にはトレーのようなもの。
手にはトレーのようなもの。
そしてその上には、コインが積まれていた。
そしてその上には、コインが積まれていた。
麦蔵
麦蔵
カジノまで来ておいて、
カジノまで来ておいて、
手ぶらと言うのも面白くないものだ。これを持って行ってくれ
手ぶらと言うのも面白くないものだ。これを持って行ってくれ
竹内
竹内
困ります大河内代表、それを受け取るわけには……
困ります大河内代表、それを受け取るわけには……
麦蔵
麦蔵
なに、ほんの遊びみたいなものだ
なに、ほんの遊びみたいなものだ
竹内
竹内
ですが……
ですが……
麦蔵
麦蔵
俺の気持ちを受け取れないと？
俺の気持ちを受け取れないと？
ビリッと、再び重い空気を発するのが分かった。
ビリッと、再び重い空気を発するのが分かった。
まどかが隣で、小さく息を呑む。
まどかが隣で、小さく息を呑む。
竹内
竹内
いえ……では、お言葉に甘えさせていただきます
いえ……では、お言葉に甘えさせていただきます
麦蔵
麦蔵
存分に楽しんでくれ
存分に楽しんでくれ
竹内特務官もその重圧に押され、頷くしか出来なかったようだ。
竹内特務官もその重圧に押され、頷くしか出来なかったようだ。
オレたちは、１０万円相当のチップをそれぞれ受け取る。
オレたちは、１０万円相当のチップをそれぞれ受け取る。
竹内
竹内
では２時間、カジノを堪能させていただきなさい
では２時間、カジノを堪能させていただきなさい
まどか
まどか
わ、分かりました
わ、分かりました
竹内氏に続いて、オレたちは応接室を後にした。
竹内氏に続いて、オレたちは応接室を後にした。
そして、外に出るなり磯部は息を大きく吐いた。
そして、外に出るなり磯部は息を大きく吐いた。
磯部
磯部
はあっ……
はあっ……
まどかも、同じように目を閉じて深呼吸している。
まどかも、同じように目を閉じて深呼吸している。
秀隆
秀隆
竹内特務官。先ほどは勝手な行動、失礼致しました
竹内特務官。先ほどは勝手な行動、失礼致しました
竹内
竹内
いや、よくやってくれた。感謝している
いや、よくやってくれた。感謝している
磯部
磯部
すみません、自分、その……
すみません、自分、その……
竹内
竹内
気にすることはない。大河内代表に詰め寄られれば、
気にすることはない。大河内代表に詰め寄られれば、
並の者ならまず、そのプレッシャーに打ち負ける
並の者ならまず、そのプレッシャーに打ち負ける
竹内
竹内
私たちが卑屈になる必要は全くない。
私たちが卑屈になる必要は全くない。
なぜなら提出した書類には嘘偽りなどないからだ。そうだね？
なぜなら提出した書類には嘘偽りなどないからだ。そうだね？
磯部
磯部
は、はい……
は、はい……
竹内
竹内
私は少し別件で行動する。君たちは
私は少し別件で行動する。君たちは
大河内代表の行為に甘え、楽しませてもらうといい
大河内代表の行為に甘え、楽しませてもらうといい
そう言い、竹内氏は落ち着いた足取りでどこかへ向かった。
そう言い、竹内氏は落ち着いた足取りでどこかへ向かった。
磯部
磯部
楽しめつってもな……こんな気分で楽しめるかよ
楽しめつってもな……こんな気分で楽しめるかよ
ふーっと息を吐き、重いプレッシャーからの開放にホッとしている。
ふーっと息を吐き、重いプレッシャーからの開放にホッとしている。
まどか
まどか
そうね、とてもギャンブルなんて気分じゃないわね……
そうね、とてもギャンブルなんて気分じゃないわね……
秀隆
秀隆
じゃあ、オレは楽しませて貰おうかな。やってみたかったし
じゃあ、オレは楽しませて貰おうかな。やってみたかったし
磯部
磯部
マジかよ……
マジかよ……
秀隆
秀隆
折角貰ったんだ。使わないと損だろ？
折角貰ったんだ。使わないと損だろ？
まどか
まどか
それはそうだけど……
それはそうだけど……
秀隆
秀隆
それに、貰っておいて使わないってのも失礼な話じゃないか？
それに、貰っておいて使わないってのも失礼な話じゃないか？
秀隆
秀隆
大河内代表が好意でくれたものなんだぜ？
大河内代表が好意でくれたものなんだぜ？
磯部
磯部
それは、そうだが……
それは、そうだが……
秀隆
秀隆
ここは適当にでも遊んでおく方が賢いと思う
ここは適当にでも遊んでおく方が賢いと思う
まどか
まどか
そうね……そうかもしれない
そうね……そうかもしれない
磯部
磯部
一応形だけでも楽しんでおいたほうがいいか
一応形だけでも楽しんでおいたほうがいいか
オレたちは３人、それぞれチップを使うことを決め、
オレたちは３人、それぞれチップを使うことを決め、
バラバラに行動することにした。
バラバラに行動することにした。
いや、正確には２人とは別行動することにした。
いや、正確には２人とは別行動することにした。
どうせなら、２人っきりにしてやろうと言う配慮だ。
どうせなら、２人っきりにしてやろうと言う配慮だ。
磯部
磯部
なあ
なあ
秀隆
秀隆
ん？
ん？
オレを磯部が呼び止める。
オレを磯部が呼び止める。
磯部
磯部
おまえ、大河内代表が怖くなかったのかよ
おまえ、大河内代表が怖くなかったのかよ
秀隆
秀隆
怖かったに決まってるだろ？
怖かったに決まってるだろ？
まどか
まどか
それにしては、落ち着いてたように思う……
それにしては、落ち着いてたように思う……
秀隆
秀隆
いやいやホントだって。
いやいやホントだって。
緊張しすぎて口から心臓が飛び出すかと思ったくらいだ
緊張しすぎて口から心臓が飛び出すかと思ったくらいだ
ただオレは
ただオレは
秘密を守らなければならない、と言うより、
秘密を守らなければならない、と言うより、
困っているまどかや磯部を助けたかった。
困っているまどかや磯部を助けたかった。
そう思っただけ。
そう思っただけ。
秀隆
秀隆
じゃあまた後で
じゃあまた後で
そんな生意気なことを言っても仕方ないと思い、
そんな生意気なことを言っても仕方ないと思い、
オレは逃げるようにしてカジノフロアへと飛び出した。
オレは逃げるようにしてカジノフロアへと飛び出した。
オレはフロアに下りると、何をするか吟味を始める。
オレはフロアに下りると、何をするか吟味を始める。
辺りをうろついていると、
辺りをうろついていると、
例のテーブルはいつも以上に盛り上がっているようだった。
例のテーブルはいつも以上に盛り上がっているようだった。
興味を惹かれ近づいていく。
興味を惹かれ近づいていく。
すると、段々と熱気が強くなっていくのを感じた。
すると、段々と熱気が強くなっていくのを感じた。
美人ディーラーの効果様々、と思っていたが、
美人ディーラーの効果様々、と思っていたが、
どうやら大きな掛け金が動いているらしい。
どうやら大きな掛け金が動いているらしい。
興味を持ったオレは、そっと野次馬の後ろから覗き込む。
興味を持ったオレは、そっと野次馬の後ろから覗き込む。
そこにはディーラーと直接対決をする男の姿があった。
そこにはディーラーと直接対決をする男の姿があった。
丁度オレは、その男の真後ろ辺りにいたため、顔は見えない。
丁度オレは、その男の真後ろ辺りにいたため、顔は見えない。
？？？】※恭一
？？？】※恭一
ギャラリーも集まってきたし、次で最後にするか
ギャラリーも集まってきたし、次で最後にするか
ディーラー】※静乃
ディーラー】※静乃
畏まりました。勝負と行きましょう
畏まりました。勝負と行きましょう
ディーラー】※静乃
ディーラー】※静乃
それで、掛け金は？
それで、掛け金は？
？？？】※恭一
？？？】※恭一
全額ベットだ
全額ベットだ
seガヤ (0
seガヤ (0
周囲がざわついた。
周囲がざわついた。
男はテーブルの巨大に積み上げられたチップを場に押し出す。
男はテーブルの巨大に積み上げられたチップを場に押し出す。
秀隆
秀隆
あの……あれ、幾らくらいあるんですか？
あの……あれ、幾らくらいあるんですか？
女性
女性
２００万はあるわよ
２００万はあるわよ
秀隆
秀隆
うげ……
うげ……
世の中には、とんでもないことをする人間がいるもんだ。
世の中には、とんでもないことをする人間がいるもんだ。
ディーラー】※静乃
ディーラー】※静乃
では
では
ディーラーさんは綺麗な指先でカードを配る。
ディーラーさんは綺麗な指先でカードを配る。
そして……。
そして……。
ディーラー】※静乃
ディーラー】※静乃
私の勝ちですね
私の勝ちですね
seガヤ (2
seガヤ (2
結果は、ディーラーさんの勝ちとなった。
結果は、ディーラーさんの勝ちとなった。
２００万のチップが、ディーラーに回収される。
２００万のチップが、ディーラーに回収される。
だけど、男は気にした様子も無く立ち上がった。
だけど、男は気にした様子も無く立ち上がった。
そして未練を残すこともなく立ち去っていった。
そして未練を残すこともなく立ち去っていった。
秀隆
秀隆
世の中にはいるもんなんだぁ。金持ちが
世の中にはいるもんなんだぁ。金持ちが
あの女性ディーラーの元でポーカーと言うのもいいけど。
あの女性ディーラーの元でポーカーと言うのもいいけど。
ただ、さっきの大勝負を見た後は、少し行きづらい。
ただ、さっきの大勝負を見た後は、少し行きづらい。
無難で、手堅く遊べるもの……。
無難で、手堅く遊べるもの……。
秀隆
秀隆
うーん……
うーん……
初めてのギャンブルに、オレは中々決断できないでいた。
初めてのギャンブルに、オレは中々決断できないでいた。
？？？】※柳沢
？？？】※柳沢
何かお悩みですか？
何かお悩みですか？
秀隆
秀隆
え？
え？
背後から声をかけられ、オレは少し慌てて振り返った。
背後から声をかけられ、オレは少し慌てて振り返った。
？？？】※柳沢
？？？】※柳沢
失礼。驚かせてしまいましたか
失礼。驚かせてしまいましたか
秀隆
秀隆
いえ……
いえ……
？？？】※柳沢
？？？】※柳沢
どうも、カジノが不慣れのようにお見受けしまして。
どうも、カジノが不慣れのようにお見受けしまして。
つい話しかけてしまいました。申し訳ありません
つい話しかけてしまいました。申し訳ありません
秀隆
秀隆
謝られるようなことでは。実際不慣れでして……
謝られるようなことでは。実際不慣れでして……
柳沢
柳沢
私は柳沢と申しまして……
私は柳沢と申しまして……
スーツの懐から、一枚の名刺を取り出した。
スーツの懐から、一枚の名刺を取り出した。
秀隆
秀隆
柳沢……製薬
柳沢……製薬
柳沢
柳沢
ご存知ありませんか？
ご存知ありませんか？
秀隆
秀隆
すみません、自分はホープタウンの人間でして
すみません、自分はホープタウンの人間でして
柳沢
柳沢
なるほど。それでは無理からぬことです
なるほど。それでは無理からぬことです
秀隆
秀隆
社長さんですか。随分お若そうに見えるのに……
社長さんですか。随分お若そうに見えるのに……
柳沢
柳沢
私などまだまだ若輩者です。
私などまだまだ若輩者です。
それより、何かお悩みのように見受けられましたが
それより、何かお悩みのように見受けられましたが
秀隆
秀隆
悩みと言うか、この場の迫力に圧倒されていたんです
悩みと言うか、この場の迫力に圧倒されていたんです
柳沢
柳沢
ははははは。おっと、笑っては失礼ですね。
ははははは。おっと、笑っては失礼ですね。
いやでも、初めてカジノに来た自分を思い出しましたよ
いやでも、初めてカジノに来た自分を思い出しましたよ
柳沢
柳沢
小銭を握り締めて、夢を掴みに来たものです
小銭を握り締めて、夢を掴みに来たものです
秀隆
秀隆
その時はどうだったんですか？
その時はどうだったんですか？
柳沢
柳沢
無一文でカジノを後にしました
無一文でカジノを後にしました
そういい笑う。
そういい笑う。
秀隆
秀隆
夢を掴むのは簡単じゃないってことですね
夢を掴むのは簡単じゃないってことですね
柳沢
柳沢
確かに簡単じゃない。でも、けして夢では終わりません。
確かに簡単じゃない。でも、けして夢では終わりません。
諦めない心さえあれば、いつかそれが実るものなんです
諦めない心さえあれば、いつかそれが実るものなんです
柳沢
柳沢
私がこうして企業を立ち上げられたのは、
私がこうして企業を立ち上げられたのは、
運良く株で巨額の富を得ることが出来たからなんです
運良く株で巨額の富を得ることが出来たからなんです
秀隆
秀隆
株ですか
株ですか
柳沢
柳沢
実力だけでは、この世界のしあがることは出来ません。
実力だけでは、この世界のしあがることは出来ません。
運を兼ね備えて初めて……表舞台に立つことができるんです
運を兼ね備えて初めて……表舞台に立つことができるんです
人生の成功者として、誇らしげに柳沢社長は頷いた。
人生の成功者として、誇らしげに柳沢社長は頷いた。
秀隆
秀隆
あ、すみません。名乗らせておきながらご紹介が遅れました。
あ、すみません。名乗らせておきながらご紹介が遅れました。
自分はホープタウンで特務官をやっております、島津と申します
自分はホープタウンで特務官をやっております、島津と申します
その瞬間、微かにだが柳沢社長が驚きを見せた気がした。
その瞬間、微かにだが柳沢社長が驚きを見せた気がした。
柳沢
柳沢
ホープタウンの特務官ですか。立派ですね。実に興味深い
ホープタウンの特務官ですか。立派ですね。実に興味深い
深い笑みで、オレを見つめてきた。
深い笑みで、オレを見つめてきた。
秀隆
秀隆
自分などまだまだですから
自分などまだまだですから
柳沢
柳沢
ご謙遜を。こうしてドリームタウンまで
ご謙遜を。こうしてドリームタウンまで
足を運ぶということは、外交の一角を担っているということ
足を運ぶということは、外交の一角を担っているということ
柳沢
柳沢
違いますか？
違いますか？
秀隆
秀隆
そんな
そんな
大人の社交辞令を交し合う。
大人の社交辞令を交し合う。
こういうのは仕方ないけど、あまり得意ではない。
こういうのは仕方ないけど、あまり得意ではない。
柳沢
柳沢
差し出がましいことと思いますが、
差し出がましいことと思いますが、
ひょっとして何かギャンブルをされるおつもりですか？
ひょっとして何かギャンブルをされるおつもりですか？
秀隆
秀隆
そうですね、少しだけ遊ぼうかと思いまして
そうですね、少しだけ遊ぼうかと思いまして
柳沢
柳沢
参考までに、私が初めて遊んだカジノはルーレットでした
参考までに、私が初めて遊んだカジノはルーレットでした
秀隆
秀隆
ルーレット、ですか
ルーレット、ですか
柳沢
柳沢
ルールもシンプルなので、是非遊んでみてください
ルールもシンプルなので、是非遊んでみてください
秀隆
秀隆
わかりました。参考にさせていただきます
わかりました。参考にさせていただきます
柳沢
柳沢
あまりお邪魔しても悪いですし、私はこれで
あまりお邪魔しても悪いですし、私はこれで
そういい、礼儀正しく腰を折った。
そういい、礼儀正しく腰を折った。
柳沢
柳沢
これからの島津さんのご活躍、期待しています
これからの島津さんのご活躍、期待しています
秀隆
秀隆
ありがとうございます
ありがとうございます
柳沢
柳沢
失礼します
失礼します
頭を下げる。
頭を下げる。
柳沢
柳沢
おっと、そうだ。島津さんはドリームタウンの特務官、高坂さんはご存知ですか？
おっと、そうだ。島津さんはドリームタウンの特務官、高坂さんはご存知ですか？
秀隆
秀隆
もちろんです。本日も軽くですがお話を
もちろんです。本日も軽くですがお話を
柳沢
柳沢
それは良かった。彼とは仲良くさせていただいているので、
それは良かった。彼とは仲良くさせていただいているので、
機会があれば、またお会いすることもあるでしょう
機会があれば、またお会いすることもあるでしょう
秀隆
秀隆
はい。その際はよろしくお願いいたします
はい。その際はよろしくお願いいたします
柳沢
柳沢
では
では
紳士らしい笑みを見せ、柳沢社長は人ごみに紛れていった。
紳士らしい笑みを見せ、柳沢社長は人ごみに紛れていった。
秀隆
秀隆
柳沢製薬社長、柳沢軍司さんか
柳沢製薬社長、柳沢軍司さんか
帰ったら調べてみよう。
帰ったら調べてみよう。
秀隆
秀隆
折角だし、ルーレットを観てみるか
折角だし、ルーレットを観てみるか
ルーレットの台へと近づき、
ルーレットの台へと近づき、
展示されているルールブックに目を通す。
展示されているルールブックに目を通す。
秀隆
秀隆
確かに、これなら簡単そうだな
確かに、これなら簡単そうだな
大勢が一斉に参加できることも、初心者のオレにとっては心強いし。
大勢が一斉に参加できることも、初心者のオレにとっては心強いし。
ルーレットのところに足を運ぶと、
ルーレットのところに足を運ぶと、
パラパラとお客さんが席についてベットしていた。
パラパラとお客さんが席についてベットしていた。
空いた席に腰を下ろす。
空いた席に腰を下ろす。
丁度１ゲーム終わったところらしく、好きに賭けれるタイミングだった。
丁度１ゲーム終わったところらしく、好きに賭けれるタイミングだった。
秀隆
秀隆
じゃあ……赤に１万円、と
じゃあ……赤に１万円、と
約２分の１で倍になる。
約２分の１で倍になる。
周りの人たちも賭け終え、ルーレットが回りだした。
周りの人たちも賭け終え、ルーレットが回りだした。
…………。
…………。
ディーラー
ディーラー
黒の１１番です
黒の１１番です
秀隆
秀隆
ダメか
ダメか
続いて、今度は２万円分のベットを赤に。
続いて、今度は２万円分のベットを赤に。
でも、またも結果は黒。
でも、またも結果は黒。
秀隆
秀隆
今度こそっ
今度こそっ
三度目の正直、２万円分を赤に賭ける。
三度目の正直、２万円分を赤に賭ける。
そして
そして
ディーラー
ディーラー
黒の１７番です
黒の１７番です
三連敗した。
三連敗した。
僅か数分間で、５万円が消し飛んだ。
僅か数分間で、５万円が消し飛んだ。
秀隆
秀隆
怖っ！　ギャンブルって怖っ！
怖っ！　ギャンブルって怖っ！
龍也
龍也
やあ、楽しんでいるみたいだね
やあ、楽しんでいるみたいだね
秀隆
秀隆
高坂特務官！
高坂特務官！
龍也
龍也
あぁいいんだ、そのまま遊んでくれて。邪魔をするつもりはないよ
あぁいいんだ、そのまま遊んでくれて。邪魔をするつもりはないよ
龍也
龍也
どうだい調子の方は
どうだい調子の方は
秀隆
秀隆
さっぱりです。これが最後の勝負になりそうですよ
さっぱりです。これが最後の勝負になりそうですよ
残った手持ちのチップ５万円、その全てのチップを、赤に賭けた。
残った手持ちのチップ５万円、その全てのチップを、赤に賭けた。
龍也
龍也
他の特務官たちは？
他の特務官たちは？
秀隆
秀隆
多分、各自で楽しんでるんじゃないでしょうか
多分、各自で楽しんでるんじゃないでしょうか
ルーレットが回りだす。
ルーレットが回りだす。
龍也
龍也
君には緊張と言うものがないのかな？
君には緊張と言うものがないのかな？
秀隆
秀隆
何でです？
何でです？
龍也
龍也
先ほどの大河内代表とのやり取りは、見事だったよ。
先ほどの大河内代表とのやり取りは、見事だったよ。
とても入社したばかりの新人とは思えない度胸だった
とても入社したばかりの新人とは思えない度胸だった
秀隆
秀隆
ちょっとハッタリが口から出ただけです
ちょっとハッタリが口から出ただけです
龍也
龍也
それだけならいいんだけどね
それだけならいいんだけどね
にっこりと笑って、龍也さんは空いている隣に腰を下ろした。
にっこりと笑って、龍也さんは空いている隣に腰を下ろした。
龍也
龍也
僕は黒だと思うな
僕は黒だと思うな
秀隆
秀隆
えっ？
えっ？
龍也
龍也
今回の当たりがさ
今回の当たりがさ
秀隆
秀隆
…………
…………
まだ、ルーレットは締め切られていない。
まだ、ルーレットは締め切られていない。
今なら変えることも出来るが
今なら変えることも出来るが
秀隆
秀隆
その時は諦めます
その時は諦めます
オレはそのまま赤に賭けることにした。
オレはそのまま赤に賭けることにした。
チンチン、と言う音と共に、変更の締め切りがされる。
チンチン、と言う音と共に、変更の締め切りがされる。
高坂特務官は結果を見守るつもりなのか、
高坂特務官は結果を見守るつもりなのか、
ジッとオレとルーレットが回るのを見続けた。
ジッとオレとルーレットが回るのを見続けた。
やがて、小さな金色の球は、黒の１５で止まった。
やがて、小さな金色の球は、黒の１５で止まった。
秀隆
秀隆
あちゃ～！
あちゃ～！
オレの残りのチップが、全てディーラーに回収される。
オレの残りのチップが、全てディーラーに回収される。
秀隆
秀隆
高坂特務官の言う通りにすればよかったです……
高坂特務官の言う通りにすればよかったです……
龍也
龍也
残念だったね。これからどうするんだい？
残念だったね。これからどうするんだい？
秀隆
秀隆
まだ１時間以上あるので、ゆっくりしたいと思います
まだ１時間以上あるので、ゆっくりしたいと思います
龍也
龍也
よかったら、少し付き合ってくれないかな
よかったら、少し付き合ってくれないかな
秀隆
秀隆
それは構いませんが……
それは構いませんが……
龍也
龍也
ちょっと話し相手が欲しいと思っていたんだ
ちょっと話し相手が欲しいと思っていたんだ
高坂特務官なら、周りが放っておかないと思うんだけどな。
高坂特務官なら、周りが放っておかないと思うんだけどな。
折角声を掛けていただいたんだ、オレに断る理由はない。
折角声を掛けていただいたんだ、オレに断る理由はない。
龍也
龍也
今回は、驚かされてばかりだよ
今回は、驚かされてばかりだよ
龍也
龍也
竹内特務官が、新人を３名も連れてくるとは思っていなかった
竹内特務官が、新人を３名も連れてくるとは思っていなかった
秀隆
秀隆
正直、竹内特務官の足を引っ張らないか心配で仕方ありません
正直、竹内特務官の足を引っ張らないか心配で仕方ありません
龍也
龍也
そうだとしても、僕には脅威に感じられるな
そうだとしても、僕には脅威に感じられるな
龍也
龍也
正直言うと、これまでの交渉では
正直言うと、これまでの交渉では
竹内特務官以外に脅威となる特務官はいなかった
竹内特務官以外に脅威となる特務官はいなかった
龍也
龍也
だけど今回は４人も警戒しなければならないからね
だけど今回は４人も警戒しなければならないからね
龍也
龍也
君は新人だと言うが、こちらからしてみればかえって不気味だ
君は新人だと言うが、こちらからしてみればかえって不気味だ
秀隆
秀隆
なるほど……なら、自分たちも少しは
なるほど……なら、自分たちも少しは
竹内特務官の役に立っているかも知れませんね
竹内特務官の役に立っているかも知れませんね
龍也
龍也
そう言うことになるね
そう言うことになるね
くすりと高坂特務官は笑った。
くすりと高坂特務官は笑った。
龍也
龍也
見たところあの二人も若そうだけど、歳は幾つかな
見たところあの二人も若そうだけど、歳は幾つかな
秀隆
秀隆
自分も含め、全員２３です
自分も含め、全員２３です
龍也
龍也
へぇ、それじゃあ僕の１つ下か
へぇ、それじゃあ僕の１つ下か
秀隆
秀隆
う……１つしか違わないはずなのに、この差って……
う……１つしか違わないはずなのに、この差って……
いくら特務官になって間もないとは言え、かなりへこむぞ。
いくら特務官になって間もないとは言え、かなりへこむぞ。
若くて格好良くて仕事も出来る……どう考えても……。
若くて格好良くて仕事も出来る……どう考えても……。
龍也
龍也
島津くんは、どうして特務官に
島津くんは、どうして特務官に
秀隆
秀隆
あのっ！
あのっ！
龍也
龍也
な、なにかな？
な、なにかな？
オレは失礼を承知で、聞いてみることを決意した。
オレは失礼を承知で、聞いてみることを決意した。
秀隆
秀隆
このようなこと、普通は聞かないんですけど……
このようなこと、普通は聞かないんですけど……
秀隆
秀隆
……高坂特務官って、やっぱりかなりモテるんですか？
……高坂特務官って、やっぱりかなりモテるんですか？
龍也
龍也
……えっ？
……えっ？
秀隆
秀隆
で、ですから、女性にその、モテるのかなと
で、ですから、女性にその、モテるのかなと
龍也
龍也
えぇっと、うーん、どうだろうね
えぇっと、うーん、どうだろうね
秀隆
秀隆
その顔は間違いなくモテてますねっ！？　羨ましい……
その顔は間違いなくモテてますねっ！？　羨ましい……
龍也
龍也
島津くんも十分モテそうだけどね
島津くんも十分モテそうだけどね
秀隆
秀隆
も』ってことは、やっぱりモテてるんだ……
も』ってことは、やっぱりモテてるんだ……
龍也
龍也
はは、は……
はは、は……
秀隆
秀隆
オレなんて全然ですよ。
オレなんて全然ですよ。
特務官になればモテるかもなんて、淡い夢でした
特務官になればモテるかもなんて、淡い夢でした
がっくりとうな垂れる。
がっくりとうな垂れる。
龍也
龍也
女性に多くモテればいいってもんじゃないと思うよ。
女性に多くモテればいいってもんじゃないと思うよ。
僕は１００人の女性に愛されるより、１人の女性に愛されたい
僕は１００人の女性に愛されるより、１人の女性に愛されたい
秀隆
秀隆
…………
…………
龍也
龍也
う、臭いことを言ってしまったね……僕は
う、臭いことを言ってしまったね……僕は
秀隆
秀隆
かっ、格好いいっす！
かっ、格好いいっす！
オレは高坂特務官の肩に、思わず右手を置いて頷いた。
オレは高坂特務官の肩に、思わず右手を置いて頷いた。
秀隆
秀隆
やっぱり高坂特務官は、噂どおりの人ですね！
やっぱり高坂特務官は、噂どおりの人ですね！
そしてぐっと左手の親指を立てる。
そしてぐっと左手の親指を立てる。
龍也
龍也
あ、ありがとう……島津くんも、
あ、ありがとう……島津くんも、
僕が思っていたような人物ではなかったかも……
僕が思っていたような人物ではなかったかも……
それは褒められたのか、バカにされたのか。
それは褒められたのか、バカにされたのか。
どちらにせよ、街を代表する特務官になれば
どちらにせよ、街を代表する特務官になれば
１００人の女性に求婚されるような人物になれる。
１００人の女性に求婚されるような人物になれる。
秀隆
秀隆
頑張るぞ、頑張るぞッ
頑張るぞ、頑張るぞッ
龍也
龍也
うーん……
うーん……
ぽりぽりと頬を掻く高坂特務官。
ぽりぽりと頬を掻く高坂特務官。
あ……そんなオレは、ふと希望のことを思い出した。
あ……そんなオレは、ふと希望のことを思い出した。
秀隆
秀隆
そうか、高坂特務官には希望がいますもんねっ
そうか、高坂特務官には希望がいますもんねっ
龍也
龍也
え、希望ちゃん？
え、希望ちゃん？
秀隆
秀隆
そうか、そりゃあ１００人の女性も霞みますよねえ
そうか、そりゃあ１００人の女性も霞みますよねえ
龍也
龍也
希望ちゃんから聞いたのかい？
希望ちゃんから聞いたのかい？
秀隆
秀隆
はい
はい
まぁ希望の口から聞く以前から、知っていたけど。
まぁ希望の口から聞く以前から、知っていたけど。
龍也
龍也
そうだったのか……
そうだったのか……
秀隆
秀隆
卒業したら結婚されるとか？
卒業したら結婚されるとか？
龍也
龍也
う、うん。そう、言うことになるね
う、うん。そう、言うことになるね
妙に歯切れが悪かったが、ちょっとテレ臭いのだろうか。
妙に歯切れが悪かったが、ちょっとテレ臭いのだろうか。
あまりいじらない方がいいのかも知れない。
あまりいじらない方がいいのかも知れない。
奥の扉が開いた。
奥の扉が開いた。
龍也
龍也
…………
…………
そして、そこから竹内氏が出てくる。
そして、そこから竹内氏が出てくる。
その後ろから、さらに大河内代表が出てきた。
その後ろから、さらに大河内代表が出てきた。
思わぬ登場客に、オレは慌てて立ち上がった。
思わぬ登場客に、オレは慌てて立ち上がった。
その後、高坂特務官もゆっくりと立ち上がる。
その後、高坂特務官もゆっくりと立ち上がる。
秀隆
秀隆
お疲れ様です、竹内特務官、大河内代表
お疲れ様です、竹内特務官、大河内代表
麦蔵
麦蔵
おまえが他所の特務官と一緒にいるなんざ珍しいな高坂
おまえが他所の特務官と一緒にいるなんざ珍しいな高坂
竹内
竹内
私も驚きました。いつの間に仲良くなったのかね
私も驚きました。いつの間に仲良くなったのかね
秀隆
秀隆
高坂特務官には、色々とアドバイスをいただいております
高坂特務官には、色々とアドバイスをいただいております
龍也
龍也
そんな。わざわざ畏まる必要はないよ
そんな。わざわざ畏まる必要はないよ
竹内
竹内
邪魔しても悪いね。私は一足先にフロアに向かうよ
邪魔しても悪いね。私は一足先にフロアに向かうよ
秀隆
秀隆
はい。では後ほど
はい。では後ほど
大河内代表はすぐには立ち去らず、ソファーに腰を下ろした。
大河内代表はすぐには立ち去らず、ソファーに腰を下ろした。
秀隆
秀隆
…………
…………
麦蔵
麦蔵
おまえたちも座れ
おまえたちも座れ
秀隆
秀隆
失礼します……
失礼します……
オレと高坂特務官はソファーに座りなおした。
オレと高坂特務官はソファーに座りなおした。
龍也
龍也
こちらの島津くんは優秀な特務官になると思いますよ
こちらの島津くんは優秀な特務官になると思いますよ
秀隆
秀隆
え、いやっ、自分なんか全然で！
え、いやっ、自分なんか全然で！
麦蔵
麦蔵
ほぉ。高坂が言うとは、相当できるんだろうな。
ほぉ。高坂が言うとは、相当できるんだろうな。
まあさっき俺に向かって生意気なことを言うくらいだ、そうでないとな
まあさっき俺に向かって生意気なことを言うくらいだ、そうでないとな
秀隆
秀隆
先ほどは失礼しました！
先ほどは失礼しました！
笑みを堪えた高坂特務官。
笑みを堪えた高坂特務官。
龍也
龍也
あまりからかわないであげてください
あまりからかわないであげてください
麦蔵
麦蔵
いじりがいのあるヤツは好きだぜ
いじりがいのあるヤツは好きだぜ
麦蔵
麦蔵
それ以上に、将来有望な人間には興味がある
それ以上に、将来有望な人間には興味がある
鋭い目が、オレの内面まで見透かしてくるようだった。
鋭い目が、オレの内面まで見透かしてくるようだった。
龍也
龍也
あの、分かっているとは思いますが……代表
あの、分かっているとは思いますが……代表
麦蔵
麦蔵
分かってる。コイツは無理だろうな
分かってる。コイツは無理だろうな
秀隆
秀隆
えっ？
えっ？
麦蔵
麦蔵
そんなもん目を見れば分かる。俺を誰だと思ってんだ
そんなもん目を見れば分かる。俺を誰だと思ってんだ
龍也
龍也
そうですね、失礼しました
そうですね、失礼しました
秀隆
秀隆
あの、なにが無理なんでしょう？
あの、なにが無理なんでしょう？
無理、と言うことを言われると、悪い方向しか想像できない。
無理、と言うことを言われると、悪い方向しか想像できない。
麦蔵
麦蔵
出世できないってこった
出世できないってこった
秀隆
秀隆
うげ！？
うげ！？
麦蔵
麦蔵
くくくく。それじゃあな
くくくく。それじゃあな
ソファーから立ち上がると、大河内代表は部屋を後にした。
ソファーから立ち上がると、大河内代表は部屋を後にした。
扉が閉まるなり、オレはその場に崩れ落ちた。
扉が閉まるなり、オレはその場に崩れ落ちた。
秀隆
秀隆
出世できない出世できない出世できない出世できない出世できない出世できない出世できない出世できない出世できない出世できない出世できない
出世できない出世できない出世できない出世できない出世できない出世できない出世できない出世できない出世できない出世できない出世できない
龍也
龍也
あ、あのね、今のはほんのジョークだと思うよ？
あ、あのね、今のはほんのジョークだと思うよ？
秀隆
秀隆
いいんス、いいんス……慰めはいらないですから……
いいんス、いいんス……慰めはいらないですから……
龍也
龍也
…………
…………
龍也
龍也
おっと、随分と話し込んでしまったね。そろそろディナーの時間だ
おっと、随分と話し込んでしまったね。そろそろディナーの時間だ
応接室とフロアを、多くの人が出入りし始める。
応接室とフロアを、多くの人が出入りし始める。
龍也
龍也
食事の準備もあるだろうし、いったん出ていようか
食事の準備もあるだろうし、いったん出ていようか
秀隆
秀隆
はい
はい
…………。
…………。
……。
……。
カジノフロアの一角を貸切にしたのか、
カジノフロアの一角を貸切にしたのか、
特務官のオレたちを除き、一般の客はいないようだった。
特務官のオレたちを除き、一般の客はいないようだった。
麦蔵
麦蔵
ドリームタウンの料理は初めての者もいるだろう。存分に楽しんでくれ
ドリームタウンの料理は初めての者もいるだろう。存分に楽しんでくれ
大河内代表の挨拶と共に、ディナーを頂く。
大河内代表の挨拶と共に、ディナーを頂く。
磯部とまどかは隣同士、緊張した様子であれこれ食事を見ていた。
磯部とまどかは隣同士、緊張した様子であれこれ食事を見ていた。
大河内代表は、高坂特務官と雑談をしている。
大河内代表は、高坂特務官と雑談をしている。
竹内氏は、どうやらドリームタウンの特務官の相手をしているみたいだった。
竹内氏は、どうやらドリームタウンの特務官の相手をしているみたいだった。
秀隆
秀隆
オレは一人か……
オレは一人か……
ちょっと寂しい。
ちょっと寂しい。
希望
希望
私がいるよ？
私がいるよ？
秀隆
秀隆
あれ、希望じゃないか
あれ、希望じゃないか
希望
希望
秀隆くんがきてるって龍也さんに聞いたの
秀隆くんがきてるって龍也さんに聞いたの
秀隆
秀隆
そうだったのか
そうだったのか
秀隆
秀隆
にしても、お前のお父さん、凄い人だよな
にしても、お前のお父さん、凄い人だよな
希望
希望
すごい？　街の代表だから？
すごい？　街の代表だから？
秀隆
秀隆
そう言う意味じゃなくて……ちょっとおっかないよな
そう言う意味じゃなくて……ちょっとおっかないよな
希望
希望
あ、そう言うことか
あ、そう言うことか
くすくすと希望が笑う。
くすくすと希望が笑う。
希望
希望
そうだね、ちょっと怖いところはあるかも
そうだね、ちょっと怖いところはあるかも
平気で人を殴る、なんて言っていた希望の言葉を思い出した。
平気で人を殴る、なんて言っていた希望の言葉を思い出した。
秀隆
秀隆
恐ろしすぎて、アレが縮み上がったよ
恐ろしすぎて、アレが縮み上がったよ
希望
希望
ん、なにが？
ん、なにが？
秀隆
秀隆
え、なにがって？
え、なにがって？
希望
希望
アレって何かなって？
アレって何かなって？
秀隆
秀隆
まぁ……アレはアレだ
まぁ……アレはアレだ
希望
希望
何かな？
何かな？
秀隆
秀隆
えーっと……
えーっと……
アレが
アレが
体が
体が
心が
心が
秀隆
秀隆
心が、かな
心が、かな
希望
希望
心が？
心が？
秀隆
秀隆
プレッシャーって言うか、恐怖って言うか、そんなのでな
プレッシャーって言うか、恐怖って言うか、そんなのでな
希望
希望
なるほどぉ
なるほどぉ
秀隆
秀隆
体が、かな
体が、かな
希望
希望
体って縮み上がるの？
体って縮み上がるの？
秀隆
秀隆
比喩って奴だな
比喩って奴だな
希望
希望
そうなんだ。勉強になるね
そうなんだ。勉強になるね
危ない危ない。
危ない危ない。
本当のことなんてとてもじゃないが言えないぞっ。
本当のことなんてとてもじゃないが言えないぞっ。
秀隆
秀隆
そりゃ、アレはアレだよ
そりゃ、アレはアレだよ
希望
希望
うん。そのアレってなに？
うん。そのアレってなに？
秀隆
秀隆
分からないんだったら、諦めてくれ
分からないんだったら、諦めてくれ
希望
希望
えええっ、普通教えてくれるものだよ？
えええっ、普通教えてくれるものだよ？
秀隆
秀隆
そんな普通は知らん
そんな普通は知らん
希望
希望
秀隆くん、先生だったよね？
秀隆くん、先生だったよね？
教え子が答え分からないで迷ってたら教えてあげないの？
教え子が答え分からないで迷ってたら教えてあげないの？
秀隆
秀隆
教え子なら教える。希望は教え子じゃないから教えない
教え子なら教える。希望は教え子じゃないから教えない
希望
希望
そう言うこと言うんだ？
そう言うこと言うんだ？
秀隆
秀隆
お、教えないものは教えないぞ
お、教えないものは教えないぞ
希望
希望
ふーん、そうなんだ。教えてくれないんだね
ふーん、そうなんだ。教えてくれないんだね
秀隆
秀隆
……駄目なものは駄目だ
……駄目なものは駄目だ
希望
希望
わかった。じゃあお父さんに聞くね
わかった。じゃあお父さんに聞くね
秀隆
秀隆
えっ！？
えっ！？
希望
希望
秀隆くんが、アレのことを教えてくれないから、って
秀隆くんが、アレのことを教えてくれないから、って
希望
希望
お父さ～ん！
お父さ～ん！
秀隆
秀隆
わあああ！　待て
わあああ！　待て
待て待て！
待て待て！
オレは駆け出そうとする希望の腕を掴む。
オレは駆け出そうとする希望の腕を掴む。
秀隆
秀隆
わかった。教える、教えるからそれは待ってくれ！
わかった。教える、教えるからそれは待ってくれ！
希望
希望
しょうがないなあ。じゃあ教えて貰ってあげる
しょうがないなあ。じゃあ教えて貰ってあげる
こいつ、知っててわざと言ってるんじゃないだろうな？
こいつ、知っててわざと言ってるんじゃないだろうな？
秀隆
秀隆
……耳を貸せ
……耳を貸せ
希望
希望
うんうん
うんうん
ちょこちょこっとオレの傍に寄ってくる。
ちょこちょこっとオレの傍に寄ってくる。
オレは希望の耳元に口を近づけた。
オレは希望の耳元に口を近づけた。
このままパクリとしたら美味しいんだろうけど、
このままパクリとしたら美味しいんだろうけど、
１０分後には手錠をはめられて檻の中だ。
１０分後には手錠をはめられて檻の中だ。
あるいは大河内代表に殺されるかも。
あるいは大河内代表に殺されるかも。
秀隆
秀隆
アレってのは、男の股間についてる袋のことだ
アレってのは、男の股間についてる袋のことだ
希望
希望
……え？
……え？
意味が理解できなかったのか、首をかしげる。
意味が理解できなかったのか、首をかしげる。
秀隆
秀隆
だから―――男には竿があるだろ？
だから―――男には竿があるだろ？
で、そこには袋もあるわけで……それが縮み上がるってことだ
で、そこには袋もあるわけで……それが縮み上がるってことだ
希望
希望
んー……
んー……
実感がこないのか、難しい顔をしている。
実感がこないのか、難しい顔をしている。
でも、やがてオレの発言がとんでもないものだと気づいた。
でも、やがてオレの発言がとんでもないものだと気づいた。
見る見るうちに、顔が赤くなっていく。
見る見るうちに、顔が赤くなっていく。
希望
希望
な、なんてことを言うのかな秀隆くんはっ！
な、なんてことを言うのかな秀隆くんはっ！
秀隆
秀隆
遅っ
遅っ
希望
希望
そんなこと、間違ってもお父さんには聞けないよ！
そんなこと、間違ってもお父さんには聞けないよ！
秀隆
秀隆
ったりまえだ。だから止めたんだよ
ったりまえだ。だから止めたんだよ
希望
希望
そ、そう言う話は、駄目だよ。女の子の前で
そ、そう言う話は、駄目だよ。女の子の前で
秀隆
秀隆
だから深くは追求して欲しくなかったんだ
だから深くは追求して欲しくなかったんだ
希望
希望
ううう……
ううう……
秀隆
秀隆
よく理解できないって、見たことないのか？
よく理解できないって、見たことないのか？
暑かったり寒かったりで、サイズが違うだろ？
暑かったり寒かったりで、サイズが違うだろ？
希望
希望
そんなの見たことないよ！
そんなの見たことないよ！
秀隆
秀隆
わ、悪い……
わ、悪い……
いつものほほんとしている希望が、噛み付かんばかりの勢いだった。
いつものほほんとしている希望が、噛み付かんばかりの勢いだった。
それから、暫く希望と食事をしていると恋さんがやって来た。
それから、暫く希望と食事をしていると恋さんがやって来た。
恋
恋
希望さん、来てらしたんですね
希望さん、来てらしたんですね
希望
希望
あ、恋さん。こんばんはっ
あ、恋さん。こんばんはっ
恋
恋
こんばんは
こんばんは
秀隆
秀隆
どど、どもです
どど、どもです
恋
恋
島津さん、希望さんと仲がいいんですか？
島津さん、希望さんと仲がいいんですか？
秀隆
秀隆
ええまぁ。そこそこですが
ええまぁ。そこそこですが
希望
希望
なんか嫌そうだね？
なんか嫌そうだね？
秀隆
秀隆
別に嫌ってわけじゃ……
別に嫌ってわけじゃ……
恋
恋
この間のケーキ、凄く美味しかったです
この間のケーキ、凄く美味しかったです
希望
希望
ほんと？　よかったぁ
ほんと？　よかったぁ
恋
恋
ただ、彼の方が
ただ、彼の方が
希望
希望
口に合わなかった？
口に合わなかった？
恋
恋
いえ、美味しいとは言ってました。ただ色々苦労が絶えなくて
いえ、美味しいとは言ってました。ただ色々苦労が絶えなくて
希望
希望
そうなんだ。私はちょっと苦手だから、よくわからないな
そうなんだ。私はちょっと苦手だから、よくわからないな
恋
恋
関わらない方がいいですよ。疲れるだけです
関わらない方がいいですよ。疲れるだけです
彼？　その単語が引っかかる。
彼？　その単語が引っかかる。
秀隆
秀隆
あの、恋さんって、彼氏がいるんですか？
あの、恋さんって、彼氏がいるんですか？
恋
恋
え？
え？
秀隆
秀隆
いや、今彼って単語が出てたし、苦労が絶えないとか
いや、今彼って単語が出てたし、苦労が絶えないとか
恋
恋
えっと……はい
えっと……はい
こくりと頷く。
こくりと頷く。
やっぱり、こう言う人には彼氏がいるんだな……。
やっぱり、こう言う人には彼氏がいるんだな……。
希望
希望
すごく残念そうな顔してる
すごく残念そうな顔してる
秀隆
秀隆
そりゃ世の中の可愛い女性には、
そりゃ世の中の可愛い女性には、
一人でも多く彼氏がいない状態でいてほしいだろ？
一人でも多く彼氏がいない状態でいてほしいだろ？
希望
希望
私に聞かれても……
私に聞かれても……
龍也
龍也
３人で何を話しているのかな？
３人で何を話しているのかな？
秀隆
秀隆
高坂特務官
高坂特務官
希望
希望
ケーキのことを話してたの。
ケーキのことを話してたの。
先日恋さんに教えてあげたら、美味しかったって
先日恋さんに教えてあげたら、美味しかったって
龍也
龍也
それはよかった。今度僕も食べようかな
それはよかった。今度僕も食べようかな
希望
希望
恭一さんも美味しかったって
恭一さんも美味しかったって
龍也
龍也
……そう
……そう
恭一、それが恋さんの彼氏の名前だろうか。
恭一、それが恋さんの彼氏の名前だろうか。
龍也
龍也
彼との暮らしはどうだい？
彼との暮らしはどうだい？
恋
恋
なんとかやれています
なんとかやれています
龍也
龍也
何か思うことがあったら、いつでも相談して欲しい
何か思うことがあったら、いつでも相談して欲しい
恋
恋
ありがとうございます。でも、大丈夫です
ありがとうございます。でも、大丈夫です
恋
恋
あ、すみません、失礼しますね
あ、すみません、失礼しますね
希望
希望
またね
またね
恋さんは、慌しくカジノフロアへと消えていった。
恋さんは、慌しくカジノフロアへと消えていった。
秀隆
秀隆
随分忙しそうだなあ
随分忙しそうだなあ
希望
希望
最近は多忙みたいだから
最近は多忙みたいだから
龍也
龍也
……それじゃあ、僕も失礼するね。ゆっくりしていって
……それじゃあ、僕も失礼するね。ゆっくりしていって
秀隆
秀隆
はい、ありがとうございます
はい、ありがとうございます
高坂特務官も歩いていかれてしまった。
高坂特務官も歩いていかれてしまった。
希望は、その背中を少し寂しそうに見送る。
希望は、その背中を少し寂しそうに見送る。
そりゃオレなんかといるより、婚約者といたいだろう。
そりゃオレなんかといるより、婚約者といたいだろう。
でも何故だろうか。
でも何故だろうか。
希望の高坂特務官を見る目は少しだけ、
希望の高坂特務官を見る目は少しだけ、
そういったものとは違うように思えたのは。
そういったものとは違うように思えたのは。
希望
希望
そういえばさ
そういえばさ
秀隆
秀隆
お、おう？
お、おう？
希望
希望
んっ？　どうかしたの？
んっ？　どうかしたの？
秀隆
秀隆
いや。なんでもない。なんだ？
いや。なんでもない。なんだ？
こちらを振り向いた希望の顔や声が、いつもと変わらなかったので、
こちらを振り向いた希望の顔や声が、いつもと変わらなかったので、
オレは思わず動揺を見せてしまった。
オレは思わず動揺を見せてしまった。
切り替えが早いと言うか、
切り替えが早いと言うか、
自分の感情を隠す術を心得ている。
自分の感情を隠す術を心得ている。
オレたち特務官ですら、簡単なことじゃないと言うのに。
オレたち特務官ですら、簡単なことじゃないと言うのに。
希望
希望
また遊びに行ってもいいかな
また遊びに行ってもいいかな
秀隆
秀隆
家にか？　ああ、もちろんだ。そんな改まって言うことじゃないぞ
家にか？　ああ、もちろんだ。そんな改まって言うことじゃないぞ
希望
希望
秋ちゃんやキズナちゃんと、もっと仲良くなりたいなって
秋ちゃんやキズナちゃんと、もっと仲良くなりたいなって
秀隆
秀隆
それはいいことだな。オレとしてもお願いしたい。
それはいいことだな。オレとしてもお願いしたい。
あいつらと仲良くしてやってくれ
あいつらと仲良くしてやってくれ
希望
希望
二人とも私のこと、悪い印象で見てないかな
二人とも私のこと、悪い印象で見てないかな
秀隆
秀隆
見るわけないだろ。おまえも、もちろん凛もな
見るわけないだろ。おまえも、もちろん凛もな
希望
希望
そっか
そっか
へへ、と笑う。
へへ、と笑う。
秀隆
秀隆
おまえが心配する、大河内代表って存在も、
おまえが心配する、大河内代表って存在も、
ホープタウンじゃ影響力は薄くなるし、
ホープタウンじゃ影響力は薄くなるし、
そもそも、秋やキズナはそんなことを考えるタイプじゃない
そもそも、秋やキズナはそんなことを考えるタイプじゃない
秀隆
秀隆
おまえがどこの誰であっても、関係なく接するはずだ
おまえがどこの誰であっても、関係なく接するはずだ
希望
希望
うん
うん
秀隆
秀隆
そうだ、明日少しだけ時間作れるか？
そうだ、明日少しだけ時間作れるか？
希望
希望
時間は作れるけど、私はホープタウンに行けないよ？
時間は作れるけど、私はホープタウンに行けないよ？
希望
希望
龍也さんの予定も聞いてないし
龍也さんの予定も聞いてないし
秀隆
秀隆
大丈夫だ。オレの方からカジノまで足を運ぶよ
大丈夫だ。オレの方からカジノまで足を運ぶよ
希望
希望
何かあるの？
何かあるの？
秀隆
秀隆
ちょっとな。それは会ったときに話す
ちょっとな。それは会ったときに話す
希望
希望
ごめんね秀隆くん。私婚約してる人がいるの……
ごめんね秀隆くん。私婚約してる人がいるの……
秀隆
秀隆
別に告白はしねえよ！
別に告白はしねえよ！
希望
希望
あははは、冗談冗談
あははは、冗談冗談
秀隆
秀隆
ったく
ったく
竹内
竹内
本日はありがとう御座いました
本日はありがとう御座いました
麦蔵
麦蔵
いや、俺も久々に賑やかで楽しい夕食だった。またな
いや、俺も久々に賑やかで楽しい夕食だった。またな
竹内
竹内
はい。それでは、失礼致します
はい。それでは、失礼致します
竹内
竹内
さて、そろそろ戻るとしよう。最終が近い
さて、そろそろ戻るとしよう。最終が近い
秀隆
秀隆
いやぁ、美味しかったですね、さすがに出るものが違う
いやぁ、美味しかったですね、さすがに出るものが違う
竹内
竹内
島津くんは随分美味しそうに食べていたようだね
島津くんは随分美味しそうに食べていたようだね
秀隆
秀隆
正直言って、人生で食べた中で一番美味しかったです
正直言って、人生で食べた中で一番美味しかったです
竹内
竹内
ドリームタウンは、徹底して地上時代の食事を再現していると
ドリームタウンは、徹底して地上時代の食事を再現していると
聞く
聞く
秀隆
秀隆
なるほど。だから見たことない料理が多かったんですね
なるほど。だから見たことない料理が多かったんですね
まどか
まどか
…………
…………
竹内特務官を先頭に、少し後ろを歩くオレたち。
竹内特務官を先頭に、少し後ろを歩くオレたち。
磯部はいきなり、オレの傍によってくる。
磯部はいきなり、オレの傍によってくる。
磯部
磯部
おまえ、竹内特務官に慣れ慣れしすぎるんじゃないか？
おまえ、竹内特務官に慣れ慣れしすぎるんじゃないか？
そんなことを言われた。
そんなことを言われた。
秀隆
秀隆
酒臭っ。相当飲んだな？
酒臭っ。相当飲んだな？
磯部
磯部
無礼講だ無礼講。飲んだっていいじゃないか。
無礼講だ無礼講。飲んだっていいじゃないか。
それよりどうなんだよ。おまえの態度は
それよりどうなんだよ。おまえの態度は
秀隆
秀隆
馴れ馴れしいかな。自然に接してるつもりだけどな
馴れ馴れしいかな。自然に接してるつもりだけどな
磯部
磯部
自然って……友達じゃないんだからよ
自然って……友達じゃないんだからよ
秀隆
秀隆
なんで怒ってるんだよ
なんで怒ってるんだよ
磯部
磯部
竹内特務官は、大先輩も大先輩なんだ。もっと気をつけろ
竹内特務官は、大先輩も大先輩なんだ。もっと気をつけろ
まどか
まどか
磯部くんはちょっと羨ましいのよ。
磯部くんはちょっと羨ましいのよ。
特務官になる前から、竹内特務官に憧れてるから
特務官になる前から、竹内特務官に憧れてるから
秀隆
秀隆
気に食わないなら、磯部もしてみれば？
気に食わないなら、磯部もしてみれば？
磯部
磯部
なにをだよ……
なにをだよ……
秀隆
秀隆
竹内特務官、お疲れッス！　みたいな？
竹内特務官、お疲れッス！　みたいな？
磯部
磯部
言えるか！
言えるか！
秀隆
秀隆
意外に好感を得られたりして
意外に好感を得られたりして
秀隆
秀隆
最近の若者にしては、中々勇気があるじゃないか、とか
最近の若者にしては、中々勇気があるじゃないか、とか
まどか
まどか
ちょっとちょっと……
ちょっとちょっと……
秀隆
秀隆
はははは、冗談だよ磯部。……磯部？
はははは、冗談だよ磯部。……磯部？
磯部
磯部
……なるほど。竹内特務官は常々そう考えていたのか……！
……なるほど。竹内特務官は常々そう考えていたのか……！
磯部は千鳥足で、竹内特務官の元へ向かう。
磯部は千鳥足で、竹内特務官の元へ向かう。
まどか
まどか
ちょっと、真に受けちゃったんじゃないの？
ちょっと、真に受けちゃったんじゃないの？
秀隆
秀隆
まさか。幾らなんでも、冗談ってことくらいわかるだろ
まさか。幾らなんでも、冗談ってことくらいわかるだろ
まどか
まどか
そうだけど……
そうだけど……
磯部
磯部
竹内特務官！
竹内特務官！
竹内
竹内
なんだね、磯部くん
なんだね、磯部くん
磯部
磯部
今日は本当にお、おつ、お疲れッス！
今日は本当にお、おつ、お疲れッス！
竹内
竹内
ふむ。すまない、私は酔っているようだ。もう一度頼んでもいいかな？
ふむ。すまない、私は酔っているようだ。もう一度頼んでもいいかな？
se背中をバシバシ叩かれる
se背中をバシバシ叩かれる
磯部
磯部
今日はお疲れッス！
今日はお疲れッス！
あろうことか、磯部はマジで
あろうことか、磯部はマジで
竹内特務官の背中をバシッと背中を叩いた。
竹内特務官の背中をバシッと背中を叩いた。
竹内
竹内
……君は私を侮辱しているのかね？
……君は私を侮辱しているのかね？
磯部
磯部
いや、俺はその、竹内特務官に
いや、俺はその、竹内特務官に
秀隆
秀隆
うわちゃぁ……なんか説教され始めたぞ……
うわちゃぁ……なんか説教され始めたぞ……
まどか
まどか
やっぱりあなたの話を、真に受けたんじゃ……？
やっぱりあなたの話を、真に受けたんじゃ……？
秀隆
秀隆
……まさか……
……まさか……
秀隆
秀隆
磯部って、そんなに飲んでたか？
磯部って、そんなに飲んでたか？
まどか
まどか
彼は元々下戸に近いから。今日は無理したんだと思う
彼は元々下戸に近いから。今日は無理したんだと思う
秀隆
秀隆
まあ、パーティーの席で飲まないってのも難しいよな
まあ、パーティーの席で飲まないってのも難しいよな
下っ端のオレたちは、むしろ率先して飲まなきゃ失礼だ。
下っ端のオレたちは、むしろ率先して飲まなきゃ失礼だ。
それが社会の付き合いであり、新人の役目でもある。
それが社会の付き合いであり、新人の役目でもある。
磯部
磯部
俺は金輪際、おまえの言うことは信用しないっ！
俺は金輪際、おまえの言うことは信用しないっ！
秀隆
秀隆
そ、そんな泣きながら言わなくても……本気にするとは思わなかったんだ
そ、そんな泣きながら言わなくても……本気にするとは思わなかったんだ
磯部
磯部
間違いなく俺は嫌われた、もうだめだ……
間違いなく俺は嫌われた、もうだめだ……
秀隆
秀隆
そんな大げさな
そんな大げさな
磯部
磯部
これで俺が出世できなかったら、一生おまえを恨む！
これで俺が出世できなかったら、一生おまえを恨む！
秀隆
秀隆
それとこれとは話が別なんじゃないか？
それとこれとは話が別なんじゃないか？
磯部
磯部
違わない！
違わない！
ううう、竹内特務官、うううう！
ううう、竹内特務官、うううう！
暫くの間、小言に付き合わされることになりそうだ。
暫くの間、小言に付き合わされることになりそうだ。
ホープタウンについた。
ホープタウンについた。
時刻は９時を回っている。
時刻は９時を回っている。
竹内
竹内
今日はご苦労だったね。明日は午前半休を取るといい
今日はご苦労だったね。明日は午前半休を取るといい
磯部の状態を見て、竹内特務官がそういった。
磯部の状態を見て、竹内特務官がそういった。
磯部は酔いも回りきり、言葉を発するのも難しそうだ。
磯部は酔いも回りきり、言葉を発するのも難しそうだ。
秀隆
秀隆
ありがとうございます。お言葉に甘えさせていただきます
ありがとうございます。お言葉に甘えさせていただきます
竹内
竹内
それから、今後のことについてだが
それから、今後のことについてだが
まどか
まどか
なんでしょうか？
なんでしょうか？
竹内
竹内
次の……っ……つ、次の
次の……っ……つ、次の
秀隆
秀隆
竹内特務官……？
竹内特務官……？
竹内
竹内
つ
つ
何かを言いかけた竹内氏が、突如足のバランスを崩した。
何かを言いかけた竹内氏が、突如足のバランスを崩した。
竹内
竹内
ぐっ！
ぐっ！
そして、そのまま地面に崩れ落ちる。
そして、そのまま地面に崩れ落ちる。
まどか
まどか
竹内特務官！？
竹内特務官！？
秀隆
秀隆
ど、どうされましたか！？
ど、どうされましたか！？
まどかが慌てて駆け寄り、竹内特務官を抱き起こす。
まどかが慌てて駆け寄り、竹内特務官を抱き起こす。
何事かと周囲の人間も視線を向けた。
何事かと周囲の人間も視線を向けた。
オレは磯部を肩に担いだまま、竹内特務官の傍へ。
オレは磯部を肩に担いだまま、竹内特務官の傍へ。
竹内
竹内
む、胸が……っ……！
む、胸が……っ……！
顔を歪め、苦しそうに胸を押さえる。
顔を歪め、苦しそうに胸を押さえる。
秀隆
秀隆
竹内特務官！　医者、医者を呼んでくれ！
竹内特務官！　医者、医者を呼んでくれ！
…………。
…………。
……。
……。
病院へと救急で搬送された竹内特務官は、
病院へと救急で搬送された竹内特務官は、
ベッドの上で落ち着いた呼吸を繰り返していた。
ベッドの上で落ち着いた呼吸を繰り返していた。
知らせを受け、駆けつけた唐沢さんが、不安そうな顔でオレを見つけた。
知らせを受け、駆けつけた唐沢さんが、不安そうな顔でオレを見つけた。
唐沢
唐沢
竹内くんの容態は……？
竹内くんの容態は……？
秀隆
秀隆
大丈夫です。過労がたたったようで。命に別状はありません
大丈夫です。過労がたたったようで。命に別状はありません
唐沢
唐沢
そうか……良かった……本当に良かった……
そうか……良かった……本当に良かった……
秀隆
秀隆
ですが、しばらく安静にしている必要があると
ですが、しばらく安静にしている必要があると
医者が言うには、少なくとも３週間は入院した方がいいらしい。
医者が言うには、少なくとも３週間は入院した方がいいらしい。
怪我と違って、肉体の疲労は簡単には治せないってことだ。
怪我と違って、肉体の疲労は簡単には治せないってことだ。
唐沢
唐沢
仕方がないだろうね。これまでずっと働き詰めだった
仕方がないだろうね。これまでずっと働き詰めだった
秀隆
秀隆
もうすぐ交渉が始まりますが……
もうすぐ交渉が始まりますが……
唐沢
唐沢
暫くは東野くんを代表として、望むことになるだろう
暫くは東野くんを代表として、望むことになるだろう
まどか
まどか
東野特務官……
東野特務官……
オレも何度か耳にした事はある。
オレも何度か耳にした事はある。
竹内特務官の右腕として長年働いてきた特務官だ。
竹内特務官の右腕として長年働いてきた特務官だ。
いつもは別室にいるため、まだ顔合わせ程度しかしていない。
いつもは別室にいるため、まだ顔合わせ程度しかしていない。
しかし、彼が竹内特務官の代理で大丈夫なのだろうか。
しかし、彼が竹内特務官の代理で大丈夫なのだろうか。
過去の業績に関しては、イマイチパッとしない。
過去の業績に関しては、イマイチパッとしない。
唐沢
唐沢
君が心配することじゃないさ
君が心配することじゃないさ
秀隆
秀隆
失礼しました
失礼しました
そりゃそうだ。
そりゃそうだ。
新人のオレがどうこう言う資格はない。
新人のオレがどうこう言う資格はない。
東野特務官も腕が悪いわけじゃない。
東野特務官も腕が悪いわけじゃない。
何故なら、竹内特務官が存在しているから目立ちようがない。
何故なら、竹内特務官が存在しているから目立ちようがない。
唐沢
唐沢
ともかく、当面は彼の言う通りに動いてもらえるかな？
ともかく、当面は彼の言う通りに動いてもらえるかな？
まどか
まどか
分かりました
分かりました
秀隆
秀隆
はい、わかりました
はい、わかりました
交渉開始を目前にして、なにやら暗雲が立ち込めてきた。
交渉開始を目前にして、なにやら暗雲が立ち込めてきた。
…………。
…………。
……。
……。
