オレは夢の中で、昨日のことを思っていた。
オレは夢の中で、昨日のことを思っていた。
過去の清算、記憶の清算をさせたオレと秋。
過去の清算、記憶の清算をさせたオレと秋。
それが正しいことだった、と今なら胸を張って言うことが出来る、かも知れない。
それが正しいことだった、と今なら胸を張って言うことが出来る、かも知れない。
もちろん、正しかったと証明されるのはずっと先の話だ。
もちろん、正しかったと証明されるのはずっと先の話だ。
それに、課題は山のように残っている。
それに、課題は山のように残っている。
秀隆
秀隆
…………
…………
冷静なことを考えていたつもりが、妙に下半身が熱い。
冷静なことを考えていたつもりが、妙に下半身が熱い。
そりゃ、如何なる聖人君子でも、朝の生理現象には逆らえないだろう。
そりゃ、如何なる聖人君子でも、朝の生理現象には逆らえないだろう。
秋
秋
おはようございます、兄さん
おはようございます、兄さん
秀隆
秀隆
人の部屋で何やってんだ、秋……
人の部屋で何やってんだ、秋……
秋
秋
何って……
何って……
やや怒ったような表情。
やや怒ったような表情。
そうか、昨日オレは秋と一晩を過ごしたのか……。
そうか、昨日オレは秋と一晩を過ごしたのか……。
秀隆
秀隆
体調は？
体調は？
秋
秋
悪くありません
悪くありません
秀隆
秀隆
そうか
そうか
秋は既に制服に着替えていて、オレの部屋から出ようとしているようだった。
秋は既に制服に着替えていて、オレの部屋から出ようとしているようだった。
秀隆
秀隆
どこいくんだよ
どこいくんだよ
秋
秋
早めに部屋に戻ります。キズナやアクセラに悟られるので
早めに部屋に戻ります。キズナやアクセラに悟られるので
秀隆
秀隆
悟られるって……
悟られるって……
秋
秋
兄さんとしては、伏せていたいですよね……？
兄さんとしては、伏せていたいですよね……？
秀隆
秀隆
……それはまぁ……
……それはまぁ……
しかし……。
しかし……。
オレはもぞりと布団の中で体を動かす。
オレはもぞりと布団の中で体を動かす。
秋
秋
どうかしましたか？
どうかしましたか？
秀隆
秀隆
いや……
いや……
どうしてこう、若い子の制服姿ってのは、良いんだろう。
どうしてこう、若い子の制服姿ってのは、良いんだろう。
朝からあふれ出る性欲が、オレの体を支配していく。
朝からあふれ出る性欲が、オレの体を支配していく。
秋相手に、こんな状態になる日がこようとは。
秋相手に、こんな状態になる日がこようとは。
秀隆
秀隆
ちょっとこっちへ
ちょっとこっちへ
手招きする。
手招きする。
秋
秋
……嫌です
……嫌です
秀隆
秀隆
な、何でだよ
な、何でだよ
秋
秋
なんとなくです。兄さん上半身裸ですし
なんとなくです。兄さん上半身裸ですし
秀隆
秀隆
そこは別にいつもだろ。何もしないから
そこは別にいつもだろ。何もしないから
秋
秋
何もしないと言う前振りほど、何かされる気がします
何もしないと言う前振りほど、何かされる気がします
くそ、ガードが固い。
くそ、ガードが固い。
秀隆
秀隆
ちょっと助けてほしいんだよ
ちょっと助けてほしいんだよ
秋
秋
助ける、ですか
助ける、ですか
オレは思い切って、布団を取っ払うことにした。
オレは思い切って、布団を取っ払うことにした。
そこには、当然パンツの膨らみ。
そこには、当然パンツの膨らみ。
秋
秋
……その少し盛り上がってるのは、なんですか
……その少し盛り上がってるのは、なんですか
秀隆
秀隆
少しって言うなっ！
少しって言うなっ！
秋はすぐに悟り、視線をそらす。
秋はすぐに悟り、視線をそらす。
秋
秋
不潔です。私は部屋に戻りますから
不潔です。私は部屋に戻りますから
秀隆
秀隆
おはようのキスでもするか
おはようのキスでもするか
秋
秋
しません。気持ち悪いです
しません。気持ち悪いです
秀隆
秀隆
あのな、昨日散々……なんでもない
あのな、昨日散々……なんでもない
秋
秋
後悔するようなことは、安易に口にしない方がいいです
後悔するようなことは、安易に口にしない方がいいです
秀隆
秀隆
だな……
だな……
秋
秋
……私に、何をしろっていうんですか？
……私に、何をしろっていうんですか？
秀隆
秀隆
え、してくれるのか？
え、してくれるのか？
秋
秋
……程度によります
……程度によります
秀隆
秀隆
じゃあこっちに
じゃあこっちに
秋
秋
…………
…………
入り口から、秋がベッドに戻ってくる。
入り口から、秋がベッドに戻ってくる。
秀隆
秀隆
とりあえず、ベッドに乗れよ
とりあえず、ベッドに乗れよ
秋
秋
でも……
でも……
秀隆
秀隆
どうしたんだよ。そんなに冷たくする必要、ないだろ……？
どうしたんだよ。そんなに冷たくする必要、ないだろ……？
昨日、オレにべったりだったのが嘘のようだ。
昨日、オレにべったりだったのが嘘のようだ。
まるで避けようとしているように感じられてしまう。
まるで避けようとしているように感じられてしまう。
秋
秋
兄さん。私のこと、重荷になってませんか……？
兄さん。私のこと、重荷になってませんか……？
秀隆
秀隆
重荷？　なってるわけないだろ
重荷？　なってるわけないだろ
秋
秋
不安になったんです。私、無理やり兄さんを繋ぎとめただけじゃないかって……
不安になったんです。私、無理やり兄さんを繋ぎとめただけじゃないかって……
秋
秋
今まで通りの関係を、望んでるんじゃないかって……
今まで通りの関係を、望んでるんじゃないかって……
秀隆
秀隆
だから、ちょっと冷たくしようとしてたのか
だから、ちょっと冷たくしようとしてたのか
秋は、小さく頷く。
秋は、小さく頷く。
秋
秋
私、兄さんの隣にいてもいいんですか？
私、兄さんの隣にいてもいいんですか？
秀隆
秀隆
当たり前だ、お前じゃなきゃ嫌だよ、オレは
当たり前だ、お前じゃなきゃ嫌だよ、オレは
秋
秋
兄さん……
兄さん……
振り返った秋。
振り返った秋。
その表情はいまにも泣き出しそうだった。
その表情はいまにも泣き出しそうだった。
秋
秋
もう、ダメです……手遅れですから……
もう、ダメです……手遅れですから……
兄さんが、私の最後のバリケードを、突破したんですからね？
兄さんが、私の最後のバリケードを、突破したんですからね？
そういわれた。
そういわれた。
秋は、ベッドの上に乗る。
秋は、ベッドの上に乗る。
そしてオレの眼前まで迫ってきた。
そしてオレの眼前まで迫ってきた。
秀隆
秀隆
あ、秋？
あ、秋？
秋
秋
好きっ……好きですっ、兄さん……
好きっ……好きですっ、兄さん……
秋
秋
自分でも信じられないくらい、ドキドキしていて……
自分でも信じられないくらい、ドキドキしていて……
秋
秋
過去のことなんて、どうでもよくなってしまうくらい、好きなんです……
過去のことなんて、どうでもよくなってしまうくらい、好きなんです……
秀隆
秀隆
…………
…………
秋
秋
もう、引き返せませんから……
もう、引き返せませんから……
秋
秋
私が兄さんを好きな気持ちを、本当はずっと、ずっと好きだった気持ちを……
私が兄さんを好きな気持ちを、本当はずっと、ずっと好きだった気持ちを……
秀隆
秀隆
ああ……受け止める。おまえの気持ちは、オレが受け止めるよ
ああ……受け止める。おまえの気持ちは、オレが受け止めるよ
ぎゅっと秋を抱きしめる。
ぎゅっと秋を抱きしめる。
秋
秋
嬉しい……嬉しいです、兄さん……
嬉しい……嬉しいです、兄さん……
ゆっくりと身体を離すと、秋は優しい笑顔を見せた。
ゆっくりと身体を離すと、秋は優しい笑顔を見せた。
秋
秋
兄さんが求めるなら……私は拒みません
兄さんが求めるなら……私は拒みません
秋
秋
……兄さんが求めてくれるんだったら、私、何でもします
……兄さんが求めてくれるんだったら、私、何でもします
秀隆
秀隆
う、嬉しいぞ……
う、嬉しいぞ……
でも……。
でも……。
オレは、最後の選択肢を誤ったのかもしれない。
オレは、最後の選択肢を誤ったのかもしれない。
最終章・島津兄妹６』秋H
最終章・島津兄妹６』秋H
冷静さを取り戻したオレは、嫌悪感に陥る。
冷静さを取り戻したオレは、嫌悪感に陥る。
秀隆
秀隆
いくら安全日でも……怖くなってきたな……
いくら安全日でも……怖くなってきたな……
秋
秋
なにが、ですか？
なにが、ですか？
秀隆
秀隆
いや、何でもないんだ……
いや、何でもないんだ……
秋
秋
兄さん……私、兄さんから離れたくありません……
兄さん……私、兄さんから離れたくありません……
オレに抱き付き、秋はそんなことを言った。
オレに抱き付き、秋はそんなことを言った。
可愛いんだけど、でも、どうしたらいいんだ……。
可愛いんだけど、でも、どうしたらいいんだ……。
アクセラ
アクセラ
……あの……
……あの……
扉の向こうから、アクセラの声。
扉の向こうから、アクセラの声。
アクセラ
アクセラ
大変申し訳ありませんが、お二人ともお時間が……
大変申し訳ありませんが、お二人ともお時間が……
遠慮がちな声。
遠慮がちな声。
秀隆
秀隆
つ、筒抜けだったんじゃないか……？
つ、筒抜けだったんじゃないか……？
秋
秋
そうかもしれませんね
そうかもしれませんね
動じた様子もなく、秋は言う。
動じた様子もなく、秋は言う。
いや、きっとバレてないに違いない。
いや、きっとバレてないに違いない。
そうだ、そうに決まってる。
そうだ、そうに決まってる。
キズナ
キズナ
朝からすごかったですね！
朝からすごかったですね！
盛大にばれていた！
盛大にばれていた！
アクセラ
アクセラ
ダメですよキズナ様、そういうことを直接言っては
ダメですよキズナ様、そういうことを直接言っては
秋
秋
いいよ、アクセラ。本当のことだから
いいよ、アクセラ。本当のことだから
秀隆
秀隆
お、おいっ
お、おいっ
秋
秋
兄さんと私は、そういう関係になったの
兄さんと私は、そういう関係になったの
キズナ
キズナ
お、おぉー。なんだかすごい迫力です
お、おぉー。なんだかすごい迫力です
秋
秋
キズナ。私あなたには迷惑をかけた。そのこと、謝らせて……
キズナ。私あなたには迷惑をかけた。そのこと、謝らせて……
秋が頭を下げる。
秋が頭を下げる。
秋
秋
あの時、私は何も分かってなかった。
あの時、私は何も分かってなかった。
だから、あなたの気持ちに気づかないで、叩いちゃった
だから、あなたの気持ちに気づかないで、叩いちゃった
キズナ
キズナ
私は気にしていません。あっきーが元気になったならよかったです
私は気にしていません。あっきーが元気になったならよかったです
秋
秋
ありがとうキズナ。でも……
ありがとうキズナ。でも……
秋
秋
今度から、勝手に兄さんの部屋に入るのはやめてね
今度から、勝手に兄さんの部屋に入るのはやめてね
キズナ
キズナ
は、はい……わかりました
は、はい……わかりました
秀隆
秀隆
お、おい。何もそこまで言わなくても……
お、おい。何もそこまで言わなくても……
秋
秋
ダメです。兄さんの寝顔を見ていいのは、私だけです
ダメです。兄さんの寝顔を見ていいのは、私だけです
秋
秋
それからアクセラ。あなたもダメ。わかった？
それからアクセラ。あなたもダメ。わかった？
アクセラ
アクセラ
承知しました
承知しました
秀隆
秀隆
…………
…………
こ、怖いです……。
こ、怖いです……。
秋
秋
私、シャワー浴び直してきます。制服も、別のにしないと
私、シャワー浴び直してきます。制服も、別のにしないと
秋
秋
これはこれで……兄さんの匂いがして好きなんですけど……
これはこれで……兄さんの匂いがして好きなんですけど……
キズナ
キズナ
ひーくん。もしかしたら、ひーくんは苦労するかも知れませんね
ひーくん。もしかしたら、ひーくんは苦労するかも知れませんね
秀隆
秀隆
……正直、想像の外と言うか……あいつ、あんなに独占欲強かったのか
……正直、想像の外と言うか……あいつ、あんなに独占欲強かったのか
アクセラ
アクセラ
秋様が幸せになられたようで、私は嬉しいです
秋様が幸せになられたようで、私は嬉しいです
秀隆
秀隆
じゃあ、仕事に行ってくる
じゃあ、仕事に行ってくる
秋
秋
私も途中まで一緒に行きます
私も途中まで一緒に行きます
秀隆
秀隆
途中までって……時間早いだろ
途中までって……時間早いだろ
秋
秋
構いません。それとも何か、不都合でもありますか？
構いません。それとも何か、不都合でもありますか？
秀隆
秀隆
別に……ないです
別に……ないです
秋
秋
それなら問題ないはずです
それなら問題ないはずです
秋
秋
……ちょっと待ってください
……ちょっと待ってください
秀隆
秀隆
どうした？
どうした？
秋
秋
あの、思ったより、違和感がひどくて……
あの、思ったより、違和感がひどくて……
秀隆
秀隆
違和感？
違和感？
秋
秋
まだ、私の中に兄さんがいるみたいです……
まだ、私の中に兄さんがいるみたいです……
秀隆
秀隆
お、おい。ご近所さんがいる前でなんつーことを
お、おい。ご近所さんがいる前でなんつーことを
秋
秋
いいじゃないですか、本当のことなんですから
いいじゃないですか、本当のことなんですから
秀隆
秀隆
…………
…………
秀隆
秀隆
この辺でいいだろ。官邸まで行ってたら遅くなる
この辺でいいだろ。官邸まで行ってたら遅くなる
秋
秋
……わかりました
……わかりました
秀隆
秀隆
また家でな
また家でな
秋
秋
佐々野さんとは、口を利かないようにしてくださいね
佐々野さんとは、口を利かないようにしてくださいね
秀隆
秀隆
無茶言うなよ。同僚なんだぞ？
無茶言うなよ。同僚なんだぞ？
秋
秋
嫌です。兄さんが佐々野さんと口を利くなんて
嫌です。兄さんが佐々野さんと口を利くなんて
秀隆
秀隆
そればっかりは無茶だ。あいつとはもう何もないんだから
そればっかりは無茶だ。あいつとはもう何もないんだから
秋
秋
……でも……心配です……
……でも……心配です……
秋
秋
もし、また兄さんの心が、あの人に流れたらと思うと……
もし、また兄さんの心が、あの人に流れたらと思うと……
秀隆
秀隆
そんなことは、絶対にないから
そんなことは、絶対にないから
秋
秋
約束……です
約束……です
秀隆
秀隆
約束だ
約束だ
秋
秋
手を貸してください
手を貸してください
秀隆
秀隆
ああ
ああ
言われるがまま、オレは秋に手を指しだす。
言われるがまま、オレは秋に手を指しだす。
秋はオレの手を握ると、それを自分のおっぱいへと導いた。
秋はオレの手を握ると、それを自分のおっぱいへと導いた。
柔らかな感触。
柔らかな感触。
秀隆
秀隆
お、おいおいおいおいおいおいおいおいーいおいおいおい！
お、おいおいおいおいおいおいおいおいーいおいおいおい！
オレは全力で左右に首を振って誰かが見ていないか警戒する。
オレは全力で左右に首を振って誰かが見ていないか警戒する。
秋
秋
寂しい時は、私を思い出してください……
寂しい時は、私を思い出してください……
秋
秋
私も、兄さんを思い出しますから……
私も、兄さんを思い出しますから……
秀隆
秀隆
わ、わかった。わかったから。誰かに見られたら大事だぞ！
わ、わかった。わかったから。誰かに見られたら大事だぞ！
秋
秋
……はい
……はい
秋は少し寂しそうに手を離した。
秋は少し寂しそうに手を離した。
秋
秋
それじゃ、行ってきます。兄さん
それじゃ、行ってきます。兄さん
秀隆
秀隆
い、いってらっしゃい……
い、いってらっしゃい……
秋を見送る。
秋を見送る。
秋は、５Ｍほど進むたびに、オレの方を振り返った。
秋は、５Ｍほど進むたびに、オレの方を振り返った。
秀隆
秀隆
……ふーっ……
……ふーっ……
やっと見えなくなり、オレはため息をついた。
やっと見えなくなり、オレはため息をついた。
秀隆
秀隆
こりゃ、マジで反動が洒落にならんな……
こりゃ、マジで反動が洒落にならんな……
まどか
まどか
それじゃ、私は帰るわね
それじゃ、私は帰るわね
秀隆
秀隆
オレも帰るから、途中まで一緒に行かないか？
オレも帰るから、途中まで一緒に行かないか？
まどか
まどか
ええ。別にいいわよ
ええ。別にいいわよ
オレはまどかとオフィスを後にする。
オレはまどかとオフィスを後にする。
秀隆
秀隆
あ、でも磯部はいいのか？　まだ残ってるみたいだったけど
あ、でも磯部はいいのか？　まだ残ってるみたいだったけど
まどか
まどか
私とは今別のプロジェクトを動いてるから。
私とは今別のプロジェクトを動いてるから。
それに……最近、磯部くんはずっと仕事に集中してるみたいだし
それに……最近、磯部くんはずっと仕事に集中してるみたいだし
秀隆
秀隆
竹内特務官のことか
竹内特務官のことか
まどか
まどか
彼の憧れだったから
彼の憧れだったから
秀隆
秀隆
……そっか
……そっか
まどか
まどか
島津くんの方は、最近どうなの？
島津くんの方は、最近どうなの？
秀隆
秀隆
どうって何が
どうって何が
まどか
まどか
出来るだけ聞かないようにはしようと思ってたんだけど、過去のこと
出来るだけ聞かないようにはしようと思ってたんだけど、過去のこと
秀隆
秀隆
ああ……そうか。あいつらが迷惑かけたな
ああ……そうか。あいつらが迷惑かけたな
まどか
まどか
ううん。私はただ事実を話しただけだから
ううん。私はただ事実を話しただけだから
秀隆
秀隆
解決したよ。全部
解決したよ。全部
まどか
まどか
そう……
そう……
本当は、まどかにも謝るべきことはある。
本当は、まどかにも謝るべきことはある。
でも、それはもう、今更伝えても仕方のないことだ。
でも、それはもう、今更伝えても仕方のないことだ。
秀隆
秀隆
おまえにはちゃんと話しておこうと思ったことがあるんだ
おまえにはちゃんと話しておこうと思ったことがあるんだ
秀隆
秀隆
オレ、秋と元の関係を築けそうだ
オレ、秋と元の関係を築けそうだ
まどか
まどか
よかったじゃない。おめでとう
よかったじゃない。おめでとう
秀隆
秀隆
ああ。ありがとう
ああ。ありがとう
まどか
まどか
じゃあ、今は幸せなんだ
じゃあ、今は幸せなんだ
秀隆
秀隆
ちょっと困ったこともあるけどな
ちょっと困ったこともあるけどな
まどか
まどか
困ったこと？
困ったこと？
秀隆
秀隆
オレって秋の性格をよく理解してなかったのかな、って最近思うんだよ
オレって秋の性格をよく理解してなかったのかな、って最近思うんだよ
秀隆
秀隆
昔の秋は、引っ込み思案で、臆病で、自分に自信のない子だったろ？
昔の秋は、引っ込み思案で、臆病で、自分に自信のない子だったろ？
まどか
まどか
え？　あー……島津くんにはそう見えてたのね
え？　あー……島津くんにはそう見えてたのね
秀隆
秀隆
……違うのか？
……違うのか？
まどか
まどか
ううんごめん続けて。それで？
ううんごめん続けて。それで？
秀隆
秀隆
んで、最近の秋は……単純にオレを嫌ってる、冷たい奴だった
んで、最近の秋は……単純にオレを嫌ってる、冷たい奴だった
もちろん、オレが意図的にそうしてたわけなんだが。
もちろん、オレが意図的にそうしてたわけなんだが。
まどか
まどか
最近はどうなの？
最近はどうなの？
秀隆
秀隆
その反動って言うのかなぁ……良く言えばべったり、かな
その反動って言うのかなぁ……良く言えばべったり、かな
まどか
まどか
なにそれ。ただの自慢話なんじゃない
なにそれ。ただの自慢話なんじゃない
秀隆
秀隆
そうだといいんだけど……
そうだといいんだけど……
オレは、まどかと一緒に外に出た。
オレは、まどかと一緒に外に出た。
まどか
まどか
私の知る秋ちゃんは、島津くんとは少し違うかな
私の知る秋ちゃんは、島津くんとは少し違うかな
秀隆
秀隆
それ、なんで違うんだよ。おまえと秋が接した時間なんて殆どないだろ
それ、なんで違うんだよ。おまえと秋が接した時間なんて殆どないだろ
まどか
まどか
そうなんだけど……
そうなんだけど……
秋
秋
兄さん
兄さん
秀隆
秀隆
ぬおっ！？
ぬおっ！？
いきなり、目の前に秋が現れた。
いきなり、目の前に秋が現れた。
秀隆
秀隆
何やってんだよこんなところで……びびったぞ
何やってんだよこんなところで……びびったぞ
秋
秋
兄さんを待ってたんです
兄さんを待ってたんです
どうやら、官邸外にあるベンチに座っていたらしい。
どうやら、官邸外にあるベンチに座っていたらしい。
まどか
まどか
こんばんは、秋ちゃん
こんばんは、秋ちゃん
秋
秋
……こんばんは
……こんばんは
秋
秋
どうして、兄さんと一緒にいるんですか？
どうして、兄さんと一緒にいるんですか？
秀隆
秀隆
どうしてって、同じ職場にいるからな
どうしてって、同じ職場にいるからな
秋
秋
兄さんには聞いていません
兄さんには聞いていません
秀隆
秀隆
え……
え……
まどか
まどか
あ、えっと。たまたま帰る時間が一緒になっただけなんだけど……
あ、えっと。たまたま帰る時間が一緒になっただけなんだけど……
秋
秋
兄さんに近づかないでください
兄さんに近づかないでください
まどか
まどか
私は別に、近づいたりなんて……
私は別に、近づいたりなんて……
秋
秋
色目とか、使ってるんじゃないんですか
色目とか、使ってるんじゃないんですか
秀隆
秀隆
お、おい秋。おまえ何言ってんだ
お、おい秋。おまえ何言ってんだ
秋
秋
…………
…………
秋は、オレの手をぎゅっと握りしめる。
秋は、オレの手をぎゅっと握りしめる。
秋
秋
帰りましょう、兄さん
帰りましょう、兄さん
まどか
まどか
そ、それじゃ。私はこれで
そ、それじゃ。私はこれで
秀隆
秀隆
わ、悪いな
わ、悪いな
まどか
まどか
ううん……
ううん……
まどか
まどか
変わってないわね、秋ちゃん……
変わってないわね、秋ちゃん……
まどか
まどか
でも……大丈夫かしら……
でも……大丈夫かしら……
秀隆
秀隆
おまえ、なんでまどかにあんな言い方したんだ
おまえ、なんでまどかにあんな言い方したんだ
秋
秋
なんでって……
なんでって……
秋
秋
兄さんは私のなんです
兄さんは私のなんです
秀隆
秀隆
いや、それとこれとは別の話だろ
いや、それとこれとは別の話だろ
秋
秋
別？　全然別じゃありません
別？　全然別じゃありません
秋
秋
だって……あの人は、兄さんの初めての人じゃないですか……
だって……あの人は、兄さんの初めての人じゃないですか……
秀隆
秀隆
お、おい……
お、おい……
秋
秋
あの人が兄さんの全部を知ってるなんて……
あの人が兄さんの全部を知ってるなんて……
秋
秋
兄さんが、あの人を好きだったなんて……心が痛いです
兄さんが、あの人を好きだったなんて……心が痛いです
秀隆
秀隆
……昔の話だ
……昔の話だ
秋
秋
今は私だけを見てくれていますか？
今は私だけを見てくれていますか？
秀隆
秀隆
ああ
ああ
秋
秋
……嬉しい……
……嬉しい……
秋
秋
私、兄さんのためなら、なんだってできます。いつでも兄さんを受け入れます
私、兄さんのためなら、なんだってできます。いつでも兄さんを受け入れます
秋
秋
その、身体は兄さんの好みじゃないかも知れませんけど……
その、身体は兄さんの好みじゃないかも知れませんけど……
オレの腕を抱き込み、秋は自分の胸に押し当てた。
オレの腕を抱き込み、秋は自分の胸に押し当てた。
秀隆
秀隆
ちょ、ちょっと秋……
ちょ、ちょっと秋……
秋
秋
私のこと、離さないでください……
私のこと、離さないでください……
秀隆
秀隆
……大丈夫だ
……大丈夫だ
秀隆
秀隆
おまえが、何を不安に思ってるのか知らないが、
おまえが、何を不安に思ってるのか知らないが、
オレはもう、この先ずっと秋だけを見ていくことを誓うよ
オレはもう、この先ずっと秋だけを見ていくことを誓うよ
秋
秋
私も誓います。兄さんだけを想い続けます
私も誓います。兄さんだけを想い続けます
オレと秋は、寄り添いあいながら帰宅した。
オレと秋は、寄り添いあいながら帰宅した。
秀隆
秀隆
ただいま
ただいま
アクセラ
アクセラ
お帰りなさいませ、秀隆様、秋様
お帰りなさいませ、秀隆様、秋様
秋
秋
ただいまアクセラ
ただいまアクセラ
アクセラ
アクセラ
お鞄お持ちしますね
お鞄お持ちしますね
オレはいつものようにアクセラに鞄を差し出す。
オレはいつものようにアクセラに鞄を差し出す。
秋
秋
…………
…………
アクセラ
アクセラ
秋様も、お鞄お預かりします
秋様も、お鞄お預かりします
秋
秋
うん……
うん……
二人の鞄を受け取り、リビングへ。
二人の鞄を受け取り、リビングへ。
秋
秋
兄さん
兄さん
秀隆
秀隆
ん？
ん？
秋
秋
ちょっと話があります
ちょっと話があります
秀隆
秀隆
なんだよ、改まって
なんだよ、改まって
秋
秋
こっちへ
こっちへ
澄ました顔で、秋はオレの部屋に入っていく。
澄ました顔で、秋はオレの部屋に入っていく。
秀隆
秀隆
なんだ……？
なんだ……？
秀隆
秀隆
どうした？
どうした？
秋
秋
…………
…………
先に入っていた秋は、下を向いていた。
先に入っていた秋は、下を向いていた。
秀隆
秀隆
秋？
秋？
秋
秋
兄さん、さっき、アクセラのこと、じっと見てました
兄さん、さっき、アクセラのこと、じっと見てました
秀隆
秀隆
は？
は？
秋
秋
鞄を渡すとき、アクセラの顔、じっと見てました
鞄を渡すとき、アクセラの顔、じっと見てました
秀隆
秀隆
え、そうだったか？　別に意識した覚えは……
え、そうだったか？　別に意識した覚えは……
秋
秋
兄さんは私のことだけを見ていてくれる約束です。
兄さんは私のことだけを見ていてくれる約束です。
なのに、なのにアクセラを見つめるなんて……
なのに、なのにアクセラを見つめるなんて……
私に対する裏切りですっ
私に対する裏切りですっ
秋は、ぽろぽろと泣き出した。
秋は、ぽろぽろと泣き出した。
秀隆
秀隆
ま、待て待て。オレは本当にそんな、えっ？
ま、待て待て。オレは本当にそんな、えっ？
秋
秋
アクセラを見ないでください……
アクセラを見ないでください……
秀隆
秀隆
無茶言うなよ……
無茶言うなよ……
秋
秋
アクセラは綺麗だから……私なんか、勝てないから……
アクセラは綺麗だから……私なんか、勝てないから……
秀隆
秀隆
あのな、アクセラはアンドロイドだぞ？
あのな、アクセラはアンドロイドだぞ？
秋
秋
関係ありません。嫌なものは嫌なんです
関係ありません。嫌なものは嫌なんです
秋
秋
……私だけを見てるって、約束、しました……
……私だけを見てるって、約束、しました……
オレの胸に飛び込んでくる秋。
オレの胸に飛び込んでくる秋。
秋
秋
……私だけを見ててください……
……私だけを見ててください……
秀隆
秀隆
おまえは、ほんとに心配性だな……
おまえは、ほんとに心配性だな……
顔をあげさせる。
顔をあげさせる。
秋
秋
や、やだ……私、泣いてるから……
や、やだ……私、泣いてるから……
秀隆
秀隆
泣いた秋も可愛いよ
泣いた秋も可愛いよ
秋
秋
ほんと、ですか？
ほんと、ですか？
秀隆
秀隆
ああ
ああ
秋
秋
……じゃあ、キスしてください
……じゃあ、キスしてください
秀隆
秀隆
……わかった
……わかった
秋
秋
ん……ちゅ……
ん……ちゅ……
秀隆
秀隆
これでいいか？
これでいいか？
秋
秋
……今夜も、兄さんと一緒に寝ても、いいですか……？
……今夜も、兄さんと一緒に寝ても、いいですか……？
秀隆
秀隆
それは構わないが……
それは構わないが……
秋
秋
嬉しい……
嬉しい……
秋からの好意は嬉しいが、少し心配になってきた。
秋からの好意は嬉しいが、少し心配になってきた。
あまりオレに依存しすぎないならいいんだが……。
あまりオレに依存しすぎないならいいんだが……。
アクセラ
アクセラ
皆様お食事の準備ができましたよ
皆様お食事の準備ができましたよ
キズナ
キズナ
ご飯ですーっ
ご飯ですーっ
キズナが勢いよく椅子に座る。
キズナが勢いよく椅子に座る。
オレも腰掛け、少しして秋も部屋から出てきた。
オレも腰掛け、少しして秋も部屋から出てきた。
そして食事が始まる。
そして食事が始まる。
秀隆
秀隆
いやー今日も美味いな。実に美味い。やっぱりトウモロコシを使った料理は最高だ
いやー今日も美味いな。実に美味い。やっぱりトウモロコシを使った料理は最高だ
キズナ
キズナ
アクセラさんはまた腕をあげましたね
アクセラさんはまた腕をあげましたね
秀隆
秀隆
だな。いいアンドロイドを持ったよオレは
だな。いいアンドロイドを持ったよオレは
se机を強く叩く1
se机を強く叩く1
ダンッ。
ダンッ。
強くテーブルを叩く音。
強くテーブルを叩く音。
秋
秋
兄さん。そんなにアクセラの料理が好きなんですか？
兄さん。そんなにアクセラの料理が好きなんですか？
秀隆
秀隆
えっ……？
えっ……？
秋
秋
そんなに嬉しそうな顔をして、食べないで下さい。不愉快です
そんなに嬉しそうな顔をして、食べないで下さい。不愉快です
秀隆
秀隆
い、いや、不愉快も何も……美味しいものは美味しいだろ？
い、いや、不愉快も何も……美味しいものは美味しいだろ？
秋
秋
不愉快なんです
不愉快なんです
秋
秋
兄さんが私以外の女性に喜ばされている、と言う事実が嫌なんです
兄さんが私以外の女性に喜ばされている、と言う事実が嫌なんです
秀隆
秀隆
それはいくらなんでも言いすぎだろ。アクセラにも悪い
それはいくらなんでも言いすぎだろ。アクセラにも悪い
秋
秋
アクセラには悪いと思う。でも、我慢できないものは仕方ないです
アクセラには悪いと思う。でも、我慢できないものは仕方ないです
秋
秋
今後美味しそうに食べないで下さい
今後美味しそうに食べないで下さい
秀隆
秀隆
無茶言うなって……ご飯は美味しく食べたいし
無茶言うなって……ご飯は美味しく食べたいし
秋
秋
それは……
それは……
秀隆
秀隆
そりゃ、秋が料理できるならまた話も別だ。
そりゃ、秋が料理できるならまた話も別だ。
でもおまえは料理のセンスだけは０だからな。違うか？
でもおまえは料理のセンスだけは０だからな。違うか？
秋
秋
……そうかも知れませんが、今ならきっと違うはずです
……そうかも知れませんが、今ならきっと違うはずです
秋
秋
私の兄さんに対する想いがあれば、料理は美味しくなると思うんです
私の兄さんに対する想いがあれば、料理は美味しくなると思うんです
秀隆
秀隆
まて。それには一切関係ないと思うんだが……
まて。それには一切関係ないと思うんだが……
アクセラ
アクセラ
では秋様、こうなさってはどうでしょうか？
では秋様、こうなさってはどうでしょうか？
私が秋様に料理の作り方を伝授させていただきます。
私が秋様に料理の作り方を伝授させていただきます。
それで秀隆様に食べていただくと言うのはどうでしょうか？
それで秀隆様に食べていただくと言うのはどうでしょうか？
秋
秋
……うん。いいね
……うん。いいね
キズナ
キズナ
それがいいんじゃないでしょうか？
それがいいんじゃないでしょうか？
秀隆
秀隆
オレは良くない
オレは良くない
秋
秋
私頑張りますね、兄さん
私頑張りますね、兄さん
秀隆
秀隆
…………
…………
キズナ
キズナ
私もお手伝いしますっ。だから大丈夫ですよ
私もお手伝いしますっ。だから大丈夫ですよ
秀隆
秀隆
そうあってくれればいいけどな……
そうあってくれればいいけどな……
秋
秋
兄さん
兄さん
わかってますね？　と言う視線を向けてきた。
わかってますね？　と言う視線を向けてきた。
秀隆
秀隆
お、おう。それはもちろん……わかってるぞ
お、おう。それはもちろん……わかってるぞ
秋
秋
じゃあ、お風呂に入った後、行きますね……
じゃあ、お風呂に入った後、行きますね……
秀隆
秀隆
……うむ
……うむ
秋
秋
来ました……
来ました……
秀隆
秀隆
そ、そうか
そ、そうか
オレは椅子から立ち上がり、端末を切った。
オレは椅子から立ち上がり、端末を切った。
秋
秋
お仕事していたんですか？
お仕事していたんですか？
秀隆
秀隆
ああ。やることは山のようにあるからな
ああ。やることは山のようにあるからな
秋
秋
特務官のお仕事を選んで、後悔していませんか……
特務官のお仕事を選んで、後悔していませんか……
秋
秋
私のお父さんがしたことは、消して許されることじゃありません
私のお父さんがしたことは、消して許されることじゃありません
秀隆
秀隆
そのことはいいんだ。今更嫌なことを思い出す必要はない
そのことはいいんだ。今更嫌なことを思い出す必要はない
秀隆
秀隆
そりゃ、色々悩んださ。でも、はっきり言えることがある
そりゃ、色々悩んださ。でも、はっきり言えることがある
秋
秋
なんですか……？
なんですか……？
秀隆
秀隆
今こうして秋が目の前にいる。最愛の人としている。
今こうして秋が目の前にいる。最愛の人としている。
その家庭に特務官という道があったのなら、それは間違いじゃない
その家庭に特務官という道があったのなら、それは間違いじゃない
秀隆
秀隆
だからオレは後悔していない
だからオレは後悔していない
オレは秋を抱き寄せる。
オレは秋を抱き寄せる。
秋
秋
歯は、ちゃんと磨いてきました
歯は、ちゃんと磨いてきました
秀隆
秀隆
オレもばっちりだ
オレもばっちりだ
秋
秋
……キス……したいです
……キス……したいです
秀隆
秀隆
……ああ
……ああ
秋
秋
ちゅ……
ちゅ……
秀隆
秀隆
キスしたぞ
キスしたぞ
秋
秋
はい。してもらいました……でも、もっとしたいです
はい。してもらいました……でも、もっとしたいです
秀隆
秀隆
じゃあ、もっとするぞ
じゃあ、もっとするぞ
秋
秋
……ちゅ……ちゅ、ちゅっ……ちゅっ……
……ちゅ……ちゅ、ちゅっ……ちゅっ……
何度も何度も、ついばみあうように可愛いキスを繰り返した。
何度も何度も、ついばみあうように可愛いキスを繰り返した。
秀隆
秀隆
おいで秋。一緒に寝よう
おいで秋。一緒に寝よう
秋
秋
はい……
はい……
オレは秋の手を引き、ベッドへと導いた。
オレは秋の手を引き、ベッドへと導いた。
そして電気を消す。
そして電気を消す。
秋
秋
……手を、握って寝てもいいですか……？
……手を、握って寝てもいいですか……？
秀隆
秀隆
もちろんだ。何なら、向き合って寝るか？　なんてな
もちろんだ。何なら、向き合って寝るか？　なんてな
秋
秋
それ、採用します
それ、採用します
秀隆
秀隆
……いいけどな……
……いいけどな……
冗談で言ったつもりが、そうすることになってしまった。
冗談で言ったつもりが、そうすることになってしまった。
お互いに身体を横に向け見詰め合う。
お互いに身体を横に向け見詰め合う。
秋
秋
恥ずかしいですね……でも、嬉しくて満たされます
恥ずかしいですね……でも、嬉しくて満たされます
秋
秋
兄さんも満たされていますか？
兄さんも満たされていますか？
秀隆
秀隆
ああ。満たされてるよ、凄く
ああ。満たされてるよ、凄く
秋
秋
……よかった
……よかった
秋が目を閉じる。
秋が目を閉じる。
秋
秋
こうして兄さんが手を握ってくれてたら……怖い夢も、見ないで済む気がします
こうして兄さんが手を握ってくれてたら……怖い夢も、見ないで済む気がします
秀隆
秀隆
お休み、秋
お休み、秋
…………。
…………。
……。
……。
