恭一
恭一
おい。オレの本知らないか？　ここに置いてたやつ
おい。オレの本知らないか？　ここに置いてたやつ
恋
恋
本って、最近たくさん買ってるのでどれがどれか……
本って、最近たくさん買ってるのでどれがどれか……
恭一
恭一
今読みたい気分なんだが、どこにやったんだ
今読みたい気分なんだが、どこにやったんだ
恋
恋
読んだ本は引き出しか本棚に仕舞わないからいけないんですよ
読んだ本は引き出しか本棚に仕舞わないからいけないんですよ
恋
恋
多分私の寝室です
多分私の寝室です
恭一
恭一
そうか。とってくる
そうか。とってくる
恋
恋
変なところはあけないでくださいよっ？
変なところはあけないでくださいよっ？
恭一
恭一
どこだ、オレの本は……
どこだ、オレの本は……
がそごそと引き出しを開ける。
がそごそと引き出しを開ける。
ガラッ。
ガラッ。
出てきたのは本ではなく、下着の山だった。
出てきたのは本ではなく、下着の山だった。
主にピンク色で、実に色気がない。
主にピンク色で、実に色気がない。
恋
恋
ああっ！　心配で見に来て見たら！　そこは違います！
ああっ！　心配で見に来て見たら！　そこは違います！
慌てて引き出しを閉められる。
慌てて引き出しを閉められる。
バギッ！
バギッ！
恋
恋
え？
え？
恭一
恭一
おい……
おい……
引き出しを握っていたオレの指が、挟まれていた。
引き出しを握っていたオレの指が、挟まれていた。
恋
恋
わ、わああああっ！　だだ、大丈夫ですかっ！？
わ、わああああっ！　だだ、大丈夫ですかっ！？
慌てて引き出しを開ける。
慌てて引き出しを開ける。
その勢いが強すぎて、下着が空中に散布された。
その勢いが強すぎて、下着が空中に散布された。
恋
恋
わ、わあ、わああっ！？
わ、わあ、わああっ！？
半ばパニック状態だ。
半ばパニック状態だ。
恭一
恭一
何やってんだよ
何やってんだよ
恋
恋
と、とりあえず手当てしないと！
と、とりあえず手当てしないと！
恭一
恭一
そんなに慌てなくてもいい。大したもんじゃないからな
そんなに慌てなくてもいい。大したもんじゃないからな
恭一
恭一
それより本だ
それより本だ
恋
恋
でも……ちょっと腫れてます……
でも……ちょっと腫れてます……
恭一
恭一
こんなもん唾つけとけば治る
こんなもん唾つけとけば治る
恭一
恭一
本を出せ本を
本を出せ本を
恋
恋
えっと、確かこの辺に
えっと、確かこの辺に
恋
恋
あ……誰か、お客さんみたいです
あ……誰か、お客さんみたいです
恭一
恭一
オレが頼んだ出前かも知れないな
オレが頼んだ出前かも知れないな
恋
恋
朝から出前なんて頼んだんですか？
朝から出前なんて頼んだんですか？
恭一
恭一
オレは出前なんて頼んでないぞ
オレは出前なんて頼んでないぞ
恋
恋
あなたは記憶障害か何かなんですか？　一言前に言ったことを思い出してください
あなたは記憶障害か何かなんですか？　一言前に言ったことを思い出してください
恭一
恭一
へえ、おまえの名前は長谷川恋って言うのか
へえ、おまえの名前は長谷川恋って言うのか
恋
恋
一体どこまで遡ってるんですか……
一体どこまで遡ってるんですか……
恋
恋
すみません、ちょっと出ます
すみません、ちょっと出ます
そういい、恋は玄関に向かった。
そういい、恋は玄関に向かった。
腹が減ったので冷蔵庫の中身でもチェックしよう。
腹が減ったので冷蔵庫の中身でもチェックしよう。
玄関を見ると昨日下層地区で出会った男がいた。
玄関を見ると昨日下層地区で出会った男がいた。
興味はないので冷蔵庫の中身をチェックする。
興味はないので冷蔵庫の中身をチェックする。
恋
恋
挨拶くらいできないのですか？
挨拶くらいできないのですか？
恭一
恭一
できないな
できないな
恋
恋
まったく！
まったく！
秀隆
秀隆
…………
…………
男が何か言いたげにこっちを見ていた。
男が何か言いたげにこっちを見ていた。
秀隆
秀隆
ちょうどよかったです。今日は恭一さんに頼みがあってきました
ちょうどよかったです。今日は恭一さんに頼みがあってきました
恋
恋
恭一さんに？
恭一さんに？
秀隆
秀隆
実は、用心棒をお願いできないかと思ってるんです
実は、用心棒をお願いできないかと思ってるんです
恋
恋
それは……昨日下層地区にいらっしゃったのと関係があるんですか？
それは……昨日下層地区にいらっしゃったのと関係があるんですか？
秀隆
秀隆
はい。今日も向かいたいと思っています
はい。今日も向かいたいと思っています
恋
恋
あの場所は大変危険です。できればやめておいた方が
あの場所は大変危険です。できればやめておいた方が
恭一
恭一
男に捕まって犯されそうになったおまえが言うなよ
男に捕まって犯されそうになったおまえが言うなよ
恋
恋
わ、私のことは放っておいてください！
わ、私のことは放っておいてください！
恭一
恭一
なら次は助けず見物しててやるよ
なら次は助けず見物しててやるよ
恋
恋
結構です！　あなたに助けてほしいなんて思ったことはありません！
結構です！　あなたに助けてほしいなんて思ったことはありません！
秀隆
秀隆
お願いします恭一さん。お礼はさせていただきます
お願いします恭一さん。お礼はさせていただきます
恭一
恭一
お礼？　オレは金に興味はないぜ
お礼？　オレは金に興味はないぜ
秀隆
秀隆
…………
…………
金の話をされる前に封じておく。
金の話をされる前に封じておく。
恭一
恭一
それに誰かを守るなんて、柄じゃないしな
それに誰かを守るなんて、柄じゃないしな
恋
恋
あなたに守られたい人なんて、きっといないでしょうね
あなたに守られたい人なんて、きっといないでしょうね
恭一
恭一
その通ぉり
その通ぉり
恋
恋
と、このようにふざけてばかりの人なので……
と、このようにふざけてばかりの人なので……
島津さんが求められているような人物ではないかと
島津さんが求められているような人物ではないかと
秀隆
秀隆
ですが、強さは本物です。
ですが、強さは本物です。
正直、相対しただけで怖くて仕方なかったです
正直、相対しただけで怖くて仕方なかったです
恋
恋
ただ野蛮なだけですから
ただ野蛮なだけですから
恭一
恭一
野蛮ねえ
野蛮ねえ
オレは恋に密着するようにソファーに腰を下ろす。
オレは恋に密着するようにソファーに腰を下ろす。
恋
恋
もう少し離れて座ってください
もう少し離れて座ってください
恭一
恭一
狭いんだから仕方ないだろ
狭いんだから仕方ないだろ
恋
恋
だったら床に座ればいいじゃないですか
だったら床に座ればいいじゃないですか
恭一
恭一
このオレ様が？　床に？　おいおい、お前は何様だ？
このオレ様が？　床に？　おいおい、お前は何様だ？
恋
恋
この部屋の家主です
この部屋の家主です
恭一
恭一
家主とオレどっちが偉いと思ってるんだ
家主とオレどっちが偉いと思ってるんだ
恋
恋
当然家主です
当然家主です
恭一
恭一
オレとは見解が違うようだな。おい、お前はどう思う
オレとは見解が違うようだな。おい、お前はどう思う
秀隆
秀隆
え、自分ですか？
え、自分ですか？
恋
恋
どちらが正しいか言ってあげてください
どちらが正しいか言ってあげてください
秀隆
秀隆
えっと……
えっと……
秀隆
秀隆
恋さんですね。家主が正しいと思います
恋さんですね。家主が正しいと思います
恋
恋
ありがとうございます
ありがとうございます
恭一
恭一
おまえそれ本心か？　本当に本心か？
おまえそれ本心か？　本当に本心か？
秀隆
秀隆
一部の迷いも無く本心です
一部の迷いも無く本心です
恭一
恭一
よかったな、同情票が入って
よかったな、同情票が入って
恋
恋
あなたって人は……
あなたって人は……
恋
恋
どうしても、行かれるおつもりですか？
どうしても、行かれるおつもりですか？
秀隆
秀隆
はい
はい
恋
恋
……分かりました。恭一さん、島津さんにお力を貸してあげてください
……分かりました。恭一さん、島津さんにお力を貸してあげてください
恭一
恭一
分かった。断る
分かった。断る
恋
恋
それは分かったとは言いません
それは分かったとは言いません
恭一
恭一
じゃあ分かってない。断る
じゃあ分かってない。断る
恋
恋
先日、島津さんのお友達を傷つけたのを忘れたんですかっ
先日、島津さんのお友達を傷つけたのを忘れたんですかっ
恭一
恭一
記憶にないな
記憶にないな
恋
恋
もういいです。あなたに頼もうとした私がバカでした
もういいです。あなたに頼もうとした私がバカでした
恋が何を思ったか立ち上がる。
恋が何を思ったか立ち上がる。
秀隆
秀隆
あの？
あの？
恋
恋
私がついていきます
私がついていきます
秀隆
秀隆
ええっ！？
ええっ！？
恋
恋
もしもの時は、私を置いて逃げてくださいっ
もしもの時は、私を置いて逃げてくださいっ
秀隆
秀隆
いやいやいやいや！
いやいやいやいや！
そんなことできるはずもない。
そんなことできるはずもない。
恭一
恭一
なるほど、そりゃ良い案だな
なるほど、そりゃ良い案だな
恋
恋
……行きましょう島津さん
……行きましょう島津さん
秀隆
秀隆
待ってください
待ってください
秀隆
秀隆
今の話は忘れてください。自分ひとりで行きますから
今の話は忘れてください。自分ひとりで行きますから
恋
恋
ダメです。島津さん一人危険な目に合わせられません
ダメです。島津さん一人危険な目に合わせられません
秀隆
秀隆
恋さんを巻き込むこと、オレにはできませんから
恋さんを巻き込むこと、オレにはできませんから
恋
恋
ですが
ですが
秀隆
秀隆
恭一さんを責めないで上げてください。
恭一さんを責めないで上げてください。
元々は、無理なお願いをしようとしたオレが悪いんです
元々は、無理なお願いをしようとしたオレが悪いんです
恭一
恭一
そりゃそうだ。勝手にオレを悪者にされても困る
そりゃそうだ。勝手にオレを悪者にされても困る
恋
恋
あなたが悪者でしょう！
あなたが悪者でしょう！
恭一
恭一
オレが何したってんだよ
オレが何したってんだよ
恋
恋
島津さんのお友達を傷つけましたっ！
島津さんのお友達を傷つけましたっ！
恭一
恭一
アレは事故だろ。勘違いによるミスを責めるのかお前は
アレは事故だろ。勘違いによるミスを責めるのかお前は
恋
恋
勘違いでもなんでも、ひどいことをしました
勘違いでもなんでも、ひどいことをしました
恭一
恭一
うるせぇなあ
うるせぇなあ
恭一
恭一
カジノで遊んでくるわ。金クレ
カジノで遊んでくるわ。金クレ
恋
恋
恭一さん！
恭一さん！
オレは立ち上がり寝室へ向かう。
オレは立ち上がり寝室へ向かう。
散乱した下着の中から目当てのものを拾い上げる。
散乱した下着の中から目当てのものを拾い上げる。
恋
恋
それ、私の財布じゃないですか！
それ、私の財布じゃないですか！
恭一
恭一
オレは金持ってないからな
オレは金持ってないからな
目の前で財布の口を開く。
目の前で財布の口を開く。
恭一
恭一
これだけあれば、ま、遊べるか
これだけあれば、ま、遊べるか
紙幣を悠々と数える。
紙幣を悠々と数える。
恋
恋
最低ですね、あなたは……
最低ですね、あなたは……
恋
恋
本当に最低です……
本当に最低です……
顔を俯かせていたが、少しだけ涙声だった。
顔を俯かせていたが、少しだけ涙声だった。
恭一
恭一
じゃあな
じゃあな
オレは財布をくるくると手のひらで回しながら、カジノ前までたどり着いた。
オレは財布をくるくると手のひらで回しながら、カジノ前までたどり着いた。
恭一
恭一
……帰るか
……帰るか
そして帰ることを決意する。
そして帰ることを決意する。
別にカジノで遊ぶこと自体に興味は全くない。
別にカジノで遊ぶこと自体に興味は全くない。
恭一
恭一
下層区画か
下層区画か
出来れば恋には、その類の話題は聞かせたくなかったがな。
出来れば恋には、その類の話題は聞かせたくなかったがな。
あの島津って男の目的なんてオレにはどうでもいいが、
あの島津って男の目的なんてオレにはどうでもいいが、
もしかすると、何かヒントのようなものを得られるかも知れない。
もしかすると、何かヒントのようなものを得られるかも知れない。
恭一
恭一
５対１か。そんな警戒するような相手でもないだろうに
５対１か。そんな警戒するような相手でもないだろうに
秀隆
秀隆
きょ、恭一さん！？
きょ、恭一さん！？
島津に襲い掛かろうとしていた男の腕を掴み、腹に一発叩き込む。
島津に襲い掛かろうとしていた男の腕を掴み、腹に一発叩き込む。
そのままの勢いで壁際まで追い詰める。
そのままの勢いで壁際まで追い詰める。
浮浪者１
浮浪者１
ぐっ！
ぐっ！
恭一
恭一
おまえがこの連中のリーダーだな？
おまえがこの連中のリーダーだな？
浮浪者１
浮浪者１
ぐぐっ……あ、あんたは！？
ぐぐっ……あ、あんたは！？
恭一
恭一
今すぐ撤退するなら良し。そうでないなら、殺すぞ？
今すぐ撤退するなら良し。そうでないなら、殺すぞ？
男たちは戦意を失っていて、慌てたように言った。
男たちは戦意を失っていて、慌てたように言った。
浮浪者１
浮浪者１
か、勘弁してくれ―――これ以上あんたに暴れられたら、
か、勘弁してくれ―――これ以上あんたに暴れられたら、
こっちは命がいくつあっても足りやしねぇ
こっちは命がいくつあっても足りやしねぇ
オレが手を離すと、男たちは全員慌てたように逃げだした。
オレが手を離すと、男たちは全員慌てたように逃げだした。
秀隆
秀隆
……あの、助かりました
……あの、助かりました
恭一
恭一
反撃することも出来ただろ。なんでしなかった
反撃することも出来ただろ。なんでしなかった
秀隆
秀隆
ここで反撃すれば、後々厄介なことになります。
ここで反撃すれば、後々厄介なことになります。
ますます敵が増えて、目的を達成するのが困難になる
ますます敵が増えて、目的を達成するのが困難になる
恭一
恭一
なるほど。それが最善の策と言うことか
なるほど。それが最善の策と言うことか
秀隆
秀隆
はい。それに、１人２人倒せても、５人は無理でした
はい。それに、１人２人倒せても、５人は無理でした
恭一
恭一
戦い方次第だ。１人しか殺れなくても勝つ方法はある。
戦い方次第だ。１人しか殺れなくても勝つ方法はある。
リーダーさえ潰せば、戦局はいくらでも変えられる
リーダーさえ潰せば、戦局はいくらでも変えられる
秀隆
秀隆
それも一つの策、ですね
それも一つの策、ですね
恭一
恭一
最も、あの程度の連中、１０人いようが問題にはならないが
最も、あの程度の連中、１０人いようが問題にはならないが
秀隆
秀隆
恭一さん……カジノに、遊びに行かれたんじゃないんですか？
恭一さん……カジノに、遊びに行かれたんじゃないんですか？
恭一
恭一
道を間違えたんだ
道を間違えたんだ
秀隆
秀隆
…………
…………
秀隆
秀隆
それにしても……
それにしても……
秀隆
秀隆
何者なんですか、恭一さん。凄い恐れられてましたけど
何者なんですか、恭一さん。凄い恐れられてましたけど
恭一
恭一
最近、この辺でカツアゲを繰り返してたからな
最近、この辺でカツアゲを繰り返してたからな
秀隆
秀隆
カツアゲって……
カツアゲって……
恭一
恭一
で、お前は危険を冒してまで、何を探してる
で、お前は危険を冒してまで、何を探してる
秀隆
秀隆
人を……失踪した人を探しています
人を……失踪した人を探しています
恭一
恭一
人ねぇ。こういう場所じゃ、最も厄介なもんだ。
人ねぇ。こういう場所じゃ、最も厄介なもんだ。
探されたいと願わない連中が集まる場所だろう、ここは
探されたいと願わない連中が集まる場所だろう、ここは
秀隆
秀隆
それは重々承知してのことです
それは重々承知してのことです
恭一
恭一
どんな奴だ
どんな奴だ
秀隆
秀隆
松下吉平と言う、画家の男性です
松下吉平と言う、画家の男性です
恭一
恭一
知らないな
知らないな
秀隆
秀隆
あまり有名な方ではないので、無理もないです
あまり有名な方ではないので、無理もないです
恭一
恭一
場所がどこかは分かってるのか？
場所がどこかは分かってるのか？
秀隆
秀隆
それがはっきりしていないんです。
それがはっきりしていないんです。
ただ、この場所に住む老人は画家を見たことがあると
ただ、この場所に住む老人は画家を見たことがあると
恭一
恭一
それだけじゃ探すのは面倒そうだ
それだけじゃ探すのは面倒そうだ
秀隆
秀隆
はい。時間はないんですが、地道にやるしかありません
はい。時間はないんですが、地道にやるしかありません
秀隆
秀隆
お願いします。自分に力を貸していただけませんかっ
お願いします。自分に力を貸していただけませんかっ
恭一
恭一
断る
断る
秀隆
秀隆
恋さんにお聞きしました。恭一さんは本に目が無いとか？
恋さんにお聞きしました。恭一さんは本に目が無いとか？
恭一
恭一
本は嫌いじゃないな
本は嫌いじゃないな
秀隆
秀隆
ホープタウンに関する歴史の本を、読みたくはありませんか
ホープタウンに関する歴史の本を、読みたくはありませんか
恭一
恭一
それを交換条件にしたいってことか？
それを交換条件にしたいってことか？
秀隆
秀隆
はい
はい
恭一
恭一
中途半端な教科書みたいなレベルじゃ納得しないぜ
中途半端な教科書みたいなレベルじゃ納得しないぜ
秀隆
秀隆
一般には販売されていない、希少価値の高いものであればどうでしょうか
一般には販売されていない、希少価値の高いものであればどうでしょうか
恭一
恭一
面白ぇ。で、それをどうやって用意するつもりだ？
面白ぇ。で、それをどうやって用意するつもりだ？
秀隆
秀隆
自分は特務官です。必要とあればご用意させて貰います
自分は特務官です。必要とあればご用意させて貰います
恭一
恭一
だったら、まずはそれを用意して貰おうか
だったら、まずはそれを用意して貰おうか
秀隆
秀隆
もちろん本当ならそうすべきです。
もちろん本当ならそうすべきです。
けれど、オレには生憎と時間がありません
けれど、オレには生憎と時間がありません
秀隆
秀隆
本を用意している間に、松下さんを探すタイムリミットがきてしまう
本を用意している間に、松下さんを探すタイムリミットがきてしまう
恭一
恭一
おまえを信用して、先に護衛をしろ、と？
おまえを信用して、先に護衛をしろ、と？
秀隆
秀隆
はい
はい
恭一
恭一
いいだろう
いいだろう
本の誘惑には勝てなかった。
本の誘惑には勝てなかった。
秀隆
秀隆
ほ、本当ですか！？　信用していただけるんですね
ほ、本当ですか！？　信用していただけるんですね
恭一
恭一
別におまえを信用したわけじゃない。
別におまえを信用したわけじゃない。
ひとつだけ、脅しておけば十分だろうと思ったんだよ
ひとつだけ、脅しておけば十分だろうと思ったんだよ
秀隆
秀隆
脅す……ですか
脅す……ですか
恭一
恭一
今の交換条件を反故にしたら、おまえを殺すぞ？
今の交換条件を反故にしたら、おまえを殺すぞ？
秀隆
秀隆
……お約束します
……お約束します
恭一
恭一
だったらそれでいい
だったらそれでいい
恭一
恭一
さっさと見つけろ。その松下って男を
さっさと見つけろ。その松下って男を
秀隆
秀隆
分かりました
分かりました
さっきの脅しが効いているのか、島津は居心地が悪そうだ。
さっきの脅しが効いているのか、島津は居心地が悪そうだ。
恭一
恭一
随分と緊張してるようだな
随分と緊張してるようだな
秀隆
秀隆
こういう場所ですから、無理ないですよ
こういう場所ですから、無理ないですよ
恭一
恭一
場所ね。てっきり、オレに対する警戒心かと思ったぜ
場所ね。てっきり、オレに対する警戒心かと思ったぜ
秀隆
秀隆
……ストレートに言いますね
……ストレートに言いますね
恭一
恭一
遠まわしに言っても面倒なだけだ
遠まわしに言っても面倒なだけだ
秀隆
秀隆
少しお聞きしてもいいですか
少しお聞きしてもいいですか
恭一
恭一
聞くのは自由だ。答えるかは別だけどな
聞くのは自由だ。答えるかは別だけどな
秀隆
秀隆
先日、恭一さんが戦った裕輔は、オレの友達です
先日、恭一さんが戦った裕輔は、オレの友達です
恭一
恭一
それがどうした。慰謝料でも請求するか？
それがどうした。慰謝料でも請求するか？
秀隆
秀隆
そうではなく……あいつは、喧嘩が強いです。
そうではなく……あいつは、喧嘩が強いです。
でも、あなたを相手には全く歯が立たなかった
でも、あなたを相手には全く歯が立たなかった
秀隆
秀隆
何か武術のようなものをやられていたのかなと
何か武術のようなものをやられていたのかなと
恭一
恭一
さぁどうかな
さぁどうかな
秀隆
秀隆
答えては貰えない質問でしたか
答えては貰えない質問でしたか
恭一
恭一
人のルーツを話すということは、
人のルーツを話すということは、
ある種弱点を露呈することにも繋がる。それだけだ
ある種弱点を露呈することにも繋がる。それだけだ
秀隆
秀隆
なるほど……
なるほど……
秀隆
秀隆
じゃあ、恋さんとはいつからお付き合いを？
じゃあ、恋さんとはいつからお付き合いを？
恭一
恭一
ここ３ヶ月ほどだな
ここ３ヶ月ほどだな
秀隆
秀隆
意外と最近ですね
意外と最近ですね
恭一
恭一
おまえが本当に聞きたかったのはそれか？
おまえが本当に聞きたかったのはそれか？
秀隆
秀隆
と、言いますと？
と、言いますと？
恭一
恭一
人はある真実を聞き出したいと思ったとき、
人はある真実を聞き出したいと思ったとき、
ストレートにそれを聞けば警戒されることを知っている
ストレートにそれを聞けば警戒されることを知っている
恭一
恭一
だからどうでもいい話を混ぜ、
だからどうでもいい話を混ぜ、
その真実をカモフラージュさせたがる傾向があるってことだ
その真実をカモフラージュさせたがる傾向があるってことだ
秀隆
秀隆
そこまで難しいことは、分からないですね
そこまで難しいことは、分からないですね
恭一
恭一
そうか
そうか
恭一
恭一
そろそろ行くぞ
そろそろ行くぞ
秀隆
秀隆
あ、はいっ
あ、はいっ
秀隆
秀隆
前にもここでお見かけしましたが、何をしていたんですか？
前にもここでお見かけしましたが、何をしていたんですか？
恭一
恭一
さぁな
さぁな
秀隆
秀隆
さぁなって……
さぁなって……
恭一
恭一
オレにも分かっていない。と言うことだ
オレにも分かっていない。と言うことだ
恭一
恭一
何となくここには、落ち着きを感じる
何となくここには、落ち着きを感じる
率直な感想だが、島津は不思議そうな顔をしてオレを見ていた。
率直な感想だが、島津は不思議そうな顔をしてオレを見ていた。
秀隆
秀隆
あ……
あ……
浮浪老人
浮浪老人
……またおまえか
……またおまえか
恭一
恭一
このじじいと知り合いか？
このじじいと知り合いか？
浮浪老人
浮浪老人
おぬしか……
おぬしか……
どうやら、オレの話はここ全体に行きわたってるらしい。
どうやら、オレの話はここ全体に行きわたってるらしい。
秀隆
秀隆
以前少し、お尋ねしたことがありまして
以前少し、お尋ねしたことがありまして
浮浪老人
浮浪老人
例の画家、だろう？
例の画家、だろう？
秀隆
秀隆
はい
はい
浮浪老人
浮浪老人
……ついてこい
……ついてこい
秀隆
秀隆
え？
え？
浮浪老人
浮浪老人
その男と知り合いなら、下手に隠せばわしの命がない
その男と知り合いなら、下手に隠せばわしの命がない
秀隆
秀隆
命がないって……
命がないって……
秀隆
秀隆
あの、ついてこいってどういうことですか
あの、ついてこいってどういうことですか
浮浪老人
浮浪老人
松下吉平のことが知りたい、そうなんだろ？
松下吉平のことが知りたい、そうなんだろ？
秀隆
秀隆
ご存知なんですか
ご存知なんですか
浮浪老人
浮浪老人
……ついてくればわかる
……ついてくればわかる
恭一
恭一
なんでもいい、いくぞ
なんでもいい、いくぞ
秀隆
秀隆
は、はいっ
は、はいっ
オレ達は老人の後を追い、右へ左へと入り組んだ道を進む。
オレ達は老人の後を追い、右へ左へと入り組んだ道を進む。
そして、あるマンションらしき建物の前までやって来た。
そして、あるマンションらしき建物の前までやって来た。
老人はその半壊した建物に入ると、
老人はその半壊した建物に入ると、
ある一部屋の前で立ち止まった。
ある一部屋の前で立ち止まった。
浮浪老人
浮浪老人
ここじゃ
ここじゃ
そういい、扉を開ける。
そういい、扉を開ける。
そこには無数の絵と、絵を一心不乱に描く男の姿があった。
そこには無数の絵と、絵を一心不乱に描く男の姿があった。
もう一人、ベッドにも男が座っていた。
もう一人、ベッドにも男が座っていた。
浮浪老人
浮浪老人
帰ったぞ
帰ったぞ
老人がそう言う。
老人がそう言う。
だが、二人の男はこちらに見向きもせず、絵を描き続けていた。
だが、二人の男はこちらに見向きもせず、絵を描き続けていた。
秀隆
秀隆
松下さん。あなたにお会いしたかったんです
松下さん。あなたにお会いしたかったんです
秀隆
秀隆
あなたがどうして表舞台から去ったのかは知りません。
あなたがどうして表舞台から去ったのかは知りません。
ですが、少しご相談させていただきたいことがあります
ですが、少しご相談させていただきたいことがあります
島津がベッドに座っている男に話しかけるが、男は微動だにしない。
島津がベッドに座っている男に話しかけるが、男は微動だにしない。
浮浪老人
浮浪老人
無駄じゃ
無駄じゃ
秀隆
秀隆
無駄、って……
無駄、って……
浮浪老人
浮浪老人
その男は精神を病んでおる。声は届かぬよ
その男は精神を病んでおる。声は届かぬよ
秀隆
秀隆
そんな
そんな
秀隆
秀隆
松下さん……
松下さん……
老人は首を振ると、一枚の絵を手にとって、部屋の外へ。
老人は首を振ると、一枚の絵を手にとって、部屋の外へ。
浮浪老人
浮浪老人
ついてこい
ついてこい
秀隆
秀隆
あの、今の松下さんと居た男性は？
あの、今の松下さんと居た男性は？
浮浪老人
浮浪老人
わしの息子じゃ
わしの息子じゃ
秀隆
秀隆
息子さん……
息子さん……
浮浪老人
浮浪老人
息子もこの場所で精神をヤラレてな。満足に会話もできん。
息子もこの場所で精神をヤラレてな。満足に会話もできん。
そんなあいつが、ここに落ちぶれてきた画家とであった
そんなあいつが、ここに落ちぶれてきた画家とであった
持ち出した絵は、黄色い植物がいっぱい描かれた絵だった。
持ち出した絵は、黄色い植物がいっぱい描かれた絵だった。
浮浪老人
浮浪老人
あの画家がここに来て描いた、たった１枚の絵じゃ
あの画家がここに来て描いた、たった１枚の絵じゃ
秀隆
秀隆
１枚……
１枚……
浮浪老人
浮浪老人
息子は、松下に絵を教わっておった。
息子は、松下に絵を教わっておった。
今では、毎日毎日、ひたすら絵を描き続けておる
今では、毎日毎日、ひたすら絵を描き続けておる
秀隆
秀隆
そうですか……
そうですか……
浮浪老人
浮浪老人
役に立つのかは分からないが、これをおまえにやろう
役に立つのかは分からないが、これをおまえにやろう
秀隆
秀隆
いいんですか……？
いいんですか……？
浮浪老人
浮浪老人
わしには元々価値などわからんし、
わしには元々価値などわからんし、
息子も、もはやこれが誰の絵なのか分かっておらん
息子も、もはやこれが誰の絵なのか分かっておらん
浮浪老人
浮浪老人
ただし、この男を金輪際ここに近づけないのが条件だ
ただし、この男を金輪際ここに近づけないのが条件だ
秀隆
秀隆
恭一さんを？
恭一さんを？
恭一
恭一
聞きうける理由はないが、別にいいさ。もう用はない
聞きうける理由はないが、別にいいさ。もう用はない
浮浪老人
浮浪老人
この男は災いだ。ここに住む人間にとってはな
この男は災いだ。ここに住む人間にとってはな
…………。
…………。
恭一
恭一
無理やり連れ出さなくて、良かったのか？
無理やり連れ出さなくて、良かったのか？
秀隆
秀隆
あの状態では、仕方ありません。
あの状態では、仕方ありません。
それに、この１枚が本物であるなら、十分使い道はあります
それに、この１枚が本物であるなら、十分使い道はあります
秀隆
秀隆
ありがとうございました。恭一さん
ありがとうございました。恭一さん
恭一
恭一
礼は本で貰う。言葉は必要ない
礼は本で貰う。言葉は必要ない
秀隆
秀隆
近いうち、必ずお届けします
近いうち、必ずお届けします
恭一
恭一
そうしろ。じゃあオレは帰るぞ
そうしろ。じゃあオレは帰るぞ
秀隆
秀隆
ありがとうございました。失礼します
ありがとうございました。失礼します
恭一
恭一
今帰ったぞ
今帰ったぞ
オレは開口一番怒鳴られることを覚悟で、家の扉を開いた。
オレは開口一番怒鳴られることを覚悟で、家の扉を開いた。
恋
恋
お帰りなさい
お帰りなさい
すると、予想に反して穏やかな声が返って来る。
すると、予想に反して穏やかな声が返って来る。
恭一
恭一
なるほど……
なるほど……
恋
恋
何がなるほどなんですか？
何がなるほどなんですか？
恭一
恭一
憎い相手を油断させるために、友好的なフリをして近づいてくるからな
憎い相手を油断させるために、友好的なフリをして近づいてくるからな
恋
恋
何を言ってるんですか。もうすぐご飯ですよ
何を言ってるんですか。もうすぐご飯ですよ
恭一
恭一
オレはおまえを怒らせたと思うんだが？
オレはおまえを怒らせたと思うんだが？
恋
恋
はい。怒りました、私の財布も持っていっちゃいましたし
はい。怒りました、私の財布も持っていっちゃいましたし
恭一
恭一
なら何で怒ってない
なら何で怒ってない
恋
恋
もしも、本当に恭一さんがカジノで遊んでいたなら、
もしも、本当に恭一さんがカジノで遊んでいたなら、
私はきっと怒っていたと思います。でも
私はきっと怒っていたと思います。でも
恋
恋
島津さんの力に、なってあげたそうですね
島津さんの力に、なってあげたそうですね
恭一
恭一
誰に聞いた
誰に聞いた
恋
恋
島津さんからです。メールを頂きました
島津さんからです。メールを頂きました
恭一
恭一
余計なことを
余計なことを
恋
恋
どうしてそう、素直じゃないんですか。
どうしてそう、素直じゃないんですか。
手伝って上げるなら最初からそういえばいいのに
手伝って上げるなら最初からそういえばいいのに
恭一
恭一
たまたま気が向いただけだ
たまたま気が向いただけだ
恋
恋
わっ
わっ
オレはﾎﾟﾝと財布を放り投げた。
オレはﾎﾟﾝと財布を放り投げた。
恭一
恭一
寝る
寝る
恋
恋
これからご飯ですよ？
これからご飯ですよ？
恭一
恭一
知らん、寝る
知らん、寝る
恋
恋
……もう。って、そっちは私の寝室です！
……もう。って、そっちは私の寝室です！
恭一
恭一
そうだったな。ついうっかりだ
そうだったな。ついうっかりだ
恋
恋
絶対わざとでしょう……
絶対わざとでしょう……
恭一
恭一
おまえはオレが危険なことをするのには反対じゃないのか？
おまえはオレが危険なことをするのには反対じゃないのか？
恋
恋
反対です
反対です
恭一
恭一
だったら、何でオレにあの島津って男の手伝いをしろって言ったんだ
だったら、何でオレにあの島津って男の手伝いをしろって言ったんだ
恋
恋
それは……お困りのようだったからです。
それは……お困りのようだったからです。
少なくとも、あの人は恭一さんが居なくても下層区画に向かったと思います
少なくとも、あの人は恭一さんが居なくても下層区画に向かったと思います
恋
恋
そしたら、きっともっと危険な目に合ったはずです
そしたら、きっともっと危険な目に合ったはずです
恭一
恭一
つまり……おまえは目に見える全ての人間に危険を伴って欲しくないわけか
つまり……おまえは目に見える全ての人間に危険を伴って欲しくないわけか
恋
恋
いけませんか？　誰だって、そう思うはずです
いけませんか？　誰だって、そう思うはずです
恭一
恭一
それ自体はいい。だが、おまえはそうじゃない
それ自体はいい。だが、おまえはそうじゃない
恭一
恭一
オレや島津を危険な目にあわせたくないと言いながら、
オレや島津を危険な目にあわせたくないと言いながら、
自分は一人で下層区画に乗り込んでるだろ
自分は一人で下層区画に乗り込んでるだろ
恋
恋
わ、私はいいんです。自己責任ですから
わ、私はいいんです。自己責任ですから
恭一
恭一
やれやれ
やれやれ
恋
恋
なんですか？　不満があるなら言ってください
なんですか？　不満があるなら言ってください
恭一
恭一
お前のような奴に説明したところで、理解なんてしない
お前のような奴に説明したところで、理解なんてしない
恋
恋
そんなの聞いてみないと分からないじゃないですか
そんなの聞いてみないと分からないじゃないですか
恭一
恭一
聞かなくても分かるんだよ
聞かなくても分かるんだよ
恭一
恭一
それに、いつになったら口を開く
それに、いつになったら口を開く
恭一
恭一
まだ、オレに話す気にはなれないのか？
まだ、オレに話す気にはなれないのか？
恋
恋
えっ？　……あ……
えっ？　……あ……
恭一
恭一
別にいいけどな
別にいいけどな
オレはソファーに横になった。
オレはソファーに横になった。
恋
恋
……これは、私の問題ですから。恭一さんに、ご迷惑はおかけできません
……これは、私の問題ですから。恭一さんに、ご迷惑はおかけできません
恭一
恭一
オレは言ったよな。次に行く時にはオレもついていくって
オレは言ったよな。次に行く時にはオレもついていくって
恋
恋
ですけど……
ですけど……
恋
恋
下層区画は、危険な場所です。恭一さんは喧嘩が強いかも知れませんが、１人には勝てても、たくさんの人に囲まれたら、どんな目にあわされるか
下層区画は、危険な場所です。恭一さんは喧嘩が強いかも知れませんが、１人には勝てても、たくさんの人に囲まれたら、どんな目にあわされるか
こいつの発言は、傍目に見れば矛盾している。
こいつの発言は、傍目に見れば矛盾している。
だが、詰まるところ自分のために危険な目には合わせたくない。
だが、詰まるところ自分のために危険な目には合わせたくない。
そう言うことなんだろう。
そう言うことなんだろう。
恭一
恭一
おまえ一人で行く方がよっぽど危険だ
おまえ一人で行く方がよっぽど危険だ
恋
恋
被害は、私だけですみます
被害は、私だけですみます
恭一
恭一
おまえは、最悪どんな目に合わされても覚悟は出来てるってことか
おまえは、最悪どんな目に合わされても覚悟は出来てるってことか
恋
恋
は、はい
は、はい
恭一
恭一
本当に覚悟なんて出来てんのか？
本当に覚悟なんて出来てんのか？
恋
恋
出来てます……出来ています
出来てます……出来ています
恭一
恭一
そんなにネックレスが大切なのか
そんなにネックレスが大切なのか
恋
恋
っ！？
っ！？
恋
恋
ど、どうしてそれを……！？
ど、どうしてそれを……！？
恭一
恭一
オレを甘く見るなよ？　それくらい、調べることできるぜ
オレを甘く見るなよ？　それくらい、調べることできるぜ
恭一
恭一
本当はおまえの口から聞きたかったがな
本当はおまえの口から聞きたかったがな
恭一
恭一
オレのような人間に、自分の過去を話すのは嫌だったか
オレのような人間に、自分の過去を話すのは嫌だったか
恋
恋
だ、だって……。恭一さん、いつもふざけてるから……
だ、だって……。恭一さん、いつもふざけてるから……
恋
恋
もし、両親の形見のネックレスまでバカにされたら……嫌じゃないですか
もし、両親の形見のネックレスまでバカにされたら……嫌じゃないですか
恋
恋
私、恭一さんのこと、嫌いになってしまうかも知れません……
私、恭一さんのこと、嫌いになってしまうかも知れません……
恭一
恭一
なんだ、今までは嫌ってなかったのか
なんだ、今までは嫌ってなかったのか
恋
恋
最低な人だとは、思ってますけど……
最低な人だとは、思ってますけど……
恭一
恭一
嫌いと最低か。天秤にかけたらどっちが酷いんだろうな
嫌いと最低か。天秤にかけたらどっちが酷いんだろうな
意外といい勝負な気もするが。
意外といい勝負な気もするが。
恋
恋
そのことはもう、放っておいてさい。
そのことはもう、放っておいてさい。
私一人の我侭で、恭一さんを巻き込むことはできません
私一人の我侭で、恭一さんを巻き込むことはできません
恭一
恭一
そうか。ならいい。もう言わない
そうか。ならいい。もう言わない
恭一
恭一
いつまでも構ってやるほど、オレはお人よしじゃないからな
いつまでも構ってやるほど、オレはお人よしじゃないからな
恋
恋
あ……
あ……
恭一
恭一
おまえがそう言うなら、オレは金輪際おまえの相手をしない
おまえがそう言うなら、オレは金輪際おまえの相手をしない
恭一
恭一
飯になったら起こせ
飯になったら起こせ
恋
恋
は、はい……
は、はい……
恭一
恭一
……なんで泣いてんだよ
……なんで泣いてんだよ
飯の時間、恋は半分べそをかきながら座っていた。
飯の時間、恋は半分べそをかきながら座っていた。
恋
恋
泣いてません……
泣いてません……
恭一
恭一
いや、もろ泣いてっから
いや、もろ泣いてっから
恋
恋
泣いて、ません……
泣いて、ません……
恭一
恭一
泣いてるだろ
泣いてるだろ
恋
恋
……ぐす……
……ぐす……
恭一
恭一
なんだ、オレが相手にしないっていったから気にしてんのか？
なんだ、オレが相手にしないっていったから気にしてんのか？
恋
恋
だって……
だって……
恭一
恭一
お前も、少しは素直になれ。女一人であの場所に行くのは恐怖と不安しかないはずだ
お前も、少しは素直になれ。女一人であの場所に行くのは恐怖と不安しかないはずだ
恭一
恭一
オレを頼った方が、効率がいいことくらいは分かるだろ
オレを頼った方が、効率がいいことくらいは分かるだろ
恋
恋
恭一さんが、危険な目にあったら……私の責任です
恭一さんが、危険な目にあったら……私の責任です
恭一
恭一
他人を頼るってことを知らない女だなおまえは
他人を頼るってことを知らない女だなおまえは
恭一
恭一
オレなんて死んでもいい、くらいの気持ちで利用すればいいだろ
オレなんて死んでもいい、くらいの気持ちで利用すればいいだろ
恭一
恭一
家族も戸籍もない、存在しない人間なんだからな
家族も戸籍もない、存在しない人間なんだからな
恋
恋
自分のことをそんな風に言わないでください。
自分のことをそんな風に言わないでください。
恭一さんは死んでいい人なんかじゃありません
恭一さんは死んでいい人なんかじゃありません
恭一
恭一
なんでそういいきれる
なんでそういいきれる
恋
恋
……私がそう思っているからです
……私がそう思っているからです
恭一
恭一
なるほど。そう言われたら反論のしようはないな
なるほど。そう言われたら反論のしようはないな
恭一
恭一
ならおまえは死んでもいい人間なのか？
ならおまえは死んでもいい人間なのか？
恋
恋
私には、家族はいませんから。悲しむ人もいません
私には、家族はいませんから。悲しむ人もいません
恭一
恭一
オレが悲しむって言ったらどうする？
オレが悲しむって言ったらどうする？
恋
恋
信じません
信じません
恭一
恭一
なるほど、確かに
なるほど、確かに
恭一
恭一
だが、少なくともオレにとっては、この世で一番会話した人間になる
だが、少なくともオレにとっては、この世で一番会話した人間になる
恭一
恭一
おまえが死んで一番後味が悪いのはオレだ
おまえが死んで一番後味が悪いのはオレだ
恋
恋
それは……
それは……
恭一
恭一
そもそも、おまえはオレと言う存在を測り損ねてるようだな
そもそも、おまえはオレと言う存在を測り損ねてるようだな
恋
恋
え……？　どういう、意味ですか？
え……？　どういう、意味ですか？
恭一
恭一
おまえも島津も、下層区画は危険な場所だと認識している
おまえも島津も、下層区画は危険な場所だと認識している
恭一
恭一
だが、オレは一度もそんな風に感じたことはない
だが、オレは一度もそんな風に感じたことはない
恋
恋
意味が分かりません。あそこは、とても危険な場所です
意味が分かりません。あそこは、とても危険な場所です
恭一
恭一
それが、測り損ねてるってことだ
それが、測り損ねてるってことだ
オレは横になる。
オレは横になる。
恭一
恭一
それを、よく教えてやる必要がありそうだ
それを、よく教えてやる必要がありそうだ
…………。
…………。
……。
……。
