男】※片桐
男】※片桐
……もう、後戻りは出来ないんだぞ……
……もう、後戻りは出来ないんだぞ……
男】※片桐
男】※片桐
本当に大丈夫なんだろうな……？
本当に大丈夫なんだろうな……？
男は、静まった大きな室内の中で、
男は、静まった大きな室内の中で、
自らの作り上げた人生そのものを見つめ、口を開いた。
自らの作り上げた人生そのものを見つめ、口を開いた。
携帯電話を耳にあて、何者かと会話している。
携帯電話を耳にあて、何者かと会話している。
空いた片方の手には酒瓶が強く握られていた。
空いた片方の手には酒瓶が強く握られていた。
男】※片桐
男】※片桐
あぁ……既に契約の方は順調に進めている
あぁ……既に契約の方は順調に進めている
男】※片桐
男】※片桐
わ、分かっている。上手く行った暁には約束の――そうだ
わ、分かっている。上手く行った暁には約束の――そうだ
男】※片桐
男】※片桐
……そろそろ切るぞ。誰かにこの話を聞かれたら……
……そろそろ切るぞ。誰かにこの話を聞かれたら……
男】※片桐
男】※片桐
それに、やることもあるのでね
それに、やることもあるのでね
会話を終えた男は、静かにそっと息を吐いた。
会話を終えた男は、静かにそっと息を吐いた。
男】※片桐
男】※片桐
信用に足る人物とは、到底思えないな……
信用に足る人物とは、到底思えないな……
今回の件が済んだらすぐにでも関係を終わらせねば
今回の件が済んだらすぐにでも関係を終わらせねば
男】※片桐
男】※片桐
万一にも、これが人体に有害だと知られれば、私は破滅だ……
万一にも、これが人体に有害だと知られれば、私は破滅だ……
？？？】※愛佳
？？？】※愛佳
…………
…………
…………。
…………。
……。
……。
秀隆
秀隆
……よし
……よし
鏡の前で、きゅっとネクタイを締める。
鏡の前で、きゅっとネクタイを締める。
オレが学園を辞めてから、早１週間が過ぎ、
オレが学園を辞めてから、早１週間が過ぎ、
いよいよ特務官としてのデビューが始まろうとしていた。
いよいよ特務官としてのデビューが始まろうとしていた。
秀隆
秀隆
行くとしますか
行くとしますか
鏡に映ったオレは、なかなかにナイスな男だった。
鏡に映ったオレは、なかなかにナイスな男だった。
秀隆
秀隆
こりゃ、ヤバイ……モテる。モテてしまうぞ……
こりゃ、ヤバイ……モテる。モテてしまうぞ……
フッと微笑んでみると、それだけで女の子がワーキャー言うだろう（妄想）。
フッと微笑んでみると、それだけで女の子がワーキャー言うだろう（妄想）。
よしどれ、ここは試しにアクセラにでも
よしどれ、ここは試しにアクセラにでも
キラースマイルをプレゼントしてやることにしよう。
キラースマイルをプレゼントしてやることにしよう。
秀隆
秀隆
おはよう（キラッ）
おはよう（キラッ）
アクセラ
アクセラ
おはよう御座います
おはよう御座います
秀隆
秀隆
今日も清々しい朝だな（キラッ）
今日も清々しい朝だな（キラッ）
アクセラ
アクセラ
はい
はい
秀隆
秀隆
…………
…………
アクセラ
アクセラ
あ
あ
秀隆
秀隆
（キラッ）
（キラッ）
アクセラ
アクセラ
今日から、いつもより起床時刻が早くなったんでしたね。
今日から、いつもより起床時刻が早くなったんでしたね。
すぐに朝食のご用意を致しますので、お待ちください
すぐに朝食のご用意を致しますので、お待ちください
…………。
…………。
アクセラ
アクセラ
あの、どうして泣いていらっしゃるのですか？
あの、どうして泣いていらっしゃるのですか？
秀隆
秀隆
自分の思い上がりを恥じてるだけなので、気にしないでくれ……
自分の思い上がりを恥じてるだけなので、気にしないでくれ……
壁に顔を向けるように、オレはシクシクと泣いた。
壁に顔を向けるように、オレはシクシクと泣いた。
秀隆
秀隆
……それから、秋のヤツは起こさないでいいぞ。
……それから、秋のヤツは起こさないでいいぞ。
特務官の朝は早い、変に付き合わせる必要はないだろうし
特務官の朝は早い、変に付き合わせる必要はないだろうし
そのほうが、あいつの気持ち的にも楽だろう。
そのほうが、あいつの気持ち的にも楽だろう。
アクセラ
アクセラ
あ、いえ……
あ、いえ……
秀隆
秀隆
どうした
どうした
妙な反応をしたアクセラの方を見やると、
妙な反応をしたアクセラの方を見やると、
そこには、既に起床した秋の姿があった。
そこには、既に起床した秋の姿があった。
秀隆
秀隆
秋……
秋……
秋
秋
本当に行くんですか、兄さん
本当に行くんですか、兄さん
秀隆
秀隆
あぁ、行くよ
あぁ、行くよ
その言葉に、秋はどんなことを思っただろうか。
その言葉に、秋はどんなことを思っただろうか。
秋
秋
あれだけ苦しい思いをして、それでもまだ、夢を追うんですか
あれだけ苦しい思いをして、それでもまだ、夢を追うんですか
秀隆
秀隆
…………
…………
秋
秋
無理する必要なんて、ないじゃないですか。
無理する必要なんて、ないじゃないですか。
臨時教師をやめたっていい。でも、特務官なんて……
臨時教師をやめたっていい。でも、特務官なんて……
秋
秋
どうして何ですか？　どうしてまた、特務官なんですか？
どうして何ですか？　どうしてまた、特務官なんですか？
秀隆
秀隆
おまえにしちゃ、随分と思い切って聞いてきたな
おまえにしちゃ、随分と思い切って聞いてきたな
秋
秋
答えてくれませんか
答えてくれませんか
どんな時も、秋はオレと目を合わせない。
どんな時も、秋はオレと目を合わせない。
正直何を考えているのか、付き合いは長いが分からない。
正直何を考えているのか、付き合いは長いが分からない。
秀隆
秀隆
さぁどうかな……答えようがない
さぁどうかな……答えようがない
肩を竦ませ、そう答えるしかなかった。
肩を竦ませ、そう答えるしかなかった。
秋
秋
……そうですか
……そうですか
やがて納得したのか、それともただ諦めたのか、コクリと頷いた。
やがて納得したのか、それともただ諦めたのか、コクリと頷いた。
秀隆
秀隆
どうなったとしても、オレたちの関係は変わらない。だろ？
どうなったとしても、オレたちの関係は変わらない。だろ？
秋
秋
そうですね
そうですね
秀隆
秀隆
アクセラ、飯頼む
アクセラ、飯頼む
アクセラ
アクセラ
はい
はい
いつもより３０分は早い朝食。
いつもより３０分は早い朝食。
秀隆
秀隆
明日からどうするつもりだ？
明日からどうするつもりだ？
秋
秋
どうする、とはどう言う意味ですか？
どうする、とはどう言う意味ですか？
秀隆
秀隆
そのままの意味だ。オレに合わせて
そのままの意味だ。オレに合わせて
この時間に起きるつもりじゃないだろうな
この時間に起きるつもりじゃないだろうな
秋
秋
起きます
起きます
秀隆
秀隆
いや、起きますじゃないって……
いや、起きますじゃないって……
秀隆
秀隆
今までは家を出る時間が殆ど変わらなかったが、
今までは家を出る時間が殆ど変わらなかったが、
特務官の朝は早い。おまえが無理をする必要はないぞ
特務官の朝は早い。おまえが無理をする必要はないぞ
秀隆
秀隆
どう考えたって大変だろ
どう考えたって大変だろ
秋
秋
忘れたんですか？　ルール
忘れたんですか？　ルール
秀隆
秀隆
いや、そう言うわけじゃないが……
いや、そう言うわけじゃないが……
秋
秋
平日の朝食はいつも一緒に食べる。そうですよね
平日の朝食はいつも一緒に食べる。そうですよね
秀隆
秀隆
オレにペースを合わせるのは大変だろ。体調の問題もある
オレにペースを合わせるのは大変だろ。体調の問題もある
秋
秋
大丈夫です
大丈夫です
秋
秋
そもそも、兄さんが私の体調を気にするのですか？
そもそも、兄さんが私の体調を気にするのですか？
秀隆
秀隆
そりゃ……そうだけど
そりゃ……そうだけど
秋
秋
だったら何も問題ないはずです。
だったら何も問題ないはずです。
もし体調を崩したとしても、アクセラがいます
もし体調を崩したとしても、アクセラがいます
アクセラ
アクセラ
無駄ですよ秀隆様。秋様の決意は固いと思います
無駄ですよ秀隆様。秋様の決意は固いと思います
秀隆
秀隆
……知らないからな
……知らないからな
秋
秋
はい。放って置いてください
はい。放って置いてください
今日も互いに、背を向け合う。
今日も互いに、背を向け合う。
秀隆
秀隆
じゃあ、行ってくる
じゃあ、行ってくる
朝食を食べ終えたオレは玄関に向かう。
朝食を食べ終えたオレは玄関に向かう。
秋
秋
…………
…………
秋はもう、何も言わなかった。
秋はもう、何も言わなかった。
オレは、前を向くしか道がないと知ったんだ。
オレは、前を向くしか道がないと知ったんだ。
もう転んだままではいられないんだよ。
もう転んだままではいられないんだよ。
いつもとは違うルートを通り、特務官本邸を目指す。
いつもとは違うルートを通り、特務官本邸を目指す。
時折すれ違う生徒たちが、オレに手を振り、声をかけてくれた。
時折すれ違う生徒たちが、オレに手を振り、声をかけてくれた。
特務官のお仕事頑張ってね、と。
特務官のお仕事頑張ってね、と。
それが表面上のことだけだったとしても、ちょっとジーンときた。
それが表面上のことだけだったとしても、ちょっとジーンときた。
オレの２年間も、けして無駄ではなかったと思えた。
オレの２年間も、けして無駄ではなかったと思えた。
あれこれ考えていると、すぐ目的地に着いてしまった。
あれこれ考えていると、すぐ目的地に着いてしまった。
大きくそびえ立つ外観を見上げ、ぶるっと身体が震える。
大きくそびえ立つ外観を見上げ、ぶるっと身体が震える。
武者震いってヤツだ。
武者震いってヤツだ。
秀隆
秀隆
うそ、ごめん。４割ぐらいびびってるわ……
うそ、ごめん。４割ぐらいびびってるわ……
手には汗をかいてるし、心拍数も高い。
手には汗をかいてるし、心拍数も高い。
オマケに心なしか呼吸のペースも速くなっている。
オマケに心なしか呼吸のペースも速くなっている。
男警備員２
男警備員２
身分証の提示をお願いします
身分証の提示をお願いします
秀隆
秀隆
……はい
……はい
見ない顔のオレに不信感を持ったのか、
見ない顔のオレに不信感を持ったのか、
ゲート入り口で警備員に制止を求められた。
ゲート入り口で警備員に制止を求められた。
seカード認証 (0
seカード認証 (0
オレがＩＤを通すと、既に認証は済んでいるのかグリーンへと変わった。
オレがＩＤを通すと、既に認証は済んでいるのかグリーンへと変わった。
男警備員２
男警備員２
今日から配属になった特務官か。話は聞いている
今日から配属になった特務官か。話は聞いている
男警備員２
男警備員２
そのまま特務官待機室へ向かってくれ
そのまま特務官待機室へ向かってくれ
秀隆
秀隆
分かりました
分かりました
まだ朝の８時前だと言うのに、廊下には
まだ朝の８時前だと言うのに、廊下には
既に出社した人たちの姿が多く見られた。
既に出社した人たちの姿が多く見られた。
すれ違う人の中には、たまにオレの顔を見ていく人も。
すれ違う人の中には、たまにオレの顔を見ていく人も。
この時期に新人が入ることなんて、まずないだろうからなぁ。
この時期に新人が入ることなんて、まずないだろうからなぁ。
少し歩いた先に、特務官待機室のプレートが見えた。
少し歩いた先に、特務官待機室のプレートが見えた。
秀隆
秀隆
あそこか……
あそこか……
近づくにつれ、オレの心音が早まっているのが分かる。
近づくにつれ、オレの心音が早まっているのが分かる。
緊張するなと言うのが無理な話だ。
緊張するなと言うのが無理な話だ。
転校初日の学生の気分を、味わっていると言えよう。
転校初日の学生の気分を、味わっていると言えよう。
やっぱり初めが肝心だからな。
やっぱり初めが肝心だからな。
少しでも早く打ち解けるために、明るいキャラで行こうか？
少しでも早く打ち解けるために、明るいキャラで行こうか？
それとも、真面目な大人しい子で行くべきか？
それとも、真面目な大人しい子で行くべきか？
いやいやクールなガイを演じるべきか？
いやいやクールなガイを演じるべきか？
……ここはやはり明るいキャラがベタだろう。
……ここはやはり明るいキャラがベタだろう。
そう決心し、オレは待機室への扉を開いた。
そう決心し、オレは待機室への扉を開いた。
秀隆
秀隆
おはようございま
おはようございま
…………ぁす
…………ぁす
オレの第一声が、虚しく響いた。
オレの第一声が、虚しく響いた。
扉を開けるなり、ぴりぴりとした空気がオレに突き刺さったからだ。
扉を開けるなり、ぴりぴりとした空気がオレに突き刺さったからだ。
仕事前だからもっと気楽にしていると思ったら、
仕事前だからもっと気楽にしていると思ったら、
まるで就業が始まっているかのように静まり返っている。
まるで就業が始まっているかのように静まり返っている。
男性】※磯部
男性】※磯部
…………
…………
オレの声に反応してか、男性が顔をあげた。
オレの声に反応してか、男性が顔をあげた。
男性】※磯部
男性】※磯部
おいっ
おいっ
秀隆
秀隆
え？　あ、自分ですか？
え？　あ、自分ですか？
男性】※磯部
男性】※磯部
おまえだよおまえ
おまえだよおまえ
もしかして、今日からの新人と言うことを知って、
もしかして、今日からの新人と言うことを知って、
何か気を使ってくれようとしているんじゃないだろうか。
何か気を使ってくれようとしているんじゃないだろうか。
男性はオレの前へと歩み寄ってくる。
男性はオレの前へと歩み寄ってくる。
オレは一度服で手を拭い、さっと手を差し伸べた。
オレは一度服で手を拭い、さっと手を差し伸べた。
秀隆
秀隆
今日からお世話になり
今日からお世話になり


挨拶を終える間もなく、いきなりこちらの胸倉を掴みあげてきた。
挨拶を終える間もなく、いきなりこちらの胸倉を掴みあげてきた。
秀隆
秀隆
おっととと！
おっととと！
se壁に叩きつけられる
se壁に叩きつけられる
そしてそのまま押され、壁に背中を打ちつけた。
そしてそのまま押され、壁に背中を打ちつけた。
秀隆
秀隆
うぐ！
うぐ！
男性】※磯部
男性】※磯部
いきなり殴られても文句は言わせねぇぞ
いきなり殴られても文句は言わせねぇぞ
入室するなり、そう言い強く睨みつけられた。
入室するなり、そう言い強く睨みつけられた。
男性】※磯部
男性】※磯部
言っとくがな、誰もお前を仲間だと認めない
言っとくがな、誰もお前を仲間だと認めない
秀隆
秀隆
……いきなりきっついなぁ……
……いきなりきっついなぁ……
男性】※磯部
男性】※磯部
俺たちは厳しい競争を勝ち抜いてきたんだ。
俺たちは厳しい競争を勝ち抜いてきたんだ。
唐沢代表のお気に入りだかなんだかしらないが、
唐沢代表のお気に入りだかなんだかしらないが、
これから馴れ馴れしい態度だけはとるなよ？
これから馴れ馴れしい態度だけはとるなよ？
秀隆
秀隆
わ、わかりました……部屋の隅っこで縮こまって生きます、はいっ
わ、わかりました……部屋の隅っこで縮こまって生きます、はいっ
男性】※磯部
男性】※磯部
こんなのが元天才？　ありえないだろ……
こんなのが元天才？　ありえないだろ……
秀隆
秀隆
は、はい？　てん？
は、はい？　てん？
まどか
まどか
磯部くん、なにやってるの！？
磯部くん、なにやってるの！？
オレの後から入ってきたまどかが、慌てて歩み寄ってくる。
オレの後から入ってきたまどかが、慌てて歩み寄ってくる。
オレには救いの天使に見えた。
オレには救いの天使に見えた。
磯部
磯部
まどかか。ちょっと釘を刺してるだけさ
まどかか。ちょっと釘を刺してるだけさ
まどか
まどか
釘って……
釘って……
助けを求めるように、天使まどかに視線を送る。
助けを求めるように、天使まどかに視線を送る。
まどか
まどか
ともかくあなたが手を出していいことじゃないわ
ともかくあなたが手を出していいことじゃないわ
磯部
磯部
ふん……
ふん……
磯部と呼ばれた男性は、乱暴に胸倉を離す。
磯部と呼ばれた男性は、乱暴に胸倉を離す。
ふう、殴られるかと思った……。
ふう、殴られるかと思った……。
オレを見ていた他の者たちは、冷ややかな目でオレを見ている。
オレを見ていた他の者たちは、冷ややかな目でオレを見ている。
まどか
まどか
…………
…………
それはまどかも、例外ではなかった。
それはまどかも、例外ではなかった。
誰一人として、オレを歓迎している空気はない。
誰一人として、オレを歓迎している空気はない。
わかっちゃいたことだが、
わかっちゃいたことだが、
想像していたよりもずっと、厳しい現実が待っていた。
想像していたよりもずっと、厳しい現実が待っていた。
秀隆
秀隆
えぇと、あの。今日からお世話になります島津です。
えぇと、あの。今日からお世話になります島津です。
よろしくお願いします。あははは……ははは……
よろしくお願いします。あははは……ははは……
磯部
磯部
へらへらしやがって、気持ちわりぃ
へらへらしやがって、気持ちわりぃ
ぞろぞろと、周囲の人たちはオレから遠ざかっていく。
ぞろぞろと、周囲の人たちはオレから遠ざかっていく。
秀隆
秀隆
あっはは、す、すいません……
あっはは、す、すいません……
もう、オレを見ている人間は誰一人としていなかった。
もう、オレを見ている人間は誰一人としていなかった。
そう、例えるなら、転校初日に便所でウンコしてるのがバレて、
そう、例えるなら、転校初日に便所でウンコしてるのがバレて、
卒業するまでウンコマンのあだ名で
卒業するまでウンコマンのあだ名で
過ごすことを余儀なくされてしまったような展開だ。
過ごすことを余儀なくされてしまったような展開だ。
……どんな展開だよ。
……どんな展開だよ。
まどか
まどか
大丈夫？　島津くん……
大丈夫？　島津くん……
秀隆
秀隆
あぁ大丈夫だ、平気平気。
あぁ大丈夫だ、平気平気。
ほら、ちょびっと風当たりが強いのは分かってたし
ほら、ちょびっと風当たりが強いのは分かってたし
まどか
まどか
……無理しないようにね
……無理しないようにね
それは、どういう意味でだろうか。
それは、どういう意味でだろうか。
なんて……まどかなりの警告なんだろう。
なんて……まどかなりの警告なんだろう。
早いうちに、辞めてくれれば助かる、と言う。
早いうちに、辞めてくれれば助かる、と言う。
秀隆
秀隆
えっとオレはどうしてればいい？
えっとオレはどうしてればいい？
まどか
まどか
そうね……その辺りの席にでも座っていて
そうね……その辺りの席にでも座っていて
秀隆
秀隆
わかった
わかった
オレは端っこにちょんと腰を下ろす。
オレは端っこにちょんと腰を下ろす。
他の者は、すでに仕事に取り掛かっているようだった。
他の者は、すでに仕事に取り掛かっているようだった。
オレはすることもないまま、静かにその場で待機することにした。
オレはすることもないまま、静かにその場で待機することにした。
それから２０分ほどして、全員が慌しく集まり始めた。
それから２０分ほどして、全員が慌しく集まり始めた。
オレも席を立ち、みんなの後ろにそっと立つようにする。
オレも席を立ち、みんなの後ろにそっと立つようにする。
竹内
竹内
皆、揃っているかね？
皆、揃っているかね？
待機室にやってきたのは
待機室にやってきたのは
まどか
まどか
竹内特務官！　おはようございます！
竹内特務官！　おはようございます！
磯部
磯部
おはようございます！
おはようございます！
全員が頭を下げ、一瞬で引き締まった表情へと変わる。
全員が頭を下げ、一瞬で引き締まった表情へと変わる。
ホープタウンの英雄……特務官の竹内氏だ。
ホープタウンの英雄……特務官の竹内氏だ。
竹内
竹内
さて、既に通達は済んでいると思うが……
さて、既に通達は済んでいると思うが……
今日からここが、君たちの新しい仕事部屋になることが決定した
今日からここが、君たちの新しい仕事部屋になることが決定した
竹内
竹内
現在我が街には、特務官が３４名いる。
現在我が街には、特務官が３４名いる。
その内私の部下として動いている者が２０名
その内私の部下として動いている者が２０名
竹内
竹内
そして、ここにいるのが残りの１４名になる
そして、ここにいるのが残りの１４名になる
１、２……何となく心の中で数える。
１、２……何となく心の中で数える。
オレを含まない１４人だった。
オレを含まない１４人だった。
竹内
竹内
君たちは我々と同じ特務官と言う肩書きではあるものの、
君たちは我々と同じ特務官と言う肩書きではあるものの、
見習いと言う立場にいる。当然それは理解しているね？
見習いと言う立場にいる。当然それは理解しているね？
オレ以外の全員が頷く。
オレ以外の全員が頷く。
オレも慌てて頷いた。
オレも慌てて頷いた。
竹内
竹内
唐沢代表は、君たち見習いにもチャンスを与えたいと仰った
唐沢代表は、君たち見習いにもチャンスを与えたいと仰った
竹内
竹内
そこで、新たな部署として『助特務官
そこで、新たな部署として『助特務官
と言う部署を設立することとなった
と言う部署を設立することとなった
竹内
竹内
君たちにはここで、実践を積むことで
君たちにはここで、実践を積むことで
正式な特務官への昇格を目指してもらう
正式な特務官への昇格を目指してもらう
特務官は特務官でも、２軍ってヤツか。
特務官は特務官でも、２軍ってヤツか。
竹内
竹内
佐々野くん
佐々野くん
まどか
まどか
はいっ
はいっ
竹内
竹内
この部署のリーダーを、君にやって貰いたい
この部署のリーダーを、君にやって貰いたい
まどか
まどか
わ、私に、ですか……！？
わ、私に、ですか……！？
竹内
竹内
君はこのメンバーの中でも若い方だが、実力は高い
君はこのメンバーの中でも若い方だが、実力は高い
竹内
竹内
実力のある者は、どんどん上にあげていこうと思っている
実力のある者は、どんどん上にあげていこうと思っている
竹内氏が実力主義であることは、オレでも知っている。
竹内氏が実力主義であることは、オレでも知っている。
活躍すれば、恐らくオレであっても引き上げてもらえるだろう。
活躍すれば、恐らくオレであっても引き上げてもらえるだろう。
……活躍すればだけど。
……活躍すればだけど。
まどか
まどか
あ、ありがとうございます！
あ、ありがとうございます！
まどかは、正式な特務官への一歩を踏み出したってことなんだろう。
まどかは、正式な特務官への一歩を踏み出したってことなんだろう。
周囲は驚きと同時に、激励をまどかに送る。
周囲は驚きと同時に、激励をまどかに送る。
竹内
竹内
最初の仕事として、君には
最初の仕事として、君には
片桐食料プラントの企画を任せたい
片桐食料プラントの企画を任せたい
竹内
竹内
この企画は……失敗に終わってしまったが、
この企画は……失敗に終わってしまったが、
はいそうですかで済ませられる問題ではない
はいそうですかで済ませられる問題ではない
オレには何のことか分からなかったが、
オレには何のことか分からなかったが、
全員真剣なまなざしで話を聞いていた。
全員真剣なまなざしで話を聞いていた。
竹内
竹内
今回、ドリームタウンとの契約交渉により、
今回、ドリームタウンとの契約交渉により、
片桐食糧プラントはその生産ラインの
片桐食糧プラントはその生産ラインの
多くをあちらに回すことになるだろう
多くをあちらに回すことになるだろう
竹内
竹内
片桐食糧プラントと契約している食糧生産の割合はこの街の２割を占める。この％を落とすことなく、新たな契約を結びなおすことが、君たちの仕事となる
片桐食糧プラントと契約している食糧生産の割合はこの街の２割を占める。この％を落とすことなく、新たな契約を結びなおすことが、君たちの仕事となる
竹内
竹内
当たり前のことを当たり前にこなせば、
当たり前のことを当たり前にこなせば、
けして難しい仕事ではない。期待しているよ
けして難しい仕事ではない。期待しているよ
まどか
まどか
はいっ！
はいっ！
全員が、声をあげ頭を下げた。
全員が、声をあげ頭を下げた。
竹内
竹内
では各自、仕事に当たってくれ
では各自、仕事に当たってくれ
それぞれ、慌しく時間が動き始めた。
それぞれ、慌しく時間が動き始めた。
ぽつりとその場に残されるオレの元へ、竹内氏が歩み寄ってきた。
ぽつりとその場に残されるオレの元へ、竹内氏が歩み寄ってきた。
竹内
竹内
君が新しく特務官になった島津くんだね？　唐沢さんから話は聞いているよ
君が新しく特務官になった島津くんだね？　唐沢さんから話は聞いているよ
秀隆
秀隆
よろしくお願いします
よろしくお願いします
竹内
竹内
ふむ……
ふむ……
鋭い視線は、オレの心全てを見透かしているようにさえ思える。
鋭い視線は、オレの心全てを見透かしているようにさえ思える。
竹内
竹内
まぁ……色々あるとは思うが、頑張ってくれたまえ
まぁ……色々あるとは思うが、頑張ってくれたまえ
秀隆
秀隆
はいっ
はいっ
竹内
竹内
君の教育は、佐々野くんに頼むことにしよう。佐々野くん
君の教育は、佐々野くんに頼むことにしよう。佐々野くん
まどか
まどか
はいっ！
はいっ！
竹内
竹内
彼には、１から特務官のことを教えてあげてほしい
彼には、１から特務官のことを教えてあげてほしい
まどか
まどか
……わかりました
……わかりました
竹内
竹内
では、後を頼むよ
では、後を頼むよ
竹内氏がいなくなり、緊張の糸が解けたのか、
竹内氏がいなくなり、緊張の糸が解けたのか、
皆が一斉にほっとした声を漏らした。
皆が一斉にほっとした声を漏らした。
磯部
磯部
やったな、まどか
やったな、まどか
まどか
まどか
ありがとう
ありがとう
磯部
磯部
しかし、助特務官か。肩書きはともかく、
しかし、助特務官か。肩書きはともかく、
やっと俺たちにも仕事が回ってきたな
やっと俺たちにも仕事が回ってきたな
まどか
まどか
ええ。そうね
ええ。そうね
磯部
磯部
後はこいつさえいなけりゃ、俺たちの士気も高いんだが
後はこいつさえいなけりゃ、俺たちの士気も高いんだが
秀隆
秀隆
え、誰ですか？
え、誰ですか？
磯部
磯部
おまえだよおまえ！　わかってんだろうが！
おまえだよおまえ！　わかってんだろうが！
秀隆
秀隆
やっぱりオレでしたか……
やっぱりオレでしたか……
もしかしたら違うかもと期待したんですが
もしかしたら違うかもと期待したんですが
磯部
磯部
人を舐めてんのか？
人を舐めてんのか？
秀隆
秀隆
滅相もない。いや、ほんとに、全然舐めてないです
滅相もない。いや、ほんとに、全然舐めてないです
磯部
磯部
ふんっ
ふんっ
まどか
まどか
磯部くん、あまり本気で相手にしない方がいいわよ
磯部くん、あまり本気で相手にしない方がいいわよ
磯部
磯部
だろうな……
だろうな……
秀隆
秀隆
ところで、今回の仕事ってのは、どう言う内容なんです？
ところで、今回の仕事ってのは、どう言う内容なんです？
磯部
磯部
何も知らねぇのかよ、バカが
何も知らねぇのかよ、バカが
秀隆
秀隆
バカって……
バカって……
まどか
まどか
片桐食糧プラントのこと、最近耳にはしていなかった？
片桐食糧プラントのこと、最近耳にはしていなかった？
秀隆
秀隆
確か新しい技術開発がされて、竹内氏が交渉してるやつだよな？
確か新しい技術開発がされて、竹内氏が交渉してるやつだよな？
まどか
まどか
ええそうよ
ええそうよ
磯部
磯部
で？
で？
秀隆
秀隆
で、って……えっと、ホープタウンとドリームタウンで、
で、って……えっと、ホープタウンとドリームタウンで、
その技術の特許を巡って対立している……ですよね？
その技術の特許を巡って対立している……ですよね？
この間のテレビで、竹内氏が順調だと言っていた覚えがある。
この間のテレビで、竹内氏が順調だと言っていた覚えがある。
まどか
まどか
このプロジェクトは、既に死んでいるの……
このプロジェクトは、既に死んでいるの……
秀隆
秀隆
死んでる？
死んでる？
まどか
まどか
ホープタウンとの交渉は決裂、白紙に戻っているのよ
ホープタウンとの交渉は決裂、白紙に戻っているのよ
秀隆
秀隆
ドリームタウンに交渉権を取られそうってことか？
ドリームタウンに交渉権を取られそうってことか？
まどか
まどか
正確には、もう仮契約まで済まされているの
正確には、もう仮契約まで済まされているの
つまり……勝敗は決した、と。
つまり……勝敗は決した、と。
磯部
磯部
もっとも、竹内特務官は何も悪くねえ。
もっとも、竹内特務官は何も悪くねえ。
悪いのは竹内特務官の部下だ。交渉でポカをやらかしたらしい
悪いのは竹内特務官の部下だ。交渉でポカをやらかしたらしい
秀隆
秀隆
契約は結べなかったんだよな？
契約は結べなかったんだよな？
失敗に終わった企画を任せるってのは、どう言うことなんだ？
失敗に終わった企画を任せるってのは、どう言うことなんだ？
まどか
まどか
それは
それは
まどかからの話をまとめるとこうだ。
まどかからの話をまとめるとこうだ。
元々、片桐食糧プラントは、
元々、片桐食糧プラントは、
オレたちの住むホープタウンの配給２０％を生産していた。
オレたちの住むホープタウンの配給２０％を生産していた。
だが、そのプラントの社長が独自に開発した新しい製法により、
だが、そのプラントの社長が独自に開発した新しい製法により、
従来の３倍速で、トウモロコシを生産する技術が確立される。
従来の３倍速で、トウモロコシを生産する技術が確立される。
片桐食糧プラントは、その技術を両街に売りに出し、
片桐食糧プラントは、その技術を両街に売りに出し、
買い手のついた方と大型契約を結ぶ考えを示した。
買い手のついた方と大型契約を結ぶ考えを示した。
結果、ドリームタウンが競り勝ち、その権利を獲得。
結果、ドリームタウンが競り勝ち、その権利を獲得。
これらのことにより、ドリームタウン側に生産ラインの多くを割くことになるため、ホープタウンとの契約を渋ってくる、
これらのことにより、ドリームタウン側に生産ラインの多くを割くことになるため、ホープタウンとの契約を渋ってくる、
と言うのが竹内氏の考えだ。
と言うのが竹内氏の考えだ。
少しでも高く買ってくれるところに多く売りたいと思うのは、当然のことだが、はいそうですか、とオレたちの食糧生産を減らされるわけにはいかない。
少しでも高く買ってくれるところに多く売りたいと思うのは、当然のことだが、はいそうですか、とオレたちの食糧生産を減らされるわけにはいかない。
そうなれば、配給は減り、物価の値上がりは避けられない。
そうなれば、配給は減り、物価の値上がりは避けられない。
だから、契約交渉には敗れたものの、
だから、契約交渉には敗れたものの、
オレたちは何とか従来の２０％を
オレたちは何とか従来の２０％を
生産し続けてもらわなければならないってことだ。
生産し続けてもらわなければならないってことだ。
まどか
まどか
何とか現状の予算で新規契約をしたいところだけれど……
何とか現状の予算で新規契約をしたいところだけれど……
磯部
磯部
恐らく、向こうは吹っかけてくるだろうな
恐らく、向こうは吹っかけてくるだろうな
まどか
まどか
そうね……値上げ交渉にどこまで答えられるか、そこが焦点ね
そうね……値上げ交渉にどこまで答えられるか、そこが焦点ね
秀隆
秀隆
それで、オレは何をすればいいんだ？
それで、オレは何をすればいいんだ？
まどか
まどか
ひとまず、今私たちが置かれている現状を知ってもらう必要がある
ひとまず、今私たちが置かれている現状を知ってもらう必要がある
まどか
まどか
片桐食糧プラントに関する資料を、隅々まで見て把握して
片桐食糧プラントに関する資料を、隅々まで見て把握して
まどか
まどか
と言うよりも、そうしてもらうしかないのが実情よ。
と言うよりも、そうしてもらうしかないのが実情よ。
新人のあなたに任せられる仕事は、１つもないから
新人のあなたに任せられる仕事は、１つもないから
秀隆
秀隆
お、おう……そうだな
お、おう……そうだな
オレはまどかから、１日、２日では読みきれないほどの膨大な資料を受け取る。
オレはまどかから、１日、２日では読みきれないほどの膨大な資料を受け取る。
まどか
まどか
それからこれが、その契約しようとしている商品のサンプル
それからこれが、その契約しようとしている商品のサンプル
秀隆
秀隆
よく見るヤツだな。黄色の目立つ箱の
よく見るヤツだな。黄色の目立つ箱の
配給用として配られるもので、
配給用として配られるもので、
家の中でアクセラがこれを触っているところを何度も見たことがある。
家の中でアクセラがこれを触っているところを何度も見たことがある。
デザインは独特で、非常に目立つものだ。
デザインは独特で、非常に目立つものだ。
この箱を見れば、片桐食糧プラントで製造されたものだとすぐに
この箱を見れば、片桐食糧プラントで製造されたものだとすぐに
気付く。
気付く。
見た目の色具合だけではなく、箱の材質も良さそうだ。
見た目の色具合だけではなく、箱の材質も良さそうだ。
まどか
まどか
パッケージは大きな広告でもあるから、片桐社長は強くこだわっているの
パッケージは大きな広告でもあるから、片桐社長は強くこだわっているの
秀隆
秀隆
なるほどね。確かにこだわりを感じるな
なるほどね。確かにこだわりを感じるな
こうして改めて手にとって、初めて分かったことだったが。
こうして改めて手にとって、初めて分かったことだったが。
まどか
まどか
それじゃ、しっかり勉強してね
それじゃ、しっかり勉強してね
秀隆
秀隆
ああ
ああ
オレはモニターにかじりつくようにして、資料を見ていくことになった。
オレはモニターにかじりつくようにして、資料を見ていくことになった。
竹内
竹内
失礼します
失礼します
唐沢
唐沢
おお、お疲れ様。彼らの様子はどうだった？
おお、お疲れ様。彼らの様子はどうだった？
竹内
竹内
唐沢さんの読みどおり、やる気に満ちていましたよ
唐沢さんの読みどおり、やる気に満ちていましたよ
唐沢
唐沢
そうか。少しでも実践を積んで、成長してくれればいいな
そうか。少しでも実践を積んで、成長してくれればいいな
竹内
竹内
そう願います。最近の若者には少々力強さが足りない。
そう願います。最近の若者には少々力強さが足りない。
これで上下の差が縮まり、競争意識が高まればいいんですが
これで上下の差が縮まり、競争意識が高まればいいんですが
唐沢
唐沢
うん。それで、彼はどうだったかな。島津くんは
うん。それで、彼はどうだったかな。島津くんは
竹内
竹内
少々感想に困りますね。特務官そのものとしては、まだ未知数です
少々感想に困りますね。特務官そのものとしては、まだ未知数です
竹内
竹内
ただ、やはり『島津』と聞くと……
ただ、やはり『島津』と聞くと……
唐沢
唐沢
そうだね、それは無理からぬことだと思う
そうだね、それは無理からぬことだと思う
竹内
竹内
無論、仕事で私情を挟むつもりはありません
無論、仕事で私情を挟むつもりはありません
唐沢
唐沢
もちろんだ。彼もそれは望まないだろう。
もちろんだ。彼もそれは望まないだろう。
彼は経験を積めば、必ず立派な特務官になる
彼は経験を積めば、必ず立派な特務官になる
唐沢
唐沢
僕たちも、現役とは言え歳を取ってきたからね。
僕たちも、現役とは言え歳を取ってきたからね。
将来、彼が皆を引っ張って行ってくれたら言うことはない
将来、彼が皆を引っ張って行ってくれたら言うことはない
唐沢
唐沢
彼を採用したのは、そう言う僕の期待の表れだよ
彼を採用したのは、そう言う僕の期待の表れだよ
竹内
竹内
今はまだ、その片鱗は見えず、ですが
今はまだ、その片鱗は見えず、ですが
唐沢
唐沢
はははは、無理も無い。確かに今の彼からは想像できない
はははは、無理も無い。確かに今の彼からは想像できない
竹内
竹内
と、言いますと？
と、言いますと？
唐沢
唐沢
なに……彼が本物なら、近い将来分かるさ。
なに……彼が本物なら、近い将来分かるさ。
僕が周囲の反感を買ってでも、無理やり採用させた理由がね
僕が周囲の反感を買ってでも、無理やり採用させた理由がね
竹内
竹内
……そうですか。なら期待するとしましょう
……そうですか。なら期待するとしましょう
唐沢
唐沢
しかし、今回の片桐食料プラントの件は、実に残念だった
しかし、今回の片桐食料プラントの件は、実に残念だった
竹内
竹内
私の力不足により、申し訳御座いません
私の力不足により、申し訳御座いません
唐沢
唐沢
いやいや、君を責めるつもりは毛頭無いよ
いやいや、君を責めるつもりは毛頭無いよ
唐沢
唐沢
プロジェクトは失敗に終わったが、
プロジェクトは失敗に終わったが、
今後も良好な関係は続けていかないといけない
今後も良好な関係は続けていかないといけない
竹内
竹内
もっともです。片桐食糧プラントの役割は非常に大きい
もっともです。片桐食糧プラントの役割は非常に大きい
竹内
竹内
佐々野くんたちにはやりがいのある仕事になるだけではなく、
佐々野くんたちにはやりがいのある仕事になるだけではなく、
大きな試練になるでしょう。そして恐らくは
大きな試練になるでしょう。そして恐らくは
…………。
…………。
……。
……。
昼になった。
昼になった。
午前中、ずっと仕事に集中し続けていた特務官たちも、
午前中、ずっと仕事に集中し続けていた特務官たちも、
さすがに昼食の時だけは足取りが軽い様子だ。
さすがに昼食の時だけは足取りが軽い様子だ。
軽く雑談をしながら、各々が食事に向かうようだった。
軽く雑談をしながら、各々が食事に向かうようだった。
まどか
まどか
島津くんも昼食に出て構わないわよ
島津くんも昼食に出て構わないわよ
秀隆
秀隆
昼ってどうすればいいんだ？
昼ってどうすればいいんだ？
まどか
まどか
建物の中に食堂があるから、そこで食べてもいいし、
建物の中に食堂があるから、そこで食べてもいいし、
何か簡単なモノを買って適当な場所で食べても大丈夫よ
何か簡単なモノを買って適当な場所で食べても大丈夫よ
まどか
まどか
あ、でもこう言う仕事場での食事は禁止だから。
あ、でもこう言う仕事場での食事は禁止だから。
室内に食べ物の匂いが残るのは、問題があるしね
室内に食べ物の匂いが残るのは、問題があるしね
秀隆
秀隆
なるほど
なるほど
まどか
まどか
もしお弁当を持参するようなら、
もしお弁当を持参するようなら、
それも廊下の休憩所や、外のベンチで食べてもらうことになるかしら
それも廊下の休憩所や、外のベンチで食べてもらうことになるかしら
秀隆
秀隆
まどかは普段どうしてるんだ？
まどかは普段どうしてるんだ？
まどか
まどか
私は食堂が多いわね。でも今日はお昼返上で仕事をするつもり
私は食堂が多いわね。でも今日はお昼返上で仕事をするつもり
秀隆
秀隆
大変なんだな
大変なんだな
まどか
まどか
仕事はどれも大変でしょ？
仕事はどれも大変でしょ？
秀隆
秀隆
だな……じゃあ、遠慮なく食べに行かせて貰うよ
だな……じゃあ、遠慮なく食べに行かせて貰うよ
まどか
まどか
そうして
そうして
食堂に足を運んだオレだったが、その入り口で足が止まる。
食堂に足を運んだオレだったが、その入り口で足が止まる。
秀隆
秀隆
うわ……
うわ……
そう漏らさずには入られない。
そう漏らさずには入られない。
広々とした食堂、そこには大勢の社員たちがごった返していた。
広々とした食堂、そこには大勢の社員たちがごった返していた。
それぞれが仲の良い友人同士、
それぞれが仲の良い友人同士、
あるいは上司部下の関係なのかもしれないが、
あるいは上司部下の関係なのかもしれないが、
とにかく輪、輪、輪というものが形成されている。
とにかく輪、輪、輪というものが形成されている。
オレの存在に気付いた１人、また１人が、視線を向けてくる。
オレの存在に気付いた１人、また１人が、視線を向けてくる。
秀隆
秀隆
ここでは食べにくいな……
ここでは食べにくいな……
何か適当なメニューでもつまもうと思っていたが、
何か適当なメニューでもつまもうと思っていたが、
オレはそそくさと退散することにした。
オレはそそくさと退散することにした。
それほどおなかの空いていなかったオレは、
それほどおなかの空いていなかったオレは、
仕方なく空でも見上げながら昼を静かに過ごした。
仕方なく空でも見上げながら昼を静かに過ごした。
se5時のチャイムL
se5時のチャイムL
秀隆
秀隆
おっ
おっ
５時のチャイムが鳴る。
５時のチャイムが鳴る。
秀隆
秀隆
今日の仕事は終わりか
今日の仕事は終わりか
そっと席を立つと、他の仲間たちは、まだ全員作業していた。
そっと席を立つと、他の仲間たちは、まだ全員作業していた。
秀隆
秀隆
……あれ？
……あれ？
帰りの支度をしている様子はない。
帰りの支度をしている様子はない。
チャイムが聞こえていないってことは、ないと思うんだけど。
チャイムが聞こえていないってことは、ないと思うんだけど。
まどか
まどか
お疲れ様。今日は上がっていいわよ
お疲れ様。今日は上がっていいわよ
秀隆
秀隆
いや、あの、他の皆は？
いや、あの、他の皆は？
まどか
まどか
私たちは、もう少し仕事の資料作成をするから
私たちは、もう少し仕事の資料作成をするから
秀隆
秀隆
じゃあオレも……
じゃあオレも……
まどか
まどか
今のあなたが残っても、多分時間の無駄になる
今のあなたが残っても、多分時間の無駄になる
秀隆
秀隆
……大人しく帰れ、ってことね
……大人しく帰れ、ってことね
まどか
まどか
そう言うこと。これ持って帰って
そう言うこと。これ持って帰って
まどかからメモリを受け取る。
まどかからメモリを受け取る。
秀隆
秀隆
資料か？
資料か？
まどか
まどか
だけじゃなく就業規則も
だけじゃなく就業規則も
秀隆
秀隆
なるほど……
なるほど……
まどか
まどか
有休の申請方法から、辞める時の手順まで書かれてあるから
有休の申請方法から、辞める時の手順まで書かれてあるから
秀隆
秀隆
後者は、出来れば読みたくはない部分だな……
後者は、出来れば読みたくはない部分だな……
まどか
まどか
それじゃあ、さようなら
それじゃあ、さようなら
秀隆
秀隆
おう
おう
se特務室の扉開閉音
se特務室の扉開閉音
秀隆
秀隆
なんだか、仲間には入れて貰えてない、って感じだなぁ
なんだか、仲間には入れて貰えてない、って感じだなぁ
唐沢さんの言う通り、オレを歓迎する空気はないのだろう。
唐沢さんの言う通り、オレを歓迎する空気はないのだろう。
例え孤立するとしても、
例え孤立するとしても、
やると決めた以上やるしかないわけだが。
やると決めた以上やるしかないわけだが。
なんだか、すぐ帰るって気分でもなくなった。
なんだか、すぐ帰るって気分でもなくなった。
オレは少し、ぶらぶらして帰ることにした。
オレは少し、ぶらぶらして帰ることにした。
秀隆
秀隆
可愛い子、やっぱり多いよなぁ
可愛い子、やっぱり多いよなぁ
何気ない暇つぶしにはここが一番だな。
何気ない暇つぶしにはここが一番だな。
若い女の子が沢山、あちこちを行き交っている。
若い女の子が沢山、あちこちを行き交っている。
秀隆
秀隆
ナンパ出来るほど器用だったら、女の子に苦労しないんだけど
ナンパ出来るほど器用だったら、女の子に苦労しないんだけど
残念ながら、オレにはそんな勇気はない。
残念ながら、オレにはそんな勇気はない。
精々影からストーカーよろしく見つめるのが精一杯。
精々影からストーカーよろしく見つめるのが精一杯。
秀隆
秀隆
あれは……
あれは……
ふと、見覚えのある背中を見つけた。
ふと、見覚えのある背中を見つけた。
学園からの帰りなのだろうか。
学園からの帰りなのだろうか。
オレは声をかけることにした。
オレは声をかけることにした。
秀隆
秀隆
よう片桐。おまえとは良く会うよ、な……
よう片桐。おまえとは良く会うよ、な……
前に回りこみ声をかけたところで、オレの動きがぴたりと止まった。
前に回りこみ声をかけたところで、オレの動きがぴたりと止まった。
愛佳
愛佳
せ、先生……やだっ
せ、先生……やだっ
慌ててごしごしと腕で目元を拭う。
慌ててごしごしと腕で目元を拭う。
秀隆
秀隆
おまえ、今泣いてたのか……？
おまえ、今泣いてたのか……？
愛佳
愛佳
やだな。なんであたしが泣くの？　ちょっと、目がかゆかっただけ
やだな。なんであたしが泣くの？　ちょっと、目がかゆかっただけ
そう言うが、その表情にはいつもの明るさがない。
そう言うが、その表情にはいつもの明るさがない。
秀隆
秀隆
なんかあったか？　その傷もどうした
なんかあったか？　その傷もどうした
そう聞かずにはいられなかった。
そう聞かずにはいられなかった。
何故なら、片桐の手に沢山の絆創膏が貼られていたからだ。
何故なら、片桐の手に沢山の絆創膏が貼られていたからだ。
愛佳
愛佳
これは、ちょっと転んだの
これは、ちょっと転んだの
秀隆
秀隆
転んだって……そう言う傷には見えないぞ
転んだって……そう言う傷には見えないぞ
愛佳
愛佳
何にもないってば。先生こそ、いきなり学園辞めちゃって、
何にもないってば。先生こそ、いきなり学園辞めちゃって、
驚いたし
驚いたし
そういや、オレが学園を去る日、片桐は休んでいた気がする。
そういや、オレが学園を去る日、片桐は休んでいた気がする。
愛佳
愛佳
先生、クビにされちゃったわけ？
先生、クビにされちゃったわけ？
秀隆
秀隆
いや、そう言うわけじゃないよ。スーツきてるだろ？
いや、そう言うわけじゃないよ。スーツきてるだろ？
愛佳
愛佳
そういえば、随分とパリッとしてるけど……
そういえば、随分とパリッとしてるけど……
se着信（共通
se着信（共通
電話が鳴る音。
電話が鳴る音。
片桐の携帯だった。
片桐の携帯だった。
愛佳
愛佳
あ、ごめん。……あたしこれから彼氏と待ち合わせあるから
あ、ごめん。……あたしこれから彼氏と待ち合わせあるから
秀隆
秀隆
そうか。悪いな呼び止めて
そうか。悪いな呼び止めて
愛佳
愛佳
ううん。じゃあ、先生またね
ううん。じゃあ、先生またね
秀隆
秀隆
おう……
おう……
泣いていた理由は、結局話してくれなかった。
泣いていた理由は、結局話してくれなかった。
気がかりではあったが、
気がかりではあったが、
オレは片桐の背中を見送ることにした。
オレは片桐の背中を見送ることにした。
秀隆
秀隆
ただいま、っとくりゃ
ただいま、っとくりゃ
家に入ると、パタパタとスリッパの音が聞こえた。
家に入ると、パタパタとスリッパの音が聞こえた。
アクセラ
アクセラ
お帰りなさいませ。お鞄、お預かりしますね
お帰りなさいませ。お鞄、お預かりしますね
秀隆
秀隆
お、おう
お、おう
アクセラ
アクセラ
お食事になさいますか？　それとも、お風呂になさいますか？
お食事になさいますか？　それとも、お風呂になさいますか？
アクセラ
アクセラ
もしお疲れのようでしたら、肩をお揉み致しますが
もしお疲れのようでしたら、肩をお揉み致しますが
秀隆
秀隆
な、なんかいつもより優しくないか？
な、なんかいつもより優しくないか？
アクセラ
アクセラ
転職して、高給取りになられましたからね。
転職して、高給取りになられましたからね。
秀隆さまは一家の大黒柱ですから
秀隆さまは一家の大黒柱ですから
秀隆
秀隆
そ、そうか？　なんか悪いな
そ、そうか？　なんか悪いな
アクセラ
アクセラ
もちろんクビなられれば、今までの態度に逆戻りです
もちろんクビなられれば、今までの態度に逆戻りです
秀隆
秀隆
いやだな、そんな現金なアンドロイド……
いやだな、そんな現金なアンドロイド……
恐々としながら鞄を渡す。
恐々としながら鞄を渡す。
つか、今までは大黒柱的な扱いはしてもらえてなかったのか。
つか、今までは大黒柱的な扱いはしてもらえてなかったのか。
アクセラ
アクセラ
ところで、お給料日は変わらず月末でしょうか？
ところで、お給料日は変わらず月末でしょうか？
秀隆
秀隆
そうだけど……
そうだけど……
アクセラ
アクセラ
では、忘れずにご報告してくださいね。
では、忘れずにご報告してくださいね。
万一中抜きなんてしようとしたら……分かりますね？
万一中抜きなんてしようとしたら……分かりますね？
秀隆
秀隆
分かりたくないけど分かります……
分かりたくないけど分かります……
恐ろしいアンドロイドだよ、ほんと。
恐ろしいアンドロイドだよ、ほんと。
秋
秋
お帰りなさい。クビになりませんでしたか
お帰りなさい。クビになりませんでしたか
秀隆
秀隆
おまえもそう言うか……
おまえもそう言うか……
うちの女どもは、オレに対する扱いが酷すぎる。
うちの女どもは、オレに対する扱いが酷すぎる。
秀隆
秀隆
初日でクビきられるわけには行かないだろ
初日でクビきられるわけには行かないだろ
秋
秋
アクセラが心配してましたよ。無職になったらどうしようって
アクセラが心配してましたよ。無職になったらどうしようって
アクセラ
アクセラ
杞憂に終わってよかったです
杞憂に終わってよかったです
秀隆
秀隆
……ほんとにな
……ほんとにな
オレがクビになったりしたら、家に入れてもらえないかも……。
オレがクビになったりしたら、家に入れてもらえないかも……。
秀隆
秀隆
あぁそうだ、秋。おまえって、片桐と仲良く、はないよな？
あぁそうだ、秋。おまえって、片桐と仲良く、はないよな？
秋
秋
片桐……愛佳さん？
片桐……愛佳さん？
秀隆
秀隆
ああ
ああ
秋
秋
そうですね……殆ど話したことありません。
そうですね……殆ど話したことありません。
それに、今日みたいに学園を休むことも多いので、
それに、今日みたいに学園を休むことも多いので、
会う機会も少ないです
会う機会も少ないです
秀隆
秀隆
え？　あいつ、今日学園休んでたのか？
え？　あいつ、今日学園休んでたのか？
秋
秋
先週からずっとです
先週からずっとです
秀隆
秀隆
…………
…………
確か、さっき会った時は制服着てたよな？
確か、さっき会った時は制服着てたよな？
何か……引っかかる。
何か……引っかかる。
ただのサボりなら、普通家から出ないか、
ただのサボりなら、普通家から出ないか、
あるいは外出するにしても制服は着ないだろう。
あるいは外出するにしても制服は着ないだろう。
単純に親の前では学園に行くフリをしているからなのか？
単純に親の前では学園に行くフリをしているからなのか？
泣いていた、あの姿も気にかかる。
泣いていた、あの姿も気にかかる。
秋
秋
それがどうかしましたか？
それがどうかしましたか？
秀隆
秀隆
なんでもない。ちょっと気になっただけだ
なんでもない。ちょっと気になっただけだ
アクセラ
アクセラ
その方は巨乳なのですか？
その方は巨乳なのですか？
秀隆
秀隆
どうしてそうなるんだ、えぇっ？
どうしてそうなるんだ、えぇっ？
アクセラ
アクセラ
いえ、何となく言ってみただけです。お気になさらず
いえ、何となく言ってみただけです。お気になさらず
秀隆
秀隆
く……
く……
秋
秋
何をするのも勝手だけど……犯罪だけはやめてください
何をするのも勝手だけど……犯罪だけはやめてください
秀隆
秀隆
わかってるっての！
わかってるっての！
秀隆
秀隆
ふわ……眠い
ふわ……眠い
ぐっと背伸びをする。
ぐっと背伸びをする。
時刻を見ると、既に日付が変わってしまっていた。
時刻を見ると、既に日付が変わってしまっていた。
秀隆
秀隆
トウモロコシを使った製造法のひとつで……
トウモロコシを使った製造法のひとつで……
秀隆
秀隆
従来の栽培方法ではなし得なかった……
従来の栽培方法ではなし得なかった……
秀隆
秀隆
…………
…………
ダメだ、眠気が先行して、頭に入ってこない。
ダメだ、眠気が先行して、頭に入ってこない。
秀隆
秀隆
はぁ……しかし、ほろ苦いデビュー戦になっちゃったな
はぁ……しかし、ほろ苦いデビュー戦になっちゃったな
明日からオレのあだ名はウンコマン……
明日からオレのあだ名はウンコマン……
ではないにしろ『日陰の蛆虫野郎』とかかも知れない。
ではないにしろ『日陰の蛆虫野郎』とかかも知れない。
秀隆
秀隆
ふぅ……なんだか、考えるだけで出社拒否したくなっちゃうぜ
ふぅ……なんだか、考えるだけで出社拒否したくなっちゃうぜ
いかんいかんと頭を振る。
いかんいかんと頭を振る。
秀隆
秀隆
がんばるって決めたばっかりだろ……
がんばるって決めたばっかりだろ……
とにかく、今やれるだけのことをやるしかない
とにかく、今やれるだけのことをやるしかない
改めて資料に目を通す。
改めて資料に目を通す。
秀隆
秀隆
従業員数……資本金……それから……
従業員数……資本金……それから……
秀隆
秀隆
あぁそうだ、こっちの書類も目を通さないと……
あぁそうだ、こっちの書類も目を通さないと……
秀隆
秀隆
片桐社長の生年月日は……
片桐社長の生年月日は……
秀隆
秀隆
…………
…………
se物を壊す (1
se物を壊す (1
オレは机の周りに置かれてあった、時計やら小物を全てはたき落とした。
オレは机の周りに置かれてあった、時計やら小物を全てはたき落とした。
秀隆
秀隆
…………
…………
秀隆
秀隆
……何やってんだよ、オレは……
……何やってんだよ、オレは……
何故、こんな惨めな思いをしなければならないのか……。
何故、こんな惨めな思いをしなければならないのか……。
秀隆
秀隆
…………
…………
かーっと熱くなった身体が、一瞬で引いていく。
かーっと熱くなった身体が、一瞬で引いていく。
そして、周りの散乱状況を見てため息が出た。
そして、周りの散乱状況を見てため息が出た。
秀隆
秀隆
……あぁ、もう……コーヒーカップ割れちった
……あぁ、もう……コーヒーカップ割れちった
秀隆
秀隆
ほんと、何やってんだろうなぁ……
ほんと、何やってんだろうなぁ……
泣きたくなっちゃうよ。
泣きたくなっちゃうよ。
オレは夜通し、文句を言いながらも資料データを学び続けた。
オレは夜通し、文句を言いながらも資料データを学び続けた。
…………。
…………。
……。
……。
