凛
凛
だぁかぁらぁあああああ、なんであたしん家なわけよ！？
だぁかぁらぁあああああ、なんであたしん家なわけよ！？
秀隆
秀隆
ここって意外と落ち着くよな。くつろげるぜ
ここって意外と落ち着くよな。くつろげるぜ
希望
希望
うんうん、高級マンションだから痒いところにも手が届くしね
うんうん、高級マンションだから痒いところにも手が届くしね
凛
凛
あたしのくつろぎを勝手に共有すな！
あたしのくつろぎを勝手に共有すな！
今日も今日とて、凛は最初からカリカリしている。
今日も今日とて、凛は最初からカリカリしている。
秀隆
秀隆
何でそんなにカリカリしてるんだよ。気にするなよな
何でそんなにカリカリしてるんだよ。気にするなよな
秀隆
秀隆
ほら、コーヒーでも飲んで落ち着け
ほら、コーヒーでも飲んで落ち着け
凛
凛
あ、ありがと。……ズズっ。はぁ、おいし……
あ、ありがと。……ズズっ。はぁ、おいし……
って、気にするわ！　何で出してもいないコーヒーが出てるの？！
って、気にするわ！　何で出してもいないコーヒーが出てるの？！
秀隆
秀隆
淹れてきた
淹れてきた
凛
凛
強引にあがりこんだ挙句、勝手にコーヒーまで……しかも微妙に淹れ方上手いし
強引にあがりこんだ挙句、勝手にコーヒーまで……しかも微妙に淹れ方上手いし
秀隆
秀隆
コーヒーには口うるさい男だからな
コーヒーには口うるさい男だからな
秀隆
秀隆
つかお前の家すげぇな。あのコーヒーメーカー業者用だろ。くそぅ
つかお前の家すげぇな。あのコーヒーメーカー業者用だろ。くそぅ
杉村先生のところにあるのより上かも知れない。
杉村先生のところにあるのより上かも知れない。
凛
凛
いい？　あたしは連日連夜仕事で疲れてるの休みたいの寝たいの分かる？
いい？　あたしは連日連夜仕事で疲れてるの休みたいの寝たいの分かる？
秀隆
秀隆
部屋で寝てればいいじゃないか
部屋で寝てればいいじゃないか
希望
希望
私たちはここでお喋りしてるから気にしないでいいよ
私たちはここでお喋りしてるから気にしないでいいよ
凛
凛
そう言う問題じゃないだろうがっ
そう言う問題じゃないだろうがっ
秀隆
秀隆
おいおい、カリカリしてるからって蹴るなよ。ズズッ、あー美味い
おいおい、カリカリしてるからって蹴るなよ。ズズッ、あー美味い
凛
凛
随分図太くなったわねあんたも……
随分図太くなったわねあんたも……
凛
凛
つか、希望はいいとしても、特務官って暇な仕事なの？　毎日毎日
つか、希望はいいとしても、特務官って暇な仕事なの？　毎日毎日
秀隆
秀隆
これでも懸命に働いてるんだぞ？
これでも懸命に働いてるんだぞ？
今日も今日とて、大河内代表の偵察や、ドリームタウンの情報収集してるし
今日も今日とて、大河内代表の偵察や、ドリームタウンの情報収集してるし
凛
凛
とても懸命に働いているようには見えない……
とても懸命に働いているようには見えない……
希望
希望
秀隆くん今は人を探しているらしいの
秀隆くん今は人を探しているらしいの
凛
凛
人ぉ？　そんなもの、すぐ見つかるでしょ。
人ぉ？　そんなもの、すぐ見つかるでしょ。
たんたかコンピュータ叩いて調べればいいじゃない
たんたかコンピュータ叩いて調べればいいじゃない
たんたかて……。
たんたかて……。
秀隆
秀隆
それが、そうもいかないんだ。正直難しい
それが、そうもいかないんだ。正直難しい
オレの真剣な顔つきに、凛も少し冷静になったようだった。
オレの真剣な顔つきに、凛も少し冷静になったようだった。
凛
凛
どういうこと？　普通しっかり管理されてるわよね？
どういうこと？　普通しっかり管理されてるわよね？
秀隆
秀隆
ああ。特務官は街の人の生活をしっかり管理してる。
ああ。特務官は街の人の生活をしっかり管理してる。
その気になればどんな人間の住居だって調べられるのが普通だ
その気になればどんな人間の住居だって調べられるのが普通だ
凛
凛
だったらどうして難しいのよ
だったらどうして難しいのよ
希望
希望
それが、失踪しちゃった人なんだって
それが、失踪しちゃった人なんだって
凛
凛
失踪って……何か危ないことやらかしたわけ？
失踪って……何か危ないことやらかしたわけ？
秀隆
秀隆
それは何とも。松下吉平って画家だ。ま、凛は知らないだろうけど
それは何とも。松下吉平って画家だ。ま、凛は知らないだろうけど
ところが、予想に反して凛は素直に頷くと、口を開いて言った。
ところが、予想に反して凛は素直に頷くと、口を開いて言った。
凛
凛
ああ、あの地上の絵を描く人か
ああ、あの地上の絵を描く人か
秀隆
秀隆
そうそ……
そうそ……
なんで知ってんだよ
なんで知ってんだよ
凛
凛
前に一度、テレビで共演したことあるし。２年くらい前かな
前に一度、テレビで共演したことあるし。２年くらい前かな
秀隆
秀隆
マジか……
マジか……
こんなところに手がかりらしきものが転がっているとは。
こんなところに手がかりらしきものが転がっているとは。
秀隆
秀隆
持つべきものは友だな
持つべきものは友だな
凛
凛
でもそっか、あの人失踪したんだ。不思議じゃぁないかもね
でもそっか、あの人失踪したんだ。不思議じゃぁないかもね
秀隆
秀隆
２年前って言うと、具体的にいつ頃だ？
２年前って言うと、具体的にいつ頃だ？
凛
凛
ほんと、今からちょうど２年、になるんじゃないかな？
ほんと、今からちょうど２年、になるんじゃないかな？
秀隆
秀隆
だとしたら失踪する直前に会ったわけか……話はしたのか？
だとしたら失踪する直前に会ったわけか……話はしたのか？
秀隆
秀隆
その時の様子を、少しでも覚えているなら教えてほしい
その時の様子を、少しでも覚えているなら教えてほしい
凛
凛
特別は何もなかったわよ。いたって普通のおじさんって感じ
特別は何もなかったわよ。いたって普通のおじさんって感じ
希望
希望
テレビに出るほど有名だったんだ。その人
テレビに出るほど有名だったんだ。その人
凛
凛
どうかな。深夜枠の小さな番組だったから。
どうかな。深夜枠の小さな番組だったから。
ちょこっと有名なら出られる程度のものよ
ちょこっと有名なら出られる程度のものよ
ドリームタウンのテレビまでは、調べられていなかった。
ドリームタウンのテレビまでは、調べられていなかった。
失踪直前の本人を見れば、捜索の際にも役に立つだろう。
失踪直前の本人を見れば、捜索の際にも役に立つだろう。
秀隆
秀隆
でもドリームタウンのテレビか……調べられるかな……
でもドリームタウンのテレビか……調べられるかな……
テレビ局に掛け合ったところで、相手にして貰える保障はない。
テレビ局に掛け合ったところで、相手にして貰える保障はない。
凛
凛
もしかして、その時の放送がみたいの？　だったら家にあるわよ
もしかして、その時の放送がみたいの？　だったら家にあるわよ
秀隆
秀隆
ある？
ある？
凛
凛
あたし、自分が出演したテレビは全部データで貰ってるから
あたし、自分が出演したテレビは全部データで貰ってるから
そう言い、立ち上がるとパソコンを操作し始めた。
そう言い、立ち上がるとパソコンを操作し始めた。
オレはコーヒーカップを持って、その凛の後ろへ回る。
オレはコーヒーカップを持って、その凛の後ろへ回る。
希望も興味があるのか、オレの隣にやってきた。
希望も興味があるのか、オレの隣にやってきた。
凛
凛
えっと、確か……
えっと、確か……
フォルダを幾つか開き、やがて１つのファイルに行き着いた。
フォルダを幾つか開き、やがて１つのファイルに行き着いた。
凛
凛
これね
これね
そう言い、動画の再生を始める。
そう言い、動画の再生を始める。
シンプルなつくりっぽく、深夜番組の小さな枠って感じがすぐ伝わってきた。
シンプルなつくりっぽく、深夜番組の小さな枠って感じがすぐ伝わってきた。
司会者の一人として、凛が登場する。
司会者の一人として、凛が登場する。
その姿を確認するなり、凛が飛び跳ねた。
その姿を確認するなり、凛が飛び跳ねた。
凛
凛
うわっ、昔のあたしも可愛い！
うわっ、昔のあたしも可愛い！
秀隆
秀隆
自分で言うなっての
自分で言うなっての
凛
凛
なによ、可愛くないとでも？
なによ、可愛くないとでも？
モニターで元気に喋っている２年前の凛。
モニターで元気に喋っている２年前の凛。
ほんの２年前なのに、どこかあどけなさの残る少女は、
ほんの２年前なのに、どこかあどけなさの残る少女は、
正直言って、すさまじく可愛い。
正直言って、すさまじく可愛い。
秀隆
秀隆
女の子って２年で成長するんだな……
女の子って２年で成長するんだな……
凛
凛
見とれちゃうでしょ
見とれちゃうでしょ
秀隆
秀隆
ふ、ふん。凛なんかに見とれないっての
ふ、ふん。凛なんかに見とれないっての
希望
希望
秀隆くん、画面の凛ちゃんばっかりみてるね
秀隆くん、画面の凛ちゃんばっかりみてるね
秀隆
秀隆
みみみ、見てません！
みみみ、見てません！
凛
凛
無理ないって。でも、やっぱり本物が一番でしょ？
無理ないって。でも、やっぱり本物が一番でしょ？
秀隆
秀隆
まぁ……
まぁ……
外見や体形も然ることながら、香りもまた……。
外見や体形も然ることながら、香りもまた……。
希望
希望
鼻の下、伸びてるよ？
鼻の下、伸びてるよ？
秀隆
秀隆
ののの、伸びてません！
ののの、伸びてません！
凛
凛
めちゃめちゃ伸びてるじゃないの……。
めちゃめちゃ伸びてるじゃないの……。
あ、この人。この人が松下って人
あ、この人。この人が松下って人
ゲストとして紹介されたのは、ごく普通のおじさんだった。
ゲストとして紹介されたのは、ごく普通のおじさんだった。
やや髪が薄くて額が広いこと以外にこれと言って特徴はない。
やや髪が薄くて額が広いこと以外にこれと言って特徴はない。
司会者や凛に話しかけられ、たどたどしく自己紹介している。
司会者や凛に話しかけられ、たどたどしく自己紹介している。
希望
希望
この人、今どこにいるんだろうね？
この人、今どこにいるんだろうね？
こっそりホープタウンに紛れ込んでるとか？
こっそりホープタウンに紛れ込んでるとか？
秀隆
秀隆
それはないな。街と街の行き来はステーションを利用するしかない。でも、そのステーションの監視を掻い潜れるとは考えにくい
それはないな。街と街の行き来はステーションを利用するしかない。でも、そのステーションの監視を掻い潜れるとは考えにくい
秀隆
秀隆
それに、何をするにもＩＤカードが必要な
それに、何をするにもＩＤカードが必要な
ホープタウンで、ひっそりと生活するのは至難だろう
ホープタウンで、ひっそりと生活するのは至難だろう
秀隆
秀隆
ドリームタウンは、そう言うところ結構甘いしな
ドリームタウンは、そう言うところ結構甘いしな
凛
凛
甘いって言うか、ホープタウンが厳しすぎるのよ
甘いって言うか、ホープタウンが厳しすぎるのよ
希望
希望
そうだね。私たちからすると、今の生活が普通だし
そうだね。私たちからすると、今の生活が普通だし
秀隆
秀隆
ドリームタウンは、物を買うのにも身分証明はいらないんだろ？
ドリームタウンは、物を買うのにも身分証明はいらないんだろ？
凛
凛
携帯なんかの一部を除いてね
携帯なんかの一部を除いてね
秀隆
秀隆
なら、一応隠れて生活することは出来るわけだ
なら、一応隠れて生活することは出来るわけだ
画面では、自分の絵を紹介する時間となり、
画面では、自分の絵を紹介する時間となり、
松下さんが描いたと思われる絵を見せている。
松下さんが描いたと思われる絵を見せている。
その見たことない情景に、オレの心が打たれることはなかったが、
その見たことない情景に、オレの心が打たれることはなかったが、
見る人が見れば、ため息を漏らすレベルなのだろうか。
見る人が見れば、ため息を漏らすレベルなのだろうか。
何を描いているかは理解できないものの、
何を描いているかは理解できないものの、
何かを感じると言えば、感じるかも知れない。
何かを感じると言えば、感じるかも知れない。
凛
凛
不謹慎な話だけど、もう死んでるってこともあるんじゃない？
不謹慎な話だけど、もう死んでるってこともあるんじゃない？
希望
希望
うわ、本当に不謹慎だね……
うわ、本当に不謹慎だね……
秀隆
秀隆
それは多分ない。ここ２年間の死亡リストは確認してる
それは多分ない。ここ２年間の死亡リストは確認してる
凛
凛
こう言っちゃなんだけど、発見されないケースも結構あるみたいよ？
こう言っちゃなんだけど、発見されないケースも結構あるみたいよ？
希望
希望
そうだね。年間の行方不明者も結構いるから
そうだね。年間の行方不明者も結構いるから
秀隆
秀隆
ドリームタウンは総じて怖いところってことだな
ドリームタウンは総じて怖いところってことだな
凛
凛
それでも、あたしは住むならドリームタウンだけどね。
それでも、あたしは住むならドリームタウンだけどね。
管理されて平等化された社会って、ちょっと退屈じゃない？
管理されて平等化された社会って、ちょっと退屈じゃない？
秀隆
秀隆
平等だけど、実力次第で上にはあがっていけるぞ
平等だけど、実力次第で上にはあがっていけるぞ
凛
凛
でも、年収調整とかされるんじゃないの？
でも、年収調整とかされるんじゃないの？
秀隆
秀隆
そりゃまぁ、本当に高所得者ならな
そりゃまぁ、本当に高所得者ならな
凛
凛
あたしは嫌ね
あたしは嫌ね
今まで、凛はいったいどれくらい稼いだのか。
今まで、凛はいったいどれくらい稼いだのか。
そしてこれからどれくらい稼いでいくのか。
そしてこれからどれくらい稼いでいくのか。
聞いたら立ち直れないから聞かないけど。
聞いたら立ち直れないから聞かないけど。
秀隆
秀隆
もし死んでるなら、オレの作戦は振り出しになるな……
もし死んでるなら、オレの作戦は振り出しになるな……
秀隆
秀隆
なあ、この人が映ったところ、キャプチャーして貰ってもいいか？
なあ、この人が映ったところ、キャプチャーして貰ってもいいか？
凛
凛
ええいいわよ。勝手にどぞ
ええいいわよ。勝手にどぞ
オレは後ろから手を伸ばし、端末を操作する。
オレは後ろから手を伸ばし、端末を操作する。
秀隆
秀隆
えーっと、これをこうして、保存してと……
えーっと、これをこうして、保存してと……
凛
凛
ちょっと、なんであたしのところを保存しようとしてるわけ？
ちょっと、なんであたしのところを保存しようとしてるわけ？
秀隆
秀隆
おっとっと失礼。うっかりミスった。他意はないぞ
おっとっと失礼。うっかりミスった。他意はないぞ
希望
希望
前かがみになって胸の谷間が見えた瞬間のキャプチャーだね
前かがみになって胸の谷間が見えた瞬間のキャプチャーだね
凛
凛
めちゃめちゃ他意あるじゃない……
めちゃめちゃ他意あるじゃない……
操作を凛に奪われる。
操作を凛に奪われる。
希望
希望
凄く残念そうな顔してるよ？　秀隆くん
凄く残念そうな顔してるよ？　秀隆くん
秀隆
秀隆
そ、そんな顔した覚えはないっ
そ、そんな顔した覚えはないっ
凛
凛
あーはいはい。あとであたしの写真集上げるから。谷間ぱっくりだから
あーはいはい。あとであたしの写真集上げるから。谷間ぱっくりだから
秀隆
秀隆
約束だぞ？
約束だぞ？
凛
凛
……やっぱりやめた
……やっぱりやめた
秀隆
秀隆
なんでだよ！？
なんでだよ！？
凛
凛
どうせ夜のオカズに使うんでしょ？
どうせ夜のオカズに使うんでしょ？
秀隆
秀隆
それ以外に何の使い道があるってんだ。ええおいっ
それ以外に何の使い道があるってんだ。ええおいっ
凛
凛
うわ、開き直られた
うわ、開き直られた
希望
希望
…………
…………
希望は苦笑いを浮かべ、ちょっと顔を赤らめた後視線を逸らした。
希望は苦笑いを浮かべ、ちょっと顔を赤らめた後視線を逸らした。
オレは凛から、松下さんの画像を貰う。
オレは凛から、松下さんの画像を貰う。
秀隆
秀隆
やっぱり持つべきは仲間だな。貴重な手がかりが手に入った
やっぱり持つべきは仲間だな。貴重な手がかりが手に入った
凛
凛
感謝の気持ちがあるなら、お礼して貰いたいもんだけどね
感謝の気持ちがあるなら、お礼して貰いたいもんだけどね
秀隆
秀隆
では、肩でもお揉みしましょうか？
では、肩でもお揉みしましょうか？
凛
凛
結構よ。どこ揉まれるか分かったもんじゃないし
結構よ。どこ揉まれるか分かったもんじゃないし
秀隆
秀隆
信用ないなあ
信用ないなあ
凛
凛
日頃の行いから、信用得られてると思ってたの……？
日頃の行いから、信用得られてると思ってたの……？
秀隆
秀隆
うっかり手が滑っておっぱいを揉むくらいだって
うっかり手が滑っておっぱいを揉むくらいだって
凛
凛
それがうっかりなら警察は必要ないわね
それがうっかりなら警察は必要ないわね
まどかといい凛といい、ちょっとはオレを信用して欲しいもんだ。
まどかといい凛といい、ちょっとはオレを信用して欲しいもんだ。
秀隆
秀隆
んっ？
んっ？
閉じようとしていた画面のフォルダ、
閉じようとしていた画面のフォルダ、
その中にある１つのファイルにオレは着目した。
その中にある１つのファイルにオレは着目した。
秀隆
秀隆
なあ、こっちの動画ファイルも見せてくれないか？
なあ、こっちの動画ファイルも見せてくれないか？
凛
凛
え、もしかしてまだ何かあった？
え、もしかしてまだ何かあった？
オレが指差したファイルの名前は『アイドル水着大集合』。
オレが指差したファイルの名前は『アイドル水着大集合』。
凛
凛
……一応聞いてあげるけど、目的は？
……一応聞いてあげるけど、目的は？
秀隆
秀隆
そりゃ、アイドルの水着が見たいからに決まってるだろ
そりゃ、アイドルの水着が見たいからに決まってるだろ
凛
凛
却下
却下
秀隆
秀隆
ケチっ！
ケチっ！
それから、嫌がる凛を他所に、オレは希望と居座り続けていた。
それから、嫌がる凛を他所に、オレは希望と居座り続けていた。
秀隆
秀隆
そろそろ７時か
そろそろ７時か
凛
凛
やっと帰ってくれるわけ？
やっと帰ってくれるわけ？
秀隆
秀隆
ああ。カジノに行って来る
ああ。カジノに行って来る
凛
凛
あーやっと一人になれる
あーやっと一人になれる
希望
希望
私は残るよ？
私は残るよ？
凛
凛
…………
…………
どうやら、凛の休まるときはないらしい。
どうやら、凛の休まるときはないらしい。
さーてカジノに向かうとするか。
さーてカジノに向かうとするか。
秀隆
秀隆
ん！？
ん！？
前方、こちらに向かってくる飛び切りの美少女を発見した。
前方、こちらに向かってくる飛び切りの美少女を発見した。
オレは駆け足でその人の下へ。
オレは駆け足でその人の下へ。
秀隆
秀隆
恋さん！
恋さん！
恋
恋
あら、島津さん。こんばんは
あら、島津さん。こんばんは
仕事帰りだろうか、恋さんが丁寧に挨拶をしてくれた。
仕事帰りだろうか、恋さんが丁寧に挨拶をしてくれた。
秀隆
秀隆
あー癒されます
あー癒されます
恋
恋
癒される、ですか？
癒される、ですか？
秀隆
秀隆
こう、恋さんからは癒しのオーラが出てますよ
こう、恋さんからは癒しのオーラが出てますよ
恋
恋
よくわからないですねっ
よくわからないですねっ
秀隆
秀隆
ああ眩しい！
ああ眩しい！
こんな人に彼氏がいて、夜な夜な乱れているかと思うと、
こんな人に彼氏がいて、夜な夜な乱れているかと思うと、
オレは悲しみと興奮に包まれて（最低）。
オレは悲しみと興奮に包まれて（最低）。
恋
恋
最近よくお会いしますね
最近よくお会いしますね
秀隆
秀隆
ひょっとしたら運命かも知れませんね
ひょっとしたら運命かも知れませんね
恋
恋
運命、ですか……
運命、ですか……
秀隆
秀隆
はい
はい
恋
恋
……わ、私は別にあの人に運命なんて……
……わ、私は別にあの人に運命なんて……
あんな野蛮でエッチで自分勝手な人に運命なんて……っ
あんな野蛮でエッチで自分勝手な人に運命なんて……っ
秀隆
秀隆
え？
え？
恋
恋
あ、い、いえ。すみません、ちょっと急いでまして
あ、い、いえ。すみません、ちょっと急いでまして
秀隆
秀隆
そうなんですか。買い物か何かですか？
そうなんですか。買い物か何かですか？
恋
恋
人を探してます。それじゃあ
人を探してます。それじゃあ
秀隆
秀隆
手伝いましょう―――か、って行っちゃった
手伝いましょう―――か、って行っちゃった
秀隆
秀隆
恋さんと言い静乃さんと言い、すばらしい女性が多いなあ
恋さんと言い静乃さんと言い、すばらしい女性が多いなあ
まどか
まどか
島津くん
島津くん
秀隆
秀隆
ん？　あれ、まどかじゃないか。どうしてここに？
ん？　あれ、まどかじゃないか。どうしてここに？
磯部
磯部
俺もいるぜ
俺もいるぜ
秀隆
秀隆
なんだ、磯部もいるのか
なんだ、磯部もいるのか
磯部
磯部
嫌そうにすんな
嫌そうにすんな
秀隆
秀隆
じゃあ磯部は嬉しいのか？　オレに会えて
じゃあ磯部は嬉しいのか？　オレに会えて
磯部
磯部
嫌に決まってんだろうが
嫌に決まってんだろうが
秀隆
秀隆
じゃあ、別にオレが嫌がってもいいんじゃないの？
じゃあ、別にオレが嫌がってもいいんじゃないの？
磯部
磯部
そりゃ……
そりゃ……
秀隆
秀隆
それより、どうして二人ともドリームタウンに？
それより、どうして二人ともドリームタウンに？
磯部
磯部
折角Ｃランクの権限を貰ったんだ。
折角Ｃランクの権限を貰ったんだ。
色々と勉強しておこうってことになったんだよ
色々と勉強しておこうってことになったんだよ
秀隆
秀隆
そう言うことか
そう言うことか
まどか
まどか
あなたは朝からずっとドリームタウンに？
あなたは朝からずっとドリームタウンに？
秀隆
秀隆
ああ。色々と探りを入れてたんだ
ああ。色々と探りを入れてたんだ
磯部
磯部
サボってただけじゃねえだろうな？
サボってただけじゃねえだろうな？
秀隆
秀隆
まさか。これでもちゃんと調べてるんだぜ？
まさか。これでもちゃんと調べてるんだぜ？
磯部
磯部
だといいけどな
だといいけどな
秀隆
秀隆
折角合流できたことだし、一緒に回ろうぜ
折角合流できたことだし、一緒に回ろうぜ
まどか
まどか
ええ。それは別にいいけど
ええ。それは別にいいけど
磯部
磯部
けっ
けっ
うわ、露骨に嫌そうな顔をされた。
うわ、露骨に嫌そうな顔をされた。
そりゃオレが居ない方が、仕事つか、
そりゃオレが居ない方が、仕事つか、
デートみたいなこととしていいんだろうけど。
デートみたいなこととしていいんだろうけど。
秀隆
秀隆
くそ、なんかむかつくから寄生してやろっと
くそ、なんかむかつくから寄生してやろっと
ぴたっと磯部に張り付く。
ぴたっと磯部に張り付く。
磯部
磯部
気持ち悪ぃから近寄んな！
気持ち悪ぃから近寄んな！
秀隆
秀隆
じゃあまどかに寄り添うことにする
じゃあまどかに寄り添うことにする
まどか
まどか
ちょっとちょっと……
ちょっとちょっと……
磯部
磯部
やめろ
やめろ
磯部に腕をつかまれ、引き戻される。
磯部に腕をつかまれ、引き戻される。
秀隆
秀隆
なら、オレはどっちに寄り添えばいいんだよ
なら、オレはどっちに寄り添えばいいんだよ
磯部
磯部
どっちにも寄りそうな寄りそうな
どっちにも寄りそうな寄りそうな
まどか
まどか
ここは、いつもこんな風に賑やかなの？
ここは、いつもこんな風に賑やかなの？
秀隆
秀隆
いつも。それも２４時間な
いつも。それも２４時間な
磯部
磯部
ここ２４時間やってんのか……電気の無駄遣いだろ……
ここ２４時間やってんのか……電気の無駄遣いだろ……
秀隆
秀隆
夢は永遠ってことだろ。利益も膨大なものだし
夢は永遠ってことだろ。利益も膨大なものだし
まどか
まどか
何かを生産してるわけでもないのに……
何かを生産してるわけでもないのに……
秀隆
秀隆
金が金を生み出す、魔法の建物さ
金が金を生み出す、魔法の建物さ
街の人たちが稼いだお金を使い、カジノに金を落とす。
街の人たちが稼いだお金を使い、カジノに金を落とす。
そして、その金の半分を人々に返し、２割を維持費に。
そして、その金の半分を人々に返し、２割を維持費に。
残りの３割が純利益になると言う寸法だ。
残りの３割が純利益になると言う寸法だ。
秀隆
秀隆
オレたちも遊んでいくか？　一発あたれば大金持ち
オレたちも遊んでいくか？　一発あたれば大金持ち
まどか
まどか
バカ言わないの。いくら就業時間外でも、
バカ言わないの。いくら就業時間外でも、
私たちは特務官という肩書きで来ているのよ？
私たちは特務官という肩書きで来ているのよ？
磯部
磯部
それに金だけあったって、人生楽しめるわけでもないだろ
それに金だけあったって、人生楽しめるわけでもないだろ
秀隆
秀隆
そりゃ、まぁ……でもほしいものとかあるじゃん？
そりゃ、まぁ……でもほしいものとかあるじゃん？
磯部
磯部
ほしいもの？　なんだよ
ほしいもの？　なんだよ
秀隆
秀隆
調理マシンとか、最新型のコーヒーメーカーとか
調理マシンとか、最新型のコーヒーメーカーとか
磯部
磯部
そんなものどこの家にだってあるだろ。バカかおまえは
そんなものどこの家にだってあるだろ。バカかおまえは
まどか
まどか
磯部くん、どこの家にもないとは思うわ……
磯部くん、どこの家にもないとは思うわ……
磯部
磯部
え、そうなのか？
え、そうなのか？
秀隆
秀隆
もしかして、磯部って金持ち？
もしかして、磯部って金持ち？
磯部
磯部
普通だ
普通だ
まどか
まどか
一応言っておくけど、磯部くんは普通じゃないわよ
一応言っておくけど、磯部くんは普通じゃないわよ
磯部
磯部
そ、そうなのか？
そ、そうなのか？
まどか
まどか
一般家庭に車を持ってる人はいないでしょ？
一般家庭に車を持ってる人はいないでしょ？
秀隆
秀隆
げ。車なんて高級なもん持ってるのか！？
げ。車なんて高級なもん持ってるのか！？
磯部
磯部
高級と言うか、一応な。使う機会はそんなにないが
高級と言うか、一応な。使う機会はそんなにないが
秀隆
秀隆
この世間とズレたところを見ても、間違いなさそうだな……
この世間とズレたところを見ても、間違いなさそうだな……
そういや、磯部ってアンドロイドに精通してたっけ。
そういや、磯部ってアンドロイドに精通してたっけ。
今でこそ一般普及してきたけど、
今でこそ一般普及してきたけど、
一昔前は金持ちのステータスみたいなところもあったし。
一昔前は金持ちのステータスみたいなところもあったし。
秀隆
秀隆
磯部……オレ、もっとお前のことを知りたい
磯部……オレ、もっとお前のことを知りたい
まどか
まどか
いるわよね、お金があると分かった瞬間近づいてくる人
いるわよね、お金があると分かった瞬間近づいてくる人
磯部
磯部
俺は何も知りたくない。うせろ
俺は何も知りたくない。うせろ
秀隆
秀隆
ひ、ひでぇ
ひ、ひでぇ
まどか
まどか
雑談はこれくらいにして、行きましょうか
雑談はこれくらいにして、行きましょうか
磯部
磯部
そうだな。こいつに関わってると時間の浪費だ
そうだな。こいつに関わってると時間の浪費だ
秀隆
秀隆
散々な言われようだなぁ
散々な言われようだなぁ
オレは二人の後ろについていく感じで、移動する。
オレは二人の後ろについていく感じで、移動する。
磯部
磯部
ドリームタウンの銀行関係者も、よくカジノには出入りするんだよな
ドリームタウンの銀行関係者も、よくカジノには出入りするんだよな
秀隆
秀隆
みたいだな。このカジノには殆どの企業関係者がやってくるから
みたいだな。このカジノには殆どの企業関係者がやってくるから
磯部
磯部
おまえには聞いてない
おまえには聞いてない
秀隆
秀隆
う……
う……
まどか
まどか
遊びに来るのが目的と言うよりは、情報の共有でしょうね
遊びに来るのが目的と言うよりは、情報の共有でしょうね
まどか
まどか
どこか、集まりやすい場所とかはあったりするの？
どこか、集まりやすい場所とかはあったりするの？
磯部の無視オーラに対して、
磯部の無視オーラに対して、
優しいまどかはオレに声をかけてくれる。
優しいまどかはオレに声をかけてくれる。
秀隆
秀隆
視界に見えるフロアは１つだけじゃなくて、
視界に見えるフロアは１つだけじゃなくて、
見えない線で区切られていたりするんだ。
見えない線で区切られていたりするんだ。
Ａ～Ｃのように、ランクでその違いを見ることが出来る
Ａ～Ｃのように、ランクでその違いを見ることが出来る
秀隆
秀隆
ベットの高いところは、必然的に上のランクだ
ベットの高いところは、必然的に上のランクだ
まどか
まどか
その高いところに企業関係者が集まるのね
その高いところに企業関係者が集まるのね
秀隆
秀隆
少なくとも社長クラスはそうだ
少なくとも社長クラスはそうだ
まどか
まどか
さすがに、よく調べてあるわね
さすがに、よく調べてあるわね
磯部
磯部
それくらい子供でも調べられることだけどな
それくらい子供でも調べられることだけどな
まどか
まどか
もう磯部くん。どうしてそう島津くんに強く当たるの？
もう磯部くん。どうしてそう島津くんに強く当たるの？
磯部
磯部
別に。おまえだって、島津を歓迎してたわけじゃないだろ
別に。おまえだって、島津を歓迎してたわけじゃないだろ
まどか
まどか
それは
それは
磯部
磯部
そのくせに、最近は妙に気にするじゃないか
そのくせに、最近は妙に気にするじゃないか
まどか
まどか
島津くんとはチームを組むことも多い。
島津くんとはチームを組むことも多い。
それなら、出来る限りの協力をするのは当然よ
それなら、出来る限りの協力をするのは当然よ
磯部
磯部
どうだか
どうだか
まどか
まどか
……それ、どういう意味？
……それ、どういう意味？
磯部
磯部
意味なんてねえよ
意味なんてねえよ
まどか
まどか
嘘。なんかいいたそうな顔してたわ
嘘。なんかいいたそうな顔してたわ
磯部
磯部
俺は別に
俺は別に
なんか知らないが、急に険悪なモードになりだした。
なんか知らないが、急に険悪なモードになりだした。
それも、オレを関係とした話で。
それも、オレを関係とした話で。
秀隆
秀隆
あー、なんだか喉が渇いたな、と。
あー、なんだか喉が渇いたな、と。
二人とも何か飲み物がいるなら取ってくるぞ？
二人とも何か飲み物がいるなら取ってくるぞ？
まどか
まどか
……じゃあ、お酒じゃないものを
……じゃあ、お酒じゃないものを
磯部
磯部
俺もだ
俺もだ
秀隆
秀隆
了解。すぐ取ってくるよ
了解。すぐ取ってくるよ
秀隆
秀隆
くわばらくわばら。男と女は些細なことで喧嘩するからなぁ
くわばらくわばら。男と女は些細なことで喧嘩するからなぁ
戻ってくると、まどかの姿が見当たらない。
戻ってくると、まどかの姿が見当たらない。
秀隆
秀隆
まどかはどこにいったんだ？
まどかはどこにいったんだ？
磯部
磯部
お手洗いだ
お手洗いだ
秀隆
秀隆
あ、そう言うこと
あ、そう言うこと
オレは一つ飲み物を手渡した。
オレは一つ飲み物を手渡した。
磯部
磯部
おまえ……まどかとは同級生だったんだよな
おまえ……まどかとは同級生だったんだよな
秀隆
秀隆
え？　あぁ、まぁ。一応
え？　あぁ、まぁ。一応
磯部
磯部
どういう関係だったんだよ
どういう関係だったんだよ
秀隆
秀隆
どういうって、別に普通だよ。同級生だって
どういうって、別に普通だよ。同級生だって
磯部
磯部
それだけか？
それだけか？
秀隆
秀隆
……しいて言うなら……ライバルか？
……しいて言うなら……ライバルか？
少なくとも、おまえが心配するようなことは何もないって
少なくとも、おまえが心配するようなことは何もないって
磯部
磯部
本当か？
本当か？
秀隆
秀隆
なんでそんなこと気にするんだ？
なんでそんなこと気にするんだ？
別に過去がどうとか、今は関係ないはずだろ
別に過去がどうとか、今は関係ないはずだろ
磯部
磯部
そうさ。過去なんて関係ない。
そうさ。過去なんて関係ない。
仮におまえとまどかに、なんかあったんだとしてもな
仮におまえとまどかに、なんかあったんだとしてもな
磯部
磯部
だからこそ、あいつにも過去のことは考えてほしくない。
だからこそ、あいつにも過去のことは考えてほしくない。
おまえがいるせいで、あいつはその過去に縛られてる
おまえがいるせいで、あいつはその過去に縛られてる
秀隆
秀隆
考えすぎだ。あいつは昔のことなんて何も
考えすぎだ。あいつは昔のことなんて何も
磯部
磯部
うるせぇよ。おまえが何を言ったって関係ない
うるせぇよ。おまえが何を言ったって関係ない
磯部
磯部
まどかがどう考えてるのか、俺には良く分かる
まどかがどう考えてるのか、俺には良く分かる
秀隆
秀隆
磯部……
磯部……
秀隆
秀隆
悪かった。オレが合流しなきゃ、問題もおきなかったよな
悪かった。オレが合流しなきゃ、問題もおきなかったよな
オレは手に持っていたまどかの飲み物を磯部へ。
オレは手に持っていたまどかの飲み物を磯部へ。
秀隆
秀隆
ここからは別行動にしよう
ここからは別行動にしよう
磯部
磯部
引き止めたりなんてしないぞ
引き止めたりなんてしないぞ
秀隆
秀隆
分かってるよ。じゃ、また明日
分かってるよ。じゃ、また明日
磯部
磯部
…………
…………
オレは磯部に強めの視線を受けながら、その場を退散した。
オレは磯部に強めの視線を受けながら、その場を退散した。
秀隆
秀隆
あのまま引き止められたら、こっちの身が持たないって
あのまま引き止められたら、こっちの身が持たないって
今日のところは、切り上げることにしよう。
今日のところは、切り上げることにしよう。
また途中で出くわしても面倒だしな。
また途中で出くわしても面倒だしな。
柳沢
柳沢
島津さんじゃないですか？
島津さんじゃないですか？
秀隆
秀隆
柳沢社長。こんばんは
柳沢社長。こんばんは
カジノの前で柳沢社長に出くわした。
カジノの前で柳沢社長に出くわした。
秀隆
秀隆
ひょっとして、これからカジノですか？
ひょっとして、これからカジノですか？
柳沢
柳沢
ええ。企業の方と夕食を共にする約束をしていまして
ええ。企業の方と夕食を共にする約束をしていまして
秀隆
秀隆
そうでしたか。じゃあお引止めするのも悪いですね
そうでしたか。じゃあお引止めするのも悪いですね
柳沢
柳沢
いえ、実はその夕食が遅れそうなんですよ
いえ、実はその夕食が遅れそうなんですよ
柳沢社長は時計に視線をやった。
柳沢社長は時計に視線をやった。
柳沢
柳沢
あと１時間ほどあります。
あと１時間ほどあります。
もしよろしければ、少しお付き合い願えませんか？
もしよろしければ、少しお付き合い願えませんか？
秀隆
秀隆
構いませんけど、どうしましょうか？
構いませんけど、どうしましょうか？
社長相手に立ち話をさせるわけにもいかない。
社長相手に立ち話をさせるわけにもいかない。
柳沢
柳沢
私がよく利用するカフェでも構いませんか
私がよく利用するカフェでも構いませんか
秀隆
秀隆
もちろんです。お任せします
もちろんです。お任せします
柳沢社長が利用すると言うカフェへとやって来た。
柳沢社長が利用すると言うカフェへとやって来た。
二人で、同じようにコーヒーを注文する。
二人で、同じようにコーヒーを注文する。
柳沢
柳沢
しかし、珍しいこともあるものですね
しかし、珍しいこともあるものですね
秀隆
秀隆
珍しいこと、ですか
珍しいこと、ですか
柳沢
柳沢
ホープタウンの特務官である方とお会いすることです。
ホープタウンの特務官である方とお会いすることです。
竹内さんとは何度かお会いさせていただいたことがありますが、
竹内さんとは何度かお会いさせていただいたことがありますが、
その他の方と会う機会は、早々ありませんからね
その他の方と会う機会は、早々ありませんからね
秀隆
秀隆
自分の方が、最近よく足を運んでいるからかも知れません
自分の方が、最近よく足を運んでいるからかも知れません
柳沢
柳沢
もしくは……運命かも知れませんね
もしくは……運命かも知れませんね
秀隆
秀隆
運命、ですか
運命、ですか
柳沢
柳沢
ドリームタウンは人口が密集した街です。
ドリームタウンは人口が密集した街です。
偶然出くわすにしても、かなりの低確率だと私は思います
偶然出くわすにしても、かなりの低確率だと私は思います
秀隆
秀隆
確かにそうかも知れません……
確かにそうかも知れません……
行動パターンをある程度把握している人たちはともかく、
行動パターンをある程度把握している人たちはともかく、
オレはまだ柳沢社長のことを良く知らない。
オレはまだ柳沢社長のことを良く知らない。
柳沢
柳沢
よく足を運ばれているとのことですが、何か大きなお仕事ですか？
よく足を運ばれているとのことですが、何か大きなお仕事ですか？
秀隆
秀隆
はい。それで、今はちょっと街を右往左往しております
はい。それで、今はちょっと街を右往左往しております
柳沢
柳沢
大変そうですね
大変そうですね
秀隆
秀隆
そうですね。身の丈にあったものではないかもしれません
そうですね。身の丈にあったものではないかもしれません
柳沢
柳沢
またご謙遜を。ちらほらとあなたの話を耳にしますよ
またご謙遜を。ちらほらとあなたの話を耳にしますよ
秀隆
秀隆
え、自分のですか？　どんな話を耳にされたんですか
え、自分のですか？　どんな話を耳にされたんですか
嫌な噂じゃなきゃいいんだけど。
嫌な噂じゃなきゃいいんだけど。
柳沢
柳沢
はははは、気になりますか
はははは、気になりますか
秀隆
秀隆
そりゃなりますよ。教えてください
そりゃなりますよ。教えてください
柳沢
柳沢
では、ここはあえて秘密にしましょう
では、ここはあえて秘密にしましょう
秀隆
秀隆
社長って、意外と意地悪なんですね……
社長って、意外と意地悪なんですね……
柳沢
柳沢
企業の社長は多かれ少なかれ、意地悪が多いんです
企業の社長は多かれ少なかれ、意地悪が多いんです
運ばれてきたコーヒーに、柳沢社長は３粒の角砂糖を放り込んだ。
運ばれてきたコーヒーに、柳沢社長は３粒の角砂糖を放り込んだ。
柳沢
柳沢
もし、どうしても、と仰るなら……
もし、どうしても、と仰るなら……
そうですね。私にも何か、面白い話を教えてもらいたいものです
そうですね。私にも何か、面白い話を教えてもらいたいものです
秀隆
秀隆
面白い話ですか？
面白い話ですか？
柳沢
柳沢
島津さんなら、１つや２つお持ちじゃないかと思いまして
島津さんなら、１つや２つお持ちじゃないかと思いまして
恐らく、ここで言う面白い話とは
恐らく、ここで言う面白い話とは
腹を抱えて転げるような、と言う意味じゃないだろう。
腹を抱えて転げるような、と言う意味じゃないだろう。
秀隆
秀隆
残念ながら。柳沢社長の期待にこたえられるものはありませんよ
残念ながら。柳沢社長の期待にこたえられるものはありませんよ
柳沢
柳沢
そうですか。では、何か面白い話が出来ましたら、是非
そうですか。では、何か面白い話が出来ましたら、是非
秀隆
秀隆
わかりました
わかりました
柳沢
柳沢
島津さんは、特務官になられて間もないんでしたよね？
島津さんは、特務官になられて間もないんでしたよね？
秀隆
秀隆
そうですね。まだ数ヶ月です
そうですね。まだ数ヶ月です
柳沢
柳沢
どうですか、特務官というお仕事は。楽しいですか？
どうですか、特務官というお仕事は。楽しいですか？
秀隆
秀隆
日々勉強ばかりで、楽しんでいる余裕は全くありません
日々勉強ばかりで、楽しんでいる余裕は全くありません
秀隆
秀隆
一日も早く、皆の足を引っ張らない特務官になれればと思っています
一日も早く、皆の足を引っ張らない特務官になれればと思っています
柳沢
柳沢
若いのに立派な考えをお持ちですね
若いのに立派な考えをお持ちですね
秀隆
秀隆
志だけでも、一人前でいたいなと
志だけでも、一人前でいたいなと
柳沢
柳沢
なるほど、なるほど。ははははは、面白い方だなあ。実に興味深い
なるほど、なるほど。ははははは、面白い方だなあ。実に興味深い
愉快そうに柳沢社長は笑う。
愉快そうに柳沢社長は笑う。
秀隆
秀隆
あの……柳沢社長は、大河内代表ともお知り合いなんですよね？
あの……柳沢社長は、大河内代表ともお知り合いなんですよね？
柳沢
柳沢
ええ。何度かお話をさせていただいたことはあります
ええ。何度かお話をさせていただいたことはあります
秀隆
秀隆
もし、もしよろしければ、自分を大河内代表に紹介して頂けないでしょうか？
もし、もしよろしければ、自分を大河内代表に紹介して頂けないでしょうか？
柳沢
柳沢
紹介を？
紹介を？
秀隆
秀隆
竹内特務官同席の元、大河内代表にお会いしたことはあります。
竹内特務官同席の元、大河内代表にお会いしたことはあります。
ですが、自分一人で彼と接触する方法を、今は持ち合わせていません
ですが、自分一人で彼と接触する方法を、今は持ち合わせていません
柳沢
柳沢
何か彼に、話があるってことですね？
何か彼に、話があるってことですね？
秀隆
秀隆
はい
はい
柳沢
柳沢
ふむ……
ふむ……
柳沢社長は考える仕草を見せた。
柳沢社長は考える仕草を見せた。
柳沢
柳沢
確かに、私なら大河内代表にお願いすることは出来るかもしれません
確かに、私なら大河内代表にお願いすることは出来るかもしれません
柳沢
柳沢
ですが、それにはある程度のデメリットも背負うことになる
ですが、それにはある程度のデメリットも背負うことになる
秀隆
秀隆
デメリット、ですか
デメリット、ですか
柳沢
柳沢
大河内代表にとって、あなたと会うことがメリットになればいいですが、そうじゃなかった場合、紹介した私は泥をかぶることになる
大河内代表にとって、あなたと会うことがメリットになればいいですが、そうじゃなかった場合、紹介した私は泥をかぶることになる
秀隆
秀隆
そうですね……それは否定できません
そうですね……それは否定できません
柳沢
柳沢
代表と親しい間柄ならともかく、
代表と親しい間柄ならともかく、
私も彼とは繋がりを持ったばかりでして。
私も彼とは繋がりを持ったばかりでして。
迂闊に安請け合いして、紹介することは出来ませんね
迂闊に安請け合いして、紹介することは出来ませんね
秀隆
秀隆
そうですか……。すみません、無理を言ってしまいました。
そうですか……。すみません、無理を言ってしまいました。
自分もまだ、柳沢社長と知り合って時間も経っていないのに……
自分もまだ、柳沢社長と知り合って時間も経っていないのに……
秀隆
秀隆
不愉快な思いをさせてしまったかと思います
不愉快な思いをさせてしまったかと思います
柳沢
柳沢
不愉快だなんてとんでもない
不愉快だなんてとんでもない
柳沢
柳沢
私は島津さんと知り合えてよかったと思っています。
私は島津さんと知り合えてよかったと思っています。
そうでなければ、幾ら空いている時間でも二人でお茶なんてしません
そうでなければ、幾ら空いている時間でも二人でお茶なんてしません
seコーヒーをテーブルに置く0
seコーヒーをテーブルに置く0
笑い、カップを口元に運んだ。
笑い、カップを口元に運んだ。
柳沢
柳沢
大河内代表に会いたい、と言うことは、大事な用件なんでしょうね
大河内代表に会いたい、と言うことは、大事な用件なんでしょうね
秀隆
秀隆
非常に大切なお話です
非常に大切なお話です
柳沢
柳沢
その話の内容、聞くわけには、当然いかないですよね？
その話の内容、聞くわけには、当然いかないですよね？
秀隆
秀隆
申し訳ありません
申し訳ありません
柳沢
柳沢
いやいや。分かっていて聞いたことですから。興味深かったもので
いやいや。分かっていて聞いたことですから。興味深かったもので
柳沢
柳沢
これが普通の企業だったら、私ももう少し食いつくんですけどね
これが普通の企業だったら、私ももう少し食いつくんですけどね
柳沢
柳沢
あなたは特務官、事情を話せないことも理解できるつもりです
あなたは特務官、事情を話せないことも理解できるつもりです
柳沢
柳沢
ですが、１つだけ聞かせてもらってもいいでしょうか？
ですが、１つだけ聞かせてもらってもいいでしょうか？
秀隆
秀隆
なんでしょう
なんでしょう
柳沢
柳沢
どうしても大河内代表に会いたいと望んでいるなら、
どうしても大河内代表に会いたいと望んでいるなら、
もう少し私に対して強くお願いしてくると思ったのですが……
もう少し私に対して強くお願いしてくると思ったのですが……
柳沢
柳沢
なのにあなたは、私の一言であっさりと諦めた。それはどうしてかなと
なのにあなたは、私の一言であっさりと諦めた。それはどうしてかなと
秀隆
秀隆
柳沢社長自身が仰ったことが理由です
柳沢社長自身が仰ったことが理由です
柳沢
柳沢
私が言ったこと？
私が言ったこと？
秀隆
秀隆
自分は特務官です。その仕事は、大体がホープタウン絡みです。
自分は特務官です。その仕事は、大体がホープタウン絡みです。
となれば、無関係な人や、ましてドリームタウンの方に詳細はお話できない
となれば、無関係な人や、ましてドリームタウンの方に詳細はお話できない
秀隆
秀隆
話の内容を教えられない以上、
話の内容を教えられない以上、
柳沢社長は自分を推すことが出来ないと分かりました
柳沢社長は自分を推すことが出来ないと分かりました
秀隆
秀隆
なら、下手に粘ってもご迷惑をおかけするだけです
なら、下手に粘ってもご迷惑をおかけするだけです
柳沢
柳沢
なるほど。賢いんですね島津さんは
なるほど。賢いんですね島津さんは
秀隆
秀隆
全部理解されている柳沢社長ほどではありません
全部理解されている柳沢社長ほどではありません
柳沢
柳沢
もしかしたら、いずれ島津さんとはお仕事をすることになるかも知れませんね
もしかしたら、いずれ島津さんとはお仕事をすることになるかも知れませんね
秀隆
秀隆
仕事、ですか？
仕事、ですか？
柳沢
柳沢
今はまだ実現は不可能ですが、
今はまだ実現は不可能ですが、
私はいつかホープタウンにも薬の販売をしたいと考えているんです
私はいつかホープタウンにも薬の販売をしたいと考えているんです
柳沢
柳沢
会社を持つ人間からすれば、ごく当然の発想かも知れませんが
会社を持つ人間からすれば、ごく当然の発想かも知れませんが
秀隆
秀隆
立派なお考えです。ただ、薬の販売は、容易ではないでしょうね
立派なお考えです。ただ、薬の販売は、容易ではないでしょうね
柳沢
柳沢
ええ。そうなんです。そもそも輸出入が禁じられていますし、
ええ。そうなんです。そもそも輸出入が禁じられていますし、
何より薬に対する基準が街で大きくことなっていますから
何より薬に対する基準が街で大きくことなっていますから
共同開発地区は、どちらの街にも帰属する独自の区画になる。
共同開発地区は、どちらの街にも帰属する独自の区画になる。
でも、その中でも医療関係だけは別だ。
でも、その中でも医療関係だけは別だ。
だから柳沢社長も競売には参加していないだろう。
だから柳沢社長も競売には参加していないだろう。
秀隆
秀隆
もし実現することになったとしても、
もし実現することになったとしても、
ホープタウンからの輸入にも、警戒しなくてはいけませんよね
ホープタウンからの輸入にも、警戒しなくてはいけませんよね
柳沢
柳沢
そうですね。ホープタウンの何社かは、やはり強敵です
そうですね。ホープタウンの何社かは、やはり強敵です
どこも楽なんてありはしないけど、
どこも楽なんてありはしないけど、
製薬業界もその例に漏れず、非常に競争力の高い企業が多い。
製薬業界もその例に漏れず、非常に競争力の高い企業が多い。
こうしてドリータウンで１つの製薬会社を成功に導くには、
こうしてドリータウンで１つの製薬会社を成功に導くには、
想像を絶する努力と、運がなければ無理なことだ。
想像を絶する努力と、運がなければ無理なことだ。
秀隆
秀隆
どうして、薬を作ろうとお考えに？
どうして、薬を作ろうとお考えに？
柳沢
柳沢
…………
…………
柳沢社長は、少し寂しそうな表情で笑った。
柳沢社長は、少し寂しそうな表情で笑った。
柳沢
柳沢
僕には姉がいまして。生まれながら病弱な身でした。
僕には姉がいまして。生まれながら病弱な身でした。
こうして成功を収めるまでは、けして裕福な家庭でもありませんでした
こうして成功を収めるまでは、けして裕福な家庭でもありませんでした
柳沢
柳沢
結局、満足な治療を受けられず姉は他界してしまった
結局、満足な治療を受けられず姉は他界してしまった
秀隆
秀隆
そ、そうでしたか……
そ、そうでしたか……
姉、そして死、と言うキーワードにオレの心拍数が上がる。
姉、そして死、と言うキーワードにオレの心拍数が上がる。
柳沢
柳沢
だから私は、一人でも多くの人たちに、
だから私は、一人でも多くの人たちに、
手軽に行き届く薬を作りたいと思ったんですよ
手軽に行き届く薬を作りたいと思ったんですよ
秀隆
秀隆
それが、柳沢製薬誕生の秘話、と言うことですね
それが、柳沢製薬誕生の秘話、と言うことですね
柳沢
柳沢
秘話なんていうほど、大それた話じゃありません
秘話なんていうほど、大それた話じゃありません
柳沢
柳沢
それに
それに
秀隆
秀隆
それに？
それに？
柳沢
柳沢
これは私の直感ですが、島津さんも何か、
これは私の直感ですが、島津さんも何か、
強い意志を持って特務官をやっているように見えるんです
強い意志を持って特務官をやっているように見えるんです
柳沢
柳沢
何か、思うところがあるんじゃないですか？
何か、思うところがあるんじゃないですか？
秀隆
秀隆
そんな。オレはただ、特務官に憧れてただけです
そんな。オレはただ、特務官に憧れてただけです
柳沢
柳沢
じゃあ、今回はそう言うことにしておきます
じゃあ、今回はそう言うことにしておきます
そう言うと、柳沢社長が席を立った。
そう言うと、柳沢社長が席を立った。
柳沢
柳沢
もっとお時間があれば、無理に追求するところなんですが
もっとお時間があれば、無理に追求するところなんですが
秀隆
秀隆
もうそんな時間ですか……
もうそんな時間ですか……
柳沢社長と話し始めて、１時間近くが経とうとしていた。
柳沢社長と話し始めて、１時間近くが経とうとしていた。
柳沢
柳沢
それじゃ、今日はこの辺で。またお会いしましょう
それじゃ、今日はこの辺で。またお会いしましょう
秀隆
秀隆
はい。お疲れ様です、柳沢社長
はい。お疲れ様です、柳沢社長
オレは店の入り口で柳沢社長を見送った。
オレは店の入り口で柳沢社長を見送った。
秀隆
秀隆
どこか、オレと境遇が似てたな……
どこか、オレと境遇が似てたな……
そう思うと、彼には頑張ってもらいたいと思う。
そう思うと、彼には頑張ってもらいたいと思う。
目標のため、夢のために。
目標のため、夢のために。
…………。
…………。
……。
……。
