アクセラ
アクセラ
…………
…………
少し恥ずかしそうにしながらも、アクセラはオレのそれを見つめていた。
少し恥ずかしそうにしながらも、アクセラはオレのそれを見つめていた。
アクセラ
アクセラ
明るいところで見たのは初め……てでもないですね
明るいところで見たのは初め……てでもないですね
秀隆
秀隆
な、なぬ！？
な、なぬ！？
アクセラ
アクセラ
秀隆さま。ご自分がよく裸で眠られていることを思い出してください
秀隆さま。ご自分がよく裸で眠られていることを思い出してください
秀隆
秀隆
もしかして、どこかでやらかしてた？
もしかして、どこかでやらかしてた？
アクセラ
アクセラ
はい。私だけではなく、キズナ様にも目撃されておりますよ
はい。私だけではなく、キズナ様にも目撃されておりますよ
秀隆
秀隆
オレのビッグマラを、キズナが？　相当あわてただろうな
オレのビッグマラを、キズナが？　相当あわてただろうな
アクセラ
アクセラ
いえ、楽しんでおられました。かわいいとおっしゃって
いえ、楽しんでおられました。かわいいとおっしゃって
秀隆
秀隆
ぐ……
ぐ……
アクセラ
アクセラ
あ、元気がなくなっていきます
あ、元気がなくなっていきます
秀隆
秀隆
悲しい現実に直面すると、こうなるんだよ……
悲しい現実に直面すると、こうなるんだよ……
アクセラ
アクセラ
こうするとどうなりますか？
こうするとどうなりますか？
アクセラがオレの手を、自らのおっぱいへと持っていく。
アクセラがオレの手を、自らのおっぱいへと持っていく。
シャキーン！
シャキーン！
アクセラ
アクセラ
瞬く間に、もとにもどられましたね
瞬く間に、もとにもどられましたね
秀隆
秀隆
嬉しい現実に直面すると、当然の結果だな
嬉しい現実に直面すると、当然の結果だな
アクセラ
アクセラ
大きくなっても、所詮平均値なんですが
大きくなっても、所詮平均値なんですが
しょぼーん……。
しょぼーん……。
アクセラ
アクセラ
あ、また小さくなっていきます
あ、また小さくなっていきます
秀隆
秀隆
おまえはオレをからかっておもしろいのか？
おまえはオレをからかっておもしろいのか？
アクセラ
アクセラ
秀隆さまのいろんな表情を見られるので、幸せですよ
秀隆さまのいろんな表情を見られるので、幸せですよ
秀隆
秀隆
……そか
……そか
アクセラ
アクセラ
私はそろそろ、朝食の準備をしなければなりません
私はそろそろ、朝食の準備をしなければなりません
秀隆
秀隆
それはどうかな？
それはどうかな？
そう言い、ベッドから抜け出ようとしたアクセラを捕まえ、
そう言い、ベッドから抜け出ようとしたアクセラを捕まえ、
ベッドに押し倒した。
ベッドに押し倒した。
アクセラ
アクセラ
あ……
あ……
そして、チューチューとおっぱいへとしゃぶりつく。
そして、チューチューとおっぱいへとしゃぶりつく。
アクセラ
アクセラ
だ、だめです秀隆さま……もう、お二人が起きてしまいます
だ、だめです秀隆さま……もう、お二人が起きてしまいます
秀隆
秀隆
仕方ないだろ、アクセラのおっぱいが美味しいんだから
仕方ないだろ、アクセラのおっぱいが美味しいんだから
アクセラ
アクセラ
そ……それは嬉しいです。でも……あぁ、いけませんっ……
そ……それは嬉しいです。でも……あぁ、いけませんっ……
秀隆
秀隆
とかいいつつ？
とかいいつつ？
アクセラのあそこは、早くも濡れ始めていた。
アクセラのあそこは、早くも濡れ始めていた。
秀隆
秀隆
一回くらいなら出来るだろ？
一回くらいなら出来るだろ？
アクセラ
アクセラ
……そう、ですね……秀隆さま、早漏ですし……
……そう、ですね……秀隆さま、早漏ですし……
秀隆
秀隆
…………
…………
アクセラ
アクセラ
あ、あの？
あ、あの？
秀隆
秀隆
オレのプライドはぼろぼろだよ
オレのプライドはぼろぼろだよ
そのままベッドにノックアウト。
そのままベッドにノックアウト。
アクセラ
アクセラ
そ、早漏とは悪口だったのでしょうか？
そ、早漏とは悪口だったのでしょうか？
秀隆
秀隆
早く漏れる、がよい言葉に聞こえるか……？
早く漏れる、がよい言葉に聞こえるか……？
アクセラ
アクセラ
情けなくは聞こえますね
情けなくは聞こえますね
秀隆
秀隆
おまえ、わかっててやってるだろ……
おまえ、わかっててやってるだろ……
秀隆
秀隆
うわ、すっげぇ光景……
うわ、すっげぇ光景……
オレの前にしゃがみこんだアクセラが、チ○コを大きなおっぱいで挟んでいる。
オレの前にしゃがみこんだアクセラが、チ○コを大きなおっぱいで挟んでいる。
アクセラ
アクセラ
これで合っていますでしょうか……？　少し不安です……
これで合っていますでしょうか……？　少し不安です……
秀隆
秀隆
ばっちりだ、ばっちり
ばっちりだ、ばっちり
満面の笑みで答えると、アクセラは嬉しそうに微笑んだ。
満面の笑みで答えると、アクセラは嬉しそうに微笑んだ。
アクセラ
アクセラ
そうですか。秀隆様に喜んでいただけて光栄です
そうですか。秀隆様に喜んでいただけて光栄です
そして、視線をチ○コへと落とした。
そして、視線をチ○コへと落とした。
アクセラ
アクセラ
こうして間近で見ると、しっかりと包茎であることが確認できますね
こうして間近で見ると、しっかりと包茎であることが確認できますね
秀隆
秀隆
う、うるせえな。別に包茎だからって何が悪いわけでもないだろっ。いや、むしろ様々な危険から守ってくれている、防護服みたいなものだとオレは思っている
う、うるせえな。別に包茎だからって何が悪いわけでもないだろっ。いや、むしろ様々な危険から守ってくれている、防護服みたいなものだとオレは思っている
アクセラ
アクセラ
そう思わないとやっていられない、と言うことですね？
そう思わないとやっていられない、と言うことですね？
秀隆
秀隆
うぐぐ……
うぐぐ……
アクセラ
アクセラ
……私は素敵だと思いますから
……私は素敵だと思いますから
つん、と先端を指先で突いた後、人差し指と親指を使って、オレの皮を剥いた。
つん、と先端を指先で突いた後、人差し指と親指を使って、オレの皮を剥いた。
アクセラ
アクセラ
これで立派になりましたよ
これで立派になりましたよ
秀隆
秀隆
お、おう……
お、おう……
アクセラ
アクセラ
ここから、どうすればよろしいでしょうか？
ここから、どうすればよろしいでしょうか？
秀隆
秀隆
そうだな……まずは、その大きなおっぱいで竿を擦ってくれ
そうだな……まずは、その大きなおっぱいで竿を擦ってくれ
アクセラ
アクセラ
わかりました。もし不手際がありましたら、いつでもお申し付けください
わかりました。もし不手際がありましたら、いつでもお申し付けください
そう言った後、アクセラは自分のおっぱいを両手で
そう言った後、アクセラは自分のおっぱいを両手で
押し付けるようにして、ゆっくりと上下に動かし始めた。
押し付けるようにして、ゆっくりと上下に動かし始めた。
秀隆
秀隆
く……っ……
く……っ……
おっぱいに挟まれる刺激、と言うよりはその行為そのものに興奮してしまう。
おっぱいに挟まれる刺激、と言うよりはその行為そのものに興奮してしまう。
オレに従う従順な恋人がおっぱいを使って愛してくれている。
オレに従う従順な恋人がおっぱいを使って愛してくれている。
それが、どうしようもなく嬉しく気持ちいい。
それが、どうしようもなく嬉しく気持ちいい。
アクセラ
アクセラ
どうでしょう……私は間違っておりませんか？
どうでしょう……私は間違っておりませんか？
秀隆
秀隆
だ、大丈夫だ。そのまま続けてくれ
だ、大丈夫だ。そのまま続けてくれ
アクセラ
アクセラ
はいっ……ん……
はいっ……ん……
アクセラはオレのチ○コへと刺激しながらも、オレを見上げて目を離さない。
アクセラはオレのチ○コへと刺激しながらも、オレを見上げて目を離さない。
アクセラ
アクセラ
秀隆様のお顔、気持ちよさそうにしておいでですね
秀隆様のお顔、気持ちよさそうにしておいでですね
秀隆
秀隆
……だって、アクセラにパイズリしてもらえてるんだぞ？
……だって、アクセラにパイズリしてもらえてるんだぞ？
気持ち良いに決まってる
気持ち良いに決まってる
アクセラ
アクセラ
ふふっ……そう言っていただけると嬉しいです
ふふっ……そう言っていただけると嬉しいです
形を縦横無尽に変えるおっぱい。
形を縦横無尽に変えるおっぱい。
ぷっくりとした乳首。
ぷっくりとした乳首。
こんなものを見せ付けられたら、辛抱たまらん。
こんなものを見せ付けられたら、辛抱たまらん。
でも、オレはあえてそのおっぱいに触れるのは我慢することにした。
でも、オレはあえてそのおっぱいに触れるのは我慢することにした。
我慢すればするほど、快感のボルテージは上がっていくし、
我慢すればするほど、快感のボルテージは上がっていくし、
楽しみを後に取っておくことが出来る。
楽しみを後に取っておくことが出来る。
アクセラ
アクセラ
ふぅ、ん……ん……んっ……気持ちいいでしょうか？
ふぅ、ん……ん……んっ……気持ちいいでしょうか？
秀隆
秀隆
あぁ……幸せだ
あぁ……幸せだ
感じるままに小さく答えると、アクセラは嬉しそうに微笑んだ。
感じるままに小さく答えると、アクセラは嬉しそうに微笑んだ。
アクセラ
アクセラ
私も秀隆様のオチ○チンを挟むことができて、幸せです……ん……
私も秀隆様のオチ○チンを挟むことができて、幸せです……ん……
何度か繰り返した後、アクセラは舌の先っちょを突き出した。
何度か繰り返した後、アクセラは舌の先っちょを突き出した。
アクセラ
アクセラ
ここを舐めると、気持ちいいのだと記憶しています
ここを舐めると、気持ちいいのだと記憶しています
そういい、ゆっくりと舌先で敏感な先端に触れてきた。
そういい、ゆっくりと舌先で敏感な先端に触れてきた。
秀隆
秀隆
くっ……
くっ……
がくがくと膝が震える。
がくがくと膝が震える。
アクセラ
アクセラ
ふふ、ん、んっ……ちゅ、ちゅっ……
ふふ、ん、んっ……ちゅ、ちゅっ……
それが嬉しかったのか、すぐアクセラは激しい行動を始めた。
それが嬉しかったのか、すぐアクセラは激しい行動を始めた。
アクセラ
アクセラ
ん、ちゅ……ちゅっ、ちゅっ……ちゅぱ……れるっ、りゅ、ちゅ、ちゅんっ……
ん、ちゅ……ちゅっ、ちゅっ……ちゅぱ……れるっ、りゅ、ちゅ、ちゅんっ……
アクセラ
アクセラ
はむっ、ん……んっ、んっ……ちゅっ……はんっ、んっ、ちゅむっ……
はむっ、ん……んっ、んっ……ちゅっ……はんっ、んっ、ちゅむっ……
秀隆
秀隆
あくせ、ら……
あくせ、ら……
アクセラ
アクセラ
もっと、もっともっと、気持ちよくなってもらいたいです……
もっと、もっともっと、気持ちよくなってもらいたいです……
アクセラ
アクセラ
ちゅ……ちゅっ……れるっ……んっ……んちゅうっ、ちゅうっ……
ちゅ……ちゅっ……れるっ……んっ……んちゅうっ、ちゅうっ……
アクセラ
アクセラ
んっ、んっ、んっ、じゅ、じゅっ、っ……ちゅっ、んぅっ……
んっ、んっ、んっ、じゅ、じゅっ、っ……ちゅっ、んぅっ……
アクセラ
アクセラ
秀隆様……もし射精したくなりましたら、私の顔と胸に……
秀隆様……もし射精したくなりましたら、私の顔と胸に……
アクセラ
アクセラ
熱い精子を、かけてほしいです……
熱い精子を、かけてほしいです……
秀隆
秀隆
い、いいのか？
い、いいのか？
オレとしては、そうさせてくれるなら嬉しいけど。
オレとしては、そうさせてくれるなら嬉しいけど。
アクセラ
アクセラ
もちろんです……ちゅ、ちゅっ……んぅっ、ちゅるっ……
もちろんです……ちゅ、ちゅっ……んぅっ、ちゅるっ……
アクセラ
アクセラ
はむっ、んっ……んっ、ちゅ、くちゅっ……んっ……
はむっ、んっ……んっ、ちゅ、くちゅっ……んっ……
アクセラはだんだん舌の動きを激しくし、
アクセラはだんだん舌の動きを激しくし、
さらにおっぱいで挟む力もあげていく。
さらにおっぱいで挟む力もあげていく。
アクセラ
アクセラ
じゅっ、ちゅっ、んぅ、じゅぽっ、じゅ……ちゅ……んぅっ……
じゅっ、ちゅっ、んぅ、じゅぽっ、じゅ……ちゅ……んぅっ……
アクセラ
アクセラ
んっ、んっ、んっ、じゅ、じゅるっ、じゅっ……ちゅっ、んぅっ……
んっ、んっ、んっ、じゅ、じゅるっ、じゅっ……ちゅっ、んぅっ……
アクセラ
アクセラ
ちゅぱ、ちゅ、れるれっ、ちゅ……んぅ、ちゅっ……
ちゅぱ、ちゅ、れるれっ、ちゅ……んぅ、ちゅっ……
秀隆
秀隆
は、あぁっ……アクセラ……
は、あぁっ……アクセラ……
アクセラ
アクセラ
オチ○チンから溢れてくるもの、とても美味しいです……
オチ○チンから溢れてくるもの、とても美味しいです……
チューチューと、あふれ出る我慢汁を吸い上げるアクセラ。
チューチューと、あふれ出る我慢汁を吸い上げるアクセラ。
そして時折、見上げてオレにいやらしくピンク色に光る唇を見せてくる。
そして時折、見上げてオレにいやらしくピンク色に光る唇を見せてくる。
アクセラ
アクセラ
んっ、んじゅ、じゅるっ、じゅっ……ちゅっ、んぅっ……んんっ！
んっ、んじゅ、じゅるっ、じゅっ……ちゅっ、んぅっ……んんっ！
アクセラ
アクセラ
んぐっ、んんぅっ、んぐっ、んむっ、じゅ、んぶぅっ……
んぐっ、んんぅっ、んぐっ、んむっ、じゅ、んぶぅっ……
秀隆
秀隆
つ、っ……く……！
つ、っ……く……！
ダメだ、もうこれ以上我慢できない……。
ダメだ、もうこれ以上我慢できない……。
秀隆
秀隆
あ、アクセラっ……！
あ、アクセラっ……！
アクセラ
アクセラ
はぁ、ん、ちゅ、ちゅるっ、んっ、ちゅ
はぁ、ん、ちゅ、ちゅるっ、んっ、ちゅ
秀隆
秀隆
アクセラっ！
アクセラっ！
オレは背中をのけぞらせると同時に、絶頂に達した。
オレは背中をのけぞらせると同時に、絶頂に達した。
びゅくびゅくと精液が飛び出し、アクセラの顔から、胸にかかっていく。
びゅくびゅくと精液が飛び出し、アクセラの顔から、胸にかかっていく。
アクセラ
アクセラ
ひゃ、ああっ……暖かいのが、私にっ……ん……！
ひゃ、ああっ……暖かいのが、私にっ……ん……！
大好きな彼女を征服した気分に浸りながら、
大好きな彼女を征服した気分に浸りながら、
オレは優しくアクセラの髪を撫でる。
オレは優しくアクセラの髪を撫でる。
アクセラはそれが嬉しかったのか、目を細めて微笑んだ。
アクセラはそれが嬉しかったのか、目を細めて微笑んだ。
アクセラ
アクセラ
ちゅっ……
ちゅっ……
唇に付着した精液を、ぺろりと舐め取る。
唇に付着した精液を、ぺろりと舐め取る。
アクセラ
アクセラ
んぅ……くちゅっ……ん……んっ……
んぅ……くちゅっ……ん……んっ……
ねっとりと舌の上で精液を堪能し、そしてゴクリと飲み込んだ。
ねっとりと舌の上で精液を堪能し、そしてゴクリと飲み込んだ。
アクセラ
アクセラ
飲んでしまいました……
飲んでしまいました……
ちょっと恥ずかしそうに笑う。
ちょっと恥ずかしそうに笑う。
秀隆
秀隆
お、おお……アクセラっ！
お、おお……アクセラっ！
その健気な姿に、オレはアクセラを抱き上げベッドへとダイブした。
その健気な姿に、オレはアクセラを抱き上げベッドへとダイブした。
アクセラ
アクセラ
ひ、秀隆様？
ひ、秀隆様？
秀隆
秀隆
エッチするぞ、エッチっ
エッチするぞ、エッチっ
アクセラ
アクセラ
ですが、今絶頂に達せられたばかりで、お疲れなのでは？
ですが、今絶頂に達せられたばかりで、お疲れなのでは？
秀隆
秀隆
全くお疲れでは御座いません
全くお疲れでは御座いません
ギンギンに立ちっぱなしのチ○コ。
ギンギンに立ちっぱなしのチ○コ。
アクセラ
アクセラ
まぁ……
まぁ……
秀隆
秀隆
おまえが欲しいんだ、アクセラ
おまえが欲しいんだ、アクセラ
驚いた後、アクセラは恥ずかしそうに答えた。
驚いた後、アクセラは恥ずかしそうに答えた。
アクセラ
アクセラ
嬉しいです。私も、秀隆様が欲しいと思っていました……
嬉しいです。私も、秀隆様が欲しいと思っていました……
しっかりとした肉付き、だがけして垂れているわけではない。
しっかりとした肉付き、だがけして垂れているわけではない。
男が求める理想的なお尻を両手で抑え、オレはマ○コへとチ○コを導いた。
男が求める理想的なお尻を両手で抑え、オレはマ○コへとチ○コを導いた。
アクセラ
アクセラ
あふっ……！
あふっ……！
お尻の穴がキュッとなるのが見え、ズブズブと挿入していく。
お尻の穴がキュッとなるのが見え、ズブズブと挿入していく。
アクセラのあそこは、あいも変わらず大洪水だ。
アクセラのあそこは、あいも変わらず大洪水だ。
オレが触れるまでもなく濡れまくっている。
オレが触れるまでもなく濡れまくっている。
アクセラ
アクセラ
……くっ……んぅっ……
……くっ……んぅっ……
秀隆
秀隆
アクセラのオマ○コも、お尻の穴も丸みえだな……
アクセラのオマ○コも、お尻の穴も丸みえだな……
アクセラ
アクセラ
え、エッチです……ね……でも、秀隆様になら、平気です……
え、エッチです……ね……でも、秀隆様になら、平気です……
アクセラ
アクセラ
前の穴も後ろの穴も、秀隆様の好きになさってください
前の穴も後ろの穴も、秀隆様の好きになさってください
秀隆
秀隆
もちろんだ……
もちろんだ……
オレは尻を両側に開き、可愛いお尻の穴をじっくりと観察する。
オレは尻を両側に開き、可愛いお尻の穴をじっくりと観察する。
アクセラ
アクセラ
は、はぁっ……み、見られてます……
は、はぁっ……み、見られてます……
秀隆
秀隆
可愛いよ。アクセラのお尻
可愛いよ。アクセラのお尻
入り口に人差し指を差し向け、そっと撫でる。
入り口に人差し指を差し向け、そっと撫でる。
アクセラ
アクセラ
はうっ！
はうっ！
それが気持ちよかったのか、アクセラはびくっと身体を震わせた。
それが気持ちよかったのか、アクセラはびくっと身体を震わせた。
アクセラ
アクセラ
あぁっ、あっ、あっ、くっ、んっ、んっ、んぅっ……
あぁっ、あっ、あっ、くっ、んっ、んっ、んぅっ……
早くも、アクセラは激しい動きで自ら腰を上下させはじめた。
早くも、アクセラは激しい動きで自ら腰を上下させはじめた。
本当にエッチな子だ。
本当にエッチな子だ。
オレもまた、アクセラの動きに合わせるようにして、腰を突き上げる。
オレもまた、アクセラの動きに合わせるようにして、腰を突き上げる。
アクセラ
アクセラ
そ、そんなに激しくされますと……あ、あぁああっ、ああっ
そ、そんなに激しくされますと……あ、あぁああっ、ああっ
ズン、ズンと突き上げ、アクセラの中を堪能するように、
ズン、ズンと突き上げ、アクセラの中を堪能するように、
粘膜のあちこちを刺激していく。
粘膜のあちこちを刺激していく。
アクセラ
アクセラ
ふぅっ……んっ、んくっ、あ、あぅっ……！
ふぅっ……んっ、んくっ、あ、あぅっ……！
マ○コの中だけでは飽き足らないオレは、人差し指を尻の穴にも侵入させる。
マ○コの中だけでは飽き足らないオレは、人差し指を尻の穴にも侵入させる。
アクセラ
アクセラ
んっ、ああっああああっ、はぁ、あ、ああっ！
んっ、ああっああああっ、はぁ、あ、ああっ！
アクセラ
アクセラ
ひ、秀隆様の指が、お尻の中にっ……！
ひ、秀隆様の指が、お尻の中にっ……！
秀隆
秀隆
ふへへ
ふへへ
エッチに笑って、オレはズブズブと指を出入りさせる。
エッチに笑って、オレはズブズブと指を出入りさせる。
アクセラ
アクセラ
や、ぁっ、ああっ、ふああ、っ、あ、あっ、ああ、んっ！
や、ぁっ、ああっ、ふああ、っ、あ、あっ、ああ、んっ！
アクセラ
アクセラ
はぁ、はあ、あっ、ああっ、あっ、あ、あっ、あっ！
はぁ、はあ、あっ、ああっ、あっ、あ、あっ、あっ！
ただ前後と迫り来る快楽に、アクセラはただただ興奮の吐息を漏らす。
ただ前後と迫り来る快楽に、アクセラはただただ興奮の吐息を漏らす。
アクセラ
アクセラ
秀隆様に責められて、イ、イってしまいますっ！
秀隆様に責められて、イ、イってしまいますっ！
秀隆
秀隆
いいんだぞ、アクセラ……イっちゃっても
いいんだぞ、アクセラ……イっちゃっても
アクセラ
アクセラ
で、ですが、ですがっ……イってしまったら、
で、ですが、ですがっ……イってしまったら、
エッチが終わってしまいますっ
エッチが終わってしまいますっ
アクセラ
アクセラ
私は、もっともっと、秀隆様とエッチなことがしたいですっ……！
私は、もっともっと、秀隆様とエッチなことがしたいですっ……！
秀隆
秀隆
いつだって、何回だってエッチするさ。
いつだって、何回だってエッチするさ。
オレはアクセラのイったところも、いっぱいいっぱい見たいんだ
オレはアクセラのイったところも、いっぱいいっぱい見たいんだ
アクセラ
アクセラ
そ、そう言っていただけると、はぁ、はぁｔ、嬉しいです……
そ、そう言っていただけると、はぁ、はぁｔ、嬉しいです……
アクセラ
アクセラ
や、あんっ、あっ、あっ、あっ、はぁっ、は、激しっ……！
や、あんっ、あっ、あっ、あっ、はぁっ、は、激しっ……！
もはや止めることの出来ない快楽の波。
もはや止めることの出来ない快楽の波。
アクセラ
アクセラ
ひ、秀隆様にイかされます、イかされちゃいますっ！
ひ、秀隆様にイかされます、イかされちゃいますっ！
秀隆
秀隆
イ、イってくれアクセラ……っ
イ、イってくれアクセラ……っ
オレもまた、再び襲いくる快楽に、押し流されそうだった。
オレもまた、再び襲いくる快楽に、押し流されそうだった。
アクセラ
アクセラ
はぁ、あっ、ああっ、あっ……！
はぁ、あっ、ああっ、あっ……！
アクセラ
アクセラ
は、ひゃ、き、気持ちよすぎます、はぁっ、秀隆様、秀隆様っ！
は、ひゃ、き、気持ちよすぎます、はぁっ、秀隆様、秀隆様っ！
アクセラ
アクセラ
あ、ああ、ああああっ、く、くる、くるっ、くるぅっ！
あ、ああ、ああああっ、く、くる、くるっ、くるぅっ！
秀隆
秀隆
アクセラ、アクセラっ！
アクセラ、アクセラっ！
アクセラ
アクセラ
やっ、や、やっ、あっ、あ、あっ、あっ、ふあ、ああっ！
やっ、や、やっ、あっ、あ、あっ、あっ、ふあ、ああっ！
アクセラ
アクセラ
だ、ダメです、や、やぁあああっ、あああああっ！！
だ、ダメです、や、やぁあああっ、あああああっ！！
秀隆
秀隆
島津の精子を、お注ぎ申すっ！！
島津の精子を、お注ぎ申すっ！！
アクセラ
アクセラ
は、はあ、う、ああっ！　ああっ！
は、はあ、う、ああっ！　ああっ！
アクセラの中に射精し、その全てを注ぎ込む。
アクセラの中に射精し、その全てを注ぎ込む。
秀隆
秀隆
気持ちよかった……
気持ちよかった……
アクセラ
アクセラ
はい……わ、私もです……
はい……わ、私もです……
