男店員
男店員
ありがとござっしたあ！
ありがとござっしたあ！
se街中の店舗
se街中の店舗
がーっと自動ドアを抜け、オレは薬局を後にしていた。
がーっと自動ドアを抜け、オレは薬局を後にしていた。
秀隆
秀隆
ふう……これで大丈夫だと思うんだけど
ふう……これで大丈夫だと思うんだけど
手にしているビニール袋の中には、下痢止めの薬が入っている。
手にしているビニール袋の中には、下痢止めの薬が入っている。
ここ数週間、本当に下痢が酷い。
ここ数週間、本当に下痢が酷い。
秀隆
秀隆
杉村さんに会いに行ったついでに、診察してもらえばよかったかも……
杉村さんに会いに行ったついでに、診察してもらえばよかったかも……
そんなことを思ったが、後の祭り。
そんなことを思ったが、後の祭り。
わざわざ下痢のためだけに病院を訪れる気にはなれなかった。
わざわざ下痢のためだけに病院を訪れる気にはなれなかった。
秀隆
秀隆
薬は買ったし、とりあえず帰るか
薬は買ったし、とりあえず帰るか
公園まで差し掛かったとき、ベンチに座る萩野の姿が見えた。
公園まで差し掛かったとき、ベンチに座る萩野の姿が見えた。
誰か、男の人と話しをしているようだが、困っている様子だった。
誰か、男の人と話しをしているようだが、困っている様子だった。
秀隆
秀隆
くそ、ここはナンパの巣窟か？　困ってる生徒を放ってはおけないぜ
くそ、ここはナンパの巣窟か？　困ってる生徒を放ってはおけないぜ
オレは勇み足で萩野の傍へと向かった。
オレは勇み足で萩野の傍へと向かった。
萩野
萩野
あっ、先生！
あっ、先生！
秀隆
秀隆
ちょっと、うちの生徒に何か御用ですか？
ちょっと、うちの生徒に何か御用ですか？
秀隆
秀隆
って……あれ？
って……あれ？
？？？】※ユウキ
？？？】※ユウキ
あれ？　昨日の人じゃん。奇遇だね
あれ？　昨日の人じゃん。奇遇だね
この人は、懲りずにまたナンパしてたのか……。
この人は、懲りずにまたナンパしてたのか……。
萩野
萩野
あ、あの。私友達と約束があるから、さよならっ
あ、あの。私友達と約束があるから、さよならっ
オレと男の人の間を縫うようにして、萩野は駆け足で去っていった。
オレと男の人の間を縫うようにして、萩野は駆け足で去っていった。
？？？】※ユウキ
？？？】※ユウキ
あ～あ、また振られたかぁ
あ～あ、また振られたかぁ
秀隆
秀隆
いつもここでナンパを？
いつもここでナンパを？
？？？】※ユウキ
？？？】※ユウキ
いやーあちこち？　中々成功しないんだよねぇ……
いやーあちこち？　中々成功しないんだよねぇ……
ぽりぽりと恥ずかしそうに頬をかく。
ぽりぽりと恥ずかしそうに頬をかく。
悪い人って感じはしない。
悪い人って感じはしない。
？？？】※ユウキ
？？？】※ユウキ
え、うちの生徒？　あ、いやぁちょっとナンパを。ははは
え、うちの生徒？　あ、いやぁちょっとナンパを。ははは
秀隆
秀隆
大丈夫か？　萩野
大丈夫か？　萩野
萩野
萩野
あ、うん。普通に話しかけられてただけだから……
あ、うん。普通に話しかけられてただけだから……
少し急いでいるのか、立ち上がると、さっと駆け出した。
少し急いでいるのか、立ち上がると、さっと駆け出した。
萩野
萩野
私友達と約束があるから、それじゃ！
私友達と約束があるから、それじゃ！
逃げるようにして去って行った。
逃げるようにして去って行った。
？？？】※ユウキ
？？？】※ユウキ
ナンパって、ホント難しいなぁ
ナンパって、ホント難しいなぁ
ぽりぽりと恥ずかしそうに頬をかく。
ぽりぽりと恥ずかしそうに頬をかく。
悪い人って感じはしないが……。
悪い人って感じはしないが……。
？？？】※ユウキ
？？？】※ユウキ
それよりさ、先生って呼ばれてたけど、もしかして学園の先生？
それよりさ、先生って呼ばれてたけど、もしかして学園の先生？
秀隆
秀隆
あ、うん。慶桜学園で臨時教師やってるんです
あ、うん。慶桜学園で臨時教師やってるんです
？？？】※ユウキ
？？？】※ユウキ
じょ、女子学園の教師！　う、羨ましすぎる……
じょ、女子学園の教師！　う、羨ましすぎる……
秀隆
秀隆
聞くだけなら夢の職業だよねぇ……聞くだけなら
聞くだけなら夢の職業だよねぇ……聞くだけなら
ユウキ
ユウキ
あっ、俺、ユウキって言うんだ。よろしくなっ先生！
あっ、俺、ユウキって言うんだ。よろしくなっ先生！
秀隆
秀隆
よろしくって……なんで自己紹介？
よろしくって……なんで自己紹介？
ユウキ
ユウキ
だって女子学園の先生と友達になっておけば、
だって女子学園の先生と友達になっておけば、
色々と美味しい思いできるかも知れないじゃん？
色々と美味しい思いできるかも知れないじゃん？
秀隆
秀隆
多分出来ないと思いますが……
多分出来ないと思いますが……
ユウキ
ユウキ
あの子みたいにレベルの高い子、多い？
あの子みたいにレベルの高い子、多い？
秀隆
秀隆
教師としては、その質問には答えられないですね
教師としては、その質問には答えられないですね
ユウキ
ユウキ
でもほら、ちょっとくらいさ。
でもほら、ちょっとくらいさ。
じゃあ、あれ。例えば、発育具合とか！
じゃあ、あれ。例えば、発育具合とか！
秀隆
秀隆
発育具合？
発育具合？
ユウキ
ユウキ
ボインちゃんは多い？
ボインちゃんは多い？
秀隆
秀隆
……まぁ、それは、そうかな？
……まぁ、それは、そうかな？
ユウキ
ユウキ
おっ、いいねえ！　俺巨乳好きなんだよね！
おっ、いいねえ！　俺巨乳好きなんだよね！
秀隆
秀隆
いや……オレは仮にも聖職者なんで
いや……オレは仮にも聖職者なんで
秀隆
秀隆
でね、去年卒業した子、驚愕のＧカップだったんですよ！
でね、去年卒業した子、驚愕のＧカップだったんですよ！
ユウキ
ユウキ
でっけえええええ！！
でっけえええええ！！
すっかり巨乳話で盛り上がっていた。
すっかり巨乳話で盛り上がっていた。
秀隆
秀隆
入学した時からＦはあったみたいなんだが、
入学した時からＦはあったみたいなんだが、
どうにもまだ成長を続けてるって話で
どうにもまだ成長を続けてるって話で
ユウキ
ユウキ
ってことは、Ｉカップとかになってたりしてっ！
ってことは、Ｉカップとかになってたりしてっ！
秀隆
秀隆
ありえない話じゃないな……
ありえない話じゃないな……
ユウキ
ユウキ
たまりまへんなぁ
たまりまへんなぁ
秀隆
秀隆
たまりまへんなぁ
たまりまへんなぁ
二人でドリンクをすすりながら、夢のようなトークを楽しむ。
二人でドリンクをすすりながら、夢のようなトークを楽しむ。
秀隆
秀隆
いやぁ、ここまでおっぱいで熱く語れようとは
いやぁ、ここまでおっぱいで熱く語れようとは
ユウキ
ユウキ
俺も随分久しぶりだよ
俺も随分久しぶりだよ
ユウキ
ユウキ
いいなぁ、先生って
いいなぁ、先生って
秀隆
秀隆
まぁ教師がいやらしい目で見るのは、アレだけど……
まぁ教師がいやらしい目で見るのは、アレだけど……
秀隆
秀隆
それに、正社員じゃないってのは結構辛いんですよ？
それに、正社員じゃないってのは結構辛いんですよ？
ユウキ
ユウキ
固く縛られすぎないって考えも出来るんじゃないか？
固く縛られすぎないって考えも出来るんじゃないか？
秀隆
秀隆
そりゃそうですけど……満足にほしいものも買えないしなぁ
そりゃそうですけど……満足にほしいものも買えないしなぁ
ユウキ
ユウキ
欲しいものって何だよ？
欲しいものって何だよ？
秀隆
秀隆
そうだな……うーん……
そうだな……うーん……
考えてみると、意外となかった。
考えてみると、意外となかった。
調理マシンとか、欲しいけど、今すぐ買わなきゃってものでもないしなぁ。
調理マシンとか、欲しいけど、今すぐ買わなきゃってものでもないしなぁ。
秀隆
秀隆
やっぱ貯金かな……将来への不安とかあるし
やっぱ貯金かな……将来への不安とかあるし
ユウキ
ユウキ
そんなの、おっさんになってからでいいじゃん？　若いうちは遊ばなきゃ損だぜ
そんなの、おっさんになってからでいいじゃん？　若いうちは遊ばなきゃ損だぜ
秀隆
秀隆
気楽だなぁ。えーっと、ユウキ、さんは今何してるんです？
気楽だなぁ。えーっと、ユウキ、さんは今何してるんです？
ユウキ
ユウキ
あーあー、敬語とかいらないって。呼び捨てにしてくれよ。俺も秀隆って呼ぶからさ
あーあー、敬語とかいらないって。呼び捨てにしてくれよ。俺も秀隆って呼ぶからさ
秀隆
秀隆
え、あ、そうかな……わかった
え、あ、そうかな……わかった
ユウキ
ユウキ
俺はボディーガードだよ
俺はボディーガードだよ
秀隆
秀隆
ボディーガード……凄いですね。給料とかも高そうだし
ボディーガード……凄いですね。給料とかも高そうだし
ユウキ
ユウキ
いやー俺はちょっと特別でさ。色々事情があるんだよね
いやー俺はちょっと特別でさ。色々事情があるんだよね
苦笑いを浮かべた後、ユウキはその話題をやめてしまった。
苦笑いを浮かべた後、ユウキはその話題をやめてしまった。
あまり触れない方がいいのかも知れない。
あまり触れない方がいいのかも知れない。
ユウキ
ユウキ
うおっ！　秀隆、すげぇ可愛い子見つけた！
うおっ！　秀隆、すげぇ可愛い子見つけた！
がばっと立ち上がり、その可愛い子らしい女性を指差す。
がばっと立ち上がり、その可愛い子らしい女性を指差す。
秀隆
秀隆
ほんと、可愛い子が好きだな
ほんと、可愛い子が好きだな
ユウキ
ユウキ
可愛い子が好きなのは当たり前じゃね？
可愛い子が好きなのは当たり前じゃね？
秀隆
秀隆
まぁ……そうだけど
まぁ……そうだけど
ユウキの言う可愛い子を見ようと振り返る。
ユウキの言う可愛い子を見ようと振り返る。
秀隆
秀隆
うお
うお
オレは別の理由で驚きの声をあげる。
オレは別の理由で驚きの声をあげる。
視線の先にいたのは、ゆっくりと歩く秋の姿だった。
視線の先にいたのは、ゆっくりと歩く秋の姿だった。
秀隆
秀隆
思わず目に入ってしまった
思わず目に入ってしまった
多分散歩してるんだろう。
多分散歩してるんだろう。
オレは改めてユウキの言う可愛い子を探す。
オレは改めてユウキの言う可愛い子を探す。
しかし、見つけることが出来なかった。
しかし、見つけることが出来なかった。
秀隆
秀隆
ん？　どこだって？
ん？　どこだって？
ユウキ
ユウキ
え、ほらあそこだって、ツインテールの子
え、ほらあそこだって、ツインテールの子
秀隆
秀隆
え～っと？
え～っと？
やっぱり見当たらない。
やっぱり見当たらない。
秋以外にツインテールの子なんているか？
秋以外にツインテールの子なんているか？
秀隆
秀隆
どこだよ？
どこだよ？
ユウキ
ユウキ
かーっ、ちょっと待ってろよ。
かーっ、ちょっと待ってろよ。
今からびしっとナンパしてくるから
今からびしっとナンパしてくるから
秀隆
秀隆
びしっとねぇ……
びしっとねぇ……
まぁ、様子を見守ることにしよう。
まぁ、様子を見守ることにしよう。
飛び出していくユウキの背中を見つめていると、段々と秋に近づいている。
飛び出していくユウキの背中を見つめていると、段々と秋に近づいている。
秀隆
秀隆
え？　まさか？
え？　まさか？
そう思っているうちに、ユウキは秋に話しかけてしまっていた。
そう思っているうちに、ユウキは秋に話しかけてしまっていた。
秀隆
秀隆
可愛い子、つったろうが……
可愛い子、つったろうが……
しかも、巨乳好きとか言いながら、なんで秋なんだよ。
しかも、巨乳好きとか言いながら、なんで秋なんだよ。
呆れそうになりながらも、オレはユウキの後を追った。
呆れそうになりながらも、オレはユウキの後を追った。
ユウキ
ユウキ
でさでさ、ちょっとそこでお茶でもしない？　俺の友達もいるんだけどさ
でさでさ、ちょっとそこでお茶でもしない？　俺の友達もいるんだけどさ
秋
秋
いえ……私は、そう言うのは結構です……
いえ……私は、そう言うのは結構です……
ユウキ
ユウキ
そう言わないでさぁ
そう言わないでさぁ
秀隆
秀隆
おいユウキ。オレたちが求める可愛い子は、巨乳でスレンダーな子だろ
おいユウキ。オレたちが求める可愛い子は、巨乳でスレンダーな子だろ
ユウキ
ユウキ
俺は確かに巨乳好きだけど、巨乳限定ってわけじゃないんだぜ！
俺は確かに巨乳好きだけど、巨乳限定ってわけじゃないんだぜ！
そんな爽やかに言うな……。
そんな爽やかに言うな……。
秋
秋
……兄さん
……兄さん
秀隆
秀隆
あ～おまえはもう行っていいぞ
あ～おまえはもう行っていいぞ
ユウキ
ユウキ
え、え、もしかしてこの子とも知り合い？　やっぱ秀隆って顔が広いな！　さすが先生！
え、え、もしかしてこの子とも知り合い？　やっぱ秀隆って顔が広いな！　さすが先生！
秀隆
秀隆
いや、オレたち兄妹だから
いや、オレたち兄妹だから
ユウキ
ユウキ
なんだって！　妹持ち！？　女学園の教師で、かつ妹持ちなんて……羨ましすぎる！
なんだって！　妹持ち！？　女学園の教師で、かつ妹持ちなんて……羨ましすぎる！
秋
秋
兄さんのお友達でしたか。失礼しました
兄さんのお友達でしたか。失礼しました
秋が、ぺこりと頭を下げる。
秋が、ぺこりと頭を下げる。
ユウキ
ユウキ
あぁいやいや、こっちこそごめんね、急に声かけたりして
あぁいやいや、こっちこそごめんね、急に声かけたりして
オレの知り合いと悟るや、秋は少しだけ笑顔を見せた。
オレの知り合いと悟るや、秋は少しだけ笑顔を見せた。
何故か、秋も交えてお茶をすることになってしまった。
何故か、秋も交えてお茶をすることになってしまった。
ユウキは陽気な足取りで、秋のドリンクを取りに行っている。
ユウキは陽気な足取りで、秋のドリンクを取りに行っている。
秀隆
秀隆
もう体調はいいのかよ
もう体調はいいのかよ
秋
秋
はい。今日の朝には、すっかり良くなりましたので
はい。今日の朝には、すっかり良くなりましたので
秀隆
秀隆
そうか
そうか
秋
秋
兄さんにお友達がいるなんて、初めて知りました
兄さんにお友達がいるなんて、初めて知りました
秀隆
秀隆
まぁ、友達になったばっかりなんだけどな
まぁ、友達になったばっかりなんだけどな
秋
秋
友達になったばかりの人と一緒に、女の子に声をかけてたんですか？
友達になったばかりの人と一緒に、女の子に声をかけてたんですか？
秀隆
秀隆
どうでもいいだろ、別に
どうでもいいだろ、別に
秋
秋
そうですね
そうですね
……会話が止まる。
……会話が止まる。
早くユウキが戻ってこないかな……。
早くユウキが戻ってこないかな……。
オレは適当に他のところを見て時間を潰す。
オレは適当に他のところを見て時間を潰す。
ユウキ
ユウキ
お待たせ
お待たせ
秋
秋
ありがとうございます
ありがとうございます
ユウキからドリンクを受け取る。
ユウキからドリンクを受け取る。
ユウキ
ユウキ
さすがに、秀隆の妹をナンパするわけにはいかないよな
さすがに、秀隆の妹をナンパするわけにはいかないよな
たははと笑いながら、何故か携帯を取り出す。
たははと笑いながら、何故か携帯を取り出す。
ユウキ
ユウキ
メアド交換しようよ、メアド
メアド交換しようよ、メアド
秋
秋
あ、はい。大丈夫ですよ
あ、はい。大丈夫ですよ
どう見てもナンパしてるようにしか見えないが、まぁいいだろう。
どう見てもナンパしてるようにしか見えないが、まぁいいだろう。
秋も携帯を取り出し、2人でピコピコとやりとりをしていた。
秋も携帯を取り出し、2人でピコピコとやりとりをしていた。
ユウキ
ユウキ
恋したい女の子とか、友達にいないかな？
恋したい女の子とか、友達にいないかな？
もしいたら、紹介して欲しいなーなんて
もしいたら、紹介して欲しいなーなんて
秋
秋
そうですね……恋愛に憧れてる子は、結構いると思います
そうですね……恋愛に憧れてる子は、結構いると思います
ユウキ
ユウキ
おおお！
おおお！
ひとりテンションをあげるユウキ。
ひとりテンションをあげるユウキ。
秀隆
秀隆
おまえは女学園の本当の姿を知らないから気楽なんだよ。女って結構グロいぜ？
おまえは女学園の本当の姿を知らないから気楽なんだよ。女って結構グロいぜ？
秋
秋
こう言ってますが、兄さんはかなり女の人が好きなので
こう言ってますが、兄さんはかなり女の人が好きなので
秀隆
秀隆
…………
…………
ユウキ
ユウキ
男は皆そうさ！　恥じることはないぜ！
男は皆そうさ！　恥じることはないぜ！
秀隆
秀隆
別に恥じてるわけじゃないけど……理想ほど簡単にはいかないもんさ
別に恥じてるわけじゃないけど……理想ほど簡単にはいかないもんさ
ユウキ
ユウキ
はぁ～。彼女欲しいな
はぁ～。彼女欲しいな
ぐてっとテーブルに上半身を倒し、素直な欲求を口にする。
ぐてっとテーブルに上半身を倒し、素直な欲求を口にする。
秋
秋
えぇっと……ユウキさん、は、女の子にモテそうに思えますけど
えぇっと……ユウキさん、は、女の子にモテそうに思えますけど
ユウキ
ユウキ
ほんとにぃ？　そう言ってくれるのは嬉しいけど、玉砕続きでさぁ
ほんとにぃ？　そう言ってくれるのは嬉しいけど、玉砕続きでさぁ
秀隆
秀隆
外見は悪くないから、声のかけ方に問題があるんじゃないかな？
外見は悪くないから、声のかけ方に問題があるんじゃないかな？
ユウキ
ユウキ
お茶しよ～とか、これから暇～とか、オーソドックスなんだけどなあ
お茶しよ～とか、これから暇～とか、オーソドックスなんだけどなあ
秀隆
秀隆
女の子としてはどうなんだ？　その辺
女の子としてはどうなんだ？　その辺
秋
秋
私には、ちょっと分からないですけど……
私には、ちょっと分からないですけど……
やっぱりいきなり出会った人に誘われるのは、少し怖いですね
やっぱりいきなり出会った人に誘われるのは、少し怖いですね
ユウキ
ユウキ
ナンパはダメってこと？
ナンパはダメってこと？
秋
秋
絶対ダメってわけではありませんが……
絶対ダメってわけではありませんが……
普通に知り合って、友達になって、それから恋人になっていく……
普通に知り合って、友達になって、それから恋人になっていく……
そう言う当たり前の過程が、みんなの憧れなんじゃないかなって
そう言う当たり前の過程が、みんなの憧れなんじゃないかなって
ユウキ
ユウキ
てことは、俺と秋ちゃんはその可能性があるってことかな？
てことは、俺と秋ちゃんはその可能性があるってことかな？
がばっと身体を起こす。
がばっと身体を起こす。
ユウキ
ユウキ
最初はナンパな出逢いだけど、秀隆って共通の存在がいてさ。
最初はナンパな出逢いだけど、秀隆って共通の存在がいてさ。
こうしてお互いに名乗りあって、携帯で連絡先も交換したわけだから
こうしてお互いに名乗りあって、携帯で連絡先も交換したわけだから
秋
秋
そう……ですね。こう言うのを、出逢いと言うのかも知れませんね
そう……ですね。こう言うのを、出逢いと言うのかも知れませんね
秀隆
秀隆
秋を狙うのは、色々苦労するぞ
秋を狙うのは、色々苦労するぞ
秋
秋
そうですか？
そうですか？
秀隆
秀隆
朝は弱いし、料理は出来ないし
朝は弱いし、料理は出来ないし
秋
秋
それは、そうですけど……
それは、そうですけど……
ユウキ
ユウキ
俺全然おっけえ！　料理できなくたっていいよ！
俺全然おっけえ！　料理できなくたっていいよ！
秋
秋
あはは……すみません、でも、私はやめておいた方がいいと思います
あはは……すみません、でも、私はやめておいた方がいいと思います
ユウキ
ユウキ
振られた！
振られた！
秋
秋
そうではなくて……多分、満足に遊ぶことも出来ないと思いますから
そうではなくて……多分、満足に遊ぶことも出来ないと思いますから
ユウキ
ユウキ
ん？　どゆこと？
ん？　どゆこと？
秀隆
秀隆
生まれつき身体が弱いんだ
生まれつき身体が弱いんだ
それを聞いた瞬間、ユウキの表情から笑顔が薄れた。
それを聞いた瞬間、ユウキの表情から笑顔が薄れた。
ユウキ
ユウキ
え、あ、ごめ……俺、色々、余計なことしちゃってる？
え、あ、ごめ……俺、色々、余計なことしちゃってる？
秋
秋
いえ。今日はこうして元気に出歩いてますし、普段の生活に支障はないので
いえ。今日はこうして元気に出歩いてますし、普段の生活に支障はないので
秋
秋
ただ……遠出も出来ないし、すぐ、熱も出してしまったりして……
ただ……遠出も出来ないし、すぐ、熱も出してしまったりして……
秋
秋
女の子として当たり前のことを、してあげられないと思います
女の子として当たり前のことを、してあげられないと思います
ユウキ
ユウキ
秋ちゃん……
秋ちゃん……
何を思ったか、ユウキはぎゅっと秋の手を握り締めた。
何を思ったか、ユウキはぎゅっと秋の手を握り締めた。
ユウキ
ユウキ
本気で好きになるかも
本気で好きになるかも
秋
秋
えっ……
えっ……
ユウキ
ユウキ
そりゃ、好きな子と、どっか出かけたり、はしゃいだりはしたいけど。でも、俺は好きになった子となら、ただのお喋りだけでも十分だぜ
そりゃ、好きな子と、どっか出かけたり、はしゃいだりはしたいけど。でも、俺は好きになった子となら、ただのお喋りだけでも十分だぜ
ユウキ
ユウキ
もうこの際、恋人がどうとか言わないよ。
もうこの際、恋人がどうとか言わないよ。
まずはキチンと、俺と友達になってください
まずはキチンと、俺と友達になってください
その言葉に驚いたようだが、にっこりと秋が微笑む。
その言葉に驚いたようだが、にっこりと秋が微笑む。
秋
秋
ありがとうございます。喜んで
ありがとうございます。喜んで
うーむ、こうしてみてると、そこそこモテてもよさそうなもんだけどなぁ。
うーむ、こうしてみてると、そこそこモテてもよさそうなもんだけどなぁ。
喋り方に嫌な感じはないし、面白いし。
喋り方に嫌な感じはないし、面白いし。
ユウキ
ユウキ
俺、玉砕続きって言ったじゃん？　あれには、理由があるんだよね
俺、玉砕続きって言ったじゃん？　あれには、理由があるんだよね
秀隆
秀隆
理由？
理由？
ユウキ
ユウキ
ほんとはさ、言いたくないんだけど……
ほんとはさ、言いたくないんだけど……
でも、お前らとは本気で仲良くなりたいと思ったから言うよ
でも、お前らとは本気で仲良くなりたいと思ったから言うよ
ユウキは真剣な顔つきを見せると、オレたち２人を交互に見やった。
ユウキは真剣な顔つきを見せると、オレたち２人を交互に見やった。
ユウキ
ユウキ
人間じゃないんだよね、俺
人間じゃないんだよね、俺
秀隆
秀隆
……は？
……は？
ユウキ
ユウキ
アンドロイドなんだよ。ロボットってこと
アンドロイドなんだよ。ロボットってこと
秀隆
秀隆
え、あ、マジで？
え、あ、マジで？
秋
秋
嘘……
嘘……
ユウキ
ユウキ
やっぱ驚く？　驚いちゃうよな。でも本当だぜ
やっぱ驚く？　驚いちゃうよな。でも本当だぜ
そう言って、身体の一部を見せて来た。
そう言って、身体の一部を見せて来た。
間違いなく……アンドロイドだった。
間違いなく……アンドロイドだった。
でも、ユウキの身体にはリングらしきものが見当たらないが……。
でも、ユウキの身体にはリングらしきものが見当たらないが……。
ユウキ
ユウキ
この話をしたらさ、皆離れて行っちゃうんだよ。
この話をしたらさ、皆離れて行っちゃうんだよ。
ロボットと友達になれるわけがない、恋人になれるわけがないってさ
ロボットと友達になれるわけがない、恋人になれるわけがないってさ
表情は笑っていたが、どこか寂しそうに見えた。
表情は笑っていたが、どこか寂しそうに見えた。
ユウキ
ユウキ
だから友達って呼べる存在、今まで１人も出来たことないんだよね
だから友達って呼べる存在、今まで１人も出来たことないんだよね
秋
秋
そうだったんですか……
そうだったんですか……
ユウキ
ユウキ
やっぱり嫌？　俺がアンドロイドって分かると
やっぱり嫌？　俺がアンドロイドって分かると
秀隆
秀隆
嫌って言うか、信じられないってのが正直なところだな
嫌って言うか、信じられないってのが正直なところだな
秋
秋
人間をナンパするアンドロイドなんて、聞いたこともないですし
人間をナンパするアンドロイドなんて、聞いたこともないですし
ユウキ
ユウキ
俺はちょっと特別な存在だからね
俺はちょっと特別な存在だからね
秀隆
秀隆
アンドロイドだからって差別するつもりはない。絶対に
アンドロイドだからって差別するつもりはない。絶対に
秋も同じ気持ちだったのか、深く頷いた。
秋も同じ気持ちだったのか、深く頷いた。
ユウキ
ユウキ
そ、そう？　そう言ってくれる？
そ、そう？　そう言ってくれる？
告白したユウキ自身が、ちょっと半信半疑なようだった。
告白したユウキ自身が、ちょっと半信半疑なようだった。
ユウキ
ユウキ
嬉しいなぁ。って、お！　あれみてみろよ！
嬉しいなぁ。って、お！　あれみてみろよ！
秀隆
秀隆
ん？
ん？
ユウキが指差した先、凄い車が車道に止まっていた。
ユウキが指差した先、凄い車が車道に止まっていた。
一面に女の子の写真をプリントした車だ。
一面に女の子の写真をプリントした車だ。
秀隆
秀隆
なんだあれ……
なんだあれ……
ユウキ
ユウキ
今大人気のアイドル、水野凛ちゃんだよ！！
今大人気のアイドル、水野凛ちゃんだよ！！
秀隆
秀隆
いや、アイドルとかそう言うのはいいけど、凄く目立つ車だな
いや、アイドルとかそう言うのはいいけど、凄く目立つ車だな
オレは恥ずかしくて乗れそうもないぞ、あんな車。
オレは恥ずかしくて乗れそうもないぞ、あんな車。
ユウキ
ユウキ
乗ってるのはアイドルオタクなんだろうなあ
乗ってるのはアイドルオタクなんだろうなあ
何故かあの派手な車を羨ましそうに見るユウキ。
何故かあの派手な車を羨ましそうに見るユウキ。
ユウキ
ユウキ
可愛いよなぁ
可愛いよなぁ
秀隆
秀隆
水野凛ねぇ……
水野凛ねぇ……
確かにあれだけ目立てば、所有者としては満足なんだろうけど。
確かにあれだけ目立てば、所有者としては満足なんだろうけど。
オレたちはその後、雑談に華を咲かせた。
オレたちはその後、雑談に華を咲かせた。
秋
秋
あの……
あの……
秀隆
秀隆
ん？
ん？
風呂上り、リビングに戻ると秋に声をかけられた。
風呂上り、リビングに戻ると秋に声をかけられた。
秋
秋
先ほど電話がありました
先ほど電話がありました
秀隆
秀隆
電話？　誰から
電話？　誰から
秋
秋
唐沢さんです
唐沢さんです
思いがけない名前だった。
思いがけない名前だった。
秀隆
秀隆
唐沢さん？　おまえに何か用だって？
唐沢さん？　おまえに何か用だって？
秋
秋
あ、私には兄さんの後でかけたみたいです。繋がらないから伝言を頼みたいと
あ、私には兄さんの後でかけたみたいです。繋がらないから伝言を頼みたいと
携帯を開くと、風呂に入っている間に着信があったようだ。
携帯を開くと、風呂に入っている間に着信があったようだ。
秋
秋
明日、時間が取れるようなら会いたいから、兄さんに伝えてくれと
明日、時間が取れるようなら会いたいから、兄さんに伝えてくれと
秀隆
秀隆
何の用件だろうな？
何の用件だろうな？
秋
秋
さぁ……そこまでは聞いていません
さぁ……そこまでは聞いていません
秀隆
秀隆
わかった。あとで連絡しておく
わかった。あとで連絡しておく
秋
秋
はい
はい
秋
秋
それじゃ、おやすみなさい
それじゃ、おやすみなさい
秀隆
秀隆
ああ、お休み
ああ、お休み
秀隆
秀隆
唐沢さんか……
唐沢さんか……
秀隆
秀隆
なんか、あんまり良い予感がしないな
なんか、あんまり良い予感がしないな
先日の杉村さんとの会話を思い出してしまう。
先日の杉村さんとの会話を思い出してしまう。
あの人はまだ、オレを特務官にすることを諦めていないのだろうか。
あの人はまだ、オレを特務官にすることを諦めていないのだろうか。
もしそう言う話なら、断ることは確定しているので聞きたくない。
もしそう言う話なら、断ることは確定しているので聞きたくない。
でも、だからって、すみません忙しいので会うのは無理、なんてことは出来ない。
でも、だからって、すみません忙しいので会うのは無理、なんてことは出来ない。
唐沢さんには返しても返しきれない恩がある。
唐沢さんには返しても返しきれない恩がある。
それに
それに
話の内容はともかく、唐沢さんに会いたいって気持ちはあるのだ。
話の内容はともかく、唐沢さんに会いたいって気持ちはあるのだ。
オレは仕事が終わる夕方以降なら、いつでも大丈夫ですと書き込み、返信した。
オレは仕事が終わる夕方以降なら、いつでも大丈夫ですと書き込み、返信した。
…………。
…………。
……。
……。
