オレと希望が付き合いだして、数ヶ月経ったある日。
オレと希望が付き合いだして、数ヶ月経ったある日。
ドリームタウンではある企業の大々的なパーティーが催されていた。
ドリームタウンではある企業の大々的なパーティーが催されていた。
オレも特務官の一員として参加し、
オレも特務官の一員として参加し、
そして希望もまた、大河内代表の娘として参加していた。
そして希望もまた、大河内代表の娘として参加していた。
秀隆
秀隆
うーむ、ドレス姿の希望も可愛い……
うーむ、ドレス姿の希望も可愛い……
しかし、最近は大河内代表との件もあって、
しかし、最近は大河内代表との件もあって、
オレと希望は満足に二人きりで会えなくなっていた。
オレと希望は満足に二人きりで会えなくなっていた。
今も、不用意な接触は出来ない。
今も、不用意な接触は出来ない。
でも……。
でも……。
希望
希望
…………
…………
オレと希望はアイコンタクトで会話をする。
オレと希望はアイコンタクトで会話をする。
想いが通じ合っていれば、それでも分かり合えるのだ。
想いが通じ合っていれば、それでも分かり合えるのだ。
だから、オレは精一杯の想いをこめて、こう伝えた。
だから、オレは精一杯の想いをこめて、こう伝えた。
エッチしたい！
エッチしたい！
希望
希望
…………
…………
露骨に嫌な表情を見せる希望。
露骨に嫌な表情を見せる希望。
どうやら、オレのアイコンタクトは伝わり損ねたようだ。
どうやら、オレのアイコンタクトは伝わり損ねたようだ。
ならばもう一度―――。
ならばもう一度―――。
エッチがしたい！
エッチがしたい！
エッチがしたい！
エッチがしたい！
希望
希望
…………
…………
やっぱり嫌な顔をされる。
やっぱり嫌な顔をされる。
うーむ、上手く伝わらないものだ。
うーむ、上手く伝わらないものだ。
エッチが
エッチが
…………。
…………。
オレの何度目かの思いが通じ、希望はドレス姿のまま応接室にやって来た。
オレの何度目かの思いが通じ、希望はドレス姿のまま応接室にやって来た。
希望
希望
もうっ、秀隆くんの欲望が凄く飛んできてたよ……何度も
もうっ、秀隆くんの欲望が凄く飛んできてたよ……何度も
秀隆
秀隆
あれ、通じてたのか。オレはてっきり、伝わってないのかと
あれ、通じてたのか。オレはてっきり、伝わってないのかと
希望
希望
露骨に伝わってたよっ
露骨に伝わってたよっ
秀隆
秀隆
嫌そうな顔してたし
嫌そうな顔してたし
希望
希望
久しぶりに会ったのに、いきなりエッチだなんて……
久しぶりに会ったのに、いきなりエッチだなんて……
秀隆
秀隆
嫌じゃないだろ？
嫌じゃないだろ？
希望
希望
それは……
それは……
秀隆
秀隆
ってことで、な？
ってことで、な？
希望
希望
で、でも応接室なんて、もしお父さんが来たら……
で、でも応接室なんて、もしお父さんが来たら……
秀隆
秀隆
大丈夫だ。多分
大丈夫だ。多分
希望
希望
た、多分って……
た、多分って……
オレは久しぶりの希望を堪能するように、希望へと抱きついた。
オレは久しぶりの希望を堪能するように、希望へと抱きついた。
希望
希望
ちょ、ちょっと。ドレス汚しちゃうと、大変だよ……
ちょ、ちょっと。ドレス汚しちゃうと、大変だよ……
秀隆
秀隆
でも今日の出番はもう終わっただろ？
でも今日の出番はもう終わっただろ？
希望
希望
それはそうなんだけど……んっ……
それはそうなんだけど……んっ……
秀隆
秀隆
希望のおっぱいとか、久しぶりすぎて感動を覚えるなぁ
希望のおっぱいとか、久しぶりすぎて感動を覚えるなぁ
希望
希望
……エッチ
……エッチ
秀隆
秀隆
その通り
その通り
希望
希望
んっ……ん……も、もうっ、ん、ちゅっ……
んっ……ん……も、もうっ、ん、ちゅっ……
キスをしながら、おっぱいを揉み、オレは希望の身体に証を刻んでいく。
キスをしながら、おっぱいを揉み、オレは希望の身体に証を刻んでいく。
秀隆
秀隆
オレのも、触ってくれていいんだぞ？
オレのも、触ってくれていいんだぞ？
希望
希望
えぇ
えぇ
秀隆
秀隆
何故そこで嫌がる
何故そこで嫌がる
希望
希望
穢れそうだから？
穢れそうだから？
秀隆
秀隆
おい……
おい……
希望
希望
なんて……秀隆くんのここ、可愛いもんね
なんて……秀隆くんのここ、可愛いもんね
オレの股間に触れてくる。
オレの股間に触れてくる。
秀隆
秀隆
だから可愛いって言うな。ったく……
だから可愛いって言うな。ったく……
秀隆
秀隆
あまりオレのコレを舐めると、後悔するぞ？
あまりオレのコレを舐めると、後悔するぞ？
オレはチャックをおろし、ナニを取り出す。
オレはチャックをおろし、ナニを取り出す。
希望
希望
カチカチになってる……
カチカチになってる……
秀隆
秀隆
希望の中に入りたくて仕方ないんだ、って言ってる
希望の中に入りたくて仕方ないんだ、って言ってる
希望
希望
喋るんだ？
喋るんだ？
秀隆
秀隆
喋るぞ。なあ？
喋るぞ。なあ？
クンッ。
クンッ。
オレは股間に力を込め、返事をさせるように動かした。
オレは股間に力を込め、返事をさせるように動かした。
希望
希望
わ……凄い
わ……凄い
秀隆
秀隆
だろ？　希望の中に入りたいよな？
だろ？　希望の中に入りたいよな？
クンッ。
クンッ。
希望
希望
……悪い子だね
……悪い子だね
希望は笑い、オレの息子を優しく手で包み込んだ。
希望は笑い、オレの息子を優しく手で包み込んだ。
希望
希望
……いいよ。私の中に入ってきても
……いいよ。私の中に入ってきても
希望は自分から導くように、オレのモノをもって行く。
希望は自分から導くように、オレのモノをもって行く。
それにあわせ、オレも希望の入り口へと押し付けた。
それにあわせ、オレも希望の入り口へと押し付けた。
希望
希望
んっ……
んっ……
秀隆
秀隆
いくぞ……
いくぞ……
希望
希望
あ……っ。ひ、秀隆くんが、入ってくる……
あ……っ。ひ、秀隆くんが、入ってくる……
秀隆
秀隆
オレも、希望を感じる……
オレも、希望を感じる……
希望
希望
は、んっ……く……
は、んっ……く……
希望
希望
はあ、はぁっ……んっ……んっ、はぁっ……はぁっ
はあ、はぁっ……んっ……んっ、はぁっ……はぁっ
秀隆
秀隆
久しぶりだけど、痛くないか？
久しぶりだけど、痛くないか？
希望
希望
大丈夫。全然平気
大丈夫。全然平気
秀隆
秀隆
そか……
そか……
希望
希望
沢山、愛して……
沢山、愛して……
秀隆
秀隆
もちろんだ
もちろんだ
オレは腰を動かし、希望の中で暴れまわる。
オレは腰を動かし、希望の中で暴れまわる。
希望
希望
んっ、んっ、あっ、ああぁっ、あっ、はぁっ
んっ、んっ、あっ、ああぁっ、あっ、はぁっ
希望
希望
や、はぁっ……秀隆くんの、凄く気持ちいいよ……
や、はぁっ……秀隆くんの、凄く気持ちいいよ……
秀隆
秀隆
だろ？　魅惑のテクニシャンだからな。
だろ？　魅惑のテクニシャンだからな。
泣かせてきた女の数は、無数にいるぜ
泣かせてきた女の数は、無数にいるぜ
希望
希望
ふーん
ふーん
秀隆
秀隆
な、なんでそんなさめた目になるんだよ
な、なんでそんなさめた目になるんだよ
希望
希望
そう言う言い方、好きじゃないかな
そう言う言い方、好きじゃないかな
希望
希望
私が他の男の子とエッチしてるよ、とか言われたら、どう思う？
私が他の男の子とエッチしてるよ、とか言われたら、どう思う？
秀隆
秀隆
最低最悪の気分になりました……
最低最悪の気分になりました……
希望
希望
でしょ？
でしょ？
秀隆
秀隆
わ、悪い。反省しています
わ、悪い。反省しています
希望
希望
ん。許して上げる
ん。許して上げる
秀隆
秀隆
……オレが愛してるのは希望だけだ
……オレが愛してるのは希望だけだ
希望
希望
当たり前だよ……私だって、秀隆くんだけなんだから
当たり前だよ……私だって、秀隆くんだけなんだから
希望
希望
ちゅ、ちゅっ……んちゅ、ちゅっ……
ちゅ、ちゅっ……んちゅ、ちゅっ……
腰を動かしながら、希望の唇を奪う。
腰を動かしながら、希望の唇を奪う。
希望
希望
はぁ、ん、ちゅっ……ちゅ……なんか、凄くいけないことしてる
はぁ、ん、ちゅっ……ちゅ……なんか、凄くいけないことしてる
希望
希望
扉の向こうでは、お父さんたちが、いるのに……
扉の向こうでは、お父さんたちが、いるのに……
秀隆
秀隆
それで感じるなんて、エッチな子だよな、希望は
それで感じるなんて、エッチな子だよな、希望は
ぐちゅぐちゅと、希望の中は愛液でまみれている。
ぐちゅぐちゅと、希望の中は愛液でまみれている。
オレが腰を動かすたび、その音がオレと希望の耳に届く。
オレが腰を動かすたび、その音がオレと希望の耳に届く。
秀隆
秀隆
気持ちいいか？
気持ちいいか？
希望
希望
う、うん。秀隆くんの、凄く気持ちいいよ……
う、うん。秀隆くんの、凄く気持ちいいよ……
希望
希望
は、あぁっ、んっ……久しぶりだから、激しい気がする……
は、あぁっ、んっ……久しぶりだから、激しい気がする……
希望
希望
はぁ、はぁっ……も、もし人が来たら、どうしよう……
はぁ、はぁっ……も、もし人が来たら、どうしよう……
秀隆
秀隆
もし来たら？　その時は見せ付けてやればいいさ
もし来たら？　その時は見せ付けてやればいいさ
希望
希望
う、うそっ？　そ、そんなことしたら
う、うそっ？　そ、そんなことしたら
秀隆
秀隆
なんてな。もしもの時は……オレが抱きかかえて奥に逃げるよ
なんてな。もしもの時は……オレが抱きかかえて奥に逃げるよ
秀隆
秀隆
お姫様抱っこでもして、な
お姫様抱っこでもして、な
希望
希望
……それはそれで、されてみたいかも
……それはそれで、されてみたいかも
秀隆
秀隆
希望とあれば、いつでもな
希望とあれば、いつでもな
希望
希望
んっ、んっ、あっ……はぁ……っ
んっ、んっ、あっ……はぁ……っ
希望
希望
や、や、やっ、ああっ、く、んぅ、はぁっ！
や、や、やっ、ああっ、く、んぅ、はぁっ！
オレは必死に腰を振り、希望を感じさせる。
オレは必死に腰を振り、希望を感じさせる。
希望
希望
はぁ、ああっ、あんっ、んっ、あぁっ
はぁ、ああっ、あんっ、んっ、あぁっ
希望も声を抑えれないのか、感じた様子でよがっていた。
希望も声を抑えれないのか、感じた様子でよがっていた。
希望
希望
だ、だめ、あそこ、壊れちゃうっ……はぁっ、あっ、ああっ！
だ、だめ、あそこ、壊れちゃうっ……はぁっ、あっ、ああっ！
希望
希望
あぁっ、やだ、んっ、あぁっ、ああっ、あ、っ……はぁっ
あぁっ、やだ、んっ、あぁっ、ああっ、あ、っ……はぁっ
希望
希望
ひ、秀隆くん、秀隆くんっ……はぁっ、あんっ、あんっ！
ひ、秀隆くん、秀隆くんっ……はぁっ、あんっ、あんっ！
秀隆
秀隆
く、希望、希望っ……！
く、希望、希望っ……！
オレは限界を向かえ、希望の中に解き放った。
オレは限界を向かえ、希望の中に解き放った。
秀隆
秀隆
くっ！
くっ！
希望
希望
あっ、ああああああああああああっ！
あっ、ああああああああああああっ！
希望
希望
や、やぁっ、ひ、秀隆くんが、中にっ……！
や、やぁっ、ひ、秀隆くんが、中にっ……！
秀隆
秀隆
はあ、はぁっ……
はあ、はぁっ……
最後の一滴まで注ぎ込むように、オレは希望の中で果てた。
最後の一滴まで注ぎ込むように、オレは希望の中で果てた。
希望
希望
はぁっ、はぁっ…………はぁっ……
はぁっ、はぁっ…………はぁっ……
秀隆
秀隆
希望……しばらく、繋がったままでもいいか？
希望……しばらく、繋がったままでもいいか？
希望
希望
うん……いいよ……もう暫く、このままで……
うん……いいよ……もう暫く、このままで……
秀隆
秀隆
希望、愛してる……
希望、愛してる……
希望
希望
私も……
私も……
ガチャ……！
ガチャ……！
秀隆
秀隆
え？
え？
希望
希望
えっ？
えっ？
秀隆
秀隆
…………
…………
希望
希望
…………
…………
秀隆
秀隆
ぎ……
ぎ……
秀隆
秀隆
ぎええええええええええええええ！！！
ぎええええええええええええええ！！！
