男
男
……お前は誰だ？
……お前は誰だ？
男
男
何故、オレの思考の中にいる……
何故、オレの思考の中にいる……
男
男
まぁ、何だっていいさ
まぁ、何だっていいさ
男
男
興味本位なら、やめておいた方が良い
興味本位なら、やめておいた方が良い
男
男
もう物語は終わってるんだ、今更何を知る必要がある？
もう物語は終わってるんだ、今更何を知る必要がある？
男
男
とにかく戻れ
とにかく戻れ
戻らない
戻らない
戻る
戻る
男
男
それがいいだろうな
それがいいだろうな
男
男
もう、来ないことをおススメする
もう、来ないことをおススメする
男
男
忠告を無視して、突き進むつもりか？
忠告を無視して、突き進むつもりか？
男
男
いいか、これは島津秀隆の物語じゃない
いいか、これは島津秀隆の物語じゃない
男
男
ある男の、ちょっとした小さな物語だ
ある男の、ちょっとした小さな物語だ
男
男
それでもいいなら、自己責任で進め
それでもいいなら、自己責任で進め
男
男
それが納得できないなら、今すぐ戻った方がいい
それが納得できないなら、今すぐ戻った方がいい
…………。
…………。
……。
……。
男
男
やれやれ、仕方のないヤツだ
やれやれ、仕方のないヤツだ
男
男
なら始めるとしよう、その、小さな物語ってヤツを
なら始めるとしよう、その、小さな物語ってヤツを
男
男
暗い……
暗い……
男
男
そして、重い……
そして、重い……
男
男
ずきずきと、頭の中で何かがうごめいている
ずきずきと、頭の中で何かがうごめいている
男
男
なんだ、この感覚は
なんだ、この感覚は
男
男
今までに感じたことのない痛みと興奮
今までに感じたことのない痛みと興奮
男
男
……いや、違う
……いや、違う
男
男
そうじゃないのか？
そうじゃないのか？
男
男
これは目覚めだ
これは目覚めだ
男
男
覚えがある
覚えがある
男
男
生まれてから、ずっと、繰り返してきたこと
生まれてから、ずっと、繰り返してきたこと
男
男
オレは
オレは
？？？】※恭一
？？？】※恭一
…………
…………
医師
医師
意識レベル、１０、２０、３０……３５……ほぼ覚醒しました
意識レベル、１０、２０、３０……３５……ほぼ覚醒しました
麦蔵
麦蔵
ほぉ～う。本当に生き返るもんだな。驚いたぜ
ほぉ～う。本当に生き返るもんだな。驚いたぜ
麦蔵
麦蔵
混乱しているか？
混乱しているか？
医師
医師
多少脳波に乱れはありますが、ほぼ正常です。
多少脳波に乱れはありますが、ほぼ正常です。
ですが意識レベルの低さから見て完全に寝起きの状態です
ですが意識レベルの低さから見て完全に寝起きの状態です
麦蔵
麦蔵
無理ないさ。そりゃあ随分と長い間寝てたんだからな
無理ないさ。そりゃあ随分と長い間寝てたんだからな
医師
医師
くれぐれも無理なさらぬよう。
くれぐれも無理なさらぬよう。
データ不足であることを踏まえると、
データ不足であることを踏まえると、
生命に危険が生じる可能性もあります
生命に危険が生じる可能性もあります
麦蔵
麦蔵
死ねばそれまで。闇から闇へ葬るだけよ。なあ？
死ねばそれまで。闇から闇へ葬るだけよ。なあ？
医師
医師
は、はぁ……記録始めます
は、はぁ……記録始めます
医師
医師
午後８時３３分２４秒、冷凍保存より蘇生した男の聴取を始める
午後８時３３分２４秒、冷凍保存より蘇生した男の聴取を始める
？？？】※恭一
？？？】※恭一
…………
…………
麦蔵
麦蔵
よう。気分はどうだ？
よう。気分はどうだ？
？？？】※恭一
？？？】※恭一
…………
…………
麦蔵
麦蔵
喋ろうと思っても、今は喋れないようになっている。
喋ろうと思っても、今は喋れないようになっている。
突然舌を噛まれて死なれたら、面白くもなんともない
突然舌を噛まれて死なれたら、面白くもなんともない
？？？】※恭一
？？？】※恭一
…………
…………
麦蔵
麦蔵
まるで狂犬だな。実に鋭い目をしている。
まるで狂犬だな。実に鋭い目をしている。
その拘束を解けば、今にでも襲い掛かってきそうなほどだ
その拘束を解けば、今にでも襲い掛かってきそうなほどだ
麦蔵
麦蔵
しかし、自分の置かれた状況がわからないわけではあるまい？
しかし、自分の置かれた状況がわからないわけではあるまい？
麦蔵
麦蔵
今おまえの生殺与奪はこの俺が握っている。そのことを一番最初に覚えておけ
今おまえの生殺与奪はこの俺が握っている。そのことを一番最初に覚えておけ
？？？】※恭一
？？？】※恭一
…………
…………
麦蔵はスイッチを切り、音声をシャットダウンする。
麦蔵はスイッチを切り、音声をシャットダウンする。
こうすることで、室内の会話を聞かれる心配はない。
こうすることで、室内の会話を聞かれる心配はない。
麦蔵
麦蔵
どうだ、奴の心理状態は
どうだ、奴の心理状態は
医師
医師
非常に冷静です。心音、体温、ほぼ正常値のままです
非常に冷静です。心音、体温、ほぼ正常値のままです
麦蔵
麦蔵
こちらの脅し文句には動揺すら見せないということか
こちらの脅し文句には動揺すら見せないということか
医師
医師
あるいは、言葉を理解できていない可能性があります。
あるいは、言葉を理解できていない可能性があります。
あまりに乱れがなさすぎます
あまりに乱れがなさすぎます
麦蔵
麦蔵
なるほどな。なら試してみるか
なるほどな。なら試してみるか
麦蔵
麦蔵
マスクを外せ
マスクを外せ
医師
医師
よろしいのですか？
よろしいのですか？
麦蔵
麦蔵
俺が許可したんだ。外せ
俺が許可したんだ。外せ
医師
医師
は、はい
は、はい
麦蔵
麦蔵
どうだ。これで喋れるようになったわけだが。喜ばしいことだろ？
どうだ。これで喋れるようになったわけだが。喜ばしいことだろ？
？？？】※恭一
？？？】※恭一
……よろしくは、ないな
……よろしくは、ないな
麦蔵
麦蔵
俺の言葉は理解できているようで何よりだ
俺の言葉は理解できているようで何よりだ
？？？】※恭一
？？？】※恭一
てめぇは？
てめぇは？
？？？】※恭一
？？？】※恭一
オレはなぜ拘束されている……
オレはなぜ拘束されている……
麦蔵
麦蔵
状況の把握もまったく問題なし、か。こりゃ本当にたまげた
状況の把握もまったく問題なし、か。こりゃ本当にたまげた
麦蔵
麦蔵
とりあえず、互いに名乗りあうことからはじめようじゃねえか
とりあえず、互いに名乗りあうことからはじめようじゃねえか
麦蔵
麦蔵
俺は大河内麦蔵だ
俺は大河内麦蔵だ
？？？】※恭一
？？？】※恭一
オレは
オレは
？？？】※恭一
？？？】※恭一
……
……
麦蔵
麦蔵
正直に名乗れ。嘘偽りは寿命を縮めると思えよ？
正直に名乗れ。嘘偽りは寿命を縮めると思えよ？
？？？】※恭一
？？？】※恭一
オレは
オレは
？？？】※恭一
？？？】※恭一
だ、れだ……わからない……何も……
だ、れだ……わからない……何も……
恭一
恭一
思い出せない
思い出せない
恭一
恭一
なぜ？
なぜ？
恭一
恭一
オレは、誰だ？
オレは、誰だ？
恭一
恭一
昨日のことが、なにひとつ思い出せない
昨日のことが、なにひとつ思い出せない
恭一
恭一
何を食べ、どこで眠り、誰と過ごしていたのか
何を食べ、どこで眠り、誰と過ごしていたのか
医師
医師
脳波に乱れがあります。やはり全生活史健忘です
脳波に乱れがあります。やはり全生活史健忘です
恭一
恭一
オレは一体誰なんだ……？
オレは一体誰なんだ……？
？？？】※恭一
？？？】※恭一
ぐ！
ぐ！
いきなり、オレの頭をたたき割るような痛みが走った。
いきなり、オレの頭をたたき割るような痛みが走った。
？？？】※恭一
？？？】※恭一
が、あ、ぐっ！
が、あ、ぐっ！
麦蔵
麦蔵
どうなっている
どうなっている
医師
医師
恐らく、思い出すことの出来ない記憶を思い出そうとして、
恐らく、思い出すことの出来ない記憶を思い出そうとして、
その矛盾が脳へ負担をかけている、と言ったところでしょう
その矛盾が脳へ負担をかけている、と言ったところでしょう
？？？】※恭一
？？？】※恭一
は―――はぁっ……はあっ……
は―――はぁっ……はあっ……
麦蔵
麦蔵
無理に思い出す必要はない。今は持っている知識量を知りたい
無理に思い出す必要はない。今は持っている知識量を知りたい
？？？】※恭一
？？？】※恭一
どういう、意味だ……
どういう、意味だ……
麦蔵
麦蔵
冷凍保存はわかるか？
冷凍保存はわかるか？
？？？】※恭一
？？？】※恭一
……ああ
……ああ
麦蔵
麦蔵
おまえはそこで長い間眠りについていた。
おまえはそこで長い間眠りについていた。
当時では治せない病に倒れ、取られた処置だと思われる
当時では治せない病に倒れ、取られた処置だと思われる
？？？】※恭一
？？？】※恭一
病気？　オレは病気なのか？
病気？　オレは病気なのか？
麦蔵
麦蔵
既に病気は治療済みだ。だが、その頭の痛みだけはどうにもならんだろうがな
既に病気は治療済みだ。だが、その頭の痛みだけはどうにもならんだろうがな
？？？】※恭一
？？？】※恭一
そうか……その冷凍保存で眠ったせいで、記憶がないのか
そうか……その冷凍保存で眠ったせいで、記憶がないのか
麦蔵
麦蔵
そういうことになる
そういうことになる
？？？】※恭一
？？？】※恭一
記憶はいつ戻る……？
記憶はいつ戻る……？
麦蔵
麦蔵
残念だが、確率はほぼ０だろう
残念だが、確率はほぼ０だろう
麦蔵
麦蔵
おまえの冷凍カプセルは一部が破損していた。
おまえの冷凍カプセルは一部が破損していた。
その影響を脳に受けたせいで、記憶を失った
その影響を脳に受けたせいで、記憶を失った
麦蔵
麦蔵
本来全生活史健忘ってのは、
本来全生活史健忘ってのは、
時間の経過と共に戻ってくるケースが多い。
時間の経過と共に戻ってくるケースが多い。
だが、お前の場合はその可能性がなくなっていると見ていい
だが、お前の場合はその可能性がなくなっていると見ていい
？？？】※恭一
？？？】※恭一
ごっそりと、消えてしまったわけか……
ごっそりと、消えてしまったわけか……
麦蔵
麦蔵
実に冷静で助かる。そのとおりだ
実に冷静で助かる。そのとおりだ
？？？】※恭一
？？？】※恭一
なら……次だ。記憶が戻らないことは理解できた
なら……次だ。記憶が戻らないことは理解できた
？？？】※恭一
？？？】※恭一
オレはなぜ拘束されていて、これからどうなる
オレはなぜ拘束されていて、これからどうなる
麦蔵
麦蔵
危険がないようなら拘束は解いてやる
危険がないようなら拘束は解いてやる
麦蔵
麦蔵
これからどうなる、と言う質問に関しては不明だ
これからどうなる、と言う質問に関しては不明だ
麦蔵
麦蔵
それはこれから俺が判断する
それはこれから俺が判断する
？？？】※恭一
？？？】※恭一
そうか……
そうか……
麦蔵
麦蔵
何か覚えていることはないのか？　地上に関することなら何でもいい
何か覚えていることはないのか？　地上に関することなら何でもいい
？？？】※恭一
？？？】※恭一
地上に関すること？　……どういう意味だ
地上に関すること？　……どういう意味だ
麦蔵
麦蔵
ま、普通はそういう反応なるか
ま、普通はそういう反応なるか
？？？】※恭一
？？？】※恭一
…………
…………
麦蔵
麦蔵
慌てなくてもいい。時間はたっぷりあるからな
慌てなくてもいい。時間はたっぷりあるからな
？？？】※恭一
？？？】※恭一
わからない
わからない
？？？】※恭一
？？？】※恭一
何もわからないが……
何もわからないが……
麦蔵
麦蔵
わからないが？
わからないが？
？？？】※恭一
？？？】※恭一
オレは……オレの命が大切だ
オレは……オレの命が大切だ
麦蔵
麦蔵
実に正しい。当たり前のことだ
実に正しい。当たり前のことだ
？？？】※恭一
？？？】※恭一
いや、違う。絶対に死なない……
いや、違う。絶対に死なない……
医師
医師
脳波の乱れが酷くなっています、やはり、過去の会話は良くないかと……
脳波の乱れが酷くなっています、やはり、過去の会話は良くないかと……
麦蔵
麦蔵
まぁまて
まぁまて
？？？】※恭一
？？？】※恭一
生きる……生きると言うことを学んだ
生きる……生きると言うことを学んだ
？？？】※恭一
？？？】※恭一
周りはすべて敵だ……誰も、信じる、ことは……
周りはすべて敵だ……誰も、信じる、ことは……
？？？】※恭一
？？？】※恭一
く……！
く……！
？？？】※恭一
？？？】※恭一
頭が、割れそうだ……
頭が、割れそうだ……
ズキズキと、頭痛が走る。
ズキズキと、頭痛が走る。
？？？】※恭一
？？？】※恭一
だが……くくっ……これが、生きてるってことだ
だが……くくっ……これが、生きてるってことだ
？？？】※恭一
？？？】※恭一
痛みを感じられるのは生きている間だけだ。そうだろ？
痛みを感じられるのは生きている間だけだ。そうだろ？
麦蔵
麦蔵
…………
…………
医師
医師
な、何でしょうかこの男は……。
な、何でしょうかこの男は……。
明らかに蘇生させた他の人間たちとは違い異質です
明らかに蘇生させた他の人間たちとは違い異質です
麦蔵
麦蔵
そうだな。明らかに違う。だからこそ、実におもしれぇ
そうだな。明らかに違う。だからこそ、実におもしれぇ
麦蔵
麦蔵
おまえが眠りに付いてから、１５０年ほどが経過している
おまえが眠りに付いてから、１５０年ほどが経過している
麦蔵
麦蔵
そのことをどう考える
そのことをどう考える
？？？】※恭一
？？？】※恭一
どうもねえさ。どんな環境下であろうと、今を生きるだけだ
どうもねえさ。どんな環境下であろうと、今を生きるだけだ
麦蔵
麦蔵
いい答えだ。その態度、冷静さも気に入った
いい答えだ。その態度、冷静さも気に入った
麦蔵
麦蔵
この俺に服従すると誓えるか？　その誓いが立てられるなら、
この俺に服従すると誓えるか？　その誓いが立てられるなら、
おまえに自由を与えてやってもいい
おまえに自由を与えてやってもいい
？？？】※恭一
？？？】※恭一
断る。俺は、誰に服従することもない
断る。俺は、誰に服従することもない
麦蔵
麦蔵
そんなことを言っていられる場合か？
そんなことを言っていられる場合か？
今身動きの取れないお前には、一人で満足に生きることもできない
今身動きの取れないお前には、一人で満足に生きることもできない
？？？】※恭一
？？？】※恭一
どうかな。口が開くなら、おまえを殺すこともできそうだ
どうかな。口が開くなら、おまえを殺すこともできそうだ
麦蔵
麦蔵
……もう一度減らず口を聞けば、容赦はせん
……もう一度減らず口を聞けば、容赦はせん
？？？】※恭一
？？？】※恭一
ならもう一度言ってやる。モニター越しにしか
ならもう一度言ってやる。モニター越しにしか
オレに命令することができない腰抜け、弱虫野郎
オレに命令することができない腰抜け、弱虫野郎
麦蔵
麦蔵
マスクをはめろ。どうやら、もう暫く拘束されていたいらしい
マスクをはめろ。どうやら、もう暫く拘束されていたいらしい
医師
医師
はっ
はっ
…………。
…………。
恭一
恭一
オレは誰だ
オレは誰だ
恭一
恭一
この場所で、何をしている
この場所で、何をしている
恭一
恭一
なんの目的で、生きている……？
なんの目的で、生きている……？
恭一
恭一
考えようとするたび。脳が悲鳴を上げる
考えようとするたび。脳が悲鳴を上げる
恭一
恭一
信じがたいほどの痛み
信じがたいほどの痛み
麦蔵
麦蔵
あれから２４時間経過した。その状態のままいるのは辛いだろ
あれから２４時間経過した。その状態のままいるのは辛いだろ
？？？】※恭一
？？？】※恭一
…………
…………
麦蔵
麦蔵
俺に服従すると誓え。誓うなら首を縦に振れ
俺に服従すると誓え。誓うなら首を縦に振れ
？？？】※恭一
？？？】※恭一
…………
…………
麦蔵
麦蔵
何を迷う必要がある。誓えばおまえは自由だ
何を迷う必要がある。誓えばおまえは自由だ
？？？】※恭一
？？？】※恭一
…………
…………
麦蔵
麦蔵
答えはノーか。どこまでも強情な男だ。
答えはノーか。どこまでも強情な男だ。
だが、いつまでその強情さを貫けるけるのか、見ものだな
だが、いつまでその強情さを貫けるけるのか、見ものだな
麦蔵
麦蔵
奴の心理状態、体調はどうだ
奴の心理状態、体調はどうだ
医師
医師
先日とほぼ変わりません……自室でくつろぐように落ち着いています
先日とほぼ変わりません……自室でくつろぐように落ち着いています
麦蔵
麦蔵
……なに、あと１日もすれば、奴も変わるさ
……なに、あと１日もすれば、奴も変わるさ
…………。
…………。
医師
医師
もう４日目になりますが、体力の低下以外、変化ありません……
もう４日目になりますが、体力の低下以外、変化ありません……
麦蔵
麦蔵
俺は、考えを改めなきゃいけないかも知れないな……
俺は、考えを改めなきゃいけないかも知れないな……
麦蔵
麦蔵
その不屈の精神には敬意を表するが、
その不屈の精神には敬意を表するが、
人間誰しも栄養の補給ができなきゃ生きていられねぇ。
人間誰しも栄養の補給ができなきゃ生きていられねぇ。
そのままそこで朽ち果てて、死んでいってもいいのか？
そのままそこで朽ち果てて、死んでいってもいいのか？
？？？】※恭一
？？？】※恭一
…………
…………
麦蔵
麦蔵
眼光の鋭さも健在か
眼光の鋭さも健在か
こいつを外に解き放つのは、リスクが高そうだ
こいつを外に解き放つのは、リスクが高そうだ
医師
医師
どうしますか……？
どうしますか……？
麦蔵
麦蔵
奴の心が折れるまで、何日でも拘束しておく。
奴の心が折れるまで、何日でも拘束しておく。
だがこれ以上何も採らせなければ、死も近い。何か食べさせてやれ
だがこれ以上何も採らせなければ、死も近い。何か食べさせてやれ
医師
医師
点滴による接種でよろしいでしょうか？
点滴による接種でよろしいでしょうか？
麦蔵
麦蔵
いや、それじゃ効果が薄い。
いや、それじゃ効果が薄い。
生への渇望を感じさせるためには、直接食べさせてやった方が良い
生への渇望を感じさせるためには、直接食べさせてやった方が良い
医師
医師
畏まりました
畏まりました
医師
医師
いつまで抵抗するつもりなんだ？
いつまで抵抗するつもりなんだ？
こんなことを続けていても、意味がないだろう
こんなことを続けていても、意味がないだろう
？？？】※恭一
？？？】※恭一
…………
…………
医師
医師
大河内代表に従っていれば、おまえの悪いようにはならない
大河内代表に従っていれば、おまえの悪いようにはならない
医師
医師
素直に従うべきじゃないのか
素直に従うべきじゃないのか
？？？】※恭一
？？？】※恭一
…………
…………
医師
医師
全く……
全く……
医者は、拘束のマスクをゆっくりとはずす。
医者は、拘束のマスクをゆっくりとはずす。
医師
医師
飲まず食わずじゃ辛いだろ。食べろ
飲まず食わずじゃ辛いだろ。食べろ
？？？】※恭一
？？？】※恭一
……それは？
……それは？
医師
医師
ブロック栄養食だ。安心しろ、毒なんて入っていない。
ブロック栄養食だ。安心しろ、毒なんて入っていない。
そんなものわざわざ入れなくても、やりようは幾らでもあるからな
そんなものわざわざ入れなくても、やりようは幾らでもあるからな
？？？】※恭一
？？？】※恭一
このまま、オレが抵抗すればどうなる
このまま、オレが抵抗すればどうなる
医師
医師
いつまでもそのままだ。椅子の上で余生を送ることになる
いつまでもそのままだ。椅子の上で余生を送ることになる
？？？】※恭一
？？？】※恭一
そうか……
そうか……
？？？】※恭一
？？？】※恭一
オレは……ぐっ……！
オレは……ぐっ……！
医師
医師
おい、どうしたっ！？
おい、どうしたっ！？
？？？】※恭一
？？？】※恭一
あっ、ぐぅっ……っだ……
あっ、ぐぅっ……っだ……
医師
医師
何だって？　聞こえない、もう一度言ってくれ！
何だって？　聞こえない、もう一度言ってくれ！
？？？】※恭一
？？？】※恭一
……っだ……！
……っだ……！
医師
医師
もう一度っ
もう一度っ
？？？】※恭一
？？？】※恭一
何でもない
何でもない
ガリッ！
ガリッ！
医師
医師
あぐっ！　あああああっ、や、やめろおおおおお！
あぐっ！　あああああっ、や、やめろおおおおお！
医師
医師
あああああああああああああああっ！！！
あああああああああああああああっ！！！
医師
医師
み、耳が、私の耳がああああああ！！！
み、耳が、私の耳がああああああ！！！
？？？】※恭一
？？？】※恭一
ごちゃごちゃうるせぇな、耳の１つや２つで
ごちゃごちゃうるせぇな、耳の１つや２つで
医師
医師
だ、誰か、誰かああああ！！
だ、誰か、誰かああああ！！
…………。
…………。
麦蔵
麦蔵
正気か？　と、問わざるを得ないな
正気か？　と、問わざるを得ないな
？？？】※恭一
？？？】※恭一
なにが
なにが
麦蔵
麦蔵
耳を食いちぎったところで、おまえに得などないはずだ
耳を食いちぎったところで、おまえに得などないはずだ
？？？】※恭一
？？？】※恭一
そんなことはない。効果はある
そんなことはない。効果はある
？？？】※恭一
？？？】※恭一
現に、おまえの声には多少の迷い、焦りが混じっている。
現に、おまえの声には多少の迷い、焦りが混じっている。
この間までの優越感に浸っていた時とは違ってきている
この間までの優越感に浸っていた時とは違ってきている
麦蔵
麦蔵
俺に対する挑発、ということか？
俺に対する挑発、ということか？
？？？】※恭一
？？？】※恭一
いい加減、部屋に入ってきたらどうだ？
いい加減、部屋に入ってきたらどうだ？
？？？】※恭一
？？？】※恭一
そんなモニター越しじゃ、いつまで経っても事態は進退しない
そんなモニター越しじゃ、いつまで経っても事態は進退しない
医師２
医師２
危険です。奴は耳を食いちぎるような男ですよ？
危険です。奴は耳を食いちぎるような男ですよ？
麦蔵
麦蔵
触れなければ、襲うことも出来んさ
触れなければ、襲うことも出来んさ
麦蔵
麦蔵
……いいだろう。お前の望みを叶えてやる
……いいだろう。お前の望みを叶えてやる
？？？】※恭一
？？？】※恭一
どんな奴かと思えば、中年のおっさんか
どんな奴かと思えば、中年のおっさんか
麦蔵
麦蔵
これがなんだか分かるか？
これがなんだか分かるか？
？？？】※恭一
？？？】※恭一
さぁ？
さぁ？
麦蔵
麦蔵
おまえの命を奪える道具だ。
おまえの命を奪える道具だ。
これ以上この俺を侮辱するなら、この場で始末する
これ以上この俺を侮辱するなら、この場で始末する
？？？】※恭一
？？？】※恭一
やれるのか？　おまえに
やれるのか？　おまえに
麦蔵
麦蔵
何なら、苦しみを与えながら殺してやってもいいんだ
何なら、苦しみを与えながら殺してやってもいいんだ
？？？】※恭一
？？？】※恭一
試しにやってみたらどうだ？　殺せるかどうか
試しにやってみたらどうだ？　殺せるかどうか
麦蔵
麦蔵
…………
…………
？？？】※恭一
？？？】※恭一
だが、ひとつだけ覚えておけ。
だが、ひとつだけ覚えておけ。
そのナイフでオレを突き殺す前に、オレがお前を殺すと
そのナイフでオレを突き殺す前に、オレがお前を殺すと
麦蔵
麦蔵
使えるのは歯だけ。首も満足に動かせない。それでどうやって殺すつもりだ
使えるのは歯だけ。首も満足に動かせない。それでどうやって殺すつもりだ
？？？】※恭一
？？？】※恭一
だから試してみろって言ってるだろ
だから試してみろって言ってるだろ
麦蔵
麦蔵
…………
…………
？？？】※恭一
？？？】※恭一
どうした、迷ってるのか？　それとも怯えているのか？
どうした、迷ってるのか？　それとも怯えているのか？
麦蔵
麦蔵
貴様は……何が狙いだ
貴様は……何が狙いだ
？？？】※恭一
？？？】※恭一
狙い？　別に何もありはしない
狙い？　別に何もありはしない
？？？】※恭一
？？？】※恭一
モニター越しに偉そうにしているおまえを引きずり出そうと思っただけさ
モニター越しに偉そうにしているおまえを引きずり出そうと思っただけさ
麦蔵
麦蔵
その願いは叶った。これ以上噛み付いてどうする
その願いは叶った。これ以上噛み付いてどうする
？？？】※恭一
？？？】※恭一
おまえがオレよりも偉いと錯覚しているのが、気に入らない
おまえがオレよりも偉いと錯覚しているのが、気に入らない
麦蔵
麦蔵
どこまでもおかしな男だ
どこまでもおかしな男だ
麦蔵
麦蔵
服従が先か、死ぬのが先か。おまえが選べ
服従が先か、死ぬのが先か。おまえが選べ
…………。
…………。
……。
……。
医師２
医師２
……最後の点滴から１週間が経ちます。
……最後の点滴から１週間が経ちます。
既に意識、体力共に大幅に低下しておりますが、いまだ心理状態は落ち着いたものです
既に意識、体力共に大幅に低下しておりますが、いまだ心理状態は落ち着いたものです
麦蔵
麦蔵
大したもんだ
大したもんだ
麦蔵
麦蔵
この状況下でも、まだ根をあげないのか
この状況下でも、まだ根をあげないのか
麦蔵
麦蔵
身体の調子はどうだ？
身体の調子はどうだ？
恭一
恭一
一週間も拘束されたままで、調子が良いとでも思うか？
一週間も拘束されたままで、調子が良いとでも思うか？
麦蔵
麦蔵
少なくとも、悪そうには見えないがな
少なくとも、悪そうには見えないがな
恭一
恭一
まぁ、この体勢にもだいぶ慣れてきたところだ
まぁ、この体勢にもだいぶ慣れてきたところだ
麦蔵
麦蔵
ふん。その様子じゃ、
ふん。その様子じゃ、
あと１ヶ月放置しても、おまえは根をあげないんだろうな
あと１ヶ月放置しても、おまえは根をあげないんだろうな
恭一
恭一
オレとおまえの根競べ、と行こうか
オレとおまえの根競べ、と行こうか
麦蔵
麦蔵
それが望みなら、そうしてやってもいいがな
それが望みなら、そうしてやってもいいがな
大河内は、どっかりとその場に座り込んだ。
大河内は、どっかりとその場に座り込んだ。
麦蔵
麦蔵
今おまえは、何を考えている。それを俺に教えろ
今おまえは、何を考えている。それを俺に教えろ
恭一
恭一
何を？　記憶も無いオレにそれを聞くか
何を？　記憶も無いオレにそれを聞くか
麦蔵
麦蔵
記憶が無いからこそ、何を考えているのかが知りたいのさ
記憶が無いからこそ、何を考えているのかが知りたいのさ
恭一
恭一
……さぁ、なんだろうな。オレは、オレのことを考えている
……さぁ、なんだろうな。オレは、オレのことを考えている
恭一
恭一
思い出せもしない記憶を辿ろうとしている
思い出せもしない記憶を辿ろうとしている
恭一
恭一
オレが誰で、何をしていたのか。
オレが誰で、何をしていたのか。
ここに至るまでの過程が、どんなものだったのか
ここに至るまでの過程が、どんなものだったのか
麦蔵
麦蔵
地上を覚えているか？
地上を覚えているか？
恭一
恭一
地上？
地上？
麦蔵
麦蔵
おまえが住んでいた世界のことだ。
おまえが住んでいた世界のことだ。
大地や、空や、海、そう言う存在のことだ
大地や、空や、海、そう言う存在のことだ
恭一
恭一
……景色はな。だが、黒く荒いフィルターがかかっている
……景色はな。だが、黒く荒いフィルターがかかっている
恭一
恭一
浜辺を、海を、オレは確かに知っている……
浜辺を、海を、オレは確かに知っている……
恭一
恭一
だが、どうして海を知っているのか、
だが、どうして海を知っているのか、
その時誰がオレの傍に居たのか、それは何も分からない
その時誰がオレの傍に居たのか、それは何も分からない
麦蔵
麦蔵
そうか……
そうか……
恭一
恭一
そんなことを聞いて何になる
そんなことを聞いて何になる
麦蔵
麦蔵
興味本位さ。人間としてのな
興味本位さ。人間としてのな
麦蔵
麦蔵
クク、喜べ。俺はおまえを気に入ったぞ
クク、喜べ。俺はおまえを気に入ったぞ
恭一
恭一
野郎に好かれても、嬉しくは無いな
野郎に好かれても、嬉しくは無いな
麦蔵
麦蔵
あとは、おまえが俺に服従すれば、これ以上言うことはない
あとは、おまえが俺に服従すれば、これ以上言うことはない
麦蔵
麦蔵
大人しく俺に従うと誓え
大人しく俺に従うと誓え
恭一
恭一
それはないな
それはないな
麦蔵
麦蔵
何故、そう無駄に意地を張る。おまえには記憶が無い。自由が無い
何故、そう無駄に意地を張る。おまえには記憶が無い。自由が無い
麦蔵
麦蔵
言葉だけでも俺に忠誠を示せば、少なくとも自由は与えてやれる
言葉だけでも俺に忠誠を示せば、少なくとも自由は与えてやれる
麦蔵
麦蔵
それを拒む理由はなんだ？
それを拒む理由はなんだ？
恭一
恭一
最初に言ったはずだ。おまえの思い通りになるのが気に食わないってな
最初に言ったはずだ。おまえの思い通りになるのが気に食わないってな
麦蔵
麦蔵
ガキが
ガキが
麦蔵
麦蔵
なら、俺とどこまでも我慢比べをするか？
なら、俺とどこまでも我慢比べをするか？
麦蔵
麦蔵
おまえが根をあげないなら、それこそ朽ち果てるまで
おまえが根をあげないなら、それこそ朽ち果てるまで
恭一
恭一
やってみればいい。出来るもんならな
やってみればいい。出来るもんならな
麦蔵
麦蔵
……ちっ
……ちっ
医師２
医師２
とんでもない男ですね……大河内代表との会話中に、一度も心拍数が乱れることはありませんでした
とんでもない男ですね……大河内代表との会話中に、一度も心拍数が乱れることはありませんでした
麦蔵
麦蔵
奴は自分が死ぬなどとは、夢にも思っていないってことだ
奴は自分が死ぬなどとは、夢にも思っていないってことだ
医師２
医師２
どうしますか……？　まだ続けますか……？
どうしますか……？　まだ続けますか……？
麦蔵
麦蔵
あと１週間様子を見る。それでも根をあげないようなら……
あと１週間様子を見る。それでも根をあげないようなら……
…………。
…………。
医師２
医師２
２週間です……
２週間です……
麦蔵
麦蔵
変わりはなし、か
変わりはなし、か
医師２
医師２
はい。目を覚ましてから、何一つ変わっていません
はい。目を覚ましてから、何一つ変わっていません
医師２
医師２
いえ、下手をすると……
いえ、下手をすると……
麦蔵
麦蔵
なんだ？
なんだ？
医師２
医師２
拘束具は、人間の力で外せるものじゃありません。
拘束具は、人間の力で外せるものじゃありません。
ですが、こうしてモニター越しに見ているだけでも、正直恐怖を感じます
ですが、こうしてモニター越しに見ているだけでも、正直恐怖を感じます
医師２
医師２
今にもアレを引きちぎり、襲い掛かってくるんじゃないかと……
今にもアレを引きちぎり、襲い掛かってくるんじゃないかと……
医師２
医師２
すみません。こんな弱気なことを……
すみません。こんな弱気なことを……
麦蔵
麦蔵
そうか。俺は責めるつもりはない
そうか。俺は責めるつもりはない
麦蔵
麦蔵
奴の身体能力は、俺たちの想像を遥かに凌駕している
奴の身体能力は、俺たちの想像を遥かに凌駕している
麦蔵
麦蔵
仕方がないな……
仕方がないな……
麦蔵
麦蔵
ここは、素直になるしかないだろう、こちら側が
ここは、素直になるしかないだろう、こちら側が
麦蔵
麦蔵
見事だ。おまえのその精神力には素直に賞賛を送ろう
見事だ。おまえのその精神力には素直に賞賛を送ろう
麦蔵
麦蔵
この２週間、おまえは一度たりとも根を上げることはなかった
この２週間、おまえは一度たりとも根を上げることはなかった
麦蔵
麦蔵
これは、恐らく１ヶ月２ヶ月続けたところで、かわりはしないだろう
これは、恐らく１ヶ月２ヶ月続けたところで、かわりはしないだろう
？？？】※恭一
？？？】※恭一
で、どうする？
で、どうする？
麦蔵
麦蔵
おまえの拘束を解く条件が幾つかある
おまえの拘束を解く条件が幾つかある
？？？】※恭一
？？？】※恭一
オレは服従しないと言ったはずだぜ？
オレは服従しないと言ったはずだぜ？
麦蔵
麦蔵
それ以外で、だ。おまえは俺に敗北を認めさせたんだ
それ以外で、だ。おまえは俺に敗北を認めさせたんだ
麦蔵
麦蔵
話くらいは聞いても損は無い
話くらいは聞いても損は無い
？？？】※恭一
？？？】※恭一
その条件、聞くだけ聞いてやろう
その条件、聞くだけ聞いてやろう
麦蔵
麦蔵
おまえは、この世界においてただの人間じゃぁない
おまえは、この世界においてただの人間じゃぁない
麦蔵
麦蔵
この世界は、おまえが生きていた時代から１５０年の歳月が流れている
この世界は、おまえが生きていた時代から１５０年の歳月が流れている
恭一
恭一
１５０年だと……？
１５０年だと……？
麦蔵
麦蔵
そうだ。その１５０年の間に、地球には大きな変化が訪れた
そうだ。その１５０年の間に、地球には大きな変化が訪れた
麦蔵
麦蔵
災害により地上は崩壊し、人間の多くは死滅した
災害により地上は崩壊し、人間の多くは死滅した
恭一
恭一
なら、ここはどこだ。まさか宇宙とか言い出すんじゃないだろうな
なら、ここはどこだ。まさか宇宙とか言い出すんじゃないだろうな
麦蔵
麦蔵
地上の遥か下、地下世界。ジオフロントだ
地上の遥か下、地下世界。ジオフロントだ
恭一
恭一
地下世界ねぇ
地下世界ねぇ
麦蔵
麦蔵
信じられないのも無理は無いが、本当のことだ
信じられないのも無理は無いが、本当のことだ
恭一
恭一
それで、条件ってのは？
それで、条件ってのは？
麦蔵
麦蔵
俺はある事情から、
俺はある事情から、
おまえの存在を一部の人間以外には伏せている
おまえの存在を一部の人間以外には伏せている
麦蔵
麦蔵
１５０年も眠り続けて、
１５０年も眠り続けて、
生きていたとは報告していないってことだ
生きていたとは報告していないってことだ
麦蔵
麦蔵
それには幾つかの狙いがあるが、今それはいい
それには幾つかの狙いがあるが、今それはいい
麦蔵
麦蔵
ともかく、この事実を俺は伏せていたいわけだ
ともかく、この事実を俺は伏せていたいわけだ
？？？】※恭一
？？？】※恭一
なるほど。オレの存在を公にすると問題があるってことか
なるほど。オレの存在を公にすると問題があるってことか
１５０年も経過したってのは、俄かには信じがたいが。
１５０年も経過したってのは、俄かには信じがたいが。
麦蔵
麦蔵
そうだ。それから、おまえの生活は常に監視をつけさせてもらう
そうだ。それから、おまえの生活は常に監視をつけさせてもらう
麦蔵
麦蔵
地上の人間との違いを知るためでもあり、おまえを暴走させないためでもある
地上の人間との違いを知るためでもあり、おまえを暴走させないためでもある
麦蔵
麦蔵
今話した条件を守れないなら、俺はここでお前を始末する
今話した条件を守れないなら、俺はここでお前を始末する
？？？】※恭一
？？？】※恭一
いいだろう。その条件を呑む
いいだろう。その条件を呑む
麦蔵
麦蔵
ならば歓迎しよう
ならば歓迎しよう
麦蔵
麦蔵
ようこそ、ドリームタウン。夢の街へ
ようこそ、ドリームタウン。夢の街へ
？？？】※恭一
？？？】※恭一
…………
…………
オレを縛っていた全ての拘束具が解かれる。
オレを縛っていた全ての拘束具が解かれる。
医師２
医師２
長い間拘束されていた影響で、立つことは出来ない。
長い間拘束されていた影響で、立つことは出来ない。
すぐにストレッチャーが来るから、それに乗れ
すぐにストレッチャーが来るから、それに乗れ
？？？】※恭一
？？？】※恭一
必要ない
必要ない
オレは肘掛に手を置き、立ち上がろうとする。
オレは肘掛に手を置き、立ち上がろうとする。
だが、思うようにからだが動かない。
だが、思うようにからだが動かない。
麦蔵
麦蔵
無理をするな。今はまだ自由には動けないだろ
無理をするな。今はまだ自由には動けないだろ
？？？】※恭一
？？？】※恭一
無理かどうか判断するのはオレだ……
無理かどうか判断するのはオレだ……
？？？】※恭一
？？？】※恭一
身体が重い……
身体が重い……
椅子から立ち上がると、それだけで身体が悲鳴をあげる。
椅子から立ち上がると、それだけで身体が悲鳴をあげる。
だが、立てなくは無い。
だが、立てなくは無い。
医師２
医師２
た、立った……信じられない……
た、立った……信じられない……
麦蔵
麦蔵
どこまでも面白い男だ
どこまでも面白い男だ
？？？】※恭一
？？？】※恭一
本当に１５０年経っているのか？
本当に１５０年経っているのか？
麦蔵
麦蔵
実感ないか
実感ないか
？？？】※恭一
？？？】※恭一
あるわけねぇだろ……
あるわけねぇだろ……
麦蔵
麦蔵
とりあえず、おまえに関して分かっていることを教えておこう。おい
とりあえず、おまえに関して分かっていることを教えておこう。おい
医師
医師
は
は
白衣を身にまとった男が、オレの目の前に座る。
白衣を身にまとった男が、オレの目の前に座る。
医師
医師
本来コールドスリープから目覚めた人間は、混乱に陥ることが多いです
本来コールドスリープから目覚めた人間は、混乱に陥ることが多いです
？？？】※恭一
？？？】※恭一
あ？
あ？
麦蔵
麦蔵
まぁ大人しく聞け
まぁ大人しく聞け
？？？】※恭一
？？？】※恭一
…………
…………
医師
医師
君の場合は特に大きな混乱はみられない
君の場合は特に大きな混乱はみられない
医師
医師
もっとも、記憶の欠如が大きすぎて、と言うのが原因だが
もっとも、記憶の欠如が大きすぎて、と言うのが原因だが
医師
医師
状況の説明をさせていただきましょう
状況の説明をさせていただきましょう
医師
医師
あなたは１５０年前、セムフェリナと言う病を患ったことにより、
あなたは１５０年前、セムフェリナと言う病を患ったことにより、
コールドスリープの処置を受けることになりました
コールドスリープの処置を受けることになりました
医師
医師
病そのものはコールドスリープ後、
病そのものはコールドスリープ後、
２３年で完治する方法が発見されています
２３年で完治する方法が発見されています
？？？】※恭一
？？？】※恭一
なら、なぜオレはその時に目覚めなかった
なら、なぜオレはその時に目覚めなかった
麦蔵
麦蔵
さっきも言っただろ
さっきも言っただろ
麦蔵
麦蔵
天災が起きたのさ
天災が起きたのさ
？？？】※恭一
？？？】※恭一
呼んだか？
呼んだか？
麦蔵
麦蔵
……天災、天の災害だ
……天災、天の災害だ
？？？】※恭一
？？？】※恭一
てっきりオレのことかと思ったぜ
てっきりオレのことかと思ったぜ
麦蔵
麦蔵
おかしな男だ
おかしな男だ
医師
医師
つ、続けます
つ、続けます
医師
医師
災害が起きたことにより、収容されていた施設は崩落。
災害が起きたことにより、収容されていた施設は崩落。
その存在を覚えている人間は全て災害で死亡したと思われます
その存在を覚えている人間は全て災害で死亡したと思われます
医師
医師
結果、１５０年と言う長い歳月を、
結果、１５０年と言う長い歳月を、
コールドスリープ状態で送ることとなったわけです
コールドスリープ状態で送ることとなったわけです
？？？】※恭一
？？？】※恭一
オレが誰で、どういう人間かはわからないってことか
オレが誰で、どういう人間かはわからないってことか
医師
医師
無論、知人友人、恩師恋人、家族、君を知る全ての人間は存在しないでしょう
無論、知人友人、恩師恋人、家族、君を知る全ての人間は存在しないでしょう
医師
医師
医学の力でも、こればかりはどうしようもありません
医学の力でも、こればかりはどうしようもありません
医師
医師
分かっていることは……
分かっていることは……
医師
医師
全て伝えても？
全て伝えても？
麦蔵
麦蔵
この男なら問題あるまい
この男なら問題あるまい
医師
医師
はっ……
はっ……
医師
医師
あなたの血液型はＡＢ型。年齢は２３～２５歳
あなたの血液型はＡＢ型。年齢は２３～２５歳
医師
医師
身体の傷、進行具合から、幼少期非常に多くの虐待を受けていた痕が見られます
身体の傷、進行具合から、幼少期非常に多くの虐待を受けていた痕が見られます
？？？】※恭一
？？？】※恭一
虐待ね……
虐待ね……
医師
医師
また体内に構成された抗体の中に、麻薬への耐性が出来ている
また体内に構成された抗体の中に、麻薬への耐性が出来ている
麦蔵
麦蔵
虐待受けた上に、ジャンキーってことだ
虐待受けた上に、ジャンキーってことだ
医師
医師
そして……身体には無数の銃創や切り刻まれた傷跡もあります
そして……身体には無数の銃創や切り刻まれた傷跡もあります
？？？】※恭一
？？？】※恭一
波乱万丈の人生を送ってきたってことか
波乱万丈の人生を送ってきたってことか
麦蔵
麦蔵
くっく。なかなか面白そうな人生じゃねえか
くっく。なかなか面白そうな人生じゃねえか
？？？】※恭一
？？？】※恭一
オレの他にはいないのか？　１５０年眠っていたような奴は
オレの他にはいないのか？　１５０年眠っていたような奴は
麦蔵
麦蔵
ついてこい
ついてこい
廊下を進み、ある一室の前で立ち止まる。
廊下を進み、ある一室の前で立ち止まる。
麦蔵
麦蔵
この部屋にはお前より先に目覚めた連中が３人いる
この部屋にはお前より先に目覚めた連中が３人いる
麦蔵
麦蔵
だが……
だが……
扉が開く。
扉が開く。
室内には、ベッドの上に１人の男。
室内には、ベッドの上に１人の男。
一人は床、一人は部屋の隅に座り込んでいた。
一人は床、一人は部屋の隅に座り込んでいた。
？？？】※恭一
？？？】※恭一
何をやってるんだ、こいつらは
何をやってるんだ、こいつらは
麦蔵
麦蔵
蘇生そのものには成功したが、脳に致命的なダメージが残った
蘇生そのものには成功したが、脳に致命的なダメージが残った
狂った男
狂った男
あうあ、あう……
あうあ、あう……
麦蔵
麦蔵
こいつらには地上も地下も関係ない。
こいつらには地上も地下も関係ない。
もはや生きていることすら意味のない連中ばかりだ
もはや生きていることすら意味のない連中ばかりだ
麦蔵
麦蔵
おまえも一歩間違えばこうなっていただろう
おまえも一歩間違えばこうなっていただろう
？？？】※恭一
？？？】※恭一
はぁん……
はぁん……
？？？】※恭一
？？？】※恭一
とりあえず飯だ。それから眠るところを用意しろ
とりあえず飯だ。それから眠るところを用意しろ
麦蔵
麦蔵
この地下病院は訳ありの人間を匿うのに適している。
この地下病院は訳ありの人間を匿うのに適している。
今日一日はここで休み鋭気を養え
今日一日はここで休み鋭気を養え
？？？】※恭一
？？？】※恭一
そうさせてもらうさ
そうさせてもらうさ
麦蔵
麦蔵
明日再び迎えに来る。その時上にあげてやるから大人しくしておけ
明日再び迎えに来る。その時上にあげてやるから大人しくしておけ
…………。
…………。
……。
……。
