なにやら騒がしい……。
なにやら騒がしい……。
そして、頭が痛い……。
そして、頭が痛い……。
ガンガンと警笛が、頭の中で鳴り響いている。
ガンガンと警笛が、頭の中で鳴り響いている。
秀隆
秀隆
う……
う……
アクセラ
アクセラ
お目覚めになられましたか？　おはようございます
お目覚めになられましたか？　おはようございます
秀隆
秀隆
……おはようございます……
……おはようございます……
っつう……
っつう……
強烈な二日酔いで、頭が割れるように痛い。
強烈な二日酔いで、頭が割れるように痛い。
視界に映るテーブルでは、既に食事を終えたような跡が見えた。
視界に映るテーブルでは、既に食事を終えたような跡が見えた。
アクセラ
アクセラ
何度か声はおかけしたのですが、
何度か声はおかけしたのですが、
深い眠りについておられるようでしたので、先に頂きました
深い眠りについておられるようでしたので、先に頂きました
秀隆
秀隆
……そうか。秋もか
……そうか。秋もか
今日は平日で、当然家族ルール適用の日だ。
今日は平日で、当然家族ルール適用の日だ。
でもオレが潰れていて、かつお客さんが居る中じゃそれもルール外だろう。
でもオレが潰れていて、かつお客さんが居る中じゃそれもルール外だろう。
まさかオレが起きるまで二人に飯を待ってもらうわけにもいかない。
まさかオレが起きるまで二人に飯を待ってもらうわけにもいかない。
恋
恋
先に頂いてしまいました。すみません
先に頂いてしまいました。すみません
秀隆
秀隆
気にしないで下さい。どうせ、食欲もでませんし
気にしないで下さい。どうせ、食欲もでませんし
恭一
恭一
おい、テレビがよく見えないだろ、邪魔だ
おい、テレビがよく見えないだろ、邪魔だ
秀隆
秀隆
あ、すいません……朝から元気ですね……
あ、すいません……朝から元気ですね……
オレと同じかそれ以上飲んでいたのに、
オレと同じかそれ以上飲んでいたのに、
二日酔いどころか、食欲も衰えていないようだ。
二日酔いどころか、食欲も衰えていないようだ。
恭一
恭一
今日一日付き合え
今日一日付き合え
秀隆
秀隆
え、オレですか？
え、オレですか？
恭一
恭一
ああ
ああ
秀隆
秀隆
それはいいですけど……大丈夫なんですか？
それはいいですけど……大丈夫なんですか？
恭一
恭一
おっさんから連絡があった。ＩＤカードの手配には夜まで時間がかかるらしい
おっさんから連絡があった。ＩＤカードの手配には夜まで時間がかかるらしい
恭一
恭一
つーことでいいよな？
つーことでいいよな？
恋
恋
島津さんにご迷惑はおかけしないでくださいね
島津さんにご迷惑はおかけしないでくださいね
恭一
恭一
当たり前だ。つか、オレが面倒見てやるんだしな
当たり前だ。つか、オレが面倒見てやるんだしな
恋
恋
と言うことで色々大変かと思いますが、よろしくお願いします
と言うことで色々大変かと思いますが、よろしくお願いします
秀隆
秀隆
りょ、了解です
りょ、了解です
キズナ
キズナ
じゃあれんれんは、私とお話しましょうっ
じゃあれんれんは、私とお話しましょうっ
恋
恋
はいっ
はいっ
秀隆
秀隆
それで、今日はどこに？
それで、今日はどこに？
恭一
恭一
倉屋敷だ
倉屋敷だ
秀隆
秀隆
え、倉屋敷……ですか
え、倉屋敷……ですか
恭一
恭一
あのチビに聞きたいことがある
あのチビに聞きたいことがある
秀隆
秀隆
な、なるほど
な、なるほど
秀隆
秀隆
じゃあ、ちょっと連絡を入れていきますね。
じゃあ、ちょっと連絡を入れていきますね。
アポ無しで行くと結構素で怒られちゃうので
アポ無しで行くと結構素で怒られちゃうので
ユウキ
ユウキ
よーっ。お疲れさん
よーっ。お疲れさん
恭一
恭一
おまえか。確かユウキ、ってアンドロイドだったな
おまえか。確かユウキ、ってアンドロイドだったな
ユウキ
ユウキ
覚えててくれて嬉しいぜ
覚えててくれて嬉しいぜ
秀隆
秀隆
わざわざ下まで迎えに来てくれたのか
わざわざ下まで迎えに来てくれたのか
ユウキ
ユウキ
電話を受けてさ、また恭一が遊びに来るって聞いたからさ
電話を受けてさ、また恭一が遊びに来るって聞いたからさ
ユウキ
ユウキ
もっと話したいって思ってたし
もっと話したいって思ってたし
ユウキ
ユウキ
普段はドリームタウンで生活してるんだよなあ？
普段はドリームタウンで生活してるんだよなあ？
恭一
恭一
ああ
ああ
ユウキ
ユウキ
しかも、恋ちゃんと同棲……羨ましい！
しかも、恋ちゃんと同棲……羨ましい！
恭一
恭一
アレはアレで面倒な女だ
アレはアレで面倒な女だ
ユウキ
ユウキ
面倒でも何でも、可愛いからいいじゃん
面倒でも何でも、可愛いからいいじゃん
ユウキ
ユウキ
俺だったらあんなことやこんなことするんだろうなぁ
俺だったらあんなことやこんなことするんだろうなぁ
恭一
恭一
こいつ大丈夫か？
こいつ大丈夫か？
秀隆
秀隆
大丈夫です。平常運転ですから
大丈夫です。平常運転ですから
恭一
恭一
興味深いアンドロイドではあるけどな
興味深いアンドロイドではあるけどな
ユウキ
ユウキ
かずはちーん。二人連れてきたぜー
かずはちーん。二人連れてきたぜー
和葉
和葉
あたしはどっちも呼んだ覚えは無いけどな
あたしはどっちも呼んだ覚えは無いけどな
ユウキ
ユウキ
まぁそう言わずにさ。折角きてくれたんだし
まぁそう言わずにさ。折角きてくれたんだし
和葉
和葉
意味わかんね。呼んでもいないのに折角も糞もあるか
意味わかんね。呼んでもいないのに折角も糞もあるか
恭一
恭一
そういうな。おまえの先祖が遊びに来てやったんだぜ？
そういうな。おまえの先祖が遊びに来てやったんだぜ？
和葉
和葉
くだらねえ
くだらねえ
恭一
恭一
実は、おまえに聞きたいことがあってな
実は、おまえに聞きたいことがあってな
恭一
恭一
前回は恋の奴がいたから、深くは聞かなかったことだ
前回は恋の奴がいたから、深くは聞かなかったことだ
秀隆
秀隆
何か、地上に関すること、ですか？
何か、地上に関すること、ですか？
恭一
恭一
正確には、オレの記憶に関することだ
正確には、オレの記憶に関することだ
恭一
恭一
断片的にだが、オレは過去の記憶を思い出した。
断片的にだが、オレは過去の記憶を思い出した。
いや、正確には一瞬だが過去が見えた気がした、だがな
いや、正確には一瞬だが過去が見えた気がした、だがな
ユウキ
ユウキ
どう違うんだ？　それ
どう違うんだ？　それ
和葉
和葉
全然違う。前者なら単純に過去の記憶だが、
全然違う。前者なら単純に過去の記憶だが、
後者は過去の記憶である可能性があるだけで、そうとは言い切れない
後者は過去の記憶である可能性があるだけで、そうとは言い切れない
恭一
恭一
そう言うことだ
そう言うことだ
恭一
恭一
で、その見えたものが本当に過去の記憶なのかどうか、
で、その見えたものが本当に過去の記憶なのかどうか、
それを知りたい
それを知りたい
和葉
和葉
んなもん、あたしにわかるわけないだろ
んなもん、あたしにわかるわけないだろ
恭一
恭一
糸口さえ見つかればいい。おまえにはそれがあるはずだ
糸口さえ見つかればいい。おまえにはそれがあるはずだ
和葉
和葉
…………
…………
秀隆
秀隆
どういうことですか？
どういうことですか？
恭一
恭一
オレの情報はなくても、おまえの先祖に関する情報はあるはずだ
オレの情報はなくても、おまえの先祖に関する情報はあるはずだ
恭一
恭一
これだけの大企業なら、当然家計図もあるはずだ。違うか？
これだけの大企業なら、当然家計図もあるはずだ。違うか？
和葉
和葉
ふん……
ふん……
秀隆
秀隆
そうか……倉屋敷に関する資料なら、残っていてもおかしくはない
そうか……倉屋敷に関する資料なら、残っていてもおかしくはない
そこで、何かヒントのようなものを得られれば、
そこで、何かヒントのようなものを得られれば、
恭一さんが過去を思い出すかもしれないってことだ。
恭一さんが過去を思い出すかもしれないってことだ。
恭一
恭一
医者は口を揃えて記憶は戻らないなんていうけどな。
医者は口を揃えて記憶は戻らないなんていうけどな。
それを判断するのは他でもないオレ自身だ
それを判断するのは他でもないオレ自身だ
和葉
和葉
おまえの言いたいことは分かった。だが……
おまえの言いたいことは分かった。だが……
和葉
和葉
あたしが協力する義理立ては無いな
あたしが協力する義理立ては無いな
ユウキ
ユウキ
そんなこと言わないで手伝ってやったら？　記憶が無いのって大変だしさ
そんなこと言わないで手伝ってやったら？　記憶が無いのって大変だしさ
ユウキ
ユウキ
俺だって、取り戻せるなら記憶を取り戻したいって思うし
俺だって、取り戻せるなら記憶を取り戻したいって思うし
和葉
和葉
誰が何を思おうと自由だが、あたしは興味ない
誰が何を思おうと自由だが、あたしは興味ない
恭一
恭一
俺を散々調べておいて興味がないだと？
俺を散々調べておいて興味がないだと？
和葉
和葉
得るものはなさそうだと判断したんだ
得るものはなさそうだと判断したんだ
恭一
恭一
判断するには早いと思うがな
判断するには早いと思うがな
恭一
恭一
それとも、調べたくない理由でもあるのか？
それとも、調べたくない理由でもあるのか？
和葉
和葉
…………
…………
和葉
和葉
ユウキ
ユウキ
ユウキ
ユウキ
ん？　なんだいかずはちん
ん？　なんだいかずはちん
和葉
和葉
腹減った。パン買って来い
腹減った。パン買って来い
ユウキ
ユウキ
げ、またかよー
げ、またかよー
和葉
和葉
なんだ、あたしの命令が聞けないのか？
なんだ、あたしの命令が聞けないのか？
ユウキ
ユウキ
い、いえそんなことはけして。
い、いえそんなことはけして。
でも、この時間混むんだよなあそこ……
でも、この時間混むんだよなあそこ……
秀隆
秀隆
もしかしてラモールか？
もしかしてラモールか？
ユウキ
ユウキ
そそ。秀隆に貰ってからハマっちゃったみたいでさ
そそ。秀隆に貰ってからハマっちゃったみたいでさ
秀隆
秀隆
へぇ
へぇ
ユウキ
ユウキ
俺も恭一の話詳しく聞きたいのに
俺も恭一の話詳しく聞きたいのに
和葉
和葉
さっさと行けって言ったろ。スクラップにされたいのか？
さっさと行けって言ったろ。スクラップにされたいのか？
ユウキ
ユウキ
いってきます！
いってきます！
ユウキ
ユウキ
戻ったらどうだったか教えてくれよな
戻ったらどうだったか教えてくれよな
秀隆
秀隆
ああ
ああ
和葉
和葉
…………
…………
倉屋敷社長は険しい表情で、ユウキの背中を見送った。
倉屋敷社長は険しい表情で、ユウキの背中を見送った。
和葉
和葉
おまえの過去については、あたしなりに調べていた
おまえの過去については、あたしなりに調べていた
和葉
和葉
１５０年前の倉屋敷の状態が、どんなものだったかもな
１５０年前の倉屋敷の状態が、どんなものだったかもな
恭一
恭一
興味なかったんじゃないのか
興味なかったんじゃないのか
和葉
和葉
その話をユウキの前で、できればしたくなかったからだ
その話をユウキの前で、できればしたくなかったからだ
秀隆
秀隆
どういうことですか……？
どういうことですか……？
和葉
和葉
あいつの地上時代の記憶については、知ってるな？
あいつの地上時代の記憶については、知ってるな？
秀隆
秀隆
はい。確か胸のペンダントにメモリーがあるとか。
はい。確か胸のペンダントにメモリーがあるとか。
でも、地上時代に壊れてしまって修復ができないと
でも、地上時代に壊れてしまって修復ができないと
和葉
和葉
簡単な答えをやる。あたしに、この世で直せないものがあると
簡単な答えをやる。あたしに、この世で直せないものがあると
思うか？
思うか？
秀隆
秀隆
思えません、けど……それってつまり……
思えません、けど……それってつまり……
和葉
和葉
わざと直してないんだよ
わざと直してないんだよ
秀隆
秀隆
どうしてそんなことを……？
どうしてそんなことを……？
和葉
和葉
アンドロイドの感情も人間の感情も、それほど大きくは違わない
アンドロイドの感情も人間の感情も、それほど大きくは違わない
和葉
和葉
嬉しいと感じれば嬉しいし、悲しいと感じれば悲しいと思う
嬉しいと感じれば嬉しいし、悲しいと感じれば悲しいと思う
恭一
恭一
思い出させたくない過去がある、とでも？
思い出させたくない過去がある、とでも？
和葉
和葉
そう言うことだ
そう言うことだ
和葉
和葉
あたしは、以前あいつのメモリーを直そうとして、過去の断片を見た
あたしは、以前あいつのメモリーを直そうとして、過去の断片を見た
和葉
和葉
そして知ったのさ。あいつが見たもの、体感したものをな
そして知ったのさ。あいつが見たもの、体感したものをな
秀隆
秀隆
…………
…………
和葉
和葉
先代も恐らくあたしと同じものを見た。だから直さなかったんだろう
先代も恐らくあたしと同じものを見た。だから直さなかったんだろう
恭一
恭一
つまり、オレと奴、ユウキには近しい接点があるってことか
つまり、オレと奴、ユウキには近しい接点があるってことか
和葉
和葉
そう言うことになるだろうな
そう言うことになるだろうな
秀隆
秀隆
なんていうか、キズナの時もそうですけど、
なんていうか、キズナの時もそうですけど、
世界って狭いですね……
世界って狭いですね……
和葉
和葉
あたしは驚きはしない
あたしは驚きはしない
和葉
和葉
元々このジオフロントの真上は、ユウキが地上時代を過ごした
元々このジオフロントの真上は、ユウキが地上時代を過ごした
土地だ
土地だ
和葉
和葉
そこにユウキ、キズナ、恭一という関係者が集まっていても
そこにユウキ、キズナ、恭一という関係者が集まっていても
不思議は無い
不思議は無い
ばさりと、紙の束をテーブルに置く。
ばさりと、紙の束をテーブルに置く。
和葉
和葉
まず、おまえの記録そのものは、倉屋敷にはなかった
まず、おまえの記録そのものは、倉屋敷にはなかった
和葉
和葉
誰かの父親になった形跡はなかった、と言うことだ
誰かの父親になった形跡はなかった、と言うことだ
恭一
恭一
どういうことだ？
どういうことだ？
和葉
和葉
詳細は分からん。何らかの理由でおまえの存在を認められなかったか、それとも隠していたのか、それは当時の人間にしか分からないことだ
詳細は分からん。何らかの理由でおまえの存在を認められなかったか、それとも隠していたのか、それは当時の人間にしか分からないことだ
和葉
和葉
だが、その時代倉屋敷の子供は１人しか産まれていない
だが、その時代倉屋敷の子供は１人しか産まれていない
和葉
和葉
ちょっと待ってろ
ちょっと待ってろ
そういい、倉屋敷社長は奥へと消えた。
そういい、倉屋敷社長は奥へと消えた。
和葉
和葉
待たせたな
待たせたな
秀隆
秀隆
ほんとですよ……２時間近く待ちましたけど……
ほんとですよ……２時間近く待ちましたけど……
和葉
和葉
仕方ないだろ、資料を探すのに手間取ったんだ
仕方ないだろ、資料を探すのに手間取ったんだ
秀隆
秀隆
それにしては、頬に涎の跡みたいなのがありますよ？
それにしては、頬に涎の跡みたいなのがありますよ？
和葉
和葉
……
……
気にすんな
気にすんな
寝てたんだ、この人絶対寝てたんだ……。
寝てたんだ、この人絶対寝てたんだ……。
和葉
和葉
ここにファイルがある
ここにファイルがある
スッと取り出すと、それをオレたちに差し出した。
スッと取り出すと、それをオレたちに差し出した。
和葉
和葉
言っておくが、他言するなよ？　したら殺す
言っておくが、他言するなよ？　したら殺す
秀隆
秀隆
わ、分かりました
わ、分かりました
恭一
恭一
……こいつが？
……こいつが？
和葉
和葉
名前は倉屋敷妙。２代目の倉屋敷社長だ
名前は倉屋敷妙。２代目の倉屋敷社長だ
そのファイルには、写真まで写っている。
そのファイルには、写真まで写っている。
歳は３０手前だろうか。
歳は３０手前だろうか。
おっとりした外見だが、倉屋敷社長によく似ている。
おっとりした外見だが、倉屋敷社長によく似ている。
恭一
恭一
……覚えがねえな
……覚えがねえな
和葉
和葉
それを見て思い出せるような簡単な状態じゃないんだ、当然だろ
それを見て思い出せるような簡単な状態じゃないんだ、当然だろ
恭一
恭一
少なくとも、こんなアホそうな女と関係を持つとは思えないんだがな
少なくとも、こんなアホそうな女と関係を持つとは思えないんだがな
秀隆
秀隆
アホそうって……凄く頭がよさそうじゃないですか
アホそうって……凄く頭がよさそうじゃないですか
恭一
恭一
そうか？
そうか？
和葉
和葉
ちなみに、ユウキが初めて仕えた主でもある
ちなみに、ユウキが初めて仕えた主でもある
恭一
恭一
はぁん……
はぁん……
秀隆
秀隆
ユウキとは直接の知り合いだった可能性もあるわけですね？
ユウキとは直接の知り合いだった可能性もあるわけですね？
和葉
和葉
可能性、だがな
可能性、だがな
和葉
和葉
こんな話をして、ユウキがメモリーに興味を持てば厄介だ。
こんな話をして、ユウキがメモリーに興味を持てば厄介だ。
わかるだろ？
わかるだろ？
秀隆
秀隆
それは、何となく分かります。でもそのメモリを復元すれば、
それは、何となく分かります。でもそのメモリを復元すれば、
地上時代のことがもっと分かるんじゃないですか？
地上時代のことがもっと分かるんじゃないですか？
和葉
和葉
このメモリーは特殊なんだ。完全に読み込むにはユウキの身体が必要になる
このメモリーは特殊なんだ。完全に読み込むにはユウキの身体が必要になる
和葉
和葉
わざわざあいつを利用してまで、得るもんじゃない
わざわざあいつを利用してまで、得るもんじゃない
秀隆
秀隆
倉屋敷社長も人の子ってことですね。
倉屋敷社長も人の子ってことですね。
そんな優しい一面があるなんて思いませんでした
そんな優しい一面があるなんて思いませんでした
和葉
和葉
殺すぞ？
殺すぞ？
秀隆
秀隆
オレにも優しさを見せてください！
オレにも優しさを見せてください！
恭一
恭一
キズナと倉屋敷に接点はないんだな？
キズナと倉屋敷に接点はないんだな？
和葉
和葉
ああ。完全に別人だ
ああ。完全に別人だ
秀隆
秀隆
倉屋敷から、その周辺の人たちは探れないんですかね？
倉屋敷から、その周辺の人たちは探れないんですかね？
和葉
和葉
無理だな。そんな細かいことまであたしに分かるわけないだろ
無理だな。そんな細かいことまであたしに分かるわけないだろ
恭一
恭一
なるほどな
なるほどな
恭一さんは資料を置き、席を立った。
恭一さんは資料を置き、席を立った。
恭一
恭一
残念だが、得られるものはなかったようだ
残念だが、得られるものはなかったようだ
和葉
和葉
おまえの記憶が戻ることはない。説明したはずだが？
おまえの記憶が戻ることはない。説明したはずだが？
恭一
恭一
言ったろ。それを確かめるのはオレ自身だ
言ったろ。それを確かめるのはオレ自身だ
秀隆
秀隆
何かあったんですか？
何かあったんですか？
恭一
恭一
いや、別に
いや、別に
恭一
恭一
邪魔したな
邪魔したな
和葉
和葉
もうくんなよ
もうくんなよ
ユウキ
ユウキ
あれ？　二人とももしかしてもう終わっちゃった？
あれ？　二人とももしかしてもう終わっちゃった？
秀隆
秀隆
終わったもなにも３時間以上経ってるしな
終わったもなにも３時間以上経ってるしな
ユウキ
ユウキ
うわマジだ
うわマジだ
秀隆
秀隆
いくらラモールでも３時間は待ちすぎじゃないか？
いくらラモールでも３時間は待ちすぎじゃないか？
ユウキ
ユウキ
ちょっと女の子ナンパしてたら、こんな時間に
ちょっと女の子ナンパしてたら、こんな時間に
それが大きな原因じゃないだろうか。
それが大きな原因じゃないだろうか。
ユウキ
ユウキ
それで、恭一の記憶はどうだったんだ？
それで、恭一の記憶はどうだったんだ？
秀隆
秀隆
残念ながら全く手がかり無しだ
残念ながら全く手がかり無しだ
恭一
恭一
ああ。さっぱりだ
ああ。さっぱりだ
ユウキ
ユウキ
そうか……残念だったな
そうか……残念だったな
ユウキ
ユウキ
もう帰るのか？
もう帰るのか？
恭一
恭一
ドリームタウンに住んでると、ゆっくりもしていられないからな
ドリームタウンに住んでると、ゆっくりもしていられないからな
ユウキ
ユウキ
そうか。色々制限があるんだっけ
そうか。色々制限があるんだっけ
ユウキ
ユウキ
また遊びにきてくれよな。その時はゆっくり話でもしようぜ
また遊びにきてくれよな。その時はゆっくり話でもしようぜ
恭一
恭一
検討しておいてやる
検討しておいてやる
ユウキ
ユウキ
じゃあな
じゃあな
秀隆
秀隆
本当にあれでいいんですかね……
本当にあれでいいんですかね……
恭一
恭一
さぁな。それはオレが判断することでもなければ、
さぁな。それはオレが判断することでもなければ、
おまえが判断することでもない
おまえが判断することでもない
恭一
恭一
おまえはいちいち他人に干渉をするのが好きなようだな
おまえはいちいち他人に干渉をするのが好きなようだな
秀隆
秀隆
倉屋敷社長もユウキも、大切な友人だとオレは思ってますから
倉屋敷社長もユウキも、大切な友人だとオレは思ってますから
恭一
恭一
大切な友人ね
大切な友人ね
秀隆
秀隆
恭一さんは、そんな人たちが欲しいとは思いませんか？
恭一さんは、そんな人たちが欲しいとは思いませんか？
恭一
恭一
思わないな。元々オレには、親しい人間なんていなかったんだろう
思わないな。元々オレには、親しい人間なんていなかったんだろう
確かに、恭一さんには人を寄せ付けがたい空気を持っている。
確かに、恭一さんには人を寄せ付けがたい空気を持っている。
と言うより、あえて突き放すような感じ、だろうか。
と言うより、あえて突き放すような感じ、だろうか。
秀隆
秀隆
どうしましょうか。いったん家のほうに戻りますか？
どうしましょうか。いったん家のほうに戻りますか？
恭一
恭一
いや。ホープタウンのことをもっと知りたい
いや。ホープタウンのことをもっと知りたい
恭一
恭一
街のほうにも案内してくれ
街のほうにも案内してくれ
秀隆
秀隆
分かりました
分かりました
貪欲な人だな。
貪欲な人だな。
しかし、この人はどういうところに興味を示すのかイマイチ掴みづらい。
しかし、この人はどういうところに興味を示すのかイマイチ掴みづらい。
恭一さんは倉屋敷ビルから、真っ直ぐステーションへとやってきていた。
恭一さんは倉屋敷ビルから、真っ直ぐステーションへとやってきていた。
秀隆
秀隆
あの、街が見たいって言ってませんでしたっけ？
あの、街が見たいって言ってませんでしたっけ？
恭一
恭一
覚えてないな
覚えてないな
秀隆
秀隆
……そうですか
……そうですか
恭一
恭一
…………
…………
秀隆
秀隆
何を調べてるんです？
何を調べてるんです？
恭一
恭一
何も
何も
ダメだ、まともな会話が成立しない。
ダメだ、まともな会話が成立しない。
恭一
恭一
まともな会話が成立しないのは、オレの責任じゃない
まともな会話が成立しないのは、オレの責任じゃない
秀隆
秀隆
はは……
はは……
見透かしたように言われた。
見透かしたように言われた。
ドリームタウンの人がホープタウンに足を運ぶ時、
ドリームタウンの人がホープタウンに足を運ぶ時、
一番目を奪われるのは情景であることが圧倒的に多い。
一番目を奪われるのは情景であることが圧倒的に多い。
広がった空のホログラムから、明るい街並み。
広がった空のホログラムから、明るい街並み。
最新技術の詰まった端末機器やアンドロイドだ。
最新技術の詰まった端末機器やアンドロイドだ。
でも今の恭一さんの行動はやや不可解と言わざるを得ない。
でも今の恭一さんの行動はやや不可解と言わざるを得ない。
なら何をしているのだろうか。
なら何をしているのだろうか。
恭一
恭一
移動するぞ
移動するぞ
秀隆
秀隆
了解です。次はどちらに？
了解です。次はどちらに？
恭一
恭一
公園だ
公園だ
今度は公園へ。
今度は公園へ。
ここでも、恭一さんは何かに目をくれるわけでもなく無言で
ここでも、恭一さんは何かに目をくれるわけでもなく無言で
歩き続ける。
歩き続ける。
ホープタウンの観光、では間違いなくない。
ホープタウンの観光、では間違いなくない。
何かを探している、あるいは調べている。
何かを探している、あるいは調べている。
そう言う類の何か。
そう言う類の何か。
恭一
恭一
オレが何をしているのか、気になって仕方ないか？
オレが何をしているのか、気になって仕方ないか？
秀隆
秀隆
気にならないと言えば、嘘になりますね
気にならないと言えば、嘘になりますね
恭一
恭一
何をしてると思う？
何をしてると思う？
秀隆
秀隆
何かを探しているのか、調べているのか
何かを探しているのか、調べているのか
秀隆
秀隆
とにかく、ちょっと変わった行動をしているように見えます
とにかく、ちょっと変わった行動をしているように見えます
恭一
恭一
それで？
それで？
オレの答えは、恭一さんからすれば当たり前のものだったらしい。
オレの答えは、恭一さんからすれば当たり前のものだったらしい。
恭一
恭一
ここまであからさまにおかしな行動なら、
ここまであからさまにおかしな行動なら、
それに気づくのは当然だ。驚くようなことじゃない
それに気づくのは当然だ。驚くようなことじゃない
秀隆
秀隆
そうですね……
そうですね……
秀隆
秀隆
ホープタウンの構造や、距離、時間を計っている、とか？
ホープタウンの構造や、距離、時間を計っている、とか？
恭一
恭一
その根拠は
その根拠は
秀隆
秀隆
根拠というほどのものはありません。
根拠というほどのものはありません。
状況から見て、考えられるのがそれくらいだっただけです
状況から見て、考えられるのがそれくらいだっただけです
秀隆
秀隆
どうして恭一さんがそんなことをしようとしているのか、
どうして恭一さんがそんなことをしようとしているのか、
その背景までは正直見えてきません
その背景までは正直見えてきません
秀隆
秀隆
わざわざ恭一さんが、このことを聞いてきたのも意図は不明です
わざわざ恭一さんが、このことを聞いてきたのも意図は不明です
恭一
恭一
おまえは地上にどれだけの興味を持っている
おまえは地上にどれだけの興味を持っている
秀隆
秀隆
どうでしょうか。普通の人よりは上だと思いますが
どうでしょうか。普通の人よりは上だと思いますが
秀隆
秀隆
正直、キズナが居なかったら興味すら持っていなかったと思います
正直、キズナが居なかったら興味すら持っていなかったと思います
恭一
恭一
地下で生まれ育った奴には、そう見えて当然だ
地下で生まれ育った奴には、そう見えて当然だ
秀隆
秀隆
恭一さんはどうなんですか？　地上をどう考えていますか
恭一さんはどうなんですか？　地上をどう考えていますか
恭一
恭一
オレは地上より、今のこの世界の方が興味深い対象だな
オレは地上より、今のこの世界の方が興味深い対象だな
恭一
恭一
ドリーム、ホープ、この二つを知るだけでも膨大な時間が必要になる
ドリーム、ホープ、この二つを知るだけでも膨大な時間が必要になる
秀隆
秀隆
恭一さんが見つけた面白いもの、と言うのは街のことなんですか？
恭一さんが見つけた面白いもの、と言うのは街のことなんですか？
恭一
恭一
いちいちオレが言ったことを覚えてんのか。物好きめ
いちいちオレが言ったことを覚えてんのか。物好きめ
秀隆
秀隆
気になりましたからね。興味深いものを見つけたって
気になりましたからね。興味深いものを見つけたって
恭一
恭一
似たようなもんだ
似たようなもんだ
秀隆
秀隆
似たようなものですか
似たようなものですか
秀隆
秀隆
それって似ているだけで、実際は違うってことですよね？
それって似ているだけで、実際は違うってことですよね？
恭一
恭一
いちいち聞き返してくんなよ
いちいち聞き返してくんなよ
秀隆
秀隆
いえ、是非具体的にお聞きしたいなと思いまして
いえ、是非具体的にお聞きしたいなと思いまして
恭一
恭一
オレが見つけた面白いものってのは
オレが見つけた面白いものってのは
一度溜めて、恭一さんは口を開いた。
一度溜めて、恭一さんは口を開いた。
恭一
恭一
教えねえ
教えねえ
秀隆
秀隆
ちょっ……
ちょっ……
それだけ短く言って、歩いていく。
それだけ短く言って、歩いていく。
秀隆
秀隆
全く……あ、あの、次はどちらへ？
全く……あ、あの、次はどちらへ？
呼びかけに立ち止まった恭一さんは……。
呼びかけに立ち止まった恭一さんは……。
恭一
恭一
オレは少し一人でぶらぶらする。もう必要ない。おまえは帰ってろ
オレは少し一人でぶらぶらする。もう必要ない。おまえは帰ってろ
秀隆
秀隆
え？　あ、了解です……
え？　あ、了解です……
ほんと、周囲には流されない人だな。
ほんと、周囲には流されない人だな。
その場にポツンと残されたオレ。
その場にポツンと残されたオレ。
秀隆
秀隆
とりあえず、帰るか……
とりあえず、帰るか……
秀隆
秀隆
ただいま
ただいま
アクセラ
アクセラ
お帰りなさいませ。随分と嬉しそうですね
お帰りなさいませ。随分と嬉しそうですね
秀隆
秀隆
いやぁ帰宅したら恋さんがいるって素敵な状況じゃないか？
いやぁ帰宅したら恋さんがいるって素敵な状況じゃないか？
アクセラ
アクセラ
なるほど。それで機嫌が良かったのですね
なるほど。それで機嫌が良かったのですね
秀隆
秀隆
それで恋さんは？　ひょっとしてシャワー中とか？
それで恋さんは？　ひょっとしてシャワー中とか？
キズナ
キズナ
残念です。お仕事に行ってしまいました
残念です。お仕事に行ってしまいました
秀隆
秀隆
な、なんだって？
な、なんだって？
キズナ
キズナ
私もお供しようかと思ったのですが、
私もお供しようかと思ったのですが、
ステーションで特務官の方と落ち合うようなので、
ステーションで特務官の方と落ち合うようなので、
さすがにリスクが高いと思いまして
さすがにリスクが高いと思いまして
秀隆
秀隆
それは正解だ
それは正解だ
恋さんや恭一さんは黙認してくれたが、
恋さんや恭一さんは黙認してくれたが、
知らない特務官にキズナの存在を知らせる気にはなれない。
知らない特務官にキズナの存在を知らせる気にはなれない。
キズナ
キズナ
れんれんのシャワーが見たかったですか？
れんれんのシャワーが見たかったですか？
秀隆
秀隆
そんなことはないぞ。何を言ってるんだねキズナくん
そんなことはないぞ。何を言ってるんだねキズナくん
アクセラ
アクセラ
涎を垂らしながら渇望されておりました
涎を垂らしながら渇望されておりました
秀隆
秀隆
嘘をつけ嘘をっ！　……オレはキズナ一筋だからな？
嘘をつけ嘘をっ！　……オレはキズナ一筋だからな？
アクセラ
アクセラ
秀隆様は、良からぬ妄想を膨らませながら、ゆっくりとシャワー室の扉を開いた。そこには、覗かれているとは夢にも思わず、無防備に身を清める恋様の姿が。興奮した秀隆様は
秀隆様は、良からぬ妄想を膨らませながら、ゆっくりとシャワー室の扉を開いた。そこには、覗かれているとは夢にも思わず、無防備に身を清める恋様の姿が。興奮した秀隆様は
秀隆
秀隆
官能小説みたいに話すな！　キズナが誤解するだろっ
官能小説みたいに話すな！　キズナが誤解するだろっ
キズナ
キズナ
私のラブメーターが、半分ほどまで減ってしまったかもですっ
私のラブメーターが、半分ほどまで減ってしまったかもですっ
秀隆
秀隆
お、おいおい……！？
お、おいおい……！？
キズナ
キズナ
冗談ですよ
冗談ですよ
秀隆
秀隆
それは言っていい冗談じゃぁないな
それは言っていい冗談じゃぁないな
アクセラ
アクセラ
ホッとしている辺り、キズナ様にぞっこんのようですね
ホッとしている辺り、キズナ様にぞっこんのようですね
キズナ
キズナ
魅惑のボディーをしていますから
魅惑のボディーをしていますから
腰に手をあてる。
腰に手をあてる。
秀隆
秀隆
どこが魅惑のボディーだか……
どこが魅惑のボディーだか……
秀隆
秀隆
ちょっと部屋で寝るわ……まだ二日酔いが抜け切ってない
ちょっと部屋で寝るわ……まだ二日酔いが抜け切ってない
キズナ
キズナ
れんれんたちが来たら起こしますね
れんれんたちが来たら起こしますね
秀隆
秀隆
頼んだ
頼んだ
秀隆
秀隆
うー……
うー……
誰も見ている人間がいなくなり、オレはぐったりとベッドで横になった。
誰も見ている人間がいなくなり、オレはぐったりとベッドで横になった。
秀隆
秀隆
ふわ……
ふわ……
起きてくると、既に消灯時刻は過ぎてしまっていた。
起きてくると、既に消灯時刻は過ぎてしまっていた。
秀隆
秀隆
もしかして、恋さんたち帰った？
もしかして、恋さんたち帰った？
アクセラ
アクセラ
申し訳御座いません。起こそうかと思ったのですが、
申し訳御座いません。起こそうかと思ったのですが、
止められてしまいました
止められてしまいました
秀隆
秀隆
そうか……
そうか……
無理に起こしてくれても全然良かったが、
無理に起こしてくれても全然良かったが、
変に気を使わせることを嫌ったんだろう。
変に気を使わせることを嫌ったんだろう。
後日ドリームタウンで会ったら、謝っておくことにしよう。
後日ドリームタウンで会ったら、謝っておくことにしよう。
se着信（共通
se着信（共通
夜遅く、電話が鳴った。
夜遅く、電話が鳴った。
se通話ボタン
se通話ボタン
秀隆
秀隆
もしもし？
もしもし？
まどか
まどか
あ。島津くん、起きてた？
あ。島津くん、起きてた？
秀隆
秀隆
ばたばたしてたからな。全然起きてた
ばたばたしてたからな。全然起きてた
まどか
まどか
そう……あの、今からちょっとだけ時間ある？
そう……あの、今からちょっとだけ時間ある？
秀隆
秀隆
時間？　別にいいけど
時間？　別にいいけど
まどか
まどか
良かったら、外で、直接話したいの
良かったら、外で、直接話したいの
秀隆
秀隆
……何か大事な話か？
……何か大事な話か？
まどか
まどか
それは……どうなのかしら……私にもちょっと分からない
それは……どうなのかしら……私にもちょっと分からない
秀隆
秀隆
そうか……
そうか……
秀隆
秀隆
わかった。どこに行けばいい？
わかった。どこに行けばいい？
まどか
まどか
公園で待ってる
公園で待ってる
秀隆
秀隆
もしかして、今外か？
もしかして、今外か？
まどか
まどか
……待ってるわね
……待ってるわね
秀隆
秀隆
…………
…………
秀隆
秀隆
ちょっと出かけてくる
ちょっと出かけてくる
キズナ
キズナ
こんな時間に、ですか？
こんな時間に、ですか？
秀隆
秀隆
すぐに戻るよ
すぐに戻るよ
キズナ
キズナ
何か危ないことをしに行くわけじゃありませんよね？
何か危ないことをしに行くわけじゃありませんよね？
秀隆
秀隆
大丈夫だ。アンドロイドとも関係はない
大丈夫だ。アンドロイドとも関係はない
秀隆
秀隆
個人的なことだ
個人的なことだ
キズナ
キズナ
わかりました。いってらっしゃいです
わかりました。いってらっしゃいです
秀隆
秀隆
……何となく今日は冷えるな
……何となく今日は冷えるな
公園にたどり着くと、そこにはベンチに座るまどかがいた。
公園にたどり着くと、そこにはベンチに座るまどかがいた。
秀隆
秀隆
やっぱり。ずっと公園にいたのか？
やっぱり。ずっと公園にいたのか？
まどか
まどか
ううん、今きたところ
ううん、今きたところ
秀隆
秀隆
うそつけ。家のほうが公園に近いだろ
うそつけ。家のほうが公園に近いだろ
まどか
まどか
ちょっとだけ先に出てたの
ちょっとだけ先に出てたの
秀隆
秀隆
あ、そう
あ、そう
秀隆
秀隆
どうしたんだ？　こんな夜中に呼び出すなんて
どうしたんだ？　こんな夜中に呼び出すなんて
まどか
まどか
うん……磯部くんのこと、聞いてる？
うん……磯部くんのこと、聞いてる？
秀隆
秀隆
岸本さんとのことか？
岸本さんとのことか？
まどか
まどか
……やっぱり知ってたのね
……やっぱり知ってたのね
秀隆
秀隆
おまえだって薄々は感じてたんじゃないのか？
おまえだって薄々は感じてたんじゃないのか？
まどか
まどか
視線は、何となく感じてたかな
視線は、何となく感じてたかな
秀隆
秀隆
だろ？　岸本さん分かりやすいから
だろ？　岸本さん分かりやすいから
まどか
まどか
磯部くんとは終わりにしたの
磯部くんとは終わりにしたの
秀隆
秀隆
元々、磯部のことは好きじゃなかったんだって？
元々、磯部のことは好きじゃなかったんだって？
あいつ言ってた
あいつ言ってた
まどか
まどか
それは……耳が痛いかな……
それは……耳が痛いかな……
秀隆
秀隆
もしかして、そんなことを言うために？
もしかして、そんなことを言うために？
まどか
まどか
……もしかしたら、私のこと軽蔑したかも知れないけど……
……もしかしたら、私のこと軽蔑したかも知れないけど……
秀隆
秀隆
なんでオレが軽蔑なんてするんだよ
なんでオレが軽蔑なんてするんだよ
まどか
まどか
軽薄でしょ……好きでもない人と付き合って……
軽薄でしょ……好きでもない人と付き合って……
その人を縛るような真似してしまった
その人を縛るような真似してしまった
秀隆
秀隆
まどかは優しいからな
まどかは優しいからな
秀隆
秀隆
自分を好きでいてくれる人を、
自分を好きでいてくれる人を、
もしかしたら自分もいつか好きになれるかもしれない
もしかしたら自分もいつか好きになれるかもしれない
秀隆
秀隆
そう思って付き合うことを決めたんじゃないのか？
そう思って付き合うことを決めたんじゃないのか？
まどか
まどか
…………
…………
秀隆
秀隆
それに、磯部は後悔してないと思う。
それに、磯部は後悔してないと思う。
おまえと過ごした日々は、けして無駄なんかじゃないはずだ
おまえと過ごした日々は、けして無駄なんかじゃないはずだ
まどか
まどか
……島津くん……
……島津くん……
まどか
まどか
私……
私……
まどか
まどか
私は……
私は……
秀隆
秀隆
そうだ。オレもまどかに言っておくことがあったんだ
そうだ。オレもまどかに言っておくことがあったんだ
まどか
まどか
え、な、なに？
え、な、なに？
秀隆
秀隆
正直驚くと思う、というかある意味軽蔑されると思うけど
正直驚くと思う、というかある意味軽蔑されると思うけど
秀隆
秀隆
オレ、キズナと付き合うことにしたんだ
オレ、キズナと付き合うことにしたんだ
まどか
まどか
……キズナって……あの子、よね？
……キズナって……あの子、よね？
秀隆
秀隆
ああ。正直、かなり歳の差はある。
ああ。正直、かなり歳の差はある。
でも、オレはそう言うのを抜きにして、支えていこうと思う
でも、オレはそう言うのを抜きにして、支えていこうと思う
まどか
まどか
……そう……
……そう……
まどか
まどか
おめでとう……
おめでとう……
秀隆
秀隆
まあ、付き合いだしたばかりだから、正直どこまで続くかもわかんないけどさ
まあ、付き合いだしたばかりだから、正直どこまで続くかもわかんないけどさ
秀隆
秀隆
……あ、悪い。何か言いかけてなかったか？
……あ、悪い。何か言いかけてなかったか？
まどか
まどか
ううん、何でもない。じゃあ、私、帰るわね
ううん、何でもない。じゃあ、私、帰るわね
秀隆
秀隆
送っていくよ
送っていくよ
まどか
まどか
大丈夫。私もいい大人だから
大丈夫。私もいい大人だから
秀隆
秀隆
……そうだな
……そうだな
一瞬違法アンドロイドのことが頭を過ぎったが、
一瞬違法アンドロイドのことが頭を過ぎったが、
狙うとしたらオレを優先するだろう。
狙うとしたらオレを優先するだろう。
秀隆
秀隆
それじゃ
それじゃ
まどか
まどか
おやすみなさい
おやすみなさい
秀隆
秀隆
……おやすみ
……おやすみ
帰宅すると、家の前にキズナが立っていた。
帰宅すると、家の前にキズナが立っていた。
秀隆
秀隆
何やってんだ
何やってんだ
キズナ
キズナ
ひーくんが帰ってくるのを待ってました
ひーくんが帰ってくるのを待ってました
秀隆
秀隆
待ってたって……
待ってたって……
キズナ
キズナ
何となく、そうしたい気分だったので
何となく、そうしたい気分だったので
秀隆
秀隆
なんだよそれ
なんだよそれ
キズナ
キズナ
理由は特にないです。家に入りましょう
理由は特にないです。家に入りましょう
秀隆
秀隆
ああ
ああ
…………。
…………。
……。
……。
