秀隆
秀隆
……おはよう、キズナ
……おはよう、キズナ
キズナ
キズナ
おはようございます、ひーくん
おはようございます、ひーくん
キズナ
キズナ
朝早くに、どうしたんですか？
朝早くに、どうしたんですか？
秀隆
秀隆
いや、何となく声が聞きたいと思ってさ
いや、何となく声が聞きたいと思ってさ
秀隆
秀隆
迷惑だったか？
迷惑だったか？
キズナ
キズナ
そんなことありません。凄くうれしいです
そんなことありません。凄くうれしいです
キズナ
キズナ
私もお電話しようかと思ったのですが、
私もお電話しようかと思ったのですが、
ひーくんはお仕事もあるので邪魔は出来ないなと思いまして……
ひーくんはお仕事もあるので邪魔は出来ないなと思いまして……
秀隆
秀隆
あ、愛してるぞ、キズナ
あ、愛してるぞ、キズナ
キズナ
キズナ
私もですよ、ひーくん
私もですよ、ひーくん
アクセラ
アクセラ
…………
…………
秀隆
秀隆
…………
…………
キズナ
キズナ
どうしました？
どうしました？
秀隆
秀隆
ちょっと、かけなおす
ちょっと、かけなおす
キズナ
キズナ
はいです
はいです
se通話ボタン
se通話ボタン
通話を切る。
通話を切る。
秀隆
秀隆
な、何かようか？
な、何かようか？
アクセラ
アクセラ
いえ。朝食の用意が出来たので……
いえ。朝食の用意が出来たので……
秀隆
秀隆
すぐに行くから
すぐに行くから
アクセラ
アクセラ
愛してるぞ、キズナ……ですか
愛してるぞ、キズナ……ですか
秀隆
秀隆
いちいち口にするな！
いちいち口にするな！
アクセラ
アクセラ
幼い果実を手にされた方は、仰ることが違いますね
幼い果実を手にされた方は、仰ることが違いますね
アクセラ
アクセラ
１０年経っても、キズナ様はまだピチピチでしょうし
１０年経っても、キズナ様はまだピチピチでしょうし
秀隆
秀隆
あのな、オレは年齢で判断してるわけじゃないんだよ
あのな、オレは年齢で判断してるわけじゃないんだよ
アクセラ
アクセラ
ですがお若いに越したことはありませんよね？
ですがお若いに越したことはありませんよね？
秀隆
秀隆
まあ……
まあ……
アクセラ
アクセラ
３０歳の方とお付き合いなされば、１０年後は４０歳になります
３０歳の方とお付き合いなされば、１０年後は４０歳になります
アクセラ
アクセラ
それはもはや不良債権っ
それはもはや不良債権っ
秀隆
秀隆
こら、全国の女性を敵に回す発言はするな！
こら、全国の女性を敵に回す発言はするな！
まどか
まどか
おはよう、島津くん
おはよう、島津くん
秀隆
秀隆
おはよう
おはよう
まどか
まどか
順調にいってる？
順調にいってる？
秀隆
秀隆
それって、キズナとのこと、か？
それって、キズナとのこと、か？
まどか
まどか
ええ。色々大変だとは思うけど
ええ。色々大変だとは思うけど
秀隆
秀隆
一応は上手くやってる。見捨てられないように頑張るつもりだ
一応は上手くやってる。見捨てられないように頑張るつもりだ
キズナが誘拐されたことや、違法アンドロイドのこと。
キズナが誘拐されたことや、違法アンドロイドのこと。
余計な心配を与えるだけなので伏せておいた方がいいだろう。
余計な心配を与えるだけなので伏せておいた方がいいだろう。
まどか
まどか
私も、頑張らないとね
私も、頑張らないとね
それはどういう意味だったのか。
それはどういう意味だったのか。
オレには聞くことが出来なかった。
オレには聞くことが出来なかった。
昼休み前、オレは唐沢代表に部屋に来るよう呼ばれる。
昼休み前、オレは唐沢代表に部屋に来るよう呼ばれる。
秀隆
秀隆
ちょうど会いたいと思ってたし、タイミングとしてはばっちりだ
ちょうど会いたいと思ってたし、タイミングとしてはばっちりだ
秀隆
秀隆
失礼します
失礼します
唐沢
唐沢
待っていたよ。さ、座ってくれるかな
待っていたよ。さ、座ってくれるかな
秀隆
秀隆
はい
はい
オレはソファーに腰を下ろす。
オレはソファーに腰を下ろす。
唐沢代表も立ち上がり、オレの前に座った。
唐沢代表も立ち上がり、オレの前に座った。
手にはオレが提出した資料がある。
手にはオレが提出した資料がある。
その資料とは―――先日の、大河内代表たちとのやり取りをまとめたものだ。
その資料とは―――先日の、大河内代表たちとのやり取りをまとめたものだ。
キズナの存在が公になったこと。
キズナの存在が公になったこと。
以前頼まれていた男の正体は恭一さんであること。
以前頼まれていた男の正体は恭一さんであること。
もはや、それらの事柄はいつまでも隠しとおせるものじゃない。
もはや、それらの事柄はいつまでも隠しとおせるものじゃない。
唐沢
唐沢
今日君を呼んだのは他でもない……キズナくんのことについてだ
今日君を呼んだのは他でもない……キズナくんのことについてだ
唐沢
唐沢
彼女の存在は、完全にドリームタウンに知られてしまっているんだね？
彼女の存在は、完全にドリームタウンに知られてしまっているんだね？
秀隆
秀隆
はい。今回の誘拐事件も、いち早く情報を得ていました
はい。今回の誘拐事件も、いち早く情報を得ていました
唐沢
唐沢
そうか……
そうか……
唐沢
唐沢
彼女の方は大丈夫かい？
彼女の方は大丈夫かい？
秀隆
秀隆
特に怪我をしたと言うこともなく、元気にしています
特に怪我をしたと言うこともなく、元気にしています
唐沢
唐沢
それはよかった
それはよかった
唐沢
唐沢
柳沢がやったことは、ホープタウンとドリームタウン、
柳沢がやったことは、ホープタウンとドリームタウン、
それぞれに大きなダメージを残した。違法アンドロイドの件、生き残りの件
それぞれに大きなダメージを残した。違法アンドロイドの件、生き残りの件
秀隆
秀隆
そうですね。街の隠ぺい体質と、
そうですね。街の隠ぺい体質と、
相手を信用していないことが露呈した形になります
相手を信用していないことが露呈した形になります
唐沢
唐沢
耳が痛いところだけど、仕方のないことだよ。それは分かるだろう？
耳が痛いところだけど、仕方のないことだよ。それは分かるだろう？
唐沢
唐沢
もしホープタウンだけが素直に申告していたら、
もしホープタウンだけが素直に申告していたら、
ドリームタウンも同じように隠さずに事実を伝えて来ただろうか？
ドリームタウンも同じように隠さずに事実を伝えて来ただろうか？
秀隆
秀隆
わかりません
わかりません
唐沢
唐沢
そう。わからないんだ。可能性がないわけじゃないが、けして高くはない
そう。わからないんだ。可能性がないわけじゃないが、けして高くはない
唐沢
唐沢
相手がどうでるかわからない以上、
相手がどうでるかわからない以上、
それを勝手に信頼して情報を開示するのは、間違っていると言えるだろう
それを勝手に信頼して情報を開示するのは、間違っていると言えるだろう
唐沢
唐沢
それは君にもわかるはずだ
それは君にもわかるはずだ
秀隆
秀隆
もちろん分かっています
もちろん分かっています
唐沢
唐沢
それだけじゃない。竹内くんが向こうへ行ってしまったことも、懸念材料だ
それだけじゃない。竹内くんが向こうへ行ってしまったことも、懸念材料だ
唐沢
唐沢
彼は秘密を守ると言うが、情報の流出は止められないだろう
彼は秘密を守ると言うが、情報の流出は止められないだろう
唐沢
唐沢
彼自身が見てきたもの、知ったものは、計り知れない
彼自身が見てきたもの、知ったものは、計り知れない
秀隆
秀隆
そうですね……
そうですね……
唐沢
唐沢
特務官の引き抜きなんてことを、僕は今後許すつもりはない
特務官の引き抜きなんてことを、僕は今後許すつもりはない
唐沢
唐沢
徹底してドリームタウンに抗議を行っていくつもりだ
徹底してドリームタウンに抗議を行っていくつもりだ
唐沢
唐沢
島津くんには、より一層、街の特務官として働いてもらう必要がある
島津くんには、より一層、街の特務官として働いてもらう必要がある
秀隆
秀隆
もちろん、全力でやらせていただきます
もちろん、全力でやらせていただきます
唐沢
唐沢
うん。そこで、早速なんだけど、君に伝えなければならないことがあるんだ
うん。そこで、早速なんだけど、君に伝えなければならないことがあるんだ
秀隆
秀隆
なんでしょうか？
なんでしょうか？
唐沢
唐沢
今後、僕はキズナくんの扱いについては対応を検討していきたいと思っている
今後、僕はキズナくんの扱いについては対応を検討していきたいと思っている
空気の流れが変わるのを、肌で感じ取った。
空気の流れが変わるのを、肌で感じ取った。
秀隆
秀隆
どういうことですか……
どういうことですか……
唐沢
唐沢
君の元に預けることで、当初の目的である自由は与えられた
君の元に預けることで、当初の目的である自由は与えられた
唐沢
唐沢
でも、それがホープタウンへの不利益を生んでしまう結果になった
でも、それがホープタウンへの不利益を生んでしまう結果になった
唐沢
唐沢
さすがに、今のまま、と言うわけにはいかないよ
さすがに、今のまま、と言うわけにはいかないよ
秀隆
秀隆
その検討とは、どういう対応なんですか
その検討とは、どういう対応なんですか
唐沢
唐沢
彼女は、どこか周囲の目の届かない場所に隠した方が良いだろう
彼女は、どこか周囲の目の届かない場所に隠した方が良いだろう
秀隆
秀隆
それは……軟禁すると言うことですか
それは……軟禁すると言うことですか
唐沢
唐沢
仕方がないんだ。理解してほしい
仕方がないんだ。理解してほしい
唐沢
唐沢
僕だってそんなことはしたくない。でも、これはやむを得ないんだ
僕だってそんなことはしたくない。でも、これはやむを得ないんだ
唐沢
唐沢
僕の代になって、初めてにして最大のピンチさ
僕の代になって、初めてにして最大のピンチさ
秀隆
秀隆
……オレは、賛同しかねます
……オレは、賛同しかねます
秀隆
秀隆
キズナは一人の少女です。記憶だって持っていない
キズナは一人の少女です。記憶だって持っていない
唐沢
唐沢
記憶の有無はもはや重要じゃないよ
記憶の有無はもはや重要じゃないよ
唐沢
唐沢
その存在そのものが、街に危険をもたらすと判断した
その存在そのものが、街に危険をもたらすと判断した
唐沢
唐沢
誰よりも彼女の面倒を見て来た君の気持ちは分かる。
誰よりも彼女の面倒を見て来た君の気持ちは分かる。
だけど、これは僕の命令だよ島津くん
だけど、これは僕の命令だよ島津くん
唐沢
唐沢
彼女は厳しい監視、監督の下誰の目にも触れない場所へと移動させる
彼女は厳しい監視、監督の下誰の目にも触れない場所へと移動させる
秀隆
秀隆
っ……
っ……
唐沢代表は右手で、３本の指を立てた。
唐沢代表は右手で、３本の指を立てた。
唐沢
唐沢
３日。あと３日は、キズナくんに自由を楽しませてあげてくれ
３日。あと３日は、キズナくんに自由を楽しませてあげてくれ
３日後から、キズナを軟禁するってことか。
３日後から、キズナを軟禁するってことか。
秀隆
秀隆
いつから、と言うのはさほど重要じゃありません
いつから、と言うのはさほど重要じゃありません
秀隆
秀隆
いつまで、彼女を軟禁するんでしょう
いつまで、彼女を軟禁するんでしょう
唐沢
唐沢
事態の収拾がつくまで、かな。そうするしかないね
事態の収拾がつくまで、かな。そうするしかないね
秀隆
秀隆
それは最悪、１年……いえ、それ以上の長期に渡る可能性もあるんですね？
それは最悪、１年……いえ、それ以上の長期に渡る可能性もあるんですね？
唐沢
唐沢
……そうだ。必要なら、どこまでもそうするつもりだよ
……そうだ。必要なら、どこまでもそうするつもりだよ
唐沢
唐沢
１人を守る戦いではなく、街を守る戦いをしなければならない
１人を守る戦いではなく、街を守る戦いをしなければならない
秀隆
秀隆
そうですか……
そうですか……
唐沢
唐沢
理解してくれるね？　他でもない、島津くんなら
理解してくれるね？　他でもない、島津くんなら
秀隆
秀隆
……わかりました……
……わかりました……
唐沢
唐沢
信じてもいいね？　君を
信じてもいいね？　君を
秀隆
秀隆
……はい
……はい
唐沢
唐沢
うん。僕の話はそれだけだよ
うん。僕の話はそれだけだよ
秀隆
秀隆
キズナと、あと３日しか一緒に居られない……？
キズナと、あと３日しか一緒に居られない……？
オレに突きつけられた状況は、想像を超える残酷なものだった。
オレに突きつけられた状況は、想像を超える残酷なものだった。
秀隆
秀隆
……ただいま
……ただいま
キズナ
キズナ
お帰りなさいです、ひーくんっ
お帰りなさいです、ひーくんっ
ばっと手を広げて、俺を歓迎するキズナ。
ばっと手を広げて、俺を歓迎するキズナ。
秀隆
秀隆
ああ。帰ってたんだな、キズナ
ああ。帰ってたんだな、キズナ
キズナ
キズナ
あれ、どこか元気がありませんね……？
あれ、どこか元気がありませんね……？
秀隆
秀隆
ちょっと、仕事で疲れたんだ。部屋で休んでる
ちょっと、仕事で疲れたんだ。部屋で休んでる
オレは心配そうに見つめるキズナを背に、部屋へと戻った。
オレは心配そうに見つめるキズナを背に、部屋へと戻った。
キズナの顔を、直視することが出来ない。
キズナの顔を、直視することが出来ない。
思わず弱音を吐きそうになってしまうからだ。
思わず弱音を吐きそうになってしまうからだ。
一難去って、また一難か。
一難去って、また一難か。
…………。
…………。
恭一
恭一
どうしたもんかな……
どうしたもんかな……
このままキズナの軟禁が始まることを、
このままキズナの軟禁が始まることを、
指を咥えて待っているしかないのだろうか。
指を咥えて待っているしかないのだろうか。
いや、それよりもまず、キズナにこの話を伝えるかどうかだ。
いや、それよりもまず、キズナにこの話を伝えるかどうかだ。
不安になるようなことはしたくない。
不安になるようなことはしたくない。
でも、３日後突然軟禁させるわけもいかない。
でも、３日後突然軟禁させるわけもいかない。
秀隆
秀隆
キズナ話がある
キズナ話がある
キズナ
キズナ
真剣なお話ですか
真剣なお話ですか
秀隆
秀隆
それも、とびきり嫌な話だ
それも、とびきり嫌な話だ
キズナ
キズナ
……わかりました
……わかりました
秀隆
秀隆
オレの部屋で話そう
オレの部屋で話そう
秀隆
秀隆
おまえに、どうしても言わなきゃいけないことが出来た
おまえに、どうしても言わなきゃいけないことが出来た
キズナ
キズナ
お別れ……ですか？
お別れ……ですか？
秀隆
秀隆
……どうして、それを？
……どうして、それを？
キズナ
キズナ
あわわ、当たってしまいました
あわわ、当たってしまいました
がくっとうな垂れるキズナ。
がくっとうな垂れるキズナ。
キズナ
キズナ
初めての告白から、初めての失恋まで、瞬く間でしたっ
初めての告白から、初めての失恋まで、瞬く間でしたっ
秀隆
秀隆
そう、失恋……失恋？
そう、失恋……失恋？
キズナ
キズナ
私振られちゃうんですよね？
私振られちゃうんですよね？
秀隆
秀隆
え？　……バカ、オレがおまえを振るわけないだろ
え？　……バカ、オレがおまえを振るわけないだろ
キズナ
キズナ
だけど、今お別れって聞いたら肯定しました
だけど、今お別れって聞いたら肯定しました
秀隆
秀隆
そう言う意味の別れじゃない
そう言う意味の別れじゃない
秀隆
秀隆
今日唐沢代表に警告を受けた
今日唐沢代表に警告を受けた
キズナ
キズナ
警告、ですか
警告、ですか
秀隆
秀隆
今回の誘拐事件で、キズナの存在が完全にドリームタウンに知られてしまった
今回の誘拐事件で、キズナの存在が完全にドリームタウンに知られてしまった
秀隆
秀隆
その対抗措置として、おまえを軟禁状態にしたいらしい
その対抗措置として、おまえを軟禁状態にしたいらしい
キズナ
キズナ
それは、この家に居られなくなる、ってことですか
それは、この家に居られなくなる、ってことですか
秀隆
秀隆
……そうだ
……そうだ
キズナ
キズナ
いつから、いつまでですか？
いつから、いつまでですか？
秀隆
秀隆
３日後から……いつまでかは分からない
３日後から……いつまでかは分からない
秀隆
秀隆
１週間なのか、１年なのか……あるいは……
１週間なのか、１年なのか……あるいは……
キズナ
キズナ
……いや、です
……いや、です
秀隆
秀隆
分かってる。オレだってそんなのはいやだ
分かってる。オレだってそんなのはいやだ
秀隆
秀隆
でも、唐沢代表の意思は固い。こっちの願いは聞き入れてもらえないだろう
でも、唐沢代表の意思は固い。こっちの願いは聞き入れてもらえないだろう
キズナ
キズナ
ひーくんは、それしかないと思いますか
ひーくんは、それしかないと思いますか
秀隆
秀隆
…………
…………
キズナ
キズナ
私は、ひーくんやあっきー、アクセラさんと一緒に居たいです
私は、ひーくんやあっきー、アクセラさんと一緒に居たいです
秀隆
秀隆
そうだな。オレもそうだ
そうだな。オレもそうだ
秀隆
秀隆
でも、オレが拒否しても唐沢さんは強制的にキズナを連れていくと思う
でも、オレが拒否しても唐沢さんは強制的にキズナを連れていくと思う
秀隆
秀隆
だからと言って、二人で逃げるわけにもいかない
だからと言って、二人で逃げるわけにもいかない
秀隆
秀隆
この世界には、逃げられる場所は限られてる
この世界には、逃げられる場所は限られてる
それこそ、下層区画くらいだが、あまりに非現実的過ぎる。
それこそ、下層区画くらいだが、あまりに非現実的過ぎる。
そんな場所じゃ満足に暮らしていくことは出来ない。
そんな場所じゃ満足に暮らしていくことは出来ない。
キズナ
キズナ
打つ手は何もない、と……？
打つ手は何もない、と……？
秀隆
秀隆
そんな顔するな
そんな顔するな
オレはキズナの手を握った。
オレはキズナの手を握った。
秀隆
秀隆
不安にさせる言い方をして悪かった。
不安にさせる言い方をして悪かった。
でも、今起こってる事態を、ちゃんと説明しておきたかったんだ
でも、今起こってる事態を、ちゃんと説明しておきたかったんだ
秀隆
秀隆
唐沢さんには説得は通じないし、逃げることも出来ない
唐沢さんには説得は通じないし、逃げることも出来ない
秀隆
秀隆
だけど、全く手がないわけじゃないと思う
だけど、全く手がないわけじゃないと思う
キズナ
キズナ
それは……どうするんですか？
それは……どうするんですか？
秀隆
秀隆
彼の、唐沢さんのウィークポイントを突く
彼の、唐沢さんのウィークポイントを突く
キズナ
キズナ
ウィークポイント？
ウィークポイント？
秀隆
秀隆
オレが知りえた限りじゃ、唐沢代表は何か大きな秘密を抱えてる
オレが知りえた限りじゃ、唐沢代表は何か大きな秘密を抱えてる
秀隆
秀隆
その秘密を突き止めることが出来れば、あるいは……
その秘密を突き止めることが出来れば、あるいは……
キズナ
キズナ
秘密……
秘密……
秀隆
秀隆
大河内代表、ドリームタウンの代表が言うには、
大河内代表、ドリームタウンの代表が言うには、
唐沢さんは地上に関する大きな秘密を握っているらしい
唐沢さんは地上に関する大きな秘密を握っているらしい
キズナ
キズナ
地上に関する秘密……
地上に関する秘密……
秀隆
秀隆
何とか、オレはそれを突き止めてみようと思う。３日間で
何とか、オレはそれを突き止めてみようと思う。３日間で
秀隆
秀隆
キズナと離れ離れになってたまるかっ
キズナと離れ離れになってたまるかっ
キズナ
キズナ
おおぉっ、彼氏っぽいです！
おおぉっ、彼氏っぽいです！
秀隆
秀隆
ぽい、じゃなく彼氏だからな？
ぽい、じゃなく彼氏だからな？
キズナ
キズナ
そうでした
そうでした
キズナ
キズナ
私も、ひーくんに協力します
私も、ひーくんに協力します
秀隆
秀隆
それは駄目だ
それは駄目だ
キズナ
キズナ
あや、どうしてでしょう？　一人よりは二人だと思います
あや、どうしてでしょう？　一人よりは二人だと思います
秀隆
秀隆
唐沢さんは抜け目のない人だ。
唐沢さんは抜け目のない人だ。
オレがキズナを連れて逃げたりしないか見張っている可能性は十分ある
オレがキズナを連れて逃げたりしないか見張っている可能性は十分ある
秀隆
秀隆
もしキズナと共に行動していれば、それだけで目を付けられる。
もしキズナと共に行動していれば、それだけで目を付けられる。
そして３日といわず、無理やり連れて行く可能性だって出てくるだろう
そして３日といわず、無理やり連れて行く可能性だって出てくるだろう
キズナ
キズナ
なるほど……
なるほど……
いや、可能性じゃない。
いや、可能性じゃない。
間違いなくキズナを監視するはずだ。
間違いなくキズナを監視するはずだ。
秀隆
秀隆
だから、おまえは家で待っていてくれ。
だから、おまえは家で待っていてくれ。
オレが必ずおまえを守ってやる。約束するよ
オレが必ずおまえを守ってやる。約束するよ
キズナ
キズナ
……わかりました。ひーくんを信じます
……わかりました。ひーくんを信じます
秀隆
秀隆
……ああ
……ああ
オレは、ぎゅっと握り締めた手を引きよせ、キズナを抱きしめた。
オレは、ぎゅっと握り締めた手を引きよせ、キズナを抱きしめた。
秀隆
秀隆
こんな可愛い彼女と、離れ離れにされてたまるか
こんな可愛い彼女と、離れ離れにされてたまるか
キズナ
キズナ
そうですね。次に再会して、おばちゃんになってたら嫌ですよね
そうですね。次に再会して、おばちゃんになってたら嫌ですよね
秀隆
秀隆
嫌過ぎる……
嫌過ぎる……
キズナがオレの背中に手を回してきた。
キズナがオレの背中に手を回してきた。
秀隆
秀隆
多分、明日から泊り込みで調べることになるだろう
多分、明日から泊り込みで調べることになるだろう
キズナ
キズナ
じゃあ、会えなくなっちゃいますね
じゃあ、会えなくなっちゃいますね
秀隆
秀隆
ずっと会えないより、マシだ
ずっと会えないより、マシだ
秀隆
秀隆
だから、その……
だから、その……
キズナ
キズナ
エッチしたいです。ひーくんと
エッチしたいです。ひーくんと
秀隆
秀隆
……想いが通じてて、すげぇ嬉しいです、はい
……想いが通じてて、すげぇ嬉しいです、はい
キズナ
キズナ
だってひーくん、股間固くなっちゃってます
だってひーくん、股間固くなっちゃってます
どうやら、抱きしめた時にばれてしまったらしい。
どうやら、抱きしめた時にばれてしまったらしい。
秀隆
秀隆
感動台無しだな
感動台無しだな
キズナ
キズナ
これはこれで、嬉しいですよ
これはこれで、嬉しいですよ
秀隆
秀隆
そっか……
そっか……
秀隆
秀隆
色々言い訳考えてたんだけどな。エッチするための
色々言い訳考えてたんだけどな。エッチするための
キズナ
キズナ
言い訳なんてしなくても、いつでも大丈夫ですよ。
言い訳なんてしなくても、いつでも大丈夫ですよ。
私は彼女ですから
私は彼女ですから
キズナ
キズナ
それに、女の子だってエッチしたいんです
それに、女の子だってエッチしたいんです
秀隆
秀隆
オレのオチ○チンとか、好きか？
オレのオチ○チンとか、好きか？
キズナ
キズナ
可愛くて好きです
可愛くて好きです
seガシャン
seガシャン
秀隆
秀隆
聞くんじゃなかった……
聞くんじゃなかった……
キズナ
キズナ
格好いいと思いますっ
格好いいと思いますっ
秀隆
秀隆
遅いっ！
遅いっ！
ぎゅーっと抱きしめて、オレはキズナをベッドに押し倒した。
ぎゅーっと抱きしめて、オレはキズナをベッドに押し倒した。
キズナ
キズナ
わー、獣に犯されてしまいますー
わー、獣に犯されてしまいますー
秀隆
秀隆
こらこら、そんな物騒なことを言わない
こらこら、そんな物騒なことを言わない
キズナ
キズナ
レイプ演出をした方が、燃えるかと思いまして
レイプ演出をした方が、燃えるかと思いまして
秀隆
秀隆
燃えないからやめい
燃えないからやめい
キズナ
キズナ
残念です
残念です
秀隆
秀隆
そうだな、オレが望む設定としては……
そうだな、オレが望む設定としては……
秀隆
秀隆
夫の帰りを待っていて、性欲が抑えきれない奥様、とか
夫の帰りを待っていて、性欲が抑えきれない奥様、とか
キズナ
キズナ
マニアックすぎます、ひーくん
マニアックすぎます、ひーくん
秀隆
秀隆
ええい、とにかくおっぱいを献上せいっ
ええい、とにかくおっぱいを献上せいっ
最終章・レミニセンスその１２』キズナH
最終章・レミニセンスその１２』キズナH
キズナ
キズナ
ひーくん、エッチは、やっぱり凄いですね……！
ひーくん、エッチは、やっぱり凄いですね……！
秀隆
秀隆
だな……
だな……
キズナ
キズナ
あの……暫く、このまま繋がっていたいんですが……いいですか？
あの……暫く、このまま繋がっていたいんですが……いいですか？
秀隆
秀隆
繋がったまま？
繋がったまま？
オレとキズナの結合部からは精子があふれ出ている。
オレとキズナの結合部からは精子があふれ出ている。
でも、まだしっかりと繋がったままだ。
でも、まだしっかりと繋がったままだ。
秀隆
秀隆
いいのか？
いいのか？
キズナ
キズナ
はい……長い間、ひーくんを感じていたいです
はい……長い間、ひーくんを感じていたいです
秀隆
秀隆
分かった。それでいいよ……
分かった。それでいいよ……
オレはキズナを抱きしめ、繋がったまま眠ることにした。
オレはキズナを抱きしめ、繋がったまま眠ることにした。
…………。
…………。
……。
……。
