秀隆
秀隆
……夢、じゃないよな？
……夢、じゃないよな？
オレは昨日の出来事を思い返していた。
オレは昨日の出来事を思い返していた。
秀隆
秀隆
オレ、凛と……
オレ、凛と……
と、とりあえずやらなければならないこと。
と、とりあえずやらなければならないこと。
それは今日の凛との待ち合わせだ。
それは今日の凛との待ち合わせだ。
仕事を終え待ち合わせ場所へ。
仕事を終え待ち合わせ場所へ。
秀隆
秀隆
例のアンドロイド以来、凄い勢いだな、凛の奴……
例のアンドロイド以来、凄い勢いだな、凛の奴……
凛
凛
お待たせ
お待たせ
秀隆
秀隆
お、おう
お、おう
凛
凛
感心感心。今日もあたしより早く待ってたみたいね
感心感心。今日もあたしより早く待ってたみたいね
秀隆
秀隆
この間待ち合わせに遅れたことだけで、相当へこんだからな
この間待ち合わせに遅れたことだけで、相当へこんだからな
凛
凛
その辺覚悟しておかないと、長続きしないと思うわよ？
その辺覚悟しておかないと、長続きしないと思うわよ？
秀隆
秀隆
だな……
だな……
そう、オレが付き合えることになった凛は、ある種対等な男女関係じゃない。
そう、オレが付き合えることになった凛は、ある種対等な男女関係じゃない。
凛に主導権があると言っていいだろう。
凛に主導権があると言っていいだろう。
オレは付き合って貰っている側。
オレは付き合って貰っている側。
何故なら、凛にはオレじゃなくても無数の相手がいるのだ。
何故なら、凛にはオレじゃなくても無数の相手がいるのだ。
凛
凛
さて、それであたしの彼氏４号君は、どこに連れてってくれるのかな？
さて、それであたしの彼氏４号君は、どこに連れてってくれるのかな？
秀隆
秀隆
ン号っての、なんか嫌なんですが……
ン号っての、なんか嫌なんですが……
凛
凛
贅沢ね。じゃあ彼氏候補くん
贅沢ね。じゃあ彼氏候補くん
秀隆
秀隆
候補に格下げ！？
候補に格下げ！？
凛
凛
彼氏……もどき？
彼氏……もどき？
秀隆
秀隆
なんかもっと嫌っす！
なんかもっと嫌っす！
キズナ
キズナ
あれれ？　ひーくんにりんりんじゃないですかっ
あれれ？　ひーくんにりんりんじゃないですかっ
秀隆
秀隆
おうキズナ。帰りか？
おうキズナ。帰りか？
キズナ
キズナ
そうです
そうです
凛
凛
ねえ。キズナって、幾つ年下なの？
ねえ。キズナって、幾つ年下なの？
秀隆
秀隆
えっ……？
えっ……？
凛
凛
だってその制服って秋と同じ学園のよね？
だってその制服って秋と同じ学園のよね？
同い年ってことはないだろうし……１つ下とも思えないのよね
同い年ってことはないだろうし……１つ下とも思えないのよね
キズナ
キズナ
実は、ひーくんは制服マニアなんです
実は、ひーくんは制服マニアなんです
誤魔化すために、キズナはオレをダシに使った。
誤魔化すために、キズナはオレをダシに使った。
キズナ
キズナ
夜な夜な、私に制服を着せてあれやこれやと楽しんでいるんですっ
夜な夜な、私に制服を着せてあれやこれやと楽しんでいるんですっ
凛
凛
あんた……こんな子に何させてんのよ
あんた……こんな子に何させてんのよ
秀隆
秀隆
ひえっ！
ひえっ！
オレは凛に胸ぐらをつかまれた。
オレは凛に胸ぐらをつかまれた。
秀隆
秀隆
ば、バカ。キズナの冗談に決まってるだろっ
ば、バカ。キズナの冗談に決まってるだろっ
凛
凛
じゃあ、この子が制服着てるのはなんでよ
じゃあ、この子が制服着てるのはなんでよ
秀隆
秀隆
それは、別に意味がないっていうか……
それは、別に意味がないっていうか……
凛
凛
あんたがキズナに最低なことしてるなら、別れるわよ
あんたがキズナに最低なことしてるなら、別れるわよ
秀隆
秀隆
だからしてないって！
だからしてないって！
キズナ
キズナ
別れる
別れる
凛
凛
あ、うん。一応昨日からこいつと付き合うことにしたの
あ、うん。一応昨日からこいつと付き合うことにしたの
キズナ
キズナ
おおっ。なんと！　驚きましたっ！
おおっ。なんと！　驚きましたっ！
凛
凛
早くも破局危機だけどね
早くも破局危機だけどね
キズナ
キズナ
そういうことなら、謝らせていただきたいです。制服は私の意思で着てます
そういうことなら、謝らせていただきたいです。制服は私の意思で着てます
凛
凛
秀隆のことを庇ってるんじゃないの？
秀隆のことを庇ってるんじゃないの？
キズナ
キズナ
本当ですっ。ひーくんとお付き合いされてると言うことは、
本当ですっ。ひーくんとお付き合いされてると言うことは、
ひーくんのことをりんりんは好きだと言うことですよね？
ひーくんのことをりんりんは好きだと言うことですよね？
凛
凛
えっ？　……そりゃ好きじゃなきゃ付き合わないわよ
えっ？　……そりゃ好きじゃなきゃ付き合わないわよ
キズナ
キズナ
なら、ひーくんがどういう人かはわかってるはずです。
なら、ひーくんがどういう人かはわかってるはずです。
普段エッチなことを言ってても、人の道を踏み外すような真似はしません
普段エッチなことを言ってても、人の道を踏み外すような真似はしません
秀隆
秀隆
キズナ……
キズナ……
凛
凛
まぁ……そうね……
まぁ……そうね……
キズナ
キズナ
事故で色々見せられちゃうことはありましたけど
事故で色々見せられちゃうことはありましたけど
凛
凛
は？　なによ、見せられたって
は？　なによ、見せられたって
秀隆
秀隆
こらこらキズナ。収まりかけたのにぶり返すなっ
こらこらキズナ。収まりかけたのにぶり返すなっ
キズナ
キズナ
てへへ。ごめんなさいです
てへへ。ごめんなさいです
秀隆
秀隆
ともかくオレは無実だ。好きだぞ凛
ともかくオレは無実だ。好きだぞ凛
凛
凛
キズナの前で何言ってんだか
キズナの前で何言ってんだか
キズナ
キズナ
アツアツさんですか？
アツアツさんですか？
秀隆
秀隆
これからアツアツになるところだ。な？
これからアツアツになるところだ。な？
オレは凛と手を繋ごうとした。
オレは凛と手を繋ごうとした。
se平手うち (3
se平手うち (3
が、ペシッと叩かれる。
が、ペシッと叩かれる。
凛
凛
ロリコン疑惑のある男とは、親しくできませーん
ロリコン疑惑のある男とは、親しくできませーん
秀隆
秀隆
ひでぇ……
ひでぇ……
キズナ
キズナ
大丈夫ですよりんりん。ひーくんはよく寝言でりんりんの名前呼んでますから
大丈夫ですよりんりん。ひーくんはよく寝言でりんりんの名前呼んでますから
凛
凛
え？
え？
秀隆
秀隆
キズナ。頼むからそれ以上は―――な？
キズナ。頼むからそれ以上は―――な？
凛
凛
あたしは寝言内容より、キズナが寝言を知ってることを聞きたいわね
あたしは寝言内容より、キズナが寝言を知ってることを聞きたいわね
秀隆
秀隆
ちょっとジュース買ってこようかな？　かな？
ちょっとジュース買ってこようかな？　かな？
オレは逃げるように自販機に向かった。
オレは逃げるように自販機に向かった。
キズナと凛はベンチに座って楽しそうに話している。
キズナと凛はベンチに座って楽しそうに話している。
秀隆
秀隆
余計なことは話してないだろうな？
余計なことは話してないだろうな？
キズナ
キズナ
はいです。今ひーくんとりんりんのなれ初めを聞いてました
はいです。今ひーくんとりんりんのなれ初めを聞いてました
秀隆
秀隆
な、なれ初め？
な、なれ初め？
キズナ
キズナ
ストーカーさんからりんりんを助けた話です
ストーカーさんからりんりんを助けた話です
秀隆
秀隆
あ、あぁそのことか
あ、あぁそのことか
凛
凛
あんたのことだから、てっきり自慢してると思ったんだけどね
あんたのことだから、てっきり自慢してると思ったんだけどね
キズナ
キズナ
武勇伝聞きたかったですっ
武勇伝聞きたかったですっ
秀隆
秀隆
武勇伝？　そんなんじゃない
武勇伝？　そんなんじゃない
オレは二人に飲み物を渡す。
オレは二人に飲み物を渡す。
秀隆
秀隆
あの事件は、オレもそうだけど、凛に深い傷を残した。
あの事件は、オレもそうだけど、凛に深い傷を残した。
そんなものを掘り返して自慢するようなことはしたくない
そんなものを掘り返して自慢するようなことはしたくない
凛
凛
…………
…………
秀隆
秀隆
あ、あれ。なんで睨むんだよ
あ、あれ。なんで睨むんだよ
凛
凛
そういうのが、ずるいのよね
そういうのが、ずるいのよね
キズナ
キズナ
格好いいですね、ひーくんっ
格好いいですね、ひーくんっ
秀隆
秀隆
え？　いや、別にオレは……
え？　いや、別にオレは……
キズナ
キズナ
もしかして、これからデートですか？
もしかして、これからデートですか？
凛
凛
別にデートって言うか、ちょっと会おうってだけ
別にデートって言うか、ちょっと会おうってだけ
キズナ
キズナ
私はお邪魔だと思うので、帰りますね
私はお邪魔だと思うので、帰りますね
凛
凛
そんな気を遣わなくても……
そんな気を遣わなくても……
秀隆
秀隆
よし、お疲れキズナ
よし、お疲れキズナ
凛
凛
ちょっと。そんなことしたら可哀想でしょ
ちょっと。そんなことしたら可哀想でしょ
キズナ
キズナ
お気になさらずっ。私は家で帰りを待ってますから
お気になさらずっ。私は家で帰りを待ってますから
ととっとベンチから立ち上がる。
ととっとベンチから立ち上がる。
キズナ
キズナ
ではではっ
ではではっ
凛
凛
もう。よかったの？
もう。よかったの？
秀隆
秀隆
キズナとはいつでも会えるだろ
キズナとはいつでも会えるだろ
凛
凛
そうかもしんないけど……
そうかもしんないけど……
秀隆
秀隆
……一日に、凛と二人きりになれる時間は限られてるからな
……一日に、凛と二人きりになれる時間は限られてるからな
凛
凛
何言ってんだか……
何言ってんだか……
秀隆
秀隆
…………
…………
凛
凛
…………
…………
凛
凛
何よ。何か言わないわけ？
何よ。何か言わないわけ？
秀隆
秀隆
いや、何か改めると、何を話していいかわからなくてさ
いや、何か改めると、何を話していいかわからなくてさ
凛
凛
……それは、あたしもそうだけど
……それは、あたしもそうだけど
オレたちは無言のまま、消灯時刻を迎えてしまった。
オレたちは無言のまま、消灯時刻を迎えてしまった。
秀隆
秀隆
でも……オレは悪い時間じゃなかったと思ってる
でも……オレは悪い時間じゃなかったと思ってる
凛
凛
……そうね。悪い時間じゃないかも
……そうね。悪い時間じゃないかも
秀隆
秀隆
そろそろ帰りの時間だろ？　送ってくよ
そろそろ帰りの時間だろ？　送ってくよ
凛
凛
うん
うん
オレは立ち上がる。
オレは立ち上がる。
秀隆
秀隆
手くらい、繋いでもいいか？
手くらい、繋いでもいいか？
凛
凛
消灯時刻も過ぎてるし……
消灯時刻も過ぎてるし……
凛がオレの手を握ってくれた。
凛がオレの手を握ってくれた。
それだけで、幸せに満たされていく。
それだけで、幸せに満たされていく。
…………。
…………。
……。
……。
