休日の朝、オレはまったりとリビングで過ごしていた。
休日の朝、オレはまったりとリビングで過ごしていた。
アクセラ
アクセラ
どうぞ、コーヒーです
どうぞ、コーヒーです
秀隆
秀隆
さんきゅ
さんきゅ
アクセラ
アクセラ
キズナ様も、よろしければどうぞ
キズナ様も、よろしければどうぞ
キズナ
キズナ
ありがとうですっ
ありがとうですっ
秋は、当然？とも言うか部屋でまったりとくつろいでいる。
秋は、当然？とも言うか部屋でまったりとくつろいでいる。
秀隆
秀隆
今日は出かける予定はないのか？
今日は出かける予定はないのか？
キズナ
キズナ
そうですね。まったりして過ごすつもりです
そうですね。まったりして過ごすつもりです
秀隆
秀隆
じゃあ、何か一緒にテレビでも見るか
じゃあ、何か一緒にテレビでも見るか
リモコンを手に、テレビをつける。
リモコンを手に、テレビをつける。
ニュース番組だったり、バラエティーだったり。
ニュース番組だったり、バラエティーだったり。
さすがに休日ともなれば、朝からいろいろと充実しているようだ。
さすがに休日ともなれば、朝からいろいろと充実しているようだ。
キズナ
キズナ
ドラマが見たいですっ
ドラマが見たいですっ
秀隆
秀隆
はいはいドラマね
はいはいドラマね
特にオレが見たいものはなかったので、
特にオレが見たいものはなかったので、
キズナのリクエストに答えることに。
キズナのリクエストに答えることに。
秀隆
秀隆
アクセラ、おまえも休憩しろよ。一緒にテレビみようぜ
アクセラ、おまえも休憩しろよ。一緒にテレビみようぜ
アクセラ
アクセラ
よろしいのですか？　ありがとうございます
よろしいのですか？　ありがとうございます
パタパタとスリッパの音をたて、キズナの隣に腰を下ろした。
パタパタとスリッパの音をたて、キズナの隣に腰を下ろした。
何かのドラマをやっているチャンネルを見つける。
何かのドラマをやっているチャンネルを見つける。
男性
男性
ダメだ、俺は広美を好きになってしまってはいけないんだ……！
ダメだ、俺は広美を好きになってしまってはいけないんだ……！
いきなりなシーンだったらしく、部屋の中で男が苦しんでいた。
いきなりなシーンだったらしく、部屋の中で男が苦しんでいた。
広美
広美
どうして、どうしてなの？
どうして、どうしてなの？
私たちはこんなに愛し合っているのに……
私たちはこんなに愛し合っているのに……
キズナ
キズナ
おおっ。いきなり熱い展開ですねっ
おおっ。いきなり熱い展開ですねっ
秀隆
秀隆
前後関係がまったくわからないから、熱いもなにも……
前後関係がまったくわからないから、熱いもなにも……
男性
男性
ダメなんだよ広美。俺は、俺は広美を愛せないっ！
ダメなんだよ広美。俺は、俺は広美を愛せないっ！
広美
広美
だから、どうしてなのかその理由を聞かせてほしいのっ。
だから、どうしてなのかその理由を聞かせてほしいのっ。
これまで、何度も何度も私をベッドの中で愛してくれたじゃないっ
これまで、何度も何度も私をベッドの中で愛してくれたじゃないっ
おいおい……。
おいおい……。
朝っぱらからなんつーことを。
朝っぱらからなんつーことを。
アクセラ
アクセラ
これが俗世間で言うやり逃げですね。キズナ様もお気を付けて。
これが俗世間で言うやり逃げですね。キズナ様もお気を付けて。
こういう男は女性を弄んだ後身勝手な理由で女性を捨てるんです
こういう男は女性を弄んだ後身勝手な理由で女性を捨てるんです
キズナ
キズナ
なるほどですっ
なるほどですっ
秀隆
秀隆
なんつーことを教えてるんだおまえはっ。
なんつーことを教えてるんだおまえはっ。
この男にも止むに已まれぬ事情があるにきまってるだろ！
この男にも止むに已まれぬ事情があるにきまってるだろ！
一方的に男が悪いと決めつけるのは、どうかと思うぜ
一方的に男が悪いと決めつけるのは、どうかと思うぜ
男性
男性
実は、俺には妻と子がいるんだ！
実は、俺には妻と子がいるんだ！
秀隆
秀隆
…………
…………
アクセラ
アクセラ
と言うことです
と言うことです
キズナ
キズナ
最低な人ですねっ
最低な人ですねっ
秀隆
秀隆
このドラマはダメだな。面白くない。別のにしよう
このドラマはダメだな。面白くない。別のにしよう
オレはチャンネルを変える。
オレはチャンネルを変える。
アクセラ
アクセラ
都合が悪くなると逃げるのは……いえ、何でもありません
都合が悪くなると逃げるのは……いえ、何でもありません
秀隆
秀隆
今のは教育上よくない。キズナが男性に対してあらぬ誤解を感じてしまうかもしれないからな
今のは教育上よくない。キズナが男性に対してあらぬ誤解を感じてしまうかもしれないからな
世の男性のため、オレは間違った教育をするわけにはいかないのだ。
世の男性のため、オレは間違った教育をするわけにはいかないのだ。
麻衣子
麻衣子
あなたが好きなの、茂……
あなたが好きなの、茂……
茂
茂
麻衣子……俺も君が好きだ
麻衣子……俺も君が好きだ
また恋愛ものか……。
また恋愛ものか……。
でも、さっきと違って修羅場ではないようだ。
でも、さっきと違って修羅場ではないようだ。
さすがに朝から濡れ場が始まることもないし、これでいいだろう。
さすがに朝から濡れ場が始まることもないし、これでいいだろう。
茂
茂
でも、僕たちは恋をしちゃいけない。
でも、僕たちは恋をしちゃいけない。
互いに愛し合っちゃいけなかったんだ
互いに愛し合っちゃいけなかったんだ
麻衣子
麻衣子
ど、どういうことなの茂……
ど、どういうことなの茂……
茂
茂
俺は……アンドロイドなんだ
俺は……アンドロイドなんだ
麻衣子
麻衣子
そ、そんな、茂がアンドロイドだなんて……嘘よ！？
そ、そんな、茂がアンドロイドだなんて……嘘よ！？
茂
茂
本当なんだ。これを見てほしい
本当なんだ。これを見てほしい
茂と呼ばれた男が、自らの体の一部を見せる。
茂と呼ばれた男が、自らの体の一部を見せる。
麻衣子
麻衣子
そんな……茂が……
そんな……茂が……
茂
茂
だから、ごめんっ
だから、ごめんっ
キズナ
キズナ
人間さんとアンドロイドさんの恋愛は成就しないんですか？
人間さんとアンドロイドさんの恋愛は成就しないんですか？
秀隆
秀隆
あのな、するわけないだろ
あのな、するわけないだろ
キズナ
キズナ
そうなんですか？
そうなんですか？
アクセラ
アクセラ
はい
はい
キズナ
キズナ
アクセラさんも人間さんと変わらないように見えます
アクセラさんも人間さんと変わらないように見えます
そういい、隣に座るキズナはアクセラの手に触れる。
そういい、隣に座るキズナはアクセラの手に触れる。
キズナ
キズナ
温かいですし、柔らかいです
温かいですし、柔らかいです
アクセラ
アクセラ
そういう風に作られておりますので
そういう風に作られておりますので
キズナ
キズナ
うーん、私には理解できません。
うーん、私には理解できません。
アクセラさんは生きています。感情だって持ってます。
アクセラさんは生きています。感情だって持ってます。
それなら、そこに愛があれば許されると思うんです
それなら、そこに愛があれば許されると思うんです
アクセラ
アクセラ
愛ですか。よくわかりませんね
愛ですか。よくわかりませんね
キズナ
キズナ
ひーくんはどう考えますか？　アンドロイドさんとの恋
ひーくんはどう考えますか？　アンドロイドさんとの恋
秀隆
秀隆
ナンセンスだな
ナンセンスだな
キズナ
キズナ
あや……否定されてしまいました
あや……否定されてしまいました
秀隆
秀隆
だが、少なくとも愛は許されると思ってる
だが、少なくとも愛は許されると思ってる
アクセラ
アクセラ
お、お断りします……ぶるぶる
お、お断りします……ぶるぶる
秀隆
秀隆
何を勘違いしてんだよ！
何を勘違いしてんだよ！
秀隆
秀隆
家族としての愛だよ、愛
家族としての愛だよ、愛
アクセラ
アクセラ
そういうことでしたか。私はてっきり……
そういうことでしたか。私はてっきり……
アクセラ
アクセラ
確かに、私は秋様を大切に思っております
確かに、私は秋様を大切に思っております
キズナ
キズナ
それはまさに、家族愛ですね！
それはまさに、家族愛ですね！
秀隆
秀隆
オレは？　ねえ、オレは？
オレは？　ねえ、オレは？
アクセラ
アクセラ
もちろん大切な金……家族ですよ
もちろん大切な金……家族ですよ
今、なんか聞きたくないワードがあった気がしたけど……。
今、なんか聞きたくないワードがあった気がしたけど……。
キズナ
キズナ
どうして家族愛はあるのに、恋はないんでしょうか？
どうして家族愛はあるのに、恋はないんでしょうか？
アクセラ
アクセラ
アンドロイドは物です。機械ですので、
アンドロイドは物です。機械ですので、
キズナ様がテレビと恋愛するようなものですね
キズナ様がテレビと恋愛するようなものですね
キズナ
キズナ
テレビと……
テレビと……
まじまじとテレビを見つめるキズナ。
まじまじとテレビを見つめるキズナ。
何とか理解してくれたんじゃないだろうか。
何とか理解してくれたんじゃないだろうか。
キズナ
キズナ
やっぱりよくわかりません。アクセラさんとテレビは違います
やっぱりよくわかりません。アクセラさんとテレビは違います
キズナ
キズナ
私が男の子だったら、きっとアクセラさんを好きになってます
私が男の子だったら、きっとアクセラさんを好きになってます
アクセラ
アクセラ
ありがとうございます。私もキズナ様を大切に思っていますよ
ありがとうございます。私もキズナ様を大切に思っていますよ
キズナ
キズナ
家族愛は認められて、恋愛が認められないのはどうしてでしょうか？
家族愛は認められて、恋愛が認められないのはどうしてでしょうか？
秀隆
秀隆
どうしてって言われてもな……
どうしてって言われてもな……
そもそもそんな話を聞いたことがない
そもそもそんな話を聞いたことがない
家族として扱う人間は少なくないが、
家族として扱う人間は少なくないが、
アンドロイドと恋したなんて話は聞かない。
アンドロイドと恋したなんて話は聞かない。
キズナ
キズナ
ではひーくん。ひーくんで前例を打ち破りましょう
ではひーくん。ひーくんで前例を打ち破りましょう
秀隆
秀隆
前例って……
前例って……
意気込んだ表情でオレへと顔を近づける。
意気込んだ表情でオレへと顔を近づける。
キズナ
キズナ
アンドロイドさんと恋して、初カップルになるんですよ
アンドロイドさんと恋して、初カップルになるんですよ
秀隆
秀隆
はぁ？　何言ってんだよ……
はぁ？　何言ってんだよ……
キズナ
キズナ
ひーくんはアクセラさんが嫌いじゃないですよね？
ひーくんはアクセラさんが嫌いじゃないですよね？
秀隆
秀隆
そりゃそうだが……
そりゃそうだが……
嫌いじゃない、と言う聞き方はずるいだろ。
嫌いじゃない、と言う聞き方はずるいだろ。
アクセラ
アクセラ
…………
…………
気づけば、アクセラが真剣なまなざしでオレを見ていた。
気づけば、アクセラが真剣なまなざしでオレを見ていた。
秀隆
秀隆
あ、アクセラ……
あ、アクセラ……
アクセラ
アクセラ
秀隆様は、どう、お考えなんですか？
秀隆様は、どう、お考えなんですか？
秀隆
秀隆
どうって……
どうって……
そりゃ、アクセラは大切だ。
そりゃ、アクセラは大切だ。
だけど……。
だけど……。
なぜか、アクセラの顔、手、胸と見てしまう。
なぜか、アクセラの顔、手、胸と見てしまう。
キズナ
キズナ
恋人になればアクセラさんの体を好きにできるんですよっ
恋人になればアクセラさんの体を好きにできるんですよっ
秀隆
秀隆
あ、アクセラを好きに
あ、アクセラを好きに
って、おい
って、おい
秀隆
秀隆
あるわけないだろ、アンドロイドと恋に落ちるなんて
あるわけないだろ、アンドロイドと恋に落ちるなんて
アクセラ
アクセラ
ホッとしました。もし秀隆様にそのような目で見られていたのだとしたら……
ホッとしました。もし秀隆様にそのような目で見られていたのだとしたら……
秀隆
秀隆
したら？
したら？
アクセラ
アクセラ
恐怖に戦慄していたと思います
恐怖に戦慄していたと思います
秀隆
秀隆
さよけ……
さよけ……
キズナ
キズナ
うーん、残念ですっ
うーん、残念ですっ
アンドロイドとの恋愛なんて、成立するわけない。
アンドロイドとの恋愛なんて、成立するわけない。
ないよな？
ないよな？
…………。
…………。
……。
……。
