キズナ
キズナ
おはようございますっ
おはようございますっ
秀隆
秀隆
うーい、おはよう……ふわぁ
うーい、おはよう……ふわぁ
キズナ
キズナ
大きなあくびさんですね
大きなあくびさんですね
秀隆
秀隆
キズナはいつも早起きで、目がぱっちりしてるよな
キズナはいつも早起きで、目がぱっちりしてるよな
キズナ
キズナ
私朝には強いのでっ
私朝には強いのでっ
にっこりと笑う。
にっこりと笑う。
秀隆
秀隆
羨ましいことで
羨ましいことで
キズナ
キズナ
ひーくんだって、朝には弱くないはずです
ひーくんだって、朝には弱くないはずです
秀隆
秀隆
起きることは苦手じゃないが、早起きは好きじゃないからなぁ
起きることは苦手じゃないが、早起きは好きじゃないからなぁ
ベッドでうだうだしている時間は至福のひと時と言える。
ベッドでうだうだしている時間は至福のひと時と言える。
秋
秋
……おはようございます
……おはようございます
朝に弱い、秋ものっそりと起きてきた。
朝に弱い、秋ものっそりと起きてきた。
キズナ
キズナ
あっきー寝癖ついてます
あっきー寝癖ついてます
秋
秋
うんー……
うんー……
話半分に聞き流しながら、ふらふらとした足取りで席についた。
話半分に聞き流しながら、ふらふらとした足取りで席についた。
昨日の夜熱が出たみたいだったが、どうやら長引かなかったようだ。
昨日の夜熱が出たみたいだったが、どうやら長引かなかったようだ。
秀隆
秀隆
まだ、早く起きるのには慣れないか？
まだ、早く起きるのには慣れないか？
秋
秋
大丈夫、です……
大丈夫、です……
全然大丈夫そうには見えない。
全然大丈夫そうには見えない。
話しかけてくれるなってオーラが出ていたので、話しかけるのをやめる。
話しかけてくれるなってオーラが出ていたので、話しかけるのをやめる。
こいつもほんと、強情と言うか、意思を曲げない奴だ。
こいつもほんと、強情と言うか、意思を曲げない奴だ。
秀隆
秀隆
今日の飯はなんだろうな。当番はキズナか？
今日の飯はなんだろうな。当番はキズナか？
キズナ
キズナ
いえっ、今日もアクセラさんです
いえっ、今日もアクセラさんです
秀隆
秀隆
そうか。おーい、今日のメニューはなんだ？
そうか。おーい、今日のメニューはなんだ？
台所に立っているであろうアクセラに声をかける。
台所に立っているであろうアクセラに声をかける。
…………。
…………。
返事がない。
返事がない。
キズナ
キズナ
ひーくん、ついに無視されるようになったんですか？
ひーくん、ついに無視されるようになったんですか？
秀隆
秀隆
い、いやそんなはずは……
い、いやそんなはずは……
秀隆
秀隆
アクセラさん？　あの、今日の朝食は何でしょうか？
アクセラさん？　あの、今日の朝食は何でしょうか？
…………。
…………。
またも返事がない。
またも返事がない。
秋
秋
兄さん、アクセラを怒らせたんじゃないですか
兄さん、アクセラを怒らせたんじゃないですか
秀隆
秀隆
な、何もしてねえよ。昨日今日は
な、何もしてねえよ。昨日今日は
キズナ
キズナ
昨日今日以外では、思いつくことが沢山ありそうですね
昨日今日以外では、思いつくことが沢山ありそうですね
秀隆
秀隆
ま、まぁ多少は
ま、まぁ多少は
キズナ
キズナ
例えばどんなことで怒らせたんですか？
例えばどんなことで怒らせたんですか？
秀隆
秀隆
靴下を部屋に脱ぎっぱなすのを繰り返して、
靴下を部屋に脱ぎっぱなすのを繰り返して、
靴下の山が出来上がったのが見つかった時とか
靴下の山が出来上がったのが見つかった時とか
キズナ
キズナ
わー、典型的駄目人間のパターンですねっ
わー、典型的駄目人間のパターンですねっ
秀隆
秀隆
靴下の脱ぎっぱなしくらいで、駄目人間の烙印は押されたくないぞ
靴下の脱ぎっぱなしくらいで、駄目人間の烙印は押されたくないぞ
それにしても、アクセラからは未だ返事がない。
それにしても、アクセラからは未だ返事がない。
少し不安になったオレは、慌てて台所へと向かった。
少し不安になったオレは、慌てて台所へと向かった。
秀隆
秀隆
おーい
おーい
そして隣から、淡々と食事の準備をするアクセラに声をかける。
そして隣から、淡々と食事の準備をするアクセラに声をかける。
アクセラ
アクセラ
…………
…………
どうも、様子がおかしい。
どうも、様子がおかしい。
その表情には色がなく、
その表情には色がなく、
無視していると言うよりは声が聞こえていない。
無視していると言うよりは声が聞こえていない。
そんな風に見える。
そんな風に見える。
昨日も少し、調子悪そうにしてたっけか……。
昨日も少し、調子悪そうにしてたっけか……。
秀隆
秀隆
アクセラ
アクセラ
名前を呼び、肩に手を触れる。
名前を呼び、肩に手を触れる。
そこで、我に返ったようにアクセラが振り向いた。
そこで、我に返ったようにアクセラが振り向いた。
アクセラ
アクセラ
……秀隆様？　どうなさいましたか？
……秀隆様？　どうなさいましたか？
秀隆
秀隆
どうなさいましたかって……
どうなさいましたかって……
秀隆
秀隆
…………
…………
秀隆
秀隆
おまえ、どこか身体に異常があるんじゃないのか？
おまえ、どこか身体に異常があるんじゃないのか？
アクセラ
アクセラ
唐突になんでしょう？
唐突になんでしょう？
秀隆
秀隆
オレは異常があるんじゃないかって聞いてるんだ
オレは異常があるんじゃないかって聞いてるんだ
アクセラ
アクセラ
…………
…………
秀隆
秀隆
答えろ
答えろ
アクセラ
アクセラ
答えなければ、なりませんでしょうか？
答えなければ、なりませんでしょうか？
俯き、アクセラが視線を落とした。
俯き、アクセラが視線を落とした。
秀隆
秀隆
当たり前だ。……命令する、異常があるなら報告しろ
当たり前だ。……命令する、異常があるなら報告しろ
アクセラ
アクセラ
畏まりました
畏まりました
命令、と聞きアクセラがこちらへと向き直る。
命令、と聞きアクセラがこちらへと向き直る。
アクセラ
アクセラ
記憶領域の一部にエラーセクタが発生しております。
記憶領域の一部にエラーセクタが発生しております。
３時間前、５時間前、７時間前に修復を試みましたが、
３時間前、５時間前、７時間前に修復を試みましたが、
修復は出来ませんでした
修復は出来ませんでした
淡々と読み上げていく。
淡々と読み上げていく。
アクセラ
アクセラ
また関節駆動部分にも、若干の誤差が生じております。
また関節駆動部分にも、若干の誤差が生じております。
こちらも自己修復は不可であり、メンテナンスの必要があります
こちらも自己修復は不可であり、メンテナンスの必要があります
秀隆
秀隆
…………
…………
恐れていたことが、現実になっていた。
恐れていたことが、現実になっていた。
秀隆
秀隆
なんで、なんでそんな大事なこと黙ってたんだ
なんで、なんでそんな大事なこと黙ってたんだ
アクセラ
アクセラ
……それも、お答えせねばならないでしょうか？
……それも、お答えせねばならないでしょうか？
秀隆
秀隆
……命令だ
……命令だ
アクセラ
アクセラ
私は秀隆様と秋様に、外出を禁じられております。
私は秀隆様と秋様に、外出を禁じられております。
それと同時に、定期メンテナンスを受けられないことを存じております
それと同時に、定期メンテナンスを受けられないことを存じております
アクセラ
アクセラ
また家庭内における財政状況も芳しくありません。そこから推測するに、もしも私が故障したことを知られた場合、破棄されることが予想されます
また家庭内における財政状況も芳しくありません。そこから推測するに、もしも私が故障したことを知られた場合、破棄されることが予想されます
アクセラ
アクセラ
私はお２人のお傍を離れたくありませんでしたので、
私はお２人のお傍を離れたくありませんでしたので、
それらの情報を知られないようにするため、お伝えしておりませんでした
それらの情報を知られないようにするため、お伝えしておりませんでした
秀隆
秀隆
…………
…………
命令に従い、アクセラは秘密にしていたことを口にする。
命令に従い、アクセラは秘密にしていたことを口にする。
普通の人であったなら、恐らくは口にしないであろう中身も。
普通の人であったなら、恐らくは口にしないであろう中身も。
表情はいつもと変わらなかったが、
表情はいつもと変わらなかったが、
オレは何か、聞いてはいけないことを聞いてしまったような気がした。
オレは何か、聞いてはいけないことを聞いてしまったような気がした。
誰にだって心の内にしまっておきたいことの１つや２つある。
誰にだって心の内にしまっておきたいことの１つや２つある。
今の告白は、十分それに該当することだったんじゃないだろうか。
今の告白は、十分それに該当することだったんじゃないだろうか。
秀隆
秀隆
そんな心配、してたのか……
そんな心配、してたのか……
秀隆
秀隆
オレや秋がおまえを破棄するなんて、あるはずないだろ
オレや秋がおまえを破棄するなんて、あるはずないだろ
アクセラ
アクセラ
…………
…………
秀隆
秀隆
いつからなんだ。異常が現れたのは
いつからなんだ。異常が現れたのは
アクセラ
アクセラ
秀隆様が特務官になられる少し前です
秀隆様が特務官になられる少し前です
ふと、オレが学園に向かう途中、
ふと、オレが学園に向かう途中、
ＩＤカードを戻し忘れていたアクセラのミスを思い出した。
ＩＤカードを戻し忘れていたアクセラのミスを思い出した。
あの頃から、少しずつ異常が起きていたのかもしれない。
あの頃から、少しずつ異常が起きていたのかもしれない。
秀隆
秀隆
少し待ってろ。秋とキズナを呼ぶ
少し待ってろ。秋とキズナを呼ぶ
アクセラ
アクセラ
秀隆様……
秀隆様……
何かを言いたげな表情で、オレの袖をつかんだ。
何かを言いたげな表情で、オレの袖をつかんだ。
秀隆
秀隆
心配するな。な？
心配するな。な？
アクセラ
アクセラ
……畏まりました
……畏まりました
秀隆
秀隆
少しいいか。深刻な話だ
少しいいか。深刻な話だ
オレはリビングで朝食を待っている二人に声をかける。
オレはリビングで朝食を待っている二人に声をかける。
秋
秋
どうしたんですか、兄さん
どうしたんですか、兄さん
秀隆
秀隆
アクセラのことで話がある
アクセラのことで話がある
秋
秋
アクセラのことで？
アクセラのことで？
キズナ
キズナ
怒らせた原因が判明しましたか？
怒らせた原因が判明しましたか？
秀隆
秀隆
いや、そうじゃなかった。アクセラは今、体の一部に異常があるらしい
いや、そうじゃなかった。アクセラは今、体の一部に異常があるらしい
キズナ
キズナ
え……そうなんですか？
え……そうなんですか？
アクセラ
アクセラ
はい。黙っていて、申し訳ございませんでした
はい。黙っていて、申し訳ございませんでした
秋
秋
それは……大丈夫なの？
それは……大丈夫なの？
不安げな表情で秋がアクセラを見つめる。
不安げな表情で秋がアクセラを見つめる。
アクセラはどう答えてよいか分からず、戸惑っているようだった。
アクセラはどう答えてよいか分からず、戸惑っているようだった。
こういう時は、オレが説明しなければならないだろう。
こういう時は、オレが説明しなければならないだろう。
それが一家の柱である役目だ。
それが一家の柱である役目だ。
秀隆
秀隆
このまま放っておくと、正直どうなるか分からない
このまま放っておくと、正直どうなるか分からない
アクセラ
アクセラ
エラーは日々記憶領域の増加に伴い増えております
エラーは日々記憶領域の増加に伴い増えております
秋
秋
そんな……
そんな……
秋
秋
ど、どうしよう、アクセラが……アクセラが故障なんて……
ど、どうしよう、アクセラが……アクセラが故障なんて……
秀隆
秀隆
落ち着け。まだ結論を急ぐのは早計だ
落ち着け。まだ結論を急ぐのは早計だ
取り乱す秋をなだめる。
取り乱す秋をなだめる。
秀隆
秀隆
今はこうしてアクセラは無事なんだ。そうだろ？
今はこうしてアクセラは無事なんだ。そうだろ？
秋
秋
でも……私嫌です、アクセラがいなくなったら……絶対に嫌です
でも……私嫌です、アクセラがいなくなったら……絶対に嫌です
秀隆
秀隆
…………
…………
キズナ
キズナ
病院みたいなところはないんですか？　アンドロイドさんを直してくれる
病院みたいなところはないんですか？　アンドロイドさんを直してくれる
秀隆
秀隆
もちろんある。……アンドロイド専門のサポートセンターがな
もちろんある。……アンドロイド専門のサポートセンターがな
秀隆
秀隆
異常が見られる場合は、
異常が見られる場合は、
そこに持っていけば修理をしてもらえるだろう
そこに持っていけば修理をしてもらえるだろう
キズナ
キズナ
ではそこにお連れしましょう。それで解決ですねっ
ではそこにお連れしましょう。それで解決ですねっ
秀隆
秀隆
……それが出来るなら、話は簡単なんだけどな
……それが出来るなら、話は簡単なんだけどな
秋
秋
…………
…………
秋が黙り込む。
秋が黙り込む。
そう、オレたちは、何も悪意があって
そう、オレたちは、何も悪意があって
アクセラを外出させなかったり、修理に出さないんじゃない。
アクセラを外出させなかったり、修理に出さないんじゃない。
……アクセラを表に出せない理由があるのだ。
……アクセラを表に出せない理由があるのだ。
キズナ
キズナ
何が問題なんですか？
何が問題なんですか？
キズナに話す前に、オレはアクセラへと向き直った。
キズナに話す前に、オレはアクセラへと向き直った。
秀隆
秀隆
アクセラ。お前は部屋に戻って休んでろ
アクセラ。お前は部屋に戻って休んでろ
アクセラ
アクセラ
畏まりました。こちらの方で、引き続きエラーへの修復を試みます
畏まりました。こちらの方で、引き続きエラーへの修復を試みます
アクセラ
アクセラ
関節部分はどうにもなりませんが、
関節部分はどうにもなりませんが、
そちらは致命的なエラーではございませんので
そちらは致命的なエラーではございませんので
秀隆
秀隆
ああ、頼む……
ああ、頼む……
アクセラはややぎこちない動作で、部屋へと戻っていった。
アクセラはややぎこちない動作で、部屋へと戻っていった。
キズナ
キズナ
ひーくん？
ひーくん？
秀隆
秀隆
悪いな。アクセラには聞かせたくない話だった
悪いな。アクセラには聞かせたくない話だった
秀隆
秀隆
こうなった以上、キズナにだから話すが、今から話すことは誰にも秘密だ。いいな？
こうなった以上、キズナにだから話すが、今から話すことは誰にも秘密だ。いいな？
キズナ
キズナ
秘密だと言われれば、もちろん誰にも言わないです
秘密だと言われれば、もちろん誰にも言わないです
秀隆
秀隆
秋も、いいな？
秋も、いいな？
秋も、オレを止めはしなかった。
秋も、オレを止めはしなかった。
こうなってしまっては、禁句も何もあったものじゃない。
こうなってしまっては、禁句も何もあったものじゃない。
秀隆
秀隆
アンドロイドの修理を受けるには、
アンドロイドの修理を受けるには、
そのアンドロイドの所有者が誰であるかを証明する必要がある
そのアンドロイドの所有者が誰であるかを証明する必要がある
秀隆
秀隆
オレはその条件が満たせないから、アクセラを直すことが出来ない
オレはその条件が満たせないから、アクセラを直すことが出来ない
キズナ
キズナ
それはつまり、誰か本当の持ち主がいるってことですか？
それはつまり、誰か本当の持ち主がいるってことですか？
秀隆
秀隆
ああ。アクセラの本当の所有者は、オレたちじゃない
ああ。アクセラの本当の所有者は、オレたちじゃない
キズナ
キズナ
本当の所有者は誰なんですか、その方を連れてくればいいと思います
本当の所有者は誰なんですか、その方を連れてくればいいと思います
秀隆
秀隆
それは出来ないんだ。その所有者が誰であるかをオレたちは知らないし、そもそも、その人はここにアクセラがいることを知らない
それは出来ないんだ。その所有者が誰であるかをオレたちは知らないし、そもそも、その人はここにアクセラがいることを知らない
やや回りくどい説明だったが、キズナはそれを理解したようだった。
やや回りくどい説明だったが、キズナはそれを理解したようだった。
キズナ
キズナ
なるほど。それでは外に連れ出せませんね
なるほど。それでは外に連れ出せませんね
秀隆
秀隆
正直、今は手立てがないんだ
正直、今は手立てがないんだ
キズナ
キズナ
一般の方には直せないのでしょうか。
一般の方には直せないのでしょうか。
身分証明を必要とせず修理を引き受けてくれるような
身分証明を必要とせず修理を引き受けてくれるような
秀隆
秀隆
どうかな……０とは言わないが、厳しいだろう
どうかな……０とは言わないが、厳しいだろう
磯部も、それは無理だと言っていた。
磯部も、それは無理だと言っていた。
秀隆
秀隆
結局アクセラを表に出すってことは、
結局アクセラを表に出すってことは、
オレたちの関係を終わらせることに繋がり兼ねない
オレたちの関係を終わらせることに繋がり兼ねない
ともかく、今のまま家庭を維持するのは難しくなる。
ともかく、今のまま家庭を維持するのは難しくなる。
このままアクセラが、深刻な事態にならないことを祈るしかない。
このままアクセラが、深刻な事態にならないことを祈るしかない。
祈ることしか、オレにはしてやることが出来ない。
祈ることしか、オレにはしてやることが出来ない。
秀隆
秀隆
秋も、キズナも。最悪の事態は覚悟しておいてくれ
秋も、キズナも。最悪の事態は覚悟しておいてくれ
秋は俯き、部屋へと戻っていった。
秋は俯き、部屋へと戻っていった。
キズナ
キズナ
あっきー、可哀想です
あっきー、可哀想です
秀隆
秀隆
あいつは誰よりもアクセラを大切に思っているからな
あいつは誰よりもアクセラを大切に思っているからな
キズナ
キズナ
私も、期間は短いですがアクセラさんにはお世話になっています
私も、期間は短いですがアクセラさんにはお世話になっています
キズナ
キズナ
なんとか助けてあげたい、そう思っています
なんとか助けてあげたい、そう思っています
秀隆
秀隆
気持ちは痛いほど分かる。オレだってそうだ
気持ちは痛いほど分かる。オレだってそうだ
秀隆
秀隆
でも
でも
秀隆
秀隆
世の中にはどうにも出来ないこともあるんだ
世の中にはどうにも出来ないこともあるんだ
秀隆
秀隆
その覚悟だけは、持っておいた方がいい
その覚悟だけは、持っておいた方がいい
seキーボードを叩く音 (1
seキーボードを叩く音 (1
秀隆
秀隆
…………
…………
磯部
磯部
なんだよ、まだアンドロイドのこと調べてるのか？
なんだよ、まだアンドロイドのこと調べてるのか？
オレの後ろから、画面を覗き込んだ磯部が呆れ声で言った。
オレの後ろから、画面を覗き込んだ磯部が呆れ声で言った。
秀隆
秀隆
磯部……ああ、ちょっとな
磯部……ああ、ちょっとな
磯部
磯部
仕事中に私用は感心できないな
仕事中に私用は感心できないな
秀隆
秀隆
悪い、確かにその通りだ
悪い、確かにその通りだ
オレは開いていた検索のページを全て閉じる。
オレは開いていた検索のページを全て閉じる。
秀隆
秀隆
仕事するよ
仕事するよ
磯部
磯部
そうしろそうしろ
そうしろそうしろ
昼休みになった。
昼休みになった。
オレは、もう一度端末を操作して調べようと試みる。
オレは、もう一度端末を操作して調べようと試みる。
磯部
磯部
昼飯も食わずに調べるつもりかよ
昼飯も食わずに調べるつもりかよ
秀隆
秀隆
無駄なのは分かってるさ
無駄なのは分かってるさ
磯部
磯部
分かってないだろ。分かってたら調べたりしない
分かってないだろ。分かってたら調べたりしない
秀隆
秀隆
…………
…………
磯部
磯部
言っとくけどな、俺が昨日言った以外の方法はないぜ
言っとくけどな、俺が昨日言った以外の方法はないぜ
秀隆
秀隆
それでも、どうしても自分の目で確かめたい
それでも、どうしても自分の目で確かめたい
秀隆
秀隆
無駄だと分かっていても、やらなきゃいけないこともある
無駄だと分かっていても、やらなきゃいけないこともある
磯部
磯部
……おまえんとこのアンドロイドなんだろ？
……おまえんとこのアンドロイドなんだろ？
秀隆
秀隆
違う。オレの知り合いのだ
違う。オレの知り合いのだ
磯部
磯部
ったく、妙なところで強情なんだな。
ったく、妙なところで強情なんだな。
なんで他人のアンドロイドにそこまで熱を上げられるんだよ
なんで他人のアンドロイドにそこまで熱を上げられるんだよ
seめくる（乱暴
seめくる（乱暴
磯部はあきれながら、本の束をオレの机に置いた。
磯部はあきれながら、本の束をオレの机に置いた。
磯部
磯部
ホープタウン全土にある、サポートセンターの情報が載ってる
ホープタウン全土にある、サポートセンターの情報が載ってる
秀隆
秀隆
磯部、おまえ……
磯部、おまえ……
磯部
磯部
手助けってわけじゃない。答えはわかりきってんだ
手助けってわけじゃない。答えはわかりきってんだ
秀隆
秀隆
じゃあどうして？
じゃあどうして？
磯部
磯部
さっさと諦めさせないと、仕事の効率が悪そうだからな
さっさと諦めさせないと、仕事の効率が悪そうだからな
磯部
磯部
それだけだ
それだけだ
そういい、磯部は昼食に行くのかオフィスを後にした。
そういい、磯部は昼食に行くのかオフィスを後にした。
秀隆
秀隆
なんだかんだ、いい奴だよな、磯部は
なんだかんだ、いい奴だよな、磯部は
オレはありがたくその本を借りることにし、目を通すことにした。
オレはありがたくその本を借りることにし、目を通すことにした。
仕事が終わった後も、オレは端末と本を代わる代わる睨めっこしていた。
仕事が終わった後も、オレは端末と本を代わる代わる睨めっこしていた。
だけど、どう調べても結果は変わらなかった。
だけど、どう調べても結果は変わらなかった。
どこも必ず身分証の提示を要求してくるし、
どこも必ず身分証の提示を要求してくるし、
きちんと持ち主の確認を行っている。
きちんと持ち主の確認を行っている。
キズナの言っていた、個人で修理を受けてくれる場所も当然見つからない。
キズナの言っていた、個人で修理を受けてくれる場所も当然見つからない。
法律で禁じられている以上、もし存在するとしても
法律で禁じられている以上、もし存在するとしても
インターネットや、本の情報誌に載ることはありえない。
インターネットや、本の情報誌に載ることはありえない。
磯部
磯部
諦める気になったか？
諦める気になったか？
秀隆
秀隆
……どうかな……諦めそうではあるけど
……どうかな……諦めそうではあるけど
磯部
磯部
なにをそんなに強情になってんだよ。ま、好きにしろよ。
なにをそんなに強情になってんだよ。ま、好きにしろよ。
俺は帰る
俺は帰る
秀隆
秀隆
お疲れさま
お疲れさま
磯部
磯部
よくわかんねぇやつ
よくわかんねぇやつ
磯部が呆れるのも無理はない。
磯部が呆れるのも無理はない。
オレがどんな理由で探しているのかを知らないから。
オレがどんな理由で探しているのかを知らないから。
それを伝えられれば、もう少し別の策も浮かぶかもしれないけれど。
それを伝えられれば、もう少し別の策も浮かぶかもしれないけれど。
こればかりはオレが何とかするしかないんだ。
こればかりはオレが何とかするしかないんだ。
…………。
…………。
……。
……。
