早朝、呼び出しを受けたオレは病院へと足を運んでいた。
早朝、呼び出しを受けたオレは病院へと足を運んでいた。
竹内
竹内
すまないね、朝早くから呼び出して。
すまないね、朝早くから呼び出して。
本当ならもっと早く復帰できる予定だったんだが……。
本当ならもっと早く復帰できる予定だったんだが……。
まったく、歳は取りたくないものだ
まったく、歳は取りたくないものだ
秀隆
秀隆
ゆっくり療養されてください。
ゆっくり療養されてください。
今は東野特務官が、しっかり皆をまとめあげています
今は東野特務官が、しっかり皆をまとめあげています
竹内
竹内
そうかね、それは良かった
そうかね、それは良かった
ほっとしたように竹内特務官が胸を撫で下ろす。
ほっとしたように竹内特務官が胸を撫で下ろす。
竹内
竹内
私が倒れてしまったばかりに、部下たちに迷惑をかけてしまっている。もちろん島津くん、君も含めてだ
私が倒れてしまったばかりに、部下たちに迷惑をかけてしまっている。もちろん島津くん、君も含めてだ
秀隆
秀隆
お気になさらないでください。
お気になさらないでください。
こういう時にバックアップするのも、自分たちの役目ですから
こういう時にバックアップするのも、自分たちの役目ですから
この人は、どんな状態であっても特務官としての使命を忘れない人なんだな。
この人は、どんな状態であっても特務官としての使命を忘れない人なんだな。
オレもいつか、竹内特務官みたいな人になりたいもんだ。
オレもいつか、竹内特務官みたいな人になりたいもんだ。
竹内
竹内
ところで、例の男に関してわかったことはあるかね？
ところで、例の男に関してわかったことはあるかね？
例の男とは、もちろんドリームタウンに住む
例の男とは、もちろんドリームタウンに住む
地上時代の生き残りと思われる存在のことだろう。
地上時代の生き残りと思われる存在のことだろう。
秀隆
秀隆
何度かドリームタウンには足を運んでいるのですが、
何度かドリームタウンには足を運んでいるのですが、
男の姿を見かけることもなく、情報が不足しています
男の姿を見かけることもなく、情報が不足しています
竹内
竹内
向こうが本物なら、尻尾は簡単に掴ませないだろう。
向こうが本物なら、尻尾は簡単に掴ませないだろう。
焦らず慎重にことを進めてくれたまえ
焦らず慎重にことを進めてくれたまえ
秀隆
秀隆
……はい
……はい
秀隆
秀隆
それで、自分にご用とは、何でしょうか？
それで、自分にご用とは、何でしょうか？
その進捗状況を聞くためだけに呼び出したとは思えない。
その進捗状況を聞くためだけに呼び出したとは思えない。
竹内
竹内
今日君を呼んだのは他でもない。例の競売に関することだ
今日君を呼んだのは他でもない。例の競売に関することだ
竹内
竹内
君の担当する土地には、高坂特務官が関わっているらしいね
君の担当する土地には、高坂特務官が関わっているらしいね
秀隆
秀隆
はい。隠すことなく堂々としたものです
はい。隠すことなく堂々としたものです
竹内
竹内
高坂龍也は、年齢こそ君と変わらないくらいだが、
高坂龍也は、年齢こそ君と変わらないくらいだが、
その実力は……正直に言って、私以上と言えるだろう
その実力は……正直に言って、私以上と言えるだろう
プライドの高い竹内特務官がそう言うのだ、
プライドの高い竹内特務官がそう言うのだ、
高坂特務官がどれだけ評価されているかよくわかる。
高坂特務官がどれだけ評価されているかよくわかる。
竹内
竹内
その理由が何か、分かるかね？
その理由が何か、分かるかね？
秀隆
秀隆
……噂でしか耳にはしていませんが、とても非情な方だと
……噂でしか耳にはしていませんが、とても非情な方だと
竹内
竹内
そうだ。外見や表の態度は控えめだが、
そうだ。外見や表の態度は控えめだが、
その戦略は大胆にして容赦のないものが多い
その戦略は大胆にして容赦のないものが多い
竹内
竹内
必要とあれば、裏への根回しや妨害工作も平然と行う
必要とあれば、裏への根回しや妨害工作も平然と行う
竹内
竹内
それに加え、彼は大河内代表に気に入られている。
それに加え、彼は大河内代表に気に入られている。
実力だけではなく太く強力なパイプも相当強く持っている存在なのだ
実力だけではなく太く強力なパイプも相当強く持っている存在なのだ
竹内
竹内
だから誰も彼を敵に回そうとしない。
だから誰も彼を敵に回そうとしない。
回せば消されるのが自分たちだと悟らされてしまうからだ
回せば消されるのが自分たちだと悟らされてしまうからだ
秀隆
秀隆
そうですね。それは理解しているつもりです
そうですね。それは理解しているつもりです
竹内
竹内
そんな彼に対抗するには、強いメンタルが必要不可欠だろう
そんな彼に対抗するには、強いメンタルが必要不可欠だろう
いつも自信に溢れている竹内氏が、妙に小さく感じられた。
いつも自信に溢れている竹内氏が、妙に小さく感じられた。
体調の面も、もちろん影響しているんだろうが。
体調の面も、もちろん影響しているんだろうが。
多分、それだけ高坂特務官がとてつもない、と言うことか。
多分、それだけ高坂特務官がとてつもない、と言うことか。
竹内
竹内
食糧プラント、ＣＭ交渉をはじめ、
食糧プラント、ＣＭ交渉をはじめ、
私は君の関わったプロジェクトを改めて報告書で確認させてもらった
私は君の関わったプロジェクトを改めて報告書で確認させてもらった
竹内
竹内
島津くん
島津くん
秀隆
秀隆
はい、なんでしょうか
はい、なんでしょうか
竹内
竹内
ドリームタウンとの競売においては、資金力が物を言う。
ドリームタウンとの競売においては、資金力が物を言う。
どれだけの金を用意できるかで、勝敗が決するだろう
どれだけの金を用意できるかで、勝敗が決するだろう
秀隆
秀隆
はい。今自分たちも、各金融方面を当たっています
はい。今自分たちも、各金融方面を当たっています
秀隆
秀隆
もちろん丸の内社長も一緒です
もちろん丸の内社長も一緒です
竹内
竹内
高坂特務官は、ドリームタウンで５億の追加融資を受けたとか
高坂特務官は、ドリームタウンで５億の追加融資を受けたとか
秀隆
秀隆
……はい
……はい
竹内
竹内
丸の内社長では、用意できた額は１５億。
丸の内社長では、用意できた額は１５億。
高坂特務官が用意する１７億円には到底届かない
高坂特務官が用意する１７億円には到底届かない
秀隆
秀隆
……それも底値での話なので、それ以上も考えられます
……それも底値での話なので、それ以上も考えられます
竹内
竹内
そうだ。仮にこちらが１７億用意できたとしても、落札は出来ないだろう
そうだ。仮にこちらが１７億用意できたとしても、落札は出来ないだろう
もちろん内密に２億強集められれば話は別だが、
もちろん内密に２億強集められれば話は別だが、
当然ドリームタウンもこちらの動向を探っている。
当然ドリームタウンもこちらの動向を探っている。
銀行で金の動きが発覚すれば、誘導ミサイルのように追いかけ、
銀行で金の動きが発覚すれば、誘導ミサイルのように追いかけ、
追加資金をこちらへと着弾させてくるだろう。
追加資金をこちらへと着弾させてくるだろう。
竹内
竹内
最終的に、向こうは幾らまで出してくると思うかね？
最終的に、向こうは幾らまで出してくると思うかね？
秀隆
秀隆
土地のスペース、また相手の企業・八幡重工の規模などを考えると、最大で１９億２０００万円まで、可能性はあるとみています
土地のスペース、また相手の企業・八幡重工の規模などを考えると、最大で１９億２０００万円まで、可能性はあるとみています
竹内
竹内
いい線だ。私の考えとほぼそん色ない
いい線だ。私の考えとほぼそん色ない
竹内
竹内
つまり確実に落札するためには、あと５億は用意したいところだね
つまり確実に落札するためには、あと５億は用意したいところだね
つまり……２０億。
つまり……２０億。
竹内
竹内
それだけの実弾があれば、いくら高坂特務官とて容易にはいかないだろう
それだけの実弾があれば、いくら高坂特務官とて容易にはいかないだろう
秀隆
秀隆
ですが……
ですが……
竹内
竹内
通常の方法では、追加で５億の融資を受けるのは無理だ
通常の方法では、追加で５億の融資を受けるのは無理だ
幾ら、大きな企画だとは言え、２０億ともなれば話は別。
幾ら、大きな企画だとは言え、２０億ともなれば話は別。
採算が取れる計算も、容易には立てられない。
採算が取れる計算も、容易には立てられない。
１００年かけて返しますなんて言っても、
１００年かけて返しますなんて言っても、
銀行に鼻で笑われて終わるだけだ。
銀行に鼻で笑われて終わるだけだ。
竹内
竹内
しかし、それでも負けるわけには行かない。違うかね？
しかし、それでも負けるわけには行かない。違うかね？
秀隆
秀隆
その通りです。諦めてはいません
その通りです。諦めてはいません
例え実力が違っても、臆するわけにはいかない。
例え実力が違っても、臆するわけにはいかない。
オレは丸の内社長に頼まれて、交渉役を頼まれているんだ。
オレは丸の内社長に頼まれて、交渉役を頼まれているんだ。
竹内氏は、寝ていた身体を起こそうと動かした。
竹内氏は、寝ていた身体を起こそうと動かした。
秀隆
秀隆
大丈夫ですか
大丈夫ですか
竹内
竹内
ああ……そこの、封筒を取ってくれたまえ
ああ……そこの、封筒を取ってくれたまえ
秀隆
秀隆
これ、ですか？
これ、ですか？
立てかけられていた茶封筒。
立てかけられていた茶封筒。
竹内
竹内
君に１つ、手助けをしてあげよう
君に１つ、手助けをしてあげよう
秀隆
秀隆
なんでしょうか……
なんでしょうか……
竹内
竹内
君の力で５億の金額を引っ張っぱれるとしたら、どうするかね？
君の力で５億の金額を引っ張っぱれるとしたら、どうするかね？
秀隆
秀隆
…………
…………
竹内
竹内
その封筒には、その可能性を記してある
その封筒には、その可能性を記してある
秀隆
秀隆
ここに
ここに
竹内
竹内
経営権を易々とドリームタウンに渡してはならない
経営権を易々とドリームタウンに渡してはならない
秀隆
秀隆
中を拝見しても？
中を拝見しても？
竹内
竹内
構わんよ
構わんよ
オレは茶封筒から、数枚の紙を取り出した。
オレは茶封筒から、数枚の紙を取り出した。
秀隆
秀隆
これは……
これは……
竹内
竹内
聞いたことくらいはあるだろう。
聞いたことくらいはあるだろう。
ドリームタウンの真の所有者であり、実行権力者の存在を
ドリームタウンの真の所有者であり、実行権力者の存在を
秀隆
秀隆
……クイーン、ですね……
……クイーン、ですね……
竹内
竹内
そうだ。今回の共同開発の資金も、
そうだ。今回の共同開発の資金も、
クイーンから出ているものが殆どだろう。
クイーンから出ているものが殆どだろう。
それだけ彼女は膨大な資金を持っている
それだけ彼女は膨大な資金を持っている
竹内
竹内
君はそこに赴き、融資を得るんだ。丸の内社長のために
君はそこに赴き、融資を得るんだ。丸の内社長のために
秀隆
秀隆
自分なんかに、そんな大きなお話を頂いて良いのですか
自分なんかに、そんな大きなお話を頂いて良いのですか
渡された茶封筒に入っていたのは、
渡された茶封筒に入っていたのは、
竹内特務官からの推薦状だった。
竹内特務官からの推薦状だった。
竹内
竹内
私はクイーンに会ってみればいいと助言したに過ぎない。
私はクイーンに会ってみればいいと助言したに過ぎない。
実際に融資を受けられるかどうかは君にかかっている
実際に融資を受けられるかどうかは君にかかっている
竹内
竹内
それに、私の体調がどうあれ、
それに、私の体調がどうあれ、
クイーンと直接交渉することは出来ないからね
クイーンと直接交渉することは出来ないからね
秀隆
秀隆
それはどういう意味なんですか？
それはどういう意味なんですか？
竹内
竹内
唐沢さんはクイーンを非常に毛嫌いされている。
唐沢さんはクイーンを非常に毛嫌いされている。
いや、厳密には強く警戒していると言うべきなんだろうが……
いや、厳密には強く警戒していると言うべきなんだろうが……
仲が良くないってことか。
仲が良くないってことか。
竹内
竹内
彼の側近でもある私は立場上、
彼の側近でもある私は立場上、
クイーンに融資を願い出ることは出来ないのだよ
クイーンに融資を願い出ることは出来ないのだよ
秀隆
秀隆
なるほど……
なるほど……
竹内
竹内
だから、ここで私が君に助言したことも伏せて貰う
だから、ここで私が君に助言したことも伏せて貰う
秀隆
秀隆
もしも、気づかれてしまった場合には……？
もしも、気づかれてしまった場合には……？
竹内
竹内
君が何らかの不手際で漏らしてしまった場合、
君が何らかの不手際で漏らしてしまった場合、
その責任はすべて君に返ってくると思っていたまえ
その責任はすべて君に返ってくると思っていたまえ
秀隆
秀隆
分かりました、大丈夫です
分かりました、大丈夫です
ホープタウン、ドリームタウン、
ホープタウン、ドリームタウン、
それぞれの街には代表者と呼ばれる人間が居る。
それぞれの街には代表者と呼ばれる人間が居る。
実質の最高権力者であり、象徴である存在だ。
実質の最高権力者であり、象徴である存在だ。
ホープタウンでは、言わずもがな、唐沢代表。
ホープタウンでは、言わずもがな、唐沢代表。
そしてドリームタウンでは、大河内代表のことを指す。
そしてドリームタウンでは、大河内代表のことを指す。
しかし、それはあくまでも民意で選ばれた代表であり、街の所有者と言うわけではない。
しかし、それはあくまでも民意で選ばれた代表であり、街の所有者と言うわけではない。
民衆の賛同を得られなくなれば降ろされ、別のものが代表に選ばれる。
民衆の賛同を得られなくなれば降ろされ、別のものが代表に選ばれる。
だが、そもそも２つの街には『所有者』が存在している。
だが、そもそも２つの街には『所有者』が存在している。
ホープタウンは……倉屋敷重工だ。
ホープタウンは……倉屋敷重工だ。
つまり、倉屋敷和葉社長が、この街の実効支配者にあたる。
つまり、倉屋敷和葉社長が、この街の実効支配者にあたる。
彼女が気に食わないと言えば、
彼女が気に食わないと言えば、
ビルの１つや２つ潰すことはわけない、と言うことだ。
ビルの１つや２つ潰すことはわけない、と言うことだ。
でもそんなことが許されれば、それは独裁者に他ならない。
でもそんなことが許されれば、それは独裁者に他ならない。
だから倉屋敷は、その所有権を街に預ける形を取り、管理させている。
だから倉屋敷は、その所有権を街に預ける形を取り、管理させている。
それはドリームタウンにも言えることだ。
それはドリームタウンにも言えることだ。
ドリームタウンの所有者は、その権利を街に預けている。
ドリームタウンの所有者は、その権利を街に預けている。
秀隆
秀隆
クイーンは、その……ドリームタウンの人間かと思いますが
クイーンは、その……ドリームタウンの人間かと思いますが
ホープタウンに力を貸すようなマネを、するとは思えない。
ホープタウンに力を貸すようなマネを、するとは思えない。
竹内
竹内
倉屋敷は、ホープタウンの味方かね？
倉屋敷は、ホープタウンの味方かね？
秀隆
秀隆
えっ？　いえ、それは……
えっ？　いえ、それは……
どうなのだろうか。
どうなのだろうか。
倉屋敷重工の存在自体は、ホープタウンにある。
倉屋敷重工の存在自体は、ホープタウンにある。
でも、倉屋敷社長は、そう言う味方とか敵とか、そんなんじゃない。
でも、倉屋敷社長は、そう言う味方とか敵とか、そんなんじゃない。
ホープタウンにも、ドリームタウンにも協力はしないだろう。
ホープタウンにも、ドリームタウンにも協力はしないだろう。
逆に力を貸すことがあれば、そんな街の違いにこだわったりはしない。
逆に力を貸すことがあれば、そんな街の違いにこだわったりはしない。
竹内
竹内
君が想像したように、それはクイーンにも言えることだ
君が想像したように、それはクイーンにも言えることだ
竹内
竹内
ドリームタウンに住んでいるとしても、
ドリームタウンに住んでいるとしても、
クイーンはどちらかに肩入れをしたりすることはない
クイーンはどちらかに肩入れをしたりすることはない
秀隆
秀隆
中立、と言うことですか
中立、と言うことですか
竹内
竹内
そうだ
そうだ
秀隆
秀隆
ですが、それはそれで、協力を得ることはできないのでは？
ですが、それはそれで、協力を得ることはできないのでは？
竹内
竹内
もちろん正攻法ではそうだ。
もちろん正攻法ではそうだ。
だからこそ、君に賭けてみたいと思ったのだ
だからこそ、君に賭けてみたいと思ったのだ
竹内
竹内
君ならば、クイーンを味方につけることが出来るかもしれない
君ならば、クイーンを味方につけることが出来るかもしれない
秀隆
秀隆
…………
…………
クイーン……一体、どんな人物なのだろうか。
クイーン……一体、どんな人物なのだろうか。
竹内
竹内
そう気負う必要は無い。
そう気負う必要は無い。
これが失敗したからと言って、責めるようなことはしない
これが失敗したからと言って、責めるようなことはしない
竹内
竹内
あくまでも、可能性を追いたいというだけの話
あくまでも、可能性を追いたいというだけの話
秀隆
秀隆
はい。ですがやるからには、頑張らせていただきます
はい。ですがやるからには、頑張らせていただきます
竹内
竹内
頼んだよ、島津くん
頼んだよ、島津くん
唐沢
唐沢
敵情視察、かい？
敵情視察、かい？
竹内特務官から頂いた情報を持って、
竹内特務官から頂いた情報を持って、
オレは代表室を訪れていた。
オレは代表室を訪れていた。
秀隆
秀隆
はい。今回の競売に参加させて頂く以上、
はい。今回の競売に参加させて頂く以上、
やれることは全てやりたいと思っています
やれることは全てやりたいと思っています
唐沢
唐沢
ふむ……
ふむ……
秀隆
秀隆
竹内特務官にも聞いてみたところ、
竹内特務官にも聞いてみたところ、
やってみるべきだと言って頂きました
やってみるべきだと言って頂きました
秀隆
秀隆
そこで、佐々野、磯部両名に、
そこで、佐々野、磯部両名に、
ドリームタウンで活動できる権限を頂ければ助かります
ドリームタウンで活動できる権限を頂ければ助かります
唐沢
唐沢
竹内君が……。なら、私が反対する理由はなさそうだ。
竹内君が……。なら、私が反対する理由はなさそうだ。
君のＩＤには一時的にＡクラスの権限を与えておくことにするよ
君のＩＤには一時的にＡクラスの権限を与えておくことにするよ
秀隆
秀隆
Ａクラス……ですか？
Ａクラス……ですか？
唐沢
唐沢
この街でその権限を持っているのは、
この街でその権限を持っているのは、
僕と竹内くん、一部の重役だけだ
僕と竹内くん、一部の重役だけだ
唐沢
唐沢
その権限があれば、誰の許可を取ることもなく
その権限があれば、誰の許可を取ることもなく
ドリームタウンの主要施設にも、難なく入れるだろう
ドリームタウンの主要施設にも、難なく入れるだろう
秀隆
秀隆
っ
っ
今オレが持っているＣクラスの権限よりも、遥かに上のものだった。
今オレが持っているＣクラスの権限よりも、遥かに上のものだった。
秀隆
秀隆
よろしいのですか？　自分にそんな……
よろしいのですか？　自分にそんな……
唐沢
唐沢
僕がそれだけ君に期待しているということだよ。
僕がそれだけ君に期待しているということだよ。
それに、Ａクラスと言っても、あくまでも一時的な処置だ。
それに、Ａクラスと言っても、あくまでも一時的な処置だ。
今回の件が片付いたら改めて議論させてもらいたい
今回の件が片付いたら改めて議論させてもらいたい
秀隆
秀隆
わかりました。それでも十分すぎる配慮です
わかりました。それでも十分すぎる配慮です
唐沢
唐沢
それから、佐々野くんと磯部くんにも、
それから、佐々野くんと磯部くんにも、
希望通りＣクラスの権限を用意するつもりだ。期待しているよ
希望通りＣクラスの権限を用意するつもりだ。期待しているよ
秀隆
秀隆
ありがとうございます。失礼します
ありがとうございます。失礼します
一部内容に真実を隠しながら、オレは唐沢代表に許可をもらった。
一部内容に真実を隠しながら、オレは唐沢代表に許可をもらった。
オレはオフィスに戻るなり、クイーンについて調べ始めた。
オレはオフィスに戻るなり、クイーンについて調べ始めた。
その情報はあまり多くないがアポイントを求めれば比較的簡単に応じてくれるらしい。
その情報はあまり多くないがアポイントを求めれば比較的簡単に応じてくれるらしい。
でも、一度怒らせれば二度と面会のチャンスはない。
でも、一度怒らせれば二度と面会のチャンスはない。
となれば、時間がないとしても簡単に出向くわけには行かないだろう。
となれば、時間がないとしても簡単に出向くわけには行かないだろう。
少なからず情報を持って動かなければ玉砕だ。
少なからず情報を持って動かなければ玉砕だ。
磯部
磯部
また唐沢代表のところに行ってたのか？
また唐沢代表のところに行ってたのか？
秀隆
秀隆
ん？　ああ、ちょっとな
ん？　ああ、ちょっとな
磯部
磯部
ふん
ふん
例のＣクラスの件については、もう少し様子をみよう。
例のＣクラスの件については、もう少し様子をみよう。
オレがクイーンと会った後でも遅くはない。
オレがクイーンと会った後でも遅くはない。
資料整理をしながら、
資料整理をしながら、
オレは官邸にある情報から、クイーンに関するものを集めていた。
オレは官邸にある情報から、クイーンに関するものを集めていた。
未知数の相手に挑むのに、何の下準備もないのは無謀すぎる。
未知数の相手に挑むのに、何の下準備もないのは無謀すぎる。
だが……。
だが……。
秀隆
秀隆
殆ど情報がないな……
殆ど情報がないな……
クイーンに関する、基本的な情報以外、何も集められない。
クイーンに関する、基本的な情報以外、何も集められない。
電話やメールで事前に伺う連絡をしようにも、
電話やメールで事前に伺う連絡をしようにも、
その手段すら拾うことができない。
その手段すら拾うことができない。
こりゃ、一度ドリームタウンに足を運ぶしかないだろう。
こりゃ、一度ドリームタウンに足を運ぶしかないだろう。
定時が過ぎ、オレはすぐ席を立った。
定時が過ぎ、オレはすぐ席を立った。
競売までそれほど猶予はない。
競売までそれほど猶予はない。
一秒たりとも無駄にする時間はないだろう。
一秒たりとも無駄にする時間はないだろう。
まどか
まどか
島津くん、急いでどこにいくの？
島津くん、急いでどこにいくの？
秀隆
秀隆
ドリームタウンだ
ドリームタウンだ
まどか
まどか
何か新しい仕事を、唐沢代表からいただいたってこと？
何か新しい仕事を、唐沢代表からいただいたってこと？
秀隆
秀隆
……ちょっとな
……ちょっとな
まどか
まどか
私たちには話せないこと？
私たちには話せないこと？
たち、と言えば、助特務官の他の仲間のことだろうか？
たち、と言えば、助特務官の他の仲間のことだろうか？
いや、恐らくは磯部を指している。
いや、恐らくは磯部を指している。
秀隆
秀隆
悪い。少し待ってくれ
悪い。少し待ってくれ
まどか
まどか
あなたが最近、活躍しているのはわかってる。
あなたが最近、活躍しているのはわかってる。
でも、出来れば私たちの間では隠し事はなしにしてほしい
でも、出来れば私たちの間では隠し事はなしにしてほしい
まどか
まどか
……ごめん、無茶言ってるわね。
……ごめん、無茶言ってるわね。
唐沢代表に口止めされていたら、言えるはずないか
唐沢代表に口止めされていたら、言えるはずないか
まどか
まどか
だけど覚えておいて。今のやり方を続けても、
だけど覚えておいて。今のやり方を続けても、
多分私たちと本当の意味で打ち解けあうことはないって
多分私たちと本当の意味で打ち解けあうことはないって
秀隆
秀隆
わかってるよ。オレはまどかも磯部も、大切な仲間だと思ってる
わかってるよ。オレはまどかも磯部も、大切な仲間だと思ってる
秀隆
秀隆
いつか二人からも、
いつか二人からも、
本当の意味で仲間だと思ってもらえるようになりたい
本当の意味で仲間だと思ってもらえるようになりたい
秀隆
秀隆
それは確かだから
それは確かだから
まどか
まどか
そう……わかった。いってらっしゃい
そう……わかった。いってらっしゃい
秀隆
秀隆
おう
おう
まどかの気持ちは痛いほどわかる。
まどかの気持ちは痛いほどわかる。
オレもすぐ、どうするか考えたうえで話をしたほうがいいだろう。
オレもすぐ、どうするか考えたうえで話をしたほうがいいだろう。
秘密は共有者同士は仲良くなれるが、
秘密は共有者同士は仲良くなれるが、
それ以外の者には強い不信感を与えてしまう。
それ以外の者には強い不信感を与えてしまう。
地上時代の男かどうかを探る話や、
地上時代の男かどうかを探る話や、
Ａクラスの権限を与えてもらったことなど、
Ａクラスの権限を与えてもらったことなど、
迂闊には口にできないものも多い。
迂闊には口にできないものも多い。
中にはその事実が他所から漏れて、
中にはその事実が他所から漏れて、
警戒されてしまうことだってある。
警戒されてしまうことだってある。
竹内特務官とドリームタウンに赴いたことなんかは、良い例だろう。
竹内特務官とドリームタウンに赴いたことなんかは、良い例だろう。
希望
希望
こんにちは秀隆くんっ
こんにちは秀隆くんっ
秀隆
秀隆
よう。時間は大丈夫だったか？
よう。時間は大丈夫だったか？
希望
希望
平気だよ、今日は特に用事もなかったし
平気だよ、今日は特に用事もなかったし
はー、しかし女の子の制服姿はいつ見てもいいよなぁ。
はー、しかし女の子の制服姿はいつ見てもいいよなぁ。
うんうんと顎に手を置き唸っていると、
うんうんと顎に手を置き唸っていると、
希望は苦笑いを浮かべた。
希望は苦笑いを浮かべた。
希望
希望
ちょっと変態っぽく見えるよ？
ちょっと変態っぽく見えるよ？
秀隆
秀隆
男は変態の生き物だ、心配するな
男は変態の生き物だ、心配するな
希望
希望
それは秀隆くんの中での話じゃないかなあ
それは秀隆くんの中での話じゃないかなあ
秀隆
秀隆
おまえはまだ男と言うものを理解してないってことだ
おまえはまだ男と言うものを理解してないってことだ
希望
希望
分かりたいような分かりたくないような……
分かりたいような分かりたくないような……
希望
希望
それで、今日はどうしたの？
それで、今日はどうしたの？
秀隆
秀隆
実は、希望に少し聞きたい話があってさ。
実は、希望に少し聞きたい話があってさ。
ドリームタウンに住む『クイーン』って知ってるか？
ドリームタウンに住む『クイーン』って知ってるか？
希望
希望
うんもちろん。凄く有名な人だしね
うんもちろん。凄く有名な人だしね
秀隆
秀隆
希望は会ったことあるのか？
希望は会ったことあるのか？
希望
希望
私はないよ。お父さんは何回か会ってるみたいだけど
私はないよ。お父さんは何回か会ってるみたいだけど
希望
希望
住んでるお屋敷からは、一歩も出ない人らしいからね
住んでるお屋敷からは、一歩も出ない人らしいからね
秀隆
秀隆
住んでる屋敷から出ない……？　なんでまた
住んでる屋敷から出ない……？　なんでまた
希望
希望
さあ、私にも分からないなあ
さあ、私にも分からないなあ
秀隆
秀隆
大河内代表は何か言ってなかったか？
大河内代表は何か言ってなかったか？
希望
希望
えーっと……
えーっと……
思い返すように、一度目を閉じる希望。
思い返すように、一度目を閉じる希望。
希望
希望
面白いヤツ……食えないヤツ、かな
面白いヤツ……食えないヤツ、かな
秀隆
秀隆
面白くて食えない、か
面白くて食えない、か
希望
希望
うん。多分そんな感じだったと思う
うん。多分そんな感じだったと思う
希望
希望
あまりおおっぴらに話すことじゃないんだけど、
あまりおおっぴらに話すことじゃないんだけど、
カジノ建設の際に、融資をお願いしに行った時だと思う
カジノ建設の際に、融資をお願いしに行った時だと思う
秀隆
秀隆
あれ、でも確かクイーンって、
あれ、でも確かクイーンって、
誰にもお金を融資したことがないはずじゃ
誰にもお金を融資したことがないはずじゃ
希望
希望
断られたみたいだね
断られたみたいだね
秀隆
秀隆
大河内代表が頼んで、断られた……
大河内代表が頼んで、断られた……
なんともまぁ、絶望したくなるような話だ。
なんともまぁ、絶望したくなるような話だ。
希望
希望
もしかして、クイーンに会いにいくつもりなの？
もしかして、クイーンに会いにいくつもりなの？
秀隆
秀隆
もしかしてももしかしてだ
もしかしてももしかしてだ
希望
希望
そうなんだ。ごめんね、役に立てなくて
そうなんだ。ごめんね、役に立てなくて
秀隆
秀隆
そんなことはないさ。ありがとう
そんなことはないさ。ありがとう
秀隆
秀隆
明日にでも準備を整えて伺うつもりだ
明日にでも準備を整えて伺うつもりだ
希望
希望
そっか
そっか
秀隆
秀隆
それで、これからよかったら飯でもどうだ？
それで、これからよかったら飯でもどうだ？
希望
希望
ご飯？
ご飯？
秀隆
秀隆
って、まずいかな。高坂特務官がいい気しないか
って、まずいかな。高坂特務官がいい気しないか
希望
希望
軽くだったら、全然大丈夫だよ
軽くだったら、全然大丈夫だよ
秀隆
秀隆
そうか
そうか
オレは希望と食事をした後、カジノまで足を運んでいた。
オレは希望と食事をした後、カジノまで足を運んでいた。
秀隆
秀隆
高坂特務官は、クイーンに会ったことはあるんだろうか
高坂特務官は、クイーンに会ったことはあるんだろうか
希望
希望
そんな話を聞いたことはないかな
そんな話を聞いたことはないかな
希望
希望
会ってないってことも、あるかもね
会ってないってことも、あるかもね
秀隆
秀隆
ますますハードルがあがりそうだ
ますますハードルがあがりそうだ
希望
希望
だけど挑むんでしょ？
だけど挑むんでしょ？
秀隆
秀隆
新人のオレには向かっていくしか方法がない
新人のオレには向かっていくしか方法がない
新人だからこその武器、とでも言おうか。
新人だからこその武器、とでも言おうか。
玉砕したところで失うものなんて何も無い。
玉砕したところで失うものなんて何も無い。
希望
希望
そっか
そっか
まじまじと、希望がオレの顔を見上げている。
まじまじと、希望がオレの顔を見上げている。
秀隆
秀隆
なんだよ
なんだよ
希望
希望
秀隆くんは、そうやって真剣にしてると格好いいよね
秀隆くんは、そうやって真剣にしてると格好いいよね
秀隆
秀隆
ほんとに！？
ほんとに！？
希望
希望
でも、喋ると微妙になるよね
でも、喋ると微妙になるよね
秀隆
秀隆
ほんとにぃ……
ほんとにぃ……
秀隆
秀隆
はー。モテたい
はー。モテたい
希望
希望
私が話を振ったばかりに、一気に軽い会話になったね
私が話を振ったばかりに、一気に軽い会話になったね
秀隆
秀隆
真剣にしてようとしていまいと、モテたいのだよ
真剣にしてようとしていまいと、モテたいのだよ
秀隆
秀隆
恋さんとかいないのか？
恋さんとかいないのか？
希望
希望
恋さんは、いつも龍也さんと一緒だから
恋さんは、いつも龍也さんと一緒だから
秀隆
秀隆
やっぱり気になるか？
やっぱり気になるか？
希望
希望
ちょっとだけ
ちょっとだけ
婚約者が別の人を好きだなんて、いい気はしないよなあ。
婚約者が別の人を好きだなんて、いい気はしないよなあ。
希望
希望
でも最近は、恋さんも忙しいみたいで
でも最近は、恋さんも忙しいみたいで
秀隆
秀隆
そういえば彼氏いるんじゃなかったか？
そういえば彼氏いるんじゃなかったか？
希望
希望
うん。そうみたいだね
うん。そうみたいだね
希望
希望
いつ知り合ったのか私は知らないんだけど、
いつ知り合ったのか私は知らないんだけど、
今は一緒に暮らしてるみたい
今は一緒に暮らしてるみたい
秀隆
秀隆
人の女かー。ある意味、燃えるよなぁ
人の女かー。ある意味、燃えるよなぁ
希望
希望
奪いたい～。みたいな？
奪いたい～。みたいな？
秀隆
秀隆
そうそ……って、子供に聞かせる話じゃないな
そうそ……って、子供に聞かせる話じゃないな
希望
希望
もしかしてココに来たのって、恋さん目当てだった？
もしかしてココに来たのって、恋さん目当てだった？
秀隆
秀隆
ふ、バレたか
ふ、バレたか
希望
希望
凄くモテるしね、恋さん。気持ちは分かるよ
凄くモテるしね、恋さん。気持ちは分かるよ
だけど残念なことに、今は姿を見かけることができない。
だけど残念なことに、今は姿を見かけることができない。
秀隆
秀隆
いないようだし、オレは帰る
いないようだし、オレは帰る
希望
希望
そっか。じゃあ私はそのまま帰るね
そっか。じゃあ私はそのまま帰るね
秀隆
秀隆
おう。付き合わせて悪かったな
おう。付き合わせて悪かったな
秀隆
秀隆
恋さんたちはともかく、今日もあの男はいなかったな……
恋さんたちはともかく、今日もあの男はいなかったな……
カジノフロアで撮影された男。
カジノフロアで撮影された男。
地上時代の生き残りかもしれないと囁かれる存在。
地上時代の生き残りかもしれないと囁かれる存在。
秀隆
秀隆
なんか、本当に実在するのかも怪しくなってきたぜ
なんか、本当に実在するのかも怪しくなってきたぜ
…………。
…………。
……。
……。
