唐沢
唐沢
島津くん。ちょっといいかな？
島津くん。ちょっといいかな？
秀隆
秀隆
はい、なんでしょうか？
はい、なんでしょうか？
唐沢
唐沢
今から帰るところかい？
今から帰るところかい？
秀隆
秀隆
そうですが……
そうですが……
唐沢
唐沢
良かったら、ちょっと付き合ってくれないかな
良かったら、ちょっと付き合ってくれないかな
唐沢さんはくっと手でお酒を飲むジェスチャーを見せた。
唐沢さんはくっと手でお酒を飲むジェスチャーを見せた。
消灯時刻が過ぎるのを待ち、オレたちはバーを目指す。
消灯時刻が過ぎるのを待ち、オレたちはバーを目指す。
唐沢
唐沢
島津くんが刺されたのは、どのあたりなんだい？
島津くんが刺されたのは、どのあたりなんだい？
秀隆
秀隆
覚えてる限りでは……あのあたりですね
覚えてる限りでは……あのあたりですね
唐沢
唐沢
このホープタウンで、これほど凶悪な事件が起きるのは珍しい
このホープタウンで、これほど凶悪な事件が起きるのは珍しい
唐沢
唐沢
そして、その犯人が逮捕されないのもね
そして、その犯人が逮捕されないのもね
秀隆
秀隆
そうですね……
そうですね……
犯行による動機などはともかく、何も証拠が残っていない。
犯行による動機などはともかく、何も証拠が残っていない。
犯人の指紋も毛髪も見つからなかった。
犯人の指紋も毛髪も見つからなかった。
秀隆
秀隆
…………
…………
唐沢
唐沢
ごめん、思い出させてしまったかな
ごめん、思い出させてしまったかな
秀隆
秀隆
いえ……
いえ……
バーにつくと、オレと唐沢さんは奥の席に通された。
バーにつくと、オレと唐沢さんは奥の席に通された。
唐沢
唐沢
先日、君は柳沢と言う人間を捕え、倉屋敷社長に引き渡したそうだね
先日、君は柳沢と言う人間を捕え、倉屋敷社長に引き渡したそうだね
秀隆
秀隆
はい。唐沢代表には報告書を提出させていただいたかと思いますが
はい。唐沢代表には報告書を提出させていただいたかと思いますが
唐沢
唐沢
君はあの場に、アンドロイドがいたことを知っていたかい？
君はあの場に、アンドロイドがいたことを知っていたかい？
秀隆
秀隆
アンドロイド、ですか？　……いえ
アンドロイド、ですか？　……いえ
唐沢
唐沢
そうか。やっぱり知らなかったんだね……
そうか。やっぱり知らなかったんだね……
秀隆
秀隆
どういうことでしょうか
どういうことでしょうか
唐沢
唐沢
君が柳沢を捕まえた場所には、彼の所有する違法アンドロイドが待機していた
君が柳沢を捕まえた場所には、彼の所有する違法アンドロイドが待機していた
唐沢
唐沢
そのアンドロイドが、何故破壊されていたのかはわからない。
そのアンドロイドが、何故破壊されていたのかはわからない。
でも、肝心なのはそこじゃないんだよ
でも、肝心なのはそこじゃないんだよ
唐沢
唐沢
そのアンドロイドの正体だ……
そのアンドロイドの正体だ……
唐沢代表は悲しそうな表情で、１枚の写真を取り出した。
唐沢代表は悲しそうな表情で、１枚の写真を取り出した。
秀隆
秀隆
え……
え……
そこに映っていた人物。
そこに映っていた人物。
ズタズタに破壊されていたが、見間違うはずがない。
ズタズタに破壊されていたが、見間違うはずがない。
秀隆
秀隆
ど、どうして……！？
ど、どうして……！？
唐沢
唐沢
僕も、信じられない気持ちでいっぱいだよ……
僕も、信じられない気持ちでいっぱいだよ……
がっくりと項垂れる唐沢さん。
がっくりと項垂れる唐沢さん。
秀隆
秀隆
うそだ……杉村さんが、アンドロイドだなんて……
うそだ……杉村さんが、アンドロイドだなんて……
唐沢
唐沢
残念だけど、まぎれもない事実だ。僕は彼女を肉眼で確認してきた
残念だけど、まぎれもない事実だ。僕は彼女を肉眼で確認してきた
秀隆
秀隆
…………
…………
唐沢
唐沢
以前、僕たちがある男が地上の生き残りだと、
以前、僕たちがある男が地上の生き残りだと、
目星をつけたことがあったのを覚えているかい？
目星をつけたことがあったのを覚えているかい？
秀隆
秀隆
はい。もちろん覚えています。あの恭一さんの写真は、異常でした
はい。もちろん覚えています。あの恭一さんの写真は、異常でした
明らかな隠し撮り写真だ。
明らかな隠し撮り写真だ。
秀隆
秀隆
これは想像ですが、ホープタウンから送りこんだ、
これは想像ですが、ホープタウンから送りこんだ、
諜報部員のような方がいると思われる、としか
諜報部員のような方がいると思われる、としか
唐沢
唐沢
この柳沢と言う男。僕や竹内くんとも繋がりがあったんだ
この柳沢と言う男。僕や竹内くんとも繋がりがあったんだ
秀隆
秀隆
……じゃあ、彼は両方の街にスパイを送り込んでいた、と？
……じゃあ、彼は両方の街にスパイを送り込んでいた、と？
唐沢
唐沢
そういうことになるね。僕らは互いに柳沢に利用されていたんだ
そういうことになるね。僕らは互いに柳沢に利用されていたんだ
秀隆
秀隆
…………
…………
唐沢
唐沢
大河内代表が、情報の開示をしたよ。それがこれだ
大河内代表が、情報の開示をしたよ。それがこれだ
もう一枚写真が取り出される。
もう一枚写真が取り出される。
そこには……。
そこには……。
秀隆
秀隆
どうしてこう……
どうしてこう……
静乃さんだ……。
静乃さんだ……。
この人も、アンドロイドだったって言うのか……。
この人も、アンドロイドだったって言うのか……。
唐沢
唐沢
今回の事件は、僕と大河内代表との間で黙殺することが決定した。
今回の事件は、僕と大河内代表との間で黙殺することが決定した。
お互いに傷口を突きあえば、両方が血を見る結果につながるからね
お互いに傷口を突きあえば、両方が血を見る結果につながるからね
秀隆
秀隆
どうして、このことを自分に……？　自分は一特務官に過ぎません
どうして、このことを自分に……？　自分は一特務官に過ぎません
唐沢
唐沢
……君には伝えておきたいと思ったんだ。
……君には伝えておきたいと思ったんだ。
杉村のことを、良くしてくれていたから、なのかも知れないね
杉村のことを、良くしてくれていたから、なのかも知れないね
秀隆
秀隆
…………
…………
唐沢
唐沢
僕は情けないよ。アンドロイドに……
僕は情けないよ。アンドロイドに……
秀隆
秀隆
オレは、そんなことはないと思っています
オレは、そんなことはないと思っています
秀隆
秀隆
杉村さんと恋に落ちた、それは、けして馬鹿げた話なんかじゃない
杉村さんと恋に落ちた、それは、けして馬鹿げた話なんかじゃない
秀隆
秀隆
アンドロイドを愛おしく思う気持ちは、けして間違いなんかじゃありません
アンドロイドを愛おしく思う気持ちは、けして間違いなんかじゃありません
唐沢
唐沢
島津くん……
島津くん……
秀隆
秀隆
オレだって、杉村さんのこと好きだったんですよ
オレだって、杉村さんのこと好きだったんですよ
秀隆
秀隆
彼女がアンドロイドだったからって、その気持ちは消えません
彼女がアンドロイドだったからって、その気持ちは消えません
唐沢
唐沢
……そうか
……そうか
秀隆
秀隆
漏れてしまった情報が、どれだけあるのかは、オレの知るところじゃありません
漏れてしまった情報が、どれだけあるのかは、オレの知るところじゃありません
秀隆
秀隆
そのことはしっかりと確認し対応していく必要があると思いますが、そんなことはオレが言うまでもなく、唐沢代表が分かっていると思います
そのことはしっかりと確認し対応していく必要があると思いますが、そんなことはオレが言うまでもなく、唐沢代表が分かっていると思います
唐沢
唐沢
うん、そうだね
うん、そうだね
秀隆
秀隆
ネガティブに考えるのはよしましょう。
ネガティブに考えるのはよしましょう。
こういう時はポジティブに物事を考えるべきです
こういう時はポジティブに物事を考えるべきです
唐沢
唐沢
ポジティブ……？
ポジティブ……？
秀隆
秀隆
例えば、そう。杉村さんのおっぱいは最高だった、とか？
例えば、そう。杉村さんのおっぱいは最高だった、とか？
唐沢
唐沢
…………
…………
唐沢さんが目を丸くしてオレを見つめた。
唐沢さんが目を丸くしてオレを見つめた。
秀隆
秀隆
違いますか？
違いますか？
唐沢
唐沢
は、ははは。うん、うん、そうだね。確かにその通りだ
は、ははは。うん、うん、そうだね。確かにその通りだ
秀隆
秀隆
でしょ？
でしょ？
唐沢
唐沢
まったく君は……
まったく君は……
唐沢
唐沢
……ありがとう。今日は僕に付き合ってくれて
……ありがとう。今日は僕に付き合ってくれて
秀隆
秀隆
とんでもありません。お役に立てたのなら、それで
とんでもありません。お役に立てたのなら、それで
秀隆
秀隆
それに、オレたちは下を向いてる場合じゃありません
それに、オレたちは下を向いてる場合じゃありません
秀隆
秀隆
竹内特務官の抜けた穴を、しっかりとふさがなければなりません
竹内特務官の抜けた穴を、しっかりとふさがなければなりません
唐沢
唐沢
うん……そうだね
うん……そうだね
アンドロイドの問題よりも、そちらの方が遥かに大変だ。
アンドロイドの問題よりも、そちらの方が遥かに大変だ。
秀隆
秀隆
今、竹内特務官が抜けたことで、特務官たちの士気が大きく下がっています
今、竹内特務官が抜けたことで、特務官たちの士気が大きく下がっています
秀隆
秀隆
中には体調を崩して、仕事を休んでいる人間もいるほどです
中には体調を崩して、仕事を休んでいる人間もいるほどです
唐沢
唐沢
それだけ彼の影響力が大きかった、と言うことだね
それだけ彼の影響力が大きかった、と言うことだね
秀隆
秀隆
無理もありません。オレの世代前後の人は、
無理もありません。オレの世代前後の人は、
皆竹内特務官に憧れていた人たちばかりですから
皆竹内特務官に憧れていた人たちばかりですから
唐沢
唐沢
君は、そうでもないのかな？
君は、そうでもないのかな？
秀隆
秀隆
え？
え？
唐沢
唐沢
あぁいや、君ももちろん、彼に憧れていた一人だろう。
あぁいや、君ももちろん、彼に憧れていた一人だろう。
でも、島津くんは妙に落ち着いているようだからね……
でも、島津くんは妙に落ち着いているようだからね……
秀隆
秀隆
もちろん今でも信じられません
もちろん今でも信じられません
秀隆
秀隆
ただ、予兆を伝えられていたというか……
ただ、予兆を伝えられていたというか……
竹内特務官が何か考えているのは、分かっていましたから
竹内特務官が何か考えているのは、分かっていましたから
秀隆
秀隆
それに、オレは入社して間もない人間です。
それに、オレは入社して間もない人間です。
その分他の人たちよりも、信頼関係を築けていませんでしたから
その分他の人たちよりも、信頼関係を築けていませんでしたから
唐沢
唐沢
そうか……
そうか……
秀隆
秀隆
竹内特務官のことは、どうご報告するつもりですか？
竹内特務官のことは、どうご報告するつもりですか？
唐沢
唐沢
ホープタウンとドリームタウン、両街の友好の懸け橋となるために、ドリームタウンへ送り出すことを決めた……
ホープタウンとドリームタウン、両街の友好の懸け橋となるために、ドリームタウンへ送り出すことを決めた……
唐沢
唐沢
僕と竹内くんが最後に交わした取り決めだよ
僕と竹内くんが最後に交わした取り決めだよ
秀隆
秀隆
そうですか……
そうですか……
それでも、竹内特務官がいなくなった事態は大きな波紋を呼ぶだろう。
それでも、竹内特務官がいなくなった事態は大きな波紋を呼ぶだろう。
唐沢
唐沢
少し様子を見るつもりだ。今無計画に事実を伝えれば、
少し様子を見るつもりだ。今無計画に事実を伝えれば、
状況は更なる混乱に陥ってしまうからね
状況は更なる混乱に陥ってしまうからね
秀隆
秀隆
そう思います
そう思います
後任をしっかりと決め、竹内特務官がいなくても影響がないと見せなければならない。
後任をしっかりと決め、竹内特務官がいなくても影響がないと見せなければならない。
唐沢
唐沢
君には期待しているよ島津くん
君には期待しているよ島津くん
秀隆
秀隆
はい。ご期待に沿えるよう、頑張らせていただきます
はい。ご期待に沿えるよう、頑張らせていただきます
…………。
…………。
……。
……。
