オレは消灯時刻も過ぎた午後８時、
オレは消灯時刻も過ぎた午後８時、
ある人物を特務官邸の会議室へと通した。
ある人物を特務官邸の会議室へと通した。
秀隆
秀隆
本日はお忙しい中、お越しいただきありがとうございます
本日はお忙しい中、お越しいただきありがとうございます
片桐
片桐
……私に何の用かね？
……私に何の用かね？
その言葉に、同席する磯部、まどかも同じ思いだったようだ。
その言葉に、同席する磯部、まどかも同じ思いだったようだ。
秀隆
秀隆
まずはお座りください
まずはお座りください
秀隆
秀隆
それから、二人も座ってくれ
それから、二人も座ってくれ
磯部
磯部
……分かった
……分かった
磯部が頷き、それにまどかも続いた。
磯部が頷き、それにまどかも続いた。
全員が席に着いたところで、オレも腰を下ろした。
全員が席に着いたところで、オレも腰を下ろした。
秀隆
秀隆
片桐社長。私たちは今、違法アンドロイドの調査を行っています
片桐社長。私たちは今、違法アンドロイドの調査を行っています
まどか
まどか
ちょ、ちょっと島津くん！？
ちょ、ちょっと島津くん！？
磯部
磯部
いきなり何を言い出すんだよ……！
いきなり何を言い出すんだよ……！
秀隆
秀隆
いいから聞いていてくれ
いいから聞いていてくれ
こちらの内情を話すオレに慌てたまどかを制する。
こちらの内情を話すオレに慌てたまどかを制する。
片桐
片桐
それがどうしたのかね。私には関係のない話だ
それがどうしたのかね。私には関係のない話だ
秀隆
秀隆
確かにその通りです。違法アンドロイドの件と、
確かにその通りです。違法アンドロイドの件と、
片桐社長を結ぶものは何もありません
片桐社長を結ぶものは何もありません
秀隆
秀隆
ですが、共通点はあった
ですが、共通点はあった
片桐
片桐
共通点……？
共通点……？
秀隆
秀隆
これからお話しすることは、
これからお話しすることは、
オレなりに時系列をまとめ、推理したものです。
オレなりに時系列をまとめ、推理したものです。
間違っていたものがあればご指摘をお願いいたします
間違っていたものがあればご指摘をお願いいたします
分かりやすくまとめておいたデータも同時に読み出す。
分かりやすくまとめておいたデータも同時に読み出す。
秀隆
秀隆
今から８年前、ドリームタウンに住む柳沢軍司、
今から８年前、ドリームタウンに住む柳沢軍司、
現柳沢製薬社長は、資本金１００万円で製薬会社を立ち上げました
現柳沢製薬社長は、資本金１００万円で製薬会社を立ち上げました
秀隆
秀隆
しかし、開発資金もなく、
しかし、開発資金もなく、
規模も小さい会社で信頼もない柳沢製薬は、設立初年度を赤字で決算を迎えています
規模も小さい会社で信頼もない柳沢製薬は、設立初年度を赤字で決算を迎えています
秀隆
秀隆
柳沢製薬が黒字へと転向したのは、それから４年後
柳沢製薬が黒字へと転向したのは、それから４年後
秀隆
秀隆
突如としてメディアに進出をはじめ、様々な企業とコラボを展開するなど、無名だった会社とは思えないほどの躍進を見せることとなりました
突如としてメディアに進出をはじめ、様々な企業とコラボを展開するなど、無名だった会社とは思えないほどの躍進を見せることとなりました
秀隆
秀隆
その裏には、いくつかの要因があったと考えられます
その裏には、いくつかの要因があったと考えられます
秀隆
秀隆
ひとつは、彼が株式で巨額の利益を得たこと。
ひとつは、彼が株式で巨額の利益を得たこと。
これにより資本金を１億へと跳ね上げ、広告を打ったことなどが影響しているでしょう
これにより資本金を１億へと跳ね上げ、広告を打ったことなどが影響しているでしょう
秀隆
秀隆
次に、強いコネクションを手に入れたことも計り知れません
次に、強いコネクションを手に入れたことも計り知れません
秀隆
秀隆
そのコネクションとは……ドリームタウン、大河内代表です
そのコネクションとは……ドリームタウン、大河内代表です
まどか
まどか
巨額の融資を受けだしたのも、その頃ね
巨額の融資を受けだしたのも、その頃ね
秀隆
秀隆
ああ。柳沢製薬は効果の高さと安価から、黒字経営を続けていきます
ああ。柳沢製薬は効果の高さと安価から、黒字経営を続けていきます
秀隆
秀隆
ですが、受ける融資の額、望む額は年々増える一方なんです
ですが、受ける融資の額、望む額は年々増える一方なんです
秀隆
秀隆
それも大河内代表だけではなく、
それも大河内代表だけではなく、
様々な銀行や、クイーンと呼ばれる投資家にまで、幅広く声をかけられている
様々な銀行や、クイーンと呼ばれる投資家にまで、幅広く声をかけられている
秀隆
秀隆
そして―――片桐社長。あなたにも融資をしてほしいと言う話が来たんじゃありませんか？
そして―――片桐社長。あなたにも融資をしてほしいと言う話が来たんじゃありませんか？
片桐
片桐
…………
…………
秀隆
秀隆
彼はあなたに、交換条件を提示したはずです。
彼はあなたに、交換条件を提示したはずです。
融資していただけるのなら、画期的な技術をお教えします、と
融資していただけるのなら、画期的な技術をお教えします、と
磯部
磯部
まさか、それがあの……？
まさか、それがあの……？
秀隆
秀隆
従来の３倍の成長速度を持つ、トウモロコシ
従来の３倍の成長速度を持つ、トウモロコシ
磯部
磯部
おいおい。何の冗談だよ……
おいおい。何の冗談だよ……
秀隆
秀隆
あなたはその提案を受け、取引を成立させた
あなたはその提案を受け、取引を成立させた
まどか
まどか
ちょっと待って。幾らなんでも飛躍しすぎよ。
ちょっと待って。幾らなんでも飛躍しすぎよ。
どうして柳沢社長は、片桐社長にそんな提案を持ちかけるの？
どうして柳沢社長は、片桐社長にそんな提案を持ちかけるの？
まどか
まどか
ドリームタウンにも同じように食糧プラントは存在するわ。
ドリームタウンにも同じように食糧プラントは存在するわ。
そもそも片桐社長とは何の接点もなかったんじゃない？
そもそも片桐社長とは何の接点もなかったんじゃない？
秀隆
秀隆
幾つか理由はあるだろうな。
幾つか理由はあるだろうな。
１つは、食糧プラントとなれば、薬品よりも遥かに口にする人口も量も増える
１つは、食糧プラントとなれば、薬品よりも遥かに口にする人口も量も増える
秀隆
秀隆
まがりなりにもリスクのある行為に、
まがりなりにもリスクのある行為に、
自分が住む街を選ぶのは危険な賭けとも言える
自分が住む街を選ぶのは危険な賭けとも言える
秀隆
秀隆
接点がなければないほど、柳沢社長にとっては好都合だったはずだ
接点がなければないほど、柳沢社長にとっては好都合だったはずだ
まどか
まどか
だけど……
だけど……
磯部
磯部
そんな危険な話、片桐社長が一瞥したらどうするんだ。
そんな危険な話、片桐社長が一瞥したらどうするんだ。
警察にでもリークされたら、柳沢社長は終わりだ
警察にでもリークされたら、柳沢社長は終わりだ
秀隆
秀隆
詳細はオレにも分からない。
詳細はオレにも分からない。
ただ、恐らく片桐社長は何か、弱みを握られていたんじゃないですか？
ただ、恐らく片桐社長は何か、弱みを握られていたんじゃないですか？
磯部
磯部
弱みだと……？
弱みだと……？
片桐
片桐
…………
…………
秀隆
秀隆
ここで少し、違法アンドロイドの話に戻る
ここで少し、違法アンドロイドの話に戻る
秀隆
秀隆
柳沢社長は株式で巨額の収益を得たり、強いコネクションを持ち出したが、その背景には違法アンドロイドの存在があるんじゃないだろうか
柳沢社長は株式で巨額の収益を得たり、強いコネクションを持ち出したが、その背景には違法アンドロイドの存在があるんじゃないだろうか
秀隆
秀隆
違法アンドロイドは、人間と全く区別がつかない。
違法アンドロイドは、人間と全く区別がつかない。
スパイ活動させ、情報収集させるには絶好の存在と言えるだろう
スパイ活動させ、情報収集させるには絶好の存在と言えるだろう
集めていた資料、５年前のビル爆破事故のものを表示する。
集めていた資料、５年前のビル爆破事故のものを表示する。
秀隆
秀隆
柳沢社長は、製薬会社の社長と、アンドロイド開発を手がける
柳沢社長は、製薬会社の社長と、アンドロイド開発を手がける
人間だった
人間だった
秀隆
秀隆
そして彼はそのアンドロイドを使い、ホープタウンやドリームタウンの情報を集め、潤沢な資金を集め、今の地位へとのし上がってきた
そして彼はそのアンドロイドを使い、ホープタウンやドリームタウンの情報を集め、潤沢な資金を集め、今の地位へとのし上がってきた
秀隆
秀隆
そう考えれば、全ての線が繋がるんだ
そう考えれば、全ての線が繋がるんだ
秀隆
秀隆
どうでしょうか？　片桐社長
どうでしょうか？　片桐社長
片桐
片桐
少しだけ、訂正をさせてもらおう。
少しだけ、訂正をさせてもらおう。
彼は私に融資を求めてきたのではなく、共同経営と言う名目だった
彼は私に融資を求めてきたのではなく、共同経営と言う名目だった
片桐
片桐
トウモロコシの売買で得た利益の何割かを、回すと言うものだ
トウモロコシの売買で得た利益の何割かを、回すと言うものだ
秀隆
秀隆
…………
…………
片桐
片桐
だが、それ以外は、驚きを隠せない。君の言う通りだ
だが、それ以外は、驚きを隠せない。君の言う通りだ
まどか
まどか
じゃあ、柳沢軍司が……犯人なんですね
じゃあ、柳沢軍司が……犯人なんですね
片桐
片桐
私が奴の提案に乗ったのには、
私が奴の提案に乗ったのには、
君の言うように、裏で圧力、脅しをかけられていたからだ
君の言うように、裏で圧力、脅しをかけられていたからだ
片桐
片桐
もし提案を受けないようであれば、私の秘密を暴露する、とな
もし提案を受けないようであれば、私の秘密を暴露する、とな
秀隆
秀隆
まさか
まさか
片桐
片桐
どこで得た情報かは分からないが……愛佳のことだ
どこで得た情報かは分からないが……愛佳のことだ
まどか
まどか
愛佳さん？
愛佳さん？
秀隆
秀隆
いや、そのことはいいんだ
いや、そのことはいいんだ
この場で追求するような話じゃない。
この場で追求するような話じゃない。
でも、柳沢社長は、片桐社長と愛佳のことを知っていた。
でも、柳沢社長は、片桐社長と愛佳のことを知っていた。
つまり……虐待していると言う事実を掴んでいたと言うことだ。
つまり……虐待していると言う事実を掴んでいたと言うことだ。
一体どうやって？
一体どうやって？
違法アンドロイドが、彼らの身近に、居ると言うことなのか……。
違法アンドロイドが、彼らの身近に、居ると言うことなのか……。
片桐
片桐
私は迂闊に彼の存在を口にはできない。
私は迂闊に彼の存在を口にはできない。
もしも、その秘密が暴露されれば、今の地位も名誉もなくなってしまうだろう
もしも、その秘密が暴露されれば、今の地位も名誉もなくなってしまうだろう
秀隆
秀隆
……じゃあ、どうして今日、お話してくれたんですか
……じゃあ、どうして今日、お話してくれたんですか
片桐
片桐
君が真相にたどり着いたからだ。
君が真相にたどり着いたからだ。
今ここで話さなければ、それ以上のリスクを私が背負うことになる
今ここで話さなければ、それ以上のリスクを私が背負うことになる
秀隆
秀隆
…………
…………
片桐
片桐
あの男は、非常に危険だ。そのことは忘れるな
あの男は、非常に危険だ。そのことは忘れるな
秀隆
秀隆
……はい
……はい
磯部
磯部
まさか、柳沢製薬と片桐食糧プラントに、そんな繋がりがあったなんて
まさか、柳沢製薬と片桐食糧プラントに、そんな繋がりがあったなんて
まどか
まどか
こんな形で繋がってくるなんて、想像もしてなかった
こんな形で繋がってくるなんて、想像もしてなかった
秀隆
秀隆
オレも最初は驚いた。でも、考えてみるとそれが一番しっくり
オレも最初は驚いた。でも、考えてみるとそれが一番しっくり
くるんだ
くるんだ
秀隆
秀隆
とは言え、片桐食糧プラントのことで、
とは言え、片桐食糧プラントのことで、
柳沢社長を追い詰めることは難しいと思う
柳沢社長を追い詰めることは難しいと思う
秀隆
秀隆
柳沢と結びつける物的証拠がない以上、どうにもできない
柳沢と結びつける物的証拠がない以上、どうにもできない
迂闊な証拠を残すような男でもないだろうし。
迂闊な証拠を残すような男でもないだろうし。
まどか
まどか
そうね……
そうね……
磯部
磯部
でも、これでほぼ決まりだな
でも、これでほぼ決まりだな
秀隆
秀隆
ああ。違法アンドロイドも、まず間違いなく柳沢製薬が絡んでる
ああ。違法アンドロイドも、まず間違いなく柳沢製薬が絡んでる
でも、まだ確かめなければならないことがある。
でも、まだ確かめなければならないことがある。
大河内代表が、彼に融資を続ける理由が、何なのかだ。
大河内代表が、彼に融資を続ける理由が、何なのかだ。
単純に期待の製薬会社へ投資しているだけなのか、
単純に期待の製薬会社へ投資しているだけなのか、
それとも……違法アンドロイドが絡んでいるのか。
それとも……違法アンドロイドが絡んでいるのか。
もしも、違法アンドロイドが絡んでいるとしたら
もしも、違法アンドロイドが絡んでいるとしたら
次々とピースが繋がっていく。
次々とピースが繋がっていく。
…………。
…………。
……。
……。
