秀隆
秀隆
さて……いざやってきたものの、大丈夫だろうか……
さて……いざやってきたものの、大丈夫だろうか……
秀隆
秀隆
胃、胃が痛い……
胃、胃が痛い……
連日連夜、アクセラとのことを認めてもらうためとはいえ、
連日連夜、アクセラとのことを認めてもらうためとはいえ、
オレは非常に大変な試練の連続になろうとしていた。
オレは非常に大変な試練の連続になろうとしていた。
秀隆
秀隆
やっぱり帰ろうかな……
やっぱり帰ろうかな……
いや、ここで逃げ出しても意味がない。
いや、ここで逃げ出しても意味がない。
どの道いつか耳に入れざるを得ないことだろうからな。
どの道いつか耳に入れざるを得ないことだろうからな。
秀隆
秀隆
お邪魔しまーす……
お邪魔しまーす……
和葉
和葉
……またお前か
……またお前か
秀隆
秀隆
会うなりため息つかないでくださいよ……
会うなりため息つかないでくださいよ……
和葉
和葉
なにしにきた
なにしにきた
秀隆
秀隆
実は、ひとつお話がありまして……
実は、ひとつお話がありまして……
和葉
和葉
話ぃ？
話ぃ？
怪訝そうな顔を見せる。
怪訝そうな顔を見せる。
秀隆
秀隆
アンドロイドの、アクセラのことなんです
アンドロイドの、アクセラのことなんです
そう言うと、倉屋敷社長の顔つきが少し真面目なものになった。
そう言うと、倉屋敷社長の顔つきが少し真面目なものになった。
和葉
和葉
……言ってみろ
……言ってみろ
秀隆
秀隆
あの……
あの……
秀隆
秀隆
そのですね……
そのですね……
和葉
和葉
…………
…………
秀隆
秀隆
だから……
だから……
和葉
和葉
さっさと喋らねぇと鼻の穴にドライバーねじ込むぞ？
さっさと喋らねぇと鼻の穴にドライバーねじ込むぞ？
秀隆
秀隆
ひっ！
ひっ！
秀隆
秀隆
お、オレ……アクセラを、
お、オレ……アクセラを、
一人の女性として愛していくことを決めましたっ
一人の女性として愛していくことを決めましたっ
和葉
和葉
…………
…………
秀隆
秀隆
…………
…………
和葉
和葉
で？
で？
秀隆
秀隆
い、いや。え……怒ったりしないんですか
い、いや。え……怒ったりしないんですか
和葉
和葉
なにが
なにが
秀隆
秀隆
アンドロイドを、好きになったんですよ、オレ
アンドロイドを、好きになったんですよ、オレ
和葉
和葉
んなもんおまえの自由だ
んなもんおまえの自由だ
秀隆
秀隆
アクセラに欲情とかしちゃってるんですよ？
アクセラに欲情とかしちゃってるんですよ？
和葉
和葉
良かったな、あいつ穴があるから性処理に使えるだろ
良かったな、あいつ穴があるから性処理に使えるだろ
秀隆
秀隆
い、いいんですか？　だって、違法アンドロイド……
い、いいんですか？　だって、違法アンドロイド……
和葉
和葉
おまえが改造したものなら、ぶっ壊してる
おまえが改造したものなら、ぶっ壊してる
se投げる（「ぶんっ」）0
se投げる（「ぶんっ」）0
そういい、ドライバーをぶんと振った。
そういい、ドライバーをぶんと振った。
和葉
和葉
おまえは違法アンドロイドってこともしらなかったし、
おまえは違法アンドロイドってこともしらなかったし、
あたしはそもそもおまえと取引をした。なら何をしようがしらん
あたしはそもそもおまえと取引をした。なら何をしようがしらん
秀隆
秀隆
…………
…………
和葉
和葉
んなアホ臭いこと言うためだけに来たのか？
んなアホ臭いこと言うためだけに来たのか？
秀隆
秀隆
ま、まぁ……
ま、まぁ……
和葉
和葉
ち
ち
和葉
和葉
天才の貴重な時間を奪いやがって。さっさと帰れ
天才の貴重な時間を奪いやがって。さっさと帰れ
秀隆
秀隆
は、はい……失礼します
は、はい……失礼します
どうやら、倉屋敷社長にとって、
どうやら、倉屋敷社長にとって、
アクセラを異性として見ることはどうでもいいことのようだ。
アクセラを異性として見ることはどうでもいいことのようだ。
違法にアンドロイドを改造する者以外、
違法にアンドロイドを改造する者以外、
敵と見なすことはないってことだろうか。
敵と見なすことはないってことだろうか。
なんていうか……。
なんていうか……。
秀隆
秀隆
何の反論もなかった……
何の反論もなかった……
拍子抜け。
拍子抜け。
でも、実に社長らしい。
でも、実に社長らしい。
むしろ格好いいと思ってしまった。
むしろ格好いいと思ってしまった。
秀隆
秀隆
ただいま帰ったぞー
ただいま帰ったぞー
アクセラ
アクセラ
お帰りなさいませ秀隆さま。……あの、どうでしたか？
お帰りなさいませ秀隆さま。……あの、どうでしたか？
アクセラはずっと気になっていたんだろう、不安げに聞いてきた。
アクセラはずっと気になっていたんだろう、不安げに聞いてきた。
ちょうどリビングにはキズナと秋もいた。
ちょうどリビングにはキズナと秋もいた。
秀隆
秀隆
倉屋敷社長に会ってきた。そんで……
倉屋敷社長に会ってきた。そんで……
秀隆
秀隆
ま、色々大変だったけど、なんとか認めてもらうことができたよ
ま、色々大変だったけど、なんとか認めてもらうことができたよ
全然大変じゃなかったけど……。
全然大変じゃなかったけど……。
アクセラ
アクセラ
ではっ！
ではっ！
秀隆
秀隆
これで誰にも文句を言わせないってことだ
これで誰にも文句を言わせないってことだ
アクセラ
アクセラ
うれしいです！
うれしいです！
そういうと、アクセラはオレの胸に飛び込んできた。
そういうと、アクセラはオレの胸に飛び込んできた。
キズナ
キズナ
ヒューヒュー、ですっ
ヒューヒュー、ですっ
秀隆
秀隆
うーん、このアクセラの感触……最高だ
うーん、このアクセラの感触……最高だ
秋
秋
気持ち悪いです兄さん
気持ち悪いです兄さん
秀隆
秀隆
……ほっとけ
……ほっとけ
秋
秋
思ったよりもやさしい人なんですね、倉屋敷さんって
思ったよりもやさしい人なんですね、倉屋敷さんって
秀隆
秀隆
そこは否定しておく！　全然やさしくない！
そこは否定しておく！　全然やさしくない！
秋
秋
は、はぁ……
は、はぁ……
キズナ
キズナ
でもよかったじゃないですか
でもよかったじゃないですか
秀隆
秀隆
まぁ……
まぁ……
キズナ
キズナ
それに、アクセラさんを彼女に出来るなんて、幸せ者だと思います
それに、アクセラさんを彼女に出来るなんて、幸せ者だと思います
秀隆
秀隆
ま、まぁ……
ま、まぁ……
キズナ
キズナ
考えてみてもください。女性にとって一番の武器は若さです。
考えてみてもください。女性にとって一番の武器は若さです。
私やあっきーなんかは、まさに国宝レベルで貴重な存在と言うわけです
私やあっきーなんかは、まさに国宝レベルで貴重な存在と言うわけです
秋
秋
国宝って……
国宝って……
キズナ
キズナ
だけど人は老います。私やあっきーも、数十年後には産業廃棄物です
だけど人は老います。私やあっきーも、数十年後には産業廃棄物です
秋
秋
産業廃棄物って……
産業廃棄物って……
キズナ
キズナ
結婚もしていなかったら悲惨です。
結婚もしていなかったら悲惨です。
子供もいなくて、それでも男性の理想だけは追い求め……
子供もいなくて、それでも男性の理想だけは追い求め……
秀隆
秀隆
ひ、悲惨そうだな……
ひ、悲惨そうだな……
キズナ
キズナ
ところが！　アクセラさんは数十年後もそのままなんですっ！
ところが！　アクセラさんは数十年後もそのままなんですっ！
ばばーん！
ばばーん！
秀隆
秀隆
た、確かに！
た、確かに！
隣にいるアクセラはアンドロイドで、歳をとらない。
隣にいるアクセラはアンドロイドで、歳をとらない。
オレが６０歳のおじいちゃんになっても、
オレが６０歳のおじいちゃんになっても、
アクセラはずっと今の綺麗な状態を保っているということになる。
アクセラはずっと今の綺麗な状態を保っているということになる。
おっぱいも、お尻も、現状維持。
おっぱいも、お尻も、現状維持。
秀隆
秀隆
（あれ、それって最強じゃない？）
（あれ、それって最強じゃない？）
キズナ
キズナ
（最強ですよひーくん）
（最強ですよひーくん）
キズナと心で会話する。
キズナと心で会話する。
秋
秋
アクセラ、つらくなったらいつでも相談してね
アクセラ、つらくなったらいつでも相談してね
アクセラ
アクセラ
ありがとうございます。必ずご相談いたします
ありがとうございます。必ずご相談いたします
秀隆
秀隆
つ、つらくなんてさせないって
つ、つらくなんてさせないって
アクセラ
アクセラ
そう信じてはおりますが、もしもの時はありますので
そう信じてはおりますが、もしもの時はありますので
どれだけ好きになって、愛を確かめても、アクセラはアクセラか。
どれだけ好きになって、愛を確かめても、アクセラはアクセラか。
最終章・アクセラルートその８』アクセラH
最終章・アクセラルートその８』アクセラH
秀隆
秀隆
ここまで順調に行くと……なんだか怖いくらいだな
ここまで順調に行くと……なんだか怖いくらいだな
アクセラ
アクセラ
怖い、ですか？
怖い、ですか？
お互いに行為を終えて暫くして、オレは口を開いた。
お互いに行為を終えて暫くして、オレは口を開いた。
隣でぴったりと寄り添うアクセラが、不思議そうにオレの横顔を見つめた。
隣でぴったりと寄り添うアクセラが、不思議そうにオレの横顔を見つめた。
秀隆
秀隆
おまえと付き合うようになって、キズナや秋に認められて……
おまえと付き合うようになって、キズナや秋に認められて……
秀隆
秀隆
あの倉屋敷社長も、すんなりと認可してくれた
あの倉屋敷社長も、すんなりと認可してくれた
秀隆
秀隆
……だから、少し怖いと思った
……だから、少し怖いと思った
秀隆
秀隆
なにか反動があるんじゃないかってな
なにか反動があるんじゃないかってな
アクセラ
アクセラ
考えすぎ、ではないでしょうか……？
考えすぎ、ではないでしょうか……？
アクセラ
アクセラ
誰かが幸せになるたび、何か不幸が起こっていてはたまりません
誰かが幸せになるたび、何か不幸が起こっていてはたまりません
秀隆
秀隆
それはそうなんだけどな
それはそうなんだけどな
オレが歩んできた人生は、大体そうだった。
オレが歩んできた人生は、大体そうだった。
幸せになった直後、一気に地獄に叩き落されてきたから。
幸せになった直後、一気に地獄に叩き落されてきたから。
秀隆
秀隆
悪い。オレが不安になるから、そう言う不幸を呼び寄せてるのかもな
悪い。オレが不安になるから、そう言う不幸を呼び寄せてるのかもな
アクセラを抱き寄せる。
アクセラを抱き寄せる。
秀隆
秀隆
きっと大丈夫だ
きっと大丈夫だ
アクセラ
アクセラ
はい。私は、そう信じています
はい。私は、そう信じています
…………。
…………。
……。
……。
