本日は、片桐社長との再交渉が予定されている。
本日は、片桐社長との再交渉が予定されている。
朝から、まどかたちは入念に交渉内容を煮詰めていた。
朝から、まどかたちは入念に交渉内容を煮詰めていた。
オレはと言うと、
オレはと言うと、
先週と変わらず資料に目を通す時間を送っていた。
先週と変わらず資料に目を通す時間を送っていた。
受験勉強以来だろう、
受験勉強以来だろう、
ここまで活字とにらめっこを続けたのは。
ここまで活字とにらめっこを続けたのは。
秀隆
秀隆
ちょっと、休憩するか
ちょっと、休憩するか
ずっと机に噛り付いていたので、身体が痛い。
ずっと机に噛り付いていたので、身体が痛い。
ふと顔をあげると、まどかたちの姿は見当たらなかった。
ふと顔をあげると、まどかたちの姿は見当たらなかった。
打ち合わせも万全になった、と言うことだろうか。
打ち合わせも万全になった、と言うことだろうか。
コーヒーでも飲もうと思い廊下へ。
コーヒーでも飲もうと思い廊下へ。
秀隆
秀隆
再交渉が上手く行くといいけどな……
再交渉が上手く行くといいけどな……
関わりが薄いとは言え、まどかの成功は願いたい。
関わりが薄いとは言え、まどかの成功は願いたい。
秀隆
秀隆
えーっと……
えーっと……
自販機の前で、どのコーヒーにするかで指が止まる。
自販機の前で、どのコーヒーにするかで指が止まる。
微糖にするか、無糖にするか……。
微糖にするか、無糖にするか……。
頭を使ってたから、少しは糖分を取った方がいいだろうか？
頭を使ってたから、少しは糖分を取った方がいいだろうか？
いやでもコーヒーはブラックに限るしな……。
いやでもコーヒーはブラックに限るしな……。
そんなしょーもないことで悩んでいると、
そんなしょーもないことで悩んでいると、
廊下にまどかの姿を見つけた。
廊下にまどかの姿を見つけた。
まどか
まどか
最近、よくここに足を運んでもらってるけど、何かあるの？
最近、よくここに足を運んでもらってるけど、何かあるの？
誰かと話しているようだ。
誰かと話しているようだ。
遠巻きにその様子を観察していると、
遠巻きにその様子を観察していると、
まどかと話している人物に、オレは見覚えがあった。
まどかと話している人物に、オレは見覚えがあった。
愛佳
愛佳
…………
…………
何か言いたげな顔でまどかを見ているが、口は一向に開かない。
何か言いたげな顔でまどかを見ているが、口は一向に開かない。
まどか
まどか
私たちも仕事をしているから、
私たちも仕事をしているから、
あまりゆっくりと付き合ってあげられないの
あまりゆっくりと付き合ってあげられないの
まどか
まどか
もし何かあるのなら、教えてくれないかしら？
もし何かあるのなら、教えてくれないかしら？
愛佳
愛佳
……やっぱり、何でもないです……
……やっぱり、何でもないです……
まどか
まどか
そうは見えないけれど？　ここ最近、よく顔を出してるじゃない
そうは見えないけれど？　ここ最近、よく顔を出してるじゃない
愛佳
愛佳
いえ、本当に、何もないです
いえ、本当に、何もないです
まどかに背を向け、帰ろうとする片桐。
まどかに背を向け、帰ろうとする片桐。
秀隆
秀隆
おいっ
おいっ
オレは思わず、声をかけてしまっていた。
オレは思わず、声をかけてしまっていた。
まどか
まどか
島津くん、もしかして、この子の知り合い？
島津くん、もしかして、この子の知り合い？
秀隆
秀隆
ああ、ちょっとな
ああ、ちょっとな
愛佳
愛佳
先生？　なんでここに！？
先生？　なんでここに！？
まどか
まどか
先生って……あぁそうか……この子、慶桜学園の子よね
先生って……あぁそうか……この子、慶桜学園の子よね
制服を見て、頷く。
制服を見て、頷く。
秀隆
秀隆
オレの教え子だ。おまえこそ平日の昼間に、何やってんだよ
オレの教え子だ。おまえこそ平日の昼間に、何やってんだよ
愛佳
愛佳
あ、うん……ちょっと……
あ、うん……ちょっと……
まどか
まどか
この子、ここ最近、特務官を尋ねて来てるのよ
この子、ここ最近、特務官を尋ねて来てるのよ
秀隆
秀隆
どう言うことだ？
どう言うことだ？
愛佳
愛佳
…………
…………
まどか
まどか
でも、こんな感じで何も話してくれなくて……
でも、こんな感じで何も話してくれなくて……
元教え子って言うなら話は早いわ。島津くんに対応をお願いしようかしら
元教え子って言うなら話は早いわ。島津くんに対応をお願いしようかしら
秀隆
秀隆
オレに？
オレに？
まどか
まどか
私は仕事もあるし。島津くんなら適任でしょ
私は仕事もあるし。島津くんなら適任でしょ
秀隆
秀隆
オレには仕事がない、ってか？
オレには仕事がない、ってか？
まどか
まどか
事実を述べたまでよ
事実を述べたまでよ
秀隆
秀隆
耳が痛いねぇ……
耳が痛いねぇ……
まどか
まどか
それじゃ、後はこのお兄さんに話してもらえる？
それじゃ、後はこのお兄さんに話してもらえる？
まどか
まどか
と言うことでお願いね
と言うことでお願いね
秀隆
秀隆
あ、ああ。それはいいけど
あ、ああ。それはいいけど
まどか
まどか
それからもうすぐお昼だから、
それからもうすぐお昼だから、
ついでにこの子と食べながら話してくるといいわ
ついでにこの子と食べながら話してくるといいわ
愛佳
愛佳
あ……
あ……
そう言うが早いか、まどかは待機室へと戻ってしまった。
そう言うが早いか、まどかは待機室へと戻ってしまった。
この場に残される二人。
この場に残される二人。
秀隆
秀隆
ちょっと外、歩くか
ちょっと外、歩くか
愛佳
愛佳
…………
…………
少し迷ったようだったが、片桐はオレの後をついてきた。
少し迷ったようだったが、片桐はオレの後をついてきた。
秀隆
秀隆
どうしたんだよ。直接特務官のところに来るなんてよっぽどだろ
どうしたんだよ。直接特務官のところに来るなんてよっぽどだろ
愛佳
愛佳
先生こそ、ここで何してるの？
先生こそ、ここで何してるの？
秀隆
秀隆
特務官になったんだよ、オレ
特務官になったんだよ、オレ
愛佳
愛佳
えええっ！　臨時教師がなれるような職業だっけ！？
えええっ！　臨時教師がなれるような職業だっけ！？
秀隆
秀隆
そんなに驚くことかよ……
そんなに驚くことかよ……
愛佳
愛佳
だって、ねぇ……？
だって、ねぇ……？
愛佳
愛佳
特務官って、就職が凄く難しいって聞くし
特務官って、就職が凄く難しいって聞くし
秀隆
秀隆
ま、そうな……
ま、そうな……
オレはコネ入社だし、驚かれるのも無理ない話か。
オレはコネ入社だし、驚かれるのも無理ない話か。
秀隆
秀隆
まだなりたての新米だけど、話くらいは聞いてやれるぞ
まだなりたての新米だけど、話くらいは聞いてやれるぞ
愛佳
愛佳
…………
…………
秀隆
秀隆
話してみ？
話してみ？
愛佳
愛佳
あの、さ
あの、さ
秀隆
秀隆
うん
うん
愛佳
愛佳
…………
…………
よっぽどの内容なのか、口を開きかけては閉じるを繰り返す。
よっぽどの内容なのか、口を開きかけては閉じるを繰り返す。
愛佳
愛佳
ごめん、やっぱり、何でもないの
ごめん、やっぱり、何でもないの
秀隆
秀隆
何でもなくないだろ。一人で思いつめるのはよくない
何でもなくないだろ。一人で思いつめるのはよくない
秀隆
秀隆
他言するなと言うなら、約束するぞ
他言するなと言うなら、約束するぞ
愛佳
愛佳
違う。そう、あたしの勘違い
違う。そう、あたしの勘違い
愛佳
愛佳
別に何でもないことだったんだ、ごめん……
別に何でもないことだったんだ、ごめん……
秀隆
秀隆
あ、おい！
あ、おい！
呼び止めようとしたが、片桐は逃げるように立ち去ってしまう。
呼び止めようとしたが、片桐は逃げるように立ち去ってしまう。
秀隆
秀隆
……なんだったんだ……？
……なんだったんだ……？
オレは小さくなっていく片桐の背中を見つめた。
オレは小さくなっていく片桐の背中を見つめた。
seキーン（耳鳴り）
seキーン（耳鳴り）
秀隆
秀隆
くっ……！
くっ……！
突然、キーンと頭の中で音が響いた。
突然、キーンと頭の中で音が響いた。
立ちくらみに似た感覚に襲われ、
立ちくらみに似た感覚に襲われ、
オレは思わず地面に膝をついてしまう。
オレは思わず地面に膝をついてしまう。
秀隆
秀隆
…………
…………
一瞬、ぞくりとするような気配。
一瞬、ぞくりとするような気配。
オレは―――こんな感覚を、何度も味わったことがある。
オレは―――こんな感覚を、何度も味わったことがある。
でも、何故今……？
でも、何故今……？
けして完治したとは言えないものの、
けして完治したとは言えないものの、
特に興奮するようなことはなかったはずだ。
特に興奮するようなことはなかったはずだ。
若干早く高鳴る心音に、不穏なものを感じながら、
若干早く高鳴る心音に、不穏なものを感じながら、
オレは官邸の中に戻ることにした。
オレは官邸の中に戻ることにした。
秀隆
秀隆
昼は……今日もひとりだな
昼は……今日もひとりだな
予め持参しておいたトウモロコシでも食べることにしよう。
予め持参しておいたトウモロコシでも食べることにしよう。
まどか
まどか
お待ちしておりました！
お待ちしておりました！
午後、片桐社長が特務官邸を訪れた。
午後、片桐社長が特務官邸を訪れた。
まどかや磯部くんたちが、慌しく動き回り、片桐社長を案内する。
まどかや磯部くんたちが、慌しく動き回り、片桐社長を案内する。
片桐
片桐
ここに来るのも久しぶりだよ
ここに来るのも久しぶりだよ
片桐
片桐
このピリッとした空気が中々、身を引き締めさせてくれるね
このピリッとした空気が中々、身を引き締めさせてくれるね
片桐
片桐
君たち若い特務官の元気を貰っていくことにしよう
君たち若い特務官の元気を貰っていくことにしよう
まどか
まどか
恐縮です。こちらへどうぞ
恐縮です。こちらへどうぞ
片桐
片桐
うむ
うむ
少し奥の会議室へと案内するまどかたち。
少し奥の会議室へと案内するまどかたち。
オレはその一部始終を、距離を置いた席から見つめていた。
オレはその一部始終を、距離を置いた席から見つめていた。
いやいや、オレはオレの仕事に集中しよう。
いやいや、オレはオレの仕事に集中しよう。
秀隆
秀隆
…………
…………
そう言いつつ、つい聞き耳を立ててしまったり―――。
そう言いつつ、つい聞き耳を立ててしまったり―――。
小さくも聞こえてくる交渉の会話。
小さくも聞こえてくる交渉の会話。
秀隆
秀隆
どう言う内容を
どう言う内容を
seゴロゴロ（お腹痛い）
seゴロゴロ（お腹痛い）
ゴロゴロ
ゴロゴロ
秀隆
秀隆
うっ……
うっ……
突如、集中していたオレのお腹を刺激が襲った。
突如、集中していたオレのお腹を刺激が襲った。
秀隆
秀隆
まさか、今日もかよ……！
まさか、今日もかよ……！
慌てて席を立ち、トイレへと急いだ。
慌てて席を立ち、トイレへと急いだ。
…………。
…………。
……。
……。
それから、３０分ほどトイレで格闘を続け、部屋に戻ってくる。
それから、３０分ほどトイレで格闘を続け、部屋に戻ってくる。
すると突如、まどかの声が耳に届いた。
すると突如、まどかの声が耳に届いた。
まどか
まどか
片桐社長の仰るお気持ちも重々承知しておりますが、
片桐社長の仰るお気持ちも重々承知しておりますが、
街に住む人々のことも考え、何とかこの内容で契約を
街に住む人々のことも考え、何とかこの内容で契約を
片桐
片桐
これ以上話しても、平行線は変わらないよ
これ以上話しても、平行線は変わらないよ
片桐社長が奥から姿を見せる。
片桐社長が奥から姿を見せる。
パッとみただけでも、交渉が決まったようには見えない。
パッとみただけでも、交渉が決まったようには見えない。
オレがトイレで格闘している間に、交渉は終わってしまったようだ。
オレがトイレで格闘している間に、交渉は終わってしまったようだ。
片桐
片桐
残念だが、その内容で契約することは出来ない
残念だが、その内容で契約することは出来ない
まどか
まどか
……そこを何とか……！
……そこを何とか……！
片桐
片桐
やれやれ、参ったな……。
やれやれ、参ったな……。
竹内さんは、君たちだけに託したのかね？
竹内さんは、君たちだけに託したのかね？
まどか
まどか
と、仰いますと……？
と、仰いますと……？
片桐
片桐
今回の件、本当に彼は君たちに任せたのか、と
今回の件、本当に彼は君たちに任せたのか、と
まどか
まどか
……はい。竹内特務官は関係しておりません
……はい。竹内特務官は関係しておりません
片桐
片桐
まぁ、そうだろうね……
まぁ、そうだろうね……
片桐
片桐
そうでなければ、こんなことはありえない
そうでなければ、こんなことはありえない
まどか
まどか
えっ……？
えっ……？
片桐
片桐
いや、君たちの熱意は、痛いほど良く分かる。
いや、君たちの熱意は、痛いほど良く分かる。
私だって、同じ街の者に金の亡者だと思われたいわけじゃない
私だって、同じ街の者に金の亡者だと思われたいわけじゃない
片桐
片桐
しかし商売人だ。利を無視して情だけを取ることは出来ない
しかし商売人だ。利を無視して情だけを取ることは出来ない
まどか
まどか
…………
…………
片桐
片桐
だから今日は少し違うものを期待したのだが、
だから今日は少し違うものを期待したのだが、
このままではその期待も、空回りだったようだね
このままではその期待も、空回りだったようだね
まどか
まどか
あ、あの、違うもの、とは……？
あ、あの、違うもの、とは……？
まどか
まどか
私たちに問題があるようなら、必ず改善致しますっ
私たちに問題があるようなら、必ず改善致しますっ
片桐
片桐
それを私に聞くようじゃダメだろう
それを私に聞くようじゃダメだろう
片桐
片桐
君たちは特務官と言う、立派な公務員なのかも知れない。
君たちは特務官と言う、立派な公務員なのかも知れない。
でも、私が民間企業の人間であることを失念している
でも、私が民間企業の人間であることを失念している
片桐
片桐
その違いを理解しないうちは、
その違いを理解しないうちは、
私との交渉だけでなく、よそでも難航することになるだろう
私との交渉だけでなく、よそでも難航することになるだろう
片桐
片桐
では、そろそろ失礼させていただこうかな
では、そろそろ失礼させていただこうかな
まどか
まどか
か、片桐社長！？
か、片桐社長！？
片桐
片桐
はっきり言って残念だが、
はっきり言って残念だが、
交渉決裂の旨、竹内さんに話をさせてもらう
交渉決裂の旨、竹内さんに話をさせてもらう
まどか
まどか
っ！
っ！
磯部
磯部
何とか、もう一度交渉の機会を！
何とか、もう一度交渉の機会を！
追いすがろうとするまどかと磯部に、片桐は口を開いた。
追いすがろうとするまどかと磯部に、片桐は口を開いた。
片桐
片桐
これ以上は、礼儀の外だよ。わかるかね？
これ以上は、礼儀の外だよ。わかるかね？
磯部
磯部
う……
う……
重苦しい空気が、室内に充満する。
重苦しい空気が、室内に充満する。
片桐
片桐
では
では
そして、扉の向こうに片桐社長は姿を消した。
そして、扉の向こうに片桐社長は姿を消した。
その場に立ち尽くすまどか。
その場に立ち尽くすまどか。
その少し後ろで、磯部くんが悔しそうな顔をしていた。
その少し後ろで、磯部くんが悔しそうな顔をしていた。
まどか
まどか
皆……ごめん……
皆……ごめん……
そうポツリと漏らし、まどかは静かに部屋を後にした。
そうポツリと漏らし、まどかは静かに部屋を後にした。
磯部
磯部
まどかっ
まどかっ
秀隆
秀隆
あの
あの
後を追おうとする磯部くんを止めようと、腕を掴む。
後を追おうとする磯部くんを止めようと、腕を掴む。
磯部
磯部
なんだよこの手は、部外者
なんだよこの手は、部外者
パンと掴んだ腕を払われた。
パンと掴んだ腕を払われた。
秀隆
秀隆
今はひとりにしておいた方がいいかと
今はひとりにしておいた方がいいかと
磯部
磯部
あ？　何様だよおまえは
あ？　何様だよおまえは
秀隆
秀隆
誰だって、独りになりたい時はある
誰だって、独りになりたい時はある
磯部
磯部
うぜぇな……俺はあいつの
うぜぇな……俺はあいつの
秀隆
秀隆
どういう関係であるかは、今は関係ありません。
どういう関係であるかは、今は関係ありません。
そっとしておいたほうがいいんじゃないですか
そっとしておいたほうがいいんじゃないですか
磯部
磯部
うるせぇ。邪魔するな
うるせぇ。邪魔するな
オレを押しのけようとして伸ばしてきた腕を掴む。
オレを押しのけようとして伸ばしてきた腕を掴む。
秀隆
秀隆
お願いします
お願いします
磯部
磯部
てめぇ……
てめぇ……
引き抜こうとした腕を、オレは掴んで離さない。
引き抜こうとした腕を、オレは掴んで離さない。
磯部
磯部
離せ
離せ
秀隆
秀隆
お願いします
お願いします
磯部
磯部
けっ……わかったから、さっさと離せ
けっ……わかったから、さっさと離せ
秀隆
秀隆
はい。申し訳ありません
はい。申し訳ありません
磯部
磯部
てめぇが厄を運んできたんじゃねえだろなっ
てめぇが厄を運んできたんじゃねえだろなっ
秀隆
秀隆
…………
…………
強烈な睨みを受け、磯部くんは机に資料をたたきつけた。
強烈な睨みを受け、磯部くんは机に資料をたたきつけた。
磯部
磯部
……結局竹内特務官がいなけりゃ、
……結局竹内特務官がいなけりゃ、
俺たちは交渉のひとつも満足に出来ないんだよ
俺たちは交渉のひとつも満足に出来ないんだよ
磯部
磯部
くそがっ
くそがっ
暫くして、まどかが戻ってきた。
暫くして、まどかが戻ってきた。
磯部くんはすぐに声をかけにいったが、
磯部くんはすぐに声をかけにいったが、
少しして自分の席に戻っていった。
少しして自分の席に戻っていった。
目を赤くした彼女を見て、話しかけるのをやめたのだろう。
目を赤くした彼女を見て、話しかけるのをやめたのだろう。
特務官女性２
特務官女性２
失礼します
失礼します
そういい、一人の特務官が入ってきた。
そういい、一人の特務官が入ってきた。
この部屋の人間ではない。
この部屋の人間ではない。
特務官女性２
特務官女性２
佐々野さん……磯部さん、竹内特務官がお呼びです
佐々野さん……磯部さん、竹内特務官がお呼びです
どうやら、特務官の先輩らしい。
どうやら、特務官の先輩らしい。
まどか
まどか
……分かりました。すぐに行きます
……分かりました。すぐに行きます
磯部
磯部
…………
…………
特務官女性２
特務官女性２
それから島津さんも、呼ばれています
それから島津さんも、呼ばれています
秀隆
秀隆
え？　オレも？
え？　オレも？
まどか
まどか
彼は今回の件には関係ないわ
彼は今回の件には関係ないわ
特務官女性２
特務官女性２
そういわれましても……とにかく、お伝えしましたので
そういわれましても……とにかく、お伝えしましたので
秀隆
秀隆
は、はぁ
は、はぁ
良く分からないが、呼ばれた以上何かあるんだろう。
良く分からないが、呼ばれた以上何かあるんだろう。
いきなりクビってことはないと思うが……。
いきなりクビってことはないと思うが……。
もっとも、オレの不安などまどかたちに比べれば些細なものか。
もっとも、オレの不安などまどかたちに比べれば些細なものか。
竹内
竹内
…………
…………
室内に入ると、唐沢さんと竹内氏が神妙な面持ちで腰掛けている。
室内に入ると、唐沢さんと竹内氏が神妙な面持ちで腰掛けている。
もちろん、片桐社長からの報告を受けてのことだろう。
もちろん、片桐社長からの報告を受けてのことだろう。
まどかたちは平静を装ってはいたが、
まどかたちは平静を装ってはいたが、
その表情に覇気がないことは目に見えて明らかだ。
その表情に覇気がないことは目に見えて明らかだ。
竹内
竹内
経緯は、今しがた片桐社長の方より受けた
経緯は、今しがた片桐社長の方より受けた
まどか
まどか
申し訳御座いませんでした！
申し訳御座いませんでした！
磯部
磯部
申し訳御座いません！
申し訳御座いません！
竹内特務官が口を開くとほぼ同時に、２人が頭を下げた。
竹内特務官が口を開くとほぼ同時に、２人が頭を下げた。
それを見た竹内特務官は、手でそれを制止する。
それを見た竹内特務官は、手でそれを制止する。
竹内
竹内
私は叱るために、ここに呼びつけたわけではない
私は叱るために、ここに呼びつけたわけではない
竹内
竹内
君たちが初めから、完璧に仕事をこなせるとは思っていないよ
君たちが初めから、完璧に仕事をこなせるとは思っていないよ
竹内
竹内
顔をあげなさい
顔をあげなさい
磯部
磯部
あ、ありがとうございますっ
あ、ありがとうございますっ
ほっと胸を撫で下ろし、２人は再度、そして深々と頭を下げる。
ほっと胸を撫で下ろし、２人は再度、そして深々と頭を下げる。
竹内
竹内
しかし、この問題を放置するわけには行かない
しかし、この問題を放置するわけには行かない
竹内
竹内
このまま交渉が決裂すれば、
このまま交渉が決裂すれば、
街にとっての損害は計り知れないものになるだろう
街にとっての損害は計り知れないものになるだろう
まどか
まどか
はい……
はい……
まどか
まどか
期待に応えられず、ご迷惑おかけしました……
期待に応えられず、ご迷惑おかけしました……
竹内
竹内
これ以上謝る必要はない。それより……
これ以上謝る必要はない。それより……
竹内氏が、軽く咳払いをする。
竹内氏が、軽く咳払いをする。
今までよりも、ぐっとその場の空気が重たくなった。
今までよりも、ぐっとその場の空気が重たくなった。
竹内
竹内
今回交渉が失敗した原因が何か、君たちは分かっているかね？
今回交渉が失敗した原因が何か、君たちは分かっているかね？
竹内
竹内
佐々野くん
佐々野くん
まどか
まどか
は、はいっ
は、はいっ
竹内
竹内
今回何故、君は交渉が決裂に終わったと思う？
今回何故、君は交渉が決裂に終わったと思う？
まどか
まどか
予算を切り詰める良案が思い浮かばず、
予算を切り詰める良案が思い浮かばず、
片桐社長の提示する％で、お答えできませんでした
片桐社長の提示する％で、お答えできませんでした
まどか
まどか
それと、交渉への熱意も足りなかったと思います……
それと、交渉への熱意も足りなかったと思います……
竹内
竹内
なるほど……磯部くんは？
なるほど……磯部くんは？
磯部
磯部
自分も佐々野特務官と同じです。
自分も佐々野特務官と同じです。
４０％にたどり着けるよう、もっと努力すべきでした……
４０％にたどり着けるよう、もっと努力すべきでした……
竹内
竹内
ふむ……しかしながら、
ふむ……しかしながら、
私は君たちが用意した２７％と言う数値を高く評価している
私は君たちが用意した２７％と言う数値を高く評価している
竹内
竹内
赤字ラインギリギリとは言え、よく捻出できた、とね
赤字ラインギリギリとは言え、よく捻出できた、とね
竹内
竹内
ここに私が知恵を貸しても、恐らく３０％を超えることは不可能だろう
ここに私が知恵を貸しても、恐らく３０％を超えることは不可能だろう
まどか
まどか
…………
…………
竹内
竹内
つまり、君たちの考えでいくとすれば、
つまり、君たちの考えでいくとすれば、
どう足掻いても交渉が成功することはない、と言うことになる
どう足掻いても交渉が成功することはない、と言うことになる
竹内
竹内
佐々野くんの言う熱意で、１０％を埋められると言うなら話は別だがね
佐々野くんの言う熱意で、１０％を埋められると言うなら話は別だがね
まどか
まどか
っ……
っ……
竹内
竹内
磯部くん。熱意で１０％は埋まると思うかね？
磯部くん。熱意で１０％は埋まると思うかね？
磯部
磯部
それは……
それは……
磯部
磯部
分かりません……申し訳ありません……
分かりません……申し訳ありません……
竹内
竹内
先ほども言ったが、私は責めているわけではない。
先ほども言ったが、私は責めているわけではない。
君たちに成長してもらうために、勝つ術を覚えてもらいたいだけだ
君たちに成長してもらうために、勝つ術を覚えてもらいたいだけだ
竹内
竹内
つまり
つまり
竹内特務官は２人を見た後、オレへと一度視線を向けた。
竹内特務官は２人を見た後、オレへと一度視線を向けた。
ひょっとしたら、オレにも何か聞いてくるかと思ったが、すぐに視線が外れる。
ひょっとしたら、オレにも何か聞いてくるかと思ったが、すぐに視線が外れる。
竹内
竹内
すまないが、佐々野くんと磯部くんは、いったん下がってくれ
すまないが、佐々野くんと磯部くんは、いったん下がってくれ
まどか
まどか
は、はいっ
は、はいっ
竹内
竹内
島津くんは、悪いけど少し残ってもらえるかな
島津くんは、悪いけど少し残ってもらえるかな
秀隆
秀隆
……分かりました
……分かりました
秀隆
秀隆
あの、自分に何か？
あの、自分に何か？
２人がいなくなると、
２人がいなくなると、
よりこの場がピリッとした空気に包まれた。
よりこの場がピリッとした空気に包まれた。
それぞれがオレをじっと見つめている。
それぞれがオレをじっと見つめている。
オレだけが取り残される理由に心当たりはなかった。
オレだけが取り残される理由に心当たりはなかった。
それに竹内特務官は、まだまどかたちに何かを言うつもりだったように思える。
それに竹内特務官は、まだまどかたちに何かを言うつもりだったように思える。
それを切り上げてまで、オレに話すことがあるって言うのか？
それを切り上げてまで、オレに話すことがあるって言うのか？
竹内
竹内
どう思うかね？
どう思うかね？
秀隆
秀隆
どう思う、ですか？
どう思う、ですか？
竹内
竹内
佐々野くんや磯部くんたちの発言についてだ
佐々野くんや磯部くんたちの発言についてだ
秀隆
秀隆
自分はまだ入りたてで、分からないことも多いです
自分はまだ入りたてで、分からないことも多いです
唐沢
唐沢
君の感じたことを教えて欲しいだけさ
君の感じたことを教えて欲しいだけさ
唐沢
唐沢
ここでのことは他言しないから、安心してくれていいよ
ここでのことは他言しないから、安心してくれていいよ
竹内
竹内
今日の交渉の場に君は居たのかね？
今日の交渉の場に君は居たのかね？
秀隆
秀隆
いえ、直接の参加はさせていただいておりませんが、
いえ、直接の参加はさせていただいておりませんが、
一通りの流れは把握しているつもりです
一通りの流れは把握しているつもりです
竹内
竹内
……ふむ
……ふむ
竹内
竹内
私は、今回の一件、彼女らに交渉方法を問わず任せた
私は、今回の一件、彼女らに交渉方法を問わず任せた
竹内
竹内
もちろん失敗する可能性も考慮した上でだ
もちろん失敗する可能性も考慮した上でだ
決裂する可能性も、当然最初から予想していた、ってことか？
決裂する可能性も、当然最初から予想していた、ってことか？
秀隆
秀隆
この失敗で、街の負担が大きなものになるとしても一任した、と？
この失敗で、街の負担が大きなものになるとしても一任した、と？
竹内
竹内
彼女たちも入社して２年が過ぎる。不思議な話ではないよ
彼女たちも入社して２年が過ぎる。不思議な話ではないよ
竹内
竹内
それに誰にでも出来る仕事を任せて、人が成長すると思うかね
それに誰にでも出来る仕事を任せて、人が成長すると思うかね
秀隆
秀隆
思えません……
思えません……
責任がある仕事をやって、初めて人は成長する。
責任がある仕事をやって、初めて人は成長する。
竹内
竹内
私は彼女たちがどんな交渉を行ったか想像することが出来る
私は彼女たちがどんな交渉を行ったか想像することが出来る
竹内
竹内
片桐社長の提示した数字だけに振り回され、交渉の場に望んだのだろう
片桐社長の提示した数字だけに振り回され、交渉の場に望んだのだろう
竹内
竹内
１％の数字を捻出することだけにこだわったが故に、失敗した
１％の数字を捻出することだけにこだわったが故に、失敗した
竹内
竹内
先ほどの弁明も、ただ数字のことだけに捕らわれていたようにね
先ほどの弁明も、ただ数字のことだけに捕らわれていたようにね
竹内
竹内
もちろんそれ自体は大切なことだ。
もちろんそれ自体は大切なことだ。
しかし、それだけでは、どうやっても交渉を成功させることは
しかし、それだけでは、どうやっても交渉を成功させることは
出来ない
出来ない
竹内
竹内
まぁ、この話は君にとっては然程重要ではない。
まぁ、この話は君にとっては然程重要ではない。
問題は、この失敗をどうやって取り返すかにある
問題は、この失敗をどうやって取り返すかにある
竹内
竹内
言うなれば、ここまでは予定調和だったということだ
言うなれば、ここまでは予定調和だったということだ
秀隆
秀隆
…………
…………
竹内
竹内
では本題に入ろう
では本題に入ろう
竹内氏がソファーに背中を預け、ぎしっと鳴った。
竹内氏がソファーに背中を預け、ぎしっと鳴った。
竹内
竹内
佐々野くんたちには、決定的に足りていないものが幾つかある
佐々野くんたちには、決定的に足りていないものが幾つかある
竹内
竹内
それが何か、１つでも君に分かったかね？
それが何か、１つでも君に分かったかね？
秀隆
秀隆
なぜ、それを自分に……？
なぜ、それを自分に……？
竹内
竹内
唐沢さんが、君を随分と買っているようでね。
唐沢さんが、君を随分と買っているようでね。
君には答えが見えているんじゃないかと言うんだ
君には答えが見えているんじゃないかと言うんだ
後ろで、唐沢さんが小さく笑った。
後ろで、唐沢さんが小さく笑った。
秀隆
秀隆
……買いかぶりすぎ、ですね
……買いかぶりすぎ、ですね
竹内
竹内
買いかぶり結構。そう思われるだけでも大事なことだ
買いかぶり結構。そう思われるだけでも大事なことだ
竹内
竹内
本来なら、この話は最初に佐々野くんが聞いているはずだった。
本来なら、この話は最初に佐々野くんが聞いているはずだった。
だが、今私の話を聞いているのは佐々野くんではなく、君だ
だが、今私の話を聞いているのは佐々野くんではなく、君だ
竹内
竹内
私は入社したばかりの君にチャンスを与えてみたくなったんだよ
私は入社したばかりの君にチャンスを与えてみたくなったんだよ
秀隆
秀隆
…………
…………
竹内
竹内
君はそのチャンスを、簡単に無駄とするのかね？
君はそのチャンスを、簡単に無駄とするのかね？
その程度の男なのか？　そう言いたげだ。
その程度の男なのか？　そう言いたげだ。
入社して数日のオレに、何とも大きなハードルを……。
入社して数日のオレに、何とも大きなハードルを……。
竹内
竹内
もし思うことがあるのなら遠慮なく発言したまえ
もし思うことがあるのなら遠慮なく発言したまえ
竹内
竹内
もし間違っていたとしても、ペナルティは何もない。
もし間違っていたとしても、ペナルティは何もない。
私は佐々野くんたちをここに呼び戻し、同じことを説明するだけだからね
私は佐々野くんたちをここに呼び戻し、同じことを説明するだけだからね
オレは少しだけ間を置いた後、口を開いた。
オレは少しだけ間を置いた後、口を開いた。
秀隆
秀隆
竹内特務官が仰るように、少々思うところはありました
竹内特務官が仰るように、少々思うところはありました
竹内
竹内
ほう？　言ってみてくれないか
ほう？　言ってみてくれないか
秀隆
秀隆
片桐社長に初めてお会いした時、交渉は決裂に終わりました。
片桐社長に初めてお会いした時、交渉は決裂に終わりました。
ですが、改めて再交渉の場を設けても良いと言い、
ですが、改めて再交渉の場を設けても良いと言い、
来週月曜日の午後１時にこちらに伺うと仰いました
来週月曜日の午後１時にこちらに伺うと仰いました
竹内
竹内
それ自体は不思議なことではないだろう。
それ自体は不思議なことではないだろう。
事実こうして、今日片桐社長は交渉の場にやって来た
事実こうして、今日片桐社長は交渉の場にやって来た
秀隆
秀隆
私が気になったのは、片桐社長のその後の発言です。
私が気になったのは、片桐社長のその後の発言です。
社長は『月曜日は丸々一日空いている』と付け足したんです
社長は『月曜日は丸々一日空いている』と付け足したんです
秀隆
秀隆
普通そのようなことは言ません。
普通そのようなことは言ません。
午後１時に向かうと伝えるだけで十分ですから
午後１時に向かうと伝えるだけで十分ですから
秀隆
秀隆
その発言の真意は、恐らく交渉に関すること以外で、
その発言の真意は、恐らく交渉に関すること以外で、
特務官の対応がどんなものか見たかったのではないかと
特務官の対応がどんなものか見たかったのではないかと
秀隆
秀隆
つまり『接待』を受けたかったんじゃないかと思いました
つまり『接待』を受けたかったんじゃないかと思いました
竹内
竹内
…………
…………
秀隆
秀隆
その裏づけとして、４０％と言う上乗せの希望額も気になります
その裏づけとして、４０％と言う上乗せの希望額も気になります
秀隆
秀隆
この％では、明らかに予算をオーバーする上、他のプラントよりも高い
この％では、明らかに予算をオーバーする上、他のプラントよりも高い
秀隆
秀隆
片桐食糧プラントの製品は水準が高いですが、
片桐食糧プラントの製品は水準が高いですが、
それは４０％と言う上乗せをされてまで維持するレベルではありません
それは４０％と言う上乗せをされてまで維持するレベルではありません
秀隆
秀隆
普通ここまで強気に出れば、他社に乗り換えられるのがオチです
普通ここまで強気に出れば、他社に乗り換えられるのがオチです
秀隆
秀隆
それはドリームタウンであっても例外ではないでしょう。
それはドリームタウンであっても例外ではないでしょう。
であるとするなら、この数値は現実的なものではなく、偽りのもの
であるとするなら、この数値は現実的なものではなく、偽りのもの
秀隆
秀隆
隠された真意を見つけ出すための、
隠された真意を見つけ出すための、
片桐社長なりのヒントではないか、と
片桐社長なりのヒントではないか、と
片桐社長はこのままドリームタウンと独占交渉のような真似事をしてもいい。
片桐社長はこのままドリームタウンと独占交渉のような真似事をしてもいい。
だが、ホープタウンを思うがために、チャンスを与えてくれたんだろう。
だが、ホープタウンを思うがために、チャンスを与えてくれたんだろう。
オレたち特務官の熱意を感じたかったんだ。
オレたち特務官の熱意を感じたかったんだ。
秀隆
秀隆
それで思いついたのが、接待です
それで思いついたのが、接待です
そう言った瞬間、２人の表情が強張った。
そう言った瞬間、２人の表情が強張った。
竹内
竹内
接待、か
接待、か
竹内
竹内
それが君の思ったこと、かね？
それが君の思ったこと、かね？
秀隆
秀隆
はい。１０％の熱意に代わるものだと思います
はい。１０％の熱意に代わるものだと思います
即答する。
即答する。
反感を買うかもしれないが、
反感を買うかもしれないが、
オレが感じた事実はありのままに伝えなければならない。
オレが感じた事実はありのままに伝えなければならない。
竹内
竹内
その考えを佐々野くんたちには？
その考えを佐々野くんたちには？
秀隆
秀隆
一切報告していません。
一切報告していません。
特務官が接待をするというのは、精神論に反するだろうと
特務官が接待をするというのは、精神論に反するだろうと
竹内
竹内
その通りだ。接待してはどうか？
その通りだ。接待してはどうか？
と言えば佐々野くんたちは反論しただろうね
と言えば佐々野くんたちは反論しただろうね
竹内
竹内
特務官と言う職業が如何なるものか分かっているのか、と
特務官と言う職業が如何なるものか分かっているのか、と
秀隆
秀隆
…………
…………
竹内
竹内
それは私も同意見だ。我々は民間企業ではないのだよ
それは私も同意見だ。我々は民間企業ではないのだよ
やや怒気を含んだ言葉だった。
やや怒気を含んだ言葉だった。
オレは続ける。
オレは続ける。
秀隆
秀隆
民間企業でなくとも、
民間企業でなくとも、
時と場合によっては必要ではないかと思います。
時と場合によっては必要ではないかと思います。
これが違法ならまだしも、接待は合法ですから
これが違法ならまだしも、接待は合法ですから
秀隆
秀隆
片桐社長は一代社長であり、
片桐社長は一代社長であり、
リーダーシップ性の強い方だと把握しています。
リーダーシップ性の強い方だと把握しています。
そう言う方は接待を好む傾向にあるのではないでしょうか
そう言う方は接待を好む傾向にあるのではないでしょうか
秀隆
秀隆
自分の功績を持ち上げられ、
自分の功績を持ち上げられ、
尊敬され、褒められることを望むはずです
尊敬され、褒められることを望むはずです
秀隆
秀隆
それから、竹内特務官が、
それから、竹内特務官が、
片桐社長と交渉されていた際の資料を拝見しました
片桐社長と交渉されていた際の資料を拝見しました
秀隆
秀隆
それらで計上されているお金の中には、
それらで計上されているお金の中には、
必要経費としては少々多すぎる金額が使われております
必要経費としては少々多すぎる金額が使われております
秀隆
秀隆
恐らく、交渉の際に接待費として使用されたのだと思いました
恐らく、交渉の際に接待費として使用されたのだと思いました
竹内
竹内
君は特務官である私が、裏で片桐氏を接待していた、と言いたいのか
君は特務官である私が、裏で片桐氏を接待していた、と言いたいのか
秀隆
秀隆
はい
はい
竹内
竹内
…………
…………
オレの視線は、竹内氏と交わったままだ。
オレの視線は、竹内氏と交わったままだ。
逸らさずに何かを探ろうと見つめ続けている。
逸らさずに何かを探ろうと見つめ続けている。
唐沢
唐沢
どう思う、竹内くん
どう思う、竹内くん
竹内
竹内
いやはや……
いやはや……
竹内
竹内
物言いには少々引っかかるものの、面白いですね
物言いには少々引っかかるものの、面白いですね
唐沢
唐沢
だろう？
だろう？
重かった空気が、ふっと軽くなる。
重かった空気が、ふっと軽くなる。
竹内
竹内
怖がらせてすまなかったね、驚かせただろう？
怖がらせてすまなかったね、驚かせただろう？
秀隆
秀隆
いえ
いえ
一瞬本当に怒っているかと思ったが、
一瞬本当に怒っているかと思ったが、
竹内氏の目には怒りが宿ってはいなかった。
竹内氏の目には怒りが宿ってはいなかった。
だから、オレはここまで冷静に話すことができた。
だから、オレはここまで冷静に話すことができた。
竹内
竹内
その接待と言う考えが、
その接待と言う考えが、
どれほどの意思を持っていたのか知りたかったんだ
どれほどの意思を持っていたのか知りたかったんだ
竹内
竹内
軽はずみに思い付きを言っただけなのか、本心からそう言ったのか
軽はずみに思い付きを言っただけなのか、本心からそう言ったのか
そこにはどんな狙いがあったというのだろう。
そこにはどんな狙いがあったというのだろう。
竹内
竹内
仮にその接待と言う方法を
仮にその接待と言う方法を
今から佐々野くんたちが取ったとして、
今から佐々野くんたちが取ったとして、
交渉をまとめさせることが出来ると思うかね？
交渉をまとめさせることが出来ると思うかね？
秀隆
秀隆
……今の段階では、契約を結び付けられるとは思えません
……今の段階では、契約を結び付けられるとは思えません
秀隆
秀隆
後手に回ってしまった今、接待の効果は薄いでしょう
後手に回ってしまった今、接待の効果は薄いでしょう
秀隆
秀隆
ですが、再交渉の席に着かせる、
ですが、再交渉の席に着かせる、
と言うところまでなら現実味はあると考えます
と言うところまでなら現実味はあると考えます
竹内
竹内
島津くん
島津くん
秀隆
秀隆
はい
はい
竹内
竹内
君は、中々面白い発想をする
君は、中々面白い発想をする
竹内
竹内
ロジックも悪くない。いや、よく出来ている
ロジックも悪くない。いや、よく出来ている
竹内
竹内
とても新人とは思えないよ
とても新人とは思えないよ
にっこりと笑い、竹内氏は頷いた。
にっこりと笑い、竹内氏は頷いた。
竹内
竹内
特務官というものは、皆堅物が多い
特務官というものは、皆堅物が多い
竹内
竹内
柔軟な発想を持つことが出来ない。
柔軟な発想を持つことが出来ない。
考えてみれば当たり前のことにも、考えが回らないのだ
考えてみれば当たり前のことにも、考えが回らないのだ
竹内
竹内
彼女らの頭の中には『接待』の文字すら浮かんではいないだろう
彼女らの頭の中には『接待』の文字すら浮かんではいないだろう
竹内
竹内
如何に会議の場で納得させられるか、
如何に会議の場で納得させられるか、
と言う部分でしか、片桐社長と向き合うことが出来ない
と言う部分でしか、片桐社長と向き合うことが出来ない
竹内
竹内
私が交渉の裏で必死に接待をしているなどとは、
私が交渉の裏で必死に接待をしているなどとは、
夢にも思っていないだろうね
夢にも思っていないだろうね
竹内
竹内
もっとも、接待するべきだと説いたところで、
もっとも、接待するべきだと説いたところで、
彼女らには、満足な接待をすることすら出来ないだろうが
彼女らには、満足な接待をすることすら出来ないだろうが
唐沢
唐沢
島津くん。断っておくが
島津くん。断っておくが
僕らは佐々野くんたちを軽んじているわけではないよ
僕らは佐々野くんたちを軽んじているわけではないよ
唐沢
唐沢
彼女らは良くやっている
彼女らは良くやっている
秀隆
秀隆
それは理解しています。そうでなければ、
それは理解しています。そうでなければ、
佐々野特務官たちに企画を任せたりしないと思います
佐々野特務官たちに企画を任せたりしないと思います
唐沢
唐沢
竹内くんは、養成学校での教育方針に異論を唱えているんだ。
竹内くんは、養成学校での教育方針に異論を唱えているんだ。
でも、そう簡単には方針を変えられない
でも、そう簡単には方針を変えられない
唐沢
唐沢
だから僕は、今すぐ君のような発想をもてる人材が欲しかった
だから僕は、今すぐ君のような発想をもてる人材が欲しかった
秀隆
秀隆
…………
…………
竹内
竹内
接待はしないに越したことはない。
接待はしないに越したことはない。
交渉の場のみで決められれば、それ以上のことはないからだ
交渉の場のみで決められれば、それ以上のことはないからだ
竹内
竹内
しかし人間と言うのは一筋縄では行かない。
しかし人間と言うのは一筋縄では行かない。
思い通りにならないことの方が多いくらいだ
思い通りにならないことの方が多いくらいだ
竹内
竹内
だから『接待』と言う言葉や意味が存在する
だから『接待』と言う言葉や意味が存在する
秀隆
秀隆
…………
…………
唐沢
唐沢
どうだろう竹内くん。彼に任せてみる、と言うのは
どうだろう竹内くん。彼に任せてみる、と言うのは
竹内
竹内
私も今、それを考えていました。
私も今、それを考えていました。
島津くん、君に片桐社長を接待できるかね
島津くん、君に片桐社長を接待できるかね
秀隆
秀隆
自分が、ですか……
自分が、ですか……
竹内
竹内
無理かね？
無理かね？
秀隆
秀隆
いえ……
いえ……
どうだろうか。
どうだろうか。
自信があると言えばうそになる。
自信があると言えばうそになる。
でも、全く出来ないかと言われればそうでもない。
でも、全く出来ないかと言われればそうでもない。
これは特務官の技量だけを問われているものではない。
これは特務官の技量だけを問われているものではない。
それは今のオレにも可能性があるものと言えるだろう。
それは今のオレにも可能性があるものと言えるだろう。
秀隆
秀隆
自分にやらせてください。片桐社長の接待を
自分にやらせてください。片桐社長の接待を
竹内
竹内
では今すぐ、どのように接待すべきか煮詰めてもらいたい
では今すぐ、どのように接待すべきか煮詰めてもらいたい
竹内
竹内
遅くとも夕方までに、まとめて報告をしてくれ
遅くとも夕方までに、まとめて報告をしてくれ
竹内
竹内
その上で我々を納得させるプランを
その上で我々を納得させるプランを
立てることが出来たなら、君に一任してみようじゃないか
立てることが出来たなら、君に一任してみようじゃないか
秀隆
秀隆
竹内特務官
竹内特務官
竹内
竹内
ん？
ん？
秀隆
秀隆
片桐社長は無類のお酒好きだと把握しております
片桐社長は無類のお酒好きだと把握しております
竹内
竹内
……ほう
……ほう
秀隆
秀隆
また女性についても、
また女性についても、
積極的に受け入れる方だと思います
積極的に受け入れる方だと思います
彼の妻は他界している。
彼の妻は他界している。
それに、先日のまどかに対する態度を見れば、
それに、先日のまどかに対する態度を見れば、
女性に興味がない、と言うことはありえないだろう。
女性に興味がない、と言うことはありえないだろう。
秀隆
秀隆
ただ、今回は普通の接待とは行きません。
ただ、今回は普通の接待とは行きません。
片桐社長を怒らせている手前、
片桐社長を怒らせている手前、
普通のお酒と女性を付けただけでは少々不安も残ります
普通のお酒と女性を付けただけでは少々不安も残ります
秀隆
秀隆
相手を怒らせたときには、手土産の１つでも持っていくのが
相手を怒らせたときには、手土産の１つでも持っていくのが
本当の付き合いと言うものでしょう
本当の付き合いと言うものでしょう
竹内
竹内
その手土産、なにか考えがありそうだね
その手土産、なにか考えがありそうだね
秀隆
秀隆
はい。もし唐沢さんの方に問題がなければ、
はい。もし唐沢さんの方に問題がなければ、
夢風月』を１本頂くことは出来ないでしょうか
夢風月』を１本頂くことは出来ないでしょうか
秀隆
秀隆
非常に希少価値の高いお酒と聞いております。
非常に希少価値の高いお酒と聞いております。
お酒に目のない片桐社長にお渡しすれば、喜んで頂けるでしょう
お酒に目のない片桐社長にお渡しすれば、喜んで頂けるでしょう
唐沢
唐沢
…………
…………
目を丸くした唐沢さんが、竹内氏を見やる。
目を丸くした唐沢さんが、竹内氏を見やる。
秀隆
秀隆
これまでの非礼を詫びる為には、
これまでの非礼を詫びる為には、
少々反則じみた裏技が必要かと思いまして
少々反則じみた裏技が必要かと思いまして
唐沢
唐沢
ははは、参ったな。それは竹内くんと飲もうと思っていたんだが
ははは、参ったな。それは竹内くんと飲もうと思っていたんだが
唐沢
唐沢
僕から接待をしてみないかと言い出した手前、断りづらいよ
僕から接待をしてみないかと言い出した手前、断りづらいよ
唐沢
唐沢
うん、好きにしてもらって構わない。竹内くんもいいかな？
うん、好きにしてもらって構わない。竹内くんもいいかな？
竹内
竹内
ええ。必要経費、と言うところでしょう
ええ。必要経費、と言うところでしょう
秀隆
秀隆
ありがとうございます
ありがとうございます
竹内
竹内
では早速片桐社長に連絡を入れよう。
では早速片桐社長に連絡を入れよう。
そこからは君の出番だ。期待しているよ
そこからは君の出番だ。期待しているよ
秀隆
秀隆
精一杯、やらせていただきます
精一杯、やらせていただきます
オレは頭を下げ、改めて竹内特務官と唐沢代表に視線を送った。
オレは頭を下げ、改めて竹内特務官と唐沢代表に視線を送った。
唐沢
唐沢
まだ何かあるのかい？
まだ何かあるのかい？
秀隆
秀隆
はい。実は、見ていただきたい資料が御座います
はい。実は、見ていただきたい資料が御座います
予め持ち込んでおいた資料を、１部ずつ２人に手渡す。
予め持ち込んでおいた資料を、１部ずつ２人に手渡す。
唐沢
唐沢
これは？
これは？
秀隆
秀隆
自分なりに、片桐食糧プラントとの契約内容を煮詰めたものです
自分なりに、片桐食糧プラントとの契約内容を煮詰めたものです
…………。
…………。
……。
……。
秀隆
秀隆
では、失礼します
では、失礼します
扉をゆっくりと閉める。
扉をゆっくりと閉める。
秀隆
秀隆
ふ～～～～っ……
ふ～～～～っ……
壁にもたれ、ずるっと背中を滑らせ床に座った。
壁にもたれ、ずるっと背中を滑らせ床に座った。
秀隆
秀隆
すげぇ緊張した……
すげぇ緊張した……
何となく口から出たことに身を任せていたら、
何となく口から出たことに身を任せていたら、
とんでもないことになったぜ。
とんでもないことになったぜ。
秀隆
秀隆
接待か……そんなもん、したことないぞ
接待か……そんなもん、したことないぞ
やると言った手前、なんとかするしかないわけだが……。
やると言った手前、なんとかするしかないわけだが……。
磯部
磯部
なんの話だったんだ
なんの話だったんだ
戻るなり、磯部くんが詰め寄ってきた。
戻るなり、磯部くんが詰め寄ってきた。
磯部
磯部
俺たちの悪口でも話してきたか？
俺たちの悪口でも話してきたか？
秀隆
秀隆
いやいや、そんな滅相もない……
いやいや、そんな滅相もない……
ただ、自分は新人なので、馴染めてるかを聞かれただけです
ただ、自分は新人なので、馴染めてるかを聞かれただけです
磯部
磯部
ふん……
ふん……
気に食わないと言った様子で、去っていった。
気に食わないと言った様子で、去っていった。
秀隆
秀隆
怖い……
怖い……
オレは席に戻るなり、周囲に悟られぬようプランをまとめることにした。
オレは席に戻るなり、周囲に悟られぬようプランをまとめることにした。
片桐社長が酒好きであり女好きである、と言う話はほぼ間違いない。
片桐社長が酒好きであり女好きである、と言う話はほぼ間違いない。
だからこそ、竹内特務官たちも納得をしてくれたんだろうし。
だからこそ、竹内特務官たちも納得をしてくれたんだろうし。
問題はこれで大丈夫か？　と言うことだ。
問題はこれで大丈夫か？　と言うことだ。
確かに夢風月は非常に強力な武器になりうるだろう。
確かに夢風月は非常に強力な武器になりうるだろう。
しかし、万が一と言うこともある。
しかし、万が一と言うこともある。
酒好きである故に、既に嗜んでいるとなれば効果は薄れる。
酒好きである故に、既に嗜んでいるとなれば効果は薄れる。
と、なれば……。
と、なれば……。
秀隆
秀隆
女か……
女か……
手配するにしても、とびっきりの女性を用意できれば―――。
手配するにしても、とびっきりの女性を用意できれば―――。
秀隆
秀隆
…………
…………
オレは、ふと１人の女性が脳裏を過ぎった。
オレは、ふと１人の女性が脳裏を過ぎった。
秀隆
秀隆
厳しいとは思うが……
厳しいとは思うが……
携帯を握り締め、オレは電話をかけることにした。
携帯を握り締め、オレは電話をかけることにした。
仕事の定時が過ぎ、オレは足早に目的地へと急いだ。
仕事の定時が過ぎ、オレは足早に目的地へと急いだ。
竹内特務官によれば、午後８時に社長が来るとの話だった。
竹内特務官によれば、午後８時に社長が来るとの話だった。
そして、８時から過ぎること２０分ほど、
そして、８時から過ぎること２０分ほど、
片桐社長がオレの前に姿を表した。
片桐社長がオレの前に姿を表した。
秀隆
秀隆
お疲れ様です！
お疲れ様です！
片桐
片桐
うむ……
うむ……
片桐社長の表情は固い。
片桐社長の表情は固い。
片桐
片桐
旧知の仲である竹内さんの頼みとあって来てみたが……
旧知の仲である竹内さんの頼みとあって来てみたが……
片桐
片桐
今更接待といわれても、私は嬉しくない
今更接待といわれても、私は嬉しくない
秀隆
秀隆
承知しております。昼間の件では大変失礼致しました
承知しております。昼間の件では大変失礼致しました
秀隆
秀隆
私は、特務官の島津と申します。よろしくお願いします
私は、特務官の島津と申します。よろしくお願いします
片桐
片桐
……それで、どうしようと言うのだね
……それで、どうしようと言うのだね
秀隆
秀隆
ご案内します
ご案内します
片桐
片桐
ここか
ここか
秀隆
秀隆
お気に召しませんでしたか？
お気に召しませんでしたか？
片桐
片桐
そんなことはない。私もよく来るからね
そんなことはない。私もよく来るからね
秀隆
秀隆
そうでしたか。さ、こちらへ
そうでしたか。さ、こちらへ
予約しておいた奥の席へと片桐社長を案内する。
予約しておいた奥の席へと片桐社長を案内する。
それと同時に、予めスタンバイさせておいた女の子に目配せをした。
それと同時に、予めスタンバイさせておいた女の子に目配せをした。
女の子】※佐倉
女の子】※佐倉
いらっしゃいませ、社長さん
いらっしゃいませ、社長さん
片桐
片桐
ほお……これは中々……
ほお……これは中々……
機嫌の悪い片桐社長だったが、
機嫌の悪い片桐社長だったが、
綺麗な女の子の前に感心した声を漏らした。
綺麗な女の子の前に感心した声を漏らした。
女の子】※佐倉
女の子】※佐倉
今日はよろしくお願いしますね
今日はよろしくお願いしますね
くらっときそうなスマイルをみせ、社長の隣に座る。
くらっときそうなスマイルをみせ、社長の隣に座る。
片桐
片桐
なかなかいい人選をしたじゃないか、君
なかなかいい人選をしたじゃないか、君
秀隆
秀隆
ありがとうございます
ありがとうございます
佐倉
佐倉
私、佐倉夏帆と言います。よろしくお願いします
私、佐倉夏帆と言います。よろしくお願いします
片桐
片桐
佐倉くんか。私は片桐だ
佐倉くんか。私は片桐だ
秀隆
秀隆
まずは乾杯と行きましょう。例のお酒を
まずは乾杯と行きましょう。例のお酒を
片桐
片桐
例の？
例の？
運ばれてくるお酒。
運ばれてくるお酒。
片桐社長はそれを遠めに見ていたにも関わらず、その場で立ち上がった。
片桐社長はそれを遠めに見ていたにも関わらず、その場で立ち上がった。
片桐
片桐
おお！　まさか、夢風月か！
おお！　まさか、夢風月か！
秀隆
秀隆
社長は無類のお酒好きと伺っておりましたが、さすがですね
社長は無類のお酒好きと伺っておりましたが、さすがですね
秀隆
秀隆
片桐社長に喜んでいただきたいと思い、何とか手配いたしました
片桐社長に喜んでいただきたいと思い、何とか手配いたしました
片桐
片桐
こんな立派な酒、一朝一夕で用意できるものでもあるまいに……
こんな立派な酒、一朝一夕で用意できるものでもあるまいに……
片桐
片桐
いやはや、中々出来る特務官もいるじゃないか
いやはや、中々出来る特務官もいるじゃないか
がははと笑い、ソファーにどっかりと背中を預けた。
がははと笑い、ソファーにどっかりと背中を預けた。
片桐
片桐
正直驚いたぞ。綺麗どころを用意したとは思っていたが、
正直驚いたぞ。綺麗どころを用意したとは思っていたが、
まさかこれほどとんでもない酒まで準備しているとは
まさかこれほどとんでもない酒まで準備しているとは
秀隆
秀隆
恐縮です
恐縮です
佐倉
佐倉
お注ぎしますね
お注ぎしますね
佐倉はそっと瓶を手に取った。
佐倉はそっと瓶を手に取った。
seにごり酒を混ざらないようにそっと注ぐ
seにごり酒を混ざらないようにそっと注ぐ
そして、ゆっくりとグラスへと傾ける。
そして、ゆっくりとグラスへと傾ける。
片桐
片桐
ほう……君は綺麗なだけじゃなく、お酒に関する知識もあるようだね
ほう……君は綺麗なだけじゃなく、お酒に関する知識もあるようだね
片桐
片桐
にごり酒と言えば、振るものだと思っている者も多い
にごり酒と言えば、振るものだと思っている者も多い
佐倉
佐倉
振ってしまうと、泡と共に風味が逃げると教わりました
振ってしまうと、泡と共に風味が逃げると教わりました
片桐
片桐
その通りだ。まずは振らずに嗜み、後で振る。
その通りだ。まずは振らずに嗜み、後で振る。
それが私なりのにごり酒の飲み方だと思っている
それが私なりのにごり酒の飲み方だと思っている
佐倉
佐倉
私もお酒が好きですので
私もお酒が好きですので
佐倉は微笑み、一瞬だけオレへと視線を向けた。
佐倉は微笑み、一瞬だけオレへと視線を向けた。
片桐
片桐
君とは中々気が合いそうだ
君とは中々気が合いそうだ
佐倉
佐倉
光栄です
光栄です
片桐
片桐
うむ……実にうまい、実にうまい
うむ……実にうまい、実にうまい
片桐
片桐
しかし
しかし
片桐
片桐
この酒を頂いておいて申し訳ないが、
この酒を頂いておいて申し訳ないが、
私の考えが変わるなどとは思って欲しくないな
私の考えが変わるなどとは思って欲しくないな
秀隆
秀隆
社長
社長
片桐
片桐
……なんだね？
……なんだね？
酔っていながらも、片桐社長の目には強い力があった。
酔っていながらも、片桐社長の目には強い力があった。
秀隆
秀隆
この『接待』は、本日の不手際に対するものです。
この『接待』は、本日の不手際に対するものです。
私もこのお酒一本で交渉が成功するなどとは思っていません
私もこのお酒一本で交渉が成功するなどとは思っていません
片桐
片桐
なるほど……中々謙虚じゃないか
なるほど……中々謙虚じゃないか
秀隆
秀隆
懐の深い社長であれば、ご理解いただけるのではないかと
懐の深い社長であれば、ご理解いただけるのではないかと
片桐
片桐
まぁ……このお酒の価値ぐらいはあるだろう。
まぁ……このお酒の価値ぐらいはあるだろう。
水に流そうじゃないか、先の件は
水に流そうじゃないか、先の件は
秀隆
秀隆
ありがとうございます
ありがとうございます
片桐
片桐
何より接待と言い切るところも気に入った
何より接待と言い切るところも気に入った
片桐
片桐
ホープタウンにもいるじゃないか。出来る特務官が
ホープタウンにもいるじゃないか。出来る特務官が
秀隆
秀隆
いえ、自分などまだまだで……
いえ、自分などまだまだで……
片桐
片桐
謙遜する必要はない。
謙遜する必要はない。
私が出来ると言ったんだ、出来ないはずがないだろう？
私が出来ると言ったんだ、出来ないはずがないだろう？
秀隆
秀隆
はい。ありがとうございます
はい。ありがとうございます
片桐
片桐
ほら、かしこまってばかりいないで、君も飲みなさい
ほら、かしこまってばかりいないで、君も飲みなさい
秀隆
秀隆
恐縮です。頂きます
恐縮です。頂きます
ぐっとグラスを傾け、一気に飲み干した。
ぐっとグラスを傾け、一気に飲み干した。
片桐
片桐
がははは、いい飲みっぷりだ！　ほら、もっともっと
がははは、いい飲みっぷりだ！　ほら、もっともっと
秀隆
秀隆
美味しいですね……頂きます
美味しいですね……頂きます
佐倉
佐倉
社長さんは、一躍時の人となりましたね
社長さんは、一躍時の人となりましたね
佐倉
佐倉
テレビでもよくお顔を拝見してます
テレビでもよくお顔を拝見してます
片桐
片桐
私の努力が実ったということだな。
私の努力が実ったということだな。
あの技術を確立させるのには、随分と長い歳月がかかった
あの技術を確立させるのには、随分と長い歳月がかかった
片桐
片桐
しかしこれで、食糧難と言う課題は解決へと向かうだろう
しかしこれで、食糧難と言う課題は解決へと向かうだろう
佐倉
佐倉
素敵ですね……
素敵ですね……
うっとりした顔でその話を聞き入る佐倉。
うっとりした顔でその話を聞き入る佐倉。
これを聞き上手と言うのだろうか、
これを聞き上手と言うのだろうか、
片桐社長は饒舌に口を開く。
片桐社長は饒舌に口を開く。
片桐
片桐
遺伝子組み換えには、古今東西異論の声もあがる
遺伝子組み換えには、古今東西異論の声もあがる
片桐
片桐
だが、私はそれらの波風にも耐え、
だが、私はそれらの波風にも耐え、
より安全でより素晴らしい食品を生み出すことが出来た
より安全でより素晴らしい食品を生み出すことが出来た
片桐
片桐
自分自身を褒めてやりたいよ
自分自身を褒めてやりたいよ
武勇伝を胸熱く語り、グラスを傾ける。
武勇伝を胸熱く語り、グラスを傾ける。
片桐
片桐
だからこそ、私は簡単に契約を結ぶことは出来ない
だからこそ、私は簡単に契約を結ぶことは出来ない
片桐
片桐
私についてきてくれる社員のためにも、
私についてきてくれる社員のためにも、
より高く評価してくれるところと契約を結びたい
より高く評価してくれるところと契約を結びたい
秀隆
秀隆
仰ることは、良く分かります
仰ることは、良く分かります
片桐
片桐
君たちホープタウンには、本当に申し訳ないと思っている
君たちホープタウンには、本当に申し訳ないと思っている
片桐
片桐
しかしどうか理解して欲しい。
しかしどうか理解して欲しい。
ただ金儲けのためだけにしているわけではないと
ただ金儲けのためだけにしているわけではないと
秀隆
秀隆
はい、もちろんです。よく分かります
はい、もちろんです。よく分かります
片桐
片桐
そうかね。だが、本当に君に分かっているのかね？　私の気持ちが
そうかね。だが、本当に君に分かっているのかね？　私の気持ちが
酔っていながらも、鋭い視線がオレへと飛んできた。
酔っていながらも、鋭い視線がオレへと飛んできた。
片桐
片桐
話を合わせて頷くだけなら、子供にも出来ることだ。
話を合わせて頷くだけなら、子供にも出来ることだ。
本当のところ、君は思っているんじゃないのか？　私は初めからホープタウンと契約をするつもりはないんじゃないか、と
本当のところ、君は思っているんじゃないのか？　私は初めからホープタウンと契約をするつもりはないんじゃないか、と
秀隆
秀隆
そんなことはない、と私は思っています
そんなことはない、と私は思っています
片桐
片桐
……何故だね
……何故だね
秀隆
秀隆
最初から交渉するつもりがなければ、
最初から交渉するつもりがなければ、
直接特務官本邸まで足をお運びになるでしょうか？
直接特務官本邸まで足をお運びになるでしょうか？
秀隆
秀隆
嘘の義を立てるためだけに再契約の話を取り付けるとしたら、
嘘の義を立てるためだけに再契約の話を取り付けるとしたら、
わざわざ出向かず、再度私たち特務官に足を運ばせるはずです
わざわざ出向かず、再度私たち特務官に足を運ばせるはずです
秀隆
秀隆
ですが社長はそうなさらなかった。
ですが社長はそうなさらなかった。
自らの足を使って再交渉の席に着いてくださいました
自らの足を使って再交渉の席に着いてくださいました
秀隆
秀隆
それだけで、契約の可能性があることは十分に分かりました
それだけで、契約の可能性があることは十分に分かりました
片桐
片桐
ふ、ふふふ。ふはははは！
ふ、ふふふ。ふはははは！
se背中をバシバシ叩かれる
se背中をバシバシ叩かれる
社長は高笑いし、バシバシとオレの背中を叩いた。
社長は高笑いし、バシバシとオレの背中を叩いた。
片桐
片桐
やはり出来る男だ、君は。見ているところが違う
やはり出来る男だ、君は。見ているところが違う
秀隆
秀隆
ですが
ですが
秀隆
秀隆
１つだけ、腑に落ちない点があります
１つだけ、腑に落ちない点があります
片桐
片桐
なんだね。その腑に落ちないとは
なんだね。その腑に落ちないとは
秀隆
秀隆
片桐社長が提示された４０％の上乗せ金額と言うのは、
片桐社長が提示された４０％の上乗せ金額と言うのは、
さすがにかなり厳しい数値だと言わざるを得ません
さすがにかなり厳しい数値だと言わざるを得ません
片桐
片桐
それはドリームタウンより利益が落ちるからだ
それはドリームタウンより利益が落ちるからだ
秀隆
秀隆
それは本当のことでしょうか？
それは本当のことでしょうか？
片桐
片桐
なに……？　君は私が嘘をついていると？
なに……？　君は私が嘘をついていると？
秀隆
秀隆
どれだけ計算を繰り返しても、４０％と言う上乗せをして利益を
どれだけ計算を繰り返しても、４０％と言う上乗せをして利益を
出せるとは思えません。これではドリームタウンは赤字です
出せるとは思えません。これではドリームタウンは赤字です
秀隆
秀隆
輸出入には関税がかかります。それを考えても、
輸出入には関税がかかります。それを考えても、
とてもそのような数値で契約を結ぶとは思えません
とてもそのような数値で契約を結ぶとは思えません
秀隆
秀隆
恐らく、３０％か、３１％……そのあたりが限界ではないでしょうか
恐らく、３０％か、３１％……そのあたりが限界ではないでしょうか
片桐
片桐
貴様……
貴様……
オレは怒り出した社長に、すぐ様頭を下げた。
オレは怒り出した社長に、すぐ様頭を下げた。
秀隆
秀隆
失礼を承知で申し上げました
失礼を承知で申し上げました
秀隆
秀隆
ホープタウンに住む１人の人間として、この件には深く、
ホープタウンに住む１人の人間として、この件には深く、
そして慎重にならなければならないと思っています
そして慎重にならなければならないと思っています
片桐
片桐
……私とて、義を捨てたいわけじゃない。
……私とて、義を捨てたいわけじゃない。
だが、今提示されている２７％と言う数字では……
だが、今提示されている２７％と言う数字では……
片桐
片桐
再交渉までして２％の上乗せでは話にならんよ
再交渉までして２％の上乗せでは話にならんよ
秀隆
秀隆
もし仮に……３０％まで調整が可能だとしたら、如何でしょうか
もし仮に……３０％まで調整が可能だとしたら、如何でしょうか
片桐
片桐
何だと……？
何だと……？
秀隆
秀隆
お酒の席で失礼かとは思いますが、こちらをご覧ください
お酒の席で失礼かとは思いますが、こちらをご覧ください
オレは予め用意していた書類を、片桐社長へと手渡した。
オレは予め用意していた書類を、片桐社長へと手渡した。
片桐
片桐
…………
…………
社長は頭をふらつかせながらも、真剣に書類へと目を通す。
社長は頭をふらつかせながらも、真剣に書類へと目を通す。
仕事となれば、どんな状況でも頭が冷静になるのだろう。
仕事となれば、どんな状況でも頭が冷静になるのだろう。
片桐
片桐
なるほど。確かにこれなら、３％の予算切り詰めは可能だろう
なるほど。確かにこれなら、３％の予算切り詰めは可能だろう
片桐
片桐
だがパッケージを簡素にすることは、企業イメージのダウンに
だがパッケージを簡素にすることは、企業イメージのダウンに
繋がる
繋がる
片桐
片桐
到底受け入れられるものではない。浅知恵だな
到底受け入れられるものではない。浅知恵だな
秀隆
秀隆
ですが私が提示するものには、それ以上の見返りがあると思っております
ですが私が提示するものには、それ以上の見返りがあると思っております
片桐
片桐
なんだと？
なんだと？
seめくる (1
seめくる (1
社長は、改めて書類へと目を通す。
社長は、改めて書類へと目を通す。
秀隆
秀隆
パッケージは、確かに企業の広告です。
パッケージは、確かに企業の広告です。
消費者に片桐食糧プラントのことを知ってもらう上で、
消費者に片桐食糧プラントのことを知ってもらう上で、
大切な部分です
大切な部分です
秀隆
秀隆
ですが、私たちが交渉させていただいているのは店頭に並ぶ商品ではありません
ですが、私たちが交渉させていただいているのは店頭に並ぶ商品ではありません
秀隆
秀隆
配給として、自然に配られるものです。
配給として、自然に配られるものです。
もちろん、その殆どの方が、片桐食糧プラントで作られていることを知っているでしょう
もちろん、その殆どの方が、片桐食糧プラントで作られていることを知っているでしょう
秀隆
秀隆
ですから、新しい顧客を増やす方法を提示させていただきたいのです
ですから、新しい顧客を増やす方法を提示させていただきたいのです
秀隆
秀隆
つまり……食品を運搬するトラックに、御社のロゴを
つまり……食品を運搬するトラックに、御社のロゴを
広告として無償で掲載させていただくつもりです
広告として無償で掲載させていただくつもりです
片桐
片桐
……そんなことが、出来るのかね？
……そんなことが、出来るのかね？
秀隆
秀隆
はい。話のほうは既に、唐沢代表にも通してあります。
はい。話のほうは既に、唐沢代表にも通してあります。
無論運送業の方へ、そのようなお願いをする手配も済んでおります
無論運送業の方へ、そのようなお願いをする手配も済んでおります
通常はこのような行為は簡単に出来るものではない。
通常はこのような行為は簡単に出来るものではない。
唐沢代表と言う人物を利用した、特務官ならではの反則スレスレの技だ。
唐沢代表と言う人物を利用した、特務官ならではの反則スレスレの技だ。
秀隆
秀隆
交渉がまとまれば、すぐにでも動き出せるでしょう
交渉がまとまれば、すぐにでも動き出せるでしょう
これが実現すれば、今まで片桐食糧プラントを
これが実現すれば、今まで片桐食糧プラントを
知らなかった人々にも、知ってもらうことが出来る。
知らなかった人々にも、知ってもらうことが出来る。
それに、トラックへの塗装だけなら、費用もそれほどかからない。
それに、トラックへの塗装だけなら、費用もそれほどかからない。
パッケージ予算を押さえ簡素にしても、お釣りがくるだろう。
パッケージ予算を押さえ簡素にしても、お釣りがくるだろう。
片桐
片桐
…………
…………
片桐
片桐
従来の契約を、この企画書通りの内容で、いいんだな？
従来の契約を、この企画書通りの内容で、いいんだな？
秀隆
秀隆
はい。その通りです
はい。その通りです
片桐
片桐
……ふ
……ふ
se突き返す(乱暴
se突き返す(乱暴
社長は一度笑い、その書類をオレへと突き返した。
社長は一度笑い、その書類をオレへと突き返した。
片桐
片桐
私はこの書類には目を通していない
私はこの書類には目を通していない
片桐
片桐
この書類は改めて、再交渉の場で見せてもらうことにしよう
この書類は改めて、再交渉の場で見せてもらうことにしよう
秀隆
秀隆
では……！
では……！
片桐
片桐
その内容なら、文句はない
その内容なら、文句はない
秀隆
秀隆
あ、ありがとうございます！
あ、ありがとうございます！
片桐
片桐
後は私の気が変わらないことを、祈ってくれ
後は私の気が変わらないことを、祈ってくれ
秀隆
秀隆
はいっ！
はいっ！
片桐
片桐
少しトイレに行ってくる
少しトイレに行ってくる
ふらふらと立ち上がろうとする片桐社長。
ふらふらと立ち上がろうとする片桐社長。
足が絡み、佐倉の胸元へとすっころんだ。
足が絡み、佐倉の胸元へとすっころんだ。
片桐
片桐
おっとっと、これはすまない
おっとっと、これはすまない
そういいつつ、佐倉の胸を大きな手で鷲づかみにしていた。
そういいつつ、佐倉の胸を大きな手で鷲づかみにしていた。
佐倉
佐倉
いいんですよ。トイレまで付き添いましょうか？
いいんですよ。トイレまで付き添いましょうか？
片桐
片桐
大丈夫だ
大丈夫だ
感心したように頷くと、社長は千鳥足でトイレへ向かう。
感心したように頷くと、社長は千鳥足でトイレへ向かう。
佐倉
佐倉
社長さん
社長さん
片桐
片桐
ん、なんだね……？
ん、なんだね……？
佐倉
佐倉
お手のもの、お預かりしておきますね
お手のもの、お預かりしておきますね
そういった佐倉の視線、片桐社長の手には、
そういった佐倉の視線、片桐社長の手には、
酒瓶がぎゅっと握り締められていた。
酒瓶がぎゅっと握り締められていた。
片桐
片桐
おおスマンスマン。頼むよ
おおスマンスマン。頼むよ
佐倉
佐倉
お酒は逃げませんよ。もちろん私もです
お酒は逃げませんよ。もちろん私もです
片桐
片桐
うむ
うむ
酒瓶を佐倉に預け、片桐社長は今度こそトイレへと向かった。
酒瓶を佐倉に預け、片桐社長は今度こそトイレへと向かった。
オレと佐倉の２人が、その場に残される。
オレと佐倉の２人が、その場に残される。
秀隆
秀隆
…………
…………
オレは静かに息を吐いた。
オレは静かに息を吐いた。
佐倉
佐倉
さすがだね。片桐社長と交渉をまとめちゃうなんて
さすがだね。片桐社長と交渉をまとめちゃうなんて
秀隆
秀隆
まだまとまったとは言えない。
まだまとまったとは言えない。
社長の言う通り、当日までに気が変わることだってあるだろうし
社長の言う通り、当日までに気が変わることだってあるだろうし
佐倉
佐倉
でも凄いよ、やっぱりひでちゃんは凄い
でも凄いよ、やっぱりひでちゃんは凄い
感心したように頷く佐倉に、オレは頭を下げた。
感心したように頷く佐倉に、オレは頭を下げた。
秀隆
秀隆
……悪いな、急に声かけて。普通に仕事あっただろうに
……悪いな、急に声かけて。普通に仕事あっただろうに
佐倉
佐倉
ううん、いいのよ。ひでちゃんの頼みだもん
ううん、いいのよ。ひでちゃんの頼みだもん
秀隆
秀隆
５年ぶりだってのに、いきなりこんな話で悪かった
５年ぶりだってのに、いきなりこんな話で悪かった
佐倉
佐倉
これが私の仕事だし。でもよく知ってたね、私のこと
これが私の仕事だし。でもよく知ってたね、私のこと
佐倉
佐倉
卒業してからは、一度も連絡してこなかったのに……
卒業してからは、一度も連絡してこなかったのに……
秀隆
秀隆
佐倉の話は、かなり有名になってたからな
佐倉の話は、かなり有名になってたからな
佐倉
佐倉
そっか……嬉しかったよ、ひでちゃんが知っててくれて
そっか……嬉しかったよ、ひでちゃんが知っててくれて
佐倉
佐倉
でもよかった。ちゃんと特務官になれたんだね
でもよかった。ちゃんと特務官になれたんだね
秀隆
秀隆
紆余曲折あったけどな……
紆余曲折あったけどな……
佐倉
佐倉
お酒、空になってる
お酒、空になってる
そういい、佐倉は立ち上がるとオレの隣に腰を下ろした。
そういい、佐倉は立ち上がるとオレの隣に腰を下ろした。
香水か、それとも髪の匂いなのか、
香水か、それとも髪の匂いなのか、
くらっとするようないい香りがした。
くらっとするようないい香りがした。
佐倉
佐倉
佐々野さんは？
佐々野さんは？
秀隆
秀隆
まどかも特務官になったよ。しっかりやってる
まどかも特務官になったよ。しっかりやってる
佐倉
佐倉
そうじゃなくて……今でも付き合ってるの？
そうじゃなくて……今でも付き合ってるの？
秀隆
秀隆
……いや、別れたよ
……いや、別れたよ
佐倉
佐倉
そっか……
そっか……
秀隆
秀隆
オレも随分と、ダメな大人になっちまった
オレも随分と、ダメな大人になっちまった
佐倉
佐倉
確かに、昔とは雰囲気が違うかな
確かに、昔とは雰囲気が違うかな
秀隆
秀隆
ひどいもんだろ
ひどいもんだろ
佐倉
佐倉
ううん、私は今のひでちゃんもいいと思うよ
ううん、私は今のひでちゃんもいいと思うよ
佐倉
佐倉
なんか丸くなったって言うか。凄く優しい顔をするようになった
なんか丸くなったって言うか。凄く優しい顔をするようになった
佐倉
佐倉
片桐社長と話してる時のひでちゃん、
片桐社長と話してる時のひでちゃん、
私が見たことない表情ばかりみせてたし
私が見たことない表情ばかりみせてたし
佐倉
佐倉
学生の時は、笑ってないことの方が多かったよね
学生の時は、笑ってないことの方が多かったよね
秀隆
秀隆
そうかな？　……そうだったかも
そうかな？　……そうだったかも
佐倉
佐倉
言葉遣いや考えも尖ってて、人を寄せ付けない感じだった
言葉遣いや考えも尖ってて、人を寄せ付けない感じだった
佐倉
佐倉
不良に絡まれても、堂々とメンチきっちゃって
不良に絡まれても、堂々とメンチきっちゃって
佐倉
佐倉
知らない人はひでちゃんを怖がったけど……
知らない人はひでちゃんを怖がったけど……
だけど、本当はとても優しくって……
だけど、本当はとても優しくって……
佐倉
佐倉
困ってる人を放っておけないのよね、ひでちゃんは
困ってる人を放っておけないのよね、ひでちゃんは
秀隆
秀隆
んなことないさ。ちっとも優しくなんてない
んなことないさ。ちっとも優しくなんてない
秀隆
秀隆
オレは優しくなんてない……
オレは優しくなんてない……
グラスに淡くうつるオレの顔。
グラスに淡くうつるオレの顔。
そこには、何の感情もありはしない。
そこには、何の感情もありはしない。
秀隆
秀隆
格好いい特務官になるつもりが、
格好いい特務官になるつもりが、
こうして酒と女を用意して、へこへこと頭を下げてるんだ
こうして酒と女を用意して、へこへこと頭を下げてるんだ
秀隆
秀隆
何でも出来ると思い込んでた。
何でも出来ると思い込んでた。
自分が天才だと自惚れていた。ほんと、ダッセェよなぁ
自分が天才だと自惚れていた。ほんと、ダッセェよなぁ
佐倉
佐倉
ひでちゃん……
ひでちゃん……
秀隆
秀隆
…………
…………
秀隆
秀隆
……ありがとな。片桐社長の機嫌が直ったのは、おまえが居てくれたおかげだ
……ありがとな。片桐社長の機嫌が直ったのは、おまえが居てくれたおかげだ
佐倉
佐倉
ひでちゃんの頼みとあっちゃ、断れないから
ひでちゃんの頼みとあっちゃ、断れないから
佐倉
佐倉
あなたがいなかったら、多分私、ダメなままだった
あなたがいなかったら、多分私、ダメなままだった
細く綺麗な手が、オレの膝へと置かれる。
細く綺麗な手が、オレの膝へと置かれる。
佐倉
佐倉
もし今フリーなら……ひでちゃんさえ良ければ……
もし今フリーなら……ひでちゃんさえ良ければ……
秀隆
秀隆
佐倉……？
佐倉……？
佐倉
佐倉
知ってる、でしょ……私、昔からひでちゃんのことを
知ってる、でしょ……私、昔からひでちゃんのことを
奥の、トイレの扉が開く音が聞こえた。
奥の、トイレの扉が開く音が聞こえた。
秀隆
秀隆
そろそろ社長が戻ってくる
そろそろ社長が戻ってくる
ここで親密そうな姿を見られれば、
ここで親密そうな姿を見られれば、
誤解とあっても片桐社長は気分を害するだろう。
誤解とあっても片桐社長は気分を害するだろう。
佐倉
佐倉
……そうだね
……そうだね
少しだけ寂しそうな目をしていたが、
少しだけ寂しそうな目をしていたが、
すぐにプロの顔に戻ると、席に座りなおした。
すぐにプロの顔に戻ると、席に座りなおした。
片桐
片桐
いやー飲みすぎてしまったようだ
いやー飲みすぎてしまったようだ
片桐
片桐
…………
…………
佐倉
佐倉
大丈夫ですか？　少し休まれますか？
大丈夫ですか？　少し休まれますか？
片桐
片桐
…………
…………
片桐社長は、じっと佐倉の顔を見つめ、
片桐社長は、じっと佐倉の顔を見つめ、
そして露骨に視線を胸元へとやる。
そして露骨に視線を胸元へとやる。
片桐
片桐
飲みすぎたようだ……そろそろ帰るとするか
飲みすぎたようだ……そろそろ帰るとするか
片桐
片桐
もちろん、送ってくれるんだろうね？
もちろん、送ってくれるんだろうね？
一度オレを見た後、片桐社長は佐倉へと視線を移した。
一度オレを見た後、片桐社長は佐倉へと視線を移した。
佐倉
佐倉
もちろんです。社長さん
もちろんです。社長さん
片桐
片桐
うむ
うむ
納得したように頷くと、ゆっくりと立ち上がった。
納得したように頷くと、ゆっくりと立ち上がった。
片桐社長は佐倉の腰元に手を回し、
片桐社長は佐倉の腰元に手を回し、
お尻を撫でるようにしながら抱き寄せた。
お尻を撫でるようにしながら抱き寄せた。
片桐
片桐
行こうか
行こうか
佐倉
佐倉
はい
はい
…………。
…………。
……。
……。
店の外に、予め待たせていた車へと案内する。
店の外に、予め待たせていた車へと案内する。
秀隆
秀隆
それじゃあ、片桐社長をお送りして貰えるかな？
それじゃあ、片桐社長をお送りして貰えるかな？
佐倉
佐倉
お任せください
お任せください
佐倉は微笑み、片桐社長に寄り添った。
佐倉は微笑み、片桐社長に寄り添った。
社長は車内になって人目もなくなったこともあり、
社長は車内になって人目もなくなったこともあり、
むしゃぶりつくように佐倉の身体を抱き寄せた。
むしゃぶりつくように佐倉の身体を抱き寄せた。
そして服の中に手を入れ、首元に唇を這わせる。
そして服の中に手を入れ、首元に唇を這わせる。
佐倉は嫌なそぶり一つ見せず、
佐倉は嫌なそぶり一つ見せず、
それどころか積極的に片桐社長の股間へと手を伸ばした。
それどころか積極的に片桐社長の股間へと手を伸ばした。
すぐさま唇が重なり合い、互いの舌が絡み合おうとしている。
すぐさま唇が重なり合い、互いの舌が絡み合おうとしている。
今すぐにでも、本番を始める様相だ。
今すぐにでも、本番を始める様相だ。
それを確認してから、オレは運転手にそっと耳打ちをする。
それを確認してから、オレは運転手にそっと耳打ちをする。
秀隆
秀隆
ホテルまでお願いします
ホテルまでお願いします
運転手は小さく頷く。
運転手は小さく頷く。
秀隆
秀隆
それでは片桐社長。本日はお疲れ様でした
それでは片桐社長。本日はお疲れ様でした
社長は軽く手を振り、後はこちらに見向きもせず佐倉に夢中だった。
社長は軽く手を振り、後はこちらに見向きもせず佐倉に夢中だった。
走り去っていく車が見えなくなるまで、頭を下げ続けた。
走り去っていく車が見えなくなるまで、頭を下げ続けた。
秀隆
秀隆
ふーーーーーっ……
ふーーーーーっ……
ひとり残され、ちょっとした虚しさが襲ってくる。
ひとり残され、ちょっとした虚しさが襲ってくる。
そして、その後に来る強烈な酔い。
そして、その後に来る強烈な酔い。
オレは迷わず指を喉奥に突っ込み、嗚咽を引き起こす。
オレは迷わず指を喉奥に突っ込み、嗚咽を引き起こす。
秀隆
秀隆
おええええっ！！
おええええっ！！
胃液の混ざった酒が、悪臭と共に鼻先をかすめた。
胃液の混ざった酒が、悪臭と共に鼻先をかすめた。
秀隆
秀隆
ふぅ……ふーっ……
ふぅ……ふーっ……
秀隆
秀隆
これは……まどかたちには無理だろうな……
これは……まどかたちには無理だろうな……
オレだって、真っ直ぐ特務官の道を目指していたら、
オレだって、真っ直ぐ特務官の道を目指していたら、
もっともっと抵抗を感じていたと思う。
もっともっと抵抗を感じていたと思う。
いや……まどかと同じように、
いや……まどかと同じように、
接待と言う言葉そのものを拒否していたかも知れない。
接待と言う言葉そのものを拒否していたかも知れない。
言い方は悪いが、こんなものは綺麗な仕事とは言えない。
言い方は悪いが、こんなものは綺麗な仕事とは言えない。
子供たちが憧れる特務官の姿とは程遠いからだ。
子供たちが憧れる特務官の姿とは程遠いからだ。
そして……オレはかつての友人までも、利用した。
そして……オレはかつての友人までも、利用した。
彼女がその道のプロであると分かっていても、嫌なもんだ。
彼女がその道のプロであると分かっていても、嫌なもんだ。
秀隆
秀隆
…………
…………
ひとりになると、現実が押し寄せてくる。
ひとりになると、現実が押し寄せてくる。
あまり考えないようにしないと、な。
あまり考えないようにしないと、な。
とにかく、今オレにやれるだけのことはやった。
とにかく、今オレにやれるだけのことはやった。
あとは……片桐社長の裁量を待つだけだ。
あとは……片桐社長の裁量を待つだけだ。
…………。
…………。
……。
……。
