…………。
…………。
……。
……。
秀隆
秀隆
……朝か……
……朝か……
瞼が重い。
瞼が重い。
病院にいたときは、不規則に寝たり起きたり繰り返したからな。
病院にいたときは、不規則に寝たり起きたり繰り返したからな。
こりゃ当分苦労することになるぞ……。
こりゃ当分苦労することになるぞ……。
時刻を見る。
時刻を見る。
秀隆
秀隆
げ……もう飯の時間じゃないか
げ……もう飯の時間じゃないか
秀隆
秀隆
おはようさん
おはようさん
キズナ
キズナ
おはようございますっ。今ちょうど起こしに行こうと思ってました
おはようございますっ。今ちょうど起こしに行こうと思ってました
秀隆
秀隆
そか……。アクセラ、コーヒー
そか……。アクセラ、コーヒー
オレは台所に居るアクセラにいつものように注文し、席につく。
オレは台所に居るアクセラにいつものように注文し、席につく。
秀隆
秀隆
あれ、秋は？
あれ、秋は？
キズナ
キズナ
まだ寝ているようです。起こしてきましょうか
まだ寝ているようです。起こしてきましょうか
秀隆
秀隆
そだな……たのむ
そだな……たのむ
キズナは元気よく頷くと、ビューンと飛んで行った。
キズナは元気よく頷くと、ビューンと飛んで行った。
ほんと毎日毎日元気だな。
ほんと毎日毎日元気だな。
アクセラ
アクセラ
こ、コーヒーが入りました
こ、コーヒーが入りました
秀隆
秀隆
サンキュー
サンキュー
オレはニュースサイトに目を通しながら、カップを手に取る。
オレはニュースサイトに目を通しながら、カップを手に取る。
そしてそれを口元へと運んだ。
そしてそれを口元へと運んだ。
ズズッ。
ズズッ。
秀隆
秀隆
ぶあちゃあああ！！！！
ぶあちゃあああ！！！！
舌を襲う強烈な痛み（熱さ）。
舌を襲う強烈な痛み（熱さ）。
オレは思わず大量にコーヒーを飲んでしまい、
オレは思わず大量にコーヒーを飲んでしまい、
それが喉を灼熱に焼き尽くす。
それが喉を灼熱に焼き尽くす。
さらに、自分のぶっ飛びでカップを倒してしまい、それが太ももへと直撃する。
さらに、自分のぶっ飛びでカップを倒してしまい、それが太ももへと直撃する。
秀隆
秀隆
あち、あちちちち、あちいいいいい！！
あち、あちちちち、あちいいいいい！！
ちょとした大惨事である。
ちょとした大惨事である。
アクセラ
アクセラ
す、すぐにタオルをお持ちします！
す、すぐにタオルをお持ちします！
秀隆
秀隆
はーっ、はーっ……一気に目が覚めたぞ……
はーっ、はーっ……一気に目が覚めたぞ……
太ももは赤くなり、まだヒリヒリと刺すような痛みが断続的に襲ってくる。
太ももは赤くなり、まだヒリヒリと刺すような痛みが断続的に襲ってくる。
アクセラ
アクセラ
う、うっかり冷まさずにお出ししてしまいました……
う、うっかり冷まさずにお出ししてしまいました……
秀隆
秀隆
おまえらしからぬミスだ、ろ、
おまえらしからぬミスだ、ろ、
げ、げほげほっ
げ、げほげほっ
喉が痛くて、うまく喋れない。
喉が痛くて、うまく喋れない。
秋
秋
悲鳴が聞こえましたけど……何かあったんですか？
悲鳴が聞こえましたけど……何かあったんですか？
目をこすりながら秋が起きて来た。
目をこすりながら秋が起きて来た。
秀隆
秀隆
ちょっとな……
ちょっとな……
アクセラ
アクセラ
私の不手際で、秀隆様にお怪我をさせてしまいました
私の不手際で、秀隆様にお怪我をさせてしまいました
秋
秋
なんだ……驚いて損した
なんだ……驚いて損した
秀隆
秀隆
驚けよ！　つか心配しろよ！
驚けよ！　つか心配しろよ！
秋
秋
私が？　兄さんを？
私が？　兄さんを？
やけどよりも痛い視線を貰う。
やけどよりも痛い視線を貰う。
キズナ
キズナ
アクセラさん大丈夫ですか？　もしかして、また故障なんて……私嫌です
アクセラさん大丈夫ですか？　もしかして、また故障なんて……私嫌です
アクセラ
アクセラ
ご心配なく。どこにも異常はありません
ご心配なく。どこにも異常はありません
キズナ
キズナ
ほんとですか？　ならよかったです
ほんとですか？　ならよかったです
秀隆
秀隆
ちょっとはオレの心配もしような！
ちょっとはオレの心配もしような！
いつもの時間、オレは特務官邸に向けて出発する。
いつもの時間、オレは特務官邸に向けて出発する。
秀隆
秀隆
アクセラのやつ、やっぱり様子がおかしいままだったな
アクセラのやつ、やっぱり様子がおかしいままだったな
あのままじゃ、日に日に周囲を巻き込んでいくかもしれない。
あのままじゃ、日に日に周囲を巻き込んでいくかもしれない。
秀隆
秀隆
早めに何とかしないとな……
早めに何とかしないとな……
秀隆
秀隆
何とかするって……
何とかするって……
それはつまりオレが答えを出すってことか？
それはつまりオレが答えを出すってことか？
答えって……。
答えって……。
家族として大切、ってことだけじゃなく……？
家族として大切、ってことだけじゃなく……？
秀隆
秀隆
おはよう
おはよう
まどか
まどか
おはよう島津くん
おはよう島津くん
すーっとまどかが通り過ぎていく。
すーっとまどかが通り過ぎていく。
秀隆
秀隆
ちょちょ、なんだよその淡白な挨拶は。
ちょちょ、なんだよその淡白な挨拶は。
もっとこう、喜んでくれよ
もっとこう、喜んでくれよ
まどか
まどか
入院生活楽しかったんじゃない？　彼女とイチャイチャ出来て
入院生活楽しかったんじゃない？　彼女とイチャイチャ出来て
秀隆
秀隆
彼女？　ああ、アクセラのことだろ。あれは家のアンドロイドだ
彼女？　ああ、アクセラのことだろ。あれは家のアンドロイドだ
まどか
まどか
嘘つくなら、もう少しマシなのにしたほうがいいわよ
嘘つくなら、もう少しマシなのにしたほうがいいわよ
秀隆
秀隆
うそ、ではないんだけどね……
うそ、ではないんだけどね……
久しぶりの仕事も、思ったよりいつもと変わりなくて。
久しぶりの仕事も、思ったよりいつもと変わりなくて。
まぁ、なんだかんだ２週間くらいしか経ってないんだから、当然と言えば当然で。
まぁ、なんだかんだ２週間くらいしか経ってないんだから、当然と言えば当然で。
se5時のチャイムS
se5時のチャイムS
あっという間に定時を迎えてしまう。
あっという間に定時を迎えてしまう。
まどか
まどか
お疲れ様。彼女によろしくね
お疲れ様。彼女によろしくね
秀隆
秀隆
いや、だからアレは彼女じゃなくてな……？
いや、だからアレは彼女じゃなくてな……？
つか、なんでオレがまどかに責められなきゃいけないんだ？
つか、なんでオレがまどかに責められなきゃいけないんだ？
まどか
まどか
べ、別にせめてなんてないわよ。じゃあね
べ、別にせめてなんてないわよ。じゃあね
秀隆
秀隆
…………
…………
まどかの心理状態がさっぱりわからん……。
まどかの心理状態がさっぱりわからん……。
アンドロイド店員
アンドロイド店員
いらっしゃいませー
いらっしゃいませー
オレは仕事帰り、アンドロイドの店に足を運んでいた。
オレは仕事帰り、アンドロイドの店に足を運んでいた。
秀隆
秀隆
どれもよく出来てるよな
どれもよく出来てるよな
外見は、やはりアクセラと同じで完璧なものが殆どだ。
外見は、やはりアクセラと同じで完璧なものが殆どだ。
美男美女の集合体。
美男美女の集合体。
この店に立ち並ぶアンドロイド、全員芸能界デビュー出来る外見だ。
この店に立ち並ぶアンドロイド、全員芸能界デビュー出来る外見だ。
もちろん、外見は良いに越したことはない。
もちろん、外見は良いに越したことはない。
その方が好感を持ちやすいのだから、
その方が好感を持ちやすいのだから、
わざわざ不細工な見た目にする必要性は皆無だ。
わざわざ不細工な見た目にする必要性は皆無だ。
もちろん、世の中にはそれを好む物好きもいるだろうけど。
もちろん、世の中にはそれを好む物好きもいるだろうけど。
秀隆
秀隆
…………
…………
お店に置いてあるアンドロイドは、男女比が違う。
お店に置いてあるアンドロイドは、男女比が違う。
女性タイプが７割ほどに対し、男性は３割ほど。
女性タイプが７割ほどに対し、男性は３割ほど。
購入者がどんな人物であれ、女性の方が好まれている。
購入者がどんな人物であれ、女性の方が好まれている。
オレは店の奥に入っていく。
オレは店の奥に入っていく。
そこでは、アンドロイドの体験コーナーも設置されていた。
そこでは、アンドロイドの体験コーナーも設置されていた。
自由に音声をカスタマイズしよう
自由に音声をカスタマイズしよう
自分だけのアンドロイド、外見を変えよう
自分だけのアンドロイド、外見を変えよう
などなど。
などなど。
細かなセッティングの方法について学ぶことができるようになっていた。
細かなセッティングの方法について学ぶことができるようになっていた。
秀隆
秀隆
一番安いアンドロイドでも、数百万はするか……
一番安いアンドロイドでも、数百万はするか……
そんなアンドロイドに莫大な資金を投資して改造を続ける
そんなアンドロイドに莫大な資金を投資して改造を続ける
柳沢社長は、何をしようとしているのか……。
柳沢社長は、何をしようとしているのか……。
違法アンドロイド……か。
違法アンドロイド……か。
秀隆
秀隆
オレはこれから、どうすればいいんだろうな……
オレはこれから、どうすればいいんだろうな……
これ以上深追いして襲われることになれば、
これ以上深追いして襲われることになれば、
次に命はないかも知れない。
次に命はないかも知れない。
オレはショップを後にする。
オレはショップを後にする。
秀隆
秀隆
今日のところは、大人しく帰ろう
今日のところは、大人しく帰ろう
秀隆
秀隆
ただいま
ただいま
アクセラ
アクセラ
お帰りなさいませ、秀隆様
お帰りなさいませ、秀隆様
家に戻ると、アクセラが出迎えてくれた。
家に戻ると、アクセラが出迎えてくれた。
表情こそいつもと変わらないが、
表情こそいつもと変わらないが、
どこか落ち着かない様子でオレを見ている。
どこか落ち着かない様子でオレを見ている。
秀隆
秀隆
ちょっとこっちに来てくれるか
ちょっとこっちに来てくれるか
アクセラ
アクセラ
……はい
……はい
アクセラはオレに従い、少し前へ。
アクセラはオレに従い、少し前へ。
本当に……アクセラはオレに対して、人間のような感情を持ってしまったのだろうか。
本当に……アクセラはオレに対して、人間のような感情を持ってしまったのだろうか。
手を伸ばせば届く距離だ。
手を伸ばせば届く距離だ。
秀隆
秀隆
……二人は？
……二人は？
アクセラ
アクセラ
キズナ様は倉屋敷へ。秋様はまだ学園です
キズナ様は倉屋敷へ。秋様はまだ学園です
秀隆
秀隆
そうか……じゃあ、今は二人きりってことか
そうか……じゃあ、今は二人きりってことか
アクセラ
アクセラ
そう言うことになります
そう言うことになります
落ち着かないのか、少しそわそわしている。
落ち着かないのか、少しそわそわしている。
秀隆
秀隆
大丈夫か？　その調子じゃ、またミスをやらかすぞ
大丈夫か？　その調子じゃ、またミスをやらかすぞ
アクセラ
アクセラ
はい……。気をつけてはいるのですが……
はい……。気をつけてはいるのですが……
アクセラ
アクセラ
念のため検索もかけてみましたが、異常セクタは見つかりません
念のため検索もかけてみましたが、異常セクタは見つかりません
秀隆
秀隆
…………
…………
秀隆
秀隆
そりゃ、そうだろうな
そりゃ、そうだろうな
アクセラ
アクセラ
教えてくださいませんか……？
教えてくださいませんか……？
何を？　なんて、言う必要はない。
何を？　なんて、言う必要はない。
秀隆
秀隆
そうだな……オレも、早めに解決しておきたいとは思ってる問題だ
そうだな……オレも、早めに解決しておきたいとは思ってる問題だ
秀隆
秀隆
幸い今は誰もいないようだし……
幸い今は誰もいないようだし……
オレは椅子から立ちが上がると、アクセラの正面に立った。
オレは椅子から立ちが上がると、アクセラの正面に立った。
アクセラ
アクセラ
体内温度が、また１度上昇しました……やはり原因は不明です
体内温度が、また１度上昇しました……やはり原因は不明です
秀隆
秀隆
多分、こうしたらもっと上がる
多分、こうしたらもっと上がる
オレは、アクセラの背中に両手を回し、そっと抱き寄せる。
オレは、アクセラの背中に両手を回し、そっと抱き寄せる。
アクセラ
アクセラ
ひ、秀隆様！？
ひ、秀隆様！？
秀隆
秀隆
……どうだ？
……どうだ？
アクセラ
アクセラ
……あ、上がります……上がっているようです……
……あ、上がります……上がっているようです……
秀隆
秀隆
そうか……
そうか……
アクセラ
アクセラ
やはり、これは恋心のせいなのでしょうか……？
やはり、これは恋心のせいなのでしょうか……？
秀隆
秀隆
ああ……
ああ……
オレはアクセラの気持ちを確かめるというよりは、
オレはアクセラの気持ちを確かめるというよりは、
自分の気持ちを確かめるためにアクセラを抱き寄せていた。
自分の気持ちを確かめるためにアクセラを抱き寄せていた。
オレの鼓動は、いつもよりずっと早い。
オレの鼓動は、いつもよりずっと早い。
秀隆
秀隆
……多分オレたちは惹かれあってる、ってことなんだろうな
……多分オレたちは惹かれあってる、ってことなんだろうな
アクセラ
アクセラ
惹かれあっている……？
惹かれあっている……？
秀隆
秀隆
オレは今まで、アクセラを家族と思って接してきた。
オレは今まで、アクセラを家族と思って接してきた。
だけど、今は一人の女性として、意識してるってことだ
だけど、今は一人の女性として、意識してるってことだ
秀隆
秀隆
おまえも、きっとオレを主の一人、として考えているわけじゃない
おまえも、きっとオレを主の一人、として考えているわけじゃない
秀隆
秀隆
一人の男として、意識しているはずだ
一人の男として、意識しているはずだ
アクセラ
アクセラ
秀隆様を、男性として……
秀隆様を、男性として……
自分で考え、顔を真っ赤にする。
自分で考え、顔を真っ赤にする。
恋に落ちる瞬間には、明確な判断基準がないことの方が多い。
恋に落ちる瞬間には、明確な判断基準がないことの方が多い。
気が付けば、相手を意識してしまっている。
気が付けば、相手を意識してしまっている。
そしてそれは、人とアンドロイドの差すら、無意味にしてしまった。
そしてそれは、人とアンドロイドの差すら、無意味にしてしまった。
アクセラ
アクセラ
それは……つまり、私の知る理解でよろしいのでしょうか？
それは……つまり、私の知る理解でよろしいのでしょうか？
やや答え方がおかしかったが、意味は伝わってきた。
やや答え方がおかしかったが、意味は伝わってきた。
秀隆
秀隆
それであってると思う
それであってると思う
アクセラ
アクセラ
こうして抱きしめられていると、
こうして抱きしめられていると、
体内の温度が上昇して、ですが、凄く心地よくも感じています
体内の温度が上昇して、ですが、凄く心地よくも感じています
秀隆
秀隆
じゃあ、多分それが、恋ってことなんだろう
じゃあ、多分それが、恋ってことなんだろう
アクセラ
アクセラ
これが……恋……
これが……恋……
秀隆
秀隆
つまり、オレはおまえを……
つまり、オレはおまえを……
秀隆
秀隆
おまえを……
おまえを……
アクセラ
アクセラ
私を……？
私を……？
秀隆
秀隆
…………
…………
アクセラ
アクセラ
その続きを、聞きたいです……
その続きを、聞きたいです……
秀隆
秀隆
だから……その……
だから……その……
秀隆
秀隆
オレはおまえを、す……す……
オレはおまえを、す……す……
キズナ
キズナ
ただいま帰りましたーっ。あ、ひーくんの靴がありますっ
ただいま帰りましたーっ。あ、ひーくんの靴がありますっ
タタタッ。
タタタッ。
キズナが元気な足取りでリビングへ。
キズナが元気な足取りでリビングへ。
秀隆
秀隆
す……すげええええ元気になったぞおお！
す……すげええええ元気になったぞおお！
キズナ
キズナ
お帰りなさいですっ。いきなりの咆哮ですねっ！
お帰りなさいですっ。いきなりの咆哮ですねっ！
秀隆
秀隆
そりゃ、退院して元気が有り余ってるからな！
そりゃ、退院して元気が有り余ってるからな！
キズナ
キズナ
やっぱり、この家は誰かが欠けたらいけませんね。
やっぱり、この家は誰かが欠けたらいけませんね。
アクセラさんが居なくなっても寂しいし、ひーくんがいなくても寂しいです
アクセラさんが居なくなっても寂しいし、ひーくんがいなくても寂しいです
秀隆
秀隆
特にオレは一家の大黒柱だからな
特にオレは一家の大黒柱だからな
アクセラ
アクセラ
大黒柱にしては、稼ぎがイマイチですが
大黒柱にしては、稼ぎがイマイチですが
秀隆
秀隆
そ、それはだな……って、またこのやり取りか……いい加減うんざりだ
そ、それはだな……って、またこのやり取りか……いい加減うんざりだ
アクセラ
アクセラ
色々と、裏で高い買い物をしているようですし
色々と、裏で高い買い物をしているようですし
秀隆
秀隆
いやー……ははは……意地が悪いぞアクセラ
いやー……ははは……意地が悪いぞアクセラ
アクセラ
アクセラ
ふふ、ごめんなさい。困らせてしまいました
ふふ、ごめんなさい。困らせてしまいました
さっきまでのムードはなくなってしまったが、
さっきまでのムードはなくなってしまったが、
いつものアクセラに戻ったようだ。
いつものアクセラに戻ったようだ。
これはこれで、良しとしよう。
これはこれで、良しとしよう。
秋
秋
ただいま
ただいま
アクセラ
アクセラ
お帰りなさいませ、秋様
お帰りなさいませ、秋様
キズナ
キズナ
お帰りなさいですー
お帰りなさいですー
秀隆
秀隆
……お帰り
……お帰り
秋
秋
戻られてたんですね、兄さん
戻られてたんですね、兄さん
秀隆
秀隆
ああ。さっき帰ってきたばっかりだ
ああ。さっき帰ってきたばっかりだ
秋
秋
そうですか
そうですか
秋は部屋に戻っていく。
秋は部屋に戻っていく。
オレが退院したばかりにも関わらず、態度はいつも通りでホッとする。
オレが退院したばかりにも関わらず、態度はいつも通りでホッとする。
しかし、さすがに切り出せないよな。
しかし、さすがに切り出せないよな。
オレとアクセラの関係に変化が訪れていることは。
オレとアクセラの関係に変化が訪れていることは。
…………。
…………。
……。
……。
