秀隆
秀隆
アクセラに聞いた。熱が引いてないんだってな
アクセラに聞いた。熱が引いてないんだってな
秋
秋
おはようございます。はい、一日では引かなかったようです……
おはようございます。はい、一日では引かなかったようです……
秀隆
秀隆
今日は大人しく寝てるように。いいな？
今日は大人しく寝てるように。いいな？
秋
秋
はい……ごめんなさい
はい……ごめんなさい
秀隆
秀隆
別に謝ることじゃない。熱はおまえのせいじゃないんだからな
別に謝ることじゃない。熱はおまえのせいじゃないんだからな
アクセラ
アクセラ
秋様の傍についていてあげなくていいんですか？
秋様の傍についていてあげなくていいんですか？
秀隆
秀隆
少し悩んだけど、それはやめておく
少し悩んだけど、それはやめておく
秀隆
秀隆
熱を出すたびに付きっ切りになったら、あいつは嬉しい反面辛くもなるはずだ
熱を出すたびに付きっ切りになったら、あいつは嬉しい反面辛くもなるはずだ
秀隆
秀隆
オレに迷惑をかけて、申し訳ない、ってな
オレに迷惑をかけて、申し訳ない、ってな
アクセラ
アクセラ
秋様のことを、良くご理解されていると言うことですね
秋様のことを、良くご理解されていると言うことですね
秀隆
秀隆
そんな大層なもんじゃないさ
そんな大層なもんじゃないさ
秀隆
秀隆
秋のことは、今まで通りしっかり任せたぞ
秋のことは、今まで通りしっかり任せたぞ
アクセラ
アクセラ
お任せください
お任せください
se着信（バイブ
se着信（バイブ
秀隆
秀隆
メールか
メールか
携帯でメールを確認すると、差出人は希望からだった。
携帯でメールを確認すると、差出人は希望からだった。
秀隆
秀隆
放課後にホープタウンに行きます、か
放課後にホープタウンに行きます、か
希望
希望
秀隆くん
秀隆くん
秀隆
秀隆
よう。おまえが事前に連絡をよこすなんて、珍しいこともあるもんだな
よう。おまえが事前に連絡をよこすなんて、珍しいこともあるもんだな
希望
希望
そうかな？
そうかな？
秀隆
秀隆
大体突発的にやって来てるだろ
大体突発的にやって来てるだろ
希望
希望
うーん。私は自覚したことないけど
うーん。私は自覚したことないけど
秀隆
秀隆
それは問題だな……それで、用件は？
それは問題だな……それで、用件は？
希望
希望
とりあえず……
とりあえず……
こほん
こほん
秀隆
秀隆
ん？
ん？
希望
希望
おめでとうっ、秀隆くん
おめでとうっ、秀隆くん
秀隆
秀隆
な、なんだよ急に。何のおめでとうなんだ？
な、なんだよ急に。何のおめでとうなんだ？
希望
希望
もちろん秋ちゃんとのことに決まってるよ。仲直りしたんだよね
もちろん秋ちゃんとのことに決まってるよ。仲直りしたんだよね
秀隆
秀隆
それ誰に聞いたんだ？
それ誰に聞いたんだ？
希望
希望
キズナちゃん。私に連絡してくれたの
キズナちゃん。私に連絡してくれたの
希望
希望
私たちが気にかけてたこと、覚えててくれたんだね
私たちが気にかけてたこと、覚えててくれたんだね
秀隆
秀隆
そうか……悪いな。本当ならオレから連絡するべきことなのに
そうか……悪いな。本当ならオレから連絡するべきことなのに
希望
希望
気にしないで。仲直りできたなら良かったじゃない
気にしないで。仲直りできたなら良かったじゃない
秀隆
秀隆
ありがとうな
ありがとうな
希望
希望
本当は凛ちゃんも一緒に来たがってたんだけど……
本当は凛ちゃんも一緒に来たがってたんだけど……
希望
希望
ここのところドラマの収録が忙しくて時間が取れないみたいなの
ここのところドラマの収録が忙しくて時間が取れないみたいなの
秀隆
秀隆
最近テレビでの露出もどんどん増えてるもんな、仕方ないさ
最近テレビでの露出もどんどん増えてるもんな、仕方ないさ
秀隆
秀隆
でも、わざわざそれをいいにホープタウンまで？
でも、わざわざそれをいいにホープタウンまで？
希望
希望
うん。そうだよ？
うん。そうだよ？
秀隆
秀隆
律儀というか、何と言うか
律儀というか、何と言うか
希望
希望
あ、でも良かったら秋ちゃんに会って行きたいなーって
あ、でも良かったら秋ちゃんに会って行きたいなーって
秀隆
秀隆
それは
それは
希望
希望
あ、ダメなら全然いいんだけど……
あ、ダメなら全然いいんだけど……
秀隆
秀隆
歩きながら話そうか
歩きながら話そうか
希望
希望
熱で寝込んでるんだ……
熱で寝込んでるんだ……
秀隆
秀隆
ああ。だから、あまり長い間は話せないと思う。それでもいいか？
ああ。だから、あまり長い間は話せないと思う。それでもいいか？
希望
希望
私は一言だけでも話せればと思って。
私は一言だけでも話せればと思って。
でも、もし悪いようだったら、また今度でもいいんだよ？
でも、もし悪いようだったら、また今度でもいいんだよ？
秀隆
秀隆
いや、オレとしては一目会ってもらいたい。
いや、オレとしては一目会ってもらいたい。
希望の明るさというか、元気を分け与えてやって欲しい
希望の明るさというか、元気を分け与えてやって欲しい
希望を連れて来たオレは、家に上げ秋の部屋へ。
希望を連れて来たオレは、家に上げ秋の部屋へ。
秀隆
秀隆
入るぞ
入るぞ
希望
希望
おじゃましまーす
おじゃましまーす
秋
秋
……あれ？　兄さん……と、希望さん……どうして？
……あれ？　兄さん……と、希望さん……どうして？
希望
希望
秀隆くんに聞いたの。熱出して寝込んでるって
秀隆くんに聞いたの。熱出して寝込んでるって
秋
秋
はい。……ちょっと昨日から、体調が良くなくて
はい。……ちょっと昨日から、体調が良くなくて
希望
希望
そっか。あ、すぐ帰るから安心してね
そっか。あ、すぐ帰るから安心してね
秋
秋
どうしてホープタウンに……？
どうしてホープタウンに……？
秀隆
秀隆
キズナから、オレと秋のことを聞いて来たらしい
キズナから、オレと秋のことを聞いて来たらしい
希望
希望
やっと仲直りできたんだってね。よかったね
やっと仲直りできたんだってね。よかったね
秋
秋
あ……うん。ありがとう……
あ……うん。ありがとう……
希望
希望
これで晴れて、仲良し兄妹だねっ
これで晴れて、仲良し兄妹だねっ
秀隆
秀隆
あれ、もしかしてキズナから詳しくは聞いてないのか？
あれ、もしかしてキズナから詳しくは聞いてないのか？
希望
希望
え？　どうやって仲直りしたかとかは知らないよ？
え？　どうやって仲直りしたかとかは知らないよ？
秀隆
秀隆
そうじゃなくて……
そうじゃなくて……
秀隆
秀隆
オレと秋が、その、付き合ってるってことは？
オレと秋が、その、付き合ってるってことは？
希望
希望
秀隆くんと秋ちゃんが付き合ってるの？
秀隆くんと秋ちゃんが付き合ってるの？
秀隆
秀隆
ああ
ああ
秋も頷く。
秋も頷く。
希望
希望
兄妹なのに？
兄妹なのに？
秀隆
秀隆
血は繋がってないしな
血は繋がってないしな
希望
希望
……びっくりかも
……びっくりかも
それから、オレは今までの経緯を大よそ説明した。
それから、オレは今までの経緯を大よそ説明した。
希望
希望
なるほどぉ。中々深い話だね
なるほどぉ。中々深い話だね
希望
希望
でもちょっと意外、ううん、凄く意外だった
でもちょっと意外、ううん、凄く意外だった
希望
希望
仲直りしたことは良かったと思うけど、
仲直りしたことは良かったと思うけど、
まさか嫌いな関係から恋人にまで発展してたなんて……
まさか嫌いな関係から恋人にまで発展してたなんて……
秋
秋
希望さんも、私のせいで沢山振り回してしまいました……
希望さんも、私のせいで沢山振り回してしまいました……
希望
希望
そんなことないよ。全然、そんなことない
そんなことないよ。全然、そんなことない
秀隆
秀隆
そうだよな。基本的にいつも振り回すのは希望の方だしな
そうだよな。基本的にいつも振り回すのは希望の方だしな
秋
秋
今度、凛さんにもお礼を言いたいです
今度、凛さんにもお礼を言いたいです
希望
希望
きっと喜ぶと思うよ
きっと喜ぶと思うよ
秋
秋
はい。それと、警告もしておこうと思っています
はい。それと、警告もしておこうと思っています
希望
希望
警告？　警告ってなに？
警告？　警告ってなに？
秋
秋
希望さんにも凛さんにも、兄さんは渡しませんから
希望さんにも凛さんにも、兄さんは渡しませんから
希望
希望
わ……。私って恋のライバルとかに見えちゃった？　婚約者いるけど
わ……。私って恋のライバルとかに見えちゃった？　婚約者いるけど
秋
秋
可愛い人は皆敵ですから
可愛い人は皆敵ですから
秀隆
秀隆
見舞いに来てくれた奴になんつーことを
見舞いに来てくれた奴になんつーことを
秋
秋
でも、希望さんはあまり心配していません
でも、希望さんはあまり心配していません
秋
秋
凛さんの方は……兄さんの好みでもあるので要注意です
凛さんの方は……兄さんの好みでもあるので要注意です
希望
希望
それはねぇ。日頃の秀隆くんを見てると思い当たることはあるよね
それはねぇ。日頃の秀隆くんを見てると思い当たることはあるよね
秀隆
秀隆
な、なんだよ思い当たることって
な、なんだよ思い当たることって
希望
希望
それはほら、ここでは言えないというか
それはほら、ここでは言えないというか
秋
秋
後で教えてくださいね
後で教えてくださいね
希望
希望
うん
うん
秀隆
秀隆
そんな安受けあいして知らんぞ。凛に被害が出ても
そんな安受けあいして知らんぞ。凛に被害が出ても
希望
希望
え？　秀隆くんが秋ちゃんに刺されるとか、そう言うのじゃないの？
え？　秀隆くんが秋ちゃんに刺されるとか、そう言うのじゃないの？
秋
秋
どうして私が兄さんを傷つけるんですか？
どうして私が兄さんを傷つけるんですか？
希望
希望
あれれ？　認識の違い？　彼氏がもし浮気したりしたら？
あれれ？　認識の違い？　彼氏がもし浮気したりしたら？
秋
秋
浮気相手の女性を殺します
浮気相手の女性を殺します
希望
希望
……あはは……
……あはは……
能天気だった希望から、乾いた笑いが漏れた。
能天気だった希望から、乾いた笑いが漏れた。
希望
希望
や、やだな秋ちゃん。なかなか怖いジョークだね
や、やだな秋ちゃん。なかなか怖いジョークだね
秋
秋
気をつけてくださいね、希望さん
気をつけてくださいね、希望さん
希望
希望
……はい……
……はい……
希望
希望
それじゃ、お邪魔しました
それじゃ、お邪魔しました
秀隆
秀隆
キズナに会っていかなくていいのか？　もうすぐ帰って来ると思うけど
キズナに会っていかなくていいのか？　もうすぐ帰って来ると思うけど
希望
希望
暗くなる前に帰りたいし
暗くなる前に帰りたいし
秀隆
秀隆
そうか。じゃあ途中まで送って行く
そうか。じゃあ途中まで送って行く
希望
希望
それは遠慮しておこうかな……
それは遠慮しておこうかな……
誤解から秋ちゃんに刺し殺されちゃったら嫌だし
誤解から秋ちゃんに刺し殺されちゃったら嫌だし
秀隆
秀隆
そんな大げさな……こともないかも知れない
そんな大げさな……こともないかも知れない
希望
希望
浮気しちゃだめだよ？
浮気しちゃだめだよ？
秀隆
秀隆
怖くてしようもない
怖くてしようもない
希望
希望
……大切にして上げてね
……大切にして上げてね
秀隆
秀隆
ああ。もちろんだ
ああ。もちろんだ
希望
希望
それじゃ、また今度。お邪魔しました
それじゃ、また今度。お邪魔しました
秀隆
秀隆
ふう……まさか、あの希望まで秋に振り回されるなんてな
ふう……まさか、あの希望まで秋に振り回されるなんてな
まあ可愛い彼女の愛情と思えばいいんだが、
まあ可愛い彼女の愛情と思えばいいんだが、
どうにも発言の内容が物騒過ぎるんだよな。
どうにも発言の内容が物騒過ぎるんだよな。
…………。
…………。
……。
……。
