……朝。
……朝。
オレは包まれるような感覚で目を覚ました。
オレは包まれるような感覚で目を覚ました。
すごく、心地よい。
すごく、心地よい。
秀隆
秀隆
……おはよう
……おはよう
その原因は、当然オレの腕に抱きついて眠っていたアクセラだ。
その原因は、当然オレの腕に抱きついて眠っていたアクセラだ。
本当なら今すぐファイト突入したいが、
本当なら今すぐファイト突入したいが、
生憎とセックスしている時間はなさそうだ。
生憎とセックスしている時間はなさそうだ。
オレは時間ギリギリまで、アクセラのおっぱいを堪能することにした。
オレは時間ギリギリまで、アクセラのおっぱいを堪能することにした。
オレが部屋を出ると、キズナがすでに席についていた。
オレが部屋を出ると、キズナがすでに席についていた。
秀隆
秀隆
おはようさん
おはようさん
キズナ
キズナ
おはようですっ。昨晩はお楽しみでしたか？
おはようですっ。昨晩はお楽しみでしたか？
秀隆
秀隆
ななな、何を言ってるんだねチミはっ！
ななな、何を言ってるんだねチミはっ！
と思ったが、キズナが気づくのも無理ないのか。
と思ったが、キズナが気づくのも無理ないのか。
アクセラが夜中にいなくなれば、キズナは当然気づく。
アクセラが夜中にいなくなれば、キズナは当然気づく。
キズナ
キズナ
恋人さん同士なんですから、普通だと思いますよ
恋人さん同士なんですから、普通だと思いますよ
秀隆
秀隆
この耳年増め……
この耳年増め……
秋
秋
……はよう……ございます……
……はよう……ございます……
秀隆
秀隆
今日も随分と眠そうだな
今日も随分と眠そうだな
秋
秋
……誰のせいだと思ってるんですか……
……誰のせいだと思ってるんですか……
秀隆
秀隆
え？
え？
秋
秋
……なんでもありません
……なんでもありません
そういや、先日も隣の部屋がどうとか言ってたな。
そういや、先日も隣の部屋がどうとか言ってたな。
もしかしてオレとアクセラの行為が筒抜け、とか？
もしかしてオレとアクセラの行為が筒抜け、とか？
……まさかな……？
……まさかな……？
オレは凛から１通のメールを受け取る。
オレは凛から１通のメールを受け取る。
一度会って話がしたいそうだ。
一度会って話がしたいそうだ。
もちろん、断る理由はない。
もちろん、断る理由はない。
アクセラ
アクセラ
なにやら、嬉しそうに携帯をみられておりますね
なにやら、嬉しそうに携帯をみられておりますね
秀隆
秀隆
え？　そ、そうかな
え？　そ、そうかな
アクセラ
アクセラ
…………
…………
アクセラから疑いのまなざしを受けている気がする。
アクセラから疑いのまなざしを受けている気がする。
秀隆
秀隆
ちょっと相談ごとがあるってメールだ
ちょっと相談ごとがあるってメールだ
アクセラ
アクセラ
相談ごとですか？　どなたからでしょう？
相談ごとですか？　どなたからでしょう？
秀隆
秀隆
いや、別に誰からなんてのは関係ないと思うんだが
いや、別に誰からなんてのは関係ないと思うんだが
アクセラ
アクセラ
関係ないのなら、お聞きしてもよろしいですよね？
関係ないのなら、お聞きしてもよろしいですよね？
秀隆
秀隆
……凛からだよ
……凛からだよ
アクセラ
アクセラ
凛様……やはり
凛様……やはり
秀隆
秀隆
なんだよ、そのやはり、ってのは
なんだよ、そのやはり、ってのは
アクセラ
アクセラ
凛さまは、秀隆さまのタイプの女性ですし
凛さまは、秀隆さまのタイプの女性ですし
秀隆
秀隆
待て。オレがいつ凛がタイプだなんて言ったんだ、え？　おい
待て。オレがいつ凛がタイプだなんて言ったんだ、え？　おい
キズナ
キズナ
ひーくんはりんりんみたいな子が好きですよね？
ひーくんはりんりんみたいな子が好きですよね？
秀隆
秀隆
え……
え……
なに、え、皆ひょっとして、僕の好みバレてる？
なに、え、皆ひょっとして、僕の好みバレてる？
アクセラ
アクセラ
私は不安です
私は不安です
秀隆
秀隆
凛はただの友達だ。何も心配するようなことはないぞ
凛はただの友達だ。何も心配するようなことはないぞ
キズナ
キズナ
でも、もしりんりんがひーくんを求めてきたら？
でも、もしりんりんがひーくんを求めてきたら？
秀隆
秀隆
そりゃ……そりゃ……
そりゃ……そりゃ……
凛がオレを求めてきたら？
凛がオレを求めてきたら？
凛
凛
秀隆……抱いてほしいの
秀隆……抱いてほしいの
秀隆
秀隆
いや、だめだ。オレにはアクセラという大切な女性が……
いや、だめだ。オレにはアクセラという大切な女性が……
凛
凛
お願い……
お願い……
ボロンっ（おっぱいを出す音）
ボロンっ（おっぱいを出す音）
秀隆
秀隆
今だけはおまえを愛してやる……
今だけはおまえを愛してやる……
凛
凛
嬉しいっ！
嬉しいっ！
秀隆
秀隆
オレが浮気するわけないだろ
オレが浮気するわけないだろ
アクセラ
アクセラ
…………
…………
秋
秋
…………
…………
お二人からは、すごく疑いの目で見られていました。
お二人からは、すごく疑いの目で見られていました。
仕事が終わり、待ち合わせの時間になる。
仕事が終わり、待ち合わせの時間になる。
オレはベンチに座って凛が来るのを待っていた。
オレはベンチに座って凛が来るのを待っていた。
凛
凛
お待たせ。待たせちゃった？
お待たせ。待たせちゃった？
秀隆
秀隆
大丈夫だ。どうせ時間もあまってたしな
大丈夫だ。どうせ時間もあまってたしな
秀隆
秀隆
それで、オレに相談ってなんだよ
それで、オレに相談ってなんだよ
凛
凛
あ、うん。あんたって、まだ違法アンドロイドの調査してるのかなって思ってさ
あ、うん。あんたって、まだ違法アンドロイドの調査してるのかなって思ってさ
秀隆
秀隆
今は凍結中だな。オレを刺した犯人も捕まってないみたいだし
今は凍結中だな。オレを刺した犯人も捕まってないみたいだし
凛
凛
そっか……
そっか……
秀隆
秀隆
それがどうかしたのか？
それがどうかしたのか？
凛
凛
ううん、別に。
ううん、別に。
あ、そうそう、それとは全然関係ない話なんだけどさ
あ、そうそう、それとは全然関係ない話なんだけどさ
秀隆
秀隆
ん？　ああ、なんだよ
ん？　ああ、なんだよ
凛
凛
秀隆にちょっと、聞きたいことがあって。
秀隆にちょっと、聞きたいことがあって。
杉村先生って、あんたの昔からの知り合いなのよね
杉村先生って、あんたの昔からの知り合いなのよね
秀隆
秀隆
ああ。そうだけど
ああ。そうだけど
凛
凛
病院の先生、なのよね？
病院の先生、なのよね？
秀隆
秀隆
精神科の先生だ。それがどうかしたのか？
精神科の先生だ。それがどうかしたのか？
凛
凛
…………
…………
凛が、黙り込んでしまう。
凛が、黙り込んでしまう。
秀隆
秀隆
まぁ、分かるぞ凛。いくらおまえでも、杉村さんのおっぱいには勝てない
まぁ、分かるぞ凛。いくらおまえでも、杉村さんのおっぱいには勝てない
秀隆
秀隆
負けを認めたくない気持ちは分かるが仕方ないんだ
負けを認めたくない気持ちは分かるが仕方ないんだ
凛
凛
…………
…………
こちらの下ネタに、無反応。
こちらの下ネタに、無反応。
何か、考え込んでいる様子だ。
何か、考え込んでいる様子だ。
違法アンドロイドの件と、何か関係が……。
違法アンドロイドの件と、何か関係が……。
秀隆
秀隆
お、おい。まさか杉村さんがアンドロイドだなんて言うつもりじゃないよな？
お、おい。まさか杉村さんがアンドロイドだなんて言うつもりじゃないよな？
秀隆
秀隆
杉村さんとは、オレはもう長い付き合いになる。
杉村さんとは、オレはもう長い付き合いになる。
あの人がアンドロイドだなんてこと、あるはずないからな？
あの人がアンドロイドだなんてこと、あるはずないからな？
秀隆
秀隆
それに、杉村さんは唐沢代表とお付き合いだってしてる。
それに、杉村さんは唐沢代表とお付き合いだってしてる。
多分もうすぐ結婚するんじゃないかって、オレは読んでるくらいで
多分もうすぐ結婚するんじゃないかって、オレは読んでるくらいで
凛はオレの言葉を、神妙な面持ちで聞いていた。
凛はオレの言葉を、神妙な面持ちで聞いていた。
その表情を見ていると、オレ自身、言葉が出なくなる。
その表情を見ていると、オレ自身、言葉が出なくなる。
もし、杉村さんが違法アンドロイドだったなら。
もし、杉村さんが違法アンドロイドだったなら。
人間のフリをしていたとしたら。
人間のフリをしていたとしたら。
秀隆
秀隆
……まさか……そんなことって……
……まさか……そんなことって……
…………。
…………。
……。
……。
