凛
凛
世の中の男女も、こんな時間くらいから、
世の中の男女も、こんな時間くらいから、
エッチしてるのかな……？
エッチしてるのかな……？
秀隆
秀隆
多分、沢山いると思う。お互いに見つめ合って、愛を語り合って
多分、沢山いると思う。お互いに見つめ合って、愛を語り合って
凛
凛
んっ……
んっ……
秀隆
秀隆
それから、キスして
それから、キスして
凛
凛
……へへっ
……へへっ
子供のように、凛が顔を赤くしながら笑った。
子供のように、凛が顔を赤くしながら笑った。
凛
凛
テレる……
テレる……
秀隆
秀隆
オレだって、まだまだ恥ずかしいぞ。キスするのも、どきどきで一杯だ
オレだって、まだまだ恥ずかしいぞ。キスするのも、どきどきで一杯だ
凛
凛
うん、そうね……
うん、そうね……
凛
凛
ドキドキする……
ドキドキする……
オレは、凛の服に手を這わせ、その豊満な胸へと、優しく触れた。
オレは、凛の服に手を這わせ、その豊満な胸へと、優しく触れた。
秀隆
秀隆
服の上からでも、凛の柔らかいおっぱいがよく分かる
服の上からでも、凛の柔らかいおっぱいがよく分かる
凛
凛
最高？
最高？
秀隆
秀隆
最高だよ
最高だよ
凛
凛
秀隆は幸せ者。あたしを独占できてる
秀隆は幸せ者。あたしを独占できてる
凛
凛
あたしも幸せ者。秀隆を、独占できてる
あたしも幸せ者。秀隆を、独占できてる
秀隆
秀隆
凛……
凛……
凛
凛
んっ……ちゅっ……ちゅ、ん、ちゅっ……
んっ……ちゅっ……ちゅ、ん、ちゅっ……
囁く唇をふさぐように、自らの唇を重ねる。
囁く唇をふさぐように、自らの唇を重ねる。
それから、ゆっくりと、凛の口内へと舌を差し入れていく。
それから、ゆっくりと、凛の口内へと舌を差し入れていく。
凛
凛
ひゃ……んっ、ちゅく、ちゅっ……ちゅるっ……
ひゃ……んっ、ちゅく、ちゅっ……ちゅるっ……
最初は驚いた凛だったが、すぐに事態を受け入れ、自らもオレの舌へと絡めてきた。
最初は驚いた凛だったが、すぐに事態を受け入れ、自らもオレの舌へと絡めてきた。
凛
凛
ん、ふぅっ……くちゅっ、ちゅっ……ちゅぅっ……
ん、ふぅっ……くちゅっ、ちゅっ……ちゅぅっ……
熱い吐息を吐き出しながら、お互いの匂いと味を確かめ合うように。
熱い吐息を吐き出しながら、お互いの匂いと味を確かめ合うように。
嗜好の蜜を交換し合う。
嗜好の蜜を交換し合う。
頭がとろけてしまいそうなほどの快楽。
頭がとろけてしまいそうなほどの快楽。
秀隆
秀隆
……キスだけでも、気持ちよくなれるな……
……キスだけでも、気持ちよくなれるな……
凛
凛
う、うん……ヤバイかも……って言うか、反則すぎ……
う、うん……ヤバイかも……って言うか、反則すぎ……
こんなキスされたら、ますます秀隆に惚れちゃうじゃない……
こんなキスされたら、ますます秀隆に惚れちゃうじゃない……
秀隆
秀隆
オレも同じだ。……これ以上、惚れられるかわからんくらい、
オレも同じだ。……これ以上、惚れられるかわからんくらい、
好きだけど
好きだけど
凛
凛
……当然ね……んっ……
……当然ね……んっ……
今度は、凛からオレを求めてきた。
今度は、凛からオレを求めてきた。
そして凛の舌が、オレの口の中に進入してくる。
そして凛の舌が、オレの口の中に進入してくる。
そして、オレの舌を捕まえて絡めてきた。
そして、オレの舌を捕まえて絡めてきた。
凛
凛
ちゅっ、ちゅっ、ん、ちゅっ……くちゅ、ちゅっ……ふぅっ、んっ……
ちゅっ、ちゅっ、ん、ちゅっ……くちゅ、ちゅっ……ふぅっ、んっ……
オレはその舌を逃がしてなるものかと、
オレはその舌を逃がしてなるものかと、
甘く噛むようにしながら、舌先で感触を楽しむ。
甘く噛むようにしながら、舌先で感触を楽しむ。
凛
凛
ふぅっ、んっ。んっ……ちゅっ、ちゅっ……
ふぅっ、んっ。んっ……ちゅっ、ちゅっ……
凛
凛
くちゅ、ちゅっ、ちゅっ……ちゅるっ、んん……
くちゅ、ちゅっ、ちゅっ……ちゅるっ、んん……
いつまでも求めていたいし、求められていたい。
いつまでも求めていたいし、求められていたい。
一日中だって、キスしていられる自信がある。
一日中だって、キスしていられる自信がある。
でも、男の欲求は、つまるところ天井知らず。
でも、男の欲求は、つまるところ天井知らず。
オレはおっぱいを手でひたすら堪能し続け、
オレはおっぱいを手でひたすら堪能し続け、
服の上から凛の乳首へと刺激を送り続けていた。
服の上から凛の乳首へと刺激を送り続けていた。
凛
凛
んっ……んんっ……ら、らめ、集中れきないっ……！
んっ……んんっ……ら、らめ、集中れきないっ……！
凛が快楽を堪えきれず、吐息を漏らす。
凛が快楽を堪えきれず、吐息を漏らす。
オレはべろりと凛の服を上にたくしあげる。
オレはべろりと凛の服を上にたくしあげる。
凛
凛
ちょ……もうっ……脱がさないんだ……
ちょ……もうっ……脱がさないんだ……
秀隆
秀隆
この方が、エッチだし
この方が、エッチだし
凛
凛
バーカ……
バーカ……
秀隆
秀隆
でも、これは邪魔かな
でも、これは邪魔かな
そういって、ブラに手をかける。
そういって、ブラに手をかける。
凛
凛
あっ……
あっ……
凛のおっぱいを隠していたものが取り払われた。
凛のおっぱいを隠していたものが取り払われた。
秀隆
秀隆
……おっぱい。凛のおっぱい
……おっぱい。凛のおっぱい
凛
凛
エッチな顔して、だらしない……
エッチな顔して、だらしない……
秀隆
秀隆
いいだろ。好きなんだから
いいだろ。好きなんだから
凛
凛
……いいんだけどね
……いいんだけどね
オレは、もう言葉で表現する必要もいらないと思われるおっぱいに触れる。
オレは、もう言葉で表現する必要もいらないと思われるおっぱいに触れる。
弾力も形も、やっぱり完璧だ。
弾力も形も、やっぱり完璧だ。
オレはおっぱいを掴むと、ぷくっと大きくなりかけていた
オレはおっぱいを掴むと、ぷくっと大きくなりかけていた
乳首に吸い付くようにして、ぱっくりと口の中へ。
乳首に吸い付くようにして、ぱっくりと口の中へ。
凛
凛
んっ！
んっ！
そして、乳首を舌先で転がすと、どんどんと大きくなっていく。
そして、乳首を舌先で転がすと、どんどんと大きくなっていく。
凛
凛
そ、そんなに強く吸っちゃ……やぁ、あっ……秀隆っ……！
そ、そんなに強く吸っちゃ……やぁ、あっ……秀隆っ……！
思わずオレの頭をぎゅーっと抑えてしまう凛。
思わずオレの頭をぎゅーっと抑えてしまう凛。
その慌てぶりが面白かったオレは、
その慌てぶりが面白かったオレは、
もっともっとと、強く吸い上げていく。
もっともっとと、強く吸い上げていく。
凛
凛
んっ、んんっ！　あ、はっああっ、声、勝手に、んっ……！
んっ、んんっ！　あ、はっああっ、声、勝手に、んっ……！
じゅるじゅるとわざと啜る音を立て、空いたもう片方のおっぱいは、
じゅるじゅるとわざと啜る音を立て、空いたもう片方のおっぱいは、
少し強めに、揉みしだく。
少し強めに、揉みしだく。
ぐーっと乳首を吸い上げながら顔を離すと、
ぐーっと乳首を吸い上げながら顔を離すと、
ちゅぽん、という音と共におっぱいが震えた。
ちゅぽん、という音と共におっぱいが震えた。
そして、今度は、舌先を突き出し、べろべろと乳首や乳輪を舐める。
そして、今度は、舌先を突き出し、べろべろと乳首や乳輪を舐める。
凛
凛
んっ……あ、な、なんでそんな、子供みたいなっ……やっ……！
んっ……あ、な、なんでそんな、子供みたいなっ……やっ……！
凛
凛
はぁっ、ああっ、ひで、秀隆、エッチすぎ、
はぁっ、ああっ、ひで、秀隆、エッチすぎ、
駄目っ……こんなのっ！
駄目っ……こんなのっ！
秀隆
秀隆
気持ちいいだろ？
気持ちいいだろ？
凛
凛
そ、それは……そうだけどっ……んっ……恥ずかしいってば……
そ、それは……そうだけどっ……んっ……恥ずかしいってば……
秀隆
秀隆
凛の恥ずかしがってるところ、沢山みたい
凛の恥ずかしがってるところ、沢山みたい
オレは凛の一番大切なところへと、片方の手を滑らせる。
オレは凛の一番大切なところへと、片方の手を滑らせる。
そして、スカートの中にある布地へと、触れた。
そして、スカートの中にある布地へと、触れた。
凛
凛
っ！？
っ！？
これから、オレが何をしようとしているのか。
これから、オレが何をしようとしているのか。
その憶測がついたのだろう。
その憶測がついたのだろう。
秀隆
秀隆
凛のここ、舐めたい
凛のここ、舐めたい
凛
凛
だだ、駄目、絶対駄目だからね！
だだ、駄目、絶対駄目だからね！
秀隆
秀隆
オレが何をしようとしたのか、分かったのか？
オレが何をしようとしたのか、分かったのか？
凛
凛
わ、分かるわよっ
わ、分かるわよっ
秀隆
秀隆
なんだよ。言ってみ？
なんだよ。言ってみ？
凛
凛
そ、それは……その……下着、脱がせて……見る、んでしょ？
そ、それは……その……下着、脱がせて……見る、んでしょ？
秀隆
秀隆
不正解
不正解
凛
凛
えっ、違うの！？
えっ、違うの！？
秀隆
秀隆
正解は、脱がせて見て、舐める、でした
正解は、脱がせて見て、舐める、でした
凛
凛
そっか、舐めるが抜けてたのかあ……って、余計駄目でしょうが！
そっか、舐めるが抜けてたのかあ……って、余計駄目でしょうが！
秀隆
秀隆
駄目じゃないぞ。少なくともオレは
駄目じゃないぞ。少なくともオレは
つつっと顔を下げ、オレは凛の下半身へと顔を持っていく。
つつっと顔を下げ、オレは凛の下半身へと顔を持っていく。
凛
凛
見るだけじゃなくて、舐めるって……嘘、よね？
見るだけじゃなくて、舐めるって……嘘、よね？
秀隆
秀隆
嘘なわけないだろ
嘘なわけないだろ
オレは、凛の下着へと、舌を突き出して触れた。
オレは、凛の下着へと、舌を突き出して触れた。
凛
凛
ば、バカ、そんなとこ、汚……いわけはないんだけど、アイドルだしっ！
ば、バカ、そんなとこ、汚……いわけはないんだけど、アイドルだしっ！
面子を保つためか、最後のところで凛が踏みとどまった。
面子を保つためか、最後のところで凛が踏みとどまった。
秀隆
秀隆
じゃあ問題ないよな
じゃあ問題ないよな
凛
凛
問題あるってばっ。綺麗とか汚いとか、そう言う問題じゃないしっ
問題あるってばっ。綺麗とか汚いとか、そう言う問題じゃないしっ
秀隆
秀隆
なるほど。確かに
なるほど。確かに
凛
凛
納得、してくれた？
納得、してくれた？
秀隆
秀隆
ああ。確かに納得だ。オレにとってみれば、
ああ。確かに納得だ。オレにとってみれば、
凛のここが綺麗だろうと綺麗じゃなかろうと、関係ないもんな
凛のここが綺麗だろうと綺麗じゃなかろうと、関係ないもんな
凛
凛
そうそ……って違う！　それ解釈間違ってる！
そうそ……って違う！　それ解釈間違ってる！
秀隆
秀隆
さて、頂きますと
さて、頂きますと
オレはわーキャー言う凛を静かにさせるべく、
オレはわーキャー言う凛を静かにさせるべく、
下着の先に強く舌を押し付けた。
下着の先に強く舌を押し付けた。
凛
凛
んっ！　し、信じらんない……
んっ！　し、信じらんない……
秀隆
秀隆
おまえだって、オレのを舐めただろ。同じことだよ
おまえだって、オレのを舐めただろ。同じことだよ
凛
凛
そ、それは、だけど……ひゃっ！
そ、それは、だけど……ひゃっ！
オレは下着に手をかけ、するするっと、脱がせていく。
オレは下着に手をかけ、するするっと、脱がせていく。
凛
凛
だめだって……だめぇ……はあ、あっ……うそ、やあっ……
だめだって……だめぇ……はあ、あっ……うそ、やあっ……
そして、明るみのもと、凛のあそこがオレの目の前に曝け出された。
そして、明るみのもと、凛のあそこがオレの目の前に曝け出された。
凛はぎゅっと目を閉じその羞恥を堪えている。
凛はぎゅっと目を閉じその羞恥を堪えている。
秀隆
秀隆
昨日は、誤魔化し誤魔化しされたからな。ちっとも見れなかったんだ
昨日は、誤魔化し誤魔化しされたからな。ちっとも見れなかったんだ
凛
凛
み、見せたくないからに決まってるでしょ……
み、見せたくないからに決まってるでしょ……
秀隆
秀隆
なんでだよ。こんなに綺麗なのに……
なんでだよ。こんなに綺麗なのに……
美しく生え揃った毛並みに隠された、凛の大切なところ。
美しく生え揃った毛並みに隠された、凛の大切なところ。
オレは、その大切な部分から真珠を見つけるべく、
オレは、その大切な部分から真珠を見つけるべく、
優しく茂みをかきわける。
優しく茂みをかきわける。
秀隆
秀隆
凛のここ、こんな風になってたんだな
凛のここ、こんな風になってたんだな
凛
凛
ば、バカ。何じっくり観察しちゃってんのよ！
ば、バカ。何じっくり観察しちゃってんのよ！
秀隆
秀隆
だって、ずっと見たいと思ってたんだ。仕方ないだろ
だって、ずっと見たいと思ってたんだ。仕方ないだろ
オレは人差し指で自分の唾をつけると、
オレは人差し指で自分の唾をつけると、
そのぬれた指で凛のあそこをなぞった。
そのぬれた指で凛のあそこをなぞった。
凛
凛
ひゃ！？
ひゃ！？
びくっと身体が反応し、驚きを見せる。
びくっと身体が反応し、驚きを見せる。
秀隆
秀隆
痛かったか？
痛かったか？
凛
凛
そ、そうじゃないけど……普通、そんなとこ触るなんて思いもしないでしょ……
そ、そうじゃないけど……普通、そんなとこ触るなんて思いもしないでしょ……
秀隆
秀隆
思いもしない？　知識としてはしってるだろ、たっぷり
思いもしない？　知識としてはしってるだろ、たっぷり
凛
凛
……本当に触るもんなのね……楽しい？
……本当に触るもんなのね……楽しい？
秀隆
秀隆
楽しいし、嬉しいし、気持ちいいし、いいこと尽くめだぞ
楽しいし、嬉しいし、気持ちいいし、いいこと尽くめだぞ
凛
凛
あ、っそ……
あ、っそ……
オレは、なでなでと指の腹で触れた後、
オレは、なでなでと指の腹で触れた後、
先端を凛の穴へとあてがった。
先端を凛の穴へとあてがった。
秀隆
秀隆
ゆっくり入れるけど、痛かったら我慢せずに言えよ？
ゆっくり入れるけど、痛かったら我慢せずに言えよ？
凛
凛
ん……分かってる。やめてくれなかったら蹴って上げる
ん……分かってる。やめてくれなかったら蹴って上げる
秀隆
秀隆
ど、どこをでしょうか？
ど、どこをでしょうか？
凛
凛
それは自分で考えたら？
それは自分で考えたら？
秀隆
秀隆
気をつけます……
気をつけます……
痛くならないよう、そっと指を入れていく。
痛くならないよう、そっと指を入れていく。
凛
凛
んっ……
んっ……
痛い、というよりは、異物の進入に違和感を覚える凛。
痛い、というよりは、異物の進入に違和感を覚える凛。
ゆっくりと中に入っていくと、襞がすぐに指へと吸い付いてきた。
ゆっくりと中に入っていくと、襞がすぐに指へと吸い付いてきた。
秀隆
秀隆
凄い締め付けだ……
凄い締め付けだ……
凛
凛
そ、そんなこと言われても……んっ……
そ、そんなこと言われても……んっ……
指の第二間接まで入れて、そして引き抜く。
指の第二間接まで入れて、そして引き抜く。
そして、また突き入れる。
そして、また突き入れる。
凛
凛
あんっ……！
あんっ……！
凛が、一度可愛く鳴いた。
凛が、一度可愛く鳴いた。
秀隆
秀隆
今の凛の声、凄く可愛かった
今の凛の声、凄く可愛かった
凛
凛
う、うるさいっ。出したくて出したんじゃないしっ……
う、うるさいっ。出したくて出したんじゃないしっ……
秀隆
秀隆
つまり……
つまり……
指を抜き、そして、また中へ押し込む。
指を抜き、そして、また中へ押し込む。
凛
凛
あんっ……
あんっ……
秀隆
秀隆
……エロい！
……エロい！
凛
凛
蹴っていい？
蹴っていい？
秀隆
秀隆
だ、駄目だ。どこを蹴るつもりかは知らないが、ダメだっ
だ、駄目だ。どこを蹴るつもりかは知らないが、ダメだっ
秀隆
秀隆
いいだろ別に。凛の可愛いところ見たいんだよ
いいだろ別に。凛の可愛いところ見たいんだよ
オレは、次の凛の言葉を待つ前に、指を中でぐにぐにと動かした。
オレは、次の凛の言葉を待つ前に、指を中でぐにぐにと動かした。
凛
凛
はうっ！　あ、ちょ、や、だ、だめ、んっ！
はうっ！　あ、ちょ、や、だ、だめ、んっ！
想像以上の刺激が襲ってきたのか、凛の体が弓なりに仰け反った。
想像以上の刺激が襲ってきたのか、凛の体が弓なりに仰け反った。
秀隆
秀隆
気持ち良いか？
気持ち良いか？
凛
凛
は、あっ、あっ、だ、駄目だってば、ばか、やめてっ……！
は、あっ、あっ、だ、駄目だってば、ばか、やめてっ……！
指には痛みよりも快楽が遥かに強いのか、
指には痛みよりも快楽が遥かに強いのか、
凛は可愛い声を出しながら、ベッドの上で悶える。
凛は可愛い声を出しながら、ベッドの上で悶える。
オレはその姿が嬉しくて、もっと感じてほしいと思った。
オレはその姿が嬉しくて、もっと感じてほしいと思った。
気持ちよくなって、エッチを好きになってもらいたい。
気持ちよくなって、エッチを好きになってもらいたい。
にちゅにちゅと濡れだした中で、
にちゅにちゅと濡れだした中で、
それをかきだすようにしながら、オレは顔を近づけていく。
それをかきだすようにしながら、オレは顔を近づけていく。
そして指を抜き去ると同時に、今度は舌を中へと忍ばせた。
そして指を抜き去ると同時に、今度は舌を中へと忍ばせた。
凛
凛
う、うそ、何してんの、やだ……あ、ふああっ！
う、うそ、何してんの、やだ……あ、ふああっ！
オレの頭を抑え、阻止しようとするが、
オレの頭を抑え、阻止しようとするが、
オレは太ももをしっかりと押さえながら、愛撫を続ける。
オレは太ももをしっかりと押さえながら、愛撫を続ける。
初めて舐める凛のあそこは、蜜の味がした。
初めて舐める凛のあそこは、蜜の味がした。
凛
凛
ふざけ、ないっ、あ、ああっ、うそ、こんなの、うそっ……
ふざけ、ないっ、あ、ああっ、うそ、こんなの、うそっ……
唾液と愛液の音で、いやらしい音が部屋に響く。
唾液と愛液の音で、いやらしい音が部屋に響く。
オレは一心不乱に、凛のあそこを舐め続ける。
オレは一心不乱に、凛のあそこを舐め続ける。
ここだけを永遠に舐めていろといわれたら、どんなご褒美なんだと。
ここだけを永遠に舐めていろといわれたら、どんなご褒美なんだと。
秀隆
秀隆
凛のここ、ぐしょぐしょにぬれてきてる
凛のここ、ぐしょぐしょにぬれてきてる
凛
凛
あ、あんたが舐めるから……
あ、あんたが舐めるから……
秀隆
秀隆
気持ち良い、だろ？
気持ち良い、だろ？
凛
凛
そ、それは…………頭が、真っ白になりそうだった……
そ、それは…………頭が、真っ白になりそうだった……
凛が渋々ながら認めた。
凛が渋々ながら認めた。
秀隆
秀隆
もっともっと、気持ちよくなれると思うぞ
もっともっと、気持ちよくなれると思うぞ
オレは、再び顔を近づけ、指で開きながら、そこへ舌を這わせる。
オレは、再び顔を近づけ、指で開きながら、そこへ舌を這わせる。
凛
凛
はあ、あっ……ああっ……んっ……もう、凄い変態なことされてる……っ
はあ、あっ……ああっ……んっ……もう、凄い変態なことされてる……っ
凛
凛
こんなのが、気持ちいいなんて……はぁ、はぁっ……ん……こんなの、秀隆は嬉しいわけ？　その、あたしのを舐めたりして……
こんなのが、気持ちいいなんて……はぁ、はぁっ……ん……こんなの、秀隆は嬉しいわけ？　その、あたしのを舐めたりして……
秀隆
秀隆
オレだけが、凛のオマ○コ舐められるんだから、すげぇ嬉しいに決まってるだろ
オレだけが、凛のオマ○コ舐められるんだから、すげぇ嬉しいに決まってるだろ
凛
凛
あ、あっそ……それは、まぁ、そうよね……ん、あんっ……
あ、あっそ……それは、まぁ、そうよね……ん、あんっ……
無我夢中で、オレは凛への愛撫を続ける。
無我夢中で、オレは凛への愛撫を続ける。
凛
凛
はぁ、あ、はぁ……やば……こんなの、癖になったら、どうすんのよ……
はぁ、あ、はぁ……やば……こんなの、癖になったら、どうすんのよ……
秀隆
秀隆
もちろんいつでも舐めさせていただきます、はい
もちろんいつでも舐めさせていただきます、はい
凛
凛
バーカ……ん……でも、ちょっと嬉しいかも……
バーカ……ん……でも、ちょっと嬉しいかも……
オレが顔を離すと、ねばっと糸が引いた。
オレが顔を離すと、ねばっと糸が引いた。
秀隆
秀隆
とろとろになったな、凛のここ
とろとろになったな、凛のここ
凛
凛
あんたが、いっぱい舐めるから……
あんたが、いっぱい舐めるから……
秀隆
秀隆
……どうかな。そろそろ、大丈夫かな……
……どうかな。そろそろ、大丈夫かな……
十分濡れてはいるけど、その辺は凛の様子を伺わないと……。
十分濡れてはいるけど、その辺は凛の様子を伺わないと……。
凛
凛
うん……大丈夫。あたし、気持ちよくなりたい……
うん……大丈夫。あたし、気持ちよくなりたい……
凛
凛
あんたと一緒に、たくさん、感じたい……
あんたと一緒に、たくさん、感じたい……
秀隆
秀隆
……おう
……おう
オレは、ズボンを下ろし、自らの股間を曝け出す。
オレは、ズボンを下ろし、自らの股間を曝け出す。
凛
凛
……凄い、上向いてる……
……凄い、上向いてる……
秀隆
秀隆
凛の舐めてたら、もうビンビンになってしまった
凛の舐めてたら、もうビンビンになってしまった
手早くゴムを装着し、その先端を凛のあそこにこすり付けた。
手早くゴムを装着し、その先端を凛のあそこにこすり付けた。
秀隆
秀隆
……行くぞ……
……行くぞ……
凛
凛
うん……
うん……
凛
凛
あ……っく……痛っ……んっ……
あ……っく……痛っ……んっ……
秀隆
秀隆
やっぱり、２回目じゃきつそうだな……
やっぱり、２回目じゃきつそうだな……
凛
凛
初めてよりは、全然マシだけど……痛いかな……
初めてよりは、全然マシだけど……痛いかな……
秀隆
秀隆
それを、ほんとよく演技で誤魔化したもんだよ……
それを、ほんとよく演技で誤魔化したもんだよ……
凛
凛
それが、仕事だし……あー、まって、痛い。ジッとしてて……
それが、仕事だし……あー、まって、痛い。ジッとしてて……
秀隆
秀隆
おう
おう
オレは途中まで挿入したが、そこで動きを止める。
オレは途中まで挿入したが、そこで動きを止める。
凛
凛
凄い光景よね、改めてみると……
凄い光景よね、改めてみると……
オレたちの結合部を見ながら、凛がため息をつく。
オレたちの結合部を見ながら、凛がため息をつく。
凛
凛
誰が最初に、女の子の中にそれを入れるなんて考えたんだか
誰が最初に、女の子の中にそれを入れるなんて考えたんだか
秀隆
秀隆
さ、さぁ……考えたこともないな
さ、さぁ……考えたこともないな
凛
凛
……ほんと、エッチな光景すぎ……
……ほんと、エッチな光景すぎ……
秀隆
秀隆
うむ……
うむ……
二人で、繋がった結合部を見ながら、頷いた。
二人で、繋がった結合部を見ながら、頷いた。
凛
凛
ちょっとずつ、前に来て……ちょっとずつね
ちょっとずつ、前に来て……ちょっとずつね
秀隆
秀隆
分かった……
分かった……
再び、腰の前進を始める。
再び、腰の前進を始める。
凛
凛
んーっ……！　んー……
んーっ……！　んー……
痛みを堪え、シーツを握り締める。
痛みを堪え、シーツを握り締める。
秀隆
秀隆
よし……これで、入ったかな……
よし……これで、入ったかな……
凛
凛
そっか……入った……よかった……じゃあ、イって？
そっか……入った……よかった……じゃあ、イって？
秀隆
秀隆
いやいや、さすがに無理だ。動かないと
いやいや、さすがに無理だ。動かないと
凛
凛
やっぱり？　あー、でもこれ、動かれたら絶対痛いって
やっぱり？　あー、でもこれ、動かれたら絶対痛いって
秀隆
秀隆
だろうな……
だろうな……
凛は、既に半分泣いている状態だ。
凛は、既に半分泣いている状態だ。
演技をやめたありのままの姿、ってことだろう。
演技をやめたありのままの姿、ってことだろう。
凛
凛
とりあえず、抱きしめて……話はそれからね
とりあえず、抱きしめて……話はそれからね
秀隆
秀隆
喜んで
喜んで
オレは、優しく力強く、凛を抱きしめる。
オレは、優しく力強く、凛を抱きしめる。
凛も、オレの背中に手を回し、ぎゅっと抱きしめ返してくれた。
凛も、オレの背中に手を回し、ぎゅっと抱きしめ返してくれた。
凛
凛
ちゅっ……ちゅ……んちゅ、ちゅっ……
ちゅっ……ちゅ……んちゅ、ちゅっ……
それから、ついばむようにキスを繰り返す。
それから、ついばむようにキスを繰り返す。
１０回、２０回。
１０回、２０回。
そしてどちらからともなく、舌を絡めて行く。
そしてどちらからともなく、舌を絡めて行く。
凛
凛
んっ、ふむっ、ちゅむ、ちゅっ、くちゅっ、ちゅ……秀隆の舌、いやらし……
んっ、ふむっ、ちゅむ、ちゅっ、くちゅっ、ちゅ……秀隆の舌、いやらし……
秀隆
秀隆
凛のもな……
凛のもな……
凛
凛
ちゅ、ちゅっ、ちゅぅっ、くちゅちゅ、ちゅっ……
ちゅ、ちゅっ、ちゅぅっ、くちゅちゅ、ちゅっ……
唾液を貪り、舌を貪り、凛から吐き出される息を吸う。
唾液を貪り、舌を貪り、凛から吐き出される息を吸う。
全部、オレのもので、凛のものだ。
全部、オレのもので、凛のものだ。
オレはこのタイミングしかない、と思い腰を少し引いていく。
オレはこのタイミングしかない、と思い腰を少し引いていく。
凛
凛
ん……んっ……ちゅっ……ちゅ、ちゅっ……
ん……んっ……ちゅっ……ちゅ、ちゅっ……
もちろん、オレが動こうとしていることに凛はすぐに気づくが、
もちろん、オレが動こうとしていることに凛はすぐに気づくが、
何も言わず、優しく微笑んだだけだった。
何も言わず、優しく微笑んだだけだった。
ありがとう、という思いを視線に込めて。
ありがとう、という思いを視線に込めて。
キスで痛みを少しでも誤魔化すことが出来たら。
キスで痛みを少しでも誤魔化すことが出来たら。
それを思いながら、オレは腰を突き入れていく。
それを思いながら、オレは腰を突き入れていく。
凛
凛
っ、く……ん、ちゅっ、んんっ、んんぅっ……
っ、く……ん、ちゅっ、んんっ、んんぅっ……
苦悶に表情を歪める凛の唇を奪い続ける。
苦悶に表情を歪める凛の唇を奪い続ける。
それを繰り返すうちに、少しずつだが凛の表情が和らいできた。
それを繰り返すうちに、少しずつだが凛の表情が和らいできた。
もちろん、まだまだ強い痛みは残っていると思うが、
もちろん、まだまだ強い痛みは残っていると思うが、
最初の頃に比べれば、随分とマシになってきたんだろう。
最初の頃に比べれば、随分とマシになってきたんだろう。
凛
凛
はぁ……ごめんね、あんまり、気持ちよくないんじゃない？
はぁ……ごめんね、あんまり、気持ちよくないんじゃない？
秀隆
秀隆
そんなことはないよ。凛と繋がってるだけで、十分だ
そんなことはないよ。凛と繋がってるだけで、十分だ
凛
凛
……ありがと……
……ありがと……
秀隆
秀隆
それに、もうイきそうなんだ。イってもいいか……？
それに、もうイきそうなんだ。イってもいいか……？
凛
凛
ほんとに……？
ほんとに……？
秀隆
秀隆
ああ……我慢できそうにない
ああ……我慢できそうにない
凛
凛
いいよ、イって……あっ、ん……あたしも、少しずつ気持ちよくなってきたから
いいよ、イって……あっ、ん……あたしも、少しずつ気持ちよくなってきたから
秀隆
秀隆
そっか
そっか
でも、まだ痛み７割ってところだろう。
でも、まだ痛み７割ってところだろう。
オレは少しだけ腰の回転を早める。
オレは少しだけ腰の回転を早める。
秀隆
秀隆
あ、く……ごめ、我慢できそうにないわ……
あ、く……ごめ、我慢できそうにないわ……
凛
凛
うんっ、いいよ、秀隆っ……
うんっ、いいよ、秀隆っ……
秀隆
秀隆
あ、あ、く……っ……
あ、あ、く……っ……
凛を抱きしめ、オレはそのまま凛へとぐったり倒れこんだ。
凛を抱きしめ、オレはそのまま凛へとぐったり倒れこんだ。
秀隆
秀隆
あー……気持ちよかった……
あー……気持ちよかった……
凛
凛
イっちゃった……？
イっちゃった……？
秀隆
秀隆
ああ……
ああ……
オレは、ゆっくりと凛からモノを抜き取った。
オレは、ゆっくりと凛からモノを抜き取った。
その竿を、凛が手で掴む。
その竿を、凛が手で掴む。
秀隆
秀隆
り、凛？
り、凛？
凛
凛
……ほんと、優しい嘘ね……
……ほんと、優しい嘘ね……
