オレは、着替えた希望と合流し、一緒にプールサイドにいた。
オレは、着替えた希望と合流し、一緒にプールサイドにいた。
秀隆
秀隆
急な誘いだったのに、来てくれてありがとうな
急な誘いだったのに、来てくれてありがとうな
オレはプールを眺める希望に声をかけた。
オレはプールを眺める希望に声をかけた。
希望
希望
ううん。私も暇だったから
ううん。私も暇だったから
秀隆
秀隆
高坂特務官とは、どうなんだ？
高坂特務官とは、どうなんだ？
希望
希望
どうって、普通だよ？
どうって、普通だよ？
秀隆
秀隆
ちゃんとデートとかしたりしてるのか？
ちゃんとデートとかしたりしてるのか？
希望
希望
そうだね。出かけたりもするけど、そんなに多くないかな。
そうだね。出かけたりもするけど、そんなに多くないかな。
どしたの？
どしたの？
秀隆
秀隆
いや、いつもこうやってプールとか行ってるのかと思ってさ
いや、いつもこうやってプールとか行ってるのかと思ってさ
希望
希望
ううん、龍也さんと来たことはないよ。
ううん、龍也さんと来たことはないよ。
それに、私が卒業するまで
それに、私が卒業するまで
プラトニックな関係でいるように言われてるから
プラトニックな関係でいるように言われてるから
秀隆
秀隆
うえ、大河内代表にか
うえ、大河内代表にか
希望
希望
お父さんは、そう言うところに凄く厳格なんだ
お父さんは、そう言うところに凄く厳格なんだ
秀隆
秀隆
ま、そう言う感じはするよな
ま、そう言う感じはするよな
高坂特務官も、大河内代表に背くことは絶対しないだろう。
高坂特務官も、大河内代表に背くことは絶対しないだろう。
希望
希望
私は龍也さんのこと、嫌いじゃないし、
私は龍也さんのこと、嫌いじゃないし、
将来は自然とそうなるものだって疑ったことはない
将来は自然とそうなるものだって疑ったことはない
希望
希望
だけど、時々考えちゃうこともあるんだ
だけど、時々考えちゃうこともあるんだ
秀隆
秀隆
ん？
ん？
オレが話を聞こうと耳を傾けていると、希望が小さく笑った。
オレが話を聞こうと耳を傾けていると、希望が小さく笑った。
希望
希望
秀隆くんと出会った頃は、相談を受ける側だったのに
秀隆くんと出会った頃は、相談を受ける側だったのに
秀隆
秀隆
そういえばそうだな。おまえには、本当に感謝してる
そういえばそうだな。おまえには、本当に感謝してる
希望
希望
進路のこととか、恋さんのこととか……相談してばっかりだね
進路のこととか、恋さんのこととか……相談してばっかりだね
秀隆
秀隆
年上の役目みたいなもんだ、気にするな
年上の役目みたいなもんだ、気にするな
希望
希望
……その恋さんのことなんだけど……
……その恋さんのことなんだけど……
希望
希望
私はどうすればいいのかな？
私はどうすればいいのかな？
秀隆
秀隆
まだ結論は出ないか
まだ結論は出ないか
希望
希望
うん……
うん……
オレや凛じゃ確信は持てなかったが、
オレや凛じゃ確信は持てなかったが、
この希望の様子を見ていると高坂特務官が恋さんを気にしているのは本当なんだろう。
この希望の様子を見ていると高坂特務官が恋さんを気にしているのは本当なんだろう。
希望
希望
私はどうすることが正しいのかな？
私はどうすることが正しいのかな？
龍也さんの決断を待てばいい？　それとも、行動を起こすべき？
龍也さんの決断を待てばいい？　それとも、行動を起こすべき？
秀隆
秀隆
おまえはどうしたいんだ？
おまえはどうしたいんだ？
希望
希望
そうだね……望まない結婚なんだとしたら、するべきじゃないと思う
そうだね……望まない結婚なんだとしたら、するべきじゃないと思う
希望
希望
だけど、龍也さんは優しいから。
だけど、龍也さんは優しいから。
多分私が聞いても、正直には答えてくれないと思う
多分私が聞いても、正直には答えてくれないと思う
希望
希望
それに―――私と結婚することで、
それに―――私と結婚することで、
龍也さんは確実な地位を手に入れられるから
龍也さんは確実な地位を手に入れられるから
秀隆
秀隆
それはそうかも知れないけど。
それはそうかも知れないけど。
なんつーか、そう言うのって恋愛としてどうなんだ？
なんつーか、そう言うのって恋愛としてどうなんだ？
希望
希望
悪いことだとは思わないよ。
悪いことだとは思わないよ。
人を外見で好きになったり、性格で好きになるのと変わらないよ
人を外見で好きになったり、性格で好きになるのと変わらないよ
秀隆
秀隆
そう言うもん、かなあ
そう言うもん、かなあ
家柄も、十分一人の人間を表す価値はあるが。
家柄も、十分一人の人間を表す価値はあるが。
秀隆
秀隆
……オレとしては……
……オレとしては……
希望
希望
ん？
ん？
秀隆
秀隆
いや……
いや……
今何を言おうとしたんだろうか、オレは。
今何を言おうとしたんだろうか、オレは。
希望
希望
なになに？
なになに？
秀隆
秀隆
……言わない方が良い気がしてきた
……言わない方が良い気がしてきた
希望
希望
中途半端に言われたら、気になって仕方ないよ
中途半端に言われたら、気になって仕方ないよ
秀隆
秀隆
でもな―――何か、逆に困らせてしまいそうでさ
でもな―――何か、逆に困らせてしまいそうでさ
希望
希望
私なら何言われても平気だよ？　意外と図太いし
私なら何言われても平気だよ？　意外と図太いし
秀隆
秀隆
やめとく
やめとく
希望
希望
もうっ、途中で話を止められたら気になるじゃない
もうっ、途中で話を止められたら気になるじゃない
秀隆
秀隆
悪い、失言だった
悪い、失言だった
希望
希望
いいから言ってみてよ
いいから言ってみてよ
秀隆
秀隆
だから失言だった。おまえに言ってもしょうがないし
だから失言だった。おまえに言ってもしょうがないし
希望
希望
なに？　言ってくれないと怒っちゃうよ？
なに？　言ってくれないと怒っちゃうよ？
秀隆
秀隆
たく……
たく……
オレは困った挙句……。
オレは困った挙句……。
希望にぐっと顔を近づけ、胸へと露骨に視線を落とした。
希望にぐっと顔を近づけ、胸へと露骨に視線を落とした。
秀隆
秀隆
オレ生の水着って初めて見たけど、すごいもんだなと思ってさ
オレ生の水着って初めて見たけど、すごいもんだなと思ってさ
希望
希望
ちょ、えっ！？
ちょ、えっ！？
慌てて手で隠す。
慌てて手で隠す。
しかし、それがまた逆にエロっぽく見えてしまったり。
しかし、それがまた逆にエロっぽく見えてしまったり。
秀隆
秀隆
下着つかなんつか、すごいな……
下着つかなんつか、すごいな……
普段は衣服の前に見えない希望の体のラインまで、惜しげもなく公開されている。
普段は衣服の前に見えない希望の体のラインまで、惜しげもなく公開されている。
こりゃホープタウンには存在しないわけだ。
こりゃホープタウンには存在しないわけだ。
希望
希望
や、やめてってば。見ないでっ
や、やめてってば。見ないでっ
秀隆
秀隆
そう言われても、仕方ないだろ？　うへへへへ
そう言われても、仕方ないだろ？　うへへへへ
希望
希望
最低すぎるよ秀隆くんっ
最低すぎるよ秀隆くんっ
頬を真っ赤にさせながらふくらませ、怒る希望。
頬を真っ赤にさせながらふくらませ、怒る希望。
なかなか可愛いじゃないか。
なかなか可愛いじゃないか。
秀隆
秀隆
な？　だから言わないほうがよかったんだよ
な？　だから言わないほうがよかったんだよ
希望
希望
発言内容は最低だけど……ウソでしょ？
発言内容は最低だけど……ウソでしょ？
秀隆
秀隆
うそって、何が
うそって、何が
希望
希望
本当に言いたかったことって、
本当に言いたかったことって、
別のことだってわかってるんだから
別のことだってわかってるんだから
秀隆
秀隆
おいおい、根拠はなんだよ
おいおい、根拠はなんだよ
希望
希望
いいから本当のこと言って。もっともっと気になってきた
いいから本当のこと言って。もっともっと気になってきた
秀隆
秀隆
なんでもないって
なんでもないって
希望
希望
もー
もー
秀隆
秀隆
よーし、じゃあ思い切って言うぞ
よーし、じゃあ思い切って言うぞ
希望
希望
うん
うん
秀隆
秀隆
オレ、おまえのことが好きなんだよ
オレ、おまえのことが好きなんだよ
希望
希望
へ？　……もうっ
へ？　……もうっ
今度は希望は普通に怒った顔をする。
今度は希望は普通に怒った顔をする。
希望
希望
また適当なこと言って。秀隆くんは
また適当なこと言って。秀隆くんは
秀隆
秀隆
言っとくけど、本気だったり
言っとくけど、本気だったり
希望
希望
……だから、そういう冗談は……
……だから、そういう冗談は……
秀隆
秀隆
本気なんだよ
本気なんだよ
笑っていた希望の笑みが、ふっと消えていく。
笑っていた希望の笑みが、ふっと消えていく。
希望
希望
……冗談、だよね？
……冗談、だよね？
秀隆
秀隆
……やっぱ、言わない方が良かったかな
……やっぱ、言わない方が良かったかな
希望
希望
あ、え、う、うそ？　……嘘だよね？
あ、え、う、うそ？　……嘘だよね？
秀隆
秀隆
いつからかわかんないが、
いつからかわかんないが、
気がついたら、目でお前のことを追ってた
気がついたら、目でお前のことを追ってた
秀隆
秀隆
ふと、おまえの顔を思い出すことが多くなっていたんだ
ふと、おまえの顔を思い出すことが多くなっていたんだ
秀隆
秀隆
でも希望には高坂特務官がいる
でも希望には高坂特務官がいる
秀隆
秀隆
だからオレは、ずっと胸の内に秘めて、隠し続けて来たんだ
だからオレは、ずっと胸の内に秘めて、隠し続けて来たんだ
希望
希望
やや、ちょ、ちょっと！？
やや、ちょ、ちょっと！？
秀隆
秀隆
なんて……
なんて……
秀隆
秀隆
まじ告白ぽくみえたか？
まじ告白ぽくみえたか？
希望
希望
なっ……
なっ……
希望
希望
さ、さいてーだよ！　秀隆くん！
さ、さいてーだよ！　秀隆くん！
ばしゃりと水をかけられる。
ばしゃりと水をかけられる。
秀隆
秀隆
あはははは、悪い悪い。ちょっとからかってみた
あはははは、悪い悪い。ちょっとからかってみた
希望
希望
もう！　最悪……私、真剣に困ったんだからね
もう！　最悪……私、真剣に困ったんだからね
秀隆
秀隆
なんだよ、どう返事するつもりだったんだよ
なんだよ、どう返事するつもりだったんだよ
希望
希望
私は龍也さんの婚約者なんだよ？
私は龍也さんの婚約者なんだよ？
もし秀隆くんが本気だったら、
もし秀隆くんが本気だったら、
友達じゃいられなくなってたかも知れないって……
友達じゃいられなくなってたかも知れないって……
希望
希望
お断りしたら、傷ついちゃうんじゃないかって……
お断りしたら、傷ついちゃうんじゃないかって……
秀隆
秀隆
どうやら、素で告白してたら玉砕だったみたいだな、わははは
どうやら、素で告白してたら玉砕だったみたいだな、わははは
希望
希望
こんな冗談、普通の女の子にしたら殴られちゃうよ
こんな冗談、普通の女の子にしたら殴られちゃうよ
秀隆
秀隆
希望には龍也さんがいるからな。大丈夫だと思ったんだ
希望には龍也さんがいるからな。大丈夫だと思ったんだ
希望
希望
それでも心臓に悪いよ
それでも心臓に悪いよ
秀隆
秀隆
悪かった悪かった
悪かった悪かった
オレはひたすら、希望に謝り続けた。
オレはひたすら、希望に謝り続けた。
それから、オレと希望は二人でプールサイドに座って雑談を続けていた。
それから、オレと希望は二人でプールサイドに座って雑談を続けていた。
秀隆
秀隆
なんか、プールって凄い不思議な場所だよな
なんか、プールって凄い不思議な場所だよな
希望
希望
不思議？
不思議？
秀隆
秀隆
さっきの話に少し戻るけどさ、水着って恥ずかしくないのか？
さっきの話に少し戻るけどさ、水着って恥ずかしくないのか？
希望
希望
はずかし、くないことはないよ。やっぱり
はずかし、くないことはないよ。やっぱり
秀隆
秀隆
だよなぁ……
だよなぁ……
秀隆
秀隆
…………
…………
希望
希望
秀隆くん、どこみてるの？
秀隆くん、どこみてるの？
秀隆
秀隆
希望のおっぱい
希望のおっぱい
希望
希望
も、もう！　またそうやって見るでしょ？　駄目だよ秀隆くんっ
も、もう！　またそうやって見るでしょ？　駄目だよ秀隆くんっ
秀隆
秀隆
駄目だって言われても、そう言う格好してるのも問題だろ
駄目だって言われても、そう言う格好してるのも問題だろ
秀隆
秀隆
見るなって言われても絶対見るし
見るなって言われても絶対見るし
希望
希望
もうっ！
もうっ！
ばしゃっと水をかけられる。
ばしゃっと水をかけられる。
秀隆
秀隆
いやぁ、目の保養になるなあ
いやぁ、目の保養になるなあ
希望
希望
うううっ、秀隆くんの前で水着を着たのは間違いかも……
うううっ、秀隆くんの前で水着を着たのは間違いかも……
希望がオレを睨む。
希望がオレを睨む。
希望
希望
……っ！？
……っ！？
そして、何を思ったか急に顔を赤らめた。
そして、何を思ったか急に顔を赤らめた。
秀隆
秀隆
なんだよ
なんだよ
希望
希望
ななな、なんでもないっ！？
ななな、なんでもないっ！？
秀隆
秀隆
……ん？
……ん？
今、明らかにオレを見て、
今、明らかにオレを見て、
と言うかオレの身体を見て視線をそらしたような……。
と言うかオレの身体を見て視線をそらしたような……。
オレは自分の身体を見下ろす。
オレは自分の身体を見下ろす。
すると、水着のパンツを、ツンと盛り上げる股間。
すると、水着のパンツを、ツンと盛り上げる股間。
秀隆
秀隆
うお！？
うお！？
オレは慌ててプールに飛び込む。
オレは慌ててプールに飛び込む。
秀隆
秀隆
い、いやー今日は実にプール日和だ。な、なぁ？
い、いやー今日は実にプール日和だ。な、なぁ？
希望
希望
…………
…………
真っ赤になったまま、顔を背けて何も答えない。
真っ赤になったまま、顔を背けて何も答えない。
うう、最悪だ。
うう、最悪だ。
無意識のうちに勃起した股間を見られてしまうとは。
無意識のうちに勃起した股間を見られてしまうとは。
つか、希望に欲情したと思われそうだな。
つか、希望に欲情したと思われそうだな。
かといって、ここで弁明を図っても逆に怪しまれるだけだ。
かといって、ここで弁明を図っても逆に怪しまれるだけだ。
秀隆
秀隆
…………
…………
秀隆
秀隆
そ、そうだ。ほら、希望もプールの中に入ろうぜ
そ、そうだ。ほら、希望もプールの中に入ろうぜ
希望
希望
……そ、そうだね……
……そ、そうだね……
希望も流れを変えなければいけないと悟ったのか、
希望も流れを変えなければいけないと悟ったのか、
じゃぼんと水の中に入ってきた。
じゃぼんと水の中に入ってきた。
お互いに上手く言葉のバトンを交わしていけば、
お互いに上手く言葉のバトンを交わしていけば、
さらっと元通りのはずだ。
さらっと元通りのはずだ。
秀隆
秀隆
…………
…………
希望
希望
…………
…………
バトンを交わすのを失敗しました。
バトンを交わすのを失敗しました。
希望
希望
……なんか、秀隆くんと同じ水の中にいると身も心も穢れていく気がするね
……なんか、秀隆くんと同じ水の中にいると身も心も穢れていく気がするね
秀隆
秀隆
…………
…………
神様、どうか今朝目が覚めた瞬間に戻してください。
神様、どうか今朝目が覚めた瞬間に戻してください。
そしたら、僕、勃起しないように頑張りますから……。
そしたら、僕、勃起しないように頑張りますから……。
朝に戻らない
朝に戻らない
朝に戻る
朝に戻る
もちろん、朝になんて戻れるはずもなく。
もちろん、朝になんて戻れるはずもなく。
オレたちはやや微妙な気持ちのままプールでの時間をすごした。
オレたちはやや微妙な気持ちのままプールでの時間をすごした。
が、さすが希望と言うか何と言うか。
が、さすが希望と言うか何と言うか。
希望
希望
こういう賑やかな場所は、龍也さんと来られないから新鮮だよ
こういう賑やかな場所は、龍也さんと来られないから新鮮だよ
秀隆
秀隆
まあ、あの人がプールで遊んでる姿は想像できないけどな
まあ、あの人がプールで遊んでる姿は想像できないけどな
１時間も経つ頃には、すっかり元通りだった。
１時間も経つ頃には、すっかり元通りだった。
秀隆
秀隆
身体まで鍛えてある、なんてことはないだろうな？
身体まで鍛えてある、なんてことはないだろうな？
希望
希望
そうだね、普通かな。秀隆くんは思ったよりしっかりしてるよね
そうだね、普通かな。秀隆くんは思ったよりしっかりしてるよね
秀隆
秀隆
別に鍛えてるってわけでもないけどな
別に鍛えてるってわけでもないけどな
秀隆
秀隆
でも良かった。これで身体まで完璧だったら、
でも良かった。これで身体まで完璧だったら、
ほんと高坂特務官に張り合えるものがないってことになるし
ほんと高坂特務官に張り合えるものがないってことになるし
希望
希望
仕方ないよ。経験の差が凄くあるんだから
仕方ないよ。経験の差が凄くあるんだから
秀隆
秀隆
じゃあ、オレと高坂特務官が同期だったら、張り合えてたと思うか？
じゃあ、オレと高坂特務官が同期だったら、張り合えてたと思うか？
希望
希望
私はそう思うけど
私はそう思うけど
てっきり無理無理と言われると思ったら、
てっきり無理無理と言われると思ったら、
予想外にも希望はそう言った。
予想外にも希望はそう言った。
希望
希望
秀隆くんは、龍也さんと同じくらい凄い特務官になると思うよ
秀隆くんは、龍也さんと同じくらい凄い特務官になると思うよ
秀隆
秀隆
それ、なんか根拠でもあるのか？
それ、なんか根拠でもあるのか？
希望
希望
あるわけないよ。私の勝手な想像
あるわけないよ。私の勝手な想像
秀隆
秀隆
でしょうね
でしょうね
…………。
…………。
……。
……。
