希望
希望
ん……も、もう。強引だよ
ん……も、もう。強引だよ
秀隆
秀隆
無性にキスしたくなったんだ
無性にキスしたくなったんだ
希望
希望
……仕方ないなぁ……ちゅっ……
……仕方ないなぁ……ちゅっ……
希望からも、キスを返してくれる。
希望からも、キスを返してくれる。
希望
希望
ちゅ、ちゅっ……ちゅ……へへ。こんなところ見られたら、大変だね
ちゅ、ちゅっ……ちゅ……へへ。こんなところ見られたら、大変だね
秀隆
秀隆
恋人同士だし、別にいいさ
恋人同士だし、別にいいさ
希望
希望
ちゅ、ちゅ、ちゅっ……あ……
ちゅ、ちゅ、ちゅっ……あ……
オレは、堂々と身体を密着させ、今の下半身の状態を伝える。
オレは、堂々と身体を密着させ、今の下半身の状態を伝える。
希望
希望
なんで、大きくしてるの……
なんで、大きくしてるの……
秀隆
秀隆
言ったろ？　好きな子とキスしてるとなるって
言ったろ？　好きな子とキスしてるとなるって
希望
希望
も、もう。押し付けないでよぉ……
も、もう。押し付けないでよぉ……
オレがわざとぐいぐい押し当てていることに気づいたらしい。
オレがわざとぐいぐい押し当てていることに気づいたらしい。
秀隆
秀隆
制服姿の希望も可愛いな
制服姿の希望も可愛いな
希望
希望
そ、そうかな？
そ、そうかな？
秀隆
秀隆
うん
うん
オレは希望の背後に手を回し、お尻を触る。
オレは希望の背後に手を回し、お尻を触る。
むにっとした感触が手のひらいっぱいに広がった。
むにっとした感触が手のひらいっぱいに広がった。
秀隆
秀隆
希望のお尻ちゃん、可愛いなぁ
希望のお尻ちゃん、可愛いなぁ
希望
希望
エッチなことしていいって、言ってないよ？
エッチなことしていいって、言ってないよ？
ぎゅ、と腕をつねられるが、痛くない。
ぎゅ、と腕をつねられるが、痛くない。
秀隆
秀隆
１回だけ。な？
１回だけ。な？
希望
希望
回数の問題じゃないよ。もう……
回数の問題じゃないよ。もう……
さわさわとお尻をなでながら、オレは希望の首筋に唇を這わせた。
さわさわとお尻をなでながら、オレは希望の首筋に唇を這わせた。
秀隆
秀隆
おっぱい見ていいか？
おっぱい見ていいか？
希望
希望
……うん……いいよ……
……うん……いいよ……
希望が制服を脱ごうとしたので、オレはそれを止める。
希望が制服を脱ごうとしたので、オレはそれを止める。
秀隆
秀隆
オレが脱がす
オレが脱がす
希望
希望
えっ？
えっ？
秀隆
秀隆
オレが脱がすから
オレが脱がすから
希望
希望
わ。わかった。それってそんなに大事なことなんだ……
わ。わかった。それってそんなに大事なことなんだ……
秀隆
秀隆
非常に大事だ
非常に大事だ
オレは全部を脱がしてしまわないよう、
オレは全部を脱がしてしまわないよう、
一番興奮する形で制服を脱がせていく。
一番興奮する形で制服を脱がせていく。
秀隆
秀隆
……グッド
……グッド
希望
希望
な、なんか中途半端だよ？
な、なんか中途半端だよ？
秀隆
秀隆
これがいいんだよ。なあ？
これがいいんだよ。なあ？
オレはモニター越しに見ているであろう人物に話しかけた。
オレはモニター越しに見ているであろう人物に話しかけた。
希望
希望
だ、誰に話しかけてるんだろう……
だ、誰に話しかけてるんだろう……
秀隆
秀隆
気にするな。もう一人のオレだよ
気にするな。もう一人のオレだよ
オレは希望の可愛いおっぱいにしゃぶりつきながら、
オレは希望の可愛いおっぱいにしゃぶりつきながら、
希望の手をオレの股間へと導いた。
希望の手をオレの股間へと導いた。
竿を握らせると、希望は顔を赤くしながらも、自分の意思で握り締めた。
竿を握らせると、希望は顔を赤くしながらも、自分の意思で握り締めた。
希望
希望
えと、どうしたら気持ちよく感じてもらえる？
えと、どうしたら気持ちよく感じてもらえる？
秀隆
秀隆
擦ってくれたら、かな
擦ってくれたら、かな
希望
希望
えっと、こう……？
えっと、こう……？
ぎこちなく、ゆっくりと動かし始める。
ぎこちなく、ゆっくりと動かし始める。
秀隆
秀隆
もっと強く握っていいし、激しくしても大丈夫だぞ
もっと強く握っていいし、激しくしても大丈夫だぞ
希望
希望
思い切り握り締めていいの？
思い切り握り締めていいの？
秀隆
秀隆
……限度は考えてな？
……限度は考えてな？
希望
希望
う、うん。目が笑ってないよ秀隆くん
う、うん。目が笑ってないよ秀隆くん
こいつは、本気で握りかねないからな。
こいつは、本気で握りかねないからな。
だが、上手い具合に加減できたのか、
だが、上手い具合に加減できたのか、
希望は程よい感触で竿をしごき始めた。
希望は程よい感触で竿をしごき始めた。
オレはおっぱいを。
オレはおっぱいを。
希望はチ○コを。
希望はチ○コを。
互いに興味深い異性の部位を刺激する。
互いに興味深い異性の部位を刺激する。
希望
希望
はぁ、んっ……んっ……ひ、秀隆くんは胸が好きだよね……
はぁ、んっ……んっ……ひ、秀隆くんは胸が好きだよね……
希望
希望
私の、その、巨乳じゃないけど……満足できてる？
私の、その、巨乳じゃないけど……満足できてる？
秀隆
秀隆
もちろん。乳首だって凄く可愛いし、魅力的だ
もちろん。乳首だって凄く可愛いし、魅力的だ
希望
希望
そうかな……凛ちゃんとかには、敵わないし
そうかな……凛ちゃんとかには、敵わないし
秀隆
秀隆
凛と競う必要はないだろ
凛と競う必要はないだろ
希望
希望
……うん……私も、比べられたくないよ
……うん……私も、比べられたくないよ
希望
希望
秀隆くんが私の胸を好きでいてくれるなら、それでいいかな
秀隆くんが私の胸を好きでいてくれるなら、それでいいかな
秀隆
秀隆
なあ、その胸って言い方変えてくれないか？
なあ、その胸って言い方変えてくれないか？
希望
希望
えっ？
えっ？
秀隆
秀隆
おっぱい、って言葉の方がいいと思わないか？
おっぱい、って言葉の方がいいと思わないか？
希望
希望
……それは秀隆くんだけだけと思うけど……
……それは秀隆くんだけだけと思うけど……
秀隆
秀隆
おっぱい、でお願いします
おっぱい、でお願いします
希望
希望
お、おっぱい……
お、おっぱい……
秀隆
秀隆
ありがとうございます！
ありがとうございます！
希望
希望
わ……なんか、少し大きくなった気がする
わ……なんか、少し大きくなった気がする
秀隆
秀隆
希望のおっぱい最高だなぁ
希望のおっぱい最高だなぁ
希望
希望
……もう……
……もう……
秀隆
秀隆
オレのこれはどうだ？
オレのこれはどうだ？
希望
希望
……可愛い？
……可愛い？
秀隆
秀隆
だから、その可愛いはやめろっての
だから、その可愛いはやめろっての
希望
希望
じゃあ、秀隆くんはなんて言って欲しいの？
じゃあ、秀隆くんはなんて言って欲しいの？
秀隆
秀隆
チ○コ
チ○コ
希望
希望
……握りつぶしちゃうよ？
……握りつぶしちゃうよ？
秀隆
秀隆
待て待て。えっと、その、例えばだな……
待て待て。えっと、その、例えばだな……
秀隆
秀隆
太くて凶暴とか、そう言う感じ？
太くて凶暴とか、そう言う感じ？
希望
希望
全然わかんないよ……やっぱり、可愛いもん
全然わかんないよ……やっぱり、可愛いもん
オレの皮の部分に触れる。
オレの皮の部分に触れる。
秀隆
秀隆
くそう……生まれ持ってのサイズはどうにもならんぞ
くそう……生まれ持ってのサイズはどうにもならんぞ
悲しみを乗り越え、オレは希望に皮を剥いてもらう。
悲しみを乗り越え、オレは希望に皮を剥いてもらう。
そして、希望のパンツに、股間をこすりつけた。
そして、希望のパンツに、股間をこすりつけた。
希望
希望
や……っ
や……っ
秀隆
秀隆
もし痛いのが嫌だったら、入れないことも出来るぞ
もし痛いのが嫌だったら、入れないことも出来るぞ
秀隆
秀隆
こう、股に挟んでシコシコするとか
こう、股に挟んでシコシコするとか
希望
希望
なんか、変態の極みっぽいから、普通でいいよ……
なんか、変態の極みっぽいから、普通でいいよ……
秀隆
秀隆
オレはもちろん、そっちの方が嬉しいけど……
オレはもちろん、そっちの方が嬉しいけど……
希望
希望
エッチしないと、いつまでもいたいのが怖いままだし
エッチしないと、いつまでもいたいのが怖いままだし
希望
希望
私も早く、秀隆くんと一緒に気持ちよくなりたいから
私も早く、秀隆くんと一緒に気持ちよくなりたいから
秀隆
秀隆
……そうだな
……そうだな
秀隆
秀隆
そこまでオレのチ○コが欲しいなら
そこまでオレのチ○コが欲しいなら
希望
希望
そう言う言い方されると、中止したくなってきたなあ
そう言う言い方されると、中止したくなってきたなあ
秀隆
秀隆
僕のナニを入れさせてください
僕のナニを入れさせてください
希望
希望
あ、あんまり変わってないけど……うん……いいよ
あ、あんまり変わってないけど……うん……いいよ
オレは希望の許可を得て、下着を横にずらした。
オレは希望の許可を得て、下着を横にずらした。
そして、竿を入り口にあてがう。
そして、竿を入り口にあてがう。
希望を壁に手をつかせ、オレはゆっくりと腰を沈めた。
希望を壁に手をつかせ、オレはゆっくりと腰を沈めた。
初めて希望の中に入るように、慎重に。
初めて希望の中に入るように、慎重に。
希望
希望
っ……く……は……
っ……く……は……
やはりまだきついのか、希望は痛そうだ。
やはりまだきついのか、希望は痛そうだ。
希望
希望
あ、で、でも……この体勢の方が、楽かも……
あ、で、でも……この体勢の方が、楽かも……
希望
希望
んっ……は、はぁっ……は、入ったかな？
んっ……は、はぁっ……は、入ったかな？
秀隆
秀隆
ああ。しっかり奥まで入った
ああ。しっかり奥まで入った
希望
希望
よかった。……ふぅ……私は、ジッとしていればいい？
よかった。……ふぅ……私は、ジッとしていればいい？
秀隆
秀隆
壁に手をついてたら、大丈夫だ
壁に手をついてたら、大丈夫だ
希望
希望
うん……わかった
うん……わかった
オレを信じてくれているのか、頷くと希望は微笑んだ。
オレを信じてくれているのか、頷くと希望は微笑んだ。
それを見てから、オレは腰を動かし始める。
それを見てから、オレは腰を動かし始める。
こんな体勢でエッチをしたことがないので、やや不安だが、
こんな体勢でエッチをしたことがないので、やや不安だが、
希望との連携もあり、思ったよりもスムーズだ。
希望との連携もあり、思ったよりもスムーズだ。
希望
希望
はあ、はぁっ……んっ……
はあ、はぁっ……んっ……
希望
希望
は、はぁ、はぁっ、あ、あっ……んっ……
は、はぁ、はぁっ、あ、あっ……んっ……
秀隆
秀隆
どうだ？　耐えられそうか？
どうだ？　耐えられそうか？
希望
希望
うん。痛いけど、なんていうのかな……
うん。痛いけど、なんていうのかな……
希望
希望
痛気持ちいいになってきたかも
痛気持ちいいになってきたかも
秀隆
秀隆
そうか
そうか
希望
希望
はぁ、はぁっ……あっ。ああっ……
はぁ、はぁっ……あっ。ああっ……
秀隆
秀隆
気持ちよくなってきてたら、オレも凄い嬉しいよ
気持ちよくなってきてたら、オレも凄い嬉しいよ
希望
希望
う、うんっ。私も。痛くなくなったら、沢山、出来ちゃうね
う、うんっ。私も。痛くなくなったら、沢山、出来ちゃうね
秀隆
秀隆
たくさんさせてくれるか？
たくさんさせてくれるか？
希望
希望
秀隆くんがしたいなら、いいよ
秀隆くんがしたいなら、いいよ
希望
希望
私も、たくさん秀隆くんにしてもらいたいから
私も、たくさん秀隆くんにしてもらいたいから
秀隆
秀隆
ああ
ああ
希望
希望
あんっ、あ、あんっ、んっ……はぁっ
あんっ、あ、あんっ、んっ……はぁっ
希望
希望
だ、ダメ、私、体が、しびれて……はぁ、あ、はぁっ！
だ、ダメ、私、体が、しびれて……はぁ、あ、はぁっ！
秀隆
秀隆
く……
く……
慣れない体勢に、オレの感覚も狂っているのか、
慣れない体勢に、オレの感覚も狂っているのか、
いつもよりも射精に我慢がきかなさそうだった。
いつもよりも射精に我慢がきかなさそうだった。
希望
希望
は、はああ、あっ、あっ、あっ……んっ、くっ、はぁっ！
は、はああ、あっ、あっ、あっ……んっ、くっ、はぁっ！
希望
希望
秀隆くん、ひでたか、くんっ……
秀隆くん、ひでたか、くんっ……
秀隆
秀隆
そ、そろそろ、オレ……
そ、そろそろ、オレ……
希望
希望
うんっ、き、きて……きて、いいよっ……
うんっ、き、きて……きて、いいよっ……
秀隆
秀隆
希望、希望っ……！
希望、希望っ……！
希望
希望
あ、ああああっ……や、ああああっ……！
あ、ああああっ……や、ああああっ……！
オレは、射精を向かえ、ぎゅっと希望を抱きしめた。
オレは、射精を向かえ、ぎゅっと希望を抱きしめた。
希望
希望
はぁ、はあ……イ、イっちゃったの？
はぁ、はあ……イ、イっちゃったの？
秀隆
秀隆
ああ……凄く気持ちよかった
ああ……凄く気持ちよかった
希望
希望
そ、そっか……よかった、私、限界だった……
そ、そっか……よかった、私、限界だった……
ぐてっと、倒れそうになったので、
ぐてっと、倒れそうになったので、
オレは自分の方へと抱きよせた。
オレは自分の方へと抱きよせた。
希望
希望
秀隆くんが激しすぎて、ちょっと疲れちゃった
秀隆くんが激しすぎて、ちょっと疲れちゃった
秀隆
秀隆
悪い。辛かったか？
悪い。辛かったか？
希望
希望
痛いとかじゃなくて、その……
痛いとかじゃなくて、その……
希望
希望
夢中な秀隆くんに、くらっときたっていうか
夢中な秀隆くんに、くらっときたっていうか
希望
希望
私の身体で気持ちよくなってるなって見てたら、嬉しくて
私の身体で気持ちよくなってるなって見てたら、嬉しくて
希望
希望
……とりあえず、その……
……とりあえず、その……
希望
希望
好き、ってことだね
好き、ってことだね
秀隆
秀隆
……そ、そうか
……そ、そうか
オレは可愛い希望を抱きしめた。
オレは可愛い希望を抱きしめた。
