秀隆
秀隆
失礼します
失礼します
オレは倉屋敷社長の許可を受け、社長室へと足を踏み入れた。
オレは倉屋敷社長の許可を受け、社長室へと足を踏み入れた。
すると
すると
キズナ
キズナ
あれ？　ひーくん。奇遇ですねっ
あれ？　ひーくん。奇遇ですねっ
椅子に座り、ニコニコしているキズナを見かけた。
椅子に座り、ニコニコしているキズナを見かけた。
秀隆
秀隆
ひょっとして、勉強か？
ひょっとして、勉強か？
キズナ
キズナ
いえ、今日はかずちーのところに遊びに来ました
いえ、今日はかずちーのところに遊びに来ました
秀隆
秀隆
社長がいいって？
社長がいいって？
キズナ
キズナ
ですです。それがどうかしましたか？
ですです。それがどうかしましたか？
秀隆
秀隆
いや……
いや……
オレのアポを受けてくれたのはよかったけど、
オレのアポを受けてくれたのはよかったけど、
別に深くは考えちゃいないんだろうなぁ。
別に深くは考えちゃいないんだろうなぁ。
キズナとブッキングすることなど、お構いなしのようだ。
キズナとブッキングすることなど、お構いなしのようだ。
秀隆
秀隆
それで社長は？
それで社長は？
キズナ
キズナ
今コーヒーのお代わりを取りに
今コーヒーのお代わりを取りに
秀隆
秀隆
そうか
そうか
自分の足でってことは、ユウキは外出中か。
自分の足でってことは、ユウキは外出中か。
キズナ
キズナ
どうぞ座ってください
どうぞ座ってください
キズナに呼ばれ、隣に腰を下ろす。
キズナに呼ばれ、隣に腰を下ろす。
キズナ
キズナ
今日もお仕事お疲れ様です
今日もお仕事お疲れ様です
秀隆
秀隆
まぁ、今日はこれからが本番みたいなもんだけどな
まぁ、今日はこれからが本番みたいなもんだけどな
キズナ
キズナ
そうなんですか？
そうなんですか？
和葉
和葉
……いつの間に害虫が
……いつの間に害虫が
奥からカップを持って帰ってきた倉屋敷社長が吐き捨てた。
奥からカップを持って帰ってきた倉屋敷社長が吐き捨てた。
秀隆
秀隆
キズナ、おまえ害虫だってよ
キズナ、おまえ害虫だってよ
キズナ
キズナ
あははは、そうですねっ
あははは、そうですねっ
こちらの嫌味を何とも思わない、満面の笑み。
こちらの嫌味を何とも思わない、満面の笑み。
秀隆
秀隆
ぐぐ……
ぐぐ……
和葉
和葉
どうした害虫。何を怯んでる
どうした害虫。何を怯んでる
秀隆
秀隆
い、いえ別に。って、害虫に反応してしまった……
い、いえ別に。って、害虫に反応してしまった……
和葉
和葉
なんでおまえがここにいるんだ
なんでおまえがここにいるんだ
秀隆
秀隆
今日、アポをお願いしてたと思うんですが……
今日、アポをお願いしてたと思うんですが……
和葉
和葉
冗談だ。覚えてなきゃ誰がビルに入れるか
冗談だ。覚えてなきゃ誰がビルに入れるか
秀隆
秀隆
は、はぁ……
は、はぁ……
いつも通りわが道を行くなぁこの人は。
いつも通りわが道を行くなぁこの人は。
ユウキ
ユウキ
ただいまー
ただいまー
と、ユウキが帰ってきた。
と、ユウキが帰ってきた。
ユウキ
ユウキ
あれれ、キズナちゃんに秀隆じゃん。今日はどうしたんだ？
あれれ、キズナちゃんに秀隆じゃん。今日はどうしたんだ？
秀隆
秀隆
ちょっと倉屋敷社長にお話がありまして
ちょっと倉屋敷社長にお話がありまして
和葉
和葉
面倒だからさっさと言え
面倒だからさっさと言え
秀隆
秀隆
えーっと、ここでですか？
えーっと、ここでですか？
キズナとユウキがいる前で、するような話じゃない。
キズナとユウキがいる前で、するような話じゃない。
和葉
和葉
ここで話せ
ここで話せ
秀隆
秀隆
……了解です
……了解です
ここで下手に食い下がっても、社長は折れないだろう。
ここで下手に食い下がっても、社長は折れないだろう。
だったら、ここで心証を悪くする必要はない。
だったら、ここで心証を悪くする必要はない。
秀隆
秀隆
実は、今ある大きなプロジェクトが動いていまして
実は、今ある大きなプロジェクトが動いていまして
秀隆
秀隆
そのプロジェクトと言うのは、ステーションの規制緩和を目指すものになります
そのプロジェクトと言うのは、ステーションの規制緩和を目指すものになります
黙ってキズナとユウキは話に耳を傾けている。
黙ってキズナとユウキは話に耳を傾けている。
肝心の倉屋敷社長は、何か別の作業をしているようだった。
肝心の倉屋敷社長は、何か別の作業をしているようだった。
秀隆
秀隆
一般人の両街への自由な行き来は勿論、
一般人の両街への自由な行き来は勿論、
将来的には多くの商品にかかっている輸出入の緩和も含まれています
将来的には多くの商品にかかっている輸出入の緩和も含まれています
秀隆
秀隆
最も、今回は渡航のみのお話になりますが
最も、今回は渡航のみのお話になりますが
和葉
和葉
それとあたしに何の関係がある？
それとあたしに何の関係がある？
和葉
和葉
それを決めるのは街の代表者だろ。あたしじゃない
それを決めるのは街の代表者だろ。あたしじゃない
秀隆
秀隆
もちろん、街の代表者が決定すれば、通る話だと思います
もちろん、街の代表者が決定すれば、通る話だと思います
秀隆
秀隆
ですが、ステーションの規制緩和は
ですが、ステーションの規制緩和は
ホープタウンの問題だけでは収まりません
ホープタウンの問題だけでは収まりません
秀隆
秀隆
街の代表者である人物と同じ……いえ、
街の代表者である人物と同じ……いえ、
実質それ以上の力を持つ倉屋敷の許可も必要と考えているんです
実質それ以上の力を持つ倉屋敷の許可も必要と考えているんです
和葉
和葉
ふん。誰の立案か知らないが、
ふん。誰の立案か知らないが、
あたしからの言質を念のため引き出したいだけだろ
あたしからの言質を念のため引き出したいだけだろ
秀隆
秀隆
……その可能性は否定できません
……その可能性は否定できません
もしもステーションの規制緩和を、
もしもステーションの規制緩和を、
倉屋敷無しで成立させてしまった場合、
倉屋敷無しで成立させてしまった場合、
社長の怒りを買うことになれば、大事に発展する。
社長の怒りを買うことになれば、大事に発展する。
そうなれば、変わったはずの法律を更に元に戻す、
そうなれば、変わったはずの法律を更に元に戻す、
と言うようなことにまでなりかねない。
と言うようなことにまでなりかねない。
それほど倉屋敷の名前と権力が強大だと言うこと。
それほど倉屋敷の名前と権力が強大だと言うこと。
だからこそクイーンも、倉屋敷の名前を契約に連ねているのだ。
だからこそクイーンも、倉屋敷の名前を契約に連ねているのだ。
キズナ
キズナ
かずちーって凄い権力者なんですねっ
かずちーって凄い権力者なんですねっ
和葉
和葉
さぁな
さぁな
seコーヒーをテーブルに置く1
seコーヒーをテーブルに置く1
ずずっとコーヒーを飲む。
ずずっとコーヒーを飲む。
キズナ
キズナ
でも、街の代表者の人も、凄い権力者なんですね
でも、街の代表者の人も、凄い権力者なんですね
秀隆
秀隆
まあ実際街を任された人だからな
まあ実際街を任された人だからな
キズナ
キズナ
その人が何でも決めるんですか？
その人が何でも決めるんですか？
秀隆
秀隆
もちろん、それを支える人物は大勢いる。
もちろん、それを支える人物は大勢いる。
特務官だってそのうちのひとつだ
特務官だってそのうちのひとつだ
秀隆
秀隆
だけど、最終決定権は街の代表者にあるんだ
だけど、最終決定権は街の代表者にあるんだ
キズナ
キズナ
下の人たちが反対してもですか？
下の人たちが反対してもですか？
秀隆
秀隆
ああ
ああ
キズナ
キズナ
なんだか独裁者みたいですねぇ
なんだか独裁者みたいですねぇ
秀隆
秀隆
ドリームタウンなんかは、ちょっとそうかもな。
ドリームタウンなんかは、ちょっとそうかもな。
オレたちの住むホープタウンはそんなことはないから安心しろ
オレたちの住むホープタウンはそんなことはないから安心しろ
キズナ
キズナ
そうなんですかっ
そうなんですかっ
ユウキ
ユウキ
でもさ、それだけ凄い権力者ってことは、
でもさ、それだけ凄い権力者ってことは、
もし間違った方向に進みだしたらどうするんだよ？
もし間違った方向に進みだしたらどうするんだよ？
秀隆
秀隆
もちろん、代表不信任案と言うものがある。
もちろん、代表不信任案と言うものがある。
代表者として相応しくないと判断されたら、
代表者として相応しくないと判断されたら、
改めて国民に誰が代表者に相応しいか求めることになる
改めて国民に誰が代表者に相応しいか求めることになる
秀隆
秀隆
唐沢代表は、不信を買うような人じゃない
唐沢代表は、不信を買うような人じゃない
キズナ
キズナ
随分信頼されてるんですね
随分信頼されてるんですね
和葉
和葉
ともかく、規制緩和だのなんだの、好きにやれ。
ともかく、規制緩和だのなんだの、好きにやれ。
あたしは表に出てどうこうするタイプじゃないしな
あたしは表に出てどうこうするタイプじゃないしな
秀隆
秀隆
そうも行きません。倉屋敷社長の署名を
そうも行きません。倉屋敷社長の署名を
頂かなければ、オレはこの先に進むことも出来ません
頂かなければ、オレはこの先に進むことも出来ません
和葉
和葉
知るか。そんな話なら帰れ帰れ
知るか。そんな話なら帰れ帰れ
しっしと払われる。
しっしと払われる。
もちろん、これくらいのことは覚悟の上だ。
もちろん、これくらいのことは覚悟の上だ。
秀隆
秀隆
倉屋敷社長の考え方は分かりますが、
倉屋敷社長の考え方は分かりますが、
それでも交渉の席について頂きたいと思っています
それでも交渉の席について頂きたいと思っています
和葉
和葉
ちっ。うっせえなおまえは
ちっ。うっせえなおまえは
強烈な睨みを受け、それを直視する。
強烈な睨みを受け、それを直視する。
和葉
和葉
おまえ、本気で交渉なんて言ってるのか？　バカか？
おまえ、本気で交渉なんて言ってるのか？　バカか？
秀隆
秀隆
もちろんです。冗談で言うほど、度胸は持ち合わせていません
もちろんです。冗談で言うほど、度胸は持ち合わせていません
和葉
和葉
だったら、もっと大バカだな。手の付けようのない大バカだ
だったら、もっと大バカだな。手の付けようのない大バカだ
秀隆
秀隆
どう捉えられても仕方がないと思っています
どう捉えられても仕方がないと思っています
和葉
和葉
あたしがどう答えるかも分かってるよな
あたしがどう答えるかも分かってるよな
秀隆
秀隆
はい。当然交渉のお断りをされますよね？
はい。当然交渉のお断りをされますよね？
和葉
和葉
当たり前だ。あたしを俗世のくだらないことに巻き込むな
当たり前だ。あたしを俗世のくだらないことに巻き込むな
秀隆
秀隆
それでも、こちらとしては交渉の席について頂きたいと思っています
それでも、こちらとしては交渉の席について頂きたいと思っています
和葉
和葉
今すぐ首吊って死ね。そしたら考えてやる
今すぐ首吊って死ね。そしたら考えてやる
ユウキ
ユウキ
それは幾らなんでもいいすぎっしょ
それは幾らなんでもいいすぎっしょ
和葉
和葉
あたしと知り合ったことを利用しようとする腹黒さは悪くないが、
あたしと知り合ったことを利用しようとする腹黒さは悪くないが、
易々とおまえの話に耳を貸すほど、あたしはお人よしじゃない
易々とおまえの話に耳を貸すほど、あたしはお人よしじゃない
秀隆
秀隆
最初から
最初から
お人よし
お人よし
だとは思っていませんのでご安心を
だとは思っていませんのでご安心を
和葉
和葉
この場で殺してやろうか……ッ
この場で殺してやろうか……ッ
ピキピキと青筋を立てる社長。
ピキピキと青筋を立てる社長。
オレは泣きそうになりながらも、逃げ出すわけには行かなかった。
オレは泣きそうになりながらも、逃げ出すわけには行かなかった。
秀隆
秀隆
自分は交渉を頼まれ、引き受けた以上、
自分は交渉を頼まれ、引き受けた以上、
あらゆる可能性が残されている限り、当たるつもりです
あらゆる可能性が残されている限り、当たるつもりです
和葉
和葉
交渉の余地はない
交渉の余地はない
秀隆
秀隆
既に、クイーンと大河内代表の署名は頂いております。
既に、クイーンと大河内代表の署名は頂いております。
倉屋敷社長と唐沢代表の署名があれば、規制緩和を成立させられます
倉屋敷社長と唐沢代表の署名があれば、規制緩和を成立させられます
和葉
和葉
くだらない。あたしにとっちゃ規制緩和なんざどうでもいいが、
くだらない。あたしにとっちゃ規制緩和なんざどうでもいいが、
署名することにメリットが全くない。だから断る。以上
署名することにメリットが全くない。だから断る。以上
秀隆
秀隆
それを模索するための、話し合いの場です
それを模索するための、話し合いの場です
和葉
和葉
しつこいなお前も。ほしいものは全部持ってる。だから何もない
しつこいなお前も。ほしいものは全部持ってる。だから何もない
ユウキ
ユウキ
でも友達は持ってないじゃ
でも友達は持ってないじゃ
何でもないです
何でもないです
確かに、倉屋敷社長に対し交渉材料は極めて少ない。
確かに、倉屋敷社長に対し交渉材料は極めて少ない。
地位も名誉も持っている彼女が、望むものは殆どないだろう。
地位も名誉も持っている彼女が、望むものは殆どないだろう。
それはこの場にいるユウキは当然ながら、
それはこの場にいるユウキは当然ながら、
キズナもそれを感じていたんだろう。
キズナもそれを感じていたんだろう。
キズナ
キズナ
かずちーが望むものを、ひーくんが持ってるってことですね？
かずちーが望むものを、ひーくんが持ってるってことですね？
秀隆
秀隆
ああ
ああ
和葉
和葉
はんっ。そんなもんがあるなら教えてもらいたいもんだ
はんっ。そんなもんがあるなら教えてもらいたいもんだ
秀隆
秀隆
倉屋敷社長は、地上に興味がありますか？
倉屋敷社長は、地上に興味がありますか？
和葉
和葉
カテゴリが大きすぎて答えようがないな。
カテゴリが大きすぎて答えようがないな。
あるかないかの２択を迫るなら、あると答えるが
あるかないかの２択を迫るなら、あると答えるが
秀隆
秀隆
では、キズナには興味がおありですよね？
では、キズナには興味がおありですよね？
和葉
和葉
そうだな。それは確かに興味の対象だ
そうだな。それは確かに興味の対象だ
キズナ
キズナ
てへっ。女性も魅了してしまう私の色気ですねっ
てへっ。女性も魅了してしまう私の色気ですねっ
秀隆
秀隆
それはないない
それはないない
キズナ
キズナ
なかったですか……残念です
なかったですか……残念です
ユウキ
ユウキ
俺は魅了されてます！　はい！
俺は魅了されてます！　はい！
秀隆
秀隆
それはロリコンって病気だからメンテナンスしてもらえ
それはロリコンって病気だからメンテナンスしてもらえ
ユウキ
ユウキ
ロリコンは正義！
ロリコンは正義！
和葉
和葉
後でメンテしてやる。恐怖と言う名のメンテナンスをな
後でメンテしてやる。恐怖と言う名のメンテナンスをな
ユウキ
ユウキ
ロリコンは犯罪！
ロリコンは犯罪！
どうやら直ったらしい。
どうやら直ったらしい。
秀隆
秀隆
キズナに興味があるのは、
キズナに興味があるのは、
地上のことと言うより、人の身体についてですか
地上のことと言うより、人の身体についてですか
和葉
和葉
どっちもだな。ま、記憶の方にはそれほどだが
どっちもだな。ま、記憶の方にはそれほどだが
キズナ
キズナ
私のナイスバデェが……
私のナイスバデェが……
秀隆
秀隆
だからそれはない
だからそれはない
キズナ
キズナ
私も傷つきますよ？
私も傷つきますよ？
ちっとも傷ついているようには見えない。
ちっとも傷ついているようには見えない。
秀隆
秀隆
ともかく、話を進めると……
ともかく、話を進めると……
秀隆
秀隆
もし、地上時代の生き残りがまだ居るとしたら―――どうですか？
もし、地上時代の生き残りがまだ居るとしたら―――どうですか？
和葉
和葉
……本当なら聞くに値する話だが
……本当なら聞くに値する話だが
秀隆
秀隆
先日一度、社長の前でこの話をしたのを覚えていますね？
先日一度、社長の前でこの話をしたのを覚えていますね？
和葉
和葉
ドリームタウンにもいるかもしれないって話だろ
ドリームタウンにもいるかもしれないって話だろ
秀隆
秀隆
はい。それの裏が取れました。
はい。それの裏が取れました。
ドリームタウン側は、地上時代の生き残りを確保しています
ドリームタウン側は、地上時代の生き残りを確保しています
ユウキ
ユウキ
そういや、以前言ってたっけ
そういや、以前言ってたっけ
秀隆
秀隆
こちらは、その人物との接触に成功しています
こちらは、その人物との接触に成功しています
最も、本当に地上時代の生き残りである確証はないけど。
最も、本当に地上時代の生き残りである確証はないけど。
和葉
和葉
それで？
それで？
秀隆
秀隆
その人物を調べられるよう、こちらで手配させて頂くつもりです
その人物を調べられるよう、こちらで手配させて頂くつもりです
和葉
和葉
ふん……
ふん……
seコーヒーをテーブルに置く1
seコーヒーをテーブルに置く1
深く椅子の背にもたれ、コーヒーを飲む。
深く椅子の背にもたれ、コーヒーを飲む。
秀隆
秀隆
幾ら倉屋敷と言えど、ドリームタウンで派手は動きは出来ない。
幾ら倉屋敷と言えど、ドリームタウンで派手は動きは出来ない。
なら、ここはオレのような凡人が動くしかないと思うんです
なら、ここはオレのような凡人が動くしかないと思うんです
秀隆
秀隆
まして、その人物は大河内代表によって匿われています。
まして、その人物は大河内代表によって匿われています。
倉屋敷社長が動いたところで、まず手は出せません
倉屋敷社長が動いたところで、まず手は出せません
和葉
和葉
たかだか１人の人物を調べるためだけに、
たかだか１人の人物を調べるためだけに、
面倒なサインをしなければならないってのは、変じゃないのか？
面倒なサインをしなければならないってのは、変じゃないのか？
秀隆
秀隆
釣り合っていないということですか
釣り合っていないということですか
和葉
和葉
ああ。一人の人間を調べることと、
ああ。一人の人間を調べることと、
街そのものの根幹に関わる内容じゃ、勝負にならんだろ。
街そのものの根幹に関わる内容じゃ、勝負にならんだろ。
おかしな話だ
おかしな話だ
秀隆
秀隆
大局的に見ればそうかも知れません。
大局的に見ればそうかも知れません。
ですが、それこそ、おかしな話だとオレは思います
ですが、それこそ、おかしな話だとオレは思います
秀隆
秀隆
今しがた社長は規制緩和なんてどうでもいいと仰いました。
今しがた社長は規制緩和なんてどうでもいいと仰いました。
俗世に興味のない社長なら、署名するだけで被験者が手に入るんですよ？
俗世に興味のない社長なら、署名するだけで被験者が手に入るんですよ？
秀隆
秀隆
街の根幹がどうとかあなたには関係ないはずですし、
街の根幹がどうとかあなたには関係ないはずですし、
実際のところ、興味を持たれているようには思えません
実際のところ、興味を持たれているようには思えません
秀隆
秀隆
ご自分で仰った発言を、撤回するわけじゃないですよね？
ご自分で仰った発言を、撤回するわけじゃないですよね？
和葉
和葉
…………
…………
ピリリとその場の空気が痛くなった気がした。
ピリリとその場の空気が痛くなった気がした。
秀隆
秀隆
それともまさか、今になって臆病になりましたか？
それともまさか、今になって臆病になりましたか？
さすがに署名してしまっては、後々訂正も出来ませんので
さすがに署名してしまっては、後々訂正も出来ませんので
ユウキ
ユウキ
うわぁ、ぐいぐい言うなぁ……
うわぁ、ぐいぐい言うなぁ……
和葉
和葉
いつか背中からナイフを突き立ててやる
いつか背中からナイフを突き立ててやる
秀隆
秀隆
出来れば、そんな日が来ないことを祈ります
出来れば、そんな日が来ないことを祈ります
あからさまな舌打ちをすると、
あからさまな舌打ちをすると、
倉屋敷社長は残っていたコーヒーを飲み干した。
倉屋敷社長は残っていたコーヒーを飲み干した。
和葉
和葉
その被験者を連れて来るのが条件だ。
その被験者を連れて来るのが条件だ。
もちろんあたしが納得するまで徹底的に調べさせてもらう
もちろんあたしが納得するまで徹底的に調べさせてもらう
秀隆
秀隆
お約束します。こちらが契約書になります
お約束します。こちらが契約書になります
予め用意しておいた書類を取り出すが、社長は興味を示さない。
予め用意しておいた書類を取り出すが、社長は興味を示さない。
和葉
和葉
いちいち書面で交わす必要もない。
いちいち書面で交わす必要もない。
あたしを裏切ればおまえに未来はないんだからな
あたしを裏切ればおまえに未来はないんだからな
秀隆
秀隆
はは……は……
はは……は……
間違いなく冗談じゃすまないんだろうな。
間違いなく冗談じゃすまないんだろうな。
恭一さんと同じようなことを言われてしまった。
恭一さんと同じようなことを言われてしまった。
何となくタイプは一緒かも。
何となくタイプは一緒かも。
どっちも敵に回すと、命はなさそうだ。
どっちも敵に回すと、命はなさそうだ。
和葉
和葉
さっさと署名してやるから、出せ
さっさと署名してやるから、出せ
秀隆
秀隆
はいっ！
はいっ！
秀隆
秀隆
はー疲れた……
はー疲れた……
オレは机に突っ伏すように身を横たえた。
オレは机に突っ伏すように身を横たえた。
ユウキ
ユウキ
やるじゃん秀隆。あのかずはちんを納得させるなんてさ
やるじゃん秀隆。あのかずはちんを納得させるなんてさ
秀隆
秀隆
納得ねぇ……強引にねじ込んだだけさ
納得ねぇ……強引にねじ込んだだけさ
ユウキ
ユウキ
それでも敬服に値するね。普通は無理無理
それでも敬服に値するね。普通は無理無理
キズナ
キズナ
かずちーみたいな凄い人でも、地上に関する興味は大きいんですね
かずちーみたいな凄い人でも、地上に関する興味は大きいんですね
秀隆
秀隆
前に写真を見せたろ？　地上の生き残りかも知れない人の
前に写真を見せたろ？　地上の生き残りかも知れない人の
キズナ
キズナ
はい
はい
秀隆
秀隆
あの時、いつも食いつきの悪い社長が反応を示してたからな。
あの時、いつも食いつきの悪い社長が反応を示してたからな。
写真の人物に見覚えがって言ったのは想定外だったけど、
写真の人物に見覚えがって言ったのは想定外だったけど、
そのことが、多分社長の中にも引っかかってたんだと思う
そのことが、多分社長の中にも引っかかってたんだと思う
キズナ
キズナ
じゃあその時から、今日のことを考えてたんですか？
じゃあその時から、今日のことを考えてたんですか？
秀隆
秀隆
当たり前だろ。オレが提示できる条件は限られてるんだ
当たり前だろ。オレが提示できる条件は限られてるんだ
倉屋敷社長を説得できる可能性は、
倉屋敷社長を説得できる可能性は、
元々これくらいしか思いついていなかった。
元々これくらいしか思いついていなかった。
秀隆
秀隆
でもまさか、ここまで効果的だとは思わなかったよ
でもまさか、ここまで効果的だとは思わなかったよ
ユウキ
ユウキ
かずはちんは、ジオフロントの限界を感じてるんだ
かずはちんは、ジオフロントの限界を感じてるんだ
秀隆
秀隆
と言うと？
と言うと？
ユウキ
ユウキ
人口が増えて、最近じゃ土地の開拓なんてやってるだろ？
人口が増えて、最近じゃ土地の開拓なんてやってるだろ？
秀隆
秀隆
ああ
ああ
ユウキ
ユウキ
でも、それってかなり危険なことらしいじゃん
でも、それってかなり危険なことらしいじゃん
秀隆
秀隆
そうだな。実際に崩落事故なんかも起きてるし
そうだな。実際に崩落事故なんかも起きてるし
ユウキ
ユウキ
それに人が増えれば、食料問題なんかにも直結してくる。
それに人が増えれば、食料問題なんかにも直結してくる。
だから、いずれ人類が地上に戻る計画も必要になるかもって
だから、いずれ人類が地上に戻る計画も必要になるかもって
秀隆
秀隆
でも地上にはもう住めないんだろ？
でも地上にはもう住めないんだろ？
ユウキ
ユウキ
不用意な拡張も同じか、それ以上にリスクがあるってことだろうなぁ
不用意な拡張も同じか、それ以上にリスクがあるってことだろうなぁ
秀隆
秀隆
……地上に戻る計画……
……地上に戻る計画……
それは、オレにはイマイチ考えにくい話だった。
それは、オレにはイマイチ考えにくい話だった。
でも、そう言う大きな視野で見てるんだな……。
でも、そう言う大きな視野で見てるんだな……。
ユウキ
ユウキ
だから、その地上の生き残りって奴を調べれば、
だから、その地上の生き残りって奴を調べれば、
少しでも多くの情報が得られるかもしれないって思ってるんだ
少しでも多くの情報が得られるかもしれないって思ってるんだ
ユウキ
ユウキ
なんて……半分くらいは俺の想像だけど。
なんて……半分くらいは俺の想像だけど。
かずはちんはあんまし自分のことをしゃべらないからなぁ
かずはちんはあんまし自分のことをしゃべらないからなぁ
これで、残る署名は後ひとつになった。
これで、残る署名は後ひとつになった。
唐沢代表。
唐沢代表。
本来であれば、オレが真っ先に話を持っていくべき人物。
本来であれば、オレが真っ先に話を持っていくべき人物。
だけど、恐らく正面からぶつかれば最も強大な敵となるだろう。
だけど、恐らく正面からぶつかれば最も強大な敵となるだろう。
規制緩和に一番強く難色を示している。
規制緩和に一番強く難色を示している。
秀隆
秀隆
だけどやるしかないんだよな
だけどやるしかないんだよな
オレは倉屋敷社長との交渉を成功させた、
オレは倉屋敷社長との交渉を成功させた、
今の『流れ』に身を任せ、その足で向かうことにした。
今の『流れ』に身を任せ、その足で向かうことにした。
唐沢代表の待つ、官邸へ。
唐沢代表の待つ、官邸へ。
秀隆
秀隆
失礼します
失礼します
唐沢
唐沢
やぁ、今日はどうしたんだい？
やぁ、今日はどうしたんだい？
唐沢代表は、いつものようににこやかにオレを迎えてくれた。
唐沢代表は、いつものようににこやかにオレを迎えてくれた。
秀隆
秀隆
実は……本日はお願いがあって参りました
実は……本日はお願いがあって参りました
唐沢
唐沢
お願い？
お願い？
秀隆
秀隆
お時間よろしいでしょうか
お時間よろしいでしょうか
唐沢
唐沢
大丈夫だよ。聞こうか
大丈夫だよ。聞こうか
椅子から立ち上がると、唐沢さんはコーヒーを淹れに行った。
椅子から立ち上がると、唐沢さんはコーヒーを淹れに行った。
秀隆
秀隆
自分が
自分が
唐沢
唐沢
いいからいいから。君は座っていて
いいからいいから。君は座っていて
秀隆
秀隆
恐縮です……
恐縮です……
オレは先にソファーに腰を下ろす。
オレは先にソファーに腰を下ろす。
seコーヒーをテーブルに置く0
seコーヒーをテーブルに置く0
程なくして、オレの分も淹れたコーヒーが置かれた。
程なくして、オレの分も淹れたコーヒーが置かれた。
唐沢
唐沢
さて……どういった話かな？
さて……どういった話かな？
秀隆
秀隆
自分が、今回競売に協力する形で参加しているのはご存知ですね？
自分が、今回競売に協力する形で参加しているのはご存知ですね？
唐沢
唐沢
うん。先日もその件で僕のところに来ていたしね
うん。先日もその件で僕のところに来ていたしね
秀隆
秀隆
現在、丸の内さんの狙っている土地を競り落とすには、
現在、丸の内さんの狙っている土地を競り落とすには、
資金にして４億と少し足らない計算になっているんです
資金にして４億と少し足らない計算になっているんです
唐沢
唐沢
４億か、それはまた随分な額だね……厳しいということか
４億か、それはまた随分な額だね……厳しいということか
秀隆
秀隆
近隣の銀行へ融資のお願いにはあがっていますが、
近隣の銀行へ融資のお願いにはあがっていますが、
既に限度額いっぱいまで受けているのが実情です
既に限度額いっぱいまで受けているのが実情です
唐沢
唐沢
打開策は？
打開策は？
秀隆
秀隆
……ドリームタウンに住む、クイーンに会ってきました
……ドリームタウンに住む、クイーンに会ってきました
その名前を出した瞬間、コーヒーカップに手を伸ばしていた唐沢代表の動きが止まった。
その名前を出した瞬間、コーヒーカップに手を伸ばしていた唐沢代表の動きが止まった。
唐沢
唐沢
クイーン……君が？
クイーン……君が？
秀隆
秀隆
はい
はい
唐沢代表とクイーンは、かつて何かがあった。
唐沢代表とクイーンは、かつて何かがあった。
それは聞き及んでいるが、その詳細をオレは知らない。
それは聞き及んでいるが、その詳細をオレは知らない。
調べては見たが、何も分からなかったのだ。
調べては見たが、何も分からなかったのだ。
秀隆
秀隆
彼女は、認めた人間には分け隔てなくお金を融資すると耳にしましたので
彼女は、認めた人間には分け隔てなくお金を融資すると耳にしましたので
唐沢
唐沢
君がどういうプランを練るのも自由だけど、
君がどういうプランを練るのも自由だけど、
僕はクイーンと交渉を進めるのは得策じゃないと思う
僕はクイーンと交渉を進めるのは得策じゃないと思う
唐沢
唐沢
竹内くんに相談すれば、必ず止めただろうね
竹内くんに相談すれば、必ず止めただろうね
秀隆
秀隆
どうして得策ではないと？　巨額の融資を得る、最短ルートだと思います
どうして得策ではないと？　巨額の融資を得る、最短ルートだと思います
唐沢
唐沢
彼女はドリームタウンの人間だよ？
彼女はドリームタウンの人間だよ？
秀隆
秀隆
もちろん理解しているつもりです。
もちろん理解しているつもりです。
しかし、彼女は中立と聞きます。
しかし、彼女は中立と聞きます。
だからこそ、今回の共同開発でもその代表として選ばれたとか
だからこそ、今回の共同開発でもその代表として選ばれたとか
唐沢
唐沢
中立か。確かに一般的にはそう言われているね
中立か。確かに一般的にはそう言われているね
唐沢
唐沢
だけど覚えておくことだ。彼女はけして、中立なんかじゃない
だけど覚えておくことだ。彼女はけして、中立なんかじゃない
秀隆
秀隆
……中立じゃない……？
……中立じゃない……？
唐沢
唐沢
クイーンは、ドリームタウンを繁栄させるためであれば、
クイーンは、ドリームタウンを繁栄させるためであれば、
どんな汚い仕事でもやってのける。そういう人間だと言っているんだ
どんな汚い仕事でもやってのける。そういう人間だと言っているんだ
秀隆
秀隆
…………
…………
唐沢
唐沢
それで、クイーンは融資について、なんと？
それで、クイーンは融資について、なんと？
秀隆
秀隆
５億の融資をしても構わないと仰って頂きました
５億の融資をしても構わないと仰って頂きました
唐沢
唐沢
５億？　……ほう……
５億？　……ほう……
秀隆
秀隆
ですが、当然強い条件を出されることになりました
ですが、当然強い条件を出されることになりました
唐沢
唐沢
もしかすると、その条件に僕が関係しているのかな
もしかすると、その条件に僕が関係しているのかな
秀隆
秀隆
……はい
……はい
唐沢
唐沢
その条件とは？
その条件とは？
オレを見る目が、鋭かった。
オレを見る目が、鋭かった。
一瞬、言葉が喉の奥に引っ込みかけたが、そうはいかない。
一瞬、言葉が喉の奥に引っ込みかけたが、そうはいかない。
秀隆
秀隆
両街のステーションにおける、規制の緩和です
両街のステーションにおける、規制の緩和です
唐沢
唐沢
…………
…………
ゆっくりと瞼を閉じる唐沢代表。
ゆっくりと瞼を閉じる唐沢代表。
唐沢
唐沢
なるほど……
なるほど……
唐沢
唐沢
君も、今僕と話していて連想することが出来たんじゃないかな？
君も、今僕と話していて連想することが出来たんじゃないかな？
唐沢
唐沢
規制緩和はクイーンの悲願であり、ドリームタウンの目標だ
規制緩和はクイーンの悲願であり、ドリームタウンの目標だ
秀隆
秀隆
ですが、規制緩和が必ずしもドリームタウンに有益とは限りません。実際ホープタウンの多くの企業も、ドリームタウンへの進出を期待しています
ですが、規制緩和が必ずしもドリームタウンに有益とは限りません。実際ホープタウンの多くの企業も、ドリームタウンへの進出を期待しています
唐沢
唐沢
…………
…………
秀隆
秀隆
唐沢代表が、規制緩和に反対なのは承知していますが
唐沢代表が、規制緩和に反対なのは承知していますが
唐沢
唐沢
そう。僕は反対派だ
そう。僕は反対派だ
こちらの言葉を遮り、言葉を放つ。
こちらの言葉を遮り、言葉を放つ。
唐沢
唐沢
君が丸の内社長のために全力を尽くそうとしていることは素晴らしい。だけどね、今回僕が君を助けることは出来ないだろう
君が丸の内社長のために全力を尽くそうとしていることは素晴らしい。だけどね、今回僕が君を助けることは出来ないだろう
唐沢
唐沢
クイーンは僕の牙城を崩せないと踏んで、君を利用しようとしている
クイーンは僕の牙城を崩せないと踏んで、君を利用しようとしている
唐沢
唐沢
５億と言う資金を使って、君を引きずりこもうとしているんだ
５億と言う資金を使って、君を引きずりこもうとしているんだ
秀隆
秀隆
それは……
それは……
唐沢
唐沢
悪いことは言わない。クイーンからは手を引くのが賢明だよ
悪いことは言わない。クイーンからは手を引くのが賢明だよ
秀隆
秀隆
しかし、これ以外に短期間で５億を得る方法はありません
しかし、これ以外に短期間で５億を得る方法はありません
唐沢
唐沢
……なら、諦めるしかないだろう
……なら、諦めるしかないだろう
秀隆
秀隆
賛同はいただけない、と……
賛同はいただけない、と……
唐沢
唐沢
そういうことだね
そういうことだね
唐沢
唐沢
それに、僕一人が賛成したところで解決する問題じゃないんだ
それに、僕一人が賛成したところで解決する問題じゃないんだ
秀隆
秀隆
大河内代表と、倉屋敷社長から署名を得ることですね？
大河内代表と、倉屋敷社長から署名を得ることですね？
唐沢
唐沢
それが島津くんに出来るとでも言うのかい？
それが島津くんに出来るとでも言うのかい？
秀隆
秀隆
……はい
……はい
秀隆
秀隆
既に、大河内代表、倉屋敷社長、クイーンの承諾は得ております
既に、大河内代表、倉屋敷社長、クイーンの承諾は得ております
そう言った瞬間、唐沢代表の表情から優しさが消えた。
そう言った瞬間、唐沢代表の表情から優しさが消えた。
唐沢
唐沢
…………
…………
そして、オレを睨むような目を向けてきた。
そして、オレを睨むような目を向けてきた。
それは単純に、警戒心をあらわにしたものだろう。
それは単純に、警戒心をあらわにしたものだろう。
秀隆
秀隆
本来であれば、このお話は一番最初に
本来であれば、このお話は一番最初に
唐沢代表に通すべきだと思います。
唐沢代表に通すべきだと思います。
ですが、そのまま通したところで許可は得られません
ですが、そのまま通したところで許可は得られません
秀隆
秀隆
最初に規制緩和に賛成の大河内代表を。
最初に規制緩和に賛成の大河内代表を。
そして次に、倉屋敷社長にその許可を頂いてまいりました
そして次に、倉屋敷社長にその許可を頂いてまいりました
唐沢
唐沢
なるほど。外堀から埋めて、僕に強引にねじ込もうとしたのか
なるほど。外堀から埋めて、僕に強引にねじ込もうとしたのか
秀隆
秀隆
そう取られてしまっても仕方ありません
そう取られてしまっても仕方ありません
唐沢
唐沢
幾らクイーンからの条件とは言え、随分と動いたものだね
幾らクイーンからの条件とは言え、随分と動いたものだね
唐沢
唐沢
君の個性が、強く出てしまったわけだ
君の個性が、強く出てしまったわけだ
秀隆
秀隆
任されたプロジェクトを、通すため。
任されたプロジェクトを、通すため。
自分に課せられた使命は、丸の内さんを勝たせることです
自分に課せられた使命は、丸の内さんを勝たせることです
唐沢
唐沢
そのために、色々な犠牲を払うとしてもかい？
そのために、色々な犠牲を払うとしてもかい？
秀隆
秀隆
特務官として引き受けた仕事に手は抜けません
特務官として引き受けた仕事に手は抜けません
そう、それが将来的にこの街に大打撃を与えることになったとしても。
そう、それが将来的にこの街に大打撃を与えることになったとしても。
オレは丸の内社長に企業の明暗を託されたのだ。
オレは丸の内社長に企業の明暗を託されたのだ。
そこに、そう言う考えを持ち込んではいけない。
そこに、そう言う考えを持ち込んではいけない。
唐沢
唐沢
特務官か。入社して間もないのに、言うもんだね
特務官か。入社して間もないのに、言うもんだね
いつもの笑みは無い。
いつもの笑みは無い。
内心恐怖を感じ始めていたが、
内心恐怖を感じ始めていたが、
そこで気おされていてはこの場にいる資格すらない。
そこで気おされていてはこの場にいる資格すらない。
秀隆
秀隆
賛成の署名をし、規制緩和の案を通していただけませんでしょうか？
賛成の署名をし、規制緩和の案を通していただけませんでしょうか？
唐沢
唐沢
島津くん。君が丸の内社長のために全力で
島津くん。君が丸の内社長のために全力で
戦っていることを、僕は責めるつもりはない
戦っていることを、僕は責めるつもりはない
唐沢
唐沢
でも、だからこそ僕も引くことは出来ない。
でも、だからこそ僕も引くことは出来ない。
君が丸の内社長を助けようとしているように、
君が丸の内社長を助けようとしているように、
僕には街の代表としてホープタウンを守る使命がある
僕には街の代表としてホープタウンを守る使命がある
秀隆
秀隆
……そうですね。当然だと思います
……そうですね。当然だと思います
唐沢
唐沢
僕も、いずれはステーションの規制緩和は必要だと感じている。
僕も、いずれはステーションの規制緩和は必要だと感じている。
だけど、今はまだ時期尚早だ。今それを行えば、ホープタウンは多大なる損害を受けることになるだろう
だけど、今はまだ時期尚早だ。今それを行えば、ホープタウンは多大なる損害を受けることになるだろう
秀隆
秀隆
ドリームタウンに取り込まれる、と言うことですか
ドリームタウンに取り込まれる、と言うことですか
唐沢
唐沢
そうだ。機械産業と言う分野では
そうだ。機械産業と言う分野では
倉屋敷を筆頭に大きくリードしているが、その他はまだまだ弱い
倉屋敷を筆頭に大きくリードしているが、その他はまだまだ弱い
唐沢
唐沢
まして、一般人の渡航が自由になれば、
まして、一般人の渡航が自由になれば、
恐らく向こうの娯楽施設に膨大な資金が流れてしまう
恐らく向こうの娯楽施設に膨大な資金が流れてしまう
唐沢
唐沢
結果的に技術の漏洩なんかにも繋がってしまいかねない
結果的に技術の漏洩なんかにも繋がってしまいかねない
秀隆
秀隆
……そうかも知れません
……そうかも知れません
唐沢
唐沢
だから、僕は規制緩和の提案を受けることは出来ないんだよ
だから、僕は規制緩和の提案を受けることは出来ないんだよ
唐沢代表の言うことは正論だ。
唐沢代表の言うことは正論だ。
受身過ぎるとも言えるが、事故が起こってからでは遅い。
受身過ぎるとも言えるが、事故が起こってからでは遅い。
ホープタウンを守るための行動には、全くブレがないのだから。
ホープタウンを守るための行動には、全くブレがないのだから。
秀隆
秀隆
話し合いの余地はない、と言うことでしょうか
話し合いの余地はない、と言うことでしょうか
唐沢
唐沢
残念ながら、そう言うことになるね
残念ながら、そう言うことになるね
秀隆
秀隆
…………
…………
唐沢
唐沢
納得してもらえないかな？
納得してもらえないかな？
秀隆
秀隆
いえ、唐沢代表の仰ることは、ごもっともです
いえ、唐沢代表の仰ることは、ごもっともです
秀隆
秀隆
真意がどうあれ、オレがクイーンに利用されているのは間違い
真意がどうあれ、オレがクイーンに利用されているのは間違い
ありませんから
ありませんから
片桐食糧プラントの件を出そうと思っていたオレだが、
片桐食糧プラントの件を出そうと思っていたオレだが、
それはもはや、意味を成さないことを思い知らされていた。
それはもはや、意味を成さないことを思い知らされていた。
唐沢さんには何を言っても、通じないだろう。
唐沢さんには何を言っても、通じないだろう。
唐沢
唐沢
わかってくれたみたいで嬉しいよ
わかってくれたみたいで嬉しいよ
唐沢
唐沢
まだ競売までは時間もある。
まだ競売までは時間もある。
何とか丸の内社長に答えてあげられるプランを見つけ出してほしい
何とか丸の内社長に答えてあげられるプランを見つけ出してほしい
秀隆
秀隆
はい
はい
秀隆
秀隆
……失礼します
……失礼します
オレは強い虚無感に襲われながら、代表室を後にした。
オレは強い虚無感に襲われながら、代表室を後にした。
そのまま、その場に数十秒ほど立ち止まり、
そのまま、その場に数十秒ほど立ち止まり、
今しがた室内で行われた会話を思い返す。
今しがた室内で行われた会話を思い返す。
……手の打ちようが無い。
……手の打ちようが無い。
交渉と言うものでは、唐沢代表を動かすことは不可能だろう。
交渉と言うものでは、唐沢代表を動かすことは不可能だろう。
地位だとかお金だとか、趣味である何かであるとか、
地位だとかお金だとか、趣味である何かであるとか、
そう言う何かが通じるような余地がある問題じゃないんだ。
そう言う何かが通じるような余地がある問題じゃないんだ。
そう言う意味じゃ、凛とのＣＭ交渉に近いが、
そう言う意味じゃ、凛とのＣＭ交渉に近いが、
あの時は凛に悩み事があると言う突破口があった。
あの時は凛に悩み事があると言う突破口があった。
唐沢代表には、そういう類のものすらない。
唐沢代表には、そういう類のものすらない。
秀隆
秀隆
分かっちゃいたんだけどな……
分かっちゃいたんだけどな……
深く考えるまでもない。
深く考えるまでもない。
唐沢代表はどんなことがあろうと、
唐沢代表はどんなことがあろうと、
交渉の席において承諾させることは無理だって。
交渉の席において承諾させることは無理だって。
秀隆
秀隆
ふーっ……
ふーっ……
思考を、いったんクリアに。
思考を、いったんクリアに。
冷静にならなきゃいけない。
冷静にならなきゃいけない。
確かに厳しい交渉ではあったけど、
確かに厳しい交渉ではあったけど、
唐沢さんを説得できなかったのはオレの能力不足だ。
唐沢さんを説得できなかったのはオレの能力不足だ。
そこは反省しなければならない。
そこは反省しなければならない。
そして、それでもオレは、上手く取りまとめる必要がある。
そして、それでもオレは、上手く取りまとめる必要がある。
唐沢さんに規制緩和を認めさせる方法を―――。
唐沢さんに規制緩和を認めさせる方法を―――。
磯部
磯部
そうか、やっぱり駄目だったか
そうか、やっぱり駄目だったか
秀隆
秀隆
ああ。唐沢代表は首を縦に振らなかった
ああ。唐沢代表は首を縦に振らなかった
まどか
まどか
折角大河内代表、倉屋敷代表の署名を手に入れられたのに
折角大河内代表、倉屋敷代表の署名を手に入れられたのに
秀隆
秀隆
まだ諦めるのは早いさ。探せば手はある
まだ諦めるのは早いさ。探せば手はある
磯部
磯部
俺には、そんな手が思いつくとは思えないけどな。
俺には、そんな手が思いつくとは思えないけどな。
唐沢代表はどんなことがあったって、絶対に許可を出したりしない。そんなことは、おまえだってもう感じてるんじゃないのか？
唐沢代表はどんなことがあったって、絶対に許可を出したりしない。そんなことは、おまえだってもう感じてるんじゃないのか？
秀隆
秀隆
いや、あるはずだ。絶対に手はある
いや、あるはずだ。絶対に手はある
磯部
磯部
思いついてないのに、確信を持ってるってか？
思いついてないのに、確信を持ってるってか？
まどか
まどか
…………
…………
正確には、もう思いついている。
正確には、もう思いついている。
唐沢代表が納得せざるを得ない方法を。
唐沢代表が納得せざるを得ない方法を。
だけど
だけど
まどか
まどか
どうするつもりなの？
どうするつもりなの？
秀隆
秀隆
んー？　なにが？
んー？　なにが？
まどか
まどか
次は何を考えてるのかってこと
次は何を考えてるのかってこと
秀隆
秀隆
何とか唐沢代表に理解してもらえる作戦を考えてるところだ
何とか唐沢代表に理解してもらえる作戦を考えてるところだ
まどか
まどか
そう……
そう……
まどか
まどか
それじゃあ、私は帰るわね
それじゃあ、私は帰るわね
秀隆
秀隆
ああ。お疲れさま
ああ。お疲れさま
…………。
…………。
……。
……。
