……う～ん……。
……う～ん……。
もう、これ以上覚えられない……。
もう、これ以上覚えられない……。
秀隆
秀隆
…………
…………
秀隆
秀隆
……朝だ……
……朝だ……
いつの間に眠ってしまったのか、
いつの間に眠ってしまったのか、
オレはベッドの上で朝を迎えていた。
オレはベッドの上で朝を迎えていた。
秀隆
秀隆
全然寝た気がしないな……
全然寝た気がしないな……
夢の中でも仕事をしていた気がする。
夢の中でも仕事をしていた気がする。
時刻も７時を回っていて、そろそろ準備しないと行けない。
時刻も７時を回っていて、そろそろ準備しないと行けない。
秀隆
秀隆
行きたくねぇなあ
行きたくねぇなあ
入社２日目にして、ちょっと心が折れそうになっていた。
入社２日目にして、ちょっと心が折れそうになっていた。
アクセラ
アクセラ
おはようございます。秀隆さま
おはようございます。秀隆さま
秀隆
秀隆
うい……
うい……
アクセラ
アクセラ
どうされましたか。体調が優れませんか？
どうされましたか。体調が優れませんか？
秀隆
秀隆
ちょっと、精神的にだるいだけだ
ちょっと、精神的にだるいだけだ
アクセラ
アクセラ
それは良かったです。
それは良かったです。
２日目にして欠勤となれば、査定にも響きますし
２日目にして欠勤となれば、査定にも響きますし
秀隆
秀隆
はいはい
はいはい
朝から反論する元気もない。
朝から反論する元気もない。
アクセラ
アクセラ
…………
…………
アクセラ
アクセラ
秀隆さま
秀隆さま
秀隆
秀隆
まだ何かあるのか？
まだ何かあるのか？
アクセラ
アクセラ
いえ……そう言うわけでは
いえ……そう言うわけでは
秀隆
秀隆
んだよ……
んだよ……
オレはぐてっとテーブルに上半身を倒す。
オレはぐてっとテーブルに上半身を倒す。
秀隆
秀隆
アンドロイドはいいよな、気楽で
アンドロイドはいいよな、気楽で
アクセラ
アクセラ
その質問には、私からはお答えできかねますが
その質問には、私からはお答えできかねますが
秀隆
秀隆
別に答えを求めて言ってないから
別に答えを求めて言ってないから
アクセラ
アクセラ
そうですか
そうですか
社会人としての辛さや大変さ、
社会人としての辛さや大変さ、
苦労や心配なんてものも、アンドロイドにはないんだろうな。
苦労や心配なんてものも、アンドロイドにはないんだろうな。
アクセラ
アクセラ
秀隆さま
秀隆さま
秀隆
秀隆
なんだー
なんだー
アクセラ
アクセラ
格好悪いです
格好悪いです
秀隆
秀隆
……るせぃよ……
……るせぃよ……
アクセラ
アクセラ
１日で、特務官のお仕事が嫌になりましたか？
１日で、特務官のお仕事が嫌になりましたか？
秀隆
秀隆
いいだろ、なんでも
いいだろ、なんでも
アクセラ
アクセラ
よくありません。秋さまのお気持ちも考えてください
よくありません。秋さまのお気持ちも考えてください
秀隆
秀隆
秋の気持ちぃ？
秋の気持ちぃ？
そんなもん、オレに分かるはずがない。
そんなもん、オレに分かるはずがない。
興味もない。
興味もない。
秀隆
秀隆
おまえらに心配されるほど、落ちぶれちゃいないよ
おまえらに心配されるほど、落ちぶれちゃいないよ
秀隆
秀隆
家を出たら、気持ちを切り替えるさ
家を出たら、気持ちを切り替えるさ
アクセラ
アクセラ
そうですか
そうですか
秀隆
秀隆
ちょっとくらい元気がなくてもいいだろ。そう言うときもある
ちょっとくらい元気がなくてもいいだろ。そう言うときもある
アクセラ
アクセラ
何を言っても無駄ですか
何を言っても無駄ですか
秀隆
秀隆
残念ながら無駄だな……元気は出てこないよ
残念ながら無駄だな……元気は出てこないよ
アクセラ
アクセラ
私のおっぱいでも揉みますか？
私のおっぱいでも揉みますか？
秀隆
秀隆
えっ！？
えっ！？
アクセラ
アクセラ
揉みたいんですか？
揉みたいんですか？
秀隆
秀隆
……揉みたくなんてねーよ……
……揉みたくなんてねーよ……
アクセラ
アクセラ
その割には、随分と食いつくような視線でしたが
その割には、随分と食いつくような視線でしたが
秀隆
秀隆
し、してねーし……
し、してねーし……
そりゃ、アクセラの外見に文句なんてないが、
そりゃ、アクセラの外見に文句なんてないが、
所詮作り物、アンドロイドだからな……。
所詮作り物、アンドロイドだからな……。
一瞬でもおっぱいに反応してしまった自分が情けない。
一瞬でもおっぱいに反応してしまった自分が情けない。
秀隆
秀隆
つか、どこで覚えてくるんだそう言うことを。ろくでもないな
つか、どこで覚えてくるんだそう言うことを。ろくでもないな
アクセラ
アクセラ
日ごろ、秀隆さまから学んでおりますので
日ごろ、秀隆さまから学んでおりますので
オレからだった……。
オレからだった……。
秀隆
秀隆
おはようございます！
おはようございます！
勢い良く扉を開く、が、同期たちは一瞬顔を上げただけで、
勢い良く扉を開く、が、同期たちは一瞬顔を上げただけで、
すぐ元の雑談や作業に戻ってしまった。
すぐ元の雑談や作業に戻ってしまった。
オレの装ったカラ元気も、すっ飛んで行ってしまう。
オレの装ったカラ元気も、すっ飛んで行ってしまう。
まどか
まどか
おはよう
おはよう
秀隆
秀隆
うう、おまえだけだよ、挨拶を返してくれるのは……
うう、おまえだけだよ、挨拶を返してくれるのは……
まどか
まどか
な、なんで挨拶だけで泣きそうになってるのよ
な、なんで挨拶だけで泣きそうになってるのよ
まどか
まどか
……ほんと、学生時代とは別人ね
……ほんと、学生時代とは別人ね
秀隆
秀隆
そう言うなよ、もう５年も経つんだぜ？
そう言うなよ、もう５年も経つんだぜ？
まどか
まどか
そうね……
そうね……
そう、まどかも随分と変わった。
そう、まどかも随分と変わった。
それがどう変わったのか、は説明できないが。
それがどう変わったのか、は説明できないが。
ただその、何よりも驚いた変化は、
ただその、何よりも驚いた変化は、
胸のボリュームも一段と増している。
胸のボリュームも一段と増している。
学生の時から大きかったけど、ここまで実ったか。
学生の時から大きかったけど、ここまで実ったか。
手で触ったり揉んだりしたら、
手で触ったり揉んだりしたら、
もう絶対柔らかくてふにふにして最高なんだろうな。
もう絶対柔らかくてふにふにして最高なんだろうな。
朝おっぱいの話をしたせいか、そんなことが脳裏を過ぎる。
朝おっぱいの話をしたせいか、そんなことが脳裏を過ぎる。
男の本能と言い訳しつつ、
男の本能と言い訳しつつ、
昔のまどか（裸）を思い出そうとする自分はゲス野郎です、はい。
昔のまどか（裸）を思い出そうとする自分はゲス野郎です、はい。
でも、悲しいかな靄がかかってはっきりとはいかなかった。
でも、悲しいかな靄がかかってはっきりとはいかなかった。
まどか
まどか
……どこ見てるの？
……どこ見てるの？
秀隆
秀隆
え？　いや、えっと、どこでしょう……
え？　いや、えっと、どこでしょう……
まどか
まどか
お願いだから、想像以上にガッカリさせないで
お願いだから、想像以上にガッカリさせないで
秀隆
秀隆
……悪い
……悪い
今度からは、気付かれないように見ることにしよう。
今度からは、気付かれないように見ることにしよう。
まどか
まどか
今日は契約更新に関して、片桐社長と会うことになってるの
今日は契約更新に関して、片桐社長と会うことになってるの
先日、交渉がどうとか言ってたな。
先日、交渉がどうとか言ってたな。
まどか
まどか
島津くんにも同行してもらうから
島津くんにも同行してもらうから
秀隆
秀隆
オレが？　何かの役に立てるとは思わないぞ
オレが？　何かの役に立てるとは思わないぞ
まどか
まどか
わかってる。あくまでも、社会人としての基礎よ。
わかってる。あくまでも、社会人としての基礎よ。
同行して挨拶をする、ただそれだけだから
同行して挨拶をする、ただそれだけだから
秀隆
秀隆
そ、そうか
そ、そうか
まどか
まどか
失礼のないようにしてね
失礼のないようにしてね
秀隆
秀隆
それくらいのマナーはオレにも分かるから、心配するな
それくらいのマナーはオレにも分かるから、心配するな
まどか
まどか
どうかしら……
どうかしら……
オレに対する信用度は、限りなく０に近いようだった。
オレに対する信用度は、限りなく０に近いようだった。
秀隆
秀隆
しかし、あれだな……やっぱ特務官たちは真面目だよな
しかし、あれだな……やっぱ特務官たちは真面目だよな
まどか
まどか
当たり前でしょ。そんなこと、子供でも知ってるわ
当たり前でしょ。そんなこと、子供でも知ってるわ
秀隆
秀隆
……そうな……
……そうな……
なに言ってんだろうね、オレは。
なに言ってんだろうね、オレは。
まどか
まどか
ともかく、９時過ぎには片桐食糧プラントに向かうから。
ともかく、９時過ぎには片桐食糧プラントに向かうから。
それまでに可能な限り資料には目を通しておいて
それまでに可能な限り資料には目を通しておいて
秀隆
秀隆
これなら終わった
これなら終わった
オレは借りていた片桐食糧プラントのデータが入ったメモリを渡した。
オレは借りていた片桐食糧プラントのデータが入ったメモリを渡した。
まどか
まどか
これ……全部目を通したの？
これ……全部目を通したの？
秀隆
秀隆
一晩かかったけどな
一晩かかったけどな
ちょっと格好つけて言ってみた。
ちょっと格好つけて言ってみた。
まどか
まどか
……そう。じゃあ、次のファイルがあるから
……そう。じゃあ、次のファイルがあるから
秀隆
秀隆
これで終わりじゃなかったのね……
これで終わりじゃなかったのね……
もうちょっとゆっくりやった方がよかったかも。
もうちょっとゆっくりやった方がよかったかも。
片桐食料プラント。
片桐食料プラント。
正確には片桐製作食糧工場。
正確には片桐製作食糧工場。
特務官２日目のオレは、その工場前までやって来ていた。
特務官２日目のオレは、その工場前までやって来ていた。
そして、目の前には片桐社長が立っている。
そして、目の前には片桐社長が立っている。
片桐
片桐
私が片桐だ
私が片桐だ
まどか
まどか
初めまして。私は、特務官の佐々野と申します
初めまして。私は、特務官の佐々野と申します
片桐
片桐
ほぉ、これはこれは、美人の特務官もいたんですなぁ
ほぉ、これはこれは、美人の特務官もいたんですなぁ
まどかの手を両手で握り締める。
まどかの手を両手で握り締める。
まどか
まどか
よ、よろしくお願いします
よ、よろしくお願いします
磯部
磯部
よろしくお願いします
よろしくお願いします
磯部くんが頭を下げると同時に、
磯部くんが頭を下げると同時に、
オレもその後ろでぺこりと下げた。
オレもその後ろでぺこりと下げた。
片桐
片桐
今日は竹内さんはお見えになっていないのかな？
今日は竹内さんはお見えになっていないのかな？
まどか
まどか
はい。今回の件は、私たちに任せていただきました
はい。今回の件は、私たちに任せていただきました
片桐
片桐
ふむ……まぁ無理もないですな。本当に残念だった
ふむ……まぁ無理もないですな。本当に残念だった
まどか
まどか
早速ですが、契約の延長に関してお話が出来ればと思いまして
早速ですが、契約の延長に関してお話が出来ればと思いまして
片桐
片桐
分かりました。では応接室にご案内しましょう
分かりました。では応接室にご案内しましょう
片桐社長について、まどかたちが歩き出す。
片桐社長について、まどかたちが歩き出す。
オレもその後をついていこうとして……
オレもその後をついていこうとして……
まどか
まどか
島津くんは、ここで待機していて貰えるかしら
島津くんは、ここで待機していて貰えるかしら
秀隆
秀隆
え？
え？
まどか
まどか
終わったらすぐ声をかけるから
終わったらすぐ声をかけるから
秀隆
秀隆
あ、あぁ……
あ、あぁ……
まどか、磯部くんの２人は、オレを置いて工場内に消えていった。
まどか、磯部くんの２人は、オレを置いて工場内に消えていった。
そうかオレはついていくだけだったな。
そうかオレはついていくだけだったな。
まどかたちが、上手く片桐社長にサインをさせてくれればいいが……。
まどかたちが、上手く片桐社長にサインをさせてくれればいいが……。
ここに来る途中、まどかたちは最後の打ち合わせを行っていた。
ここに来る途中、まどかたちは最後の打ち合わせを行っていた。
その会話をさり気なく聞いていたが、
その会話をさり気なく聞いていたが、
前回の契約より２５％の上乗せで再契約を目指すと言ってたな。
前回の契約より２５％の上乗せで再契約を目指すと言ってたな。
この２５％を捻出するのも、相当大変だったらしい。
この２５％を捻出するのも、相当大変だったらしい。
年度予算をオーバーすることは必須だとも言っていた。
年度予算をオーバーすることは必須だとも言っていた。
でも、２５％の上乗せで納得してもらえるのだろうか。
でも、２５％の上乗せで納得してもらえるのだろうか。
資料に目を通す限り、ドリームタウンは従来の金額＋３０％に近い数値で例の大型契約を結んだと記されていた気がする。
資料に目を通す限り、ドリームタウンは従来の金額＋３０％に近い数値で例の大型契約を結んだと記されていた気がする。
そんな人の心配を勝手にしながら、
そんな人の心配を勝手にしながら、
オレは工場の辺りを見て回ることにした。
オレは工場の辺りを見て回ることにした。
どうせ余った時間なら、多少でも有意義に使った方がいい。
どうせ余った時間なら、多少でも有意義に使った方がいい。
秀隆
秀隆
やっぱりデカイよなあ
やっぱりデカイよなあ
これだけ大きな施設だと、維持するだけでも相当な費用がかかる。
これだけ大きな施設だと、維持するだけでも相当な費用がかかる。
実際、食糧プラントって言うのは、それほど儲からない。
実際、食糧プラントって言うのは、それほど儲からない。
ただし非常に安定はしている。
ただし非常に安定はしている。
何故なら需要がなくなることは、人間が存在する限りありえないからだ。
何故なら需要がなくなることは、人間が存在する限りありえないからだ。
？？？】※裕輔
？？？】※裕輔
おい。そこで突っ立ってられると邪魔なんだが
おい。そこで突っ立ってられると邪魔なんだが
秀隆
秀隆
おっと。これは失礼
おっと。これは失礼
後ろから話しかけられ、オレはその場から飛びのいた。
後ろから話しかけられ、オレはその場から飛びのいた。
大きなダンボールを抱えた男性が立っている。
大きなダンボールを抱えた男性が立っている。
歳はオレと同じくらいだろうか。
歳はオレと同じくらいだろうか。
話しかけにくそうな雰囲気は出ているが、
話しかけにくそうな雰囲気は出ているが、
がたいはしっかりしているし、イケメンだ。
がたいはしっかりしているし、イケメンだ。
秀隆
秀隆
あの、こちらの従業員の方、ですか？
あの、こちらの従業員の方、ですか？
？？？】※裕輔
？？？】※裕輔
あんたは？
あんたは？
秀隆
秀隆
申し遅れました、私、特務官の島津と申します
申し遅れました、私、特務官の島津と申します
？？？】※裕輔
？？？】※裕輔
特務官……
特務官……
オレの質問に答えてはくれなかったが、
オレの質問に答えてはくれなかったが、
恐らく従業員で間違いないだろう。
恐らく従業員で間違いないだろう。
ダンボールを抱えたまま、建物の中に入って行ってしまった。
ダンボールを抱えたまま、建物の中に入って行ってしまった。
それから小１時間、オレはボケッとその場に突っ立っていた。
それから小１時間、オレはボケッとその場に突っ立っていた。
まどか
まどか
お待ちください、片桐社長！
お待ちください、片桐社長！
まどかの大きな声が響いた。
まどかの大きな声が響いた。
片桐
片桐
いや、申し訳ない。これからドリームタウンに向かわなければならないんだ
いや、申し訳ない。これからドリームタウンに向かわなければならないんだ
片桐
片桐
最後の打ち合わせがあるからね。これで失礼するよ
最後の打ち合わせがあるからね。これで失礼するよ
まどか
まどか
何か、まだ交渉できる余地はあると思うんです！
何か、まだ交渉できる余地はあると思うんです！
片桐
片桐
すまない。もう決定したことなんだ
すまない。もう決定したことなんだ
片桐社長の後を追うようにして、まどかと磯部くんが食い下がっていた。
片桐社長の後を追うようにして、まどかと磯部くんが食い下がっていた。
傍目に見ていても、交渉が上手く行かなかったことが分かる。
傍目に見ていても、交渉が上手く行かなかったことが分かる。
まどか
まどか
何とか、何とか再交渉の場を持っていただけませんか！
何とか、何とか再交渉の場を持っていただけませんか！
まどか
まどか
こちらでも、もっと期待に添えないか検討して参ります！
こちらでも、もっと期待に添えないか検討して参ります！
まどか
まどか
何とか、何とか３０％に近い数値を―――！
何とか、何とか３０％に近い数値を―――！
片桐
片桐
残念だが、それでは再交渉に応じられない
残念だが、それでは再交渉に応じられない
片桐
片桐
が、……そうだね……。４０％の上乗せなら、検討しなくもない
が、……そうだね……。４０％の上乗せなら、検討しなくもない
まどか
まどか
よ、４０％！？
よ、４０％！？
片桐
片桐
そうでもしないと、ドリームタウンよりも利益が落ちてしまうからね
そうでもしないと、ドリームタウンよりも利益が落ちてしまうからね
まどか
まどか
う……っ……
う……っ……
まどか
まどか
一度持ち帰り、ご期待に沿えないか検討させて頂きますっ！
一度持ち帰り、ご期待に沿えないか検討させて頂きますっ！
片桐
片桐
ふむ……どうしたものか
ふむ……どうしたものか
片桐社長はその場に立ち止まり、
片桐社長はその場に立ち止まり、
まどかの身体に、上から下まで舐め回すような視線を向けた。
まどかの身体に、上から下まで舐め回すような視線を向けた。
ある種その視線には嫌悪感を感じそうなものだが、
ある種その視線には嫌悪感を感じそうなものだが、
まどかも磯部くんも、気付いた様子はない。
まどかも磯部くんも、気付いた様子はない。
それほど必死に食い下がっているのだろう。
それほど必死に食い下がっているのだろう。
まどか
まどか
お願いします。もう一度チャンスを……！
お願いします。もう一度チャンスを……！
片桐
片桐
ま、まぁ……君がどうしても、と言うなら……
ま、まぁ……君がどうしても、と言うなら……
まどか
まどか
お願いします！
お願いします！
片桐
片桐
よろしい。なら、来週月曜日の午後１時に、そちらにお伺いしましょう
よろしい。なら、来週月曜日の午後１時に、そちらにお伺いしましょう
片桐
片桐
丁度月曜日は予定がないのでね。一日空けておくよ
丁度月曜日は予定がないのでね。一日空けておくよ
片桐
片桐
この意味、わかっていただけますかな？
この意味、わかっていただけますかな？
まどか
まどか
は、はい！　ありがとうございます！
は、はい！　ありがとうございます！
片桐社長はポンとまどかの肩を叩いてから、どこかへと歩いていった。
片桐社長はポンとまどかの肩を叩いてから、どこかへと歩いていった。
２人は片桐社長の姿が見えなくなるまで、頭を下げ続けた。
２人は片桐社長の姿が見えなくなるまで、頭を下げ続けた。
特務官待機室に戻ったオレは、
特務官待機室に戻ったオレは、
辛辣な表情を見せるまどかたちから話を聞かされた。
辛辣な表情を見せるまどかたちから話を聞かされた。
片桐社長は、前回の契約金に２５％の
片桐社長は、前回の契約金に２５％の
上乗せをした内容でも、契約を結ぶつもりがないこと。
上乗せをした内容でも、契約を結ぶつもりがないこと。
生産ラインの全てを、ドリームタウンにあてることを考えていること。
生産ラインの全てを、ドリームタウンにあてることを考えていること。
もしそれを覆し、契約を結びたいなら、
もしそれを覆し、契約を結びたいなら、
今の契約内容に４０％の上乗せをして、再交渉に望むしかないこと。
今の契約内容に４０％の上乗せをして、再交渉に望むしかないこと。
もちろん、この４０％と言うのは論外だ。
もちろん、この４０％と言うのは論外だ。
それだけの上乗せを行えば、間違いなく市民への生活に支障が出る。
それだけの上乗せを行えば、間違いなく市民への生活に支障が出る。
まどかたちはこれから、
まどかたちはこれから、
４０％と言う上乗せ以外の妥協案を探るつもりのようだ。
４０％と言う上乗せ以外の妥協案を探るつもりのようだ。
オレは、特に仕事を与えられるわけでもなく、
オレは、特に仕事を与えられるわけでもなく、
片桐食糧プラントに関する資料に目を通し続けた。
片桐食糧プラントに関する資料に目を通し続けた。
昼休みになった。
昼休みになった。
オレは、まどかを食事にでも誘おうと、席を立つ。
オレは、まどかを食事にでも誘おうと、席を立つ。
秀隆
秀隆
まど
まど
声をかけようと近づいたところで、
声をかけようと近づいたところで、
磯部くんがまどかに声をかけるところを見つけた。
磯部くんがまどかに声をかけるところを見つけた。
磯部
磯部
飯行こうぜ。根詰めっぱなしもきついだろ
飯行こうぜ。根詰めっぱなしもきついだろ
まどか
まどか
……そうね
……そうね
そのまま２人は立ち上がると、並んで室内を後にした。
そのまま２人は立ち上がると、並んで室内を後にした。
秀隆
秀隆
…………
…………
秀隆
秀隆
あの……
あの……
オレは、室内に残っていた別の特務官に話しかけた。
オレは、室内に残っていた別の特務官に話しかけた。
無視したかったのだろうが、
無視したかったのだろうが、
面と向かって話しかけられてはそうもいかないのか、
面と向かって話しかけられてはそうもいかないのか、
気だるそうな視線を向けながらも反応が返って来た。
気だるそうな視線を向けながらも反応が返って来た。
特務官女性
特務官女性
なにか……？
なにか……？
秀隆
秀隆
あぁいや、あの２人ってひょっとして？
あぁいや、あの２人ってひょっとして？
特務官女性
特務官女性
佐々野さんと磯部さんが、どうかしたの
佐々野さんと磯部さんが、どうかしたの
秀隆
秀隆
いえ、何でもないんです、失礼しました
いえ、何でもないんです、失礼しました
一人で飯に行くことにしよう。
一人で飯に行くことにしよう。
食堂で簡易な食べ物を購入し、
食堂で簡易な食べ物を購入し、
人気の少ない廊下で飯をほお張ることに。
人気の少ない廊下で飯をほお張ることに。
秀隆
秀隆
教師時代も友達はいなかったけど、
教師時代も友達はいなかったけど、
まだ話しかけてくれたり、誘ってくれる生徒がいたからな
まだ話しかけてくれたり、誘ってくれる生徒がいたからな
こうして改めてボッチになると、結構心が寂しいもんだ。
こうして改めてボッチになると、結構心が寂しいもんだ。
オレは携帯でポチポチと情勢をチェックしながら、
オレは携帯でポチポチと情勢をチェックしながら、
早く休憩時間が終わればいいのにと思った。
早く休憩時間が終わればいいのにと思った。
…………。
…………。
……。
……。
午後からも、オレは黙々と資料に目を通す作業を続ける。
午後からも、オレは黙々と資料に目を通す作業を続ける。
こうしてみていると、中々面白いもので、
こうしてみていると、中々面白いもので、
ある種歴史の勉強をしているような感覚になる。
ある種歴史の勉強をしているような感覚になる。
片桐食糧プラント設立の流れから、
片桐食糧プラント設立の流れから、
ホープタウンになくてはならない存在へと変わっていく、
ホープタウンになくてはならない存在へと変わっていく、
その過程を見ることが出来るからだ。
その過程を見ることが出来るからだ。
秀隆
秀隆
確か、片桐って言うと……
確か、片桐って言うと……
そう、食糧プラントの他に思い浮かぶものがひとつある。
そう、食糧プラントの他に思い浮かぶものがひとつある。
片桐愛佳だ。
片桐愛佳だ。
大手食糧プラントの娘さんなんて、将来安泰だな。
大手食糧プラントの娘さんなんて、将来安泰だな。
まして、今回発明された遺伝子組み換えトウモロコシの存在で、
まして、今回発明された遺伝子組み換えトウモロコシの存在で、
巨万の富を得ることになるだろうし。
巨万の富を得ることになるだろうし。
そんな考えのあと、泣いていた片桐の姿が脳裏を過ぎった。
そんな考えのあと、泣いていた片桐の姿が脳裏を過ぎった。
いつも明るく元気だと思っていたんだけどな。
いつも明るく元気だと思っていたんだけどな。
何があったのだろう。
何があったのだろう。
秀隆
秀隆
いかんいかん
いかんいかん
気になるとは言え、今それとこれとは関係ないな。
気になるとは言え、今それとこれとは関係ないな。
仕事に集中だ。
仕事に集中だ。
磯部
磯部
報告しないわけには、行かないよな
報告しないわけには、行かないよな
まどか
まどか
そうね……正直竹内特務官のアドバイスも伺いたいし
そうね……正直竹内特務官のアドバイスも伺いたいし
どうやら、今日の交渉失敗の件で話し合っているようだった。
どうやら、今日の交渉失敗の件で話し合っているようだった。
オレ以外の殆どの特務官たちが、
オレ以外の殆どの特務官たちが、
集まって会議らしきものを開いていた。
集まって会議らしきものを開いていた。
直接交渉の場に出向いたのは
直接交渉の場に出向いたのは
まどかと磯部くんだけだったが、
まどかと磯部くんだけだったが、
その裏では多くの特務官たちが頭を悩ませている。
その裏では多くの特務官たちが頭を悩ませている。
どういったことを交渉の場で持ち出すのか、
どういったことを交渉の場で持ち出すのか、
片桐社長が嫌うようなことを発言してしまわないか。
片桐社長が嫌うようなことを発言してしまわないか。
様々な角度から、交渉の内容が言及されていく。
様々な角度から、交渉の内容が言及されていく。
……んだと思う。
……んだと思う。
秀隆
秀隆
…………
…………
邪魔しないように静かにしつつ会話に耳を傾ける。
邪魔しないように静かにしつつ会話に耳を傾ける。
特務官女性
特務官女性
でも、いきなり難航してるって報告するのもねぇ……
でも、いきなり難航してるって報告するのもねぇ……
特務官男性
特務官男性
俺たちに任せてもらえたのに、がっかりされるんじゃ？
俺たちに任せてもらえたのに、がっかりされるんじゃ？
磯部
磯部
そうなる……だろうな、やっぱり
そうなる……だろうな、やっぱり
特務官女性
特務官女性
もうちょっと私たちだけで何とかできない？
もうちょっと私たちだけで何とかできない？
再交渉の場は設けることが出来たんでしょう？
再交渉の場は設けることが出来たんでしょう？
まどか
まどか
……そう、ね……
……そう、ね……
磯部
磯部
それに竹内特務官は明日ドリームタウンで交渉だ。
それに竹内特務官は明日ドリームタウンで交渉だ。
その前に余計な心配をさせたくはないよな
その前に余計な心配をさせたくはないよな
まどか
まどか
私もまだ、希望を捨てるには早いと思う。
私もまだ、希望を捨てるには早いと思う。
事実、片桐社長は月曜日に予定がないとまで仰ってくれた
事実、片桐社長は月曜日に予定がないとまで仰ってくれた
まどか
まどか
それはつまり、私たちと再交渉する時間を、
それはつまり、私たちと再交渉する時間を、
きっちり作ってくれると言うことだし
きっちり作ってくれると言うことだし
磯部
磯部
しかし、本当なのかね、４０％の上乗せをしろって話
しかし、本当なのかね、４０％の上乗せをしろって話
まどか
まどか
今回、竹内特務官の許可を得て、
今回、竹内特務官の許可を得て、
赤字ラインギリギリである２５％を提示させてもらったんだけど…
赤字ラインギリギリである２５％を提示させてもらったんだけど…
片桐社長の言葉を鵜呑みにするなら、
片桐社長の言葉を鵜呑みにするなら、
ドリームタウンは基準額に４０％を上乗せしていたことになる。
ドリームタウンは基準額に４０％を上乗せしていたことになる。
磯部
磯部
４０％も上乗せして、ドリームタウンは利益なんて出せるのか？
４０％も上乗せして、ドリームタウンは利益なんて出せるのか？
まどか
まどか
信じられなくても、出せるからこの条件が来てるのよ。
信じられなくても、出せるからこの条件が来てるのよ。
４０％は無理にしても、何とか
４０％は無理にしても、何とか
０．１％でも高く予算を捻出できるよう動きましょう
０．１％でも高く予算を捻出できるよう動きましょう
磯部
磯部
……だな。それで無理なら、また改めて考えよう。
……だな。それで無理なら、また改めて考えよう。
その時には竹内特務官に頭を下げる覚悟でいないとな
その時には竹内特務官に頭を下げる覚悟でいないとな
どうやら、ひとつの結論が出たらしい。
どうやら、ひとつの結論が出たらしい。
だが、本当にそれでいいのだろうか？
だが、本当にそれでいいのだろうか？
今日の片桐社長の発言には、含みがあったように思う。
今日の片桐社長の発言には、含みがあったように思う。
普通月曜日は一日空けておく、
普通月曜日は一日空けておく、
なんて言い方をするだろうか？
なんて言い方をするだろうか？
それに、念押しするようにその意味を確認してきた。
それに、念押しするようにその意味を確認してきた。
このままただ、％の凌ぎ合いだけで
このままただ、％の凌ぎ合いだけで
再交渉に挑むのは、非常にリスキーと言えるじゃないだろうか。
再交渉に挑むのは、非常にリスキーと言えるじゃないだろうか。
そりゃ希望通りの４０％にたどり着けるならまだしも、
そりゃ希望通りの４０％にたどり着けるならまだしも、
とてもじゃないが、その数値は捻出できそうにない。
とてもじゃないが、その数値は捻出できそうにない。
そんなことくらい、片桐社長にも分かりそうなものだ。
そんなことくらい、片桐社長にも分かりそうなものだ。
これだけの上乗せをするくらいなら、
これだけの上乗せをするくらいなら、
別の食糧プラントで生産したほうが安くなってしまう。
別の食糧プラントで生産したほうが安くなってしまう。
つまり―――片桐社長の真意は別にある。
つまり―――片桐社長の真意は別にある。
張り詰めた空気に心臓がキュッと
張り詰めた空気に心臓がキュッと
なりそうだったが、意を決し立ち上がった。
なりそうだったが、意を決し立ち上がった。
秀隆
秀隆
……あの
……あの
オレは恐る恐る、話し合いをする特務官たちに声をかけた。
オレは恐る恐る、話し合いをする特務官たちに声をかけた。
まどか
まどか
ごめんなさい島津くん。今忙しいの。
ごめんなさい島津くん。今忙しいの。
もし問題なければ、後にして貰えないかしら？
もし問題なければ、後にして貰えないかしら？
秀隆
秀隆
いや、片桐社長のことで、
いや、片桐社長のことで、
ちょっと発言に引っかかることが
ちょっと発言に引っかかることが
磯部
磯部
ああ？　おまえは関係ないだろうが。引っ込んでろ
ああ？　おまえは関係ないだろうが。引っ込んでろ
まどか
まどか
悪いけど……あなたはまだ、部外者も同然だから
悪いけど……あなたはまだ、部外者も同然だから
秀隆
秀隆
そうなんだが、一応聞くだけ聞いてもら
そうなんだが、一応聞くだけ聞いてもら
ドンッ。
ドンッ。
磯部
磯部
殴られる前に消えろ
殴られる前に消えろ
秀隆
秀隆
…………
…………
周囲の冷たい視線。
周囲の冷たい視線。
ここまで来ると、例えどんな発言をしたとしても
ここまで来ると、例えどんな発言をしたとしても
受け入れられることはないだろう。
受け入れられることはないだろう。
もしも、まどかたちが外部、第三者の視点だったなら、
もしも、まどかたちが外部、第三者の視点だったなら、
この容易な疑問にはすぐ気付いていたはずだ。
この容易な疑問にはすぐ気付いていたはずだ。
しかし交渉の当事者となったことで、一気に余裕がなくなった。
しかし交渉の当事者となったことで、一気に余裕がなくなった。
提示された条件以外から、物事を冷静に見ることが出来なくなったのだ。
提示された条件以外から、物事を冷静に見ることが出来なくなったのだ。
ここで、オレが無理に発言をしたところで、
ここで、オレが無理に発言をしたところで、
絶対に聞き入れては貰えないだろう。
絶対に聞き入れては貰えないだろう。
秀隆
秀隆
申し訳ない
申し訳ない
オレは謝って、距離を置くことにした。
オレは謝って、距離を置くことにした。
その後特務官の人たちは、どう言う話を展開するかの議論を始めた。
その後特務官の人たちは、どう言う話を展開するかの議論を始めた。
オレは静かに席に戻ると片桐社長のことに関して調べ始めた。
オレは静かに席に戻ると片桐社長のことに関して調べ始めた。
…………。
…………。
……。
……。
se5時のチャイムL
se5時のチャイムL
秀隆
秀隆
お疲れ様でした！
お疲れ様でした！
終業時間になるなり、オレは元気に声をあげた。
終業時間になるなり、オレは元気に声をあげた。
磯部
磯部
さっさと帰れ。邪魔だからよ
さっさと帰れ。邪魔だからよ
秀隆
秀隆
邪魔にならないよう、頑張っていきます！
邪魔にならないよう、頑張っていきます！
磯部
磯部
頑張るな頑張るな
頑張るな頑張るな
呆れ返る特務官たちを尻目に、オレは部屋を出た。
呆れ返る特務官たちを尻目に、オレは部屋を出た。
仕事場を出た後、オレはプラント前まで足を運んでいた。
仕事場を出た後、オレはプラント前まで足を運んでいた。
何となく、今オレがいる現状を把握したかった。
何となく、今オレがいる現状を把握したかった。
まどかたちが何と戦い、何を守ろうとしているのか。
まどかたちが何と戦い、何を守ろうとしているのか。
そして片桐社長もまた、同じように戦っているのだろう。
そして片桐社長もまた、同じように戦っているのだろう。
オレにはまだ、その戦いの渦中へ身を投じることは出来ない。
オレにはまだ、その戦いの渦中へ身を投じることは出来ない。
でも、出来ることがないわけじゃなさそうだ。
でも、出来ることがないわけじゃなさそうだ。
万が一に備え保険をかけておくことくらいは出来る。
万が一に備え保険をかけておくことくらいは出来る。
se着信（バイブ
se着信（バイブ
ポケットに入っている携帯が鳴った。
ポケットに入っている携帯が鳴った。
オレはそれを確認し、ある場所へ出向くことにした。
オレはそれを確認し、ある場所へ出向くことにした。
秀隆
秀隆
悪いな、仕事で疲れてるだろうに
悪いな、仕事で疲れてるだろうに
まどか
まどか
それは……別に大丈夫よ
それは……別に大丈夫よ
待ち合わせ場所に、既にたどり着いていたまどか。
待ち合わせ場所に、既にたどり着いていたまどか。
秀隆
秀隆
とりあえず店に入ろうか
とりあえず店に入ろうか
まどか
まどか
ええ
ええ
まどか
まどか
いつの間に、こんなお店覚えたの？
いつの間に、こんなお店覚えたの？
秀隆
秀隆
来るのは２回目だよ。１回目は唐沢さんに連れてきてもらった
来るのは２回目だよ。１回目は唐沢さんに連れてきてもらった
まどか
まどか
そう
そう
２人でカウンターに腰を下ろす。
２人でカウンターに腰を下ろす。
秀隆
秀隆
オレはゴッドファーザーを
オレはゴッドファーザーを
まどか
まどか
私はギムレットをお願いします
私はギムレットをお願いします
それぞれがお酒を頼む。
それぞれがお酒を頼む。
秀隆
秀隆
おまえも、そう言うの飲むようになったんだな
おまえも、そう言うの飲むようになったんだな
まどか
まどか
それは私も同意見よ
それは私も同意見よ
秀隆
秀隆
そうだな……
そうだな……
５年の月日は、思ったよりも長い。
５年の月日は、思ったよりも長い。
まどか
まどか
唐沢さんに声をかけられたのよね？
唐沢さんに声をかけられたのよね？
それはつまり、特務官になったことに関する話だろう。
それはつまり、特務官になったことに関する話だろう。
秀隆
秀隆
ぜひ来てくれ、ってさ
ぜひ来てくれ、ってさ
まどか
まどか
……そう
……そう
秀隆
秀隆
やっぱり、納得いかないか？　オレが特務官なんて
やっぱり、納得いかないか？　オレが特務官なんて
まどか
まどか
それはどう言う意味で聞いたの？
それはどう言う意味で聞いたの？
秀隆
秀隆
どう言う意味って……
どう言う意味って……
まどか
まどか
どう答えて欲しい？　いち特務官として？　それとも、元恋人として？
どう答えて欲しい？　いち特務官として？　それとも、元恋人として？
秀隆
秀隆
…………
…………
そう、そうなんだ。
そう、そうなんだ。
オレの横に座ってる、このとびきりいい女は、
オレの横に座ってる、このとびきりいい女は、
学生時代に付き合っていた元カノだ。
学生時代に付き合っていた元カノだ。
今思うと、とても信じられないことだけどな。
今思うと、とても信じられないことだけどな。
まどか
まどか
こんなことを言うのは残酷かも知れないけど……
こんなことを言うのは残酷かも知れないけど……
まどか
まどか
あなたが特務官として、役に立つとはとても思えないの
あなたが特務官として、役に立つとはとても思えないの
秀隆
秀隆
だろーな……
だろーな……
まどか
まどか
だろーなって……分かってて、特務官になったの？
だろーなって……分かってて、特務官になったの？
秀隆
秀隆
そりゃそうさ。まさかオレが自信満々に特務官になったとでも？
そりゃそうさ。まさかオレが自信満々に特務官になったとでも？
秀隆
秀隆
実力が伴っていないことは１００も承知だ
実力が伴っていないことは１００も承知だ
秀隆
秀隆
入社して早々、実力でグイグイ上り詰めてく、
入社して早々、実力でグイグイ上り詰めてく、
なんて夢物語は描いちゃいないよ
なんて夢物語は描いちゃいないよ
まどか
まどか
辛い思いをするって分かってて、どうして……
辛い思いをするって分かってて、どうして……
まどか
まどか
私の知ってるあなたは、
私の知ってるあなたは、
誰よりも優れていて、誰よりもプライドの高い人だった
誰よりも優れていて、誰よりもプライドの高い人だった
まどか
まどか
だから今のような惨めな姿を見るのは、正直辛いの
だから今のような惨めな姿を見るのは、正直辛いの
秀隆
秀隆
気持ちはありがたく受け取っておく
気持ちはありがたく受け取っておく
秀隆
秀隆
でもな……オレにも、引けない事情があるんだ
でもな……オレにも、引けない事情があるんだ
まどか
まどか
事情？　どう言うこと？
事情？　どう言うこと？
秀隆
秀隆
それは秘密だ
それは秘密だ
まどか
まどか
秘密って……
秘密って……
マスターが静かに酒を置く。
マスターが静かに酒を置く。
秀隆
秀隆
おまえには想像できなかったよな、今のオレなんて
おまえには想像できなかったよな、今のオレなんて
まどか
まどか
今でも少し、戸惑ってる……
今でも少し、戸惑ってる……
昔のあなたと今のあなたが、同じ人だと思えない。別人よ
昔のあなたと今のあなたが、同じ人だと思えない。別人よ
秀隆
秀隆
かもな……。オレも時々混乱する
かもな……。オレも時々混乱する
秀隆
秀隆
人にバカにされたり、指をさされることに慣れすぎたのかも
人にバカにされたり、指をさされることに慣れすぎたのかも
まどか
まどか
…………
…………
秀隆
秀隆
ま、ひとまず、今日はお疲れ様
ま、ひとまず、今日はお疲れ様
まどか
まどか
……ええ
……ええ
se乾杯 (0
se乾杯 (0
互いのグラスを軽く触れ合わせ、くっと喉に流し込む。
互いのグラスを軽く触れ合わせ、くっと喉に流し込む。
秀隆
秀隆
……かぁ、効くなぁ……
……かぁ、効くなぁ……
まどか
まどか
…………
…………
秀隆
秀隆
どうした
どうした
まどか
まどか
それで、話って？　昔話をしようってわけじゃないんでしょ？
それで、話って？　昔話をしようってわけじゃないんでしょ？
秀隆
秀隆
ああ……
ああ……
秀隆
秀隆
今日、オレが会議で何か言いかけたのは覚えてるか？
今日、オレが会議で何か言いかけたのは覚えてるか？
まどか
まどか
ええ。あの時はごめんなさい、ちょっとピリピリしてて
ええ。あの時はごめんなさい、ちょっとピリピリしてて
秀隆
秀隆
いいよ。仕方ないさ
いいよ。仕方ないさ
まどか
まどか
何を言おうとしたの？
何を言おうとしたの？
秀隆
秀隆
片桐社長の発言に、ちょっと引っかかることがあってさ
片桐社長の発言に、ちょっと引っかかることがあってさ
秀隆
秀隆
もしかしたら、片桐社長は『接待』を期待してるんじゃないか？
もしかしたら、片桐社長は『接待』を期待してるんじゃないか？
まどか
まどか
えっ？
えっ？
秀隆
秀隆
あくまでも、もしかしたら、って話だが
あくまでも、もしかしたら、って話だが
まどか
まどか
悪いけどそれはないと思う
悪いけどそれはないと思う
まどか
まどか
私たちは特務官よ？　一般の企業じゃないの
私たちは特務官よ？　一般の企業じゃないの
秀隆
秀隆
それはそうなんだが……
それはそうなんだが……
まどか
まどか
そう言う風に考えちゃう気持ちも、分からないじゃないけど
そう言う風に考えちゃう気持ちも、分からないじゃないけど
まどか
まどか
長年竹内特務官と関係を持ってきた片桐社長は、
長年竹内特務官と関係を持ってきた片桐社長は、
重々承知しているはずよ
重々承知しているはずよ
秀隆
秀隆
つまり、竹内特務官も接待なんてしていない、と？
つまり、竹内特務官も接待なんてしていない、と？
まどか
まどか
当然ね。接待が許される職じゃない
当然ね。接待が許される職じゃない
秀隆
秀隆
オレにはそうは思えなかったけどな……
オレにはそうは思えなかったけどな……
まどか
まどか
特務官の世界に身を置くなら、
特務官の世界に身を置くなら、
正々堂々と戦い、考え、挑んでいく気持ちが必要よ
正々堂々と戦い、考え、挑んでいく気持ちが必要よ
まどか
まどか
竹内特務官は言うに及ばず、
竹内特務官は言うに及ばず、
特務官が接待行為をしているなんて話、聞いたことがない
特務官が接待行為をしているなんて話、聞いたことがない
秀隆
秀隆
そうか……
そうか……
確かに、オレに特務官の何たるか、は一切分からない。
確かに、オレに特務官の何たるか、は一切分からない。
秀隆
秀隆
４０％なんて無茶な上乗せ、どう考えたって応えられるはずがない
４０％なんて無茶な上乗せ、どう考えたって応えられるはずがない
秀隆
秀隆
オレは真意を探し出す必要があるんじゃないかと思ったんだ
オレは真意を探し出す必要があるんじゃないかと思ったんだ
まどか
まどか
違うわ。片桐社長の発言こそが真意。
違うわ。片桐社長の発言こそが真意。
ドリームタウンの提示した金額と同等以上での契約を望んでいる、
ドリームタウンの提示した金額と同等以上での契約を望んでいる、
ただそれだけなのよ
ただそれだけなのよ
秀隆
秀隆
……わかった。おまえがそう言うなら、そうなんだろうな
……わかった。おまえがそう言うなら、そうなんだろうな
まどか
まどか
ありがとう。助言をくれようとした気持ちは嬉しいわ
ありがとう。助言をくれようとした気持ちは嬉しいわ
秀隆
秀隆
いや……悪いな、変なこと言ってさ
いや……悪いな、変なこと言ってさ
まどか
まどか
ううん
ううん
…………。
…………。
……。
……。
２時間ほど酒を飲んだ。
２時間ほど酒を飲んだ。
オレは店員にカードを差し出す。
オレは店員にカードを差し出す。
秀隆
秀隆
ここの支払いはオレが持つよ
ここの支払いはオレが持つよ
まどか
まどか
島津くん。いいの？
島津くん。いいの？
秀隆
秀隆
女の子に出させるわけにはいかないだろ
女の子に出させるわけにはいかないだろ
まどか
まどか
ありがとう
ありがとう
まどか
まどか
……今日はご馳走様。久しぶりに、二人で話せて楽しかった
……今日はご馳走様。久しぶりに、二人で話せて楽しかった
まどか
まどか
だけど１つ聞かせて貰ってもいい？
だけど１つ聞かせて貰ってもいい？
秀隆
秀隆
ん？
ん？
まどか
まどか
本当に役に立たない自分で、いいの？
本当に役に立たない自分で、いいの？
まどか
まどか
あなたを見る皆の目は、ずっと変わらないと思う
あなたを見る皆の目は、ずっと変わらないと思う
秀隆
秀隆
……慣れたさ。もう。役立たずの自分には
……慣れたさ。もう。役立たずの自分には
まどか
まどか
…………
…………
秀隆
秀隆
明日も、よろしくな
明日も、よろしくな
まどか
まどか
……さよなら
……さよなら
まどかの背中が、闇に消えていく。
まどかの背中が、闇に消えていく。
秀隆
秀隆
…………
…………
オレにはもう、彼女を家に送ることは出来ない。
オレにはもう、彼女を家に送ることは出来ない。
程よく酔ったことで、逆に思考をクリアにしていた。
程よく酔ったことで、逆に思考をクリアにしていた。
こんなこと改まって言っても何の自慢にもならないが、
こんなこと改まって言っても何の自慢にもならないが、
かつてオレは周囲から天才と呼ばれていた。
かつてオレは周囲から天才と呼ばれていた。
自分で天才だなんて言うつもりはなかったけど、
自分で天才だなんて言うつもりはなかったけど、
人より優秀である自覚はあった。
人より優秀である自覚はあった。
でもそれは、単純に人より理解力と物覚えが良かっただけに過ぎない。
でもそれは、単純に人より理解力と物覚えが良かっただけに過ぎない。
テストをするにしても、効率よく勉強をすることで高得点を維持できた。
テストをするにしても、効率よく勉強をすることで高得点を維持できた。
まどかたちは、３年間、３６５日特務官になるために勉学に励んで来た。
まどかたちは、３年間、３６５日特務官になるために勉学に励んで来た。
１日の半分は勉強していたとして、１００００時間以上にも及ぶだろう。
１日の半分は勉強していたとして、１００００時間以上にも及ぶだろう。
オレとの開いた差、１００００時間。
オレとの開いた差、１００００時間。
……それは、簡単に埋められるものじゃない。
……それは、簡単に埋められるものじゃない。
想像もつかない大天才がいたとしても、
想像もつかない大天才がいたとしても、
その差を埋めるには半分の時間がいる。
その差を埋めるには半分の時間がいる。
単純な計算で５０００時間。
単純な計算で５０００時間。
無論、それだけじゃ足りない。
無論、それだけじゃ足りない。
その５０００時間の分だけ、まどかたちも成長する。
その５０００時間の分だけ、まどかたちも成長する。
オレが彼女たちに追いつくには、途方もない歳月が必要だ。
オレが彼女たちに追いつくには、途方もない歳月が必要だ。
これは変えようのない事実。
これは変えようのない事実。
映画やドラマのように、瞬く間に主力になることは、ありえない。
映画やドラマのように、瞬く間に主力になることは、ありえない。
オレには、特務官としての知識はほぼ０。
オレには、特務官としての知識はほぼ０。
５年、１０年……いや、永遠に追いつくことは無いのかもしれない。
５年、１０年……いや、永遠に追いつくことは無いのかもしれない。
天才だったのは過去の話で、
天才だったのは過去の話で、
今はもしかしたら、凡人以下かもしれない。
今はもしかしたら、凡人以下かもしれない。
それでも―――。
それでも―――。
やるしかないじゃないか。
やるしかないじゃないか。
秀隆
秀隆
……ただいまっと
……ただいまっと
秋
秋
お帰りなさい。遅かったですね
お帰りなさい。遅かったですね
秀隆
秀隆
ちょっと飲んでた
ちょっと飲んでた
秋
秋
兄さん、辛そうな顔してますよ
兄さん、辛そうな顔してますよ
秀隆
秀隆
……やっぱり仕事がハードだからな、疲れるんだよ
……やっぱり仕事がハードだからな、疲れるんだよ
秋
秋
そうですか
そうですか
秀隆
秀隆
おまえのほうはどうだ？　体調は
おまえのほうはどうだ？　体調は
秋
秋
いつも通りです。今日は少し熱が出ましたが、すぐに治りました
いつも通りです。今日は少し熱が出ましたが、すぐに治りました
秀隆
秀隆
そうか
そうか
秋
秋
私にはアクセラがいますので問題ありません
私にはアクセラがいますので問題ありません
秀隆
秀隆
そうだな、アクセラに任せとけば心配ないよな
そうだな、アクセラに任せとけば心配ないよな
オレは特務官の仕事に専念できるってワケだ。
オレは特務官の仕事に専念できるってワケだ。
秋
秋
じゃあ、私は部屋に戻りますので
じゃあ、私は部屋に戻りますので
見送る
見送る
呼び止める
呼び止める
秀隆
秀隆
なあ
なあ
秋
秋
なんですか？
なんですか？
秀隆
秀隆
おまえは、卒業したらどうしたいとか、あるのか？
おまえは、卒業したらどうしたいとか、あるのか？
秋
秋
なにもありません
なにもありません
秋
秋
なにも
なにも
秀隆
秀隆
そうか……
そうか……
秋
秋
部屋に戻っても？
部屋に戻っても？
秀隆
秀隆
大丈夫だ。悪いな、へんなこと聞いて
大丈夫だ。悪いな、へんなこと聞いて
秋
秋
慣れてますから
慣れてますから
秀隆
秀隆
…………
…………
オレはその小さな秋の背中を見送った。
オレはその小さな秋の背中を見送った。
オレは何も言わず、秋の背中を見送った。
オレは何も言わず、秋の背中を見送った。
秀隆
秀隆
今日も今日とて、腐るほど山積みになった資料でも見ますかね
今日も今日とて、腐るほど山積みになった資料でも見ますかね
酔いに任せベッドにダイブしたい気持ちを抑え、机に向かった。
酔いに任せベッドにダイブしたい気持ちを抑え、机に向かった。
…………。
…………。
……。
……。
