朝、オレと秋はほぼ同時に目を覚ました。
朝、オレと秋はほぼ同時に目を覚ました。
お互いに、顔を向けあって寝ていたので、ばっちりと目があう。
お互いに、顔を向けあって寝ていたので、ばっちりと目があう。
秋
秋
お、おはようございます。兄さん……
お、おはようございます。兄さん……
秀隆
秀隆
おはよう、秋
おはよう、秋
秋
秋
……兄さんは、今日も素敵です……
……兄さんは、今日も素敵です……
秀隆
秀隆
秋もな
秋もな
秋
秋
……キスしたいです
……キスしたいです
秀隆
秀隆
オレもしたい
オレもしたい
秋
秋
ちゅ……ん……
ちゅ……ん……
肌を寄せ合ってキス。
肌を寄せ合ってキス。
パンツを押し上げ、
パンツを押し上げ、
チ○コが秋のお腹に当たるが、秋は嬉しそうに微笑んだ。
チ○コが秋のお腹に当たるが、秋は嬉しそうに微笑んだ。
秋
秋
私で大きくなってくれてる……嬉しい……
私で大きくなってくれてる……嬉しい……
秀隆
秀隆
ほんとは秋と色々したいところだが……
ほんとは秋と色々したいところだが……
残念ながら起きる時間だ。
残念ながら起きる時間だ。
でも、秋はオレの腕を掴む。
でも、秋はオレの腕を掴む。
秋
秋
もう少しだけ……ダメですか？
もう少しだけ……ダメですか？
秀隆
秀隆
……じゃあ、あと５分だけな
……じゃあ、あと５分だけな
秋
秋
はい
はい
秀隆
秀隆
……なんか、恥ずかしいよな、改まると
……なんか、恥ずかしいよな、改まると
秋
秋
ずっとこうしていたいです。ずっと、ずっと
ずっとこうしていたいです。ずっと、ずっと
秀隆
秀隆
オレだってそうだ。でも、仕事には行かないとな
オレだってそうだ。でも、仕事には行かないとな
秋
秋
仕事場には、佐々野さんがいるから不安になります
仕事場には、佐々野さんがいるから不安になります
秀隆
秀隆
またそんなことを。あいつとはもう何の関係もない
またそんなことを。あいつとはもう何の関係もない
秋
秋
男の人は、ヤれる機会があればヤる、とアクセラに聞きました
男の人は、ヤれる機会があればヤる、とアクセラに聞きました
秀隆
秀隆
なんつーことを聞いてんだ……
なんつーことを聞いてんだ……
秋
秋
もし、もしも兄さんが、佐々野さんのことでここを大きくしたら
もし、もしも兄さんが、佐々野さんのことでここを大きくしたら
そういい、秋はオレの股間に触れてきた。
そういい、秋はオレの股間に触れてきた。
秋
秋
……私、きっと正気じゃいられないと思います
……私、きっと正気じゃいられないと思います
秀隆
秀隆
わ、分かってるって
わ、分かってるって
やっぱり怖い。
やっぱり怖い。
オレと秋は、一緒にリビングへ。
オレと秋は、一緒にリビングへ。
キズナ
キズナ
おはようございますー
おはようございますー
秋
秋
おはようキズナ
おはようキズナ
秀隆
秀隆
おはよう
おはよう
オレと秋が一緒に部屋を出てくることに、キズナはもう慣れてしまったのか。
オレと秋が一緒に部屋を出てくることに、キズナはもう慣れてしまったのか。
いつものように出迎えてくれる。
いつものように出迎えてくれる。
アクセラ
アクセラ
昨日も激しかったですか？　秀隆様は
昨日も激しかったですか？　秀隆様は
秋
秋
うん……いっぱい愛してくれたの。今朝も、キスしてくれたんだ
うん……いっぱい愛してくれたの。今朝も、キスしてくれたんだ
秀隆
秀隆
こらこらこらこらこらこらこらあ！　別にエッチなことは
こらこらこらこらこらこらこらあ！　別にエッチなことは
アクセラ
アクセラ
一体何を慌てているんでしょう、秀隆様は
一体何を慌てているんでしょう、秀隆様は
キズナ
キズナ
別にいいじゃないですかひーくん。アツアツなのは悪いことじゃないです
別にいいじゃないですかひーくん。アツアツなのは悪いことじゃないです
秀隆
秀隆
でもだなあ……
でもだなあ……
キズナ
キズナ
性癖を赤裸々にしてしまうことは抵抗があるかもしれませんが、慣れだと思いますよ
性癖を赤裸々にしてしまうことは抵抗があるかもしれませんが、慣れだと思いますよ
秀隆
秀隆
そんなことに慣れたくないぞ、オレは……
そんなことに慣れたくないぞ、オレは……
秋
秋
行ってきます
行ってきます
今日も、秋と一緒に家を出る。
今日も、秋と一緒に家を出る。
秀隆
秀隆
今日の帰りは何時なんだ？
今日の帰りは何時なんだ？
秋
秋
学園が終わったら、すぐ兄さんを迎えに行きます。いいですね？
学園が終わったら、すぐ兄さんを迎えに行きます。いいですね？
秀隆
秀隆
もしかしてまだ疑ってるのか？
もしかしてまだ疑ってるのか？
秋
秋
兄さんは信じていますが、佐々野さんは信じていませんから
兄さんは信じていますが、佐々野さんは信じていませんから
秀隆
秀隆
うーむ……
うーむ……
愛佳
愛佳
秋ちゃん、先生～。おはよーっ
秋ちゃん、先生～。おはよーっ
秀隆
秀隆
お。愛佳か。おはようさん
お。愛佳か。おはようさん
秋
秋
お、おはよう愛佳
お、おはよう愛佳
秋が、オレと繋いでいた左手をすっと離した。
秋が、オレと繋いでいた左手をすっと離した。
愛佳
愛佳
あたし先生と秋ちゃんが二人で出かけてるの見るの初めて
あたし先生と秋ちゃんが二人で出かけてるの見るの初めて
秀隆
秀隆
そういえばそうだな……って、おい。何モジモジしてんだよ
そういえばそうだな……って、おい。何モジモジしてんだよ
オレの背中に隠れるようにして、秋は俯いている。
オレの背中に隠れるようにして、秋は俯いている。
秋
秋
だ、だって……
だ、だって……
愛佳
愛佳
ほら、あたしって先生のこと好きじゃない？　それで気を使ってるんだよ
ほら、あたしって先生のこと好きじゃない？　それで気を使ってるんだよ
秀隆
秀隆
いや……そんなあっけらかんと言うなよ
いや……そんなあっけらかんと言うなよ
愛佳
愛佳
事実は事実だし。すぐ他に好きな人もできないしさ
事実は事実だし。すぐ他に好きな人もできないしさ
秋
秋
…………
…………
愛佳
愛佳
もう。秋ちゃんなんでそんな遠慮するの？　気にしないでいいのに
もう。秋ちゃんなんでそんな遠慮するの？　気にしないでいいのに
秋
秋
……でも……
……でも……
愛佳
愛佳
じゃあ、この手もーらい
じゃあ、この手もーらい
愛佳はオレの前に詰め寄ると、右手をぎゅっと握りしめた。
愛佳はオレの前に詰め寄ると、右手をぎゅっと握りしめた。
秋
秋
あ……
あ……
秀隆
秀隆
おいおい
おいおい
愛佳
愛佳
秋ちゃんが手放したっぽいし。あたしが代わりに握ってあげるね
秋ちゃんが手放したっぽいし。あたしが代わりに握ってあげるね
秀隆
秀隆
よ、よせよぉ
よ、よせよぉ
愛佳
愛佳
とか言いつつ、ちょっと嬉しそう？
とか言いつつ、ちょっと嬉しそう？
秀隆
秀隆
ま、まさか
ま、まさか
女の子の手っていいよな、とか思ってみたり。
女の子の手っていいよな、とか思ってみたり。
秋
秋
…………
…………
秋
秋
…………
…………
愛佳
愛佳
な、なんか睨まれてる？
な、なんか睨まれてる？
秀隆
秀隆
偶然だな……オレも妙に殺気みたいなものを感じる気がする……
偶然だな……オレも妙に殺気みたいなものを感じる気がする……
秋
秋
愛佳は友達愛佳は友達愛佳は友達愛佳は友達愛佳は友達……
愛佳は友達愛佳は友達愛佳は友達愛佳は友達愛佳は友達……
愛佳
愛佳
ひぃっ！
ひぃっ！
慌ててオレから手を放す愛佳。
慌ててオレから手を放す愛佳。
直後、その手を後ろから秋がつつむように握りしめた。
直後、その手を後ろから秋がつつむように握りしめた。
秋
秋
…………
…………
愛佳
愛佳
な、何か喋ってよ秋ちゃん……ぶるぶる
な、何か喋ってよ秋ちゃん……ぶるぶる
秀隆
秀隆
愛佳がお、怯えてるだろっ
愛佳がお、怯えてるだろっ
秋
秋
……愛佳は、友達だから。今のはなかったことにしてあげるね
……愛佳は、友達だから。今のはなかったことにしてあげるね
愛佳
愛佳
え、ええ！？　ちょ、ちょっとノリで手を握っただけだよ！？
え、ええ！？　ちょ、ちょっとノリで手を握っただけだよ！？
秋
秋
ダメ……もう触らないで
ダメ……もう触らないで
愛佳
愛佳
は、はい……
は、はい……
秋の無表情な怖さに、愛佳がコクコクと首を縦に振った。
秋の無表情な怖さに、愛佳がコクコクと首を縦に振った。
秀隆
秀隆
そそそ、それじゃ、またな
そそそ、それじゃ、またな
秋
秋
じゃあ愛佳、また学園でね
じゃあ愛佳、また学園でね
愛佳
愛佳
う、うん……
う、うん……
愛佳
愛佳
う、裏表ありすぎだよ秋ちゃん……。先生、きっと苦労するだろうな……
う、裏表ありすぎだよ秋ちゃん……。先生、きっと苦労するだろうな……
秋
秋
それじゃあ兄さん、また放課後に
それじゃあ兄さん、また放課後に
秀隆
秀隆
ああ。また放課後に
ああ。また放課後に
秀隆
秀隆
よう
よう
裕輔
裕輔
早いな。まだ約束まで１０分はあるぞ
早いな。まだ約束まで１０分はあるぞ
秀隆
秀隆
おまえだって随分早いじゃないか
おまえだって随分早いじゃないか
裕輔
裕輔
時間に余裕があったからな。待つのも嫌いじゃない
時間に余裕があったからな。待つのも嫌いじゃない
秀隆
秀隆
いつも急に呼び出して悪いな
いつも急に呼び出して悪いな
裕輔
裕輔
急に呼び出されるのも嫌いじゃない
急に呼び出されるのも嫌いじゃない
秀隆
秀隆
相変わらずいい奴過ぎだ。この間のことといい、な
相変わらずいい奴過ぎだ。この間のことといい、な
裕輔
裕輔
アレから、どうなったんだ？
アレから、どうなったんだ？
秀隆
秀隆
積もる話はあるが、それはもう一人がきてからだ
積もる話はあるが、それはもう一人がきてからだ
裕輔と待つこと５分、ユウキがやって来た。
裕輔と待つこと５分、ユウキがやって来た。
ユウキ
ユウキ
なんだよ、店の中で待っててくれてよかったんだぜ？
なんだよ、店の中で待っててくれてよかったんだぜ？
秀隆
秀隆
いや、今日は待っていたかったんだ
いや、今日は待っていたかったんだ
ユウキ
ユウキ
どゆこと？
どゆこと？
秀隆
秀隆
飲みながら報告する。今まであったことを全部
飲みながら報告する。今まであったことを全部
オレは二人と入店し、いつもの席に腰を下ろした。
オレは二人と入店し、いつもの席に腰を下ろした。
それぞれが注文をし、乾杯をする。
それぞれが注文をし、乾杯をする。
秀隆
秀隆
おまえらってさ、本当にお人よしと言うか、
おまえらってさ、本当にお人よしと言うか、
無茶して他人のオレを助けるとか、普通じゃないだろ
無茶して他人のオレを助けるとか、普通じゃないだろ
裕輔
裕輔
そんなことを言うために呼んだのか？
そんなことを言うために呼んだのか？
秀隆
秀隆
そんなこと、じゃねえよ。ほんと、お節介め
そんなこと、じゃねえよ。ほんと、お節介め
ユウキ
ユウキ
友達なんだから、当然だろ
友達なんだから、当然だろ
秀隆
秀隆
それが当然じゃないっての……
それが当然じゃないっての……
秀隆
秀隆
秋とのこと、なんだけどな
秋とのこと、なんだけどな
秀隆
秀隆
過去は変えられない。オレがやったことは、
過去は変えられない。オレがやったことは、
けして許されることじゃないってのは分かってる
けして許されることじゃないってのは分かってる
裕輔
裕輔
しかし、それは仕方のないことだ。
しかし、それは仕方のないことだ。
おまえが妹を死なせないために
おまえが妹を死なせないために
秀隆
秀隆
それでも、許されることじゃないんだ
それでも、許されることじゃないんだ
秀隆
秀隆
でも……やっと、前を向いて歩けるようになった
でも……やっと、前を向いて歩けるようになった
秀隆
秀隆
オレも秋も、もう大丈夫だ
オレも秋も、もう大丈夫だ
ユウキ
ユウキ
仲直り、出来たんだな？
仲直り、出来たんだな？
秀隆
秀隆
どうかな。そういう表現とは、ちょっと違う気もするけど
どうかな。そういう表現とは、ちょっと違う気もするけど
秀隆
秀隆
とりあえず、オレはユウキに謝らなきゃいけない
とりあえず、オレはユウキに謝らなきゃいけない
ユウキ
ユウキ
謝る？　なんでだよ
謝る？　なんでだよ
秀隆
秀隆
おまえ、秋のこと好きって言ってくれてただろ
おまえ、秋のこと好きって言ってくれてただろ
秀隆
秀隆
でも……オレはあいつを一人の女として……
でも……オレはあいつを一人の女として……
オレが何を言いたいのか、ユウキはすぐに汲み取ってくれた。
オレが何を言いたいのか、ユウキはすぐに汲み取ってくれた。
ユウキ
ユウキ
何だ、そういうことか。別に気にしてないっつかさ、
何だ、そういうことか。別に気にしてないっつかさ、
秋ちゃんは俺の彼女ってわけでもないんだし
秋ちゃんは俺の彼女ってわけでもないんだし
ユウキ
ユウキ
そりゃ好きだったぜ？　正直マジだった
そりゃ好きだったぜ？　正直マジだった
秀隆
秀隆
…………
…………
ユウキ
ユウキ
けどなー……俺の想いなんて、秀隆に比べれば全然さ
けどなー……俺の想いなんて、秀隆に比べれば全然さ
ユウキ
ユウキ
おまえの秋ちゃんに対する気持ちを知って、
おまえの秋ちゃんに対する気持ちを知って、
なんつーか自分が恥ずかしくなったっていうかさ
なんつーか自分が恥ずかしくなったっていうかさ
ユウキ
ユウキ
あ、絶対敵わないって思ったよ
あ、絶対敵わないって思ったよ
ユウキ
ユウキ
秀隆なら、絶対秋ちゃんを幸せに出来る。
秀隆なら、絶対秋ちゃんを幸せに出来る。
喜んで応援させてもらうよ
喜んで応援させてもらうよ
秀隆
秀隆
ごめんな。ありがとう……
ごめんな。ありがとう……
裕輔
裕輔
俺は、一足先にその話は聞いていた
俺は、一足先にその話は聞いていた
秀隆
秀隆
愛佳からか？
愛佳からか？
裕輔
裕輔
ああ。秋の方から直接伝えられたらしい
ああ。秋の方から直接伝えられたらしい
裕輔
裕輔
あいつがおまえを好きなことは、分かっていただろうからな
あいつがおまえを好きなことは、分かっていただろうからな
秀隆
秀隆
オレには勿体無いよ、愛佳は
オレには勿体無いよ、愛佳は
裕輔
裕輔
おまえならと思っていたが、仕方が無い
おまえならと思っていたが、仕方が無い
裕輔
裕輔
幸せにな
幸せにな
秀隆
秀隆
もちろんだ……
もちろんだ……
秀隆
秀隆
あいつは、残りの人生が、あと僅かしかない
あいつは、残りの人生が、あと僅かしかない
秀隆
秀隆
だから、最後の一歩を踏み出すのは酷だとも思った
だから、最後の一歩を踏み出すのは酷だとも思った
秀隆
秀隆
でも……何もなく人生が終わったら、それこそ虚しいよな
でも……何もなく人生が終わったら、それこそ虚しいよな
裕輔
裕輔
例のコールドスリープ治療が、あるんじゃないのか
例のコールドスリープ治療が、あるんじゃないのか
秀隆
秀隆
確かに、その選択肢は残ってる。けど、あいつは拒否したよ
確かに、その選択肢は残ってる。けど、あいつは拒否したよ
秀隆
秀隆
いつ目覚めるかも分からない、
いつ目覚めるかも分からない、
オレや周りの人間がどうなってるかも分からない未来に、生きる意味は無いと
オレや周りの人間がどうなってるかも分からない未来に、生きる意味は無いと
裕輔
裕輔
…………
…………
ユウキ
ユウキ
辛いよな……
辛いよな……
秀隆
秀隆
大丈夫だ。オレも秋も。最後の最後まで、笑って過ごすさ
大丈夫だ。オレも秋も。最後の最後まで、笑って過ごすさ
そう、そうすることが、秋に応えることにも繋がる。
そう、そうすることが、秋に応えることにも繋がる。
無意味な一年より、意味のある一日を。
無意味な一年より、意味のある一日を。
それが今許される選択肢なのだ。
それが今許される選択肢なのだ。
…………。
…………。
……。
……。
