秀隆
秀隆
凛！
凛！
オレが病室に飛び込むと、ベッドで眠る凛の姿があった。
オレが病室に飛び込むと、ベッドで眠る凛の姿があった。
秀隆
秀隆
なにがあったんだ……
なにがあったんだ……
凛
凛
……ごめん……あたしが、ちょっと無茶しちゃったの……
……ごめん……あたしが、ちょっと無茶しちゃったの……
意識はあったのか、凛が苦笑いを見せた。
意識はあったのか、凛が苦笑いを見せた。
秀隆
秀隆
無茶って……アンドロイドのことか
無茶って……アンドロイドのことか
凛
凛
……うん
……うん
凛
凛
あんたには、どうしても事実だとわかるまで伏せたかった……
あんたには、どうしても事実だとわかるまで伏せたかった……
秀隆
秀隆
……杉村さんが、アンドロイド……なんだな？
……杉村さんが、アンドロイド……なんだな？
凛は、小さく頷いた。
凛は、小さく頷いた。
俄かには信じがたい話だったが、まぎれもない事実なのだろう。
俄かには信じがたい話だったが、まぎれもない事実なのだろう。
秀隆
秀隆
それで……杉村さんは？
それで……杉村さんは？
…………。
…………。
……。
……。
オレは凛から事情説明を受けた後、杉村さんの部屋を訪れた。
オレは凛から事情説明を受けた後、杉村さんの部屋を訪れた。
室内は静まり返っていて、人の気配は感じられない。
室内は静まり返っていて、人の気配は感じられない。
凛が言うには、杉村さんはアクセラのことを昔から知っている口ぶりだったと言う。
凛が言うには、杉村さんはアクセラのことを昔から知っている口ぶりだったと言う。
だとしたら、杉村さんもアクセラも、柳沢軍司に作られた
だとしたら、杉村さんもアクセラも、柳沢軍司に作られた
違法アンドロイドだと考えるのが妥当な線だろう。
違法アンドロイドだと考えるのが妥当な線だろう。
机の引き出しや、パソコン周辺を調べ上げる。
机の引き出しや、パソコン周辺を調べ上げる。
必要な情報を残しているとは思えないが……。
必要な情報を残しているとは思えないが……。
秀隆
秀隆
…………
…………
杉村さんは、アクセラの記憶を消す前の過去を知っていた。
杉村さんは、アクセラの記憶を消す前の過去を知っていた。
その事実を聞かされ、アクセラは動揺した。
その事実を聞かされ、アクセラは動揺した。
くそ……。
くそ……。
まさか、あいつ自分の過去を知るために……。
まさか、あいつ自分の過去を知るために……。
杉村さんに着いて行ったんだとしたら、
杉村さんに着いて行ったんだとしたら、
それはすなわち、アクセラを改造した人物と接触するということだ。
それはすなわち、アクセラを改造した人物と接触するということだ。
それが何を意味しているのか、考えるのは難しくない。
それが何を意味しているのか、考えるのは難しくない。
秀隆
秀隆
これは……？
これは……？
電源が入ったままの端末は、幾つかのファイルを開いたままだった。
電源が入ったままの端末は、幾つかのファイルを開いたままだった。
オレは手早く操作し、何かヒントが落ちていないかチェックする。
オレは手早く操作し、何かヒントが落ちていないかチェックする。
幾つかの患者のカルテに、診療経過の報告書。
幾つかの患者のカルテに、診療経過の報告書。
精神科医として必要な作業の途中だった。
精神科医として必要な作業の途中だった。
秀隆
秀隆
…………
…………
精神科医としての仕事を、きちんとこなしている。
精神科医としての仕事を、きちんとこなしている。
やはりオレにはまだ、彼女がアンドロイドだと信じられない。
やはりオレにはまだ、彼女がアンドロイドだと信じられない。
でも
でも
あの凛の状態を見れば、そうも言っていられない。
あの凛の状態を見れば、そうも言っていられない。
何より、オレのアクセラを……。
何より、オレのアクセラを……。
端末操作を続けていると、ゴミ箱に何かファイルが入っていることに気づく。
端末操作を続けていると、ゴミ箱に何かファイルが入っていることに気づく。
オレはそこから、捨てられたものを回収する。
オレはそこから、捨てられたものを回収する。
幾つかは精神科のレポートで、何の変哲もない。
幾つかは精神科のレポートで、何の変哲もない。
だけど、その中にひとつ、画像ファイルが捨てられていた。
だけど、その中にひとつ、画像ファイルが捨てられていた。
それを開くと、どこかの地図が表示される。
それを開くと、どこかの地図が表示される。
秀隆
秀隆
なんだこれは……
なんだこれは……
広大な敷地、入り組んだ建物。
広大な敷地、入り組んだ建物。
秀隆
秀隆
住所は……
住所は……
ドリームタウンの、下層地区に当たる場所だった。
ドリームタウンの、下層地区に当たる場所だった。
こんなところに、これほど巨大な建物があっただろうか。
こんなところに、これほど巨大な建物があっただろうか。
オレの頭に過ぎるのは、当然研究室だ。
オレの頭に過ぎるのは、当然研究室だ。
違法アンドロイドを、この場所で作っているんだとしたら。
違法アンドロイドを、この場所で作っているんだとしたら。
杉村さんやアクセラもここに……。
杉村さんやアクセラもここに……。
オレは携帯に地図をダウンロードし、精神科を後にすることを決めた。
オレは携帯に地図をダウンロードし、精神科を後にすることを決めた。
まだ、この場所だと決め付けるには早い。
まだ、この場所だと決め付けるには早い。
ホープタウンでアクセラを捜してからでも遅くは無いだろう。
ホープタウンでアクセラを捜してからでも遅くは無いだろう。
…………。
…………。
……。
……。
秀隆
秀隆
ただいま……
ただいま……
夜、８時を回った頃、オレは一度家に戻ってきた。
夜、８時を回った頃、オレは一度家に戻ってきた。
探せる場所を探したが、アクセラを見つけることは出来なかった。
探せる場所を探したが、アクセラを見つけることは出来なかった。
キズナ
キズナ
お帰りなさいひーくん
お帰りなさいひーくん
秀隆
秀隆
…………
…………
キズナ
キズナ
……どうかしたんですか？
……どうかしたんですか？
秀隆
秀隆
アクセラは、帰ってるか？
アクセラは、帰ってるか？
キズナ
キズナ
いえ、アクセラさんはまだお戻りになってませんが……
いえ、アクセラさんはまだお戻りになってませんが……
秀隆
秀隆
そうか……
そうか……
キズナ
キズナ
アクセラさんが、どうかされたんですか？
アクセラさんが、どうかされたんですか？
秀隆
秀隆
なんでもない。オレは部屋に戻る
なんでもない。オレは部屋に戻る
フラフラとした足取りで、オレは自分の部屋に戻った。
フラフラとした足取りで、オレは自分の部屋に戻った。
何やってんだよ、あいつは。
何やってんだよ、あいつは。
オレは筋肉痛で悲鳴を上げる体を横たえる。
オレは筋肉痛で悲鳴を上げる体を横たえる。
秀隆
秀隆
……アクセラ……
……アクセラ……
…………。
…………。
一度目を閉じ、体を落ち着かせる。
一度目を閉じ、体を落ち着かせる。
秀隆
秀隆
行くか……
行くか……
ゆっくりと体を起こしたオレは、携帯を掴み部屋を後にした。
ゆっくりと体を起こしたオレは、携帯を掴み部屋を後にした。
