坪倉マネージャーの部屋からは、大量の盗撮ファイルが確認された。
坪倉マネージャーの部屋からは、大量の盗撮ファイルが確認された。
そして、凛の部屋を盗撮していた機材なども、全て警察に没収された。
そして、凛の部屋を盗撮していた機材なども、全て警察に没収された。
彼に審判が下るのは当分先だが、恐らく長い刑期になることだろう。
彼に審判が下るのは当分先だが、恐らく長い刑期になることだろう。
オレも警察にこってりと絞られた。
オレも警察にこってりと絞られた。
無茶な計画で、万が一のことがあったらどう責任を取るつもりだったのか、と。
無茶な計画で、万が一のことがあったらどう責任を取るつもりだったのか、と。
事件は解決の方向へと向かったが、当初とは大きく軌道修正を迫られることとなった。
事件は解決の方向へと向かったが、当初とは大きく軌道修正を迫られることとなった。
結果的に警察の知ることとなり、
結果的に警察の知ることとなり、
犯人が凛のマネージャーだったことも不運で、
犯人が凛のマネージャーだったことも不運で、
連日連夜そのことがテレビで取り上げられることとなってしまった。
連日連夜そのことがテレビで取り上げられることとなってしまった。
避けられないことだったとは言え、やや引っかかりは残る。
避けられないことだったとは言え、やや引っかかりは残る。
まどか
まどか
そろそろじゃない？
そろそろじゃない？
秀隆
秀隆
お、いよいよか！
お、いよいよか！
オレたちは、休憩中モニターに噛り付くようにその瞬間を待ちわびていた。
オレたちは、休憩中モニターに噛り付くようにその瞬間を待ちわびていた。
芸能人たちのトークが終わり、ＣＭへと切り替わる。
芸能人たちのトークが終わり、ＣＭへと切り替わる。
そして
そして
凛
凛
私の、新しいパートナーを紹介します！
私の、新しいパートナーを紹介します！
満面の笑みで、アンドロイドと共に登場する凛。
満面の笑みで、アンドロイドと共に登場する凛。
磯部
磯部
うお……やっぱ、可愛いな……
うお……やっぱ、可愛いな……
特務官たちも関心に頷きながら、そのＣＭを食い入るように見ていた。
特務官たちも関心に頷きながら、そのＣＭを食い入るように見ていた。
丸の内さんの作り出した、ＲＳアンドロイドのＣＭ。
丸の内さんの作り出した、ＲＳアンドロイドのＣＭ。
そのアンドロイドと、凛は満面の笑みで競演を果たしている。
そのアンドロイドと、凛は満面の笑みで競演を果たしている。
秀隆
秀隆
やっぱ胸デカイよな……
やっぱ胸デカイよな……
まだ学生だからな、これからも成長していくだろうし。
まだ学生だからな、これからも成長していくだろうし。
秀隆
秀隆
９２はあるぞ、こりゃ……
９２はあるぞ、こりゃ……
凛
凛
残念、９３でした。ニアピンね
残念、９３でした。ニアピンね
秀隆
秀隆
くそ、ちょっと読み間違えたか……って、
くそ、ちょっと読み間違えたか……って、
うおっ！
うおっ！
まどか
まどか
凛さん！？
凛さん！？
凛
凛
ちょっと時間があったから、きちゃった
ちょっと時間があったから、きちゃった
秀隆
秀隆
おまえ、どうやって建物に入ったんだよ！
おまえ、どうやって建物に入ったんだよ！
凛
凛
なんかさ、サインお願いしてきたから、プレゼントしてあげたの
なんかさ、サインお願いしてきたから、プレゼントしてあげたの
凛の少し後ろでへらへらと笑う警備員の姿が。
凛の少し後ろでへらへらと笑う警備員の姿が。
秀隆
秀隆
おい……ダメだろ……
おい……ダメだろ……
秀隆
秀隆
つか、今トークしてたよな？
つか、今トークしてたよな？
テレビでは、凛がマネージャーのストーカー事件に答えている。
テレビでは、凛がマネージャーのストーカー事件に答えている。
凛
凛
それ録画だから
それ録画だから
秀隆
秀隆
あ、そう……
あ、そう……
凛
凛
まったく、あたしがアンドロイドのＣＭに出るなんて、世も末よね
まったく、あたしがアンドロイドのＣＭに出るなんて、世も末よね
まどか
まどか
じゃあ、まだ苦手なままなんですか？
じゃあ、まだ苦手なままなんですか？
凛
凛
当たり前でしょ。だいっきらい。
当たり前でしょ。だいっきらい。
まぁさすがあたしっていうか、
まぁさすがあたしっていうか、
とても嫌ってる風には見えないわよね
とても嫌ってる風には見えないわよね
秀隆
秀隆
ＣＭじゃ、どうみてもアンドロイド好きの子にみえたな
ＣＭじゃ、どうみてもアンドロイド好きの子にみえたな
まどか
まどか
でも、どうして引き受けてくださったんですか？
でも、どうして引き受けてくださったんですか？
飲料メーカー側も、非常に驚いていたと思います
飲料メーカー側も、非常に驚いていたと思います
凛
凛
……借りをさ、借りたままには出来ないじゃない
……借りをさ、借りたままには出来ないじゃない
凛
凛
この人が、秀隆がいなかったら、あたしはダメだったかも知れない
この人が、秀隆がいなかったら、あたしはダメだったかも知れない
秀隆
秀隆
オレは当たり前のことをしただけだ
オレは当たり前のことをしただけだ
まどか
まどか
恰好つけちゃって
恰好つけちゃって
凛
凛
だけど、これで貸し借りは一切なしだからね！
だけど、これで貸し借りは一切なしだからね！
びっと指を突きつけられた。
びっと指を突きつけられた。
秀隆
秀隆
お、おう
お、おう
凛
凛
今日はそれを言いにきたの
今日はそれを言いにきたの
そういい、凛は笑った。
そういい、凛は笑った。
凛
凛
あ、でもよくよく考えたらさ、あんたってあたしの裸見たわけよね？
あ、でもよくよく考えたらさ、あんたってあたしの裸見たわけよね？
秀隆
秀隆
い、いや、見たって言っても良く覚えてないというか
い、いや、見たって言っても良く覚えてないというか
凛
凛
つまり貸し借りで言うと、あたしが貸し付けてる状態よね。
つまり貸し借りで言うと、あたしが貸し付けてる状態よね。
それもかなり
それもかなり
秀隆
秀隆
だ、だから良く覚えてないって
だ、だから良く覚えてないって
実際あの時はかなり焦っていてそれどころじゃなかったからな。
実際あの時はかなり焦っていてそれどころじゃなかったからな。
家に送られてきたデータも、警察に引き渡したし。
家に送られてきたデータも、警察に引き渡したし。
凛
凛
うん、そう考えると借りが出来たのは秀隆の方よね
うん、そう考えると借りが出来たのは秀隆の方よね
にやりと凛は笑って、オレの肩を叩いた。
にやりと凛は笑って、オレの肩を叩いた。
凛
凛
あたしが呼び出したら、犬のように飛んでくること。いいわね？
あたしが呼び出したら、犬のように飛んでくること。いいわね？
秀隆
秀隆
は、はひ……
は、はひ……
なんだか、悪魔に取引を持ちかけられた気がする……。
なんだか、悪魔に取引を持ちかけられた気がする……。
凛
凛
素直でよろしい
素直でよろしい
こんなことなら、もうちょっと真剣に拝んでおくべきだった。
こんなことなら、もうちょっと真剣に拝んでおくべきだった。
凛
凛
昼休みに抜けてきただけだから、すぐ戻らないと
昼休みに抜けてきただけだから、すぐ戻らないと
秀隆
秀隆
そうか
そうか
凛
凛
ああ、心配はいらないわよ。あたしもう平気だから
ああ、心配はいらないわよ。あたしもう平気だから
凛
凛
インタビューでも答えたけど、むしろこの件を利用してやろうと思ってさ
インタビューでも答えたけど、むしろこの件を利用してやろうと思ってさ
そう言い、携帯の画面を見せてくる。
そう言い、携帯の画面を見せてくる。
そこには凛のインタビューが書かれてある。
そこには凛のインタビューが書かれてある。
凛
凛
マネージャーの事件を胸に、前向きに頑張る清純派アイドル
マネージャーの事件を胸に、前向きに頑張る清純派アイドル
秀隆
秀隆
どこが清純だよ、どこが
どこが清純だよ、どこが
凛
凛
これくらいはさせてもらわないとね
これくらいはさせてもらわないとね
凛
凛
じゃあね、秀隆。また今度
じゃあね、秀隆。また今度
秀隆
秀隆
ああ
ああ
凛は大きく手を振り、仕事へと戻っていった。
凛は大きく手を振り、仕事へと戻っていった。
まどか
まどか
強いわね、彼女
強いわね、彼女
秀隆
秀隆
ああ。何度も驚かされるよ
ああ。何度も驚かされるよ
まどか
まどか
それじゃ、オフィスに戻りましょ。すぐ次の仕事が始まる
それじゃ、オフィスに戻りましょ。すぐ次の仕事が始まる
秀隆
秀隆
そうだな
そうだな
後で聞いた噂によると、今度のマネージャーは女性らしい。
後で聞いた噂によると、今度のマネージャーは女性らしい。
でも、専属マネージャーとしては付けなかったそうだ。
でも、専属マネージャーとしては付けなかったそうだ。
それはどうしてなのか。
それはどうしてなのか。
恐怖から？　それとも、警戒心から？
恐怖から？　それとも、警戒心から？
オレはそうじゃないと思っている。
オレはそうじゃないと思っている。
彼女が答えたインタビューには、こうも書かれてあった。
彼女が答えたインタビューには、こうも書かれてあった。
いつかまた、坪倉マネージャーが戻ってくる日を待っている、と
いつかまた、坪倉マネージャーが戻ってくる日を待っている、と
凛に聞けば、それは自分のための宣伝、嘘だというだろう。
凛に聞けば、それは自分のための宣伝、嘘だというだろう。
だけどオレは思う。
だけどオレは思う。
もしかすると、凛は本当に坪倉さんが戻るのを待っているのかも
もしかすると、凛は本当に坪倉さんが戻るのを待っているのかも
知れない、と。
知れない、と。
…………。
…………。
秀隆
秀隆
失礼します
失礼します
唐沢
唐沢
やぁ島津くん。待っていたよ、座ってくれるかい？
やぁ島津くん。待っていたよ、座ってくれるかい？
秀隆
秀隆
はい、失礼します
はい、失礼します
オレは会釈して、ソファーに腰を下ろした。
オレは会釈して、ソファーに腰を下ろした。
唐沢
唐沢
丸の内くんから連絡があったよ。ＣＭ交渉、うまく行ったようだね
丸の内くんから連絡があったよ。ＣＭ交渉、うまく行ったようだね
秀隆
秀隆
すみませんでした。
すみませんでした。
今回も、相談なく勝手に動いてしまいまして……
今回も、相談なく勝手に動いてしまいまして……
唐沢
唐沢
ストーカーを捕まえたそうだね。事情はある程度聞いたよ
ストーカーを捕まえたそうだね。事情はある程度聞いたよ
苦笑いしているようだったが、怒っている様子はなかった。
苦笑いしているようだったが、怒っている様子はなかった。
唐沢
唐沢
その件については、また後日話そう。
その件については、また後日話そう。
とにかく交渉がまとまったんだ。まずはそれを喜ぼう
とにかく交渉がまとまったんだ。まずはそれを喜ぼう
秀隆
秀隆
……はい
……はい
唐沢
唐沢
それから君のＩＤカードに少しだけど振り込んでおいた。
それから君のＩＤカードに少しだけど振り込んでおいた。
佐々野くんや磯部くんを連れて、飲みに行ってくるといい
佐々野くんや磯部くんを連れて、飲みに行ってくるといい
秀隆
秀隆
そんな、お気遣い頂きまして……
そんな、お気遣い頂きまして……
唐沢
唐沢
君の初めてのプロジェクト成功祝いだ。盛大にやるといい
君の初めてのプロジェクト成功祝いだ。盛大にやるといい
秀隆
秀隆
ありがとうございます
ありがとうございます
秀隆
秀隆
唐沢さんには感謝感謝だなあ……でも……
唐沢さんには感謝感謝だなあ……でも……
秀隆
秀隆
…………
…………
オレは、廊下の角でそっと壁に手をついた。
オレは、廊下の角でそっと壁に手をついた。
秀隆
秀隆
あの２人をどうやって誘えばいいんだよ……
あの２人をどうやって誘えばいいんだよ……
ここまで断られ続けているのに、ついてきてくれるだろうか。
ここまで断られ続けているのに、ついてきてくれるだろうか。
秀隆
秀隆
いざ、改めて誘うとなると、勇気がいるもんだな……
いざ、改めて誘うとなると、勇気がいるもんだな……
よし、まずはシミュレートしてみよう。
よし、まずはシミュレートしてみよう。
秀隆
秀隆
なあ二人とも、祝勝会に飲みに行かないかっ！
なあ二人とも、祝勝会に飲みに行かないかっ！
まどか
まどか
やだぁ、ほんと！？　いくいく！
やだぁ、ほんと！？　いくいく！
磯部
磯部
ぜってーいくよ！
ぜってーいくよ！
秀隆
秀隆
絶対ないな……ってか、２人ともどんなキャラだよ……
絶対ないな……ってか、２人ともどんなキャラだよ……
改めて想像してみる。
改めて想像してみる。
秀隆
秀隆
あのさ、その、唐沢さんに祝勝会してこいって言われたんだ
あのさ、その、唐沢さんに祝勝会してこいって言われたんだ
まどか
まどか
そう唐沢代表が……なら仕方ないわね
そう唐沢代表が……なら仕方ないわね
磯部
磯部
唐沢代表の言うことなら、仕方ねえよな……
唐沢代表の言うことなら、仕方ねえよな……
秀隆
秀隆
唐沢さんの名前で無理やり連れて行ってもダメだろ……
唐沢さんの名前で無理やり連れて行ってもダメだろ……
もっとこう、オレが誘って連れていく感じにしないと……。
もっとこう、オレが誘って連れていく感じにしないと……。
秀隆
秀隆
プロジェクト成功祝いに、飲みに行こうと思うんだけどどうだ？
プロジェクト成功祝いに、飲みに行こうと思うんだけどどうだ？
まどか
まどか
ごめんなさい。遠慮しておくわ
ごめんなさい。遠慮しておくわ
磯部
磯部
勝手に一人で行け
勝手に一人で行け
秀隆
秀隆
最悪のビジョンしか見えない……！
最悪のビジョンしか見えない……！
磯部
磯部
なに一人でぶつぶつ言ってんだ、おまえ
なに一人でぶつぶつ言ってんだ、おまえ
秀隆
秀隆
い、いや、その……
い、いや、その……
秀隆
秀隆
……今晩、祝勝会でもどうかな、と思ったんですが
……今晩、祝勝会でもどうかな、と思ったんですが
磯部くんは睨むような眼でオレをジッと見ている。
磯部くんは睨むような眼でオレをジッと見ている。
磯部
磯部
おまえの奢りなんだろうな？
おまえの奢りなんだろうな？
秀隆
秀隆
それは、もちろん！
それは、もちろん！
正確には唐沢さんの奢りなんだけど。
正確には唐沢さんの奢りなんだけど。
磯部
磯部
なら付き合ってやるよ。今回だけな
なら付き合ってやるよ。今回だけな
秀隆
秀隆
お、おおおお……
お、おおおお……
秀隆
秀隆
おおおおおおおおおおお！！
おおおおおおおおおおお！！
秀隆
秀隆
えーでは、水野凛さんのＣＭ交渉成功を祝って、乾杯！！
えーでは、水野凛さんのＣＭ交渉成功を祝って、乾杯！！
オレは声高らかにグラスを掲げる。
オレは声高らかにグラスを掲げる。
そして、そのオレをまどかと磯部くんは冷ややかに見ていた。
そして、そのオレをまどかと磯部くんは冷ややかに見ていた。
秀隆
秀隆
……乾杯！
……乾杯！
冷ややかに見ている。
冷ややかに見ている。
秀隆
秀隆
かぁああああんぱあああ
かぁああああんぱあああ
まどか
まどか
あのね島津くん、居酒屋じゃないんだから……
あのね島津くん、居酒屋じゃないんだから……
秀隆
秀隆
そ、それもそうか……
そ、それもそうか……
周囲の視線も集まり、オレは慌てて席に座った。
周囲の視線も集まり、オレは慌てて席に座った。
まどか
まどか
それじゃあ乾杯
それじゃあ乾杯
se乾杯 (1
se乾杯 (1
まどかと磯部くんが、グラスを軽く重ね合わせる。
まどかと磯部くんが、グラスを軽く重ね合わせる。
秀隆
秀隆
乾杯！
乾杯！
まどか
まどか
さて、乾杯も済んだことだし、まず私に
さて、乾杯も済んだことだし、まず私に
ストーカーの報告が無かった件について聞こうかしら
ストーカーの報告が無かった件について聞こうかしら
乾杯した直後、まどかがこちらを睨んできた。
乾杯した直後、まどかがこちらを睨んできた。
秀隆
秀隆
磯部くん、聞かれてますよ？
磯部くん、聞かれてますよ？
磯部
磯部
な、何で俺なんだよ。おまえだろ！
な、何で俺なんだよ。おまえだろ！
秀隆
秀隆
いやいや、磯部くんの方が先輩ですし
いやいや、磯部くんの方が先輩ですし
磯部
磯部
プロジェクトのリーダーはおまえだろ！
プロジェクトのリーダーはおまえだろ！
まどか
まどか
どっちにも聞いてるのよ？
どっちにも聞いてるのよ？
秀隆
秀隆
……すみません
……すみません
磯部
磯部
悪い。でも、それはこいつが黙ってろって言ったんだよ
悪い。でも、それはこいつが黙ってろって言ったんだよ
秀隆
秀隆
そうでしたっけ？　フフッ
そうでしたっけ？　フフッ
磯部
磯部
て、てめぇ
て、てめぇ
秀隆
秀隆
悪かったよ。でも、話したら絶対反対してただろ？
悪かったよ。でも、話したら絶対反対してただろ？
まどか
まどか
当たり前よ。無茶にもほどがある。
当たり前よ。無茶にもほどがある。
万が一のことが起こってからじゃ遅いのよ？
万が一のことが起こってからじゃ遅いのよ？
秀隆
秀隆
結果よければ全てよしって言葉があってだな
結果よければ全てよしって言葉があってだな
まどか
まどか
それじゃ特務官とは言えない
それじゃ特務官とは言えない
ぐいっと、まどかがお酒を一気に流し込む。
ぐいっと、まどかがお酒を一気に流し込む。
まどか
まどか
それに、信頼してもらえないなら、今後あなたとは組めない
それに、信頼してもらえないなら、今後あなたとは組めない
秀隆
秀隆
反省してる。このとおり！
反省してる。このとおり！
まどか
まどか
ちっとも反省してるようには見えない
ちっとも反省してるようには見えない
秀隆
秀隆
じゃあどうすればいいんだよ
じゃあどうすればいいんだよ
まどか
まどか
何かをしろ、ってわけじゃないけれど……
何かをしろ、ってわけじゃないけれど……
まどか
まどか
本当に反省してる？
本当に反省してる？
秀隆
秀隆
してるしてる。してます！
してるしてる。してます！
まどか
まどか
じゃあ、金輪際、隠し事はなしよ？
じゃあ、金輪際、隠し事はなしよ？
秀隆
秀隆
約束します
約束します
まどか
まどか
……だったら、今回はこれでおしまいにしてあげる
……だったら、今回はこれでおしまいにしてあげる
秀隆
秀隆
あざああっす！
あざああっす！
まどか
まどか
じゃあ次は磯部くんね。どうして黙ってたの？
じゃあ次は磯部くんね。どうして黙ってたの？
磯部
磯部
お、俺もか！？
お、俺もか！？
秀隆
秀隆
今日はお疲れ様でした。また明日からよろしくお願いします
今日はお疲れ様でした。また明日からよろしくお願いします
磯部
磯部
出来れば、お前とは二度と組みたくない
出来れば、お前とは二度と組みたくない
秀隆
秀隆
そんなストレートに言わなくても……
そんなストレートに言わなくても……
秀隆
秀隆
佐々野さんを送ってもらえますか？
佐々野さんを送ってもらえますか？
磯部
磯部
言われるまでもない
言われるまでもない
まどか
まどか
それじゃ、おやすみなさい
それじゃ、おやすみなさい
秀隆
秀隆
ああ。また
ああ。また
磯部
磯部
……おい
……おい
秀隆
秀隆
はい？
はい？
磯部
磯部
…………
…………
秀隆
秀隆
あの……？
あの……？
磯部
磯部
あの日……水野凛と打ち合わせをした時から、
あの日……水野凛と打ち合わせをした時から、
ストーカーがいるってことに気がついてたのか？
ストーカーがいるってことに気がついてたのか？
秀隆
秀隆
えっ？
えっ？
磯部
磯部
答えろ
答えろ
まどか
まどか
…………
…………
磯部くんもまどかも、オレを見据えていた。
磯部くんもまどかも、オレを見据えていた。
ここで変な冗談や嘘は良くないだろう。
ここで変な冗談や嘘は良くないだろう。
秀隆
秀隆
なんとなくで変には感じたんです
なんとなくで変には感じたんです
秀隆
秀隆
彼女の異様な怯え方や、持ち物に対する扱い方を見ていて、
彼女の異様な怯え方や、持ち物に対する扱い方を見ていて、
もしかしたらストーカーに悩まされてるんじゃないかと
もしかしたらストーカーに悩まされてるんじゃないかと
秀隆
秀隆
でも結局は、ただの勘ですけどね
でも結局は、ただの勘ですけどね
磯部
磯部
勘か……ふざけた答えだ
勘か……ふざけた答えだ
秀隆
秀隆
今回はありがとう御座いました。
今回はありがとう御座いました。
もし磯部くんが協力してくれなかったら、
もし磯部くんが協力してくれなかったら、
多分このプロジェクトそのものが、上手く行かなかった
多分このプロジェクトそのものが、上手く行かなかった
磯部
磯部
よせ。俺は何もしちゃいない……まどかだってそうだ
よせ。俺は何もしちゃいない……まどかだってそうだ
磯部
磯部
勝手に単独行動して、ＣＭ交渉を決めやがって
勝手に単独行動して、ＣＭ交渉を決めやがって
磯部
磯部
ムカつく野郎だ、おまえは
ムカつく野郎だ、おまえは
秀隆
秀隆
す、すみません……だけどに嫌われてるのは、分かってるつもりなので
す、すみません……だけどに嫌われてるのは、分かってるつもりなので
秀隆
秀隆
それに、オレは本当に感謝しているんです。
それに、オレは本当に感謝しているんです。
今回のＣＭは２人の協力が無ければ成しえませんでした
今回のＣＭは２人の協力が無ければ成しえませんでした
秀隆
秀隆
それは間違いありません
それは間違いありません
秀隆
秀隆
磯部くんは否定するかもしれませんが
磯部くんは否定するかもしれませんが
磯部
磯部
……その磯部くん、っての止めろ。気持ち悪い
……その磯部くん、っての止めろ。気持ち悪い
秀隆
秀隆
馴れ馴れしかったですかね……えっと、磯部さん
馴れ馴れしかったですかね……えっと、磯部さん
磯部
磯部
俺はお前のことを島津って呼ぶ。敬称を使うつもりがないからだ
俺はお前のことを島津って呼ぶ。敬称を使うつもりがないからだ
秀隆
秀隆
は、はぁ……
は、はぁ……
磯部
磯部
お前も俺を呼び捨てにしろ
お前も俺を呼び捨てにしろ
秀隆
秀隆
えっ……？
えっ……？
磯部
磯部
じゃあな。……先歩いてる
じゃあな。……先歩いてる
秀隆
秀隆
あ、ちょ……磯部く
あ、ちょ……磯部く
まどか
まどか
あなたを見て、磯部くんも燃えてきたんだと思う
あなたを見て、磯部くんも燃えてきたんだと思う
まどか
まどか
対等に扱ってくれるってことよ
対等に扱ってくれるってことよ
秀隆
秀隆
対等って……
対等って……
まどか
まどか
あまり嬉しくなさそうね？
あまり嬉しくなさそうね？
秀隆
秀隆
実感がわかないだけだ。オレはまだまだ、特務官としては未熟だ
実感がわかないだけだ。オレはまだまだ、特務官としては未熟だ
秀隆
秀隆
今回も結局、傍から見れば暴走して突っ込んだに過ぎない
今回も結局、傍から見れば暴走して突っ込んだに過ぎない
まどか
まどか
……そうね。確かに、特務官としては未熟。
……そうね。確かに、特務官としては未熟。
内容もそうだし、単独行動なんて許されることじゃない
内容もそうだし、単独行動なんて許されることじゃない
まどか
まどか
だけど、１つだけ思い出したことがあるの
だけど、１つだけ思い出したことがあるの
秀隆
秀隆
ん？
ん？
まどか
まどか
今のあなたと、昔のあなたが少し重なって見える。
今のあなたと、昔のあなたが少し重なって見える。
……変わったと思っていたけど、変わってなかったのかもしれない
……変わったと思っていたけど、変わってなかったのかもしれない
秀隆
秀隆
どうかな……変わってない部分もあった、んだろうか
どうかな……変わってない部分もあった、んだろうか
秀隆
秀隆
……わかんないな
……わかんないな
まどか
まどか
それじゃ、私は磯部くんと帰るから
それじゃ、私は磯部くんと帰るから
秀隆
秀隆
ああ。お疲れ様
ああ。お疲れ様
まどか
まどか
明日からも頑張って
明日からも頑張って
秀隆
秀隆
……おう
……おう
今日は気分がいい。
今日は気分がいい。
オレは、上機嫌で家路へと向かった。
オレは、上機嫌で家路へと向かった。
そうそう余談だが、ＲＳシリーズは、
そうそう余談だが、ＲＳシリーズは、
その後飛ぶ鳥を落とす勢いで爆発的大ヒットを記録した。
その後飛ぶ鳥を落とす勢いで爆発的大ヒットを記録した。
もちろん製品の完成度が高かったことが要因だが、
もちろん製品の完成度が高かったことが要因だが、
そのきっかけを作ったのは、間違いなく凛の存在が大きいだろう。
そのきっかけを作ったのは、間違いなく凛の存在が大きいだろう。
アンドロイド嫌いの凛が心を許すアンドロイド。
アンドロイド嫌いの凛が心を許すアンドロイド。
そんなキャッチフレーズが、想像以上に功を奏したのだ。
そんなキャッチフレーズが、想像以上に功を奏したのだ。
噂は瞬く間に普及の広がりを見せ、丸の内さんは一躍時の人となった。
噂は瞬く間に普及の広がりを見せ、丸の内さんは一躍時の人となった。
その後、凛の元には様々なアンドロイド会社から打診があったようだが、そのどれも、断り続けていると言う。
その後、凛の元には様々なアンドロイド会社から打診があったようだが、そのどれも、断り続けていると言う。
…………。
…………。
……。
……。
