コチ、コチ、コチ……。
コチ、コチ、コチ……。
時計の音が鳴り響く。
時計の音が鳴り響く。
いや、時計なんてないんですけど。
いや、時計なんてないんですけど。
そんな音が聞こえてきそうなほど、緊迫した空気の中に放り込まれていた。
そんな音が聞こえてきそうなほど、緊迫した空気の中に放り込まれていた。
秀隆
秀隆
あの……
あの……
和葉
和葉
うるさい。黙ってろ
うるさい。黙ってろ
秀隆
秀隆
は、はい
は、はい
目の前には、いつもの如く機嫌の悪い倉屋敷社長の姿。
目の前には、いつもの如く機嫌の悪い倉屋敷社長の姿。
オレは朝早く（現在午前６時過ぎ）社長に呼び出され、
オレは朝早く（現在午前６時過ぎ）社長に呼び出され、
この場にやってきたのだが……。
この場にやってきたのだが……。
その呼び出した本人は、機械いじりに集中していて、
その呼び出した本人は、機械いじりに集中していて、
オレの相手をしている暇は無い様子だった。
オレの相手をしている暇は無い様子だった。
秀隆
秀隆
なぁユウキ……オレ、何かやらかしたのか？
なぁユウキ……オレ、何かやらかしたのか？
ユウキ
ユウキ
さあ？　実は俺も秀隆を呼び出した理由は知らないんだよね
さあ？　実は俺も秀隆を呼び出した理由は知らないんだよね
秀隆
秀隆
いきなり殺されたりしないよな？　な？
いきなり殺されたりしないよな？　な？
ユウキ
ユウキ
ま、まぁ大丈夫じゃね？　……うん、多分な
ま、まぁ大丈夫じゃね？　……うん、多分な
秀隆
秀隆
多分て……
多分て……
…………。
…………。
緊迫した空気の中、オレは３０分ほど待ちぼうけていた。
緊迫した空気の中、オレは３０分ほど待ちぼうけていた。
和葉
和葉
よし……
よし……
やがて、一段落したのか社長が顔を上げる。
やがて、一段落したのか社長が顔を上げる。
秀隆
秀隆
終わりましたか
終わりましたか
和葉
和葉
何とかな。……なんでおまえがここに居る？
何とかな。……なんでおまえがここに居る？
秀隆
秀隆
あなたに呼ばれてきたんですけど！？
あなたに呼ばれてきたんですけど！？
和葉
和葉
うっせぇな。わかってんよ
うっせぇな。わかってんよ
秀隆
秀隆
あなたの発言は本気度が分かりづらいんです……
あなたの発言は本気度が分かりづらいんです……
秀隆
秀隆
こんな朝早くから、呼び出すなんて何かあったんですか？
こんな朝早くから、呼び出すなんて何かあったんですか？
和葉
和葉
ああ、そのことか。まぁそうだな
ああ、そのことか。まぁそうだな
秀隆
秀隆
一体なんなんです？
一体なんなんです？
和葉
和葉
実はあたしの実験に協力してくれる被験者が欲しくてな
実はあたしの実験に協力してくれる被験者が欲しくてな
秀隆
秀隆
えっ……？
えっ……？
和葉
和葉
なに、大したことはない。ちょっと脳みそをクチュクチュするだけだ
なに、大したことはない。ちょっと脳みそをクチュクチュするだけだ
秀隆
秀隆
お、おいユウキ。この人凄く物騒なこと言って―――あ、あれ、ユウキ？
お、おいユウキ。この人凄く物騒なこと言って―――あ、あれ、ユウキ？
さっきまでオレの傍にいたのに、忽然と姿を消していた。
さっきまでオレの傍にいたのに、忽然と姿を消していた。
和葉
和葉
ほら、さっさと横になれ
ほら、さっさと横になれ
秀隆
秀隆
あ、あれ？　か、身体が動かない……どうしてっ……
あ、あれ？　か、身体が動かない……どうしてっ……
和葉
和葉
ククク。さぁて、楽しいショーの始まりだ
ククク。さぁて、楽しいショーの始まりだ
秀隆
秀隆
いやっ、いや、いやあああああああああああ！
いやっ、いや、いやあああああああああああ！
秀隆
秀隆
はあ、はあっ、はあ……！
はあ、はあっ、はあ……！
秀隆
秀隆
なんつー恐ろしい……
なんつー恐ろしい……
キズナ
キズナ
ひーくんっ
ひーくんっ
秀隆
秀隆
キズナか……あーおまえの笑顔を見て癒されるわ……
キズナか……あーおまえの笑顔を見て癒されるわ……
キズナ
キズナ
凄い悲鳴が聞こえましたが、どうかしたんですか？
凄い悲鳴が聞こえましたが、どうかしたんですか？
秀隆
秀隆
ちょっと性質の悪い夢を見てさ……
ちょっと性質の悪い夢を見てさ……
キズナ
キズナ
怖い夢を見てしまいましたか。
怖い夢を見てしまいましたか。
おーよしよし
おーよしよし
ぽんぽんと頭を叩いてくれる。
ぽんぽんと頭を叩いてくれる。
キズナ
キズナ
どんな夢だったんですか？
どんな夢だったんですか？
秀隆
秀隆
頭にアナを開けられて、脳をいじくられる夢だ
頭にアナを開けられて、脳をいじくられる夢だ
キズナ
キズナ
それはまた、相当物騒な夢ですねぇ
それはまた、相当物騒な夢ですねぇ
秀隆
秀隆
ほんとにな
ほんとにな
キズナ
キズナ
あれ？　ひーくん……
あれ？　ひーくん……
秀隆
秀隆
どうした？
どうした？
キズナ
キズナ
いえ、その。
いえ、その。
ひーくんの頭に、見慣れない傷跡がありましたので……
ひーくんの頭に、見慣れない傷跡がありましたので……
秀隆
秀隆
……え？
……え？
キズナ
キズナ
なにやら細いもので、突かれた様な後と言いますか
なにやら細いもので、突かれた様な後と言いますか
秀隆
秀隆
ぶくぶくぶくぶく
ぶくぶくぶくぶく
キズナ
キズナ
おわ、倒れてしまいましたっ！？　軽いお茶目だったんですが……
おわ、倒れてしまいましたっ！？　軽いお茶目だったんですが……
キズナ
キズナ
よっぽど、リアリティのある夢だったのかも知れませんね
よっぽど、リアリティのある夢だったのかも知れませんね
…………。
…………。
……。
……。
