麦蔵
麦蔵
またせたな、島津
またせたな、島津
秀隆
秀隆
大河内代表……
大河内代表……
オレはソファーから立ち上がり、大河内代表に頭を下げた。
オレはソファーから立ち上がり、大河内代表に頭を下げた。
麦蔵
麦蔵
正直、こんなことは本来俺が首を突っ込むことじゃない。
正直、こんなことは本来俺が首を突っ込むことじゃない。
だが……そうも言ってられない事態だと思ってな
だが……そうも言ってられない事態だと思ってな
麦蔵
麦蔵
お前がこの場に呼び出された理由は分かってるな？
お前がこの場に呼び出された理由は分かってるな？
秀隆
秀隆
はい
はい
麦蔵
麦蔵
なら話は早い。弁明があるなら言ってみろ
なら話は早い。弁明があるなら言ってみろ
秀隆
秀隆
ありません
ありません
麦蔵
麦蔵
つまり、俺が聞いたこと全てが、事実だと見ていいわけだな？
つまり、俺が聞いたこと全てが、事実だと見ていいわけだな？
秀隆
秀隆
はい。その通りです
はい。その通りです
麦蔵
麦蔵
つまり……お前は俺と高坂……
つまり……お前は俺と高坂……
言わばドリームタウンを敵に回すことになるぜ？
言わばドリームタウンを敵に回すことになるぜ？
秀隆
秀隆
もし、そのようになるというなら、仕方がありません
もし、そのようになるというなら、仕方がありません
秀隆
秀隆
街との関係を越えてでも、
街との関係を越えてでも、
オレは希望と言う一人の女性に惹かれたと言うことです
オレは希望と言う一人の女性に惹かれたと言うことです
麦蔵
麦蔵
……ふん。言うことだけは一人前か
……ふん。言うことだけは一人前か
秀隆
秀隆
どう責任を取らせていただければいいでしょう
どう責任を取らせていただければいいでしょう
麦蔵
麦蔵
責任だと？　そんなもの、既に取れないと分かっていての発言か？
責任だと？　そんなもの、既に取れないと分かっていての発言か？
麦蔵
麦蔵
おまえのことだ、そうなんだろう
おまえのことだ、そうなんだろう
そう、実際責任もなにも、あったものじゃない。
そう、実際責任もなにも、あったものじゃない。
オレは希望の身体を自分のモノにしてしまったのだ。
オレは希望の身体を自分のモノにしてしまったのだ。
大河内代表がどれだけの罰をオレに課そうとも、
大河内代表がどれだけの罰をオレに課そうとも、
それはもはや取り消すことの出来ない事実だ。
それはもはや取り消すことの出来ない事実だ。
麦蔵
麦蔵
俺が希望へ求めていたものが何か分かるか？
俺が希望へ求めていたものが何か分かるか？
麦蔵
麦蔵
高坂は、このドリームタウンでいずれ頂点に立つ男だ。
高坂は、このドリームタウンでいずれ頂点に立つ男だ。
なら、俺はそいつを味方に引き入れておくために必要な『道具』として考えていた
なら、俺はそいつを味方に引き入れておくために必要な『道具』として考えていた
麦蔵
麦蔵
おまえがこの発言を聞いて、
おまえがこの発言を聞いて、
怒るのか怒らないのか、そんなことはどうでもいい
怒るのか怒らないのか、そんなことはどうでもいい
麦蔵
麦蔵
それが俺の描いていた将来の形だ
それが俺の描いていた将来の形だ
秀隆
秀隆
政略結婚ということですね
政略結婚ということですね
麦蔵
麦蔵
おまえが希望に手をつけてしまったのことで、
おまえが希望に手をつけてしまったのことで、
元々希望を女としてみていなかった高坂に口実を与えてしまったわけだ
元々希望を女としてみていなかった高坂に口実を与えてしまったわけだ
どうやら、高坂特務官が希望を好きではないことには、
どうやら、高坂特務官が希望を好きではないことには、
気がついていたらしい。
気がついていたらしい。
麦蔵
麦蔵
まっすぐな目だ。恐れを知らない目をしてやがる
まっすぐな目だ。恐れを知らない目をしてやがる
秀隆
秀隆
そんなことはありません。オレは酷く臆病な人間です
そんなことはありません。オレは酷く臆病な人間です
秀隆
秀隆
いつも、恐怖と戦っています
いつも、恐怖と戦っています
秀隆
秀隆
ですが、その恐怖と戦いながらも、逃げられないこととは
ですが、その恐怖と戦いながらも、逃げられないこととは
向き合わなければなりません
向き合わなければなりません
秀隆
秀隆
希望を失わないですむには、何をしなければならないのか
希望を失わないですむには、何をしなければならないのか
秀隆
秀隆
足りない頭で、今必死に考えているところです
足りない頭で、今必死に考えているところです
麦蔵
麦蔵
達観しすぎた若者と言うのは、
達観しすぎた若者と言うのは、
時に心躍る存在だが、時には目障りにも感じる
時に心躍る存在だが、時には目障りにも感じる
ソファーから腰を上げた大河内代表は、オレの胸倉を掴み上げた。
ソファーから腰を上げた大河内代表は、オレの胸倉を掴み上げた。
秀隆
秀隆
ぐっ……！
ぐっ……！
頬を、思い切り握り拳で殴られた。
頬を、思い切り握り拳で殴られた。
麦蔵
麦蔵
娘を手篭めにしたんだ、殴られることなんざ、覚悟の上だろ
娘を手篭めにしたんだ、殴られることなんざ、覚悟の上だろ
秀隆
秀隆
……はい……
……はい……
オレは床に手をつきながらも、大河内代表を見上げた。
オレは床に手をつきながらも、大河内代表を見上げた。
その表情には静かな怒りが感じられる。
その表情には静かな怒りが感じられる。
秀隆
秀隆
あなたがオレに望むものはなんですか……
あなたがオレに望むものはなんですか……
秀隆
秀隆
希望と別れろ、そう言わなくていいんですか
希望と別れろ、そう言わなくていいんですか
麦蔵
麦蔵
そう言ったところで、今更抱いた過去は消えん
そう言ったところで、今更抱いた過去は消えん
麦蔵
麦蔵
おまえもそれを知った上で抱いたはずだ
おまえもそれを知った上で抱いたはずだ
秀隆
秀隆
……ですね……
……ですね……
麦蔵
麦蔵
おまえに２つ選択をやる。自由に選ばせてやろう
おまえに２つ選択をやる。自由に選ばせてやろう
秀隆
秀隆
…………
…………
麦蔵
麦蔵
１つは、希望とのことを忘れ今すぐホープタウンへ帰る
１つは、希望とのことを忘れ今すぐホープタウンへ帰る
麦蔵
麦蔵
だが、それは金輪際希望とは関われないことを意味する
だが、それは金輪際希望とは関われないことを意味する
麦蔵
麦蔵
高坂との婚約が破断したとしても、
高坂との婚約が破断したとしても、
貴様にくれてやるつもりはない、と言うことだな
貴様にくれてやるつもりはない、と言うことだな
秀隆
秀隆
もうひとつは……？
もうひとつは……？
麦蔵
麦蔵
簡単なことだ。希望と結婚する男は、将来俺の役に立てるかどうか、そこにかかっている
簡単なことだ。希望と結婚する男は、将来俺の役に立てるかどうか、そこにかかっている
麦蔵
麦蔵
ホープタウンを捨て、オレのもとに来い
ホープタウンを捨て、オレのもとに来い
秀隆
秀隆
……それは……
……それは……
麦蔵
麦蔵
おまえが恩人である唐沢を捨て、
おまえが恩人である唐沢を捨て、
ドリームタウンへ仕えることを選ぶなら、
ドリームタウンへ仕えることを選ぶなら、
希望との関係を認めてやってもいい
希望との関係を認めてやってもいい
麦蔵
麦蔵
と言うよりも、それしか方法はないだろうからな
と言うよりも、それしか方法はないだろうからな
麦蔵
麦蔵
寛大な選択だと思わないか？　島津
寛大な選択だと思わないか？　島津
麦蔵
麦蔵
本来なら殺されないまでも、
本来なら殺されないまでも、
希望に手を出した男であれば、再起不能にしているところだ
希望に手を出した男であれば、再起不能にしているところだ
麦蔵
麦蔵
だが、おまえには幸運なことに才能がある
だが、おまえには幸運なことに才能がある
麦蔵
麦蔵
その才能を俺のもとで生かせ
その才能を俺のもとで生かせ
秀隆
秀隆
…………
…………
秀隆
秀隆
オレには
オレには
麦蔵
麦蔵
唐沢は裏切れないか？
唐沢は裏切れないか？
秀隆
秀隆
はい。唐沢さんは、オレの命の恩人です……
はい。唐沢さんは、オレの命の恩人です……
秀隆
秀隆
彼に応えるために、特務官になりました
彼に応えるために、特務官になりました
麦蔵
麦蔵
だったら今すぐホープタウンに帰れ。
だったら今すぐホープタウンに帰れ。
だが、一度言ったようにお前と希望を二度と引き合わせん
だが、一度言ったようにお前と希望を二度と引き合わせん
麦蔵
麦蔵
どちらにせよ、お前は何かを捨てなければならねぇんだ
どちらにせよ、お前は何かを捨てなければならねぇんだ
希望を取るのか、唐沢さんを取るのか。
希望を取るのか、唐沢さんを取るのか。
大河内代表に架せられたものは、思ったよりも大きい。
大河内代表に架せられたものは、思ったよりも大きい。
だけど
だけど
麦蔵
麦蔵
すぐ答えが出ないなら、少しくらい待ってやっても
すぐ答えが出ないなら、少しくらい待ってやっても
秀隆
秀隆
オレは、オレには唐沢さんを裏切ることはできません
オレは、オレには唐沢さんを裏切ることはできません
麦蔵
麦蔵
…………
…………
秀隆
秀隆
例え天秤にかけられたものが、希望であったとしても
例え天秤にかけられたものが、希望であったとしても
麦蔵
麦蔵
ふん。女は替えがきくが、仕事となればそうはいかんからな
ふん。女は替えがきくが、仕事となればそうはいかんからな
麦蔵
麦蔵
窮地に追い込まれながらも打算的じゃねえか。
窮地に追い込まれながらも打算的じゃねえか。
それとも何か？　強引に希望を連れ出す算段でもあるか？
それとも何か？　強引に希望を連れ出す算段でもあるか？
秀隆
秀隆
そんな真似はしません。世界は狭い。
そんな真似はしません。世界は狭い。
無茶をしたところで、すぐ見つかるのがオチです
無茶をしたところで、すぐ見つかるのがオチです
麦蔵
麦蔵
つまり、仕事を取っただけのことか
つまり、仕事を取っただけのことか
秀隆
秀隆
いいえ。オレは希望を諦めるつもりもありません
いいえ。オレは希望を諦めるつもりもありません
麦蔵
麦蔵
ふざけた男だな、おまえも
ふざけた男だな、おまえも
麦蔵
麦蔵
随分と虫のいい話になってきたもんだ。
随分と虫のいい話になってきたもんだ。
俺は与えた二つの選択肢以外を選ばせるつもりはないぜ
俺は与えた二つの選択肢以外を選ばせるつもりはないぜ
秀隆
秀隆
交渉の余地はあるはずです
交渉の余地はあるはずです
麦蔵
麦蔵
ないな
ないな
ばっさりと切り捨てられる。
ばっさりと切り捨てられる。
麦蔵
麦蔵
お前は今、必死に策を張り巡らせているんだろう
お前は今、必死に策を張り巡らせているんだろう
麦蔵
麦蔵
だがそれは無駄だ。何故なら
だがそれは無駄だ。何故なら
俺は必ずどちらかの選択を選ばせる。
俺は必ずどちらかの選択を選ばせる。
例え、第三の選択がより良いものだとしてもだ
例え、第三の選択がより良いものだとしてもだ
秀隆
秀隆
っ……
っ……
麦蔵
麦蔵
さあどうする。おまえには選択も時間もないぜ？
さあどうする。おまえには選択も時間もないぜ？
秀隆
秀隆
オレは
オレは
秀隆
秀隆
…………
…………
そこから先、上手く言葉を出すことができない。
そこから先、上手く言葉を出すことができない。
大河内代表の発言によって、
大河内代表の発言によって、
オレの退路は本当に絶たれてしまった。
オレの退路は本当に絶たれてしまった。
麦蔵
麦蔵
どちらを選ぶのも自由だ
どちらを選ぶのも自由だ
麦蔵
麦蔵
少しだけ時間をやる。俺が戻る前に決めておけ
少しだけ時間をやる。俺が戻る前に決めておけ
その場に残され、オレは一人目を閉じた。
その場に残され、オレは一人目を閉じた。
どうすることが、オレにとって一番正しいのだろうか。
どうすることが、オレにとって一番正しいのだろうか。
いや、違う。
いや、違う。
希望にとっても、正しいのか。
希望にとっても、正しいのか。
龍也
龍也
島津くん
島津くん
秀隆
秀隆
こ、高坂特務官っ！
こ、高坂特務官っ！
オレは思わぬ来訪者に、慌てて立ち上がった。
オレは思わぬ来訪者に、慌てて立ち上がった。
龍也
龍也
その様子じゃ、コッテリ絞られたみたいだね
その様子じゃ、コッテリ絞られたみたいだね
秀隆
秀隆
大河内代表はもちろん、高坂特務官にも多大なるご迷惑をおかけしました
大河内代表はもちろん、高坂特務官にも多大なるご迷惑をおかけしました
龍也
龍也
僕のほうは平気だよ。希望ちゃんから話は聞いているよね？
僕のほうは平気だよ。希望ちゃんから話は聞いているよね？
秀隆
秀隆
はい……
はい……
一度頷く。
一度頷く。
高坂特務官はオレの前に腰を下ろした。
高坂特務官はオレの前に腰を下ろした。
龍也
龍也
政略的に見れば、僕や大河内代表にとっては痛手だ。
政略的に見れば、僕や大河内代表にとっては痛手だ。
互いに必要とする地位や名誉を捨てることになるんだから
互いに必要とする地位や名誉を捨てることになるんだから
秀隆
秀隆
…………
…………
龍也
龍也
だけど君が居てくれて良かった。
だけど君が居てくれて良かった。
君が希望ちゃんと知り合い、恋に落ちてくれて良かった
君が希望ちゃんと知り合い、恋に落ちてくれて良かった
龍也
龍也
今、僕はそう思っている
今、僕はそう思っている
優しく笑うその姿に、嘘偽りはなさそうだった。
優しく笑うその姿に、嘘偽りはなさそうだった。
龍也
龍也
本当に好きでもない男女が結婚しても、
本当に好きでもない男女が結婚しても、
きっとそこに、幸せな家庭は築けなかったと思う
きっとそこに、幸せな家庭は築けなかったと思う
秀隆
秀隆
これは……オレの勝手な想像ですが、
これは……オレの勝手な想像ですが、
いずれ近いうち、高坂特務官は婚約を解消するつもりだったんじゃないですか？
いずれ近いうち、高坂特務官は婚約を解消するつもりだったんじゃないですか？
秀隆
秀隆
オレが居ても居なくても
オレが居ても居なくても
龍也
龍也
どうしてそう思うんだい？
どうしてそう思うんだい？
秀隆
秀隆
言ったように勝手な想像です
言ったように勝手な想像です
龍也
龍也
どうかな。僕にはハッキリと言えないな。
どうかな。僕にはハッキリと言えないな。
君が居なければ、将来のために希望ちゃんを選んでいたかも
君が居なければ、将来のために希望ちゃんを選んでいたかも
秀隆
秀隆
あの……
あの……
龍也
龍也
思うことがあったなら、何でも聞いてくれて構わないよ
思うことがあったなら、何でも聞いてくれて構わないよ
秀隆
秀隆
長谷川さんは、恭一さんという方が、いらっしゃいますよね
長谷川さんは、恭一さんという方が、いらっしゃいますよね
龍也
龍也
ああ、そのことか。うんそうだね
ああ、そのことか。うんそうだね
秀隆
秀隆
彼女に想いは伝えられたんですか？
彼女に想いは伝えられたんですか？
龍也
龍也
……一応、ね
……一応、ね
龍也
龍也
でも、結果は今の僕を見れば分かるんじゃない？
でも、結果は今の僕を見れば分かるんじゃない？
秀隆
秀隆
…………
…………
龍也
龍也
不思議と納得はいってるんだ。仕方が無いなって
不思議と納得はいってるんだ。仕方が無いなって
龍也
龍也
もしも、もっと早く、
もしも、もっと早く、
彼女に想いを伝えていれば、結果は違ったかも知れないけど
彼女に想いを伝えていれば、結果は違ったかも知れないけど
秀隆
秀隆
そう、ですか
そう、ですか
龍也
龍也
同情してくれるなら、今からでも希望ちゃんを手放すかい？
同情してくれるなら、今からでも希望ちゃんを手放すかい？
彼女が僕を選んでくれるなら、それでも構わないよ
彼女が僕を選んでくれるなら、それでも構わないよ
秀隆
秀隆
意地悪なことを言いますね
意地悪なことを言いますね
秀隆
秀隆
オレは、誰にも希望を譲るつもりはありません
オレは、誰にも希望を譲るつもりはありません
龍也
龍也
ふふ、なら安心して見守ることにするよ。
ふふ、なら安心して見守ることにするよ。
だけどどうするつもりなんだい？　大河内代表からの選択は
だけどどうするつもりなんだい？　大河内代表からの選択は
どうやら、その中身は知っているらしい。
どうやら、その中身は知っているらしい。
龍也
龍也
ホープタウンを選ぶのか、希望ちゃんを選ぶのか
ホープタウンを選ぶのか、希望ちゃんを選ぶのか
秀隆
秀隆
それは
それは
龍也
龍也
甘い考えは持たないほうがいい。
甘い考えは持たないほうがいい。
彼はそのどちらかを絶対に迫るし、
彼はそのどちらかを絶対に迫るし、
そのどちらかを選ばない限り、君に未来はない
そのどちらかを選ばない限り、君に未来はない
秀隆
秀隆
…………
…………
希望を捨てることなんて出来ない。
希望を捨てることなんて出来ない。
だけど、オレがホープタウンを裏切ることも出来ない。
だけど、オレがホープタウンを裏切ることも出来ない。
それ以外の選択は、如何なることがあろうとも許さない。
それ以外の選択は、如何なることがあろうとも許さない。
龍也
龍也
ここから先は、もう僕が何かを言うことはない
ここから先は、もう僕が何かを言うことはない
龍也
龍也
君が考え、君の意思のもと、決断することだ
君が考え、君の意思のもと、決断することだ
秀隆
秀隆
オレは
オレは
麦蔵
麦蔵
答えを決めたか？
答えを決めたか？
扉を開け、大河内代表が戻ってきた。
扉を開け、大河内代表が戻ってきた。
龍也
龍也
じゃあ、僕はいったん失礼するよ
じゃあ、僕はいったん失礼するよ
麦蔵
麦蔵
おまえも聞いていけ。コイツの決断を
おまえも聞いていけ。コイツの決断を
龍也
龍也
よろしいんですか？
よろしいんですか？
麦蔵
麦蔵
ああ
ああ
龍也
龍也
……では、そうさせて貰います
……では、そうさせて貰います
高坂特務官は立ち上がり、大河内代表の隣に立った。
高坂特務官は立ち上がり、大河内代表の隣に立った。
麦蔵
麦蔵
さぁ、どうする島津
さぁ、どうする島津
麦蔵
麦蔵
おまえの答えを聞かせてもらおうか
おまえの答えを聞かせてもらおうか
秀隆
秀隆
ドリームタウンに移住し、特務官となることは出来ません
ドリームタウンに移住し、特務官となることは出来ません
秀隆
秀隆
何故なら、オレは唐沢代表の恩義に答える必要があるからです
何故なら、オレは唐沢代表の恩義に答える必要があるからです
麦蔵
麦蔵
なら、希望を諦めるってことだな
なら、希望を諦めるってことだな
秀隆
秀隆
仮に
仮に
秀隆
秀隆
オレが希望を選び、あなたの元で特務官として働くことを選んだとしても、恐らく良き関係を築いていくことは不可能だと思います
オレが希望を選び、あなたの元で特務官として働くことを選んだとしても、恐らく良き関係を築いていくことは不可能だと思います
秀隆
秀隆
女性一人の存在で揺れ動くような信頼関係であるなら、
女性一人の存在で揺れ動くような信頼関係であるなら、
オレと言う人間を、本当の意味で信用してはいただけないでしょう
オレと言う人間を、本当の意味で信用してはいただけないでしょう
麦蔵
麦蔵
…………
…………
秀隆
秀隆
希望を選ぶ選ばないの前に、
希望を選ぶ選ばないの前に、
大前提として、オレがホープタウンを裏切ることは絶対にありません
大前提として、オレがホープタウンを裏切ることは絶対にありません
麦蔵
麦蔵
そうか。なら帰るんだな、おまえの主のもとへ
そうか。なら帰るんだな、おまえの主のもとへ
秀隆
秀隆
…………
…………
甘い言葉は、何一つ飛んでこない。
甘い言葉は、何一つ飛んでこない。
彼の中ではどちらかでしかないのだ。
彼の中ではどちらかでしかないのだ。
オレが街を選んだ以上、希望との関係を認めることはない。
オレが街を選んだ以上、希望との関係を認めることはない。
それでも、オレは認めさせていくしかないだろう。
それでも、オレは認めさせていくしかないだろう。
どれだけの時間がかかろうとも。
どれだけの時間がかかろうとも。
秀隆
秀隆
失礼します……
失礼します……
龍也
龍也
彼の目は死んでいませんでしたよ
彼の目は死んでいませんでしたよ
麦蔵
麦蔵
ああ。今にも俺に掴みかかるような気迫を感じた
ああ。今にも俺に掴みかかるような気迫を感じた
龍也
龍也
どうなさるおつもりですか？
どうなさるおつもりですか？
麦蔵
麦蔵
奴は仕事を選んだ。その事実は変わりようが無いだろう
奴は仕事を選んだ。その事実は変わりようが無いだろう
龍也
龍也
そうですか
そうですか
麦蔵
麦蔵
おまえは本当にいいのか？　希望と言うチャンスを捨てて
おまえは本当にいいのか？　希望と言うチャンスを捨てて
龍也
龍也
僕には希望ちゃんがいなくても、駆け上がる自信があります
僕には希望ちゃんがいなくても、駆け上がる自信があります
龍也
龍也
それじゃあいけませんか
それじゃあいけませんか
麦蔵
麦蔵
期待させてもらうとしよう
期待させてもらうとしよう
龍也
龍也
では、失礼します
では、失礼します
麦蔵
麦蔵
……本当の意味で信頼関係を築けない、か
……本当の意味で信頼関係を築けない、か
麦蔵
麦蔵
確かにその通りだな……
確かにその通りだな……
麦蔵
麦蔵
話は聞いていたな、希望
話は聞いていたな、希望
希望
希望
……うん
……うん
麦蔵
麦蔵
おまえが惚れた島津と言う男は、ああ言う男だ。よく覚えておけ
おまえが惚れた島津と言う男は、ああ言う男だ。よく覚えておけ
希望
希望
うん……大丈夫。よく知ってるから
うん……大丈夫。よく知ってるから
麦蔵
麦蔵
そうか……なら、俺がどうこう言う話じゃねえな
そうか……なら、俺がどうこう言う話じゃねえな
希望
希望
ごめんね、お父さん。龍也さんとのこと……
ごめんね、お父さん。龍也さんとのこと……
麦蔵
麦蔵
俺はけして良い父親じゃないが、
俺はけして良い父親じゃないが、
嫌がる娘に強要するほど腐っているつもりもない
嫌がる娘に強要するほど腐っているつもりもない
麦蔵
麦蔵
おまえの好きにしろ。島津と付き合っていくのもいいだろう
おまえの好きにしろ。島津と付き合っていくのもいいだろう
希望
希望
ありがとう……
ありがとう……
麦蔵
麦蔵
だが、このことは暫く島津には伏せておけよ？
だが、このことは暫く島津には伏せておけよ？
それくらいする権利は、俺にもあるだろう？　ククク
それくらいする権利は、俺にもあるだろう？　ククク
麦蔵
麦蔵
これから島津を脅して脅して、脅しまくってやるぜ
これから島津を脅して脅して、脅しまくってやるぜ
希望
希望
お、お父さん。秀隆くんが死なない程度にしてあげてね？
お、お父さん。秀隆くんが死なない程度にしてあげてね？
麦蔵
麦蔵
それは約束できねぇなぁ
それは約束できねぇなぁ
希望
希望
がんばって、秀隆くん……
がんばって、秀隆くん……
麦蔵
麦蔵
明日から楽しみだぜえ、島津ぅ
明日から楽しみだぜえ、島津ぅ
麦蔵
麦蔵
島津ぅ
島津ぅ
麦蔵
麦蔵
島津ぅ～っ
島津ぅ～っ
