秀隆
秀隆
倉屋敷社長、失礼します
倉屋敷社長、失礼します
和葉
和葉
朝っぱらから何の用だよ……
朝っぱらから何の用だよ……
秀隆
秀隆
以前調査の依頼をされた、違法アンドロイド業者の目星がつきました
以前調査の依頼をされた、違法アンドロイド業者の目星がつきました
和葉
和葉
なに？
なに？
秀隆
秀隆
相手は、ドリームタウンに会社を持つ大手企業でした
相手は、ドリームタウンに会社を持つ大手企業でした
秀隆
秀隆
これから、すぐその事実を確かめに行こうと思っています
これから、すぐその事実を確かめに行こうと思っています
和葉
和葉
そうか。そういうことなら喜んで力を貸してやる
そうか。そういうことなら喜んで力を貸してやる
秀隆
秀隆
力、ですか？
力、ですか？
和葉
和葉
相手がアクセラのような違法アンドロイドを所持しているなら、
相手がアクセラのような違法アンドロイドを所持しているなら、
最悪戦闘のようなことになってもおかしくないだろ
最悪戦闘のようなことになってもおかしくないだろ
秀隆
秀隆
それは……確かに
それは……確かに
和葉
和葉
戦いになれば、おまえに勝ち目はない。
戦いになれば、おまえに勝ち目はない。
と言うよりも、純粋な戦闘でアンドロイドには勝てない
と言うよりも、純粋な戦闘でアンドロイドには勝てない
秀隆
秀隆
……そうですね
……そうですね
ユウキと戦って勝てと言われても、絶対に無理だ。
ユウキと戦って勝てと言われても、絶対に無理だ。
和葉
和葉
アンドロイドにはアンドロイドをぶつけるしかないだろ
アンドロイドにはアンドロイドをぶつけるしかないだろ
秀隆
秀隆
じゃあ、ユウキを？
じゃあ、ユウキを？
和葉
和葉
ドリームタウンって言ってたな
ドリームタウンって言ってたな
秀隆
秀隆
はい
はい
和葉
和葉
おまえは先に行ってろ。あたしはユウキが通行できるよう
おまえは先に行ってろ。あたしはユウキが通行できるよう
取り計らう
取り計らう
秀隆
秀隆
そんなことが可能なんですか？
そんなことが可能なんですか？
和葉
和葉
あたしを誰だと思ってんだ
あたしを誰だと思ってんだ
秀隆
秀隆
その一言で猛烈に納得です……
その一言で猛烈に納得です……
秀隆
秀隆
じゃあ、ユウキの携帯に待ち合わせ場所をお送りしておきます
じゃあ、ユウキの携帯に待ち合わせ場所をお送りしておきます
和葉
和葉
そうしろ
そうしろ
オレは倉屋敷社長に事情を話し、ドリームタウンへと向かった。
オレは倉屋敷社長に事情を話し、ドリームタウンへと向かった。
秀隆
秀隆
さて、それじゃ行こうか。頼りにしてるぞ、ユウキ
さて、それじゃ行こうか。頼りにしてるぞ、ユウキ
ユウキ
ユウキ
任せておけって。戦闘のプロだからな、俺は
任せておけって。戦闘のプロだからな、俺は
磯部
磯部
お、おい、これは……
お、おい、これは……
秀隆
秀隆
紹介するよ、こいつは
紹介するよ、こいつは
磯部
磯部
倉屋敷重工が作った、プロトタイプアンドロイド……
倉屋敷重工が作った、プロトタイプアンドロイド……
ユウキ
ユウキ
おりょ、俺を知ってんの？
おりょ、俺を知ってんの？
磯部
磯部
何度か雑誌で見たことがあるが……まさか知り合いだったのか
何度か雑誌で見たことがあるが……まさか知り合いだったのか
秀隆
秀隆
ちょっとしたことで知り合ったんだよ
ちょっとしたことで知り合ったんだよ
ユウキ
ユウキ
俺たちおっぱい連合さ！
俺たちおっぱい連合さ！
秀隆
秀隆
な！
な！
磯部
磯部
……倉屋敷と知り合ったのは知ってたが、
……倉屋敷と知り合ったのは知ってたが、
まさかプロトタイプとこんなに親しかったなんてな……
まさかプロトタイプとこんなに親しかったなんてな……
なんかちょっと感動してるぞ、磯部のやつ。
なんかちょっと感動してるぞ、磯部のやつ。
やっぱりアンドロイドオタクなんだな。
やっぱりアンドロイドオタクなんだな。
磯部
磯部
それで、この地図の場所はどこなんだ？
それで、この地図の場所はどこなんだ？
秀隆
秀隆
柳沢製薬が持つ倉庫の１つだ。面積はそんなに広くないけど、
柳沢製薬が持つ倉庫の１つだ。面積はそんなに広くないけど、
やろうと思えば地下への拡張くらいは出来るはずだ
やろうと思えば地下への拡張くらいは出来るはずだ
ユウキ
ユウキ
そこで違法アンドロイドへの改造が行われてるのか
そこで違法アンドロイドへの改造が行われてるのか
秀隆
秀隆
多分な
多分な
秀隆
秀隆
ずっと倉庫を借りているのに、最近は使用された痕跡もないらしい
ずっと倉庫を借りているのに、最近は使用された痕跡もないらしい
ユウキ
ユウキ
怪しいぜ
怪しいぜ
磯部
磯部
だが、そこに研究所があったとしても、
だが、そこに研究所があったとしても、
それが柳沢製薬が関与しているって証拠がなかったら？
それが柳沢製薬が関与しているって証拠がなかったら？
磯部
磯部
単純に利用されてるだけってこともあるだろ
単純に利用されてるだけってこともあるだろ
秀隆
秀隆
可能性は低いと思う。けど、最悪それでも構わない
可能性は低いと思う。けど、最悪それでも構わない
秀隆
秀隆
研究所を見つけ、それを潰すことができれば建て直しも容易じゃない
研究所を見つけ、それを潰すことができれば建て直しも容易じゃない
ユウキ
ユウキ
だな。機材を押収できたら、それだけでも大成果だ
だな。機材を押収できたら、それだけでも大成果だ
秀隆
秀隆
磯部なら分かるんじゃないか？　どれだけのことなのか
磯部なら分かるんじゃないか？　どれだけのことなのか
磯部
磯部
なるほど……確かにアンドロイドの研究は簡単じゃないか
なるほど……確かにアンドロイドの研究は簡単じゃないか
秀隆
秀隆
そう言うこと
そう言うこと
ドリームタウンの街外れ。
ドリームタウンの街外れ。
オレたちは柳沢製薬の倉庫前についた。
オレたちは柳沢製薬の倉庫前についた。
磯部
磯部
扉は当然ロックされてるが、どうするつもりなんだ？
扉は当然ロックされてるが、どうするつもりなんだ？
秀隆
秀隆
そこはほら、ユウキの出番だろ
そこはほら、ユウキの出番だろ
ユウキ
ユウキ
おっしゃ任せとけ！　って、いや、無理だし
おっしゃ任せとけ！　って、いや、無理だし
秀隆
秀隆
……無理なん？
……無理なん？
ユウキ
ユウキ
多少頑丈な扉ってくらいなら開けてみるけどさ、
多少頑丈な扉ってくらいなら開けてみるけどさ、
この扉ってどうみても、力で開けられるもんじゃないじゃん
この扉ってどうみても、力で開けられるもんじゃないじゃん
倉庫の入り口だけあって、凄まじく大きい。
倉庫の入り口だけあって、凄まじく大きい。
磯部
磯部
おまえ、何も考えてこなかったんじゃないだろうな、作戦を
おまえ、何も考えてこなかったんじゃないだろうな、作戦を
秀隆
秀隆
とりあえず……
とりあえず……
秀隆
秀隆
チャレンジだけしてみてくれよ、ユウキ
チャレンジだけしてみてくれよ、ユウキ
磯部
磯部
駄目だコイツ、何も考えてなかったんだな……
駄目だコイツ、何も考えてなかったんだな……
しまった。
しまった。
普通にユウキを連れていれば開錠の１つや２つできると思ってた。
普通にユウキを連れていれば開錠の１つや２つできると思ってた。
秀隆
秀隆
こんな落とし穴があるなんて、やるな……
こんな落とし穴があるなんて、やるな……
磯部
磯部
勝手に自爆しただけだろ……
勝手に自爆しただけだろ……
ユウキ
ユウキ
しゃーない。フルパワーであけてやるっ
しゃーない。フルパワーであけてやるっ
秀隆
秀隆
頼むぞユウキ！
頼むぞユウキ！
ユウキ
ユウキ
いくぞ！
いくぞ！
うおおおおおおおお！
うおおおおおおおお！
……ゴゴゴゴゴゴ。
……ゴゴゴゴゴゴ。
磯部
磯部
うお、本当にあいたぞ！？
うお、本当にあいたぞ！？
ユウキ
ユウキ
うおおおおおおおおおおおおおおおお！
うおおおおおおおおおおおおおおおお！
秀隆
秀隆
す、凄い。さすがユウキ、オレの作戦通りだ！
す、凄い。さすがユウキ、オレの作戦通りだ！
磯部
磯部
うそつけ！
うそつけ！
まるで、ロックなどかかっていない。
まるで、ロックなどかかっていない。
そう言わんばかりの勢いで扉が開いた。
そう言わんばかりの勢いで扉が開いた。
ユウキ
ユウキ
ふーっ
ふーっ
秀隆
秀隆
さすがユウキだな。感動したぜ
さすがユウキだな。感動したぜ
ユウキ
ユウキ
おうっ。って言うか、鍵かかってなかったし？
おうっ。って言うか、鍵かかってなかったし？
秀隆
秀隆
え……？
え……？
オレたちは３人、同時に倉庫の中に入る。
オレたちは３人、同時に倉庫の中に入る。
…………。
…………。
その倉庫は、見事なまでに空っぽだった。
その倉庫は、見事なまでに空っぽだった。
どこかに隠し階段があるとか、そう言う気配もない。
どこかに隠し階段があるとか、そう言う気配もない。
ただ空っぽの倉庫だけがあった。
ただ空っぽの倉庫だけがあった。
秀隆
秀隆
ど、どういうことだよ……
ど、どういうことだよ……
磯部
磯部
何もないじゃねえか
何もないじゃねえか
秀隆
秀隆
…………
…………
クイーンに貰った情報が、嘘だったのか？
クイーンに貰った情報が、嘘だったのか？
いや、彼女がそんな嘘をつくメリットはない。
いや、彼女がそんな嘘をつくメリットはない。
あるいは、クイーンがつかまされた情報がガセだったのか。
あるいは、クイーンがつかまされた情報がガセだったのか。
どちらにせよ、オレたちの目論見は失敗に終わった。
どちらにせよ、オレたちの目論見は失敗に終わった。
磯部
磯部
どういうことだよ。無駄足じゃねえか
どういうことだよ。無駄足じゃねえか
秀隆
秀隆
もしかしたら
もしかしたら
秀隆
秀隆
オレが高坂特務官に会った後、
オレが高坂特務官に会った後、
犯人に連絡が行って、撤去されたのかもしれない
犯人に連絡が行って、撤去されたのかもしれない
磯部
磯部
裏で繋がってるんだったら、ありえない話じゃないか
裏で繋がってるんだったら、ありえない話じゃないか
ユウキ
ユウキ
でも、機材を運ぶのも簡単じゃないぜ？
でも、機材を運ぶのも簡単じゃないぜ？
ユウキ
ユウキ
いくら倉庫区画って行っても、結構人の出入りは激しいだろ
いくら倉庫区画って行っても、結構人の出入りは激しいだろ
秀隆
秀隆
そうだな……
そうだな……
昼でも深夜でも、大掛かりな移動をすれば誰かが目撃している。
昼でも深夜でも、大掛かりな移動をすれば誰かが目撃している。
そんな怪しい真似をするとは思えないし。
そんな怪しい真似をするとは思えないし。
磯部
磯部
それに、床の埃からして、昨日今日空になった感じじゃなかった
それに、床の埃からして、昨日今日空になった感じじゃなかった
磯部
磯部
全くの見当違いだったんじゃないのか？
全くの見当違いだったんじゃないのか？
秀隆
秀隆
…………
…………
どちらにせよ、もはや後の祭りか。
どちらにせよ、もはや後の祭りか。
これ以上、オレは手がかりを持ち合わせていない。
これ以上、オレは手がかりを持ち合わせていない。
秀隆
秀隆
失敗だ……
失敗だ……
ユウキ
ユウキ
それじゃ、またな秀隆。それから磯部も
それじゃ、またな秀隆。それから磯部も
磯部
磯部
……また
……また
秀隆
秀隆
悪かったなユウキ。無理やりつき合わせたのに
悪かったなユウキ。無理やりつき合わせたのに
ユウキ
ユウキ
いいって。これも俺の仕事さ
いいって。これも俺の仕事さ
そういい、ユウキは嫌な顔ひとつせず、帰っていった。
そういい、ユウキは嫌な顔ひとつせず、帰っていった。
磯部
磯部
とりあえず、戻るか。まどかも待ってる
とりあえず、戻るか。まどかも待ってる
秀隆
秀隆
そうだな……
そうだな……
まどか
まどか
結局、倉庫には何もなかったのね
結局、倉庫には何もなかったのね
秀隆
秀隆
ああ。完全に空振りだった
ああ。完全に空振りだった
磯部
磯部
これ以上の手がかりもないし、続けようがないんじゃないか？
これ以上の手がかりもないし、続けようがないんじゃないか？
まどか
まどか
そうね。柳沢製薬が犯人だって証拠はないし、
そうね。柳沢製薬が犯人だって証拠はないし、
これ以上下手に深入りしたら、こちらが責め立てられる
これ以上下手に深入りしたら、こちらが責め立てられる
秀隆
秀隆
そうだな。いったん、この件は終わりにしよう
そうだな。いったん、この件は終わりにしよう
残念だが仕方が無い。
残念だが仕方が無い。
高坂特務官が根回ししたのだとしたら、もはやどうにもならないのだ。
高坂特務官が根回ししたのだとしたら、もはやどうにもならないのだ。
オレは帰り支度を済ませ、建物を出る。
オレは帰り支度を済ませ、建物を出る。
柳沢
柳沢
どうも、島津さん
どうも、島津さん
仕事を終え特務官官邸を出ると、柳沢社長が立っていた。
仕事を終え特務官官邸を出ると、柳沢社長が立っていた。
今日、彼の所有する倉庫への調査に行った日、
今日、彼の所有する倉庫への調査に行った日、
偶然遭遇するなんてことが、ありうるだろうか？
偶然遭遇するなんてことが、ありうるだろうか？
いや、そんなことはありえない。
いや、そんなことはありえない。
秀隆
秀隆
柳沢社長。こんなところでお会いするなんて珍しいですね
柳沢社長。こんなところでお会いするなんて珍しいですね
柳沢
柳沢
ええ。少しホープタウンに寄ることがありまして。
ええ。少しホープタウンに寄ることがありまして。
もしかしたら、島津さんにお会いできるんじゃないかと思いまして
もしかしたら、島津さんにお会いできるんじゃないかと思いまして
秀隆
秀隆
そうでしたか。でも自分に何か御用ですか？
そうでしたか。でも自分に何か御用ですか？
柳沢
柳沢
お時間は大丈夫ですか？
お時間は大丈夫ですか？
秀隆
秀隆
今から帰ろうと思っていただけですので。
今から帰ろうと思っていただけですので。
よろしければ中に入りませんか？
よろしければ中に入りませんか？
オレは柳沢社長を連れ、特務官官邸の中へ。
オレは柳沢社長を連れ、特務官官邸の中へ。
柳沢
柳沢
私は何度かホープタウンには来たことがあるんですが、
私は何度かホープタウンには来たことがあるんですが、
こうして建物の中に入ったのは初めてなんですよ
こうして建物の中に入ったのは初めてなんですよ
秀隆
秀隆
そうでしたか。こちらです
そうでしたか。こちらです
柳沢
柳沢
立派な部屋ですね
立派な部屋ですね
秀隆
秀隆
すぐお茶を用意しますので
すぐお茶を用意しますので
柳沢
柳沢
いえ、大丈夫です。少しお話をと思っただけですから
いえ、大丈夫です。少しお話をと思っただけですから
秀隆
秀隆
そうもいきません
そうもいきません
オレは急ぎ足で、コーヒーを用意しに。
オレは急ぎ足で、コーヒーを用意しに。
柳沢
柳沢
わざわざありがとうございます
わざわざありがとうございます
秀隆
秀隆
いえ。安いコーヒーですけど
いえ。安いコーヒーですけど
オレは柳沢社長の前にコーヒーを置き、正面に座った。
オレは柳沢社長の前にコーヒーを置き、正面に座った。
柳沢社長は、オレを見るわけではなく、
柳沢社長は、オレを見るわけではなく、
置かれたコーヒーをじっと見ていた。
置かれたコーヒーをじっと見ていた。
柳沢
柳沢
なるほどなるほど……興味深いですね
なるほどなるほど……興味深いですね
秀隆
秀隆
何か問題がありましたでしょうか？
何か問題がありましたでしょうか？
柳沢
柳沢
その逆です。さすがですね、島津さん
その逆です。さすがですね、島津さん
秀隆
秀隆
え？
え？
柳沢
柳沢
コーヒーに添えられた、砂糖ですよ
コーヒーに添えられた、砂糖ですよ
柳沢社長は笑い、コーヒーカップに添えられた砂糖を指差す。
柳沢社長は笑い、コーヒーカップに添えられた砂糖を指差す。
柳沢
柳沢
３つだ。私とお茶したときのことを覚えていたんですね
３つだ。私とお茶したときのことを覚えていたんですね
秀隆
秀隆
たまたまです
たまたまです
柳沢
柳沢
普通、このような箇所には目を付けない。
普通、このような箇所には目を付けない。
でもあなたは当たり前のようにそのことを覚えていた
でもあなたは当たり前のようにそのことを覚えていた
柳沢
柳沢
これは異常な洞察力とも言えるでしょう
これは異常な洞察力とも言えるでしょう
秀隆
秀隆
褒められても何も出ませんよ？
褒められても何も出ませんよ？
柳沢
柳沢
いえいえ、本当に凄いと思っているんです
いえいえ、本当に凄いと思っているんです
柳沢
柳沢
不意に私と遭遇し、１対１で話すことになった。
不意に私と遭遇し、１対１で話すことになった。
これはあなたの想定の外にあったことでしょう。
これはあなたの想定の外にあったことでしょう。
ですが、そのことを微塵も感じさせない
ですが、そのことを微塵も感じさせない
秀隆
秀隆
すみません、仰っている意味が
すみません、仰っている意味が
柳沢
柳沢
島津さんは私のことを調べていた。そうですよね？
島津さんは私のことを調べていた。そうですよね？
秀隆
秀隆
何のことですか？　さっぱり分からないんですが……
何のことですか？　さっぱり分からないんですが……
柳沢
柳沢
はははは。眉ひとつ動かさないなんて、驚きです
はははは。眉ひとつ動かさないなんて、驚きです
ぴしゃっと額を叩く。
ぴしゃっと額を叩く。
目の前に居る柳沢社長は、ずっと笑っていた。
目の前に居る柳沢社長は、ずっと笑っていた。
柳沢
柳沢
私が違法アンドロイドを研究している、と疑いになっているのでは？
私が違法アンドロイドを研究している、と疑いになっているのでは？
秀隆
秀隆
…………
…………
オレは膝に置いた手の平に汗をかく。
オレは膝に置いた手の平に汗をかく。
それを拭いたかったけど、どうもそれは出来そうにない。
それを拭いたかったけど、どうもそれは出来そうにない。
僅かに手を動かすだけで、
僅かに手を動かすだけで、
こちらのその動揺、焦りを見抜かれそうな気がしたからだ。
こちらのその動揺、焦りを見抜かれそうな気がしたからだ。
柳沢
柳沢
お調べになられたようなので、
お調べになられたようなので、
私の身の潔白は既に証明されているかと思いますが、
私の身の潔白は既に証明されているかと思いますが、
やはりコソコソとされていい気はしません
やはりコソコソとされていい気はしません
秀隆
秀隆
申し訳ありません。不快な思いを、させてしまいました
申し訳ありません。不快な思いを、させてしまいました
オレは頭を下げる。
オレは頭を下げる。
柳沢
柳沢
いえ、責めているわけではないんです。頭を上げてください
いえ、責めているわけではないんです。頭を上げてください
秀隆
秀隆
しかし―――調べていたことは、確かに事実です
しかし―――調べていたことは、確かに事実です
秀隆
秀隆
オレは、柳沢社長を疑っていました……
オレは、柳沢社長を疑っていました……
柳沢
柳沢
それで……私の身の潔白は証明されたんでしょうか？
それで……私の身の潔白は証明されたんでしょうか？
秀隆
秀隆
はい。もう、不当にお調べすることはありません
はい。もう、不当にお調べすることはありません
柳沢
柳沢
それは良かったです
それは良かったです
コーヒーに３つ砂糖を入れる。
コーヒーに３つ砂糖を入れる。
柳沢
柳沢
私がどうしてこの事実を知ったか、不思議ですか？
私がどうしてこの事実を知ったか、不思議ですか？
秀隆
秀隆
大河内代表、でしょうか
大河内代表、でしょうか
柳沢
柳沢
ん？　……ははは
ん？　……ははは
カップを持った柳沢代表の手がとまる。
カップを持った柳沢代表の手がとまる。
柳沢
柳沢
正解ですよ。私のことを心配して代表が連絡してくれました
正解ですよ。私のことを心配して代表が連絡してくれました
秀隆
秀隆
……良かったです
……良かったです
オレと柳沢社長の視線が交差する。
オレと柳沢社長の視線が交差する。
笑ったまま、でも、その逸らさない目の力強さ。
笑ったまま、でも、その逸らさない目の力強さ。
まるでオレを試しているようだ。
まるでオレを試しているようだ。
間違いない
間違いない
やっぱり、この人は違法アンドロイドの研究をしている。
やっぱり、この人は違法アンドロイドの研究をしている。
seコーヒーをテーブルに置く0
seコーヒーをテーブルに置く0
柳沢社長は結局、コーヒーを飲まず皿の上に戻した。
柳沢社長は結局、コーヒーを飲まず皿の上に戻した。
柳沢
柳沢
私は興味深いものが大好きでして。
私は興味深いものが大好きでして。
初めてお会いした時から、島津さんには強い興味を持っています
初めてお会いした時から、島津さんには強い興味を持っています
秀隆
秀隆
興味、ですか
興味、ですか
柳沢
柳沢
ええ。あなたは非常に興味深い存在です
ええ。あなたは非常に興味深い存在です
秀隆
秀隆
それほど、特別な何かを持ち合わせてはいないと思いますが
それほど、特別な何かを持ち合わせてはいないと思いますが
柳沢
柳沢
そんなことはありませんよ
そんなことはありませんよ
柳沢
柳沢
今日こうしてお会いして、大変有意義でした
今日こうしてお会いして、大変有意義でした
柳沢
柳沢
あなたとお話が出来て楽しかったですよ。島津さん
あなたとお話が出来て楽しかったですよ。島津さん
ゆっくりと立ち上がり、変わらぬ笑顔でそう言った。
ゆっくりと立ち上がり、変わらぬ笑顔でそう言った。
柳沢
柳沢
また近いうちにお会いしましょう
また近いうちにお会いしましょう
秀隆
秀隆
……はい。そうですね
……はい。そうですね
秀隆
秀隆
柳沢軍司……あの人は、何を
柳沢軍司……あの人は、何を
秀隆
秀隆
何を考えているんだ……
何を考えているんだ……
…………。
…………。
……。
……。
