希望
希望
おはよう、秀隆くん
おはよう、秀隆くん
秀隆
秀隆
おう、おはようさん……
おう、おはようさん……
なんか斬新だよな、希望が朝いるなんて。
なんか斬新だよな、希望が朝いるなんて。
自分の気になる子が朝いるってのは、殆ど経験がないからな。
自分の気になる子が朝いるってのは、殆ど経験がないからな。
恥ずかしくなるのを堪え、席に着く。
恥ずかしくなるのを堪え、席に着く。
あれから少し時間も経って、心の整理がつき始めたようだ。
あれから少し時間も経って、心の整理がつき始めたようだ。
希望
希望
昨日はありがとう
昨日はありがとう
秀隆
秀隆
気にするなよ。それに、今日も泊まっていくだろ？
気にするなよ。それに、今日も泊まっていくだろ？
希望
希望
そんな……悪いよ
そんな……悪いよ
秀隆
秀隆
オレもアクセラも、それから秋も気にしないぞ
オレもアクセラも、それから秋も気にしないぞ
希望
希望
だけど……
だけど……
秀隆
秀隆
困った時はお互い様だ。凛はしばらく泊り込みだし、
困った時はお互い様だ。凛はしばらく泊り込みだし、
恐らくドラマの方に集中したいだろう
恐らくドラマの方に集中したいだろう
秀隆
秀隆
おまえも、意地で簡単には帰るわけにはいかない。そうだよな？
おまえも、意地で簡単には帰るわけにはいかない。そうだよな？
希望
希望
うん……それは……
うん……それは……
秀隆
秀隆
らしくないな。いつもの希望なら、堂々と居座るところだろ
らしくないな。いつもの希望なら、堂々と居座るところだろ
希望
希望
私だって、デリカシーが全くないわけじゃないんだよ？
私だって、デリカシーが全くないわけじゃないんだよ？
希望
希望
秋ちゃんやアクセラさん、キズナちゃんに迷惑かけちゃうし
秋ちゃんやアクセラさん、キズナちゃんに迷惑かけちゃうし
秀隆
秀隆
どうしてそこにオレの名前はないのかな？　ん？
どうしてそこにオレの名前はないのかな？　ん？
希望
希望
だって秀隆くんは、秀隆くんだし。ね？
だって秀隆くんは、秀隆くんだし。ね？
秀隆
秀隆
いや、ね？　とか言われても全然納得は出来ないけどな
いや、ね？　とか言われても全然納得は出来ないけどな
希望
希望
……私が困った時には、助けてくれるから
……私が困った時には、助けてくれるから
秀隆
秀隆
まあ、それは否定しない。もちろん、一人の友達としてな
まあ、それは否定しない。もちろん、一人の友達としてな
希望
希望
うん、ありがと
うん、ありがと
希望
希望
じゃあ……お言葉に甘えてもいい？
じゃあ……お言葉に甘えてもいい？
秀隆
秀隆
納得するまで家にいればいい。ただし、ひとつ問題はある
納得するまで家にいればいい。ただし、ひとつ問題はある
希望
希望
問題？
問題？
秀隆
秀隆
学園には行け。平日サボることは容認しない
学園には行け。平日サボることは容認しない
希望
希望
ええ～っ
ええ～っ
不満の声が漏れる。
不満の声が漏れる。
秀隆
秀隆
凄い嫌そうだな……
凄い嫌そうだな……
希望
希望
だって、こっちで寝泊りしてるんだよ？
だって、こっちで寝泊りしてるんだよ？
そしたら、朝家を出る時間だって、凄く早くなるし
そしたら、朝家を出る時間だって、凄く早くなるし
秀隆
秀隆
当たり前だ。それでも行くしかない
当たり前だ。それでも行くしかない
希望
希望
果たして、始発に乗ったとしても間に合うのでしょうかっ？
果たして、始発に乗ったとしても間に合うのでしょうかっ？
秀隆
秀隆
間に合う。計算した
間に合う。計算した
希望
希望
う……そう言うところ、本当にしっかりしてるよね
う……そう言うところ、本当にしっかりしてるよね
秀隆
秀隆
家を７時３０分に出れば、ぎりぎりだけど間に合うから安心しろ
家を７時３０分に出れば、ぎりぎりだけど間に合うから安心しろ
希望
希望
あーでも、制服もって来てないし
あーでも、制服もって来てないし
秀隆
秀隆
恋さんに頼んで手配してもらおう
恋さんに頼んで手配してもらおう
希望
希望
そんなの悪いしさぁ
そんなの悪いしさぁ
秀隆
秀隆
そんなに学園がサボりたいのか？
そんなに学園がサボりたいのか？
希望
希望
サボりたいというか、ただ面倒って言うか。
サボりたいというか、ただ面倒って言うか。
将来は安泰なわけだし、学園の必要性はないんじゃない？
将来は安泰なわけだし、学園の必要性はないんじゃない？
秀隆
秀隆
学業は、ただ知性を養うためだけの場所じゃない。
学業は、ただ知性を養うためだけの場所じゃない。
子供が大人になるためのルールを学ぶ場所でもある
子供が大人になるためのルールを学ぶ場所でもある
秀隆
秀隆
家が金持ちだろうが貧乏だろうが、
家が金持ちだろうが貧乏だろうが、
大人になっていく希望には必要なものだ
大人になっていく希望には必要なものだ
希望
希望
うう、口では敵いそうにない……
うう、口では敵いそうにない……
秀隆
秀隆
今日のうちに、手配してもらうようにしよう
今日のうちに、手配してもらうようにしよう
希望
希望
……わかった。学園には行くね
……わかった。学園には行くね
秀隆
秀隆
よし
よし
希望
希望
だけど、私がここに居ることは伏せて貰うようにしてね
だけど、私がここに居ることは伏せて貰うようにしてね
秀隆
秀隆
大河内代表や、高坂特務官が心配するぞ
大河内代表や、高坂特務官が心配するぞ
希望
希望
でも……
でも……
秀隆
秀隆
わかった。恋さんには黙っていてもらうようにしよう
わかった。恋さんには黙っていてもらうようにしよう
希望
希望
ありがと
ありがと
秀隆
秀隆
しかし、本当に大河内代表と喧嘩したんだな
しかし、本当に大河内代表と喧嘩したんだな
希望
希望
うん。これは、私の意地の戦いだから
うん。これは、私の意地の戦いだから
秀隆
秀隆
出来れば、その意地を張った理由ってのを、教えてもらいたいところだけどな
出来れば、その意地を張った理由ってのを、教えてもらいたいところだけどな
希望
希望
……ごめん。それはやっぱり言えない。秀隆くんには
……ごめん。それはやっぱり言えない。秀隆くんには
秀隆
秀隆
オレには？
オレには？
希望
希望
あぁ、えと、他の誰にでも、だよ
あぁ、えと、他の誰にでも、だよ
秀隆
秀隆
そうか。だったら、もうおまえが話してくれるまでは聞かないよ
そうか。だったら、もうおまえが話してくれるまでは聞かないよ
秀隆
秀隆
話したいと思える時がきたら話してくれ。
話したいと思える時がきたら話してくれ。
もちろんしっかりと解決したなら、それでいいけどな
もちろんしっかりと解決したなら、それでいいけどな
希望
希望
うん。ごめんね、ありがとう
うん。ごめんね、ありがとう
秀隆
秀隆
昨日から謝りっぱなしだな
昨日から謝りっぱなしだな
希望
希望
え？　あはは、そうかも
え？　あはは、そうかも
秀隆
秀隆
後で、どこか出かけるか？　あまり遠くには行けないけどな
後で、どこか出かけるか？　あまり遠くには行けないけどな
希望
希望
いいの？
いいの？
秀隆
秀隆
希望さえよければな
希望さえよければな
オレは希望と二人で過ごすことを決めた。
オレは希望と二人で過ごすことを決めた。
秀隆
秀隆
で……なんでおまえがいるんだ？　キズナ
で……なんでおまえがいるんだ？　キズナ
キズナ
キズナ
遊びに行くと聞いて
遊びに行くと聞いて
希望
希望
私が誘っちゃいました
私が誘っちゃいました
秀隆
秀隆
ったく……
ったく……
キズナ
キズナ
ひょっとして、私はお邪魔でしたか？
ひょっとして、私はお邪魔でしたか？
秀隆
秀隆
別に、そう言うわけじゃないけどな
別に、そう言うわけじゃないけどな
キズナ
キズナ
ちょっと不服そうです。ひょっとしたらきぼうちゃんを狙っていたのかも知れませんよっ
ちょっと不服そうです。ひょっとしたらきぼうちゃんを狙っていたのかも知れませんよっ
希望
希望
あはは。そうだね
あはは。そうだね
秀隆
秀隆
だ、誰がこんなサボり癖のある子を狙うかっ！
だ、誰がこんなサボり癖のある子を狙うかっ！
キズナ
キズナ
そんなムキになって否定しなくてもいいと思います
そんなムキになって否定しなくてもいいと思います
秀隆
秀隆
う……
う……
希望
希望
何だか怪しいね
何だか怪しいね
キズナ
キズナ
怪しいですねっ
怪しいですねっ
希望はすっかり平気になったのか、キズナと冗談を交えても普通だった。
希望はすっかり平気になったのか、キズナと冗談を交えても普通だった。
特に決まった目的地はなかったが、
特に決まった目的地はなかったが、
まずは街に出てみようと言うことで、３人で向かう。
まずは街に出てみようと言うことで、３人で向かう。
希望
希望
私、前々から気になってたんだけど、ちょっと聞いてもいいかな？
私、前々から気になってたんだけど、ちょっと聞いてもいいかな？
キズナ
キズナ
なんでしょう？
なんでしょう？
希望
希望
キズナちゃんって、秋ちゃんと同じ学園なの？
キズナちゃんって、秋ちゃんと同じ学園なの？
ほら、たまに秋ちゃんと同じ制服を着てるところをみるから
ほら、たまに秋ちゃんと同じ制服を着てるところをみるから
キズナ
キズナ
あっきーの１つ下です
あっきーの１つ下です
希望
希望
そうなんだ。全然見えないね
そうなんだ。全然見えないね
キズナ
キズナ
もっと若く見えます？
もっと若く見えます？
希望
希望
見える見える
見える見える
うんうんと、頷く希望。
うんうんと、頷く希望。
まぁ、実際に下なんだけどな。
まぁ、実際に下なんだけどな。
しかし事実を伏せるためとは言え、嘘に嘘の上塗りが続いているのはよくない。
しかし事実を伏せるためとは言え、嘘に嘘の上塗りが続いているのはよくない。
どこかでそれが漏れた時、連鎖するように知られかねないからだ。
どこかでそれが漏れた時、連鎖するように知られかねないからだ。
希望なら笑って許してくれるだろうが、
希望なら笑って許してくれるだろうが、
全員が全員そうであるとは限らない。
全員が全員そうであるとは限らない。
希望
希望
キズナちゃんたちの学園の制服って可愛いよね
キズナちゃんたちの学園の制服って可愛いよね
キズナ
キズナ
きぼうちゃんのところの制服も、凄く可愛いと思います
きぼうちゃんのところの制服も、凄く可愛いと思います
希望
希望
秀隆くんはどっちが好み
秀隆くんはどっちが好み
秀隆
秀隆
どっちも大好きだ
どっちも大好きだ
希望
希望
もしどっちかなら
もしどっちかなら
秀隆
秀隆
どっちも同じくらい大好きだ
どっちも同じくらい大好きだ
希望
希望
あはは……変態だね
あはは……変態だね
秀隆
秀隆
待て待て。全然変態じゃないぞ、制服ってのはどれも素晴らしいものなんだ
待て待て。全然変態じゃないぞ、制服ってのはどれも素晴らしいものなんだ
キズナ
キズナ
神聖なモノを穢すような感じがして、凄くいいですよねっ
神聖なモノを穢すような感じがして、凄くいいですよねっ
おまえはどこの親父だ……。
おまえはどこの親父だ……。
希望
希望
どっちも良い、として。それでも優劣をつけなきゃいけないとしたら？
どっちも良い、として。それでも優劣をつけなきゃいけないとしたら？
秀隆
秀隆
どっちもじゃダメなのか
どっちもじゃダメなのか
希望
希望
例えばだよ？
例えばだよ？
前置きをして希望が説明を始める。
前置きをして希望が説明を始める。
ラスター用パターン
ラスター用パターン
ラスター用パターン
ラスター用パターン
希望
希望
秀隆くんはある時、迷宮に足を踏み入れたの
秀隆くんはある時、迷宮に足を踏み入れたの
希望
希望
その迷宮は、入れば二度と出て来られないと噂される、とんでもなく恐ろしい場所なの
その迷宮は、入れば二度と出て来られないと噂される、とんでもなく恐ろしい場所なの
キズナ
キズナ
おおお、なんだか不気味ですね
おおお、なんだか不気味ですね
希望
希望
何とかして早く脱出したい、そう思った秀隆くんは
何とかして早く脱出したい、そう思った秀隆くんは
秀隆
秀隆
ちょっと待て
ちょっと待て
希望
希望
んっ？
んっ？
秀隆
秀隆
そもそも、オレはどうしてそんな二度と出られないような迷宮に足を踏み入れたんだ？
そもそも、オレはどうしてそんな二度と出られないような迷宮に足を踏み入れたんだ？
希望
希望
え、ええっ。そこはほら、例え話だし
え、ええっ。そこはほら、例え話だし
秀隆
秀隆
例え話でもある程度リアリティを持たせてくれないと
例え話でもある程度リアリティを持たせてくれないと
希望
希望
えーっと……じゃあ、その迷宮には、最も美味しいトウモロコシがあるんだよ
えーっと……じゃあ、その迷宮には、最も美味しいトウモロコシがあるんだよ
希望
希望
それを食べるために秀隆くんは迷宮に向かっているの
それを食べるために秀隆くんは迷宮に向かっているの
ラスター用パターン
ラスター用パターン
ラスター用パターン
ラスター用パターン
希望
希望
だから、迷宮を脱出したいと思っている秀隆くんは
だから、迷宮を脱出したいと思っている秀隆くんは
秀隆
秀隆
ちょっと待て
ちょっと待て
秀隆
秀隆
既に矛盾してないか？　それ。オレは最も美味しいトウモロコシを求めて迷宮に足を踏み入れた。ここまではいい
既に矛盾してないか？　それ。オレは最も美味しいトウモロコシを求めて迷宮に足を踏み入れた。ここまではいい
秀隆
秀隆
だが、何で次の瞬間迷宮を脱出したいってことになってるんだよ
だが、何で次の瞬間迷宮を脱出したいってことになってるんだよ
希望
希望
え、えと。じゃあトウモロコシを探し求めて迷宮に入ったと言うことで
え、えと。じゃあトウモロコシを探し求めて迷宮に入ったと言うことで
秀隆
秀隆
それならよし
それならよし
ラスター用パターン
ラスター用パターン
ラスター用パターン
ラスター用パターン
希望
希望
トウモロコシを捜し求めて、秀隆くんは迷宮に入っていったんだ
トウモロコシを捜し求めて、秀隆くんは迷宮に入っていったんだ
秀隆
秀隆
ふむ……
ふむ……
希望
希望
そこは暗く直線が続いていて、凄く不気味な場所なの
そこは暗く直線が続いていて、凄く不気味な場所なの
秀隆
秀隆
迷宮なのに一直線なのか？
迷宮なのに一直線なのか？
希望
希望
だ、大丈夫。もうすぐ分岐するから
だ、大丈夫。もうすぐ分岐するから
希望
希望
やがて秀隆くんは、分かれ道にたどり着いたの。迷宮と言われるだけあって、もし間違えた道を選ぶと死んでしまうの
やがて秀隆くんは、分かれ道にたどり着いたの。迷宮と言われるだけあって、もし間違えた道を選ぶと死んでしまうの
秀隆
秀隆
ちょっと待て
ちょっと待て
秀隆
秀隆
なんで道を間違えたら死ぬんだ？
なんで道を間違えたら死ぬんだ？
希望
希望
そこは、ほら、フィクションだから？
そこは、ほら、フィクションだから？
秀隆
秀隆
オレはそんな簡単に死ぬほど軟弱じゃない
オレはそんな簡単に死ぬほど軟弱じゃない
希望
希望
もう。じゃあ、即死トラップがあるってことでいいよ
もう。じゃあ、即死トラップがあるってことでいいよ
秀隆
秀隆
即死トラップ？　例えば？
即死トラップ？　例えば？
希望
希望
感圧式のトラップで、巨大な岩が転がってくるとか、毒矢がとんでくるとか
感圧式のトラップで、巨大な岩が転がってくるとか、毒矢がとんでくるとか
すげぇ物騒な迷宮だな……。
すげぇ物騒な迷宮だな……。
希望
希望
とにかく、そう言う危険性がある分かれ道なの
とにかく、そう言う危険性がある分かれ道なの
ラスター用パターン
ラスター用パターン
ラスター用パターン
ラスター用パターン
希望
希望
それでね。ここからがやっと本題なんだけど
それでね。ここからがやっと本題なんだけど
キズナ
キズナ
本当にやっとですね
本当にやっとですね
希望
希望
その２つの分かれ道の真ん中には、『キズナちゃんのところの制服が好きなら右。私のところの制服が好きなら左
その２つの分かれ道の真ん中には、『キズナちゃんのところの制服が好きなら右。私のところの制服が好きなら左
って書かれてあったの
って書かれてあったの
秀隆
秀隆
ちょっと待て
ちょっと待て
秀隆
秀隆
なんでその迷宮に、キズナや希望の名前が書かれてある
なんでその迷宮に、キズナや希望の名前が書かれてある
秀隆
秀隆
しかも制服に関する質問だぞ。明らかに怪しいと思うだろ
しかも制服に関する質問だぞ。明らかに怪しいと思うだろ
希望
希望
そこの理由付けはなんでもいいよぉ……
そこの理由付けはなんでもいいよぉ……
秀隆
秀隆
待て。ここまで折角決めたんだから、しっかりと制定してくれ
待て。ここまで折角決めたんだから、しっかりと制定してくれ
希望
希望
じゃ、じゃあアイドルでお金を稼いだ凛ちゃんが趣味で作った
じゃ、じゃあアイドルでお金を稼いだ凛ちゃんが趣味で作った
迷宮と言うことで
迷宮と言うことで
秀隆
秀隆
即死トラップなんか仕掛けて、もし死人が出たらどう責任とるつもりだよ
即死トラップなんか仕掛けて、もし死人が出たらどう責任とるつもりだよ
希望
希望
とにかく、それを見た秀隆くんは、どっちを選ぶか、って言う話？
とにかく、それを見た秀隆くんは、どっちを選ぶか、って言う話？
秀隆
秀隆
引き返す
引き返す
希望
希望
後ろからは巨大な岩が迫って来ているの
後ろからは巨大な岩が迫って来ているの
ふふん、と逃げ道を断つ。
ふふん、と逃げ道を断つ。
秀隆
秀隆
岩の構造は？　大きさはどれくらいだ？　そもそもトラップのない道を選べば後ろからの岩をやりすごせるって保証はあるのか？
岩の構造は？　大きさはどれくらいだ？　そもそもトラップのない道を選べば後ろからの岩をやりすごせるって保証はあるのか？
希望
希望
うーっ……
うーっ……
キズナ
キズナ
それ以上は可哀想だと思います
それ以上は可哀想だと思います
秀隆
秀隆
ちょっと突っ込みすぎたか
ちょっと突っ込みすぎたか
希望
希望
ちょっとどころじゃないよ……
ちょっとどころじゃないよ……
秀隆
秀隆
要は必ず選べって事だな、その２択から
要は必ず選べって事だな、その２択から
希望
希望
そう言うことだね。どっちかな？
そう言うことだね。どっちかな？
秀隆
秀隆
そう言うことなら
そう言うことなら
秀隆
秀隆
オレは希望のとこの制服を選ぶだろうな
オレは希望のとこの制服を選ぶだろうな
キズナ
キズナ
おお、その心は？
おお、その心は？
秀隆
秀隆
ホープタウンの制服は見慣れすぎてて、新鮮味が薄いから、かな
ホープタウンの制服は見慣れすぎてて、新鮮味が薄いから、かな
秀隆
秀隆
まして普段妹の秋が着てる制服だ。
まして普段妹の秋が着てる制服だ。
色々と精神的には引っかかる部分も多い
色々と精神的には引っかかる部分も多い
キズナ
キズナ
答えを聞くために、随分時間がかかりましたねぇ
答えを聞くために、随分時間がかかりましたねぇ
希望
希望
ほんとだよ。なんか、もうどっちでもいいや、って思い始めてたし
ほんとだよ。なんか、もうどっちでもいいや、って思い始めてたし
どれだけその話題で話し込んでたんだ、ってくらい時間が経っていて、気がつけばオレたちは街にたどり着いていた。
どれだけその話題で話し込んでたんだ、ってくらい時間が経っていて、気がつけばオレたちは街にたどり着いていた。
希望
希望
さて、どうしようか？
さて、どうしようか？
キズナ
キズナ
勢いでステーションからドリームタウンにいっちゃいますか
勢いでステーションからドリームタウンにいっちゃいますか
秀隆
秀隆
いっちゃいません。つか、おまえには無理だろ
いっちゃいません。つか、おまえには無理だろ
キズナ
キズナ
勢いでいけるかと思いましたが……残念です
勢いでいけるかと思いましたが……残念です
希望
希望
気に入ってくれたんだ？
気に入ってくれたんだ？
キズナ
キズナ
はいっ。また遊びに行きたいです
はいっ。また遊びに行きたいです
希望
希望
うん、きっと近いうちいけるようになると思うよ
うん、きっと近いうちいけるようになると思うよ
オレだって、連れて行けるなら連れて行ってやりたい。
オレだって、連れて行けるなら連れて行ってやりたい。
事実、ドリームタウンには沢山遊ぶ場所もあるしな。
事実、ドリームタウンには沢山遊ぶ場所もあるしな。
唐沢
唐沢
これはこれは、随分と珍しい組み合わせだね
これはこれは、随分と珍しい組み合わせだね
秀隆
秀隆
え？
え？
ふと、後ろからの声。
ふと、後ろからの声。
唐沢
唐沢
やぁ。おはよう
やぁ。おはよう
秀隆
秀隆
唐沢さん。おはようございます
唐沢さん。おはようございます
希望
希望
おはようございますー
おはようございますー
キズナ
キズナ
おはようございますっ
おはようございますっ
オレの挨拶に続き、希望とキズナも挨拶をした。
オレの挨拶に続き、希望とキズナも挨拶をした。
唐沢
唐沢
うん、おはよう
うん、おはよう
唐沢
唐沢
大河内代表の娘さんに、キズナくんだね
大河内代表の娘さんに、キズナくんだね
希望
希望
ご無沙汰しております
ご無沙汰しております
唐沢
唐沢
島津くんと知り合いだったのは聞いていたけど、
島津くんと知り合いだったのは聞いていたけど、
まさか休日に遊びに行く仲だったなんてね
まさか休日に遊びに行く仲だったなんてね
秀隆
秀隆
縁がありまして。それ以降仲良くさせてもらってます
縁がありまして。それ以降仲良くさせてもらってます
唐沢
唐沢
うん。とてもいいことだと思う。
うん。とてもいいことだと思う。
今は街の隔たりなく、仲良くしていく時代だからね
今は街の隔たりなく、仲良くしていく時代だからね
希望
希望
唐沢代表は、キズナちゃんともお知り合いなんですね
唐沢代表は、キズナちゃんともお知り合いなんですね
唐沢
唐沢
僕は島津くんとは、昔から仲良くさせてもらっているから
僕は島津くんとは、昔から仲良くさせてもらっているから
唐沢
唐沢
その関係でキズナくんのことも知っているんだよ
その関係でキズナくんのことも知っているんだよ
希望
希望
そうなんですか。あ……なるほど
そうなんですか。あ……なるほど
ひとり納得がいったのか、希望はポンと手のヒラを叩いた。
ひとり納得がいったのか、希望はポンと手のヒラを叩いた。
希望
希望
秀隆くんが言ってたのは、唐沢代表のことだったんだね
秀隆くんが言ってたのは、唐沢代表のことだったんだね
どうやら、オレが特務官入社の経緯を思い出したらしい。
どうやら、オレが特務官入社の経緯を思い出したらしい。
秀隆
秀隆
そう言うことだ
そう言うことだ
秀隆
秀隆
唐沢さん、今日はどうされたんですか？
唐沢さん、今日はどうされたんですか？
唐沢
唐沢
僕は昨日までドリームタウンの方に足を運んでいてね。
僕は昨日までドリームタウンの方に足を運んでいてね。
今ステーションから帰ってきたところなんだ
今ステーションから帰ってきたところなんだ
それで、スーツだったり鞄を持っていたりするのか。
それで、スーツだったり鞄を持っていたりするのか。
唐沢
唐沢
それじゃ、僕はお邪魔だと思うから帰ろうかな
それじゃ、僕はお邪魔だと思うから帰ろうかな
希望
希望
そんなことありませんよ。ね？
そんなことありませんよ。ね？
キズナ
キズナ
はいです。一緒にお話しませんか？
はいです。一緒にお話しませんか？
唐沢
唐沢
え？　いやでも
え？　いやでも
秀隆
秀隆
唐沢代表は忙しいんだ。呼び止めるのも悪いだろ
唐沢代表は忙しいんだ。呼び止めるのも悪いだろ
希望
希望
まだお仕事なんですか？
まだお仕事なんですか？
唐沢
唐沢
今日はもう、休もうと思っているよ
今日はもう、休もうと思っているよ
キズナ
キズナ
なら問題ないですね。一応世間ではお休みですし
なら問題ないですね。一応世間ではお休みですし
唐沢さんは、ちょっとだけ困ったような表情を見せた。
唐沢さんは、ちょっとだけ困ったような表情を見せた。
しかし、すぐ笑顔に戻る。
しかし、すぐ笑顔に戻る。
唐沢
唐沢
じゃあ、少しだけ付き合おうかな
じゃあ、少しだけ付き合おうかな
キズナ
キズナ
やふーっ！
やふーっ！
秀隆
秀隆
こらこら……街の代表をそんな
こらこら……街の代表をそんな
秀隆
秀隆
いいんですか？
いいんですか？
オレは幾つかの意味合いを込めて聞いた。
オレは幾つかの意味合いを込めて聞いた。
街の代表として単純に目立ってしまうということ。
街の代表として単純に目立ってしまうということ。
希望といることで、何かを勘ぐられる可能性。
希望といることで、何かを勘ぐられる可能性。
そしてキズナに注目が集まってしまうこと。
そしてキズナに注目が集まってしまうこと。
唐沢
唐沢
表立った場所は難しいけど、どこかお店の中くらいなら平気さ
表立った場所は難しいけど、どこかお店の中くらいなら平気さ
どうやら、割り切って付き合うことを決めたようだ。
どうやら、割り切って付き合うことを決めたようだ。
オレたちは開店直後のラモールに足を踏み入れた。
オレたちは開店直後のラモールに足を踏み入れた。
さすがに有名店、朝早くからお客さんは多かったが、
さすがに有名店、朝早くからお客さんは多かったが、
まだ余裕を持って入ることが出来た。
まだ余裕を持って入ることが出来た。
店の一番奥、それほど目立たないところへと席を取る。
店の一番奥、それほど目立たないところへと席を取る。
唐沢
唐沢
それで、僕を誘ったのには何か理由があるのかな？
それで、僕を誘ったのには何か理由があるのかな？
希望
希望
普段聞けないようなお話とか聞けるかなと思いまして
普段聞けないようなお話とか聞けるかなと思いまして
キズナ
キズナ
私もいっぱいお聞きしたいことあります
私もいっぱいお聞きしたいことあります
秀隆
秀隆
おまえら、ちょっとは遠慮して話せ。友達に聞くんじゃないんだから
おまえら、ちょっとは遠慮して話せ。友達に聞くんじゃないんだから
唐沢
唐沢
はははは。構わないよ。僕としてもこんな可愛い子たちに聞かれたら答えざるを得ないし
はははは。構わないよ。僕としてもこんな可愛い子たちに聞かれたら答えざるを得ないし
キズナ
キズナ
えへへ
えへへ
希望
希望
てへ
てへ
秀隆
秀隆
素直に言葉を受け取れるおまえらの性格が羨ましいよ
素直に言葉を受け取れるおまえらの性格が羨ましいよ
唐沢
唐沢
今日は特別に、何でも答えて上げようかな
今日は特別に、何でも答えて上げようかな
希望
希望
なんでもいいみたいだよっ
なんでもいいみたいだよっ
秀隆
秀隆
お前らなぁ……
お前らなぁ……
秀隆
秀隆
あの、杉村さんと結婚の予定とか、あるんですか？
あの、杉村さんと結婚の予定とか、あるんですか？
唐沢
唐沢
え？
え？
秀隆
秀隆
い、いやほら。何でも聞いていいと言うことだったので
い、いやほら。何でも聞いていいと言うことだったので
希望
希望
杉村さん？
杉村さん？
唐沢
唐沢
僕の婚約者なんだよ
僕の婚約者なんだよ
秀隆
秀隆
…………
…………
付き合ってるのは聞いてたけど、既に婚約までしてたのか。
付き合ってるのは聞いてたけど、既に婚約までしてたのか。
覚悟はしていたが、オレはがくっと肩を落とした。
覚悟はしていたが、オレはがくっと肩を落とした。
希望
希望
何をされてる方なんですか？
何をされてる方なんですか？
唐沢
唐沢
病院でね、先生をしてるんだ。島津くんともちょっと関係があったんだよ
病院でね、先生をしてるんだ。島津くんともちょっと関係があったんだよ
キズナ
キズナ
不倫！？
不倫！？
秀隆
秀隆
いや、そう言う関係じゃねえよ。失礼な言い方をするなっ
いや、そう言う関係じゃねえよ。失礼な言い方をするなっ
秀隆
秀隆
オレが病院に通ってた時にお世話になったんだ
オレが病院に通ってた時にお世話になったんだ
キズナ
キズナ
なるほどです
なるほどです
唐沢
唐沢
彼女の方からは何も聞いていないかい？　もうすぐ仕事をやめることとか
彼女の方からは何も聞いていないかい？　もうすぐ仕事をやめることとか
秀隆
秀隆
え、そうなんですか？　……初耳です
え、そうなんですか？　……初耳です
唐沢
唐沢
そうか。彼女自身、君のことは一番気にかけていたからね。
そうか。彼女自身、君のことは一番気にかけていたからね。
担当医として辞めると口にするのは、抵抗を感じているのかも
担当医として辞めると口にするのは、抵抗を感じているのかも
知れない
知れない
秀隆
秀隆
もしかして、それを機に？
もしかして、それを機に？
唐沢
唐沢
結婚しようと思っている
結婚しようと思っている
希望
希望
わ、おめでとうございます
わ、おめでとうございます
唐沢
唐沢
ありがとう。でも、まだオフレコなのでその辺はよろしくね
ありがとう。でも、まだオフレコなのでその辺はよろしくね
希望
希望
はい。漏らしたりはしません
はい。漏らしたりはしません
秀隆
秀隆
そうか……杉村さん、結婚するんですね
そうか……杉村さん、結婚するんですね
キズナ
キズナ
残念そうですね
残念そうですね
秀隆
秀隆
とびきりの美人なんだぞ！　そして、あのナイスボディ……
とびきりの美人なんだぞ！　そして、あのナイスボディ……
秀隆
秀隆
絶対幸せにして上げてくださいね
絶対幸せにして上げてくださいね
唐沢
唐沢
うん。もちろんだ
うん。もちろんだ
秀隆
秀隆
くうううううっ、かっこいい……
くうううううっ、かっこいい……
さすがに街の代表は言うことが違う。
さすがに街の代表は言うことが違う。
唐沢
唐沢
君たちからは、何か質問はないのかな？
君たちからは、何か質問はないのかな？
キズナ
キズナ
実は、私気になっていることがあるんです
実は、私気になっていることがあるんです
キズナ
キズナ
ホープタウンやドリームタウン以外に、
ホープタウンやドリームタウン以外に、
発見されている街とかってないんですか？
発見されている街とかってないんですか？
思わぬ、意外なキズナからの質問。
思わぬ、意外なキズナからの質問。
キズナが気になっていることと言えば、地上のことだ。
キズナが気になっていることと言えば、地上のことだ。
もちろん希望もいる手前、そんな話は早々出来ないだろうが。
もちろん希望もいる手前、そんな話は早々出来ないだろうが。
キズナ
キズナ
ドリームタウンとは、今当たり前のように行き来していますが、
ドリームタウンとは、今当たり前のように行き来していますが、
元々はお互いが存在していることとか、分かっていなかったんですか？
元々はお互いが存在していることとか、分かっていなかったんですか？
唐沢
唐沢
中々興味深い質問だね
中々興味深い質問だね
希望
希望
私、考えたこともなかったかも
私、考えたこともなかったかも
希望
希望
でもそっか。ホープタウンがあるってことは、
でもそっか。ホープタウンがあるってことは、
それ以外の街が存在しても、おかしくはないよね……
それ以外の街が存在しても、おかしくはないよね……
二人の視線が、唐沢さんに向けられる。
二人の視線が、唐沢さんに向けられる。
唐沢
唐沢
これは君のお父さん。大河内代表も知っていることだ
これは君のお父さん。大河内代表も知っていることだ
そう前置きした上で、唐沢さんは言った。
そう前置きした上で、唐沢さんは言った。
唐沢
唐沢
実は、ホープタウンとドリームタウンからやや北西に位置する場所には、この２つの街のようにジオフロントが存在しているんだ
実は、ホープタウンとドリームタウンからやや北西に位置する場所には、この２つの街のようにジオフロントが存在しているんだ
秀隆
秀隆
ほ、本当ですか……それ
ほ、本当ですか……それ
唐沢
唐沢
この事実自体は、調べれば意外と簡単に調べられる
この事実自体は、調べれば意外と簡単に調べられる
唐沢
唐沢
ただ、存在すると言っても、直接の行き来は不可能だ
ただ、存在すると言っても、直接の行き来は不可能だ
唐沢
唐沢
最低でもそのジオフロントとは数十キロ単位で離れているからね
最低でもそのジオフロントとは数十キロ単位で離れているからね
秀隆
秀隆
…………
…………
唐沢
唐沢
事実、通信回線なんかも届くことのない距離だ
事実、通信回線なんかも届くことのない距離だ
希望
希望
じゃあ、今も稼動してる保証はないってことですね？
じゃあ、今も稼動してる保証はないってことですね？
唐沢
唐沢
うん。崩壊していることは、十分に考えられる
うん。崩壊していることは、十分に考えられる
キズナ
キズナ
でも、この街のように人々が明るく、楽しく暮らしてる可能性もあるんですね
でも、この街のように人々が明るく、楽しく暮らしてる可能性もあるんですね
唐沢
唐沢
そうだね
そうだね
唐沢
唐沢
日夜我々も、そのジオフロントの詳細を探ろうとはしているんだ。
日夜我々も、そのジオフロントの詳細を探ろうとはしているんだ。
実際に稼動しているなら、友好的な関係を築いていきたいしね
実際に稼動しているなら、友好的な関係を築いていきたいしね
秀隆
秀隆
知りませんでした……
知りませんでした……
唐沢
唐沢
このあたりは特務官が絡む話でもないから、無理はないよ
このあたりは特務官が絡む話でもないから、無理はないよ
希望
希望
なんか、凄く夢が広がるね
なんか、凄く夢が広がるね
キズナ
キズナ
はいです。とてもわくわくします
はいです。とてもわくわくします
秀隆
秀隆
オレは、何となく怖いけどな
オレは、何となく怖いけどな
キズナ
キズナ
怖い……ですか？
怖い……ですか？
秀隆
秀隆
そのジオフロントがどうなってるか分からないってことは、
そのジオフロントがどうなってるか分からないってことは、
ホープやドリームみたいに充実しているとは限らない。
ホープやドリームみたいに充実しているとは限らない。
食糧難に見舞われていて、荒廃した街の可能性だってある
食糧難に見舞われていて、荒廃した街の可能性だってある
唐沢
唐沢
うん。もちろんその通りだ
うん。もちろんその通りだ
唐沢
唐沢
だから、慎重にことを進めなければならないだろうね
だから、慎重にことを進めなければならないだろうね
希望
希望
なるほどお……
なるほどお……
秀隆
秀隆
ただ……
ただ……
秀隆
秀隆
怖い中にも、武者震いみたいなものは感じたよ
怖い中にも、武者震いみたいなものは感じたよ
秀隆
秀隆
仮にジオフロントと連絡がついて、友好関係を持つとするだろ？
仮にジオフロントと連絡がついて、友好関係を持つとするだろ？
秀隆
秀隆
そしたら特務官として、当然出番があるわけだ
そしたら特務官として、当然出番があるわけだ
唐沢
唐沢
特務官冥利に尽きる。そんなことになるかも知れないね
特務官冥利に尽きる。そんなことになるかも知れないね
秀隆
秀隆
はい
はい
その時、竹内特務官と共に戦えたら、
その時、竹内特務官と共に戦えたら、
それはある種、とてもわくわくする、キズナのような気持ちになるかも知れない。
それはある種、とてもわくわくする、キズナのような気持ちになるかも知れない。
唐沢
唐沢
ちょっとした夢のような話だろう？
ちょっとした夢のような話だろう？
希望
希望
そうですねっ
そうですねっ
唐沢
唐沢
もちろん、もしも進展があるようだったら、
もちろん、もしも進展があるようだったら、
僕たちはすぐ街の人たちに知らせて、きたるべき新しい時代に
僕たちはすぐ街の人たちに知らせて、きたるべき新しい時代に
備えるつもりだ
備えるつもりだ
キズナ
キズナ
楽しみですっ
楽しみですっ
秀隆
秀隆
思わぬ質問から、思わぬ凄い話を聞けたな
思わぬ質問から、思わぬ凄い話を聞けたな
唐沢
唐沢
何か他にはないかな？
何か他にはないかな？
希望
希望
私からもいいですか？
私からもいいですか？
唐沢
唐沢
どうぞ
どうぞ
希望
希望
秀隆くんとは、いつからお知り合いなんですか？
秀隆くんとは、いつからお知り合いなんですか？
唐沢
唐沢
島津くん？
島津くん？
希望
希望
はい。どういう関係なのかなと思いまして
はい。どういう関係なのかなと思いまして
唐沢
唐沢
うーんそうだね……
うーんそうだね……
この質問は、思ったよりも唐沢代表を困らせた。
この質問は、思ったよりも唐沢代表を困らせた。
オレたちは今表面上普通に接しているが、
オレたちは今表面上普通に接しているが、
例の件があってから未だ関係は修復しきれていない。
例の件があってから未だ関係は修復しきれていない。
唐沢
唐沢
こう見えても、彼は学生の頃凄く頭がよかったんだよ
こう見えても、彼は学生の頃凄く頭がよかったんだよ
そう切り出した。
そう切り出した。
秀隆
秀隆
て、こう見えてもって……
て、こう見えてもって……
希望
希望
へえ～。秀隆くん、頭良かったんだ
へえ～。秀隆くん、頭良かったんだ
秀隆
秀隆
今までバカだと思ってたのか？
今までバカだと思ってたのか？
希望
希望
少なくとも賢くは見えてなかったかなっ
少なくとも賢くは見えてなかったかなっ
キズナ
キズナ
普段も面白い人、ですし
普段も面白い人、ですし
唐沢
唐沢
僕もそう思う
僕もそう思う
秀隆
秀隆
ちょ、さっきから酷いですよ唐沢さんっ
ちょ、さっきから酷いですよ唐沢さんっ
唐沢
唐沢
はは、仕方ないだろう。本当のことだしね
はは、仕方ないだろう。本当のことだしね
秀隆
秀隆
うぐぐ……
うぐぐ……
唐沢
唐沢
いや、でも本当に優秀だったんだ。
いや、でも本当に優秀だったんだ。
過去を振り返っても、学生時代の島津くんより優秀な子は数えるほどしかいない
過去を振り返っても、学生時代の島津くんより優秀な子は数えるほどしかいない
希望
希望
そうなんですか……
そうなんですか……
ほえーっと聞く希望。
ほえーっと聞く希望。
唐沢
唐沢
このまま成長したら、間違いなく将来とてつもない大業をなす。そう確信した
このまま成長したら、間違いなく将来とてつもない大業をなす。そう確信した
キズナ
キズナ
ところが蓋を開けてみたら、こんな風になってしまったと
ところが蓋を開けてみたら、こんな風になってしまったと
唐沢
唐沢
そう言うことだね
そう言うことだね
秀隆
秀隆
持ち上げてから落とされた……
持ち上げてから落とされた……
希望
希望
どうしてそんなになっちゃったの？
どうしてそんなになっちゃったの？
秀隆
秀隆
今のオレが相当ひどいみたいな言い方するなっ
今のオレが相当ひどいみたいな言い方するなっ
希望
希望
少なくとも昔ほどじゃないんでしょ？
少なくとも昔ほどじゃないんでしょ？
唐沢
唐沢
彼にも触れて欲しくない部分はあるってことだろう。
彼にも触れて欲しくない部分はあるってことだろう。
落ちこぼれていく話なんて、聞かせたいとは思わないだろうしね
落ちこぼれていく話なんて、聞かせたいとは思わないだろうしね
秀隆
秀隆
ひ、ひでぇ
ひ、ひでぇ
なんて。
なんて。
唐沢さんは、オレが過去の話をしないでもいいようにしてくれていた。
唐沢さんは、オレが過去の話をしないでもいいようにしてくれていた。
秀隆
秀隆
見てろって。きっと２０年以内には出世して見せるから
見てろって。きっと２０年以内には出世して見せるから
キズナ
キズナ
随分と長いスパンですねえ
随分と長いスパンですねえ
唐沢
唐沢
２０年か。さすがに僕も現役を退いているかも知れないね
２０年か。さすがに僕も現役を退いているかも知れないね
希望
希望
私もすっかりおばあちゃんになってるんだろうなぁ
私もすっかりおばあちゃんになってるんだろうなぁ
キズナ
キズナ
私はピチピチのままに違いないですっ
私はピチピチのままに違いないですっ
希望
希望
や、それはどうかなぁ。２０年だよ？
や、それはどうかなぁ。２０年だよ？
キズナ
キズナ
う……
う……
希望
希望
いくらキズナちゃんでも、お肌の潤いとかなくなってきてるかも
いくらキズナちゃんでも、お肌の潤いとかなくなってきてるかも
なでなでとキズナの腕を触る。
なでなでとキズナの腕を触る。
もちろん、今はオレが触らずともスベスベなのが見て取れる。
もちろん、今はオレが触らずともスベスベなのが見て取れる。
希望
希望
きっとお肌のお手入れに必死なんだろうなあ
きっとお肌のお手入れに必死なんだろうなあ
キズナ
キズナ
いえっ。それでも、それでも私の肌なら、きっとこう、
いえっ。それでも、それでも私の肌なら、きっとこう、
水滴が落ちてきても、しゅぱぁん！と弾くはずです
水滴が落ちてきても、しゅぱぁん！と弾くはずです
キズナ
キズナ
だけどきぼうちゃんの肌は……水滴がべちゃぁっと……
だけどきぼうちゃんの肌は……水滴がべちゃぁっと……
希望
希望
あははは。
あははは。
えいっ
えいっ
キズナの頬っぺたを引っ張る。
キズナの頬っぺたを引っ張る。
キズナ
キズナ
はわわわ。ご、ごめんなしゃいです
はわわわ。ご、ごめんなしゃいです
唐沢
唐沢
きぼうちゃん？
きぼうちゃん？
秀隆
秀隆
希望のあだ名です。字でそう書くから、って理由らしいですが
希望のあだ名です。字でそう書くから、って理由らしいですが
秀隆
秀隆
人にあだ名を付けるのが好きなんですよ
人にあだ名を付けるのが好きなんですよ
唐沢
唐沢
へえ。じゃあ、僕にも何かつけてもらおうかな
へえ。じゃあ、僕にも何かつけてもらおうかな
キズナ
キズナ
いいですよっ。じゃあ、えーっと……
いいですよっ。じゃあ、えーっと……
キズナ
キズナ
若くて巨乳の美女を嫁にした街の独裁者、と言うのはどうでしょうか？
若くて巨乳の美女を嫁にした街の独裁者、と言うのはどうでしょうか？
唐沢
唐沢
は、はは……
は、はは……
秀隆
秀隆
それはあだ名か……？
それはあだ名か……？
しかもすげぇ悪いように聞こえるし。
しかもすげぇ悪いように聞こえるし。
キズナ
キズナ
もちろん冗談です。えっと、唐沢……なんと言うんでしょう？
もちろん冗談です。えっと、唐沢……なんと言うんでしょう？
唐沢
唐沢
浩二だよ
浩二だよ
キズナ
キズナ
浩二……うーんと、では……
浩二……うーんと、では……
キズナ
キズナ
カラコーさんですね！
カラコーさんですね！
秀隆
秀隆
ハマコーさんみたいだな……
ハマコーさんみたいだな……
希望
希望
ハマコーさんって何？
ハマコーさんって何？
秀隆
秀隆
いや、なんか、適当に言ってみた
いや、なんか、適当に言ってみた
希望
希望
あはは、何それ
あはは、何それ
唐沢
唐沢
カラコーか。なんだかちょっと複雑だね
カラコーか。なんだかちょっと複雑だね
秀隆
秀隆
気にしないほうがいいですよ。こいつのあだ名はハズレもありますから
気にしないほうがいいですよ。こいつのあだ名はハズレもありますから
唐沢
唐沢
今日は君たちと話ができて楽しかったよ
今日は君たちと話ができて楽しかったよ
希望
希望
私もです。ありがとうございました
私もです。ありがとうございました
唐沢
唐沢
また、いつでもホープタウンに遊びに来て欲しい
また、いつでもホープタウンに遊びに来て欲しい
希望
希望
はいっ
はいっ
まぁ、今は家に泊まってるんだが。
まぁ、今は家に泊まってるんだが。
キズナ
キズナ
またお喋りしましょうカラコーさん
またお喋りしましょうカラコーさん
唐沢
唐沢
う、うん。でも出来れば普通に呼んでほしいかな
う、うん。でも出来れば普通に呼んでほしいかな
唐沢
唐沢
それじゃ。島津くんもまた、来週に
それじゃ。島津くんもまた、来週に
秀隆
秀隆
はい。お疲れ様でした
はい。お疲れ様でした
オレたちは唐沢さんを見送る。
オレたちは唐沢さんを見送る。
秀隆
秀隆
おまえらは怖いもの知らずだよな
おまえらは怖いもの知らずだよな
希望
希望
うん？　別に怖い人じゃないよね？
うん？　別に怖い人じゃないよね？
秀隆
秀隆
そう言う意味じゃなくてだな……まぁいいや
そう言う意味じゃなくてだな……まぁいいや
学生に権力がどうとか、身分がどうとか言ってもしょうがないしな。
学生に権力がどうとか、身分がどうとか言ってもしょうがないしな。
希望
希望
お邪魔しまーす……
お邪魔しまーす……
そろっと、夜中希望が部屋に入ってきた。
そろっと、夜中希望が部屋に入ってきた。
希望
希望
わ、意外としっかりしてる。散らかったりしてないね
わ、意外としっかりしてる。散らかったりしてないね
秀隆
秀隆
元々散らかしたりはしないが、
元々散らかしたりはしないが、
毎日アクセラが掃除してくれてるからな
毎日アクセラが掃除してくれてるからな
希望
希望
なるほどぉ
なるほどぉ
てくてくと入ってくると、きょろきょろとあたりを見渡した。
てくてくと入ってくると、きょろきょろとあたりを見渡した。
秀隆
秀隆
適当に座れよ
適当に座れよ
希望
希望
あ、うん
あ、うん
希望は少し迷った後、ベッドの上に腰を下ろした。
希望は少し迷った後、ベッドの上に腰を下ろした。
オレはパソコンを操作しながら、後ろに声をかける。
オレはパソコンを操作しながら、後ろに声をかける。
秀隆
秀隆
やっぱり人の家だと眠れないか？　同室の人間もいるし
やっぱり人の家だと眠れないか？　同室の人間もいるし
希望
希望
キズナちゃんは凄く寝付きもいいし、全然平気。
キズナちゃんは凄く寝付きもいいし、全然平気。
むしろ私のほうが迷惑かけてるんじゃないかって不安になるよ
むしろ私のほうが迷惑かけてるんじゃないかって不安になるよ
秀隆
秀隆
あいつは賑やかな方が嬉しいから。いいんじゃないか
あいつは賑やかな方が嬉しいから。いいんじゃないか
希望
希望
だといいな
だといいな
秀隆
秀隆
それで、戻る決心はまだつかないか？
それで、戻る決心はまだつかないか？
希望
希望
うん……まだかな
うん……まだかな
秀隆
秀隆
だよな。朝、確認したばっかりだし
だよな。朝、確認したばっかりだし
希望
希望
私に早く帰って欲しい？
私に早く帰って欲しい？
秀隆
秀隆
いや……恋さんから、大河内代表のことを軽く耳に挟んだ
いや……恋さんから、大河内代表のことを軽く耳に挟んだ
希望
希望
何か変わったこと、言ってた？
何か変わったこと、言ってた？
秀隆
秀隆
何事もないくらい普通、ってさ
何事もないくらい普通、ってさ
希望
希望
さすがお父さん。多分気にもしてないんだろうなぁ
さすがお父さん。多分気にもしてないんだろうなぁ
秀隆
秀隆
それはどうかな。判断はつかない
それはどうかな。判断はつかない
秀隆
秀隆
彼は街の代表として、常に強くあろうとする人だ。
彼は街の代表として、常に強くあろうとする人だ。
娘のことで悩んでる姿を他人に見せるほど、甘い人じゃない
娘のことで悩んでる姿を他人に見せるほど、甘い人じゃない
希望
希望
じゃあ、秀隆くんはお父さんが心配してると思う？
じゃあ、秀隆くんはお父さんが心配してると思う？
秀隆
秀隆
オレ？
オレ？
オレは―――。
オレは―――。
秀隆
秀隆
思えない……かも……
思えない……かも……
希望
希望
だよねぇ
だよねぇ
秀隆
秀隆
喧嘩の内容はともかく、希望はどうすることが解決だと思ってる？
喧嘩の内容はともかく、希望はどうすることが解決だと思ってる？
希望
希望
どうすることが、解決？
どうすることが、解決？
よくわからないと、首を傾げる。
よくわからないと、首を傾げる。
秀隆
秀隆
例えば、喧嘩には必ずと言っていいほど原因があるだろ？
例えば、喧嘩には必ずと言っていいほど原因があるだろ？
秀隆
秀隆
お互いの意見が合わずに、ぶつかり合っちゃったってことなのか？
お互いの意見が合わずに、ぶつかり合っちゃったってことなのか？
希望
希望
私の主張を認めてもらいたくて、かな
私の主張を認めてもらいたくて、かな
確か、希望は言ってたっけ。
確か、希望は言ってたっけ。
自分自身の言葉が軽くなってしまう、と。
自分自身の言葉が軽くなってしまう、と。
秀隆
秀隆
なるほど。大河内代表は、それに納得しなかったんだな
なるほど。大河内代表は、それに納得しなかったんだな
希望
希望
そう言うことになるね
そう言うことになるね
つまり、喧嘩の発端は希望にある、ってことか。
つまり、喧嘩の発端は希望にある、ってことか。
大河内代表に、何かを認めさせるのは容易なことじゃない。
大河内代表に、何かを認めさせるのは容易なことじゃない。
もちろん内容にもよるが、そう易々とは解決しないかもしれないな。
もちろん内容にもよるが、そう易々とは解決しないかもしれないな。
希望
希望
このことは、私自身が解決することだから。
このことは、私自身が解決することだから。
秀隆くんは、そんなに悩んでくれなくても大丈夫だよ
秀隆くんは、そんなに悩んでくれなくても大丈夫だよ
秀隆
秀隆
そうは言っても、何か手伝えることもあるかもしれないだろ？
そうは言っても、何か手伝えることもあるかもしれないだろ？
希望
希望
どうかな……
どうかな……
秀隆
秀隆
オレじゃ、頼りないか？
オレじゃ、頼りないか？
希望
希望
あ、ううん。もちろんそれもあるけど、違うよ
あ、ううん。もちろんそれもあるけど、違うよ
秀隆
秀隆
それもあるのか！
それもあるのか！
希望
希望
これは、私が向き合うべき課題。だと、思う……
これは、私が向き合うべき課題。だと、思う……
やや自信なさげに言った。
やや自信なさげに言った。
希望
希望
だから、秀隆くんには見守っていて欲しい
だから、秀隆くんには見守っていて欲しい
希望
希望
それから……
それから……
秀隆
秀隆
それから？
それから？
希望
希望
私の寝床確保用人材として、役に立ってくれればっ
私の寝床確保用人材として、役に立ってくれればっ
肩に手を置かれ、にっこりと微笑んだ。
肩に手を置かれ、にっこりと微笑んだ。
秀隆
秀隆
あーはいはい。オレは便利屋ですよっと
あーはいはい。オレは便利屋ですよっと
希望
希望
……怒った？
……怒った？
秀隆
秀隆
え？
え？
予想外の返しに、オレは思わず素で聞き返してしまった。
予想外の返しに、オレは思わず素で聞き返してしまった。
希望
希望
あ、ううん、ごめん……私、なんか、ひどいこと言ったかなって
あ、ううん、ごめん……私、なんか、ひどいこと言ったかなって
秀隆
秀隆
なんか言ったか？　ひどいこと
なんか言ったか？　ひどいこと
希望
希望
だって……
だって……
希望
希望
あー、ダメ。なんか私、ずるい子だな……
あー、ダメ。なんか私、ずるい子だな……
秀隆
秀隆
おいおい、急にどうしたんだよ
おいおい、急にどうしたんだよ
希望
希望
秀隆くんに頼るなんて、ずるい、って思っただけ……
秀隆くんに頼るなんて、ずるい、って思っただけ……
希望
希望
困ってる私見たら、放っておくわけないのに……
困ってる私見たら、放っておくわけないのに……
希望
希望
きっと、私の顔も見たくないはずなのにね
きっと、私の顔も見たくないはずなのにね
秀隆
秀隆
いや、ちょっと待て。おまえは急に何を言ってるんだ
いや、ちょっと待て。おまえは急に何を言ってるんだ
秀隆
秀隆
オレがいつ、希望の顔も見たくないなんて言ったんだよ
オレがいつ、希望の顔も見たくないなんて言ったんだよ
希望
希望
直接は言わなくてもさ、思うでしょ？
直接は言わなくてもさ、思うでしょ？
希望
希望
私、秀隆くんの気持ちに、こたえられなかったのに……
私、秀隆くんの気持ちに、こたえられなかったのに……
秀隆
秀隆
気持ち？　……ああ、そう言うことか
気持ち？　……ああ、そう言うことか
オレはようやく、希望が何を言おうとしているのか理解する。
オレはようやく、希望が何を言おうとしているのか理解する。
秀隆
秀隆
バカだな。そんなこと気にするわけないだろ
バカだな。そんなこと気にするわけないだろ
秀隆
秀隆
まさかオレが、人を好き嫌いだけで判断してるとでも？
まさかオレが、人を好き嫌いだけで判断してるとでも？
秀隆
秀隆
確かにオレは、希望には振られたかも知れない。
確かにオレは、希望には振られたかも知れない。
でも、それと困ってる時に助けるのは全く別の話だ
でも、それと困ってる時に助けるのは全く別の話だ
秀隆
秀隆
オレは今、ここに居るのが助けを求める人なら、誰だって助ける
オレは今、ここに居るのが助けを求める人なら、誰だって助ける
希望
希望
それは分かってる。でも、だからこそ、だよ
それは分かってる。でも、だからこそ、だよ
希望
希望
私のことを嫌ってても、助けてくれるから……
私のことを嫌ってても、助けてくれるから……
希望
希望
助けてくれるって知ってて、私頼っちゃったから
助けてくれるって知ってて、私頼っちゃったから
秀隆
秀隆
あー、いや。そこも間違ってるぞ。オレは希望を嫌ってないし
あー、いや。そこも間違ってるぞ。オレは希望を嫌ってないし
希望
希望
秀隆くんは優しいから、そういってくれるよね
秀隆くんは優しいから、そういってくれるよね
秀隆
秀隆
別に優しいとか優しくないとか、関係ないだろ
別に優しいとか優しくないとか、関係ないだろ
秀隆
秀隆
オレは希望のこと好きだぞ
オレは希望のこと好きだぞ
希望
希望
え、ええっ！？
え、ええっ！？
秀隆
秀隆
そんなに慌てなくても大丈夫だ。
そんなに慌てなくても大丈夫だ。
オレが言いたいのは、人として、って意味がちゃんと付く
オレが言いたいのは、人として、って意味がちゃんと付く
秀隆
秀隆
オレだって人間だ。嫌だと思う相手と接したりはしない
オレだって人間だ。嫌だと思う相手と接したりはしない
希望
希望
私って、好かれる要素、ないと思う……
私って、好かれる要素、ないと思う……
秀隆
秀隆
あるある。沢山ある
あるある。沢山ある
希望
希望
友達とか、全然いないよ？
友達とか、全然いないよ？
秀隆
秀隆
いるだろ沢山
いるだろ沢山
希望
希望
いないよ、いや、本当に
いないよ、いや、本当に
秀隆
秀隆
なんだ、おまえは友達が１００人いないと、少ないとか思うのか？
なんだ、おまえは友達が１００人いないと、少ないとか思うのか？
秀隆
秀隆
アクセラ、秋、凛、キズナ、裕輔、愛佳、ユウキ……
アクセラ、秋、凛、キズナ、裕輔、愛佳、ユウキ……
オレが知る限りでもこれだけの友達が居る。それじゃ、少ないのか？
オレが知る限りでもこれだけの友達が居る。それじゃ、少ないのか？
希望
希望
…………
…………
秀隆
秀隆
おまえは十分皆から好かれてる。そうだろ
おまえは十分皆から好かれてる。そうだろ
希望
希望
……秀隆くん……
……秀隆くん……
秀隆
秀隆
それが分かったなら、自分を卑下するな。
それが分かったなら、自分を卑下するな。
おまえは、ちょっと人を小バカにするくらいで丁度いい
おまえは、ちょっと人を小バカにするくらいで丁度いい
秀隆
秀隆
その方が、いつもの希望らしくていいぞ
その方が、いつもの希望らしくていいぞ
希望
希望
なんか、ちょっと素直に喜べないかも
なんか、ちょっと素直に喜べないかも
秀隆
秀隆
わははは、確かにな
わははは、確かにな
秀隆
秀隆
でも、希望ってそんなキャラだしな
でも、希望ってそんなキャラだしな
希望
希望
うん……
うん……
希望
希望
やっと、秀隆くんとも友達になれそうだね
やっと、秀隆くんとも友達になれそうだね
秀隆
秀隆
おう。……今まで友達じゃなかったのかよ！
おう。……今まで友達じゃなかったのかよ！
希望
希望
親切にしてくれる顔見知り？　なんてね
親切にしてくれる顔見知り？　なんてね
秀隆
秀隆
ったく
ったく
オレはあきれながらも、笑った。
オレはあきれながらも、笑った。
秀隆
秀隆
ほらそろそろ部屋に戻れ。キズナも待ってるだろ
ほらそろそろ部屋に戻れ。キズナも待ってるだろ
希望
希望
うん
うん
すっと立ち上がると、希望は入り口へ向かった。
すっと立ち上がると、希望は入り口へ向かった。
希望
希望
また明日ね、秀隆くん
また明日ね、秀隆くん
秀隆
秀隆
ああ。お休み
ああ。お休み
希望が部屋に戻った後、携帯に恋さんからメールが届いた。
希望が部屋に戻った後、携帯に恋さんからメールが届いた。
秀隆
秀隆
よし……
よし……
オレは、恋さんにひとつ希望に黙ってお願いをしていたことがある。
オレは、恋さんにひとつ希望に黙ってお願いをしていたことがある。
恋さんの方から高坂特務官に、
恋さんの方から高坂特務官に、
希望が今、オレの家に寝泊りしていることを
希望が今、オレの家に寝泊りしていることを
教えておいてください、と連絡したのだ。
教えておいてください、と連絡したのだ。
希望が聞けば怒る話だろう。
希望が聞けば怒る話だろう。
でも、これは必要なことだと思う。
でも、これは必要なことだと思う。
大河内代表や高坂特務官にしてみれば、
大河内代表や高坂特務官にしてみれば、
大切な人が突然家出してしまったようなものなんだ。
大切な人が突然家出してしまったようなものなんだ。
当然不安になり、捜索しているはず。
当然不安になり、捜索しているはず。
不用意に傷口を広げるよりも、良いと思ったうえでの判断だ。
不用意に傷口を広げるよりも、良いと思ったうえでの判断だ。
もちろん、家には妹もいるので心配は要りません、とも伝えてある。
もちろん、家には妹もいるので心配は要りません、とも伝えてある。
ともかくこれで、余計な騒動には発展しないだろう。
ともかくこれで、余計な騒動には発展しないだろう。
だが、希望を連れ戻しに来る可能性は十分ある。
だが、希望を連れ戻しに来る可能性は十分ある。
その時は―――。
その時は―――。
…………。
…………。
……。
……。
