その日の朝は、目覚めの良い朝だった。
その日の朝は、目覚めの良い朝だった。
秀隆
秀隆
おはよう
おはよう
キズナ
キズナ
おはようございます、ひーくん
おはようございます、ひーくん
秀隆
秀隆
アクセラ、秋の体調はどうだ？
アクセラ、秋の体調はどうだ？
アクセラ
アクセラ
朝方まで熱が続いておりましたが、今は落ち着いておられます
朝方まで熱が続いておりましたが、今は落ち着いておられます
秀隆
秀隆
そうか……
そうか……
今日は幸いにも休日だし、秋にはゆっくり過ごしてもらおう。
今日は幸いにも休日だし、秋にはゆっくり過ごしてもらおう。
キズナ
キズナ
優しい顔してます
優しい顔してます
秀隆
秀隆
え？
え？
キズナ
キズナ
今、凄く優しい顔していました
今、凄く優しい顔していました
秀隆
秀隆
……そうかな
……そうかな
秀隆
秀隆
そうだとしたら、キズナのおかげだ
そうだとしたら、キズナのおかげだ
キズナ
キズナ
私は迷惑をかけただけです。危うく島津家を崩壊させてしまうところでした
私は迷惑をかけただけです。危うく島津家を崩壊させてしまうところでした
てっへーと、舌を出して言った。
てっへーと、舌を出して言った。
秀隆
秀隆
確かに、一歩間違えばそうだったか……
確かに、一歩間違えばそうだったか……
アクセラ
アクセラ
まだ解決したとは限らないのではありませんか？
まだ解決したとは限らないのではありませんか？
seコーヒーをテーブルに置く0
seコーヒーをテーブルに置く0
コトリとコーヒーが置かれる。
コトリとコーヒーが置かれる。
アクセラ
アクセラ
秋様が秀隆様をお許しになったかどうかは、まだわかりません
秋様が秀隆様をお許しになったかどうかは、まだわかりません
秀隆
秀隆
オレは、別に許されたいと思ってるわけじゃない。
オレは、別に許されたいと思ってるわけじゃない。
あいつが今まで通り生活してくれるなら、それでいいんだ
あいつが今まで通り生活してくれるなら、それでいいんだ
扉が開く音。
扉が開く音。
秋
秋
……おはようございます
……おはようございます
秋が起きて来た。
秋が起きて来た。
秀隆
秀隆
おはよう
おはよう
秋
秋
……眠いです……
……眠いです……
秀隆
秀隆
朝方まで大変だったんだろ？　寝てろよ
朝方まで大変だったんだろ？　寝てろよ
秋
秋
……いいんです
……いいんです
秀隆
秀隆
いいって、何が
いいって、何が
秋
秋
いいんです
いいんです
秀隆
秀隆
……どうやら、まだ怒ったままみたいだ
……どうやら、まだ怒ったままみたいだ
秋
秋
あれからよく考えてみましたが、
あれからよく考えてみましたが、
やはり兄さんが私にしたことは、許せることじゃありません
やはり兄さんが私にしたことは、許せることじゃありません
秀隆
秀隆
おう。覚悟の上だ
おう。覚悟の上だ
アクセラ
アクセラ
開き直るようになりましたね、秀隆様
開き直るようになりましたね、秀隆様
秀隆
秀隆
オレはもう、偽るのをやめた。それだけだ
オレはもう、偽るのをやめた。それだけだ
秋
秋
責任は取ってもらいますよ、兄さん
責任は取ってもらいますよ、兄さん
秀隆
秀隆
責任？　もちろんそのつもりだが……
責任？　もちろんそのつもりだが……
秋
秋
私が死んだら、兄さんも死んでくれるんですよね？
私が死んだら、兄さんも死んでくれるんですよね？
すたすたと台所に行くと、包丁を手に取った。
すたすたと台所に行くと、包丁を手に取った。
秀隆
秀隆
お、おいおい、冗談だろ？
お、おいおい、冗談だろ？
秋
秋
なんですか、嘘だったんですか？
なんですか、嘘だったんですか？
秀隆
秀隆
いやでもだな……
いやでもだな……
包丁を持った秋は、こちらに刃先を向けてきた。
包丁を持った秋は、こちらに刃先を向けてきた。
キズナ
キズナ
無理心中ですかっ。興奮しますね
無理心中ですかっ。興奮しますね
秀隆
秀隆
するなするな……
するなするな……
秀隆
秀隆
あの、出来れば死ぬ以外の方法でお願いしたいんですが
あの、出来れば死ぬ以外の方法でお願いしたいんですが
秋
秋
それ以外がいいんですね？
それ以外がいいんですね？
秀隆
秀隆
おまえが死なないなら、何でもいい
おまえが死なないなら、何でもいい
秀隆
秀隆
オレにとってはお前が全てなんだ、秋
オレにとってはお前が全てなんだ、秋
秋
秋
…………
…………
キズナ
キズナ
おおおお、なんですかこの変わりようは
おおおお、なんですかこの変わりようは
アクセラ
アクセラ
愛のなせる業、ということでしょうか……素敵ですね、家族って
愛のなせる業、ということでしょうか……素敵ですね、家族って
キズナ
キズナ
はい。そう思います。私もひーくんやあっきー、
はい。そう思います。私もひーくんやあっきー、
アクセラさんと信頼しあえる家族になりたいです
アクセラさんと信頼しあえる家族になりたいです
アクセラ
アクセラ
もちろん、私もそのつもりですキズナ様
もちろん、私もそのつもりですキズナ様
秀隆
秀隆
とにかく落ち着け。な？
とにかく落ち着け。な？
オレが優しく笑みを見せると、秋は一度目を伏せた。
オレが優しく笑みを見せると、秋は一度目を伏せた。
秋
秋
分かりました。じゃあ、それ以外の方法を提示することにします
分かりました。じゃあ、それ以外の方法を提示することにします
包丁を元の場所に戻す。
包丁を元の場所に戻す。
しかし、物騒な妹だな……。
しかし、物騒な妹だな……。
そんなところもまた、可愛いんだが。
そんなところもまた、可愛いんだが。
……はは、変われば変わるもんだ。
……はは、変われば変わるもんだ。
自分自身の暗示に少し驚きを隠せない。
自分自身の暗示に少し驚きを隠せない。
秀隆
秀隆
それで、オレはどうすればいい？
それで、オレはどうすればいい？
秋
秋
それは……少し考えることにします
それは……少し考えることにします
秀隆
秀隆
わかった、何でも言ってくれ
わかった、何でも言ってくれ
キズナ
キズナ
覚悟を決めましたね
覚悟を決めましたね
秀隆
秀隆
まぁな。今更、何も隠してるものもないしな
まぁな。今更、何も隠してるものもないしな
休日の朝、久しぶりに秋と朝食を食べた。
休日の朝、久しぶりに秋と朝食を食べた。
大体食事の後、秋は平日休日に関わらず部屋に戻る。
大体食事の後、秋は平日休日に関わらず部屋に戻る。
そしてオレはブレイクタイムを楽しむが、大体一人だ。
そしてオレはブレイクタイムを楽しむが、大体一人だ。
秀隆
秀隆
…………
…………
秋
秋
…………
…………
秀隆
秀隆
なにしてるんだ？
なにしてるんだ？
秋
秋
何もしていません。じっとしているだけです
何もしていません。じっとしているだけです
秀隆
秀隆
それは分かるんだが……
それは分かるんだが……
オレの前に座り、ただ静かにこちらを見ている。
オレの前に座り、ただ静かにこちらを見ている。
感情を出すわけでもなく、ただ静かに。
感情を出すわけでもなく、ただ静かに。
こんな時に限り、キズナやアクセラの姿が見えない。
こんな時に限り、キズナやアクセラの姿が見えない。
もしかしたらオレと秋を二人きりにさせようと、
もしかしたらオレと秋を二人きりにさせようと、
部屋に篭っている可能性すらある。
部屋に篭っている可能性すらある。
秀隆
秀隆
オレはコーヒーを飲んでるだけだぞ？
オレはコーヒーを飲んでるだけだぞ？
秋
秋
知ってます。休日はよくそうやって飲まれてますよね
知ってます。休日はよくそうやって飲まれてますよね
秀隆
秀隆
まぁ……コーヒーは人生の友だからな
まぁ……コーヒーは人生の友だからな
秋
秋
トウモロコシは違うんですか？
トウモロコシは違うんですか？
秀隆
秀隆
トウモロコシは家族だ
トウモロコシは家族だ
秋
秋
そうですか
そうですか
秀隆
秀隆
…………
…………
秋
秋
…………
…………
秀隆
秀隆
オレと二人きりだと、嫌じゃないか？
オレと二人きりだと、嫌じゃないか？
秋
秋
どうでしょうか……正直わかりません……
どうでしょうか……正直わかりません……
秋
秋
今、自分でそれを確かめたいのかも知れません
今、自分でそれを確かめたいのかも知れません
秀隆
秀隆
急ぐ必要はない。……オレは、いつまでも待つつもりだ
急ぐ必要はない。……オレは、いつまでも待つつもりだ
秋
秋
私には時間がありませんから……
私には時間がありませんから……
秀隆
秀隆
そんなこと言うな。まだ、そうと決まったわけじゃない
そんなこと言うな。まだ、そうと決まったわけじゃない
秋
秋
ですが……
ですが……
秀隆
秀隆
決まってない
決まってない
秋
秋
……はい……
……はい……
秀隆
秀隆
オレは部屋に戻るぞ
オレは部屋に戻るぞ
秋に断りを入れ、自室に戻る。
秋に断りを入れ、自室に戻る。
秋
秋
兄さん
兄さん
秀隆
秀隆
うお、なんだ秋
うお、なんだ秋
どうやらオレの背後をつけていたらしい。
どうやらオレの背後をつけていたらしい。
秋
秋
暫くお邪魔します
暫くお邪魔します
ベッドに腰を下ろす秋。
ベッドに腰を下ろす秋。
秀隆
秀隆
暫くお邪魔するって……オレ、昼寝しようと思ってたのに
暫くお邪魔するって……オレ、昼寝しようと思ってたのに
秋
秋
ご飯を食べた傍から寝ていたら太りますよ
ご飯を食べた傍から寝ていたら太りますよ
秀隆
秀隆
別にいいよ太ったって
別にいいよ太ったって
秋
秋
ダメです
ダメです
秀隆
秀隆
……はい
……はい
オレは椅子に腰を下ろす。
オレは椅子に腰を下ろす。
……なんか、背中から視線をビシバシ感じる。
……なんか、背中から視線をビシバシ感じる。
秀隆
秀隆
あの……何かな？　秋さん……
あの……何かな？　秋さん……
秋
秋
私、この部屋に入るの初めてじゃないですか？
私、この部屋に入るの初めてじゃないですか？
秀隆
秀隆
え？　……あーそうかもな……
え？　……あーそうかもな……
そう言えば、この家に住み始めてから秋を入れた覚えがない。
そう言えば、この家に住み始めてから秋を入れた覚えがない。
秋
秋
こんな部屋だったんですね
こんな部屋だったんですね
秀隆
秀隆
……なんか怖いんだけど
……なんか怖いんだけど
秋
秋
何がですか
何がですか
秀隆
秀隆
突然オレの背後から刺してきたりとかしそうで
突然オレの背後から刺してきたりとかしそうで
秋
秋
するわけないじゃないですか。兄さんの命は私が預かっているんですから
するわけないじゃないですか。兄さんの命は私が預かっているんですから
秀隆
秀隆
う、うん！？　仰ってる意味がよくわからないんですが……
う、うん！？　仰ってる意味がよくわからないんですが……
それって背後から刺されるより怖そうなんだが。
それって背後から刺されるより怖そうなんだが。
秋
秋
兄さんは私を傷物にしたんです。何をされても文句は言えません
兄さんは私を傷物にしたんです。何をされても文句は言えません
秀隆
秀隆
お前はお前ですっかり開き直ったわけだな……
お前はお前ですっかり開き直ったわけだな……
秀隆
秀隆
つかぬ事をお伺いしてもよろしいでしょうか？
つかぬ事をお伺いしてもよろしいでしょうか？
秋
秋
なんですか？
なんですか？
秀隆
秀隆
いつまでそうされてるおつもりなのかなと……
いつまでそうされてるおつもりなのかなと……
もう、３０分以上は一緒の空間に居る。
もう、３０分以上は一緒の空間に居る。
秋
秋
何か不服ですか
何か不服ですか
秀隆
秀隆
不服というか、落ち着かないと言うか……
不服というか、落ち着かないと言うか……
秋
秋
私にあんな酷いことをしたのに、もう根をあげるんですか
私にあんな酷いことをしたのに、もう根をあげるんですか
秀隆
秀隆
い、いえ。けしてそのようなことは
い、いえ。けしてそのようなことは
秋
秋
じゃあ我慢してください
じゃあ我慢してください
秀隆
秀隆
はい……
はい……
もしかして、こういう嫌がらせを毎日やる、とか？
もしかして、こういう嫌がらせを毎日やる、とか？
秀隆
秀隆
ぞっとするぞ……
ぞっとするぞ……
それから、また３０分くらい経った。
それから、また３０分くらい経った。
キズナ
キズナ
ひーくん、一緒に遊びに行きませんかっ？
ひーくん、一緒に遊びに行きませんかっ？
そんな矢先、救いの声が。
そんな矢先、救いの声が。
秀隆
秀隆
そうだな、せっかくの休日だし
そうだな、せっかくの休日だし
秋
秋
兄さんは今忙しいから、またにしてねキズナ
兄さんは今忙しいから、またにしてねキズナ
キズナ
キズナ
あ……はいです。お邪魔しました
あ……はいです。お邪魔しました
秀隆
秀隆
あっ
あっ
秋
秋
なんですか？　もしかして、キズナとお出かけになりたかったんですか？
なんですか？　もしかして、キズナとお出かけになりたかったんですか？
秀隆
秀隆
そういうわけじゃないんです、はい
そういうわけじゃないんです、はい
秋
秋
じゃあいいです
じゃあいいです
秀隆
秀隆
…………
…………
秋
秋
兄さん
兄さん
秀隆
秀隆
はい、なんでしょう
はい、なんでしょう
秋
秋
……嫌ですか。私といると
……嫌ですか。私といると
秀隆
秀隆
嫌とかそんなんじゃなくて、どう接していいかわからないんだよ
嫌とかそんなんじゃなくて、どう接していいかわからないんだよ
秋
秋
それは私も同じです
それは私も同じです
秀隆
秀隆
無理に、こうやって接触する必要ないんじゃないか？
無理に、こうやって接触する必要ないんじゃないか？
秀隆
秀隆
今までの距離に戻したっていいんだぞ？
今までの距離に戻したっていいんだぞ？
秋
秋
戻しません
戻しません
秀隆
秀隆
でもだなあ……
でもだなあ……
秋
秋
私も戸惑ってるんです。兄さんに、どう話しかけていいのかわからないんです
私も戸惑ってるんです。兄さんに、どう話しかけていいのかわからないんです
秋
秋
だけど……ここで下がったら、一生後悔すると思うから……
だけど……ここで下がったら、一生後悔すると思うから……
秀隆
秀隆
後悔ね……オレは、別に逃げも隠れもしないぞ
後悔ね……オレは、別に逃げも隠れもしないぞ
秋
秋
さんざん私をだましておいて、よく言います
さんざん私をだましておいて、よく言います
秀隆
秀隆
それを持ち出されると、何も言えん……
それを持ち出されると、何も言えん……
過去のオレよ、このやり方で本当に良かったのか？
過去のオレよ、このやり方で本当に良かったのか？
兄さん兄さんと無邪気に袖を引いていた可愛い秋の姿が懐かしい……。
兄さん兄さんと無邪気に袖を引いていた可愛い秋の姿が懐かしい……。
秋
秋
……兄さん
……兄さん
秀隆
秀隆
今度はなんでしょうか？
今度はなんでしょうか？
秋
秋
ドリームタウンに行きたいです
ドリームタウンに行きたいです
秀隆
秀隆
……は？
……は？
秋
秋
聞こえませんでしたか？
聞こえませんでしたか？
秀隆
秀隆
いや、聞こえたけど……まじで言ってる？
いや、聞こえたけど……まじで言ってる？
秋
秋
はい
はい
秀隆
秀隆
そりゃ、連れて行こうと思えば、まだ例のチケットは残ってるけど……
そりゃ、連れて行こうと思えば、まだ例のチケットは残ってるけど……
秀隆
秀隆
いつ行くんだ？
いつ行くんだ？
秋
秋
今からです
今からです
秀隆
秀隆
…………
…………
何故か、オレは秋とドリームタウンに行くことになった。
何故か、オレは秋とドリームタウンに行くことになった。
日帰りのため、荷物は軽装だ。
日帰りのため、荷物は軽装だ。
秋
秋
行きましょう
行きましょう
秀隆
秀隆
あー……はい
あー……はい
オレの隣に秋が腰を下ろす。
オレの隣に秋が腰を下ろす。
秀隆
秀隆
…………
…………
秋
秋
…………
…………
嫌な沈黙だ。
嫌な沈黙だ。
秋
秋
何か、落ち着きますね
何か、落ち着きますね
秀隆
秀隆
えっ！？
えっ！？
秋
秋
兄さんは、落ち着きませんか？
兄さんは、落ち着きませんか？
秀隆
秀隆
い、いやぁ、どうかな。言われてみればそんな気も……
い、いやぁ、どうかな。言われてみればそんな気も……
秋
秋
ですよね
ですよね
真顔で、こいつは何を言ってるんだ？
真顔で、こいつは何を言ってるんだ？
オレは割と、いや、凄く混乱している。
オレは割と、いや、凄く混乱している。
秀隆
秀隆
つ、着いたぞ。ドリームタウンに
つ、着いたぞ。ドリームタウンに
秋
秋
着きましたね
着きましたね
秀隆
秀隆
……これから、どうするんだ？　帰るとか言い出さないよな？
……これから、どうするんだ？　帰るとか言い出さないよな？
それならある種いつもの秋のようで安心するが。
それならある種いつもの秋のようで安心するが。
秋
秋
プールに行きたいです
プールに行きたいです
秀隆
秀隆
……プールに？
……プールに？
秀隆
秀隆
もしかして、その手に持ってるやつは
もしかして、その手に持ってるやつは
秋
秋
はい。水着です、兄さんのも持ってきました
はい。水着です、兄さんのも持ってきました
何時の間に。
何時の間に。
秀隆
秀隆
プールに行くのはいいが、おまえは無理できないだろ。
プールに行くのはいいが、おまえは無理できないだろ。
病み上がりだ
病み上がりだ
秋
秋
分かっています。無理するつもりはありません
分かっています。無理するつもりはありません
秀隆
秀隆
じゃあ、まぁ、行くか……
じゃあ、まぁ、行くか……
秋と一緒にプールに向かう。
秋と一緒にプールに向かう。
秋
秋
どうして私が、プールに行きたいって言ったか、わかりませんよね？
どうして私が、プールに行きたいって言ったか、わかりませんよね？
秀隆
秀隆
正直に言って、まったくわからん
正直に言って、まったくわからん
秋
秋
あの時……皆と遊びに行ったとき、私は楽しくなかったです
あの時……皆と遊びに行ったとき、私は楽しくなかったです
秋
秋
表面上、何とか取り繕ってはいましたけど、苦痛で仕方なかったんです
表面上、何とか取り繕ってはいましたけど、苦痛で仕方なかったんです
秀隆
秀隆
……そうか
……そうか
何となくは感じていたことだ。
何となくは感じていたことだ。
秋は、アクセラの一件以来、再び死に対する渇望みたいなものを感じ始めていた。
秋は、アクセラの一件以来、再び死に対する渇望みたいなものを感じ始めていた。
秋
秋
だから……ちゃんと、遊びに行きたかったんです
だから……ちゃんと、遊びに行きたかったんです
秀隆
秀隆
前向きにとらえてもいいのか？　その考え方は
前向きにとらえてもいいのか？　その考え方は
秀隆
秀隆
満足したからもう死んでもいいとか、言いださないだろうな？
満足したからもう死んでもいいとか、言いださないだろうな？
秋
秋
不安ですか？
不安ですか？
秀隆
秀隆
ああ、凄く不安だよ
ああ、凄く不安だよ
秋
秋
安心してください。今、そんなことは考えていません
安心してください。今、そんなことは考えていません
秀隆
秀隆
信じていいんだな？
信じていいんだな？
秋
秋
はい
はい
秀隆
秀隆
わかった。おまえを信じる
わかった。おまえを信じる
秋
秋
随分、あっさりと信じたんですね
随分、あっさりと信じたんですね
秀隆
秀隆
おまえは、簡単に約束を破るような奴じゃない
おまえは、簡単に約束を破るような奴じゃない
秀隆
秀隆
そんなことは、昔から知ってる
そんなことは、昔から知ってる
秋
秋
……そう、ですか……
……そう、ですか……
秀隆
秀隆
じゃあ行くか
じゃあ行くか
秋
秋
ま、待ってください
ま、待ってください
秀隆
秀隆
どした
どした
踏み出そうとするオレを呼び止める。
踏み出そうとするオレを呼び止める。
秋
秋
……手を握ってください
……手を握ってください
秀隆
秀隆
…………
…………
秀隆
秀隆
はあ？
はあ？
秋
秋
ですから、手を握ってください
ですから、手を握ってください
秀隆
秀隆
なんで……？
なんで……？
秋
秋
そうしてほしいからです
そうしてほしいからです
秀隆
秀隆
おまえは子供か。今更手なんか繋げるかよ
おまえは子供か。今更手なんか繋げるかよ
秋
秋
何でもする、と言う言葉は嘘だったんですね
何でもする、と言う言葉は嘘だったんですね
秀隆
秀隆
……またそれを持ち出すだろ
……またそれを持ち出すだろ
秋
秋
私はその言葉を信じたからこそ、前向きに頑張ろうと思ってるのに
私はその言葉を信じたからこそ、前向きに頑張ろうと思ってるのに
秀隆
秀隆
わかった、わかったよ。繋ぐ、繋げばいいんだろ
わかった、わかったよ。繋ぐ、繋げばいいんだろ
秋
秋
嫌そうに繋がないでくださいね
嫌そうに繋がないでくださいね
秀隆
秀隆
ああいえばこういうやつだな……
ああいえばこういうやつだな……
秋
秋
はい
はい
そういい、秋はシェイクハンドを求めるように差し出した。
そういい、秋はシェイクハンドを求めるように差し出した。
秀隆
秀隆
……はい
……はい
それを繋ぐ。
それを繋ぐ。
そして上下に。
そして上下に。
秀隆
秀隆
交渉成立
交渉成立
秋
秋
何言ってるんですか
何言ってるんですか
秀隆
秀隆
特務官ごっこだ
特務官ごっこだ
秋
秋
……はぁ
……はぁ
秀隆
秀隆
……行くぞ
……行くぞ
オレは歩き出す。
オレは歩き出す。
手を繋ぐというか、引っ張って誘導するように。
手を繋ぐというか、引っ張って誘導するように。
秋の手は、ずっとずっと小さい。
秋の手は、ずっとずっと小さい。
何とか、こっぱずかしい思いをしながらもプールについた。
何とか、こっぱずかしい思いをしながらもプールについた。
秀隆
秀隆
よし、じゃあ手を離すぞ
よし、じゃあ手を離すぞ
秋
秋
ダメです。誰が離していいって言いましたか？
ダメです。誰が離していいって言いましたか？
秀隆
秀隆
離さなきゃプールには入れないだろ。水着にも着替えられないし
離さなきゃプールには入れないだろ。水着にも着替えられないし
秋
秋
……そうですね
……そうですね
秋は、少し名残惜しそうに手を離した。
秋は、少し名残惜しそうに手を離した。
そして、何故かその手をじっと見ている。
そして、何故かその手をじっと見ている。
秀隆
秀隆
なんだ？
なんだ？
秋
秋
……いえ
……いえ
秋
秋
じゃあ、着替えてくるので
じゃあ、着替えてくるので
秀隆
秀隆
ここに集合でいいな？
ここに集合でいいな？
秋
秋
はい
はい
秀隆
秀隆
……わからん。あいつが何を考えてるのか、８年間で一番わからん……
……わからん。あいつが何を考えてるのか、８年間で一番わからん……
着替えを終えたオレは、ぼけーっとその場所で待っていた。
着替えを終えたオレは、ぼけーっとその場所で待っていた。
秀隆
秀隆
遅い……
遅い……
もう、３０分は経つ。
もう、３０分は経つ。
女の子の着替えに時間がかかるのは分かってるが、それにしても長い。
女の子の着替えに時間がかかるのは分かってるが、それにしても長い。
秀隆
秀隆
まさか！？
まさか！？
体調を悪くして倒れた？
体調を悪くして倒れた？
秀隆
秀隆
秋っ！
秋っ！
秋
秋
……はい
……はい
秀隆
秀隆
うぺかかとろんぼ！？
うぺかかとろんぼ！？
後ろを振り返ると、そこに秋が立っていた。
後ろを振り返ると、そこに秋が立っていた。
秀隆
秀隆
おまえな、居るならさっさと話しかけろよ！
おまえな、居るならさっさと話しかけろよ！
秋
秋
それは……
それは……
秀隆
秀隆
ん？
ん？
秋は、何故か頬を赤らめ身体をくねらせた。
秋は、何故か頬を赤らめ身体をくねらせた。
秋
秋
思っていたよりも、ずっと水着が……その……
思っていたよりも、ずっと水着が……その……
秀隆
秀隆
水着がなんだよ
水着がなんだよ
秋
秋
……恥ずかしかったからです……
……恥ずかしかったからです……
秀隆
秀隆
なんだ、そんなことか
なんだ、そんなことか
秀隆
秀隆
…………
…………
秋
秋
…………
…………
秋の水着姿。
秋の水着姿。
前に来た時は、気にもとめていなかったが。
前に来た時は、気にもとめていなかったが。
秋の身体のライン。
秋の身体のライン。
こいつも、段々と大人になってるんだな……。
こいつも、段々と大人になってるんだな……。
秋
秋
ど、どうですか？
ど、どうですか？
秀隆
秀隆
まぁ、ぼちぼちじゃないか？　うん
まぁ、ぼちぼちじゃないか？　うん
秋
秋
……点数で言うと、何点ですか
……点数で言うと、何点ですか
秀隆
秀隆
何点って……８０？
何点って……８０？
秋
秋
…………
…………
秀隆
秀隆
え、あれ、オレ、なんか悪いこといった？
え、あれ、オレ、なんか悪いこといった？
秋
秋
いえ……別に
いえ……別に
明らかに殺気のこもった目つきをしていらっしゃるんですが……。
明らかに殺気のこもった目つきをしていらっしゃるんですが……。
８０って、かなりの高得点だと思うんだが……。
８０って、かなりの高得点だと思うんだが……。
まさか１００点とか言ってほしかったのか？
まさか１００点とか言ってほしかったのか？
秋
秋
えっと、どうすればいいんですか
えっと、どうすればいいんですか
秀隆
秀隆
なにが
なにが
秋
秋
このまま入ってもいいんでしょうか
このまま入ってもいいんでしょうか
秀隆
秀隆
あぁ、うん。別にいいんじゃねえか？
あぁ、うん。別にいいんじゃねえか？
オレは、秋より先にプールの中に。
オレは、秋より先にプールの中に。
秀隆
秀隆
ほら、おまえも入れ
ほら、おまえも入れ
秋
秋
……わかりました
……わかりました
秋がつまさきを恐る恐る水面につける。
秋がつまさきを恐る恐る水面につける。
そして……。
そして……。
秋
秋
きゃっ！
きゃっ！
加減が分からなかったのか、そのまま一気に体をプール側へ倒してしまった。
加減が分からなかったのか、そのまま一気に体をプール側へ倒してしまった。
秀隆
秀隆
危なっ
危なっ
オレは慌てて秋の前に回り込み、素早く抱きとめる。
オレは慌てて秋の前に回り込み、素早く抱きとめる。
秋
秋
す、すみません……
す、すみません……
秀隆
秀隆
おまえな、もうちょっと考えろよ
おまえな、もうちょっと考えろよ
秋
秋
……はい……
……はい……
秀隆
秀隆
…………
…………
秋
秋
…………
…………
密着したままの二人。
密着したままの二人。
秀隆
秀隆
あの、もう大丈夫だろ？
あの、もう大丈夫だろ？
秋
秋
そうですね……はい……
そうですね……はい……
ススっとオレは距離を取った。
ススっとオレは距離を取った。
秋
秋
大勢の人と一緒に入るなんて、妙な気分です
大勢の人と一緒に入るなんて、妙な気分です
オレたちは、泳ぐわけでもなく、ウォータースライダーのような
オレたちは、泳ぐわけでもなく、ウォータースライダーのような
遊具で遊ぶわけでもなく。
遊具で遊ぶわけでもなく。
そして、多くの会話をするわけでもなく。
そして、多くの会話をするわけでもなく。
ゆったりとした時間を過ごした。
ゆったりとした時間を過ごした。
秋
秋
ちょっとだけ疲れました
ちょっとだけ疲れました
秀隆
秀隆
おまえは運動できないんだから、無理したらダメだろ
おまえは運動できないんだから、無理したらダメだろ
オレは、プールの中に居る秋の手を持つ。
オレは、プールの中に居る秋の手を持つ。
梯子に手をかける秋を誘導するように、ゆっくりと地面へ。
梯子に手をかける秋を誘導するように、ゆっくりと地面へ。
秋
秋
……ありがとうございます
……ありがとうございます
秀隆
秀隆
別に、お礼を言われるようなことじゃない
別に、お礼を言われるようなことじゃない
オレが掴んだ秋の手。
オレが掴んだ秋の手。
秋は、その手をじっと見ていた。
秋は、その手をじっと見ていた。
秀隆
秀隆
悪い……
悪い……
なんか気恥ずかしくなって外そうと思ったが、秋がぎゅっと握った。
なんか気恥ずかしくなって外そうと思ったが、秋がぎゅっと握った。
秋
秋
兄さん、優しいですね……
兄さん、優しいですね……
秋
秋
私は……この優しさに……５年も、気づかなかったんですよね
私は……この優しさに……５年も、気づかなかったんですよね
秀隆
秀隆
それは言いっこなしだ。何度も言うが、
それは言いっこなしだ。何度も言うが、
オレは気づかれないために必死だったんだ。お前は何も悪くない
オレは気づかれないために必死だったんだ。お前は何も悪くない
秋
秋
悪いとか、悪くないとか、そういう問題だけじゃないんです
悪いとか、悪くないとか、そういう問題だけじゃないんです
秋
秋
すごく、すごく勿体ないなって。そう、おもっただけです
すごく、すごく勿体ないなって。そう、おもっただけです
秀隆
秀隆
秋……
秋……
秋
秋
あ……
あ……
かくんと、膝が折れる秋。
かくんと、膝が折れる秋。
秀隆
秀隆
っと
っと
オレは、慌てて体を支える。
オレは、慌てて体を支える。
水着だから、どうしても秋の身体に触れてしまう。
水着だから、どうしても秋の身体に触れてしまう。
秀隆
秀隆
……休もうか
……休もうか
秋
秋
はい。兄さん
はい。兄さん
プールサイドに腰を下ろして、オレたちは休憩することにした。
プールサイドに腰を下ろして、オレたちは休憩することにした。
その間も、大勢の客たちは大はしゃぎだ。
その間も、大勢の客たちは大はしゃぎだ。
秋
秋
私がいると、こんなふうになってしまいますね
私がいると、こんなふうになってしまいますね
秀隆
秀隆
なんだ。またネガティブな話か？
なんだ。またネガティブな話か？
秋
秋
こんな私と一緒に遊ぶなんて、嫌じゃないですか？
こんな私と一緒に遊ぶなんて、嫌じゃないですか？
秀隆
秀隆
嫌だと思うようなら、オレはお前と一緒になんていない
嫌だと思うようなら、オレはお前と一緒になんていない
秀隆
秀隆
適当な誰かと騒いで遊ぶより、
適当な誰かと騒いで遊ぶより、
おまえの傍に居て静かにしてる方がよっぽど有意義だ
おまえの傍に居て静かにしてる方がよっぽど有意義だ
秋
秋
そうですか……
そうですか……
秀隆
秀隆
体力が回復したら、ぐるっと一周歩いて回るか
体力が回復したら、ぐるっと一周歩いて回るか
秋
秋
はいっ
はいっ
…………。
…………。
最初は戸惑ったが、結局一日はあっと言う間に過ぎてしまった。
最初は戸惑ったが、結局一日はあっと言う間に過ぎてしまった。
オレと秋は、名残惜しさを感じつつも、ホープタウンへ。
オレと秋は、名残惜しさを感じつつも、ホープタウンへ。
秀隆
秀隆
あとは家に帰るだけだな
あとは家に帰るだけだな
秋
秋
今日は、ありがとうございました……私、やっと理解できた気がします
今日は、ありがとうございました……私、やっと理解できた気がします
秀隆
秀隆
理解？　なにをだ？
理解？　なにをだ？
秋
秋
……今日の夜、私の話を聞いてくれませんか？
……今日の夜、私の話を聞いてくれませんか？
秀隆
秀隆
別に今でもいいんだぞ？
別に今でもいいんだぞ？
秋
秋
いえ……今から、一人で行きたいところがあるんです
いえ……今から、一人で行きたいところがあるんです
秀隆
秀隆
危ないことはしないな？
危ないことはしないな？
秋
秋
もちろんです。信じてください
もちろんです。信じてください
秀隆
秀隆
わかった。じゃあ、家で待ってる
わかった。じゃあ、家で待ってる
秋
秋
はい。ありがとうございます
はい。ありがとうございます
私は一人になった後、携帯電話を握りしめた。
私は一人になった後、携帯電話を握りしめた。
秋
秋
私……愛佳に謝らなきゃいけないことがあるの……
私……愛佳に謝らなきゃいけないことがあるの……
愛佳
愛佳
謝ること？　秋ちゃんがあたしに？　なんだろ……
謝ること？　秋ちゃんがあたしに？　なんだろ……
秋
秋
…………
…………
愛佳
愛佳
何か話しづらいことなの？
何か話しづらいことなの？
秋
秋
その……
その……
秋
秋
私は……この５年間、ずっと兄さんを恨んできた
私は……この５年間、ずっと兄さんを恨んできた
愛佳
愛佳
あ……
あ……
秋
秋
私のこと、殴って……傷つけて。なのに、自分はそのことを全部忘れてて……
私のこと、殴って……傷つけて。なのに、自分はそのことを全部忘れてて……
秋
秋
でも、本当は違ってた
でも、本当は違ってた
秋
秋
誰よりも、私のことを大切に想ってくれていた……
誰よりも、私のことを大切に想ってくれていた……
愛佳
愛佳
じゃあ、ちゃんと仲直り出来たんだ？
じゃあ、ちゃんと仲直り出来たんだ？
秋
秋
……うん……
……うん……
秋
秋
私、自分が恥ずかしい……自分が見っともない。
私、自分が恥ずかしい……自分が見っともない。
兄さんは、全部を犠牲にして、私の悲しみも、恨みも、一人で背負ってた
兄さんは、全部を犠牲にして、私の悲しみも、恨みも、一人で背負ってた
愛佳
愛佳
秋ちゃんが気にすること、ないんじゃないかな？
秋ちゃんが気にすること、ないんじゃないかな？
秋
秋
え……？
え……？
愛佳
愛佳
先生は秋ちゃんのことが、凄く大切だった。
先生は秋ちゃんのことが、凄く大切だった。
だから今日まで、憎まれ役を買って、秋ちゃんを嫌いだと
だから今日まで、憎まれ役を買って、秋ちゃんを嫌いだと
演じ続けて来たんだよね
演じ続けて来たんだよね
秋
秋
うん……
うん……
愛佳
愛佳
先生は秋ちゃんに恨まれてたことで、責めた？
先生は秋ちゃんに恨まれてたことで、責めた？
秋
秋
ううん……
ううん……
愛佳
愛佳
だよね。先生は、きっと何も不満なんてなかったと思う。
だよね。先生は、きっと何も不満なんてなかったと思う。
秋ちゃんが生きていてくれたこと、それが先生にとって、幸せなことだったはずだから
秋ちゃんが生きていてくれたこと、それが先生にとって、幸せなことだったはずだから
愛佳
愛佳
このことで秋ちゃんが責任を感じてたら、きっと先生は悲しむよ
このことで秋ちゃんが責任を感じてたら、きっと先生は悲しむよ
秋
秋
……うん……
……うん……
愛佳
愛佳
あ、でも、そのこととあたしって関係あるのかな。
あ、でも、そのこととあたしって関係あるのかな。
あたしは凄く良いことの話に思えるんだけど……
あたしは凄く良いことの話に思えるんだけど……
秋
秋
私……胸が痛いの……
私……胸が痛いの……
秋
秋
自分勝手だってことは十分わかってる。でも、それでも胸が痛いの……
自分勝手だってことは十分わかってる。でも、それでも胸が痛いの……
秋
秋
思い出した……兄さんと出会った日のこと。私が一人でふさぎ込んでいる時、いつも助けてくれていた兄さんのこと……。兄さんに彼女が出来た時、一人で泣いて、悲しくて、辛かったこと……
思い出した……兄さんと出会った日のこと。私が一人でふさぎ込んでいる時、いつも助けてくれていた兄さんのこと……。兄さんに彼女が出来た時、一人で泣いて、悲しくて、辛かったこと……
秋
秋
兄さんが心を痛めながら、私を生かそうと必死だったこと……
兄さんが心を痛めながら、私を生かそうと必死だったこと……
愛佳
愛佳
秋ちゃん……
秋ちゃん……
秋
秋
思い出したの。今になって、
思い出したの。今になって、
兄さんのことが大好きだったってこと……！
兄さんのことが大好きだったってこと……！
秋
秋
誰にも渡したくない……
誰にも渡したくない……
秋
秋
アクセラにも、凛さんにも、まどかさんにも……
アクセラにも、凛さんにも、まどかさんにも……
秋
秋
愛佳にも……
愛佳にも……
愛佳
愛佳
…………
…………
秋
秋
どうして、今になって思いだしたんだろ……
どうして、今になって思いだしたんだろ……
秋
秋
もう、遅いのに……遅いってわかってるのに……
もう、遅いのに……遅いってわかってるのに……
思い出しちゃったの……
思い出しちゃったの……
愛佳
愛佳
遅くなんて、ないよ
遅くなんて、ないよ
愛佳
愛佳
あたし、先生のこと好きだよ。ほんとに好き
あたし、先生のこと好きだよ。ほんとに好き
秋
秋
っ……
っ……
愛佳
愛佳
先生って女の子が好きだから。
先生って女の子が好きだから。
あたし、振り向いてもらえるかもってずっと頑張ってた
あたし、振り向いてもらえるかもってずっと頑張ってた
愛佳
愛佳
でも、なんでか相手にしてもらえなくて。なんでだろうってずっと考えてた
でも、なんでか相手にしてもらえなくて。なんでだろうってずっと考えてた
愛佳
愛佳
やっとわかった。なんであたしじゃダメなのか
やっとわかった。なんであたしじゃダメなのか
愛佳
愛佳
きっと先生は、あたしに秋ちゃんを重ねていたんだと思う
きっと先生は、あたしに秋ちゃんを重ねていたんだと思う
愛佳
愛佳
ほら、共通点って意外と多いじゃない？
ほら、共通点って意外と多いじゃない？
お兄ちゃんが居て、過去に暴力を振るわれたことがあって……
お兄ちゃんが居て、過去に暴力を振るわれたことがあって……
愛佳
愛佳
それでいて、お兄ちゃんが大好きなところとか
それでいて、お兄ちゃんが大好きなところとか
秋
秋
愛佳……
愛佳……
愛佳
愛佳
他の人ならともかく、秋ちゃんが相手じゃ白旗、降参かな
他の人ならともかく、秋ちゃんが相手じゃ白旗、降参かな
愛佳
愛佳
きっと先生の秋ちゃんに対する思いは、変えられないから
きっと先生の秋ちゃんに対する思いは、変えられないから
秋
秋
ごめん、ごめんね、愛佳……私、酷い性格してる……友達失格だよ……
ごめん、ごめんね、愛佳……私、酷い性格してる……友達失格だよ……
愛佳
愛佳
やだ。やめてよ。あたしは秋ちゃんが友達でよかったと思ってる。
やだ。やめてよ。あたしは秋ちゃんが友達でよかったと思ってる。
こんなあたしに、友達がいる楽しさや嬉しさを教えてくれたのは秋ちゃんだよ？
こんなあたしに、友達がいる楽しさや嬉しさを教えてくれたのは秋ちゃんだよ？
愛佳
愛佳
これからも、ずっとずっと、友達でいてほしい
これからも、ずっとずっと、友達でいてほしい
秋
秋
いいの……？　こんな私で……
いいの……？　こんな私で……
愛佳
愛佳
もちろん！
もちろん！
秋
秋
……ありがとう……ありがとう、愛佳……
……ありがとう……ありがとう、愛佳……
秀隆
秀隆
遅いな……
遅いな……
時刻は、夜の１１時を回った。
時刻は、夜の１１時を回った。
秀隆
秀隆
まさか寝てるとか？　それならそれで別にいいんだけど……
まさか寝てるとか？　それならそれで別にいいんだけど……
あれこれ思案していると、部屋の扉が開いた。
あれこれ思案していると、部屋の扉が開いた。
秋
秋
ごめんなさい。遅くなりました
ごめんなさい。遅くなりました
秀隆
秀隆
いや、別に。仕事してたし気にするなよ
いや、別に。仕事してたし気にするなよ
秋
秋
入ってもいいですか
入ってもいいですか
秀隆
秀隆
もちろん
もちろん
秋が部屋に入ると、少し遠慮がちにベッドに座った。
秋が部屋に入ると、少し遠慮がちにベッドに座った。
秀隆
秀隆
……あー、っと……。それで話って？
……あー、っと……。それで話って？
秋
秋
出来れば、私の隣で……
出来れば、私の隣で……
秀隆
秀隆
……わかった
……わかった
オレは椅子から立ち上がり、秋の隣に腰を下ろす。
オレは椅子から立ち上がり、秋の隣に腰を下ろす。
秋は風呂に入っていたのか、少しだけ髪が濡れていた。
秋は風呂に入っていたのか、少しだけ髪が濡れていた。
秋
秋
今日、兄さんと遊んだあと、どこに行ったか分かりますか？
今日、兄さんと遊んだあと、どこに行ったか分かりますか？
秀隆
秀隆
いや……どこに行ってたんだ？
いや……どこに行ってたんだ？
秋
秋
愛佳と、会っていたんです
愛佳と、会っていたんです
秀隆
秀隆
なんだ。別に普通のことじゃないか
なんだ。別に普通のことじゃないか
秋
秋
お話をしてきました。兄さんとのこと
お話をしてきました。兄さんとのこと
秋
秋
私が、兄さんの気持ちに気づいてあげられなかったこと
私が、兄さんの気持ちに気づいてあげられなかったこと
秀隆
秀隆
だからそれは……
だからそれは……
秋
秋
全部、伝えてきました
全部、伝えてきました
秀隆
秀隆
……そっか。それで、愛佳はなんて？
……そっか。それで、愛佳はなんて？
秋
秋
兄さんを諦めると
兄さんを諦めると
秀隆
秀隆
そうか。……待て、意味がわからん。どうしてそう言う話になる？
そうか。……待て、意味がわからん。どうしてそう言う話になる？
秀隆
秀隆
オレとの誤解が、どうして諦めるって話に繋がるんだ？
オレとの誤解が、どうして諦めるって話に繋がるんだ？
秋
秋
愛佳が兄さんのことを好きだったのは、気づいてましたよね？
愛佳が兄さんのことを好きだったのは、気づいてましたよね？
秀隆
秀隆
……さぁ。嫌われてないってことくらいは
……さぁ。嫌われてないってことくらいは
秋
秋
正直に言ってください
正直に言ってください
秀隆
秀隆
気づいてました
気づいてました
秋
秋
だから、私も言いました。兄さんのことが、好きだって
だから、私も言いました。兄さんのことが、好きだって
秀隆
秀隆
そうか……
そうか……
え？
え？
秋
秋
……自分勝手なのは、十分分かってます。
……自分勝手なのは、十分分かってます。
昨日の今日まで、ずっと兄さんを恨んできたのに……
昨日の今日まで、ずっと兄さんを恨んできたのに……
秋
秋
自分で自分が信じられないんです。
自分で自分が信じられないんです。
兄さんに抱いていたはずの嫌な気持ちが、全部変わっていくんです
兄さんに抱いていたはずの嫌な気持ちが、全部変わっていくんです
秋
秋
こうして隣にいるだけで、鼓動が早くなってしまう……
こうして隣にいるだけで、鼓動が早くなってしまう……
秋
秋
兄さんを好きな気持ちが、どんどん溢れてきてしまうんです
兄さんを好きな気持ちが、どんどん溢れてきてしまうんです
秋
秋
……ごめんなさい
……ごめんなさい
秀隆
秀隆
なんでそこで謝る
なんでそこで謝る
秋
秋
兄さんが……受け入れてくれる、と……思えなくて……
兄さんが……受け入れてくれる、と……思えなくて……
秀隆
秀隆
どうして、そう思うんだ？
どうして、そう思うんだ？
秋
秋
私の嫌なところばかり、見せて来たからです
私の嫌なところばかり、見せて来たからです
秀隆
秀隆
なるほど。それは確かに。おまえの笑顔なんて、なかなか見れなかったしな
なるほど。それは確かに。おまえの笑顔なんて、なかなか見れなかったしな
秋
秋
…………
…………
秀隆
秀隆
でもま、オレはお前を一度も嫌いになったことはない
でもま、オレはお前を一度も嫌いになったことはない
秀隆
秀隆
それこそ、出会った時を除いてな
それこそ、出会った時を除いてな
秋
秋
……本当ですか？
……本当ですか？
秀隆
秀隆
本当だ
本当だ
秀隆
秀隆
ずっと、オレはオレの気持ちをお前に伝えたかった。
ずっと、オレはオレの気持ちをお前に伝えたかった。
それが出来なくて、何度も何度も苦しんだこともあった
それが出来なくて、何度も何度も苦しんだこともあった
秀隆
秀隆
……オレもお前が好きだよ、秋
……オレもお前が好きだよ、秋
秋
秋
……っ……
……っ……
秋
秋
っ、うっ……ううっ……
っ、うっ……ううっ……
秋
秋
うっ、うぅっ……っ……あ、あり、ありがとうございますっ……
うっ、うぅっ……っ……あ、あり、ありがとうございますっ……
秋
秋
こんな私を、好きって……
こんな私を、好きって……
秀隆
秀隆
今までのことを考えると、オレは秋を嫌いになりようがないんだよな
今までのことを考えると、オレは秋を嫌いになりようがないんだよな
秀隆
秀隆
あれだけお前に憎まれても好きだったってことはさ。
あれだけお前に憎まれても好きだったってことはさ。
多分これから先、何があってもおまえを好きでいられるってことだ
多分これから先、何があってもおまえを好きでいられるってことだ
秀隆
秀隆
すごいことだよな、これって
すごいことだよな、これって
オレは、優しく秋の髪を撫でた。
オレは、優しく秋の髪を撫でた。
こうやって触れるのも、何年振りだろうか。
こうやって触れるのも、何年振りだろうか。
秋
秋
じゃあ……
じゃあ……
秋
秋
これから、兄さんは一生私だけを好きでいてくれるんですね？
これから、兄さんは一生私だけを好きでいてくれるんですね？
秀隆
秀隆
ん？　ああ。そうだな
ん？　ああ。そうだな
言い回しは気になったが、オレは素直に頷いた。
言い回しは気になったが、オレは素直に頷いた。
秋
秋
……私を、一人の女性として、見てくれる、ってことですよね？
……私を、一人の女性として、見てくれる、ってことですよね？
秀隆
秀隆
え？
え？
秋
秋
好きになるって、そういうこと、ですよね？
好きになるって、そういうこと、ですよね？
秀隆
秀隆
ま、待て。オレはおまえを家族として……
ま、待て。オレはおまえを家族として……
秋
秋
私たち、血は繋がっていません。
私たち、血は繋がっていません。
どれだけ家族のようにしていても、他人です
どれだけ家族のようにしていても、他人です
秀隆
秀隆
……まぁ……
……まぁ……
秋
秋
でも……夫婦にはなれます。そして、子供が出来たら、本当の家族になります
でも……夫婦にはなれます。そして、子供が出来たら、本当の家族になります
秀隆
秀隆
……なんか、ちょっとどうかと思う考えだが
……なんか、ちょっとどうかと思う考えだが
間違ってはいない、か？
間違ってはいない、か？
いや、間違ってるだろう。
いや、間違ってるだろう。
秀隆
秀隆
オレはお前と、家族として仲良く
オレはお前と、家族として仲良く
秋
秋
証明をください……
証明をください……
秋
秋
兄さんが、私だけを一生好きでいてくれるって証明
兄さんが、私だけを一生好きでいてくれるって証明
秋はオレの言葉を遮った。
秋はオレの言葉を遮った。
オレの提案など、受け入れるつもりはなさそうだ。
オレの提案など、受け入れるつもりはなさそうだ。
秀隆
秀隆
オレにどうしろって言うんだよ
オレにどうしろって言うんだよ
秋
秋
……全部、言わせないでください……
……全部、言わせないでください……
秀隆
秀隆
…………
…………
下を向き、顔を赤くしながらも、秋は懸命にオレに思いを伝えた。
下を向き、顔を赤くしながらも、秋は懸命にオレに思いを伝えた。
なら、もう答えるしかないんじゃなかろうか。
なら、もう答えるしかないんじゃなかろうか。
秋を家族以外の目で見る。
秋を家族以外の目で見る。
それだけはすまいと、ずっと避け続けてきた。
それだけはすまいと、ずっと避け続けてきた。
……正直、オレは戸惑っている。
……正直、オレは戸惑っている。
だけど
だけど
秀隆
秀隆
後悔しないか？
後悔しないか？
秀隆
秀隆
真実がどうあったとしても、
真実がどうあったとしても、
オレがおまえにしてきた５年間の仕打ちは、けして消えることはない
オレがおまえにしてきた５年間の仕打ちは、けして消えることはない
秀隆
秀隆
それでも、後悔しないって言い切れるのか？
それでも、後悔しないって言い切れるのか？
秋は、迷わず頷く。
秋は、迷わず頷く。
そして、秋はオレのほうを見上げ、瞳を閉じた。
そして、秋はオレのほうを見上げ、瞳を閉じた。
秀隆
秀隆
……オレたちは、曲がりなりにも８年家族として過ごしてきた
……オレたちは、曲がりなりにも８年家族として過ごしてきた
秀隆
秀隆
これ以上の関係なんて、１つしかない。分かってるのか？
これ以上の関係なんて、１つしかない。分かってるのか？
また、秋が頷く。
また、秋が頷く。
秀隆
秀隆
……おまえには、その覚悟があるんだな？
……おまえには、その覚悟があるんだな？
そしてもう一度、秋が頷いた。
そしてもう一度、秋が頷いた。
秀隆
秀隆
そうか……
そうか……
オレは、愛佳の気持ちに気づいていたように、昔秋がオレのことを異性として好きになってくれていることには気づいていた。
オレは、愛佳の気持ちに気づいていたように、昔秋がオレのことを異性として好きになってくれていることには気づいていた。
でも兄妹だから。
でも兄妹だから。
それに触れることはなかったし、オレはまどかを好きになった。
それに触れることはなかったし、オレはまどかを好きになった。
でも―――。
でも―――。
秋は８年後の今、オレに気持ちを打ち明けた。
秋は８年後の今、オレに気持ちを打ち明けた。
愛情と愛憎は表裏一体だなんていうけど、まさにその通りだ。
愛情と愛憎は表裏一体だなんていうけど、まさにその通りだ。
嫌いの反対は、好きになる。
嫌いの反対は、好きになる。
秀隆
秀隆
なあ……
なあ……
秋
秋
……なんですか？
……なんですか？
秀隆
秀隆
その、な……おまえに、触れてみてもいいか？
その、な……おまえに、触れてみてもいいか？
秋
秋
……別に、構いませんけど……
……別に、構いませんけど……
秀隆
秀隆
…………
…………
オレは、手を伸ばそうとして、でも、手は身体に触れられなかった。
オレは、手を伸ばそうとして、でも、手は身体に触れられなかった。
今まで一度だって、秋を女として見たことはなかった。
今まで一度だって、秋を女として見たことはなかった。
今は少しだけ違う。
今は少しだけ違う。
秀隆
秀隆
おまえは、オレとの関係を変えるのが嫌じゃないか？
おまえは、オレとの関係を変えるのが嫌じゃないか？
秀隆
秀隆
これ以上先に進んだら……兄妹じゃなくなるぞ
これ以上先に進んだら……兄妹じゃなくなるぞ
秀隆
秀隆
男と女になるんだ
男と女になるんだ
秋
秋
……それを望んでいる自分がいることは、間違いないです
……それを望んでいる自分がいることは、間違いないです
秋
秋
でも
でも
秋
秋
私の想いに答えたら、兄さんは、きっと後悔すると思います
私の想いに答えたら、兄さんは、きっと後悔すると思います
秀隆
秀隆
なんでだよ
なんでだよ
秋
秋
私は先が長くありませんし、それに……兄さんの好みとは真逆です
私は先が長くありませんし、それに……兄さんの好みとは真逆です
秀隆
秀隆
自分で、そんなこと言うな。長くないなんて
自分で、そんなこと言うな。長くないなんて
秋
秋
そんなセリフ、兄さんから聞いたのは、子供の時以来です
そんなセリフ、兄さんから聞いたのは、子供の時以来です
秋
秋
また聞けるなんて、思ってもいませんでした
また聞けるなんて、思ってもいませんでした
秀隆
秀隆
……そうか
……そうか
あの時のオレは……そんなこと、言ったっけ。
あの時のオレは……そんなこと、言ったっけ。
どうして、こんなにも長い間、オレは秋を避け続けてきたのか。
どうして、こんなにも長い間、オレは秋を避け続けてきたのか。
理由は分かっているのに、後悔だけが押し寄せてくる。
理由は分かっているのに、後悔だけが押し寄せてくる。
思えば、５年間、秋の成長を思い出すことができない。
思えば、５年間、秋の成長を思い出すことができない。
毎日のように顔を合わせていながら、
毎日のように顔を合わせていながら、
オレは記憶や視界から、無意識に遠ざけていたんだ。
オレは記憶や視界から、無意識に遠ざけていたんだ。
それが仕方のなかったこととはいえ、
それが仕方のなかったこととはいえ、
なんて……なんて酷い兄だろう。
なんて……なんて酷い兄だろう。
オレは、その細くか弱い秋の身体を、ぎゅっと抱きしめた。
オレは、その細くか弱い秋の身体を、ぎゅっと抱きしめた。
秋
秋
兄さん……？
兄さん……？
秀隆
秀隆
オレは……最低のクズ野郎だ
オレは……最低のクズ野郎だ
秋
秋
知ってます
知ってます
秀隆
秀隆
兄として、らしいことなんて、全然出来てない
兄として、らしいことなんて、全然出来てない
秋
秋
はい。そうです
はい。そうです
秀隆
秀隆
今だって、まだおまえには辛い記憶を残させてしまってる
今だって、まだおまえには辛い記憶を残させてしまってる
秋
秋
否定のしようもありません
否定のしようもありません
秀隆
秀隆
許して欲しい、と今はいえない。
許して欲しい、と今はいえない。
でも、許してもらえる努力を、オレはしたい
でも、許してもらえる努力を、オレはしたい
秋
秋
……私も、許す努力を、したいです……
……私も、許す努力を、したいです……
秀隆
秀隆
……ありがとう……
……ありがとう……
オレは、細い肩を抱き寄せ、秋の唇にキスをした。
オレは、細い肩を抱き寄せ、秋の唇にキスをした。
秋
秋
……っ……
……っ……
１秒ほどの、子供のようなキス。
１秒ほどの、子供のようなキス。
秀隆
秀隆
……なんか、変な感じだな……
……なんか、変な感じだな……
秋
秋
はい……
はい……
秋も同じだったのか、少し複雑そうに頷いた。
秋も同じだったのか、少し複雑そうに頷いた。
秋
秋
でも、私は……どちらかと言えば、今苛立ちを感じています
でも、私は……どちらかと言えば、今苛立ちを感じています
秀隆
秀隆
なんだよ、苛立ちって
なんだよ、苛立ちって
秋
秋
思い出したんです……自分の気持ちを
思い出したんです……自分の気持ちを
秋
秋
昔の私が、兄さんに恋をしていたことを……
昔の私が、兄さんに恋をしていたことを……
秀隆
秀隆
……気づいては、いた
……気づいては、いた
秀隆
秀隆
でも、気づいてて、オレは気づかないフリをした……
でも、気づいてて、オレは気づかないフリをした……
秋
秋
はい……分かっています。兄さんは、兄妹として、
はい……分かっています。兄さんは、兄妹として、
ちゃんとラインを引いていました
ちゃんとラインを引いていました
秀隆
秀隆
ああ……
ああ……
秋
秋
……だけど私は、割り切れなくて……ずっと、佐々野さんが憎かった
……だけど私は、割り切れなくて……ずっと、佐々野さんが憎かった
秀隆
秀隆
仲良く、してなかったよな……
仲良く、してなかったよな……
秋
秋
私の知らないところで、兄さんは佐々野さんと同じことをしてた
私の知らないところで、兄さんは佐々野さんと同じことをしてた
オレの唇に、秋は指先をふれた。
オレの唇に、秋は指先をふれた。
秋
秋
……だから、苛立ちを感じています
……だから、苛立ちを感じています
秀隆
秀隆
……そっか……
……そっか……
秋
秋
私は佐々野さんに勝っている部分がひとつもありませんから……
私は佐々野さんに勝っている部分がひとつもありませんから……
秋
秋
それが、余計に……
それが、余計に……
んっ……
んっ……
ネガティブな意見をかきけすように、再びキスをする。
ネガティブな意見をかきけすように、再びキスをする。
秀隆
秀隆
今はおまえしか見てない
今はおまえしか見てない
秋
秋
……それでも、許せません……ん……ふ、んっ……ちゅっ……
……それでも、許せません……ん……ふ、んっ……ちゅっ……
繰り返すキス。
繰り返すキス。
他人として出会い、兄妹になり、他人に戻って、そして……オレたちは男女になった。
他人として出会い、兄妹になり、他人に戻って、そして……オレたちは男女になった。
ここにいるのは、幼かったオレたちでも、
ここにいるのは、幼かったオレたちでも、
喧嘩をしていた兄妹でも、他人でもない。
喧嘩をしていた兄妹でも、他人でもない。
もう男と女だ。
もう男と女だ。
秋
秋
…………
…………
秀隆
秀隆
どうした？
どうした？
秋
秋
本当にいいんですか……私なんかを……
本当にいいんですか……私なんかを……
秀隆
秀隆
おまえは嫌か？
おまえは嫌か？
秋
秋
だって……兄さんが私の身体なんかに欲情できるとは思えません
だって……兄さんが私の身体なんかに欲情できるとは思えません
秀隆
秀隆
そんなことはない
そんなことはない
秋
秋
いいんですよ、無理しなくて
いいんですよ、無理しなくて
秀隆
秀隆
……じゃあ、ちょっとおっぱい触らせてみてくれ
……じゃあ、ちょっとおっぱい触らせてみてくれ
秋
秋
突拍子もないですね……
突拍子もないですね……
秀隆
秀隆
よし、触るぞ
よし、触るぞ
秋
秋
許可、出してませんが……
許可、出してませんが……
オレは呆れる秋に近づき、その膨らみへと手を伸ばした。
オレは呆れる秋に近づき、その膨らみへと手を伸ばした。
秋
秋
…………
…………
秋はされるがまま、じっとオレの手を見ている。
秋はされるがまま、じっとオレの手を見ている。
秀隆
秀隆
……間違いなくおっぱいだ……
……間違いなくおっぱいだ……
秋
秋
小さい、ですけど
小さい、ですけど
秀隆
秀隆
だが、カテゴリは間違いなくおっぱいだ。間違いない
だが、カテゴリは間違いなくおっぱいだ。間違いない
秋
秋
繰り返されるとイラッとしますね
繰り返されるとイラッとしますね
秋
秋
とりあえず、興奮とか、しないですよね
とりあえず、興奮とか、しないですよね
秋
秋
……恥ずかしいので、手を離して下さい
……恥ずかしいので、手を離して下さい
秀隆
秀隆
秋……手を貸せ
秋……手を貸せ
秋
秋
え？　あ、はい……
え？　あ、はい……
すっと出された手。
すっと出された手。
オレはそっと手首辺りを掴んだ。
オレはそっと手首辺りを掴んだ。
ちょっとだけ迷う。
ちょっとだけ迷う。
でも、思い切って行動を起こすことにした。
でも、思い切って行動を起こすことにした。
秀隆
秀隆
おまえだって、最低限分かってるだろ？
おまえだって、最低限分かってるだろ？
そう言い、その手をオレ自身の股間へと導いた。
そう言い、その手をオレ自身の股間へと導いた。
秋
秋
なっ……！？
なっ……！？
秋が慌てて手を引こうとするが、抑えるようにして、逃がさないようにする。
秋が慌てて手を引こうとするが、抑えるようにして、逃がさないようにする。
股間は、ガチガチに固まっていてズボンを貫こうとしている。
股間は、ガチガチに固まっていてズボンを貫こうとしている。
秋の手の甲を、その先端に押し付ける。
秋の手の甲を、その先端に押し付ける。
秀隆
秀隆
おまえの体に、欲情してんだよっ……こんなに
おまえの体に、欲情してんだよっ……こんなに
秋
秋
……変態、ですね……
……変態、ですね……
秀隆
秀隆
オレ自身、ちょっと信じられない。
オレ自身、ちょっと信じられない。
でも、オレには今、誰よりもお前が、魅力的に見える
でも、オレには今、誰よりもお前が、魅力的に見える
秋
秋
都合よすぎます
都合よすぎます
秀隆
秀隆
男は、ヤりたいと思った瞬間都合がよくなる
男は、ヤりたいと思った瞬間都合がよくなる
秋
秋
その開き直りも、凄いです
その開き直りも、凄いです
秀隆
秀隆
もうめちゃくちゃあちこち触りたいし、触らせたい
もうめちゃくちゃあちこち触りたいし、触らせたい
秋
秋
…………
…………
秀隆
秀隆
エッチしよう、秋
エッチしよう、秋
秋
秋
……はい……
……はい……
秋は、オレに身をゆだねることを決めたのか、
秋は、オレに身をゆだねることを決めたのか、
そっと自分の身体をベッドへと横たえた。
そっと自分の身体をベッドへと横たえた。
最終章・島津兄妹５』秋H
最終章・島津兄妹５』秋H
秋
秋
兄さん……
兄さん……
秀隆
秀隆
ん……
ん……
秋
秋
少し前まで、兄さんとこんなふうになるなんて、思ってもいませんでした……
少し前まで、兄さんとこんなふうになるなんて、思ってもいませんでした……
秀隆
秀隆
オレもだ
オレもだ
隣で、秋が嬉しそうに微笑みながら、オレの腕に頭を乗せている。
隣で、秋が嬉しそうに微笑みながら、オレの腕に頭を乗せている。
目は涙で赤くなってしまっていたが、後悔はないようだった。
目は涙で赤くなってしまっていたが、後悔はないようだった。
秀隆
秀隆
……ずっと、おまえとこうしていたい…
……ずっと、おまえとこうしていたい…
秋
秋
私もです……
私もです……
秀隆
秀隆
明日も、明後日も……１年後も、１０年後だって
明日も、明後日も……１年後も、１０年後だって
秋
秋
……嬉しいです……
……嬉しいです……
秋
秋
でも、それは難しいです……兄さんは、知ってるんですよね？
でも、それは難しいです……兄さんは、知ってるんですよね？
秋
秋
私の身体が、もうダメだってこと……
私の身体が、もうダメだってこと……
秀隆
秀隆
…………
…………
秋
秋
自分で感じています。熱を出すたびに、身体が悲鳴を上げていること
自分で感じています。熱を出すたびに、身体が悲鳴を上げていること
秋
秋
もう、ダメなんだって……
もう、ダメなんだって……
秀隆
秀隆
だったら、なんでこんなこと……
だったら、なんでこんなこと……
秋
秋
想い出が欲しかった。
想い出が欲しかった。
兄さんを、好きになれた、証明が欲しかった
兄さんを、好きになれた、証明が欲しかった
秋
秋
……私、幸せです
……私、幸せです
秋
秋
例え、明日死ぬとしても……幸せです
例え、明日死ぬとしても……幸せです
秀隆
秀隆
オレは、おまえを死なせるつもりはない
オレは、おまえを死なせるつもりはない
秀隆
秀隆
そのために、唐沢さんにお願いして
そのために、唐沢さんにお願いして
秋
秋
いいんです。それは
いいんです。それは
秀隆
秀隆
い、いいって……
い、いいって……
秋
秋
私のために、兄さんに辛い思いをさせたくありません
私のために、兄さんに辛い思いをさせたくありません
秋
秋
それに……いつ目覚めるかもわからないんですよね？
それに……いつ目覚めるかもわからないんですよね？
秀隆
秀隆
でも、オレはお前を……
でも、オレはお前を……
秋
秋
私は、コールドスリープするつもりはありません
私は、コールドスリープするつもりはありません
秀隆
秀隆
秋……
秋……
秋
秋
兄さんと同じ時を生きて……死にます……
兄さんと同じ時を生きて……死にます……
秀隆
秀隆
嫌だ
嫌だ
秀隆
秀隆
オレはお前を死なせたくない。生きてほしい
オレはお前を死なせたくない。生きてほしい
秋
秋
それは、痛いほど分かっています
それは、痛いほど分かっています
秋
秋
でも……いいんです
でも……いいんです
秀隆
秀隆
……オレは……
……オレは……
秋
秋
それより、私、兄さんに謝らないといけないことがあるんです
それより、私、兄さんに謝らないといけないことがあるんです
秀隆
秀隆
謝ること……？
謝ること……？
秋
秋
私、嘘をついていました
私、嘘をついていました
秀隆
秀隆
なんだよ……
なんだよ……
秋の髪をかき上げながら聞く。
秋の髪をかき上げながら聞く。
秋
秋
今日……安全日じゃありません……
今日……安全日じゃありません……
秀隆
秀隆
…………
…………
秋
秋
……ごめんなさい
……ごめんなさい
秀隆
秀隆
…………
…………
秋
秋
……兄さん？
……兄さん？
秀隆
秀隆
…………
…………
秋
秋
目、目を開けながら……死んでる！？
目、目を開けながら……死んでる！？
ポックリ。
ポックリ。
…………。
…………。
……。
……。
