扉の開く音が聞こえた。
扉の開く音が聞こえた。
恭一
恭一
……起きたのか
……起きたのか
恋
恋
起こして、しまったみたいですね……
起こして、しまったみたいですね……
恭一
恭一
気にするな
気にするな
恋
恋
電気、消して寝なかったんですか？
電気、消して寝なかったんですか？
恭一
恭一
何となく暗闇で眠る気になれなくてな
何となく暗闇で眠る気になれなくてな
恋
恋
そうですか……
そうですか……
恋
恋
朝ごはん、作ろうと思います
朝ごはん、作ろうと思います
恭一
恭一
無理する必要なんてない。さっさと上の人間に無理だって伝えろ
無理する必要なんてない。さっさと上の人間に無理だって伝えろ
恋
恋
何をですか
何をですか
恭一
恭一
おまえがオレの面倒を見続けるのは、苦労するってことだ。
おまえがオレの面倒を見続けるのは、苦労するってことだ。
昨日の夜わかっただろ、そのことは痛いくらいに
昨日の夜わかっただろ、そのことは痛いくらいに
恋
恋
確かに……怖かったです。あなたと言う人が
確かに……怖かったです。あなたと言う人が
恭一
恭一
だったら……
だったら……
恋
恋
ですけど、そんなの出会って１時間で理解してますから。
ですけど、そんなの出会って１時間で理解してますから。
それに……
それに……
恭一
恭一
なんだよ
なんだよ
恋
恋
私はあなたを最低な人間だと思っています。
私はあなたを最低な人間だと思っています。
でも、最低の最低では、ないと思いました
でも、最低の最低では、ないと思いました
恭一
恭一
なんだそりゃ
なんだそりゃ
恋
恋
それが、あなたと続けていこうと思う、１つの理由です
それが、あなたと続けていこうと思う、１つの理由です
それだけ言い、恋は食事の準備を始めた。
それだけ言い、恋は食事の準備を始めた。
恋
恋
昨日は説明できませんでしたが、日中私は特務官の仕事があります
昨日は説明できませんでしたが、日中私は特務官の仕事があります
恭一
恭一
その間、オレは自由に出歩いて遊んできていいわけだな
その間、オレは自由に出歩いて遊んできていいわけだな
恋
恋
全然違います……それをされたら困るので、説明をしているんです
全然違います……それをされたら困るので、説明をしているんです
恋
恋
少なくともこの現代に慣れるまでは、
少なくともこの現代に慣れるまでは、
基本的に、私の監視なく外出することは禁止です
基本的に、私の監視なく外出することは禁止です
恭一
恭一
慣れる？　その判断基準はどこにあるんだ
慣れる？　その判断基準はどこにあるんだ
恋
恋
私が良いと判断するまでです。その後大河内代表のもとに連れていき、そこでも許可が下りるようなら、外出は認められるでしょう
私が良いと判断するまでです。その後大河内代表のもとに連れていき、そこでも許可が下りるようなら、外出は認められるでしょう
恭一
恭一
めんどくさい、却下だ
めんどくさい、却下だ
恋
恋
そんな権限はあなたにはありません
そんな権限はあなたにはありません
恭一
恭一
じゃあ、もしオレが約束を破ったら？
じゃあ、もしオレが約束を破ったら？
恋
恋
あなたを最低呼ばわりします
あなたを最低呼ばわりします
恭一
恭一
昨日と何ひとつ変わらないだろ……
昨日と何ひとつ変わらないだろ……
恋
恋
本、欲しいって言ってましたよね？
本、欲しいって言ってましたよね？
大人しくしていたら、一日一冊買ってくることを約束します
大人しくしていたら、一日一冊買ってくることを約束します
恭一
恭一
オレは大人しい男だ。安心して外出してこい
オレは大人しい男だ。安心して外出してこい
恋
恋
……ほんとに本が好きなんですね
……ほんとに本が好きなんですね
恭一
恭一
そうみたいだな。知識がどんどん入ってくるところがいい
そうみたいだな。知識がどんどん入ってくるところがいい
恋
恋
約束ですからね
約束ですからね
恋
恋
約束ですからね、恭一さん。無断外出はしないでください
約束ですからね、恭一さん。無断外出はしないでください
恭一
恭一
何回言うんだよ。わかったって
何回言うんだよ。わかったって
恋
恋
それでは……いってきます
それでは……いってきます
恭一
恭一
弱いんだか強いんだか、わからない女
弱いんだか強いんだか、わからない女
さて、とりあえずオレは
さて、とりあえずオレは
寝る
寝る
部屋を漁る
部屋を漁る
恭一
恭一
よし、早速部屋を物色してみるとするか
よし、早速部屋を物色してみるとするか
オレはこの家のことを知るため、くまなく物の位置を把握することにした。
オレはこの家のことを知るため、くまなく物の位置を把握することにした。
恭一
恭一
寝るか……
寝るか……
どうも、オレは誰かが近くに居ると深い眠りにつけない。
どうも、オレは誰かが近くに居ると深い眠りにつけない。
こうして一人のタイミングで、ゆっくり休ませて貰うことにしよう。
こうして一人のタイミングで、ゆっくり休ませて貰うことにしよう。
恋
恋
ただいま戻りました。恭一さん、大人しくしていますか？
ただいま戻りました。恭一さん、大人しくしていますか？
恭一
恭一
当たり前だバカ野郎この野郎。不動の恭一さまだっての
当たり前だバカ野郎この野郎。不動の恭一さまだっての
恋
恋
……本当ならいいんですけど。これ、約束の本で
……本当ならいいんですけど。これ、約束の本で
恋が話し終わる前に、オレは本をぶんどった。
恋が話し終わる前に、オレは本をぶんどった。
恭一
恭一
これを待ってたんだ、よしお前はもう部屋に戻っていいぞ、うるさいから
これを待ってたんだ、よしお前はもう部屋に戻っていいぞ、うるさいから
恋
恋
う、うるさいからって……！
う、うるさいからって……！
恭一
恭一
うるさい。本を読むときは静かにしろ
うるさい。本を読むときは静かにしろ
恋
恋
……自分勝手すぎませんか？
……自分勝手すぎませんか？
恭一
恭一
それがオレだ
それがオレだ
恋
恋
そこを自慢できるのは、ちょっとうらやましくもありますが……
そこを自慢できるのは、ちょっとうらやましくもありますが……
恋
恋
多分、凄く異常なんでしょうね、あなたは
多分、凄く異常なんでしょうね、あなたは
恭一
恭一
異常で結構。ほら、さっさと部屋に行け
異常で結構。ほら、さっさと部屋に行け
恋
恋
わ、わかりました。私は部屋に戻ります。
わ、わかりました。私は部屋に戻ります。
ただ、夕飯は１時間後ですから、その時は本を読むのをやめてくださいね
ただ、夕飯は１時間後ですから、その時は本を読むのをやめてくださいね
恭一
恭一
考えとく
考えとく
恋
恋
まったく、あなたと言う人は……
まったく、あなたと言う人は……
恭一
恭一
最低です、はいらんぞ
最低です、はいらんぞ
恋
恋
……最低です
……最低です
それから、夕食を終え、風呂も入り終えたオレは、本をずっと見ていた。
それから、夕食を終え、風呂も入り終えたオレは、本をずっと見ていた。
恭一
恭一
楽しすぎる……
楽しすぎる……
恋
恋
おやすみなさい恭一さん
おやすみなさい恭一さん
恭一
恭一
勝手に寝ろ寝ろ
勝手に寝ろ寝ろ
恋
恋
……本を与えておけば、大人しい人、なんですね……覚えておこう
……本を与えておけば、大人しい人、なんですね……覚えておこう
…………。
…………。
……。
……。
