竹内
竹内
諸君、おはよう
諸君、おはよう
まどか
まどか
竹内特務官！　もう、お体はよろしいのですか？
竹内特務官！　もう、お体はよろしいのですか？
竹内
竹内
ああ。皆には心配をかけてしまったね
ああ。皆には心配をかけてしまったね
竹内特務官が、元気な姿でオフィスへと姿を見せた。
竹内特務官が、元気な姿でオフィスへと姿を見せた。
病み上がりでもオレたち助特務官への配慮も、欠かさない。
病み上がりでもオレたち助特務官への配慮も、欠かさない。
磯部
磯部
ご無理はなさらないでください
ご無理はなさらないでください
竹内
竹内
なに、もう大丈夫だ
なに、もう大丈夫だ
竹内
竹内
皆も改めて、よろしく頼むよ
皆も改めて、よろしく頼むよ
磯部
磯部
は、はいっ
は、はいっ
秀隆
秀隆
思ったより早く戻ってこれて、よかった
思ったより早く戻ってこれて、よかった
磯部
磯部
ああ。競売で大敗した以上、これから頑張ってもらわないと
ああ。競売で大敗した以上、これから頑張ってもらわないと
竹内特務官が戻ってきただけで、
竹内特務官が戻ってきただけで、
全員の士気が上がっているのが分かった。
全員の士気が上がっているのが分かった。
やっぱりこの人抜きじゃ、ホープタウンは戦えない。
やっぱりこの人抜きじゃ、ホープタウンは戦えない。
竹内
竹内
島津くん、ちょっといいかね
島津くん、ちょっといいかね
秀隆
秀隆
はい？
はい？
オレは竹内特務官に呼ばれ、慌てて廊下へ。
オレは竹内特務官に呼ばれ、慌てて廊下へ。
竹内
竹内
例の、規制緩和についてのことのなんだがね。
例の、規制緩和についてのことのなんだがね。
唐沢さんが君に対する不信感を強くあらわしている
唐沢さんが君に対する不信感を強くあらわしている
秀隆
秀隆
仕方ありません。真っ先に疑われるのが自分なのは仕方のないことです
仕方ありません。真っ先に疑われるのが自分なのは仕方のないことです
竹内
竹内
私としては、君が無関係だと信じてやりたいが……。
私としては、君が無関係だと信じてやりたいが……。
当面の間は、私とは別行動してもらうことになるだろう
当面の間は、私とは別行動してもらうことになるだろう
秀隆
秀隆
ご心配には及びません。どうぞお気遣いなく
ご心配には及びません。どうぞお気遣いなく
竹内
竹内
そうか。……頑張ってくれたまえ
そうか。……頑張ってくれたまえ
秀隆
秀隆
ありがとうございます
ありがとうございます
やはり、竹内特務官にも、オレが情報を流した者として見られている。
やはり、竹内特務官にも、オレが情報を流した者として見られている。
そんなオレを竹内特務官が傍に置けば、
そんなオレを竹内特務官が傍に置けば、
唐沢さんからの信頼を損ないかねない。
唐沢さんからの信頼を損ないかねない。
仕方の無い措置と言えるだろう。
仕方の無い措置と言えるだろう。
磯部
磯部
竹内特務官と何話してたんだよ
竹内特務官と何話してたんだよ
秀隆
秀隆
ちょっとな
ちょっとな
磯部
磯部
相変わらず秘密秘密か
相変わらず秘密秘密か
秀隆
秀隆
話すようなことでもないんだよ
話すようなことでもないんだよ
磯部
磯部
まさか、あの時のことじゃないだろうな……？
まさか、あの時のことじゃないだろうな……？
秀隆
秀隆
あのとき？
あのとき？
磯部
磯部
ほら、オレがドリームタウンの帰りに
ほら、オレがドリームタウンの帰りに
秀隆
秀隆
ドリームタウンの帰りって……
ドリームタウンの帰りって……
秀隆
秀隆
酔っ払って無茶やったときのことか
酔っ払って無茶やったときのことか
磯部
磯部
おまえがやらせたんだけどなああああっ
おまえがやらせたんだけどなああああっ
秀隆
秀隆
そ、そんなに睨むなよ
そ、そんなに睨むなよ
なんだ、てっきり忘れていると思ったのに。
なんだ、てっきり忘れていると思ったのに。
磯部
磯部
あの時の俺は、どうかしてたんだ。
あの時の俺は、どうかしてたんだ。
身体が熱くて、ふわふわして、意識が朦朧としていた
身体が熱くて、ふわふわして、意識が朦朧としていた
そりゃ、酔ってたんだから当然だ。
そりゃ、酔ってたんだから当然だ。
磯部
磯部
くそ、くそっ。磯部一生の不覚だ！
くそ、くそっ。磯部一生の不覚だ！
秀隆
秀隆
そんな大げさな
そんな大げさな
磯部
磯部
大げさじゃない！　心なしか、竹内特務官の俺を見る目が厳しかった！
大げさじゃない！　心なしか、竹内特務官の俺を見る目が厳しかった！
秀隆
秀隆
見事なまでにいつも通りだったと思うんだけど……
見事なまでにいつも通りだったと思うんだけど……
磯部
磯部
いや、厳しかった！　俺の知る竹内特務官は、
いや、厳しかった！　俺の知る竹内特務官は、
厳しさの中にも優しいものを瞳の奥に持っていたんだ！
厳しさの中にも優しいものを瞳の奥に持っていたんだ！
秀隆
秀隆
んなもん分かるわけないだろ……
んなもん分かるわけないだろ……
磯部
磯部
分かるっ！　俺にはわかるんだ！
分かるっ！　俺にはわかるんだ！
……いい加減しつこいな。
……いい加減しつこいな。
磯部は、どうも竹内特務官のこととなると目の色を変える。
磯部は、どうも竹内特務官のこととなると目の色を変える。
秀隆
秀隆
自分の席に戻るから
自分の席に戻るから
磯部
磯部
いいか、もし竹内特務官に嫌われていたら、それはおまえのせいだ！
いいか、もし竹内特務官に嫌われていたら、それはおまえのせいだ！
秀隆
秀隆
わかったわかった
わかったわかった
オレは磯部を振り切り、自分の席に戻る。
オレは磯部を振り切り、自分の席に戻る。
誰が情報をリークしたのか、今更そんなことを探っても仕方が無い。
誰が情報をリークしたのか、今更そんなことを探っても仕方が無い。
あの３人の誰かであったとしても、
あの３人の誰かであったとしても、
もはやオレにはどうすることも出来ないのだ。
もはやオレにはどうすることも出来ないのだ。
昼休み、オレはいつものように一人で外へ。
昼休み、オレはいつものように一人で外へ。
秀隆
秀隆
今日はちょっと、遠くまで足を運んでみるかな
今日はちょっと、遠くまで足を運んでみるかな
教師の時、一番お世話になったカフェまでやって来た。
教師の時、一番お世話になったカフェまでやって来た。
周囲は女子学生であふれ返っていて、
周囲は女子学生であふれ返っていて、
オレのことを知る生徒たちが時折視線を向けてきた。
オレのことを知る生徒たちが時折視線を向けてきた。
愛佳
愛佳
あっれ～？　島津先生だ
あっれ～？　島津先生だ
秀隆
秀隆
よう愛佳。それに秋とさやかも。一緒にご飯か
よう愛佳。それに秋とさやかも。一緒にご飯か
秋
秋
……兄さん。珍しいですね、こっちにまでくるなんて
……兄さん。珍しいですね、こっちにまでくるなんて
さやか
さやか
久しぶりだね先生！
久しぶりだね先生！
秀隆
秀隆
おう。今日はちょっと、足を伸ばしに来た
おう。今日はちょっと、足を伸ばしに来た
秀隆
秀隆
こっちの方が食べるメニューは豊富だし
こっちの方が食べるメニューは豊富だし
秋
秋
メニューは豊富ですけど、
メニューは豊富ですけど、
兄さんが食べるのは、いつもトウモロコシじゃないですか
兄さんが食べるのは、いつもトウモロコシじゃないですか
秀隆
秀隆
い、いいだろ別に
い、いいだろ別に
愛佳
愛佳
先生はほんとトウモロコシが好きなんだね
先生はほんとトウモロコシが好きなんだね
秀隆
秀隆
ホープタウン随一のトウモロコシ大好き人間だ。
ホープタウン随一のトウモロコシ大好き人間だ。
オレより好きだと自負する奴が居たら目の前につれて来い
オレより好きだと自負する奴が居たら目の前につれて来い
さやか
さやか
そんなの、高らかに言うことじゃないと思うけど……
そんなの、高らかに言うことじゃないと思うけど……
愛佳
愛佳
折角だから一緒に食べよ
折角だから一緒に食べよ
秀隆
秀隆
オレはいいけど、皆いいのか？
オレはいいけど、皆いいのか？
秋
秋
はい。問題ありません
はい。問題ありません
さやか
さやか
私も賛成！
私も賛成！
秀隆
秀隆
ったく、それなら仕方ないなぁ。付き合ってやるか
ったく、それなら仕方ないなぁ。付き合ってやるか
愛佳
愛佳
女子学生に囲まれてのお昼なんて、幸せ者だね先生は
女子学生に囲まれてのお昼なんて、幸せ者だね先生は
秀隆
秀隆
べ、別にぃ
べ、別にぃ
さやか
さやか
あ、ちょっとテレてる？　テレてるよね先生
あ、ちょっとテレてる？　テレてるよね先生
秀隆
秀隆
テレてないっての！
テレてないっての！
いかん、どうも就職してから
いかん、どうも就職してから
女の子に対する免疫力が低下してる気がする。
女の子に対する免疫力が低下してる気がする。
気が緩んだらニヤケそうだったので、何とか堪えた。
気が緩んだらニヤケそうだったので、何とか堪えた。
食事も間まで進んだころ
食事も間まで進んだころ
秋
秋
…………
…………
まだ、秋は殆ど食事が手付かずだった。
まだ、秋は殆ど食事が手付かずだった。
愛佳
愛佳
ねえセンセ、秋ちゃん何かあったの？
ねえセンセ、秋ちゃん何かあったの？
秀隆
秀隆
ん、ちょっとなぁ
ん、ちょっとなぁ
ちょっとって？　と言う風に愛佳が首をかしげる。
ちょっとって？　と言う風に愛佳が首をかしげる。
アクセラのことは愛佳に教えているから、
アクセラのことは愛佳に教えているから、
そのまま故障しかけてることを気にしていると教えるのは簡単だ。
そのまま故障しかけてることを気にしていると教えるのは簡単だ。
でも、隣にはさやかがいる。
でも、隣にはさやかがいる。
ここで不用意にアクセラの存在を教えれば、
ここで不用意にアクセラの存在を教えれば、
また一人、また一人とアクセラを知られていくことになるだろう。
また一人、また一人とアクセラを知られていくことになるだろう。
それは避けなければならない。
それは避けなければならない。
ここ最近、あまりに立て続けにアクセラのことを知られすぎた。
ここ最近、あまりに立て続けにアクセラのことを知られすぎた。
愛佳
愛佳
今日さ、なんかたまにぼーっとしてるんだよね。
今日さ、なんかたまにぼーっとしてるんだよね。
考え事してるって言うか、ちょっと悲しそうって言うか
考え事してるって言うか、ちょっと悲しそうって言うか
秀隆
秀隆
進路のことで、少し悩んでるようなんだ
進路のことで、少し悩んでるようなんだ
さやか
さやか
あ、そういえば、悩んでるとこ見たことあるかも
あ、そういえば、悩んでるとこ見たことあるかも
秀隆
秀隆
最近進路調査もあったし、将来のことで決めかねてるんだろ
最近進路調査もあったし、将来のことで決めかねてるんだろ
愛佳
愛佳
なるほどねぇ
なるほどねぇ
秀隆
秀隆
二人とも何か将来のことは考えてるのか？
二人とも何か将来のことは考えてるのか？
と聞くと同時に、二人はいっせいに首を横に振った。
と聞くと同時に、二人はいっせいに首を横に振った。
どうやら、まだ何も考えていないらしい。
どうやら、まだ何も考えていないらしい。
秀隆
秀隆
２年生だと、まだ進学や就職のイメージはもてないか
２年生だと、まだ進学や就職のイメージはもてないか
早めに動き始めた方がいいと分かっているのは、
早めに動き始めた方がいいと分かっているのは、
結局その先の大人たちだけ。
結局その先の大人たちだけ。
今の学生には、今のことで精一杯なのだろう。
今の学生には、今のことで精一杯なのだろう。
秀隆
秀隆
もし相談されることがあったら、一緒に色々考えてみればいい
もし相談されることがあったら、一緒に色々考えてみればいい
オレはそれだけいい、食事を再開した。
オレはそれだけいい、食事を再開した。
秀隆
秀隆
……やっと、記録の照会が終わったか……
……やっと、記録の照会が終わったか……
昼休みが終わり、自分の席に戻ったオレは、
昼休みが終わり、自分の席に戻ったオレは、
連日フル稼働させていたパソコンの前に表示された結果を見て頷いた。
連日フル稼働させていたパソコンの前に表示された結果を見て頷いた。
恭一さんの指紋から、ホープタウンとドリームタウンに登録されている人物の経歴を探っていた。
恭一さんの指紋から、ホープタウンとドリームタウンに登録されている人物の経歴を探っていた。
その結果が
その結果が
橋田恭一。２５歳。最終学歴はドリームタウン付属高等学園。
橋田恭一。２５歳。最終学歴はドリームタウン付属高等学園。
卒業後は、飲食店で転々とアルバイトを繰り返している。
卒業後は、飲食店で転々とアルバイトを繰り返している。
現在は無職。
現在は無職。
恐らく恋さんの同棲相手としてお世話になっているんだろう。
恐らく恋さんの同棲相手としてお世話になっているんだろう。
幼少期や少年時代の経歴も、記録されている。
幼少期や少年時代の経歴も、記録されている。
パッと身はどこにでも居るような平凡な男性だ。
パッと身はどこにでも居るような平凡な男性だ。
特に不審な点は見当たらない。
特に不審な点は見当たらない。
秀隆
秀隆
ドリームタウン付属高等学園……
ドリームタウン付属高等学園……
検索ベースに打ち込み、詳細を調べる。
検索ベースに打ち込み、詳細を調べる。
秀隆
秀隆
……４年前に取り壊されてるのか
……４年前に取り壊されてるのか
建物の老朽化に伴い、学園を解体。
建物の老朽化に伴い、学園を解体。
その後同じ場所に学園が建てられたが、別の学園になっている。
その後同じ場所に学園が建てられたが、別の学園になっている。
秀隆
秀隆
引っかかるのはこれくらいだけど……
引っかかるのはこれくらいだけど……
それ以外のあまりに普通すぎる学歴。
それ以外のあまりに普通すぎる学歴。
それが、逆に引っかかって仕方が無い。
それが、逆に引っかかって仕方が無い。
オレの思う恭一さんは、一般人の知るそれとは全く異なる。
オレの思う恭一さんは、一般人の知るそれとは全く異なる。
あの身体能力の高さは常人をはるかに凌駕している。
あの身体能力の高さは常人をはるかに凌駕している。
才能の差があるにしても、裕輔は喧嘩で何度か補導された経歴が残っているし、それなりの噂があったこともすぐに調べがついた。
才能の差があるにしても、裕輔は喧嘩で何度か補導された経歴が残っているし、それなりの噂があったこともすぐに調べがついた。
でも、この恭一さんにはそれがない。
でも、この恭一さんにはそれがない。
違う意味で完璧すぎる、穴のない経歴なのだ。
違う意味で完璧すぎる、穴のない経歴なのだ。
秀隆
秀隆
もちろん、だから何だって話ではあるんだが……
もちろん、だから何だって話ではあるんだが……
それでも高い確率で、彼は一般人ということになる。
それでも高い確率で、彼は一般人ということになる。
秀隆
秀隆
……指紋だけじゃ、厳しいものがあったか
……指紋だけじゃ、厳しいものがあったか
秀隆
秀隆
あの人が一般人？　……まさか……
あの人が一般人？　……まさか……
地上時代の生き残りではなかったとしても、一般というカテゴリなわけがない。
地上時代の生き残りではなかったとしても、一般というカテゴリなわけがない。
何かあるはずだ。
何かあるはずだ。
でもこれ以上探るには、
でもこれ以上探るには、
倉屋敷社長の前に彼を連れて行くしか方法はない。
倉屋敷社長の前に彼を連れて行くしか方法はない。
直接調べれば、彼女ならその全てを導き出せるだろう。
直接調べれば、彼女ならその全てを導き出せるだろう。
秀隆
秀隆
それも簡単には行かないんだろうけど
それも簡単には行かないんだろうけど
あの恭一さんの観察力、洞察力は底知れないものがある。
あの恭一さんの観察力、洞察力は底知れないものがある。
伏線は張ってみたものの、
伏線は張ってみたものの、
仮にホープタウンに足を運んでくれても上手くいくかどうか。
仮にホープタウンに足を運んでくれても上手くいくかどうか。
いざと言う時は、強引に事を運ぶことも検討しなきゃいけない。
いざと言う時は、強引に事を運ぶことも検討しなきゃいけない。
定時が過ぎ、オレは家路につこうと思い立つ。
定時が過ぎ、オレは家路につこうと思い立つ。
se着信（共通
se着信（共通
そんな矢先電話が鳴った。
そんな矢先電話が鳴った。
秀隆
秀隆
え……？
え……？
携帯が鳴り、ディスプレイに目を落とすと、
携帯が鳴り、ディスプレイに目を落とすと、
そこには信じられない名前が映っていた。
そこには信じられない名前が映っていた。
島津秋。
島津秋。
秀隆
秀隆
おいおい、あいつからの着信なんて何年ぶりだ？
おいおい、あいつからの着信なんて何年ぶりだ？
いや、携帯を持った時から考えると、初めてかもしれない。
いや、携帯を持った時から考えると、初めてかもしれない。
一瞬通話に出るべきか悩んだ。
一瞬通話に出るべきか悩んだ。
が、さすがに無視するのは問題だろう。
が、さすがに無視するのは問題だろう。
まさか電話に出て、今日の晩御飯なんだと思う？
まさか電話に出て、今日の晩御飯なんだと思う？
とは言わないだろうし。
とは言わないだろうし。
よっぽどの理由がなきゃ、絶対に電話なんてしてこない。
よっぽどの理由がなきゃ、絶対に電話なんてしてこない。
se通話ボタン
se通話ボタン
秀隆
秀隆
もしもし？
もしもし？
秋
秋
兄さんっ
兄さんっ
電話に出るなり、切羽詰ったような、秋の声が響いた。
電話に出るなり、切羽詰ったような、秋の声が響いた。
秀隆
秀隆
……どうした？
……どうした？
秋
秋
アクセラが、アクセラが、大変なんです……！
アクセラが、アクセラが、大変なんです……！
秀隆
秀隆
アクセラがって……まさか……すぐ帰る
アクセラがって……まさか……すぐ帰る
全力で走って帰宅したオレは、
全力で走って帰宅したオレは、
椅子に座って微動だにしないアクセラを見つけた。
椅子に座って微動だにしないアクセラを見つけた。
その周囲には、秋とキズナが心配そうな顔で立っている。
その周囲には、秋とキズナが心配そうな顔で立っている。
秀隆
秀隆
おい……アクセラ？
おい……アクセラ？
呼びかけてみるが、反応がない。
呼びかけてみるが、反応がない。
秀隆
秀隆
どうしたんだ、これ……
どうしたんだ、これ……
秋
秋
夕食を作るって言って、その……
夕食を作るって言って、その……
相当に動揺しているのか、言葉が上手く出てこないようだった。
相当に動揺しているのか、言葉が上手く出てこないようだった。
秋
秋
今朝みたいに、皿が割れる音が聞こえて、
今朝みたいに、皿が割れる音が聞こえて、
どうしたのか見に行ったら、放心状態のアクセラが居て……
どうしたのか見に行ったら、放心状態のアクセラが居て……
キズナ
キズナ
ずっと台所に立っていました。
ずっと台所に立っていました。
私が、椅子に座らせたんです
私が、椅子に座らせたんです
秀隆
秀隆
……そうか
……そうか
いつか、こんな日が来るのかもしれない。
いつか、こんな日が来るのかもしれない。
そんなことを、何年か前に思ったことがある。
そんなことを、何年か前に思ったことがある。
でも、何だかんだ、いつまでも大丈夫なんじゃないかとも思っていた。
でも、何だかんだ、いつまでも大丈夫なんじゃないかとも思っていた。
楽観していたんだ。
楽観していたんだ。
キズナ
キズナ
本当に直してあげられないんですか？
本当に直してあげられないんですか？
秀隆
秀隆
それが出来たら、誰も苦労しないんだけどな……
それが出来たら、誰も苦労しないんだけどな……
残酷なようだが、正式な決定を下さなければならない。
残酷なようだが、正式な決定を下さなければならない。
秀隆
秀隆
もし、本当にアクセラが壊れたんだとしたら、
もし、本当にアクセラが壊れたんだとしたら、
それは多分……寿命ってことに、なるんじゃないか？
それは多分……寿命ってことに、なるんじゃないか？
秋
秋
…………
…………
秋は何も言わず、顔を伏せた。
秋は何も言わず、顔を伏せた。
キズナ
キズナ
それはつまり……
それはつまり……
秀隆
秀隆
ああ。色々手は考えてみたが、正直浮かばなかった
ああ。色々手は考えてみたが、正直浮かばなかった
秀隆
秀隆
だから仕方がないだろ
だから仕方がないだろ
秀隆
秀隆
オレは……
オレは……
秀隆
秀隆
アクセラを修理するつもりはない
アクセラを修理するつもりはない
秋は、あの後すぐに自分の部屋に戻った。
秋は、あの後すぐに自分の部屋に戻った。
体調がまだ完治していないこともあるが、
体調がまだ完治していないこともあるが、
もしかしたら、部屋で静かに泣いているかもしれない。
もしかしたら、部屋で静かに泣いているかもしれない。
あいつにとっては、アクセラだけが心の拠り所だった。
あいつにとっては、アクセラだけが心の拠り所だった。
アクセラは誰よりも秋を愛し、
アクセラは誰よりも秋を愛し、
秋は誰よりもアクセラを愛していた。
秋は誰よりもアクセラを愛していた。
キズナはオレの問いかけに、どうしてかと聞き返したが、
キズナはオレの問いかけに、どうしてかと聞き返したが、
深い詮索は無用と知った途端何も言わなくなった。
深い詮索は無用と知った途端何も言わなくなった。
オレだって、アクセラを失いたくはない。
オレだって、アクセラを失いたくはない。
他のアンドロイドのことはあまり知らないが、
他のアンドロイドのことはあまり知らないが、
あいつより良いアンドロイドなんて、絶対に存在しない。
あいつより良いアンドロイドなんて、絶対に存在しない。
それは多分、家族ボケというか、そういうものはあると思う。
それは多分、家族ボケというか、そういうものはあると思う。
それでも代わりを探すなんて気にはなれそうになかった。
それでも代わりを探すなんて気にはなれそうになかった。
だが、どうすることも出来ない。
だが、どうすることも出来ない。
それが分かっているから、秋も何も言わないんだ。
それが分かっているから、秋も何も言わないんだ。
秀隆
秀隆
アクセラ……
アクセラ……
オレの小さな呟きは、静かに消えて行った。
オレの小さな呟きは、静かに消えて行った。
…………。
…………。
……。
……。
深夜、浅い眠りから眼が覚めた。
深夜、浅い眠りから眼が覚めた。
アクセラのことが、頭から離れなかったせいだ。
アクセラのことが、頭から離れなかったせいだ。
秀隆
秀隆
…………
…………
もしかしたら、直っている可能性もあるかも知れない。
もしかしたら、直っている可能性もあるかも知れない。
そんな淡い妄想が脳裏を過ぎる。
そんな淡い妄想が脳裏を過ぎる。
部屋のドアを開ければ、
部屋のドアを開ければ、
台所に立つアクセラが、いるかも知れない。
台所に立つアクセラが、いるかも知れない。
僅かな期待を胸に、オレは電気をつけた。
僅かな期待を胸に、オレは電気をつけた。
けれど
けれど
数時間前と、寸分違わないアクセラの姿がそこにあった。
数時間前と、寸分違わないアクセラの姿がそこにあった。
秀隆
秀隆
…………
…………
オレは、アクセラの前に腰を下ろす。
オレは、アクセラの前に腰を下ろす。
秀隆
秀隆
おい
おい
アクセラ
アクセラ
…………
…………
秀隆
秀隆
おいってば
おいってば
アクセラ
アクセラ
…………
…………
何も、返事は返ってこない。
何も、返事は返ってこない。
秀隆
秀隆
いつものように、軽口でも言ってみてくれよ
いつものように、軽口でも言ってみてくれよ
秀隆
秀隆
……だんまりかよ……
……だんまりかよ……
秀隆
秀隆
あんまりじっとしてると、胸揉むぞ、胸っ
あんまりじっとしてると、胸揉むぞ、胸っ
オレはわきわきと手を動かし、アクセラの胸へと手を伸ばす。
オレはわきわきと手を動かし、アクセラの胸へと手を伸ばす。
だが、触れる寸前まできても、アクセラは動かなかった。
だが、触れる寸前まできても、アクセラは動かなかった。
秀隆
秀隆
……おまえ、オレが触れないと思ってやがるな？
……おまえ、オレが触れないと思ってやがるな？
秀隆
秀隆
オレを舐めてると、痛い目に合うぞ？　ん？
オレを舐めてると、痛い目に合うぞ？　ん？
…………。
…………。
秀隆
秀隆
あぁそうさ、オレはおっぱいにも触れないチキン野郎さ
あぁそうさ、オレはおっぱいにも触れないチキン野郎さ
秀隆
秀隆
だがな、目の前でチ○コ出すことくらいはできる
だがな、目の前でチ○コ出すことくらいはできる
秀隆
秀隆
なんなら、今すぐここでぷるぷる振り回してやろうか？
なんなら、今すぐここでぷるぷる振り回してやろうか？
アクセラ
アクセラ
…………
…………
秀隆
秀隆
……しっかりしてくれよ……秋が、寂しがるだろ……
……しっかりしてくれよ……秋が、寂しがるだろ……
秀隆
秀隆
お前抜きで、どうやってあいつと暮らしていくんだよ……
お前抜きで、どうやってあいつと暮らしていくんだよ……
どれだけ弱音を吐こうと、アクセラは動かない。
どれだけ弱音を吐こうと、アクセラは動かない。
起動していることだけは分かるが、
起動していることだけは分かるが、
どうして動かないのか、オレには分かりようもなかった。
どうして動かないのか、オレには分かりようもなかった。
こんなことなら、少しでもアンドロイドについて学んでおけばよかった。
こんなことなら、少しでもアンドロイドについて学んでおけばよかった。
肩を揺すってみてもいいのか、と言うことすら分からない。
肩を揺すってみてもいいのか、と言うことすら分からない。
エネルギーを供給しなければ、
エネルギーを供給しなければ、
アクセラはいずれ稼動を停止する。
アクセラはいずれ稼動を停止する。
その瞬間が、恐らく本当の『死』ってヤツになるだろう。
その瞬間が、恐らく本当の『死』ってヤツになるだろう。
このままアクセラを死なせてしまう。
このままアクセラを死なせてしまう。
本当にそれでいいのか？
本当にそれでいいのか？
だが、強行すれば最悪、オレもアクセラも共倒れになる。
だが、強行すれば最悪、オレもアクセラも共倒れになる。
アクセラの修理は適わずオレは逮捕。
アクセラの修理は適わずオレは逮捕。
あるいはアクセラの修理が出来たとしても、
あるいはアクセラの修理が出来たとしても、
本当の主の下へと帰されるだけ。
本当の主の下へと帰されるだけ。
やはり、諦めるしかないんだろうか。
やはり、諦めるしかないんだろうか。
５年間苦楽を共にし、助けてもらってばかりだったアクセラ。
５年間苦楽を共にし、助けてもらってばかりだったアクセラ。
人はアンドロイドなんて、買い換えればいいと言う。
人はアンドロイドなんて、買い換えればいいと言う。
でもそうじゃないだろ。
でもそうじゃないだろ。
こいつは家族なんだ。
こいつは家族なんだ。
失えば、きっとどうしようもない悲しみと絶望が押し寄せる。
失えば、きっとどうしようもない悲しみと絶望が押し寄せる。
……このままアクセラを死なせるわけにはいかない。
……このままアクセラを死なせるわけにはいかない。
何故なら
何故なら
オレのために
オレのために
秋のために
秋のために
秋にとっては、アクセラが唯一の心のよりどころだからだ。
秋にとっては、アクセラが唯一の心のよりどころだからだ。
それを失ったら、また昔のような状態に戻りかねない。
それを失ったら、また昔のような状態に戻りかねない。
アクセラが持ち主の下に帰されるとしても、
アクセラが持ち主の下に帰されるとしても、
ここで死なせてしまうよりは遥かにマシだ。
ここで死なせてしまうよりは遥かにマシだ。
多少のリスクを覚悟で、救う手立てを考えなければいけない。
多少のリスクを覚悟で、救う手立てを考えなければいけない。
アクセラには、この５年間世話になりっぱなしだった。
アクセラには、この５年間世話になりっぱなしだった。
アンドロイドだから、で済ませられるようなことじゃない。
アンドロイドだから、で済ませられるようなことじゃない。
あいつに報いなければ、オレは恥を背負ったまま生きることになる。
あいつに報いなければ、オレは恥を背負ったまま生きることになる。
部屋に戻ったオレは、決意を胸に秘め作戦を考え始める。
部屋に戻ったオレは、決意を胸に秘め作戦を考え始める。
手順を誤れば、最悪の結末を招くことにだってなる。
手順を誤れば、最悪の結末を招くことにだってなる。
絶対に守らなければならないものは、アクセラを直すことだ。
絶対に守らなければならないものは、アクセラを直すことだ。
そのためには、なんとしても修理を受けさせる必要がある。
そのためには、なんとしても修理を受けさせる必要がある。
それに、オレが逮捕された後のことも考えなければならない。
それに、オレが逮捕された後のことも考えなければならない。
seカードスルー
seカードスルー
ＩＤを端末に差込み、残高を参照する。
ＩＤを端末に差込み、残高を参照する。
秀隆
秀隆
……持って数ヶ月か
……持って数ヶ月か
オレが不在になった後、厳しい生活を強いられることになる。
オレが不在になった後、厳しい生活を強いられることになる。
部屋の引きだし。
部屋の引きだし。
鍵のかかったその場所に手を伸ばし
鍵のかかったその場所に手を伸ばし
キズナ
キズナ
ひーくん。ちょっといいですか？
ひーくん。ちょっといいですか？
扉の向こうから、キズナの声が聞こえた。
扉の向こうから、キズナの声が聞こえた。
オレは伸ばしかけていた手を戻す。
オレは伸ばしかけていた手を戻す。
秀隆
秀隆
どうした？
どうした？
秀隆
秀隆
眠れないのか？
眠れないのか？
キズナ
キズナ
どうしても、ひーくんの言ったことが気になっていまして
どうしても、ひーくんの言ったことが気になっていまして
キズナ
キズナ
アクセラさんを救うつもりがない、と言うのは本当ですか？
アクセラさんを救うつもりがない、と言うのは本当ですか？
秀隆
秀隆
ああ……その通りだ
ああ……その通りだ
今はまだ、そう伝えておいた方がいいだろう。
今はまだ、そう伝えておいた方がいいだろう。
ぬか喜びをさせてしまったら、更に辛い思いをすることになる。
ぬか喜びをさせてしまったら、更に辛い思いをすることになる。
キズナ
キズナ
そうですか……
そうですか……
秀隆
秀隆
おまえにも秋にも悪いとは思うが、あきらめてくれ
おまえにも秋にも悪いとは思うが、あきらめてくれ
キズナ
キズナ
居候の私には、何かを言う権利はありません。
居候の私には、何かを言う権利はありません。
でも、アクセラさんには沢山お世話になってきました
でも、アクセラさんには沢山お世話になってきました
キズナ
キズナ
私個人としては、助けてあげたいと思っています
私個人としては、助けてあげたいと思っています
秀隆
秀隆
気持ちは分かる。でも、勝手な行動だけはしないでくれ
気持ちは分かる。でも、勝手な行動だけはしないでくれ
秀隆
秀隆
アクセラのことは、誰であっても口外しない。最初に約束したよな？
アクセラのことは、誰であっても口外しない。最初に約束したよな？
キズナ
キズナ
……はい。その約束を破るつもりはないです
……はい。その約束を破るつもりはないです
秀隆
秀隆
ならいいんだ
ならいいんだ
キズナ
キズナ
それと、こんな時に申し訳ないのですが、
それと、こんな時に申し訳ないのですが、
どうしてもひーくんにお伝えしなければならないことがあります
どうしてもひーくんにお伝えしなければならないことがあります
秀隆
秀隆
なんだ？
なんだ？
キズナ
キズナ
まだ日付は決まってないんですが、
まだ日付は決まってないんですが、
今度２日ほど検査入院して欲しいとかずちーに言われました
今度２日ほど検査入院して欲しいとかずちーに言われました
秀隆
秀隆
検査入院？　どこか悪いのか？
検査入院？　どこか悪いのか？
キズナ
キズナ
いえ、そう言うわけではないそうです。
いえ、そう言うわけではないそうです。
冷凍保存の影響が出ていないか、精密に調べたいそうで
冷凍保存の影響が出ていないか、精密に調べたいそうで
秀隆
秀隆
そうか。それは調べてもらった方がいいな
そうか。それは調べてもらった方がいいな
万が一何か後で発覚しても大変だ。
万が一何か後で発覚しても大変だ。
キズナ
キズナ
決まり次第ご報告しますね
決まり次第ご報告しますね
秀隆
秀隆
わかった
わかった
キズナ
キズナ
それじゃ、おやすみなさいです
それじゃ、おやすみなさいです
秀隆
秀隆
おやすみ
おやすみ
秀隆
秀隆
助けてあげたいと思ってる、か
助けてあげたいと思ってる、か
キズナのその気持ちが、素直に嬉しかった。
キズナのその気持ちが、素直に嬉しかった。
アクセラの存在が、大切なものだと理解してくれている。
アクセラの存在が、大切なものだと理解してくれている。
秀隆
秀隆
迷う必要もなくなったな
迷う必要もなくなったな
オレは引き出しへと再び手を伸ばした。
オレは引き出しへと再び手を伸ばした。
…………。
…………。
……。
……。
