静乃
静乃
ん……
ん……
そして一度唇を重ね合わせる。
そして一度唇を重ね合わせる。
静乃
静乃
意外と紳士なんですね。キスから入るなんて
意外と紳士なんですね。キスから入るなんて
恭一
恭一
女の味を思い出そうと思ってな
女の味を思い出そうと思ってな
静乃
静乃
……んっ……
……んっ……
再びのキス。
再びのキス。
そして、首筋にキスをし、匂いを堪能する。
そして、首筋にキスをし、匂いを堪能する。
髪と肌から漂う、心地の良い香り。
髪と肌から漂う、心地の良い香り。
ゆっくりと手を静乃の胸に手を置き、手のひらに力を込めた。
ゆっくりと手を静乃の胸に手を置き、手のひらに力を込めた。
静乃
静乃
あっ……ぁ……どうですか、女性の身体の感触は……
あっ……ぁ……どうですか、女性の身体の感触は……
恭一
恭一
さすがに気持ちいいもんだな。それが１５０年ぶりともなれば、なおさら
さすがに気持ちいいもんだな。それが１５０年ぶりともなれば、なおさら
静乃
静乃
遠慮せず、いくらでも楽しんでください。時間はたくさんありますから
遠慮せず、いくらでも楽しんでください。時間はたくさんありますから
恭一
恭一
もちろんだ。１回２回で終わらせるつもりはない
もちろんだ。１回２回で終わらせるつもりはない
オレは揉むと言うよりは、優しくなでるように、胸の感触を確かめる。
オレは揉むと言うよりは、優しくなでるように、胸の感触を確かめる。
静乃
静乃
ふぅ……ん……あ……っ……ふぅっ……
ふぅ……ん……あ……っ……ふぅっ……
呼吸をするように、静乃は胸に触れるたび声を漏らした。
呼吸をするように、静乃は胸に触れるたび声を漏らした。
少しだけ指先に力を込め、胸を揉む。
少しだけ指先に力を込め、胸を揉む。
静乃
静乃
っく……不思議なものですね……同じ手なのに、ここまで違うなんて
っく……不思議なものですね……同じ手なのに、ここまで違うなんて
恭一
恭一
おっさんと一緒にするなよ？
おっさんと一緒にするなよ？
若い力を見せるように、指先に段々と力を込めていく。
若い力を見せるように、指先に段々と力を込めていく。
恭一
恭一
沈む沈む
沈む沈む
静乃
静乃
あ、はぁ……ん、ちゅ……ちゅ……っ
あ、はぁ……ん、ちゅ……ちゅ……っ
キスをし、静乃の口内に舌を差し入れる。
キスをし、静乃の口内に舌を差し入れる。
オレにとっては、初めてであり初めてではないキス。
オレにとっては、初めてであり初めてではないキス。
静乃
静乃
い、いきなり舌が……んっ！　じゅるっ、れ、ちゅぷ、んぅっ！
い、いきなり舌が……んっ！　じゅるっ、れ、ちゅぷ、んぅっ！
差し入れてから、すぐにオレは静乃舌に自らの舌を絡ませた。
差し入れてから、すぐにオレは静乃舌に自らの舌を絡ませた。
舌は過去の経験を確かに覚えている。
舌は過去の経験を確かに覚えている。
静乃の両頬を左手で抑え、強引に口を開かせ、舌をすすりあげる。
静乃の両頬を左手で抑え、強引に口を開かせ、舌をすすりあげる。
静乃
静乃
は、はげひ……じゅ、りゅるっ、じゅっ、ちゅぷ、んぅ。
は、はげひ……じゅ、りゅるっ、じゅっ、ちゅぷ、んぅ。
は、んぅっ！
は、んぅっ！
呼吸もさせないつもりで、オレの舌と唾液を送り込む。
呼吸もさせないつもりで、オレの舌と唾液を送り込む。
そして静乃の口内、舌、歯茎、歯、全てを犯しぬいていく。
そして静乃の口内、舌、歯茎、歯、全てを犯しぬいていく。
静乃
静乃
ごぷっ、ぷちゅ、ん！　ふんっ、は、ぁ、んくっ、ぬちゅる、んん、んんんっ！
ごぷっ、ぷちゅ、ん！　ふんっ、は、ぁ、んくっ、ぬちゅる、んん、んんんっ！
静乃からは、飲んだビールの味がした。
静乃からは、飲んだビールの味がした。
長い長いキスを続け、オレは唇を離す。
長い長いキスを続け、オレは唇を離す。
静乃
静乃
ぷはっ！　は、は、はあっ……っはぁっ……
ぷはっ！　は、は、はあっ……っはぁっ……
胸を大きく前後させながら、身体から熱を発する静乃。
胸を大きく前後させながら、身体から熱を発する静乃。
静乃
静乃
こんなキスをしたのは、初めてです……
こんなキスをしたのは、初めてです……
恭一
恭一
だろうな
だろうな
オレは再び静乃の唇を奪う。
オレは再び静乃の唇を奪う。
さっきよりも激しく暴れまわり、舌と舌を強引に絡め、オレの唾液をふんだんに送り込む。
さっきよりも激しく暴れまわり、舌と舌を強引に絡め、オレの唾液をふんだんに送り込む。
静乃
静乃
んくっ、んっ！　ん、んんっ、ん！　は、恭一……さん、んっ！
んくっ、んっ！　ん、んんっ、ん！　は、恭一……さん、んっ！
それを拒むことなく、静乃はむしろ積極的に答えようとする。
それを拒むことなく、静乃はむしろ積極的に答えようとする。
オレの頭を押さえ、自らの唇に引き寄せる。
オレの頭を押さえ、自らの唇に引き寄せる。
静乃
静乃
……恥ずかしい……です……
……恥ずかしい……です……
恭一
恭一
恥ずかしい、ね。おっさんとはどれくらい寝たんだ？
恥ずかしい、ね。おっさんとはどれくらい寝たんだ？
オレは胸を直に揉みながら、静乃を言葉で責めたてる。
オレは胸を直に揉みながら、静乃を言葉で責めたてる。
静乃
静乃
そ、それは……お答え、でき、ん……できませんっ……はぁっ
そ、それは……お答え、でき、ん……できませんっ……はぁっ
恭一
恭一
どれくらい寝たんだ？　答えろ
どれくらい寝たんだ？　答えろ
乳首に触れ、オレはそれを強く摘み上げる。
乳首に触れ、オレはそれを強く摘み上げる。
その瞬間、静乃の身体が大きく跳ねた。
その瞬間、静乃の身体が大きく跳ねた。
静乃
静乃
ああっ！　や、なっ、は……こんなの……はぁっ、はあ……っ！
ああっ！　や、なっ、は……こんなの……はぁっ、はあ……っ！
恭一
恭一
何回寝たんだ？
何回寝たんだ？
静乃
静乃
か……かずは、わかりませんっ……覚えて、いませんっ……
か……かずは、わかりませんっ……覚えて、いませんっ……
恭一
恭一
なるほどな。なら、随分と使いこまれたってわけだ
なるほどな。なら、随分と使いこまれたってわけだ
静乃
静乃
やぁっ、お願い、そんなこと、もう聞かないで……っ、あぁっ、んっ
やぁっ、お願い、そんなこと、もう聞かないで……っ、あぁっ、んっ
静乃の秘所をこすり上げていく。
静乃の秘所をこすり上げていく。
既に湿り始めていたそこは、すぐにじっとりと濡れ広がっっていく。
既に湿り始めていたそこは、すぐにじっとりと濡れ広がっっていく。
恥ずかしがっていた静乃は冷静さを欠きはじめる。
恥ずかしがっていた静乃は冷静さを欠きはじめる。
静乃
静乃
はあ、あ、あ、あ、っ、ん、はぁっ、は、はぁっ………き、気持ちいいっ……
はあ、あ、あ、あ、っ、ん、はぁっ、は、はぁっ………き、気持ちいいっ……
股間からの刺激に快楽を感じ、自ら足を広げていく。
股間からの刺激に快楽を感じ、自ら足を広げていく。
オレは秘所の入口へと中指を沈めていく。
オレは秘所の入口へと中指を沈めていく。
静乃
静乃
あぁっ！　あ、恭一さんの、ゆ、指が、私の中に……入ってくるっ……！
あぁっ！　あ、恭一さんの、ゆ、指が、私の中に……入ってくるっ……！
そこは思ったよりも遥かに濡れており、スムーズに出し入れができた。
そこは思ったよりも遥かに濡れており、スムーズに出し入れができた。
オレは指先を素早く前後させ、ぶるぶると痙攣させる。
オレは指先を素早く前後させ、ぶるぶると痙攣させる。
静乃
静乃
はああ！　ああっ、あ、はぁっ、あ、だ、だめ、だめっ！
はああ！　ああっ、あ、はぁっ、あ、だ、だめ、だめっ！
迫りくる快楽に抵抗し必死にイクまいと首を振る。
迫りくる快楽に抵抗し必死にイクまいと首を振る。
ならばと、オレはクリ○リスにも刺激を与えながら、乳首を口の中に含んだ。
ならばと、オレはクリ○リスにも刺激を与えながら、乳首を口の中に含んだ。
そして舌先で先端を転がしながら、上下で同時に刺激を与えていく。
そして舌先で先端を転がしながら、上下で同時に刺激を与えていく。
静乃
静乃
こんなの、はあっ、あ、経験したこと、な……は、あ、んあ、
こんなの、はあっ、あ、経験したこと、な……は、あ、んあ、
はぁっ！
はぁっ！
くちゅくちゅと指先を秘所に出入りさせ、静乃の絶頂を誘う。
くちゅくちゅと指先を秘所に出入りさせ、静乃の絶頂を誘う。
静乃
静乃
は、あぁっ、は、はぁっ、だめ、だめです、あぁっ！
は、あぁっ、は、はぁっ、だめ、だめです、あぁっ！
あ、ああっ！
あ、ああっ！
そして、突如ピンと身体を張り、潮を吹いた。
そして、突如ピンと身体を張り、潮を吹いた。
静乃
静乃
あ、ああああああああああっ！
あ、ああああああああああっ！
それは思ったよりも激しく、じょばじょばと音を立てて噴き出す。
それは思ったよりも激しく、じょばじょばと音を立てて噴き出す。
オレはそれでも指先の動きを止めず、最後の一滴までかき出すように動きを続けた。
オレはそれでも指先の動きを止めず、最後の一滴までかき出すように動きを続けた。
静乃
静乃
だ、だめ、こんなの、見ないでっ……！
だ、だめ、こんなの、見ないでっ……！
恭一
恭一
びしょびしょだな
びしょびしょだな
オレの手も、ベッドも愛液まみれだ。
オレの手も、ベッドも愛液まみれだ。
静乃
静乃
はぁ、はぁっ……はぁ……ご自分で、自負されるだけのことはありますね
はぁ、はぁっ……はぁ……ご自分で、自負されるだけのことはありますね
静乃
静乃
っはぁ……はあ……こんなに早くいかされたのは、初めてです……
っはぁ……はあ……こんなに早くいかされたのは、初めてです……
恭一
恭一
まだまだこれからだろ
まだまだこれからだろ
オレはズボンを脱ぎ、静乃の前にソレをさらけださす。
オレはズボンを脱ぎ、静乃の前にソレをさらけださす。
静乃
静乃
…………
…………
静乃は言葉を失い、それを凝視する。
静乃は言葉を失い、それを凝視する。
静乃
静乃
随分、立派なモノをお持ちなんですね……と言うか、大きすぎるような……
随分、立派なモノをお持ちなんですね……と言うか、大きすぎるような……
恭一
恭一
たっぷりと堪能させてやる
たっぷりと堪能させてやる
オレは静乃の足を広げ、自らのモノを差し込んでいく。
オレは静乃の足を広げ、自らのモノを差し込んでいく。
静乃
静乃
んっ！　は……入りきるか、少々不安が……んぅっ！
んっ！　は……入りきるか、少々不安が……んぅっ！
やや強引に押し広げながら、モノを沈めていく。
やや強引に押し広げながら、モノを沈めていく。
だが、中は狭く簡単には行かない。
だが、中は狭く簡単には行かない。
オレはそこで、いったん後退すると、ベッドに横になった。
オレはそこで、いったん後退すると、ベッドに横になった。
恭一
恭一
おまえが上だ
おまえが上だ
静乃
静乃
……はい……
……はい……
オレのモノを前に、静乃がゆっくり腰を下ろしていく。
オレのモノを前に、静乃がゆっくり腰を下ろしていく。
静乃
静乃
ぅ……っ……はぁっ……
ぅ……っ……はぁっ……
自らの中へ、沈めていく。
自らの中へ、沈めていく。
オレは静乃の腰に手を当て、やや強引に突き上げていった。
オレは静乃の腰に手を当て、やや強引に突き上げていった。
静乃
静乃
んくっ！　す、少し強引すぎませんか、恭一さんっ……
んくっ！　す、少し強引すぎませんか、恭一さんっ……
恭一
恭一
痛くはないだろ？
痛くはないだろ？
静乃
静乃
それはそうですが、衝撃が……あふっ！
それはそうですが、衝撃が……あふっ！
オレが最後まで突き入れると、静乃が一際大きく鳴いた。
オレが最後まで突き入れると、静乃が一際大きく鳴いた。
静乃
静乃
あ、あぁっ……ん……信じられない……中に入っただけで……
あ、あぁっ……ん……信じられない……中に入っただけで……
オレは余韻に浸らせる間もなく、腰を動かし始める。
オレは余韻に浸らせる間もなく、腰を動かし始める。
静乃
静乃
んっ、あっ……あっ、あ……あぁ……
んっ、あっ……あっ、あ……あぁ……
静乃は快楽を楽しみながら、オレのシャツに手をかけた。
静乃は快楽を楽しみながら、オレのシャツに手をかけた。
静乃
静乃
見せてください……いいですか？
見せてください……いいですか？
恭一
恭一
ああ
ああ
静乃がオレのシャツを脱がせる。
静乃がオレのシャツを脱がせる。
静乃
静乃
なるほど、あっ、あぁっ……これは、確かに刺激が強いかもしれませんね
なるほど、あっ、あぁっ……これは、確かに刺激が強いかもしれませんね
オレの身体には、無数の傷跡が残っている。
オレの身体には、無数の傷跡が残っている。
静乃はそれをみて、むしろより膣内が締め付けてくるようだった。
静乃はそれをみて、むしろより膣内が締め付けてくるようだった。
静乃
静乃
すごく完成された肉体……見ているだけで、その素晴らしさが分かります
すごく完成された肉体……見ているだけで、その素晴らしさが分かります
オレの腹に触れ、胸に触れ、乳首へと手を這わせる。
オレの腹に触れ、胸に触れ、乳首へと手を這わせる。
恭一
恭一
惚れるなよ？
惚れるなよ？
自らも腰を振り始めた静乃に合わせ、オレはだんだんとペースをあげていく。
自らも腰を振り始めた静乃に合わせ、オレはだんだんとペースをあげていく。
静乃
静乃
ん、はぁ……あっ…ああぁ……それは……少し、手遅れかも……あああっ
ん、はぁ……あっ…ああぁ……それは……少し、手遅れかも……あああっ
静乃
静乃
もっと、もっとあなたが知りたいです……はぁっ、は、
もっと、もっとあなたが知りたいです……はぁっ、は、
んあぁっ……
んあぁっ……
恭一
恭一
オレもお前に興味がある
オレもお前に興味がある
静乃
静乃
うれしい……私で、もっと感じてください。強くても、大丈夫ですから
うれしい……私で、もっと感じてください。強くても、大丈夫ですから
その言葉を受け、オレは胸を思い切り掴む。
その言葉を受け、オレは胸を思い切り掴む。
そして壊れそうなほどに揉む。
そして壊れそうなほどに揉む。
それを受け、静乃は乳首を固くし、甘い吐息を吐き出す。
それを受け、静乃は乳首を固くし、甘い吐息を吐き出す。
静乃の頭を引き寄せ、キスを繰り返す。
静乃の頭を引き寄せ、キスを繰り返す。
静乃
静乃
ん、ちゅ、ふ……ん、ぅ……くちゅ、りゅ、んぅ……
ん、ちゅ、ふ……ん、ぅ……くちゅ、りゅ、んぅ……
いやらしい……
いやらしい……
静乃
静乃
い、いつれも……ふぅ、私の中で……果ててくらはい、ちゅる、んっ
い、いつれも……ふぅ、私の中で……果ててくらはい、ちゅる、んっ
静乃
静乃
はあ、あっ、んあぁ、あ……だめ、腰が止まらない……
はあ、あっ、んあぁ、あ……だめ、腰が止まらない……
奥まで、子宮の奥にまで届きすぎて、どうにかなってしまいそうっ……
奥まで、子宮の奥にまで届きすぎて、どうにかなってしまいそうっ……
静乃
静乃
ダメ、もう、あなた以外、考えられなくなる……はぁ、はぁっ
ダメ、もう、あなた以外、考えられなくなる……はぁ、はぁっ
オレは片方の手を、静乃の尻にやり、肛門に触れた。
オレは片方の手を、静乃の尻にやり、肛門に触れた。
静乃
静乃
っかは！　そ、そこはっ！
っかは！　そ、そこはっ！
指先をねじり込む。
指先をねじり込む。
静乃
静乃
ひぐっ！　だ、だめ、そこは、あ、あ、っ、だめ、入ってくるっ！
ひぐっ！　だ、だめ、そこは、あ、あ、っ、だめ、入ってくるっ！
指をぎゅっと締め付ける。
指をぎゅっと締め付ける。
オレは奥へ奥へと突き進める。
オレは奥へ奥へと突き進める。
静乃
静乃
き、汚い、ですから……やめ、あぁ、ふあああっ……！
き、汚い、ですから……やめ、あぁ、ふあああっ……！
肛門の中で指をかすかに動かすたび、静乃の胸が大きく揺れる。
肛門の中で指をかすかに動かすたび、静乃の胸が大きく揺れる。
オレの股間が、ぐっしょりと濡れていくのがよくわかった。
オレの股間が、ぐっしょりと濡れていくのがよくわかった。
静乃
静乃
ひ、ひどい、こんな、ひどいのに、感じて、私……はぁっ
ひ、ひどい、こんな、ひどいのに、感じて、私……はぁっ
静乃
静乃
もう、もうダメ、私、あ、ああっ、恭一さんっ私はっ……
もう、もうダメ、私、あ、ああっ、恭一さんっ私はっ……
オレはいじくっていた指を止め、それを引き抜いた。
オレはいじくっていた指を止め、それを引き抜いた。
静乃
静乃
ふあっ！
ふあっ！
ぷすーっと空気の入り込む音。
ぷすーっと空気の入り込む音。
それに頬を赤らめる静乃。
それに頬を赤らめる静乃。
さて……。
さて……。
恭一
恭一
…………
…………
静乃
静乃
はぁ、はあ……っ……
はぁ、はあ……っ……
先ほどまでの淫らな音は消え、部屋には一瞬の静寂。
先ほどまでの淫らな音は消え、部屋には一瞬の静寂。
静乃
静乃
はぁっ……は……ど、どうしたんですか？　恭一さん……
はぁっ……は……ど、どうしたんですか？　恭一さん……
オレが腰の動きを止めたことに、不安な声を出す静乃。
オレが腰の動きを止めたことに、不安な声を出す静乃。
静乃
静乃
私、何か至らないことがありました、か？
私、何か至らないことがありました、か？
恭一
恭一
いや。ひとつしておかなきゃならない話を思い出した
いや。ひとつしておかなきゃならない話を思い出した
静乃
静乃
こんな、時に……？
こんな、時に……？
こんな時、とはもちろん、セックスの最中であり、
こんな時、とはもちろん、セックスの最中であり、
お互いに繋がった状態であるにも関わらず、と言うことだ。
お互いに繋がった状態であるにも関わらず、と言うことだ。
恭一
恭一
おまえがオレと大河内の元に来る前に、あいつと話したことがある
おまえがオレと大河内の元に来る前に、あいつと話したことがある
恭一
恭一
大河内が言うには、どうも自分の傍にスパイがいるって話だ
大河内が言うには、どうも自分の傍にスパイがいるって話だ
静乃
静乃
スパイ……初耳です……
スパイ……初耳です……
恭一
恭一
そりゃそうだろうな。スパイの可能性がある奴に、
そりゃそうだろうな。スパイの可能性がある奴に、
スパイがいるかもなんて言うわけがないだろ
スパイがいるかもなんて言うわけがないだろ
静乃
静乃
それ、どういう意味ですか……？
それ、どういう意味ですか……？
恭一
恭一
さぁ、どういう意味だろうな？
さぁ、どういう意味だろうな？
オレは静乃のケツを掴み、上で停止する静乃を突き上げた。
オレは静乃のケツを掴み、上で停止する静乃を突き上げた。
静乃
静乃
はうっ！
はうっ！
突然の再開に、驚きの声をあげる。
突然の再開に、驚きの声をあげる。
恭一
恭一
自分に近づいてくる人間は、必ず何かを求めてやってくる。
自分に近づいてくる人間は、必ず何かを求めてやってくる。
下心を持って近づいてくる。だがそれは普通のことだ
下心を持って近づいてくる。だがそれは普通のことだ
話しながら、腰を強く打ちつける。
話しながら、腰を強く打ちつける。
静乃
静乃
あんっ、んっ……何が言いたい、あっ、のか……
あんっ、んっ……何が言いたい、あっ、のか……
わかりませんっ……
わかりませんっ……
快楽に頬を赤らめながらも、静乃は鋭い視線でオレを見下ろしていた。
快楽に頬を赤らめながらも、静乃は鋭い視線でオレを見下ろしていた。
獲物を狙うハンターのように。
獲物を狙うハンターのように。
恭一
恭一
見返りを求めているような奴だからこそある程度信頼がおける。
見返りを求めているような奴だからこそある程度信頼がおける。
だが、そんなおっさんの周りに、たった一人見返りを求めない奴がいた
だが、そんなおっさんの周りに、たった一人見返りを求めない奴がいた
恭一
恭一
それが誰だかわかるか？　静乃
それが誰だかわかるか？　静乃
静乃
静乃
私には、あっ、わからない……んっ……あ、私の胸、もっと強くっ……
私には、あっ、わからない……んっ……あ、私の胸、もっと強くっ……
恭一
恭一
あんたはそれだけの容姿がありながら、大河内に抱かれ、何も求めない
あんたはそれだけの容姿がありながら、大河内に抱かれ、何も求めない
恭一
恭一
金も、地位も、欲しようとしない。それはなぜだ？
金も、地位も、欲しようとしない。それはなぜだ？
オレは自らの限界が近いのを感じ、スパンを上げていく。
オレは自らの限界が近いのを感じ、スパンを上げていく。
恭一
恭一
そして……
そして……
静乃
静乃
ん、っあ、あっ、あぁっ。あ、ああっ！　きもち、いいっ！　はあ！
ん、っあ、あっ、あぁっ。あ、ああっ！　きもち、いいっ！　はあ！
静乃は答えず、自らの快楽だけを言葉にする。
静乃は答えず、自らの快楽だけを言葉にする。
だが、視線だけはオレをとらえて離さなかった。
だが、視線だけはオレをとらえて離さなかった。
オレは肛門に突き入れていた指を静乃の視界にうつす。
オレは肛門に突き入れていた指を静乃の視界にうつす。
そして、それをオレは自らの口に含んだ。
そして、それをオレは自らの口に含んだ。
ほらな？
ほらな？
オレの心の言葉。
オレの心の言葉。
だが、間違いなく静乃には届いただろう。
だが、間違いなく静乃には届いただろう。
腰をねじ込み、オレは自らの限界をアピールする。
腰をねじ込み、オレは自らの限界をアピールする。
静乃
静乃
い、いくの？　イっちゃうの？　恭一っ……いくのっ？
い、いくの？　イっちゃうの？　恭一っ……いくのっ？
恭一
恭一
中に出してやろうか？　たっぷり
中に出してやろうか？　たっぷり
静乃
静乃
んっ、なか、中がいい、あんっ、私の中で……お願い、
んっ、なか、中がいい、あんっ、私の中で……お願い、
私の中でっ！
私の中でっ！
静乃
静乃
あ、あああ！　はあっ！　あ、熱いのが、入ってくるっ！
あ、あああ！　はあっ！　あ、熱いのが、入ってくるっ！
静乃
静乃
はああっ！　ああ……あっ！　……はぁっ！　はぁっ！
はああっ！　ああ……あっ！　……はぁっ！　はぁっ！
オレの上で、２度目の絶頂を迎える静乃。
オレの上で、２度目の絶頂を迎える静乃。
オレも、自らの性を静乃の中に注ぎ込んだ。
オレも、自らの性を静乃の中に注ぎ込んだ。
３回、４回……。
３回、４回……。
静乃の中で暴れまわる。
静乃の中で暴れまわる。
恭一
恭一
ふう、うっ……
ふう、うっ……
オレもまた仕事を終え、ホッと一息をついた。
オレもまた仕事を終え、ホッと一息をついた。
