秀隆
秀隆
はーっ……
はーっ……
秋
秋
…………
…………
キズナ
キズナ
…………
…………
アクセラ
アクセラ
…………
…………
秀隆
秀隆
はーっ……
はーっ……
アクセラ
アクセラ
これで、２８回目です、秀隆様
これで、２８回目です、秀隆様
秀隆
秀隆
……え、何が？
……え、何が？
アクセラ
アクセラ
ため息です
ため息です
秋
秋
起きてくるなり、テンションを下げるような真似はやめてください
起きてくるなり、テンションを下げるような真似はやめてください
秀隆
秀隆
オレ、ため息ついてた？
オレ、ため息ついてた？
キズナ
キズナ
はい。バッチリついてました
はい。バッチリついてました
そんな覚えは無かったが、どうやらついていたらしい。
そんな覚えは無かったが、どうやらついていたらしい。
秀隆
秀隆
別に落ち込んでるとかそう言うんじゃないんだ
別に落ち込んでるとかそう言うんじゃないんだ
オレは慌ててフォローを入れる。
オレは慌ててフォローを入れる。
秀隆
秀隆
心配させて悪いな
心配させて悪いな
秋
秋
誰も心配していません
誰も心配していません
アクセラ
アクセラ
はい
はい
キズナ
キズナ
はいっ
はいっ
秀隆
秀隆
少しは心配してくれてもいいんじゃないかな！
少しは心配してくれてもいいんじゃないかな！
全員眩しいくらいの笑顔だった。
全員眩しいくらいの笑顔だった。
キズナ
キズナ
一応、事務的にお聞きしますが、
一応、事務的にお聞きしますが、
どうしてため息ついてたんですか？
どうしてため息ついてたんですか？
秀隆
秀隆
事務的に聞かれてまで、オレは答えないといけないだろうか
事務的に聞かれてまで、オレは答えないといけないだろうか
キズナ
キズナ
答えないと、より辛いと思いますっ
答えないと、より辛いと思いますっ
ニッコリ。
ニッコリ。
秀隆
秀隆
……言わせてください
……言わせてください
オレは頭を下げてお願いした。
オレは頭を下げてお願いした。
キズナ
キズナ
ではどうぞっ
ではどうぞっ
秀隆
秀隆
まぁその、なんだ。昨日話したと思うけど、
まぁその、なんだ。昨日話したと思うけど、
今日はドリームタウンに出張なわけだ
今日はドリームタウンに出張なわけだ
秀隆
秀隆
それ自体も凄いことだけど、一流の特務官と一緒に行動するんだ。
それ自体も凄いことだけど、一流の特務官と一緒に行動するんだ。
それってとんでもなく大変なことじゃないか、ってさ
それってとんでもなく大変なことじゃないか、ってさ
秀隆
秀隆
一日中張り詰めていると思うと、多少欝にもなるってことだな
一日中張り詰めていると思うと、多少欝にもなるってことだな
うう、心なしかお腹が痛いぞぉ。
うう、心なしかお腹が痛いぞぉ。
アクセラ
アクセラ
昨日はあれほど張り切っておられたのに
昨日はあれほど張り切っておられたのに
キズナ
キズナ
チキン野郎ですねっ
チキン野郎ですねっ
秀隆
秀隆
キズナ、そう言う言い方は良くないと思うぞ。女の子として
キズナ、そう言う言い方は良くないと思うぞ。女の子として
アクセラ
アクセラ
ですが、チキン野郎と言う事実は変わりませんよ？
ですが、チキン野郎と言う事実は変わりませんよ？
秀隆
秀隆
うるせえな！
うるせえな！
秀隆
秀隆
……ともかく、ちょっと緊張するってことだ
……ともかく、ちょっと緊張するってことだ
アレコレと思考していたら、ため息が自然に出ていたんだろう。
アレコレと思考していたら、ため息が自然に出ていたんだろう。
アクセラ
アクセラ
秀隆様
秀隆様
アクセラが、やさしく声をかける。
アクセラが、やさしく声をかける。
さすがに、不安そうなオレを見て心配になったのだろう。
さすがに、不安そうなオレを見て心配になったのだろう。
秀隆
秀隆
どうした？
どうした？
オレも柔らかい表情を作り、それに答えた。
オレも柔らかい表情を作り、それに答えた。
アクセラ
アクセラ
島津家の恥になるようなことだけは、やめてくださいね
島津家の恥になるようなことだけは、やめてくださいね
秀隆
秀隆
ははっ、ワロス！
ははっ、ワロス！
キズナ
キズナ
ひーくんひーくん
ひーくんひーくん
朝食を食べた後、リビングで寛いでいたオレの下にキズナがやって来た。
朝食を食べた後、リビングで寛いでいたオレの下にキズナがやって来た。
秀隆
秀隆
どうしたー？
どうしたー？
キズナ
キズナ
今からかずちーのところに行くんですが、
今からかずちーのところに行くんですが、
ひーくんもどうですかっ？
ひーくんもどうですかっ？
秀隆
秀隆
倉屋敷社長のところに？　……うーん
倉屋敷社長のところに？　……うーん
今は、特にあの人に用はないしな。
今は、特にあの人に用はないしな。
用が無いのに言っても、暴力と暴言を振るわれるのがオチだ。
用が無いのに言っても、暴力と暴言を振るわれるのがオチだ。
あの凶暴な性格が無ければ、まだいいんだけど。
あの凶暴な性格が無ければ、まだいいんだけど。
キズナ
キズナ
今、ひょっとしてかずちーのことを凶暴とか思ってます？
今、ひょっとしてかずちーのことを凶暴とか思ってます？
秀隆
秀隆
お、思うわけないだろ。倉屋敷社長は素晴らしい人だよ
お、思うわけないだろ。倉屋敷社長は素晴らしい人だよ
キズナ
キズナ
では行きましょう行きましょう
では行きましょう行きましょう
秀隆
秀隆
う……いやでも、今日は出張があるしな……
う……いやでも、今日は出張があるしな……
キズナ
キズナ
素晴らしい人なら、特に問題はありませんよね？
素晴らしい人なら、特に問題はありませんよね？
秀隆
秀隆
も、もちろん……でも出張が……
も、もちろん……でも出張が……
キズナ
キズナ
お時間はありますよね？　それとも、
お時間はありますよね？　それとも、
やっぱりかずちーには会いたくない理由がありますか？
やっぱりかずちーには会いたくない理由がありますか？
秀隆
秀隆
あるわけないでしょ、やだなキズナくん
あるわけないでしょ、やだなキズナくん
キズナの罠（ってレベルでもない）にはまったオレは、
キズナの罠（ってレベルでもない）にはまったオレは、
倉屋敷ビルを目指して外へと出ることになった。
倉屋敷ビルを目指して外へと出ることになった。
秀隆
秀隆
午後から仕事だってのに、容赦ないよな
午後から仕事だってのに、容赦ないよな
キズナ
キズナ
あははっ
あははっ
いやいや、笑うだけかよ。
いやいや、笑うだけかよ。
秀隆
秀隆
……いいけどさ。家に居ても考え込むだけだったし
……いいけどさ。家に居ても考え込むだけだったし
キズナ
キズナ
そうですよ。人生は楽しんだもの勝ちですっ
そうですよ。人生は楽しんだもの勝ちですっ
秀隆
秀隆
おまえは、本当に人生を楽しんでそうだな
おまえは、本当に人生を楽しんでそうだな
キズナ
キズナ
記憶がないからこそ、明るく前向きに行かなければいけないかと
記憶がないからこそ、明るく前向きに行かなければいけないかと
秀隆
秀隆
その心構えは偉いぞ。尊敬に値する
その心構えは偉いぞ。尊敬に値する
キズナ
キズナ
どもですっ
どもですっ
ぺっこりと頭を下げる。
ぺっこりと頭を下げる。
キズナ
キズナ
実は、ひーくんを連れ出したのには理由があるんです
実は、ひーくんを連れ出したのには理由があるんです
秀隆
秀隆
なんだ……ちゃんと目的があったのか
なんだ……ちゃんと目的があったのか
キズナ
キズナ
はい。ひーくんに会わせたい人がいまして
はい。ひーくんに会わせたい人がいまして
秀隆
秀隆
オレに会わせたい人？
オレに会わせたい人？
キズナ
キズナ
私にこの世界のことを教えてくれてる、先生です
私にこの世界のことを教えてくれてる、先生です
秀隆
秀隆
そういえば、アンドロイドだっけ
そういえば、アンドロイドだっけ
キズナ
キズナ
そうです。とてもアンドロイドさんとは思えませんよっ
そうです。とてもアンドロイドさんとは思えませんよっ
秀隆
秀隆
そりゃ楽しみだ
そりゃ楽しみだ
オレは倉屋敷って言うと、ユウキしか知らないからなあ。
オレは倉屋敷って言うと、ユウキしか知らないからなあ。
キズナ
キズナ
こんにちはっ
こんにちはっ
キズナが警備員さんに挨拶する。
キズナが警備員さんに挨拶する。
いつもの、オレもよく知る警備員さんだ。
いつもの、オレもよく知る警備員さんだ。
警備員３
警備員３
こんにちは
こんにちは
普段は堅物のこの人も、女の子には優しいのか微笑んだ。
普段は堅物のこの人も、女の子には優しいのか微笑んだ。
秀隆
秀隆
おはようございます
おはようございます
警備員３
警備員３
……不審者を１名発見。直ちに応援を頼む
……不審者を１名発見。直ちに応援を頼む
秀隆
秀隆
ちょちょちょ！　いきなり無線で何を言ってるんですか！？
ちょちょちょ！　いきなり無線で何を言ってるんですか！？
警備員３
警備員３
冗談だ
冗談だ
秀隆
秀隆
許される冗談とそうじゃない冗談がありますって……
許される冗談とそうじゃない冗談がありますって……
キズナ
キズナ
警備員さんは面白いですねー
警備員さんは面白いですねー
警備員３
警備員３
そうかい？　はははは
そうかい？　はははは
秀隆
秀隆
…………
…………
デレデレしてるぞ、この人。
デレデレしてるぞ、この人。
オレに対応する時とはえらい違いだ。
オレに対応する時とはえらい違いだ。
警備員３
警備員３
ＩＤカードの提示を
ＩＤカードの提示を
キズナ
キズナ
はいっ
はいっ
seカード認証 (0
seカード認証 (0
キズナはＩＤカードで、ビルに入る許可を取る。
キズナはＩＤカードで、ビルに入る許可を取る。
警備員３
警備員３
おまえも。入るなら出すんだ
おまえも。入るなら出すんだ
秀隆
秀隆
は、はい
は、はい
seカード認証 (0
seカード認証 (0
キズナの時とは偉い対応の違いだな……。
キズナの時とは偉い対応の違いだな……。
許可を貰い、ビルの中へ。
許可を貰い、ビルの中へ。
秀隆
秀隆
相変わらず豪勢な作りだよなここは
相変わらず豪勢な作りだよなここは
それでもって、閑散としている。
それでもって、閑散としている。
社員の姿なんかは殆ど見かけることがなかった。
社員の姿なんかは殆ど見かけることがなかった。
ユウキ
ユウキ
おっす秀隆
おっす秀隆
ユウキが立っていた。
ユウキが立っていた。
秀隆
秀隆
おーユウキ。おはようさん
おーユウキ。おはようさん
キズナ
キズナ
あれ？　先生とお知り合いだったんですか？
あれ？　先生とお知り合いだったんですか？
秀隆
秀隆
え、先生？
え、先生？
キズナ
キズナ
はいっ
はいっ
秀隆
秀隆
……先生って、もしかして？
……先生って、もしかして？
ユウキ
ユウキ
そ、この俺。ユウキ先生ってわけ
そ、この俺。ユウキ先生ってわけ
まさか、ユウキが先生だったとは。
まさか、ユウキが先生だったとは。
そりゃ倉屋敷のアンドロイドって言ったら真っ先に浮かぶけど……。
そりゃ倉屋敷のアンドロイドって言ったら真っ先に浮かぶけど……。
秀隆
秀隆
多分先生とは程遠いヤツだから、だろうなぁ
多分先生とは程遠いヤツだから、だろうなぁ
ユウキ
ユウキ
よくわからんけど、失礼なこと考えてね？
よくわからんけど、失礼なこと考えてね？
秀隆
秀隆
気のせいだ
気のせいだ
ユウキ
ユウキ
しっかし、キズナちゃんと同棲なんて、羨ましいぜ
しっかし、キズナちゃんと同棲なんて、羨ましいぜ
秀隆
秀隆
同居と言え同居と。それに秋もいる
同居と言え同居と。それに秋もいる
ユウキ
ユウキ
可愛い女の子２人に囲まれて……羨ましいぜ
可愛い女の子２人に囲まれて……羨ましいぜ
秀隆
秀隆
……いや、嬉しくないし
……いや、嬉しくないし
キズナ
キズナ
嬉しくないですか、ちょっとショックです
嬉しくないですか、ちょっとショックです
秀隆
秀隆
あぁいや、嬉しくないことはないが
あぁいや、嬉しくないことはないが
ユウキ
ユウキ
嬉しいのかよ
嬉しいのかよ
秀隆
秀隆
嬉しくはな
嬉しくはな
キズナ
キズナ
嬉しくないんですね
嬉しくないんですね
秀隆
秀隆
いや、だから―――ってループだからやめい！
いや、だから―――ってループだからやめい！
キズナ
キズナ
あ、逃げた
あ、逃げた
ユウキに連れられ、オレは倉屋敷社長の部屋に。
ユウキに連れられ、オレは倉屋敷社長の部屋に。
秀隆
秀隆
社長は？
社長は？
ユウキ
ユウキ
寝てるよ。昨日徹夜だったみたいだから
寝てるよ。昨日徹夜だったみたいだから
秀隆
秀隆
そうか
そうか
キズナ
キズナ
今、ホッとしました？
今、ホッとしました？
秀隆
秀隆
してねえ……
してねえ……
恐ろしいツッコミをいれるよ、ホント。
恐ろしいツッコミをいれるよ、ホント。
秀隆
秀隆
でも、社長の部屋で色々教えてたんだな
でも、社長の部屋で色々教えてたんだな
ユウキ
ユウキ
ここなら盗聴の可能性もないからな。
ここなら盗聴の可能性もないからな。
キズナちゃんのことは、誰にも知られるわけにはいかないってことさ
キズナちゃんのことは、誰にも知られるわけにはいかないってことさ
秀隆
秀隆
徹底してるんだな
徹底してるんだな
ユウキ
ユウキ
さて、秀隆と面白おかしい話をしたいとこだけど……
さて、秀隆と面白おかしい話をしたいとこだけど……
ユウキは椅子に腰を下ろす。
ユウキは椅子に腰を下ろす。
ユウキ
ユウキ
とりあえず、勉強始めますか
とりあえず、勉強始めますか
キズナ
キズナ
はいっ
はいっ
オレはキズナの隣に座り、ユウキの講義を聴くことにした。
オレはキズナの隣に座り、ユウキの講義を聴くことにした。
ユウキ
ユウキ
まず、今日のキズナちゃんの下着の色から聞いていこうかな
まず、今日のキズナちゃんの下着の色から聞いていこうかな
秀隆
秀隆
おい……
おい……
キズナ
キズナ
白ですっ
白ですっ
秀隆
秀隆
おいっ！
おいっ！
ユウキ
ユウキ
なんだよ秀隆、いきなり突っ込みなんて入れて
なんだよ秀隆、いきなり突っ込みなんて入れて
秀隆
秀隆
勉強じゃなかったか？　勉強じゃ。いきなりセクハラだろそれは
勉強じゃなかったか？　勉強じゃ。いきなりセクハラだろそれは
キズナ
キズナ
私は気にしませんよ？
私は気にしませんよ？
ユウキ
ユウキ
だってさ
だってさ
秀隆
秀隆
ちょっとは気にしようぜ……
ちょっとは気にしようぜ……
秀隆
秀隆
まさか、いつもこんな質問してるんじゃないだろうな？
まさか、いつもこんな質問してるんじゃないだろうな？
ユウキ
ユウキ
し、してないしてない。秀隆がいるから聞いてみたんだよ
し、してないしてない。秀隆がいるから聞いてみたんだよ
秀隆
秀隆
本当か？
本当か？
ユウキではなくキズナに聞く。
ユウキではなくキズナに聞く。
キズナ
キズナ
そうですね。２回目くらいですっ
そうですね。２回目くらいですっ
どうやら、前に一度聞いているらしい。
どうやら、前に一度聞いているらしい。
秀隆
秀隆
授業してくれ授業を
授業してくれ授業を
ユウキ
ユウキ
なんで秀隆がそんなに乗り気なんだよ
なんで秀隆がそんなに乗り気なんだよ
秀隆
秀隆
え？　いや、なんていうか、オレもちょっと興味あるし。
え？　いや、なんていうか、オレもちょっと興味あるし。
この世界のことを教えてるってことは、社会だろ？
この世界のことを教えてるってことは、社会だろ？
先生をやってたから、人がどう言う授業をするのか気になる。
先生をやってたから、人がどう言う授業をするのか気になる。
就職前に受けた実習以外じゃ見たことないからなあ。
就職前に受けた実習以外じゃ見たことないからなあ。
ユウキ
ユウキ
だな。でも、大体説明は終わっちゃったけどなあ
だな。でも、大体説明は終わっちゃったけどなあ
ユウキ
ユウキ
知識に関して言えば、その辺の女の子たちと比べても遜色ないと思うぜ。キズナちゃんは凄く飲み込みが早くて、１回話したら覚えてるんだ
知識に関して言えば、その辺の女の子たちと比べても遜色ないと思うぜ。キズナちゃんは凄く飲み込みが早くて、１回話したら覚えてるんだ
秀隆
秀隆
へぇ……
へぇ……
キズナ
キズナ
えっへん、です
えっへん、です
ちょっと嬉しそうに胸を張った。
ちょっと嬉しそうに胸を張った。
ユウキ
ユウキ
今日は、むしろ何を知りたいかキズナちゃんに聞こうと思ってたくらいだし
今日は、むしろ何を知りたいかキズナちゃんに聞こうと思ってたくらいだし
秀隆
秀隆
質問形式の授業か。いいね
質問形式の授業か。いいね
ユウキ
ユウキ
何か聞きたいことがあったら、何でも聞いてくれ。
何か聞きたいことがあったら、何でも聞いてくれ。
そう、例えば今先生に彼女はいるんですか？と言う質問とか歓迎
そう、例えば今先生に彼女はいるんですか？と言う質問とか歓迎
キズナ
キズナ
いなさそうですっ
いなさそうですっ
屈託の無い笑顔に、ユウキは苦笑いを浮かべた。
屈託の無い笑顔に、ユウキは苦笑いを浮かべた。
ユウキ
ユウキ
せ、正解です……
せ、正解です……
秀隆
秀隆
わはは落ち込むなユウキ。キズナの可愛い質問じゃないか
わはは落ち込むなユウキ。キズナの可愛い質問じゃないか
キズナ
キズナ
ひーくんもいませんよねっ
ひーくんもいませんよねっ
秀隆
秀隆
…………
…………
ユウキ
ユウキ
落ち込むなって秀隆。
落ち込むなって秀隆。
キズナちゃんは本当のことを言っただけなんだし
キズナちゃんは本当のことを言っただけなんだし
キズナ
キズナ
落ち込むことなんですか？
落ち込むことなんですか？
秀隆
秀隆
べ、別に
べ、別に
ユウキ
ユウキ
明らかに落ち込んでるじゃん……
明らかに落ち込んでるじゃん……
キズナ
キズナ
彼女がいなくて落ち込むなら、
彼女がいなくて落ち込むなら、
私も落ち込まないといけないですか？
私も落ち込まないといけないですか？
秀隆
秀隆
なんでだよ
なんでだよ
キズナ
キズナ
私も彼氏いません
私も彼氏いません
秀隆
秀隆
いや、それは別に変じゃないだろ。
いや、それは別に変じゃないだろ。
まだこの時代で目覚めたばかりなんだ
まだこの時代で目覚めたばかりなんだ
ユウキ
ユウキ
むしろ好感度アップ？
むしろ好感度アップ？
キズナ
キズナ
そうなんですか？
そうなんですか？
秀隆
秀隆
昔の人が例えたことがある。『一度も侵入を許していない城は頼もしく、 一度も侵入に成功しない兵士は頼りないからだ』ってな
昔の人が例えたことがある。『一度も侵入を許していない城は頼もしく、 一度も侵入に成功しない兵士は頼りないからだ』ってな
ユウキ
ユウキ
その例えば、心に染み渡るよな……
その例えば、心に染み渡るよな……
ユウキが目頭を押さえて泣きそうになっていた。
ユウキが目頭を押さえて泣きそうになっていた。
キズナ
キズナ
つまり、私が城で、ひーくんたちが兵士と言うことでしょうか
つまり、私が城で、ひーくんたちが兵士と言うことでしょうか
秀隆
秀隆
そう言うことだな
そう言うことだな
キズナ
キズナ
お２人はドーテイなんですか？
お２人はドーテイなんですか？
ユウキ
ユウキ
…………
…………
秀隆
秀隆
……おい。ユウキ、どんな授業をしてるんだ？
……おい。ユウキ、どんな授業をしてるんだ？
ユウキ
ユウキ
お、俺じゃないって！　そんなの教えるのは秀隆だろ！
お、俺じゃないって！　そんなの教えるのは秀隆だろ！
秀隆
秀隆
バカ！　いくらオレでも下ネタを女の子に言うわけないだろ！
バカ！　いくらオレでも下ネタを女の子に言うわけないだろ！
キズナ
キズナ
結構言いますよね？
結構言いますよね？
秀隆
秀隆
い、言わなくもないが、
い、言わなくもないが、
少なくともその童貞云々な会話はしてないぞ！
少なくともその童貞云々な会話はしてないぞ！
ユウキ
ユウキ
どういう教育してんだ秀隆は！
どういう教育してんだ秀隆は！
キズナ
キズナ
ユウキ先生も言いますよね
ユウキ先生も言いますよね
秀隆
秀隆
どんな勉強を教えてんだおまえは！
どんな勉強を教えてんだおまえは！
キズナ
キズナ
でも、お二人から得たものだけではないようです。
でも、お二人から得たものだけではないようです。
どうやら、知識として、私の中にあるようですね
どうやら、知識として、私の中にあるようですね
少し考える仕草をした後、キズナは笑っていう。
少し考える仕草をした後、キズナは笑っていう。
キズナ
キズナ
ひょっとすると私はビッチだったのかも知れません
ひょっとすると私はビッチだったのかも知れません
秀隆
秀隆
頼むから笑顔でそう言うことは言わないでくれ……
頼むから笑顔でそう言うことは言わないでくれ……
ユウキ
ユウキ
俺は簡単に侵入を許す城も好きだぜ！　無血開城！
俺は簡単に侵入を許す城も好きだぜ！　無血開城！
秀隆
秀隆
お前はお前で、何を言ってるんだ
お前はお前で、何を言ってるんだ
授業どころか、脱線続きだ。
授業どころか、脱線続きだ。
秀隆
秀隆
真面目にやろうぜ真面目に
真面目にやろうぜ真面目に
ユウキ
ユウキ
そうだな……で、質問ある？　キズナちゃん
そうだな……で、質問ある？　キズナちゃん
キズナ
キズナ
実は１つ気になったことがあります。今は学園の授業なんかも、
実は１つ気になったことがあります。今は学園の授業なんかも、
アンドロイドさんが教えていたりするんですか？
アンドロイドさんが教えていたりするんですか？
キズナ
キズナ
アンドロイドさんが教えたほうが、確実、ですよね？
アンドロイドさんが教えたほうが、確実、ですよね？
それは至極もっともな質問だが、それは今現在も行われていない。
それは至極もっともな質問だが、それは今現在も行われていない。
ユウキ
ユウキ
そう言えば、そんな気もする。なんでだ？
そう言えば、そんな気もする。なんでだ？
この間まで学園で教師をしていたオレに、ユウキが疑問をぶつける。
この間まで学園で教師をしていたオレに、ユウキが疑問をぶつける。
秀隆
秀隆
勉強を事務的に教えるだけなら、アンドロイドの方が向いてるな
勉強を事務的に教えるだけなら、アンドロイドの方が向いてるな
秀隆
秀隆
でも、勉強ってのは臨機応変に対応しなきゃいけない。
でも、勉強ってのは臨機応変に対応しなきゃいけない。
教えるアンドロイドは１人でも、それを教えられる生徒は人間だ
教えるアンドロイドは１人でも、それを教えられる生徒は人間だ
秀隆
秀隆
モノ覚えの良いヤツも居れば、悪いやつもいる。
モノ覚えの良いヤツも居れば、悪いやつもいる。
そう言う個性に合わせて、教師は個別に対応を迫られるんだ
そう言う個性に合わせて、教師は個別に対応を迫られるんだ
秀隆
秀隆
いくらアンドロイドでも、その部分はまだ難しい。
いくらアンドロイドでも、その部分はまだ難しい。
だから基本的にアンドロイドは力仕事や、単純な仕事を任せるようにして、要所要所の繊細さが要求される仕事は人間がこなす
だから基本的にアンドロイドは力仕事や、単純な仕事を任せるようにして、要所要所の繊細さが要求される仕事は人間がこなす
秀隆
秀隆
ってところかな
ってところかな
キズナ
キズナ
おー……
おー……
ユウキ
ユウキ
すげー！　先生みたいだな秀隆！
すげー！　先生みたいだな秀隆！
パチパチと２人が拍手を送る。
パチパチと２人が拍手を送る。
凛とのＣＭ交渉で、多少なりアンドロイドのことで勉強していた。
凛とのＣＭ交渉で、多少なりアンドロイドのことで勉強していた。
そのことが役に立ったようだ。
そのことが役に立ったようだ。
秀隆
秀隆
って、それくらいのこと知ってないと先生出来ないだろ……
って、それくらいのこと知ってないと先生出来ないだろ……
ユウキ
ユウキ
いやぁ、ははは、面目ない
いやぁ、ははは、面目ない
秀隆
秀隆
その気になればデータベースにアクセスして調べられるだろ？
その気になればデータベースにアクセスして調べられるだろ？
ユウキ
ユウキ
残念だけど、俺にはそう言う機能はないんだよね
残念だけど、俺にはそう言う機能はないんだよね
秀隆
秀隆
そう……なのか？
そう……なのか？
アンドロイドは、街のどこにいても、
アンドロイドは、街のどこにいても、
ネットにアクセスすることが出来る。
ネットにアクセスすることが出来る。
だから、必要な時に必要な情報を取り出すのも簡単だ。
だから、必要な時に必要な情報を取り出すのも簡単だ。
ユウキ
ユウキ
その手のタイプが普及したのって、ここ２０年くらいだしさ
その手のタイプが普及したのって、ここ２０年くらいだしさ
秀隆
秀隆
そうか。１００年以上も生きてるんだっけか……
そうか。１００年以上も生きてるんだっけか……
正直、途方も無い歳月のように思える。
正直、途方も無い歳月のように思える。
ユウキ
ユウキ
厳密に言えば、俺は一回死んでるんだよ
厳密に言えば、俺は一回死んでるんだよ
秀隆
秀隆
えっ？
えっ？
キズナ
キズナ
どう言うことですか？
どう言うことですか？
ユウキ
ユウキ
和葉ちんがキズナちゃんと俺を引き合わせたのは、
和葉ちんがキズナちゃんと俺を引き合わせたのは、
単純にその正体を隠すためだけじゃないんだよね
単純にその正体を隠すためだけじゃないんだよね
ユウキ
ユウキ
実は俺も、厳密には地上時代の生き残りなんだよ
実は俺も、厳密には地上時代の生き残りなんだよ
秀隆
秀隆
……マジか
……マジか
ユウキ
ユウキ
ただ、その当時の記憶は持ってなくてさ。
ただ、その当時の記憶は持ってなくてさ。
だから今いる俺は、俺なんだけど俺じゃないって言うか
だから今いる俺は、俺なんだけど俺じゃないって言うか
ユウキ
ユウキ
まあ、そんな感じ。うまく説明できないな
まあ、そんな感じ。うまく説明できないな
たはは、と笑って頭をかいた。
たはは、と笑って頭をかいた。
ユウキ
ユウキ
この胸にぶら下げてあるペンダント……
この胸にぶら下げてあるペンダント……
ユウキは自分の胸元にあるペンダントを、手に持ってオレたちに見せた。
ユウキは自分の胸元にあるペンダントを、手に持ってオレたちに見せた。
ユウキ
ユウキ
ここには、前の俺の記憶があったらしいんだ
ここには、前の俺の記憶があったらしいんだ
秀隆
秀隆
あった、らしい？
あった、らしい？
ユウキ
ユウキ
もう壊れちゃってるみたいで、復元は無理なんだってさ。
もう壊れちゃってるみたいで、復元は無理なんだってさ。
何となく気になって、身につけることにしてるんだよね
何となく気になって、身につけることにしてるんだよね
秀隆
秀隆
そうだったのか
そうだったのか
どう言葉をかけていいかわからず、黙って聞くしかなかった。
どう言葉をかけていいかわからず、黙って聞くしかなかった。
キズナ
キズナ
私と一緒ですねっ
私と一緒ですねっ
キズナ
キズナ
記憶を失って、でも取り戻すことが出来なくて。
記憶を失って、でも取り戻すことが出来なくて。
そして、今を前向きに明るく生きてるってことですから
そして、今を前向きに明るく生きてるってことですから
ユウキ
ユウキ
キズナちゃん……
キズナちゃん……
少ししんみりしていたところに、キズナが明るくそういった。
少ししんみりしていたところに、キズナが明るくそういった。
秀隆
秀隆
確かにその通りだな。ユウキはユウキ。キズナはキズナだ
確かにその通りだな。ユウキはユウキ。キズナはキズナだ
秀隆
秀隆
多分記憶があってもなくても、それは変わらないんじゃないか？
多分記憶があってもなくても、それは変わらないんじゃないか？
オレたちの言葉に、ユウキが深く頷いた。
オレたちの言葉に、ユウキが深く頷いた。
ユウキ
ユウキ
だな
だな
この共通点のために、倉屋敷社長は二人を引き合わせたってことだ。
この共通点のために、倉屋敷社長は二人を引き合わせたってことだ。
秀隆
秀隆
ほらキズナ、次の質問だ次の質問
ほらキズナ、次の質問だ次の質問
キズナ
キズナ
えーっとそうですね……
えーっとそうですね……
キズナ
キズナ
この街って、凄く文明が発達してますが、
この街って、凄く文明が発達してますが、
電力はどこから供給してるんですか？
電力はどこから供給してるんですか？
ユウキ
ユウキ
電力？　確か大きな水力発電施設があるとかないとか
電力？　確か大きな水力発電施設があるとかないとか
秀隆
秀隆
オレも聞いたことがあるな
オレも聞いたことがあるな
キズナ
キズナ
水力発電ですか。この街の電力全て賄ってるんですか？
水力発電ですか。この街の電力全て賄ってるんですか？
ユウキ
ユウキ
そうだと思うけど、それがどうかしたの？
そうだと思うけど、それがどうかしたの？
キズナ
キズナ
いえ、私の知る水力発電では、
いえ、私の知る水力発電では、
とてもじゃないですが街の電力を補いきれない気がしまして
とてもじゃないですが街の電力を補いきれない気がしまして
ユウキ
ユウキ
うーん、そういわれてもなあ。
うーん、そういわれてもなあ。
ここ１００年で見ても、相当技術は発展してるし。
ここ１００年で見ても、相当技術は発展してるし。
多分キズナちゃんが思うより凄いことになってんだよ
多分キズナちゃんが思うより凄いことになってんだよ
キズナ
キズナ
アバウトですね
アバウトですね
ユウキ
ユウキ
いやぁ、申し訳ない
いやぁ、申し訳ない
秀隆
秀隆
ユウキが悪いわけじゃないぞ。
ユウキが悪いわけじゃないぞ。
電力に関することは街の極秘扱いになってるんだ
電力に関することは街の極秘扱いになってるんだ
キズナ
キズナ
極秘扱いですか
極秘扱いですか
秀隆
秀隆
電気はホープタウンの大きな経済力だからな。
電気はホープタウンの大きな経済力だからな。
ドリームタウンにも多くの電気を供給してるって話だ
ドリームタウンにも多くの電気を供給してるって話だ
キズナ
キズナ
それで商売をしてるってことなんですね
それで商売をしてるってことなんですね
秀隆
秀隆
ああ。だから万が一にも技術を漏洩させられないんだよ
ああ。だから万が一にも技術を漏洩させられないんだよ
その秘密を知るのは、街の代表である人間と、
その秘密を知るのは、街の代表である人間と、
その人間に信頼された少数の者だけって噂がある。
その人間に信頼された少数の者だけって噂がある。
当然オレには知りえない未知の話だ。
当然オレには知りえない未知の話だ。
キズナ
キズナ
まだまだ謎なことが、ホープタウンにはありそうですねえ
まだまだ謎なことが、ホープタウンにはありそうですねえ
秀隆
秀隆
謎ねえ。そんなに難しく考えることではないと思うが
謎ねえ。そんなに難しく考えることではないと思うが
そう言うことは、オレたちが知ることは一生ないんじゃないだろうか。
そう言うことは、オレたちが知ることは一生ないんじゃないだろうか。
キズナ
キズナ
地道にいきますっ
地道にいきますっ
秀隆
秀隆
ああ
ああ
でも、探究心があることはけして悪いことじゃないか。
でも、探究心があることはけして悪いことじゃないか。
キズナとユウキを交え雑談を続けていると、
キズナとユウキを交え雑談を続けていると、
予想よりも時間が経ってしまっていた。
予想よりも時間が経ってしまっていた。
秀隆
秀隆
悪い。そろそろ戻って準備するわ
悪い。そろそろ戻って準備するわ
ユウキ
ユウキ
準備？
準備？
キズナ
キズナ
今日ひーくんは出張なんです
今日ひーくんは出張なんです
ユウキ
ユウキ
休みの日にまで仕事かー
休みの日にまで仕事かー
秀隆
秀隆
働かざるもの食うべからず、を家訓にしてるからな。
働かざるもの食うべからず、を家訓にしてるからな。
休みでも必要とあればオレは働き続けるだけよ
休みでも必要とあればオレは働き続けるだけよ
ユウキ
ユウキ
そしてそのまま老いていくんだな……
そしてそのまま老いていくんだな……
キズナ
キズナ
一生独り身で、余生を過ごすんですね……
一生独り身で、余生を過ごすんですね……
秀隆
秀隆
勝手に悲観した未来にしないでくれ。
勝手に悲観した未来にしないでくれ。
オレには明るい未来が待っている！
オレには明るい未来が待っている！
キズナ
キズナ
ひーくんの言う明るい未来ってなんですか？
ひーくんの言う明るい未来ってなんですか？
秀隆
秀隆
そりゃもちろん、美人で可愛くて若くて巨乳で優しくて家事が出来て、浮気しない、でもちょっぴりエッチな奥さんと、立派な特務官として働くオレ。そんな未来！
そりゃもちろん、美人で可愛くて若くて巨乳で優しくて家事が出来て、浮気しない、でもちょっぴりエッチな奥さんと、立派な特務官として働くオレ。そんな未来！
ユウキ
ユウキ
うわー。夢見るにもほどがあるだろぉ……
うわー。夢見るにもほどがあるだろぉ……
キズナ
キズナ
特に女性に対する条件が厳しいですねッ
特に女性に対する条件が厳しいですねッ
秀隆
秀隆
夢は高く持たなきゃダメなんだよ
夢は高く持たなきゃダメなんだよ
キズナ
キズナ
ややブスで夫の給料を使って
ややブスで夫の給料を使って
奥様ランチを楽しむような女の人ではダメなんですか？
奥様ランチを楽しむような女の人ではダメなんですか？
秀隆
秀隆
そんなのは夢でも何でもない、ただの現実だ……
そんなのは夢でも何でもない、ただの現実だ……
想像するだけでも恐ろしい。
想像するだけでも恐ろしい。
ユウキ
ユウキ
ややブスでも完璧な巨乳だったら？
ややブスでも完璧な巨乳だったら？
秀隆
秀隆
それは……それは……検討の余地があるな
それは……それは……検討の余地があるな
ユウキ
ユウキ
一晩の過ちで結婚まで持ち込まれる典型的なパターンだな……
一晩の過ちで結婚まで持ち込まれる典型的なパターンだな……
キズナ
キズナ
未来は暗いかも知れませんね
未来は暗いかも知れませんね
秀隆
秀隆
ほっとけ。オレはもう戻るからな。キズナはどうする？
ほっとけ。オレはもう戻るからな。キズナはどうする？
キズナ
キズナ
かずちーが起きるまで待ってます
かずちーが起きるまで待ってます
秀隆
秀隆
そうか。じゃあユウキ、キズナを頼むな
そうか。じゃあユウキ、キズナを頼むな
ユウキ
ユウキ
お任せ
お任せ
二人に見送られながら、オレは自宅へと戻ることにした。
二人に見送られながら、オレは自宅へと戻ることにした。
…………。
…………。
……。
……。
午後３時前、ステーション。
午後３時前、ステーション。
秀隆
秀隆
おはようございます、竹内特務官！
おはようございます、竹内特務官！
竹内
竹内
おはよう。昨日はよく眠れたかね？
おはよう。昨日はよく眠れたかね？
秀隆
秀隆
はい、それはもうバッチリです！（※実際は２時間くらい）
はい、それはもうバッチリです！（※実際は２時間くらい）
秀隆
秀隆
今朝も朝食はガッツリ食べてきました！
今朝も朝食はガッツリ食べてきました！
（※実際はいつもの半分以下）
（※実際はいつもの半分以下）
竹内
竹内
さすがは、唐沢さんが見込まれた男だ
さすがは、唐沢さんが見込まれた男だ
感心したように竹内氏が頷く。
感心したように竹内氏が頷く。
うん、必要な嘘ってのはあるよな？
うん、必要な嘘ってのはあるよな？
と、自分に言い訳しながら、隣に並ぶ。
と、自分に言い訳しながら、隣に並ぶ。
竹内
竹内
ドリームタウンには足を運んだことがあるそうだね
ドリームタウンには足を運んだことがあるそうだね
秀隆
秀隆
はい。１度だけですが。ただ、主要施設の殆どは未経験です
はい。１度だけですが。ただ、主要施設の殆どは未経験です
竹内
竹内
そうか。ならいい経験になるだろう
そうか。ならいい経験になるだろう
秀隆
秀隆
はいっ
はいっ
やって来た電車に乗り、オレは竹内氏の隣に腰を下ろす。
やって来た電車に乗り、オレは竹内氏の隣に腰を下ろす。
初恋乙女のように、心拍数が高いのが分かる。
初恋乙女のように、心拍数が高いのが分かる。
でも、そんな緊張を悟られないよう、オレは必死に平静を装った。
でも、そんな緊張を悟られないよう、オレは必死に平静を装った。
…………。
…………。
電車に乗ること２０分、ドリームタウンへと到着した。
電車に乗ること２０分、ドリームタウンへと到着した。
街に出たが、観光なんてする暇もなく、カジノへと向かう。
街に出たが、観光なんてする暇もなく、カジノへと向かう。
秀隆
秀隆
ここが……ここが、ドリームタウンのカジノ……
ここが……ここが、ドリームタウンのカジノ……
竹内
竹内
驚いたかね？
驚いたかね？
秀隆
秀隆
はい、それもかなり。圧倒される空気が漂ってるのを感じます
はい、それもかなり。圧倒される空気が漂ってるのを感じます
建物の作りはもちろん、その雰囲気までもが、まるで別物だ。
建物の作りはもちろん、その雰囲気までもが、まるで別物だ。
竹内
竹内
全ての総本山だ
全ての総本山だ
ドリームタウンの顔とも呼ぶべき、巨大カジノ。
ドリームタウンの顔とも呼ぶべき、巨大カジノ。
煌びやかな光は、
煌びやかな光は、
まるで立ち寄る人を惑わせようとしている風にも見える。
まるで立ち寄る人を惑わせようとしている風にも見える。
もちろん、殆どの人たちはこのカジノに楽しみを見出しに来てるだろう。
もちろん、殆どの人たちはこのカジノに楽しみを見出しに来てるだろう。
でも今のオレには、強いプレッシャーしか感じられない。
でも今のオレには、強いプレッシャーしか感じられない。
直視していることが出来ず、一度空を上をげた。
直視していることが出来ず、一度空を上をげた。
秀隆
秀隆
そう言えば……空が無いんですよね、ドリームタウンは
そう言えば……空が無いんですよね、ドリームタウンは
見上げても、上にあるのは無機質な鉄の塊だ。
見上げても、上にあるのは無機質な鉄の塊だ。
竹内
竹内
倉屋敷重工と言う、
倉屋敷重工と言う、
非常に強大なバックアップがあってこそ、実現しているものだよ
非常に強大なバックアップがあってこそ、実現しているものだよ
秀隆
秀隆
今、それを肌で感じました
今、それを肌で感じました
ホープタウンが、どれだけ恵まれていることか。
ホープタウンが、どれだけ恵まれていることか。
竹内
竹内
君もある程度学んではいると思うが、
君もある程度学んではいると思うが、
それぞれの街は、その街並みは言うに及ばす、
それぞれの街は、その街並みは言うに及ばす、
法律さえも異なる点があることを、忘れてはならない
法律さえも異なる点があることを、忘れてはならない
秀隆
秀隆
はい
はい
竹内
竹内
こちらで法を犯せば、ドリームタウンの裁きを受けることになる
こちらで法を犯せば、ドリームタウンの裁きを受けることになる
オレも、最低限のことは覚えてきているつもりだ。
オレも、最低限のことは覚えてきているつもりだ。
竹内
竹内
では行こうか。大河内代表の待つ場所へ
では行こうか。大河内代表の待つ場所へ
秀隆
秀隆
……はい
……はい
しっかりと意思を持ち、オレは竹内氏について、その後を追った。
しっかりと意思を持ち、オレは竹内氏について、その後を追った。
入り口にたどり着くと屈強そうな黒服がゲートに待機している。
入り口にたどり着くと屈強そうな黒服がゲートに待機している。
黒服
黒服
失礼します
失礼します
そう言い、こちらの荷物検査を行っていた。
そう言い、こちらの荷物検査を行っていた。
もちろんゲートによる機械の検査もあるようだったが、
もちろんゲートによる機械の検査もあるようだったが、
人の手や目をつかって、更に警戒をしているようだ。
人の手や目をつかって、更に警戒をしているようだ。
秀隆
秀隆
凄い活気ですね……
凄い活気ですね……
まだ時刻は昼過ぎだと言うのに、人の出入りが激しい。
まだ時刻は昼過ぎだと言うのに、人の出入りが激しい。
カジノを訪れる者と去る者の比率は変わらないように見えた。
カジノを訪れる者と去る者の比率は変わらないように見えた。
竹内
竹内
外観で驚いていては、これから先苦労することになる
外観で驚いていては、これから先苦労することになる
竹内特務官の言う通り、
竹内特務官の言う通り、
圧巻だったのは、建物の中に入った後だった。
圧巻だったのは、建物の中に入った後だった。
人、人、埋め尽くさんばかりの人。
人、人、埋め尽くさんばかりの人。
秀隆
秀隆
凄い……
凄い……
竹内
竹内
初めて見る者が、驚くのも無理はない
初めて見る者が、驚くのも無理はない
竹内
竹内
まだ予定の時刻までは少しあるね……
まだ予定の時刻までは少しあるね……
２、３０分ほどなら、その辺りを見学してきても構わないが？
２、３０分ほどなら、その辺りを見学してきても構わないが？
秀隆
秀隆
よろしいんですか
よろしいんですか
竹内
竹内
好奇心がありすぎるのは問題だが、ないのも頂けない。
好奇心がありすぎるのは問題だが、ないのも頂けない。
こちらへは早々出向くことも出来ない、見学してきなさい
こちらへは早々出向くことも出来ない、見学してきなさい
秀隆
秀隆
あ、ありがとうございます！　やったっ！
あ、ありがとうございます！　やったっ！
竹内氏の暖かい心遣いを、オレは受けることにした。
竹内氏の暖かい心遣いを、オレは受けることにした。
竹内
竹内
ふ……
ふ……
秀隆
秀隆
あ、すみません、その、遊びで来ている訳ではないのに
あ、すみません、その、遊びで来ている訳ではないのに
竹内
竹内
いや、笑ってしまってすまなかった。
いや、笑ってしまってすまなかった。
その好奇心が、今は必要なのかも知れないな
その好奇心が、今は必要なのかも知れないな
竹内
竹内
では後ほど
では後ほど
秀隆
秀隆
はいっ
はいっ
正直、この情景を見て心躍らないわけがない。
正直、この情景を見て心躍らないわけがない。
オレは逸る気持ちを抑え、フロアを見て回ることに。
オレは逸る気持ちを抑え、フロアを見て回ることに。
人々は様々な雑談を楽しみながら、
人々は様々な雑談を楽しみながら、
カジノを楽しんでいるようだった。
カジノを楽しんでいるようだった。
大勝ちしたのか、笑いながら友人の肩を抱く男性、
大勝ちしたのか、笑いながら友人の肩を抱く男性、
頭を抱えながらぶつぶつと呟く老人。
頭を抱えながらぶつぶつと呟く老人。
さすがに子供の姿はなかったが、
さすがに子供の姿はなかったが、
ここはとても大きな活気に包まれていた。
ここはとても大きな活気に包まれていた。
ホープタウンでは、賭け事は法律で原則禁止されている。
ホープタウンでは、賭け事は法律で原則禁止されている。
そりゃ、友人同士で飯を賭けあったりはするが、その程度。
そりゃ、友人同士で飯を賭けあったりはするが、その程度。
このような大規模なものは一切認められていない。
このような大規模なものは一切認められていない。
ふと、ひときわ客の多い卓を見つけた。
ふと、ひときわ客の多い卓を見つけた。
オレは何が行われているのかと思い、人波に紛れ覗き込んだ。
オレは何が行われているのかと思い、人波に紛れ覗き込んだ。
綺麗なディーラーが、華麗な手さばきでカードを切っている。
綺麗なディーラーが、華麗な手さばきでカードを切っている。
秀隆
秀隆
これは……
これは……
その卓は、ブラックジャックのギャンブルが行われていた。
その卓は、ブラックジャックのギャンブルが行われていた。
それもディーラー対客と言うものだった。
それもディーラー対客と言うものだった。
男性客
男性客
くそ、ダメだ！
くそ、ダメだ！
客の一人がうな垂れるようにカードを叩きつける。
客の一人がうな垂れるようにカードを叩きつける。
夢を追い、夢破れた者、ってところだろう（ちょっと大げさか）。
夢を追い、夢破れた者、ってところだろう（ちょっと大げさか）。
ディーラー】※静乃
ディーラー】※静乃
次の参加者はいらっしゃいませんか？
次の参加者はいらっしゃいませんか？
次の夢追い人を求めるディーラー。
次の夢追い人を求めるディーラー。
秀隆
秀隆
…………
…………
やってみたいとは思ったが、残念なことにそんな時間はない。
やってみたいとは思ったが、残念なことにそんな時間はない。
それに現金を持っていない以上、参加することは不可能だ。
それに現金を持っていない以上、参加することは不可能だ。
気がつくと席は全て埋まり、再び勝負を楽しみ始めた。
気がつくと席は全て埋まり、再び勝負を楽しみ始めた。
オレはその場を離れ、他の遊戯を見て回ることに。
オレはその場を離れ、他の遊戯を見て回ることに。
とにかく、この場所には活気が溢れている。
とにかく、この場所には活気が溢れている。
一攫千金を夢見て、人々が集まっているのだ。
一攫千金を夢見て、人々が集まっているのだ。
中には僅かな現金しか持たない人間が、
中には僅かな現金しか持たない人間が、
のし上がり大金持ちになったこともあるらしい。
のし上がり大金持ちになったこともあるらしい。
それはホープタウンではけして出来ないことだ。
それはホープタウンではけして出来ないことだ。
だが、明るい話題ばかりでもない。
だが、明るい話題ばかりでもない。
夢を追うばかりに、破産し朽ち果ててしまった者もいると言う。
夢を追うばかりに、破産し朽ち果ててしまった者もいると言う。
その点で言えば、生活の最低保障がされている
その点で言えば、生活の最低保障がされている
ホープタウンの方がやはり安定していると言えるだろう。
ホープタウンの方がやはり安定していると言えるだろう。
それから暫くカジノフロアを見学し、
それから暫くカジノフロアを見学し、
オレは指定の時間に竹内特務官と合流を果たした。
オレは指定の時間に竹内特務官と合流を果たした。
竹内
竹内
では行こうか
では行こうか
秀隆
秀隆
はいっ
はいっ
緊張した面持ちで、竹内特務官の少し後ろを歩く。
緊張した面持ちで、竹内特務官の少し後ろを歩く。
やがて、騒がしかった周囲が、
やがて、騒がしかった周囲が、
落ち着きのある空間へと変わっていく。
落ち着きのある空間へと変わっていく。
秀隆
秀隆
同じフロアなのに、随分と空気が違いますね
同じフロアなのに、随分と空気が違いますね
竹内
竹内
ここは一般人は立ち入れない区域だ
ここは一般人は立ち入れない区域だ
そう言い、カジノテーブルを指差す。
そう言い、カジノテーブルを指差す。
竹内
竹内
賭け額も桁が違うだろう？
賭け額も桁が違うだろう？
秀隆
秀隆
う、確かに……
う、確かに……
さっきまでのギャンブルなら、オレのお小遣いで遊べる額だが、
さっきまでのギャンブルなら、オレのお小遣いで遊べる額だが、
目の前に提示されているミニマムベットは、
目の前に提示されているミニマムベットは、
とてもじゃないが１ゲームも遊べそうに無い。
とてもじゃないが１ゲームも遊べそうに無い。
竹内
竹内
業界の名だたる方々が、ここには集まっている
業界の名だたる方々が、ここには集まっている
竹内
竹内
君もそのうち、何人かと知り合うことになるだろう
君もそのうち、何人かと知り合うことになるだろう
秀隆
秀隆
自分が、ですか……？
自分が、ですか……？
竹内
竹内
特務官としての資質が本物であれば、だがね
特務官としての資質が本物であれば、だがね
秀隆
秀隆
そうあればいいですが……
そうあればいいですが……
この場のピリリとした空気に、馴染む日が来るのかどうか。
この場のピリリとした空気に、馴染む日が来るのかどうか。
竹内
竹内
島津くん
島津くん
秀隆
秀隆
はい、なんでしょうか？
はい、なんでしょうか？
周囲の景色に気おされながら、
周囲の景色に気おされながら、
オレは竹内特務官の言葉に耳を傾けた。
オレは竹内特務官の言葉に耳を傾けた。
竹内
竹内
あれを見てみるといい
あれを見てみるといい
そういわれたオレは、指差した先に視線を送る。
そういわれたオレは、指差した先に視線を送る。
そこにはガタイの良いひとりの男。
そこにはガタイの良いひとりの男。
竹内
竹内
彼が、このドリームタウンの代表、大河内代表だ
彼が、このドリームタウンの代表、大河内代表だ
秀隆
秀隆
彼が……
彼が……
竹内
竹内
代表の顔も知らなかったでは済まされないからね
代表の顔も知らなかったでは済まされないからね
秀隆
秀隆
はい
はい
オレはその代表の姿を目に焼き付けておこうと、
オレはその代表の姿を目に焼き付けておこうと、
不自然にならない程度に視線を送る。
不自然にならない程度に視線を送る。
テレビで見るよりも、ずっと強大な迫力を感じる。
テレビで見るよりも、ずっと強大な迫力を感じる。
もしも間近で接したら、
もしも間近で接したら、
一体どうなってしまうのか自分でも想像がつかない。
一体どうなってしまうのか自分でも想像がつかない。
竹内
竹内
彼の周りに居る人間は、銀行や警察の上層部だよ。
彼の周りに居る人間は、銀行や警察の上層部だよ。
誰も彼もが、大河内代表に気に入られようと奮闘している
誰も彼もが、大河内代表に気に入られようと奮闘している
秀隆
秀隆
唐沢代表とは、方針が全く違うようですね
唐沢代表とは、方針が全く違うようですね
竹内
竹内
真逆と言っても過言ではないだろう。
真逆と言っても過言ではないだろう。
大河内代表は、使えないと分かれば容赦なく弱者を切り捨てる
大河内代表は、使えないと分かれば容赦なく弱者を切り捨てる
竹内
竹内
そのスタンスは時に残酷だと批判されるが、
そのスタンスは時に残酷だと批判されるが、
結果的に彼がドリームタウンに貢献したものは計り知れない
結果的に彼がドリームタウンに貢献したものは計り知れない
秀隆
秀隆
ん？
ん？
ふと、見たことのある姿が視界に飛び込んできた。
ふと、見たことのある姿が視界に飛び込んできた。
秀隆
秀隆
あれは……
あれは……
姿こそ、煌びやかに着飾っているが、希望に間違いなかった。
姿こそ、煌びやかに着飾っているが、希望に間違いなかった。
この場にいることにも驚いたが、何より代表と楽しげに談笑している。
この場にいることにも驚いたが、何より代表と楽しげに談笑している。
秀隆
秀隆
あの、竹内特務官。少し質問があるのですが
あの、竹内特務官。少し質問があるのですが
竹内
竹内
なんだね？
なんだね？
秀隆
秀隆
大河内代表の隣にいる、ドレスを着た女性のことなのですが……
大河内代表の隣にいる、ドレスを着た女性のことなのですが……
竹内
竹内
ふむ。なかなか鋭いところに目をつけたね
ふむ。なかなか鋭いところに目をつけたね
感心したように竹内氏が頷いた。
感心したように竹内氏が頷いた。
竹内
竹内
彼女は大河内希望。大河内代表の一人娘だ
彼女は大河内希望。大河内代表の一人娘だ
秀隆
秀隆
彼女が、大河内代表の！？
彼女が、大河内代表の！？
竹内
竹内
そうだ。普段は表に出てこないが、こう言う大きな催しでは姿を見せる。直接話す機会もあるかも知れない、覚えておくように
そうだ。普段は表に出てこないが、こう言う大きな催しでは姿を見せる。直接話す機会もあるかも知れない、覚えておくように
秀隆
秀隆
はい……あの、念のためお聞きしたいのですが、
はい……あの、念のためお聞きしたいのですが、
彼女は特務官ではありませんよね？
彼女は特務官ではありませんよね？
竹内
竹内
無論だ。まだ学生であられるしな
無論だ。まだ学生であられるしな
秀隆
秀隆
なるほど
なるほど
特務官以外には、現状街と街を行き来する方法は限られている。
特務官以外には、現状街と街を行き来する方法は限られている。
……でも代表の娘ともなれば、いくらでも行けそうな気もするな。
……でも代表の娘ともなれば、いくらでも行けそうな気もするな。
オレは代表も含め、希望の姿も合わせて目で追うことにした。
オレは代表も含め、希望の姿も合わせて目で追うことにした。
まさか大河内代表の一人娘さんだったとは。
まさか大河内代表の一人娘さんだったとは。
自分より一回りも二回りも歳の離れた人と、
自分より一回りも二回りも歳の離れた人と、
楽しげに談笑していた。
楽しげに談笑していた。
無論社交要素を強く含んでいるんだろうが、
無論社交要素を強く含んでいるんだろうが、
こう言う場で合わせられる人間は強いと思う。
こう言う場で合わせられる人間は強いと思う。
って、待てよ？
って、待てよ？
確か大河内代表の娘さんは、
確か大河内代表の娘さんは、
高坂特務官と婚約してるって話じゃなかったか？
高坂特務官と婚約してるって話じゃなかったか？
以前記事でそんなのを見たことがある気がする。
以前記事でそんなのを見たことがある気がする。
つまり希望が言っていた婚約者ってのは、
つまり希望が言っていた婚約者ってのは、
あの高坂特務官のことだったのか。
あの高坂特務官のことだったのか。
秀隆
秀隆
ほんと、とんでもない子と知り合ったもんだ……
ほんと、とんでもない子と知り合ったもんだ……
と、そこへ一人の男性が近づいてきた。
と、そこへ一人の男性が近づいてきた。
希望に話しかけると、彼女はパッと笑顔で花開いた。
希望に話しかけると、彼女はパッと笑顔で花開いた。
秀隆
秀隆
彼は
彼は
竹内
竹内
ドリームタウンの若きエース。高坂くんだ
ドリームタウンの若きエース。高坂くんだ
秀隆
秀隆
…………
…………
高坂龍也。
高坂龍也。
ドリームタウンの特務官で、エースとして活躍する人。
ドリームタウンの特務官で、エースとして活躍する人。
オレとの年齢は殆ど違わないように見える。
オレとの年齢は殆ど違わないように見える。
無敗を誇っていた竹内特務官に、唯一土を付けた人物。
無敗を誇っていた竹内特務官に、唯一土を付けた人物。
それも１度や２度じゃないって話だ。
それも１度や２度じゃないって話だ。
竹内
竹内
行こうか
行こうか
秀隆
秀隆
はい
はい
オレと竹内氏は、希望たちの居るところへと足を向けた。
オレと竹内氏は、希望たちの居るところへと足を向けた。
龍也氏はすぐさまこちらに気付くと、笑顔を向け手を上げた。
龍也氏はすぐさまこちらに気付くと、笑顔を向け手を上げた。
龍也
龍也
お疲れ様です、竹内さん
お疲れ様です、竹内さん
竹内
竹内
お疲れ様です
お疲れ様です
龍也
龍也
わざわざお越しくださいまして、ありがとうございます
わざわざお越しくださいまして、ありがとうございます
竹内
竹内
とんでもない。大河内代表のお祝いとなれば、
とんでもない。大河内代表のお祝いとなれば、
駆けつけないわけがありません
駆けつけないわけがありません
竹内
竹内
唐沢の方も、間もなく到着するかと思われます
唐沢の方も、間もなく到着するかと思われます
龍也
龍也
そうですか。……それで、こちらの男性は？
そうですか。……それで、こちらの男性は？
竹内
竹内
特務官の島津です
特務官の島津です
秀隆
秀隆
島津秀隆と申します
島津秀隆と申します
龍也
龍也
僕は高坂龍也です
僕は高坂龍也です
手を差し出され、オレは慌ててスーツで手を拭った。
手を差し出され、オレは慌ててスーツで手を拭った。
秀隆
秀隆
よ、よろしくお願いします
よ、よろしくお願いします
龍也
龍也
珍しいですね、竹内さんが他の特務官を連れていらっしゃるなんて
珍しいですね、竹内さんが他の特務官を連れていらっしゃるなんて
竹内
竹内
いや何、高坂くんが気に止める程のことではないよ
いや何、高坂くんが気に止める程のことではないよ
龍也
龍也
そうだといいのですが
そうだといいのですが
竹内
竹内
さすがに本日の主役だけあって、大河内代表は人気者ですな
さすがに本日の主役だけあって、大河内代表は人気者ですな
龍也
龍也
ええ。先ほどから挨拶をしたいと言う方が絶えないようで
ええ。先ほどから挨拶をしたいと言う方が絶えないようで
大河内代表は、今も多くの人たちに囲まれていた。
大河内代表は、今も多くの人たちに囲まれていた。
龍也
龍也
ご案内します
ご案内します
竹内
竹内
島津くん、少し待っていてもらえるかな
島津くん、少し待っていてもらえるかな
秀隆
秀隆
分かりました
分かりました
竹内氏と龍也氏は、並んでカジノの奥へと消えていった。
竹内氏と龍也氏は、並んでカジノの奥へと消えていった。
オレを連れて行くには、少し早いってことだろう。
オレを連れて行くには、少し早いってことだろう。
オレはその場に残り、緊張を息と共に吐き出した。
オレはその場に残り、緊張を息と共に吐き出した。
希望
希望
こんばんわ
こんばんわ
ぼーっとその場に立ち尽くしていると、希望に話しかけられた。
ぼーっとその場に立ち尽くしていると、希望に話しかけられた。
秀隆
秀隆
……よう。こんなところで会うとは思わなかったよ
……よう。こんなところで会うとは思わなかったよ
希望
希望
うん。私も。こう言う形で会うとは思ってなかったけど
うん。私も。こう言う形で会うとは思ってなかったけど
秀隆
秀隆
普通の子じゃないとは思ってたが、
普通の子じゃないとは思ってたが、
あの大河内代表の娘さんだったなんてな
あの大河内代表の娘さんだったなんてな
凛が希望のことでアレコレ言っていたのも、頷ける理由だ。
凛が希望のことでアレコレ言っていたのも、頷ける理由だ。
希望
希望
そんなことより……ちゃんと立ち上がったんだね
そんなことより……ちゃんと立ち上がったんだね
秀隆
秀隆
分かる、か？
分かる、か？
こんな風に特務官の一人として接するのは、初めてだからな。
こんな風に特務官の一人として接するのは、初めてだからな。
この間凛と一緒だった時には、
この間凛と一緒だった時には、
ただ凛をナンパしてるチャラ男に見られていたかも知れない。
ただ凛をナンパしてるチャラ男に見られていたかも知れない。
オレは少しテレながら希望の顔を見た。
オレは少しテレながら希望の顔を見た。
希望
希望
特務官になることが、夢だったんだ
特務官になることが、夢だったんだ
秀隆
秀隆
まぁな……
まぁな……
秀隆
秀隆
希望のお陰だ。オレが特務官としてこの場所に立てているのは
希望のお陰だ。オレが特務官としてこの場所に立てているのは
お礼を言っていなかったことを思い出し、そう言った。
お礼を言っていなかったことを思い出し、そう言った。
希望
希望
私は何もしてないよ。秀隆くんが自分で立ち上がっただけ
私は何もしてないよ。秀隆くんが自分で立ち上がっただけ
秀隆
秀隆
どうかな。まだ、自信もなにもあったもんじゃない
どうかな。まだ、自信もなにもあったもんじゃない
秀隆
秀隆
今ここに居ることも、正直現実味が薄いって言うかさ
今ここに居ることも、正直現実味が薄いって言うかさ
そう、本当にこれは現実の出来事なのだろうか。
そう、本当にこれは現実の出来事なのだろうか。
ふと目が覚めたら、オレはまだ臨時教師をやっていて、
ふと目が覚めたら、オレはまだ臨時教師をやっていて、
漫然と変わりない日常を送っているんじゃないか。
漫然と変わりない日常を送っているんじゃないか。
そんな風にも考えてしまう。
そんな風にも考えてしまう。
希望
希望
私は、なんて言うかな、違和感はそんなに感じないよ
私は、なんて言うかな、違和感はそんなに感じないよ
希望
希望
秀隆くんが特務官になったって聞いても、驚きは少ないかな
秀隆くんが特務官になったって聞いても、驚きは少ないかな
希望
希望
ひょっとしてこの間の凛ちゃんの事件って、秀隆くんが？
ひょっとしてこの間の凛ちゃんの事件って、秀隆くんが？
さすがに友達として、耳にはしていたか。
さすがに友達として、耳にはしていたか。
秀隆
秀隆
ああ。ちょっとだけ関係してる
ああ。ちょっとだけ関係してる
希望
希望
ちょっと？　本当は秀隆くんが
ちょっと？　本当は秀隆くんが
希望が何かを言いかけたとき、一人の男の人が希望へと手をあげた。
希望が何かを言いかけたとき、一人の男の人が希望へと手をあげた。
男性
男性
希望お嬢さん、本日はおめでとうございます
希望お嬢さん、本日はおめでとうございます
希望
希望
中畑社長、ご無沙汰しています
中畑社長、ご無沙汰しています
男性
男性
いやぁ実にお美しくなられて……
いやぁ実にお美しくなられて……
どうやら、ドリームタウンの大物らしい。
どうやら、ドリームタウンの大物らしい。
希望はすぐさまオレから視線を外し、そちらの人へと向き直った。
希望はすぐさまオレから視線を外し、そちらの人へと向き直った。
代表の娘として、やらねばならないことがあるってことだろう。
代表の娘として、やらねばならないことがあるってことだろう。
オレは邪魔にならないよう、静かにその場所を立ち去ることにした。
オレは邪魔にならないよう、静かにその場所を立ち去ることにした。
秀隆
秀隆
なんつーか、場違いだよな、やっぱり……
なんつーか、場違いだよな、やっぱり……
隅っこの壁にもたれかかり、オレはフロアをぼーっと眺めていた。
隅っこの壁にもたれかかり、オレはフロアをぼーっと眺めていた。
竹内氏は大河内代表に直接挨拶へと向かい、
竹内氏は大河内代表に直接挨拶へと向かい、
希望は財界の方々と談笑し自分の役割をこなしている。
希望は財界の方々と談笑し自分の役割をこなしている。
だけどオレは、ただ一般人と同じようにフロアを右往左往するだけ。
だけどオレは、ただ一般人と同じようにフロアを右往左往するだけ。
竹内氏のお手伝いが出来るわけでもなく、
竹内氏のお手伝いが出来るわけでもなく、
こうして眺めていることしか出来ない。
こうして眺めていることしか出来ない。
秀隆
秀隆
早く、役に立てるようになりたいぜ……
早く、役に立てるようになりたいぜ……
自分の小ささを感じながら、ため息をついた。
自分の小ささを感じながら、ため息をついた。
ふと、オレの前を高坂特務官が通り過ぎていく。
ふと、オレの前を高坂特務官が通り過ぎていく。
お偉方との話し合いは終わったのだろうか。
お偉方との話し合いは終わったのだろうか。
話しかけてみても、大丈夫だろうか？
話しかけてみても、大丈夫だろうか？
……でもな、相手にしてもらえるかどうか……。
……でもな、相手にしてもらえるかどうか……。
いや、悩むくらいなら、当たって砕けてみよう。
いや、悩むくらいなら、当たって砕けてみよう。
オレは勇気を出して、高坂特務官に声をかけることにした。
オレは勇気を出して、高坂特務官に声をかけることにした。
秀隆
秀隆
高坂特務官っ
高坂特務官っ
追いかけながら呼んで見るが、声は届かなかった。
追いかけながら呼んで見るが、声は届かなかった。
周囲はギャンブルに熱くなっているせいか、常に騒がしい。
周囲はギャンブルに熱くなっているせいか、常に騒がしい。
さすがに大声でワーッと叫べば聞こえるだろうが、
さすがに大声でワーッと叫べば聞こえるだろうが、
それはかなり失礼にあたる気がする。
それはかなり失礼にあたる気がする。
傍までいって、呼びかけよう。
傍までいって、呼びかけよう。
オレは小走りに高坂特務官の背後へと迫った。
オレは小走りに高坂特務官の背後へと迫った。
そして、その距離が数メートルにまで近づく。
そして、その距離が数メートルにまで近づく。
秀隆
秀隆
よし……
よし……
オレは手を伸ばしながら……
オレは手を伸ばしながら……
秀隆
秀隆
高坂とくむか
高坂とくむか
スーツ女性】※あおい
スーツ女性】※あおい
動くな
動くな
声をかけようとして、背後からの冷たい言葉に動きを止めた。
声をかけようとして、背後からの冷たい言葉に動きを止めた。
スーツ女性】※あおい
スーツ女性】※あおい
じっとしていろ
じっとしていろ
秀隆
秀隆
は、はい？
は、はい？
思わず振り返ろうとしたら、背中に金属っぽい何かを押し付けられる。
思わず振り返ろうとしたら、背中に金属っぽい何かを押し付けられる。
スーツ女性】※あおい
スーツ女性】※あおい
じっとしていろと、言ったはずだ
じっとしていろと、言ったはずだ
秀隆
秀隆
は、はいっ……！
は、はいっ……！
そして何事かと思っていると、
そして何事かと思っていると、
オレの肩、腕、腹、太ももへと手が這ってきた。
オレの肩、腕、腹、太ももへと手が這ってきた。
秀隆
秀隆
なんだなんだ！？
なんだなんだ！？
スーツ女性】※あおい
スーツ女性】※あおい
武器は所持していないようだな
武器は所持していないようだな
秀隆
秀隆
武器！？　あ、当たり前じゃないですかっ
武器！？　あ、当たり前じゃないですかっ
スーツ女性】※あおい
スーツ女性】※あおい
高坂特務官に忍び寄る姿が怪しかったので。申し訳ありません
高坂特務官に忍び寄る姿が怪しかったので。申し訳ありません
スーツ女性】※あおい
スーツ女性】※あおい
高坂特務官に、何かご用ですか
高坂特務官に、何かご用ですか
秀隆
秀隆
あ、えと……ちょっとお話が出来たらと思ったので……
あ、えと……ちょっとお話が出来たらと思ったので……
既に、先ほどの地点に高坂特務官の姿はなく、
既に、先ほどの地点に高坂特務官の姿はなく、
どうやらオレは見失ってしまったようだった。
どうやらオレは見失ってしまったようだった。
スーツ女性】※あおい
スーツ女性】※あおい
なるほど。ではこちらへ
なるほど。ではこちらへ
そう言い、スーツの人はオレの前を歩き始めた。
そう言い、スーツの人はオレの前を歩き始めた。
秀隆
秀隆
あの？
あの？
スーツ女性】※あおい
スーツ女性】※あおい
高坂特務官の所までご案内します。こちらへ
高坂特務官の所までご案内します。こちらへ
秀隆
秀隆
あ、はぁ……
あ、はぁ……
スーツ女性】※あおい
スーツ女性】※あおい
失礼します
失礼します
龍也
龍也
おや？
おや？
スーツ女性】※あおい
スーツ女性】※あおい
高坂特務官に会いたいという方をお連れしました
高坂特務官に会いたいという方をお連れしました
秀隆
秀隆
ど、どうも、高坂特務官。お疲れ様です
ど、どうも、高坂特務官。お疲れ様です
龍也
龍也
えーっと確か……島津くん、だったね
えーっと確か……島津くん、だったね
秀隆
秀隆
はい
はい
龍也
龍也
丁度良かった。君を探していたところなんだ
丁度良かった。君を探していたところなんだ
秀隆
秀隆
自分を、ですか？
自分を、ですか？
龍也
龍也
うん。少しいいかな？
うん。少しいいかな？
秀隆
秀隆
えっと、自分でよければ、大丈夫です
えっと、自分でよければ、大丈夫です
スーツ女性】※あおい
スーツ女性】※あおい
…………
…………
すっとスーツの人は高坂特務官の後ろへと移動した。
すっとスーツの人は高坂特務官の後ろへと移動した。
秀隆
秀隆
あの、この方は？
あの、この方は？
龍也
龍也
あ、そうだね。今後も会う可能性があるから、紹介しておこうか
あ、そうだね。今後も会う可能性があるから、紹介しておこうか
龍也
龍也
僕のボディーガードを勤めている、宮川あおいくんだ
僕のボディーガードを勤めている、宮川あおいくんだ
あおい
あおい
宮川です。よろしくお願いします
宮川です。よろしくお願いします
びしっとした、非常に丁寧な印象を受ける人だった。
びしっとした、非常に丁寧な印象を受ける人だった。
キリッとした顔立ちや、言葉遣いからもそれが感じられる。
キリッとした顔立ちや、言葉遣いからもそれが感じられる。
秀隆
秀隆
自分は特務官の島津秀隆と言います。よろしくお願いします
自分は特務官の島津秀隆と言います。よろしくお願いします
しかし、あおい、か……。
しかし、あおい、か……。
うーむ……男性なんだろうか、女性なんだろうか？
うーむ……男性なんだろうか、女性なんだろうか？
外見は中性的で、少し判断に困る。
外見は中性的で、少し判断に困る。
いや、顔立ちは非常に整っているし、女性の確率は高い。
いや、顔立ちは非常に整っているし、女性の確率は高い。
でもその、失礼な話、女性にある部分が分からない。
でもその、失礼な話、女性にある部分が分からない。
オレはジッと、あおいさんの胸元を凝視してしまった。
オレはジッと、あおいさんの胸元を凝視してしまった。
あおい
あおい
……何か？
……何か？
秀隆
秀隆
いえ、なんでもないです
いえ、なんでもないです
男性ですか？　とも、女性ですか？　とも聞きづらい。
男性ですか？　とも、女性ですか？　とも聞きづらい。
オレは何となく濁して誤魔化すことにした。
オレは何となく濁して誤魔化すことにした。
龍也
龍也
宮川くん、少し休んでいて大丈夫だよ。
宮川くん、少し休んでいて大丈夫だよ。
僕は個人的に、ちょっと彼と話しをするから
僕は個人的に、ちょっと彼と話しをするから
あおい
あおい
畏まりました。何かありましたらお呼びください
畏まりました。何かありましたらお呼びください
龍也
龍也
うん、ありがとう
うん、ありがとう
あおいさんは頭を下げ、どこかへと立ち去ってしまった。
あおいさんは頭を下げ、どこかへと立ち去ってしまった。
龍也
龍也
根が真面目だから、楽しく会話するのには向かないんだ
根が真面目だから、楽しく会話するのには向かないんだ
秀隆
秀隆
そうなんですか。でもボディーガードがいるなんて、凄いですね
そうなんですか。でもボディーガードがいるなんて、凄いですね
秀隆
秀隆
さすがはドリームタウンを代表する特務官です
さすがはドリームタウンを代表する特務官です
龍也
龍也
ホープタウンと違って、
ホープタウンと違って、
ちょっとした危険なトラブルが多いからね
ちょっとした危険なトラブルが多いからね
龍也
龍也
あ、何か飲むかい？
あ、何か飲むかい？
秀隆
秀隆
えっと……それじゃあコーヒーを
えっと……それじゃあコーヒーを
龍也
龍也
今日はパーティーなんだし、ワインでもどうだい？
今日はパーティーなんだし、ワインでもどうだい？
秀隆
秀隆
そう言うわけには。お気持ちだけ頂いておきます
そう言うわけには。お気持ちだけ頂いておきます
龍也
龍也
なるほど
なるほど
頷いた後、高坂特務官はドリンクを歩いていたウェイターに頼んだ。
頷いた後、高坂特務官はドリンクを歩いていたウェイターに頼んだ。
龍也
龍也
君を探していたのは、ちょっと話をしてみたいと思ったからなんだ
君を探していたのは、ちょっと話をしてみたいと思ったからなんだ
龍也
龍也
あの竹内さんが、自分の横に特務官を連れ歩く、
あの竹内さんが、自分の横に特務官を連れ歩く、
と言う光景を、僕は殆ど見たことが無かったからね
と言う光景を、僕は殆ど見たことが無かったからね
秀隆
秀隆
そう、なんですか？
そう、なんですか？
龍也
龍也
孤軍奮闘と言うか、ホープタウンの特務官は
孤軍奮闘と言うか、ホープタウンの特務官は
竹内さん１人の力に支えられているのが実情です
竹内さん１人の力に支えられているのが実情です
龍也
龍也
他の特務官の方にもお会いしたことはあるけど、
他の特務官の方にもお会いしたことはあるけど、
やはり外交交渉に置いては、まだまだ竹内さんには劣る
やはり外交交渉に置いては、まだまだ竹内さんには劣る
さすが竹内氏、高坂氏も納得する力の持ち主だ。
さすが竹内氏、高坂氏も納得する力の持ち主だ。
オレは自分が褒められたかのように嬉しかった。
オレは自分が褒められたかのように嬉しかった。
龍也
龍也
もしかしたら……君が竹内さんに続く新戦力かと思ってね
もしかしたら……君が竹内さんに続く新戦力かと思ってね
秀隆
秀隆
ええっ？　いや、まさか。自分はまだ特務官になったばかりで……
ええっ？　いや、まさか。自分はまだ特務官になったばかりで……
龍也
龍也
へぇ……
へぇ……
秀隆
秀隆
なので、全然、高坂特務官の気に止めるような人間じゃないです
なので、全然、高坂特務官の気に止めるような人間じゃないです
龍也
龍也
そうかな？　僕はそうは思わないな
そうかな？　僕はそうは思わないな
龍也
龍也
むしろ少し警戒を強めざるを得ない、君には
むしろ少し警戒を強めざるを得ない、君には
秀隆
秀隆
な、なぜですか
な、なぜですか
龍也
龍也
特務官になったばかりで、今僕とこうして話しをしている。
特務官になったばかりで、今僕とこうして話しをしている。
それは―――君に大きな才能があるからじゃないのかな
それは―――君に大きな才能があるからじゃないのかな
秀隆
秀隆
まさか……。ただの偶然です
まさか……。ただの偶然です
龍也
龍也
偶然は必然とも言うしね、僕は臆病な人間だから気を緩めないよ
偶然は必然とも言うしね、僕は臆病な人間だから気を緩めないよ
秀隆
秀隆
本当に、新人特務官ですから……
本当に、新人特務官ですから……
変な勘違いから噂が一人歩きしても困る。
変な勘違いから噂が一人歩きしても困る。
オレは慌てて何度も否定するが、かえって逆効果だったようだ。
オレは慌てて何度も否定するが、かえって逆効果だったようだ。
龍也
龍也
怖いなぁ
怖いなぁ
笑う高坂氏だったが、瞳の奥に強いものを感じた気がした。
笑う高坂氏だったが、瞳の奥に強いものを感じた気がした。
龍也
龍也
例のプロジェクトに、もし君が関わってくるとしたら……要注意だな
例のプロジェクトに、もし君が関わってくるとしたら……要注意だな
秀隆
秀隆
例のプロジェクト……？
例のプロジェクト……？
龍也
龍也
もし君の実力が本物なら、
もし君の実力が本物なら、
きっと近々会うことになるだろうね
きっと近々会うことになるだろうね
龍也
龍也
その時は、お手柔らかにお願いするよ
その時は、お手柔らかにお願いするよ
秀隆
秀隆
は、はい
は、はい
そんな機会があるのかは分からないが、オレは頭を下げた。
そんな機会があるのかは分からないが、オレは頭を下げた。
あおい
あおい
失礼します、高坂特務官
失礼します、高坂特務官
龍也
龍也
ん？　どうした
ん？　どうした
あおい
あおい
大河内代表がお呼びです
大河内代表がお呼びです
龍也
龍也
おっと、そろそろか。それじゃあ、失礼するよ
おっと、そろそろか。それじゃあ、失礼するよ
秀隆
秀隆
はい
はい
あおい
あおい
失礼します
失礼します
秀隆
秀隆
あ、はいっ
あ、はいっ
あおいさんと高坂特務官は、奥へと消えていった。
あおいさんと高坂特務官は、奥へと消えていった。
まだ、予定の食事会まで時間がある。
まだ、予定の食事会まで時間がある。
オレは
オレは
適当に時間を潰す
適当に時間を潰す
希望を探す
希望を探す
さっきは、ちょっと中途半端な会話になってしまったからな。
さっきは、ちょっと中途半端な会話になってしまったからな。
もう少し希望と話すことは出来ないだろうか。
もう少し希望と話すことは出来ないだろうか。
オレは辺りを少し探すことにした。
オレは辺りを少し探すことにした。
いた。
いた。
希望は相変わらず、お偉いさんたちに囲まれているようだった。
希望は相変わらず、お偉いさんたちに囲まれているようだった。
だが丁度時間が良かったのか、
だが丁度時間が良かったのか、
少し待っていると希望に話しかける人がいなくなった。
少し待っていると希望に話しかける人がいなくなった。
希望は笑顔を崩さなかったが、
希望は笑顔を崩さなかったが、
話疲れたのか、ほっと息を吐いている。
話疲れたのか、ほっと息を吐いている。
秀隆
秀隆
声、かけない方がよさそうだな
声、かけない方がよさそうだな
そう思い離れようとしたところで、希望がこちらを向いた。
そう思い離れようとしたところで、希望がこちらを向いた。
オレは軽く笑って去ろうとしたが、希望はチョイチョイとオレを手招きした。
オレは軽く笑って去ろうとしたが、希望はチョイチョイとオレを手招きした。
希望
希望
ごめんね、さっきは。話してる途中だったのに
ごめんね、さっきは。話してる途中だったのに
秀隆
秀隆
いや、オレこそ悪かったな。忙しい中話しかけて
いや、オレこそ悪かったな。忙しい中話しかけて
希望
希望
今日はどうしても、対応する人が多くてさ
今日はどうしても、対応する人が多くてさ
希望
希望
秀隆くんの方は、もう大丈夫なの？
秀隆くんの方は、もう大丈夫なの？
秀隆
秀隆
ああ。少しくらいなら大丈夫だ
ああ。少しくらいなら大丈夫だ
希望
希望
そっか。じゃあ、もう少しお喋りできるね
そっか。じゃあ、もう少しお喋りできるね
秀隆
秀隆
疲れてるみたいだったけど、いいのか？
疲れてるみたいだったけど、いいのか？
希望
希望
大丈夫大丈夫。秀隆くんなら
大丈夫大丈夫。秀隆くんなら
秀隆
秀隆
そ、そうかな？
そ、そうかな？
それは、良い意味で受け取って良いのだろうか。
それは、良い意味で受け取って良いのだろうか。
思わずニヤケ顔を浮かべそうになった。
思わずニヤケ顔を浮かべそうになった。
希望
希望
目上の人って感じしないし？
目上の人って感じしないし？
……悪い意味で受け取らざるを得なかった。
……悪い意味で受け取らざるを得なかった。
希望
希望
さっきの続きだけどね、凛ちゃんの件。
さっきの続きだけどね、凛ちゃんの件。
マネージャーがストーカーだったとか
マネージャーがストーカーだったとか
秀隆
秀隆
ああ。世の中分からないもんだよな
ああ。世の中分からないもんだよな
希望
希望
何度か話をしたことはあったけど、そんなこと考えもしなかった
何度か話をしたことはあったけど、そんなこと考えもしなかった
秀隆
秀隆
多分凛を大切に思いすぎるが故に、
多分凛を大切に思いすぎるが故に、
屈折した愛情表現になってしまったんじゃないかな
屈折した愛情表現になってしまったんじゃないかな
希望
希望
そっか……凛ちゃん、まだ気にしてると思うから、
そっか……凛ちゃん、まだ気にしてると思うから、
話すことがあったら力になってあげてね
話すことがあったら力になってあげてね
秀隆
秀隆
オレで役に立てばいいけどな
オレで役に立てばいいけどな
希望
希望
多分、秀隆くんのこと、凄く頼りにしてると思うよ
多分、秀隆くんのこと、凄く頼りにしてると思うよ
秀隆
秀隆
凛が、オレを、頼りに？
凛が、オレを、頼りに？
希望
希望
そんな信じられなそうに言わなくても
そんな信じられなそうに言わなくても
秀隆
秀隆
だって、なぁ……
だって、なぁ……
希望
希望
凛ちゃんって、仲の良い子って少ないんだよね
凛ちゃんって、仲の良い子って少ないんだよね
秀隆
秀隆
そうなのか？　誰とでもワケ隔てなく接しそうだが
そうなのか？　誰とでもワケ隔てなく接しそうだが
希望
希望
だからこそ、同性には敬遠されがちなんだよ
だからこそ、同性には敬遠されがちなんだよ
希望
希望
女の子同士って、小さいルールが沢山あるから
女の子同士って、小さいルールが沢山あるから
秀隆
秀隆
あー……
あー……
言われてみれば、そう言うものかも知れない。
言われてみれば、そう言うものかも知れない。
秋のようなタイプの方が、友達が多かったりするし。
秋のようなタイプの方が、友達が多かったりするし。
秀隆
秀隆
希望は仲がいいんだろ？　凛とは
希望は仲がいいんだろ？　凛とは
希望
希望
うんっ。立場もちょっと似てるからか、話が合うんだよね
うんっ。立場もちょっと似てるからか、話が合うんだよね
希望
希望
だから特務官の秀隆くんとも、合うのかも
だから特務官の秀隆くんとも、合うのかも
秀隆
秀隆
特務官も、特殊な仕事だからな
特務官も、特殊な仕事だからな
希望
希望
あまり仕事の話なんて、私がしない方がいいんだろうけど……
あまり仕事の話なんて、私がしない方がいいんだろうけど……
秀隆
秀隆
ん？
ん？
希望
希望
お父さんに会った印象はどうだった？
お父さんに会った印象はどうだった？
秀隆
秀隆
会ったって言っても、ちょっと拝見しただけなんだけどな。
会ったって言っても、ちょっと拝見しただけなんだけどな。
正直、大河内代表は……怒らせたら相当怖そうな気がする
正直、大河内代表は……怒らせたら相当怖そうな気がする
希望
希望
そうだね。怒ると人前でも殴ったりするかも
そうだね。怒ると人前でも殴ったりするかも
秀隆
秀隆
マジか……
マジか……
普通、そんな暴力、一発で代表の座を奪われそうなものだけどな。
普通、そんな暴力、一発で代表の座を奪われそうなものだけどな。
それだけ大河内代表の存在が大きく強いってことだろう。
それだけ大河内代表の存在が大きく強いってことだろう。
秀隆
秀隆
まあ、余計な考えかな。怒るも怒られるも、相手にされてないし
まあ、余計な考えかな。怒るも怒られるも、相手にされてないし
秀隆
秀隆
っと随分話し込んじゃったみたいだ
っと随分話し込んじゃったみたいだ
希望
希望
そろそろ？
そろそろ？
秀隆
秀隆
ああ。ちょっと行ってくるよ
ああ。ちょっと行ってくるよ
希望
希望
頑張ってね
頑張ってね
秀隆
秀隆
おう
おう
希望に別れを告げ、オレは竹内特務官を探すことにした。
希望に別れを告げ、オレは竹内特務官を探すことにした。
秀隆
秀隆
そうだな……もうちょっとぶらぶらするか
そうだな……もうちょっとぶらぶらするか
秀隆
秀隆
しかし凄い人だな
しかし凄い人だな
どこを見ても、人、人だらけだ。
どこを見ても、人、人だらけだ。
これが特別なことじゃなく、毎日行われてるって言うから凄い。
これが特別なことじゃなく、毎日行われてるって言うから凄い。
ギャンブルって言うのは、これほどに人をひきつけるんだな。
ギャンブルって言うのは、これほどに人をひきつけるんだな。
それからも、つつがなくパーティーの方は進行した。
それからも、つつがなくパーティーの方は進行した。
オレと竹内特務官は唐沢代表に合流し、大河内代表の下へ。
オレと竹内特務官は唐沢代表に合流し、大河内代表の下へ。
唐沢
唐沢
ご無沙汰しております、大河内代表
ご無沙汰しております、大河内代表
麦蔵
麦蔵
これはこれは、唐沢代表。
これはこれは、唐沢代表。
例の共同プロジェクト発足以来ですかな
例の共同プロジェクト発足以来ですかな
二人の街の代表者が揃っているということもあり、
二人の街の代表者が揃っているということもあり、
周囲はざわめきを隠せず注目の視線を送っていた。
周囲はざわめきを隠せず注目の視線を送っていた。
秀隆
秀隆
凄いな……
凄いな……
二人を包む空気は、その場に居る者にしか伝わらないだろう。
二人を包む空気は、その場に居る者にしか伝わらないだろう。
今まで感じたプレッシャーよりも、より強力なプレッシャーを感じる。
今まで感じたプレッシャーよりも、より強力なプレッシャーを感じる。
竹内
竹内
この場の空気を、身体で感じておくように
この場の空気を、身体で感じておくように
秀隆
秀隆
……はい
……はい
その後、二人の代表は奥の方へと姿を消して行った。
その後、二人の代表は奥の方へと姿を消して行った。
結局オレは、大河内代表と眼を合わせることすらなく終わる。
結局オレは、大河内代表と眼を合わせることすらなく終わる。
わかっちゃいたことだが、まだまだ新米特務官ということだ。
わかっちゃいたことだが、まだまだ新米特務官ということだ。
竹内
竹内
後はゆっくり食事でも楽しむといい
後はゆっくり食事でも楽しむといい
秀隆
秀隆
ありがとうございます
ありがとうございます
…………。
…………。
……。
……。
竹内
竹内
どうだったかね、初めてのカジノは
どうだったかね、初めてのカジノは
秀隆
秀隆
何もかもが斬新でした。ありがとうございました
何もかもが斬新でした。ありがとうございました
竹内
竹内
そうか。君にいい刺激になってくれれば、私としても嬉しく思う
そうか。君にいい刺激になってくれれば、私としても嬉しく思う
竹内
竹内
明日以降についてのことなんだが
明日以降についてのことなんだが
秀隆
秀隆
はい
はい
竹内
竹内
君には新しいプロジェクトに関わってもらいたい
君には新しいプロジェクトに関わってもらいたい
秀隆
秀隆
プロジェクト、ですか
プロジェクト、ですか
竹内
竹内
共同開発地区に関する、重大なプロジェクトだ
共同開発地区に関する、重大なプロジェクトだ
ピクッと、オレの肩が跳ねた。
ピクッと、オレの肩が跳ねた。
竹内
竹内
君もそろそろ、大きな仕事に携わって行くべきだろう
君もそろそろ、大きな仕事に携わって行くべきだろう
竹内
竹内
無論、最前線と言うわけには行かないがね
無論、最前線と言うわけには行かないがね
秀隆
秀隆
自分なんかがお役に立てるでしょうか
自分なんかがお役に立てるでしょうか
竹内
竹内
少なくとも私は、そう思っている
少なくとも私は、そう思っている
秀隆
秀隆
……精一杯、やらせていただきます
……精一杯、やらせていただきます
竹内
竹内
助特務官の中に、推したい者はいるかね
助特務官の中に、推したい者はいるかね
秀隆
秀隆
……佐々野さんと、磯部さんです
……佐々野さんと、磯部さんです
竹内
竹内
なるほど、あの２人なら妥当なところか
なるほど、あの２人なら妥当なところか
竹内
竹内
いいだろう。その２人を君のサポート役に付けなさい
いいだろう。その２人を君のサポート役に付けなさい
秀隆
秀隆
それは、つまり……
それは、つまり……
竹内
竹内
君がリーダーだ
君がリーダーだ
秀隆
秀隆
…………
…………
竹内
竹内
新人であろうと、実力があれば私は起用する
新人であろうと、実力があれば私は起用する
竹内
竹内
決定に不服は無いね？
決定に不服は無いね？
秀隆
秀隆
はい……
はい……
竹内
竹内
君は確かに新人であり後輩だ。波風も少しは立つ
君は確かに新人であり後輩だ。波風も少しは立つ
竹内
竹内
だが、それで彼らに遠慮をする必要は全く無い
だが、それで彼らに遠慮をする必要は全く無い
竹内
竹内
そのことだけは、しっかりと認識しておくように
そのことだけは、しっかりと認識しておくように
秀隆
秀隆
分かりました
分かりました
秀隆
秀隆
ただいま、と
ただいま、と
家に帰宅するなり、緊張の糸が解けたオレは、深いため息をついた。
家に帰宅するなり、緊張の糸が解けたオレは、深いため息をついた。
秀隆
秀隆
短い間だったけど、どっと疲れたな……
短い間だったけど、どっと疲れたな……
キズナ
キズナ
お帰りなさーい
お帰りなさーい
キズナがオレの帰宅に気づき、笑顔で出迎えた。
キズナがオレの帰宅に気づき、笑顔で出迎えた。
秀隆
秀隆
あれ、キズナだけか？　アクセラは？
あれ、キズナだけか？　アクセラは？
キズナ
キズナ
今丁度お風呂に入っています
今丁度お風呂に入っています
秀隆
秀隆
そうか。じゃあオレは
そうか。じゃあオレは
キズナ
キズナ
おっぱいを揉みしだきにいくんですねっ！
おっぱいを揉みしだきにいくんですねっ！
秀隆
秀隆
行かねぇよ……おまえ、そんなの誰に教わったんだ
行かねぇよ……おまえ、そんなの誰に教わったんだ
キズナ
キズナ
アクセラさんが、ひーくんはそう言う人物だから気をつけろと
アクセラさんが、ひーくんはそう言う人物だから気をつけろと
キズナ
キズナ
おっぱいを語らせると長いとか、
おっぱいを語らせると長いとか、
おっぱいにはかなり強いこだわりを持っているとか
おっぱいにはかなり強いこだわりを持っているとか
秀隆
秀隆
一体何を教えてるんだ！　説教してやる！
一体何を教えてるんだ！　説教してやる！
キズナ
キズナ
と言う名目の元、お風呂場に直行するんですね、分かります
と言う名目の元、お風呂場に直行するんですね、分かります
キズナ
キズナ
おっぱい祭りですね
おっぱい祭りですね
秀隆
秀隆
だぁ！　おっぱいおっぱい言うな！
だぁ！　おっぱいおっぱい言うな！
秋
秋
…………
…………
スッと横切っていく秋が、一瞬だけこちらを見た。
スッと横切っていく秋が、一瞬だけこちらを見た。
そしてため息をついて去っていく。
そしてため息をついて去っていく。
秀隆
秀隆
ぐ……秋のヤツめ
ぐ……秋のヤツめ
キズナ
キズナ
ちっぱい？
ちっぱい？
秀隆
秀隆
そう言うことじゃねえよ！　怒られるぞ！
そう言うことじゃねえよ！　怒られるぞ！
また、すすっと横切っていく。
また、すすっと横切っていく。
今度はため息すらついてくれなかった。
今度はため息すらついてくれなかった。
キズナ
キズナ
あ、ちっぱいは私でしたね。でも将来性はありますからっ
あ、ちっぱいは私でしたね。でも将来性はありますからっ
秀隆
秀隆
そう言うことでもねえよ！
そう言うことでもねえよ！
秀隆
秀隆
……部屋に戻る
……部屋に戻る
キズナ
キズナ
随分疲れてるみたいですね、お仕事大変ですか
随分疲れてるみたいですね、お仕事大変ですか
どちらかと言うと、今のやりとりで残りの体力を奪われた感じだ。
どちらかと言うと、今のやりとりで残りの体力を奪われた感じだ。
キズナ
キズナ
もうすぐ晩御飯が出来ます、出来たらお呼びしますね
もうすぐ晩御飯が出来ます、出来たらお呼びしますね
秀隆
秀隆
ああ……え、もしかしてまたキズナが作ってるのか？
ああ……え、もしかしてまたキズナが作ってるのか？
キズナ
キズナ
はい。今日は私が当番ですので
はい。今日は私が当番ですので
秀隆
秀隆
この間は全然ダメだったけど、もう料理できるようになったのか？
この間は全然ダメだったけど、もう料理できるようになったのか？
キズナ
キズナ
はい。しっかりアクセラさんから教わりました
はい。しっかりアクセラさんから教わりました
秀隆
秀隆
そんな付け焼刃で何とかなるのか？
そんな付け焼刃で何とかなるのか？
なんだか不安になってきた。
なんだか不安になってきた。
秀隆
秀隆
おお……
おお……
食事の時間。
食事の時間。
期待度０（むしろマイナス）だったオレの目の前に
期待度０（むしろマイナス）だったオレの目の前に
並んでいたのは、いつもと遜色ない晩御飯だった。
並んでいたのは、いつもと遜色ない晩御飯だった。
アクセラ
アクセラ
お見事ですキズナ様
お見事ですキズナ様
キズナ
キズナ
ありがとうございます
ありがとうございます
秀隆
秀隆
おまえ、これ本当に一人でやったのか？
おまえ、これ本当に一人でやったのか？
キズナ
キズナ
はい。教わった通りに
はい。教わった通りに
秋
秋
凄い……
凄い……
アクセラ
アクセラ
キズナ様は非常に飲み込みが早く、
キズナ様は非常に飲み込みが早く、
瞬く間に私のレベルに追いつかれたみたいです
瞬く間に私のレベルに追いつかれたみたいです
アクセラ
アクセラ
あとはバリエーションを教えれば、すぐにでも免許皆伝ですね
あとはバリエーションを教えれば、すぐにでも免許皆伝ですね
キズナ
キズナ
やふー！　免許皆伝に向けて頑張りますよー！
やふー！　免許皆伝に向けて頑張りますよー！
秀隆
秀隆
……本当に凄いな
……本当に凄いな
アクセラ
アクセラ
秋様もお料理の勉強をなさいますか？
秋様もお料理の勉強をなさいますか？
秋
秋
しない
しない
秀隆
秀隆
人にはむき不向きがあるからな。うんうん
人にはむき不向きがあるからな。うんうん
秋
秋
兄さんにだけは言われたくありません
兄さんにだけは言われたくありません
秀隆
秀隆
まぁ……
まぁ……
オレなんて料理がダメの代表例だからな。
オレなんて料理がダメの代表例だからな。
アクセラ
アクセラ
秀隆様は、そもそも料理をなさらないからですよ
秀隆様は、そもそも料理をなさらないからですよ
アクセラ
アクセラ
私がお教えしましょうか？
私がお教えしましょうか？
秀隆
秀隆
興味ない
興味ない
キズナ
キズナ
おっぱい指導してもらえるかも知れませんよ？
おっぱい指導してもらえるかも知れませんよ？
秀隆
秀隆
どんな指導だよ……
どんな指導だよ……
キズナ
キズナ
こう包丁を握るときに、おっぱいが肩に触れるような？
こう包丁を握るときに、おっぱいが肩に触れるような？
秀隆
秀隆
ほう……
ほう……
アクセラ
アクセラ
今、ちょっぴり良いかも、と思われました？
今、ちょっぴり良いかも、と思われました？
秀隆
秀隆
お、思ってねぇよ
お、思ってねぇよ
秋
秋
下品な兄、とは思いました
下品な兄、とは思いました
秀隆
秀隆
思っても口にしないのが優しさだぞ
思っても口にしないのが優しさだぞ
秋
秋
下品です
下品です
どうやら妹に優しさはないらしい。
どうやら妹に優しさはないらしい。
秀隆
秀隆
しかしなキズナよ
しかしなキズナよ
キズナ
キズナ
はい？
はい？
秀隆
秀隆
おっぱいおっぱい言うのは、色々問題があるぞ
おっぱいおっぱい言うのは、色々問題があるぞ
キズナ
キズナ
そうですか？
そうですか？
秀隆
秀隆
年頃の女の子として恥ずかしくないか？
年頃の女の子として恥ずかしくないか？
キズナ
キズナ
特には何もっ
特には何もっ
アクセラ
アクセラ
おっぱい星人の秀隆様には、言われたくないと思います
おっぱい星人の秀隆様には、言われたくないと思います
秀隆
秀隆
おまえもおっぱいおっぱい言うな
おまえもおっぱいおっぱい言うな
アクセラ
アクセラ
私は平気ですが、何か？
私は平気ですが、何か？
秀隆
秀隆
…………
…………
秀隆
秀隆
秋、おまえもおっぱいおっぱい言うのか？
秋、おまえもおっぱいおっぱい言うのか？
秋
秋
言いません。話題を振らないでください
言いません。話題を振らないでください
秀隆
秀隆
……はい、すみません
……はい、すみません
睨まれたので深く頭を下げた。
睨まれたので深く頭を下げた。
アクセラ
アクセラ
普段から秀隆様がおっぱい話をされる影響だと思います
普段から秀隆様がおっぱい話をされる影響だと思います
秀隆
秀隆
う……
う……
悲しいかな、言い返せない。
悲しいかな、言い返せない。
アクセラ
アクセラ
今後キズナ様のことを思うなら、気を付けてください
今後キズナ様のことを思うなら、気を付けてください
秀隆
秀隆
わ、わかったよぉ
わ、わかったよぉ
秋
秋
多分反省しませんよ、兄さんは
多分反省しませんよ、兄さんは
キズナ
キズナ
私もそう思いますっ
私もそう思いますっ
アクセラ
アクセラ
そうですね。忠告するだけ無駄かもしれません
そうですね。忠告するだけ無駄かもしれません
オレの信用度はかなり低かった。
オレの信用度はかなり低かった。
もうこの話題は嫌だ……。
もうこの話題は嫌だ……。
オレは改めて料理を見渡すことにする。
オレは改めて料理を見渡すことにする。
秀隆
秀隆
いやしかし、味も大したもんだ。完全に家の味だな
いやしかし、味も大したもんだ。完全に家の味だな
キズナ
キズナ
褒められると素直に嬉しいです
褒められると素直に嬉しいです
キズナ
キズナ
もっともっと教えてください
もっともっと教えてください
アクセラ
アクセラ
お任せください
お任せください
アクセラ
アクセラ
美味しい料理さえ食べさせておけば、
美味しい料理さえ食べさせておけば、
後は死ぬまで秀隆様が働いて稼いでくれますので
後は死ぬまで秀隆様が働いて稼いでくれますので
秀隆
秀隆
死ぬまで働かなきゃならないのか……
死ぬまで働かなきゃならないのか……
アクセラ
アクセラ
老後の心配をしなくてもいいほど、稼げるとでも？
老後の心配をしなくてもいいほど、稼げるとでも？
秀隆
秀隆
……死ぬまで働かせていただきます
……死ぬまで働かせていただきます
キズナ
キズナ
この家の上下関係が、だいぶ見えてきました
この家の上下関係が、だいぶ見えてきました
うんうんと、キズナが関心深そうに頷いている。
うんうんと、キズナが関心深そうに頷いている。
一家の大黒柱である威厳は、失われてしまったようだ。
一家の大黒柱である威厳は、失われてしまったようだ。
秋
秋
元々ありませんけど
元々ありませんけど
秀隆
秀隆
うるさいよ！
うるさいよ！
秀隆
秀隆
今日は、さすがに緊張する時間が長かったから、疲れたな
今日は、さすがに緊張する時間が長かったから、疲れたな
どさっとベッドに倒れこむと、すぐに眠気が襲ってきた。
どさっとベッドに倒れこむと、すぐに眠気が襲ってきた。
うとうとしながらも、今日の出来事を思い返す。
うとうとしながらも、今日の出来事を思い返す。
秀隆
秀隆
特務官になったんだよな、オレ……
特務官になったんだよな、オレ……
大河内代表や、高坂特務官と対面して、それを改めて実感した。
大河内代表や、高坂特務官と対面して、それを改めて実感した。
あの人たちと外交を重ね、交渉をして行く。
あの人たちと外交を重ね、交渉をして行く。
竹内特務官のような人になれるだろうか？
竹内特務官のような人になれるだろうか？
そんなことを考えながら、オレは深い眠りへとつくことにした。
そんなことを考えながら、オレは深い眠りへとつくことにした。
…………。
…………。
……。
……。
