朝……。
朝……。
オレは、良い香りを感じ目を覚ました。
オレは、良い香りを感じ目を覚ました。
秀隆
秀隆
……なんだ……？
……なんだ……？
身体の上に、細く可愛い腕。
身体の上に、細く可愛い腕。
その腕の人物に視線を向けると、大きな瞳がオレを見ていた。
その腕の人物に視線を向けると、大きな瞳がオレを見ていた。
凛
凛
お、おはよ……
お、おはよ……
秀隆
秀隆
お、おう。おはよう……
お、おう。おはよう……
目が合うと凛は恥ずかしくなったのか視線を逸らした。
目が合うと凛は恥ずかしくなったのか視線を逸らした。
秀隆
秀隆
いつから起きてたんだ？
いつから起きてたんだ？
凛
凛
３０分くらい前……かな……
３０分くらい前……かな……
秀隆
秀隆
起こしてくれてもよかったんだぞ？
起こしてくれてもよかったんだぞ？
凛
凛
だって、もったいないじゃない？
だって、もったいないじゃない？
そう言い凛はオレの腕に抱き付いてきた。
そう言い凛はオレの腕に抱き付いてきた。
凛
凛
男の人と朝を迎えるって、こんな気分なのね……
男の人と朝を迎えるって、こんな気分なのね……
秀隆
秀隆
どんな気分だ？
どんな気分だ？
凛
凛
嬉しくて、恥ずかしくて……ちょっとエッチな感じ？
嬉しくて、恥ずかしくて……ちょっとエッチな感じ？
秀隆
秀隆
エッチか……エッチだよな
エッチか……エッチだよな
隣で寝ている凛は、一糸まとわぬ姿だ。
隣で寝ている凛は、一糸まとわぬ姿だ。
秀隆
秀隆
えい
えい
オレはスイッチに手を伸ばし、電気をつける。
オレはスイッチに手を伸ばし、電気をつける。
凛
凛
どうしたの？
どうしたの？
秀隆
秀隆
だって暗いとよくおっぱい見えないし
だって暗いとよくおっぱい見えないし
オレはベッドに戻り、隣の凛を抱きしめた。
オレはベッドに戻り、隣の凛を抱きしめた。
凛
凛
ちょ、ちょっと！？
ちょ、ちょっと！？
秀隆
秀隆
すげぇ柔らかい……凛のおっぱい
すげぇ柔らかい……凛のおっぱい
凛
凛
もう、朝っぱらから何言ってんのよ
もう、朝っぱらから何言ってんのよ
秀隆
秀隆
いいだろ。すげぇ幸せなんだから……
いいだろ。すげぇ幸せなんだから……
凛
凛
エッチなことをしたいだけでしょ？
エッチなことをしたいだけでしょ？
秀隆
秀隆
純真な気持ちでいっぱいだよ
純真な気持ちでいっぱいだよ
凛
凛
純真て……
純真て……
もちろん、勃起したオレのアレは凛の太ももに押し付けている。
もちろん、勃起したオレのアレは凛の太ももに押し付けている。
当たっているんじゃなく、押し付けているのがポイントだ。
当たっているんじゃなく、押し付けているのがポイントだ。
秀隆
秀隆
興奮状態を伝えたくて
興奮状態を伝えたくて
凛
凛
……ばーか
……ばーか
凛は、そういった後、手を伸ばしてオレのモノを握ってきた。
凛は、そういった後、手を伸ばしてオレのモノを握ってきた。
凛
凛
なにこれ、ほんとに同じ人間？　……固すぎ
なにこれ、ほんとに同じ人間？　……固すぎ
秀隆
秀隆
昨日いきなりしゃぶっててよく言うよ……
昨日いきなりしゃぶっててよく言うよ……
凛
凛
あ、あれは。色々事前に勉強してたのよ。
あ、あれは。色々事前に勉強してたのよ。
実際は内心パニックでよく覚えてないんだけど……
実際は内心パニックでよく覚えてないんだけど……
秀隆
秀隆
じゃあ、じっくり見てくれ。じっくり
じゃあ、じっくり見てくれ。じっくり
凛
凛
……皮かぶってる
……皮かぶってる
秀隆
秀隆
それは昨日も聞いた……言わなくていいことだ
それは昨日も聞いた……言わなくていいことだ
凛
凛
男の人って、なんかそこ気にするけど、どう違うわけ？
男の人って、なんかそこ気にするけど、どう違うわけ？
秀隆
秀隆
どう違うって……
どう違うって……
秀隆
秀隆
ここを、こうすると剥けるんだよ
ここを、こうすると剥けるんだよ
オレは手で皮をむき、亀頭を露出させる。
オレは手で皮をむき、亀頭を露出させる。
凛
凛
……それで？
……それで？
秀隆
秀隆
かっこ悪いだろ？　なんか
かっこ悪いだろ？　なんか
凛
凛
なにが？
なにが？
秀隆
秀隆
いや……まぁいいや
いや……まぁいいや
男の考え方は、女の子には通用しないだろうな。
男の考え方は、女の子には通用しないだろうな。
凛
凛
途中で話やめな、っ、ちょっと……！？
途中で話やめな、っ、ちょっと……！？
オレは凛のおっぱいにしゃぶりつき、乳輪を吸い上げた。
オレは凛のおっぱいにしゃぶりつき、乳輪を吸い上げた。
秀隆
秀隆
凛のおっぱい美味しい
凛のおっぱい美味しい
凛
凛
……そう？
……そう？
凛
凛
ん……もう、ダメ……っ、あんた子供みたい……
ん……もう、ダメ……っ、あんた子供みたい……
秀隆
秀隆
好きな子の前じゃ子供になるんだ
好きな子の前じゃ子供になるんだ
チューチュー音を立て、あいたもう片方の手でおっぱいを揉みしだく。
チューチュー音を立て、あいたもう片方の手でおっぱいを揉みしだく。
秀隆
秀隆
嫌じゃないか？
嫌じゃないか？
凛
凛
はぁっ……ん……触られたり、吸われたりするのは
はぁっ……ん……触られたり、吸われたりするのは
嫌いじゃない……
嫌いじゃない……
秀隆
秀隆
そか……
そか……
乳輪から、下乳、腹部へと舌先を這わせる。
乳輪から、下乳、腹部へと舌先を這わせる。
そして昨日は満足に責められなかったあそこへと顔を埋めた。
そして昨日は満足に責められなかったあそこへと顔を埋めた。
凛
凛
ば、バカ、どこに顔やってんのよ！
ば、バカ、どこに顔やってんのよ！
秀隆
秀隆
どこって……凛のマ○コ
どこって……凛のマ○コ
凛
凛
っ！
っ！
オレは凛の黒い茂みをかきわけ、舌で刺激を与える。
オレは凛の黒い茂みをかきわけ、舌で刺激を与える。
凛
凛
ば、ばかっ！　あ、あたし、そこまだ汚れてるからっ！！
ば、ばかっ！　あ、あたし、そこまだ汚れてるからっ！！
昨日の破瓜をふき取ってはいたけど、お互いそのまま寝たからな。
昨日の破瓜をふき取ってはいたけど、お互いそのまま寝たからな。
秀隆
秀隆
でも、こういうのが逆に燃えたり
でも、こういうのが逆に燃えたり
オレは舌を伸ばし、凛のクリ○リスを刺激する。
オレは舌を伸ばし、凛のクリ○リスを刺激する。
凛
凛
ひゃ！
ひゃ！
秀隆
秀隆
おぶっ！
おぶっ！
凛
凛
はぁ、はあっ……もう、朝から何やってんのよ……
はぁ、はあっ……もう、朝から何やってんのよ……
秀隆
秀隆
……ごめんごめん。つい、興奮して……いででで……
……ごめんごめん。つい、興奮して……いででで……
凛に蹴られてしまった。
凛に蹴られてしまった。
凛
凛
こ、こんなとこ舐めさせられるわけないでしょ！
こ、こんなとこ舐めさせられるわけないでしょ！
秀隆
秀隆
……舐めたかった……
……舐めたかった……
凛
凛
バーカ、バーカ！
バーカ、バーカ！
でも、そんなことを言いながらも、
でも、そんなことを言いながらも、
オレたちはベッドの上で乳繰り合っていたり。
オレたちはベッドの上で乳繰り合っていたり。
ちょっとおっぱい触ったり、チ○コ触ったり。
ちょっとおっぱい触ったり、チ○コ触ったり。
凛
凛
……エッチだ。すごく
……エッチだ。すごく
秀隆
秀隆
だな……
だな……
凛
凛
世の男女って、みんなこんなことしてんの？　改めて考えたら凄いことね……
世の男女って、みんなこんなことしてんの？　改めて考えたら凄いことね……
秀隆
秀隆
一日中セックスだけしてる、なんてこともあるだろうし
一日中セックスだけしてる、なんてこともあるだろうし
凛
凛
あーだめ。あたしデビューが最低だったから、今恐怖しかない
あーだめ。あたしデビューが最低だったから、今恐怖しかない
凛
凛
ってことで、当分なしね
ってことで、当分なしね
秀隆
秀隆
お、おまえなぁ。自分で無茶しておいて……
お、おまえなぁ。自分で無茶しておいて……
凛
凛
あんな痛いの経験したら、次保たないかも……
あんな痛いの経験したら、次保たないかも……
秀隆
秀隆
ったく……
ったく……
秀隆
秀隆
ま、いいや
ま、いいや
凛
凛
いいの？
いいの？
秀隆
秀隆
男は、女の初めてになりたい。それは、やっぱ思っちゃうんだよ
男は、女の初めてになりたい。それは、やっぱ思っちゃうんだよ
秀隆
秀隆
だから、オレはお前の初めてになれてうれしかった
だから、オレはお前の初めてになれてうれしかった
凛
凛
……ふーん……変なの……
……ふーん……変なの……
秀隆
秀隆
そろそろ起きようか
そろそろ起きようか
凛
凛
な、なんでそんな切り替え早いのよ……
な、なんでそんな切り替え早いのよ……
凛がもじもじする。
凛がもじもじする。
秀隆
秀隆
どうしたんだよ
どうしたんだよ
凛
凛
……別に
……別に
凛
凛
あ、ねぇ秀隆。今日はもう帰っちゃうわけ？
あ、ねぇ秀隆。今日はもう帰っちゃうわけ？
秀隆
秀隆
なんだよ、泊まって行ってもいいのか？
なんだよ、泊まって行ってもいいのか？
凛
凛
えっ？　えーっと、まあ、別に……どっちでも、って感じ？
えっ？　えーっと、まあ、別に……どっちでも、って感じ？
秀隆
秀隆
じゃあ泊まります！
じゃあ泊まります！
凛
凛
……やっぱり泊めたくなくなってきた
……やっぱり泊めたくなくなってきた
秀隆
秀隆
泊めて下さい
泊めて下さい
凛
凛
ほんと、普段は欲望に忠実なんだから
ほんと、普段は欲望に忠実なんだから
秀隆
秀隆
だってそうだろ。……今だって、すごい絶景だし
だってそうだろ。……今だって、すごい絶景だし
凛
凛
え？
え？
ベッドから抜け出そうとしている凛は、素っ裸だ。
ベッドから抜け出そうとしている凛は、素っ裸だ。
もちろん、オレも素っ裸で、股間はビンビンである。
もちろん、オレも素っ裸で、股間はビンビンである。
凛
凛
も、もう……
も、もう……
それに気づいた凛は、視線をそらして顔を赤く染めた。
それに気づいた凛は、視線をそらして顔を赤く染めた。
秀隆
秀隆
なんか、オレ凛に対する見方がちょっと変わったかも
なんか、オレ凛に対する見方がちょっと変わったかも
凛
凛
なにそれ。悪い方にじゃないでしょうね？
なにそれ。悪い方にじゃないでしょうね？
秀隆
秀隆
まさか。より好きになったっつーか
まさか。より好きになったっつーか
秀隆
秀隆
チ○コを直視できないくらい、純情だったんだな。まさに清純派だ
チ○コを直視できないくらい、純情だったんだな。まさに清純派だ
凛
凛
う、うっさいわね。んなもん、簡単に直視できるわよ
う、うっさいわね。んなもん、簡単に直視できるわよ
そういい、オレの股間を睨むように見た。
そういい、オレの股間を睨むように見た。
でも……。
でも……。
凛
凛
ごめ、ギブ。無理……
ごめ、ギブ。無理……
耐え切れなくなったのか、視線が逃げた。
耐え切れなくなったのか、視線が逃げた。
秀隆
秀隆
そんなんでよく昨日はフェラまでしたよな……
そんなんでよく昨日はフェラまでしたよな……
凛
凛
役者としてのスイッチを入れたらね……今はスイッチも入らないし
役者としてのスイッチを入れたらね……今はスイッチも入らないし
秀隆
秀隆
プロ根性って奴か
プロ根性って奴か
凛
凛
あーもう、起きるわよ
あーもう、起きるわよ
秀隆
秀隆
股間は起きっぱなしだけどな
股間は起きっぱなしだけどな
オレは下半身に力を込め、チ○コを上下にぶるぶるさせた。
オレは下半身に力を込め、チ○コを上下にぶるぶるさせた。
凛
凛
さいてー……
さいてー……
凛
凛
今日はどうする？　家にいる？
今日はどうする？　家にいる？
秀隆
秀隆
そうか。凛は仕事か
そうか。凛は仕事か
芸能人には、平日も休日もない。
芸能人には、平日も休日もない。
仕事があれば出向く必要がある。
仕事があれば出向く必要がある。
秀隆
秀隆
オレは一度ホープタウンに戻るよ。また、夜に戻ってくる
オレは一度ホープタウンに戻るよ。また、夜に戻ってくる
凛
凛
じゃあ、途中まで一緒に行こっか
じゃあ、途中まで一緒に行こっか
秀隆
秀隆
おう。サングラスは忘れずにな
おう。サングラスは忘れずにな
外に出る。
外に出る。
秀隆
秀隆
うーっ……昨日は運動したせいか、身体が軽いぞ
うーっ……昨日は運動したせいか、身体が軽いぞ
それも、夢にまで見た運動だったからな……。
それも、夢にまで見た運動だったからな……。
いかんいかん、また想像で股間に血液が……。
いかんいかん、また想像で股間に血液が……。
秀隆
秀隆
って、おい何やってんだ？
って、おい何やってんだ？
玄関を出たところで、立ち止まる凛。
玄関を出たところで、立ち止まる凛。
妙に苦しそうな顔をしている。
妙に苦しそうな顔をしている。
秀隆
秀隆
どこか体調が悪いのか？
どこか体調が悪いのか？
凛
凛
お腹痛い……
お腹痛い……
秀隆
秀隆
え？　あ、ああ。そう言うことか……無茶しすぎたからだ
え？　あ、ああ。そう言うことか……無茶しすぎたからだ
凛
凛
なんでそんな察しいいのよ……
なんでそんな察しいいのよ……
秀隆
秀隆
いや、別に。分かるだろ普通
いや、別に。分かるだろ普通
まどかとの時は、翌日が学園だったからすげぇ泣きそうな顔してたし。
まどかとの時は、翌日が学園だったからすげぇ泣きそうな顔してたし。
凛
凛
まさか昔の女を思い浮かべたりしてないでしょうね？
まさか昔の女を思い浮かべたりしてないでしょうね？
秀隆
秀隆
するわけないだろ。ったく
するわけないだろ。ったく
凛
凛
そ、そう？　ならいいんだけど
そ、そう？　ならいいんだけど
危なっ！！
危なっ！！
ほんと、凛さんあなた鋭すぎます……。
ほんと、凛さんあなた鋭すぎます……。
凛
凛
仕事モードにスイッチ入れて誤魔化したりしてない？
仕事モードにスイッチ入れて誤魔化したりしてない？
秀隆
秀隆
怒るぞ？　そんなこと言ってると。オレは純粋に心配してるんだ
怒るぞ？　そんなこと言ってると。オレは純粋に心配してるんだ
凛
凛
ご、ごめん。そうよね……
ご、ごめん。そうよね……
危なっ！！
危なっ！！
凛
凛
あたしって駄目だな。つい、思ったこと口にしちゃうから
あたしって駄目だな。つい、思ったこと口にしちゃうから
凛
凛
多分、大体勘が合ってるから言っちゃうんだとおもう
多分、大体勘が合ってるから言っちゃうんだとおもう
秀隆
秀隆
まぁいいさ。それより、歩けるか？
まぁいいさ。それより、歩けるか？
凛
凛
歩かなきゃね。仕事は行かないといけないし
歩かなきゃね。仕事は行かないといけないし
凛
凛
あ、あのさ。一応参考までに聞くけど。バレないよね？
あ、あのさ。一応参考までに聞くけど。バレないよね？
秀隆
秀隆
バレる？　なにが
バレる？　なにが
凛
凛
あたしが、その……処女じゃなくなった、って事実
あたしが、その……処女じゃなくなった、って事実
秀隆
秀隆
それはオレか凛が口にするとかしないとかじゃなくて、
それはオレか凛が口にするとかしないとかじゃなくて、
見た目的に変化が起こらないか、ってことだよな？
見た目的に変化が起こらないか、ってことだよな？
凛
凛
うん
うん
秀隆
秀隆
それは大丈夫だ。でも、雰囲気ってのはあるかもしれない
それは大丈夫だ。でも、雰囲気ってのはあるかもしれない
凛
凛
雰囲気？
雰囲気？
秀隆
秀隆
態度や言動に、つい表れるってことだよ。
態度や言動に、つい表れるってことだよ。
特に男の場合は、初体験を卒業したら自分から言ったりするし
特に男の場合は、初体験を卒業したら自分から言ったりするし
秀隆
秀隆
まあ、凛の場合は大丈夫じゃないか？
まあ、凛の場合は大丈夫じゃないか？
凛
凛
ならいいんだけど。一応あたしには、好きな人はいない設定だから
ならいいんだけど。一応あたしには、好きな人はいない設定だから
秀隆
秀隆
なんか、ちょっと罪悪感はあるかも
なんか、ちょっと罪悪感はあるかも
凛
凛
もしかして、ファンのこと言ってる？
もしかして、ファンのこと言ってる？
秀隆
秀隆
ああ。凛を独り占めできるのは、この世で一番の幸せだと思うけど、おまえには騙して芸能活動させることになるわけだし
ああ。凛を独り占めできるのは、この世で一番の幸せだと思うけど、おまえには騙して芸能活動させることになるわけだし
凛
凛
騙すもなにも、そもそも素のあたしってこんなんよ？
騙すもなにも、そもそも素のあたしってこんなんよ？
それ言い出したらテレビに出る前から偽りだらけだって
それ言い出したらテレビに出る前から偽りだらけだって
秀隆
秀隆
言われてみれば……
言われてみれば……
彼氏どうこうの前に、こいつ清純派な性格じゃなかった。
彼氏どうこうの前に、こいつ清純派な性格じゃなかった。
凛
凛
それに、万が一あんたとの関係がバレて、
それに、万が一あんたとの関係がバレて、
あたしが今の地位にいられなくなったとしても……
あたしが今の地位にいられなくなったとしても……
それはあたしの責任
それはあたしの責任
凛
凛
秀隆を選んで、初めてを捧げたのは、あたしの意思。覚悟は出来てる
秀隆を選んで、初めてを捧げたのは、あたしの意思。覚悟は出来てる
凛
凛
このことで秀隆が自分を責めるのはお門違いだからね
このことで秀隆が自分を責めるのはお門違いだからね
秀隆
秀隆
……さすがプロ、だな
……さすがプロ、だな
凛
凛
ある意味失格だけどね。秀隆に口説き落とされちゃったわけだし
ある意味失格だけどね。秀隆に口説き落とされちゃったわけだし
凛
凛
あ、そろそろ行かないと出発しちゃう
あ、そろそろ行かないと出発しちゃう
秀隆
秀隆
っと、そうだな
っと、そうだな
秀隆
秀隆
じゃ、ここまでかな
じゃ、ここまでかな
凛
凛
えっと……ステーションで待ち合わせとか、していい？
えっと……ステーションで待ち合わせとか、していい？
秀隆
秀隆
もちろん最初からそのつもりだ。仕事が終わったら連絡くれ
もちろん最初からそのつもりだ。仕事が終わったら連絡くれ
凛
凛
わかった
わかった
秀隆
秀隆
いってらっしゃい
いってらっしゃい
凛
凛
いってきます
いってきます
お互いに触れ合うことはないが、笑顔で言葉を交わした。
お互いに触れ合うことはないが、笑顔で言葉を交わした。
秀隆
秀隆
夢じゃないんだよな……
夢じゃないんだよな……
帰宅した後、オレはベッドに横になった。
帰宅した後、オレはベッドに横になった。
今日は休日だし、夜まで昨日の出来事を思い返すことにしよう。
今日は休日だし、夜まで昨日の出来事を思い返すことにしよう。
オレと凛は仕事終わりに合流し、再び凛の家にやって来た。
オレと凛は仕事終わりに合流し、再び凛の家にやって来た。
凛
凛
あー疲れた。家に帰ってくると、どっと疲れが押し寄せてくるのよね
あー疲れた。家に帰ってくると、どっと疲れが押し寄せてくるのよね
秀隆
秀隆
朝から晩までご苦労様。肩でも揉んでやろうか？
朝から晩までご苦労様。肩でも揉んでやろうか？
凛
凛
今だと容赦なくおっぱいも揉んで来るから結構です
今だと容赦なくおっぱいも揉んで来るから結構です
秀隆
秀隆
バレていたか
バレていたか
凛
凛
バレてるに決まってるでしょ……
バレてるに決まってるでしょ……
秀隆
秀隆
……凛のさ、その格好って可愛いよな
……凛のさ、その格好って可愛いよな
凛
凛
は？　何当たり前のこと言ってんの？　可愛いと思ってるから
は？　何当たり前のこと言ってんの？　可愛いと思ってるから
着てるのよ
着てるのよ
秀隆
秀隆
そうなんだけどさ。こう、な？
そうなんだけどさ。こう、な？
凛
凛
うわー、なに、ひょっとしてこの格好でエッチさせてほしいとか、そう言うの？
うわー、なに、ひょっとしてこの格好でエッチさせてほしいとか、そう言うの？
秀隆
秀隆
凛、オレはそこまで鬼畜じゃない。
凛、オレはそこまで鬼畜じゃない。
昨日アレだけ痛がってたおまえに、無理させるつもりはないぞ
昨日アレだけ痛がってたおまえに、無理させるつもりはないぞ
凛
凛
秀隆……
秀隆……
秀隆
秀隆
ただ、その格好でおっぱいを触らせてほしいだけだ！
ただ、その格好でおっぱいを触らせてほしいだけだ！
秀隆
秀隆
あだっ！　なんで蹴るんだよ！
あだっ！　なんで蹴るんだよ！
凛
凛
返せ！　あたしのトキメキを返せ！
返せ！　あたしのトキメキを返せ！
秀隆
秀隆
女性の乳房は、男性をひきつけるフェロモンがうんたらかんたら
女性の乳房は、男性をひきつけるフェロモンがうんたらかんたら
凛
凛
あーもう、ほんっと……！
あーもう、ほんっと……！
凛
凛
……もうちょっと、格好いい誘い方ってもんがあるでしょうがっ
……もうちょっと、格好いい誘い方ってもんがあるでしょうがっ
秀隆
秀隆
なんだよ。オレにそう言うのを求めてるのか？
なんだよ。オレにそう言うのを求めてるのか？
秀隆
秀隆
オレは、オレとして接することが出来る今を、幸せに感じてる
オレは、オレとして接することが出来る今を、幸せに感じてる
秀隆
秀隆
バカ言い合える仲って、一番理想的だと思わないか？
バカ言い合える仲って、一番理想的だと思わないか？
凛
凛
またそうやって……すぐ調子のいいことを言うんだから
またそうやって……すぐ調子のいいことを言うんだから
秀隆
秀隆
それもオレ、だろ？
それもオレ、だろ？
凛
凛
……ほんと、呆れるくらいね
……ほんと、呆れるくらいね
凛
凛
エッチって回数を重ねたら痛くなくなる、のよね？
エッチって回数を重ねたら痛くなくなる、のよね？
秀隆
秀隆
個人差はあるけど、ある程度こなせばな
個人差はあるけど、ある程度こなせばな
凛
凛
……する？
……する？
秀隆
秀隆
オレはおっぱいは触りたいけど、
オレはおっぱいは触りたいけど、
無茶して最後までするつもりはないぞ
無茶して最後までするつもりはないぞ
凛
凛
あたしは、エッチしたい、って思ってるけど？
あたしは、エッチしたい、って思ってるけど？
秀隆
秀隆
……凛は、本心を上手く隠すからな……
……凛は、本心を上手く隠すからな……
凛
凛
お互いさまでしょ？　……そりゃ、痛いのは嫌よ。
お互いさまでしょ？　……そりゃ、痛いのは嫌よ。
実際気持ちよかったかって聞かれると、よくなかったし……
実際気持ちよかったかって聞かれると、よくなかったし……
凛
凛
でも……胸とか、その、アレとか、その、色々してもらってる時は、気持ちよかったから
でも……胸とか、その、アレとか、その、色々してもらってる時は、気持ちよかったから
凛
凛
それに……心は満たされてた。凄く、幸せを感じられた
それに……心は満たされてた。凄く、幸せを感じられた
凛
凛
その行為が、嫌なわけないじゃない？
その行為が、嫌なわけないじゃない？
秀隆
秀隆
……凛……
……凛……
オレは、そっと凛に詰め寄ると……その身体を抱き上げた。
オレは、そっと凛に詰め寄ると……その身体を抱き上げた。
凛
凛
ちょ、ちょっと！？
ちょ、ちょっと！？
秀隆
秀隆
行こうか
行こうか
凛
凛
……うん……
……うん……
オレは凛を抱き上げたまま、寝室へ。
オレは凛を抱き上げたまま、寝室へ。
そして、優しくベッドへと横たえた。
そして、優しくベッドへと横たえた。
最終章・凛ルートその１２』凛H
最終章・凛ルートその１２』凛H
オレの身につけていたコンドームが抜き取られる。
オレの身につけていたコンドームが抜き取られる。
そこには、我慢汁こそ付着しているものの、精子はない。
そこには、我慢汁こそ付着しているものの、精子はない。
凛
凛
ごめんね、ありがとう……
ごめんね、ありがとう……
秀隆
秀隆
凛が本当に気持ちよくイけるときに、取っとこうと思ってさ
凛が本当に気持ちよくイけるときに、取っとこうと思ってさ
凛
凛
……うん……
……うん……
オレは、凛を抱きしめて、ベッドで横になった。
オレは、凛を抱きしめて、ベッドで横になった。
秀隆
秀隆
寝るまで、ずっとおっぱい揉んでてもいいか？
寝るまで、ずっとおっぱい揉んでてもいいか？
凛
凛
いいよ
いいよ
秀隆
秀隆
寝るまで、ずっとおっぱい吸っててもいいか？
寝るまで、ずっとおっぱい吸っててもいいか？
凛
凛
なんで追加要素でてんのよ……いいけどさ……
なんで追加要素でてんのよ……いいけどさ……
秀隆
秀隆
じゃあ……はむっ
じゃあ……はむっ
凛
凛
あんっ……もう、まるっきり赤ちゃん……
あんっ……もう、まるっきり赤ちゃん……
秀隆
秀隆
バブバブ
バブバブ
凛
凛
……ん、んっ……これ、眠れないかも……
……ん、んっ……これ、眠れないかも……
…………。
…………。
……。
……。
