秀隆
秀隆
やっちまった……
やっちまった……
秀隆
秀隆
やっちまったよ……
やっちまったよ……
弾みとは言え、許可もなく希望の唇を奪ってしまった。
弾みとは言え、許可もなく希望の唇を奪ってしまった。
秀隆
秀隆
何やってんだよオレは……
何やってんだよオレは……
知らない間にオレの中で、
知らない間にオレの中で、
希望の存在が大きくなっていた、ってことなんだろう。
希望の存在が大きくなっていた、ってことなんだろう。
秀隆
秀隆
だからってキスしていい理由にはならないよな……
だからってキスしていい理由にはならないよな……
とにかく謝らなければならない。
とにかく謝らなければならない。
秀隆
秀隆
メールか……？　電話か？　それとも、直接会って……
メールか……？　電話か？　それとも、直接会って……
キズナ
キズナ
何がですか？
何がですか？
秀隆
秀隆
キズナか。いや、別に何でもないよ
キズナか。いや、別に何でもないよ
キズナ
キズナ
お悩み事があるなら、ご相談に乗りますけど
お悩み事があるなら、ご相談に乗りますけど
秀隆
秀隆
問題ない、気にしないでくれ
問題ない、気にしないでくれ
キズナ
キズナ
そうですか？　では……朝食の用意は出来てますよ
そうですか？　では……朝食の用意は出来てますよ
秀隆
秀隆
わかった。すぐに行くから
わかった。すぐに行くから
秀隆
秀隆
とりあえず……朝飯だな
とりあえず……朝飯だな
キズナにまで心配させるようなことだけは出来ない。
キズナにまで心配させるようなことだけは出来ない。
手早く食事を済ませ、再び自室に戻る。
手早く食事を済ませ、再び自室に戻る。
秀隆
秀隆
どうすることが正しいのだろう……
どうすることが正しいのだろう……
部屋に戻ったオレは、鏡を前にして自分の唇に手を触れていた。
部屋に戻ったオレは、鏡を前にして自分の唇に手を触れていた。
また、時間が経てば経つほど、
また、時間が経てば経つほど、
何故か鮮明に記憶が蘇って来た。
何故か鮮明に記憶が蘇って来た。
柔らかい唇の感触。
柔らかい唇の感触。
触れた肌のぬくもり。
触れた肌のぬくもり。
秀隆
秀隆
間違った選択をした後の対処ってのが、一番厄介だ……
間違った選択をした後の対処ってのが、一番厄介だ……
オレがしたことは明らかにミスだ。
オレがしたことは明らかにミスだ。
そのミスを帳消しにするのは簡単じゃないだろう。
そのミスを帳消しにするのは簡単じゃないだろう。
それに、昨日のことを大河内代表や高坂特務官に報告されて
それに、昨日のことを大河内代表や高坂特務官に報告されて
いたら……。
いたら……。
龍也
龍也
普段は温厚な僕ですが、さすがに許せそうにありません
普段は温厚な僕ですが、さすがに許せそうにありません
婚約者の唇を奪われて怒る高坂特務官。
婚約者の唇を奪われて怒る高坂特務官。
そしてその隣で、鬼の形相を浮かべる大河内代表。
そしてその隣で、鬼の形相を浮かべる大河内代表。
秀隆
秀隆
……まず間違いなく、生きて帰れないだろ……
……まず間違いなく、生きて帰れないだろ……
乾いた笑いが部屋に吸い込まれた。
乾いた笑いが部屋に吸い込まれた。
se着信（共通
se着信（共通
秀隆
秀隆
ん？
ん？
携帯が鳴った。
携帯が鳴った。
着信相手は、水野凛と書かれてある。
着信相手は、水野凛と書かれてある。
se通話ボタン
se通話ボタン
秀隆
秀隆
もしもし
もしもし
凛
凛
あ、秀隆？　ちょっと聞きたいことがあるんだけど
あ、秀隆？　ちょっと聞きたいことがあるんだけど
秀隆
秀隆
どうした。困ったことでもあったのか？
どうした。困ったことでもあったのか？
凛
凛
うん、実はさっき希望に会ったんだけど
うん、実はさっき希望に会ったんだけど
秀隆
秀隆
希望に？
希望に？
凛
凛
……ちょっと様子が変だったから。何か知らないかと思って
……ちょっと様子が変だったから。何か知らないかと思って
秀隆
秀隆
思い当たるフシはないなぁ
思い当たるフシはないなぁ
凛
凛
…………
…………
秀隆
秀隆
どうしたんだよ
どうしたんだよ
電話の向こうの凛の様子がおかしい。
電話の向こうの凛の様子がおかしい。
凛
凛
今からそっち行ってもいい？
今からそっち行ってもいい？
秀隆
秀隆
そうか。電話が通じてるってことはホープタウンにいるのか
そうか。電話が通じてるってことはホープタウンにいるのか
秀隆
秀隆
わかった。待ってるよ
わかった。待ってるよ
se通話ボタン
se通話ボタン
通話を切る。
通話を切る。
秀隆
秀隆
……あいつ、鋭いからな
……あいつ、鋭いからな
電話口では上手く誤魔化せたと思うが、
電話口では上手く誤魔化せたと思うが、
あの様子からすると、何か知っていると見た方がいい。
あの様子からすると、何か知っていると見た方がいい。
とすると、誤魔化しきれないかもな。
とすると、誤魔化しきれないかもな。
凛
凛
お邪魔します
お邪魔します
秀隆
秀隆
仕事の方は大丈夫なのか？
仕事の方は大丈夫なのか？
凛
凛
収録は昼からだから。今日は早めに入ったってわけ。
収録は昼からだから。今日は早めに入ったってわけ。
規制緩和のお陰で、ダイヤの調整が効くようになったからさ
規制緩和のお陰で、ダイヤの調整が効くようになったからさ
秀隆
秀隆
なるほど。ってことは、希望のことで話すつもりだったわけだ
なるほど。ってことは、希望のことで話すつもりだったわけだ
凛
凛
電話でも聞いたけど、希望のことで何か知らない？
電話でも聞いたけど、希望のことで何か知らない？
秀隆
秀隆
一応考えてみたが、思い当たるフシはないな
一応考えてみたが、思い当たるフシはないな
凛
凛
昨日、希望が秀隆のところに遊びに行くって話し聞いたのよ
昨日、希望が秀隆のところに遊びに行くって話し聞いたのよ
秀隆
秀隆
それでオレなら知ってると思ったわけか
それでオレなら知ってると思ったわけか
凛
凛
あの子って嬉しい時も悲しい時も、
あの子って嬉しい時も悲しい時も、
結構キャラ作ってるって言うかブレが少ないの。
結構キャラ作ってるって言うかブレが少ないの。
でも昨日は明らかに様子がおかしかった
でも昨日は明らかに様子がおかしかった
秀隆
秀隆
なるほど……
なるほど……
凛
凛
あんたの仕事モードが凄いのは分かったけどさ、
あんたの仕事モードが凄いのは分かったけどさ、
もし何か知ってるんだったら教えてくれない？
もし何か知ってるんだったら教えてくれない？
凛も、何か思うところがあって、オレのところにやって来たってことか。
凛も、何か思うところがあって、オレのところにやって来たってことか。
恐らくオレが関係していると分かっているんだろう。
恐らくオレが関係していると分かっているんだろう。
直接口にしないが、目がそう物語っていた。
直接口にしないが、目がそう物語っていた。
なら、ここで無理に隠し通すのは得策じゃないな。
なら、ここで無理に隠し通すのは得策じゃないな。
秀隆
秀隆
……分かった。素直に白状する。
……分かった。素直に白状する。
希望の様子がおかしかった原因は、多分オレだ
希望の様子がおかしかった原因は、多分オレだ
凛
凛
やっぱり……。ったく、あんた嘘つくの上手すぎ。
やっぱり……。ったく、あんた嘘つくの上手すぎ。
これで誤魔化されてたら諦めるしかなかったじゃない
これで誤魔化されてたら諦めるしかなかったじゃない
秀隆
秀隆
おまえの直感も大したもんだよ
おまえの直感も大したもんだよ
凛
凛
それで何があったの。龍也さんのことで相談受けた？
それで何があったの。龍也さんのことで相談受けた？
そしてこのニアピンである。
そしてこのニアピンである。
秀隆
秀隆
キスした
キスした
凛
凛
そ、そうなの？　うわ、意外。龍也さんもっと奥手だと思ってた。
そ、そうなの？　うわ、意外。龍也さんもっと奥手だと思ってた。
って、なんで龍也さんとキスして落ち込むのよ……
って、なんで龍也さんとキスして落ち込むのよ……
少し考え込んだ後、凛が顔を上げる。
少し考え込んだ後、凛が顔を上げる。
そして、オレと目が合った。
そして、オレと目が合った。
凛
凛
もしかして
もしかして
秀隆
秀隆
オレが希望にキスした
オレが希望にキスした
凛
凛
は……
は……
凛
凛
はああああああああああああああああああ？？？？！！！
はああああああああああああああああああ？？？？！！！
秀隆
秀隆
うるさっ！
うるさっ！
凛
凛
ななななな、何考えてんのよあんた！！
ななななな、何考えてんのよあんた！！
秀隆
秀隆
何考えてるか分からなかったから、キスしてしまったんだろうな
何考えてるか分からなかったから、キスしてしまったんだろうな
凛
凛
あんたあの子には龍也さんがいるのよ！？
あんたあの子には龍也さんがいるのよ！？
秀隆
秀隆
……分かってるさ。事の重大さくらいは。
……分かってるさ。事の重大さくらいは。
なんか知らないけど、気づいたら想いを抑えられなかったんだよ
なんか知らないけど、気づいたら想いを抑えられなかったんだよ
凛
凛
それってつまり、あんたが希望を好きになっちゃったってこと？
それってつまり、あんたが希望を好きになっちゃったってこと？
秀隆
秀隆
だな
だな
凛
凛
だからって、いきなりキスはないでしょキスは
だからって、いきなりキスはないでしょキスは
秀隆
秀隆
ほら、ちょっとくらいは期待するだろ。
ほら、ちょっとくらいは期待するだろ。
強引に行ったら、結果的に私も好き、抱いて、みたいな
強引に行ったら、結果的に私も好き、抱いて、みたいな
凛
凛
あるわけないだろうが……
あるわけないだろうが……
厳しいお叱りと突っ込みを受ける。
厳しいお叱りと突っ込みを受ける。
秀隆
秀隆
まぁ、当然振られたわけで。あいつも相当怒ってた
まぁ、当然振られたわけで。あいつも相当怒ってた
凛
凛
多分ファーストキスなのよ？　しかも婚約者以外の
多分ファーストキスなのよ？　しかも婚約者以外の
秀隆
秀隆
よし、凛のほうから謝っておいてくれ
よし、凛のほうから謝っておいてくれ
凛
凛
下種野郎か、あんたは！
下種野郎か、あんたは！
秀隆
秀隆
さすがに冗談だ。でも、正直どうやって謝ったもんかと
さすがに冗談だ。でも、正直どうやって謝ったもんかと
凛
凛
仕事の時はアレコレ策考える癖に、ノープラン？
仕事の時はアレコレ策考える癖に、ノープラン？
秀隆
秀隆
自分でも驚くくらい計算が立たない
自分でも驚くくらい計算が立たない
凛
凛
恋愛に計算も糞もないわよ。直接会って謝る。それしかない
恋愛に計算も糞もないわよ。直接会って謝る。それしかない
秀隆
秀隆
それは確率が低いぞ。もっと裏で細工をだな……
それは確率が低いぞ。もっと裏で細工をだな……
凛
凛
どーの口が言うか、どーの口が！
どーの口が言うか、どーの口が！
ぐいぐいと口に指を突っ込まれ広げられる。
ぐいぐいと口に指を突っ込まれ広げられる。
秀隆
秀隆
ひゃ、ひゃめろ！
ひゃ、ひゃめろ！
オレは凛の指を引き抜く。
オレは凛の指を引き抜く。
秀隆
秀隆
信じられんことをする女だ……
信じられんことをする女だ……
秀隆
秀隆
オレは、確かにありえないことをしたと思う。
オレは、確かにありえないことをしたと思う。
だが、ただ闇雲に無茶なキスをしたとは思ってない
だが、ただ闇雲に無茶なキスをしたとは思ってない
凛
凛
どういう言い訳よ
どういう言い訳よ
秀隆
秀隆
もちろん言い訳だ。でもな……
もちろん言い訳だ。でもな……
秀隆
秀隆
オレは、あいつと少なからず気持ちを共有できてるつもりだった
オレは、あいつと少なからず気持ちを共有できてるつもりだった
秀隆
秀隆
勝算が０でキスするほど、オレはバカじゃない
勝算が０でキスするほど、オレはバカじゃない
凛
凛
それは……。まあ、あの子もあんたのことは嫌いじゃないでしょ。
それは……。まあ、あの子もあんたのことは嫌いじゃないでしょ。
嫌いだったらわざわざ会いに出かけたりはしない
嫌いだったらわざわざ会いに出かけたりはしない
秀隆
秀隆
ああ……
ああ……
凛
凛
もしかしたら、あんたに好意に近いものは抱いてたかも。
もしかしたら、あんたに好意に近いものは抱いてたかも。
だけどね、さっきも言ったけどあの子はファーストキスもまだだったの
だけどね、さっきも言ったけどあの子はファーストキスもまだだったの
凛
凛
そんな子に高いハードル押し付けたって、無茶に決まってるでしょ
そんな子に高いハードル押し付けたって、無茶に決まってるでしょ
秀隆
秀隆
そうだな。そこは弁解の余地もない
そうだな。そこは弁解の余地もない
凛
凛
下手したら大事になるわよ
下手したら大事になるわよ
秀隆
秀隆
分かってる。何とかしなきゃいけないってことは
分かってる。何とかしなきゃいけないってことは
希望は一人の女の子だが、それだけでは済まない。
希望は一人の女の子だが、それだけでは済まない。
大河内代表の娘なのだ。
大河内代表の娘なのだ。
秀隆
秀隆
……そうだ。凛、ひとつだけ頼まれてくれないか？
……そうだ。凛、ひとつだけ頼まれてくれないか？
もちろん、凛の都合がつけば出いいんだけど……
もちろん、凛の都合がつけば出いいんだけど……
オレは、希望のことでひとつだけ、親友の凛に頼むことにした。
オレは、希望のことでひとつだけ、親友の凛に頼むことにした。
…………。
…………。
……。
……。
