オレがマリアさんと最後に接触してから、数週間が経過した。
オレがマリアさんと最後に接触してから、数週間が経過した。
澤木社長が結んだと思われる契約は水面下で進行し、
澤木社長が結んだと思われる契約は水面下で進行し、
本日正式に、ドリームタウンに支店が出来るとの告知がされた。
本日正式に、ドリームタウンに支店が出来るとの告知がされた。
オレと竹内氏は、彼女を祝うためにラモールへと足を運んでいた。
オレと竹内氏は、彼女を祝うためにラモールへと足を運んでいた。
既に閉店後の店内は、オレたち３人しか残っていない。
既に閉店後の店内は、オレたち３人しか残っていない。
竹内
竹内
ドリームタウンに支店を出すことが決まったそうだね。
ドリームタウンに支店を出すことが決まったそうだね。
おめでとう
おめでとう
秀隆
秀隆
おめでとうございます
おめでとうございます
澤木
澤木
ありがとう
ありがとう
澤木社長は一度オレを見た後、少しだけ申し訳なさそうに言った。
澤木社長は一度オレを見た後、少しだけ申し訳なさそうに言った。
澤木
澤木
契約を表に出すまで、詳細は伏せてろって言われたのよ。
契約を表に出すまで、詳細は伏せてろって言われたのよ。
悪く思わないで
悪く思わないで
秀隆
秀隆
そんな。澤木社長が納得した上で、決断されたことですから
そんな。澤木社長が納得した上で、決断されたことですから
秀隆
秀隆
自分が口を出すようなことではありません
自分が口を出すようなことではありません
竹内
竹内
良い契約が結べたんだろう？
良い契約が結べたんだろう？
澤木
澤木
ええ。安定した収入が得られると思うわ
ええ。安定した収入が得られると思うわ
竹内
竹内
それは良かった
それは良かった
澤木
澤木
……良かったら、何か食べていかない？
……良かったら、何か食べていかない？
ちょっと食材も余ってるし
ちょっと食材も余ってるし
秀隆
秀隆
よろしいんですか？
よろしいんですか？
澤木
澤木
今日は気分がいいから。サービスしてあげるわ
今日は気分がいいから。サービスしてあげるわ
竹内
竹内
それはありがたいね。遠慮なくいただくとしようか
それはありがたいね。遠慮なくいただくとしようか
秀隆
秀隆
はい
はい
澤木
澤木
じゃ、ちょっと待ってて
じゃ、ちょっと待ってて
澤木社長はそういい残し、厨房へと入っていった。
澤木社長はそういい残し、厨房へと入っていった。
秀隆
秀隆
支店がオープンできることになって、幸せそうですね
支店がオープンできることになって、幸せそうですね
竹内
竹内
しかし、このままでは彼女は食い物にされてしまうだろう
しかし、このままでは彼女は食い物にされてしまうだろう
竹内
竹内
簡単に甘い蜜を吸わせるほど、立花くんは容易くない
簡単に甘い蜜を吸わせるほど、立花くんは容易くない
秀隆
秀隆
その心配には及びません
その心配には及びません
竹内
竹内
……何か、手を打った、と言うことかね？
……何か、手を打った、と言うことかね？
秀隆
秀隆
はい
はい
オレは携帯を取り出すと、再生ボタンを押した。
オレは携帯を取り出すと、再生ボタンを押した。
そこから流れてくる、オレとマリアさんの会話。
そこから流れてくる、オレとマリアさんの会話。
マリア
マリア
この書類に書かれていることは、簡単には取り消せません
この書類に書かれていることは、簡単には取り消せません
秀隆
秀隆
それは……オレの言ったことを認める、と言うことですか
それは……オレの言ったことを認める、と言うことですか
マリア
マリア
もしも、ドリームタウンにおいてラモールが成功を収めた場合、
もしも、ドリームタウンにおいてラモールが成功を収めた場合、
澤木社長を解任する可能性は０ではありません
澤木社長を解任する可能性は０ではありません
携帯の再生を止める。
携帯の再生を止める。
竹内
竹内
……これは……
……これは……
秀隆
秀隆
彼女が澤木さんに対し、解任の可能性をお答えした録音です
彼女が澤木さんに対し、解任の可能性をお答えした録音です
秀隆
秀隆
この声そのものに法的な効果はありませんが、
この声そのものに法的な効果はありませんが、
澤木さんを守る道具としては、十分使えると判断しています
澤木さんを守る道具としては、十分使えると判断しています
秀隆
秀隆
クイーン……立花は信用を生業としていますから
クイーン……立花は信用を生業としていますから
竹内
竹内
よく彼女からそんなものを録音できたものだ……
よく彼女からそんなものを録音できたものだ……
心底驚いたのか、竹内特務官は感心したように何度も頷いた。
心底驚いたのか、竹内特務官は感心したように何度も頷いた。
秀隆
秀隆
万が一のことも考え、既に録音は幾つかにバックアップも取り、
万が一のことも考え、既に録音は幾つかにバックアップも取り、
そのうちの一つは銀行の貸金庫に預け入れてあります
そのうちの一つは銀行の貸金庫に預け入れてあります
竹内
竹内
そうか……
そうか……
竹内
竹内
立花の名が穢れることを何よりも嫌う彼女だ。
立花の名が穢れることを何よりも嫌う彼女だ。
この録音の存在を知っていれば、迂闊なことは出来ないだろう
この録音の存在を知っていれば、迂闊なことは出来ないだろう
秀隆
秀隆
はい
はい
竹内
竹内
……見事だ
……見事だ
秀隆
秀隆
竹内特務官に、アドバイスをいただけたお陰です
竹内特務官に、アドバイスをいただけたお陰です
秀隆
秀隆
オレ一人では確信が持てないまま、恐らくマリアさんに対し堂々と対峙することは出来なかったでしょう
オレ一人では確信が持てないまま、恐らくマリアさんに対し堂々と対峙することは出来なかったでしょう
澤木
澤木
お待たせ
お待たせ
厨房から、澤木さんが料理を運んできた。
厨房から、澤木さんが料理を運んできた。
オレは携帯をポケットにしまう。
オレは携帯をポケットにしまう。
これは、澤木社長が知らなくて良いことだ。
これは、澤木社長が知らなくて良いことだ。
竹内
竹内
では頂くとしようか、島津くん
では頂くとしようか、島津くん
秀隆
秀隆
そうですね
そうですね
オレと竹内特務官は、二人でラモールの料理を堪能した。
オレと竹内特務官は、二人でラモールの料理を堪能した。
特務官としては、何一つ形として残すことは出来なかったが、
特務官としては、何一つ形として残すことは出来なかったが、
今回の一件、オレにとっては満足のいく形になった。
今回の一件、オレにとっては満足のいく形になった。
…………。
…………。
……。
……。
