倉屋敷社長に検査を頼んでから、早３日が経った。
倉屋敷社長に検査を頼んでから、早３日が経った。
やれることの全てをやり、
やれることの全てをやり、
後はただただ、倉屋敷社長からの連絡を待つだけ。
後はただただ、倉屋敷社長からの連絡を待つだけ。
この３日間は本当に長いと感じた。
この３日間は本当に長いと感じた。
３度目の正直、ここで食品に異常がないと判断されれば、
３度目の正直、ここで食品に異常がないと判断されれば、
オレはただ片桐兄妹に負担をかけただけにしかならない。
オレはただ片桐兄妹に負担をかけただけにしかならない。
se着信（バイブ
se着信（バイブ
そして、待ちに待った連絡が入った。
そして、待ちに待った連絡が入った。
秀隆
秀隆
もしもしっ
もしもしっ
ユウキ
ユウキ
よう。すぐに和葉ちんが来て欲しいってさ
よう。すぐに和葉ちんが来て欲しいってさ
秀隆
秀隆
待ってた。すぐに行く！
待ってた。すぐに行く！
秀隆
秀隆
ちょっと出かけてくる。軽く外の空気を吸いにな
ちょっと出かけてくる。軽く外の空気を吸いにな
アクセラ
アクセラ
いってらっしゃいませ
いってらっしゃいませ
出来る限り目立たないよう、倉屋敷ビルへ。
出来る限り目立たないよう、倉屋敷ビルへ。
秀隆
秀隆
え、っと……
え、っと……
来たのは良いが、どうやって入ればいいのだろうか？
来たのは良いが、どうやって入ればいいのだろうか？
とりあえず警備の人間に声をかけてみる。
とりあえず警備の人間に声をかけてみる。
秀隆
秀隆
すみません……倉屋敷社長と約束があるのですが
すみません……倉屋敷社長と約束があるのですが
警備員３
警備員３
ああ、話は聞いてるよ。ＩＤを
ああ、話は聞いてるよ。ＩＤを
秀隆
秀隆
あ、はい
あ、はい
se倉屋敷重工1
se倉屋敷重工1
ＩＤを通すと、驚きのグリーンだった。
ＩＤを通すと、驚きのグリーンだった。
どうやら、既に許可は下りているらしい。
どうやら、既に許可は下りているらしい。
警備員３
警備員３
あの倉屋敷社長に、よく話を聞いてもらえたな
あの倉屋敷社長に、よく話を聞いてもらえたな
秀隆
秀隆
あなたと、ユウキのお陰です
あなたと、ユウキのお陰です
警備員３
警備員３
ふっ……ほら、さっさと行くんだ
ふっ……ほら、さっさと行くんだ
秀隆
秀隆
はい。失礼します
はい。失礼します
オレは軽く会釈してビルの中へ。
オレは軽く会釈してビルの中へ。
相変わらずえげつない場所だな。
相変わらずえげつない場所だな。
そう思いながら、社長室へ急ぐ。
そう思いながら、社長室へ急ぐ。
途中社員とおぼしき人たちとすれ違う際、
途中社員とおぼしき人たちとすれ違う際、
誰コイツ、キモーイって目で見られたが気にしないようにした。
誰コイツ、キモーイって目で見られたが気にしないようにした。
秀隆
秀隆
すみませ～ん……島津です
すみませ～ん……島津です
ユウキ
ユウキ
よう。早かったな
よう。早かったな
秀隆
秀隆
おはようさん
おはようさん
ユウキ
ユウキ
今奥に行ってるけど、すぐに戻って来ると思う
今奥に行ってるけど、すぐに戻って来ると思う
ユウキ
ユウキ
その辺座ってろよ
その辺座ってろよ
秀隆
秀隆
ああ
ああ
適当な椅子に座って時間を潰していると、
適当な椅子に座って時間を潰していると、
明らかに寝不足な雰囲気をした倉屋敷社長が出てきた。
明らかに寝不足な雰囲気をした倉屋敷社長が出てきた。
和葉
和葉
来たみたいだな
来たみたいだな
秀隆
秀隆
あ、おはようございます。なんか眠そうスね……
あ、おはようございます。なんか眠そうスね……
和葉
和葉
別に。３徹しただけだ
別に。３徹しただけだ
秀隆
秀隆
さ、さんてつ、っすか
さ、さんてつ、っすか
和葉
和葉
だらだら能書きを垂れるのは好きじゃない。結論から言う
だらだら能書きを垂れるのは好きじゃない。結論から言う
秀隆
秀隆
科学者って能書きを垂れるのが好きかと思ってました
科学者って能書きを垂れるのが好きかと思ってました
和葉
和葉
あぁ？
あぁ？
秀隆
秀隆
い、いえなんでもないです
い、いえなんでもないです
和葉
和葉
理論ってのは、自分の中で解決するもんであって、
理論ってのは、自分の中で解決するもんであって、
いちいち人に話して聞かせるものじゃない
いちいち人に話して聞かせるものじゃない
和葉
和葉
まして説明したところで、テメェの頭じゃ理解出来ん
まして説明したところで、テメェの頭じゃ理解出来ん
ユウキ
ユウキ
和葉ちん友達いないから、結構話下手なんだよ
和葉ちん友達いないから、結構話下手なんだよ
和葉
和葉
死にたいのか？
死にたいのか？
ユウキ
ユウキ
生きたいです！
生きたいです！
和葉
和葉
茶々入れるな。で、結論だが
茶々入れるな。で、結論だが
秀隆
秀隆
どうでしたか
どうでしたか
和葉
和葉
おまえの読みと言うか勘と言うか、
おまえの読みと言うか勘と言うか、
ま、それが当たったってことだな
ま、それが当たったってことだな
和葉
和葉
この食品には、健康に有害な影響を与える物質が含まれていた
この食品には、健康に有害な影響を与える物質が含まれていた
和葉
和葉
それも通常の検査では発見されないレベルのものだ
それも通常の検査では発見されないレベルのものだ
和葉
和葉
何故なら、人体に取り込まれることで
何故なら、人体に取り込まれることで
初めてその遺伝子組み換えが作用し、悪影響を及ぼすからだ
初めてその遺伝子組み換えが作用し、悪影響を及ぼすからだ
和葉
和葉
通常の検査で見つからなくても無理はない
通常の検査で見つからなくても無理はない
秀隆
秀隆
つまり
つまり
和葉
和葉
遺伝子の組み換えそのものに、問題があると言えるだろう
遺伝子の組み換えそのものに、問題があると言えるだろう
秀隆
秀隆
そ、そうですか……！
そ、そうですか……！
オレは小さくガッツポーズを作った。
オレは小さくガッツポーズを作った。
愛佳の証言は……本当だったのだ。
愛佳の証言は……本当だったのだ。
ユウキ
ユウキ
おお
おお
和葉
和葉
この遺伝子をαって名前にしておくとしよう。
この遺伝子をαって名前にしておくとしよう。
αを食品に組み込むことで、成長を促進させる効果がある
αを食品に組み込むことで、成長を促進させる効果がある
和葉
和葉
そしてそれと同時に、
そしてそれと同時に、
このαは体内に入ることで人体に微弱ながら悪影響を与える
このαは体内に入ることで人体に微弱ながら悪影響を与える
和葉
和葉
大量に摂取することで、
大量に摂取することで、
下痢、嘔吐などの症状を引き起こす恐れがある
下痢、嘔吐などの症状を引き起こす恐れがある
秀隆
秀隆
少量であれば問題はない、と？
少量であれば問題はない、と？
和葉
和葉
まだ多くのサンプルをとらないと、そこまではな
まだ多くのサンプルをとらないと、そこまではな
和葉
和葉
少なくとも、現状で言えるのは、幼児などに食べさせるのは
少なくとも、現状で言えるのは、幼児などに食べさせるのは
危険であるし、大量の摂取も好ましくないと言うことだ
危険であるし、大量の摂取も好ましくないと言うことだ
秀隆
秀隆
…………
…………
和葉
和葉
今の段階でこれを安全な食品として認定するには、早計だな
今の段階でこれを安全な食品として認定するには、早計だな
和葉
和葉
素晴らしい技術なだけに、切り捨てるんじゃなく、
素晴らしい技術なだけに、切り捨てるんじゃなく、
多くのデータを取り、監視、改良していく必要がある
多くのデータを取り、監視、改良していく必要がある
和葉
和葉
と、あたしならそう言う結論を下す
と、あたしならそう言う結論を下す
パン、とそれらをまとめたであろう資料を机に放り出した。
パン、とそれらをまとめたであろう資料を机に放り出した。
和葉
和葉
必要なら持っていけ。あたしにはもう不要だ
必要なら持っていけ。あたしにはもう不要だ
秀隆
秀隆
興味が尽きた、と言うことですか
興味が尽きた、と言うことですか
和葉
和葉
謎が解けたら用はない。そこそこ面白かったけどな
謎が解けたら用はない。そこそこ面白かったけどな
食品に関することなんて、専門分野じゃないだろうに。
食品に関することなんて、専門分野じゃないだろうに。
オレは、この生意気な態度も、口調も、
オレは、この生意気な態度も、口調も、
この人なら全て許されるんだろうと確信した。
この人なら全て許されるんだろうと確信した。
紛れもなく、とんでもない天才だ。
紛れもなく、とんでもない天才だ。
双方の検査機関でも見つけられず、
双方の検査機関でも見つけられず、
分野に特化した人間にも見つけられない謎を、数日で解いてしまった。
分野に特化した人間にも見つけられない謎を、数日で解いてしまった。
和葉
和葉
この資料はあたしの手を離れた。
この資料はあたしの手を離れた。
これを使うなり使わないなりは、テメェの好きにしろ
これを使うなり使わないなりは、テメェの好きにしろ
秀隆
秀隆
…………
…………
オレは、倉屋敷和葉の署名が入った書類をまじまじと見つめる。
オレは、倉屋敷和葉の署名が入った書類をまじまじと見つめる。
詳細を聞かなくても分かる。
詳細を聞かなくても分かる。
この署名が持つ力は、恐らく絶対的なものであろうことが。
この署名が持つ力は、恐らく絶対的なものであろうことが。
和葉
和葉
これで終わりだろ？　だったら帰りな
これで終わりだろ？　だったら帰りな
秀隆
秀隆
ありがとうございました。倉屋敷社長！
ありがとうございました。倉屋敷社長！
和葉
和葉
あーうるさいうるさい。わかったから、帰ってくれ
あーうるさいうるさい。わかったから、帰ってくれ
足取りは、結構ふらふらとしていた。
足取りは、結構ふらふらとしていた。
本当に寝ずに、頑張ってくれていたんだ。
本当に寝ずに、頑張ってくれていたんだ。
秀隆
秀隆
今度お礼持ってきます！　それじゃ！
今度お礼持ってきます！　それじゃ！
和葉
和葉
んなもんいらねぇ……って、行きやがった
んなもんいらねぇ……って、行きやがった
和葉
和葉
ふわ……眠い……寝る
ふわ……眠い……寝る
ユウキ
ユウキ
お休み和葉ちん。お疲れさん
お休み和葉ちん。お疲れさん
和葉
和葉
おう……
おう……
オレは、自らの足で、唐沢さんの部屋へと向かった。
オレは、自らの足で、唐沢さんの部屋へと向かった。
秀隆
秀隆
失礼します！
失礼します！
唐沢
唐沢
島津くん、どうしたんだね
島津くん、どうしたんだね
竹内
竹内
君は今、謹慎中にしてあったはずだが？
君は今、謹慎中にしてあったはずだが？
秀隆
秀隆
すみません。急を要することでしたので、直接伺いました
すみません。急を要することでしたので、直接伺いました
唐沢
唐沢
……聞こう
……聞こう
オレは、コピーしておいた資料を、二人それぞれに差し出した。
オレは、コピーしておいた資料を、二人それぞれに差し出した。
秀隆
秀隆
例の、片桐食糧プラントに関することで、ご報告があります
例の、片桐食糧プラントに関することで、ご報告があります
竹内
竹内
どういうことだ
どういうことだ
秀隆
秀隆
あの食品には、異常性ある組み換えが使用されておりました
あの食品には、異常性ある組み換えが使用されておりました
秀隆
秀隆
成長を促進する代わりに、人体に悪影響を及ぼすものです
成長を促進する代わりに、人体に悪影響を及ぼすものです
竹内
竹内
なにをバカなことを。
なにをバカなことを。
どこにも問題がない、と言うことで結論が出ている
どこにも問題がない、と言うことで結論が出ている
秀隆
秀隆
ですが、この検査をした人物は違うと言っています
ですが、この検査をした人物は違うと言っています
竹内
竹内
どこの誰が言ったのか知らないが、言いがかりを
どこの誰が言ったのか知らないが、言いがかりを
竹内
竹内
これは……！？
これは……！？
唐沢
唐沢
倉屋敷、和葉……
倉屋敷、和葉……
二人が息を呑み、そしてオレへと顔を上げた。
二人が息を呑み、そしてオレへと顔を上げた。
秀隆
秀隆
はい。倉屋敷社長に、直々に調べていただきました
はい。倉屋敷社長に、直々に調べていただきました
唐沢
唐沢
それは、どうやって、いや……それよりも、
それは、どうやって、いや……それよりも、
これが本当だとしたら、大変なことだよ、竹内くん
これが本当だとしたら、大変なことだよ、竹内くん
竹内
竹内
すぐ、すぐに確認を取ります
すぐ、すぐに確認を取ります
竹内は腰を上げると、足早に部屋を出て行った。
竹内は腰を上げると、足早に部屋を出て行った。
これが倉屋敷という名前の力なのか。
これが倉屋敷という名前の力なのか。
唐沢さんたちの慌てようは、尋常ではなかった。
唐沢さんたちの慌てようは、尋常ではなかった。
唐沢
唐沢
もしも本当なら、迂闊に大量生産など出来はしない
もしも本当なら、迂闊に大量生産など出来はしない
秀隆
秀隆
はい。もっと多くの実験を繰り返し、安全を確かめるべきです
はい。もっと多くの実験を繰り返し、安全を確かめるべきです
唐沢
唐沢
そうだね……
そうだね……
唐沢
唐沢
……まさか、君の言っていたことが、本当だったとは……
……まさか、君の言っていたことが、本当だったとは……
唐沢
唐沢
僕は君の言葉を信じず、病人扱いしてしまった
僕は君の言葉を信じず、病人扱いしてしまった
秀隆
秀隆
それは無理ないことです。自分自身、半信半疑でした
それは無理ないことです。自分自身、半信半疑でした
秀隆
秀隆
感謝すべきは、この事実を教えてくれた人に
感謝すべきは、この事実を教えてくれた人に
唐沢さんは、小さく頷いた。
唐沢さんは、小さく頷いた。
竹内氏は様々な方面へと確認を取った後、片桐社長を呼び出した。
竹内氏は様々な方面へと確認を取った後、片桐社長を呼び出した。
室内には、ソファーに座りうな垂れる社長と、
室内には、ソファーに座りうな垂れる社長と、
その社長に対面する唐沢さんと竹内氏。
その社長に対面する唐沢さんと竹内氏。
その後ろで、オレは立ったまま話を伺っていた。
その後ろで、オレは立ったまま話を伺っていた。
竹内
竹内
安全の確認がしっかりと出来ていない以上、
安全の確認がしっかりと出来ていない以上、
これを街の人々に提供することは、許されないでしょう
これを街の人々に提供することは、許されないでしょう
竹内
竹内
我々も害がないと信じたいが、数値は嘘をつかない
我々も害がないと信じたいが、数値は嘘をつかない
片桐
片桐
む、むぅぅ……
む、むぅぅ……
竹内
竹内
この事実を知れば、当然ドリームタウン側の考えも変わる
この事実を知れば、当然ドリームタウン側の考えも変わる
竹内
竹内
契約の話は白紙に戻るでしょう。
契約の話は白紙に戻るでしょう。
いえ、それどころか、これが明るみに出れば信用問題に関わる。
いえ、それどころか、これが明るみに出れば信用問題に関わる。
片桐食糧プラントのあり方も、検討しなければならなくなります
片桐食糧プラントのあり方も、検討しなければならなくなります
片桐
片桐
そ、それは……それは困る！
そ、それは……それは困る！
片桐
片桐
し、知らなかったんです。こんな、害があるなんてことは……
し、知らなかったんです。こんな、害があるなんてことは……
竹内
竹内
無理もないことです。
無理もないことです。
気づけたのは、あの倉屋敷社長だからですよ
気づけたのは、あの倉屋敷社長だからですよ
竹内
竹内
我々ホープタウン検査機関すら、見落としていたことですから
我々ホープタウン検査機関すら、見落としていたことですから
竹内
竹内
あなたも我々も、安全であると疑っていなかった
あなたも我々も、安全であると疑っていなかった
竹内
竹内
だからこそ、今ならまだ、我々の胸の内でしまっておくこともできる
だからこそ、今ならまだ、我々の胸の内でしまっておくこともできる
片桐
片桐
えっ……？
えっ……？
竹内
竹内
公にせずとも、済むということです
公にせずとも、済むということです
竹内
竹内
ドリームタウンとの契約を無かったものとし、
ドリームタウンとの契約を無かったものとし、
我々と再契約をしていただけるというなら、ですが
我々と再契約をしていただけるというなら、ですが
竹内
竹内
ドリームタウンとの正式契約はまだ、でしたな？
ドリームタウンとの正式契約はまだ、でしたな？
片桐
片桐
も、もちろんです。もちろん、喜んで契約させていただきます！
も、もちろんです。もちろん、喜んで契約させていただきます！
竹内
竹内
ありがとうございます。全面バックアップすることをお約束しましょう
ありがとうございます。全面バックアップすることをお約束しましょう
竹内
竹内
出回っている製品は全て回収し、直ちに破棄させていただきます
出回っている製品は全て回収し、直ちに破棄させていただきます
片桐
片桐
た、助かります！
た、助かります！
竹内
竹内
仮にドリームタウンが製品を入手したとしても、
仮にドリームタウンが製品を入手したとしても、
恐らくあちらの技術力では原因特定は無理でしょう
恐らくあちらの技術力では原因特定は無理でしょう
竹内
竹内
従来の生産方法に戻し、従来の関係に戻る。それだけのことですよ
従来の生産方法に戻し、従来の関係に戻る。それだけのことですよ
片桐
片桐
そうですな……はははは
そうですな……はははは
竹内
竹内
では、サインをお願いします
では、サインをお願いします
そういい書類を取り出す。
そういい書類を取り出す。
このような流れに持っていくことを想定していたのだろう。
このような流れに持っていくことを想定していたのだろう。
片桐社長はいそいそと書類に目を通す。
片桐社長はいそいそと書類に目を通す。
片桐
片桐
う、これは……！？
う、これは……！？
竹内
竹内
何か問題がありますかな？
何か問題がありますかな？
片桐
片桐
いえ……
いえ……
恐らく、契約の金額に開きがあったのだろう。
恐らく、契約の金額に開きがあったのだろう。
今回の隙を竹内氏が見逃すはずがない。
今回の隙を竹内氏が見逃すはずがない。
竹内
竹内
これからも良き関係を築いて行きたいですな
これからも良き関係を築いて行きたいですな
片桐
片桐
は、ははは……それはもう……
は、ははは……それはもう……
今の片桐社長には、それを突っぱねる力はなかった。
今の片桐社長には、それを突っぱねる力はなかった。
これでなんとか、最悪の事態を免れることが出来た。
これでなんとか、最悪の事態を免れることが出来た。
ドリームタウンとの契約も白紙に戻り、
ドリームタウンとの契約も白紙に戻り、
向こうに独占されるという心配も無くなった。
向こうに独占されるという心配も無くなった。
そして再契約と銘打ってはいたが、
そして再契約と銘打ってはいたが、
弱みに付け込んでの、より良い条件での契約となったことだろう。
弱みに付け込んでの、より良い条件での契約となったことだろう。
結果だけを見ればプラスへと働いたことになる。
結果だけを見ればプラスへと働いたことになる。
そして、オレの謹慎処分も正式に解かれ、
そして、オレの謹慎処分も正式に解かれ、
明日から特務官見習いとして戻ってきて構わないとの連絡を受けた。
明日から特務官見習いとして戻ってきて構わないとの連絡を受けた。
これでやっと、再スタートを切ることが出来る。
これでやっと、再スタートを切ることが出来る。
まどかの方も処分はなしとなり、再び仕事を再開することが決まった。
まどかの方も処分はなしとなり、再び仕事を再開することが決まった。
もちろん、オレがしたことに対しての不平不満は大きくまどかたちに残っただろう。
もちろん、オレがしたことに対しての不平不満は大きくまどかたちに残っただろう。
それは仕方がない。
それは仕方がない。
オレがやったことは人道的ではなく、安易に許される問題じゃないからだ。
オレがやったことは人道的ではなく、安易に許される問題じゃないからだ。
でも、これで大まかな問題は片付いた。
でも、これで大まかな問題は片付いた。
あと解決すべきことは……たった１つ。
あと解決すべきことは……たった１つ。
オレは夜中、再び片桐食糧プラントを訪れていた。
オレは夜中、再び片桐食糧プラントを訪れていた。
片桐
片桐
こんな夜中にどうしたのかね……島津くん
こんな夜中にどうしたのかね……島津くん
秀隆
秀隆
どうしてもお話しておかなければならないことがありまして
どうしてもお話しておかなければならないことがありまして
片桐
片桐
なんなんだね……いったい。今疲れているんだ
なんなんだね……いったい。今疲れているんだ
社長はオレを睨みながらも、話を聞いてくれるようだった。
社長はオレを睨みながらも、話を聞いてくれるようだった。
今日の出来事、変に不信感を抱かせないためだろうが。
今日の出来事、変に不信感を抱かせないためだろうが。
秀隆
秀隆
非常に重要なお話でして
非常に重要なお話でして
秀隆
秀隆
このことを公にすれば、
このことを公にすれば、
今日のこと以上の問題になるのでは、と思っております
今日のこと以上の問題になるのでは、と思っております
片桐
片桐
なんだと？
なんだと？
秀隆
秀隆
いやぁ、あなたの娘さん。片桐愛佳さんですが……
いやぁ、あなたの娘さん。片桐愛佳さんですが……
ぴくりと、片桐の眉が動いた。
ぴくりと、片桐の眉が動いた。
秀隆
秀隆
随分と可愛く成長してきましたね。
随分と可愛く成長してきましたね。
私だったら、正直放っておかないほどの
私だったら、正直放っておかないほどの
片桐
片桐
なにを言ってるんだ、貴様……
なにを言ってるんだ、貴様……
秀隆
秀隆
いえね。血が繋がっていなければ、
いえね。血が繋がっていなければ、
あるいは手を出しているんじゃないかと思いまして
あるいは手を出しているんじゃないかと思いまして
片桐
片桐
ふざけたことを！　侮辱しているのか私を！
ふざけたことを！　侮辱しているのか私を！
秀隆
秀隆
まさか。ただ忠告に来たんです
まさか。ただ忠告に来たんです
片桐
片桐
……なに？
……なに？
秀隆
秀隆
これ以上彼女を苦しめるようであれば、
これ以上彼女を苦しめるようであれば、
こちらも相応の対応をさせていただくということです
こちらも相応の対応をさせていただくということです
オレはプリントアウトした、
オレはプリントアウトした、
秋に撮影してもらった愛佳の写真を取り出した。
秋に撮影してもらった愛佳の写真を取り出した。
秀隆
秀隆
これは愛佳さんの写真です。
これは愛佳さんの写真です。
この首元に出来た痣、なんと言うか知っていますか？
この首元に出来た痣、なんと言うか知っていますか？
片桐
片桐
何を言ってるんだ。痣は痣だ。それ以外のなんでもないだろう
何を言ってるんだ。痣は痣だ。それ以外のなんでもないだろう
秀隆
秀隆
いいえ違います。これは二重条痕と言う名前なんです
いいえ違います。これは二重条痕と言う名前なんです
秀隆
秀隆
棒状のモノで叩かれた際に、出来たりするものといわれています
棒状のモノで叩かれた際に、出来たりするものといわれています
片桐
片桐
……だからなんだというのだね
……だからなんだというのだね
今にも怒りを爆発させそうな表情で、
今にも怒りを爆発させそうな表情で、
こちらを睨み付ける片桐社長。
こちらを睨み付ける片桐社長。
秀隆
秀隆
片桐社長は、自宅でもよくお酒を飲まれるそうですね。
片桐社長は、自宅でもよくお酒を飲まれるそうですね。
それも、瓶を持ったまま歩くことが多いのだとか
それも、瓶を持ったまま歩くことが多いのだとか
秀隆
秀隆
そう言えば先日の接待でも、
そう言えば先日の接待でも、
つい酒瓶を持ったままトイレに立たれようとしましたね
つい酒瓶を持ったままトイレに立たれようとしましたね
秀隆
秀隆
愛佳さんに暴力を振るう際も、
愛佳さんに暴力を振るう際も、
私は酒瓶を手にしていたのではないかと思っています
私は酒瓶を手にしていたのではないかと思っています
片桐
片桐
貴様ッ……
貴様ッ……
秀隆
秀隆
あなたの娘さんも、息子さんも、
あなたの娘さんも、息子さんも、
そのどちらも、あなたを庇われていました
そのどちらも、あなたを庇われていました
秀隆
秀隆
血は繋がっていなくても、父親はあなた一人だからと
血は繋がっていなくても、父親はあなた一人だからと
秀隆
秀隆
ですが、世の中には限度ってものがあります
ですが、世の中には限度ってものがあります
秀隆
秀隆
あなたが愛佳さんに行っている行為は、
あなたが愛佳さんに行っている行為は、
ただの虐待であり、許されて良い行為ではない
ただの虐待であり、許されて良い行為ではない
秀隆
秀隆
あなたは、我々の前で製法の異常には覚えがないといいましたが…
あなたは、我々の前で製法の異常には覚えがないといいましたが…
秀隆
秀隆
確実に害があることを知った上で、行ったことだと睨んでいます
確実に害があることを知った上で、行ったことだと睨んでいます
片桐
片桐
な、なにを根拠に！
な、なにを根拠に！
秀隆
秀隆
迂闊でしたね。電話でそのようなことを口走っては
迂闊でしたね。電話でそのようなことを口走っては
片桐
片桐
なっ！？
なっ！？
秀隆
秀隆
特務官の持つ権限と言うのは、想像以上に大きいんです
特務官の持つ権限と言うのは、想像以上に大きいんです
秀隆
秀隆
一般会話は、暗号化され厳重に保管されていますが、
一般会話は、暗号化され厳重に保管されていますが、
必要とあればそこからデータを探し出し復元することも可能です
必要とあればそこからデータを探し出し復元することも可能です
秀隆
秀隆
穏便にことを済ませたい。お互いに。なら、後は簡単でしょう？
穏便にことを済ませたい。お互いに。なら、後は簡単でしょう？
秀隆
秀隆
あなたはトウモロコシに害があるとは知らなかった、
あなたはトウモロコシに害があるとは知らなかった、
それに加え、娘の愛佳さんに対する虐待も最初からなかった。
それに加え、娘の愛佳さんに対する虐待も最初からなかった。
違いますか？
違いますか？
片桐
片桐
…………
…………
秀隆
秀隆
オレが言いたいのはそれだけです
オレが言いたいのはそれだけです
オレはそっと片桐社長に近づくと、息のかかる距離でその目を見つめた。
オレはそっと片桐社長に近づくと、息のかかる距離でその目を見つめた。
秀隆
秀隆
よく考えてください
よく考えてください
秀隆
秀隆
その選択１つで、あなたの人生そのものが決まると言うことなんですから
その選択１つで、あなたの人生そのものが決まると言うことなんですから
秀隆
秀隆
もちろん、製品の異常を外部に漏らしてしまった
もちろん、製品の異常を外部に漏らしてしまった
愛佳さんに手を上げても構いません。
愛佳さんに手を上げても構いません。
殴るだけでなく、どうせなら犯しても面白いでしょうね
殴るだけでなく、どうせなら犯しても面白いでしょうね
秀隆
秀隆
ただ……もしそのような愚考に及んだ場合、
ただ……もしそのような愚考に及んだ場合、
私は私の信念を持って、あなたを社会的に抹殺します
私は私の信念を持って、あなたを社会的に抹殺します
秀隆
秀隆
そのことだけは、忘れないでください
そのことだけは、忘れないでください
片桐
片桐
……あ、ああ……
……あ、ああ……
ぽつりと、片桐社長が呟いた。
ぽつりと、片桐社長が呟いた。
オレはにっこりと笑うと、片桐社長から距離を置いた。
オレはにっこりと笑うと、片桐社長から距離を置いた。
秀隆
秀隆
じゃあ、自分はこれで失礼します
じゃあ、自分はこれで失礼します
秀隆
秀隆
今後もホープタウンとの良き関係を、よろしくお願いいたします
今後もホープタウンとの良き関係を、よろしくお願いいたします
片桐
片桐
…………
…………
…………。
…………。
……。
……。
