秀隆
秀隆
何時頃退院できそうですか？　杉村さん
何時頃退院できそうですか？　杉村さん
杉村
杉村
そうねえ。この様子なら後３日ってところかしら
そうねえ。この様子なら後３日ってところかしら
秀隆
秀隆
最新の医学でも時間はかかるんですね
最新の医学でも時間はかかるんですね
杉村
杉村
仕方ないわよ。島津くんはとても危険な状態だったんだから……
仕方ないわよ。島津くんはとても危険な状態だったんだから……
秀隆
秀隆
確かに……生きてるだけ感謝しないとだめですよね
確かに……生きてるだけ感謝しないとだめですよね
杉村
杉村
そういうこと。もう無茶はしないでね？
そういうこと。もう無茶はしないでね？
秀隆
秀隆
何が原因かはっきりしていない以上、無茶はできません。
何が原因かはっきりしていない以上、無茶はできません。
犯人が捕まるまでは、大人しくしていようと思います
犯人が捕まるまでは、大人しくしていようと思います
杉村
杉村
それがいいわ。もし何かあったら、すぐ警察に電話するのよ
それがいいわ。もし何かあったら、すぐ警察に電話するのよ
秀隆
秀隆
わかりました
わかりました
se医務室（杉村さん部屋）
se医務室（杉村さん部屋）
アクセラ
アクセラ
失礼します
失礼します
杉村
杉村
あら？　どなたかしら……島津くんのお友達？
あら？　どなたかしら……島津くんのお友達？
どうやら、まだ杉村さんとアクセラは対面がなかったらしい。
どうやら、まだ杉村さんとアクセラは対面がなかったらしい。
アクセラ
アクセラ
私はアクセラと申します
私はアクセラと申します
杉村
杉村
あくせら、さん？
あくせら、さん？
秀隆
秀隆
家のアンドロイドなんです
家のアンドロイドなんです
杉村
杉村
まぁ。島津くんいつの間にアンドロイドを？
まぁ。島津くんいつの間にアンドロイドを？
秀隆
秀隆
ほら、特務官になりましたし、ちょっと贅沢しようかなって
ほら、特務官になりましたし、ちょっと贅沢しようかなって
杉村
杉村
もう。お給料が増えたからってお金を使っていいわけじゃないのよ？
もう。お給料が増えたからってお金を使っていいわけじゃないのよ？
秀隆
秀隆
うす、すんません……
うす、すんません……
杉村
杉村
それにしても……
それにしても……
杉村さんがまじまじとアクセラの顔を見つめる。
杉村さんがまじまじとアクセラの顔を見つめる。
アクセラ
アクセラ
あの、何か？
あの、何か？
杉村
杉村
すごい美人さんね。島津くんのタイプでしょ？
すごい美人さんね。島津くんのタイプでしょ？
秀隆
秀隆
え、えぇっ。ナニ言ってるんですか！
え、えぇっ。ナニ言ってるんですか！
杉村
杉村
いくら美人だからって、アンドロイドに悪いことはしちゃだめよ？
いくら美人だからって、アンドロイドに悪いことはしちゃだめよ？
そう言い杉村さんは席を立った。
そう言い杉村さんは席を立った。
秀隆
秀隆
するわけ
するわけ
ない
ない
でしょ！
でしょ！
杉村
杉村
なんだか自信なさげね……
なんだか自信なさげね……
秀隆
秀隆
い、いやけしてそのようなことは……こほんこほん
い、いやけしてそのようなことは……こほんこほん
se医務室（杉村さん部屋）
se医務室（杉村さん部屋）
オレが否定しようとしていると、病室の扉が開いた。
オレが否定しようとしていると、病室の扉が開いた。
秀隆
秀隆
凛？　まさかわざわざお見舞いに来てくれたのか？
凛？　まさかわざわざお見舞いに来てくれたのか？
凛
凛
大したことはないって聞いたんだけど、一応ね
大したことはないって聞いたんだけど、一応ね
そう言い、病室に足を踏み入れる。
そう言い、病室に足を踏み入れる。
突然の綺麗な美少女の登場に、杉村さんも少し驚いたようだ。
突然の綺麗な美少女の登場に、杉村さんも少し驚いたようだ。
杉村
杉村
えぇっと、そちらの綺麗なあなたは？
えぇっと、そちらの綺麗なあなたは？
凛と目が合う。
凛と目が合う。
そこで、凛はピタリと固まった。
そこで、凛はピタリと固まった。
凛
凛
あ、えっと……
あ、えっと……
秀隆
秀隆
この人は杉村さんって言って、オレのかかり付けの先生だ。どうかしたか？
この人は杉村さんって言って、オレのかかり付けの先生だ。どうかしたか？
凛
凛
な、なんでもない。あたしは、水野凛って言います
な、なんでもない。あたしは、水野凛って言います
止まっていた時が動き出したように、ぺこりと会釈した。
止まっていた時が動き出したように、ぺこりと会釈した。
杉村
杉村
それじゃ、私は仕事に戻らないといけないから。またね島津くん
それじゃ、私は仕事に戻らないといけないから。またね島津くん
秀隆
秀隆
はい。また
はい。また
オレは名残惜しくも杉村さんと別れた。
オレは名残惜しくも杉村さんと別れた。
そして、何故か見舞いに来たばかりの凛も、病室を出て行く。
そして、何故か見舞いに来たばかりの凛も、病室を出て行く。
秀隆
秀隆
お、おい凛？　……なんだあいつ……
お、おい凛？　……なんだあいつ……
結局、部屋の中にはオレとアクセラの二人だけが残された。
結局、部屋の中にはオレとアクセラの二人だけが残された。
アクセラ
アクセラ
綺麗な方ですね。あれが噂の杉村先生ですか？
綺麗な方ですね。あれが噂の杉村先生ですか？
秀隆
秀隆
ああ。すげぇ美人なんだよな
ああ。すげぇ美人なんだよな
アクセラ
アクセラ
そうですね。杉村先生は秀隆様のタイプですし
そうですね。杉村先生は秀隆様のタイプですし
秀隆
秀隆
おまえも杉村さんみたいなこと言うなよ……
おまえも杉村さんみたいなこと言うなよ……
いや、まぁ実際タイプなんだけどな。
いや、まぁ実際タイプなんだけどな。
アクセラも、オレの理想とする女性像としては完璧なんだが。
アクセラも、オレの理想とする女性像としては完璧なんだが。
ああ、杉村さぁん。
ああ、杉村さぁん。
秀隆
秀隆
でへへへへ
でへへへへ
アクセラ
アクセラ
そのヘラヘラされた顔、少し不愉快です
そのヘラヘラされた顔、少し不愉快です
秀隆
秀隆
いいだろ別に。オレが誰にヘラヘラしようが
いいだろ別に。オレが誰にヘラヘラしようが
アクセラ
アクセラ
そうですが……
そうですが……
アクセラは不機嫌な顔で、椅子に腰を下ろした。
アクセラは不機嫌な顔で、椅子に腰を下ろした。
アクセラ
アクセラ
秀隆様は……
秀隆様は……
秀隆
秀隆
ん？
ん？
アクセラ
アクセラ
杉村先生と、どうにかなりたい、とお考えなのですか？
杉村先生と、どうにかなりたい、とお考えなのですか？
秀隆
秀隆
なんだよどうにかなりたいって
なんだよどうにかなりたいって
思いがけない質問を受ける。
思いがけない質問を受ける。
アクセラ
アクセラ
恋人にされたい、とかでしょうか？
恋人にされたい、とかでしょうか？
秀隆
秀隆
疑問系で返されてもな……
疑問系で返されてもな……
秀隆
秀隆
残念だが、願望ではあったとしても、実現は無理だな
残念だが、願望ではあったとしても、実現は無理だな
秀隆
秀隆
杉村さんには彼氏が居るんだよ
杉村さんには彼氏が居るんだよ
それも、街の代表っていうとんでもなく偉ぁい人が。
それも、街の代表っていうとんでもなく偉ぁい人が。
アクセラ
アクセラ
なるほど。あれほど綺麗な女性であれば、恋人がいらっしゃるのは当然ですねっ
なるほど。あれほど綺麗な女性であれば、恋人がいらっしゃるのは当然ですねっ
秀隆
秀隆
なんで急に嬉しそうなんだよ
なんで急に嬉しそうなんだよ
アクセラ
アクセラ
……嬉しそう？　私がですか
……嬉しそう？　私がですか
秀隆
秀隆
めっちゃニコニコしてるだろ……嫌味なくらい
めっちゃニコニコしてるだろ……嫌味なくらい
アクセラ
アクセラ
…………
…………
アクセラはポケットから何かを取り出す。
アクセラはポケットから何かを取り出す。
小さな鏡だった。
小さな鏡だった。
アクセラ
アクセラ
どうやら、私は嬉しいようです
どうやら、私は嬉しいようです
秀隆
秀隆
おまえ鏡なんて持ち歩いてるのか。初めて知ったぞ
おまえ鏡なんて持ち歩いてるのか。初めて知ったぞ
アクセラ
アクセラ
女性は鏡を持つのが当然だそうです。キズナ様に教わりました
女性は鏡を持つのが当然だそうです。キズナ様に教わりました
秀隆
秀隆
そ、そうか……
そ、そうか……
オレの知る中で一番女性からほど遠い子からのアドバイスとは。
オレの知る中で一番女性からほど遠い子からのアドバイスとは。
秀隆
秀隆
…………
…………
そう言えば、最近アクセラが妙に綺麗になった気がする。
そう言えば、最近アクセラが妙に綺麗になった気がする。
アンドロイドはその外見が何年経っても変化しない。
アンドロイドはその外見が何年経っても変化しない。
だから綺麗になるなんてことは通常ありえないんだけど……。
だから綺麗になるなんてことは通常ありえないんだけど……。
まじまじと見ていると、アクセラがその視線に気づき顔をあげた。
まじまじと見ていると、アクセラがその視線に気づき顔をあげた。
アクセラ
アクセラ
……どうされましたか？
……どうされましたか？
秀隆
秀隆
いや、最近ちょっと綺麗になった気がして
いや、最近ちょっと綺麗になった気がして
アクセラ
アクセラ
えっ？
えっ？
秀隆
秀隆
そんなわけないよな？　……うーん
そんなわけないよな？　……うーん
少し身を乗り出し、アクセラの顔を至近距離で捉える。
少し身を乗り出し、アクセラの顔を至近距離で捉える。
５年以上見ていてしっかりと知っていたつもりだけど、
５年以上見ていてしっかりと知っていたつもりだけど、
こいつってこんなにきれいだったか？
こいつってこんなにきれいだったか？
アクセラ
アクセラ
な、なんで、なんですか？
な、なんで、なんですか？
慌てふためいたアクセラが、上体を反らし距離を取った。
慌てふためいたアクセラが、上体を反らし距離を取った。
秀隆
秀隆
いや化粧でもしてるのかと思ったんだが、そんなこともないしな
いや化粧でもしてるのかと思ったんだが、そんなこともないしな
秀隆
秀隆
…………
…………
いかん、なんか時間が許す限りずっと見ていたくなる。
いかん、なんか時間が許す限りずっと見ていたくなる。
アクセラ
アクセラ
申し訳ありませんが、出来れば直視しないでほしいです……
申し訳ありませんが、出来れば直視しないでほしいです……
秀隆
秀隆
なんでだよ
なんでだよ
顔を上げた時、アクセラと目があう。
顔を上げた時、アクセラと目があう。
アクセラ
アクセラ
…………
…………
息を呑むアクセラ。
息を呑むアクセラ。
顔を背け、すぐに視線を逸らされる。
顔を背け、すぐに視線を逸らされる。
秀隆
秀隆
わ……悪い
わ……悪い
何故か罪悪感のようなものに襲われ、オレも距離を取った。
何故か罪悪感のようなものに襲われ、オレも距離を取った。
アクセラ
アクセラ
…………
…………
秀隆
秀隆
…………
…………
先ほどまでの和やかな雰囲気から一転、
先ほどまでの和やかな雰囲気から一転、
妙に気まずい雰囲気へと変わった。
妙に気まずい雰囲気へと変わった。
でもそれは嫌な雰囲気とは違う。
でもそれは嫌な雰囲気とは違う。
なんか、こういうの昔に経験したことがあるぞ。
なんか、こういうの昔に経験したことがあるぞ。
……まさか？
……まさか？
いや、だってアクセラはアンドロイドだぞ？
いや、だってアクセラはアンドロイドだぞ？
アクセラ
アクセラ
そ、そうでした。あの、こちらをお持ちしたんです
そ、そうでした。あの、こちらをお持ちしたんです
慌てた様子で、鞄を持ち上げる。
慌てた様子で、鞄を持ち上げる。
アクセラ
アクセラ
どうぞ
どうぞ
そう言いアクセラはタッパーのようなものを取り出した。
そう言いアクセラはタッパーのようなものを取り出した。
アクセラ
アクセラ
病院の方に確認したところ、こちらなら食べても大丈夫だそうです
病院の方に確認したところ、こちらなら食べても大丈夫だそうです
中に入ってたのは、トウモロコシパンだった。
中に入ってたのは、トウモロコシパンだった。
アクセラ
アクセラ
自宅の方で作ってまいりました
自宅の方で作ってまいりました
秀隆
秀隆
あ、アクセラ……おまえって奴は……！
あ、アクセラ……おまえって奴は……！
アクセラ
アクセラ
よ、余計なことだったでしょうか？
よ、余計なことだったでしょうか？
秀隆
秀隆
その逆だ！　ずっと食べたかったんだよ、トウモロコシ！
その逆だ！　ずっと食べたかったんだよ、トウモロコシ！
オレは勇んで手を伸ばす。
オレは勇んで手を伸ばす。
ズキッ！
ズキッ！
秀隆
秀隆
ぱしろへんだす！？
ぱしろへんだす！？
手を伸ばし前かがみになった途端、傷口に激痛が走った。
手を伸ばし前かがみになった途端、傷口に激痛が走った。
秀隆
秀隆
あが、あがが！　あががが！
あが、あがが！　あががが！
アクセラ
アクセラ
……そんなに慌てなくても、トウモロコシは逃げません
……そんなに慌てなくても、トウモロコシは逃げません
秀隆
秀隆
う、ううう……
う、ううう……
ばたりとベッドに倒れるオレ。
ばたりとベッドに倒れるオレ。
秀隆
秀隆
いてぇ……！
いてぇ……！
アクセラ
アクセラ
秀隆様は、どんな時も秀隆様ですね
秀隆様は、どんな時も秀隆様ですね
秀隆
秀隆
ううう……痛い。でも食べたい……
ううう……痛い。でも食べたい……
半泣きになりながら、オレは上半身を起こす。
半泣きになりながら、オレは上半身を起こす。
手を伸ばすが、思うように体が動かない。
手を伸ばすが、思うように体が動かない。
アクセラ
アクセラ
そんなに慌てなくても……。秀隆様はじっとしていてください
そんなに慌てなくても……。秀隆様はじっとしていてください
秀隆
秀隆
え？
え？
アクセラはパンを手に取ると、それをオレの口元へと運んできた。
アクセラはパンを手に取ると、それをオレの口元へと運んできた。
アクセラ
アクセラ
どうぞ
どうぞ
秀隆
秀隆
お、おいおい……
お、おいおい……
アクセラ
アクセラ
遠慮なさらないでください。私が好きでやっていることですから
遠慮なさらないでください。私が好きでやっていることですから
秀隆
秀隆
なさらないでくださいって……子供じゃないんだぞオレは
なさらないでくださいって……子供じゃないんだぞオレは
アクセラ
アクセラ
秀隆様は大きな子供です
秀隆様は大きな子供です
言いきられてしまう。
言いきられてしまう。
秀隆
秀隆
……まぁ、いいか……
……まぁ、いいか……
アクセラがゆっくりと手を伸ばしてきた。
アクセラがゆっくりと手を伸ばしてきた。
オレは口を開き、そのパンにかぶりつく。
オレは口を開き、そのパンにかぶりつく。
秀隆
秀隆
うん……んまい！
うん……んまい！
アクセラ
アクセラ
良かったです、さ、どうぞ
良かったです、さ、どうぞ
二口目を貰おうと、ふたたび口を開ける。
二口目を貰おうと、ふたたび口を開ける。
se医務室（杉村さん部屋）
se医務室（杉村さん部屋）
扉も開いた。
扉も開いた。
キズナ
キズナ
ひーくん、お見舞いにきましたっ
ひーくん、お見舞いにきましたっ
ちょうど、パンにかぶりついたところ。
ちょうど、パンにかぶりついたところ。
キズナ
キズナ
……これは、バッドタイミングと言うやつですねっ
……これは、バッドタイミングと言うやつですねっ
se医務室（杉村さん部屋）
se医務室（杉村さん部屋）
そして、部屋には入らずドアが閉まる。
そして、部屋には入らずドアが閉まる。
秀隆
秀隆
き、キズナ、おいキズナっ！？
き、キズナ、おいキズナっ！？
あらぬ誤解を避けるため引き留めようと体を起こす。
あらぬ誤解を避けるため引き留めようと体を起こす。
ズキッ！
ズキッ！
秀隆
秀隆
はぬほめっ！！！？？
はぬほめっ！！！？？
そしてもだえる。
そしてもだえる。
アクセラ
アクセラ
学習してください……
学習してください……
キズナ
キズナ
先ほどは失礼しました
先ほどは失礼しました
秀隆
秀隆
いいか？　誤解するなよキズナ。わかってるよな？
いいか？　誤解するなよキズナ。わかってるよな？
キズナ
キズナ
大丈夫です。ひーくんっ
大丈夫です。ひーくんっ
ぐっと親指を立てるキズナ。
ぐっと親指を立てるキズナ。
ほぼ間違いなく誤解している。
ほぼ間違いなく誤解している。
キズナ
キズナ
ひーくんとアクセラさんが、深い関係だったなんてっ
ひーくんとアクセラさんが、深い関係だったなんてっ
アクセラ
アクセラ
ふ、深い関係？
ふ、深い関係？
キズナ
キズナ
男女関係と言うやつですねっ
男女関係と言うやつですねっ
やっぱり誤解していた。
やっぱり誤解していた。
グイグイ。
グイグイ。
オレの口元をやや、目測を誤ったパンが押し付けられる。
オレの口元をやや、目測を誤ったパンが押し付けられる。
秀隆
秀隆
別にオレはアクセラとそういうんじゃない
別にオレはアクセラとそういうんじゃない
キズナ
キズナ
でもすごくお似合いでしたよっ
でもすごくお似合いでしたよっ
グイグイ。
グイグイ。
秀隆
秀隆
お、おい。キズナがいるんだからやめろ。おいっ
お、おい。キズナがいるんだからやめろ。おいっ
グイグイ。
グイグイ。
秀隆
秀隆
しかも、ほっぺたに押し付けられて、
しかも、ほっぺたに押し付けられて、
いた、痛い、痛いっ！
いた、痛い、痛いっ！
アクセラ
アクセラ
はっ！？　も、申し訳ありません！
はっ！？　も、申し訳ありません！
事態に気づいたのか、慌ててアクセラが腕を引っ込める。
事態に気づいたのか、慌ててアクセラが腕を引っ込める。
秀隆
秀隆
…………
…………
オレの顔はトウモロコシとパンの粉だらけだった。
オレの顔はトウモロコシとパンの粉だらけだった。
キズナ
キズナ
何をやっているのか、非常に興味深いです
何をやっているのか、非常に興味深いです
秀隆
秀隆
ほんと、何やってんだよ、ったく
ほんと、何やってんだよ、ったく
アクセラ
アクセラ
キズナ様があらぬ誤解をされたことに、思わず動揺してしまったようです
キズナ様があらぬ誤解をされたことに、思わず動揺してしまったようです
秀隆
秀隆
アンドロイドが動揺するな……
アンドロイドが動揺するな……
アクセラ
アクセラ
そういう時だけアンドロイド扱いしないでください。
そういう時だけアンドロイド扱いしないでください。
秀隆様は私をアンドロイドとしては見ないと仰ったはずです
秀隆様は私をアンドロイドとしては見ないと仰ったはずです
秀隆
秀隆
いや、それはだな……
いや、それはだな……
キズナ
キズナ
おおーっ。一人の女性として扱うということですねっ
おおーっ。一人の女性として扱うということですねっ
アクセラ
アクセラ
そう仰いました
そう仰いました
キズナ
キズナ
ラブですねっ！
ラブですねっ！
秀隆
秀隆
それは違うぞっ。あくまでも家族としてってことだっ
それは違うぞっ。あくまでも家族としてってことだっ
アクセラ
アクセラ
とにかく、こちらのパンはご自分でめしあがってください。
とにかく、こちらのパンはご自分でめしあがってください。
私に食べさせるよう強要するのは、やや人として鬼畜過ぎるかと
私に食べさせるよう強要するのは、やや人として鬼畜過ぎるかと
誰がいつ、どこで食べさせてほしいと言ったのか……。
誰がいつ、どこで食べさせてほしいと言ったのか……。
アクセラ
アクセラ
では私はこれで失礼します
では私はこれで失礼します
そう言い、アクセラはスコスコと退散した。
そう言い、アクセラはスコスコと退散した。
キズナ
キズナ
あの、やっぱり私はお邪魔でしたか？
あの、やっぱり私はお邪魔でしたか？
秀隆
秀隆
そんなことはないから気にするな
そんなことはないから気にするな
キズナ
キズナ
よいしょと
よいしょと
アクセラの代わりに、その席にキズナが座る。
アクセラの代わりに、その席にキズナが座る。
キズナ
キズナ
私が代わりに食べさせてあげますねっ
私が代わりに食べさせてあげますねっ
秀隆
秀隆
そうか？　悪いな
そうか？　悪いな
アクセラが部屋を出る前に振り返った。
アクセラが部屋を出る前に振り返った。
アクセラ
アクセラ
ロリコン……
ロリコン……
se医務室（杉村さん部屋）
se医務室（杉村さん部屋）
秀隆
秀隆
…………
…………
キズナ
キズナ
アクセラさんを怒らせてしまったでしょうか？
アクセラさんを怒らせてしまったでしょうか？
秀隆
秀隆
べ、別に気にするな。なんでもないんだから
べ、別に気にするな。なんでもないんだから
キズナ
キズナ
とにかく、元気になったようでよかったです
とにかく、元気になったようでよかったです
秀隆
秀隆
おまえにも沢山迷惑かけたな。色々ありがとな
おまえにも沢山迷惑かけたな。色々ありがとな
キズナ
キズナ
私は何もしていません。アクセラさんがずっとつきっきりでしたし。感謝するのであれば、アクセラさんにしてあげてください
私は何もしていません。アクセラさんがずっとつきっきりでしたし。感謝するのであれば、アクセラさんにしてあげてください
秀隆
秀隆
もちろん、あいつにはすごく感謝してるよ
もちろん、あいつにはすごく感謝してるよ
キズナ
キズナ
…………
…………
秀隆
秀隆
どした
どした
キズナ
キズナ
いえ、特務官と言うのは、すごく大変なお仕事なんだなと思いまして
いえ、特務官と言うのは、すごく大変なお仕事なんだなと思いまして
秀隆
秀隆
刺されたことか？　これは多分すげぇレアなケースだと思うぞ
刺されたことか？　これは多分すげぇレアなケースだと思うぞ
キズナ
キズナ
そうなんですか？
そうなんですか？
秀隆
秀隆
特務官が刺されたなんて話オレ自身が初めてだよ
特務官が刺されたなんて話オレ自身が初めてだよ
キズナ
キズナ
さすがひーくんですね
さすがひーくんですね
秀隆
秀隆
全然さすがにするとこじゃない……
全然さすがにするとこじゃない……
オレは残された潰れパンを口に運ぶ。
オレは残された潰れパンを口に運ぶ。
キズナ
キズナ
ひーくんひーくん
ひーくんひーくん
秀隆
秀隆
なんだぁ？　もぐもぐ
なんだぁ？　もぐもぐ
キズナ
キズナ
ひーくんはアクセラさんのこと、どう思ってるんですか？
ひーくんはアクセラさんのこと、どう思ってるんですか？
秀隆
秀隆
どうって。普通だよ
どうって。普通だよ
キズナ
キズナ
普通に好き、ですか
普通に好き、ですか
秀隆
秀隆
まあそういうことだな。……なんか特別言いたいことでも？
まあそういうことだな。……なんか特別言いたいことでも？
キズナ
キズナ
いえいえ、そんなまさか
いえいえ、そんなまさか
秀隆
秀隆
オレもそこまで鈍くはないぞ。お前が何を考えてるかくらいはわかる
オレもそこまで鈍くはないぞ。お前が何を考えてるかくらいはわかる
秀隆
秀隆
オレとアクセラは、主とアンドロイド……ではなくなったが、
オレとアクセラは、主とアンドロイド……ではなくなったが、
家族だ
家族だ
秀隆
秀隆
それ以上でもそれ以下でもない
それ以上でもそれ以下でもない
キズナ
キズナ
なるほどです
なるほどです
秀隆
秀隆
ほら、そろそろ倉屋敷に行く時間だろ。行ってこい
ほら、そろそろ倉屋敷に行く時間だろ。行ってこい
キズナ
キズナ
はい、行ってきますですっ
はい、行ってきますですっ
秀隆
秀隆
…………
…………
そりゃ、色々考えたくなる気持ちはわからないでもない。
そりゃ、色々考えたくなる気持ちはわからないでもない。
オレがキズナの立場なら、勝手に想像することもあるだろう。
オレがキズナの立場なら、勝手に想像することもあるだろう。
でも、アクセラはアンドロイドだ。
でも、アクセラはアンドロイドだ。
どんな感情や考えがあるにせよ、そこだけは変えられない事実だ。
どんな感情や考えがあるにせよ、そこだけは変えられない事実だ。
…………。
…………。
……。
……。
