se着信（共通
se着信（共通
秀隆
秀隆
ん……？
ん……？
朝、まどろんでいると携帯が鳴った。
朝、まどろんでいると携帯が鳴った。
着信を受けた番号は登録になく、電話番号だけが表示されている。
着信を受けた番号は登録になく、電話番号だけが表示されている。
se通話ボタン
se通話ボタン
秀隆
秀隆
もしもし？
もしもし？
恋
恋
あの、島津さんの携帯でよろしいでしょうか？
あの、島津さんの携帯でよろしいでしょうか？
秀隆
秀隆
そうですけど……
そうですけど……
恋
恋
私、ドリームタウンの特務官、長谷川です
私、ドリームタウンの特務官、長谷川です
秀隆
秀隆
……はせがわ……
……はせがわ……
秀隆
秀隆
恋さん！？
恋さん！？
恋
恋
は、はい。そうです。突然お電話してしまい申し訳御座いません
は、はい。そうです。突然お電話してしまい申し訳御座いません
秀隆
秀隆
いえいえいえいえ、何を仰いますやら！
いえいえいえいえ、何を仰いますやら！
オレはベッドの上に飛び起きた。
オレはベッドの上に飛び起きた。
恋
恋
今、少しお時間よろしいでしょうか？
今、少しお時間よろしいでしょうか？
秀隆
秀隆
もちろんです。あなたのために空けておきましたっ
もちろんです。あなたのために空けておきましたっ
秀隆
秀隆
あれ？　電話が通じてるってことは……
あれ？　電話が通じてるってことは……
恋
恋
はい。今ホープタウンに来ているんです。恭一さんと
はい。今ホープタウンに来ているんです。恭一さんと
秀隆
秀隆
……恭一さんと……？
……恭一さんと……？
オレはステーションで待つよう伝え、すぐにそこへ向かうことにした。
オレはステーションで待つよう伝え、すぐにそこへ向かうことにした。
キズナ
キズナ
おはようございます
おはようございます
秀隆
秀隆
おはよう。悪いがちょっと出かけてくる
おはよう。悪いがちょっと出かけてくる
キズナ
キズナ
朝ごはん食べないですか？
朝ごはん食べないですか？
秀隆
秀隆
ああ。悪いな
ああ。悪いな
秀隆
秀隆
もしかしたら、今日キズナに
もしかしたら、今日キズナに
キズナ
キズナ
私に、なんですか？
私に、なんですか？
秀隆
秀隆
いや、なんでもない
いや、なんでもない
もしかしたら、地上時代のヒントが得られるかもしれない。
もしかしたら、地上時代のヒントが得られるかもしれない。
そう口にしそうになったが、やめておいた。
そう口にしそうになったが、やめておいた。
まだ恭一さんがそうである確証はどこにもないし、
まだ恭一さんがそうである確証はどこにもないし、
そうであっても情報を引き出せるとは限らない。
そうであっても情報を引き出せるとは限らない。
だが、やるだけやるしかないだろう。
だが、やるだけやるしかないだろう。
オレはユウキに一通のメールを送ることにした。
オレはユウキに一通のメールを送ることにした。
状況によっては、オレはユウキを頼る必要が出てくる。
状況によっては、オレはユウキを頼る必要が出てくる。
電話を受けてから１５分ほどで、ステーションに着いた。
電話を受けてから１５分ほどで、ステーションに着いた。
入り口には、美しい一人の女性。
入り口には、美しい一人の女性。
秀隆
秀隆
お待たせしましたっ
お待たせしましたっ
恋
恋
こちらこそ、急に押しかけてしまい申し訳ありません
こちらこそ、急に押しかけてしまい申し訳ありません
秀隆
秀隆
いえいえ。でも、どうしてオレの番号が分かったんですか？
いえいえ。でも、どうしてオレの番号が分かったんですか？
恋
恋
希望ちゃんに教えてもらったんです
希望ちゃんに教えてもらったんです
秀隆
秀隆
なるほど
なるほど
秀隆
秀隆
それで、恭一さんは？
それで、恭一さんは？
恋
恋
それが……ジッとしているように言ったんですが……
それが……ジッとしているように言ったんですが……
そういい、工場地帯のほうを見つめた。
そういい、工場地帯のほうを見つめた。
秀隆
秀隆
もしかして
もしかして
恋
恋
はい。勝手にどこかへ……
はい。勝手にどこかへ……
恋
恋
あの人は、ほんといつもそうなんです……
あの人は、ほんといつもそうなんです……
街に出れば勝手にフラフラして、おまけにすぐトラブルに巻き込まれて
街に出れば勝手にフラフラして、おまけにすぐトラブルに巻き込まれて
恋
恋
私がお願いしても全然言うこと聞いてくれませんし……
私がお願いしても全然言うこと聞いてくれませんし……
恋
恋
この間も見知らぬ人に突然喧嘩を吹っ掛けたり……
この間も見知らぬ人に突然喧嘩を吹っ掛けたり……
秀隆
秀隆
な、なんだか大変そうですね
な、なんだか大変そうですね
恋
恋
はい。苦労が絶えません……
はい。苦労が絶えません……
秀隆
秀隆
だけど、それでもお付き合いしてるってことは、好きってことですよね
だけど、それでもお付き合いしてるってことは、好きってことですよね
恋
恋
それは……色々複雑な事情があるんです
それは……色々複雑な事情があるんです
恋
恋
……好きでは、ありますけど……
……好きでは、ありますけど……
文句を言いながらも、俯きながらそう言った。
文句を言いながらも、俯きながらそう言った。
うーん、可愛いぞチクショー。
うーん、可愛いぞチクショー。
秀隆
秀隆
恭一さん、携帯はお持ちじゃないんですか
恭一さん、携帯はお持ちじゃないんですか
恋
恋
持ってはいるんですが、繋がらなくて……
持ってはいるんですが、繋がらなくて……
秀隆
秀隆
そうですか。あちらの方に行かれたんですよね？　探しましょう
そうですか。あちらの方に行かれたんですよね？　探しましょう
恋
恋
本当にすみません。朝からお呼びたてしたうえに、捜索まで
本当にすみません。朝からお呼びたてしたうえに、捜索まで
秀隆
秀隆
構いません。元々遊びに来て下さいとお願いしたのはオレですし
構いません。元々遊びに来て下さいとお願いしたのはオレですし
秀隆
秀隆
ホープタウンは初めてですか？
ホープタウンは初めてですか？
恋
恋
私も恭一さんも初めてです
私も恭一さんも初めてです
秀隆
秀隆
なら、それを案内できるなんて光栄なことです。
なら、それを案内できるなんて光栄なことです。
ようこそ、ホープタウンへ
ようこそ、ホープタウンへ
恋
恋
……お優しいんですね、島津さんは
……お優しいんですね、島津さんは
秀隆
秀隆
いやぁあああ
いやぁあああ
デレデレ。
デレデレ。
こんな可愛い子を彼女に出来るなんて、恭一さんは幸せ者だ。
こんな可愛い子を彼女に出来るなんて、恭一さんは幸せ者だ。
恋
恋
なんだか、私たちの住む街とは全く違うんですね……
なんだか、私たちの住む街とは全く違うんですね……
周囲を見渡し、そして空を見上げていった。
周囲を見渡し、そして空を見上げていった。
秀隆
秀隆
やっぱり青空の存在は大きいと思います。
やっぱり青空の存在は大きいと思います。
同じようなジオフロントでも、広々として見えますよね
同じようなジオフロントでも、広々として見えますよね
恋
恋
はい。人々にも、すごく活気があるといいますか
はい。人々にも、すごく活気があるといいますか
秀隆
秀隆
まぁ、カジノのような熱狂さは、足りないかもですが
まぁ、カジノのような熱狂さは、足りないかもですが
二人で恋人同士のように（オレだけ）歩いていると、
二人で恋人同士のように（オレだけ）歩いていると、
街の真ん中で空を見上げる恭一さんを見つけた。
街の真ん中で空を見上げる恭一さんを見つけた。
秀隆
秀隆
よかった。どうやら遠くには行ってなかったようですね
よかった。どうやら遠くには行ってなかったようですね
恋
恋
勝手にうろうろしちゃ駄目って言ったじゃないですかっ
勝手にうろうろしちゃ駄目って言ったじゃないですかっ
恋さんが恭一さんの元に駆ける。
恋さんが恭一さんの元に駆ける。
恭一
恭一
しっかりしろバカ者
しっかりしろバカ者
恋
恋
え、ええっ！？
え、ええっ！？
恭一
恭一
おまえがはぐれるから探すのに大変だっただろ
おまえがはぐれるから探すのに大変だっただろ
恋
恋
私ははぐれてませんっ。はぐれたのは恭一さんです
私ははぐれてませんっ。はぐれたのは恭一さんです
恭一
恭一
罪の擦り付けあいほど見っともないものはないな
罪の擦り付けあいほど見っともないものはないな
恋
恋
そ、そんなこと言われても、私は悪くない……ですよ……
そ、そんなこと言われても、私は悪くない……ですよ……
秀隆
秀隆
おはようございます恭一さん。朝から飛ばしてますね
おはようございます恭一さん。朝から飛ばしてますね
恭一
恭一
飛ばす？　何言ってんだおまえ。頭大丈夫か？
飛ばす？　何言ってんだおまえ。頭大丈夫か？
秀隆
秀隆
い、いえ
い、いえ
恋
恋
失礼な物言いをしないでください。
失礼な物言いをしないでください。
島津さんはわざわざ休日に出てきてくださったんですから
島津さんはわざわざ休日に出てきてくださったんですから
恭一
恭一
頼んだ覚えはないけどな
頼んだ覚えはないけどな
恋
恋
恭一さん！
恭一さん！
恭一
恭一
……うるさい女だ
……うるさい女だ
うるさくさせてる原因は１００％恭一さんだと思うけど……。
うるさくさせてる原因は１００％恭一さんだと思うけど……。
恭一
恭一
アレが噂の空か
アレが噂の空か
秀隆
秀隆
噂の？
噂の？
恭一
恭一
おまえに貰った資料に書かれてあった
おまえに貰った資料に書かれてあった
秀隆
秀隆
あぁそうか……はい。ホログラムによる映像です
あぁそうか……はい。ホログラムによる映像です
恭一
恭一
まるで本物みたいだな
まるで本物みたいだな
秀隆
秀隆
……そうですね
……そうですね
オレは、思いがけない恭一さんの無防備な一言に驚いた。
オレは、思いがけない恭一さんの無防備な一言に驚いた。
まるで本物のよう。
まるで本物のよう。
そんなことを口にするのは―――オレが知る限り一人だけだ。
そんなことを口にするのは―――オレが知る限り一人だけだ。
初めてキズナに出会った時、確かにそう言った。
初めてキズナに出会った時、確かにそう言った。
まるで、本物の空のようだ、と。
まるで、本物の空のようだ、と。
そんなことが言えるのは、本物の空を見たことがある者だけだ。
そんなことが言えるのは、本物の空を見たことがある者だけだ。
オレや秋のように生まれも育ちもホープタウンであれば、
オレや秋のように生まれも育ちもホープタウンであれば、
そもそも空を見上げて感慨深くなることはない。
そもそも空を見上げて感慨深くなることはない。
希望のように初めてホープタウンに来た者は、
希望のように初めてホープタウンに来た者は、
そもそもそんなに気にしないか、恋さんのように驚くだけ。
そもそもそんなに気にしないか、恋さんのように驚くだけ。
比べるとしても、ドリームタウンの無機質な天井とだけだ。
比べるとしても、ドリームタウンの無機質な天井とだけだ。
やっぱりこの人は……。
やっぱりこの人は……。
恭一
恭一
それで、お前はどこに案内してくれるんだ？
それで、お前はどこに案内してくれるんだ？
秀隆
秀隆
ホープタウンで、最も観光として有名な場所にご案内します
ホープタウンで、最も観光として有名な場所にご案内します
ホープタウンとドリームタウンの違いと言えば、
ホープタウンとドリームタウンの違いと言えば、
この青空もそうだが、自然の多さが段違いに違う。
この青空もそうだが、自然の多さが段違いに違う。
そして、その象徴たる場所が、この中央公園だ。
そして、その象徴たる場所が、この中央公園だ。
オレたちには見慣れた景色にも、
オレたちには見慣れた景色にも、
初めて見る二人には感動を与えてくれるだろう。
初めて見る二人には感動を与えてくれるだろう。
恋
恋
凄い……こんなにも、沢山の自然が……！
凄い……こんなにも、沢山の自然が……！
両手を広げ、恋さんは嬉しそうに目を細めた。
両手を広げ、恋さんは嬉しそうに目を細めた。
秀隆
秀隆
何か特別な機具があったりするわけじゃないんですけど
何か特別な機具があったりするわけじゃないんですけど
恋
恋
凄い、凄いですっ
凄い、凄いですっ
恭一
恭一
よくこれだけの広大な敷地を確保したもんだな
よくこれだけの広大な敷地を確保したもんだな
秀隆
秀隆
元々、ジオフロントの大きさが圧倒的に違いますから
元々、ジオフロントの大きさが圧倒的に違いますから
恭一
恭一
ドリームじゃ、土地がない土地がないと喚いているが、
ドリームじゃ、土地がない土地がないと喚いているが、
こっちにはそんな悩みは微塵もなさそうだな
こっちにはそんな悩みは微塵もなさそうだな
秀隆
秀隆
どこに比重を置くかではないでしょうか。
どこに比重を置くかではないでしょうか。
この公園はホープタウンの象徴です。
この公園はホープタウンの象徴です。
例え土地がなくても取り壊すような真似はしないでしょう
例え土地がなくても取り壊すような真似はしないでしょう
恋
恋
もう、どうしてあなたは素直に感動することが出来ないんですか？
もう、どうしてあなたは素直に感動することが出来ないんですか？
恭一
恭一
オレは景色に対する感動よりも、ジオフロントそのものの構造に興味がある
オレは景色に対する感動よりも、ジオフロントそのものの構造に興味がある
秀隆
秀隆
ここは、ドリームタウンにとってのカジノと同じなんです。
ここは、ドリームタウンにとってのカジノと同じなんです。
平日には誰かがベンチで食事をし、休日には親子連れでスポーツを楽しむ
平日には誰かがベンチで食事をし、休日には親子連れでスポーツを楽しむ
秀隆
秀隆
それがホープタウンにある娯楽です
それがホープタウンにある娯楽です
恭一
恭一
なるほどな。この広い公園そのものに、大きな意味があると
なるほどな。この広い公園そのものに、大きな意味があると
秀隆
秀隆
はい。どうですか、ホープタウンの印象は
はい。どうですか、ホープタウンの印象は
恭一
恭一
悪くない。むしろ、こっちの方が落ち着くくらいだ
悪くない。むしろ、こっちの方が落ち着くくらいだ
秀隆
秀隆
それはよかったです
それはよかったです
恋
恋
来た甲斐がありましたね
来た甲斐がありましたね
秀隆
秀隆
そういえば、今日はまたどうしてホープタウンに？
そういえば、今日はまたどうしてホープタウンに？
恋
恋
大河内代表にＶＩＰチケットを頂いたんです。
大河内代表にＶＩＰチケットを頂いたんです。
特務官の方々には、殆ど配られたそうなんですけど。
特務官の方々には、殆ど配られたそうなんですけど。
折角なので、休日の今利用させていただこうとなりまして
折角なので、休日の今利用させていただこうとなりまして
秀隆
秀隆
そうでしたか
そうでしたか
ドリームタウンでも、本格的に試験をはじめたんだな。
ドリームタウンでも、本格的に試験をはじめたんだな。
恭一
恭一
あのでかいビルは？
あのでかいビルは？
恋
恋
倉屋敷、じゃないでしょうか
倉屋敷、じゃないでしょうか
秀隆
秀隆
正解です。ホープタウンのもう一つの象徴です
正解です。ホープタウンのもう一つの象徴です
恭一
恭一
倉屋敷と言えば、アンドロイドの製造を手がける企業だったな
倉屋敷と言えば、アンドロイドの製造を手がける企業だったな
恋
恋
社長はものすごく頭の良い方だと聞き及んでいます
社長はものすごく頭の良い方だと聞き及んでいます
秀隆
秀隆
頭脳はもう。……人間としては欠陥だらけですが
頭脳はもう。……人間としては欠陥だらけですが
恋
恋
えっ？
えっ？
秀隆
秀隆
いえいえいえ。もし聞かれたらオレの命がないので……
いえいえいえ。もし聞かれたらオレの命がないので……
ユウキ
ユウキ
でさあでさあ。この後お茶でもどう、って思ってさ
でさあでさあ。この後お茶でもどう、って思ってさ
前方から、見なれた男の姿が見えた。
前方から、見なれた男の姿が見えた。
ツンとした顔で歩く女の子に、必死で声をかけるユウキだ。
ツンとした顔で歩く女の子に、必死で声をかけるユウキだ。
秀隆
秀隆
相変わらずだな……
相変わらずだな……
ユウキの方もナンパに夢中なのか、オレに気づくことはなくすれ違った。
ユウキの方もナンパに夢中なのか、オレに気づくことはなくすれ違った。
まさか、オレが朝送ったメール、見てない、なんてことないだろうな？
まさか、オレが朝送ったメール、見てない、なんてことないだろうな？
オレの作戦を磐石にするには、ユウキの力が絶対に必要になるってのに。
オレの作戦を磐石にするには、ユウキの力が絶対に必要になるってのに。
秀隆
秀隆
……そうだ。工場の見学とかもしてみます？
……そうだ。工場の見学とかもしてみます？
恋
恋
工場見学、ですか？
工場見学、ですか？
秀隆
秀隆
はい。ドリームタウンから来られた方は、
はい。ドリームタウンから来られた方は、
よく工場の方を見たいと仰るようで
よく工場の方を見たいと仰るようで
秀隆
秀隆
許可を取れば、工場内部の見学とかも出来るんですよ
許可を取れば、工場内部の見学とかも出来るんですよ
恋
恋
まぁ。それは興味があります
まぁ。それは興味があります
秀隆
秀隆
じゃあ行って見ましょうか
じゃあ行って見ましょうか
恭一さんも興味があるのか、特に反論はなかった。
恭一さんも興味があるのか、特に反論はなかった。
オレは顔の利く片桐食糧プラントへ足を運ぶ。
オレは顔の利く片桐食糧プラントへ足を運ぶ。
秀隆
秀隆
すみません、工場見学がしたいんですが……はい
すみません、工場見学がしたいんですが……はい
秀隆
秀隆
もし片桐裕輔さんがいるようなら
もし片桐裕輔さんがいるようなら
秀隆
秀隆
あ、休みですか。じゃあ、どなたでも大丈夫です
あ、休みですか。じゃあ、どなたでも大丈夫です
オレは受付の人に話をつけ、二人の下へ戻る。
オレは受付の人に話をつけ、二人の下へ戻る。
秀隆
秀隆
ちょっとお待ちください。案内の方がいらっしゃるので
ちょっとお待ちください。案内の方がいらっしゃるので
恭一
恭一
かなり大きな工場だな。何を作ってる？
かなり大きな工場だな。何を作ってる？
秀隆
秀隆
良くぞ聞いていただきました！
良くぞ聞いていただきました！
バッと腕を広げ、オレは高らかに叫ぶ。
バッと腕を広げ、オレは高らかに叫ぶ。
秀隆
秀隆
我らがトウモロコシを！
我らがトウモロコシを！
恋
恋
私、あまりトウモロコシは好きではないんです……
私、あまりトウモロコシは好きではないんです……
恭一
恭一
好きでも嫌いでもないな
好きでも嫌いでもないな
秀隆
秀隆
…………
…………
秀隆
秀隆
二人とも分かってるんですか？　あのトウモロコシですよ？
二人とも分かってるんですか？　あのトウモロコシですよ？
子供も大好き、大人も大好き、皆大好きなあのトウモロコシですよ！？
子供も大好き、大人も大好き、皆大好きなあのトウモロコシですよ！？
恭一
恭一
なんだこいつ、頭どこかおかしいんじゃないのか？
なんだこいつ、頭どこかおかしいんじゃないのか？
また言われてしまった……。
また言われてしまった……。
恋
恋
確かに変だとは思いますが、恭一さんほどではありません
確かに変だとは思いますが、恭一さんほどではありません
恭一
恭一
それもそうだな
それもそうだな
恋
恋
納得なさらないで下さい……
納得なさらないで下さい……
秀隆
秀隆
…………
…………
駄目だ、この人たちにオレの熱意が伝わることはない。
駄目だ、この人たちにオレの熱意が伝わることはない。
トウモロコシを愛していると言う想いが伝わって来ない。
トウモロコシを愛していると言う想いが伝わって来ない。
こんな人たちに工場見学させて、なんか意味があるのか？
こんな人たちに工場見学させて、なんか意味があるのか？
いいんだいいんだ。
いいんだいいんだ。
オレだけがトウモロコシを愛していれば、それでいいんだ。
オレだけがトウモロコシを愛していれば、それでいいんだ。
恭一
恭一
おい、なんか急にやさぐれだしたぞ
おい、なんか急にやさぐれだしたぞ
恋
恋
恭一さんが興味なさげにされているからじゃないですか？
恭一さんが興味なさげにされているからじゃないですか？
恭一
恭一
……よくそんなことが平然と言えるな
……よくそんなことが平然と言えるな
プラント受付女性
プラント受付女性
お待たせしました。準備が出来ましたのでどうぞ
お待たせしました。準備が出来ましたのでどうぞ
どうやら、見学の用意が整ったらしい。
どうやら、見学の用意が整ったらしい。
秀隆
秀隆
行きましょうか
行きましょうか
恋
恋
はいっ
はいっ
…………。
…………。
見学が終わり、オレはホクホクの笑顔で外へと出た。
見学が終わり、オレはホクホクの笑顔で外へと出た。
秀隆
秀隆
いやぁまさか、出来立てのトウモロコシが貰えるなんて
いやぁまさか、出来立てのトウモロコシが貰えるなんて
ブロックに加工されたばかりのそれは、まだぬくもりが残っている。
ブロックに加工されたばかりのそれは、まだぬくもりが残っている。
秀隆
秀隆
実に有意義な見学だったでしょ？
実に有意義な見学だったでしょ？
恋
恋
凄く興味深かったです
凄く興味深かったです
恭一
恭一
そうだな。工場を見学するってのも悪くない
そうだな。工場を見学するってのも悪くない
どうやら二人にも高評価だったらしい。
どうやら二人にも高評価だったらしい。
秀隆
秀隆
案内した甲斐がありましたよ
案内した甲斐がありましたよ
秀隆
秀隆
今日は、お時間大丈夫なんですか？
今日は、お時間大丈夫なんですか？
工場見学で２時間ほど経っていたことに気づく。
工場見学で２時間ほど経っていたことに気づく。
恋
恋
今日は一泊して帰るつもりだったので、大丈夫です
今日は一泊して帰るつもりだったので、大丈夫です
秀隆
秀隆
それはよかった。じゃあ、もう一つ工場見学は如何ですか？
それはよかった。じゃあ、もう一つ工場見学は如何ですか？
秀隆
秀隆
あそこに見える倉屋敷ビルなんですが
あそこに見える倉屋敷ビルなんですが
恭一
恭一
アンドロイドを作ってるところが見学できるのか
アンドロイドを作ってるところが見学できるのか
秀隆
秀隆
そうですね。普段は中々見学できないんですが、
そうですね。普段は中々見学できないんですが、
ステーションの規制緩和に伴い、一時的に許可されてるんです
ステーションの規制緩和に伴い、一時的に許可されてるんです
恋
恋
じゃあ、今しか見られない可能性もあるんですね
じゃあ、今しか見られない可能性もあるんですね
秀隆
秀隆
はい。どうでしょうか？
はい。どうでしょうか？
恋
恋
是非、よろしくお願いします
是非、よろしくお願いします
秀隆
秀隆
わかりました。じゃあ、ご案内しますね
わかりました。じゃあ、ご案内しますね
恋
恋
近くで見ると……凄く大きいですね……
近くで見ると……凄く大きいですね……
秀隆
秀隆
ホープタウンの技術力が集結した場所、ですからね
ホープタウンの技術力が集結した場所、ですからね
恭一
恭一
…………
…………
なんとか、彼をこのビルの前まで連れてくることは出来た。
なんとか、彼をこのビルの前まで連れてくることは出来た。
でも、何も説明しないままではここが限界だろう。
でも、何も説明しないままではここが限界だろう。
仮に倉屋敷社長に面会できても、
仮に倉屋敷社長に面会できても、
恭一さんが検査を拒めばそれまでになってしまう。
恭一さんが検査を拒めばそれまでになってしまう。
オレはゲート付近で立ち止まった。
オレはゲート付近で立ち止まった。
恭一
恭一
なにしてる。さっさと行くぞ
なにしてる。さっさと行くぞ
秀隆
秀隆
お二人に、確認させていただかなければならないことがあります
お二人に、確認させていただかなければならないことがあります
恭一
恭一
あ？
あ？
恋
恋
はい。なんでしょうか？
はい。なんでしょうか？
幸いこの場所には、恋さんがいる。
幸いこの場所には、恋さんがいる。
なら、チャンスはオレにもあると言うことだ。
なら、チャンスはオレにもあると言うことだ。
秀隆
秀隆
いきなりの質問で驚かれるかも知れませんが、ご了承ください
いきなりの質問で驚かれるかも知れませんが、ご了承ください
秀隆
秀隆
恭一さん。あなたは、本当にドリームタウンの住民なのですか？
恭一さん。あなたは、本当にドリームタウンの住民なのですか？
恭一
恭一
意味が理解できないな
意味が理解できないな
オレの言葉に対し、すぐに恭一さんは切り返してきた。
オレの言葉に対し、すぐに恭一さんは切り返してきた。
でも、隣に居た恋さんの表情が変わったことを、
でも、隣に居た恋さんの表情が変わったことを、
オレは見逃さなかった。
オレは見逃さなかった。
秀隆
秀隆
溝脇恭一さん。と言う人物は、本当は存在しないんじゃないですか？
溝脇恭一さん。と言う人物は、本当は存在しないんじゃないですか？
恋
恋
ど、どうして恭一さんの苗字を―――！？
ど、どうして恭一さんの苗字を―――！？
恭一
恭一
おまえは少し黙っていろ
おまえは少し黙っていろ
恋
恋
っ……ご、ごめんなさい
っ……ご、ごめんなさい
恭一さんは、すぐにオレの真意に気づく。
恭一さんは、すぐにオレの真意に気づく。
オレが話しかけているのは恭一さんではなく、恋さんであることを。
オレが話しかけているのは恭一さんではなく、恋さんであることを。
秀隆
秀隆
あなたが地上時代の生き残りであることは、既に把握しています
あなたが地上時代の生き残りであることは、既に把握しています
恭一さんの表情は、全く変わらない。
恭一さんの表情は、全く変わらない。
隠している事実を追求されていると、感じさせない。
隠している事実を追求されていると、感じさせない。
だけど、隣に居る恋さんは違う。
だけど、隣に居る恋さんは違う。
明らかな動揺と戸惑い、困惑や驚きを見せている。
明らかな動揺と戸惑い、困惑や驚きを見せている。
恭一
恭一
オレに対して何か探っているとは思っていたが、そう言うことか
オレに対して何か探っているとは思っていたが、そう言うことか
秀隆
秀隆
答えていただけませんか、恭一さん
答えていただけませんか、恭一さん
恭一
恭一
まったくの見当違いだ……と、言いたいところだが
まったくの見当違いだ……と、言いたいところだが
呆れたように恭一さんがため息をつく。
呆れたように恭一さんがため息をつく。
もちろん、そのため息は隣で顔を真っ青にする恋さんのことでだろう。
もちろん、そのため息は隣で顔を真っ青にする恋さんのことでだろう。
恭一
恭一
まぁ、この女の態度も露骨だからな。これ以上意味はないか
まぁ、この女の態度も露骨だからな。これ以上意味はないか
そう言うと、鋭い視線がオレを射抜いた。
そう言うと、鋭い視線がオレを射抜いた。
恭一
恭一
そうだ。オレは確かに地上の生き残りだ
そうだ。オレは確かに地上の生き残りだ
短く、だが、しっかりとそれを認めた。
短く、だが、しっかりとそれを認めた。
恋
恋
…………
…………
恋さんは、申し訳なさそうに恭一さんを見る。
恋さんは、申し訳なさそうに恭一さんを見る。
恐らくは隠し通さなければならない事実なんだろう。
恐らくは隠し通さなければならない事実なんだろう。
実際、彼女が居なければ、恭一さんは絶対にボロを出さなかった。
実際、彼女が居なければ、恭一さんは絶対にボロを出さなかった。
恭一
恭一
オレたちにホープタウンを案内すると言ったのも、この日のためか
オレたちにホープタウンを案内すると言ったのも、この日のためか
恋
恋
っ……
っ……
恋さんがオレを見る。
恋さんがオレを見る。
秀隆
秀隆
はい
はい
オレは言い切った。
オレは言い切った。
秀隆
秀隆
もちろん、純粋にホープタウンを案内したかったという気持ちもありますが、それを伝えたところで、信じてはいただけないでしょうから
もちろん、純粋にホープタウンを案内したかったという気持ちもありますが、それを伝えたところで、信じてはいただけないでしょうから
恭一
恭一
そうだな
そうだな
恭一
恭一
それで、その事実を掴んでどうするつもりだ？
それで、その事実を掴んでどうするつもりだ？
秀隆
秀隆
ホープタウンを治める唐沢という者はご存知ですね？
ホープタウンを治める唐沢という者はご存知ですね？
恭一
恭一
街の代表だな
街の代表だな
恭一
恭一
特務官のおまえが、こちらの情報を探っていたってことか
特務官のおまえが、こちらの情報を探っていたってことか
秀隆
秀隆
はい。オレは唐沢代表に指示を受け、前から調査していました
はい。オレは唐沢代表に指示を受け、前から調査していました
秀隆
秀隆
あなたが地上時代の生き残りであると分かった今、オレには報告義務があります
あなたが地上時代の生き残りであると分かった今、オレには報告義務があります
秀隆
秀隆
ですが―――ひとつ条件を飲んでいただけると言うなら、
ですが―――ひとつ条件を飲んでいただけると言うなら、
あなたが地上時代の生き残りであると伏せても構いません
あなたが地上時代の生き残りであると伏せても構いません
恭一
恭一
何故そんな条件を提示する。
何故そんな条件を提示する。
おまえは特務官として任務を受けたんだろ
おまえは特務官として任務を受けたんだろ
恭一
恭一
事実を報告する義務があるんじゃないのか？
事実を報告する義務があるんじゃないのか？
秀隆
秀隆
確かにそうです。でも、こちらにも事情がありますので
確かにそうです。でも、こちらにも事情がありますので
恭一
恭一
その条件、言うだけ言ってみろ
その条件、言うだけ言ってみろ
秀隆
秀隆
今から倉屋敷社長にお会いしてください。
今から倉屋敷社長にお会いしてください。
彼女はあなたに会いたがっています
彼女はあなたに会いたがっています
恭一
恭一
……断る、と言ったら？
……断る、と言ったら？
秀隆
秀隆
事実を唐沢代表に報告させていただき、
事実を唐沢代表に報告させていただき、
外交問題として指摘させていただくだけです
外交問題として指摘させていただくだけです
秀隆
秀隆
つまり、生き残りがいると隠蔽した大河内代表の是非を問わせていただくと言うことです
つまり、生き残りがいると隠蔽した大河内代表の是非を問わせていただくと言うことです
恭一
恭一
オレは別に、奴がどうなろうと知ったことじゃない
オレは別に、奴がどうなろうと知ったことじゃない
恋
恋
きょ、恭一さん！？
きょ、恭一さん！？
秀隆
秀隆
それでよろしいのですか？
それでよろしいのですか？
このことが明るみになれば、大河内代表は犯人探しを行います。一体誰が事実を漏らしたのかと
このことが明るみになれば、大河内代表は犯人探しを行います。一体誰が事実を漏らしたのかと
秀隆
秀隆
そうなれば、恐らく責め立てられるのは恋さんになるでしょう
そうなれば、恐らく責め立てられるのは恋さんになるでしょう
恭一
恭一
なるほど。オレを囲うために、その狙いもあったわけだな
なるほど。オレを囲うために、その狙いもあったわけだな
秀隆
秀隆
卑劣な真似をするようで気が引けますが、
卑劣な真似をするようで気が引けますが、
正直あなたとサシでやりあえば、簡単にはいきません。
正直あなたとサシでやりあえば、簡単にはいきません。
それは今までのやり取りで理解していますから
それは今までのやり取りで理解していますから
恭一
恭一
理解ね……
理解ね……
それはどうかな
それはどうかな
秀隆
秀隆
どういう意味です？
どういう意味です？
恭一
恭一
おまえはオレと言う男を測り損ねているってことだ
おまえはオレと言う男を測り損ねているってことだ
びりっと、背中まで突き抜ける殺気を向けられた。
びりっと、背中まで突き抜ける殺気を向けられた。
恭一
恭一
もしも、今この場でオレがお前の口を封じたらどうする？
もしも、今この場でオレがお前の口を封じたらどうする？
恋
恋
な、何をするつもりですか、恭一さん……
な、何をするつもりですか、恭一さん……
恭一
恭一
殺してしまえば、恋が漏らしたという証拠も糞もない
殺してしまえば、恋が漏らしたという証拠も糞もない
秀隆
秀隆
なるほど……確かに、今事実を知っているのはオレだけです
なるほど……確かに、今事実を知っているのはオレだけです
恭一
恭一
おまえの言うように、オレは地上時代の生き残りだ
おまえの言うように、オレは地上時代の生き残りだ
恭一
恭一
存在しない人間を裁くのは簡単じゃないぜ？
存在しない人間を裁くのは簡単じゃないぜ？
秀隆
秀隆
先ほども言いましたが、
先ほども言いましたが、
これでも、あなたのことを理解しているつもりです
これでも、あなたのことを理解しているつもりです
オレの言葉を聞き、恭一さんが後ろを振り返った。
オレの言葉を聞き、恭一さんが後ろを振り返った。
倉屋敷ビルの中から、走り寄ってくる武装した警備の人たち。
倉屋敷ビルの中から、走り寄ってくる武装した警備の人たち。
秀隆
秀隆
あなたが非常に危険な人物なのは、前に見させていただきましたから
あなたが非常に危険な人物なのは、前に見させていただきましたから
秀隆
秀隆
予め手を打たせてもらいました
予め手を打たせてもらいました
警備の人たちが、恭一さんを取り囲む。
警備の人たちが、恭一さんを取り囲む。
恭一
恭一
それでオレを抑え込んだつもりか？
それでオレを抑え込んだつもりか？
武装した警備員たちに囲まれながらも、
武装した警備員たちに囲まれながらも、
恭一さんは焦るどころか、こちらへプレッシャーを放ってくる。
恭一さんは焦るどころか、こちらへプレッシャーを放ってくる。
恭一
恭一
やはり、おまえはオレを理解できていない。
やはり、おまえはオレを理解できていない。
この程度の数が無意味だってことを教えてやろう
この程度の数が無意味だってことを教えてやろう
恋
恋
だ、駄目です恭一さん。争えば大問題になります！
だ、駄目です恭一さん。争えば大問題になります！
恭一
恭一
オレは誰かに踊らされるのが嫌なのさ
オレは誰かに踊らされるのが嫌なのさ
秀隆
秀隆
あなたは、どこまでも自分らしさを貫かれるんですね
あなたは、どこまでも自分らしさを貫かれるんですね
恭一
恭一
それがオレだ
それがオレだ
すっと、流れるように恭一さんの身体が沈んだ。
すっと、流れるように恭一さんの身体が沈んだ。
そして一目散に、オレへとめがけ突っ込んでくる。
そして一目散に、オレへとめがけ突っ込んでくる。
先手で相手の大将首を狙う。
先手で相手の大将首を狙う。
彼のやり方だ。
彼のやり方だ。
恭一さんに狙われれば、
恭一さんに狙われれば、
オレなんかでは攻撃を避けることも適わないだろう。
オレなんかでは攻撃を避けることも適わないだろう。
努力や才能と言う言葉では埋められないほど、彼は強い。
努力や才能と言う言葉では埋められないほど、彼は強い。
だけど対抗する手段が全くないかと言われれば、それはノーだ。
だけど対抗する手段が全くないかと言われれば、それはノーだ。
恭一さんの繰り出された拳を、手のひらで受け止める。
恭一さんの繰り出された拳を、手のひらで受け止める。
恭一
恭一
…………
…………
秀隆
秀隆
ふう。助かったよ
ふう。助かったよ
ユウキ
ユウキ
ユウキ
ユウキ
いきなり殴りかかってくるなんて、物騒な男だなぁ
いきなり殴りかかってくるなんて、物騒な男だなぁ
恭一
恭一
……何者だ、おまえ
……何者だ、おまえ
自らの拳を受け止め、
自らの拳を受け止め、
平然としているユウキに疑問を持つのは当然だ。
平然としているユウキに疑問を持つのは当然だ。
秀隆
秀隆
先ほども言いましたが、オレはあなたを理解しているつもりです
先ほども言いましたが、オレはあなたを理解しているつもりです
秀隆
秀隆
恭一さんを抑える策は張らせて頂いていますよ
恭一さんを抑える策は張らせて頂いていますよ
恭一
恭一
こいつが、その策ってことか
こいつが、その策ってことか
秀隆
秀隆
彼はユウキと言って、倉屋敷重工が作り出した警護用アンドロイドです
彼はユウキと言って、倉屋敷重工が作り出した警護用アンドロイドです
恋
恋
あ、アンドロイド……
あ、アンドロイド……
秀隆
秀隆
いくら恭一さんでも、戦闘に特化したアンドロイドには勝てません
いくら恭一さんでも、戦闘に特化したアンドロイドには勝てません
秀隆
秀隆
これ以上はやめにしませんか。無益な争いになるだけです
これ以上はやめにしませんか。無益な争いになるだけです
恭一
恭一
無益な争いか。それはそれで面白いと思わないか？
無益な争いか。それはそれで面白いと思わないか？
秀隆
秀隆
…………
…………
この人は、どこまで……。
この人は、どこまで……。
アンドロイドが相手だとしても、まるで怯む様子を見せない。
アンドロイドが相手だとしても、まるで怯む様子を見せない。
それどころか、ユウキを倒してしまうんじゃないかと言う想像を呼び起こさせる。
それどころか、ユウキを倒してしまうんじゃないかと言う想像を呼び起こさせる。
恋
恋
恭一さん。やめてください。責任は全て、私にあります
恭一さん。やめてください。責任は全て、私にあります
恋
恋
ここまで騒ぎになった以上、どうにもなりません……
ここまで騒ぎになった以上、どうにもなりません……
恋さんは、恭一さんの前に立ちふさがるようにして、両手を広げた。
恋さんは、恭一さんの前に立ちふさがるようにして、両手を広げた。
強い意志を持って、恭一さんと向かい合う。
強い意志を持って、恭一さんと向かい合う。
恭一
恭一
やれやれ
やれやれ
恭一さんは、ゆっくりと拳を納めた。
恭一さんは、ゆっくりと拳を納めた。
秀隆
秀隆
悪いようにはしません。それはお約束します
悪いようにはしません。それはお約束します
恭一
恭一
倉屋敷とやらの場所に案内しろ
倉屋敷とやらの場所に案内しろ
秀隆
秀隆
はい
はい
ふと、オレは恭一さんの額に汗が浮いていることに気づいた。
ふと、オレは恭一さんの額に汗が浮いていることに気づいた。
この状況下で、知らず知らず焦っていたのだろうか。
この状況下で、知らず知らず焦っていたのだろうか。
いや、そんな風には見えない。
いや、そんな風には見えない。
秀隆
秀隆
どこか具合が悪いんじゃないですか？
どこか具合が悪いんじゃないですか？
恭一
恭一
……別に
……別に
恋
恋
きょ、恭一さん、まさか、また頭痛が―――！？
きょ、恭一さん、まさか、また頭痛が―――！？
慌てて駆け寄り、恋さんは恭一さんの顔を見上げた。
慌てて駆け寄り、恋さんは恭一さんの顔を見上げた。
頭痛？
頭痛？
恭一
恭一
大したことじゃない
大したことじゃない
恋
恋
こ、こんな時までポーカーフェイスにならなくてもいいじゃないですかっ！
こ、こんな時までポーカーフェイスにならなくてもいいじゃないですかっ！
恭一
恭一
いちいちうるせぇな
いちいちうるせぇな
恋
恋
うるさくもなります！
うるさくもなります！
恭一
恭一
うるせえっての
うるせえっての
そう言うと、恭一さんは何を思ったか……。
そう言うと、恭一さんは何を思ったか……。
右手をすっと出すと、恋さんの右胸をわしづかみにした。
右手をすっと出すと、恋さんの右胸をわしづかみにした。
恋
恋
っ！？！？！？！？
っ！？！？！？！？
そして、モミモミと手を動かす。
そして、モミモミと手を動かす。
恋
恋
…………
…………
恭一
恭一
よし、黙り込んだな
よし、黙り込んだな
そう言い、手を離した。
そう言い、手を離した。
その場にペタリと座り込み、蹲る恋さん。
その場にペタリと座り込み、蹲る恋さん。
秀隆
秀隆
な、なんつー人だ、この人は……！
な、なんつー人だ、この人は……！
ユウキ
ユウキ
う……うらやましい！
う……うらやましい！
秀隆
秀隆
いや、そう言うことじゃないから……
いや、そう言うことじゃないから……
恭一さんは警備員とユウキに囲まれ移動する。
恭一さんは警備員とユウキに囲まれ移動する。
万が一、何か行動を起こされたら大事だからだ。
万が一、何か行動を起こされたら大事だからだ。
でも多分、もう暴れることはないだろう。
でも多分、もう暴れることはないだろう。
恭一さんは全部、恋さんのために何とかしようとしていたように
恭一さんは全部、恋さんのために何とかしようとしていたように
思う。
思う。
秀隆
秀隆
あの、大丈夫ですか？
あの、大丈夫ですか？
恋
恋
は、はい。あの、ほんと、
は、はい。あの、ほんと、
見っとも無い姿をお見せしてしまって……
見っとも無い姿をお見せしてしまって……
秀隆
秀隆
無理ないです。人前で、ああいうのをされると
無理ないです。人前で、ああいうのをされると
恋
恋
あの人は、本当にデリカシーがないので……
あの人は、本当にデリカシーがないので……
男としては尊敬したくもなるけど……。
男としては尊敬したくもなるけど……。
恭一
恭一
おまえがうじうじしてたから、元気づけてやったんだよ
おまえがうじうじしてたから、元気づけてやったんだよ
恋
恋
あ、あんな元気づけ方は間違ってます！　最低ですあなたは！
あ、あんな元気づけ方は間違ってます！　最低ですあなたは！
恭一
恭一
何度目の最低なんだか……
何度目の最低なんだか……
恋
恋
お聞きしてもよろしいですか……？
お聞きしてもよろしいですか……？
秀隆
秀隆
何でも聞いてください。彼女は随時募集中です
何でも聞いてください。彼女は随時募集中です
恋
恋
そうではなくて……いつから、恭一さんのことを？
そうではなくて……いつから、恭一さんのことを？
秀隆
秀隆
……ホープタウンの情報収集も、甘くはないってことですね
……ホープタウンの情報収集も、甘くはないってことですね
秀隆
秀隆
何ヶ月か前の段階で、目はつけていました
何ヶ月か前の段階で、目はつけていました
恋
恋
そうでしたか……
そうでしたか……
秀隆
秀隆
でも確信を持ったのは今日です
でも確信を持ったのは今日です
恋
恋
きょ、今日、ですか？
きょ、今日、ですか？
秀隆
秀隆
お二人にお会いするまでは、本当に観光案内しかするつもりは
お二人にお会いするまでは、本当に観光案内しかするつもりは
なかったんですよ
なかったんですよ
恋
恋
私、何か至らないことを言ってしまったでしょうか……？
私、何か至らないことを言ってしまったでしょうか……？
秀隆
秀隆
いえ。恋さんではなく、恭一さんの行動と言葉で確信しました
いえ。恋さんではなく、恭一さんの行動と言葉で確信しました
恭一
恭一
オレの？
オレの？
恭一さん自身、ボロを出したつもりはなかっただろう。
恭一さん自身、ボロを出したつもりはなかっただろう。
秀隆
秀隆
驚かれるのも無理はありません
驚かれるのも無理はありません
秀隆
秀隆
恭一さん。さっきオレと合流したときのことを覚えていますか？
恭一さん。さっきオレと合流したときのことを覚えていますか？
秀隆
秀隆
恭一さんは、あのとき青空を見上げながらこう言ったんです
恭一さんは、あのとき青空を見上げながらこう言ったんです
秀隆
秀隆
まるで本物のようだな、と
まるで本物のようだな、と
秀隆
秀隆
そんなこと、本物の青空を見たことがある人じゃないと絶対に
そんなこと、本物の青空を見たことがある人じゃないと絶対に
言いません
言いません
秀隆
秀隆
だって、青空がどんなものであるのか、
だって、青空がどんなものであるのか、
オレたちは知らないんですから
オレたちは知らないんですから
恋
恋
…………
…………
恭一
恭一
なるほどな。確かにその通りだな。気づかなかったぜ
なるほどな。確かにその通りだな。気づかなかったぜ
エレベーターの前についた。
エレベーターの前についた。
オレたちは立ち止まり、降りてくるのを待つ。
オレたちは立ち止まり、降りてくるのを待つ。
恭一
恭一
今更かもしれないが、さっきの条件を飲ませろ
今更かもしれないが、さっきの条件を飲ませろ
恭一
恭一
オレのことがバレたのは、オレ自身のミスにある。
オレのことがバレたのは、オレ自身のミスにある。
このことで恋が責任を負わされる必要はない
このことで恋が責任を負わされる必要はない
恋
恋
きょ、恭一さん……
きょ、恭一さん……
恭一
恭一
今からオレを調べることに抵抗しないと約束する
今からオレを調べることに抵抗しないと約束する
秀隆
秀隆
大丈夫です。オレは今の段階で、唐沢代表にこのことを報告するつもりはありませんよ
大丈夫です。オレは今の段階で、唐沢代表にこのことを報告するつもりはありませんよ
恋
恋
それは、どうしてですか？　報告すればあなたの手柄になるはずです
それは、どうしてですか？　報告すればあなたの手柄になるはずです
秀隆
秀隆
確かにそうです。でも、それ以上にマイナス要素が大きい
確かにそうです。でも、それ以上にマイナス要素が大きい
秀隆
秀隆
ドリームタウンも、きっと何か情報を掴んでいるんですよね？
ドリームタウンも、きっと何か情報を掴んでいるんですよね？
秀隆
秀隆
ホープタウンにも、地上に関する秘密があることを
ホープタウンにも、地上に関する秘密があることを
恋
恋
それは
それは
オレの口からキズナのことは言えないが、
オレの口からキズナのことは言えないが、
大河内代表含め、こちらに地上の生き残りがいることは知っているはずだ。
大河内代表含め、こちらに地上の生き残りがいることは知っているはずだ。
秀隆
秀隆
でも、向こうは未だ静観している。
でも、向こうは未だ静観している。
それは、これを公にすれば外交戦争が起こり兼ねないからです
それは、これを公にすれば外交戦争が起こり兼ねないからです
どちらも虚偽の契約を交わしたとなれば、世論だって騒ぎ出す。
どちらも虚偽の契約を交わしたとなれば、世論だって騒ぎ出す。
秀隆
秀隆
どちらかが得をするわけでもない話ですから
どちらかが得をするわけでもない話ですから
もちろん、ここにいる恋さんを困らせたくないって気持ちもある。
もちろん、ここにいる恋さんを困らせたくないって気持ちもある。
恭一
恭一
なるほどな
なるほどな
秀隆
秀隆
どうでしょうか、恋さん
どうでしょうか、恋さん
恋
恋
私も……今日、今ここでの出来事は、伏せておきます
私も……今日、今ここでの出来事は、伏せておきます
恋
恋
それがきっと、正しいことに繋がると思いますから
それがきっと、正しいことに繋がると思いますから
秀隆
秀隆
ありがとうございます
ありがとうございます
室内に入ると、倉屋敷社長がこちらを見ていた。
室内に入ると、倉屋敷社長がこちらを見ていた。
いつものようにだらけた印象は感じられない。
いつものようにだらけた印象は感じられない。
ユウキ
ユウキ
連れてきたぜ、かずはちん
連れてきたぜ、かずはちん
和葉
和葉
ご苦労だったな
ご苦労だったな
つかつかと歩いてくると、恭一さんの前で立ち止まる。
つかつかと歩いてくると、恭一さんの前で立ち止まる。
恭一
恭一
このチビが、倉屋敷なのか？
このチビが、倉屋敷なのか？
和葉
和葉
うるせぇよ
うるせぇよ
秀隆
秀隆
うげっ！
うげっ！
倉屋敷社長は、恭一さんの脛を思い切り蹴り飛ばした。
倉屋敷社長は、恭一さんの脛を思い切り蹴り飛ばした。
泣きたいほど痛いであろう急所のはずだが、
泣きたいほど痛いであろう急所のはずだが、
蹴られた恭一さんは表情一つ変えない。
蹴られた恭一さんは表情一つ変えない。
恭一
恭一
で、オレに何を聞きたいんだ？　チビ
で、オレに何を聞きたいんだ？　チビ
秀隆
秀隆
あわわわわあわわ
あわわわわあわわ
ユウキ
ユウキ
こ、怖いもの知らずにも程があるだろ……！
こ、怖いもの知らずにも程があるだろ……！
和葉
和葉
くっくっく。こりゃ、実験しがいのある男みたいだな。
くっくっく。こりゃ、実験しがいのある男みたいだな。
今すぐストレッチャーに乗せろ。それから奥に連れて行け
今すぐストレッチャーに乗せろ。それから奥に連れて行け
恋
恋
あ、あの。恭一さんに何をなさるおつもりなんですか？
あ、あの。恭一さんに何をなさるおつもりなんですか？
和葉
和葉
誰だ？
誰だ？
秀隆
秀隆
恭一さんの彼女、です
恭一さんの彼女、です
和葉
和葉
なに、ちょっとあちこち体をいじくるだけだ。大したことはない
なに、ちょっとあちこち体をいじくるだけだ。大したことはない
秀隆
秀隆
大したことあると思うんですが
大したことあると思うんですが
和葉
和葉
あぁ？
あぁ？
秀隆
秀隆
な、なんでもありません
な、なんでもありません
和葉
和葉
心配するな。五体満足で返してやる
心配するな。五体満足で返してやる
恋
恋
は、はい……
は、はい……
それから、倉屋敷社長とユウキ、そして恭一さんは奥の部屋に消えた。
それから、倉屋敷社長とユウキ、そして恭一さんは奥の部屋に消えた。
恋
恋
大丈夫でしょうか……
大丈夫でしょうか……
秀隆
秀隆
倉屋敷社長は、ああ見えてもちゃんとした人ですから
倉屋敷社長は、ああ見えてもちゃんとした人ですから
秀隆
秀隆
ただ検査を行うだけです
ただ検査を行うだけです
恋
恋
どうして、倉屋敷さんは恭一さんに興味があるのでしょう？
どうして、倉屋敷さんは恭一さんに興味があるのでしょう？
秀隆
秀隆
詳しくはオレにも分かりませんが……
詳しくはオレにも分かりませんが……
秀隆
秀隆
間違ったことをする人じゃない。と、オレは思っています
間違ったことをする人じゃない。と、オレは思っています
恋
恋
わかりました。島津さんを信用します
わかりました。島津さんを信用します
秀隆
秀隆
心が痛いですね。オレは、恋さんを利用したんです
心が痛いですね。オレは、恋さんを利用したんです
秀隆
秀隆
本当なら強く責められても文句は言えません
本当なら強く責められても文句は言えません
恋
恋
島津さんにとっても、必要なことだっただけですよね
島津さんにとっても、必要なことだっただけですよね
恋
恋
ただ手柄だけを考える人だったら、きっと唐沢代表に報告されています
ただ手柄だけを考える人だったら、きっと唐沢代表に報告されています
秀隆
秀隆
……そう言っていただけると嬉しいです
……そう言っていただけると嬉しいです
秀隆
秀隆
遅いですね……
遅いですね……
奥の部屋に入ってから、３時間ほどが経過しようとしていた。
奥の部屋に入ってから、３時間ほどが経過しようとしていた。
恋
恋
ま、まさか……恭一さんが何か悪さをしたのでは……
ま、まさか……恭一さんが何か悪さをしたのでは……
秀隆
秀隆
ユウキが、アンドロイドの警護があるので、それはないと思いますが
ユウキが、アンドロイドの警護があるので、それはないと思いますが
それでも一抹の不安が過ぎってしまうのは確かだ。
それでも一抹の不安が過ぎってしまうのは確かだ。
かといって、許可なく奥へは立ち入れない。
かといって、許可なく奥へは立ち入れない。
se倉屋敷重工（和葉研究室
se倉屋敷重工（和葉研究室
それから、更に３０分ほどして、奥の扉が開いた。
それから、更に３０分ほどして、奥の扉が開いた。
先頭を倉屋敷社長、その後ろを恭一さんとユウキが。
先頭を倉屋敷社長、その後ろを恭一さんとユウキが。
和葉
和葉
全部終わった。五体満足で返してやる
全部終わった。五体満足で返してやる
恋
恋
大丈夫、でしたか？
大丈夫、でしたか？
恭一
恭一
いや……大丈夫じゃない
いや……大丈夫じゃない
恭一さんは、その場に膝から崩れ落ちた。
恭一さんは、その場に膝から崩れ落ちた。
恋
恋
きょ、恭一さん！？
きょ、恭一さん！？
恭一
恭一
この女に、オレのアナルへバイブを突っ込まれた。もう駄目だ……
この女に、オレのアナルへバイブを突っ込まれた。もう駄目だ……
恋
恋
そんな、ひ、ひどい！　……
そんな、ひ、ひどい！　……
そんなわけありませんよね、
そんなわけありませんよね、
恭一さん
恭一さん
恭一
恭一
おまえはオレを信用しないのか？
おまえはオレを信用しないのか？
恋
恋
はい
はい
恭一
恭一
ち。随分と図太くなったじゃねえか
ち。随分と図太くなったじゃねえか
すっくと立ち上がる恭一さん。
すっくと立ち上がる恭一さん。
秀隆
秀隆
それで、どうだったんですか、倉屋敷社長
それで、どうだったんですか、倉屋敷社長
和葉
和葉
追々な
追々な
秀隆
秀隆
…………
…………
何か、思うところがあった、と言うことだろうか。
何か、思うところがあった、と言うことだろうか。
ともかく、オレは改めて二人に言わなければならない。
ともかく、オレは改めて二人に言わなければならない。
秀隆
秀隆
お二人とも、すみませんでした！
お二人とも、すみませんでした！
オレは二人に向かって、深々と頭を下げた。
オレは二人に向かって、深々と頭を下げた。
秀隆
秀隆
折角ホープタウンを楽しみに旅行に来たのに……
折角ホープタウンを楽しみに旅行に来たのに……
オレはそれを利用して、不快な思いをさせてしまいました……
オレはそれを利用して、不快な思いをさせてしまいました……
秀隆
秀隆
本当に申し訳ありません……
本当に申し訳ありません……
恋
恋
そんな……頭を上げてください島津さん。
そんな……頭を上げてください島津さん。
あなたが悪いことは何もありません
あなたが悪いことは何もありません
恭一
恭一
いや悪いだろ。折角の旅行気分が台無
いや悪いだろ。折角の旅行気分が台無
なんでもない
なんでもない
一瞬、恋さんが強烈に睨みつけると、
一瞬、恋さんが強烈に睨みつけると、
たじろいだ恭一さんが口を閉じた。
たじろいだ恭一さんが口を閉じた。
和葉
和葉
あたしが連れてくるよう、こいつに命令してたんだよ。
あたしが連れてくるよう、こいつに命令してたんだよ。
もし地上の生き残りならサンプルデータが欲しいってな
もし地上の生き残りならサンプルデータが欲しいってな
恋
恋
そうでしたか……
そうでしたか……
秀隆
秀隆
え、今のって社長なりの助け舟みたいなものですか？
え、今のって社長なりの助け舟みたいなものですか？
和葉
和葉
事実を言っただけだ
事実を言っただけだ
秀隆
秀隆
社長……
社長……
秀隆
秀隆
社長にも、人間の血が流れていたんですね……
社長にも、人間の血が流れていたんですね……
和葉
和葉
殺すぞ？
殺すぞ？
秀隆
秀隆
オレの血を流そうとしないで下さい！
オレの血を流そうとしないで下さい！
恭一
恭一
やれやれ。騒がしい連中だ
やれやれ。騒がしい連中だ
そういい、恭一さんは椅子に腰を下ろした。
そういい、恭一さんは椅子に腰を下ろした。
恭一
恭一
折角足を運んだんだ、茶くらい出してもらおうか
折角足を運んだんだ、茶くらい出してもらおうか
和葉
和葉
どんだけ上から目線なんだ、おまえは
どんだけ上から目線なんだ、おまえは
恭一
恭一
おまえはチビのくせに上から目線なんだな。傑作だ
おまえはチビのくせに上から目線なんだな。傑作だ
和葉
和葉
あぁ？
あぁ？
恭一
恭一
あぁ？
あぁ？
恭一さんと倉屋敷社長のにらみ合い。
恭一さんと倉屋敷社長のにらみ合い。
これほど物騒なことはないぞ……。
これほど物騒なことはないぞ……。
秀隆
秀隆
ゆ、ユウキくん、皆の分のお茶を
ゆ、ユウキくん、皆の分のお茶を
ユウキ
ユウキ
イエッサ！
イエッサ！
恋
恋
すみません……うちの恭一さんがご迷惑をおかけしまして
すみません……うちの恭一さんがご迷惑をおかけしまして
恭一
恭一
うちの？　おいおい、いつから勝手に女房気取りなんだ
うちの？　おいおい、いつから勝手に女房気取りなんだ
恋
恋
わ、私は別に女房気取りになったつもりなんて！
わ、私は別に女房気取りになったつもりなんて！
恭一
恭一
一回セックスしたくらいでしがみ付かれたらたまったもんじゃないな
一回セックスしたくらいでしがみ付かれたらたまったもんじゃないな
恋
恋
…………
…………
ピタリと、恋さんの身体が硬直する。
ピタリと、恋さんの身体が硬直する。
それは羞恥心とか、そう言うことでじゃない。
それは羞恥心とか、そう言うことでじゃない。
恋さんは無言で歩き出すと、
恋さんは無言で歩き出すと、
テーブルに置かれてあった基板のようなものを握り締める。
テーブルに置かれてあった基板のようなものを握り締める。
和葉
和葉
おい。それはあたしが作った新型アンドロイドの基板だぞ
おい。それはあたしが作った新型アンドロイドの基板だぞ
そして、その基板を
そして、その基板を
se投げる（「ぶんっ」）0
se投げる（「ぶんっ」）0
se物を壊す (1
se物を壊す (1
思い切り恭一さんの頭に振り下ろした。
思い切り恭一さんの頭に振り下ろした。
恋
恋
デリカシーの欠片もない、サイテーのクズ男です！　あなたは！
デリカシーの欠片もない、サイテーのクズ男です！　あなたは！
目の端に涙を溜め、部屋を飛び出していく。
目の端に涙を溜め、部屋を飛び出していく。
秀隆
秀隆
れ、恋さん！
れ、恋さん！
恭一
恭一
……あいつ、こんなもんで普通思い切り殴るか？　下手したら
……あいつ、こんなもんで普通思い切り殴るか？　下手したら
死ぬぞ
死ぬぞ
頭が切れたのか、ドクドクと額を血が流れていた。
頭が切れたのか、ドクドクと額を血が流れていた。
和葉
和葉
半日かけて作った基板が……
半日かけて作った基板が……
倉屋敷社長は、ボロボロになった基板を見下ろして、小さく呟いた。
倉屋敷社長は、ボロボロになった基板を見下ろして、小さく呟いた。
秀隆
秀隆
全面的に悪いのは恭一さんじゃないでしょうか……？
全面的に悪いのは恭一さんじゃないでしょうか……？
オレは冷静にジャッジする。
オレは冷静にジャッジする。
恭一
恭一
オレが？　何故に
オレが？　何故に
秀隆
秀隆
何故って……こういうとこで言う言葉じゃないっていうか
何故って……こういうとこで言う言葉じゃないっていうか
恭一
恭一
セックスがか？　んな大したもんでもないだろ。なあチビ
セックスがか？　んな大したもんでもないだろ。なあチビ
和葉
和葉
テメェ、殺すぞ？　おまえのあほな発言のせいで基板が粉々だ
テメェ、殺すぞ？　おまえのあほな発言のせいで基板が粉々だ
恭一
恭一
あ？　やるならいつでもやってやろうか？
あ？　やるならいつでもやってやろうか？
秀隆
秀隆
ちょっとちょっとちょっと！　すぐ臨戦態勢にならんでください！
ちょっとちょっとちょっと！　すぐ臨戦態勢にならんでください！
秀隆
秀隆
ユウキもきょろきょろしてないで止めてくれよ！
ユウキもきょろきょろしてないで止めてくれよ！
ユウキ
ユウキ
あれ、恋ちゃんは？　俺の恋ちゃんはどこに？
あれ、恋ちゃんは？　俺の恋ちゃんはどこに？
秀隆
秀隆
いつからユウキのになったんだ……
いつからユウキのになったんだ……
こりゃ、大変な面子が揃ったもんだ。
こりゃ、大変な面子が揃ったもんだ。
恭一
恭一
それで、オレに関する興味深いデータは取れたのか？
それで、オレに関する興味深いデータは取れたのか？
和葉
和葉
詳細な結果はもう少し後で出る。今はいろいろとチェック中だ
詳細な結果はもう少し後で出る。今はいろいろとチェック中だ
恭一
恭一
オレ自身、自分の過去には興味がないわけじゃない。
オレ自身、自分の過去には興味がないわけじゃない。
何かわかるようなら知っておくのも一興だと思ってる
何かわかるようなら知っておくのも一興だと思ってる
和葉
和葉
あと２時間もすれば、全ての答えが出るはずだ
あと２時間もすれば、全ての答えが出るはずだ
恭一
恭一
なら、それまで待たせてもらっても？
なら、それまで待たせてもらっても？
和葉
和葉
好きにしな
好きにしな
和葉
和葉
しかし、個人的におまえの状態には気になる点が多い。
しかし、個人的におまえの状態には気になる点が多い。
例えば身体の至るところに出来た傷なんかがそうだ
例えば身体の至るところに出来た傷なんかがそうだ
秀隆
秀隆
傷、ですか……
傷、ですか……
和葉
和葉
銃創という奴だな
銃創という奴だな
秀隆
秀隆
じゅう、そう？
じゅう、そう？
和葉
和葉
馴染みがなくても無理はない。
馴染みがなくても無理はない。
拳銃なんてこの地下社会でお目にかかることは早々あるもんじゃない
拳銃なんてこの地下社会でお目にかかることは早々あるもんじゃない
恭一
恭一
記憶を失う前のオレのことだ。理由なんて知らねぇよ
記憶を失う前のオレのことだ。理由なんて知らねぇよ
和葉
和葉
あたしが知りたいのはそこじゃない。
あたしが知りたいのはそこじゃない。
消そうと思えば消せる傷を何故消さないのかだ。
消そうと思えば消せる傷を何故消さないのかだ。
記憶がないのなら、尚更不要なものだろ
記憶がないのなら、尚更不要なものだろ
恭一
恭一
さぁな。少なくとも傷を消せば、過去のオレは完全に消える
さぁな。少なくとも傷を消せば、過去のオレは完全に消える
恭一
恭一
それを否定したかった、んじゃないか？
それを否定したかった、んじゃないか？
ユウキ
ユウキ
なんとなく分かるね、その気持ち
なんとなく分かるね、その気持ち
恭一
恭一
アンドロイドに分かると？
アンドロイドに分かると？
ユウキ
ユウキ
俺もさ、地上時代からずっと生きてるアンドロイドなんだよ。
俺もさ、地上時代からずっと生きてるアンドロイドなんだよ。
でさ、なんつーか、ここに過去の記憶が詰まってたんだ
でさ、なんつーか、ここに過去の記憶が詰まってたんだ
胸にかけられたペンダント。
胸にかけられたペンダント。
ユウキ
ユウキ
もう思い出すことは出来ないってわかってても、
もう思い出すことは出来ないってわかってても、
これを肌身離さず身につけてるのは、
これを肌身離さず身につけてるのは、
やっぱり過去の自分を捨てたくないからなんだよな
やっぱり過去の自分を捨てたくないからなんだよな
恭一
恭一
…………
…………
恭一さんは、興味深い視線でそのペンダントを見ていた。
恭一さんは、興味深い視線でそのペンダントを見ていた。
ユウキ
ユウキ
恭一って言ったっけ。なんか、
恭一って言ったっけ。なんか、
同じ地上時代の存在って分かったからなんかな、初めて会った
同じ地上時代の存在って分かったからなんかな、初めて会った
気がしないぜ
気がしないぜ
恭一
恭一
男に言われても嬉しくはないセリフだ
男に言われても嬉しくはないセリフだ
ユウキ
ユウキ
ははは、そりゃ確かに
ははは、そりゃ確かに
ユウキ
ユウキ
とりあえず、自己紹介が遅れたけど、俺はユウキってんだ。
とりあえず、自己紹介が遅れたけど、俺はユウキってんだ。
よろしく
よろしく
恭一
恭一
…………
…………
てっきり、恭一さんは無視すると思ったけど、
てっきり、恭一さんは無視すると思ったけど、
その差し出された手を、ゆっくりと握り返した。
その差し出された手を、ゆっくりと握り返した。
恭一
恭一
オレは恭一だ
オレは恭一だ
ユウキ
ユウキ
なはは。またこれで友達が一人増えたぜ
なはは。またこれで友達が一人増えたぜ
秀隆
秀隆
ある意味凄いやつだよ、おまえって
ある意味凄いやつだよ、おまえって
普通なら色々と警戒しそうなものだけど、
普通なら色々と警戒しそうなものだけど、
ユウキは嬉しそうに笑った。
ユウキは嬉しそうに笑った。
恭一
恭一
結果まで時間があるなら、オレはあの女を捜しに行く
結果まで時間があるなら、オレはあの女を捜しに行く
秀隆
秀隆
自分も手伝います。こうなった責任がありますので
自分も手伝います。こうなった責任がありますので
恭一
恭一
当然だな
当然だな
ユウキ
ユウキ
おっしゃ、俺も手伝うぜ
おっしゃ、俺も手伝うぜ
和葉
和葉
おまえは奥の片づけだ
おまえは奥の片づけだ
ユウキ
ユウキ
うげ、まじかよ
うげ、まじかよ
和葉
和葉
あぁ？
あぁ？
ユウキ
ユウキ
喜んでやらせていただきます！
喜んでやらせていただきます！
ユウキ
ユウキ
それじゃ、残念だけどまたな
それじゃ、残念だけどまたな
恭一
恭一
…………
…………
恭一
恭一
島津だったな
島津だったな
秀隆
秀隆
はい
はい
恭一
恭一
こっちの街にも、オレと同じ地上時代の生き残りが居る、そうだな？
こっちの街にも、オレと同じ地上時代の生き残りが居る、そうだな？
秀隆
秀隆
それは、自分の口からは申し上げることが出来ません
それは、自分の口からは申し上げることが出来ません
恭一
恭一
オレとそいつを会わせろ
オレとそいつを会わせろ
秀隆
秀隆
どういうお考えですか？
どういうお考えですか？
恭一
恭一
単純に興味本位だ。同じ時代の人間なら話も合うかもしれないだろ
単純に興味本位だ。同じ時代の人間なら話も合うかもしれないだろ
秀隆
秀隆
お気持ちはわかりましたが、やはりお答えしかねます
お気持ちはわかりましたが、やはりお答えしかねます
恭一
恭一
役人らしい答えだ
役人らしい答えだ
恋さんは、倉屋敷の敷地内にいた。
恋さんは、倉屋敷の敷地内にいた。
壁にもたれ、座り込んでいる。
壁にもたれ、座り込んでいる。
恭一
恭一
なにふてくされてんだ
なにふてくされてんだ
恋
恋
っ……何しに来たんですか、最低の人
っ……何しに来たんですか、最低の人
恭一
恭一
最低ねぇ
最低ねぇ
恭一
恭一
そんなにオレの言ったことは悪いことだったのか？
そんなにオレの言ったことは悪いことだったのか？
恋
恋
そんなこともわからない人には、何を言っても無駄です
そんなこともわからない人には、何を言っても無駄です
恭一
恭一
やれやれ
やれやれ
恭一さんは、恋さんの隣に腰を下ろした。
恭一さんは、恋さんの隣に腰を下ろした。
恋
恋
座らないでください
座らないでください
恭一
恭一
オレの勝手だ
オレの勝手だ
恋
恋
最低です……
最低です……
恭一
恭一
知るか
知るか
恋
恋
…………
…………
秀隆
秀隆
オレ、上で待ってますね
オレ、上で待ってますね
なんだかんだ、お似合いの二人だった。
なんだかんだ、お似合いの二人だった。
オレがここに居るだけ、野暮ってものだろう。
オレがここに居るだけ、野暮ってものだろう。
逃げ出すような心配もないだろうし。
逃げ出すような心配もないだろうし。
se倉屋敷重工（和葉研究室
se倉屋敷重工（和葉研究室
倉屋敷社長の言うように、２時間ちょうどで結果が出た。
倉屋敷社長の言うように、２時間ちょうどで結果が出た。
ファイルを持って、倉屋敷社長が出て来た。
ファイルを持って、倉屋敷社長が出て来た。
和葉
和葉
待たせたな
待たせたな
恭一
恭一
それで、何かわかったのか？
それで、何かわかったのか？
和葉
和葉
今からデータを見るところだ
今からデータを見るところだ
seめくる (1
seめくる (1
ペラペラと印刷された紙に目を通す。
ペラペラと印刷された紙に目を通す。
恭一
恭一
この女は、アンドロイド分野が専門なんだろ？
この女は、アンドロイド分野が専門なんだろ？
秀隆
秀隆
はい。でもその他の分野においても、超がつく天才です
はい。でもその他の分野においても、超がつく天才です
恋
恋
倉屋敷は、ドリームタウンよりも数十年技術が進んでいる、と聞いています
倉屋敷は、ドリームタウンよりも数十年技術が進んでいる、と聞いています
恭一
恭一
はぁん……そんなに凄いのか
はぁん……そんなに凄いのか
秀隆
秀隆
それで社長、結果は？
それで社長、結果は？
和葉
和葉
うるせえな。黙って待てよ
うるせえな。黙って待てよ
バシャッ。
バシャッ。
秀隆
秀隆
熱っ！！
熱っ！！
秀隆
秀隆
アツアツのコーヒーをぶっかけないでくださいよ！
アツアツのコーヒーをぶっかけないでくださいよ！
恭一
恭一
バカなやりとりしてないでさっさと教えろチビ
バカなやりとりしてないでさっさと教えろチビ
和葉
和葉
テメェもうるさい
テメェもうるさい
バシャッ。
バシャッ。
恋
恋
わ！？
わ！？
秀隆
秀隆
うげ……
うげ……
倉屋敷社長は容赦なく、恭一さんにもコーヒーをぶっかけた。
倉屋敷社長は容赦なく、恭一さんにもコーヒーをぶっかけた。
恭一
恭一
……やってくれるじゃねえか
……やってくれるじゃねえか
凄く熱いのにまったく動じない……。
凄く熱いのにまったく動じない……。
和葉
和葉
こりゃ……は、嘘だろ？
こりゃ……は、嘘だろ？
珍しく、倉屋敷社長が慌てた様子を見せる。
珍しく、倉屋敷社長が慌てた様子を見せる。
和葉
和葉
……あたしが計算をミスったか？　んなのは絶対ありえねぇ……
……あたしが計算をミスったか？　んなのは絶対ありえねぇ……
和葉
和葉
ってことは……
ってことは……
書類と、恭一さんを交互に見比べる。
書類と、恭一さんを交互に見比べる。
秀隆
秀隆
な、何か凄いことでも分かったんですか？
な、何か凄いことでも分かったんですか？
和葉
和葉
……ちょっと待て。確実な裏を取る
……ちょっと待て。確実な裏を取る
そう言い、ふたたび席を立った。
そう言い、ふたたび席を立った。
恭一
恭一
まだ待たせるつもりか
まだ待たせるつもりか
和葉
和葉
緊急事態なんだよ糞野郎
緊急事態なんだよ糞野郎
秀隆
秀隆
緊急事態って……
緊急事態って……
和葉
和葉
キズナをここに呼べ
キズナをここに呼べ
有無を言わせない迫力で、短くそう言う。
有無を言わせない迫力で、短くそう言う。
秀隆
秀隆
わ、わかりました
わ、わかりました
オレはキズナの携帯に連絡を入れた後、キズナの到着を待つ。
オレはキズナの携帯に連絡を入れた後、キズナの到着を待つ。
恋
恋
あの……どなたがいらっしゃるんですか？
あの……どなたがいらっしゃるんですか？
正直、恭一さんのことを見られるのは……
正直、恭一さんのことを見られるのは……
秀隆
秀隆
あー……
あー……
和葉
和葉
心配すんな。今からくるキズナってのも、地上の生き残りだ
心配すんな。今からくるキズナってのも、地上の生き残りだ
秀隆
秀隆
ちょ、倉屋敷社長！？
ちょ、倉屋敷社長！？
和葉
和葉
いいんだよ
いいんだよ
秀隆
秀隆
い、いいって……
い、いいって……
恭一
恭一
そりゃいい。オレも会いたいと思ってたところだ
そりゃいい。オレも会いたいと思ってたところだ
恋
恋
す、凄いことになりそうですね……
す、凄いことになりそうですね……
秀隆
秀隆
すごいってか、何考えてるんだ……
すごいってか、何考えてるんだ……
例え存在がドリームタウンにばれているとしても、
例え存在がドリームタウンにばれているとしても、
キズナの姿を二人の前に晒すのはリスクしかない。
キズナの姿を二人の前に晒すのはリスクしかない。
キズナ
キズナ
こんにちはですっ
こんにちはですっ
３０分ほどして、キズナが到着してしまった。
３０分ほどして、キズナが到着してしまった。
恋
恋
……この子が、地上の生き残り……なんですか？
……この子が、地上の生き残り……なんですか？
和葉
和葉
そうだ。名前はキズナ
そうだ。名前はキズナ
キズナ
キズナ
初めまして。私キズナです。あれ、でもいいんですか？
初めまして。私キズナです。あれ、でもいいんですか？
和葉
和葉
構わん。そっちの男もおまえと同じだ
構わん。そっちの男もおまえと同じだ
キズナ
キズナ
同じ……
同じ……
キズナが恭一さんをマジマジと見つめる。
キズナが恭一さんをマジマジと見つめる。
キズナ
キズナ
地上の人ですか？
地上の人ですか？
恭一
恭一
ああ
ああ
キズナ
キズナ
なんとなんと！　こんな感じでお会いするとは思ってもいませんでしたっ！
なんとなんと！　こんな感じでお会いするとは思ってもいませんでしたっ！
飛び跳ね、オレの隣にばっと腰を下ろした。
飛び跳ね、オレの隣にばっと腰を下ろした。
キズナ
キズナ
お名前は何というんですかっ？
お名前は何というんですかっ？
恭一
恭一
阿倍野小路清麿だ
阿倍野小路清麿だ
恋
恋
さらっとひどい嘘をつかないでください。
さらっとひどい嘘をつかないでください。
この人は恭一っていいます
この人は恭一っていいます
キズナ
キズナ
恭一さん。えと、可愛いあなたは？
恭一さん。えと、可愛いあなたは？
恋
恋
か、可愛い？
か、可愛い？
恭一
恭一
子供のお世辞だ。真に受けるな
子供のお世辞だ。真に受けるな
恋
恋
わ、わかっていますっ。
わ、わかっていますっ。
私は長谷川恋と言います。よろしくね
私は長谷川恋と言います。よろしくね
キズナ
キズナ
はい、よろしくですっ
はい、よろしくですっ
秀隆
秀隆
自己紹介は終わったみたいですけど……
自己紹介は終わったみたいですけど……
和葉
和葉
そうか
そうか
倉屋敷社長は、まだデータと睨めっこしていた。
倉屋敷社長は、まだデータと睨めっこしていた。
気づけば資料が３倍に膨れ上がっている。
気づけば資料が３倍に膨れ上がっている。
秀隆
秀隆
あれ？
あれ？
ふと、倉屋敷社長の腕にガーゼが。
ふと、倉屋敷社長の腕にガーゼが。
秀隆
秀隆
それ、さっきまでありませんでしたよね？
それ、さっきまでありませんでしたよね？
和葉
和葉
血ぃ抜いた
血ぃ抜いた
秀隆
秀隆
な、なんでまたこのタイミングで
な、なんでまたこのタイミングで
和葉
和葉
……よし
……よし
バタン、と厚い書類を置く。
バタン、と厚い書類を置く。
和葉
和葉
まず最初に、おまえの身体から地上に関する手がかりは得られなかった
まず最初に、おまえの身体から地上に関する手がかりは得られなかった
和葉
和葉
ま、元々人体から何かが出る可能性も低かったから、驚きもないがな
ま、元々人体から何かが出る可能性も低かったから、驚きもないがな
秀隆
秀隆
手がかりはなかったのに、キズナを呼び寄せたんですか？
手がかりはなかったのに、キズナを呼び寄せたんですか？
和葉
和葉
今回は、ぶっちゃけ身内トークだ。地上は関係ない
今回は、ぶっちゃけ身内トークだ。地上は関係ない
秀隆
秀隆
は？　身内トーク？
は？　身内トーク？
和葉
和葉
あたしは回りくどいのは嫌いだから、そのまま伝える
あたしは回りくどいのは嫌いだから、そのまま伝える
和葉
和葉
おまえ
おまえ
ビッと恭一さんを指さす。
ビッと恭一さんを指さす。
和葉
和葉
おまえ
おまえ
そして今度は、キズナを指さす。
そして今度は、キズナを指さす。
和葉
和葉
親子だ
親子だ
恭一
恭一
…………
…………
恋
恋
…………
…………
秀隆
秀隆
…………
…………
キズナ
キズナ
…………
…………
もちろん、突然のカミングアウトに、全員がフリーズする。
もちろん、突然のカミングアウトに、全員がフリーズする。
秀隆
秀隆
え……
え……
恋
恋
ええええええええええええええええっ！？
ええええええええええええええええっ！？
秀隆
秀隆
おおお、親子、親子ってどういうことですか！？
おおお、親子、親子ってどういうことですか！？
和葉
和葉
どういうこともなにも、検査もろもろの結果のことだ
どういうこともなにも、検査もろもろの結果のことだ
キズナ
キズナ
わ、私のお兄さん、じゃなくて、お父さん？
わ、私のお兄さん、じゃなくて、お父さん？
和葉
和葉
親子だからな。そういうことになる
親子だからな。そういうことになる
秀隆
秀隆
ちょ待ってください。だって、恭一さんの年齢は……
ちょ待ってください。だって、恭一さんの年齢は……
言いかけて、オレは自分で気づく。
言いかけて、オレは自分で気づく。
和葉
和葉
コールドスリープしたんだったら、何の不思議もない
コールドスリープしたんだったら、何の不思議もない
秀隆
秀隆
そうか……
そうか……
恭一さんが冷凍保存された後も、キズナが活動していたのなら説明はつく。
恭一さんが冷凍保存された後も、キズナが活動していたのなら説明はつく。
秀隆
秀隆
で、でもそんな偶然、ありえるんですか……
で、でもそんな偶然、ありえるんですか……
和葉
和葉
全然あるだろ。同じ施設に眠ってたんだ。
全然あるだろ。同じ施設に眠ってたんだ。
近しい人間が一緒に眠っていたとしても不思議じゃない
近しい人間が一緒に眠っていたとしても不思議じゃない
和葉
和葉
恐らく、おまえもセムフェリナにかかっていたんだろうな
恐らく、おまえもセムフェリナにかかっていたんだろうな
恭一
恭一
聞いた名前だ。オレが記憶をなくす前にかかった病気と記憶している
聞いた名前だ。オレが記憶をなくす前にかかった病気と記憶している
和葉
和葉
あれは親から子に遺伝する
あれは親から子に遺伝する
キズナ
キズナ
な、なんだかとんでもないことになりましたっ
な、なんだかとんでもないことになりましたっ
恋
恋
きょ、恭一さん……子供、いたんですね……
きょ、恭一さん……子供、いたんですね……
恭一
恭一
オレの記憶には当然ないけどな
オレの記憶には当然ないけどな
キズナ
キズナ
そうなんですか？
そうなんですか？
和葉
和葉
こいつもおまえと同じで記憶がない。
こいつもおまえと同じで記憶がない。
いや、重度で言えば、圧倒的にお前よりもひどいな
いや、重度で言えば、圧倒的にお前よりもひどいな
和葉
和葉
たまに頭痛があるだろ
たまに頭痛があるだろ
恭一
恭一
……ああ
……ああ
頭痛？　そう言えば、さっきも恋さんが言ってたっけ。
頭痛？　そう言えば、さっきも恋さんが言ってたっけ。
和葉
和葉
脳の一部が欠損してるからな、無理もない
脳の一部が欠損してるからな、無理もない
キズナ
キズナ
それは大丈夫なんですか？
それは大丈夫なんですか？
和葉
和葉
手の施しようはない
手の施しようはない
秀隆
秀隆
命に係わるとか？
命に係わるとか？
和葉
和葉
頭痛の痛みは、恐らく想像の遥か上だ。痛みのせいで死ぬことはありえる
頭痛の痛みは、恐らく想像の遥か上だ。痛みのせいで死ぬことはありえる
秀隆
秀隆
…………
…………
恭一
恭一
生憎と、オレは痛みに強い身体みたいでな
生憎と、オレは痛みに強い身体みたいでな
和葉
和葉
ここで元気にしてるところをみると、そのようだな
ここで元気にしてるところをみると、そのようだな
秀隆
秀隆
いや、でも……こんなことがあるなんて……
いや、でも……こんなことがあるなんて……
和葉
和葉
だが親子とわかったところで、それほど意味はない。
だが親子とわかったところで、それほど意味はない。
どっちも記憶が蘇ることもないんだ。半分他人みたいなもんだろ
どっちも記憶が蘇ることもないんだ。半分他人みたいなもんだろ
恭一
恭一
そうだな
そうだな
キズナ
キズナ
わ、あっさり捨てられちゃいました
わ、あっさり捨てられちゃいました
恋
恋
ひ、ひどいこと言っちゃだめですよ！
ひ、ひどいこと言っちゃだめですよ！
恭一
恭一
ひどい？　普通のことだろ
ひどい？　普通のことだろ
恭一
恭一
オレはもう別の人生を歩みはじめてる。こいつもだ
オレはもう別の人生を歩みはじめてる。こいつもだ
恭一
恭一
今更親子だとわかったからって、一緒に暮せとでも？
今更親子だとわかったからって、一緒に暮せとでも？
恋
恋
それは……そうですけど……
それは……そうですけど……
キズナ
キズナ
えと、さすがにおとーさんと呼ぶのは、あれですよね？
えと、さすがにおとーさんと呼ぶのは、あれですよね？
恭一
恭一
やめろ
やめろ
キズナ
キズナ
じゃあ、あだ名で呼ぶことにしますっ
じゃあ、あだ名で呼ぶことにしますっ
出たよ。
出たよ。
こんな時でもそう持っていけるのはキズナの強さだな。
こんな時でもそう持っていけるのはキズナの強さだな。
キズナ
キズナ
かーくん、でどうでしょうか！
かーくん、でどうでしょうか！
秀隆
秀隆
かーくん？　なんで？
かーくん？　なんで？
キズナ
キズナ
あれ？　なんででしょう。間違えました
あれ？　なんででしょう。間違えました
キズナ
キズナ
恭一さんだから、眼光くんですね
恭一さんだから、眼光くんですね
秀隆
秀隆
が、眼光くん？
が、眼光くん？
キズナ
キズナ
はい。何か人を平気で殺しそうなくらい怖い目をしてますっ
はい。何か人を平気で殺しそうなくらい怖い目をしてますっ
恋
恋
それは……言えてますね
それは……言えてますね
恭一
恭一
こんな穏やかなイケメンを捕まえて、よく言うぜ
こんな穏やかなイケメンを捕まえて、よく言うぜ
秀隆
秀隆
幾らなんでも眼光君は……呼びづらいだろ
幾らなんでも眼光君は……呼びづらいだろ
キズナ
キズナ
じゃあおとーさんにしますね
じゃあおとーさんにしますね
恭一
恭一
…………
…………
秀隆
秀隆
そりゃ、そう呼ぶのが一番なのかも知れないけど……
そりゃ、そう呼ぶのが一番なのかも知れないけど……
にしても、マジか。
にしても、マジか。
未だに信じられないと言うか、何と言うか。
未だに信じられないと言うか、何と言うか。
和葉
和葉
感動の再会は終わったな
感動の再会は終わったな
秀隆
秀隆
どこにも感動らしさはありませんでしたけど……
どこにも感動らしさはありませんでしたけど……
和葉
和葉
もう一つ報告することがある
もう一つ報告することがある
秀隆
秀隆
ま、まだあるんですか？
ま、まだあるんですか？
和葉
和葉
おまえ
おまえ
再び、倉屋敷社長は恭一さんを指さした。
再び、倉屋敷社長は恭一さんを指さした。
和葉
和葉
おまえ
おまえ
そして、次にキズナに。
そして、次にキズナに。
和葉
和葉
あたし
あたし
最後に自分。
最後に自分。
和葉
和葉
祖先と子孫
祖先と子孫
恭一
恭一
…………
…………
恋
恋
…………
…………
秀隆
秀隆
…………
…………
キズナ
キズナ
…………
…………
またもわけのわからないことに、フリーズする全員。
またもわけのわからないことに、フリーズする全員。
秀隆
秀隆
す、すいません、今回は事態が呑み込めなくて叫べないです
す、すいません、今回は事態が呑み込めなくて叫べないです
和葉
和葉
あたしの身体には、この男の血が流れてる。
あたしの身体には、この男の血が流れてる。
んで、この男の娘であるキズナとも、必然的に関係性がある
んで、この男の娘であるキズナとも、必然的に関係性がある
秀隆
秀隆
ま、マジ……っすか？
ま、マジ……っすか？
和葉
和葉
んなことで嘘ついても仕方ないだろ
んなことで嘘ついても仕方ないだろ
和葉
和葉
元々キズナを調べた時に、
元々キズナを調べた時に、
あたしと関係があるのはわかってたけどな
あたしと関係があるのはわかってたけどな
キズナ
キズナ
そ、そうなんですか？
そ、そうなんですか？
和葉
和葉
ああ。だが、母親は別だな
ああ。だが、母親は別だな
恭一
恭一
え、なに。おまえオレの子孫？
え、なに。おまえオレの子孫？
和葉
和葉
そういうことだ
そういうことだ
恭一
恭一
こりゃたまげたな
こりゃたまげたな
恋
恋
……はう
……はう
その場にうつ伏せになる恋さん。
その場にうつ伏せになる恋さん。
キズナ
キズナ
今日は驚きの連続です！
今日は驚きの連続です！
キズナ
キズナ
てことは、おとーさんはヤリチンさんなんですかっ？
てことは、おとーさんはヤリチンさんなんですかっ？
恭一
恭一
オレのようなシャイボーイになんてことを言うガキだ
オレのようなシャイボーイになんてことを言うガキだ
恋
恋
どこがシャイボーイですか……絶対そうに決まってます
どこがシャイボーイですか……絶対そうに決まってます
恭一
恭一
睨み付けてもなにもでねぇぞ
睨み付けてもなにもでねぇぞ
恋
恋
……知りませんっ
……知りませんっ
和葉
和葉
ま、今日あたしが言いたかったのはそれで終わりだ
ま、今日あたしが言いたかったのはそれで終わりだ
秀隆
秀隆
倉屋敷社長は何か思うことはないんですか？
倉屋敷社長は何か思うことはないんですか？
和葉
和葉
思うこと？　別に。事実には驚いたが、それだけだ
思うこと？　別に。事実には驚いたが、それだけだ
和葉
和葉
しかし……ユウキは席を外させて正解だった
しかし……ユウキは席を外させて正解だった
秀隆
秀隆
そういえば、ユウキがいませんね
そういえば、ユウキがいませんね
和葉
和葉
下手したら、あいつも関係者だからな……
下手したら、あいつも関係者だからな……
秀隆
秀隆
え？
え？
和葉
和葉
なんでもねーよ。どうせもう意味のないことだ
なんでもねーよ。どうせもう意味のないことだ
和葉
和葉
以上、解散
以上、解散
外に出ると、既に消灯時刻が過ぎてしまっていた。
外に出ると、既に消灯時刻が過ぎてしまっていた。
秀隆
秀隆
これじゃ観光は難しいですね……
これじゃ観光は難しいですね……
恋
恋
私は凄く疲れたので……もう観光はいいです
私は凄く疲れたので……もう観光はいいです
どうやら、恭一さんの過去を知ってお疲れのようだ。
どうやら、恭一さんの過去を知ってお疲れのようだ。
恭一
恭一
別に関係ないだろ。誰と誰の血が繋がっていようが。今は他人だ
別に関係ないだろ。誰と誰の血が繋がっていようが。今は他人だ
秀隆
秀隆
それは、ちょっと言い過ぎじゃないですか？
それは、ちょっと言い過ぎじゃないですか？
秀隆
秀隆
例え記憶がなくても、親子って言う事実は残ります
例え記憶がなくても、親子って言う事実は残ります
恭一
恭一
オレはオレのことにしか興味がない
オレはオレのことにしか興味がない
秀隆
秀隆
でも……
でも……
キズナ
キズナ
私はそれでいいと思います
私はそれでいいと思います
キズナ
キズナ
おとーさんの考え方も、よくわかりますし
おとーさんの考え方も、よくわかりますし
キズナ
キズナ
それに……おとーさんと呼んでみるものの、実感はありません
それに……おとーさんと呼んでみるものの、実感はありません
恭一
恭一
だろうな。オレも呼ばれたところで何も感じない
だろうな。オレも呼ばれたところで何も感じない
キズナ
キズナ
私は、血の繋がった人が生きていたと知って、嬉しかったです
私は、血の繋がった人が生きていたと知って、嬉しかったです
キズナ
キズナ
その事実だけで十分ですよ、ひーくん
その事実だけで十分ですよ、ひーくん
キズナは、心の底からそう思っているようだった。
キズナは、心の底からそう思っているようだった。
キズナ
キズナ
でも、またいつか、会いたいです
でも、またいつか、会いたいです
恭一
恭一
世界は狭いからな。可能性はあるだろ
世界は狭いからな。可能性はあるだろ
キズナ
キズナ
はいっ
はいっ
恭一
恭一
じゃあな。今日は色々と興味深い話が聞けて面白かった
じゃあな。今日は色々と興味深い話が聞けて面白かった
いつもと変わらない口調でそう言い、帰っていく。
いつもと変わらない口調でそう言い、帰っていく。
キズナ
キズナ
不思議なものですね、ひーくん
不思議なものですね、ひーくん
秀隆
秀隆
ふしぎ？
ふしぎ？
キズナ
キズナ
運命の巡り会わせみたいなものを感じませんか？
運命の巡り会わせみたいなものを感じませんか？
キズナ
キズナ
おとーさんと再会したり、かずちーが子孫だったり
おとーさんと再会したり、かずちーが子孫だったり
キズナ
キズナ
人と人との繋がりってすごいなって
人と人との繋がりってすごいなって
秀隆
秀隆
そうだな……
そうだな……
秀隆
秀隆
そうかも知れないな
そうかも知れないな
…………。
…………。
……。
……。
今日一日の出来事を終え、オレは一人酒を飲んでいた。
今日一日の出来事を終え、オレは一人酒を飲んでいた。
恭一さんは地上時代の生き残りだった。
恭一さんは地上時代の生き残りだった。
ドリームタウンはその事実を隠し、
ドリームタウンはその事実を隠し、
ホープタウンもまた、キズナの存在を隠している。
ホープタウンもまた、キズナの存在を隠している。
秀隆
秀隆
華々しい街の交渉の裏は、嫌なもんだな……
華々しい街の交渉の裏は、嫌なもんだな……
そして、オレはその渦中に身を置いていると言っても過言じゃない。
そして、オレはその渦中に身を置いていると言っても過言じゃない。
違法アンドロイドの件だって、解決したわけじゃないのだ。
違法アンドロイドの件だって、解決したわけじゃないのだ。
まどか
まどか
マスター、いつものください
マスター、いつものください
ふと、一人で思考していると聞いたことのある声が聞こえた。
ふと、一人で思考していると聞いたことのある声が聞こえた。
秀隆
秀隆
よう
よう
まどか
まどか
え？　あ……島津くん……
え？　あ……島津くん……
秀隆
秀隆
偶然だな
偶然だな
まどかは少し気まずそうにしたが、笑って答えた。
まどかは少し気まずそうにしたが、笑って答えた。
秀隆
秀隆
よかったらこっちに来て飲まないか？　顔見知りが離れて飲むのも変だろ
よかったらこっちに来て飲まないか？　顔見知りが離れて飲むのも変だろ
まどか
まどか
ええ……そうね
ええ……そうね
オレの隣へとまどかが寄ってくる。
オレの隣へとまどかが寄ってくる。
秀隆
秀隆
磯部は？
磯部は？
まどか
まどか
今日は別行動……
今日は別行動……
マスターから酒が運ばれてくる。
マスターから酒が運ばれてくる。
まどかの表情を見るに、もしかしたら何かあったのかも。
まどかの表情を見るに、もしかしたら何かあったのかも。
秀隆
秀隆
とりあえず、おつかれさま
とりあえず、おつかれさま
まどか
まどか
お疲れ様
お疲れ様
se乾杯 (1
se乾杯 (1
グラスを軽く重ね合わせる。
グラスを軽く重ね合わせる。
まどか
まどか
……最近はよく来るの？
……最近はよく来るの？
秀隆
秀隆
友達と何度か
友達と何度か
まどか
まどか
友達って、山之内くんとか？
友達って、山之内くんとか？
秀隆
秀隆
いや、あいつとはそんなにかな。研究に忙しいみたいで。
いや、あいつとはそんなにかな。研究に忙しいみたいで。
最近知り合った連中と飲むことが多いよ
最近知り合った連中と飲むことが多いよ
まどか
まどか
そう……
そう……
秀隆
秀隆
でも、おまえから山之内の名前が出るなんてな
でも、おまえから山之内の名前が出るなんてな
まどか
まどか
先日、街でばったり会っちゃって
先日、街でばったり会っちゃって
秀隆
秀隆
へえ
へえ
まどか
まどか
その時、磯部くんも一緒だったの
その時、磯部くんも一緒だったの
秀隆
秀隆
そうか
そうか
まどか
まどか
……ねえ、正直に聞いていい？
……ねえ、正直に聞いていい？
秀隆
秀隆
なんだよ改まって。なんでも聞けよ
なんだよ改まって。なんでも聞けよ
まどか
まどか
私と、磯部くんって、どういう関係に見える？
私と、磯部くんって、どういう関係に見える？
秀隆
秀隆
どういう関係って……恋人同士、だろ？
どういう関係って……恋人同士、だろ？
まどか
まどか
……そう、そうね。ごめん、変なこと聞いた
……そう、そうね。ごめん、変なこと聞いた
くっとグラスを傾け、酒を飲む。
くっとグラスを傾け、酒を飲む。
秀隆
秀隆
山之内になんか余計なこと言われたのか？
山之内になんか余計なこと言われたのか？
まどか
まどか
別に
別に
秀隆
秀隆
別にって感じじゃないぞその様子は。他言はしないよ
別にって感じじゃないぞその様子は。他言はしないよ
まどか
まどか
……山之内くんは、何も言ってない。
……山之内くんは、何も言ってない。
ただ私が、彼に会って昔のことを思い出しちゃっただけ
ただ私が、彼に会って昔のことを思い出しちゃっただけ
秀隆
秀隆
昔のことって……
昔のことって……
まどか
まどか
学生時代のこと
学生時代のこと
秀隆
秀隆
……思い出さないほうがいいことだな
……思い出さないほうがいいことだな
まどか
まどか
そうね。思い返したって、いいことなんてない
そうね。思い返したって、いいことなんてない
まどか
まどか
でも考えちゃったんだから、仕方ないじゃない。
でも考えちゃったんだから、仕方ないじゃない。
そのことが磯部くんにも伝わっちゃったんだと思う。
そのことが磯部くんにも伝わっちゃったんだと思う。
最近ギスギスしちゃって
最近ギスギスしちゃって
秀隆
秀隆
そっか……
そっか……
秀隆
秀隆
やっぱり、オレが原因なんだろうな
やっぱり、オレが原因なんだろうな
まどか
まどか
…………
…………
秀隆
秀隆
今更謝ったって、何にもなりはしないんだけど
今更謝ったって、何にもなりはしないんだけど
まどか
まどか
ほんと、そうよね……今更
ほんと、そうよね……今更
まどか
まどか
私も島津くんも、すっかり大人になっちゃたもの
私も島津くんも、すっかり大人になっちゃたもの
秀隆
秀隆
５年、だからな……
５年、だからな……
けして短くない時間だ。
けして短くない時間だ。
人と出会い、別れを経験するには十分すぎるほど。
人と出会い、別れを経験するには十分すぎるほど。
まどか
まどか
軽蔑した？　私に会って
軽蔑した？　私に会って
秀隆
秀隆
軽蔑ってなんだよ
軽蔑ってなんだよ
まどか
まどか
昔、あなたと別れた時……
昔、あなたと別れた時……
私はあなたに言った。ずっとずっと、あなたが好きだって
私はあなたに言った。ずっとずっと、あなたが好きだって
まどか
まどか
なのに再会した私は、磯部くんと付き合ってて
なのに再会した私は、磯部くんと付き合ってて
秀隆
秀隆
よせよ。そんなの何も悪いことじゃない。
よせよ。そんなの何も悪いことじゃない。
おまえみたいな美人を、ほかの男が放っておくわけもないだろ
おまえみたいな美人を、ほかの男が放っておくわけもないだろ
秀隆
秀隆
オレたちは大人なんだぜ？　色恋話のひとつや二つあるもんだ
オレたちは大人なんだぜ？　色恋話のひとつや二つあるもんだ
まどか
まどか
じゃあ、あなたはどうなの？　この５年間、何があったの？
じゃあ、あなたはどうなの？　この５年間、何があったの？
秀隆
秀隆
何って……
何って……
まどか
まどか
彼女は？
彼女は？
秀隆
秀隆
今はいない
今はいない
まどか
まどか
じゃあ、前はいたの？
じゃあ、前はいたの？
秀隆
秀隆
いいだろ別に。そんなこと
いいだろ別に。そんなこと
まどか
まどか
…………
…………
秀隆
秀隆
おまえが心配することじゃない、何もな
おまえが心配することじゃない、何もな
まどか
まどか
私は
私は
マスター、お代わりください
マスター、お代わりください
どうやら、もう一杯目を飲み干してしまったらしい。
どうやら、もう一杯目を飲み干してしまったらしい。
秀隆
秀隆
ペース、気をつけろよ。今日も仕事なんだからな
ペース、気をつけろよ。今日も仕事なんだからな
まどか
まどか
わかってる
わかってる
わかってるようには見えないけどな……。
わかってるようには見えないけどな……。
まどか
まどか
…………
…………
まどかは、お代わりのお酒を、また勢いよく流し込んだ。
まどかは、お代わりのお酒を、また勢いよく流し込んだ。
それから１時間ほど他愛もない会話をつづけながら酒を飲んだ
それから１時間ほど他愛もない会話をつづけながら酒を飲んだ
オレは、ゆっくりと立ち上がり、マスターにカードを出した。
オレは、ゆっくりと立ち上がり、マスターにカードを出した。
秀隆
秀隆
そろそろ帰るわ
そろそろ帰るわ
まどか
まどか
そう……それじゃ、今日はお疲れ様
そう……それじゃ、今日はお疲れ様
まどかは、もう少し飲んでから帰るらしい。
まどかは、もう少し飲んでから帰るらしい。
秀隆
秀隆
またオフィスで
またオフィスで
オレは会計を済ませ、一足先に店を出ることにした。
オレは会計を済ませ、一足先に店を出ることにした。
今日は、色々なことがありすぎた。
今日は、色々なことがありすぎた。
秀隆
秀隆
……もう、１時過ぎか……
……もう、１時過ぎか……
いつもの倍は飲んでしまったのか、既に視界はぐるぐる回り始めていた。
いつもの倍は飲んでしまったのか、既に視界はぐるぐる回り始めていた。
秀隆
秀隆
帰って寝よう……
帰って寝よう……
起こってしまった出来事は、取り返しがつかない。
起こってしまった出来事は、取り返しがつかない。
竹内特務官がやめたことも、恭一さんが地上時代の生き残りだったことも。
竹内特務官がやめたことも、恭一さんが地上時代の生き残りだったことも。
キズナのことも……。
キズナのことも……。
オレには、やらなければならないことがある。
オレには、やらなければならないことがある。
柳沢製薬取締役代表、柳沢軍司。
柳沢製薬取締役代表、柳沢軍司。
彼が行っていると思われる、違法アンドロイド研究の実態。
彼が行っていると思われる、違法アンドロイド研究の実態。
それを掴む必要がある。
それを掴む必要がある。
うだうだと考えるのは、それが全て終わってからにしよう。
うだうだと考えるのは、それが全て終わってからにしよう。
秀隆
秀隆
今日はちょっと冷えるな……
今日はちょっと冷えるな……
いつもは２、３人見かける酔っ払いも、今日は誰もいない。
いつもは２、３人見かける酔っ払いも、今日は誰もいない。
秀隆
秀隆
あぁいや、明日が平日だからか……
あぁいや、明日が平日だからか……
秀隆
秀隆
…………
…………
聞こえてくるのは、自分の足音だけ。
聞こえてくるのは、自分の足音だけ。
秀隆
秀隆
…………
…………
なのに、なんだろう。
なのに、なんだろう。
妙な違和感が、オレを襲う。
妙な違和感が、オレを襲う。
立ち止まる。
立ち止まる。
……静寂だ。
……静寂だ。
再び歩き出すと、やっぱりオレの足音だけ。
再び歩き出すと、やっぱりオレの足音だけ。
なんだ？
なんだ？
何かがおかしい。
何かがおかしい。
人の気配は感じない。
人の気配は感じない。
だけど、まるで近くに誰かがいるような
だけど、まるで近くに誰かがいるような
秀隆
秀隆
……え？
……え？
背中に、鋭い痛みが走った。
背中に、鋭い痛みが走った。
なんだ？
なんだ？
今、なにが……？
今、なにが……？
オレは、ゆっくりと振り返ろうとしたが
オレは、ゆっくりと振り返ろうとしたが
再び、強い痛みが走り、それは適わなかった。
再び、強い痛みが走り、それは適わなかった。
秀隆
秀隆
なん、で……？
なん、で……？
…………。
…………。
…………。
…………。
…………。
…………。
…………。
…………。
se着信（バイブ
se着信（バイブ
秋
秋
…………
…………
se着信（バイブ
se着信（バイブ
秋
秋
……携帯……
……携帯……
秋
秋
まだ、夜中なのに……
まだ、夜中なのに……
se着信（バイブ
se着信（バイブ
携帯が鳴っている。
携帯が鳴っている。
鳴りやんだと思っても、またすぐにかかってくる。
鳴りやんだと思っても、またすぐにかかってくる。
秋
秋
なんなの……
なんなの……
携帯に手を伸ばし、ゆっくりと手に取った。
携帯に手を伸ばし、ゆっくりと手に取った。
se通話ボタン
se通話ボタン
秋
秋
もしもし……
もしもし……
杉村
杉村
あ、あの、秋ちゃんの携帯電話でいいのかしらっ？
あ、あの、秋ちゃんの携帯電話でいいのかしらっ？
秋
秋
はい、そうですけど……えっと、杉村先生、ですか？
はい、そうですけど……えっと、杉村先生、ですか？
杉村
杉村
た、大変なの。島津くんが！
た、大変なの。島津くんが！
…………。
…………。
秋
秋
……え？
……え？
私はベッドから抜け出すと、アクセラとキズナを起こした。
私はベッドから抜け出すと、アクセラとキズナを起こした。
二人とも寝起きはよいのですぐに目を覚ました。
二人とも寝起きはよいのですぐに目を覚ました。
アクセラ
アクセラ
どうされたのですか？　秋様。朝の５時ですが……？
どうされたのですか？　秋様。朝の５時ですが……？
秋
秋
今、杉村先生から電話があったの。それで、兄さんが刺されたって
今、杉村先生から電話があったの。それで、兄さんが刺されたって
アクセラ
アクセラ
ひ、秀隆様が……
ひ、秀隆様が……
キズナ
キズナ
刺された……んですか……？
刺された……んですか……？
秋
秋
うん、そうみたい
うん、そうみたい
アクセラ
アクセラ
そ、それで容態は！？
そ、それで容態は！？
秋
秋
かなりの重体だって。今すぐ病院に来てほしいらしいの……
かなりの重体だって。今すぐ病院に来てほしいらしいの……
そう言った瞬間、キズナは身支度を始めた。
そう言った瞬間、キズナは身支度を始めた。
キズナ
キズナ
すぐに行きましょうっ！
すぐに行きましょうっ！
アクセラ
アクセラ
はい、準備いたします
はい、準備いたします
秋
秋
うん。じゃあ、そう言うわけだから……
うん。じゃあ、そう言うわけだから……
キズナ
キズナ
え……あ、あの、あっきーも行きますよね？
え……あ、あの、あっきーも行きますよね？
秋
秋
……どうして私が行くの？　私は行かない
……どうして私が行くの？　私は行かない
キズナ
キズナ
だって、ひーくん重体だって……
だって、ひーくん重体だって……
秋
秋
私には関係ないから。
私には関係ないから。
でも、私が着信を受けた以上、誰かがいかないと。
でも、私が着信を受けた以上、誰かがいかないと。
アクセラが外出できるようになったし、問題ない
アクセラが外出できるようになったし、問題ない
私の物言いが引っかかったのか、
私の物言いが引っかかったのか、
キズナはいつもの笑顔とは一転、険しい顔つきになった。
キズナはいつもの笑顔とは一転、険しい顔つきになった。
キズナ
キズナ
……どうして、そんなことが言えるんですか？
……どうして、そんなことが言えるんですか？
キズナ
キズナ
ひーくんとあっきーの仲が悪いのは知ってます。
ひーくんとあっきーの仲が悪いのは知ってます。
それに口出しする権利が無いことも理解しています。
それに口出しする権利が無いことも理解しています。
でも、命が危ない時にまで、どうしてそんな
でも、命が危ない時にまで、どうしてそんな
秋
秋
兄さんが死んだら、会いに行く
兄さんが死んだら、会いに行く
キズナ
キズナ
……あっきー……
……あっきー……
秋
秋
私は行かない。兄さんがどうなっていても、関係ない
私は行かない。兄さんがどうなっていても、関係ない
キズナ
キズナ
私には信じられません。お兄さんが心配じゃない妹さんなんていません
私には信じられません。お兄さんが心配じゃない妹さんなんていません
秋
秋
ここにいるよ？
ここにいるよ？
私は何の迷いもなく答える。
私は何の迷いもなく答える。
何故なら、心の底からそう思っているから。
何故なら、心の底からそう思っているから。
秋
秋
じゃあ
じゃあ
アクセラ
アクセラ
参りましょうキズナ様
参りましょうキズナ様
キズナ
キズナ
でも……
でも……
キズナは部屋に戻っていく秋の背中を見送る。
キズナは部屋に戻っていく秋の背中を見送る。
アクセラ
アクセラ
秀隆様の容態が気がかりです。急ぎましょう
秀隆様の容態が気がかりです。急ぎましょう
キズナ
キズナ
はいです……
はいです……
気がつくと、オレは深い闇の中にいた。
気がつくと、オレは深い闇の中にいた。
手や足が、今どこにあるのかも、よく分からない。
手や足が、今どこにあるのかも、よく分からない。
ただ漫然とその闇の中を漂っているのだろうか。
ただ漫然とその闇の中を漂っているのだろうか。
これが、闇であることすら確証がない。
これが、闇であることすら確証がない。
思考はある程度回転しているが、何故ここにいるのかは考えられない。
思考はある程度回転しているが、何故ここにいるのかは考えられない。
今何をしているのか、何をしたいのか、
今何をしているのか、何をしたいのか、
そういった行動力も沸き起こってはこない。
そういった行動力も沸き起こってはこない。
なんなんだろう、これは。
なんなんだろう、これは。
でも、ひとつだけ分かることがある。
でも、ひとつだけ分かることがある。
この場所に留まってはいけない。
この場所に留まってはいけない。
そう……。
そう……。
目を凝らしてみてみれば、ずっと先に光が見える。
目を凝らしてみてみれば、ずっと先に光が見える。
オレは、その場所に向かい始めた。
オレは、その場所に向かい始めた。
自分の意思には関係なく、その場所に向かい始めた。
自分の意思には関係なく、その場所に向かい始めた。
あの場所にたどり着くことが正解なんだと、
あの場所にたどり着くことが正解なんだと、
体が告げている気がして。
体が告げている気がして。
だんだんと光が大きくなってくる。
だんだんと光が大きくなってくる。
ソレと同時に、息苦しさを感じ始めた。
ソレと同時に、息苦しさを感じ始めた。
身体が痛みを感じ始めた。
身体が痛みを感じ始めた。
何故だかわからない。
何故だかわからない。
それでも、その光の中に飛び込めば痛みはなくなる。
それでも、その光の中に飛び込めば痛みはなくなる。
苦しみも全て消し去ることが出来る。
苦しみも全て消し去ることが出来る。
それが分かった。
それが分かった。
でもその光は、痛みや苦しみと共に、
でもその光は、痛みや苦しみと共に、
感情までも消し去ってしまう場所な気がした。
感情までも消し去ってしまう場所な気がした。
いいさ、この痛みが続くくらいなら……。
いいさ、この痛みが続くくらいなら……。
楽になりたい。
楽になりたい。
恐れることはないさ。
恐れることはないさ。
迷わず飛び込んでしまえば一瞬。
迷わず飛び込んでしまえば一瞬。
何故なら、恐怖までも消し去ってしまうから。
何故なら、恐怖までも消し去ってしまうから。
秀隆
秀隆
……またか……
……またか……
秀隆
秀隆
こんなところにまで、姉さんが現れるんだね……
こんなところにまで、姉さんが現れるんだね……
無言で、オレを見つめている。
無言で、オレを見つめている。
いつものように、何も語りかけてはくれない。
いつものように、何も語りかけてはくれない。
姉さんは、オレの目を見たまま動かない。
姉さんは、オレの目を見たまま動かない。
秀隆
秀隆
なんとか言ってくれよ……
なんとか言ってくれよ……
秀隆
秀隆
責めてもいいよ、オレを。オレを責めてくれてもいいんだ
責めてもいいよ、オレを。オレを責めてくれてもいいんだ
秀隆
秀隆
何か言葉がほしい。姉さんの言葉が……
何か言葉がほしい。姉さんの言葉が……
…………。
…………。
秀隆
秀隆
駄目か、やっぱり
駄目か、やっぱり
秀隆
秀隆
姉さんはやっぱり、何も答えてはくれないんだね
姉さんはやっぱり、何も答えてはくれないんだね
姉さんが、ゆっくりと指を指す。
姉さんが、ゆっくりと指を指す。
あの光に向かって、指を指す。
あの光に向かって、指を指す。
秀隆
秀隆
……あの場所に行け、ってことだね？
……あの場所に行け、ってことだね？
秀隆
秀隆
そっか……あの光は……死、そのものなのか
そっか……あの光は……死、そのものなのか
秀隆
秀隆
いつも勝手にオレの目の前に現れて、
いつも勝手にオレの目の前に現れて、
黙ったまま指し示すだけなんて、ずるいな姉さんは……
黙ったまま指し示すだけなんて、ずるいな姉さんは……
秀隆
秀隆
分かった。姉さんがオレに死ねと言うなら、従ってもいい
分かった。姉さんがオレに死ねと言うなら、従ってもいい
秀隆
秀隆
実際、オレは今まで姉さんの言うことには従ってきた
実際、オレは今まで姉さんの言うことには従ってきた
秀隆
秀隆
でも……悪いけどさ、ちょっとだけ待ってくれないかな
でも……悪いけどさ、ちょっとだけ待ってくれないかな
秀隆
秀隆
少しだけ、遣り残したことがあるんだ
少しだけ、遣り残したことがあるんだ
秀隆
秀隆
今オレが死んだら、それが成し遂げられないままになってしまう
今オレが死んだら、それが成し遂げられないままになってしまう
秀隆
秀隆
ごめんな姉さん
ごめんな姉さん
オレは、痛みを堪えながら、その場に座り込んだ。
オレは、痛みを堪えながら、その場に座り込んだ。
すぐ近くには、オレを暖かく迎えてくれる光、死があるのに。
すぐ近くには、オレを暖かく迎えてくれる光、死があるのに。
姉さんの前に座り込んで、姉さんを見上げることにした。
姉さんの前に座り込んで、姉さんを見上げることにした。
姉さんは指をさすのをやめ、オレを見下ろす。
姉さんは指をさすのをやめ、オレを見下ろす。
何の感情もありはしない。
何の感情もありはしない。
何を考えているのか、さっぱりだ。
何を考えているのか、さっぱりだ。
秀隆
秀隆
苦しいなぁ……苦しい……
苦しいなぁ……苦しい……
体を突き刺す痛みで、それこそ死にそうだ。
体を突き刺す痛みで、それこそ死にそうだ。
でも、これも罰と思えば、耐えられるさ。
でも、これも罰と思えば、耐えられるさ。
姉さんが受けた痛みよりは、ずっとずっと、生ぬるいだろうから。
姉さんが受けた痛みよりは、ずっとずっと、生ぬるいだろうから。
…………。
…………。
……。
……。
