昨日集められた限りの情報はこうだ。
昨日集められた限りの情報はこうだ。
クイーンと呼ばれる人物は、
クイーンと呼ばれる人物は、
面会そのものをすること自体、それほど難しくは無い。
面会そのものをすること自体、それほど難しくは無い。
誰かの紹介であったり、起業者であれば基本お目通りが叶う。
誰かの紹介であったり、起業者であれば基本お目通りが叶う。
普通、財界人や企業の社長、
普通、財界人や企業の社長、
とにかく偉い人たちには、会うことそのものが難しい。
とにかく偉い人たちには、会うことそのものが難しい。
例えば、身近に考えるなら倉屋敷社長なんかが良い例だ。
例えば、身近に考えるなら倉屋敷社長なんかが良い例だ。
どれだけ会いたいと願っても門前払いされる。
どれだけ会いたいと願っても門前払いされる。
でもクイーンは、その敷居が遥かに低い。
でもクイーンは、その敷居が遥かに低い。
しかし―――その分、クイーンの求めるハードルは高いと聞く。
しかし―――その分、クイーンの求めるハードルは高いと聞く。
一度機嫌を損ねれば、二度と面会には応じない。
一度機嫌を損ねれば、二度と面会には応じない。
酷い噂では、身体的苦痛を伴うこともある、
酷い噂では、身体的苦痛を伴うこともある、
とまで言われているそうだ。
とまで言われているそうだ。
秀隆
秀隆
ここか……
ここか……
ドリームタウンの一角、そこにクイーンの屋敷はあった。
ドリームタウンの一角、そこにクイーンの屋敷はあった。
秀隆
秀隆
はっきり言って……圧巻、だな……
はっきり言って……圧巻、だな……
ここだけ、明らかに空気が違う。
ここだけ、明らかに空気が違う。
まるで別世界の建物のようだった。
まるで別世界の建物のようだった。
秀隆
秀隆
…………
…………
オレは、一度大きく深呼吸してから、その門を叩いた。
オレは、一度大きく深呼吸してから、その門を叩いた。
？？？】※マリア
？？？】※マリア
はい。どちら様でしょうか？
はい。どちら様でしょうか？
秀隆
秀隆
あの、私はホープタウンの特務官で、島津と申します
あの、私はホープタウンの特務官で、島津と申します
？？？】※マリア
？？？】※マリア
特務官の方が、我が屋敷に御用でしょうか？
特務官の方が、我が屋敷に御用でしょうか？
秀隆
秀隆
はい。当主である立花フィーリア様にお会いしたくて伺いました
はい。当主である立花フィーリア様にお会いしたくて伺いました
？？？】※マリア
？？？】※マリア
ご用件は？
ご用件は？
秀隆
秀隆
融資のお願いです
融資のお願いです
？？？】※マリア
？？？】※マリア
……少々お待ちください
……少々お待ちください
通信が切れ、少しの静寂が訪れる。
通信が切れ、少しの静寂が訪れる。
？？？】※マリア
？？？】※マリア
クイーンより返答を承りました。お会いになるそうです
クイーンより返答を承りました。お会いになるそうです
秀隆
秀隆
そうですか、ありがとうございます
そうですか、ありがとうございます
？？？】※マリア
？？？】※マリア
大変失礼ですが、携帯電話はお持ちですか？
大変失礼ですが、携帯電話はお持ちですか？
秀隆
秀隆
え？　あ、はい。持っています
え？　あ、はい。持っています
？？？】※マリア
？？？】※マリア
お手数ですが、電源を切ってからお入りくださいませ。
お手数ですが、電源を切ってからお入りくださいませ。
当屋敷では携帯電話の使用を禁止させていただいております
当屋敷では携帯電話の使用を禁止させていただいております
クイーンの情報を守るため、だろうか。
クイーンの情報を守るため、だろうか。
秀隆
秀隆
分かりました。電源は切らせていただきます
分かりました。電源は切らせていただきます
？？？】※マリア
？？？】※マリア
ありがとうございます
ありがとうございます
そう言うと、ガチャリと玄関の開く音が聞こえた。
そう言うと、ガチャリと玄関の開く音が聞こえた。
？？？】※マリア
？？？】※マリア
お待たせしました。どうぞ、お入りください
お待たせしました。どうぞ、お入りください
そう言うと、ガチャリと玄関の開く音が聞こえた。
そう言うと、ガチャリと玄関の開く音が聞こえた。
秀隆
秀隆
失礼します……
失礼します……
広く静かで、誰もいない屋敷にオレの声が響く。
広く静かで、誰もいない屋敷にオレの声が響く。
秀隆
秀隆
…………
…………
ここが、クイーンの屋敷か。
ここが、クイーンの屋敷か。
足を踏み入れるなり、黒服が二人近づいてきた。
足を踏み入れるなり、黒服が二人近づいてきた。
そして検査装置のようなものを使い、
そして検査装置のようなものを使い、
オレの身体を隅々まで調べる。
オレの身体を隅々まで調べる。
オレは当然のことと思い、黙ってそれを受け入れた。
オレは当然のことと思い、黙ってそれを受け入れた。
そして携帯電話などの金属類を提出するよう迫られる。
そして携帯電話などの金属類を提出するよう迫られる。
オレは大人しく従い、小さなケースの中に預け入れた。
オレは大人しく従い、小さなケースの中に預け入れた。
程なくして検査は終わり、中へと通される。
程なくして検査は終わり、中へと通される。
？？？】※マリア
？？？】※マリア
島津様、ですね？
島津様、ですね？
秀隆
秀隆
あ
あ
奥から、１人の女性が姿を見せた。
奥から、１人の女性が姿を見せた。
？？？】※マリア
？？？】※マリア
初めまして
初めまして
マリア
マリア
私は、現当主フィーリアの秘書を務めさせていただいております、立花マリアと申します
私は、現当主フィーリアの秘書を務めさせていただいております、立花マリアと申します
マリア
マリア
フィーリアは私の姉なんです
フィーリアは私の姉なんです
秀隆
秀隆
なるほど……。よろしくお願いします
なるほど……。よろしくお願いします
秀隆
秀隆
フィーリア様にお目通りすることは可能でしょうか？
フィーリア様にお目通りすることは可能でしょうか？
マリア
マリア
そのことなのですが、実は本日、他にもアポイントを取られている方がいまして
そのことなのですが、実は本日、他にもアポイントを取られている方がいまして
秀隆
秀隆
そうなんですか……
そうなんですか……
どうやら、オレはツイてないらしい。
どうやら、オレはツイてないらしい。
秀隆
秀隆
それでは面会は難しいでしょうか？
それでは面会は難しいでしょうか？
いくらでも待たせていただくつもりですが
いくらでも待たせていただくつもりですが
マリア
マリア
いえ、その点は問題ございません。大丈夫ですよ
いえ、その点は問題ございません。大丈夫ですよ
秀隆
秀隆
では
では
マリア
マリア
ただ、今から確認を取らせて頂きます。
ただ、今から確認を取らせて頂きます。
お会いするかどうかを判断するのは、私ではなくフィーリアの方ですので
お会いするかどうかを判断するのは、私ではなくフィーリアの方ですので
ごもっともな話だ。
ごもっともな話だ。
マリア
マリア
少々お待ちいただけますか
少々お待ちいただけますか
秀隆
秀隆
もちろんです。突然押しかけた身ですから。
もちろんです。突然押しかけた身ですから。
いつまでも待たせていただきます
いつまでも待たせていただきます
マリア
マリア
ありがとうございます
ありがとうございます
優しく微笑むと、オレを椅子へと案内してくれた。
優しく微笑むと、オレを椅子へと案内してくれた。
マリア
マリア
ではここでお待ちくださいませ
ではここでお待ちくださいませ
秀隆
秀隆
はい
はい
秀隆
秀隆
すんげぇ美人……
すんげぇ美人……
なんていうか、綺麗過ぎてなんて言えばいいか分からない。
なんていうか、綺麗過ぎてなんて言えばいいか分からない。
アイドルである凛なんかも、当然一般人とかけ離れた可愛い子だが、
アイドルである凛なんかも、当然一般人とかけ離れた可愛い子だが、
マリアさんはそう言うベクトルとはまた違う。
マリアさんはそう言うベクトルとはまた違う。
あれがハーフ、ってヤツか……はじめて見た。
あれがハーフ、ってヤツか……はじめて見た。
落ち着かないほど広い場所で、オレは呼吸を整えていた。
落ち着かないほど広い場所で、オレは呼吸を整えていた。
彼女が妹、と言うことは、姉のフィーリア……
彼女が妹、と言うことは、姉のフィーリア……
クイーンと呼ばれる女性は、どれだけ美しいのだろう。
クイーンと呼ばれる女性は、どれだけ美しいのだろう。
最も、胸があまりトキめかないのは、
最も、胸があまりトキめかないのは、
非現実的すぎて、実感がわかないからだ。
非現実的すぎて、実感がわかないからだ。
マリア
マリア
どうぞ。屋敷の庭園で育てたハーブを使ったお茶です
どうぞ。屋敷の庭園で育てたハーブを使ったお茶です
seコーヒーをテーブルに置く0
seコーヒーをテーブルに置く0
そういい、マリアさんはカップを置いた。
そういい、マリアさんはカップを置いた。
秀隆
秀隆
わざわざありがとうございます。では、頂きます
わざわざありがとうございます。では、頂きます
マリア
マリア
はい
はい
オレはカップを手に取り、まずは香りを楽しむ。
オレはカップを手に取り、まずは香りを楽しむ。
爽やかな香りが鼻腔をくすぐる。
爽やかな香りが鼻腔をくすぐる。
秀隆
秀隆
……美味しいです
……美味しいです
マリア
マリア
お口に合うようでよかったです
お口に合うようでよかったです
マリア
マリア
大変失礼ですが、本日は何か、招待状のようなものはお持ちですか？
大変失礼ですが、本日は何か、招待状のようなものはお持ちですか？
秀隆
秀隆
はい。こちらに
はい。こちらに
オレは鞄から、竹内特務官による署名が入った封筒を差し出す。
オレは鞄から、竹内特務官による署名が入った封筒を差し出す。
マリア
マリア
竹内様からですね。なるほど、畏まりました
竹内様からですね。なるほど、畏まりました
納得したように頷くと、その封筒を受け取った。
納得したように頷くと、その封筒を受け取った。
マリア
マリア
では今からフィーリアに届けて参ります、ここでお待ちくださいませ
では今からフィーリアに届けて参ります、ここでお待ちくださいませ
秀隆
秀隆
わかりました。よろしくお願いします
わかりました。よろしくお願いします
ぽつんと残されたオレは、失礼のない程度に辺りを見渡した。
ぽつんと残されたオレは、失礼のない程度に辺りを見渡した。
秀隆
秀隆
広い、よなぁ
広い、よなぁ
ジオフロントの規模が小さいと言っても、
ジオフロントの規模が小さいと言っても、
さすがに裏の支配者だけあって、とてつもない豪邸だ。
さすがに裏の支配者だけあって、とてつもない豪邸だ。
やはり倉屋敷と対等な存在だ。
やはり倉屋敷と対等な存在だ。
少し遠くでは、サングラスをかけた黒服がこちらを見ている。
少し遠くでは、サングラスをかけた黒服がこちらを見ている。
何か悪さしないか見張ってるのかも知れない。
何か悪さしないか見張ってるのかも知れない。
程なくしてマリアさんが戻ってくる。
程なくしてマリアさんが戻ってくる。
秀隆
秀隆
どうでしたか？
どうでしたか？
マリア
マリア
今少しお待ちください。ちょっとした事務処理がございます
今少しお待ちください。ちょっとした事務処理がございます
マリア
マリア
失礼しします
失礼しします
マリアさんは、オレの前に腰を下ろした。
マリアさんは、オレの前に腰を下ろした。
マリア
マリア
お時間までの間、私が話し相手にならせていただいても構いませんか？
お時間までの間、私が話し相手にならせていただいても構いませんか？
秀隆
秀隆
も、もちろんです。ただ、ちょっと緊張しますね
も、もちろんです。ただ、ちょっと緊張しますね
マリア
マリア
私は、ただの秘書ですので。お気づかいなく
私は、ただの秘書ですので。お気づかいなく
秀隆
秀隆
いえ肩書きにと言うわけではなく……マリアさんすごくお綺麗なので
いえ肩書きにと言うわけではなく……マリアさんすごくお綺麗なので
マリア
マリア
まあ。ありがとうございます
まあ。ありがとうございます
オレのナンパな言葉に、笑顔を見せてくれた。
オレのナンパな言葉に、笑顔を見せてくれた。
秀隆
秀隆
え……
え……
笑顔が眩しすぎるんですけど！
笑顔が眩しすぎるんですけど！
美人だし、スタイルは完璧だし、物腰は女性らしいし……。
美人だし、スタイルは完璧だし、物腰は女性らしいし……。
最初は現実離れしていると思っていたけど、
最初は現実離れしていると思っていたけど、
凄く親身にしてくれる感じが、グッとくる。
凄く親身にしてくれる感じが、グッとくる。
いかん、これは惚れてまう、惚れてまうやろぉ……。
いかん、これは惚れてまう、惚れてまうやろぉ……。
マリア
マリア
どうかなさいましたか？
どうかなさいましたか？
秀隆
秀隆
いえっ！
いえっ！
秀隆
秀隆
あの、マリアさんはフィーリア様の秘書をされているんですよね？
あの、マリアさんはフィーリア様の秘書をされているんですよね？
マリア
マリア
はい
はい
秀隆
秀隆
と言うことは、フィーリア様も、相当お綺麗な方なんでしょうねえ
と言うことは、フィーリア様も、相当お綺麗な方なんでしょうねえ
マリア
マリア
私など足元にも及びません
私など足元にも及びません
秀隆
秀隆
あ、足元にも……！？
あ、足元にも……！？
脳内でマリアさんをより美人にしてみようとする。
脳内でマリアさんをより美人にしてみようとする。
だが、元のマリアさんが既に１００点を突破しているせいで、
だが、元のマリアさんが既に１００点を突破しているせいで、
これ以上オレの中で美人な人を想像できなかった。
これ以上オレの中で美人な人を想像できなかった。
くそっ、オレの妄想力を持ってしてもダメか……。
くそっ、オレの妄想力を持ってしてもダメか……。
秀隆
秀隆
あの、出来ればフィーリア様がどのような方かお教え願えませんか？
あの、出来ればフィーリア様がどのような方かお教え願えませんか？
マリア
マリア
申し訳ございませんが、融資に関することはお伝えできません
申し訳ございませんが、融資に関することはお伝えできません
秀隆
秀隆
えっ？
えっ？
マリア
マリア
違うのですか？　今姉のことを知りたいと仰いましたので
違うのですか？　今姉のことを知りたいと仰いましたので
秀隆
秀隆
違います違います。外見の話ですよ
違います違います。外見の話ですよ
マリア
マリア
まあそうでしたか。ごめんなさい
まあそうでしたか。ごめんなさい
微笑む。
微笑む。
眩しすぎる！
眩しすぎる！
秀隆
秀隆
だめだ。胸の鼓動が早くなる、恋に落ちる３秒前だ……
だめだ。胸の鼓動が早くなる、恋に落ちる３秒前だ……
マリア
マリア
私とフィーリアが姉妹だということはお話したかと思いますが
私とフィーリアが姉妹だということはお話したかと思いますが
秀隆
秀隆
はい。マリアさんなんて、凄いグラマーですよね
はい。マリアさんなんて、凄いグラマーですよね
マリア
マリア
姉はもっとグラマーですよ
姉はもっとグラマーですよ
秀隆
秀隆
も、もっと！？
も、もっと！？
マリア
マリア
おまけに教養や相手を包み込む包容力も兼ね備えております
おまけに教養や相手を包み込む包容力も兼ね備えております
改めて考えてみる。
改めて考えてみる。
マリアさんももう少し色っぽくして（とはいえ、今でも最高レベルなんだが）みる。
マリアさんももう少し色っぽくして（とはいえ、今でも最高レベルなんだが）みる。
さらに、そこに教養と包容力をプラス。
さらに、そこに教養と包容力をプラス。
秀隆
秀隆
ほ、他には？
ほ、他には？
マリア
マリア
普段なかなか笑わないのですが、笑った時は凄く魅力的です
普段なかなか笑わないのですが、笑った時は凄く魅力的です
つまりクールビューティー。
つまりクールビューティー。
まどかのようなタイプってことだ。
まどかのようなタイプってことだ。
想像だけで言えば、オレの好みドストライクってことになる。
想像だけで言えば、オレの好みドストライクってことになる。
秀隆
秀隆
物凄くお会いしたくなりました
物凄くお会いしたくなりました
マリア
マリア
島津様は、面白いお方ですね
島津様は、面白いお方ですね
秀隆
秀隆
え、自分がですか？
え、自分がですか？
何か面白い、笑われるようなことをしただろうか。
何か面白い、笑われるようなことをしただろうか。
秀隆
秀隆
まさか！？
まさか！？
慌てて自分の股間を見おろす。
慌てて自分の股間を見おろす。
秀隆
秀隆
ほっ……
ほっ……
マリア
マリア
島津様？
島津様？
秀隆
秀隆
な、何でもありません
な、何でもありません
対面に座っているので、もしかしたらズボンのチャックが開いてるのかと思った。
対面に座っているので、もしかしたらズボンのチャックが開いてるのかと思った。
でもそういうお笑い的なことはなかった。
でもそういうお笑い的なことはなかった。
屋敷にチャイムの音が響き渡る。
屋敷にチャイムの音が響き渡る。
マリア
マリア
すみません。少々失礼いたします
すみません。少々失礼いたします
秀隆
秀隆
は、はいっ
は、はいっ
背中を向けるマリアさん。
背中を向けるマリアさん。
オレは思わず、手でマリアさんの方から香りをたぐり寄せた。
オレは思わず、手でマリアさんの方から香りをたぐり寄せた。
ああ、なんて良い香りだ……。
ああ、なんて良い香りだ……。
明らかに変態行為である。
明らかに変態行為である。
マリア
マリア
お待たせ致しました。もう一方がお着きなったようです
お待たせ致しました。もう一方がお着きなったようです
秀隆
秀隆
そうですか。って、お待たせしました？
そうですか。って、お待たせしました？
龍也
龍也
あれ？　ひょっとして、島津くん？
あれ？　ひょっとして、島津くん？
秀隆
秀隆
えっ？
えっ？
マリアさんの後ろから、思いがけない声に、
マリアさんの後ろから、思いがけない声に、
オレは飛び上がるようにして立ち上がった。
オレは飛び上がるようにして立ち上がった。
秀隆
秀隆
こ、高坂特務官！？
こ、高坂特務官！？
龍也
龍也
こんな所で会うとは、思いもしなかったよ
こんな所で会うとは、思いもしなかったよ
秀隆
秀隆
自分もです。ど、どうしてこちらに？
自分もです。ど、どうしてこちらに？
龍也
龍也
……まさか
……まさか
何かに気づいた高坂特務官が、
何かに気づいた高坂特務官が、
微笑みを保つマリアさんへと視線を投げた。
微笑みを保つマリアさんへと視線を投げた。
マリア
マリア
では、お揃いになったところで、参りましょうか
では、お揃いになったところで、参りましょうか
秀隆
秀隆
参るって……
参るって……
龍也
龍也
いやはや、こう言うことだとはね
いやはや、こう言うことだとはね
状況を飲み込めないでいるオレとは裏腹に、
状況を飲み込めないでいるオレとは裏腹に、
高坂特務官は納得したように頷いていた。
高坂特務官は納得したように頷いていた。
龍也
龍也
クイーン、やってくれるじゃないですか
クイーン、やってくれるじゃないですか
オレたちは、マリアさんに先導され、廊下を歩く。
オレたちは、マリアさんに先導され、廊下を歩く。
状況が飲み込めず、オレは頭の中で状況を整理していた。
状況が飲み込めず、オレは頭の中で状況を整理していた。
何故、高坂特務官と同時に面会をすることになったのか。
何故、高坂特務官と同時に面会をすることになったのか。
偶然にしては、少し出来すぎてる気がする……。
偶然にしては、少し出来すぎてる気がする……。
秀隆
秀隆
高坂特務官は、クイーンとは親しくされているんですか？
高坂特務官は、クイーンとは親しくされているんですか？
龍也
龍也
まさか。意外と思うかも知れないけど、
まさか。意外と思うかも知れないけど、
僕は一度も、クイーンにお会いしたことがないんだよ
僕は一度も、クイーンにお会いしたことがないんだよ
秀隆
秀隆
そう、なんですか？
そう、なんですか？
龍也
龍也
大河内代表に、関わることを禁じられていたからね
大河内代表に、関わることを禁じられていたからね
警戒しているのは、唐沢さんだけじゃない、と言うことか？
警戒しているのは、唐沢さんだけじゃない、と言うことか？
龍也
龍也
だけど、このたび、ようやく赴くことになりまして
だけど、このたび、ようやく赴くことになりまして
この時期と言うことは、やはり共同開発地区の融資話か？
この時期と言うことは、やはり共同開発地区の融資話か？
秀隆
秀隆
しかし、二人同時になんて、どう言うことでしょうね……？
しかし、二人同時になんて、どう言うことでしょうね……？
龍也
龍也
試すつもりなんだろう、僕たちを。そうですよね？
試すつもりなんだろう、僕たちを。そうですよね？
マリア
マリア
…………
…………
マリアさんは振り返り、でも言葉を発することなく微笑むだけだった。
マリアさんは振り返り、でも言葉を発することなく微笑むだけだった。
マリア
マリア
私には、お答えすることが出来ません。
私には、お答えすることが出来ません。
なぜなら、その答えを持ち合わせてはいないからです
なぜなら、その答えを持ち合わせてはいないからです
龍也
龍也
持ち合わせていない？　あなたはクイーンの秘書ですよね
持ち合わせていない？　あなたはクイーンの秘書ですよね
マリア
マリア
秘書がすべてを把握しているわけではありません
秘書がすべてを把握しているわけではありません
マリア
マリア
特に私は、姉の伝令を承ることが仕事ですので
特に私は、姉の伝令を承ることが仕事ですので
マリア
マリア
着きました。こちらになります
着きました。こちらになります
そして、長い廊下の先に、大きな扉があった。
そして、長い廊下の先に、大きな扉があった。
龍也
龍也
なんですか、この臭いは……
なんですか、この臭いは……
秀隆
秀隆
ちょっと臭いますね……
ちょっと臭いますね……
確かに、妙な異臭がする。
確かに、妙な異臭がする。
アンモニア臭、だろうか？
アンモニア臭、だろうか？
とにかく不快な臭いであることに変わりはない。
とにかく不快な臭いであることに変わりはない。
でもマリアさんは顔色一つ変えず、微笑み続けている。
でもマリアさんは顔色一つ変えず、微笑み続けている。
マリア
マリア
これより先で、クイーンがお待ちです
これより先で、クイーンがお待ちです
マリア
マリア
どうぞ
どうぞ
そして、ゆっくりと扉が開かれた。
そして、ゆっくりと扉が開かれた。
龍也
龍也
うっ……
うっ……
より一層強くなったアンモニア臭に、
より一層強くなったアンモニア臭に、
オレたちは表情を強張らせながら、足を踏み入れる。
オレたちは表情を強張らせながら、足を踏み入れる。
龍也
龍也
失礼、致します
失礼、致します
秀隆
秀隆
失礼致します
失礼致します
バタリと入ってきた扉が閉まると、
バタリと入ってきた扉が閉まると、
マリアさんの姿はそこになかった。
マリアさんの姿はそこになかった。
そして
そして
クイーン
クイーン
よく来たわね
よく来たわね
部屋の中には、大きな大きなベッド。
部屋の中には、大きな大きなベッド。
その上には、１人の大柄な大柄な女性が横になっていた。
その上には、１人の大柄な大柄な女性が横になっていた。
龍也
龍也
あなたが……
あなたが……
クイーン
クイーン
ええ。私がクイーンと呼ばれる者よ
ええ。私がクイーンと呼ばれる者よ
その大きさは、並の人間ではなかった。
その大きさは、並の人間ではなかった。
そして、妹のマリアさんとは、似ても似つかない……
そして、妹のマリアさんとは、似ても似つかない……
いや、面影は感じられるが、これはあまりにも―――。
いや、面影は感じられるが、これはあまりにも―――。
クイーン
クイーン
それぞれの街の特務官が、私に何の用かしら
それぞれの街の特務官が、私に何の用かしら
龍也
龍也
それは……出来れば、彼のいないところでお願いしたいのですが
それは……出来れば、彼のいないところでお願いしたいのですが
クイーン
クイーン
何故？
何故？
龍也
龍也
外交交渉に大きく影響するからです
外交交渉に大きく影響するからです
それはオレも同じだ。
それはオレも同じだ。
ここで幾ら貸してくれ、なんて話を高坂特務官の前で話すことは出来ない。
ここで幾ら貸してくれ、なんて話を高坂特務官の前で話すことは出来ない。
というより、言ってしまったら意味がないからだ。
というより、言ってしまったら意味がないからだ。
クイーン
クイーン
なら帰りなさい
なら帰りなさい
龍也
龍也
…………
…………
クイーン
クイーン
あなたたちは、私に融資を募りに来た。そうね？
あなたたちは、私に融資を募りに来た。そうね？
龍也
龍也
そこは否定いたしません
そこは否定いたしません
クイーン
クイーン
なら、今この場で、希望する金額を言いなさい
なら、今この場で、希望する金額を言いなさい
龍也
龍也
しかし
しかし
クイーン
クイーン
答えられない？
答えられない？
龍也
龍也
はい……申し訳ございません
はい……申し訳ございません
クイーン
クイーン
それはあなたも同じかしら？
それはあなたも同じかしら？
秀隆
秀隆
……そうです
……そうです
クイーン
クイーン
ふっ……そう
ふっ……そう
鼻で笑うと、クイーンは大きな手で食べ物を手に取った。
鼻で笑うと、クイーンは大きな手で食べ物を手に取った。
それは何かの果物に見えたが、詳細はわからない。
それは何かの果物に見えたが、詳細はわからない。
むしゃりと口の中に放り込んだ。
むしゃりと口の中に放り込んだ。
クイーン
クイーン
融資することは出来ないわね
融資することは出来ないわね
龍也
龍也
僕の企画書に目を通していただければ、ご納得いただける自信があります
僕の企画書に目を通していただければ、ご納得いただける自信があります
クイーン
クイーン
…………
…………
龍也
龍也
ご融資に報いるだけの成果を、出せます
ご融資に報いるだけの成果を、出せます
クイーン
クイーン
くだらないわね
くだらないわね
また、クイーンは果物に手を伸ばした。
また、クイーンは果物に手を伸ばした。
そしてそれを掴むと、ねっとりと舐めまわした。
そしてそれを掴むと、ねっとりと舐めまわした。
そして、その果物をこちらに向かって放り投る。
そして、その果物をこちらに向かって放り投る。
丁度、高坂特務官の足元に転がってきた。
丁度、高坂特務官の足元に転がってきた。
クイーン
クイーン
拾って食べなさい
拾って食べなさい
龍也
龍也
……ご冗談を
……ご冗談を
クイーン
クイーン
冗談だとでも？
冗談だとでも？
龍也
龍也
…………
…………
高坂特務官は、一度果物に視線をやったが、
高坂特務官は、一度果物に視線をやったが、
すぐに首を振りクイーンに視線を戻した。
すぐに首を振りクイーンに視線を戻した。
龍也
龍也
僕は、確かにあなたにモノを頼みに来た。
僕は、確かにあなたにモノを頼みに来た。
ですが特務官のプライドを捨ててまで、と言うわけではありません
ですが特務官のプライドを捨ててまで、と言うわけではありません
龍也
龍也
僕が這いずり回る姿を見て融資を決めるというなら、お断りします
僕が這いずり回る姿を見て融資を決めるというなら、お断りします
クイーン
クイーン
そう
そう
クイーン
クイーン
ではお帰りなさい
ではお帰りなさい
龍也
龍也
島津くん、悪いことは言わない、君も帰るんだ
島津くん、悪いことは言わない、君も帰るんだ
秀隆
秀隆
ですが
ですが
龍也
龍也
僕たちは敵同士だ。でも、特務官のプライドを捨てて戦いあう道理はない
僕たちは敵同士だ。でも、特務官のプライドを捨てて戦いあう道理はない
龍也
龍也
わかるだろう？
わかるだろう？
秀隆
秀隆
……はい
……はい
クイーン
クイーン
あなたも同じなのね。なら、もう用は無いわ
あなたも同じなのね。なら、もう用は無いわ
クイーンはこちらへの興味をなくし、
クイーンはこちらへの興味をなくし、
もうこちらへ視線を向けようとすらしなかった。
もうこちらへ視線を向けようとすらしなかった。
龍也
龍也
行こう
行こう
秀隆
秀隆
……失礼します
……失礼します
ロビーに戻ると、出会った時と同じようにマリアさんは
ロビーに戻ると、出会った時と同じようにマリアさんは
微笑を浮かべながらオレたちを出迎えてくれた。
微笑を浮かべながらオレたちを出迎えてくれた。
だけど、最初のように話しかけてはくれなかった。
だけど、最初のように話しかけてはくれなかった。
マリア
マリア
お疲れ様でした
お疲れ様でした
マリアさんもまた、オレたちから興味を失ったのだろう。
マリアさんもまた、オレたちから興味を失ったのだろう。
それ以外の言葉は何もなかった。
それ以外の言葉は何もなかった。
龍也
龍也
スーツに臭いがついてしまった。クリーニングだね
スーツに臭いがついてしまった。クリーニングだね
秀隆
秀隆
…………
…………
龍也
龍也
それにしても、クイーンの屋敷で君に出会うなんて。
それにしても、クイーンの屋敷で君に出会うなんて。
ひょっとすると、竹内氏の助言かな？
ひょっとすると、竹内氏の助言かな？
秀隆
秀隆
えっ？
えっ？
龍也
龍也
誰かがクイーンの下に動くとは思っていたけど、まさか君だったとはね
誰かがクイーンの下に動くとは思っていたけど、まさか君だったとはね
秀隆
秀隆
いえ、今回は竹内特務官は関係ありません。
いえ、今回は竹内特務官は関係ありません。
彼女のことは自分で調べさせていただきました
彼女のことは自分で調べさせていただきました
龍也
龍也
だけど、単独で動くには相手が大きすぎるとは思わなかったかい？
だけど、単独で動くには相手が大きすぎるとは思わなかったかい？
龍也
龍也
唐沢代表はクイーンを好ましく思っていないって話だけど
唐沢代表はクイーンを好ましく思っていないって話だけど
秀隆
秀隆
そこで臆していたら、何も交渉なんて出来ませんので
そこで臆していたら、何も交渉なんて出来ませんので
龍也
龍也
はははは、確かに。誰が嫌っていようと君には関係のないことか
はははは、確かに。誰が嫌っていようと君には関係のないことか
龍也
龍也
うん、ともかく、お互い頑張ろう
うん、ともかく、お互い頑張ろう
秀隆
秀隆
はい……
はい……
オレはクイーンの屋敷を振り返った。
オレはクイーンの屋敷を振り返った。
龍也
龍也
後ろ髪引かれるかい？　気持ちは分からないでもない
後ろ髪引かれるかい？　気持ちは分からないでもない
龍也
龍也
融資を得るなら、間違いなくここに頼るのが１番賢い
融資を得るなら、間違いなくここに頼るのが１番賢い
龍也
龍也
でも、僕の勘では、彼女から融資を得ることは容易じゃないね
でも、僕の勘では、彼女から融資を得ることは容易じゃないね
秀隆
秀隆
それは自分も感じました。
それは自分も感じました。
もちろん、高い融資を受けるなら当然かもしれませんが
もちろん、高い融資を受けるなら当然かもしれませんが
龍也
龍也
今日直接会ってみて、大河内代表の言っていたことを理解できた。
今日直接会ってみて、大河内代表の言っていたことを理解できた。
無駄にプライドを弄ばれ、借りられずに終わるのがオチだよ
無駄にプライドを弄ばれ、借りられずに終わるのがオチだよ
秀隆
秀隆
…………
…………
龍也
龍也
もちろん、君が戻るというなら僕に止める権限は無い。
もちろん、君が戻るというなら僕に止める権限は無い。
プライドを捨ててでも可能性を追いたいなら、それもいいだろう
プライドを捨ててでも可能性を追いたいなら、それもいいだろう
龍也
龍也
それでも―――融資を受けられるとは思えないけどね
それでも―――融資を受けられるとは思えないけどね
龍也
龍也
僕は戻って、次の策を練ることにするよ。それじゃあ
僕は戻って、次の策を練ることにするよ。それじゃあ
秀隆
秀隆
はい、お疲れ様でした
はい、お疲れ様でした
オレは頭を下げ、高坂特務官を見送った。
オレは頭を下げ、高坂特務官を見送った。
それから、何をするでもなく、ただぼーっと街を歩いていた。
それから、何をするでもなく、ただぼーっと街を歩いていた。
どうするべきなのだろうか。
どうするべきなのだろうか。
彼の言う通り、オレは特務官だ。
彼の言う通り、オレは特務官だ。
地べたに投げ捨てられた食べ物を拾って食べる、
地べたに投げ捨てられた食べ物を拾って食べる、
そんな真似はしたくない。
そんな真似はしたくない。
だが、彼女を頼る他ないのも事実。
だが、彼女を頼る他ないのも事実。
プライドを捨ててでもすがるべきなのか、別の道を探すべきなのか。
プライドを捨ててでもすがるべきなのか、別の道を探すべきなのか。
重大な決断をしなければならない……。
重大な決断をしなければならない……。
秀隆
秀隆
なんてな
なんてな
そんなもの、当たって砕けるしかないだろ。
そんなもの、当たって砕けるしかないだろ。
元々オレには吐いて捨てるようなプライドしか残っていないんだから。
元々オレには吐いて捨てるようなプライドしか残っていないんだから。
第一、オレはクイーンに対して何も発言できていない。
第一、オレはクイーンに対して何も発言できていない。
さっきの場では、高坂特務官に流されてしまっていただけだ。
さっきの場では、高坂特務官に流されてしまっていただけだ。
島津秀隆、と言う人間を何一つアピールしてないじゃないか。
島津秀隆、と言う人間を何一つアピールしてないじゃないか。
諦めるもクソも、スタートすらしていなかった。
諦めるもクソも、スタートすらしていなかった。
秀隆
秀隆
取り返しのつくミスかどうかは、難しいところだけど……
取り返しのつくミスかどうかは、難しいところだけど……
クイーンと高坂特務官に挟まれ、話に耳を傾けていただけ。
クイーンと高坂特務官に挟まれ、話に耳を傾けていただけ。
あの場の空気に気おされてしまったオレの、落ち度だ。
あの場の空気に気おされてしまったオレの、落ち度だ。
ともかく、もう一度訪ねてみよう。
ともかく、もう一度訪ねてみよう。
再び屋敷を訪れると、マリアさんは追い返すことなく迎え入れてくれた。
再び屋敷を訪れると、マリアさんは追い返すことなく迎え入れてくれた。
変わらぬ微笑みで。
変わらぬ微笑みで。
マリア
マリア
どうされましたか？
どうされましたか？
秀隆
秀隆
先ほどは、大変失礼致しました
先ほどは、大変失礼致しました
秀隆
秀隆
クイーンにも、マリアさんにも不快な思いをさせたのではと思っています
クイーンにも、マリアさんにも不快な思いをさせたのではと思っています
マリア
マリア
それは私にはお答えし兼ねることです。
それは私にはお答えし兼ねることです。
私はただ、姉のもとにお連れしただけに過ぎません。
私はただ、姉のもとにお連れしただけに過ぎません。
中での出来事は、一切存じ上げませんので
中での出来事は、一切存じ上げませんので
マリア
マリア
それに、私自身が不快に思うことは何もありません。
それに、私自身が不快に思うことは何もありません。
融資を受ける者とする者、その関係には様々なものが付きまといます
融資を受ける者とする者、その関係には様々なものが付きまといます
マリア
マリア
ひとつひとつを気にかけていては、物事を進められません
ひとつひとつを気にかけていては、物事を進められません
秀隆
秀隆
そうですか……
そうですか……
マリアさんは、オレを真っ直ぐと見据えた。
マリアさんは、オレを真っ直ぐと見据えた。
マリア
マリア
姉に、もう一度お会いになりたい、と言うことでしょうか
姉に、もう一度お会いになりたい、と言うことでしょうか
秀隆
秀隆
……お会いできるんですか？
……お会いできるんですか？
マリア
マリア
確認を取ることはできます。ですが、保障は致しかねます
確認を取ることはできます。ですが、保障は致しかねます
マリア
マリア
どんな理由や経緯にせよ、
どんな理由や経緯にせよ、
島津様は姉と決裂したことに変わりはありませんので
島津様は姉と決裂したことに変わりはありませんので
秀隆
秀隆
ですよね
ですよね
恐らくそれは、事実上無理、と言うことだろう。
恐らくそれは、事実上無理、と言うことだろう。
オレは折角のチャンスを棒に振ってしまったのだ。
オレは折角のチャンスを棒に振ってしまったのだ。
マリア
マリア
どう致しますか？
どう致しますか？
秀隆
秀隆
いえ……今は、やめておきます
いえ……今は、やめておきます
マリア
マリア
分かりました
分かりました
ここでお願いしたところで、クイーンの心を動かすことはできないだろう。
ここでお願いしたところで、クイーンの心を動かすことはできないだろう。
部屋を去るとき、こちらに向けたあの冷たい視線が物語っていた。
部屋を去るとき、こちらに向けたあの冷たい視線が物語っていた。
秀隆
秀隆
実は、お会いできないだろうとは思っていたんです
実は、お会いできないだろうとは思っていたんです
秀隆
秀隆
マリアさんの言うように、オレはチャンスを棒に振ったわけですから
マリアさんの言うように、オレはチャンスを棒に振ったわけですから
マリア
マリア
では、如何様にして再びここへ足をお運びに？
では、如何様にして再びここへ足をお運びに？
秀隆
秀隆
マリアさんに……マリアさんと少しお話が出来ないかと思いまして
マリアさんに……マリアさんと少しお話が出来ないかと思いまして
マリア
マリア
私にお答えできることでしたら。どうぞ
私にお答えできることでしたら。どうぞ
立ち話もなんなので、と席へと案内される。
立ち話もなんなので、と席へと案内される。
秀隆
秀隆
彼女に融資を受けることが出来た人、
彼女に融資を受けることが出来た人、
と言うのは過去いらっしゃるのですか
と言うのは過去いらっしゃるのですか
マリア
マリア
いいえ、個人では一人もおりません
いいえ、個人では一人もおりません
あっさりと、そう答えられる。
あっさりと、そう答えられる。
マリア
マリア
今回の共同開発地区の資金を、立花家が出していることはご存知でしょうか
今回の共同開発地区の資金を、立花家が出していることはご存知でしょうか
秀隆
秀隆
はい。開発資金の殆どがクイーンからだと言うのは聞き及んでいます
はい。開発資金の殆どがクイーンからだと言うのは聞き及んでいます
だからこそ、今回の仕切りをクイーンサイドが行うことになった。
だからこそ、今回の仕切りをクイーンサイドが行うことになった。
マリア
マリア
姉はけして融資をしないわけではないのです。
姉はけして融資をしないわけではないのです。
そこにちゃんとした目的、可能性があれば、お金を惜しむ人ではありません
そこにちゃんとした目的、可能性があれば、お金を惜しむ人ではありません
秀隆
秀隆
それまで融資を希望された方は、それに値しなかったと
それまで融資を希望された方は、それに値しなかったと
マリア
マリア
あるいは、単純に姉の機嫌を損ねたか、ですね
あるいは、単純に姉の機嫌を損ねたか、ですね
なんか、そっちの方がありえる気がする。
なんか、そっちの方がありえる気がする。
秀隆
秀隆
過去、立花家はたくさんの人たちに融資をしていた、と耳にしました
過去、立花家はたくさんの人たちに融資をしていた、と耳にしました
マリア
マリア
そうですね、前当主……つまり私の母は、多くの方に融資をしたと聞きます
そうですね、前当主……つまり私の母は、多くの方に融資をしたと聞きます
だがその前当主は、数年前に引退し、娘のフィーリアにその地位を譲った。
だがその前当主は、数年前に引退し、娘のフィーリアにその地位を譲った。
今はどこかで優雅に隠居生活を送っているって話だ。
今はどこかで優雅に隠居生活を送っているって話だ。
秀隆
秀隆
フィーリア様に気に入られる方法なんかはあるんでしょうか？
フィーリア様に気に入られる方法なんかはあるんでしょうか？
マリア
マリア
さぁ、それは私には分かりかねます
さぁ、それは私には分かりかねます
マリア
マリア
私はただ、姉の秘書をしているに過ぎませんので
私はただ、姉の秘書をしているに過ぎませんので
クイーン自身、何を考えているのかさっぱり分からない人だった。
クイーン自身、何を考えているのかさっぱり分からない人だった。
探ろう探ろうとしても、警戒の網を突破することができない。
探ろう探ろうとしても、警戒の網を突破することができない。
だがこのマリアさんも、簡単には手の内を見せてはくれない。
だがこのマリアさんも、簡単には手の内を見せてはくれない。
実の妹だけあって、秘められたものは同じだった。
実の妹だけあって、秘められたものは同じだった。
仕草や言葉遣いから得られる情報が殆ど無い。
仕草や言葉遣いから得られる情報が殆ど無い。
秀隆
秀隆
ふう、一筋縄ではいかなそうですね
ふう、一筋縄ではいかなそうですね
マリアさんは再び微笑み、ジッとオレの方を見つめている。
マリアさんは再び微笑み、ジッとオレの方を見つめている。
余計なことは、喋らない、ってことだろう。
余計なことは、喋らない、ってことだろう。
秀隆
秀隆
あの、まだお時間をいただいても大丈夫ですか？
あの、まだお時間をいただいても大丈夫ですか？
マリア
マリア
……私の、ですか？
……私の、ですか？
秀隆
秀隆
はい。都合が悪ければ、勿論出直させていただきますが
はい。都合が悪ければ、勿論出直させていただきますが
マリア
マリア
あまり長くは難しいですが、少しであれば大丈夫です
あまり長くは難しいですが、少しであれば大丈夫です
秀隆
秀隆
ありがとうございます。あ、是非座って下さい。
ありがとうございます。あ、是非座って下さい。
オレだけが座ってると、ちょっと話しづらいですし
オレだけが座ってると、ちょっと話しづらいですし
マリア
マリア
ひとつ申し上げさせていただきますが、
ひとつ申し上げさせていただきますが、
私から何か情報を引きだせるとは、お思いにならないでください
私から何か情報を引きだせるとは、お思いにならないでください
オレの前に座りながら言う。
オレの前に座りながら言う。
マリア
マリア
と言いますのも、私は最低限以外のことを知りえないからです
と言いますのも、私は最低限以外のことを知りえないからです
秀隆
秀隆
それは、クイーンの情報、と言うことですよね？
それは、クイーンの情報、と言うことですよね？
マリア
マリア
ええ、そうですが
ええ、そうですが
秀隆
秀隆
今知りたいのは、実はマリアさんのことだったりします
今知りたいのは、実はマリアさんのことだったりします
マリア
マリア
なるほど……
なるほど……
予想外だったのか、驚いた表情を見せるマリアさん。
予想外だったのか、驚いた表情を見せるマリアさん。
だが、すぐに平静を取り戻し、口を開いた。
だが、すぐに平静を取り戻し、口を開いた。
マリア
マリア
仮に島津様が話術の達人であり、私を口説き落としたとしても、
仮に島津様が話術の達人であり、私を口説き落としたとしても、
姉との交渉に何ら好影響を与えることはありません
姉との交渉に何ら好影響を与えることはありません
秀隆
秀隆
もちろんです。単純にマリアさんがお綺麗なので、
もちろんです。単純にマリアさんがお綺麗なので、
もう少しお近づきになれないか、って言う下心ありありのお話です
もう少しお近づきになれないか、って言う下心ありありのお話です
マリア
マリア
……ふふ
……ふふ
マリア
マリア
珍しい方もいらっしゃるものですね
珍しい方もいらっしゃるものですね
秀隆
秀隆
またまた。マリアさんのような、
またまた。マリアさんのような、
もう絶世の美女ともなると、男性が放っておかないでしょ？
もう絶世の美女ともなると、男性が放っておかないでしょ？
マリア
マリア
そんなことはありません。
そんなことはありません。
この外見ですので、外出時にはどうしても目立ってしまいます
この外見ですので、外出時にはどうしても目立ってしまいます
マリア
マリア
立花の名前も非常に有名ですので、
立花の名前も非常に有名ですので、
それこそ、何も知らぬ殿方がたまに声をおかけになるくらいで
それこそ、何も知らぬ殿方がたまに声をおかけになるくらいで
秀隆
秀隆
やっぱり
やっぱり
マリア
マリア
ですが
ですが
マリア
マリア
立花の名を知り、姉との交渉に失敗し、そして私を落としても何ら効果が無い……。そこまで知って、それでも話をしたいと言われたのはあなたが初めてです
立花の名を知り、姉との交渉に失敗し、そして私を落としても何ら効果が無い……。そこまで知って、それでも話をしたいと言われたのはあなたが初めてです
秀隆
秀隆
いやあ、ただのスケベ心で、褒められるなんて……
いやあ、ただのスケベ心で、褒められるなんて……
ぽりぽりと頬をかく。
ぽりぽりと頬をかく。
秀隆
秀隆
じゃあオレと付き合ってください！
じゃあオレと付き合ってください！
マリア
マリア
ご冗談ばっかり
ご冗談ばっかり
秀隆
秀隆
いやいや、本気ですよ。出会って１秒で恋に落ちましたよ
いやいや、本気ですよ。出会って１秒で恋に落ちましたよ
マリア
マリア
ふふ
ふふ
微笑みを向けてはくれるが、心を開いてくれる気配が全くない。
微笑みを向けてはくれるが、心を開いてくれる気配が全くない。
マリア
マリア
多少なり、私も世間で揉まれている人間です。
多少なり、私も世間で揉まれている人間です。
島津様が本気で申し上げていないことくらいは、わかりますよ
島津様が本気で申し上げていないことくらいは、わかりますよ
秀隆
秀隆
……耳が痛いですね
……耳が痛いですね
こちらのことは全てお見通しらしい。
こちらのことは全てお見通しらしい。
秀隆
秀隆
や、でもマリアさんがすげぇ美人なのは本当です
や、でもマリアさんがすげぇ美人なのは本当です
マリア
マリア
ありがとうございます
ありがとうございます
秀隆
秀隆
じゃあお互い好きになるために、
じゃあお互い好きになるために、
電話番号を交換するところからはじめたいんですが
電話番号を交換するところからはじめたいんですが
無謀と思いながらも聞いてみる。
無謀と思いながらも聞いてみる。
マリア
マリア
仕事用の携帯でよろしければ、喜んで
仕事用の携帯でよろしければ、喜んで
秀隆
秀隆
仕事用でも何でもばっちこいです
仕事用でも何でもばっちこいです
携帯は使えないので、メモ用紙を取り出そうとしていると、
携帯は使えないので、メモ用紙を取り出そうとしていると、
マリアさんがこちらをじっと見つめてきた。
マリアさんがこちらをじっと見つめてきた。
マリア
マリア
島津様
島津様
秀隆
秀隆
はい？
はい？
マリア
マリア
もう一度、姉にお会いになりたいですか？
もう一度、姉にお会いになりたいですか？
秀隆
秀隆
それはもちろんですが、
それはもちろんですが、
今無理にお願いしても無駄なのはわかってます
今無理にお願いしても無駄なのはわかってます
秀隆
秀隆
自分は何度でも、ここを訪ねるつもりです
自分は何度でも、ここを訪ねるつもりです
マリア
マリア
姉のところへ案内しても構いません
姉のところへ案内しても構いません
秀隆
秀隆
…………
…………
マリア
マリア
どう致しますか？　もちろん、私との雑談を所望であれば、お答えします
どう致しますか？　もちろん、私との雑談を所望であれば、お答えします
秀隆
秀隆
……是非、クイーンにもう一度合わせてください
……是非、クイーンにもう一度合わせてください
オレは、もうメモ用紙を取り出すことはしなかった。
オレは、もうメモ用紙を取り出すことはしなかった。
マリア
マリア
畏まりました。こちらへ
畏まりました。こちらへ
マリアさんは立ち上がると、先ほどのように奥の扉を開いた。
マリアさんは立ち上がると、先ほどのように奥の扉を開いた。
秀隆
秀隆
どうして急に……それに、権限はお持ちにならないのでは？
どうして急に……それに、権限はお持ちにならないのでは？
どこかでクイーンに連絡を取っていた様子もない。
どこかでクイーンに連絡を取っていた様子もない。
マリア
マリア
はい、私は権限を持ち合わせておりません。
はい、私は権限を持ち合わせておりません。
ただ、先ほどの対話の後、姉から言伝を受けていたに過ぎません
ただ、先ほどの対話の後、姉から言伝を受けていたに過ぎません
秀隆
秀隆
言伝、ですか
言伝、ですか
マリア
マリア
もしも、どちらか片方が戻ってくるようであれば、
もしも、どちらか片方が戻ってくるようであれば、
ふる
ふる
いにかけ、それでも残る選択をするならば、奥へ通せ、と
いにかけ、それでも残る選択をするならば、奥へ通せ、と
秀隆
秀隆
…………
…………
何故クイーンは、そんなことを……。
何故クイーンは、そんなことを……。
あんな無茶な要求をオレたちに突きつけたのも、
あんな無茶な要求をオレたちに突きつけたのも、
ただの戯れじゃなかったってことか？
ただの戯れじゃなかったってことか？
扉の前に立つマリアさん。
扉の前に立つマリアさん。
マリア
マリア
では、ご健闘をお祈りします
では、ご健闘をお祈りします
秀隆
秀隆
あ……
あ……
マリア
マリア
なにか？
なにか？
秀隆
秀隆
後で仕事用の携帯番号、教えてくださいね
後で仕事用の携帯番号、教えてくださいね
マリア
マリア
畏まりました
畏まりました
秀隆
秀隆
失礼します
失礼します
クイーン
クイーン
やはり、戻ってきたのはあなたのようね
やはり、戻ってきたのはあなたのようね
秀隆
秀隆
……先ほどは失礼致しました
……先ほどは失礼致しました
クイーン
クイーン
気にしていないわ
気にしていないわ
むしゃりと果物に齧りつき、べろべろと手を舐める。
むしゃりと果物に齧りつき、べろべろと手を舐める。
クイーン
クイーン
幾ら貸して欲しいの？
幾ら貸して欲しいの？
秀隆
秀隆
……５億です
……５億です
クイーン
クイーン
５億、融資しても構わないわ
５億、融資しても構わないわ
秀隆
秀隆
え……
え……
こちらからの要求を、間髪入れず承諾した。
こちらからの要求を、間髪入れず承諾した。
クイーン
クイーン
でも……まずは、あなたの覚悟を見せてもらいたいわね
でも……まずは、あなたの覚悟を見せてもらいたいわね
秀隆
秀隆
覚悟ですか……
覚悟ですか……
一体、どれほど恐ろしい要求を突きつけられるのか。
一体、どれほど恐ろしい要求を突きつけられるのか。
オレは震えそうになる身体を堪えながら、
オレは震えそうになる身体を堪えながら、
真っ直ぐとクイーンの瞳を見つめた。
真っ直ぐとクイーンの瞳を見つめた。
クイーン
クイーン
今ここで全裸になってみせて
今ここで全裸になってみせて
秀隆
秀隆
…………
…………
クイーン
クイーン
…………
…………
秀隆
秀隆
……はい！？
……はい！？
クイーン
クイーン
聞こえなかったの？　全裸になりなさいと言ったの
聞こえなかったの？　全裸になりなさいと言ったの
全裸、全裸ってのはもちろん、素っ裸のことだよな？
全裸、全裸ってのはもちろん、素っ裸のことだよな？
秀隆
秀隆
色々覚悟はしていましたが……
色々覚悟はしていましたが……
全裸になれ、なんて言われるとは思わなかった。
全裸になれ、なんて言われるとは思わなかった。
クイーン
クイーン
断るのか断らないのかは、当然あなたの自由。
断るのか断らないのかは、当然あなたの自由。
そして私の発言を本当と取るか冗談ととるかもあなたの自由よ
そして私の発言を本当と取るか冗談ととるかもあなたの自由よ
秀隆
秀隆
きっと、本気なんでしょうね
きっと、本気なんでしょうね
クイーン
クイーン
それはどうかしら？　私の発言をどう取るかはあなたの自由よ
それはどうかしら？　私の発言をどう取るかはあなたの自由よ
秀隆
秀隆
……ふー……
……ふー……
ここに戻ってきて、また帰ることは出来ない。
ここに戻ってきて、また帰ることは出来ない。
出来ることは全てやる覚悟で戻ってきたんだ。
出来ることは全てやる覚悟で戻ってきたんだ。
オレは、スーツに手をかけた。
オレは、スーツに手をかけた。
そして上着を脱ぎ捨て、絨毯へと落とす。
そして上着を脱ぎ捨て、絨毯へと落とす。
次にシャツを脱ぐ。
次にシャツを脱ぐ。
オレは上半身裸になった。
オレは上半身裸になった。
クイーン
クイーン
全裸の意味は、分かってるわよね？
全裸の意味は、分かってるわよね？
秀隆
秀隆
もちろんです
もちろんです
そして、オレはベルトに手をかけた。
そして、オレはベルトに手をかけた。
ズボンを脱ぎ捨て、靴と靴下もその場に脱ぐ。
ズボンを脱ぎ捨て、靴と靴下もその場に脱ぐ。
これでオレは、トランクス一丁になったわけだが。
これでオレは、トランクス一丁になったわけだが。
seぱちぱち拍手 (3
seぱちぱち拍手 (3
クイーン
クイーン
あと１枚よ
あと１枚よ
愉快そうに笑い、手をたたく。
愉快そうに笑い、手をたたく。
秀隆
秀隆
…………
…………
クイーン
クイーン
それにしても、なかなか引き締まった体をしてるじゃない。
それにしても、なかなか引き締まった体をしてるじゃない。
普通の特務官とは思えないわ。スポーツでもやっていたの？
普通の特務官とは思えないわ。スポーツでもやっていたの？
秀隆
秀隆
昔の財産を食いつぶしているだけです。
昔の財産を食いつぶしているだけです。
このままいけば、だるんだるんの中年コースですよ
このままいけば、だるんだるんの中年コースですよ
クイーン
クイーン
ふふ。それはそれで私の好みよ
ふふ。それはそれで私の好みよ
ゾクリとするようなことを言ってくれる。
ゾクリとするようなことを言ってくれる。
クイーン
クイーン
どうするの、その残り１枚
どうするの、その残り１枚
秀隆
秀隆
ここまできて脱がないって選択肢は、さすがにありません
ここまできて脱がないって選択肢は、さすがにありません
オレは、トランクスに手をかけ、足元へとおろした。
オレは、トランクスに手をかけ、足元へとおろした。
クイーンはにやりと笑い、果物を手に取る。
クイーンはにやりと笑い、果物を手に取る。
秀隆
秀隆
これでよろしいでしょうか
これでよろしいでしょうか
クイーン
クイーン
あなたにプライドはないわけ？
あなたにプライドはないわけ？
立派なナニを持ってるならまだしも、随分縮みあがっちゃって
立派なナニを持ってるならまだしも、随分縮みあがっちゃって
秀隆
秀隆
元々こんなサイズなので、どうしようもないです
元々こんなサイズなので、どうしようもないです
クイーン
クイーン
ふふふふ、それは悪かったわね
ふふふふ、それは悪かったわね
クイーン
クイーン
でも随分と余裕そうね。地べたを這いずり回るのになれてる？
でも随分と余裕そうね。地べたを這いずり回るのになれてる？
秀隆
秀隆
そうかも知れません
そうかも知れません
クイーン
クイーン
皮が邪魔ね
皮が邪魔ね
秀隆
秀隆
それはオレも日々思ってます……
それはオレも日々思ってます……
秀隆
秀隆
……これでよろしいですか？
……これでよろしいですか？
オレはクイーンに言われるがまま、自らの手で皮を剥く。
オレはクイーンに言われるがまま、自らの手で皮を剥く。
クイーン
クイーン
実に傑作ね。今の自分がどれほど惨めか分かる？
実に傑作ね。今の自分がどれほど惨めか分かる？
秀隆
秀隆
交渉で負けることに比べれば、大したことじゃありません
交渉で負けることに比べれば、大したことじゃありません
クイーン
クイーン
そう
そう
笑みを見せていたクイーンの表情が、硬くなっていく。
笑みを見せていたクイーンの表情が、硬くなっていく。
クイーン
クイーン
あなたに２つの選択肢をあげるわ。
あなたに２つの選択肢をあげるわ。
ゆっくり私と交渉して融資を得るのと、急ぎ交渉で融資を得る。どちらが好み？
ゆっくり私と交渉して融資を得るのと、急ぎ交渉で融資を得る。どちらが好み？
秀隆
秀隆
それはもちろん、急ぎ交渉をお願いしたいところです
それはもちろん、急ぎ交渉をお願いしたいところです
クイーン
クイーン
じゃあ……
じゃあ……
クイーンは、果物の傍に置かれてあった果物ナイフを投げ、
クイーンは、果物の傍に置かれてあった果物ナイフを投げ、
オレの足元へと転がしてきた。
オレの足元へと転がしてきた。
クイーン
クイーン
それでアレを切り落としたら、今すぐ融資してあげるわ
それでアレを切り落としたら、今すぐ融資してあげるわ
秀隆
秀隆
クイーン……
クイーン……
オレは強く睨みつけ、こう言った。
オレは強く睨みつけ、こう言った。
秀隆
秀隆
それは出来かねます
それは出来かねます
クイーン
クイーン
こればかりは、怒ったかしら？
こればかりは、怒ったかしら？
秀隆
秀隆
ええ。当たり前です。そんなことは絶対に出来ない
ええ。当たり前です。そんなことは絶対に出来ない
クイーン
クイーン
……なぜ？
……なぜ？
秀隆
秀隆
なぜって……
なぜって……
秀隆
秀隆
これは女の子と仲良くなったときに必要ですから！
これは女の子と仲良くなったときに必要ですから！
秀隆
秀隆
これは女の子と仲良くなったときに必要ですから！
これは女の子と仲良くなったときに必要ですから！
秀隆
秀隆
これは女の子と仲良くなったときに必要ですから！
これは女の子と仲良くなったときに必要ですから！
秀隆
秀隆
これは女の子と仲良くなったときに必要ですから！
これは女の子と仲良くなったときに必要ですから！
クイーン
クイーン
ど、どうして３回も言うのよ……
ど、どうして３回も言うのよ……
秀隆
秀隆
それだけ大切なことだからです！
それだけ大切なことだからです！
クイーン
クイーン
……まったく、ストレートな答えね
……まったく、ストレートな答えね
秀隆
秀隆
それだけはご勘弁を。いや、本当に
それだけはご勘弁を。いや、本当に
クイーン
クイーン
なら、融資は必要ないのね？
なら、融資は必要ないのね？
秀隆
秀隆
今すぐの融資でなくても構わない方法の提示をお願いします
今すぐの融資でなくても構わない方法の提示をお願いします
クイーン
クイーン
ゆっくりゆっくり、
ゆっくりゆっくり、
例えば１年単位で時間をかけてやっていっても構わないわね？
例えば１年単位で時間をかけてやっていっても構わないわね？
秀隆
秀隆
出来れば１、２週間ほどで終わる交渉を希望したいですね
出来れば１、２週間ほどで終わる交渉を希望したいですね
クイーン
クイーン
それだと、どうしてもハードなものになるわ
それだと、どうしてもハードなものになるわ
秀隆
秀隆
では改めて別のハードなものをお願いできますか
では改めて別のハードなものをお願いできますか
クイーン
クイーン
仕方ないわね。堂々全裸になったご褒美よ。スペシャルハードにしてあげる
仕方ないわね。堂々全裸になったご褒美よ。スペシャルハードにしてあげる
秀隆
秀隆
嬉しいスペシャルになるといいんですが
嬉しいスペシャルになるといいんですが
クイーンは端末の操作を始める。
クイーンは端末の操作を始める。
クイーン
クイーン
島津秀隆、２３歳。元慶桜学園の臨時教師で、現特務官
島津秀隆、２３歳。元慶桜学園の臨時教師で、現特務官
どうやらオレのプロフィールらしい。
どうやらオレのプロフィールらしい。
クイーン
クイーン
……ふぅん
……ふぅん
何か思うところがあったのか、笑みを見せる。
何か思うところがあったのか、笑みを見せる。
クイーン
クイーン
両親は土地開拓の落盤事故で死亡。特務官だったの？
両親は土地開拓の落盤事故で死亡。特務官だったの？
秀隆
秀隆
そう聞き及んでいます
そう聞き及んでいます
クイーン
クイーン
それで特務官を目指そうと思ったわけ？
それで特務官を目指そうと思ったわけ？
秀隆
秀隆
特務官は子供のヒーローですから。それだけです
特務官は子供のヒーローですから。それだけです
クイーン
クイーン
……それはどうかしら？
……それはどうかしら？
クイーン
クイーン
今あなたは、何の迷いもなく即答したけれど、それは嘘ね
今あなたは、何の迷いもなく即答したけれど、それは嘘ね
秀隆
秀隆
嘘ですか、どういうことですか
嘘ですか、どういうことですか
クイーン
クイーン
特務官が街のヒーロー、あなた本当にそう思ってる？
特務官が街のヒーロー、あなた本当にそう思ってる？
秀隆
秀隆
当然です
当然です
クイーン
クイーン
それは変ね。あなたの良く知る特務官は、
それは変ね。あなたの良く知る特務官は、
あなたに暴言を吐き、暴力を振るう、そんな男じゃなかった？
あなたに暴言を吐き、暴力を振るう、そんな男じゃなかった？
秀隆
秀隆
…………
…………
ドンと、心臓を直接押されたような衝撃が走った。
ドンと、心臓を直接押されたような衝撃が走った。
クイーン
クイーン
殺してやりたいと思ったことも、１度や２度じゃなかったはず
殺してやりたいと思ったことも、１度や２度じゃなかったはず
クイーン
クイーン
でもあなたは我慢したそうね
でもあなたは我慢したそうね
クイーン
クイーン
最愛の姉のために
最愛の姉のために
秀隆
秀隆
っ、はぁっ……っは……！　くっ……！
っ、はぁっ……っは……！　くっ……！
その場に膝をつく。
その場に膝をつく。
クイーン
クイーン
そして、妄想型を含む特定不能の総合失調症にかかった
そして、妄想型を含む特定不能の総合失調症にかかった
秀隆
秀隆
はぁ、はぁっ、はぁっ……！
はぁ、はぁっ、はぁっ……！
クイーン
クイーン
治療は良好のようだけれど、
治療は良好のようだけれど、
今でも過去の話になると、パニック障害を起こしてしまう
今でも過去の話になると、パニック障害を起こしてしまう
秀隆
秀隆
オ、オレは
オ、オレは
クイーン
クイーン
あなたをそうさせているものは何かしら？
あなたをそうさせているものは何かしら？
所詮ここにいて集められる情報はここまで。
所詮ここにいて集められる情報はここまで。
私はそのパンドラの箱の中身に、大変興味がある
私はそのパンドラの箱の中身に、大変興味がある
秀隆
秀隆
オレはっ
オレはっ
意図せず、過去の記憶がフラッシュバックを始める。
意図せず、過去の記憶がフラッシュバックを始める。
最悪だ。
最悪だ。
こんな場所で、あのときのことを思い返すなんて、最悪だ。
こんな場所で、あのときのことを思い返すなんて、最悪だ。
オレの心が、継ぎはぎだらけの修復した心が、
オレの心が、継ぎはぎだらけの修復した心が、
砕け散ってしまいそうになる。
砕け散ってしまいそうになる。
抑えろ、抑えええええろろろろろ……。
抑えろ、抑えええええろろろろろ……。
抑えるんだ
抑えるんだ
オレは、床に額をたたきつけた。
オレは、床に額をたたきつけた。
下手すれば脳震盪を起こすほどの強さ。
下手すれば脳震盪を起こすほどの強さ。
でも、その強い衝撃と痛みが、オレをその場に留めてくれた。
でも、その強い衝撃と痛みが、オレをその場に留めてくれた。
秀隆
秀隆
……お見事です。よく、それだけの情報を集めましたね……
……お見事です。よく、それだけの情報を集めましたね……
クイーン
クイーン
これが私の力の１つ、とだけ言っておくわ
これが私の力の１つ、とだけ言っておくわ
秀隆
秀隆
あなたの力には敬意を表しますが……
あなたの力には敬意を表しますが……
でも、オレは今過去に縛られている場合じゃありません
でも、オレは今過去に縛られている場合じゃありません
秀隆
秀隆
前に進まなければならないんです
前に進まなければならないんです
クイーン
クイーン
……なるほどね
……なるほどね
秀隆
秀隆
オレと交渉を、お願いします
オレと交渉を、お願いします
クイーン
クイーン
いいわ。あなたの覚悟はある程度伝わった。
いいわ。あなたの覚悟はある程度伝わった。
なら、今度はあなたの実力を私に見せなさい
なら、今度はあなたの実力を私に見せなさい
秀隆
秀隆
どうすればよろしいでしょうか
どうすればよろしいでしょうか
se端末機同音【ピッ
se端末機同音【ピッ
クイーン
クイーン
マリア。例の書類を持って入ってきなさい
マリア。例の書類を持って入ってきなさい
秀隆
秀隆
まりあ……
まりあ……
秀隆
秀隆
マリアさん！？
マリアさん！？
少しして、扉が開くとマリアさんが入ってきた。
少しして、扉が開くとマリアさんが入ってきた。
オレは飛び上がり、慌てて両手で股間を隠す。
オレは飛び上がり、慌てて両手で股間を隠す。
マリア
マリア
どうぞ
どうぞ
マリアさんは気にした様子も無く書類を差し出してくる。
マリアさんは気にした様子も無く書類を差し出してくる。
秀隆
秀隆
これは……？
これは……？
クイーン
クイーン
それが私からの要求。あなたに答えられるかしら？
それが私からの要求。あなたに答えられるかしら？
秀隆
秀隆
拝見します
拝見します
そっと右手を差し出す。
そっと右手を差し出す。
クイーン
クイーン
ちょっと待ちなさい
ちょっと待ちなさい
秀隆
秀隆
え？
え？
書類を受け取ろうとしたところでストップがかかる。
書類を受け取ろうとしたところでストップがかかる。
クイーン
クイーン
どうして股間を隠すの？
どうして股間を隠すの？
秀隆
秀隆
どうしてって……
どうしてって……
これをマリアさんに見せるわけにはいかないだろう。
これをマリアさんに見せるわけにはいかないだろう。
クイーン
クイーン
手をどけなさい
手をどけなさい
秀隆
秀隆
い、いやでも……
い、いやでも……
クイーン
クイーン
さっきまでの威勢はどうしたのかしら？
さっきまでの威勢はどうしたのかしら？
だってそれは、クイーンを異性として見ていなかっただけで（失礼）
だってそれは、クイーンを異性として見ていなかっただけで（失礼）
ある意味男に裸を見せるようなものだった。
ある意味男に裸を見せるようなものだった。
でも、今度はそうは行かない。
でも、今度はそうは行かない。
目の前にいるのは、一発で惚れてまうやろ、なマリアさんだ。
目の前にいるのは、一発で惚れてまうやろ、なマリアさんだ。
そんな人に股間（しかも手剥き）を見せるなんて
そんな人に股間（しかも手剥き）を見せるなんて
出来るはずが
出来るはずが
クイーン
クイーン
マリア、書類を渡す必要は無いわ
マリア、書類を渡す必要は無いわ
マリア
マリア
畏まりました
畏まりました
すっと書類を引き上げられる。
すっと書類を引き上げられる。
秀隆
秀隆
うぐ！？
うぐ！？
それは困る。
それは困る。
融資の可能性を失うわけにはいかない。
融資の可能性を失うわけにはいかない。
……そこで、オレはある閃きに至る。
……そこで、オレはある閃きに至る。
秀隆
秀隆
分かりました……
分かりました……
秀隆
秀隆
そこまでおっしゃるのであれば……
そこまでおっしゃるのであれば……
秀隆
秀隆
隠すのをやめます
隠すのをやめます
クイーン
クイーン
じゃあ、みっともなく股間を晒して受け取るのね？
じゃあ、みっともなく股間を晒して受け取るのね？
試すように、遊ぶようにオレへと言葉を投げる。
試すように、遊ぶようにオレへと言葉を投げる。
そう、恥ずかしい状態を隠せない、と言う気持ちでいるから駄目なのだ。
そう、恥ずかしい状態を隠せない、と言う気持ちでいるから駄目なのだ。
秀隆
秀隆
マリアさん！！！
マリアさん！！！
マリア
マリア
はいっ？
はいっ？
秀隆
秀隆
オレの、オレのすべてを、見てくださいまし！！
オレの、オレのすべてを、見てくださいまし！！
意を決し、その左手のヴェールを取り払った。
意を決し、その左手のヴェールを取り払った。
マリアさんの目の前に、生まれたままの姿で、
マリアさんの目の前に、生まれたままの姿で、
可愛いオレの股間がさらけだされる。
可愛いオレの股間がさらけだされる。
秀隆
秀隆
ああああ、見られている、見られているうううう！
ああああ、見られている、見られているうううう！
もう当然、半分大きくなってしまったような状態を。
もう当然、半分大きくなってしまったような状態を。
でもなんだろう、この……
でもなんだろう、この……
快感は！
快感は！
調子に乗って、ステップしたり飛び跳ねて回転させてみる。
調子に乗って、ステップしたり飛び跳ねて回転させてみる。
秀隆
秀隆
ゾクゾクゾクっ！
ゾクゾクゾクっ！
クイーン
クイーン
思ったよりも神経が図太いわね……
思ったよりも神経が図太いわね……
マリア
マリア
にこっ
にこっ
マリアさんは動じた様子も、ましてオレの股間に着目するでもなく微笑んだままだった。
マリアさんは動じた様子も、ましてオレの股間に着目するでもなく微笑んだままだった。
秀隆
秀隆
いいんですよ、もう隠しません。見てくださってもいいんですよ！
いいんですよ、もう隠しません。見てくださってもいいんですよ！
クイーン
クイーン
危ない方向に開き直らないで
危ない方向に開き直らないで
秀隆
秀隆
あああああ、エクスタスィーーーーーー！
あああああ、エクスタスィーーーーーー！
マリア
マリア
クスッ、そのサイズでよく大胆になれますね
クスッ、そのサイズでよく大胆になれますね
seガラスヒビ (2
seガラスヒビ (2
ガラスヒビ
ガラスヒビ
…………。
…………。
秀隆
秀隆
…………
…………
秀隆
秀隆
…………
…………
秀隆
秀隆
…………
…………
クイーン
クイーン
今のは相当堪えたかしら……書類を渡してあげなさい
今のは相当堪えたかしら……書類を渡してあげなさい
マリア
マリア
はいどうぞ、こちらになります
はいどうぞ、こちらになります
秀隆
秀隆
う、うぅ……もうオレは駄目だ……
う、うぅ……もうオレは駄目だ……
股間は瞬く間に縮み上がり、泣きながら書類を受け取る。
股間は瞬く間に縮み上がり、泣きながら書類を受け取る。
クイーン
クイーン
あまりに惨め過ぎて見てられないわね……
あまりに惨め過ぎて見てられないわね……
もう服を着てもいいわよ。飽きたことだし
もう服を着てもいいわよ。飽きたことだし
秀隆
秀隆
人の心をもてあそばないでくださいよ！
人の心をもてあそばないでくださいよ！
そして、高速でパンツとズボンを履いた。
そして、高速でパンツとズボンを履いた。
改めて、オレは手渡された書類に目を通す。
改めて、オレは手渡された書類に目を通す。
秀隆
秀隆
……これはまた、とんでもない要求ですね
……これはまた、とんでもない要求ですね
クイーン
クイーン
５億の追加融資につりあったものだと思うわ
５億の追加融資につりあったものだと思うわ
冗談だろ……この要求は、ちょっとやそっとで出来るものじゃない。
冗談だろ……この要求は、ちょっとやそっとで出来るものじゃない。
だけど
だけど
その書類の厳しい条件には、特典も記載されていた。
その書類の厳しい条件には、特典も記載されていた。
５億の返済期限は『無期限』そして、『無利子』であると。
５億の返済期限は『無期限』そして、『無利子』であると。
当然それは、破格の待遇と言える。
当然それは、破格の待遇と言える。
クイーン
クイーン
引き受けるかどうか、選ぶ時間をあげるわ
引き受けるかどうか、選ぶ時間をあげるわ
クイーン
クイーン
そうね……３時間以内に返事をしなさい
そうね……３時間以内に返事をしなさい
秀隆
秀隆
３時間、ですか……
３時間、ですか……
マリア
マリア
では島津様、ロビーの方へどうぞ
では島津様、ロビーの方へどうぞ
ロビーの椅子に座ったオレは、何度も書類に目を通していた。
ロビーの椅子に座ったオレは、何度も書類に目を通していた。
彼女がオレに突きつけた要求、それは……
彼女がオレに突きつけた要求、それは……
ステーションの規制緩和。ステーションにおける審査、及び資格のランクを下げること
ステーションの規制緩和。ステーションにおける審査、及び資格のランクを下げること
分かりやすく言えば、一般人も簡単な手続きを行うことで
分かりやすく言えば、一般人も簡単な手続きを行うことで
互いの街を行き来することをできるようにしろ、ってことだった。
互いの街を行き来することをできるようにしろ、ってことだった。
こんなことは、何十年も前から、街の代表同士で話し合いが持たれている。
こんなことは、何十年も前から、街の代表同士で話し合いが持たれている。
だが、秩序を守るために、街の財産を守るために、
だが、秩序を守るために、街の財産を守るために、
リスクある選択を選ぶことはしてこなかった。
リスクある選択を選ぶことはしてこなかった。
だから今でも、簡単に街を行き来することは出来ていないのだ。
だから今でも、簡単に街を行き来することは出来ていないのだ。
秀隆
秀隆
無茶だ……
無茶だ……
マリア
マリア
紅茶です。どうぞ
紅茶です。どうぞ
seコーヒーをテーブルに置く0
seコーヒーをテーブルに置く0
秀隆
秀隆
あ、ありがとうございます
あ、ありがとうございます
マリアさんはオレの正面に腰を下ろした。
マリアさんはオレの正面に腰を下ろした。
マリア
マリア
どうなさるおつもりですか？
どうなさるおつもりですか？
秀隆
秀隆
やるしかないとは思っています
やるしかないとは思っています
秀隆
秀隆
ただ、ビジョンが見えないと言いますか
ただ、ビジョンが見えないと言いますか
マリア
マリア
私の姉は、よく人をからかいます。
私の姉は、よく人をからかいます。
先ほど島津様に脱ぐよう強要したことも、良くあることなのです
先ほど島津様に脱ぐよう強要したことも、良くあることなのです
秀隆
秀隆
普通の人は脱ぎません、よね
普通の人は脱ぎません、よね
マリア
マリア
ふふ、そうですね。中にはもちろん、お脱ぎになる方もおられますが
ふふ、そうですね。中にはもちろん、お脱ぎになる方もおられますが
秀隆
秀隆
その後の要求を呑めず、融資にはいたらなかった、と
その後の要求を呑めず、融資にはいたらなかった、と
マリア
マリア
ですが姉は、出来ないことを交渉材料に使う真似だけはしません
ですが姉は、出来ないことを交渉材料に使う真似だけはしません
マリア
マリア
あなたにその可能性があると判断したから、任せようとしているんです
あなたにその可能性があると判断したから、任せようとしているんです
秀隆
秀隆
……なるほど
……なるほど
秀隆
秀隆
相当な買い被りを受けていると言うことでしょうね
相当な買い被りを受けていると言うことでしょうね
マリア
マリア
非凡なる才能を秘めていらっしゃるのでしょう
非凡なる才能を秘めていらっしゃるのでしょう
秀隆
秀隆
どうですかね……今のオレは凡人以下だと思いますが
どうですかね……今のオレは凡人以下だと思いますが
マリア
マリア
ご自分を卑下されるのは、周囲とのギャップを恐れているからですか？
ご自分を卑下されるのは、周囲とのギャップを恐れているからですか？
秀隆
秀隆
痛いところを突いてきますね。そうかも知れません
痛いところを突いてきますね。そうかも知れません
秀隆
秀隆
不用意に自分を持ち上げすぎて、
不用意に自分を持ち上げすぎて、
手痛いミスや失敗をしたときに、格好悪いですから
手痛いミスや失敗をしたときに、格好悪いですから
マリア
マリア
お気持ちはわからないでもありません。
お気持ちはわからないでもありません。
ただ、それでは目指す高みにはたどり着けないでしょう
ただ、それでは目指す高みにはたどり着けないでしょう
マリア
マリア
時に己を鼓舞することは、大切なものとなります
時に己を鼓舞することは、大切なものとなります
秀隆
秀隆
……マリアさん、やっぱり美人ですね。デートしてください
……マリアさん、やっぱり美人ですね。デートしてください
改めて、まじまじと顔を見つめてしまう。
改めて、まじまじと顔を見つめてしまう。
マリア
マリア
困ったときには、自分から論点をすり替える。
困ったときには、自分から論点をすり替える。
それが相手を褒めることならば、それほど違和感も残りませんね
それが相手を褒めることならば、それほど違和感も残りませんね
秀隆
秀隆
参ったな……素直にそう思っただけなのに
参ったな……素直にそう思っただけなのに
マリア
マリア
どうされますか？
どうされますか？
秀隆
秀隆
答えは決まってます。だけどその前に
答えは決まってます。だけどその前に
秀隆
秀隆
やらせてください
やらせてください
クイーン
クイーン
そう、決断したようね。断るとは思っていなかったけれど。
そう、決断したようね。断るとは思っていなかったけれど。
でも思ったよりも決断に時間がかかったわね。２時間５５分よ
でも思ったよりも決断に時間がかかったわね。２時間５５分よ
秀隆
秀隆
申し訳ありません
申し訳ありません
クイーン
クイーン
この程度の決断に時間を要しているようだと、先が思いやられるわね
この程度の決断に時間を要しているようだと、先が思いやられるわね
秀隆
秀隆
言い返す言葉もありません。つい、マリアさんと話込んでしまいまして
言い返す言葉もありません。つい、マリアさんと話込んでしまいまして
クイーン
クイーン
……どういうこと？
……どういうこと？
秀隆
秀隆
だって、こんな機会でもないとマリアさんとお会いできませんし、
だって、こんな機会でもないとマリアさんとお会いできませんし、
それなら色々趣味とか好きな食べ物とか聞きたいじゃないですか
それなら色々趣味とか好きな食べ物とか聞きたいじゃないですか
クイーン
クイーン
あなた、まさかナンパして遅くなったわけじゃないわよね？
あなた、まさかナンパして遅くなったわけじゃないわよね？
秀隆
秀隆
やだな。もちろん交渉のために必要な話をしていたんです
やだな。もちろん交渉のために必要な話をしていたんです
秀隆
秀隆
お陰でマリアさんのことを沢山知ることが出来ました。
お陰でマリアさんのことを沢山知ることが出来ました。
いやぁ交渉って大変ですね。相手のことを深く知らないといけませんから
いやぁ交渉って大変ですね。相手のことを深く知らないといけませんから
クイーン
クイーン
なんだか、この話をなかったことにしたくなってきたわ
なんだか、この話をなかったことにしたくなってきたわ
秀隆
秀隆
またまたご冗談を
またまたご冗談を
クイーン
クイーン
……話を戻すわよ
……話を戻すわよ
秀隆
秀隆
はい
はい
クイーンの表情が引き締まる。
クイーンの表情が引き締まる。
オレも自分を引き締め直すように姿勢を正した。
オレも自分を引き締め直すように姿勢を正した。
クイーン
クイーン
あなたが集めるべき署名は３つ。
あなたが集めるべき署名は３つ。
ドリームタウン代表、大河内。ホープタウン代表、唐沢
ドリームタウン代表、大河内。ホープタウン代表、唐沢
クイーン
クイーン
そして倉屋敷。この３人を説得し、規制緩和の承諾を得なさい
そして倉屋敷。この３人を説得し、規制緩和の承諾を得なさい
秀隆
秀隆
精一杯、挑ませていただきます
精一杯、挑ませていただきます
クイーン
クイーン
特務官島津秀隆。あなたの力を、試させて貰うわ
特務官島津秀隆。あなたの力を、試させて貰うわ
不気味に笑うクイーンを背に、オレはその場を離れた。
不気味に笑うクイーンを背に、オレはその場を離れた。
マリア
マリア
健闘をお祈りします。島津様
健闘をお祈りします。島津様
秀隆
秀隆
……ありがとうございます
……ありがとうございます
秀隆
秀隆
あの、もし交渉が上手くいったら
あの、もし交渉が上手くいったら
マリア
マリア
大丈夫です。姉は約束を反故にしたりしません
大丈夫です。姉は約束を反故にしたりしません
秀隆
秀隆
あぁいえ、そうではなく
あぁいえ、そうではなく
マリア
マリア
はい？
はい？
秀隆
秀隆
オレとデートしてくれますか！？
オレとデートしてくれますか！？
マリア
マリア
……そうですね。それを交渉に含めたいと仰るなら。
……そうですね。それを交渉に含めたいと仰るなら。
こちらでしっかりとご検討させていただきます
こちらでしっかりとご検討させていただきます
秀隆
秀隆
よろしくお願いします！　うおおおお、がんばるど！
よろしくお願いします！　うおおおお、がんばるど！
叫びながら、オレはクイーンの屋敷を後にした。
叫びながら、オレはクイーンの屋敷を後にした。
秀隆
秀隆
と、まぁ今日クイーンに会ってきたが、ありゃ相当な変わり者だ
と、まぁ今日クイーンに会ってきたが、ありゃ相当な変わり者だ
秀隆
秀隆
とてもじゃないが、アレと交渉できる人間の気が知れない
とてもじゃないが、アレと交渉できる人間の気が知れない
秀隆
秀隆
悪いんだけどコーヒーのお代わり
悪いんだけどコーヒーのお代わり
凛
凛
はいはい……
はいはい……
って、何であんたがあたしの家に来るわけ！
って、何であんたがあたしの家に来るわけ！
希望
希望
私もお代わり欲しいな
私もお代わり欲しいな
凛
凛
あんたも！
あんたも！
秀隆
秀隆
何でカリカリしてんだよ
何でカリカリしてんだよ
希望
希望
女の子の日かな？
女の子の日かな？
秀隆
秀隆
凛は頻繁に来るよな、女の子の日が
凛は頻繁に来るよな、女の子の日が
凛
凛
違うわよ！
違うわよ！
って、そうよ、なんであんたまで一緒なわけ！？
って、そうよ、なんであんたまで一緒なわけ！？
希望
希望
さっき、街ですれ違ったの
さっき、街ですれ違ったの
凛
凛
どうしてすれ違ったってだけで、ここにいるわけ……
どうしてすれ違ったってだけで、ここにいるわけ……
希望
希望
あ、もしかして私がいないほうがよかった？　帰ろうか？
あ、もしかして私がいないほうがよかった？　帰ろうか？
凛
凛
べっ、別にそう言うわけじゃないわよ。
べっ、別にそう言うわけじゃないわよ。
帰るんだったら、こっちの男も持って帰りなさいよね
帰るんだったら、こっちの男も持って帰りなさいよね
秀隆
秀隆
冷たいな。アイドルはオレたちと住む世界が違うってか？
冷たいな。アイドルはオレたちと住む世界が違うってか？
希望
希望
私たち庶民は悲しいねぇ
私たち庶民は悲しいねぇ
凛
凛
あんたもお嬢様でしょうが
あんたもお嬢様でしょうが
秀隆
秀隆
庶民はオレだけかよ
庶民はオレだけかよ
希望
希望
でも、特務官も庶民って感じじゃないよね？
でも、特務官も庶民って感じじゃないよね？
秀隆
秀隆
てことは、なんだ、誰も場違いな人間はいないじゃないか
てことは、なんだ、誰も場違いな人間はいないじゃないか
凛
凛
…………
…………
呆れてモノも言えない、と言うような感じで、
呆れてモノも言えない、と言うような感じで、
凛は冷蔵庫へと足を向けた。
凛は冷蔵庫へと足を向けた。
希望
希望
私オレンジジュースがいいな
私オレンジジュースがいいな
秀隆
秀隆
オレはコーヒーで
オレはコーヒーで
凛
凛
ここは喫茶店かっつーの……
ここは喫茶店かっつーの……
凛
凛
あんたたち、そのクイーンとか何とかの
あんたたち、そのクイーンとか何とかの
話するんなら希望の家でしなさいよ
話するんなら希望の家でしなさいよ
秀隆
秀隆
希望の父親や婚約者はライバルだからな。
希望の父親や婚約者はライバルだからな。
迂闊な会話を聞かれて、情報を与えたらまずいだろ
迂闊な会話を聞かれて、情報を与えたらまずいだろ
凛
凛
あぁもう、いっそあたしが情報を売ってやろうかしら
あぁもう、いっそあたしが情報を売ってやろうかしら
秀隆
秀隆
つか凛。オレは前から気になってたんだけどな
つか凛。オレは前から気になってたんだけどな
凛
凛
なによ
なによ
秀隆
秀隆
おまえ、ちゃんと学園行ってるのか？
おまえ、ちゃんと学園行ってるのか？
凛
凛
は？
は？
秀隆
秀隆
アイドル兼女優として、朝から仕事に行くことも多いだろうけど、それにしても働きすぎだ
アイドル兼女優として、朝から仕事に行くことも多いだろうけど、それにしても働きすぎだ
凛
凛
今をトキメクアイドルだし？
今をトキメクアイドルだし？
秀隆
秀隆
卒業できるんだろうな……？
卒業できるんだろうな……？
凛
凛
あんたには関係ないでしょーが
あんたには関係ないでしょーが
秀隆
秀隆
元教師として、堕落していく生徒を見逃せん
元教師として、堕落していく生徒を見逃せん
希望
希望
凛ちゃん、結構頭いいんだよ？
凛ちゃん、結構頭いいんだよ？
いつもそこそこの点数は取ってるし。そこそこだけど
いつもそこそこの点数は取ってるし。そこそこだけど
凛
凛
その余計な一言が無ければ、完璧なフォローなんだけどね
その余計な一言が無ければ、完璧なフォローなんだけどね
希望
希望
そうかも
そうかも
凛
凛
それで、クイーンってどんな人だったの？
それで、クイーンってどんな人だったの？
秀隆
秀隆
興味あるのか？
興味あるのか？
凛
凛
無いと言えば嘘になるかな。
無いと言えば嘘になるかな。
やっぱりこの街に住んでると噂だけは聞くから
やっぱりこの街に住んでると噂だけは聞くから
秀隆
秀隆
どんな噂だ？
どんな噂だ？
凛
凛
あたしが知ってるのは、絶世の美女って話もあれば、
あたしが知ってるのは、絶世の美女って話もあれば、
すごく怖い人で、睨まれたら最後始末されるってこととか
すごく怖い人で、睨まれたら最後始末されるってこととか
秀隆
秀隆
極端だな……
極端だな……
希望
希望
知名度に比べて、会ったことのある人の方が少ないからね
知名度に比べて、会ったことのある人の方が少ないからね
厳密には、会った人間は結構いるはずだ。
厳密には、会った人間は結構いるはずだ。
ただ、その……。
ただ、その……。
あのクイーンのことを言いふらして回りたくは無いだろう。
あのクイーンのことを言いふらして回りたくは無いだろう。
凛
凛
で、真相はどうなのよ
で、真相はどうなのよ
秀隆
秀隆
えーっとだな……
えーっとだな……
秀隆
秀隆
凄い美人だった（マリアさんが）
凄い美人だった（マリアさんが）
凛
凛
噂は本当だったんだ。あたしとどっちが美人？
噂は本当だったんだ。あたしとどっちが美人？
秀隆
秀隆
向こうだな。ハーフの威力ってのは凄いぞ
向こうだな。ハーフの威力ってのは凄いぞ
凛
凛
ちょ、即答！？
ちょ、即答！？
秀隆
秀隆
なんつーか、外見で言えば同じくらいだけど、
なんつーか、外見で言えば同じくらいだけど、
性格込みにしたらもう、てんでお前じゃ話にならんな
性格込みにしたらもう、てんでお前じゃ話にならんな
凛
凛
どうせお淑やか系でしょ？　ころっと騙されてんのよ
どうせお淑やか系でしょ？　ころっと騙されてんのよ
秀隆
秀隆
決めつけよくない
決めつけよくない
凛
凛
女なんて皆役者なのよ
女なんて皆役者なのよ
希望
希望
そうなの？
そうなの？
凛
凛
……うん、まあ、例外もあるけどさ
……うん、まあ、例外もあるけどさ
秀隆
秀隆
後、凄く怖いな（クイーンは）
後、凄く怖いな（クイーンは）
凛
凛
美人で性格が良くて怖い？
美人で性格が良くて怖い？
秀隆
秀隆
ああ。でも、包容力はありそうだったな（体格は）
ああ。でも、包容力はありそうだったな（体格は）
凛
凛
よくわかんないわね……
よくわかんないわね……
秀隆
秀隆
総じて、とりあえず凄い人だったのは間違いない
総じて、とりあえず凄い人だったのは間違いない
希望
希望
そうなんだ。マリアさんより美人なのかな
そうなんだ。マリアさんより美人なのかな
秀隆
秀隆
希望、マリアさんに会ったことあるのか
希望、マリアさんに会ったことあるのか
希望
希望
マリアさんはよくカジノにも来てるから
マリアさんはよくカジノにも来てるから
知らなかった……。
知らなかった……。
あれだけの容姿なら、どこかで気づいていてもおかしくないんだが。
あれだけの容姿なら、どこかで気づいていてもおかしくないんだが。
フロアは広いからな。
フロアは広いからな。
凛
凛
そのマリアって人も美人なの？
そのマリアって人も美人なの？
希望
希望
すごく。凛ちゃんも見たらびっくりすると思うよ
すごく。凛ちゃんも見たらびっくりすると思うよ
凛
凛
やるわね、ハーフ……
やるわね、ハーフ……
凛
凛
てか、よく考えると凄いことなんじゃない？
てか、よく考えると凄いことなんじゃない？
新米特務官のクセに、ドリームタウンの裏ボスにあったってことでしょ？
新米特務官のクセに、ドリームタウンの裏ボスにあったってことでしょ？
秀隆
秀隆
会うだけなら、比較的簡単らしい。
会うだけなら、比較的簡単らしい。
肝心なのは融資を受けられるかどうかなんだ
肝心なのは融資を受けられるかどうかなんだ
秀隆
秀隆
一応条件はもらったものの、
一応条件はもらったものの、
考え方によっちゃ、あしらわれただけなのかもな
考え方によっちゃ、あしらわれただけなのかもな
凛
凛
その条件ってのは？
その条件ってのは？
希望
希望
それは聞いちゃダメなんじゃない？
それは聞いちゃダメなんじゃない？
凛
凛
なんでよ
なんでよ
希望
希望
大切な仕事だと思うし
大切な仕事だと思うし
秀隆
秀隆
確かにな。だけど、別に口止めされてることでもないぞ
確かにな。だけど、別に口止めされてることでもないぞ
と言うより……。
と言うより……。
オレは一度希望を見た後口を開いた。
オレは一度希望を見た後口を開いた。
秀隆
秀隆
簡単に言うと、ホープタウンとドリームタウンの
簡単に言うと、ホープタウンとドリームタウンの
行き来が自由になるようにセッティングしろって言われた
行き来が自由になるようにセッティングしろって言われた
凛
凛
へー。そうなの。そうなったらうれしいけど、それが難しい条件なわけ？
へー。そうなの。そうなったらうれしいけど、それが難しい条件なわけ？
希望はその難易度の高さを理解したのか、苦笑いを浮かべる。
希望はその難易度の高さを理解したのか、苦笑いを浮かべる。
希望
希望
凄く難しいと思うよ。法律を変えるってことだからね
凄く難しいと思うよ。法律を変えるってことだからね
凛
凛
そうかもしんないけど、今の規制が不自由すぎない？
そうかもしんないけど、今の規制が不自由すぎない？
あたしみたいに仕事持ちでも、いちいち許可がいるし
あたしみたいに仕事持ちでも、いちいち許可がいるし
凛
凛
希望なんて街の代表の娘なのに、
希望なんて街の代表の娘なのに、
通常の手続きじゃホープタウンに行けないのよ？
通常の手続きじゃホープタウンに行けないのよ？
秀隆
秀隆
ま、確かに今は厳しいと思うよ。
ま、確かに今は厳しいと思うよ。
実際一般人が街を移動することは出来ないわけだし
実際一般人が街を移動することは出来ないわけだし
秀隆
秀隆
でも、街が違えば法律も通貨の価値も変動する。
でも、街が違えば法律も通貨の価値も変動する。
簡単にはいかない理由くらいはわかるだろ？
簡単にはいかない理由くらいはわかるだろ？
凛
凛
そりゃあ、そうだけどさ
そりゃあ、そうだけどさ
凛
凛
望んでる人の方が絶対多いって
望んでる人の方が絶対多いって
希望
希望
それは私も思う。それでも、この法律を変えるのは難しいよ
それは私も思う。それでも、この法律を変えるのは難しいよ
希望
希望
私のお父さんも、代表になったとき真っ先に
私のお父さんも、代表になったとき真っ先に
この法律を変えようとして動いていたんだけど、全然ダメだったみたい
この法律を変えようとして動いていたんだけど、全然ダメだったみたい
大河内代表は就任から今の今まで、
大河内代表は就任から今の今まで、
ずっとこの法律を変えようと躍起になっている。
ずっとこの法律を変えようと躍起になっている。
でも……。
でも……。
秀隆
秀隆
唐沢代表が首を縦に振らなかったんだよな
唐沢代表が首を縦に振らなかったんだよな
希望
希望
そうだね
そうだね
さすがに代表の娘だけあって、情勢をある程度把握している。
さすがに代表の娘だけあって、情勢をある程度把握している。
凛
凛
大河内代表が無理だったこと、あんたに出来るの？
大河内代表が無理だったこと、あんたに出来るの？
秀隆
秀隆
それは……やってみるだけやってみるさ
それは……やってみるだけやってみるさ
凛
凛
いやいや無理でしょ。あんたを馬鹿にするわけじゃなくてさ、
いやいや無理でしょ。あんたを馬鹿にするわけじゃなくてさ、
大河内代表が無理だったって言うなら、話は別よ
大河内代表が無理だったって言うなら、話は別よ
凛
凛
それって、イコール高坂特務官でも無理ってことよね？
それって、イコール高坂特務官でも無理ってことよね？
秀隆
秀隆
そう言うことになるな
そう言うことになるな
かつての資料に目を通した時、高坂特務官の名前もあった。
かつての資料に目を通した時、高坂特務官の名前もあった。
もちろん、実力も今と当時では違うだろうけど、
もちろん、実力も今と当時では違うだろうけど、
唐沢代表を納得させることが出来なかった。
唐沢代表を納得させることが出来なかった。
今回オレに依頼してきたクイーンすら、
今回オレに依頼してきたクイーンすら、
その当時は大河内代表に耳を貸さなかったようだし。
その当時は大河内代表に耳を貸さなかったようだし。
倉屋敷に至っては、交渉の席にすらつかせられていない。
倉屋敷に至っては、交渉の席にすらつかせられていない。
希望
希望
何か私に協力できることはあるかな？
何か私に協力できることはあるかな？
秀隆
秀隆
いや、おまえの力を借りるわけにはいかない。
いや、おまえの力を借りるわけにはいかない。
と格好付けたいところだが、１つだけ教えてほしいことがある
と格好付けたいところだが、１つだけ教えてほしいことがある
秀隆
秀隆
大河内代表のスケジュールに、空いてるところはないか知らないか？
大河内代表のスケジュールに、空いてるところはないか知らないか？
希望
希望
それは分からないかな。
それは分からないかな。
教えられないとかじゃなくて、私はよく知らないんだ
教えられないとかじゃなくて、私はよく知らないんだ
秀隆
秀隆
そうか
そうか
希望
希望
ごめんね、役に立てなくて
ごめんね、役に立てなくて
秀隆
秀隆
謝ることじゃない。なんとなく聞いてみただけなんだし
謝ることじゃない。なんとなく聞いてみただけなんだし
秀隆
秀隆
とりあえず、本格的に動き出すかどうかは、これから考えるさ
とりあえず、本格的に動き出すかどうかは、これから考えるさ
オレが動き出したことを、希望が知ってくれれば今日の目的は達成だ。
オレが動き出したことを、希望が知ってくれれば今日の目的は達成だ。
凛
凛
結論が出たなら帰ってくれる？
結論が出たなら帰ってくれる？
秀隆
秀隆
え？　もうちょっとゆっくりしていくつもりだったんだが
え？　もうちょっとゆっくりしていくつもりだったんだが
希望
希望
そうだよ。急いで帰る必要はないと思うよ
そうだよ。急いで帰る必要はないと思うよ
凛
凛
ここはあたしの家よ？　あ　た　し　の　い　え！
ここはあたしの家よ？　あ　た　し　の　い　え！
希望
希望
随分と細かいことを気にするんだね、凛ちゃんは
随分と細かいことを気にするんだね、凛ちゃんは
秀隆
秀隆
ほんと、心が狭いと言うか何と言うか。
ほんと、心が狭いと言うか何と言うか。
多分荒んだ環境で育ったからこんなんなったんだろうな。なあ？
多分荒んだ環境で育ったからこんなんなったんだろうな。なあ？
希望に乗っかって凛をからかって見る。
希望に乗っかって凛をからかって見る。
希望
希望
さぁ。私はそこまで酷く思ってないから分からないや
さぁ。私はそこまで酷く思ってないから分からないや
秀隆
秀隆
ぐっ！？
ぐっ！？
凛
凛
言い残すことはある？　秀隆
言い残すことはある？　秀隆
秀隆
秀隆
お、おっぱいを、揉みたい……
お、おっぱいを、揉みたい……
…………。
…………。
……。
……。
その日の夜、オレは竹内特務官の元を訪れた。
その日の夜、オレは竹内特務官の元を訪れた。
秀隆
秀隆
夜分遅くに、押しかけてしまい申し訳御座いません
夜分遅くに、押しかけてしまい申し訳御座いません
竹内
竹内
いや構わないよ。君も治療に？
いや構わないよ。君も治療に？
凛に殴られた頬を見て、竹内特務官が言う。
凛に殴られた頬を見て、竹内特務官が言う。
秀隆
秀隆
これは、ちょっと事故でして。
これは、ちょっと事故でして。
……本日、クイーンの元に行って参りました
……本日、クイーンの元に行って参りました
竹内
竹内
そうか。どうだったかね
そうか。どうだったかね
秀隆
秀隆
融資の件は、引き受けてくださいました
融資の件は、引き受けてくださいました
竹内
竹内
おおそうか。それは良かった
おおそうか。それは良かった
秀隆
秀隆
ですが……融資には条件があると
ですが……融資には条件があると
竹内
竹内
そう易々とは貸しては貰えないだろう。それで、条件とは？
そう易々とは貸しては貰えないだろう。それで、条件とは？
秀隆
秀隆
ホープタウンとドリームタウンによる、通行の規制緩和です
ホープタウンとドリームタウンによる、通行の規制緩和です
竹内
竹内
…………
…………
竹内氏は、ゆっくりと腕を組んで目を閉じた。
竹内氏は、ゆっくりと腕を組んで目を閉じた。
竹内
竹内
それで、具体的にはどうしろと？
それで、具体的にはどうしろと？
秀隆
秀隆
大河内代表、唐沢代表、そして倉屋敷社長の署名を得よと
大河内代表、唐沢代表、そして倉屋敷社長の署名を得よと
竹内
竹内
通常、街の取り決めは代表が決定権を持っている。
通常、街の取り決めは代表が決定権を持っている。
つまり大河内代表と唐沢さんの同意さえあれば規制緩和は可能だ
つまり大河内代表と唐沢さんの同意さえあれば規制緩和は可能だ
竹内
竹内
だがそこに倉屋敷の名前を出すということは、
だがそこに倉屋敷の名前を出すということは、
万が一にも、反対の意見を出させないためなんだろう
万が一にも、反対の意見を出させないためなんだろう
秀隆
秀隆
恐らく
恐らく
二人の代表者が規制緩和を推進しても、
二人の代表者が規制緩和を推進しても、
倉屋敷が嫌だといえば、それは厳しいものになる。
倉屋敷が嫌だといえば、それは厳しいものになる。
だから最初に封じておかなければならないポイントになるのも必然だ。
だから最初に封じておかなければならないポイントになるのも必然だ。
竹内
竹内
元々規制緩和への働きかけは、ドリームタウンの一方的な面が目立つ。唐沢さんや倉屋敷社長は、その点に関しては主張を貫き通されて来た
元々規制緩和への働きかけは、ドリームタウンの一方的な面が目立つ。唐沢さんや倉屋敷社長は、その点に関しては主張を貫き通されて来た
倉屋敷社長の場合は、ただ関わりたくないだけかもしれないが。
倉屋敷社長の場合は、ただ関わりたくないだけかもしれないが。
少なくとも唐沢代表は反対を表明している。
少なくとも唐沢代表は反対を表明している。
秀隆
秀隆
簡単に３名の署名を集められてるとは思っていません。
簡単に３名の署名を集められてるとは思っていません。
ですが、本当に自分が動き出して良いものかどうか、迷っています
ですが、本当に自分が動き出して良いものかどうか、迷っています
秀隆
秀隆
唐沢代表、ひいてはホープタウンの不利益に繋がるのではないかと
唐沢代表、ひいてはホープタウンの不利益に繋がるのではないかと
竹内
竹内
君の気持ちはよく分かる。確かにホープタウンは肯定的ではない。
君の気持ちはよく分かる。確かにホープタウンは肯定的ではない。
だが、君は特務官として丸の内社長の依頼を受けた。そうだね？
だが、君は特務官として丸の内社長の依頼を受けた。そうだね？
秀隆
秀隆
はい……
はい……
竹内
竹内
融資を受けられる可能性があるのなら、チャレンジするべきだろう
融資を受けられる可能性があるのなら、チャレンジするべきだろう
秀隆
秀隆
それが街の不利益になったとしても、ですか？
それが街の不利益になったとしても、ですか？
竹内
竹内
必ずしもそうとは限らない。
必ずしもそうとは限らない。
ホープタウンが利益を得る可能性も十分にある
ホープタウンが利益を得る可能性も十分にある
秀隆
秀隆
それは、もちろんです
それは、もちろんです
竹内
竹内
私たちは、常に守りを固めてきた。
私たちは、常に守りを固めてきた。
だが、そろそろ攻め打っても良いのかも知れないな
だが、そろそろ攻め打っても良いのかも知れないな
秀隆
秀隆
では……
では……
竹内
竹内
やれるだけ、やるべきだろう
やれるだけ、やるべきだろう
竹内氏は深く頷いて、オレの視線を捉えた。
竹内氏は深く頷いて、オレの視線を捉えた。
オレは、その視線に勇気をもらった気がする。
オレは、その視線に勇気をもらった気がする。
オレも頷いて、その視線に答えた。
オレも頷いて、その視線に答えた。
竹内
竹内
先日も伝えたが、このことは内密に頼むよ。
先日も伝えたが、このことは内密に頼むよ。
あくまでも君が独断で判断し、行動したことにしてもらう
あくまでも君が独断で判断し、行動したことにしてもらう
秀隆
秀隆
はい、分かっています。では、失礼します
はい、分かっています。では、失礼します
秀隆
秀隆
竹内特務官からの許可は出た……
竹内特務官からの許可は出た……
なら、前に進むだけだ。
なら、前に進むだけだ。
どこまでやれるかわからないが、やってみよう。
どこまでやれるかわからないが、やってみよう。
オレはステーションの規制緩和に向け、本格的に動き出す。
オレはステーションの規制緩和に向け、本格的に動き出す。
秀隆
秀隆
ただいま、と……
ただいま、と……
アクセラ
アクセラ
お帰りなさいませ
お帰りなさいませ
秀隆
秀隆
ちょっと疲れてるから、横になる
ちょっと疲れてるから、横になる
アクセラ
アクセラ
畏まりました
畏まりました
キズナ
キズナ
ひーくん
ひーくん
秀隆
秀隆
ん？
ん？
キズナ
キズナ
あっきー熱が出て寝てます
あっきー熱が出て寝てます
秀隆
秀隆
そうか。ならゆっくり休ませてやれ
そうか。ならゆっくり休ませてやれ
キズナ
キズナ
顔くらい見せてあげたほうがいいと思います
顔くらい見せてあげたほうがいいと思います
秀隆
秀隆
オレの顔を見て元気になると思うか？
オレの顔を見て元気になると思うか？
アクセラ
アクセラ
嘔吐される可能性が高いですね
嘔吐される可能性が高いですね
秀隆
秀隆
それは言いすぎ……！
それは言いすぎ……！
秀隆
秀隆
おまえももう十分理解してるだろ？　オレと秋のことは
おまえももう十分理解してるだろ？　オレと秋のことは
キズナ
キズナ
兄妹は仲良くしたほうがいいと思います
兄妹は仲良くしたほうがいいと思います
秀隆
秀隆
普通の兄妹ならな
普通の兄妹ならな
オレは部屋に戻るべく、足を向ける。
オレは部屋に戻るべく、足を向ける。
キズナ
キズナ
お節介は理解してるので、強く言うつもりはありません
お節介は理解してるので、強く言うつもりはありません
キズナ
キズナ
ごめんなさい
ごめんなさい
秀隆
秀隆
いや、別に怒ってるわけじゃない。
いや、別に怒ってるわけじゃない。
ただ何ていうか、オレたち兄妹はこれでいいんだ
ただ何ていうか、オレたち兄妹はこれでいいんだ
秀隆
秀隆
お互いに干渉を持たない。それが自然なんだよ
お互いに干渉を持たない。それが自然なんだよ
キズナ
キズナ
そうですか。分かりました
そうですか。分かりました
秀隆
秀隆
ま、普通は気にかけるよな
ま、普通は気にかけるよな
キズナが言ってくれたことは、けして悪いことじゃない。
キズナが言ってくれたことは、けして悪いことじゃない。
普通ならな。
普通ならな。
秀隆
秀隆
さて
さて
オレは端末を立ち上げ、ネットへとアクセスする。
オレは端末を立ち上げ、ネットへとアクセスする。
クイーンより受けたステーション規制緩和の依頼。
クイーンより受けたステーション規制緩和の依頼。
そこには解決しなければならない問題が山積みにされている。
そこには解決しなければならない問題が山積みにされている。
秀隆
秀隆
まずはそれぞれの街の財政状況からだな……
まずはそれぞれの街の財政状況からだな……
…………。
…………。
……。
……。
