秀隆
秀隆
さて、あっという間に当日を迎えたわけだが
さて、あっという間に当日を迎えたわけだが
秀隆
秀隆
準備は出来たか？
準備は出来たか？
秋
秋
はい。大丈夫です
はい。大丈夫です
キズナ
キズナ
ばっちりですっ
ばっちりですっ
アクセラ
アクセラ
では、秀隆様お留守番お願いしますね
では、秀隆様お留守番お願いしますね
秀隆
秀隆
おう、いってらっしゃい
おう、いってらっしゃい
秀隆
秀隆
……オレも行くよ！
……オレも行くよ！
オレたちは準備を済ませ、待ち合わせの公園へと向かった。
オレたちは準備を済ませ、待ち合わせの公園へと向かった。
ユウキ
ユウキ
よっ、おはようさん
よっ、おはようさん
秀隆
秀隆
おう。おはようユウキ
おう。おはようユウキ
秋
秋
おはようございます、ユウキさん
おはようございます、ユウキさん
ユウキ
ユウキ
うおおおお、今日も一段と可愛いね秋ちゃん！
うおおおお、今日も一段と可愛いね秋ちゃん！
ユウキが抱きしめるように両手を広げる。
ユウキが抱きしめるように両手を広げる。
愛佳
愛佳
おはよう
おはよう
秋
秋
おはよう
おはよう
ユウキ
ユウキ
愛佳ちゃんも、おっはよ～！
愛佳ちゃんも、おっはよ～！
秀隆
秀隆
朝から元気だなぁ
朝から元気だなぁ
アクセラ
アクセラ
先ほどまで、秀隆様も大はしゃぎだったじゃないですか
先ほどまで、秀隆様も大はしゃぎだったじゃないですか
秋
秋
一番うるさかったですよね
一番うるさかったですよね
秀隆
秀隆
それは家の中だけだ。外に出れば一人の大人だからな
それは家の中だけだ。外に出れば一人の大人だからな
アクセラ
アクセラ
大人としての行動を希望したいものです
大人としての行動を希望したいものです
秀隆
秀隆
オレって、そんなに大人らしくない？
オレって、そんなに大人らしくない？
秋
秋
少なくとも良識ある大人には見えませんね
少なくとも良識ある大人には見えませんね
秀隆
秀隆
…………
…………
楽しいはずの旅行も、なんだかテンションが下がってきちゃったぞ。
楽しいはずの旅行も、なんだかテンションが下がってきちゃったぞ。
秋
秋
兄さんはドリームタウンには度々足を運んでますよね。
兄さんはドリームタウンには度々足を運んでますよね。
あまり斬新さみたいなものはないんじゃないですか？
あまり斬新さみたいなものはないんじゃないですか？
秀隆
秀隆
ドリームタウン自体は結構行ってるけど……
ドリームタウン自体は結構行ってるけど……
秀隆
秀隆
遊園地に、美術館、プール。それら全部未経験だ
遊園地に、美術館、プール。それら全部未経験だ
アクセラ
アクセラ
そうなのですね
そうなのですね
秀隆
秀隆
ドリームタウンに度々行ってるって言っても、全部仕事だからな
ドリームタウンに度々行ってるって言っても、全部仕事だからな
秀隆
秀隆
それに一人で行動することが多い。一人で遊園地はないだろ
それに一人で行動することが多い。一人で遊園地はないだろ
アクセラ
アクセラ
秀隆様なら、そのような無茶も平気でやってのける方だと思っておりました
秀隆様なら、そのような無茶も平気でやってのける方だと思っておりました
無茶過ぎるだろ……。
無茶過ぎるだろ……。
裕輔
裕輔
ひとつ気になることがあるんだが、構わないか
ひとつ気になることがあるんだが、構わないか
オレたちが話していると、裕輔が声をかけてきた。
オレたちが話していると、裕輔が声をかけてきた。
秀隆
秀隆
なんだよ改まって
なんだよ改まって
裕輔
裕輔
そのアンドロイド、確かアクセラ、だったな
そのアンドロイド、確かアクセラ、だったな
アクセラ
アクセラ
はい。何でしょうか、片桐様
はい。何でしょうか、片桐様
裕輔
裕輔
外出用のリングが見当たらないが
外出用のリングが見当たらないが
秀隆
秀隆
いいんだ。あっちのユウキと同じで、ちょっと特別なアンドロイドなんだ
いいんだ。あっちのユウキと同じで、ちょっと特別なアンドロイドなんだ
裕輔
裕輔
倉屋敷絡み、と言うことか
倉屋敷絡み、と言うことか
秀隆
秀隆
そういうこと
そういうこと
ユウキと言う前例があるため、説明が容易い。
ユウキと言う前例があるため、説明が容易い。
裕輔もすんなり事態を受け入れたようだった。
裕輔もすんなり事態を受け入れたようだった。
アクセラ
アクセラ
よろしくお願いいたします。片桐様
よろしくお願いいたします。片桐様
裕輔
裕輔
こちらこそよろしく頼む
こちらこそよろしく頼む
秀隆
秀隆
片桐って呼ぶと愛佳と混同するから、裕輔って呼んでやってくれ
片桐って呼ぶと愛佳と混同するから、裕輔って呼んでやってくれ
アクセラ
アクセラ
畏まりました。裕輔様ですね
畏まりました。裕輔様ですね
全員でステーションへと向かう。
全員でステーションへと向かう。
女の子は全員、既にお祭りムードで盛り上がっている。
女の子は全員、既にお祭りムードで盛り上がっている。
その中に強引に割り込み、ユウキも楽しそうにしていた。
その中に強引に割り込み、ユウキも楽しそうにしていた。
裕輔
裕輔
愛佳は、昨日夜遅くまで眠れなかったようだ
愛佳は、昨日夜遅くまで眠れなかったようだ
秀隆
秀隆
ひょっとして、楽しみで、ってことか？
ひょっとして、楽しみで、ってことか？
裕輔
裕輔
ああ
ああ
秀隆
秀隆
クラスメイトの中で、一番最初にドリームタウンに行けるってのは嬉しいよなぁ
クラスメイトの中で、一番最初にドリームタウンに行けるってのは嬉しいよなぁ
裕輔
裕輔
もちろん、そういうことも多少はあるだろう。
もちろん、そういうことも多少はあるだろう。
だが大切なのはどこに行くか、ではなく誰と行くかだ
だが大切なのはどこに行くか、ではなく誰と行くかだ
裕輔
裕輔
おまえの妹たちは、愛佳の心の支えになっているだろう
おまえの妹たちは、愛佳の心の支えになっているだろう
秀隆
秀隆
そんなすごい妹でもないけどな、家のは
そんなすごい妹でもないけどな、家のは
なんにせよ、全員仲良くやってるのはいいことだ。
なんにせよ、全員仲良くやってるのはいいことだ。
秀隆
秀隆
楽しんでくれたらいいな
楽しんでくれたらいいな
ステーションから、ドリームタウンへ。
ステーションから、ドリームタウンへ。
全員、各々が勝手に好きな席に座り始める。
全員、各々が勝手に好きな席に座り始める。
オレは裕輔と隣の席に座ることになった。
オレは裕輔と隣の席に座ることになった。
全員騒ぎながらあれこれと話している。
全員騒ぎながらあれこれと話している。
裕輔
裕輔
他の乗客に迷惑でなければいいんだが……
他の乗客に迷惑でなければいいんだが……
秀隆
秀隆
まぁ大丈夫だろ。何か言われたら、その時に考えるさ
まぁ大丈夫だろ。何か言われたら、その時に考えるさ
今日くらいは、多少大目に見てもらおう。
今日くらいは、多少大目に見てもらおう。
２０分ほどの移動を終え、ドリームタウンへとついた。
２０分ほどの移動を終え、ドリームタウンへとついた。
秋
秋
ここが……ドリームタウン？
ここが……ドリームタウン？
キズナ
キズナ
ホープタウンとの違いがわかりませんね
ホープタウンとの違いがわかりませんね
秀隆
秀隆
駅の構造は全く同じように作られてるからな。外に出ればすぐわかるよ
駅の構造は全く同じように作られてるからな。外に出ればすぐわかるよ
まだ実感の沸かない人たちを連れ、ステーションの外へ。
まだ実感の沸かない人たちを連れ、ステーションの外へ。
秋
秋
うわ……！
うわ……！
いつもは淡々とした様子の秋が、驚きの声を出した。
いつもは淡々とした様子の秋が、驚きの声を出した。
秀隆
秀隆
ドヤァ？
ドヤァ？
秋
秋
すごい……なんか、雰囲気が全然違う……
すごい……なんか、雰囲気が全然違う……
外とは思えない空間で、最初は驚きと戸惑いを感じるだろう。
外とは思えない空間で、最初は驚きと戸惑いを感じるだろう。
キズナ
キズナ
建物の中みたいですねっ
建物の中みたいですねっ
秀隆
秀隆
ああ。ドリームタウンは閉鎖的な街だからな
ああ。ドリームタウンは閉鎖的な街だからな
秀隆
秀隆
何より青空のホログラムがないって言うのは、大きいよな
何より青空のホログラムがないって言うのは、大きいよな
秋
秋
私たちの住む街が、こんな形で他にも存在するんですね
私たちの住む街が、こんな形で他にも存在するんですね
秀隆
秀隆
夢は広がるよな。もしかしたら、ドリームタウン以外にもあるってことなんだ
夢は広がるよな。もしかしたら、ドリームタウン以外にもあるってことなんだ
そう、別の街を知るということは、世界の可能性を知るということ。
そう、別の街を知るということは、世界の可能性を知るということ。
己の中での可能性が広がっていく。
己の中での可能性が広がっていく。
愛佳
愛佳
すごいすごいすごい！
すごいすごいすごい！
キズナ
キズナ
やふー！
やふー！
愛佳とキズナは手を重ね合わせて飛び跳ねた。
愛佳とキズナは手を重ね合わせて飛び跳ねた。
アクセラ
アクセラ
良かったですね秋様。ドリームタウンに来ることが出来て
良かったですね秋様。ドリームタウンに来ることが出来て
秋
秋
うん……
うん……
秋の横顔は嬉しそうだった。
秋の横顔は嬉しそうだった。
でも、どこか寂しそうでもある。
でも、どこか寂しそうでもある。
オレは、その顔を何度も見たことがある。
オレは、その顔を何度も見たことがある。
秀隆
秀隆
おまえ……
おまえ……
秋
秋
なんですか？
なんですか？
オレが見ていることに気づいたのか、秋は笑顔を消し振り向いた。
オレが見ていることに気づいたのか、秋は笑顔を消し振り向いた。
秀隆
秀隆
いや……なんでもない
いや……なんでもない
そうか……。
そうか……。
そうだよな。
そうだよな。
周囲の人間は、皆心を躍らせ、幸せそうにドリームタウンを見渡す。
周囲の人間は、皆心を躍らせ、幸せそうにドリームタウンを見渡す。
そんな状況。
そんな状況。
おまえなら、そうなるよな……。
おまえなら、そうなるよな……。
それから暫く待っていると、２人が手を振りながらやってきた。
それから暫く待っていると、２人が手を振りながらやってきた。
秀隆
秀隆
よう！
よう！
オレは、やってきた女の子たちに手を振った。
オレは、やってきた女の子たちに手を振った。
希望
希望
おはよう
おはよう
凛
凛
おはよー
おはよー
ユウキ
ユウキ
うおおおおお！　見知らぬ美少女に、本物の水野凛ちゃん！
うおおおおお！　見知らぬ美少女に、本物の水野凛ちゃん！
ユウキのテンションが上がるのも無理は無い。
ユウキのテンションが上がるのも無理は無い。
２人の存在に、周囲は視線を奪われている。
２人の存在に、周囲は視線を奪われている。
オレも通りすがりの人間だったなら、
オレも通りすがりの人間だったなら、
間違いなく立ち止まって見つめてしまっただろう。
間違いなく立ち止まって見つめてしまっただろう。
凛
凛
初めて見る人がいるわね
初めて見る人がいるわね
ユウキ
ユウキ
僕ですね
僕ですね
キラキラと瞳から星を飛ばしながら、凛へと歩み寄る。
キラキラと瞳から星を飛ばしながら、凛へと歩み寄る。
凛
凛
よろしくね
よろしくね
ユウキ
ユウキ
はいっ！！！！！！
はいっ！！！！！！
そして、ユウキは次に希望へと視線を移す。
そして、ユウキは次に希望へと視線を移す。
希望
希望
大河内希望です。よろしくお願いします
大河内希望です。よろしくお願いします
ユウキ
ユウキ
よろしくね！
よろしくね！
ニギニギと希望の手を握る。
ニギニギと希望の手を握る。
秀隆
秀隆
こう言うヤツなんだけど、よろしく頼むわ
こう言うヤツなんだけど、よろしく頼むわ
希望
希望
大丈夫。日頃秀隆くんといるから
大丈夫。日頃秀隆くんといるから
秀隆
秀隆
うん……うん？！
うん……うん？！
秋
秋
いつも兄がご迷惑をおかけしております
いつも兄がご迷惑をおかけしております
アクセラ
アクセラ
本当に申し訳ございません
本当に申し訳ございません
秀隆
秀隆
おいおい……
おいおい……
凛
凛
慣れてるから平気よ
慣れてるから平気よ
凛は、ユウキ以外とは面識があるようだし、問題ないだろう。
凛は、ユウキ以外とは面識があるようだし、問題ないだろう。
秀隆
秀隆
紹介させてくれ。愛佳の兄の裕輔だ
紹介させてくれ。愛佳の兄の裕輔だ
希望
希望
初めまして。よろしくお願いします
初めまして。よろしくお願いします
裕輔
裕輔
よろしく頼む
よろしく頼む
希望
希望
秀隆くん秀隆くん
秀隆くん秀隆くん
秀隆
秀隆
ん？
ん？
希望
希望
裕輔さん、秀隆くんより格好いいね
裕輔さん、秀隆くんより格好いいね
秀隆
秀隆
いちいち言わなくていいぞ、そういうことは
いちいち言わなくていいぞ、そういうことは
裕輔
裕輔
俺なんか大した男じゃない
俺なんか大した男じゃない
希望
希望
え？
え？
話が聞こえていたのか、裕輔が口を挟む。
話が聞こえていたのか、裕輔が口を挟む。
裕輔
裕輔
秀隆と比べたら俺など存在の意味をなさない
秀隆と比べたら俺など存在の意味をなさない
希望
希望
……秀隆くん
……秀隆くん
秀隆
秀隆
ん？
ん？
希望
希望
どんな弱みを握ってるの？
どんな弱みを握ってるの？
秀隆
秀隆
握ってません……
握ってません……
秀隆
秀隆
あのな裕輔、そういうことを言うと誤解されるだろ
あのな裕輔、そういうことを言うと誤解されるだろ
裕輔
裕輔
誤解？
誤解？
凛
凛
だって、個々のステータスで見たら、秀隆に勝ち目ないし？
だって、個々のステータスで見たら、秀隆に勝ち目ないし？
秀隆
秀隆
おまえは途中で話に参加するな……その通りなんだけど
おまえは途中で話に参加するな……その通りなんだけど
凛
凛
聞こえちゃったんだから仕方ないでしょ
聞こえちゃったんだから仕方ないでしょ
裕輔
裕輔
待ってほしい。その個々とはなんだ？
待ってほしい。その個々とはなんだ？
凛
凛
顔でしょ、身長でしょ、性格でしょ、体格でしょ
顔でしょ、身長でしょ、性格でしょ、体格でしょ
指が折れるたび、オレの心も折れていく。
指が折れるたび、オレの心も折れていく。
凛
凛
ほら、秀隆に勝ち目ない
ほら、秀隆に勝ち目ない
秀隆
秀隆
…………
…………
裕輔
裕輔
安心しろ。俺はおまえの方が優秀なことを知っている
安心しろ。俺はおまえの方が優秀なことを知っている
秀隆
秀隆
お、おう……
お、おう……
そんな慰めのようなセリフを男に貰っても嬉しくはなれない。
そんな慰めのようなセリフを男に貰っても嬉しくはなれない。
いや、ごめん嘘、ちょっと嬉しい。
いや、ごめん嘘、ちょっと嬉しい。
でも出来れば女の子にそう言って貰いたい。
でも出来れば女の子にそう言って貰いたい。
秀隆
秀隆
まぁほんと、良い奴すぎだ、おまえは
まぁほんと、良い奴すぎだ、おまえは
凛
凛
あの二人、何かあるわね
あの二人、何かあるわね
希望
希望
間違いないね
間違いないね
凛
凛
この旅行中に突き止めて、助けてあげないとね
この旅行中に突き止めて、助けてあげないとね
希望
希望
助けてあげよっ
助けてあげよっ
秀隆
秀隆
楽しくなるといいなぁ旅行……
楽しくなるといいなぁ旅行……
オレの良さを理解してくれる巨乳の美女に出会いたい。
オレの良さを理解してくれる巨乳の美女に出会いたい。
愛佳
愛佳
大丈夫だよ先生。あたしは先生の良いところちゃんとわかってるから
大丈夫だよ先生。あたしは先生の良いところちゃんとわかってるから
秀隆
秀隆
愛佳……おまえだけだよ、オレのことを思ってくれる女の子は
愛佳……おまえだけだよ、オレのことを思ってくれる女の子は
愛佳
愛佳
ときめいちゃった？
ときめいちゃった？
秀隆
秀隆
いや、ときめいてはいないけど
いや、ときめいてはいないけど
愛佳
愛佳
ええっ、そこはときめこうよ！？
ええっ、そこはときめこうよ！？
凛
凛
相変わらず仲がいいわね、愛佳と秀隆って
相変わらず仲がいいわね、愛佳と秀隆って
秀隆
秀隆
そりゃ元教え子だからな
そりゃ元教え子だからな
愛佳
愛佳
もう……すぐそうやって生徒扱いするんだから
もう……すぐそうやって生徒扱いするんだから
秀隆
秀隆
なんだよ、本当のことだろ？
なんだよ、本当のことだろ？
愛佳
愛佳
そうかもしれないけどさ、もっとあるじゃない？
そうかもしれないけどさ、もっとあるじゃない？
秀隆
秀隆
なんだよ
なんだよ
愛佳
愛佳
……え？　それは、その……ほら？
……え？　それは、その……ほら？
だからなんなんだろう。
だからなんなんだろう。
秀隆
秀隆
あでっ！　なにすんだよ凛
あでっ！　なにすんだよ凛
凛
凛
別に。なんかちょっとイラッと来たから
別に。なんかちょっとイラッと来たから
秀隆
秀隆
勝手にイラッと来て勝手に蹴るな！　ったく
勝手にイラッと来て勝手に蹴るな！　ったく
愛佳
愛佳
…………
…………
秀隆
秀隆
それで、なんだって？
それで、なんだって？
愛佳
愛佳
ううん。なんでもない
ううん。なんでもない
凛
凛
……もしかして、あんたわざと？
……もしかして、あんたわざと？
秀隆
秀隆
だから何が
だから何が
凛
凛
……べっつにぃ
……べっつにぃ
やれやれ。
やれやれ。
凛のように鋭いタイプはやりづらいな。
凛のように鋭いタイプはやりづらいな。
まだ旅行は始まったばっかりだっていうのに、色々苦労しそうだ。
まだ旅行は始まったばっかりだっていうのに、色々苦労しそうだ。
ホテルに荷物を預けたオレたちは、早速プールへと向かう。
ホテルに荷物を預けたオレたちは、早速プールへと向かう。
凛
凛
あたしたち、相当ナンパされるかも知れないわね
あたしたち、相当ナンパされるかも知れないわね
秋
秋
凛さん綺麗ですもんね
凛さん綺麗ですもんね
凛
凛
まぁね。いや、でも周りのメンツ見てみなさいよ
まぁね。いや、でも周りのメンツ見てみなさいよ
秋は言われるがまま、ぐるりと辺りを見渡す。
秋は言われるがまま、ぐるりと辺りを見渡す。
オレもそれに合わせて改めて見渡すことにした。
オレもそれに合わせて改めて見渡すことにした。
まずは、言わずと知れた売れっ子アイドル水野凛。
まずは、言わずと知れた売れっ子アイドル水野凛。
大河内代表の娘さんにして、可愛らしい容姿の少女。
大河内代表の娘さんにして、可愛らしい容姿の少女。
アンドロイドだが、その顔やボディーの破壊力はぴかいち。
アンドロイドだが、その顔やボディーの破壊力はぴかいち。
まだ幼いながらも、整った容姿、バランスを持つキズナ。
まだ幼いながらも、整った容姿、バランスを持つキズナ。
確かにこれなら、そう言う事態にもなりかねないな。
確かにこれなら、そう言う事態にもなりかねないな。
凛
凛
ね？
ね？
秋
秋
そうかもしれませんね……
そうかもしれませんね……
ユウキ
ユウキ
悪い虫は、全部俺が追い払うよ
悪い虫は、全部俺が追い払うよ
ドンと胸を叩く。
ドンと胸を叩く。
凛
凛
頼りにしてるわよ。こっちのは別にだけど
頼りにしてるわよ。こっちのは別にだけど
秀隆
秀隆
ひ、ひでえ……
ひ、ひでえ……
凛
凛
だって、どうみても戦うタイプじゃないし
だって、どうみても戦うタイプじゃないし
秀隆
秀隆
そ、そりゃオレは頭脳派かも知れないけどなぁ
そ、そりゃオレは頭脳派かも知れないけどなぁ
希望
希望
自分で頭脳派って言う人、どうなんだろうね
自分で頭脳派って言う人、どうなんだろうね
愛佳
愛佳
あたしはありだと思うけど。先生らしいっていうか
あたしはありだと思うけど。先生らしいっていうか
キズナ
キズナ
それは褒めてるのか微妙なラインですねっ
それは褒めてるのか微妙なラインですねっ
秀隆
秀隆
くそう、言いたい放題だな。こうなったらモテまくってやる
くそう、言いたい放題だな。こうなったらモテまくってやる
凛
凛
無理無理
無理無理
秀隆
秀隆
決めつけかよ！？　オレだって、オレだって、モテるかもしれんだろ！　なぁ？
決めつけかよ！？　オレだって、オレだって、モテるかもしれんだろ！　なぁ？
凛
凛
ないない
ないない
希望
希望
うーん……
うーん……
アクセラ
アクセラ
ノーコメントでお願いします
ノーコメントでお願いします
キズナ
キズナ
あはは
あはは
秋
秋
…………
…………
ここに居る全員の好感度は、少なくとも高くなかった。
ここに居る全員の好感度は、少なくとも高くなかった。
いやちょっと待って欲しい。
いやちょっと待って欲しい。
オレはあえて神に問うぞ。
オレはあえて神に問うぞ。
こう言うゲームじゃ、大体ハーレム要素があるべきなんじゃないだろうか。
こう言うゲームじゃ、大体ハーレム要素があるべきなんじゃないだろうか。
主人公を巡って、全ヒロインが対決と言うか、敵意を出すみたいな。
主人公を巡って、全ヒロインが対決と言うか、敵意を出すみたいな。
全員で一斉に好きな男の子の名前を言いあいましょ？
全員で一斉に好きな男の子の名前を言いあいましょ？
そ、そうね、それじゃあいっせーのーでっ！
そ、そうね、それじゃあいっせーのーでっ！
秀隆くん！
秀隆くん！
みたいな、さ。
みたいな、さ。
ところが、ここに居る誰もが、オレに対してそんな素振りがない。
ところが、ここに居る誰もが、オレに対してそんな素振りがない。
４ヒロイン全てが、アウツなんて許されていいのだろうか？
４ヒロイン全てが、アウツなんて許されていいのだろうか？
一人くらいは、隠れツンデレみたいなのが居るに違いない。
一人くらいは、隠れツンデレみたいなのが居るに違いない。
再度、オレは見渡していく。
再度、オレは見渡していく。
凛
凛
なによ
なによ
秀隆
秀隆
い、いえ
い、いえ
凛はないな。
凛はないな。
こいつは歯に衣を着せない。
こいつは歯に衣を着せない。
オレへの脈は欠片もないと結論付けるべきだ。
オレへの脈は欠片もないと結論付けるべきだ。
希望
希望
何かな？
何かな？
希望は良いヤツだからな。
希望は良いヤツだからな。
それに、オレのことを嫌ってる感じもないし。
それに、オレのことを嫌ってる感じもないし。
って、こいつは彼氏がいるんだよ……論外だ。
って、こいつは彼氏がいるんだよ……論外だ。
アクセラ
アクセラ
どうなさいました？
どうなさいました？
アンドロイド、だもんな……外見は完璧だけど。
アンドロイド、だもんな……外見は完璧だけど。
オレはまだまともな人間でいたい。
オレはまだまともな人間でいたい。
キズナ
キズナ
なんですかっ？
なんですかっ？
キズナは、うん、オレのことを好いてくれてる、と思う。
キズナは、うん、オレのことを好いてくれてる、と思う。
でもそれは、なんていうか家族に近いもの。
でもそれは、なんていうか家族に近いもの。
もちろんオレも同じだ。
もちろんオレも同じだ。
そもそも、歳が離れすぎている。
そもそも、歳が離れすぎている。
秀隆
秀隆
……い、いねえ！
……い、いねえ！
何となく愛佳を見てみる。
何となく愛佳を見てみる。
愛佳
愛佳
ど、どしたの？
ど、どしたの？
秀隆
秀隆
いや何でもない……
いや何でもない……
愛佳はダメダメ。
愛佳はダメダメ。
オレが対象にしちゃいけない子だ。
オレが対象にしちゃいけない子だ。
ユウキ
ユウキ
俺も恋人が欲しいぜ
俺も恋人が欲しいぜ
秀隆
秀隆
違う、違わないけど、違うっ
違う、違わないけど、違うっ
ユウキ
ユウキ
なあ秀隆
なあ秀隆
秀隆
秀隆
ん？
ん？
ユウキ
ユウキ
俺はさ、この話を聞いたとき、この日をずっと夢見たんだ
俺はさ、この話を聞いたとき、この日をずっと夢見たんだ
ユウキ
ユウキ
可愛い女の子の水着が見れるって
可愛い女の子の水着が見れるって
秀隆
秀隆
ほう
ほう
ユウキ
ユウキ
ホープタウンには、プールとかないじゃん？
ホープタウンには、プールとかないじゃん？
こう言う恋愛の定番みたいな場所って、ないじゃん？
こう言う恋愛の定番みたいな場所って、ないじゃん？
秀隆
秀隆
確かに新鮮だよな。
確かに新鮮だよな。
いや、ホープタウンの学園には結構あるけどな
いや、ホープタウンの学園には結構あるけどな
ユウキ
ユウキ
ま、まさか教師の時に！？
ま、まさか教師の時に！？
秀隆
秀隆
残念だが、慶桜学園にはプールが無い
残念だが、慶桜学園にはプールが無い
あったとしても、体育を教えるわけじゃないから関係ないが。
あったとしても、体育を教えるわけじゃないから関係ないが。
ユウキ
ユウキ
ホッ
ホッ
ユウキ
ユウキ
ともかく、夢見てきたわけですよ
ともかく、夢見てきたわけですよ
秀隆
秀隆
もう既に、視界は天国だもんな
もう既に、視界は天国だもんな
カップルや友達同士の女の子たちが、
カップルや友達同士の女の子たちが、
水着姿でキャッキャウフフってな具合で遊んでいる。
水着姿でキャッキャウフフってな具合で遊んでいる。
ぷるんと揺れるおっぱいや、ぷるんと揺れるおっぱいが最高だ。
ぷるんと揺れるおっぱいや、ぷるんと揺れるおっぱいが最高だ。
ユウキ
ユウキ
その視線、相変わらずおっぱい星人と見受ける
その視線、相変わらずおっぱい星人と見受ける
秀隆
秀隆
そちこそ
そちこそ
ユウキ
ユウキ
ぬっふっふ
ぬっふっふ
女の子たちが着替えに行こうとしている中……。
女の子たちが着替えに行こうとしている中……。
愛佳は一人遠くを見つめていた。
愛佳は一人遠くを見つめていた。
オレはそれを見た瞬間、その理由を察する。
オレはそれを見た瞬間、その理由を察する。
秀隆
秀隆
…………
…………
裕輔
裕輔
おまえが気に病むことじゃない
おまえが気に病むことじゃない
秀隆
秀隆
まだ、完全には消えきってないのか
まだ、完全には消えきってないのか
裕輔
裕輔
ああ。さすがに人前で脱ぐのは難しい
ああ。さすがに人前で脱ぐのは難しい
愛佳は長い間虐待を受けていた。
愛佳は長い間虐待を受けていた。
当然、その傷跡は生々しく残っているはず。
当然、その傷跡は生々しく残っているはず。
病院で治療を受ければ消すことは出来るが、
病院で治療を受ければ消すことは出来るが、
その傷の原因を追究されれば父親に迷惑をかけるかも知れない。
その傷の原因を追究されれば父親に迷惑をかけるかも知れない。
なら、愛佳は当然、病院で治療を受けることを拒むはずだ。
なら、愛佳は当然、病院で治療を受けることを拒むはずだ。
裕輔
裕輔
俺も愛佳も、少し肌が弱い、と言うことにしておいてくれ
俺も愛佳も、少し肌が弱い、と言うことにしておいてくれ
秀隆
秀隆
そうだな……
そうだな……
二人とも私服であれば、不用意に目立つこともなくなるだろう。
二人とも私服であれば、不用意に目立つこともなくなるだろう。
秀隆
秀隆
愛佳
愛佳
愛佳
愛佳
あ、先生
あ、先生
秀隆
秀隆
プールは、泳ぐだけがすべてじゃないからな
プールは、泳ぐだけがすべてじゃないからな
愛佳
愛佳
うんわかってる。あたし、別に嫌な思いとかしてないから
うんわかってる。あたし、別に嫌な思いとかしてないから
愛佳
愛佳
だって、こんなにすごいところに来られたんだもん
だって、こんなにすごいところに来られたんだもん
眩しいくらいの笑顔だった。
眩しいくらいの笑顔だった。
秀隆
秀隆
そっか……
そっか……
愛佳
愛佳
先生あたしのこと、気にして楽しまないなんてやめてね
先生あたしのこと、気にして楽しまないなんてやめてね
愛佳
愛佳
先生優しいから、自分は泳がないとか言い出すかもしれないし
先生優しいから、自分は泳がないとか言い出すかもしれないし
秀隆
秀隆
…………
…………
そう言い出すつもりだっただけに、ちょっと動揺した。
そう言い出すつもりだっただけに、ちょっと動揺した。
愛佳
愛佳
もし先生が楽しんでくれなかったら、あたしも楽しくなくなっちゃう
もし先生が楽しんでくれなかったら、あたしも楽しくなくなっちゃう
愛佳
愛佳
ね？
ね？
秀隆
秀隆
わかった。じゃあ遠慮なく遊ばせてもらうぞ
わかった。じゃあ遠慮なく遊ばせてもらうぞ
愛佳
愛佳
うん。でも女の子の水着に鼻の下伸ばすのは禁止ね
うん。でも女の子の水着に鼻の下伸ばすのは禁止ね
秀隆
秀隆
それは無理な相談だな。既に伸ばす準備は出来ている
それは無理な相談だな。既に伸ばす準備は出来ている
愛佳
愛佳
うわ、既にできてるんだ……！？
うわ、既にできてるんだ……！？
秀隆
秀隆
伸ばしまくるぞー
伸ばしまくるぞー
愛佳
愛佳
もう、先生は……
もう、先生は……
えいっ
えいっ
ぎゅっとオレの腕を握ってくる。
ぎゅっとオレの腕を握ってくる。
秀隆
秀隆
なな、なんだよっ
なな、なんだよっ
愛佳
愛佳
女の子の水着より、女の子の身体じゃない？
女の子の水着より、女の子の身体じゃない？
そう言い、ぐいぐいと腕に胸を押し付けて来た。
そう言い、ぐいぐいと腕に胸を押し付けて来た。
秀隆
秀隆
よよよよ、よしたまえ。こら！　離れるんだ！
よよよよ、よしたまえ。こら！　離れるんだ！
ぐいぐい。
ぐいぐい。
秀隆
秀隆
そんなに身体を押し付けてもだめだぞ！
そんなに身体を押し付けてもだめだぞ！
ぐいぐい。
ぐいぐい。
愛佳
愛佳
お、押し付けてきてるの先生じゃないっ！
お、押し付けてきてるの先生じゃないっ！
秀隆
秀隆
おっと……オレの腕が勝手に
おっと……オレの腕が勝手に
だって、ひじに当たる感触が最高だったんですもん。
だって、ひじに当たる感触が最高だったんですもん。
愛佳
愛佳
先生って……エッチだよね……
先生って……エッチだよね……
自分から腕を絡めて来たくせに、頬を赤らめる愛佳。
自分から腕を絡めて来たくせに、頬を赤らめる愛佳。
オレは耐えきれなくなり、さすがに腕をほどいた。
オレは耐えきれなくなり、さすがに腕をほどいた。
いかんいかん。
いかんいかん。
危うく危険なゾーンに突入するところだった。
危うく危険なゾーンに突入するところだった。
って、なんかちょっと遠くから祐輔がこっちをほほえましく見ている！
って、なんかちょっと遠くから祐輔がこっちをほほえましく見ている！
秀隆
秀隆
ほ、ほら。お前はお兄ちゃんのところに行きなさい
ほ、ほら。お前はお兄ちゃんのところに行きなさい
愛佳
愛佳
えーなんでー？
えーなんでー？
秀隆
秀隆
オレには遠慮なく遊んできてほしいんじゃないのか！？
オレには遠慮なく遊んできてほしいんじゃないのか！？
愛佳
愛佳
それはそうなんだけどぉ……
それはそうなんだけどぉ……
愛佳
愛佳
先生を独り占めするのも、ありっちゃありかなって
先生を独り占めするのも、ありっちゃありかなって
秀隆
秀隆
オレは一人の女性に縛られる男じゃないんだ
オレは一人の女性に縛られる男じゃないんだ
愛佳
愛佳
あははは、そんなキャラじゃないよね先生は
あははは、そんなキャラじゃないよね先生は
秀隆
秀隆
わ、わかったようなことを言うもんじゃありませんっ
わ、わかったようなことを言うもんじゃありませんっ
愛佳
愛佳
ごめんごめん。じゃ、あたしお兄ちゃんと色々回ってくるね
ごめんごめん。じゃ、あたしお兄ちゃんと色々回ってくるね
愛佳
愛佳
ここに居たら、他の人たちにも気にさせちゃうし
ここに居たら、他の人たちにも気にさせちゃうし
秀隆
秀隆
また、後で一緒に街を回ろうな
また、後で一緒に街を回ろうな
愛佳
愛佳
うん。約束
うん。約束
愛佳は笑って、祐輔の方に歩いて行った。
愛佳は笑って、祐輔の方に歩いて行った。
事情が事情だから、仕方ないとはいえ少し残念だ。
事情が事情だから、仕方ないとはいえ少し残念だ。
またいつか愛佳と、次は泳ぎに来れたらいいな。
またいつか愛佳と、次は泳ぎに来れたらいいな。
オレは
オレは
第八章・その２来たれ、夢の街へ』キズナ
第八章・その２来たれ、夢の街へ』キズナ
第八章・その２来たれ、夢の街へ』凛
第八章・その２来たれ、夢の街へ』凛
第八章・その２来たれ、夢の街へ』希望
第八章・その２来たれ、夢の街へ』希望
第八章・その２来たれ、夢の街へ』秋
第八章・その２来たれ、夢の街へ』秋
第八章・その２来たれ、夢の街へ』アクセラ
第八章・その２来たれ、夢の街へ』アクセラ
一通り遊び終えたオレたちは、昼食前に一度集まった。
一通り遊び終えたオレたちは、昼食前に一度集まった。
アクセラ
アクセラ
そろそろお食事のお時間ではないでしょうか
そろそろお食事のお時間ではないでしょうか
キズナ
キズナ
運動しすぎて、お腹ぺこぺこですっ
運動しすぎて、お腹ぺこぺこですっ
秀隆
秀隆
だな。どうするか
だな。どうするか
凛
凛
折角だから、この辺りで食べるのもいいんじゃない？
折角だから、この辺りで食べるのもいいんじゃない？
凛の言うように、周囲の人たちもあちこちで食事している。
凛の言うように、周囲の人たちもあちこちで食事している。
秀隆
秀隆
凄いな。こう言う場所で食事できるのか
凄いな。こう言う場所で食事できるのか
ホープタウンじゃ、精々公園や学生街くらいなものだ。
ホープタウンじゃ、精々公園や学生街くらいなものだ。
これほど大掛かりな娯楽施設が存在しないので、
これほど大掛かりな娯楽施設が存在しないので、
正直気おされると言うか、驚くことばかり。
正直気おされると言うか、驚くことばかり。
秀隆
秀隆
どう言う食べ物があるかも、想像がつかないんだよな
どう言う食べ物があるかも、想像がつかないんだよな
希望
希望
焼きそばとかたこ焼きとかあるかな
焼きそばとかたこ焼きとかあるかな
凛
凛
そうねー。レジャー施設だとメジャーかな
そうねー。レジャー施設だとメジャーかな
秀隆
秀隆
レジャーだけにメジャー……寒いぞそれ
レジャーだけにメジャー……寒いぞそれ
凛
凛
別にギャグで言ったんじゃないっての！
別にギャグで言ったんじゃないっての！
キズナ
キズナ
リンリンは面白いですねっ
リンリンは面白いですねっ
凛
凛
だからギャグじゃないってば……
だからギャグじゃないってば……
お店らしきところまで行き、メニューを読み上げる。
お店らしきところまで行き、メニューを読み上げる。
秋
秋
タコヤキ……？　ヤキソバ……？
タコヤキ……？　ヤキソバ……？
秀隆
秀隆
聞いたことは、ないわけじゃないが……
聞いたことは、ないわけじゃないが……
凛
凛
もしかして、食べたことないわけ？
もしかして、食べたことないわけ？
秀隆
秀隆
ない。よな？
ない。よな？
秋
秋
はい
はい
キズナ
キズナ
私はありま
私はありま
すん！
すん！
凛
凛
どっちなのよ……すんって
どっちなのよ……すんって
キズナ
キズナ
食べたことあった気がしただけで、テレビで見ただけでした
食べたことあった気がしただけで、テレビで見ただけでした
希望
希望
ホープタウンになかったら仕方ないよ
ホープタウンになかったら仕方ないよ
キズナ
キズナ
てへへ
てへへ
どうやら、思わず過去の記憶で食べたことがあると言いそうになったんだろう。
どうやら、思わず過去の記憶で食べたことがあると言いそうになったんだろう。
キズナは途中でそれに気づき修正したようだ。
キズナは途中でそれに気づき修正したようだ。
とするとこのタコヤキなるものは正真正銘地上時代の食べ物の一つか。
とするとこのタコヤキなるものは正真正銘地上時代の食べ物の一つか。
どうしてこう、ホープとドリームでも伝わってる文化が違うんだろう。
どうしてこう、ホープとドリームでも伝わってる文化が違うんだろう。
凛
凛
両方行き来してるあたしからすると、
両方行き来してるあたしからすると、
粉モノが多いのがドリームタウンって感じかな
粉モノが多いのがドリームタウンって感じかな
希望
希望
あ、それはあるかも
あ、それはあるかも
秀隆
秀隆
工場の違いかもしれないな。ドリームタウンには粉の製造所が多いから。それに比べたら、ホープタウンは数えるほどしか存在してないんだよな
工場の違いかもしれないな。ドリームタウンには粉の製造所が多いから。それに比べたら、ホープタウンは数えるほどしか存在してないんだよな
キズナ
キズナ
どうしてホープタウンには少ないんですか？
どうしてホープタウンには少ないんですか？
秀隆
秀隆
どうしてか。うーん、単純に食文化としか言えないな。
どうしてか。うーん、単純に食文化としか言えないな。
オレは粉モノは嫌いじゃないが、好まない人がいるのも事実だ
オレは粉モノは嫌いじゃないが、好まない人がいるのも事実だ
希望
希望
さすが先生だけあって詳しいね
さすが先生だけあって詳しいね
愛佳
愛佳
へへへ、そうでしょ？
へへへ、そうでしょ？
秀隆
秀隆
なんでおまえが嬉しそうなんだよ
なんでおまえが嬉しそうなんだよ
凛
凛
うすうすは感じてたけど、食文化から全然違うのね、びっくり
うすうすは感じてたけど、食文化から全然違うのね、びっくり
希望
希望
秀隆くんってトウモロコシが好きなんだよね？
秀隆くんってトウモロコシが好きなんだよね？
秀隆
秀隆
女の子と同じくらい好きだ
女の子と同じくらい好きだ
アクセラ
アクセラ
今日も最低ですね秀隆様
今日も最低ですね秀隆様
秀隆
秀隆
へへへ
へへへ
秋
秋
最低
最低
秀隆
秀隆
……くすん
……くすん
希望
希望
焼きトウモロコシとか食べたことある？
焼きトウモロコシとか食べたことある？
秀隆
秀隆
……なん、だと？
……なん、だと？
希望
希望
え？
え？
オレは、ずいっと希望ににじり寄ると、肩を掴んだ。
オレは、ずいっと希望ににじり寄ると、肩を掴んだ。
希望
希望
ちょ、え？　えっ？
ちょ、え？　えっ？
秀隆
秀隆
今なんて、言ったんだ！
今なんて、言ったんだ！
希望
希望
……や、焼きトウモロコシ？
……や、焼きトウモロコシ？
秀隆
秀隆
今すぐそれを買いに行こう！
今すぐそれを買いに行こう！
凛
凛
それはいいけど、あんたセクハラすぎ
それはいいけど、あんたセクハラすぎ
秀隆
秀隆
焼きトウモロコシ！
焼きトウモロコシ！
凛
凛
た、タフね……結構本気で殴ったんだけど
た、タフね……結構本気で殴ったんだけど
アクセラ
アクセラ
秀隆様はトウモロコシの前では、無類の力を発揮されますので
秀隆様はトウモロコシの前では、無類の力を発揮されますので
秀隆
秀隆
この世で一番好きな食べ物、それがトウモロコシッ！
この世で一番好きな食べ物、それがトウモロコシッ！
凛
凛
そんな力強く言われても……
そんな力強く言われても……
秋
秋
兄さんの戯言は、あまり気にしないでください
兄さんの戯言は、あまり気にしないでください
凛
凛
あんたは良い子ねえ。とても兄妹とは思えないわ
あんたは良い子ねえ。とても兄妹とは思えないわ
秋
秋
いえ、私はそんな
いえ、私はそんな
希望
希望
じゃあお昼は焼きトウモロコシにする？
じゃあお昼は焼きトウモロコシにする？
秀隆
秀隆
是非に
是非に
昼食を終え、オレはプールサイドに設置されたシートの上で横になっていた。
昼食を終え、オレはプールサイドに設置されたシートの上で横になっていた。
秀隆
秀隆
あー極楽極楽
あー極楽極楽
何か天井付近に温度調整のようなものが設置されているんだろうか。
何か天井付近に温度調整のようなものが設置されているんだろうか。
ジリジリと肌を焼くような熱気が伝わってくる。
ジリジリと肌を焼くような熱気が伝わってくる。
この暑さがまた絶妙で、心地よい。
この暑さがまた絶妙で、心地よい。
肌を焼く気持ちよさと、そしてプールの気持ちよさ。
肌を焼く気持ちよさと、そしてプールの気持ちよさ。
秀隆
秀隆
ホープタウンに出来たら連日連夜大繁盛間違いなしだ……
ホープタウンに出来たら連日連夜大繁盛間違いなしだ……
規制緩和されれば、大量の観光客が押し寄せるだろう。
規制緩和されれば、大量の観光客が押し寄せるだろう。
ユウキ
ユウキ
秀隆ぁ、休憩中か？
秀隆ぁ、休憩中か？
秀隆
秀隆
ちょっと遊び疲れだ。気にせず色々見てくればいい
ちょっと遊び疲れだ。気にせず色々見てくればいい
ユウキ
ユウキ
ったく体力なさすぎなんじゃないか？
ったく体力なさすぎなんじゃないか？
秀隆
秀隆
そりゃアンドロイドのおまえは疲れを知らないだろうけど
そりゃアンドロイドのおまえは疲れを知らないだろうけど
ユウキ
ユウキ
じゃあ俺はもうちょっと遊んでくるよ
じゃあ俺はもうちょっと遊んでくるよ
秀隆
秀隆
元気だねぇ……
元気だねぇ……
オレはこのビーチで肌を焼くのを気に入ってるし、
オレはこのビーチで肌を焼くのを気に入ってるし、
一日ゆっくりとさせてもらおう。
一日ゆっくりとさせてもらおう。
…………。
…………。
……。
……。
秀隆
秀隆
いやー遊んだ遊んだ
いやー遊んだ遊んだ
あれこれと騒いだ後、オレたちはホテルへと戻ってきた。
あれこれと騒いだ後、オレたちはホテルへと戻ってきた。
凛
凛
それじゃあ解散？　夜はどうなってるわけ？
それじゃあ解散？　夜はどうなってるわけ？
秀隆
秀隆
７時からホテルのディナーだ。もちろんタダだぞ
７時からホテルのディナーだ。もちろんタダだぞ
凛
凛
へえ。結構しっかりしてるじゃない。
へえ。結構しっかりしてるじゃない。
やっぱり特務官ともなれば破格の待遇ね
やっぱり特務官ともなれば破格の待遇ね
希望
希望
市民の血税を貪る連中だねっ
市民の血税を貪る連中だねっ
秀隆
秀隆
こらこらこら。なんてとんでもない爆弾発言を。
こらこらこら。なんてとんでもない爆弾発言を。
それを言うと、血税を貪る連中の親玉の娘になるぞ
それを言うと、血税を貪る連中の親玉の娘になるぞ
希望
希望
確かにそうだね
確かにそうだね
笑いながら言う。
笑いながら言う。
うーむ、図太い。
うーむ、図太い。
裕輔
裕輔
これは、凄いな……
これは、凄いな……
初めて足を踏み入れる露天風呂に、裕輔は感嘆の声を漏らした。
初めて足を踏み入れる露天風呂に、裕輔は感嘆の声を漏らした。
秀隆
秀隆
おまえも、結構凄いな……
おまえも、結構凄いな……
裕輔
裕輔
何がだ？
何がだ？
秀隆
秀隆
いや、別に……
いや、別に……
裸の裕輔の体つき、そして股間にぶら下げられたもの。
裸の裕輔の体つき、そして股間にぶら下げられたもの。
どちらも男性の平均値を上回る（オレ比）
どちらも男性の平均値を上回る（オレ比）
ユウキ
ユウキ
うお、すげぇ……
うお、すげぇ……
遅れて入ってきたユウキが、風呂を見て言う。
遅れて入ってきたユウキが、風呂を見て言う。
ユウキ
ユウキ
ぐおっ、もっとすげぇ！
ぐおっ、もっとすげぇ！
そして今度は裕輔の股間を見て仰天していた。
そして今度は裕輔の股間を見て仰天していた。
もちろん、オレは神聖なるヴェール（皮ではなく）で股間を守っている。
もちろん、オレは神聖なるヴェール（皮ではなく）で股間を守っている。
ユウキも白きヴェールを腰にまとっていた。
ユウキも白きヴェールを腰にまとっていた。
三人で露天の端に立つ。
三人で露天の端に立つ。
裕輔
裕輔
誰かと風呂に入った経験がないから、少し勝手に困るが
誰かと風呂に入った経験がないから、少し勝手に困るが
秀隆
秀隆
オレだってそうさ。こんな広い風呂ホープタウンにはない
オレだってそうさ。こんな広い風呂ホープタウンにはない
秀隆
秀隆
いや、あるにはあるんだろうけど、
いや、あるにはあるんだろうけど、
一般市民が入れるようなレベルじゃないな
一般市民が入れるようなレベルじゃないな
ユウキ
ユウキ
普通に身体を洗い流したら入ってもいいんだよな？
普通に身体を洗い流したら入ってもいいんだよな？
秀隆
秀隆
多分。早速入ろうぜ
多分。早速入ろうぜ
オレたちは軽く身体を洗い流し、湯船に入ることにした。
オレたちは軽く身体を洗い流し、湯船に入ることにした。
他には数人の客がいるだけで、静かに風呂を堪能しているようだ。
他には数人の客がいるだけで、静かに風呂を堪能しているようだ。
seお風呂に浸かり、リラックスする凛の姿。
seお風呂に浸かり、リラックスする凛の姿。
裕輔
裕輔
今日は本当に感謝している
今日は本当に感謝している
秀隆
秀隆
タダ旅行なんだ、気にするなよ
タダ旅行なんだ、気にするなよ
裕輔
裕輔
おまえなら誘う相手は幾らでもいたはずだ。
おまえなら誘う相手は幾らでもいたはずだ。
だが、俺を、何より愛佳を連れてきてくれた
だが、俺を、何より愛佳を連れてきてくれた
裕輔
裕輔
その話をしたとき、あいつは凄く喜んでいた
その話をしたとき、あいつは凄く喜んでいた
秀隆
秀隆
そりゃ良かった。誘ったかいもあったよ
そりゃ良かった。誘ったかいもあったよ
秀隆
秀隆
それに感謝って言うなら、オレの方こそ。
それに感謝って言うなら、オレの方こそ。
愛佳が秋と仲良くなってくれたお陰かな、最近よく笑うよ
愛佳が秋と仲良くなってくれたお陰かな、最近よく笑うよ
裕輔
裕輔
互いに、無くてはならない親友になってくれればいいと思う
互いに、無くてはならない親友になってくれればいいと思う
秀隆
秀隆
そうだな……
そうだな……
ユウキ
ユウキ
愛佳ちゃん可愛いよなぁ
愛佳ちゃん可愛いよなぁ
秀隆
秀隆
おまえはほんと、可愛ければ誰でもいいのか
おまえはほんと、可愛ければ誰でもいいのか
ユウキ
ユウキ
性格だって申し分ないし。ま、過去に振られてるわけだけど
性格だって申し分ないし。ま、過去に振られてるわけだけど
裕輔
裕輔
そうなのか？
そうなのか？
ユウキ
ユウキ
秒殺だった……
秒殺だった……
がっくしとうなだれる。
がっくしとうなだれる。
裕輔
裕輔
すまないな
すまないな
ユウキ
ユウキ
俺が至らなかっただけだって。
俺が至らなかっただけだって。
それに、俺の本命は秋ちゃんだからね！
それに、俺の本命は秋ちゃんだからね！
ぐぐっと握りこぶしを作った。
ぐぐっと握りこぶしを作った。
秀隆
秀隆
物好きなやつ
物好きなやつ
ユウキ
ユウキ
兄妹だからその魅力に気づいてないだけだって。
兄妹だからその魅力に気づいてないだけだって。
今日だって何人の男に声かけられてたか知ってるか？
今日だって何人の男に声かけられてたか知ってるか？
秀隆
秀隆
全く知らん
全く知らん
ユウキ
ユウキ
これだよ……
これだよ……
秀隆
秀隆
明日の街の観光、秋と出かけてくるか？
明日の街の観光、秋と出かけてくるか？
ユウキ
ユウキ
いいのかっ！？
いいのかっ！？
秀隆
秀隆
ああ。そこで口説き落とすなり自由にすればいい
ああ。そこで口説き落とすなり自由にすればいい
ユウキ
ユウキ
うおおお！
うおおお！
ざばっと湯船から立ち上がり、雄たけびをあげる。
ざばっと湯船から立ち上がり、雄たけびをあげる。
ユウキ
ユウキ
決める、決めるぜえ！
決める、決めるぜえ！
やや股間も雄たけびを上げているようだった。
やや股間も雄たけびを上げているようだった。
秀隆
秀隆
ただ、体調の問題だけはどうしても付きまとう。
ただ、体調の問題だけはどうしても付きまとう。
悪いけどアクセラだけは同伴させてやってくれ
悪いけどアクセラだけは同伴させてやってくれ
ユウキ
ユウキ
おっけ、全然平気。それは大切なことだしな
おっけ、全然平気。それは大切なことだしな
秀隆
秀隆
よろしく頼むよ
よろしく頼むよ
裕輔
裕輔
重病なのか、妹の病気は
重病なのか、妹の病気は
秀隆
秀隆
現代じゃ治せない、未解明の病気だって話だ
現代じゃ治せない、未解明の病気だって話だ
ユウキ
ユウキ
身体が弱いってのは知ってるけど、そんなにひどいのか？
身体が弱いってのは知ってるけど、そんなにひどいのか？
ユウキは湯船につかりなおし、真剣な表情を向けてきた。
ユウキは湯船につかりなおし、真剣な表情を向けてきた。
それだけ秋を大切に想ってくれているんだろう。
それだけ秋を大切に想ってくれているんだろう。
秀隆
秀隆
誰かに聞かせるような話じゃないが……
誰かに聞かせるような話じゃないが……
秀隆
秀隆
病気の進行は日々刻々と進んでいて、
病気の進行は日々刻々と進んでいて、
医者の見立てじゃ二十歳までは生きられない
医者の見立てじゃ二十歳までは生きられない
秀隆
秀隆
ってことらしい
ってことらしい
ユウキ
ユウキ
っ！？
っ！？
裕輔
裕輔
…………
…………
秀隆
秀隆
どうにもならないことだからな。オレは割り切ってるつもりだ
どうにもならないことだからな。オレは割り切ってるつもりだ
秀隆
秀隆
だから、せめて動けるうちは自由にさせてやりたいだろ
だから、せめて動けるうちは自由にさせてやりたいだろ
ユウキ
ユウキ
そんなに重い病気なら、
そんなに重い病気なら、
コールドスリープ治療って方法もあるんじゃないのか？
コールドスリープ治療って方法もあるんじゃないのか？
秀隆
秀隆
無茶言うなよ。何千万いると思ってんだ
無茶言うなよ。何千万いると思ってんだ
ユウキ
ユウキ
そりゃそうだろうけどさ……
そりゃそうだろうけどさ……
秀隆
秀隆
それに、どれだけの年月眠るかも分からないんだ。
それに、どれだけの年月眠るかも分からないんだ。
金のあるないに関わらず、その治療を皆が選択するわけじゃない
金のあるないに関わらず、その治療を皆が選択するわけじゃない
裕輔
裕輔
そうだな……それは、そうかも知れない
そうだな……それは、そうかも知れない
秀隆
秀隆
目覚めた世界が１００年後だったら、誰もいないんだぞ？
目覚めた世界が１００年後だったら、誰もいないんだぞ？
ユウキ
ユウキ
……俺、秋ちゃんに死んでほしくない
……俺、秋ちゃんに死んでほしくない
秀隆
秀隆
それは分かるけどな。人はいつか死ぬ
それは分かるけどな。人はいつか死ぬ
秀隆
秀隆
無理に抗ったって意味がないだろ
無理に抗ったって意味がないだろ
ユウキ
ユウキ
それは、でも兄だけは言っちゃダメじゃないか？
それは、でも兄だけは言っちゃダメじゃないか？
ユウキ
ユウキ
兄妹なら、最後まで生きてほしいって思うじゃん
兄妹なら、最後まで生きてほしいって思うじゃん
秀隆
秀隆
…………
…………
もう、こいつアンドロイドじゃない。
もう、こいつアンドロイドじゃない。
人間臭いにも程があるだろう。
人間臭いにも程があるだろう。
秀隆
秀隆
そうかもな
そうかもな
話を半分合わせておく。
話を半分合わせておく。
秀隆
秀隆
とりあえず、この話はお終いにしよう
とりあえず、この話はお終いにしよう
ユウキ
ユウキ
そうだな……俺、明日は必ず秋ちゃんを楽しませるぜ
そうだな……俺、明日は必ず秋ちゃんを楽しませるぜ
秀隆
秀隆
ああ。それがあいつにとっても、一番いいことだろう
ああ。それがあいつにとっても、一番いいことだろう
裕輔
裕輔
おまえの予定はどうなってるんだ？
おまえの予定はどうなってるんだ？
秀隆
秀隆
誰か空いた奴と適当に回るさ
誰か空いた奴と適当に回るさ
裕輔
裕輔
なら愛佳を連れて行ってやってくれ
なら愛佳を連れて行ってやってくれ
秀隆
秀隆
出た。兄貴の妹推し……
出た。兄貴の妹推し……
裕輔
裕輔
今しがた秀隆の言ったことを真似ただけだ
今しがた秀隆の言ったことを真似ただけだ
秀隆
秀隆
そうかもしんないけどさ……
そうかもしんないけどさ……
ユウキ
ユウキ
なんだよいいじゃん。愛佳ちゃんすげぇ可愛いし
なんだよいいじゃん。愛佳ちゃんすげぇ可愛いし
ユウキ
ユウキ
あんな子が彼女になってくれたら最高じゃん？
あんな子が彼女になってくれたら最高じゃん？
秀隆
秀隆
そりゃそうなんだけどさ……
そりゃそうなんだけどさ……
裕輔
裕輔
一度検討してみてくれ
一度検討してみてくれ
秀隆
秀隆
そうするよ
そうするよ
風呂から上がった後、オレたちは解散したが、
風呂から上がった後、オレたちは解散したが、
ユウキは何故かオレの部屋にやって来た。
ユウキは何故かオレの部屋にやって来た。
秀隆
秀隆
どうしたんだよ
どうしたんだよ
ユウキ
ユウキ
いや、ちょっとさっきの話がひっかかっちゃってさ
いや、ちょっとさっきの話がひっかかっちゃってさ
秀隆
秀隆
秋のことか
秋のことか
ユウキ
ユウキ
俺、そんなに真剣に考えてなかったっつーか
俺、そんなに真剣に考えてなかったっつーか
ユウキ
ユウキ
もっと気楽なもんだと、思ってたんだよね。
もっと気楽なもんだと、思ってたんだよね。
秋ちゃん自身、それを受け入れてると思ってたから
秋ちゃん自身、それを受け入れてると思ってたから
秀隆
秀隆
実際あいつは受け入れてるよ。自分の運命を
実際あいつは受け入れてるよ。自分の運命を
ユウキ
ユウキ
そうかな？　俺にはそうは思えないんだ
そうかな？　俺にはそうは思えないんだ
ユウキ
ユウキ
俺は、今日もそれを感じたよ。
俺は、今日もそれを感じたよ。
秋ちゃんは楽しんでいるようで、楽しんでないんだ
秋ちゃんは楽しんでいるようで、楽しんでないんだ
秀隆
秀隆
…………
…………
ユウキは、本当によく秋を見てるな。
ユウキは、本当によく秋を見てるな。
表面上取り繕っている秋の本性に、気づきかけている。
表面上取り繕っている秋の本性に、気づきかけている。
秀隆
秀隆
じゃあ、おまえが楽しませてやれよ。少しでも沢山秋を
じゃあ、おまえが楽しませてやれよ。少しでも沢山秋を
ユウキ
ユウキ
そりゃそれが出来るならそうしてるさ。
そりゃそれが出来るならそうしてるさ。
でも、なんか自分の限界を感じるって言うか……
でも、なんか自分の限界を感じるって言うか……
ユウキ
ユウキ
俺じゃ駄目なんじゃないかと
俺じゃ駄目なんじゃないかと
秀隆
秀隆
そんな弱気なのは、らしくないな
そんな弱気なのは、らしくないな
秀隆
秀隆
間違いなく秋はおまえに感謝してるよ
間違いなく秋はおまえに感謝してるよ
ユウキ
ユウキ
そうかな……？
そうかな……？
秀隆
秀隆
ああ。間違いない。兄のオレが保証する
ああ。間違いない。兄のオレが保証する
ユウキ
ユウキ
秀隆は、秋ちゃんの辛そうな姿を見て、どう感じてるんだ？
秀隆は、秋ちゃんの辛そうな姿を見て、どう感じてるんだ？
秀隆
秀隆
オレは……もちろん、何とかしてやりたい気持ちはある
オレは……もちろん、何とかしてやりたい気持ちはある
秀隆
秀隆
でも運命は変えられない。
でも運命は変えられない。
だから受け入れるようにしようと努力してるんだ
だから受け入れるようにしようと努力してるんだ
秀隆
秀隆
下手に心配して不安な顔を見せたら、
下手に心配して不安な顔を見せたら、
それこそ秋が不安になると思わないか？
それこそ秋が不安になると思わないか？
ユウキ
ユウキ
そうかも……
そうかも……
秀隆
秀隆
そうだろ？　今ユウキが落ち込んでるように、
そうだろ？　今ユウキが落ち込んでるように、
その姿を見てたらオレだってテンションを上げきれない
その姿を見てたらオレだってテンションを上げきれない
秀隆
秀隆
特に人の感情に、秋は敏感だからな。
特に人の感情に、秋は敏感だからな。
おまえが暗くなってたらすぐバレちまうぞ
おまえが暗くなってたらすぐバレちまうぞ
ユウキ
ユウキ
……そうだな
……そうだな
ユウキ
ユウキ
俺、秋ちゃんを楽しませるよ。頑張って
俺、秋ちゃんを楽しませるよ。頑張って
秀隆
秀隆
おまえならやれるさ
おまえならやれるさ
ユウキ
ユウキ
おっしゃ、なんか元気出てきた
おっしゃ、なんか元気出てきた
秀隆
秀隆
それでこそユウキだ
それでこそユウキだ
ユウキ
ユウキ
部屋に戻って、明日のことでも考える。
部屋に戻って、明日のことでも考える。
少しでも秋ちゃんに楽しんでもらえるように色々と作戦会議だ
少しでも秋ちゃんに楽しんでもらえるように色々と作戦会議だ
秀隆
秀隆
楽しみにしてるぜ、その作戦ってやつ
楽しみにしてるぜ、その作戦ってやつ
ユウキ
ユウキ
じゃ、また明日な秀隆
じゃ、また明日な秀隆
秀隆
秀隆
ああ
ああ
一方その頃……。
一方その頃……。
凛
凛
ここのホテル、露天風呂が有名なんだって
ここのホテル、露天風呂が有名なんだって
希望
希望
そうなんだ。みんなで一緒に行く？
そうなんだ。みんなで一緒に行く？
キズナ
キズナ
旅行の醍醐味ですよねっ
旅行の醍醐味ですよねっ
凛
凛
さすがキズナ。よくわかってるわね。じゃ、早速行こうか
さすがキズナ。よくわかってるわね。じゃ、早速行こうか
愛佳
愛佳
あ……ごめん、あたしはちょっとやめておくね
あ……ごめん、あたしはちょっとやめておくね
凛
凛
もしかしてお風呂もだめ、ってこと？
もしかしてお風呂もだめ、ってこと？
愛佳
愛佳
もちろん入れるんだけど、多分時間かかっちゃうし。
もちろん入れるんだけど、多分時間かかっちゃうし。
悪いけど皆で楽しんできてくれない？
悪いけど皆で楽しんできてくれない？
凛
凛
そう？　まあ、無理にとは言えないけど
そう？　まあ、無理にとは言えないけど
愛佳
愛佳
ごめんね
ごめんね
秋
秋
じゃ、じゃあ私も……
じゃ、じゃあ私も……
凛
凛
あんたはダメ
あんたはダメ
凛は逃がさないように秋の腕を捕まえる。
凛は逃がさないように秋の腕を捕まえる。
秋
秋
え、ど、どうしてですかっ？！
え、ど、どうしてですかっ？！
凛
凛
愛佳は正当な理由があるからいいけど、あんたはないでしょ
愛佳は正当な理由があるからいいけど、あんたはないでしょ
秋
秋
だって……
だって……
凛
凛
ほら、いいから行くわよ
ほら、いいから行くわよ
秋
秋
でも、でも凛さんっ……！
でも、でも凛さんっ……！
キズナ
キズナ
わあああ、凄いですねっ！
わあああ、凄いですねっ！
露天風呂に入るなり、キズナは喜びの万歳をした。
露天風呂に入るなり、キズナは喜びの万歳をした。
キズナ
キズナ
こんな大きなお風呂があるなんて
こんな大きなお風呂があるなんて
希望
希望
ほんとだ、凄い……
ほんとだ、凄い……
凛
凛
へええ。さすが最新のホテル。すごい豪勢なもんね
へええ。さすが最新のホテル。すごい豪勢なもんね
秋
秋
あ、あの……
あ、あの……
アクセラ
アクセラ
どうなさいましたか、秋様
どうなさいましたか、秋様
秋
秋
ど、どうしてみんな、平気で裸なんだろう……
ど、どうしてみんな、平気で裸なんだろう……
秋は体にタオルを巻いたまま、そわそわしていた。
秋は体にタオルを巻いたまま、そわそわしていた。
凛
凛
へぇ。なんだ秋。あんたもなかなかウブなとこあるんだ
へぇ。なんだ秋。あんたもなかなかウブなとこあるんだ
凛はニヤニヤ笑いながら、裸で堂々と秋に近づいてくる。
凛はニヤニヤ笑いながら、裸で堂々と秋に近づいてくる。
秋
秋
誰かとお風呂なんて、入ったことないので……
誰かとお風呂なんて、入ったことないので……
凛
凛
へええ、ほっほーお
へええ、ほっほーお
希望
希望
なんかセクハラおやじみたいだよ凛ちゃん
なんかセクハラおやじみたいだよ凛ちゃん
凛
凛
だってさ。いつも淡々とした表情してる秋が、
だってさ。いつも淡々とした表情してる秋が、
こんなもじもじしてる姿なんて、なかなか見れないじゃない
こんなもじもじしてる姿なんて、なかなか見れないじゃない
秋
秋
…………
…………
秋は顔を赤くし、下を俯く。
秋は顔を赤くし、下を俯く。
希望
希望
あんまりからかっちゃ悪いよ
あんまりからかっちゃ悪いよ
凛
凛
ごめんごめん。別に困らせるつもりはないから
ごめんごめん。別に困らせるつもりはないから
キズナ
キズナ
りんりん
りんりん
凛
凛
んっ？
んっ？
キズナ
キズナ
りんりんは、私の将来の目標ですっ
りんりんは、私の将来の目標ですっ
びしっと、凛の胸、腰、足を順に指さした。
びしっと、凛の胸、腰、足を順に指さした。
凛
凛
ま、憧れられてもしかたないわね
ま、憧れられてもしかたないわね
そういい、大胆なセクシーポーズを取る。
そういい、大胆なセクシーポーズを取る。
キズナ
キズナ
おおーっ。ひーくんが見たら絶対悩殺されますね
おおーっ。ひーくんが見たら絶対悩殺されますね
凛
凛
そりゃそうでしょ。アイドルの裸なんて見たら下手したら死んじゃうわよ
そりゃそうでしょ。アイドルの裸なんて見たら下手したら死んじゃうわよ
希望
希望
うーん、でもそうだね。確かに凛ちゃんはすごい体してる
うーん、でもそうだね。確かに凛ちゃんはすごい体してる
凛
凛
もっと褒めていいのよ、もっともっと。
もっと褒めていいのよ、もっともっと。
この体形を維持するために、普段血の滲む努力してるんだから
この体形を維持するために、普段血の滲む努力してるんだから
アクセラ
アクセラ
さすがです凛様
さすがです凛様
凛
凛
…………
…………
ぴたりと、凛の体が硬直する。
ぴたりと、凛の体が硬直する。
目の前に立つアクセラのを凝視。
目の前に立つアクセラのを凝視。
凛
凛
……あたしのさらに１ランク上の体をしてる……てか、胸とか物理的に反則よ
……あたしのさらに１ランク上の体をしてる……てか、胸とか物理的に反則よ
アクセラ
アクセラ
私はアンドロイドです。深くお考えになる必要はありません
私はアンドロイドです。深くお考えになる必要はありません
凛
凛
そりゃ、まぁアンドロイドに張り合えるとは思ってないけど
そりゃ、まぁアンドロイドに張り合えるとは思ってないけど
希望
希望
十分張り合ってるって。すごくいい勝負だもん
十分張り合ってるって。すごくいい勝負だもん
凛
凛
そ、そう？　それならまぁ、いいかな
そ、そう？　それならまぁ、いいかな
キズナ
キズナ
私なんて、この中で一番貧相です……がっくし
私なんて、この中で一番貧相です……がっくし
凛
凛
あんたは将来性に期待しなさい。希望くらいは追い抜けるかもね
あんたは将来性に期待しなさい。希望くらいは追い抜けるかもね
希望
希望
あはー……貧相だって言われた気分
あはー……貧相だって言われた気分
凛
凛
希望の場合は、顔はアイドル級だけど、体は、ＴＨＥ平凡って感じ？
希望の場合は、顔はアイドル級だけど、体は、ＴＨＥ平凡って感じ？
希望
希望
平凡……かぁ……
平凡……かぁ……
アクセラ
アクセラ
平凡とは、特色もなく、ごくあたりまえなこと。またそのさまです。つまり劣っているわけではありませんので、落ち込まれる必要はありませんよ
平凡とは、特色もなく、ごくあたりまえなこと。またそのさまです。つまり劣っているわけではありませんので、落ち込まれる必要はありませんよ
キズナ
キズナ
そう言われると落ち込みますねっ
そう言われると落ち込みますねっ
希望
希望
ううう……
ううう……
秋
秋
…………
…………
凛
凛
はいそこ、こそこそ逃げ出そうとしない
はいそこ、こそこそ逃げ出そうとしない
ガッと秋のツインテールを掴む。
ガッと秋のツインテールを掴む。
秋
秋
い、痛いです凛さん
い、痛いです凛さん
凛
凛
病弱でも容赦しないわよ？　あたしってそういう人間だから
病弱でも容赦しないわよ？　あたしってそういう人間だから
ぐいぐいと秋を引っ張っていく。
ぐいぐいと秋を引っ張っていく。
秋
秋
あ、アクセラぁ……
あ、アクセラぁ……
アクセラ
アクセラ
これも社会勉強です、秋様
これも社会勉強です、秋様
それを温かく見守ることにしたアクセラ。
それを温かく見守ることにしたアクセラ。
seお風呂に浸かり、リラックスする凛の姿。
seお風呂に浸かり、リラックスする凛の姿。
キズナ
キズナ
あー極楽極楽、です……
あー極楽極楽、です……
凛
凛
たまにはいいでしょ、こうやって皆でお風呂ってのもさ
たまにはいいでしょ、こうやって皆でお風呂ってのもさ
秋
秋
は、はい
は、はい
凛
凛
まだ恥ずかしいの？　タオル巻いてるのあんただけよ。
まだ恥ずかしいの？　タオル巻いてるのあんただけよ。
とっちゃえば？
とっちゃえば？
秋
秋
いっ、いいです、いいです
いっ、いいです、いいです
凛
凛
はは～ん。さては悩める思春期ってやつ？　大丈夫男は気にしないって
はは～ん。さては悩める思春期ってやつ？　大丈夫男は気にしないって
秋
秋
何がですかっ
何がですかっ
凛
凛
胸の大きさの割に、ちょっと乳輪が大きいとか、そう言うんじゃないの？
胸の大きさの割に、ちょっと乳輪が大きいとか、そう言うんじゃないの？
どれどれ、とタオルに手を伸ばす。
どれどれ、とタオルに手を伸ばす。
秋
秋
や、やめてください
や、やめてください
ささっと逃げる秋。
ささっと逃げる秋。
キズナ
キズナ
回り込みですっ
回り込みですっ
全裸で素早く移動し、キズナが秋の背後を取る。
全裸で素早く移動し、キズナが秋の背後を取る。
秋
秋
っ！？
っ！？
凛
凛
ナイスキズナ。そのまま確保！
ナイスキズナ。そのまま確保！
キズナ
キズナ
はいですっ！
はいですっ！
がしっと秋の両脇に手を差し入れ、拘束するキズナ。
がしっと秋の両脇に手を差し入れ、拘束するキズナ。
秋
秋
や、やめてキズナ、離して！　た、助けてアクセラぁ……
や、やめてキズナ、離して！　た、助けてアクセラぁ……
アクセラ
アクセラ
これも社会勉強です。キズナ様
これも社会勉強です。キズナ様
これも温かく見守ることにしたアクセラ。
これも温かく見守ることにしたアクセラ。
凛
凛
だいじょぶだいじょぶ。別に悪いようにはしないから
だいじょぶだいじょぶ。別に悪いようにはしないから
そういい、凛はタオルに手をかける。
そういい、凛はタオルに手をかける。
秋
秋
う、恨みますよ凛さん……
う、恨みますよ凛さん……
凛
凛
あんたの恨みなら可愛いもんよ
あんたの恨みなら可愛いもんよ
そういい、タオルをぺらりと外した。
そういい、タオルをぺらりと外した。
秋
秋
っ！！
っ！！
ぎゅっと目を閉じる秋。
ぎゅっと目を閉じる秋。
凛
凛
…………
…………
キズナ
キズナ
りんりん、あっきーはどうですかっ
りんりん、あっきーはどうですかっ
凛
凛
うーん……別に何ともないわね。面白くない
うーん……別に何ともないわね。面白くない
キズナ
キズナ
あらら
あらら
凛
凛
ったく。別に恥ずかしがることなんてなんもないじゃないの
ったく。別に恥ずかしがることなんてなんもないじゃないの
凛
凛
乳輪サイズが大きいとか小さすぎるとか、
乳輪サイズが大きいとか小さすぎるとか、
あるいは片方だけ陥没してるとか、大穴で真っ黒いとか。
あるいは片方だけ陥没してるとか、大穴で真っ黒いとか。
なんか面白ネタになるものがあると思ったのに
なんか面白ネタになるものがあると思ったのに
ため息をついて、タオルを戻す凛。
ため息をついて、タオルを戻す凛。
凛
凛
はい、拘束解除ー
はい、拘束解除ー
キズナ
キズナ
解除ですっ
解除ですっ
秋
秋
ううっ！
ううっ！
その場にしゃがみこんで、ぐずる秋。
その場にしゃがみこんで、ぐずる秋。
凛
凛
あのねえ、いずれ裸なんて男に見せるようになんのよ？
あのねえ、いずれ裸なんて男に見せるようになんのよ？
同性相手にそんなんじゃ、いつまで経っても無理よ無理
同性相手にそんなんじゃ、いつまで経っても無理よ無理
秋
秋
見せる予定なんて、ありません……
見せる予定なんて、ありません……
凛
凛
うわぁ、まだその段階？　同い年とは思えないなぁ
うわぁ、まだその段階？　同い年とは思えないなぁ
凛
凛
希望なんてもうすぐ龍也さんにお披露目なんじゃないの？
希望なんてもうすぐ龍也さんにお披露目なんじゃないの？
希望
希望
ええっ！？　そ、その予定は当分ないよ……！
ええっ！？　そ、その予定は当分ないよ……！
凛
凛
相変わらずね、希望も
相変わらずね、希望も
キズナ
キズナ
私は心の準備できてますよっ！
私は心の準備できてますよっ！
凛
凛
あんたは早すぎ。最低でも３年は我慢しなさい
あんたは早すぎ。最低でも３年は我慢しなさい
キズナ
キズナ
早すぎますか？
早すぎますか？
凛
凛
あんたに手出したら男は皆檻の中よ檻の中
あんたに手出したら男は皆檻の中よ檻の中
キズナ
キズナ
おおお、危険な魅惑のボディー、ですねっ
おおお、危険な魅惑のボディー、ですねっ
凛
凛
全然違う気がするけど……
全然違う気がするけど……
凛
凛
あーいいお湯だった
あーいいお湯だった
キズナ
キズナ
満足満足です
満足満足です
秋
秋
恨みます、凛さん……
恨みます、凛さん……
凛
凛
はいはい。恨まれてあげる恨まれてあげる
はいはい。恨まれてあげる恨まれてあげる
希望
希望
凛ちゃんの性格がたまに羨ましいと思うこともあるけど、
凛ちゃんの性格がたまに羨ましいと思うこともあるけど、
やっぱり凛ちゃんみたいな性格じゃなくてよかったと思うことのほうが多いよ
やっぱり凛ちゃんみたいな性格じゃなくてよかったと思うことのほうが多いよ
凛
凛
なによそれ、つまりあたしみたいにはなりたくないってこと？
なによそれ、つまりあたしみたいにはなりたくないってこと？
希望
希望
一日限定なら、いいかな……
一日限定なら、いいかな……
アクセラ
アクセラ
ここで解散に致しますか？
ここで解散に致しますか？
凛
凛
何言ってんの。温泉は前半戦、これから後半戦に決まってるじゃない
何言ってんの。温泉は前半戦、これから後半戦に決まってるじゃない
アクセラ
アクセラ
後半戦、ですか？
後半戦、ですか？
凛
凛
もちろん愛佳も呼んでね
もちろん愛佳も呼んでね
凛
凛
じゃあ、愛佳もそろったことだし、恒例のアレ、やっとこうか
じゃあ、愛佳もそろったことだし、恒例のアレ、やっとこうか
希望
希望
恒例のアレ？
恒例のアレ？
凛
凛
若い女の子がこうして集まるんだから、
若い女の子がこうして集まるんだから、
やっぱり恋ばなの１つや２つした方が面白いでしょ
やっぱり恋ばなの１つや２つした方が面白いでしょ
アクセラ
アクセラ
こいばな、ですか？
こいばな、ですか？
凛
凛
あたしは誰が好き～とか、そう言うの
あたしは誰が好き～とか、そう言うの
キズナ
キズナ
なんだか面白そうですねっ。賛成ですっ
なんだか面白そうですねっ。賛成ですっ
凛
凛
さすがキズナね。あんたのそう言うとこ好きよ
さすがキズナね。あんたのそう言うとこ好きよ
キズナ
キズナ
ありがとうございます
ありがとうございます
秋
秋
でも私は、別に好きな人なんていません
でも私は、別に好きな人なんていません
凛
凛
あーはいはい、そう言うのは無し無し。
あーはいはい、そう言うのは無し無し。
仮にそうでも、場を盛り下げるようなことは言わない
仮にそうでも、場を盛り下げるようなことは言わない
秋
秋
はぁ……
はぁ……
凛
凛
ってことで、じゃんけんね。
ってことで、じゃんけんね。
負けた順番から告白していくってことで
負けた順番から告白していくってことで
凛
凛
じゃあいくわよ！
じゃあいくわよ！
凛が手を振り上げる。
凛が手を振り上げる。
凛
凛
最初はぐっちちのもんちっち！
最初はぐっちちのもんちっち！
バッと凛がチョキを出す。
バッと凛がチョキを出す。
だが、他の誰もがポカンとした顔で凛を見つめていた。
だが、他の誰もがポカンとした顔で凛を見つめていた。
凛
凛
ちょっと、何で出さないのよっ
ちょっと、何で出さないのよっ
秋
秋
あの……今のは？
あの……今のは？
凛
凛
え？　今のって、何が？
え？　今のって、何が？
秋
秋
なんだか、聞きなれない言葉を聞いたので。
なんだか、聞きなれない言葉を聞いたので。
ぐっちちが、なんとかって
ぐっちちが、なんとかって
凛
凛
あれ、言わない？　そう言う風に
あれ、言わない？　そう言う風に
希望
希望
言わないねー
言わないねー
キズナ
キズナ
初めて聞きましたっ
初めて聞きましたっ
凛
凛
じゃあ普通でいいわ
じゃあ普通でいいわ
ちょっとだけ寂しそうな表情を見せたあと、
ちょっとだけ寂しそうな表情を見せたあと、
凛は改めて気合を入れなおした。
凛は改めて気合を入れなおした。
凛
凛
最初はグー！　じゃんけん……
最初はグー！　じゃんけん……
ポンッ！
ポンッ！
凛
凛
こ、これはっ！！
こ、これはっ！！
凛はチョキ、そして残りの全員はグーだった。
凛はチョキ、そして残りの全員はグーだった。
凛
凛
あ……あたしから……
あ……あたしから……
希望
希望
言いだしっぺの法則だね
言いだしっぺの法則だね
それから、じゃんけんを続け、
それから、じゃんけんを続け、
凛、アクセラ、希望、愛佳、秋、キズナの順番で決定した。
凛、アクセラ、希望、愛佳、秋、キズナの順番で決定した。
凛
凛
分かったわよ。じゃああたしから話せばいいわけね
分かったわよ。じゃああたしから話せばいいわけね
希望
希望
うんうん
うんうん
女の子たちは、やや目を輝かせながら凛を見ている。
女の子たちは、やや目を輝かせながら凛を見ている。
凛
凛
う……なんか話しづらい
う……なんか話しづらい
アクセラ
アクセラ
怖気づきましたか？
怖気づきましたか？
凛
凛
んなわけないでしょっ
んなわけないでしょっ
凛
凛
そうね、んー……
そうね、んー……
あたしって、
あたしって、
別に誰とも恋してないし、みたいな？
別に誰とも恋してないし、みたいな？
希望
希望
…………
…………
秋
秋
…………
…………
アクセラ
アクセラ
…………
…………
キズナ
キズナ
りんりん、それはさすがにがっかりです。見損ないました
りんりん、それはさすがにがっかりです。見損ないました
希望
希望
うん。キズナちゃんの言う通りだよ凛ちゃん
うん。キズナちゃんの言う通りだよ凛ちゃん
凛
凛
だ、だって仕方ないでしょ！　ほんとにいないんだからさぁ
だ、だって仕方ないでしょ！　ほんとにいないんだからさぁ
アクセラ
アクセラ
それで逃げられるなら、全員同じことが言えてしまいますよ
それで逃げられるなら、全員同じことが言えてしまいますよ
凛
凛
うう……！　あたしが追い込まれてる！
うう……！　あたしが追い込まれてる！
凛
凛
いやでもね？　ほんとに好きな人っていないわけよ
いやでもね？　ほんとに好きな人っていないわけよ
希望
希望
凛ちゃん可愛いから、モテるんじゃない？
凛ちゃん可愛いから、モテるんじゃない？
凛
凛
まーそれはねえ。否定できないかな。この間も藤原ってヤツに
まーそれはねえ。否定できないかな。この間も藤原ってヤツに
告られたし
告られたし
希望
希望
藤原って……
藤原って……
もしかして、俳優の？
もしかして、俳優の？
凛
凛
そそ。ドラマで競演したのをきっかけにね
そそ。ドラマで競演したのをきっかけにね
秋
秋
凄いですね……私も知ってます、藤原って人
凄いですね……私も知ってます、藤原って人
アクセラ
アクセラ
いつも同じ演技をされる方ですよね。私も存じ上げております
いつも同じ演技をされる方ですよね。私も存じ上げております
希望
希望
うわ、本当のことでもそれは失礼なんじゃないかな
うわ、本当のことでもそれは失礼なんじゃないかな
凛
凛
いいのいいの。あたしもそう思うし
いいのいいの。あたしもそう思うし
希望
希望
それでどうなったの？　もしかして付き合ってるとか？
それでどうなったの？　もしかして付き合ってるとか？
凛
凛
ここだけの話にしといてよ？　噂って怖いからさ
ここだけの話にしといてよ？　噂って怖いからさ
希望
希望
もちろんだよ
もちろんだよ
凛
凛
ドラマで共演してる時は、ちょっと付き合ってたかな。
ドラマで共演してる時は、ちょっと付き合ってたかな。
役柄も恋人同士だったからそういう雰囲気も合わさっちゃってさ
役柄も恋人同士だったからそういう雰囲気も合わさっちゃってさ
秋
秋
そ、そういうものなんですか？
そ、そういうものなんですか？
凛
凛
そういうものなのよ。
そういうものなのよ。
でもね、正直ダメだと思った。ああいう俳優は
でもね、正直ダメだと思った。ああいう俳優は
アクセラ
アクセラ
それはどうしてなのでしょう？　外見は男性の平均値を大きく
それはどうしてなのでしょう？　外見は男性の平均値を大きく
上回る方かと
上回る方かと
凛
凛
まぁね。でもさ、なんていうか、男の癖にお高く止まってんのよね
まぁね。でもさ、なんていうか、男の癖にお高く止まってんのよね
凛
凛
僕はこれくらいモテるんだ、とか、
僕はこれくらいモテるんだ、とか、
前の彼女がどうとか。ヤリチン自慢されてもって感じ
前の彼女がどうとか。ヤリチン自慢されてもって感じ
希望
希望
あはは……キズナちゃんとかもいるんだよ？
あはは……キズナちゃんとかもいるんだよ？
凛
凛
いいのいいの。女の子は耳年増くらいのほうが
いいのいいの。女の子は耳年増くらいのほうが
キズナ
キズナ
私は平気ですよ。ヤリチンヤリチン
私は平気ですよ。ヤリチンヤリチン
凛
凛
あんた、ほんとに出来るわね……一番年下とは思えない
あんた、ほんとに出来るわね……一番年下とは思えない
キズナ
キズナ
魔性の女ですから
魔性の女ですから
凛
凛
エッチは、まぁそれなりに場数踏んでるからか、上手かったと
エッチは、まぁそれなりに場数踏んでるからか、上手かったと
思うけどさ
思うけどさ
秋
秋
…………
…………
アクセラ
アクセラ
秋様やキズナ様には刺激が強すぎるかも知れません
秋様やキズナ様には刺激が強すぎるかも知れません
キズナ
キズナ
私は興味津々ですっ
私は興味津々ですっ
凛
凛
どういう部分に興味があるわけ？　お姉さんが答えたげるわ
どういう部分に興味があるわけ？　お姉さんが答えたげるわ
キズナ
キズナ
そうですね……大きさとか
そうですね……大きさとか
凛
凛
結構ストレートにきたわね。んー、これくらい？
結構ストレートにきたわね。んー、これくらい？
傍に置かれてあるヘアスプレーの缶を手に取った。
傍に置かれてあるヘアスプレーの缶を手に取った。
キズナ
キズナ
ジャンボですねっ
ジャンボですねっ
愛佳
愛佳
こ、こんなの本当に入るの……？
こ、こんなの本当に入るの……？
凛
凛
ひょっとして愛佳も経験なし？
ひょっとして愛佳も経験なし？
愛佳
愛佳
うん、まだ……
うん、まだ……
凛
凛
これはちょっとサイズが大きいから、
これはちょっとサイズが大きいから、
これの一回り小さいのは覚悟しておいたほうがいいかも
これの一回り小さいのは覚悟しておいたほうがいいかも
そういい、手で何となくの大きさを作る。
そういい、手で何となくの大きさを作る。
アクセラ
アクセラ
男性の勃起時における平均サイズは１３センチ前後だそうです
男性の勃起時における平均サイズは１３センチ前後だそうです
愛佳
愛佳
へ、へぇ……
へ、へぇ……
アクセラ
アクセラ
直径が３．５センチ前後ですので……
直径が３．５センチ前後ですので……
ホテルの案内用のチラシを手に取ったアクセラは、それを丸めていく。
ホテルの案内用のチラシを手に取ったアクセラは、それを丸めていく。
そしてハサミを取り出して丁寧に整えていく。
そしてハサミを取り出して丁寧に整えていく。
凛
凛
なんでハサミ持ってるのよ
なんでハサミ持ってるのよ
アクセラ
アクセラ
必要な時もあるかと思いまして
必要な時もあるかと思いまして
待つこと１分ほどで、男性平均サイズのソレが完成した。
待つこと１分ほどで、男性平均サイズのソレが完成した。
アクセラ
アクセラ
どうぞ凛様
どうぞ凛様
凛
凛
ありがと……
ありがと……
って別に頼んだ覚えはないけど……
って別に頼んだ覚えはないけど……
凛はそれを受け取る。
凛はそれを受け取る。
凛
凛
そうね、これくらいだと思う
そうね、これくらいだと思う
愛佳
愛佳
わ、私もいい？
わ、私もいい？
そういい凛から受け取る。
そういい凛から受け取る。
愛佳
愛佳
スプレーよりは小さいけど、でも……信じられない。どう思う、秋ちゃん
スプレーよりは小さいけど、でも……信じられない。どう思う、秋ちゃん
秋
秋
わ、私に振らないでっ
わ、私に振らないでっ
凛
凛
彼氏になった男が、想像より遥かに大きいこともあるから、
彼氏になった男が、想像より遥かに大きいこともあるから、
覚悟してたほうがいいわよぉ
覚悟してたほうがいいわよぉ
怯える愛佳が面白いのか、凛はからかいながら言う。
怯える愛佳が面白いのか、凛はからかいながら言う。
愛佳
愛佳
そ、そんな……
そ、そんな……
キズナ
キズナ
りんりんは平気ですか？
りんりんは平気ですか？
凛
凛
あたし？　まぁね。っていうか大きいほうが気持ちいいし
あたし？　まぁね。っていうか大きいほうが気持ちいいし
キズナ
キズナ
ガバマンですかっ
ガバマンですかっ
凛
凛
……あんた、どこでそんな知識得てくるのよ。
……あんた、どこでそんな知識得てくるのよ。
てか、あたしのは違うわよっ
てか、あたしのは違うわよっ
愛佳
愛佳
は、はいキズナちゃん
は、はいキズナちゃん
そういい、愛佳がバトンタッチ。
そういい、愛佳がバトンタッチ。
キズナ
キズナ
これが、男性の平均的なサイズですね
これが、男性の平均的なサイズですね
ぎゅっと握り楽しそうに笑う。
ぎゅっと握り楽しそうに笑う。
キズナ
キズナ
ひーくんのサイズもこれくらいだった覚えがあります
ひーくんのサイズもこれくらいだった覚えがあります
凛
凛
ぶっ！！！
ぶっ！！！
凛が吹いた。
凛が吹いた。
いや、正確には秋とアクセラを除く全員が吹いた。
いや、正確には秋とアクセラを除く全員が吹いた。
希望
希望
ちょ、ちょっとキズナちゃん！？
ちょ、ちょっとキズナちゃん！？
キズナ
キズナ
はい？
はい？
凛
凛
ああああ、あんた、まさか秀隆に何かされたの！？
ああああ、あんた、まさか秀隆に何かされたの！？
キズナ
キズナ
いえ、別に何かされたとかではなく……
いえ、別に何かされたとかではなく……
凛
凛
まさか、見るだけでいいからとか言われて……
まさか、見るだけでいいからとか言われて……
希望
希望
最低だよ秀隆くん……
最低だよ秀隆くん……
キズナ
キズナ
ということでもなく、単純に事故と言いますか
ということでもなく、単純に事故と言いますか
アクセラ
アクセラ
私がご説明させていただきますと、秀隆様は酔われると全裸になる癖があります。それで、朝キズナ様が起こしに行かれた際に目にしてしまった、と
私がご説明させていただきますと、秀隆様は酔われると全裸になる癖があります。それで、朝キズナ様が起こしに行かれた際に目にしてしまった、と
凛
凛
そ、そういうこと。あーまじでびびった
そ、そういうこと。あーまじでびびった
希望
希望
私は信じていたけどね
私は信じていたけどね
凛
凛
あんたはあんたでさらっと嘘つくわね
あんたはあんたでさらっと嘘つくわね
アクセラ
アクセラ
厳密には、秀隆様のサイズは私がお作りしたサイズよりもやや小さ
厳密には、秀隆様のサイズは私がお作りしたサイズよりもやや小さ
凛
凛
ストップストップ！　これ以上話すとあいつの尊厳が砕け散るから！
ストップストップ！　これ以上話すとあいつの尊厳が砕け散るから！
希望
希望
珍しく凛ちゃんがフォローしたね
珍しく凛ちゃんがフォローしたね
凛
凛
だって……見てみなさいよ
だって……見てみなさいよ
凛が顎で指した方向、愛佳を見ると、
凛が顎で指した方向、愛佳を見ると、
愛佳はキズナの持つサンプルをじっと見ていた。
愛佳はキズナの持つサンプルをじっと見ていた。
愛佳
愛佳
あれが、センセの……っ……
あれが、センセの……っ……
希望
希望
これ以上はいろいろまずそうだね
これ以上はいろいろまずそうだね
凛
凛
でしょ？　誰よ、普通の恋ばなから話を大きく脱線させたのは
でしょ？　誰よ、普通の恋ばなから話を大きく脱線させたのは
アクセラ
アクセラ
凛様です
凛様です
凛
凛
あたしか……
あたしか……
もう下ネタ終わり、はいこれも回収
もう下ネタ終わり、はいこれも回収
そういいサンプルをキズナからとると、くしゃっと握りつぶした。
そういいサンプルをキズナからとると、くしゃっと握りつぶした。
キズナ
キズナ
ああ、ひーくんがっ
ああ、ひーくんがっ
アクセラ
アクセラ
あれは激痛だと思われます
あれは激痛だと思われます
凛
凛
いやいやいや……
いやいやいや……
希望
希望
えっと、何の話をしてたんだっけ
えっと、何の話をしてたんだっけ
アクセラ
アクセラ
凛様がモテすぎる男性は微妙だ、と言うあたりです
凛様がモテすぎる男性は微妙だ、と言うあたりです
凛
凛
そうそうそうだったっけ。
そうそうそうだったっけ。
ま、程度にもよるわね。調子に乗るのはアウトってこと
ま、程度にもよるわね。調子に乗るのはアウトってこと
凛
凛
あと無能もダメね。あたしと釣りあうくらいにはしっかりしてて欲しいかな
あと無能もダメね。あたしと釣りあうくらいにはしっかりしてて欲しいかな
凛
凛
あとツマンナイ男もダメ。多少なりともユーモアはいるかな
あとツマンナイ男もダメ。多少なりともユーモアはいるかな
秋
秋
なかなか条件が厳しいですね
なかなか条件が厳しいですね
アクセラ
アクセラ
では、そう言う意味で気になる男性は？
では、そう言う意味で気になる男性は？
希望
希望
そこそこモテて、仕事が出来て、ユーモアがある人だね
そこそこモテて、仕事が出来て、ユーモアがある人だね
凛
凛
そんなのが当てはまる男ねぇ
そんなのが当てはまる男ねぇ
凛は頭の中で浮かべてみる。
凛は頭の中で浮かべてみる。
凛
凛
（そこそこモテる、ってからには外見も大事よね）
（そこそこモテる、ってからには外見も大事よね）
凛
凛
（身近で言うなら秀隆くらいは欲しいかな）
（身近で言うなら秀隆くらいは欲しいかな）
凛
凛
（それから仕事が出来る……フリーターじゃ、ちょっとねぇ）
（それから仕事が出来る……フリーターじゃ、ちょっとねぇ）
凛
凛
（特務官くらいの安定した仕事なら彼氏としても納得かな）
（特務官くらいの安定した仕事なら彼氏としても納得かな）
凛
凛
（あとはユーモア、堅物より面白いヤツの方がいいに決まってるし）
（あとはユーモア、堅物より面白いヤツの方がいいに決まってるし）
希望
希望
それで、誰かいるの？
それで、誰かいるの？
凛
凛
そうね、あたしは
そうね、あたしは
凛は、ふと口にしようとして思いとどまる。
凛は、ふと口にしようとして思いとどまる。
何故だか無性に、その名前を言うのが躊躇われたのだ。
何故だか無性に、その名前を言うのが躊躇われたのだ。
凛
凛
ほら、あの、俳優の小野って人、あの人なんかいいかなー
ほら、あの、俳優の小野って人、あの人なんかいいかなー
希望
希望
小野さん？　誰だろ
小野さん？　誰だろ
凛
凛
知らなくても無理ないかなー。まだマイナーだから
知らなくても無理ないかなー。まだマイナーだから
って、ホントはそんな人物存在しないんだけど……。
って、ホントはそんな人物存在しないんだけど……。
キズナ
キズナ
身近な人で言うと、ひーくん見たいな人ですねっ
身近な人で言うと、ひーくん見たいな人ですねっ
凛
凛
…………
…………
凛の動きがフリーズする。
凛の動きがフリーズする。
希望
希望
言われてみれば、そうだよね
言われてみれば、そうだよね
アクセラ
アクセラ
凛様は秀隆様のような男性が好みなのですか？
凛様は秀隆様のような男性が好みなのですか？
凛
凛
いや、あいつはさー、ちょっと違うんじゃない？
いや、あいつはさー、ちょっと違うんじゃない？
キズナ
キズナ
そうでしょうか？
そうでしょうか？
凛
凛
そ、そうよ
そ、そうよ
凛
凛
あたしはその、裕輔さんの方がいいかなー
あたしはその、裕輔さんの方がいいかなー
希望
希望
あー。格好いいもんねえ、あの人
あー。格好いいもんねえ、あの人
凛
凛
（だはー何言ってんだろあたし！？）
（だはー何言ってんだろあたし！？）
希望
希望
だけど彼女いるんじゃないかなぁ
だけど彼女いるんじゃないかなぁ
愛佳
愛佳
お兄ちゃんは彼女いないんじゃないかな
お兄ちゃんは彼女いないんじゃないかな
希望
希望
そうなの？
そうなの？
愛佳
愛佳
なんていうか、女の子に興味ない感じ？
なんていうか、女の子に興味ない感じ？
凛
凛
モテすぎると、そう言う風になる人がいるって聞いたことあるわね
モテすぎると、そう言う風になる人がいるって聞いたことあるわね
凛はそう言うと、視線をアクセラへとやった。
凛はそう言うと、視線をアクセラへとやった。
凛
凛
はい、あたしは終わり。エッチな話までしてあげたから十分でしょ。次はアクセラね
はい、あたしは終わり。エッチな話までしてあげたから十分でしょ。次はアクセラね
アクセラ
アクセラ
私は残念ながら、世の男性は秀隆様しか存じません。
私は残念ながら、世の男性は秀隆様しか存じません。
裕輔様やユウキ様とは、お会いしたばかりですし
裕輔様やユウキ様とは、お会いしたばかりですし
アクセラ
アクセラ
もちろん、秀隆様に恋をしていることもありません
もちろん、秀隆様に恋をしていることもありません
アクセラ
アクセラ
と、言うよりも、恋とはなんでしょうか？
と、言うよりも、恋とはなんでしょうか？
と言う質問から真面目にすることになります
と言う質問から真面目にすることになります
アクセラ
アクセラ
客観的には理解しておりますが、
客観的には理解しておりますが、
それが自分自身に置き換えられたときには理解不能になります
それが自分自身に置き換えられたときには理解不能になります
アクセラ
アクセラ
つまり秀隆様を例題に出すとしても、
つまり秀隆様を例題に出すとしても、
私は秀隆様に対して恋という感情を持ち合わせているのかがわからないことになります
私は秀隆様に対して恋という感情を持ち合わせているのかがわからないことになります
アクセラ
アクセラ
では、その恋を見極める明確な判断材料はあるのでしょうか？
では、その恋を見極める明確な判断材料はあるのでしょうか？
凛
凛
な、なんか楽しいはずの恋バナなのに、やけに哲学的……
な、なんか楽しいはずの恋バナなのに、やけに哲学的……
キズナ
キズナ
恋すると言うのは、どういうことなんでしょうりんりん
恋すると言うのは、どういうことなんでしょうりんりん
凛
凛
例えば、二人きりになるとドキドキするとか
例えば、二人きりになるとドキドキするとか
アクセラ
アクセラ
ドキドキとは心臓のことでしょうか？
ドキドキとは心臓のことでしょうか？
凛
凛
それ以外に何があるっていうのよ
それ以外に何があるっていうのよ
アクセラ
アクセラ
私には心臓は備え付けられておりません
私には心臓は備え付けられておりません
凛
凛
…………
…………
凛
凛
も、もういいわ……次！
も、もういいわ……次！
これ以上はどうにもならないと判断した凛が、アクセラを素っ飛ばす。
これ以上はどうにもならないと判断した凛が、アクセラを素っ飛ばす。
希望
希望
私？　私には龍也さんが居るから
私？　私には龍也さんが居るから
キズナ
キズナ
婚約者がいる勝ち組ですもんねっ
婚約者がいる勝ち組ですもんねっ
凛
凛
まーそうだけどね、一応聞いておかないと不公平じゃない？
まーそうだけどね、一応聞いておかないと不公平じゃない？
キズナ
キズナ
じゃあここはあえて、その龍也さんという方を除いて考えましょう
じゃあここはあえて、その龍也さんという方を除いて考えましょう
希望
希望
えっ？
えっ？
想像もしていなかったことに希望が驚く。
想像もしていなかったことに希望が驚く。
希望
希望
私は、普段女子校に通ってるから、男の子の友達もいないし……
私は、普段女子校に通ってるから、男の子の友達もいないし……
凛
凛
でも知り合いの男性は多いじゃない。年下から年上までさ
でも知り合いの男性は多いじゃない。年下から年上までさ
希望
希望
うーん、それはそうなんだけど……
うーん、それはそうなんだけど……
凛
凛
別にここだけの話なんだから、思い切って言っちゃえば？
別にここだけの話なんだから、思い切って言っちゃえば？
キズナ
キズナ
言っちゃいましょう。けして他言しませんよっ
言っちゃいましょう。けして他言しませんよっ
希望
希望
ごめん、やっぱりいないし。
ごめん、やっぱりいないし。
適当に言うこともできないかな、龍也さんに悪いよ
適当に言うこともできないかな、龍也さんに悪いよ
凛
凛
ま……仕方ないわね。じゃあ龍也さんとのアツアツ話で勘弁してあげる
ま……仕方ないわね。じゃあ龍也さんとのアツアツ話で勘弁してあげる
希望
希望
アツアツ話かぁ……うーん
アツアツ話かぁ……うーん
希望は顎に手を当てて考える。
希望は顎に手を当てて考える。
希望
希望
映画を一緒に見て、感想を言い合ったり。ご飯を一緒に食べたり、かな
映画を一緒に見て、感想を言い合ったり。ご飯を一緒に食べたり、かな
キズナ
キズナ
ふつうですねっ
ふつうですねっ
希望
希望
うん。まだふつうだから
うん。まだふつうだから
凛
凛
ったく。面白味に欠けるわね。じゃあ次愛佳
ったく。面白味に欠けるわね。じゃあ次愛佳
愛佳
愛佳
あ、あたし！？　あたしは……
あ、あたし！？　あたしは……
愛佳
愛佳
その……お、驚かないで聞いてくれる？
その……お、驚かないで聞いてくれる？
凛
凛
大丈夫よ。驚かないから
大丈夫よ。驚かないから
希望
希望
うんうん
うんうん
秋
秋
誰か好きな人がいるの？
誰か好きな人がいるの？
愛佳
愛佳
うん……いる、かな……
うん……いる、かな……
秋
秋
知らなかった、私の知ってる人？
知らなかった、私の知ってる人？
愛佳
愛佳
し、知ってるというかなんと言うか……し、島津先生が……
し、知ってるというかなんと言うか……し、島津先生が……
キズナ
キズナ
ひーくんのことですか？
ひーくんのことですか？
愛佳
愛佳
……う、うん
……う、うん
秋
秋
え、兄さんってこと？
え、兄さんってこと？
キズナ
キズナ
ほかにひーくんはいないと思います
ほかにひーくんはいないと思います
凛
凛
ま、バレバレよね。あたしたちと知り合った時からわかってたし
ま、バレバレよね。あたしたちと知り合った時からわかってたし
愛佳
愛佳
まぁ、その、先生には積極的にアタックしてるから
まぁ、その、先生には積極的にアタックしてるから
希望
希望
でも、どうして恥ずかしがるの？　秀隆くんには堂々と言ってるよね
でも、どうして恥ずかしがるの？　秀隆くんには堂々と言ってるよね
凛
凛
あれでしょ。ノリっていうか、勢いで誤魔化してるんでしょ。
あれでしょ。ノリっていうか、勢いで誤魔化してるんでしょ。
恥ずかしいから
恥ずかしいから
愛佳
愛佳
お見事……
お見事……
頭を下げる愛佳。
頭を下げる愛佳。
アクセラ
アクセラ
秀隆様にお伝えすれば、喜ばれるのではないでしょうか
秀隆様にお伝えすれば、喜ばれるのではないでしょうか
愛佳
愛佳
どうかな……あたし、正直相手にされてないと思う
どうかな……あたし、正直相手にされてないと思う
希望
希望
ええ、どうしてそんなこと思うの？
ええ、どうしてそんなこと思うの？
愛佳ちゃんすごくかわいいし、秀隆くんオッケーしてくれると思うけどなぁ
愛佳ちゃんすごくかわいいし、秀隆くんオッケーしてくれると思うけどなぁ
アクセラ
アクセラ
確か愛佳様は片桐食糧プラントの娘さん……
確か愛佳様は片桐食糧プラントの娘さん……
もしも秀隆様とご一緒になられれば、将来は安定した生活が……
もしも秀隆様とご一緒になられれば、将来は安定した生活が……
キズナ
キズナ
おお、アクセラさんが何やら計算を始めましたっ
おお、アクセラさんが何やら計算を始めましたっ
愛佳
愛佳
一応頑張ってみるけど、わかんないな
一応頑張ってみるけど、わかんないな
恥ずかしそうに愛佳が苦笑いした。
恥ずかしそうに愛佳が苦笑いした。
秋
秋
……やめておいたほうがいいよ……
……やめておいたほうがいいよ……
愛佳
愛佳
え？
え？
秋
秋
あの人は、ろくな人じゃないから。絶対後悔することになる
あの人は、ろくな人じゃないから。絶対後悔することになる
希望
希望
秋、ちゃん？
秋、ちゃん？
秋
秋
……ごめんなさい。私部屋に戻ります
……ごめんなさい。私部屋に戻ります
そういい、秋は立ち上がった。
そういい、秋は立ち上がった。
愛佳
愛佳
あたし、何か変なこと、言ったかな？
あたし、何か変なこと、言ったかな？
秋
秋
ううん。ごめん、私が余計なこと言ってる……おやすみなさい
ううん。ごめん、私が余計なこと言ってる……おやすみなさい
そういい、秋は部屋を後にした。
そういい、秋は部屋を後にした。
アクセラ
アクセラ
申し訳ございません
申し訳ございません
アクセラが頭を下げる。
アクセラが頭を下げる。
凛が、その理由を聞こうと思いアクセラを見た。
凛が、その理由を聞こうと思いアクセラを見た。
だが……。
だが……。
アクセラ
アクセラ
……それは私にはお答えできません
……それは私にはお答えできません
静かに、申し訳なさそうに言った。
静かに、申し訳なさそうに言った。
愛佳
愛佳
うそ……本当に？
うそ……本当に？
キズナ
キズナ
あのっ
あのっ
暗くなりかけた雰囲気でキズナが手を上げる。
暗くなりかけた雰囲気でキズナが手を上げる。
キズナ
キズナ
次は私の番なので、語ってもいいですか！
次は私の番なので、語ってもいいですか！
凛
凛
そうね。あんただけ話さないってのもあれだし
そうね。あんただけ話さないってのもあれだし
キズナ
キズナ
私は正直。恋はまだ経験してないです
私は正直。恋はまだ経験してないです
凛
凛
ほんとにぃ？　隠してるだけなんじゃないの？
ほんとにぃ？　隠してるだけなんじゃないの？
キズナ
キズナ
本当です。もし恋をしたら、私言いますよ？
本当です。もし恋をしたら、私言いますよ？
凛
凛
……この子なら恥ずかしがらず言いそうね
……この子なら恥ずかしがらず言いそうね
キズナ
キズナ
はいっ
はいっ
キズナ
キズナ
それに、実は男の子の友達が少なくて……ユウキ先生はアンドロイドですし。ゆうちゃんは恋愛の相手という感じはしませんので
それに、実は男の子の友達が少なくて……ユウキ先生はアンドロイドですし。ゆうちゃんは恋愛の相手という感じはしませんので
キズナ
キズナ
それこそ無理やりあげるとするなら、
それこそ無理やりあげるとするなら、
ひーくん以外に出しようが無いというのが実情です
ひーくん以外に出しようが無いというのが実情です
凛
凛
なんか、全然恋バナって雰囲気ないわね……
なんか、全然恋バナって雰囲気ないわね……
キズナ
キズナ
あわわ、盛り上げるつもりが、なんか微妙なままになってしまいました
あわわ、盛り上げるつもりが、なんか微妙なままになってしまいました
…………。
…………。
……。
……。
何となくそのまま寝ることが躊躇われたオレは、ロビーへと降りて来た。
何となくそのまま寝ることが躊躇われたオレは、ロビーへと降りて来た。
そのまま外に出る。
そのまま外に出る。
既に夜遅くなったドリームタウンは、消灯のため暗くなってしまっている。
既に夜遅くなったドリームタウンは、消灯のため暗くなってしまっている。
秀隆
秀隆
そういやこんな時間にドリームタウンの外見るのは初めてだな……
そういやこんな時間にドリームタウンの外見るのは初めてだな……
いつもは終電までに帰るから、また一風変わった雰囲気を感じる。
いつもは終電までに帰るから、また一風変わった雰囲気を感じる。
人は、まだ１２時を回ったばかりだからか、パラパラと歩いていた。
人は、まだ１２時を回ったばかりだからか、パラパラと歩いていた。
秋
秋
……兄さん？
……兄さん？
秀隆
秀隆
秋？
秋？
ホテルの入り口から、秋が出て来た。
ホテルの入り口から、秋が出て来た。
秀隆
秀隆
何やってんだよ。もう遅いぞ
何やってんだよ。もう遅いぞ
秋
秋
兄さんこそ……明日も朝早いんですよ。何してるんですか
兄さんこそ……明日も朝早いんですよ。何してるんですか
秀隆
秀隆
ちょっと寝付けなくてな
ちょっと寝付けなくてな
秋
秋
そうですか
そうですか
秋は歩いていく。
秋は歩いていく。
秀隆
秀隆
どこ行くんだよ
どこ行くんだよ
秋
秋
私も寝付けないので、少し散歩してきます
私も寝付けないので、少し散歩してきます
秀隆
秀隆
別に止めはしないけどさ、ドリームタウンは治安が悪いぞ
別に止めはしないけどさ、ドリームタウンは治安が悪いぞ
秋
秋
えっ？　そうなんですか……？
えっ？　そうなんですか……？
どうやら危険なのは下層区画だけだと思っていたらしい。
どうやら危険なのは下層区画だけだと思っていたらしい。
秀隆
秀隆
ここは自分たちで生き抜く街だ。不用意に出歩くと責任は持てないぞ
ここは自分たちで生き抜く街だ。不用意に出歩くと責任は持てないぞ
秋
秋
…………
…………
秋は名残惜しげに街を見つめる。
秋は名残惜しげに街を見つめる。
秀隆
秀隆
オレは適当に散歩するつもりだ。ついてくるか？
オレは適当に散歩するつもりだ。ついてくるか？
秋
秋
兄さんと一緒に歩くくらいなら、ホテルに戻ります
兄さんと一緒に歩くくらいなら、ホテルに戻ります
秀隆
秀隆
あ、そう
あ、そう
そう言うと思った。
そう言うと思った。
秀隆
秀隆
じゃあな
じゃあな
秋
秋
…………
…………
オレは秋を置いたまま、一人ドリームタウンへと歩いて行った。
オレは秋を置いたまま、一人ドリームタウンへと歩いて行った。
それから、３０分ほど街をぶらつき、そろそろ引き返すことを決める。
それから、３０分ほど街をぶらつき、そろそろ引き返すことを決める。
ホテルが近づいてきたころ……。
ホテルが近づいてきたころ……。
男たちが笑いながら集まっているのが見えた。
男たちが笑いながら集まっているのが見えた。
秀隆
秀隆
なんだ？
なんだ？
何かを囲んでいるようだ。
何かを囲んでいるようだ。
秀隆
秀隆
……秋かよ……
……秋かよ……
どうやら、オレの忠告を無視し、街をぶらついていたらしい。
どうやら、オレの忠告を無視し、街をぶらついていたらしい。
見たところ男たちに囲まれナンパされているようだった。
見たところ男たちに囲まれナンパされているようだった。
いや、ナンパと言うには生ぬるいかもしれない。
いや、ナンパと言うには生ぬるいかもしれない。
半ば強引に秋を連れて行こうとしている。
半ば強引に秋を連れて行こうとしている。
秋は必死に抵抗しようとしているようだが、
秋は必死に抵抗しようとしているようだが、
貧弱な秋にはどうすることも出来ないようだった。
貧弱な秋にはどうすることも出来ないようだった。
秀隆
秀隆
助けんのか？　オレが？　ウソだろ……
助けんのか？　オレが？　ウソだろ……
本来なら、秋が困っていても助けるような真似は絶対にしない。
本来なら、秋が困っていても助けるような真似は絶対にしない。
したくない。
したくない。
でも、これはさすがに見過ごすことは出来ない。
でも、これはさすがに見過ごすことは出来ない。
最悪秋が戻ってこず、明日以降騒ぎになることだってありうる。
最悪秋が戻ってこず、明日以降騒ぎになることだってありうる。
秀隆
秀隆
ちょっとすいません
ちょっとすいません
オレは男たちの前に立ちふさがるように飛び出した。
オレは男たちの前に立ちふさがるように飛び出した。
秋
秋
あ……
あ……
秋
秋
……っ
……っ
秋はオレを見た瞬間、顔を背ける。
秋はオレを見た瞬間、顔を背ける。
自らのミスでオレが助けに来たことを恥じているんだろう。
自らのミスでオレが助けに来たことを恥じているんだろう。
秋をナンパする男
秋をナンパする男
んだよテメ
んだよテメ
男の一人が、オレの胸ぐらをつかみ上げる。
男の一人が、オレの胸ぐらをつかみ上げる。
秀隆
秀隆
そこにいるの、オレの妹なんだよ
そこにいるの、オレの妹なんだよ
秋をナンパする男
秋をナンパする男
だからンだよ
だからンだよ
秀隆
秀隆
散ってくれ。騒ぎにしたくない
散ってくれ。騒ぎにしたくない
秋をナンパする男
秋をナンパする男
ああぁあ？
ああぁあ？
顎をしゃくらせ、オレの傍に顔を近づける。
顎をしゃくらせ、オレの傍に顔を近づける。
凶悪なほど酒の匂いがしている。
凶悪なほど酒の匂いがしている。
どうやら、相当酔っているようだった。
どうやら、相当酔っているようだった。
秋をナンパする男
秋をナンパする男
ち……行くぞ
ち……行くぞ
最悪喧嘩も覚悟していたが、男はオレを突き飛ばすと歩き出した。
最悪喧嘩も覚悟していたが、男はオレを突き飛ばすと歩き出した。
他の仲間は秋に未練があるようだったが、
他の仲間は秋に未練があるようだったが、
男はグループのリーダーだったのか、しぶしぶしたがっていった。
男はグループのリーダーだったのか、しぶしぶしたがっていった。
秀隆
秀隆
帰れって言ったろ
帰れって言ったろ
秋
秋
兄さんに従う必要はないと思ったので……
兄さんに従う必要はないと思ったので……
秀隆
秀隆
それで迷惑かけてたらどうしようもないよな
それで迷惑かけてたらどうしようもないよな
秋
秋
助けてなんて、言ってないです
助けてなんて、言ってないです
秀隆
秀隆
そうだな。オレも助けたくなんてない
そうだな。オレも助けたくなんてない
秀隆
秀隆
おまえに何かあれば、後日オレが大変なんだよ
おまえに何かあれば、後日オレが大変なんだよ
秋
秋
言われなくてもわかってます。もう、戻りますから
言われなくてもわかってます。もう、戻りますから
秀隆
秀隆
そうしろ
そうしろ
秋は震えていた。
秋は震えていた。
男たちに囲まれ、何かされるかも知れないと思っていたんだろう。
男たちに囲まれ、何かされるかも知れないと思っていたんだろう。
オレは秋の傍には寄らず、ゆっくりと歩いて帰る秋の背中を見送った。
オレは秋の傍には寄らず、ゆっくりと歩いて帰る秋の背中を見送った。
秀隆
秀隆
しんど……
しんど……
…………。
…………。
……。
……。
