昼休みになった。
昼休みになった。
オレはある決意の元、席を立った。
オレはある決意の元、席を立った。
秀隆
秀隆
あの……小林さん。ちょっとよろしいですか？
あの……小林さん。ちょっとよろしいですか？
小林
小林
島津くん。どうしたの？
島津くん。どうしたの？
秀隆
秀隆
今日の、お昼の予定って決まってますか……？
今日の、お昼の予定って決まってますか……？
小林
小林
まだ決まってないけど……
まだ決まってないけど……
秀隆
秀隆
あの、よかったらお昼ご飯、どうですか……？
あの、よかったらお昼ご飯、どうですか……？
小林
小林
わ、私と？
わ、私と？
秀隆
秀隆
はいっ。小林さんとです
はいっ。小林さんとです
小林
小林
…………
…………
小林さんは迷ったようなしぐさを見せる。
小林さんは迷ったようなしぐさを見せる。
小林
小林
……別に、いいけど……
……別に、いいけど……
秀隆
秀隆
ほ、ほんとですか！　やった！
ほ、ほんとですか！　やった！
小林
小林
すぐ準備するから、ちょっと待ってね
すぐ準備するから、ちょっと待ってね
秀隆
秀隆
はいっ！　廊下で待ってますっ
はいっ！　廊下で待ってますっ
小林
小林
ええ
ええ
秀隆
秀隆
いやぁ、小林さんが誘いを受けてくれるなんて……
いやぁ、小林さんが誘いを受けてくれるなんて……
特務官としての楽しい生活が始まるかもしれない。
特務官としての楽しい生活が始まるかもしれない。
まどか
まどか
ずいぶんと嬉しそうだけど、どうしたの？
ずいぶんと嬉しそうだけど、どうしたの？
秀隆
秀隆
えっ？　あ、いや、ちょっとな
えっ？　あ、いや、ちょっとな
まどか
まどか
今日、よかったらお昼一緒に食べない？　磯部くん体調不良で
今日、よかったらお昼一緒に食べない？　磯部くん体調不良で
休みだから
休みだから
秀隆
秀隆
え、あ、いや……
え、あ、いや……
まどか
まどか
もしかして誰かと一緒？
もしかして誰かと一緒？
秀隆
秀隆
んーあー……まぁ、ちょっと今日は
んーあー……まぁ、ちょっと今日は
まどか
まどか
そうなんだ。珍しいわね
そうなんだ。珍しいわね
どうしてこういう日に限って、まどかから誘いを受けるのか。
どうしてこういう日に限って、まどかから誘いを受けるのか。
普段なら間違いなく喜んでまどかとも食事に行くのに。
普段なら間違いなく喜んでまどかとも食事に行くのに。
かと言って小林さんを含め３人での食事は出来れば避けたい。
かと言って小林さんを含め３人での食事は出来れば避けたい。
それじゃあ、小林さん攻略の可能性がなくなるからだ。
それじゃあ、小林さん攻略の可能性がなくなるからだ。
まどか
まどか
誰とご飯に行くの？
誰とご飯に行くの？
秀隆
秀隆
普通に特務官の人だよ
普通に特務官の人だよ
乗り切れ、乗り切るんだオレ！
乗り切れ、乗り切るんだオレ！
必死に知恵を振り絞る。
必死に知恵を振り絞る。
まどか
まどか
……小林さん？
……小林さん？
秀隆
秀隆
え！？
え！？
まどか
まどか
やっぱり
やっぱり
秀隆
秀隆
な、なんで？
な、なんで？
まどか
まどか
島津くんが誘う人って、限られてるし
島津くんが誘う人って、限られてるし
どうやらオレの好みはモロばれのようだ。
どうやらオレの好みはモロばれのようだ。
まどか
まどか
お邪魔しても悪いわね……じゃ、私行くから……
お邪魔しても悪いわね……じゃ、私行くから……
秀隆
秀隆
あー……
あー……
オレはまどかを見送ることしか出来ず、その場に立ち尽くした。
オレはまどかを見送ることしか出来ず、その場に立ち尽くした。
秀隆
秀隆
まぁ、仕方ないよな……
まぁ、仕方ないよな……
オレはつらい試練を乗り越えた。
オレはつらい試練を乗り越えた。
小林
小林
お待たせ、島津くん
お待たせ、島津くん
秀隆
秀隆
いえいえっ。じゃあ行きましょうかっ
いえいえっ。じゃあ行きましょうかっ
小林
小林
どこに行くの？
どこに行くの？
秀隆
秀隆
高級料理でも食べに行きますか
高級料理でも食べに行きますか
小林
小林
もう、今はお昼よ？　ふふ、そんな時間ないのに
もう、今はお昼よ？　ふふ、そんな時間ないのに
…………。
…………。
笑った小林さん、
笑った小林さん、
ちょおおお可愛いんですけどおおおお！
ちょおおお可愛いんですけどおおおお！
皆さんに小林さんを見せられないのは本当に残念だ。
皆さんに小林さんを見せられないのは本当に残念だ。
秀隆
秀隆
じゃあ高級料理は今度食べに行きましょう。休日でも利用して
じゃあ高級料理は今度食べに行きましょう。休日でも利用して
小林
小林
それは、今後の島津くん次第……かな
それは、今後の島津くん次第……かな
秀隆
秀隆
頑張りますよぉ、オレ
頑張りますよぉ、オレ
ああ、苦節数ヶ月、ついに春が来たかもしれない。
ああ、苦節数ヶ月、ついに春が来たかもしれない。
竹内
竹内
島津くん。よかった、お昼に出る前だったようだね
島津くん。よかった、お昼に出る前だったようだね
秀隆
秀隆
竹内特務官！？　お疲れ様です
竹内特務官！？　お疲れ様です
小林
小林
お、お疲れ様です
お、お疲れ様です
竹内
竹内
すまないが、至急私と会議室の方に来てもらいたい
すまないが、至急私と会議室の方に来てもらいたい
秀隆
秀隆
え……今からですか？
え……今からですか？
竹内
竹内
至急、と言う意味はわかるだろう？
至急、と言う意味はわかるだろう？
秀隆
秀隆
は、はい。わかりました
は、はい。わかりました
小林
小林
……失礼します
……失礼します
小林さんは竹内特務官に頭を下げ、廊下を歩いて行った。
小林さんは竹内特務官に頭を下げ、廊下を歩いて行った。
ああ、オレの春が……。
ああ、オレの春が……。
せっかく小林さんに近づけたと思っていたのに。
せっかく小林さんに近づけたと思っていたのに。
何故だか今までよりも遠く離れていく気がする。
何故だか今までよりも遠く離れていく気がする。
秀隆
秀隆
それで、自分に何のご用件でしょうか？
それで、自分に何のご用件でしょうか？
竹内
竹内
今からドリームタウンに向かってもらいたい。
今からドリームタウンに向かってもらいたい。
大河内代表が島津くんに会いたがっているようだ
大河内代表が島津くんに会いたがっているようだ
秀隆
秀隆
大河内代表が、自分にですか
大河内代表が、自分にですか
竹内
竹内
そうだ
そうだ
秀隆
秀隆
……わかりました
……わかりました
竹内
竹内
ひょっとすると、例の規制緩和での話の可能性もある
ひょっとすると、例の規制緩和での話の可能性もある
竹内
竹内
聞けば君は大河内代表相手にも、相当な無茶をやったそうだね
聞けば君は大河内代表相手にも、相当な無茶をやったそうだね
秀隆
秀隆
それは……はい
それは……はい
竹内
竹内
署名のためとはいえ、背負ったリスクは清算しなければならない
署名のためとはいえ、背負ったリスクは清算しなければならない
秀隆
秀隆
分かっています
分かっています
オレは竹内特務官が会議室を出るのを待ち、一度呼吸を落ち着けることにした。
オレは竹内特務官が会議室を出るのを待ち、一度呼吸を落ち着けることにした。
秀隆
秀隆
大河内代表か……相当ご立腹なんだろうな
大河内代表か……相当ご立腹なんだろうな
署名を得るために、半分だまし討ちのような手を使ってしまった。
署名を得るために、半分だまし討ちのような手を使ってしまった。
それ以来大河内代表と会うことがなかったから、気にしないようにしてたんだけどな。
それ以来大河内代表と会うことがなかったから、気にしないようにしてたんだけどな。
ともかく、呼ばれている以上逃げるわけにはいかない。
ともかく、呼ばれている以上逃げるわけにはいかない。
オレはすぐ大河内代表に会うためドリームタウンへ。
オレはすぐ大河内代表に会うためドリームタウンへ。
秀隆
秀隆
足が重いなぁもう……
足が重いなぁもう……
どんな罵声、いや、暴力で叱られることになるんだろうか。
どんな罵声、いや、暴力で叱られることになるんだろうか。
秀隆
秀隆
失礼します……
失礼します……
室内に入ると、大河内代表は既にソファーに腰かけて座っていた。
室内に入ると、大河内代表は既にソファーに腰かけて座っていた。
麦蔵
麦蔵
よく逃げずに来たな
よく逃げずに来たな
秀隆
秀隆
……ご無沙汰しております
……ご無沙汰しております
麦蔵
麦蔵
座れ
座れ
秀隆
秀隆
はい
はい
オレは大河内代表の前に腰を下ろす。
オレは大河内代表の前に腰を下ろす。
麦蔵
麦蔵
まず、俺に何か言うことがあるんじゃないのか？
まず、俺に何か言うことがあるんじゃないのか？
秀隆
秀隆
……ステーションの規制緩和では、大変お世話になりました
……ステーションの規制緩和では、大変お世話になりました
麦蔵
麦蔵
……くっ
……くっ
麦蔵
麦蔵
くくっ、なるほど。相変わらず強気なようだな
くくっ、なるほど。相変わらず強気なようだな
大河内代表が立ち上がる。
大河内代表が立ち上がる。
来るか……右か？　左か？
来るか……右か？　左か？
大河内代表の拳をかいくぐり、
大河内代表の拳をかいくぐり、
カウンターパンチをお見舞いしてやる。
カウンターパンチをお見舞いしてやる。
いや、あるいは先手必勝、こちらから仕掛けると言う手も……。
いや、あるいは先手必勝、こちらから仕掛けると言う手も……。
カウンター
カウンター
先制攻撃
先制攻撃
そうだ。
そうだ。
オレは正当な理由の元、規制緩和のために全力で戦った。
オレは正当な理由の元、規制緩和のために全力で戦った。
それを非難され、理不尽に殴られるのは間違っている！
それを非難され、理不尽に殴られるのは間違っている！
なら、例え相手が大河内代表であっても、後ろに引くわけには行かない。
なら、例え相手が大河内代表であっても、後ろに引くわけには行かない。
秀隆
秀隆
あ、あの大河内代表。大河内代表のお考えは、十分理解しているつもりです
あ、あの大河内代表。大河内代表のお考えは、十分理解しているつもりです
麦蔵
麦蔵
なんだと？
なんだと？
秀隆
秀隆
ですが、もしも大河内代表から仕掛けてくると言うのなら、
ですが、もしも大河内代表から仕掛けてくると言うのなら、
仕方ありません
仕方ありません
秀隆
秀隆
やられる前にやれ。オレの祖父はそう言っていました（嘘）
やられる前にやれ。オレの祖父はそう言っていました（嘘）
麦蔵
麦蔵
お前は何を言ってんだ？
お前は何を言ってんだ？
秀隆
秀隆
ですから……大河内代表は、オレを殴りたいんじゃないのかと
ですから……大河内代表は、オレを殴りたいんじゃないのかと
麦蔵
麦蔵
俺がお前を？　そうだな、殴ってやろうと思ったことは何度もある
俺がお前を？　そうだな、殴ってやろうと思ったことは何度もある
やはりかっ……！
やはりかっ……！
麦蔵
麦蔵
だが、そのつもりなら、俺はとっくに殴ってんだよ
だが、そのつもりなら、俺はとっくに殴ってんだよ
落ち着けオレ。
落ち着けオレ。
まだ大河内代表が殴ってくると決まったわけじゃない。
まだ大河内代表が殴ってくると決まったわけじゃない。
なら、彼が本当に殴ってきた時が、勝負じゃないだろうか。
なら、彼が本当に殴ってきた時が、勝負じゃないだろうか。
カウンターをお見舞いして、度肝を抜かせてやる。
カウンターをお見舞いして、度肝を抜かせてやる。
麦蔵
麦蔵
随分ギラついた目ぇしてるじゃねえか。
随分ギラついた目ぇしてるじゃねえか。
今にも俺に噛み付こうとしてるみたいだな？
今にも俺に噛み付こうとしてるみたいだな？
秀隆
秀隆
キャウン！　キャウン！　め、めめめ、滅相も無い
キャウン！　キャウン！　め、めめめ、滅相も無い
麦蔵
麦蔵
……珍しく素で慌ててるじゃねえか
……珍しく素で慌ててるじゃねえか
秀隆
秀隆
いえ、いえいえいえ。けして、そんな、ははは……
いえ、いえいえいえ。けして、そんな、ははは……
麦蔵
麦蔵
まぁなんでもいい
まぁなんでもいい
麦蔵
麦蔵
飯に行くぞ、島津
飯に行くぞ、島津
秀隆
秀隆
は、はいっ？
は、はいっ？
麦蔵
麦蔵
聞こえなかったのか？　飯だ。もちろん来るよな？
聞こえなかったのか？　飯だ。もちろん来るよな？
鋭い視線に射抜かれ、オレは小さく頷くしか出来なかった。
鋭い視線に射抜かれ、オレは小さく頷くしか出来なかった。
前回、大河内代表にお会いした料亭へと通される。
前回、大河内代表にお会いした料亭へと通される。
どうみてもまだ営業時間じゃなかったが、
どうみてもまだ営業時間じゃなかったが、
大河内代表の一言で店が開けられたようだった。
大河内代表の一言で店が開けられたようだった。
麦蔵
麦蔵
ここは俺がひいきにしてる店だからな。
ここは俺がひいきにしてる店だからな。
俺の機嫌を損ねればどうなるかよく理解してんだよ
俺の機嫌を損ねればどうなるかよく理解してんだよ
それはオレに向けて発せられた言葉でもあった。
それはオレに向けて発せられた言葉でもあった。
逆らえば容赦しない、と言う意味が込められている。
逆らえば容赦しない、と言う意味が込められている。
秀隆
秀隆
……大河内代表。自分への用件はなんでしょうか？
……大河内代表。自分への用件はなんでしょうか？
麦蔵
麦蔵
そう慌てるな
そう慌てるな
すぐ、店員さんの手によって、豪勢な料理とお酒が運ばれてくる。
すぐ、店員さんの手によって、豪勢な料理とお酒が運ばれてくる。
とても真昼間からの行動とは思えない。
とても真昼間からの行動とは思えない。
麦蔵
麦蔵
俺と勝負しろ島津
俺と勝負しろ島津
秀隆
秀隆
勝負ですか……
勝負ですか……
麦蔵
麦蔵
おまえは俺を欺き罠にハメた。そのことを帳消しにしてやってもいい
おまえは俺を欺き罠にハメた。そのことを帳消しにしてやってもいい
秀隆
秀隆
罠に嵌めた、と言うこと自体は事実かも知れません
罠に嵌めた、と言うこと自体は事実かも知れません
秀隆
秀隆
ですが、その話そのものを、オレは否定するつもりはありません
ですが、その話そのものを、オレは否定するつもりはありません
秀隆
秀隆
特務官として、やれる限りのことをやったまでですから
特務官として、やれる限りのことをやったまでですから
麦蔵
麦蔵
生意気言うじゃねえか
生意気言うじゃねえか
秀隆
秀隆
大河内代表も、大義を成す為にはあらゆる手段を用いるはずです
大河内代表も、大義を成す為にはあらゆる手段を用いるはずです
麦蔵
麦蔵
お前の言ってることは至極当然だ。
お前の言ってることは至極当然だ。
だがな、そんな当然なんて俺には関係ない
だがな、そんな当然なんて俺には関係ない
麦蔵
麦蔵
単純に俺がムカついたから、おまえに腹を立ててんだよ
単純に俺がムカついたから、おまえに腹を立ててんだよ
麦蔵
麦蔵
なんなら、その感情ひとつでお前の存在を灰にしてやろうか？
なんなら、その感情ひとつでお前の存在を灰にしてやろうか？
秀隆
秀隆
……そうする、と言うのなら戦わざるを得ません
……そうする、と言うのなら戦わざるを得ません
麦蔵
麦蔵
クク。普段弱腰な姿を見せるくせに、こういうところじゃ強気だなおまえは
クク。普段弱腰な姿を見せるくせに、こういうところじゃ強気だなおまえは
麦蔵
麦蔵
慌てたフリをしつつも、内心じゃいつも鋭い牙を研いでるってことだ
慌てたフリをしつつも、内心じゃいつも鋭い牙を研いでるってことだ
秀隆
秀隆
生き残るために、ただ必死なだけです
生き残るために、ただ必死なだけです
麦蔵
麦蔵
安心しろ。俺は殴ると決めたらすぐ殴るし、
安心しろ。俺は殴ると決めたらすぐ殴るし、
消そうと思ったらすぐに消す、そう言う男だ
消そうと思ったらすぐに消す、そう言う男だ
麦蔵
麦蔵
だが、お前にはそれをしていない。何故だか分かるか？
だが、お前にはそれをしていない。何故だか分かるか？
秀隆
秀隆
いえ……
いえ……
麦蔵
麦蔵
腹を立てつつも、お前が優秀だと分かっているからだ
腹を立てつつも、お前が優秀だと分かっているからだ
麦蔵
麦蔵
面白い存在だと認めているからだ
面白い存在だと認めているからだ
秀隆
秀隆
…………
…………
麦蔵
麦蔵
それが、今もおまえを許そうとしている俺の理由だ
それが、今もおまえを許そうとしている俺の理由だ
麦蔵
麦蔵
だから俺との勝負を受けろ島津
だから俺との勝負を受けろ島津
秀隆
秀隆
大河内代表は、どんな勝負をお望みなんですか
大河内代表は、どんな勝負をお望みなんですか
麦蔵
麦蔵
こいつだ
こいつだ
se机を強く叩く1
se机を強く叩く1
ドン、と一升瓶の酒がテーブルに置かれる。
ドン、と一升瓶の酒がテーブルに置かれる。
麦蔵
麦蔵
俺と飲み比べをしろ。勝てば無罪放免だ
俺と飲み比べをしろ。勝てば無罪放免だ
秀隆
秀隆
負ければ……？
負ければ……？
麦蔵
麦蔵
今後どれだけ功績をあげようと、お前とは関わりを絶つ
今後どれだけ功績をあげようと、お前とは関わりを絶つ
どうやら、相当な覚悟を持ってこの場にオレを連れてきたようだ。
どうやら、相当な覚悟を持ってこの場にオレを連れてきたようだ。
秀隆
秀隆
……お引き受けします
……お引き受けします
麦蔵
麦蔵
迷わず引き受けたな。それだけ酒に自信があるってことか？
迷わず引き受けたな。それだけ酒に自信があるってことか？
秀隆
秀隆
いえ。これから先大河内代表との関わりなく、
いえ。これから先大河内代表との関わりなく、
特務官として戦っていくことが不可能だからです
特務官として戦っていくことが不可能だからです
秀隆
秀隆
それこそ、あなたを街の代表から引きずりおろすしかなくなる
それこそ、あなたを街の代表から引きずりおろすしかなくなる
麦蔵
麦蔵
くくく、そうだな
くくく、そうだな
秀隆
秀隆
それは現実的じゃありませんから
それは現実的じゃありませんから
大河内代表の支持率はとてつもなく高い。
大河内代表の支持率はとてつもなく高い。
それなら酒で勝負する方が遥かに分はいいだろう。
それなら酒で勝負する方が遥かに分はいいだろう。
麦蔵
麦蔵
ぶっ倒れた方の負けだ。いいな
ぶっ倒れた方の負けだ。いいな
秀隆
秀隆
はい
はい
突如として、オレと大河内代表との飲み勝負が始まった。
突如として、オレと大河内代表との飲み勝負が始まった。
静かな飲み比べが始まって、３０分ほどが経った。
静かな飲み比べが始まって、３０分ほどが経った。
麦蔵
麦蔵
なかなかハイペースじゃねえか。俺についてくるなんてよ
なかなかハイペースじゃねえか。俺についてくるなんてよ
秀隆
秀隆
特務官としての未来がかかってますから
特務官としての未来がかかってますから
麦蔵
麦蔵
死ぬ気で勝ちに来るか。それでいい
死ぬ気で勝ちに来るか。それでいい
麦蔵
麦蔵
島津
島津
秀隆
秀隆
はい
はい
麦蔵
麦蔵
お前はなかなか見どころのある男だ。
お前はなかなか見どころのある男だ。
俺個人をハメたことを抜きにして、新人とは思えない動きを見せやがる
俺個人をハメたことを抜きにして、新人とは思えない動きを見せやがる
秀隆
秀隆
大河内代表に褒められるようなことを、した覚えはありませんが
大河内代表に褒められるようなことを、した覚えはありませんが
麦蔵
麦蔵
おまえを唐沢のところで飼い殺しにするのは、惜しい。
おまえを唐沢のところで飼い殺しにするのは、惜しい。
俺ならもっと刺激のあるプロジェクトをお前に与えてやれるぜ？
俺ならもっと刺激のあるプロジェクトをお前に与えてやれるぜ？
秀隆
秀隆
唐沢代表は、自分に多くの仕事を用意してくださっています。
唐沢代表は、自分に多くの仕事を用意してくださっています。
それに不満を感じたことはありません
それに不満を感じたことはありません
麦蔵
麦蔵
くく、俺らしくもない。回りくどい言い方だった
くく、俺らしくもない。回りくどい言い方だった
麦蔵
麦蔵
俺のところに来い、島津
俺のところに来い、島津
秀隆
秀隆
それはどういう意味でしょうか？
それはどういう意味でしょうか？
麦蔵
麦蔵
ホープタウンを捨てて、ドリームタウンの特務官になれ
ホープタウンを捨てて、ドリームタウンの特務官になれ
秀隆
秀隆
酔われるには、まだ早いと思いますが
酔われるには、まだ早いと思いますが
麦蔵
麦蔵
俺は最強の街を作り上げる。いずれくる未来のためにな
俺は最強の街を作り上げる。いずれくる未来のためにな
麦蔵
麦蔵
高坂の元で働けば、おまえはいずれ奴に追いつく可能性……
高坂の元で働けば、おまえはいずれ奴に追いつく可能性……
いや、あるいは超える可能性もあると思っている
いや、あるいは超える可能性もあると思っている
秀隆
秀隆
…………
…………
麦蔵
麦蔵
おまえが唐沢に拾われたことや、
おまえが唐沢に拾われたことや、
ホープタウンを思っていることは重々理解している
ホープタウンを思っていることは重々理解している
麦蔵
麦蔵
俺はその忠誠心も買っているんだ
俺はその忠誠心も買っているんだ
秀隆
秀隆
であれば、そんなことが出来ないということもお分かりですよね
であれば、そんなことが出来ないということもお分かりですよね
麦蔵
麦蔵
その忠誠心を俺に売れ
その忠誠心を俺に売れ
秀隆
秀隆
それは……
それは……
秀隆
秀隆
忠誠心は、切り売りできるものじゃないはずです
忠誠心は、切り売りできるものじゃないはずです
麦蔵
麦蔵
いいや、それは違う。忠誠心は金で買うことができる
いいや、それは違う。忠誠心は金で買うことができる
秀隆
秀隆
…………
…………
麦蔵
麦蔵
いや、金で買えないものなど、この世には存在しないと言ってもいい
いや、金で買えないものなど、この世には存在しないと言ってもいい
麦蔵
麦蔵
それだけ金の力は強いってことだ
それだけ金の力は強いってことだ
どかっと、テーブルの上に札束が置かれた。
どかっと、テーブルの上に札束が置かれた。
麦蔵
麦蔵
一束１００万ある
一束１００万ある
麦蔵
麦蔵
おまえがドリームタウンに来るなら、当然この金はお前のものだ
おまえがドリームタウンに来るなら、当然この金はお前のものだ
秀隆
秀隆
ご冗談を……
ご冗談を……
麦蔵
麦蔵
欲しいもののためには金を惜しまない。
欲しいもののためには金を惜しまない。
それがドリームタウン流だ
それがドリームタウン流だ
一言発するごとに、金の束が積まれていく。
一言発するごとに、金の束が積まれていく。
麦蔵
麦蔵
おまえの年収は幾らだ？　４００か？　５００か
おまえの年収は幾らだ？　４００か？　５００か
麦蔵
麦蔵
おまえが忠誠心を売れば、その金を一瞬で与えてやる
おまえが忠誠心を売れば、その金を一瞬で与えてやる
５束目が、目の前に置かれた。
５束目が、目の前に置かれた。
秀隆
秀隆
幾らそれを続けられても無意味です
幾らそれを続けられても無意味です
秀隆
秀隆
いくら積まれるお金が増えても、自分の意思は変わりません
いくら積まれるお金が増えても、自分の意思は変わりません
麦蔵
麦蔵
その忠誠心は結構だが、今のお前は唐沢に信頼されてると言えるのか？
その忠誠心は結構だが、今のお前は唐沢に信頼されてると言えるのか？
麦蔵
麦蔵
例のステーション規制緩和で、おまえは奴に目をつけられた
例のステーション規制緩和で、おまえは奴に目をつけられた
秀隆
秀隆
マスコミへのリークを言っているのであれば、あれは自分ではありません
マスコミへのリークを言っているのであれば、あれは自分ではありません
麦蔵
麦蔵
真実がどうあるかなど関係ない。
真実がどうあるかなど関係ない。
唐沢がおまえを疑っているという事実がある現実を見ろ
唐沢がおまえを疑っているという事実がある現実を見ろ
秀隆
秀隆
…………
…………
麦蔵
麦蔵
俺のところに来い
俺のところに来い
秀隆
秀隆
お断りします
お断りします
間髪いれず断りを入れる。
間髪いれず断りを入れる。
麦蔵
麦蔵
ま、この程度の金じゃ動かんと言うことか
ま、この程度の金じゃ動かんと言うことか
秀隆
秀隆
何度も言いますが、オレは唐沢代表を裏切るつもりはありません
何度も言いますが、オレは唐沢代表を裏切るつもりはありません
麦蔵
麦蔵
島津よぉ。おまえは忠誠心は金じゃない、と言ったな
島津よぉ。おまえは忠誠心は金じゃない、と言ったな
秀隆
秀隆
はい
はい
麦蔵
麦蔵
そして、お前はその金を抜きにして、唐沢に忠誠を誓っていると
そして、お前はその金を抜きにして、唐沢に忠誠を誓っていると
秀隆
秀隆
そうです
そうです
麦蔵
麦蔵
それは嘘だな
それは嘘だな
秀隆
秀隆
……理解できません
……理解できません
麦蔵
麦蔵
おまえがこの程度の金で動かないのは当然なんだよ
おまえがこの程度の金で動かないのは当然なんだよ
トントン、と人差し指で札束を突いた。
トントン、と人差し指で札束を突いた。
秀隆
秀隆
金額ではないです。オレは幾ら積まれても
金額ではないです。オレは幾ら積まれても
麦蔵
麦蔵
そりゃそうだろう。お前は唐沢と契約を結んでいるんだからな
そりゃそうだろう。お前は唐沢と契約を結んでいるんだからな
秀隆
秀隆
な……
な……
麦蔵
麦蔵
俺がその情報を掴んでないとでも思ったのか？
俺がその情報を掴んでないとでも思ったのか？
秀隆
秀隆
どこでその話を……
どこでその話を……
オレと唐沢さんとの間に結ばれた極秘の契約。
オレと唐沢さんとの間に結ばれた極秘の契約。
その事実を知っているのは、オレと唐沢さんだけのはずだ。
その事実を知っているのは、オレと唐沢さんだけのはずだ。
麦蔵
麦蔵
俺も同じ条件を出す。いや、それ以上の条件を出そう
俺も同じ条件を出す。いや、それ以上の条件を出そう
麦蔵
麦蔵
つまり……現金にして大よそ５０００万。
つまり……現金にして大よそ５０００万。
それだけあれば例のものに金を使っても十分釣りがくる
それだけあれば例のものに金を使っても十分釣りがくる
秀隆
秀隆
到底信じられるお話じゃありませんね。
到底信じられるお話じゃありませんね。
オレみたいな新人特務官に提示する引き抜きの金額じゃありません
オレみたいな新人特務官に提示する引き抜きの金額じゃありません
麦蔵
麦蔵
カジノの利益がいくらか知ってるか？
カジノの利益がいくらか知ってるか？
麦蔵
麦蔵
約３５０億。それが純利益として計上されている
約３５０億。それが純利益として計上されている
信じられないほど膨大な金額だった。
信じられないほど膨大な金額だった。
麦蔵
麦蔵
お前ひとりに５０００万出したところで、たかが知れてるって
お前ひとりに５０００万出したところで、たかが知れてるって
ことだ
ことだ
秀隆
秀隆
……そのお話が本当だとしても、受けられることではありません
……そのお話が本当だとしても、受けられることではありません
麦蔵
麦蔵
金に興味はない、と？
金に興味はない、と？
秀隆
秀隆
もちろんお金は欲しいです。ですが、唐沢代表を裏切ってまで
もちろんお金は欲しいです。ですが、唐沢代表を裏切ってまで
得るものではありません
得るものではありません
麦蔵
麦蔵
忠誠心が高すぎるのも考え物だな。後悔することになるぞ？
忠誠心が高すぎるのも考え物だな。後悔することになるぞ？
秀隆
秀隆
申し訳ありません
申し訳ありません
麦蔵
麦蔵
……俺に出来ないことはない。お前を潰そうと思えば潰せる。
……俺に出来ないことはない。お前を潰そうと思えば潰せる。
それをわかってるのか？
それをわかってるのか？
秀隆
秀隆
仮にそうであるなら、オレは潰されるその瞬間まで戦うつもりです
仮にそうであるなら、オレは潰されるその瞬間まで戦うつもりです
麦蔵
麦蔵
本当に見上げた忠誠心だ
本当に見上げた忠誠心だ
麦蔵
麦蔵
おまえがどれだけ尽くしても構わんが、ホープタウンはあと数年で没落する
おまえがどれだけ尽くしても構わんが、ホープタウンはあと数年で没落する
麦蔵
麦蔵
少なくとも唐沢を代表に置いている時点でな
少なくとも唐沢を代表に置いている時点でな
秀隆
秀隆
どういう意味ですか……
どういう意味ですか……
麦蔵
麦蔵
言葉通りだ。唐沢ではホープタウンを守りきれん
言葉通りだ。唐沢ではホープタウンを守りきれん
麦蔵
麦蔵
奴は一見優秀なように見えるが、それはお前が内側にいるから
奴は一見優秀なように見えるが、それはお前が内側にいるから
そう見えるだけなんだよ
そう見えるだけなんだよ
秀隆
秀隆
内側……？
内側……？
麦蔵
麦蔵
奴は常に保守的かつ保身的な男。
奴は常に保守的かつ保身的な男。
外からの攻撃に対し守る術は一流でも、中からの攻撃には脆い
外からの攻撃に対し守る術は一流でも、中からの攻撃には脆い
麦蔵
麦蔵
今お前と言う男を誘っているように、オレは内側から奴の守りを崩していく
今お前と言う男を誘っているように、オレは内側から奴の守りを崩していく
秀隆
秀隆
ホープタウンの人間を引き抜くと言うことですか。
ホープタウンの人間を引き抜くと言うことですか。
その実弾を使って
その実弾を使って
麦蔵
麦蔵
必要ならいくらでもな。もちろん、特務官も例外じゃない
必要ならいくらでもな。もちろん、特務官も例外じゃない
秀隆
秀隆
街のために働く特務官たちが、そう易々と寝返るとは考えられません
街のために働く特務官たちが、そう易々と寝返るとは考えられません
麦蔵
麦蔵
どうかな？
どうかな？
意味ありげに大河内代表は笑う。
意味ありげに大河内代表は笑う。
麦蔵
麦蔵
楽しみに待っていろ
楽しみに待っていろ
そしてぐっと酒を飲む。
そしてぐっと酒を飲む。
麦蔵
麦蔵
いずれホープタウンを、徹底的に潰してやる
いずれホープタウンを、徹底的に潰してやる
秀隆
秀隆
潰す……ですか……
潰す……ですか……
麦蔵
麦蔵
俺は奴の握っている秘密を暴きたいのさ。
俺は奴の握っている秘密を暴きたいのさ。
おっと、これはお前に話すようなことでもないか
おっと、これはお前に話すようなことでもないか
秀隆
秀隆
…………
…………
唐沢代表が握っている秘密？　それは一体……。
唐沢代表が握っている秘密？　それは一体……。
麦蔵
麦蔵
なかなかハイペースを維持してるじゃねえか
なかなかハイペースを維持してるじゃねえか
秀隆
秀隆
元々お酒は好きですし、出されているお酒がどれも素晴らしいので
元々お酒は好きですし、出されているお酒がどれも素晴らしいので
麦蔵
麦蔵
それでこそ、勝負のしがいがあるってもんだぜ
それでこそ、勝負のしがいがあるってもんだぜ
秀隆
秀隆
大河内代表。オレと唐沢代表の契約の話を、どこで知ったんですか
大河内代表。オレと唐沢代表の契約の話を、どこで知ったんですか
麦蔵
麦蔵
それは教えられねえな
それは教えられねえな
秀隆
秀隆
正直……驚きました
正直……驚きました
麦蔵
麦蔵
お前が思っているよりも、遥かに世界ってのは汚いってことだ
お前が思っているよりも、遥かに世界ってのは汚いってことだ
麦蔵
麦蔵
ドリームもホープも、表向きは友好な態度を取っているが、
ドリームもホープも、表向きは友好な態度を取っているが、
裏じゃ日々情報戦、腹の探りあいを続けている
裏じゃ日々情報戦、腹の探りあいを続けている
前に、大河内代表はキズナの存在をも感づいたようなことを言っていた。
前に、大河内代表はキズナの存在をも感づいたようなことを言っていた。
それは、恭一さんの存在だけでは説明のつかないものもある。
それは、恭一さんの存在だけでは説明のつかないものもある。
やはり、何らかの方法で情報を得ている、と言うことか。
やはり、何らかの方法で情報を得ている、と言うことか。
麦蔵
麦蔵
今深く考えたところで、答えなんて出やしねぇよ
今深く考えたところで、答えなんて出やしねぇよ
麦蔵
麦蔵
それにお前は、俺との飲みあいに勝たなきゃ未来はないんだよ
それにお前は、俺との飲みあいに勝たなきゃ未来はないんだよ
秀隆
秀隆
そうでした
そうでした
麦蔵
麦蔵
さあ、もっとペースをあげるぜ
さあ、もっとペースをあげるぜ
それから、オレと大河内代表はひたすら酒を飲み続けていた。
それから、オレと大河内代表はひたすら酒を飲み続けていた。
麦蔵
麦蔵
もう８時か……おまえがここまでやるとはな……
もう８時か……おまえがここまでやるとはな……
秀隆
秀隆
大河内代表こそ、さすがですね
大河内代表こそ、さすがですね
オレはもう、限界が近い。
オレはもう、限界が近い。
と言うよりも、限界に達していると言ってもいい。
と言うよりも、限界に達していると言ってもいい。
多分満足に立ち上がることも出来ないだろう。
多分満足に立ち上がることも出来ないだろう。
麦蔵
麦蔵
……限界のようだな
……限界のようだな
にやりと笑う大河内代表。
にやりと笑う大河内代表。
麦蔵
麦蔵
これで俺の勝ちは見えたぜ
これで俺の勝ちは見えたぜ
そういい、大河内代表がテーブルに置いた酒瓶を手に取ろうとした。
そういい、大河内代表がテーブルに置いた酒瓶を手に取ろうとした。
se乾杯 (2
se乾杯 (2
だが、代表にも酔いが回っていたのか、ビンを持ちきれずテーブルに倒した。
だが、代表にも酔いが回っていたのか、ビンを持ちきれずテーブルに倒した。
麦蔵
麦蔵
むっ……
むっ……
中に入っていた３分の１ほどの酒がどくどくとこぼれていく。
中に入っていた３分の１ほどの酒がどくどくとこぼれていく。
それを起こそうと手を伸ばした腕を、オレは掴んだ。
それを起こそうと手を伸ばした腕を、オレは掴んだ。
秀隆
秀隆
アウトですよ、大河内代表
アウトですよ、大河内代表
麦蔵
麦蔵
なに？
なに？
秀隆
秀隆
オレの勝ちです
オレの勝ちです
麦蔵
麦蔵
バカ言うな、俺はまだ飲め、ん……く……
バカ言うな、俺はまだ飲め、ん……く……
身体をふらつかせ、床に手をつく。
身体をふらつかせ、床に手をつく。
秀隆
秀隆
オレの勝ちです
オレの勝ちです
麦蔵
麦蔵
……ち……
……ち……
どさりと、その場に横になった大河内代表。
どさりと、その場に横になった大河内代表。
もちろん、その直後にオレもぶっ倒れる。
もちろん、その直後にオレもぶっ倒れる。
それから１時間ほど、お互いに一言も交わさなかった。
それから１時間ほど、お互いに一言も交わさなかった。
だが、大河内代表がむっくりと体を起こす。
だが、大河内代表がむっくりと体を起こす。
麦蔵
麦蔵
起きろ島津……
起きろ島津……
秀隆
秀隆
……はい
……はい
麦蔵
麦蔵
行くぞ
行くぞ
秀隆
秀隆
え、行くって、どこにですか
え、行くって、どこにですか
麦蔵
麦蔵
酒は十分に飲んだ、となれば……
酒は十分に飲んだ、となれば……
麦蔵
麦蔵
当然女だ
当然女だ
秀隆
秀隆
お、女って……
お、女って……
い、一体何が始まろうとしてるんだ！？
い、一体何が始まろうとしてるんだ！？
立ち上がる大河内代表。
立ち上がる大河内代表。
ある程度酒が抜けたのか、しっかりとしていた。
ある程度酒が抜けたのか、しっかりとしていた。
復活が早い。
復活が早い。
オレも情けない姿を見せまいと、気合で立ち上がる。
オレも情けない姿を見せまいと、気合で立ち上がる。
麦蔵
麦蔵
それでいい。ついてこい
それでいい。ついてこい
秀隆
秀隆
はい……
はい……
…………。
…………。
朦朧とした意識の中、たどり着いたのはホテルだった。
朦朧とした意識の中、たどり着いたのはホテルだった。
秀隆
秀隆
ここは……
ここは……
麦蔵
麦蔵
ぼけっとしてんな。さっさと来い
ぼけっとしてんな。さっさと来い
そして、大河内代表とホテルの一室へ。
そして、大河内代表とホテルの一室へ。
麦蔵
麦蔵
そろそろ来る時間だ
そろそろ来る時間だ
秀隆
秀隆
そろそろくるって……
そろそろくるって……
麦蔵
麦蔵
噂をすれば、なんとやら。入れ
噂をすれば、なんとやら。入れ
？？？
？？？
し、失礼しますっ
し、失礼しますっ
？？？
？？？
失礼します
失礼します
入ってきたのは、二人の物凄く綺麗な人。
入ってきたのは、二人の物凄く綺麗な人。
そして……それは俺の良く知る人物だった。
そして……それは俺の良く知る人物だった。
秀隆
秀隆
あ、藍田みのりさんに、石田由美さん！？
あ、藍田みのりさんに、石田由美さん！？
みのり
みのり
こんばんはっ
こんばんはっ
由美
由美
初めまして
初めまして
ドリームタウン、ホープタウン、それぞれ芸能界に君臨するトップアイドルたちだ。
ドリームタウン、ホープタウン、それぞれ芸能界に君臨するトップアイドルたちだ。
凛との仕事以来、すっかり芸能人（アイドル限定）にも詳しくなっていたオレ。
凛との仕事以来、すっかり芸能人（アイドル限定）にも詳しくなっていたオレ。
麦蔵
麦蔵
おう。こっちに来い
おう。こっちに来い
みのり
みのり
はいっ
はいっ
オレの目の前では、信じられないような出来事が展開されつつあった。
オレの目の前では、信じられないような出来事が展開されつつあった。
みのりさんは、大河内代表の右側に、由美さんは左側に腰を下ろす。
みのりさんは、大河内代表の右側に、由美さんは左側に腰を下ろす。
そして、大河内代表は、両者の背中にそれぞれ腕を回し、胸に手を伸ばした。
そして、大河内代表は、両者の背中にそれぞれ腕を回し、胸に手を伸ばした。
秀隆
秀隆
…………
…………
麦蔵
麦蔵
いい女、なんてなあ説明するまでも無いな？
いい女、なんてなあ説明するまでも無いな？
秀隆
秀隆
は、はい
は、はい
アイドル二人は、笑みを絶やさないまま、胸を揉まれている。
アイドル二人は、笑みを絶やさないまま、胸を揉まれている。
一般人の知識で申し訳ないが、この二人の恋愛話なんて、
一般人の知識で申し訳ないが、この二人の恋愛話なんて、
聞いたことがない。
聞いたことがない。
そもそも、アイドルは色恋沙汰の１つで、業界が消し飛ぶ世界である。
そもそも、アイドルは色恋沙汰の１つで、業界が消し飛ぶ世界である。
ある種、処女と言う信仰心を大切にするところがある……のに。
ある種、処女と言う信仰心を大切にするところがある……のに。
麦蔵
麦蔵
おまえらは、俺にコネを求めてきた。そうだな？
おまえらは、俺にコネを求めてきた。そうだな？
みのり
みのり
…………
…………
二人のアイドルは微笑むだけで、詳細を答えない。
二人のアイドルは微笑むだけで、詳細を答えない。
麦蔵
麦蔵
こいつらは、今日初めて会う
こいつらは、今日初めて会う
秀隆
秀隆
そ、そうなんですか！？
そ、そうなんですか！？
当たり前のように胸を揉んでるから、てっきり……。
当たり前のように胸を揉んでるから、てっきり……。
麦蔵
麦蔵
芸能プロダクションの社長に、俺に会いたいヤツがいるなら呼ばせろとだけ伝えておいた
芸能プロダクションの社長に、俺に会いたいヤツがいるなら呼ばせろとだけ伝えておいた
麦蔵
麦蔵
そして、こいつらがやって来た。そう、俺にコネを売りに来た
そして、こいつらがやって来た。そう、俺にコネを売りに来た
こんな大物でも、大河内代表の権力を求めるってことか……。
こんな大物でも、大河内代表の権力を求めるってことか……。
麦蔵
麦蔵
芸能界ってのはそう言うもんだ。もっとも、芸能界だけじゃないがな
芸能界ってのはそう言うもんだ。もっとも、芸能界だけじゃないがな
くっく、と意味深げに大河内代表は笑う。
くっく、と意味深げに大河内代表は笑う。
麦蔵
麦蔵
おまえ、どっちとヤりたい
おまえ、どっちとヤりたい
秀隆
秀隆
……えっ！？
……えっ！？
麦蔵
麦蔵
どっちとセックスしたいかって聞いてんだよ
どっちとセックスしたいかって聞いてんだよ
秀隆
秀隆
え、いや、え！？
え、いや、え！？
麦蔵
麦蔵
別に恩を売るつもりはねぇ。俺は飲み比べで負けた。
別に恩を売るつもりはねぇ。俺は飲み比べで負けた。
その報酬みたいなもんよ
その報酬みたいなもんよ
秀隆
秀隆
その、あの……
その、あの……
麦蔵
麦蔵
優柔不断な男は嫌われるぞ？　なら、おまえだ
優柔不断な男は嫌われるぞ？　なら、おまえだ
そう言い、麦蔵はみのりさん……清純派アイドルの背中を押した。
そう言い、麦蔵はみのりさん……清純派アイドルの背中を押した。
麦蔵
麦蔵
マグロってわけでもないんだろ？
マグロってわけでもないんだろ？
秀隆
秀隆
え、ちょ
え、ちょ
みのりさんは、立ち上がると、オレに寄り添うようにしてきた。
みのりさんは、立ち上がると、オレに寄り添うようにしてきた。
秀隆
秀隆
でぇっ！？
でぇっ！？
彼女の指が俺の股間に触れる。
彼女の指が俺の股間に触れる。
既に酔いが回っているオレは、
既に酔いが回っているオレは、
すぐに股間が熱くなっていくのを感じる。
すぐに股間が熱くなっていくのを感じる。
冷静な判断力は殆ど残っていなかった。
冷静な判断力は殆ど残っていなかった。
みのり
みのり
きてください
きてください
その場で、恥ずかしがる間もなく、服を脱ぐと、一糸まとわぬ姿になった。
その場で、恥ずかしがる間もなく、服を脱ぐと、一糸まとわぬ姿になった。
そしてベッドに四つんばいになり、こちらにお尻を向けた。
そしてベッドに四つんばいになり、こちらにお尻を向けた。
無論、見えるべくして、その部分は全て見えてしまっている。
無論、見えるべくして、その部分は全て見えてしまっている。
麦蔵
麦蔵
アイドルってのも、なかなかやるじゃねえか
アイドルってのも、なかなかやるじゃねえか
大声で笑い、そのぷるんとしたお尻をたたく。
大声で笑い、そのぷるんとしたお尻をたたく。
みのり
みのり
…………
…………
だが、みのりさんの瞳の奥に秘められた、その真意を、なんとなくだが感じ取れた気がする。
だが、みのりさんの瞳の奥に秘められた、その真意を、なんとなくだが感じ取れた気がする。
秀隆
秀隆
すみませんが、やめておきます
すみませんが、やめておきます
麦蔵
麦蔵
この俺の勧めが、受けられないってのか？
この俺の勧めが、受けられないってのか？
秀隆
秀隆
そうじゃありません。俺は彼女の意思を汲み取りたいだけです
そうじゃありません。俺は彼女の意思を汲み取りたいだけです
麦蔵
麦蔵
この女の意思、だと？
この女の意思、だと？
秀隆
秀隆
今日、自分がここにいることを、彼女は知っていたわけではありませんよね？
今日、自分がここにいることを、彼女は知っていたわけではありませんよね？
麦蔵
麦蔵
それがどうした
それがどうした
秀隆
秀隆
彼女は、言い方は悪いですが、あなたに媚を売りに来ました
彼女は、言い方は悪いですが、あなたに媚を売りに来ました
みのり
みのり
…………
…………
秀隆
秀隆
あなたに、抱かれるためにきたんです。けして俺ではありません
あなたに、抱かれるためにきたんです。けして俺ではありません
麦蔵
麦蔵
……それで？
……それで？
秀隆
秀隆
もし、どうしても俺に抱けとおっしゃるなら、
もし、どうしても俺に抱けとおっしゃるなら、
まずはあなたが先です。けしてオレではありません
まずはあなたが先です。けしてオレではありません
麦蔵
麦蔵
…………
…………
秀隆
秀隆
恥ずかしい話、そりゃ、こんな綺麗な人、
恥ずかしい話、そりゃ、こんな綺麗な人、
まして有名人とヤれる機会なんて、一生ないと思います
まして有名人とヤれる機会なんて、一生ないと思います
秀隆
秀隆
実際に、その、半分起ってます
実際に、その、半分起ってます
そう、それは本当のことだった。
そう、それは本当のことだった。
でも……。
でも……。
秀隆
秀隆
彼女の勇気を、オレが踏みにじるわけにはいかない
彼女の勇気を、オレが踏みにじるわけにはいかない
麦蔵
麦蔵
……そうか
……そうか
大河内代表は頷いた。
大河内代表は頷いた。
麦蔵
麦蔵
やはりお前は面白い男だ
やはりお前は面白い男だ
麦蔵
麦蔵
よし、お前は今から俺がすることを、最後まで見ていろ
よし、お前は今から俺がすることを、最後まで見ていろ
それだけ言うと、大河内代表はみのりさんにのしかかった。
それだけ言うと、大河内代表はみのりさんにのしかかった。
そこからは、詳細はいらないだろう。
そこからは、詳細はいらないだろう。
みのりさんとセックスし、由美さんとセックスをした。
みのりさんとセックスし、由美さんとセックスをした。
それはもう、信じられないほど激しい獣のように。
それはもう、信じられないほど激しい獣のように。
オレは世の中の広さを、肌で感じていた。
オレは世の中の広さを、肌で感じていた。
綺麗ごとだけでは生きていけない。
綺麗ごとだけでは生きていけない。
この場にいない人間は、けして信じはしないだろう。
この場にいない人間は、けして信じはしないだろう。
芸能界のトップアイドルが自ら一物を咥え、しゃぶっている姿を。
芸能界のトップアイドルが自ら一物を咥え、しゃぶっている姿を。
一流のアイドルと呼ばれる彼女が、自ら股を開き腰を振っている姿を。
一流のアイドルと呼ばれる彼女が、自ら股を開き腰を振っている姿を。
この世界に足を踏み入れ、
この世界に足を踏み入れ、
それなりのところに来たからこそ、知った事実。
それなりのところに来たからこそ、知った事実。
多分これは、オレたちだけの、現代だけの話じゃない。
多分これは、オレたちだけの、現代だけの話じゃない。
過去もきっと、このようにして成り立ってきたし、未来もこうして続いていく。
過去もきっと、このようにして成り立ってきたし、未来もこうして続いていく。
紛れもない事実。
紛れもない事実。
…………。
…………。
……。
……。
