竹内
竹内
集まっているようだな
集まっているようだな
会議室に集められた、多くの人たち。
会議室に集められた、多くの人たち。
そこには特別な事情を除いて、全ての特務官が集められていた。
そこには特別な事情を除いて、全ての特務官が集められていた。
助特務官のオレたちは席が足りず、一列に立って話に耳を傾けている。
助特務官のオレたちは席が足りず、一列に立って話に耳を傾けている。
竹内
竹内
朝早く、こうして集まってもらったのは他でもない。
朝早く、こうして集まってもらったのは他でもない。
ドリームタウンとの共同開発地区における交渉が始まったからだ
ドリームタウンとの共同開発地区における交渉が始まったからだ
共同開発地区。
共同開発地区。
何度も耳にしている、巨大プロジェクト。
何度も耳にしている、巨大プロジェクト。
ホープタウンとドリームタウンが、
ホープタウンとドリームタウンが、
互いに金と技術を出資し合って開拓した場所。
互いに金と技術を出資し合って開拓した場所。
その地区は綺麗に２つの区画に分けられ、
その地区は綺麗に２つの区画に分けられ、
工場地帯として使えるよう話が進められていた。
工場地帯として使えるよう話が進められていた。
しかし開発が進み佳境を迎えた時、重大な事態が発覚する。
しかし開発が進み佳境を迎えた時、重大な事態が発覚する。
土地はきっちり半分ずつ分け合う事前の取り決めがあったが、
土地はきっちり半分ずつ分け合う事前の取り決めがあったが、
ドリームタウンの土地になる予定だった場所に、
ドリームタウンの土地になる予定だった場所に、
ある施設が建っていたのだ。
ある施設が建っていたのだ。
それがキズナの眠っていた、冷凍カプセル保存所。
それがキズナの眠っていた、冷凍カプセル保存所。
双方の話し合いにより施設の探索が行われた後、
双方の話し合いにより施設の探索が行われた後、
そこは取り壊さず保存し、立ち入り禁止場所に指定された。
そこは取り壊さず保存し、立ち入り禁止場所に指定された。
その事情は深く知らないが、地上時代の貴重な資料となるからなのか、それ以外の理由なのかはオレには分からない。
その事情は深く知らないが、地上時代の貴重な資料となるからなのか、それ以外の理由なのかはオレには分からない。
とにかく、ドリームタウンの土地が一部確保できなかった、と言うことだ。
とにかく、ドリームタウンの土地が一部確保できなかった、と言うことだ。
ドリームタウンは当然、強い抗議を行った。
ドリームタウンは当然、強い抗議を行った。
そりゃそうだ、同じ資金と技術力を出し合ったにも関わらず、
そりゃそうだ、同じ資金と技術力を出し合ったにも関わらず、
ドリームタウン側が少ない土地で納得するわけが無い。
ドリームタウン側が少ない土地で納得するわけが無い。
ホープタウンもその抗議を受け、繰り返し会議が開かれた。
ホープタウンもその抗議を受け、繰り返し会議が開かれた。
残った土地で改めて半分に分配を行うのか、
残った土地で改めて半分に分配を行うのか、
それとも、何らかの別の方法を取り入れるのか。
それとも、何らかの別の方法を取り入れるのか。
そして最終的に決まったのが、
そして最終的に決まったのが、
競売制度『公開競争入札』による決定だった。
競売制度『公開競争入札』による決定だった。
冷凍保存施設を除いた土地を２５の土地に分類し、
冷凍保存施設を除いた土地を２５の土地に分類し、
その１つ１つに最低落札価格を儲けての競り合い。
その１つ１つに最低落札価格を儲けての競り合い。
つまり―――金さえあれば、幾らでも土地を確保できるということ。
つまり―――金さえあれば、幾らでも土地を確保できるということ。
ドリームタウン代表である大河内代表が、
ドリームタウン代表である大河内代表が、
強く推し進め実現させた方法だった。
強く推し進め実現させた方法だった。
竹内
竹内
我々は既に依頼を受けている１６社の企業全てを、
我々は既に依頼を受けている１６社の企業全てを、
競売に勝ち残らせなければならない
競売に勝ち残らせなければならない
竹内
竹内
このプロジェクトには、
このプロジェクトには、
特務官全ての力を持って当たる必要がある
特務官全ての力を持って当たる必要がある
竹内
竹内
君ら助特務官たちの、若い着眼点にも期待している
君ら助特務官たちの、若い着眼点にも期待している
竹内
竹内
島津くん
島津くん
秀隆
秀隆
はい
はい
竹内
竹内
君には、今回の件では直接１つの担当を任せたいと思っている
君には、今回の件では直接１つの担当を任せたいと思っている
まどか
まどか
えっ！？
えっ！？
隣に立っていたまどかが、思わず声をあげた。
隣に立っていたまどかが、思わず声をあげた。
驚いたのはまどかだけじゃない。
驚いたのはまどかだけじゃない。
全ての特務官が、オレへと強い視線を送っていた。
全ての特務官が、オレへと強い視線を送っていた。
まどか
まどか
し、失礼しました
し、失礼しました
竹内
竹内
交渉の役目を、是非君に、との話を受けたんだよ
交渉の役目を、是非君に、との話を受けたんだよ
そう言い、書類を差し出してくる。
そう言い、書類を差し出してくる。
秀隆
秀隆
拝見します……
拝見します……
受け取り、その書類に目を通す。
受け取り、その書類に目を通す。
秀隆
秀隆
……アンドロイド……丸の内社長ですか
……アンドロイド……丸の内社長ですか
竹内
竹内
そうだ。先のアンドロイド成功から、急遽名乗りを上げられた。
そうだ。先のアンドロイド成功から、急遽名乗りを上げられた。
今回の交渉も、是非君にお願いしたいと頼まれてね
今回の交渉も、是非君にお願いしたいと頼まれてね
秀隆
秀隆
自分が……
自分が……
竹内特務官が言っていたプロジェクトは、このことだったのか。
竹内特務官が言っていたプロジェクトは、このことだったのか。
竹内
竹内
やってみるかね？
やってみるかね？
秀隆
秀隆
……はい。やらせてください
……はい。やらせてください
竹内
竹内
よろしい。君に任せることにしよう
よろしい。君に任せることにしよう
竹内
竹内
しかし、今回は非常に責任の大きいプロジェクトだ。
しかし、今回は非常に責任の大きいプロジェクトだ。
君が必要とするなら特務官の人間をサポートにつけるが？
君が必要とするなら特務官の人間をサポートにつけるが？
秀隆
秀隆
竹内特務官に問題がなければ、
竹内特務官に問題がなければ、
佐々野さん、磯部さんと協力の下行いたいと思います
佐々野さん、磯部さんと協力の下行いたいと思います
磯部
磯部
…………
…………
まどか
まどか
…………
…………
秀隆
秀隆
もちろん、単純に私心で判断しているわけではありません。
もちろん、単純に私心で判断しているわけではありません。
今まで何度か共に働いたからこそ、息のあった連携が取れると思っています
今まで何度か共に働いたからこそ、息のあった連携が取れると思っています
竹内
竹内
なるほど。ではそうしてもらおう
なるほど。ではそうしてもらおう
予定調和な会話をし、オレは頭を下げた。
予定調和な会話をし、オレは頭を下げた。
秀隆
秀隆
ありがとうございます
ありがとうございます
竹内
竹内
今回の交渉は今までと少し異なる仕事になるだろう。
今回の交渉は今までと少し異なる仕事になるだろう。
君たちの目で、その土地の価格を見定める必要がある
君たちの目で、その土地の価格を見定める必要がある
竹内
竹内
もし困ったことがあれば、幾らでも頼ってきなさい
もし困ったことがあれば、幾らでも頼ってきなさい
そう言い、一式の資料をオレに渡してきた。
そう言い、一式の資料をオレに渡してきた。
そこにはドリームタウンへの通行を許可する、
そこにはドリームタウンへの通行を許可する、
Ｃクラスの権限を持っカードも添えられていた。
Ｃクラスの権限を持っカードも添えられていた。
秀隆
秀隆
……ありがとうございます
……ありがとうございます
まどか
まどか
良いの……？　私たちで
良いの……？　私たちで
秀隆
秀隆
良いと判断したから、頼みたいと思ってるんだ
良いと判断したから、頼みたいと思ってるんだ
まどか
まどか
そりゃ……私は、凄く嬉しいけど……
そりゃ……私は、凄く嬉しいけど……
磯部
磯部
バカだよお前は。素直に特務官の力を借りとけば楽だろ
バカだよお前は。素直に特務官の力を借りとけば楽だろ
秀隆
秀隆
そんなことはない。必要だと思ったから声をかけたんだ
そんなことはない。必要だと思ったから声をかけたんだ
磯部
磯部
ふん……
ふん……
秀隆
秀隆
早速だけど、今回のプロジェクトのことで意見を聞かせて欲しい
早速だけど、今回のプロジェクトのことで意見を聞かせて欲しい
秀隆
秀隆
意見と言うか、とにかく思ったことを何でも
意見と言うか、とにかく思ったことを何でも
まどか
まどか
まだあまりに情報が少ないけれど……
まだあまりに情報が少ないけれど……
ドリームタウンは容赦なく、全部取るつもりで来ると思う
ドリームタウンは容赦なく、全部取るつもりで来ると思う
磯部
磯部
俺も同意見だ。間違いないだろうな
俺も同意見だ。間違いないだろうな
秀隆
秀隆
それに、ホープタウンの企業１６社から依頼があったって話だけど、実際はもっと多くの企業が参入を狙ってるんだよな
それに、ホープタウンの企業１６社から依頼があったって話だけど、実際はもっと多くの企業が参入を狙ってるんだよな
資料には、合計で３７社と記載されている。
資料には、合計で３７社と記載されている。
それも『現段階』と言うことを忘れてはいけない。
それも『現段階』と言うことを忘れてはいけない。
申し込みまでは、まだ少し期間があるから、
申し込みまでは、まだ少し期間があるから、
これから先も増えていくと思っていた方がいいだろう。
これから先も増えていくと思っていた方がいいだろう。
まどか
まどか
大手企業は、独自の交渉人を立てていたり、
大手企業は、独自の交渉人を立てていたり、
その専門分野の人間を雇っていたりするケースもあるから
その専門分野の人間を雇っていたりするケースもあるから
そう、何も企業間の交渉を行うのは特務官だけではない。
そう、何も企業間の交渉を行うのは特務官だけではない。
むしろ、特務官が企業交渉に参加することの方が、少ないといった方が正しい。
むしろ、特務官が企業交渉に参加することの方が、少ないといった方が正しい。
オレたち特務官は『便利屋』と言う認識のほうが、
オレたち特務官は『便利屋』と言う認識のほうが、
企業の人たちにとっては強い。
企業の人たちにとっては強い。
丸の内さんのような新規の会社は、
丸の内さんのような新規の会社は、
まだ交渉役の人間を立てることが出来ない。
まだ交渉役の人間を立てることが出来ない。
だから、オレに白羽の矢を立ててくれたのだろう。
だから、オレに白羽の矢を立ててくれたのだろう。
彼のアンドロイドメーカーが狙うのは、Ｂ－３地区。
彼のアンドロイドメーカーが狙うのは、Ｂ－３地区。
そこを狙う企業のリストは、今現在、合計で３社。
そこを狙う企業のリストは、今現在、合計で３社。
うち、丸の内さんを含めてホープタウンが２、
うち、丸の内さんを含めてホープタウンが２、
ドリームタウンが１だ。
ドリームタウンが１だ。
何も、戦う相手はドリームタウンだけではない。
何も、戦う相手はドリームタウンだけではない。
同じホープタウンの中でも戦いは始まっている。
同じホープタウンの中でも戦いは始まっている。
それでも、この地区は比較的競争の低い方だろう。
それでも、この地区は比較的競争の低い方だろう。
場所によっては既に２０社近く集まっている地区もある、
場所によっては既に２０社近く集まっている地区もある、
けして競争率が高い場所ではない。
けして競争率が高い場所ではない。
どの土地も、何億、何十億と言う価格にも関わらず、
どの土地も、何億、何十億と言う価格にも関わらず、
多くの企業が入札への参加を決めた。
多くの企業が入札への参加を決めた。
何故、双方の街の企業が目の色を変えて競売に参加するのか。
何故、双方の街の企業が目の色を変えて競売に参加するのか。
それは、このジオフロントの土地があまりに限られているからだ。
それは、このジオフロントの土地があまりに限られているからだ。
それこそ、新しく会社を建てたりする場合は、
それこそ、新しく会社を建てたりする場合は、
どこかの企業を買収し、その工場を解体し、
どこかの企業を買収し、その工場を解体し、
立て直す工程が必要になる。
立て直す工程が必要になる。
今回のような新地は、稀に訪れた大チャンスなのだ。
今回のような新地は、稀に訪れた大チャンスなのだ。
秀隆
秀隆
予定価格……この最低価格を決めてるのは誰なんだ？
予定価格……この最低価格を決めてるのは誰なんだ？
Ｂ－３の最低価格は１２億円。
Ｂ－３の最低価格は１２億円。
オレのような一般人からすれば、想像もつかない金額だ。
オレのような一般人からすれば、想像もつかない金額だ。
まどか
まどか
ドリームタウンに住むクイーンと呼ばれる人物よ
ドリームタウンに住むクイーンと呼ばれる人物よ
秀隆
秀隆
聞いたことはあるな……。確か、金貸しを生業にしてるんだろ？
聞いたことはあるな……。確か、金貸しを生業にしてるんだろ？
まどか
まどか
ええ。最も資産力が強いとされている人よ。
ええ。最も資産力が強いとされている人よ。
今回の共同開発の資金も、その殆どがこのクイーンから出ているの
今回の共同開発の資金も、その殆どがこのクイーンから出ているの
秀隆
秀隆
でも、ドリームタウンの人間なんだよな？　信用できるのか？
でも、ドリームタウンの人間なんだよな？　信用できるのか？
万が一にも裏で癒着があれば、こちらには勝ち目が無い。
万が一にも裏で癒着があれば、こちらには勝ち目が無い。
まどか
まどか
それはないんじゃないかしら。
それはないんじゃないかしら。
クイーンは誰が相手でも対当に扱うって話よ。
クイーンは誰が相手でも対当に扱うって話よ。
それを信じているからこそ、唐沢代表も話を飲んだはずだし
それを信じているからこそ、唐沢代表も話を飲んだはずだし
磯部
磯部
金貸しは信用が第一だからな
金貸しは信用が第一だからな
磯部
磯部
にしても……公開競争入札か……
にしても……公開競争入札か……
ドリームタウンは凄い提案をしてくるな
ドリームタウンは凄い提案をしてくるな
まどか
まどか
そうね。下手をすればどちらかの街が全滅なんてこともある
そうね。下手をすればどちらかの街が全滅なんてこともある
そうなれば、膨大な利益はその街の物になり、
そうなれば、膨大な利益はその街の物になり、
敗れた街はただ莫大な開発費を失っただけになる。
敗れた街はただ莫大な開発費を失っただけになる。
磯部
磯部
ギャンブル好きの代表、噂どおりだな
ギャンブル好きの代表、噂どおりだな
大河内代表か。
大河内代表か。
確かに、得体の知れない存在だ。
確かに、得体の知れない存在だ。
でも何より怖いのは、
でも何より怖いのは、
竹内氏以上とも言われる、高坂特務官だ。
竹内氏以上とも言われる、高坂特務官だ。
彼がもし、オレの担当する地区を狙っているとしたら……。
彼がもし、オレの担当する地区を狙っているとしたら……。
秀隆
秀隆
まどかはホープタウンの企業『ジュエル』を、
まどかはホープタウンの企業『ジュエル』を、
磯部はドリームタウンの企業『メニカル』の情報を集めて欲しい
磯部はドリームタウンの企業『メニカル』の情報を集めて欲しい
まどか
まどか
そうね。まずは相手の規模を探って行かないと
そうね。まずは相手の規模を探って行かないと
磯部
磯部
仕方ねえ、やるか
仕方ねえ、やるか
オレはまず、入札までの流れを確認しておくことにしよう。
オレはまず、入札までの流れを確認しておくことにしよう。
自分の席に戻ったオレは、
自分の席に戻ったオレは、
今回の土地競売の仕組みを確認していた。
今回の土地競売の仕組みを確認していた。
２５の区画にわけられた土地を、
２５の区画にわけられた土地を、
双方の街から買いたい企業を募り、一同に競争させる。
双方の街から買いたい企業を募り、一同に競争させる。
そして、その地区に最も高い金額をつけた企業が、
そして、その地区に最も高い金額をつけた企業が、
その土地を買い取れる、非常にシンプルなものになっている。
その土地を買い取れる、非常にシンプルなものになっている。
丸の内
丸の内
ご無沙汰しております、島津さん
ご無沙汰しております、島津さん
秀隆
秀隆
丸の内社長、こちらこそお久しぶりです
丸の内社長、こちらこそお久しぶりです
オレたちは午後、早速丸の内社長にお越し頂き、会議を開いていた。
オレたちは午後、早速丸の内社長にお越し頂き、会議を開いていた。
磯部
磯部
先日発売されたＲＳアンドロイド、大変好調のようですね
先日発売されたＲＳアンドロイド、大変好調のようですね
丸の内
丸の内
ええ。おかげさまで。その節では大変お世話になりました
ええ。おかげさまで。その節では大変お世話になりました
丸の内
丸の内
今回も、何卒尽力のほどよろしくお願いいたします
今回も、何卒尽力のほどよろしくお願いいたします
秀隆
秀隆
こちらこそ……
こちらこそ……
互いに深々と頭を下げる。
互いに深々と頭を下げる。
秀隆
秀隆
早速で恐縮ですが、今回何故、こちらに入札しようとお考えに？
早速で恐縮ですが、今回何故、こちらに入札しようとお考えに？
丸の内
丸の内
私の持つ工場、研究所では、
私の持つ工場、研究所では、
アンドロイドの大量生産など夢のまた夢の話です
アンドロイドの大量生産など夢のまた夢の話です
丸の内
丸の内
軌道路線に乗り始めた今こそ、拡大を狙うべきだと考えています。
軌道路線に乗り始めた今こそ、拡大を狙うべきだと考えています。
アンドロイド開発は日進月歩。現状維持を望めば堕落の一途を辿るだけです
アンドロイド開発は日進月歩。現状維持を望めば堕落の一途を辿るだけです
丸の内
丸の内
それに、新設の会社の癖に生意気かとお思いになるかも知れませんが、今回の共同開発地区のお話は、アンドロイド業者にとって夢のような話なのです
それに、新設の会社の癖に生意気かとお思いになるかも知れませんが、今回の共同開発地区のお話は、アンドロイド業者にとって夢のような話なのです
丸の内
丸の内
磯部さんなら、ご存知ではないでしょうか？
磯部さんなら、ご存知ではないでしょうか？
磯部
磯部
そうですね。確かにアンドロイド分野にとっては、またとない機会だと思います
そうですね。確かにアンドロイド分野にとっては、またとない機会だと思います
秀隆
秀隆
どう言うことなんだ？
どう言うことなんだ？
磯部
磯部
ホープとドリームでは、基本原則アンドロイドの輸出入は固く規制されている。人間と違って、ロボットはやろうと思えば何でもできるからな
ホープとドリームでは、基本原則アンドロイドの輸出入は固く規制されている。人間と違って、ロボットはやろうと思えば何でもできるからな
磯部
磯部
暴力は無理にしても、企業スパイさせることだって可能だ
暴力は無理にしても、企業スパイさせることだって可能だ
まどか
まどか
そういえば、ドリームタウンのアンドロイドは売られてないわね
そういえば、ドリームタウンのアンドロイドは売られてないわね
確かに、ショップに並んでいるのはどれもホープタウン製だ。
確かに、ショップに並んでいるのはどれもホープタウン製だ。
磯部
磯部
だが、今回共同開発地区に進出する企業は、１つ大きな特典を手に入れられる
だが、今回共同開発地区に進出する企業は、１つ大きな特典を手に入れられる
磯部
磯部
どちらの街にも帰属する特殊な企業になるってことだ
どちらの街にも帰属する特殊な企業になるってことだ
秀隆
秀隆
そうか……例えそれが、今まで取引不可能であった
そうか……例えそれが、今まで取引不可能であった
アンドロイドであっても街の制限を受けないってことか
アンドロイドであっても街の制限を受けないってことか
丸の内
丸の内
その通りです。つまり、ドリームタウンで商売をできるまたとない機会なんです
その通りです。つまり、ドリームタウンで商売をできるまたとない機会なんです
秀隆
秀隆
それは
それは
なんとしても、企業側としては勝ち残りたいだろうな。
なんとしても、企業側としては勝ち残りたいだろうな。
丸の内
丸の内
ＲＳが好評だったこともあり、
ＲＳが好評だったこともあり、
幾つかの銀行も融資してくれることになりまして
幾つかの銀行も融資してくれることになりまして
丸の内さんは、こちらに資料を差し出した。
丸の内さんは、こちらに資料を差し出した。
丸の内
丸の内
１５億円、確保しています
１５億円、確保しています
企業の予算が１０億、融資が合計で５億の割り振りだった。
企業の予算が１０億、融資が合計で５億の割り振りだった。
丸の内
丸の内
この予算内で落札出来るのか、
この予算内で落札出来るのか、
あるいは厳しいのか……是非、お調べ頂ければと思います
あるいは厳しいのか……是非、お調べ頂ければと思います
丸の内
丸の内
何卒、よろしくお願いいたします
何卒、よろしくお願いいたします
磯部
磯部
丸の内さんの作られたＲＳは、かなり高性能だ。
丸の内さんの作られたＲＳは、かなり高性能だ。
生産量を増やすことができれば、資金回収まで長くはかからないだろうな
生産量を増やすことができれば、資金回収まで長くはかからないだろうな
秀隆
秀隆
だから銀行も融資を決めたってことなんだろうな
だから銀行も融資を決めたってことなんだろうな
最低価格が１２億だから、＋３億。
最低価格が１２億だから、＋３億。
この金額で、張り合って行くことが出来るのかどうか。
この金額で、張り合って行くことが出来るのかどうか。
それは、これからオレたちが調べていくしかない。
それは、これからオレたちが調べていくしかない。
秀隆
秀隆
早速だけど、オレはドリームタウンに足を運んで来ようと思う
早速だけど、オレはドリームタウンに足を運んで来ようと思う
磯部
磯部
ドリームタウンに？　なぜだ
ドリームタウンに？　なぜだ
秀隆
秀隆
まだ新人のオレが、デスクに噛り付いてもやれることは限られてる。だったら、オレは行動力で補っていくしかないと思ってる
まだ新人のオレが、デスクに噛り付いてもやれることは限られてる。だったら、オレは行動力で補っていくしかないと思ってる
磯部
磯部
敵情視察ってことか？
敵情視察ってことか？
秀隆
秀隆
それも込みだ
それも込みだ
磯部
磯部
まあ、無能なりにがんばるのは悪いことじゃない
まあ、無能なりにがんばるのは悪いことじゃない
まどか
まどか
資料作成の方は私たちに任せて
資料作成の方は私たちに任せて
秀隆
秀隆
頼むよ
頼むよ
秀隆
秀隆
悪いな、急に呼び出したりして
悪いな、急に呼び出したりして
ステーションから降り立つなり、
ステーションから降り立つなり、
オレは壁にもたれる少女に声をかける。
オレは壁にもたれる少女に声をかける。
凛
凛
ううん別に？　ま、今日はたまたま空きだったし
ううん別に？　ま、今日はたまたま空きだったし
アイドル顔負け（いや、アイドルだけど）の美貌でスマイルを見せた。
アイドル顔負け（いや、アイドルだけど）の美貌でスマイルを見せた。
秀隆
秀隆
……眩しい
……眩しい
凛
凛
あれぇ？　改めて凛ちゃんの可愛さに気付いちゃった？
あれぇ？　改めて凛ちゃんの可愛さに気付いちゃった？
秀隆
秀隆
うるせぇ。学生が生意気言ってんじゃねえっ
うるせぇ。学生が生意気言ってんじゃねえっ
se工事の音 (1
se工事の音 (1
凛
凛
赤くなっちゃって。それで、どこに連れてってくれるの？
赤くなっちゃって。それで、どこに連れてってくれるの？
秀隆
秀隆
いや、連れてくっつーか、道案内を頼みたいんだよ
いや、連れてくっつーか、道案内を頼みたいんだよ
凛
凛
え……
え……
笑みが、凍りついたように固まる。
笑みが、凍りついたように固まる。
秀隆
秀隆
ドリームタウンのこと、全然分からないからさ
ドリームタウンのこと、全然分からないからさ
頼れる知り合いなんて、凛くらいなもんだ。
頼れる知り合いなんて、凛くらいなもんだ。
希望は仮にも大河内代表の娘さんだからなぁ。
希望は仮にも大河内代表の娘さんだからなぁ。
凛
凛
あぁそう、そう言うこと……
あぁそう、そう言うこと……
気がつけば笑みは消え、強烈な睨みを向けられた。
気がつけば笑みは消え、強烈な睨みを向けられた。
凛
凛
あたしを小間使いのようにしようってわけね
あたしを小間使いのようにしようってわけね
秀隆
秀隆
い、いえ……えっと、後でご飯奢らせていただきますので
い、いえ……えっと、後でご飯奢らせていただきますので
凛
凛
そう言う問題じゃないけど……はあ、まあいいわ
そう言う問題じゃないけど……はあ、まあいいわ
凛
凛
仕方ないから付き合ってあげるわよ
仕方ないから付き合ってあげるわよ
秀隆
秀隆
本当か？　助かる
本当か？　助かる
se工事の音 (2
se工事の音 (2
凛
凛
別に……ただ、今から予定入れるのもアレだからね
別に……ただ、今から予定入れるのもアレだからね
凛
凛
それで、どこに行きたいの？
それで、どこに行きたいの？
秀隆
秀隆
そうだな……こんなところか？
そうだな……こんなところか？
リスト化しておいた企業の一覧を見せる。
リスト化しておいた企業の一覧を見せる。
凛
凛
……はぁ？　あんた、これ何箇所あると思ってんのよ！？
……はぁ？　あんた、これ何箇所あると思ってんのよ！？
秀隆
秀隆
全部で３４箇所。これでも結構絞り込んだんだぞ
全部で３４箇所。これでも結構絞り込んだんだぞ
今後土地の競売に参戦してきそうな企業のリストだ。
今後土地の競売に参戦してきそうな企業のリストだ。
凛
凛
ふざけんじゃないわよ。回りきれるわけないでしょ
ふざけんじゃないわよ。回りきれるわけないでしょ
秀隆
秀隆
１箇所移動時間込み３０分で回れば大体
１箇所移動時間込み３０分で回れば大体
凛
凛
絶対嫌。帰る
絶対嫌。帰る
秀隆
秀隆
そんなこというなよ、凛。オレの頼みだ
そんなこというなよ、凛。オレの頼みだ
凛
凛
あんたの頼みだから尚更嫌
あんたの頼みだから尚更嫌
秀隆
秀隆
ひ、ひでぇ……
ひ、ひでぇ……
凛
凛
それは言い過ぎにしても、さすがに無理だって。
それは言い過ぎにしても、さすがに無理だって。
今日はともかく、明日から普通に仕事もあるし
今日はともかく、明日から普通に仕事もあるし
秀隆
秀隆
じゃあ回れる範囲でいい。後は自力で回るから
じゃあ回れる範囲でいい。後は自力で回るから
凛
凛
ったく……何が悲しくて休日に会社巡りしなきゃなんないんだか
ったく……何が悲しくて休日に会社巡りしなきゃなんないんだか
se工事の音 (3
se工事の音 (3
秀隆
秀隆
だーっ、さっきから何かうるさいな……！
だーっ、さっきから何かうるさいな……！
オレはガガガガガとうるさい方へと視線を向ける。
オレはガガガガガとうるさい方へと視線を向ける。
秀隆
秀隆
なんだあれ……
なんだあれ……
凛
凛
ああ。今新しいホテルの建築中らしいの。
ああ。今新しいホテルの建築中らしいの。
何でもドリームタウン最大のホテルにする予定なんだって
何でもドリームタウン最大のホテルにする予定なんだって
秀隆
秀隆
ホテルって、そんなに需要ないだろ？
ホテルって、そんなに需要ないだろ？
ホープタウンから来る人間なんて程度が知れてるんだ
ホープタウンから来る人間なんて程度が知れてるんだ
ドリームタウンに住む人間が、
ドリームタウンに住む人間が、
わざわざ高い金を払ってホテルなんて利用しないだろうし。
わざわざ高い金を払ってホテルなんて利用しないだろうし。
凛
凛
あたしもそう思う。金持ちの考えってよくわからないわね
あたしもそう思う。金持ちの考えってよくわからないわね
秀隆
秀隆
……あのホテルの名前は？
……あのホテルの名前は？
凛
凛
ロイヤルガーデン、だったかな？
ロイヤルガーデン、だったかな？
秀隆
秀隆
それって、高級家具の店だよな？
それって、高級家具の店だよな？
そこがホテル事業にも手を出したってことか。
そこがホテル事業にも手を出したってことか。
確か家具の一部はホープタウンにも入荷するほど人気だったはずだ。
確か家具の一部はホープタウンにも入荷するほど人気だったはずだ。
堅実に会社を大きく育ててきた会社。
堅実に会社を大きく育ててきた会社。
秀隆
秀隆
適当にホテルを建築するってのは、考えにくい
適当にホテルを建築するってのは、考えにくい
それに、ホテルの建築資金なんかは膨大に必要だ。
それに、ホテルの建築資金なんかは膨大に必要だ。
あれだけ大掛かりなら何億という金が物入りになってくる。
あれだけ大掛かりなら何億という金が物入りになってくる。
凛
凛
そんなに気になるの？
そんなに気になるの？
秀隆
秀隆
ああ。ちょっとな……。
ああ。ちょっとな……。
もしかすると、オレの仕事に関係する可能性もある
もしかすると、オレの仕事に関係する可能性もある
凛
凛
へぇ～。もしかして、例の共同開発地区絡み？
へぇ～。もしかして、例の共同開発地区絡み？
秀隆
秀隆
おいおい、どこでその話を……？
おいおい、どこでその話を……？
凛
凛
芸能界って情報が回ってくるのも早いって言うか。
芸能界って情報が回ってくるのも早いって言うか。
ま、軽く耳に挟んだくらいだから、詳細を知ってるわけじゃないけど
ま、軽く耳に挟んだくらいだから、詳細を知ってるわけじゃないけど
凛
凛
ホープタウンと対決することになるって、報道は騒いでる
ホープタウンと対決することになるって、報道は騒いでる
秀隆
秀隆
……そうか
……そうか
凛
凛
あんたも、そのプロジェクトに参加するんだ
あんたも、そのプロジェクトに参加するんだ
秀隆
秀隆
一応な
一応な
凛
凛
やるじゃん
やるじゃん
肘で腹をつつかれる。
肘で腹をつつかれる。
秀隆
秀隆
ありがとう、と言いたいところだけどな。まだまだこれからさ
ありがとう、と言いたいところだけどな。まだまだこれからさ
凛
凛
あんたって意外とやり手の特務官になったりして
あんたって意外とやり手の特務官になったりして
秀隆
秀隆
将来有望？　恋人にしたくなったか？
将来有望？　恋人にしたくなったか？
凛
凛
あたしが４０歳になっても独身だったら考えてあげる
あたしが４０歳になっても独身だったら考えてあげる
秀隆
秀隆
賞味期限切れすぎだろ……
賞味期限切れすぎだろ……
凛
凛
それ、女性に対する暴言ね
それ、女性に対する暴言ね
秀隆
秀隆
……失敬
……失敬
凛
凛
あれ、このリスト……カジノも入れてるの？
あれ、このリスト……カジノも入れてるの？
秀隆
秀隆
ああ。改めて一度回ってみたいと思ってる
ああ。改めて一度回ってみたいと思ってる
凛
凛
じゃあ、ここからいく？　一番近場だしね
じゃあ、ここからいく？　一番近場だしね
秀隆
秀隆
そうだな
そうだな
それから、オレは凛と一緒にカジノから他の企業を
それから、オレは凛と一緒にカジノから他の企業を
時間の許す限りまわってみた。
時間の許す限りまわってみた。
…………。
…………。
……。
……。
凛
凛
んじゃ、あたしは帰るわね
んじゃ、あたしは帰るわね
秀隆
秀隆
今日は付き合ってくれてありがとな
今日は付き合ってくれてありがとな
一日付き合ってくれた凛にお礼を言う。
一日付き合ってくれた凛にお礼を言う。
凛
凛
感謝するなら、今度何か奢ってね
感謝するなら、今度何か奢ってね
特に怒ることも無く、凛は笑って言った。
特に怒ることも無く、凛は笑って言った。
秀隆
秀隆
検討しときます……
検討しときます……
凛の背中を見送った後、オレは官邸に戻ることを決めた。
凛の背中を見送った後、オレは官邸に戻ることを決めた。
…………。
…………。
……。
……。
