秀隆
秀隆
まどか。実はおまえに、折り入って頼みがある
まどか。実はおまえに、折り入って頼みがある
まどか
まどか
私に？　改まって何かしら
私に？　改まって何かしら
秀隆
秀隆
出来れば二人きりで話したいんだが……いいか？
出来れば二人きりで話したいんだが……いいか？
まどか
まどか
え、ええ
え、ええ
オレはまどかを連れ出し、廊下へ。
オレはまどかを連れ出し、廊下へ。
そして会議室へと向かった。
そして会議室へと向かった。
秀隆
秀隆
今から話すことは、他言無用でお願いしたい
今から話すことは、他言無用でお願いしたい
まどか
まどか
それは尊重するけど、何か悪いことじゃないでしょうね？
それは尊重するけど、何か悪いことじゃないでしょうね？
秀隆
秀隆
はっはは、鋭いな
はっはは、鋭いな
まどか
まどか
……本気？
……本気？
秀隆
秀隆
もちろん聞いた上で協力できないなら、それでも構わない
もちろん聞いた上で協力できないなら、それでも構わない
まどか
まどか
わかったわ。とにかく話してみて
わかったわ。とにかく話してみて
秀隆
秀隆
官邸に、２つ資料室があるのは知ってるよな？
官邸に、２つ資料室があるのは知ってるよな？
秀隆
秀隆
１つは許可を取れば誰でも入ることが出来る資料室
１つは許可を取れば誰でも入ることが出来る資料室
秀隆
秀隆
そしてもうひとつは、厳重な警備に守られた資料室
そしてもうひとつは、厳重な警備に守られた資料室
まどか
まどか
え、ええ
え、ええ
秀隆
秀隆
……何とかして、そこに入りたい
……何とかして、そこに入りたい
まどか
まどか
ちょ、ちょっと待って。それ本気で言ってるの？
ちょ、ちょっと待って。それ本気で言ってるの？
まどか
まどか
そんなことできるわけないじゃない
そんなことできるわけないじゃない
秀隆
秀隆
だからこそ、知恵を貸して欲しいんだ
だからこそ、知恵を貸して欲しいんだ
まどか
まどか
もし仮にキーを入手できても、見つかれば処罰は免れない
もし仮にキーを入手できても、見つかれば処罰は免れない
まどか
まどか
簡単に首だって飛びかねないのよ
簡単に首だって飛びかねないのよ
秀隆
秀隆
もちろん分かってる。だが、こればかりは引くわけにはいかない
もちろん分かってる。だが、こればかりは引くわけにはいかない
まどか
まどか
どうして資料室を？
どうして資料室を？
秀隆
秀隆
地上に関する資料がみたい
地上に関する資料がみたい
まどか
まどか
ち、地上？　どういうことなの……
ち、地上？　どういうことなの……
秀隆
秀隆
以前も少し地上のことを言ったと思うが
以前も少し地上のことを言ったと思うが
オレはキズナのことを、まどかに打ち明けることにした。
オレはキズナのことを、まどかに打ち明けることにした。
まどか
まどか
彼女が軟禁されるのを、阻止したいってことね
彼女が軟禁されるのを、阻止したいってことね
秀隆
秀隆
ああ。もちろん、これが違反だってことは分かってる
ああ。もちろん、これが違反だってことは分かってる
秀隆
秀隆
それでも、引けないことってのがあるんだよ
それでも、引けないことってのがあるんだよ
まどか
まどか
……私は容認できない
……私は容認できない
まどか
まどか
あなたの気持ちは痛いほど分かるけど、
あなたの気持ちは痛いほど分かるけど、
それでも特務官として、人としてルールを破ることは出来ない
それでも特務官として、人としてルールを破ることは出来ない
秀隆
秀隆
そうか……
そうか……
まどか
まどか
他言はしないから安心して
他言はしないから安心して
まどか
まどか
……あの子がいなくなったら、どうするの？
……あの子がいなくなったら、どうするの？
秀隆
秀隆
考えたくも無いな、そんな恐ろしいことは
考えたくも無いな、そんな恐ろしいことは
しかし、どうしたものだろうか。
しかし、どうしたものだろうか。
あの資料室に入る権限を持っているのは、
あの資料室に入る権限を持っているのは、
今この街には唐沢代表だけの可能性が高い。
今この街には唐沢代表だけの可能性が高い。
まさか、こっそりと部屋に入ってキーを盗むわけにもいかないし。
まさか、こっそりと部屋に入ってキーを盗むわけにもいかないし。
データをハッキングして開錠する、なんてのも空想だ。
データをハッキングして開錠する、なんてのも空想だ。
まどか
まどか
街の代表しかあの資料室に入れない。
街の代表しかあの資料室に入れない。
可能性があるとしたら、前の代表しかないんじゃないかしら
可能性があるとしたら、前の代表しかないんじゃないかしら
秀隆
秀隆
前代表……？
前代表……？
まどか
まどか
それじゃ
それじゃ
まどかはそういい残し、会議室を後にした。
まどかはそういい残し、会議室を後にした。
秀隆
秀隆
そうか……確かに、それなら可能性はあるかもしれない
そうか……確かに、それなら可能性はあるかもしれない
秀隆
秀隆
どういうことだ……
どういうことだ……
オレは端末を前に、早くも壁にぶち当たっていた。
オレは端末を前に、早くも壁にぶち当たっていた。
前唐沢代表が退任した後、その後どこにいるのかが分からない。
前唐沢代表が退任した後、その後どこにいるのかが分からない。
どれだけ調べても情報が出てこなかった。
どれだけ調べても情報が出てこなかった。
唐沢さんに聞けば、当然その答えを知っている。
唐沢さんに聞けば、当然その答えを知っている。
でも、今は彼にだけはこの話を聞くことは出来ない。
でも、今は彼にだけはこの話を聞くことは出来ない。
なら
なら
あと一人、知っているであろう人物を探すしかないと言うわけだ。
あと一人、知っているであろう人物を探すしかないと言うわけだ。
秀隆
秀隆
竹内特務官
竹内特務官
竹内
竹内
きたようだね
きたようだね
カウンターに座っていた竹内特務官が、ゆっくりと振り返った。
カウンターに座っていた竹内特務官が、ゆっくりと振り返った。
秀隆
秀隆
まだ携帯の方に連絡がついて、良かったです。
まだ携帯の方に連絡がついて、良かったです。
わざわざドリームタウンまで出たかいがありました
わざわざドリームタウンまで出たかいがありました
ホープタウンからじゃ、ドリームタウンへの通話は出来ない。
ホープタウンからじゃ、ドリームタウンへの通話は出来ない。
オレは一か八か、ドリームタウンに出向き竹内特務官の携帯を鳴らした。
オレは一か八か、ドリームタウンに出向き竹内特務官の携帯を鳴らした。
竹内
竹内
近いうち、君から連絡が入ると思っていたよ。かけたまえ
近いうち、君から連絡が入ると思っていたよ。かけたまえ
秀隆
秀隆
失礼します
失礼します
オレは竹内特務官の隣に腰を下ろした。
オレは竹内特務官の隣に腰を下ろした。
竹内
竹内
彼にも同じものを
彼にも同じものを
秀隆
秀隆
自分は仕事中ですので、アルコールは……
自分は仕事中ですので、アルコールは……
竹内
竹内
安心したまえ。アルコールは入っていない
安心したまえ。アルコールは入っていない
秀隆
秀隆
そうですか……
そうですか……
竹内
竹内
それで、私に話とはなんだね？
それで、私に話とはなんだね？
秀隆
秀隆
……竹内特務官は、どこまでご存知なんですか。唐沢さんのことを
……竹内特務官は、どこまでご存知なんですか。唐沢さんのことを
竹内
竹内
少なくとも君よりは知っている。付き合いも長い
少なくとも君よりは知っている。付き合いも長い
秀隆
秀隆
先日、唐沢さんはキズナを軟禁することを決めました
先日、唐沢さんはキズナを軟禁することを決めました
秀隆
秀隆
これ以上地上に関する話題を世間に知らせないためだ、と言うことで
これ以上地上に関する話題を世間に知らせないためだ、と言うことで
竹内
竹内
驚くことではない。最初から想定できていたことだ
驚くことではない。最初から想定できていたことだ
秀隆
秀隆
どうして、唐沢さんはそれほどまで敏感に地上のことを隠そうとするんですか
どうして、唐沢さんはそれほどまで敏感に地上のことを隠そうとするんですか
竹内
竹内
彼の口から聞かなかったのかね？　街を守るためだと
彼の口から聞かなかったのかね？　街を守るためだと
秀隆
秀隆
もちろんお聞きしました……ですが……
もちろんお聞きしました……ですが……
竹内
竹内
納得はいかなかったと
納得はいかなかったと
秀隆
秀隆
はい……大河内代表から、資料を見せられました
はい……大河内代表から、資料を見せられました
秀隆
秀隆
唐沢さんが集めていたと思われる、キズナに関する詳細な資料です
唐沢さんが集めていたと思われる、キズナに関する詳細な資料です
竹内
竹内
そうかね。それを見て、君はどう思った？
そうかね。それを見て、君はどう思った？
秀隆
秀隆
……正直、唐沢さんのことが分からなくなりました
……正直、唐沢さんのことが分からなくなりました
秀隆
秀隆
あの人が何を考え、何を思い行動しているのか……
あの人が何を考え、何を思い行動しているのか……
竹内
竹内
それを知りたくて、私の元へきたと
それを知りたくて、私の元へきたと
秀隆
秀隆
はい
はい
竹内
竹内
……彼は、唐沢代表は、ホープタウンと言う街にとりつかれている
……彼は、唐沢代表は、ホープタウンと言う街にとりつかれている
秀隆
秀隆
とりつかれている……ですか？
とりつかれている……ですか？
竹内
竹内
そう。ホープタウンには全てがある。
そう。ホープタウンには全てがある。
富も、人も、食糧も、何もかもが揃っている
富も、人も、食糧も、何もかもが揃っている
竹内
竹内
ドリームタウンという場所のことを知れば知るほど、君もそれを実感するだろう
ドリームタウンという場所のことを知れば知るほど、君もそれを実感するだろう
竹内
竹内
何故同じジオフロントにおいて、そこまで明確な差が生まれるのか、とね
何故同じジオフロントにおいて、そこまで明確な差が生まれるのか、とね
秀隆
秀隆
…………
…………
秀隆
秀隆
電力……
電力……
ホープタウンとドリームタウンで、根本的に違う部分。
ホープタウンとドリームタウンで、根本的に違う部分。
それは技術力でも資金力でもない。
それは技術力でも資金力でもない。
秀隆
秀隆
地上が無事な可能性がある。大河内代表、高坂特務官はそう仰っていました
地上が無事な可能性がある。大河内代表、高坂特務官はそう仰っていました
竹内
竹内
絶対的かつ唯一無二の力を手にした者は、
絶対的かつ唯一無二の力を手にした者は、
それを失うまいと必死に死守するだろう
それを失うまいと必死に死守するだろう
それが、太陽光発電、と言うことか……？
それが、太陽光発電、と言うことか……？
そうではなかったとしても、
そうではなかったとしても、
地上に関するなんらかの力と言うことだ。
地上に関するなんらかの力と言うことだ。
秀隆
秀隆
……唐沢さんは、それを守ろうとしている……？
……唐沢さんは、それを守ろうとしている……？
秀隆
秀隆
ありとあらゆる手を使ってでも……
ありとあらゆる手を使ってでも……
そのために、キズナを……。
そのために、キズナを……。
竹内
竹内
私の口から話せるのはここまでだ
私の口から話せるのはここまでだ
秀隆
秀隆
待ってください。オレには、これ以上どうすればいいのか……
待ってください。オレには、これ以上どうすればいいのか……
竹内
竹内
誰よりもホープタウンに詳しいのは、唐沢代表だ
誰よりもホープタウンに詳しいのは、唐沢代表だ
竹内
竹内
街のことを知るためには、それしか方法はない
街のことを知るためには、それしか方法はない
そういい、一枚の紙切れをテーブルに置いた。
そういい、一枚の紙切れをテーブルに置いた。
竹内
竹内
島津くん。キズナ君を失ってはならない
島津くん。キズナ君を失ってはならない
竹内
竹内
あの少女を守り通すことで、初めて活路は開かれるだろう
あの少女を守り通すことで、初めて活路は開かれるだろう
秀隆
秀隆
竹内特務官っ
竹内特務官っ
振り返るが、竹内特務官は人ごみにまぎれて行った。
振り返るが、竹内特務官は人ごみにまぎれて行った。
秀隆
秀隆
……１２０５……？
……１２０５……？
紙切れに書かれていたのは、４桁の数字だった。
紙切れに書かれていたのは、４桁の数字だった。
秀隆
秀隆
…………
…………
オレは考える。
オレは考える。
この数字が意味するものが何なのかを。
この数字が意味するものが何なのかを。
秀隆
秀隆
ホープタウンのことを知るには、誰に話を聞くのが正解だ？
ホープタウンのことを知るには、誰に話を聞くのが正解だ？
唐沢代表、倉屋敷社長。
唐沢代表、倉屋敷社長。
あるいは竹内特務官？
あるいは竹内特務官？
いや、そのどれもしっくり来ない。
いや、そのどれもしっくり来ない。
それに、この番号と結びつけるものがない。
それに、この番号と結びつけるものがない。
。
。
まどかが、言っていた言葉。
まどかが、言っていた言葉。
竹内特務官が言った言葉。
竹内特務官が言った言葉。
街のことを最もよく知るのは、唐沢代表だ。
街のことを最もよく知るのは、唐沢代表だ。
……紙を見る。
……紙を見る。
１２０５、とは……。
１２０５、とは……。
１２０５号室……と言うことじゃないだろうか。
１２０５号室……と言うことじゃないだろうか。
オレはひとつの予感のもと、病院を訪れた。
オレはひとつの予感のもと、病院を訪れた。
街で唯一、１２階以上の階層を持つ病院へ。
街で唯一、１２階以上の階層を持つ病院へ。
秀隆
秀隆
失礼します……
失礼します……
オレは、１２０５号室のプレートがつけられた部屋に踏み込んだ。
オレは、１２０５号室のプレートがつけられた部屋に踏み込んだ。
その室内の中では、１人のやせ細った老人が、細い目を開け天井を見つめていた。
その室内の中では、１人のやせ細った老人が、細い目を開け天井を見つめていた。
オレが入ってきたことに驚きもせず、ただジッと天井を見つめている。
オレが入ってきたことに驚きもせず、ただジッと天井を見つめている。
秀隆
秀隆
あの……突然お邪魔して、申し訳ございません
あの……突然お邪魔して、申し訳ございません
秀隆
秀隆
少し、お聞きしたいことが御座いまして
少し、お聞きしたいことが御座いまして
オレは頭を下げ、その人……唐沢元代表へと歩み寄った。
オレは頭を下げ、その人……唐沢元代表へと歩み寄った。
最初はオレに気づいていないのかと思ったが、そうじゃない。
最初はオレに気づいていないのかと思ったが、そうじゃない。
オレに気づいていながら、まるで相手にしていなかった。
オレに気づいていながら、まるで相手にしていなかった。
秀隆
秀隆
……お話を、聞いていただけませんでしょうか。前唐沢代表
……お話を、聞いていただけませんでしょうか。前唐沢代表
前唐沢、そう呼ばれ、老人は瞳だけを動かし、オレを見た。
前唐沢、そう呼ばれ、老人は瞳だけを動かし、オレを見た。
その目に、オレはどう映っているのだろうか。
その目に、オレはどう映っているのだろうか。
前代表
前代表
何かね……
何かね……
秀隆
秀隆
自分は、特務官の島津秀隆と申します
自分は、特務官の島津秀隆と申します
前代表
前代表
特務官か……今更、この老いぼれに用などとは。息子に頼りなさい
特務官か……今更、この老いぼれに用などとは。息子に頼りなさい
秀隆
秀隆
それができないと思い、ここにやって参りました
それができないと思い、ここにやって参りました
秀隆
秀隆
自分には、どうしても知らねばならないことがあります
自分には、どうしても知らねばならないことがあります
秀隆
秀隆
どうか、それを教えていただけないでしょうか？
どうか、それを教えていただけないでしょうか？
秀隆
秀隆
今の唐沢代表にはお教え願えないこと、だと思いましたので
今の唐沢代表にはお教え願えないこと、だと思いましたので
前代表
前代表
…………
…………
秀隆
秀隆
地上のことについて、教えてください
地上のことについて、教えてください
老人はジッとオレを見つめた後、小さく唇を開いた。
老人はジッとオレを見つめた後、小さく唇を開いた。
前代表
前代表
……わしは何も知らんよ
……わしは何も知らんよ
秀隆
秀隆
本当にそうでしょうか？
本当にそうでしょうか？
前代表
前代表
何を聞きつけてきたのか知らぬが、余計なことはせんことだ
何を聞きつけてきたのか知らぬが、余計なことはせんことだ
秀隆
秀隆
自分は
自分は
前代表
前代表
わしは何も知らぬ。そう言ったはずだ。帰ってくれ
わしは何も知らぬ。そう言ったはずだ。帰ってくれ
秀隆
秀隆
帰るわけには行きません
帰るわけには行きません
秀隆
秀隆
お話を聞いていただけるまで、自分はいつまでも粘るつもりです
お話を聞いていただけるまで、自分はいつまでも粘るつもりです
前代表
前代表
…………
…………
唐沢元代表は視線を一度こちらにやったが、
唐沢元代表は視線を一度こちらにやったが、
それ以降口を開こうとはしなかった。
それ以降口を開こうとはしなかった。
それから、どれだけの時間が流れただろうか。
それから、どれだけの時間が流れただろうか。
気がつけば消灯時刻が過ぎていた、としか分からない。
気がつけば消灯時刻が過ぎていた、としか分からない。
秀隆
秀隆
…………
…………
オレは、ただジッと、前代表の前で、立ち続けていた。
オレは、ただジッと、前代表の前で、立ち続けていた。
そうする必要があるからだ。
そうする必要があるからだ。
オレには、オレたちには時間がない。
オレには、オレたちには時間がない。
秀隆
秀隆
地上のことについて、教えてください
地上のことについて、教えてください
秀隆
秀隆
オレは、そのことを知りたくて、あなたのもとを訪れたんです
オレは、そのことを知りたくて、あなたのもとを訪れたんです
前代表
前代表
…………
…………
秀隆
秀隆
……唐沢代表……！
……唐沢代表……！
前代表
前代表
…………
…………
オレは、反応を示さない前代表に、思わず苛立ちをぶつけてしまう。
オレは、反応を示さない前代表に、思わず苛立ちをぶつけてしまう。
だが、その直後、何故か酷く悲しい気持ちに包まれてしまった。
だが、その直後、何故か酷く悲しい気持ちに包まれてしまった。
病室に備え付けられた、小さな椅子。
病室に備え付けられた、小さな椅子。
その椅子は、本来見舞いに来た家族や友人が座る席だ。
その椅子は、本来見舞いに来た家族や友人が座る席だ。
秀隆
秀隆
…………
…………
だが、その席には、塵が積もっていた。
だが、その席には、塵が積もっていた。
肉眼で見ても分かる。
肉眼で見ても分かる。
それは、前代表……一人の老人が、
それは、前代表……一人の老人が、
どれだけ長い間一人きりだったかがわかるものだった。
どれだけ長い間一人きりだったかがわかるものだった。
秀隆
秀隆
……唐沢代表は、いつもそうやって天井を見上げているのですか？
……唐沢代表は、いつもそうやって天井を見上げているのですか？
前代表
前代表
…………
…………
秀隆
秀隆
オレは小さい頃、唐沢代表をテレビで拝見したことがあります。
オレは小さい頃、唐沢代表をテレビで拝見したことがあります。
まだ現役だった頃の代表は、すごく輝いていた
まだ現役だった頃の代表は、すごく輝いていた
秀隆
秀隆
オレが高等学園に入学する頃、
オレが高等学園に入学する頃、
今の唐沢代表、あなたの息子さんが街のリーダーとなった
今の唐沢代表、あなたの息子さんが街のリーダーとなった
秀隆
秀隆
父に勝るとも劣らない人物、カリスマとして
父に勝るとも劣らない人物、カリスマとして
それきり、オレはこの人を見ることはなかった。
それきり、オレはこの人を見ることはなかった。
てっきり、優雅な隠居生活を送っていると思っていたのに。
てっきり、優雅な隠居生活を送っていると思っていたのに。
こんな小さな病室で、誰にも会わず……。
こんな小さな病室で、誰にも会わず……。
毎日毎日、天井だけを見続けているんじゃないだろうか。
毎日毎日、天井だけを見続けているんじゃないだろうか。
前代表
前代表
おまえは……表舞台を去った男の虚しさが分かるか？
おまえは……表舞台を去った男の虚しさが分かるか？
秀隆
秀隆
……いえ
……いえ
前代表
前代表
人々に祭り上げられ、代表として３０年もの歳月、
人々に祭り上げられ、代表として３０年もの歳月、
家庭をも顧みず働き続け……成れの果てがこれだ
家庭をも顧みず働き続け……成れの果てがこれだ
前代表
前代表
勇退だの何だのといわれても、虚しいものだ……。
勇退だの何だのといわれても、虚しいものだ……。
わしはもう、３年以上も、この天井を見上げ続けている
わしはもう、３年以上も、この天井を見上げ続けている
感情は殆ど篭っていなかったが、
感情は殆ど篭っていなかったが、
その表情は寂しそうに見えた。
その表情は寂しそうに見えた。
前代表
前代表
得たものは殆どなく、失ったものはあまりにも大きい
得たものは殆どなく、失ったものはあまりにも大きい
秀隆
秀隆
息子さんがいらっしゃるではないですか
息子さんがいらっしゃるではないですか
前代表
前代表
あれは……わしと同じ。とりつかれた男よ
あれは……わしと同じ。とりつかれた男よ
秀隆
秀隆
とりつかれた……？
とりつかれた……？
前代表
前代表
おまえは何ゆえ、地上を求める。
おまえは何ゆえ、地上を求める。
そんなものを求めずとも、この街には全てがあろう
そんなものを求めずとも、この街には全てがあろう
秀隆
秀隆
一人の少女と出遭いました。
一人の少女と出遭いました。
その少女は、長い歳月カプセルの中で眠り続けていました
その少女は、長い歳月カプセルの中で眠り続けていました
秀隆
秀隆
それは、長い時間……この街が作られるよりも前からです
それは、長い時間……この街が作られるよりも前からです
前代表
前代表
その、少女のためか……？
その、少女のためか……？
秀隆
秀隆
半分はそうです。その子に、
半分はそうです。その子に、
もしも地上が無事なのなら、見せてやりたい。そう思いました
もしも地上が無事なのなら、見せてやりたい。そう思いました
前代表
前代表
残りの半分は……なんだ
残りの半分は……なんだ
秀隆
秀隆
自分自身のために
自分自身のために
秀隆
秀隆
島津秀隆、と言う男が、地上を知りたいと思っているからです
島津秀隆、と言う男が、地上を知りたいと思っているからです
前代表
前代表
そうか……おまえが、島津か……
そうか……おまえが、島津か……
天井を見上げ続けていた老人が、ゆっくりと顔を動かした。
天井を見上げ続けていた老人が、ゆっくりと顔を動かした。
そして、オレへとそのしわだらけの顔を向ける。
そして、オレへとそのしわだらけの顔を向ける。
前代表
前代表
ホープタウンの街を任された者には、
ホープタウンの街を任された者には、
代々言い伝えられる大きな秘密がある
代々言い伝えられる大きな秘密がある
前代表
前代表
それは―――地上への道は絶たれていない、ということ
それは―――地上への道は絶たれていない、ということ
秀隆
秀隆
やはり、地上は無事なんですね……
やはり、地上は無事なんですね……
前代表
前代表
人がいなくなってしまった地上でもか……？
人がいなくなってしまった地上でもか……？
秀隆
秀隆
それは……
それは……
前代表
前代表
だが、確かに大地はまだ健在している
だが、確かに大地はまだ健在している
前代表
前代表
当事街の代表を務めていた人間は、
当事街の代表を務めていた人間は、
その事実を民に伝えることはしなかった。何故だと思う？
その事実を民に伝えることはしなかった。何故だと思う？
秀隆
秀隆
……わかりません
……わかりません
前代表
前代表
もしも、街に留まり続ける必要が無くなれば、
もしも、街に留まり続ける必要が無くなれば、
自らの築き上げた地位や名誉が、崩れ落ちてしまう。そう考えた
自らの築き上げた地位や名誉が、崩れ落ちてしまう。そう考えた
前代表
前代表
そして―――その秘密は１５０年以上、隠されてきた
そして―――その秘密は１５０年以上、隠されてきた
秀隆
秀隆
あなたの息子さんも、同じということですか？
あなたの息子さんも、同じということですか？
前代表
前代表
そうだ。あれも、地位と権力を手放すことなどできぬ
そうだ。あれも、地位と権力を手放すことなどできぬ
秀隆
秀隆
自分は小さい頃から息子さんを知っています。
自分は小さい頃から息子さんを知っています。
彼は民に優しく、そして守ろうと必死に戦っています
彼は民に優しく、そして守ろうと必死に戦っています
前代表
前代表
……息子が、私の病室を尋ねた回数がどれだけか分かるか？
……息子が、私の病室を尋ねた回数がどれだけか分かるか？
前代表
前代表
たった１度。わしがこの部屋に隔離された時のみだ
たった１度。わしがこの部屋に隔離された時のみだ
秀隆
秀隆
……そんな……
……そんな……
前代表
前代表
地位と権力を継承したら、わしなど用済みだろう
地位と権力を継承したら、わしなど用済みだろう
前代表
前代表
私は何のために生きてきたんだろうな……
私は何のために生きてきたんだろうな……
弱々しく、そう漏らす。
弱々しく、そう漏らす。
前代表
前代表
街のために働いて働いて……充実した人生だったはずだ
街のために働いて働いて……充実した人生だったはずだ
前代表
前代表
なのに今は、自分で歩くことも間々ならぬ……
なのに今は、自分で歩くことも間々ならぬ……
秀隆
秀隆
街の代表と聞けば、皆が尊敬し憧れを抱く存在です
街の代表と聞けば、皆が尊敬し憧れを抱く存在です
秀隆
秀隆
……実際、あなたは格好良かった
……実際、あなたは格好良かった
前代表
前代表
それを
それを
前代表
前代表
一言でもいい、息子から聞きたかったものだ……
一言でもいい、息子から聞きたかったものだ……
秀隆
秀隆
…………
…………
前代表
前代表
そうすれば、今のこの空虚な時間も、また楽しめたかもしれないな……
そうすれば、今のこの空虚な時間も、また楽しめたかもしれないな……
前代表
前代表
真実を追い求めるというなら、直接息子に聞くがいい
真実を追い求めるというなら、直接息子に聞くがいい
前代表
前代表
だが、息子は自分を守るために容赦せんだろう。
だが、息子は自分を守るために容赦せんだろう。
例えおまえが、島津であり、息子にとって大切な存在であったとしても
例えおまえが、島津であり、息子にとって大切な存在であったとしても
前代表
前代表
……もう行きなさい
……もう行きなさい
しわだらけの奥の瞳が、潤んでいる気がした。
しわだらけの奥の瞳が、潤んでいる気がした。
小さく弱々しい手が、オレに伸びる。
小さく弱々しい手が、オレに伸びる。
その手には、小さなキーが握られていた。
その手には、小さなキーが握られていた。
オレはその手を受け止める。
オレはその手を受け止める。
秀隆
秀隆
また来ます。今度は、唐沢代表……息子さんを連れて
また来ます。今度は、唐沢代表……息子さんを連れて
…………。
…………。
……。
……。
秀隆
秀隆
やっぱり、ここのキーだったか……
やっぱり、ここのキーだったか……
オレは前代表から受け取ったキーを使い、資料室に足を運んだ。
オレは前代表から受け取ったキーを使い、資料室に足を運んだ。
当然、本来は入室を許可されるはずも無い場所だ。
当然、本来は入室を許可されるはずも無い場所だ。
時間も、余裕もない。
時間も、余裕もない。
ファイルに手を伸ばす。
ファイルに手を伸ばす。
今は、とにかく地上に関する資料を集めなければならない。
今は、とにかく地上に関する資料を集めなければならない。
秀隆
秀隆
……なるほど。極秘になるわけだ
……なるほど。極秘になるわけだ
手に持った適当なファイルだったが、
手に持った適当なファイルだったが、
既にその１冊目が、ホープタウンの電力に関する資料のものだった。
既にその１冊目が、ホープタウンの電力に関する資料のものだった。
秀隆
秀隆
こんなものがバレたら、オレは一発でクビだな……
こんなものがバレたら、オレは一発でクビだな……
クビだけじゃ済まず、情報漏えいとして長く刑務所行きだろう。
クビだけじゃ済まず、情報漏えいとして長く刑務所行きだろう。
興味が無いと言えば嘘になるが、オレはファイルを棚に戻した。
興味が無いと言えば嘘になるが、オレはファイルを棚に戻した。
どれだけ時代が進んでも、最後には結局紙なんだろうな。
どれだけ時代が進んでも、最後には結局紙なんだろうな。
秀隆
秀隆
…………
…………
それから、何時間経っただろうか。
それから、何時間経っただろうか。
殆どの資料を確認し終えたが、地上に関するものは出てこない。
殆どの資料を確認し終えたが、地上に関するものは出てこない。
単に情報不足なのか、それとも……。
単に情報不足なのか、それとも……。
この資料室にすら、残っていないのか。
この資料室にすら、残っていないのか。
秀隆
秀隆
……これは……？
……これは……？
諦めムードが出てきた時、一冊のファイルで手が止まる。
諦めムードが出てきた時、一冊のファイルで手が止まる。
そのファイルには、タイトルが書かれていない。
そのファイルには、タイトルが書かれていない。
それも気になった要素だが、一番は製作者の名前だ。
それも気になった要素だが、一番は製作者の名前だ。
秀隆
秀隆
竹内特務官が用意したものなのか……
竹内特務官が用意したものなのか……
開いてみる。
開いてみる。
秀隆
秀隆
報告書？　なんでそんなものが、この資料室に……
報告書？　なんでそんなものが、この資料室に……
ペラペラとめくっていく。
ペラペラとめくっていく。
すると……そこには思いがけない記載があった。
すると……そこには思いがけない記載があった。
秀隆
秀隆
島津特務官……
島津特務官……
もちろん、それはオレのことじゃない。
もちろん、それはオレのことじゃない。
オレの―――父親と母親に関するものだった。
オレの―――父親と母親に関するものだった。
秀隆
秀隆
これは
これは
その資料に目を通して、オレは理解した。
その資料に目を通して、オレは理解した。
何故前唐沢代表が、オレにキーを託したのか。
何故前唐沢代表が、オレにキーを託したのか。
…………。
…………。
……。
……。
