恭一
恭一
なるほど、ここはヒエラルキーのような体制を持ってるってことか
なるほど、ここはヒエラルキーのような体制を持ってるってことか
殴られる男
殴られる男
う、ぐぐ……か、勘弁してくれ……
う、ぐぐ……か、勘弁してくれ……
恭一
恭一
…………
…………
オレは牙の折れた男を放り出す。
オレは牙の折れた男を放り出す。
恭一
恭一
まだ、感覚が戻らねぇな
まだ、感覚が戻らねぇな
人を殴ることに躊躇がない。
人を殴ることに躊躇がない。
それは、オレが記憶を失い、何も持たざるものだからか。
それは、オレが記憶を失い、何も持たざるものだからか。
それとも記憶が無くとも、身体が覚えているのか。
それとも記憶が無くとも、身体が覚えているのか。
男Ｊ
男Ｊ
見つけたぞ……
見つけたぞ……
恭一
恭一
おっと……
おっと……
今まで見たことのある男連中でも、数が群を抜いて多い。
今まで見たことのある男連中でも、数が群を抜いて多い。
２０人はいるだろう。
２０人はいるだろう。
中には何人かオレにやられた奴も混じっている。
中には何人かオレにやられた奴も混じっている。
男Ｊ
男Ｊ
ここは俺たちの縄張りだ。これ以上好き勝手はさせねぇ
ここは俺たちの縄張りだ。これ以上好き勝手はさせねぇ
恭一
恭一
オレは自分から殴りかかった覚えはないぜ？
オレは自分から殴りかかった覚えはないぜ？
男Ｊ
男Ｊ
うるせぇ！　今日こそぶっ殺す！
うるせぇ！　今日こそぶっ殺す！
物取りから、すっかり復讐に変わってるな。
物取りから、すっかり復讐に変わってるな。
恭一
恭一
じゃあさっさとすませよう。その方が探し物もはかどる
じゃあさっさとすませよう。その方が探し物もはかどる
男Ｊ
男Ｊ
やっちまうぞ野郎ども！
やっちまうぞ野郎ども！
恭一
恭一
…………
…………
オレは腰を落とし、素早く足を踏み込んだ。
オレは腰を落とし、素早く足を踏み込んだ。
男Ｊ
男Ｊ
なっ！？
なっ！？
狙うはリーダー格の男。
狙うはリーダー格の男。
まずはコイツを沈める。
まずはコイツを沈める。
男Ｊ
男Ｊ
ぶはっ！
ぶはっ！
容赦なく拳を突きいれ、周囲が驚きに包まれる中、
容赦なく拳を突きいれ、周囲が驚きに包まれる中、
傍に居る連中から片っ端に殴り飛ばしていく。
傍に居る連中から片っ端に殴り飛ばしていく。
男Ｋ
男Ｋ
ぐぅ！？
ぐぅ！？
…………。
…………。
……。
……。
男Ｋ
男Ｋ
か、勘弁してくれ……う、うぐぐ……
か、勘弁してくれ……う、うぐぐ……
恭一
恭一
勘弁してくれといわれたらやめてやるけどな
勘弁してくれといわれたらやめてやるけどな
既に足元には、全員の男が倒れている。
既に足元には、全員の男が倒れている。
かろうじて意識を繋ぎとめているのはこの男だけだ。
かろうじて意識を繋ぎとめているのはこの男だけだ。
オレたちの喧嘩を遠めに見ていた老人と目が合う。
オレたちの喧嘩を遠めに見ていた老人と目が合う。
が、特に害はなさそうだな。
が、特に害はなさそうだな。
恭一
恭一
次はもっと人数を増やすか？
次はもっと人数を増やすか？
男Ｋ
男Ｋ
い、いや。もう何もしない、あんたには手をださないっ！
い、いや。もう何もしない、あんたには手をださないっ！
恭一
恭一
そうか。それならオレとしてもやりやすい
そうか。それならオレとしてもやりやすい
男Ｋ
男Ｋ
何者なんだ、あんた……人間か！？
何者なんだ、あんた……人間か！？
惨事を見渡し、男が言う。
惨事を見渡し、男が言う。
恭一
恭一
さぁな。一応人間のつもりだ
さぁな。一応人間のつもりだ
恭一
恭一
何にせよ、多少楽しめた
何にせよ、多少楽しめた
男Ｋ
男Ｋ
な、何も盗らないのか……？
な、何も盗らないのか……？
恭一
恭一
オレはここの住人じゃない。用が済めば出て行く、それだけだ
オレはここの住人じゃない。用が済めば出て行く、それだけだ
恭一
恭一
悪いがここに倒れた連中の後始末は頼むぜ？
悪いがここに倒れた連中の後始末は頼むぜ？
男Ｋ
男Ｋ
あ、あぁ……
あ、あぁ……
戦意喪失か。
戦意喪失か。
男は小さく頷いた。
男は小さく頷いた。
オレは家に戻るなり、すぐ脱衣所でシャワーを浴びた。
オレは家に戻るなり、すぐ脱衣所でシャワーを浴びた。
最近、恋のやつはオレの行動を怪しみ始めている。
最近、恋のやつはオレの行動を怪しみ始めている。
こちらがどこで何をしているのか、知りたがっているだろう。
こちらがどこで何をしているのか、知りたがっているだろう。
貧困街で暴れていると知れば、恐らく止めに来る。
貧困街で暴れていると知れば、恐らく止めに来る。
だが、調べ物が終わるまでそれをやめるわけにはいかない。
だが、調べ物が終わるまでそれをやめるわけにはいかない。
帰宅したオレは、そのまますぐ黙って風呂場に向かった。
帰宅したオレは、そのまますぐ黙って風呂場に向かった。
そしてシャワーを浴びた後、リビングへ。
そしてシャワーを浴びた後、リビングへ。
そこには帰宅した恋が、ジッとオレの方を見ていた。
そこには帰宅した恋が、ジッとオレの方を見ていた。
恋
恋
恭一さん、少しお話があります
恭一さん、少しお話があります
恭一
恭一
オレにはない
オレにはない
恋
恋
私にはあります。座ってください
私にはあります。座ってください
恭一
恭一
なんだよ
なんだよ
恋
恋
……最近、様子がおかしいですが、どこに出かけているんですか？
……最近、様子がおかしいですが、どこに出かけているんですか？
恭一
恭一
別に。ドリームタウンをぶらぶらしてるだけだ
別に。ドリームタウンをぶらぶらしてるだけだ
恋
恋
本当にそうでしょうか？
本当にそうでしょうか？
恭一
恭一
疑うからには理由か根拠があるんだろうな？
疑うからには理由か根拠があるんだろうな？
恋
恋
……床に、血が落ちてました。
……床に、血が落ちてました。
あなたは、どこかで暴力を振るわれているんじゃないですか？
あなたは、どこかで暴力を振るわれているんじゃないですか？
恭一
恭一
オレの鼻血じゃないのか？
オレの鼻血じゃないのか？
恋
恋
……恭一さん。私の部屋の引き出し、開けましたね？
……恭一さん。私の部屋の引き出し、開けましたね？
恭一
恭一
覚えがないな
覚えがないな
恋
恋
僅かにですけど、日記が動いていました。間違いありません
僅かにですけど、日記が動いていました。間違いありません
恭一
恭一
……見た、としたら？
……見た、としたら？
恋
恋
勝手に日記を見たことは許せません。
勝手に日記を見たことは許せません。
でも、今はそんなことはどうだっていいです。恭一さんはどこで何をしているんですか？
でも、今はそんなことはどうだっていいです。恭一さんはどこで何をしているんですか？
恭一
恭一
別に何も
別に何も
恋
恋
ウソです……もしかして、下層地区に行ってるんじゃないんですか
ウソです……もしかして、下層地区に行ってるんじゃないんですか
恭一
恭一
行ってないな
行ってないな
恋
恋
……嘘です
……嘘です
恭一
恭一
なんでオレがそんな場所に行く必要があるんだ
なんでオレがそんな場所に行く必要があるんだ
恋
恋
それは……
それは……
恭一
恭一
正直確かに喧嘩はした。だが、それは街でチンピラを殴っただけだ
正直確かに喧嘩はした。だが、それは街でチンピラを殴っただけだ
恋
恋
それも、最低の行為です
それも、最低の行為です
恭一
恭一
だから何も言ってなかったんだ。そう言われると思ってな
だから何も言ってなかったんだ。そう言われると思ってな
恋
恋
もう暴力はやめてください
もう暴力はやめてください
恭一
恭一
暴力ってのは必要悪なんだよ
暴力ってのは必要悪なんだよ
恋
恋
どんなことを言ってもだめです。私は暴力が嫌いです
どんなことを言ってもだめです。私は暴力が嫌いです
恭一
恭一
なら最初から議論の余地はないな
なら最初から議論の余地はないな
恋
恋
……私は部屋に戻ります
……私は部屋に戻ります
恭一
恭一
そうしろ
そうしろ
さすがに一つ屋根の下で暮らしていれば、
さすがに一つ屋根の下で暮らしていれば、
相手が不自然な行動を取っていると感づかれるな。
相手が不自然な行動を取っていると感づかれるな。
あいつはオレが探りを入れていると思っているし、
あいつはオレが探りを入れていると思っているし、
オレは恋が裏で父親のことを調べていると分かっている。
オレは恋が裏で父親のことを調べていると分かっている。
…………。
…………。
……。
……。
