凛
凛
お待たせ
お待たせ
ユウキ
ユウキ
凛ちゃん！
凛ちゃん！
がばりと反応し、振り返るユウキ。
がばりと反応し、振り返るユウキ。
秀隆
秀隆
うお……
うお……
凛
凛
はいはい。感激したいのは分かるけど、あんまり騒がないでね
はいはい。感激したいのは分かるけど、あんまり騒がないでね
ユウキ
ユウキ
あ、アイドルのパーペキな、ナイスボディ……
あ、アイドルのパーペキな、ナイスボディ……
バタリ。
バタリ。
ユウキは感激のあまり力尽きたようだった。
ユウキは感激のあまり力尽きたようだった。
秀隆
秀隆
…………
…………
オレのほうも、遠巻きながら涎が出るのを必死になって堪えた。
オレのほうも、遠巻きながら涎が出るのを必死になって堪えた。
やっぱり、一緒に遊ぶなら凛とだよな……。
やっぱり、一緒に遊ぶなら凛とだよな……。
よし……。
よし……。
少し思い切って、声をかけることにした。
少し思い切って、声をかけることにした。
秀隆
秀隆
お嬢さん、お一人ですか？
お嬢さん、お一人ですか？
凛
凛
お一人で悪かったわね
お一人で悪かったわね
秀隆
秀隆
い、いや、睨むことではないだろ……
い、いや、睨むことではないだろ……
凛
凛
冗談よ。あたしが本気だしたら、洒落になんないし？
冗談よ。あたしが本気だしたら、洒落になんないし？
それは、否定できない。
それは、否定できない。
ここに水野凛が居ると知れ渡れば、
ここに水野凛が居ると知れ渡れば、
瞬く間にファンでいっぱいになるだろう。
瞬く間にファンでいっぱいになるだろう。
それに、アイドルであることを知らなかったとしても、
それに、アイドルであることを知らなかったとしても、
こんな可愛い子を、放っておくはずがないか。
こんな可愛い子を、放っておくはずがないか。
華奢な男
華奢な男
ねえねえ、君可愛いね。暇なら一緒しない？
ねえねえ、君可愛いね。暇なら一緒しない？
凛
凛
ふふん
ふふん
ほらね？　と言いたげな表情だ。
ほらね？　と言いたげな表情だ。
秀隆
秀隆
あの、自分この子の付き添いなんで
あの、自分この子の付き添いなんで
華奢な男
華奢な男
こんなオジンと居てもしょうがないっしょ
こんなオジンと居てもしょうがないっしょ
秀隆
秀隆
お、オジン！？
お、オジン！？
凛
凛
プッ
プッ
秀隆
秀隆
これでもまだ、２３なんだよっ
これでもまだ、２３なんだよっ
華奢な男
華奢な男
あ、俺１９。見たとここっちのカワイコちゃんは
あ、俺１９。見たとここっちのカワイコちゃんは
ちょっと下って感じだよね。なに、犯罪の臭いすんよ？
ちょっと下って感じだよね。なに、犯罪の臭いすんよ？
秀隆
秀隆
ぐ……
ぐ……
凛
凛
ごめんね。あたしこの人と行動するから
ごめんね。あたしこの人と行動するから
そう言い、凛はオレの手を握った。
そう言い、凛はオレの手を握った。
華奢な男
華奢な男
なんで、ねえなんで？
なんで、ねえなんで？
凛
凛
なんでって……
なんでって……
ちらりとオレを見る凛。
ちらりとオレを見る凛。
も、もしかして、凛のヤツ、オレにホの字
も、もしかして、凛のヤツ、オレにホの字
凛
凛
ちょっと問題もあるけど外見はそこそこだし？
ちょっと問題もあるけど外見はそこそこだし？
それに比べて、お兄さんはちょっと……
それに比べて、お兄さんはちょっと……
華奢な男
華奢な男
はぁ？　なにそれ、俺をディスってんの
はぁ？　なにそれ、俺をディスってんの
凛の容赦ない非難の声に、男が強烈な睨みを効かせた。
凛の容赦ない非難の声に、男が強烈な睨みを効かせた。
華奢な男
華奢な男
ちっと可愛いからって図に乗ってんじゃねえぞ
ちっと可愛いからって図に乗ってんじゃねえぞ
凛
凛
あーあー、こう言う性格の悪さよ。
あーあー、こう言う性格の悪さよ。
やっぱり顔に出たりするのかしら。ねえ？
やっぱり顔に出たりするのかしら。ねえ？
秀隆
秀隆
オレに聞くな、オレにっ！
オレに聞くな、オレにっ！
華奢な男
華奢な男
マジさ、納得いかねんだけど
マジさ、納得いかねんだけど
凛
凛
……よし、やっちゃって良いわよ
……よし、やっちゃって良いわよ
秀隆
秀隆
何をだよ……
何をだよ……
凛
凛
右ストレートで殴り飛ばすとか
右ストレートで殴り飛ばすとか
秀隆
秀隆
いやいや……オレ、公務員だし……
いやいや……オレ、公務員だし……
それに、暴力は得意じゃない。
それに、暴力は得意じゃない。
華奢な男
華奢な男
おいコラ、こっちこいや！
おいコラ、こっちこいや！
男が強引に凛の腕を掴んだ。
男が強引に凛の腕を掴んだ。
凛
凛
ちょっと！
ちょっと！
秀隆
秀隆
おい
おい
次の瞬間、自分でも驚くほど低い声が出ていた。
次の瞬間、自分でも驚くほど低い声が出ていた。
そして、凛の腕を掴む男の手首を握り締めた。
そして、凛の腕を掴む男の手首を握り締めた。
華奢な男
華奢な男
なにすんだよ、ああ？
なにすんだよ、ああ？
秀隆
秀隆
この汚い手を離せ
この汚い手を離せ
華奢な男
華奢な男
うっ！
うっ！
ギリギリと、締め上げると、男の表情が苦痛に歪んだ。
ギリギリと、締め上げると、男の表情が苦痛に歪んだ。
秀隆
秀隆
ここは皆で楽しむ場所だ。
ここは皆で楽しむ場所だ。
おまえの勝手な都合でそれを乱すなら、容赦しない
おまえの勝手な都合でそれを乱すなら、容赦しない
秀隆
秀隆
この子、オレの彼女なんだ。あまり怒らせないでくれよ
この子、オレの彼女なんだ。あまり怒らせないでくれよ
華奢な男
華奢な男
わ、わかった、わかったっつーの。だから放せよ！
わ、わかった、わかったっつーの。だから放せよ！
俺が手を放すと、警戒したのか距離をとった。
俺が手を放すと、警戒したのか距離をとった。
華奢な男
華奢な男
テメェらの顔覚えたからな！
テメェらの顔覚えたからな！
などと訳の分からない供述をして、男は去っていった。
などと訳の分からない供述をして、男は去っていった。
秀隆
秀隆
やれやれ
やれやれ
凛
凛
…………
…………
凛
凛
とうっ！
とうっ！
秀隆
秀隆
って！　なにすんだよ！
って！　なにすんだよ！
凛
凛
何となく？
何となく？
何となくでとび蹴りされたら適わん……。
何となくでとび蹴りされたら適わん……。
凛
凛
そう、あれよ。何が彼女よ
そう、あれよ。何が彼女よ
秀隆
秀隆
悪い悪い。友達って言うだけじゃ、
悪い悪い。友達って言うだけじゃ、
引き下がらない可能性があったからな
引き下がらない可能性があったからな
凛
凛
この水野凛ちゃんの彼氏を自称するなんて、１００年早いわね
この水野凛ちゃんの彼氏を自称するなんて、１００年早いわね
秀隆
秀隆
じゃあ１００年後に自称するか……
じゃあ１００年後に自称するか……
恐らく天に召されてるだろうけど。
恐らく天に召されてるだろうけど。
凛
凛
ま、仕方ないから今日くらい、彼氏面させてあげる
ま、仕方ないから今日くらい、彼氏面させてあげる
そう言い、オレの腕を掴む。
そう言い、オレの腕を掴む。
凛
凛
変な虫がきても、面倒だしね
変な虫がきても、面倒だしね
そして、ぐいっとその腕を胸元へと抱きこんだ。
そして、ぐいっとその腕を胸元へと抱きこんだ。
むにゅっ。
むにゅっ。
なんていいそうな感触が腕の先に伝わった。
なんていいそうな感触が腕の先に伝わった。
秀隆
秀隆
お、おま、胸胸！　当たってる！
お、おま、胸胸！　当たってる！
凛
凛
あははは。ちょっとくらいサービスよ
あははは。ちょっとくらいサービスよ
けらけらと笑いながら、凛はオレを引っ張って歩き出す。
けらけらと笑いながら、凛はオレを引っ張って歩き出す。
秀隆
秀隆
やめろって、おい、腕に押し付けるなっ！
やめろって、おい、腕に押し付けるなっ！
秀隆
秀隆
あぁもう、感触が、くそっ！
あぁもう、感触が、くそっ！
凛
凛
……もう押し付けてないわよ
……もう押し付けてないわよ
ぐいぐいと腕を押し付けているのはオレだった。
ぐいぐいと腕を押し付けているのはオレだった。
秀隆
秀隆
この腕は悪い子だな、全く
この腕は悪い子だな、全く
凛
凛
とか言いながら、めっちゃ嬉しそうじゃないのよ……
とか言いながら、めっちゃ嬉しそうじゃないのよ……
すすっと距離を取る凛。
すすっと距離を取る凛。
秀隆
秀隆
腕組んで歩いてもいいんだぞ？
腕組んで歩いてもいいんだぞ？
凛
凛
なんか、突然襲い掛かってくる可能性が出てきたからやめとくわ
なんか、突然襲い掛かってくる可能性が出てきたからやめとくわ
いくらオレでも、そこまで外道なことはしない。
いくらオレでも、そこまで外道なことはしない。
秀隆
秀隆
おおおお、これがプールか……
おおおお、これがプールか……
凛
凛
いやぁ久しぶりよね、プールに来るのも
いやぁ久しぶりよね、プールに来るのも
秀隆
秀隆
最後に来たのはいつなんだ？
最後に来たのはいつなんだ？
辺りを見渡しながら聞く。
辺りを見渡しながら聞く。
主に若者が客層なのか、多くの人が水の中で楽しんでいるようだった。
主に若者が客層なのか、多くの人が水の中で楽しんでいるようだった。
凛
凛
んー、２年くらい前かなぁ。有名になってからは避けてたから
んー、２年くらい前かなぁ。有名になってからは避けてたから
秀隆
秀隆
そうだよな……
そうだよな……
横に立つ凛の水着姿。
横に立つ凛の水着姿。
これが目立たないワケがない。
これが目立たないワケがない。
いかん、あまり見てると股間に色々危険信号が点る。
いかん、あまり見てると股間に色々危険信号が点る。
秀隆
秀隆
しかし
しかし
秀隆
秀隆
人間って本当に浮くんだな……
人間って本当に浮くんだな……
凛
凛
は？　何よそんな当たり前のこと
は？　何よそんな当たり前のこと
秀隆
秀隆
…………
…………
凛
凛
もしかして、泳げないとか？
もしかして、泳げないとか？
秀隆
秀隆
もしかしてっつーか、泳いだことがないからな
もしかしてっつーか、泳いだことがないからな
凛
凛
うっそ、ほんとに？
うっそ、ほんとに？
秀隆
秀隆
ホープタウンには一般人が泳ぐ施設はない。
ホープタウンには一般人が泳ぐ施設はない。
普通こんな大量の水を飲み水にしないなんて考えられないぞ
普通こんな大量の水を飲み水にしないなんて考えられないぞ
それだけ、ドリームタウンが娯楽に力を入れてる証拠なんだろうが。
それだけ、ドリームタウンが娯楽に力を入れてる証拠なんだろうが。
凛
凛
そっか、考えてみればそうかも。
そっか、考えてみればそうかも。
普段飲み水のことなんて考えたことなかったけど……
普段飲み水のことなんて考えたことなかったけど……
秀隆
秀隆
見たとこ、しっかり循環と浄化をしてるようだから、
見たとこ、しっかり循環と浄化をしてるようだから、
ちゃんとリサイクルしているようだけどな
ちゃんとリサイクルしているようだけどな
水際から駆動する装置を見て呟く。
水際から駆動する装置を見て呟く。
凛
凛
なんか業者みたいなこと言わないでよ。冷めるでしょ
なんか業者みたいなこと言わないでよ。冷めるでしょ
秀隆
秀隆
悪い悪い
悪い悪い
泳ぐ興味よりも、このプールの仕組みや予算のほうが気になる。
泳ぐ興味よりも、このプールの仕組みや予算のほうが気になる。
秀隆
秀隆
あれは？
あれは？
ひときわ歓声が上がる、坂のような装置。
ひときわ歓声が上がる、坂のような装置。
原始的だが、上から滑り落ちて水の中に飛び込むもののようだった。
原始的だが、上から滑り落ちて水の中に飛び込むもののようだった。
凛
凛
ウォータースライダーね。やってみる？
ウォータースライダーね。やってみる？
秀隆
秀隆
興味はあるけど、まずは泳ぐことからだな……
興味はあるけど、まずは泳ぐことからだな……
凛
凛
なに、泳げるようになりたいの？
なに、泳げるようになりたいの？
秀隆
秀隆
プールって泳ぐようになるための場所なんじゃないのか？
プールって泳ぐようになるための場所なんじゃないのか？
凛
凛
そんなことはないと思うけど……ま、いいんじゃない？
そんなことはないと思うけど……ま、いいんじゃない？
凛
凛
とりあえず入ってみる？
とりあえず入ってみる？
秀隆
秀隆
だな
だな
秀隆
秀隆
ぷはっ……あーダメだ。どうやって泳いだらいいのかわからん……
ぷはっ……あーダメだ。どうやって泳いだらいいのかわからん……
オレは凛に見守られながら３０分近く水面と格闘していた。
オレは凛に見守られながら３０分近く水面と格闘していた。
しかし、コツもなにも知識がないため、
しかし、コツもなにも知識がないため、
オレにはどうすることも出来ないでいた。
オレにはどうすることも出来ないでいた。
秀隆
秀隆
なあ凛、ちょっとくらいコツ教えてくれよ
なあ凛、ちょっとくらいコツ教えてくれよ
振り返る。
振り返る。
しかし、先ほどまでそこにいた凛の姿がない。
しかし、先ほどまでそこにいた凛の姿がない。
秀隆
秀隆
……どこに行ったんだよ
……どこに行ったんだよ
凛
凛
ここよここ
ここよここ
秀隆
秀隆
ん？
ん？
横から聞こえた声。
横から聞こえた声。
秀隆
秀隆
うお、なんだそれ
うお、なんだそれ
凛はマットのようなものに乗って、水の上に浮いていた。
凛はマットのようなものに乗って、水の上に浮いていた。
凛
凛
浮き輪よ浮き輪
浮き輪よ浮き輪
よく見れば周りのお客さんの中にも、
よく見れば周りのお客さんの中にも、
ところどころ凛が使用する道具に乗ってる人たちがいた。
ところどころ凛が使用する道具に乗ってる人たちがいた。
凛
凛
ちゃんとここで見てるから
ちゃんとここで見てるから
秀隆
秀隆
見てくれてるのはいいけど、コツくらい教えてくれよ
見てくれてるのはいいけど、コツくらい教えてくれよ
凛
凛
コツったって……あたしも泳げないし
コツったって……あたしも泳げないし
秀隆
秀隆
そうなのか？　学園の授業とかであるんじゃないのかよ
そうなのか？　学園の授業とかであるんじゃないのかよ
凛
凛
サボってるから
サボってるから
悪びれた様子もなく言う。
悪びれた様子もなく言う。
秀隆
秀隆
ったく、これだからアイドルは……
ったく、これだからアイドルは……
凛
凛
アイドルは別に関係ないと思うけど
アイドルは別に関係ないと思うけど
秀隆
秀隆
……しかし……
……しかし……
凛の体勢の問題もあってか、非常にすごいことになっている。
凛の体勢の問題もあってか、非常にすごいことになっている。
な、なんだあの谷間。
な、なんだあの谷間。
つか、凛の顔とかかわいすぎるし。
つか、凛の顔とかかわいすぎるし。
その顔と胸を思わず交互に比べてしまう。
その顔と胸を思わず交互に比べてしまう。
凛
凛
どこみてるのかなぁ？　秀隆くんは
どこみてるのかなぁ？　秀隆くんは
鋭い凛はすぐにそれに気づき、ニヤニヤと笑って見せた。
鋭い凛はすぐにそれに気づき、ニヤニヤと笑って見せた。
秀隆
秀隆
ど、どこって。その大きな果実に、でへへへ
ど、どこって。その大きな果実に、でへへへ
凛
凛
……堂々と認めないでよ……もう
……堂々と認めないでよ……もう
呆れながらも、凛は隠すようなしぐさは見せず、
呆れながらも、凛は隠すようなしぐさは見せず、
むしろオレをからかうように肩をすくめた。
むしろオレをからかうように肩をすくめた。
むにゅっ。
むにゅっ。
と言う音は聞こえないが、オレの脳内ではしっかりと聞こえた。
と言う音は聞こえないが、オレの脳内ではしっかりと聞こえた。
むちっとしたおっぱいが寄せられる。
むちっとしたおっぱいが寄せられる。
秀隆
秀隆
何つー破壊力だ……
何つー破壊力だ……
当然オレの息子は、その目覚めを予感させている。
当然オレの息子は、その目覚めを予感させている。
ああ、なんでなんだろう。
ああ、なんでなんだろう。
ずーっと見ていたいぞ、この顔とおっぱい。
ずーっと見ていたいぞ、この顔とおっぱい。
凛
凛
ほっといたらずっと見てるんじゃない？
ほっといたらずっと見てるんじゃない？
秀隆
秀隆
いやあ……こほんっ
いやあ……こほんっ
名残惜しかったが、仕方なく視線を外す。
名残惜しかったが、仕方なく視線を外す。
秀隆
秀隆
なんか一人で泳ごうとしてるのがバカらしくなってきた
なんか一人で泳ごうとしてるのがバカらしくなってきた
凛
凛
あたしは最初からどうかと思ってたけどね
あたしは最初からどうかと思ってたけどね
秀隆
秀隆
じゃあプールって、どうやって楽しむものなんだよ
じゃあプールって、どうやって楽しむものなんだよ
凛
凛
水に浮くのを楽しむというか、涼しげな感覚を堪能するって言うか
水に浮くのを楽しむというか、涼しげな感覚を堪能するって言うか
秀隆
秀隆
なんかアバウトそうだな
なんかアバウトそうだな
凛
凛
あたしだって頻繁に来るわけじゃないしね
あたしだって頻繁に来るわけじゃないしね
秀隆
秀隆
あのウォータースライダーはさっきから人が絶えないよな
あのウォータースライダーはさっきから人が絶えないよな
凛
凛
このプール一番の売りみたいだから。やってみる？
このプール一番の売りみたいだから。やってみる？
秀隆
秀隆
遠慮する。なんかすげぇ怖そうなんだよ
遠慮する。なんかすげぇ怖そうなんだよ
凛
凛
怖そうって、情けないわねぇ
怖そうって、情けないわねぇ
秀隆
秀隆
凛は平気なのか？　ああいう高いところとか
凛は平気なのか？　ああいう高いところとか
凛
凛
特に抵抗はないかなぁ
特に抵抗はないかなぁ
うーむ、女の子って意外に強いぞ。
うーむ、女の子って意外に強いぞ。
秀隆
秀隆
……ごくり
……ごくり
何気なく話しながらも、凛のおっぱいに目がいくオレ。
何気なく話しながらも、凛のおっぱいに目がいくオレ。
凛
凛
まぁ～たみてる
まぁ～たみてる
秀隆
秀隆
そ、そんなすぐ気づくもんなのか
そ、そんなすぐ気づくもんなのか
凛
凛
だって秀隆相手だと警戒してるし？
だって秀隆相手だと警戒してるし？
秀隆
秀隆
警戒って……
警戒って……
凛
凛
ここ見て、何を想像してるのかなぁ？
ここ見て、何を想像してるのかなぁ？
再び、そして今度はより激しくおっぱいを寄せる凛。
再び、そして今度はより激しくおっぱいを寄せる凛。
秀隆
秀隆
…………
…………
さ、触りたい。
さ、触りたい。
凛
凛
……なんか、怖い気配感じた
……なんか、怖い気配感じた
オレのやましい気持ちを察知したのか、凛が寄せるのをやめる。
オレのやましい気持ちを察知したのか、凛が寄せるのをやめる。
秀隆
秀隆
失礼な。いくらオレがおっぱい星人とは言え、節操くらいはわきまえてる
失礼な。いくらオレがおっぱい星人とは言え、節操くらいはわきまえてる
凛
凛
全然わきまえてる様に見えない
全然わきまえてる様に見えない
そう言い、凛は呆れながら水面を指さした。
そう言い、凛は呆れながら水面を指さした。
オレはその視線に従い、自分の股間らへんを見る。
オレはその視線に従い、自分の股間らへんを見る。
秀隆
秀隆
げ！？
げ！？
もっこりと膨れ上がってしまっていた股間。
もっこりと膨れ上がってしまっていた股間。
凛
凛
これのどこが節操わきまえてんの。危険者でしょ
これのどこが節操わきまえてんの。危険者でしょ
秀隆
秀隆
ははは……これは、違うんだよ
ははは……これは、違うんだよ
オレは前かがみになりながら、そこを隠す。
オレは前かがみになりながら、そこを隠す。
凛
凛
ったく
ったく
秀隆
秀隆
さぁて、泳ぐ練習でも再開しようかなっと……
さぁて、泳ぐ練習でも再開しようかなっと……
オレは凛の冷たい視線を浴びながら、泳ぐことを再開するのだった。
オレは凛の冷たい視線を浴びながら、泳ぐことを再開するのだった。
