キズナ
キズナ
おはようございます
おはようございます
秀隆
秀隆
え？　あ、おう。おはようさん
え？　あ、おう。おはようさん
キズナ
キズナ
どうかしましたか？
どうかしましたか？
秀隆
秀隆
いや、何でもないよ
いや、何でもないよ
アクセラと秋以外の誰かと、
アクセラと秋以外の誰かと、
こうして朝家で話をする機会なんて、しばらくなかったからな。
こうして朝家で話をする機会なんて、しばらくなかったからな。
ちょっと面食らってしまった。
ちょっと面食らってしまった。
まだ慣れるのには時間がかかりそうだ。
まだ慣れるのには時間がかかりそうだ。
秀隆
秀隆
よく眠れたか？
よく眠れたか？
キズナ
キズナ
はい
はい
にっこりと笑う。
にっこりと笑う。
秀隆
秀隆
もっとゆっくり寝てても良かったんだぞ？
もっとゆっくり寝てても良かったんだぞ？
キズナ
キズナ
居候になる身ですから。
居候になる身ですから。
朝食のお手伝いでもしようと思ったんですけど
朝食のお手伝いでもしようと思ったんですけど
ちょっと困ったように、台所を見る。
ちょっと困ったように、台所を見る。
アクセラ
アクセラ
キズナ様は大切なお客様です。座ってお待ちください
キズナ様は大切なお客様です。座ってお待ちください
キズナ
キズナ
と言う感じで、お手伝いさせてもらえなくて
と言う感じで、お手伝いさせてもらえなくて
秀隆
秀隆
家事は基本的にアクセラの仕事だからな。
家事は基本的にアクセラの仕事だからな。
別にキズナは気にせず堂々としてていいんだぞ？
別にキズナは気にせず堂々としてていいんだぞ？
キズナ
キズナ
ですが、少しはお役に立ちたいです。
ですが、少しはお役に立ちたいです。
何かお手伝いさせていただけませんか？
何かお手伝いさせていただけませんか？
掃除でも何でも構いません
掃除でも何でも構いません
秀隆
秀隆
そうだな……
そうだな……
キズナの気持ちも分からないではない。
キズナの気持ちも分からないではない。
気を使うなと言っても、使ってしまうのが人ってもんだ。
気を使うなと言っても、使ってしまうのが人ってもんだ。
秀隆
秀隆
アクセラ
アクセラ
アクセラ
アクセラ
はい。何でしょう？
はい。何でしょう？
秀隆
秀隆
キズナのヤツに、何か仕事をあげてくれないか？
キズナのヤツに、何か仕事をあげてくれないか？
しかし―――と、アクセラが拒否する姿勢を見せたので、
しかし―――と、アクセラが拒否する姿勢を見せたので、
オレはすぐさま一言付け足した。
オレはすぐさま一言付け足した。
秀隆
秀隆
先日おまえは、キズナは『家族』だって言っただろ？
先日おまえは、キズナは『家族』だって言っただろ？
それに対して今お前は客人扱いをしている。それはキズナに失礼だろう
それに対して今お前は客人扱いをしている。それはキズナに失礼だろう
もちろん、アクセラはキズナへの負担を避けての発言だったが、
もちろん、アクセラはキズナへの負担を避けての発言だったが、
オレはそこを利用して突っ込ませてもらうことにした。
オレはそこを利用して突っ込ませてもらうことにした。
秀隆
秀隆
最初は軽い掃除とかでいいからさ。頼むよ
最初は軽い掃除とかでいいからさ。頼むよ
アクセラ
アクセラ
畏まりました。そうしましたら、
畏まりました。そうしましたら、
後ほど掃除のお手伝いをお願いします
後ほど掃除のお手伝いをお願いします
アクセラもオレの真意と意図に気づき、そう答える。
アクセラもオレの真意と意図に気づき、そう答える。
キズナ
キズナ
ありがとうございますっ
ありがとうございますっ
秀隆
秀隆
１人増えるだけで、賑やかに感じるもんだな
１人増えるだけで、賑やかに感じるもんだな
アクセラ
アクセラ
そうですね。とても良いと思います
そうですね。とても良いと思います
秋
秋
…………
…………
秋は、いつもにも増して口数少なく、食事を進めていた。
秋は、いつもにも増して口数少なく、食事を進めていた。
秀隆
秀隆
オレが居ない間は、今日もキズナのことを頼むぞ。
オレが居ない間は、今日もキズナのことを頼むぞ。
キズナはまだ、この世界には不慣れなことばかりだから
キズナはまだ、この世界には不慣れなことばかりだから
アクセラ
アクセラ
心得ております
心得ております
キズナ
キズナ
心配ないです。私、結構しっかりしてますから
心配ないです。私、結構しっかりしてますから
秀隆
秀隆
自分で言うな自分で
自分で言うな自分で
とは言え、実際歳以上にしっかりしてる印象は強い。
とは言え、実際歳以上にしっかりしてる印象は強い。
多少のことでは動じなさそうな精神力や、思考の持ち主。
多少のことでは動じなさそうな精神力や、思考の持ち主。
まだ出会ったばかりだけど、そんな印象を受ける。
まだ出会ったばかりだけど、そんな印象を受ける。
それに、動作の１つ１つが非常にスムーズだ。
それに、動作の１つ１つが非常にスムーズだ。
恐らく運動神経は悪くないだろう。
恐らく運動神経は悪くないだろう。
キズナ
キズナ
何か私の顔についてますか？
何か私の顔についてますか？
秀隆
秀隆
いや……
いや……
そして、こちらの観察にすぐ気付く洞察力。
そして、こちらの観察にすぐ気付く洞察力。
この子は昔、どんな生活を送っていたのだろうか。
この子は昔、どんな生活を送っていたのだろうか。
秋や愛佳のように、ごくごく普通の学生だったのか。
秋や愛佳のように、ごくごく普通の学生だったのか。
それを考えたところで、答えが出ることはないんだが。
それを考えたところで、答えが出ることはないんだが。
秋
秋
今日は少し遅くなります
今日は少し遅くなります
アクセラ
アクセラ
何かご予定が？
何かご予定が？
秋
秋
ちょっと、友達と遊んでくるから
ちょっと、友達と遊んでくるから
アクセラ
アクセラ
畏まりました
畏まりました
そんなやり取りを聞きながら、オレは食事を進めた。
そんなやり取りを聞きながら、オレは食事を進めた。
昼過ぎ、オレはテレビスタジオを訪れていた。
昼過ぎ、オレはテレビスタジオを訪れていた。
バタバタと慌しく、テレビスタッフが働いている。
バタバタと慌しく、テレビスタッフが働いている。
凛は、近くのパイプ椅子で休んでいるようだった。
凛は、近くのパイプ椅子で休んでいるようだった。
オレは邪魔しないよう、少し遠くからその様子を見守っている。
オレは邪魔しないよう、少し遠くからその様子を見守っている。
大事なのは、オレが凛に会うために頻繁に訪れていることを、
大事なのは、オレが凛に会うために頻繁に訪れていることを、
ストーカーに感じさせることにある。
ストーカーに感じさせることにある。
こちらから炙り出すしかない以上、リスクを被るしか道はない。
こちらから炙り出すしかない以上、リスクを被るしか道はない。
金本
金本
凛ちゃぁん、今日もよろしくねぇ
凛ちゃぁん、今日もよろしくねぇ
凛
凛
おはようございます。よろしくお願いしますっ
おはようございます。よろしくお願いしますっ
凛の元に、共演者の金本さんがやってきた。
凛の元に、共演者の金本さんがやってきた。
金本
金本
相変わらず可愛いねぇ
相変わらず可愛いねぇ
凛
凛
あはは、ありがとうございます
あはは、ありがとうございます
金本
金本
くんくん。うん、いい匂いだ
くんくん。うん、いい匂いだ
凛
凛
や、やだぁ金本さんたら
や、やだぁ金本さんたら
金本さんはニヤニヤしながら、
金本さんはニヤニヤしながら、
凛の髪に触れ、その匂いを堂々と嗅ぐ。
凛の髪に触れ、その匂いを堂々と嗅ぐ。
常識では考えられない行動だが、
常識では考えられない行動だが、
元々汚れ、セクハラを売りとする彼にとって、
元々汚れ、セクハラを売りとする彼にとって、
それは何気ない日常行為のひとつなんだろう。
それは何気ない日常行為のひとつなんだろう。
凛は笑顔を崩していないが、当然困っているはずだ。
凛は笑顔を崩していないが、当然困っているはずだ。
オレは凛のもとへと足を進めた。
オレは凛のもとへと足を進めた。
秀隆
秀隆
おはようございます、金本さん
おはようございます、金本さん
金本
金本
……あ？　またあんたか
……あ？　またあんたか
凛に向ける笑顔とは一変し、冷めたものを見る目になった。
凛に向ける笑顔とは一変し、冷めたものを見る目になった。
金本
金本
マネージャーでもないのに、凛ちゃんについて回って……
マネージャーでもないのに、凛ちゃんについて回って……
金本
金本
ひょっとして、彼氏とかじゃないだろうなあ？
ひょっとして、彼氏とかじゃないだろうなあ？
凛
凛
やだ金本さん。そんなわけないじゃないですか
やだ金本さん。そんなわけないじゃないですか
金本
金本
ま、だろうな。こんな冴えない男に、あるわけないよな
ま、だろうな。こんな冴えない男に、あるわけないよな
凛
凛
ですです
ですです
秀隆
秀隆
は、はは……
は、はは……
双方からの手厳しい意見が耳に痛い。
双方からの手厳しい意見が耳に痛い。
金本
金本
今日収録が終わったら、ご飯でもどうだい？　辛い物食べようよ
今日収録が終わったら、ご飯でもどうだい？　辛い物食べようよ
凛
凛
ごめんなさい。プライベートで食事に行くことは事務所に禁止されてまして
ごめんなさい。プライベートで食事に行くことは事務所に禁止されてまして
金本
金本
事務所ってハーツでしょ？
事務所ってハーツでしょ？
あそこの社長にはコネが利くから大丈夫大丈夫
あそこの社長にはコネが利くから大丈夫大丈夫
凛
凛
うぅ～ん、でも……
うぅ～ん、でも……
金本
金本
じゃあ許可取ったら、食事行ってくれるよね？
じゃあ許可取ったら、食事行ってくれるよね？
凛
凛
は、はい。許可が下りたら。よろこんで
は、はい。許可が下りたら。よろこんで
金本
金本
約束ね
約束ね
ねっとりと舐めまわす視線を送った後、
ねっとりと舐めまわす視線を送った後、
金本さんは奥へと消えていった。
金本さんは奥へと消えていった。
凛
凛
あーもー、最ッ低、あのクソ芸人
あーもー、最ッ低、あのクソ芸人
秀隆
秀隆
露骨だな……
露骨だな……
凛
凛
えんがちょ
えんがちょ
秀隆
秀隆
はは……って、こらこら、オレの服で拭くんじゃない！
はは……って、こらこら、オレの服で拭くんじゃない！
凛
凛
頼りにしてるって証拠よ
頼りにしてるって証拠よ
秀隆
秀隆
そんなお手拭みたいな頼られ方嬉しくないぞ……
そんなお手拭みたいな頼られ方嬉しくないぞ……
凛
凛
それじゃ、そろそろ本番だから
それじゃ、そろそろ本番だから
秀隆
秀隆
おう。頑張って来い
おう。頑張って来い
凛を見送り、いったん収録現場を後にする。
凛を見送り、いったん収録現場を後にする。
秀隆
秀隆
金本さんか
金本さんか
今のところ、オレが見た限り
今のところ、オレが見た限り
もっとも凛に好意を抱いている芸能関係者だ。
もっとも凛に好意を抱いている芸能関係者だ。
でも、彼のような大物がストーカー行為をするだろうか。
でも、彼のような大物がストーカー行為をするだろうか。
仮に凛を狙っているとしても、
仮に凛を狙っているとしても、
彼の性格上もっとストレートに行動を起こすはず。
彼の性格上もっとストレートに行動を起こすはず。
秀隆
秀隆
疑うにしろ疑われるにしろ、気持ちのいいものじゃないよな
疑うにしろ疑われるにしろ、気持ちのいいものじゃないよな
その後、オレはいったん官邸へと戻ることにした。
その後、オレはいったん官邸へと戻ることにした。
磯部
磯部
ほらよ
ほらよ
ぱさりと、目の前に資料が落とされた。
ぱさりと、目の前に資料が落とされた。
磯部
磯部
おまえの望み通り、芸能人の出入りを調べてやった。
おまえの望み通り、芸能人の出入りを調べてやった。
これでいいだろ
これでいいだろ
秀隆
秀隆
ありがとうございます！
ありがとうございます！
磯部
磯部
ふん……
ふん……
秀隆
秀隆
いやぁ、さすがに仕事が早いですね
いやぁ、さすがに仕事が早いですね
磯部
磯部
うるせぇ。おまえは自分の仕事をしろ
うるせぇ。おまえは自分の仕事をしろ
秀隆
秀隆
はいっ
はいっ
磯部くんに調べてもらった、凛と関わった人間のリストだ。
磯部くんに調べてもらった、凛と関わった人間のリストだ。
磯部
磯部
しかし、本当に芸能人が犯人なのか？
しかし、本当に芸能人が犯人なのか？
ストーカーなんてのは、普通一般のファンがするものだろ
ストーカーなんてのは、普通一般のファンがするものだろ
秀隆
秀隆
０とは言えませんが、一般人の可能性は低いと思います
０とは言えませんが、一般人の可能性は低いと思います
秀隆
秀隆
凛はドリームタウンだけでなく、
凛はドリームタウンだけでなく、
ホープタウンでもストーカーの被害にあってるんです
ホープタウンでもストーカーの被害にあってるんです
厳密には視線を感じるだけみたいだが、
厳密には視線を感じるだけみたいだが、
オレはそれも被害のようなものとして受け止めている。
オレはそれも被害のようなものとして受け止めている。
実際、そういう視線の類というのは
実際、そういう視線の類というのは
感覚通りだったりするものなのだ。
感覚通りだったりするものなのだ。
磯部
磯部
凛、だと？
凛、だと？
思わず呼び捨てが出てしまい、慌てて口を閉じる。
思わず呼び捨てが出てしまい、慌てて口を閉じる。
秀隆
秀隆
あぁいえ、えと、水野さん
あぁいえ、えと、水野さん
磯部
磯部
……なるほどな。一般人には容易に街を行き来できない、か
……なるほどな。一般人には容易に街を行き来できない、か
秀隆
秀隆
はい。芸能人であれば、日々多数の人間が街を往復しています
はい。芸能人であれば、日々多数の人間が街を往復しています
秀隆
秀隆
水野さんのスケジュールを把握するのも容易いですし、
水野さんのスケジュールを把握するのも容易いですし、
可能性としてはもっとも高いかと
可能性としてはもっとも高いかと
磯部
磯部
ちょっとは考えてるようだな
ちょっとは考えてるようだな
磯部
磯部
なら、ステーションの記録を当たってみるか。
なら、ステーションの記録を当たってみるか。
更に絞ることも出来るかも知れないぜ
更に絞ることも出来るかも知れないぜ
秀隆
秀隆
あ、それならここに。先日からチェックしていました
あ、それならここに。先日からチェックしていました
特務官はステーションの通過記録を全て把握している。
特務官はステーションの通過記録を全て把握している。
調べたらすぐにリストを読み出すことが出来た。
調べたらすぐにリストを読み出すことが出来た。
磯部
磯部
……ふん
……ふん
なんでか分からないけど、睨まれた。
なんでか分からないけど、睨まれた。
磯部くんはリストを手に持ち、名簿を調べ始める。
磯部くんはリストを手に持ち、名簿を調べ始める。
秀隆
秀隆
水野さんがホープタウンによく出入りするようになったのが、
水野さんがホープタウンによく出入りするようになったのが、
１ヶ月ほど前からですから、１ヶ月遡ってみたんです
１ヶ月ほど前からですから、１ヶ月遡ってみたんです
磯部
磯部
それだけでもこんなにいるのか
それだけでもこんなにいるのか
リストに載ってる人数は１５１５人と多いが、
リストに載ってる人数は１５１５人と多いが、
同一人物だけに絞り込めば４２６人まで絞り込まれる。
同一人物だけに絞り込めば４２６人まで絞り込まれる。
更に、そこから芸能関係者に絞り込むと、８３人にまで絞られた。
更に、そこから芸能関係者に絞り込むと、８３人にまで絞られた。
その芸能人リストを、
その芸能人リストを、
磯部くん自身が作ったリストと照らし合わせる。
磯部くん自身が作ったリストと照らし合わせる。
幾ら街と街を行き来してると行っても、
幾ら街と街を行き来してると行っても、
凛と会える人間は非常に少なかった。
凛と会える人間は非常に少なかった。
磯部
磯部
思ったとおり本命はコイツだ
思ったとおり本命はコイツだ
磯部くんがリストにある１つの名前を指す。
磯部くんがリストにある１つの名前を指す。
……金本さんだ。
……金本さんだ。
磯部
磯部
こいつは、女性問題でマスコミに取り上げられた回数も多い
こいつは、女性問題でマスコミに取り上げられた回数も多い
磯部
磯部
過去１度結婚してるが、ＤＶで２年後に離婚している
過去１度結婚してるが、ＤＶで２年後に離婚している
秀隆
秀隆
可能性としてはありえるってことですね……
可能性としてはありえるってことですね……
磯部
磯部
今やってる共演番組を見てるが、正直言って胸糞悪いぜ。
今やってる共演番組を見てるが、正直言って胸糞悪いぜ。
放送禁止スレスレの暴力発言、セクハラ。何でもあり状態だ
放送禁止スレスレの暴力発言、セクハラ。何でもあり状態だ
秀隆
秀隆
でも、今はそれがお茶の間に受けています
でも、今はそれがお茶の間に受けています
磯部
磯部
世の中わかんねえもんだな
世の中わかんねえもんだな
秀隆
秀隆
水野さんも同じようなことを言っていました。
水野さんも同じようなことを言っていました。
確かにお茶の間でたくさん見る割には、
確かにお茶の間でたくさん見る割には、
好きな人がいないんですよね
好きな人がいないんですよね
秀隆
秀隆
しかし、彼のような大物芸人がそのようなことをするでしょうか？
しかし、彼のような大物芸人がそのようなことをするでしょうか？
磯部
磯部
あまいな。金本は昔、ストーカー行為で訴えられたことがある
あまいな。金本は昔、ストーカー行為で訴えられたことがある
秀隆
秀隆
そ、そうなんですか？
そ、そうなんですか？
それは初耳だった。
それは初耳だった。
さすがに芸能関係に詳しいだけはある。
さすがに芸能関係に詳しいだけはある。
磯部
磯部
だが、ちょうど売れてきてる時期だったからな、
だが、ちょうど売れてきてる時期だったからな、
早々に上から圧力がかかったのか、大きく取り上げられることはなかった
早々に上から圧力がかかったのか、大きく取り上げられることはなかった
秀隆
秀隆
なるほど……前科者ですか……
なるほど……前科者ですか……
磯部
磯部
水野凛と共演してる影響か、ダイヤもかなり重なってる。
水野凛と共演してる影響か、ダイヤもかなり重なってる。
これならホープやドリームでストーカー行為だって出来るだろう
これならホープやドリームでストーカー行為だって出来るだろう
秀隆
秀隆
あ……
あ……
リストの中に、見覚えのある名前がまだあった。
リストの中に、見覚えのある名前がまだあった。
秀隆
秀隆
確かこの橋本って
確かこの橋本って
磯部
磯部
今水野凛が出てる番組の監督だ
今水野凛が出てる番組の監督だ
あの人も、よくドリームタウンに足を運んでいるのか。
あの人も、よくドリームタウンに足を運んでいるのか。
そして、霧島さんの名前もあった。
そして、霧島さんの名前もあった。
脚本家の彼も、その橋本さんについてドリームタウンへ行き来している。
脚本家の彼も、その橋本さんについてドリームタウンへ行き来している。
この辺りは一応、注意しておいた方がいいかもしれない。
この辺りは一応、注意しておいた方がいいかもしれない。
もちろん、その他大勢の芸能人や、
もちろん、その他大勢の芸能人や、
その関係者も街を行き来している。
その関係者も街を行き来している。
その数は特務官たちよりも遥かに多い。
その数は特務官たちよりも遥かに多い。
まどか
まどか
２人とも、ここにいたのね
２人とも、ここにいたのね
資料に目を通していると、会議室の扉が開き、まどかがやってきた。
資料に目を通していると、会議室の扉が開き、まどかがやってきた。
まどか
まどか
ドリームタウン側が発注しようとしてる
ドリームタウン側が発注しようとしてる
飲料メーカーの詳細確認が取れたわ
飲料メーカーの詳細確認が取れたわ
秀隆
秀隆
見せてくれ
見せてくれ
まどか
まどか
今回の彼女への依頼料は、およそ８００万円。
今回の彼女への依頼料は、およそ８００万円。
それから次回のＣＭの確約も取り付けようとしているみたい
それから次回のＣＭの確約も取り付けようとしているみたい
資料にあるメーカーの名前は、何度か聞いたことがある。
資料にあるメーカーの名前は、何度か聞いたことがある。
磯部
磯部
話としちゃ、十分美味しいわけだな
話としちゃ、十分美味しいわけだな
まどか
まどか
お金と言うよりは、繋がりを大事にするでしょうけどね
お金と言うよりは、繋がりを大事にするでしょうけどね
秀隆
秀隆
だな……
だな……
金銭面ではこちらが有利だ。
金銭面ではこちらが有利だ。
でも、もはや金額など彼女との契約に何ら効力を持たないだろう。
でも、もはや金額など彼女との契約に何ら効力を持たないだろう。
凛にとってみれば、嫌いなアンドロイドと無理に仕事するより、
凛にとってみれば、嫌いなアンドロイドと無理に仕事するより、
昔からお世話になってるメーカーと仲良くしておくに、越したことは無いわけだ。
昔からお世話になってるメーカーと仲良くしておくに、越したことは無いわけだ。
まどか
まどか
それで、そっちの方はどうなの？　進展具合
それで、そっちの方はどうなの？　進展具合
磯部
磯部
いや、そのだな……
いや、そのだな……
磯部くんが歯切れ悪く口を開く。
磯部くんが歯切れ悪く口を開く。
オレはすかさず、間に割って入るようにまどかへと話しかけた。
オレはすかさず、間に割って入るようにまどかへと話しかけた。
秀隆
秀隆
今のところ取り付く島がないって感じだな。手がかりなしだ
今のところ取り付く島がないって感じだな。手がかりなしだ
まどか
まどか
そう。やっぱり彼女はガードが固いのね
そう。やっぱり彼女はガードが固いのね
秀隆
秀隆
最初の印象が悪かったってのも、ちょっと尾を引いてる
最初の印象が悪かったってのも、ちょっと尾を引いてる
秀隆
秀隆
だが何とか粘ってみるさ。そう言うのは得意だからな
だが何とか粘ってみるさ。そう言うのは得意だからな
まどか
まどか
磯部くんの方はなにをしてるの？
磯部くんの方はなにをしてるの？
秀隆
秀隆
彼女の詳細なプロフィールを集めてもらってる。
彼女の詳細なプロフィールを集めてもらってる。
少しでも彼女のことを把握して、近づけるように手伝ってもらってるよ
少しでも彼女のことを把握して、近づけるように手伝ってもらってるよ
まどか
まどか
なるほど。それくらいしかできることはないものね
なるほど。それくらいしかできることはないものね
まどか
まどか
じゃあ、私は引き続き飲料メーカーの方に探りを入れるわね
じゃあ、私は引き続き飲料メーカーの方に探りを入れるわね
秀隆
秀隆
頼む
頼む
まどかが出て行ったあと、磯部くんは呆れたようにオレを見ていた。
まどかが出て行ったあと、磯部くんは呆れたようにオレを見ていた。
磯部
磯部
おまえ……随分とペラペラ嘘が出てくるもんだな
おまえ……随分とペラペラ嘘が出てくるもんだな
秀隆
秀隆
そうですか？　まぁ、必要なことですし
そうですか？　まぁ、必要なことですし
磯部
磯部
とても、嘘をついてる人間の態度じゃねえな
とても、嘘をついてる人間の態度じゃねえな
秀隆
秀隆
オレなんてまだまだです
オレなんてまだまだです
世の中には、もっともっと嘘が得意な人間は多い。
世の中には、もっともっと嘘が得意な人間は多い。
seキーボードを叩く音 (1
seキーボードを叩く音 (1
それからオレは、定時まで事務仕事を行うことにした。
それからオレは、定時まで事務仕事を行うことにした。
幾らプロジェクトを任されたと言っても、オレは新入りなのだ。
幾らプロジェクトを任されたと言っても、オレは新入りなのだ。
率先してやるべきことは山のようにある。
率先してやるべきことは山のようにある。
それに、こう言う仕事も着実にオレの力となってくれる。
それに、こう言う仕事も着実にオレの力となってくれる。
なら喜んで働かせてもらう。
なら喜んで働かせてもらう。
秀隆
秀隆
これ、終わりました
これ、終わりました
オレは書類の確認作業を頼まれていた特務官に、データを渡す。
オレは書類の確認作業を頼まれていた特務官に、データを渡す。
助特務官女性
助特務官女性
……早かったわね。確認ミスは無い？　きちんと見直しした？
……早かったわね。確認ミスは無い？　きちんと見直しした？
秀隆
秀隆
はい。ありません、大丈夫です
はい。ありません、大丈夫です
助特務官女性
助特務官女性
そ、そう
そ、そう
秀隆
秀隆
ただ念のため確認はされた方が良いと思います
ただ念のため確認はされた方が良いと思います
助特務官女性
助特務官女性
そうするわ……ありがとう
そうするわ……ありがとう
秀隆
秀隆
では、今日はこれで失礼します。
では、今日はこれで失礼します。
また何か仕事がありましたら、いつでもお願いします
また何か仕事がありましたら、いつでもお願いします
助特務官女性
助特務官女性
ええ……
ええ……
秀隆
秀隆
失礼します！　お疲れ様です！
失礼します！　お疲れ様です！
特務官男性
特務官男性
お、お疲れ様
お、お疲れ様
通り過ぎる際、同室の特務官に頭を下げる。
通り過ぎる際、同室の特務官に頭を下げる。
そして、そのまま外へ。
そして、そのまま外へ。
秀隆
秀隆
丁度良い時間だな
丁度良い時間だな
オレはそのまま、収録スタジオへ向かうことに。
オレはそのまま、収録スタジオへ向かうことに。
スタジオ内に入ると、
スタジオ内に入ると、
明らかにオレへと視線を向ける人間が増えていた。
明らかにオレへと視線を向ける人間が増えていた。
恐らく、局内では憶測が飛び交い始めている頃だろう。
恐らく、局内では憶測が飛び交い始めている頃だろう。
オレが露骨に、水野凛を狙っている、と。
オレが露骨に、水野凛を狙っている、と。
坪倉
坪倉
し、島津さんっ
し、島津さんっ
その話を聞きつけたのか、焦ったような坪倉マネージャーが現れる。
その話を聞きつけたのか、焦ったような坪倉マネージャーが現れる。
坪倉
坪倉
あの、今日はどんなご用件で？
あの、今日はどんなご用件で？
昼過ぎにも一度来られていたとか……
昼過ぎにも一度来られていたとか……
それでも、ストレートに言わないのは、
それでも、ストレートに言わないのは、
この人の元々の腰の低さのせいだろうか。
この人の元々の腰の低さのせいだろうか。
秀隆
秀隆
凛に会いに来ました
凛に会いに来ました
そう言った瞬間、坪倉マネージャーは、
そう言った瞬間、坪倉マネージャーは、
あちゃーと露骨に頭を抱え込んだ。
あちゃーと露骨に頭を抱え込んだ。
坪倉
坪倉
正直申し上げて、かなり困るのですが……
正直申し上げて、かなり困るのですが……
その、局内では、あなたが凛を狙っているという噂が立ってまして
その、局内では、あなたが凛を狙っているという噂が立ってまして
坪倉
坪倉
もちろんお仕事で来られていることは承知しています。
もちろんお仕事で来られていることは承知しています。
ですが、少し控えていただけないでしょうか？
ですが、少し控えていただけないでしょうか？
秀隆
秀隆
スキャンダルにはならないよう、外では配慮するつもりです。
スキャンダルにはならないよう、外では配慮するつもりです。
局内はＮＤＡに守られていると思いますし
局内はＮＤＡに守られていると思いますし
坪倉
坪倉
も、もちろんそうです。ですが、それでも
も、もちろんそうです。ですが、それでも
噂に戸を付けられないのが芸能界と言うところでして……
噂に戸を付けられないのが芸能界と言うところでして……
秀隆
秀隆
お気持ちは理解しています。
お気持ちは理解しています。
私も凛に拒否されれば、押しかけることは出来ません
私も凛に拒否されれば、押しかけることは出来ません
秀隆
秀隆
きちんと彼女の了承を得た上で、
きちんと彼女の了承を得た上で、
ここに足を運んでいるつもりです
ここに足を運んでいるつもりです
坪倉
坪倉
凛が……？
凛が……？
秀隆
秀隆
噂をすればなんとやら、ですね
噂をすればなんとやら、ですね
凛
凛
また来たんだ。凝りもせずに
また来たんだ。凝りもせずに
秀隆
秀隆
嫌じゃないだろ？
嫌じゃないだろ？
凛
凛
嬉しくもないけどね。今日も交渉を試みたいってわけね
嬉しくもないけどね。今日も交渉を試みたいってわけね
秀隆
秀隆
そう言うこと
そう言うこと
凛
凛
まったく、こんなしつこい交渉相手初めてよ
まったく、こんなしつこい交渉相手初めてよ
坪倉
坪倉
あのね凛、そう言う時は素直に断ってもいいんだよ？
あのね凛、そう言う時は素直に断ってもいいんだよ？
坪倉
坪倉
ほら、例の飲料メーカーさんのこともあるし
ほら、例の飲料メーカーさんのこともあるし
凛
凛
まぁそうなんだけどね。でもなんか、断りきれないのよねえ
まぁそうなんだけどね。でもなんか、断りきれないのよねえ
坪倉
坪倉
なんなら、僕の方から正式にお断りを入れても
なんなら、僕の方から正式にお断りを入れても
凛
凛
ううん、もうちょっとあたしの方で考えてみる
ううん、もうちょっとあたしの方で考えてみる
坪倉
坪倉
考えてみる、って、この仕事はアンドロイド……
考えてみる、って、この仕事はアンドロイド……
凛
凛
そんなことは分かってる。
そんなことは分かってる。
でも、いつかは越えなきゃならないことじゃない？
でも、いつかは越えなきゃならないことじゃない？
坪倉マネージャーは面食らったように、ポカンと立ち尽くした。
坪倉マネージャーは面食らったように、ポカンと立ち尽くした。
凛
凛
じゃあ帰りながらでいいわよね？　それじゃあね、坪っち
じゃあ帰りながらでいいわよね？　それじゃあね、坪っち
秀隆
秀隆
ああ。もちろん。でもいいのか？
ああ。もちろん。でもいいのか？
凛
凛
いいのいいの
いいのいいの
背中を押されるようにして、オレたちはスタジオを出た。
背中を押されるようにして、オレたちはスタジオを出た。
秀隆
秀隆
いやあしかし、さっきの凛は格好良かったな。
いやあしかし、さっきの凛は格好良かったな。
坪倉マネージャーも、凄く驚いた顔をしてたし
坪倉マネージャーも、凄く驚いた顔をしてたし
凛
凛
なにが
なにが
秀隆
秀隆
なにがって、いつかは越えなきゃならない、って下りだよ
なにがって、いつかは越えなきゃならない、って下りだよ
凛
凛
あんなの嘘に決まってるでしょ。
あんなの嘘に決まってるでしょ。
あたしがアンドロイドに好意的になるなんてないない
あたしがアンドロイドに好意的になるなんてないない
秀隆
秀隆
さっきのは演技だったのか……
さっきのは演技だったのか……
凛
凛
当たり前よ。ＣＭ出てもらえると思ったら大間違い
当たり前よ。ＣＭ出てもらえると思ったら大間違い
秀隆
秀隆
ちょっと期待したオレが間違いでした
ちょっと期待したオレが間違いでした
凛
凛
あんたがあたしに可能性を貰うには、
あんたがあたしに可能性を貰うには、
ちゃちゃっとストーカーを捕まえるしかないってことね
ちゃちゃっとストーカーを捕まえるしかないってことね
ちゃちゃっとねぇ。
ちゃちゃっとねぇ。
て言うか、いつの間にストーカーを捕まえることに……。
て言うか、いつの間にストーカーを捕まえることに……。
まぁ、似たようなものか。
まぁ、似たようなものか。
秀隆
秀隆
全力で調べてるところだ
全力で調べてるところだ
凛
凛
ほんとにぃ？
ほんとにぃ？
秀隆
秀隆
本当だって
本当だって
凛
凛
なら、その証明としてあたしに何か奢りなさいッ
なら、その証明としてあたしに何か奢りなさいッ
秀隆
秀隆
全然意味がわからないぞ、それ……
全然意味がわからないぞ、それ……
凛
凛
いいからいいから。社会人でしょ
いいからいいから。社会人でしょ
秀隆
秀隆
いいからって、おいおい……。別に奢ってはやるけどさ
いいからって、おいおい……。別に奢ってはやるけどさ
凛
凛
特務官って給料多いって話だし
特務官って給料多いって話だし
秀隆
秀隆
多いつってもな……そりゃ、まぁ、多いけど
多いつってもな……そりゃ、まぁ、多いけど
凛
凛
やっぱり。幾らくらい貰ってんのよ？
やっぱり。幾らくらい貰ってんのよ？
秀隆
秀隆
それは秘密だ
それは秘密だ
凛
凛
ケチってないで教えなさいって
ケチってないで教えなさいって
割と強い蹴りを入れられる。
割と強い蹴りを入れられる。
秀隆
秀隆
ってて……暴力的だな。おおっぴらに言うなよ？
ってて……暴力的だな。おおっぴらに言うなよ？
凛
凛
言わない言わない
言わない言わない
オレは凛の耳元に、ごにょごにょっと囁いた。
オレは凛の耳元に、ごにょごにょっと囁いた。
凛
凛
よ、よんっ！？
よ、よんっ！？
秀隆
秀隆
ああこら、大声出すな！
ああこら、大声出すな！
まぁ、さすがに驚くよな。
まぁ、さすがに驚くよな。
この若さにして、それだけ稼ぐともなれば。
この若さにして、それだけ稼ぐともなれば。
オレはポケットに手を突っ込んじゃったりなんかして、格好をつける。
オレはポケットに手を突っ込んじゃったりなんかして、格好をつける。
凛
凛
……それっぽっちなんだ、特務官って……
……それっぽっちなんだ、特務官って……
秀隆
秀隆
まぁなっ！　……えっ……！？
まぁなっ！　……えっ……！？
凛
凛
いやごめん、別にバカにするわけじゃないんだけどさ
いやごめん、別にバカにするわけじゃないんだけどさ
秀隆
秀隆
…………
…………
そうだ、こいつは今売れっこのアイドルだった。
そうだ、こいつは今売れっこのアイドルだった。
オレより
オレより
ちょこっとだけ
ちょこっとだけ
多くても仕方がない。
多くても仕方がない。
秀隆
秀隆
ち、ちなみに給料はお幾らほどで？
ち、ちなみに給料はお幾らほどで？
凛
凛
月々は説明が難しいけど、昨年の年収は
月々は説明が難しいけど、昨年の年収は
ゴニョっと耳打ちされる。
ゴニョっと耳打ちされる。
秀隆
秀隆
…………
…………
凛
凛
くらいだったかな。って、聞いてる？
くらいだったかな。って、聞いてる？
秀隆
秀隆
虚しい……
虚しい……
秀隆
秀隆
どうしようもなく虚しい……
どうしようもなく虚しい……
凛
凛
ちょ、そんな落ち込むことじゃないって。
ちょ、そんな落ち込むことじゃないって。
芸能界ってそう言うもんだし
芸能界ってそう言うもんだし
秀隆
秀隆
こんな安月給のオレにたかるなんて、たかるなんて……
こんな安月給のオレにたかるなんて、たかるなんて……
凛
凛
何いじけてんのよ
何いじけてんのよ
秀隆
秀隆
……別に
……別に
深くは考えないようにしよう。
深くは考えないようにしよう。
芸能人の給料が高いことは、知られてることだしな。
芸能人の給料が高いことは、知られてることだしな。
凛
凛
あのさ、ホープタウンで美味しいものって何があるわけ？
あのさ、ホープタウンで美味しいものって何があるわけ？
色々食べては見たけど、イマイチぴんとこないのよね
色々食べては見たけど、イマイチぴんとこないのよね
秀隆
秀隆
美味しいものねぇ
美味しいものねぇ
パッと浮かぶのはトウモロコシだが、
パッと浮かぶのはトウモロコシだが、
あれを一般人に進める気にはさすがになれない。
あれを一般人に進める気にはさすがになれない。
それにホープタウンだからってものでもないしなぁ。
それにホープタウンだからってものでもないしなぁ。
秀隆
秀隆
簡単に食べれる物がいいか？
簡単に食べれる物がいいか？
凛
凛
そうね。手に持って食べれるようなヤツ
そうね。手に持って食べれるようなヤツ
秀隆
秀隆
ちょっと寄り道になるけどいいか？
ちょっと寄り道になるけどいいか？
ここから１０分とかからない
ここから１０分とかからない
凛
凛
出発時刻を過ぎないなら。今確認するから
出発時刻を過ぎないなら。今確認するから
秀隆
秀隆
心配ない
心配ない
凛
凛
心配ないって、何が？
心配ないって、何が？
秀隆
秀隆
時刻表のことだ。次の電車は１８：３５分だ。
時刻表のことだ。次の電車は１８：３５分だ。
まだ１時間ちょっとあるし、問題ないだろう
まだ１時間ちょっとあるし、問題ないだろう
凛
凛
よく覚えてるわね、出発時刻なんて。
よく覚えてるわね、出発時刻なんて。
確か毎日微妙に違ってるのよね、ダイヤって
確か毎日微妙に違ってるのよね、ダイヤって
秀隆
秀隆
正確には１週間単位で繰り返してるんだけどな
正確には１週間単位で繰り返してるんだけどな
秀隆
秀隆
それくらいは覚えてある
それくらいは覚えてある
凛
凛
ふぅん
ふぅん
何故か凛は携帯を取り出すと、かちゃかちゃと操作を始めた。
何故か凛は携帯を取り出すと、かちゃかちゃと操作を始めた。
凛
凛
あんさ
あんさ
秀隆
秀隆
ん？
ん？
呼びかけると、オレに携帯の画面を向ける。
呼びかけると、オレに携帯の画面を向ける。
そこには、びっしりと打ち込まれた数字。
そこには、びっしりと打ち込まれた数字。
そして数秒して、さっと携帯の画面を隠す。
そして数秒して、さっと携帯の画面を隠す。
秀隆
秀隆
なんだよ
なんだよ
凛
凛
今、なんて書いてあったか分かる？
今、なんて書いてあったか分かる？
秀隆
秀隆
なんてって……引き算か？　５２１０
なんてって……引き算か？　５２１０
凛
凛
ちょっと待って……すご、合ってる
ちょっと待って……すご、合ってる
秀隆
秀隆
それがどうかしたのか
それがどうかしたのか
何かストーカーに関することだろうか。
何かストーカーに関することだろうか。
凛
凛
別にー
別にー
そう言って、携帯をしまった。
そう言って、携帯をしまった。
と言うわけで、オレは凛を連れて公園へとやってきた。
と言うわけで、オレは凛を連れて公園へとやってきた。
凛
凛
ここ、通ったことないなー
ここ、通ったことないなー
秀隆
秀隆
テレビ局とは反対の方になるしな
テレビ局とは反対の方になるしな
凛
凛
こう言う場所に来ると、
こう言う場所に来ると、
さすがはホープタウン、って感じしてくるわね
さすがはホープタウン、って感じしてくるわね
秀隆
秀隆
そうなのか？
そうなのか？
凛
凛
あ、そっか。秀隆はドリームタウンに来たことはないんだっけ
あ、そっか。秀隆はドリームタウンに来たことはないんだっけ
凛
凛
ドリームタウンってさ、極端に自然が少ないのよね
ドリームタウンってさ、極端に自然が少ないのよね
秀隆
秀隆
自然、あぁそうか……そういえば聞いたことがある
自然、あぁそうか……そういえば聞いたことがある
ドリームタウンはジオフロントの構造上、
ドリームタウンはジオフロントの構造上、
広大な面積が存在せず、自然を作るスペースがないと。
広大な面積が存在せず、自然を作るスペースがないと。
この公園の姿も、凛にとっては壮大に見えているのかもしれない。
この公園の姿も、凛にとっては壮大に見えているのかもしれない。
凛
凛
初めてホープタウンに来たときは、空にも驚いたっけ
初めてホープタウンに来たときは、空にも驚いたっけ
秀隆
秀隆
作り物、だけどな。昔は本当に空ってものがあったらしい
作り物、だけどな。昔は本当に空ってものがあったらしい
凛
凛
ふーん……イマイチ、よく分からないけど
ふーん……イマイチ、よく分からないけど
凛
凛
でも、なんか食べ物以上にいいものが見れた気がする
でも、なんか食べ物以上にいいものが見れた気がする
秀隆
秀隆
そりゃ良かった
そりゃ良かった
秀隆
秀隆
でも食べ物の方も中々いけるぞ
でも食べ物の方も中々いけるぞ
オレは公園の片隅で店を出す、小さな露天へと足を運んだ。
オレは公園の片隅で店を出す、小さな露天へと足を運んだ。
秀隆
秀隆
ここのハムエッグはいけるんだぜ
ここのハムエッグはいけるんだぜ
凛
凛
聞いたことない名前の食べ物ね
聞いたことない名前の食べ物ね
秀隆
秀隆
ホープタウン生まれだからな
ホープタウン生まれだからな
オレもひとつ食べようと思い、２個買う。
オレもひとつ食べようと思い、２個買う。
秀隆
秀隆
食事とかどうしてるんだ？
食事とかどうしてるんだ？
凛
凛
食事？　いつも適当に買って帰ってるけど
食事？　いつも適当に買って帰ってるけど
秀隆
秀隆
それじゃ栄養が偏るし、自炊したらどうだ？
それじゃ栄養が偏るし、自炊したらどうだ？
凛
凛
あ、無理。あたしに自炊とか無理
あ、無理。あたしに自炊とか無理
秀隆
秀隆
んなさらっと言わなくても。食事代も浮くぞ？
んなさらっと言わなくても。食事代も浮くぞ？
凛
凛
その食事代が浮くって言うの、あたし間違ってると思うのよね
その食事代が浮くって言うの、あたし間違ってると思うのよね
秀隆
秀隆
え？　いや、実際出来合いのものを食うより
え？　いや、実際出来合いのものを食うより
凛
凛
材料費だけを考えれば、安いかも知れないけど、
材料費だけを考えれば、安いかも知れないけど、
その自炊をするのって他でもない自分なわけじゃない
その自炊をするのって他でもない自分なわけじゃない
秀隆
秀隆
そりゃそうだ。自炊だからな
そりゃそうだ。自炊だからな
凛
凛
仮に準備と後片付けで１時間使うとしたら、
仮に準備と後片付けで１時間使うとしたら、
そこには材料費＋あたしの時給代がかかってるわけ
そこには材料費＋あたしの時給代がかかってるわけ
凛
凛
そうすると、もう出来合いのものを買ったほうが安いのよね
そうすると、もう出来合いのものを買ったほうが安いのよね
秀隆
秀隆
そんな考え方……もあるのか？
そんな考え方……もあるのか？
凛
凛
疲れて帰ってきたら、１分でも大切に使いたいじゃない。
疲れて帰ってきたら、１分でも大切に使いたいじゃない。
１時間って言う貴重な時間を料理に使ったら、勿体無いわよ
１時間って言う貴重な時間を料理に使ったら、勿体無いわよ
何だかよく分からないが、反論するのは難しそうだった。
何だかよく分からないが、反論するのは難しそうだった。
凛
凛
てな訳で、自炊は本当は高い、があたしの考え
てな訳で、自炊は本当は高い、があたしの考え
秀隆
秀隆
そ、そうか……
そ、そうか……
多くの家庭にはアンドロイドがいて、
多くの家庭にはアンドロイドがいて、
簡素な食材も可能な限り美味しくしてくれるが、
簡素な食材も可能な限り美味しくしてくれるが、
凛の場合はそうもいかないだろうからな。
凛の場合はそうもいかないだろうからな。
秀隆
秀隆
しかし、ってことは一人暮らしなのか
しかし、ってことは一人暮らしなのか
凛
凛
そうだけど、なによ、変なこと考えてるんじゃないでしょうね？
そうだけど、なによ、変なこと考えてるんじゃないでしょうね？
秀隆
秀隆
隣街に行き来できないオレに、
隣街に行き来できないオレに、
この情報はそれほど意味がないと思うけどな
この情報はそれほど意味がないと思うけどな
凛
凛
それもそうね
それもそうね
希望
希望
あれ？　凛ちゃん？
あれ？　凛ちゃん？
凛
凛
えっ？
えっ？
２人で街中を歩いていると、人ごみの中から声をかけられた。
２人で街中を歩いていると、人ごみの中から声をかけられた。
希望
希望
やっぱり～、凛ちゃんだ
やっぱり～、凛ちゃんだ
凛
凛
あれ、希望？　やだ、ちょっとなんでここにいるわけ～？
あれ、希望？　やだ、ちょっとなんでここにいるわけ～？
２人はキャイキャイと喜び合い、手を取り合った。
２人はキャイキャイと喜び合い、手を取り合った。
秀隆
秀隆
希望、おまえ、凛と友達だったのか
希望、おまえ、凛と友達だったのか
希望
希望
え？　あの……どちら様ですか？
え？　あの……どちら様ですか？
凛
凛
こら秀隆、あんた勝手にあたしの友達ナンパしてんじゃないわよ
こら秀隆、あんた勝手にあたしの友達ナンパしてんじゃないわよ
秀隆
秀隆
いや待てって。オレだよオレ！
いや待てって。オレだよオレ！
希望
希望
あはは、冗談だよ。秀隆くん、久しぶりだね
あはは、冗談だよ。秀隆くん、久しぶりだね
凛
凛
あれ、なに、本当に知り合いなの？　あんたたち
あれ、なに、本当に知り合いなの？　あんたたち
希望
希望
凛ちゃんこそ、秀隆くんの友達だったの？
凛ちゃんこそ、秀隆くんの友達だったの？
凛
凛
友達って言うか、雑用係って言うか、雑用係ね
友達って言うか、雑用係って言うか、雑用係ね
秀隆
秀隆
雑用かよ！
雑用かよ！
希望
希望
ふーん
ふーん
何やら興味深そうに、こちらを見ている。
何やら興味深そうに、こちらを見ている。
希望
希望
凛ちゃん気をつけなきゃダメだよ？
凛ちゃん気をつけなきゃダメだよ？
秀隆くん、胸の大きい子が好きだと思うから
秀隆くん、胸の大きい子が好きだと思うから
秀隆
秀隆
お、おいおい、何を根拠に
お、おいおい、何を根拠に
凛
凛
あ、大丈夫。それ出会った直後から理解してるから
あ、大丈夫。それ出会った直後から理解してるから
秀隆
秀隆
マジで！？
マジで！？
凛
凛
あのさ、女の子舐めないでくれる？
あのさ、女の子舐めないでくれる？
男のエッチな視線なんて、すぐに分かるって
男のエッチな視線なんて、すぐに分かるって
秀隆
秀隆
そう言うもんなのか……
そう言うもんなのか……
でも無茶な話だ。こんな立派なものを間近に置かれちゃ……。
でも無茶な話だ。こんな立派なものを間近に置かれちゃ……。
凛
凛
今も見てるでしょ
今も見てるでしょ
秀隆
秀隆
うっ！？
うっ！？
希望
希望
そう言うの、結構バレるよ？　私にも分かったし
そう言うの、結構バレるよ？　私にも分かったし
秀隆
秀隆
そ、そうだったのか……
そ、そうだったのか……
と言うことは、あの子や、あの子と会ってる時もバレて
と言うことは、あの子や、あの子と会ってる時もバレて
凛
凛
いつも見とるんかい……
いつも見とるんかい……
だから、オレは先生の時にモテなかったんだ、そうに違いない。
だから、オレは先生の時にモテなかったんだ、そうに違いない。
希望
希望
どうして凛ちゃんが秀隆くんと居るの？
どうして凛ちゃんが秀隆くんと居るの？
凛
凛
ちょっと事情があってね。あんたこそ、どうしてここに？
ちょっと事情があってね。あんたこそ、どうしてここに？
希望
希望
えへへ、いつもの感じで
えへへ、いつもの感じで
凛
凛
全く、職権乱用よ、それ
全く、職権乱用よ、それ
秀隆
秀隆
職権？
職権？
凛
凛
何でもない。あんたには関係ないことよ
何でもない。あんたには関係ないことよ
凛
凛
そうだ、折角久しぶりに会ったんだし、お茶しない？
そうだ、折角久しぶりに会ったんだし、お茶しない？
希望
希望
うん。あと１時間くらいだったらいいよ
うん。あと１時間くらいだったらいいよ
凛
凛
あたしも一緒。それじゃ決まりね。案内して
あたしも一緒。それじゃ決まりね。案内して
秀隆
秀隆
オレが？
オレが？
凛
凛
ホープタウンはあんたの街でしょ。ほら、早く
ホープタウンはあんたの街でしょ。ほら、早く
秀隆
秀隆
あ、ああ
あ、ああ
とは言っても、学生を連れて行ける場所なんて限られている。
とは言っても、学生を連れて行ける場所なんて限られている。
凛
凛
ホープタウンってさ、小奇麗だとは思うけど、退屈な街よね
ホープタウンってさ、小奇麗だとは思うけど、退屈な街よね
秀隆
秀隆
そうかな
そうかな
凛
凛
圧倒的に遊ぶ施設が少ない。これに尽きると思うのよ
圧倒的に遊ぶ施設が少ない。これに尽きると思うのよ
腕を組んで、うんうんと頷いている。
腕を組んで、うんうんと頷いている。
秀隆
秀隆
ドリームタウンには、行ったことないからな……
ドリームタウンには、行ったことないからな……
秀隆
秀隆
合法のカジノがあるってことくらいしか知らない
合法のカジノがあるってことくらいしか知らない
凛
凛
まるっきり知らないわけね
まるっきり知らないわけね
凛
凛
じゃあ、遊園地とか行ったことないんだ
じゃあ、遊園地とか行ったことないんだ
秀隆
秀隆
ああ。学生の間じゃ、よく騒いでるよ。行ってみたいって
ああ。学生の間じゃ、よく騒いでるよ。行ってみたいって
凛
凛
そりゃそうよね
そりゃそうよね
希望
希望
私はホープタウンにも、沢山遊べるところはあると思うけど
私はホープタウンにも、沢山遊べるところはあると思うけど
凛
凛
そう？
そう？
希望
希望
こんなに自然がいっぱいあるなんて、凄いと思うし
こんなに自然がいっぱいあるなんて、凄いと思うし
秀隆
秀隆
よく言った。もっと言ってやれ
よく言った。もっと言ってやれ
凛
凛
なんであんたが偉そうなのよ
なんであんたが偉そうなのよ
凛
凛
にしても……そっか、あんた、希望と知り合いだったのか
にしても……そっか、あんた、希望と知り合いだったのか
秀隆
秀隆
それがどうかしたのか？
それがどうかしたのか？
凛
凛
あんたって、意外と持ってるのかもね
あんたって、意外と持ってるのかもね
秀隆
秀隆
持ってる？
持ってる？
凛
凛
運
運
秀隆
秀隆
なんだそりゃ。希望と知り合いなのが、ラッキーってことか？
なんだそりゃ。希望と知り合いなのが、ラッキーってことか？
まぁ確かに可愛いとは思うけど……
まぁ確かに可愛いとは思うけど……
凛
凛
いずれ分かるわよ。本当に持ってるなら、ね。ねえ？
いずれ分かるわよ。本当に持ってるなら、ね。ねえ？
希望
希望
あははどうかな。それはわかんないけど
あははどうかな。それはわかんないけど
秀隆
秀隆
とりあえず、二人の様子を見るに、
とりあえず、二人の様子を見るに、
希望はやっぱりドリームタウンの出身なんだな
希望はやっぱりドリームタウンの出身なんだな
凛
凛
えっ、そこから分かってなかったの？
えっ、そこから分かってなかったの？
希望
希望
何も言ってなかったのでした
何も言ってなかったのでした
秀隆
秀隆
一応想像はしてたけどな。不自然な点が多すぎる
一応想像はしてたけどな。不自然な点が多すぎる
希望
希望
ごめんね、黙ってて
ごめんね、黙ってて
秀隆
秀隆
別にいいさ
別にいいさ
だけど、学生がホイホイとこちら側にこれるはずがない。
だけど、学生がホイホイとこちら側にこれるはずがない。
凛と同じ芸能人って感じでもないしな。
凛と同じ芸能人って感じでもないしな。
一体どう言う子なんだか。
一体どう言う子なんだか。
凛
凛
はいコレ。ハムエッグって言うんだって
はいコレ。ハムエッグって言うんだって
凛は買ったハムエッグを１つ手渡した。
凛は買ったハムエッグを１つ手渡した。
希望
希望
いいの？
いいの？
凛
凛
いいのいいの。秀隆のだし
いいのいいの。秀隆のだし
希望
希望
じゃあ遠慮なく貰うねっ
じゃあ遠慮なく貰うねっ
秀隆
秀隆
……いいけどさ。別に食べたくなかったしー
……いいけどさ。別に食べたくなかったしー
希望
希望
あははそんなにいじけなくていいのに。はい、半分こ
あははそんなにいじけなくていいのに。はい、半分こ
手で二つにわけ、希望が差し出してきた。
手で二つにわけ、希望が差し出してきた。
秀隆
秀隆
希望……
希望……
オレは温かいハムエッグを受け取り、口に頬張った。
オレは温かいハムエッグを受け取り、口に頬張った。
凛
凛
あんたは優しいわねえ
あんたは優しいわねえ
秀隆
秀隆
誰かと違ってな
誰かと違ってな
堂々と１個を頬張ろうとしている凛。
堂々と１個を頬張ろうとしている凛。
凛
凛
だってあたしのだし
だってあたしのだし
秀隆
秀隆
オレの金で買ったんだけどな
オレの金で買ったんだけどな
凛
凛
うわ、ケチ臭っ。そんなんじゃモテないわよ
うわ、ケチ臭っ。そんなんじゃモテないわよ
秀隆
秀隆
うるせえ。さっさと食えさっさと
うるせえ。さっさと食えさっさと
希望
希望
これ美味しいね
これ美味しいね
秀隆
秀隆
だろ？　オレもたまに買ったりするんだよ
だろ？　オレもたまに買ったりするんだよ
凛
凛
ま、そこそこって感じ？
ま、そこそこって感じ？
秀隆
秀隆
お前は余計な一言が多いんだよ……
お前は余計な一言が多いんだよ……
そんなこんな、つかの間の時間を過ごした。
そんなこんな、つかの間の時間を過ごした。
凛
凛
今日はありがと。ハムエッグ、そこそこ美味しかったわ
今日はありがと。ハムエッグ、そこそこ美味しかったわ
改めてそこそこ、を強調されてしまった。
改めてそこそこ、を強調されてしまった。
秀隆
秀隆
そりゃよかった
そりゃよかった
凛
凛
じゃあまた明日ね。
じゃあまた明日ね。
……明日、でいいんだっけ？
……明日、でいいんだっけ？
秀隆
秀隆
ああ。時間作って会いに行く
ああ。時間作って会いに行く
凛
凛
そ。ま、ちょっとだけ待っててあげるわ
そ。ま、ちょっとだけ待っててあげるわ
希望
希望
それじゃあね、秀隆くん
それじゃあね、秀隆くん
秀隆
秀隆
気をつけてな
気をつけてな
オレは希望と凛を見送り、オレはステーション前を後にした。
オレは希望と凛を見送り、オレはステーション前を後にした。
秀隆
秀隆
さてと……
さてと……
これからどうしたもんかな？
これからどうしたもんかな？
寄り道する
寄り道する
自宅に戻る
自宅に戻る
秀隆
秀隆
帰るか
帰るか
消灯の時刻も近い、これ以上出歩いてても仕方ないな。
消灯の時刻も近い、これ以上出歩いてても仕方ないな。
オレは無駄な寄り道はせず、まっすぐ帰ることにした。
オレは無駄な寄り道はせず、まっすぐ帰ることにした。
秀隆
秀隆
そうだな、ちょっとぶらついていくか
そうだな、ちょっとぶらついていくか
軽く買い物でもして帰ろうと、街へ繰り出した。
軽く買い物でもして帰ろうと、街へ繰り出した。
帰宅ラッシュなのか、大勢の人たちで賑わっている。
帰宅ラッシュなのか、大勢の人たちで賑わっている。
その中に、秋の姿を見つけた。
その中に、秋の姿を見つけた。
いつもなら声をかけずに見送る所だったが、
いつもなら声をかけずに見送る所だったが、
少々珍しい子と一緒に居たので、声をかけることにした。
少々珍しい子と一緒に居たので、声をかけることにした。
秀隆
秀隆
今帰りか？
今帰りか？
秋
秋
兄さん。はい、そうです。ちょっと寄り道してました
兄さん。はい、そうです。ちょっと寄り道してました
秀隆
秀隆
それに愛佳も
それに愛佳も
愛佳
愛佳
やっぽー
やっぽー
秋
秋
最近仲良くなりました
最近仲良くなりました
愛佳
愛佳
思い切って声かけちゃった
思い切って声かけちゃった
秀隆
秀隆
へえ
へえ
思わず、感心してしまった。
思わず、感心してしまった。
秀隆
秀隆
あんまり、邪魔しちゃ悪いよな
あんまり、邪魔しちゃ悪いよな
愛佳
愛佳
そんなことないって。よく先生の話題で盛り上がるんだから
そんなことないって。よく先生の話題で盛り上がるんだから
秀隆
秀隆
そうなのか？
そうなのか？
秋
秋
愛佳、兄さんのことばかり聞くので
愛佳、兄さんのことばかり聞くので
秀隆
秀隆
……なんだよその目は
……なんだよその目は
秋
秋
いえ、どう上手く懐柔したんだろうとは思っていません
いえ、どう上手く懐柔したんだろうとは思っていません
秀隆
秀隆
めちゃめちゃ思ってるじゃねえか
めちゃめちゃ思ってるじゃねえか
愛佳
愛佳
先生さえ良ければ、あたしと付き合ってくれても……
先生さえ良ければ、あたしと付き合ってくれても……
秀隆
秀隆
えっ？
えっ？
愛佳
愛佳
あ、凄く嬉しそう。あたしと付き合いたい？
あ、凄く嬉しそう。あたしと付き合いたい？
秀隆
秀隆
べべべ、別に嬉しくなんてねえよっ
べべべ、別に嬉しくなんてねえよっ
秋
秋
今、凄く嬉しそうでしたよ
今、凄く嬉しそうでしたよ
愛佳
愛佳
だよねー？
だよねー？
秀隆
秀隆
バカ言うなっ。オレは、その、巨乳一筋だからな
バカ言うなっ。オレは、その、巨乳一筋だからな
愛佳
愛佳
でも、最近大きくなってきてるんだよねぇ
でも、最近大きくなってきてるんだよねぇ
秀隆
秀隆
……へぇ……
……へぇ……
思わず、愛佳の胸元に視線が行ってしまう。
思わず、愛佳の胸元に視線が行ってしまう。
秋
秋
逮捕されますよ？
逮捕されますよ？
秀隆
秀隆
はっ！？
はっ！？
慌てて視線を逸らすが、愛佳はニヤニヤと笑みを浮かべていた。
慌てて視線を逸らすが、愛佳はニヤニヤと笑みを浮かべていた。
愛佳
愛佳
面白いお兄ちゃんだよね
面白いお兄ちゃんだよね
秀隆
秀隆
だろ？　秋もそう思うよな？
だろ？　秋もそう思うよな？
秋
秋
そうですか？　……苦労は多いですよ
そうですか？　……苦労は多いですよ
愛佳がいる手前、秋は比較的やんわりと言った。
愛佳がいる手前、秋は比較的やんわりと言った。
秀隆
秀隆
悪かったな。苦労をかける兄で
悪かったな。苦労をかける兄で
愛佳
愛佳
うちのお兄ちゃんなんて、何考えてるかわかんないからなぁ
うちのお兄ちゃんなんて、何考えてるかわかんないからなぁ
オレは秋、愛佳の２人としばらく会話してから、帰宅することにした。
オレは秋、愛佳の２人としばらく会話してから、帰宅することにした。
秀隆
秀隆
キズナ、まだ帰ってないのか？
キズナ、まだ帰ってないのか？
アクセラ
アクセラ
はい。いつもであれば、お帰りになられている時間なのですが……
はい。いつもであれば、お帰りになられている時間なのですが……
秀隆
秀隆
道に迷ったか？　……それとも……
道に迷ったか？　……それとも……
キズナの正体について、誰かに知られてしまったから、とか？
キズナの正体について、誰かに知られてしまったから、とか？
いや、その可能性は当然低いと思うが。
いや、その可能性は当然低いと思うが。
万が一のことがあっては遅い。
万が一のことがあっては遅い。
秀隆
秀隆
確か今日も倉屋敷ビルの方に向かったんだよな？
確か今日も倉屋敷ビルの方に向かったんだよな？
アクセラ
アクセラ
そう仰られていました
そう仰られていました
秀隆
秀隆
わかった。ちょっと様子を見に行ってみる
わかった。ちょっと様子を見に行ってみる
秋
秋
ご苦労なことですね、兄さん
ご苦労なことですね、兄さん
秋の冷たい一言が飛んでくる。
秋の冷たい一言が飛んでくる。
秀隆
秀隆
同居する子だ。万が一のことがあったら監督責任だろ
同居する子だ。万が一のことがあったら監督責任だろ
秋
秋
そうですか
そうですか
秀隆
秀隆
なんだよ、キズナと仲良くするつもりはないのか？
なんだよ、キズナと仲良くするつもりはないのか？
秋
秋
ありません
ありません
これまた、随分とハッキリ言われた。
これまた、随分とハッキリ言われた。
秀隆
秀隆
だからか、最初から余所余所しい態度だったのは
だからか、最初から余所余所しい態度だったのは
秋
秋
同じ家で暮らすのに、兄さんとの関係を装うなんて無理です
同じ家で暮らすのに、兄さんとの関係を装うなんて無理です
秀隆
秀隆
それとこれとは別問題だろ
それとこれとは別問題だろ
秀隆
秀隆
オレのことはどうでもいいが、
オレのことはどうでもいいが、
キズナは何も悪くない。仲良くしてやってもいいじゃないか
キズナは何も悪くない。仲良くしてやってもいいじゃないか
秋
秋
不必要に仲良くしてどうするんですか。
不必要に仲良くしてどうするんですか。
もしかして、ずっと一緒に暮らすわけではないですよね？
もしかして、ずっと一緒に暮らすわけではないですよね？
秀隆
秀隆
そりゃ、キズナが何不自由ない暮らしが出来るようになれば
そりゃ、キズナが何不自由ない暮らしが出来るようになれば
秋
秋
それはいつですか？　具体的な日付は見えているんですか？
それはいつですか？　具体的な日付は見えているんですか？
秀隆
秀隆
まだだ
まだだ
秋
秋
お話になりませんね
お話になりませんね
秀隆
秀隆
あいつは一人ぼっちなんだぞ？
あいつは一人ぼっちなんだぞ？
秀隆
秀隆
この遠い未来の世界で、頼れる存在が誰もいないんだ
この遠い未来の世界で、頼れる存在が誰もいないんだ
秋
秋
私と何が違うんですか？
私と何が違うんですか？
秋
秋
私にも頼れる人なんて、誰もいません
私にも頼れる人なんて、誰もいません
秀隆
秀隆
……この話はやめだ
……この話はやめだ
秋
秋
自分に都合が悪くなるとすぐそれです
自分に都合が悪くなるとすぐそれです
秀隆
秀隆
やめやめ
やめやめ
秀隆
秀隆
キズナを迎えに行って来る
キズナを迎えに行って来る
アクセラ
アクセラ
畏まりました。いってらっしゃいませ
畏まりました。いってらっしゃいませ
外に出ると、消灯時刻が過ぎたのか、暗くなっていた。
外に出ると、消灯時刻が過ぎたのか、暗くなっていた。
秀隆
秀隆
今日も今日とて、秋にはストレスを溜めさせてやったぜ
今日も今日とて、秋にはストレスを溜めさせてやったぜ
別に狙ったわけでもなかったが、いいさ。
別に狙ったわけでもなかったが、いいさ。
いつの日かハゲ上がるかも知れないな。
いつの日かハゲ上がるかも知れないな。
……それはオレも同じことか。
……それはオレも同じことか。
連絡手段がないってのは、不便だよな。
連絡手段がないってのは、不便だよな。
秀隆
秀隆
こんなことなら、最初に携帯を持たせておけばよかったか
こんなことなら、最初に携帯を持たせておけばよかったか
今更ながらそんなことを後悔した。
今更ながらそんなことを後悔した。
オレは足早に倉屋敷ビルを目指す。
オレは足早に倉屋敷ビルを目指す。
夜の倉屋敷ビルは、
夜の倉屋敷ビルは、
その威圧感から少々不気味さをかもしだしている。
その威圧感から少々不気味さをかもしだしている。
秀隆
秀隆
なんで怖い印象を受けるんだろうな
なんで怖い印象を受けるんだろうな
秀隆
秀隆
う、うん。あまり深くは考えないようにしよう
う、うん。あまり深くは考えないようにしよう
とりあえずユウキにでも連絡してみるか？
とりあえずユウキにでも連絡してみるか？
でも、キズナのことを知ってるとは限らないしなぁ。
でも、キズナのことを知ってるとは限らないしなぁ。
この間キズナと倉屋敷で出会った時も、姿はなかったし。
この間キズナと倉屋敷で出会った時も、姿はなかったし。
キズナ
キズナ
あ、ひーくん
あ、ひーくん
秀隆
秀隆
お？　キズナっ
お？　キズナっ
ゲート前にキズナはいた。
ゲート前にキズナはいた。
そして、その隣には警備員さんがいる。
そして、その隣には警備員さんがいる。
キズナ
キズナ
では失礼しますっ
では失礼しますっ
キズナは警備員さんに頭を下げ、オレの方へとやって来た。
キズナは警備員さんに頭を下げ、オレの方へとやって来た。
キズナ
キズナ
どうされましたか？
どうされましたか？
秀隆
秀隆
いや、帰りが遅いから心配になってな
いや、帰りが遅いから心配になってな
キズナ
キズナ
すみません。すっかり話し込んじゃいました
すみません。すっかり話し込んじゃいました
秀隆
秀隆
警備員さんとか？
警備員さんとか？
キズナ
キズナ
はい。とても面白い方ですよ
はい。とても面白い方ですよ
秀隆
秀隆
面白い方ねえ
面白い方ねえ
悪い人じゃないのは知ってるんだけど。
悪い人じゃないのは知ってるんだけど。
秀隆
秀隆
勉強の方はどうだ？
勉強の方はどうだ？
キズナ
キズナ
凄く楽しいですよ。先生も面白いですし
凄く楽しいですよ。先生も面白いですし
キズナ
キズナ
それに、未来のお話を聞いてるようでワクワクします
それに、未来のお話を聞いてるようでワクワクします
秀隆
秀隆
やっぱり自分の中の差異は結構あるか？
やっぱり自分の中の差異は結構あるか？
キズナ
キズナ
ありますねー。だけど、変わらないものも沢山ある気がします
ありますねー。だけど、変わらないものも沢山ある気がします
秀隆
秀隆
そうか
そうか
一日も早く、キズナが何不自由ない生活を送れるようになればいいな。
一日も早く、キズナが何不自由ない生活を送れるようになればいいな。
自室で、明日の予定を確認していると、
自室で、明日の予定を確認していると、
妙な焦げ臭い臭いが漂ってきた。
妙な焦げ臭い臭いが漂ってきた。
秀隆
秀隆
うん、妙に臭い……ってか、
うん、妙に臭い……ってか、
臭っ！　臭いっ！
臭っ！　臭いっ！
秀隆
秀隆
鼻がもげる！　もげるわいな！
鼻がもげる！　もげるわいな！
オレは慌てて部屋のドアを開け、リビングへ。
オレは慌てて部屋のドアを開け、リビングへ。
秀隆
秀隆
何なんだこの臭いは！
何なんだこの臭いは！
アクセラ
アクセラ
秀隆様
秀隆様
秀隆
秀隆
一体何が起こってるんだ！？
一体何が起こってるんだ！？
アクセラ
アクセラ
実は今、キズナ様が料理にチャレンジされているのです
実は今、キズナ様が料理にチャレンジされているのです
秀隆
秀隆
キズナが？
キズナが？
キズナ
キズナ
ひーくん。すみません、お騒がせしまして
ひーくん。すみません、お騒がせしまして
秀隆
秀隆
お騒がせはともかく、何なんだこの臭い臭いはっ
お騒がせはともかく、何なんだこの臭い臭いはっ
キズナ
キズナ
これです
これです
台所、フライパンを覗き込むと、
台所、フライパンを覗き込むと、
そこには黒い何かがジュージューと焼かれていた。
そこには黒い何かがジュージューと焼かれていた。
秀隆
秀隆
ナンダコレハ……？
ナンダコレハ……？
キズナ
キズナ
さぁ……作っている私にも分かりません
さぁ……作っている私にも分かりません
アクセラ
アクセラ
材料からは大よそ想像できないものになっておりますね
材料からは大よそ想像できないものになっておりますね
キズナ
キズナ
私気付いたんです。
私気付いたんです。
以前の私も、きっと料理はダメだったんだなと
以前の私も、きっと料理はダメだったんだなと
秀隆
秀隆
…………
…………
アクセラ
アクセラ
キズナ様、私はそうは思いません
キズナ様、私はそうは思いません
キズナ
キズナ
えっ？
えっ？
アクセラ
アクセラ
１５０年前と今では、恐らく食材や調理器具は大きく異なります。
１５０年前と今では、恐らく食材や調理器具は大きく異なります。
それに、包丁さばきや器具の扱いは、素人とは思えません
それに、包丁さばきや器具の扱いは、素人とは思えません
キズナ
キズナ
そうでしょうかっ
そうでしょうかっ
アクセラ
アクセラ
はい。秋様の料理の腕前と比べれば、雲泥の差です
はい。秋様の料理の腕前と比べれば、雲泥の差です
秀隆
秀隆
あははは、そりゃ言えてそうだ。あいつの料理は最悪だし
あははは、そりゃ言えてそうだ。あいつの料理は最悪だし
キズナ
キズナ
そうなんですか？
そうなんですか？
アクセラ
アクセラ
恐らく人間が食べて良いものではありません
恐らく人間が食べて良いものではありません
秀隆
秀隆
だな。不味い汚い臭いの３拍子が揃ってる料理だ
だな。不味い汚い臭いの３拍子が揃ってる料理だ
キズナ
キズナ
一度食べてみたいです
一度食べてみたいです
秀隆
秀隆
それはやめとけ。間違いなく病院送りにされる
それはやめとけ。間違いなく病院送りにされる
キズナ
キズナ
それは言いすぎでは？
それは言いすぎでは？
アクセラ
アクセラ
残念ながら、事実なのです
残念ながら、事実なのです
オレたちは、ケラケラと笑いあった。
オレたちは、ケラケラと笑いあった。
今、ちらりと人影が見えた気がしたが……気のせい、だよな？
今、ちらりと人影が見えた気がしたが……気のせい、だよな？
