凛
凛
あー楽しかった
あー楽しかった
休日の夕方、オレと凛はプールで遊んだ後、凛の家へとやってきていた。
休日の夕方、オレと凛はプールで遊んだ後、凛の家へとやってきていた。
秀隆
秀隆
オレは寿命が縮むかと思ったけどな……
オレは寿命が縮むかと思ったけどな……
凛
凛
相変わらず高いところはダメなのよね、情けない
相変わらず高いところはダメなのよね、情けない
秀隆
秀隆
意外と高いところとか、女の子は平気で上ったりするよな……
意外と高いところとか、女の子は平気で上ったりするよな……
オレには到底慣れることは出来なさそうだ。
オレには到底慣れることは出来なさそうだ。
秀隆
秀隆
オレはクタクタだよ。ちょっと横になって休もうかな
オレはクタクタだよ。ちょっと横になって休もうかな
凛
凛
なによ、１ヶ月ぶりに二人で一日過ごせるのに、もう寝る気？
なによ、１ヶ月ぶりに二人で一日過ごせるのに、もう寝る気？
秀隆
秀隆
体力を使い果たしたから仕方ないだろ
体力を使い果たしたから仕方ないだろ
オレはベッドにダイブした。
オレはベッドにダイブした。
凛
凛
もうっ。起きなさいよね
もうっ。起きなさいよね
秀隆
秀隆
無理です凛さん。僕の体力は限界です
無理です凛さん。僕の体力は限界です
凛
凛
じゃあエッチする？
じゃあエッチする？
秀隆
秀隆
した……いけど今はいいや
した……いけど今はいいや
凛
凛
相当疲れてるのね……昼間は女の子の水着見て、興奮してたのに
相当疲れてるのね……昼間は女の子の水着見て、興奮してたのに
秀隆
秀隆
少しだけ休ませてくれ
少しだけ休ませてくれ
凛
凛
なんか、あたしの魅力が欠けてるって言われてる気がしてきた
なんか、あたしの魅力が欠けてるって言われてる気がしてきた
秀隆
秀隆
別にそう言うわけじゃ……眠っ……
別にそう言うわけじゃ……眠っ……
凛
凛
カチーン。見てなさいよ……
カチーン。見てなさいよ……
凛は、何故か部屋を出て行った。
凛は、何故か部屋を出て行った。
秀隆
秀隆
まぁいいか、寝よう……
まぁいいか、寝よう……
目を閉じ、意識が遠のいていく。
目を閉じ、意識が遠のいていく。
…………。
…………。
……。
……。
凛
凛
ちょっと、起きなさいよ
ちょっと、起きなさいよ
秀隆
秀隆
んー……？
んー……？
落ちかけていた意識を、凛に呼び戻される。
落ちかけていた意識を、凛に呼び戻される。
秀隆
秀隆
なんだよ……
なんだよ……
凛
凛
こっち向いたら分かるわよ
こっち向いたら分かるわよ
言われるがまま、首だけ動かし、凛のほうを向いた。
言われるがまま、首だけ動かし、凛のほうを向いた。
秀隆
秀隆
み、水着っ！？
み、水着っ！？
凛
凛
どう？
どう？
モデルさんのように（実際モデルになったけど）ポーズをとる。
モデルさんのように（実際モデルになったけど）ポーズをとる。
もちろん、そこには完璧なスタイルの凛。
もちろん、そこには完璧なスタイルの凛。
オレはむっくりと身体と下半身を起こした。
オレはむっくりと身体と下半身を起こした。
凛
凛
あれ～？　眠いんじゃないの？
あれ～？　眠いんじゃないの？
秀隆
秀隆
元気が出てきました。エッチしよう凛
元気が出てきました。エッチしよう凛
凛
凛
……あたしとしては、起きてくれるだけでいいんだけど……
……あたしとしては、起きてくれるだけでいいんだけど……
秀隆
秀隆
ほら、こっちの子も起きちゃったし
ほら、こっちの子も起きちゃったし
そういい、下半身を指差す。
そういい、下半身を指差す。
凛
凛
あーはいはい。わかったわよ、でも……
あーはいはい。わかったわよ、でも……
凛はベッドの上に乗ると、オレの股間へと近づいてきた。
凛はベッドの上に乗ると、オレの股間へと近づいてきた。
凛
凛
最後まではダメ。それは、夜にとっておくんだから
最後まではダメ。それは、夜にとっておくんだから
秀隆
秀隆
じゃ、じゃあ何をしてくれるんだ？
じゃ、じゃあ何をしてくれるんだ？
凛
凛
そうねぇ……前からあたしにお願いしてたこと、してあげてもいいわよ？
そうねぇ……前からあたしにお願いしてたこと、してあげてもいいわよ？
秀隆
秀隆
おっぱいでしてくれると！？
おっぱいでしてくれると！？
凛
凛
そ、そう言うこと
そ、そう言うこと
秀隆
秀隆
うおおおおおおおお！
うおおおおおおおお！
凛とのエッチの中で、まだ許可の下りていなかったもの。
凛とのエッチの中で、まだ許可の下りていなかったもの。
それはパイズリだ。
それはパイズリだ。
オレはがばりと凛に抱きつくと、ベッドへと押し倒した。
オレはがばりと凛に抱きつくと、ベッドへと押し倒した。
そしてすぐさまナニを取り出す。
そしてすぐさまナニを取り出す。
凛
凛
ちょ、急すぎっ！？
ちょ、急すぎっ！？
秀隆
秀隆
凛の考えが変わる前に、と思って
凛の考えが変わる前に、と思って
凛
凛
まって、水着脱ぐから
まって、水着脱ぐから
秀隆
秀隆
いやいや、これはこれでいいんだよ
いやいや、これはこれでいいんだよ
オレは、腰を突き出し、水着の中に竿を突っ込んだ。
オレは、腰を突き出し、水着の中に竿を突っ込んだ。
もちろん、左右にはたゆんたゆんのおっぱい。
もちろん、左右にはたゆんたゆんのおっぱい。
秀隆
秀隆
ああ……感激です
ああ……感激です
凛
凛
男って、どうしてこう意味のなさそうなことが好きなんだか
男って、どうしてこう意味のなさそうなことが好きなんだか
飽きれてため息をつく凛。
飽きれてため息をつく凛。
秀隆
秀隆
おっぱい好きが誰もが夢見るものなんだよ、パイズリというのは
おっぱい好きが誰もが夢見るものなんだよ、パイズリというのは
秀隆
秀隆
さあ、よろしくお願いします
さあ、よろしくお願いします
凛
凛
よろしくって……あ、あたしにしろって言うの？
よろしくって……あ、あたしにしろって言うの？
秀隆
秀隆
オレがしてもいいんだけど、凛が奉仕する姿が見たいなぁと
オレがしてもいいんだけど、凛が奉仕する姿が見たいなぁと
凛
凛
ぐっ……生意気言うじゃない……
ぐっ……生意気言うじゃない……
秀隆
秀隆
ダメか？
ダメか？
凛
凛
もう……後で高くつくから
もう……後で高くつくから
秀隆
秀隆
心得てるって
心得てるって
性欲が強いときは、多少無茶なことも安受けあいしてしまう。
性欲が強いときは、多少無茶なことも安受けあいしてしまう。
凛
凛
えっと……こすればいいの？　その、胸で
えっと……こすればいいの？　その、胸で
秀隆
秀隆
だな
だな
凛
凛
……これはこれで、凄く辱められてる気がしてきた
……これはこれで、凄く辱められてる気がしてきた
自らのおっぱいを両端で支え、オレの竿に刺激を与えはじめる。
自らのおっぱいを両端で支え、オレの竿に刺激を与えはじめる。
秀隆
秀隆
お、おお……
お、おお……
普段は生意気な凛が、オレのために自分のおっぱいを使っている。
普段は生意気な凛が、オレのために自分のおっぱいを使っている。
その凛を見下ろし、快楽に浸っている。
その凛を見下ろし、快楽に浸っている。
この状況こそが、パイズリにおける最大の魅力だろう。
この状況こそが、パイズリにおける最大の魅力だろう。
挟んでもらってるのも気持ちはいいけど、
挟んでもらってるのも気持ちはいいけど、
締め付けとかで言えば、凛の中とは比べ物にならないわけだし。
締め付けとかで言えば、凛の中とは比べ物にならないわけだし。
結局、シチュエーションを素直に楽しめるかどうかだ。
結局、シチュエーションを素直に楽しめるかどうかだ。
凛
凛
んっ……ん……これ、気持ちいいの？
んっ……ん……これ、気持ちいいの？
秀隆
秀隆
もちろん
もちろん
凛
凛
なら、いいけど……んっ……
なら、いいけど……んっ……
自分の胸を使い、懸命にオレを気持ちよくさせようとしている。
自分の胸を使い、懸命にオレを気持ちよくさせようとしている。
凛
凛
はぁ、ん……もう、なんか屈辱。感じてきちゃった……
はぁ、ん……もう、なんか屈辱。感じてきちゃった……
秀隆
秀隆
ほんとだ、乳首が浮き出てきてる
ほんとだ、乳首が浮き出てきてる
凛
凛
口に出すなっ……
口に出すなっ……
オレは凛の乳首を、水着の上から触れ、挟んだ。
オレは凛の乳首を、水着の上から触れ、挟んだ。
凛
凛
やっ、ちょっと、やめてよ……
やっ、ちょっと、やめてよ……
秀隆
秀隆
そういいつつも、ちょっと嬉しそうな顔してるぞ？
そういいつつも、ちょっと嬉しそうな顔してるぞ？
凛
凛
あ、あたしは別に……その……ごにょごにょ
あ、あたしは別に……その……ごにょごにょ
秀隆
秀隆
一緒に気持ちよくなれるなら、それが一番だ、な？
一緒に気持ちよくなれるなら、それが一番だ、な？
凛
凛
そうだけど……今は、あたしがやってあげてるんだから
そうだけど……今は、あたしがやってあげてるんだから
なんか、オレが思ったのとは別のところで引っかかっていたらしい。
なんか、オレが思ったのとは別のところで引っかかっていたらしい。
凛
凛
ん……ん……あ……っ。うん、ちゃんと、感じてくれてたんだ
ん……ん……あ……っ。うん、ちゃんと、感じてくれてたんだ
秀隆
秀隆
え？
え？
凛
凛
ほんとに気持ちいいのかなって、思っちゃってたから。
ほんとに気持ちいいのかなって、思っちゃってたから。
でも、ほら、秀隆の先っぽから、透明なの出てきてる……
でも、ほら、秀隆の先っぽから、透明なの出てきてる……
秀隆
秀隆
うん。ちゃんと気持ちいいから
うん。ちゃんと気持ちいいから
凛
凛
そっか……
そっか……
そんなことが嬉しかったのか、凛は優しい笑みを見せた。
そんなことが嬉しかったのか、凛は優しい笑みを見せた。
秀隆
秀隆
もしよかったら、舐めてくれるか？
もしよかったら、舐めてくれるか？
凛
凛
しょうがないわねぇ……舐めて上げる
しょうがないわねぇ……舐めて上げる
凛は、ちろっと舌先を出して、オレの先端を舐めた。
凛は、ちろっと舌先を出して、オレの先端を舐めた。
凛
凛
舌で皮、ちゃんと剥いてあげる
舌で皮、ちゃんと剥いてあげる
秀隆
秀隆
お、おう
お、おう
にゅるんと、皮の中に舌が入り込んできた。
にゅるんと、皮の中に舌が入り込んできた。
凛
凛
はむっ、ん……にゅっ、ちゅ、じゅっ……
はむっ、ん……にゅっ、ちゅ、じゅっ……
秀隆
秀隆
くっ……
くっ……
その慣れない刺激を感じながら、凛に剥かれてしまう。
その慣れない刺激を感じながら、凛に剥かれてしまう。
凛
凛
ほーら、出てきた。あたしも器用になったなぁ……
ほーら、出てきた。あたしも器用になったなぁ……
秀隆
秀隆
日々、凛にはフェラしてもらってるからな
日々、凛にはフェラしてもらってるからな
うんうんと、腕を組んでオレは頷く。
うんうんと、腕を組んでオレは頷く。
凛
凛
何バカなこと言ってんだか。ん、ちゅ……ちゅっ……
何バカなこと言ってんだか。ん、ちゅ……ちゅっ……
秀隆
秀隆
う、うおあ……
う、うおあ……
おっぱいの感触と、凛の舌がマッチして、腰にびりびりと電気が流れる。
おっぱいの感触と、凛の舌がマッチして、腰にびりびりと電気が流れる。
秀隆
秀隆
これは、効く……
これは、効く……
凛
凛
気持ちいい？
気持ちいい？
秀隆
秀隆
気持ちいいです。出しそうです
気持ちいいです。出しそうです
凛
凛
それは早すぎ。前々から思ってたけど、秀隆って早漏よね？
それは早すぎ。前々から思ってたけど、秀隆って早漏よね？
秀隆
秀隆
ぶ！　ど、どこの誰と比べてるんだよ！
ぶ！　ど、どこの誰と比べてるんだよ！
凛
凛
ネットの平均時間？
ネットの平均時間？
秀隆
秀隆
あれは、ほら、どうせ男の自己申告だろ？
あれは、ほら、どうせ男の自己申告だろ？
モノのサイズだって自分のより２センチは大きく言うらしいし
モノのサイズだって自分のより２センチは大きく言うらしいし
凛
凛
仮に２分短くしても、まだ秀隆は早いと思うけど？
仮に２分短くしても、まだ秀隆は早いと思うけど？
秀隆
秀隆
早漏なのは火星人の宿命なんだよ！　……多分
早漏なのは火星人の宿命なんだよ！　……多分
秀隆
秀隆
それに、早いかも知れないけど、我慢しようと思えば出来るっ
それに、早いかも知れないけど、我慢しようと思えば出来るっ
凛
凛
じゃあ、我慢してもらおうかな？　記録更新狙ってもらうわよ
じゃあ、我慢してもらおうかな？　記録更新狙ってもらうわよ
秀隆
秀隆
お、おう。どんとこい
お、おう。どんとこい
凛は不適に笑うと、いやらしく舌先をオレの先に絡めてきた。
凛は不適に笑うと、いやらしく舌先をオレの先に絡めてきた。
そして、自ら水着をずらし、おっぱいを露出させる。
そして、自ら水着をずらし、おっぱいを露出させる。
秀隆
秀隆
ず、ずるいぞ凛、そんないやらしい乳輪を見せ付けるなんてっ
ず、ずるいぞ凛、そんないやらしい乳輪を見せ付けるなんてっ
凛
凛
嫌なら見なきゃいいじゃない
嫌なら見なきゃいいじゃない
秀隆
秀隆
そ、それもそうだな
そ、それもそうだな
凛
凛
って、めっちゃ見てるし
って、めっちゃ見てるし
秀隆
秀隆
あ、ああ。ダメだと分かっていながらも、このおっぱいを一度見てしまったら……
あ、ああ。ダメだと分かっていながらも、このおっぱいを一度見てしまったら……
魅入られたように、オレはおっぱいと凛の顔を交互に見る。
魅入られたように、オレはおっぱいと凛の顔を交互に見る。
秀隆
秀隆
なんて絶景だよ……
なんて絶景だよ……
凛
凛
この分じゃ果てるのもはやそうね……
この分じゃ果てるのもはやそうね……
生乳が、オレの竿を挟み上下に何度も揺れる。
生乳が、オレの竿を挟み上下に何度も揺れる。
そのたびに形を変え、オレを誘惑してくる。
そのたびに形を変え、オレを誘惑してくる。
秀隆
秀隆
だ、ダメだ。触ったら、ダメだっ
だ、ダメだ。触ったら、ダメだっ
触れば、間違いなく射精までの時間が短くなる。
触れば、間違いなく射精までの時間が短くなる。
秀隆
秀隆
ダメだあああっ！
ダメだあああっ！
むにゅっ。
むにゅっ。
ダメだとわかっていながら、オレは凛の乳首を押した。
ダメだとわかっていながら、オレは凛の乳首を押した。
凛
凛
あんっ……
あんっ……
そして、凛の可愛い声が漏れる。
そして、凛の可愛い声が漏れる。
秀隆
秀隆
姉さん、僕には耐えられそうにもありません……
姉さん、僕には耐えられそうにもありません……
オレは凛の手をどけ、自らの手を添えた。
オレは凛の手をどけ、自らの手を添えた。
秀隆
秀隆
あぁ、気持ちいい……
あぁ、気持ちいい……
凛
凛
あーあ、すぐ意思が折れちゃって……それだけあたしが魅力ってこと？
あーあ、すぐ意思が折れちゃって……それだけあたしが魅力ってこと？
秀隆
秀隆
間違いなく。凛は世界で一番可愛い
間違いなく。凛は世界で一番可愛い
凛
凛
まー否定は出来ないかなぁ。あたしより可愛い子なんて、殆どいないだろうし
まー否定は出来ないかなぁ。あたしより可愛い子なんて、殆どいないだろうし
凛
凛
つか、世界一可愛いなんて安い言葉
つか、世界一可愛いなんて安い言葉
秀隆
秀隆
い、いいだろ。オレはそう思ったんだから
い、いいだろ。オレはそう思ったんだから
凛
凛
別に悪いとは思ってないわよ。安い言葉だとしても、秀隆の言ってくれたことなら嬉しいと思うし
別に悪いとは思ってないわよ。安い言葉だとしても、秀隆の言ってくれたことなら嬉しいと思うし
秀隆
秀隆
そっか……
そっか……
凛
凛
ん、ちゅ……ちゅ……後は、どれだけ我慢できるかよ……ちゅっ
ん、ちゅ……ちゅ……後は、どれだけ我慢できるかよ……ちゅっ
秀隆
秀隆
ううっ……
ううっ……
オレが直接凛のおっぱいを揉みだしたので、
オレが直接凛のおっぱいを揉みだしたので、
凛は舐めることに集中してオレを攻撃してくる。
凛は舐めることに集中してオレを攻撃してくる。
凛
凛
んっ、ちゅ、れるっ……ちゅ、ちゅっ、ちゅっ……
んっ、ちゅ、れるっ……ちゅ、ちゅっ、ちゅっ……
秀隆
秀隆
あ、ぐ……っ……
あ、ぐ……っ……
必然と、限界が近づいてくる。
必然と、限界が近づいてくる。
秀隆
秀隆
も、もうそろそろ、早漏の域は脱したよな？
も、もうそろそろ、早漏の域は脱したよな？
凛
凛
全然脱してないって……あと５分は頑張らないと
全然脱してないって……あと５分は頑張らないと
秀隆
秀隆
ご、五分！？
ご、五分！？
絶対に無理だ。
絶対に無理だ。
間違いない、オレはあと１、２分しか持たない。
間違いない、オレはあと１、２分しか持たない。
と言うか、今出そうと思えば出せるし。
と言うか、今出そうと思えば出せるし。
秀隆
秀隆
……オレは早漏なのか、やっぱり……
……オレは早漏なのか、やっぱり……
秀隆
秀隆
いや、まぁもうこの際、早漏でもいいや。凛を愛してることに変わりはない
いや、まぁもうこの際、早漏でもいいや。凛を愛してることに変わりはない
凛
凛
なに勝手に都合のいいまとめかたしてんのよ
なに勝手に都合のいいまとめかたしてんのよ
凛
凛
ほんと、普段はバカなところあるんだから……ちゅっ……そこがまぁ、可愛かったりするんだけどさ
ほんと、普段はバカなところあるんだから……ちゅっ……そこがまぁ、可愛かったりするんだけどさ
そう言う凛の巧みな言葉も、オレを絶頂へと導く布石だ。
そう言う凛の巧みな言葉も、オレを絶頂へと導く布石だ。
そんな風に言われて、嫌な男はいない。
そんな風に言われて、嫌な男はいない。
凛
凛
はむっ、ちゅ……ちゅ、んっ……はぁっ、ちゅっ……
はむっ、ちゅ……ちゅ、んっ……はぁっ、ちゅっ……
凛
凛
ちゅちゅっ、ちゅっ、れっる、ちゅ、ちゅれるっ、ちゅっ……んっ
ちゅちゅっ、ちゅっ、れっる、ちゅ、ちゅれるっ、ちゅっ……んっ
凛
凛
はむっ、ん……ん……ちゅ……
はむっ、ん……ん……ちゅ……
秀隆
秀隆
あぁ、あー……あー……
あぁ、あー……あー……
頭の中が真っ白になっていく。
頭の中が真っ白になっていく。
どうやら、限界までの２分にも、たどり着けそうにない。
どうやら、限界までの２分にも、たどり着けそうにない。
おっぱいにかける
おっぱいにかける
凛の口の中で
凛の口の中で
オレは、腰を浮かせると、半歩前に出た。
オレは、腰を浮かせると、半歩前に出た。
凛
凛
秀隆？　んむっ！
秀隆？　んむっ！
オレは、凛の口の中に先端を押し込む。
オレは、凛の口の中に先端を押し込む。
秀隆
秀隆
の、飲んでくれ、凛っ……！
の、飲んでくれ、凛っ……！
嫌がるかと思ったが、すぐに凛の舌がオレの先端を包み込んだ。
嫌がるかと思ったが、すぐに凛の舌がオレの先端を包み込んだ。
秀隆
秀隆
くっ！
くっ！
そして、凛の口内で、勢いよく飛び出す。
そして、凛の口内で、勢いよく飛び出す。
凛
凛
んんんんんっ！　んっ……んっ……ん……
んんんんんっ！　んっ……んっ……ん……
そして、それを受け止め、全部、ゆっくりと飲み干していく。
そして、それを受け止め、全部、ゆっくりと飲み干していく。
凛
凛
ん……ぷはっ……はぁっ……はぁっ……
ん……ぷはっ……はぁっ……はぁっ……
凛
凛
全くもう……バーカ……
全くもう……バーカ……
そう言いながらも、易しく微笑んでくれる。
そう言いながらも、易しく微笑んでくれる。
秀隆
秀隆
く！
く！
凛のおっぱいに、オレの白濁液が飛び出す。
凛のおっぱいに、オレの白濁液が飛び出す。
凛
凛
ちょ、すご……
ちょ、すご……
びゅびゅっと勢いのある精子が、胸にかかっていく。
びゅびゅっと勢いのある精子が、胸にかかっていく。
秀隆
秀隆
あーっ……ふーっ……
あーっ……ふーっ……
凛
凛
と、飛び出す瞬間目の前で見たけど、びっくりしたぁ……
と、飛び出す瞬間目の前で見たけど、びっくりしたぁ……
秀隆
秀隆
うー。結局早漏の汚名返上は出来なかった……
うー。結局早漏の汚名返上は出来なかった……
凛
凛
もう、冗談なんだからそんなに真に受けないでよ。それより、約束守ってね
もう、冗談なんだからそんなに真に受けないでよ。それより、約束守ってね
秀隆
秀隆
え？
え？
凛
凛
ちゃんと、おきてもらうんだからね？
ちゃんと、おきてもらうんだからね？
凛
凛
それでもって、リビングでいちゃいちゃ、するんだからね？
それでもって、リビングでいちゃいちゃ、するんだからね？
秀隆
秀隆
ああ。もちろんだ
ああ。もちろんだ
オレは凛を、強く強く抱きしめた。
オレは凛を、強く強く抱きしめた。
