競売まで、残り２週間。
競売まで、残り２週間。
オレは大河内代表と接触できず進展のない日々を送っていた。
オレは大河内代表と接触できず進展のない日々を送っていた。
今日は時間の空いた希望を連れ、例のホテルへと足を運んでいた。
今日は時間の空いた希望を連れ、例のホテルへと足を運んでいた。
希望
希望
私初めてこんな近くまできたけど、凄いねー
私初めてこんな近くまできたけど、凄いねー
秀隆
秀隆
ああ。ドリームタウンがこのホテルにどれだけ力を入れてるか
ああ。ドリームタウンがこのホテルにどれだけ力を入れてるか
良く分かる
良く分かる
オレと希望は、その場で大きなホテルを見上げた。
オレと希望は、その場で大きなホテルを見上げた。
完成前にも関わらず、大勢が集まっている。
完成前にも関わらず、大勢が集まっている。
もちろん一般人もいるだろうが、その多くはそうではない。
もちろん一般人もいるだろうが、その多くはそうではない。
このホテルで儲けようと企む両街の業者マンばかりだ。
このホテルで儲けようと企む両街の業者マンばかりだ。
オレも特務官という肩書きがなければ、この場には来なかっただろう。
オレも特務官という肩書きがなければ、この場には来なかっただろう。
秀隆
秀隆
さすがに注目度が違うよな
さすがに注目度が違うよな
希望
希望
そうだね～。でも、見に来てどうするつもりなの？
そうだね～。でも、見に来てどうするつもりなの？
秀隆
秀隆
ちょっとな
ちょっとな
オレは辺りを見渡し、目的のものを探す。
オレは辺りを見渡し、目的のものを探す。
秀隆
秀隆
美術館の絵がまだ全部確定してないかを調べにきたんだ
美術館の絵がまだ全部確定してないかを調べにきたんだ
希望
希望
そっか。松下さんが見つかる前に決まっちゃったら意味ないもんね
そっか。松下さんが見つかる前に決まっちゃったら意味ないもんね
秀隆
秀隆
そう言うこと
そう言うこと
展示の募集数に達すれば、当然それで終わり。
展示の募集数に達すれば、当然それで終わり。
松下さんを探す必要も意味もなくなってしまう。
松下さんを探す必要も意味もなくなってしまう。
希望
希望
それで、どうなんだろうね？
それで、どうなんだろうね？
秀隆
秀隆
聞いてみるのが早そうだ。すみません
聞いてみるのが早そうだ。すみません
男性
男性
はい？
はい？
ホテル前に立つ男性に声をかけた。
ホテル前に立つ男性に声をかけた。
秀隆
秀隆
このホテルでオープンする予定の、美術館の展示についてなんですが、こちらから幾つかお願いすることは出来るんでしょうか？
このホテルでオープンする予定の、美術館の展示についてなんですが、こちらから幾つかお願いすることは出来るんでしょうか？
男性
男性
美術商の方ですか？
美術商の方ですか？
秀隆
秀隆
その代理です。確認をして欲しいと頼まれまして
その代理です。確認をして欲しいと頼まれまして
男性
男性
そうですか。当ホテルでは、まだまだ希望者を募っています。
そうですか。当ホテルでは、まだまだ希望者を募っています。
ただ、恐らくあと１週間ほどで締め切られることかと思います
ただ、恐らくあと１週間ほどで締め切られることかと思います
秀隆
秀隆
わかりました、ありがとうございます
わかりました、ありがとうございます
希望
希望
１週間だって
１週間だって
秀隆
秀隆
猶予は殆どないってことだな……
猶予は殆どないってことだな……
希望
希望
探す目処は立ったの？
探す目処は立ったの？
秀隆
秀隆
残念ながら全く。失踪者を探すなんて、やりなれてないからな
残念ながら全く。失踪者を探すなんて、やりなれてないからな
秀隆
秀隆
ホープタウンじゃ、過去に事例が無いわけじゃないが、珍しい話だ。こっちは最悪仕事がなくても、最低限の生活保障はされてるから
ホープタウンじゃ、過去に事例が無いわけじゃないが、珍しい話だ。こっちは最悪仕事がなくても、最低限の生活保障はされてるから
けどドリームタウンは違う。
けどドリームタウンは違う。
仕事も金もなければ、住む場所を追われ路頭に迷う。
仕事も金もなければ、住む場所を追われ路頭に迷う。
もちろん、何かしらの理由で表の世界から逃げ出したやつもいるだろう。
もちろん、何かしらの理由で表の世界から逃げ出したやつもいるだろう。
秀隆
秀隆
そう言う人たちはどこに行ったんだ？
そう言う人たちはどこに行ったんだ？
街は広い。
街は広い。
でも、広いと言っても行ける場所なんて限られている。
でも、広いと言っても行ける場所なんて限られている。
希望
希望
えっと、下層区画、って知ってる？
えっと、下層区画、って知ってる？
秀隆
秀隆
いや……初耳だ
いや……初耳だ
聞いたことのない名前に、オレは首をかしげた。
聞いたことのない名前に、オレは首をかしげた。
希望
希望
住む場所のない人たちが、占拠した貧困街とも呼ばれてる場所があるんだ
住む場所のない人たちが、占拠した貧困街とも呼ばれてる場所があるんだ
秀隆
秀隆
そこに失踪者が集まる……松下さんが居る可能性があるってことか
そこに失踪者が集まる……松下さんが居る可能性があるってことか
希望
希望
考えられるとしたら、そこかな……。
考えられるとしたら、そこかな……。
だけど、下層区画は道も複雑に入り組んでて、一般人は殆ど立ち入らないんだ
だけど、下層区画は道も複雑に入り組んでて、一般人は殆ど立ち入らないんだ
希望
希望
中には度胸試しで入って、大怪我をして戻ってきた人もいるらしいし
中には度胸試しで入って、大怪我をして戻ってきた人もいるらしいし
秀隆
秀隆
……可能性としては十分あるな……
……可能性としては十分あるな……
秀隆
秀隆
でもインターネットじゃそんな話聞いたことがない
でもインターネットじゃそんな話聞いたことがない
希望
希望
ドリームタウンでは下層区画は街とは切り離して考えてるから
ドリームタウンでは下層区画は街とは切り離して考えてるから
希望
希望
不用意な書き込みは刑罰の対象にだってなるんだよ
不用意な書き込みは刑罰の対象にだってなるんだよ
秀隆
秀隆
なるほど。街に取っちゃ目の上のタンコブってことか
なるほど。街に取っちゃ目の上のタンコブってことか
華やかな夢の街に、危険な場所があったらイメージは大幅ダウンだ。
華やかな夢の街に、危険な場所があったらイメージは大幅ダウンだ。
まして憧れを抱くホープタウンの人々が知れば、
まして憧れを抱くホープタウンの人々が知れば、
敬遠する人が少なからず出てくることだろう。
敬遠する人が少なからず出てくることだろう。
秀隆
秀隆
そんな場所があったなんてなぁ
そんな場所があったなんてなぁ
希望
希望
行こうと思ってるなら、やめておいたほうがいいよ？
行こうと思ってるなら、やめておいたほうがいいよ？
心配そうに希望が声をかけてくれるが、引くわけには行かない。
心配そうに希望が声をかけてくれるが、引くわけには行かない。
秀隆
秀隆
危険かも知れないけど、やってみる価値はある
危険かも知れないけど、やってみる価値はある
秀隆
秀隆
おまえは連れて行けないが、場所だけ教えてくれないか？
おまえは連れて行けないが、場所だけ教えてくれないか？
希望
希望
本当に行くつもり？
本当に行くつもり？
秀隆
秀隆
ああ
ああ
こちらの表情から本気さを感じ取ったのか、
こちらの表情から本気さを感じ取ったのか、
希望はこれ以上オレを止めようとはしなかった。
希望はこれ以上オレを止めようとはしなかった。
希望
希望
じゃあせめてアドバイス。金目のものは全部置いていくこと
じゃあせめてアドバイス。金目のものは全部置いていくこと
秀隆
秀隆
携帯もか？
携帯もか？
希望
希望
壊されたり盗られたくなかったらね
壊されたり盗られたくなかったらね
秀隆
秀隆
想像するより、もっと物騒なところってことだな
想像するより、もっと物騒なところってことだな
希望
希望
生きて帰ってきてね
生きて帰ってきてね
秀隆
秀隆
……やっぱりやめておこうかな……
……やっぱりやめておこうかな……
希望
希望
じゃあやめておく？　それが賢い選択だと思うよ
じゃあやめておく？　それが賢い選択だと思うよ
秀隆
秀隆
だろうな。でも、下っ端はバカな選択も選ばなきゃいけない
だろうな。でも、下っ端はバカな選択も選ばなきゃいけない
オレは希望に下層区画の場所を聞き、そこへ向かうことにした。
オレは希望に下層区画の場所を聞き、そこへ向かうことにした。
その場所は、意外なほど身近にあった。
その場所は、意外なほど身近にあった。
誰かが監視しているわけでも、封鎖しているわけでもない。
誰かが監視しているわけでも、封鎖しているわけでもない。
細く暗い路地道を行った先にそこはあった。
細く暗い路地道を行った先にそこはあった。
明かりはどんどん少なくなり、周囲は酷く薄暗い。
明かりはどんどん少なくなり、周囲は酷く薄暗い。
秀隆
秀隆
……酷い臭いだ……
……酷い臭いだ……
アンモニア臭と言うか、人間臭い臭いが立ち込めている。
アンモニア臭と言うか、人間臭い臭いが立ち込めている。
輝かしい街として知られるドリームタウンの、影の部分、ってことか。
輝かしい街として知られるドリームタウンの、影の部分、ってことか。
秀隆
秀隆
こりゃ度胸試しには持って来いだな……
こりゃ度胸試しには持って来いだな……
予めダウンロードし、印刷しておいた地図を広げる。
予めダウンロードし、印刷しておいた地図を広げる。
例え一般人が住み着かない場所であっても、
例え一般人が住み着かない場所であっても、
正規の地区として存在する以上地図は普通に存在する。
正規の地区として存在する以上地図は普通に存在する。
後は、ここをしらみつぶしにあたって、
後は、ここをしらみつぶしにあたって、
画家がいないかどうか体当たりしていくだけだ。
画家がいないかどうか体当たりしていくだけだ。
この区画はそれほど広くない、上手くすれば半日で回ることが出来るだろう。
この区画はそれほど広くない、上手くすれば半日で回ることが出来るだろう。
もっとも、目的の人物を探し出すにはその何倍もの労力が必要だろうけどな。
もっとも、目的の人物を探し出すにはその何倍もの労力が必要だろうけどな。
男
男
おい
おい
秀隆
秀隆
え？
え？
不意に、背後から声をかけられる。
不意に、背後から声をかけられる。
男
男
金出せ
金出せ
秀隆
秀隆
…………
…………
立ち入るなり１分と経たずして、絡まれた。
立ち入るなり１分と経たずして、絡まれた。
秀隆
秀隆
申し訳ないけど、金はないよ
申し訳ないけど、金はないよ
オレはわざと内ポケットをズボンから出して見せた。
オレはわざと内ポケットをズボンから出して見せた。
男
男
携帯や腕時計は？
携帯や腕時計は？
秀隆
秀隆
それもない
それもない
ジャンプして見たりして、証拠を見せる。
ジャンプして見たりして、証拠を見せる。
あーよかった、希望のアドバイスどおりにしてきて。
あーよかった、希望のアドバイスどおりにしてきて。
これなら盗られる心配もない。
これなら盗られる心配もない。
男
男
なら脱げ
なら脱げ
秀隆
秀隆
……はい？
……はい？
男
男
脱げって言ったんだ
脱げって言ったんだ
秀隆
秀隆
じょ、冗談でしょ。男に犯される気はないぞ！
じょ、冗談でしょ。男に犯される気はないぞ！
男
男
なに言ってやがる。服とズボン、それから靴だ。下着は勘弁してやる
なに言ってやがる。服とズボン、それから靴だ。下着は勘弁してやる
秀隆
秀隆
も、もしかして、衣類のカツアゲ……？
も、もしかして、衣類のカツアゲ……？
男
男
痛い目を見る前に脱いだ方が賢いぞ、あんちゃん
痛い目を見る前に脱いだ方が賢いぞ、あんちゃん
秀隆
秀隆
まじっすか……
まじっすか……
幸い男は一人で、それほど体格も良くない。
幸い男は一人で、それほど体格も良くない。
オレだけでもなんとかなるかもしれ
オレだけでもなんとかなるかもしれ
男
男
俺もバカじゃない。あんちゃんの考えくらいわかるぞ？
俺もバカじゃない。あんちゃんの考えくらいわかるぞ？
そう言うと、男は奥を指差した。
そう言うと、男は奥を指差した。
そこでは数人の男たちがこちらの様子を窺っている。
そこでは数人の男たちがこちらの様子を窺っている。
男
男
悪いことは言わない。脱げ
悪いことは言わない。脱げ
秀隆
秀隆
あーなるほどなるほど……
あーなるほどなるほど……
秀隆
秀隆
サヨナラ！！
サヨナラ！！
オレは一目散に逃げ出した。
オレは一目散に逃げ出した。
…………。
…………。
……。
……。
希望
希望
随分早いお帰りだったね
随分早いお帰りだったね
秀隆
秀隆
物騒すぎるぞあそこ！　瞬く間にカツアゲされそうになった！
物騒すぎるぞあそこ！　瞬く間にカツアゲされそうになった！
希望
希望
だから言ったじゃない。凄く危ない場所だって
だから言ったじゃない。凄く危ない場所だって
秀隆
秀隆
ありゃ命が幾つあっても足りないぞ……
ありゃ命が幾つあっても足りないぞ……
希望
希望
これで懲りた？
これで懲りた？
秀隆
秀隆
……対策を練る
……対策を練る
希望
希望
諦めてはないんだ。それは、いいことだと思うけどさ
諦めてはないんだ。それは、いいことだと思うけどさ
少しだけ心配そうな表情を見せる。
少しだけ心配そうな表情を見せる。
希望
希望
本当に無理だけはしないでね
本当に無理だけはしないでね
秀隆
秀隆
ありがとな、心配してくれて
ありがとな、心配してくれて
希望
希望
秀隆くんは大切な友達だもん。当然だよ
秀隆くんは大切な友達だもん。当然だよ
秀隆
秀隆
そうか
そうか
希望
希望
ボディーガードとか、連れて行くほうがいいよね
ボディーガードとか、連れて行くほうがいいよね
秀隆
秀隆
そうだなぁ……
そうだなぁ……
希望
希望
あっ。あの人なら
あっ。あの人なら
秀隆
秀隆
ん？
ん？
希望
希望
ううん、ごめん何でもない。多分無理だね
ううん、ごめん何でもない。多分無理だね
秀隆
秀隆
？
？
何かを言いかけていたようだが、希望はそれ以上答えなかった。
何かを言いかけていたようだが、希望はそれ以上答えなかった。
でもボディーガードか。
でもボディーガードか。
それはありかも知れない。
それはありかも知れない。
秀隆
秀隆
ドリームタウンに、そんなボディーガードをレンタルしてるところはないのか？
ドリームタウンに、そんなボディーガードをレンタルしてるところはないのか？
希望
希望
レンタル？　うーん、それは知らないかな……
レンタル？　うーん、それは知らないかな……
希望
希望
多分専属の人たちばっかりなんじゃないかなあ
多分専属の人たちばっかりなんじゃないかなあ
秀隆
秀隆
そうか
そうか
マリア
マリア
島津様？
島津様？
秀隆
秀隆
あ、マリアさん！？
あ、マリアさん！？
オレと希望が話をしていると、マリアさんに遭遇した。
オレと希望が話をしていると、マリアさんに遭遇した。
屋敷以外でマリアさんと会ったのは初めてだ。
屋敷以外でマリアさんと会ったのは初めてだ。
マリアさんの少し後ろには、サングラスをかけた屈強そうな男性が２人立っている。
マリアさんの少し後ろには、サングラスをかけた屈強そうな男性が２人立っている。
どうみてもボディーガードだ。
どうみてもボディーガードだ。
マリア
マリア
お疲れ様です
お疲れ様です
秀隆
秀隆
お疲れ様です！
お疲れ様です！
希望
希望
こんにちは、マリアさん
こんにちは、マリアさん
マリア
マリア
希望様。こんにちは
希望様。こんにちは
マリア
マリア
今日もお仕事お疲れ様です
今日もお仕事お疲れ様です
秀隆
秀隆
いえ、大したことしてませんので
いえ、大したことしてませんので
希望
希望
逃げて来ただけだよね
逃げて来ただけだよね
秀隆
秀隆
よ、余計なことは言わないっ！
よ、余計なことは言わないっ！
マリア
マリア
逃げて、ですか？
逃げて、ですか？
希望
希望
秀隆くん、今下層区画の方に仕事があるみたいなんです
秀隆くん、今下層区画の方に仕事があるみたいなんです
秀隆
秀隆
こらこら、余計なことを言うもんじゃないぞ
こらこら、余計なことを言うもんじゃないぞ
希望
希望
あ、ごめん。ダメだった？
あ、ごめん。ダメだった？
秀隆
秀隆
ダメてことはないけど……
ダメてことはないけど……
いや、もちろんよくはない。
いや、もちろんよくはない。
松下吉平を探っていることは、出来る限り伏せておきたい。
松下吉平を探っていることは、出来る限り伏せておきたい。
それが例え、協力している立花家のマリアさんであってもだ。
それが例え、協力している立花家のマリアさんであってもだ。
場合によってはこの情報を誰かに利用され兼ねない。
場合によってはこの情報を誰かに利用され兼ねない。
マリア
マリア
下層区画に、お仕事ですか
下層区画に、お仕事ですか
マリアさんはそう口にしたが、オレに理由を聞いて来ることはなかった。
マリアさんはそう口にしたが、オレに理由を聞いて来ることはなかった。
この辺りは、さすがに常識をわきまえているというか、
この辺りは、さすがに常識をわきまえているというか、
相手の気持ちをよく理解してるってことだろう。
相手の気持ちをよく理解してるってことだろう。
マリア
マリア
あの場所は大変危険だとお聞きします。おひとりでは立ち入らない方がよろしいですよ
あの場所は大変危険だとお聞きします。おひとりでは立ち入らない方がよろしいですよ
秀隆
秀隆
それを今日理解したところです。危うく大ピンチでした
それを今日理解したところです。危うく大ピンチでした
秀隆
秀隆
マリアさんの後ろにいらっしゃる方は、護衛の方ですか？
マリアさんの後ろにいらっしゃる方は、護衛の方ですか？
マリア
マリア
はい。それがどうかしましたか？
はい。それがどうかしましたか？
秀隆
秀隆
その、貸し出しなんて行って……ませんよね？
その、貸し出しなんて行って……ませんよね？
マリア
マリア
貸し出しですか？
貸し出しですか？
秀隆
秀隆
あ、いえ。なんでもないんです、はい
あ、いえ。なんでもないんです、はい
マリア
マリア
下層区画に行くための護衛をつけられたいと
下層区画に行くための護衛をつけられたいと
秀隆
秀隆
なんですけど……
なんですけど……
マリア
マリア
ご相談に乗ることなら、出来るかも知れません
ご相談に乗ることなら、出来るかも知れません
秀隆
秀隆
ほんとっすか！？
ほんとっすか！？
希望
希望
思わぬ展開になったね
思わぬ展開になったね
秀隆
秀隆
よし、希望おまえはもう帰ってもいいぞ。ここからはマリアさんと話すから
よし、希望おまえはもう帰ってもいいぞ。ここからはマリアさんと話すから
希望
希望
私はまだ大丈夫だよ。気にしないでも
私はまだ大丈夫だよ。気にしないでも
秀隆
秀隆
オレが気にするんだよ。マリアさんと……むふふ
オレが気にするんだよ。マリアさんと……むふふ
希望
希望
帰ってもいいかなぁと思ったけど、一緒に居ることにするね
帰ってもいいかなぁと思ったけど、一緒に居ることにするね
どうやらオレの邪な気持ちに気づいたらしい。
どうやらオレの邪な気持ちに気づいたらしい。
近くの喫茶店らしき店へ。
近くの喫茶店らしき店へ。
マリア
マリア
それで、ボディーガードをお探しと言うことでしょうか
それで、ボディーガードをお探しと言うことでしょうか
秀隆
秀隆
はい。出来れば護衛をつけていきたいなと
はい。出来れば護衛をつけていきたいなと
秀隆
秀隆
あそこにいらっしゃる方たちのような
あそこにいらっしゃる方たちのような
少し離れた位置で、マリアさんを見守る黒服。
少し離れた位置で、マリアさんを見守る黒服。
見るからに強そうで、何かあればマリアさんを命がけで守るんだろう。
見るからに強そうで、何かあればマリアさんを命がけで守るんだろう。
マリア
マリア
立花の家には、専属のボディーガードが数名おります。
立花の家には、専属のボディーガードが数名おります。
一時的にであれば、お貸しすることも出来ますよ
一時的にであれば、お貸しすることも出来ますよ
秀隆
秀隆
それは、ぜひお願いしたいんですが
それは、ぜひお願いしたいんですが
マリア
マリア
お時間はどれほどをご予定しておりますか？
お時間はどれほどをご予定しておりますか？
秀隆
秀隆
半日、くらいで切り上げたいとは思っています
半日、くらいで切り上げたいとは思っています
マリア
マリア
半日ですね。でしたら……
半日ですね。でしたら……
マリアさんは端末を呼び出し操作を始める。
マリアさんは端末を呼び出し操作を始める。
マリア
マリア
こちらになります
こちらになります
秀隆
秀隆
拝見しますね？
拝見しますね？
何だろうと思い、覗き込む。
何だろうと思い、覗き込む。
そこに書かれてあったのは、２５００００、と言う数字。
そこに書かれてあったのは、２５００００、と言う数字。
秀隆
秀隆
もしかして……レンタル料、ですか？
もしかして……レンタル料、ですか？
マリア
マリア
貸し出しと言うことであれば、そうなります
貸し出しと言うことであれば、そうなります
厳しい現実が待っていた。
厳しい現実が待っていた。
秀隆
秀隆
２５万か……うーむ
２５万か……うーむ
特務官の経費で落とすには、非常に高額だ。
特務官の経費で落とすには、非常に高額だ。
マリア
マリア
これはあくまでも基本料金ですので、
これはあくまでも基本料金ですので、
万一の事態が発生した場合には追加料金が発生いたします
万一の事態が発生した場合には追加料金が発生いたします
さらに下に、細かな数字がたくさん並んでいる。
さらに下に、細かな数字がたくさん並んでいる。
秀隆
秀隆
下手したら５０万超えてきますね……
下手したら５０万超えてきますね……
マリア
マリア
下層区画は大変危険な場所です。それ相応のものはご用意いただかなければなりません
下層区画は大変危険な場所です。それ相応のものはご用意いただかなければなりません
希望
希望
秀隆くんには難しそうだね……
秀隆くんには難しそうだね……
秀隆
秀隆
う……うむ
う……うむ
マリア
マリア
申し訳ございませんが、こちらの金額を下回る状態では、
申し訳ございませんが、こちらの金額を下回る状態では、
私どもの人材をお貸しすることは難しいと思います
私どもの人材をお貸しすることは難しいと思います
秀隆
秀隆
そうですか……わかりました。無理言って、すみませんでした
そうですか……わかりました。無理言って、すみませんでした
マリア
マリア
いえ。ご相談いただく分には、いつでもかまいませんよ
いえ。ご相談いただく分には、いつでもかまいませんよ
マリアさんは優しい人だけど、こういうところはしっかりしている。
マリアさんは優しい人だけど、こういうところはしっかりしている。
マリア
マリア
では、私はこれで。失礼いたします
では、私はこれで。失礼いたします
秀隆
秀隆
お疲れ様です
お疲れ様です
希望
希望
お疲れ様ですー
お疲れ様ですー
オレたちはマリアさんを見送り、見えなくなるまでその場にいた。
オレたちはマリアさんを見送り、見えなくなるまでその場にいた。
秀隆
秀隆
はぁ……
はぁ……
希望
希望
残念だったね、秀隆くん
残念だったね、秀隆くん
秀隆
秀隆
人生そんなに甘くないってことだな
人生そんなに甘くないってことだな
希望
希望
護衛なしで行くのはやめたほうがいいよ？
護衛なしで行くのはやめたほうがいいよ？
秀隆
秀隆
わかってる。一人で行く勇気はないよ
わかってる。一人で行く勇気はないよ
秀隆
秀隆
一応あてがないわけじゃないから、戻って検討してみる
一応あてがないわけじゃないから、戻って検討してみる
希望
希望
私も相談くらいには乗れるから、いつでも言ってね
私も相談くらいには乗れるから、いつでも言ってね
秀隆
秀隆
ああ。ありがとな
ああ。ありがとな
秀隆
秀隆
ただいま戻りました
ただいま戻りました
まどか
まどか
お帰りなさい。今日はどうだった？
お帰りなさい。今日はどうだった？
秀隆
秀隆
松下さんの所在について調べてた。一応めぼしは付けられたよ
松下さんの所在について調べてた。一応めぼしは付けられたよ
磯部
磯部
本当か。どこなんだ？
本当か。どこなんだ？
秀隆
秀隆
ドリームタウンの下層区画と呼ばれる場所だ
ドリームタウンの下層区画と呼ばれる場所だ
磯部
磯部
聞いたことないな
聞いたことないな
秀隆
秀隆
基本的に、ネットなんかには殆ど情報がないらしい
基本的に、ネットなんかには殆ど情報がないらしい
秀隆
秀隆
その手に関する情報が載れば、瞬く間に削除されるそうだ
その手に関する情報が載れば、瞬く間に削除されるそうだ
まどか
まどか
それで、どういう場所なの？
それで、どういう場所なの？
秀隆
秀隆
仕事も家も持たない人間が集まる場所ってところだな
仕事も家も持たない人間が集まる場所ってところだな
磯部
磯部
そうか……ドリームタウンは生活の保障をしてないんだよな
そうか……ドリームタウンは生活の保障をしてないんだよな
秀隆
秀隆
昔はなかったらしいんだけど、
昔はなかったらしいんだけど、
ギャンブルや人口の増加に伴い、そう言う場所が自然に出来ていったとか
ギャンブルや人口の増加に伴い、そう言う場所が自然に出来ていったとか
まどか
まどか
華やかさの裏には、そんな陰もあったのね……
華やかさの裏には、そんな陰もあったのね……
磯部
磯部
行って見たのか？
行って見たのか？
秀隆
秀隆
でもお手上げだった。すげぇ治安の悪い場所でさ。
でもお手上げだった。すげぇ治安の悪い場所でさ。
だから、改めて作戦を練り直す必要があると思ってる
だから、改めて作戦を練り直す必要があると思ってる
磯部
磯部
そんなに物騒な場所なのか……
そんなに物騒な場所なのか……
秀隆
秀隆
そりゃもう。命のストックが何個いるやら
そりゃもう。命のストックが何個いるやら
まどか
まどか
情報は出ないかも知れないけれど、一応調べてみるわね
情報は出ないかも知れないけれど、一応調べてみるわね
秀隆
秀隆
頼むよ。下層区画、貧困街、下層地区、色々呼び名があるから注意してくれ
頼むよ。下層区画、貧困街、下層地区、色々呼び名があるから注意してくれ
まどかは頷いてパソコンと向き合った。
まどかは頷いてパソコンと向き合った。
磯部
磯部
俺も調べてみる
俺も調べてみる
秀隆
秀隆
あ、磯部はちょっと待ってくれ
あ、磯部はちょっと待ってくれ
磯部
磯部
んだよ
んだよ
秀隆
秀隆
次に下層区画に行く時は付き合ってくれるよな？
次に下層区画に行く時は付き合ってくれるよな？
磯部
磯部
絶対嫌だ
絶対嫌だ
秀隆
秀隆
な、なんでだよ。これも仕事じゃん？
な、なんでだよ。これも仕事じゃん？
磯部
磯部
そう言う危ないことはおまえがやれ
そう言う危ないことはおまえがやれ
秀隆
秀隆
オレって頭脳派じゃん？　じゃん？
オレって頭脳派じゃん？　じゃん？
磯部
磯部
どこがだよ……頭脳派なら毎日ふらふら出歩いたりしない
どこがだよ……頭脳派なら毎日ふらふら出歩いたりしない
秀隆
秀隆
一人じゃ心細いんだ。頼む。一生のお願いだ
一人じゃ心細いんだ。頼む。一生のお願いだ
磯部
磯部
こんなところで一生のお願いを使うなっ。
こんなところで一生のお願いを使うなっ。
それに、一生だろうがなんだろうが、おまえの頼みは聞かない
それに、一生だろうがなんだろうが、おまえの頼みは聞かない
秀隆
秀隆
くそ、ケチめ
くそ、ケチめ
磯部
磯部
ふん。もう俺は席に戻るぞ
ふん。もう俺は席に戻るぞ
秀隆
秀隆
あぁごめん、もうひとつだけ
あぁごめん、もうひとつだけ
秀隆
秀隆
結局昨日はどうしたんだ？
結局昨日はどうしたんだ？
磯部
磯部
なにが
なにが
秀隆
秀隆
カジノに行った後だよ。色々進展したのかなと
カジノに行った後だよ。色々進展したのかなと
磯部
磯部
別に。特に情報は得られなかった
別に。特に情報は得られなかった
秀隆
秀隆
そうじゃなくて、まどかとだよ
そうじゃなくて、まどかとだよ
磯部
磯部
は？
は？
秀隆
秀隆
余計なお節介だと思うけど、進展したのかと思ってさ
余計なお節介だと思うけど、進展したのかと思ってさ
磯部
磯部
て、てめ、こんな仕事場で何を！？
て、てめ、こんな仕事場で何を！？
秀隆
秀隆
声が大きいって！
声が大きいって！
磯部
磯部
ぐっ……！
ぐっ……！
自分の手で、慌てて口をふさぐ。
自分の手で、慌てて口をふさぐ。
秀隆
秀隆
いやさ、なんか二人を見てると不器用さを感じると言うか、
いやさ、なんか二人を見てると不器用さを感じると言うか、
学生の淡い恋愛を見ているような気分になるんだよな
学生の淡い恋愛を見ているような気分になるんだよな
磯部
磯部
うるせぇ。おまえには関係ない！
うるせぇ。おまえには関係ない！
秀隆
秀隆
あらら、行っちゃったよ……
あらら、行っちゃったよ……
どうやら、まだそう言う関係じゃないらしい。
どうやら、まだそう言う関係じゃないらしい。
磯部が奥手なだけなのか……それともまどかがそうなのか。
磯部が奥手なだけなのか……それともまどかがそうなのか。
秀隆
秀隆
関係ないんだけどさ、オレには
関係ないんだけどさ、オレには
秀隆
秀隆
ったく、今日はほんとひどい目にあったな……
ったく、今日はほんとひどい目にあったな……
危うく身包み剥がされるところだった。
危うく身包み剥がされるところだった。
秀隆
秀隆
はーしかし、どうやって調べたもんかな……
はーしかし、どうやって調べたもんかな……
オレひとりじゃ、とてもあの場所で松下さんを探すことが出来ない。
オレひとりじゃ、とてもあの場所で松下さんを探すことが出来ない。
情報が集まってきたとしても、
情報が集まってきたとしても、
肝心の捜索が出来ないんじゃ意味がないぞ。
肝心の捜索が出来ないんじゃ意味がないぞ。
何とかして、あの場所を調べられる手段を手に入れないと。
何とかして、あの場所を調べられる手段を手に入れないと。
秀隆
秀隆
裕輔くらい喧嘩が強ければなぁ……
裕輔くらい喧嘩が強ければなぁ……
秀隆
秀隆
裕輔か……
裕輔か……
希望と話した、ボディーガードのことが頭を過ぎる。
希望と話した、ボディーガードのことが頭を過ぎる。
キズナ
キズナ
ひーくんひーくん
ひーくんひーくん
日付が変わった頃、キズナが部屋に訪れた。
日付が変わった頃、キズナが部屋に訪れた。
秀隆
秀隆
どうした。もう寝る時間じゃないのか？
どうした。もう寝る時間じゃないのか？
キズナ
キズナ
そうなんですが、ちょっとお邪魔してみました
そうなんですが、ちょっとお邪魔してみました
キズナ
キズナ
構いませんか？
構いませんか？
秀隆
秀隆
ああ。大丈夫だ
ああ。大丈夫だ
オレは開いていた資料を閉じ、キズナに向き直る。
オレは開いていた資料を閉じ、キズナに向き直る。
秀隆
秀隆
ベッドにでも座ってくれ
ベッドにでも座ってくれ
キズナ
キズナ
ありがとうございます
ありがとうございます
チョンとベッドに腰を下ろす。
チョンとベッドに腰を下ろす。
秀隆
秀隆
どうだ、この生活にも慣れたか？
どうだ、この生活にも慣れたか？
キズナ
キズナ
そうですね、特に問題はないと思いますっ
そうですね、特に問題はないと思いますっ
秀隆
秀隆
記憶がないって言うのは、どんな気分なんだ？
記憶がないって言うのは、どんな気分なんだ？
キズナ
キズナ
どんな、ですか？
どんな、ですか？
秀隆
秀隆
悪い、ちょっと抽象的だったな……
悪い、ちょっと抽象的だったな……
キズナ
キズナ
生活するうえでは、ちょっと困ることもあります
生活するうえでは、ちょっと困ることもあります
キズナ
キズナ
私が知っていることと違うものが沢山ありますので
私が知っていることと違うものが沢山ありますので
秀隆
秀隆
文明の発達具合ってことだよな
文明の発達具合ってことだよな
キズナ
キズナ
はい
はい
秀隆
秀隆
地上時代か……正直、全く想像できないな
地上時代か……正直、全く想像できないな
キズナ
キズナ
歴史の教科書とかで今勉強してるんですけど、
歴史の教科書とかで今勉強してるんですけど、
このジオフロントが出来る以前のものって、ないんですか？
このジオフロントが出来る以前のものって、ないんですか？
秀隆
秀隆
全くないわけじゃないが、殆どないな
全くないわけじゃないが、殆どないな
秀隆
秀隆
オレが生まれるずっとまえに、歴史から消えたんだよ
オレが生まれるずっとまえに、歴史から消えたんだよ
キズナ
キズナ
どうしてなんですか？
どうしてなんですか？
秀隆
秀隆
必要なくなったから、だな。
必要なくなったから、だな。
地上はもう、人が住むことはできない土地になってしまった
地上はもう、人が住むことはできない土地になってしまった
秀隆
秀隆
だから、下手な夢や希望を持たせないための措置って話だ
だから、下手な夢や希望を持たせないための措置って話だ
キズナ
キズナ
なるほどっ
なるほどっ
秀隆
秀隆
ホログラムの青空は、その名残らしい
ホログラムの青空は、その名残らしい
秀隆
秀隆
かつて地上を夢見たホープタウンの人々が、
かつて地上を夢見たホープタウンの人々が、
それを忘れないために倉屋敷に頼んで作ったんだとか
それを忘れないために倉屋敷に頼んで作ったんだとか
一時期、ホログラム廃止の強い要望もあったらしい。
一時期、ホログラム廃止の強い要望もあったらしい。
電力消費の無駄になるだとか、そう言う理由だったと思う。
電力消費の無駄になるだとか、そう言う理由だったと思う。
でも結局は残った。
でも結局は残った。
それが、既にホープタウンの象徴として根付いていたからだ。
それが、既にホープタウンの象徴として根付いていたからだ。
例え地上には住めなくなったとしても、
例え地上には住めなくなったとしても、
人間は本能で空を見上げていたいと思っていたのかも知れない。
人間は本能で空を見上げていたいと思っていたのかも知れない。
秀隆
秀隆
慣れれば、何の不自由もない。良い街だから、ここは
慣れれば、何の不自由もない。良い街だから、ここは
キズナ
キズナ
それは強く感じています
それは強く感じています
キズナ
キズナ
それにどれだけの歳月が流れていても、
それにどれだけの歳月が流れていても、
何も変わらないことがあることにも気がつきました
何も変わらないことがあることにも気がつきました
秀隆
秀隆
変わらないもの？
変わらないもの？
キズナ
キズナ
人の優しさです
人の優しさです
秀隆
秀隆
…………
…………
キズナ
キズナ
ひーくんたちは、とっても優しいです
ひーくんたちは、とっても優しいです
秀隆
秀隆
……そうか。うん、いや、そうか？
……そうか。うん、いや、そうか？
キズナ
キズナ
はいっ
はいっ
迷いなく、屈託の笑みで頷いた。
迷いなく、屈託の笑みで頷いた。
秀隆
秀隆
おまえって、いつも真っ直ぐって言うか、
おまえって、いつも真っ直ぐって言うか、
その……恥ずかしいようなことも平気で言うよな
その……恥ずかしいようなことも平気で言うよな
キズナ
キズナ
そう言う性格だったのかも知れませんね。
そう言う性格だったのかも知れませんね。
言いたいと思ったことは、つい口にしちゃいます
言いたいと思ったことは、つい口にしちゃいます
ペロッと舌を出して言う姿は、素直に可愛いと思う。
ペロッと舌を出して言う姿は、素直に可愛いと思う。
もちろん、倍近い歳の差のキズナに、やましい感情は持たないが。
もちろん、倍近い歳の差のキズナに、やましい感情は持たないが。
一応胸を見る。
一応胸を見る。
うん、心は乱れないぞ。
うん、心は乱れないぞ。
キズナ
キズナ
小さくてごめんなさい
小さくてごめんなさい
どうやら、視線がバレたらしい。
どうやら、視線がバレたらしい。
キズナ
キズナ
まだまだ発展途上ですから。数年後にはナイスバディーですから
まだまだ発展途上ですから。数年後にはナイスバディーですから
秀隆
秀隆
そうなるといいな
そうなるといいな
キズナ
キズナ
そういえば、お仕事の方はどうですか？
そういえば、お仕事の方はどうですか？
キズナ
キズナ
今日も疲れて帰って来たみたいですけど
今日も疲れて帰って来たみたいですけど
秀隆
秀隆
ちょっと、遠出することが多くなってきてるからな
ちょっと、遠出することが多くなってきてるからな
秀隆
秀隆
心なしかちょっと肩も痛いかも
心なしかちょっと肩も痛いかも
キズナ
キズナ
お揉みしましょうかっ
お揉みしましょうかっ
秀隆
秀隆
え、いやいいって。そう言うつもりで言ったわけじゃないし
え、いやいいって。そう言うつもりで言ったわけじゃないし
キズナ
キズナ
遠慮しないでください。ささ、こっちへどうぞ
遠慮しないでください。ささ、こっちへどうぞ
とんとんとベッドの上を叩かれる。
とんとんとベッドの上を叩かれる。
秀隆
秀隆
……いいのか？　オレは別にそんなことを
……いいのか？　オレは別にそんなことを
させたくて同居させてるわけじゃないぞ
させたくて同居させてるわけじゃないぞ
キズナ
キズナ
お仕事で疲れて帰って来た人の
お仕事で疲れて帰って来た人の
肩を揉むくらい、当たり前のことだと思います
肩を揉むくらい、当たり前のことだと思います
秀隆
秀隆
でもな……
でもな……
アクセラにこそ揉ませたことはあるが、
アクセラにこそ揉ませたことはあるが、
こんな風に人にやってもらったことはない。
こんな風に人にやってもらったことはない。
何となく気が引けてしまう。
何となく気が引けてしまう。
キズナ
キズナ
遠慮しないでください。エッチするわけでもないんですから
遠慮しないでください。エッチするわけでもないんですから
秀隆
秀隆
ぶっ！　あ、当たり前だ！
ぶっ！　あ、当たり前だ！
なんつーことを言うんだ、こいつはっ。
なんつーことを言うんだ、こいつはっ。
秀隆
秀隆
…………
…………
エッチって、おい……キズナとの歳の差を考えろっての。
エッチって、おい……キズナとの歳の差を考えろっての。
キズナ
キズナ
あ、今ちょっと妄想入ってます？
あ、今ちょっと妄想入ってます？
秀隆
秀隆
は、入ってねーし！
は、入ってねーし！
オレはそわそわしながらも、ベッドの上に腰を下ろした。
オレはそわそわしながらも、ベッドの上に腰を下ろした。
キズナが後ろに回りこみ、小さな手をオレの肩に置いた。
キズナが後ろに回りこみ、小さな手をオレの肩に置いた。
キズナ
キズナ
強めが良いですか？　弱めがいいですか？
強めが良いですか？　弱めがいいですか？
秀隆
秀隆
強め、かな。思い切り揉んでくれ
強め、かな。思い切り揉んでくれ
キズナ
キズナ
分かりました
分かりました
秀隆
秀隆
強めじゃないと気持ちよくな
強めじゃないと気持ちよくな
ぐっと、肩がもまれる。
ぐっと、肩がもまれる。
物凄い力で……！
物凄い力で……！
秀隆
秀隆
い、いでででで！　ストップ！　ストップストップ！
い、いでででで！　ストップ！　ストップストップ！
キズナ
キズナ
はいっ？
はいっ？
秀隆
秀隆
……もうちょっと、弱めでお願いします
……もうちょっと、弱めでお願いします
キズナ
キズナ
はいっ
はいっ
ぐぐっ、ぐぐっ。
ぐぐっ、ぐぐっ。
秀隆
秀隆
っく……！
っく……！
ちょっと痛いが、気持ちいいくらいになった。
ちょっと痛いが、気持ちいいくらいになった。
キズナ
キズナ
ちょっとこってますね
ちょっとこってますね
秀隆
秀隆
だよなぁ、やっぱり……社会人の辛いところだ
だよなぁ、やっぱり……社会人の辛いところだ
キズナ
キズナ
運動とかして、血行を良くしなきゃだめですよ？
運動とかして、血行を良くしなきゃだめですよ？
秀隆
秀隆
オレの苦手分野だな……
オレの苦手分野だな……
se着信（バイブ
se着信（バイブ
心地よい気分を堪能していると、携帯が震えた。
心地よい気分を堪能していると、携帯が震えた。
秀隆
秀隆
ちょっと携帯取ってくれ
ちょっと携帯取ってくれ
キズナ
キズナ
はいですっ
はいですっ
キズナに携帯を取ってもらい、オレは確認する。
キズナに携帯を取ってもらい、オレは確認する。
メールの送り主は、希望からだった。
メールの送り主は、希望からだった。
秀隆
秀隆
来たか！
来たか！
キズナ
キズナ
わっ
わっ
思わず立ち上がると、キズナが驚いて後ろに倒れた。
思わず立ち上がると、キズナが驚いて後ろに倒れた。
秀隆
秀隆
悪い悪い
悪い悪い
キズナ
キズナ
なにかあったんですか？
なにかあったんですか？
秀隆
秀隆
ああっ
ああっ
オレに届いたメール。
オレに届いたメール。
明後日の６時から、少しだけならお父さん時間作れるって
明後日の６時から、少しだけならお父さん時間作れるって
待ちに待った連絡だった。
待ちに待った連絡だった。
秀隆
秀隆
気合入れていきますか
気合入れていきますか
…………。
…………。
……。
……。
