その翌日。
その翌日。
オレはまどかと磯部を、会議室に呼び出していた。
オレはまどかと磯部を、会議室に呼び出していた。
自らの判断でクイーンに会うことを決意し、
自らの判断でクイーンに会うことを決意し、
そして５億の追加融資の提案を受けたことを告げる。
そして５億の追加融資の提案を受けたことを告げる。
その条件面も全て。
その条件面も全て。
伏せたのはたった１つ。
伏せたのはたった１つ。
竹内氏から助言を受けた、と言うことのみ。
竹内氏から助言を受けた、と言うことのみ。
それ以外は秘密にすることなく打ち明けた。
それ以外は秘密にすることなく打ち明けた。
秀隆
秀隆
以上が、オレとクイーンが面会して、融資に出された条件だ
以上が、オレとクイーンが面会して、融資に出された条件だ
まどか
まどか
ステーションの規制緩和……またとんでもないハードルね
ステーションの規制緩和……またとんでもないハードルね
磯部
磯部
おまえが担当する企画が死に体ばっかなのは、呪いかなんかか？
おまえが担当する企画が死に体ばっかなのは、呪いかなんかか？
皮肉を言われても仕方がない。
皮肉を言われても仕方がない。
秀隆
秀隆
５億の融資ともなれば仕方ないさ
５億の融資ともなれば仕方ないさ
磯部
磯部
で、勝算は？
で、勝算は？
秀隆
秀隆
それはほら、今から二人に手伝って貰って確率をあげていくんだよ
それはほら、今から二人に手伝って貰って確率をあげていくんだよ
磯部
磯部
解散
解散
秀隆
秀隆
ちょちょ！　オレたちチームでしょ！？
ちょちょ！　オレたちチームでしょ！？
去ろうとする磯部の腕を掴む。
去ろうとする磯部の腕を掴む。
磯部
磯部
単独で行動しといて、何がチームだ。困ったときだけ頼んな
単独で行動しといて、何がチームだ。困ったときだけ頼んな
秀隆
秀隆
そう言うなって……ふーっ
そう言うなって……ふーっ
磯部
磯部
うおわあああ！　人の耳に息を吹きかけるな！
うおわあああ！　人の耳に息を吹きかけるな！
秀隆
秀隆
固くなってるようだったから、ほぐしてやろうかと
固くなってるようだったから、ほぐしてやろうかと
磯部
磯部
余計なことすんな！
余計なことすんな！
オレの体を振りほどき、あわてたように距離を取る。
オレの体を振りほどき、あわてたように距離を取る。
秀隆
秀隆
恥ずかしがり屋め
恥ずかしがり屋め
磯部
磯部
おまえ、あっちの気があるんじゃないだろうな？
おまえ、あっちの気があるんじゃないだろうな？
まどか
まどか
あっち？
あっち？
秀隆
秀隆
ないない
ないない
磯部
磯部
ほんとかよ……
ほんとかよ……
まどか
まどか
ねえ、あっちってなに？
ねえ、あっちってなに？
磯部
磯部
え？　それは……
え？　それは……
秀隆
秀隆
ホモォ……。だろ？
ホモォ……。だろ？
まどか
まどか
ほもぉ？　なにそれ
ほもぉ？　なにそれ
秀隆
秀隆
ホモ、男色ってことだよ言わせんな恥ずかしい
ホモ、男色ってことだよ言わせんな恥ずかしい
まどか
まどか
……そう言うこと。くだらないわね
……そう言うこと。くだらないわね
呆れたようにため息をつく。
呆れたようにため息をつく。
秀隆
秀隆
オレはいつでもどこでも女性大好きだからな！
オレはいつでもどこでも女性大好きだからな！
まどか
まどか
高らかに宣言するのもくだらないわよ
高らかに宣言するのもくだらないわよ
秀隆
秀隆
……はい
……はい
怒られ、しゅんとする。
怒られ、しゅんとする。
まどか
まどか
それより、どこから切り出していくか、そこが肝心よね
それより、どこから切り出していくか、そこが肝心よね
磯部
磯部
おい、真面目に協力するつもりか？
おい、真面目に協力するつもりか？
今回の件は幾らなんでも無理だぜ。相手が悪すぎる
今回の件は幾らなんでも無理だぜ。相手が悪すぎる
まどか
まどか
前回のＣＭ交渉だって、高いハードルだったわ
前回のＣＭ交渉だって、高いハードルだったわ
磯部
磯部
それとこれとは別次元だ。倉屋敷に唐沢代表に大河内代表。
それとこれとは別次元だ。倉屋敷に唐沢代表に大河内代表。
どこもかしこも、この世界で偉い順に読み上げていく名前だ
どこもかしこも、この世界で偉い順に読み上げていく名前だ
まどか
まどか
確かに無茶だとは思う。でも、追加融資を得るには、
確かに無茶だとは思う。でも、追加融資を得るには、
これ以外に有効な手はないわ。それとも何か方法がある？
これ以外に有効な手はないわ。それとも何か方法がある？
磯部
磯部
それは……銀行各所に当たるって手は残されてるだろ
それは……銀行各所に当たるって手は残されてるだろ
まどか
まどか
もちろん、これからも銀行との交渉は続けていく。
もちろん、これからも銀行との交渉は続けていく。
だけど、裏でこのクイーンからの条件提示に賭けるのも悪くない
だけど、裏でこのクイーンからの条件提示に賭けるのも悪くない
まどか
まどか
それが、丸の内さんを競売に勝たせる可能性を上げることなら
それが、丸の内さんを競売に勝たせる可能性を上げることなら
磯部
磯部
そりゃ……そうだけどな
そりゃ……そうだけどな
磯部は、どうも乗り気ではないようだった。
磯部は、どうも乗り気ではないようだった。
秀隆
秀隆
どれだけ銀行を駈けずり回っても、５億は無理だ。
どれだけ銀行を駈けずり回っても、５億は無理だ。
幸い、クイーンは返済期限は無期限、無利子と言う破格の条件を出してくれた
幸い、クイーンは返済期限は無期限、無利子と言う破格の条件を出してくれた
磯部
磯部
む、無期限な上に無利子！？
む、無期限な上に無利子！？
秀隆
秀隆
ああ。最初にそれを知った時には驚きもしたけど、
ああ。最初にそれを知った時には驚きもしたけど、
ステーションの規制緩和に力を貸すなら、それくらいは当然だろ
ステーションの規制緩和に力を貸すなら、それくらいは当然だろ
磯部
磯部
そうかも知れないが……
そうかも知れないが……
秀隆
秀隆
融資で儲けるつもりが全くないってことだ。クイーンは
融資で儲けるつもりが全くないってことだ。クイーンは
規制緩和さえ成し遂げられれば、それで十分なのだ。
規制緩和さえ成し遂げられれば、それで十分なのだ。
まどか
まどか
通常融資を受ける際に発生するリスクを、
通常融資を受ける際に発生するリスクを、
丸の内さんが悩む必要は全くないわけね
丸の内さんが悩む必要は全くないわけね
秀隆
秀隆
そう言うこと。落札できなきゃ丸々返済するだけで済む
そう言うこと。落札できなきゃ丸々返済するだけで済む
まどか
まどか
じゃあ早速、私は
じゃあ早速、私は
磯部
磯部
待て。まだ肝心の懸念要素が残ってるだろ
待て。まだ肝心の懸念要素が残ってるだろ
まどか
まどか
懸念要素？
懸念要素？
磯部
磯部
ホープタウンが規制緩和に消極的だからだ。おまえも知ってるだろ
ホープタウンが規制緩和に消極的だからだ。おまえも知ってるだろ
まどか
まどか
それはそうだけど。大多数は賛成派よ？
それはそうだけど。大多数は賛成派よ？
秀隆
秀隆
表立って強く反対しているのは唐沢代表と、一部企業だけなんだよな
表立って強く反対しているのは唐沢代表と、一部企業だけなんだよな
まどか
まどか
ええ。多くの企業は規制緩和を支持しているわ
ええ。多くの企業は規制緩和を支持しているわ
磯部
磯部
多数が賛成派でも、今規制されてる現実を見ろ。
多数が賛成派でも、今規制されてる現実を見ろ。
唐沢代表は、規制緩和がホープタウンの不利益になると思ってる
唐沢代表は、規制緩和がホープタウンの不利益になると思ってる
秀隆
秀隆
…………
…………
磯部
磯部
もちろん、それだけじゃない。竹内特務官のほうも気がかりだ。
もちろん、それだけじゃない。竹内特務官のほうも気がかりだ。
結果的に竹内特務官の顔に泥を塗る可能性だってあるだろ
結果的に竹内特務官の顔に泥を塗る可能性だってあるだろ
まどか
まどか
それは
それは
磯部
磯部
だから、このプロジェクトを遂行するとしても、
だから、このプロジェクトを遂行するとしても、
まずは竹内特務官に話をしてみるべきだ。
まずは竹内特務官に話をしてみるべきだ。
それで許可が下りるようだったら、チャレンジしてもいいと思う
それで許可が下りるようだったら、チャレンジしてもいいと思う
秀隆
秀隆
磯部の言いたいことはわかった。でも、そんなことをしたら
磯部の言いたいことはわかった。でも、そんなことをしたら
間違いなく許可は下りないだろうな
間違いなく許可は下りないだろうな
まどか
まどか
竹内特務官は、反対の立場だったかしら？
竹内特務官は、反対の立場だったかしら？
秀隆
秀隆
賛成でも反対でも関係ない。
賛成でも反対でも関係ない。
唐沢代表が反対を表明している以上、
唐沢代表が反対を表明している以上、
竹内特務官も規制には反対せざるを得ないだろう
竹内特務官も規制には反対せざるを得ないだろう
まどか
まどか
……言われると、そうかも知れない
……言われると、そうかも知れない
磯部
磯部
そう言うことだ
そう言うことだ
秀隆
秀隆
磯部の言うことはもっともだし、全て正しい。
磯部の言うことはもっともだし、全て正しい。
でも、オレはチャレンジをしてみたいと思ってる
でも、オレはチャレンジをしてみたいと思ってる
磯部
磯部
考え方によっちゃ、それは街に対する裏切りだぞ
考え方によっちゃ、それは街に対する裏切りだぞ
まどか
まどか
そうね……もう少し慎重になったほうがいいのかしら……
そうね……もう少し慎重になったほうがいいのかしら……
磯部
磯部
だろ？　少なくとも今すぐ行動を起こすのはやめておくべきだ
だろ？　少なくとも今すぐ行動を起こすのはやめておくべきだ
まどかに迷いが生じ、場の流れが変わり始める。
まどかに迷いが生じ、場の流れが変わり始める。
オレはテーブルにパンと手のひらを置き、注目を集めた。
オレはテーブルにパンと手のひらを置き、注目を集めた。
秀隆
秀隆
悪いが引くつもりはない。
悪いが引くつもりはない。
丸の内さんに勝たせるためにオレは全力を尽くす
丸の内さんに勝たせるためにオレは全力を尽くす
秀隆
秀隆
それがオレに課せられた使命だ
それがオレに課せられた使命だ
磯部
磯部
わかんねえやつだなお前も。
わかんねえやつだなお前も。
１つの中小企業と街を天秤にかけるのはおかしいって言ってんだ
１つの中小企業と街を天秤にかけるのはおかしいって言ってんだ
秀隆
秀隆
オレは特務官として丸の内社長から依頼を受けた。
オレは特務官として丸の内社長から依頼を受けた。
なら、自分に出来ることは全てやろうと思う
なら、自分に出来ることは全てやろうと思う
磯部
磯部
丸の内社長を助けて街が滅んでもいいのか
丸の内社長を助けて街が滅んでもいいのか
秀隆
秀隆
企業と街を比べることが、そもそもナンセン
企業と街を比べることが、そもそもナンセン
オレは言いかけた言葉を止める。
オレは言いかけた言葉を止める。
秀隆
秀隆
そうか……分かった
そうか……分かった
秀隆
秀隆
わかったよ
わかったよ
磯部
磯部
やっと理解してくれたようだな。クイーンの話はなかったことにしよう
やっと理解してくれたようだな。クイーンの話はなかったことにしよう
まどか
まどか
残念だけど、新しいプランの立て直しね
残念だけど、新しいプランの立て直しね
秀隆
秀隆
そうじゃない
そうじゃない
磯部
磯部
なに？
なに？
秀隆
秀隆
磯部やまどかを納得させるために、何をすればいいのかが分かったってことだ
磯部やまどかを納得させるために、何をすればいいのかが分かったってことだ
磯部
磯部
つまり、竹内特務官に許可を取るってことか？
つまり、竹内特務官に許可を取るってことか？
秀隆
秀隆
それは現実的じゃない。恐らく承諾することはないだろう
それは現実的じゃない。恐らく承諾することはないだろう
まどか
まどか
だったら、何をするつもりなの？
だったら、何をするつもりなの？
秀隆
秀隆
少し時間をくれ
少し時間をくれ
オレは席を立つ。
オレは席を立つ。
磯部
磯部
どこ行くんだよ
どこ行くんだよ
秀隆
秀隆
ちょっとな
ちょっとな
まどか
まどか
ちょっとって、ほんといつも勝手なんだから
ちょっとって、ほんといつも勝手なんだから
磯部
磯部
行っちまいやがった。何なんだよあいつは
行っちまいやがった。何なんだよあいつは
まどか
まどか
一度こうと決めたら、自分が納得するまで折れないから。彼は
一度こうと決めたら、自分が納得するまで折れないから。彼は
まどか
まどか
相変わらずっていうかなんて言うか
相変わらずっていうかなんて言うか
まどか
まどか
ちょっとずつ昔に戻ってきてる気がする……
ちょっとずつ昔に戻ってきてる気がする……
磯部
磯部
……まどか
……まどか
まどか
まどか
あ、なに？　どうしたの、磯部くん
あ、なに？　どうしたの、磯部くん
磯部
磯部
いや……なんでもない
いや……なんでもない
まどか
まどか
そう？
そう？
seキーボードを叩く音 (1
seキーボードを叩く音 (1
オフィスに戻ったオレは、端末の操作を始めた。
オフィスに戻ったオレは、端末の操作を始めた。
今のオレと磯部たちとの間には１つの大きな溝がある。
今のオレと磯部たちとの間には１つの大きな溝がある。
それを埋めるためにしなければならないこと
それを埋めるためにしなければならないこと
それは、本当にホープタウンにとって不利益なのかどうかだ。
それは、本当にホープタウンにとって不利益なのかどうかだ。
se5時のチャイムS
se5時のチャイムS
資料と睨めっこを続けていると、あっという間に終業時刻になった。
資料と睨めっこを続けていると、あっという間に終業時刻になった。
秀隆
秀隆
こりゃ今日は徹夜かな……
こりゃ今日は徹夜かな……
助特務官女性
助特務官女性
お疲れ様です
お疲れ様です
特務官男性
特務官男性
お疲れ様です
お疲れ様です
次々と皆帰っていく。
次々と皆帰っていく。
磯部
磯部
お疲れさまです
お疲れさまです
１時間ほどの残業が過ぎた頃、磯部もタイムカードを切った。
１時間ほどの残業が過ぎた頃、磯部もタイムカードを切った。
秀隆
秀隆
こうしてみると、皆結構残業してるんだよな
こうしてみると、皆結構残業してるんだよな
まどか
まどか
区切りの良いところまで働いておかないと、
区切りの良いところまで働いておかないと、
結局次の日に苦労することになるもの
結局次の日に苦労することになるもの
まどか
まどか
島津くんは定時に帰ることが多いわよね
島津くんは定時に帰ることが多いわよね
秀隆
秀隆
面目ない……
面目ない……
まどか
まどか
感心してるのよ。島津くん、特務官たちの間で話題になってるの知ってる？
感心してるのよ。島津くん、特務官たちの間で話題になってるの知ってる？
秀隆
秀隆
話題って、もしかして格好いい、とか！？
話題って、もしかして格好いい、とか！？
まどか
まどか
あのね……
あのね……
秀隆
秀隆
そんな甘いこと期待してないての……
そんな甘いこと期待してないての……
まどか
まどか
ちょと残念なくせに
ちょと残念なくせに
秀隆
秀隆
う……
う……
まどか
まどか
資料整理のことよ。すごく丁寧で迅速、間違いがないって評判よ
資料整理のことよ。すごく丁寧で迅速、間違いがないって評判よ
秀隆
秀隆
そういうことか。それくらいはちゃんとやらないと恥ずかしいだろ
そういうことか。それくらいはちゃんとやらないと恥ずかしいだろ
まどか
まどか
島津くんは簡単だって言うかも知れないけど、
島津くんは簡単だって言うかも知れないけど、
資料整理ひとつだって、すごく大変で難しいことなんだから
資料整理ひとつだって、すごく大変で難しいことなんだから
まどか
まどか
あなたは同じ時間で倍作業してるのに、定時に帰れてる。
あなたは同じ時間で倍作業してるのに、定時に帰れてる。
本来ならそれが一番素晴らしいことよ
本来ならそれが一番素晴らしいことよ
秀隆
秀隆
そういうもんかねぇ
そういうもんかねぇ
気が付けば、室内には残り数人になっていた。
気が付けば、室内には残り数人になっていた。
秀隆
秀隆
おまえもそろそろ帰りか？
おまえもそろそろ帰りか？
まどか
まどか
ううん、私はもう少し残業するつもり
ううん、私はもう少し残業するつもり
秀隆
秀隆
そうか。帰るときはいつも磯部と一緒だもんな
そうか。帰るときはいつも磯部と一緒だもんな
まどか
まどか
なに、その言い方。磯部くんと帰らないと変？
なに、その言い方。磯部くんと帰らないと変？
秀隆
秀隆
いや、別に……
いや、別に……
オレは自分の席に戻る。
オレは自分の席に戻る。
時刻は午後９時を回った。
時刻は午後９時を回った。
秀隆
秀隆
くーーーーっ。椅子に座りっぱなしだとそれはそれで疲れる……
くーーーーっ。椅子に座りっぱなしだとそれはそれで疲れる……
ぐるりと室内を見渡すと、残っているのはまどかだけだった。
ぐるりと室内を見渡すと、残っているのはまどかだけだった。
秀隆
秀隆
おまえさ、いつもこんな時間まで残ってるのか？
おまえさ、いつもこんな時間まで残ってるのか？
まどか
まどか
たまにね。さすがに毎日ってわけじゃないかな
たまにね。さすがに毎日ってわけじゃないかな
ふー、と息を吐き、まどかは自分の左手を右肩へと回した。
ふー、と息を吐き、まどかは自分の左手を右肩へと回した。
まどか
まどか
デスクワークは肩に来るのよね……
デスクワークは肩に来るのよね……
秀隆
秀隆
おまえは昔から凝り性だよな
おまえは昔から凝り性だよな
まどか
まどか
試験勉強のときも、痛くて痛くて……懐かしいわね
試験勉強のときも、痛くて痛くて……懐かしいわね
オレは一区切り終え、端末の操作を終了した。
オレは一区切り終え、端末の操作を終了した。
オレはまどかの席へと向かい、端末を覗き込む。
オレはまどかの席へと向かい、端末を覗き込む。
秀隆
秀隆
まだ暫くかかるのか？
まだ暫くかかるのか？
まどか
まどか
ううん、そろそろ終わり
ううん、そろそろ終わり
秀隆
秀隆
そうか
そうか
辛そうに肩を揉むまどか。
辛そうに肩を揉むまどか。
秀隆
秀隆
肩、揉んでやろうか？
肩、揉んでやろうか？
まどか
まどか
ええっ、いいわよそんなの
ええっ、いいわよそんなの
秀隆
秀隆
遠慮するなって
遠慮するなって
まどか
まどか
もう……どういうつもり？
もう……どういうつもり？
秀隆
秀隆
そんないきなり怪訝そうな顔を見せるなよ。安心しろ。
そんないきなり怪訝そうな顔を見せるなよ。安心しろ。
おっと手が滑ったぁ！とか言って胸揉んだりはしねえよ
おっと手が滑ったぁ！とか言って胸揉んだりはしねえよ
まどか
まどか
それ、自分で自分が危険だって言ってるようなものよ……
それ、自分で自分が危険だって言ってるようなものよ……
秀隆
秀隆
ほら、いいからやらせてみろって
ほら、いいからやらせてみろって
オレはまどかの手をどけ、自分の手を肩に置いた。
オレはまどかの手をどけ、自分の手を肩に置いた。
そして、力を込め肩を揉む。
そして、力を込め肩を揉む。
まどか
まどか
ちょっと……ん……もうっ、強引ね……
ちょっと……ん……もうっ、強引ね……
秀隆
秀隆
日頃頑張ってるご褒美だ
日頃頑張ってるご褒美だ
まどか
まどか
ご褒美って、私は当たり前のことをしてるだけよ……
ご褒美って、私は当たり前のことをしてるだけよ……
秀隆
秀隆
その当たり前っていうのが難しいんだ。資料整理のようにな
その当たり前っていうのが難しいんだ。資料整理のようにな
まどか
まどか
そんな上手いこと言ったって何もでないんだから
そんな上手いこと言ったって何もでないんだから
まどかは心地よさそうに目を細めた。
まどかは心地よさそうに目を細めた。
秀隆
秀隆
すげぇ凝ってるな。まるで石みたいだな
すげぇ凝ってるな。まるで石みたいだな
まどか
まどか
それは言いすぎ。でも……気持ちいい……
それは言いすぎ。でも……気持ちいい……
秀隆
秀隆
お前は思い切り強くされるのが好きだったよな？
お前は思い切り強くされるのが好きだったよな？
まどか
まどか
ええ
ええ
ぐっぐっと力を込めてやる。
ぐっぐっと力を込めてやる。
もちろん、ある程度セーブした上での話しだ。
もちろん、ある程度セーブした上での話しだ。
学生のときにも、度々肩を揉んでやったことがあったっけ。
学生のときにも、度々肩を揉んでやったことがあったっけ。
まどか
まどか
ふぅ……
ふぅ……
安堵のようなため息を漏らし、まどかは目を閉じた。
安堵のようなため息を漏らし、まどかは目を閉じた。
まどか
まどか
このまま、専属マッサージ師にしたいくらい
このまま、専属マッサージ師にしたいくらい
秀隆
秀隆
褒めてくれるのは嬉しいが、それは勘弁してくれ
褒めてくれるのは嬉しいが、それは勘弁してくれ
まどか
まどか
ふふ、マッサージ師の才能があるんじゃない？
ふふ、マッサージ師の才能があるんじゃない？
秀隆
秀隆
そんなもんないって。まどかだからコツが分かるんだよ
そんなもんないって。まどかだからコツが分かるんだよ
秀隆
秀隆
昔は何十何百と肩を揉まされたからな
昔は何十何百と肩を揉まされたからな
まどか
まどか
揉まされたって、別に強要した覚えは―――あんまりないわよ
揉まされたって、別に強要した覚えは―――あんまりないわよ
秀隆
秀隆
いやいや、３回に２回は強要だったぞ
いやいや、３回に２回は強要だったぞ
まどか
まどか
そう？　……忘れた
そう？　……忘れた
秀隆
秀隆
ったく、都合がいいな
ったく、都合がいいな
秀隆
秀隆
…………
…………
こうして肩を揉んでいると、まどかの匂いが鼻に届く。
こうして肩を揉んでいると、まどかの匂いが鼻に届く。
それのせいか、何故か懐かしい気持ちに囚われてしまう。
それのせいか、何故か懐かしい気持ちに囚われてしまう。
いかんいかん。
いかんいかん。
もう、過去の話だ。
もう、過去の話だ。
今まどかには磯部がいるし、それを邪魔するつもりもない。
今まどかには磯部がいるし、それを邪魔するつもりもない。
邪念を振り払うようにして肩を揉み続けた。
邪念を振り払うようにして肩を揉み続けた。
まどか
まどか
ありがとう。だいぶ楽になった
ありがとう。だいぶ楽になった
秀隆
秀隆
どう致しまして
どう致しまして
まどか
まどか
島津くんの方、どうなったの？
島津くんの方、どうなったの？
秀隆
秀隆
鋭意資料作成中だ。でも、もう少し時間がかかる
鋭意資料作成中だ。でも、もう少し時間がかかる
まどか
まどか
どう？　磯部くんを納得させられそう？
どう？　磯部くんを納得させられそう？
秀隆
秀隆
どうかな。半々ってところさ……
どうかな。半々ってところさ……
まどか
まどか
その様子だと、９０％はいけると思ってるでしょ
その様子だと、９０％はいけると思ってるでしょ
秀隆
秀隆
なんだそりゃ
なんだそりゃ
まどか
まどか
あなたが半々っていう時、大体そうだもの。今思い出した
あなたが半々っていう時、大体そうだもの。今思い出した
秀隆
秀隆
さぁ、どうだったかな
さぁ、どうだったかな
まどか
まどか
……懐かしいわね……
……懐かしいわね……
秀隆
秀隆
だな……
だな……
まどか
まどか
…………
…………
秀隆
秀隆
…………
…………
まどか
まどか
じゃあ、私はそろそろ帰るわね
じゃあ、私はそろそろ帰るわね
秀隆
秀隆
あ、ああ。また明日な
あ、ああ。また明日な
オレたちは、一緒にオフィスを出たが、すぐに別れた。
オレたちは、一緒にオフィスを出たが、すぐに別れた。
…………。
…………。
……。
……。
