…………。
…………。
……。
……。
秀隆
秀隆
…………
…………
静まり返った教室。
静まり返った教室。
本日は朝からテストを行っていた。
本日は朝からテストを行っていた。
今は国語のテストの真っ最中だ。
今は国語のテストの真っ最中だ。
生徒たちは真剣な表情でスクリーンに視線を落としている。
生徒たちは真剣な表情でスクリーンに視線を落としている。
テストの点数が悪ければ、休日に登校させられるとあって、生徒たちは必死だ。
テストの点数が悪ければ、休日に登校させられるとあって、生徒たちは必死だ。
この時間、オレたち教師がするべきことは、カンニングの注意だけ。
この時間、オレたち教師がするべきことは、カンニングの注意だけ。
ま、ここのクラスは心配ないと思うが……。
ま、ここのクラスは心配ないと思うが……。
課せられた役目のため、オレは１時間教室内をゆっくりと往復した。
課せられた役目のため、オレは１時間教室内をゆっくりと往復した。
…………。
…………。
……。
……。
萩野
萩野
あ～、終わった～！
あ～、終わった～！
秋
秋
喜ぶのはいいけど、ちゃんと出来たの？
喜ぶのはいいけど、ちゃんと出来たの？
萩野
萩野
んっと、それは、まぁ、いいじゃないっ
んっと、それは、まぁ、いいじゃないっ
秋
秋
もう……また補習になっても知らないから
もう……また補習になっても知らないから
昼休み時間になり、生徒たちは一斉におしゃべりに花を咲かせ出した。
昼休み時間になり、生徒たちは一斉におしゃべりに花を咲かせ出した。
オレは教室を引き上げる前に、少しだけ話しかけてみることにした。
オレは教室を引き上げる前に、少しだけ話しかけてみることにした。
秀隆
秀隆
秋、テスト上手く出来たか？
秋、テスト上手く出来たか？
秋
秋
兄さん……そう、ですね。普通だったと思います
兄さん……そう、ですね。普通だったと思います
萩野
萩野
秋ちゃんの普通は、９０点以上だと思うんだよねっ
秋ちゃんの普通は、９０点以上だと思うんだよねっ
秀隆
秀隆
いつも高得点だからな。優秀な妹で兄としても誇らしいぞ
いつも高得点だからな。優秀な妹で兄としても誇らしいぞ
秋
秋
ありがとうございます
ありがとうございます
秀隆
秀隆
萩野もありがとうな、いつも秋と遊んでくれて
萩野もありがとうな、いつも秋と遊んでくれて
萩野
萩野
秋ちゃん可愛いもん。お喋りも楽しいし
秋ちゃん可愛いもん。お喋りも楽しいし
秋
秋
もう、さやかったら
もう、さやかったら
秀隆
秀隆
帰りに遊ぶのもいいけど、遅くなりすぎないようにな
帰りに遊ぶのもいいけど、遅くなりすぎないようにな
秋
秋
はい
はい
萩野
萩野
相変わらず仲がいいね、お二人は
相変わらず仲がいいね、お二人は
秀隆
秀隆
そりゃ二人っきりの兄妹だからな。なあ？
そりゃ二人っきりの兄妹だからな。なあ？
秋
秋
ええ
ええ
小さく秋が頷く。
小さく秋が頷く。
萩野
萩野
あ、これから秋ちゃんとお昼行くんだけど、先生もどうかな？
あ、これから秋ちゃんとお昼行くんだけど、先生もどうかな？
秀隆
秀隆
いや、遠慮しとくよ。友達同士の中に割って入るつもりはないし
いや、遠慮しとくよ。友達同士の中に割って入るつもりはないし
萩野
萩野
そんなの気にしなくていいのに。ねえ？
そんなの気にしなくていいのに。ねえ？
秀隆
秀隆
それにほら、女子生徒と飯なんて、悪い噂が立ちかねないだろ
それにほら、女子生徒と飯なんて、悪い噂が立ちかねないだろ
萩野
萩野
節操をわきまえてるってこと？
節操をわきまえてるってこと？
秀隆
秀隆
当然だろ。臨時とは言え、オレは教師だからな
当然だろ。臨時とは言え、オレは教師だからな
フッ、と前髪をかき上げる。
フッ、と前髪をかき上げる。
秋
秋
でも兄さん、先日Ｃ組の浜崎さんに、
でも兄さん、先日Ｃ組の浜崎さんに、
ご飯食べようって声かけてましたよね？
ご飯食べようって声かけてましたよね？
秀隆
秀隆
なっ、なんでそれを！？
なっ、なんでそれを！？
絶対に秘密だぞ、って浜崎のヤツには釘を刺しておいたのに！
絶対に秘密だぞ、って浜崎のヤツには釘を刺しておいたのに！
萩野
萩野
あ、その話私も知ってる。本当だったんだ
あ、その話私も知ってる。本当だったんだ
お、恐るべし女の子ネットワーク……。
お、恐るべし女の子ネットワーク……。
萩野
萩野
浜崎さん、巨乳で可愛いもんねぇ
浜崎さん、巨乳で可愛いもんねぇ
秀隆
秀隆
お、オレは別に巨乳だからって話しかけたわけじゃなくてだな……
お、オレは別に巨乳だからって話しかけたわけじゃなくてだな……
秋
秋
苦しいですよ、兄さん。兄さんの好みは、多分殆どの生徒が知ってます
苦しいですよ、兄さん。兄さんの好みは、多分殆どの生徒が知ってます
秀隆
秀隆
う……
う……
そういえば、先日も当たり前のように片桐が知ってたな……。
そういえば、先日も当たり前のように片桐が知ってたな……。
萩野
萩野
浜崎さんに、断られちゃったんだよね
浜崎さんに、断られちゃったんだよね
秀隆
秀隆
ぐ……そこまで知ってるのか……
ぐ……そこまで知ってるのか……
そう、オレは勇気を振り絞り浜崎に声をかけ、見事撃沈したのだった。
そう、オレは勇気を振り絞り浜崎に声をかけ、見事撃沈したのだった。
秋
秋
悪い噂はすぐ広まりますから、気をつけてください
悪い噂はすぐ広まりますから、気をつけてください
秀隆
秀隆
……はい
……はい
秀隆
秀隆
最近教師の視線が痛いと思ってたけど、もしかしたらバレてるのか？
最近教師の視線が痛いと思ってたけど、もしかしたらバレてるのか？
下手したらクビなんてことにもなりかねないな。
下手したらクビなんてことにもなりかねないな。
オレがいつまでも臨時を卒業できないワケはそこにあるのやも。
オレがいつまでも臨時を卒業できないワケはそこにあるのやも。
生徒に手を出す教師、なんてレッテルは避けなければ……。
生徒に手を出す教師、なんてレッテルは避けなければ……。
秀隆
秀隆
しかし、相変わらず仲がいいね、か
しかし、相変わらず仲がいいね、か
ちょっと苦笑いした後、一人昼食を食べることにした。
ちょっと苦笑いした後、一人昼食を食べることにした。
…………。
…………。
……。
……。
授業が終わり、細かな仕事を済ませたオレは学園を後にしていた。
授業が終わり、細かな仕事を済ませたオレは学園を後にしていた。
臨時教師って言っても、やることは教師と同じだ。
臨時教師って言っても、やることは教師と同じだ。
帰る時刻は必然、生徒たちよりも遅くなる。
帰る時刻は必然、生徒たちよりも遅くなる。
学園には、オレと同い年くらいの先生も何人かいるが、
学園には、オレと同い年くらいの先生も何人かいるが、
面と向かって話せるほど仲が良い人は一人もいない。
面と向かって話せるほど仲が良い人は一人もいない。
この歳にして、友達と呼べる人間はひとりもいなかった。
この歳にして、友達と呼べる人間はひとりもいなかった。
秀隆
秀隆
気楽でいいけど、たまに寂しくなるんだよな
気楽でいいけど、たまに寂しくなるんだよな
秀隆
秀隆
よっし、ここで爆弾をセットして、とっ
よっし、ここで爆弾をセットして、とっ
秀隆
秀隆
敵を誘ってトラップ発動！
敵を誘ってトラップ発動！
秀隆
秀隆
よーしよし。２０コンボ達成だぞ
よーしよし。２０コンボ達成だぞ
夕食を食べ終えたオレは、リビングでゲームを遊んでいた。
夕食を食べ終えたオレは、リビングでゲームを遊んでいた。
秋
秋
兄さん
兄さん
秀隆
秀隆
どうした秋。おまえもやるか？　ボムバーマン
どうした秋。おまえもやるか？　ボムバーマン
秀隆
秀隆
無実の住民を爆殺していくって爽快ゲームなんだが
無実の住民を爆殺していくって爽快ゲームなんだが
秋
秋
やりません
やりません
秀隆
秀隆
あ、そう
あ、そう
秀隆
秀隆
こっちは忙しいから、用事が無いならプレイに戻るぞ
こっちは忙しいから、用事が無いならプレイに戻るぞ
秋
秋
今日、杉村さんからお電話ありませんでした？
今日、杉村さんからお電話ありませんでした？
秀隆
秀隆
電話？　ちょっと待て
電話？　ちょっと待て
携帯を取り出し確認すると、バッテリー切れで画面は真っ暗だった。
携帯を取り出し確認すると、バッテリー切れで画面は真っ暗だった。
充電器に挿し履歴を確認すると、
充電器に挿し履歴を確認すると、
先ほど電話をかけてきていたようだった。
先ほど電話をかけてきていたようだった。
秀隆
秀隆
……杉村さんか
……杉村さんか
秋
秋
…………
…………
秀隆
秀隆
何かあったのか？
何かあったのか？
秋
秋
用件は聞いてませんが、
用件は聞いてませんが、
メールを送ったので確認するよう伝えて欲しいと頼まれたので
メールを送ったので確認するよう伝えて欲しいと頼まれたので
秀隆
秀隆
そうか、後で確認しておく
そうか、後で確認しておく
秋
秋
では私は部屋に戻ります
では私は部屋に戻ります
秀隆
秀隆
ああ
ああ
扉が閉じる。静まり返るリビング。
扉が閉じる。静まり返るリビング。
後ろを振り返ると、椅子に座って動かないアクセラの姿があった。
後ろを振り返ると、椅子に座って動かないアクセラの姿があった。
恐らく充電中なのだろう、呼びかければ反応するだろうが、放っておく。
恐らく充電中なのだろう、呼びかければ反応するだろうが、放っておく。
携帯がセンターからメールを受信したようだったので、中身を確認する。
携帯がセンターからメールを受信したようだったので、中身を確認する。
そこには後日、時間がある時に訪ねてきて欲しいと書かれてあった。
そこには後日、時間がある時に訪ねてきて欲しいと書かれてあった。
秀隆
秀隆
そういや、半年近く足を運んでない気がするな
そういや、半年近く足を運んでない気がするな
久しぶりに会いたくなったし、
久しぶりに会いたくなったし、
明日辺り学園が終わったら足を運んでみることにしよう。
明日辺り学園が終わったら足を運んでみることにしよう。
…………。
…………。
……。
……。
