秀隆
秀隆
そうか。それはまた、父親も太っ腹なことをしてくれたもんだな
そうか。それはまた、父親も太っ腹なことをしてくれたもんだな
秀隆
秀隆
娘のためにマンションを借りるなんて、さすがは社長って言ったところか
娘のためにマンションを借りるなんて、さすがは社長って言ったところか
それなら、酒を飲んでも虐待される心配はない。
それなら、酒を飲んでも虐待される心配はない。
オレも安心していられるってもんだ。
オレも安心していられるってもんだ。
裕輔
裕輔
俺も暫くは、愛佳のところで生活をするつもりだ。
俺も暫くは、愛佳のところで生活をするつもりだ。
幸い部屋は広い
幸い部屋は広い
秀隆
秀隆
それがいいな。多分１人になると、それはそれで不安だろう
それがいいな。多分１人になると、それはそれで不安だろう
裕輔
裕輔
こうなるよう裏で根回しをしてくれたのは、おまえなんだろう？
こうなるよう裏で根回しをしてくれたのは、おまえなんだろう？
秀隆
秀隆
オレは、やるべきことをやっただけさ。
オレは、やるべきことをやっただけさ。
感謝するべきは、真実を教えてくれた愛佳に、だろ？
感謝するべきは、真実を教えてくれた愛佳に、だろ？
裕輔
裕輔
そうだな……あいつを、信じてやるべきだった
そうだな……あいつを、信じてやるべきだった
愛佳は鼻歌を歌いながら、自販機で飲み物を買っていた。
愛佳は鼻歌を歌いながら、自販機で飲み物を買っていた。
裕輔
裕輔
おまえに出会わなければ、
おまえに出会わなければ、
俺たちは一生、あの暗闇から抜け出せなかっただろう
俺たちは一生、あの暗闇から抜け出せなかっただろう
秀隆
秀隆
そんな大げさな
そんな大げさな
裕輔
裕輔
大げさなものか……誰よりも、愛佳が救われた
大げさなものか……誰よりも、愛佳が救われた
裕輔
裕輔
この間は、本当にすまなかった……お前を酷く傷つけてしまった
この間は、本当にすまなかった……お前を酷く傷つけてしまった
秀隆
秀隆
いやぁ、あのパンチはほんと効きましたよ
いやぁ、あのパンチはほんと効きましたよ
秀隆
秀隆
でもオアイコです。オレも殴り返しちゃいましたし
でもオアイコです。オレも殴り返しちゃいましたし
裕輔
裕輔
素人とは思えない拳だった。身体でも鍛えていたのか？
素人とは思えない拳だった。身体でも鍛えていたのか？
秀隆
秀隆
まさか。喧嘩のイロハなんて全く知らない素人ですよ
まさか。喧嘩のイロハなんて全く知らない素人ですよ
秀隆
秀隆
これからも、愛佳さんを守ってあげてください。裕輔さん
これからも、愛佳さんを守ってあげてください。裕輔さん
裕輔
裕輔
裕輔でいい
裕輔でいい
秀隆
秀隆
じゃあ……オレも、秀隆で
じゃあ……オレも、秀隆で
そう言い、オレはすっと手を伸ばした。
そう言い、オレはすっと手を伸ばした。
秀隆
秀隆
手は殴るためだけにあるわけじゃないですからね
手は殴るためだけにあるわけじゃないですからね
裕輔
裕輔
そうだな、その通りだ
そうだな、その通りだ
差し出したオレの手を、裕輔さんはしっかりと握り締めた。
差し出したオレの手を、裕輔さんはしっかりと握り締めた。
互いに、真顔で向き合い、それから笑いあった。
互いに、真顔で向き合い、それから笑いあった。
愛佳
愛佳
はい先生。それからおにいちゃんも
はい先生。それからおにいちゃんも
愛佳
愛佳
って、何男同士で見詰め合ってんの？　ちょっとキモイ
って、何男同士で見詰め合ってんの？　ちょっとキモイ
愛佳からジュースを受け取る。
愛佳からジュースを受け取る。
愛佳の表情はまぶしいくらいに爽やかだった。
愛佳の表情はまぶしいくらいに爽やかだった。
秀隆
秀隆
ありがとな
ありがとな
愛佳
愛佳
ううん……こんなの、お礼にもならないし
ううん……こんなの、お礼にもならないし
愛佳
愛佳
まだ、信じられないくらい
まだ、信じられないくらい
静かに目を閉じると、愛佳が柔らかく微笑んだ。
静かに目を閉じると、愛佳が柔らかく微笑んだ。
そして、頬を赤らめ小さく口を開く。
そして、頬を赤らめ小さく口を開く。
愛佳
愛佳
お父さん、がね……
お父さん、がね……
愛佳
愛佳
私たちの前で、謝ったの。
私たちの前で、謝ったの。
今まで、酷く傷つけてすまなかった、って
今まで、酷く傷つけてすまなかった、って
秀隆
秀隆
……そうか
……そうか
愛佳
愛佳
それが、本心なのか、嘘なのかは分からない。
それが、本心なのか、嘘なのかは分からない。
だけど……そんな風に言われるなんて、思ってもみなかった
だけど……そんな風に言われるなんて、思ってもみなかった
愛佳
愛佳
昔のお父さんが、帰って来たように感じられたの
昔のお父さんが、帰って来たように感じられたの
裕輔
裕輔
…………
…………
隣で、裕輔が優しく笑みを浮かべながら、頷く。
隣で、裕輔が優しく笑みを浮かべながら、頷く。
愛佳
愛佳
もし、許してくれる日が来たら、帰ってきて欲しいってさ
もし、許してくれる日が来たら、帰ってきて欲しいってさ
愛佳
愛佳
まぁ当分は帰らないで、娘がいないことの寂しさを分からせてやるつもり
まぁ当分は帰らないで、娘がいないことの寂しさを分からせてやるつもり
秀隆
秀隆
ほどほどにしてやれよ？
ほどほどにしてやれよ？
愛佳
愛佳
さ、それはどうかなっ
さ、それはどうかなっ
秀隆
秀隆
それから、また困ったことがあったら、いつでも相談しろよ。
それから、また困ったことがあったら、いつでも相談しろよ。
今度は逃げずに
今度は逃げずに
愛佳
愛佳
うんっ。そうする
うんっ。そうする
愛佳
愛佳
あ、先生
あ、先生
秀隆
秀隆
ん？
ん？
愛佳
愛佳
あたし、今日で恋多き乙女は卒業するね
あたし、今日で恋多き乙女は卒業するね
秀隆
秀隆
恋多き乙女って、アレはお前、同級生の広めたデマだろ？
恋多き乙女って、アレはお前、同級生の広めたデマだろ？
愛佳
愛佳
なんだ、知ってたんだ。演じるの、結構好きだったのに
なんだ、知ってたんだ。演じるの、結構好きだったのに
秀隆
秀隆
悪い。秋に聞いたよ
悪い。秋に聞いたよ
愛佳
愛佳
ううんいいの、大したことじゃないと思ってたし。
ううんいいの、大したことじゃないと思ってたし。
って、大事なのはそう言うことじゃないの
って、大事なのはそう言うことじゃないの
愛佳
愛佳
あたしにもようやく、好きな人が出来そうってことかな
あたしにもようやく、好きな人が出来そうってことかな
秀隆
秀隆
なんだと？　どこのどいつだ！
なんだと？　どこのどいつだ！
裕輔
裕輔
それは俺のセリフ、じゃないのか？
それは俺のセリフ、じゃないのか？
秀隆
秀隆
それもそうか。いや悪い、教え子のことはどうしても気になって
それもそうか。いや悪い、教え子のことはどうしても気になって
秀隆
秀隆
しかしどこのウマの骨とも知れないヤツは、絶対認めないからな！
しかしどこのウマの骨とも知れないヤツは、絶対認めないからな！
愛佳
愛佳
あー……じゃあ無理だね。
あー……じゃあ無理だね。
多分どこの骨とも知らない男の人だから
多分どこの骨とも知らない男の人だから
愛佳
愛佳
ねえ、先生？
ねえ、先生？
秀隆
秀隆
いやオレに聞かれても……どう言うことだ？
いやオレに聞かれても……どう言うことだ？
裕輔
裕輔
さぁ、どう言う意味だろうな
さぁ、どう言う意味だろうな
裕輔は意味が分かったのか、にやりと笑う。
裕輔は意味が分かったのか、にやりと笑う。
でも、それがどう言うことなのかは教えてくれなかった。
でも、それがどう言うことなのかは教えてくれなかった。
秀隆
秀隆
さてと、それじゃ、オレはそろそろ仕事に戻る。
さてと、それじゃ、オレはそろそろ仕事に戻る。
これ以上遅くなると上司にどやされるからな
これ以上遅くなると上司にどやされるからな
秀隆
秀隆
それから、今度飲みに誘ってもいいか？
それから、今度飲みに誘ってもいいか？
裕輔
裕輔
俺でよければ、いつでも付き合おう
俺でよければ、いつでも付き合おう
愛佳
愛佳
あたしも行く
あたしも行く
秀隆
秀隆
おまえはダメだ
おまえはダメだ
愛佳
愛佳
ケチ
ケチ
秀隆
秀隆
じゃ、仲良くやれよ、片桐兄妹っ！
じゃ、仲良くやれよ、片桐兄妹っ！
…………。
…………。
……。
……。
まどか
まどか
失礼します！
失礼します！
オレたち３人は、竹内氏に呼ばれ、代表室に来ていた。
オレたち３人は、竹内氏に呼ばれ、代表室に来ていた。
唐沢
唐沢
よく来てくれたね
よく来てくれたね
竹内
竹内
早速だが、君たち３人に話がある。唐沢代表の話をよく聞くように
早速だが、君たち３人に話がある。唐沢代表の話をよく聞くように
唐沢
唐沢
今度、ホープタウンとドリームタウンにおいて、
今度、ホープタウンとドリームタウンにおいて、
共同開拓が行われることは、君たちも知ってのことだと思う
共同開拓が行われることは、君たちも知ってのことだと思う
まどか
まどか
はい
はい
それは、オレが教師のときから耳にしたことがある一大プロジェクトだ。
それは、オレが教師のときから耳にしたことがある一大プロジェクトだ。
新たな土地開拓に伴い、それぞれの街が協力して作業を行ってるって話だ。
新たな土地開拓に伴い、それぞれの街が協力して作業を行ってるって話だ。
ドリームタウンでは主に資金の援助を、
ドリームタウンでは主に資金の援助を、
ホープタウンでは技術と人材の援助を多く行っている。
ホープタウンでは技術と人材の援助を多く行っている。
唐沢
唐沢
実は先日……開拓予定の場所において問題が起きてね
実は先日……開拓予定の場所において問題が起きてね
まどか
まどか
問題、ですか？
問題、ですか？
唐沢
唐沢
地上時代の名残とでも言うべきか……古い施設が発見されたんだ
地上時代の名残とでも言うべきか……古い施設が発見されたんだ
ディスプレイに、荒廃した建物が映し出された。
ディスプレイに、荒廃した建物が映し出された。
唐沢
唐沢
現在はまだ、誰も中に立ち入っていないが、
現在はまだ、誰も中に立ち入っていないが、
近々この施設に足を踏み入れることになるだろう
近々この施設に足を踏み入れることになるだろう
唐沢
唐沢
そこで……特務官の君たちを派遣しようと思っている
そこで……特務官の君たちを派遣しようと思っている
竹内
竹内
この施設が地上時代に作られたものであることが明白である以上、
この施設が地上時代に作られたものであることが明白である以上、
街を管理する人間として情報を得ておく必要がある
街を管理する人間として情報を得ておく必要がある
竹内
竹内
君たちにはＢ班として参加してもらいたい
君たちにはＢ班として参加してもらいたい
まどか
まどか
私たちに……
私たちに……
竹内
竹内
ドリームタウン側とも話し合い、
ドリームタウン側とも話し合い、
それぞれ２チームの特務官を派遣することが決定している
それぞれ２チームの特務官を派遣することが決定している
唐沢
唐沢
引き受けてくれるかい？
引き受けてくれるかい？
まどか
まどか
も、もちろんです！
も、もちろんです！
竹内
竹内
よろしい
よろしい
竹内
竹内
佐々野くんをサポートするように頼むよ、磯部くん
佐々野くんをサポートするように頼むよ、磯部くん
磯部
磯部
はいっ！
はいっ！
竹内
竹内
それから島津くん
それから島津くん
秀隆
秀隆
はい
はい
竹内
竹内
君にも、今回のプロジェクトには参加してもらう。
君にも、今回のプロジェクトには参加してもらう。
先の食糧プラントの件において、君の行動には問題も見られた
先の食糧プラントの件において、君の行動には問題も見られた
秀隆
秀隆
申し訳ありませんでした……
申し訳ありませんでした……
竹内
竹内
しかし、君の存在がなければ、
しかし、君の存在がなければ、
後に重大な事件を引き起こしていた可能性もある
後に重大な事件を引き起こしていた可能性もある
竹内
竹内
唐沢さんが君を買われている理由が、良く分かったよ
唐沢さんが君を買われている理由が、良く分かったよ
後ろで唐沢さんがにっこりと笑った。
後ろで唐沢さんがにっこりと笑った。
竹内
竹内
君には他の者にはない着眼点に期待したい
君には他の者にはない着眼点に期待したい
まどか
まどか
…………
…………
磯部
磯部
…………
…………
竹内
竹内
ぜひ、今回のプロジェクトで、より躍進してくれたまえ
ぜひ、今回のプロジェクトで、より躍進してくれたまえ
秀隆
秀隆
全力で、がんばらせて頂きます
全力で、がんばらせて頂きます
秀隆たちが部屋を出た後、ほっと唐沢は息を吐いた。
秀隆たちが部屋を出た後、ほっと唐沢は息を吐いた。
竹内
竹内
彼がいなければ、後々大惨事になっていたかも知れませんね
彼がいなければ、後々大惨事になっていたかも知れませんね
唐沢
唐沢
うん。彼の勘のよさには恐れ入ったよ
うん。彼の勘のよさには恐れ入ったよ
竹内
竹内
勘の良さ、ですか
勘の良さ、ですか
唐沢
唐沢
うん？　何か引っかかることでも？
うん？　何か引っかかることでも？
竹内は倉屋敷より提出された書類を見ながら、一人頷く。
竹内は倉屋敷より提出された書類を見ながら、一人頷く。
竹内
竹内
いえ……
いえ……
竹内
竹内
確かに、彼には問題が見られた。それは間違いのない事実です。
確かに、彼には問題が見られた。それは間違いのない事実です。
特にこのドリームタウンへの検査依頼は間違いなく失策だ
特にこのドリームタウンへの検査依頼は間違いなく失策だ
竹内
竹内
ですが、その他の動きは、とても勘だけとは思えません
ですが、その他の動きは、とても勘だけとは思えません
竹内
竹内
倉屋敷に提出したデータの量や正確さを見ても、
倉屋敷に提出したデータの量や正確さを見ても、
彼は以前から片桐の食品に疑問を抱いていたことになります
彼は以前から片桐の食品に疑問を抱いていたことになります
竹内
竹内
だからこそ、片桐愛佳の話を信じ、行動に移したのではないでしょうか
だからこそ、片桐愛佳の話を信じ、行動に移したのではないでしょうか
唐沢
唐沢
それが彼の言う、勘、と言うやつかな
それが彼の言う、勘、と言うやつかな
竹内
竹内
とすれば、納得が行く、と言うだけの話ですが
とすれば、納得が行く、と言うだけの話ですが
唐沢
唐沢
見込みがありそうかね？
見込みがありそうかね？
竹内
竹内
それを見極めるためにも、出来れば彼をお預かりしたいですな
それを見極めるためにも、出来れば彼をお預かりしたいですな
唐沢
唐沢
島津くんを？　それは構わないが……
島津くんを？　それは構わないが……
竹内
竹内
直接育ててみたくなりましたよ。若手の特務官を
直接育ててみたくなりましたよ。若手の特務官を
唐沢
唐沢
おお。竹内くんがそう言ってくれるとは。
おお。竹内くんがそう言ってくれるとは。
僕としては願ったり叶ったりだ。もちろん賛成だよ
僕としては願ったり叶ったりだ。もちろん賛成だよ
竹内
竹内
我々の眼が節穴でなければ……
我々の眼が節穴でなければ……
彼は高坂特務官に対抗する大きな武器となるかも知れません
彼は高坂特務官に対抗する大きな武器となるかも知れません
まどか
まどか
失礼します
失礼します
３人で代表室を後にした。
３人で代表室を後にした。
扉が閉まると同時に、妙な沈黙が流れる。
扉が閉まると同時に、妙な沈黙が流れる。
まどか
まどか
…………
…………
まどか
まどか
ごめん磯部くん、先に戻っていて
ごめん磯部くん、先に戻っていて
磯部
磯部
わかった
わかった
磯部くんは終始オレを睨んでいたが、まどかに言われ歩いていった。
磯部くんは終始オレを睨んでいたが、まどかに言われ歩いていった。
秀隆
秀隆
その、先日は、色々と
その、先日は、色々と
まどか
まどか
いわないで
いわないで
まどか
まどか
結果的には、あなたは街の役に立ったんだから
結果的には、あなたは街の役に立ったんだから
まどか
まどか
でも
でも
まどか
まどか
多分あなたと私たちは、合わないと思う
多分あなたと私たちは、合わないと思う
秀隆
秀隆
…………
…………
まどか
まどか
きっとこの先も、私たちはぶつかっていくと思うし、
きっとこの先も、私たちはぶつかっていくと思うし、
あなたを素直に応援してあげることも出来ない……
あなたを素直に応援してあげることも出来ない……
まどか
まどか
……あなたは、あまりに真っ直ぐすぎる……
……あなたは、あまりに真っ直ぐすぎる……
秀隆
秀隆
心配するなって
心配するなって
まどか
まどか
島津、くん？
島津、くん？
秀隆
秀隆
おまえの言いたいことはわかってる
おまえの言いたいことはわかってる
秀隆
秀隆
だから大丈夫だ
だから大丈夫だ
まどか
まどか
…………
…………
秀隆
秀隆
これからもよろしく頼むな、佐々野さん
これからもよろしく頼むな、佐々野さん
オレは笑顔で、そう伝えた。
オレは笑顔で、そう伝えた。
…………。
…………。
……。
……。
