秀隆
秀隆
っ！
っ！
暗闇から突如、覚醒するオレ。
暗闇から突如、覚醒するオレ。
アクセラ
アクセラ
秀隆様……？　大丈夫ですか？
秀隆様……？　大丈夫ですか？
秀隆
秀隆
……アクセラか……
……アクセラか……
アクセラ
アクセラ
はい。おはようございます
はい。おはようございます
秀隆
秀隆
……おはよう、でいいのか？　今は……
……おはよう、でいいのか？　今は……
アクセラ
アクセラ
午前１０時前ですので、それで問題ないかと思われます
午前１０時前ですので、それで問題ないかと思われます
秀隆
秀隆
なんでおまえが、病院に居るんだ……
なんでおまえが、病院に居るんだ……
アクセラ
アクセラ
秀隆様の着替えなどを、お持ちしました
秀隆様の着替えなどを、お持ちしました
秀隆
秀隆
そうか……
そうか……
オレは、ぐっしょりと汗をかいていた。
オレは、ぐっしょりと汗をかいていた。
アクセラ
アクセラ
何か良くない夢でもご覧になりましたか
何か良くない夢でもご覧になりましたか
秀隆
秀隆
ま、そんなところだ……
ま、そんなところだ……
秀隆
秀隆
アンドロイドは夢を見ないのか？
アンドロイドは夢を見ないのか？
アクセラ
アクセラ
残念ながら、私には理解できない部分です
残念ながら、私には理解できない部分です
アクセラ
アクセラ
お話を聞いていると、夢は楽しくもあり、辛くもあると
お話を聞いていると、夢は楽しくもあり、辛くもあると
秀隆
秀隆
大体は、楽しくない夢だ。見たくもないものを見せられる
大体は、楽しくない夢だ。見たくもないものを見せられる
じっとりと汗をかいてしまったのが分かる。
じっとりと汗をかいてしまったのが分かる。
妙に気持ちが悪い。
妙に気持ちが悪い。
アクセラ
アクセラ
キズナ様が、今日お友達を連れてお見舞いに行くと仰っていました
キズナ様が、今日お友達を連れてお見舞いに行くと仰っていました
秀隆
秀隆
友達って……
友達って……
アクセラ
アクセラ
愛佳さまと裕輔様です
愛佳さまと裕輔様です
秀隆
秀隆
んな大げさな……
んな大げさな……
アクセラ
アクセラ
大げさではありません。秀隆様は命を落としかけたんですよ？
大げさではありません。秀隆様は命を落としかけたんですよ？
秀隆
秀隆
……落としかけたねぇ
……落としかけたねぇ
秀隆
秀隆
助かった今となっちゃ、それほど大変だったなんて認識はないけどな
助かった今となっちゃ、それほど大変だったなんて認識はないけどな
秀隆
秀隆
それに……
それに……
アクセラ
アクセラ
それに？
それに？
秀隆
秀隆
いっそ助からない方が、良かったかもな
いっそ助からない方が、良かったかもな
アクセラ
アクセラ
そんなこと仰らないで下さい。私も、皆様も悲しみます
そんなこと仰らないで下さい。私も、皆様も悲しみます
秀隆
秀隆
喜ぶ奴もいるけどな
喜ぶ奴もいるけどな
アクセラ
アクセラ
……秀隆様……
……秀隆様……
アクセラ
アクセラ
差し出がましいとは思いますが、この際ですからお聞きします
差し出がましいとは思いますが、この際ですからお聞きします
アクセラ
アクセラ
秀隆様は、どうされることを望んでおられるのですか？
秀隆様は、どうされることを望んでおられるのですか？
秀隆
秀隆
どうされること？　今更なんだよ
どうされること？　今更なんだよ
秀隆
秀隆
オレには選択肢なんてない。今のような生活を繰り返すだけだ
オレには選択肢なんてない。今のような生活を繰り返すだけだ
アクセラ
アクセラ
本当にそれで、よろしいのですか……
本当にそれで、よろしいのですか……
秀隆
秀隆
良いも悪いも、これしかない。違うか？
良いも悪いも、これしかない。違うか？
アクセラ
アクセラ
……私は、そうは思いません
……私は、そうは思いません
アクセラ
アクセラ
きっと今なら
きっと今なら
秀隆
秀隆
らしくないなアクセラ。それはあまりに感情論が過ぎる
らしくないなアクセラ。それはあまりに感情論が過ぎる
秀隆
秀隆
今までのことから考えたら、分かるだろ？
今までのことから考えたら、分かるだろ？
秀隆
秀隆
どうにもならないことだ、って
どうにもならないことだ、って
アクセラ
アクセラ
…………
…………
アクセラ
アクセラ
失礼致しました……
失礼致しました……
秀隆
秀隆
いいさ。ちゃんと前置きで差し出がましい、って言ったしな
いいさ。ちゃんと前置きで差し出がましい、って言ったしな
秀隆
秀隆
オレ自身、おまえに大きな負担をかけてるのは分かってる
オレ自身、おまえに大きな負担をかけてるのは分かってる
秀隆
秀隆
それを強く責めることなんて出来ないよ
それを強く責めることなんて出来ないよ
アクセラ
アクセラ
どうして、秀隆様はいつもそう……強いんですか？
どうして、秀隆様はいつもそう……強いんですか？
秀隆
秀隆
よせよ。そんな湿っぽくなりそうな話をしても、仕方ないだろ
よせよ。そんな湿っぽくなりそうな話をしても、仕方ないだろ
秀隆
秀隆
そうだよな？
そうだよな？
アクセラ
アクセラ
……そうですね。失礼致しました
……そうですね。失礼致しました
秀隆
秀隆
いつつ……昨日今日じゃ、やっぱりまだ身体は痛いな
いつつ……昨日今日じゃ、やっぱりまだ身体は痛いな
秀隆
秀隆
しかし、オレは誰に恨まれたんだか……
しかし、オレは誰に恨まれたんだか……
アクセラ
アクセラ
思い当たるフシは、無数にあるのではありませんか？
思い当たるフシは、無数にあるのではありませんか？
秀隆
秀隆
あの人に、あの人に、あの人……いや、誰も思い浮かばないから
あの人に、あの人に、あの人……いや、誰も思い浮かばないから
アクセラ
アクセラ
例えば、倉屋敷様とか
例えば、倉屋敷様とか
秀隆
秀隆
仮にあの人がオレを恨んだなら、今頃オレは死んでるし、
仮にあの人がオレを恨んだなら、今頃オレは死んでるし、
そもそも死体が発見されることすらないだろうな
そもそも死体が発見されることすらないだろうな
アクセラ
アクセラ
なるほど。ではその線ではありませんね
なるほど。ではその線ではありませんね
秀隆
秀隆
恐らく、オレが思い当たる人物の中にはいないだろうな
恐らく、オレが思い当たる人物の中にはいないだろうな
秀隆
秀隆
想像の斜め上を行く人間……
想像の斜め上を行く人間……
いや、果たして人間なのかどうか。
いや、果たして人間なのかどうか。
アクセラ
アクセラ
どうして、そう思われるのですか？
どうして、そう思われるのですか？
秀隆
秀隆
ホープタウンの犯罪率は極めて低い。
ホープタウンの犯罪率は極めて低い。
ごく稀に、身の丈以上を求めて罪を犯す奴はいるけどな
ごく稀に、身の丈以上を求めて罪を犯す奴はいるけどな
キズナが捕まえた男なんかは、
キズナが捕まえた男なんかは、
年間を通じても、数人しかいないような犯罪者だ。
年間を通じても、数人しかいないような犯罪者だ。
まして殺人未遂の事件なんて、下手したら１年を通じて起こらない。
まして殺人未遂の事件なんて、下手したら１年を通じて起こらない。
それだけ、リスクとリターンが見合っていないのだ。
それだけ、リスクとリターンが見合っていないのだ。
柳沢軍司。
柳沢軍司。
彼が動いている気がしてならない。
彼が動いている気がしてならない。
最近のオレは、めまぐるしいほどに情報を入手し始めていた。
最近のオレは、めまぐるしいほどに情報を入手し始めていた。
アンドロイドのことだけでなく、キズナや恭一さんのこと。
アンドロイドのことだけでなく、キズナや恭一さんのこと。
ドリームタウンの関係者が知れば口を塞ぎたくなるような存在だろう。
ドリームタウンの関係者が知れば口を塞ぎたくなるような存在だろう。
柳沢が絡んでいれば、オレを消すと言う方向に動いてもおかしくない。
柳沢が絡んでいれば、オレを消すと言う方向に動いてもおかしくない。
アクセラが家に戻った後、オレは病室で端末を操作していた。
アクセラが家に戻った後、オレは病室で端末を操作していた。
暫く休む分、出来る仕事はやっておかなければならないし、
暫く休む分、出来る仕事はやっておかなければならないし、
それに何となくジッとしていられなかった。
それに何となくジッとしていられなかった。
愛佳
愛佳
センセ、お見舞いにきたよっ！
センセ、お見舞いにきたよっ！
ガラリと、扉を開け元気な愛佳が入ってきた。
ガラリと、扉を開け元気な愛佳が入ってきた。
秀隆
秀隆
おー。わざわざ悪いな、来させてしまって
おー。わざわざ悪いな、来させてしまって
裕輔
裕輔
何を言ってるんだ。当然だろう
何を言ってるんだ。当然だろう
そう言い、裕輔も後ろから入ってきた。
そう言い、裕輔も後ろから入ってきた。
キズナ
キズナ
私が連れてきましたっ
私が連れてきましたっ
二人の表情が明るいのは、
二人の表情が明るいのは、
キズナが命に別状はないと伝えてくれたからなんだろう。
キズナが命に別状はないと伝えてくれたからなんだろう。
その小さな心遣いが助かる。
その小さな心遣いが助かる。
愛佳
愛佳
刺された、って聞いたときには心臓が止まるかと思った
刺された、って聞いたときには心臓が止まるかと思った
秀隆
秀隆
ちょっとわき腹を突かれただけだ。大げさな
ちょっとわき腹を突かれただけだ。大げさな
裕輔
裕輔
犯人は捕まったのか？
犯人は捕まったのか？
秀隆
秀隆
いや、残念ながらまだだ。今警察が色々調べてくれてる
いや、残念ながらまだだ。今警察が色々調べてくれてる
愛佳
愛佳
ホープタウンでこんな事件が起こるなんて、信じられない
ホープタウンでこんな事件が起こるなんて、信じられない
秀隆
秀隆
確かにここ最近じゃ、殺人未遂なんてなかったからなあ
確かにここ最近じゃ、殺人未遂なんてなかったからなあ
裕輔
裕輔
仕事上の怨恨か？
仕事上の怨恨か？
秀隆
秀隆
昔泣かせた女かも……
昔泣かせた女かも……
キズナ
キズナ
それはたぶん無いと思いますよ
それはたぶん無いと思いますよ
秀隆
秀隆
なんで言い切れる！　言い切れちゃう！？　どいつもこいつもっ！
なんで言い切れる！　言い切れちゃう！？　どいつもこいつもっ！
キズナ
キズナ
ひーくんは優しいですから。女性を泣かせたりはしません
ひーくんは優しいですから。女性を泣かせたりはしません
秀隆
秀隆
ま、まあな
ま、まあな
裕輔
裕輔
秀隆の扱いが上手いな
秀隆の扱いが上手いな
キズナ
キズナ
長い間一緒に暮らしていますから
長い間一緒に暮らしていますから
se医務室（杉村さん部屋）
se医務室（杉村さん部屋）
凛
凛
あれ、裕輔さんに愛佳じゃない。二人ともお見舞い？
あれ、裕輔さんに愛佳じゃない。二人ともお見舞い？
希望
希望
こんにちはっ
こんにちはっ
凛と希望だった。
凛と希望だった。
秀隆
秀隆
なんだよ、おまえらまでお見舞いに来てくれたのか？
なんだよ、おまえらまでお見舞いに来てくれたのか？
アクセラ
アクセラ
わざわざありがとうございます。
わざわざありがとうございます。
秀隆様程度の方に、こんなにも沢山の方が来てくださるなんて
秀隆様程度の方に、こんなにも沢山の方が来てくださるなんて
秀隆
秀隆
程度は余計だ程度は
程度は余計だ程度は
凛
凛
大したことはないって聞いたんだけど、一応ね
大したことはないって聞いたんだけど、一応ね
希望
希望
連絡を受けた時には、パニックだったよね凛ちゃん
連絡を受けた時には、パニックだったよね凛ちゃん
凛
凛
あ、あんただって慌ててたでしょ！
あ、あんただって慌ててたでしょ！
希望
希望
私はほら、普通に心配したから
私はほら、普通に心配したから
凛
凛
ぐぬぬぬ……
ぐぬぬぬ……
秀隆
秀隆
嬉しいけど、ほんと大げさだよ
嬉しいけど、ほんと大げさだよ
秀隆
秀隆
でも誰が連絡してくれたんだ？
でも誰が連絡してくれたんだ？
ユウキ
ユウキ
それは俺だったりしまーす
それは俺だったりしまーす
更に二人の後ろから、ユウキが姿を見せた。
更に二人の後ろから、ユウキが姿を見せた。
ユウキ
ユウキ
凛ちゃんと希望ちゃんとは、
凛ちゃんと希望ちゃんとは、
しっかり連絡先を交換しておいたのさ
しっかり連絡先を交換しておいたのさ
秀隆
秀隆
そういうことか
そういうことか
静かだった病室が、瞬く間に騒がしい場所になった。
静かだった病室が、瞬く間に騒がしい場所になった。
凛
凛
いつ退院できそうなの？
いつ退院できそうなの？
秀隆
秀隆
あと数日かな
あと数日かな
凛
凛
軽症の割に随分慎重な入院なのね
軽症の割に随分慎重な入院なのね
秀隆
秀隆
刺された時にちょっと頭を打ってさ。
刺された時にちょっと頭を打ってさ。
まぁ何事もなかったんだけど、念のための処置らしい
まぁ何事もなかったんだけど、念のための処置らしい
希望
希望
あれ？　秋ちゃんは来てないの？
あれ？　秋ちゃんは来てないの？
凛
凛
そっか、誰か足りないと思ったら秋か
そっか、誰か足りないと思ったら秋か
旅行に行ったメンバーで見れば、確かに秋だけがいない。
旅行に行ったメンバーで見れば、確かに秋だけがいない。
そのことに二人は疑問を感じたんだろう。
そのことに二人は疑問を感じたんだろう。
愛佳
愛佳
……秋ちゃんは、先生が入院してることは知ってるよね？
……秋ちゃんは、先生が入院してることは知ってるよね？
秀隆
秀隆
もちろんだ。でも別に大した怪我でもないんだし、
もちろんだ。でも別に大した怪我でもないんだし、
わざわざお見舞いに来たって、って感じだろ
わざわざお見舞いに来たって、って感じだろ
凛
凛
そりゃそうかも知れないけどさ
そりゃそうかも知れないけどさ
愛佳
愛佳
なんか、秋ちゃんの様子、変だったんだよね
なんか、秋ちゃんの様子、変だったんだよね
秀隆
秀隆
…………
…………
希望
希望
学園では秋ちゃん何て言ってたの？
学園では秋ちゃん何て言ってたの？
愛佳
愛佳
その……あまりにも普通だったって言うか。
その……あまりにも普通だったって言うか。
あたし、今日の放課後キズナから聞いたの。先生が刺されたって
あたし、今日の放課後キズナから聞いたの。先生が刺されたって
凛
凛
秋は一言も、そのことを言わなかったってこと？
秋は一言も、そのことを言わなかったってこと？
愛佳
愛佳
うん……普通に話して、ご飯食べて……
うん……普通に話して、ご飯食べて……
愛佳
愛佳
それって、幾らなんでもちょっと変かなって
それって、幾らなんでもちょっと変かなって
秀隆
秀隆
だから、大した怪我じゃなかったからだろ。それは
だから、大した怪我じゃなかったからだろ。それは
愛佳
愛佳
あたしに話すようなことじゃない、って思ったのかな？
あたしに話すようなことじゃない、って思ったのかな？
まだ友達になったばかりで、教えるまでも無いって
まだ友達になったばかりで、教えるまでも無いって
秀隆
秀隆
そうじゃない。むやみに心配させたくなかっただけだ
そうじゃない。むやみに心配させたくなかっただけだ
秀隆
秀隆
あいつはおまえのことを大切な友達に思ってるよ
あいつはおまえのことを大切な友達に思ってるよ
凛
凛
でも、あ、別に愛佳をどういうってわけじゃないけど、
でも、あ、別に愛佳をどういうってわけじゃないけど、
やっぱり聞いてるとちょっと変だと思う
やっぱり聞いてるとちょっと変だと思う
凛
凛
心配させたくないなら、怪我は大したことないって
心配させたくないなら、怪我は大したことないって
前置きした上で話せば済むことじゃない
前置きした上で話せば済むことじゃない
愛佳
愛佳
…………
…………
愛佳が下を向く。
愛佳が下を向く。
ち、秋の奴、やり方が下手なんだよ。
ち、秋の奴、やり方が下手なんだよ。
オレを幾ら嫌ってもいいが、これじゃ自分の友達を失いかねない。
オレを幾ら嫌ってもいいが、これじゃ自分の友達を失いかねない。
それだけ……オレと関わりを持ちたくない裏返しにもなるが。
それだけ……オレと関わりを持ちたくない裏返しにもなるが。
凛
凛
それに、お見舞いに来てないってのもおかしい
それに、お見舞いに来てないってのもおかしい
希望
希望
普通は考えられないよね……
普通は考えられないよね……
アクセラ
アクセラ
…………
…………
賑やかだった場の空気が変わり始める。
賑やかだった場の空気が変わり始める。
秀隆
秀隆
愛佳。もう一度言うが、あいつはおまえを大切だと思ってる
愛佳。もう一度言うが、あいつはおまえを大切だと思ってる
秀隆
秀隆
だから心配するな
だから心配するな
凛
凛
じゃあ、教えなかった理由はなんなわけ？
じゃあ、教えなかった理由はなんなわけ？
秀隆が無事だったなら、教えてあげたっていいじゃない
秀隆が無事だったなら、教えてあげたっていいじゃない
秀隆
秀隆
それは
それは
希望
希望
秀隆くんと秋ちゃんって、仲が悪いんだよね？
秀隆くんと秋ちゃんって、仲が悪いんだよね？
秀隆
秀隆
……んなことはないぞ
……んなことはないぞ
希望
希望
今まではそれほど気にしてなかったんだけど、
今まではそれほど気にしてなかったんだけど、
秋ちゃんと仲良くなってから、ちょっとそう思うようになった
秋ちゃんと仲良くなってから、ちょっとそう思うようになった
秀隆
秀隆
別に悪くないさ。不必要に仲良くしないだけで
別に悪くないさ。不必要に仲良くしないだけで
希望
希望
普通兄妹だったら、真っ先に駆けつけたっておかしくないよ
普通兄妹だったら、真っ先に駆けつけたっておかしくないよ
秀隆
秀隆
人の考え方なんて、それぞれさ
人の考え方なんて、それぞれさ
さすがに、オレの言い分を素直には受け止めてくれない。
さすがに、オレの言い分を素直には受け止めてくれない。
苦しい言い訳に聞こえるだろうな。
苦しい言い訳に聞こえるだろうな。
裕輔
裕輔
秀隆、余計かもしれないが言わせてくれ
秀隆、余計かもしれないが言わせてくれ
秀隆
秀隆
なんだよ改まって
なんだよ改まって
裕輔
裕輔
本来、兄妹の関係に赤の他人である俺たちが口を挟むべきことは何もない。だが、力になれるのなら協力させてほしい
本来、兄妹の関係に赤の他人である俺たちが口を挟むべきことは何もない。だが、力になれるのなら協力させてほしい
秀隆
秀隆
ちょ、ちょっと待ってくれ。本当になんともないぞ？
ちょ、ちょっと待ってくれ。本当になんともないぞ？
秀隆
秀隆
さっきも言ったように、大した怪我じゃないからだ
さっきも言ったように、大した怪我じゃないからだ
愛佳
愛佳
じゃあ、あたしが無理に呼んでみてもいい……？
じゃあ、あたしが無理に呼んでみてもいい……？
秀隆
秀隆
よせよせ。秋は来たがらない
よせよせ。秋は来たがらない
愛佳
愛佳
なんか変だよ、それって
なんか変だよ、それって
凛
凛
そうね。無理やり呼んじゃった方がいいかも。
そうね。無理やり呼んじゃった方がいいかも。
そしたら何か、このわけわかんない空気もなくなるでしょ
そしたら何か、このわけわかんない空気もなくなるでしょ
愛佳
愛佳
うん。一度声かけてみるね
うん。一度声かけてみるね
そう言い、部屋を退室しようとする愛佳。
そう言い、部屋を退室しようとする愛佳。
このままだと、本当に秋を呼びかねない。
このままだと、本当に秋を呼びかねない。
どうすることが正しいのか。
どうすることが正しいのか。
愛佳にも伝えてないところを見ると、
愛佳にも伝えてないところを見ると、
今オレと秋の関係は、今までで最も冷ややかになっているはずだ。
今オレと秋の関係は、今までで最も冷ややかになっているはずだ。
事実旅行の前から、だんだんと関係は酷いものになっていた。
事実旅行の前から、だんだんと関係は酷いものになっていた。
何があろうと、ここでこの話を終わらせなければいけない。
何があろうと、ここでこの話を終わらせなければいけない。
秀隆
秀隆
やめてくれ
やめてくれ
オレは、やや強い口調でその背中に言葉を投げかける。
オレは、やや強い口調でその背中に言葉を投げかける。
愛佳
愛佳
……どうして？
……どうして？
秀隆
秀隆
どうしてもだ
どうしてもだ
凛
凛
秋を呼びたくない理由でもあんの？
秋を呼びたくない理由でもあんの？
秀隆
秀隆
…………
…………
オレは少し悩んだ後、深くため息をついた。
オレは少し悩んだ後、深くため息をついた。
中途半端に仲良くしてしまったが故に生まれた必然の摩擦か。
中途半端に仲良くしてしまったが故に生まれた必然の摩擦か。
オレは頭の中で自らに残された選択肢を考える。
オレは頭の中で自らに残された選択肢を考える。
１つは、このまま秋を呼べばいいと了承すること。
１つは、このまま秋を呼べばいいと了承すること。
だが、これは解決にはならない。
だが、これは解決にはならない。
誰が声をかけたところで、恐らく秋はここに来ない。
誰が声をかけたところで、恐らく秋はここに来ない。
下手に勘ぐられないために芝居が打てるほど器用なら、
下手に勘ぐられないために芝居が打てるほど器用なら、
一度は顔を出して偽りの自分を演じているだろう。
一度は顔を出して偽りの自分を演じているだろう。
とするなら、この選択肢はリスクが大きい。
とするなら、この選択肢はリスクが大きい。
次に考えられるのは、ただ引き止めて事情を説明しない。
次に考えられるのは、ただ引き止めて事情を説明しない。
だがこれは、秋に対する全員の評価を下げかねない。
だがこれは、秋に対する全員の評価を下げかねない。
それはそれで一つの手だが、後々面倒になるだけだ。
それはそれで一つの手だが、後々面倒になるだけだ。
なら
なら
残された選択肢は、１つしかない。
残された選択肢は、１つしかない。
消去法を終えたオレは、ゆっくりと顔を上げる。
消去法を終えたオレは、ゆっくりと顔を上げる。
秀隆
秀隆
今まで黙ってたが、あいつが見舞いに来ないのには、理由がある
今まで黙ってたが、あいつが見舞いに来ないのには、理由がある
凛
凛
なによ、その理由って
なによ、その理由って
秀隆
秀隆
ここに居るメンツは、全員分かってると思うが……
ここに居るメンツは、全員分かってると思うが……
秀隆
秀隆
そう。オレと秋は仲が悪い。それも、かなりな
そう。オレと秋は仲が悪い。それも、かなりな
アクセラ
アクセラ
秀隆様……
秀隆様……
オレがそのことを口にするとは思っていなかったんだろう、
オレがそのことを口にするとは思っていなかったんだろう、
アクセラが慌てたように口を開いた。
アクセラが慌てたように口を開いた。
秀隆
秀隆
いいんだアクセラ。ここにいる皆には、
いいんだアクセラ。ここにいる皆には、
ある程度説明してもいいんじゃないか？
ある程度説明してもいいんじゃないか？
アクセラ
アクセラ
……秀隆様が、よろしいのであれば
……秀隆様が、よろしいのであれば
裕輔
裕輔
妹と、仲が悪い？　何か摩擦のようなものが
妹と、仲が悪い？　何か摩擦のようなものが
あるとは思っていたが、本当にそうなのか？
あるとは思っていたが、本当にそうなのか？
希望
希望
ちょっと、信じられない、けど……
ちょっと、信じられない、けど……
秀隆
秀隆
本当のことだ。なあ、キズナ？
本当のことだ。なあ、キズナ？
キズナ
キズナ
そうですね、確かにひーくんとあっきーは仲がよくありません
そうですね、確かにひーくんとあっきーは仲がよくありません
秀隆
秀隆
ただの兄妹喧嘩じゃない。
ただの兄妹喧嘩じゃない。
おまえらが想像するよりもずっと仲が悪いんだ
おまえらが想像するよりもずっと仲が悪いんだ
秀隆
秀隆
お互いが相手を殺したいほど憎み合う。そんなレベルだ
お互いが相手を殺したいほど憎み合う。そんなレベルだ
もちろん、そう言ったところで本当の意味では伝わらないだろう。
もちろん、そう言ったところで本当の意味では伝わらないだろう。
心のどこかでは、喧嘩しても、
心のどこかでは、喧嘩しても、
兄妹は兄妹だろうと、そんな風に考えているはずだ。
兄妹は兄妹だろうと、そんな風に考えているはずだ。
愛佳
愛佳
いつからなの……？
いつからなの……？
秀隆
秀隆
もう５年は経つかな
もう５年は経つかな
愛佳
愛佳
ご、５年？　うそ、なんで？　この間も一緒に買い物に行ったし、
ご、５年？　うそ、なんで？　この間も一緒に買い物に行ったし、
旅行にだって楽しく行ってたよね？
旅行にだって楽しく行ってたよね？
秀隆
秀隆
そりゃ、露骨に喧嘩してる様子を見せたって仕方ない。
そりゃ、露骨に喧嘩してる様子を見せたって仕方ない。
その場の空気を悪くするだけだし、装いもするさ
その場の空気を悪くするだけだし、装いもするさ
秀隆
秀隆
もういいだろ。それだけ分かれば
もういいだろ。それだけ分かれば
秀隆
秀隆
仲が悪い以上、いちいち見舞いに来させたって誰も得しない
仲が悪い以上、いちいち見舞いに来させたって誰も得しない
秀隆
秀隆
それが答えだ
それが答えだ
裕輔
裕輔
おまえは、俺に言ったはずだ。
おまえは、俺に言ったはずだ。
兄妹は仲良くしなければいけないと
兄妹は仲良くしなければいけないと
秀隆
秀隆
例外もあるさ
例外もあるさ
裕輔
裕輔
例外？　仲良くしてはいけない兄妹の例外なんてあるのか？
例外？　仲良くしてはいけない兄妹の例外なんてあるのか？
愛佳
愛佳
そんなのないと思う
そんなのないと思う
秀隆
秀隆
あるんだよ
あるんだよ
秀隆
秀隆
だからもう、放っておいてくれ
だからもう、放っておいてくれ
愛佳
愛佳
センセ……あたしが、どうして秋ちゃんにこだわるか知ってる？
センセ……あたしが、どうして秋ちゃんにこだわるか知ってる？
愛佳
愛佳
最近、秋ちゃんずっと暗いんだ。
最近、秋ちゃんずっと暗いんだ。
なんか、生きてることがちっとも楽しそうに見えない
なんか、生きてることがちっとも楽しそうに見えない
秀隆
秀隆
そうか
そうか
それもオレが原因だよ。
それもオレが原因だよ。
愛佳
愛佳
なんでそんなに、妹に無関心で居られるの？
なんでそんなに、妹に無関心で居られるの？
秀隆
秀隆
興味がないからだ。あいつのことに
興味がないからだ。あいつのことに
愛佳
愛佳
っ……
っ……
凛
凛
なにそれ。ただの喧嘩、ってレベルじゃないんじゃないの……？
なにそれ。ただの喧嘩、ってレベルじゃないんじゃないの……？
秀隆
秀隆
だから言っただろ。そう言うレベルじゃないって
だから言っただろ。そう言うレベルじゃないって
凛
凛
……秀隆……
……秀隆……
秀隆
秀隆
なあ、もうやめにしないか？
なあ、もうやめにしないか？
こんな話をしたって暗くなるだけなんだしさ
こんな話をしたって暗くなるだけなんだしさ
秀隆
秀隆
とにかく秋を責めないでやってくれ。
とにかく秋を責めないでやってくれ。
喧嘩してるオレに問題があるだけなんだよ
喧嘩してるオレに問題があるだけなんだよ
話を終わらせようと試みるが、
話を終わらせようと試みるが、
全員すぐには納得してくれないようだ。
全員すぐには納得してくれないようだ。
裕輔
裕輔
何があったんだ。おまえと妹との間に
何があったんだ。おまえと妹との間に
オレのことを責め立ててくれれば、そう思って話した。
オレのことを責め立ててくれれば、そう思って話した。
だが、裕輔や他の連中は、
だが、裕輔や他の連中は、
秋だけじゃなくオレのことまで心配してくる。
秋だけじゃなくオレのことまで心配してくる。
突き放すつもりが、ぴったりと背中に張り付かれてしまう。
突き放すつもりが、ぴったりと背中に張り付かれてしまう。
秀隆
秀隆
はーっ……まぁ、こうなるよなぁ……中途半端に話すとさ
はーっ……まぁ、こうなるよなぁ……中途半端に話すとさ
裕輔
裕輔
ここにいる人間は、全員おまえを慕って集まっている。
ここにいる人間は、全員おまえを慕って集まっている。
俺の妹も、周りの人間も、秋には世話になっている
俺の妹も、周りの人間も、秋には世話になっている
裕輔
裕輔
その二人が喧嘩しているなら、手を貸してやりたい
その二人が喧嘩しているなら、手を貸してやりたい
希望
希望
うん、私も裕輔さんと同じ気持ちだよ
うん、私も裕輔さんと同じ気持ちだよ
凛
凛
ったく面倒ね。でも、知恵くらい貸してあげる
ったく面倒ね。でも、知恵くらい貸してあげる
愛佳
愛佳
もちろんあたしだって！
もちろんあたしだって！
秀隆
秀隆
……そうか
……そうか
わかっちゃいたさ。
わかっちゃいたさ。
おまえらが、そう言う連中だって。
おまえらが、そう言う連中だって。
秀隆
秀隆
やめてくれ、って言っても聞いてはくれないよな
やめてくれ、って言っても聞いてはくれないよな
凛
凛
わかってるなら素直に話しなさい。どうせ大したことじゃないんでしょ？
わかってるなら素直に話しなさい。どうせ大したことじゃないんでしょ？
ユウキ
ユウキ
秋ちゃんのパンツを盗んだ、とかじゃね？
秋ちゃんのパンツを盗んだ、とかじゃね？
希望
希望
うわ、それは結構大事だよ？
うわ、それは結構大事だよ？
秀隆
秀隆
…………
…………
その場の流れ自体は、重たい空気から開放されようとしていた。
その場の流れ自体は、重たい空気から開放されようとしていた。
でも、この流れは、オレが望んだものじゃない。
でも、この流れは、オレが望んだものじゃない。
これじゃいけないんだ。
これじゃいけないんだ。
秀隆
秀隆
おまえたちに話して聞かせるようなことじゃない
おまえたちに話して聞かせるようなことじゃない
凛
凛
いいからいいから、話してみなさいって。
いいからいいから、話してみなさいって。
まずその内容を聞いてから、あたしたちが判断してあげるから
まずその内容を聞いてから、あたしたちが判断してあげるから
秀隆
秀隆
凛
凛
オレは全てを捨てる覚悟を決めた。
オレは全てを捨てる覚悟を決めた。
秀隆
秀隆
ちょっと黙れ
ちょっと黙れ
凛
凛
っ……
っ……
秀隆
秀隆
おまえらがお人好しなのはわかってる。
おまえらがお人好しなのはわかってる。
全員いい奴らだってこともな。でも、これ以上は押し付けだ
全員いい奴らだってこともな。でも、これ以上は押し付けだ
秀隆
秀隆
オレも秋も、助けてほしいなんて思っていない
オレも秋も、助けてほしいなんて思っていない
秀隆
秀隆
くだらない友情ごっこに、オレたちを巻き込むな
くだらない友情ごっこに、オレたちを巻き込むな
裕輔
裕輔
その言い方は、ちょっと強すぎるんじゃないか？
その言い方は、ちょっと強すぎるんじゃないか？
秀隆
秀隆
おまえもだ裕輔。余計なことをするな
おまえもだ裕輔。余計なことをするな
秀隆
秀隆
つっても、おまえ等は納得はしないんだろうさ
つっても、おまえ等は納得はしないんだろうさ
秀隆
秀隆
……だから、もう、この際だから教えておく。
……だから、もう、この際だから教えておく。
これ以上余計な深入りをしたくなくなるように
これ以上余計な深入りをしたくなくなるように
オレは吐き捨てるように、溜めていた言葉を伝える。
オレは吐き捨てるように、溜めていた言葉を伝える。
秀隆
秀隆
裕輔と愛佳は、兄妹なら仲良くして当然だと言ったな？
裕輔と愛佳は、兄妹なら仲良くして当然だと言ったな？
もちろん、前にオレが自分自身で言ったことだ。覚えてるさ
もちろん、前にオレが自分自身で言ったことだ。覚えてるさ
秀隆
秀隆
でもオレたちにそれは当てはまらない
でもオレたちにそれは当てはまらない
希望
希望
当てはまらない、なんてことは無いと思うよ。
当てはまらない、なんてことは無いと思うよ。
私は秀隆くんと秋ちゃんを見てて、兄妹だなって感じることあるし
私は秀隆くんと秋ちゃんを見てて、兄妹だなって感じることあるし
キズナ
キズナ
私だって同意見です。ちゃんと当てはまりますっ
私だって同意見です。ちゃんと当てはまりますっ
ユウキ
ユウキ
そうだぜ秀隆。無理に嫌う必要なんてないって
そうだぜ秀隆。無理に嫌う必要なんてないって
ユウキ
ユウキ
俺も協力するからさ。ちゃんと仲直りできるように
俺も協力するからさ。ちゃんと仲直りできるように
秀隆
秀隆
無理だって言ってるだろ
無理だって言ってるだろ
ユウキ
ユウキ
なんでそんな決め付けるんだよ
なんでそんな決め付けるんだよ
秀隆
秀隆
決めつけもするさ
決めつけもするさ
秀隆
秀隆
オレと秋が仲良くなんて出来ない、決定的な理由がある
オレと秋が仲良くなんて出来ない、決定的な理由がある
キズナ
キズナ
何なんですか……？　その、決定的な理由って
何なんですか……？　その、決定的な理由って
秀隆
秀隆
秋とオレは、本当の兄妹じゃないからな
秋とオレは、本当の兄妹じゃないからな
そう口にした時、オレは今まで守ってきたものを、
そう口にした時、オレは今まで守ってきたものを、
本当に捨てたんだな、そう思った。
本当に捨てたんだな、そう思った。
だが、今更後には引けない。
だが、今更後には引けない。
キズナ
キズナ
そう、なんですか？
そう、なんですか？
誰よりも驚いたのは、キズナだった。
誰よりも驚いたのは、キズナだった。
そりゃそうだろう。
そりゃそうだろう。
今の今まで、オレたちは実の兄妹のように振舞ってきたから。
今の今まで、オレたちは実の兄妹のように振舞ってきたから。
希望
希望
嘘……全然分からなかった……
嘘……全然分からなかった……
秀隆
秀隆
ま、似てない兄妹なんて腐るほど居るしな。無理も無い
ま、似てない兄妹なんて腐るほど居るしな。無理も無い
秀隆
秀隆
だが本当だ
だが本当だ
秀隆
秀隆
オレの姉さんと、秋の父親が結婚して、
オレの姉さんと、秋の父親が結婚して、
その流れで兄妹になった、本来は赤の他人だ
その流れで兄妹になった、本来は赤の他人だ
愛佳
愛佳
で、でもでも、だからって嫌う理由にはならないって
で、でもでも、だからって嫌う理由にはならないって
秀隆
秀隆
そうだな。オレも出会った当初は、
そうだな。オレも出会った当初は、
本当の妹ができたように、あいつと仲良くしていたよ
本当の妹ができたように、あいつと仲良くしていたよ
裕輔
裕輔
だったら何故？
だったら何故？
秀隆
秀隆
それも話さないと、きっとお前らは納得しないんだろうな
それも話さないと、きっとお前らは納得しないんだろうな
キズナ
キズナ
当然です。ひーくんがどう考えていても、
当然です。ひーくんがどう考えていても、
私たちは皆、二人に仲良くして欲しいと思っていますから
私たちは皆、二人に仲良くして欲しいと思っていますから
キズナ
キズナ
仲良く出来ない、明確な理由を説明してください
仲良く出来ない、明確な理由を説明してください
他の皆が、オレの態度に引いている中、
他の皆が、オレの態度に引いている中、
キズナだけは変わらず、ぐいぐいと押してくる。
キズナだけは変わらず、ぐいぐいと押してくる。
やはり、この押しを断つには、話すしかない。
やはり、この押しを断つには、話すしかない。
秀隆
秀隆
オレが……このことを人に話すのは、杉村さん以来か……
オレが……このことを人に話すのは、杉村さん以来か……
秀隆
秀隆
オレの家には両親が居ない。幼い頃に落盤事故で死んだからだ
オレの家には両親が居ない。幼い頃に落盤事故で死んだからだ
秀隆
秀隆
そんなオレを育ててくれたのは、
そんなオレを育ててくれたのは、
たった一人の肉親である、４つ年上の、オレの姉さんだ
たった一人の肉親である、４つ年上の、オレの姉さんだ
秀隆
秀隆
そんな姉さんを誰よりも誇りにしたし、誰よりも愛していた
そんな姉さんを誰よりも誇りにしたし、誰よりも愛していた
秀隆
秀隆
オレが高等学園に進学する前の話だ。
オレが高等学園に進学する前の話だ。
姉さんは仕事場で一人の男性に出会った。
姉さんは仕事場で一人の男性に出会った。
秋の実の父親である、ホープタウンの特務官だ
秋の実の父親である、ホープタウンの特務官だ
キズナ
キズナ
…………
…………
秀隆
秀隆
二人はすぐに恋に落ちた。
二人はすぐに恋に落ちた。
秋がいるように、男は結婚していたが、奥さんは病死。
秋がいるように、男は結婚していたが、奥さんは病死。
障害となるものは何一つなかった
障害となるものは何一つなかった
姉
姉
あのね、秀隆。大事な話があるの
あのね、秀隆。大事な話があるの
秀隆
秀隆
なんだよ大事な話って
なんだよ大事な話って
姉
姉
姉さん……幸せになってもいいかな……
姉さん……幸せになってもいいかな……
秀隆
秀隆
幸せ？　姉さんはオレが幸せにしてやるよ
幸せ？　姉さんはオレが幸せにしてやるよ
姉
姉
そうじゃないの。姉さん、好きな人が出来たの……
そうじゃないの。姉さん、好きな人が出来たの……
秀隆
秀隆
唯一の肉親である姉さんが、
唯一の肉親である姉さんが、
見ず知らずの男に取られることに、オレは最初嫉妬した。
見ず知らずの男に取られることに、オレは最初嫉妬した。
だけど、姉さんが幸せになれるのなら、それも仕方ないと思った
だけど、姉さんが幸せになれるのなら、それも仕方ないと思った
秀隆
秀隆
オレは受け入れたよ。姉さんを幸せにしてくれる人を
オレは受け入れたよ。姉さんを幸せにしてくれる人を
秀隆
秀隆
そして
そして
秀隆
秀隆
半年ほどして、姉さんはその男と結婚した
半年ほどして、姉さんはその男と結婚した
秀隆
秀隆
オレと秋は、そこで兄妹になったんだ
オレと秋は、そこで兄妹になったんだ
秀隆
秀隆
そこからの３年間は、本当に忙しかった。
そこからの３年間は、本当に忙しかった。
だけど、人生で一番充実していて、楽しい日々だったよ
だけど、人生で一番充実していて、楽しい日々だったよ
秀隆
秀隆
引っ込み思案で、臆病で、
引っ込み思案で、臆病で、
だけど心優しい妹が、オレは大好きだった。自慢の妹だった
だけど心優しい妹が、オレは大好きだった。自慢の妹だった
キズナ
キズナ
だったら、どうしてあっきーを嫌いになったんですか
だったら、どうしてあっきーを嫌いになったんですか
秀隆
秀隆
…………
…………
秀隆
秀隆
それは
それは
秀隆
秀隆
それは、あいつがオレの、最愛の姉さんを殺したからだ
それは、あいつがオレの、最愛の姉さんを殺したからだ
忘れもしない。
忘れもしない。
あれはオレが３年に上がって間もなく。
あれはオレが３年に上がって間もなく。
秋
秋
あの、あのね、兄さん。ひとつ考えてることがあるの……
あの、あのね、兄さん。ひとつ考えてることがあるの……
秀隆
秀隆
なんだよ改まって。言ってみろ
なんだよ改まって。言ってみろ
秋
秋
もうすぐ二人の結婚記念日だよね？　だから、お祝いがしたいの
もうすぐ二人の結婚記念日だよね？　だから、お祝いがしたいの
秀隆
秀隆
お祝い？　確か二人はレストランで食事じゃなかったか？
お祝い？　確か二人はレストランで食事じゃなかったか？
秋
秋
そうなんだけど……その前に、手作りのケーキを作りたくて
そうなんだけど……その前に、手作りのケーキを作りたくて
秀隆
秀隆
手作りって……おまえが？
手作りって……おまえが？
秋
秋
な、なんでそんな顔するの？
な、なんでそんな顔するの？
秀隆
秀隆
いや別に……まぁ、いいんじゃないか？　気持ちが大切だしな
いや別に……まぁ、いいんじゃないか？　気持ちが大切だしな
秋
秋
味も、頑張るもん……
味も、頑張るもん……
秀隆
秀隆
ほどほどにしてやってくれ……
ほどほどにしてやってくれ……
秋
秋
うんっ
うんっ
秀隆
秀隆
あの日までは、本当に普通の兄妹だった
あの日までは、本当に普通の兄妹だった
秀隆
秀隆
姉さんの誕生日を祝おうと、秋は楽しそうに笑っていた
姉さんの誕生日を祝おうと、秋は楽しそうに笑っていた
秀隆
秀隆
だが……その秋の過ぎた行動のせいで……悲劇が起きた……
だが……その秋の過ぎた行動のせいで……悲劇が起きた……
裕輔
裕輔
……悲劇？
……悲劇？
秀隆
秀隆
……あの日……オレたちの住むアパートで、爆発事故があったんだ
……あの日……オレたちの住むアパートで、爆発事故があったんだ
キズナ
キズナ
もしかして
もしかして
秀隆
秀隆
時間は夜の６時を少し過ぎた頃。
時間は夜の６時を少し過ぎた頃。
オレはまだ学園にいて、秋は友達の家を出た頃だっただろうな
オレはまだ学園にいて、秋は友達の家を出た頃だっただろうな
秀隆
秀隆
そう。その爆発に、オレの姉さんと、秋の父親が巻き込まれた
そう。その爆発に、オレの姉さんと、秋の父親が巻き込まれた
秀隆
秀隆
オレは帰り道に、立ち上る黒煙を見たよ。
オレは帰り道に、立ち上る黒煙を見たよ。
でもそれがまさか、部屋の真下の階からによる爆発だとは、夢にも思わず
でもそれがまさか、部屋の真下の階からによる爆発だとは、夢にも思わず
秀隆
秀隆
そこでオレが見た姉の死体は……見るも無残だった
そこでオレが見た姉の死体は……見るも無残だった
秀隆
秀隆
美しくて、強くて、格好いい姉ではなく、黒焦げになった……
美しくて、強くて、格好いい姉ではなく、黒焦げになった……
男か女かすらの見分けもつかない姿だった……！
男か女かすらの見分けもつかない姿だった……！
秀隆
秀隆
はぁ、っ……は……！
はぁ、っ……は……！
呼吸が粗くなる。
呼吸が粗くなる。
記憶の覚醒と共に、吐き気がこみ上げてくる。
記憶の覚醒と共に、吐き気がこみ上げてくる。
愛佳
愛佳
センセっ
センセっ
慌てて駆け寄ってくる愛佳を、オレは手で制する。
慌てて駆け寄ってくる愛佳を、オレは手で制する。
秀隆
秀隆
だ、大丈夫だ……
だ、大丈夫だ……
愛佳
愛佳
…………
…………
秀隆
秀隆
あの日、あの時、秋があんなことを言い出さなければ……
あの日、あの時、秋があんなことを言い出さなければ……
秀隆
秀隆
姉さんはあいつと食事に出かけていて、
姉さんはあいつと食事に出かけていて、
爆発に巻き込まれることはなかった
爆発に巻き込まれることはなかった
秀隆
秀隆
オレの姉さんは死なずにすんだんだ……
オレの姉さんは死なずにすんだんだ……
秀隆
秀隆
秋さえ居なければ、姉さんは死なずに済んだ……
秋さえ居なければ、姉さんは死なずに済んだ……
秀隆
秀隆
今も笑って、オレの隣に居てくれたはずなんだ……！
今も笑って、オレの隣に居てくれたはずなんだ……！
オレは吐き捨て、全員を睨みつけた。
オレは吐き捨て、全員を睨みつけた。
秋に向ける視線を、容赦なく向けてやった。
秋に向ける視線を、容赦なく向けてやった。
わかるだろ？
わかるだろ？
オレのこの張り裂けそうな想いが……。
オレのこの張り裂けそうな想いが……。
そんな風に訴えかける。
そんな風に訴えかける。
キズナ
キズナ
ひーくん……それが、あっきーを嫌う理由ですか？
ひーくん……それが、あっきーを嫌う理由ですか？
秀隆
秀隆
ああそうだ。あいつのせいで、あいつがいなければ！
ああそうだ。あいつのせいで、あいつがいなければ！
秀隆
秀隆
あんな病弱な奴が生き続けてるんだ。納得出来るか？
あんな病弱な奴が生き続けてるんだ。納得出来るか？
オレの姉さんは、ずっとずっと苦労していたな
オレの姉さんは、ずっとずっと苦労していたな
秀隆
秀隆
小さい頃から、身ひとつでオレを守っていてくれていたんだ
小さい頃から、身ひとつでオレを守っていてくれていたんだ
秀隆
秀隆
やっと、やっと掴んだ幸せだったのに……
やっと、やっと掴んだ幸せだったのに……
秀隆
秀隆
それをあいつが奪った！
それをあいつが奪った！
希望
希望
秀隆くん……
秀隆くん……
周囲の視線が、オレへと向けられる。
周囲の視線が、オレへと向けられる。
その視線は……けしてオレへの同情を見せるものじゃない。
その視線は……けしてオレへの同情を見せるものじゃない。
まるで、オレの発言を軽蔑、軽薄しているかのような……。
まるで、オレの発言を軽蔑、軽薄しているかのような……。
キズナ
キズナ
……私には、今の話が信じられません
……私には、今の話が信じられません
秀隆
秀隆
なんだと？
なんだと？
キズナ
キズナ
もちろん、話そのものは事実なんだと思います。
もちろん、話そのものは事実なんだと思います。
私が信じられないのは、『そんなこと』であっきーを嫌っているひーくんです
私が信じられないのは、『そんなこと』であっきーを嫌っているひーくんです
秀隆
秀隆
どういう意味だ……
どういう意味だ……
オレは自分でも少し信じられないほど、怒りを込めた声で言う。
オレは自分でも少し信じられないほど、怒りを込めた声で言う。
それでも物怖じしないのは、さすがキズナと言うところだった。
それでも物怖じしないのは、さすがキズナと言うところだった。
キズナ
キズナ
確かにお姉さんたちは不幸な事故に巻き込まれました。
確かにお姉さんたちは不幸な事故に巻き込まれました。
でも、それはあっきーを責めることには全く繋がりません
でも、それはあっきーを責めることには全く繋がりません
秀隆
秀隆
ふざけるな。あいつがいなければ、姉さんは死ななかった！
ふざけるな。あいつがいなければ、姉さんは死ななかった！
腕を振るい、キズナたちが用意してくれた花の花瓶を突き飛ばす。
腕を振るい、キズナたちが用意してくれた花の花瓶を突き飛ばす。
seガラス割れる1
seガラス割れる1
愛佳
愛佳
っ！
っ！
秀隆
秀隆
おまえら赤の他人に、オレの気持ちを理解してほしいとは思ってない。ただ、どういう理由で秋を嫌っているか教えただけに過ぎない
おまえら赤の他人に、オレの気持ちを理解してほしいとは思ってない。ただ、どういう理由で秋を嫌っているか教えただけに過ぎない
秀隆
秀隆
おまえらがどう考えようと、オレはあいつを許さない
おまえらがどう考えようと、オレはあいつを許さない
秀隆
秀隆
わかったか！
わかったか！
愛佳
愛佳
せ、先生……
せ、先生……
秀隆
秀隆
分かったなら、二度とオレと秋を仲直りさせようと思うな
分かったなら、二度とオレと秋を仲直りさせようと思うな
裕輔
裕輔
俺はお前に救われた身だ。だが、それは間違っていると言わせてもらう
俺はお前に救われた身だ。だが、それは間違っていると言わせてもらう
裕輔
裕輔
その逆恨みで、妹を何年も苦しませているのは、許せそうにない
その逆恨みで、妹を何年も苦しませているのは、許せそうにない
裕輔が静かな怒りをあらわにする。
裕輔が静かな怒りをあらわにする。
殆ど知りもしない秋のことで、本心から怒っているのか。
殆ど知りもしない秋のことで、本心から怒っているのか。
秀隆
秀隆
妹？　だから言っただろ形だけだって
妹？　だから言っただろ形だけだって
秀隆
秀隆
あいつは本当の妹なんかじゃない。他人なんだ
あいつは本当の妹なんかじゃない。他人なんだ
裕輔
裕輔
しかし
しかし
秀隆
秀隆
もう黙れよ。余計なお世話なんだよ、裕輔
もう黙れよ。余計なお世話なんだよ、裕輔
裕輔
裕輔
…………
…………
希望
希望
わ、私は……それでも、秋ちゃんと仲良くして欲しいよ
わ、私は……それでも、秋ちゃんと仲良くして欲しいよ
希望
希望
こんなの秀隆くんらしくない。私、嫌だよ……
こんなの秀隆くんらしくない。私、嫌だよ……
秀隆
秀隆
何がらしくないだ。お前とオレに、どれだけ深い接点があるって言うんだ
何がらしくないだ。お前とオレに、どれだけ深い接点があるって言うんだ
秀隆
秀隆
半年か？　一年か？　お前と過ごしたのはたったそれくらいだ
半年か？　一年か？　お前と過ごしたのはたったそれくらいだ
秀隆
秀隆
反吐が出るほど、甘い考えだ
反吐が出るほど、甘い考えだ
希望は今にも、泣き出しそうな顔をしていた。
希望は今にも、泣き出しそうな顔をしていた。
秀隆
秀隆
うわべだけの付き合いだったら、
うわべだけの付き合いだったら、
おまえらと楽しくやるのも悪くは無いと思ってきた
おまえらと楽しくやるのも悪くは無いと思ってきた
秀隆
秀隆
だが、こっちの家庭事情に口出しするなら、
だが、こっちの家庭事情に口出しするなら、
オレはもうおまえらと仲良くやっていくつもりはない
オレはもうおまえらと仲良くやっていくつもりはない
希望
希望
……っ……
……っ……
キズナ
キズナ
あとひとつだけ、聞かせてください
あとひとつだけ、聞かせてください
秀隆
秀隆
……なんだ
……なんだ
キズナ
キズナ
ひーくんがあっきーを恨む理由は分かりました。
ひーくんがあっきーを恨む理由は分かりました。
でも、あっきーがひーくんを嫌う理由は分かりません
でも、あっきーがひーくんを嫌う理由は分かりません
キズナ
キズナ
なぜなら、自分自身の行動を悔いることはあっても、
なぜなら、自分自身の行動を悔いることはあっても、
ひーくんを恨むことには繋がらないからです
ひーくんを恨むことには繋がらないからです
希望
希望
そう、だよね……秀隆くんを恨む理由が、無いよ
そう、だよね……秀隆くんを恨む理由が、無いよ
秀隆
秀隆
そうだな、そのとおりだ
そうだな、そのとおりだ
秀隆
秀隆
この話にはまだ続きがある
この話にはまだ続きがある
秀隆
秀隆
オレは秋を恨んだ。そう、殺したいほどにな
オレは秋を恨んだ。そう、殺したいほどにな
ククク、とオレは笑い声を漏らし、握りこぶしを見せる。
ククク、とオレは笑い声を漏らし、握りこぶしを見せる。
秀隆
秀隆
だから、オレは姉さんが死んでから、
だから、オレは姉さんが死んでから、
毎日のように秋を殴ったんだ。姉さんの恨みを晴らすために
毎日のように秋を殴ったんだ。姉さんの恨みを晴らすために
ずっと眠り続けていた記憶が、開く。
ずっと眠り続けていた記憶が、開く。
もはや、それを止めることは出来ない。
もはや、それを止めることは出来ない。
愛佳
愛佳
う、そ……
う、そ……
がくりと、その場で崩れるように愛佳が座り込んだ。
がくりと、その場で崩れるように愛佳が座り込んだ。
秀隆
秀隆
本当のことさ。なあアクセラ。おまえは知ってるよな？
本当のことさ。なあアクセラ。おまえは知ってるよな？
アクセラ
アクセラ
それは
それは
秀隆
秀隆
命令だ。オレが殴ったのかどうか、その事実を話せ
命令だ。オレが殴ったのかどうか、その事実を話せ
アクセラ
アクセラ
はい。存じ上げております
はい。存じ上げております
アクセラはオレの命令によって、口を開く。
アクセラはオレの命令によって、口を開く。
アクセラ
アクセラ
秀隆様は、あの事件以降、秋様に幾度と無く暴力を振るわれました
秀隆様は、あの事件以降、秋様に幾度と無く暴力を振るわれました
アクセラ
アクセラ
数え切れないほど、そして残酷なほどに
数え切れないほど、そして残酷なほどに
キズナ
キズナ
そんな……
そんな……
アクセラからの説明とあり、キズナもその信じがたい事実を
アクセラからの説明とあり、キズナもその信じがたい事実を
受け入れざるを得ない。
受け入れざるを得ない。
秀隆
秀隆
愛佳。オレがどうして、おまえの異常にすぐ気づいたと思う？
愛佳。オレがどうして、おまえの異常にすぐ気づいたと思う？
秀隆
秀隆
オレがおまえの虐待を見抜けた理由も、秋への暴力のお陰だ。
オレがおまえの虐待を見抜けた理由も、秋への暴力のお陰だ。
オレは誰よりも虐待をした人間として、その特徴も知っていた
オレは誰よりも虐待をした人間として、その特徴も知っていた
秀隆
秀隆
顔も殴ったし、髪を掴んで床を引きずりまわしたこともある
顔も殴ったし、髪を掴んで床を引きずりまわしたこともある
秀隆
秀隆
アクセラ、何ならその時のことを詳細に説明してやればいい
アクセラ、何ならその時のことを詳細に説明してやればいい
アクセラ
アクセラ
秀隆様が仰ったように、
秀隆様が仰ったように、
秋様は毎日秀隆様に暴力を受けておりました
秋様は毎日秀隆様に暴力を受けておりました
アクセラ
アクセラ
顔が腫れ上がり、学園に行けなかった時期もあります
顔が腫れ上がり、学園に行けなかった時期もあります
アクセラ
アクセラ
身体には、暫く消えない痕が残ったこともありました
身体には、暫く消えない痕が残ったこともありました
アクセラ
アクセラ
今私が口にしていることは、紛れも無い事実です
今私が口にしていることは、紛れも無い事実です
秀隆
秀隆
……分かったか？　オレがどれだけ秋を恨んでいるか
……分かったか？　オレがどれだけ秋を恨んでいるか
凛
凛
なんで……あんたが、そんなひどいこと……
なんで……あんたが、そんなひどいこと……
秀隆
秀隆
さっきから何度も言ってるだろ。あいつがオレの姉さんを殺したからだ
さっきから何度も言ってるだろ。あいつがオレの姉さんを殺したからだ
秀隆
秀隆
たった一人の肉親であり、オレが最も愛していた人を
たった一人の肉親であり、オレが最も愛していた人を
秀隆
秀隆
これで秋が嫌う理由がわかっただろ
これで秋が嫌う理由がわかっただろ
秀隆
秀隆
そんな日々を繰り返して繰り返して、あいつはオレを恨んだ
そんな日々を繰り返して繰り返して、あいつはオレを恨んだ
秀隆
秀隆
そうして、今のオレと秋の関係が出来上がったってわけだ
そうして、今のオレと秋の関係が出来上がったってわけだ
全員のオレを見る目は、まるで、汚いものを見るかのような目だ。
全員のオレを見る目は、まるで、汚いものを見るかのような目だ。
秀隆
秀隆
もう分かっただろ。だったら、話はおしまいだ
もう分かっただろ。だったら、話はおしまいだ
愛佳
愛佳
あたし……
あたし……
秀隆
秀隆
オレを嫌おうが憎もうが、それはおまえの自由だ。
オレを嫌おうが憎もうが、それはおまえの自由だ。
だけどな、今後秋とオレの仲を取り持つ行為だけはやめてくれ
だけどな、今後秋とオレの仲を取り持つ行為だけはやめてくれ
秀隆
秀隆
まぁ、今の話を聞いて、そうしようとは思わないだろうけどな
まぁ、今の話を聞いて、そうしようとは思わないだろうけどな
秀隆
秀隆
わかったなら……
わかったなら……
秀隆
秀隆
さっさと出て行け！
さっさと出て行け！
キズナ
キズナ
ひーくん……
ひーくん……
秀隆
秀隆
もういいだろキズナ。
もういいだろキズナ。
これ以上の無駄なやり取りを続ければ、お前との関係も終わりになる
これ以上の無駄なやり取りを続ければ、お前との関係も終わりになる
キズナ
キズナ
……皆さん行きましょう
……皆さん行きましょう
アクセラ
アクセラ
それがよろしいかと思います
それがよろしいかと思います
アクセラ
アクセラ
秀隆様……
秀隆様……
秀隆
秀隆
全員、帰ったか？
全員、帰ったか？
アクセラ
アクセラ
はい。愛佳様は、泣いておられました
はい。愛佳様は、泣いておられました
秀隆
秀隆
そうか
そうか
アクセラ
アクセラ
凛様や希望様も、恐らくは同じ気持ちだったと思います
凛様や希望様も、恐らくは同じ気持ちだったと思います
秀隆
秀隆
……そうか
……そうか
アクセラ
アクセラ
…………
…………
秀隆
秀隆
オレに付き合わせてしまって、悪いな。
オレに付き合わせてしまって、悪いな。
事実とは言え、秋を主にするお前は口にしたくなかったはずだ
事実とは言え、秋を主にするお前は口にしたくなかったはずだ
アクセラ
アクセラ
いえ……
いえ……
アクセラはゆっくりとオレの横に立つと、椅子に座った。
アクセラはゆっくりとオレの横に立つと、椅子に座った。
秀隆
秀隆
どうした？　もう帰ってもいいんだぞ。秋が心配だろ
どうした？　もう帰ってもいいんだぞ。秋が心配だろ
秀隆
秀隆
それとキズナのケアも頼む。
それとキズナのケアも頼む。
あいつは強い子だが、それでも気にしないはずがない
あいつは強い子だが、それでも気にしないはずがない
秀隆
秀隆
誰よりもオレと秋のことを考えてくれていたからな
誰よりもオレと秋のことを考えてくれていたからな
アクセラ
アクセラ
どうして、お話しになったんですか？
どうして、お話しになったんですか？
秀隆
秀隆
そうする必要があると思ったからだ
そうする必要があると思ったからだ
秀隆
秀隆
あのまま秋を呼びに行けば、結局後で同じことが起こった
あのまま秋を呼びに行けば、結局後で同じことが起こった
秀隆
秀隆
それよりも面倒なことになったかも知れない
それよりも面倒なことになったかも知れない
アクセラ
アクセラ
本当に、正しいことだったのですか？
本当に、正しいことだったのですか？
アクセラ
アクセラ
秀隆様も、秋様も、
秀隆様も、秋様も、
そしてお二人を慕う人たちを、傷つけてしまいましたよ
そしてお二人を慕う人たちを、傷つけてしまいましたよ
秀隆
秀隆
つまるとこ、全員傷ついたってわけだ
つまるとこ、全員傷ついたってわけだ
秀隆
秀隆
ま、これが最善の方法さ
ま、これが最善の方法さ
秀隆
秀隆
仕方ないだろ。そうする必要があったんだから
仕方ないだろ。そうする必要があったんだから
秀隆
秀隆
第一オレは暴力を振るったことに対し、何一つ嘘は言ってない。そうだろ？
第一オレは暴力を振るったことに対し、何一つ嘘は言ってない。そうだろ？
秀隆
秀隆
姉さんが死んだことも、秋を殴ったことも、全部本当のことだ
姉さんが死んだことも、秋を殴ったことも、全部本当のことだ
アクセラ
アクセラ
はい……
はい……
秀隆
秀隆
真実なんだから、仕方ないじゃないか
真実なんだから、仕方ないじゃないか
アクセラ
アクセラ
ですが……それでも……
ですが……それでも……
アクセラ
アクセラ
それでも秀隆様は、嘘をつかれました
それでも秀隆様は、嘘をつかれました
秀隆
秀隆
…………
…………
アクセラ
アクセラ
それもまた、事実です
それもまた、事実です
秀隆
秀隆
そうだな
そうだな
オレは、目を閉じた。
オレは、目を閉じた。
秀隆
秀隆
その通りだ……
その通りだ……
秀隆
秀隆
全部本当のことで、わかってはいたことだが……
全部本当のことで、わかってはいたことだが……
秀隆
秀隆
っ……くっ……
っ……くっ……
秀隆
秀隆
はは……全く……どうしてこんなことになったんだろうな……？
はは……全く……どうしてこんなことになったんだろうな……？
秀隆
秀隆
ほんと、笑いがこみ上げてきやがる……
ほんと、笑いがこみ上げてきやがる……
ズキズキと、心臓とも違う場所が、痛んだ。
ズキズキと、心臓とも違う場所が、痛んだ。
秀隆
秀隆
やっぱ、心は痛いんだな……
やっぱ、心は痛いんだな……
秀隆
秀隆
凛や、希望の、オレを見る目をみたか？
凛や、希望の、オレを見る目をみたか？
信じられないものを見るような軽蔑する視線を
信じられないものを見るような軽蔑する視線を
秀隆
秀隆
他人にされても耐えられる自信はある。
他人にされても耐えられる自信はある。
どうでもいい奴なら、気にも留めない自信がある
どうでもいい奴なら、気にも留めない自信がある
秀隆
秀隆
だけど……あいつらは別だ
だけど……あいつらは別だ
秀隆
秀隆
大切な友達に、あんな目をされて、辛くないはずないよな……
大切な友達に、あんな目をされて、辛くないはずないよな……
秀隆
秀隆
裕輔や愛佳、キズナの気持ちを踏みにじってしまった……
裕輔や愛佳、キズナの気持ちを踏みにじってしまった……
それが、どれだけオレの心を深くえぐったと思う……？
それが、どれだけオレの心を深くえぐったと思う……？
秀隆
秀隆
ごめん……ごめんな……皆、ごめん……っ……
ごめん……ごめんな……皆、ごめん……っ……
アクセラ
アクセラ
私だけは、理解しております
私だけは、理解しております
アクセラ
アクセラ
秀隆様が、誰よりもお優しい方であることを
秀隆様が、誰よりもお優しい方であることを
アクセラ
アクセラ
自分の全てを犠牲にしてでも、信念を貫き通される方だと
自分の全てを犠牲にしてでも、信念を貫き通される方だと
秀隆
秀隆
アクセラ……
アクセラ……
オレは、アクセラの胸に顔を埋めた。
オレは、アクセラの胸に顔を埋めた。
そして子供のように、大声をあげて泣いた。
そして子供のように、大声をあげて泣いた。
だけどこれでいい、これでいいんだ……。
だけどこれでいい、これでいいんだ……。
方法は間違っていたと思う。
方法は間違っていたと思う。
当時のオレには、こうするしかなかった。
当時のオレには、こうするしかなかった。
この方法以外に、思いつかなかったのだから。
この方法以外に、思いつかなかったのだから。
今更、やり直したいとは思わない。
今更、やり直したいとは思わない。
そうだよね……姉さん……。
そうだよね……姉さん……。
