朝。
朝。
オレは特務官になった報告をする決心を固め、部屋を後にした。
オレは特務官になった報告をする決心を固め、部屋を後にした。
リビングではアクセラが忙しなく朝食の用意をしていた。
リビングではアクセラが忙しなく朝食の用意をしていた。
アクセラ
アクセラ
おはよう御座います。秀隆さま
おはよう御座います。秀隆さま
秀隆
秀隆
おはようさん。秋は？
おはようさん。秋は？
アクセラ
アクセラ
起きてはいらしたので、すぐ出てこられるかと
起きてはいらしたので、すぐ出てこられるかと
秀隆
秀隆
そっか
そっか
アクセラ
アクセラ
朝から随分とシリアスな顔をしておられますね
朝から随分とシリアスな顔をしておられますね
そんなつもりは、なかったけど。
そんなつもりは、なかったけど。
アンドロイドだから感じたことなのか、
アンドロイドだから感じたことなのか、
単純に付き合いが長いからなのかは判断が難しい。
単純に付き合いが長いからなのかは判断が難しい。
秀隆
秀隆
変か？
変か？
アクセラ
アクセラ
いいえ、私は良いと思います
いいえ、私は良いと思います
秀隆
秀隆
……そうか
……そうか
一足先に席に着き、朝食と秋を待つ。
一足先に席に着き、朝食と秋を待つ。
それから、程なくして秋が部屋から出てきた。
それから、程なくして秋が部屋から出てきた。
そしてオレと目が合う。
そしてオレと目が合う。
秋
秋
に……
に……
秋
秋
兄さんが、起きてる……！？
兄さんが、起きてる……！？
秀隆
秀隆
そんなに驚くことかよ……！　別にオレは朝に弱くねーぞ
そんなに驚くことかよ……！　別にオレは朝に弱くねーぞ
秋
秋
それもそうですね
それもそうですね
秀隆
秀隆
急に素に戻るなよ！
急に素に戻るなよ！
秋
秋
ですが、どういう風の吹き回しなんですか？
ですが、どういう風の吹き回しなんですか？
秀隆
秀隆
あ～うん、そんなに早起きしてるの変か？
あ～うん、そんなに早起きしてるの変か？
秋
秋
はい
はい
きっぱり。
きっぱり。
秀隆
秀隆
……そうね
……そうね
オレも納得。
オレも納得。
秀隆
秀隆
ちょっと座ってくれ
ちょっと座ってくれ
秋
秋
言われなくても、座ります
言われなくても、座ります
目の前に腰を下ろす。
目の前に腰を下ろす。
秋
秋
なんですか。お金の使い込みでもしましたか
なんですか。お金の使い込みでもしましたか
秀隆
秀隆
してねーよ
してねーよ
秋
秋
セクハラ容疑で立件されそう、とかですか
セクハラ容疑で立件されそう、とかですか
秀隆
秀隆
なんでそう悪い想像ばっかりなんだよ
なんでそう悪い想像ばっかりなんだよ
秋
秋
じゃあ、また女遊びですか
じゃあ、また女遊びですか
秀隆
秀隆
だから……いやいや、また、ってなんだよ、また、って
だから……いやいや、また、ってなんだよ、また、って
秋
秋
いえ別に……
いえ別に……
含みのある言い方だな。
含みのある言い方だな。
秋
秋
なんにせよ、絶対にろくなことではないです
なんにせよ、絶対にろくなことではないです
秀隆
秀隆
それは聞いてから判断してくれ
それは聞いてから判断してくれ
秋
秋
わかりました。どうぞ
わかりました。どうぞ
秀隆
秀隆
…………
…………
さて、と。
さて、と。
秀隆
秀隆
あのな。えーっと、その、もう済ませたんだけどな
あのな。えーっと、その、もう済ませたんだけどな
秋
秋
良く分かりませんが、事後承諾ですか
良く分かりませんが、事後承諾ですか
秀隆
秀隆
まぁ……聞いてくれ
まぁ……聞いてくれ
秋
秋
なんです？　手短にお願いします
なんです？　手短にお願いします
秀隆
秀隆
おう……つまり、そのな……
おう……つまり、そのな……
秀隆
秀隆
教師辞めてきた
教師辞めてきた
秋
秋
……え？
……え？
さすがに、秋も驚いたようだった。
さすがに、秋も驚いたようだった。
食事の用意をしていたアクセラも、思わず振り返った。
食事の用意をしていたアクセラも、思わず振り返った。
アクセラ
アクセラ
無職……！？
無職……！？
秀隆
秀隆
言いたいことは分かるけど……って、そこかよ！
言いたいことは分かるけど……って、そこかよ！
秀隆
秀隆
そんな愕然とするな。話は最後まで聞け
そんな愕然とするな。話は最後まで聞け
秋
秋
どういうことです
どういうことです
一気に秋の表情が曇る。
一気に秋の表情が曇る。
秀隆
秀隆
新しい就職先を見つけたんだ。当然、臨時教師より給料が高い
新しい就職先を見つけたんだ。当然、臨時教師より給料が高い
秀隆
秀隆
高いってもんじゃないぞ。２倍くらいいくぞ
高いってもんじゃないぞ。２倍くらいいくぞ
秋
秋
危ないことでも始めるつもりですか
危ないことでも始めるつもりですか
アクセラ
アクセラ
多少命を削るお仕事でも、２倍の賃金なら働くべきかと
多少命を削るお仕事でも、２倍の賃金なら働くべきかと
秀隆
秀隆
後ろから死神のようなこと言わんでくれ……
後ろから死神のようなこと言わんでくれ……
秀隆
秀隆
あぁもう、面倒だから言うぞ
あぁもう、面倒だから言うぞ
秀隆
秀隆
オレ、特務官になったんだ
オレ、特務官になったんだ
その言葉を口にした瞬間、秋は固まった。
その言葉を口にした瞬間、秋は固まった。
そして悪態ついていたアクセラも、動きを止める。
そして悪態ついていたアクセラも、動きを止める。
秀隆
秀隆
冗談なんかじゃなく、本当にな
冗談なんかじゃなく、本当にな
秀隆
秀隆
唐沢さんに、誘ってもらった
唐沢さんに、誘ってもらった
秀隆
秀隆
いろいろ悩んだけど、オレの昔からの夢だったし
いろいろ悩んだけど、オレの昔からの夢だったし
秀隆
秀隆
ほら、そろそろいいかな、ってな
ほら、そろそろいいかな、ってな
秀隆
秀隆
……なんか言えよ
……なんか言えよ
黙り込んでしまった秋に、オレも言葉が詰まる。
黙り込んでしまった秋に、オレも言葉が詰まる。
秋
秋
聞くんじゃなかった……
聞くんじゃなかった……
すっと席を立つ。
すっと席を立つ。
秀隆
秀隆
おいっ、どこ行くんだよ
おいっ、どこ行くんだよ
秋
秋
部屋に戻ります。食欲がなくなりました
部屋に戻ります。食欲がなくなりました
秀隆
秀隆
おまえが認めてくれなくても、オレはやるぞ
おまえが認めてくれなくても、オレはやるぞ
秋
秋
…………
…………
秋
秋
私には、兄さんに何かを言う権利はないですから。やるならどうぞご勝手に
私には、兄さんに何かを言う権利はないですから。やるならどうぞご勝手に
秀隆
秀隆
権利とか、そう言うことじゃ、ないけどな
権利とか、そう言うことじゃ、ないけどな
秋
秋
私には関係ないです
私には関係ないです
秀隆
秀隆
オレはただ、おまえに
オレはただ、おまえに
秋
秋
関係ないです
関係ないです
そういいながら、部屋に戻っていってしまった。
そういいながら、部屋に戻っていってしまった。
秀隆
秀隆
ふー……
ふー……
秀隆
秀隆
ったく……思ったとおり、単純じゃないよな……
ったく……思ったとおり、単純じゃないよな……
アクセラ
アクセラ
コーヒーです
コーヒーです
秀隆
秀隆
淹れてくれたのか
淹れてくれたのか
アクセラ
アクセラ
秋様を責めないであげてください。
秋様を責めないであげてください。
特務官には、非常に思うところが御座いますので
特務官には、非常に思うところが御座いますので
秀隆
秀隆
知ってるよ。誰よりもな
知ってるよ。誰よりもな
秀隆
秀隆
それにオレだって……
それにオレだって……
秀隆
秀隆
オレの方が、特務官には、思うところがあったからな
オレの方が、特務官には、思うところがあったからな
アクセラ
アクセラ
私は応援します
私は応援します
秀隆
秀隆
そうか……ありがとな
そうか……ありがとな
アクセラ
アクセラ
２倍のお給料なんですよね？
２倍のお給料なんですよね？
秀隆
秀隆
……応援してくれる理由はそこかよ……
……応援してくれる理由はそこかよ……
アクセラ
アクセラ
他に何か？
他に何か？
秀隆
秀隆
なんもねーですよ！
なんもねーですよ！
アクセラ
アクセラ
では、英気を養うための朝食、ご用意しますね
では、英気を養うための朝食、ご用意しますね
秀隆
秀隆
……頼む
……頼む
そう、やるしかない。
そう、やるしかない。
やると決めた以上、絶対に投げ出せない。
やると決めた以上、絶対に投げ出せない。
朝食食べたら、色々準備してくるか。
朝食食べたら、色々準備してくるか。
まず、なんて言ってもスーツだな。
まず、なんて言ってもスーツだな。
学園に行く時に着てたスーツは、如何せんもう使い古されている。
学園に行く時に着てたスーツは、如何せんもう使い古されている。
これから新しい仕事をするのには正直格好がつかない。
これから新しい仕事をするのには正直格好がつかない。
靴とかも新調しておきたいな。
靴とかも新調しておきたいな。
それから美容室にも行くか。
それから美容室にも行くか。
特務官は、大変な仕事だが、非常にモテるって話だ。
特務官は、大変な仕事だが、非常にモテるって話だ。
いつおっぱいの大きい子と知り合っても良いようにしとかないとな。
いつおっぱいの大きい子と知り合っても良いようにしとかないとな。
秀隆
秀隆
いやいや、真面目にやるんだ。異性関係なんて……
いやいや、真面目にやるんだ。異性関係なんて……
なけなしの金で美容室に行ってる場合じゃないだろ。
なけなしの金で美容室に行ってる場合じゃないだろ。
…………。
…………。
秀隆
秀隆
でもまぁ……清潔にしとくに、越したことは無いよな
でもまぁ……清潔にしとくに、越したことは無いよな
うん、一応行っておこう。
うん、一応行っておこう。
あとはフーゾクあたりで一発抜けたら完璧なんだが……。
あとはフーゾクあたりで一発抜けたら完璧なんだが……。
夜のお店にいけるほど、度胸はない。
夜のお店にいけるほど、度胸はない。
それにほら、なんつーか、仮性だからな……。
それにほら、なんつーか、仮性だからな……。
プロの方々にお見せしても、
プロの方々にお見せしても、
恥ずかしくなるビジョンしか見えないのだ。
恥ずかしくなるビジョンしか見えないのだ。
秀隆
秀隆
誰にも言っちゃ嫌だぞっ☆
誰にも言っちゃ嫌だぞっ☆
女の子
女の子
…………
…………
母親に手をつながれた女の子が、こっちを見ていた。
母親に手をつながれた女の子が、こっちを見ていた。
秀隆
秀隆
お兄さん知ってるぞこのパターン
お兄さん知ってるぞこのパターン
秀隆
秀隆
ママー、あの人何言ってるのーってパターンだ。いやぁ参った参った
ママー、あの人何言ってるのーってパターンだ。いやぁ参った参った
女の子
女の子
キモッ。こっち見んなよ
キモッ。こっち見んなよ
秀隆
秀隆
…………
…………
母親
母親
どうしたのみーちゃん
どうしたのみーちゃん
女の子
女の子
なんでもなーい
なんでもなーい
スタスタと、二人は歩いていった。
スタスタと、二人は歩いていった。
秀隆
秀隆
最近の女の子って、怖ッ……！
最近の女の子って、怖ッ……！
秀隆
秀隆
うわ、このスーツいいな……！
うわ、このスーツいいな……！
店にやって来たオレは、特務官として着るに相応しいスーツを物色する。
店にやって来たオレは、特務官として着るに相応しいスーツを物色する。
秀隆
秀隆
こっちもかっけぇ！　マジ激渋だろ！
こっちもかっけぇ！　マジ激渋だろ！
店員
店員
いらっしゃいお兄さん。スーツをお探しで？
いらっしゃいお兄さん。スーツをお探しで？
秀隆
秀隆
ええ。今度転職することになりまして
ええ。今度転職することになりまして
店員
店員
お～。おめでとうございます。
お～。おめでとうございます。
それじゃあ、びしっと決めたいところですね
それじゃあ、びしっと決めたいところですね
秀隆
秀隆
なんですけどねえ
なんですけどねえ
店員
店員
何か問題が？
何か問題が？
秀隆
秀隆
いやぁ、どれも高いなあと……
いやぁ、どれも高いなあと……
店員
店員
良いものは高いんですよぉ。
良いものは高いんですよぉ。
仕事は最初が肝心ですからね。ケチっちゃいけませんて
仕事は最初が肝心ですからね。ケチっちゃいけませんて
秀隆
秀隆
まぁねえ……
まぁねえ……
そう、良いと思ったものは、ことごとく高い。
そう、良いと思ったものは、ことごとく高い。
とても、今の所持金で買えるものじゃなかった。
とても、今の所持金で買えるものじゃなかった。
秀隆
秀隆
大人にもなって、月２万円（昼食費込み）はないよな……
大人にもなって、月２万円（昼食費込み）はないよな……
店員
店員
え？
え？
秀隆
秀隆
何でもないです
何でもないです
そこらの学生でも、もう少し貰ってるぞ……。
そこらの学生でも、もう少し貰ってるぞ……。
秀隆
秀隆
もうちょっとゆっくり見て回るんで。
もうちょっとゆっくり見て回るんで。
買うことになったら声かけます
買うことになったら声かけます
店員
店員
かしこまりました。ごゆっくり
かしこまりました。ごゆっくり
秀隆
秀隆
ふう……
ふう……
店内でこっそり残高を確認するが、
店内でこっそり残高を確認するが、
１万とちょっとしか持ち合わせは無く、足りそうにない。
１万とちょっとしか持ち合わせは無く、足りそうにない。
秀隆
秀隆
今のスーツで我慢するかな……？
今のスーツで我慢するかな……？
秀隆
秀隆
くそ、貧乏って世知辛い！
くそ、貧乏って世知辛い！
そう叫んだところで、お金が降ってくるわけでもなし……。
そう叫んだところで、お金が降ってくるわけでもなし……。
se着信（共通
se着信（共通
諦めて帰ろうとしたところで、電話が鳴った。
諦めて帰ろうとしたところで、電話が鳴った。
秀隆
秀隆
杉村さんからだ
杉村さんからだ
se通話ボタン
se通話ボタン
秀隆
秀隆
もしもし
もしもし
杉村
杉村
島津くん。今、忙しいかしら？
島津くん。今、忙しいかしら？
秀隆
秀隆
あ、いえ。街をぶらぶらしてただけで、特に用事はありませんけど
あ、いえ。街をぶらぶらしてただけで、特に用事はありませんけど
そこまで言ったところで、オレは息を呑んだ。
そこまで言ったところで、オレは息を呑んだ。
秀隆
秀隆
もしかして、デートのお誘いですか！？
もしかして、デートのお誘いですか！？
杉村
杉村
似たようなものかも
似たようなものかも
秀隆
秀隆
マジですか！！
マジですか！！
杉村
杉村
ちょっと、病院に寄って貰えないかしら
ちょっと、病院に寄って貰えないかしら
秀隆
秀隆
入り口までお迎えに上がればいいんですね！　ひゃっほう！
入り口までお迎えに上がればいいんですね！　ひゃっほう！
杉村
杉村
私の部屋でお話しましょうね
私の部屋でお話しましょうね
秀隆
秀隆
……それ、診察じゃないっすか……
……それ、診察じゃないっすか……
杉村
杉村
そんなにがっかりしないの。喜ぶこと、してあげるから
そんなにがっかりしないの。喜ぶこと、してあげるから
秀隆
秀隆
きました！！！
きました！！！
杉村
杉村
ず、随分早いわね……電話切って、まだ数分よ？
ず、随分早いわね……電話切って、まだ数分よ？
秀隆
秀隆
喜ぶことしてくれると聞いて、すっ飛んできましたよ！
喜ぶことしてくれると聞いて、すっ飛んできましたよ！
杉村
杉村
まったく、君って子は
まったく、君って子は
呆れた顔もまたふつくしい……。
呆れた顔もまたふつくしい……。
オレはソファーにちょこんと座り、
オレはソファーにちょこんと座り、
元気になりそうな下半身を必死に自粛させる。
元気になりそうな下半身を必死に自粛させる。
秀隆
秀隆
落ち着くんだマイサン。まだ、まだ暴発はするなっ！
落ち着くんだマイサン。まだ、まだ暴発はするなっ！
杉村
杉村
何を言ってるのかな？
何を言ってるのかな？
秀隆
秀隆
いえ、お気になさらず！　それで、良いこととは何でしょう！
いえ、お気になさらず！　それで、良いこととは何でしょう！
杉村
杉村
うん、これなんだけど
うん、これなんだけど
そう言って、両手に抱えた箱をオレに差し出してきた。
そう言って、両手に抱えた箱をオレに差し出してきた。
秀隆
秀隆
なんスか？　これ
なんスか？　これ
杉村
杉村
君へのプレゼント。喜んでくれると思って
君へのプレゼント。喜んでくれると思って
秀隆
秀隆
プレゼント？
プレゼント？
杉村
杉村
いいから開けてみて
いいから開けてみて
秀隆
秀隆
あ、はい
あ、はい
内心、やっぱり期待通りにはいかないな、と思いつつ
内心、やっぱり期待通りにはいかないな、と思いつつ
オレはテーブルの上に箱を置き、それをゆっくりとあけてみた。
オレはテーブルの上に箱を置き、それをゆっくりとあけてみた。
そこには
そこには
秀隆
秀隆
こ、これ……スーツ、じゃないすか！？
こ、これ……スーツ、じゃないすか！？
見るからに高そうなスーツだった。
見るからに高そうなスーツだった。
それだけじゃない、ベルトから靴まで揃っている。
それだけじゃない、ベルトから靴まで揃っている。
杉村
杉村
特務官になったお祝い。
特務官になったお祝い。
私と唐沢さん二人で選んだの、気に入ってくれるといいけど
私と唐沢さん二人で選んだの、気に入ってくれるといいけど
秀隆
秀隆
お、オレなんかが貰っちゃっていいんですか！？
お、オレなんかが貰っちゃっていいんですか！？
杉村
杉村
もちろんよ
もちろんよ
満面の笑みを見せる杉村さんに、脳までとろけそうだった。
満面の笑みを見せる杉村さんに、脳までとろけそうだった。
秀隆
秀隆
……すげぇ嬉しいっす。でも、ほんと、いいんですか……
……すげぇ嬉しいっす。でも、ほんと、いいんですか……
秀隆
秀隆
こんな立派なの、オレには似合わないと思うんですが
こんな立派なの、オレには似合わないと思うんですが
杉村
杉村
私たちが、島津くんを祝いたいと思っただけなんだから
私たちが、島津くんを祝いたいと思っただけなんだから
杉村
杉村
それに、謙遜する必要なんて何もないのよ。
それに、謙遜する必要なんて何もないのよ。
私はあなたがこのスーツを着るに相応しい人だって思ってる
私はあなたがこのスーツを着るに相応しい人だって思ってる
秀隆
秀隆
杉村さん……
杉村さん……
杉村
杉村
受け取ってくれるわね？
受け取ってくれるわね？
秀隆
秀隆
……はい。ありがとうございます。でも……
……はい。ありがとうございます。でも……
杉村
杉村
でも？
でも？
秀隆
秀隆
その、どうしても……腑に落ちない点がありまして
その、どうしても……腑に落ちない点がありまして
オレは表情を曇らせる。
オレは表情を曇らせる。
杉村
杉村
……なにかしら？
……なにかしら？
秀隆
秀隆
いいですか、言っても
いいですか、言っても
ただならぬオレの思いに気付いたのか、
ただならぬオレの思いに気付いたのか、
笑っていた杉村さんの表情が硬くなった。
笑っていた杉村さんの表情が硬くなった。
杉村
杉村
なぁに？
なぁに？
秀隆
秀隆
杉村さん……
杉村さん……
自分のズボンをぎゅっと握り締める。
自分のズボンをぎゅっと握り締める。
秀隆
秀隆
杉村さんは、やっぱり唐沢さんとデキてんですね！
杉村さんは、やっぱり唐沢さんとデキてんですね！
オレは泣きそうな声で叫んだ。
オレは泣きそうな声で叫んだ。
杉村
杉村
へっ！？
へっ！？
秀隆
秀隆
だって、唐沢さんと二人で選んだって言ってましたけど、
だって、唐沢さんと二人で選んだって言ってましたけど、
それってデートみたいなことしたってことでしょ！
それってデートみたいなことしたってことでしょ！
杉村
杉村
や、やぁね。ただ一緒に買い物に行っただけじゃない
や、やぁね。ただ一緒に買い物に行っただけじゃない
秀隆
秀隆
オレが誘っても一度も出かけてくれないのに！
オレが誘っても一度も出かけてくれないのに！
秀隆
秀隆
５年間一度たりとも出かけてくれなかったのに！！
５年間一度たりとも出かけてくれなかったのに！！
杉村
杉村
それは、その、下心が見えてるからよ
それは、その、下心が見えてるからよ
秀隆
秀隆
じゃあ唐沢さんとは何もないんですね！？
じゃあ唐沢さんとは何もないんですね！？
信じていいんですね！？
信じていいんですね！？
杉村
杉村
う……
う……
じりっと後ろに後退する。
じりっと後ろに後退する。
秀隆
秀隆
や、やっぱりデキてるんだ……！
や、やっぱりデキてるんだ……！
杉村
杉村
そっ、そう言う変な言い方は、ダメよ……
そっ、そう言う変な言い方は、ダメよ……
頬を赤らめくるくると髪の毛をいじる。
頬を赤らめくるくると髪の毛をいじる。
杉村
杉村
大人として、正しいステップを踏んでるのよぉ……
大人として、正しいステップを踏んでるのよぉ……
秀隆
秀隆
がーん！
がーん！
事実上、それは認めたということだった。
事実上、それは認めたということだった。
秀隆
秀隆
ううぅ……
ううぅ……
その場に、がっくりと崩れる。
その場に、がっくりと崩れる。
杉村
杉村
も、もうっ。そんな大げさな
も、もうっ。そんな大げさな
秀隆
秀隆
だって、だって……！
だって、だって……！
ダンダンと、力の限り床を殴る。
ダンダンと、力の限り床を殴る。
オレは悔しくて仕方が無かったのだ。
オレは悔しくて仕方が無かったのだ。
杉村
杉村
……島津くん……
……島津くん……
優しい声で、そっとオレの頭を撫でてくれる。
優しい声で、そっとオレの頭を撫でてくれる。
秀隆
秀隆
もうひとつ、もうひとつだけ、教えてください……
もうひとつ、もうひとつだけ、教えてください……
杉村
杉村
なにかしら？
なにかしら？
秀隆
秀隆
唐沢さんは……その……
唐沢さんは……その……
秀隆
秀隆
杉村さんの、その魅力が溢れすぎるおっぱいを揉ん
杉村さんの、その魅力が溢れすぎるおっぱいを揉ん


杉村
杉村
そう言うセクハラは許しませんよ？
そう言うセクハラは許しませんよ？
秀隆
秀隆
う、うぐぐ……悲しすぎる……
う、うぐぐ……悲しすぎる……
杉村
杉村
落ち着いた？
落ち着いた？
秀隆
秀隆
うす……。頭に上った血を、鼻から出したからかも
うす……。頭に上った血を、鼻から出したからかも
杉村
杉村
それはよかった
それはよかった
秀隆
秀隆
や、でも、仕方ないっすね。相手が唐沢さんじゃ、適うはずもないし
や、でも、仕方ないっすね。相手が唐沢さんじゃ、適うはずもないし
杉村
杉村
もう。まだ言ってるの？
もう。まだ言ってるの？
秀隆
秀隆
全然相手にして貰えてなかったですけど、オレ、割と本気でしたよ
全然相手にして貰えてなかったですけど、オレ、割と本気でしたよ
杉村
杉村
島津くん……
島津くん……
秀隆
秀隆
でもこれからは、素直に応援します。二人のこと
でもこれからは、素直に応援します。二人のこと
杉村
杉村
ありがとう
ありがとう
嬉しそうに、杉村さんは笑った。
嬉しそうに、杉村さんは笑った。
そう、オレはこの笑顔に救われ、そして好きになったんだ。
そう、オレはこの笑顔に救われ、そして好きになったんだ。
唐沢さんと杉村さんには、多少歳の差がある。
唐沢さんと杉村さんには、多少歳の差がある。
でもこの人たちなら、きっと何も問題はないだろう。
でもこの人たちなら、きっと何も問題はないだろう。
秀隆
秀隆
あ、でも、良かったら記念に一回だけおっぱ
あ、でも、良かったら記念に一回だけおっぱ
何でもないです
何でもないです
杉村
杉村
もうちょっと喋ってたら、入院して帰ることになってたでしょうね
もうちょっと喋ってたら、入院して帰ることになってたでしょうね
秀隆
秀隆
はは……冗談じゃすまなかったっすね……
はは……冗談じゃすまなかったっすね……
杉村
杉村
あなたが特務官の道を選んでくれて、本当に嬉しいわ
あなたが特務官の道を選んでくれて、本当に嬉しいわ
秀隆
秀隆
ありがとうございます。頑張ります
ありがとうございます。頑張ります
杉村
杉村
ええ
ええ
秀隆
秀隆
すいません……じゃあ、オレ帰ります。
すいません……じゃあ、オレ帰ります。
いつでも行けますと伝えたら、明日から来てくれってことみたいなんで
いつでも行けますと伝えたら、明日から来てくれってことみたいなんで
杉村
杉村
そう。これから忙しくなるわね
そう。これから忙しくなるわね
秀隆
秀隆
即行でクビにされたら笑ってください
即行でクビにされたら笑ってください
杉村
杉村
大丈夫よ。島津くんなら
大丈夫よ。島津くんなら
秀隆
秀隆
……うす
……うす
オレはプレゼントを抱え、部屋の入り口へ。
オレはプレゼントを抱え、部屋の入り口へ。
杉村
杉村
あ……
あ……
秀隆
秀隆
どうしました？
どうしました？
杉村
杉村
島津くん
島津くん
秀隆
秀隆
はい
はい
杉村
杉村
あなたはやれば出来る子よ。自信を持って
あなたはやれば出来る子よ。自信を持って
秀隆
秀隆
……はい
……はい
秀隆
秀隆
大丈夫です
大丈夫です
杉村
杉村
よし。じゃ、いってらっしゃい
よし。じゃ、いってらっしゃい
秀隆
秀隆
行って来ます。杉村さん
行って来ます。杉村さん
一度深く頷いて、オレは杉村さんと別れた。
一度深く頷いて、オレは杉村さんと別れた。
…………。
…………。
……。
……。
唐沢
唐沢
お久しぶりですね
お久しぶりですね
理事長
理事長
唐沢さんの方こそ、お元気そうで
唐沢さんの方こそ、お元気そうで
唐沢
唐沢
今日はどうしたんですか？
今日はどうしたんですか？
理事長
理事長
街を歩いていましたら、丁度この辺りを通りまして
街を歩いていましたら、丁度この辺りを通りまして
理事長
理事長
ついでに、ご挨拶をと思ったんです
ついでに、ご挨拶をと思ったんです
唐沢
唐沢
そうですか。さ、おかけください
そうですか。さ、おかけください
理事長
理事長
島津くんが私のところに来ましたよ。特務官になりたいと
島津くんが私のところに来ましたよ。特務官になりたいと
唐沢
唐沢
はい。ようやく、決心してくれまして。
はい。ようやく、決心してくれまして。
あなたには感謝しています。本当にありがとう
あなたには感謝しています。本当にありがとう
理事長
理事長
私としては、感謝よりも……
私としては、感謝よりも……
彼の特務官への引き抜きをやめていただきたいくらいですが
彼の特務官への引き抜きをやめていただきたいくらいですが
唐沢
唐沢
……はは……
……はは……
理事長
理事長
あなたが、彼を正社員にだけはしないでくれ、
あなたが、彼を正社員にだけはしないでくれ、
そう仰るから……ずっと我慢してきましたのに
そう仰るから……ずっと我慢してきましたのに
理事長
理事長
もちろん最初は、彼を雇うことが嫌でした。
もちろん最初は、彼を雇うことが嫌でした。
男性と言うことだけでなく、学歴等も不安だらけでしたし
男性と言うことだけでなく、学歴等も不安だらけでしたし
理事長
理事長
ですが……２年共にし、私の考えは覆された
ですが……２年共にし、私の考えは覆された
理事長
理事長
彼の担当した学年の成績が、非常に好成績でしたからね
彼の担当した学年の成績が、非常に好成績でしたからね
理事長
理事長
それだけじゃない。生徒たちからの信頼も非常に厚い。
それだけじゃない。生徒たちからの信頼も非常に厚い。
それだけに、手放したくはありませんよ
それだけに、手放したくはありませんよ
唐沢
唐沢
理事長が、島津君を高く買ってくれていたことは、存じていました。ですが、僕としても彼をあなたに譲るわけには行かなかったんです
理事長が、島津君を高く買ってくれていたことは、存じていました。ですが、僕としても彼をあなたに譲るわけには行かなかったんです
唐沢
唐沢
今はまだ、かつての魅力を発揮しきれてはいないが……
今はまだ、かつての魅力を発揮しきれてはいないが……
いずれ、この街にはなくてはならない存在になる。僕はそう信じています
いずれ、この街にはなくてはならない存在になる。僕はそう信じています
理事長
理事長
そうかも知れませんね……
そうかも知れませんね……
理事長
理事長
彼は非常に頭の良い子です。
彼は非常に頭の良い子です。
無意識のうちに言葉のピースを広い集め、それを完成させてしまう
無意識のうちに言葉のピースを広い集め、それを完成させてしまう
理事長
理事長
きっと私たちの交わした約束事にも、気付いていますよ
きっと私たちの交わした約束事にも、気付いていますよ
唐沢
唐沢
それくらいしてもらわなければ困ります。
それくらいしてもらわなければ困ります。
そうでなければ、到底ドリームタウンと張り合っていくことは
そうでなければ、到底ドリームタウンと張り合っていくことは
出来ない
出来ない
唐沢
唐沢
外交は、１つの戦争なのですから
外交は、１つの戦争なのですから
オレの教師としての日常は終わり……
オレの教師としての日常は終わり……
特務官としての日々が、始まる
特務官としての日々が、始まる
