２日前。
２日前。
凛
凛
報道部の知り合い？
報道部の知り合い？
秀隆
秀隆
ああ。凛は一時期ニュース番組にも出てたよな？
ああ。凛は一時期ニュース番組にも出てたよな？
凛
凛
期間ゲストの形だったけどね。知り合いも出来たけど、どうしたの？
期間ゲストの形だったけどね。知り合いも出来たけど、どうしたの？
秀隆
秀隆
オレには凛以外の芸能人につながりがなくてさ、
オレには凛以外の芸能人につながりがなくてさ、
信頼がおけて、かつ影響力のある人を紹介してほしいんだ
信頼がおけて、かつ影響力のある人を紹介してほしいんだ
凛
凛
信頼がおけて、影響力のある人……
信頼がおけて、影響力のある人……
秀隆
秀隆
思いつかないか？
思いつかないか？
凛
凛
もちろん何人か知ってはいるけど、
もちろん何人か知ってはいるけど、
あたしが紹介できるほどじゃないかな。
あたしが紹介できるほどじゃないかな。
軽く挨拶をしたくらいってもんだし
軽く挨拶をしたくらいってもんだし
秀隆
秀隆
そうか……
そうか……
凛
凛
それがどうかしたの？
それがどうかしたの？
秀隆
秀隆
どうしても、お願いしたい件があってね
どうしても、お願いしたい件があってね
凛
凛
だったら、監督にお願いしてみる？
だったら、監督にお願いしてみる？
秀隆
秀隆
監督？
監督？
凛
凛
あんたがテレビ局に来てたとき、何度か見た人よ
あんたがテレビ局に来てたとき、何度か見た人よ
秀隆
秀隆
ああ、凛をお気に入りの
ああ、凛をお気に入りの
凛
凛
あの人は業界歴も長いし、報道部との繋がりもあるはず
あの人は業界歴も長いし、報道部との繋がりもあるはず
凛
凛
あたしからお願いすれば聞いてもらえるかも
あたしからお願いすれば聞いてもらえるかも
秀隆
秀隆
その人、ドリームタウンとも繋がりはあるか？
その人、ドリームタウンとも繋がりはあるか？
凛
凛
ええ。どっちにも顔が利く人ね
ええ。どっちにも顔が利く人ね
秀隆
秀隆
頼む、監督に合わせてほしい
頼む、監督に合わせてほしい
凛
凛
いつがいいの？
いつがいいの？
秀隆
秀隆
出来れば今すぐ……今夜にでも
出来れば今すぐ……今夜にでも
凛
凛
それまた随分急ね
それまた随分急ね
凛
凛
じゃあ、アポが取れないか聞いてみる？
じゃあ、アポが取れないか聞いてみる？
秀隆
秀隆
頼む
頼む
秀隆
秀隆
ただ、気をつけてほしいことがある
ただ、気をつけてほしいことがある
凛
凛
ん？
ん？
秀隆
秀隆
監督や報道部の方には、内密にご相談があると伝えてほしいんだ
監督や報道部の方には、内密にご相談があると伝えてほしいんだ
凛
凛
あのさ……
あのさ……
秀隆
秀隆
ん？
ん？
凛
凛
あんた、本当にそれでいいの？
あんた、本当にそれでいいの？
唐沢代表ってあんたのところの代表なのよ？
唐沢代表ってあんたのところの代表なのよ？
秀隆
秀隆
ああ、そう言うことか
ああ、そう言うことか
凛
凛
街の代表を裏切るような行為にならない？
街の代表を裏切るような行為にならない？
秀隆
秀隆
それで契約が成立するなら問題ない
それで契約が成立するなら問題ない
凛
凛
問題ないって……
問題ないって……
秀隆
秀隆
おまえは、今日聞いたことは忘れるんだ。
おまえは、今日聞いたことは忘れるんだ。
もしも関係していると知られれば、どんな飛び火があるか分からない
もしも関係していると知られれば、どんな飛び火があるか分からない
凛
凛
うん……
うん……
…………。
…………。
……。
……。
凛
凛
島津さん、お連れしました
島津さん、お連れしました
秀隆
秀隆
どうぞ
どうぞ
夜、オレはドリームタウンの料亭で監督と報道部の方を２人招き入れた。
夜、オレはドリームタウンの料亭で監督と報道部の方を２人招き入れた。
秀隆
秀隆
どうぞおかけください
どうぞおかけください
三人を座るよう促す。
三人を座るよう促す。
凛はオレの隣にやって来て腰を下ろした。
凛はオレの隣にやって来て腰を下ろした。
秀隆
秀隆
おまえも立ち会うのか？
おまえも立ち会うのか？
小声で聞く。
小声で聞く。
凛
凛
あたしがお酌するってこと条件にされちゃって
あたしがお酌するってこと条件にされちゃって
笑みを見せる。
笑みを見せる。
出来れば聞かせたくない話だったが、仕方ない。
出来れば聞かせたくない話だったが、仕方ない。
監督
監督
坪倉の件じゃお世話になったな
坪倉の件じゃお世話になったな
秀隆
秀隆
いえ。こちらこそ、色々とご迷惑おかけしました
いえ。こちらこそ、色々とご迷惑おかけしました
凛
凛
ご紹介します。こちらホープタウンの報道部長をされてる、
ご紹介します。こちらホープタウンの報道部長をされてる、
木下さん。それから、ドリームタウンで報道部長をされてる剣持さんです
木下さん。それから、ドリームタウンで報道部長をされてる剣持さんです
秀隆
秀隆
ホープタウンの特務官、島津と申します
ホープタウンの特務官、島津と申します
剣持
剣持
噂は凛ちゃんから聞いてるよ。
噂は凛ちゃんから聞いてるよ。
マネージャーのネタは僕が報道したしね
マネージャーのネタは僕が報道したしね
秀隆
秀隆
そうでしたか
そうでしたか
木下
木下
それにしても、この料亭を指名するとは。随分値が張ると思うが
それにしても、この料亭を指名するとは。随分値が張ると思うが
秀隆
秀隆
リスクを軽減するためなら、安いものです
リスクを軽減するためなら、安いものです
ここの日本料亭は、ドリームタウンで最も高いとされている場所だ。
ここの日本料亭は、ドリームタウンで最も高いとされている場所だ。
それは料理が美味しいからという理由だけじゃなく、
それは料理が美味しいからという理由だけじゃなく、
匿名性に優れている点が大きな理由だろう。
匿名性に優れている点が大きな理由だろう。
大河内代表がオレとサシで飲んでくれたように、
大河内代表がオレとサシで飲んでくれたように、
この場所では日々極秘の会談が行われている。
この場所では日々極秘の会談が行われている。
店側もある種それを売りにしているので、当然公にはしない。
店側もある種それを売りにしているので、当然公にはしない。
秀隆
秀隆
今日、こちらに出向くことは伏せていただけましたか？
今日、こちらに出向くことは伏せていただけましたか？
剣持
剣持
ああ。仕事を切り上げて帰ると伝えてるよ。
ああ。仕事を切り上げて帰ると伝えてるよ。
職業柄、内密に話したいって言われることも多いからな
職業柄、内密に話したいって言われることも多いからな
木下
木下
信用を裏切ったら、タレこみなんか貰えなくなるんですよ
信用を裏切ったら、タレこみなんか貰えなくなるんですよ
秀隆
秀隆
なるほど
なるほど
納得のいく話だ。
納得のいく話だ。
秘密を守ってもらえるからこそ、信頼のおける人、というわけだ。
秘密を守ってもらえるからこそ、信頼のおける人、というわけだ。
剣持
剣持
なにかネタをもらえるってことかな？
なにかネタをもらえるってことかな？
秀隆
秀隆
はい
はい
こちらの頷きに、二人は真剣な表情へと変わった。
こちらの頷きに、二人は真剣な表情へと変わった。
オレは、一通の茶封筒を取り出す。
オレは、一通の茶封筒を取り出す。
秀隆
秀隆
こちらは、この世に１つしかない本物の書類です
こちらは、この世に１つしかない本物の書類です
そう言いテーブルの上においた。
そう言いテーブルの上においた。
それから、２つの白手を添えた。
それから、２つの白手を添えた。
剣持
剣持
用意周到だね。失礼します
用意周到だね。失礼します
白手を身に着けたお二人が、茶封筒に手をかけ、封筒を開く。
白手を身に着けたお二人が、茶封筒に手をかけ、封筒を開く。
凛は、不思議そうな視線でオレを見ていた。
凛は、不思議そうな視線でオレを見ていた。
だが、中身が気になるのか前の方へとすぐ向き直る。
だが、中身が気になるのか前の方へとすぐ向き直る。
剣持
剣持
……これは……
……これは……
秀隆
秀隆
それをテレビで放映していただきたいんです
それをテレビで放映していただきたいんです
木下
木下
……凄いネタだな、これは
……凄いネタだな、これは
凛
凛
え？　なんです？
え？　なんです？
秀隆
秀隆
大河内麦蔵、倉屋敷和葉、クイーンによる規制緩和合意の署名です
大河内麦蔵、倉屋敷和葉、クイーンによる規制緩和合意の署名です
凛
凛
それって……
それって……
監督
監督
ほ、本物なのか……？
ほ、本物なのか……？
秀隆
秀隆
もちろんです
もちろんです
剣持
剣持
この印は、そう簡単に複製できるものじゃない
この印は、そう簡単に複製できるものじゃない
監督
監督
そりゃ大スクープじゃないか
そりゃ大スクープじゃないか
凛
凛
……ほんとにサインさせちゃったんだ
……ほんとにサインさせちゃったんだ
木下
木下
しかし、どうしてこれを我々に？
しかし、どうしてこれを我々に？
当然、この書類は機密事項のはずだ。だろう？
当然、この書類は機密事項のはずだ。だろう？
秀隆
秀隆
はい。自分からの情報漏えいと知られれば、この話は流れる。
はい。自分からの情報漏えいと知られれば、この話は流れる。
それだけじゃなく、署名した方々からの叱責を受けるでしょう
それだけじゃなく、署名した方々からの叱責を受けるでしょう
剣持
剣持
そんなリスクを侵してまで、これを僕たちに見せる理由は？
そんなリスクを侵してまで、これを僕たちに見せる理由は？
監督
監督
金だろう。このネタならかなりの値が付くはずだ
金だろう。このネタならかなりの値が付くはずだ
木下
木下
そうだな……３００は固い
そうだな……３００は固い
秀隆
秀隆
そうではありません。報道していただきたいだけなんです
そうではありません。報道していただきたいだけなんです
監督
監督
なんだそりゃ。意図が見えないな
なんだそりゃ。意図が見えないな
秀隆
秀隆
その書類を見ていただければ分かるように、
その書類を見ていただければ分かるように、
全ての署名が揃わなければ、意味がないんですよ
全ての署名が揃わなければ、意味がないんですよ
木下
木下
……唐沢代表か
……唐沢代表か
秀隆
秀隆
はい。最後の砦を崩すのは容易じゃない
はい。最後の砦を崩すのは容易じゃない
秀隆
秀隆
あの人は以前から反対表明を強く表しています
あの人は以前から反対表明を強く表しています
監督
監督
だったら、こんなもの世に出したら不味いんじゃないのか
だったら、こんなもの世に出したら不味いんじゃないのか
秀隆
秀隆
この書面は、今全部で４通この世に存在します。
この書面は、今全部で４通この世に存在します。
自分が２通を、クイーンと大河内代表が１通ずつ保管しています
自分が２通を、クイーンと大河内代表が１通ずつ保管しています
秀隆
秀隆
つまり……自分を含む３人の誰かが情報をリークした。
つまり……自分を含む３人の誰かが情報をリークした。
と言うところまでしか、足がつかないということです
と言うところまでしか、足がつかないということです
凛
凛
でも、多分島津さんが一番疑われる……
でも、多分島津さんが一番疑われる……
秀隆
秀隆
疑わしきは罰せず。確たる証拠がなければ何も出来ない
疑わしきは罰せず。確たる証拠がなければ何も出来ない
剣持
剣持
大河内代表やクイーンが本格的に調査に乗り出せば、
大河内代表やクイーンが本格的に調査に乗り出せば、
私たち報道部に詰め寄り、正体を突き止めようとするかもしれない。そうなれば、君がリーク元だと突き止められる可能性もある
私たち報道部に詰め寄り、正体を突き止めようとするかもしれない。そうなれば、君がリーク元だと突き止められる可能性もある
秀隆
秀隆
それはないでしょう。この件が世に公開されても、
それはないでしょう。この件が世に公開されても、
大河内代表とクイーンは徹底して沈黙を貫かれる
大河内代表とクイーンは徹底して沈黙を貫かれる
木下
木下
どちらも規制緩和を望んでいるからか
どちらも規制緩和を望んでいるからか
秀隆
秀隆
その通りです
その通りです
剣持
剣持
つまり、あなたは世論を味方につけたいと
つまり、あなたは世論を味方につけたいと
凛
凛
世論……？
世論……？
秀隆
秀隆
ニュースでこの情報を意図的に漏洩させ、
ニュースでこの情報を意図的に漏洩させ、
ホープとドリームが規制緩和しなきゃいけない流れにもって行きたい
ホープとドリームが規制緩和しなきゃいけない流れにもって行きたい
凛
凛
私は政治のことはよくわかりませんが、
私は政治のことはよくわかりませんが、
それって下手したら諸刃の剣なんじゃないですか？
それって下手したら諸刃の剣なんじゃないですか？
秀隆
秀隆
もちろんリスクはある。
もちろんリスクはある。
反対の波に襲われたら、たちまちそれはただの紙切れになる
反対の波に襲われたら、たちまちそれはただの紙切れになる
秀隆
秀隆
だけど恐らく、その心配もないだろう
だけど恐らく、その心配もないだろう
監督
監督
ホープタウンの連中は、大半が規制緩和を望んでるからな
ホープタウンの連中は、大半が規制緩和を望んでるからな
秀隆
秀隆
はい。企業の人間は兎も角、一般人は希望しています
はい。企業の人間は兎も角、一般人は希望しています
凛
凛
だからこその、世論……
だからこその、世論……
秀隆
秀隆
これしかない
これしかない
報道の二人は、静かに書面を見入っていた。
報道の二人は、静かに書面を見入っていた。
秀隆
秀隆
ホープタウン、ドリームタウンで同時に流して貰いたいです
ホープタウン、ドリームタウンで同時に流して貰いたいです
凛
凛
どうして同時になんですか？
どうして同時になんですか？
秀隆
秀隆
どちらかが先にニュースを流せば、
どちらかが先にニュースを流せば、
当然それはすぐ反対側にも知れ、かん口令が敷かれる可能性がある
当然それはすぐ反対側にも知れ、かん口令が敷かれる可能性がある
秀隆
秀隆
幾ら噂に戸を付けられないって言っても、それは避けたい
幾ら噂に戸を付けられないって言っても、それは避けたい
秀隆
秀隆
どちらも同時に流してしまえば、勢いは抑えられないってことだ
どちらも同時に流してしまえば、勢いは抑えられないってことだ
凛
凛
……そうか。そうですよね……
……そうか。そうですよね……
剣持
剣持
このネタをただでくれると言うなら、
このネタをただでくれると言うなら、
こちらとしては報道しない手はない。どうかな？
こちらとしては報道しない手はない。どうかな？
木下
木下
完全に同意だ。間違いなく大きなネタになる
完全に同意だ。間違いなく大きなネタになる
秀隆
秀隆
では、お願いしても……？
では、お願いしても……？
剣持
剣持
この書類のコピーは頂けるんですか？
この書類のコピーは頂けるんですか？
秀隆
秀隆
もちろん、２部ご用意しております
もちろん、２部ご用意しております
木下
木下
準備は万全ってわけだ
準備は万全ってわけだ
秀隆
秀隆
明日にでも、大きく取り上げてください
明日にでも、大きく取り上げてください
剣持
剣持
だったら、お昼のワイドショーがベターだろうね
だったら、お昼のワイドショーがベターだろうね
木下
木下
なら
なら
二人は早くも、浮き足立った様子で打ち合わせを始めた。
二人は早くも、浮き足立った様子で打ち合わせを始めた。
監督
監督
あんたも、随分思い切ったことをするな
あんたも、随分思い切ったことをするな
秀隆
秀隆
それしか方法がないからです
それしか方法がないからです
秀隆
秀隆
規制緩和を成し遂げるには、これしか方法がないんです
規制緩和を成し遂げるには、これしか方法がないんです
監督
監督
…………
…………
凛
凛
ほんとに、それでいいわけ……？
ほんとに、それでいいわけ……？
秀隆
秀隆
……ああ
……ああ
こうしなければ、オレは規制緩和を成立させることができないんだ。
こうしなければ、オレは規制緩和を成立させることができないんだ。
なら、仕方ない。
なら、仕方ない。
唐沢さんをハメることになるとしても―――。
唐沢さんをハメることになるとしても―――。
木下
木下
しかし、見れば見るほど、凄いネタだぜ……
しかし、見れば見るほど、凄いネタだぜ……
剣持
剣持
全くですね、少し怖いくらいですよ
全くですね、少し怖いくらいですよ
秀隆
秀隆
…………
…………
覚悟を決めたはずなのに、オレは身体が急激に冷えていくのを感じていた。
覚悟を決めたはずなのに、オレは身体が急激に冷えていくのを感じていた。
何故、こんなにも冷たく感じてしまうのか。
何故、こんなにも冷たく感じてしまうのか。
木下
木下
本当にいいんだな？　これを公開しても
本当にいいんだな？　これを公開しても
秀隆
秀隆
…………
…………
木下
木下
おい、聞いてるのか？
おい、聞いてるのか？
秀隆
秀隆
え、あ？　は、はい。構いません
え、あ？　は、はい。構いません
剣持
剣持
……本当にいいんだね？
……本当にいいんだね？
秀隆
秀隆
そうしなければ、成立させることは出来ませんから
そうしなければ、成立させることは出来ませんから
これしかない。
これしかない。
これしか
これしか
本当に、それでいいのか？
本当に、それでいいのか？
オレは誰のために、特務官になったんだ？
オレは誰のために、特務官になったんだ？
木下
木下
それじゃあ、これで失礼する
それじゃあ、これで失礼する
秀隆
秀隆
あの―――！
あの―――！
木下
木下
なんだ？
なんだ？
秀隆
秀隆
あの
あの
秀隆
秀隆
……すみません……
……すみません……
秀隆
秀隆
やっぱり、オレには
やっぱり、オレには
唐沢代表を裏切ることが、出来ません……
唐沢代表を裏切ることが、出来ません……
剣持
剣持
…………
…………
凛
凛
島津さん……
島津さん……
秀隆
秀隆
ここまでご足労いただき、貴重なお時間を取らせてしまいました。
ここまでご足労いただき、貴重なお時間を取らせてしまいました。
ですが―――今日のお話を、なかったことには出来ませんでしょうか……
ですが―――今日のお話を、なかったことには出来ませんでしょうか……
木下
木下
このスクープを、見逃せと言うことか？
このスクープを、見逃せと言うことか？
秀隆
秀隆
申し訳ございません！
申し訳ございません！
木下
木下
……ったく
……ったく
ぼりぼりと頭をかく剣持さん。
ぼりぼりと頭をかく剣持さん。
木下
木下
大きい貸しだぞ、これは
大きい貸しだぞ、これは
そう言い、オレが渡していた書類を差し出した。
そう言い、オレが渡していた書類を差し出した。
剣持
剣持
そうですね。いずれどこかで返してもらう必要はありますね
そうですね。いずれどこかで返してもらう必要はありますね
そして、剣持さんも、同じように。
そして、剣持さんも、同じように。
秀隆
秀隆
いいんですか……
いいんですか……
木下
木下
このスクープはモノにしたいが、
このスクープはモノにしたいが、
棚から牡丹餅みたいな話だったからな。しゃぁないわな
棚から牡丹餅みたいな話だったからな。しゃぁないわな
剣持
剣持
あなたへの先行投資と思ってあきらめますよ。
あなたへの先行投資と思ってあきらめますよ。
ここで強行すれば、あなたとは縁も切れる。
ここで強行すれば、あなたとは縁も切れる。
それじゃあ次回以降のネタを拾うのも大変ですしね
それじゃあ次回以降のネタを拾うのも大変ですしね
剣持
剣持
それじゃあ、また今度
それじゃあ、また今度
木下
木下
じゃあな
じゃあな
秀隆
秀隆
すみません！
すみません！
その場には、オレと凛、そして監督が残された。
その場には、オレと凛、そして監督が残された。
監督
監督
ずっと迷ってるみたいだったな
ずっと迷ってるみたいだったな
秀隆
秀隆
考えないようにしていたつもりなんですけど……
考えないようにしていたつもりなんですけど……
秀隆
秀隆
最後の最後、唐沢代表の姿が浮かんできました
最後の最後、唐沢代表の姿が浮かんできました
秀隆
秀隆
オレには、あの人は裏切れないです
オレには、あの人は裏切れないです
監督
監督
それでいいんじゃないか？
それでいいんじゃないか？
監督
監督
汚い世の中でも、信じるもの、信じたいものはあっていいはずだ
汚い世の中でも、信じるもの、信じたいものはあっていいはずだ
監督
監督
なあ？
なあ？
監督の問いかけに、凛は微笑んだ。
監督の問いかけに、凛は微笑んだ。
監督
監督
なかなか面白い話だった。また、楽しみにしてる
なかなか面白い話だった。また、楽しみにしてる
秀隆
秀隆
すみません……ありがとうございます
すみません……ありがとうございます
秀隆
秀隆
悪かった。おまえには、無駄足にさせてしまった
悪かった。おまえには、無駄足にさせてしまった
凛
凛
ほんとよね
ほんとよね
凛
凛
でも―――私は、これでよかったと思う。
でも―――私は、これでよかったと思う。
あんたが非情になって恩人を裏切る姿なんて、みたくないしさ
あんたが非情になって恩人を裏切る姿なんて、みたくないしさ
秀隆
秀隆
……ありがとな
……ありがとな
凛
凛
べ、べっつにぃ。ま、今度ご飯くらいは奢らせるけど
べ、べっつにぃ。ま、今度ご飯くらいは奢らせるけど
秀隆
秀隆
ああ。もちろん奢るさ
ああ。もちろん奢るさ
秀隆
秀隆
……１０００円以内で
……１０００円以内で
凛
凛
けち臭っ！　すっごいけち臭っ！！
けち臭っ！　すっごいけち臭っ！！
…………。
…………。
……。
……。
