貴重な休日。
貴重な休日。
だが、今日は裕輔に会いに行こうと決めていた。
だが、今日は裕輔に会いに行こうと決めていた。
秀隆
秀隆
確か裕輔の仕事は……
確か裕輔の仕事は……
携帯を開き、事前に教えてもらっていたタイムスケジュールをチェックする。
携帯を開き、事前に教えてもらっていたタイムスケジュールをチェックする。
どうやら、今日の５時で仕事は終わりのようだ。
どうやら、今日の５時で仕事は終わりのようだ。
秀隆
秀隆
それまで寝ててもいいんだけどな……
それまで寝ててもいいんだけどな……
先日の大河内代表との交渉による疲れは抜け切っていない。
先日の大河内代表との交渉による疲れは抜け切っていない。
こう言うときは一日ベッドでゆっくりするのも手だが、それも少し勿体無い。
こう言うときは一日ベッドでゆっくりするのも手だが、それも少し勿体無い。
どうしたもんかな……。
どうしたもんかな……。
ただでさえ交渉までの時間は刻一刻と迫っている。
ただでさえ交渉までの時間は刻一刻と迫っている。
だったら、せめてドリームタウンにでも行くか。
だったら、せめてドリームタウンにでも行くか。
休憩ついでに、何か情報を得ることもあるかもしれない。
休憩ついでに、何か情報を得ることもあるかもしれない。
当然、カジノと言えば……。
当然、カジノと言えば……。
静乃さんか恋さんだ。
静乃さんか恋さんだ。
でも、恋さんには彼氏がいるらしいからなぁ。
でも、恋さんには彼氏がいるらしいからなぁ。
となれば今フリーだとわかっている静乃さんに会いに行くべきだろう。
となれば今フリーだとわかっている静乃さんに会いに行くべきだろう。
問題は、仕事中は満足にお話が出来ないことだ。
問題は、仕事中は満足にお話が出来ないことだ。
静乃
静乃
では次の勝負に参ります
では次の勝負に参ります
今日も、大人気の静乃さん。
今日も、大人気の静乃さん。
お客さんの足は途切れることなく続いている。
お客さんの足は途切れることなく続いている。
オレは仕事が終わるのを待ち、声をかけることにした。
オレは仕事が終わるのを待ち、声をかけることにした。
秀隆
秀隆
こんにちは静乃さん
こんにちは静乃さん
静乃
静乃
こんにちは。最近はよくお会いしますね
こんにちは。最近はよくお会いしますね
もちろん、オレから会いに来ているので、偶然ではないんだけど。
もちろん、オレから会いに来ているので、偶然ではないんだけど。
秀隆
秀隆
ディーラーさんって、よく休憩を取られてます？
ディーラーさんって、よく休憩を取られてます？
静乃
静乃
私のような、フロアリーダーは２時間に１度３０分ほどの休憩を取ります
私のような、フロアリーダーは２時間に１度３０分ほどの休憩を取ります
秀隆
秀隆
やっぱり
やっぱり
別に楽する為ではないと思うけど、どうしてなんだろうか。
別に楽する為ではないと思うけど、どうしてなんだろうか。
静乃
静乃
私たちはプレイヤーと勝負するゲームを担当します。
私たちはプレイヤーと勝負するゲームを担当します。
ですので普通のギャンブルを担当するよりも遥かに集中力を要するんです
ですので普通のギャンブルを担当するよりも遥かに集中力を要するんです
秀隆
秀隆
ミスが許されない仕事だからこそ、休憩を取るんですね
ミスが許されない仕事だからこそ、休憩を取るんですね
静乃
静乃
そういうことです
そういうことです
確かに、気力体力が充実している時より、
確かに、気力体力が充実している時より、
何時間も仕事を続け、集中力の落ちた時を狙う方がよさそうだ。
何時間も仕事を続け、集中力の落ちた時を狙う方がよさそうだ。
例え僅かな可能性だとしても、勝つ確率は上がるだろう。
例え僅かな可能性だとしても、勝つ確率は上がるだろう。
静乃
静乃
今日も勝負なさいますか？
今日も勝負なさいますか？
秀隆
秀隆
そうしたいところなんですが、今月はちょっとお金がきつくて
そうしたいところなんですが、今月はちょっとお金がきつくて
静乃さんの担当するフロアは、最低ベットが１万円以上。
静乃さんの担当するフロアは、最低ベットが１万円以上。
お金がなければ勝負することも出来ない。
お金がなければ勝負することも出来ない。
秀隆
秀隆
闇雲に静乃さんと勝負しても、勝てる気がしないんですよね
闇雲に静乃さんと勝負しても、勝てる気がしないんですよね
静乃
静乃
ギャンブルは時の運だけではありません。
ギャンブルは時の運だけではありません。
洞察力や観察力、そして経験も時には必要になります
洞察力や観察力、そして経験も時には必要になります
秀隆
秀隆
降りるタイミングとか、ですか？
降りるタイミングとか、ですか？
静乃
静乃
それもありますが、カードにも流れが存在します
それもありますが、カードにも流れが存在します
静乃
静乃
案外わかるものなんです、次のカードの数字が何か、と言うことが
案外わかるものなんです、次のカードの数字が何か、と言うことが
秀隆
秀隆
まじっすか
まじっすか
静乃さんが言うと、実に生々しい。
静乃さんが言うと、実に生々しい。
トランプなんて時の運だと思っていたけど、それだけじゃないのかも知れない。
トランプなんて時の運だと思っていたけど、それだけじゃないのかも知れない。
静乃
静乃
お話できて楽しかったです。では、私はこれで
お話できて楽しかったです。では、私はこれで
どうやら仕事に戻るようだ。
どうやら仕事に戻るようだ。
名残惜しいけど仕方ない。
名残惜しいけど仕方ない。
秀隆
秀隆
また会いにきます
また会いにきます
静乃
静乃
次はぜひ、遊んで行ってください
次はぜひ、遊んで行ってください
静乃さんと別れてからは、オレはカジノで人の波をボーっと見ていた。
静乃さんと別れてからは、オレはカジノで人の波をボーっと見ていた。
特に誰かに会うこともなく時間が過ぎていく。
特に誰かに会うこともなく時間が過ぎていく。
秀隆
秀隆
っと……そろそろ４時か
っと……そろそろ４時か
そろそろ裕輔のところに向かうことにしよう。
そろそろ裕輔のところに向かうことにしよう。
裕輔
裕輔
……喧嘩のやり方？
……喧嘩のやり方？
秀隆
秀隆
ああ
ああ
裕輔
裕輔
いきなり尋ねてきたかと思えば、どういうつもりだ？
いきなり尋ねてきたかと思えば、どういうつもりだ？
秀隆
秀隆
実は、ちょっと危ないところに行かなくちゃならなくてさ
実は、ちょっと危ないところに行かなくちゃならなくてさ
秀隆
秀隆
それで護身用に戦い方を伝授して貰おうと思ったんだよ
それで護身用に戦い方を伝授して貰おうと思ったんだよ
裕輔
裕輔
話が見えないな
話が見えないな
オレは裕輔に、大よその概要を説明した。
オレは裕輔に、大よその概要を説明した。
松下という画家を探すべく、
松下という画家を探すべく、
ドリームタウンの危険地帯に足を踏み入れる必要があることを。
ドリームタウンの危険地帯に足を踏み入れる必要があることを。
裕輔
裕輔
浮浪者が集まる地区か
浮浪者が集まる地区か
秀隆
秀隆
前に行った時には、身包み全部剥がされるところだった
前に行った時には、身包み全部剥がされるところだった
裕輔
裕輔
なるほど
なるほど
秀隆
秀隆
暴力なんて振るわないに越したことはないけど、
暴力なんて振るわないに越したことはないけど、
万一の時に備えて撃退できるだけの力が欲しいってわけなんだ
万一の時に備えて撃退できるだけの力が欲しいってわけなんだ
裕輔
裕輔
気持ちは分かるが、俺は人に教えられるほど器用じゃない。
気持ちは分かるが、俺は人に教えられるほど器用じゃない。
それに付け焼刃ではそれほど役に立つこともないだろう
それに付け焼刃ではそれほど役に立つこともないだろう
秀隆
秀隆
別に達人にしてくれってわけじゃないさ。
別に達人にしてくれってわけじゃないさ。
あくまでも、それが少しでも力になればそれでいい
あくまでも、それが少しでも力になればそれでいい
裕輔
裕輔
もちろん、教えてくれと言うなら、教えない理由はない
もちろん、教えてくれと言うなら、教えない理由はない
秀隆
秀隆
そうか。ありがとう
そうか。ありがとう
裕輔
裕輔
仕事終わりでも構わないか？
仕事終わりでも構わないか？
秀隆
秀隆
ああ。いつでも構わない
ああ。いつでも構わない
と言うことで、夜。
と言うことで、夜。
オレは裕輔の仕事終わりを待っていた。
オレは裕輔の仕事終わりを待っていた。
裕輔
裕輔
待たせたな。終礼が長引いてしまった
待たせたな。終礼が長引いてしまった
秀隆
秀隆
いいよ。こっちはお願いする立場だからな
いいよ。こっちはお願いする立場だからな
秀隆
秀隆
それで、どこに行く？　ジムか？　公園か？　それとも
それで、どこに行く？　ジムか？　公園か？　それとも
裕輔
裕輔
家だ
家だ
秀隆
秀隆
え？
え？
裕輔
裕輔
ただいま
ただいま
秀隆
秀隆
うお、なんだここ……
うお、なんだここ……
玄関から足を踏み入れると、だだっぴろい部屋が広がっていた。
玄関から足を踏み入れると、だだっぴろい部屋が広がっていた。
愛佳
愛佳
お帰り～！　先生もいらっしゃい！
お帰り～！　先生もいらっしゃい！
どうやら、オレが来ることは事前に通達済みらしい。
どうやら、オレが来ることは事前に通達済みらしい。
秀隆
秀隆
こんな良いところに住んでたんだな
こんな良いところに住んでたんだな
愛佳
愛佳
可愛い娘に住ませる部屋なんだから、当然じゃない？
可愛い娘に住ませる部屋なんだから、当然じゃない？
秀隆
秀隆
はー……
はー……
裕輔
裕輔
座ってくつろいでいてくれ
座ってくつろいでいてくれ
秀隆
秀隆
ああ
ああ
オレはソファーに腰を下ろす。
オレはソファーに腰を下ろす。
すると、愛佳が隣に座った。
すると、愛佳が隣に座った。
しかも距離が近い。
しかも距離が近い。
愛佳
愛佳
なんか、先生と会うの久しぶりだね
なんか、先生と会うの久しぶりだね
秀隆
秀隆
前に買い物に行って以来か
前に買い物に行って以来か
愛佳
愛佳
そうだね。先生、ちっとも連絡くれないんだもん
そうだね。先生、ちっとも連絡くれないんだもん
秀隆
秀隆
悪いな。メールは何度か貰ってたよな
悪いな。メールは何度か貰ってたよな
愛佳
愛佳
何度かって、全部で９３通も送ってるのに。今日も送ったし
何度かって、全部で９３通も送ってるのに。今日も送ったし
秀隆
秀隆
……そうだっけ
……そうだっけ
携帯を取り出してみる。
携帯を取り出してみる。
未開封のメールが何通か届いていた。
未開封のメールが何通か届いていた。
昨日の物を開いてみる。
昨日の物を開いてみる。
おはよう。今日は学園で身体測定。朝から空腹（顔文字）
おはよう。今日は学園で身体測定。朝から空腹（顔文字）
今日のを開いてみる。
今日のを開いてみる。
朝からまったり部屋で読書。先生はまだ寝てるのかな？（顔文字）
朝からまったり部屋で読書。先生はまだ寝てるのかな？（顔文字）
うーむ、見事に全部スルーしていた。
うーむ、見事に全部スルーしていた。
愛佳
愛佳
返事してくれないの、結構寂しいんだよ？
返事してくれないの、結構寂しいんだよ？
秀隆
秀隆
実に中身のないメールだ
実に中身のないメールだ
つか、これに対してどういう返事をしろって言うのか。
つか、これに対してどういう返事をしろって言うのか。
愛佳
愛佳
中身がないって、じゃあ先生は普段どんなメールしてるの？
中身がないって、じゃあ先生は普段どんなメールしてるの？
秀隆
秀隆
どんなって、別に。普通だ
どんなって、別に。普通だ
オレは何時に待ち合わせだとか、予定は空いてるかとか、
オレは何時に待ち合わせだとか、予定は空いてるかとか、
そう言う確認事項のため以外には基本的に使わない。
そう言う確認事項のため以外には基本的に使わない。
愛佳
愛佳
見せてよ
見せてよ
秀隆
秀隆
いやそれは……
いやそれは……
愛佳
愛佳
もしかして、あたしには見せられない女がいるとか？
もしかして、あたしには見せられない女がいるとか？
秀隆
秀隆
なんだそりゃ。そんなんじゃないよ
なんだそりゃ。そんなんじゃないよ
秀隆
秀隆
基本的にメールする相手もいないからな
基本的にメールする相手もいないからな
愛佳
愛佳
うわ、それは切ない……
うわ、それは切ない……
愛佳
愛佳
あたしに返してくれたら、すぐ返事してあげるのに
あたしに返してくれたら、すぐ返事してあげるのに
秀隆
秀隆
それで、またオレが返事を書くのか？
それで、またオレが返事を書くのか？
愛佳
愛佳
うんっ
うんっ
秀隆
秀隆
じゃあいつメールを終わるんだよ
じゃあいつメールを終わるんだよ
愛佳
愛佳
そりゃあ、やっぱりそう言う流れになったらでしょ
そりゃあ、やっぱりそう言う流れになったらでしょ
秀隆
秀隆
そう言う流れって、どういう流れだよ
そう言う流れって、どういう流れだよ
愛佳
愛佳
なら試しにやってみる？
なら試しにやってみる？
秀隆
秀隆
試しに？　ま、いいか……
試しに？　ま、いいか……
裕輔は部屋の奥に消えて戻ってこない。
裕輔は部屋の奥に消えて戻ってこない。
何か準備のようなものをしているかも知れないし。
何か準備のようなものをしているかも知れないし。
携帯を取り出す。
携帯を取り出す。
愛佳
愛佳
あたしから送るね
あたしから送るね
秀隆
秀隆
いつでもいいぞ
いつでもいいぞ
愛佳は手早く携帯を触ると、メールを送る。
愛佳は手早く携帯を触ると、メールを送る。
数秒ほどで、オレの携帯にメールが届いた。
数秒ほどで、オレの携帯にメールが届いた。
今何してるの？　あたしは部屋で読書ちゅ
今何してるの？　あたしは部屋で読書ちゅ
どうやら今現在の内容ではなく、仮想シミュレーションのようだ。
どうやら今現在の内容ではなく、仮想シミュレーションのようだ。
秀隆
秀隆
えーっと……
えーっと……
それに対して返事を考える。
それに対して返事を考える。
今は部屋で、明日の仕事のための資料整理だ
今は部屋で、明日の仕事のための資料整理だ
今度はそれを愛佳が受け取る。
今度はそれを愛佳が受け取る。
いつも夜遅くまでやってるの？
いつも夜遅くまでやってるの？
日付が変わるくらいまでだよ、次の仕事にも響くから
日付が変わるくらいまでだよ、次の仕事にも響くから
でも、毎日仕事してるってわけじゃないんでしょ？
でも、毎日仕事してるってわけじゃないんでしょ？
そりゃ、たまにはリラックスして過ごす日もあるさ
そりゃ、たまにはリラックスして過ごす日もあるさ
なんとも不思議な光景だった。
なんとも不思議な光景だった。
無言で指先だけを動かし、携帯を触る時間が過ぎていく。
無言で指先だけを動かし、携帯を触る時間が過ぎていく。
愛佳は何が楽しいのか、ニコニコしながら返事を打っているようだった。
愛佳は何が楽しいのか、ニコニコしながら返事を打っているようだった。
秀隆
秀隆
これ、永久に終わりが来ない気がするぞ？
これ、永久に終わりが来ない気がするぞ？
愛佳
愛佳
そうかな？　まだ始まったばかりだよ？
そうかな？　まだ始まったばかりだよ？
これで始まったばかりなのか。
これで始まったばかりなのか。
オレの１月分のメールくらいは打ったぞ。
オレの１月分のメールくらいは打ったぞ。
秀隆
秀隆
直接話すか電話した方が早いだろ、これなら
直接話すか電話した方が早いだろ、これなら
愛佳
愛佳
電話とかじゃ言えないことも言えるのが、メールのいいところだよ
電話とかじゃ言えないことも言えるのが、メールのいいところだよ
秀隆
秀隆
少なくとも、今のメール内容は口頭で十分だ
少なくとも、今のメール内容は口頭で十分だ
愛佳
愛佳
じゃあこういうのは？
じゃあこういうのは？
メールが送られて来る。
メールが送られて来る。
今、あたし何色の下着だと思う？
今、あたし何色の下着だと思う？
秀隆
秀隆
ぶっ！
ぶっ！
愛佳がニヤニヤとしながら、こちらの反応をうかがっている。
愛佳がニヤニヤとしながら、こちらの反応をうかがっている。
オレの視線は、悲しいかな愛佳の下腹部へと向けられる。
オレの視線は、悲しいかな愛佳の下腹部へと向けられる。
い、いかんいかん。
い、いかんいかん。
慌てて首を振り、視線を逸らす。
慌てて首を振り、視線を逸らす。
これは罠だ。
これは罠だ。
純真無垢なオレの感情を弄ぶ女の策略だっ。
純真無垢なオレの感情を弄ぶ女の策略だっ。
下手に見ちゃったりすると、ネタにされるのがオチ。
下手に見ちゃったりすると、ネタにされるのがオチ。
秀隆
秀隆
…………
…………
なのは分かっているのだが、ついつい気になってしまう。
なのは分かっているのだが、ついつい気になってしまう。
当然、オレのモロな視線に気づかないはずもなく、
当然、オレのモロな視線に気づかないはずもなく、
愛佳と視線が交差してしまう。
愛佳と視線が交差してしまう。
そして、次のメールが、返事をする前に届いた。
そして、次のメールが、返事をする前に届いた。
先生の好きな下着かもかも？
先生の好きな下着かもかも？
秀隆
秀隆
ゴクリ……
ゴクリ……
裕輔に見られれば殺されてしまいそうな状況だ。
裕輔に見られれば殺されてしまいそうな状況だ。
オレは悪魔に打ち勝つため、メールを返すことにした。
オレは悪魔に打ち勝つため、メールを返すことにした。
何色か教えてください
何色か教えてください
欲望の赴くままのメール文になってしまっていた。
欲望の赴くままのメール文になってしまっていた。
秀隆
秀隆
無意識だったのに……性欲って恐ろしい！
無意識だったのに……性欲って恐ろしい！
裕輔
裕輔
性欲？
性欲？
秀隆
秀隆
うにぴ！？
うにぴ！？
いきなり背後から声をかけられ、
いきなり背後から声をかけられ、
やましい気持ちでいっぱいだったオレは飛び跳ねる。
やましい気持ちでいっぱいだったオレは飛び跳ねる。
秀隆
秀隆
ゆゆゆ、裕輔、いつからそこに？
ゆゆゆ、裕輔、いつからそこに？
裕輔
裕輔
つい今しがただが……どうかしたのか？
つい今しがただが……どうかしたのか？
秀隆
秀隆
どうもしないどうもしない
どうもしないどうもしない
オレは携帯をさっと隠す。
オレは携帯をさっと隠す。
秀隆
秀隆
それより、準備の方はできたのか？　手ぶらみたいだけど
それより、準備の方はできたのか？　手ぶらみたいだけど
裕輔
裕輔
ああ、いや、すまないが
ああ、いや、すまないが
必要なものを買い忘れていた。買ってきてもいいだろうか
必要なものを買い忘れていた。買ってきてもいいだろうか
秀隆
秀隆
必要なもの？
必要なもの？
裕輔
裕輔
愛佳に頼まれていた調味料だ。今晩使うと言っていた
愛佳に頼まれていた調味料だ。今晩使うと言っていた
愛佳
愛佳
いいよお兄ちゃん。明日あたしが買いに行くから
いいよお兄ちゃん。明日あたしが買いに行くから
裕輔
裕輔
忘れた俺が悪い。責任はきちんと持つ
忘れた俺が悪い。責任はきちんと持つ
そう言い、玄関に向かおうとする。
そう言い、玄関に向かおうとする。
秀隆
秀隆
オレも行こうか？
オレも行こうか？
裕輔
裕輔
客人を買い物に行かせるわけにはいかない。
客人を買い物に行かせるわけにはいかない。
大丈夫だ。２０分ほどで戻ってくる。待っていてくれ
大丈夫だ。２０分ほどで戻ってくる。待っていてくれ
秀隆
秀隆
分かった
分かった
裕輔
裕輔
愛佳、秀隆の相手は任せたぞ。迷惑はかけないようにな
愛佳、秀隆の相手は任せたぞ。迷惑はかけないようにな
愛佳
愛佳
りょ～かい
りょ～かい
びしっと敬礼する仕草を見せる愛佳。
びしっと敬礼する仕草を見せる愛佳。
元々無口な裕輔だが、いなくなったことでより静けさに包まれる。
元々無口な裕輔だが、いなくなったことでより静けさに包まれる。
愛佳
愛佳
……二人きりだよね、先生
……二人きりだよね、先生
秀隆
秀隆
そうだな
そうだな
愛佳
愛佳
女子学生と、自宅で二人きりってドキドキする？
女子学生と、自宅で二人きりってドキドキする？
秀隆
秀隆
べ、別に
べ、別に
ちょっと強がってみたけど、やや緊張しているかも知れない。
ちょっと強がってみたけど、やや緊張しているかも知れない。
秀隆
秀隆
今はともかく、裕輔もいるしな。すぐ帰ってくるから
今はともかく、裕輔もいるしな。すぐ帰ってくるから
愛佳
愛佳
もー。そう言うことじゃないのに
もー。そう言うことじゃないのに
秀隆
秀隆
それよりも、ちゃんと学園には行ってるんだろうな？
それよりも、ちゃんと学園には行ってるんだろうな？
愛佳
愛佳
え？　あ、うん。バッチリ。無遅刻無欠席
え？　あ、うん。バッチリ。無遅刻無欠席
びしっとブイの字を作る。
びしっとブイの字を作る。
秀隆
秀隆
へぇ……
へぇ……
思わず感心してしまった。
思わず感心してしまった。
さすがに、嘘ってことはないだろう。
さすがに、嘘ってことはないだろう。
オレが秋に確認すれば一発で分かってしまうことだ。
オレが秋に確認すれば一発で分かってしまうことだ。
愛佳
愛佳
最近は学園に行くのが楽しみって言うかさ。
最近は学園に行くのが楽しみって言うかさ。
秋ちゃんのお陰で、あたしにも沢山友達が出来たの
秋ちゃんのお陰で、あたしにも沢山友達が出来たの
愛佳
愛佳
さやかちゃんでしょ、木下さんでしょ……隣のクラスの山崎さんとかも
さやかちゃんでしょ、木下さんでしょ……隣のクラスの山崎さんとかも
秀隆
秀隆
山崎って、あの山崎？
山崎って、あの山崎？
愛佳
愛佳
そ。先生が鼻の下伸ばしてた子だね
そ。先生が鼻の下伸ばしてた子だね
秀隆
秀隆
鼻の下は伸ばしてないけどな
鼻の下は伸ばしてないけどな
愛佳
愛佳
嘘ばっかり
嘘ばっかり
秀隆
秀隆
ただちょっと、イイナと思っただけだ、うん
ただちょっと、イイナと思っただけだ、うん
愛佳
愛佳
それを鼻の下を伸ばすって言うんだよ
それを鼻の下を伸ばすって言うんだよ
秀隆
秀隆
はい……
はい……
ちょっと怒られた。
ちょっと怒られた。
秀隆
秀隆
しかし、あの子可愛いんだよな。学園でもトップクラスだろ
しかし、あの子可愛いんだよな。学園でもトップクラスだろ
愛佳
愛佳
最近大学生の彼氏が出来たみたいだけどね
最近大学生の彼氏が出来たみたいだけどね
秀隆
秀隆
……なん、だと……？
……なん、だと……？
愛佳
愛佳
しかも、この間お泊りデートしてきたんだって
しかも、この間お泊りデートしてきたんだって
秀隆
秀隆
あ、あがが、あがが……オレの山崎が寝盗られた！
あ、あがが、あがが……オレの山崎が寝盗られた！
頭を抱えオレは悲鳴を上げた。
頭を抱えオレは悲鳴を上げた。
あの純粋で巨乳で可愛い山崎に、大学生の彼氏（お泊りデート）！
あの純粋で巨乳で可愛い山崎に、大学生の彼氏（お泊りデート）！
愛佳
愛佳
いつの間にセンセーのになってんだろ……
いつの間にセンセーのになってんだろ……
秀隆
秀隆
くそ、所詮は学歴か？　学歴なのかっ！？
くそ、所詮は学歴か？　学歴なのかっ！？
秀隆
秀隆
こんなことなら口説いておけばよかった！
こんなことなら口説いておけばよかった！
愛佳
愛佳
教師時代に口説いて断られてたじゃない
教師時代に口説いて断られてたじゃない
秀隆
秀隆
ち、違うっ。アレは口説き足らなかったんだ！
ち、違うっ。アレは口説き足らなかったんだ！
もうちょっと強引に誘い出して、酒を飲ませてその勢いで
もうちょっと強引に誘い出して、酒を飲ませてその勢いで
愛佳
愛佳
あはは、サイテーだよ先生
あはは、サイテーだよ先生
秀隆
秀隆
オレは貴重な果実を食べ損ねたんだぞ！
オレは貴重な果実を食べ損ねたんだぞ！
愛佳
愛佳
もうっ、そんなに取り乱さなくても。
もうっ、そんなに取り乱さなくても。
周りにはちゃんと先生を見てくれてる子だっているよ？
周りにはちゃんと先生を見てくれてる子だっているよ？
ピタッとオレの動きが止まる。
ピタッとオレの動きが止まる。
秀隆
秀隆
前にも言ってたな。誰だ？　誰なんだ！？
前にも言ってたな。誰だ？　誰なんだ！？
愛佳
愛佳
それは……秘密かな
それは……秘密かな
秀隆
秀隆
バッグか？　財布か？　腕時計が欲しいのか？
バッグか？　財布か？　腕時計が欲しいのか？
おじさんお金持ちだから買ってあげるよ～！
おじさんお金持ちだから買ってあげるよ～！
愛佳
愛佳
うわー。もう手段選ばなくなってる……
うわー。もう手段選ばなくなってる……
山崎さんに彼氏できたこと、よっぽどショックなんだ
山崎さんに彼氏できたこと、よっぽどショックなんだ
秀隆
秀隆
ったり前だ。学生の分際でお泊りだぁ？　生意気すぎる
ったり前だ。学生の分際でお泊りだぁ？　生意気すぎる
オレは腕を組んで憤慨を口にする。
オレは腕を組んで憤慨を口にする。
大学生が、あのおっぱいを好き放題していると思うと、心が痛い。
大学生が、あのおっぱいを好き放題していると思うと、心が痛い。
そんな態度を見て、愛佳は飽きれたようにため息をつく。
そんな態度を見て、愛佳は飽きれたようにため息をつく。
愛佳
愛佳
あたしって、そんな魅力的じゃないのかなぁ……
あたしって、そんな魅力的じゃないのかなぁ……
秀隆
秀隆
なにが
なにが
愛佳
愛佳
センセーって、あたし格好いいと思うよ？
センセーって、あたし格好いいと思うよ？
秀隆
秀隆
ならどうしてモテないんだ？
ならどうしてモテないんだ？
愛佳
愛佳
皆、それに気づいてないだけなんじゃないの？
皆、それに気づいてないだけなんじゃないの？
秀隆
秀隆
うーん……それって格好いいっていうのか？
うーん……それって格好いいっていうのか？
普通イケメンなら、見た瞬間に分かるだろ。
普通イケメンなら、見た瞬間に分かるだろ。
裕輔なんかが最たる例だ。
裕輔なんかが最たる例だ。
変な趣味の持ち主でもない限り、
変な趣味の持ち主でもない限り、
男女共に、初見で格好いいと思うだろう。
男女共に、初見で格好いいと思うだろう。
でも、オレに対してはそんな意見皆無に等しい。
でも、オレに対してはそんな意見皆無に等しい。
秀隆
秀隆
オレはイケメンではないってことだ
オレはイケメンではないってことだ
がっくりとうな垂れる。
がっくりとうな垂れる。
愛佳
愛佳
もうっ
もうっ
再びため息をつくと、愛佳はオレに少し近づいた。
再びため息をつくと、愛佳はオレに少し近づいた。
愛佳
愛佳
センセ……
センセ……
愛佳の手が、オレの腕を掴む。
愛佳の手が、オレの腕を掴む。
秀隆
秀隆
愛佳？
愛佳？
愛佳
愛佳
……あたしじゃ、ダメ？
……あたしじゃ、ダメ？
秀隆
秀隆
あたしじゃって……それ、どういう……
あたしじゃって……それ、どういう……
愛佳
愛佳
もし、先生がいいなら、あたし先生の彼女になってあげてもいいよ？
もし、先生がいいなら、あたし先生の彼女になってあげてもいいよ？
秀隆
秀隆
冗談……だよな？
冗談……だよな？
愛佳
愛佳
冗談だと思う？
冗談だと思う？
頬を赤らめた愛佳が、よりオレへと距離を詰めてくる。
頬を赤らめた愛佳が、よりオレへと距離を詰めてくる。
オレは―――。
オレは―――。
秀隆
秀隆
学園での秋の様子はどうなんだ？
学園での秋の様子はどうなんだ？
ぐっと愛佳から距離をとり、聞いた。
ぐっと愛佳から距離をとり、聞いた。
愛佳との共通点が秋くらいしかないので仕方ないが、苦肉の策だ。
愛佳との共通点が秋くらいしかないので仕方ないが、苦肉の策だ。
愛佳
愛佳
む。センセって、意外とガードが固い。
む。センセって、意外とガードが固い。
それとも単純にあたしに興味がないだけかなぁ
それとも単純にあたしに興味がないだけかなぁ
秀隆
秀隆
冗談言ってないで教えてくれよ
冗談言ってないで教えてくれよ
愛佳
愛佳
はーいはい。どうせあたしなんて相手にされませんよっと
はーいはい。どうせあたしなんて相手にされませんよっと
愛佳
愛佳
秋ちゃんはいつもどおりかな。
秋ちゃんはいつもどおりかな。
友達も多いし、勉強も出来るし、外見も可愛いしね
友達も多いし、勉強も出来るし、外見も可愛いしね
秀隆
秀隆
ふーん
ふーん
愛佳
愛佳
ふーんって、自分から話題振っておいて、随分冷めた反応……
ふーんって、自分から話題振っておいて、随分冷めた反応……
愛佳
愛佳
ところで今日は何しにきたの？
ところで今日は何しにきたの？
秀隆
秀隆
ああ、ちょっと裕輔に教わりたいことがあってさ
ああ、ちょっと裕輔に教わりたいことがあってさ
愛佳
愛佳
あたし、ピンク系が好きだから。プレゼントならその路線でね
あたし、ピンク系が好きだから。プレゼントならその路線でね
秀隆
秀隆
おまえの好きな色は聞いてない
おまえの好きな色は聞いてない
愛佳
愛佳
なーんだ、違うんだ
なーんだ、違うんだ
秀隆
秀隆
護身術を習いたいと思ってるんだ
護身術を習いたいと思ってるんだ
愛佳
愛佳
護身術ぅ？　センセが？　特務官ってそんな職業だっけ
護身術ぅ？　センセが？　特務官ってそんな職業だっけ
秀隆
秀隆
念のためだよ
念のためだよ
あまり不用意なことを話して、心配させるわけにはいかない。
あまり不用意なことを話して、心配させるわけにはいかない。
秀隆
秀隆
デスクワークばっかりじゃ体が鈍って仕方ない
デスクワークばっかりじゃ体が鈍って仕方ない
ぐるぐると腕を回す。
ぐるぐると腕を回す。
愛佳
愛佳
なんか似合わないよね。体動かすとか
なんか似合わないよね。体動かすとか
秀隆
秀隆
そう見られてるってことは、相当ダメな証拠だろうなぁ
そう見られてるってことは、相当ダメな証拠だろうなぁ
秀隆
秀隆
これでも昔はスポーツ万能だったんだぞ？
これでも昔はスポーツ万能だったんだぞ？
愛佳
愛佳
あ、やだ。もうすぐ歌番はじまるじゃん。見ないと
あ、やだ。もうすぐ歌番はじまるじゃん。見ないと
秀隆
秀隆
聞けよ……
聞けよ……
愛佳
愛佳
だって、先生がそう言っても信じられないって言うか
だって、先生がそう言っても信じられないって言うか
愛佳
愛佳
あ……でも、そうでもない、かな
あ……でも、そうでもない、かな
秀隆
秀隆
なんだよ。思い当たる節でもあったのか？
なんだよ。思い当たる節でもあったのか？
愛佳
愛佳
ほら、前にお兄ちゃんと喧嘩したことあったでしょ？
ほら、前にお兄ちゃんと喧嘩したことあったでしょ？
秀隆
秀隆
オレがボコボコにされた時な
オレがボコボコにされた時な
愛佳
愛佳
そうだけど、あんなに殴られてるお兄ちゃん見たこと無かった
そうだけど、あんなに殴られてるお兄ちゃん見たこと無かった
秀隆
秀隆
何度も喧嘩見てきた口ぶりだな、それ
何度も喧嘩見てきた口ぶりだな、それ
愛佳
愛佳
実際何度かあるよ。学生の時はよく絡まれてたし
実際何度かあるよ。学生の時はよく絡まれてたし
愛佳
愛佳
だけど、全部呆気なく返り討ちにしちゃってさ
だけど、全部呆気なく返り討ちにしちゃってさ
愛佳は握り拳を作る。
愛佳は握り拳を作る。
秀隆
秀隆
昔から強かったってのは知ってる
昔から強かったってのは知ってる
愛佳
愛佳
大体一発殴ったら、相手は倒れてたかな
大体一発殴ったら、相手は倒れてたかな
オレに向かって素振りを見せる愛佳。
オレに向かって素振りを見せる愛佳。
秀隆
秀隆
へぶっ！
へぶっ！
愛佳
愛佳
あ、ごめ！　当たっちゃった！
あ、ごめ！　当たっちゃった！
素振りのパンチが、オレの鼻に命中する。
素振りのパンチが、オレの鼻に命中する。
秀隆
秀隆
当たっちゃった、じゃないっての！　いたたた
当たっちゃった、じゃないっての！　いたたた
鼻がひやっとしたので指で触れてみると、血がついた。
鼻がひやっとしたので指で触れてみると、血がついた。
愛佳
愛佳
鼻血出ちゃってる！
鼻血出ちゃってる！
慌ててティッシュを取り出した愛佳が、それを渡してきた。
慌ててティッシュを取り出した愛佳が、それを渡してきた。
秀隆
秀隆
ったく、気をつけてくれよ。
ったく、気をつけてくれよ。
高い鼻が低くなったらどうしてくれる
高い鼻が低くなったらどうしてくれる
愛佳
愛佳
あーうん、その心配は無いと思う
あーうん、その心配は無いと思う
秀隆
秀隆
そんな申し訳なさそうに言うなっ
そんな申し訳なさそうに言うなっ
秀隆
秀隆
にしても裕輔の奴遅いな
にしても裕輔の奴遅いな
もう、かれこれ３０分は経つぞ。
もう、かれこれ３０分は経つぞ。
愛佳
愛佳
お腹空かない？
お腹空かない？
秀隆
秀隆
そうだな。そろそろ晩御飯の時間だしな
そうだな。そろそろ晩御飯の時間だしな
軽く手ほどきを受けて帰るつもりだったから、何も食べていない。
軽く手ほどきを受けて帰るつもりだったから、何も食べていない。
愛佳
愛佳
よかったら、ご飯食べていかない？
よかったら、ご飯食べていかない？
秀隆
秀隆
いいのか？
いいのか？
愛佳
愛佳
うん。ちょっと待ってて、すぐ準備するね
うん。ちょっと待ってて、すぐ準備するね
秀隆
秀隆
でも、おまえ料理できるのか？
でも、おまえ料理できるのか？
こういっちゃなんだが、料理はダメなタイプだろ？
こういっちゃなんだが、料理はダメなタイプだろ？
愛佳
愛佳
決め付け？　あたしこう見えて料理得意だったりするけど
決め付け？　あたしこう見えて料理得意だったりするけど
秀隆
秀隆
んなわけ
んなわけ
秀隆
秀隆
……なんだこれ……
……なんだこれ……
テーブルに並んだのは、料理本に載ってそうな見事な料理。
テーブルに並んだのは、料理本に載ってそうな見事な料理。
しかも、家の設備じゃまず作れないものばかりだ。
しかも、家の設備じゃまず作れないものばかりだ。
秀隆
秀隆
本当に料理得意だったんだな……
本当に料理得意だったんだな……
愛佳
愛佳
自慢する話じゃないけど、学園サボってる時って結構暇でさ。
自慢する話じゃないけど、学園サボってる時って結構暇でさ。
料理とかしてることが多かったんだよね
料理とかしてることが多かったんだよね
秀隆
秀隆
御見それしました
御見それしました
オレは素直に頭を下げた。
オレは素直に頭を下げた。
愛佳
愛佳
ふふん。惚れちゃいそう？
ふふん。惚れちゃいそう？
秀隆
秀隆
これは、うん、素直に高ポイントだな
これは、うん、素直に高ポイントだな
愛佳
愛佳
やったっ
やったっ
秀隆
秀隆
そこらへんの男なら、多分イチコロだぞ
そこらへんの男なら、多分イチコロだぞ
愛佳
愛佳
そこらへんの男をイチコロにしても仕方ないけど……
そこらへんの男をイチコロにしても仕方ないけど……
秀隆
秀隆
凄くおいしそうだ
凄くおいしそうだ
愛佳
愛佳
食べてみて食べてみて
食べてみて食べてみて
秀隆
秀隆
ああ
ああ
でも、ほんと裕輔の奴遅いな。
でも、ほんと裕輔の奴遅いな。
飯を食い終わる頃、やっと裕輔が帰ってきた。
飯を食い終わる頃、やっと裕輔が帰ってきた。
裕輔
裕輔
遅くなってすまない
遅くなってすまない
愛佳
愛佳
お帰りおにいちゃん
お帰りおにいちゃん
秀隆
秀隆
本当に遅かったな。何してたんだよ
本当に遅かったな。何してたんだよ
２０分ほどって話だったのに、１時間以上過ぎてしまっている。
２０分ほどって話だったのに、１時間以上過ぎてしまっている。
まさか、意図的にそうしたんじゃ……。
まさか、意図的にそうしたんじゃ……。
裕輔
裕輔
職場の人間に会ってな。少し仕事のことで話をしてしまった
職場の人間に会ってな。少し仕事のことで話をしてしまった
秀隆
秀隆
そうだったのか。それは仕方ないな
そうだったのか。それは仕方ないな
無下に切り上げたら、後々人間関係にも影響を及ぼしかねない。
無下に切り上げたら、後々人間関係にも影響を及ぼしかねない。
裕輔
裕輔
もうご飯は食べてしまったようだな
もうご飯は食べてしまったようだな
秀隆
秀隆
悪いな。ご馳走になった
悪いな。ご馳走になった
裕輔
裕輔
元々一緒に夕食をと思っていたんだ、気にするな。
元々一緒に夕食をと思っていたんだ、気にするな。
それで、愛佳の手料理はどうだった？
それで、愛佳の手料理はどうだった？
秀隆
秀隆
信じられないくらい美味かったよ
信じられないくらい美味かったよ
裕輔
裕輔
そうか、それは良かった
そうか、それは良かった
その愛佳は、台所で歌を歌いながら洗い物をしている。
その愛佳は、台所で歌を歌いながら洗い物をしている。
秀隆
秀隆
あいつ、実はかなり高レベルだよな。
あいつ、実はかなり高レベルだよな。
外見は申し分ないし、料理も出来るし。共学なら男がほっとかないぞ
外見は申し分ないし、料理も出来るし。共学なら男がほっとかないぞ
性格は多少クセもあるが、
性格は多少クセもあるが、
明るくて会話には困らないタイプだ。
明るくて会話には困らないタイプだ。
裕輔
裕輔
俺にはよく分からん。だが、適当な男に任せるつもりはない
俺にはよく分からん。だが、適当な男に任せるつもりはない
秀隆
秀隆
そりゃなぁ。変なのに言い寄られても困るだろ
そりゃなぁ。変なのに言い寄られても困るだろ
裕輔
裕輔
前にも言ったと思うが、
前にも言ったと思うが、
おまえが彼氏になってくれれば、俺も楽なんだが
おまえが彼氏になってくれれば、俺も楽なんだが
秀隆
秀隆
はははは、愛佳が本当に良いって言うなら喜んでなってやるよ
はははは、愛佳が本当に良いって言うなら喜んでなってやるよ
裕輔
裕輔
そんなことを軽々と言っていいのか？
そんなことを軽々と言っていいのか？
真面目な返答が返って来る。
真面目な返答が返って来る。
秀隆
秀隆
あーいや。うん、まぁ、オレより良い男は沢山いるぞ
あーいや。うん、まぁ、オレより良い男は沢山いるぞ
裕輔
裕輔
俺個人的に、おまえであってほしいと思う
俺個人的に、おまえであってほしいと思う
秀隆
秀隆
そんな風に言ってくれるのは光栄だけど、大した男じゃないぞ？
そんな風に言ってくれるのは光栄だけど、大した男じゃないぞ？
裕輔
裕輔
それを判断するのは周りの人間だ。
それを判断するのは周りの人間だ。
自分が幾ら優れた人間だとアピールしても、
自分が幾ら優れた人間だとアピールしても、
周囲がそれを認めなければ何の意味もないように
周囲がそれを認めなければ何の意味もないように
秀隆
秀隆
真顔で言われると説得力あるけど……
真顔で言われると説得力あるけど……
オレは一度愛佳の背中を見る。
オレは一度愛佳の背中を見る。
秀隆
秀隆
愛佳は、オレのことを嫌ってはいないかも知れない。
愛佳は、オレのことを嫌ってはいないかも知れない。
でもそれは、あいつをたまたま助け出す形になったからだ
でもそれは、あいつをたまたま助け出す形になったからだ
秀隆
秀隆
もっと普通の出会いだったなら、
もっと普通の出会いだったなら、
愛佳はオレのことを相手になんてしやしないさ
愛佳はオレのことを相手になんてしやしないさ
裕輔
裕輔
人との出会いや繋がりは偶然のものだ。
人との出会いや繋がりは偶然のものだ。
その理由にケチを付けることは、俺はしたくない
その理由にケチを付けることは、俺はしたくない
秀隆
秀隆
ったく、ほんと真顔で言うなって……
ったく、ほんと真顔で言うなって……
裕輔
裕輔
たまに不思議に思う。お前は頭のいい人間だ。
たまに不思議に思う。お前は頭のいい人間だ。
なのに、こうして妙に中途半端なことを気にしている
なのに、こうして妙に中途半端なことを気にしている
秀隆
秀隆
頭なんて良くないって
頭なんて良くないって
裕輔
裕輔
人のことを言えた口じゃないが、
人のことを言えた口じゃないが、
お前は誰かと一線を越えるのを避けようとしているようにさえ思う
お前は誰かと一線を越えるのを避けようとしているようにさえ思う
秀隆
秀隆
……そんなことはないさ
……そんなことはないさ
秀隆
秀隆
可愛い女の子がいれば付き合いたいと思うし、
可愛い女の子がいれば付き合いたいと思うし、
話して楽しい男がいれば、友達にだってなりたい
話して楽しい男がいれば、友達にだってなりたい
秀隆
秀隆
少しばかし臆病なだけで、特別なことは何もないさ
少しばかし臆病なだけで、特別なことは何もないさ
裕輔
裕輔
……そうか
……そうか
秀隆
秀隆
それより護身術教えてくれよ。今日の目的はそれなんだし
それより護身術教えてくれよ。今日の目的はそれなんだし
裕輔
裕輔
そうだったな
そうだったな
秀隆
秀隆
筋トレか？　実践組み手か？
筋トレか？　実践組み手か？
裕輔
裕輔
まずは
まずは
裕輔は部屋の隅まで行き、本を何冊か取り出した。
裕輔は部屋の隅まで行き、本を何冊か取り出した。
裕輔
裕輔
知識だ
知識だ
秀隆
秀隆
……意外なところから突いてきたな
……意外なところから突いてきたな
裕輔
裕輔
何故戦うのか、どう戦うのか。
何故戦うのか、どう戦うのか。
それを知らずして、肉体の強さを求めても効果は薄い
それを知らずして、肉体の強さを求めても効果は薄い
裕輔
裕輔
まずはこれを家で読んでくれ
まずはこれを家で読んでくれ
秀隆
秀隆
わかった。こういうのは比較的得意だからな
わかった。こういうのは比較的得意だからな
裕輔から本を受け取る。
裕輔から本を受け取る。
秀隆
秀隆
てか、本を受け取るだけならすぐ終わったんじゃないか？
てか、本を受け取るだけならすぐ終わったんじゃないか？
わざわざ飯までご馳走になってしまった。
わざわざ飯までご馳走になってしまった。
裕輔
裕輔
そうかも知れないな
そうかも知れないな
こいつ……やっぱりオレと愛佳を会わせる算段だったのか。
こいつ……やっぱりオレと愛佳を会わせる算段だったのか。
最初からそう言ってくれれば、オレは喜んで来たんだけどな。
最初からそう言ってくれれば、オレは喜んで来たんだけどな。
愛佳
愛佳
はいセンセ、食後のコーヒー
はいセンセ、食後のコーヒー
seコーヒーをテーブルに置く0
seコーヒーをテーブルに置く0
至れり尽くせり、洗い物を終えた愛佳がコーヒーを淹れてくれた。
至れり尽くせり、洗い物を終えた愛佳がコーヒーを淹れてくれた。
秀隆
秀隆
なんか申し訳ないな
なんか申し訳ないな
愛佳
愛佳
いいのいいの。ねえ？
いいのいいの。ねえ？
裕輔
裕輔
そうだ。遠慮せず、毎日でも来てくれて構わない
そうだ。遠慮せず、毎日でも来てくれて構わない
秀隆
秀隆
そこまでずうずうしくはなれないって
そこまでずうずうしくはなれないって
愛佳
愛佳
全然いいのに
全然いいのに
愛佳は、またオレの真横に腰を下ろした。
愛佳は、またオレの真横に腰を下ろした。
普通妹が男にべったりするのを嫌がるはずだが、
普通妹が男にべったりするのを嫌がるはずだが、
裕輔は何も言わず、むしろ優しい顔でこちらを見ている。
裕輔は何も言わず、むしろ優しい顔でこちらを見ている。
秀隆
秀隆
うーん……
うーん……
なんていうか、他意はないが申し訳ない気分になるぞ。
なんていうか、他意はないが申し訳ない気分になるぞ。
もう帰ったほうがいいんだろうが、
もう帰ったほうがいいんだろうが、
コーヒーを出されてしまった手前、飲み干すまでは帰れない。
コーヒーを出されてしまった手前、飲み干すまでは帰れない。
秀隆
秀隆
頂きます……
頂きます……
熱っ！
熱っ！
愛佳
愛佳
慌てて飲んだら火傷するよ？
慌てて飲んだら火傷するよ？
秀隆
秀隆
そうだな……
そうだな……
それから、何故か一緒にテレビを見るハメになった。
それから、何故か一緒にテレビを見るハメになった。
最初は遠慮が先行していたオレも、
最初は遠慮が先行していたオレも、
片桐家の明るくも和やかな空気に感化され、
片桐家の明るくも和やかな空気に感化され、
気が付けば居心地良い空間になりはじめている。
気が付けば居心地良い空間になりはじめている。
秀隆
秀隆
っと、さすがにそろそろ帰るわ
っと、さすがにそろそろ帰るわ
愛佳
愛佳
えぇーっ、もう帰っちゃうの？
えぇーっ、もう帰っちゃうの？
秀隆
秀隆
そろそろ戻らないと、明日にも響くしな
そろそろ戻らないと、明日にも響くしな
愛佳
愛佳
あとちょっとくらいいんじゃない？
あとちょっとくらいいんじゃない？
裕輔
裕輔
無理に引き止めるのは良くないぞ愛佳
無理に引き止めるのは良くないぞ愛佳
愛佳
愛佳
そうだけどさ……
そうだけどさ……
秀隆
秀隆
また、後日来るよ。本返す必要もあるし
また、後日来るよ。本返す必要もあるし
愛佳
愛佳
じゃあ週末！　週末ね！　ご馳走とか作るから
じゃあ週末！　週末ね！　ご馳走とか作るから
秀隆
秀隆
お、おう。無理はしないで大丈夫だからな
お、おう。無理はしないで大丈夫だからな
秀隆
秀隆
悪いな、見送りまでしてもらって
悪いな、見送りまでしてもらって
裕輔
裕輔
大したことじゃない
大したことじゃない
秀隆
秀隆
帰って早速読むことにするよ
帰って早速読むことにするよ
裕輔
裕輔
その危険な場所には、いつ行くつもりなんだ？
その危険な場所には、いつ行くつもりなんだ？
秀隆
秀隆
どうかな。出来れば早いうち行きたいと思ってるけど
どうかな。出来れば早いうち行きたいと思ってるけど
裕輔
裕輔
ドリームタウンにあるんだったな、その場所は
ドリームタウンにあるんだったな、その場所は
秀隆
秀隆
ああ
ああ
秀隆
秀隆
とりあえず、護身術の１つでも身に着けなきゃ行くに行けないからな。また後日報告する
とりあえず、護身術の１つでも身に着けなきゃ行くに行けないからな。また後日報告する
裕輔
裕輔
わかった
わかった
オレは裕輔に別れを告げ、家路を目指す。
オレは裕輔に別れを告げ、家路を目指す。
秀隆
秀隆
良い兄妹だな
良い兄妹だな
そんなことを思い、オレは家路を目指すのだった。
そんなことを思い、オレは家路を目指すのだった。
…………。
…………。
……。
……。
