秀隆
秀隆
……随分と、長引いてるみたいだな
……随分と、長引いてるみたいだな
秋
秋
たまに、こういうこともありますから……
たまに、こういうこともありますから……
秀隆
秀隆
それにしても……
それにしても……
秋
秋
兄さん。少しだけ、傍に居てくれませんか？
兄さん。少しだけ、傍に居てくれませんか？
秀隆
秀隆
おまえがそういうなら、オレはいつまでも傍に居るよ
おまえがそういうなら、オレはいつまでも傍に居るよ
秋
秋
はい……ありがとうございます
はい……ありがとうございます
秋
秋
兄さんが傍に居たら、安心して眠れます……
兄さんが傍に居たら、安心して眠れます……
秀隆
秀隆
秋、おまえ……
秋、おまえ……
秋
秋
…………
…………
秋は、オレの手を握ったまま、眠りにつく。
秋は、オレの手を握ったまま、眠りにつく。
もし、このまま熱が下がらなかったら……。
もし、このまま熱が下がらなかったら……。
ユウキ
ユウキ
悪いな、なんか急に呼び出して
悪いな、なんか急に呼び出して
秀隆
秀隆
別にいいよ。何気にオレも、ユウキに謝らないといけなかったし
別にいいよ。何気にオレも、ユウキに謝らないといけなかったし
ユウキ
ユウキ
へ？　秀隆が俺に謝ること？
へ？　秀隆が俺に謝ること？
秀隆
秀隆
秋からの返事とか、返ってきてないんじゃないか？
秋からの返事とか、返ってきてないんじゃないか？
ユウキ
ユウキ
う……どこでそれを。い、いや、俺は別に下心なんかないぜ？
う……どこでそれを。い、いや、俺は別に下心なんかないぜ？
ユウキ
ユウキ
秀隆と付き合ったことは嬉しく思うし、応援してるからさ
秀隆と付き合ったことは嬉しく思うし、応援してるからさ
秀隆
秀隆
わかってる。ただ、その秋が問題でさ
わかってる。ただ、その秋が問題でさ
秀隆
秀隆
あいつは、オレ以外の男とは話もしたくないってスタンスを持ってしまった
あいつは、オレ以外の男とは話もしたくないってスタンスを持ってしまった
ユウキ
ユウキ
な、なるほど。それで連絡がもらえなかったわけね……
な、なるほど。それで連絡がもらえなかったわけね……
秀隆
秀隆
ずっと気にかけてもらってたのに、悪いな
ずっと気にかけてもらってたのに、悪いな
ユウキ
ユウキ
よかったあああ
よかったあああ
秀隆
秀隆
え？
え？
ユウキ
ユウキ
いや、それってつまり、俺以外の男でもそうってことだろ？
いや、それってつまり、俺以外の男でもそうってことだろ？
秀隆
秀隆
ああ
ああ
ユウキ
ユウキ
だったらいいよ。俺個人が嫌われたってわけじゃないしさ
だったらいいよ。俺個人が嫌われたってわけじゃないしさ
ユウキ
ユウキ
俺はてっきりそうなんだと思って、落ち込みまくってた
俺はてっきりそうなんだと思って、落ち込みまくってた
秀隆
秀隆
……そうか。もっと早く、伝えてやればよかったな
……そうか。もっと早く、伝えてやればよかったな
ユウキ
ユウキ
いいって。秀隆は秀隆で大変だと思うし
いいって。秀隆は秀隆で大変だと思うし
ユウキ
ユウキ
それで秋ちゃんとは上手くいってんだろうな？
それで秋ちゃんとは上手くいってんだろうな？
秀隆
秀隆
ああ順調だよ。怖いくらいに
ああ順調だよ。怖いくらいに
ユウキ
ユウキ
うらやましいぜぇ。あの秋ちゃんが彼女なんてさ
うらやましいぜぇ。あの秋ちゃんが彼女なんてさ
ユウキ
ユウキ
俺の言ったとおり、可愛い子だろ？
俺の言ったとおり、可愛い子だろ？
秀隆
秀隆
そうだな……
そうだな……
ユウキ
ユウキ
なんか元気ないな。なんかあったん？
なんか元気ないな。なんかあったん？
秀隆
秀隆
今、ちょっと体調を崩して寝込んでる
今、ちょっと体調を崩して寝込んでる
ユウキ
ユウキ
大丈夫なのか？
大丈夫なのか？
秀隆
秀隆
多分な……いつもより、ちょっと長引いてるから心配だ
多分な……いつもより、ちょっと長引いてるから心配だ
ユウキ
ユウキ
……そうか
……そうか
ユウキ
ユウキ
もし、何か困ったことがあったらいつでも相談してくれ
もし、何か困ったことがあったらいつでも相談してくれ
秀隆
秀隆
ああ。ありがとうユウキ
ああ。ありがとうユウキ
ユウキ
ユウキ
友達だろ俺たち
友達だろ俺たち
グッと親指を立てる。
グッと親指を立てる。
ユウキ
ユウキ
それから、もし秋ちゃんが納得したら、
それから、もし秋ちゃんが納得したら、
いつでもいいから連絡くれって言っといてくれないか？
いつでもいいから連絡くれって言っといてくれないか？
秀隆
秀隆
それはちゃんと伝えておく。友達を大切にしろってな
それはちゃんと伝えておく。友達を大切にしろってな
ユウキ
ユウキ
焦らずに待ってるぜ
焦らずに待ってるぜ
…………。
…………。
……。
……。
