キズナ
キズナ
目が覚めましたか？　ひーくん
目が覚めましたか？　ひーくん
オレの隣に寝ている、一人のこどｍ……じゃない、女性。
オレの隣に寝ている、一人のこどｍ……じゃない、女性。
秀隆
秀隆
あ……おはようさん……
あ……おはようさん……
キズナ
キズナ
おはようございます
おはようございます
いつもと変わらぬ笑顔で、キズナはオレを見つめながら抱きしめていた。
いつもと変わらぬ笑顔で、キズナはオレを見つめながら抱きしめていた。
秀隆
秀隆
なんで、オレを抱きしめてるんだ？
なんで、オレを抱きしめてるんだ？
キズナ
キズナ
いけませんでしたか？
いけませんでしたか？
秀隆
秀隆
いや……全然。気持ちよかった
いや……全然。気持ちよかった
キズナ
キズナ
そうですか。それは良かったです。抱きしめていた理由はわかりません
そうですか。それは良かったです。抱きしめていた理由はわかりません
キズナ
キズナ
私が眠っている間に、自然とそうしていたようです
私が眠っている間に、自然とそうしていたようです
秀隆
秀隆
そうか……
そうか……
オレは、自然と裸の状態であるキズナのおっぱいを見てしまう。
オレは、自然と裸の状態であるキズナのおっぱいを見てしまう。
キズナ
キズナ
どうかしましたか？
どうかしましたか？
秀隆
秀隆
やっぱりおっぱいって、大きさなんて関係ないのかもな……
やっぱりおっぱいって、大きさなんて関係ないのかもな……
ちょっと触れてみる。
ちょっと触れてみる。
柔らかく、心地よい。
柔らかく、心地よい。
秀隆
秀隆
キズナの小さいおっぱい、好きだぞ
キズナの小さいおっぱい、好きだぞ
キズナ
キズナ
私はまだ、将来性があるので、巨乳になる可能性は残っていますよ
私はまだ、将来性があるので、巨乳になる可能性は残っていますよ
秀隆
秀隆
将来性ねえ……
将来性ねえ……
キズナ
キズナ
むっ。そう言うのは、女の子としてちょっと傷つきますよ？
むっ。そう言うのは、女の子としてちょっと傷つきますよ？
秀隆
秀隆
いや、オレは別に小さいままでもいいと思ったからだな……
いや、オレは別に小さいままでもいいと思ったからだな……
キズナ
キズナ
ひーくんのオチ○チンには将来性はあるんですか？
ひーくんのオチ○チンには将来性はあるんですか？
秀隆
秀隆
うっ！？
うっ！？
キズナ
キズナ
と、言われたら傷つきませんか？
と、言われたら傷つきませんか？
秀隆
秀隆
深く傷つきました……
深く傷つきました……
キズナ
キズナ
要はそう言うことです。私はひーくんのサイズがどれくらいでも気にしませんが、口にされると思うところがあるものなんです
要はそう言うことです。私はひーくんのサイズがどれくらいでも気にしませんが、口にされると思うところがあるものなんです
秀隆
秀隆
よく分かりました……
よく分かりました……
キズナ
キズナ
相当傷ついてしまったようですね……そんなに小さいんですか？　ひーくんの
相当傷ついてしまったようですね……そんなに小さいんですか？　ひーくんの
そういい、キズナがオレの股間を覗き込む。
そういい、キズナがオレの股間を覗き込む。
キズナ
キズナ
あー……
あー……
秀隆
秀隆
な、なんだその『あー』は！　これでも平均はあるぞ！
な、なんだその『あー』は！　これでも平均はあるぞ！
キズナ
キズナ
いえ、その、平常時は可愛いなと思いまして
いえ、その、平常時は可愛いなと思いまして
秀隆
秀隆
うぐぐぐ……
うぐぐぐ……
オレはキズナのおっぱいに触れ、乳首を軽く摘んだ。
オレはキズナのおっぱいに触れ、乳首を軽く摘んだ。
キズナ
キズナ
わ……瞬く間に倍サイズになっていきますっ
わ……瞬く間に倍サイズになっていきますっ
秀隆
秀隆
可愛いなんて言わせんぞっ
可愛いなんて言わせんぞっ
むくむくと大きくなったオレの股間が、キズナのお腹辺りに触れる。
むくむくと大きくなったオレの股間が、キズナのお腹辺りに触れる。
キズナ
キズナ
びくびくしてますね……
びくびくしてますね……
秀隆
秀隆
まだ朝は早いよな？　……３０分は余裕がある
まだ朝は早いよな？　……３０分は余裕がある
キズナ
キズナ
もしかして、朝からエッチのフラグですかっ
もしかして、朝からエッチのフラグですかっ
秀隆
秀隆
駄目か？
駄目か？
キズナ
キズナ
ひーくんが望むならかまいませんよ
ひーくんが望むならかまいませんよ
秀隆
秀隆
もちろん望みます
もちろん望みます
キズナ
キズナ
あはは。では、エッチしましょう
あはは。では、エッチしましょう
オレはキズナに顔を近づける。
オレはキズナに顔を近づける。
キズナ
キズナ
んっ……
んっ……
柔らかい唇に触れ、そしてすりすりと股間をキズナへと押し付けた。
柔らかい唇に触れ、そしてすりすりと股間をキズナへと押し付けた。
キズナ
キズナ
変態みたいですねっ
変態みたいですねっ
秀隆
秀隆
嫌じゃないだろ？
嫌じゃないだろ？
キズナ
キズナ
はい。私も、沢山してみたいことはあります
はい。私も、沢山してみたいことはあります
そういい、キズナはオレの竿をそっと握り締めた。
そういい、キズナはオレの竿をそっと握り締めた。
キズナ
キズナ
これ、折ったらどうなるんですか？
これ、折ったらどうなるんですか？
秀隆
秀隆
こらこらこらこらこら！
こらこらこらこらこら！
秀隆
秀隆
間違ってもそう言う真似だけはしないようにな？
間違ってもそう言う真似だけはしないようにな？
キズナ
キズナ
は、はいです。凄い迫力で言われてしまいました……
は、はいです。凄い迫力で言われてしまいました……
私は単純に知的好奇心と言うか、骨があるわけでもないので
私は単純に知的好奇心と言うか、骨があるわけでもないので
大丈夫かと
大丈夫かと
秀隆
秀隆
これが折れたら、多分男は死ぬから……優しくな
これが折れたら、多分男は死ぬから……優しくな
オレはキズナのおっぱいに吸い付く。
オレはキズナのおっぱいに吸い付く。
キズナ
キズナ
んっ……なんか、赤ちゃんみたいです……
んっ……なんか、赤ちゃんみたいです……
秀隆
秀隆
こうやって、乳首を優しく舐めたりするように、
こうやって、乳首を優しく舐めたりするように、
オレのチ○コも優しく扱ってくれ
オレのチ○コも優しく扱ってくれ
キズナ
キズナ
なるほど……です……
なるほど……です……
小さい乳首を舌先で転がしながら、オレはキズナのおっぱいを堪能する。
小さい乳首を舌先で転がしながら、オレはキズナのおっぱいを堪能する。
キズナもまた、優しくオレのチ○コをしごきはじめた。
キズナもまた、優しくオレのチ○コをしごきはじめた。
キズナ
キズナ
もう、精子が出てきてますよ……？
もう、精子が出てきてますよ……？
秀隆
秀隆
興奮してるからな。キズナだって、ぬれてたりするんじゃないか？
興奮してるからな。キズナだって、ぬれてたりするんじゃないか？
オレは股間に手を伸ばし、そっと触れてみる。
オレは股間に手を伸ばし、そっと触れてみる。
しっとりと、そこが湿っているのが分かった。
しっとりと、そこが湿っているのが分かった。
キズナ
キズナ
ひーくんがおっぱいを吸ったので、感じてしまいました
ひーくんがおっぱいを吸ったので、感じてしまいました
秀隆
秀隆
いやらしいコだな、キズナは
いやらしいコだな、キズナは
キズナ
キズナ
女はみな淫乱ですから
女はみな淫乱ですから
秀隆
秀隆
淫乱て……なんかちょっと違う気もするが……
淫乱て……なんかちょっと違う気もするが……
キズナ
キズナ
ひーくん。オチ○チンってどうされるのが気持ちいいんですか？
ひーくん。オチ○チンってどうされるのが気持ちいいんですか？
秀隆
秀隆
そりゃ……
そりゃ……
キズナ
キズナ
私のオマ○コに入れることですか？
私のオマ○コに入れることですか？
秀隆
秀隆
そう言う物言いを、恥じらいもなく言うなよ……
そう言う物言いを、恥じらいもなく言うなよ……
秀隆
秀隆
そりゃ、それが一番だけど……他にもいっぱいあるぞ
そりゃ、それが一番だけど……他にもいっぱいあるぞ
秀隆
秀隆
今みたいに手で擦られるのも気持ちいいし、
今みたいに手で擦られるのも気持ちいいし、
……例えばキズナの口で、その、咥えてもらったりとか
……例えばキズナの口で、その、咥えてもらったりとか
キズナ
キズナ
おー尺八ですねっ
おー尺八ですねっ
秀隆
秀隆
しゃ……？
しゃ……？
キズナ
キズナ
フェラチオですよねっ
フェラチオですよねっ
秀隆
秀隆
……まぁ……
……まぁ……
キズナ
キズナ
私、それしてみたいです。どんな味がするのかも、興味ありますし
私、それしてみたいです。どんな味がするのかも、興味ありますし
そう言うが早いか、キズナは迷うことなくオレの股間へと顔を近づけていく。
そう言うが早いか、キズナは迷うことなくオレの股間へと顔を近づけていく。
なんだか、これも凄くいけないことをしている気分だ。
なんだか、これも凄くいけないことをしている気分だ。
何も知らないこどｍ……じゃない、女性に股間をしゃぶらせようとしている。
何も知らないこどｍ……じゃない、女性に股間をしゃぶらせようとしている。
キズナ
キズナ
……近くで見ると、不思議ですね。女の子にはないものですから
……近くで見ると、不思議ですね。女の子にはないものですから
秀隆
秀隆
くれぐれも、食べようと考えないようにな
くれぐれも、食べようと考えないようにな
キズナ
キズナ
念を押されなくても大丈夫です
念を押されなくても大丈夫です
ほんとかよ……。
ほんとかよ……。
キズナ
キズナ
じゃあ、舐めてみますね
じゃあ、舐めてみますね
キズナはにっこりとしながら、オレのチ○コへと舌を伸ばしてきた。
キズナはにっこりとしながら、オレのチ○コへと舌を伸ばしてきた。
小さな舌が、オレの先端に触れる。
小さな舌が、オレの先端に触れる。
その瞬間、オレは思わず気持ちよさに腰が浮いてしまう。
その瞬間、オレは思わず気持ちよさに腰が浮いてしまう。
キズナ
キズナ
痛かった、ではないですよね？
痛かった、ではないですよね？
秀隆
秀隆
ああ……ちょっと触れただけで気持ちよかったから……
ああ……ちょっと触れただけで気持ちよかったから……
キズナ
キズナ
なるほどです。じゃあもっともっとやってみますね
なるほどです。じゃあもっともっとやってみますね
キズナはオレの反応が面白かったのか、
キズナはオレの反応が面白かったのか、
今度はもっとたっぷりと舌の面積を押し付けてきた。
今度はもっとたっぷりと舌の面積を押し付けてきた。
ソフトクリームを舐めるように、ねっとりと。
ソフトクリームを舐めるように、ねっとりと。
秀隆
秀隆
っ……
っ……
キズナ
キズナ
ん、ちゅ……れるっ……気持ちいいれふか……？
ん、ちゅ……れるっ……気持ちいいれふか……？
秀隆
秀隆
ああ……最高だ……
ああ……最高だ……
キズナ
キズナ
ふふ、嬉しいれす……ちゅっ、ちゅっ……ん、ちゅっ……
ふふ、嬉しいれす……ちゅっ、ちゅっ……ん、ちゅっ……
キズナは積極的に先端を舐めまわし、それから竿へと舌を這わせていく。
キズナは積極的に先端を舐めまわし、それから竿へと舌を這わせていく。
秀隆
秀隆
なっ……なかなかいいぞ……
なっ……なかなかいいぞ……
キズナ
キズナ
えへへ、ありがとうございます。こっちは、どうしましょうか？
えへへ、ありがとうございます。こっちは、どうしましょうか？
そういい、キズナの右手がそっとオレの玉袋を持ち上げた。
そういい、キズナの右手がそっとオレの玉袋を持ち上げた。
キズナ
キズナ
ふわふわで、暖かいです……もし
ふわふわで、暖かいです……もし
秀隆
秀隆
握りつぶしたら死ぬからな？
握りつぶしたら死ぬからな？
キズナ
キズナ
わ、先読みされてしまいました……
わ、先読みされてしまいました……
秀隆
秀隆
そこもデリケートだから。その、優しく口で包むと言うか、
そこもデリケートだから。その、優しく口で包むと言うか、
痛くしないように心がけてくれたら大丈夫だ
痛くしないように心がけてくれたら大丈夫だ
キズナ
キズナ
わかりました……んっ……
わかりました……んっ……
キズナは、慣れない手つきでオレの玉袋に吸い付いた。
キズナは、慣れない手つきでオレの玉袋に吸い付いた。
そして、玉を口の中に含み、優しく袋を舐める。
そして、玉を口の中に含み、優しく袋を舐める。
秀隆
秀隆
うっ……！
うっ……！
僅かに痛みを感じたが、それを遥かに上回る快楽にかき消される。
僅かに痛みを感じたが、それを遥かに上回る快楽にかき消される。
キズナ
キズナ
んっ、たまたま……大きいですね……ちゅっ……
んっ、たまたま……大きいですね……ちゅっ……
優しく舌で愛しながら、キズナが夢中になって舐めてくれる。
優しく舌で愛しながら、キズナが夢中になって舐めてくれる。
男がおっぱいやマ○コを舐めるように、同じような気持ちなんだろうか。
男がおっぱいやマ○コを舐めるように、同じような気持ちなんだろうか。
キズナ
キズナ
んっ、ちゅっ……ひーくんのたまたま、美味しいです……
んっ、ちゅっ……ひーくんのたまたま、美味しいです……
秀隆
秀隆
さ、竿もやってくれ……手で
さ、竿もやってくれ……手で
キズナ
キズナ
あ、はいっ……ちゅっ、ちゅっ……
あ、はいっ……ちゅっ、ちゅっ……
玉袋にキスしながら、キズナがオレの竿をしごく。
玉袋にキスしながら、キズナがオレの竿をしごく。
飛び出したカウパーがつたい、ねばねばとキズナの手に絡みつく。
飛び出したカウパーがつたい、ねばねばとキズナの手に絡みつく。
キズナ
キズナ
凄い量です……そんなに気持ちいいんですか
凄い量です……そんなに気持ちいいんですか
秀隆
秀隆
信じられないくらい気持ちいい……
信じられないくらい気持ちいい……
キズナ
キズナ
そうですか……じゃあ、もっと気持ちよくしてあげたいです
そうですか……じゃあ、もっと気持ちよくしてあげたいです
玉袋から口を離したキズナは、オレの先端へと再び顔を戻した。
玉袋から口を離したキズナは、オレの先端へと再び顔を戻した。
キズナ
キズナ
フェラチオ……しますね
フェラチオ……しますね
秀隆
秀隆
……ああ
……ああ
キズナが口を開き、オレの先端からぱっくりと食いついた。
キズナが口を開き、オレの先端からぱっくりと食いついた。
その瞬間、マ○コに入れるのと同じ、だけど別の感覚がオレを襲ってきた。
その瞬間、マ○コに入れるのと同じ、だけど別の感覚がオレを襲ってきた。
キズナ
キズナ
んっ……んっ……ちゅっ……じゅるっ、ちゅっ、れるっ……
んっ……んっ……ちゅっ……じゅるっ、ちゅっ、れるっ……
口内でキズナの舌が暴れ回る。
口内でキズナの舌が暴れ回る。
キズナ
キズナ
ちゅっ、じゅっ、ちゅるっ……
ちゅっ、じゅっ、ちゅるっ……
キズナ
キズナ
ひーくんのオチ○チン、凄く固くて、美味しいです……
ひーくんのオチ○チン、凄く固くて、美味しいです……
キズナ
キズナ
精子も、なんだか、頭がくらくらするような味がします……
精子も、なんだか、頭がくらくらするような味がします……
秀隆
秀隆
キズナ……
キズナ……
オレは優しく髪をなで、キズナの頭を抑えた。
オレは優しく髪をなで、キズナの頭を抑えた。
我慢できなくなり、やや力を込めて、キズナの顔を奥へと押し込む。
我慢できなくなり、やや力を込めて、キズナの顔を奥へと押し込む。
キズナ
キズナ
んぷっ……んっ……んんっ、んんんっ……じゅるっ……
んぷっ……んっ……んんっ、んんんっ……じゅるっ……
それも嫌がらず、むしろそれがいいんなら、と言う具合でキズナは
それも嫌がらず、むしろそれがいいんなら、と言う具合でキズナは
自ら喉の奥へと突き入れるようにフェラを繰り返す。
自ら喉の奥へと突き入れるようにフェラを繰り返す。
キズナ
キズナ
んっ、ちゅっ、じゅううっ、ちゅっ、んちゅっ、ちゅっ……
んっ、ちゅっ、じゅううっ、ちゅっ、んちゅっ、ちゅっ……
キズナ
キズナ
はむっ、ん、んぅっ……ん、ん……じゅっ……
はむっ、ん、んぅっ……ん、ん……じゅっ……
秀隆
秀隆
き、キズナ……
き、キズナ……
キズナ
キズナ
はぁっ、んっ、んっ、んっ、んっ、んっ……！
はぁっ、んっ、んっ、んっ、んっ、んっ……！
オレがよがっているのを知り、キズナはスパートをあげた。
オレがよがっているのを知り、キズナはスパートをあげた。
瞬く間に、射精したい気分へとかきたてられる。
瞬く間に、射精したい気分へとかきたてられる。
秀隆
秀隆
きず、な……キズナっ……
きず、な……キズナっ……
キズナ
キズナ
んっ、んっ、ん……ちゅっ。じゅっ、ちゅっ……
んっ、んっ、ん……ちゅっ。じゅっ、ちゅっ……
秀隆
秀隆
あ、ああっ、くっ！
あ、ああっ、くっ！
オレは絶頂が襲ってくるのを感じ……。
オレは絶頂が襲ってくるのを感じ……。
秀隆
秀隆
キズナっ！！
キズナっ！！
思い切りキズナの口内からチ○ポを抜き取り、射精した。
思い切りキズナの口内からチ○ポを抜き取り、射精した。
秀隆
秀隆
くっ！
くっ！
キズナ
キズナ
わっ！
わっ！
驚いたキズナの顔に、オレから飛び出した精子が襲い掛かる。
驚いたキズナの顔に、オレから飛び出した精子が襲い掛かる。
髪やら頬やらに、白濁液が飛び散った。
髪やら頬やらに、白濁液が飛び散った。
キズナ
キズナ
す、凄いです……飛んできました……
す、凄いです……飛んできました……
秀隆
秀隆
キズナが気持ちよすぎて、我慢できなかった……
キズナが気持ちよすぎて、我慢できなかった……
キズナ
キズナ
そうですか。それは、良かったです
そうですか。それは、良かったです
秀隆
秀隆
キズナ、で、出る……ッ！
キズナ、で、出る……ッ！
限界を感じたオレは、キズナの喉の奥へ押し込んだ直後、全てを吐き出した。
限界を感じたオレは、キズナの喉の奥へ押し込んだ直後、全てを吐き出した。
キズナ
キズナ
んんんんんんっ！！？
んんんんんんっ！！？
キズナの口の中で、強く長い射精を繰り返した。
キズナの口の中で、強く長い射精を繰り返した。
キズナ
キズナ
んっ……
んっ……
どろりと、キズナの口の中から精子がこぼれおちる。
どろりと、キズナの口の中から精子がこぼれおちる。
それを見て、キズナは口内に残った精子を飲み干した。
それを見て、キズナは口内に残った精子を飲み干した。
キズナ
キズナ
……たくさん、出ました……
……たくさん、出ました……
秀隆
秀隆
キズナ……
キズナ……
秀隆
秀隆
時間は……
時間は……
キズナ
キズナ
あと２５分ですね。ひーくんが早漏なので、まだ残ってます
あと２５分ですね。ひーくんが早漏なので、まだ残ってます
秀隆
秀隆
早漏て……事実だけどもさ……
早漏て……事実だけどもさ……
キズナ
キズナ
適当に言ったつもりでしたが、当たってしまいましたか……
適当に言ったつもりでしたが、当たってしまいましたか……
秀隆
秀隆
そ、早漏な分、オレは回数で勝負に出るぞっ
そ、早漏な分、オレは回数で勝負に出るぞっ
キズナ
キズナ
まだまだ元気は収まらない、と言うことですか
まだまだ元気は収まらない、と言うことですか
秀隆
秀隆
ああ。まだまだだ
ああ。まだまだだ
キズナ
キズナ
じゃあ……２回目のセックス、しちゃいますか？
じゃあ……２回目のセックス、しちゃいますか？
秀隆
秀隆
しちゃいます
しちゃいます
キズナ
キズナ
なら、ひーくんはそのままジッとしていてください
なら、ひーくんはそのままジッとしていてください
キズナはそういい、横になったままのオレの上にやって来た。
キズナはそういい、横になったままのオレの上にやって来た。
キズナ
キズナ
知識だけはしっかり持ってますから……
知識だけはしっかり持ってますから……
キズナ
キズナ
騎乗位というやつです
騎乗位というやつです
秀隆
秀隆
それはいいけど、あんまり無理するなよ……言っても無駄か
それはいいけど、あんまり無理するなよ……言っても無駄か
キズナ
キズナ
無駄です。それに、平気だと思います。
無駄です。それに、平気だと思います。
昨日よりもずっと、受け入れられる気がしますから
昨日よりもずっと、受け入れられる気がしますから
そういい、キズナはオレの竿を持つと、
そういい、キズナはオレの竿を持つと、
自分のあそこにあてがっていく。
自分のあそこにあてがっていく。
キズナ
キズナ
少しお手伝いいただいても、いいですか……
少しお手伝いいただいても、いいですか……
秀隆
秀隆
ああ
ああ
オレはキズナの腰に手を沿え、二人で共同作業し中に入れていく。
オレはキズナの腰に手を沿え、二人で共同作業し中に入れていく。
キズナ
キズナ
んっ……ひーくんが私の中に入ってくるのが見えます……
んっ……ひーくんが私の中に入ってくるのが見えます……
秀隆
秀隆
だな……
だな……
少し時間はかかったが、キズナの中に入りきった。
少し時間はかかったが、キズナの中に入りきった。
キズナ
キズナ
じゃあ、動きます……
じゃあ、動きます……
秀隆
秀隆
あ。待ってくれ
あ。待ってくれ
秀隆
秀隆
なぁキズナ……ひとつ変態的なお願いを聞いてくれないか？
なぁキズナ……ひとつ変態的なお願いを聞いてくれないか？
キズナ
キズナ
なんでしょう？
なんでしょう？
秀隆
秀隆
キズナの唾……飲ませてくれ
キズナの唾……飲ませてくれ
キズナ
キズナ
……なんと。それは、ちょっと凄い変態ですね
……なんと。それは、ちょっと凄い変態ですね
秀隆
秀隆
駄目か？
駄目か？
キズナ
キズナ
駄目ではありませんが……本当にそんなこと、してほしいんですか？
駄目ではありませんが……本当にそんなこと、してほしいんですか？
キズナ
キズナ
お世辞にも、その、綺麗なものではありませんし
お世辞にも、その、綺麗なものではありませんし
秀隆
秀隆
んなことはない。オレ、どうしようもなくキズナがほしいんだ
んなことはない。オレ、どうしようもなくキズナがほしいんだ
キズナ
キズナ
……変態ですねぇ……分かりました……えっと……
……変態ですねぇ……分かりました……えっと……
秀隆
秀隆
そこから垂らしてくれたら、受け止めるぞ
そこから垂らしてくれたら、受け止めるぞ
キズナ
キズナ
……はいです
……はいです
キズナはオレの顔の上から、ゆっくりと小さな口を開く。
キズナはオレの顔の上から、ゆっくりと小さな口を開く。
キズナ
キズナ
これは中々勇気が要ります……まずっ、とか言われたら傷つきます
これは中々勇気が要ります……まずっ、とか言われたら傷つきます
秀隆
秀隆
絶対言わないし、美味しいのは分かりきってるから
絶対言わないし、美味しいのは分かりきってるから
キズナ
キズナ
分かりきってはいませんが……じゃあ、いきますね……
分かりきってはいませんが……じゃあ、いきますね……
秀隆
秀隆
よしこい
よしこい
キズナ
キズナ
ん……
ん……
キズナが、ゆっくりと唾を、垂らす。
キズナが、ゆっくりと唾を、垂らす。
つっと糸を引き、それがオレの口の中へと飛び込んできた。
つっと糸を引き、それがオレの口の中へと飛び込んできた。
キズナ
キズナ
凄くいけないことをしている感覚です……
凄くいけないことをしている感覚です……
秀隆
秀隆
やば……最高すぎる……
やば……最高すぎる……
キズナの唾液は、蜜のようにオレの口の中で広がる。
キズナの唾液は、蜜のようにオレの口の中で広がる。
その感動を受けて、オレのはよりいっそう強度を増した。
その感動を受けて、オレのはよりいっそう強度を増した。
秀隆
秀隆
もっと
もっと
キズナ
キズナ
わ、分かりました……
わ、分かりました……
キズナ
キズナ
んっ…………
んっ…………
さっきよりも沢山の、そしてどろっとした唾が垂れて来る。
さっきよりも沢山の、そしてどろっとした唾が垂れて来る。
いつもは堂々としたキズナも、恥ずかしそうに頬を赤らめた。
いつもは堂々としたキズナも、恥ずかしそうに頬を赤らめた。
オレがねちゅねちゅと堪能し飲み込む姿を見て……。
オレがねちゅねちゅと堪能し飲み込む姿を見て……。
キズナ
キズナ
変態です、ひーくん……
変態です、ひーくん……
秀隆
秀隆
キズナの前でくらいいいだろ？
キズナの前でくらいいいだろ？
キズナ
キズナ
割と、いつも変態だとは思いますが……
割と、いつも変態だとは思いますが……
秀隆
秀隆
そろそろ、動いても良い頃だな……キズナも、感じてるみたいだし
そろそろ、動いても良い頃だな……キズナも、感じてるみたいだし
キズナ
キズナ
はいです……
はいです……
オレはキズナの腰を抑え、ゆっくりと突き上げていく。
オレはキズナの腰を抑え、ゆっくりと突き上げていく。
キズナ
キズナ
あっ……んっ……
あっ……んっ……
秀隆
秀隆
痛くないか？
痛くないか？
キズナ
キズナ
痛みがないと言えば嘘になりますが、特に問題はありませんです
痛みがないと言えば嘘になりますが、特に問題はありませんです
キズナ
キズナ
痛みよりも、気持ちよさが、勝ってますから……
痛みよりも、気持ちよさが、勝ってますから……
秀隆
秀隆
そうか……
そうか……
オレは、その言葉を受け、甘えるように腰を振ることにした。
オレは、その言葉を受け、甘えるように腰を振ることにした。
キズナの唾液、そしてマ○コの気持ちよさを受け、
キズナの唾液、そしてマ○コの気持ちよさを受け、
とてもじゃないが本能を抑えきれる自信はなかった。
とてもじゃないが本能を抑えきれる自信はなかった。
出し入れする音が、朝の静かな室内に響き渡る。
出し入れする音が、朝の静かな室内に響き渡る。
キズナ
キズナ
やっ、はっ……んっ……凄くエッチですね……セックスって……
やっ、はっ……んっ……凄くエッチですね……セックスって……
秀隆
秀隆
だな……
だな……
男と女が、裸どうしで互いの性器を曝け出し、それをいじりあう。
男と女が、裸どうしで互いの性器を曝け出し、それをいじりあう。
そして結合し愛し合う。
そして結合し愛し合う。
神聖な儀式という表面と、淫らな裏の面を持つ行為。
神聖な儀式という表面と、淫らな裏の面を持つ行為。
キズナと言う少女を、自分色に染め上げていく征服感。
キズナと言う少女を、自分色に染め上げていく征服感。
キズナ
キズナ
はあっ、あっ、あっ、んっ……はぁっ……
はあっ、あっ、あっ、んっ……はぁっ……
キズナは自分から腰を動かし、オレを気持ちよくしてくれる。
キズナは自分から腰を動かし、オレを気持ちよくしてくれる。
秀隆
秀隆
痛みの方は、どうだ？
痛みの方は、どうだ？
キズナ
キズナ
やはり、昨日に比べたら、全然大丈夫です……
やはり、昨日に比べたら、全然大丈夫です……
キズナ
キズナ
それに３割くらい、気持ちいいです……
それに３割くらい、気持ちいいです……
秀隆
秀隆
３割か……
３割か……
それでもまだ、半分以上は痛みが強いってことだ。
それでもまだ、半分以上は痛みが強いってことだ。
秀隆
秀隆
じゃあ、おっぱいでも刺激してやるからな
じゃあ、おっぱいでも刺激してやるからな
オレはキズナのおっぱいに触れ、それを優しくなでる。
オレはキズナのおっぱいに触れ、それを優しくなでる。
キズナ
キズナ
んっ……そうしてくれると、心も温かくなって、嬉しいです
んっ……そうしてくれると、心も温かくなって、嬉しいです
キズナ
キズナ
４割くらいに、なる気がします……
４割くらいに、なる気がします……
秀隆
秀隆
そっか……
そっか……
オレはもう、気持ちよさ１４割……限界突破しているが、
オレはもう、気持ちよさ１４割……限界突破しているが、
自分本位だけにならないように、キズナを愛することを忘れない。
自分本位だけにならないように、キズナを愛することを忘れない。
キズナ
キズナ
んっ、あっ、あんっ、んっ……んっ……
んっ、あっ、あんっ、んっ……んっ……
幼いと思っていたキズナだが、色っぽい声を聞いていると、
幼いと思っていたキズナだが、色っぽい声を聞いていると、
一晩で信じられないくらい成長したような気がしてくる。
一晩で信じられないくらい成長したような気がしてくる。
秀隆
秀隆
……キズナ。可愛いぞ……
……キズナ。可愛いぞ……
キズナ
キズナ
えへへ。知ってます……んっ、んっ……
えへへ。知ってます……んっ、んっ……
秀隆
秀隆
凛みたいな反応しやがって……
凛みたいな反応しやがって……
キズナ
キズナ
理想とする女性像の一人です、から……んっ、んっ……
理想とする女性像の一人です、から……んっ、んっ……
キズナ
キズナ
はあっ、あ……半分くらい、気持ちよくなったかもです……
はあっ、あ……半分くらい、気持ちよくなったかもです……
キズナの動くペースが上がっていくのを感じる。
キズナの動くペースが上がっていくのを感じる。
秀隆
秀隆
い、いいぞ……キズナ……
い、いいぞ……キズナ……
キズナ
キズナ
ひーくんっ……あそこが、熱くなっていきます……！
ひーくんっ……あそこが、熱くなっていきます……！
秀隆
秀隆
オレも、同じだ……っ
オレも、同じだ……っ
キズナを気持ちよくさせたい。
キズナを気持ちよくさせたい。
だから、精一杯腰を振るし、おっぱいを愛撫する。
だから、精一杯腰を振るし、おっぱいを愛撫する。
キズナ
キズナ
はっ、はっ、はぁっ、あっ……ひーくん、ひーくんっ
はっ、はっ、はぁっ、あっ……ひーくん、ひーくんっ
秀隆
秀隆
キズナ、キズナっ
キズナ、キズナっ
お互いに名前を呼び合い、ジッと見詰め合う。
お互いに名前を呼び合い、ジッと見詰め合う。
瞳を潤ませ、熱い吐息を吐きながら、求めて止まない。
瞳を潤ませ、熱い吐息を吐きながら、求めて止まない。
キズナ
キズナ
はぁっ、あっ、あっ、あっ、あっ……！
はぁっ、あっ、あっ、あっ、あっ……！
キズナ
キズナ
だんだん、ひーくんの表情が変わっていくのを感じます……
だんだん、ひーくんの表情が変わっていくのを感じます……
キズナ
キズナ
イきたくなってきたんですか……？
イきたくなってきたんですか……？
秀隆
秀隆
ちょ、ちょっと……
ちょ、ちょっと……
キズナ
キズナ
じゃあ、私、もっと頑張りますね……
じゃあ、私、もっと頑張りますね……
キズナ
キズナ
と言うより、ちょっと我慢できないかもです……
と言うより、ちょっと我慢できないかもです……
腰を動かし、頬を赤らめながら言った。
腰を動かし、頬を赤らめながら言った。
キズナ
キズナ
今、もう気持ちよさのほうが勝ってて……
今、もう気持ちよさのほうが勝ってて……
キズナ
キズナ
オチ○チンが、気持ちよくて……腰が止まらないんです……
オチ○チンが、気持ちよくて……腰が止まらないんです……
キズナ
キズナ
凄くエッチなこと、自分から求めてしまってます
凄くエッチなこと、自分から求めてしまってます
秀隆
秀隆
嬉しいよ、キズナ……キズナのエッチな顔もっとみせてくれ
嬉しいよ、キズナ……キズナのエッチな顔もっとみせてくれ
キズナ
キズナ
はい……んっ……沢山見せます……っ……
はい……んっ……沢山見せます……っ……
キズナ
キズナ
はあっ、あっ、あっ、ああっ、あっ、あっ、あっ！
はあっ、あっ、あっ、ああっ、あっ、あっ、あっ！
キズナの声が全体的に大きくなった気がする。
キズナの声が全体的に大きくなった気がする。
オレを求め、腰を、そして締め付けを強くする。
オレを求め、腰を、そして締め付けを強くする。
無我夢中で腰を振る姿を恥じながらも、
無我夢中で腰を振る姿を恥じながらも、
それを隠すことなくオレに見せてくれるし、
それを隠すことなくオレに見せてくれるし、
それで感じ始めていてくれるのが嬉しかった。
それで感じ始めていてくれるのが嬉しかった。
秀隆
秀隆
く……キズナっ……
く……キズナっ……
キズナ
キズナ
はぁっ、あっ、あっ、いつでも、はぁっ、あっ、あっ……！
はぁっ、あっ、あっ、いつでも、はぁっ、あっ、あっ……！
キズナ
キズナ
いつでも、ひーくん、私の中、中にっ……
いつでも、ひーくん、私の中、中にっ……
キズナ
キズナ
ひーくん、ひーくんっ、ひーくんっ！
ひーくん、ひーくんっ、ひーくんっ！
秀隆
秀隆
っ……く！
っ……く！
まだ我慢してあげたい気持ちもあったが、
まだ我慢してあげたい気持ちもあったが、
オレは我慢の限界を向かえ……。
オレは我慢の限界を向かえ……。
キズナ
キズナ
あふうううっ！　あ、あああっ……！　あ、ああっ……！
あふうううっ！　あ、あああっ……！　あ、ああっ……！
キズナの中で、昨日のように再び果てた。
キズナの中で、昨日のように再び果てた。
キズナ
キズナ
ひ、ひーくんが……は、入ってきます……
ひ、ひーくんが……は、入ってきます……
背中を張り、キズナがぞくぞくとそう言った。
背中を張り、キズナがぞくぞくとそう言った。
キズナ
キズナ
……はぁっ……はぁっ……
……はぁっ……はぁっ……
