秀隆
秀隆
…………
…………
午前１０時前。
午前１０時前。
オレはドリームタウンのステーションに居た。
オレはドリームタウンのステーションに居た。
今から２時間ほど前の始発で到着して、
今から２時間ほど前の始発で到着して、
ずっと駅のホーム、その端に息を殺すように待機していた。
ずっと駅のホーム、その端に息を殺すように待機していた。
秀隆
秀隆
来たか……
来たか……
改札口のほうより、姿を見せたのは高坂特務官。
改札口のほうより、姿を見せたのは高坂特務官。
それから複数のスーツを着た男性と同行している。
それから複数のスーツを着た男性と同行している。
これからホープタウンで仕事なんだろう。
これからホープタウンで仕事なんだろう。
乗り込むのを確認し、オレはほっと息をついた。
乗り込むのを確認し、オレはほっと息をついた。
それから１０分ほどして、ステーションから電車が発車する。
それから１０分ほどして、ステーションから電車が発車する。
これで、間違いなく高坂特務官はホープタウンへと向かったことになる。
これで、間違いなく高坂特務官はホープタウンへと向かったことになる。
秀隆
秀隆
行くとしますか……
行くとしますか……
ドリームタウンへと降りたったオレは、
ドリームタウンへと降りたったオレは、
真っ直ぐにカジノへと向かった。
真っ直ぐにカジノへと向かった。
大河内代表に外出されては、元も子もないからだ。
大河内代表に外出されては、元も子もないからだ。
秀隆
秀隆
すみません、大河内代表にお会いしたいのですが
すみません、大河内代表にお会いしたいのですが
秀隆
秀隆
私はホープタウンの特務官、島津と申します。
私はホープタウンの特務官、島津と申します。
例のプロジェクトに関する続報をお持ちしたと、お伝えください
例のプロジェクトに関する続報をお持ちしたと、お伝えください
普段であれば、アポのない人間は大河内代表に謁見できない。
普段であれば、アポのない人間は大河内代表に謁見できない。
しかし、今のオレの状況下なら、彼も無下に取り下げたりはしないだろう。
しかし、今のオレの状況下なら、彼も無下に取り下げたりはしないだろう。
案の定、大河内代表から許可が下りた。
案の定、大河内代表から許可が下りた。
オレは案内人と共に、応接室へと向かう。
オレは案内人と共に、応接室へと向かう。
秀隆
秀隆
失礼します
失礼します
オレは深々と頭を下げ、室内へと足を踏み入れた。
オレは深々と頭を下げ、室内へと足を踏み入れた。
秀隆
秀隆
朝早くから押しかけてしまい、大変申し訳御座いません
朝早くから押しかけてしまい、大変申し訳御座いません
麦蔵
麦蔵
構わん。俺も例の件は気にかけていたところだ。座れ
構わん。俺も例の件は気にかけていたところだ。座れ
秀隆
秀隆
はい、失礼します
はい、失礼します
オレは大河内代表の目の前に、ゆっくりと腰を下ろした。
オレは大河内代表の目の前に、ゆっくりと腰を下ろした。
麦蔵
麦蔵
続報を持ってきたって話だが、松下吉平は見つかったのか？
続報を持ってきたって話だが、松下吉平は見つかったのか？
秀隆
秀隆
……はい。先日、下層区画の方で消息を確認しました
……はい。先日、下層区画の方で消息を確認しました
麦蔵
麦蔵
やはりそこか
やはりそこか
パンと膝を叩き、大河内代表は満足げに頷いた。
パンと膝を叩き、大河内代表は満足げに頷いた。
麦蔵
麦蔵
よくやったぞ島津。お前は見事、この俺の期待に応えたと言うわけだ
よくやったぞ島津。お前は見事、この俺の期待に応えたと言うわけだ
秀隆
秀隆
ありがとうございます
ありがとうございます
麦蔵
麦蔵
それで、今松下はどこにいる？
それで、今松下はどこにいる？
秀隆
秀隆
その前に―――こちらのお話をさせてください
その前に―――こちらのお話をさせてください
麦蔵
麦蔵
話だと？
話だと？
秀隆
秀隆
先日お話ししておりましたように、規制緩和に関する、
先日お話ししておりましたように、規制緩和に関する、
大河内代表の署名を頂きたく思います
大河内代表の署名を頂きたく思います
麦蔵
麦蔵
なるほど。確かにそんな約束はした。だが、まずは松下が先だ
なるほど。確かにそんな約束はした。だが、まずは松下が先だ
秀隆
秀隆
それは出来かねます
それは出来かねます
se机を強く叩く2
se机を強く叩く2
オレが強く言うと、大河内代表は一度テーブルを叩いた。
オレが強く言うと、大河内代表は一度テーブルを叩いた。
麦蔵
麦蔵
出来ないだと？
出来ないだと？
秀隆
秀隆
こちらが松下さんをお渡しすれば、
こちらが松下さんをお渡しすれば、
大河内代表は署名の件をうやむやにされる可能性があるかと思いまして
大河内代表は署名の件をうやむやにされる可能性があるかと思いまして
オレの失礼な物言いに、機嫌の良かった大河内代表がこわばった表情に変わる。
オレの失礼な物言いに、機嫌の良かった大河内代表がこわばった表情に変わる。
麦蔵
麦蔵
付け上がるなよ小僧。何様のつもりだ
付け上がるなよ小僧。何様のつもりだ
秀隆
秀隆
私たちは書面でやり取りを交わしたわけではありません。
私たちは書面でやり取りを交わしたわけではありません。
その気になれば、片手で約束を潰すことも出来るでしょう
その気になれば、片手で約束を潰すことも出来るでしょう
秀隆
秀隆
そうなれば、自分は泣き寝入りするしかありません
そうなれば、自分は泣き寝入りするしかありません
麦蔵
麦蔵
それは俺も同じことだ。
それは俺も同じことだ。
貴様が松下を見つけてきたと言う確証がどこにある？
貴様が松下を見つけてきたと言う確証がどこにある？
秀隆
秀隆
証拠ならございます。こちらをご覧ください
証拠ならございます。こちらをご覧ください
そう言い、オレは鞄から一枚の絵を取り出した。
そう言い、オレは鞄から一枚の絵を取り出した。
秀隆
秀隆
松下さん本人からお預かりしたものです
松下さん本人からお預かりしたものです
麦蔵
麦蔵
これは
これは
秀隆
秀隆
彼が下層区画に逃げ延びてから描いたもののため、世には出回っていません
彼が下層区画に逃げ延びてから描いたもののため、世には出回っていません
秀隆
秀隆
誰よりも松下さんの絵を望まれていた大河内代表なら、
誰よりも松下さんの絵を望まれていた大河内代表なら、
この絵が本物であることは、見ればお分かり頂けると思います
この絵が本物であることは、見ればお分かり頂けると思います
無論、これを本物だと見分けることが出来るのは、
無論、これを本物だと見分けることが出来るのは、
描いた本人か、松下の絵をよく知る人物だけだ。
描いた本人か、松下の絵をよく知る人物だけだ。
麦蔵
麦蔵
この見事な筆遣いは間違いない……本物だ
この見事な筆遣いは間違いない……本物だ
どうやら、大河内代表には見分ける力があったらしい。
どうやら、大河内代表には見分ける力があったらしい。
まぁ、仮に大河内代表が見分ける力を持っていなかったとしても、
まぁ、仮に大河内代表が見分ける力を持っていなかったとしても、
この場で分からないとは言わないだろう。
この場で分からないとは言わないだろう。
彼は松下吉平の絵を飾りたいと思うほど推挙している。
彼は松下吉平の絵を飾りたいと思うほど推挙している。
なのに本人の絵かどうかも分からないとは、
なのに本人の絵かどうかも分からないとは、
プライドの高い大河内代表が口にすることはない。
プライドの高い大河内代表が口にすることはない。
秀隆
秀隆
これで、こちらが松下さんとの接触を出来たこと、認めて頂けますね？
これで、こちらが松下さんとの接触を出来たこと、認めて頂けますね？
麦蔵
麦蔵
……なるほど。確かにこれならば証拠として十分だ
……なるほど。確かにこれならば証拠として十分だ
秀隆
秀隆
後は、大河内代表の決断次第です。署名さえいただければ、
後は、大河内代表の決断次第です。署名さえいただければ、
すぐにでも松下さんの居場所をお伝えさせていただきます
すぐにでも松下さんの居場所をお伝えさせていただきます
オレは予め作成しておいた契約書を取り出した。
オレは予め作成しておいた契約書を取り出した。
その１部を大河内代表に差し出す。
その１部を大河内代表に差し出す。
秀隆
秀隆
契約書の条件はこうです。
契約書の条件はこうです。
松下吉平の居場所をお教えする代わりに、ステーションの規制緩和に関して承諾の署名サインを頂く、と言うものです
松下吉平の居場所をお教えする代わりに、ステーションの規制緩和に関して承諾の署名サインを頂く、と言うものです
秀隆
秀隆
飲んでいただけますか？
飲んでいただけますか？
麦蔵
麦蔵
……分かった。署名しよう
……分かった。署名しよう
その表情はけして柔らかいものではなかったが、
その表情はけして柔らかいものではなかったが、
大河内代表にとって、松下吉平の存在は念願だったのだろう。
大河内代表にとって、松下吉平の存在は念願だったのだろう。
ゆっくりと頷いた。
ゆっくりと頷いた。
秀隆
秀隆
ありがとうございます。では……
ありがとうございます。では……
オレは、クイーンの署名も入った書類も取り出し、差し出す。
オレは、クイーンの署名も入った書類も取り出し、差し出す。
麦蔵
麦蔵
中々に用意周到な男だ
中々に用意周到な男だ
秀隆
秀隆
書面にしてもらえれば、こちらも安心できますので
書面にしてもらえれば、こちらも安心できますので
大河内代表は鼻で笑った後、契約書と、
大河内代表は鼻で笑った後、契約書と、
そして規制緩和同意の書類へと手早くサインを書いた。
そして規制緩和同意の書類へと手早くサインを書いた。
全部で四部。
全部で四部。
その全てに、大河内代表の署名が入った。
その全てに、大河内代表の署名が入った。
秀隆
秀隆
ありがとうございます
ありがとうございます
オレは書類を回収し、念のためサインの確認をする。
オレは書類を回収し、念のためサインの確認をする。
秀隆
秀隆
確かに
確かに
麦蔵
麦蔵
俺に話したこと以外の悪巧みを考えているなら、やめておけよ？
俺に話したこと以外の悪巧みを考えているなら、やめておけよ？
それが露呈した時、貴様の人生は終わる
それが露呈した時、貴様の人生は終わる
秀隆
秀隆
ご冗談を。心得ているつもりです
ご冗談を。心得ているつもりです
オレは無言で紙に住所を書き記し、契約書を差し出した。
オレは無言で紙に住所を書き記し、契約書を差し出した。
秀隆
秀隆
これで正式に取引は成立です
これで正式に取引は成立です
秀隆
秀隆
こちらに、地図をお書きしました。
こちらに、地図をお書きしました。
誰でも構いません、こちらに人をやれば、松下吉平さんにお会いできるかと
誰でも構いません、こちらに人をやれば、松下吉平さんにお会いできるかと
大河内代表は頷き、その紙を受け取った。
大河内代表は頷き、その紙を受け取った。
麦蔵
麦蔵
しかし貴様は運が良い
しかし貴様は運が良い
秀隆
秀隆
と、言いますと？
と、言いますと？
麦蔵
麦蔵
俺はどんな用件であれ、
俺はどんな用件であれ、
誰かと会い交渉をする際には高坂を傍らに立てる
誰かと会い交渉をする際には高坂を傍らに立てる
麦蔵
麦蔵
ヤツがいれば、俺からすんなりサインは取れなかっただろうな
ヤツがいれば、俺からすんなりサインは取れなかっただろうな
秀隆
秀隆
なるほど。それはツイてました
なるほど。それはツイてました
麦蔵
麦蔵
早速だが、使いをやって詳細を確かめさせてもらうぞ？
早速だが、使いをやって詳細を確かめさせてもらうぞ？
そう言い、地図を書いた紙をひらつかせた。
そう言い、地図を書いた紙をひらつかせた。
秀隆
秀隆
もちろんです
もちろんです
se着信（バイブ
se着信（バイブ
秀隆
秀隆
っと……すみません。少し失礼します
っと……すみません。少し失礼します
断りをいれ、携帯電話を確認する。
断りをいれ、携帯電話を確認する。
秀隆
秀隆
…………
…………
秀隆
秀隆
大河内代表。急なお話で申し訳ありませんが、
大河内代表。急なお話で申し訳ありませんが、
これから倉屋敷社長にお会いして来なければなりません
これから倉屋敷社長にお会いして来なければなりません
麦蔵
麦蔵
倉屋敷だと？
倉屋敷だと？
秀隆
秀隆
はい。彼女は非常に気難しい方なのはご存知のはずです。
はい。彼女は非常に気難しい方なのはご存知のはずです。
お会いするのも容易なことではありません
お会いするのも容易なことではありません
麦蔵
麦蔵
ああ
ああ
秀隆
秀隆
その彼女のアポが取れたんですが、
その彼女のアポが取れたんですが、
どうも１２時からしかお会いしてくれないようで……
どうも１２時からしかお会いしてくれないようで……
大河内代表が時計を見る。
大河内代表が時計を見る。
時刻は１１時になろうとしていた。
時刻は１１時になろうとしていた。
麦蔵
麦蔵
これを逃すと、次にいつ会えるかはわからんわけか
これを逃すと、次にいつ会えるかはわからんわけか
秀隆
秀隆
はい
はい
麦蔵
麦蔵
分かった。そう言うことならば仕方あるまい。
分かった。そう言うことならば仕方あるまい。
だが一つだけ念を押しておくぞ。ここに間違いなく松下はいるんだな？
だが一つだけ念を押しておくぞ。ここに間違いなく松下はいるんだな？
秀隆
秀隆
お約束します。そのための契約書です
お約束します。そのための契約書です
麦蔵
麦蔵
いいだろう。行け
いいだろう。行け
秀隆
秀隆
はい。本日は有意義なお話をありがとうございました
はい。本日は有意義なお話をありがとうございました
秀隆
秀隆
倉屋敷の署名が得られましたら、また足を運びます
倉屋敷の署名が得られましたら、また足を運びます
麦蔵
麦蔵
あの小僧に、どこまでのことができるか……
あの小僧に、どこまでのことができるか……
希望
希望
やっほ～……
やっほ～……
あれ？
あれ？
麦蔵
麦蔵
希望か、どうした
希望か、どうした
希望
希望
お父さん、秀隆くん来てなかった？
お父さん、秀隆くん来てなかった？
麦蔵
麦蔵
誰だ。……特務官の男か？
誰だ。……特務官の男か？
希望
希望
うん。挨拶には来なくていいって言われたんだけど、
うん。挨拶には来なくていいって言われたんだけど、
やっぱりそう言うのもアレかなと思って
やっぱりそう言うのもアレかなと思って
麦蔵
麦蔵
どう言うことだ
どう言うことだ
希望
希望
え？　どう言うことって。昨日お父さんに会うって言ってたから。
え？　どう言うことって。昨日お父さんに会うって言ってたから。
本当は龍也さんにも会いたかったみたいなんだけどね
本当は龍也さんにも会いたかったみたいなんだけどね
麦蔵
麦蔵
あの小僧、やってくれたな
あの小僧、やってくれたな
希望
希望
ん？　秀隆くん来てたの？
ん？　秀隆くん来てたの？
麦蔵
麦蔵
気にするな。おまえには関係のない話だ
気にするな。おまえには関係のない話だ
麦蔵
麦蔵
となると高坂の不在は計算づくか。
となると高坂の不在は計算づくか。
この俺をハメるとは、舐めたことをやってくれる
この俺をハメるとは、舐めたことをやってくれる
大河内は、秀隆から受け取った地図を見下ろす。
大河内は、秀隆から受け取った地図を見下ろす。
麦蔵
麦蔵
まさか、これが嘘と言うことはないと思うが……
まさか、これが嘘と言うことはないと思うが……
どちらにせよ、確認もせず奴を帰したのは間違いだったな
どちらにせよ、確認もせず奴を帰したのは間違いだったな
オレはフロアから、そのまま出口を目指す。
オレはフロアから、そのまま出口を目指す。
警備員
警備員
すみません。島津秀隆様、ですね？
すみません。島津秀隆様、ですね？
入り口まで来たところで、警備の人に呼び止められた。
入り口まで来たところで、警備の人に呼び止められた。
２人いる警備員のうち１人が詰めてくる。
２人いる警備員のうち１人が詰めてくる。
秀隆
秀隆
そうですが、何か？
そうですが、何か？
警備員
警備員
大河内代表が探しております、ご同行願えますか
大河内代表が探しております、ご同行願えますか
随分と動きが早いな。
随分と動きが早いな。
どうやら、オレの行動に怪しい点があったらしい。
どうやら、オレの行動に怪しい点があったらしい。
カジノの外まではいけると思ったが、甘かったようだ。
カジノの外まではいけると思ったが、甘かったようだ。
秀隆
秀隆
わかりました。すぐお伺いします
わかりました。すぐお伺いします
秀隆
秀隆
ただその前に一本電話をかけても？
ただその前に一本電話をかけても？
警備員
警備員
同行させていただきます
同行させていただきます
秀隆
秀隆
同行、ですか
同行、ですか
警備員
警備員
何か不都合等おありでしょうか？
何か不都合等おありでしょうか？
秀隆
秀隆
いえそう言うわけじゃありませんが……
いえそう言うわけじゃありませんが……
秀隆
秀隆
仕事の内情も絡みますので……
仕事の内情も絡みますので……
そう言い、オレは警備員の人を無視して背を向ける。
そう言い、オレは警備員の人を無視して背を向ける。
警備員
警備員
お待ち下さい
お待ち下さい
警備員が少し慌てるようにして追いかけてくる。
警備員が少し慌てるようにして追いかけてくる。
秀隆
秀隆
なんですか。電話くらい自由にさせてください
なんですか。電話くらい自由にさせてください
警備員
警備員
おい、ちょっと手を貸してくれ
おい、ちょっと手を貸してくれ
警備員はもう一人の仲間に声をかけ、呼びつけた。
警備員はもう一人の仲間に声をかけ、呼びつけた。
警備員２
警備員２
指示に従ってください
指示に従ってください
秀隆
秀隆
大河内代表に確認をして下さい。
大河内代表に確認をして下さい。
電話を入れないと、仕事に支障が出るかもしれないと
電話を入れないと、仕事に支障が出るかもしれないと
警備員
警備員
……少し待て
……少し待て
警備員は無線を取り、その旨の事情を伝える。
警備員は無線を取り、その旨の事情を伝える。
……１、２分待ったところで、警備員の顔が上がった。
……１、２分待ったところで、警備員の顔が上がった。
警備員
警備員
許可は出来ない。直ちに応接室へ来てもらいたい
許可は出来ない。直ちに応接室へ来てもらいたい
秀隆
秀隆
……分かりました
……分かりました
秀隆
秀隆
大河内代表がそう仰るのであれば、従わせていただきます
大河内代表がそう仰るのであれば、従わせていただきます
秀隆
秀隆
ですが、後で電話できなかったことが問題になったら、
ですが、後で電話できなかったことが問題になったら、
その時、大河内代表には事情説明をお願いします
その時、大河内代表には事情説明をお願いします
警備員
警備員
わかったわかった。行くぞ
わかったわかった。行くぞ
２人の警備員に囲まれ、オレはしぶしぶ承諾をした。
２人の警備員に囲まれ、オレはしぶしぶ承諾をした。
警備員たちはオレの両脇を固める。
警備員たちはオレの両脇を固める。
無線で別の警備員を入り口に呼びつけるようだった。
無線で別の警備員を入り口に呼びつけるようだった。
さらに３０秒ほど待っていると、別の警備員が入り口についた。
さらに３０秒ほど待っていると、別の警備員が入り口についた。
それを見届けた後、オレは警備員に連れられさっきの場所へ戻る。
それを見届けた後、オレは警備員に連れられさっきの場所へ戻る。
警備員
警備員
失礼します
失礼します
警備員と共に、オレは応接室へ。
警備員と共に、オレは応接室へ。
秀隆
秀隆
何か御座いましたか？　先ほども申し上げましたが、倉
何か御座いましたか？　先ほども申し上げましたが、倉
麦蔵
麦蔵
座れ
座れ
秀隆
秀隆
……失礼します
……失礼します
麦蔵
麦蔵
おまえたちは戻ってくれ
おまえたちは戻ってくれ
警備員
警備員
はい、失礼しました
はい、失礼しました
オレは大河内代表の前に腰を下ろす。
オレは大河内代表の前に腰を下ろす。
麦蔵
麦蔵
貴様、高坂不在のタイミングを狙ったな？
貴様、高坂不在のタイミングを狙ったな？
……情報発信は希望か。
……情報発信は希望か。
しっかりと口止めをしておくべきだったか。
しっかりと口止めをしておくべきだったか。
いや、下手に強調してしまって後でしくじるよりはいい。
いや、下手に強調してしまって後でしくじるよりはいい。
秀隆
秀隆
と言いますと？
と言いますと？
麦蔵
麦蔵
俺は無駄なやり取りは嫌いだ。素直に認めろ
俺は無駄なやり取りは嫌いだ。素直に認めろ
秀隆
秀隆
……そうですね
……そうですね
オレは、小さく頷いた。
オレは、小さく頷いた。
秀隆
秀隆
確かに高坂特務官の不在にお伺いしたのは事実です
確かに高坂特務官の不在にお伺いしたのは事実です
秀隆
秀隆
ですが何か問題がありましたでしょうか？
ですが何か問題がありましたでしょうか？
麦蔵
麦蔵
おまえは、思ったよりも頭のキレる男。
おまえは、思ったよりも頭のキレる男。
倉屋敷へのコネクションも考えれば、中々の逸材だ。
倉屋敷へのコネクションも考えれば、中々の逸材だ。
あの竹内が直接連れ歩く理由もわかる
あの竹内が直接連れ歩く理由もわかる
秀隆
秀隆
とんでもないことです
とんでもないことです
麦蔵
麦蔵
だが、逸材だからこそ、俺は一抹の不安を感じてな
だが、逸材だからこそ、俺は一抹の不安を感じてな
麦蔵
麦蔵
先ほどの契約書を返してもらおう
先ほどの契約書を返してもらおう
秀隆
秀隆
契約を破棄したいと、そう言うことですか
契約を破棄したいと、そう言うことですか
秀隆
秀隆
これでは何のための契約か分かりませんね
これでは何のための契約か分かりませんね
麦蔵
麦蔵
俺はよく揉め事を起こすが、全て解決してきた
俺はよく揉め事を起こすが、全て解決してきた
麦蔵
麦蔵
そう、全て揉み消してきたからだ
そう、全て揉み消してきたからだ
秀隆
秀隆
痛い目を見る前に、と言うことですか……
痛い目を見る前に、と言うことですか……
麦蔵
麦蔵
松下の確保が済めば、改めて契約書は渡してやる
松下の確保が済めば、改めて契約書は渡してやる
オレの行動に不信感を募らせたのだろう。
オレの行動に不信感を募らせたのだろう。
当然の申し入れかもしれない。
当然の申し入れかもしれない。
秀隆
秀隆
素直に返していただける保障はありませんよね？
素直に返していただける保障はありませんよね？
麦蔵
麦蔵
保障なんざありはしない。おまえはそう信じるしかない
保障なんざありはしない。おまえはそう信じるしかない
秀隆
秀隆
書類をお戻しすること……お断りします
書類をお戻しすること……お断りします
大河内代表の口元がゆがんでいく。
大河内代表の口元がゆがんでいく。
秀隆
秀隆
お持ちの契約書にも記載しているかと思います。
お持ちの契約書にも記載しているかと思います。
上記契約に基づき問題が生じた際には、甲乙話し合いのもと解決に尽力すると
上記契約に基づき問題が生じた際には、甲乙話し合いのもと解決に尽力すると
秀隆
秀隆
無論、一方的に契約書を出すよう要求したり、
無論、一方的に契約書を出すよう要求したり、
破棄することは認められません
破棄することは認められません
麦蔵
麦蔵
今すぐ、力ずくで奪ってもいいんだぜ？
今すぐ、力ずくで奪ってもいいんだぜ？
秀隆
秀隆
百歩譲って、強引に取り上げるとしても、無理な話です
百歩譲って、強引に取り上げるとしても、無理な話です
オレは鞄のチャックを開け、わざとらしく中を見せた。
オレは鞄のチャックを開け、わざとらしく中を見せた。
秀隆
秀隆
既に手元に契約書はありませんから
既に手元に契約書はありませんから
麦蔵
麦蔵
カジノのどこかに隠した、と言うことか？
カジノのどこかに隠した、と言うことか？
秀隆
秀隆
まさか。カジノはあなたがたの庭です。
まさか。カジノはあなたがたの庭です。
至るところに監視カメラも設置されています。
至るところに監視カメラも設置されています。
こちらが不用意に隠すのはデメリットしかない
こちらが不用意に隠すのはデメリットしかない
秀隆
秀隆
万が一、一般人の手に渡ってしまえば、
万が一、一般人の手に渡ってしまえば、
それこそ街同士の問題にまで発展しかねません
それこそ街同士の問題にまで発展しかねません
麦蔵
麦蔵
ごちゃごちゃと……どこへやったと言うんだ
ごちゃごちゃと……どこへやったと言うんだ
秀隆
秀隆
既に別の者に、契約書を託してしまいました
既に別の者に、契約書を託してしまいました
麦蔵
麦蔵
な……！
な……！
秀隆
秀隆
その者は１１時２０分発の電車でホープタウンへ戻っています
その者は１１時２０分発の電車でホープタウンへ戻っています
大河内代表は腕時計に目をやる。
大河内代表は腕時計に目をやる。
時刻は１１時２２分。
時刻は１１時２２分。
先ほど電車は出発したことになる。
先ほど電車は出発したことになる。
麦蔵
麦蔵
貴様、最初からそのつもりだったな？
貴様、最初からそのつもりだったな？
秀隆
秀隆
滅相もない。もしかしたら書類が必要になるかも知れないと思い、
滅相もない。もしかしたら書類が必要になるかも知れないと思い、
電話を一本入れさせて欲しいと警備員の方にお願いをしたのですが、どうしてもそれを聞き入れてもらえませんでした
電話を一本入れさせて欲しいと警備員の方にお願いをしたのですが、どうしてもそれを聞き入れてもらえませんでした
秀隆
秀隆
急ぎ電話を入れたいと言う旨、
急ぎ電話を入れたいと言う旨、
警備員の方から大河内代表の耳にも入ったかと思います
警備員の方から大河内代表の耳にも入ったかと思います
麦蔵
麦蔵
……上手く根回しをしておいた、と言うことか
……上手く根回しをしておいた、と言うことか
秀隆
秀隆
信頼できる仲間に預けただけです
信頼できる仲間に預けただけです
秀隆
秀隆
重要書類をウロウロと持ち歩くのは危険ですから
重要書類をウロウロと持ち歩くのは危険ですから
麦蔵
麦蔵
この一件で、今後どう影響してくるかわかっているのか
この一件で、今後どう影響してくるかわかっているのか
秀隆
秀隆
自分は大河内代表にご納得頂いた上で、サインを頂きました
自分は大河内代表にご納得頂いた上で、サインを頂きました
秀隆
秀隆
そのことで何か、不都合が生じますでしょうか？
そのことで何か、不都合が生じますでしょうか？
麦蔵
麦蔵
契約者の一人である俺が不服を、異議を唱えている
契約者の一人である俺が不服を、異議を唱えている
秀隆
秀隆
なるほど。確かにその通りです。
なるほど。確かにその通りです。
大河内代表は契約の一時停止、返却を求めていますね
大河内代表は契約の一時停止、返却を求めていますね
秀隆
秀隆
ですが、それに応えるかどうかは、
ですが、それに応えるかどうかは、
もう一人の契約者である私が判断することですから
もう一人の契約者である私が判断することですから
秀隆
秀隆
今回契約が成された以上、返却するつもりはありません
今回契約が成された以上、返却するつもりはありません
麦蔵
麦蔵
俺がその気になれば、テメェを消すことくらい造作もない。
俺がその気になれば、テメェを消すことくらい造作もない。
それを理解した上で、この俺に歯向かっていると分かっているのか
それを理解した上で、この俺に歯向かっていると分かっているのか
秀隆
秀隆
仮に責任問題が出るとしても、それは新人の自分だけです
仮に責任問題が出るとしても、それは新人の自分だけです
秀隆
秀隆
この契約書のことも、規制緩和に関するお話も、
この契約書のことも、規制緩和に関するお話も、
ホープタウンに住む誰一人として、未だ知りえないお話ですから
ホープタウンに住む誰一人として、未だ知りえないお話ですから
秀隆
秀隆
あ、それも先ほどお話させていただいたことですが
あ、それも先ほどお話させていただいたことですが
大河内代表は立ち上がり、オレの胸倉を掴み挙げた。
大河内代表は立ち上がり、オレの胸倉を掴み挙げた。
麦蔵
麦蔵
タダで帰れると思うなよ？
タダで帰れると思うなよ？
秀隆
秀隆
悠長になされている場合ではありません。
悠長になされている場合ではありません。
幾ら信頼できる仲間に契約書を託したとは言え、事故は起こりうる
幾ら信頼できる仲間に契約書を託したとは言え、事故は起こりうる
秀隆
秀隆
もしかすると、事前に漏れてしまうこともありえるでしょう
もしかすると、事前に漏れてしまうこともありえるでしょう
秀隆
秀隆
ホープタウンの特務官の交渉に応じ、署名した大河内代表の噂が
ホープタウンの特務官の交渉に応じ、署名した大河内代表の噂が
麦蔵
麦蔵
ちっ
ちっ
オレを突き飛ばし、電話を手に取った。
オレを突き飛ばし、電話を手に取った。
警備の人が慌てて入室してくる。
警備の人が慌てて入室してくる。
麦蔵
麦蔵
今日カジノを訪れた人間に、ホープタウンの特務官は何人いた
今日カジノを訪れた人間に、ホープタウンの特務官は何人いた
警備員
警備員
少々お待ち下さい……本日は１名ですね
少々お待ち下さい……本日は１名ですね
麦蔵
麦蔵
島津か？
島津か？
警備員
警備員
はい。島津秀隆です。それが何か
はい。島津秀隆です。それが何か
麦蔵
麦蔵
島津滞在時の……ホープタウンからの客は？
島津滞在時の……ホープタウンからの客は？
警備員
警備員
３２名います。企業関係者ばかりですね
３２名います。企業関係者ばかりですね
麦蔵
麦蔵
その中に、コイツのコマが居たと言うことか……。
その中に、コイツのコマが居たと言うことか……。
もう良い下がれ
もう良い下がれ
警備員
警備員
失礼します
失礼します
それから、大河内代表は再度電話を手に取った。
それから、大河内代表は再度電話を手に取った。
秀隆
秀隆
高坂特務官不在のタイミングを狙ったことが、
高坂特務官不在のタイミングを狙ったことが、
それほど気に食わないことだったでしょうか？
それほど気に食わないことだったでしょうか？
麦蔵
麦蔵
俺を欺いた罪は重い
俺を欺いた罪は重い
秀隆
秀隆
交渉相手への戦略は、基本欺くことにあります。
交渉相手への戦略は、基本欺くことにあります。
それをいちいち責められていては、交渉も何もあったものじゃない
それをいちいち責められていては、交渉も何もあったものじゃない
麦蔵
麦蔵
……おまえは、どこまでも恐れを知らないようだな
……おまえは、どこまでも恐れを知らないようだな
大河内代表は一度目を閉じ、すーっと息を吐いた。
大河内代表は一度目を閉じ、すーっと息を吐いた。
麦蔵
麦蔵
契約書を持ち出された以上、どうにもならんか……
契約書を持ち出された以上、どうにもならんか……
麦蔵
麦蔵
だが立ち会ってもらうぞ島津。松下の所在確認が取れるまではな
だが立ち会ってもらうぞ島津。松下の所在確認が取れるまではな
秀隆
秀隆
分かりました。今から倉屋敷に出向いても、間に合いませんから
分かりました。今から倉屋敷に出向いても、間に合いませんから
麦蔵
麦蔵
それもブラフだったんだろ？　この俺から逃げるための
それもブラフだったんだろ？　この俺から逃げるための
秀隆
秀隆
とんでもない
とんでもない
数分後、姿を見せたのは、意外な人物だった。
数分後、姿を見せたのは、意外な人物だった。
扉が開き、恭一さんが入ってくる。
扉が開き、恭一さんが入ってくる。
オレはその瞬間、大河内代表を見てこういった。
オレはその瞬間、大河内代表を見てこういった。
秀隆
秀隆
どなたですか？
どなたですか？
麦蔵
麦蔵
こいつは特務か
こいつは特務か
恭一
恭一
なんでおまえがここに居る。島津、だったな？
なんでおまえがここに居る。島津、だったな？
大河内代表の言葉を遮るように、恭一さんが言う。
大河内代表の言葉を遮るように、恭一さんが言う。
その瞬間、大河内代表の表情がこわばった。
その瞬間、大河内代表の表情がこわばった。
麦蔵
麦蔵
……貴様ら、知り合いか
……貴様ら、知り合いか
恭一
恭一
ちょっとしたことで知り合った。それがどうした
ちょっとしたことで知り合った。それがどうした
麦蔵
麦蔵
…………
…………
秀隆
秀隆
大河内代表こそ、彼とは親しいんですか？
大河内代表こそ、彼とは親しいんですか？
オレは思いがけない来客と朗報に、心が躍りだしそうだった。
オレは思いがけない来客と朗報に、心が躍りだしそうだった。
恭一さんと大河内代表には繋がりがあった。
恭一さんと大河内代表には繋がりがあった。
麦蔵
麦蔵
っち
っち
露骨な舌打ち。
露骨な舌打ち。
恐らく、オレとのやり取りに冷静さを欠いていた判断ミス。
恐らく、オレとのやり取りに冷静さを欠いていた判断ミス。
麦蔵
麦蔵
初対面のフリをするってのは、どういうことだ？
初対面のフリをするってのは、どういうことだ？
秀隆
秀隆
見たことない方だと思ったのですが、勘違いでした
見たことない方だと思ったのですが、勘違いでした
麦蔵
麦蔵
おまえと言う男を、
おまえと言う男を、
更に再評価しなければならないようだな。島津
更に再評価しなければならないようだな。島津
ソファーをぎしりと軋ませ、大河内代表はオレを睨んだ。
ソファーをぎしりと軋ませ、大河内代表はオレを睨んだ。
間違いない。
間違いない。
この恭一さんには、オレには言えないような何かがある。
この恭一さんには、オレには言えないような何かがある。
麦蔵
麦蔵
今からここに書かれてある住所に行き、そして松下と言う男を
今からここに書かれてある住所に行き、そして松下と言う男を
連れて来い
連れて来い
恭一
恭一
あ？
あ？
紙を受け取り、目を通す恭一さん。
紙を受け取り、目を通す恭一さん。
麦蔵
麦蔵
松下と言う画家の男だ。さっさと行け
松下と言う画家の男だ。さっさと行け
恭一
恭一
面倒臭ぇ
面倒臭ぇ
麦蔵
麦蔵
さっさといけ。命令だ
さっさといけ。命令だ
恭一
恭一
やれやれ。二度と来るなと言われてたんだがな
やれやれ。二度と来るなと言われてたんだがな
恭一さんは一度首を振って、応接室を後にした。
恭一さんは一度首を振って、応接室を後にした。
秀隆
秀隆
彼は何者なのですか？
彼は何者なのですか？
麦蔵
麦蔵
おまえに教える必要はない
おまえに教える必要はない
秀隆
秀隆
…………
…………
麦蔵
麦蔵
新人の分際でよくここまで俺をコケにしたもんだ
新人の分際でよくここまで俺をコケにしたもんだ
秀隆
秀隆
いえ、けしてそのようなつもりは。ただ必死なだけです
いえ、けしてそのようなつもりは。ただ必死なだけです
麦蔵
麦蔵
長生きするタイプじゃあねえな
長生きするタイプじゃあねえな
秀隆
秀隆
そうかも知れません
そうかも知れません
それから１時間ほどして、恭一さんが戻ってきた。
それから１時間ほどして、恭一さんが戻ってきた。
そして、松下さんも。
そして、松下さんも。
松下さんはうつむいたまま、ふらふらとした足取りで部屋に入ってきた。
松下さんはうつむいたまま、ふらふらとした足取りで部屋に入ってきた。
恭一
恭一
これでいいな。オレは帰るぞ
これでいいな。オレは帰るぞ
麦蔵
麦蔵
ご苦労だったな
ご苦労だったな
麦蔵
麦蔵
……おまえが松下吉平か？
……おまえが松下吉平か？
松下
松下
…………
…………
麦蔵
麦蔵
おい、顔を上げろ
おい、顔を上げろ
松下
松下
…………
…………
麦蔵
麦蔵
どうなってる
どうなってる
秀隆
秀隆
松下さんは、長い貧困街での生活に心を病んでしまったようです
松下さんは、長い貧困街での生活に心を病んでしまったようです
麦蔵
麦蔵
なんだと？
なんだと？
秀隆
秀隆
今ではもう、絵を描くことも出来ない方になってしまいました
今ではもう、絵を描くことも出来ない方になってしまいました
麦蔵
麦蔵
貴様……この俺を欺くだけじゃなく、嘘の情報を持ち込み契約を迫ったのか
貴様……この俺を欺くだけじゃなく、嘘の情報を持ち込み契約を迫ったのか
秀隆
秀隆
自分は嘘など一言も申したつもりはありません。
自分は嘘など一言も申したつもりはありません。
このことも契約書にしっかりと書かれているじゃないですか
このことも契約書にしっかりと書かれているじゃないですか
秀隆
秀隆
大河内代表はステーション規制緩和賛成のサインを、
大河内代表はステーション規制緩和賛成のサインを、
その条件に、こちらは松下吉平さんの居場所をお教えすると
その条件に、こちらは松下吉平さんの居場所をお教えすると
秀隆
秀隆
現にこうして、松下さんはここにいらっしゃいます
現にこうして、松下さんはここにいらっしゃいます
秀隆
秀隆
彼が絵を描ける状態であるのか否か、その是非は問われていませんでした
彼が絵を描ける状態であるのか否か、その是非は問われていませんでした
麦蔵
麦蔵
……ふざけた真似を
……ふざけた真似を
秀隆
秀隆
さて、松下さんもこうしてお連れできましたし、
さて、松下さんもこうしてお連れできましたし、
自分もそろそろホープタウンに戻らせていただこうと思います
自分もそろそろホープタウンに戻らせていただこうと思います
秀隆
秀隆
今日は良い交渉をありがとうございました。大河内代表
今日は良い交渉をありがとうございました。大河内代表
麦蔵
麦蔵
……今日のことは良く覚えておく。そのつもりでいろ
……今日のことは良く覚えておく。そのつもりでいろ
秀隆
秀隆
物覚えは良い方ですので、大丈夫です。それでは
物覚えは良い方ですので、大丈夫です。それでは
秀隆
秀隆
……ふぅ……
……ふぅ……
これで、オレは大河内代表に眼を付けられることになった。
これで、オレは大河内代表に眼を付けられることになった。
でも安い代償だろう。
でも安い代償だろう。
大河内代表の署名を手に入れることが出来たんだから。
大河内代表の署名を手に入れることが出来たんだから。
恭一
恭一
話の流れはしらないが、随分と上手く立ち回ったようだな
話の流れはしらないが、随分と上手く立ち回ったようだな
オレが出てくるのを待っていたのか、
オレが出てくるのを待っていたのか、
壁にもたれかかった恭一さんが居た。
壁にもたれかかった恭一さんが居た。
秀隆
秀隆
ぎりぎりの綱渡りですよ。
ぎりぎりの綱渡りですよ。
それにしても、大河内代表とお知り合いだったんですね
それにしても、大河内代表とお知り合いだったんですね
恭一
恭一
それがどうした
それがどうした
秀隆
秀隆
いえ、少し驚いただけです
いえ、少し驚いただけです
恭一
恭一
驚いた？　それにしては、随分と嬉しそうだったがな
驚いた？　それにしては、随分と嬉しそうだったがな
秀隆
秀隆
とんでもない……じゃあ、オレはこれで
とんでもない……じゃあ、オレはこれで
恭一
恭一
ああ
ああ
オレは恭一さんに背中を向けた。
オレは恭一さんに背中を向けた。
秀隆
秀隆
さて、早めに帰ろう。今日はまだやることもあるしな
さて、早めに帰ろう。今日はまだやることもあるしな
今は長い間、カジノに留まりたくはない。
今は長い間、カジノに留まりたくはない。
柳沢
柳沢
島津さん
島津さん
秀隆
秀隆
ん？　柳沢社長。お疲れ様です
ん？　柳沢社長。お疲れ様です
カジノの入り口付近で、柳沢社長に会った。
カジノの入り口付近で、柳沢社長に会った。
柳沢
柳沢
偶然ですね。今からお帰りですか？
偶然ですね。今からお帰りですか？
秀隆
秀隆
はい
はい
柳沢
柳沢
なんだか、疲れた顔をしていらっしゃいますね
なんだか、疲れた顔をしていらっしゃいますね
秀隆
秀隆
そうですね、ちょっと疲れたかも知れません。
そうですね、ちょっと疲れたかも知れません。
前からお話していたと思いますが、大河内代表にお会いしてきたので
前からお話していたと思いますが、大河内代表にお会いしてきたので
柳沢
柳沢
なるほど。そう言うことですか
なるほど。そう言うことですか
社長は鞄を床に置くと、中をあさり始めた。
社長は鞄を床に置くと、中をあさり始めた。
柳沢
柳沢
お急ぎだとは思いますが、少しだけお時間を下さい
お急ぎだとは思いますが、少しだけお時間を下さい
秀隆
秀隆
あの、一体なにを？
あの、一体なにを？
柳沢
柳沢
私は仕事柄、幾つか薬を持ち歩いていまして
私は仕事柄、幾つか薬を持ち歩いていまして
そういい、鞄から小さな箱を取り出した。
そういい、鞄から小さな箱を取り出した。
柳沢
柳沢
こちらは疲労回復に効く新作の薬なんですが、宜しければどうぞ
こちらは疲労回復に効く新作の薬なんですが、宜しければどうぞ
秀隆
秀隆
いいんですか？　頂いても
いいんですか？　頂いても
柳沢
柳沢
ええ。どうぞ
ええ。どうぞ
オレは箱を受け取り、中から錠剤を取り出した。
オレは箱を受け取り、中から錠剤を取り出した。
柳沢社長は更にペットボトルを取り出し、手渡してくれた。
柳沢社長は更にペットボトルを取り出し、手渡してくれた。
オレはそれを頂き、水と一緒に薬を飲んだ。
オレはそれを頂き、水と一緒に薬を飲んだ。
柳沢
柳沢
効果は３０分ほどで効き始めると思いますよ
効果は３０分ほどで効き始めると思いますよ
秀隆
秀隆
わざわざオレなんかに、ありがとうございます
わざわざオレなんかに、ありがとうございます
柳沢
柳沢
それじゃ、私は行きます。また今度
それじゃ、私は行きます。また今度
秀隆
秀隆
いい人だな、柳沢社長って
いい人だな、柳沢社長って
薬でどれだけの効果があるかは分からないけど、
薬でどれだけの効果があるかは分からないけど、
疲労回復に効くと言われて飲んだお陰か、頑張れる気になってきた。
疲労回復に効くと言われて飲んだお陰か、頑張れる気になってきた。
…………。
…………。
秀隆
秀隆
悪い、待たせたな
悪い、待たせたな
裕輔
裕輔
悪いが、先に飲ませてもらっている
悪いが、先に飲ませてもらっている
秀隆
秀隆
おう。ここの支払いはオレが持つから、じゃんじゃん飲んでくれ
おう。ここの支払いはオレが持つから、じゃんじゃん飲んでくれ
裕輔の隣に腰を下ろす。
裕輔の隣に腰を下ろす。
すっと差し出された茶封筒を膝元で受け取り、鞄の中へ。
すっと差し出された茶封筒を膝元で受け取り、鞄の中へ。
秀隆
秀隆
悪かったな。こっちの都合に巻き込んで
悪かったな。こっちの都合に巻き込んで
裕輔
裕輔
構わん。大したことじゃない。法を犯したわけでもないんだろ？
構わん。大したことじゃない。法を犯したわけでもないんだろ？
秀隆
秀隆
ああ。大河内代表を出し抜くための作戦だ
ああ。大河内代表を出し抜くための作戦だ
秀隆
秀隆
こうでもしなければ、容易にはいかなかっただろうな
こうでもしなければ、容易にはいかなかっただろうな
裕輔
裕輔
いつでも頼ってくれて構わないが、危険なことはするな
いつでも頼ってくれて構わないが、危険なことはするな
秀隆
秀隆
心配してくれるのか？
心配してくれるのか？
裕輔
裕輔
心配してはいけないか？
心配してはいけないか？
秀隆
秀隆
……嬉しいよ
……嬉しいよ
裕輔
裕輔
俺だけじゃない。愛佳も心配する
俺だけじゃない。愛佳も心配する
秀隆
秀隆
ありがとうな
ありがとうな
裕輔
裕輔
……いや
……いや
秀隆
秀隆
ま、今日は飲もう。当然奢らせてもらうからさ
ま、今日は飲もう。当然奢らせてもらうからさ
裕輔
裕輔
お言葉に甘えて、ご馳走になるとしよう
お言葉に甘えて、ご馳走になるとしよう
秀隆
秀隆
さて……これで大河内代表からのサインは手に入れたも同然
さて……これで大河内代表からのサインは手に入れたも同然
問題は、そのために必要な倉屋敷社長の署名だ。
問題は、そのために必要な倉屋敷社長の署名だ。
こりゃまた、厄介な問題になるだろうな。
こりゃまた、厄介な問題になるだろうな。
…………。
…………。
……。
……。
