秀隆
秀隆
今日の仕事は？
今日の仕事は？
凛
凛
あ、あたし今日なし。普通に学園行くつもり
あ、あたし今日なし。普通に学園行くつもり
秀隆
秀隆
なんだそうなのか
なんだそうなのか
凛
凛
秀隆は仕事でしょ？
秀隆は仕事でしょ？
秀隆
秀隆
ああ。そろそろでないと遅刻だ
ああ。そろそろでないと遅刻だ
もう７時を回ってしまっている。
もう７時を回ってしまっている。
ステーション始発が７：２０分だから、ギリギリだ。
ステーション始発が７：２０分だから、ギリギリだ。
秀隆
秀隆
じゃあ、行くよ
じゃあ、行くよ
凛
凛
……うん
……うん
何故か寂しい。
何故か寂しい。
いつでも会えるとはいえ、ホープタウンとドリームタウンで距離はある。
いつでも会えるとはいえ、ホープタウンとドリームタウンで距離はある。
会えない時間、話せない時間って言うのはどうしても存在する。
会えない時間、話せない時間って言うのはどうしても存在する。
でもいかなきゃ……。
でもいかなきゃ……。
オレは鞄を持ち、玄関へ向かう。
オレは鞄を持ち、玄関へ向かう。
そのあとを凛も追いかけて来た。
そのあとを凛も追いかけて来た。
秀隆
秀隆
どした？
どした？
凛
凛
あー……なんていうかさ……次いつ会えるの？
あー……なんていうかさ……次いつ会えるの？
秀隆
秀隆
そうだな……今日は遅くなりそうだから、明日の夕方かな
そうだな……今日は遅くなりそうだから、明日の夕方かな
秀隆
秀隆
でも仕事次第じゃ厳しいかも
でも仕事次第じゃ厳しいかも
凛
凛
じゃあ、結構会えなくなるんだ
じゃあ、結構会えなくなるんだ
秀隆
秀隆
……だな
……だな
１日や２日で何をと周りは言うかもしれない。
１日や２日で何をと周りは言うかもしれない。
凛は、オレの手をぎゅっと握った。
凛は、オレの手をぎゅっと握った。
凛
凛
……離れたくないんだけど……
……離れたくないんだけど……
秀隆
秀隆
…………
…………
頬を赤らめ、視線を逸らす、美少女アイドルの女の子。
頬を赤らめ、視線を逸らす、美少女アイドルの女の子。
このすごく可愛くてどうしようもない子……オレの彼女みたいです！
このすごく可愛くてどうしようもない子……オレの彼女みたいです！
オレは当然抱きしめる。
オレは当然抱きしめる。
秀隆
秀隆
待っててくれ。またすぐ会いに来るよおっぱいちゃん
待っててくれ。またすぐ会いに来るよおっぱいちゃん
ボディタッチ。
ボディタッチ。
もみもみ。
もみもみ。
秀隆
秀隆
ああ、最高です……！
ああ、最高です……！
se首を絞められる0
se首を絞められる0
ぎゅううううっ。
ぎゅううううっ。
秀隆
秀隆
いでででででで！
いでででででで！
凛
凛
おっぱいもあたしの一部だけど、その言い方は失礼
おっぱいもあたしの一部だけど、その言い方は失礼
秀隆
秀隆
じょ、冗談に決まってるだろ……やだな凛さん
じょ、冗談に決まってるだろ……やだな凛さん
凛
凛
もう。さっさと行けばーか
もう。さっさと行けばーか
何故か最後は追い出される形になった。
何故か最後は追い出される形になった。
秀隆
秀隆
おーいて……
おーいて……
つねられた手の甲の皮が赤くなってしまった。
つねられた手の甲の皮が赤くなってしまった。
se着信（バイブ
se着信（バイブ
メールが届く。
メールが届く。
会えそうな時間が分かったら教えて
会えそうな時間が分かったら教えて
秀隆
秀隆
へへ……
へへ……
秀隆
秀隆
可愛い奴
可愛い奴
オレは嬉しくなり、スキップでステーションに向かう。
オレは嬉しくなり、スキップでステーションに向かう。
秀隆
秀隆
６時前か……思ったより早く仕事が片付いたな
６時前か……思ったより早く仕事が片付いたな
明日までかかると思っていたが、
明日までかかると思っていたが、
まどかたちの協力もあって、その日のうちに終わってしまった。
まどかたちの協力もあって、その日のうちに終わってしまった。
秀隆
秀隆
……行くかな、凛のところ
……行くかな、凛のところ
携帯を取り出し、凛にメールを打とうと思ったが、思いとどまる。
携帯を取り出し、凛にメールを打とうと思ったが、思いとどまる。
秀隆
秀隆
どうせなら、直接行って驚かせてやるか
どうせなら、直接行って驚かせてやるか
凛から預かっていたものを取り出す。
凛から預かっていたものを取り出す。
それは、凛の部屋の合鍵。
それは、凛の部屋の合鍵。
オレが正式に、凛に認められた証拠の１つ。
オレが正式に、凛に認められた証拠の１つ。
秀隆
秀隆
ニヤニヤ
ニヤニヤ
これを見ているだけで、笑みがこぼれてしまうぞ。
これを見ているだけで、笑みがこぼれてしまうぞ。
秀隆
秀隆
っと、行くなら一度家に帰って着替えを持っていかないとな
っと、行くなら一度家に帰って着替えを持っていかないとな
秀隆
秀隆
ただいまー
ただいまー
と、言って部屋に戻ってきた。
と、言って部屋に戻ってきた。
……が、電気をつけると凛はまだ帰ってきてないようだった。
……が、電気をつけると凛はまだ帰ってきてないようだった。
秀隆
秀隆
学園に行くって言ってたけど、希望と遊んでるかも知れないな
学園に行くって言ってたけど、希望と遊んでるかも知れないな
慌てず、ゆっくり待つことにしよう。
慌てず、ゆっくり待つことにしよう。
凛
凛
あー疲れた
あー疲れた
１時間ほどして、玄関からそんな声。
１時間ほどして、玄関からそんな声。
凛
凛
あれ？　……秀隆、来てるの？
あれ？　……秀隆、来てるの？
玄関でオレの靴を見つけたのか、そろっとリビングへ。
玄関でオレの靴を見つけたのか、そろっとリビングへ。
秀隆
秀隆
お帰り
お帰り
凛
凛
ただいま……って、なんでいるわけ？　今日はもう来られないんじゃ？
ただいま……って、なんでいるわけ？　今日はもう来られないんじゃ？
秀隆
秀隆
思ったより、ずっと早く仕事が片付いたんだ
思ったより、ずっと早く仕事が片付いたんだ
凛
凛
そうだったんだ。なら、連絡くれればよかったのに
そうだったんだ。なら、連絡くれればよかったのに
秀隆
秀隆
凛を驚かそうと思ってさ
凛を驚かそうと思ってさ
秀隆
秀隆
今日は希望と遊んでたのか？　結構遅かったけど
今日は希望と遊んでたのか？　結構遅かったけど
凛
凛
そんなところ、かな
そんなところ、かな
秀隆
秀隆
ふーん……
ふーん……
凛
凛
なによ、まさかあたしが他の男の子と遊んでる、とか思ったわけ？
なによ、まさかあたしが他の男の子と遊んでる、とか思ったわけ？
秀隆
秀隆
いや、そう言うわけじゃないけど
いや、そう言うわけじゃないけど
秀隆
秀隆
それより……
それより……
オレは上から下まで、凛を見おろす。
オレは上から下まで、凛を見おろす。
秀隆
秀隆
エッチするか！
エッチするか！
グッと親指を立て、オレは凛に詰め寄った。
グッと親指を立て、オレは凛に詰め寄った。
凛
凛
ちょ、ちょっと、帰ってくるなりいきなりそれ？
ちょ、ちょっと、帰ってくるなりいきなりそれ？
なんていうか、あたしと付き合ったのって、まさに身体目的って奴？
なんていうか、あたしと付き合ったのって、まさに身体目的って奴？
秀隆
秀隆
もちろん凛の身体も好きだ。当たり前だろ。
もちろん凛の身体も好きだ。当たり前だろ。
身体だって、凛のひとつなんだからな
身体だって、凛のひとつなんだからな
凛
凛
正しいんだけど、なんかムカつく……
正しいんだけど、なんかムカつく……
秀隆
秀隆
学生服でエッチをするのは、オレの夢だったからな
学生服でエッチをするのは、オレの夢だったからな
凛
凛
そんな夢、全然健全じゃないわね……学生の時、彼女いたんじゃないの？
そんな夢、全然健全じゃないわね……学生の時、彼女いたんじゃないの？
秀隆
秀隆
え、あ、いや、それはほら……
え、あ、いや、それはほら……
凛
凛
うわ……さいてー。経験あるんじゃん
うわ……さいてー。経験あるんじゃん
秀隆
秀隆
違う、オレは凛と、そう言うことをするのが夢だったんだよ
違う、オレは凛と、そう言うことをするのが夢だったんだよ
凛
凛
さいてー。不潔、寄らないで
さいてー。不潔、寄らないで
秀隆
秀隆
自分から振っといて機嫌悪くなるなよ……
自分から振っといて機嫌悪くなるなよ……
オレは凛の傍による。
オレは凛の傍による。
凛
凛
別に。昔の女とかどうでもいいし、あたしが気にすることじゃないし？
別に。昔の女とかどうでもいいし、あたしが気にすることじゃないし？
秀隆
秀隆
凛、好きだぞ
凛、好きだぞ
凛
凛
こんなセリフも、昔の彼女に言ったんだろうな、とか最低な発想してないから
こんなセリフも、昔の彼女に言ったんだろうな、とか最低な発想してないから
秀隆
秀隆
…………
…………
凛
凛
……ごめ、過去のこと、気にしちゃった
……ごめ、過去のこと、気にしちゃった
とん、とオレの胸にもたれかかってくる。
とん、とオレの胸にもたれかかってくる。
凛
凛
だって、嫌だし。嫌だって思っても、いいよね……
だって、嫌だし。嫌だって思っても、いいよね……
秀隆
秀隆
ああ。そう思ってくれると嬉しい。
ああ。そう思ってくれると嬉しい。
もし、オレだって凛の過去に、そう言う男がいたら……
もし、オレだって凛の過去に、そう言う男がいたら……
きっと嫉妬してた
きっと嫉妬してた
凛
凛
うん……嬉しい……
うん……嬉しい……
秀隆
秀隆
凛……
凛……
凛
凛
秀隆……ん、ちゅっ……
秀隆……ん、ちゅっ……
凛の泣きそうな顔に、そっと口づけをした。
凛の泣きそうな顔に、そっと口づけをした。
凛
凛
……制服でエッチ、してあげてもいいよ。明日、仕事で学園いけないし
……制服でエッチ、してあげてもいいよ。明日、仕事で学園いけないし
制服が汚れても、心配ない、ってことだろう。
制服が汚れても、心配ない、ってことだろう。
凛
凛
でも、あれね。毎日、エッチなことしてる
でも、あれね。毎日、エッチなことしてる
セックスまでは行かなくても、
セックスまでは行かなくても、
おっぱいなんか絶対触ってるしなぁ。
おっぱいなんか絶対触ってるしなぁ。
秀隆
秀隆
エッチな彼氏は嫌か？
エッチな彼氏は嫌か？
凛
凛
ううん。あたしも、エッチなこと、嫌いじゃないみたいだし
ううん。あたしも、エッチなこと、嫌いじゃないみたいだし
凛
凛
いつも、秀隆とのこと、考えるし
いつも、秀隆とのこと、考えるし
秀隆
秀隆
……オレも、凛のおっぱいとか、考えてるし
……オレも、凛のおっぱいとか、考えてるし
凛
凛
うん……
うん……
って、おっぱいかいっ
って、おっぱいかいっ
se首を絞められる0
se首を絞められる0
秀隆
秀隆
痛い痛いっ……軽い冗談に決まってるだろ
痛い痛いっ……軽い冗談に決まってるだろ
凛
凛
とか言いつつ、おっぱいは触ってるじゃない
とか言いつつ、おっぱいは触ってるじゃない
秀隆
秀隆
制服の上から触るおっぱいは、なんか不思議な感じだな……
制服の上から触るおっぱいは、なんか不思議な感じだな……
秀隆
秀隆
いつもより興奮するかも
いつもより興奮するかも
凛
凛
もう。ムード台無し。おっぱい星人はこれだから
もう。ムード台無し。おっぱい星人はこれだから
秀隆
秀隆
嫌いじゃないだろ？
嫌いじゃないだろ？
凛
凛
さぁね
さぁね
オレは、揉み揉みと制服の上から凛の豊満なおっぱいを楽しむ。
オレは、揉み揉みと制服の上から凛の豊満なおっぱいを楽しむ。
秀隆
秀隆
凛の乳首はどこかなぁ、っと
凛の乳首はどこかなぁ、っと
服のうえから、乳首を捜そうと手をまさぐる。
服のうえから、乳首を捜そうと手をまさぐる。
凛
凛
もう、分かってるくせに……
もう、分かってるくせに……
秀隆
秀隆
え？　どこだよ……教えてくれないか？
え？　どこだよ……教えてくれないか？
凛
凛
……ここ
……ここ
凛はオレの人差し指を握ると、自らの乳首へと持っていく。
凛はオレの人差し指を握ると、自らの乳首へと持っていく。
秀隆
秀隆
へえ、ここに凛の乳首があるんだ
へえ、ここに凛の乳首があるんだ
秀隆
秀隆
じゃあ、答えを確かめるために脱がせてみようかな
じゃあ、答えを確かめるために脱がせてみようかな
オレは、凛の制服のボタンを外していく。
オレは、凛の制服のボタンを外していく。
最終章・凛ルートその１４』凛H
最終章・凛ルートその１４』凛H
…………。
…………。
……。
……。
