秀隆
秀隆
マリアさーん
マリアさーん
オレは手を振り、ステーションでマリアさんを迎え入れた。
オレは手を振り、ステーションでマリアさんを迎え入れた。
マリア
マリア
こんにちは、島津様。わざわざお出迎え、ありがとうございます
こんにちは、島津様。わざわざお出迎え、ありがとうございます
いつものように黒服の人を連れ、マリアさんがやって来た。
いつものように黒服の人を連れ、マリアさんがやって来た。
秀隆
秀隆
今日も二人きり、ってわけには行かないですか
今日も二人きり、ってわけには行かないですか
マリア
マリア
申し訳御座いません。これも彼らのお仕事ですので
申し訳御座いません。これも彼らのお仕事ですので
マリア
マリア
お気に召しませんか？
お気に召しませんか？
秀隆
秀隆
多少残念ではありますが、仕方ありません。気にしませんよ
多少残念ではありますが、仕方ありません。気にしませんよ
マリア
マリア
ありがとうございます。それでは参りましょうか
ありがとうございます。それでは参りましょうか
秀隆
秀隆
了解です。どうぞこちらへ
了解です。どうぞこちらへ
オレはマリアさんのほぼ隣に並び、歩き始める。
オレはマリアさんのほぼ隣に並び、歩き始める。
そのオレたちの周りを挟むように黒服が並んだ。
そのオレたちの周りを挟むように黒服が並んだ。
秀隆
秀隆
うーむ……やっぱり違和感はあるな
うーむ……やっぱり違和感はあるな
秀隆
秀隆
マリアさんは、ホープタウンには何度か足を運ばれているんですか？
マリアさんは、ホープタウンには何度か足を運ばれているんですか？
マリア
マリア
そうですね。それほど多くはありませんが、ありますよ
そうですね。それほど多くはありませんが、ありますよ
秀隆
秀隆
これだけ美人だと、注目されることも多いんじゃないですか？
これだけ美人だと、注目されることも多いんじゃないですか？
秀隆
秀隆
ハーフの方と接することなんて、
ハーフの方と接することなんて、
ホープタウンじゃまずありませんから
ホープタウンじゃまずありませんから
マリア
マリア
それほど違いはありません。ご心配頂きありがとうございます
それほど違いはありません。ご心配頂きありがとうございます
微笑むマリアさん。
微笑むマリアさん。
ああ、今日も美しい。
ああ、今日も美しい。
青空の下に居るマリアさんというのも、実に絵になる。
青空の下に居るマリアさんというのも、実に絵になる。
秀隆
秀隆
お店は、平日の昼間から繁盛しています
お店は、平日の昼間から繁盛しています
秀隆
秀隆
あそこに女性客の列があると思いますが、あそこです
あそこに女性客の列があると思いますが、あそこです
マリア
マリア
女性に人気のお店なのですね
女性に人気のお店なのですね
秀隆
秀隆
はい。利用客の８割が女性のお客様になります
はい。利用客の８割が女性のお客様になります
マリア
マリア
そうですか
そうですか
昨日、マリアさんには一通りの資料を渡した。
昨日、マリアさんには一通りの資料を渡した。
そのことは当然、既に知っているはずだが、
そのことは当然、既に知っているはずだが、
恐らく確認の意味も込めて聞いてきているのだろう。
恐らく確認の意味も込めて聞いてきているのだろう。
お店の中は、先日と同様かなり賑わっている。
お店の中は、先日と同様かなり賑わっている。
マリア
マリア
凄いですね……
凄いですね……
感心したようにラモールを見渡すマリアさん。
感心したようにラモールを見渡すマリアさん。
しかし、そのマリアさんは、
しかし、そのマリアさんは、
やはりこういう場所では特に目立ってしまう。
やはりこういう場所では特に目立ってしまう。
実際入店するなり、多くの視線が集まった。
実際入店するなり、多くの視線が集まった。
ただ、それはマリアさんが美人だからだけじゃない。
ただ、それはマリアさんが美人だからだけじゃない。
明らかにこの場には浮いてしまう黒服たちの存在が原因だろう。
明らかにこの場には浮いてしまう黒服たちの存在が原因だろう。
いつもは冷静な黒服たちも、この場には多少驚いているようだ。
いつもは冷静な黒服たちも、この場には多少驚いているようだ。
マリア
マリア
どうやら、ここからは私だけの方がよさそうですね
どうやら、ここからは私だけの方がよさそうですね
黒服が店に迷惑をかけると思ったのか、そう言う。
黒服が店に迷惑をかけると思ったのか、そう言う。
マリア
マリア
お二人はお店の外で待機していただけますか？
お二人はお店の外で待機していただけますか？
黒服
黒服
しかし
しかし
マリア
マリア
私なら大丈夫です
私なら大丈夫です
黒服
黒服
……畏まりました
……畏まりました
黒服たちは承諾し、店を出て行く。
黒服たちは承諾し、店を出て行く。
秀隆
秀隆
すみません
すみません
マリア
マリア
当然のことです。お店にご迷惑はおかけできません
当然のことです。お店にご迷惑はおかけできません
マリア
マリア
ですが、お客さまが沢山お待ちのようですね
ですが、お客さまが沢山お待ちのようですね
オレたちの前には１０人以上の女性客が待っている。
オレたちの前には１０人以上の女性客が待っている。
秀隆
秀隆
心配はいりません。奥には、ちゃんと席を用意させていますので
心配はいりません。奥には、ちゃんと席を用意させていますので
秀隆
秀隆
こちらです
こちらです
マリア
マリア
はい
はい
マリアさんと一緒に、空けてもらっている席へ。
マリアさんと一緒に、空けてもらっている席へ。
しかし、その席には他の客が座っていた。
しかし、その席には他の客が座っていた。
秀隆
秀隆
あれ……？　確かここの席を取っておいてくれるって言ってたのにな
あれ……？　確かここの席を取っておいてくれるって言ってたのにな
秀隆
秀隆
確認します、少しお待ちください
確認します、少しお待ちください
マリア
マリア
はい
はい
オレはマリアさんを残し、慌てて厨房の社長を呼び出す。
オレはマリアさんを残し、慌てて厨房の社長を呼び出す。
澤木
澤木
この忙しい時に何なの？
この忙しい時に何なの？
秀隆
秀隆
あの、先日お客様をお連れする、と伝えた件なのですが……
あの、先日お客様をお連れする、と伝えた件なのですが……
秀隆
秀隆
その席が埋まってるみたいだったので
その席が埋まってるみたいだったので
澤木
澤木
あぁそのこと。混雑してるから通しちゃったわよ
あぁそのこと。混雑してるから通しちゃったわよ
秀隆
秀隆
え……
え……
秀隆
秀隆
あ、あの。つれてくる方は非常に大切なクライアントの一人だと、お教えしたかと思います。ドリームタウン進出に、欠かせない方なんです
あ、あの。つれてくる方は非常に大切なクライアントの一人だと、お教えしたかと思います。ドリームタウン進出に、欠かせない方なんです
澤木
澤木
知らないわよ。それを何とかするのがあなたの役目でしょ
知らないわよ。それを何とかするのがあなたの役目でしょ
秀隆
秀隆
でしたら、今からでも場所の提供を
でしたら、今からでも場所の提供を
澤木
澤木
客に帰れとでも言わせるつもり？　冗談でしょ。
客に帰れとでも言わせるつもり？　冗談でしょ。
食べようと思えば食べれるでしょ。そもそもドリームタウンに
食べようと思えば食べれるでしょ。そもそもドリームタウンに
出すのは持ち帰り用よ？
出すのは持ち帰り用よ？
澤木
澤木
歩きながら食べたって何の支障もないわ
歩きながら食べたって何の支障もないわ
秀隆
秀隆
……少し相談してきます
……少し相談してきます
澤木
澤木
ったく、この忙しい時に……
ったく、この忙しい時に……
ぶつぶつ文句を言いながら、澤木社長は厨房へと戻っていった。
ぶつぶつ文句を言いながら、澤木社長は厨房へと戻っていった。
秀隆
秀隆
参ったな……
参ったな……
だが、こうなってしまった以上、仕方が無い。
だが、こうなってしまった以上、仕方が無い。
オレはマリアさんの下へ戻る。
オレはマリアさんの下へ戻る。
秀隆
秀隆
すみませんマリアさん。
すみませんマリアさん。
実は手違いで席が確保できていませんでした
実は手違いで席が確保できていませんでした
マリア
マリア
まぁ……では、どうしましょうか？
まぁ……では、どうしましょうか？
秀隆
秀隆
大変失礼かとは思いますが、
大変失礼かとは思いますが、
持ち帰り用を用意させますので、外のカフェで如何でしょう？
持ち帰り用を用意させますので、外のカフェで如何でしょう？
マリア
マリア
そうですね……ですけど、折角なのでこちらのお店で頂きたいです
そうですね……ですけど、折角なのでこちらのお店で頂きたいです
マリア
マリア
島津様さえよろしければ、待たせていただいてもよろしいでしょうか？
島津様さえよろしければ、待たせていただいてもよろしいでしょうか？
秀隆
秀隆
自分は構いませんが……
自分は構いませんが……
列は今も増え続けていて、２０人近くまで膨れ上がっている。
列は今も増え続けていて、２０人近くまで膨れ上がっている。
最低でも１時間は待つハメになるだろう。
最低でも１時間は待つハメになるだろう。
マリア
マリア
今日は、この後予定もありません。お付き合い頂けませんか？
今日は、この後予定もありません。お付き合い頂けませんか？
秀隆
秀隆
分かりました。大丈夫です
分かりました。大丈夫です
マリア
マリア
ありがとうございます
ありがとうございます
オレはマリアさんの横に改めて並んだ。
オレはマリアさんの横に改めて並んだ。
協力を申し入れる相手に対し、オレの計画が甘かったと言わざるを得ない。
協力を申し入れる相手に対し、オレの計画が甘かったと言わざるを得ない。
澤木社長の性格をよく理解し行動する必要があった。
澤木社長の性格をよく理解し行動する必要があった。
マリア
マリア
気に病む必要はありません。
気に病む必要はありません。
今回のことで何か不都合が生じることはありませんよ
今回のことで何か不都合が生じることはありませんよ
秀隆
秀隆
すみません。顔に出てしまっていましたか？
すみません。顔に出てしまっていましたか？
マリア
マリア
いえ。島津様はいつも通りにしておられますが、
いえ。島津様はいつも通りにしておられますが、
どのような考えをお持ちなのかは理解の及ぶところです
どのような考えをお持ちなのかは理解の及ぶところです
マリア
マリア
どれだけ慎重、冷静にことを運んでも、不測の事態は起こりえます
どれだけ慎重、冷静にことを運んでも、不測の事態は起こりえます
マリア
マリア
今回のように些細なことから、取り返しのつかないことまで
今回のように些細なことから、取り返しのつかないことまで
秀隆
秀隆
……そうですね
……そうですね
マリア
マリア
良かったじゃありませんか。今回は取り返しのつくことです
良かったじゃありませんか。今回は取り返しのつくことです
マリア
マリア
ならば、許される失敗だと私は考えます
ならば、許される失敗だと私は考えます
秀隆
秀隆
そう言っていただけると、少しは楽になります
そう言っていただけると、少しは楽になります
マリアさんは微笑みを保ったまま、一度頷いた。
マリアさんは微笑みを保ったまま、一度頷いた。
秀隆
秀隆
さすがに、クイーンの秘書を務めているだけありますね
さすがに、クイーンの秘書を務めているだけありますね
秀隆
秀隆
マリアさんの一言一言には、重みを感じます
マリアさんの一言一言には、重みを感じます
マリア
マリア
そのようなことはありません。
そのようなことはありません。
私はただの秘書。それ以上でもそれ以下でもありません
私はただの秘書。それ以上でもそれ以下でもありません
秀隆
秀隆
ただの秘書だったら、
ただの秘書だったら、
クイーンはあなたにこの件を任せるでしょうか？
クイーンはあなたにこの件を任せるでしょうか？
マリア
マリア
お話自体は、それほど大きなものではありません。
お話自体は、それほど大きなものではありません。
わざわざ姉が動くほどのものじゃないと思ったのでしょう
わざわざ姉が動くほどのものじゃないと思ったのでしょう
秀隆
秀隆
クイーンは、大小で仕事を選ぶ方じゃありません
クイーンは、大小で仕事を選ぶ方じゃありません
マリア
マリア
…………
…………
マリア
マリア
島津様は姉のことを、深くはご存じないからでしょう
島津様は姉のことを、深くはご存じないからでしょう
秀隆
秀隆
確かに、彼女とお仕事をしたのは一度だけです。
確かに、彼女とお仕事をしたのは一度だけです。
ですが、その１度だけでも、クイーンのことはある程度理解したつもりです
ですが、その１度だけでも、クイーンのことはある程度理解したつもりです
秀隆
秀隆
それにこちらで保管している資料からも、
それにこちらで保管している資料からも、
クイーンの人となりはある程度推測することができます
クイーンの人となりはある程度推測することができます
マリア
マリア
なるほど。島津様はそれらから、姉のことを分析されたのですね
なるほど。島津様はそれらから、姉のことを分析されたのですね
秀隆
秀隆
全てはドリームタウンのため、そう言う信念のようなものを感じます
全てはドリームタウンのため、そう言う信念のようなものを感じます
秀隆
秀隆
マリアさんが、ドリームタウンのことをよく考えていらっしゃることもです
マリアさんが、ドリームタウンのことをよく考えていらっしゃることもです
秀隆
秀隆
本来であれば、オレが持ちかけたお話など、本当に取るに足らない話です
本来であれば、オレが持ちかけたお話など、本当に取るに足らない話です
秀隆
秀隆
にも関わらずマリアさんはこうして足を運んでくれた。
にも関わらずマリアさんはこうして足を運んでくれた。
そして、こうやってオレに付き合って、並んでくれています
そして、こうやってオレに付き合って、並んでくれています
マリア
マリア
島津様が、私たちをよく観察していることは分かりました
島津様が、私たちをよく観察していることは分かりました
秀隆
秀隆
それはマリアさんも同じです。
それはマリアさんも同じです。
オレのことをよく分かっていますね
オレのことをよく分かっていますね
マリア
マリア
曲がりなりにも、島津様の裸も拝見しておりますから
曲がりなりにも、島津様の裸も拝見しておりますから
秀隆
秀隆
う……
う……
マリア
マリア
ふふ
ふふ
ちょっと小悪魔っぽく笑った。
ちょっと小悪魔っぽく笑った。
そんな顔も可愛いけど、色々と思い出してしまう。
そんな顔も可愛いけど、色々と思い出してしまう。
秀隆
秀隆
お恥ずかしいものをお見せしました
お恥ずかしいものをお見せしました
深々と頭を下げた。
深々と頭を下げた。
並び始めて、３０分ほど経った。
並び始めて、３０分ほど経った。
女性客は滞在時間が長いのか、まだ５組ほどしか消化できていない。
女性客は滞在時間が長いのか、まだ５組ほどしか消化できていない。
オレたちの後ろに並んだ客の中には、
オレたちの後ろに並んだ客の中には、
諦めて帰ってしまう人たちも出始める。
諦めて帰ってしまう人たちも出始める。
秀隆
秀隆
お疲れではありませんか？
お疲れではありませんか？
マリア
マリア
大丈夫ですよ。こう見えても足腰は強いほうですし
大丈夫ですよ。こう見えても足腰は強いほうですし
マリア
マリア
それに、こうやって並ぶのも凄く新鮮ですね
それに、こうやって並ぶのも凄く新鮮ですね
マリア
マリア
何かのために列に並ぶ、と言う行為は初めてなんです
何かのために列に並ぶ、と言う行為は初めてなんです
秀隆
秀隆
そうでしたか
そうでしたか
マリアさんほどのお金持ち、お嬢様となると、
マリアさんほどのお金持ち、お嬢様となると、
やはりこういう俗世的な場所には姿を見せないんだろう。
やはりこういう俗世的な場所には姿を見せないんだろう。
マリア
マリア
島津様こそ大丈夫ですか？
島津様こそ大丈夫ですか？
秀隆
秀隆
特務官はこう見えても、意外と体力が居るんです。
特務官はこう見えても、意外と体力が居るんです。
必要とあれば、一日中立ちっぱなしなこともありますし
必要とあれば、一日中立ちっぱなしなこともありますし
マリア
マリア
聞き及んでいるよりも、ずっと大変なお仕事なんですね
聞き及んでいるよりも、ずっと大変なお仕事なんですね
秀隆
秀隆
そうですね……
そうですね……
秀隆
秀隆
子供が思い描くヒーローからは、程遠いと思いますが
子供が思い描くヒーローからは、程遠いと思いますが
マリア
マリア
大人になれば、きっと理解するでしょう。
大人になれば、きっと理解するでしょう。
特務官がどれだけ大変なお仕事で、誇らしい仕事であるか
特務官がどれだけ大変なお仕事で、誇らしい仕事であるか
秀隆
秀隆
マリアさん……
マリアさん……
秀隆
秀隆
マリアさんは美人なだけじゃなく、考え方も素晴らしいです
マリアさんは美人なだけじゃなく、考え方も素晴らしいです
マリア
マリア
褒めても何も出ませんよ？
褒めても何も出ませんよ？
秀隆
秀隆
本心を言っただけですから
本心を言っただけですから
マリア
マリア
ありがとうございます
ありがとうございます
テレるわけでもなく、マリアさんはいつもの微笑を見せた。
テレるわけでもなく、マリアさんはいつもの微笑を見せた。
言われ慣れてるというか、心に響いてもいないんだろうな。
言われ慣れてるというか、心に響いてもいないんだろうな。
この女性を射止められる男は……。
この女性を射止められる男は……。
多分高坂特務官みたいな人なんだろう。
多分高坂特務官みたいな人なんだろう。
１時間を少し過ぎる頃、ようやくオレたちは席へと案内された。
１時間を少し過ぎる頃、ようやくオレたちは席へと案内された。
それまでマリアさんは飽きることなく、
それまでマリアさんは飽きることなく、
ラモールを行き交うお客さんを観察し続けていた。
ラモールを行き交うお客さんを観察し続けていた。
秀隆
秀隆
長い間お待たせしてしまいました
長い間お待たせしてしまいました
マリア
マリア
お腹が空きましたね
お腹が空きましたね
秀隆
秀隆
何をお召し上がりになりますか？
何をお召し上がりになりますか？
マリア
マリア
ドリームタウンでの販売を目指しているものを
ドリームタウンでの販売を目指しているものを
秀隆
秀隆
そうですね。それが、一番良いかと思います
そうですね。それが、一番良いかと思います
もちろん、想定どおりというか、分かっていたことだ。
もちろん、想定どおりというか、分かっていたことだ。
ここに来て委託販売に関係のないパスタを食べても仕方が無い。
ここに来て委託販売に関係のないパスタを食べても仕方が無い。
オレは店員さんに、
オレは店員さんに、
澤木社長に頼みパンを持ってきてもらうよう頼んだ。
澤木社長に頼みパンを持ってきてもらうよう頼んだ。
程なくして、パンが運ばれてくる。
程なくして、パンが運ばれてくる。
マリア
マリア
こちらが？
こちらが？
秀隆
秀隆
はい。ホープタウンでも、今１、２を争う評判のパンです
はい。ホープタウンでも、今１、２を争う評判のパンです
マリア
マリア
とても美味しそうですね
とても美味しそうですね
秀隆
秀隆
手に持って、簡単に食べられるようになっておりますので
手に持って、簡単に食べられるようになっておりますので
マリア
マリア
こうですか？
こうですか？
すっと手に持つ。
すっと手に持つ。
秀隆
秀隆
どうぞ、召し上がってみてください
どうぞ、召し上がってみてください
マリア
マリア
いただきます
いただきます
小さな唇で、パンをかじるマリアさん。
小さな唇で、パンをかじるマリアさん。
ああ、オレもその歯でかじられたい。
ああ、オレもその歯でかじられたい。
マリア
マリア
…………
…………
ゆっくり、そして落ち着いて吟味する。
ゆっくり、そして落ち着いて吟味する。
マリア
マリア
なるほど。これは美味しいですね……
なるほど。これは美味しいですね……
感心したように、ため息を漏らすマリアさん。
感心したように、ため息を漏らすマリアさん。
秀隆
秀隆
本当ですか。良かったです
本当ですか。良かったです
マリア
マリア
澤木様が、味に自信があると仰るだけはあるかと
澤木様が、味に自信があると仰るだけはあるかと
秀隆
秀隆
そうですかっ。マリアさんにそう言っていただけたら、
そうですかっ。マリアさんにそう言っていただけたら、
きっと澤木社長もお喜びになるかと思います
きっと澤木社長もお喜びになるかと思います
マリア
マリア
これなら、十分ドリームタウンでも通用しそうですね
これなら、十分ドリームタウンでも通用しそうですね
秀隆
秀隆
そ、そうですか……良かったです
そ、そうですか……良かったです
オレはホッと一息をついた。
オレはホッと一息をついた。
マリア
マリア
若い女性に人気とは聞いていましたが、本当に凄い数ですね
若い女性に人気とは聞いていましたが、本当に凄い数ですね
秀隆
秀隆
ですね。男の客は結構浮いてしまいます
ですね。男の客は結構浮いてしまいます
オレ以外にも、カップルで来てる男性はちらほら見えるが、
オレ以外にも、カップルで来てる男性はちらほら見えるが、
やはりどこかアウェー感を感じているようだった。
やはりどこかアウェー感を感じているようだった。
マリア
マリア
すみません、ご馳走になってしまいました
すみません、ご馳走になってしまいました
秀隆
秀隆
とんでもない。わざわざご足労頂きありがとう御座いました
とんでもない。わざわざご足労頂きありがとう御座いました
マリア
マリア
いったん今日の報告を持ち帰って、
いったん今日の報告を持ち帰って、
マスタリーの方々に話してみたいと思います
マスタリーの方々に話してみたいと思います
黒服の手には、持ち帰り用の商品だろう、袋が握られていた。
黒服の手には、持ち帰り用の商品だろう、袋が握られていた。
マリア
マリア
その上で、改めてご連絡させていただきます
その上で、改めてご連絡させていただきます
秀隆
秀隆
分かりました。ご連絡お待ちしておりますので
分かりました。ご連絡お待ちしておりますので
マリア
マリア
では、失礼致します
では、失礼致します
オレはマリアさんと、黒服を見送った。
オレはマリアさんと、黒服を見送った。
手ごたえとしては十分で、あとはマリアさんの返答を待つだけだ。
手ごたえとしては十分で、あとはマリアさんの返答を待つだけだ。
唐沢
唐沢
お疲れ様、島津くん
お疲れ様、島津くん
秀隆
秀隆
あ、お疲れ様です唐沢さん。これからお出かけですか？
あ、お疲れ様です唐沢さん。これからお出かけですか？
唐沢
唐沢
ドリームタウンの方にね。一泊で仕事なんだ
ドリームタウンの方にね。一泊で仕事なんだ
秀隆
秀隆
そうでしたか。お気をつけて
そうでしたか。お気をつけて
唐沢
唐沢
ドリームタウンに行くのに気をつけるもなにもないが、
ドリームタウンに行くのに気をつけるもなにもないが、
ありがとう
ありがとう
唐沢
唐沢
それじゃあまた
それじゃあまた
秀隆
秀隆
はい。お疲れ様です
はい。お疲れ様です
唐沢さんは、オレと殆ど目を合わせることなく、ステーションへと向かった。
唐沢さんは、オレと殆ど目を合わせることなく、ステーションへと向かった。
態度こそ普通だったけど、やっぱり上手くはいかないか。
態度こそ普通だったけど、やっぱり上手くはいかないか。
心なしか、言葉にもトゲが残っている。
心なしか、言葉にもトゲが残っている。
秀隆
秀隆
……さて、戻って作業するか
……さて、戻って作業するか
このことを今考えても仕方の無いことだ。
このことを今考えても仕方の無いことだ。
磯部
磯部
……戻ってきたか
……戻ってきたか
官邸に足を踏み入れると、磯部が壁にもたれ待機していた。
官邸に足を踏み入れると、磯部が壁にもたれ待機していた。
秀隆
秀隆
休憩中か？
休憩中か？
磯部
磯部
ああ。おまえが戻ってくるのを待ってた
ああ。おまえが戻ってくるのを待ってた
秀隆
秀隆
まさか、何かフラグでも立てちゃったか？　オレ
まさか、何かフラグでも立てちゃったか？　オレ
磯部
磯部
何言ってんだ……
何言ってんだ……
磯部
磯部
……ちょっといいか
……ちょっといいか
秀隆
秀隆
あ、ああ。大丈夫だけど
あ、ああ。大丈夫だけど
磯部に連れられ、オレは使用されてない会議室へと通された。
磯部に連れられ、オレは使用されてない会議室へと通された。
磯部
磯部
…………
…………
秀隆
秀隆
なんだよ、ちょっと気持ち悪いぞ？
なんだよ、ちょっと気持ち悪いぞ？
磯部
磯部
いつも俺に気持ち悪い発言しといて、よく言うぜ
いつも俺に気持ち悪い発言しといて、よく言うぜ
磯部
磯部
その、なんだ……おまえに、島津に頼みがある
その、なんだ……おまえに、島津に頼みがある
秀隆
秀隆
……オレに頼み？　磯部が？
……オレに頼み？　磯部が？
磯部
磯部
俺だってお前なんかに頼みごとなんかしたくない
俺だってお前なんかに頼みごとなんかしたくない
秀隆
秀隆
よっぽど、ってことか
よっぽど、ってことか
磯部
磯部
実は……
実は……
まどか
まどか
あら？
あら？
会議室の扉が開き、まどかと女性特務官の二人が入ってきた。
会議室の扉が開き、まどかと女性特務官の二人が入ってきた。
まどか
まどか
ごめんなさい。使用してるとは思わなくて
ごめんなさい。使用してるとは思わなくて
秀隆
秀隆
いや、正式に使用許可を取ってるわけでもないからな
いや、正式に使用許可を取ってるわけでもないからな
磯部
磯部
悪いが少し待っ
悪いが少し待っ
磯部はそう言いかけたが、何を思ったか思いとどまった。
磯部はそう言いかけたが、何を思ったか思いとどまった。
磯部
磯部
使ってくれていいぜ……俺たちは別のところで話す
使ってくれていいぜ……俺たちは別のところで話す
まどか
まどか
そう？　でも少しくらいなら遅らせられるけど……
そう？　でも少しくらいなら遅らせられるけど……
磯部
磯部
いいんだ。大した話でもない
いいんだ。大した話でもない
磯部
磯部
行くぞ島津
行くぞ島津
秀隆
秀隆
ああ
ああ
秀隆
秀隆
それで、オレに頼みって？
それで、オレに頼みって？
磯部
磯部
……やっぱり無しだ
……やっぱり無しだ
秀隆
秀隆
え？
え？
磯部
磯部
おまえに頼るなんて、オレには出来そうにない
おまえに頼るなんて、オレには出来そうにない
秀隆
秀隆
なんだよ、途中まで言いかけたんだから頼ってくれてもいいだろ
なんだよ、途中まで言いかけたんだから頼ってくれてもいいだろ
磯部
磯部
やめたつってんだよ。もう聞くな
やめたつってんだよ。もう聞くな
秀隆
秀隆
な、なんなんだ……？
な、なんなんだ……？
秀隆
秀隆
でもさっきの態度……
でもさっきの態度……
オレに話そうとしていた時とは露骨に違う。
オレに話そうとしていた時とは露骨に違う。
まどかが会議室に入ってきたからか？
まどかが会議室に入ってきたからか？
でも、そう言う感じじゃなかったな……。
でも、そう言う感じじゃなかったな……。
まどかと話そうとしていたときは、特に驚いた様子もなかったし。
まどかと話そうとしていたときは、特に驚いた様子もなかったし。
秀隆
秀隆
…………
…………
…………。
…………。
夜、閉店時間が過ぎたラモール。
夜、閉店時間が過ぎたラモール。
マリア
マリア
失礼致します
失礼致します
澤木
澤木
私に話って何かしら？　手短にお願いできる？
私に話って何かしら？　手短にお願いできる？
マリア
マリア
はい。ですが、自己紹介だけさせていただきたく思います
はい。ですが、自己紹介だけさせていただきたく思います
マリア
マリア
私はドリームタウンの、立花マリアと申します
私はドリームタウンの、立花マリアと申します
澤木
澤木
ドリームタウン……。向こうの人間が何か用？
ドリームタウン……。向こうの人間が何か用？
マリア
マリア
私は今、マスタリーの代理人としてお仕事をさせていただいております
私は今、マスタリーの代理人としてお仕事をさせていただいております
澤木
澤木
マスタリーの……
マスタリーの……
マリア
マリア
島津様の方に、ドリームタウンでの展開についてご相談を頂いております
島津様の方に、ドリームタウンでの展開についてご相談を頂いております
澤木
澤木
ふうん……ソレで？
ふうん……ソレで？
私、こ難しい話はわからないわよ。あの子に聞いてよ
私、こ難しい話はわからないわよ。あの子に聞いてよ
マリア
マリア
契約の内容は、島津様に一任されているとか
契約の内容は、島津様に一任されているとか
澤木
澤木
儲けられるようにしてくれるなら、何だっていいわよ
儲けられるようにしてくれるなら、何だっていいわよ
澤木
澤木
もういい？　仕事で疲れてるのよね
もういい？　仕事で疲れてるのよね
マリア
マリア
それは大変申し訳御座いません。
それは大変申し訳御座いません。
ですが、何とか澤木様にはお時間を頂きたいと思っております
ですが、何とか澤木様にはお時間を頂きたいと思っております
マリア
マリア
こちらは仮の契約書になるのですが、ご覧下さい
こちらは仮の契約書になるのですが、ご覧下さい
澤木
澤木
だから、難しいことはわからないのよ
だから、難しいことはわからないのよ
マリア
マリア
ご心配には及びません。ご覧いただければ分かるかと思います
ご心配には及びません。ご覧いただければ分かるかと思います
澤木
澤木
……なによ
……なによ
マリア
マリア
今島津様と私の方で進めている契約内容になります
今島津様と私の方で進めている契約内容になります
マリア
マリア
澤木様は商品を買い取らせる、
澤木様は商品を買い取らせる、
と言う方式をご希望されているとか
と言う方式をご希望されているとか
澤木
澤木
そうよ。委託して売れなかったら大損じゃない
そうよ。委託して売れなかったら大損じゃない
マリア
マリア
その点は、島津様から聞き及んでおります
その点は、島津様から聞き及んでおります
澤木
澤木
私はその条件以外飲むつもりはないから
私はその条件以外飲むつもりはないから
マリア
マリア
今の条件よりも、良い条件をお出しする、としてもですか？
今の条件よりも、良い条件をお出しする、としてもですか？
澤木
澤木
……今よりも良い条件？
……今よりも良い条件？
マリア
マリア
これからお話しする内容は、
これからお話しする内容は、
島津様にはご内密にお願いいたします
島津様にはご内密にお願いいたします
澤木
澤木
内密って……なんか怖いわね。
内密って……なんか怖いわね。
私、あんたのこと何も知らないのよ
私、あんたのこと何も知らないのよ
澤木
澤木
良い条件があるなら、あの特務官に話して進めてもらいたいんだけど
良い条件があるなら、あの特務官に話して進めてもらいたいんだけど
マリア
マリア
澤木様は、島津様のことはよくご存知なのですか？
澤木様は、島津様のことはよくご存知なのですか？
澤木
澤木
え？　……別に、詳しくは無いけど。でも特務官でしょ
え？　……別に、詳しくは無いけど。でも特務官でしょ
マリア
マリア
確かに島津様はホープタウンの特務官です。
確かに島津様はホープタウンの特務官です。
しかし、彼はまだ入社して１年も経っていないのです
しかし、彼はまだ入社して１年も経っていないのです
マリア
マリア
それはご存知だったでしょうか？
それはご存知だったでしょうか？
澤木
澤木
は？　そ、そうなの？　ど新人じゃないの……
は？　そ、そうなの？　ど新人じゃないの……
マリア
マリア
まだ携わった企画も１０に満たないのが、彼の実績です
まだ携わった企画も１０に満たないのが、彼の実績です
澤木
澤木
……若いとは思ってたけど、そうだったのね……
……若いとは思ってたけど、そうだったのね……
マリア
マリア
信頼を置くにしても、やや心細いのではないかと思います
信頼を置くにしても、やや心細いのではないかと思います
マリア
マリア
確認していただければ分かるかと思いますが、
確認していただければ分かるかと思いますが、
島津様には問題行動も多く、クライアントに不審を抱かせる
島津様には問題行動も多く、クライアントに不審を抱かせる
ケースも少なくありません
ケースも少なくありません
澤木
澤木
……あんたは、違うってこと？
……あんたは、違うってこと？
マリア
マリア
少なくとも、島津様と比べても、劣ると言うことはありません
少なくとも、島津様と比べても、劣ると言うことはありません
澤木
澤木
あの特務官が信用できないから、
あの特務官が信用できないから、
私のところに直接話を持ってきたってこと？
私のところに直接話を持ってきたってこと？
マリア
マリア
そう言った不安があることも事実ですが、
そう言った不安があることも事実ですが、
今回私が直接お尋ねしたのは、別の理由になります
今回私が直接お尋ねしたのは、別の理由になります
マリア
マリア
本日私がお話しすることは、島津様を通した場合、
本日私がお話しすることは、島津様を通した場合、
澤木様の耳には入らないと思ったからなのです
澤木様の耳には入らないと思ったからなのです
澤木
澤木
ど、どうして？
ど、どうして？
マリア
マリア
それは、彼がホープタウンの特務官であるから、でしょうか
それは、彼がホープタウンの特務官であるから、でしょうか
澤木
澤木
意味がわからないわ
意味がわからないわ
マリア
マリア
ホープタウンの特務官は、ホープタウンのために働きます。
ホープタウンの特務官は、ホープタウンのために働きます。
そうですよね
そうですよね
澤木
澤木
当たり前、のことじゃないの？
当たり前、のことじゃないの？
マリア
マリア
そうです。ですが、それこそが、
そうです。ですが、それこそが、
澤木様の利益を損ねる存在になっているんです
澤木様の利益を損ねる存在になっているんです
澤木
澤木
利益を損ねる……？
利益を損ねる……？
マリア
マリア
それでは、具体的に説明させていただきます
それでは、具体的に説明させていただきます
マリア
マリア
島津様にプレゼンを受けた際、ご説明いただきました。
島津様にプレゼンを受けた際、ご説明いただきました。
澤木様は、一日１００個のパンの委託販売をご希望されているそうですね
澤木様は、一日１００個のパンの委託販売をご希望されているそうですね
澤木
澤木
手始めにね。もちろん売れるようになれば、もっと増やすつもりよ
手始めにね。もちろん売れるようになれば、もっと増やすつもりよ
マリア
マリア
マスタリーへの希望卸し価格が２５０円。
マスタリーへの希望卸し価格が２５０円。
マスタリーからお客様への販売価格が３５０円、と言うことでしたね
マスタリーからお客様への販売価格が３５０円、と言うことでしたね
澤木
澤木
そうよ。それに問題があるわけ？
そうよ。それに問題があるわけ？
マリア
マリア
いえ、この点においては問題ありません。
いえ、この点においては問題ありません。
しかし、もしドリームタウンでの販売が成功し、
しかし、もしドリームタウンでの販売が成功し、
実績を積んだときが問題になります
実績を積んだときが問題になります
マリア
マリア
恐らく澤木様は支店を出すため、
恐らく澤木様は支店を出すため、
ホープタウンの銀行から資金の借り入れを行われますよね
ホープタウンの銀行から資金の借り入れを行われますよね
澤木
澤木
そうね。実際今のお店だって、銀行から融資を受けたわけだから
そうね。実際今のお店だって、銀行から融資を受けたわけだから
マリア
マリア
そうなった場合、ドリームタウンで支店を出せたとしても、
そうなった場合、ドリームタウンで支店を出せたとしても、
澤木様が利益を手にされるのは何年も先のことになるでしょう
澤木様が利益を手にされるのは何年も先のことになるでしょう
澤木
澤木
仕方ないじゃない……
仕方ないじゃない……
マリア
マリア
ですが、根本の契約を変えてしまえば話は別です
ですが、根本の契約を変えてしまえば話は別です
澤木
澤木
根本の契約……？
根本の契約……？
マリア
マリア
先日こちらでお食事を頂き、正直感嘆致しました。
先日こちらでお食事を頂き、正直感嘆致しました。
ラモールというお店で出される料理は、ドリームタウンには
ラモールというお店で出される料理は、ドリームタウンには
今まで無かった味で、大変美味しくいただきました
今まで無かった味で、大変美味しくいただきました
澤木
澤木
ま、当然よ
ま、当然よ
マリア
マリア
このラモールの味を、少しでも早く、そして多くお客様にご提供したいと考えております
このラモールの味を、少しでも早く、そして多くお客様にご提供したいと考えております
マリア
マリア
そこで、ドリームタウンにラモールの支店をご用意させて頂きたいと思いまして
そこで、ドリームタウンにラモールの支店をご用意させて頂きたいと思いまして
澤木
澤木
……は？　うちにそんなお金はないわよ
……は？　うちにそんなお金はないわよ
マリア
マリア
もちろん、澤木様に一切のご負担は御座いません。
もちろん、澤木様に一切のご負担は御座いません。
店舗の土地、内装工事、それからスタッフ。全てこちらの資金でご用意いたします
店舗の土地、内装工事、それからスタッフ。全てこちらの資金でご用意いたします
マリア
マリア
無論澤木様の借り入れではなく、
無論澤木様の借り入れではなく、
全額こちらで負担させていただくつもりです
全額こちらで負担させていただくつもりです
澤木
澤木
ほ、本当に？
ほ、本当に？
マリア
マリア
はい。ただし、支店を出す際にはドリームタウンへの法人登記が必要になりますが、その時、資本金をマスタリー側から出させていただきたいのです
はい。ただし、支店を出す際にはドリームタウンへの法人登記が必要になりますが、その時、資本金をマスタリー側から出させていただきたいのです
澤木
澤木
ちょっと待ってよ。そんなことしたら、私が社長じゃなくなるんじゃないの？
ちょっと待ってよ。そんなことしたら、私が社長じゃなくなるんじゃないの？
マリア
マリア
ご心配には及びません。もちろん、澤木様には代表取締役として就任していただきます
ご心配には及びません。もちろん、澤木様には代表取締役として就任していただきます
マリア
マリア
このお話のメリットをご説明させていただいてもよろしいでしょうか
このお話のメリットをご説明させていただいてもよろしいでしょうか
澤木
澤木
え、えぇ……
え、えぇ……
マリア
マリア
まず、澤木様が一番重視されるリスクに関してです
まず、澤木様が一番重視されるリスクに関してです
マリア
マリア
これは完全にノーリスクと言うこと。資本金も、店舗にかかる費用も、全てこちらが負担させていただきますし、万が一経営悪化、赤字となった場合にも、負債が発生することはありません
これは完全にノーリスクと言うこと。資本金も、店舗にかかる費用も、全てこちらが負担させていただきますし、万が一経営悪化、赤字となった場合にも、負債が発生することはありません
マリア
マリア
更に１店舗ごとに見込まれる年間の利益の３０％を、
更に１店舗ごとに見込まれる年間の利益の３０％を、
代表取締役である澤木様に役員報酬として還元いたします
代表取締役である澤木様に役員報酬として還元いたします
澤木
澤木
……なんか、怪しいわね。あんたにはリスクしかないじゃない
……なんか、怪しいわね。あんたにはリスクしかないじゃない
マリア
マリア
そんなことはありません。
そんなことはありません。
もちろんこちらも相応の利益を頂きます
もちろんこちらも相応の利益を頂きます
マリア
マリア
それに……私はこのお店の料理を頂いて確信したのです。
それに……私はこのお店の料理を頂いて確信したのです。
間違いなくドリームタウンで、大きな成功を収めることができると
間違いなくドリームタウンで、大きな成功を収めることができると
マリア
マリア
ですから、１日も早い展開をしたほうが良いのではないか、と考えたのです
ですから、１日も早い展開をしたほうが良いのではないか、と考えたのです
マリア
マリア
委託販売をすることで中途半端に味が知れ渡ってしまうと、
委託販売をすることで中途半端に味が知れ渡ってしまうと、
そこに目を付けた他の飲食店が、似たような味を研究し、販売することもありえます
そこに目を付けた他の飲食店が、似たような味を研究し、販売することもありえます
澤木
澤木
でも……
でも……
マリア
マリア
このお話を島津様に持っていったとしても、
このお話を島津様に持っていったとしても、
ホープタウンの利益を損ねるような話、承諾するはずがありません
ホープタウンの利益を損ねるような話、承諾するはずがありません
マリア
マリア
本来であれば、澤木様はホープタウンの銀行から借り入れ、
本来であれば、澤木様はホープタウンの銀行から借り入れ、
長期にわたって銀行が搾取できる美味しい存在となるのですから
長期にわたって銀行が搾取できる美味しい存在となるのですから
澤木
澤木
っ……
っ……
マリア
マリア
であるなら、私の提案させていただくものが、
であるなら、私の提案させていただくものが、
もっとも澤木様にとって利益を出す方法ではないかと
もっとも澤木様にとって利益を出す方法ではないかと
澤木
澤木
そ、そうかも知れないけど、やっぱり不安よ……
そ、そうかも知れないけど、やっぱり不安よ……
澤木
澤木
誰かに相談させてもらえない？　その、今日の話
誰かに相談させてもらえない？　その、今日の話
マリア
マリア
迷うお気持ちはよくわかります。
迷うお気持ちはよくわかります。
もちろん、そうしていただいても構いません
もちろん、そうしていただいても構いません
マリア
マリア
ですが、猶予はあまり御座いません
ですが、猶予はあまり御座いません
澤木
澤木
ど、どういうこと？
ど、どういうこと？
マリア
マリア
実は、私は他の企業からも、店舗貸し出しの打診を受けております
実は、私は他の企業からも、店舗貸し出しの打診を受けております
マリア
マリア
もし澤木様が断られるようなら、私はそちらにお話を持っていきます
もし澤木様が断られるようなら、私はそちらにお話を持っていきます
マリア
マリア
私は澤木様のラモールに可能性を見たからこそ、一番最初に話を持ってきたんです
私は澤木様のラモールに可能性を見たからこそ、一番最初に話を持ってきたんです
澤木
澤木
…………
…………
マリア
マリア
私の話は以上です。お忙しい中ありがとうございました
私の話は以上です。お忙しい中ありがとうございました
澤木
澤木
ちょっと待ちなさいよ。帰るつもり？
ちょっと待ちなさいよ。帰るつもり？
マリア
マリア
時間は待ってはくれませんので。失礼致します
時間は待ってはくれませんので。失礼致します
澤木
澤木
……今言った契約の話、本当でしょうね？
……今言った契約の話、本当でしょうね？
マリア
マリア
もちろんです
もちろんです
澤木
澤木
私にリスクはないし、３０％の利益還元をする。そうね？
私にリスクはないし、３０％の利益還元をする。そうね？
マリア
マリア
その通りです
その通りです
澤木
澤木
……いいわ。契約する
……いいわ。契約する
マリア
マリア
よろしいのですか？
よろしいのですか？
澤木
澤木
時は金なり、でしょ。こんなチャンス逃したら、次はいつあるか
時は金なり、でしょ。こんなチャンス逃したら、次はいつあるか
マリア
マリア
では、こちらにサインをお願い致します
では、こちらにサインをお願い致します
澤木
澤木
さ、サイン？
さ、サイン？
マリア
マリア
澤木様がすぐご決断されても大丈夫なように、
澤木様がすぐご決断されても大丈夫なように、
予めお話した通りの契約書をお持ちしておりました
予めお話した通りの契約書をお持ちしておりました
澤木
澤木
まっ、待ってよ。私、こういうの全然ダメなのよ。
まっ、待ってよ。私、こういうの全然ダメなのよ。
契約書とか難しいことばっかり書いてあるし……
契約書とか難しいことばっかり書いてあるし……
澤木
澤木
知り合いに竹内って特務官がいるの。
知り合いに竹内って特務官がいるの。
彼に契約書の内容をチェックしてもらいたいんだけど
彼に契約書の内容をチェックしてもらいたいんだけど
マリア
マリア
それでも構いませんが、それはいつ頃になりますでしょう？
それでも構いませんが、それはいつ頃になりますでしょう？
明日以降ということであれば、先ほども申し上げた通り埋まってしまう可能性があります
明日以降ということであれば、先ほども申し上げた通り埋まってしまう可能性があります
マリア
マリア
その点をご理解頂けるなら、私は待たせていただきます
その点をご理解頂けるなら、私は待たせていただきます
澤木
澤木
う……
う……
マリア
マリア
確かに契約書の文字は堅苦しいものではありますが、
確かに契約書の文字は堅苦しいものではありますが、
ここには先ほど申し上げたとおりのことしか、書かれておりません
ここには先ほど申し上げたとおりのことしか、書かれておりません
マリア
マリア
代表取締役であり続ける限り、
代表取締役であり続ける限り、
澤木様には年間の純利益の３０％をお支払いする
澤木様には年間の純利益の３０％をお支払いする
マリア
マリア
店舗や内装にかかる費用は、全て私どもが負担する
店舗や内装にかかる費用は、全て私どもが負担する
マリア
マリア
経営が赤字の場合にも、澤木様は負債を背負う必要が無い
経営が赤字の場合にも、澤木様は負債を背負う必要が無い
マリア
マリア
それがこちらが澤木様にご提案する部分になります。
それがこちらが澤木様にご提案する部分になります。
大丈夫でしょうか？
大丈夫でしょうか？
澤木
澤木
え、ええ
え、ええ
マリア
マリア
そして私たちがお願いする内容が、次のものになります
そして私たちがお願いする内容が、次のものになります
マリア
マリア
ドリームタウンにオープンするラモールの支店は、
ドリームタウンにオープンするラモールの支店は、
全てこちらの資本金にて法人を設立させていただくこと
全てこちらの資本金にて法人を設立させていただくこと
マリア
マリア
それだけです
それだけです
澤木
澤木
本当に、そんなことだけでいいの？
本当に、そんなことだけでいいの？
マリア
マリア
これだけでも、十分に利益を出すことが可能です
これだけでも、十分に利益を出すことが可能です
澤木
澤木
…………
…………
マリア
マリア
考えられますか？　それも選択肢だと思います
考えられますか？　それも選択肢だと思います
澤木
澤木
いいわ……サインする
いいわ……サインする
マリア
マリア
よろしいのですね？
よろしいのですね？
澤木
澤木
今言った以外のことがないなら、いいわ
今言った以外のことがないなら、いいわ
マリア
マリア
不安は払拭しきれない、と言うことですね？
不安は払拭しきれない、と言うことですね？
澤木
澤木
甲だか乙だか書かれてても話が難しいし。
甲だか乙だか書かれてても話が難しいし。
これだけ良い条件だと警戒するのも仕方ないでしょ？
これだけ良い条件だと警戒するのも仕方ないでしょ？
マリア
マリア
もちろんです。では、更に一文付け加えさせていただきます
もちろんです。では、更に一文付け加えさせていただきます
マリア
マリア
私が先ほど申し上げた、事項以外のことが発覚した場合、
私が先ほど申し上げた、事項以外のことが発覚した場合、
直ちに契約を破棄できる、と言う一文も付け加えさせていただきます
直ちに契約を破棄できる、と言う一文も付け加えさせていただきます
マリア
マリア
これなら、聞いていなかった、と言う事態が発覚した際に、
これなら、聞いていなかった、と言う事態が発覚した際に、
無効と出来ますので問題も無くなるのではないでしょうか
無効と出来ますので問題も無くなるのではないでしょうか
澤木
澤木
……そうね……
……そうね……
マリア
マリア
それから、契約内容に違反した場合には、
それから、契約内容に違反した場合には、
罰則と罰金を設けさせていただきますが、それは問題ございませんか？
罰則と罰金を設けさせていただきますが、それは問題ございませんか？
澤木
澤木
私は、違反なんてしないわ
私は、違反なんてしないわ
マリア
マリア
では問題ない、と言うことでよろしいですね？
では問題ない、と言うことでよろしいですね？
澤木
澤木
え、えぇ。好きにして
え、えぇ。好きにして
マリア
マリア
では直ちに契約書にその一文を追加したものをご用意いたします
では直ちに契約書にその一文を追加したものをご用意いたします
マリア
マリア
お願いします
お願いします
マリアは黒服の一人に、契約書の作成を頼む。
マリアは黒服の一人に、契約書の作成を頼む。
澤木
澤木
ふう……難しい話は疲れるわね
ふう……難しい話は疲れるわね
マリア
マリア
そうですね。でも、これで基本的な契約のご説明は終了となります
そうですね。でも、これで基本的な契約のご説明は終了となります
マリア
マリア
後はお互いに署名を交わせば、契約は成立となります
後はお互いに署名を交わせば、契約は成立となります
マリア
マリア
澤木様は、今まで通り美味しい料理を作ってくだされば、
澤木様は、今まで通り美味しい料理を作ってくだされば、
必ずやドリームタウンで成功を収めることができると思います
必ずやドリームタウンで成功を収めることができると思います
澤木
澤木
もちろんそのつもりよ
もちろんそのつもりよ
マリア
マリア
未熟者ではありますが、精一杯協力させていただきます
未熟者ではありますが、精一杯協力させていただきます
…………。
…………。
……。
……。
