旅行最終日。
旅行最終日。
今日は旅行のメイン、遊園地へと行くことになっている。
今日は旅行のメイン、遊園地へと行くことになっている。
キズナやアクセラには良い思い出作りになってくれればいいな。
キズナやアクセラには良い思い出作りになってくれればいいな。
これから先、規制が緩和されれば自由に行き来出来るようになるだろうが、それにはまだまだ時間を要するだろう。
これから先、規制が緩和されれば自由に行き来出来るようになるだろうが、それにはまだまだ時間を要するだろう。
数ヶ月か、数年か。
数ヶ月か、数年か。
まだ不鮮明な部分も多いしな。
まだ不鮮明な部分も多いしな。
長い目で見れば、キズナやアクセラは次の機会がやって来るかも
長い目で見れば、キズナやアクセラは次の機会がやって来るかも
知れない。
知れない。
でも秋には、その次があるかどうか分からない。
でも秋には、その次があるかどうか分からない。
秀隆
秀隆
…………
…………
秀隆
秀隆
遊園地か
遊園地か
出来ることなら、学園の生徒たちにも遊ばせてやりたいよな。
出来ることなら、学園の生徒たちにも遊ばせてやりたいよな。
裕輔
裕輔
今日でもう最終日か。早いものだな
今日でもう最終日か。早いものだな
秀隆
秀隆
裕輔も愛佳も楽しめているか？
裕輔も愛佳も楽しめているか？
愛佳
愛佳
すっごく。先生、連れてきてくれてありがとう
すっごく。先生、連れてきてくれてありがとう
秀隆
秀隆
楽しんでくれてるなら、それでオレも嬉しい。それで十分だ
楽しんでくれてるなら、それでオレも嬉しい。それで十分だ
秀隆
秀隆
二人とも、めいいっぱい楽しんでいってくれ
二人とも、めいいっぱい楽しんでいってくれ
裕輔
裕輔
そうしよう
そうしよう
オレは、今日一日、誰と過ごしたいか。
オレは、今日一日、誰と過ごしたいか。
心の中では決まっている。
心の中では決まっている。
もちろん相手がそれを受け入れてくれるかどうかが問題なわけだが。
もちろん相手がそれを受け入れてくれるかどうかが問題なわけだが。
秀隆
秀隆
キズナ、良かったら今日一日一緒に回らないか？
キズナ、良かったら今日一日一緒に回らないか？
キズナ
キズナ
もちろんですっ。私もひーくんと遊びたいと思ってました
もちろんですっ。私もひーくんと遊びたいと思ってました
秀隆
秀隆
でもいいのか？　おまえは大勢と遊ぶのも好きだろ
でもいいのか？　おまえは大勢と遊ぶのも好きだろ
キズナ
キズナ
そうなんですが、遊園地はちょっと特別だと思います
そうなんですが、遊園地はちょっと特別だと思います
秀隆
秀隆
特別？
特別？
キズナ
キズナ
男女の登竜門と言いますか、デートするには最適な場所ですし
男女の登竜門と言いますか、デートするには最適な場所ですし
秀隆
秀隆
デートって……ま、いいけどさ
デートって……ま、いいけどさ
何も恋人や好き合ってる者同士だけがデートをするわけじゃない。
何も恋人や好き合ってる者同士だけがデートをするわけじゃない。
オレとキズナじゃ、そういう間違いにもならないだろうしな。
オレとキズナじゃ、そういう間違いにもならないだろうしな。
秀隆
秀隆
アクセラ。オレはキズナと二人で回ることにするわ
アクセラ。オレはキズナと二人で回ることにするわ
アクセラ
アクセラ
畏まりました
畏まりました
希望
希望
キズナちゃんと遊びに行くの？
キズナちゃんと遊びに行くの？
秀隆
秀隆
ああ。そのつもりだ
ああ。そのつもりだ
凛
凛
あんたもしかして……
あんたもしかして……
凛が怪しげな視線でオレを見てくる。
凛が怪しげな視線でオレを見てくる。
秀隆
秀隆
なんだよ……
なんだよ……
凛
凛
間違っても手なんか出すんじゃないわよ？
間違っても手なんか出すんじゃないわよ？
秀隆
秀隆
出さないっての。いくつ歳の差があると思ってるんだ
出さないっての。いくつ歳の差があると思ってるんだ
アクセラ
アクセラ
淫行らっしゃいませ
淫行らっしゃいませ
秀隆
秀隆
え？
え？
アクセラ
アクセラ
失礼しました。いってらっしゃいませ
失礼しました。いってらっしゃいませ
秀隆
秀隆
…………
…………
オレは皆から怪しげな視線を受けながら、キズナと行動することに。
オレは皆から怪しげな視線を受けながら、キズナと行動することに。
キズナ
キズナ
どうしたんですか？　ひーくん
どうしたんですか？　ひーくん
秀隆
秀隆
いや、ちょっとな。皆からの信頼がないなと思って……
いや、ちょっとな。皆からの信頼がないなと思って……
キズナ
キズナ
信頼ですか
信頼ですか
秀隆
秀隆
オレがキズナに手を出すと思ってんだよ、あいつら
オレがキズナに手を出すと思ってんだよ、あいつら
キズナ
キズナ
おおっ、ひーくんは将来性を見越した私狙いでしたかっ
おおっ、ひーくんは将来性を見越した私狙いでしたかっ
秀隆
秀隆
いやいや……だから狙ってはないんだけどな
いやいや……だから狙ってはないんだけどな
キズナ
キズナ
狙ってないと言われると、それはそれでショックですね
狙ってないと言われると、それはそれでショックですね
秀隆
秀隆
じゃあ狙ってる
じゃあ狙ってる
キズナ
キズナ
私の未熟な体を目当てにデートするんですねっ！
私の未熟な体を目当てにデートするんですねっ！
秀隆
秀隆
……どっちにせよ、オレに得はなさそうだな……
……どっちにせよ、オレに得はなさそうだな……
ああ言えばこう言うって奴だ。
ああ言えばこう言うって奴だ。
キズナ
キズナ
それじゃ、いきましょー
それじゃ、いきましょー
秀隆
秀隆
そうだな
そうだな
オレはキズナと一緒に、遊園地を歩く。
オレはキズナと一緒に、遊園地を歩く。
秀隆
秀隆
一応前知識で、ある程度どういうものがあるかは調べてきてるんだが……
一応前知識で、ある程度どういうものがあるかは調べてきてるんだが……
改めてパンフレットを見ながら再確認する。
改めてパンフレットを見ながら再確認する。
秀隆
秀隆
お、このコーヒーカップって言うのいいな
お、このコーヒーカップって言うのいいな
キズナ
キズナ
単純にコーヒーと言う部分に反応したと見ましたっ
単純にコーヒーと言う部分に反応したと見ましたっ
秀隆
秀隆
正解
正解
キズナ
キズナ
私はジェットコースターに乗りたいです
私はジェットコースターに乗りたいです
秀隆
秀隆
えーっと、ジェットコースターね？　どれだ～？
えーっと、ジェットコースターね？　どれだ～？
キズナ
キズナ
パンフレットより、実物見た方がいいと思います。あれです
パンフレットより、実物見た方がいいと思います。あれです
そう言い、キズナが指さした先。
そう言い、キズナが指さした先。
ゴォォォォォォ。
ゴォォォォォォ。
地鳴りのような音が聞こえてくる。
地鳴りのような音が聞こえてくる。
そして次の瞬間、猛スピードで乗り物がオレの頭上を通り過ぎていく。
そして次の瞬間、猛スピードで乗り物がオレの頭上を通り過ぎていく。
大勢の悲鳴と共に。
大勢の悲鳴と共に。
秀隆
秀隆
さ、コーヒーカップに行こうぜ
さ、コーヒーカップに行こうぜ
キズナ
キズナ
ジェットコースター行きましょうっ
ジェットコースター行きましょうっ
秀隆
秀隆
……無理ですよキズナさん。僕にはあれは無理です
……無理ですよキズナさん。僕にはあれは無理です
秀隆
秀隆
昨日のウォータースライダーでも寿命が縮んだんですよ？
昨日のウォータースライダーでも寿命が縮んだんですよ？
キズナ
キズナ
私がしっかり手を握っていてあげますから
私がしっかり手を握っていてあげますから
秀隆
秀隆
心強すぎて涙が出てきたよ
心強すぎて涙が出てきたよ
キズナ
キズナ
とりあえず、コーヒーカップに乗りましょう。
とりあえず、コーヒーカップに乗りましょう。
ジェットコースターはその後と言うことで
ジェットコースターはその後と言うことで
秀隆
秀隆
そ、そうだな
そ、そうだな
目的のコーヒーカップ。
目的のコーヒーカップ。
そこはまさに名前の通り大きなコーヒーカップがたくさん並んでいる。
そこはまさに名前の通り大きなコーヒーカップがたくさん並んでいる。
キズナ
キズナ
懐かしいですねーっ
懐かしいですねーっ
秀隆
秀隆
懐かしい……？
懐かしい……？
キズナ
キズナ
なんだか、昔こういうのを見たことがある気がするんです
なんだか、昔こういうのを見たことがある気がするんです
秀隆
秀隆
もしかして記憶が？
もしかして記憶が？
キズナ
キズナ
いえ、そう言うわけではないようです。
いえ、そう言うわけではないようです。
多分この遊園地が、私の知る遊園地とそれほど違わないからなんでしょう
多分この遊園地が、私の知る遊園地とそれほど違わないからなんでしょう
秀隆
秀隆
さすがドリームタウンだな……地上に対する情熱は本物か
さすがドリームタウンだな……地上に対する情熱は本物か
どこまでも、追い求めてるんだな。
どこまでも、追い求めてるんだな。
キズナ
キズナ
さ、やりましょう
さ、やりましょう
秀隆
秀隆
このカップに乗ればいいんだな
このカップに乗ればいいんだな
オレとキズナでカップの中へ。
オレとキズナでカップの中へ。
秀隆
秀隆
これで一体何が始まるんだ？
これで一体何が始まるんだ？
キズナ
キズナ
このカップが回るんです
このカップが回るんです
秀隆
秀隆
へえ、カップが……
へえ、カップが……
ぼけーっと待っていると、ゆっくりとカップが回り始めた。
ぼけーっと待っていると、ゆっくりとカップが回り始めた。
秀隆
秀隆
おーほんとだ。すごいすごい
おーほんとだ。すごいすごい
しかし、不思議な乗り物だな。
しかし、不思議な乗り物だな。
ぐるぐる回ってるだけで、何が楽しいんだろうか。
ぐるぐる回ってるだけで、何が楽しいんだろうか。
ぐるぐる。
ぐるぐる。
ぐるぐるぐる。
ぐるぐるぐる。
秀隆
秀隆
…………
…………
なんか知らないが、徐々に気分が悪くなってきたような。
なんか知らないが、徐々に気分が悪くなってきたような。
目の前のキズナは何が楽しいのか笑顔だ。
目の前のキズナは何が楽しいのか笑顔だ。
いや、いつも笑顔かこいつは……。
いや、いつも笑顔かこいつは……。
秀隆
秀隆
う……
う……
秀隆
秀隆
あ、だめだ、気分が悪い……
あ、だめだ、気分が悪い……
ぐるぐるぐるぐる。
ぐるぐるぐるぐる。
キズナ
キズナ
大丈夫ですか？　ひーくん
大丈夫ですか？　ひーくん
秀隆
秀隆
全然大丈夫じゃない……お、降りるわ
全然大丈夫じゃない……お、降りるわ
キズナ
キズナ
途中で降りることは出来ないですよ？
途中で降りることは出来ないですよ？
秀隆
秀隆
まじで？　あ、後どれくらいで終わるんだ……
まじで？　あ、後どれくらいで終わるんだ……
キズナ
キズナ
１、２分だとは思いますが
１、２分だとは思いますが
秀隆
秀隆
朝食べたトウモロコシ、吐くかも……
朝食べたトウモロコシ、吐くかも……
キズナ
キズナ
わああ、なんとか我慢してくださいっ！
わああ、なんとか我慢してくださいっ！
秀隆
秀隆
ひー……はー……ふーっ……死ぬ……っぷ……
ひー……はー……ふーっ……死ぬ……っぷ……
キズナ
キズナ
大丈夫ですか？　ひーくん
大丈夫ですか？　ひーくん
秀隆
秀隆
だいじょばない……
だいじょばない……
キズナ
キズナ
ひーくんは三半規管が弱いのかも知れませんね
ひーくんは三半規管が弱いのかも知れませんね
秀隆
秀隆
あーきつい……
あーきつい……
キズナ
キズナ
少し休みますか
少し休みますか
遊園地の乗り物１つ目にして、オレは限界寸前だった。
遊園地の乗り物１つ目にして、オレは限界寸前だった。
それから３０分ほど。
それから３０分ほど。
オレは体調が戻ったにも関わらず、ベンチでジッとしていた。
オレは体調が戻ったにも関わらず、ベンチでジッとしていた。
キズナ
キズナ
ひょっとして、もう遊園地飽きちゃいましたか？
ひょっとして、もう遊園地飽きちゃいましたか？
さすがに、こちらの異常を察知したのか、キズナが言う。
さすがに、こちらの異常を察知したのか、キズナが言う。
秀隆
秀隆
なんていうか……ちょっと腰が重いような
なんていうか……ちょっと腰が重いような
秀隆
秀隆
コーヒーカップとか言う宿敵を倒した後だし
コーヒーカップとか言う宿敵を倒した後だし
キズナ
キズナ
多分、遊園地では下から数えた方が早い雑魚だと思いますっ
多分、遊園地では下から数えた方が早い雑魚だと思いますっ
秀隆
秀隆
アレで雑魚だと？　……なんて恐ろしい場所なんだ、この遊園地とは
アレで雑魚だと？　……なんて恐ろしい場所なんだ、この遊園地とは
キズナ
キズナ
乗り物が駄目ってことなんでしょうか？
乗り物が駄目ってことなんでしょうか？
秀隆
秀隆
ホープタウンには、あんな豪快に動く乗り物はないからな
ホープタウンには、あんな豪快に動く乗り物はないからな
秀隆
秀隆
多分、愛佳、裕輔も苦労してるんじゃないかな……
多分、愛佳、裕輔も苦労してるんじゃないかな……
キズナ
キズナ
先ほどアクセラさんから画像が届きました
先ほどアクセラさんから画像が届きました
こちらに携帯の画面を見せる。
こちらに携帯の画面を見せる。
そこには楽しそうに乗り物に乗る愛佳たちの姿があった。
そこには楽しそうに乗り物に乗る愛佳たちの姿があった。
キズナ
キズナ
どうやら、弱いのはひーくんだけみたいですね
どうやら、弱いのはひーくんだけみたいですね
秀隆
秀隆
いいよ弱くて
いいよ弱くて
キズナ
キズナ
私、いろんな乗り物に乗ってみたいです
私、いろんな乗り物に乗ってみたいです
秀隆
秀隆
う……
う……
キラキラと瞳を輝かせ、キズナがオレを見上げた。
キラキラと瞳を輝かせ、キズナがオレを見上げた。
そりゃ、キズナを楽しませてやりたいって気持ちは強い。
そりゃ、キズナを楽しませてやりたいって気持ちは強い。
秀隆
秀隆
よし、じゃあオレは乗り物の傍で見守っててやるよ
よし、じゃあオレは乗り物の傍で見守っててやるよ
キズナ
キズナ
それだと一人で回るのとそれほど変わらないと思います
それだと一人で回るのとそれほど変わらないと思います
秀隆
秀隆
通話しながら乗るのはどうだ？
通話しながら乗るのはどうだ？
それならオレが身近にいるのと変わらない
それならオレが身近にいるのと変わらない
キズナ
キズナ
アトラクションに乗る際は携帯禁止ですよ？
アトラクションに乗る際は携帯禁止ですよ？
秀隆
秀隆
くっ、オレの知略がことごとく……
くっ、オレの知略がことごとく……
キズナ
キズナ
遊園地には乗り物以外もあるので、それでどうでしょうか？
遊園地には乗り物以外もあるので、それでどうでしょうか？
秀隆
秀隆
それ以外って？
それ以外って？
キズナ
キズナ
そうですね……これとかどうですか？
そうですね……これとかどうですか？
秀隆
秀隆
コレは何だ？
コレは何だ？
キズナ
キズナ
鏡の迷路みたいです
鏡の迷路みたいです
秀隆
秀隆
へえ、面白そうだな
へえ、面白そうだな
キズナ
キズナ
じゃあ行きましょう！
じゃあ行きましょう！
鏡の迷宮、と書かれた建物の傍までやって来た。
鏡の迷宮、と書かれた建物の傍までやって来た。
しかし……。
しかし……。
キズナ
キズナ
すごい数ですね……
すごい数ですね……
オレとキズナは、長蛇の列を見て唖然とした。
オレとキズナは、長蛇の列を見て唖然とした。
電光掲示板には、２時間待ちと書かれてある。
電光掲示板には、２時間待ちと書かれてある。
秀隆
秀隆
なんでこんなに待たなきゃいけないんだよ……
なんでこんなに待たなきゃいけないんだよ……
キズナ
キズナ
もしかしたら、ひーくんのような人が一杯なのかも知れませんね
もしかしたら、ひーくんのような人が一杯なのかも知れませんね
秀隆
秀隆
さすがに２時間は待てないだろうな
さすがに２時間は待てないだろうな
キズナ
キズナ
じゃあ別のにしますか
じゃあ別のにしますか
秀隆
秀隆
他にも何かあるのか？
他にも何かあるのか？
キズナ
キズナ
ゴーストタウンと呼ばれるホラー系の建物もありますよ
ゴーストタウンと呼ばれるホラー系の建物もありますよ
秀隆
秀隆
ホラー系か
ホラー系か
秀隆
秀隆
オレは嫌いじゃないぞ。行くか
オレは嫌いじゃないぞ。行くか
が……。
が……。
キズナ
キズナ
１時間３０分待ち、ですね
１時間３０分待ち、ですね
秀隆
秀隆
こっちも同じような理由ってことか
こっちも同じような理由ってことか
キズナ
キズナ
これ以外は、大体アトラクションになってしまいますね
これ以外は、大体アトラクションになってしまいますね
秀隆
秀隆
コーヒーカップより優しいアトラクションはないのか？
コーヒーカップより優しいアトラクションはないのか？
キズナ
キズナ
観覧車くらい、でしょうか
観覧車くらい、でしょうか
そういいキズナが指差したのは、一番高い建物。
そういいキズナが指差したのは、一番高い建物。
巨大な歯車のような機械がゆっくりと回っている。
巨大な歯車のような機械がゆっくりと回っている。
キズナ
キズナ
あれなら、静かだと思います
あれなら、静かだと思います
秀隆
秀隆
……静かかも知れないけど、高すぎだろ……
……静かかも知れないけど、高すぎだろ……
秀隆
秀隆
もっとこう、心臓に優しいのにしようぜ
もっとこう、心臓に優しいのにしようぜ
キズナ
キズナ
うーん、そうですね……
うーん、そうですね……
さすがにネタもないのか、
さすがにネタもないのか、
キズナは困った顔でパンフレットを何度も見ていた。
キズナは困った顔でパンフレットを何度も見ていた。
秀隆
秀隆
…………
…………
秀隆
秀隆
よし、アレだ。とりあえず、キズナの乗りたいもの乗るぞ
よし、アレだ。とりあえず、キズナの乗りたいもの乗るぞ
キズナ
キズナ
えっ？　でも、ひーくんには辛いと思います
えっ？　でも、ひーくんには辛いと思います
秀隆
秀隆
我慢する
我慢する
キズナ
キズナ
それは嬉しいですが、急にどうしたんですか？
それは嬉しいですが、急にどうしたんですか？
秀隆
秀隆
こうやってオレが渋ってる間にも、
こうやってオレが渋ってる間にも、
今日って言う掛け替えのない一日が過ぎてしまってるだろ？
今日って言う掛け替えのない一日が過ぎてしまってるだろ？
秀隆
秀隆
それは、あまりにオレが我がまますぎると思ったんだ
それは、あまりにオレが我がまますぎると思ったんだ
秀隆
秀隆
休憩したくなったら言うし、キズナに合わせるよ
休憩したくなったら言うし、キズナに合わせるよ
キズナ
キズナ
でも、きっと後悔すると思います
でも、きっと後悔すると思います
秀隆
秀隆
後悔もまた経験だ
後悔もまた経験だ
キズナ
キズナ
……優しいですね、ひーくん
……優しいですね、ひーくん
秀隆
秀隆
いつも通りだけどな
いつも通りだけどな
キズナ
キズナ
私の太ももとか触りますか？　サービスしますよっ
私の太ももとか触りますか？　サービスしますよっ
秀隆
秀隆
ほう……
ほう……
って、触るか！
って、触るか！
キズナ
キズナ
ムチムチが足りませんか
ムチムチが足りませんか
秀隆
秀隆
そう言う問題じゃなくてだな……ほら、いいから行くぞ
そう言う問題じゃなくてだな……ほら、いいから行くぞ
キズナ
キズナ
あ、はいっ
あ、はいっ
無論、オレはすぐ後悔することになった。
無論、オレはすぐ後悔することになった。
秀隆
秀隆
ぎえええええええええええええええええええええ！！
ぎえええええええええええええええええええええ！！
秀隆
秀隆
希望。よかったら一緒に回らないか？
希望。よかったら一緒に回らないか？
希望
希望
私？　うん、それは構わないけど、いいの？
私？　うん、それは構わないけど、いいの？
秀隆
秀隆
キズナたちはワイワイ回るようだけど、
キズナたちはワイワイ回るようだけど、
オレはちょっと騒がしいのは避けたい気分かなと思って
オレはちょっと騒がしいのは避けたい気分かなと思って
希望
希望
そっか。じゃあ、一緒に回ろうか
そっか。じゃあ、一緒に回ろうか
秀隆
秀隆
遊園地は普段……高坂特務官と来たりするのか？
遊園地は普段……高坂特務官と来たりするのか？
希望
希望
ううん。私は凛ちゃんと一度来たことがあるだけかな
ううん。私は凛ちゃんと一度来たことがあるだけかな
秀隆
秀隆
一度だけ？
一度だけ？
希望
希望
ほら、私は友達がいないからさ。他に行く人もいないし
ほら、私は友達がいないからさ。他に行く人もいないし
秀隆
秀隆
んなことは……高坂特務官がいるだろ
んなことは……高坂特務官がいるだろ
希望
希望
あはは、龍也さんとは遊園地なんて来られないよ。秀隆くんだってわかるでしょ？
あはは、龍也さんとは遊園地なんて来られないよ。秀隆くんだってわかるでしょ？
秀隆
秀隆
プールと一緒、か
プールと一緒、か
こんな大勢の人がごった返す場所に、
こんな大勢の人がごった返す場所に、
わざわざ高坂特務官がやってくるリスクは冒しにくい。
わざわざ高坂特務官がやってくるリスクは冒しにくい。
希望との仲を邪推する連中も、少なからず出てくることだろう。
希望との仲を邪推する連中も、少なからず出てくることだろう。
秀隆
秀隆
あれ、でもそう考えるとオレと二人きりってのも、
あれ、でもそう考えるとオレと二人きりってのも、
まずくないか……？
まずくないか……？
秀隆
秀隆
もしゴシップで書かれるようなことになったら……
もしゴシップで書かれるようなことになったら……
希望
希望
あはは。私に張り付いてそんなことをする人はいないよ。
あはは。私に張り付いてそんなことをする人はいないよ。
龍也さんが知らない女の人と一緒だったら、ニュースかも知れないけどね
龍也さんが知らない女の人と一緒だったら、ニュースかも知れないけどね
秀隆
秀隆
それならいいんだが……
それならいいんだが……
秀隆
秀隆
もし面倒なことになるようなら、
もし面倒なことになるようなら、
今からでも別行動したっていいんだぞ？
今からでも別行動したっていいんだぞ？
希望
希望
気にし過ぎだって。それより、そろそろ見て回ろうよ。
気にし過ぎだって。それより、そろそろ見て回ろうよ。
もう他の人たちは自由に行動しちゃったみたいだよ？
もう他の人たちは自由に行動しちゃったみたいだよ？
秀隆
秀隆
っと……
っと……
キズナたちは既に、グループとなって遊びに行ったようだ。
キズナたちは既に、グループとなって遊びに行ったようだ。
秀隆
秀隆
じゃあそうだな……
じゃあそうだな……
秀隆
秀隆
何か遊びたい乗り物はあるか？　ハードなの以外で
何か遊びたい乗り物はあるか？　ハードなの以外で
希望
希望
遊園地ってハードな乗り物が基本なんだけど？
遊園地ってハードな乗り物が基本なんだけど？
秀隆
秀隆
そう言う固定観念に縛られるのは好きじゃないんだ
そう言う固定観念に縛られるのは好きじゃないんだ
希望
希望
怖いんだね
怖いんだね
秀隆
秀隆
……別に。怖くなんてありませんがね
……別に。怖くなんてありませんがね
希望
希望
じゃあ遊園地で一番怖いとされてる絶叫マシーンにしようかな
じゃあ遊園地で一番怖いとされてる絶叫マシーンにしようかな
秀隆
秀隆
怖いので別のにしてください！
怖いので別のにしてください！
希望
希望
仕方ないなぁ、なんて。私もそんなに得意じゃないし
仕方ないなぁ、なんて。私もそんなに得意じゃないし
秀隆
秀隆
なんだそうなのか。希望も怖いんだな、そうか、怖いのか
なんだそうなのか。希望も怖いんだな、そうか、怖いのか
希望
希望
頑張って絶叫マシーンに乗ってみようかな
頑張って絶叫マシーンに乗ってみようかな
秀隆
秀隆
無理しない方がいいと思います！
無理しない方がいいと思います！
誰が誰と行動するか待っていたが、
誰が誰と行動するか待っていたが、
結局全員で行動することになったようだった。
結局全員で行動することになったようだった。
オレと裕輔は並んで、全員の後をついていく。
オレと裕輔は並んで、全員の後をついていく。
秀隆
秀隆
まぁ大勢で遊ぶのも賑やかでいいよな
まぁ大勢で遊ぶのも賑やかでいいよな
裕輔
裕輔
そうだな。もっとも、俺たちは不要かも知れないが
そうだな。もっとも、俺たちは不要かも知れないが
女の子たち＋ユウキは、終始笑いあいながら楽しそうに動いている。
女の子たち＋ユウキは、終始笑いあいながら楽しそうに動いている。
裕輔
裕輔
おまえの妹、体調のほうは大丈夫なのか？
おまえの妹、体調のほうは大丈夫なのか？
秀隆
秀隆
熱が出たり出なかったり、そういうのを繰り返してる
熱が出たり出なかったり、そういうのを繰り返してる
秀隆
秀隆
昨日体調が悪くても、今日は良かったり色々だ
昨日体調が悪くても、今日は良かったり色々だ
秀隆
秀隆
そう言うのを含めて、全部アクセラが面倒を見てくれてる
そう言うのを含めて、全部アクセラが面倒を見てくれてる
裕輔
裕輔
アンドロイドか。随分頼りにしているんだな
アンドロイドか。随分頼りにしているんだな
秀隆
秀隆
あいつがいなきゃ、とても普通の生活なんて送れない
あいつがいなきゃ、とても普通の生活なんて送れない
いつ何時、どこで体調を崩すかわからない。
いつ何時、どこで体調を崩すかわからない。
一日中家に居て、フォローしてくれる存在は非常に大きい。
一日中家に居て、フォローしてくれる存在は非常に大きい。
愛佳
愛佳
せんせー。こっちこっち！　観覧車があるよ！
せんせー。こっちこっち！　観覧車があるよ！
秀隆
秀隆
おー。今いく
おー。今いく
秀隆
秀隆
さ、折角なんだ。おまえもたっぷり楽しんでくれ
さ、折角なんだ。おまえもたっぷり楽しんでくれ
裕輔
裕輔
そうしよう
そうしよう
それから、オレは愛佳に連れられ、色々な乗り物に付き合わされた。
それから、オレは愛佳に連れられ、色々な乗り物に付き合わされた。
秀隆
秀隆
うぷ、気分悪い……
うぷ、気分悪い……
愛佳
愛佳
もうセンセ、だらしないなぁ
もうセンセ、だらしないなぁ
秀隆
秀隆
おまえは元気だな……平気なのか？
おまえは元気だな……平気なのか？
愛佳
愛佳
全然大丈夫。っていうか遊び足りないし
全然大丈夫。っていうか遊び足りないし
秀隆
秀隆
オレは休憩してるから、遊んで来い
オレは休憩してるから、遊んで来い
愛佳
愛佳
あたし先生と遊びたいのにぃ
あたし先生と遊びたいのにぃ
秀隆
秀隆
……うぷ
……うぷ
愛佳
愛佳
ったく、仕方ないなぁ。じゃあ、ちょっと遊んでくるね？
ったく、仕方ないなぁ。じゃあ、ちょっと遊んでくるね？
秀隆
秀隆
おう
おう
オレは愛佳を見送り、ベンチでぐったりと過ごす。
オレは愛佳を見送り、ベンチでぐったりと過ごす。
秋
秋
情けないですね兄さん
情けないですね兄さん
秀隆
秀隆
……秋か。おまえ、一人で何やってんだよ
……秋か。おまえ、一人で何やってんだよ
秋
秋
皆でジェットコースターと呼ばれるものに乗るそうです
皆でジェットコースターと呼ばれるものに乗るそうです
秀隆
秀隆
ジェット？　なんだそれ
ジェット？　なんだそれ
秋
秋
あれです
あれです
そういい秋が指さしたのは、
そういい秋が指さしたのは、
オレの頭上を高速で回転しながら移動する乗り物だった。
オレの頭上を高速で回転しながら移動する乗り物だった。
秀隆
秀隆
な、なんだあの恐ろしい乗り物は……
な、なんだあの恐ろしい乗り物は……
搭乗している人間はむき出しでこっちにまで悲鳴が聞こえてくる。
搭乗している人間はむき出しでこっちにまで悲鳴が聞こえてくる。
秀隆
秀隆
あれを好き好んで乗るやつの気がしれんぞ……
あれを好き好んで乗るやつの気がしれんぞ……
秋
秋
私はさすがに乗れそうにないので、
私はさすがに乗れそうにないので、
ユウキさんたちに行ってもらいました
ユウキさんたちに行ってもらいました
秀隆
秀隆
そういうことか
そういうことか
秋は、少し息を乱していた。
秋は、少し息を乱していた。
とは言っても、普通の人ならまず気づかないレベルだ。
とは言っても、普通の人ならまず気づかないレベルだ。
秀隆
秀隆
はしゃぎすぎたんじゃないか？
はしゃぎすぎたんじゃないか？
秋
秋
……そうかもしれません
……そうかもしれません
秀隆
秀隆
座ったらどうだ？
座ったらどうだ？
秋
秋
いいです。兄さんと同じベンチに座るなんて
いいです。兄さんと同じベンチに座るなんて
秀隆
秀隆
露骨に嫌そうな顔しやがって。やせ我慢してんじゃねえよ
露骨に嫌そうな顔しやがって。やせ我慢してんじゃねえよ
秋
秋
……いいです
……いいです
秀隆
秀隆
希望や凛、裕輔たちにも不審がられてるぞ
希望や凛、裕輔たちにも不審がられてるぞ
秋
秋
え？
え？
秀隆
秀隆
オレたちの仲が悪いんじゃないかってな
オレたちの仲が悪いんじゃないかってな
秋
秋
それは……
それは……
秀隆
秀隆
例え本当のことでも、できるだけ事実を伏せる。
例え本当のことでも、できるだけ事実を伏せる。
一応オレたちは今までそうやって世間体を守ってきたよな
一応オレたちは今までそうやって世間体を守ってきたよな
秀隆
秀隆
裕輔たちにまで知られたら、これから何度も言われることになる
裕輔たちにまで知られたら、これから何度も言われることになる
秋
秋
それは嫌です……
それは嫌です……
秀隆
秀隆
だろ？
だろ？
秋
秋
…………
…………
秋は、迷った挙句ゆっくりと腰を下ろした。
秋は、迷った挙句ゆっくりと腰を下ろした。
秀隆
秀隆
おまえ仲良くない人間には取り繕うのが上手いけど、
おまえ仲良くない人間には取り繕うのが上手いけど、
親しくなった相手には自分をさらけだしすぎだ
親しくなった相手には自分をさらけだしすぎだ
秋
秋
頑張ろうとはしています。でも、兄さんみたいに体裁を取り繕うのは得意じゃありません
頑張ろうとはしています。でも、兄さんみたいに体裁を取り繕うのは得意じゃありません
秀隆
秀隆
得意じゃなくてもやるんだよ。そうじゃなきゃ後で後悔する
得意じゃなくてもやるんだよ。そうじゃなきゃ後で後悔する
秋
秋
説教はやめてください
説教はやめてください
秀隆
秀隆
説教じゃない。忠告だ
説教じゃない。忠告だ
秋
秋
わかりました。忠告は受け取ります
わかりました。忠告は受け取ります
かく言うオレも、最近は気が緩んでしまっている。
かく言うオレも、最近は気が緩んでしまっている。
親しくなりすぎたせいだろうか。
親しくなりすぎたせいだろうか。
あいつらの前じゃ、どうしても秋を嫌っているところを見せてしまう。
あいつらの前じゃ、どうしても秋を嫌っているところを見せてしまう。
ほんと、気をつけないとな……。
ほんと、気をつけないとな……。
秀隆
秀隆
うー……気分悪い
うー……気分悪い
どうもオレは、激しく動くものはアウトらしい。
どうもオレは、激しく動くものはアウトらしい。
こんなことドリームタウンに来なかったら一生知らなかっただろうな。
こんなことドリームタウンに来なかったら一生知らなかっただろうな。
秋
秋
……昨日は、ご迷惑おかけしました
……昨日は、ご迷惑おかけしました
秋が頭を下げる。
秋が頭を下げる。
秀隆
秀隆
ほんとにな。オレに従いたくない気持ちはわかるが……
ほんとにな。オレに従いたくない気持ちはわかるが……
秀隆
秀隆
まぁわかったんならそれでいい。この話を続けるつもりはない
まぁわかったんならそれでいい。この話を続けるつもりはない
秋
秋
はい……
はい……
オレも秋も、どうせ相容れない。
オレも秋も、どうせ相容れない。
それなら、可能な限り揉めないようにすることが、関係を続けられる唯一の方法。
それなら、可能な限り揉めないようにすることが、関係を続けられる唯一の方法。
こんな小さいことで言い合っていたら体がもたない。
こんな小さいことで言い合っていたら体がもたない。
秀隆
秀隆
楽しめてるか？　ドリームタウンは
楽しめてるか？　ドリームタウンは
秋
秋
すごく楽しいです。でも、ドリームタウンであることは関係ないのかも……
すごく楽しいです。でも、ドリームタウンであることは関係ないのかも……
だろうな……。
だろうな……。
秋
秋
みんながいるから楽しいんだと思います
みんながいるから楽しいんだと思います
秀隆
秀隆
そうだな。こんな凄い施設も、一人で回ったら面白くないだろうしな
そうだな。こんな凄い施設も、一人で回ったら面白くないだろうしな
あれに乗りたい、これに乗りたい。
あれに乗りたい、これに乗りたい。
そういう会話が、結局楽しさにつながっている。
そういう会話が、結局楽しさにつながっている。
秋
秋
でも……
でも……
秋
秋
私は皆の足を引っ張っています。正直心苦しいです
私は皆の足を引っ張っています。正直心苦しいです
秀隆
秀隆
足を引っ張ってるって、体調のことか？
足を引っ張ってるって、体調のことか？
秋
秋
プールでは泳ぐことも出来ませんし、
プールでは泳ぐことも出来ませんし、
昨日のカジノでは体調を崩してしまいました
昨日のカジノでは体調を崩してしまいました
秋
秋
今日も今日で、体力がなくなってついていけない始末です
今日も今日で、体力がなくなってついていけない始末です
秀隆
秀隆
おまえが心苦しく感じるのは勝手だが、
おまえが心苦しく感じるのは勝手だが、
それを感じることで他のみんなにも同じ気持ちを与えることを
それを感じることで他のみんなにも同じ気持ちを与えることを
忘れるなよ？
忘れるなよ？
秀隆
秀隆
お前が心の底から楽しめば、皆も同じように楽しめるんだ
お前が心の底から楽しめば、皆も同じように楽しめるんだ
秋
秋
……兄さんらしくありませんね。
……兄さんらしくありませんね。
私に助言みたいなこと言うなんて
私に助言みたいなこと言うなんて
秀隆
秀隆
この旅行はオレ個人の問題じゃないからな。そうだろ？
この旅行はオレ個人の問題じゃないからな。そうだろ？
秋
秋
そうですね……
そうですね……
秀隆
秀隆
おまえって、面倒臭い性格してるよな。
おまえって、面倒臭い性格してるよな。
周りが楽しめば楽しむほど、自分自身は楽しんでない
周りが楽しめば楽しむほど、自分自身は楽しんでない
秋
秋
……性格のことで兄さんにとやかく言われたくありません
……性格のことで兄さんにとやかく言われたくありません
秀隆
秀隆
オレは近年まれにみる好青年だけどな
オレは近年まれにみる好青年だけどな
秋
秋
まったくそうは思わないので
まったくそうは思わないので
秀隆
秀隆
あ、そう……
あ、そう……
秋
秋
じゃあ、私はそろそろみんなのところに行きます。体力も回復しましたし
じゃあ、私はそろそろみんなのところに行きます。体力も回復しましたし
みえみえの嘘だったが、オレは頷いた。
みえみえの嘘だったが、オレは頷いた。
秀隆
秀隆
皆によろしくな
皆によろしくな
秋
秋
兄さんは、間違っても愛佳に手を出さないでくださいね。
兄さんは、間違っても愛佳に手を出さないでくださいね。
私の親友ですから
私の親友ですから
秀隆
秀隆
出さねえよ
出さねえよ
秋
秋
そうだといいんですが。モテないことを理由に、暴走しそうで
そうだといいんですが。モテないことを理由に、暴走しそうで
秀隆
秀隆
あーうるせうるせ。さっさといけ
あーうるせうるせ。さっさといけ
秋
秋
それじゃ……
それじゃ……
秋はキズナたちのいるであろうジェットコースターの出入り口へと向かった。
秋はキズナたちのいるであろうジェットコースターの出入り口へと向かった。
秀隆
秀隆
疲れた……
疲れた……
秋と話すのは本当に体力を消耗する。
秋と話すのは本当に体力を消耗する。
凛と一緒に遊園地を回れたら。
凛と一緒に遊園地を回れたら。
それはきっと楽しい一日になるだろう。
それはきっと楽しい一日になるだろう。
でも、それを凛が受けてくれるかどうか。
でも、それを凛が受けてくれるかどうか。
秀隆
秀隆
つか、なんで凛だと楽しい一日になるって思ったんだ？
つか、なんで凛だと楽しい一日になるって思ったんだ？
自分に聞いてみる。
自分に聞いてみる。
すぐに答えは出てこなかった。
すぐに答えは出てこなかった。
秀隆
秀隆
…………
…………
いや、本当は、半分答えは出ている。
いや、本当は、半分答えは出ている。
オレは、凛のことが気になり始めている。
オレは、凛のことが気になり始めている。
秀隆
秀隆
凛は……
凛は……
せめて声だけでもかけてみようと、オレは凛の姿を探した。
せめて声だけでもかけてみようと、オレは凛の姿を探した。
もしかしたら、既にキズナたちと遊びに行ってしまったかもしれない。
もしかしたら、既にキズナたちと遊びに行ってしまったかもしれない。
ところが、予想に反して凛はじっと携帯を見つめて立ち尽くしていた。
ところが、予想に反して凛はじっと携帯を見つめて立ち尽くしていた。
凛
凛
…………
…………
どこか神妙な面持ち。
どこか神妙な面持ち。
秀隆
秀隆
凛？
凛？
凛
凛
え？　あ、秀隆。どうしたの？
え？　あ、秀隆。どうしたの？
話しかけられ、凛は反射的に携帯を隠した。
話しかけられ、凛は反射的に携帯を隠した。
秀隆
秀隆
いや、今日の予定は埋まったのかなと思ってさ
いや、今日の予定は埋まったのかなと思ってさ
凛
凛
ううん。これからキズナたちと回ろうかなとは思ってたけど、
ううん。これからキズナたちと回ろうかなとは思ってたけど、
どうかした？
どうかした？
秀隆
秀隆
良かったら、一緒に回らないか？
良かったら、一緒に回らないか？
凛
凛
回らないかって……二人でってこと？
回らないかって……二人でってこと？
秀隆
秀隆
ま、まぁ、別に他の奴を連れてってもいいんだけど
ま、まぁ、別に他の奴を連れてってもいいんだけど
凛
凛
ってことは二人で回りたいと思って声をかけた？
ってことは二人で回りたいと思って声をかけた？
秀隆
秀隆
そうとも言う
そうとも言う
凛
凛
ふぅん。それって、何か別の狙いがあったり？
ふぅん。それって、何か別の狙いがあったり？
秀隆
秀隆
なんだよ、別の狙いって
なんだよ、別の狙いって
凛
凛
べっつにぃ
べっつにぃ
あーもう、こいつは普段モテるからか、
あーもう、こいつは普段モテるからか、
明らかにオレの意識に気づいている。
明らかにオレの意識に気づいている。
凛
凛
いいわよ。あんたがどうしてもっていうなら、デートしてあげてもさ
いいわよ。あんたがどうしてもっていうなら、デートしてあげてもさ
秀隆
秀隆
で、デートじゃねえよ。舐めんな？
で、デートじゃねえよ。舐めんな？
凛
凛
はいサヨナラ
はいサヨナラ
くるっと背中を向ける凛。
くるっと背中を向ける凛。
秀隆
秀隆
デートしてください！
デートしてください！
凛
凛
最初から素直にそう言えばいいのよ
最初から素直にそう言えばいいのよ
秀隆
秀隆
くそう、クールなオレのイメージが
くそう、クールなオレのイメージが
凛
凛
どこにクールがいるのよ、どこに
どこにクールがいるのよ、どこに
秀隆
秀隆
凛って、遊園地とか結構来るんじゃないのか？
凛って、遊園地とか結構来るんじゃないのか？
凛
凛
なんで？　地元だから？
なんで？　地元だから？
秀隆
秀隆
いや、なんつーか遊びに来そうなイメージあるし
いや、なんつーか遊びに来そうなイメージあるし
凛
凛
来たことはあるけど、２回だけかな、覚えがあるのって
来たことはあるけど、２回だけかな、覚えがあるのって
思ったよりも遥かに少なかった。
思ったよりも遥かに少なかった。
凛
凛
遊園地ってすごい人じゃない？
遊園地ってすごい人じゃない？
いくら人ごみが凄いって言っても、発見される可能性ってあるのよ
いくら人ごみが凄いって言っても、発見される可能性ってあるのよ
凛
凛
学園には希望を除いて特別仲の良い子がいるわけでもないし、
学園には希望を除いて特別仲の良い子がいるわけでもないし、
彼氏と来るにはちょっとリスクが高すぎるしで、避けて来たのよね
彼氏と来るにはちょっとリスクが高すぎるしで、避けて来たのよね
秀隆
秀隆
そうか……じゃあオレと回るのもまずいんじゃないか？
そうか……じゃあオレと回るのもまずいんじゃないか？
凛
凛
なんで？
なんで？
秀隆
秀隆
なんでって、彼氏に間違われたら大変だろ
なんでって、彼氏に間違われたら大変だろ
秀隆
秀隆
あ……それとも、オレなら彼氏と間違われてもいい、とか？
あ……それとも、オレなら彼氏と間違われてもいい、とか？
凛
凛
……ぷっ
……ぷっ
秀隆
秀隆
何笑ってんだよ
何笑ってんだよ
凛
凛
よくまぁ自分で言えたなと思って。
よくまぁ自分で言えたなと思って。
デートしてもらえるからって調子に乗んなっ
デートしてもらえるからって調子に乗んなっ
笑いながらお尻を蹴られた。
笑いながらお尻を蹴られた。
凛
凛
あんたと一緒に居たって彼氏には見られないから心配してないのよ
あんたと一緒に居たって彼氏には見られないから心配してないのよ
秀隆
秀隆
そういうことか……
そういうことか……
凛
凛
だって、アイドルのあたしとは釣り合ってないじゃない？
だって、アイドルのあたしとは釣り合ってないじゃない？
秀隆
秀隆
左様で……オレだって、おまえみたいな偽清純派アイドルは
左様で……オレだって、おまえみたいな偽清純派アイドルは
ごめんだね
ごめんだね
凛
凛
なら、頑張っているはずもない清純な女の子探しなさい
なら、頑張っているはずもない清純な女の子探しなさい
秀隆
秀隆
そうするさ
そうするさ
凛
凛
とりあえず、こんな話してても時間の無駄だし、行く？
とりあえず、こんな話してても時間の無駄だし、行く？
秀隆
秀隆
だな
だな
凛
凛
遊園地と言えば、やっぱり
遊園地と言えば、やっぱり
観覧車
観覧車
秀隆
秀隆
観覧車だよなっ！
観覧車だよなっ！
凛
凛
なんでよ……普通ジェットコースターとかでしょ
なんでよ……普通ジェットコースターとかでしょ
秀隆
秀隆
そんな物騒な乗りものは、既にオレの中で除外してある
そんな物騒な乗りものは、既にオレの中で除外してある
凛
凛
物騒って……ただの遊具じゃない
物騒って……ただの遊具じゃない
秀隆
秀隆
ふざけんな！　あれのどこが遊具だ！
ふざけんな！　あれのどこが遊具だ！
オレたちの頭上をさっきから駆け抜け、大くの悲鳴を独占している乗り物。
オレたちの頭上をさっきから駆け抜け、大くの悲鳴を独占している乗り物。
秀隆
秀隆
万が一脱線事故でも起きたら、間違いなくミンチだぞ……
万が一脱線事故でも起きたら、間違いなくミンチだぞ……
凛
凛
どんな想像してんのよ……
どんな想像してんのよ……
今まで事故なんて起きたことないから大丈夫よ
今まで事故なんて起きたことないから大丈夫よ
秀隆
秀隆
オレが乗ったとき、
オレが乗ったとき、
たまたま老朽化の影響で部品が外れて……ひい！
たまたま老朽化の影響で部品が外れて……ひい！
凛
凛
臆病過ぎ……
臆病過ぎ……
秀隆
秀隆
とにかく落ち着きのある乗り物にしよう
とにかく落ち着きのある乗り物にしよう
凛
凛
観覧車ってのは、普通最後に乗るものなのよ？
観覧車ってのは、普通最後に乗るものなのよ？
秀隆
秀隆
そうなのか？
そうなのか？
凛
凛
ジェットコースターやフリーフォールを楽しんだ後、
ジェットコースターやフリーフォールを楽しんだ後、
まだ帰りたくないねー、なんて言いながらゆっくりと一周回る。それがデフォね
まだ帰りたくないねー、なんて言いながらゆっくりと一周回る。それがデフォね
秀隆
秀隆
へー……
へー……
凛
凛
遊園地に来て絶叫系に乗らないって、
遊園地に来て絶叫系に乗らないって、
それもうステーキハウスに行ってステーキ食べないようなもんよ
それもうステーキハウスに行ってステーキ食べないようなもんよ
秀隆
秀隆
は、はぁ……
は、はぁ……
凛
凛
なによ
なによ
秀隆
秀隆
いや、すてーきはうすってなんだよ、と思って
いや、すてーきはうすってなんだよ、と思って
凛
凛
……なんでもない。庶民のあんたには無関係な場所だわ
……なんでもない。庶民のあんたには無関係な場所だわ
すげー気になる……後で調べておこう。
すげー気になる……後で調べておこう。
凛
凛
ともかくありえないってこと
ともかくありえないってこと
秀隆
秀隆
じゃあ凛だけ乗って来いよ。オレここで見てるから
じゃあ凛だけ乗って来いよ。オレここで見てるから
凛
凛
誰が、悲しくて一人で乗らなきゃいけないのよ
誰が、悲しくて一人で乗らなきゃいけないのよ
秀隆
秀隆
わかった。間を取ってあれにしよう
わかった。間を取ってあれにしよう
凛
凛
メリーゴーランド？　……全然間じゃないし
メリーゴーランド？　……全然間じゃないし
秀隆
秀隆
あの乗り物を見てみろ。
あの乗り物を見てみろ。
何かに跨った少女が苦しそうに手を振ってるだろ
何かに跨った少女が苦しそうに手を振ってるだろ
凛
凛
見てるお母さんに笑顔で手を振ってるだけじゃん……
見てるお母さんに笑顔で手を振ってるだけじゃん……
秀隆
秀隆
あれは怖すぎて引きつってる表情なんだよ。
あれは怖すぎて引きつってる表情なんだよ。
声も出てないぞあの子
声も出てないぞあの子
凛
凛
あーはいはいそうですね
あーはいはいそうですね
秀隆
秀隆
ともかく、オレは機械は信用してないアナログ男なんだ
ともかく、オレは機械は信用してないアナログ男なんだ
凛
凛
ふーん。じゃあアナログならいいわけ？
ふーん。じゃあアナログならいいわけ？
秀隆
秀隆
もちろん
もちろん
凛
凛
おっけ、じゃあ行くわよ
おっけ、じゃあ行くわよ
秀隆
秀隆
アナログなものなんて、遊園地にはないだろ
アナログなものなんて、遊園地にはないだろ
凛
凛
それがあるのよねぇ
それがあるのよねぇ
意味深な凛と共に、やや閑散とした遊園地のはずれについた。
意味深な凛と共に、やや閑散とした遊園地のはずれについた。
秀隆
秀隆
ここは？
ここは？
凛
凛
あれ
あれ
凛が先の高台を指す。
凛が先の高台を指す。
そこには一人の女性が立っている。
そこには一人の女性が立っている。
秀隆
秀隆
おいおい、落ちたら危ないぞ……
おいおい、落ちたら危ないぞ……
って落ちた！？
って落ちた！？
後ろから男性に背中を押され、女性が地面にまっさかさまに落ちる。
後ろから男性に背中を押され、女性が地面にまっさかさまに落ちる。
そして、足にくくりつけられていたゴムのようなもので、
そして、足にくくりつけられていたゴムのようなもので、
地面数メートル手前で大きく跳ねた。
地面数メートル手前で大きく跳ねた。
秀隆
秀隆
りりり、凛さん、あれは一体？
りりり、凛さん、あれは一体？
凛
凛
バンジージャンプって言って、ああいう遊び
バンジージャンプって言って、ああいう遊び
秀隆
秀隆
あれは遊びじゃなくて自殺の練習だろ！
あれは遊びじゃなくて自殺の練習だろ！
凛
凛
アナログだし特に問題ないっしょ
アナログだし特に問題ないっしょ
秀隆
秀隆
おおありだ！
おおありだ！
凛に腕を引っ張られ、オレは高台まで連れてこられてしまう。
凛に腕を引っ張られ、オレは高台まで連れてこられてしまう。
凛
凛
大人一人。彼をお願いします
大人一人。彼をお願いします
秀隆
秀隆
な、なぁ凛。オレとお前は友達だよな？　友達が死んでもいいのか？
な、なぁ凛。オレとお前は友達だよな？　友達が死んでもいいのか？
凛
凛
大丈夫だっての。こんなので死ぬわけないでしょ
大丈夫だっての。こんなので死ぬわけないでしょ
秀隆
秀隆
い、いやでも、万が一のことがあるだろ？
い、いやでも、万が一のことがあるだろ？
店員らしき人が、許可もなくオレの足に何か結び始めた。
店員らしき人が、許可もなくオレの足に何か結び始めた。
秀隆
秀隆
お、おいおまえ何してんだ！　殺人幇助罪で逮捕されるぞ！
お、おいおまえ何してんだ！　殺人幇助罪で逮捕されるぞ！
凛
凛
他のお客さんに迷惑でしょ。さっさと飛びなさいよ
他のお客さんに迷惑でしょ。さっさと飛びなさいよ
秀隆
秀隆
お、おまえは実行犯で長い懲役食らうぞ！　出所したら婆だぞ！
お、おまえは実行犯で長い懲役食らうぞ！　出所したら婆だぞ！
凛
凛
……あたしが蹴り落としてやろうかな……
……あたしが蹴り落としてやろうかな……
秀隆
秀隆
それになんだよこのゴム。明らかな使いまわしだろ！
それになんだよこのゴム。明らかな使いまわしだろ！
せめて新しいものに交換するとか、そういう配慮くらいしろよ！
せめて新しいものに交換するとか、そういう配慮くらいしろよ！
とこちらがわめきたてているにも関わらず、店員は無表情で作業を続ける。
とこちらがわめきたてているにも関わらず、店員は無表情で作業を続ける。
これは、明らかに殺しまくってきた表情ですわ……。
これは、明らかに殺しまくってきた表情ですわ……。
凛
凛
どうやら準備できたみたいね
どうやら準備できたみたいね
秀隆
秀隆
あ、あの、僕はどうすれば助かるでしょうか？
あ、あの、僕はどうすれば助かるでしょうか？
凛
凛
素直に飛んで来ればいいのよ
素直に飛んで来ればいいのよ
にっこりと微笑む凛。
にっこりと微笑む凛。
オレはその笑顔を見た後、店員に突き落とされた。
オレはその笑顔を見た後、店員に突き落とされた。
せめて、彼女の笑顔を最後に見れた。
せめて、彼女の笑顔を最後に見れた。
それだけでも良しと
それだけでも良しと
秀隆
秀隆
できるかああああああああああああああああああああ！！！
できるかああああああああああああああああああああ！！！
秀隆
秀隆
ぎええええええええええええええ！！！！
ぎええええええええええええええ！！！！
凛
凛
……どんだけー……
……どんだけー……
秀隆
秀隆
…………
…………
凛
凛
ちょっと。ナニぼーっと突っ立ってんのよ。無事だったでしょ？
ちょっと。ナニぼーっと突っ立ってんのよ。無事だったでしょ？
秀隆
秀隆
…………
…………
凛
凛
ちょっと？
ちょっと？
秀隆
秀隆
おでえちゃん……
おでえちゃん……
ドサッ。
ドサッ。
凛
凛
うわ、秀隆！？
うわ、秀隆！？
秀隆
秀隆
一瞬、お姉ちゃんがオレを呼んでたんだよ……
一瞬、お姉ちゃんがオレを呼んでたんだよ……
ベンチで目を覚ましたオレは、泣きそうになりながらそう話す。
ベンチで目を覚ましたオレは、泣きそうになりながらそう話す。
凛
凛
ったく情けない。男だったら堂々としてなさいよ。あたしなんて平気で飛んだのに
ったく情けない。男だったら堂々としてなさいよ。あたしなんて平気で飛んだのに
秀隆
秀隆
凛って神経図太そうだし
凛って神経図太そうだし
凛
凛
図太そうって……否定はしないけど
図太そうって……否定はしないけど
秀隆
秀隆
オレはもう、二度とあんな怖いアナログな遊びはしないぞ……
オレはもう、二度とあんな怖いアナログな遊びはしないぞ……
いつか、絶対に死人が出る。
いつか、絶対に死人が出る。
凛
凛
大げさな
大げさな
秀隆
秀隆
もう帰る。遊園地なんて二度と来るか！
もう帰る。遊園地なんて二度と来るか！
凛
凛
帰っちゃうんだ
帰っちゃうんだ
秀隆
秀隆
もう絶叫系に付き合うのは嫌だからな
もう絶叫系に付き合うのは嫌だからな
凛
凛
仕方ないなぁ
仕方ないなぁ
凛は手を伸ばし、オレの腕を掴んだ。
凛は手を伸ばし、オレの腕を掴んだ。
凛
凛
順番もムードもあったもんじゃないけど、観覧車乗ってあげる
順番もムードもあったもんじゃないけど、観覧車乗ってあげる
秀隆
秀隆
い、いいのか？
い、いいのか？
凛
凛
特別出血大サービス
特別出血大サービス
秀隆
秀隆
凛……
凛……
凛
凛
でもひとつ覚悟しておいた方がいいわよ？
でもひとつ覚悟しておいた方がいいわよ？
秀隆
秀隆
何が？
何が？
凛
凛
観覧車も十分怖いから
観覧車も十分怖いから
秀隆
秀隆
え……
え……
……えっ？
……えっ？
アクセラ
アクセラ
秀隆様
秀隆様
秀隆
秀隆
だと思ったよ
だと思ったよ
３日目。
３日目。
案の定、最後まで残ったのはオレとアクセラだった。
案の定、最後まで残ったのはオレとアクセラだった。
秀隆
秀隆
今日の振り分けは？
今日の振り分けは？
アクセラ
アクセラ
私たちを除く全員で行動をされるようです
私たちを除く全員で行動をされるようです
秀隆
秀隆
なんでオレたちだけのけ者なんだよ……
なんでオレたちだけのけ者なんだよ……
アクセラ
アクセラ
それが、私にも理解できないのです
それが、私にも理解できないのです
アクセラは話す。
アクセラは話す。
アクセラ
アクセラ
先ほど凛様に、昨日はどうだったの？と聞かれまして。
先ほど凛様に、昨日はどうだったの？と聞かれまして。
私は秀隆様と行動出来てとても楽しかったですとお伝えしました
私は秀隆様と行動出来てとても楽しかったですとお伝えしました
秀隆
秀隆
それで？
それで？
アクセラ
アクセラ
すると、ははあ～ん、と意味ありげに呟かれまして。
すると、ははあ～ん、と意味ありげに呟かれまして。
それなら今日の遊園地も二人で楽しんで来たら？　ばはは～い、と
それなら今日の遊園地も二人で楽しんで来たら？　ばはは～い、と
秀隆
秀隆
ばははーいて……
ばははーいて……
どうやら凛が、あらぬ勘違いをしてしまったようだ。
どうやら凛が、あらぬ勘違いをしてしまったようだ。
秀隆
秀隆
何考えてんだか
何考えてんだか
アクセラ
アクセラ
もしかして、凛様の考えがお分かりになられたのですか？
もしかして、凛様の考えがお分かりになられたのですか？
秀隆
秀隆
そりゃわかるだろ
そりゃわかるだろ
アクセラ
アクセラ
私にはわかりかねます
私にはわかりかねます
秀隆
秀隆
オレとアクセラの関係が怪しいと思ったんだろ
オレとアクセラの関係が怪しいと思ったんだろ
アクセラ
アクセラ
関係が怪しい、ですか？
関係が怪しい、ですか？
秀隆
秀隆
気にするな。どうせ凛の勘違いだから
気にするな。どうせ凛の勘違いだから
アクセラ
アクセラ
そうですか……わかりました
そうですか……わかりました
気にはなっているみたいだが、オレが詮索無用の空気を出したため聞き返さなかった。
気にはなっているみたいだが、オレが詮索無用の空気を出したため聞き返さなかった。
秀隆
秀隆
何か乗ってみたいものとかあるか？
何か乗ってみたいものとかあるか？
アクセラ
アクセラ
私は何でも大丈夫です、秀隆様の興味があるものにお付き合い
私は何でも大丈夫です、秀隆様の興味があるものにお付き合い
させていただきます
させていただきます
秀隆
秀隆
なんでもって……ほんとは気になるのあるんじゃないのか？
なんでもって……ほんとは気になるのあるんじゃないのか？
アクセラ
アクセラ
まさか。どうしてそんなことをお思いに？
まさか。どうしてそんなことをお思いに？
秀隆
秀隆
どうしてって……
どうしてって……
アクセラはパンフレットを凝視しながら歩いている。
アクセラはパンフレットを凝視しながら歩いている。
乗り物の説明を見ては、微笑みがこぼれているのだ。
乗り物の説明を見ては、微笑みがこぼれているのだ。
秀隆
秀隆
こんな機会めったにないんだし、少し主張してみたらどうだ？
こんな機会めったにないんだし、少し主張してみたらどうだ？
アクセラ
アクセラ
ですが……
ですが……
秀隆
秀隆
なんだよ。言えない理由でもあるのか？
なんだよ。言えない理由でもあるのか？
アクセラ
アクセラ
秀隆様は、きっと拒否されます
秀隆様は、きっと拒否されます
秀隆
秀隆
あのな、そんなことするわけないだろ……
あのな、そんなことするわけないだろ……
ちょっとがっかりだ。
ちょっとがっかりだ。
秀隆
秀隆
オレはおまえにそんな風に見られていたのか？
オレはおまえにそんな風に見られていたのか？
おまえはアンドロイドだけど、それでも女の子であることは事実だ
おまえはアンドロイドだけど、それでも女の子であることは事実だ
秀隆
秀隆
こうして二人で遊んでるのに、
こうして二人で遊んでるのに、
おまえの主張を無視するような真似、男として絶対にしない
おまえの主張を無視するような真似、男として絶対にしない
アクセラ
アクセラ
秀隆様……
秀隆様……
秀隆
秀隆
遠慮せず言ってみ？
遠慮せず言ってみ？
アクセラ
アクセラ
はい……
はい……
アクセラは嬉しそうに微笑み、パンフレットを指さした。
アクセラは嬉しそうに微笑み、パンフレットを指さした。
なんかかわいいじゃないか……。
なんかかわいいじゃないか……。
秀隆
秀隆
えーっとどれどれ……？
えーっとどれどれ……？
アクセラ
アクセラ
このフリーフォールと言うものです
このフリーフォールと言うものです
秀隆
秀隆
じゃあそれやるか
じゃあそれやるか
秀隆
秀隆
……高さ３０Ｍからの急速落下……？
……高さ３０Ｍからの急速落下……？
アクセラ
アクセラ
まるで天に昇るような気持ちになれるそうです
まるで天に昇るような気持ちになれるそうです
秀隆
秀隆
それ、気持ちじゃなくて本当に昇るんじゃ……
それ、気持ちじゃなくて本当に昇るんじゃ……
秀隆
秀隆
こっちのメリーゴーランドにしないか？
こっちのメリーゴーランドにしないか？
アクセラ
アクセラ
遠慮せずに言ってみろ、と仰ってくれた秀隆様はどこに……
遠慮せずに言ってみろ、と仰ってくれた秀隆様はどこに……
秀隆
秀隆
遠慮なく言ってみろと言っただけで、実際にやるとは言ってない
遠慮なく言ってみろと言っただけで、実際にやるとは言ってない
アクセラ
アクセラ
ずるいです
ずるいです
秀隆
秀隆
だって、こんなもん人間がやるもんじゃないだろ……
だって、こんなもん人間がやるもんじゃないだろ……
アクセラ
アクセラ
私はアンドロイドですし
私はアンドロイドですし
秀隆
秀隆
じゃあオレは見てるから、おまえ好きにやってこいよ
じゃあオレは見てるから、おまえ好きにやってこいよ
アクセラ
アクセラ
男性として恥ずかしくないのですか？
男性として恥ずかしくないのですか？
オレを付き合わせるためか、性別の領域に踏み込んできた。
オレを付き合わせるためか、性別の領域に踏み込んできた。
秀隆
秀隆
……わかったよ。付き合ってやるよ
……わかったよ。付き合ってやるよ
アクセラ
アクセラ
ありがとうございます。さすが秀隆様ですね
ありがとうございます。さすが秀隆様ですね
秀隆
秀隆
誰がこんな意味もわからん危険な遊具を作ったんだよ……
誰がこんな意味もわからん危険な遊具を作ったんだよ……
もっと安全でゆったりした乗り物でいいのに。
もっと安全でゆったりした乗り物でいいのに。
アクセラの望むフリーフォールと呼ばれる遊具の前までやってきた。
アクセラの望むフリーフォールと呼ばれる遊具の前までやってきた。
ちょうど前の客たちが乗り込んだところだったようだ。
ちょうど前の客たちが乗り込んだところだったようだ。
秀隆
秀隆
お、おい。あんなにむき出しなのか？
お、おい。あんなにむき出しなのか？
柱に括り付けられたみたいな状態だ。
柱に括り付けられたみたいな状態だ。
そして、そのままゆっくりと上昇を始める。
そして、そのままゆっくりと上昇を始める。
アクセラ
アクセラ
どんどん上がっていきますね……
どんどん上がっていきますね……
秀隆
秀隆
あ、ああ……
あ、ああ……
オレとアクセラは頭上高く昇っていく人たちを見ている。
オレとアクセラは頭上高く昇っていく人たちを見ている。
やがて、一番てっぺんにたどり着いた。
やがて、一番てっぺんにたどり着いた。
つかの間の平和。
つかの間の平和。
そしてその直後の、急降下。
そしてその直後の、急降下。
１分以上かけて上昇した場所を、ほんの数秒で帰ってくる。
１分以上かけて上昇した場所を、ほんの数秒で帰ってくる。
秀隆
秀隆
いやー楽しかったなあフリーフォール
いやー楽しかったなあフリーフォール
アクセラ
アクセラ
私たちの番みたいです。行きましょう秀隆様
私たちの番みたいです。行きましょう秀隆様
秀隆
秀隆
死んだらどうすんだよ！！
死んだらどうすんだよ！！
…………。
…………。
秀隆
秀隆
い、生きてる、オレは生きてるぞおおおお！
い、生きてる、オレは生きてるぞおおおお！
アクセラ
アクセラ
そんな大げさな
そんな大げさな
秀隆
秀隆
大げさなもんかよ！　脳みそが飛び出すかと思ったわ！
大げさなもんかよ！　脳みそが飛び出すかと思ったわ！
アクセラ
アクセラ
私は楽しかったです。
私は楽しかったです。
お付き合いいただいてありがとうございました
お付き合いいただいてありがとうございました
秀隆
秀隆
いや……まぁ、おまえが楽しかったならいいけどさ
いや……まぁ、おまえが楽しかったならいいけどさ
アクセラは本当に楽しそうに笑った。
アクセラは本当に楽しそうに笑った。
そんな顔をされたら、こっちもこれ以上文句は言えない。
そんな顔をされたら、こっちもこれ以上文句は言えない。
そんなことをして、アクセラの気持ちを悪くしたくなかった。
そんなことをして、アクセラの気持ちを悪くしたくなかった。
アクセラ
アクセラ
秀隆様。私これにも乗ってみたいです
秀隆様。私これにも乗ってみたいです
秀隆
秀隆
えーっと何々……回転ブランコ？
えーっと何々……回転ブランコ？
説明を読んで、オレの顔が真っ青になっていく。
説明を読んで、オレの顔が真っ青になっていく。
アクセラ
アクセラ
それじゃあ参りましょうか？
それじゃあ参りましょうか？
秀隆
秀隆
遊園地って、楽しい場所のはずなのに……！
遊園地って、楽しい場所のはずなのに……！
楽しいどころか、オレは四六時中恐怖に怯えることになった。
楽しいどころか、オレは四六時中恐怖に怯えることになった。
…………。
…………。
……。
……。
ユウキ
ユウキ
いやー、楽しかったなあ遊園地。ねえ、秋ちゃん
いやー、楽しかったなあ遊園地。ねえ、秋ちゃん
ホテルに戻ってきた後、ユウキがそう言った。
ホテルに戻ってきた後、ユウキがそう言った。
秋
秋
はい。そうですね
はい。そうですね
秋もご満悦のようで、笑みを絶やさない。
秋もご満悦のようで、笑みを絶やさない。
ユウキ
ユウキ
ああ、まぶしすぎる、まぶしすぎるぜ、秋ちゃん
ああ、まぶしすぎる、まぶしすぎるぜ、秋ちゃん
秀隆
秀隆
ほんとお熱だねぇ、ユウキの奴は
ほんとお熱だねぇ、ユウキの奴は
秀隆
秀隆
あんな奴のどこがいいんだか
あんな奴のどこがいいんだか
アクセラ
アクセラ
今の発言は聞き捨てなりませんね
今の発言は聞き捨てなりませんね
秀隆
秀隆
げ！
げ！
アクセラ
アクセラ
しっかりと後で、秋様にお伝えさせていただきます
しっかりと後で、秋様にお伝えさせていただきます
秀隆
秀隆
それだけはやめてくださいお願いします
それだけはやめてくださいお願いします
アクセラ
アクセラ
さて、どうしましょうか。ふふ
さて、どうしましょうか。ふふ
オレは、アクセラに弱みを一つ握らせてしまったようだ。
オレは、アクセラに弱みを一つ握らせてしまったようだ。
何となく、眠ることができなかったオレは、
何となく、眠ることができなかったオレは、
一人夜のドリームタウンへ繰り出すことにした。
一人夜のドリームタウンへ繰り出すことにした。
誰かを誘おうと思ったが、時刻は既に日付が変わろうとしている。
誰かを誘おうと思ったが、時刻は既に日付が変わろうとしている。
遊園地で遊び疲れているだろうし、無理に誘ってもよくないな。
遊園地で遊び疲れているだろうし、無理に誘ってもよくないな。
秀隆
秀隆
ちょっと、カジノでも覗いて見るかな
ちょっと、カジノでも覗いて見るかな
夜のドリームタウンは、カジノを除く殆どのお店が閉まっている。
夜のドリームタウンは、カジノを除く殆どのお店が閉まっている。
ホープタウンが、夜飲み屋以外しまっているように、
ホープタウンが、夜飲み屋以外しまっているように、
２４時間電力を使い続けられる余裕は無いのだ。
２４時間電力を使い続けられる余裕は無いのだ。
秀隆
秀隆
ここだけは、本当に眠ることを知らないけど
ここだけは、本当に眠ることを知らないけど
街が消灯され暗いだけに、ここは特に目立つ。
街が消灯され暗いだけに、ここは特に目立つ。
秀隆
秀隆
あれ……？
あれ……？
カジノへ続く道の途中、見たことのある人物が居た。
カジノへ続く道の途中、見たことのある人物が居た。
それも、普段からは結びつかない人物も一緒に。
それも、普段からは結びつかない人物も一緒に。
秀隆
秀隆
竹内特務官……それに、恋さん？
竹内特務官……それに、恋さん？
恋
恋
えっ……？　あ、島津さん……
えっ……？　あ、島津さん……
竹内
竹内
君が何故ここに？
君が何故ここに？
竹内特務官は表情こそ変えなかったが、驚いたのか、
竹内特務官は表情こそ変えなかったが、驚いたのか、
やや口調に緊張が含まれている気がした。
やや口調に緊張が含まれている気がした。
秀隆
秀隆
何かあったんですか？　お二人の組み合わせなんて珍しいですね
何かあったんですか？　お二人の組み合わせなんて珍しいですね
竹内
竹内
実はドリームタウンで仕事があってね。
実はドリームタウンで仕事があってね。
何とか商談はまとめたんだが、帰りの時間には間に合わなかった
何とか商談はまとめたんだが、帰りの時間には間に合わなかった
竹内
竹内
それだけのことだよ
それだけのことだよ
秀隆
秀隆
そうでしたか
そうでしたか
竹内
竹内
島津くんの方は……そうか、君は確か休暇中だったか
島津くんの方は……そうか、君は確か休暇中だったか
秀隆
秀隆
はい。家族や友人を連れてドリームタウンに遊びに来させていただきました
はい。家族や友人を連れてドリームタウンに遊びに来させていただきました
竹内
竹内
そうかね。ドリームタウンを楽しんで貰えているかね？
そうかね。ドリームタウンを楽しんで貰えているかね？
秀隆
秀隆
凄く喜んでいます。……あの、恋さんに何かあったんですか？
凄く喜んでいます。……あの、恋さんに何かあったんですか？
恋さんは目を赤くしている。
恋さんは目を赤くしている。
先ほどまで泣いていたのだろうか。
先ほどまで泣いていたのだろうか。
恋
恋
いえ、なんでもないんです……
いえ、なんでもないんです……
まさか竹内特務官と深い関係があって、なんてことはないだろうな？
まさか竹内特務官と深い関係があって、なんてことはないだろうな？
……さすがに考えづらいな。
……さすがに考えづらいな。
竹内
竹内
こんな遅くに一人でカジノとは。
こんな遅くに一人でカジノとは。
ギャンブルは程ほどにしておきたまえよ
ギャンブルは程ほどにしておきたまえよ
秀隆
秀隆
あ、いえ。何となく眠れなくて。遊びに来たというよりは、
あ、いえ。何となく眠れなくて。遊びに来たというよりは、
単純に散歩がてら様子を見に来た、と言うところです
単純に散歩がてら様子を見に来た、と言うところです
オレは恋さんのことに後ろ髪引かれながらも、カジノ内へ。
オレは恋さんのことに後ろ髪引かれながらも、カジノ内へ。
…………。
…………。
……。
……。
