秀隆
秀隆
おはようアクセラ
おはようアクセラ
アクセラ
アクセラ
おはようございます、秀隆様。今朝は随分と早いんですね
おはようございます、秀隆様。今朝は随分と早いんですね
秀隆
秀隆
今日は少し大事な話し合いがあるんだ。それで目が覚めちゃってさ
今日は少し大事な話し合いがあるんだ。それで目が覚めちゃってさ
アクセラ
アクセラ
そうでしたか
そうでしたか
秀隆
秀隆
今日はパワーを使いそうだから、ちょっと大盛にしてくれ
今日はパワーを使いそうだから、ちょっと大盛にしてくれ
アクセラ
アクセラ
はい、わかりました
はい、わかりました
秀隆
秀隆
まどか
まどか
まどか
まどか
なに？
なに？
秀隆
秀隆
これからクイーンに会ってくる
これからクイーンに会ってくる
まどか
まどか
規制緩和のことで？
規制緩和のことで？
秀隆
秀隆
ああ。過程はどうあれ、規制緩和の署名は集まった。
ああ。過程はどうあれ、規制緩和の署名は集まった。
オレはクイーンの元に行って融資の話を決めてくるつもりだ
オレはクイーンの元に行って融資の話を決めてくるつもりだ
まどか
まどか
そう、そうね
そう、そうね
秀隆
秀隆
何か言いたいことがあるなら、言ってもいいんだぞ？
何か言いたいことがあるなら、言ってもいいんだぞ？
まどか
まどか
……ここまで進めておいて、臆病になっちゃいけないんだろうけど
……ここまで進めておいて、臆病になっちゃいけないんだろうけど
まどか
まどか
本当に良かったのかって……思っちゃって
本当に良かったのかって……思っちゃって
秀隆
秀隆
やめたいか？　この話
やめたいか？　この話
まどか
まどか
どうなんだろう。私には判断がつかない。
どうなんだろう。私には判断がつかない。
丸の内社長のことを考えれば、絶対に必要なことだった
丸の内社長のことを考えれば、絶対に必要なことだった
まどか
まどか
だけど、唐沢代表のことだけが、引っかかっちゃって
だけど、唐沢代表のことだけが、引っかかっちゃって
秀隆
秀隆
それはオレも同じだ
それはオレも同じだ
本当なら、ちゃんと合意を得た上でこの結果に持っていきたかった。
本当なら、ちゃんと合意を得た上でこの結果に持っていきたかった。
まどか
まどか
ごめんなさい。やっぱり言うべきじゃなかった。
ごめんなさい。やっぱり言うべきじゃなかった。
あなたの気持ちを削ぐようなことを……
あなたの気持ちを削ぐようなことを……
秀隆
秀隆
オレから聞いたことだから。大丈夫だ
オレから聞いたことだから。大丈夫だ
まどか
まどか
……ええ……
……ええ……
まどかは暗い表情を隠し、オレにしっかりと伝える。
まどかは暗い表情を隠し、オレにしっかりと伝える。
まどか
まどか
……いってらっしゃい
……いってらっしゃい
秀隆
秀隆
ああ、行ってきます
ああ、行ってきます
オレには、最後の詰めが残っている。
オレには、最後の詰めが残っている。
この結果を持って、正式にクイーンに融資をしてもらわなければならない。
この結果を持って、正式にクイーンに融資をしてもらわなければならない。
入金を確認する最後の最後まで油断はできない。
入金を確認する最後の最後まで油断はできない。
マリア
マリア
おはようございます、島津様
おはようございます、島津様
秀隆
秀隆
おはよう御座います。今日もお美しいですねっ
おはよう御座います。今日もお美しいですねっ
オレは興奮を抑えきれず、やや鼻息荒く言った。
オレは興奮を抑えきれず、やや鼻息荒く言った。
マリア
マリア
ありがとうございます
ありがとうございます
こちらの言葉を、軽く受け取ると、マリアさんは微笑んで案内を始める。
こちらの言葉を、軽く受け取ると、マリアさんは微笑んで案内を始める。
マリア
マリア
姉が、あなたとお会いするのを心待ちにしておりました
姉が、あなたとお会いするのを心待ちにしておりました
秀隆
秀隆
そうですか。では、お会いさせていただけますか？
そうですか。では、お会いさせていただけますか？
マリア
マリア
もちろんです。どうぞこちらへ
もちろんです。どうぞこちらへ
マリアさんに着いて、オレはクイーンのもとを目指す。
マリアさんに着いて、オレはクイーンのもとを目指す。
秀隆
秀隆
マリアさんは今、彼氏とかいらっしゃるんですか？
マリアさんは今、彼氏とかいらっしゃるんですか？
マリア
マリア
いいえ。今はフリーです
いいえ。今はフリーです
秀隆
秀隆
じゃ、じゃあ立候補とかさせてもらってもいいですかね
じゃ、じゃあ立候補とかさせてもらってもいいですかね
マリア
マリア
光栄です。ですが、島津さまは私などより、
光栄です。ですが、島津さまは私などより、
もっと大きな方とお付き合いできる方だと思いますよ
もっと大きな方とお付き合いできる方だと思いますよ
秀隆
秀隆
い、いえ。マリアさんも十分大きいと思いますっ
い、いえ。マリアさんも十分大きいと思いますっ
マリア
マリア
そんな……私などまだまだ、器の小さい身です
そんな……私などまだまだ、器の小さい身です
秀隆
秀隆
え、う、器？
え、う、器？
マリア
マリア
はい。ソレが何か？
はい。ソレが何か？
秀隆
秀隆
……なんでもないです
……なんでもないです
そもそも眼中にないってことかな、オレなんて。
そもそも眼中にないってことかな、オレなんて。
マリア
マリア
さ、着きました。どうぞいってらっしゃいませ
さ、着きました。どうぞいってらっしゃいませ
秀隆
秀隆
失礼します
失礼します
マリアさんに見送られ、オレはクイーンの部屋へと足を踏み入れた。
マリアさんに見送られ、オレはクイーンの部屋へと足を踏み入れた。
クイーン
クイーン
久しぶりね
久しぶりね
のそりと腕を動かし、果物を口に運ぶ。
のそりと腕を動かし、果物を口に運ぶ。
秀隆
秀隆
あの日以来、ご無沙汰しておりました
あの日以来、ご無沙汰しておりました
クイーン
クイーン
無事、３人の署名を手に入れることが出来たようね
無事、３人の署名を手に入れることが出来たようね
秀隆
秀隆
既に耳にしておられましたか
既に耳にしておられましたか
クイーン
クイーン
あれだけメディアで取り上げられれば、無理もないことよ
あれだけメディアで取り上げられれば、無理もないことよ
秀隆
秀隆
厳密には、唐沢代表から直接署名は頂いておりませんが……
厳密には、唐沢代表から直接署名は頂いておりませんが……
クイーン
クイーン
そこはそれほど問題ではないわ。
そこはそれほど問題ではないわ。
彼を動かすために世論を動かした。見事な策略だったわ
彼を動かすために世論を動かした。見事な策略だったわ
秀隆
秀隆
いえ、自分は
いえ、自分は
クイーン
クイーン
それで、規制緩和の可決へ向けてのステップはどうなっているの？
それで、規制緩和の可決へ向けてのステップはどうなっているの？
秀隆
秀隆
近々、会議で正式に提出され、そこで可決される見込みです
近々、会議で正式に提出され、そこで可決される見込みです
クイーン
クイーン
そう。よくやったわ
そう。よくやったわ
秀隆
秀隆
ありがとうございます
ありがとうございます
クイーン
クイーン
それにしては、随分と浮かない顔ね
それにしては、随分と浮かない顔ね
秀隆
秀隆
手放しで喜べるほど、楽なことではありませんでしたので
手放しで喜べるほど、楽なことではありませんでしたので
大きなものを手にした代わりに、
大きなものを手にした代わりに、
何かを失ってしまった気もする。
何かを失ってしまった気もする。
クイーン
クイーン
楽な仕事などありはしないわ。
楽な仕事などありはしないわ。
誰かに恨まれたり批判されて傷つくなら、
誰かに恨まれたり批判されて傷つくなら、
これから先到底勤まる仕事ではないでしょうね
これから先到底勤まる仕事ではないでしょうね
秀隆
秀隆
それは、分かっているつもりです
それは、分かっているつもりです
でも
でも
唐沢代表の、あの表情が忘れられない。
唐沢代表の、あの表情が忘れられない。
信じていた者に、裏切られた、あの瞬間の顔を。
信じていた者に、裏切られた、あの瞬間の顔を。
クイーン
クイーン
約束のお金は、返済期限無期限、利子なしの５億だったわね
約束のお金は、返済期限無期限、利子なしの５億だったわね
秀隆
秀隆
はい
はい
クイーン
クイーン
マリアに既に用意させているから、帰りに受け取りなさい
マリアに既に用意させているから、帰りに受け取りなさい
秀隆
秀隆
感謝します
感謝します
クイーン
クイーン
でも、それだけでいいの？
でも、それだけでいいの？
秀隆
秀隆
それだけ……ですか？
それだけ……ですか？
クイーン
クイーン
確かに５億は大金よ。
確かに５億は大金よ。
けれど、あなたのしたことにはそれ以上の価値がある
けれど、あなたのしたことにはそれ以上の価値がある
クイーン
クイーン
もっと欲をかいてもバチは当たらないってことよ
もっと欲をかいてもバチは当たらないってことよ
秀隆
秀隆
なるほど、確かにそうかも知れませんが……
なるほど、確かにそうかも知れませんが……
秀隆
秀隆
今はこれ以上望むものはありません
今はこれ以上望むものはありません
クイーン
クイーン
欲がないわね
欲がないわね
秀隆
秀隆
欲をかきすぎて、やけどしたくありませんので
欲をかきすぎて、やけどしたくありませんので
それに……できるだけ早く、このプロジェクトを終わらせたかった。
それに……できるだけ早く、このプロジェクトを終わらせたかった。
何か追加で希望して、また余計な話になったら、それこそ長引く。
何か追加で希望して、また余計な話になったら、それこそ長引く。
秀隆
秀隆
それでは、失礼します
それでは、失礼します
…………。
…………。
……。
……。
マリア
マリア
島津様
島津様
秀隆
秀隆
マリアさん？　あの、まだ自分に何か
マリアさん？　あの、まだ自分に何か
屋敷を後にしたオレを、マリアさんが追いかけてきた。
屋敷を後にしたオレを、マリアさんが追いかけてきた。
マリア
マリア
今回の件、尽力くださりありがとう御座いました
今回の件、尽力くださりありがとう御座いました
マリア
マリア
あなたがいなければ、この署名が集まることはありませんでした
あなたがいなければ、この署名が集まることはありませんでした
秀隆
秀隆
いえ……自分一人の力ではありません。
いえ……自分一人の力ではありません。
多分誰か一人欠けていても、成立はしなかったと思います
多分誰か一人欠けていても、成立はしなかったと思います
秀隆
秀隆
それに、法律がどう動くかはこれからの話し合いじゃないですか
それに、法律がどう動くかはこれからの話し合いじゃないですか
秀隆
秀隆
下手をしたら、白紙に戻ることだってありえますよね？
下手をしたら、白紙に戻ることだってありえますよね？
マリア
マリア
そうですね。話の内容によっては、その可能性もあります
そうですね。話の内容によっては、その可能性もあります
秀隆
秀隆
これからどうなっていくのか、少し怖い部分はあります。
これからどうなっていくのか、少し怖い部分はあります。
でも、オレはこれからもホープタウンのために戦っていくつもりです
でも、オレはこれからもホープタウンのために戦っていくつもりです
マリア
マリア
はい。頑張ってください
はい。頑張ってください
マリアさんが頭を下げる。
マリアさんが頭を下げる。
マリア
マリア
お疲れ様でした
お疲れ様でした
…………。
…………。
……。
……。
