秀隆
秀隆
ただいま
ただいま
希望
希望
お帰りなさい
お帰りなさい
秀隆
秀隆
あれ、アクセラは？　それに、キズナや秋の靴もなかったけど
あれ、アクセラは？　それに、キズナや秋の靴もなかったけど
希望
希望
愛佳ちゃんが、家に招待したみたい。
愛佳ちゃんが、家に招待したみたい。
私も呼ばれたんだけど、秀隆くんが帰ってくるのを待ってようと思って
私も呼ばれたんだけど、秀隆くんが帰ってくるのを待ってようと思って
秀隆
秀隆
そうか。何の用事なんだろうな？
そうか。何の用事なんだろうな？
希望
希望
一緒にご飯食べよう、ってことみたいだよ？
一緒にご飯食べよう、ってことみたいだよ？
秀隆
秀隆
なるほど。何時から？
なるほど。何時から？
希望
希望
８時からだね。まだ２時間近くあるから慌てなくても大丈夫
８時からだね。まだ２時間近くあるから慌てなくても大丈夫
秀隆
秀隆
そっか
そっか
秀隆
秀隆
……てことは、今オレと希望は家に二人きりなわけだな
……てことは、今オレと希望は家に二人きりなわけだな
秀隆
秀隆
それも、時間が余っていると
それも、時間が余っていると
希望
希望
そうだけど？　……な、なに考えてる？
そうだけど？　……な、なに考えてる？
秀隆
秀隆
さあ。なんだろうな？
さあ。なんだろうな？
オレは希望の腕を捕まえ、胸元に引き寄せた。
オレは希望の腕を捕まえ、胸元に引き寄せた。
そして、状況を理解できていない希望にキスをする。
そして、状況を理解できていない希望にキスをする。
最終章・希望ルート９』希望H
最終章・希望ルート９』希望H
…………。
…………。
……。
……。
