オレは家を出た後、倉屋敷社長の元を訪れ、
オレは家を出た後、倉屋敷社長の元を訪れ、
アクセラと杉村さんのことを告げた。
アクセラと杉村さんのことを告げた。
和葉
和葉
よくない方向だな
よくない方向だな
秀隆
秀隆
はい……アクセラが危険です
はい……アクセラが危険です
秀隆
秀隆
これから、オレは杉村さんの部屋で見つけた、地図の場所……施設へと向かいます
これから、オレは杉村さんの部屋で見つけた、地図の場所……施設へと向かいます
恐らくそこにアクセラがいる。
恐らくそこにアクセラがいる。
和葉
和葉
ちゃんと捕まえて、あたしの前に引きずり出せ
ちゃんと捕まえて、あたしの前に引きずり出せ
秀隆
秀隆
わかっています
わかっています
ユウキ
ユウキ
俺も協力するぜ。いいよな、かずはちん
俺も協力するぜ。いいよな、かずはちん
和葉
和葉
こいつだけじゃ頼りないからな。しっかりサポートしてやれ
こいつだけじゃ頼りないからな。しっかりサポートしてやれ
ユウキ
ユウキ
了解！
了解！
秀隆
秀隆
正直心強いよ、ユウキ。おまえが居てくれれば安心だ
正直心強いよ、ユウキ。おまえが居てくれれば安心だ
ユウキ
ユウキ
任せておけって。こういう時の俺なんだからさ
任せておけって。こういう時の俺なんだからさ
ユウキ
ユウキ
今回の件が片付いたら、
今回の件が片付いたら、
秋ちゃんとのデートセッティング頼むな
秋ちゃんとのデートセッティング頼むな
秀隆
秀隆
物好きめ。なんとかやってみるよ
物好きめ。なんとかやってみるよ
ユウキ
ユウキ
おっしゃらぁ、やったるぜえ！
おっしゃらぁ、やったるぜえ！
和葉
和葉
あぁ、それから。これを持って行け
あぁ、それから。これを持って行け
そう言った倉屋敷社長は、小さな道具を取り出した。
そう言った倉屋敷社長は、小さな道具を取り出した。
秀隆
秀隆
これはなんですか？
これはなんですか？
和葉
和葉
相手は違法アンドロイドだ。
相手は違法アンドロイドだ。
おまえが戦えば万に一つも勝ち目はない
おまえが戦えば万に一つも勝ち目はない
秀隆
秀隆
そうですね……
そうですね……
和葉
和葉
通常のアンドロイドであれば、
通常のアンドロイドであれば、
一定の周波数で制御できるように作ってあるが、
一定の周波数で制御できるように作ってあるが、
恐らくその違法アンドロイドには通用しないだろう
恐らくその違法アンドロイドには通用しないだろう
和葉
和葉
そこで、アナログだがコレが役に立つ
そこで、アナログだがコレが役に立つ
その道具を受け取る。
その道具を受け取る。
細く長方形の形をした、ハードディスクのようなものだ。
細く長方形の形をした、ハードディスクのようなものだ。
蓋のようなものがついている。
蓋のようなものがついている。
和葉
和葉
そこについてるキャップを外せば、針が出る
そこについてるキャップを外せば、針が出る
秀隆
秀隆
針……
針……
蓋をはずすと、鋭い注射針のようなものが顔を覗かせた。
蓋をはずすと、鋭い注射針のようなものが顔を覗かせた。
和葉
和葉
そいつをどこでもいい。
そいつをどこでもいい。
アンドロイドに突き刺し、スイッチを入れろ。
アンドロイドに突き刺し、スイッチを入れろ。
そうすれば、刺したアンドロイドを強制破壊させられる
そうすれば、刺したアンドロイドを強制破壊させられる
秀隆
秀隆
そんな凄いものが、あったんですか……
そんな凄いものが、あったんですか……
和葉
和葉
おまえのアンドロイド、アクセラをチェックした時に
おまえのアンドロイド、アクセラをチェックした時に
保護プログラムがどんなものかを解明しておいた。
保護プログラムがどんなものかを解明しておいた。
それを元に作った対アンドロイド用兵器だ
それを元に作った対アンドロイド用兵器だ
秀隆
秀隆
これをユウキに刺しても効果あるんだろうか……
これをユウキに刺しても効果あるんだろうか……
ユウキ
ユウキ
俺は無敵のアンドロイドだぜ？　ないない
俺は無敵のアンドロイドだぜ？　ないない
秀隆
秀隆
ちょっと試してみようぜ
ちょっと試してみようぜ
ユウキ
ユウキ
よっしゃ、どんとこーい！
よっしゃ、どんとこーい！
和葉
和葉
言っておくが、一発で仕留められる。大破だ
言っておくが、一発で仕留められる。大破だ
ユウキ
ユウキ
止めろバカ！　俺にそんな危険なものを向けるな！
止めろバカ！　俺にそんな危険なものを向けるな！
秀隆
秀隆
…………
…………
どうやら、想像以上に効果のあるものらしい。
どうやら、想像以上に効果のあるものらしい。
和葉
和葉
だが、取り扱いには注意しろよ
だが、取り扱いには注意しろよ
秀隆
秀隆
え？
え？
和葉
和葉
そいつをアンドロイドに使えば、全ての機器は完璧に破壊される
そいつをアンドロイドに使えば、全ての機器は完璧に破壊される
和葉
和葉
絶対に修復不能だってことを忘れるな
絶対に修復不能だってことを忘れるな
秀隆
秀隆
わ、わかりました……
わ、わかりました……
その助言が意味するもの。
その助言が意味するもの。
杉村さんやアクセラに使えば、
杉村さんやアクセラに使えば、
二度と取り返しのつかない事態になるってことだ。
二度と取り返しのつかない事態になるってことだ。
和葉
和葉
そう言うわけだ。死なない程度に頑張って来い
そう言うわけだ。死なない程度に頑張って来い
秀隆
秀隆
ありがとうございます。倉屋敷社長
ありがとうございます。倉屋敷社長
アクセラは、自分の過去を知るために杉村さんについて行ったという。
アクセラは、自分の過去を知るために杉村さんについて行ったという。
なんのために、自分は違法アンドロイドとして作られたのか。
なんのために、自分は違法アンドロイドとして作られたのか。
記憶を失う前、自分は何をしていたのか。
記憶を失う前、自分は何をしていたのか。
バカな奴だよ……。
バカな奴だよ……。
あいつが過去何をしていたって、オレには関係ない。
あいつが過去何をしていたって、オレには関係ない。
……絶対に、連れ戻す。
……絶対に、連れ戻す。
ステーションについたオレは、
ステーションについたオレは、
出発までの間、携帯で地図を再確認することにした。
出発までの間、携帯で地図を再確認することにした。
横からユウキが覗き込んでくる。
横からユウキが覗き込んでくる。
ユウキ
ユウキ
罠、って可能性はあるんじゃないのか？
罠、って可能性はあるんじゃないのか？
秀隆
秀隆
ああ。十分にありえる話だ
ああ。十分にありえる話だ
秘密の施設の地図を、あんな簡単に閲覧できる状態で放置していたのは、
秘密の施設の地図を、あんな簡単に閲覧できる状態で放置していたのは、
こちらを誘っているとしか考えられない。
こちらを誘っているとしか考えられない。
ユウキ
ユウキ
それを分かってて、乗り込むのか
それを分かってて、乗り込むのか
秀隆
秀隆
あいつの元にアクセラがいる。それ以外に理由はいらない
あいつの元にアクセラがいる。それ以外に理由はいらない
ユウキ
ユウキ
……マジ、なんだな
……マジ、なんだな
ユウキ
ユウキ
マジでアンドロイドに、恋したんだな
マジでアンドロイドに、恋したんだな
秀隆
秀隆
悪いことだとは思ってない。
悪いことだとは思ってない。
人間もアンドロイドも、それほど違いはないだろ？
人間もアンドロイドも、それほど違いはないだろ？
ユウキ
ユウキ
ま、俺は元々そう思ってるけどさ。
ま、俺は元々そう思ってるけどさ。
世間の視線って奴は、考えてるよりもずっと辛かったりするぜ？
世間の視線って奴は、考えてるよりもずっと辛かったりするぜ？
秀隆
秀隆
あいつのいない毎日を送る方が辛い
あいつのいない毎日を送る方が辛い
ユウキ
ユウキ
あー……言うなぁ。こりゃ、マジのマジだ
あー……言うなぁ。こりゃ、マジのマジだ
秀隆
秀隆
恐らく、柳沢は違法アンドロイドを従えてるはずだ
恐らく、柳沢は違法アンドロイドを従えてるはずだ
秀隆
秀隆
ユウキには、そいつの相手をお願いしたい
ユウキには、そいつの相手をお願いしたい
ユウキ
ユウキ
最初からそのつもりさ。でも、何体いるかにもよるぜ？
最初からそのつもりさ。でも、何体いるかにもよるぜ？
秀隆
秀隆
そうだな……
そうだな……
とは言え、数はそれほど多くないだろう。
とは言え、数はそれほど多くないだろう。
違法アンドロイドを作るのは容易じゃない。
違法アンドロイドを作るのは容易じゃない。
倉屋敷社長の考え通りなら、２体から４体。
倉屋敷社長の考え通りなら、２体から４体。
最悪オレが相手することになるかも知れないけど……。
最悪オレが相手することになるかも知れないけど……。
その時は、このポケットに忍ばせた道具を使うしかない。
その時は、このポケットに忍ばせた道具を使うしかない。
貧困街の奥、地下の深くに、その施設はあった。
貧困街の奥、地下の深くに、その施設はあった。
ユウキ
ユウキ
なんだよここ……ここが、その施設ってやつか……
なんだよここ……ここが、その施設ってやつか……
いたるところにカプセルがあり、中にアンドロイドが見えている。
いたるところにカプセルがあり、中にアンドロイドが見えている。
ここで、どれだけの実験が行われているんだ……。
ここで、どれだけの実験が行われているんだ……。
とにかく、違法アンドロイドの施設は見つけた。
とにかく、違法アンドロイドの施設は見つけた。
後は、それと柳沢軍司の関係性を
後は、それと柳沢軍司の関係性を
柳沢
柳沢
ようこそ、島津さん
ようこそ、島津さん
秀隆
秀隆
……まさか、逃げも隠れもしないとは、思いませんでした
……まさか、逃げも隠れもしないとは、思いませんでした
柳沢
柳沢
なぜ逃げる必要があるのですか？
なぜ逃げる必要があるのですか？
前に、私はあなたに認めたはずです。アンドロイドの研究をしているのは私だと
前に、私はあなたに認めたはずです。アンドロイドの研究をしているのは私だと
柳沢
柳沢
多少言葉は濁しましたが、それが分からないあなたではないでしょう
多少言葉は濁しましたが、それが分からないあなたではないでしょう
秀隆
秀隆
この施設とあなたの関係性が証明された今、
この施設とあなたの関係性が証明された今、
オレは街に戻ってこのことを伝えるつもりです。
オレは街に戻ってこのことを伝えるつもりです。
そうすれば、今の製薬会社社長としての立場は終わりますよ
そうすれば、今の製薬会社社長としての立場は終わりますよ
柳沢
柳沢
確かにそうかも知れませんね。そうかも知れません
確かにそうかも知れませんね。そうかも知れません
seぱちぱち拍手 (3
seぱちぱち拍手 (3
愉快そうに笑いながら、パンパンと手を叩いた。
愉快そうに笑いながら、パンパンと手を叩いた。
柳沢
柳沢
しかし、それはあなたがここから無事に出られたらの話です
しかし、それはあなたがここから無事に出られたらの話です
秀隆
秀隆
無論……そのつもりですが
無論……そのつもりですが
柳沢
柳沢
折角来たんです。どうですか、少しお茶していくと言うのは
折角来たんです。どうですか、少しお茶していくと言うのは
柳沢
柳沢
奥にコーヒーを用意してあります。どうぞ
奥にコーヒーを用意してあります。どうぞ
秀隆
秀隆
遠慮しますよ。何が仕掛けられているか分かりませんから
遠慮しますよ。何が仕掛けられているか分かりませんから
柳沢
柳沢
残念です。私は純粋な気持ちでお迎えするつもりだったのですが
残念です。私は純粋な気持ちでお迎えするつもりだったのですが
柳沢は、オレから隣に居るユウキへと視線を移した。
柳沢は、オレから隣に居るユウキへと視線を移した。
柳沢
柳沢
あなたは見た顔ですね。確か、応接室に居た……
あなたは見た顔ですね。確か、応接室に居た……
体調を崩した秋に薬を与えた時のことだ。
体調を崩した秋に薬を与えた時のことだ。
僅かな接触だったにも関わらず、ユウキのことを覚えていたか。
僅かな接触だったにも関わらず、ユウキのことを覚えていたか。
ユウキ
ユウキ
秀隆の友達だ
秀隆の友達だ
柳沢
柳沢
そうでした。しかし、まさかそのお友達が用心棒ですか？
そうでした。しかし、まさかそのお友達が用心棒ですか？
秀隆
秀隆
心強い存在ですよ
心強い存在ですよ
柳沢
柳沢
どうも私の理解力が及んでいないようです。
どうも私の理解力が及んでいないようです。
こちらが違法アンドロイドを所持しているのはご存知ですよね
こちらが違法アンドロイドを所持しているのはご存知ですよね
柳沢
柳沢
そちらの男性一人で、どうにかなるとは思えませんが？
そちらの男性一人で、どうにかなるとは思えませんが？
ユウキ
ユウキ
人の心配をしてる場合じゃないぜおじさん
人の心配をしてる場合じゃないぜおじさん
ユウキは不敵に笑う。
ユウキは不敵に笑う。
ユウキ
ユウキ
あんたに会ったら、かずはちんに伝えてくれと言われたんだ
あんたに会ったら、かずはちんに伝えてくれと言われたんだ
ユウキ
ユウキ
俺は倉屋敷重工で作られた、警護用アンドロイドだ
俺は倉屋敷重工で作られた、警護用アンドロイドだ
柳沢
柳沢
ほぅ……
ほぅ……
柳沢
柳沢
なるほど。アンドロイドですか。見事な出来だ
なるほど。アンドロイドですか。見事な出来だ
柳沢
柳沢
倉屋敷重工には、私のスパイも送り込めていなくて。
倉屋敷重工には、私のスパイも送り込めていなくて。
どのような人材を隠し持っているかは、わかっていなかったんです
どのような人材を隠し持っているかは、わかっていなかったんです
柳沢
柳沢
実に興味が出てきましたよ
実に興味が出てきましたよ
秀隆
秀隆
自分が窮地に立たされていることを、分かっているんですか
自分が窮地に立たされていることを、分かっているんですか
柳沢
柳沢
窮地？　あなたたちが私に何を出来ると？
窮地？　あなたたちが私に何を出来ると？
警察でもない島津さんには、私を捕まえる権限はない
警察でもない島津さんには、私を捕まえる権限はない
柳沢
柳沢
それとも、違法アンドロイドを研究していたと言う理由で、
それとも、違法アンドロイドを研究していたと言う理由で、
私に対して暴力行為を働きますか？　それこそ許されることじゃない
私に対して暴力行為を働きますか？　それこそ許されることじゃない
秀隆
秀隆
アクセラを返してください
アクセラを返してください
柳沢
柳沢
……返す？　おかしな話ですね。アレは元々私の所有物だ
……返す？　おかしな話ですね。アレは元々私の所有物だ
柳沢
柳沢
彼女は、彼女の意思でここへと戻って来た。
彼女は、彼女の意思でここへと戻って来た。
自分が何者なのかを知るために、戻って来たんですよ
自分が何者なのかを知るために、戻って来たんですよ
秀隆
秀隆
あいつは……あいつはオレの大切な存在だ
あいつは……あいつはオレの大切な存在だ
柳沢
柳沢
興味深いことを仰いますね、彼女も同じように言っていましたよ
興味深いことを仰いますね、彼女も同じように言っていましたよ
柳沢
柳沢
島津秀隆という男が、誰よりも大切だと
島津秀隆という男が、誰よりも大切だと
秀隆
秀隆
アクセラはどこだ……柳沢！
アクセラはどこだ……柳沢！
柳沢
柳沢
さぁ。どこでしょうか？　あなたには関係のないことだ
さぁ。どこでしょうか？　あなたには関係のないことだ
柳沢
柳沢
どうせ私を捕まえることは、出来ないのですから
どうせ私を捕まえることは、出来ないのですから
ユウキ
ユウキ
そんなことはないぜ
そんなことはないぜ
ユウキが、オレの前へと一歩踏み出した。
ユウキが、オレの前へと一歩踏み出した。
ユウキ
ユウキ
あんたは俺が捕まえる
あんたは俺が捕まえる
秀隆
秀隆
彼は倉屋敷のアンドロイドだ。
彼は倉屋敷のアンドロイドだ。
例えあなたに深手を負わせたとしても、どうとでもなる
例えあなたに深手を負わせたとしても、どうとでもなる
柳沢
柳沢
ははははは。確かに。倉屋敷の権力ならば
ははははは。確かに。倉屋敷の権力ならば
人を殺したとしても、容易に揉み消してしまいそうですね
人を殺したとしても、容易に揉み消してしまいそうですね
柳沢
柳沢
なら、こちらも自らを守るために武装する必要があります
なら、こちらも自らを守るために武装する必要があります
柳沢
柳沢
ご紹介しましょう。私の最高傑作を
ご紹介しましょう。私の最高傑作を
柳沢に呼ばれ、暗闇の中から姿を現す。
柳沢に呼ばれ、暗闇の中から姿を現す。
秀隆
秀隆
な――なんで、あなたが……
な――なんで、あなたが……
静乃
静乃
お久しぶりですね、島津さん
お久しぶりですね、島津さん
秀隆
秀隆
静乃さん……
静乃さん……
柳沢
柳沢
彼女は私がドリームタウンに潜入させていたアンドロイドなんです
彼女は私がドリームタウンに潜入させていたアンドロイドなんです
柳沢
柳沢
アンドロイドは、パワーやスピードは人間を遥かに凌駕する。
アンドロイドは、パワーやスピードは人間を遥かに凌駕する。
でも、アンドロイドという存在では、けして人間を越えることは出来ない
でも、アンドロイドという存在では、けして人間を越えることは出来ない
柳沢
柳沢
だけど、私が造りだした静乃は、
だけど、私が造りだした静乃は、
アンドロイドの強さと、人間の強さを兼ね備えた最強の存在だ
アンドロイドの強さと、人間の強さを兼ね備えた最強の存在だ
柳沢
柳沢
彼女は過去１００年を遡り、
彼女は過去１００年を遡り、
優秀とされた人間たちのデータを集めて造られた存在だ。誰にも勝てはしない
優秀とされた人間たちのデータを集めて造られた存在だ。誰にも勝てはしない
静乃
静乃
マスターの言うように、私にはあらゆるデータが入っています。
マスターの言うように、私にはあらゆるデータが入っています。
あなた方が抵抗しても、勝ち目はありませんよ
あなた方が抵抗しても、勝ち目はありませんよ
ユウキ
ユウキ
おいおい、俺は倉屋敷重工のアンドロイドだぜ？
おいおい、俺は倉屋敷重工のアンドロイドだぜ？
静乃
静乃
……倉屋敷
……倉屋敷
その言葉に、静乃さんが反応する。
その言葉に、静乃さんが反応する。
柳沢
柳沢
では勝負と行きましょうか、私と倉屋敷、どちらが優秀か
では勝負と行きましょうか、私と倉屋敷、どちらが優秀か
秀隆
秀隆
オレは……オレはあなたをどうこうするつもりはありません
オレは……オレはあなたをどうこうするつもりはありません
静乃
静乃
…………
…………
秀隆
秀隆
アクセラを返してもらいたいだけなんです
アクセラを返してもらいたいだけなんです
静乃
静乃
あれは、元々私たちの仲間なんですよ、島津さん
あれは、元々私たちの仲間なんですよ、島津さん
静乃
静乃
返す、と言う言葉は正しくありません
返す、と言う言葉は正しくありません
秀隆
秀隆
アクセラは、オレの大切な人なんです。お願いします……！
アクセラは、オレの大切な人なんです。お願いします……！
静乃
静乃
あなたは、アンドロイドを愛している、と言うことですか？
あなたは、アンドロイドを愛している、と言うことですか？
秀隆
秀隆
はい。人間と変わらないと思っています
はい。人間と変わらないと思っています
静乃
静乃
そうですか
そうですか
静乃
静乃
ですが、私にはどうすることも出来ませんね
ですが、私にはどうすることも出来ませんね
静乃
静乃
私に下された命令は、侵入者を撃退すること。それだけです
私に下された命令は、侵入者を撃退すること。それだけです
秀隆
秀隆
どうしても、ダメなんですか……
どうしても、ダメなんですか……
静乃
静乃
彼に逃げる選択を与えても？
彼に逃げる選択を与えても？
静乃さんが、柳沢に確認を取る。
静乃さんが、柳沢に確認を取る。
だが、柳沢は不敵に笑いながら首を横に振るだけだった。
だが、柳沢は不敵に笑いながら首を横に振るだけだった。
静乃
静乃
残念ながら許可は下りませんでした。殺すしかないようです
残念ながら許可は下りませんでした。殺すしかないようです
秀隆
秀隆
静乃さん！
静乃さん！
静乃
静乃
もし、あなたの言うアクセラと言うアンドロイドを取り戻したいと考えているなら、選択肢は１つしかありません。私を破壊することです
もし、あなたの言うアクセラと言うアンドロイドを取り戻したいと考えているなら、選択肢は１つしかありません。私を破壊することです
秀隆
秀隆
くっ……
くっ……
ダメだ。
ダメだ。
彼女に何を言ったところで、まるで届いていない。
彼女に何を言ったところで、まるで届いていない。
アンドロイドとして、命令以外のことには従わない。
アンドロイドとして、命令以外のことには従わない。
秀隆
秀隆
でも……それでも、やっぱりあなたとは争いたくない……
でも……それでも、やっぱりあなたとは争いたくない……
静乃
静乃
理解不能ですね。何故そこまで躊躇うんですか？
理解不能ですね。何故そこまで躊躇うんですか？
静乃
静乃
私とあなたは数えるほどしかお会いしていません。
私とあなたは数えるほどしかお会いしていません。
迷う必要なんてなく、突き進めばいい。それが正しい判断です
迷う必要なんてなく、突き進めばいい。それが正しい判断です
秀隆
秀隆
数えるほどしか会ってなくたって、人は人を大切に思える
数えるほどしか会ってなくたって、人は人を大切に思える
秀隆
秀隆
静乃さんは、静乃さんなんですから
静乃さんは、静乃さんなんですから
静乃
静乃
アンドロイドでも、ですか
アンドロイドでも、ですか
秀隆
秀隆
そうです。あなたもアクセラと何も変わりません
そうです。あなたもアクセラと何も変わりません
静乃
静乃
人と言うのは面白いですね。理解のできないことばかりです
人と言うのは面白いですね。理解のできないことばかりです
静乃
静乃
私の中には、あなたの考えに達するまでの答えがない
私の中には、あなたの考えに達するまでの答えがない
静乃
静乃
出来ればもう少し、深く追求してみたかったんですが
出来ればもう少し、深く追求してみたかったんですが
se頬をパチッと叩かれる
se頬をパチッと叩かれる
パン、と柳沢が手を叩く。
パン、と柳沢が手を叩く。
静乃
静乃
おしゃべりが過ぎましたね
おしゃべりが過ぎましたね
そういうと、静乃さんから優しさが消えていく。
そういうと、静乃さんから優しさが消えていく。
静乃
静乃
おまえたちを排除する
おまえたちを排除する
秀隆
秀隆
くそっ……もう、どうにもならないのか……
くそっ……もう、どうにもならないのか……
ユウキ
ユウキ
秀隆、おまえはあのおじさんを捕まえろ。
秀隆、おまえはあのおじさんを捕まえろ。
いざとなったら逃げる算段を立ててるに違いないぜ
いざとなったら逃げる算段を立ててるに違いないぜ
秀隆
秀隆
……わかった
……わかった
これ以上粘っても、事態は好転しない。
これ以上粘っても、事態は好転しない。
秀隆
秀隆
……悪いけど、任せるぞ、ユウキ
……悪いけど、任せるぞ、ユウキ
ユウキ
ユウキ
あいよ
あいよ
オレはユウキに静乃さんを任せ、柳沢の方へ向かう。
オレはユウキに静乃さんを任せ、柳沢の方へ向かう。
柳沢
柳沢
やれやれ。この世紀の対決を大人しく見守るつもりはないようですね
やれやれ。この世紀の対決を大人しく見守るつもりはないようですね
秀隆
秀隆
オレは、ここにアクセラを返してもらいに来たんです
オレは、ここにアクセラを返してもらいに来たんです
柳沢
柳沢
そんなに会いたいんですか？　彼女に
そんなに会いたいんですか？　彼女に
秀隆
秀隆
言ったはずだ。アクセラは、オレの大切な存在だと
言ったはずだ。アクセラは、オレの大切な存在だと
柳沢
柳沢
そうですか
そうですか
柳沢
柳沢
そこまで望まれるのなら、会わせないわけにもいきませんね
そこまで望まれるのなら、会わせないわけにもいきませんね
柳沢
柳沢
ではついてきてもらいましょう。会わせて差し上げます
ではついてきてもらいましょう。会わせて差し上げます
柳沢さんはオレに背中を見せる。
柳沢さんはオレに背中を見せる。
捕まえようと思えば捕まえられるが、
捕まえようと思えば捕まえられるが、
アクセラを助け出すまではそうはいかない。
アクセラを助け出すまではそうはいかない。
それに……。
それに……。
静乃
静乃
…………
…………
静乃さんは突き刺すような視線で一挙手一投足オレを監視している。
静乃さんは突き刺すような視線で一挙手一投足オレを監視している。
迂闊に飛び込めば返り討ちだ。
迂闊に飛び込めば返り討ちだ。
柳沢
柳沢
静乃。その倉屋敷との戦闘データは残しておくように
静乃。その倉屋敷との戦闘データは残しておくように
静乃
静乃
了解しました
了解しました
そう言い残し、奥へと向かう。
そう言い残し、奥へと向かう。
秀隆
秀隆
最後に静乃さん。１つだけ聞かせてください
最後に静乃さん。１つだけ聞かせてください
静乃
静乃
……なんだ
……なんだ
秀隆
秀隆
オレが本気でアプローチしてたら、付き合ってくれた可能性はあります？
オレが本気でアプローチしてたら、付き合ってくれた可能性はあります？
静乃
静乃
ないな
ないな
秀隆
秀隆
即答か……相変わらず
即答か……相変わらず
秀隆
秀隆
ユウキ。おまえには１つ言っとく
ユウキ。おまえには１つ言っとく
ユウキ
ユウキ
お、アドバイスか秀隆！
お、アドバイスか秀隆！
秀隆
秀隆
いくらアンドロイドだからって、静乃さんのおっぱいを揉むなよ！
いくらアンドロイドだからって、静乃さんのおっぱいを揉むなよ！
ユウキ
ユウキ
も、揉まねえよ！　なんだよそれ！
も、揉まねえよ！　なんだよそれ！
静乃
静乃
……理解不能だ
……理解不能だ
施設は、想像よりも遥かに巨大な施設だった。
施設は、想像よりも遥かに巨大な施設だった。
秀隆
秀隆
なんなんだ、ここは……こんな広い場所が、貧困街にあったなんて
なんなんだ、ここは……こんな広い場所が、貧困街にあったなんて
柳沢
柳沢
もう１００年以上前の話になりますが、
もう１００年以上前の話になりますが、
ここは、かつて食糧プラントの製造を行っていました。
ここは、かつて食糧プラントの製造を行っていました。
ですが、その管理をしていたのは日本人ではなかったんです
ですが、その管理をしていたのは日本人ではなかったんです
秀隆
秀隆
日本人じゃない……？
日本人じゃない……？
柳沢
柳沢
ジオフロントに逃げ延びた、異国の者たちだったんですよ
ジオフロントに逃げ延びた、異国の者たちだったんですよ
柳沢
柳沢
あなたもご存知のはずです、クイーンの存在を
あなたもご存知のはずです、クイーンの存在を
……日本人と別の国の人間との間に生まれた、ハーフ。
……日本人と別の国の人間との間に生まれた、ハーフ。
柳沢
柳沢
彼らの労働場所だったんです
彼らの労働場所だったんです
秀隆
秀隆
それが、どうして閉鎖に繋がったんだ……
それが、どうして閉鎖に繋がったんだ……
柳沢
柳沢
彼らは人間として未熟でね。
彼らは人間として未熟でね。
規律を守ることもろくに出来ない、約束も守れない。
規律を守ることもろくに出来ない、約束も守れない。
自分勝手で利己的な存在だった
自分勝手で利己的な存在だった
柳沢
柳沢
日本人は何とか彼らを守ろうとした。
日本人は何とか彼らを守ろうとした。
でも、その好意を裏切り、暴動を起こしたんです
でも、その好意を裏切り、暴動を起こしたんです
柳沢
柳沢
そして多くの死傷者が出た
そして多くの死傷者が出た
秀隆
秀隆
…………
…………
柳沢
柳沢
事件の後、逮捕、捕獲された異国の人間はこう言ったそうです。
事件の後、逮捕、捕獲された異国の人間はこう言ったそうです。
真面目に働いていた我々を日本人が襲い、虐殺の限りを尽くしたと
真面目に働いていた我々を日本人が襲い、虐殺の限りを尽くしたと
柳沢
柳沢
面の皮が厚い彼らは、自分の非を認めないどころか、日本人に擦り付けた
面の皮が厚い彼らは、自分の非を認めないどころか、日本人に擦り付けた
柳沢
柳沢
異国の民のために作ったこのプラントが、
異国の民のために作ったこのプラントが、
閉鎖されるのは分かりきっていたことです
閉鎖されるのは分かりきっていたことです
秀隆
秀隆
どうして、そんな話を知っているんだ……
どうして、そんな話を知っているんだ……
柳沢
柳沢
私がスパイ活動を行っていたことは知っているでしょう。
私がスパイ活動を行っていたことは知っているでしょう。
それならば、これらの事実を知ることが難しくないことも想像できるはずです
それならば、これらの事実を知ることが難しくないことも想像できるはずです
柳沢
柳沢
あなたが発見した施設は、元々ダミーだったんです。
あなたが発見した施設は、元々ダミーだったんです。
万が一真実に辿りついた者が、そこにたどり着くようにして置いた
万が一真実に辿りついた者が、そこにたどり着くようにして置いた
秀隆
秀隆
…………
…………
柳沢
柳沢
その事実を知らなかった大河内代表は、
その事実を知らなかった大河内代表は、
慌てて私のところに事の詳細を伝えに来ましたけどね
慌てて私のところに事の詳細を伝えに来ましたけどね
秀隆
秀隆
情報を集めて、何をするつもりなんだ。何が狙いだ
情報を集めて、何をするつもりなんだ。何が狙いだ
柳沢
柳沢
私は興味のあるもの全ての答えを知りたい。それだけですよ
私は興味のあるもの全ての答えを知りたい。それだけですよ
柳沢
柳沢
さぁ、つきましたよ
さぁ、つきましたよ
少し開けた場所。
少し開けた場所。
その先に、座り込むアクセラの姿があった。
その先に、座り込むアクセラの姿があった。
秀隆
秀隆
アクセラ！
アクセラ！
柳沢
柳沢
おっと、落ち着いてください。今彼女の機能は停止させています。
おっと、落ち着いてください。今彼女の機能は停止させています。
もし強行すれば、最悪の事態も起こりうる
もし強行すれば、最悪の事態も起こりうる
秀隆
秀隆
くっ！
くっ！
柳沢
柳沢
まずはゆっくりとお話しましょう。島津さん
まずはゆっくりとお話しましょう。島津さん
柳沢
柳沢
私はあなたへの興味も尽きていないんです
私はあなたへの興味も尽きていないんです
秀隆
秀隆
あんたと話すことは何もない
あんたと話すことは何もない
柳沢
柳沢
私も随分と嫌われたものです。
私も随分と嫌われたものです。
アンドロイドの研究が、それほどいけないことですか？
アンドロイドの研究が、それほどいけないことですか？
秀隆
秀隆
それだけじゃないだろ。あんたの悪事は
それだけじゃないだろ。あんたの悪事は
柳沢
柳沢
悪事ですか？　覚えがありませんね
悪事ですか？　覚えがありませんね
秀隆
秀隆
５年前の、山梨ビル爆破事件……その背景にある株価の妙な動き
５年前の、山梨ビル爆破事件……その背景にある株価の妙な動き
秀隆
秀隆
片桐食糧プラントで起きた、トウモロコシの栽培法
片桐食糧プラントで起きた、トウモロコシの栽培法
秀隆
秀隆
それら全てに、柳沢、おまえが関与しているはずだ
それら全てに、柳沢、おまえが関与しているはずだ
柳沢
柳沢
エクセレンツ。お見事です島津さん
エクセレンツ。お見事です島津さん
柳沢
柳沢
確かにそのどちらも、私が関わっていたことですよ。
確かにそのどちらも、私が関わっていたことですよ。
どちらも興味本位による実験に過ぎませんが
どちらも興味本位による実験に過ぎませんが
秀隆
秀隆
あんたはアクセラを使って、何をさせた
あんたはアクセラを使って、何をさせた
柳沢
柳沢
彼女自身も、同じことを私に問いかけましたよ
彼女自身も、同じことを私に問いかけましたよ
柳沢
柳沢
自らの過去が、どんなものなのかを求めて来た
自らの過去が、どんなものなのかを求めて来た
秀隆
秀隆
…………
…………
柳沢
柳沢
このアンドロイドは、私が造ったものの１つでして。
このアンドロイドは、私が造ったものの１つでして。
情報を集め、そして不要になったものを処理させていました
情報を集め、そして不要になったものを処理させていました
秀隆
秀隆
不要になったもの、だと……？
不要になったもの、だと……？
柳沢
柳沢
あのビルの爆破のように、始末させていただけですよ
あのビルの爆破のように、始末させていただけですよ
秀隆
秀隆
っ……
っ……
やはり、あの爆発は―――。
やはり、あの爆発は―――。
柳沢
柳沢
それがどうかしましたか？
それがどうかしましたか？
秀隆
秀隆
おまえの悪事は、許されることじゃない
おまえの悪事は、許されることじゃない
柳沢
柳沢
悪事？　不要なものを始末しただけですよ私は
悪事？　不要なものを始末しただけですよ私は
柳沢
柳沢
それにアンドロイドが手を下したことです
それにアンドロイドが手を下したことです
秀隆
秀隆
そんなことで罪を逃れられると思っているのか
そんなことで罪を逃れられると思っているのか
柳沢
柳沢
罪？　罪とはなんです？
罪？　罪とはなんです？
呆れた様に首を振る。
呆れた様に首を振る。
柳沢
柳沢
やれやれ。あなたにはまだカウンセリングが必要なようだ
やれやれ。あなたにはまだカウンセリングが必要なようだ
秀隆
秀隆
なに？
なに？
柳沢
柳沢
見当違いのことを言われては、こちらとしても心外でしてね
見当違いのことを言われては、こちらとしても心外でしてね
柳沢
柳沢
何度も申し上げているように、私は興味本位に行動しているだけ
何度も申し上げているように、私は興味本位に行動しているだけ
柳沢
柳沢
そこに善意も悪意もないのですよ
そこに善意も悪意もないのですよ
柳沢
柳沢
さて、カウンセリングを行うには先生が必要ですよね
さて、カウンセリングを行うには先生が必要ですよね
秀隆
秀隆
まさか
まさか
杉村
杉村
もちろん私のことよ、島津くん
もちろん私のことよ、島津くん
耳元で、杉村さんの声が聞こえた。
耳元で、杉村さんの声が聞こえた。
その瞬間、オレは両手を背後に回され、押さえつけられる。
その瞬間、オレは両手を背後に回され、押さえつけられる。
秀隆
秀隆
っ！
っ！
柳沢
柳沢
彼女の正体が見破られたことも、興味の対象なんですよ。
彼女の正体が見破られたことも、興味の対象なんですよ。
あの水野凛と言う少女が持つ、アンドロイドを見抜く力
あの水野凛と言う少女が持つ、アンドロイドを見抜く力
柳沢
柳沢
あれは、徹底解明する必要がありそうだ
あれは、徹底解明する必要がありそうだ
オレを上から押さえつける杉村さんを、どかすことが出来ない。
オレを上から押さえつける杉村さんを、どかすことが出来ない。
杉村
杉村
無駄よ。アンドロイドのパワーに、人間は勝てないのよぉ
無駄よ。アンドロイドのパワーに、人間は勝てないのよぉ
秀隆
秀隆
……あなたが、アンドロイドだなんて……
……あなたが、アンドロイドだなんて……
杉村
杉村
信じられない？　だけど、これは本当のこと
信じられない？　だけど、これは本当のこと
秀隆
秀隆
唐沢さんに近づいたのも……情報を探るためですか……
唐沢さんに近づいたのも……情報を探るためですか……
杉村
杉村
当たり前じゃない。じゃなきゃ、
当たり前じゃない。じゃなきゃ、
誰が好き好んであんな親父に抱かれるって言うの？
誰が好き好んであんな親父に抱かれるって言うの？
杉村
杉村
あの人、女性への免疫０だったから。
あの人、女性への免疫０だったから。
私がちょっと詰め寄ったら、あっさり落ちてくれたの
私がちょっと詰め寄ったら、あっさり落ちてくれたの
杉村
杉村
ペラペラとベッドで話してくれたわ。
ペラペラとベッドで話してくれたわ。
もちろん、あなたのこともね、島津くん
もちろん、あなたのこともね、島津くん
秀隆
秀隆
…………
…………
柳沢
柳沢
君のことは、杉村から詳しく聞いているよ。
君のことは、杉村から詳しく聞いているよ。
お姉さんの死のことも。特務官への想いも。全部ね
お姉さんの死のことも。特務官への想いも。全部ね
オレは、唐沢さんに杉村さんを紹介してもらった。
オレは、唐沢さんに杉村さんを紹介してもらった。
恐らくその段階から、オレは柳沢に興味の対象として見られていたのか。
恐らくその段階から、オレは柳沢に興味の対象として見られていたのか。
秀隆
秀隆
…………
…………
柳沢
柳沢
驚きで声も出ないですか？
驚きで声も出ないですか？
秀隆
秀隆
いや……納得してたところだ……
いや……納得してたところだ……
秀隆
秀隆
あんたが、オレの過去を知っていることは、前から分かってた
あんたが、オレの過去を知っていることは、前から分かってた
柳沢
柳沢
そう、それだよ。君のその根拠を聞きたいんだ
そう、それだよ。君のその根拠を聞きたいんだ
柳沢
柳沢
アクセラの存在だけじゃ、私へとは結び付けられなかったはず
アクセラの存在だけじゃ、私へとは結び付けられなかったはず
秀隆
秀隆
あんたが、オレと街でコーヒーを飲んだことがあった
あんたが、オレと街でコーヒーを飲んだことがあった
柳沢
柳沢
ちゃんと覚えているよ。うん
ちゃんと覚えているよ。うん
秀隆
秀隆
あの時、オレに嘘を言ったよな。病弱な姉が死んだと
あの時、オレに嘘を言ったよな。病弱な姉が死んだと
秀隆
秀隆
何らかの方法でオレの過去を知ったあんたは、
何らかの方法でオレの過去を知ったあんたは、
オレから親近感を誘うために、近しい嘘をついたんだ
オレから親近感を誘うために、近しい嘘をついたんだ
秀隆
秀隆
姉と死と言う言葉を混ぜ合わせることで
姉と死と言う言葉を混ぜ合わせることで
柳沢
柳沢
……そうか。君はそれに気づいていたのか。なるほどなるほど
……そうか。君はそれに気づいていたのか。なるほどなるほど
柳沢
柳沢
はは、ははははははは！　なるほど、なるほど！
はは、ははははははは！　なるほど、なるほど！
柳沢
柳沢
そのことには気づかなかったな。いやぁすっきりしたよ
そのことには気づかなかったな。いやぁすっきりしたよ
柳沢
柳沢
君はやっぱり頭がいいね
君はやっぱり頭がいいね
柳沢
柳沢
私はそこだけが知りたかったんだ。うん、解決、解決だ
私はそこだけが知りたかったんだ。うん、解決、解決だ
秀隆
秀隆
でも、その情報源が杉村さんだとは、気づかなかった……。
でも、その情報源が杉村さんだとは、気づかなかった……。
それはオレの落ち度だ
それはオレの落ち度だ
もっと早くこの事実に気づいていれば、
もっと早くこの事実に気づいていれば、
アクセラがこんな目に遭わずに済んだかもしれない。
アクセラがこんな目に遭わずに済んだかもしれない。
柳沢
柳沢
君の全てがやっと理解できたよ。これで、君を消すことに未練がなくなった
君の全てがやっと理解できたよ。これで、君を消すことに未練がなくなった
秀隆
秀隆
オレの全部を知った？　冗談でしょ……。
オレの全部を知った？　冗談でしょ……。
オレがあんたを怪しいと思ったのには、もう一つ理由がある
オレがあんたを怪しいと思ったのには、もう一つ理由がある
柳沢
柳沢
なんだって？
なんだって？
秀隆
秀隆
あんたが旅行に来てたオレたちに接触し、
あんたが旅行に来てたオレたちに接触し、
体調を崩した秋に近づいた時、こう言ったよな
体調を崩した秋に近づいた時、こう言ったよな
秀隆
秀隆
かかり付けの医師に処方してもらった薬を、と
かかり付けの医師に処方してもらった薬を、と
秀隆
秀隆
そんなこと、通常分かるはずがない
そんなこと、通常分かるはずがない
秀隆
秀隆
事前に秋の病気について知っていなかったら、絶対にな
事前に秋の病気について知っていなかったら、絶対にな
柳沢
柳沢
君はどこまでも私を楽しませてくれるようだ。いい、実にいいね
君はどこまでも私を楽しませてくれるようだ。いい、実にいいね
秀隆
秀隆
あんたはいつも楽しそうに笑うんだな
あんたはいつも楽しそうに笑うんだな
柳沢
柳沢
楽しいからね。楽しいと笑うのは、当たり前だろう？
楽しいからね。楽しいと笑うのは、当たり前だろう？
こいつは、頭のネジが吹き飛んでいるらしい。
こいつは、頭のネジが吹き飛んでいるらしい。
杉村
杉村
島津くん。あなたの敗因を教えてあげます。
島津くん。あなたの敗因を教えてあげます。
私からあなたにしてあげられる、最後の助言よ
私からあなたにしてあげられる、最後の助言よ
杉村
杉村
あなたは、私に対して全てを曝け出し過ぎた。
あなたは、私に対して全てを曝け出し過ぎた。
自分の過去を、弱みを、そして強さを、全部話し過ぎた
自分の過去を、弱みを、そして強さを、全部話し過ぎた
柳沢
柳沢
うん、その通り。君の過去は実に面白かったよ
うん、その通り。君の過去は実に面白かったよ
柳沢
柳沢
杉村が診た患者の中で、一番面白い話だった
杉村が診た患者の中で、一番面白い話だった
秀隆
秀隆
病人の話まで、全部筒抜けだったのか……
病人の話まで、全部筒抜けだったのか……
柳沢
柳沢
言っただろう？　私は興味で動いているんだ。
言っただろう？　私は興味で動いているんだ。
知りたいことは、全部知らなきゃ気がすまない
知りたいことは、全部知らなきゃ気がすまない
杉村
杉村
私もマスターも、あなたの嘘に気づかなかった
私もマスターも、あなたの嘘に気づかなかった
杉村
杉村
見事な演技だったわ、島津くん
見事な演技だったわ、島津くん
演技とは……もちろん、オレの過去の行いに対してだろう。
演技とは……もちろん、オレの過去の行いに対してだろう。
秀隆
秀隆
……杉村さん、おっぱい、当たってますよ
……杉村さん、おっぱい、当たってますよ
杉村
杉村
ふふ。最後くらいサービスってことで
ふふ。最後くらいサービスってことで
秀隆
秀隆
それは嬉しいですね……出来ればずっと堪能してたいくらいだ
それは嬉しいですね……出来ればずっと堪能してたいくらいだ
杉村
杉村
どうせなら、直接触ってみる？
どうせなら、直接触ってみる？
杉村さんはオレの手を片方解放させると、
杉村さんはオレの手を片方解放させると、
自らの胸に手のひらを押し付けさせた。
自らの胸に手のひらを押し付けさせた。
杉村
杉村
あなたが夢にまで見た、私のおっぱいよ。存分に揉んでいいんだから
あなたが夢にまで見た、私のおっぱいよ。存分に揉んでいいんだから
秀隆
秀隆
……なんか、感動がないっすね
……なんか、感動がないっすね
秀隆
秀隆
ずっと、杉村さんのおっぱいは最高だと思ってたんです
ずっと、杉村さんのおっぱいは最高だと思ってたんです
秀隆
秀隆
でも……アクセラのに比べたら、ゴミみたいなもんだ
でも……アクセラのに比べたら、ゴミみたいなもんだ
杉村
杉村
……言ってくれるじゃない。アンドロイドでも傷つくのよ？
……言ってくれるじゃない。アンドロイドでも傷つくのよ？
se首を絞められる0
se首を絞められる0
秀隆
秀隆
くっ！
くっ！
ぐりっとオレの腕を締め上げる。
ぐりっとオレの腕を締め上げる。
柳沢
柳沢
君は、残念だけど帰すわけにはいかない。
君は、残念だけど帰すわけにはいかない。
私の全てを話して聞かせた以上、ここで死んでもらわないと
私の全てを話して聞かせた以上、ここで死んでもらわないと
柳沢
柳沢
あぁ、妹のことは安心していいよ。
あぁ、妹のことは安心していいよ。
私は彼女の病気にも興味があるんだ
私は彼女の病気にも興味があるんだ
柳沢
柳沢
調べて調べて、徹底的に調べ上げる。面白そうだろう？
調べて調べて、徹底的に調べ上げる。面白そうだろう？
柳沢
柳沢
さて。じゃあ君とはお別れだ。話せて楽しかったよ
さて。じゃあ君とはお別れだ。話せて楽しかったよ
秀隆
秀隆
あんたは、所詮その程度ってことだ……
あんたは、所詮その程度ってことだ……
秀隆
秀隆
全部理解しているようで、理解していない
全部理解しているようで、理解していない
柳沢
柳沢
もうよしたまえ。無駄な抵抗をしても意味がない。
もうよしたまえ。無駄な抵抗をしても意味がない。
これ以上君に対する謎は何も残っていないよ
これ以上君に対する謎は何も残っていないよ
秀隆
秀隆
オレは
オレは
オレは杉村さんに押さえ込まれる前、
オレは杉村さんに押さえ込まれる前、
ポケットから取り出しておいた例のモノ握り込む。
ポケットから取り出しておいた例のモノ握り込む。
秀隆
秀隆
杉村さん……オレ、あなたのことが好きでした
杉村さん……オレ、あなたのことが好きでした
秀隆
秀隆
誰よりも親身になってくれて、オレを励ましてくれて
誰よりも親身になってくれて、オレを励ましてくれて
杉村
杉村
私もよ島津くん。あなたは可愛い患者だった
私もよ島津くん。あなたは可愛い患者だった
杉村
杉村
だからこそ、私の手で殺してあげる
だからこそ、私の手で殺してあげる
秀隆
秀隆
そうですね……オレも、同じ気持ちです
そうですね……オレも、同じ気持ちです
秀隆
秀隆
残念です
残念です
杉村
杉村
えっ……？
えっ……？
右手を強く握り締め、オレは杉村さんの
右手を強く握り締め、オレは杉村さんの
手の甲に、針の先端を突き刺した。
手の甲に、針の先端を突き刺した。
杉村
杉村
……なにかしら、これは
……なにかしら、これは
秀隆
秀隆
さようなら、杉村さん
さようなら、杉村さん
そして、スイッチへと手をかけた。
そして、スイッチへと手をかけた。
seスタンガン (2
seスタンガン (2
ボタンを押した瞬間、杉村さんの瞳から火花のようなものが散った。
ボタンを押した瞬間、杉村さんの瞳から火花のようなものが散った。
杉村
杉村
っ……な、なに……なにガ……
っ……な、なに……なにガ……
がくがくと身体が震えだす。
がくがくと身体が震えだす。
柳沢
柳沢
どうした杉村
どうした杉村
杉村
杉村
か、身体が……ワ、私……
か、身体が……ワ、私……
そして、そのまま、まるで人がその命を失っていくように。
そして、そのまま、まるで人がその命を失っていくように。
その場に崩れ落ちる。
その場に崩れ落ちる。
杉村
杉村
わ、たし……なに…を……
わ、たし……なに…を……
抵抗することも出来ず、
抵抗することも出来ず、
静かに眠りへと落ちていくように、沈黙した。
静かに眠りへと落ちていくように、沈黙した。
秀隆
秀隆
社長……ほんと、凄い人だな……
社長……ほんと、凄い人だな……
凶悪なアンドロイドが、一瞬にして沈黙した。
凶悪なアンドロイドが、一瞬にして沈黙した。
秀隆
秀隆
……アクセラを、返してもらおう
……アクセラを、返してもらおう
柳沢
柳沢
なんだ。その手に持ってるものは、なんだ！
なんだ。その手に持ってるものは、なんだ！
この状況でも、柳沢は子供のように興味を示す。
この状況でも、柳沢は子供のように興味を示す。
秀隆
秀隆
もう、あんたには何も教えることはない
もう、あんたには何も教えることはない
オレは、柳沢へと駆けた。
オレは、柳沢へと駆けた。
そして渾身の一撃を、柳沢の顔面へと叩き込む。
そして渾身の一撃を、柳沢の顔面へと叩き込む。
柳沢
柳沢
ぐっ！！！
ぐっ！！！
大きく後退し、吹き飛ぶ柳沢。
大きく後退し、吹き飛ぶ柳沢。
こんな奴はどうでもいい。
こんな奴はどうでもいい。
オレは目もくれずアクセラの下へ駆ける。
オレは目もくれずアクセラの下へ駆ける。
秀隆
秀隆
アクセラ、アクセラっ！
アクセラ、アクセラっ！
柳沢
柳沢
ま、全く……私を殴り飛ばすなんて……興味深いね
ま、全く……私を殴り飛ばすなんて……興味深いね
座ったまま動かないアクセラの肩をゆするが、ピクリともしない。
座ったまま動かないアクセラの肩をゆするが、ピクリともしない。
電源が入っていないのかと思ったが、瞳には光が宿っている。
電源が入っていないのかと思ったが、瞳には光が宿っている。
秀隆
秀隆
おい……
おい……
秀隆
秀隆
アクセラを元に戻せ！
アクセラを元に戻せ！
オレは柳沢に詰め寄り、倒れた状態の胸倉を掴み上げた。
オレは柳沢に詰め寄り、倒れた状態の胸倉を掴み上げた。
柳沢
柳沢
元に戻す？　何を言ってるんだ君は
元に戻す？　何を言ってるんだ君は
秀隆
秀隆
おまえこそ、何言ってる。アクセラを元に戻せ！
おまえこそ、何言ってる。アクセラを元に戻せ！
柳沢
柳沢
おかしなことを言う。アクセラ……
おかしなことを言う。アクセラ……
いや、秋本はちゃんと、元に戻しておいたよ？
いや、秋本はちゃんと、元に戻しておいたよ？
秀隆
秀隆
あき、もと……？
あき、もと……？
柳沢
柳沢
私を助けてくれ。秋本
私を助けてくれ。秋本
アクセラ
アクセラ
はい、マスター
はい、マスター
秀隆
秀隆
っ！？
っ！？
突如、動かなかったはずのアクセラが目を覚ました。
突如、動かなかったはずのアクセラが目を覚ました。
脳天を叩き割られたような衝撃が、オレを襲う。
脳天を叩き割られたような衝撃が、オレを襲う。
秀隆
秀隆
は―――！？
は―――！？
あまりもの痛みに、呼吸を忘れ頭を抱え込んだ。
あまりもの痛みに、呼吸を忘れ頭を抱え込んだ。
秀隆
秀隆
あ、あくせ、ら……！？
あ、あくせ、ら……！？
アクセラ
アクセラ
……大丈夫ですか、マスター
……大丈夫ですか、マスター
柳沢
柳沢
ああ。大丈夫だよ。人に殴られたのは初めての経験だ。
ああ。大丈夫だよ。人に殴られたのは初めての経験だ。
これもまた、中々興味深い感覚だった
これもまた、中々興味深い感覚だった
秀隆
秀隆
ぐっ……！
ぐっ……！
柳沢
柳沢
無理はしない方がいい。アンドロイドの蹴りは強力だろう？
無理はしない方がいい。アンドロイドの蹴りは強力だろう？
秀隆
秀隆
なにをした……アクセラに、何をしたんだっ……
なにをした……アクセラに、何をしたんだっ……
柳沢
柳沢
君の望むとおりのことさ。元に戻したんだよ。
君の望むとおりのことさ。元に戻したんだよ。
アクセラと言う人格になる前の、その状態にね
アクセラと言う人格になる前の、その状態にね
秀隆
秀隆
うそだ……そんな……
うそだ……そんな……
柳沢
柳沢
嘘なんかじゃないさ。もう彼女には君の記憶はない
嘘なんかじゃないさ。もう彼女には君の記憶はない
秀隆
秀隆
……アクセラ……
……アクセラ……
秀隆
秀隆
オレだ、秀隆だ……
オレだ、秀隆だ……
秀隆
秀隆
オレはおまえの、おまえの
オレはおまえの、おまえの
柳沢
柳沢
彼女の記憶は、私がしっかりと消去しておいた。
彼女の記憶は、私がしっかりと消去しておいた。
どれだけ君が呼びかけても、もう二度と名前も呼んで貰えない
どれだけ君が呼びかけても、もう二度と名前も呼んで貰えない
秀隆
秀隆
……嘘だ……そんなの……嘘だ……
……嘘だ……そんなの……嘘だ……
柳沢
柳沢
君はバカじゃないんだ。理解できているはずだ。
君はバカじゃないんだ。理解できているはずだ。
今のこの状況を見れば、これが真実だとわかっているはずだ
今のこの状況を見れば、これが真実だとわかっているはずだ
柳沢
柳沢
自分を演じて、彼女に呼びかけても無駄だよ
自分を演じて、彼女に呼びかけても無駄だよ
秀隆
秀隆
嘘だ……嘘だ……
嘘だ……嘘だ……
柳沢
柳沢
やれやれ。まだ何か見せてくれるかもと期待したけど、
やれやれ。まだ何か見せてくれるかもと期待したけど、
どうやらそれは見られそうにないね
どうやらそれは見られそうにないね
柳沢
柳沢
せめて奇跡を信じてみたらどうだい。
せめて奇跡を信じてみたらどうだい。
彼女の消したはずの記憶が蘇る、そんな奇跡を！
彼女の消したはずの記憶が蘇る、そんな奇跡を！
秀隆
秀隆
嘘だ、アクセラが、嘘だ……
嘘だ、アクセラが、嘘だ……
オレはその場に立ち尽くし、アクセラを見つめる。
オレはその場に立ち尽くし、アクセラを見つめる。
柳沢
柳沢
やれやれ。もう無駄なようだね
やれやれ。もう無駄なようだね
柳沢
柳沢
秋本。せめてもの慈悲だよ。
秋本。せめてもの慈悲だよ。
彼の首を絞め、君の顔を見せながら殺してやってくれ
彼の首を絞め、君の顔を見せながら殺してやってくれ
アクセラ
アクセラ
了解しました
了解しました
ゆっくりとアクセラが近づいて来る。
ゆっくりとアクセラが近づいて来る。
オレは先ほどの一撃を受け、まだ身体が満足に動かない。
オレは先ほどの一撃を受け、まだ身体が満足に動かない。
今オレに出来ることは、
今オレに出来ることは、
倉屋敷社長に託されたコレを使うことだけ。
倉屋敷社長に託されたコレを使うことだけ。
でも
でも
柳沢
柳沢
その手にした道具を、彼女にも突き刺すのかい？
その手にした道具を、彼女にも突き刺すのかい？
見たところ、それはアンドロイドの全てを破壊するものだ
見たところ、それはアンドロイドの全てを破壊するものだ
柳沢
柳沢
もしも彼女に突き立てれば、
もしも彼女に突き立てれば、
その肉体は二度と使用出来なくなるだろう
その肉体は二度と使用出来なくなるだろう
柳沢
柳沢
記憶が戻るかも知れない、そんな奇跡も消えうせてしまう
記憶が戻るかも知れない、そんな奇跡も消えうせてしまう
柳沢
柳沢
それでもいいのかい？
それでもいいのかい？
柳沢は子供のようにはしゃぐ。
柳沢は子供のようにはしゃぐ。
こいつは、オレがどっちの選択を選んでもいいと思っている。
こいつは、オレがどっちの選択を選んでもいいと思っている。
オレが死ぬかアクセラが死ぬか。
オレが死ぬかアクセラが死ぬか。
その答えが見られれば満足なんだ。
その答えが見られれば満足なんだ。
秀隆
秀隆
オレは
オレは
se首を絞められる0
se首を絞められる0
アクセラが、オレの首を絞めあげる。
アクセラが、オレの首を絞めあげる。
秀隆
秀隆
が―――！
が―――！
アクセラ
アクセラ
今から、あなたを絞め殺します
今から、あなたを絞め殺します
その表情には色がない。
その表情には色がない。
淡々と物事をこなす、アンドロイドがそこに居た。
淡々と物事をこなす、アンドロイドがそこに居た。
秀隆
秀隆
オレが、わからないのか……アクセラっ……
オレが、わからないのか……アクセラっ……
アクセラ
アクセラ
あなたのような人は存じ上げません
あなたのような人は存じ上げません
秀隆
秀隆
秀隆、ひでたか、だっ
秀隆、ひでたか、だっ
アクセラ
アクセラ
該当する名前はありません
該当する名前はありません
淡々と、機械的に言葉を発する。
淡々と、機械的に言葉を発する。
se首を絞められる2
se首を絞められる2
秀隆
秀隆
や、やめ……
や、やめ……
首が絞まっていく。
首が絞まっていく。
意識が、遠のいていく。
意識が、遠のいていく。
se首を絞められる1
se首を絞められる1
秀隆
秀隆
アク、セラ…………
アク、セラ…………
アクセラ
アクセラ
私は秋元と言う名前です
私は秋元と言う名前です
ぎちぎちと締め付けられ、呼吸は出来ない。
ぎちぎちと締め付けられ、呼吸は出来ない。
アクセラ
アクセラ
覚えておいてください
覚えておいてください
秀隆
秀隆
あく、せ……
あく、せ……
秀隆
秀隆
あああああああああああっ！！
あああああああああああっ！！
最後の力を振り絞り、オレはアクセラの首へ、針を突き立てた。
最後の力を振り絞り、オレはアクセラの首へ、針を突き立てた。
アクセラ
アクセラ
っ……！
っ……！
柳沢
柳沢
まさか……
まさか……
秀隆
秀隆
ごめん、な……今まで、ありがとう……
ごめん、な……今まで、ありがとう……
seスタンガン (2
seスタンガン (2
オレは、スイッチを押した。
オレは、スイッチを押した。
アクセラ
アクセラ
あ、か……エラー検出……修復……不能……
あ、か……エラー検出……修復……不能……
アクセラ
アクセラ
……修復……
……修復……
事切れたマリオネットのように、
事切れたマリオネットのように、
アクセラはゆっくりとその身を崩した。
アクセラはゆっくりとその身を崩した。
秀隆
秀隆
…………
…………
柳沢
柳沢
君が、彼女を葬るとは。少し計算外だったよ
君が、彼女を葬るとは。少し計算外だったよ
秀隆
秀隆
オレは、今すぐおまえをこの手で殺してやりたい……
オレは、今すぐおまえをこの手で殺してやりたい……
秀隆
秀隆
だけど……倉屋敷社長と約束した。おまえを、彼女の下に連れて行くと
だけど……倉屋敷社長と約束した。おまえを、彼女の下に連れて行くと
柳沢
柳沢
それは、静乃を倒してから言ってもらいたいね
それは、静乃を倒してから言ってもらいたいね
秀隆
秀隆
静乃？　あんたの期待しているアンドロイドは、来ない
静乃？　あんたの期待しているアンドロイドは、来ない
ユウキ
ユウキ
じゃあ、改めて言ってやれよ、秀隆
じゃあ、改めて言ってやれよ、秀隆
柳沢
柳沢
っ！？
っ！？
ユウキが、ポンと何かを放り投げた。
ユウキが、ポンと何かを放り投げた。
ガシャンと音を立て……静乃の頭が、柳沢の前に転がる。
ガシャンと音を立て……静乃の頭が、柳沢の前に転がる。
柳沢
柳沢
私の最強のアンドロイドを
私の最強のアンドロイドを
ユウキ
ユウキ
いや、マジ強かったわ。洒落にならんかった
いや、マジ強かったわ。洒落にならんかった
ユウキ
ユウキ
けど……倉屋敷の技術には及ばなかったってことだな
けど……倉屋敷の技術には及ばなかったってことだな
ユウキの外見を見ると、身体はかなり悲惨な状態になっていた。
ユウキの外見を見ると、身体はかなり悲惨な状態になっていた。
一歩間違えば、やられていたのはユウキだったかもしれない。
一歩間違えば、やられていたのはユウキだったかもしれない。
柳沢
柳沢
全く。ははははははは！　興味が尽きないね
全く。ははははははは！　興味が尽きないね
秀隆
秀隆
あんたはもう、逃げられない
あんたはもう、逃げられない
柳沢
柳沢
うん、そのようだ。まぁいいさ、今回は私の負けだ、素直に認めよう
うん、そのようだ。まぁいいさ、今回は私の負けだ、素直に認めよう
そういい、柳沢は悪びれた様子もなく腕を差し出した。
そういい、柳沢は悪びれた様子もなく腕を差し出した。
柳沢
柳沢
好きにすればいいさ
好きにすればいいさ
ユウキがその身柄を確保する。
ユウキがその身柄を確保する。
秀隆
秀隆
…………
…………
柳沢
柳沢
私を倉屋敷の下へ連れて行く、だったね？
私を倉屋敷の下へ連れて行く、だったね？
ユウキ
ユウキ
秀隆、アクセラちゃんは……
秀隆、アクセラちゃんは……
ユウキが倒れたアクセラに視線をやる。
ユウキが倒れたアクセラに視線をやる。
オレは、アクセラを抱き起すが、反応はない。
オレは、アクセラを抱き起すが、反応はない。
倉屋敷社長は、けして冗談を言う人じゃない。
倉屋敷社長は、けして冗談を言う人じゃない。
首筋に刺さったこの兵器は、アンドロイドのすべてを破壊する。
首筋に刺さったこの兵器は、アンドロイドのすべてを破壊する。
もはや、アクセラの肉体は使用不能だろう。
もはや、アクセラの肉体は使用不能だろう。
それに……すでに記憶がなければ、それは死んでいたも同然だ。
それに……すでに記憶がなければ、それは死んでいたも同然だ。
秀隆
秀隆
いいんだ。もう……
いいんだ。もう……
オレは、そっとアクセラの髪を撫でた。
オレは、そっとアクセラの髪を撫でた。
秀隆
秀隆
ごめんな……
ごめんな……
柳沢
柳沢
全く、人生とは何が起こるかわからないものだね。
全く、人生とは何が起こるかわからないものだね。
この私が捕まるなんて
この私が捕まるなんて
和葉
和葉
こいつか？　例の違法改造をやらかした奴は
こいつか？　例の違法改造をやらかした奴は
秀隆
秀隆
……はい。柳沢軍司と言って、製薬会社の社長をやっています
……はい。柳沢軍司と言って、製薬会社の社長をやっています
柳沢
柳沢
初めまして倉屋敷社長。こんな形でお会いするのは、非常に残念ですよ
初めまして倉屋敷社長。こんな形でお会いするのは、非常に残念ですよ
両手にはめられた手錠を見せ笑う。
両手にはめられた手錠を見せ笑う。
和葉
和葉
随分と好き勝手やってたみたいだな
随分と好き勝手やってたみたいだな
柳沢
柳沢
ええ。私の造りだした隠密アンドロイドたちは完璧でした
ええ。私の造りだした隠密アンドロイドたちは完璧でした
柳沢
柳沢
稀代の天才と言われたあなたのプロテクト、
稀代の天才と言われたあなたのプロテクト、
その名に偽りはありませんでしたが、私はそれを突破した。
その名に偽りはありませんでしたが、私はそれを突破した。
街に張り巡らされた包囲網に引っかかることもなかった
街に張り巡らされた包囲網に引っかかることもなかった
和葉
和葉
…………
…………
柳沢
柳沢
言葉も出ませんか？　無理もありません、
言葉も出ませんか？　無理もありません、
あなたの絶対を誇っていたプロテクトが破られ、
あなたの絶対を誇っていたプロテクトが破られ、
そして私の造りだしたアンドロイドが完璧だったんですからね
そして私の造りだしたアンドロイドが完璧だったんですからね
和葉
和葉
…………
…………
柳沢
柳沢
パワーと言う点においては敗れてしまったが、
パワーと言う点においては敗れてしまったが、
より人間に近づけると言う意味では、私はあなたを凌駕したんです
より人間に近づけると言う意味では、私はあなたを凌駕したんです
柳沢
柳沢
私はすぐ戻ってきますよ。幾らでも方法はあるんです
私はすぐ戻ってきますよ。幾らでも方法はあるんです
和葉
和葉
やれやれ
やれやれ
はんと、息を吐き、社長はテーブルの上に紙を置いた。
はんと、息を吐き、社長はテーブルの上に紙を置いた。
柳沢
柳沢
なんです？　これは
なんです？　これは
和葉
和葉
隠密の完璧なアンドロイド？　笑わせるな
隠密の完璧なアンドロイド？　笑わせるな
和葉
和葉
人間のように誤魔化すアンドロイドを造り上げただと？
人間のように誤魔化すアンドロイドを造り上げただと？
所詮倉屋敷の造りだしたアンドロイドに手を加えただけだろうが
所詮倉屋敷の造りだしたアンドロイドに手を加えただけだろうが
和葉
和葉
ここもダメ、ここもダメ、ここもダメ。欠陥だらけだ
ここもダメ、ここもダメ、ここもダメ。欠陥だらけだ
柳沢
柳沢
…………
…………
ちらりと見えた紙には、オレには読むことすら出来ない
ちらりと見えた紙には、オレには読むことすら出来ない
プログラムの文字が躍り狂っていた。
プログラムの文字が躍り狂っていた。
和葉
和葉
お前には何かを作り変えることは出来ても、
お前には何かを作り変えることは出来ても、
新しく生み出すことは出来ない。技術者としては三流だ
新しく生み出すことは出来ない。技術者としては三流だ
柳沢
柳沢
私のアンドロイドを、侮辱するつもりですか？
私のアンドロイドを、侮辱するつもりですか？
和葉
和葉
あたしは初めからおまえを侮辱してるんだよ
あたしは初めからおまえを侮辱してるんだよ
柳沢
柳沢
…………
…………
今まで笑みを保っていた柳沢から、笑みが消えていく。
今まで笑みを保っていた柳沢から、笑みが消えていく。
和葉
和葉
ここにいるユウキは、あたしの先祖が１５０年以上も前に造り出したものだ。おまえはそのアンドロイドにも勝てない欠陥品しか造っていなかった
ここにいるユウキは、あたしの先祖が１５０年以上も前に造り出したものだ。おまえはそのアンドロイドにも勝てない欠陥品しか造っていなかった
柳沢
柳沢
ひゃ、ひゃく、五十年……
ひゃ、ひゃく、五十年……
和葉
和葉
それがどれだけ途方もない歳月かはアホのおまえでもわかるだろ
それがどれだけ途方もない歳月かはアホのおまえでもわかるだろ
不敵に笑った倉屋敷社長は、柳沢の頬を殴った。
不敵に笑った倉屋敷社長は、柳沢の頬を殴った。
それも全力で。
それも全力で。
和葉
和葉
アホの癖に一人前に研究者を名乗る？　滑稽だな
アホの癖に一人前に研究者を名乗る？　滑稽だな
柳沢
柳沢
ありえない……１５０年も前に、こんなアンドロイドを造り出すなんて……
ありえない……１５０年も前に、こんなアンドロイドを造り出すなんて……
和葉
和葉
事実を事実と受け止められないようじゃ、１５０年前から出直しだ、テメェは
事実を事実と受け止められないようじゃ、１５０年前から出直しだ、テメェは
se首を絞められる0
se首を絞められる0
柳沢の顔を、靴底で思い切り踏みつける。
柳沢の顔を、靴底で思い切り踏みつける。
柳沢
柳沢
ありえない……ありえませんよ……ありえるはずがない……
ありえない……ありえませんよ……ありえるはずがない……
だが、柳沢はぶつぶつと繰り返すだけ。
だが、柳沢はぶつぶつと繰り返すだけ。
和葉
和葉
それから、トウモロコシの栽培に関する新製法だが
それから、トウモロコシの栽培に関する新製法だが
和葉
和葉
これも穴があった。３日であたしに答えを見つけられるようじゃ、話にならないな
これも穴があった。３日であたしに答えを見つけられるようじゃ、話にならないな
パラりと紙が落ちる。
パラりと紙が落ちる。
和葉
和葉
ムショの中で、読書代わりにしろ。あたしなら証拠は何一つ残さない
ムショの中で、読書代わりにしろ。あたしなら証拠は何一つ残さない
柳沢
柳沢
ありえないはずだ、ありえない……ありえない……
ありえないはずだ、ありえない……ありえない……
和葉
和葉
ち、聞いちゃいねぇ
ち、聞いちゃいねぇ
秀隆
秀隆
ほんと……倉屋敷社長って人は……
ほんと……倉屋敷社長って人は……
柳沢が連行された後、倉屋敷社長の下に３体のアンドロイドが運ばれて来る。
柳沢が連行された後、倉屋敷社長の下に３体のアンドロイドが運ばれて来る。
和葉
和葉
こいつはユウキがやったようだな。めちゃくちゃだ
こいつはユウキがやったようだな。めちゃくちゃだ
服装以外からでは、静乃だとは判別がつかない。
服装以外からでは、静乃だとは判別がつかない。
和葉
和葉
んで、こっちの２体はおまえがやったわけだな
んで、こっちの２体はおまえがやったわけだな
アクセラの首元に刺さったままの道具を引き抜く。
アクセラの首元に刺さったままの道具を引き抜く。
秀隆
秀隆
はい……
はい……
秀隆
秀隆
あの……アクセラは……
あの……アクセラは……
和葉
和葉
おまえもわかってるだろ。これを使った時点で終了だ
おまえもわかってるだろ。これを使った時点で終了だ
秀隆
秀隆
そうですか……
そうですか……
和葉
和葉
おまえがこれを射ち込んだってことは、既に手遅れだったか
おまえがこれを射ち込んだってことは、既に手遅れだったか
秀隆
秀隆
はい……
はい……
倉屋敷社長は、アクセラにケーブルを幾つか挿す。
倉屋敷社長は、アクセラにケーブルを幾つか挿す。
和葉
和葉
……メモリは、１００％修復不可能だ
……メモリは、１００％修復不可能だ
秀隆
秀隆
…………
…………
オレの手で、アクセラを殺したようなものだ。
オレの手で、アクセラを殺したようなものだ。
和葉
和葉
おまえが望むなら、同じ外見に復元してやることは出来る。
おまえが望むなら、同じ外見に復元してやることは出来る。
どうする
どうする
秀隆
秀隆
それはもう……アクセラとは呼べません
それはもう……アクセラとは呼べません
和葉
和葉
ま……そうだな
ま……そうだな
秀隆
秀隆
……帰ります
……帰ります
和葉
和葉
……ああ
……ああ
秋やキズナに、どう伝えればいいのだろう。
秋やキズナに、どう伝えればいいのだろう。
オレには、虚無感だけが残った。
オレには、虚無感だけが残った。
…………。
…………。
……。
……。
