キズナ
キズナ
っ……！
っ……！
眩しいほどの光が、射し込んできている。
眩しいほどの光が、射し込んできている。
秀隆
秀隆
なんて……なんて眩しいんだ……
なんて……なんて眩しいんだ……
人工的な光じゃない。
人工的な光じゃない。
あまりに、眩し過ぎる光。
あまりに、眩し過ぎる光。
太陽、と言うやつだろうか？
太陽、と言うやつだろうか？
明る過ぎて、暗闇にいたオレたちには、その先がまだ見えない。
明る過ぎて、暗闇にいたオレたちには、その先がまだ見えない。
風が吹き込んで来る。
風が吹き込んで来る。
ただの空気のはずなのに、どこか力強さを感じる。
ただの空気のはずなのに、どこか力強さを感じる。
心地よい香りが、広がっていく。
心地よい香りが、広がっていく。
唐沢さんは、地上を見ることもなく、ただ無言でオレたちを見守っていた。
唐沢さんは、地上を見ることもなく、ただ無言でオレたちを見守っていた。
一歩でも踏み出せば、容赦しない、と言うこと。
一歩でも踏み出せば、容赦しない、と言うこと。
キズナ
キズナ
地上がっ……目の前に……
地上がっ……目の前に……
キズナ
キズナ
大地が……広がっているんですね……
大地が……広がっているんですね……
秀隆
秀隆
ああ、そうだな。きっと、そうだ
ああ、そうだな。きっと、そうだ
オレの両親は、この光に魅入られたんだろう。
オレの両親は、この光に魅入られたんだろう。
そりゃそうだ。
そりゃそうだ。
まるで、全てを吸い寄せる魅力を、秘めている。
まるで、全てを吸い寄せる魅力を、秘めている。
誰だって、あの光に向かって駆けて行きたくなるだろう。
誰だって、あの光に向かって駆けて行きたくなるだろう。
キズナが駆け出そうとする。
キズナが駆け出そうとする。
求めていた大地に向かって。
求めていた大地に向かって。
でも……オレはしっかりと、キズナの手を握っていた。
でも……オレはしっかりと、キズナの手を握っていた。
そして、一歩も動かない。
そして、一歩も動かない。
キズナ
キズナ
ひーくん、手を、手を離してくださいっ
ひーくん、手を、手を離してくださいっ
キズナ
キズナ
目の前に、私の目の前に地上があるんですっ、見たいですっ！
目の前に、私の目の前に地上があるんですっ、見たいですっ！
秀隆
秀隆
ダメだ。離さない
ダメだ。離さない
秀隆
秀隆
おまえがどれだけ望んでも、叫んでも、この手は離さない
おまえがどれだけ望んでも、叫んでも、この手は離さない
キズナ
キズナ
っ、どうして、どうしてですかっ
っ、どうして、どうしてですかっ
キズナ
キズナ
これじゃあ、何のためにここまで来たのか……
これじゃあ、何のためにここまで来たのか……
唐沢
唐沢
島津くん……？
島津くん……？
秀隆
秀隆
唐沢さん。あなたは言いましたよね？
唐沢さん。あなたは言いましたよね？
この扉を出たら、扉を閉めると
この扉を出たら、扉を閉めると
唐沢
唐沢
あ、ああ
あ、ああ
秀隆
秀隆
そして、オレたちは二度と地下には戻れない
そして、オレたちは二度と地下には戻れない
唐沢
唐沢
その通りだ……
その通りだ……
秀隆
秀隆
キズナ。おまえは言ったよな？　地上が見たいと
キズナ。おまえは言ったよな？　地上が見たいと
キズナ
キズナ
はい、言いました、だから今こうして……
はい、言いました、だから今こうして……
秀隆
秀隆
でも地上に住みたいってわけではないだろ？
でも地上に住みたいってわけではないだろ？
キズナ
キズナ
私の興味は、地上を一目見ることです……
私の興味は、地上を一目見ることです……
キズナ
キズナ
空を……風を感じることです
空を……風を感じることです
秀隆
秀隆
だったら……
だったら……
秀隆
秀隆
ここから、この中からだって、地上を見ることは出来る
ここから、この中からだって、地上を見ることは出来る
秀隆
秀隆
おまえの目標は、達成できるってことだ
おまえの目標は、達成できるってことだ
今は、まだ眩しくて見えないけれど。
今は、まだ眩しくて見えないけれど。
それに惑わされず、落ち着いていればいい。
それに惑わされず、落ち着いていればいい。
こうやって二人で手を握り合っていれば、大丈夫。
こうやって二人で手を握り合っていれば、大丈夫。
この光に、間違っても吸い込まれたりはしない。
この光に、間違っても吸い込まれたりはしない。
キズナ
キズナ
あ……
あ……
秀隆
秀隆
見えるか？　キズナ……
見えるか？　キズナ……
オレたちの視界に広がっているのは、世界だった。
オレたちの視界に広がっているのは、世界だった。
扉の隙間から、覗く大地と、青空。
扉の隙間から、覗く大地と、青空。
キズナ
キズナ
はい……見えますよ、ひーくん……
はい……見えますよ、ひーくん……
キズナ
キズナ
間違いありません……これは私の記憶にある……確かな答えです
間違いありません……これは私の記憶にある……確かな答えです
秀隆
秀隆
そうか……
そうか……
秀隆
秀隆
これが、地上なんだな……
これが、地上なんだな……
キズナ
キズナ
ごめんなさい……ありがとうございます
ごめんなさい……ありがとうございます
秀隆
秀隆
なんだそりゃ……
なんだそりゃ……
キズナ
キズナ
私一人だったら、何も考えず、飛び出していたと思います
私一人だったら、何も考えず、飛び出していたと思います
キズナ
キズナ
暖かい光の中に、身をゆだねていたと思います
暖かい光の中に、身をゆだねていたと思います
秀隆
秀隆
そうだな。きっと、誰だってそうだ
そうだな。きっと、誰だってそうだ
秀隆
秀隆
オレ一人だったとしても、踏みとどまれなかったに違いない
オレ一人だったとしても、踏みとどまれなかったに違いない
秀隆
秀隆
キズナが居たから
キズナが居たから
秀隆
秀隆
だから、こうして二人で、踏みとどまれるんだ
だから、こうして二人で、踏みとどまれるんだ
秀隆
秀隆
地上と地下、その境界線に……
地上と地下、その境界線に……
もちろん、全てが見えるわけじゃない。
もちろん、全てが見えるわけじゃない。
だけど、人類が生きてきたその場所が、確かに存在した。
だけど、人類が生きてきたその場所が、確かに存在した。
秀隆
秀隆
唐沢さん……
唐沢さん……
オレは一言、唐沢さんへと声をかける。
オレは一言、唐沢さんへと声をかける。
秀隆
秀隆
見てください
見てください
唐沢
唐沢
それは……
それは……
秀隆
秀隆
大丈夫です。さぁ
大丈夫です。さぁ
オレは手を差し伸べた。
オレは手を差し伸べた。
唐沢さんは迷った後、ゆっくりとオレの隣に並んだ。
唐沢さんは迷った後、ゆっくりとオレの隣に並んだ。
右手で、しっかりと唐沢さんの手を握る。
右手で、しっかりと唐沢さんの手を握る。
唐沢
唐沢
くっ……
くっ……
射し込む光に眼を閉じ、唐沢さんは眩しそうに顔をしかめた。
射し込む光に眼を閉じ、唐沢さんは眩しそうに顔をしかめた。
だが、やがてその白い光は晴れていく。
だが、やがてその白い光は晴れていく。
唐沢
唐沢
あ……あぁ……
あ……あぁ……
唐沢
唐沢
これが……これが……彼らが求めて、止まなかった答えか……
これが……これが……彼らが求めて、止まなかった答えか……
ぐっ、ぐっと唐沢さんの体が前に倒れる。
ぐっ、ぐっと唐沢さんの体が前に倒れる。
どんな人だって、きっとそうなんだろう。
どんな人だって、きっとそうなんだろう。
地上を見たら、飛び出してしまうんだ。
地上を見たら、飛び出してしまうんだ。
秀隆
秀隆
確かに希望は災いかも知れません
確かに希望は災いかも知れません
秀隆
秀隆
でも―――希望は無くてはならないものだと、オレは思います
でも―――希望は無くてはならないものだと、オレは思います
キズナ
キズナ
私
私
秀隆
秀隆
ん？
ん？
キズナ
キズナ
今すぐでなくてもかまいません。
今すぐでなくてもかまいません。
でも、きっといつか……この先に歩んで行きたいです
でも、きっといつか……この先に歩んで行きたいです
秀隆
秀隆
そうだな。オレも、そうありたい
そうだな。オレも、そうありたい
秀隆
秀隆
どちらかを捨てるわけじゃなく、どちらも大切にしていきたい
どちらかを捨てるわけじゃなく、どちらも大切にしていきたい
秀隆
秀隆
そのためには……おまえが必要なんだ、キズナ
そのためには……おまえが必要なんだ、キズナ
キズナ
キズナ
私も、私にもあなたが必要です
私も、私にもあなたが必要です
キズナ
キズナ
この手を離さないで下さい。ずっと、ずっと
この手を離さないで下さい。ずっと、ずっと
秀隆
秀隆
約束する。絶対に、この手を離さないと
約束する。絶対に、この手を離さないと
オレは、オレたちは確信していた。
オレは、オレたちは確信していた。
やがて訪れる、新しい夜明けの日は―――けして遠くないのだと。
やがて訪れる、新しい夜明けの日は―――けして遠くないのだと。
