朝。
朝。
希望
希望
…………
…………
秀隆
秀隆
……んっ？
……んっ？
微かな息遣いが、オレの傍で聞こえてくる。
微かな息遣いが、オレの傍で聞こえてくる。
ゆっくりと目を開けると、隣にはぐっすりと眠る希望の姿があった。
ゆっくりと目を開けると、隣にはぐっすりと眠る希望の姿があった。
昨日の夜、激しい運動をした影響だろうか。
昨日の夜、激しい運動をした影響だろうか。
オレが目を覚ましたことにも気づいていない様子だ。
オレが目を覚ましたことにも気づいていない様子だ。
秀隆
秀隆
おい、そろそろ起きろ。時間的にまずい
おい、そろそろ起きろ。時間的にまずい
オレは希望の肩を揺する。
オレは希望の肩を揺する。
すると、何と言うことでしょう。
すると、何と言うことでしょう。
希望の可愛いおっぱいが、ぷるぷるゆれるではありませんか。
希望の可愛いおっぱいが、ぷるぷるゆれるではありませんか。
秀隆
秀隆
やば、勃ってきた……
やば、勃ってきた……
希望
希望
ん……
ん……
まだ起きる様子がない。
まだ起きる様子がない。
オレは、ちょん、と乳首の先を押してみた。
オレは、ちょん、と乳首の先を押してみた。
希望
希望
っ……
っ……
おお、反応した。
おお、反応した。
でもまだ起きない。
でもまだ起きない。
秀隆
秀隆
はぁはぁ……
はぁはぁ……
秀隆
秀隆
はぁはぁ……
はぁはぁ……
よ、よし、今度は舐めてみるか？
よ、よし、今度は舐めてみるか？
いや、でもそれはさすがに起きるかも。
いや、でもそれはさすがに起きるかも。
いやいや、だからこそ興奮するってもんだ。
いやいや、だからこそ興奮するってもんだ。
秀隆
秀隆
じゃ、いただきま
じゃ、いただきま
希望
希望
ふぁ……
ふぁ……
おっぱいに顔を近づけようとしたところで、希望がゆっくりと目を開いた。
おっぱいに顔を近づけようとしたところで、希望がゆっくりと目を開いた。
オレは慌てて距離をとると、
オレは慌てて距離をとると、
今起きたようにぐーっと背筋を伸ばした。
今起きたようにぐーっと背筋を伸ばした。
秀隆
秀隆
うー、眠い……
うー、眠い……
希望
希望
あ……お、おはよう。秀隆くん
あ……お、おはよう。秀隆くん
自分が裸な現状に気づき、さっと胸を隠しながら言った。
自分が裸な現状に気づき、さっと胸を隠しながら言った。
秀隆
秀隆
お？　おう、おはよう。希望も目が覚めたのか
お？　おう、おはよう。希望も目が覚めたのか
希望
希望
うん……男の子と、朝を迎えちゃった……
うん……男の子と、朝を迎えちゃった……
秀隆
秀隆
そうだな……
そうだな……
希望
希望
起きたばっかりなのに、すごくドキドキしてる。
起きたばっかりなのに、すごくドキドキしてる。
まるで、昨日の続き、みたいに……
まるで、昨日の続き、みたいに……
秀隆
秀隆
なんなら、昨日の続きをしたっていいんだぞ？
なんなら、昨日の続きをしたっていいんだぞ？
希望
希望
も、もう……エッチだよ、それは
も、もう……エッチだよ、それは
秀隆
秀隆
オレはエッチな男だからな。覚悟し……って。
オレはエッチな男だからな。覚悟し……って。
それどころじゃない
それどころじゃない
希望
希望
どうしたの？
どうしたの？
秀隆
秀隆
早く起きないと、オレたちのことが皆にバレるぞ
早く起きないと、オレたちのことが皆にバレるぞ
希望
希望
別にいいんじゃないかな？　その、付き合い始めたって言っても
別にいいんじゃないかな？　その、付き合い始めたって言っても
秀隆
秀隆
それはいいとしても、その、この状態はまずいだろ
それはいいとしても、その、この状態はまずいだろ
希望
希望
そ、そっか。そうだよね……
そ、そっか。そうだよね……
一つ屋根の下、夜にエッチしたなんてバレたら偉いことだ。
一つ屋根の下、夜にエッチしたなんてバレたら偉いことだ。
秀隆
秀隆
ともかく起きた方がいい
ともかく起きた方がいい
希望
希望
だ、だね
だ、だね
オレはベッドから抜け出し、急いで着替え始めた。
オレはベッドから抜け出し、急いで着替え始めた。
だが、希望はまだベッドの中だ。
だが、希望はまだベッドの中だ。
秀隆
秀隆
何してんだ。さっさと着替えろ
何してんだ。さっさと着替えろ
希望
希望
だ、だって。私裸だし……
だ、だって。私裸だし……
秀隆
秀隆
そんなこと気にしてる場合じゃないぞ。
そんなこと気にしてる場合じゃないぞ。
そもそも、昨日もっと恥ずかしいところみたし
そもそも、昨日もっと恥ずかしいところみたし
希望
希望
それとこれとは、また話が違うよ……
それとこれとは、また話が違うよ……
もう、と言いながら控えめに立ち上がる。
もう、と言いながら控えめに立ち上がる。
秀隆
秀隆
……いい……
……いい……
希望
希望
み、見ないでよっ
み、見ないでよっ
秀隆
秀隆
見てないぞ？
見てないぞ？
希望
希望
うそつきっ
うそつきっ
下半身を睨まれた。
下半身を睨まれた。
見事に勃起してしまっていたようだ。
見事に勃起してしまっていたようだ。
秀隆
秀隆
これは失礼
これは失礼
希望
希望
もうっ……
もうっ……
オレたちは、物音を立てないよう、そーっとリビングへ。
オレたちは、物音を立てないよう、そーっとリビングへ。
リビングはまだ静まり返っていて、人気はない。
リビングはまだ静まり返っていて、人気はない。
秀隆
秀隆
よし。おまえはいったん部屋に戻るんだ
よし。おまえはいったん部屋に戻るんだ
希望
希望
う、うんっ
う、うんっ
キズナ
キズナ
あ。おはようございます。お二人ともっ
あ。おはようございます。お二人ともっ
台所から、そんな能天気な声。
台所から、そんな能天気な声。
秀隆
秀隆
き、キズナさん。おはようございます……
き、キズナさん。おはようございます……
キズナ
キズナ
今朝食を作ってるので、もう少し待っててくださいね
今朝食を作ってるので、もう少し待っててくださいね
秀隆
秀隆
あ、ああ
あ、ああ
希望
希望
……き、気づかれてる、かな？　昨日なにがあったか
……き、気づかれてる、かな？　昨日なにがあったか
秀隆
秀隆
まぁ、キズナは子供みたいなところがあるし。
まぁ、キズナは子供みたいなところがあるし。
ひょっとしたら、なにがあったかまでは分かってないかもな
ひょっとしたら、なにがあったかまでは分かってないかもな
希望
希望
そう、だよね？　うん
そう、だよね？　うん
オレたちは冷や汗かきながら、席についた。
オレたちは冷や汗かきながら、席についた。
そして、秋が起きてきた後、緊張した朝食が始まる。
そして、秋が起きてきた後、緊張した朝食が始まる。
秋
秋
今日はちょっと遅くなるから。友達と遊ぶ約束があるので
今日はちょっと遅くなるから。友達と遊ぶ約束があるので
キズナ
キズナ
誰と遊ぶんですか？　イカイカですか？
誰と遊ぶんですか？　イカイカですか？
秋
秋
ううん、学園の友達
ううん、学園の友達
アクセラ
アクセラ
秋様は、お友達が沢山いらっしゃいますので
秋様は、お友達が沢山いらっしゃいますので
キズナ
キズナ
いいですね。賑やかそうでっ
いいですね。賑やかそうでっ
希望
希望
キズナちゃんだって、友達多そうに見えるよ？　学園はどうなの？
キズナちゃんだって、友達多そうに見えるよ？　学園はどうなの？
キズナ
キズナ
普通だと思いますっ
普通だと思いますっ
キズナ
キズナ
あ、それよりもきぼうちゃん。昨日は何してたんですか？
あ、それよりもきぼうちゃん。昨日は何してたんですか？
希望
希望
えっ！？
えっ！？
キズナ
キズナ
いえ、一晩戻ってきませんでしたので
いえ、一晩戻ってきませんでしたので
アクセラ
アクセラ
そういえば、秀隆様のお部屋に行かれて、そのままでしたね
そういえば、秀隆様のお部屋に行かれて、そのままでしたね
希望
希望
そそそ、そうだっけ？　よ、よく覚えてないなぁ
そそそ、そうだっけ？　よ、よく覚えてないなぁ
希望
希望
私、時々寝ぼけてふらふらしちゃうことあるし……
私、時々寝ぼけてふらふらしちゃうことあるし……
キズナ
キズナ
そうなんですか。私は、てっきりひーくんと
そうなんですか。私は、てっきりひーくんと
エッチなことでもしているのかと思いました
エッチなことでもしているのかと思いました
希望
希望
ええええ！？
ええええ！？
アクセラ
アクセラ
そうなのですか？
そうなのですか？
希望
希望
そそそ、そんなこと……ねえっ？
そそそ、そんなこと……ねえっ？
オレに振ってきちゃいかんだろ……。
オレに振ってきちゃいかんだろ……。
秋
秋
…………
…………
秋は当然、さめた冷たいめでオレを見ている。
秋は当然、さめた冷たいめでオレを見ている。
秀隆
秀隆
いや、確かに昨日希望はオレの部屋に来たよ。話があってさ
いや、確かに昨日希望はオレの部屋に来たよ。話があってさ
キズナ
キズナ
話……ですか
話……ですか
秀隆
秀隆
ああ。それで、その後希望がウトウトしてオレの部屋で寝ちゃったんだよ
ああ。それで、その後希望がウトウトしてオレの部屋で寝ちゃったんだよ
アクセラ
アクセラ
何かよからぬことをしたのではありませんよね？
何かよからぬことをしたのではありませんよね？
秀隆
秀隆
当たり前だ。いや、それよりも話の内容を聞いてくれ
当たり前だ。いや、それよりも話の内容を聞いてくれ
キズナ
キズナ
話の内容は、何なんですか？
話の内容は、何なんですか？
秀隆
秀隆
話してもいいよな？　希望
話してもいいよな？　希望
希望
希望
え、え？
え、え？
オレの話についていけない希望が、慌てる。
オレの話についていけない希望が、慌てる。
秀隆
秀隆
オレと希望は、付き合うことになった
オレと希望は、付き合うことになった
キズナ
キズナ
付き合う、と言うのはそのままの意味でしょうか
付き合う、と言うのはそのままの意味でしょうか
秀隆
秀隆
ああ。オレから告白してオッケーを貰った
ああ。オレから告白してオッケーを貰った
キズナ
キズナ
お、おおっ。おめでとうございますっ！
お、おおっ。おめでとうございますっ！
アクセラ
アクセラ
秀隆様に彼女が？　そんなことが現実に起こるなんて……
秀隆様に彼女が？　そんなことが現実に起こるなんて……
秀隆
秀隆
いや、起こるだろ、ごく普通に
いや、起こるだろ、ごく普通に
秋
秋
……ちょっと待ってください兄さん
……ちょっと待ってください兄さん
秀隆
秀隆
ん？
ん？
秋
秋
その、希望さんには、高坂さんと言う方がいるんじゃ……
その、希望さんには、高坂さんと言う方がいるんじゃ……
秀隆
秀隆
ああ。高坂特務官って婚約者がいる
ああ。高坂特務官って婚約者がいる
アクセラ
アクセラ
寝取り、と言うことですか
寝取り、と言うことですか
秀隆
秀隆
そんなんじゃない。元々親が決めた話だ
そんなんじゃない。元々親が決めた話だ
秀隆
秀隆
希望自身、オレと付き合う前に婚約の解消を申し出てる
希望自身、オレと付き合う前に婚約の解消を申し出てる
秋
秋
……そうなんですか？　兄さんに何かされた、とかはないですか
……そうなんですか？　兄さんに何かされた、とかはないですか
希望
希望
え？　あ、う、うん。私が考えて決めたことなの
え？　あ、う、うん。私が考えて決めたことなの
秋
秋
そうですか。でも、高坂さん、と言う方のほうがいいと思います。
そうですか。でも、高坂さん、と言う方のほうがいいと思います。
兄さんなんかを選んでも、利点となる部分は殆どありませんよ
兄さんなんかを選んでも、利点となる部分は殆どありませんよ
秀隆
秀隆
そんなことはないんじゃないかな？
そんなことはないんじゃないかな？
秀隆
秀隆
秀隆って人、結構いい奴だよ？
秀隆って人、結構いい奴だよ？
秋
秋
こんなことを言う、くだらない人ですし
こんなことを言う、くだらない人ですし
秀隆
秀隆
…………
…………
希望
希望
確かに秀隆くんはくだらないかも知れないけど、
確かに秀隆くんはくだらないかも知れないけど、
でも、私はそう言うくだらない秀隆くんを好きになったから。
でも、私はそう言うくだらない秀隆くんを好きになったから。
例えどんなにくだらなくても、私は後悔しないつもり
例えどんなにくだらなくても、私は後悔しないつもり
秀隆
秀隆
一言の中に３回もくだらないって言われちゃいましたけど！
一言の中に３回もくだらないって言われちゃいましたけど！
アクセラ
アクセラ
仕方ありません。事実ですし
仕方ありません。事実ですし
アクセラ
アクセラ
それよりも、おめでとうございます秀隆様。
それよりも、おめでとうございます秀隆様。
希望様といえば、ドリームタウン代表の一人娘。
希望様といえば、ドリームタウン代表の一人娘。
つまり、は逆玉の輿に成功したと言うことになります
つまり、は逆玉の輿に成功したと言うことになります
キズナ
キズナ
一生安泰、と言うことですかっ
一生安泰、と言うことですかっ
秀隆
秀隆
そんな都合のいい話はない。と言うより、
そんな都合のいい話はない。と言うより、
オレが希望の父親に認めてもらうのは、凄く難しいことなんだ
オレが希望の父親に認めてもらうのは、凄く難しいことなんだ
秀隆
秀隆
だから、おまえたちには暖かく見守って欲しい
だから、おまえたちには暖かく見守って欲しい
オレは、みんなの前で頭を下げた。
オレは、みんなの前で頭を下げた。
秀隆
秀隆
希望のことも、よろしく頼む
希望のことも、よろしく頼む
アクセラ
アクセラ
もちろんです。改めてよろしくお願いしますね、希望様
もちろんです。改めてよろしくお願いしますね、希望様
希望
希望
うん。こちらこそ、よろしくお願いします
うん。こちらこそ、よろしくお願いします
少し早いが、学園に向かう希望と一緒に外へ。
少し早いが、学園に向かう希望と一緒に外へ。
秀隆
秀隆
かなりきわどかったけど、何とか誤魔化せたかな
かなりきわどかったけど、何とか誤魔化せたかな
希望
希望
さすがだね、秀隆くん。私、慌てて何も言えなかった
さすがだね、秀隆くん。私、慌てて何も言えなかった
希望
希望
だけど、秀隆くんはずっと冷静で。
だけど、秀隆くんはずっと冷静で。
私たちが付き合い始めたことに、上手く話を切り替えてたよね
私たちが付き合い始めたことに、上手く話を切り替えてたよね
秀隆
秀隆
ああやって論点をすり替えないと、乗り切れそうになかったからな
ああやって論点をすり替えないと、乗り切れそうになかったからな
事実、キズナやアクセラ、秋はオレたちの深い関係を考えたはずだ。
事実、キズナやアクセラ、秋はオレたちの深い関係を考えたはずだ。
でもそこへ、付き合い始めたって言う事実を持ってくることで、
でもそこへ、付き合い始めたって言う事実を持ってくることで、
三人はそっちの方へと重点を置きなおした。
三人はそっちの方へと重点を置きなおした。
もちろん、実は何かしたんじゃ？　って考えは持たれただろうが、
もちろん、実は何かしたんじゃ？　って考えは持たれただろうが、
それでもあの場で追求されてしまうよりはいい。
それでもあの場で追求されてしまうよりはいい。
希望
希望
でもよかった。３人に受け入れてもらえて
でもよかった。３人に受け入れてもらえて
秀隆
秀隆
そうだな
そうだな
秀隆
秀隆
でも、問題はこれからだ。大河内代表のことがある
でも、問題はこれからだ。大河内代表のことがある
希望
希望
うん……時間をかけてでも、納得してもらうつもり
うん……時間をかけてでも、納得してもらうつもり
秀隆
秀隆
時間をかけて、か
時間をかけて、か
希望
希望
ダメかな？
ダメかな？
秀隆
秀隆
悠長にしている余裕は、ないかもしれない
悠長にしている余裕は、ないかもしれない
秀隆
秀隆
高坂特務官は、オレのことを大体理解してたし、
高坂特務官は、オレのことを大体理解してたし、
大河内代表も、恐らく希望のことは理解してるはずだ
大河内代表も、恐らく希望のことは理解してるはずだ
秀隆
秀隆
今までずっと、高坂特務官と結婚することに
今までずっと、高坂特務官と結婚することに
疑問を持ってなかった希望を見たら、原因を考えるはずだ
疑問を持ってなかった希望を見たら、原因を考えるはずだ
秀隆
秀隆
１つは、単純に高坂特務官と不仲になった可能性
１つは、単純に高坂特務官と不仲になった可能性
希望
希望
それはないよ？　凄く仲良くしてもらってるし
それはないよ？　凄く仲良くしてもらってるし
秀隆
秀隆
だな。恐らくそれは、大河内代表もすぐに気づく。
だな。恐らくそれは、大河内代表もすぐに気づく。
だとしたら、次に考えるのは、当然誰か別の人を好きになった
だとしたら、次に考えるのは、当然誰か別の人を好きになった
可能性だ
可能性だ
希望
希望
やっぱり、考えちゃうかな？
やっぱり、考えちゃうかな？
秀隆
秀隆
最初に解消を言い出したときには、聞かれなかったのか？
最初に解消を言い出したときには、聞かれなかったのか？
希望
希望
うん。どうして解消したいのか、しか聞かれなかった
うん。どうして解消したいのか、しか聞かれなかった
秀隆
秀隆
多分その時は、希望がそう言い出すとは思わなかったんだろう。
多分その時は、希望がそう言い出すとは思わなかったんだろう。
実際、何年も高坂特務官とはいい関係を築いてきたわけだし
実際、何年も高坂特務官とはいい関係を築いてきたわけだし
希望
希望
次に会ったときには……
次に会ったときには……
秀隆
秀隆
間違いなく聞かれるだろうな。好きな男でも出来たか、と
間違いなく聞かれるだろうな。好きな男でも出来たか、と
希望
希望
もし、秀隆くんだって話したら、どうなるかな
もし、秀隆くんだって話したら、どうなるかな
秀隆
秀隆
あんなクズ男にたぶらかされるなんて、どういうつもりだ！
あんなクズ男にたぶらかされるなんて、どういうつもりだ！
とか
とか
希望
希望
他には？
他には？
秀隆
秀隆
将来性も無いし、甲斐性も無い男だぞ奴はっ
将来性も無いし、甲斐性も無い男だぞ奴はっ
秀隆
秀隆
……自分で言ってて虚しくなるから聞かないでくれ
……自分で言ってて虚しくなるから聞かないでくれ
希望
希望
そこまでは言われないと思うけど……
そこまでは言われないと思うけど……
希望
希望
お父さん、秀隆くんのこと、買ってると思うよ
お父さん、秀隆くんのこと、買ってると思うよ
秀隆
秀隆
仮にそうだとしても、ホープタウンの人間だからな
仮にそうだとしても、ホープタウンの人間だからな
希望
希望
街の問題かぁ
街の問題かぁ
そのことは、希望もよく分かるのか、複雑な表情を見せる。
そのことは、希望もよく分かるのか、複雑な表情を見せる。
希望
希望
いっそのこと、ドリームタウンの特務官になるとか？
いっそのこと、ドリームタウンの特務官になるとか？
希望
希望
そんなことって可能なのかな？
そんなことって可能なのかな？
秀隆
秀隆
出来るか出来ないかで言えば出来る。
出来るか出来ないかで言えば出来る。
でも、悪いけどオレにはそれは選べない
でも、悪いけどオレにはそれは選べない
秀隆
秀隆
オレは、唐沢代表のために特務官になったんだ
オレは、唐沢代表のために特務官になったんだ
希望
希望
そっか……そうだよね
そっか……そうだよね
秀隆
秀隆
ともかく、長い間隠しとおせることじゃないとは思う。
ともかく、長い間隠しとおせることじゃないとは思う。
だから、近いうち大河内代表と向き合う必要性はあるだろうな
だから、近いうち大河内代表と向き合う必要性はあるだろうな
希望はもちろん、オレ自身も。
希望はもちろん、オレ自身も。
希望
希望
そうだね……
そうだね……
希望
希望
ありがとう、ここまで送ってもらって
ありがとう、ここまで送ってもらって
秀隆
秀隆
仕事までは時間があるからな。気にするな
仕事までは時間があるからな。気にするな
希望
希望
それじゃ、行って来るね
それじゃ、行って来るね
秀隆
秀隆
また夜にな
また夜にな
希望
希望
うんっ
うんっ
希望を見送り、オレは仕事場に向かうことにした。
希望を見送り、オレは仕事場に向かうことにした。
仕事を終え外に出ると、ベンチに座る希望を見かけた。
仕事を終え外に出ると、ベンチに座る希望を見かけた。
前にもこんなシチュエーションを経験したぞ。
前にもこんなシチュエーションを経験したぞ。
希望
希望
秀隆くん
秀隆くん
秀隆
秀隆
こんなところで何やってるんだ
こんなところで何やってるんだ
希望
希望
うん。秀隆君の仕事が終わるの、待ってようと思って
うん。秀隆君の仕事が終わるの、待ってようと思って
秀隆
秀隆
それなら、携帯に連絡くれればよかったのに
それなら、携帯に連絡くれればよかったのに
希望
希望
仕事の邪魔しちゃ悪いから
仕事の邪魔しちゃ悪いから
秀隆
秀隆
また何か、困ったことでもあったか？
また何か、困ったことでもあったか？
希望
希望
え？　もう、どうしてそう鋭いかなぁ
え？　もう、どうしてそう鋭いかなぁ
秀隆
秀隆
ちょっと神妙そうな顔つきだったからな。何となくだけど
ちょっと神妙そうな顔つきだったからな。何となくだけど
希望
希望
帰りながらでもいい？
帰りながらでもいい？
秀隆
秀隆
ああ
ああ
希望
希望
私ね、今日一日、これからのことを考えてたの。
私ね、今日一日、これからのことを考えてたの。
朝秀隆くんに言われたこと。お父さんと向き合わなきゃいけないこと
朝秀隆くんに言われたこと。お父さんと向き合わなきゃいけないこと
秀隆
秀隆
そうだな。何か考えは浮かんだのか？
そうだな。何か考えは浮かんだのか？
希望
希望
……うん。話してみようと思う
……うん。話してみようと思う
希望
希望
私に好きな人が出来たってこと
私に好きな人が出来たってこと
秀隆
秀隆
そうか
そうか
希望
希望
でも、秀隆くんの名前を出さない方がいいなら、伏せるよ
でも、秀隆くんの名前を出さない方がいいなら、伏せるよ
希望
希望
友達だった男の子、ってことにしてもいいし
友達だった男の子、ってことにしてもいいし
秀隆
秀隆
いいよ、オレの名前を出しても
いいよ、オレの名前を出しても
希望
希望
でも、もしかしたら仕事に支障が出るかも
でも、もしかしたら仕事に支障が出るかも
秀隆
秀隆
遅いか早いかの違いだ。
遅いか早いかの違いだ。
むしろ、下手に隠し続ける方がよくない
むしろ、下手に隠し続ける方がよくない
秀隆
秀隆
だから、希望の望むタイミングで話せばいい
だから、希望の望むタイミングで話せばいい
希望
希望
……わかった
……わかった
希望
希望
それで、さ。その……ひとつお願いがあるんだけど
それで、さ。その……ひとつお願いがあるんだけど
秀隆
秀隆
なんだ？
なんだ？
希望
希望
……遊園地に行きたいなぁ、って
……遊園地に行きたいなぁ、って
秀隆
秀隆
遊園地？　この間行った遊園地だよな？
遊園地？　この間行った遊園地だよな？
希望
希望
うん。でも、あの時は友達としてだったよね。
うん。でも、あの時は友達としてだったよね。
そうじゃなくて、恋人同士で行きたいなって
そうじゃなくて、恋人同士で行きたいなって
秀隆
秀隆
それはかまわないけど、急だな
それはかまわないけど、急だな
希望
希望
弱気なこと言いたくないけど、
弱気なこと言いたくないけど、
もしかしたら、私たち上手くいかないかもしれないじゃない？
もしかしたら、私たち上手くいかないかもしれないじゃない？
秀隆
秀隆
……大河内代表に認めてもらえなかったら、か
……大河内代表に認めてもらえなかったら、か
希望
希望
そんなこと考えたくは無くても、
そんなこと考えたくは無くても、
でも、最悪のことも想定しなきゃいけないと思ってる
でも、最悪のことも想定しなきゃいけないと思ってる
秀隆
秀隆
正しい考え方だ。やっぱり、希望は特務官に向いてる
正しい考え方だ。やっぱり、希望は特務官に向いてる
秀隆
秀隆
嫌なこと、恐れることから目を背けるのは簡単だ。
嫌なこと、恐れることから目を背けるのは簡単だ。
そんなことにはならないって思い込むだけなら、誰でも出来る
そんなことにはならないって思い込むだけなら、誰でも出来る
秀隆
秀隆
まあ……もちろん別れるなんて、絶対に嫌なんだけどな
まあ……もちろん別れるなんて、絶対に嫌なんだけどな
希望
希望
私だってそうだよ。付き合い始めたばっかりだしさ
私だってそうだよ。付き合い始めたばっかりだしさ
希望が、オレの隣に寄り添う。
希望が、オレの隣に寄り添う。
秀隆
秀隆
……だな
……だな
互いに空気を感じ取り、オレは希望の手を握った。
互いに空気を感じ取り、オレは希望の手を握った。
希望
希望
……へへ
……へへ
嬉しそうに笑い、オレの手を握り返してきた。
嬉しそうに笑い、オレの手を握り返してきた。
この手を、いつまでも握り締めていたい。
この手を、いつまでも握り締めていたい。
そのためには、大河内代表に認めてもらう必要がある。
そのためには、大河内代表に認めてもらう必要がある。
…………。
…………。
……。
……。
