警備員３
警備員３
はぁ……本当に粘ってるんだな……
はぁ……本当に粘ってるんだな……
秀隆
秀隆
おはようございます
おはようございます
朝、交代で戻ってきた警備員さんが話しかけてきた。
朝、交代で戻ってきた警備員さんが話しかけてきた。
警備員３
警備員３
本当にずっと粘るつもりなのか
本当にずっと粘るつもりなのか
秀隆
秀隆
今のオレには、それしか出来ませんから
今のオレには、それしか出来ませんから
警備員３
警備員３
やれやれ……
やれやれ……
秀隆
秀隆
ふー……
ふー……
人間、どんな場所にでも対応できてしまうものなのか。
人間、どんな場所にでも対応できてしまうものなのか。
邪魔にならない隅っこに座って、倉屋敷に出入りする人を眺めていた。
邪魔にならない隅っこに座って、倉屋敷に出入りする人を眺めていた。
もっとも、直接ビルの中に入っていく者は社員を除けばそれほど多くない。
もっとも、直接ビルの中に入っていく者は社員を除けばそれほど多くない。
荷物の搬入か何かで入っていく作業員が少数居るだけだ。
荷物の搬入か何かで入っていく作業員が少数居るだけだ。
午後５時。
午後５時。
未だこの状況から打開されることはなく。
未だこの状況から打開されることはなく。
警備員さんもたまにこちらを見ては、呆れて首を振るだけだった。
警備員さんもたまにこちらを見ては、呆れて首を振るだけだった。
希望
希望
あれ？　秀隆くん？
あれ？　秀隆くん？
秀隆
秀隆
えっ？
えっ？
ジッと倉屋敷ビルを見つめていると、背後から聞き覚えのある声が。
ジッと倉屋敷ビルを見つめていると、背後から聞き覚えのある声が。
秀隆
秀隆
希望じゃないか。奇遇だな
希望じゃないか。奇遇だな
希望
希望
こんなところで何やってるの？
こんなところで何やってるの？
秀隆
秀隆
おまえこそ。ちゃんと学園行ってるんだろうな？
おまえこそ。ちゃんと学園行ってるんだろうな？
時間的に、まだ学園は終わったばかりだろうに、既に私服に着替えている。
時間的に、まだ学園は終わったばかりだろうに、既に私服に着替えている。
希望
希望
うんうん
うんうん
秀隆
秀隆
本当か？
本当か？
希望
希望
それより……こんなところで何してるの？　物乞い？
それより……こんなところで何してるの？　物乞い？
秀隆
秀隆
物乞いに見えるか？
物乞いに見えるか？
希望
希望
割と見えるかも
割と見えるかも
秀隆
秀隆
…………
…………
顔はボロボロ、平日なのに私服、ある種そう見えてもおかしくはなかった。
顔はボロボロ、平日なのに私服、ある種そう見えてもおかしくはなかった。
秀隆
秀隆
倉屋敷ビルなんかに、用事が？
倉屋敷ビルなんかに、用事が？
希望
希望
ううん。ただの散歩だよ
ううん。ただの散歩だよ
そう言い、オレの隣に腰を下ろした。
そう言い、オレの隣に腰を下ろした。
希望
希望
秀隆くんは？
秀隆くんは？
秀隆
秀隆
ずっとビルを見てる
ずっとビルを見てる
希望
希望
ビルを？　どうして？
ビルを？　どうして？
秀隆
秀隆
どうやったら、あの中に入れるんだろうってな
どうやったら、あの中に入れるんだろうってな
希望
希望
もしかして―――倉屋敷に就職希望、とか？
もしかして―――倉屋敷に就職希望、とか？
秀隆
秀隆
ん？　就職希望？
ん？　就職希望？
秀隆
秀隆
ははは、いやそうじゃない。悪い、言葉足らずだったな
ははは、いやそうじゃない。悪い、言葉足らずだったな
秀隆
秀隆
倉屋敷社長に会いたいんだ
倉屋敷社長に会いたいんだ
希望
希望
簡単には会えないの？
簡単には会えないの？
秀隆
秀隆
社長だからなー
社長だからなー
希望
希望
それでここに座って、会えるのを待ってる？
それでここに座って、会えるのを待ってる？
秀隆
秀隆
そう言うこと
そう言うこと
希望
希望
待ってると会えるの？
待ってると会えるの？
秀隆
秀隆
……さぁ……どうだろう。でも、これ以外に出来ることがなくてさ
……さぁ……どうだろう。でも、これ以外に出来ることがなくてさ
希望
希望
そうなんだ
そうなんだ
秀隆
秀隆
だから、ここに居ても退屈なだけだぞ
だから、ここに居ても退屈なだけだぞ
希望
希望
そうかも。でも、折角再会出来たことだし、話でもしていこうかな
そうかも。でも、折角再会出来たことだし、話でもしていこうかな
秀隆
秀隆
オレは別に構わないけどな。時間はあるし
オレは別に構わないけどな。時間はあるし
希望
希望
前に会った時と何か変わった？
前に会った時と何か変わった？
秀隆
秀隆
どうして……そう思う？
どうして……そう思う？
希望
希望
何となく、雰囲気かな
何となく、雰囲気かな
隣で無邪気に笑う希望。
隣で無邪気に笑う希望。
考えてみれば、オレはこいつの一言で、立ち上がることが出来たんだ。
考えてみれば、オレはこいつの一言で、立ち上がることが出来たんだ。
秀隆
秀隆
感謝してるよ
感謝してるよ
希望
希望
感謝って？
感謝って？
秀隆
秀隆
希望が言ってくれたろ。アレがきっかけで、立ち上がれた
希望が言ってくれたろ。アレがきっかけで、立ち上がれた
希望
希望
そうなんだ
そうなんだ
ふと、オレは希望の左手にあるものが無いことに気付く。
ふと、オレは希望の左手にあるものが無いことに気付く。
秀隆
秀隆
おまえ、婚約指輪どうしたんだ？
おまえ、婚約指輪どうしたんだ？
希望
希望
あ……そこに気付くなんて、やるね
あ……そこに気付くなんて、やるね
秀隆
秀隆
初対面で見せ付けられれば嫌でも印象に残るさ
初対面で見せ付けられれば嫌でも印象に残るさ
希望
希望
ちょっと今日はしてないの
ちょっと今日はしてないの
秀隆
秀隆
もしかして喧嘩か？
もしかして喧嘩か？
希望
希望
ううん、そんなことはしないよ
ううん、そんなことはしないよ
希望
希望
でも、色々考えることは、あるよね。やっぱり
でも、色々考えることは、あるよね。やっぱり
秀隆
秀隆
話くらいだったら聞いてやれるぞ
話くらいだったら聞いてやれるぞ
希望
希望
大丈夫。これは私たちの問題だから
大丈夫。これは私たちの問題だから
秀隆
秀隆
そうか……だけど、いつでも相談してくれ
そうか……だけど、いつでも相談してくれ
希望
希望
ありがと
ありがと
希望
希望
会えないねー
会えないねー
秀隆
秀隆
そりゃぁなあ。社長が外に出てくるってこともないし
そりゃぁなあ。社長が外に出てくるってこともないし
秀隆
秀隆
こうして会わせてくれって、ビルの前で粘ることしか出来ない
こうして会わせてくれって、ビルの前で粘ることしか出来ない
秀隆
秀隆
オレの抱えてる問題を話すことさえすれば、
オレの抱えてる問題を話すことさえすれば、
真面目に聞いてくれる可能性はあると思うんだ
真面目に聞いてくれる可能性はあると思うんだ
希望
希望
伝えればいいのに
伝えればいいのに
秀隆
秀隆
その手段があれば、苦労しないんだけどな……
その手段があれば、苦労しないんだけどな……
希望
希望
警備員の人にお願いしてみないの？
警備員の人にお願いしてみないの？
秀隆
秀隆
頼んだけど断られた
頼んだけど断られた
希望
希望
そっか
そっか
かと言ってユウキをこれ以上巻き込むことも出来ない。
かと言ってユウキをこれ以上巻き込むことも出来ない。
秀隆
秀隆
何とかして、オレが話すしかないと思う
何とかして、オレが話すしかないと思う
希望
希望
だけど、直接会うことは出来ない
だけど、直接会うことは出来ない
秀隆
秀隆
ああ
ああ
希望
希望
それは参ったね
それは参ったね
秀隆
秀隆
ほんとにな
ほんとにな
ほんとに、参りそうになる。
ほんとに、参りそうになる。
だけど、最後の可能性に賭けたい。
だけど、最後の可能性に賭けたい。
もう一度だけ、愛佳を信じたい。
もう一度だけ、愛佳を信じたい。
希望
希望
そろそろ帰らなきゃ……
そろそろ帰らなきゃ……
秀隆
秀隆
悪いな、満足に相手してやれなくて。退屈だったろ
悪いな、満足に相手してやれなくて。退屈だったろ
希望
希望
私が好きで居ただけだから。本当はもう少し居たいんだけど……
私が好きで居ただけだから。本当はもう少し居たいんだけど……
秀隆
秀隆
消灯時刻も近づいてる。帰ったほうがいいだろう
消灯時刻も近づいてる。帰ったほうがいいだろう
希望
希望
うん。それじゃ、ね。次に会えたら、偶然じゃないかもね
うん。それじゃ、ね。次に会えたら、偶然じゃないかもね
秀隆
秀隆
そうだな
そうだな
希望
希望
ばいばい、秀隆くん
ばいばい、秀隆くん
秀隆
秀隆
おうっ
おうっ
希望は何度かこちらを振り返りながら、自分の家へと帰っていった。
希望は何度かこちらを振り返りながら、自分の家へと帰っていった。
オレは、あと少し粘ろう……。
オレは、あと少し粘ろう……。
そうして、今日一日も早々と過ぎていく。
そうして、今日一日も早々と過ぎていく。
…………。
…………。
……。
……。
