仕事帰り、オレは昨日と同じようにドリームタウンへと足を運んでいた。
仕事帰り、オレは昨日と同じようにドリームタウンへと足を運んでいた。
何とかして希望に会い、謝罪しなければならない。
何とかして希望に会い、謝罪しなければならない。
午後６時前。
午後６時前。
オレはステーションからドリームタウンへと降り立った。
オレはステーションからドリームタウンへと降り立った。
希望が通う学園は、何事もなければ５時前には終わる。
希望が通う学園は、何事もなければ５時前には終わる。
そこから真っ直ぐ帰れば５時過ぎにはカジノへとたどり着く。
そこから真っ直ぐ帰れば５時過ぎにはカジノへとたどり着く。
つまり、オレがどれだけ仕事を早く切り上げても、
つまり、オレがどれだけ仕事を早く切り上げても、
希望の最短帰宅には間に合わない。
希望の最短帰宅には間に合わない。
一旦帰宅されてしまったら、オレには会う術は殆どないのだ。
一旦帰宅されてしまったら、オレには会う術は殆どないのだ。
そう言う意味では、昨日中途半端に見つかってしまったのは失敗だった。
そう言う意味では、昨日中途半端に見つかってしまったのは失敗だった。
オレが待ち伏せていると知れば、当然寄り道せず帰宅するだろう。
オレが待ち伏せていると知れば、当然寄り道せず帰宅するだろう。
どれだけ確率が低くても、
どれだけ確率が低くても、
オレは学園からの帰りに会えることを期待するしかないのだ。
オレは学園からの帰りに会えることを期待するしかないのだ。
携帯を開き、メールが届いていないか確認する。
携帯を開き、メールが届いていないか確認する。
……凛が、上手くやってくれてるといいんだが。
……凛が、上手くやってくれてるといいんだが。
先日、凛は一応オレに協力すると言ってくれた。
先日、凛は一応オレに協力すると言ってくれた。
学園で会ったら、引き伸ばしをするよう頼んでいる。
学園で会ったら、引き伸ばしをするよう頼んでいる。
オレはやや駆け足でカジノの前までたどり着いた。
オレはやや駆け足でカジノの前までたどり着いた。
時刻は７時前。
時刻は７時前。
今日はオフィスを出るのが遅れたから、必然と到着は遅くなった。
今日はオフィスを出るのが遅れたから、必然と到着は遅くなった。
…………。
…………。
……。
……。
当然、希望の姿は見当たらない。
当然、希望の姿は見当たらない。
時間が遅すぎたか……？
時間が遅すぎたか……？
携帯を握り締めていると、一通のメールが入った。
携帯を握り締めていると、一通のメールが入った。
今から、希望が帰ると思う
今から、希望が帰ると思う
凛からのメールだ。
凛からのメールだ。
どうやら凛が上手く引き伸ばしてくれたらしい。
どうやら凛が上手く引き伸ばしてくれたらしい。
オレは凛に感謝しながら、希望の帰りを見逃さないように見張る。
オレは凛に感謝しながら、希望の帰りを見逃さないように見張る。
それから、３０分ほどして、オレが探し求めていた人物が帰って来た。
それから、３０分ほどして、オレが探し求めていた人物が帰って来た。
希望だ。
希望だ。
表情はどこか暗く元気がなさそうだ。
表情はどこか暗く元気がなさそうだ。
もちろん、先日のオレとのことを引きずっているんだろう。
もちろん、先日のオレとのことを引きずっているんだろう。
オレは声をかけるべく、人ごみをかきわけ希望に近づいていく。
オレは声をかけるべく、人ごみをかきわけ希望に近づいていく。
今度は逃がさないように、ギリギリまで近づいて。
今度は逃がさないように、ギリギリまで近づいて。
カジノの中に戻り、ゆっくりと奥へ進む希望。
カジノの中に戻り、ゆっくりと奥へ進む希望。
秀隆
秀隆
希望！
希望！
希望
希望
っ！
っ！
オレと目が合い、存在に気づいた希望が背中を向けた。
オレと目が合い、存在に気づいた希望が背中を向けた。
見失わないように素早く人ごみをかきわけ、その逃げる腕を捕まえる。
見失わないように素早く人ごみをかきわけ、その逃げる腕を捕まえる。
秀隆
秀隆
待ってくれ！
待ってくれ！
希望
希望
は、離して……
は、離して……
秀隆
秀隆
おまえが怒ってるのは１００も承知だ。でも、頼むから一度話を聞いてほしい
おまえが怒ってるのは１００も承知だ。でも、頼むから一度話を聞いてほしい
希望
希望
…………
…………
こちらを見ようとしない希望。
こちらを見ようとしない希望。
ここで手を離すのは簡単だが、今までの関係が終わってしまう。
ここで手を離すのは簡単だが、今までの関係が終わってしまう。
そうなるのなら、それも仕方のないことだろう。
そうなるのなら、それも仕方のないことだろう。
ケジメだけはつけなければならない。
ケジメだけはつけなければならない。
秀隆
秀隆
全面的に悪いのはオレだ
全面的に悪いのはオレだ
希望
希望
聞きたくないよ……
聞きたくないよ……
秀隆
秀隆
それならそれでも構わない。だからこそ、はっきりさせておきたい
それならそれでも構わない。だからこそ、はっきりさせておきたい
秀隆
秀隆
オレはどう償えばいい？　謝るだけでいいのか？
オレはどう償えばいい？　謝るだけでいいのか？
希望
希望
そんなの、知らない……わからないよ
そんなの、知らない……わからないよ
秀隆
秀隆
なら、もう会いに来なければいいのか？　答えがほしいんだ
なら、もう会いに来なければいいのか？　答えがほしいんだ
秀隆
秀隆
してしまったことを、取り消すことは出来ないから……
してしまったことを、取り消すことは出来ないから……
希望
希望
……私は……
……私は……
希望
希望
私は、龍也さんの、婚約者なんだよ？
私は、龍也さんの、婚約者なんだよ？
希望はオレの顔を見なかったが、
希望はオレの顔を見なかったが、
それがどれほど重みのある一言だったか、理解は難しくない。
それがどれほど重みのある一言だったか、理解は難しくない。
秀隆
秀隆
分かってる……分かってるつもりだった……
分かってる……分かってるつもりだった……
騒がしいカジノから少し離れ、街へとやってきた。
騒がしいカジノから少し離れ、街へとやってきた。
逃げ出さずに話だけは聞いてくれるらしい。
逃げ出さずに話だけは聞いてくれるらしい。
秀隆
秀隆
本当に悪かった
本当に悪かった
深く頭を下げる。
深く頭を下げる。
謝って許される問題でなくても、頭を下げなければならない。
謝って許される問題でなくても、頭を下げなければならない。
希望
希望
謝られても困るよ……
謝られても困るよ……
希望
希望
後悔するなら、どうして……あんなことしたの？
後悔するなら、どうして……あんなことしたの？
秀隆
秀隆
……無断でキスしたことは、後悔してる。
……無断でキスしたことは、後悔してる。
でも、オレがおまえにキスをしたいと思ったことは後悔してない
でも、オレがおまえにキスをしたいと思ったことは後悔してない
希望
希望
っ……
っ……
秀隆
秀隆
おまえのことを、好きになったことは本当だから
おまえのことを、好きになったことは本当だから
希望
希望
秀隆くんの気持ちはうれしい、よ。
秀隆くんの気持ちはうれしい、よ。
誰かに好かれて、嫌な思いをする人なんていないから
誰かに好かれて、嫌な思いをする人なんていないから
希望
希望
だけど私は、秀隆くんに答えてはあげられない
だけど私は、秀隆くんに答えてはあげられない
９９％分かっていた答えだが、
９９％分かっていた答えだが、
それはオレに深く、重くのしかかってくる。
それはオレに深く、重くのしかかってくる。
心の片隅では、もしかしたら受け入れてくれるんじゃないか。
心の片隅では、もしかしたら受け入れてくれるんじゃないか。
そんな予感を感じてしまっていたから。
そんな予感を感じてしまっていたから。
秀隆
秀隆
……もう、元の関係には戻れないか？
……もう、元の関係には戻れないか？
希望
希望
…………
…………
秀隆
秀隆
虫のいい話だってのは分かってる。
虫のいい話だってのは分かってる。
でも、これ以上希望と会えなくなるとかは嫌なんだよ
でも、これ以上希望と会えなくなるとかは嫌なんだよ
希望
希望
それは……お父さんや龍也さんが居るから？
それは……お父さんや龍也さんが居るから？
秀隆
秀隆
それは関係ない。今回のことが許せないなら、
それは関係ない。今回のことが許せないなら、
もちろん二人に報告されても仕方のないことだと思ってる
もちろん二人に報告されても仕方のないことだと思ってる
希望
希望
ずるいね、その言い方。私に言えるわけないじゃない……
ずるいね、その言い方。私に言えるわけないじゃない……
秀隆
秀隆
そうだな……ずるいな
そうだな……ずるいな
希望
希望
私、まだちょっと怒ってる。怒っちゃってるよ
私、まだちょっと怒ってる。怒っちゃってるよ
秀隆
秀隆
そうか……
そうか……
秀隆
秀隆
何でも受け入れるつもりだ。それだけのことをしてしまったんだから
何でも受け入れるつもりだ。それだけのことをしてしまったんだから
希望
希望
殴られたりしても、文句は言えないよね……
殴られたりしても、文句は言えないよね……
秀隆
秀隆
もちろんだ
もちろんだ
希望
希望
秀隆くんのことは嫌いじゃない、だから……
秀隆くんのことは嫌いじゃない、だから……
希望
希望
ひとつだけ条件を聞いてくれるなら、許してあげる
ひとつだけ条件を聞いてくれるなら、許してあげる
秀隆
秀隆
何でもいってくれ
何でもいってくれ
秀隆
秀隆
出来ることは、全てやらせてもらうつもりだ
出来ることは、全てやらせてもらうつもりだ
希望は頷いた後、オレにこう言った。
希望は頷いた後、オレにこう言った。
希望
希望
あの日のことはお互いに忘れる。それでいいのなら……
あの日のことはお互いに忘れる。それでいいのなら……
それは、殴られるよりも辛い条件だった。
それは、殴られるよりも辛い条件だった。
だが、拒否することは出来ない。
だが、拒否することは出来ない。
秀隆
秀隆
希望が、そうしろ、って言うなら……
希望が、そうしろ、って言うなら……
秀隆
秀隆
オレから金輪際、その話をしないと約束する
オレから金輪際、その話をしないと約束する
希望
希望
……うん。じゃあ、なし、ってことで
……うん。じゃあ、なし、ってことで
秀隆
秀隆
……ありがとう
……ありがとう
希望
希望
だけど、今日はもう帰るね。
だけど、今日はもう帰るね。
まだ、ちゃんと秀隆くんの顔が見られないから
まだ、ちゃんと秀隆くんの顔が見られないから
ずっと、顔を伏せたまま、希望はそう言った。
ずっと、顔を伏せたまま、希望はそう言った。
希望
希望
ごめんね
ごめんね
秀隆
秀隆
希望が謝ることじゃない。当然のことだと思う
希望が謝ることじゃない。当然のことだと思う
秀隆
秀隆
じゃあ、また……な
じゃあ、また……な
希望
希望
うん。またね……さよなら
うん。またね……さよなら
そう言い、希望は少し小走りに、カジノのほうへと消えていった。
そう言い、希望は少し小走りに、カジノのほうへと消えていった。
オレはその背中をただ、見守ることしか出来ない。
オレはその背中をただ、見守ることしか出来ない。
これで、絶縁のような関係にはならずに済むだろう。
これで、絶縁のような関係にはならずに済むだろう。
でも……今までと全く同じ関係に戻れることは、まずありえない。
でも……今までと全く同じ関係に戻れることは、まずありえない。
１年２年、あるいは５年以上の時間を置けば、
１年２年、あるいは５年以上の時間を置けば、
自然体に戻ることもあるだろうけど……。
自然体に戻ることもあるだろうけど……。
オレが残した傷跡は、暫く心の中に残り続けてしまう。
オレが残した傷跡は、暫く心の中に残り続けてしまう。
今まで居た自然な立ち位置が分からなくなって、
今まで居た自然な立ち位置が分からなくなって、
どう接していいか分からず、気まずくなってしまう。
どう接していいか分からず、気まずくなってしまう。
そして、気がつけば距離を置く。
そして、気がつけば距離を置く。
そんな流れにだって、なってしまいかねない。
そんな流れにだって、なってしまいかねない。
近しい人に想いを告げるって言うのは、そう言うことなんだ。
近しい人に想いを告げるって言うのは、そう言うことなんだ。
…………。
…………。
……。
……。
