希望
希望
それで……どうしてこんな状況になってるんだろう？
それで……どうしてこんな状況になってるんだろう？
秀隆
秀隆
そろそろ希望にも、オレに対する愛情表現を覚えてもらおうと思って
そろそろ希望にも、オレに対する愛情表現を覚えてもらおうと思って
希望
希望
そ、それで目の前にこれがあるの？
そ、それで目の前にこれがあるの？
秀隆
秀隆
希望も知識くらいはあるだろ？
希望も知識くらいはあるだろ？
希望
希望
……えと、その、舐めたり、するんだよね……？
……えと、その、舐めたり、するんだよね……？
秀隆
秀隆
ああ。希望の口で、ぱくっと
ああ。希望の口で、ぱくっと
希望
希望
ぱくっと、噛む？
ぱくっと、噛む？
秀隆
秀隆
噛んではいけません
噛んではいけません
希望
希望
じゃあ……その、やってみるね？
じゃあ……その、やってみるね？
秀隆
秀隆
うむ
うむ
オレは堂々と股間を大きくさせたまま、頷いて希望を招き入れる。
オレは堂々と股間を大きくさせたまま、頷いて希望を招き入れる。
希望
希望
……近くで見ると、結構大きいね
……近くで見ると、結構大きいね
秀隆
秀隆
だろ？
だろ？
希望
希望
他の男の子がわからないから、参考にもならないけど
他の男の子がわからないから、参考にもならないけど
秀隆
秀隆
……だよな……
……だよな……
希望
希望
私が大きいと思ってたら、きっと秀隆くんも幸せだよね
私が大きいと思ってたら、きっと秀隆くんも幸せだよね
秀隆
秀隆
凄く幸せです
凄く幸せです
希望
希望
……ん……ちゅ……
……ん……ちゅ……
ちょっとだけ怖がりながら、希望はオレの先端にキスをした。
ちょっとだけ怖がりながら、希望はオレの先端にキスをした。
それから、怖くないことが分かったのか、
それから、怖くないことが分かったのか、
再び口を近づけると、何度かにわけて触れてきた。
再び口を近づけると、何度かにわけて触れてきた。
希望
希望
ちゅ、ちゅっ……
ちゅ、ちゅっ……
秀隆
秀隆
ん……
ん……
自分では出来ない行為に、股間がむずむずと快楽を感じた。
自分では出来ない行為に、股間がむずむずと快楽を感じた。
希望
希望
ちゅっ……ちゅ、ちゅっ……ん……
ちゅっ……ちゅ、ちゅっ……ん……
それから、希望はオレの竿を握り締め、舌先を突き出して舐め始める。
それから、希望はオレの竿を握り締め、舌先を突き出して舐め始める。
希望
希望
ちゅっ、ちゅるっ、ちゅ、れるっ……れろっ……
ちゅっ、ちゅるっ、ちゅ、れるっ……れろっ……
希望
希望
こ、こんな感じで大丈夫？
こ、こんな感じで大丈夫？
秀隆
秀隆
希望の思うままにやってくれれば、それでいいよ
希望の思うままにやってくれれば、それでいいよ
秀隆
秀隆
オレだって、どうされるのが正しいのかはよくわからないし
オレだって、どうされるのが正しいのかはよくわからないし
希望
希望
そっか……わかった
そっか……わかった
希望
希望
ちゅ、ちゅっ……ちゅ……ぺろっ……
ちゅ、ちゅっ……ちゅ……ぺろっ……
希望
希望
味は、あんまりしないね……
味は、あんまりしないね……
秀隆
秀隆
一応清潔にはしてるし
一応清潔にはしてるし
秀隆
秀隆
あ、それと、袋の方も触ってみてくれると
あ、それと、袋の方も触ってみてくれると
希望
希望
袋……うわ、なにこのぶよぶよなの……凄い……中に玉みたいなのがあるよ？
袋……うわ、なにこのぶよぶよなの……凄い……中に玉みたいなのがあるよ？
秀隆
秀隆
俗に言う金玉だな
俗に言う金玉だな
希望
希望
……これは、取り出したり出来るのかな？
……これは、取り出したり出来るのかな？
秀隆
秀隆
取り出すことも食べることも出来ないし、壊れ物だから注意してくれ
取り出すことも食べることも出来ないし、壊れ物だから注意してくれ
希望
希望
は、はいっ
は、はいっ
オレのこわばった顔を見て、頷く希望。
オレのこわばった顔を見て、頷く希望。
希望
希望
……デリケートな部分、ってことだね？
……デリケートな部分、ってことだね？
秀隆
秀隆
ちょっとしたことで、信じられない痛みがきたりするから
ちょっとしたことで、信じられない痛みがきたりするから
希望
希望
そういえば、男の子が苦手な部分、なんだっけ……
そういえば、男の子が苦手な部分、なんだっけ……
希望
希望
凛ちゃんが言ってた。もしもの時は蹴り上げてやれって
凛ちゃんが言ってた。もしもの時は蹴り上げてやれって
秀隆
秀隆
やめてください
やめてください
希望
希望
なんか、少し袋が小さくなった？
なんか、少し袋が小さくなった？
恐怖を感じると、男はそうなるのである。
恐怖を感じると、男はそうなるのである。
希望はふにふにと袋を優しく触りながら、
希望はふにふにと袋を優しく触りながら、
今度は口を開いて、オレの先端を自らの口内へと入れていく。
今度は口を開いて、オレの先端を自らの口内へと入れていく。
秀隆
秀隆
歯は当てないようにな
歯は当てないようにな
希望
希望
ん……
ん……
希望
希望
ん、ちゅ……ぐちゅ、ちゅ……
ん、ちゅ……ぐちゅ、ちゅ……
口の中で、希望の舌がオレの先端に絡み付いてくる。
口の中で、希望の舌がオレの先端に絡み付いてくる。
もちろん、明らかに警戒というか、慎重になっていて、
もちろん、明らかに警戒というか、慎重になっていて、
ＡＶなんかとは違いぎこちないものだったが。
ＡＶなんかとは違いぎこちないものだったが。
それでも、希望にしてもらっているというだけで、
それでも、希望にしてもらっているというだけで、
ＡＶでは絶対に勝てない気持ちよさがある。
ＡＶでは絶対に勝てない気持ちよさがある。
希望
希望
ん、ちゅっ……ちゅっ……ん……
ん、ちゅっ……ちゅっ……ん……
希望
希望
ちゅ、んっ……んむっ……わ、私、ちゃんとできてる？
ちゅ、んっ……んむっ……わ、私、ちゃんとできてる？
秀隆
秀隆
ああ。ちゃんと出来てるよ
ああ。ちゃんと出来てるよ
希望
希望
よかった……ちゅ、ちゅっ……んっ……
よかった……ちゅ、ちゅっ……んっ……
希望
希望
はむっ、んっ、んっ……ちゅ……
はむっ、んっ、んっ……ちゅ……
オレは希望が顔を動かすたびにゆれるおっぱいを触りたくなり、
オレは希望が顔を動かすたびにゆれるおっぱいを触りたくなり、
手を伸ばした。
手を伸ばした。
希望
希望
んっ！？
んっ！？
がりっ。
がりっ。
秀隆
秀隆
あぎゃっ！
あぎゃっ！
希望
希望
わ、ご、ごめんっ！
わ、ご、ごめんっ！
希望の歯が先端にあたり、敏感なオレは飛び跳ねた。
希望の歯が先端にあたり、敏感なオレは飛び跳ねた。
希望
希望
きゅ、急に秀隆くんが、その、おっぱいを触るから……
きゅ、急に秀隆くんが、その、おっぱいを触るから……
秀隆
秀隆
悪い悪い。あまりに気持ちよさそうだったから、つい……
悪い悪い。あまりに気持ちよさそうだったから、つい……
希望
希望
……大丈夫？
……大丈夫？
秀隆
秀隆
ああ。ちょっとだったからな。全然大丈夫だ
ああ。ちょっとだったからな。全然大丈夫だ
希望
希望
えっと、続けてもいいのかな？
えっと、続けてもいいのかな？
秀隆
秀隆
嫌じゃないか？
嫌じゃないか？
希望
希望
嫌じゃないよ。その、なんか、楽しいというか、やりたいかな……
嫌じゃないよ。その、なんか、楽しいというか、やりたいかな……
希望なりにオレのモノには興味が尽きないようだ。
希望なりにオレのモノには興味が尽きないようだ。
秀隆
秀隆
よし。じゃ続けてくれ
よし。じゃ続けてくれ
希望
希望
うん……
うん……
再び、希望がオレのモノを咥える。
再び、希望がオレのモノを咥える。
オレは、希望のフェラに集中しようと、そっと頭に手を置いた。
オレは、希望のフェラに集中しようと、そっと頭に手を置いた。
希望
希望
んっ、んっ、ちゅっ、んむっ、ん、はむっ……
んっ、んっ、ちゅっ、んむっ、ん、はむっ……
希望
希望
ちゅっ、ちゅ……んっ……ふぅっ、ん……んぅっ……
ちゅっ、ちゅ……んっ……ふぅっ、ん……んぅっ……
希望
希望
……ねばねばしたの、出てきた……
……ねばねばしたの、出てきた……
秀隆
秀隆
それも舐めてくれると……
それも舐めてくれると……
希望
希望
うん……
うん……
希望
希望
ちゅ、ちゅ、ちゅっ、じゅるっ、ちゅ……じゅっ……
ちゅ、ちゅ、ちゅっ、じゅるっ、ちゅ……じゅっ……
希望
希望
んぅ、ん、ちゅ、じゅ、ちゅるっ、ちゅ……はぁ、んっ……
んぅ、ん、ちゅ、じゅ、ちゅるっ、ちゅ……はぁ、んっ……
秀隆
秀隆
っ……
っ……
秀隆
秀隆
あ、あのな、その、このまま一回、希望の口の中に出していいか？
あ、あのな、その、このまま一回、希望の口の中に出していいか？
希望
希望
ん……よくわからないけど、大丈夫だと、思う……
ん……よくわからないけど、大丈夫だと、思う……
希望の承諾を得て、オレは口内で射精させてもらうことにした。
希望の承諾を得て、オレは口内で射精させてもらうことにした。
希望
希望
ちゅ、ちゅっ、ちゅっ……じゅ、っ……んぷっ……
ちゅ、ちゅっ、ちゅっ……じゅ、っ……んぷっ……
希望
希望
ちゅる、ちゅ、ちゅっ、ん、ちゅく、ふぅ、ん、んっ……
ちゅる、ちゅ、ちゅっ、ん、ちゅく、ふぅ、ん、んっ……
秀隆
秀隆
はぁ、はぁっ……
はぁ、はぁっ……
オレの息が荒くなる。
オレの息が荒くなる。
希望
希望
ふふ、ん、ちゅ、ちゅっ、くちゅ、ちゅるっ……
ふふ、ん、ちゅ、ちゅっ、くちゅ、ちゅるっ……
気持ちよさそうにしているのが分かったのか、希望が嬉しそうな
気持ちよさそうにしているのが分かったのか、希望が嬉しそうな
顔をした。
顔をした。
そして、今までよりも積極的に舌を使ってフェラをする。
そして、今までよりも積極的に舌を使ってフェラをする。
希望
希望
んちゅ、ちゅちゅ、ちゅるるっ、んじゅ、ちゅる……
んちゅ、ちゅちゅ、ちゅるるっ、んじゅ、ちゅる……
秀隆
秀隆
あ、くっ……
あ、くっ……
オレはこみ上げてくる射精を、堪えることなく吐き出すことにした。
オレはこみ上げてくる射精を、堪えることなく吐き出すことにした。
秀隆
秀隆
で、出るからなっ……
で、出るからなっ……
希望
希望
ん、ん、っちきゅ、ちゅ、ちゅぶっ、んっ……
ん、ん、っちきゅ、ちゅ、ちゅぶっ、んっ……
希望
希望
ん……んっ！？　んっ！　くっ、んぶっ……！
ん……んっ！？　んっ！　くっ、んぶっ……！
希望の喉奥に飛ばすように、射精をするオレ。
希望の喉奥に飛ばすように、射精をするオレ。
希望は戸惑いながらも、それを全て口内で受け止めた。
希望は戸惑いながらも、それを全て口内で受け止めた。
希望
希望
んっ、ぷ……おぇえ……
んっ、ぷ……おぇえ……
そして、それを吐いてしまった。
そして、それを吐いてしまった。
希望
希望
に、苦いよ……けほけほっ……
に、苦いよ……けほけほっ……
秀隆
秀隆
だ、大丈夫か？
だ、大丈夫か？
希望
希望
ごめん、凄い勢いだったから、吐いちゃった……
ごめん、凄い勢いだったから、吐いちゃった……
秀隆
秀隆
いいんだって。普通そうするもんだから
いいんだって。普通そうするもんだから
秀隆
秀隆
……凄い気持ちよかった
……凄い気持ちよかった
オレは希望の髪を優しく撫でる。
オレは希望の髪を優しく撫でる。
希望
希望
そうかな……これから、もっともっと勉強するね
そうかな……これから、もっともっと勉強するね
秀隆
秀隆
オレも希望を喜ばせる勉強しなきゃな
オレも希望を喜ばせる勉強しなきゃな
希望
希望
……うん……秀隆くん……
……うん……秀隆くん……
フェラしている間に、感じていたのだろうか。
フェラしている間に、感じていたのだろうか。
希望のあそこからは、愛液が伝っている。
希望のあそこからは、愛液が伝っている。
オレたちは、惹かれあうように互いの性器を近づけあった。
オレたちは、惹かれあうように互いの性器を近づけあった。
希望
希望
は……ああっ……んっ……
は……ああっ……んっ……
３回目のエッチ。
３回目のエッチ。
希望の顔に、苦痛の色は殆どなかった。
希望の顔に、苦痛の色は殆どなかった。
秀隆
秀隆
大丈夫そうだな……
大丈夫そうだな……
希望
希望
うん。大丈夫みたい……はあっ……あ、でも……
うん。大丈夫みたい……はあっ……あ、でも……
秀隆
秀隆
どうした？
どうした？
希望
希望
どうしよ……ちょっと、まずいかもしれないよ
どうしよ……ちょっと、まずいかもしれないよ
秀隆
秀隆
まずいって、何か困ったことが？
まずいって、何か困ったことが？
希望
希望
き、気持ちいいかも……入っただけなのに……
き、気持ちいいかも……入っただけなのに……
秀隆
秀隆
な、なんだそう言うことか。驚かすなよ
な、なんだそう言うことか。驚かすなよ
希望
希望
だ、だって昨日まで痛かったのに……秀隆くんに開発された、のかな
だ、だって昨日まで痛かったのに……秀隆くんに開発された、のかな
秀隆
秀隆
開発って……まだまだこれからだけどな
開発って……まだまだこれからだけどな
秀隆
秀隆
でも、そうか。なら、今日は遠慮なくエッチできそうだな
でも、そうか。なら、今日は遠慮なくエッチできそうだな
希望
希望
んっ……あ……っ……
んっ……あ……っ……
腰を動かし始めると、希望は気持ちよさそうに声を漏らした。
腰を動かし始めると、希望は気持ちよさそうに声を漏らした。
中もきついが、愛液のおかげでスムーズに前後できる。
中もきついが、愛液のおかげでスムーズに前後できる。
オレはおっぱいを舐めながら、序盤から腰を早めていく。
オレはおっぱいを舐めながら、序盤から腰を早めていく。
希望
希望
はぁっ、あっ、あっ、んっ……あんっ、あんっ！
はぁっ、あっ、あっ、んっ……あんっ、あんっ！
家とは違い、誰かに声を聞かれる心配も無い。
家とは違い、誰かに声を聞かれる心配も無い。
希望は大きな声で、オレの前であえぐ。
希望は大きな声で、オレの前であえぐ。
秀隆
秀隆
希望のエッチな声、もっと聞かせてくれ
希望のエッチな声、もっと聞かせてくれ
希望
希望
やあっ、あっ、恥ずかしいよ、あんっ、ん、んっ、あんっ！
やあっ、あっ、恥ずかしいよ、あんっ、ん、んっ、あんっ！
希望
希望
で、でも。秀隆くんの、気持ちいいよぉ……んっ！
で、でも。秀隆くんの、気持ちいいよぉ……んっ！
希望
希望
はぁっ、はぁっ、あっ、あっ、あっ、んっ……あ、あっ、あっ……
はぁっ、はぁっ、あっ、あっ、あっ、んっ……あ、あっ、あっ……
突き入れるたびに、希望が鳴く。
突き入れるたびに、希望が鳴く。
それが嬉しくて。オレはどんどんと回転を早めていく。
それが嬉しくて。オレはどんどんと回転を早めていく。
希望
希望
だ、だめ、なんか。いつもより、絶対、は、激しいよっ！？
だ、だめ、なんか。いつもより、絶対、は、激しいよっ！？
秀隆
秀隆
希望に感じてもらいたいんだ。いっぱいいっぱい
希望に感じてもらいたいんだ。いっぱいいっぱい
希望
希望
はぁっ、はあっ、あっ、ああっ、あんっ、はぁっ、こ、これっ……
はぁっ、はあっ、あっ、ああっ、あんっ、はぁっ、こ、これっ……
希望
希望
だめ、おかしくなっちゃう、こんなの、だめっ……！
だめ、おかしくなっちゃう、こんなの、だめっ……！
希望
希望
はぁっ、あっ、はぁっ、は、ああっ、んっ！
はぁっ、あっ、はぁっ、は、ああっ、んっ！
秀隆
秀隆
もっと、もっと気持ちよくなろう……二人で
もっと、もっと気持ちよくなろう……二人で
希望
希望
はぁっ、あっ、あっ、あっ、んっ……やぁっ、あ……あっ……
はぁっ、あっ、あっ、あっ、んっ……やぁっ、あ……あっ……
希望
希望
は、はぁっ、あああっ、あっ、や、やぁっ、
は、はぁっ、あああっ、あっ、や、やぁっ、
あっ、きもち、いっ……
あっ、きもち、いっ……
希望
希望
私、どんどん、エッチな子になってっちゃうよ……はぁっ
私、どんどん、エッチな子になってっちゃうよ……はぁっ
希望
希望
いけない姿、たくさんたくさん、見せちゃってるっ……
いけない姿、たくさんたくさん、見せちゃってるっ……
秀隆
秀隆
エッチな姿、いっぱい見せていいんだぞ……
エッチな姿、いっぱい見せていいんだぞ……
秀隆
秀隆
希望のあえぎ声も、おっぱいも、オマ○コも、全部全部
希望のあえぎ声も、おっぱいも、オマ○コも、全部全部
希望
希望
で、でも、恥ずかしい、恥ずかしいよぉっ……
で、でも、恥ずかしい、恥ずかしいよぉっ……
希望
希望
なのに、とまらなくて、我慢、出来なくって……はぁっ
なのに、とまらなくて、我慢、出来なくって……はぁっ
希望
希望
は、はぁっ、や、やぁ、はぁっ……！
は、はぁっ、や、やぁ、はぁっ……！
秀隆
秀隆
く……
く……
近づいてくる、２度目の絶頂。
近づいてくる、２度目の絶頂。
オレは今までで一番強く腰を打ちつけ、希望を感じさせる。
オレは今までで一番強く腰を打ちつけ、希望を感じさせる。
希望
希望
や、や、あ、あっ、あっ、ああっ、あっ……んっ！
や、や、あ、あっ、あっ、ああっ、あっ……んっ！
秀隆
秀隆
希望、希望っ……
希望、希望っ……
希望
希望
わ、私、ダメ、あ、っ、あっ、あっ……は、はぁっ……！
わ、私、ダメ、あ、っ、あっ、あっ……は、はぁっ……！
秀隆
秀隆
希望っ……！
希望っ……！
オレは、限界を向かえ、慌てて竿を引き抜く。
オレは、限界を向かえ、慌てて竿を引き抜く。
希望
希望
ああああっ、ふああ……あっ！
ああああっ、ふああ……あっ！
そして、熱いものを希望の上にぶっ掛けた。
そして、熱いものを希望の上にぶっ掛けた。
希望
希望
はぁっ、あっ……あっ、ああっ……はーっ……
はぁっ、あっ……あっ、ああっ……はーっ……
秀隆
秀隆
……はぁ、はぁっ……
……はぁ、はぁっ……
希望
希望
はぁっ……はあ、あ……熱いね……っ……
はぁっ……はあ、あ……熱いね……っ……
とろんとした瞳で、オレを見つめる希望。
とろんとした瞳で、オレを見つめる希望。
オレは希望を抱きしめる。
オレは希望を抱きしめる。
秀隆
秀隆
気持ちよかった
気持ちよかった
希望
希望
わ、私も……凄く、気持ちよかったよ……
わ、私も……凄く、気持ちよかったよ……
