秀隆
秀隆
なんて言うか、落ち着かないもんだなぁ……
なんて言うか、落ち着かないもんだなぁ……
オレは空（天井）を見上げながら、ふーっと深い息を吐き出した。
オレは空（天井）を見上げながら、ふーっと深い息を吐き出した。
秀隆
秀隆
青空のない空か……
青空のない空か……
時刻は朝の９時前。
時刻は朝の９時前。
だと言うのに、青空が無いせいかどうにも違和感を感じてしょうがない。
だと言うのに、青空が無いせいかどうにも違和感を感じてしょうがない。
希望
希望
ごめん秀隆くん、遅くなっちゃった
ごめん秀隆くん、遅くなっちゃった
秀隆
秀隆
おはよう希望。まだ待ち合わせ時刻の前だから気にするなよ
おはよう希望。まだ待ち合わせ時刻の前だから気にするなよ
希望
希望
ありがと、わざわざこっちにまで来て貰って
ありがと、わざわざこっちにまで来て貰って
秀隆
秀隆
特務官の特権ってやつだな
特務官の特権ってやつだな
秀隆
秀隆
今日は特別予定もなかったし。それで、話ってなんなんだ？
今日は特別予定もなかったし。それで、話ってなんなんだ？
わざわざメールで頼んでくるくらいだ、難しい悩みなのか？
わざわざメールで頼んでくるくらいだ、難しい悩みなのか？
希望
希望
ちょっと、ね。歩きながらでもいい？
ちょっと、ね。歩きながらでもいい？
秀隆
秀隆
ああ
ああ
オレは希望と並んで歩き出す。
オレは希望と並んで歩き出す。
この間進路相談されたことを思い返していた。
この間進路相談されたことを思い返していた。
その悩みの延長である可能性もある。
その悩みの延長である可能性もある。
希望
希望
そいえば、最近仕事の方は順調なの？
そいえば、最近仕事の方は順調なの？
秀隆
秀隆
順調と言えば順調だし、そうでもないといえばそうでもないな
順調と言えば順調だし、そうでもないといえばそうでもないな
希望
希望
あはは、なにそれ
あはは、なにそれ
秀隆
秀隆
いや、調子自体はいいんだけどさ、
いや、調子自体はいいんだけどさ、
調子に乗った発言をすると転んだ時格好悪いだろ？
調子に乗った発言をすると転んだ時格好悪いだろ？
秀隆
秀隆
高坂特務官みたいに、毎回毎回成功させる力があれば、自信も付くんだろうけど
高坂特務官みたいに、毎回毎回成功させる力があれば、自信も付くんだろうけど
希望
希望
……なるほど
……なるほど
一度、頷く希望。
一度、頷く希望。
ふと一瞬だけ、表情が変わった気がした。
ふと一瞬だけ、表情が変わった気がした。
秀隆
秀隆
もしかして、高坂特務官に関係することか？
もしかして、高坂特務官に関係することか？
希望
希望
…………
…………
希望が、驚いたような眼差しをこちらへと向けた。
希望が、驚いたような眼差しをこちらへと向けた。
希望
希望
どうして分かったの？
どうして分かったの？
秀隆
秀隆
いや、何となく？　雰囲気がさ
いや、何となく？　雰囲気がさ
希望
希望
雰囲気に、出ちゃってたか……
雰囲気に、出ちゃってたか……
秀隆
秀隆
もしかして喧嘩でもしたか？
もしかして喧嘩でもしたか？
希望
希望
ううん、仲はいいよ。この間も、２人でデートしたし
ううん、仲はいいよ。この間も、２人でデートしたし
秀隆
秀隆
ほう、デートとな……
ほう、デートとな……
まさか、あーんなことやこーんなことを？
まさか、あーんなことやこーんなことを？
もちろんそれは悪いことじゃないが、
もちろんそれは悪いことじゃないが、
相手のいないオレとしては羨まけしからん話だ。
相手のいないオレとしては羨まけしからん話だ。
当然、何かしたのか？　とは聞けない。
当然、何かしたのか？　とは聞けない。
希望
希望
男の人ってさ、どう言うことされるのが好きなのかな？
男の人ってさ、どう言うことされるのが好きなのかな？
秀隆
秀隆
えっ！？
えっ！？
思わず、ドキッとしてしまう。
思わず、ドキッとしてしまう。
やましい考えを想像していただけに、
やましい考えを想像していただけに、
即行で『エッチなこと』と発言するところだった。
即行で『エッチなこと』と発言するところだった。
秀隆
秀隆
そりゃ尽くされることだろ。やっぱり
そりゃ尽くされることだろ。やっぱり
希望
希望
尽くすってどういうこと？
尽くすってどういうこと？
秀隆
秀隆
お弁当を作ったり、一緒に帰宅したり。買い物に行ったり
お弁当を作ったり、一緒に帰宅したり。買い物に行ったり
希望
希望
うーん、普通のデートってことだよね？
うーん、普通のデートってことだよね？
秀隆
秀隆
まぁそうだけど……
まぁそうだけど……
希望
希望
一緒にいるだけじゃダメかなぁ
一緒にいるだけじゃダメかなぁ
秀隆
秀隆
なんだよ急に。やっぱ喧嘩したのか？
なんだよ急に。やっぱ喧嘩したのか？
希望
希望
違うよ。ただ……あぁもう、ストレートに言うね
違うよ。ただ……あぁもう、ストレートに言うね
迷っていたようだったが、希望は切り出した。
迷っていたようだったが、希望は切り出した。
希望
希望
……龍也さんには、その、好きな人がいるの……
……龍也さんには、その、好きな人がいるの……
秀隆
秀隆
…………
…………
秀隆
秀隆
それは、希望、とは違って？
それは、希望、とは違って？
希望
希望
うん
うん
秀隆
秀隆
……マジで？
……マジで？
希望
希望
うん。それも、実を言うと何年も前から
うん。それも、実を言うと何年も前から
秀隆
秀隆
そうか、何年も前から……！？
そうか、何年も前から……！？
秀隆
秀隆
は、はああああああああああああああ？
は、はああああああああああああああ？
一体どう言うことだ。
一体どう言うことだ。
高坂特務官に、希望以外に好きな人がいる？
高坂特務官に、希望以外に好きな人がいる？
簡単には理解しがたい話だった。
簡単には理解しがたい話だった。
秀隆
秀隆
許婚なんだよな？
許婚なんだよな？
希望
希望
でも、それと気持ちのありかは別でしょ？
でも、それと気持ちのありかは別でしょ？
秀隆
秀隆
そ、そりゃ、いやでも……本当なのか？　勘違いってことは？
そ、そりゃ、いやでも……本当なのか？　勘違いってことは？
希望
希望
直接聞いたことはないけど、でも、分かるよ
直接聞いたことはないけど、でも、分かるよ
秀隆
秀隆
……そうか……その、差し支えなければ、聞いても？
……そうか……その、差し支えなければ、聞いても？
秀隆
秀隆
オレの知ってる人なのか？
オレの知ってる人なのか？
希望
希望
会ったことはあるんじゃないかな。
会ったことはあるんじゃないかな。
同じ特務官で、恋さん、って言うんだけど
同じ特務官で、恋さん、って言うんだけど
名前を聞いてすぐに浮かんできた。
名前を聞いてすぐに浮かんできた。
ドリームタウンの特務官だ。
ドリームタウンの特務官だ。
この間カジノで希望とも話していたのを思い出した。
この間カジノで希望とも話していたのを思い出した。
確かに素晴らしいスタイルと顔だったな。
確かに素晴らしいスタイルと顔だったな。
希望と比べても全く引けを取らない。
希望と比べても全く引けを取らない。
秀隆
秀隆
それでその……希望はどうしたいんだ？
それでその……希望はどうしたいんだ？
秀隆
秀隆
別れたいのか、それともこのままでいいのか。
別れたいのか、それともこのままでいいのか。
あるいは、ちゃんと話し合ってキチンと付き合っていきたいのか
あるいは、ちゃんと話し合ってキチンと付き合っていきたいのか
秀隆
秀隆
とにかくそう言うビジョン
とにかくそう言うビジョン
希望
希望
それが、今回の相談内容かな……正直、分からないの
それが、今回の相談内容かな……正直、分からないの
秀隆
秀隆
悔しいとか悲しいとか、そう言うのはどう感じてるんだ？
悔しいとか悲しいとか、そう言うのはどう感じてるんだ？
希望
希望
分からないんだ。自分がどう感じているのか
分からないんだ。自分がどう感じているのか
希望
希望
このまま黙って関係を続けてもいいし、終わらせてもいいし。
このまま黙って関係を続けてもいいし、終わらせてもいいし。
話し合いをして、キチンと方向性を定めてもいいと思ってる
話し合いをして、キチンと方向性を定めてもいいと思ってる
秀隆
秀隆
心が広いと言うか、なんと言うか……
心が広いと言うか、なんと言うか……
それって……。
それって……。
希望
希望
私って、龍也さんのこと、好きなのかな？　って考えちゃう
私って、龍也さんのこと、好きなのかな？　って考えちゃう
秀隆
秀隆
…………
…………
そう、そうだよな。
そう、そうだよな。
普通好きで仕方のない相手なら、
普通好きで仕方のない相手なら、
そんな事実を知れば落胆し、嫉妬し、抵抗を見せる。
そんな事実を知れば落胆し、嫉妬し、抵抗を見せる。
でも希望は、そう言う様子を見せない。
でも希望は、そう言う様子を見せない。
希望
希望
もちろん、尊敬する人だし、話してると楽しいし。
もちろん、尊敬する人だし、話してると楽しいし。
結婚するってなったときも、全然嫌な感情は無かった
結婚するってなったときも、全然嫌な感情は無かった
希望
希望
だけど、逆に嬉しいって気持ちも、無かった気がする
だけど、逆に嬉しいって気持ちも、無かった気がする
秀隆
秀隆
代表……お父さんが決めた話なんだっけ
代表……お父さんが決めた話なんだっけ
希望
希望
うん。龍也さんは将来、必ず頂点に立つ男になる、って
うん。龍也さんは将来、必ず頂点に立つ男になる、って
秀隆
秀隆
実際、今や泣く子も黙るドリームタウンのエースだもんな
実際、今や泣く子も黙るドリームタウンのエースだもんな
特務官の実力も然ることながら、人望も絶大。
特務官の実力も然ることながら、人望も絶大。
大河内代表と親しく、企業上役とも強いパイプを持っている。
大河内代表と親しく、企業上役とも強いパイプを持っている。
まだまだ先の話とは言え、将来はドリームタウンの代表、
まだまだ先の話とは言え、将来はドリームタウンの代表、
なんてこともけして夢物語ではないだろう。
なんてこともけして夢物語ではないだろう。
自らの娘を嫁がせる相手としては、申し分ないだろうしな。
自らの娘を嫁がせる相手としては、申し分ないだろうしな。
引退後のビジョンまでしっかりと見える。
引退後のビジョンまでしっかりと見える。
希望
希望
私、どうしたらいいかな？
私、どうしたらいいかな？
秀隆
秀隆
そうだな……
そうだな……
秀隆
秀隆
直接高坂特務官に聞けたら早いんだけど……
直接高坂特務官に聞けたら早いんだけど……
希望
希望
やっぱり、聞いてみた方がいいかな
やっぱり、聞いてみた方がいいかな
秀隆
秀隆
希望は間違いないって言うけど、
希望は間違いないって言うけど、
もしかしたら勘違いって可能性も０じゃないだろ
もしかしたら勘違いって可能性も０じゃないだろ
秀隆
秀隆
直接確かめるまでは、決め付けない方がいい
直接確かめるまでは、決め付けない方がいい
希望
希望
そうだね。確かに、その通りだと思う
そうだね。確かに、その通りだと思う
希望
希望
うーん
うーん
少し考えこむような仕草を見せる。
少し考えこむような仕草を見せる。
希望
希望
だけど直接聞くって、結構勇気がいることだよね
だけど直接聞くって、結構勇気がいることだよね
秀隆
秀隆
そりゃあなぁ……
そりゃあなぁ……
もしオレに彼女が居たとして、
もしオレに彼女が居たとして、
こう言うケースになったら正面からは聞きづらいだろう。
こう言うケースになったら正面からは聞きづらいだろう。
希望
希望
秀隆くんはいいよね。こう言う悩みがなくて
秀隆くんはいいよね。こう言う悩みがなくて
秀隆
秀隆
それ、どう言う意味だよ……
それ、どう言う意味だよ……
希望
希望
そのままの意味かなっ
そのままの意味かなっ
秀隆
秀隆
帰る！
帰る！
希望
希望
冗談だよ冗談
冗談だよ冗談
秀隆
秀隆
本当かよ……めっちゃ本気に見えたけどな
本当かよ……めっちゃ本気に見えたけどな
希望
希望
秀隆くんは、恋をしたことはある？
秀隆くんは、恋をしたことはある？
秀隆
秀隆
ま、一応な
ま、一応な
希望
希望
へー……その彼女とはどうなったの？
へー……その彼女とはどうなったの？
秀隆
秀隆
色々あってな。数ヶ月で結局別れたよ
色々あってな。数ヶ月で結局別れたよ
希望
希望
辛かった？
辛かった？
秀隆
秀隆
……彼女の方は、きっと、辛かっただろうな
……彼女の方は、きっと、辛かっただろうな
希望
希望
秀隆くんは？
秀隆くんは？
秀隆
秀隆
オレには、傷つく権利すらなかったから。一方的にひどかったんだ、オレが
オレには、傷つく権利すらなかったから。一方的にひどかったんだ、オレが
少しだけ心臓の鼓動が早くなる。
少しだけ心臓の鼓動が早くなる。
大丈夫だ、大丈夫……。
大丈夫だ、大丈夫……。
希望
希望
複雑そうだね。聞かないほうがいいかな
複雑そうだね。聞かないほうがいいかな
秀隆
秀隆
人に聞かせるような話じゃないさ
人に聞かせるような話じゃないさ
希望
希望
恋愛の達人が身近に居ればなぁ
恋愛の達人が身近に居ればなぁ
秀隆
秀隆
達人ねぇ……
達人ねぇ……
生憎だが、オレにそんな知り合いはいない。
生憎だが、オレにそんな知り合いはいない。
秀隆
秀隆
……いや、１人いるか
……いや、１人いるか
希望
希望
え？
え？
凛
凛
……朝っぱらから、人ン家に押しかけて、何なわけ……
……朝っぱらから、人ン家に押しかけて、何なわけ……
寝癖全開で、凛がこちらを睨みながら言い放った。
寝癖全開で、凛がこちらを睨みながら言い放った。
秀隆
秀隆
悪いな、突然押しかけて
悪いな、突然押しかけて
希望
希望
ごめんね
ごめんね
凛
凛
……それで、なに？
……それで、なに？
秀隆
秀隆
オレはコーヒーで。もちろんブラックだ
オレはコーヒーで。もちろんブラックだ
希望
希望
私は紅茶がいいかな。ミルクたっぷりで
私は紅茶がいいかな。ミルクたっぷりで
凛
凛
ドリンクの種類を聞いてんじゃないわよ！　がるるッ！
ドリンクの種類を聞いてんじゃないわよ！　がるるッ！
秀隆
秀隆
なんでそんなにピリピリしてんだ、怖いな。あ、もしかしてあの日か？
なんでそんなにピリピリしてんだ、怖いな。あ、もしかしてあの日か？
凛
凛
ッ！？
ッ！？
秀隆
秀隆
うわ、図星か……
うわ、図星か……
希望
希望
最低だよ秀隆くん
最低だよ秀隆くん
秀隆
秀隆
うーん、まさか本当にあの日とは……
うーん、まさか本当にあの日とは……
何となく凛の下半身を見てしまった。
何となく凛の下半身を見てしまった。
凛
凛
死ね！
死ね！
秀隆
秀隆
……顎が外れたかと思った
……顎が外れたかと思った
希望
希望
見事な一撃だったね
見事な一撃だったね
凛
凛
で……用件は何よ
で……用件は何よ
ブスッとした顔で、足を組んだ凛。
ブスッとした顔で、足を組んだ凛。
秀隆
秀隆
実はちょっと、凛にアドバイスを求めたくてさ
実はちょっと、凛にアドバイスを求めたくてさ
凛
凛
アドバイス？
アドバイス？
秀隆
秀隆
そうだ。凛を恋愛の達人と見込んでな
そうだ。凛を恋愛の達人と見込んでな
凛
凛
ふふん。ま、そう言うことなら話を聞かないでもないけど
ふふん。ま、そう言うことなら話を聞かないでもないけど
凛
凛
切った男の数は、無数にいるわよ。それもとびきりの男をね
切った男の数は、無数にいるわよ。それもとびきりの男をね
秀隆
秀隆
寝癖で言われても迫力には欠けるけどな
寝癖で言われても迫力には欠けるけどな
凛
凛
うっさいわね
うっさいわね
ささっと手で寝癖を直すが、
ささっと手で寝癖を直すが、
癖が強いのかピーンと元に戻った。
癖が強いのかピーンと元に戻った。
秀隆
秀隆
どんな恋愛してきてんだよ
どんな恋愛してきてんだよ
凛
凛
幅広くよ幅広く。普通にアイドルと恋したり、
幅広くよ幅広く。普通にアイドルと恋したり、
ちょっとした所帯持ちの大御所と関係を持ったり
ちょっとした所帯持ちの大御所と関係を持ったり
秀隆
秀隆
なんか波乱万丈そうだな……
なんか波乱万丈そうだな……
希望
希望
聞くのが怖くなるね
聞くのが怖くなるね
凛
凛
聞かせたりしないっての。それで、それがどうかしたの
聞かせたりしないっての。それで、それがどうかしたの
秀隆
秀隆
ズバリ聞くが、異性を好きになる、ってのはどう言う気持ちなんだ？
ズバリ聞くが、異性を好きになる、ってのはどう言う気持ちなんだ？
凛
凛
なにそれ……
なにそれ……
秀隆
秀隆
こう胸が張り裂けそうになる、とか。ドキドキする、とか
こう胸が張り裂けそうになる、とか。ドキドキする、とか
凛
凛
あんた、誰かに恋でもしたわけ？
あんた、誰かに恋でもしたわけ？
秀隆
秀隆
かも知れない
かも知れない
もちろん嘘だったが、こう言う他なかった。
もちろん嘘だったが、こう言う他なかった。
希望も最初、凛に相談することを思いついたそうだが、
希望も最初、凛に相談することを思いついたそうだが、
毎日のように顔を合わす友達を心配させたくないらしい。
毎日のように顔を合わす友達を心配させたくないらしい。
凛はこう見えても、かなり友達想いなようだ。
凛はこう見えても、かなり友達想いなようだ。
それに、少し噂が流れることを恐れたらしい。
それに、少し噂が流れることを恐れたらしい。
凛がどこかで迂闊に漏らしてしまったら、大事だと。
凛がどこかで迂闊に漏らしてしまったら、大事だと。
凛
凛
へえ、誰よ誰よ？
へえ、誰よ誰よ？
早速食いついてきた。
早速食いついてきた。
秀隆
秀隆
えーっと、その、同僚の女の子に
えーっと、その、同僚の女の子に
こう言う時、全てを嘘で塗り固めるとバレやすい。
こう言う時、全てを嘘で塗り固めるとバレやすい。
実在する人物やパターンを想像して、
実在する人物やパターンを想像して、
真実に嘘を練り混ぜることで、本当のことに見せかける必要がある。
真実に嘘を練り混ぜることで、本当のことに見せかける必要がある。
秀隆
秀隆
新人の時から、よくして貰っててな
新人の時から、よくして貰っててな
凛
凛
あ、もしかして一緒に同席したことがある人？
あ、もしかして一緒に同席したことがある人？
秀隆
秀隆
さすがに覚えてるか……そうだ
さすがに覚えてるか……そうだ
まどかすまん……ちょっと利用させてもらうぞ。
まどかすまん……ちょっと利用させてもらうぞ。
凛
凛
あんたさぁ……
あんたさぁ……
何故か、哀れむような目をむけ、ポンと肩に手を置かれた。
何故か、哀れむような目をむけ、ポンと肩に手を置かれた。
秀隆
秀隆
な、なんだよ
な、なんだよ
凛
凛
アレはあんたのレベルで落とせる女じゃないって。
アレはあんたのレベルで落とせる女じゃないって。
もうちょっと身の程を弁えた人を狙った方がいいわ
もうちょっと身の程を弁えた人を狙った方がいいわ
秀隆
秀隆
うわ、モロストレートに言いやがったな！
うわ、モロストレートに言いやがったな！
凛
凛
若くて綺麗で特務官で……どうやってあんたに落とせるっての？
若くて綺麗で特務官で……どうやってあんたに落とせるっての？
秀隆
秀隆
オレだって若くて格好良くて特務官だっての！
オレだって若くて格好良くて特務官だっての！
凛
凛
…………
…………
希望
希望
…………
…………
秀隆
秀隆
何故そこで二人とも黙り込みやがります？
何故そこで二人とも黙り込みやがります？
凛
凛
まぁ……恋をするのは自由か
まぁ……恋をするのは自由か
秀隆
秀隆
叶わない恋みたいに言うなっ！
叶わない恋みたいに言うなっ！
秀隆
秀隆
それに、正確には恋をしているかもしれない、ってだけだ
それに、正確には恋をしているかもしれない、ってだけだ
秀隆
秀隆
本当に恋をしてるのか、おまえに聞きたいと思ったんだよ
本当に恋をしてるのか、おまえに聞きたいと思ったんだよ
凛
凛
……あんた、今まで恋したことないの
……あんた、今まで恋したことないの
秀隆
秀隆
お、おう
お、おう
凛
凛
なんて言うか、堂々と僕は童貞ですって言うヤツ初めて見たわ
なんて言うか、堂々と僕は童貞ですって言うヤツ初めて見たわ
秀隆
秀隆
…………え？
…………え？
凛
凛
いや、だってそう言うことでしょ？　恋愛経験ないわけだし
いや、だってそう言うことでしょ？　恋愛経験ないわけだし
秀隆
秀隆
は、はぁ、まぁ……
は、はぁ、まぁ……
秀隆
秀隆
い、いや違う。そう、オレは確かに恋をしたことがない。
い、いや違う。そう、オレは確かに恋をしたことがない。
でもそれは女と付き合ったことがないわけじゃないんだよ
でもそれは女と付き合ったことがないわけじゃないんだよ
凛
凛
は？
は？
秀隆
秀隆
学生時代はモテまくったからな。
学生時代はモテまくったからな。
とりあえず女をとっかえひっかえ、やりまくったぜ
とりあえず女をとっかえひっかえ、やりまくったぜ
凛
凛
嘘乙
嘘乙
秀隆
秀隆
…………
…………
希望
希望
仮に真実だとしたら、最低だよね
仮に真実だとしたら、最低だよね
オレは一応、希望のために頑張ってやってるんだけどなぁ。
オレは一応、希望のために頑張ってやってるんだけどなぁ。
今のやりまくりは、ちょっと見栄を張りすぎたけど。
今のやりまくりは、ちょっと見栄を張りすぎたけど。
秀隆
秀隆
と、ともかく恋は未経験なんだ
と、ともかく恋は未経験なんだ
凛
凛
はいはい。それで、自称非童貞のあんたはどう感じてるわけ？　その人を
はいはい。それで、自称非童貞のあんたはどう感じてるわけ？　その人を
秀隆
秀隆
妙なレッテルを前につけるなっ
妙なレッテルを前につけるなっ
こほん、と咳払いをひとつ。
こほん、と咳払いをひとつ。
秀隆
秀隆
そうだな……一緒に居ると楽しい
そうだな……一緒に居ると楽しい
凛
凛
…………
…………
秀隆
秀隆
…………
…………
凛
凛
…………
…………
秀隆
秀隆
…………？
…………？
凛
凛
え、それで？
え、それで？
秀隆
秀隆
以上だ
以上だ
凛
凛
あんた、あたしをからかいに来たわけ？
あんた、あたしをからかいに来たわけ？
秀隆
秀隆
滅相も無いので拳を握り締めるのはやめてくださいお願いします
滅相も無いので拳を握り締めるのはやめてくださいお願いします
凛
凛
それって、恋してるって言うわけ？
それって、恋してるって言うわけ？
ただ良い女だからヤりたいってだけじゃないの？
ただ良い女だからヤりたいってだけじゃないの？
秀隆
秀隆
おまえさあ……年頃の女の子がヤるとかさらっと言うなよ
おまえさあ……年頃の女の子がヤるとかさらっと言うなよ
凛
凛
別に大した会話じゃないっしょ。ねえ、希望？
別に大した会話じゃないっしょ。ねえ、希望？
希望
希望
あはは。男の子の前ではちょっと
あはは。男の子の前ではちょっと
つまり、男の前じゃなきゃ大したことじゃないってことか……。
つまり、男の前じゃなきゃ大したことじゃないってことか……。
凛
凛
じろじろ希望の顔見て、何考えてんのよ
じろじろ希望の顔見て、何考えてんのよ
秀隆
秀隆
女の子って、やっぱり男が考えるよりアレなんだなと
女の子って、やっぱり男が考えるよりアレなんだなと
考えてみれば、学園にいたころも、
考えてみれば、学園にいたころも、
生徒たちは堂々と、下ネタ会話してたしな。
生徒たちは堂々と、下ネタ会話してたしな。
凛
凛
女に幻想抱いてると、いつまでも彼女できないわよ？
女に幻想抱いてると、いつまでも彼女できないわよ？
秀隆
秀隆
夢見たっていいだろ、別に……
夢見たっていいだろ、別に……
凛
凛
夢ねぇ……あの人、何て名前だっけ、あんたの気になる人
夢ねぇ……あの人、何て名前だっけ、あんたの気になる人
秀隆
秀隆
まど……佐々野さんだ
まど……佐々野さんだ
凛
凛
その佐々野さん。どう言う人なの？　あんたに可能性があるのか診断したげる
その佐々野さん。どう言う人なの？　あんたに可能性があるのか診断したげる
秀隆
秀隆
いや、別にそこまでお願いしたいわけじゃ……
いや、別にそこまでお願いしたいわけじゃ……
凛
凛
いいから話しなさいよ
いいから話しなさいよ
秀隆
秀隆
……単純に面白いから聞きたそうだな
……単純に面白いから聞きたそうだな
凛
凛
はあ？
はあ？
秀隆
秀隆
わ、悪い悪い。別に怒らせるつもりで言ったんじゃ
わ、悪い悪い。別に怒らせるつもりで言ったんじゃ
凛
凛
面白くなきゃ相談になんて乗るわけないっしょ
面白くなきゃ相談になんて乗るわけないっしょ
めちゃめちゃ面白がられていた！
めちゃめちゃ面白がられていた！
希望
希望
私も興味あるな。どんな人なのか
私も興味あるな。どんな人なのか
秀隆
秀隆
おまえはおまえで……まぁいいけどさ
おまえはおまえで……まぁいいけどさ
希望は自分の相談だったはずだが……。
希望は自分の相談だったはずだが……。
秀隆
秀隆
佐々野さんは、仕事熱心な女性かな。
佐々野さんは、仕事熱心な女性かな。
学生時代も、特務官だけを夢見てひた走ってたし……らしいし
学生時代も、特務官だけを夢見てひた走ってたし……らしいし
凛
凛
今現在フリーなわけ？
今現在フリーなわけ？
秀隆
秀隆
いや……彼氏はいるかな。同じ特務官だよ
いや……彼氏はいるかな。同じ特務官だよ
あちゃ、と凛は自分の額を叩いた。
あちゃ、と凛は自分の額を叩いた。
凛
凛
言うまでもなく、あんたより優秀なのよね？　当たり前か
言うまでもなく、あんたより優秀なのよね？　当たり前か
秀隆
秀隆
なんで決め付けます？　一応聞いてくれよ
なんで決め付けます？　一応聞いてくれよ
凛
凛
あんたより優秀なの？
あんたより優秀なの？
秀隆
秀隆
優秀です
優秀です
凛
凛
…………
…………
秀隆
秀隆
…………
…………
凛
凛
このやり取り、無駄よね？
このやり取り、無駄よね？
秀隆
秀隆
……かもな……
……かもな……
蹴られた。
蹴られた。
秀隆
秀隆
清純派アイドルが蹴り入れるってどうなんだよ
清純派アイドルが蹴り入れるってどうなんだよ
凛
凛
あんたに清純派気取ったって仕方ないでしょ
あんたに清純派気取ったって仕方ないでしょ
秀隆
秀隆
確かに……
確かに……
凛の性格は嫌と言うほど味わったし、
凛の性格は嫌と言うほど味わったし、
何よりオレは前に、トラブルとは言え裸も見ている。
何よりオレは前に、トラブルとは言え裸も見ている。
裸か……。
裸か……。
凛のおっぱいは、凄かったな。
凛のおっぱいは、凄かったな。
もちろん、あれは許されるべき映像じゃないが、
もちろん、あれは許されるべき映像じゃないが、
オレの脳裏には今も鮮明に焼きついている。
オレの脳裏には今も鮮明に焼きついている。
そのたわわな乳房に手のひらを乗せれば、
そのたわわな乳房に手のひらを乗せれば、
恐らく深く沈みこみこの世のモノとは思えぬ感触を与えてくれるだろう。
恐らく深く沈みこみこの世のモノとは思えぬ感触を与えてくれるだろう。
そしてその大きな乳房に負けないピンク色の乳首。
そしてその大きな乳房に負けないピンク色の乳首。
うっすらと広がる乳輪に舌を這わせ、その突起を
うっすらと広がる乳輪に舌を這わせ、その突起を
秀隆
秀隆
な、なぜ蹴る！？
な、なぜ蹴る！？
凛
凛
蹴られる覚え、あったんじゃない？
蹴られる覚え、あったんじゃない？
秀隆
秀隆
まさかそんな―――はっはっは……
まさかそんな―――はっはっは……
妄想は、家に帰ってからじっくりやることにしよう。
妄想は、家に帰ってからじっくりやることにしよう。
凛
凛
家に帰ってじっくり、って考えてたりして
家に帰ってじっくり、って考えてたりして
秀隆
秀隆
…………
…………
希望
希望
秀隆くんなんか震えてる……ちょっと不気味
秀隆くんなんか震えてる……ちょっと不気味
図星を突かれて恐怖心が震えに現れてしまったようだ。
図星を突かれて恐怖心が震えに現れてしまったようだ。
凛
凛
しっかし、そんな状況なんじゃ、
しっかし、そんな状況なんじゃ、
秀隆に可能性はあるとは思えな……
秀隆に可能性はあるとは思えな……
じーっと凛がオレの顔を見つめてくる。
じーっと凛がオレの顔を見つめてくる。
凛
凛
……全く無い、ってわけじゃ、ないだろうけど……
……全く無い、ってわけじゃ、ないだろうけど……
さらに追い討ちでボロカス言われると思ったが、そうでもないようだった。
さらに追い討ちでボロカス言われると思ったが、そうでもないようだった。
凛
凛
あんたの良さを理解して貰えるなら、ね
あんたの良さを理解して貰えるなら、ね
秀隆
秀隆
どうかな。悪い面ばかり見られてる気がする
どうかな。悪い面ばかり見られてる気がする
秀隆
秀隆
いや、つーかさ、そもそもまだ恋をしてると決め付けるのは早いぞ
いや、つーかさ、そもそもまだ恋をしてると決め付けるのは早いぞ
凛
凛
ドキドキしたりしないわけ？　二人きりになったりして
ドキドキしたりしないわけ？　二人きりになったりして
秀隆
秀隆
ああ。もちろん二人になるのは嫌じゃないけどな
ああ。もちろん二人になるのは嫌じゃないけどな
凛
凛
彼氏と居るところを見たら、心が痛くなったりはしない？
彼氏と居るところを見たら、心が痛くなったりはしない？
秀隆
秀隆
それはない、かな。気にはなるけど
それはない、かな。気にはなるけど
希望の心情的に、そんなところだろう。
希望の心情的に、そんなところだろう。
恋さんと仲良くすることそのものは、賛成のようだし。
恋さんと仲良くすることそのものは、賛成のようだし。
凛
凛
なんか中途半端ね
なんか中途半端ね
秀隆
秀隆
だから相談してるんだよ
だから相談してるんだよ
seコーヒーをテーブルに置く1
seコーヒーをテーブルに置く1
希望
希望
…………
…………
希望はずずっと紅茶を口に含んだ。
希望はずずっと紅茶を口に含んだ。
凛
凛
なんてーかさ、あんたの立ち位置って、ちょっと希望に似てるわよね
なんてーかさ、あんたの立ち位置って、ちょっと希望に似てるわよね
希望
希望
ぶっ！
ぶっ！
秀隆
秀隆
熱ッ！！
熱ッ！！
希望
希望
けほけほ！　……ご、ごめん秀隆くん！
けほけほ！　……ご、ごめん秀隆くん！
希望
希望
なんで私に似てるの！？
なんで私に似てるの！？
珍しく、希望が慌てる。
珍しく、希望が慌てる。
凛
凛
あんたって、別に龍也さんのこと好きじゃないでしょ？
あんたって、別に龍也さんのこと好きじゃないでしょ？
秀隆
秀隆
え？
え？
希望
希望
ええっ！？
ええっ！？
凛
凛
あーいや、語弊がちょっとあるけど。
あーいや、語弊がちょっとあるけど。
なんて言うかただ許婚ってだけじゃない？
なんて言うかただ許婚ってだけじゃない？
凛
凛
親の決めたことに従ってるだけで、異性に恋してるわけじゃないじゃん
親の決めたことに従ってるだけで、異性に恋してるわけじゃないじゃん
希望
希望
そ、そうなのかな？
そ、そうなのかな？
凛
凛
あたしはそう思ってたけど。違うの？
あたしはそう思ってたけど。違うの？
つくづく凛は鋭いヤツだな……。
つくづく凛は鋭いヤツだな……。
オレの話を希望とダブらせるところや、
オレの話を希望とダブらせるところや、
その希望と龍也さんの関係を的確に理解している。
その希望と龍也さんの関係を的確に理解している。
希望
希望
えーっと……
えーっと……
希望
希望
どうなんだろうね？
どうなんだろうね？
ポリポリと頬をかく希望。
ポリポリと頬をかく希望。
凛
凛
なによ
なによ
秀隆
秀隆
ほら、希望は何かと有名人だろ？
ほら、希望は何かと有名人だろ？
その、高坂特務官との微妙な関係が外に漏れたら不味いし
その、高坂特務官との微妙な関係が外に漏れたら不味いし
凛
凛
あたしが誰かに話すと思ってるわけ？
あたしが誰かに話すと思ってるわけ？
秀隆
秀隆
あーいや……
あーいや……
凛
凛
見損なわないでくれる？　友達を困らせることはしないっての
見損なわないでくれる？　友達を困らせることはしないっての
希望
希望
うん、私は最初から信じてるよっ
うん、私は最初から信じてるよっ
おい……。
おい……。
凛から漏れたら嫌だから相談出来ない……。
凛から漏れたら嫌だから相談出来ない……。
つい小一時間前に言ってたことを、忘れたのだろうか。
つい小一時間前に言ってたことを、忘れたのだろうか。
凛
凛
あのさ、もしかしてあんたたち、グル？
あのさ、もしかしてあんたたち、グル？
秀隆
秀隆
グルって何が
グルって何が
希望
希望
……なにが？
……なにが？
凛
凛
生意気にも秀隆は上手く誤魔化してるけど、
生意気にも秀隆は上手く誤魔化してるけど、
希望。あんたさっきからそわそわしすぎ
希望。あんたさっきからそわそわしすぎ
びしっと指を指される。
びしっと指を指される。
凛
凛
落ち着いてられないって感じ、出てるよ
落ち着いてられないって感じ、出てるよ
希望
希望
それはその、秀隆くんの話が生々しいから、ほら
それはその、秀隆くんの話が生々しいから、ほら
凛
凛
どこが生々しいのよ。小学生の恋愛相談レベルじゃない。
どこが生々しいのよ。小学生の恋愛相談レベルじゃない。
普段のあんただったら、もっと食いついてていい話題だし。
普段のあんただったら、もっと食いついてていい話題だし。
もしかして、これって希望の相談を摩り替えてた？
もしかして、これって希望の相談を摩り替えてた？
やっぱり鋭いぞ、こいつ。
やっぱり鋭いぞ、こいつ。
どうもこれ以上誤魔化しきれそうにないな。
どうもこれ以上誤魔化しきれそうにないな。
希望もそれを理解したのか、こう付け足した。
希望もそれを理解したのか、こう付け足した。
希望
希望
今日は私も、凛ちゃんに相談に乗ってもらおうと思ってて……
今日は私も、凛ちゃんに相談に乗ってもらおうと思ってて……
希望
希望
ちょっと龍也さんのことで、分からないことがあってさ
ちょっと龍也さんのことで、分からないことがあってさ
凛は苦笑いしながら、でもしっかりと頷いた。
凛は苦笑いしながら、でもしっかりと頷いた。
凛
凛
いいわよ。あたしに出来るアドバイスなら何でも答えてあげる
いいわよ。あたしに出来るアドバイスなら何でも答えてあげる
秀隆
秀隆
オレと違って、随分優しそうだな……
オレと違って、随分優しそうだな……
凛
凛
当たり前でしょ。なんで秀隆と同じ対応しなきゃいけないわけ？
当たり前でしょ。なんで秀隆と同じ対応しなきゃいけないわけ？
秀隆
秀隆
帰る！
帰る！
凛
凛
とか言いつつ、なんであたしの寝室に足が向くわけ？
とか言いつつ、なんであたしの寝室に足が向くわけ？
秀隆
秀隆
なんでだろうなあ？　オレの足よ
なんでだろうなあ？　オレの足よ
凛
凛
……一瞬でも、コイツにトキめいたあたしって……
……一瞬でも、コイツにトキめいたあたしって……
希望
希望
え？
え？
凛
凛
何でもない。それで、龍也さんとの関係で悩んでるって？
何でもない。それで、龍也さんとの関係で悩んでるって？
希望
希望
うん。その、龍也さんは多分私のことが好きじゃないと思う
うん。その、龍也さんは多分私のことが好きじゃないと思う
凛
凛
こりゃまた随分と……どうしてそう思うわけ？
こりゃまた随分と……どうしてそう思うわけ？
希望
希望
恋さん、って知ってるよね？
恋さん、って知ってるよね？
凛
凛
話したことはないけど、顔くらいは。
話したことはないけど、顔くらいは。
もしかしてその人と出来てる、とか？
もしかしてその人と出来てる、とか？
希望
希望
そこまでは。でも、恋さんを好きなのは間違いないよ
そこまでは。でも、恋さんを好きなのは間違いないよ
希望
希望
前から恋さんを見る目だけ、ちょっと違ってて
前から恋さんを見る目だけ、ちょっと違ってて
希望
希望
ショックは無いんだよ？　でも、どうしていいか分からなくて
ショックは無いんだよ？　でも、どうしていいか分からなくて
凛
凛
婚約を解消したいとか考えちゃう？
婚約を解消したいとか考えちゃう？
希望
希望
うーん……私は、龍也さんと結婚すると思ってた。
うーん……私は、龍也さんと結婚すると思ってた。
それは今も嫌だとは思ってないよ
それは今も嫌だとは思ってないよ
希望
希望
だけど、望んで結婚するのかって聞かれたら、それは嘘になる
だけど、望んで結婚するのかって聞かれたら、それは嘘になる
凛
凛
なるほどね
なるほどね
考えこむような仕草を見せる凛。
考えこむような仕草を見せる凛。
凛
凛
ま、一番早いのは龍也さんの気持ちを確かめることね
ま、一番早いのは龍也さんの気持ちを確かめることね
凛
凛
その恋さんを好きだって言うなら、別れた方がいいだろうし
その恋さんを好きだって言うなら、別れた方がいいだろうし
凛
凛
あんただって他の女性を好きな男と結婚するのは嫌でしょ
あんただって他の女性を好きな男と結婚するのは嫌でしょ
希望
希望
でも龍也さんは優しいから……多分、答えてくれないんじゃないかな
でも龍也さんは優しいから……多分、答えてくれないんじゃないかな
凛
凛
本当の気持ちを隠しながら、あんたと結婚する、ってこと？
本当の気持ちを隠しながら、あんたと結婚する、ってこと？
秀隆
秀隆
それって、なんか嫌じゃないか？
それって、なんか嫌じゃないか？
どっちも好き合ってないのに結婚するってことだろ
どっちも好き合ってないのに結婚するってことだろ
凛
凛
政略結婚なんて、多かれ少なかれ、そう言うものじゃない？
政略結婚なんて、多かれ少なかれ、そう言うものじゃない？
秀隆
秀隆
そうかも知れないが……
そうかも知れないが……
凛
凛
童貞のあんたにはわかんないかもね
童貞のあんたにはわかんないかもね
秀隆
秀隆
童貞じゃねえよ……
童貞じゃねえよ……
凛
凛
あ、初めての相手がプロの場合は素人童貞だから
あ、初めての相手がプロの場合は素人童貞だから
秀隆
秀隆
そう言う意味で言ったんじゃないっての！
そう言う意味で言ったんじゃないっての！
凛
凛
へぇ。じゃあ初体験は誰だったの？　言ってみなさいよ
へぇ。じゃあ初体験は誰だったの？　言ってみなさいよ
秀隆
秀隆
それは……その……
それは……その……
ここで、まどか、だとは言えないしな……。
ここで、まどか、だとは言えないしな……。
秀隆
秀隆
学生の時の同級生だよ
学生の時の同級生だよ
凛
凛
怪しい
怪しい
秀隆
秀隆
うっせぇな。オレのことより希望の話だろ
うっせぇな。オレのことより希望の話だろ
凛
凛
秀隆童貞説は後でするとして……やっぱり直接確かめてみるべきじゃない？
秀隆童貞説は後でするとして……やっぱり直接確かめてみるべきじゃない？
希望
希望
そうかな？
そうかな？
凛
凛
早いうちにはっきりさせないと、困ることになるって絶対
早いうちにはっきりさせないと、困ることになるって絶対
秀隆
秀隆
オレもそれは賛成かな
オレもそれは賛成かな
希望
希望
凛ちゃんがそう言うなら、そうするべきかな
凛ちゃんがそう言うなら、そうするべきかな
秀隆
秀隆
オレも言ってるけどな
オレも言ってるけどな
凛
凛
それがいいって
それがいいって
希望
希望
うん。ありがとう凛ちゃん
うん。ありがとう凛ちゃん
秀隆
秀隆
…………
…………
希望
希望
秀隆くんもありがとう
秀隆くんもありがとう
秀隆
秀隆
別にお礼なんていらねえよ！
別にお礼なんていらねえよ！
凛
凛
泣くほど嬉しいなんて……よっぽど普段あれなのね……
泣くほど嬉しいなんて……よっぽど普段あれなのね……
秀隆
秀隆
どうしてこう、オレは女の子にいじられるのか……
どうしてこう、オレは女の子にいじられるのか……
希望
希望
秀隆くんってそう言うキャラだし
秀隆くんってそう言うキャラだし
凛
凛
卑屈に考えるからダメなのよ。
卑屈に考えるからダメなのよ。
女の子にいじって貰えるのと貰えないの、どっちがいい？
女の子にいじって貰えるのと貰えないの、どっちがいい？
秀隆
秀隆
それは、まぁ……貰えた方がいいけどさ
それは、まぁ……貰えた方がいいけどさ
凛
凛
だったら何も問題ないじゃない
だったら何も問題ないじゃない
秀隆
秀隆
いや、オレとしてはクールなガイと思われたいっつーかさ
いや、オレとしてはクールなガイと思われたいっつーかさ
凛
凛
どこにクールとガイがいるのよ
どこにクールとガイがいるのよ
秀隆
秀隆
おまえの目の前さ
おまえの目の前さ
格好つけて、人差し指をビシッと凛の目の前に突きつけた。
格好つけて、人差し指をビシッと凛の目の前に突きつけた。
凛
凛
あたしの方でそれとなく探ってみようか？　龍也さんのこと
あたしの方でそれとなく探ってみようか？　龍也さんのこと
希望
希望
そんなの凛ちゃんに悪いよ
そんなの凛ちゃんに悪いよ
凛
凛
いいっていいって。友達だもんね
いいっていいって。友達だもんね
希望
希望
……ありがとう
……ありがとう
秀隆
秀隆
はいはい、どうせスルーですよっと。
はいはい、どうせスルーですよっと。
もうオレは必要なさそうだからな、帰るよ
もうオレは必要なさそうだからな、帰るよ
凛
凛
なに言ってんの。あんたも希望のために一肌脱ぎなさい
なに言ってんの。あんたも希望のために一肌脱ぎなさい
凛
凛
休日の快眠ライフを邪魔したんだから、それくらい当然よね
休日の快眠ライフを邪魔したんだから、それくらい当然よね
秀隆
秀隆
え？
え？
秀隆
秀隆
……で、オレに何をさせるつもりだ？
……で、オレに何をさせるつもりだ？
凛
凛
決まってるでしょ。これからあたしと龍也さんに会うのよ
決まってるでしょ。これからあたしと龍也さんに会うのよ
秀隆
秀隆
……は？
……は？
凛
凛
あたし一人で龍也さんに会うなんて、不自然すぎでしょうが。
あたし一人で龍也さんに会うなんて、不自然すぎでしょうが。
その点特務官のあんたが居れば、問題はなくなるでしょ
その点特務官のあんたが居れば、問題はなくなるでしょ
秀隆
秀隆
大有りだよ。なんでオレが高坂特務官に会いに来るんだよ
大有りだよ。なんでオレが高坂特務官に会いに来るんだよ
凛
凛
知らないわよ。その辺はあんたが適当に考えればいいじゃない
知らないわよ。その辺はあんたが適当に考えればいいじゃない
凛
凛
非番の日も、よくカジノに出入りしてるって話みたいだし
非番の日も、よくカジノに出入りしてるって話みたいだし
秀隆
秀隆
希望の情報なら間違いないんだろうけど……
希望の情報なら間違いないんだろうけど……
あまりギャンブルを楽しむような人には見えないんだけどな。
あまりギャンブルを楽しむような人には見えないんだけどな。
凛
凛
いいから黙ってついてくる。あんたはあたしの方針に従ってればいいの
いいから黙ってついてくる。あんたはあたしの方針に従ってればいいの
いつものように身体検査を受け、カジノの中へ。
いつものように身体検査を受け、カジノの中へ。
秀隆
秀隆
休日のカジノは、一際凄い人数だな
休日のカジノは、一際凄い人数だな
まだ時間は午前中だが、辺りは人で埋め尽くされている。
まだ時間は午前中だが、辺りは人で埋め尽くされている。
凛
凛
問題はこの中からどうやって探し出すかね
問題はこの中からどうやって探し出すかね
秀隆
秀隆
それならそれほど難しくは無いかも
それならそれほど難しくは無いかも
凛
凛
そうなの？
そうなの？
オレはカジノ内を巡回する警備員の人に声をかけることにした。
オレはカジノ内を巡回する警備員の人に声をかけることにした。
秀隆
秀隆
すみません、ボディーガードの宮川さんはいらっしゃいますか？
すみません、ボディーガードの宮川さんはいらっしゃいますか？
警備員
警備員
ご用件は何でしょうか？
ご用件は何でしょうか？
秀隆
秀隆
実は本日約束がありまして。
実は本日約束がありまして。
島津が呼んでいるとだけお伝え頂ければ分かるかと思います
島津が呼んでいるとだけお伝え頂ければ分かるかと思います
警備員
警備員
島津様ですね。少々お待ち下さい
島津様ですね。少々お待ち下さい
警備員さんは頷いて、無線に話しかける。
警備員さんは頷いて、無線に話しかける。
警備員
警備員
宮川か、島津様と言う方がお見えになっている
宮川か、島津様と言う方がお見えになっている
秀隆
秀隆
すみません。あちらの席で待ってるとお伝え下さい
すみません。あちらの席で待ってるとお伝え下さい
少し離れた休憩用の席を指差す。
少し離れた休憩用の席を指差す。
警備員
警備員
Ｂフロアの休憩席にて待たれるそうだ。直接向かってくれ
Ｂフロアの休憩席にて待たれるそうだ。直接向かってくれ
秀隆
秀隆
ありがとうございます
ありがとうございます
警備員
警備員
いえ
いえ
凛
凛
ちょ、ちょっとちょっと
ちょ、ちょっとちょっと
秀隆
秀隆
ん？
ん？
休憩場所に足を向けるオレの袖を引くようにして
休憩場所に足を向けるオレの袖を引くようにして
凛は耳元へと口を近づけた。
凛は耳元へと口を近づけた。
凛
凛
約束とか、ほんとにあるわけ？
約束とか、ほんとにあるわけ？
秀隆
秀隆
あるわけないだろ
あるわけないだろ
凛
凛
は、はぁっ？　なに、どう言うことよ。嘘ついたの？
は、はぁっ？　なに、どう言うことよ。嘘ついたの？
秀隆
秀隆
だな
だな
凛
凛
だな、って……どーすんのよ！
だな、って……どーすんのよ！
秀隆
秀隆
別に普通に会えばいいんじゃないか？
別に普通に会えばいいんじゃないか？
秀隆
秀隆
宮川さんは高坂特務官の護衛をやってるから、
宮川さんは高坂特務官の護衛をやってるから、
どこにいるか把握してる可能性は大だぞ
どこにいるか把握してる可能性は大だぞ
凛
凛
大だぞって、あたしが言ってるのは嘘ついて怒られるってことよ！
大だぞって、あたしが言ってるのは嘘ついて怒られるってことよ！
秀隆
秀隆
心配するな。宮川さんには嘘をついたってバレないさ
心配するな。宮川さんには嘘をついたってバレないさ
凛
凛
え？
え？
秀隆
秀隆
警備員さんの無線を聞いたろ？　約束のことは口にしていない
警備員さんの無線を聞いたろ？　約束のことは口にしていない
凛
凛
でも、警備の人が……
でも、警備の人が……
秀隆
秀隆
わざわざ後で、約束はなんだったんだ？　と聞くと思ってるのか？
わざわざ後で、約束はなんだったんだ？　と聞くと思ってるのか？
秀隆
秀隆
警備の人はオレに頼まれて宮川さんに連絡をつけた。
警備の人はオレに頼まれて宮川さんに連絡をつけた。
彼の仕事はそこで終わりだ、それ以上の会話は絶対にない
彼の仕事はそこで終わりだ、それ以上の会話は絶対にない
凛
凛
それは……そうかも知れないけど……
それは……そうかも知れないけど……
凛
凛
それなら最初から宮川さんを呼んでください、でよかったんじゃない？
それなら最初から宮川さんを呼んでください、でよかったんじゃない？
秀隆
秀隆
なんて言って呼ぶんだよ
なんて言って呼ぶんだよ
凛
凛
そりゃ、龍也さんの居場所を知りたいからに決まってるでしょ
そりゃ、龍也さんの居場所を知りたいからに決まってるでしょ
秀隆
秀隆
どうして高坂特務官の居場所を知る必要があるんだ？
どうして高坂特務官の居場所を知る必要があるんだ？
凛
凛
は？　だから、それは希望の
は？　だから、それは希望の
秀隆
秀隆
そんな話を警備員にするのか？　いちいち
そんな話を警備員にするのか？　いちいち
凛
凛
う……
う……
秀隆
秀隆
正直に話しても怪しまれるのがオチ。
正直に話しても怪しまれるのがオチ。
もしくは、何か大事な用件だと嘘をつくしかないだろ？
もしくは、何か大事な用件だと嘘をつくしかないだろ？
秀隆
秀隆
それなら最初から軽く嘘をついておいた方が手間も省ける
それなら最初から軽く嘘をついておいた方が手間も省ける
凛
凛
まぁ、そうか……な……
まぁ、そうか……な……
最初は納得が行ってなかったようだが、意図を理解してくれたようだ。
最初は納得が行ってなかったようだが、意図を理解してくれたようだ。
凛
凛
全然嘘ついてる風には見えなかったわね
全然嘘ついてる風には見えなかったわね
秀隆
秀隆
なんで嘘ついてるってバレるような態度取らなきゃいけないんだ
なんで嘘ついてるってバレるような態度取らなきゃいけないんだ
凛
凛
だって、あんたって分かりやすい性格してるし
だって、あんたって分かりやすい性格してるし
秀隆
秀隆
仕事とプライベートで態度が違うのと同じだ
仕事とプライベートで態度が違うのと同じだ
凛
凛
ふぅん……確かにさっきの相談ごとも、
ふぅん……確かにさっきの相談ごとも、
あんた上手く隠してたか……
あんた上手く隠してたか……
程なくして、宮川さんがやってきた。
程なくして、宮川さんがやってきた。
宮川】※あおい
宮川】※あおい
お待たせしました
お待たせしました
秀隆
秀隆
すみません、およびたてしてしまいまして
すみません、およびたてしてしまいまして
宮川】※あおい
宮川】※あおい
構いません。どうかされましたか？
構いません。どうかされましたか？
秀隆
秀隆
本日、高坂特務官はカジノにお見えになっていますか？
本日、高坂特務官はカジノにお見えになっていますか？
宮川】※あおい
宮川】※あおい
ええ。Ａフロアの方に
ええ。Ａフロアの方に
秀隆
秀隆
もしよろしければ、案内して頂いてもいいですか
もしよろしければ、案内して頂いてもいいですか
宮川】※あおい
宮川】※あおい
お約束が？
お約束が？
秀隆
秀隆
残念ながらアポなしです。仕事ってわけじゃないんです
残念ながらアポなしです。仕事ってわけじゃないんです
宮川】※あおい
宮川】※あおい
それは……
それは……
秀隆
秀隆
高坂特務官には、いつでも遊びに来て下さいと
高坂特務官には、いつでも遊びに来て下さいと
お誘いを受けたことが、以前ありまして。
お誘いを受けたことが、以前ありまして。
お言葉に甘えてしまいました
お言葉に甘えてしまいました
宮川】※あおい
宮川】※あおい
高坂特務官が……そうでしたか
高坂特務官が……そうでしたか
宮川さんは少し考える素振りを見せてから、小さく頷いた。
宮川さんは少し考える素振りを見せてから、小さく頷いた。
宮川】※あおい
宮川】※あおい
ご案内はしますが、その後の判断は高坂特務官次第になります
ご案内はしますが、その後の判断は高坂特務官次第になります
秀隆
秀隆
構いません。ありがとうございます
構いません。ありがとうございます
宮川】※あおい
宮川】※あおい
ではこちらへ
ではこちらへ
宮川】※あおい
宮川】※あおい
高坂特務官
高坂特務官
龍也
龍也
どうしました？　おや、島津くんじゃないですか
どうしました？　おや、島津くんじゃないですか
秀隆
秀隆
どうも。すみません、お休みの日に訪ねてしまいました
どうも。すみません、お休みの日に訪ねてしまいました
龍也
龍也
それは全然大丈夫だよ。寛いでいただけだから
それは全然大丈夫だよ。寛いでいただけだから
言葉通り、高坂特務官はドリンクを片手に椅子に腰掛けていた。
言葉通り、高坂特務官はドリンクを片手に椅子に腰掛けていた。
龍也
龍也
では僕はこれで
では僕はこれで
男性と話していたのか、笑顔で頭を下げる。
男性と話していたのか、笑顔で頭を下げる。
秀隆
秀隆
大丈夫ですか？　もしあれでしたら、お待ちしてますが
大丈夫ですか？　もしあれでしたら、お待ちしてますが
龍也
龍也
世間話をしていただけだよ。
世間話をしていただけだよ。
僕は休日、よくカジノでお客さんと話をしてるから
僕は休日、よくカジノでお客さんと話をしてるから
秀隆
秀隆
仕事、ですか
仕事、ですか
龍也
龍也
まさか。人と話すのが好きなだけさ
まさか。人と話すのが好きなだけさ
龍也
龍也
それで僕に何か用かな？
それで僕に何か用かな？
秀隆
秀隆
えーっとですね……
えーっとですね……
オレはツン、と凛の肩を肘でつついた。
オレはツン、と凛の肩を肘でつついた。
凛はあたし！？と言った表情を見せたので、しっかりと頷いておいた。
凛はあたし！？と言った表情を見せたので、しっかりと頷いておいた。
龍也
龍也
おや、珍しい方と一緒ですね
おや、珍しい方と一緒ですね
凛
凛
ご無沙汰してました、龍也さん
ご無沙汰してました、龍也さん
龍也
龍也
お久しぶりです。島津くんと知り合いでしたか
お久しぶりです。島津くんと知り合いでしたか
凛
凛
知り合いと言うか腐れ関係と言うか
知り合いと言うか腐れ関係と言うか
秀隆
秀隆
腐れ関係て……
腐れ関係て……
龍也
龍也
それで、二人で僕に何か？
それで、二人で僕に何か？
凛
凛
その
その
さすがの凛も直接聞きづらいのか、戸惑っているようだった。
さすがの凛も直接聞きづらいのか、戸惑っているようだった。
凛
凛
龍也さんと希望の関係……
龍也さんと希望の関係……
龍也
龍也
ん？
ん？
凛
凛
そう、二人って凄く仲がいいですけど、その秘訣は何かな～と
そう、二人って凄く仲がいいですけど、その秘訣は何かな～と
龍也
龍也
ははは、そんなことを聞きにわざわざ？
ははは、そんなことを聞きにわざわざ？
凛
凛
希望に聞いても、恥ずかしがって教えてくれなくて。
希望に聞いても、恥ずかしがって教えてくれなくて。
あたしも芸能界にいると、そう言うことも敏感になるって言うか
あたしも芸能界にいると、そう言うことも敏感になるって言うか
龍也
龍也
気になる人でもいるのかい？
気になる人でもいるのかい？
凛
凛
そんなところです
そんなところです
どうやら直接聞けないので、ぐるりと迂回していく選択を取った様子。
どうやら直接聞けないので、ぐるりと迂回していく選択を取った様子。
龍也
龍也
でも秘訣と言われても、僕も希望ちゃんも自然に接してるだけだよ
でも秘訣と言われても、僕も希望ちゃんも自然に接してるだけだよ
龍也
龍也
僕が忙しくて、中々デートも出来ないんだけどね
僕が忙しくて、中々デートも出来ないんだけどね
凛
凛
デートって、どう言う場所に行ったりするんですか？
デートって、どう言う場所に行ったりするんですか？
龍也
龍也
その辺を歩いたり、映画館に行ったり。普通のことさ
その辺を歩いたり、映画館に行ったり。普通のことさ
凛
凛
へえ
へえ
凛はそれ以降、中々切り出せず日常話を続けている。
凛はそれ以降、中々切り出せず日常話を続けている。
やがて困り果てたのか、さり気なくオレへと視線を送ってきた。
やがて困り果てたのか、さり気なくオレへと視線を送ってきた。
どうやら早くも限界らしい。
どうやら早くも限界らしい。
少し助け舟を出すことにするか。
少し助け舟を出すことにするか。
秀隆
秀隆
いやーでも高坂特務官は凄いですよ
いやーでも高坂特務官は凄いですよ
龍也
龍也
凄い？　僕が？
凄い？　僕が？
秀隆
秀隆
自分が高坂特務官の立場だったら、
自分が高坂特務官の立場だったら、
多分そんな風には居られないって言うか
多分そんな風には居られないって言うか
秀隆
秀隆
他にも言い寄ってくる女性、多いんじゃないですか？
他にも言い寄ってくる女性、多いんじゃないですか？
龍也
龍也
そんなことはないさ。全然モテないよ
そんなことはないさ。全然モテないよ
秀隆
秀隆
いやいや、高坂特務官がモテることは、他方から聞いてます
いやいや、高坂特務官がモテることは、他方から聞いてます
秀隆
秀隆
オレだったら許婚が居ても、多分我慢できないかなぁ
オレだったら許婚が居ても、多分我慢できないかなぁ
龍也
龍也
僕には希望ちゃんより素敵な女性を探す方が大変だと思うよ
僕には希望ちゃんより素敵な女性を探す方が大変だと思うよ
秀隆
秀隆
……さすがに言うことが違いますね、高坂特務官は
……さすがに言うことが違いますね、高坂特務官は
それからも、オレはダラダラと高坂特務官と雑談を続けた。
それからも、オレはダラダラと高坂特務官と雑談を続けた。
龍也
龍也
ごめん。そろそろ行くことにするよ
ごめん。そろそろ行くことにするよ
秀隆
秀隆
すみません、休日に押しかけてしまって
すみません、休日に押しかけてしまって
龍也
龍也
じゃあね
じゃあね
凛
凛
希望の思い過ごしなんじゃない？
希望の思い過ごしなんじゃない？
はっきり言って、ただお惚気られただけな気がする
はっきり言って、ただお惚気られただけな気がする
凛
凛
後ろめたいことがあれば、挙動に現れそうなものだし
後ろめたいことがあれば、挙動に現れそうなものだし
秀隆
秀隆
どうかな。オレには結論保留としか言えない
どうかな。オレには結論保留としか言えない
凛
凛
どう言うことよ。不自然な点なんてなかったけど
どう言うことよ。不自然な点なんてなかったけど
秀隆
秀隆
当たり前だ。あの程度のことで高坂特務官がボロを出すわけないだろ
当たり前だ。あの程度のことで高坂特務官がボロを出すわけないだろ
秀隆
秀隆
挙動に現れればと期待したけど、何も無しだ
挙動に現れればと期待したけど、何も無しだ
秀隆
秀隆
ただ、強いて、それもかなり強引にだが、
ただ、強いて、それもかなり強引にだが、
高坂特務官の言い回しが途中で変わったのは気になる
高坂特務官の言い回しが途中で変わったのは気になる
凛
凛
言い回し？
言い回し？
秀隆
秀隆
高坂特務官は、一度だけ『思う』と言う言葉を使った。
高坂特務官は、一度だけ『思う』と言う言葉を使った。
それも、希望より素敵な女性を探す、と言う会話の時にね
それも、希望より素敵な女性を探す、と言う会話の時にね
秀隆
秀隆
思う』って言葉には決心や決意の意もあるけど、
思う』って言葉には決心や決意の意もあるけど、
怪しんだり疑ったりするって意も含んでいる言葉だ
怪しんだり疑ったりするって意も含んでいる言葉だ
秀隆
秀隆
もし自分の中に何か、言葉の決意を揺るがせるものがあったなら、
もし自分の中に何か、言葉の決意を揺るがせるものがあったなら、
自然とそんな言葉が出てきてしまってもおかしくはない
自然とそんな言葉が出てきてしまってもおかしくはない
凛
凛
そんなの、たまたまなんじゃないの？
そんなの、たまたまなんじゃないの？
思う、なんて日常生活で言っちゃうことはたくさんあるし
思う、なんて日常生活で言っちゃうことはたくさんあるし
秀隆
秀隆
そりゃそうさ。こんなの殆ど言いがかりレベル。
そりゃそうさ。こんなの殆ど言いがかりレベル。
それこそ何気ない会話だったら絶対に意識にも止めてないさ
それこそ何気ない会話だったら絶対に意識にも止めてないさ
秀隆
秀隆
そんなところでも突かなきゃ、隙がないってこと
そんなところでも突かなきゃ、隙がないってこと
凛
凛
……なるほど
……なるほど
秀隆
秀隆
希望から話を聞いてなきゃ９９％白だよ、高坂特務官は
希望から話を聞いてなきゃ９９％白だよ、高坂特務官は
凛
凛
どうするの？
どうするの？
秀隆
秀隆
おまえが決めるんじゃないのか？　方針は
おまえが決めるんじゃないのか？　方針は
凛
凛
うるさいわね……いいから答えなさいよ
うるさいわね……いいから答えなさいよ
秀隆
秀隆
恋さんと直接会って話せるのがベストなんだけど。
恋さんと直接会って話せるのがベストなんだけど。
でも、そこまでの行為を希望が望むとは思えないよな
でも、そこまでの行為を希望が望むとは思えないよな
凛
凛
そうね……。思い切って直接聞けばよかったわ
そうね……。思い切って直接聞けばよかったわ
秀隆
秀隆
聞いたところで結果は変わらなかったさ
聞いたところで結果は変わらなかったさ
直接だろうと、遠まわしだろうと、高坂特務官は絶対に悟られない。
直接だろうと、遠まわしだろうと、高坂特務官は絶対に悟られない。
自分のリスクになることを教えるわけが無いからな。
自分のリスクになることを教えるわけが無いからな。
秀隆
秀隆
いやむしろ、直接聞かなかったからこそ、
いやむしろ、直接聞かなかったからこそ、
１％の取っ掛かりを得られたとも言えるかも知れない
１％の取っ掛かりを得られたとも言えるかも知れない
正攻法に行けば、毛ほどの隙も見せなかっただろう。
正攻法に行けば、毛ほどの隙も見せなかっただろう。
凛
凛
……そっか
……そっか
凛
凛
結局、希望の憶測だけになっちゃうわけ？
結局、希望の憶測だけになっちゃうわけ？
想いあってないのに一緒になるって納得できない
想いあってないのに一緒になるって納得できない
凛
凛
そりゃ勝手なお節介ではあるけど、
そりゃ勝手なお節介ではあるけど、
希望自身が今の状況に不満を感じてる。それはわかった
希望自身が今の状況に不満を感じてる。それはわかった
凛
凛
あたしは、あの子が答えを見つけられるように何かしてあげたいの
あたしは、あの子が答えを見つけられるように何かしてあげたいの
秀隆
秀隆
友達だから、か？
友達だから、か？
凛
凛
…………
…………
凛は、何か考えるような表情を見せた後、頷いた。
凛は、何か考えるような表情を見せた後、頷いた。
凛
凛
そう言うこと
そう言うこと
凛の気持ちは分からないでもない。
凛の気持ちは分からないでもない。
でも、希望の気持ちが分からないわけでもない。
でも、希望の気持ちが分からないわけでもない。
少なくとも今は、希望は婚約を嫌だと思っていない。
少なくとも今は、希望は婚約を嫌だと思っていない。
そして、それは高坂特務官が取り止めを切り出さない限り、
そして、それは高坂特務官が取り止めを切り出さない限り、
希望はどんな感情であっても彼と結婚する道を選ぶだろう。
希望はどんな感情であっても彼と結婚する道を選ぶだろう。
あくまでも、オレがそれを感じているだけに過ぎないが。
あくまでも、オレがそれを感じているだけに過ぎないが。
秀隆
秀隆
けどな、どこまで踏み込むべきかは慎重に見極める必要がある
けどな、どこまで踏み込むべきかは慎重に見極める必要がある
凛
凛
わかってるわよ
わかってるわよ
秀隆
秀隆
さてと……
さてと……
これからどうするかな……。
これからどうするかな……。
秀隆
秀隆
オレはもう少しここでゆっくりしていくよ
オレはもう少しここでゆっくりしていくよ
凛
凛
じゃあ、あたしは家に帰って寝ることにするわ
じゃあ、あたしは家に帰って寝ることにするわ
秀隆
秀隆
悪かったな、休んでた日に押しかけて
悪かったな、休んでた日に押しかけて
凛
凛
希望のことじゃ怒るわけにはいかないでしょ
希望のことじゃ怒るわけにはいかないでしょ
それじゃあね、と凛は一人帰って行った。
それじゃあね、と凛は一人帰って行った。
カジノ内に戻ったオレは、希望を呼び出し来るのを待った。
カジノ内に戻ったオレは、希望を呼び出し来るのを待った。
希望
希望
秀隆くん
秀隆くん
秀隆
秀隆
悪いな
悪いな
希望
希望
ううん。龍也さんには会えたの？
ううん。龍也さんには会えたの？
秀隆
秀隆
ああ。ちょっとだけだけど話をしたよ
ああ。ちょっとだけだけど話をしたよ
希望
希望
そっか……。それで、どうだった？
そっか……。それで、どうだった？
秀隆
秀隆
希望が一番分かってると思うが、
希望が一番分かってると思うが、
オレたちの前で簡単に話すタイプじゃないさ
オレたちの前で簡単に話すタイプじゃないさ
希望
希望
あはは、だよねぇ
あはは、だよねぇ
秀隆
秀隆
恋さんと居る時の高坂特務官でも見れば、
恋さんと居る時の高坂特務官でも見れば、
他の女性と違う接し方をしてることに気付くかも知れないけどな
他の女性と違う接し方をしてることに気付くかも知れないけどな
秀隆
秀隆
……って、あんまり良い内容の話とはいえないよな
……って、あんまり良い内容の話とはいえないよな
希望
希望
どうして？　私は気にしないよ？　ただ龍也さんの本心が知りたいだけだし
どうして？　私は気にしないよ？　ただ龍也さんの本心が知りたいだけだし
秀隆
秀隆
ならいいんだけどさ
ならいいんだけどさ
本来なら、色々と問題のある話だけに慎重にならざるを得ない。
本来なら、色々と問題のある話だけに慎重にならざるを得ない。
どうしたもんかなぁ。
どうしたもんかなぁ。
解決の糸口が掴めないまま、この日は終了した。
解決の糸口が掴めないまま、この日は終了した。
…………。
…………。
……。
……。
